<?xml version="1.0" encoding="utf-8"?><testsuite errors="0" failures="0" name="pytest" skips="6355" tests="12711" time="1125.526"><testcase classname="src.pymortests.affine_grid" file="src/pymortests/affine_grid.py" line="24" name="test_reference_element_wrong_arguments[&lt;lambda&gt;0]" time="0.0010876655578613281"><skipped message="Suite splitting in effect" type="pytest.skip">src/pymortests/affine_grid.py:24: Suite splitting in effect</skipped></testcase><testcase classname="src.pymortests.affine_grid" file="src/pymortests/affine_grid.py" line="24" name="test_reference_element_wrong_arguments[&lt;lambda&gt;1]" time="0.00048065185546875"><skipped message="Suite splitting in effect" type="pytest.skip">src/pymortests/affine_grid.py:24: Suite splitting in effect</skipped></testcase><testcase classname="src.pymortests.affine_grid" file="src/pymortests/affine_grid.py" line="24" name="test_reference_element_wrong_arguments[&lt;lambda&gt;2]" time="0.00045371055603027344"><skipped message="Suite splitting in effect" type="pytest.skip">src/pymortests/affine_grid.py:24: Suite splitting in effect</skipped></testcase><testcase classname="src.pymortests.affine_grid" file="src/pymortests/affine_grid.py" line="24" name="test_reference_element_wrong_arguments[&lt;lambda&gt;3]" time="0.0004444122314453125"><skipped message="Suite splitting in effect" type="pytest.skip">src/pymortests/affine_grid.py:24: Suite splitting in effect</skipped></testcase><testcase classname="src.pymortests.affine_grid" file="src/pymortests/affine_grid.py" line="24" name="test_reference_element_wrong_arguments[&lt;lambda&gt;4]" time="0.0004146099090576172"><skipped message="Suite splitting in effect" type="pytest.skip">src/pymortests/affine_grid.py:24: Suite splitting in effect</skipped></testcase><testcase classname="src.pymortests.affine_grid" file="src/pymortests/affine_grid.py" line="24" name="test_reference_element_wrong_arguments[&lt;lambda&gt;5]" time="0.0004665851593017578"><skipped message="Suite splitting in effect" type="pytest.skip">src/pymortests/affine_grid.py:24: Suite splitting in effect</skipped></testcase><testcase classname="src.pymortests.affine_grid" file="src/pymortests/affine_grid.py" line="24" name="test_reference_element_wrong_arguments[&lt;lambda&gt;6]" time="0.0004055500030517578"><skipped message="Suite splitting in effect" type="pytest.skip">src/pymortests/affine_grid.py:24: Suite splitting in effect</skipped></testcase><testcase classname="src.pymortests.affine_grid" file="src/pymortests/affine_grid.py" line="24" name="test_reference_element_wrong_arguments[&lt;lambda&gt;7]" time="0.0004360675811767578"><skipped message="Suite splitting in effect" type="pytest.skip">src/pymortests/affine_grid.py:24: Suite splitting in effect</skipped></testcase><testcase classname="src.pymortests.affine_grid" file="src/pymortests/affine_grid.py" line="24" name="test_reference_element_wrong_arguments[&lt;lambda&gt;8]" time="0.00041794776916503906"><skipped message="Suite splitting in effect" type="pytest.skip">src/pymortests/affine_grid.py:24: Suite splitting in effect</skipped></testcase><testcase classname="src.pymortests.affine_grid" file="src/pymortests/affine_grid.py" line="24" name="test_reference_element_wrong_arguments[&lt;lambda&gt;9]" time="0.00044226646423339844"><skipped message="Suite splitting in effect" type="pytest.skip">src/pymortests/affine_grid.py:24: Suite splitting in effect</skipped></testcase><testcase classname="src.pymortests.affine_grid" file="src/pymortests/affine_grid.py" line="24" name="test_reference_element_wrong_arguments[&lt;lambda&gt;10]" time="0.00040340423583984375"><skipped message="Suite splitting in effect" type="pytest.skip">src/pymortests/affine_grid.py:24: Suite splitting in effect</skipped></testcase><testcase classname="src.pymortests.affine_grid" file="src/pymortests/affine_grid.py" line="24" name="test_reference_element_wrong_arguments[&lt;lambda&gt;11]" time="0.0004417896270751953"><skipped message="Suite splitting in effect" type="pytest.skip">src/pymortests/affine_grid.py:24: Suite splitting in effect</skipped></testcase><testcase classname="src.pymortests.affine_grid" file="src/pymortests/affine_grid.py" line="24" name="test_reference_element_wrong_arguments[&lt;lambda&gt;12]" time="0.0004467964172363281"><skipped message="Suite splitting in effect" type="pytest.skip">src/pymortests/affine_grid.py:24: Suite splitting in effect</skipped></testcase><testcase classname="src.pymortests.affine_grid" file="src/pymortests/affine_grid.py" line="24" name="test_reference_element_wrong_arguments[&lt;lambda&gt;13]" time="0.0004143714904785156"><skipped message="Suite splitting in effect" type="pytest.skip">src/pymortests/affine_grid.py:24: Suite splitting in effect</skipped></testcase><testcase classname="src.pymortests.affine_grid" file="src/pymortests/affine_grid.py" line="24" name="test_reference_element_wrong_arguments[&lt;lambda&gt;14]" time="0.00042939186096191406"><skipped message="Suite splitting in effect" type="pytest.skip">src/pymortests/affine_grid.py:24: Suite splitting in effect</skipped></testcase><testcase classname="src.pymortests.affine_grid" file="src/pymortests/affine_grid.py" line="24" name="test_reference_element_wrong_arguments[&lt;lambda&gt;15]" time="0.0004124641418457031"><skipped message="Suite splitting in effect" type="pytest.skip">src/pymortests/affine_grid.py:24: Suite splitting in effect</skipped></testcase><testcase classname="src.pymortests.affine_grid" file="src/pymortests/affine_grid.py" line="24" name="test_reference_element_wrong_arguments[&lt;lambda&gt;16]" time="0.0004239082336425781"><skipped message="Suite splitting in effect" type="pytest.skip">src/pymortests/affine_grid.py:24: Suite splitting in effect</skipped></testcase><testcase classname="src.pymortests.affine_grid" file="src/pymortests/affine_grid.py" line="24" name="test_reference_element_wrong_arguments[&lt;lambda&gt;17]" time="0.00041866302490234375"><skipped message="Suite splitting in effect" type="pytest.skip">src/pymortests/affine_grid.py:24: Suite splitting in effect</skipped></testcase><testcase classname="src.pymortests.affine_grid" file="src/pymortests/affine_grid.py" line="24" name="test_reference_element_wrong_arguments[&lt;lambda&gt;18]" time="0.0004324913024902344"><skipped message="Suite splitting in effect" type="pytest.skip">src/pymortests/affine_grid.py:24: Suite splitting in effect</skipped></testcase><testcase classname="src.pymortests.affine_grid" file="src/pymortests/affine_grid.py" line="24" name="test_reference_element_wrong_arguments[&lt;lambda&gt;19]" time="0.00043082237243652344"><skipped message="Suite splitting in effect" type="pytest.skip">src/pymortests/affine_grid.py:24: Suite splitting in effect</skipped></testcase><testcase classname="src.pymortests.affine_grid" file="src/pymortests/affine_grid.py" line="24" name="test_reference_element_wrong_arguments[&lt;lambda&gt;20]" time="0.00041556358337402344"><skipped message="Suite splitting in effect" type="pytest.skip">src/pymortests/affine_grid.py:24: Suite splitting in effect</skipped></testcase><testcase classname="src.pymortests.affine_grid" file="src/pymortests/affine_grid.py" line="24" name="test_reference_element_wrong_arguments[&lt;lambda&gt;21]" time="0.00043463706970214844"><skipped message="Suite splitting in effect" type="pytest.skip">src/pymortests/affine_grid.py:24: Suite splitting in effect</skipped></testcase><testcase classname="src.pymortests.affine_grid" file="src/pymortests/affine_grid.py" line="24" name="test_reference_element_wrong_arguments[&lt;lambda&gt;22]" time="0.0004184246063232422"><skipped message="Suite splitting in effect" type="pytest.skip">src/pymortests/affine_grid.py:24: Suite splitting in effect</skipped></testcase><testcase classname="src.pymortests.affine_grid" file="src/pymortests/affine_grid.py" line="24" name="test_reference_element_wrong_arguments[&lt;lambda&gt;23]" time="0.0004405975341796875"><skipped message="Suite splitting in effect" type="pytest.skip">src/pymortests/affine_grid.py:24: Suite splitting in effect</skipped></testcase><testcase classname="src.pymortests.affine_grid" file="src/pymortests/affine_grid.py" line="24" name="test_reference_element_wrong_arguments[&lt;lambda&gt;24]" time="0.0004260540008544922"><skipped message="Suite splitting in effect" type="pytest.skip">src/pymortests/affine_grid.py:24: Suite splitting in effect</skipped></testcase><testcase classname="src.pymortests.affine_grid" file="src/pymortests/affine_grid.py" line="24" name="test_reference_element_wrong_arguments[&lt;lambda&gt;25]" time="0.0004992485046386719"><skipped message="Suite splitting in effect" type="pytest.skip">src/pymortests/affine_grid.py:24: Suite splitting in effect</skipped></testcase><testcase classname="src.pymortests.affine_grid" file="src/pymortests/affine_grid.py" line="24" name="test_reference_element_wrong_arguments[&lt;lambda&gt;26]" time="0.0004477500915527344"><skipped message="Suite splitting in effect" type="pytest.skip">src/pymortests/affine_grid.py:24: Suite splitting in effect</skipped></testcase><testcase classname="src.pymortests.affine_grid" file="src/pymortests/affine_grid.py" line="24" name="test_reference_element_wrong_arguments[&lt;lambda&gt;27]" time="0.0004467964172363281"><skipped message="Suite splitting in effect" type="pytest.skip">src/pymortests/affine_grid.py:24: Suite splitting in effect</skipped></testcase><testcase classname="src.pymortests.affine_grid" file="src/pymortests/affine_grid.py" line="24" name="test_reference_element_wrong_arguments[&lt;lambda&gt;28]" time="0.0004093647003173828"><skipped message="Suite splitting in effect" type="pytest.skip">src/pymortests/affine_grid.py:24: Suite splitting in effect</skipped></testcase><testcase classname="src.pymortests.affine_grid" file="src/pymortests/affine_grid.py" line="24" name="test_reference_element_wrong_arguments[&lt;lambda&gt;29]" time="0.00043773651123046875"><skipped message="Suite splitting in effect" type="pytest.skip">src/pymortests/affine_grid.py:24: Suite splitting in effect</skipped></testcase><testcase classname="src.pymortests.affine_grid" file="src/pymortests/affine_grid.py" line="24" name="test_reference_element_wrong_arguments[&lt;lambda&gt;30]" time="0.0004277229309082031"><skipped message="Suite splitting in effect" type="pytest.skip">src/pymortests/affine_grid.py:24: Suite splitting in effect</skipped></testcase><testcase classname="src.pymortests.affine_grid" file="src/pymortests/affine_grid.py" line="24" name="test_reference_element_wrong_arguments[&lt;lambda&gt;31]" time="0.00041222572326660156"><skipped message="Suite splitting in effect" type="pytest.skip">src/pymortests/affine_grid.py:24: Suite splitting in effect</skipped></testcase><testcase classname="src.pymortests.affine_grid" file="src/pymortests/affine_grid.py" line="24" name="test_reference_element_wrong_arguments[&lt;lambda&gt;32]" time="0.00045609474182128906"><skipped message="Suite splitting in effect" type="pytest.skip">src/pymortests/affine_grid.py:24: Suite splitting in effect</skipped></testcase><testcase classname="src.pymortests.affine_grid" file="src/pymortests/affine_grid.py" line="24" name="test_reference_element_wrong_arguments[&lt;lambda&gt;33]" time="0.0004239082336425781"><skipped message="Suite splitting in effect" type="pytest.skip">src/pymortests/affine_grid.py:24: Suite splitting in effect</skipped></testcase><testcase classname="src.pymortests.affine_grid" file="src/pymortests/affine_grid.py" line="24" name="test_reference_element_wrong_arguments[&lt;lambda&gt;34]" time="0.0004134178161621094"><skipped message="Suite splitting in effect" type="pytest.skip">src/pymortests/affine_grid.py:24: Suite splitting in effect</skipped></testcase><testcase classname="src.pymortests.affine_grid" file="src/pymortests/affine_grid.py" line="24" name="test_reference_element_wrong_arguments[&lt;lambda&gt;35]" time="0.0004189014434814453"><skipped message="Suite splitting in effect" type="pytest.skip">src/pymortests/affine_grid.py:24: Suite splitting in effect</skipped></testcase><testcase classname="src.pymortests.affine_grid" file="src/pymortests/affine_grid.py" line="24" name="test_reference_element_wrong_arguments[&lt;lambda&gt;36]" time="0.00043082237243652344"><skipped message="Suite splitting in effect" type="pytest.skip">src/pymortests/affine_grid.py:24: Suite splitting in effect</skipped></testcase><testcase classname="src.pymortests.affine_grid" file="src/pymortests/affine_grid.py" line="24" name="test_reference_element_wrong_arguments[&lt;lambda&gt;37]" time="0.0003981590270996094"><skipped message="Suite splitting in effect" type="pytest.skip">src/pymortests/affine_grid.py:24: Suite splitting in effect</skipped></testcase><testcase classname="src.pymortests.affine_grid" file="src/pymortests/affine_grid.py" line="24" name="test_reference_element_wrong_arguments[&lt;lambda&gt;38]" time="0.0004372596740722656"><skipped message="Suite splitting in effect" type="pytest.skip">src/pymortests/affine_grid.py:24: Suite splitting in effect</skipped></testcase><testcase classname="src.pymortests.affine_grid" file="src/pymortests/affine_grid.py" line="24" name="test_reference_element_wrong_arguments[&lt;lambda&gt;39]" time="0.00042438507080078125"><skipped message="Suite splitting in effect" type="pytest.skip">src/pymortests/affine_grid.py:24: Suite splitting in effect</skipped></testcase><testcase classname="src.pymortests.affine_grid" file="src/pymortests/affine_grid.py" line="24" name="test_reference_element_wrong_arguments[&lt;lambda&gt;40]" time="0.00043129920959472656"><skipped message="Suite splitting in effect" type="pytest.skip">src/pymortests/affine_grid.py:24: Suite splitting in effect</skipped></testcase><testcase classname="src.pymortests.affine_grid" file="src/pymortests/affine_grid.py" line="24" name="test_reference_element_wrong_arguments[&lt;lambda&gt;41]" time="0.00040268898010253906"><skipped message="Suite splitting in effect" type="pytest.skip">src/pymortests/affine_grid.py:24: Suite splitting in effect</skipped></testcase><testcase classname="src.pymortests.affine_grid" file="src/pymortests/affine_grid.py" line="24" name="test_reference_element_wrong_arguments[&lt;lambda&gt;42]" time="0.0004169940948486328"><skipped message="Suite splitting in effect" type="pytest.skip">src/pymortests/affine_grid.py:24: Suite splitting in effect</skipped></testcase><testcase classname="src.pymortests.affine_grid" file="src/pymortests/affine_grid.py" line="32" name="test_reference_element_type[&lt;lambda&gt;0]" time="0.0004363059997558594"><skipped message="Suite splitting in effect" type="pytest.skip">src/pymortests/affine_grid.py:32: Suite splitting in effect</skipped></testcase><testcase classname="src.pymortests.affine_grid" file="src/pymortests/affine_grid.py" line="32" name="test_reference_element_type[&lt;lambda&gt;1]" time="0.0004150867462158203"><skipped message="Suite splitting in effect" type="pytest.skip">src/pymortests/affine_grid.py:32: Suite splitting in effect</skipped></testcase><testcase classname="src.pymortests.affine_grid" file="src/pymortests/affine_grid.py" line="32" name="test_reference_element_type[&lt;lambda&gt;2]" time="0.0007300376892089844"><skipped message="Suite splitting in effect" type="pytest.skip">src/pymortests/affine_grid.py:32: Suite splitting in effect</skipped></testcase><testcase classname="src.pymortests.affine_grid" file="src/pymortests/affine_grid.py" line="32" name="test_reference_element_type[&lt;lambda&gt;3]" time="0.0004048347473144531"><skipped message="Suite splitting in effect" type="pytest.skip">src/pymortests/affine_grid.py:32: Suite splitting in effect</skipped></testcase><testcase classname="src.pymortests.affine_grid" file="src/pymortests/affine_grid.py" line="32" name="test_reference_element_type[&lt;lambda&gt;4]" time="0.00046944618225097656"><skipped message="Suite splitting in effect" type="pytest.skip">src/pymortests/affine_grid.py:32: Suite splitting in effect</skipped></testcase><testcase classname="src.pymortests.affine_grid" file="src/pymortests/affine_grid.py" line="32" name="test_reference_element_type[&lt;lambda&gt;5]" time="0.00039958953857421875"><skipped message="Suite splitting in effect" type="pytest.skip">src/pymortests/affine_grid.py:32: Suite splitting in effect</skipped></testcase><testcase classname="src.pymortests.affine_grid" file="src/pymortests/affine_grid.py" line="32" name="test_reference_element_type[&lt;lambda&gt;6]" time="0.0004830360412597656"><skipped message="Suite splitting in effect" type="pytest.skip">src/pymortests/affine_grid.py:32: Suite splitting in effect</skipped></testcase><testcase classname="src.pymortests.affine_grid" file="src/pymortests/affine_grid.py" line="32" name="test_reference_element_type[&lt;lambda&gt;7]" time="0.0003998279571533203"><skipped message="Suite splitting in effect" type="pytest.skip">src/pymortests/affine_grid.py:32: Suite splitting in effect</skipped></testcase><testcase classname="src.pymortests.affine_grid" file="src/pymortests/affine_grid.py" line="32" name="test_reference_element_type[&lt;lambda&gt;8]" time="0.0004515647888183594"><skipped message="Suite splitting in effect" type="pytest.skip">src/pymortests/affine_grid.py:32: Suite splitting in effect</skipped></testcase><testcase classname="src.pymortests.affine_grid" file="src/pymortests/affine_grid.py" line="32" name="test_reference_element_type[&lt;lambda&gt;9]" time="0.0004076957702636719"><skipped message="Suite splitting in effect" type="pytest.skip">src/pymortests/affine_grid.py:32: Suite splitting in effect</skipped></testcase><testcase classname="src.pymortests.affine_grid" file="src/pymortests/affine_grid.py" line="32" name="test_reference_element_type[&lt;lambda&gt;10]" time="0.0004932880401611328"><skipped message="Suite splitting in effect" type="pytest.skip">src/pymortests/affine_grid.py:32: Suite splitting in effect</skipped></testcase><testcase classname="src.pymortests.affine_grid" file="src/pymortests/affine_grid.py" line="32" name="test_reference_element_type[&lt;lambda&gt;11]" time="0.00042128562927246094"><skipped message="Suite splitting in effect" type="pytest.skip">src/pymortests/affine_grid.py:32: Suite splitting in effect</skipped></testcase><testcase classname="src.pymortests.affine_grid" file="src/pymortests/affine_grid.py" line="32" name="test_reference_element_type[&lt;lambda&gt;12]" time="0.0004436969757080078"><skipped message="Suite splitting in effect" type="pytest.skip">src/pymortests/affine_grid.py:32: Suite splitting in effect</skipped></testcase><testcase classname="src.pymortests.affine_grid" file="src/pymortests/affine_grid.py" line="32" name="test_reference_element_type[&lt;lambda&gt;13]" time="0.0004303455352783203"><skipped message="Suite splitting in effect" type="pytest.skip">src/pymortests/affine_grid.py:32: Suite splitting in effect</skipped></testcase><testcase classname="src.pymortests.affine_grid" file="src/pymortests/affine_grid.py" line="32" name="test_reference_element_type[&lt;lambda&gt;14]" time="0.0004260540008544922"><skipped message="Suite splitting in effect" type="pytest.skip">src/pymortests/affine_grid.py:32: Suite splitting in effect</skipped></testcase><testcase classname="src.pymortests.affine_grid" file="src/pymortests/affine_grid.py" line="32" name="test_reference_element_type[&lt;lambda&gt;15]" time="0.0004279613494873047"><skipped message="Suite splitting in effect" type="pytest.skip">src/pymortests/affine_grid.py:32: Suite splitting in effect</skipped></testcase><testcase classname="src.pymortests.affine_grid" file="src/pymortests/affine_grid.py" line="32" name="test_reference_element_type[&lt;lambda&gt;16]" time="0.0004134178161621094"><skipped message="Suite splitting in effect" type="pytest.skip">src/pymortests/affine_grid.py:32: Suite splitting in effect</skipped></testcase><testcase classname="src.pymortests.affine_grid" file="src/pymortests/affine_grid.py" line="32" name="test_reference_element_type[&lt;lambda&gt;17]" time="0.0006802082061767578"><skipped message="Suite splitting in effect" type="pytest.skip">src/pymortests/affine_grid.py:32: Suite splitting in effect</skipped></testcase><testcase classname="src.pymortests.affine_grid" file="src/pymortests/affine_grid.py" line="32" name="test_reference_element_type[&lt;lambda&gt;18]" time="0.0004000663757324219"><skipped message="Suite splitting in effect" type="pytest.skip">src/pymortests/affine_grid.py:32: Suite splitting in effect</skipped></testcase><testcase classname="src.pymortests.affine_grid" file="src/pymortests/affine_grid.py" line="32" name="test_reference_element_type[&lt;lambda&gt;19]" time="0.00046062469482421875"><skipped message="Suite splitting in effect" type="pytest.skip">src/pymortests/affine_grid.py:32: Suite splitting in effect</skipped></testcase><testcase classname="src.pymortests.affine_grid" file="src/pymortests/affine_grid.py" line="32" name="test_reference_element_type[&lt;lambda&gt;20]" time="0.0004131793975830078"><skipped message="Suite splitting in effect" type="pytest.skip">src/pymortests/affine_grid.py:32: Suite splitting in effect</skipped></testcase><testcase classname="src.pymortests.affine_grid" file="src/pymortests/affine_grid.py" line="32" name="test_reference_element_type[&lt;lambda&gt;21]" time="0.0004353523254394531"><skipped message="Suite splitting in effect" type="pytest.skip">src/pymortests/affine_grid.py:32: Suite splitting in effect</skipped></testcase><testcase classname="src.pymortests.affine_grid" file="src/pymortests/affine_grid.py" line="32" name="test_reference_element_type[&lt;lambda&gt;22]" time="0.00040650367736816406"><skipped message="Suite splitting in effect" type="pytest.skip">src/pymortests/affine_grid.py:32: Suite splitting in effect</skipped></testcase><testcase classname="src.pymortests.affine_grid" file="src/pymortests/affine_grid.py" line="32" name="test_reference_element_type[&lt;lambda&gt;23]" time="0.0004363059997558594"><skipped message="Suite splitting in effect" type="pytest.skip">src/pymortests/affine_grid.py:32: Suite splitting in effect</skipped></testcase><testcase classname="src.pymortests.affine_grid" file="src/pymortests/affine_grid.py" line="32" name="test_reference_element_type[&lt;lambda&gt;24]" time="0.00040411949157714844"><skipped message="Suite splitting in effect" type="pytest.skip">src/pymortests/affine_grid.py:32: Suite splitting in effect</skipped></testcase><testcase classname="src.pymortests.affine_grid" file="src/pymortests/affine_grid.py" line="32" name="test_reference_element_type[&lt;lambda&gt;25]" time="0.00043511390686035156"><skipped message="Suite splitting in effect" type="pytest.skip">src/pymortests/affine_grid.py:32: Suite splitting in effect</skipped></testcase><testcase classname="src.pymortests.affine_grid" file="src/pymortests/affine_grid.py" line="32" name="test_reference_element_type[&lt;lambda&gt;26]" time="0.00041031837463378906"><skipped message="Suite splitting in effect" type="pytest.skip">src/pymortests/affine_grid.py:32: Suite splitting in effect</skipped></testcase><testcase classname="src.pymortests.affine_grid" file="src/pymortests/affine_grid.py" line="32" name="test_reference_element_type[&lt;lambda&gt;27]" time="0.00043511390686035156"><skipped message="Suite splitting in effect" type="pytest.skip">src/pymortests/affine_grid.py:32: Suite splitting in effect</skipped></testcase><testcase classname="src.pymortests.affine_grid" file="src/pymortests/affine_grid.py" line="32" name="test_reference_element_type[&lt;lambda&gt;28]" time="0.00043272972106933594"><skipped message="Suite splitting in effect" type="pytest.skip">src/pymortests/affine_grid.py:32: Suite splitting in effect</skipped></testcase><testcase classname="src.pymortests.affine_grid" file="src/pymortests/affine_grid.py" line="32" name="test_reference_element_type[&lt;lambda&gt;29]" time="0.00041174888610839844"><skipped message="Suite splitting in effect" type="pytest.skip">src/pymortests/affine_grid.py:32: Suite splitting in effect</skipped></testcase><testcase classname="src.pymortests.affine_grid" file="src/pymortests/affine_grid.py" line="32" name="test_reference_element_type[&lt;lambda&gt;30]" time="0.0004177093505859375"><skipped message="Suite splitting in effect" type="pytest.skip">src/pymortests/affine_grid.py:32: Suite splitting in effect</skipped></testcase><testcase classname="src.pymortests.affine_grid" file="src/pymortests/affine_grid.py" line="32" name="test_reference_element_type[&lt;lambda&gt;31]" time="0.0004093647003173828"><skipped message="Suite splitting in effect" type="pytest.skip">src/pymortests/affine_grid.py:32: Suite splitting in effect</skipped></testcase><testcase classname="src.pymortests.affine_grid" file="src/pymortests/affine_grid.py" line="32" name="test_reference_element_type[&lt;lambda&gt;32]" time="0.0004730224609375"><skipped message="Suite splitting in effect" type="pytest.skip">src/pymortests/affine_grid.py:32: Suite splitting in effect</skipped></testcase><testcase classname="src.pymortests.affine_grid" file="src/pymortests/affine_grid.py" line="32" name="test_reference_element_type[&lt;lambda&gt;33]" time="0.0003998279571533203"><skipped message="Suite splitting in effect" type="pytest.skip">src/pymortests/affine_grid.py:32: Suite splitting in effect</skipped></testcase><testcase classname="src.pymortests.affine_grid" file="src/pymortests/affine_grid.py" line="32" name="test_reference_element_type[&lt;lambda&gt;34]" time="0.0004286766052246094"><skipped message="Suite splitting in effect" type="pytest.skip">src/pymortests/affine_grid.py:32: Suite splitting in effect</skipped></testcase><testcase classname="src.pymortests.affine_grid" file="src/pymortests/affine_grid.py" line="32" name="test_reference_element_type[&lt;lambda&gt;35]" time="0.0003993511199951172"><skipped message="Suite splitting in effect" type="pytest.skip">src/pymortests/affine_grid.py:32: Suite splitting in effect</skipped></testcase><testcase classname="src.pymortests.affine_grid" file="src/pymortests/affine_grid.py" line="32" name="test_reference_element_type[&lt;lambda&gt;36]" time="0.0004353523254394531"><skipped message="Suite splitting in effect" type="pytest.skip">src/pymortests/affine_grid.py:32: Suite splitting in effect</skipped></testcase><testcase classname="src.pymortests.affine_grid" file="src/pymortests/affine_grid.py" line="32" name="test_reference_element_type[&lt;lambda&gt;37]" time="0.000408172607421875"><skipped message="Suite splitting in effect" type="pytest.skip">src/pymortests/affine_grid.py:32: Suite splitting in effect</skipped></testcase><testcase classname="src.pymortests.affine_grid" file="src/pymortests/affine_grid.py" line="32" name="test_reference_element_type[&lt;lambda&gt;38]" time="0.000431060791015625"><skipped message="Suite splitting in effect" type="pytest.skip">src/pymortests/affine_grid.py:32: Suite splitting in effect</skipped></testcase><testcase classname="src.pymortests.affine_grid" file="src/pymortests/affine_grid.py" line="32" name="test_reference_element_type[&lt;lambda&gt;39]" time="0.00041031837463378906"><skipped message="Suite splitting in effect" type="pytest.skip">src/pymortests/affine_grid.py:32: Suite splitting in effect</skipped></testcase><testcase classname="src.pymortests.affine_grid" file="src/pymortests/affine_grid.py" line="32" name="test_reference_element_type[&lt;lambda&gt;40]" time="0.0004322528839111328"><skipped message="Suite splitting in effect" type="pytest.skip">src/pymortests/affine_grid.py:32: Suite splitting in effect</skipped></testcase><testcase classname="src.pymortests.affine_grid" file="src/pymortests/affine_grid.py" line="32" name="test_reference_element_type[&lt;lambda&gt;41]" time="0.0004119873046875"><skipped message="Suite splitting in effect" type="pytest.skip">src/pymortests/affine_grid.py:32: Suite splitting in effect</skipped></testcase><testcase classname="src.pymortests.affine_grid" file="src/pymortests/affine_grid.py" line="32" name="test_reference_element_type[&lt;lambda&gt;42]" time="0.00041103363037109375"><skipped message="Suite splitting in effect" type="pytest.skip">src/pymortests/affine_grid.py:32: Suite splitting in effect</skipped></testcase><testcase classname="src.pymortests.affine_grid" file="src/pymortests/affine_grid.py" line="38" name="test_reference_element_transitivity[&lt;lambda&gt;0]" time="0.00044083595275878906"><skipped message="Suite splitting in effect" type="pytest.skip">src/pymortests/affine_grid.py:38: Suite splitting in effect</skipped></testcase><testcase classname="src.pymortests.affine_grid" file="src/pymortests/affine_grid.py" line="38" name="test_reference_element_transitivity[&lt;lambda&gt;1]" time="0.000408172607421875"><skipped message="Suite splitting in effect" type="pytest.skip">src/pymortests/affine_grid.py:38: Suite splitting in effect</skipped></testcase><testcase classname="src.pymortests.affine_grid" file="src/pymortests/affine_grid.py" line="38" name="test_reference_element_transitivity[&lt;lambda&gt;2]" time="0.0004684925079345703"><skipped message="Suite splitting in effect" type="pytest.skip">src/pymortests/affine_grid.py:38: Suite splitting in effect</skipped></testcase><testcase classname="src.pymortests.affine_grid" file="src/pymortests/affine_grid.py" line="38" name="test_reference_element_transitivity[&lt;lambda&gt;3]" time="0.0004146099090576172"><skipped message="Suite splitting in effect" type="pytest.skip">src/pymortests/affine_grid.py:38: Suite splitting in effect</skipped></testcase><testcase classname="src.pymortests.affine_grid" file="src/pymortests/affine_grid.py" line="38" name="test_reference_element_transitivity[&lt;lambda&gt;4]" time="0.0004582405090332031"><skipped message="Suite splitting in effect" type="pytest.skip">src/pymortests/affine_grid.py:38: Suite splitting in effect</skipped></testcase><testcase classname="src.pymortests.affine_grid" file="src/pymortests/affine_grid.py" line="38" name="test_reference_element_transitivity[&lt;lambda&gt;5]" time="0.00043702125549316406"><skipped message="Suite splitting in effect" type="pytest.skip">src/pymortests/affine_grid.py:38: Suite splitting in effect</skipped></testcase><testcase classname="src.pymortests.affine_grid" file="src/pymortests/affine_grid.py" line="38" name="test_reference_element_transitivity[&lt;lambda&gt;6]" time="0.0004413127899169922"><skipped message="Suite splitting in effect" type="pytest.skip">src/pymortests/affine_grid.py:38: Suite splitting in effect</skipped></testcase><testcase classname="src.pymortests.affine_grid" file="src/pymortests/affine_grid.py" line="38" name="test_reference_element_transitivity[&lt;lambda&gt;7]" time="0.0003993511199951172"><skipped message="Suite splitting in effect" type="pytest.skip">src/pymortests/affine_grid.py:38: Suite splitting in effect</skipped></testcase><testcase classname="src.pymortests.affine_grid" file="src/pymortests/affine_grid.py" line="38" name="test_reference_element_transitivity[&lt;lambda&gt;8]" time="0.00043463706970214844"><skipped message="Suite splitting in effect" type="pytest.skip">src/pymortests/affine_grid.py:38: Suite splitting in effect</skipped></testcase><testcase classname="src.pymortests.affine_grid" file="src/pymortests/affine_grid.py" line="38" name="test_reference_element_transitivity[&lt;lambda&gt;9]" time="0.00042247772216796875"><skipped message="Suite splitting in effect" type="pytest.skip">src/pymortests/affine_grid.py:38: Suite splitting in effect</skipped></testcase><testcase classname="src.pymortests.affine_grid" file="src/pymortests/affine_grid.py" line="38" name="test_reference_element_transitivity[&lt;lambda&gt;10]" time="0.0004360675811767578"><skipped message="Suite splitting in effect" type="pytest.skip">src/pymortests/affine_grid.py:38: Suite splitting in effect</skipped></testcase><testcase classname="src.pymortests.affine_grid" file="src/pymortests/affine_grid.py" line="38" name="test_reference_element_transitivity[&lt;lambda&gt;11]" time="0.00040078163146972656"><skipped message="Suite splitting in effect" type="pytest.skip">src/pymortests/affine_grid.py:38: Suite splitting in effect</skipped></testcase><testcase classname="src.pymortests.affine_grid" file="src/pymortests/affine_grid.py" line="38" name="test_reference_element_transitivity[&lt;lambda&gt;12]" time="0.00042891502380371094"><skipped message="Suite splitting in effect" type="pytest.skip">src/pymortests/affine_grid.py:38: Suite splitting in effect</skipped></testcase><testcase classname="src.pymortests.affine_grid" file="src/pymortests/affine_grid.py" line="38" name="test_reference_element_transitivity[&lt;lambda&gt;13]" time="0.0003955364227294922"><skipped message="Suite splitting in effect" type="pytest.skip">src/pymortests/affine_grid.py:38: Suite splitting in effect</skipped></testcase><testcase classname="src.pymortests.affine_grid" file="src/pymortests/affine_grid.py" line="38" name="test_reference_element_transitivity[&lt;lambda&gt;14]" time="0.0004146099090576172"><skipped message="Suite splitting in effect" type="pytest.skip">src/pymortests/affine_grid.py:38: Suite splitting in effect</skipped></testcase><testcase classname="src.pymortests.affine_grid" file="src/pymortests/affine_grid.py" line="38" name="test_reference_element_transitivity[&lt;lambda&gt;15]" time="0.00046896934509277344"><skipped message="Suite splitting in effect" type="pytest.skip">src/pymortests/affine_grid.py:38: Suite splitting in effect</skipped></testcase><testcase classname="src.pymortests.affine_grid" file="src/pymortests/affine_grid.py" line="38" name="test_reference_element_transitivity[&lt;lambda&gt;16]" time="0.0004208087921142578"><skipped message="Suite splitting in effect" type="pytest.skip">src/pymortests/affine_grid.py:38: Suite splitting in effect</skipped></testcase><testcase classname="src.pymortests.affine_grid" file="src/pymortests/affine_grid.py" line="38" name="test_reference_element_transitivity[&lt;lambda&gt;17]" time="0.00043082237243652344"><skipped message="Suite splitting in effect" type="pytest.skip">src/pymortests/affine_grid.py:38: Suite splitting in effect</skipped></testcase><testcase classname="src.pymortests.affine_grid" file="src/pymortests/affine_grid.py" line="38" name="test_reference_element_transitivity[&lt;lambda&gt;18]" time="0.00041985511779785156"><skipped message="Suite splitting in effect" type="pytest.skip">src/pymortests/affine_grid.py:38: Suite splitting in effect</skipped></testcase><testcase classname="src.pymortests.affine_grid" file="src/pymortests/affine_grid.py" line="38" name="test_reference_element_transitivity[&lt;lambda&gt;19]" time="0.00042891502380371094"><skipped message="Suite splitting in effect" type="pytest.skip">src/pymortests/affine_grid.py:38: Suite splitting in effect</skipped></testcase><testcase classname="src.pymortests.affine_grid" file="src/pymortests/affine_grid.py" line="38" name="test_reference_element_transitivity[&lt;lambda&gt;20]" time="0.0004150867462158203"><skipped message="Suite splitting in effect" type="pytest.skip">src/pymortests/affine_grid.py:38: Suite splitting in effect</skipped></testcase><testcase classname="src.pymortests.affine_grid" file="src/pymortests/affine_grid.py" line="38" name="test_reference_element_transitivity[&lt;lambda&gt;21]" time="0.00045561790466308594"><skipped message="Suite splitting in effect" type="pytest.skip">src/pymortests/affine_grid.py:38: Suite splitting in effect</skipped></testcase><testcase classname="src.pymortests.affine_grid" file="src/pymortests/affine_grid.py" line="38" name="test_reference_element_transitivity[&lt;lambda&gt;22]" time="0.00042438507080078125"><skipped message="Suite splitting in effect" type="pytest.skip">src/pymortests/affine_grid.py:38: Suite splitting in effect</skipped></testcase><testcase classname="src.pymortests.affine_grid" file="src/pymortests/affine_grid.py" line="38" name="test_reference_element_transitivity[&lt;lambda&gt;23]" time="0.0004286766052246094"><skipped message="Suite splitting in effect" type="pytest.skip">src/pymortests/affine_grid.py:38: Suite splitting in effect</skipped></testcase><testcase classname="src.pymortests.affine_grid" file="src/pymortests/affine_grid.py" line="38" name="test_reference_element_transitivity[&lt;lambda&gt;24]" time="0.0004055500030517578"><skipped message="Suite splitting in effect" type="pytest.skip">src/pymortests/affine_grid.py:38: Suite splitting in effect</skipped></testcase><testcase classname="src.pymortests.affine_grid" file="src/pymortests/affine_grid.py" line="38" name="test_reference_element_transitivity[&lt;lambda&gt;25]" time="0.00043392181396484375"><skipped message="Suite splitting in effect" type="pytest.skip">src/pymortests/affine_grid.py:38: Suite splitting in effect</skipped></testcase><testcase classname="src.pymortests.affine_grid" file="src/pymortests/affine_grid.py" line="38" name="test_reference_element_transitivity[&lt;lambda&gt;26]" time="0.0004067420959472656"><skipped message="Suite splitting in effect" type="pytest.skip">src/pymortests/affine_grid.py:38: Suite splitting in effect</skipped></testcase><testcase classname="src.pymortests.affine_grid" file="src/pymortests/affine_grid.py" line="38" name="test_reference_element_transitivity[&lt;lambda&gt;27]" time="0.0004239082336425781"><skipped message="Suite splitting in effect" type="pytest.skip">src/pymortests/affine_grid.py:38: Suite splitting in effect</skipped></testcase><testcase classname="src.pymortests.affine_grid" file="src/pymortests/affine_grid.py" line="38" name="test_reference_element_transitivity[&lt;lambda&gt;28]" time="0.0004687309265136719"><skipped message="Suite splitting in effect" type="pytest.skip">src/pymortests/affine_grid.py:38: Suite splitting in effect</skipped></testcase><testcase classname="src.pymortests.affine_grid" file="src/pymortests/affine_grid.py" line="38" name="test_reference_element_transitivity[&lt;lambda&gt;29]" time="0.00042247772216796875"><skipped message="Suite splitting in effect" type="pytest.skip">src/pymortests/affine_grid.py:38: Suite splitting in effect</skipped></testcase><testcase classname="src.pymortests.affine_grid" file="src/pymortests/affine_grid.py" line="38" name="test_reference_element_transitivity[&lt;lambda&gt;30]" time="0.0004336833953857422"><skipped message="Suite splitting in effect" type="pytest.skip">src/pymortests/affine_grid.py:38: Suite splitting in effect</skipped></testcase><testcase classname="src.pymortests.affine_grid" file="src/pymortests/affine_grid.py" line="38" name="test_reference_element_transitivity[&lt;lambda&gt;31]" time="0.0004019737243652344"><skipped message="Suite splitting in effect" type="pytest.skip">src/pymortests/affine_grid.py:38: Suite splitting in effect</skipped></testcase><testcase classname="src.pymortests.affine_grid" file="src/pymortests/affine_grid.py" line="38" name="test_reference_element_transitivity[&lt;lambda&gt;32]" time="0.0004360675811767578"><skipped message="Suite splitting in effect" type="pytest.skip">src/pymortests/affine_grid.py:38: Suite splitting in effect</skipped></testcase><testcase classname="src.pymortests.affine_grid" file="src/pymortests/affine_grid.py" line="38" name="test_reference_element_transitivity[&lt;lambda&gt;33]" time="0.0004017353057861328"><skipped message="Suite splitting in effect" type="pytest.skip">src/pymortests/affine_grid.py:38: Suite splitting in effect</skipped></testcase><testcase classname="src.pymortests.affine_grid" file="src/pymortests/affine_grid.py" line="38" name="test_reference_element_transitivity[&lt;lambda&gt;34]" time="0.00043201446533203125"><skipped message="Suite splitting in effect" type="pytest.skip">src/pymortests/affine_grid.py:38: Suite splitting in effect</skipped></testcase><testcase classname="src.pymortests.affine_grid" file="src/pymortests/affine_grid.py" line="38" name="test_reference_element_transitivity[&lt;lambda&gt;35]" time="0.00044345855712890625"><skipped message="Suite splitting in effect" type="pytest.skip">src/pymortests/affine_grid.py:38: Suite splitting in effect</skipped></testcase><testcase classname="src.pymortests.affine_grid" file="src/pymortests/affine_grid.py" line="38" name="test_reference_element_transitivity[&lt;lambda&gt;36]" time="0.000438690185546875"><skipped message="Suite splitting in effect" type="pytest.skip">src/pymortests/affine_grid.py:38: Suite splitting in effect</skipped></testcase><testcase classname="src.pymortests.affine_grid" file="src/pymortests/affine_grid.py" line="38" name="test_reference_element_transitivity[&lt;lambda&gt;37]" time="0.0004010200500488281"><skipped message="Suite splitting in effect" type="pytest.skip">src/pymortests/affine_grid.py:38: Suite splitting in effect</skipped></testcase><testcase classname="src.pymortests.affine_grid" file="src/pymortests/affine_grid.py" line="38" name="test_reference_element_transitivity[&lt;lambda&gt;38]" time="0.0006461143493652344"><skipped message="Suite splitting in effect" type="pytest.skip">src/pymortests/affine_grid.py:38: Suite splitting in effect</skipped></testcase><testcase classname="src.pymortests.affine_grid" file="src/pymortests/affine_grid.py" line="38" name="test_reference_element_transitivity[&lt;lambda&gt;39]" time="0.00042247772216796875"><skipped message="Suite splitting in effect" type="pytest.skip">src/pymortests/affine_grid.py:38: Suite splitting in effect</skipped></testcase><testcase classname="src.pymortests.affine_grid" file="src/pymortests/affine_grid.py" line="38" name="test_reference_element_transitivity[&lt;lambda&gt;40]" time="0.00042128562927246094"><skipped message="Suite splitting in effect" type="pytest.skip">src/pymortests/affine_grid.py:38: Suite splitting in effect</skipped></testcase><testcase classname="src.pymortests.affine_grid" file="src/pymortests/affine_grid.py" line="38" name="test_reference_element_transitivity[&lt;lambda&gt;41]" time="0.0004942417144775391"><skipped message="Suite splitting in effect" type="pytest.skip">src/pymortests/affine_grid.py:38: Suite splitting in effect</skipped></testcase><testcase classname="src.pymortests.affine_grid" file="src/pymortests/affine_grid.py" line="38" name="test_reference_element_transitivity[&lt;lambda&gt;42]" time="0.00041937828063964844"><skipped message="Suite splitting in effect" type="pytest.skip">src/pymortests/affine_grid.py:38: Suite splitting in effect</skipped></testcase><testcase classname="src.pymortests.affine_grid" file="src/pymortests/affine_grid.py" line="44" name="test_embeddings_wrong_arguments[&lt;lambda&gt;0]" time="0.00042057037353515625"><skipped message="Suite splitting in effect" type="pytest.skip">src/pymortests/affine_grid.py:44: Suite splitting in effect</skipped></testcase><testcase classname="src.pymortests.affine_grid" file="src/pymortests/affine_grid.py" line="44" name="test_embeddings_wrong_arguments[&lt;lambda&gt;1]" time="0.00044465065002441406"><skipped message="Suite splitting in effect" type="pytest.skip">src/pymortests/affine_grid.py:44: Suite splitting in effect</skipped></testcase><testcase classname="src.pymortests.affine_grid" file="src/pymortests/affine_grid.py" line="44" name="test_embeddings_wrong_arguments[&lt;lambda&gt;2]" time="0.0004150867462158203"><skipped message="Suite splitting in effect" type="pytest.skip">src/pymortests/affine_grid.py:44: Suite splitting in effect</skipped></testcase><testcase classname="src.pymortests.affine_grid" file="src/pymortests/affine_grid.py" line="44" name="test_embeddings_wrong_arguments[&lt;lambda&gt;3]" time="0.00040650367736816406"><skipped message="Suite splitting in effect" type="pytest.skip">src/pymortests/affine_grid.py:44: Suite splitting in effect</skipped></testcase><testcase classname="src.pymortests.affine_grid" file="src/pymortests/affine_grid.py" line="44" name="test_embeddings_wrong_arguments[&lt;lambda&gt;4]" time="0.000431060791015625"><skipped message="Suite splitting in effect" type="pytest.skip">src/pymortests/affine_grid.py:44: Suite splitting in effect</skipped></testcase><testcase classname="src.pymortests.affine_grid" file="src/pymortests/affine_grid.py" line="44" name="test_embeddings_wrong_arguments[&lt;lambda&gt;5]" time="0.00042176246643066406"><skipped message="Suite splitting in effect" type="pytest.skip">src/pymortests/affine_grid.py:44: Suite splitting in effect</skipped></testcase><testcase classname="src.pymortests.affine_grid" file="src/pymortests/affine_grid.py" line="44" name="test_embeddings_wrong_arguments[&lt;lambda&gt;6]" time="0.0004391670227050781"><skipped message="Suite splitting in effect" type="pytest.skip">src/pymortests/affine_grid.py:44: Suite splitting in effect</skipped></testcase><testcase classname="src.pymortests.affine_grid" file="src/pymortests/affine_grid.py" line="44" name="test_embeddings_wrong_arguments[&lt;lambda&gt;7]" time="0.000461578369140625"><skipped message="Suite splitting in effect" type="pytest.skip">src/pymortests/affine_grid.py:44: Suite splitting in effect</skipped></testcase><testcase classname="src.pymortests.affine_grid" file="src/pymortests/affine_grid.py" line="44" name="test_embeddings_wrong_arguments[&lt;lambda&gt;8]" time="0.00041937828063964844"><skipped message="Suite splitting in effect" type="pytest.skip">src/pymortests/affine_grid.py:44: Suite splitting in effect</skipped></testcase><testcase classname="src.pymortests.affine_grid" file="src/pymortests/affine_grid.py" line="44" name="test_embeddings_wrong_arguments[&lt;lambda&gt;9]" time="0.00043272972106933594"><skipped message="Suite splitting in effect" type="pytest.skip">src/pymortests/affine_grid.py:44: Suite splitting in effect</skipped></testcase><testcase classname="src.pymortests.affine_grid" file="src/pymortests/affine_grid.py" line="44" name="test_embeddings_wrong_arguments[&lt;lambda&gt;10]" time="0.0004100799560546875"><skipped message="Suite splitting in effect" type="pytest.skip">src/pymortests/affine_grid.py:44: Suite splitting in effect</skipped></testcase><testcase classname="src.pymortests.affine_grid" file="src/pymortests/affine_grid.py" line="44" name="test_embeddings_wrong_arguments[&lt;lambda&gt;11]" time="0.0004138946533203125"><skipped message="Suite splitting in effect" type="pytest.skip">src/pymortests/affine_grid.py:44: Suite splitting in effect</skipped></testcase><testcase classname="src.pymortests.affine_grid" file="src/pymortests/affine_grid.py" line="44" name="test_embeddings_wrong_arguments[&lt;lambda&gt;12]" time="0.0004253387451171875"><skipped message="Suite splitting in effect" type="pytest.skip">src/pymortests/affine_grid.py:44: Suite splitting in effect</skipped></testcase><testcase classname="src.pymortests.affine_grid" file="src/pymortests/affine_grid.py" line="44" name="test_embeddings_wrong_arguments[&lt;lambda&gt;13]" time="0.0004189014434814453"><skipped message="Suite splitting in effect" type="pytest.skip">src/pymortests/affine_grid.py:44: Suite splitting in effect</skipped></testcase><testcase classname="src.pymortests.affine_grid" file="src/pymortests/affine_grid.py" line="44" name="test_embeddings_wrong_arguments[&lt;lambda&gt;14]" time="0.0004343986511230469"><skipped message="Suite splitting in effect" type="pytest.skip">src/pymortests/affine_grid.py:44: Suite splitting in effect</skipped></testcase><testcase classname="src.pymortests.affine_grid" file="src/pymortests/affine_grid.py" line="44" name="test_embeddings_wrong_arguments[&lt;lambda&gt;15]" time="0.00041937828063964844"><skipped message="Suite splitting in effect" type="pytest.skip">src/pymortests/affine_grid.py:44: Suite splitting in effect</skipped></testcase><testcase classname="src.pymortests.affine_grid" file="src/pymortests/affine_grid.py" line="44" name="test_embeddings_wrong_arguments[&lt;lambda&gt;16]" time="0.0004634857177734375"><skipped message="Suite splitting in effect" type="pytest.skip">src/pymortests/affine_grid.py:44: Suite splitting in effect</skipped></testcase><testcase classname="src.pymortests.affine_grid" file="src/pymortests/affine_grid.py" line="44" name="test_embeddings_wrong_arguments[&lt;lambda&gt;17]" time="0.0004305839538574219"><skipped message="Suite splitting in effect" type="pytest.skip">src/pymortests/affine_grid.py:44: Suite splitting in effect</skipped></testcase><testcase classname="src.pymortests.affine_grid" file="src/pymortests/affine_grid.py" line="44" name="test_embeddings_wrong_arguments[&lt;lambda&gt;18]" time="0.00045871734619140625"><skipped message="Suite splitting in effect" type="pytest.skip">src/pymortests/affine_grid.py:44: Suite splitting in effect</skipped></testcase><testcase classname="src.pymortests.affine_grid" file="src/pymortests/affine_grid.py" line="44" name="test_embeddings_wrong_arguments[&lt;lambda&gt;19]" time="0.00048279762268066406"><skipped message="Suite splitting in effect" type="pytest.skip">src/pymortests/affine_grid.py:44: Suite splitting in effect</skipped></testcase><testcase classname="src.pymortests.affine_grid" file="src/pymortests/affine_grid.py" line="44" name="test_embeddings_wrong_arguments[&lt;lambda&gt;20]" time="0.0004124641418457031"><skipped message="Suite splitting in effect" type="pytest.skip">src/pymortests/affine_grid.py:44: Suite splitting in effect</skipped></testcase><testcase classname="src.pymortests.affine_grid" file="src/pymortests/affine_grid.py" line="44" name="test_embeddings_wrong_arguments[&lt;lambda&gt;21]" time="0.0004343986511230469"><skipped message="Suite splitting in effect" type="pytest.skip">src/pymortests/affine_grid.py:44: Suite splitting in effect</skipped></testcase><testcase classname="src.pymortests.affine_grid" file="src/pymortests/affine_grid.py" line="44" name="test_embeddings_wrong_arguments[&lt;lambda&gt;22]" time="0.0004100799560546875"><skipped message="Suite splitting in effect" type="pytest.skip">src/pymortests/affine_grid.py:44: Suite splitting in effect</skipped></testcase><testcase classname="src.pymortests.affine_grid" file="src/pymortests/affine_grid.py" line="44" name="test_embeddings_wrong_arguments[&lt;lambda&gt;23]" time="0.0004253387451171875"><skipped message="Suite splitting in effect" type="pytest.skip">src/pymortests/affine_grid.py:44: Suite splitting in effect</skipped></testcase><testcase classname="src.pymortests.affine_grid" file="src/pymortests/affine_grid.py" line="44" name="test_embeddings_wrong_arguments[&lt;lambda&gt;24]" time="0.0004482269287109375"><skipped message="Suite splitting in effect" type="pytest.skip">src/pymortests/affine_grid.py:44: Suite splitting in effect</skipped></testcase><testcase classname="src.pymortests.affine_grid" file="src/pymortests/affine_grid.py" line="44" name="test_embeddings_wrong_arguments[&lt;lambda&gt;25]" time="0.00042510032653808594"><skipped message="Suite splitting in effect" type="pytest.skip">src/pymortests/affine_grid.py:44: Suite splitting in effect</skipped></testcase><testcase classname="src.pymortests.affine_grid" file="src/pymortests/affine_grid.py" line="44" name="test_embeddings_wrong_arguments[&lt;lambda&gt;26]" time="0.0004208087921142578"><skipped message="Suite splitting in effect" type="pytest.skip">src/pymortests/affine_grid.py:44: Suite splitting in effect</skipped></testcase><testcase classname="src.pymortests.affine_grid" file="src/pymortests/affine_grid.py" line="44" name="test_embeddings_wrong_arguments[&lt;lambda&gt;27]" time="0.00041937828063964844"><skipped message="Suite splitting in effect" type="pytest.skip">src/pymortests/affine_grid.py:44: Suite splitting in effect</skipped></testcase><testcase classname="src.pymortests.affine_grid" file="src/pymortests/affine_grid.py" line="44" name="test_embeddings_wrong_arguments[&lt;lambda&gt;28]" time="0.00042819976806640625"><skipped message="Suite splitting in effect" type="pytest.skip">src/pymortests/affine_grid.py:44: Suite splitting in effect</skipped></testcase><testcase classname="src.pymortests.affine_grid" file="src/pymortests/affine_grid.py" line="44" name="test_embeddings_wrong_arguments[&lt;lambda&gt;29]" time="0.00041961669921875"><skipped message="Suite splitting in effect" type="pytest.skip">src/pymortests/affine_grid.py:44: Suite splitting in effect</skipped></testcase><testcase classname="src.pymortests.affine_grid" file="src/pymortests/affine_grid.py" line="44" name="test_embeddings_wrong_arguments[&lt;lambda&gt;30]" time="0.0003979206085205078"><skipped message="Suite splitting in effect" type="pytest.skip">src/pymortests/affine_grid.py:44: Suite splitting in effect</skipped></testcase><testcase classname="src.pymortests.affine_grid" file="src/pymortests/affine_grid.py" line="44" name="test_embeddings_wrong_arguments[&lt;lambda&gt;31]" time="0.00042629241943359375"><skipped message="Suite splitting in effect" type="pytest.skip">src/pymortests/affine_grid.py:44: Suite splitting in effect</skipped></testcase><testcase classname="src.pymortests.affine_grid" file="src/pymortests/affine_grid.py" line="44" name="test_embeddings_wrong_arguments[&lt;lambda&gt;32]" time="0.0004315376281738281"><skipped message="Suite splitting in effect" type="pytest.skip">src/pymortests/affine_grid.py:44: Suite splitting in effect</skipped></testcase><testcase classname="src.pymortests.affine_grid" file="src/pymortests/affine_grid.py" line="44" name="test_embeddings_wrong_arguments[&lt;lambda&gt;33]" time="0.0004286766052246094"><skipped message="Suite splitting in effect" type="pytest.skip">src/pymortests/affine_grid.py:44: Suite splitting in effect</skipped></testcase><testcase classname="src.pymortests.affine_grid" file="src/pymortests/affine_grid.py" line="44" name="test_embeddings_wrong_arguments[&lt;lambda&gt;34]" time="0.0004177093505859375"><skipped message="Suite splitting in effect" type="pytest.skip">src/pymortests/affine_grid.py:44: Suite splitting in effect</skipped></testcase><testcase classname="src.pymortests.affine_grid" file="src/pymortests/affine_grid.py" line="44" name="test_embeddings_wrong_arguments[&lt;lambda&gt;35]" time="0.00041365623474121094"><skipped message="Suite splitting in effect" type="pytest.skip">src/pymortests/affine_grid.py:44: Suite splitting in effect</skipped></testcase><testcase classname="src.pymortests.affine_grid" file="src/pymortests/affine_grid.py" line="44" name="test_embeddings_wrong_arguments[&lt;lambda&gt;36]" time="0.00042700767517089844"><skipped message="Suite splitting in effect" type="pytest.skip">src/pymortests/affine_grid.py:44: Suite splitting in effect</skipped></testcase><testcase classname="src.pymortests.affine_grid" file="src/pymortests/affine_grid.py" line="44" name="test_embeddings_wrong_arguments[&lt;lambda&gt;37]" time="0.000438690185546875"><skipped message="Suite splitting in effect" type="pytest.skip">src/pymortests/affine_grid.py:44: Suite splitting in effect</skipped></testcase><testcase classname="src.pymortests.affine_grid" file="src/pymortests/affine_grid.py" line="44" name="test_embeddings_wrong_arguments[&lt;lambda&gt;38]" time="0.0004112720489501953"><skipped message="Suite splitting in effect" type="pytest.skip">src/pymortests/affine_grid.py:44: Suite splitting in effect</skipped></testcase><testcase classname="src.pymortests.affine_grid" file="src/pymortests/affine_grid.py" line="44" name="test_embeddings_wrong_arguments[&lt;lambda&gt;39]" time="0.00041675567626953125"><skipped message="Suite splitting in effect" type="pytest.skip">src/pymortests/affine_grid.py:44: Suite splitting in effect</skipped></testcase><testcase classname="src.pymortests.affine_grid" file="src/pymortests/affine_grid.py" line="44" name="test_embeddings_wrong_arguments[&lt;lambda&gt;40]" time="0.0005083084106445312"><skipped message="Suite splitting in effect" type="pytest.skip">src/pymortests/affine_grid.py:44: Suite splitting in effect</skipped></testcase><testcase classname="src.pymortests.affine_grid" file="src/pymortests/affine_grid.py" line="44" name="test_embeddings_wrong_arguments[&lt;lambda&gt;41]" time="0.0004017353057861328"><skipped message="Suite splitting in effect" type="pytest.skip">src/pymortests/affine_grid.py:44: Suite splitting in effect</skipped></testcase><testcase classname="src.pymortests.affine_grid" file="src/pymortests/affine_grid.py" line="44" name="test_embeddings_wrong_arguments[&lt;lambda&gt;42]" time="0.00042176246643066406"><skipped message="Suite splitting in effect" type="pytest.skip">src/pymortests/affine_grid.py:44: Suite splitting in effect</skipped></testcase><testcase classname="src.pymortests.affine_grid" file="src/pymortests/affine_grid.py" line="52" name="test_embeddings_shape[&lt;lambda&gt;0]" time="0.0004267692565917969"><skipped message="Suite splitting in effect" type="pytest.skip">src/pymortests/affine_grid.py:52: Suite splitting in effect</skipped></testcase><testcase classname="src.pymortests.affine_grid" file="src/pymortests/affine_grid.py" line="52" name="test_embeddings_shape[&lt;lambda&gt;1]" time="0.0004088878631591797"><skipped message="Suite splitting in effect" type="pytest.skip">src/pymortests/affine_grid.py:52: Suite splitting in effect</skipped></testcase><testcase classname="src.pymortests.affine_grid" file="src/pymortests/affine_grid.py" line="52" name="test_embeddings_shape[&lt;lambda&gt;2]" time="0.00042247772216796875"><skipped message="Suite splitting in effect" type="pytest.skip">src/pymortests/affine_grid.py:52: Suite splitting in effect</skipped></testcase><testcase classname="src.pymortests.affine_grid" file="src/pymortests/affine_grid.py" line="52" name="test_embeddings_shape[&lt;lambda&gt;3]" time="0.00041675567626953125"><skipped message="Suite splitting in effect" type="pytest.skip">src/pymortests/affine_grid.py:52: Suite splitting in effect</skipped></testcase><testcase classname="src.pymortests.affine_grid" file="src/pymortests/affine_grid.py" line="52" name="test_embeddings_shape[&lt;lambda&gt;4]" time="0.00044989585876464844"><skipped message="Suite splitting in effect" type="pytest.skip">src/pymortests/affine_grid.py:52: Suite splitting in effect</skipped></testcase><testcase classname="src.pymortests.affine_grid" file="src/pymortests/affine_grid.py" line="52" name="test_embeddings_shape[&lt;lambda&gt;5]" time="0.0004096031188964844"><skipped message="Suite splitting in effect" type="pytest.skip">src/pymortests/affine_grid.py:52: Suite splitting in effect</skipped></testcase><testcase classname="src.pymortests.affine_grid" file="src/pymortests/affine_grid.py" line="52" name="test_embeddings_shape[&lt;lambda&gt;6]" time="0.00042819976806640625"><skipped message="Suite splitting in effect" type="pytest.skip">src/pymortests/affine_grid.py:52: Suite splitting in effect</skipped></testcase><testcase classname="src.pymortests.affine_grid" file="src/pymortests/affine_grid.py" line="52" name="test_embeddings_shape[&lt;lambda&gt;7]" time="0.0005540847778320312"><skipped message="Suite splitting in effect" type="pytest.skip">src/pymortests/affine_grid.py:52: Suite splitting in effect</skipped></testcase><testcase classname="src.pymortests.affine_grid" file="src/pymortests/affine_grid.py" line="52" name="test_embeddings_shape[&lt;lambda&gt;8]" time="0.00043129920959472656"><skipped message="Suite splitting in effect" type="pytest.skip">src/pymortests/affine_grid.py:52: Suite splitting in effect</skipped></testcase><testcase classname="src.pymortests.affine_grid" file="src/pymortests/affine_grid.py" line="52" name="test_embeddings_shape[&lt;lambda&gt;9]" time="0.00039839744567871094"><skipped message="Suite splitting in effect" type="pytest.skip">src/pymortests/affine_grid.py:52: Suite splitting in effect</skipped></testcase><testcase classname="src.pymortests.affine_grid" file="src/pymortests/affine_grid.py" line="52" name="test_embeddings_shape[&lt;lambda&gt;10]" time="0.0004286766052246094"><skipped message="Suite splitting in effect" type="pytest.skip">src/pymortests/affine_grid.py:52: Suite splitting in effect</skipped></testcase><testcase classname="src.pymortests.affine_grid" file="src/pymortests/affine_grid.py" line="52" name="test_embeddings_shape[&lt;lambda&gt;11]" time="0.00039458274841308594"><skipped message="Suite splitting in effect" type="pytest.skip">src/pymortests/affine_grid.py:52: Suite splitting in effect</skipped></testcase><testcase classname="src.pymortests.affine_grid" file="src/pymortests/affine_grid.py" line="52" name="test_embeddings_shape[&lt;lambda&gt;12]" time="0.0004382133483886719"><skipped message="Suite splitting in effect" type="pytest.skip">src/pymortests/affine_grid.py:52: Suite splitting in effect</skipped></testcase><testcase classname="src.pymortests.affine_grid" file="src/pymortests/affine_grid.py" line="52" name="test_embeddings_shape[&lt;lambda&gt;13]" time="0.00039386749267578125"><skipped message="Suite splitting in effect" type="pytest.skip">src/pymortests/affine_grid.py:52: Suite splitting in effect</skipped></testcase><testcase classname="src.pymortests.affine_grid" file="src/pymortests/affine_grid.py" line="52" name="test_embeddings_shape[&lt;lambda&gt;14]" time="0.0004382133483886719"><skipped message="Suite splitting in effect" type="pytest.skip">src/pymortests/affine_grid.py:52: Suite splitting in effect</skipped></testcase><testcase classname="src.pymortests.affine_grid" file="src/pymortests/affine_grid.py" line="52" name="test_embeddings_shape[&lt;lambda&gt;15]" time="0.00042510032653808594"><skipped message="Suite splitting in effect" type="pytest.skip">src/pymortests/affine_grid.py:52: Suite splitting in effect</skipped></testcase><testcase classname="src.pymortests.affine_grid" file="src/pymortests/affine_grid.py" line="52" name="test_embeddings_shape[&lt;lambda&gt;16]" time="0.00041484832763671875"><skipped message="Suite splitting in effect" type="pytest.skip">src/pymortests/affine_grid.py:52: Suite splitting in effect</skipped></testcase><testcase classname="src.pymortests.affine_grid" file="src/pymortests/affine_grid.py" line="52" name="test_embeddings_shape[&lt;lambda&gt;17]" time="0.0004322528839111328"><skipped message="Suite splitting in effect" type="pytest.skip">src/pymortests/affine_grid.py:52: Suite splitting in effect</skipped></testcase><testcase classname="src.pymortests.affine_grid" file="src/pymortests/affine_grid.py" line="52" name="test_embeddings_shape[&lt;lambda&gt;18]" time="0.00041365623474121094"><skipped message="Suite splitting in effect" type="pytest.skip">src/pymortests/affine_grid.py:52: Suite splitting in effect</skipped></testcase><testcase classname="src.pymortests.affine_grid" file="src/pymortests/affine_grid.py" line="52" name="test_embeddings_shape[&lt;lambda&gt;19]" time="0.000408172607421875"><skipped message="Suite splitting in effect" type="pytest.skip">src/pymortests/affine_grid.py:52: Suite splitting in effect</skipped></testcase><testcase classname="src.pymortests.affine_grid" file="src/pymortests/affine_grid.py" line="52" name="test_embeddings_shape[&lt;lambda&gt;20]" time="0.0004317760467529297"><skipped message="Suite splitting in effect" type="pytest.skip">src/pymortests/affine_grid.py:52: Suite splitting in effect</skipped></testcase><testcase classname="src.pymortests.affine_grid" file="src/pymortests/affine_grid.py" line="52" name="test_embeddings_shape[&lt;lambda&gt;21]" time="0.00041794776916503906"><skipped message="Suite splitting in effect" type="pytest.skip">src/pymortests/affine_grid.py:52: Suite splitting in effect</skipped></testcase><testcase classname="src.pymortests.affine_grid" file="src/pymortests/affine_grid.py" line="52" name="test_embeddings_shape[&lt;lambda&gt;22]" time="0.0004169940948486328"><skipped message="Suite splitting in effect" type="pytest.skip">src/pymortests/affine_grid.py:52: Suite splitting in effect</skipped></testcase><testcase classname="src.pymortests.affine_grid" file="src/pymortests/affine_grid.py" line="52" name="test_embeddings_shape[&lt;lambda&gt;23]" time="0.0004425048828125"><skipped message="Suite splitting in effect" type="pytest.skip">src/pymortests/affine_grid.py:52: Suite splitting in effect</skipped></testcase><testcase classname="src.pymortests.affine_grid" file="src/pymortests/affine_grid.py" line="52" name="test_embeddings_shape[&lt;lambda&gt;24]" time="0.000396728515625"><skipped message="Suite splitting in effect" type="pytest.skip">src/pymortests/affine_grid.py:52: Suite splitting in effect</skipped></testcase><testcase classname="src.pymortests.affine_grid" file="src/pymortests/affine_grid.py" line="52" name="test_embeddings_shape[&lt;lambda&gt;25]" time="0.0004220008850097656"><skipped message="Suite splitting in effect" type="pytest.skip">src/pymortests/affine_grid.py:52: Suite splitting in effect</skipped></testcase><testcase classname="src.pymortests.affine_grid" file="src/pymortests/affine_grid.py" line="52" name="test_embeddings_shape[&lt;lambda&gt;26]" time="0.000396728515625"><skipped message="Suite splitting in effect" type="pytest.skip">src/pymortests/affine_grid.py:52: Suite splitting in effect</skipped></testcase><testcase classname="src.pymortests.affine_grid" file="src/pymortests/affine_grid.py" line="52" name="test_embeddings_shape[&lt;lambda&gt;27]" time="0.0004456043243408203"><skipped message="Suite splitting in effect" type="pytest.skip">src/pymortests/affine_grid.py:52: Suite splitting in effect</skipped></testcase><testcase classname="src.pymortests.affine_grid" file="src/pymortests/affine_grid.py" line="52" name="test_embeddings_shape[&lt;lambda&gt;28]" time="0.00047516822814941406"><skipped message="Suite splitting in effect" type="pytest.skip">src/pymortests/affine_grid.py:52: Suite splitting in effect</skipped></testcase><testcase classname="src.pymortests.affine_grid" file="src/pymortests/affine_grid.py" line="52" name="test_embeddings_shape[&lt;lambda&gt;29]" time="0.00043201446533203125"><skipped message="Suite splitting in effect" type="pytest.skip">src/pymortests/affine_grid.py:52: Suite splitting in effect</skipped></testcase><testcase classname="src.pymortests.affine_grid" file="src/pymortests/affine_grid.py" line="52" name="test_embeddings_shape[&lt;lambda&gt;30]" time="0.0003993511199951172"><skipped message="Suite splitting in effect" type="pytest.skip">src/pymortests/affine_grid.py:52: Suite splitting in effect</skipped></testcase><testcase classname="src.pymortests.affine_grid" file="src/pymortests/affine_grid.py" line="52" name="test_embeddings_shape[&lt;lambda&gt;31]" time="0.00041866302490234375"><skipped message="Suite splitting in effect" type="pytest.skip">src/pymortests/affine_grid.py:52: Suite splitting in effect</skipped></testcase><testcase classname="src.pymortests.affine_grid" file="src/pymortests/affine_grid.py" line="52" name="test_embeddings_shape[&lt;lambda&gt;32]" time="0.0004076957702636719"><skipped message="Suite splitting in effect" type="pytest.skip">src/pymortests/affine_grid.py:52: Suite splitting in effect</skipped></testcase><testcase classname="src.pymortests.affine_grid" file="src/pymortests/affine_grid.py" line="52" name="test_embeddings_shape[&lt;lambda&gt;33]" time="0.00041031837463378906"><skipped message="Suite splitting in effect" type="pytest.skip">src/pymortests/affine_grid.py:52: Suite splitting in effect</skipped></testcase><testcase classname="src.pymortests.affine_grid" file="src/pymortests/affine_grid.py" line="52" name="test_embeddings_shape[&lt;lambda&gt;34]" time="0.00041985511779785156"><skipped message="Suite splitting in effect" type="pytest.skip">src/pymortests/affine_grid.py:52: Suite splitting in effect</skipped></testcase><testcase classname="src.pymortests.affine_grid" file="src/pymortests/affine_grid.py" line="52" name="test_embeddings_shape[&lt;lambda&gt;35]" time="0.0004203319549560547"><skipped message="Suite splitting in effect" type="pytest.skip">src/pymortests/affine_grid.py:52: Suite splitting in effect</skipped></testcase><testcase classname="src.pymortests.affine_grid" file="src/pymortests/affine_grid.py" line="52" name="test_embeddings_shape[&lt;lambda&gt;36]" time="0.0004146099090576172"><skipped message="Suite splitting in effect" type="pytest.skip">src/pymortests/affine_grid.py:52: Suite splitting in effect</skipped></testcase><testcase classname="src.pymortests.affine_grid" file="src/pymortests/affine_grid.py" line="52" name="test_embeddings_shape[&lt;lambda&gt;37]" time="0.00041794776916503906"><skipped message="Suite splitting in effect" type="pytest.skip">src/pymortests/affine_grid.py:52: Suite splitting in effect</skipped></testcase><testcase classname="src.pymortests.affine_grid" file="src/pymortests/affine_grid.py" line="52" name="test_embeddings_shape[&lt;lambda&gt;38]" time="0.0004639625549316406"><skipped message="Suite splitting in effect" type="pytest.skip">src/pymortests/affine_grid.py:52: Suite splitting in effect</skipped></testcase><testcase classname="src.pymortests.affine_grid" file="src/pymortests/affine_grid.py" line="52" name="test_embeddings_shape[&lt;lambda&gt;39]" time="0.0006632804870605469"><skipped message="Suite splitting in effect" type="pytest.skip">src/pymortests/affine_grid.py:52: Suite splitting in effect</skipped></testcase><testcase classname="src.pymortests.affine_grid" file="src/pymortests/affine_grid.py" line="52" name="test_embeddings_shape[&lt;lambda&gt;40]" time="0.0004620552062988281"><skipped message="Suite splitting in effect" type="pytest.skip">src/pymortests/affine_grid.py:52: Suite splitting in effect</skipped></testcase><testcase classname="src.pymortests.affine_grid" file="src/pymortests/affine_grid.py" line="52" name="test_embeddings_shape[&lt;lambda&gt;41]" time="0.0004975795745849609"><skipped message="Suite splitting in effect" type="pytest.skip">src/pymortests/affine_grid.py:52: Suite splitting in effect</skipped></testcase><testcase classname="src.pymortests.affine_grid" file="src/pymortests/affine_grid.py" line="52" name="test_embeddings_shape[&lt;lambda&gt;42]" time="0.0004239082336425781"><skipped message="Suite splitting in effect" type="pytest.skip">src/pymortests/affine_grid.py:52: Suite splitting in effect</skipped></testcase><testcase classname="src.pymortests.affine_grid" file="src/pymortests/affine_grid.py" line="62" name="test_embeddings_transitivity[&lt;lambda&gt;0]" time="0.0004012584686279297"><skipped message="Suite splitting in effect" type="pytest.skip">src/pymortests/affine_grid.py:62: Suite splitting in effect</skipped></testcase><testcase classname="src.pymortests.affine_grid" file="src/pymortests/affine_grid.py" line="62" name="test_embeddings_transitivity[&lt;lambda&gt;1]" time="0.00042819976806640625"><skipped message="Suite splitting in effect" type="pytest.skip">src/pymortests/affine_grid.py:62: Suite splitting in effect</skipped></testcase><testcase classname="src.pymortests.affine_grid" file="src/pymortests/affine_grid.py" line="62" name="test_embeddings_transitivity[&lt;lambda&gt;2]" time="0.0004093647003173828"><skipped message="Suite splitting in effect" type="pytest.skip">src/pymortests/affine_grid.py:62: Suite splitting in effect</skipped></testcase><testcase classname="src.pymortests.affine_grid" file="src/pymortests/affine_grid.py" line="62" name="test_embeddings_transitivity[&lt;lambda&gt;3]" time="0.00042557716369628906"><skipped message="Suite splitting in effect" type="pytest.skip">src/pymortests/affine_grid.py:62: Suite splitting in effect</skipped></testcase><testcase classname="src.pymortests.affine_grid" file="src/pymortests/affine_grid.py" line="62" name="test_embeddings_transitivity[&lt;lambda&gt;4]" time="0.0004143714904785156"><skipped message="Suite splitting in effect" type="pytest.skip">src/pymortests/affine_grid.py:62: Suite splitting in effect</skipped></testcase><testcase classname="src.pymortests.affine_grid" file="src/pymortests/affine_grid.py" line="62" name="test_embeddings_transitivity[&lt;lambda&gt;5]" time="0.0004150867462158203"><skipped message="Suite splitting in effect" type="pytest.skip">src/pymortests/affine_grid.py:62: Suite splitting in effect</skipped></testcase><testcase classname="src.pymortests.affine_grid" file="src/pymortests/affine_grid.py" line="62" name="test_embeddings_transitivity[&lt;lambda&gt;6]" time="0.0004253387451171875"><skipped message="Suite splitting in effect" type="pytest.skip">src/pymortests/affine_grid.py:62: Suite splitting in effect</skipped></testcase><testcase classname="src.pymortests.affine_grid" file="src/pymortests/affine_grid.py" line="62" name="test_embeddings_transitivity[&lt;lambda&gt;7]" time="0.0004086494445800781"><skipped message="Suite splitting in effect" type="pytest.skip">src/pymortests/affine_grid.py:62: Suite splitting in effect</skipped></testcase><testcase classname="src.pymortests.affine_grid" file="src/pymortests/affine_grid.py" line="62" name="test_embeddings_transitivity[&lt;lambda&gt;8]" time="0.00042247772216796875"><skipped message="Suite splitting in effect" type="pytest.skip">src/pymortests/affine_grid.py:62: Suite splitting in effect</skipped></testcase><testcase classname="src.pymortests.affine_grid" file="src/pymortests/affine_grid.py" line="62" name="test_embeddings_transitivity[&lt;lambda&gt;9]" time="0.0004191398620605469"><skipped message="Suite splitting in effect" type="pytest.skip">src/pymortests/affine_grid.py:62: Suite splitting in effect</skipped></testcase><testcase classname="src.pymortests.affine_grid" file="src/pymortests/affine_grid.py" line="62" name="test_embeddings_transitivity[&lt;lambda&gt;10]" time="0.0004189014434814453"><skipped message="Suite splitting in effect" type="pytest.skip">src/pymortests/affine_grid.py:62: Suite splitting in effect</skipped></testcase><testcase classname="src.pymortests.affine_grid" file="src/pymortests/affine_grid.py" line="62" name="test_embeddings_transitivity[&lt;lambda&gt;11]" time="0.0004336833953857422"><skipped message="Suite splitting in effect" type="pytest.skip">src/pymortests/affine_grid.py:62: Suite splitting in effect</skipped></testcase><testcase classname="src.pymortests.affine_grid" file="src/pymortests/affine_grid.py" line="62" name="test_embeddings_transitivity[&lt;lambda&gt;12]" time="0.0004191398620605469"><skipped message="Suite splitting in effect" type="pytest.skip">src/pymortests/affine_grid.py:62: Suite splitting in effect</skipped></testcase><testcase classname="src.pymortests.affine_grid" file="src/pymortests/affine_grid.py" line="62" name="test_embeddings_transitivity[&lt;lambda&gt;13]" time="0.0004496574401855469"><skipped message="Suite splitting in effect" type="pytest.skip">src/pymortests/affine_grid.py:62: Suite splitting in effect</skipped></testcase><testcase classname="src.pymortests.affine_grid" file="src/pymortests/affine_grid.py" line="62" name="test_embeddings_transitivity[&lt;lambda&gt;14]" time="0.00042176246643066406"><skipped message="Suite splitting in effect" type="pytest.skip">src/pymortests/affine_grid.py:62: Suite splitting in effect</skipped></testcase><testcase classname="src.pymortests.affine_grid" file="src/pymortests/affine_grid.py" line="62" name="test_embeddings_transitivity[&lt;lambda&gt;15]" time="0.0004239082336425781"><skipped message="Suite splitting in effect" type="pytest.skip">src/pymortests/affine_grid.py:62: Suite splitting in effect</skipped></testcase><testcase classname="src.pymortests.affine_grid" file="src/pymortests/affine_grid.py" line="62" name="test_embeddings_transitivity[&lt;lambda&gt;16]" time="0.0004200935363769531"><skipped message="Suite splitting in effect" type="pytest.skip">src/pymortests/affine_grid.py:62: Suite splitting in effect</skipped></testcase><testcase classname="src.pymortests.affine_grid" file="src/pymortests/affine_grid.py" line="62" name="test_embeddings_transitivity[&lt;lambda&gt;17]" time="0.00043654441833496094"><skipped message="Suite splitting in effect" type="pytest.skip">src/pymortests/affine_grid.py:62: Suite splitting in effect</skipped></testcase><testcase classname="src.pymortests.affine_grid" file="src/pymortests/affine_grid.py" line="62" name="test_embeddings_transitivity[&lt;lambda&gt;18]" time="0.0004146099090576172"><skipped message="Suite splitting in effect" type="pytest.skip">src/pymortests/affine_grid.py:62: Suite splitting in effect</skipped></testcase><testcase classname="src.pymortests.affine_grid" file="src/pymortests/affine_grid.py" line="62" name="test_embeddings_transitivity[&lt;lambda&gt;19]" time="0.00044465065002441406"><skipped message="Suite splitting in effect" type="pytest.skip">src/pymortests/affine_grid.py:62: Suite splitting in effect</skipped></testcase><testcase classname="src.pymortests.affine_grid" file="src/pymortests/affine_grid.py" line="62" name="test_embeddings_transitivity[&lt;lambda&gt;20]" time="0.0004050731658935547"><skipped message="Suite splitting in effect" type="pytest.skip">src/pymortests/affine_grid.py:62: Suite splitting in effect</skipped></testcase><testcase classname="src.pymortests.affine_grid" file="src/pymortests/affine_grid.py" line="62" name="test_embeddings_transitivity[&lt;lambda&gt;21]" time="0.0004062652587890625"><skipped message="Suite splitting in effect" type="pytest.skip">src/pymortests/affine_grid.py:62: Suite splitting in effect</skipped></testcase><testcase classname="src.pymortests.affine_grid" file="src/pymortests/affine_grid.py" line="62" name="test_embeddings_transitivity[&lt;lambda&gt;22]" time="0.00041604042053222656"><skipped message="Suite splitting in effect" type="pytest.skip">src/pymortests/affine_grid.py:62: Suite splitting in effect</skipped></testcase><testcase classname="src.pymortests.affine_grid" file="src/pymortests/affine_grid.py" line="62" name="test_embeddings_transitivity[&lt;lambda&gt;23]" time="0.0004162788391113281"><skipped message="Suite splitting in effect" type="pytest.skip">src/pymortests/affine_grid.py:62: Suite splitting in effect</skipped></testcase><testcase classname="src.pymortests.affine_grid" file="src/pymortests/affine_grid.py" line="62" name="test_embeddings_transitivity[&lt;lambda&gt;24]" time="0.0004658699035644531"><skipped message="Suite splitting in effect" type="pytest.skip">src/pymortests/affine_grid.py:62: Suite splitting in effect</skipped></testcase><testcase classname="src.pymortests.affine_grid" file="src/pymortests/affine_grid.py" line="62" name="test_embeddings_transitivity[&lt;lambda&gt;25]" time="0.0004220008850097656"><skipped message="Suite splitting in effect" type="pytest.skip">src/pymortests/affine_grid.py:62: Suite splitting in effect</skipped></testcase><testcase classname="src.pymortests.affine_grid" file="src/pymortests/affine_grid.py" line="62" name="test_embeddings_transitivity[&lt;lambda&gt;26]" time="0.0004200935363769531"><skipped message="Suite splitting in effect" type="pytest.skip">src/pymortests/affine_grid.py:62: Suite splitting in effect</skipped></testcase><testcase classname="src.pymortests.affine_grid" file="src/pymortests/affine_grid.py" line="62" name="test_embeddings_transitivity[&lt;lambda&gt;27]" time="0.0004367828369140625"><skipped message="Suite splitting in effect" type="pytest.skip">src/pymortests/affine_grid.py:62: Suite splitting in effect</skipped></testcase><testcase classname="src.pymortests.affine_grid" file="src/pymortests/affine_grid.py" line="62" name="test_embeddings_transitivity[&lt;lambda&gt;28]" time="0.00044083595275878906"><skipped message="Suite splitting in effect" type="pytest.skip">src/pymortests/affine_grid.py:62: Suite splitting in effect</skipped></testcase><testcase classname="src.pymortests.affine_grid" file="src/pymortests/affine_grid.py" line="62" name="test_embeddings_transitivity[&lt;lambda&gt;29]" time="0.0004184246063232422"><skipped message="Suite splitting in effect" type="pytest.skip">src/pymortests/affine_grid.py:62: Suite splitting in effect</skipped></testcase><testcase classname="src.pymortests.affine_grid" file="src/pymortests/affine_grid.py" line="62" name="test_embeddings_transitivity[&lt;lambda&gt;30]" time="0.0004324913024902344"><skipped message="Suite splitting in effect" type="pytest.skip">src/pymortests/affine_grid.py:62: Suite splitting in effect</skipped></testcase><testcase classname="src.pymortests.affine_grid" file="src/pymortests/affine_grid.py" line="62" name="test_embeddings_transitivity[&lt;lambda&gt;31]" time="0.0004248619079589844"><skipped message="Suite splitting in effect" type="pytest.skip">src/pymortests/affine_grid.py:62: Suite splitting in effect</skipped></testcase><testcase classname="src.pymortests.affine_grid" file="src/pymortests/affine_grid.py" line="62" name="test_embeddings_transitivity[&lt;lambda&gt;32]" time="0.00042724609375"><skipped message="Suite splitting in effect" type="pytest.skip">src/pymortests/affine_grid.py:62: Suite splitting in effect</skipped></testcase><testcase classname="src.pymortests.affine_grid" file="src/pymortests/affine_grid.py" line="62" name="test_embeddings_transitivity[&lt;lambda&gt;33]" time="0.00042057037353515625"><skipped message="Suite splitting in effect" type="pytest.skip">src/pymortests/affine_grid.py:62: Suite splitting in effect</skipped></testcase><testcase classname="src.pymortests.affine_grid" file="src/pymortests/affine_grid.py" line="62" name="test_embeddings_transitivity[&lt;lambda&gt;34]" time="0.0004181861877441406"><skipped message="Suite splitting in effect" type="pytest.skip">src/pymortests/affine_grid.py:62: Suite splitting in effect</skipped></testcase><testcase classname="src.pymortests.affine_grid" file="src/pymortests/affine_grid.py" line="62" name="test_embeddings_transitivity[&lt;lambda&gt;35]" time="0.0007033348083496094"><skipped message="Suite splitting in effect" type="pytest.skip">src/pymortests/affine_grid.py:62: Suite splitting in effect</skipped></testcase><testcase classname="src.pymortests.affine_grid" file="src/pymortests/affine_grid.py" line="62" name="test_embeddings_transitivity[&lt;lambda&gt;36]" time="0.0006017684936523438"><skipped message="Suite splitting in effect" type="pytest.skip">src/pymortests/affine_grid.py:62: Suite splitting in effect</skipped></testcase><testcase classname="src.pymortests.affine_grid" file="src/pymortests/affine_grid.py" line="62" name="test_embeddings_transitivity[&lt;lambda&gt;37]" time="0.0005674362182617188"><skipped message="Suite splitting in effect" type="pytest.skip">src/pymortests/affine_grid.py:62: Suite splitting in effect</skipped></testcase><testcase classname="src.pymortests.affine_grid" file="src/pymortests/affine_grid.py" line="62" name="test_embeddings_transitivity[&lt;lambda&gt;38]" time="0.0004265308380126953"><skipped message="Suite splitting in effect" type="pytest.skip">src/pymortests/affine_grid.py:62: Suite splitting in effect</skipped></testcase><testcase classname="src.pymortests.affine_grid" file="src/pymortests/affine_grid.py" line="62" name="test_embeddings_transitivity[&lt;lambda&gt;39]" time="0.0004947185516357422"><skipped message="Suite splitting in effect" type="pytest.skip">src/pymortests/affine_grid.py:62: Suite splitting in effect</skipped></testcase><testcase classname="src.pymortests.affine_grid" file="src/pymortests/affine_grid.py" line="62" name="test_embeddings_transitivity[&lt;lambda&gt;40]" time="0.0005707740783691406"><skipped message="Suite splitting in effect" type="pytest.skip">src/pymortests/affine_grid.py:62: Suite splitting in effect</skipped></testcase><testcase classname="src.pymortests.affine_grid" file="src/pymortests/affine_grid.py" line="62" name="test_embeddings_transitivity[&lt;lambda&gt;41]" time="0.00041294097900390625"><skipped message="Suite splitting in effect" type="pytest.skip">src/pymortests/affine_grid.py:62: Suite splitting in effect</skipped></testcase><testcase classname="src.pymortests.affine_grid" file="src/pymortests/affine_grid.py" line="62" name="test_embeddings_transitivity[&lt;lambda&gt;42]" time="0.0004267692565917969"><skipped message="Suite splitting in effect" type="pytest.skip">src/pymortests/affine_grid.py:62: Suite splitting in effect</skipped></testcase><testcase classname="src.pymortests.affine_grid" file="src/pymortests/affine_grid.py" line="75" name="test_jacobian_inverse_transposed_wrong_arguments[&lt;lambda&gt;0]" time="0.0004184246063232422"><skipped message="Suite splitting in effect" type="pytest.skip">src/pymortests/affine_grid.py:75: Suite splitting in effect</skipped></testcase><testcase classname="src.pymortests.affine_grid" file="src/pymortests/affine_grid.py" line="75" name="test_jacobian_inverse_transposed_wrong_arguments[&lt;lambda&gt;1]" time="0.0004229545593261719"><skipped message="Suite splitting in effect" type="pytest.skip">src/pymortests/affine_grid.py:75: Suite splitting in effect</skipped></testcase><testcase classname="src.pymortests.affine_grid" file="src/pymortests/affine_grid.py" line="75" name="test_jacobian_inverse_transposed_wrong_arguments[&lt;lambda&gt;2]" time="0.0004200935363769531"><skipped message="Suite splitting in effect" type="pytest.skip">src/pymortests/affine_grid.py:75: Suite splitting in effect</skipped></testcase><testcase classname="src.pymortests.affine_grid" file="src/pymortests/affine_grid.py" line="75" name="test_jacobian_inverse_transposed_wrong_arguments[&lt;lambda&gt;3]" time="0.00044226646423339844"><skipped message="Suite splitting in effect" type="pytest.skip">src/pymortests/affine_grid.py:75: Suite splitting in effect</skipped></testcase><testcase classname="src.pymortests.affine_grid" file="src/pymortests/affine_grid.py" line="75" name="test_jacobian_inverse_transposed_wrong_arguments[&lt;lambda&gt;4]" time="0.00044083595275878906"><skipped message="Suite splitting in effect" type="pytest.skip">src/pymortests/affine_grid.py:75: Suite splitting in effect</skipped></testcase><testcase classname="src.pymortests.affine_grid" file="src/pymortests/affine_grid.py" line="75" name="test_jacobian_inverse_transposed_wrong_arguments[&lt;lambda&gt;5]" time="0.00044798851013183594"><skipped message="Suite splitting in effect" type="pytest.skip">src/pymortests/affine_grid.py:75: Suite splitting in effect</skipped></testcase><testcase classname="src.pymortests.affine_grid" file="src/pymortests/affine_grid.py" line="75" name="test_jacobian_inverse_transposed_wrong_arguments[&lt;lambda&gt;6]" time="0.00042510032653808594"><skipped message="Suite splitting in effect" type="pytest.skip">src/pymortests/affine_grid.py:75: Suite splitting in effect</skipped></testcase><testcase classname="src.pymortests.affine_grid" file="src/pymortests/affine_grid.py" line="75" name="test_jacobian_inverse_transposed_wrong_arguments[&lt;lambda&gt;7]" time="0.0004208087921142578"><skipped message="Suite splitting in effect" type="pytest.skip">src/pymortests/affine_grid.py:75: Suite splitting in effect</skipped></testcase><testcase classname="src.pymortests.affine_grid" file="src/pymortests/affine_grid.py" line="75" name="test_jacobian_inverse_transposed_wrong_arguments[&lt;lambda&gt;8]" time="0.00042748451232910156"><skipped message="Suite splitting in effect" type="pytest.skip">src/pymortests/affine_grid.py:75: Suite splitting in effect</skipped></testcase><testcase classname="src.pymortests.affine_grid" file="src/pymortests/affine_grid.py" line="75" name="test_jacobian_inverse_transposed_wrong_arguments[&lt;lambda&gt;9]" time="0.0004150867462158203"><skipped message="Suite splitting in effect" type="pytest.skip">src/pymortests/affine_grid.py:75: Suite splitting in effect</skipped></testcase><testcase classname="src.pymortests.affine_grid" file="src/pymortests/affine_grid.py" line="75" name="test_jacobian_inverse_transposed_wrong_arguments[&lt;lambda&gt;10]" time="0.00040984153747558594"><skipped message="Suite splitting in effect" type="pytest.skip">src/pymortests/affine_grid.py:75: Suite splitting in effect</skipped></testcase><testcase classname="src.pymortests.affine_grid" file="src/pymortests/affine_grid.py" line="75" name="test_jacobian_inverse_transposed_wrong_arguments[&lt;lambda&gt;11]" time="0.0004589557647705078"><skipped message="Suite splitting in effect" type="pytest.skip">src/pymortests/affine_grid.py:75: Suite splitting in effect</skipped></testcase><testcase classname="src.pymortests.affine_grid" file="src/pymortests/affine_grid.py" line="75" name="test_jacobian_inverse_transposed_wrong_arguments[&lt;lambda&gt;12]" time="0.0004405975341796875"><skipped message="Suite splitting in effect" type="pytest.skip">src/pymortests/affine_grid.py:75: Suite splitting in effect</skipped></testcase><testcase classname="src.pymortests.affine_grid" file="src/pymortests/affine_grid.py" line="75" name="test_jacobian_inverse_transposed_wrong_arguments[&lt;lambda&gt;13]" time="0.00044727325439453125"><skipped message="Suite splitting in effect" type="pytest.skip">src/pymortests/affine_grid.py:75: Suite splitting in effect</skipped></testcase><testcase classname="src.pymortests.affine_grid" file="src/pymortests/affine_grid.py" line="75" name="test_jacobian_inverse_transposed_wrong_arguments[&lt;lambda&gt;14]" time="0.00043582916259765625"><skipped message="Suite splitting in effect" type="pytest.skip">src/pymortests/affine_grid.py:75: Suite splitting in effect</skipped></testcase><testcase classname="src.pymortests.affine_grid" file="src/pymortests/affine_grid.py" line="75" name="test_jacobian_inverse_transposed_wrong_arguments[&lt;lambda&gt;15]" time="0.00042748451232910156"><skipped message="Suite splitting in effect" type="pytest.skip">src/pymortests/affine_grid.py:75: Suite splitting in effect</skipped></testcase><testcase classname="src.pymortests.affine_grid" file="src/pymortests/affine_grid.py" line="75" name="test_jacobian_inverse_transposed_wrong_arguments[&lt;lambda&gt;16]" time="0.0004150867462158203"><skipped message="Suite splitting in effect" type="pytest.skip">src/pymortests/affine_grid.py:75: Suite splitting in effect</skipped></testcase><testcase classname="src.pymortests.affine_grid" file="src/pymortests/affine_grid.py" line="75" name="test_jacobian_inverse_transposed_wrong_arguments[&lt;lambda&gt;17]" time="0.0004329681396484375"><skipped message="Suite splitting in effect" type="pytest.skip">src/pymortests/affine_grid.py:75: Suite splitting in effect</skipped></testcase><testcase classname="src.pymortests.affine_grid" file="src/pymortests/affine_grid.py" line="75" name="test_jacobian_inverse_transposed_wrong_arguments[&lt;lambda&gt;18]" time="0.00041937828063964844"><skipped message="Suite splitting in effect" type="pytest.skip">src/pymortests/affine_grid.py:75: Suite splitting in effect</skipped></testcase><testcase classname="src.pymortests.affine_grid" file="src/pymortests/affine_grid.py" line="75" name="test_jacobian_inverse_transposed_wrong_arguments[&lt;lambda&gt;19]" time="0.00042629241943359375"><skipped message="Suite splitting in effect" type="pytest.skip">src/pymortests/affine_grid.py:75: Suite splitting in effect</skipped></testcase><testcase classname="src.pymortests.affine_grid" file="src/pymortests/affine_grid.py" line="75" name="test_jacobian_inverse_transposed_wrong_arguments[&lt;lambda&gt;20]" time="0.00039887428283691406"><skipped message="Suite splitting in effect" type="pytest.skip">src/pymortests/affine_grid.py:75: Suite splitting in effect</skipped></testcase><testcase classname="src.pymortests.affine_grid" file="src/pymortests/affine_grid.py" line="75" name="test_jacobian_inverse_transposed_wrong_arguments[&lt;lambda&gt;21]" time="0.00044345855712890625"><skipped message="Suite splitting in effect" type="pytest.skip">src/pymortests/affine_grid.py:75: Suite splitting in effect</skipped></testcase><testcase classname="src.pymortests.affine_grid" file="src/pymortests/affine_grid.py" line="75" name="test_jacobian_inverse_transposed_wrong_arguments[&lt;lambda&gt;22]" time="0.00040411949157714844"><skipped message="Suite splitting in effect" type="pytest.skip">src/pymortests/affine_grid.py:75: Suite splitting in effect</skipped></testcase><testcase classname="src.pymortests.affine_grid" file="src/pymortests/affine_grid.py" line="75" name="test_jacobian_inverse_transposed_wrong_arguments[&lt;lambda&gt;23]" time="0.00043487548828125"><skipped message="Suite splitting in effect" type="pytest.skip">src/pymortests/affine_grid.py:75: Suite splitting in effect</skipped></testcase><testcase classname="src.pymortests.affine_grid" file="src/pymortests/affine_grid.py" line="75" name="test_jacobian_inverse_transposed_wrong_arguments[&lt;lambda&gt;24]" time="0.00042819976806640625"><skipped message="Suite splitting in effect" type="pytest.skip">src/pymortests/affine_grid.py:75: Suite splitting in effect</skipped></testcase><testcase classname="src.pymortests.affine_grid" file="src/pymortests/affine_grid.py" line="75" name="test_jacobian_inverse_transposed_wrong_arguments[&lt;lambda&gt;25]" time="0.0004413127899169922"><skipped message="Suite splitting in effect" type="pytest.skip">src/pymortests/affine_grid.py:75: Suite splitting in effect</skipped></testcase><testcase classname="src.pymortests.affine_grid" file="src/pymortests/affine_grid.py" line="75" name="test_jacobian_inverse_transposed_wrong_arguments[&lt;lambda&gt;26]" time="0.0004127025604248047"><skipped message="Suite splitting in effect" type="pytest.skip">src/pymortests/affine_grid.py:75: Suite splitting in effect</skipped></testcase><testcase classname="src.pymortests.affine_grid" file="src/pymortests/affine_grid.py" line="75" name="test_jacobian_inverse_transposed_wrong_arguments[&lt;lambda&gt;27]" time="0.0004596710205078125"><skipped message="Suite splitting in effect" type="pytest.skip">src/pymortests/affine_grid.py:75: Suite splitting in effect</skipped></testcase><testcase classname="src.pymortests.affine_grid" file="src/pymortests/affine_grid.py" line="75" name="test_jacobian_inverse_transposed_wrong_arguments[&lt;lambda&gt;28]" time="0.0004169940948486328"><skipped message="Suite splitting in effect" type="pytest.skip">src/pymortests/affine_grid.py:75: Suite splitting in effect</skipped></testcase><testcase classname="src.pymortests.affine_grid" file="src/pymortests/affine_grid.py" line="75" name="test_jacobian_inverse_transposed_wrong_arguments[&lt;lambda&gt;29]" time="0.0004184246063232422"><skipped message="Suite splitting in effect" type="pytest.skip">src/pymortests/affine_grid.py:75: Suite splitting in effect</skipped></testcase><testcase classname="src.pymortests.affine_grid" file="src/pymortests/affine_grid.py" line="75" name="test_jacobian_inverse_transposed_wrong_arguments[&lt;lambda&gt;30]" time="0.00042629241943359375"><skipped message="Suite splitting in effect" type="pytest.skip">src/pymortests/affine_grid.py:75: Suite splitting in effect</skipped></testcase><testcase classname="src.pymortests.affine_grid" file="src/pymortests/affine_grid.py" line="75" name="test_jacobian_inverse_transposed_wrong_arguments[&lt;lambda&gt;31]" time="0.0004143714904785156"><skipped message="Suite splitting in effect" type="pytest.skip">src/pymortests/affine_grid.py:75: Suite splitting in effect</skipped></testcase><testcase classname="src.pymortests.affine_grid" file="src/pymortests/affine_grid.py" line="75" name="test_jacobian_inverse_transposed_wrong_arguments[&lt;lambda&gt;32]" time="0.0004703998565673828"><skipped message="Suite splitting in effect" type="pytest.skip">src/pymortests/affine_grid.py:75: Suite splitting in effect</skipped></testcase><testcase classname="src.pymortests.affine_grid" file="src/pymortests/affine_grid.py" line="75" name="test_jacobian_inverse_transposed_wrong_arguments[&lt;lambda&gt;33]" time="0.0004069805145263672"><skipped message="Suite splitting in effect" type="pytest.skip">src/pymortests/affine_grid.py:75: Suite splitting in effect</skipped></testcase><testcase classname="src.pymortests.affine_grid" file="src/pymortests/affine_grid.py" line="75" name="test_jacobian_inverse_transposed_wrong_arguments[&lt;lambda&gt;34]" time="0.0004532337188720703"><skipped message="Suite splitting in effect" type="pytest.skip">src/pymortests/affine_grid.py:75: Suite splitting in effect</skipped></testcase><testcase classname="src.pymortests.affine_grid" file="src/pymortests/affine_grid.py" line="75" name="test_jacobian_inverse_transposed_wrong_arguments[&lt;lambda&gt;35]" time="0.00041937828063964844"><skipped message="Suite splitting in effect" type="pytest.skip">src/pymortests/affine_grid.py:75: Suite splitting in effect</skipped></testcase><testcase classname="src.pymortests.affine_grid" file="src/pymortests/affine_grid.py" line="75" name="test_jacobian_inverse_transposed_wrong_arguments[&lt;lambda&gt;36]" time="0.000713348388671875"><skipped message="Suite splitting in effect" type="pytest.skip">src/pymortests/affine_grid.py:75: Suite splitting in effect</skipped></testcase><testcase classname="src.pymortests.affine_grid" file="src/pymortests/affine_grid.py" line="75" name="test_jacobian_inverse_transposed_wrong_arguments[&lt;lambda&gt;37]" time="0.00040650367736816406"><skipped message="Suite splitting in effect" type="pytest.skip">src/pymortests/affine_grid.py:75: Suite splitting in effect</skipped></testcase><testcase classname="src.pymortests.affine_grid" file="src/pymortests/affine_grid.py" line="75" name="test_jacobian_inverse_transposed_wrong_arguments[&lt;lambda&gt;38]" time="0.0004291534423828125"><skipped message="Suite splitting in effect" type="pytest.skip">src/pymortests/affine_grid.py:75: Suite splitting in effect</skipped></testcase><testcase classname="src.pymortests.affine_grid" file="src/pymortests/affine_grid.py" line="75" name="test_jacobian_inverse_transposed_wrong_arguments[&lt;lambda&gt;39]" time="0.00040030479431152344"><skipped message="Suite splitting in effect" type="pytest.skip">src/pymortests/affine_grid.py:75: Suite splitting in effect</skipped></testcase><testcase classname="src.pymortests.affine_grid" file="src/pymortests/affine_grid.py" line="75" name="test_jacobian_inverse_transposed_wrong_arguments[&lt;lambda&gt;40]" time="0.00042724609375"><skipped message="Suite splitting in effect" type="pytest.skip">src/pymortests/affine_grid.py:75: Suite splitting in effect</skipped></testcase><testcase classname="src.pymortests.affine_grid" file="src/pymortests/affine_grid.py" line="75" name="test_jacobian_inverse_transposed_wrong_arguments[&lt;lambda&gt;41]" time="0.00040149688720703125"><skipped message="Suite splitting in effect" type="pytest.skip">src/pymortests/affine_grid.py:75: Suite splitting in effect</skipped></testcase><testcase classname="src.pymortests.affine_grid" file="src/pymortests/affine_grid.py" line="75" name="test_jacobian_inverse_transposed_wrong_arguments[&lt;lambda&gt;42]" time="0.0004329681396484375"><skipped message="Suite splitting in effect" type="pytest.skip">src/pymortests/affine_grid.py:75: Suite splitting in effect</skipped></testcase><testcase classname="src.pymortests.affine_grid" file="src/pymortests/affine_grid.py" line="85" name="test_jacobian_inverse_transposed_shape[&lt;lambda&gt;0]" time="0.0004057884216308594"><skipped message="Suite splitting in effect" type="pytest.skip">src/pymortests/affine_grid.py:85: Suite splitting in effect</skipped></testcase><testcase classname="src.pymortests.affine_grid" file="src/pymortests/affine_grid.py" line="85" name="test_jacobian_inverse_transposed_shape[&lt;lambda&gt;1]" time="0.00042939186096191406"><skipped message="Suite splitting in effect" type="pytest.skip">src/pymortests/affine_grid.py:85: Suite splitting in effect</skipped></testcase><testcase classname="src.pymortests.affine_grid" file="src/pymortests/affine_grid.py" line="85" name="test_jacobian_inverse_transposed_shape[&lt;lambda&gt;2]" time="0.0004048347473144531"><skipped message="Suite splitting in effect" type="pytest.skip">src/pymortests/affine_grid.py:85: Suite splitting in effect</skipped></testcase><testcase classname="src.pymortests.affine_grid" file="src/pymortests/affine_grid.py" line="85" name="test_jacobian_inverse_transposed_shape[&lt;lambda&gt;3]" time="0.00040602684020996094"><skipped message="Suite splitting in effect" type="pytest.skip">src/pymortests/affine_grid.py:85: Suite splitting in effect</skipped></testcase><testcase classname="src.pymortests.affine_grid" file="src/pymortests/affine_grid.py" line="85" name="test_jacobian_inverse_transposed_shape[&lt;lambda&gt;4]" time="0.0004699230194091797"><skipped message="Suite splitting in effect" type="pytest.skip">src/pymortests/affine_grid.py:85: Suite splitting in effect</skipped></testcase><testcase classname="src.pymortests.affine_grid" file="src/pymortests/affine_grid.py" line="85" name="test_jacobian_inverse_transposed_shape[&lt;lambda&gt;5]" time="0.00042057037353515625"><skipped message="Suite splitting in effect" type="pytest.skip">src/pymortests/affine_grid.py:85: Suite splitting in effect</skipped></testcase><testcase classname="src.pymortests.affine_grid" file="src/pymortests/affine_grid.py" line="85" name="test_jacobian_inverse_transposed_shape[&lt;lambda&gt;6]" time="0.00042748451232910156"><skipped message="Suite splitting in effect" type="pytest.skip">src/pymortests/affine_grid.py:85: Suite splitting in effect</skipped></testcase><testcase classname="src.pymortests.affine_grid" file="src/pymortests/affine_grid.py" line="85" name="test_jacobian_inverse_transposed_shape[&lt;lambda&gt;7]" time="0.00044345855712890625"><skipped message="Suite splitting in effect" type="pytest.skip">src/pymortests/affine_grid.py:85: Suite splitting in effect</skipped></testcase><testcase classname="src.pymortests.affine_grid" file="src/pymortests/affine_grid.py" line="85" name="test_jacobian_inverse_transposed_shape[&lt;lambda&gt;8]" time="0.0004405975341796875"><skipped message="Suite splitting in effect" type="pytest.skip">src/pymortests/affine_grid.py:85: Suite splitting in effect</skipped></testcase><testcase classname="src.pymortests.affine_grid" file="src/pymortests/affine_grid.py" line="85" name="test_jacobian_inverse_transposed_shape[&lt;lambda&gt;9]" time="0.0004191398620605469"><skipped message="Suite splitting in effect" type="pytest.skip">src/pymortests/affine_grid.py:85: Suite splitting in effect</skipped></testcase><testcase classname="src.pymortests.affine_grid" file="src/pymortests/affine_grid.py" line="85" name="test_jacobian_inverse_transposed_shape[&lt;lambda&gt;10]" time="0.0004410743713378906"><skipped message="Suite splitting in effect" type="pytest.skip">src/pymortests/affine_grid.py:85: Suite splitting in effect</skipped></testcase><testcase classname="src.pymortests.affine_grid" file="src/pymortests/affine_grid.py" line="85" name="test_jacobian_inverse_transposed_shape[&lt;lambda&gt;11]" time="0.0004200935363769531"><skipped message="Suite splitting in effect" type="pytest.skip">src/pymortests/affine_grid.py:85: Suite splitting in effect</skipped></testcase><testcase classname="src.pymortests.affine_grid" file="src/pymortests/affine_grid.py" line="85" name="test_jacobian_inverse_transposed_shape[&lt;lambda&gt;12]" time="0.0004298686981201172"><skipped message="Suite splitting in effect" type="pytest.skip">src/pymortests/affine_grid.py:85: Suite splitting in effect</skipped></testcase><testcase classname="src.pymortests.affine_grid" file="src/pymortests/affine_grid.py" line="85" name="test_jacobian_inverse_transposed_shape[&lt;lambda&gt;13]" time="0.0003991127014160156"><skipped message="Suite splitting in effect" type="pytest.skip">src/pymortests/affine_grid.py:85: Suite splitting in effect</skipped></testcase><testcase classname="src.pymortests.affine_grid" file="src/pymortests/affine_grid.py" line="85" name="test_jacobian_inverse_transposed_shape[&lt;lambda&gt;14]" time="0.0004363059997558594"><skipped message="Suite splitting in effect" type="pytest.skip">src/pymortests/affine_grid.py:85: Suite splitting in effect</skipped></testcase><testcase classname="src.pymortests.affine_grid" file="src/pymortests/affine_grid.py" line="85" name="test_jacobian_inverse_transposed_shape[&lt;lambda&gt;15]" time="0.0004286766052246094"><skipped message="Suite splitting in effect" type="pytest.skip">src/pymortests/affine_grid.py:85: Suite splitting in effect</skipped></testcase><testcase classname="src.pymortests.affine_grid" file="src/pymortests/affine_grid.py" line="85" name="test_jacobian_inverse_transposed_shape[&lt;lambda&gt;16]" time="0.00041985511779785156"><skipped message="Suite splitting in effect" type="pytest.skip">src/pymortests/affine_grid.py:85: Suite splitting in effect</skipped></testcase><testcase classname="src.pymortests.affine_grid" file="src/pymortests/affine_grid.py" line="85" name="test_jacobian_inverse_transposed_shape[&lt;lambda&gt;17]" time="0.0004475116729736328"><skipped message="Suite splitting in effect" type="pytest.skip">src/pymortests/affine_grid.py:85: Suite splitting in effect</skipped></testcase><testcase classname="src.pymortests.affine_grid" file="src/pymortests/affine_grid.py" line="85" name="test_jacobian_inverse_transposed_shape[&lt;lambda&gt;18]" time="0.0004208087921142578"><skipped message="Suite splitting in effect" type="pytest.skip">src/pymortests/affine_grid.py:85: Suite splitting in effect</skipped></testcase><testcase classname="src.pymortests.affine_grid" file="src/pymortests/affine_grid.py" line="85" name="test_jacobian_inverse_transposed_shape[&lt;lambda&gt;19]" time="0.0004169940948486328"><skipped message="Suite splitting in effect" type="pytest.skip">src/pymortests/affine_grid.py:85: Suite splitting in effect</skipped></testcase><testcase classname="src.pymortests.affine_grid" file="src/pymortests/affine_grid.py" line="85" name="test_jacobian_inverse_transposed_shape[&lt;lambda&gt;20]" time="0.000446319580078125"><skipped message="Suite splitting in effect" type="pytest.skip">src/pymortests/affine_grid.py:85: Suite splitting in effect</skipped></testcase><testcase classname="src.pymortests.affine_grid" file="src/pymortests/affine_grid.py" line="85" name="test_jacobian_inverse_transposed_shape[&lt;lambda&gt;21]" time="0.0004208087921142578"><skipped message="Suite splitting in effect" type="pytest.skip">src/pymortests/affine_grid.py:85: Suite splitting in effect</skipped></testcase><testcase classname="src.pymortests.affine_grid" file="src/pymortests/affine_grid.py" line="85" name="test_jacobian_inverse_transposed_shape[&lt;lambda&gt;22]" time="0.0004153251647949219"><skipped message="Suite splitting in effect" type="pytest.skip">src/pymortests/affine_grid.py:85: Suite splitting in effect</skipped></testcase><testcase classname="src.pymortests.affine_grid" file="src/pymortests/affine_grid.py" line="85" name="test_jacobian_inverse_transposed_shape[&lt;lambda&gt;23]" time="0.0004265308380126953"><skipped message="Suite splitting in effect" type="pytest.skip">src/pymortests/affine_grid.py:85: Suite splitting in effect</skipped></testcase><testcase classname="src.pymortests.affine_grid" file="src/pymortests/affine_grid.py" line="85" name="test_jacobian_inverse_transposed_shape[&lt;lambda&gt;24]" time="0.00040721893310546875"><skipped message="Suite splitting in effect" type="pytest.skip">src/pymortests/affine_grid.py:85: Suite splitting in effect</skipped></testcase><testcase classname="src.pymortests.affine_grid" file="src/pymortests/affine_grid.py" line="85" name="test_jacobian_inverse_transposed_shape[&lt;lambda&gt;25]" time="0.000423431396484375"><skipped message="Suite splitting in effect" type="pytest.skip">src/pymortests/affine_grid.py:85: Suite splitting in effect</skipped></testcase><testcase classname="src.pymortests.affine_grid" file="src/pymortests/affine_grid.py" line="85" name="test_jacobian_inverse_transposed_shape[&lt;lambda&gt;26]" time="0.00047516822814941406"><skipped message="Suite splitting in effect" type="pytest.skip">src/pymortests/affine_grid.py:85: Suite splitting in effect</skipped></testcase><testcase classname="src.pymortests.affine_grid" file="src/pymortests/affine_grid.py" line="85" name="test_jacobian_inverse_transposed_shape[&lt;lambda&gt;27]" time="0.0004048347473144531"><skipped message="Suite splitting in effect" type="pytest.skip">src/pymortests/affine_grid.py:85: Suite splitting in effect</skipped></testcase><testcase classname="src.pymortests.affine_grid" file="src/pymortests/affine_grid.py" line="85" name="test_jacobian_inverse_transposed_shape[&lt;lambda&gt;28]" time="0.00042176246643066406"><skipped message="Suite splitting in effect" type="pytest.skip">src/pymortests/affine_grid.py:85: Suite splitting in effect</skipped></testcase><testcase classname="src.pymortests.affine_grid" file="src/pymortests/affine_grid.py" line="85" name="test_jacobian_inverse_transposed_shape[&lt;lambda&gt;29]" time="0.00041556358337402344"><skipped message="Suite splitting in effect" type="pytest.skip">src/pymortests/affine_grid.py:85: Suite splitting in effect</skipped></testcase><testcase classname="src.pymortests.affine_grid" file="src/pymortests/affine_grid.py" line="85" name="test_jacobian_inverse_transposed_shape[&lt;lambda&gt;30]" time="0.0004413127899169922"><skipped message="Suite splitting in effect" type="pytest.skip">src/pymortests/affine_grid.py:85: Suite splitting in effect</skipped></testcase><testcase classname="src.pymortests.affine_grid" file="src/pymortests/affine_grid.py" line="85" name="test_jacobian_inverse_transposed_shape[&lt;lambda&gt;31]" time="0.0004253387451171875"><skipped message="Suite splitting in effect" type="pytest.skip">src/pymortests/affine_grid.py:85: Suite splitting in effect</skipped></testcase><testcase classname="src.pymortests.affine_grid" file="src/pymortests/affine_grid.py" line="85" name="test_jacobian_inverse_transposed_shape[&lt;lambda&gt;32]" time="0.0006618499755859375"><skipped message="Suite splitting in effect" type="pytest.skip">src/pymortests/affine_grid.py:85: Suite splitting in effect</skipped></testcase><testcase classname="src.pymortests.affine_grid" file="src/pymortests/affine_grid.py" line="85" name="test_jacobian_inverse_transposed_shape[&lt;lambda&gt;33]" time="0.00041961669921875"><skipped message="Suite splitting in effect" type="pytest.skip">src/pymortests/affine_grid.py:85: Suite splitting in effect</skipped></testcase><testcase classname="src.pymortests.affine_grid" file="src/pymortests/affine_grid.py" line="85" name="test_jacobian_inverse_transposed_shape[&lt;lambda&gt;34]" time="0.00042510032653808594"><skipped message="Suite splitting in effect" type="pytest.skip">src/pymortests/affine_grid.py:85: Suite splitting in effect</skipped></testcase><testcase classname="src.pymortests.affine_grid" file="src/pymortests/affine_grid.py" line="85" name="test_jacobian_inverse_transposed_shape[&lt;lambda&gt;35]" time="0.0003986358642578125"><skipped message="Suite splitting in effect" type="pytest.skip">src/pymortests/affine_grid.py:85: Suite splitting in effect</skipped></testcase><testcase classname="src.pymortests.affine_grid" file="src/pymortests/affine_grid.py" line="85" name="test_jacobian_inverse_transposed_shape[&lt;lambda&gt;36]" time="0.0004723072052001953"><skipped message="Suite splitting in effect" type="pytest.skip">src/pymortests/affine_grid.py:85: Suite splitting in effect</skipped></testcase><testcase classname="src.pymortests.affine_grid" file="src/pymortests/affine_grid.py" line="85" name="test_jacobian_inverse_transposed_shape[&lt;lambda&gt;37]" time="0.00042629241943359375"><skipped message="Suite splitting in effect" type="pytest.skip">src/pymortests/affine_grid.py:85: Suite splitting in effect</skipped></testcase><testcase classname="src.pymortests.affine_grid" file="src/pymortests/affine_grid.py" line="85" name="test_jacobian_inverse_transposed_shape[&lt;lambda&gt;38]" time="0.0004258155822753906"><skipped message="Suite splitting in effect" type="pytest.skip">src/pymortests/affine_grid.py:85: Suite splitting in effect</skipped></testcase><testcase classname="src.pymortests.affine_grid" file="src/pymortests/affine_grid.py" line="85" name="test_jacobian_inverse_transposed_shape[&lt;lambda&gt;39]" time="0.0004317760467529297"><skipped message="Suite splitting in effect" type="pytest.skip">src/pymortests/affine_grid.py:85: Suite splitting in effect</skipped></testcase><testcase classname="src.pymortests.affine_grid" file="src/pymortests/affine_grid.py" line="85" name="test_jacobian_inverse_transposed_shape[&lt;lambda&gt;40]" time="0.0004570484161376953"><skipped message="Suite splitting in effect" type="pytest.skip">src/pymortests/affine_grid.py:85: Suite splitting in effect</skipped></testcase><testcase classname="src.pymortests.affine_grid" file="src/pymortests/affine_grid.py" line="85" name="test_jacobian_inverse_transposed_shape[&lt;lambda&gt;41]" time="0.0004024505615234375"><skipped message="Suite splitting in effect" type="pytest.skip">src/pymortests/affine_grid.py:85: Suite splitting in effect</skipped></testcase><testcase classname="src.pymortests.affine_grid" file="src/pymortests/affine_grid.py" line="85" name="test_jacobian_inverse_transposed_shape[&lt;lambda&gt;42]" time="0.00042176246643066406"><skipped message="Suite splitting in effect" type="pytest.skip">src/pymortests/affine_grid.py:85: Suite splitting in effect</skipped></testcase><testcase classname="src.pymortests.affine_grid" file="src/pymortests/affine_grid.py" line="91" name="test_jacobian_inverse_transposed_values[&lt;lambda&gt;0]" time="0.0004315376281738281"><skipped message="Suite splitting in effect" type="pytest.skip">src/pymortests/affine_grid.py:91: Suite splitting in effect</skipped></testcase><testcase classname="src.pymortests.affine_grid" file="src/pymortests/affine_grid.py" line="91" name="test_jacobian_inverse_transposed_values[&lt;lambda&gt;1]" time="0.00042891502380371094"><skipped message="Suite splitting in effect" type="pytest.skip">src/pymortests/affine_grid.py:91: Suite splitting in effect</skipped></testcase><testcase classname="src.pymortests.affine_grid" file="src/pymortests/affine_grid.py" line="91" name="test_jacobian_inverse_transposed_values[&lt;lambda&gt;2]" time="0.0004162788391113281"><skipped message="Suite splitting in effect" type="pytest.skip">src/pymortests/affine_grid.py:91: Suite splitting in effect</skipped></testcase><testcase classname="src.pymortests.affine_grid" file="src/pymortests/affine_grid.py" line="91" name="test_jacobian_inverse_transposed_values[&lt;lambda&gt;3]" time="0.0004334449768066406"><skipped message="Suite splitting in effect" type="pytest.skip">src/pymortests/affine_grid.py:91: Suite splitting in effect</skipped></testcase><testcase classname="src.pymortests.affine_grid" file="src/pymortests/affine_grid.py" line="91" name="test_jacobian_inverse_transposed_values[&lt;lambda&gt;4]" time="0.0006656646728515625"><skipped message="Suite splitting in effect" type="pytest.skip">src/pymortests/affine_grid.py:91: Suite splitting in effect</skipped></testcase><testcase classname="src.pymortests.affine_grid" file="src/pymortests/affine_grid.py" line="91" name="test_jacobian_inverse_transposed_values[&lt;lambda&gt;5]" time="0.00042128562927246094"><skipped message="Suite splitting in effect" type="pytest.skip">src/pymortests/affine_grid.py:91: Suite splitting in effect</skipped></testcase><testcase classname="src.pymortests.affine_grid" file="src/pymortests/affine_grid.py" line="91" name="test_jacobian_inverse_transposed_values[&lt;lambda&gt;6]" time="0.0003981590270996094"><skipped message="Suite splitting in effect" type="pytest.skip">src/pymortests/affine_grid.py:91: Suite splitting in effect</skipped></testcase><testcase classname="src.pymortests.affine_grid" file="src/pymortests/affine_grid.py" line="91" name="test_jacobian_inverse_transposed_values[&lt;lambda&gt;7]" time="0.0004341602325439453"><skipped message="Suite splitting in effect" type="pytest.skip">src/pymortests/affine_grid.py:91: Suite splitting in effect</skipped></testcase><testcase classname="src.pymortests.affine_grid" file="src/pymortests/affine_grid.py" line="91" name="test_jacobian_inverse_transposed_values[&lt;lambda&gt;8]" time="0.00040268898010253906"><skipped message="Suite splitting in effect" type="pytest.skip">src/pymortests/affine_grid.py:91: Suite splitting in effect</skipped></testcase><testcase classname="src.pymortests.affine_grid" file="src/pymortests/affine_grid.py" line="91" name="test_jacobian_inverse_transposed_values[&lt;lambda&gt;9]" time="0.00043392181396484375"><skipped message="Suite splitting in effect" type="pytest.skip">src/pymortests/affine_grid.py:91: Suite splitting in effect</skipped></testcase><testcase classname="src.pymortests.affine_grid" file="src/pymortests/affine_grid.py" line="91" name="test_jacobian_inverse_transposed_values[&lt;lambda&gt;10]" time="0.0004031658172607422"><skipped message="Suite splitting in effect" type="pytest.skip">src/pymortests/affine_grid.py:91: Suite splitting in effect</skipped></testcase><testcase classname="src.pymortests.affine_grid" file="src/pymortests/affine_grid.py" line="91" name="test_jacobian_inverse_transposed_values[&lt;lambda&gt;11]" time="0.00042438507080078125"><skipped message="Suite splitting in effect" type="pytest.skip">src/pymortests/affine_grid.py:91: Suite splitting in effect</skipped></testcase><testcase classname="src.pymortests.affine_grid" file="src/pymortests/affine_grid.py" line="91" name="test_jacobian_inverse_transposed_values[&lt;lambda&gt;12]" time="0.0006606578826904297"><skipped message="Suite splitting in effect" type="pytest.skip">src/pymortests/affine_grid.py:91: Suite splitting in effect</skipped></testcase><testcase classname="src.pymortests.affine_grid" file="src/pymortests/affine_grid.py" line="91" name="test_jacobian_inverse_transposed_values[&lt;lambda&gt;13]" time="0.00045299530029296875"><skipped message="Suite splitting in effect" type="pytest.skip">src/pymortests/affine_grid.py:91: Suite splitting in effect</skipped></testcase><testcase classname="src.pymortests.affine_grid" file="src/pymortests/affine_grid.py" line="91" name="test_jacobian_inverse_transposed_values[&lt;lambda&gt;14]" time="0.00043892860412597656"><skipped message="Suite splitting in effect" type="pytest.skip">src/pymortests/affine_grid.py:91: Suite splitting in effect</skipped></testcase><testcase classname="src.pymortests.affine_grid" file="src/pymortests/affine_grid.py" line="91" name="test_jacobian_inverse_transposed_values[&lt;lambda&gt;15]" time="0.0004062652587890625"><skipped message="Suite splitting in effect" type="pytest.skip">src/pymortests/affine_grid.py:91: Suite splitting in effect</skipped></testcase><testcase classname="src.pymortests.affine_grid" file="src/pymortests/affine_grid.py" line="91" name="test_jacobian_inverse_transposed_values[&lt;lambda&gt;16]" time="0.0004405975341796875"><skipped message="Suite splitting in effect" type="pytest.skip">src/pymortests/affine_grid.py:91: Suite splitting in effect</skipped></testcase><testcase classname="src.pymortests.affine_grid" file="src/pymortests/affine_grid.py" line="91" name="test_jacobian_inverse_transposed_values[&lt;lambda&gt;17]" time="0.00040602684020996094"><skipped message="Suite splitting in effect" type="pytest.skip">src/pymortests/affine_grid.py:91: Suite splitting in effect</skipped></testcase><testcase classname="src.pymortests.affine_grid" file="src/pymortests/affine_grid.py" line="91" name="test_jacobian_inverse_transposed_values[&lt;lambda&gt;18]" time="0.0004105567932128906"><skipped message="Suite splitting in effect" type="pytest.skip">src/pymortests/affine_grid.py:91: Suite splitting in effect</skipped></testcase><testcase classname="src.pymortests.affine_grid" file="src/pymortests/affine_grid.py" line="91" name="test_jacobian_inverse_transposed_values[&lt;lambda&gt;19]" time="0.0004456043243408203"><skipped message="Suite splitting in effect" type="pytest.skip">src/pymortests/affine_grid.py:91: Suite splitting in effect</skipped></testcase><testcase classname="src.pymortests.affine_grid" file="src/pymortests/affine_grid.py" line="91" name="test_jacobian_inverse_transposed_values[&lt;lambda&gt;20]" time="0.0004260540008544922"><skipped message="Suite splitting in effect" type="pytest.skip">src/pymortests/affine_grid.py:91: Suite splitting in effect</skipped></testcase><testcase classname="src.pymortests.affine_grid" file="src/pymortests/affine_grid.py" line="91" name="test_jacobian_inverse_transposed_values[&lt;lambda&gt;21]" time="0.0004239082336425781"><skipped message="Suite splitting in effect" type="pytest.skip">src/pymortests/affine_grid.py:91: Suite splitting in effect</skipped></testcase><testcase classname="src.pymortests.affine_grid" file="src/pymortests/affine_grid.py" line="91" name="test_jacobian_inverse_transposed_values[&lt;lambda&gt;22]" time="0.00041866302490234375"><skipped message="Suite splitting in effect" type="pytest.skip">src/pymortests/affine_grid.py:91: Suite splitting in effect</skipped></testcase><testcase classname="src.pymortests.affine_grid" file="src/pymortests/affine_grid.py" line="91" name="test_jacobian_inverse_transposed_values[&lt;lambda&gt;23]" time="0.0004458427429199219"><skipped message="Suite splitting in effect" type="pytest.skip">src/pymortests/affine_grid.py:91: Suite splitting in effect</skipped></testcase><testcase classname="src.pymortests.affine_grid" file="src/pymortests/affine_grid.py" line="91" name="test_jacobian_inverse_transposed_values[&lt;lambda&gt;24]" time="0.0004189014434814453"><skipped message="Suite splitting in effect" type="pytest.skip">src/pymortests/affine_grid.py:91: Suite splitting in effect</skipped></testcase><testcase classname="src.pymortests.affine_grid" file="src/pymortests/affine_grid.py" line="91" name="test_jacobian_inverse_transposed_values[&lt;lambda&gt;25]" time="0.0004315376281738281"><skipped message="Suite splitting in effect" type="pytest.skip">src/pymortests/affine_grid.py:91: Suite splitting in effect</skipped></testcase><testcase classname="src.pymortests.affine_grid" file="src/pymortests/affine_grid.py" line="91" name="test_jacobian_inverse_transposed_values[&lt;lambda&gt;26]" time="0.0004494190216064453"><skipped message="Suite splitting in effect" type="pytest.skip">src/pymortests/affine_grid.py:91: Suite splitting in effect</skipped></testcase><testcase classname="src.pymortests.affine_grid" file="src/pymortests/affine_grid.py" line="91" name="test_jacobian_inverse_transposed_values[&lt;lambda&gt;27]" time="0.0004305839538574219"><skipped message="Suite splitting in effect" type="pytest.skip">src/pymortests/affine_grid.py:91: Suite splitting in effect</skipped></testcase><testcase classname="src.pymortests.affine_grid" file="src/pymortests/affine_grid.py" line="91" name="test_jacobian_inverse_transposed_values[&lt;lambda&gt;28]" time="0.0004169940948486328"><skipped message="Suite splitting in effect" type="pytest.skip">src/pymortests/affine_grid.py:91: Suite splitting in effect</skipped></testcase><testcase classname="src.pymortests.affine_grid" file="src/pymortests/affine_grid.py" line="91" name="test_jacobian_inverse_transposed_values[&lt;lambda&gt;29]" time="0.00043487548828125"><skipped message="Suite splitting in effect" type="pytest.skip">src/pymortests/affine_grid.py:91: Suite splitting in effect</skipped></testcase><testcase classname="src.pymortests.affine_grid" file="src/pymortests/affine_grid.py" line="91" name="test_jacobian_inverse_transposed_values[&lt;lambda&gt;30]" time="0.000415802001953125"><skipped message="Suite splitting in effect" type="pytest.skip">src/pymortests/affine_grid.py:91: Suite splitting in effect</skipped></testcase><testcase classname="src.pymortests.affine_grid" file="src/pymortests/affine_grid.py" line="91" name="test_jacobian_inverse_transposed_values[&lt;lambda&gt;31]" time="0.00041961669921875"><skipped message="Suite splitting in effect" type="pytest.skip">src/pymortests/affine_grid.py:91: Suite splitting in effect</skipped></testcase><testcase classname="src.pymortests.affine_grid" file="src/pymortests/affine_grid.py" line="91" name="test_jacobian_inverse_transposed_values[&lt;lambda&gt;32]" time="0.0004210472106933594"><skipped message="Suite splitting in effect" type="pytest.skip">src/pymortests/affine_grid.py:91: Suite splitting in effect</skipped></testcase><testcase classname="src.pymortests.affine_grid" file="src/pymortests/affine_grid.py" line="91" name="test_jacobian_inverse_transposed_values[&lt;lambda&gt;33]" time="0.0004451274871826172"><skipped message="Suite splitting in effect" type="pytest.skip">src/pymortests/affine_grid.py:91: Suite splitting in effect</skipped></testcase><testcase classname="src.pymortests.affine_grid" file="src/pymortests/affine_grid.py" line="91" name="test_jacobian_inverse_transposed_values[&lt;lambda&gt;34]" time="0.0004379749298095703"><skipped message="Suite splitting in effect" type="pytest.skip">src/pymortests/affine_grid.py:91: Suite splitting in effect</skipped></testcase><testcase classname="src.pymortests.affine_grid" file="src/pymortests/affine_grid.py" line="91" name="test_jacobian_inverse_transposed_values[&lt;lambda&gt;35]" time="0.0004470348358154297"><skipped message="Suite splitting in effect" type="pytest.skip">src/pymortests/affine_grid.py:91: Suite splitting in effect</skipped></testcase><testcase classname="src.pymortests.affine_grid" file="src/pymortests/affine_grid.py" line="91" name="test_jacobian_inverse_transposed_values[&lt;lambda&gt;36]" time="0.00043773651123046875"><skipped message="Suite splitting in effect" type="pytest.skip">src/pymortests/affine_grid.py:91: Suite splitting in effect</skipped></testcase><testcase classname="src.pymortests.affine_grid" file="src/pymortests/affine_grid.py" line="91" name="test_jacobian_inverse_transposed_values[&lt;lambda&gt;37]" time="0.0004048347473144531"><skipped message="Suite splitting in effect" type="pytest.skip">src/pymortests/affine_grid.py:91: Suite splitting in effect</skipped></testcase><testcase classname="src.pymortests.affine_grid" file="src/pymortests/affine_grid.py" line="91" name="test_jacobian_inverse_transposed_values[&lt;lambda&gt;38]" time="0.00042939186096191406"><skipped message="Suite splitting in effect" type="pytest.skip">src/pymortests/affine_grid.py:91: Suite splitting in effect</skipped></testcase><testcase classname="src.pymortests.affine_grid" file="src/pymortests/affine_grid.py" line="91" name="test_jacobian_inverse_transposed_values[&lt;lambda&gt;39]" time="0.0004322528839111328"><skipped message="Suite splitting in effect" type="pytest.skip">src/pymortests/affine_grid.py:91: Suite splitting in effect</skipped></testcase><testcase classname="src.pymortests.affine_grid" file="src/pymortests/affine_grid.py" line="91" name="test_jacobian_inverse_transposed_values[&lt;lambda&gt;40]" time="0.0004367828369140625"><skipped message="Suite splitting in effect" type="pytest.skip">src/pymortests/affine_grid.py:91: Suite splitting in effect</skipped></testcase><testcase classname="src.pymortests.affine_grid" file="src/pymortests/affine_grid.py" line="91" name="test_jacobian_inverse_transposed_values[&lt;lambda&gt;41]" time="0.0004124641418457031"><skipped message="Suite splitting in effect" type="pytest.skip">src/pymortests/affine_grid.py:91: Suite splitting in effect</skipped></testcase><testcase classname="src.pymortests.affine_grid" file="src/pymortests/affine_grid.py" line="91" name="test_jacobian_inverse_transposed_values[&lt;lambda&gt;42]" time="0.00042748451232910156"><skipped message="Suite splitting in effect" type="pytest.skip">src/pymortests/affine_grid.py:91: Suite splitting in effect</skipped></testcase><testcase classname="src.pymortests.affine_grid" file="src/pymortests/affine_grid.py" line="100" name="test_integration_elements_wrong_arguments[&lt;lambda&gt;0]" time="0.0004131793975830078"><skipped message="Suite splitting in effect" type="pytest.skip">src/pymortests/affine_grid.py:100: Suite splitting in effect</skipped></testcase><testcase classname="src.pymortests.affine_grid" file="src/pymortests/affine_grid.py" line="100" name="test_integration_elements_wrong_arguments[&lt;lambda&gt;1]" time="0.0004329681396484375"><skipped message="Suite splitting in effect" type="pytest.skip">src/pymortests/affine_grid.py:100: Suite splitting in effect</skipped></testcase><testcase classname="src.pymortests.affine_grid" file="src/pymortests/affine_grid.py" line="100" name="test_integration_elements_wrong_arguments[&lt;lambda&gt;2]" time="0.0003960132598876953"><skipped message="Suite splitting in effect" type="pytest.skip">src/pymortests/affine_grid.py:100: Suite splitting in effect</skipped></testcase><testcase classname="src.pymortests.affine_grid" file="src/pymortests/affine_grid.py" line="100" name="test_integration_elements_wrong_arguments[&lt;lambda&gt;3]" time="0.00043487548828125"><skipped message="Suite splitting in effect" type="pytest.skip">src/pymortests/affine_grid.py:100: Suite splitting in effect</skipped></testcase><testcase classname="src.pymortests.affine_grid" file="src/pymortests/affine_grid.py" line="100" name="test_integration_elements_wrong_arguments[&lt;lambda&gt;4]" time="0.0004200935363769531"><skipped message="Suite splitting in effect" type="pytest.skip">src/pymortests/affine_grid.py:100: Suite splitting in effect</skipped></testcase><testcase classname="src.pymortests.affine_grid" file="src/pymortests/affine_grid.py" line="100" name="test_integration_elements_wrong_arguments[&lt;lambda&gt;5]" time="0.00042819976806640625"><skipped message="Suite splitting in effect" type="pytest.skip">src/pymortests/affine_grid.py:100: Suite splitting in effect</skipped></testcase><testcase classname="src.pymortests.affine_grid" file="src/pymortests/affine_grid.py" line="100" name="test_integration_elements_wrong_arguments[&lt;lambda&gt;6]" time="0.00040149688720703125"><skipped message="Suite splitting in effect" type="pytest.skip">src/pymortests/affine_grid.py:100: Suite splitting in effect</skipped></testcase><testcase classname="src.pymortests.affine_grid" file="src/pymortests/affine_grid.py" line="100" name="test_integration_elements_wrong_arguments[&lt;lambda&gt;7]" time="0.0004360675811767578"><skipped message="Suite splitting in effect" type="pytest.skip">src/pymortests/affine_grid.py:100: Suite splitting in effect</skipped></testcase><testcase classname="src.pymortests.affine_grid" file="src/pymortests/affine_grid.py" line="100" name="test_integration_elements_wrong_arguments[&lt;lambda&gt;8]" time="0.0004017353057861328"><skipped message="Suite splitting in effect" type="pytest.skip">src/pymortests/affine_grid.py:100: Suite splitting in effect</skipped></testcase><testcase classname="src.pymortests.affine_grid" file="src/pymortests/affine_grid.py" line="100" name="test_integration_elements_wrong_arguments[&lt;lambda&gt;9]" time="0.0004425048828125"><skipped message="Suite splitting in effect" type="pytest.skip">src/pymortests/affine_grid.py:100: Suite splitting in effect</skipped></testcase><testcase classname="src.pymortests.affine_grid" file="src/pymortests/affine_grid.py" line="100" name="test_integration_elements_wrong_arguments[&lt;lambda&gt;10]" time="0.00041937828063964844"><skipped message="Suite splitting in effect" type="pytest.skip">src/pymortests/affine_grid.py:100: Suite splitting in effect</skipped></testcase><testcase classname="src.pymortests.affine_grid" file="src/pymortests/affine_grid.py" line="100" name="test_integration_elements_wrong_arguments[&lt;lambda&gt;11]" time="0.00041866302490234375"><skipped message="Suite splitting in effect" type="pytest.skip">src/pymortests/affine_grid.py:100: Suite splitting in effect</skipped></testcase><testcase classname="src.pymortests.affine_grid" file="src/pymortests/affine_grid.py" line="100" name="test_integration_elements_wrong_arguments[&lt;lambda&gt;12]" time="0.0004677772521972656"><skipped message="Suite splitting in effect" type="pytest.skip">src/pymortests/affine_grid.py:100: Suite splitting in effect</skipped></testcase><testcase classname="src.pymortests.affine_grid" file="src/pymortests/affine_grid.py" line="100" name="test_integration_elements_wrong_arguments[&lt;lambda&gt;13]" time="0.0004184246063232422"><skipped message="Suite splitting in effect" type="pytest.skip">src/pymortests/affine_grid.py:100: Suite splitting in effect</skipped></testcase><testcase classname="src.pymortests.affine_grid" file="src/pymortests/affine_grid.py" line="100" name="test_integration_elements_wrong_arguments[&lt;lambda&gt;14]" time="0.00044155120849609375"><skipped message="Suite splitting in effect" type="pytest.skip">src/pymortests/affine_grid.py:100: Suite splitting in effect</skipped></testcase><testcase classname="src.pymortests.affine_grid" file="src/pymortests/affine_grid.py" line="100" name="test_integration_elements_wrong_arguments[&lt;lambda&gt;15]" time="0.00039887428283691406"><skipped message="Suite splitting in effect" type="pytest.skip">src/pymortests/affine_grid.py:100: Suite splitting in effect</skipped></testcase><testcase classname="src.pymortests.affine_grid" file="src/pymortests/affine_grid.py" line="100" name="test_integration_elements_wrong_arguments[&lt;lambda&gt;16]" time="0.0004506111145019531"><skipped message="Suite splitting in effect" type="pytest.skip">src/pymortests/affine_grid.py:100: Suite splitting in effect</skipped></testcase><testcase classname="src.pymortests.affine_grid" file="src/pymortests/affine_grid.py" line="100" name="test_integration_elements_wrong_arguments[&lt;lambda&gt;17]" time="0.0004239082336425781"><skipped message="Suite splitting in effect" type="pytest.skip">src/pymortests/affine_grid.py:100: Suite splitting in effect</skipped></testcase><testcase classname="src.pymortests.affine_grid" file="src/pymortests/affine_grid.py" line="100" name="test_integration_elements_wrong_arguments[&lt;lambda&gt;18]" time="0.000415802001953125"><skipped message="Suite splitting in effect" type="pytest.skip">src/pymortests/affine_grid.py:100: Suite splitting in effect</skipped></testcase><testcase classname="src.pymortests.affine_grid" file="src/pymortests/affine_grid.py" line="100" name="test_integration_elements_wrong_arguments[&lt;lambda&gt;19]" time="0.00043129920959472656"><skipped message="Suite splitting in effect" type="pytest.skip">src/pymortests/affine_grid.py:100: Suite splitting in effect</skipped></testcase><testcase classname="src.pymortests.affine_grid" file="src/pymortests/affine_grid.py" line="100" name="test_integration_elements_wrong_arguments[&lt;lambda&gt;20]" time="0.0004131793975830078"><skipped message="Suite splitting in effect" type="pytest.skip">src/pymortests/affine_grid.py:100: Suite splitting in effect</skipped></testcase><testcase classname="src.pymortests.affine_grid" file="src/pymortests/affine_grid.py" line="100" name="test_integration_elements_wrong_arguments[&lt;lambda&gt;21]" time="0.0004088878631591797"><skipped message="Suite splitting in effect" type="pytest.skip">src/pymortests/affine_grid.py:100: Suite splitting in effect</skipped></testcase><testcase classname="src.pymortests.affine_grid" file="src/pymortests/affine_grid.py" line="100" name="test_integration_elements_wrong_arguments[&lt;lambda&gt;22]" time="0.0004010200500488281"><skipped message="Suite splitting in effect" type="pytest.skip">src/pymortests/affine_grid.py:100: Suite splitting in effect</skipped></testcase><testcase classname="src.pymortests.affine_grid" file="src/pymortests/affine_grid.py" line="100" name="test_integration_elements_wrong_arguments[&lt;lambda&gt;23]" time="0.0004124641418457031"><skipped message="Suite splitting in effect" type="pytest.skip">src/pymortests/affine_grid.py:100: Suite splitting in effect</skipped></testcase><testcase classname="src.pymortests.affine_grid" file="src/pymortests/affine_grid.py" line="100" name="test_integration_elements_wrong_arguments[&lt;lambda&gt;24]" time="0.00042128562927246094"><skipped message="Suite splitting in effect" type="pytest.skip">src/pymortests/affine_grid.py:100: Suite splitting in effect</skipped></testcase><testcase classname="src.pymortests.affine_grid" file="src/pymortests/affine_grid.py" line="100" name="test_integration_elements_wrong_arguments[&lt;lambda&gt;25]" time="0.0004611015319824219"><skipped message="Suite splitting in effect" type="pytest.skip">src/pymortests/affine_grid.py:100: Suite splitting in effect</skipped></testcase><testcase classname="src.pymortests.affine_grid" file="src/pymortests/affine_grid.py" line="100" name="test_integration_elements_wrong_arguments[&lt;lambda&gt;26]" time="0.00042748451232910156"><skipped message="Suite splitting in effect" type="pytest.skip">src/pymortests/affine_grid.py:100: Suite splitting in effect</skipped></testcase><testcase classname="src.pymortests.affine_grid" file="src/pymortests/affine_grid.py" line="100" name="test_integration_elements_wrong_arguments[&lt;lambda&gt;27]" time="0.00041794776916503906"><skipped message="Suite splitting in effect" type="pytest.skip">src/pymortests/affine_grid.py:100: Suite splitting in effect</skipped></testcase><testcase classname="src.pymortests.affine_grid" file="src/pymortests/affine_grid.py" line="100" name="test_integration_elements_wrong_arguments[&lt;lambda&gt;28]" time="0.0004246234893798828"><skipped message="Suite splitting in effect" type="pytest.skip">src/pymortests/affine_grid.py:100: Suite splitting in effect</skipped></testcase><testcase classname="src.pymortests.affine_grid" file="src/pymortests/affine_grid.py" line="100" name="test_integration_elements_wrong_arguments[&lt;lambda&gt;29]" time="0.0004267692565917969"><skipped message="Suite splitting in effect" type="pytest.skip">src/pymortests/affine_grid.py:100: Suite splitting in effect</skipped></testcase><testcase classname="src.pymortests.affine_grid" file="src/pymortests/affine_grid.py" line="100" name="test_integration_elements_wrong_arguments[&lt;lambda&gt;30]" time="0.00042700767517089844"><skipped message="Suite splitting in effect" type="pytest.skip">src/pymortests/affine_grid.py:100: Suite splitting in effect</skipped></testcase><testcase classname="src.pymortests.affine_grid" file="src/pymortests/affine_grid.py" line="100" name="test_integration_elements_wrong_arguments[&lt;lambda&gt;31]" time="0.0004189014434814453"><skipped message="Suite splitting in effect" type="pytest.skip">src/pymortests/affine_grid.py:100: Suite splitting in effect</skipped></testcase><testcase classname="src.pymortests.affine_grid" file="src/pymortests/affine_grid.py" line="100" name="test_integration_elements_wrong_arguments[&lt;lambda&gt;32]" time="0.00042319297790527344"><skipped message="Suite splitting in effect" type="pytest.skip">src/pymortests/affine_grid.py:100: Suite splitting in effect</skipped></testcase><testcase classname="src.pymortests.affine_grid" file="src/pymortests/affine_grid.py" line="100" name="test_integration_elements_wrong_arguments[&lt;lambda&gt;33]" time="0.0006549358367919922"><skipped message="Suite splitting in effect" type="pytest.skip">src/pymortests/affine_grid.py:100: Suite splitting in effect</skipped></testcase><testcase classname="src.pymortests.affine_grid" file="src/pymortests/affine_grid.py" line="100" name="test_integration_elements_wrong_arguments[&lt;lambda&gt;34]" time="0.0004355907440185547"><skipped message="Suite splitting in effect" type="pytest.skip">src/pymortests/affine_grid.py:100: Suite splitting in effect</skipped></testcase><testcase classname="src.pymortests.affine_grid" file="src/pymortests/affine_grid.py" line="100" name="test_integration_elements_wrong_arguments[&lt;lambda&gt;35]" time="0.00041937828063964844"><skipped message="Suite splitting in effect" type="pytest.skip">src/pymortests/affine_grid.py:100: Suite splitting in effect</skipped></testcase><testcase classname="src.pymortests.affine_grid" file="src/pymortests/affine_grid.py" line="100" name="test_integration_elements_wrong_arguments[&lt;lambda&gt;36]" time="0.0004360675811767578"><skipped message="Suite splitting in effect" type="pytest.skip">src/pymortests/affine_grid.py:100: Suite splitting in effect</skipped></testcase><testcase classname="src.pymortests.affine_grid" file="src/pymortests/affine_grid.py" line="100" name="test_integration_elements_wrong_arguments[&lt;lambda&gt;37]" time="0.0004172325134277344"><skipped message="Suite splitting in effect" type="pytest.skip">src/pymortests/affine_grid.py:100: Suite splitting in effect</skipped></testcase><testcase classname="src.pymortests.affine_grid" file="src/pymortests/affine_grid.py" line="100" name="test_integration_elements_wrong_arguments[&lt;lambda&gt;38]" time="0.0004208087921142578"><skipped message="Suite splitting in effect" type="pytest.skip">src/pymortests/affine_grid.py:100: Suite splitting in effect</skipped></testcase><testcase classname="src.pymortests.affine_grid" file="src/pymortests/affine_grid.py" line="100" name="test_integration_elements_wrong_arguments[&lt;lambda&gt;39]" time="0.0004239082336425781"><skipped message="Suite splitting in effect" type="pytest.skip">src/pymortests/affine_grid.py:100: Suite splitting in effect</skipped></testcase><testcase classname="src.pymortests.affine_grid" file="src/pymortests/affine_grid.py" line="100" name="test_integration_elements_wrong_arguments[&lt;lambda&gt;40]" time="0.0004181861877441406"><skipped message="Suite splitting in effect" type="pytest.skip">src/pymortests/affine_grid.py:100: Suite splitting in effect</skipped></testcase><testcase classname="src.pymortests.affine_grid" file="src/pymortests/affine_grid.py" line="100" name="test_integration_elements_wrong_arguments[&lt;lambda&gt;41]" time="0.00041866302490234375"><skipped message="Suite splitting in effect" type="pytest.skip">src/pymortests/affine_grid.py:100: Suite splitting in effect</skipped></testcase><testcase classname="src.pymortests.affine_grid" file="src/pymortests/affine_grid.py" line="100" name="test_integration_elements_wrong_arguments[&lt;lambda&gt;42]" time="0.00043487548828125"><skipped message="Suite splitting in effect" type="pytest.skip">src/pymortests/affine_grid.py:100: Suite splitting in effect</skipped></testcase><testcase classname="src.pymortests.affine_grid" file="src/pymortests/affine_grid.py" line="108" name="test_integration_elements_shape[&lt;lambda&gt;0]" time="0.00042247772216796875"><skipped message="Suite splitting in effect" type="pytest.skip">src/pymortests/affine_grid.py:108: Suite splitting in effect</skipped></testcase><testcase classname="src.pymortests.affine_grid" file="src/pymortests/affine_grid.py" line="108" name="test_integration_elements_shape[&lt;lambda&gt;1]" time="0.0004124641418457031"><skipped message="Suite splitting in effect" type="pytest.skip">src/pymortests/affine_grid.py:108: Suite splitting in effect</skipped></testcase><testcase classname="src.pymortests.affine_grid" file="src/pymortests/affine_grid.py" line="108" name="test_integration_elements_shape[&lt;lambda&gt;2]" time="0.0004477500915527344"><skipped message="Suite splitting in effect" type="pytest.skip">src/pymortests/affine_grid.py:108: Suite splitting in effect</skipped></testcase><testcase classname="src.pymortests.affine_grid" file="src/pymortests/affine_grid.py" line="108" name="test_integration_elements_shape[&lt;lambda&gt;3]" time="0.0004062652587890625"><skipped message="Suite splitting in effect" type="pytest.skip">src/pymortests/affine_grid.py:108: Suite splitting in effect</skipped></testcase><testcase classname="src.pymortests.affine_grid" file="src/pymortests/affine_grid.py" line="108" name="test_integration_elements_shape[&lt;lambda&gt;4]" time="0.00042891502380371094"><skipped message="Suite splitting in effect" type="pytest.skip">src/pymortests/affine_grid.py:108: Suite splitting in effect</skipped></testcase><testcase classname="src.pymortests.affine_grid" file="src/pymortests/affine_grid.py" line="108" name="test_integration_elements_shape[&lt;lambda&gt;5]" time="0.00041484832763671875"><skipped message="Suite splitting in effect" type="pytest.skip">src/pymortests/affine_grid.py:108: Suite splitting in effect</skipped></testcase><testcase classname="src.pymortests.affine_grid" file="src/pymortests/affine_grid.py" line="108" name="test_integration_elements_shape[&lt;lambda&gt;6]" time="0.0004165172576904297"><skipped message="Suite splitting in effect" type="pytest.skip">src/pymortests/affine_grid.py:108: Suite splitting in effect</skipped></testcase><testcase classname="src.pymortests.affine_grid" file="src/pymortests/affine_grid.py" line="108" name="test_integration_elements_shape[&lt;lambda&gt;7]" time="0.0004680156707763672"><skipped message="Suite splitting in effect" type="pytest.skip">src/pymortests/affine_grid.py:108: Suite splitting in effect</skipped></testcase><testcase classname="src.pymortests.affine_grid" file="src/pymortests/affine_grid.py" line="108" name="test_integration_elements_shape[&lt;lambda&gt;8]" time="0.00041484832763671875"><skipped message="Suite splitting in effect" type="pytest.skip">src/pymortests/affine_grid.py:108: Suite splitting in effect</skipped></testcase><testcase classname="src.pymortests.affine_grid" file="src/pymortests/affine_grid.py" line="108" name="test_integration_elements_shape[&lt;lambda&gt;9]" time="0.0004260540008544922"><skipped message="Suite splitting in effect" type="pytest.skip">src/pymortests/affine_grid.py:108: Suite splitting in effect</skipped></testcase><testcase classname="src.pymortests.affine_grid" file="src/pymortests/affine_grid.py" line="108" name="test_integration_elements_shape[&lt;lambda&gt;10]" time="0.0004119873046875"><skipped message="Suite splitting in effect" type="pytest.skip">src/pymortests/affine_grid.py:108: Suite splitting in effect</skipped></testcase><testcase classname="src.pymortests.affine_grid" file="src/pymortests/affine_grid.py" line="108" name="test_integration_elements_shape[&lt;lambda&gt;11]" time="0.0004374980926513672"><skipped message="Suite splitting in effect" type="pytest.skip">src/pymortests/affine_grid.py:108: Suite splitting in effect</skipped></testcase><testcase classname="src.pymortests.affine_grid" file="src/pymortests/affine_grid.py" line="108" name="test_integration_elements_shape[&lt;lambda&gt;12]" time="0.0004413127899169922"><skipped message="Suite splitting in effect" type="pytest.skip">src/pymortests/affine_grid.py:108: Suite splitting in effect</skipped></testcase><testcase classname="src.pymortests.affine_grid" file="src/pymortests/affine_grid.py" line="108" name="test_integration_elements_shape[&lt;lambda&gt;13]" time="0.0006818771362304688"><skipped message="Suite splitting in effect" type="pytest.skip">src/pymortests/affine_grid.py:108: Suite splitting in effect</skipped></testcase><testcase classname="src.pymortests.affine_grid" file="src/pymortests/affine_grid.py" line="108" name="test_integration_elements_shape[&lt;lambda&gt;14]" time="0.00040149688720703125"><skipped message="Suite splitting in effect" type="pytest.skip">src/pymortests/affine_grid.py:108: Suite splitting in effect</skipped></testcase><testcase classname="src.pymortests.affine_grid" file="src/pymortests/affine_grid.py" line="108" name="test_integration_elements_shape[&lt;lambda&gt;15]" time="0.00042939186096191406"><skipped message="Suite splitting in effect" type="pytest.skip">src/pymortests/affine_grid.py:108: Suite splitting in effect</skipped></testcase><testcase classname="src.pymortests.affine_grid" file="src/pymortests/affine_grid.py" line="108" name="test_integration_elements_shape[&lt;lambda&gt;16]" time="0.00040531158447265625"><skipped message="Suite splitting in effect" type="pytest.skip">src/pymortests/affine_grid.py:108: Suite splitting in effect</skipped></testcase><testcase classname="src.pymortests.affine_grid" file="src/pymortests/affine_grid.py" line="108" name="test_integration_elements_shape[&lt;lambda&gt;17]" time="0.0004239082336425781"><skipped message="Suite splitting in effect" type="pytest.skip">src/pymortests/affine_grid.py:108: Suite splitting in effect</skipped></testcase><testcase classname="src.pymortests.affine_grid" file="src/pymortests/affine_grid.py" line="108" name="test_integration_elements_shape[&lt;lambda&gt;18]" time="0.00045013427734375"><skipped message="Suite splitting in effect" type="pytest.skip">src/pymortests/affine_grid.py:108: Suite splitting in effect</skipped></testcase><testcase classname="src.pymortests.affine_grid" file="src/pymortests/affine_grid.py" line="108" name="test_integration_elements_shape[&lt;lambda&gt;19]" time="0.00042319297790527344"><skipped message="Suite splitting in effect" type="pytest.skip">src/pymortests/affine_grid.py:108: Suite splitting in effect</skipped></testcase><testcase classname="src.pymortests.affine_grid" file="src/pymortests/affine_grid.py" line="108" name="test_integration_elements_shape[&lt;lambda&gt;20]" time="0.0004527568817138672"><skipped message="Suite splitting in effect" type="pytest.skip">src/pymortests/affine_grid.py:108: Suite splitting in effect</skipped></testcase><testcase classname="src.pymortests.affine_grid" file="src/pymortests/affine_grid.py" line="108" name="test_integration_elements_shape[&lt;lambda&gt;21]" time="0.00040912628173828125"><skipped message="Suite splitting in effect" type="pytest.skip">src/pymortests/affine_grid.py:108: Suite splitting in effect</skipped></testcase><testcase classname="src.pymortests.affine_grid" file="src/pymortests/affine_grid.py" line="108" name="test_integration_elements_shape[&lt;lambda&gt;22]" time="0.000423431396484375"><skipped message="Suite splitting in effect" type="pytest.skip">src/pymortests/affine_grid.py:108: Suite splitting in effect</skipped></testcase><testcase classname="src.pymortests.affine_grid" file="src/pymortests/affine_grid.py" line="108" name="test_integration_elements_shape[&lt;lambda&gt;23]" time="0.0004374980926513672"><skipped message="Suite splitting in effect" type="pytest.skip">src/pymortests/affine_grid.py:108: Suite splitting in effect</skipped></testcase><testcase classname="src.pymortests.affine_grid" file="src/pymortests/affine_grid.py" line="108" name="test_integration_elements_shape[&lt;lambda&gt;24]" time="0.00042057037353515625"><skipped message="Suite splitting in effect" type="pytest.skip">src/pymortests/affine_grid.py:108: Suite splitting in effect</skipped></testcase><testcase classname="src.pymortests.affine_grid" file="src/pymortests/affine_grid.py" line="108" name="test_integration_elements_shape[&lt;lambda&gt;25]" time="0.0004489421844482422"><skipped message="Suite splitting in effect" type="pytest.skip">src/pymortests/affine_grid.py:108: Suite splitting in effect</skipped></testcase><testcase classname="src.pymortests.affine_grid" file="src/pymortests/affine_grid.py" line="108" name="test_integration_elements_shape[&lt;lambda&gt;26]" time="0.0004222393035888672"><skipped message="Suite splitting in effect" type="pytest.skip">src/pymortests/affine_grid.py:108: Suite splitting in effect</skipped></testcase><testcase classname="src.pymortests.affine_grid" file="src/pymortests/affine_grid.py" line="108" name="test_integration_elements_shape[&lt;lambda&gt;27]" time="0.0004203319549560547"><skipped message="Suite splitting in effect" type="pytest.skip">src/pymortests/affine_grid.py:108: Suite splitting in effect</skipped></testcase><testcase classname="src.pymortests.affine_grid" file="src/pymortests/affine_grid.py" line="108" name="test_integration_elements_shape[&lt;lambda&gt;28]" time="0.0004286766052246094"><skipped message="Suite splitting in effect" type="pytest.skip">src/pymortests/affine_grid.py:108: Suite splitting in effect</skipped></testcase><testcase classname="src.pymortests.affine_grid" file="src/pymortests/affine_grid.py" line="108" name="test_integration_elements_shape[&lt;lambda&gt;29]" time="0.0004105567932128906"><skipped message="Suite splitting in effect" type="pytest.skip">src/pymortests/affine_grid.py:108: Suite splitting in effect</skipped></testcase><testcase classname="src.pymortests.affine_grid" file="src/pymortests/affine_grid.py" line="108" name="test_integration_elements_shape[&lt;lambda&gt;30]" time="0.0004317760467529297"><skipped message="Suite splitting in effect" type="pytest.skip">src/pymortests/affine_grid.py:108: Suite splitting in effect</skipped></testcase><testcase classname="src.pymortests.affine_grid" file="src/pymortests/affine_grid.py" line="108" name="test_integration_elements_shape[&lt;lambda&gt;31]" time="0.0004324913024902344"><skipped message="Suite splitting in effect" type="pytest.skip">src/pymortests/affine_grid.py:108: Suite splitting in effect</skipped></testcase><testcase classname="src.pymortests.affine_grid" file="src/pymortests/affine_grid.py" line="108" name="test_integration_elements_shape[&lt;lambda&gt;32]" time="0.0004222393035888672"><skipped message="Suite splitting in effect" type="pytest.skip">src/pymortests/affine_grid.py:108: Suite splitting in effect</skipped></testcase><testcase classname="src.pymortests.affine_grid" file="src/pymortests/affine_grid.py" line="108" name="test_integration_elements_shape[&lt;lambda&gt;33]" time="0.0004622936248779297"><skipped message="Suite splitting in effect" type="pytest.skip">src/pymortests/affine_grid.py:108: Suite splitting in effect</skipped></testcase><testcase classname="src.pymortests.affine_grid" file="src/pymortests/affine_grid.py" line="108" name="test_integration_elements_shape[&lt;lambda&gt;34]" time="0.00042939186096191406"><skipped message="Suite splitting in effect" type="pytest.skip">src/pymortests/affine_grid.py:108: Suite splitting in effect</skipped></testcase><testcase classname="src.pymortests.affine_grid" file="src/pymortests/affine_grid.py" line="108" name="test_integration_elements_shape[&lt;lambda&gt;35]" time="0.0004165172576904297"><skipped message="Suite splitting in effect" type="pytest.skip">src/pymortests/affine_grid.py:108: Suite splitting in effect</skipped></testcase><testcase classname="src.pymortests.affine_grid" file="src/pymortests/affine_grid.py" line="108" name="test_integration_elements_shape[&lt;lambda&gt;36]" time="0.00041365623474121094"><skipped message="Suite splitting in effect" type="pytest.skip">src/pymortests/affine_grid.py:108: Suite splitting in effect</skipped></testcase><testcase classname="src.pymortests.affine_grid" file="src/pymortests/affine_grid.py" line="108" name="test_integration_elements_shape[&lt;lambda&gt;37]" time="0.00042939186096191406"><skipped message="Suite splitting in effect" type="pytest.skip">src/pymortests/affine_grid.py:108: Suite splitting in effect</skipped></testcase><testcase classname="src.pymortests.affine_grid" file="src/pymortests/affine_grid.py" line="108" name="test_integration_elements_shape[&lt;lambda&gt;38]" time="0.0004031658172607422"><skipped message="Suite splitting in effect" type="pytest.skip">src/pymortests/affine_grid.py:108: Suite splitting in effect</skipped></testcase><testcase classname="src.pymortests.affine_grid" file="src/pymortests/affine_grid.py" line="108" name="test_integration_elements_shape[&lt;lambda&gt;39]" time="0.0004303455352783203"><skipped message="Suite splitting in effect" type="pytest.skip">src/pymortests/affine_grid.py:108: Suite splitting in effect</skipped></testcase><testcase classname="src.pymortests.affine_grid" file="src/pymortests/affine_grid.py" line="108" name="test_integration_elements_shape[&lt;lambda&gt;40]" time="0.0004019737243652344"><skipped message="Suite splitting in effect" type="pytest.skip">src/pymortests/affine_grid.py:108: Suite splitting in effect</skipped></testcase><testcase classname="src.pymortests.affine_grid" file="src/pymortests/affine_grid.py" line="108" name="test_integration_elements_shape[&lt;lambda&gt;41]" time="0.0004296302795410156"><skipped message="Suite splitting in effect" type="pytest.skip">src/pymortests/affine_grid.py:108: Suite splitting in effect</skipped></testcase><testcase classname="src.pymortests.affine_grid" file="src/pymortests/affine_grid.py" line="108" name="test_integration_elements_shape[&lt;lambda&gt;42]" time="0.00042748451232910156"><skipped message="Suite splitting in effect" type="pytest.skip">src/pymortests/affine_grid.py:108: Suite splitting in effect</skipped></testcase><testcase classname="src.pymortests.affine_grid" file="src/pymortests/affine_grid.py" line="114" name="test_integration_elements_values[&lt;lambda&gt;0]" time="0.00042438507080078125"><skipped message="Suite splitting in effect" type="pytest.skip">src/pymortests/affine_grid.py:114: Suite splitting in effect</skipped></testcase><testcase classname="src.pymortests.affine_grid" file="src/pymortests/affine_grid.py" line="114" name="test_integration_elements_values[&lt;lambda&gt;1]" time="0.0004131793975830078"><skipped message="Suite splitting in effect" type="pytest.skip">src/pymortests/affine_grid.py:114: Suite splitting in effect</skipped></testcase><testcase classname="src.pymortests.affine_grid" file="src/pymortests/affine_grid.py" line="114" name="test_integration_elements_values[&lt;lambda&gt;2]" time="0.00041031837463378906"><skipped message="Suite splitting in effect" type="pytest.skip">src/pymortests/affine_grid.py:114: Suite splitting in effect</skipped></testcase><testcase classname="src.pymortests.affine_grid" file="src/pymortests/affine_grid.py" line="114" name="test_integration_elements_values[&lt;lambda&gt;3]" time="0.0004200935363769531"><skipped message="Suite splitting in effect" type="pytest.skip">src/pymortests/affine_grid.py:114: Suite splitting in effect</skipped></testcase><testcase classname="src.pymortests.affine_grid" file="src/pymortests/affine_grid.py" line="114" name="test_integration_elements_values[&lt;lambda&gt;4]" time="0.0004303455352783203"><skipped message="Suite splitting in effect" type="pytest.skip">src/pymortests/affine_grid.py:114: Suite splitting in effect</skipped></testcase><testcase classname="src.pymortests.affine_grid" file="src/pymortests/affine_grid.py" line="114" name="test_integration_elements_values[&lt;lambda&gt;5]" time="0.00042366981506347656"><skipped message="Suite splitting in effect" type="pytest.skip">src/pymortests/affine_grid.py:114: Suite splitting in effect</skipped></testcase><testcase classname="src.pymortests.affine_grid" file="src/pymortests/affine_grid.py" line="114" name="test_integration_elements_values[&lt;lambda&gt;6]" time="0.00043010711669921875"><skipped message="Suite splitting in effect" type="pytest.skip">src/pymortests/affine_grid.py:114: Suite splitting in effect</skipped></testcase><testcase classname="src.pymortests.affine_grid" file="src/pymortests/affine_grid.py" line="114" name="test_integration_elements_values[&lt;lambda&gt;7]" time="0.00042057037353515625"><skipped message="Suite splitting in effect" type="pytest.skip">src/pymortests/affine_grid.py:114: Suite splitting in effect</skipped></testcase><testcase classname="src.pymortests.affine_grid" file="src/pymortests/affine_grid.py" line="114" name="test_integration_elements_values[&lt;lambda&gt;8]" time="0.0004241466522216797"><skipped message="Suite splitting in effect" type="pytest.skip">src/pymortests/affine_grid.py:114: Suite splitting in effect</skipped></testcase><testcase classname="src.pymortests.affine_grid" file="src/pymortests/affine_grid.py" line="114" name="test_integration_elements_values[&lt;lambda&gt;9]" time="0.00043082237243652344"><skipped message="Suite splitting in effect" type="pytest.skip">src/pymortests/affine_grid.py:114: Suite splitting in effect</skipped></testcase><testcase classname="src.pymortests.affine_grid" file="src/pymortests/affine_grid.py" line="114" name="test_integration_elements_values[&lt;lambda&gt;10]" time="0.0004475116729736328"><skipped message="Suite splitting in effect" type="pytest.skip">src/pymortests/affine_grid.py:114: Suite splitting in effect</skipped></testcase><testcase classname="src.pymortests.affine_grid" file="src/pymortests/affine_grid.py" line="114" name="test_integration_elements_values[&lt;lambda&gt;11]" time="0.0004277229309082031"><skipped message="Suite splitting in effect" type="pytest.skip">src/pymortests/affine_grid.py:114: Suite splitting in effect</skipped></testcase><testcase classname="src.pymortests.affine_grid" file="src/pymortests/affine_grid.py" line="114" name="test_integration_elements_values[&lt;lambda&gt;12]" time="0.0004420280456542969"><skipped message="Suite splitting in effect" type="pytest.skip">src/pymortests/affine_grid.py:114: Suite splitting in effect</skipped></testcase><testcase classname="src.pymortests.affine_grid" file="src/pymortests/affine_grid.py" line="114" name="test_integration_elements_values[&lt;lambda&gt;13]" time="0.0004210472106933594"><skipped message="Suite splitting in effect" type="pytest.skip">src/pymortests/affine_grid.py:114: Suite splitting in effect</skipped></testcase><testcase classname="src.pymortests.affine_grid" file="src/pymortests/affine_grid.py" line="114" name="test_integration_elements_values[&lt;lambda&gt;14]" time="0.0004413127899169922"><skipped message="Suite splitting in effect" type="pytest.skip">src/pymortests/affine_grid.py:114: Suite splitting in effect</skipped></testcase><testcase classname="src.pymortests.affine_grid" file="src/pymortests/affine_grid.py" line="114" name="test_integration_elements_values[&lt;lambda&gt;15]" time="0.0004055500030517578"><skipped message="Suite splitting in effect" type="pytest.skip">src/pymortests/affine_grid.py:114: Suite splitting in effect</skipped></testcase><testcase classname="src.pymortests.affine_grid" file="src/pymortests/affine_grid.py" line="114" name="test_integration_elements_values[&lt;lambda&gt;16]" time="0.0004322528839111328"><skipped message="Suite splitting in effect" type="pytest.skip">src/pymortests/affine_grid.py:114: Suite splitting in effect</skipped></testcase><testcase classname="src.pymortests.affine_grid" file="src/pymortests/affine_grid.py" line="114" name="test_integration_elements_values[&lt;lambda&gt;17]" time="0.0004067420959472656"><skipped message="Suite splitting in effect" type="pytest.skip">src/pymortests/affine_grid.py:114: Suite splitting in effect</skipped></testcase><testcase classname="src.pymortests.affine_grid" file="src/pymortests/affine_grid.py" line="114" name="test_integration_elements_values[&lt;lambda&gt;18]" time="0.00042319297790527344"><skipped message="Suite splitting in effect" type="pytest.skip">src/pymortests/affine_grid.py:114: Suite splitting in effect</skipped></testcase><testcase classname="src.pymortests.affine_grid" file="src/pymortests/affine_grid.py" line="114" name="test_integration_elements_values[&lt;lambda&gt;19]" time="0.0004096031188964844"><skipped message="Suite splitting in effect" type="pytest.skip">src/pymortests/affine_grid.py:114: Suite splitting in effect</skipped></testcase><testcase classname="src.pymortests.affine_grid" file="src/pymortests/affine_grid.py" line="114" name="test_integration_elements_values[&lt;lambda&gt;20]" time="0.00041747093200683594"><skipped message="Suite splitting in effect" type="pytest.skip">src/pymortests/affine_grid.py:114: Suite splitting in effect</skipped></testcase><testcase classname="src.pymortests.affine_grid" file="src/pymortests/affine_grid.py" line="114" name="test_integration_elements_values[&lt;lambda&gt;21]" time="0.0004553794860839844"><skipped message="Suite splitting in effect" type="pytest.skip">src/pymortests/affine_grid.py:114: Suite splitting in effect</skipped></testcase><testcase classname="src.pymortests.affine_grid" file="src/pymortests/affine_grid.py" line="114" name="test_integration_elements_values[&lt;lambda&gt;22]" time="0.0004203319549560547"><skipped message="Suite splitting in effect" type="pytest.skip">src/pymortests/affine_grid.py:114: Suite splitting in effect</skipped></testcase><testcase classname="src.pymortests.affine_grid" file="src/pymortests/affine_grid.py" line="114" name="test_integration_elements_values[&lt;lambda&gt;23]" time="0.0004162788391113281"><skipped message="Suite splitting in effect" type="pytest.skip">src/pymortests/affine_grid.py:114: Suite splitting in effect</skipped></testcase><testcase classname="src.pymortests.affine_grid" file="src/pymortests/affine_grid.py" line="114" name="test_integration_elements_values[&lt;lambda&gt;24]" time="0.0004303455352783203"><skipped message="Suite splitting in effect" type="pytest.skip">src/pymortests/affine_grid.py:114: Suite splitting in effect</skipped></testcase><testcase classname="src.pymortests.affine_grid" file="src/pymortests/affine_grid.py" line="114" name="test_integration_elements_values[&lt;lambda&gt;25]" time="0.0004189014434814453"><skipped message="Suite splitting in effect" type="pytest.skip">src/pymortests/affine_grid.py:114: Suite splitting in effect</skipped></testcase><testcase classname="src.pymortests.affine_grid" file="src/pymortests/affine_grid.py" line="114" name="test_integration_elements_values[&lt;lambda&gt;26]" time="0.0004012584686279297"><skipped message="Suite splitting in effect" type="pytest.skip">src/pymortests/affine_grid.py:114: Suite splitting in effect</skipped></testcase><testcase classname="src.pymortests.affine_grid" file="src/pymortests/affine_grid.py" line="114" name="test_integration_elements_values[&lt;lambda&gt;27]" time="0.00043129920959472656"><skipped message="Suite splitting in effect" type="pytest.skip">src/pymortests/affine_grid.py:114: Suite splitting in effect</skipped></testcase><testcase classname="src.pymortests.affine_grid" file="src/pymortests/affine_grid.py" line="114" name="test_integration_elements_values[&lt;lambda&gt;28]" time="0.00042700767517089844"><skipped message="Suite splitting in effect" type="pytest.skip">src/pymortests/affine_grid.py:114: Suite splitting in effect</skipped></testcase><testcase classname="src.pymortests.affine_grid" file="src/pymortests/affine_grid.py" line="114" name="test_integration_elements_values[&lt;lambda&gt;29]" time="0.00042748451232910156"><skipped message="Suite splitting in effect" type="pytest.skip">src/pymortests/affine_grid.py:114: Suite splitting in effect</skipped></testcase><testcase classname="src.pymortests.affine_grid" file="src/pymortests/affine_grid.py" line="114" name="test_integration_elements_values[&lt;lambda&gt;30]" time="0.00044989585876464844"><skipped message="Suite splitting in effect" type="pytest.skip">src/pymortests/affine_grid.py:114: Suite splitting in effect</skipped></testcase><testcase classname="src.pymortests.affine_grid" file="src/pymortests/affine_grid.py" line="114" name="test_integration_elements_values[&lt;lambda&gt;31]" time="0.0004303455352783203"><skipped message="Suite splitting in effect" type="pytest.skip">src/pymortests/affine_grid.py:114: Suite splitting in effect</skipped></testcase><testcase classname="src.pymortests.affine_grid" file="src/pymortests/affine_grid.py" line="114" name="test_integration_elements_values[&lt;lambda&gt;32]" time="0.00042366981506347656"><skipped message="Suite splitting in effect" type="pytest.skip">src/pymortests/affine_grid.py:114: Suite splitting in effect</skipped></testcase><testcase classname="src.pymortests.affine_grid" file="src/pymortests/affine_grid.py" line="114" name="test_integration_elements_values[&lt;lambda&gt;33]" time="0.000431060791015625"><skipped message="Suite splitting in effect" type="pytest.skip">src/pymortests/affine_grid.py:114: Suite splitting in effect</skipped></testcase><testcase classname="src.pymortests.affine_grid" file="src/pymortests/affine_grid.py" line="114" name="test_integration_elements_values[&lt;lambda&gt;34]" time="0.0007092952728271484"><skipped message="Suite splitting in effect" type="pytest.skip">src/pymortests/affine_grid.py:114: Suite splitting in effect</skipped></testcase><testcase classname="src.pymortests.affine_grid" file="src/pymortests/affine_grid.py" line="114" name="test_integration_elements_values[&lt;lambda&gt;35]" time="0.0004215240478515625"><skipped message="Suite splitting in effect" type="pytest.skip">src/pymortests/affine_grid.py:114: Suite splitting in effect</skipped></testcase><testcase classname="src.pymortests.affine_grid" file="src/pymortests/affine_grid.py" line="114" name="test_integration_elements_values[&lt;lambda&gt;36]" time="0.0004096031188964844"><skipped message="Suite splitting in effect" type="pytest.skip">src/pymortests/affine_grid.py:114: Suite splitting in effect</skipped></testcase><testcase classname="src.pymortests.affine_grid" file="src/pymortests/affine_grid.py" line="114" name="test_integration_elements_values[&lt;lambda&gt;37]" time="0.0004191398620605469"><skipped message="Suite splitting in effect" type="pytest.skip">src/pymortests/affine_grid.py:114: Suite splitting in effect</skipped></testcase><testcase classname="src.pymortests.affine_grid" file="src/pymortests/affine_grid.py" line="114" name="test_integration_elements_values[&lt;lambda&gt;38]" time="0.0004127025604248047"><skipped message="Suite splitting in effect" type="pytest.skip">src/pymortests/affine_grid.py:114: Suite splitting in effect</skipped></testcase><testcase classname="src.pymortests.affine_grid" file="src/pymortests/affine_grid.py" line="114" name="test_integration_elements_values[&lt;lambda&gt;39]" time="0.00041937828063964844"><skipped message="Suite splitting in effect" type="pytest.skip">src/pymortests/affine_grid.py:114: Suite splitting in effect</skipped></testcase><testcase classname="src.pymortests.affine_grid" file="src/pymortests/affine_grid.py" line="114" name="test_integration_elements_values[&lt;lambda&gt;40]" time="0.0004143714904785156"><skipped message="Suite splitting in effect" type="pytest.skip">src/pymortests/affine_grid.py:114: Suite splitting in effect</skipped></testcase><testcase classname="src.pymortests.affine_grid" file="src/pymortests/affine_grid.py" line="114" name="test_integration_elements_values[&lt;lambda&gt;41]" time="0.0004391670227050781"><skipped message="Suite splitting in effect" type="pytest.skip">src/pymortests/affine_grid.py:114: Suite splitting in effect</skipped></testcase><testcase classname="src.pymortests.affine_grid" file="src/pymortests/affine_grid.py" line="114" name="test_integration_elements_values[&lt;lambda&gt;42]" time="0.0004241466522216797"><skipped message="Suite splitting in effect" type="pytest.skip">src/pymortests/affine_grid.py:114: Suite splitting in effect</skipped></testcase><testcase classname="src.pymortests.affine_grid" file="src/pymortests/affine_grid.py" line="124" name="test_volumes_wrong_arguments[&lt;lambda&gt;0]" time="0.0004298686981201172"><skipped message="Suite splitting in effect" type="pytest.skip">src/pymortests/affine_grid.py:124: Suite splitting in effect</skipped></testcase><testcase classname="src.pymortests.affine_grid" file="src/pymortests/affine_grid.py" line="124" name="test_volumes_wrong_arguments[&lt;lambda&gt;1]" time="0.00041413307189941406"><skipped message="Suite splitting in effect" type="pytest.skip">src/pymortests/affine_grid.py:124: Suite splitting in effect</skipped></testcase><testcase classname="src.pymortests.affine_grid" file="src/pymortests/affine_grid.py" line="124" name="test_volumes_wrong_arguments[&lt;lambda&gt;2]" time="0.00042891502380371094"><skipped message="Suite splitting in effect" type="pytest.skip">src/pymortests/affine_grid.py:124: Suite splitting in effect</skipped></testcase><testcase classname="src.pymortests.affine_grid" file="src/pymortests/affine_grid.py" line="124" name="test_volumes_wrong_arguments[&lt;lambda&gt;3]" time="0.0004115104675292969"><skipped message="Suite splitting in effect" type="pytest.skip">src/pymortests/affine_grid.py:124: Suite splitting in effect</skipped></testcase><testcase classname="src.pymortests.affine_grid" file="src/pymortests/affine_grid.py" line="124" name="test_volumes_wrong_arguments[&lt;lambda&gt;4]" time="0.0004711151123046875"><skipped message="Suite splitting in effect" type="pytest.skip">src/pymortests/affine_grid.py:124: Suite splitting in effect</skipped></testcase><testcase classname="src.pymortests.affine_grid" file="src/pymortests/affine_grid.py" line="124" name="test_volumes_wrong_arguments[&lt;lambda&gt;5]" time="0.0004239082336425781"><skipped message="Suite splitting in effect" type="pytest.skip">src/pymortests/affine_grid.py:124: Suite splitting in effect</skipped></testcase><testcase classname="src.pymortests.affine_grid" file="src/pymortests/affine_grid.py" line="124" name="test_volumes_wrong_arguments[&lt;lambda&gt;6]" time="0.0004398822784423828"><skipped message="Suite splitting in effect" type="pytest.skip">src/pymortests/affine_grid.py:124: Suite splitting in effect</skipped></testcase><testcase classname="src.pymortests.affine_grid" file="src/pymortests/affine_grid.py" line="124" name="test_volumes_wrong_arguments[&lt;lambda&gt;7]" time="0.0004074573516845703"><skipped message="Suite splitting in effect" type="pytest.skip">src/pymortests/affine_grid.py:124: Suite splitting in effect</skipped></testcase><testcase classname="src.pymortests.affine_grid" file="src/pymortests/affine_grid.py" line="124" name="test_volumes_wrong_arguments[&lt;lambda&gt;8]" time="0.00042939186096191406"><skipped message="Suite splitting in effect" type="pytest.skip">src/pymortests/affine_grid.py:124: Suite splitting in effect</skipped></testcase><testcase classname="src.pymortests.affine_grid" file="src/pymortests/affine_grid.py" line="124" name="test_volumes_wrong_arguments[&lt;lambda&gt;9]" time="0.0003991127014160156"><skipped message="Suite splitting in effect" type="pytest.skip">src/pymortests/affine_grid.py:124: Suite splitting in effect</skipped></testcase><testcase classname="src.pymortests.affine_grid" file="src/pymortests/affine_grid.py" line="124" name="test_volumes_wrong_arguments[&lt;lambda&gt;10]" time="0.00043129920959472656"><skipped message="Suite splitting in effect" type="pytest.skip">src/pymortests/affine_grid.py:124: Suite splitting in effect</skipped></testcase><testcase classname="src.pymortests.affine_grid" file="src/pymortests/affine_grid.py" line="124" name="test_volumes_wrong_arguments[&lt;lambda&gt;11]" time="0.0004253387451171875"><skipped message="Suite splitting in effect" type="pytest.skip">src/pymortests/affine_grid.py:124: Suite splitting in effect</skipped></testcase><testcase classname="src.pymortests.affine_grid" file="src/pymortests/affine_grid.py" line="124" name="test_volumes_wrong_arguments[&lt;lambda&gt;12]" time="0.00042629241943359375"><skipped message="Suite splitting in effect" type="pytest.skip">src/pymortests/affine_grid.py:124: Suite splitting in effect</skipped></testcase><testcase classname="src.pymortests.affine_grid" file="src/pymortests/affine_grid.py" line="124" name="test_volumes_wrong_arguments[&lt;lambda&gt;13]" time="0.0004048347473144531"><skipped message="Suite splitting in effect" type="pytest.skip">src/pymortests/affine_grid.py:124: Suite splitting in effect</skipped></testcase><testcase classname="src.pymortests.affine_grid" file="src/pymortests/affine_grid.py" line="124" name="test_volumes_wrong_arguments[&lt;lambda&gt;14]" time="0.0004343986511230469"><skipped message="Suite splitting in effect" type="pytest.skip">src/pymortests/affine_grid.py:124: Suite splitting in effect</skipped></testcase><testcase classname="src.pymortests.affine_grid" file="src/pymortests/affine_grid.py" line="124" name="test_volumes_wrong_arguments[&lt;lambda&gt;15]" time="0.0004210472106933594"><skipped message="Suite splitting in effect" type="pytest.skip">src/pymortests/affine_grid.py:124: Suite splitting in effect</skipped></testcase><testcase classname="src.pymortests.affine_grid" file="src/pymortests/affine_grid.py" line="124" name="test_volumes_wrong_arguments[&lt;lambda&gt;16]" time="0.0004107952117919922"><skipped message="Suite splitting in effect" type="pytest.skip">src/pymortests/affine_grid.py:124: Suite splitting in effect</skipped></testcase><testcase classname="src.pymortests.affine_grid" file="src/pymortests/affine_grid.py" line="124" name="test_volumes_wrong_arguments[&lt;lambda&gt;17]" time="0.0004029273986816406"><skipped message="Suite splitting in effect" type="pytest.skip">src/pymortests/affine_grid.py:124: Suite splitting in effect</skipped></testcase><testcase classname="src.pymortests.affine_grid" file="src/pymortests/affine_grid.py" line="124" name="test_volumes_wrong_arguments[&lt;lambda&gt;18]" time="0.00041747093200683594"><skipped message="Suite splitting in effect" type="pytest.skip">src/pymortests/affine_grid.py:124: Suite splitting in effect</skipped></testcase><testcase classname="src.pymortests.affine_grid" file="src/pymortests/affine_grid.py" line="124" name="test_volumes_wrong_arguments[&lt;lambda&gt;19]" time="0.00041866302490234375"><skipped message="Suite splitting in effect" type="pytest.skip">src/pymortests/affine_grid.py:124: Suite splitting in effect</skipped></testcase><testcase classname="src.pymortests.affine_grid" file="src/pymortests/affine_grid.py" line="124" name="test_volumes_wrong_arguments[&lt;lambda&gt;20]" time="0.0004191398620605469"><skipped message="Suite splitting in effect" type="pytest.skip">src/pymortests/affine_grid.py:124: Suite splitting in effect</skipped></testcase><testcase classname="src.pymortests.affine_grid" file="src/pymortests/affine_grid.py" line="124" name="test_volumes_wrong_arguments[&lt;lambda&gt;21]" time="0.00042057037353515625"><skipped message="Suite splitting in effect" type="pytest.skip">src/pymortests/affine_grid.py:124: Suite splitting in effect</skipped></testcase><testcase classname="src.pymortests.affine_grid" file="src/pymortests/affine_grid.py" line="124" name="test_volumes_wrong_arguments[&lt;lambda&gt;22]" time="0.0005061626434326172"><skipped message="Suite splitting in effect" type="pytest.skip">src/pymortests/affine_grid.py:124: Suite splitting in effect</skipped></testcase><testcase classname="src.pymortests.affine_grid" file="src/pymortests/affine_grid.py" line="124" name="test_volumes_wrong_arguments[&lt;lambda&gt;23]" time="0.0004131793975830078"><skipped message="Suite splitting in effect" type="pytest.skip">src/pymortests/affine_grid.py:124: Suite splitting in effect</skipped></testcase><testcase classname="src.pymortests.affine_grid" file="src/pymortests/affine_grid.py" line="124" name="test_volumes_wrong_arguments[&lt;lambda&gt;24]" time="0.0004267692565917969"><skipped message="Suite splitting in effect" type="pytest.skip">src/pymortests/affine_grid.py:124: Suite splitting in effect</skipped></testcase><testcase classname="src.pymortests.affine_grid" file="src/pymortests/affine_grid.py" line="124" name="test_volumes_wrong_arguments[&lt;lambda&gt;25]" time="0.00042510032653808594"><skipped message="Suite splitting in effect" type="pytest.skip">src/pymortests/affine_grid.py:124: Suite splitting in effect</skipped></testcase><testcase classname="src.pymortests.affine_grid" file="src/pymortests/affine_grid.py" line="124" name="test_volumes_wrong_arguments[&lt;lambda&gt;26]" time="0.0004177093505859375"><skipped message="Suite splitting in effect" type="pytest.skip">src/pymortests/affine_grid.py:124: Suite splitting in effect</skipped></testcase><testcase classname="src.pymortests.affine_grid" file="src/pymortests/affine_grid.py" line="124" name="test_volumes_wrong_arguments[&lt;lambda&gt;27]" time="0.0004401206970214844"><skipped message="Suite splitting in effect" type="pytest.skip">src/pymortests/affine_grid.py:124: Suite splitting in effect</skipped></testcase><testcase classname="src.pymortests.affine_grid" file="src/pymortests/affine_grid.py" line="124" name="test_volumes_wrong_arguments[&lt;lambda&gt;28]" time="0.0004246234893798828"><skipped message="Suite splitting in effect" type="pytest.skip">src/pymortests/affine_grid.py:124: Suite splitting in effect</skipped></testcase><testcase classname="src.pymortests.affine_grid" file="src/pymortests/affine_grid.py" line="124" name="test_volumes_wrong_arguments[&lt;lambda&gt;29]" time="0.0004298686981201172"><skipped message="Suite splitting in effect" type="pytest.skip">src/pymortests/affine_grid.py:124: Suite splitting in effect</skipped></testcase><testcase classname="src.pymortests.affine_grid" file="src/pymortests/affine_grid.py" line="124" name="test_volumes_wrong_arguments[&lt;lambda&gt;30]" time="0.000408172607421875"><skipped message="Suite splitting in effect" type="pytest.skip">src/pymortests/affine_grid.py:124: Suite splitting in effect</skipped></testcase><testcase classname="src.pymortests.affine_grid" file="src/pymortests/affine_grid.py" line="124" name="test_volumes_wrong_arguments[&lt;lambda&gt;31]" time="0.00041484832763671875"><skipped message="Suite splitting in effect" type="pytest.skip">src/pymortests/affine_grid.py:124: Suite splitting in effect</skipped></testcase><testcase classname="src.pymortests.affine_grid" file="src/pymortests/affine_grid.py" line="124" name="test_volumes_wrong_arguments[&lt;lambda&gt;32]" time="0.00043511390686035156"><skipped message="Suite splitting in effect" type="pytest.skip">src/pymortests/affine_grid.py:124: Suite splitting in effect</skipped></testcase><testcase classname="src.pymortests.affine_grid" file="src/pymortests/affine_grid.py" line="124" name="test_volumes_wrong_arguments[&lt;lambda&gt;33]" time="0.00042176246643066406"><skipped message="Suite splitting in effect" type="pytest.skip">src/pymortests/affine_grid.py:124: Suite splitting in effect</skipped></testcase><testcase classname="src.pymortests.affine_grid" file="src/pymortests/affine_grid.py" line="124" name="test_volumes_wrong_arguments[&lt;lambda&gt;34]" time="0.00040721893310546875"><skipped message="Suite splitting in effect" type="pytest.skip">src/pymortests/affine_grid.py:124: Suite splitting in effect</skipped></testcase><testcase classname="src.pymortests.affine_grid" file="src/pymortests/affine_grid.py" line="124" name="test_volumes_wrong_arguments[&lt;lambda&gt;35]" time="0.00041294097900390625"><skipped message="Suite splitting in effect" type="pytest.skip">src/pymortests/affine_grid.py:124: Suite splitting in effect</skipped></testcase><testcase classname="src.pymortests.affine_grid" file="src/pymortests/affine_grid.py" line="124" name="test_volumes_wrong_arguments[&lt;lambda&gt;36]" time="0.0004074573516845703"><skipped message="Suite splitting in effect" type="pytest.skip">src/pymortests/affine_grid.py:124: Suite splitting in effect</skipped></testcase><testcase classname="src.pymortests.affine_grid" file="src/pymortests/affine_grid.py" line="124" name="test_volumes_wrong_arguments[&lt;lambda&gt;37]" time="0.0004284381866455078"><skipped message="Suite splitting in effect" type="pytest.skip">src/pymortests/affine_grid.py:124: Suite splitting in effect</skipped></testcase><testcase classname="src.pymortests.affine_grid" file="src/pymortests/affine_grid.py" line="124" name="test_volumes_wrong_arguments[&lt;lambda&gt;38]" time="0.0005538463592529297"><skipped message="Suite splitting in effect" type="pytest.skip">src/pymortests/affine_grid.py:124: Suite splitting in effect</skipped></testcase><testcase classname="src.pymortests.affine_grid" file="src/pymortests/affine_grid.py" line="124" name="test_volumes_wrong_arguments[&lt;lambda&gt;39]" time="0.00045871734619140625"><skipped message="Suite splitting in effect" type="pytest.skip">src/pymortests/affine_grid.py:124: Suite splitting in effect</skipped></testcase><testcase classname="src.pymortests.affine_grid" file="src/pymortests/affine_grid.py" line="124" name="test_volumes_wrong_arguments[&lt;lambda&gt;40]" time="0.0004298686981201172"><skipped message="Suite splitting in effect" type="pytest.skip">src/pymortests/affine_grid.py:124: Suite splitting in effect</skipped></testcase><testcase classname="src.pymortests.affine_grid" file="src/pymortests/affine_grid.py" line="124" name="test_volumes_wrong_arguments[&lt;lambda&gt;41]" time="0.0004100799560546875"><skipped message="Suite splitting in effect" type="pytest.skip">src/pymortests/affine_grid.py:124: Suite splitting in effect</skipped></testcase><testcase classname="src.pymortests.affine_grid" file="src/pymortests/affine_grid.py" line="124" name="test_volumes_wrong_arguments[&lt;lambda&gt;42]" time="0.0004200935363769531"><skipped message="Suite splitting in effect" type="pytest.skip">src/pymortests/affine_grid.py:124: Suite splitting in effect</skipped></testcase><testcase classname="src.pymortests.affine_grid" file="src/pymortests/affine_grid.py" line="132" name="test_volumes_shape[&lt;lambda&gt;0]" time="0.00043320655822753906"><skipped message="Suite splitting in effect" type="pytest.skip">src/pymortests/affine_grid.py:132: Suite splitting in effect</skipped></testcase><testcase classname="src.pymortests.affine_grid" file="src/pymortests/affine_grid.py" line="132" name="test_volumes_shape[&lt;lambda&gt;1]" time="0.00042057037353515625"><skipped message="Suite splitting in effect" type="pytest.skip">src/pymortests/affine_grid.py:132: Suite splitting in effect</skipped></testcase><testcase classname="src.pymortests.affine_grid" file="src/pymortests/affine_grid.py" line="132" name="test_volumes_shape[&lt;lambda&gt;2]" time="0.00043392181396484375"><skipped message="Suite splitting in effect" type="pytest.skip">src/pymortests/affine_grid.py:132: Suite splitting in effect</skipped></testcase><testcase classname="src.pymortests.affine_grid" file="src/pymortests/affine_grid.py" line="132" name="test_volumes_shape[&lt;lambda&gt;3]" time="0.0004191398620605469"><skipped message="Suite splitting in effect" type="pytest.skip">src/pymortests/affine_grid.py:132: Suite splitting in effect</skipped></testcase><testcase classname="src.pymortests.affine_grid" file="src/pymortests/affine_grid.py" line="132" name="test_volumes_shape[&lt;lambda&gt;4]" time="0.0004177093505859375"><skipped message="Suite splitting in effect" type="pytest.skip">src/pymortests/affine_grid.py:132: Suite splitting in effect</skipped></testcase><testcase classname="src.pymortests.affine_grid" file="src/pymortests/affine_grid.py" line="132" name="test_volumes_shape[&lt;lambda&gt;5]" time="0.00044536590576171875"><skipped message="Suite splitting in effect" type="pytest.skip">src/pymortests/affine_grid.py:132: Suite splitting in effect</skipped></testcase><testcase classname="src.pymortests.affine_grid" file="src/pymortests/affine_grid.py" line="132" name="test_volumes_shape[&lt;lambda&gt;6]" time="0.000415802001953125"><skipped message="Suite splitting in effect" type="pytest.skip">src/pymortests/affine_grid.py:132: Suite splitting in effect</skipped></testcase><testcase classname="src.pymortests.affine_grid" file="src/pymortests/affine_grid.py" line="132" name="test_volumes_shape[&lt;lambda&gt;7]" time="0.00043892860412597656"><skipped message="Suite splitting in effect" type="pytest.skip">src/pymortests/affine_grid.py:132: Suite splitting in effect</skipped></testcase><testcase classname="src.pymortests.affine_grid" file="src/pymortests/affine_grid.py" line="132" name="test_volumes_shape[&lt;lambda&gt;8]" time="0.0004267692565917969"><skipped message="Suite splitting in effect" type="pytest.skip">src/pymortests/affine_grid.py:132: Suite splitting in effect</skipped></testcase><testcase classname="src.pymortests.affine_grid" file="src/pymortests/affine_grid.py" line="132" name="test_volumes_shape[&lt;lambda&gt;9]" time="0.0004189014434814453"><skipped message="Suite splitting in effect" type="pytest.skip">src/pymortests/affine_grid.py:132: Suite splitting in effect</skipped></testcase><testcase classname="src.pymortests.affine_grid" file="src/pymortests/affine_grid.py" line="132" name="test_volumes_shape[&lt;lambda&gt;10]" time="0.0004265308380126953"><skipped message="Suite splitting in effect" type="pytest.skip">src/pymortests/affine_grid.py:132: Suite splitting in effect</skipped></testcase><testcase classname="src.pymortests.affine_grid" file="src/pymortests/affine_grid.py" line="132" name="test_volumes_shape[&lt;lambda&gt;11]" time="0.00043082237243652344"><skipped message="Suite splitting in effect" type="pytest.skip">src/pymortests/affine_grid.py:132: Suite splitting in effect</skipped></testcase><testcase classname="src.pymortests.affine_grid" file="src/pymortests/affine_grid.py" line="132" name="test_volumes_shape[&lt;lambda&gt;12]" time="0.0003979206085205078"><skipped message="Suite splitting in effect" type="pytest.skip">src/pymortests/affine_grid.py:132: Suite splitting in effect</skipped></testcase><testcase classname="src.pymortests.affine_grid" file="src/pymortests/affine_grid.py" line="132" name="test_volumes_shape[&lt;lambda&gt;13]" time="0.0004398822784423828"><skipped message="Suite splitting in effect" type="pytest.skip">src/pymortests/affine_grid.py:132: Suite splitting in effect</skipped></testcase><testcase classname="src.pymortests.affine_grid" file="src/pymortests/affine_grid.py" line="132" name="test_volumes_shape[&lt;lambda&gt;14]" time="0.0004029273986816406"><skipped message="Suite splitting in effect" type="pytest.skip">src/pymortests/affine_grid.py:132: Suite splitting in effect</skipped></testcase><testcase classname="src.pymortests.affine_grid" file="src/pymortests/affine_grid.py" line="132" name="test_volumes_shape[&lt;lambda&gt;15]" time="0.0004279613494873047"><skipped message="Suite splitting in effect" type="pytest.skip">src/pymortests/affine_grid.py:132: Suite splitting in effect</skipped></testcase><testcase classname="src.pymortests.affine_grid" file="src/pymortests/affine_grid.py" line="132" name="test_volumes_shape[&lt;lambda&gt;16]" time="0.0003998279571533203"><skipped message="Suite splitting in effect" type="pytest.skip">src/pymortests/affine_grid.py:132: Suite splitting in effect</skipped></testcase><testcase classname="src.pymortests.affine_grid" file="src/pymortests/affine_grid.py" line="132" name="test_volumes_shape[&lt;lambda&gt;17]" time="0.0004260540008544922"><skipped message="Suite splitting in effect" type="pytest.skip">src/pymortests/affine_grid.py:132: Suite splitting in effect</skipped></testcase><testcase classname="src.pymortests.affine_grid" file="src/pymortests/affine_grid.py" line="132" name="test_volumes_shape[&lt;lambda&gt;18]" time="0.00040531158447265625"><skipped message="Suite splitting in effect" type="pytest.skip">src/pymortests/affine_grid.py:132: Suite splitting in effect</skipped></testcase><testcase classname="src.pymortests.affine_grid" file="src/pymortests/affine_grid.py" line="132" name="test_volumes_shape[&lt;lambda&gt;19]" time="0.00041985511779785156"><skipped message="Suite splitting in effect" type="pytest.skip">src/pymortests/affine_grid.py:132: Suite splitting in effect</skipped></testcase><testcase classname="src.pymortests.affine_grid" file="src/pymortests/affine_grid.py" line="132" name="test_volumes_shape[&lt;lambda&gt;20]" time="0.00043201446533203125"><skipped message="Suite splitting in effect" type="pytest.skip">src/pymortests/affine_grid.py:132: Suite splitting in effect</skipped></testcase><testcase classname="src.pymortests.affine_grid" file="src/pymortests/affine_grid.py" line="132" name="test_volumes_shape[&lt;lambda&gt;21]" time="0.0004153251647949219"><skipped message="Suite splitting in effect" type="pytest.skip">src/pymortests/affine_grid.py:132: Suite splitting in effect</skipped></testcase><testcase classname="src.pymortests.affine_grid" file="src/pymortests/affine_grid.py" line="132" name="test_volumes_shape[&lt;lambda&gt;22]" time="0.0004115104675292969"><skipped message="Suite splitting in effect" type="pytest.skip">src/pymortests/affine_grid.py:132: Suite splitting in effect</skipped></testcase><testcase classname="src.pymortests.affine_grid" file="src/pymortests/affine_grid.py" line="132" name="test_volumes_shape[&lt;lambda&gt;23]" time="0.00041675567626953125"><skipped message="Suite splitting in effect" type="pytest.skip">src/pymortests/affine_grid.py:132: Suite splitting in effect</skipped></testcase><testcase classname="src.pymortests.affine_grid" file="src/pymortests/affine_grid.py" line="132" name="test_volumes_shape[&lt;lambda&gt;24]" time="0.00041222572326660156"><skipped message="Suite splitting in effect" type="pytest.skip">src/pymortests/affine_grid.py:132: Suite splitting in effect</skipped></testcase><testcase classname="src.pymortests.affine_grid" file="src/pymortests/affine_grid.py" line="132" name="test_volumes_shape[&lt;lambda&gt;25]" time="0.00041604042053222656"><skipped message="Suite splitting in effect" type="pytest.skip">src/pymortests/affine_grid.py:132: Suite splitting in effect</skipped></testcase><testcase classname="src.pymortests.affine_grid" file="src/pymortests/affine_grid.py" line="132" name="test_volumes_shape[&lt;lambda&gt;26]" time="0.00046753883361816406"><skipped message="Suite splitting in effect" type="pytest.skip">src/pymortests/affine_grid.py:132: Suite splitting in effect</skipped></testcase><testcase classname="src.pymortests.affine_grid" file="src/pymortests/affine_grid.py" line="132" name="test_volumes_shape[&lt;lambda&gt;27]" time="0.0004086494445800781"><skipped message="Suite splitting in effect" type="pytest.skip">src/pymortests/affine_grid.py:132: Suite splitting in effect</skipped></testcase><testcase classname="src.pymortests.affine_grid" file="src/pymortests/affine_grid.py" line="132" name="test_volumes_shape[&lt;lambda&gt;28]" time="0.0004267692565917969"><skipped message="Suite splitting in effect" type="pytest.skip">src/pymortests/affine_grid.py:132: Suite splitting in effect</skipped></testcase><testcase classname="src.pymortests.affine_grid" file="src/pymortests/affine_grid.py" line="132" name="test_volumes_shape[&lt;lambda&gt;29]" time="0.0004267692565917969"><skipped message="Suite splitting in effect" type="pytest.skip">src/pymortests/affine_grid.py:132: Suite splitting in effect</skipped></testcase><testcase classname="src.pymortests.affine_grid" file="src/pymortests/affine_grid.py" line="132" name="test_volumes_shape[&lt;lambda&gt;30]" time="0.0004203319549560547"><skipped message="Suite splitting in effect" type="pytest.skip">src/pymortests/affine_grid.py:132: Suite splitting in effect</skipped></testcase><testcase classname="src.pymortests.affine_grid" file="src/pymortests/affine_grid.py" line="132" name="test_volumes_shape[&lt;lambda&gt;31]" time="0.00041604042053222656"><skipped message="Suite splitting in effect" type="pytest.skip">src/pymortests/affine_grid.py:132: Suite splitting in effect</skipped></testcase><testcase classname="src.pymortests.affine_grid" file="src/pymortests/affine_grid.py" line="132" name="test_volumes_shape[&lt;lambda&gt;32]" time="0.00042128562927246094"><skipped message="Suite splitting in effect" type="pytest.skip">src/pymortests/affine_grid.py:132: Suite splitting in effect</skipped></testcase><testcase classname="src.pymortests.affine_grid" file="src/pymortests/affine_grid.py" line="132" name="test_volumes_shape[&lt;lambda&gt;33]" time="0.0004405975341796875"><skipped message="Suite splitting in effect" type="pytest.skip">src/pymortests/affine_grid.py:132: Suite splitting in effect</skipped></testcase><testcase classname="src.pymortests.affine_grid" file="src/pymortests/affine_grid.py" line="132" name="test_volumes_shape[&lt;lambda&gt;34]" time="0.0004324913024902344"><skipped message="Suite splitting in effect" type="pytest.skip">src/pymortests/affine_grid.py:132: Suite splitting in effect</skipped></testcase><testcase classname="src.pymortests.affine_grid" file="src/pymortests/affine_grid.py" line="132" name="test_volumes_shape[&lt;lambda&gt;35]" time="0.0007345676422119141"><skipped message="Suite splitting in effect" type="pytest.skip">src/pymortests/affine_grid.py:132: Suite splitting in effect</skipped></testcase><testcase classname="src.pymortests.affine_grid" file="src/pymortests/affine_grid.py" line="132" name="test_volumes_shape[&lt;lambda&gt;36]" time="0.00041937828063964844"><skipped message="Suite splitting in effect" type="pytest.skip">src/pymortests/affine_grid.py:132: Suite splitting in effect</skipped></testcase><testcase classname="src.pymortests.affine_grid" file="src/pymortests/affine_grid.py" line="132" name="test_volumes_shape[&lt;lambda&gt;37]" time="0.00042891502380371094"><skipped message="Suite splitting in effect" type="pytest.skip">src/pymortests/affine_grid.py:132: Suite splitting in effect</skipped></testcase><testcase classname="src.pymortests.affine_grid" file="src/pymortests/affine_grid.py" line="132" name="test_volumes_shape[&lt;lambda&gt;38]" time="0.00039649009704589844"><skipped message="Suite splitting in effect" type="pytest.skip">src/pymortests/affine_grid.py:132: Suite splitting in effect</skipped></testcase><testcase classname="src.pymortests.affine_grid" file="src/pymortests/affine_grid.py" line="132" name="test_volumes_shape[&lt;lambda&gt;39]" time="0.0004405975341796875"><skipped message="Suite splitting in effect" type="pytest.skip">src/pymortests/affine_grid.py:132: Suite splitting in effect</skipped></testcase><testcase classname="src.pymortests.affine_grid" file="src/pymortests/affine_grid.py" line="132" name="test_volumes_shape[&lt;lambda&gt;40]" time="0.00040793418884277344"><skipped message="Suite splitting in effect" type="pytest.skip">src/pymortests/affine_grid.py:132: Suite splitting in effect</skipped></testcase><testcase classname="src.pymortests.affine_grid" file="src/pymortests/affine_grid.py" line="132" name="test_volumes_shape[&lt;lambda&gt;41]" time="0.0004296302795410156"><skipped message="Suite splitting in effect" type="pytest.skip">src/pymortests/affine_grid.py:132: Suite splitting in effect</skipped></testcase><testcase classname="src.pymortests.affine_grid" file="src/pymortests/affine_grid.py" line="132" name="test_volumes_shape[&lt;lambda&gt;42]" time="0.0003998279571533203"><skipped message="Suite splitting in effect" type="pytest.skip">src/pymortests/affine_grid.py:132: Suite splitting in effect</skipped></testcase><testcase classname="src.pymortests.affine_grid" file="src/pymortests/affine_grid.py" line="138" name="test_volumes_values[&lt;lambda&gt;0]" time="0.0004215240478515625"><skipped message="Suite splitting in effect" type="pytest.skip">src/pymortests/affine_grid.py:138: Suite splitting in effect</skipped></testcase><testcase classname="src.pymortests.affine_grid" file="src/pymortests/affine_grid.py" line="138" name="test_volumes_values[&lt;lambda&gt;1]" time="0.00041222572326660156"><skipped message="Suite splitting in effect" type="pytest.skip">src/pymortests/affine_grid.py:138: Suite splitting in effect</skipped></testcase><testcase classname="src.pymortests.affine_grid" file="src/pymortests/affine_grid.py" line="138" name="test_volumes_values[&lt;lambda&gt;2]" time="0.0004138946533203125"><skipped message="Suite splitting in effect" type="pytest.skip">src/pymortests/affine_grid.py:138: Suite splitting in effect</skipped></testcase><testcase classname="src.pymortests.affine_grid" file="src/pymortests/affine_grid.py" line="138" name="test_volumes_values[&lt;lambda&gt;3]" time="0.00045943260192871094"><skipped message="Suite splitting in effect" type="pytest.skip">src/pymortests/affine_grid.py:138: Suite splitting in effect</skipped></testcase><testcase classname="src.pymortests.affine_grid" file="src/pymortests/affine_grid.py" line="138" name="test_volumes_values[&lt;lambda&gt;4]" time="0.00041937828063964844"><skipped message="Suite splitting in effect" type="pytest.skip">src/pymortests/affine_grid.py:138: Suite splitting in effect</skipped></testcase><testcase classname="src.pymortests.affine_grid" file="src/pymortests/affine_grid.py" line="138" name="test_volumes_values[&lt;lambda&gt;5]" time="0.00041484832763671875"><skipped message="Suite splitting in effect" type="pytest.skip">src/pymortests/affine_grid.py:138: Suite splitting in effect</skipped></testcase><testcase classname="src.pymortests.affine_grid" file="src/pymortests/affine_grid.py" line="138" name="test_volumes_values[&lt;lambda&gt;6]" time="0.0004169940948486328"><skipped message="Suite splitting in effect" type="pytest.skip">src/pymortests/affine_grid.py:138: Suite splitting in effect</skipped></testcase><testcase classname="src.pymortests.affine_grid" file="src/pymortests/affine_grid.py" line="138" name="test_volumes_values[&lt;lambda&gt;7]" time="0.0004279613494873047"><skipped message="Suite splitting in effect" type="pytest.skip">src/pymortests/affine_grid.py:138: Suite splitting in effect</skipped></testcase><testcase classname="src.pymortests.affine_grid" file="src/pymortests/affine_grid.py" line="138" name="test_volumes_values[&lt;lambda&gt;8]" time="0.0003974437713623047"><skipped message="Suite splitting in effect" type="pytest.skip">src/pymortests/affine_grid.py:138: Suite splitting in effect</skipped></testcase><testcase classname="src.pymortests.affine_grid" file="src/pymortests/affine_grid.py" line="138" name="test_volumes_values[&lt;lambda&gt;9]" time="0.000438690185546875"><skipped message="Suite splitting in effect" type="pytest.skip">src/pymortests/affine_grid.py:138: Suite splitting in effect</skipped></testcase><testcase classname="src.pymortests.affine_grid" file="src/pymortests/affine_grid.py" line="138" name="test_volumes_values[&lt;lambda&gt;10]" time="0.0003993511199951172"><skipped message="Suite splitting in effect" type="pytest.skip">src/pymortests/affine_grid.py:138: Suite splitting in effect</skipped></testcase><testcase classname="src.pymortests.affine_grid" file="src/pymortests/affine_grid.py" line="138" name="test_volumes_values[&lt;lambda&gt;11]" time="0.0004780292510986328"><skipped message="Suite splitting in effect" type="pytest.skip">src/pymortests/affine_grid.py:138: Suite splitting in effect</skipped></testcase><testcase classname="src.pymortests.affine_grid" file="src/pymortests/affine_grid.py" line="138" name="test_volumes_values[&lt;lambda&gt;12]" time="0.0004050731658935547"><skipped message="Suite splitting in effect" type="pytest.skip">src/pymortests/affine_grid.py:138: Suite splitting in effect</skipped></testcase><testcase classname="src.pymortests.affine_grid" file="src/pymortests/affine_grid.py" line="138" name="test_volumes_values[&lt;lambda&gt;13]" time="0.00042629241943359375"><skipped message="Suite splitting in effect" type="pytest.skip">src/pymortests/affine_grid.py:138: Suite splitting in effect</skipped></testcase><testcase classname="src.pymortests.affine_grid" file="src/pymortests/affine_grid.py" line="138" name="test_volumes_values[&lt;lambda&gt;14]" time="0.00040078163146972656"><skipped message="Suite splitting in effect" type="pytest.skip">src/pymortests/affine_grid.py:138: Suite splitting in effect</skipped></testcase><testcase classname="src.pymortests.affine_grid" file="src/pymortests/affine_grid.py" line="138" name="test_volumes_values[&lt;lambda&gt;15]" time="0.0004241466522216797"><skipped message="Suite splitting in effect" type="pytest.skip">src/pymortests/affine_grid.py:138: Suite splitting in effect</skipped></testcase><testcase classname="src.pymortests.affine_grid" file="src/pymortests/affine_grid.py" line="138" name="test_volumes_values[&lt;lambda&gt;16]" time="0.0004451274871826172"><skipped message="Suite splitting in effect" type="pytest.skip">src/pymortests/affine_grid.py:138: Suite splitting in effect</skipped></testcase><testcase classname="src.pymortests.affine_grid" file="src/pymortests/affine_grid.py" line="138" name="test_volumes_values[&lt;lambda&gt;17]" time="0.00040435791015625"><skipped message="Suite splitting in effect" type="pytest.skip">src/pymortests/affine_grid.py:138: Suite splitting in effect</skipped></testcase><testcase classname="src.pymortests.affine_grid" file="src/pymortests/affine_grid.py" line="138" name="test_volumes_values[&lt;lambda&gt;18]" time="0.0004417896270751953"><skipped message="Suite splitting in effect" type="pytest.skip">src/pymortests/affine_grid.py:138: Suite splitting in effect</skipped></testcase><testcase classname="src.pymortests.affine_grid" file="src/pymortests/affine_grid.py" line="138" name="test_volumes_values[&lt;lambda&gt;19]" time="0.0004296302795410156"><skipped message="Suite splitting in effect" type="pytest.skip">src/pymortests/affine_grid.py:138: Suite splitting in effect</skipped></testcase><testcase classname="src.pymortests.affine_grid" file="src/pymortests/affine_grid.py" line="138" name="test_volumes_values[&lt;lambda&gt;20]" time="0.00044798851013183594"><skipped message="Suite splitting in effect" type="pytest.skip">src/pymortests/affine_grid.py:138: Suite splitting in effect</skipped></testcase><testcase classname="src.pymortests.affine_grid" file="src/pymortests/affine_grid.py" line="138" name="test_volumes_values[&lt;lambda&gt;21]" time="0.0004127025604248047"><skipped message="Suite splitting in effect" type="pytest.skip">src/pymortests/affine_grid.py:138: Suite splitting in effect</skipped></testcase><testcase classname="src.pymortests.affine_grid" file="src/pymortests/affine_grid.py" line="138" name="test_volumes_values[&lt;lambda&gt;22]" time="0.0004315376281738281"><skipped message="Suite splitting in effect" type="pytest.skip">src/pymortests/affine_grid.py:138: Suite splitting in effect</skipped></testcase><testcase classname="src.pymortests.affine_grid" file="src/pymortests/affine_grid.py" line="138" name="test_volumes_values[&lt;lambda&gt;23]" time="0.0004265308380126953"><skipped message="Suite splitting in effect" type="pytest.skip">src/pymortests/affine_grid.py:138: Suite splitting in effect</skipped></testcase><testcase classname="src.pymortests.affine_grid" file="src/pymortests/affine_grid.py" line="138" name="test_volumes_values[&lt;lambda&gt;24]" time="0.0004508495330810547"><skipped message="Suite splitting in effect" type="pytest.skip">src/pymortests/affine_grid.py:138: Suite splitting in effect</skipped></testcase><testcase classname="src.pymortests.affine_grid" file="src/pymortests/affine_grid.py" line="138" name="test_volumes_values[&lt;lambda&gt;25]" time="0.00041556358337402344"><skipped message="Suite splitting in effect" type="pytest.skip">src/pymortests/affine_grid.py:138: Suite splitting in effect</skipped></testcase><testcase classname="src.pymortests.affine_grid" file="src/pymortests/affine_grid.py" line="138" name="test_volumes_values[&lt;lambda&gt;26]" time="0.0004260540008544922"><skipped message="Suite splitting in effect" type="pytest.skip">src/pymortests/affine_grid.py:138: Suite splitting in effect</skipped></testcase><testcase classname="src.pymortests.affine_grid" file="src/pymortests/affine_grid.py" line="138" name="test_volumes_values[&lt;lambda&gt;27]" time="0.00042510032653808594"><skipped message="Suite splitting in effect" type="pytest.skip">src/pymortests/affine_grid.py:138: Suite splitting in effect</skipped></testcase><testcase classname="src.pymortests.affine_grid" file="src/pymortests/affine_grid.py" line="138" name="test_volumes_values[&lt;lambda&gt;28]" time="0.00041675567626953125"><skipped message="Suite splitting in effect" type="pytest.skip">src/pymortests/affine_grid.py:138: Suite splitting in effect</skipped></testcase><testcase classname="src.pymortests.affine_grid" file="src/pymortests/affine_grid.py" line="138" name="test_volumes_values[&lt;lambda&gt;29]" time="0.0004565715789794922"><skipped message="Suite splitting in effect" type="pytest.skip">src/pymortests/affine_grid.py:138: Suite splitting in effect</skipped></testcase><testcase classname="src.pymortests.affine_grid" file="src/pymortests/affine_grid.py" line="138" name="test_volumes_values[&lt;lambda&gt;30]" time="0.0004220008850097656"><skipped message="Suite splitting in effect" type="pytest.skip">src/pymortests/affine_grid.py:138: Suite splitting in effect</skipped></testcase><testcase classname="src.pymortests.affine_grid" file="src/pymortests/affine_grid.py" line="138" name="test_volumes_values[&lt;lambda&gt;31]" time="0.00041174888610839844"><skipped message="Suite splitting in effect" type="pytest.skip">src/pymortests/affine_grid.py:138: Suite splitting in effect</skipped></testcase><testcase classname="src.pymortests.affine_grid" file="src/pymortests/affine_grid.py" line="138" name="test_volumes_values[&lt;lambda&gt;32]" time="0.00042891502380371094"><skipped message="Suite splitting in effect" type="pytest.skip">src/pymortests/affine_grid.py:138: Suite splitting in effect</skipped></testcase><testcase classname="src.pymortests.affine_grid" file="src/pymortests/affine_grid.py" line="138" name="test_volumes_values[&lt;lambda&gt;33]" time="0.0004265308380126953"><skipped message="Suite splitting in effect" type="pytest.skip">src/pymortests/affine_grid.py:138: Suite splitting in effect</skipped></testcase><testcase classname="src.pymortests.affine_grid" file="src/pymortests/affine_grid.py" line="138" name="test_volumes_values[&lt;lambda&gt;34]" time="0.00040078163146972656"><skipped message="Suite splitting in effect" type="pytest.skip">src/pymortests/affine_grid.py:138: Suite splitting in effect</skipped></testcase><testcase classname="src.pymortests.affine_grid" file="src/pymortests/affine_grid.py" line="138" name="test_volumes_values[&lt;lambda&gt;35]" time="0.00041174888610839844"><skipped message="Suite splitting in effect" type="pytest.skip">src/pymortests/affine_grid.py:138: Suite splitting in effect</skipped></testcase><testcase classname="src.pymortests.affine_grid" file="src/pymortests/affine_grid.py" line="138" name="test_volumes_values[&lt;lambda&gt;36]" time="0.0004165172576904297"><skipped message="Suite splitting in effect" type="pytest.skip">src/pymortests/affine_grid.py:138: Suite splitting in effect</skipped></testcase><testcase classname="src.pymortests.affine_grid" file="src/pymortests/affine_grid.py" line="138" name="test_volumes_values[&lt;lambda&gt;37]" time="0.0004127025604248047"><skipped message="Suite splitting in effect" type="pytest.skip">src/pymortests/affine_grid.py:138: Suite splitting in effect</skipped></testcase><testcase classname="src.pymortests.affine_grid" file="src/pymortests/affine_grid.py" line="138" name="test_volumes_values[&lt;lambda&gt;38]" time="0.0004191398620605469"><skipped message="Suite splitting in effect" type="pytest.skip">src/pymortests/affine_grid.py:138: Suite splitting in effect</skipped></testcase><testcase classname="src.pymortests.affine_grid" file="src/pymortests/affine_grid.py" line="138" name="test_volumes_values[&lt;lambda&gt;39]" time="0.0004322528839111328"><skipped message="Suite splitting in effect" type="pytest.skip">src/pymortests/affine_grid.py:138: Suite splitting in effect</skipped></testcase><testcase classname="src.pymortests.affine_grid" file="src/pymortests/affine_grid.py" line="138" name="test_volumes_values[&lt;lambda&gt;40]" time="0.0003955364227294922"><skipped message="Suite splitting in effect" type="pytest.skip">src/pymortests/affine_grid.py:138: Suite splitting in effect</skipped></testcase><testcase classname="src.pymortests.affine_grid" file="src/pymortests/affine_grid.py" line="138" name="test_volumes_values[&lt;lambda&gt;41]" time="0.0004329681396484375"><skipped message="Suite splitting in effect" type="pytest.skip">src/pymortests/affine_grid.py:138: Suite splitting in effect</skipped></testcase><testcase classname="src.pymortests.affine_grid" file="src/pymortests/affine_grid.py" line="138" name="test_volumes_values[&lt;lambda&gt;42]" time="0.0004112720489501953"><skipped message="Suite splitting in effect" type="pytest.skip">src/pymortests/affine_grid.py:138: Suite splitting in effect</skipped></testcase><testcase classname="src.pymortests.affine_grid" file="src/pymortests/affine_grid.py" line="146" name="test_volumes_inverse_wrong_arguments[&lt;lambda&gt;0]" time="0.00045800209045410156"><skipped message="Suite splitting in effect" type="pytest.skip">src/pymortests/affine_grid.py:146: Suite splitting in effect</skipped></testcase><testcase classname="src.pymortests.affine_grid" file="src/pymortests/affine_grid.py" line="146" name="test_volumes_inverse_wrong_arguments[&lt;lambda&gt;1]" time="0.0004031658172607422"><skipped message="Suite splitting in effect" type="pytest.skip">src/pymortests/affine_grid.py:146: Suite splitting in effect</skipped></testcase><testcase classname="src.pymortests.affine_grid" file="src/pymortests/affine_grid.py" line="146" name="test_volumes_inverse_wrong_arguments[&lt;lambda&gt;2]" time="0.0004382133483886719"><skipped message="Suite splitting in effect" type="pytest.skip">src/pymortests/affine_grid.py:146: Suite splitting in effect</skipped></testcase><testcase classname="src.pymortests.affine_grid" file="src/pymortests/affine_grid.py" line="146" name="test_volumes_inverse_wrong_arguments[&lt;lambda&gt;3]" time="0.0004169940948486328"><skipped message="Suite splitting in effect" type="pytest.skip">src/pymortests/affine_grid.py:146: Suite splitting in effect</skipped></testcase><testcase classname="src.pymortests.affine_grid" file="src/pymortests/affine_grid.py" line="146" name="test_volumes_inverse_wrong_arguments[&lt;lambda&gt;4]" time="0.00043320655822753906"><skipped message="Suite splitting in effect" type="pytest.skip">src/pymortests/affine_grid.py:146: Suite splitting in effect</skipped></testcase><testcase classname="src.pymortests.affine_grid" file="src/pymortests/affine_grid.py" line="146" name="test_volumes_inverse_wrong_arguments[&lt;lambda&gt;5]" time="0.0004143714904785156"><skipped message="Suite splitting in effect" type="pytest.skip">src/pymortests/affine_grid.py:146: Suite splitting in effect</skipped></testcase><testcase classname="src.pymortests.affine_grid" file="src/pymortests/affine_grid.py" line="146" name="test_volumes_inverse_wrong_arguments[&lt;lambda&gt;6]" time="0.0004210472106933594"><skipped message="Suite splitting in effect" type="pytest.skip">src/pymortests/affine_grid.py:146: Suite splitting in effect</skipped></testcase><testcase classname="src.pymortests.affine_grid" file="src/pymortests/affine_grid.py" line="146" name="test_volumes_inverse_wrong_arguments[&lt;lambda&gt;7]" time="0.0003914833068847656"><skipped message="Suite splitting in effect" type="pytest.skip">src/pymortests/affine_grid.py:146: Suite splitting in effect</skipped></testcase><testcase classname="src.pymortests.affine_grid" file="src/pymortests/affine_grid.py" line="146" name="test_volumes_inverse_wrong_arguments[&lt;lambda&gt;8]" time="0.0004162788391113281"><skipped message="Suite splitting in effect" type="pytest.skip">src/pymortests/affine_grid.py:146: Suite splitting in effect</skipped></testcase><testcase classname="src.pymortests.affine_grid" file="src/pymortests/affine_grid.py" line="146" name="test_volumes_inverse_wrong_arguments[&lt;lambda&gt;9]" time="0.0003933906555175781"><skipped message="Suite splitting in effect" type="pytest.skip">src/pymortests/affine_grid.py:146: Suite splitting in effect</skipped></testcase><testcase classname="src.pymortests.affine_grid" file="src/pymortests/affine_grid.py" line="146" name="test_volumes_inverse_wrong_arguments[&lt;lambda&gt;10]" time="0.0004298686981201172"><skipped message="Suite splitting in effect" type="pytest.skip">src/pymortests/affine_grid.py:146: Suite splitting in effect</skipped></testcase><testcase classname="src.pymortests.affine_grid" file="src/pymortests/affine_grid.py" line="146" name="test_volumes_inverse_wrong_arguments[&lt;lambda&gt;11]" time="0.0003917217254638672"><skipped message="Suite splitting in effect" type="pytest.skip">src/pymortests/affine_grid.py:146: Suite splitting in effect</skipped></testcase><testcase classname="src.pymortests.affine_grid" file="src/pymortests/affine_grid.py" line="146" name="test_volumes_inverse_wrong_arguments[&lt;lambda&gt;12]" time="0.00043892860412597656"><skipped message="Suite splitting in effect" type="pytest.skip">src/pymortests/affine_grid.py:146: Suite splitting in effect</skipped></testcase><testcase classname="src.pymortests.affine_grid" file="src/pymortests/affine_grid.py" line="146" name="test_volumes_inverse_wrong_arguments[&lt;lambda&gt;13]" time="0.0004134178161621094"><skipped message="Suite splitting in effect" type="pytest.skip">src/pymortests/affine_grid.py:146: Suite splitting in effect</skipped></testcase><testcase classname="src.pymortests.affine_grid" file="src/pymortests/affine_grid.py" line="146" name="test_volumes_inverse_wrong_arguments[&lt;lambda&gt;14]" time="0.00040030479431152344"><skipped message="Suite splitting in effect" type="pytest.skip">src/pymortests/affine_grid.py:146: Suite splitting in effect</skipped></testcase><testcase classname="src.pymortests.affine_grid" file="src/pymortests/affine_grid.py" line="146" name="test_volumes_inverse_wrong_arguments[&lt;lambda&gt;15]" time="0.0004322528839111328"><skipped message="Suite splitting in effect" type="pytest.skip">src/pymortests/affine_grid.py:146: Suite splitting in effect</skipped></testcase><testcase classname="src.pymortests.affine_grid" file="src/pymortests/affine_grid.py" line="146" name="test_volumes_inverse_wrong_arguments[&lt;lambda&gt;16]" time="0.00040650367736816406"><skipped message="Suite splitting in effect" type="pytest.skip">src/pymortests/affine_grid.py:146: Suite splitting in effect</skipped></testcase><testcase classname="src.pymortests.affine_grid" file="src/pymortests/affine_grid.py" line="146" name="test_volumes_inverse_wrong_arguments[&lt;lambda&gt;17]" time="0.00041103363037109375"><skipped message="Suite splitting in effect" type="pytest.skip">src/pymortests/affine_grid.py:146: Suite splitting in effect</skipped></testcase><testcase classname="src.pymortests.affine_grid" file="src/pymortests/affine_grid.py" line="146" name="test_volumes_inverse_wrong_arguments[&lt;lambda&gt;18]" time="0.00040793418884277344"><skipped message="Suite splitting in effect" type="pytest.skip">src/pymortests/affine_grid.py:146: Suite splitting in effect</skipped></testcase><testcase classname="src.pymortests.affine_grid" file="src/pymortests/affine_grid.py" line="146" name="test_volumes_inverse_wrong_arguments[&lt;lambda&gt;19]" time="0.0004324913024902344"><skipped message="Suite splitting in effect" type="pytest.skip">src/pymortests/affine_grid.py:146: Suite splitting in effect</skipped></testcase><testcase classname="src.pymortests.affine_grid" file="src/pymortests/affine_grid.py" line="146" name="test_volumes_inverse_wrong_arguments[&lt;lambda&gt;20]" time="0.00039458274841308594"><skipped message="Suite splitting in effect" type="pytest.skip">src/pymortests/affine_grid.py:146: Suite splitting in effect</skipped></testcase><testcase classname="src.pymortests.affine_grid" file="src/pymortests/affine_grid.py" line="146" name="test_volumes_inverse_wrong_arguments[&lt;lambda&gt;21]" time="0.00046515464782714844"><skipped message="Suite splitting in effect" type="pytest.skip">src/pymortests/affine_grid.py:146: Suite splitting in effect</skipped></testcase><testcase classname="src.pymortests.affine_grid" file="src/pymortests/affine_grid.py" line="146" name="test_volumes_inverse_wrong_arguments[&lt;lambda&gt;22]" time="0.00039458274841308594"><skipped message="Suite splitting in effect" type="pytest.skip">src/pymortests/affine_grid.py:146: Suite splitting in effect</skipped></testcase><testcase classname="src.pymortests.affine_grid" file="src/pymortests/affine_grid.py" line="146" name="test_volumes_inverse_wrong_arguments[&lt;lambda&gt;23]" time="0.0004284381866455078"><skipped message="Suite splitting in effect" type="pytest.skip">src/pymortests/affine_grid.py:146: Suite splitting in effect</skipped></testcase><testcase classname="src.pymortests.affine_grid" file="src/pymortests/affine_grid.py" line="146" name="test_volumes_inverse_wrong_arguments[&lt;lambda&gt;24]" time="0.00039505958557128906"><skipped message="Suite splitting in effect" type="pytest.skip">src/pymortests/affine_grid.py:146: Suite splitting in effect</skipped></testcase><testcase classname="src.pymortests.affine_grid" file="src/pymortests/affine_grid.py" line="146" name="test_volumes_inverse_wrong_arguments[&lt;lambda&gt;25]" time="0.0004093647003173828"><skipped message="Suite splitting in effect" type="pytest.skip">src/pymortests/affine_grid.py:146: Suite splitting in effect</skipped></testcase><testcase classname="src.pymortests.affine_grid" file="src/pymortests/affine_grid.py" line="146" name="test_volumes_inverse_wrong_arguments[&lt;lambda&gt;26]" time="0.00043964385986328125"><skipped message="Suite splitting in effect" type="pytest.skip">src/pymortests/affine_grid.py:146: Suite splitting in effect</skipped></testcase><testcase classname="src.pymortests.affine_grid" file="src/pymortests/affine_grid.py" line="146" name="test_volumes_inverse_wrong_arguments[&lt;lambda&gt;27]" time="0.0004451274871826172"><skipped message="Suite splitting in effect" type="pytest.skip">src/pymortests/affine_grid.py:146: Suite splitting in effect</skipped></testcase><testcase classname="src.pymortests.affine_grid" file="src/pymortests/affine_grid.py" line="146" name="test_volumes_inverse_wrong_arguments[&lt;lambda&gt;28]" time="0.0004248619079589844"><skipped message="Suite splitting in effect" type="pytest.skip">src/pymortests/affine_grid.py:146: Suite splitting in effect</skipped></testcase><testcase classname="src.pymortests.affine_grid" file="src/pymortests/affine_grid.py" line="146" name="test_volumes_inverse_wrong_arguments[&lt;lambda&gt;29]" time="0.00041675567626953125"><skipped message="Suite splitting in effect" type="pytest.skip">src/pymortests/affine_grid.py:146: Suite splitting in effect</skipped></testcase><testcase classname="src.pymortests.affine_grid" file="src/pymortests/affine_grid.py" line="146" name="test_volumes_inverse_wrong_arguments[&lt;lambda&gt;30]" time="0.0004200935363769531"><skipped message="Suite splitting in effect" type="pytest.skip">src/pymortests/affine_grid.py:146: Suite splitting in effect</skipped></testcase><testcase classname="src.pymortests.affine_grid" file="src/pymortests/affine_grid.py" line="146" name="test_volumes_inverse_wrong_arguments[&lt;lambda&gt;31]" time="0.0005254745483398438"><skipped message="Suite splitting in effect" type="pytest.skip">src/pymortests/affine_grid.py:146: Suite splitting in effect</skipped></testcase><testcase classname="src.pymortests.affine_grid" file="src/pymortests/affine_grid.py" line="146" name="test_volumes_inverse_wrong_arguments[&lt;lambda&gt;32]" time="0.000469207763671875"><skipped message="Suite splitting in effect" type="pytest.skip">src/pymortests/affine_grid.py:146: Suite splitting in effect</skipped></testcase><testcase classname="src.pymortests.affine_grid" file="src/pymortests/affine_grid.py" line="146" name="test_volumes_inverse_wrong_arguments[&lt;lambda&gt;33]" time="0.0003941059112548828"><skipped message="Suite splitting in effect" type="pytest.skip">src/pymortests/affine_grid.py:146: Suite splitting in effect</skipped></testcase><testcase classname="src.pymortests.affine_grid" file="src/pymortests/affine_grid.py" line="146" name="test_volumes_inverse_wrong_arguments[&lt;lambda&gt;34]" time="0.0004253387451171875"><skipped message="Suite splitting in effect" type="pytest.skip">src/pymortests/affine_grid.py:146: Suite splitting in effect</skipped></testcase><testcase classname="src.pymortests.affine_grid" file="src/pymortests/affine_grid.py" line="146" name="test_volumes_inverse_wrong_arguments[&lt;lambda&gt;35]" time="0.0004124641418457031"><skipped message="Suite splitting in effect" type="pytest.skip">src/pymortests/affine_grid.py:146: Suite splitting in effect</skipped></testcase><testcase classname="src.pymortests.affine_grid" file="src/pymortests/affine_grid.py" line="146" name="test_volumes_inverse_wrong_arguments[&lt;lambda&gt;36]" time="0.0004582405090332031"><skipped message="Suite splitting in effect" type="pytest.skip">src/pymortests/affine_grid.py:146: Suite splitting in effect</skipped></testcase><testcase classname="src.pymortests.affine_grid" file="src/pymortests/affine_grid.py" line="146" name="test_volumes_inverse_wrong_arguments[&lt;lambda&gt;37]" time="0.0003960132598876953"><skipped message="Suite splitting in effect" type="pytest.skip">src/pymortests/affine_grid.py:146: Suite splitting in effect</skipped></testcase><testcase classname="src.pymortests.affine_grid" file="src/pymortests/affine_grid.py" line="146" name="test_volumes_inverse_wrong_arguments[&lt;lambda&gt;38]" time="0.00043654441833496094"><skipped message="Suite splitting in effect" type="pytest.skip">src/pymortests/affine_grid.py:146: Suite splitting in effect</skipped></testcase><testcase classname="src.pymortests.affine_grid" file="src/pymortests/affine_grid.py" line="146" name="test_volumes_inverse_wrong_arguments[&lt;lambda&gt;39]" time="0.00040030479431152344"><skipped message="Suite splitting in effect" type="pytest.skip">src/pymortests/affine_grid.py:146: Suite splitting in effect</skipped></testcase><testcase classname="src.pymortests.affine_grid" file="src/pymortests/affine_grid.py" line="146" name="test_volumes_inverse_wrong_arguments[&lt;lambda&gt;40]" time="0.00040793418884277344"><skipped message="Suite splitting in effect" type="pytest.skip">src/pymortests/affine_grid.py:146: Suite splitting in effect</skipped></testcase><testcase classname="src.pymortests.affine_grid" file="src/pymortests/affine_grid.py" line="146" name="test_volumes_inverse_wrong_arguments[&lt;lambda&gt;41]" time="0.00042700767517089844"><skipped message="Suite splitting in effect" type="pytest.skip">src/pymortests/affine_grid.py:146: Suite splitting in effect</skipped></testcase><testcase classname="src.pymortests.affine_grid" file="src/pymortests/affine_grid.py" line="146" name="test_volumes_inverse_wrong_arguments[&lt;lambda&gt;42]" time="0.0004057884216308594"><skipped message="Suite splitting in effect" type="pytest.skip">src/pymortests/affine_grid.py:146: Suite splitting in effect</skipped></testcase><testcase classname="src.pymortests.affine_grid" file="src/pymortests/affine_grid.py" line="154" name="test_volumes_inverse_shape[&lt;lambda&gt;0]" time="0.00041294097900390625"><skipped message="Suite splitting in effect" type="pytest.skip">src/pymortests/affine_grid.py:154: Suite splitting in effect</skipped></testcase><testcase classname="src.pymortests.affine_grid" file="src/pymortests/affine_grid.py" line="154" name="test_volumes_inverse_shape[&lt;lambda&gt;1]" time="0.0007007122039794922"><skipped message="Suite splitting in effect" type="pytest.skip">src/pymortests/affine_grid.py:154: Suite splitting in effect</skipped></testcase><testcase classname="src.pymortests.affine_grid" file="src/pymortests/affine_grid.py" line="154" name="test_volumes_inverse_shape[&lt;lambda&gt;2]" time="0.000415802001953125"><skipped message="Suite splitting in effect" type="pytest.skip">src/pymortests/affine_grid.py:154: Suite splitting in effect</skipped></testcase><testcase classname="src.pymortests.affine_grid" file="src/pymortests/affine_grid.py" line="154" name="test_volumes_inverse_shape[&lt;lambda&gt;3]" time="0.0004191398620605469"><skipped message="Suite splitting in effect" type="pytest.skip">src/pymortests/affine_grid.py:154: Suite splitting in effect</skipped></testcase><testcase classname="src.pymortests.affine_grid" file="src/pymortests/affine_grid.py" line="154" name="test_volumes_inverse_shape[&lt;lambda&gt;4]" time="0.0004074573516845703"><skipped message="Suite splitting in effect" type="pytest.skip">src/pymortests/affine_grid.py:154: Suite splitting in effect</skipped></testcase><testcase classname="src.pymortests.affine_grid" file="src/pymortests/affine_grid.py" line="154" name="test_volumes_inverse_shape[&lt;lambda&gt;5]" time="0.0004105567932128906"><skipped message="Suite splitting in effect" type="pytest.skip">src/pymortests/affine_grid.py:154: Suite splitting in effect</skipped></testcase><testcase classname="src.pymortests.affine_grid" file="src/pymortests/affine_grid.py" line="154" name="test_volumes_inverse_shape[&lt;lambda&gt;6]" time="0.0004048347473144531"><skipped message="Suite splitting in effect" type="pytest.skip">src/pymortests/affine_grid.py:154: Suite splitting in effect</skipped></testcase><testcase classname="src.pymortests.affine_grid" file="src/pymortests/affine_grid.py" line="154" name="test_volumes_inverse_shape[&lt;lambda&gt;7]" time="0.00041174888610839844"><skipped message="Suite splitting in effect" type="pytest.skip">src/pymortests/affine_grid.py:154: Suite splitting in effect</skipped></testcase><testcase classname="src.pymortests.affine_grid" file="src/pymortests/affine_grid.py" line="154" name="test_volumes_inverse_shape[&lt;lambda&gt;8]" time="0.0004134178161621094"><skipped message="Suite splitting in effect" type="pytest.skip">src/pymortests/affine_grid.py:154: Suite splitting in effect</skipped></testcase><testcase classname="src.pymortests.affine_grid" file="src/pymortests/affine_grid.py" line="154" name="test_volumes_inverse_shape[&lt;lambda&gt;9]" time="0.0004296302795410156"><skipped message="Suite splitting in effect" type="pytest.skip">src/pymortests/affine_grid.py:154: Suite splitting in effect</skipped></testcase><testcase classname="src.pymortests.affine_grid" file="src/pymortests/affine_grid.py" line="154" name="test_volumes_inverse_shape[&lt;lambda&gt;10]" time="0.00043201446533203125"><skipped message="Suite splitting in effect" type="pytest.skip">src/pymortests/affine_grid.py:154: Suite splitting in effect</skipped></testcase><testcase classname="src.pymortests.affine_grid" file="src/pymortests/affine_grid.py" line="154" name="test_volumes_inverse_shape[&lt;lambda&gt;11]" time="0.0004494190216064453"><skipped message="Suite splitting in effect" type="pytest.skip">src/pymortests/affine_grid.py:154: Suite splitting in effect</skipped></testcase><testcase classname="src.pymortests.affine_grid" file="src/pymortests/affine_grid.py" line="154" name="test_volumes_inverse_shape[&lt;lambda&gt;12]" time="0.00046539306640625"><skipped message="Suite splitting in effect" type="pytest.skip">src/pymortests/affine_grid.py:154: Suite splitting in effect</skipped></testcase><testcase classname="src.pymortests.affine_grid" file="src/pymortests/affine_grid.py" line="154" name="test_volumes_inverse_shape[&lt;lambda&gt;13]" time="0.00040793418884277344"><skipped message="Suite splitting in effect" type="pytest.skip">src/pymortests/affine_grid.py:154: Suite splitting in effect</skipped></testcase><testcase classname="src.pymortests.affine_grid" file="src/pymortests/affine_grid.py" line="154" name="test_volumes_inverse_shape[&lt;lambda&gt;14]" time="0.00041103363037109375"><skipped message="Suite splitting in effect" type="pytest.skip">src/pymortests/affine_grid.py:154: Suite splitting in effect</skipped></testcase><testcase classname="src.pymortests.affine_grid" file="src/pymortests/affine_grid.py" line="154" name="test_volumes_inverse_shape[&lt;lambda&gt;15]" time="0.00043272972106933594"><skipped message="Suite splitting in effect" type="pytest.skip">src/pymortests/affine_grid.py:154: Suite splitting in effect</skipped></testcase><testcase classname="src.pymortests.affine_grid" file="src/pymortests/affine_grid.py" line="154" name="test_volumes_inverse_shape[&lt;lambda&gt;16]" time="0.00041604042053222656"><skipped message="Suite splitting in effect" type="pytest.skip">src/pymortests/affine_grid.py:154: Suite splitting in effect</skipped></testcase><testcase classname="src.pymortests.affine_grid" file="src/pymortests/affine_grid.py" line="154" name="test_volumes_inverse_shape[&lt;lambda&gt;17]" time="0.0003895759582519531"><skipped message="Suite splitting in effect" type="pytest.skip">src/pymortests/affine_grid.py:154: Suite splitting in effect</skipped></testcase><testcase classname="src.pymortests.affine_grid" file="src/pymortests/affine_grid.py" line="154" name="test_volumes_inverse_shape[&lt;lambda&gt;18]" time="0.0004334449768066406"><skipped message="Suite splitting in effect" type="pytest.skip">src/pymortests/affine_grid.py:154: Suite splitting in effect</skipped></testcase><testcase classname="src.pymortests.affine_grid" file="src/pymortests/affine_grid.py" line="154" name="test_volumes_inverse_shape[&lt;lambda&gt;19]" time="0.0004069805145263672"><skipped message="Suite splitting in effect" type="pytest.skip">src/pymortests/affine_grid.py:154: Suite splitting in effect</skipped></testcase><testcase classname="src.pymortests.affine_grid" file="src/pymortests/affine_grid.py" line="154" name="test_volumes_inverse_shape[&lt;lambda&gt;20]" time="0.00041222572326660156"><skipped message="Suite splitting in effect" type="pytest.skip">src/pymortests/affine_grid.py:154: Suite splitting in effect</skipped></testcase><testcase classname="src.pymortests.affine_grid" file="src/pymortests/affine_grid.py" line="154" name="test_volumes_inverse_shape[&lt;lambda&gt;21]" time="0.00038695335388183594"><skipped message="Suite splitting in effect" type="pytest.skip">src/pymortests/affine_grid.py:154: Suite splitting in effect</skipped></testcase><testcase classname="src.pymortests.affine_grid" file="src/pymortests/affine_grid.py" line="154" name="test_volumes_inverse_shape[&lt;lambda&gt;22]" time="0.0004112720489501953"><skipped message="Suite splitting in effect" type="pytest.skip">src/pymortests/affine_grid.py:154: Suite splitting in effect</skipped></testcase><testcase classname="src.pymortests.affine_grid" file="src/pymortests/affine_grid.py" line="154" name="test_volumes_inverse_shape[&lt;lambda&gt;23]" time="0.00039005279541015625"><skipped message="Suite splitting in effect" type="pytest.skip">src/pymortests/affine_grid.py:154: Suite splitting in effect</skipped></testcase><testcase classname="src.pymortests.affine_grid" file="src/pymortests/affine_grid.py" line="154" name="test_volumes_inverse_shape[&lt;lambda&gt;24]" time="0.0004172325134277344"><skipped message="Suite splitting in effect" type="pytest.skip">src/pymortests/affine_grid.py:154: Suite splitting in effect</skipped></testcase><testcase classname="src.pymortests.affine_grid" file="src/pymortests/affine_grid.py" line="154" name="test_volumes_inverse_shape[&lt;lambda&gt;25]" time="0.0003943443298339844"><skipped message="Suite splitting in effect" type="pytest.skip">src/pymortests/affine_grid.py:154: Suite splitting in effect</skipped></testcase><testcase classname="src.pymortests.affine_grid" file="src/pymortests/affine_grid.py" line="154" name="test_volumes_inverse_shape[&lt;lambda&gt;26]" time="0.0004229545593261719"><skipped message="Suite splitting in effect" type="pytest.skip">src/pymortests/affine_grid.py:154: Suite splitting in effect</skipped></testcase><testcase classname="src.pymortests.affine_grid" file="src/pymortests/affine_grid.py" line="154" name="test_volumes_inverse_shape[&lt;lambda&gt;27]" time="0.0004100799560546875"><skipped message="Suite splitting in effect" type="pytest.skip">src/pymortests/affine_grid.py:154: Suite splitting in effect</skipped></testcase><testcase classname="src.pymortests.affine_grid" file="src/pymortests/affine_grid.py" line="154" name="test_volumes_inverse_shape[&lt;lambda&gt;28]" time="0.0004069805145263672"><skipped message="Suite splitting in effect" type="pytest.skip">src/pymortests/affine_grid.py:154: Suite splitting in effect</skipped></testcase><testcase classname="src.pymortests.affine_grid" file="src/pymortests/affine_grid.py" line="154" name="test_volumes_inverse_shape[&lt;lambda&gt;29]" time="0.0004317760467529297"><skipped message="Suite splitting in effect" type="pytest.skip">src/pymortests/affine_grid.py:154: Suite splitting in effect</skipped></testcase><testcase classname="src.pymortests.affine_grid" file="src/pymortests/affine_grid.py" line="154" name="test_volumes_inverse_shape[&lt;lambda&gt;30]" time="0.0004172325134277344"><skipped message="Suite splitting in effect" type="pytest.skip">src/pymortests/affine_grid.py:154: Suite splitting in effect</skipped></testcase><testcase classname="src.pymortests.affine_grid" file="src/pymortests/affine_grid.py" line="154" name="test_volumes_inverse_shape[&lt;lambda&gt;31]" time="0.0004172325134277344"><skipped message="Suite splitting in effect" type="pytest.skip">src/pymortests/affine_grid.py:154: Suite splitting in effect</skipped></testcase><testcase classname="src.pymortests.affine_grid" file="src/pymortests/affine_grid.py" line="154" name="test_volumes_inverse_shape[&lt;lambda&gt;32]" time="0.0004401206970214844"><skipped message="Suite splitting in effect" type="pytest.skip">src/pymortests/affine_grid.py:154: Suite splitting in effect</skipped></testcase><testcase classname="src.pymortests.affine_grid" file="src/pymortests/affine_grid.py" line="154" name="test_volumes_inverse_shape[&lt;lambda&gt;33]" time="0.0004169940948486328"><skipped message="Suite splitting in effect" type="pytest.skip">src/pymortests/affine_grid.py:154: Suite splitting in effect</skipped></testcase><testcase classname="src.pymortests.affine_grid" file="src/pymortests/affine_grid.py" line="154" name="test_volumes_inverse_shape[&lt;lambda&gt;34]" time="0.0004298686981201172"><skipped message="Suite splitting in effect" type="pytest.skip">src/pymortests/affine_grid.py:154: Suite splitting in effect</skipped></testcase><testcase classname="src.pymortests.affine_grid" file="src/pymortests/affine_grid.py" line="154" name="test_volumes_inverse_shape[&lt;lambda&gt;35]" time="0.0003914833068847656"><skipped message="Suite splitting in effect" type="pytest.skip">src/pymortests/affine_grid.py:154: Suite splitting in effect</skipped></testcase><testcase classname="src.pymortests.affine_grid" file="src/pymortests/affine_grid.py" line="154" name="test_volumes_inverse_shape[&lt;lambda&gt;36]" time="0.0004086494445800781"><skipped message="Suite splitting in effect" type="pytest.skip">src/pymortests/affine_grid.py:154: Suite splitting in effect</skipped></testcase><testcase classname="src.pymortests.affine_grid" file="src/pymortests/affine_grid.py" line="154" name="test_volumes_inverse_shape[&lt;lambda&gt;37]" time="0.0004057884216308594"><skipped message="Suite splitting in effect" type="pytest.skip">src/pymortests/affine_grid.py:154: Suite splitting in effect</skipped></testcase><testcase classname="src.pymortests.affine_grid" file="src/pymortests/affine_grid.py" line="154" name="test_volumes_inverse_shape[&lt;lambda&gt;38]" time="0.00042557716369628906"><skipped message="Suite splitting in effect" type="pytest.skip">src/pymortests/affine_grid.py:154: Suite splitting in effect</skipped></testcase><testcase classname="src.pymortests.affine_grid" file="src/pymortests/affine_grid.py" line="154" name="test_volumes_inverse_shape[&lt;lambda&gt;39]" time="0.00039315223693847656"><skipped message="Suite splitting in effect" type="pytest.skip">src/pymortests/affine_grid.py:154: Suite splitting in effect</skipped></testcase><testcase classname="src.pymortests.affine_grid" file="src/pymortests/affine_grid.py" line="154" name="test_volumes_inverse_shape[&lt;lambda&gt;40]" time="0.000446319580078125"><skipped message="Suite splitting in effect" type="pytest.skip">src/pymortests/affine_grid.py:154: Suite splitting in effect</skipped></testcase><testcase classname="src.pymortests.affine_grid" file="src/pymortests/affine_grid.py" line="154" name="test_volumes_inverse_shape[&lt;lambda&gt;41]" time="0.0004382133483886719"><skipped message="Suite splitting in effect" type="pytest.skip">src/pymortests/affine_grid.py:154: Suite splitting in effect</skipped></testcase><testcase classname="src.pymortests.affine_grid" file="src/pymortests/affine_grid.py" line="154" name="test_volumes_inverse_shape[&lt;lambda&gt;42]" time="0.00041985511779785156"><skipped message="Suite splitting in effect" type="pytest.skip">src/pymortests/affine_grid.py:154: Suite splitting in effect</skipped></testcase><testcase classname="src.pymortests.affine_grid" file="src/pymortests/affine_grid.py" line="160" name="test_volumes_inverse_values[&lt;lambda&gt;0]" time="0.00041556358337402344"><skipped message="Suite splitting in effect" type="pytest.skip">src/pymortests/affine_grid.py:160: Suite splitting in effect</skipped></testcase><testcase classname="src.pymortests.affine_grid" file="src/pymortests/affine_grid.py" line="160" name="test_volumes_inverse_values[&lt;lambda&gt;1]" time="0.0003879070281982422"><skipped message="Suite splitting in effect" type="pytest.skip">src/pymortests/affine_grid.py:160: Suite splitting in effect</skipped></testcase><testcase classname="src.pymortests.affine_grid" file="src/pymortests/affine_grid.py" line="160" name="test_volumes_inverse_values[&lt;lambda&gt;2]" time="0.000415802001953125"><skipped message="Suite splitting in effect" type="pytest.skip">src/pymortests/affine_grid.py:160: Suite splitting in effect</skipped></testcase><testcase classname="src.pymortests.affine_grid" file="src/pymortests/affine_grid.py" line="160" name="test_volumes_inverse_values[&lt;lambda&gt;3]" time="0.0003905296325683594"><skipped message="Suite splitting in effect" type="pytest.skip">src/pymortests/affine_grid.py:160: Suite splitting in effect</skipped></testcase><testcase classname="src.pymortests.affine_grid" file="src/pymortests/affine_grid.py" line="160" name="test_volumes_inverse_values[&lt;lambda&gt;4]" time="0.00041556358337402344"><skipped message="Suite splitting in effect" type="pytest.skip">src/pymortests/affine_grid.py:160: Suite splitting in effect</skipped></testcase><testcase classname="src.pymortests.affine_grid" file="src/pymortests/affine_grid.py" line="160" name="test_volumes_inverse_values[&lt;lambda&gt;5]" time="0.0003986358642578125"><skipped message="Suite splitting in effect" type="pytest.skip">src/pymortests/affine_grid.py:160: Suite splitting in effect</skipped></testcase><testcase classname="src.pymortests.affine_grid" file="src/pymortests/affine_grid.py" line="160" name="test_volumes_inverse_values[&lt;lambda&gt;6]" time="0.0004246234893798828"><skipped message="Suite splitting in effect" type="pytest.skip">src/pymortests/affine_grid.py:160: Suite splitting in effect</skipped></testcase><testcase classname="src.pymortests.affine_grid" file="src/pymortests/affine_grid.py" line="160" name="test_volumes_inverse_values[&lt;lambda&gt;7]" time="0.00039577484130859375"><skipped message="Suite splitting in effect" type="pytest.skip">src/pymortests/affine_grid.py:160: Suite splitting in effect</skipped></testcase><testcase classname="src.pymortests.affine_grid" file="src/pymortests/affine_grid.py" line="160" name="test_volumes_inverse_values[&lt;lambda&gt;8]" time="0.0003991127014160156"><skipped message="Suite splitting in effect" type="pytest.skip">src/pymortests/affine_grid.py:160: Suite splitting in effect</skipped></testcase><testcase classname="src.pymortests.affine_grid" file="src/pymortests/affine_grid.py" line="160" name="test_volumes_inverse_values[&lt;lambda&gt;9]" time="0.0004372596740722656"><skipped message="Suite splitting in effect" type="pytest.skip">src/pymortests/affine_grid.py:160: Suite splitting in effect</skipped></testcase><testcase classname="src.pymortests.affine_grid" file="src/pymortests/affine_grid.py" line="160" name="test_volumes_inverse_values[&lt;lambda&gt;10]" time="0.00043010711669921875"><skipped message="Suite splitting in effect" type="pytest.skip">src/pymortests/affine_grid.py:160: Suite splitting in effect</skipped></testcase><testcase classname="src.pymortests.affine_grid" file="src/pymortests/affine_grid.py" line="160" name="test_volumes_inverse_values[&lt;lambda&gt;11]" time="0.0004181861877441406"><skipped message="Suite splitting in effect" type="pytest.skip">src/pymortests/affine_grid.py:160: Suite splitting in effect</skipped></testcase><testcase classname="src.pymortests.affine_grid" file="src/pymortests/affine_grid.py" line="160" name="test_volumes_inverse_values[&lt;lambda&gt;12]" time="0.0004050731658935547"><skipped message="Suite splitting in effect" type="pytest.skip">src/pymortests/affine_grid.py:160: Suite splitting in effect</skipped></testcase><testcase classname="src.pymortests.affine_grid" file="src/pymortests/affine_grid.py" line="160" name="test_volumes_inverse_values[&lt;lambda&gt;13]" time="0.0004329681396484375"><skipped message="Suite splitting in effect" type="pytest.skip">src/pymortests/affine_grid.py:160: Suite splitting in effect</skipped></testcase><testcase classname="src.pymortests.affine_grid" file="src/pymortests/affine_grid.py" line="160" name="test_volumes_inverse_values[&lt;lambda&gt;14]" time="0.00039196014404296875"><skipped message="Suite splitting in effect" type="pytest.skip">src/pymortests/affine_grid.py:160: Suite splitting in effect</skipped></testcase><testcase classname="src.pymortests.affine_grid" file="src/pymortests/affine_grid.py" line="160" name="test_volumes_inverse_values[&lt;lambda&gt;15]" time="0.00043511390686035156"><skipped message="Suite splitting in effect" type="pytest.skip">src/pymortests/affine_grid.py:160: Suite splitting in effect</skipped></testcase><testcase classname="src.pymortests.affine_grid" file="src/pymortests/affine_grid.py" line="160" name="test_volumes_inverse_values[&lt;lambda&gt;16]" time="0.0004062652587890625"><skipped message="Suite splitting in effect" type="pytest.skip">src/pymortests/affine_grid.py:160: Suite splitting in effect</skipped></testcase><testcase classname="src.pymortests.affine_grid" file="src/pymortests/affine_grid.py" line="160" name="test_volumes_inverse_values[&lt;lambda&gt;17]" time="0.0004506111145019531"><skipped message="Suite splitting in effect" type="pytest.skip">src/pymortests/affine_grid.py:160: Suite splitting in effect</skipped></testcase><testcase classname="src.pymortests.affine_grid" file="src/pymortests/affine_grid.py" line="160" name="test_volumes_inverse_values[&lt;lambda&gt;18]" time="0.0003981590270996094"><skipped message="Suite splitting in effect" type="pytest.skip">src/pymortests/affine_grid.py:160: Suite splitting in effect</skipped></testcase><testcase classname="src.pymortests.affine_grid" file="src/pymortests/affine_grid.py" line="160" name="test_volumes_inverse_values[&lt;lambda&gt;19]" time="0.00041103363037109375"><skipped message="Suite splitting in effect" type="pytest.skip">src/pymortests/affine_grid.py:160: Suite splitting in effect</skipped></testcase><testcase classname="src.pymortests.affine_grid" file="src/pymortests/affine_grid.py" line="160" name="test_volumes_inverse_values[&lt;lambda&gt;20]" time="0.0004267692565917969"><skipped message="Suite splitting in effect" type="pytest.skip">src/pymortests/affine_grid.py:160: Suite splitting in effect</skipped></testcase><testcase classname="src.pymortests.affine_grid" file="src/pymortests/affine_grid.py" line="160" name="test_volumes_inverse_values[&lt;lambda&gt;21]" time="0.0004267692565917969"><skipped message="Suite splitting in effect" type="pytest.skip">src/pymortests/affine_grid.py:160: Suite splitting in effect</skipped></testcase><testcase classname="src.pymortests.affine_grid" file="src/pymortests/affine_grid.py" line="160" name="test_volumes_inverse_values[&lt;lambda&gt;22]" time="0.0004169940948486328"><skipped message="Suite splitting in effect" type="pytest.skip">src/pymortests/affine_grid.py:160: Suite splitting in effect</skipped></testcase><testcase classname="src.pymortests.affine_grid" file="src/pymortests/affine_grid.py" line="160" name="test_volumes_inverse_values[&lt;lambda&gt;23]" time="0.0004489421844482422"><skipped message="Suite splitting in effect" type="pytest.skip">src/pymortests/affine_grid.py:160: Suite splitting in effect</skipped></testcase><testcase classname="src.pymortests.affine_grid" file="src/pymortests/affine_grid.py" line="160" name="test_volumes_inverse_values[&lt;lambda&gt;24]" time="0.000423431396484375"><skipped message="Suite splitting in effect" type="pytest.skip">src/pymortests/affine_grid.py:160: Suite splitting in effect</skipped></testcase><testcase classname="src.pymortests.affine_grid" file="src/pymortests/affine_grid.py" line="160" name="test_volumes_inverse_values[&lt;lambda&gt;25]" time="0.0005533695220947266"><skipped message="Suite splitting in effect" type="pytest.skip">src/pymortests/affine_grid.py:160: Suite splitting in effect</skipped></testcase><testcase classname="src.pymortests.affine_grid" file="src/pymortests/affine_grid.py" line="160" name="test_volumes_inverse_values[&lt;lambda&gt;26]" time="0.0004475116729736328"><skipped message="Suite splitting in effect" type="pytest.skip">src/pymortests/affine_grid.py:160: Suite splitting in effect</skipped></testcase><testcase classname="src.pymortests.affine_grid" file="src/pymortests/affine_grid.py" line="160" name="test_volumes_inverse_values[&lt;lambda&gt;27]" time="0.0003962516784667969"><skipped message="Suite splitting in effect" type="pytest.skip">src/pymortests/affine_grid.py:160: Suite splitting in effect</skipped></testcase><testcase classname="src.pymortests.affine_grid" file="src/pymortests/affine_grid.py" line="160" name="test_volumes_inverse_values[&lt;lambda&gt;28]" time="0.0004267692565917969"><skipped message="Suite splitting in effect" type="pytest.skip">src/pymortests/affine_grid.py:160: Suite splitting in effect</skipped></testcase><testcase classname="src.pymortests.affine_grid" file="src/pymortests/affine_grid.py" line="160" name="test_volumes_inverse_values[&lt;lambda&gt;29]" time="0.0004086494445800781"><skipped message="Suite splitting in effect" type="pytest.skip">src/pymortests/affine_grid.py:160: Suite splitting in effect</skipped></testcase><testcase classname="src.pymortests.affine_grid" file="src/pymortests/affine_grid.py" line="160" name="test_volumes_inverse_values[&lt;lambda&gt;30]" time="0.00044274330139160156"><skipped message="Suite splitting in effect" type="pytest.skip">src/pymortests/affine_grid.py:160: Suite splitting in effect</skipped></testcase><testcase classname="src.pymortests.affine_grid" file="src/pymortests/affine_grid.py" line="160" name="test_volumes_inverse_values[&lt;lambda&gt;31]" time="0.00041604042053222656"><skipped message="Suite splitting in effect" type="pytest.skip">src/pymortests/affine_grid.py:160: Suite splitting in effect</skipped></testcase><testcase classname="src.pymortests.affine_grid" file="src/pymortests/affine_grid.py" line="160" name="test_volumes_inverse_values[&lt;lambda&gt;32]" time="0.0003914833068847656"><skipped message="Suite splitting in effect" type="pytest.skip">src/pymortests/affine_grid.py:160: Suite splitting in effect</skipped></testcase><testcase classname="src.pymortests.affine_grid" file="src/pymortests/affine_grid.py" line="160" name="test_volumes_inverse_values[&lt;lambda&gt;33]" time="0.0004203319549560547"><skipped message="Suite splitting in effect" type="pytest.skip">src/pymortests/affine_grid.py:160: Suite splitting in effect</skipped></testcase><testcase classname="src.pymortests.affine_grid" file="src/pymortests/affine_grid.py" line="160" name="test_volumes_inverse_values[&lt;lambda&gt;34]" time="0.00039386749267578125"><skipped message="Suite splitting in effect" type="pytest.skip">src/pymortests/affine_grid.py:160: Suite splitting in effect</skipped></testcase><testcase classname="src.pymortests.affine_grid" file="src/pymortests/affine_grid.py" line="160" name="test_volumes_inverse_values[&lt;lambda&gt;35]" time="0.0004286766052246094"><skipped message="Suite splitting in effect" type="pytest.skip">src/pymortests/affine_grid.py:160: Suite splitting in effect</skipped></testcase><testcase classname="src.pymortests.affine_grid" file="src/pymortests/affine_grid.py" line="160" name="test_volumes_inverse_values[&lt;lambda&gt;36]" time="0.00044345855712890625"><skipped message="Suite splitting in effect" type="pytest.skip">src/pymortests/affine_grid.py:160: Suite splitting in effect</skipped></testcase><testcase classname="src.pymortests.affine_grid" file="src/pymortests/affine_grid.py" line="160" name="test_volumes_inverse_values[&lt;lambda&gt;37]" time="0.0004100799560546875"><skipped message="Suite splitting in effect" type="pytest.skip">src/pymortests/affine_grid.py:160: Suite splitting in effect</skipped></testcase><testcase classname="src.pymortests.affine_grid" file="src/pymortests/affine_grid.py" line="160" name="test_volumes_inverse_values[&lt;lambda&gt;38]" time="0.0003952980041503906"><skipped message="Suite splitting in effect" type="pytest.skip">src/pymortests/affine_grid.py:160: Suite splitting in effect</skipped></testcase><testcase classname="src.pymortests.affine_grid" file="src/pymortests/affine_grid.py" line="160" name="test_volumes_inverse_values[&lt;lambda&gt;39]" time="0.00040221214294433594"><skipped message="Suite splitting in effect" type="pytest.skip">src/pymortests/affine_grid.py:160: Suite splitting in effect</skipped></testcase><testcase classname="src.pymortests.affine_grid" file="src/pymortests/affine_grid.py" line="160" name="test_volumes_inverse_values[&lt;lambda&gt;40]" time="0.000438690185546875"><skipped message="Suite splitting in effect" type="pytest.skip">src/pymortests/affine_grid.py:160: Suite splitting in effect</skipped></testcase><testcase classname="src.pymortests.affine_grid" file="src/pymortests/affine_grid.py" line="160" name="test_volumes_inverse_values[&lt;lambda&gt;41]" time="0.0004000663757324219"><skipped message="Suite splitting in effect" type="pytest.skip">src/pymortests/affine_grid.py:160: Suite splitting in effect</skipped></testcase><testcase classname="src.pymortests.affine_grid" file="src/pymortests/affine_grid.py" line="160" name="test_volumes_inverse_values[&lt;lambda&gt;42]" time="0.00041985511779785156"><skipped message="Suite splitting in effect" type="pytest.skip">src/pymortests/affine_grid.py:160: Suite splitting in effect</skipped></testcase><testcase classname="src.pymortests.affine_grid" file="src/pymortests/affine_grid.py" line="168" name="test_unit_outer_normals_shape[&lt;lambda&gt;0]" time="0.0004239082336425781"><skipped message="Suite splitting in effect" type="pytest.skip">src/pymortests/affine_grid.py:168: Suite splitting in effect</skipped></testcase><testcase classname="src.pymortests.affine_grid" file="src/pymortests/affine_grid.py" line="168" name="test_unit_outer_normals_shape[&lt;lambda&gt;1]" time="0.00042128562927246094"><skipped message="Suite splitting in effect" type="pytest.skip">src/pymortests/affine_grid.py:168: Suite splitting in effect</skipped></testcase><testcase classname="src.pymortests.affine_grid" file="src/pymortests/affine_grid.py" line="168" name="test_unit_outer_normals_shape[&lt;lambda&gt;2]" time="0.0003972053527832031"><skipped message="Suite splitting in effect" type="pytest.skip">src/pymortests/affine_grid.py:168: Suite splitting in effect</skipped></testcase><testcase classname="src.pymortests.affine_grid" file="src/pymortests/affine_grid.py" line="168" name="test_unit_outer_normals_shape[&lt;lambda&gt;3]" time="0.0004444122314453125"><skipped message="Suite splitting in effect" type="pytest.skip">src/pymortests/affine_grid.py:168: Suite splitting in effect</skipped></testcase><testcase classname="src.pymortests.affine_grid" file="src/pymortests/affine_grid.py" line="168" name="test_unit_outer_normals_shape[&lt;lambda&gt;4]" time="0.00039315223693847656"><skipped message="Suite splitting in effect" type="pytest.skip">src/pymortests/affine_grid.py:168: Suite splitting in effect</skipped></testcase><testcase classname="src.pymortests.affine_grid" file="src/pymortests/affine_grid.py" line="168" name="test_unit_outer_normals_shape[&lt;lambda&gt;5]" time="0.0004239082336425781"><skipped message="Suite splitting in effect" type="pytest.skip">src/pymortests/affine_grid.py:168: Suite splitting in effect</skipped></testcase><testcase classname="src.pymortests.affine_grid" file="src/pymortests/affine_grid.py" line="168" name="test_unit_outer_normals_shape[&lt;lambda&gt;6]" time="0.0003921985626220703"><skipped message="Suite splitting in effect" type="pytest.skip">src/pymortests/affine_grid.py:168: Suite splitting in effect</skipped></testcase><testcase classname="src.pymortests.affine_grid" file="src/pymortests/affine_grid.py" line="168" name="test_unit_outer_normals_shape[&lt;lambda&gt;7]" time="0.0004341602325439453"><skipped message="Suite splitting in effect" type="pytest.skip">src/pymortests/affine_grid.py:168: Suite splitting in effect</skipped></testcase><testcase classname="src.pymortests.affine_grid" file="src/pymortests/affine_grid.py" line="168" name="test_unit_outer_normals_shape[&lt;lambda&gt;8]" time="0.0004181861877441406"><skipped message="Suite splitting in effect" type="pytest.skip">src/pymortests/affine_grid.py:168: Suite splitting in effect</skipped></testcase><testcase classname="src.pymortests.affine_grid" file="src/pymortests/affine_grid.py" line="168" name="test_unit_outer_normals_shape[&lt;lambda&gt;9]" time="0.000438690185546875"><skipped message="Suite splitting in effect" type="pytest.skip">src/pymortests/affine_grid.py:168: Suite splitting in effect</skipped></testcase><testcase classname="src.pymortests.affine_grid" file="src/pymortests/affine_grid.py" line="168" name="test_unit_outer_normals_shape[&lt;lambda&gt;10]" time="0.0006678104400634766"><skipped message="Suite splitting in effect" type="pytest.skip">src/pymortests/affine_grid.py:168: Suite splitting in effect</skipped></testcase><testcase classname="src.pymortests.affine_grid" file="src/pymortests/affine_grid.py" line="168" name="test_unit_outer_normals_shape[&lt;lambda&gt;11]" time="0.0004017353057861328"><skipped message="Suite splitting in effect" type="pytest.skip">src/pymortests/affine_grid.py:168: Suite splitting in effect</skipped></testcase><testcase classname="src.pymortests.affine_grid" file="src/pymortests/affine_grid.py" line="168" name="test_unit_outer_normals_shape[&lt;lambda&gt;12]" time="0.0004215240478515625"><skipped message="Suite splitting in effect" type="pytest.skip">src/pymortests/affine_grid.py:168: Suite splitting in effect</skipped></testcase><testcase classname="src.pymortests.affine_grid" file="src/pymortests/affine_grid.py" line="168" name="test_unit_outer_normals_shape[&lt;lambda&gt;13]" time="0.0004382133483886719"><skipped message="Suite splitting in effect" type="pytest.skip">src/pymortests/affine_grid.py:168: Suite splitting in effect</skipped></testcase><testcase classname="src.pymortests.affine_grid" file="src/pymortests/affine_grid.py" line="168" name="test_unit_outer_normals_shape[&lt;lambda&gt;14]" time="0.0003914833068847656"><skipped message="Suite splitting in effect" type="pytest.skip">src/pymortests/affine_grid.py:168: Suite splitting in effect</skipped></testcase><testcase classname="src.pymortests.affine_grid" file="src/pymortests/affine_grid.py" line="168" name="test_unit_outer_normals_shape[&lt;lambda&gt;15]" time="0.0004096031188964844"><skipped message="Suite splitting in effect" type="pytest.skip">src/pymortests/affine_grid.py:168: Suite splitting in effect</skipped></testcase><testcase classname="src.pymortests.affine_grid" file="src/pymortests/affine_grid.py" line="168" name="test_unit_outer_normals_shape[&lt;lambda&gt;16]" time="0.00039958953857421875"><skipped message="Suite splitting in effect" type="pytest.skip">src/pymortests/affine_grid.py:168: Suite splitting in effect</skipped></testcase><testcase classname="src.pymortests.affine_grid" file="src/pymortests/affine_grid.py" line="168" name="test_unit_outer_normals_shape[&lt;lambda&gt;17]" time="0.00040912628173828125"><skipped message="Suite splitting in effect" type="pytest.skip">src/pymortests/affine_grid.py:168: Suite splitting in effect</skipped></testcase><testcase classname="src.pymortests.affine_grid" file="src/pymortests/affine_grid.py" line="168" name="test_unit_outer_normals_shape[&lt;lambda&gt;18]" time="0.0004181861877441406"><skipped message="Suite splitting in effect" type="pytest.skip">src/pymortests/affine_grid.py:168: Suite splitting in effect</skipped></testcase><testcase classname="src.pymortests.affine_grid" file="src/pymortests/affine_grid.py" line="168" name="test_unit_outer_normals_shape[&lt;lambda&gt;19]" time="0.00038814544677734375"><skipped message="Suite splitting in effect" type="pytest.skip">src/pymortests/affine_grid.py:168: Suite splitting in effect</skipped></testcase><testcase classname="src.pymortests.affine_grid" file="src/pymortests/affine_grid.py" line="168" name="test_unit_outer_normals_shape[&lt;lambda&gt;20]" time="0.00041866302490234375"><skipped message="Suite splitting in effect" type="pytest.skip">src/pymortests/affine_grid.py:168: Suite splitting in effect</skipped></testcase><testcase classname="src.pymortests.affine_grid" file="src/pymortests/affine_grid.py" line="168" name="test_unit_outer_normals_shape[&lt;lambda&gt;21]" time="0.0004200935363769531"><skipped message="Suite splitting in effect" type="pytest.skip">src/pymortests/affine_grid.py:168: Suite splitting in effect</skipped></testcase><testcase classname="src.pymortests.affine_grid" file="src/pymortests/affine_grid.py" line="168" name="test_unit_outer_normals_shape[&lt;lambda&gt;22]" time="0.00043082237243652344"><skipped message="Suite splitting in effect" type="pytest.skip">src/pymortests/affine_grid.py:168: Suite splitting in effect</skipped></testcase><testcase classname="src.pymortests.affine_grid" file="src/pymortests/affine_grid.py" line="168" name="test_unit_outer_normals_shape[&lt;lambda&gt;23]" time="0.0003902912139892578"><skipped message="Suite splitting in effect" type="pytest.skip">src/pymortests/affine_grid.py:168: Suite splitting in effect</skipped></testcase><testcase classname="src.pymortests.affine_grid" file="src/pymortests/affine_grid.py" line="168" name="test_unit_outer_normals_shape[&lt;lambda&gt;24]" time="0.0005538463592529297"><skipped message="Suite splitting in effect" type="pytest.skip">src/pymortests/affine_grid.py:168: Suite splitting in effect</skipped></testcase><testcase classname="src.pymortests.affine_grid" file="src/pymortests/affine_grid.py" line="168" name="test_unit_outer_normals_shape[&lt;lambda&gt;25]" time="0.0004200935363769531"><skipped message="Suite splitting in effect" type="pytest.skip">src/pymortests/affine_grid.py:168: Suite splitting in effect</skipped></testcase><testcase classname="src.pymortests.affine_grid" file="src/pymortests/affine_grid.py" line="168" name="test_unit_outer_normals_shape[&lt;lambda&gt;26]" time="0.0004050731658935547"><skipped message="Suite splitting in effect" type="pytest.skip">src/pymortests/affine_grid.py:168: Suite splitting in effect</skipped></testcase><testcase classname="src.pymortests.affine_grid" file="src/pymortests/affine_grid.py" line="168" name="test_unit_outer_normals_shape[&lt;lambda&gt;27]" time="0.000408172607421875"><skipped message="Suite splitting in effect" type="pytest.skip">src/pymortests/affine_grid.py:168: Suite splitting in effect</skipped></testcase><testcase classname="src.pymortests.affine_grid" file="src/pymortests/affine_grid.py" line="168" name="test_unit_outer_normals_shape[&lt;lambda&gt;28]" time="0.0004057884216308594"><skipped message="Suite splitting in effect" type="pytest.skip">src/pymortests/affine_grid.py:168: Suite splitting in effect</skipped></testcase><testcase classname="src.pymortests.affine_grid" file="src/pymortests/affine_grid.py" line="168" name="test_unit_outer_normals_shape[&lt;lambda&gt;29]" time="0.0004127025604248047"><skipped message="Suite splitting in effect" type="pytest.skip">src/pymortests/affine_grid.py:168: Suite splitting in effect</skipped></testcase><testcase classname="src.pymortests.affine_grid" file="src/pymortests/affine_grid.py" line="168" name="test_unit_outer_normals_shape[&lt;lambda&gt;30]" time="0.0004093647003173828"><skipped message="Suite splitting in effect" type="pytest.skip">src/pymortests/affine_grid.py:168: Suite splitting in effect</skipped></testcase><testcase classname="src.pymortests.affine_grid" file="src/pymortests/affine_grid.py" line="168" name="test_unit_outer_normals_shape[&lt;lambda&gt;31]" time="0.0004260540008544922"><skipped message="Suite splitting in effect" type="pytest.skip">src/pymortests/affine_grid.py:168: Suite splitting in effect</skipped></testcase><testcase classname="src.pymortests.affine_grid" file="src/pymortests/affine_grid.py" line="168" name="test_unit_outer_normals_shape[&lt;lambda&gt;32]" time="0.0004143714904785156"><skipped message="Suite splitting in effect" type="pytest.skip">src/pymortests/affine_grid.py:168: Suite splitting in effect</skipped></testcase><testcase classname="src.pymortests.affine_grid" file="src/pymortests/affine_grid.py" line="168" name="test_unit_outer_normals_shape[&lt;lambda&gt;33]" time="0.0004355907440185547"><skipped message="Suite splitting in effect" type="pytest.skip">src/pymortests/affine_grid.py:168: Suite splitting in effect</skipped></testcase><testcase classname="src.pymortests.affine_grid" file="src/pymortests/affine_grid.py" line="168" name="test_unit_outer_normals_shape[&lt;lambda&gt;34]" time="0.0004124641418457031"><skipped message="Suite splitting in effect" type="pytest.skip">src/pymortests/affine_grid.py:168: Suite splitting in effect</skipped></testcase><testcase classname="src.pymortests.affine_grid" file="src/pymortests/affine_grid.py" line="168" name="test_unit_outer_normals_shape[&lt;lambda&gt;35]" time="0.00039577484130859375"><skipped message="Suite splitting in effect" type="pytest.skip">src/pymortests/affine_grid.py:168: Suite splitting in effect</skipped></testcase><testcase classname="src.pymortests.affine_grid" file="src/pymortests/affine_grid.py" line="168" name="test_unit_outer_normals_shape[&lt;lambda&gt;36]" time="0.0004096031188964844"><skipped message="Suite splitting in effect" type="pytest.skip">src/pymortests/affine_grid.py:168: Suite splitting in effect</skipped></testcase><testcase classname="src.pymortests.affine_grid" file="src/pymortests/affine_grid.py" line="168" name="test_unit_outer_normals_shape[&lt;lambda&gt;37]" time="0.0004093647003173828"><skipped message="Suite splitting in effect" type="pytest.skip">src/pymortests/affine_grid.py:168: Suite splitting in effect</skipped></testcase><testcase classname="src.pymortests.affine_grid" file="src/pymortests/affine_grid.py" line="168" name="test_unit_outer_normals_shape[&lt;lambda&gt;38]" time="0.0004181861877441406"><skipped message="Suite splitting in effect" type="pytest.skip">src/pymortests/affine_grid.py:168: Suite splitting in effect</skipped></testcase><testcase classname="src.pymortests.affine_grid" file="src/pymortests/affine_grid.py" line="168" name="test_unit_outer_normals_shape[&lt;lambda&gt;39]" time="0.00043511390686035156"><skipped message="Suite splitting in effect" type="pytest.skip">src/pymortests/affine_grid.py:168: Suite splitting in effect</skipped></testcase><testcase classname="src.pymortests.affine_grid" file="src/pymortests/affine_grid.py" line="168" name="test_unit_outer_normals_shape[&lt;lambda&gt;40]" time="0.00041222572326660156"><skipped message="Suite splitting in effect" type="pytest.skip">src/pymortests/affine_grid.py:168: Suite splitting in effect</skipped></testcase><testcase classname="src.pymortests.affine_grid" file="src/pymortests/affine_grid.py" line="168" name="test_unit_outer_normals_shape[&lt;lambda&gt;41]" time="0.00042366981506347656"><skipped message="Suite splitting in effect" type="pytest.skip">src/pymortests/affine_grid.py:168: Suite splitting in effect</skipped></testcase><testcase classname="src.pymortests.affine_grid" file="src/pymortests/affine_grid.py" line="168" name="test_unit_outer_normals_shape[&lt;lambda&gt;42]" time="0.0004067420959472656"><skipped message="Suite splitting in effect" type="pytest.skip">src/pymortests/affine_grid.py:168: Suite splitting in effect</skipped></testcase><testcase classname="src.pymortests.affine_grid" file="src/pymortests/affine_grid.py" line="174" name="test_unit_outer_normals_normed[&lt;lambda&gt;0]" time="0.0004181861877441406"><skipped message="Suite splitting in effect" type="pytest.skip">src/pymortests/affine_grid.py:174: Suite splitting in effect</skipped></testcase><testcase classname="src.pymortests.affine_grid" file="src/pymortests/affine_grid.py" line="174" name="test_unit_outer_normals_normed[&lt;lambda&gt;1]" time="0.00041556358337402344"><skipped message="Suite splitting in effect" type="pytest.skip">src/pymortests/affine_grid.py:174: Suite splitting in effect</skipped></testcase><testcase classname="src.pymortests.affine_grid" file="src/pymortests/affine_grid.py" line="174" name="test_unit_outer_normals_normed[&lt;lambda&gt;2]" time="0.0004112720489501953"><skipped message="Suite splitting in effect" type="pytest.skip">src/pymortests/affine_grid.py:174: Suite splitting in effect</skipped></testcase><testcase classname="src.pymortests.affine_grid" file="src/pymortests/affine_grid.py" line="174" name="test_unit_outer_normals_normed[&lt;lambda&gt;3]" time="0.0004291534423828125"><skipped message="Suite splitting in effect" type="pytest.skip">src/pymortests/affine_grid.py:174: Suite splitting in effect</skipped></testcase><testcase classname="src.pymortests.affine_grid" file="src/pymortests/affine_grid.py" line="174" name="test_unit_outer_normals_normed[&lt;lambda&gt;4]" time="0.0004241466522216797"><skipped message="Suite splitting in effect" type="pytest.skip">src/pymortests/affine_grid.py:174: Suite splitting in effect</skipped></testcase><testcase classname="src.pymortests.affine_grid" file="src/pymortests/affine_grid.py" line="174" name="test_unit_outer_normals_normed[&lt;lambda&gt;5]" time="0.0004227161407470703"><skipped message="Suite splitting in effect" type="pytest.skip">src/pymortests/affine_grid.py:174: Suite splitting in effect</skipped></testcase><testcase classname="src.pymortests.affine_grid" file="src/pymortests/affine_grid.py" line="174" name="test_unit_outer_normals_normed[&lt;lambda&gt;6]" time="0.00043582916259765625"><skipped message="Suite splitting in effect" type="pytest.skip">src/pymortests/affine_grid.py:174: Suite splitting in effect</skipped></testcase><testcase classname="src.pymortests.affine_grid" file="src/pymortests/affine_grid.py" line="174" name="test_unit_outer_normals_normed[&lt;lambda&gt;7]" time="0.00038933753967285156"><skipped message="Suite splitting in effect" type="pytest.skip">src/pymortests/affine_grid.py:174: Suite splitting in effect</skipped></testcase><testcase classname="src.pymortests.affine_grid" file="src/pymortests/affine_grid.py" line="174" name="test_unit_outer_normals_normed[&lt;lambda&gt;8]" time="0.00042057037353515625"><skipped message="Suite splitting in effect" type="pytest.skip">src/pymortests/affine_grid.py:174: Suite splitting in effect</skipped></testcase><testcase classname="src.pymortests.affine_grid" file="src/pymortests/affine_grid.py" line="174" name="test_unit_outer_normals_normed[&lt;lambda&gt;9]" time="0.0004220008850097656"><skipped message="Suite splitting in effect" type="pytest.skip">src/pymortests/affine_grid.py:174: Suite splitting in effect</skipped></testcase><testcase classname="src.pymortests.affine_grid" file="src/pymortests/affine_grid.py" line="174" name="test_unit_outer_normals_normed[&lt;lambda&gt;10]" time="0.00040602684020996094"><skipped message="Suite splitting in effect" type="pytest.skip">src/pymortests/affine_grid.py:174: Suite splitting in effect</skipped></testcase><testcase classname="src.pymortests.affine_grid" file="src/pymortests/affine_grid.py" line="174" name="test_unit_outer_normals_normed[&lt;lambda&gt;11]" time="0.00040602684020996094"><skipped message="Suite splitting in effect" type="pytest.skip">src/pymortests/affine_grid.py:174: Suite splitting in effect</skipped></testcase><testcase classname="src.pymortests.affine_grid" file="src/pymortests/affine_grid.py" line="174" name="test_unit_outer_normals_normed[&lt;lambda&gt;12]" time="0.0004551410675048828"><skipped message="Suite splitting in effect" type="pytest.skip">src/pymortests/affine_grid.py:174: Suite splitting in effect</skipped></testcase><testcase classname="src.pymortests.affine_grid" file="src/pymortests/affine_grid.py" line="174" name="test_unit_outer_normals_normed[&lt;lambda&gt;13]" time="0.0003981590270996094"><skipped message="Suite splitting in effect" type="pytest.skip">src/pymortests/affine_grid.py:174: Suite splitting in effect</skipped></testcase><testcase classname="src.pymortests.affine_grid" file="src/pymortests/affine_grid.py" line="174" name="test_unit_outer_normals_normed[&lt;lambda&gt;14]" time="0.00041365623474121094"><skipped message="Suite splitting in effect" type="pytest.skip">src/pymortests/affine_grid.py:174: Suite splitting in effect</skipped></testcase><testcase classname="src.pymortests.affine_grid" file="src/pymortests/affine_grid.py" line="174" name="test_unit_outer_normals_normed[&lt;lambda&gt;15]" time="0.00040841102600097656"><skipped message="Suite splitting in effect" type="pytest.skip">src/pymortests/affine_grid.py:174: Suite splitting in effect</skipped></testcase><testcase classname="src.pymortests.affine_grid" file="src/pymortests/affine_grid.py" line="174" name="test_unit_outer_normals_normed[&lt;lambda&gt;16]" time="0.0004162788391113281"><skipped message="Suite splitting in effect" type="pytest.skip">src/pymortests/affine_grid.py:174: Suite splitting in effect</skipped></testcase><testcase classname="src.pymortests.affine_grid" file="src/pymortests/affine_grid.py" line="174" name="test_unit_outer_normals_normed[&lt;lambda&gt;17]" time="0.0004024505615234375"><skipped message="Suite splitting in effect" type="pytest.skip">src/pymortests/affine_grid.py:174: Suite splitting in effect</skipped></testcase><testcase classname="src.pymortests.affine_grid" file="src/pymortests/affine_grid.py" line="174" name="test_unit_outer_normals_normed[&lt;lambda&gt;18]" time="0.0004088878631591797"><skipped message="Suite splitting in effect" type="pytest.skip">src/pymortests/affine_grid.py:174: Suite splitting in effect</skipped></testcase><testcase classname="src.pymortests.affine_grid" file="src/pymortests/affine_grid.py" line="174" name="test_unit_outer_normals_normed[&lt;lambda&gt;19]" time="0.00043463706970214844"><skipped message="Suite splitting in effect" type="pytest.skip">src/pymortests/affine_grid.py:174: Suite splitting in effect</skipped></testcase><testcase classname="src.pymortests.affine_grid" file="src/pymortests/affine_grid.py" line="174" name="test_unit_outer_normals_normed[&lt;lambda&gt;20]" time="0.00040411949157714844"><skipped message="Suite splitting in effect" type="pytest.skip">src/pymortests/affine_grid.py:174: Suite splitting in effect</skipped></testcase><testcase classname="src.pymortests.affine_grid" file="src/pymortests/affine_grid.py" line="174" name="test_unit_outer_normals_normed[&lt;lambda&gt;21]" time="0.0004115104675292969"><skipped message="Suite splitting in effect" type="pytest.skip">src/pymortests/affine_grid.py:174: Suite splitting in effect</skipped></testcase><testcase classname="src.pymortests.affine_grid" file="src/pymortests/affine_grid.py" line="174" name="test_unit_outer_normals_normed[&lt;lambda&gt;22]" time="0.0004229545593261719"><skipped message="Suite splitting in effect" type="pytest.skip">src/pymortests/affine_grid.py:174: Suite splitting in effect</skipped></testcase><testcase classname="src.pymortests.affine_grid" file="src/pymortests/affine_grid.py" line="174" name="test_unit_outer_normals_normed[&lt;lambda&gt;23]" time="0.00041675567626953125"><skipped message="Suite splitting in effect" type="pytest.skip">src/pymortests/affine_grid.py:174: Suite splitting in effect</skipped></testcase><testcase classname="src.pymortests.affine_grid" file="src/pymortests/affine_grid.py" line="174" name="test_unit_outer_normals_normed[&lt;lambda&gt;24]" time="0.0003876686096191406"><skipped message="Suite splitting in effect" type="pytest.skip">src/pymortests/affine_grid.py:174: Suite splitting in effect</skipped></testcase><testcase classname="src.pymortests.affine_grid" file="src/pymortests/affine_grid.py" line="174" name="test_unit_outer_normals_normed[&lt;lambda&gt;25]" time="0.00044035911560058594"><skipped message="Suite splitting in effect" type="pytest.skip">src/pymortests/affine_grid.py:174: Suite splitting in effect</skipped></testcase><testcase classname="src.pymortests.affine_grid" file="src/pymortests/affine_grid.py" line="174" name="test_unit_outer_normals_normed[&lt;lambda&gt;26]" time="0.0003924369812011719"><skipped message="Suite splitting in effect" type="pytest.skip">src/pymortests/affine_grid.py:174: Suite splitting in effect</skipped></testcase><testcase classname="src.pymortests.affine_grid" file="src/pymortests/affine_grid.py" line="174" name="test_unit_outer_normals_normed[&lt;lambda&gt;27]" time="0.00042629241943359375"><skipped message="Suite splitting in effect" type="pytest.skip">src/pymortests/affine_grid.py:174: Suite splitting in effect</skipped></testcase><testcase classname="src.pymortests.affine_grid" file="src/pymortests/affine_grid.py" line="174" name="test_unit_outer_normals_normed[&lt;lambda&gt;28]" time="0.0004038810729980469"><skipped message="Suite splitting in effect" type="pytest.skip">src/pymortests/affine_grid.py:174: Suite splitting in effect</skipped></testcase><testcase classname="src.pymortests.affine_grid" file="src/pymortests/affine_grid.py" line="174" name="test_unit_outer_normals_normed[&lt;lambda&gt;29]" time="0.00042629241943359375"><skipped message="Suite splitting in effect" type="pytest.skip">src/pymortests/affine_grid.py:174: Suite splitting in effect</skipped></testcase><testcase classname="src.pymortests.affine_grid" file="src/pymortests/affine_grid.py" line="174" name="test_unit_outer_normals_normed[&lt;lambda&gt;30]" time="0.00042247772216796875"><skipped message="Suite splitting in effect" type="pytest.skip">src/pymortests/affine_grid.py:174: Suite splitting in effect</skipped></testcase><testcase classname="src.pymortests.affine_grid" file="src/pymortests/affine_grid.py" line="174" name="test_unit_outer_normals_normed[&lt;lambda&gt;31]" time="0.0004031658172607422"><skipped message="Suite splitting in effect" type="pytest.skip">src/pymortests/affine_grid.py:174: Suite splitting in effect</skipped></testcase><testcase classname="src.pymortests.affine_grid" file="src/pymortests/affine_grid.py" line="174" name="test_unit_outer_normals_normed[&lt;lambda&gt;32]" time="0.0004088878631591797"><skipped message="Suite splitting in effect" type="pytest.skip">src/pymortests/affine_grid.py:174: Suite splitting in effect</skipped></testcase><testcase classname="src.pymortests.affine_grid" file="src/pymortests/affine_grid.py" line="174" name="test_unit_outer_normals_normed[&lt;lambda&gt;33]" time="0.0004076957702636719"><skipped message="Suite splitting in effect" type="pytest.skip">src/pymortests/affine_grid.py:174: Suite splitting in effect</skipped></testcase><testcase classname="src.pymortests.affine_grid" file="src/pymortests/affine_grid.py" line="174" name="test_unit_outer_normals_normed[&lt;lambda&gt;34]" time="0.00041103363037109375"><skipped message="Suite splitting in effect" type="pytest.skip">src/pymortests/affine_grid.py:174: Suite splitting in effect</skipped></testcase><testcase classname="src.pymortests.affine_grid" file="src/pymortests/affine_grid.py" line="174" name="test_unit_outer_normals_normed[&lt;lambda&gt;35]" time="0.0004093647003173828"><skipped message="Suite splitting in effect" type="pytest.skip">src/pymortests/affine_grid.py:174: Suite splitting in effect</skipped></testcase><testcase classname="src.pymortests.affine_grid" file="src/pymortests/affine_grid.py" line="174" name="test_unit_outer_normals_normed[&lt;lambda&gt;36]" time="0.00042319297790527344"><skipped message="Suite splitting in effect" type="pytest.skip">src/pymortests/affine_grid.py:174: Suite splitting in effect</skipped></testcase><testcase classname="src.pymortests.affine_grid" file="src/pymortests/affine_grid.py" line="174" name="test_unit_outer_normals_normed[&lt;lambda&gt;37]" time="0.00042510032653808594"><skipped message="Suite splitting in effect" type="pytest.skip">src/pymortests/affine_grid.py:174: Suite splitting in effect</skipped></testcase><testcase classname="src.pymortests.affine_grid" file="src/pymortests/affine_grid.py" line="174" name="test_unit_outer_normals_normed[&lt;lambda&gt;38]" time="0.0004489421844482422"><skipped message="Suite splitting in effect" type="pytest.skip">src/pymortests/affine_grid.py:174: Suite splitting in effect</skipped></testcase><testcase classname="src.pymortests.affine_grid" file="src/pymortests/affine_grid.py" line="174" name="test_unit_outer_normals_normed[&lt;lambda&gt;39]" time="0.0003886222839355469"><skipped message="Suite splitting in effect" type="pytest.skip">src/pymortests/affine_grid.py:174: Suite splitting in effect</skipped></testcase><testcase classname="src.pymortests.affine_grid" file="src/pymortests/affine_grid.py" line="174" name="test_unit_outer_normals_normed[&lt;lambda&gt;40]" time="0.0004260540008544922"><skipped message="Suite splitting in effect" type="pytest.skip">src/pymortests/affine_grid.py:174: Suite splitting in effect</skipped></testcase><testcase classname="src.pymortests.affine_grid" file="src/pymortests/affine_grid.py" line="174" name="test_unit_outer_normals_normed[&lt;lambda&gt;41]" time="0.0003910064697265625"><skipped message="Suite splitting in effect" type="pytest.skip">src/pymortests/affine_grid.py:174: Suite splitting in effect</skipped></testcase><testcase classname="src.pymortests.affine_grid" file="src/pymortests/affine_grid.py" line="174" name="test_unit_outer_normals_normed[&lt;lambda&gt;42]" time="0.0004322528839111328"><skipped message="Suite splitting in effect" type="pytest.skip">src/pymortests/affine_grid.py:174: Suite splitting in effect</skipped></testcase><testcase classname="src.pymortests.affine_grid" file="src/pymortests/affine_grid.py" line="180" name="test_unit_outer_normals_normal[&lt;lambda&gt;0]" time="0.0004296302795410156"><skipped message="Suite splitting in effect" type="pytest.skip">src/pymortests/affine_grid.py:180: Suite splitting in effect</skipped></testcase><testcase classname="src.pymortests.affine_grid" file="src/pymortests/affine_grid.py" line="180" name="test_unit_outer_normals_normal[&lt;lambda&gt;1]" time="0.0004343986511230469"><skipped message="Suite splitting in effect" type="pytest.skip">src/pymortests/affine_grid.py:180: Suite splitting in effect</skipped></testcase><testcase classname="src.pymortests.affine_grid" file="src/pymortests/affine_grid.py" line="180" name="test_unit_outer_normals_normal[&lt;lambda&gt;2]" time="0.00039505958557128906"><skipped message="Suite splitting in effect" type="pytest.skip">src/pymortests/affine_grid.py:180: Suite splitting in effect</skipped></testcase><testcase classname="src.pymortests.affine_grid" file="src/pymortests/affine_grid.py" line="180" name="test_unit_outer_normals_normal[&lt;lambda&gt;3]" time="0.00042366981506347656"><skipped message="Suite splitting in effect" type="pytest.skip">src/pymortests/affine_grid.py:180: Suite splitting in effect</skipped></testcase><testcase classname="src.pymortests.affine_grid" file="src/pymortests/affine_grid.py" line="180" name="test_unit_outer_normals_normal[&lt;lambda&gt;4]" time="0.0004124641418457031"><skipped message="Suite splitting in effect" type="pytest.skip">src/pymortests/affine_grid.py:180: Suite splitting in effect</skipped></testcase><testcase classname="src.pymortests.affine_grid" file="src/pymortests/affine_grid.py" line="180" name="test_unit_outer_normals_normal[&lt;lambda&gt;5]" time="0.0004057884216308594"><skipped message="Suite splitting in effect" type="pytest.skip">src/pymortests/affine_grid.py:180: Suite splitting in effect</skipped></testcase><testcase classname="src.pymortests.affine_grid" file="src/pymortests/affine_grid.py" line="180" name="test_unit_outer_normals_normal[&lt;lambda&gt;6]" time="0.0004322528839111328"><skipped message="Suite splitting in effect" type="pytest.skip">src/pymortests/affine_grid.py:180: Suite splitting in effect</skipped></testcase><testcase classname="src.pymortests.affine_grid" file="src/pymortests/affine_grid.py" line="180" name="test_unit_outer_normals_normal[&lt;lambda&gt;7]" time="0.0004100799560546875"><skipped message="Suite splitting in effect" type="pytest.skip">src/pymortests/affine_grid.py:180: Suite splitting in effect</skipped></testcase><testcase classname="src.pymortests.affine_grid" file="src/pymortests/affine_grid.py" line="180" name="test_unit_outer_normals_normal[&lt;lambda&gt;8]" time="0.0004673004150390625"><skipped message="Suite splitting in effect" type="pytest.skip">src/pymortests/affine_grid.py:180: Suite splitting in effect</skipped></testcase><testcase classname="src.pymortests.affine_grid" file="src/pymortests/affine_grid.py" line="180" name="test_unit_outer_normals_normal[&lt;lambda&gt;9]" time="0.00040531158447265625"><skipped message="Suite splitting in effect" type="pytest.skip">src/pymortests/affine_grid.py:180: Suite splitting in effect</skipped></testcase><testcase classname="src.pymortests.affine_grid" file="src/pymortests/affine_grid.py" line="180" name="test_unit_outer_normals_normal[&lt;lambda&gt;10]" time="0.00041556358337402344"><skipped message="Suite splitting in effect" type="pytest.skip">src/pymortests/affine_grid.py:180: Suite splitting in effect</skipped></testcase><testcase classname="src.pymortests.affine_grid" file="src/pymortests/affine_grid.py" line="180" name="test_unit_outer_normals_normal[&lt;lambda&gt;11]" time="0.0004019737243652344"><skipped message="Suite splitting in effect" type="pytest.skip">src/pymortests/affine_grid.py:180: Suite splitting in effect</skipped></testcase><testcase classname="src.pymortests.affine_grid" file="src/pymortests/affine_grid.py" line="180" name="test_unit_outer_normals_normal[&lt;lambda&gt;12]" time="0.0004773139953613281"><skipped message="Suite splitting in effect" type="pytest.skip">src/pymortests/affine_grid.py:180: Suite splitting in effect</skipped></testcase><testcase classname="src.pymortests.affine_grid" file="src/pymortests/affine_grid.py" line="180" name="test_unit_outer_normals_normal[&lt;lambda&gt;13]" time="0.00041794776916503906"><skipped message="Suite splitting in effect" type="pytest.skip">src/pymortests/affine_grid.py:180: Suite splitting in effect</skipped></testcase><testcase classname="src.pymortests.affine_grid" file="src/pymortests/affine_grid.py" line="180" name="test_unit_outer_normals_normal[&lt;lambda&gt;14]" time="0.0004405975341796875"><skipped message="Suite splitting in effect" type="pytest.skip">src/pymortests/affine_grid.py:180: Suite splitting in effect</skipped></testcase><testcase classname="src.pymortests.affine_grid" file="src/pymortests/affine_grid.py" line="180" name="test_unit_outer_normals_normal[&lt;lambda&gt;15]" time="0.000396728515625"><skipped message="Suite splitting in effect" type="pytest.skip">src/pymortests/affine_grid.py:180: Suite splitting in effect</skipped></testcase><testcase classname="src.pymortests.affine_grid" file="src/pymortests/affine_grid.py" line="180" name="test_unit_outer_normals_normal[&lt;lambda&gt;16]" time="0.00044417381286621094"><skipped message="Suite splitting in effect" type="pytest.skip">src/pymortests/affine_grid.py:180: Suite splitting in effect</skipped></testcase><testcase classname="src.pymortests.affine_grid" file="src/pymortests/affine_grid.py" line="180" name="test_unit_outer_normals_normal[&lt;lambda&gt;17]" time="0.00039124488830566406"><skipped message="Suite splitting in effect" type="pytest.skip">src/pymortests/affine_grid.py:180: Suite splitting in effect</skipped></testcase><testcase classname="src.pymortests.affine_grid" file="src/pymortests/affine_grid.py" line="180" name="test_unit_outer_normals_normal[&lt;lambda&gt;18]" time="0.00042891502380371094"><skipped message="Suite splitting in effect" type="pytest.skip">src/pymortests/affine_grid.py:180: Suite splitting in effect</skipped></testcase><testcase classname="src.pymortests.affine_grid" file="src/pymortests/affine_grid.py" line="180" name="test_unit_outer_normals_normal[&lt;lambda&gt;19]" time="0.0007302761077880859"><skipped message="Suite splitting in effect" type="pytest.skip">src/pymortests/affine_grid.py:180: Suite splitting in effect</skipped></testcase><testcase classname="src.pymortests.affine_grid" file="src/pymortests/affine_grid.py" line="180" name="test_unit_outer_normals_normal[&lt;lambda&gt;20]" time="0.0003955364227294922"><skipped message="Suite splitting in effect" type="pytest.skip">src/pymortests/affine_grid.py:180: Suite splitting in effect</skipped></testcase><testcase classname="src.pymortests.affine_grid" file="src/pymortests/affine_grid.py" line="180" name="test_unit_outer_normals_normal[&lt;lambda&gt;21]" time="0.0005495548248291016"><skipped message="Suite splitting in effect" type="pytest.skip">src/pymortests/affine_grid.py:180: Suite splitting in effect</skipped></testcase><testcase classname="src.pymortests.affine_grid" file="src/pymortests/affine_grid.py" line="180" name="test_unit_outer_normals_normal[&lt;lambda&gt;22]" time="0.0003859996795654297"><skipped message="Suite splitting in effect" type="pytest.skip">src/pymortests/affine_grid.py:180: Suite splitting in effect</skipped></testcase><testcase classname="src.pymortests.affine_grid" file="src/pymortests/affine_grid.py" line="180" name="test_unit_outer_normals_normal[&lt;lambda&gt;23]" time="0.0004258155822753906"><skipped message="Suite splitting in effect" type="pytest.skip">src/pymortests/affine_grid.py:180: Suite splitting in effect</skipped></testcase><testcase classname="src.pymortests.affine_grid" file="src/pymortests/affine_grid.py" line="180" name="test_unit_outer_normals_normal[&lt;lambda&gt;24]" time="0.0003883838653564453"><skipped message="Suite splitting in effect" type="pytest.skip">src/pymortests/affine_grid.py:180: Suite splitting in effect</skipped></testcase><testcase classname="src.pymortests.affine_grid" file="src/pymortests/affine_grid.py" line="180" name="test_unit_outer_normals_normal[&lt;lambda&gt;25]" time="0.0004258155822753906"><skipped message="Suite splitting in effect" type="pytest.skip">src/pymortests/affine_grid.py:180: Suite splitting in effect</skipped></testcase><testcase classname="src.pymortests.affine_grid" file="src/pymortests/affine_grid.py" line="180" name="test_unit_outer_normals_normal[&lt;lambda&gt;26]" time="0.00042128562927246094"><skipped message="Suite splitting in effect" type="pytest.skip">src/pymortests/affine_grid.py:180: Suite splitting in effect</skipped></testcase><testcase classname="src.pymortests.affine_grid" file="src/pymortests/affine_grid.py" line="180" name="test_unit_outer_normals_normal[&lt;lambda&gt;27]" time="0.0004029273986816406"><skipped message="Suite splitting in effect" type="pytest.skip">src/pymortests/affine_grid.py:180: Suite splitting in effect</skipped></testcase><testcase classname="src.pymortests.affine_grid" file="src/pymortests/affine_grid.py" line="180" name="test_unit_outer_normals_normal[&lt;lambda&gt;28]" time="0.0004096031188964844"><skipped message="Suite splitting in effect" type="pytest.skip">src/pymortests/affine_grid.py:180: Suite splitting in effect</skipped></testcase><testcase classname="src.pymortests.affine_grid" file="src/pymortests/affine_grid.py" line="180" name="test_unit_outer_normals_normal[&lt;lambda&gt;29]" time="0.0004031658172607422"><skipped message="Suite splitting in effect" type="pytest.skip">src/pymortests/affine_grid.py:180: Suite splitting in effect</skipped></testcase><testcase classname="src.pymortests.affine_grid" file="src/pymortests/affine_grid.py" line="180" name="test_unit_outer_normals_normal[&lt;lambda&gt;30]" time="0.000438690185546875"><skipped message="Suite splitting in effect" type="pytest.skip">src/pymortests/affine_grid.py:180: Suite splitting in effect</skipped></testcase><testcase classname="src.pymortests.affine_grid" file="src/pymortests/affine_grid.py" line="180" name="test_unit_outer_normals_normal[&lt;lambda&gt;31]" time="0.0004038810729980469"><skipped message="Suite splitting in effect" type="pytest.skip">src/pymortests/affine_grid.py:180: Suite splitting in effect</skipped></testcase><testcase classname="src.pymortests.affine_grid" file="src/pymortests/affine_grid.py" line="180" name="test_unit_outer_normals_normal[&lt;lambda&gt;32]" time="0.0004229545593261719"><skipped message="Suite splitting in effect" type="pytest.skip">src/pymortests/affine_grid.py:180: Suite splitting in effect</skipped></testcase><testcase classname="src.pymortests.affine_grid" file="src/pymortests/affine_grid.py" line="180" name="test_unit_outer_normals_normal[&lt;lambda&gt;33]" time="0.0004057884216308594"><skipped message="Suite splitting in effect" type="pytest.skip">src/pymortests/affine_grid.py:180: Suite splitting in effect</skipped></testcase><testcase classname="src.pymortests.affine_grid" file="src/pymortests/affine_grid.py" line="180" name="test_unit_outer_normals_normal[&lt;lambda&gt;34]" time="0.0004341602325439453"><skipped message="Suite splitting in effect" type="pytest.skip">src/pymortests/affine_grid.py:180: Suite splitting in effect</skipped></testcase><testcase classname="src.pymortests.affine_grid" file="src/pymortests/affine_grid.py" line="180" name="test_unit_outer_normals_normal[&lt;lambda&gt;35]" time="0.0003905296325683594"><skipped message="Suite splitting in effect" type="pytest.skip">src/pymortests/affine_grid.py:180: Suite splitting in effect</skipped></testcase><testcase classname="src.pymortests.affine_grid" file="src/pymortests/affine_grid.py" line="180" name="test_unit_outer_normals_normal[&lt;lambda&gt;36]" time="0.00044083595275878906"><skipped message="Suite splitting in effect" type="pytest.skip">src/pymortests/affine_grid.py:180: Suite splitting in effect</skipped></testcase><testcase classname="src.pymortests.affine_grid" file="src/pymortests/affine_grid.py" line="180" name="test_unit_outer_normals_normal[&lt;lambda&gt;37]" time="0.0005314350128173828"><skipped message="Suite splitting in effect" type="pytest.skip">src/pymortests/affine_grid.py:180: Suite splitting in effect</skipped></testcase><testcase classname="src.pymortests.affine_grid" file="src/pymortests/affine_grid.py" line="180" name="test_unit_outer_normals_normal[&lt;lambda&gt;38]" time="0.0004439353942871094"><skipped message="Suite splitting in effect" type="pytest.skip">src/pymortests/affine_grid.py:180: Suite splitting in effect</skipped></testcase><testcase classname="src.pymortests.affine_grid" file="src/pymortests/affine_grid.py" line="180" name="test_unit_outer_normals_normal[&lt;lambda&gt;39]" time="0.0004074573516845703"><skipped message="Suite splitting in effect" type="pytest.skip">src/pymortests/affine_grid.py:180: Suite splitting in effect</skipped></testcase><testcase classname="src.pymortests.affine_grid" file="src/pymortests/affine_grid.py" line="180" name="test_unit_outer_normals_normal[&lt;lambda&gt;40]" time="0.00041365623474121094"><skipped message="Suite splitting in effect" type="pytest.skip">src/pymortests/affine_grid.py:180: Suite splitting in effect</skipped></testcase><testcase classname="src.pymortests.affine_grid" file="src/pymortests/affine_grid.py" line="180" name="test_unit_outer_normals_normal[&lt;lambda&gt;41]" time="0.0003867149353027344"><skipped message="Suite splitting in effect" type="pytest.skip">src/pymortests/affine_grid.py:180: Suite splitting in effect</skipped></testcase><testcase classname="src.pymortests.affine_grid" file="src/pymortests/affine_grid.py" line="180" name="test_unit_outer_normals_normal[&lt;lambda&gt;42]" time="0.0004291534423828125"><skipped message="Suite splitting in effect" type="pytest.skip">src/pymortests/affine_grid.py:180: Suite splitting in effect</skipped></testcase><testcase classname="src.pymortests.affine_grid" file="src/pymortests/affine_grid.py" line="189" name="test_unit_outer_normals_neighbours[&lt;lambda&gt;0]" time="0.0004119873046875"><skipped message="Suite splitting in effect" type="pytest.skip">src/pymortests/affine_grid.py:189: Suite splitting in effect</skipped></testcase><testcase classname="src.pymortests.affine_grid" file="src/pymortests/affine_grid.py" line="189" name="test_unit_outer_normals_neighbours[&lt;lambda&gt;1]" time="0.00045609474182128906"><skipped message="Suite splitting in effect" type="pytest.skip">src/pymortests/affine_grid.py:189: Suite splitting in effect</skipped></testcase><testcase classname="src.pymortests.affine_grid" file="src/pymortests/affine_grid.py" line="189" name="test_unit_outer_normals_neighbours[&lt;lambda&gt;2]" time="0.0004131793975830078"><skipped message="Suite splitting in effect" type="pytest.skip">src/pymortests/affine_grid.py:189: Suite splitting in effect</skipped></testcase><testcase classname="src.pymortests.affine_grid" file="src/pymortests/affine_grid.py" line="189" name="test_unit_outer_normals_neighbours[&lt;lambda&gt;3]" time="0.00043129920959472656"><skipped message="Suite splitting in effect" type="pytest.skip">src/pymortests/affine_grid.py:189: Suite splitting in effect</skipped></testcase><testcase classname="src.pymortests.affine_grid" file="src/pymortests/affine_grid.py" line="189" name="test_unit_outer_normals_neighbours[&lt;lambda&gt;4]" time="0.0004241466522216797"><skipped message="Suite splitting in effect" type="pytest.skip">src/pymortests/affine_grid.py:189: Suite splitting in effect</skipped></testcase><testcase classname="src.pymortests.affine_grid" file="src/pymortests/affine_grid.py" line="189" name="test_unit_outer_normals_neighbours[&lt;lambda&gt;5]" time="0.0003948211669921875"><skipped message="Suite splitting in effect" type="pytest.skip">src/pymortests/affine_grid.py:189: Suite splitting in effect</skipped></testcase><testcase classname="src.pymortests.affine_grid" file="src/pymortests/affine_grid.py" line="189" name="test_unit_outer_normals_neighbours[&lt;lambda&gt;6]" time="0.0004296302795410156"><skipped message="Suite splitting in effect" type="pytest.skip">src/pymortests/affine_grid.py:189: Suite splitting in effect</skipped></testcase><testcase classname="src.pymortests.affine_grid" file="src/pymortests/affine_grid.py" line="189" name="test_unit_outer_normals_neighbours[&lt;lambda&gt;7]" time="0.00042319297790527344"><skipped message="Suite splitting in effect" type="pytest.skip">src/pymortests/affine_grid.py:189: Suite splitting in effect</skipped></testcase><testcase classname="src.pymortests.affine_grid" file="src/pymortests/affine_grid.py" line="189" name="test_unit_outer_normals_neighbours[&lt;lambda&gt;8]" time="0.0004150867462158203"><skipped message="Suite splitting in effect" type="pytest.skip">src/pymortests/affine_grid.py:189: Suite splitting in effect</skipped></testcase><testcase classname="src.pymortests.affine_grid" file="src/pymortests/affine_grid.py" line="189" name="test_unit_outer_normals_neighbours[&lt;lambda&gt;9]" time="0.00045371055603027344"><skipped message="Suite splitting in effect" type="pytest.skip">src/pymortests/affine_grid.py:189: Suite splitting in effect</skipped></testcase><testcase classname="src.pymortests.affine_grid" file="src/pymortests/affine_grid.py" line="189" name="test_unit_outer_normals_neighbours[&lt;lambda&gt;10]" time="0.0004074573516845703"><skipped message="Suite splitting in effect" type="pytest.skip">src/pymortests/affine_grid.py:189: Suite splitting in effect</skipped></testcase><testcase classname="src.pymortests.affine_grid" file="src/pymortests/affine_grid.py" line="189" name="test_unit_outer_normals_neighbours[&lt;lambda&gt;11]" time="0.0004191398620605469"><skipped message="Suite splitting in effect" type="pytest.skip">src/pymortests/affine_grid.py:189: Suite splitting in effect</skipped></testcase><testcase classname="src.pymortests.affine_grid" file="src/pymortests/affine_grid.py" line="189" name="test_unit_outer_normals_neighbours[&lt;lambda&gt;12]" time="0.00039005279541015625"><skipped message="Suite splitting in effect" type="pytest.skip">src/pymortests/affine_grid.py:189: Suite splitting in effect</skipped></testcase><testcase classname="src.pymortests.affine_grid" file="src/pymortests/affine_grid.py" line="189" name="test_unit_outer_normals_neighbours[&lt;lambda&gt;13]" time="0.0004153251647949219"><skipped message="Suite splitting in effect" type="pytest.skip">src/pymortests/affine_grid.py:189: Suite splitting in effect</skipped></testcase><testcase classname="src.pymortests.affine_grid" file="src/pymortests/affine_grid.py" line="189" name="test_unit_outer_normals_neighbours[&lt;lambda&gt;14]" time="0.0004191398620605469"><skipped message="Suite splitting in effect" type="pytest.skip">src/pymortests/affine_grid.py:189: Suite splitting in effect</skipped></testcase><testcase classname="src.pymortests.affine_grid" file="src/pymortests/affine_grid.py" line="189" name="test_unit_outer_normals_neighbours[&lt;lambda&gt;15]" time="0.0004138946533203125"><skipped message="Suite splitting in effect" type="pytest.skip">src/pymortests/affine_grid.py:189: Suite splitting in effect</skipped></testcase><testcase classname="src.pymortests.affine_grid" file="src/pymortests/affine_grid.py" line="189" name="test_unit_outer_normals_neighbours[&lt;lambda&gt;16]" time="0.00042057037353515625"><skipped message="Suite splitting in effect" type="pytest.skip">src/pymortests/affine_grid.py:189: Suite splitting in effect</skipped></testcase><testcase classname="src.pymortests.affine_grid" file="src/pymortests/affine_grid.py" line="189" name="test_unit_outer_normals_neighbours[&lt;lambda&gt;17]" time="0.00041985511779785156"><skipped message="Suite splitting in effect" type="pytest.skip">src/pymortests/affine_grid.py:189: Suite splitting in effect</skipped></testcase><testcase classname="src.pymortests.affine_grid" file="src/pymortests/affine_grid.py" line="189" name="test_unit_outer_normals_neighbours[&lt;lambda&gt;18]" time="0.0004146099090576172"><skipped message="Suite splitting in effect" type="pytest.skip">src/pymortests/affine_grid.py:189: Suite splitting in effect</skipped></testcase><testcase classname="src.pymortests.affine_grid" file="src/pymortests/affine_grid.py" line="189" name="test_unit_outer_normals_neighbours[&lt;lambda&gt;19]" time="0.000537872314453125"><skipped message="Suite splitting in effect" type="pytest.skip">src/pymortests/affine_grid.py:189: Suite splitting in effect</skipped></testcase><testcase classname="src.pymortests.affine_grid" file="src/pymortests/affine_grid.py" line="189" name="test_unit_outer_normals_neighbours[&lt;lambda&gt;20]" time="0.00040912628173828125"><skipped message="Suite splitting in effect" type="pytest.skip">src/pymortests/affine_grid.py:189: Suite splitting in effect</skipped></testcase><testcase classname="src.pymortests.affine_grid" file="src/pymortests/affine_grid.py" line="189" name="test_unit_outer_normals_neighbours[&lt;lambda&gt;21]" time="0.0004088878631591797"><skipped message="Suite splitting in effect" type="pytest.skip">src/pymortests/affine_grid.py:189: Suite splitting in effect</skipped></testcase><testcase classname="src.pymortests.affine_grid" file="src/pymortests/affine_grid.py" line="189" name="test_unit_outer_normals_neighbours[&lt;lambda&gt;22]" time="0.00041675567626953125"><skipped message="Suite splitting in effect" type="pytest.skip">src/pymortests/affine_grid.py:189: Suite splitting in effect</skipped></testcase><testcase classname="src.pymortests.affine_grid" file="src/pymortests/affine_grid.py" line="189" name="test_unit_outer_normals_neighbours[&lt;lambda&gt;23]" time="0.0004010200500488281"><skipped message="Suite splitting in effect" type="pytest.skip">src/pymortests/affine_grid.py:189: Suite splitting in effect</skipped></testcase><testcase classname="src.pymortests.affine_grid" file="src/pymortests/affine_grid.py" line="189" name="test_unit_outer_normals_neighbours[&lt;lambda&gt;24]" time="0.0004096031188964844"><skipped message="Suite splitting in effect" type="pytest.skip">src/pymortests/affine_grid.py:189: Suite splitting in effect</skipped></testcase><testcase classname="src.pymortests.affine_grid" file="src/pymortests/affine_grid.py" line="189" name="test_unit_outer_normals_neighbours[&lt;lambda&gt;25]" time="0.0004050731658935547"><skipped message="Suite splitting in effect" type="pytest.skip">src/pymortests/affine_grid.py:189: Suite splitting in effect</skipped></testcase><testcase classname="src.pymortests.affine_grid" file="src/pymortests/affine_grid.py" line="189" name="test_unit_outer_normals_neighbours[&lt;lambda&gt;26]" time="0.0004115104675292969"><skipped message="Suite splitting in effect" type="pytest.skip">src/pymortests/affine_grid.py:189: Suite splitting in effect</skipped></testcase><testcase classname="src.pymortests.affine_grid" file="src/pymortests/affine_grid.py" line="189" name="test_unit_outer_normals_neighbours[&lt;lambda&gt;27]" time="0.00041604042053222656"><skipped message="Suite splitting in effect" type="pytest.skip">src/pymortests/affine_grid.py:189: Suite splitting in effect</skipped></testcase><testcase classname="src.pymortests.affine_grid" file="src/pymortests/affine_grid.py" line="189" name="test_unit_outer_normals_neighbours[&lt;lambda&gt;28]" time="0.0004181861877441406"><skipped message="Suite splitting in effect" type="pytest.skip">src/pymortests/affine_grid.py:189: Suite splitting in effect</skipped></testcase><testcase classname="src.pymortests.affine_grid" file="src/pymortests/affine_grid.py" line="189" name="test_unit_outer_normals_neighbours[&lt;lambda&gt;29]" time="0.0003905296325683594"><skipped message="Suite splitting in effect" type="pytest.skip">src/pymortests/affine_grid.py:189: Suite splitting in effect</skipped></testcase><testcase classname="src.pymortests.affine_grid" file="src/pymortests/affine_grid.py" line="189" name="test_unit_outer_normals_neighbours[&lt;lambda&gt;30]" time="0.0005140304565429688"><skipped message="Suite splitting in effect" type="pytest.skip">src/pymortests/affine_grid.py:189: Suite splitting in effect</skipped></testcase><testcase classname="src.pymortests.affine_grid" file="src/pymortests/affine_grid.py" line="189" name="test_unit_outer_normals_neighbours[&lt;lambda&gt;31]" time="0.0004305839538574219"><skipped message="Suite splitting in effect" type="pytest.skip">src/pymortests/affine_grid.py:189: Suite splitting in effect</skipped></testcase><testcase classname="src.pymortests.affine_grid" file="src/pymortests/affine_grid.py" line="189" name="test_unit_outer_normals_neighbours[&lt;lambda&gt;32]" time="0.0004093647003173828"><skipped message="Suite splitting in effect" type="pytest.skip">src/pymortests/affine_grid.py:189: Suite splitting in effect</skipped></testcase><testcase classname="src.pymortests.affine_grid" file="src/pymortests/affine_grid.py" line="189" name="test_unit_outer_normals_neighbours[&lt;lambda&gt;33]" time="0.0004119873046875"><skipped message="Suite splitting in effect" type="pytest.skip">src/pymortests/affine_grid.py:189: Suite splitting in effect</skipped></testcase><testcase classname="src.pymortests.affine_grid" file="src/pymortests/affine_grid.py" line="189" name="test_unit_outer_normals_neighbours[&lt;lambda&gt;34]" time="0.00039267539978027344"><skipped message="Suite splitting in effect" type="pytest.skip">src/pymortests/affine_grid.py:189: Suite splitting in effect</skipped></testcase><testcase classname="src.pymortests.affine_grid" file="src/pymortests/affine_grid.py" line="189" name="test_unit_outer_normals_neighbours[&lt;lambda&gt;35]" time="0.00041413307189941406"><skipped message="Suite splitting in effect" type="pytest.skip">src/pymortests/affine_grid.py:189: Suite splitting in effect</skipped></testcase><testcase classname="src.pymortests.affine_grid" file="src/pymortests/affine_grid.py" line="189" name="test_unit_outer_normals_neighbours[&lt;lambda&gt;36]" time="0.00039196014404296875"><skipped message="Suite splitting in effect" type="pytest.skip">src/pymortests/affine_grid.py:189: Suite splitting in effect</skipped></testcase><testcase classname="src.pymortests.affine_grid" file="src/pymortests/affine_grid.py" line="189" name="test_unit_outer_normals_neighbours[&lt;lambda&gt;37]" time="0.00043272972106933594"><skipped message="Suite splitting in effect" type="pytest.skip">src/pymortests/affine_grid.py:189: Suite splitting in effect</skipped></testcase><testcase classname="src.pymortests.affine_grid" file="src/pymortests/affine_grid.py" line="189" name="test_unit_outer_normals_neighbours[&lt;lambda&gt;38]" time="0.0003876686096191406"><skipped message="Suite splitting in effect" type="pytest.skip">src/pymortests/affine_grid.py:189: Suite splitting in effect</skipped></testcase><testcase classname="src.pymortests.affine_grid" file="src/pymortests/affine_grid.py" line="189" name="test_unit_outer_normals_neighbours[&lt;lambda&gt;39]" time="0.00044083595275878906"><skipped message="Suite splitting in effect" type="pytest.skip">src/pymortests/affine_grid.py:189: Suite splitting in effect</skipped></testcase><testcase classname="src.pymortests.affine_grid" file="src/pymortests/affine_grid.py" line="189" name="test_unit_outer_normals_neighbours[&lt;lambda&gt;40]" time="0.0003921985626220703"><skipped message="Suite splitting in effect" type="pytest.skip">src/pymortests/affine_grid.py:189: Suite splitting in effect</skipped></testcase><testcase classname="src.pymortests.affine_grid" file="src/pymortests/affine_grid.py" line="189" name="test_unit_outer_normals_neighbours[&lt;lambda&gt;41]" time="0.00042748451232910156"><skipped message="Suite splitting in effect" type="pytest.skip">src/pymortests/affine_grid.py:189: Suite splitting in effect</skipped></testcase><testcase classname="src.pymortests.affine_grid" file="src/pymortests/affine_grid.py" line="189" name="test_unit_outer_normals_neighbours[&lt;lambda&gt;42]" time="0.00043892860412597656"><skipped message="Suite splitting in effect" type="pytest.skip">src/pymortests/affine_grid.py:189: Suite splitting in effect</skipped></testcase><testcase classname="src.pymortests.affine_grid" file="src/pymortests/affine_grid.py" line="202" name="test_centers_wrong_arguments[&lt;lambda&gt;0]" time="0.00042319297790527344"><skipped message="Suite splitting in effect" type="pytest.skip">src/pymortests/affine_grid.py:202: Suite splitting in effect</skipped></testcase><testcase classname="src.pymortests.affine_grid" file="src/pymortests/affine_grid.py" line="202" name="test_centers_wrong_arguments[&lt;lambda&gt;1]" time="0.00041937828063964844"><skipped message="Suite splitting in effect" type="pytest.skip">src/pymortests/affine_grid.py:202: Suite splitting in effect</skipped></testcase><testcase classname="src.pymortests.affine_grid" file="src/pymortests/affine_grid.py" line="202" name="test_centers_wrong_arguments[&lt;lambda&gt;2]" time="0.0004303455352783203"><skipped message="Suite splitting in effect" type="pytest.skip">src/pymortests/affine_grid.py:202: Suite splitting in effect</skipped></testcase><testcase classname="src.pymortests.affine_grid" file="src/pymortests/affine_grid.py" line="202" name="test_centers_wrong_arguments[&lt;lambda&gt;3]" time="0.0004134178161621094"><skipped message="Suite splitting in effect" type="pytest.skip">src/pymortests/affine_grid.py:202: Suite splitting in effect</skipped></testcase><testcase classname="src.pymortests.affine_grid" file="src/pymortests/affine_grid.py" line="202" name="test_centers_wrong_arguments[&lt;lambda&gt;4]" time="0.0003936290740966797"><skipped message="Suite splitting in effect" type="pytest.skip">src/pymortests/affine_grid.py:202: Suite splitting in effect</skipped></testcase><testcase classname="src.pymortests.affine_grid" file="src/pymortests/affine_grid.py" line="202" name="test_centers_wrong_arguments[&lt;lambda&gt;5]" time="0.0004165172576904297"><skipped message="Suite splitting in effect" type="pytest.skip">src/pymortests/affine_grid.py:202: Suite splitting in effect</skipped></testcase><testcase classname="src.pymortests.affine_grid" file="src/pymortests/affine_grid.py" line="202" name="test_centers_wrong_arguments[&lt;lambda&gt;6]" time="0.00039076805114746094"><skipped message="Suite splitting in effect" type="pytest.skip">src/pymortests/affine_grid.py:202: Suite splitting in effect</skipped></testcase><testcase classname="src.pymortests.affine_grid" file="src/pymortests/affine_grid.py" line="202" name="test_centers_wrong_arguments[&lt;lambda&gt;7]" time="0.0004248619079589844"><skipped message="Suite splitting in effect" type="pytest.skip">src/pymortests/affine_grid.py:202: Suite splitting in effect</skipped></testcase><testcase classname="src.pymortests.affine_grid" file="src/pymortests/affine_grid.py" line="202" name="test_centers_wrong_arguments[&lt;lambda&gt;8]" time="0.0004374980926513672"><skipped message="Suite splitting in effect" type="pytest.skip">src/pymortests/affine_grid.py:202: Suite splitting in effect</skipped></testcase><testcase classname="src.pymortests.affine_grid" file="src/pymortests/affine_grid.py" line="202" name="test_centers_wrong_arguments[&lt;lambda&gt;9]" time="0.0004489421844482422"><skipped message="Suite splitting in effect" type="pytest.skip">src/pymortests/affine_grid.py:202: Suite splitting in effect</skipped></testcase><testcase classname="src.pymortests.affine_grid" file="src/pymortests/affine_grid.py" line="202" name="test_centers_wrong_arguments[&lt;lambda&gt;10]" time="0.00042247772216796875"><skipped message="Suite splitting in effect" type="pytest.skip">src/pymortests/affine_grid.py:202: Suite splitting in effect</skipped></testcase><testcase classname="src.pymortests.affine_grid" file="src/pymortests/affine_grid.py" line="202" name="test_centers_wrong_arguments[&lt;lambda&gt;11]" time="0.00043082237243652344"><skipped message="Suite splitting in effect" type="pytest.skip">src/pymortests/affine_grid.py:202: Suite splitting in effect</skipped></testcase><testcase classname="src.pymortests.affine_grid" file="src/pymortests/affine_grid.py" line="202" name="test_centers_wrong_arguments[&lt;lambda&gt;12]" time="0.0004260540008544922"><skipped message="Suite splitting in effect" type="pytest.skip">src/pymortests/affine_grid.py:202: Suite splitting in effect</skipped></testcase><testcase classname="src.pymortests.affine_grid" file="src/pymortests/affine_grid.py" line="202" name="test_centers_wrong_arguments[&lt;lambda&gt;13]" time="0.00039958953857421875"><skipped message="Suite splitting in effect" type="pytest.skip">src/pymortests/affine_grid.py:202: Suite splitting in effect</skipped></testcase><testcase classname="src.pymortests.affine_grid" file="src/pymortests/affine_grid.py" line="202" name="test_centers_wrong_arguments[&lt;lambda&gt;14]" time="0.0004112720489501953"><skipped message="Suite splitting in effect" type="pytest.skip">src/pymortests/affine_grid.py:202: Suite splitting in effect</skipped></testcase><testcase classname="src.pymortests.affine_grid" file="src/pymortests/affine_grid.py" line="202" name="test_centers_wrong_arguments[&lt;lambda&gt;15]" time="0.0004012584686279297"><skipped message="Suite splitting in effect" type="pytest.skip">src/pymortests/affine_grid.py:202: Suite splitting in effect</skipped></testcase><testcase classname="src.pymortests.affine_grid" file="src/pymortests/affine_grid.py" line="202" name="test_centers_wrong_arguments[&lt;lambda&gt;16]" time="0.0004062652587890625"><skipped message="Suite splitting in effect" type="pytest.skip">src/pymortests/affine_grid.py:202: Suite splitting in effect</skipped></testcase><testcase classname="src.pymortests.affine_grid" file="src/pymortests/affine_grid.py" line="202" name="test_centers_wrong_arguments[&lt;lambda&gt;17]" time="0.000408172607421875"><skipped message="Suite splitting in effect" type="pytest.skip">src/pymortests/affine_grid.py:202: Suite splitting in effect</skipped></testcase><testcase classname="src.pymortests.affine_grid" file="src/pymortests/affine_grid.py" line="202" name="test_centers_wrong_arguments[&lt;lambda&gt;18]" time="0.0004153251647949219"><skipped message="Suite splitting in effect" type="pytest.skip">src/pymortests/affine_grid.py:202: Suite splitting in effect</skipped></testcase><testcase classname="src.pymortests.affine_grid" file="src/pymortests/affine_grid.py" line="202" name="test_centers_wrong_arguments[&lt;lambda&gt;19]" time="0.0004246234893798828"><skipped message="Suite splitting in effect" type="pytest.skip">src/pymortests/affine_grid.py:202: Suite splitting in effect</skipped></testcase><testcase classname="src.pymortests.affine_grid" file="src/pymortests/affine_grid.py" line="202" name="test_centers_wrong_arguments[&lt;lambda&gt;20]" time="0.00044608116149902344"><skipped message="Suite splitting in effect" type="pytest.skip">src/pymortests/affine_grid.py:202: Suite splitting in effect</skipped></testcase><testcase classname="src.pymortests.affine_grid" file="src/pymortests/affine_grid.py" line="202" name="test_centers_wrong_arguments[&lt;lambda&gt;21]" time="0.0003898143768310547"><skipped message="Suite splitting in effect" type="pytest.skip">src/pymortests/affine_grid.py:202: Suite splitting in effect</skipped></testcase><testcase classname="src.pymortests.affine_grid" file="src/pymortests/affine_grid.py" line="202" name="test_centers_wrong_arguments[&lt;lambda&gt;22]" time="0.00042128562927246094"><skipped message="Suite splitting in effect" type="pytest.skip">src/pymortests/affine_grid.py:202: Suite splitting in effect</skipped></testcase><testcase classname="src.pymortests.affine_grid" file="src/pymortests/affine_grid.py" line="202" name="test_centers_wrong_arguments[&lt;lambda&gt;23]" time="0.0004169940948486328"><skipped message="Suite splitting in effect" type="pytest.skip">src/pymortests/affine_grid.py:202: Suite splitting in effect</skipped></testcase><testcase classname="src.pymortests.affine_grid" file="src/pymortests/affine_grid.py" line="202" name="test_centers_wrong_arguments[&lt;lambda&gt;24]" time="0.00042128562927246094"><skipped message="Suite splitting in effect" type="pytest.skip">src/pymortests/affine_grid.py:202: Suite splitting in effect</skipped></testcase><testcase classname="src.pymortests.affine_grid" file="src/pymortests/affine_grid.py" line="202" name="test_centers_wrong_arguments[&lt;lambda&gt;25]" time="0.0003952980041503906"><skipped message="Suite splitting in effect" type="pytest.skip">src/pymortests/affine_grid.py:202: Suite splitting in effect</skipped></testcase><testcase classname="src.pymortests.affine_grid" file="src/pymortests/affine_grid.py" line="202" name="test_centers_wrong_arguments[&lt;lambda&gt;26]" time="0.0004284381866455078"><skipped message="Suite splitting in effect" type="pytest.skip">src/pymortests/affine_grid.py:202: Suite splitting in effect</skipped></testcase><testcase classname="src.pymortests.affine_grid" file="src/pymortests/affine_grid.py" line="202" name="test_centers_wrong_arguments[&lt;lambda&gt;27]" time="0.00040078163146972656"><skipped message="Suite splitting in effect" type="pytest.skip">src/pymortests/affine_grid.py:202: Suite splitting in effect</skipped></testcase><testcase classname="src.pymortests.affine_grid" file="src/pymortests/affine_grid.py" line="202" name="test_centers_wrong_arguments[&lt;lambda&gt;28]" time="0.0006613731384277344"><skipped message="Suite splitting in effect" type="pytest.skip">src/pymortests/affine_grid.py:202: Suite splitting in effect</skipped></testcase><testcase classname="src.pymortests.affine_grid" file="src/pymortests/affine_grid.py" line="202" name="test_centers_wrong_arguments[&lt;lambda&gt;29]" time="0.00041365623474121094"><skipped message="Suite splitting in effect" type="pytest.skip">src/pymortests/affine_grid.py:202: Suite splitting in effect</skipped></testcase><testcase classname="src.pymortests.affine_grid" file="src/pymortests/affine_grid.py" line="202" name="test_centers_wrong_arguments[&lt;lambda&gt;30]" time="0.00040340423583984375"><skipped message="Suite splitting in effect" type="pytest.skip">src/pymortests/affine_grid.py:202: Suite splitting in effect</skipped></testcase><testcase classname="src.pymortests.affine_grid" file="src/pymortests/affine_grid.py" line="202" name="test_centers_wrong_arguments[&lt;lambda&gt;31]" time="0.0004563331604003906"><skipped message="Suite splitting in effect" type="pytest.skip">src/pymortests/affine_grid.py:202: Suite splitting in effect</skipped></testcase><testcase classname="src.pymortests.affine_grid" file="src/pymortests/affine_grid.py" line="202" name="test_centers_wrong_arguments[&lt;lambda&gt;32]" time="0.00039768218994140625"><skipped message="Suite splitting in effect" type="pytest.skip">src/pymortests/affine_grid.py:202: Suite splitting in effect</skipped></testcase><testcase classname="src.pymortests.affine_grid" file="src/pymortests/affine_grid.py" line="202" name="test_centers_wrong_arguments[&lt;lambda&gt;33]" time="0.00042629241943359375"><skipped message="Suite splitting in effect" type="pytest.skip">src/pymortests/affine_grid.py:202: Suite splitting in effect</skipped></testcase><testcase classname="src.pymortests.affine_grid" file="src/pymortests/affine_grid.py" line="202" name="test_centers_wrong_arguments[&lt;lambda&gt;34]" time="0.0003960132598876953"><skipped message="Suite splitting in effect" type="pytest.skip">src/pymortests/affine_grid.py:202: Suite splitting in effect</skipped></testcase><testcase classname="src.pymortests.affine_grid" file="src/pymortests/affine_grid.py" line="202" name="test_centers_wrong_arguments[&lt;lambda&gt;35]" time="0.0004138946533203125"><skipped message="Suite splitting in effect" type="pytest.skip">src/pymortests/affine_grid.py:202: Suite splitting in effect</skipped></testcase><testcase classname="src.pymortests.affine_grid" file="src/pymortests/affine_grid.py" line="202" name="test_centers_wrong_arguments[&lt;lambda&gt;36]" time="0.00040650367736816406"><skipped message="Suite splitting in effect" type="pytest.skip">src/pymortests/affine_grid.py:202: Suite splitting in effect</skipped></testcase><testcase classname="src.pymortests.affine_grid" file="src/pymortests/affine_grid.py" line="202" name="test_centers_wrong_arguments[&lt;lambda&gt;37]" time="0.00040340423583984375"><skipped message="Suite splitting in effect" type="pytest.skip">src/pymortests/affine_grid.py:202: Suite splitting in effect</skipped></testcase><testcase classname="src.pymortests.affine_grid" file="src/pymortests/affine_grid.py" line="202" name="test_centers_wrong_arguments[&lt;lambda&gt;38]" time="0.0004131793975830078"><skipped message="Suite splitting in effect" type="pytest.skip">src/pymortests/affine_grid.py:202: Suite splitting in effect</skipped></testcase><testcase classname="src.pymortests.affine_grid" file="src/pymortests/affine_grid.py" line="202" name="test_centers_wrong_arguments[&lt;lambda&gt;39]" time="0.0004220008850097656"><skipped message="Suite splitting in effect" type="pytest.skip">src/pymortests/affine_grid.py:202: Suite splitting in effect</skipped></testcase><testcase classname="src.pymortests.affine_grid" file="src/pymortests/affine_grid.py" line="202" name="test_centers_wrong_arguments[&lt;lambda&gt;40]" time="0.0004169940948486328"><skipped message="Suite splitting in effect" type="pytest.skip">src/pymortests/affine_grid.py:202: Suite splitting in effect</skipped></testcase><testcase classname="src.pymortests.affine_grid" file="src/pymortests/affine_grid.py" line="202" name="test_centers_wrong_arguments[&lt;lambda&gt;41]" time="0.00042557716369628906"><skipped message="Suite splitting in effect" type="pytest.skip">src/pymortests/affine_grid.py:202: Suite splitting in effect</skipped></testcase><testcase classname="src.pymortests.affine_grid" file="src/pymortests/affine_grid.py" line="202" name="test_centers_wrong_arguments[&lt;lambda&gt;42]" time="0.0004143714904785156"><skipped message="Suite splitting in effect" type="pytest.skip">src/pymortests/affine_grid.py:202: Suite splitting in effect</skipped></testcase><testcase classname="src.pymortests.affine_grid" file="src/pymortests/affine_grid.py" line="210" name="test_centers_shape[&lt;lambda&gt;0]" time="0.00038933753967285156"><skipped message="Suite splitting in effect" type="pytest.skip">src/pymortests/affine_grid.py:210: Suite splitting in effect</skipped></testcase><testcase classname="src.pymortests.affine_grid" file="src/pymortests/affine_grid.py" line="210" name="test_centers_shape[&lt;lambda&gt;1]" time="0.0004246234893798828"><skipped message="Suite splitting in effect" type="pytest.skip">src/pymortests/affine_grid.py:210: Suite splitting in effect</skipped></testcase><testcase classname="src.pymortests.affine_grid" file="src/pymortests/affine_grid.py" line="210" name="test_centers_shape[&lt;lambda&gt;2]" time="0.0003941059112548828"><skipped message="Suite splitting in effect" type="pytest.skip">src/pymortests/affine_grid.py:210: Suite splitting in effect</skipped></testcase><testcase classname="src.pymortests.affine_grid" file="src/pymortests/affine_grid.py" line="210" name="test_centers_shape[&lt;lambda&gt;3]" time="0.0004343986511230469"><skipped message="Suite splitting in effect" type="pytest.skip">src/pymortests/affine_grid.py:210: Suite splitting in effect</skipped></testcase><testcase classname="src.pymortests.affine_grid" file="src/pymortests/affine_grid.py" line="210" name="test_centers_shape[&lt;lambda&gt;4]" time="0.00040435791015625"><skipped message="Suite splitting in effect" type="pytest.skip">src/pymortests/affine_grid.py:210: Suite splitting in effect</skipped></testcase><testcase classname="src.pymortests.affine_grid" file="src/pymortests/affine_grid.py" line="210" name="test_centers_shape[&lt;lambda&gt;5]" time="0.0004074573516845703"><skipped message="Suite splitting in effect" type="pytest.skip">src/pymortests/affine_grid.py:210: Suite splitting in effect</skipped></testcase><testcase classname="src.pymortests.affine_grid" file="src/pymortests/affine_grid.py" line="210" name="test_centers_shape[&lt;lambda&gt;6]" time="0.00040268898010253906"><skipped message="Suite splitting in effect" type="pytest.skip">src/pymortests/affine_grid.py:210: Suite splitting in effect</skipped></testcase><testcase classname="src.pymortests.affine_grid" file="src/pymortests/affine_grid.py" line="210" name="test_centers_shape[&lt;lambda&gt;7]" time="0.0004036426544189453"><skipped message="Suite splitting in effect" type="pytest.skip">src/pymortests/affine_grid.py:210: Suite splitting in effect</skipped></testcase><testcase classname="src.pymortests.affine_grid" file="src/pymortests/affine_grid.py" line="210" name="test_centers_shape[&lt;lambda&gt;8]" time="0.00039649009704589844"><skipped message="Suite splitting in effect" type="pytest.skip">src/pymortests/affine_grid.py:210: Suite splitting in effect</skipped></testcase><testcase classname="src.pymortests.affine_grid" file="src/pymortests/affine_grid.py" line="210" name="test_centers_shape[&lt;lambda&gt;9]" time="0.00040435791015625"><skipped message="Suite splitting in effect" type="pytest.skip">src/pymortests/affine_grid.py:210: Suite splitting in effect</skipped></testcase><testcase classname="src.pymortests.affine_grid" file="src/pymortests/affine_grid.py" line="210" name="test_centers_shape[&lt;lambda&gt;10]" time="0.0004062652587890625"><skipped message="Suite splitting in effect" type="pytest.skip">src/pymortests/affine_grid.py:210: Suite splitting in effect</skipped></testcase><testcase classname="src.pymortests.affine_grid" file="src/pymortests/affine_grid.py" line="210" name="test_centers_shape[&lt;lambda&gt;11]" time="0.00041031837463378906"><skipped message="Suite splitting in effect" type="pytest.skip">src/pymortests/affine_grid.py:210: Suite splitting in effect</skipped></testcase><testcase classname="src.pymortests.affine_grid" file="src/pymortests/affine_grid.py" line="210" name="test_centers_shape[&lt;lambda&gt;12]" time="0.00038623809814453125"><skipped message="Suite splitting in effect" type="pytest.skip">src/pymortests/affine_grid.py:210: Suite splitting in effect</skipped></testcase><testcase classname="src.pymortests.affine_grid" file="src/pymortests/affine_grid.py" line="210" name="test_centers_shape[&lt;lambda&gt;13]" time="0.0004096031188964844"><skipped message="Suite splitting in effect" type="pytest.skip">src/pymortests/affine_grid.py:210: Suite splitting in effect</skipped></testcase><testcase classname="src.pymortests.affine_grid" file="src/pymortests/affine_grid.py" line="210" name="test_centers_shape[&lt;lambda&gt;14]" time="0.00043463706970214844"><skipped message="Suite splitting in effect" type="pytest.skip">src/pymortests/affine_grid.py:210: Suite splitting in effect</skipped></testcase><testcase classname="src.pymortests.affine_grid" file="src/pymortests/affine_grid.py" line="210" name="test_centers_shape[&lt;lambda&gt;15]" time="0.0004127025604248047"><skipped message="Suite splitting in effect" type="pytest.skip">src/pymortests/affine_grid.py:210: Suite splitting in effect</skipped></testcase><testcase classname="src.pymortests.affine_grid" file="src/pymortests/affine_grid.py" line="210" name="test_centers_shape[&lt;lambda&gt;16]" time="0.0005431175231933594"><skipped message="Suite splitting in effect" type="pytest.skip">src/pymortests/affine_grid.py:210: Suite splitting in effect</skipped></testcase><testcase classname="src.pymortests.affine_grid" file="src/pymortests/affine_grid.py" line="210" name="test_centers_shape[&lt;lambda&gt;17]" time="0.0004134178161621094"><skipped message="Suite splitting in effect" type="pytest.skip">src/pymortests/affine_grid.py:210: Suite splitting in effect</skipped></testcase><testcase classname="src.pymortests.affine_grid" file="src/pymortests/affine_grid.py" line="210" name="test_centers_shape[&lt;lambda&gt;18]" time="0.0004031658172607422"><skipped message="Suite splitting in effect" type="pytest.skip">src/pymortests/affine_grid.py:210: Suite splitting in effect</skipped></testcase><testcase classname="src.pymortests.affine_grid" file="src/pymortests/affine_grid.py" line="210" name="test_centers_shape[&lt;lambda&gt;19]" time="0.0004031658172607422"><skipped message="Suite splitting in effect" type="pytest.skip">src/pymortests/affine_grid.py:210: Suite splitting in effect</skipped></testcase><testcase classname="src.pymortests.affine_grid" file="src/pymortests/affine_grid.py" line="210" name="test_centers_shape[&lt;lambda&gt;20]" time="0.00040149688720703125"><skipped message="Suite splitting in effect" type="pytest.skip">src/pymortests/affine_grid.py:210: Suite splitting in effect</skipped></testcase><testcase classname="src.pymortests.affine_grid" file="src/pymortests/affine_grid.py" line="210" name="test_centers_shape[&lt;lambda&gt;21]" time="0.0004291534423828125"><skipped message="Suite splitting in effect" type="pytest.skip">src/pymortests/affine_grid.py:210: Suite splitting in effect</skipped></testcase><testcase classname="src.pymortests.affine_grid" file="src/pymortests/affine_grid.py" line="210" name="test_centers_shape[&lt;lambda&gt;22]" time="0.0004074573516845703"><skipped message="Suite splitting in effect" type="pytest.skip">src/pymortests/affine_grid.py:210: Suite splitting in effect</skipped></testcase><testcase classname="src.pymortests.affine_grid" file="src/pymortests/affine_grid.py" line="210" name="test_centers_shape[&lt;lambda&gt;23]" time="0.0004036426544189453"><skipped message="Suite splitting in effect" type="pytest.skip">src/pymortests/affine_grid.py:210: Suite splitting in effect</skipped></testcase><testcase classname="src.pymortests.affine_grid" file="src/pymortests/affine_grid.py" line="210" name="test_centers_shape[&lt;lambda&gt;24]" time="0.00039076805114746094"><skipped message="Suite splitting in effect" type="pytest.skip">src/pymortests/affine_grid.py:210: Suite splitting in effect</skipped></testcase><testcase classname="src.pymortests.affine_grid" file="src/pymortests/affine_grid.py" line="210" name="test_centers_shape[&lt;lambda&gt;25]" time="0.00040841102600097656"><skipped message="Suite splitting in effect" type="pytest.skip">src/pymortests/affine_grid.py:210: Suite splitting in effect</skipped></testcase><testcase classname="src.pymortests.affine_grid" file="src/pymortests/affine_grid.py" line="210" name="test_centers_shape[&lt;lambda&gt;26]" time="0.00038909912109375"><skipped message="Suite splitting in effect" type="pytest.skip">src/pymortests/affine_grid.py:210: Suite splitting in effect</skipped></testcase><testcase classname="src.pymortests.affine_grid" file="src/pymortests/affine_grid.py" line="210" name="test_centers_shape[&lt;lambda&gt;27]" time="0.0004742145538330078"><skipped message="Suite splitting in effect" type="pytest.skip">src/pymortests/affine_grid.py:210: Suite splitting in effect</skipped></testcase><testcase classname="src.pymortests.affine_grid" file="src/pymortests/affine_grid.py" line="210" name="test_centers_shape[&lt;lambda&gt;28]" time="0.0004010200500488281"><skipped message="Suite splitting in effect" type="pytest.skip">src/pymortests/affine_grid.py:210: Suite splitting in effect</skipped></testcase><testcase classname="src.pymortests.affine_grid" file="src/pymortests/affine_grid.py" line="210" name="test_centers_shape[&lt;lambda&gt;29]" time="0.0004303455352783203"><skipped message="Suite splitting in effect" type="pytest.skip">src/pymortests/affine_grid.py:210: Suite splitting in effect</skipped></testcase><testcase classname="src.pymortests.affine_grid" file="src/pymortests/affine_grid.py" line="210" name="test_centers_shape[&lt;lambda&gt;30]" time="0.00038933753967285156"><skipped message="Suite splitting in effect" type="pytest.skip">src/pymortests/affine_grid.py:210: Suite splitting in effect</skipped></testcase><testcase classname="src.pymortests.affine_grid" file="src/pymortests/affine_grid.py" line="210" name="test_centers_shape[&lt;lambda&gt;31]" time="0.0004258155822753906"><skipped message="Suite splitting in effect" type="pytest.skip">src/pymortests/affine_grid.py:210: Suite splitting in effect</skipped></testcase><testcase classname="src.pymortests.affine_grid" file="src/pymortests/affine_grid.py" line="210" name="test_centers_shape[&lt;lambda&gt;32]" time="0.0004229545593261719"><skipped message="Suite splitting in effect" type="pytest.skip">src/pymortests/affine_grid.py:210: Suite splitting in effect</skipped></testcase><testcase classname="src.pymortests.affine_grid" file="src/pymortests/affine_grid.py" line="210" name="test_centers_shape[&lt;lambda&gt;33]" time="0.00039005279541015625"><skipped message="Suite splitting in effect" type="pytest.skip">src/pymortests/affine_grid.py:210: Suite splitting in effect</skipped></testcase><testcase classname="src.pymortests.affine_grid" file="src/pymortests/affine_grid.py" line="210" name="test_centers_shape[&lt;lambda&gt;34]" time="0.0004086494445800781"><skipped message="Suite splitting in effect" type="pytest.skip">src/pymortests/affine_grid.py:210: Suite splitting in effect</skipped></testcase><testcase classname="src.pymortests.affine_grid" file="src/pymortests/affine_grid.py" line="210" name="test_centers_shape[&lt;lambda&gt;35]" time="0.00038909912109375"><skipped message="Suite splitting in effect" type="pytest.skip">src/pymortests/affine_grid.py:210: Suite splitting in effect</skipped></testcase><testcase classname="src.pymortests.affine_grid" file="src/pymortests/affine_grid.py" line="210" name="test_centers_shape[&lt;lambda&gt;36]" time="0.0004069805145263672"><skipped message="Suite splitting in effect" type="pytest.skip">src/pymortests/affine_grid.py:210: Suite splitting in effect</skipped></testcase><testcase classname="src.pymortests.affine_grid" file="src/pymortests/affine_grid.py" line="210" name="test_centers_shape[&lt;lambda&gt;37]" time="0.0004112720489501953"><skipped message="Suite splitting in effect" type="pytest.skip">src/pymortests/affine_grid.py:210: Suite splitting in effect</skipped></testcase><testcase classname="src.pymortests.affine_grid" file="src/pymortests/affine_grid.py" line="210" name="test_centers_shape[&lt;lambda&gt;38]" time="0.0003917217254638672"><skipped message="Suite splitting in effect" type="pytest.skip">src/pymortests/affine_grid.py:210: Suite splitting in effect</skipped></testcase><testcase classname="src.pymortests.affine_grid" file="src/pymortests/affine_grid.py" line="210" name="test_centers_shape[&lt;lambda&gt;39]" time="0.0004203319549560547"><skipped message="Suite splitting in effect" type="pytest.skip">src/pymortests/affine_grid.py:210: Suite splitting in effect</skipped></testcase><testcase classname="src.pymortests.affine_grid" file="src/pymortests/affine_grid.py" line="210" name="test_centers_shape[&lt;lambda&gt;40]" time="0.0004210472106933594"><skipped message="Suite splitting in effect" type="pytest.skip">src/pymortests/affine_grid.py:210: Suite splitting in effect</skipped></testcase><testcase classname="src.pymortests.affine_grid" file="src/pymortests/affine_grid.py" line="210" name="test_centers_shape[&lt;lambda&gt;41]" time="0.00042939186096191406"><skipped message="Suite splitting in effect" type="pytest.skip">src/pymortests/affine_grid.py:210: Suite splitting in effect</skipped></testcase><testcase classname="src.pymortests.affine_grid" file="src/pymortests/affine_grid.py" line="210" name="test_centers_shape[&lt;lambda&gt;42]" time="0.00045299530029296875"><skipped message="Suite splitting in effect" type="pytest.skip">src/pymortests/affine_grid.py:210: Suite splitting in effect</skipped></testcase><testcase classname="src.pymortests.affine_grid" file="src/pymortests/affine_grid.py" line="216" name="test_centers_values[&lt;lambda&gt;0]" time="0.000392913818359375"><skipped message="Suite splitting in effect" type="pytest.skip">src/pymortests/affine_grid.py:216: Suite splitting in effect</skipped></testcase><testcase classname="src.pymortests.affine_grid" file="src/pymortests/affine_grid.py" line="216" name="test_centers_values[&lt;lambda&gt;1]" time="0.00040650367736816406"><skipped message="Suite splitting in effect" type="pytest.skip">src/pymortests/affine_grid.py:216: Suite splitting in effect</skipped></testcase><testcase classname="src.pymortests.affine_grid" file="src/pymortests/affine_grid.py" line="216" name="test_centers_values[&lt;lambda&gt;2]" time="0.0004067420959472656"><skipped message="Suite splitting in effect" type="pytest.skip">src/pymortests/affine_grid.py:216: Suite splitting in effect</skipped></testcase><testcase classname="src.pymortests.affine_grid" file="src/pymortests/affine_grid.py" line="216" name="test_centers_values[&lt;lambda&gt;3]" time="0.00040602684020996094"><skipped message="Suite splitting in effect" type="pytest.skip">src/pymortests/affine_grid.py:216: Suite splitting in effect</skipped></testcase><testcase classname="src.pymortests.affine_grid" file="src/pymortests/affine_grid.py" line="216" name="test_centers_values[&lt;lambda&gt;4]" time="0.00043010711669921875"><skipped message="Suite splitting in effect" type="pytest.skip">src/pymortests/affine_grid.py:216: Suite splitting in effect</skipped></testcase><testcase classname="src.pymortests.affine_grid" file="src/pymortests/affine_grid.py" line="216" name="test_centers_values[&lt;lambda&gt;5]" time="0.0004279613494873047"><skipped message="Suite splitting in effect" type="pytest.skip">src/pymortests/affine_grid.py:216: Suite splitting in effect</skipped></testcase><testcase classname="src.pymortests.affine_grid" file="src/pymortests/affine_grid.py" line="216" name="test_centers_values[&lt;lambda&gt;6]" time="0.00041294097900390625"><skipped message="Suite splitting in effect" type="pytest.skip">src/pymortests/affine_grid.py:216: Suite splitting in effect</skipped></testcase><testcase classname="src.pymortests.affine_grid" file="src/pymortests/affine_grid.py" line="216" name="test_centers_values[&lt;lambda&gt;7]" time="0.0004100799560546875"><skipped message="Suite splitting in effect" type="pytest.skip">src/pymortests/affine_grid.py:216: Suite splitting in effect</skipped></testcase><testcase classname="src.pymortests.affine_grid" file="src/pymortests/affine_grid.py" line="216" name="test_centers_values[&lt;lambda&gt;8]" time="0.0004093647003173828"><skipped message="Suite splitting in effect" type="pytest.skip">src/pymortests/affine_grid.py:216: Suite splitting in effect</skipped></testcase><testcase classname="src.pymortests.affine_grid" file="src/pymortests/affine_grid.py" line="216" name="test_centers_values[&lt;lambda&gt;9]" time="0.0004105567932128906"><skipped message="Suite splitting in effect" type="pytest.skip">src/pymortests/affine_grid.py:216: Suite splitting in effect</skipped></testcase><testcase classname="src.pymortests.affine_grid" file="src/pymortests/affine_grid.py" line="216" name="test_centers_values[&lt;lambda&gt;10]" time="0.0004572868347167969"><skipped message="Suite splitting in effect" type="pytest.skip">src/pymortests/affine_grid.py:216: Suite splitting in effect</skipped></testcase><testcase classname="src.pymortests.affine_grid" file="src/pymortests/affine_grid.py" line="216" name="test_centers_values[&lt;lambda&gt;11]" time="0.0004355907440185547"><skipped message="Suite splitting in effect" type="pytest.skip">src/pymortests/affine_grid.py:216: Suite splitting in effect</skipped></testcase><testcase classname="src.pymortests.affine_grid" file="src/pymortests/affine_grid.py" line="216" name="test_centers_values[&lt;lambda&gt;12]" time="0.00039196014404296875"><skipped message="Suite splitting in effect" type="pytest.skip">src/pymortests/affine_grid.py:216: Suite splitting in effect</skipped></testcase><testcase classname="src.pymortests.affine_grid" file="src/pymortests/affine_grid.py" line="216" name="test_centers_values[&lt;lambda&gt;13]" time="0.0004096031188964844"><skipped message="Suite splitting in effect" type="pytest.skip">src/pymortests/affine_grid.py:216: Suite splitting in effect</skipped></testcase><testcase classname="src.pymortests.affine_grid" file="src/pymortests/affine_grid.py" line="216" name="test_centers_values[&lt;lambda&gt;14]" time="0.0003917217254638672"><skipped message="Suite splitting in effect" type="pytest.skip">src/pymortests/affine_grid.py:216: Suite splitting in effect</skipped></testcase><testcase classname="src.pymortests.affine_grid" file="src/pymortests/affine_grid.py" line="216" name="test_centers_values[&lt;lambda&gt;15]" time="0.00052642822265625"><skipped message="Suite splitting in effect" type="pytest.skip">src/pymortests/affine_grid.py:216: Suite splitting in effect</skipped></testcase><testcase classname="src.pymortests.affine_grid" file="src/pymortests/affine_grid.py" line="216" name="test_centers_values[&lt;lambda&gt;16]" time="0.00040602684020996094"><skipped message="Suite splitting in effect" type="pytest.skip">src/pymortests/affine_grid.py:216: Suite splitting in effect</skipped></testcase><testcase classname="src.pymortests.affine_grid" file="src/pymortests/affine_grid.py" line="216" name="test_centers_values[&lt;lambda&gt;17]" time="0.00040435791015625"><skipped message="Suite splitting in effect" type="pytest.skip">src/pymortests/affine_grid.py:216: Suite splitting in effect</skipped></testcase><testcase classname="src.pymortests.affine_grid" file="src/pymortests/affine_grid.py" line="216" name="test_centers_values[&lt;lambda&gt;18]" time="0.00041985511779785156"><skipped message="Suite splitting in effect" type="pytest.skip">src/pymortests/affine_grid.py:216: Suite splitting in effect</skipped></testcase><testcase classname="src.pymortests.affine_grid" file="src/pymortests/affine_grid.py" line="216" name="test_centers_values[&lt;lambda&gt;19]" time="0.0003895759582519531"><skipped message="Suite splitting in effect" type="pytest.skip">src/pymortests/affine_grid.py:216: Suite splitting in effect</skipped></testcase><testcase classname="src.pymortests.affine_grid" file="src/pymortests/affine_grid.py" line="216" name="test_centers_values[&lt;lambda&gt;20]" time="0.00044989585876464844"><skipped message="Suite splitting in effect" type="pytest.skip">src/pymortests/affine_grid.py:216: Suite splitting in effect</skipped></testcase><testcase classname="src.pymortests.affine_grid" file="src/pymortests/affine_grid.py" line="216" name="test_centers_values[&lt;lambda&gt;21]" time="0.00039386749267578125"><skipped message="Suite splitting in effect" type="pytest.skip">src/pymortests/affine_grid.py:216: Suite splitting in effect</skipped></testcase><testcase classname="src.pymortests.affine_grid" file="src/pymortests/affine_grid.py" line="216" name="test_centers_values[&lt;lambda&gt;22]" time="0.0004258155822753906"><skipped message="Suite splitting in effect" type="pytest.skip">src/pymortests/affine_grid.py:216: Suite splitting in effect</skipped></testcase><testcase classname="src.pymortests.affine_grid" file="src/pymortests/affine_grid.py" line="216" name="test_centers_values[&lt;lambda&gt;23]" time="0.00047659873962402344"><skipped message="Suite splitting in effect" type="pytest.skip">src/pymortests/affine_grid.py:216: Suite splitting in effect</skipped></testcase><testcase classname="src.pymortests.affine_grid" file="src/pymortests/affine_grid.py" line="216" name="test_centers_values[&lt;lambda&gt;24]" time="0.00042510032653808594"><skipped message="Suite splitting in effect" type="pytest.skip">src/pymortests/affine_grid.py:216: Suite splitting in effect</skipped></testcase><testcase classname="src.pymortests.affine_grid" file="src/pymortests/affine_grid.py" line="216" name="test_centers_values[&lt;lambda&gt;25]" time="0.0004336833953857422"><skipped message="Suite splitting in effect" type="pytest.skip">src/pymortests/affine_grid.py:216: Suite splitting in effect</skipped></testcase><testcase classname="src.pymortests.affine_grid" file="src/pymortests/affine_grid.py" line="216" name="test_centers_values[&lt;lambda&gt;26]" time="0.0004165172576904297"><skipped message="Suite splitting in effect" type="pytest.skip">src/pymortests/affine_grid.py:216: Suite splitting in effect</skipped></testcase><testcase classname="src.pymortests.affine_grid" file="src/pymortests/affine_grid.py" line="216" name="test_centers_values[&lt;lambda&gt;27]" time="0.0004105567932128906"><skipped message="Suite splitting in effect" type="pytest.skip">src/pymortests/affine_grid.py:216: Suite splitting in effect</skipped></testcase><testcase classname="src.pymortests.affine_grid" file="src/pymortests/affine_grid.py" line="216" name="test_centers_values[&lt;lambda&gt;28]" time="0.00042510032653808594"><skipped message="Suite splitting in effect" type="pytest.skip">src/pymortests/affine_grid.py:216: Suite splitting in effect</skipped></testcase><testcase classname="src.pymortests.affine_grid" file="src/pymortests/affine_grid.py" line="216" name="test_centers_values[&lt;lambda&gt;29]" time="0.00042724609375"><skipped message="Suite splitting in effect" type="pytest.skip">src/pymortests/affine_grid.py:216: Suite splitting in effect</skipped></testcase><testcase classname="src.pymortests.affine_grid" file="src/pymortests/affine_grid.py" line="216" name="test_centers_values[&lt;lambda&gt;30]" time="0.0003826618194580078"><skipped message="Suite splitting in effect" type="pytest.skip">src/pymortests/affine_grid.py:216: Suite splitting in effect</skipped></testcase><testcase classname="src.pymortests.affine_grid" file="src/pymortests/affine_grid.py" line="216" name="test_centers_values[&lt;lambda&gt;31]" time="0.0004067420959472656"><skipped message="Suite splitting in effect" type="pytest.skip">src/pymortests/affine_grid.py:216: Suite splitting in effect</skipped></testcase><testcase classname="src.pymortests.affine_grid" file="src/pymortests/affine_grid.py" line="216" name="test_centers_values[&lt;lambda&gt;32]" time="0.0004069805145263672"><skipped message="Suite splitting in effect" type="pytest.skip">src/pymortests/affine_grid.py:216: Suite splitting in effect</skipped></testcase><testcase classname="src.pymortests.affine_grid" file="src/pymortests/affine_grid.py" line="216" name="test_centers_values[&lt;lambda&gt;33]" time="0.0004036426544189453"><skipped message="Suite splitting in effect" type="pytest.skip">src/pymortests/affine_grid.py:216: Suite splitting in effect</skipped></testcase><testcase classname="src.pymortests.affine_grid" file="src/pymortests/affine_grid.py" line="216" name="test_centers_values[&lt;lambda&gt;34]" time="0.0004112720489501953"><skipped message="Suite splitting in effect" type="pytest.skip">src/pymortests/affine_grid.py:216: Suite splitting in effect</skipped></testcase><testcase classname="src.pymortests.affine_grid" file="src/pymortests/affine_grid.py" line="216" name="test_centers_values[&lt;lambda&gt;35]" time="0.00040984153747558594"><skipped message="Suite splitting in effect" type="pytest.skip">src/pymortests/affine_grid.py:216: Suite splitting in effect</skipped></testcase><testcase classname="src.pymortests.affine_grid" file="src/pymortests/affine_grid.py" line="216" name="test_centers_values[&lt;lambda&gt;36]" time="0.0004189014434814453"><skipped message="Suite splitting in effect" type="pytest.skip">src/pymortests/affine_grid.py:216: Suite splitting in effect</skipped></testcase><testcase classname="src.pymortests.affine_grid" file="src/pymortests/affine_grid.py" line="216" name="test_centers_values[&lt;lambda&gt;37]" time="0.0006420612335205078"><skipped message="Suite splitting in effect" type="pytest.skip">src/pymortests/affine_grid.py:216: Suite splitting in effect</skipped></testcase><testcase classname="src.pymortests.affine_grid" file="src/pymortests/affine_grid.py" line="216" name="test_centers_values[&lt;lambda&gt;38]" time="0.0004267692565917969"><skipped message="Suite splitting in effect" type="pytest.skip">src/pymortests/affine_grid.py:216: Suite splitting in effect</skipped></testcase><testcase classname="src.pymortests.affine_grid" file="src/pymortests/affine_grid.py" line="216" name="test_centers_values[&lt;lambda&gt;39]" time="0.00040531158447265625"><skipped message="Suite splitting in effect" type="pytest.skip">src/pymortests/affine_grid.py:216: Suite splitting in effect</skipped></testcase><testcase classname="src.pymortests.affine_grid" file="src/pymortests/affine_grid.py" line="216" name="test_centers_values[&lt;lambda&gt;40]" time="0.0003917217254638672"><skipped message="Suite splitting in effect" type="pytest.skip">src/pymortests/affine_grid.py:216: Suite splitting in effect</skipped></testcase><testcase classname="src.pymortests.affine_grid" file="src/pymortests/affine_grid.py" line="216" name="test_centers_values[&lt;lambda&gt;41]" time="0.00040340423583984375"><skipped message="Suite splitting in effect" type="pytest.skip">src/pymortests/affine_grid.py:216: Suite splitting in effect</skipped></testcase><testcase classname="src.pymortests.affine_grid" file="src/pymortests/affine_grid.py" line="216" name="test_centers_values[&lt;lambda&gt;42]" time="0.0004165172576904297"><skipped message="Suite splitting in effect" type="pytest.skip">src/pymortests/affine_grid.py:216: Suite splitting in effect</skipped></testcase><testcase classname="src.pymortests.affine_grid" file="src/pymortests/affine_grid.py" line="223" name="test_diameters_wrong_arguments[&lt;lambda&gt;0]" time="0.0004291534423828125"><skipped message="Suite splitting in effect" type="pytest.skip">src/pymortests/affine_grid.py:223: Suite splitting in effect</skipped></testcase><testcase classname="src.pymortests.affine_grid" file="src/pymortests/affine_grid.py" line="223" name="test_diameters_wrong_arguments[&lt;lambda&gt;1]" time="0.0004177093505859375"><skipped message="Suite splitting in effect" type="pytest.skip">src/pymortests/affine_grid.py:223: Suite splitting in effect</skipped></testcase><testcase classname="src.pymortests.affine_grid" file="src/pymortests/affine_grid.py" line="223" name="test_diameters_wrong_arguments[&lt;lambda&gt;2]" time="0.0003924369812011719"><skipped message="Suite splitting in effect" type="pytest.skip">src/pymortests/affine_grid.py:223: Suite splitting in effect</skipped></testcase><testcase classname="src.pymortests.affine_grid" file="src/pymortests/affine_grid.py" line="223" name="test_diameters_wrong_arguments[&lt;lambda&gt;3]" time="0.00042748451232910156"><skipped message="Suite splitting in effect" type="pytest.skip">src/pymortests/affine_grid.py:223: Suite splitting in effect</skipped></testcase><testcase classname="src.pymortests.affine_grid" file="src/pymortests/affine_grid.py" line="223" name="test_diameters_wrong_arguments[&lt;lambda&gt;4]" time="0.0004296302795410156"><skipped message="Suite splitting in effect" type="pytest.skip">src/pymortests/affine_grid.py:223: Suite splitting in effect</skipped></testcase><testcase classname="src.pymortests.affine_grid" file="src/pymortests/affine_grid.py" line="223" name="test_diameters_wrong_arguments[&lt;lambda&gt;5]" time="0.00041222572326660156"><skipped message="Suite splitting in effect" type="pytest.skip">src/pymortests/affine_grid.py:223: Suite splitting in effect</skipped></testcase><testcase classname="src.pymortests.affine_grid" file="src/pymortests/affine_grid.py" line="223" name="test_diameters_wrong_arguments[&lt;lambda&gt;6]" time="0.0004322528839111328"><skipped message="Suite splitting in effect" type="pytest.skip">src/pymortests/affine_grid.py:223: Suite splitting in effect</skipped></testcase><testcase classname="src.pymortests.affine_grid" file="src/pymortests/affine_grid.py" line="223" name="test_diameters_wrong_arguments[&lt;lambda&gt;7]" time="0.00042057037353515625"><skipped message="Suite splitting in effect" type="pytest.skip">src/pymortests/affine_grid.py:223: Suite splitting in effect</skipped></testcase><testcase classname="src.pymortests.affine_grid" file="src/pymortests/affine_grid.py" line="223" name="test_diameters_wrong_arguments[&lt;lambda&gt;8]" time="0.00039196014404296875"><skipped message="Suite splitting in effect" type="pytest.skip">src/pymortests/affine_grid.py:223: Suite splitting in effect</skipped></testcase><testcase classname="src.pymortests.affine_grid" file="src/pymortests/affine_grid.py" line="223" name="test_diameters_wrong_arguments[&lt;lambda&gt;9]" time="0.0004215240478515625"><skipped message="Suite splitting in effect" type="pytest.skip">src/pymortests/affine_grid.py:223: Suite splitting in effect</skipped></testcase><testcase classname="src.pymortests.affine_grid" file="src/pymortests/affine_grid.py" line="223" name="test_diameters_wrong_arguments[&lt;lambda&gt;10]" time="0.0004432201385498047"><skipped message="Suite splitting in effect" type="pytest.skip">src/pymortests/affine_grid.py:223: Suite splitting in effect</skipped></testcase><testcase classname="src.pymortests.affine_grid" file="src/pymortests/affine_grid.py" line="223" name="test_diameters_wrong_arguments[&lt;lambda&gt;11]" time="0.0004024505615234375"><skipped message="Suite splitting in effect" type="pytest.skip">src/pymortests/affine_grid.py:223: Suite splitting in effect</skipped></testcase><testcase classname="src.pymortests.affine_grid" file="src/pymortests/affine_grid.py" line="223" name="test_diameters_wrong_arguments[&lt;lambda&gt;12]" time="0.000400543212890625"><skipped message="Suite splitting in effect" type="pytest.skip">src/pymortests/affine_grid.py:223: Suite splitting in effect</skipped></testcase><testcase classname="src.pymortests.affine_grid" file="src/pymortests/affine_grid.py" line="223" name="test_diameters_wrong_arguments[&lt;lambda&gt;13]" time="0.0004246234893798828"><skipped message="Suite splitting in effect" type="pytest.skip">src/pymortests/affine_grid.py:223: Suite splitting in effect</skipped></testcase><testcase classname="src.pymortests.affine_grid" file="src/pymortests/affine_grid.py" line="223" name="test_diameters_wrong_arguments[&lt;lambda&gt;14]" time="0.0004203319549560547"><skipped message="Suite splitting in effect" type="pytest.skip">src/pymortests/affine_grid.py:223: Suite splitting in effect</skipped></testcase><testcase classname="src.pymortests.affine_grid" file="src/pymortests/affine_grid.py" line="223" name="test_diameters_wrong_arguments[&lt;lambda&gt;15]" time="0.00039696693420410156"><skipped message="Suite splitting in effect" type="pytest.skip">src/pymortests/affine_grid.py:223: Suite splitting in effect</skipped></testcase><testcase classname="src.pymortests.affine_grid" file="src/pymortests/affine_grid.py" line="223" name="test_diameters_wrong_arguments[&lt;lambda&gt;16]" time="0.0004341602325439453"><skipped message="Suite splitting in effect" type="pytest.skip">src/pymortests/affine_grid.py:223: Suite splitting in effect</skipped></testcase><testcase classname="src.pymortests.affine_grid" file="src/pymortests/affine_grid.py" line="223" name="test_diameters_wrong_arguments[&lt;lambda&gt;17]" time="0.00040149688720703125"><skipped message="Suite splitting in effect" type="pytest.skip">src/pymortests/affine_grid.py:223: Suite splitting in effect</skipped></testcase><testcase classname="src.pymortests.affine_grid" file="src/pymortests/affine_grid.py" line="223" name="test_diameters_wrong_arguments[&lt;lambda&gt;18]" time="0.0004105567932128906"><skipped message="Suite splitting in effect" type="pytest.skip">src/pymortests/affine_grid.py:223: Suite splitting in effect</skipped></testcase><testcase classname="src.pymortests.affine_grid" file="src/pymortests/affine_grid.py" line="223" name="test_diameters_wrong_arguments[&lt;lambda&gt;19]" time="0.00040793418884277344"><skipped message="Suite splitting in effect" type="pytest.skip">src/pymortests/affine_grid.py:223: Suite splitting in effect</skipped></testcase><testcase classname="src.pymortests.affine_grid" file="src/pymortests/affine_grid.py" line="223" name="test_diameters_wrong_arguments[&lt;lambda&gt;20]" time="0.00040793418884277344"><skipped message="Suite splitting in effect" type="pytest.skip">src/pymortests/affine_grid.py:223: Suite splitting in effect</skipped></testcase><testcase classname="src.pymortests.affine_grid" file="src/pymortests/affine_grid.py" line="223" name="test_diameters_wrong_arguments[&lt;lambda&gt;21]" time="0.00039196014404296875"><skipped message="Suite splitting in effect" type="pytest.skip">src/pymortests/affine_grid.py:223: Suite splitting in effect</skipped></testcase><testcase classname="src.pymortests.affine_grid" file="src/pymortests/affine_grid.py" line="223" name="test_diameters_wrong_arguments[&lt;lambda&gt;22]" time="0.0004119873046875"><skipped message="Suite splitting in effect" type="pytest.skip">src/pymortests/affine_grid.py:223: Suite splitting in effect</skipped></testcase><testcase classname="src.pymortests.affine_grid" file="src/pymortests/affine_grid.py" line="223" name="test_diameters_wrong_arguments[&lt;lambda&gt;23]" time="0.00038886070251464844"><skipped message="Suite splitting in effect" type="pytest.skip">src/pymortests/affine_grid.py:223: Suite splitting in effect</skipped></testcase><testcase classname="src.pymortests.affine_grid" file="src/pymortests/affine_grid.py" line="223" name="test_diameters_wrong_arguments[&lt;lambda&gt;24]" time="0.0004298686981201172"><skipped message="Suite splitting in effect" type="pytest.skip">src/pymortests/affine_grid.py:223: Suite splitting in effect</skipped></testcase><testcase classname="src.pymortests.affine_grid" file="src/pymortests/affine_grid.py" line="223" name="test_diameters_wrong_arguments[&lt;lambda&gt;25]" time="0.0004563331604003906"><skipped message="Suite splitting in effect" type="pytest.skip">src/pymortests/affine_grid.py:223: Suite splitting in effect</skipped></testcase><testcase classname="src.pymortests.affine_grid" file="src/pymortests/affine_grid.py" line="223" name="test_diameters_wrong_arguments[&lt;lambda&gt;26]" time="0.00042057037353515625"><skipped message="Suite splitting in effect" type="pytest.skip">src/pymortests/affine_grid.py:223: Suite splitting in effect</skipped></testcase><testcase classname="src.pymortests.affine_grid" file="src/pymortests/affine_grid.py" line="223" name="test_diameters_wrong_arguments[&lt;lambda&gt;27]" time="0.0004093647003173828"><skipped message="Suite splitting in effect" type="pytest.skip">src/pymortests/affine_grid.py:223: Suite splitting in effect</skipped></testcase><testcase classname="src.pymortests.affine_grid" file="src/pymortests/affine_grid.py" line="223" name="test_diameters_wrong_arguments[&lt;lambda&gt;28]" time="0.00039768218994140625"><skipped message="Suite splitting in effect" type="pytest.skip">src/pymortests/affine_grid.py:223: Suite splitting in effect</skipped></testcase><testcase classname="src.pymortests.affine_grid" file="src/pymortests/affine_grid.py" line="223" name="test_diameters_wrong_arguments[&lt;lambda&gt;29]" time="0.00042176246643066406"><skipped message="Suite splitting in effect" type="pytest.skip">src/pymortests/affine_grid.py:223: Suite splitting in effect</skipped></testcase><testcase classname="src.pymortests.affine_grid" file="src/pymortests/affine_grid.py" line="223" name="test_diameters_wrong_arguments[&lt;lambda&gt;30]" time="0.00041961669921875"><skipped message="Suite splitting in effect" type="pytest.skip">src/pymortests/affine_grid.py:223: Suite splitting in effect</skipped></testcase><testcase classname="src.pymortests.affine_grid" file="src/pymortests/affine_grid.py" line="223" name="test_diameters_wrong_arguments[&lt;lambda&gt;31]" time="0.0004024505615234375"><skipped message="Suite splitting in effect" type="pytest.skip">src/pymortests/affine_grid.py:223: Suite splitting in effect</skipped></testcase><testcase classname="src.pymortests.affine_grid" file="src/pymortests/affine_grid.py" line="223" name="test_diameters_wrong_arguments[&lt;lambda&gt;32]" time="0.0004105567932128906"><skipped message="Suite splitting in effect" type="pytest.skip">src/pymortests/affine_grid.py:223: Suite splitting in effect</skipped></testcase><testcase classname="src.pymortests.affine_grid" file="src/pymortests/affine_grid.py" line="223" name="test_diameters_wrong_arguments[&lt;lambda&gt;33]" time="0.0004150867462158203"><skipped message="Suite splitting in effect" type="pytest.skip">src/pymortests/affine_grid.py:223: Suite splitting in effect</skipped></testcase><testcase classname="src.pymortests.affine_grid" file="src/pymortests/affine_grid.py" line="223" name="test_diameters_wrong_arguments[&lt;lambda&gt;34]" time="0.00044345855712890625"><skipped message="Suite splitting in effect" type="pytest.skip">src/pymortests/affine_grid.py:223: Suite splitting in effect</skipped></testcase><testcase classname="src.pymortests.affine_grid" file="src/pymortests/affine_grid.py" line="223" name="test_diameters_wrong_arguments[&lt;lambda&gt;35]" time="0.0003886222839355469"><skipped message="Suite splitting in effect" type="pytest.skip">src/pymortests/affine_grid.py:223: Suite splitting in effect</skipped></testcase><testcase classname="src.pymortests.affine_grid" file="src/pymortests/affine_grid.py" line="223" name="test_diameters_wrong_arguments[&lt;lambda&gt;36]" time="0.00040340423583984375"><skipped message="Suite splitting in effect" type="pytest.skip">src/pymortests/affine_grid.py:223: Suite splitting in effect</skipped></testcase><testcase classname="src.pymortests.affine_grid" file="src/pymortests/affine_grid.py" line="223" name="test_diameters_wrong_arguments[&lt;lambda&gt;37]" time="0.0004127025604248047"><skipped message="Suite splitting in effect" type="pytest.skip">src/pymortests/affine_grid.py:223: Suite splitting in effect</skipped></testcase><testcase classname="src.pymortests.affine_grid" file="src/pymortests/affine_grid.py" line="223" name="test_diameters_wrong_arguments[&lt;lambda&gt;38]" time="0.0004055500030517578"><skipped message="Suite splitting in effect" type="pytest.skip">src/pymortests/affine_grid.py:223: Suite splitting in effect</skipped></testcase><testcase classname="src.pymortests.affine_grid" file="src/pymortests/affine_grid.py" line="223" name="test_diameters_wrong_arguments[&lt;lambda&gt;39]" time="0.00040602684020996094"><skipped message="Suite splitting in effect" type="pytest.skip">src/pymortests/affine_grid.py:223: Suite splitting in effect</skipped></testcase><testcase classname="src.pymortests.affine_grid" file="src/pymortests/affine_grid.py" line="223" name="test_diameters_wrong_arguments[&lt;lambda&gt;40]" time="0.0004076957702636719"><skipped message="Suite splitting in effect" type="pytest.skip">src/pymortests/affine_grid.py:223: Suite splitting in effect</skipped></testcase><testcase classname="src.pymortests.affine_grid" file="src/pymortests/affine_grid.py" line="223" name="test_diameters_wrong_arguments[&lt;lambda&gt;41]" time="0.000392913818359375"><skipped message="Suite splitting in effect" type="pytest.skip">src/pymortests/affine_grid.py:223: Suite splitting in effect</skipped></testcase><testcase classname="src.pymortests.affine_grid" file="src/pymortests/affine_grid.py" line="223" name="test_diameters_wrong_arguments[&lt;lambda&gt;42]" time="0.00041937828063964844"><skipped message="Suite splitting in effect" type="pytest.skip">src/pymortests/affine_grid.py:223: Suite splitting in effect</skipped></testcase><testcase classname="src.pymortests.affine_grid" file="src/pymortests/affine_grid.py" line="231" name="test_diameters_shape[&lt;lambda&gt;0]" time="0.0003883838653564453"><skipped message="Suite splitting in effect" type="pytest.skip">src/pymortests/affine_grid.py:231: Suite splitting in effect</skipped></testcase><testcase classname="src.pymortests.affine_grid" file="src/pymortests/affine_grid.py" line="231" name="test_diameters_shape[&lt;lambda&gt;1]" time="0.0004210472106933594"><skipped message="Suite splitting in effect" type="pytest.skip">src/pymortests/affine_grid.py:231: Suite splitting in effect</skipped></testcase><testcase classname="src.pymortests.affine_grid" file="src/pymortests/affine_grid.py" line="231" name="test_diameters_shape[&lt;lambda&gt;2]" time="0.0004267692565917969"><skipped message="Suite splitting in effect" type="pytest.skip">src/pymortests/affine_grid.py:231: Suite splitting in effect</skipped></testcase><testcase classname="src.pymortests.affine_grid" file="src/pymortests/affine_grid.py" line="231" name="test_diameters_shape[&lt;lambda&gt;3]" time="0.00042700767517089844"><skipped message="Suite splitting in effect" type="pytest.skip">src/pymortests/affine_grid.py:231: Suite splitting in effect</skipped></testcase><testcase classname="src.pymortests.affine_grid" file="src/pymortests/affine_grid.py" line="231" name="test_diameters_shape[&lt;lambda&gt;4]" time="0.0004134178161621094"><skipped message="Suite splitting in effect" type="pytest.skip">src/pymortests/affine_grid.py:231: Suite splitting in effect</skipped></testcase><testcase classname="src.pymortests.affine_grid" file="src/pymortests/affine_grid.py" line="231" name="test_diameters_shape[&lt;lambda&gt;5]" time="0.0004093647003173828"><skipped message="Suite splitting in effect" type="pytest.skip">src/pymortests/affine_grid.py:231: Suite splitting in effect</skipped></testcase><testcase classname="src.pymortests.affine_grid" file="src/pymortests/affine_grid.py" line="231" name="test_diameters_shape[&lt;lambda&gt;6]" time="0.00041031837463378906"><skipped message="Suite splitting in effect" type="pytest.skip">src/pymortests/affine_grid.py:231: Suite splitting in effect</skipped></testcase><testcase classname="src.pymortests.affine_grid" file="src/pymortests/affine_grid.py" line="231" name="test_diameters_shape[&lt;lambda&gt;7]" time="0.00040030479431152344"><skipped message="Suite splitting in effect" type="pytest.skip">src/pymortests/affine_grid.py:231: Suite splitting in effect</skipped></testcase><testcase classname="src.pymortests.affine_grid" file="src/pymortests/affine_grid.py" line="231" name="test_diameters_shape[&lt;lambda&gt;8]" time="0.00038933753967285156"><skipped message="Suite splitting in effect" type="pytest.skip">src/pymortests/affine_grid.py:231: Suite splitting in effect</skipped></testcase><testcase classname="src.pymortests.affine_grid" file="src/pymortests/affine_grid.py" line="231" name="test_diameters_shape[&lt;lambda&gt;9]" time="0.0004210472106933594"><skipped message="Suite splitting in effect" type="pytest.skip">src/pymortests/affine_grid.py:231: Suite splitting in effect</skipped></testcase><testcase classname="src.pymortests.affine_grid" file="src/pymortests/affine_grid.py" line="231" name="test_diameters_shape[&lt;lambda&gt;10]" time="0.0004165172576904297"><skipped message="Suite splitting in effect" type="pytest.skip">src/pymortests/affine_grid.py:231: Suite splitting in effect</skipped></testcase><testcase classname="src.pymortests.affine_grid" file="src/pymortests/affine_grid.py" line="231" name="test_diameters_shape[&lt;lambda&gt;11]" time="0.00040268898010253906"><skipped message="Suite splitting in effect" type="pytest.skip">src/pymortests/affine_grid.py:231: Suite splitting in effect</skipped></testcase><testcase classname="src.pymortests.affine_grid" file="src/pymortests/affine_grid.py" line="231" name="test_diameters_shape[&lt;lambda&gt;12]" time="0.00042128562927246094"><skipped message="Suite splitting in effect" type="pytest.skip">src/pymortests/affine_grid.py:231: Suite splitting in effect</skipped></testcase><testcase classname="src.pymortests.affine_grid" file="src/pymortests/affine_grid.py" line="231" name="test_diameters_shape[&lt;lambda&gt;13]" time="0.0004086494445800781"><skipped message="Suite splitting in effect" type="pytest.skip">src/pymortests/affine_grid.py:231: Suite splitting in effect</skipped></testcase><testcase classname="src.pymortests.affine_grid" file="src/pymortests/affine_grid.py" line="231" name="test_diameters_shape[&lt;lambda&gt;14]" time="0.0004291534423828125"><skipped message="Suite splitting in effect" type="pytest.skip">src/pymortests/affine_grid.py:231: Suite splitting in effect</skipped></testcase><testcase classname="src.pymortests.affine_grid" file="src/pymortests/affine_grid.py" line="231" name="test_diameters_shape[&lt;lambda&gt;15]" time="0.0004119873046875"><skipped message="Suite splitting in effect" type="pytest.skip">src/pymortests/affine_grid.py:231: Suite splitting in effect</skipped></testcase><testcase classname="src.pymortests.affine_grid" file="src/pymortests/affine_grid.py" line="231" name="test_diameters_shape[&lt;lambda&gt;16]" time="0.0004107952117919922"><skipped message="Suite splitting in effect" type="pytest.skip">src/pymortests/affine_grid.py:231: Suite splitting in effect</skipped></testcase><testcase classname="src.pymortests.affine_grid" file="src/pymortests/affine_grid.py" line="231" name="test_diameters_shape[&lt;lambda&gt;17]" time="0.0004146099090576172"><skipped message="Suite splitting in effect" type="pytest.skip">src/pymortests/affine_grid.py:231: Suite splitting in effect</skipped></testcase><testcase classname="src.pymortests.affine_grid" file="src/pymortests/affine_grid.py" line="231" name="test_diameters_shape[&lt;lambda&gt;18]" time="0.00040912628173828125"><skipped message="Suite splitting in effect" type="pytest.skip">src/pymortests/affine_grid.py:231: Suite splitting in effect</skipped></testcase><testcase classname="src.pymortests.affine_grid" file="src/pymortests/affine_grid.py" line="231" name="test_diameters_shape[&lt;lambda&gt;19]" time="0.0003898143768310547"><skipped message="Suite splitting in effect" type="pytest.skip">src/pymortests/affine_grid.py:231: Suite splitting in effect</skipped></testcase><testcase classname="src.pymortests.affine_grid" file="src/pymortests/affine_grid.py" line="231" name="test_diameters_shape[&lt;lambda&gt;20]" time="0.0004127025604248047"><skipped message="Suite splitting in effect" type="pytest.skip">src/pymortests/affine_grid.py:231: Suite splitting in effect</skipped></testcase><testcase classname="src.pymortests.affine_grid" file="src/pymortests/affine_grid.py" line="231" name="test_diameters_shape[&lt;lambda&gt;21]" time="0.00038909912109375"><skipped message="Suite splitting in effect" type="pytest.skip">src/pymortests/affine_grid.py:231: Suite splitting in effect</skipped></testcase><testcase classname="src.pymortests.affine_grid" file="src/pymortests/affine_grid.py" line="231" name="test_diameters_shape[&lt;lambda&gt;22]" time="0.0004489421844482422"><skipped message="Suite splitting in effect" type="pytest.skip">src/pymortests/affine_grid.py:231: Suite splitting in effect</skipped></testcase><testcase classname="src.pymortests.affine_grid" file="src/pymortests/affine_grid.py" line="231" name="test_diameters_shape[&lt;lambda&gt;23]" time="0.00043392181396484375"><skipped message="Suite splitting in effect" type="pytest.skip">src/pymortests/affine_grid.py:231: Suite splitting in effect</skipped></testcase><testcase classname="src.pymortests.affine_grid" file="src/pymortests/affine_grid.py" line="231" name="test_diameters_shape[&lt;lambda&gt;24]" time="0.00039958953857421875"><skipped message="Suite splitting in effect" type="pytest.skip">src/pymortests/affine_grid.py:231: Suite splitting in effect</skipped></testcase><testcase classname="src.pymortests.affine_grid" file="src/pymortests/affine_grid.py" line="231" name="test_diameters_shape[&lt;lambda&gt;25]" time="0.0004177093505859375"><skipped message="Suite splitting in effect" type="pytest.skip">src/pymortests/affine_grid.py:231: Suite splitting in effect</skipped></testcase><testcase classname="src.pymortests.affine_grid" file="src/pymortests/affine_grid.py" line="231" name="test_diameters_shape[&lt;lambda&gt;26]" time="0.00040221214294433594"><skipped message="Suite splitting in effect" type="pytest.skip">src/pymortests/affine_grid.py:231: Suite splitting in effect</skipped></testcase><testcase classname="src.pymortests.affine_grid" file="src/pymortests/affine_grid.py" line="231" name="test_diameters_shape[&lt;lambda&gt;27]" time="0.0004029273986816406"><skipped message="Suite splitting in effect" type="pytest.skip">src/pymortests/affine_grid.py:231: Suite splitting in effect</skipped></testcase><testcase classname="src.pymortests.affine_grid" file="src/pymortests/affine_grid.py" line="231" name="test_diameters_shape[&lt;lambda&gt;28]" time="0.00040793418884277344"><skipped message="Suite splitting in effect" type="pytest.skip">src/pymortests/affine_grid.py:231: Suite splitting in effect</skipped></testcase><testcase classname="src.pymortests.affine_grid" file="src/pymortests/affine_grid.py" line="231" name="test_diameters_shape[&lt;lambda&gt;29]" time="0.0004146099090576172"><skipped message="Suite splitting in effect" type="pytest.skip">src/pymortests/affine_grid.py:231: Suite splitting in effect</skipped></testcase><testcase classname="src.pymortests.affine_grid" file="src/pymortests/affine_grid.py" line="231" name="test_diameters_shape[&lt;lambda&gt;30]" time="0.00039196014404296875"><skipped message="Suite splitting in effect" type="pytest.skip">src/pymortests/affine_grid.py:231: Suite splitting in effect</skipped></testcase><testcase classname="src.pymortests.affine_grid" file="src/pymortests/affine_grid.py" line="231" name="test_diameters_shape[&lt;lambda&gt;31]" time="0.000431060791015625"><skipped message="Suite splitting in effect" type="pytest.skip">src/pymortests/affine_grid.py:231: Suite splitting in effect</skipped></testcase><testcase classname="src.pymortests.affine_grid" file="src/pymortests/affine_grid.py" line="231" name="test_diameters_shape[&lt;lambda&gt;32]" time="0.0003898143768310547"><skipped message="Suite splitting in effect" type="pytest.skip">src/pymortests/affine_grid.py:231: Suite splitting in effect</skipped></testcase><testcase classname="src.pymortests.affine_grid" file="src/pymortests/affine_grid.py" line="231" name="test_diameters_shape[&lt;lambda&gt;33]" time="0.0004458427429199219"><skipped message="Suite splitting in effect" type="pytest.skip">src/pymortests/affine_grid.py:231: Suite splitting in effect</skipped></testcase><testcase classname="src.pymortests.affine_grid" file="src/pymortests/affine_grid.py" line="231" name="test_diameters_shape[&lt;lambda&gt;34]" time="0.000392913818359375"><skipped message="Suite splitting in effect" type="pytest.skip">src/pymortests/affine_grid.py:231: Suite splitting in effect</skipped></testcase><testcase classname="src.pymortests.affine_grid" file="src/pymortests/affine_grid.py" line="231" name="test_diameters_shape[&lt;lambda&gt;35]" time="0.0004088878631591797"><skipped message="Suite splitting in effect" type="pytest.skip">src/pymortests/affine_grid.py:231: Suite splitting in effect</skipped></testcase><testcase classname="src.pymortests.affine_grid" file="src/pymortests/affine_grid.py" line="231" name="test_diameters_shape[&lt;lambda&gt;36]" time="0.00040650367736816406"><skipped message="Suite splitting in effect" type="pytest.skip">src/pymortests/affine_grid.py:231: Suite splitting in effect</skipped></testcase><testcase classname="src.pymortests.affine_grid" file="src/pymortests/affine_grid.py" line="231" name="test_diameters_shape[&lt;lambda&gt;37]" time="0.00043487548828125"><skipped message="Suite splitting in effect" type="pytest.skip">src/pymortests/affine_grid.py:231: Suite splitting in effect</skipped></testcase><testcase classname="src.pymortests.affine_grid" file="src/pymortests/affine_grid.py" line="231" name="test_diameters_shape[&lt;lambda&gt;38]" time="0.00039458274841308594"><skipped message="Suite splitting in effect" type="pytest.skip">src/pymortests/affine_grid.py:231: Suite splitting in effect</skipped></testcase><testcase classname="src.pymortests.affine_grid" file="src/pymortests/affine_grid.py" line="231" name="test_diameters_shape[&lt;lambda&gt;39]" time="0.00040793418884277344"><skipped message="Suite splitting in effect" type="pytest.skip">src/pymortests/affine_grid.py:231: Suite splitting in effect</skipped></testcase><testcase classname="src.pymortests.affine_grid" file="src/pymortests/affine_grid.py" line="231" name="test_diameters_shape[&lt;lambda&gt;40]" time="0.0003867149353027344"><skipped message="Suite splitting in effect" type="pytest.skip">src/pymortests/affine_grid.py:231: Suite splitting in effect</skipped></testcase><testcase classname="src.pymortests.affine_grid" file="src/pymortests/affine_grid.py" line="231" name="test_diameters_shape[&lt;lambda&gt;41]" time="0.00041103363037109375"><skipped message="Suite splitting in effect" type="pytest.skip">src/pymortests/affine_grid.py:231: Suite splitting in effect</skipped></testcase><testcase classname="src.pymortests.affine_grid" file="src/pymortests/affine_grid.py" line="231" name="test_diameters_shape[&lt;lambda&gt;42]" time="0.0003917217254638672"><skipped message="Suite splitting in effect" type="pytest.skip">src/pymortests/affine_grid.py:231: Suite splitting in effect</skipped></testcase><testcase classname="src.pymortests.affine_grid" file="src/pymortests/affine_grid.py" line="237" name="test_diameters_non_negative[&lt;lambda&gt;0]" time="0.00042176246643066406"><skipped message="Suite splitting in effect" type="pytest.skip">src/pymortests/affine_grid.py:237: Suite splitting in effect</skipped></testcase><testcase classname="src.pymortests.affine_grid" file="src/pymortests/affine_grid.py" line="237" name="test_diameters_non_negative[&lt;lambda&gt;1]" time="0.00041556358337402344"><skipped message="Suite splitting in effect" type="pytest.skip">src/pymortests/affine_grid.py:237: Suite splitting in effect</skipped></testcase><testcase classname="src.pymortests.affine_grid" file="src/pymortests/affine_grid.py" line="237" name="test_diameters_non_negative[&lt;lambda&gt;2]" time="0.0004184246063232422"><skipped message="Suite splitting in effect" type="pytest.skip">src/pymortests/affine_grid.py:237: Suite splitting in effect</skipped></testcase><testcase classname="src.pymortests.affine_grid" file="src/pymortests/affine_grid.py" line="237" name="test_diameters_non_negative[&lt;lambda&gt;3]" time="0.0006580352783203125"><skipped message="Suite splitting in effect" type="pytest.skip">src/pymortests/affine_grid.py:237: Suite splitting in effect</skipped></testcase><testcase classname="src.pymortests.affine_grid" file="src/pymortests/affine_grid.py" line="237" name="test_diameters_non_negative[&lt;lambda&gt;4]" time="0.00040149688720703125"><skipped message="Suite splitting in effect" type="pytest.skip">src/pymortests/affine_grid.py:237: Suite splitting in effect</skipped></testcase><testcase classname="src.pymortests.affine_grid" file="src/pymortests/affine_grid.py" line="237" name="test_diameters_non_negative[&lt;lambda&gt;5]" time="0.000408172607421875"><skipped message="Suite splitting in effect" type="pytest.skip">src/pymortests/affine_grid.py:237: Suite splitting in effect</skipped></testcase><testcase classname="src.pymortests.affine_grid" file="src/pymortests/affine_grid.py" line="237" name="test_diameters_non_negative[&lt;lambda&gt;6]" time="0.00039386749267578125"><skipped message="Suite splitting in effect" type="pytest.skip">src/pymortests/affine_grid.py:237: Suite splitting in effect</skipped></testcase><testcase classname="src.pymortests.affine_grid" file="src/pymortests/affine_grid.py" line="237" name="test_diameters_non_negative[&lt;lambda&gt;7]" time="0.00043892860412597656"><skipped message="Suite splitting in effect" type="pytest.skip">src/pymortests/affine_grid.py:237: Suite splitting in effect</skipped></testcase><testcase classname="src.pymortests.affine_grid" file="src/pymortests/affine_grid.py" line="237" name="test_diameters_non_negative[&lt;lambda&gt;8]" time="0.00040912628173828125"><skipped message="Suite splitting in effect" type="pytest.skip">src/pymortests/affine_grid.py:237: Suite splitting in effect</skipped></testcase><testcase classname="src.pymortests.affine_grid" file="src/pymortests/affine_grid.py" line="237" name="test_diameters_non_negative[&lt;lambda&gt;9]" time="0.00041222572326660156"><skipped message="Suite splitting in effect" type="pytest.skip">src/pymortests/affine_grid.py:237: Suite splitting in effect</skipped></testcase><testcase classname="src.pymortests.affine_grid" file="src/pymortests/affine_grid.py" line="237" name="test_diameters_non_negative[&lt;lambda&gt;10]" time="0.0004112720489501953"><skipped message="Suite splitting in effect" type="pytest.skip">src/pymortests/affine_grid.py:237: Suite splitting in effect</skipped></testcase><testcase classname="src.pymortests.affine_grid" file="src/pymortests/affine_grid.py" line="237" name="test_diameters_non_negative[&lt;lambda&gt;11]" time="0.0004336833953857422"><skipped message="Suite splitting in effect" type="pytest.skip">src/pymortests/affine_grid.py:237: Suite splitting in effect</skipped></testcase><testcase classname="src.pymortests.affine_grid" file="src/pymortests/affine_grid.py" line="237" name="test_diameters_non_negative[&lt;lambda&gt;12]" time="0.00038933753967285156"><skipped message="Suite splitting in effect" type="pytest.skip">src/pymortests/affine_grid.py:237: Suite splitting in effect</skipped></testcase><testcase classname="src.pymortests.affine_grid" file="src/pymortests/affine_grid.py" line="237" name="test_diameters_non_negative[&lt;lambda&gt;13]" time="0.00040078163146972656"><skipped message="Suite splitting in effect" type="pytest.skip">src/pymortests/affine_grid.py:237: Suite splitting in effect</skipped></testcase><testcase classname="src.pymortests.affine_grid" file="src/pymortests/affine_grid.py" line="237" name="test_diameters_non_negative[&lt;lambda&gt;14]" time="0.0004324913024902344"><skipped message="Suite splitting in effect" type="pytest.skip">src/pymortests/affine_grid.py:237: Suite splitting in effect</skipped></testcase><testcase classname="src.pymortests.affine_grid" file="src/pymortests/affine_grid.py" line="237" name="test_diameters_non_negative[&lt;lambda&gt;15]" time="0.00042319297790527344"><skipped message="Suite splitting in effect" type="pytest.skip">src/pymortests/affine_grid.py:237: Suite splitting in effect</skipped></testcase><testcase classname="src.pymortests.affine_grid" file="src/pymortests/affine_grid.py" line="237" name="test_diameters_non_negative[&lt;lambda&gt;16]" time="0.00040221214294433594"><skipped message="Suite splitting in effect" type="pytest.skip">src/pymortests/affine_grid.py:237: Suite splitting in effect</skipped></testcase><testcase classname="src.pymortests.affine_grid" file="src/pymortests/affine_grid.py" line="237" name="test_diameters_non_negative[&lt;lambda&gt;17]" time="0.0004067420959472656"><skipped message="Suite splitting in effect" type="pytest.skip">src/pymortests/affine_grid.py:237: Suite splitting in effect</skipped></testcase><testcase classname="src.pymortests.affine_grid" file="src/pymortests/affine_grid.py" line="237" name="test_diameters_non_negative[&lt;lambda&gt;18]" time="0.000392913818359375"><skipped message="Suite splitting in effect" type="pytest.skip">src/pymortests/affine_grid.py:237: Suite splitting in effect</skipped></testcase><testcase classname="src.pymortests.affine_grid" file="src/pymortests/affine_grid.py" line="237" name="test_diameters_non_negative[&lt;lambda&gt;19]" time="0.00040984153747558594"><skipped message="Suite splitting in effect" type="pytest.skip">src/pymortests/affine_grid.py:237: Suite splitting in effect</skipped></testcase><testcase classname="src.pymortests.affine_grid" file="src/pymortests/affine_grid.py" line="237" name="test_diameters_non_negative[&lt;lambda&gt;20]" time="0.00040602684020996094"><skipped message="Suite splitting in effect" type="pytest.skip">src/pymortests/affine_grid.py:237: Suite splitting in effect</skipped></testcase><testcase classname="src.pymortests.affine_grid" file="src/pymortests/affine_grid.py" line="237" name="test_diameters_non_negative[&lt;lambda&gt;21]" time="0.00041031837463378906"><skipped message="Suite splitting in effect" type="pytest.skip">src/pymortests/affine_grid.py:237: Suite splitting in effect</skipped></testcase><testcase classname="src.pymortests.affine_grid" file="src/pymortests/affine_grid.py" line="237" name="test_diameters_non_negative[&lt;lambda&gt;22]" time="0.00043487548828125"><skipped message="Suite splitting in effect" type="pytest.skip">src/pymortests/affine_grid.py:237: Suite splitting in effect</skipped></testcase><testcase classname="src.pymortests.affine_grid" file="src/pymortests/affine_grid.py" line="237" name="test_diameters_non_negative[&lt;lambda&gt;23]" time="0.00041365623474121094"><skipped message="Suite splitting in effect" type="pytest.skip">src/pymortests/affine_grid.py:237: Suite splitting in effect</skipped></testcase><testcase classname="src.pymortests.affine_grid" file="src/pymortests/affine_grid.py" line="237" name="test_diameters_non_negative[&lt;lambda&gt;24]" time="0.0003848075866699219"><skipped message="Suite splitting in effect" type="pytest.skip">src/pymortests/affine_grid.py:237: Suite splitting in effect</skipped></testcase><testcase classname="src.pymortests.affine_grid" file="src/pymortests/affine_grid.py" line="237" name="test_diameters_non_negative[&lt;lambda&gt;25]" time="0.00041484832763671875"><skipped message="Suite splitting in effect" type="pytest.skip">src/pymortests/affine_grid.py:237: Suite splitting in effect</skipped></testcase><testcase classname="src.pymortests.affine_grid" file="src/pymortests/affine_grid.py" line="237" name="test_diameters_non_negative[&lt;lambda&gt;26]" time="0.00039124488830566406"><skipped message="Suite splitting in effect" type="pytest.skip">src/pymortests/affine_grid.py:237: Suite splitting in effect</skipped></testcase><testcase classname="src.pymortests.affine_grid" file="src/pymortests/affine_grid.py" line="237" name="test_diameters_non_negative[&lt;lambda&gt;27]" time="0.00042819976806640625"><skipped message="Suite splitting in effect" type="pytest.skip">src/pymortests/affine_grid.py:237: Suite splitting in effect</skipped></testcase><testcase classname="src.pymortests.affine_grid" file="src/pymortests/affine_grid.py" line="237" name="test_diameters_non_negative[&lt;lambda&gt;28]" time="0.00041222572326660156"><skipped message="Suite splitting in effect" type="pytest.skip">src/pymortests/affine_grid.py:237: Suite splitting in effect</skipped></testcase><testcase classname="src.pymortests.affine_grid" file="src/pymortests/affine_grid.py" line="237" name="test_diameters_non_negative[&lt;lambda&gt;29]" time="0.0004010200500488281"><skipped message="Suite splitting in effect" type="pytest.skip">src/pymortests/affine_grid.py:237: Suite splitting in effect</skipped></testcase><testcase classname="src.pymortests.affine_grid" file="src/pymortests/affine_grid.py" line="237" name="test_diameters_non_negative[&lt;lambda&gt;30]" time="0.0004093647003173828"><skipped message="Suite splitting in effect" type="pytest.skip">src/pymortests/affine_grid.py:237: Suite splitting in effect</skipped></testcase><testcase classname="src.pymortests.affine_grid" file="src/pymortests/affine_grid.py" line="237" name="test_diameters_non_negative[&lt;lambda&gt;31]" time="0.00040149688720703125"><skipped message="Suite splitting in effect" type="pytest.skip">src/pymortests/affine_grid.py:237: Suite splitting in effect</skipped></testcase><testcase classname="src.pymortests.affine_grid" file="src/pymortests/affine_grid.py" line="237" name="test_diameters_non_negative[&lt;lambda&gt;32]" time="0.0004100799560546875"><skipped message="Suite splitting in effect" type="pytest.skip">src/pymortests/affine_grid.py:237: Suite splitting in effect</skipped></testcase><testcase classname="src.pymortests.affine_grid" file="src/pymortests/affine_grid.py" line="237" name="test_diameters_non_negative[&lt;lambda&gt;33]" time="0.0004162788391113281"><skipped message="Suite splitting in effect" type="pytest.skip">src/pymortests/affine_grid.py:237: Suite splitting in effect</skipped></testcase><testcase classname="src.pymortests.affine_grid" file="src/pymortests/affine_grid.py" line="237" name="test_diameters_non_negative[&lt;lambda&gt;34]" time="0.0004105567932128906"><skipped message="Suite splitting in effect" type="pytest.skip">src/pymortests/affine_grid.py:237: Suite splitting in effect</skipped></testcase><testcase classname="src.pymortests.affine_grid" file="src/pymortests/affine_grid.py" line="237" name="test_diameters_non_negative[&lt;lambda&gt;35]" time="0.0004107952117919922"><skipped message="Suite splitting in effect" type="pytest.skip">src/pymortests/affine_grid.py:237: Suite splitting in effect</skipped></testcase><testcase classname="src.pymortests.affine_grid" file="src/pymortests/affine_grid.py" line="237" name="test_diameters_non_negative[&lt;lambda&gt;36]" time="0.0003864765167236328"><skipped message="Suite splitting in effect" type="pytest.skip">src/pymortests/affine_grid.py:237: Suite splitting in effect</skipped></testcase><testcase classname="src.pymortests.affine_grid" file="src/pymortests/affine_grid.py" line="237" name="test_diameters_non_negative[&lt;lambda&gt;37]" time="0.0004329681396484375"><skipped message="Suite splitting in effect" type="pytest.skip">src/pymortests/affine_grid.py:237: Suite splitting in effect</skipped></testcase><testcase classname="src.pymortests.affine_grid" file="src/pymortests/affine_grid.py" line="237" name="test_diameters_non_negative[&lt;lambda&gt;38]" time="0.00039005279541015625"><skipped message="Suite splitting in effect" type="pytest.skip">src/pymortests/affine_grid.py:237: Suite splitting in effect</skipped></testcase><testcase classname="src.pymortests.affine_grid" file="src/pymortests/affine_grid.py" line="237" name="test_diameters_non_negative[&lt;lambda&gt;39]" time="0.00044655799865722656"><skipped message="Suite splitting in effect" type="pytest.skip">src/pymortests/affine_grid.py:237: Suite splitting in effect</skipped></testcase><testcase classname="src.pymortests.affine_grid" file="src/pymortests/affine_grid.py" line="237" name="test_diameters_non_negative[&lt;lambda&gt;40]" time="0.00044846534729003906"><skipped message="Suite splitting in effect" type="pytest.skip">src/pymortests/affine_grid.py:237: Suite splitting in effect</skipped></testcase><testcase classname="src.pymortests.affine_grid" file="src/pymortests/affine_grid.py" line="237" name="test_diameters_non_negative[&lt;lambda&gt;41]" time="0.0004260540008544922"><skipped message="Suite splitting in effect" type="pytest.skip">src/pymortests/affine_grid.py:237: Suite splitting in effect</skipped></testcase><testcase classname="src.pymortests.affine_grid" file="src/pymortests/affine_grid.py" line="237" name="test_diameters_non_negative[&lt;lambda&gt;42]" time="0.0004558563232421875"><skipped message="Suite splitting in effect" type="pytest.skip">src/pymortests/affine_grid.py:237: Suite splitting in effect</skipped></testcase><testcase classname="src.pymortests.affine_grid" file="src/pymortests/affine_grid.py" line="243" name="test_diameters_values[&lt;lambda&gt;0]" time="0.0004017353057861328"><skipped message="Suite splitting in effect" type="pytest.skip">src/pymortests/affine_grid.py:243: Suite splitting in effect</skipped></testcase><testcase classname="src.pymortests.affine_grid" file="src/pymortests/affine_grid.py" line="243" name="test_diameters_values[&lt;lambda&gt;1]" time="0.00039124488830566406"><skipped message="Suite splitting in effect" type="pytest.skip">src/pymortests/affine_grid.py:243: Suite splitting in effect</skipped></testcase><testcase classname="src.pymortests.affine_grid" file="src/pymortests/affine_grid.py" line="243" name="test_diameters_values[&lt;lambda&gt;2]" time="0.00040221214294433594"><skipped message="Suite splitting in effect" type="pytest.skip">src/pymortests/affine_grid.py:243: Suite splitting in effect</skipped></testcase><testcase classname="src.pymortests.affine_grid" file="src/pymortests/affine_grid.py" line="243" name="test_diameters_values[&lt;lambda&gt;3]" time="0.0004146099090576172"><skipped message="Suite splitting in effect" type="pytest.skip">src/pymortests/affine_grid.py:243: Suite splitting in effect</skipped></testcase><testcase classname="src.pymortests.affine_grid" file="src/pymortests/affine_grid.py" line="243" name="test_diameters_values[&lt;lambda&gt;4]" time="0.00042819976806640625"><skipped message="Suite splitting in effect" type="pytest.skip">src/pymortests/affine_grid.py:243: Suite splitting in effect</skipped></testcase><testcase classname="src.pymortests.affine_grid" file="src/pymortests/affine_grid.py" line="243" name="test_diameters_values[&lt;lambda&gt;5]" time="0.0003952980041503906"><skipped message="Suite splitting in effect" type="pytest.skip">src/pymortests/affine_grid.py:243: Suite splitting in effect</skipped></testcase><testcase classname="src.pymortests.affine_grid" file="src/pymortests/affine_grid.py" line="243" name="test_diameters_values[&lt;lambda&gt;6]" time="0.00041413307189941406"><skipped message="Suite splitting in effect" type="pytest.skip">src/pymortests/affine_grid.py:243: Suite splitting in effect</skipped></testcase><testcase classname="src.pymortests.affine_grid" file="src/pymortests/affine_grid.py" line="243" name="test_diameters_values[&lt;lambda&gt;7]" time="0.0004444122314453125"><skipped message="Suite splitting in effect" type="pytest.skip">src/pymortests/affine_grid.py:243: Suite splitting in effect</skipped></testcase><testcase classname="src.pymortests.affine_grid" file="src/pymortests/affine_grid.py" line="243" name="test_diameters_values[&lt;lambda&gt;8]" time="0.00038743019104003906"><skipped message="Suite splitting in effect" type="pytest.skip">src/pymortests/affine_grid.py:243: Suite splitting in effect</skipped></testcase><testcase classname="src.pymortests.affine_grid" file="src/pymortests/affine_grid.py" line="243" name="test_diameters_values[&lt;lambda&gt;9]" time="0.00042319297790527344"><skipped message="Suite splitting in effect" type="pytest.skip">src/pymortests/affine_grid.py:243: Suite splitting in effect</skipped></testcase><testcase classname="src.pymortests.affine_grid" file="src/pymortests/affine_grid.py" line="243" name="test_diameters_values[&lt;lambda&gt;10]" time="0.0004134178161621094"><skipped message="Suite splitting in effect" type="pytest.skip">src/pymortests/affine_grid.py:243: Suite splitting in effect</skipped></testcase><testcase classname="src.pymortests.affine_grid" file="src/pymortests/affine_grid.py" line="243" name="test_diameters_values[&lt;lambda&gt;11]" time="0.0004112720489501953"><skipped message="Suite splitting in effect" type="pytest.skip">src/pymortests/affine_grid.py:243: Suite splitting in effect</skipped></testcase><testcase classname="src.pymortests.affine_grid" file="src/pymortests/affine_grid.py" line="243" name="test_diameters_values[&lt;lambda&gt;12]" time="0.00039458274841308594"><skipped message="Suite splitting in effect" type="pytest.skip">src/pymortests/affine_grid.py:243: Suite splitting in effect</skipped></testcase><testcase classname="src.pymortests.affine_grid" file="src/pymortests/affine_grid.py" line="243" name="test_diameters_values[&lt;lambda&gt;13]" time="0.0004246234893798828"><skipped message="Suite splitting in effect" type="pytest.skip">src/pymortests/affine_grid.py:243: Suite splitting in effect</skipped></testcase><testcase classname="src.pymortests.affine_grid" file="src/pymortests/affine_grid.py" line="243" name="test_diameters_values[&lt;lambda&gt;14]" time="0.0003948211669921875"><skipped message="Suite splitting in effect" type="pytest.skip">src/pymortests/affine_grid.py:243: Suite splitting in effect</skipped></testcase><testcase classname="src.pymortests.affine_grid" file="src/pymortests/affine_grid.py" line="243" name="test_diameters_values[&lt;lambda&gt;15]" time="0.00042128562927246094"><skipped message="Suite splitting in effect" type="pytest.skip">src/pymortests/affine_grid.py:243: Suite splitting in effect</skipped></testcase><testcase classname="src.pymortests.affine_grid" file="src/pymortests/affine_grid.py" line="243" name="test_diameters_values[&lt;lambda&gt;16]" time="0.00040721893310546875"><skipped message="Suite splitting in effect" type="pytest.skip">src/pymortests/affine_grid.py:243: Suite splitting in effect</skipped></testcase><testcase classname="src.pymortests.affine_grid" file="src/pymortests/affine_grid.py" line="243" name="test_diameters_values[&lt;lambda&gt;17]" time="0.0004947185516357422"><skipped message="Suite splitting in effect" type="pytest.skip">src/pymortests/affine_grid.py:243: Suite splitting in effect</skipped></testcase><testcase classname="src.pymortests.affine_grid" file="src/pymortests/affine_grid.py" line="243" name="test_diameters_values[&lt;lambda&gt;18]" time="0.00040841102600097656"><skipped message="Suite splitting in effect" type="pytest.skip">src/pymortests/affine_grid.py:243: Suite splitting in effect</skipped></testcase><testcase classname="src.pymortests.affine_grid" file="src/pymortests/affine_grid.py" line="243" name="test_diameters_values[&lt;lambda&gt;19]" time="0.0004036426544189453"><skipped message="Suite splitting in effect" type="pytest.skip">src/pymortests/affine_grid.py:243: Suite splitting in effect</skipped></testcase><testcase classname="src.pymortests.affine_grid" file="src/pymortests/affine_grid.py" line="243" name="test_diameters_values[&lt;lambda&gt;20]" time="0.00041675567626953125"><skipped message="Suite splitting in effect" type="pytest.skip">src/pymortests/affine_grid.py:243: Suite splitting in effect</skipped></testcase><testcase classname="src.pymortests.affine_grid" file="src/pymortests/affine_grid.py" line="243" name="test_diameters_values[&lt;lambda&gt;21]" time="0.0004050731658935547"><skipped message="Suite splitting in effect" type="pytest.skip">src/pymortests/affine_grid.py:243: Suite splitting in effect</skipped></testcase><testcase classname="src.pymortests.affine_grid" file="src/pymortests/affine_grid.py" line="243" name="test_diameters_values[&lt;lambda&gt;22]" time="0.00039386749267578125"><skipped message="Suite splitting in effect" type="pytest.skip">src/pymortests/affine_grid.py:243: Suite splitting in effect</skipped></testcase><testcase classname="src.pymortests.affine_grid" file="src/pymortests/affine_grid.py" line="243" name="test_diameters_values[&lt;lambda&gt;23]" time="0.0003902912139892578"><skipped message="Suite splitting in effect" type="pytest.skip">src/pymortests/affine_grid.py:243: Suite splitting in effect</skipped></testcase><testcase classname="src.pymortests.affine_grid" file="src/pymortests/affine_grid.py" line="243" name="test_diameters_values[&lt;lambda&gt;24]" time="0.0004131793975830078"><skipped message="Suite splitting in effect" type="pytest.skip">src/pymortests/affine_grid.py:243: Suite splitting in effect</skipped></testcase><testcase classname="src.pymortests.affine_grid" file="src/pymortests/affine_grid.py" line="243" name="test_diameters_values[&lt;lambda&gt;25]" time="0.0003905296325683594"><skipped message="Suite splitting in effect" type="pytest.skip">src/pymortests/affine_grid.py:243: Suite splitting in effect</skipped></testcase><testcase classname="src.pymortests.affine_grid" file="src/pymortests/affine_grid.py" line="243" name="test_diameters_values[&lt;lambda&gt;26]" time="0.0004761219024658203"><skipped message="Suite splitting in effect" type="pytest.skip">src/pymortests/affine_grid.py:243: Suite splitting in effect</skipped></testcase><testcase classname="src.pymortests.affine_grid" file="src/pymortests/affine_grid.py" line="243" name="test_diameters_values[&lt;lambda&gt;27]" time="0.00039386749267578125"><skipped message="Suite splitting in effect" type="pytest.skip">src/pymortests/affine_grid.py:243: Suite splitting in effect</skipped></testcase><testcase classname="src.pymortests.affine_grid" file="src/pymortests/affine_grid.py" line="243" name="test_diameters_values[&lt;lambda&gt;28]" time="0.0004131793975830078"><skipped message="Suite splitting in effect" type="pytest.skip">src/pymortests/affine_grid.py:243: Suite splitting in effect</skipped></testcase><testcase classname="src.pymortests.affine_grid" file="src/pymortests/affine_grid.py" line="243" name="test_diameters_values[&lt;lambda&gt;29]" time="0.000396728515625"><skipped message="Suite splitting in effect" type="pytest.skip">src/pymortests/affine_grid.py:243: Suite splitting in effect</skipped></testcase><testcase classname="src.pymortests.affine_grid" file="src/pymortests/affine_grid.py" line="243" name="test_diameters_values[&lt;lambda&gt;30]" time="0.00045990943908691406"><skipped message="Suite splitting in effect" type="pytest.skip">src/pymortests/affine_grid.py:243: Suite splitting in effect</skipped></testcase><testcase classname="src.pymortests.affine_grid" file="src/pymortests/affine_grid.py" line="243" name="test_diameters_values[&lt;lambda&gt;31]" time="0.0004210472106933594"><skipped message="Suite splitting in effect" type="pytest.skip">src/pymortests/affine_grid.py:243: Suite splitting in effect</skipped></testcase><testcase classname="src.pymortests.affine_grid" file="src/pymortests/affine_grid.py" line="243" name="test_diameters_values[&lt;lambda&gt;32]" time="0.0004012584686279297"><skipped message="Suite splitting in effect" type="pytest.skip">src/pymortests/affine_grid.py:243: Suite splitting in effect</skipped></testcase><testcase classname="src.pymortests.affine_grid" file="src/pymortests/affine_grid.py" line="243" name="test_diameters_values[&lt;lambda&gt;33]" time="0.0004372596740722656"><skipped message="Suite splitting in effect" type="pytest.skip">src/pymortests/affine_grid.py:243: Suite splitting in effect</skipped></testcase><testcase classname="src.pymortests.affine_grid" file="src/pymortests/affine_grid.py" line="243" name="test_diameters_values[&lt;lambda&gt;34]" time="0.00042128562927246094"><skipped message="Suite splitting in effect" type="pytest.skip">src/pymortests/affine_grid.py:243: Suite splitting in effect</skipped></testcase><testcase classname="src.pymortests.affine_grid" file="src/pymortests/affine_grid.py" line="243" name="test_diameters_values[&lt;lambda&gt;35]" time="0.00041961669921875"><skipped message="Suite splitting in effect" type="pytest.skip">src/pymortests/affine_grid.py:243: Suite splitting in effect</skipped></testcase><testcase classname="src.pymortests.affine_grid" file="src/pymortests/affine_grid.py" line="243" name="test_diameters_values[&lt;lambda&gt;36]" time="0.0004024505615234375"><skipped message="Suite splitting in effect" type="pytest.skip">src/pymortests/affine_grid.py:243: Suite splitting in effect</skipped></testcase><testcase classname="src.pymortests.affine_grid" file="src/pymortests/affine_grid.py" line="243" name="test_diameters_values[&lt;lambda&gt;37]" time="0.0004143714904785156"><skipped message="Suite splitting in effect" type="pytest.skip">src/pymortests/affine_grid.py:243: Suite splitting in effect</skipped></testcase><testcase classname="src.pymortests.affine_grid" file="src/pymortests/affine_grid.py" line="243" name="test_diameters_values[&lt;lambda&gt;38]" time="0.0004096031188964844"><skipped message="Suite splitting in effect" type="pytest.skip">src/pymortests/affine_grid.py:243: Suite splitting in effect</skipped></testcase><testcase classname="src.pymortests.affine_grid" file="src/pymortests/affine_grid.py" line="243" name="test_diameters_values[&lt;lambda&gt;39]" time="0.00043129920959472656"><skipped message="Suite splitting in effect" type="pytest.skip">src/pymortests/affine_grid.py:243: Suite splitting in effect</skipped></testcase><testcase classname="src.pymortests.affine_grid" file="src/pymortests/affine_grid.py" line="243" name="test_diameters_values[&lt;lambda&gt;40]" time="0.0003955364227294922"><skipped message="Suite splitting in effect" type="pytest.skip">src/pymortests/affine_grid.py:243: Suite splitting in effect</skipped></testcase><testcase classname="src.pymortests.affine_grid" file="src/pymortests/affine_grid.py" line="243" name="test_diameters_values[&lt;lambda&gt;41]" time="0.00042629241943359375"><skipped message="Suite splitting in effect" type="pytest.skip">src/pymortests/affine_grid.py:243: Suite splitting in effect</skipped></testcase><testcase classname="src.pymortests.affine_grid" file="src/pymortests/affine_grid.py" line="243" name="test_diameters_values[&lt;lambda&gt;42]" time="0.0004024505615234375"><skipped message="Suite splitting in effect" type="pytest.skip">src/pymortests/affine_grid.py:243: Suite splitting in effect</skipped></testcase><testcase classname="src.pymortests.affine_grid" file="src/pymortests/affine_grid.py" line="250" name="test_quadrature_points_wrong_arguments[&lt;lambda&gt;0]" time="0.0004048347473144531"><skipped message="Suite splitting in effect" type="pytest.skip">src/pymortests/affine_grid.py:250: Suite splitting in effect</skipped></testcase><testcase classname="src.pymortests.affine_grid" file="src/pymortests/affine_grid.py" line="250" name="test_quadrature_points_wrong_arguments[&lt;lambda&gt;1]" time="0.0004036426544189453"><skipped message="Suite splitting in effect" type="pytest.skip">src/pymortests/affine_grid.py:250: Suite splitting in effect</skipped></testcase><testcase classname="src.pymortests.affine_grid" file="src/pymortests/affine_grid.py" line="250" name="test_quadrature_points_wrong_arguments[&lt;lambda&gt;2]" time="0.0004019737243652344"><skipped message="Suite splitting in effect" type="pytest.skip">src/pymortests/affine_grid.py:250: Suite splitting in effect</skipped></testcase><testcase classname="src.pymortests.affine_grid" file="src/pymortests/affine_grid.py" line="250" name="test_quadrature_points_wrong_arguments[&lt;lambda&gt;3]" time="0.00040721893310546875"><skipped message="Suite splitting in effect" type="pytest.skip">src/pymortests/affine_grid.py:250: Suite splitting in effect</skipped></testcase><testcase classname="src.pymortests.affine_grid" file="src/pymortests/affine_grid.py" line="250" name="test_quadrature_points_wrong_arguments[&lt;lambda&gt;4]" time="0.0004203319549560547"><skipped message="Suite splitting in effect" type="pytest.skip">src/pymortests/affine_grid.py:250: Suite splitting in effect</skipped></testcase><testcase classname="src.pymortests.affine_grid" file="src/pymortests/affine_grid.py" line="250" name="test_quadrature_points_wrong_arguments[&lt;lambda&gt;5]" time="0.0003838539123535156"><skipped message="Suite splitting in effect" type="pytest.skip">src/pymortests/affine_grid.py:250: Suite splitting in effect</skipped></testcase><testcase classname="src.pymortests.affine_grid" file="src/pymortests/affine_grid.py" line="250" name="test_quadrature_points_wrong_arguments[&lt;lambda&gt;6]" time="0.0004253387451171875"><skipped message="Suite splitting in effect" type="pytest.skip">src/pymortests/affine_grid.py:250: Suite splitting in effect</skipped></testcase><testcase classname="src.pymortests.affine_grid" file="src/pymortests/affine_grid.py" line="250" name="test_quadrature_points_wrong_arguments[&lt;lambda&gt;7]" time="0.00038814544677734375"><skipped message="Suite splitting in effect" type="pytest.skip">src/pymortests/affine_grid.py:250: Suite splitting in effect</skipped></testcase><testcase classname="src.pymortests.affine_grid" file="src/pymortests/affine_grid.py" line="250" name="test_quadrature_points_wrong_arguments[&lt;lambda&gt;8]" time="0.00042128562927246094"><skipped message="Suite splitting in effect" type="pytest.skip">src/pymortests/affine_grid.py:250: Suite splitting in effect</skipped></testcase><testcase classname="src.pymortests.affine_grid" file="src/pymortests/affine_grid.py" line="250" name="test_quadrature_points_wrong_arguments[&lt;lambda&gt;9]" time="0.0004284381866455078"><skipped message="Suite splitting in effect" type="pytest.skip">src/pymortests/affine_grid.py:250: Suite splitting in effect</skipped></testcase><testcase classname="src.pymortests.affine_grid" file="src/pymortests/affine_grid.py" line="250" name="test_quadrature_points_wrong_arguments[&lt;lambda&gt;10]" time="0.00041961669921875"><skipped message="Suite splitting in effect" type="pytest.skip">src/pymortests/affine_grid.py:250: Suite splitting in effect</skipped></testcase><testcase classname="src.pymortests.affine_grid" file="src/pymortests/affine_grid.py" line="250" name="test_quadrature_points_wrong_arguments[&lt;lambda&gt;11]" time="0.0004000663757324219"><skipped message="Suite splitting in effect" type="pytest.skip">src/pymortests/affine_grid.py:250: Suite splitting in effect</skipped></testcase><testcase classname="src.pymortests.affine_grid" file="src/pymortests/affine_grid.py" line="250" name="test_quadrature_points_wrong_arguments[&lt;lambda&gt;12]" time="0.0006396770477294922"><skipped message="Suite splitting in effect" type="pytest.skip">src/pymortests/affine_grid.py:250: Suite splitting in effect</skipped></testcase><testcase classname="src.pymortests.affine_grid" file="src/pymortests/affine_grid.py" line="250" name="test_quadrature_points_wrong_arguments[&lt;lambda&gt;13]" time="0.00040912628173828125"><skipped message="Suite splitting in effect" type="pytest.skip">src/pymortests/affine_grid.py:250: Suite splitting in effect</skipped></testcase><testcase classname="src.pymortests.affine_grid" file="src/pymortests/affine_grid.py" line="250" name="test_quadrature_points_wrong_arguments[&lt;lambda&gt;14]" time="0.0003998279571533203"><skipped message="Suite splitting in effect" type="pytest.skip">src/pymortests/affine_grid.py:250: Suite splitting in effect</skipped></testcase><testcase classname="src.pymortests.affine_grid" file="src/pymortests/affine_grid.py" line="250" name="test_quadrature_points_wrong_arguments[&lt;lambda&gt;15]" time="0.0004019737243652344"><skipped message="Suite splitting in effect" type="pytest.skip">src/pymortests/affine_grid.py:250: Suite splitting in effect</skipped></testcase><testcase classname="src.pymortests.affine_grid" file="src/pymortests/affine_grid.py" line="250" name="test_quadrature_points_wrong_arguments[&lt;lambda&gt;16]" time="0.00040030479431152344"><skipped message="Suite splitting in effect" type="pytest.skip">src/pymortests/affine_grid.py:250: Suite splitting in effect</skipped></testcase><testcase classname="src.pymortests.affine_grid" file="src/pymortests/affine_grid.py" line="250" name="test_quadrature_points_wrong_arguments[&lt;lambda&gt;17]" time="0.0003979206085205078"><skipped message="Suite splitting in effect" type="pytest.skip">src/pymortests/affine_grid.py:250: Suite splitting in effect</skipped></testcase><testcase classname="src.pymortests.affine_grid" file="src/pymortests/affine_grid.py" line="250" name="test_quadrature_points_wrong_arguments[&lt;lambda&gt;18]" time="0.00040459632873535156"><skipped message="Suite splitting in effect" type="pytest.skip">src/pymortests/affine_grid.py:250: Suite splitting in effect</skipped></testcase><testcase classname="src.pymortests.affine_grid" file="src/pymortests/affine_grid.py" line="250" name="test_quadrature_points_wrong_arguments[&lt;lambda&gt;19]" time="0.0004487037658691406"><skipped message="Suite splitting in effect" type="pytest.skip">src/pymortests/affine_grid.py:250: Suite splitting in effect</skipped></testcase><testcase classname="src.pymortests.affine_grid" file="src/pymortests/affine_grid.py" line="250" name="test_quadrature_points_wrong_arguments[&lt;lambda&gt;20]" time="0.00041794776916503906"><skipped message="Suite splitting in effect" type="pytest.skip">src/pymortests/affine_grid.py:250: Suite splitting in effect</skipped></testcase><testcase classname="src.pymortests.affine_grid" file="src/pymortests/affine_grid.py" line="250" name="test_quadrature_points_wrong_arguments[&lt;lambda&gt;21]" time="0.00041675567626953125"><skipped message="Suite splitting in effect" type="pytest.skip">src/pymortests/affine_grid.py:250: Suite splitting in effect</skipped></testcase><testcase classname="src.pymortests.affine_grid" file="src/pymortests/affine_grid.py" line="250" name="test_quadrature_points_wrong_arguments[&lt;lambda&gt;22]" time="0.0004074573516845703"><skipped message="Suite splitting in effect" type="pytest.skip">src/pymortests/affine_grid.py:250: Suite splitting in effect</skipped></testcase><testcase classname="src.pymortests.affine_grid" file="src/pymortests/affine_grid.py" line="250" name="test_quadrature_points_wrong_arguments[&lt;lambda&gt;23]" time="0.00040411949157714844"><skipped message="Suite splitting in effect" type="pytest.skip">src/pymortests/affine_grid.py:250: Suite splitting in effect</skipped></testcase><testcase classname="src.pymortests.affine_grid" file="src/pymortests/affine_grid.py" line="250" name="test_quadrature_points_wrong_arguments[&lt;lambda&gt;24]" time="0.0004067420959472656"><skipped message="Suite splitting in effect" type="pytest.skip">src/pymortests/affine_grid.py:250: Suite splitting in effect</skipped></testcase><testcase classname="src.pymortests.affine_grid" file="src/pymortests/affine_grid.py" line="250" name="test_quadrature_points_wrong_arguments[&lt;lambda&gt;25]" time="0.0004012584686279297"><skipped message="Suite splitting in effect" type="pytest.skip">src/pymortests/affine_grid.py:250: Suite splitting in effect</skipped></testcase><testcase classname="src.pymortests.affine_grid" file="src/pymortests/affine_grid.py" line="250" name="test_quadrature_points_wrong_arguments[&lt;lambda&gt;26]" time="0.0004131793975830078"><skipped message="Suite splitting in effect" type="pytest.skip">src/pymortests/affine_grid.py:250: Suite splitting in effect</skipped></testcase><testcase classname="src.pymortests.affine_grid" file="src/pymortests/affine_grid.py" line="250" name="test_quadrature_points_wrong_arguments[&lt;lambda&gt;27]" time="0.0003998279571533203"><skipped message="Suite splitting in effect" type="pytest.skip">src/pymortests/affine_grid.py:250: Suite splitting in effect</skipped></testcase><testcase classname="src.pymortests.affine_grid" file="src/pymortests/affine_grid.py" line="250" name="test_quadrature_points_wrong_arguments[&lt;lambda&gt;28]" time="0.0004391670227050781"><skipped message="Suite splitting in effect" type="pytest.skip">src/pymortests/affine_grid.py:250: Suite splitting in effect</skipped></testcase><testcase classname="src.pymortests.affine_grid" file="src/pymortests/affine_grid.py" line="250" name="test_quadrature_points_wrong_arguments[&lt;lambda&gt;29]" time="0.0003952980041503906"><skipped message="Suite splitting in effect" type="pytest.skip">src/pymortests/affine_grid.py:250: Suite splitting in effect</skipped></testcase><testcase classname="src.pymortests.affine_grid" file="src/pymortests/affine_grid.py" line="250" name="test_quadrature_points_wrong_arguments[&lt;lambda&gt;30]" time="0.00042247772216796875"><skipped message="Suite splitting in effect" type="pytest.skip">src/pymortests/affine_grid.py:250: Suite splitting in effect</skipped></testcase><testcase classname="src.pymortests.affine_grid" file="src/pymortests/affine_grid.py" line="250" name="test_quadrature_points_wrong_arguments[&lt;lambda&gt;31]" time="0.00041413307189941406"><skipped message="Suite splitting in effect" type="pytest.skip">src/pymortests/affine_grid.py:250: Suite splitting in effect</skipped></testcase><testcase classname="src.pymortests.affine_grid" file="src/pymortests/affine_grid.py" line="250" name="test_quadrature_points_wrong_arguments[&lt;lambda&gt;32]" time="0.0004763603210449219"><skipped message="Suite splitting in effect" type="pytest.skip">src/pymortests/affine_grid.py:250: Suite splitting in effect</skipped></testcase><testcase classname="src.pymortests.affine_grid" file="src/pymortests/affine_grid.py" line="250" name="test_quadrature_points_wrong_arguments[&lt;lambda&gt;33]" time="0.00039315223693847656"><skipped message="Suite splitting in effect" type="pytest.skip">src/pymortests/affine_grid.py:250: Suite splitting in effect</skipped></testcase><testcase classname="src.pymortests.affine_grid" file="src/pymortests/affine_grid.py" line="250" name="test_quadrature_points_wrong_arguments[&lt;lambda&gt;34]" time="0.00042510032653808594"><skipped message="Suite splitting in effect" type="pytest.skip">src/pymortests/affine_grid.py:250: Suite splitting in effect</skipped></testcase><testcase classname="src.pymortests.affine_grid" file="src/pymortests/affine_grid.py" line="250" name="test_quadrature_points_wrong_arguments[&lt;lambda&gt;35]" time="0.0004267692565917969"><skipped message="Suite splitting in effect" type="pytest.skip">src/pymortests/affine_grid.py:250: Suite splitting in effect</skipped></testcase><testcase classname="src.pymortests.affine_grid" file="src/pymortests/affine_grid.py" line="250" name="test_quadrature_points_wrong_arguments[&lt;lambda&gt;36]" time="0.0003879070281982422"><skipped message="Suite splitting in effect" type="pytest.skip">src/pymortests/affine_grid.py:250: Suite splitting in effect</skipped></testcase><testcase classname="src.pymortests.affine_grid" file="src/pymortests/affine_grid.py" line="250" name="test_quadrature_points_wrong_arguments[&lt;lambda&gt;37]" time="0.00040268898010253906"><skipped message="Suite splitting in effect" type="pytest.skip">src/pymortests/affine_grid.py:250: Suite splitting in effect</skipped></testcase><testcase classname="src.pymortests.affine_grid" file="src/pymortests/affine_grid.py" line="250" name="test_quadrature_points_wrong_arguments[&lt;lambda&gt;38]" time="0.0004124641418457031"><skipped message="Suite splitting in effect" type="pytest.skip">src/pymortests/affine_grid.py:250: Suite splitting in effect</skipped></testcase><testcase classname="src.pymortests.affine_grid" file="src/pymortests/affine_grid.py" line="250" name="test_quadrature_points_wrong_arguments[&lt;lambda&gt;39]" time="0.0003876686096191406"><skipped message="Suite splitting in effect" type="pytest.skip">src/pymortests/affine_grid.py:250: Suite splitting in effect</skipped></testcase><testcase classname="src.pymortests.affine_grid" file="src/pymortests/affine_grid.py" line="250" name="test_quadrature_points_wrong_arguments[&lt;lambda&gt;40]" time="0.00042366981506347656"><skipped message="Suite splitting in effect" type="pytest.skip">src/pymortests/affine_grid.py:250: Suite splitting in effect</skipped></testcase><testcase classname="src.pymortests.affine_grid" file="src/pymortests/affine_grid.py" line="250" name="test_quadrature_points_wrong_arguments[&lt;lambda&gt;41]" time="0.00043320655822753906"><skipped message="Suite splitting in effect" type="pytest.skip">src/pymortests/affine_grid.py:250: Suite splitting in effect</skipped></testcase><testcase classname="src.pymortests.affine_grid" file="src/pymortests/affine_grid.py" line="250" name="test_quadrature_points_wrong_arguments[&lt;lambda&gt;42]" time="0.0004086494445800781"><skipped message="Suite splitting in effect" type="pytest.skip">src/pymortests/affine_grid.py:250: Suite splitting in effect</skipped></testcase><testcase classname="src.pymortests.affine_grid" file="src/pymortests/affine_grid.py" line="265" name="test_quadrature_points_shape[&lt;lambda&gt;0]" time="0.00042057037353515625"><skipped message="Suite splitting in effect" type="pytest.skip">src/pymortests/affine_grid.py:265: Suite splitting in effect</skipped></testcase><testcase classname="src.pymortests.affine_grid" file="src/pymortests/affine_grid.py" line="265" name="test_quadrature_points_shape[&lt;lambda&gt;1]" time="0.000408172607421875"><skipped message="Suite splitting in effect" type="pytest.skip">src/pymortests/affine_grid.py:265: Suite splitting in effect</skipped></testcase><testcase classname="src.pymortests.affine_grid" file="src/pymortests/affine_grid.py" line="265" name="test_quadrature_points_shape[&lt;lambda&gt;2]" time="0.00039649009704589844"><skipped message="Suite splitting in effect" type="pytest.skip">src/pymortests/affine_grid.py:265: Suite splitting in effect</skipped></testcase><testcase classname="src.pymortests.affine_grid" file="src/pymortests/affine_grid.py" line="265" name="test_quadrature_points_shape[&lt;lambda&gt;3]" time="0.0003921985626220703"><skipped message="Suite splitting in effect" type="pytest.skip">src/pymortests/affine_grid.py:265: Suite splitting in effect</skipped></testcase><testcase classname="src.pymortests.affine_grid" file="src/pymortests/affine_grid.py" line="265" name="test_quadrature_points_shape[&lt;lambda&gt;4]" time="0.0003991127014160156"><skipped message="Suite splitting in effect" type="pytest.skip">src/pymortests/affine_grid.py:265: Suite splitting in effect</skipped></testcase><testcase classname="src.pymortests.affine_grid" file="src/pymortests/affine_grid.py" line="265" name="test_quadrature_points_shape[&lt;lambda&gt;5]" time="0.00039386749267578125"><skipped message="Suite splitting in effect" type="pytest.skip">src/pymortests/affine_grid.py:265: Suite splitting in effect</skipped></testcase><testcase classname="src.pymortests.affine_grid" file="src/pymortests/affine_grid.py" line="265" name="test_quadrature_points_shape[&lt;lambda&gt;6]" time="0.0004210472106933594"><skipped message="Suite splitting in effect" type="pytest.skip">src/pymortests/affine_grid.py:265: Suite splitting in effect</skipped></testcase><testcase classname="src.pymortests.affine_grid" file="src/pymortests/affine_grid.py" line="265" name="test_quadrature_points_shape[&lt;lambda&gt;7]" time="0.0004131793975830078"><skipped message="Suite splitting in effect" type="pytest.skip">src/pymortests/affine_grid.py:265: Suite splitting in effect</skipped></testcase><testcase classname="src.pymortests.affine_grid" file="src/pymortests/affine_grid.py" line="265" name="test_quadrature_points_shape[&lt;lambda&gt;8]" time="0.0003898143768310547"><skipped message="Suite splitting in effect" type="pytest.skip">src/pymortests/affine_grid.py:265: Suite splitting in effect</skipped></testcase><testcase classname="src.pymortests.affine_grid" file="src/pymortests/affine_grid.py" line="265" name="test_quadrature_points_shape[&lt;lambda&gt;9]" time="0.0004067420959472656"><skipped message="Suite splitting in effect" type="pytest.skip">src/pymortests/affine_grid.py:265: Suite splitting in effect</skipped></testcase><testcase classname="src.pymortests.affine_grid" file="src/pymortests/affine_grid.py" line="265" name="test_quadrature_points_shape[&lt;lambda&gt;10]" time="0.0004105567932128906"><skipped message="Suite splitting in effect" type="pytest.skip">src/pymortests/affine_grid.py:265: Suite splitting in effect</skipped></testcase><testcase classname="src.pymortests.affine_grid" file="src/pymortests/affine_grid.py" line="265" name="test_quadrature_points_shape[&lt;lambda&gt;11]" time="0.0004241466522216797"><skipped message="Suite splitting in effect" type="pytest.skip">src/pymortests/affine_grid.py:265: Suite splitting in effect</skipped></testcase><testcase classname="src.pymortests.affine_grid" file="src/pymortests/affine_grid.py" line="265" name="test_quadrature_points_shape[&lt;lambda&gt;12]" time="0.00039076805114746094"><skipped message="Suite splitting in effect" type="pytest.skip">src/pymortests/affine_grid.py:265: Suite splitting in effect</skipped></testcase><testcase classname="src.pymortests.affine_grid" file="src/pymortests/affine_grid.py" line="265" name="test_quadrature_points_shape[&lt;lambda&gt;13]" time="0.0004227161407470703"><skipped message="Suite splitting in effect" type="pytest.skip">src/pymortests/affine_grid.py:265: Suite splitting in effect</skipped></testcase><testcase classname="src.pymortests.affine_grid" file="src/pymortests/affine_grid.py" line="265" name="test_quadrature_points_shape[&lt;lambda&gt;14]" time="0.0003933906555175781"><skipped message="Suite splitting in effect" type="pytest.skip">src/pymortests/affine_grid.py:265: Suite splitting in effect</skipped></testcase><testcase classname="src.pymortests.affine_grid" file="src/pymortests/affine_grid.py" line="265" name="test_quadrature_points_shape[&lt;lambda&gt;15]" time="0.00042724609375"><skipped message="Suite splitting in effect" type="pytest.skip">src/pymortests/affine_grid.py:265: Suite splitting in effect</skipped></testcase><testcase classname="src.pymortests.affine_grid" file="src/pymortests/affine_grid.py" line="265" name="test_quadrature_points_shape[&lt;lambda&gt;16]" time="0.0004100799560546875"><skipped message="Suite splitting in effect" type="pytest.skip">src/pymortests/affine_grid.py:265: Suite splitting in effect</skipped></testcase><testcase classname="src.pymortests.affine_grid" file="src/pymortests/affine_grid.py" line="265" name="test_quadrature_points_shape[&lt;lambda&gt;17]" time="0.0004069805145263672"><skipped message="Suite splitting in effect" type="pytest.skip">src/pymortests/affine_grid.py:265: Suite splitting in effect</skipped></testcase><testcase classname="src.pymortests.affine_grid" file="src/pymortests/affine_grid.py" line="265" name="test_quadrature_points_shape[&lt;lambda&gt;18]" time="0.0004246234893798828"><skipped message="Suite splitting in effect" type="pytest.skip">src/pymortests/affine_grid.py:265: Suite splitting in effect</skipped></testcase><testcase classname="src.pymortests.affine_grid" file="src/pymortests/affine_grid.py" line="265" name="test_quadrature_points_shape[&lt;lambda&gt;19]" time="0.00040984153747558594"><skipped message="Suite splitting in effect" type="pytest.skip">src/pymortests/affine_grid.py:265: Suite splitting in effect</skipped></testcase><testcase classname="src.pymortests.affine_grid" file="src/pymortests/affine_grid.py" line="265" name="test_quadrature_points_shape[&lt;lambda&gt;20]" time="0.00038695335388183594"><skipped message="Suite splitting in effect" type="pytest.skip">src/pymortests/affine_grid.py:265: Suite splitting in effect</skipped></testcase><testcase classname="src.pymortests.affine_grid" file="src/pymortests/affine_grid.py" line="265" name="test_quadrature_points_shape[&lt;lambda&gt;21]" time="0.0004115104675292969"><skipped message="Suite splitting in effect" type="pytest.skip">src/pymortests/affine_grid.py:265: Suite splitting in effect</skipped></testcase><testcase classname="src.pymortests.affine_grid" file="src/pymortests/affine_grid.py" line="265" name="test_quadrature_points_shape[&lt;lambda&gt;22]" time="0.0003886222839355469"><skipped message="Suite splitting in effect" type="pytest.skip">src/pymortests/affine_grid.py:265: Suite splitting in effect</skipped></testcase><testcase classname="src.pymortests.affine_grid" file="src/pymortests/affine_grid.py" line="265" name="test_quadrature_points_shape[&lt;lambda&gt;23]" time="0.00042557716369628906"><skipped message="Suite splitting in effect" type="pytest.skip">src/pymortests/affine_grid.py:265: Suite splitting in effect</skipped></testcase><testcase classname="src.pymortests.affine_grid" file="src/pymortests/affine_grid.py" line="265" name="test_quadrature_points_shape[&lt;lambda&gt;24]" time="0.00039887428283691406"><skipped message="Suite splitting in effect" type="pytest.skip">src/pymortests/affine_grid.py:265: Suite splitting in effect</skipped></testcase><testcase classname="src.pymortests.affine_grid" file="src/pymortests/affine_grid.py" line="265" name="test_quadrature_points_shape[&lt;lambda&gt;25]" time="0.00040602684020996094"><skipped message="Suite splitting in effect" type="pytest.skip">src/pymortests/affine_grid.py:265: Suite splitting in effect</skipped></testcase><testcase classname="src.pymortests.affine_grid" file="src/pymortests/affine_grid.py" line="265" name="test_quadrature_points_shape[&lt;lambda&gt;26]" time="0.0004100799560546875"><skipped message="Suite splitting in effect" type="pytest.skip">src/pymortests/affine_grid.py:265: Suite splitting in effect</skipped></testcase><testcase classname="src.pymortests.affine_grid" file="src/pymortests/affine_grid.py" line="265" name="test_quadrature_points_shape[&lt;lambda&gt;27]" time="0.0004031658172607422"><skipped message="Suite splitting in effect" type="pytest.skip">src/pymortests/affine_grid.py:265: Suite splitting in effect</skipped></testcase><testcase classname="src.pymortests.affine_grid" file="src/pymortests/affine_grid.py" line="265" name="test_quadrature_points_shape[&lt;lambda&gt;28]" time="0.00040721893310546875"><skipped message="Suite splitting in effect" type="pytest.skip">src/pymortests/affine_grid.py:265: Suite splitting in effect</skipped></testcase><testcase classname="src.pymortests.affine_grid" file="src/pymortests/affine_grid.py" line="265" name="test_quadrature_points_shape[&lt;lambda&gt;29]" time="0.00040221214294433594"><skipped message="Suite splitting in effect" type="pytest.skip">src/pymortests/affine_grid.py:265: Suite splitting in effect</skipped></testcase><testcase classname="src.pymortests.affine_grid" file="src/pymortests/affine_grid.py" line="265" name="test_quadrature_points_shape[&lt;lambda&gt;30]" time="0.00041747093200683594"><skipped message="Suite splitting in effect" type="pytest.skip">src/pymortests/affine_grid.py:265: Suite splitting in effect</skipped></testcase><testcase classname="src.pymortests.affine_grid" file="src/pymortests/affine_grid.py" line="265" name="test_quadrature_points_shape[&lt;lambda&gt;31]" time="0.0004031658172607422"><skipped message="Suite splitting in effect" type="pytest.skip">src/pymortests/affine_grid.py:265: Suite splitting in effect</skipped></testcase><testcase classname="src.pymortests.affine_grid" file="src/pymortests/affine_grid.py" line="265" name="test_quadrature_points_shape[&lt;lambda&gt;32]" time="0.0004115104675292969"><skipped message="Suite splitting in effect" type="pytest.skip">src/pymortests/affine_grid.py:265: Suite splitting in effect</skipped></testcase><testcase classname="src.pymortests.affine_grid" file="src/pymortests/affine_grid.py" line="265" name="test_quadrature_points_shape[&lt;lambda&gt;33]" time="0.0003871917724609375"><skipped message="Suite splitting in effect" type="pytest.skip">src/pymortests/affine_grid.py:265: Suite splitting in effect</skipped></testcase><testcase classname="src.pymortests.affine_grid" file="src/pymortests/affine_grid.py" line="265" name="test_quadrature_points_shape[&lt;lambda&gt;34]" time="0.00040602684020996094"><skipped message="Suite splitting in effect" type="pytest.skip">src/pymortests/affine_grid.py:265: Suite splitting in effect</skipped></testcase><testcase classname="src.pymortests.affine_grid" file="src/pymortests/affine_grid.py" line="265" name="test_quadrature_points_shape[&lt;lambda&gt;35]" time="0.00039458274841308594"><skipped message="Suite splitting in effect" type="pytest.skip">src/pymortests/affine_grid.py:265: Suite splitting in effect</skipped></testcase><testcase classname="src.pymortests.affine_grid" file="src/pymortests/affine_grid.py" line="265" name="test_quadrature_points_shape[&lt;lambda&gt;36]" time="0.0004432201385498047"><skipped message="Suite splitting in effect" type="pytest.skip">src/pymortests/affine_grid.py:265: Suite splitting in effect</skipped></testcase><testcase classname="src.pymortests.affine_grid" file="src/pymortests/affine_grid.py" line="265" name="test_quadrature_points_shape[&lt;lambda&gt;37]" time="0.00038814544677734375"><skipped message="Suite splitting in effect" type="pytest.skip">src/pymortests/affine_grid.py:265: Suite splitting in effect</skipped></testcase><testcase classname="src.pymortests.affine_grid" file="src/pymortests/affine_grid.py" line="265" name="test_quadrature_points_shape[&lt;lambda&gt;38]" time="0.0004031658172607422"><skipped message="Suite splitting in effect" type="pytest.skip">src/pymortests/affine_grid.py:265: Suite splitting in effect</skipped></testcase><testcase classname="src.pymortests.affine_grid" file="src/pymortests/affine_grid.py" line="265" name="test_quadrature_points_shape[&lt;lambda&gt;39]" time="0.0003972053527832031"><skipped message="Suite splitting in effect" type="pytest.skip">src/pymortests/affine_grid.py:265: Suite splitting in effect</skipped></testcase><testcase classname="src.pymortests.affine_grid" file="src/pymortests/affine_grid.py" line="265" name="test_quadrature_points_shape[&lt;lambda&gt;40]" time="0.0004229545593261719"><skipped message="Suite splitting in effect" type="pytest.skip">src/pymortests/affine_grid.py:265: Suite splitting in effect</skipped></testcase><testcase classname="src.pymortests.affine_grid" file="src/pymortests/affine_grid.py" line="265" name="test_quadrature_points_shape[&lt;lambda&gt;41]" time="0.00040459632873535156"><skipped message="Suite splitting in effect" type="pytest.skip">src/pymortests/affine_grid.py:265: Suite splitting in effect</skipped></testcase><testcase classname="src.pymortests.affine_grid" file="src/pymortests/affine_grid.py" line="265" name="test_quadrature_points_shape[&lt;lambda&gt;42]" time="0.0004012584686279297"><skipped message="Suite splitting in effect" type="pytest.skip">src/pymortests/affine_grid.py:265: Suite splitting in effect</skipped></testcase><testcase classname="src.pymortests.affine_grid" file="src/pymortests/affine_grid.py" line="275" name="test_quadrature_points_values[&lt;lambda&gt;0]" time="0.00044083595275878906"><skipped message="Suite splitting in effect" type="pytest.skip">src/pymortests/affine_grid.py:275: Suite splitting in effect</skipped></testcase><testcase classname="src.pymortests.affine_grid" file="src/pymortests/affine_grid.py" line="275" name="test_quadrature_points_values[&lt;lambda&gt;1]" time="0.0004036426544189453"><skipped message="Suite splitting in effect" type="pytest.skip">src/pymortests/affine_grid.py:275: Suite splitting in effect</skipped></testcase><testcase classname="src.pymortests.affine_grid" file="src/pymortests/affine_grid.py" line="275" name="test_quadrature_points_values[&lt;lambda&gt;2]" time="0.0004012584686279297"><skipped message="Suite splitting in effect" type="pytest.skip">src/pymortests/affine_grid.py:275: Suite splitting in effect</skipped></testcase><testcase classname="src.pymortests.affine_grid" file="src/pymortests/affine_grid.py" line="275" name="test_quadrature_points_values[&lt;lambda&gt;3]" time="0.0004138946533203125"><skipped message="Suite splitting in effect" type="pytest.skip">src/pymortests/affine_grid.py:275: Suite splitting in effect</skipped></testcase><testcase classname="src.pymortests.affine_grid" file="src/pymortests/affine_grid.py" line="275" name="test_quadrature_points_values[&lt;lambda&gt;4]" time="0.00041794776916503906"><skipped message="Suite splitting in effect" type="pytest.skip">src/pymortests/affine_grid.py:275: Suite splitting in effect</skipped></testcase><testcase classname="src.pymortests.affine_grid" file="src/pymortests/affine_grid.py" line="275" name="test_quadrature_points_values[&lt;lambda&gt;5]" time="0.0004062652587890625"><skipped message="Suite splitting in effect" type="pytest.skip">src/pymortests/affine_grid.py:275: Suite splitting in effect</skipped></testcase><testcase classname="src.pymortests.affine_grid" file="src/pymortests/affine_grid.py" line="275" name="test_quadrature_points_values[&lt;lambda&gt;6]" time="0.00042891502380371094"><skipped message="Suite splitting in effect" type="pytest.skip">src/pymortests/affine_grid.py:275: Suite splitting in effect</skipped></testcase><testcase classname="src.pymortests.affine_grid" file="src/pymortests/affine_grid.py" line="275" name="test_quadrature_points_values[&lt;lambda&gt;7]" time="0.00038886070251464844"><skipped message="Suite splitting in effect" type="pytest.skip">src/pymortests/affine_grid.py:275: Suite splitting in effect</skipped></testcase><testcase classname="src.pymortests.affine_grid" file="src/pymortests/affine_grid.py" line="275" name="test_quadrature_points_values[&lt;lambda&gt;8]" time="0.00042247772216796875"><skipped message="Suite splitting in effect" type="pytest.skip">src/pymortests/affine_grid.py:275: Suite splitting in effect</skipped></testcase><testcase classname="src.pymortests.affine_grid" file="src/pymortests/affine_grid.py" line="275" name="test_quadrature_points_values[&lt;lambda&gt;9]" time="0.00041413307189941406"><skipped message="Suite splitting in effect" type="pytest.skip">src/pymortests/affine_grid.py:275: Suite splitting in effect</skipped></testcase><testcase classname="src.pymortests.affine_grid" file="src/pymortests/affine_grid.py" line="275" name="test_quadrature_points_values[&lt;lambda&gt;10]" time="0.0004024505615234375"><skipped message="Suite splitting in effect" type="pytest.skip">src/pymortests/affine_grid.py:275: Suite splitting in effect</skipped></testcase><testcase classname="src.pymortests.affine_grid" file="src/pymortests/affine_grid.py" line="275" name="test_quadrature_points_values[&lt;lambda&gt;11]" time="0.00040531158447265625"><skipped message="Suite splitting in effect" type="pytest.skip">src/pymortests/affine_grid.py:275: Suite splitting in effect</skipped></testcase><testcase classname="src.pymortests.affine_grid" file="src/pymortests/affine_grid.py" line="275" name="test_quadrature_points_values[&lt;lambda&gt;12]" time="0.0011832714080810547"><skipped message="Suite splitting in effect" type="pytest.skip">src/pymortests/affine_grid.py:275: Suite splitting in effect</skipped></testcase><testcase classname="src.pymortests.affine_grid" file="src/pymortests/affine_grid.py" line="275" name="test_quadrature_points_values[&lt;lambda&gt;13]" time="0.0003960132598876953"><skipped message="Suite splitting in effect" type="pytest.skip">src/pymortests/affine_grid.py:275: Suite splitting in effect</skipped></testcase><testcase classname="src.pymortests.affine_grid" file="src/pymortests/affine_grid.py" line="275" name="test_quadrature_points_values[&lt;lambda&gt;14]" time="0.0004031658172607422"><skipped message="Suite splitting in effect" type="pytest.skip">src/pymortests/affine_grid.py:275: Suite splitting in effect</skipped></testcase><testcase classname="src.pymortests.affine_grid" file="src/pymortests/affine_grid.py" line="275" name="test_quadrature_points_values[&lt;lambda&gt;15]" time="0.00040602684020996094"><skipped message="Suite splitting in effect" type="pytest.skip">src/pymortests/affine_grid.py:275: Suite splitting in effect</skipped></testcase><testcase classname="src.pymortests.affine_grid" file="src/pymortests/affine_grid.py" line="275" name="test_quadrature_points_values[&lt;lambda&gt;16]" time="0.00041556358337402344"><skipped message="Suite splitting in effect" type="pytest.skip">src/pymortests/affine_grid.py:275: Suite splitting in effect</skipped></testcase><testcase classname="src.pymortests.affine_grid" file="src/pymortests/affine_grid.py" line="275" name="test_quadrature_points_values[&lt;lambda&gt;17]" time="0.0004036426544189453"><skipped message="Suite splitting in effect" type="pytest.skip">src/pymortests/affine_grid.py:275: Suite splitting in effect</skipped></testcase><testcase classname="src.pymortests.affine_grid" file="src/pymortests/affine_grid.py" line="275" name="test_quadrature_points_values[&lt;lambda&gt;18]" time="0.0003998279571533203"><skipped message="Suite splitting in effect" type="pytest.skip">src/pymortests/affine_grid.py:275: Suite splitting in effect</skipped></testcase><testcase classname="src.pymortests.affine_grid" file="src/pymortests/affine_grid.py" line="275" name="test_quadrature_points_values[&lt;lambda&gt;19]" time="0.0004029273986816406"><skipped message="Suite splitting in effect" type="pytest.skip">src/pymortests/affine_grid.py:275: Suite splitting in effect</skipped></testcase><testcase classname="src.pymortests.affine_grid" file="src/pymortests/affine_grid.py" line="275" name="test_quadrature_points_values[&lt;lambda&gt;20]" time="0.00039696693420410156"><skipped message="Suite splitting in effect" type="pytest.skip">src/pymortests/affine_grid.py:275: Suite splitting in effect</skipped></testcase><testcase classname="src.pymortests.affine_grid" file="src/pymortests/affine_grid.py" line="275" name="test_quadrature_points_values[&lt;lambda&gt;21]" time="0.0006022453308105469"><skipped message="Suite splitting in effect" type="pytest.skip">src/pymortests/affine_grid.py:275: Suite splitting in effect</skipped></testcase><testcase classname="src.pymortests.affine_grid" file="src/pymortests/affine_grid.py" line="275" name="test_quadrature_points_values[&lt;lambda&gt;22]" time="0.0004138946533203125"><skipped message="Suite splitting in effect" type="pytest.skip">src/pymortests/affine_grid.py:275: Suite splitting in effect</skipped></testcase><testcase classname="src.pymortests.affine_grid" file="src/pymortests/affine_grid.py" line="275" name="test_quadrature_points_values[&lt;lambda&gt;23]" time="0.0003898143768310547"><skipped message="Suite splitting in effect" type="pytest.skip">src/pymortests/affine_grid.py:275: Suite splitting in effect</skipped></testcase><testcase classname="src.pymortests.affine_grid" file="src/pymortests/affine_grid.py" line="275" name="test_quadrature_points_values[&lt;lambda&gt;24]" time="0.0004527568817138672"><skipped message="Suite splitting in effect" type="pytest.skip">src/pymortests/affine_grid.py:275: Suite splitting in effect</skipped></testcase><testcase classname="src.pymortests.affine_grid" file="src/pymortests/affine_grid.py" line="275" name="test_quadrature_points_values[&lt;lambda&gt;25]" time="0.00039315223693847656"><skipped message="Suite splitting in effect" type="pytest.skip">src/pymortests/affine_grid.py:275: Suite splitting in effect</skipped></testcase><testcase classname="src.pymortests.affine_grid" file="src/pymortests/affine_grid.py" line="275" name="test_quadrature_points_values[&lt;lambda&gt;26]" time="0.0004279613494873047"><skipped message="Suite splitting in effect" type="pytest.skip">src/pymortests/affine_grid.py:275: Suite splitting in effect</skipped></testcase><testcase classname="src.pymortests.affine_grid" file="src/pymortests/affine_grid.py" line="275" name="test_quadrature_points_values[&lt;lambda&gt;27]" time="0.0004031658172607422"><skipped message="Suite splitting in effect" type="pytest.skip">src/pymortests/affine_grid.py:275: Suite splitting in effect</skipped></testcase><testcase classname="src.pymortests.affine_grid" file="src/pymortests/affine_grid.py" line="275" name="test_quadrature_points_values[&lt;lambda&gt;28]" time="0.00040602684020996094"><skipped message="Suite splitting in effect" type="pytest.skip">src/pymortests/affine_grid.py:275: Suite splitting in effect</skipped></testcase><testcase classname="src.pymortests.affine_grid" file="src/pymortests/affine_grid.py" line="275" name="test_quadrature_points_values[&lt;lambda&gt;29]" time="0.00038743019104003906"><skipped message="Suite splitting in effect" type="pytest.skip">src/pymortests/affine_grid.py:275: Suite splitting in effect</skipped></testcase><testcase classname="src.pymortests.affine_grid" file="src/pymortests/affine_grid.py" line="275" name="test_quadrature_points_values[&lt;lambda&gt;30]" time="0.00045108795166015625"><skipped message="Suite splitting in effect" type="pytest.skip">src/pymortests/affine_grid.py:275: Suite splitting in effect</skipped></testcase><testcase classname="src.pymortests.affine_grid" file="src/pymortests/affine_grid.py" line="275" name="test_quadrature_points_values[&lt;lambda&gt;31]" time="0.00042247772216796875"><skipped message="Suite splitting in effect" type="pytest.skip">src/pymortests/affine_grid.py:275: Suite splitting in effect</skipped></testcase><testcase classname="src.pymortests.affine_grid" file="src/pymortests/affine_grid.py" line="275" name="test_quadrature_points_values[&lt;lambda&gt;32]" time="0.00042939186096191406"><skipped message="Suite splitting in effect" type="pytest.skip">src/pymortests/affine_grid.py:275: Suite splitting in effect</skipped></testcase><testcase classname="src.pymortests.affine_grid" file="src/pymortests/affine_grid.py" line="275" name="test_quadrature_points_values[&lt;lambda&gt;33]" time="0.0004067420959472656"><skipped message="Suite splitting in effect" type="pytest.skip">src/pymortests/affine_grid.py:275: Suite splitting in effect</skipped></testcase><testcase classname="src.pymortests.affine_grid" file="src/pymortests/affine_grid.py" line="275" name="test_quadrature_points_values[&lt;lambda&gt;34]" time="0.00040221214294433594"><skipped message="Suite splitting in effect" type="pytest.skip">src/pymortests/affine_grid.py:275: Suite splitting in effect</skipped></testcase><testcase classname="src.pymortests.affine_grid" file="src/pymortests/affine_grid.py" line="275" name="test_quadrature_points_values[&lt;lambda&gt;35]" time="0.00039005279541015625"><skipped message="Suite splitting in effect" type="pytest.skip">src/pymortests/affine_grid.py:275: Suite splitting in effect</skipped></testcase><testcase classname="src.pymortests.affine_grid" file="src/pymortests/affine_grid.py" line="275" name="test_quadrature_points_values[&lt;lambda&gt;36]" time="0.0003895759582519531"><skipped message="Suite splitting in effect" type="pytest.skip">src/pymortests/affine_grid.py:275: Suite splitting in effect</skipped></testcase><testcase classname="src.pymortests.affine_grid" file="src/pymortests/affine_grid.py" line="275" name="test_quadrature_points_values[&lt;lambda&gt;37]" time="0.00043010711669921875"><skipped message="Suite splitting in effect" type="pytest.skip">src/pymortests/affine_grid.py:275: Suite splitting in effect</skipped></testcase><testcase classname="src.pymortests.affine_grid" file="src/pymortests/affine_grid.py" line="275" name="test_quadrature_points_values[&lt;lambda&gt;38]" time="0.0004284381866455078"><skipped message="Suite splitting in effect" type="pytest.skip">src/pymortests/affine_grid.py:275: Suite splitting in effect</skipped></testcase><testcase classname="src.pymortests.affine_grid" file="src/pymortests/affine_grid.py" line="275" name="test_quadrature_points_values[&lt;lambda&gt;39]" time="0.00042819976806640625"><skipped message="Suite splitting in effect" type="pytest.skip">src/pymortests/affine_grid.py:275: Suite splitting in effect</skipped></testcase><testcase classname="src.pymortests.affine_grid" file="src/pymortests/affine_grid.py" line="275" name="test_quadrature_points_values[&lt;lambda&gt;40]" time="0.0004191398620605469"><skipped message="Suite splitting in effect" type="pytest.skip">src/pymortests/affine_grid.py:275: Suite splitting in effect</skipped></testcase><testcase classname="src.pymortests.affine_grid" file="src/pymortests/affine_grid.py" line="275" name="test_quadrature_points_values[&lt;lambda&gt;41]" time="0.00041866302490234375"><skipped message="Suite splitting in effect" type="pytest.skip">src/pymortests/affine_grid.py:275: Suite splitting in effect</skipped></testcase><testcase classname="src.pymortests.affine_grid" file="src/pymortests/affine_grid.py" line="275" name="test_quadrature_points_values[&lt;lambda&gt;42]" time="0.0003914833068847656"><skipped message="Suite splitting in effect" type="pytest.skip">src/pymortests/affine_grid.py:275: Suite splitting in effect</skipped></testcase><testcase classname="src.pymortests.affine_grid" file="src/pymortests/affine_grid.py" line="288" name="test_bounding_box[&lt;lambda&gt;0]" time="0.0004105567932128906"><skipped message="Suite splitting in effect" type="pytest.skip">src/pymortests/affine_grid.py:288: Suite splitting in effect</skipped></testcase><testcase classname="src.pymortests.affine_grid" file="src/pymortests/affine_grid.py" line="288" name="test_bounding_box[&lt;lambda&gt;1]" time="0.00039267539978027344"><skipped message="Suite splitting in effect" type="pytest.skip">src/pymortests/affine_grid.py:288: Suite splitting in effect</skipped></testcase><testcase classname="src.pymortests.affine_grid" file="src/pymortests/affine_grid.py" line="288" name="test_bounding_box[&lt;lambda&gt;2]" time="0.00040793418884277344"><skipped message="Suite splitting in effect" type="pytest.skip">src/pymortests/affine_grid.py:288: Suite splitting in effect</skipped></testcase><testcase classname="src.pymortests.affine_grid" file="src/pymortests/affine_grid.py" line="288" name="test_bounding_box[&lt;lambda&gt;3]" time="0.00040411949157714844"><skipped message="Suite splitting in effect" type="pytest.skip">src/pymortests/affine_grid.py:288: Suite splitting in effect</skipped></testcase><testcase classname="src.pymortests.affine_grid" file="src/pymortests/affine_grid.py" line="288" name="test_bounding_box[&lt;lambda&gt;4]" time="0.0004134178161621094"><skipped message="Suite splitting in effect" type="pytest.skip">src/pymortests/affine_grid.py:288: Suite splitting in effect</skipped></testcase><testcase classname="src.pymortests.affine_grid" file="src/pymortests/affine_grid.py" line="288" name="test_bounding_box[&lt;lambda&gt;5]" time="0.00042724609375"><skipped message="Suite splitting in effect" type="pytest.skip">src/pymortests/affine_grid.py:288: Suite splitting in effect</skipped></testcase><testcase classname="src.pymortests.affine_grid" file="src/pymortests/affine_grid.py" line="288" name="test_bounding_box[&lt;lambda&gt;6]" time="0.0004069805145263672"><skipped message="Suite splitting in effect" type="pytest.skip">src/pymortests/affine_grid.py:288: Suite splitting in effect</skipped></testcase><testcase classname="src.pymortests.affine_grid" file="src/pymortests/affine_grid.py" line="288" name="test_bounding_box[&lt;lambda&gt;7]" time="0.0004227161407470703"><skipped message="Suite splitting in effect" type="pytest.skip">src/pymortests/affine_grid.py:288: Suite splitting in effect</skipped></testcase><testcase classname="src.pymortests.affine_grid" file="src/pymortests/affine_grid.py" line="288" name="test_bounding_box[&lt;lambda&gt;8]" time="0.0004055500030517578"><skipped message="Suite splitting in effect" type="pytest.skip">src/pymortests/affine_grid.py:288: Suite splitting in effect</skipped></testcase><testcase classname="src.pymortests.affine_grid" file="src/pymortests/affine_grid.py" line="288" name="test_bounding_box[&lt;lambda&gt;9]" time="0.0004150867462158203"><skipped message="Suite splitting in effect" type="pytest.skip">src/pymortests/affine_grid.py:288: Suite splitting in effect</skipped></testcase><testcase classname="src.pymortests.affine_grid" file="src/pymortests/affine_grid.py" line="288" name="test_bounding_box[&lt;lambda&gt;10]" time="0.0004229545593261719"><skipped message="Suite splitting in effect" type="pytest.skip">src/pymortests/affine_grid.py:288: Suite splitting in effect</skipped></testcase><testcase classname="src.pymortests.affine_grid" file="src/pymortests/affine_grid.py" line="288" name="test_bounding_box[&lt;lambda&gt;11]" time="0.0003993511199951172"><skipped message="Suite splitting in effect" type="pytest.skip">src/pymortests/affine_grid.py:288: Suite splitting in effect</skipped></testcase><testcase classname="src.pymortests.affine_grid" file="src/pymortests/affine_grid.py" line="288" name="test_bounding_box[&lt;lambda&gt;12]" time="0.00042629241943359375"><skipped message="Suite splitting in effect" type="pytest.skip">src/pymortests/affine_grid.py:288: Suite splitting in effect</skipped></testcase><testcase classname="src.pymortests.affine_grid" file="src/pymortests/affine_grid.py" line="288" name="test_bounding_box[&lt;lambda&gt;13]" time="0.0003993511199951172"><skipped message="Suite splitting in effect" type="pytest.skip">src/pymortests/affine_grid.py:288: Suite splitting in effect</skipped></testcase><testcase classname="src.pymortests.affine_grid" file="src/pymortests/affine_grid.py" line="288" name="test_bounding_box[&lt;lambda&gt;14]" time="0.00040459632873535156"><skipped message="Suite splitting in effect" type="pytest.skip">src/pymortests/affine_grid.py:288: Suite splitting in effect</skipped></testcase><testcase classname="src.pymortests.affine_grid" file="src/pymortests/affine_grid.py" line="288" name="test_bounding_box[&lt;lambda&gt;15]" time="0.00039958953857421875"><skipped message="Suite splitting in effect" type="pytest.skip">src/pymortests/affine_grid.py:288: Suite splitting in effect</skipped></testcase><testcase classname="src.pymortests.affine_grid" file="src/pymortests/affine_grid.py" line="288" name="test_bounding_box[&lt;lambda&gt;16]" time="0.00040912628173828125"><skipped message="Suite splitting in effect" type="pytest.skip">src/pymortests/affine_grid.py:288: Suite splitting in effect</skipped></testcase><testcase classname="src.pymortests.affine_grid" file="src/pymortests/affine_grid.py" line="288" name="test_bounding_box[&lt;lambda&gt;17]" time="0.0003921985626220703"><skipped message="Suite splitting in effect" type="pytest.skip">src/pymortests/affine_grid.py:288: Suite splitting in effect</skipped></testcase><testcase classname="src.pymortests.affine_grid" file="src/pymortests/affine_grid.py" line="288" name="test_bounding_box[&lt;lambda&gt;18]" time="0.0004055500030517578"><skipped message="Suite splitting in effect" type="pytest.skip">src/pymortests/affine_grid.py:288: Suite splitting in effect</skipped></testcase><testcase classname="src.pymortests.affine_grid" file="src/pymortests/affine_grid.py" line="288" name="test_bounding_box[&lt;lambda&gt;19]" time="0.0003867149353027344"><skipped message="Suite splitting in effect" type="pytest.skip">src/pymortests/affine_grid.py:288: Suite splitting in effect</skipped></testcase><testcase classname="src.pymortests.affine_grid" file="src/pymortests/affine_grid.py" line="288" name="test_bounding_box[&lt;lambda&gt;20]" time="0.0004315376281738281"><skipped message="Suite splitting in effect" type="pytest.skip">src/pymortests/affine_grid.py:288: Suite splitting in effect</skipped></testcase><testcase classname="src.pymortests.affine_grid" file="src/pymortests/affine_grid.py" line="288" name="test_bounding_box[&lt;lambda&gt;21]" time="0.00038814544677734375"><skipped message="Suite splitting in effect" type="pytest.skip">src/pymortests/affine_grid.py:288: Suite splitting in effect</skipped></testcase><testcase classname="src.pymortests.affine_grid" file="src/pymortests/affine_grid.py" line="288" name="test_bounding_box[&lt;lambda&gt;22]" time="0.0004591941833496094"><skipped message="Suite splitting in effect" type="pytest.skip">src/pymortests/affine_grid.py:288: Suite splitting in effect</skipped></testcase><testcase classname="src.pymortests.affine_grid" file="src/pymortests/affine_grid.py" line="288" name="test_bounding_box[&lt;lambda&gt;23]" time="0.0004279613494873047"><skipped message="Suite splitting in effect" type="pytest.skip">src/pymortests/affine_grid.py:288: Suite splitting in effect</skipped></testcase><testcase classname="src.pymortests.affine_grid" file="src/pymortests/affine_grid.py" line="288" name="test_bounding_box[&lt;lambda&gt;24]" time="0.0004305839538574219"><skipped message="Suite splitting in effect" type="pytest.skip">src/pymortests/affine_grid.py:288: Suite splitting in effect</skipped></testcase><testcase classname="src.pymortests.affine_grid" file="src/pymortests/affine_grid.py" line="288" name="test_bounding_box[&lt;lambda&gt;25]" time="0.00043463706970214844"><skipped message="Suite splitting in effect" type="pytest.skip">src/pymortests/affine_grid.py:288: Suite splitting in effect</skipped></testcase><testcase classname="src.pymortests.affine_grid" file="src/pymortests/affine_grid.py" line="288" name="test_bounding_box[&lt;lambda&gt;26]" time="0.00038933753967285156"><skipped message="Suite splitting in effect" type="pytest.skip">src/pymortests/affine_grid.py:288: Suite splitting in effect</skipped></testcase><testcase classname="src.pymortests.affine_grid" file="src/pymortests/affine_grid.py" line="288" name="test_bounding_box[&lt;lambda&gt;27]" time="0.0004036426544189453"><skipped message="Suite splitting in effect" type="pytest.skip">src/pymortests/affine_grid.py:288: Suite splitting in effect</skipped></testcase><testcase classname="src.pymortests.affine_grid" file="src/pymortests/affine_grid.py" line="288" name="test_bounding_box[&lt;lambda&gt;28]" time="0.0004019737243652344"><skipped message="Suite splitting in effect" type="pytest.skip">src/pymortests/affine_grid.py:288: Suite splitting in effect</skipped></testcase><testcase classname="src.pymortests.affine_grid" file="src/pymortests/affine_grid.py" line="288" name="test_bounding_box[&lt;lambda&gt;29]" time="0.00040841102600097656"><skipped message="Suite splitting in effect" type="pytest.skip">src/pymortests/affine_grid.py:288: Suite splitting in effect</skipped></testcase><testcase classname="src.pymortests.affine_grid" file="src/pymortests/affine_grid.py" line="288" name="test_bounding_box[&lt;lambda&gt;30]" time="0.0004050731658935547"><skipped message="Suite splitting in effect" type="pytest.skip">src/pymortests/affine_grid.py:288: Suite splitting in effect</skipped></testcase><testcase classname="src.pymortests.affine_grid" file="src/pymortests/affine_grid.py" line="288" name="test_bounding_box[&lt;lambda&gt;31]" time="0.0004134178161621094"><skipped message="Suite splitting in effect" type="pytest.skip">src/pymortests/affine_grid.py:288: Suite splitting in effect</skipped></testcase><testcase classname="src.pymortests.affine_grid" file="src/pymortests/affine_grid.py" line="288" name="test_bounding_box[&lt;lambda&gt;32]" time="0.0004107952117919922"><skipped message="Suite splitting in effect" type="pytest.skip">src/pymortests/affine_grid.py:288: Suite splitting in effect</skipped></testcase><testcase classname="src.pymortests.affine_grid" file="src/pymortests/affine_grid.py" line="288" name="test_bounding_box[&lt;lambda&gt;33]" time="0.0004119873046875"><skipped message="Suite splitting in effect" type="pytest.skip">src/pymortests/affine_grid.py:288: Suite splitting in effect</skipped></testcase><testcase classname="src.pymortests.affine_grid" file="src/pymortests/affine_grid.py" line="288" name="test_bounding_box[&lt;lambda&gt;34]" time="0.0004076957702636719"><skipped message="Suite splitting in effect" type="pytest.skip">src/pymortests/affine_grid.py:288: Suite splitting in effect</skipped></testcase><testcase classname="src.pymortests.affine_grid" file="src/pymortests/affine_grid.py" line="288" name="test_bounding_box[&lt;lambda&gt;35]" time="0.00043320655822753906"><skipped message="Suite splitting in effect" type="pytest.skip">src/pymortests/affine_grid.py:288: Suite splitting in effect</skipped></testcase><testcase classname="src.pymortests.affine_grid" file="src/pymortests/affine_grid.py" line="288" name="test_bounding_box[&lt;lambda&gt;36]" time="0.0005037784576416016"><skipped message="Suite splitting in effect" type="pytest.skip">src/pymortests/affine_grid.py:288: Suite splitting in effect</skipped></testcase><testcase classname="src.pymortests.affine_grid" file="src/pymortests/affine_grid.py" line="288" name="test_bounding_box[&lt;lambda&gt;37]" time="0.0004029273986816406"><skipped message="Suite splitting in effect" type="pytest.skip">src/pymortests/affine_grid.py:288: Suite splitting in effect</skipped></testcase><testcase classname="src.pymortests.affine_grid" file="src/pymortests/affine_grid.py" line="288" name="test_bounding_box[&lt;lambda&gt;38]" time="0.00041866302490234375"><skipped message="Suite splitting in effect" type="pytest.skip">src/pymortests/affine_grid.py:288: Suite splitting in effect</skipped></testcase><testcase classname="src.pymortests.affine_grid" file="src/pymortests/affine_grid.py" line="288" name="test_bounding_box[&lt;lambda&gt;39]" time="0.0004303455352783203"><skipped message="Suite splitting in effect" type="pytest.skip">src/pymortests/affine_grid.py:288: Suite splitting in effect</skipped></testcase><testcase classname="src.pymortests.affine_grid" file="src/pymortests/affine_grid.py" line="288" name="test_bounding_box[&lt;lambda&gt;40]" time="0.00041794776916503906"><skipped message="Suite splitting in effect" type="pytest.skip">src/pymortests/affine_grid.py:288: Suite splitting in effect</skipped></testcase><testcase classname="src.pymortests.affine_grid" file="src/pymortests/affine_grid.py" line="288" name="test_bounding_box[&lt;lambda&gt;41]" time="0.0003917217254638672"><skipped message="Suite splitting in effect" type="pytest.skip">src/pymortests/affine_grid.py:288: Suite splitting in effect</skipped></testcase><testcase classname="src.pymortests.affine_grid" file="src/pymortests/affine_grid.py" line="288" name="test_bounding_box[&lt;lambda&gt;42]" time="0.00041747093200683594"><skipped message="Suite splitting in effect" type="pytest.skip">src/pymortests/affine_grid.py:288: Suite splitting in effect</skipped></testcase><testcase classname="src.pymortests.affine_grid" file="src/pymortests/affine_grid.py" line="297" name="test_orthogonal_centers[&lt;lambda&gt;0]" time="0.0003905296325683594"><skipped message="Suite splitting in effect" type="pytest.skip">src/pymortests/affine_grid.py:297: Suite splitting in effect</skipped></testcase><testcase classname="src.pymortests.affine_grid" file="src/pymortests/affine_grid.py" line="297" name="test_orthogonal_centers[&lt;lambda&gt;1]" time="0.0004189014434814453"><skipped message="Suite splitting in effect" type="pytest.skip">src/pymortests/affine_grid.py:297: Suite splitting in effect</skipped></testcase><testcase classname="src.pymortests.affine_grid" file="src/pymortests/affine_grid.py" line="297" name="test_orthogonal_centers[&lt;lambda&gt;2]" time="0.000396728515625"><skipped message="Suite splitting in effect" type="pytest.skip">src/pymortests/affine_grid.py:297: Suite splitting in effect</skipped></testcase><testcase classname="src.pymortests.affine_grid" file="src/pymortests/affine_grid.py" line="297" name="test_orthogonal_centers[&lt;lambda&gt;3]" time="0.0004649162292480469"><skipped message="Suite splitting in effect" type="pytest.skip">src/pymortests/affine_grid.py:297: Suite splitting in effect</skipped></testcase><testcase classname="src.pymortests.affine_grid" file="src/pymortests/affine_grid.py" line="297" name="test_orthogonal_centers[&lt;lambda&gt;4]" time="0.00043654441833496094"><skipped message="Suite splitting in effect" type="pytest.skip">src/pymortests/affine_grid.py:297: Suite splitting in effect</skipped></testcase><testcase classname="src.pymortests.affine_grid" file="src/pymortests/affine_grid.py" line="297" name="test_orthogonal_centers[&lt;lambda&gt;5]" time="0.0004248619079589844"><skipped message="Suite splitting in effect" type="pytest.skip">src/pymortests/affine_grid.py:297: Suite splitting in effect</skipped></testcase><testcase classname="src.pymortests.affine_grid" file="src/pymortests/affine_grid.py" line="297" name="test_orthogonal_centers[&lt;lambda&gt;6]" time="0.0004429817199707031"><skipped message="Suite splitting in effect" type="pytest.skip">src/pymortests/affine_grid.py:297: Suite splitting in effect</skipped></testcase><testcase classname="src.pymortests.affine_grid" file="src/pymortests/affine_grid.py" line="297" name="test_orthogonal_centers[&lt;lambda&gt;7]" time="0.0003910064697265625"><skipped message="Suite splitting in effect" type="pytest.skip">src/pymortests/affine_grid.py:297: Suite splitting in effect</skipped></testcase><testcase classname="src.pymortests.affine_grid" file="src/pymortests/affine_grid.py" line="297" name="test_orthogonal_centers[&lt;lambda&gt;8]" time="0.00046181678771972656"><skipped message="Suite splitting in effect" type="pytest.skip">src/pymortests/affine_grid.py:297: Suite splitting in effect</skipped></testcase><testcase classname="src.pymortests.affine_grid" file="src/pymortests/affine_grid.py" line="297" name="test_orthogonal_centers[&lt;lambda&gt;9]" time="0.0004050731658935547"><skipped message="Suite splitting in effect" type="pytest.skip">src/pymortests/affine_grid.py:297: Suite splitting in effect</skipped></testcase><testcase classname="src.pymortests.affine_grid" file="src/pymortests/affine_grid.py" line="297" name="test_orthogonal_centers[&lt;lambda&gt;10]" time="0.0004062652587890625"><skipped message="Suite splitting in effect" type="pytest.skip">src/pymortests/affine_grid.py:297: Suite splitting in effect</skipped></testcase><testcase classname="src.pymortests.affine_grid" file="src/pymortests/affine_grid.py" line="297" name="test_orthogonal_centers[&lt;lambda&gt;11]" time="0.00040149688720703125"><skipped message="Suite splitting in effect" type="pytest.skip">src/pymortests/affine_grid.py:297: Suite splitting in effect</skipped></testcase><testcase classname="src.pymortests.affine_grid" file="src/pymortests/affine_grid.py" line="297" name="test_orthogonal_centers[&lt;lambda&gt;12]" time="0.00042819976806640625"><skipped message="Suite splitting in effect" type="pytest.skip">src/pymortests/affine_grid.py:297: Suite splitting in effect</skipped></testcase><testcase classname="src.pymortests.affine_grid" file="src/pymortests/affine_grid.py" line="297" name="test_orthogonal_centers[&lt;lambda&gt;13]" time="0.00041031837463378906"><skipped message="Suite splitting in effect" type="pytest.skip">src/pymortests/affine_grid.py:297: Suite splitting in effect</skipped></testcase><testcase classname="src.pymortests.affine_grid" file="src/pymortests/affine_grid.py" line="297" name="test_orthogonal_centers[&lt;lambda&gt;14]" time="0.00042891502380371094"><skipped message="Suite splitting in effect" type="pytest.skip">src/pymortests/affine_grid.py:297: Suite splitting in effect</skipped></testcase><testcase classname="src.pymortests.affine_grid" file="src/pymortests/affine_grid.py" line="297" name="test_orthogonal_centers[&lt;lambda&gt;15]" time="0.0004093647003173828"><skipped message="Suite splitting in effect" type="pytest.skip">src/pymortests/affine_grid.py:297: Suite splitting in effect</skipped></testcase><testcase classname="src.pymortests.affine_grid" file="src/pymortests/affine_grid.py" line="297" name="test_orthogonal_centers[&lt;lambda&gt;16]" time="0.0004069805145263672"><skipped message="Suite splitting in effect" type="pytest.skip">src/pymortests/affine_grid.py:297: Suite splitting in effect</skipped></testcase><testcase classname="src.pymortests.affine_grid" file="src/pymortests/affine_grid.py" line="297" name="test_orthogonal_centers[&lt;lambda&gt;17]" time="0.00041365623474121094"><skipped message="Suite splitting in effect" type="pytest.skip">src/pymortests/affine_grid.py:297: Suite splitting in effect</skipped></testcase><testcase classname="src.pymortests.analyticalproblem" file="src/pymortests/analyticalproblem.py" line="8" name="test_pickle[analytical_problem0]" time="0.0005135536193847656"><skipped message="Suite splitting in effect" type="pytest.skip">src/pymortests/analyticalproblem.py:8: Suite splitting in effect</skipped></testcase><testcase classname="src.pymortests.analyticalproblem" file="src/pymortests/analyticalproblem.py" line="8" name="test_pickle[analytical_problem1]" time="0.0004534721374511719"><skipped message="Suite splitting in effect" type="pytest.skip">src/pymortests/analyticalproblem.py:8: Suite splitting in effect</skipped></testcase><testcase classname="src.pymortests.analyticalproblem" file="src/pymortests/analyticalproblem.py" line="8" name="test_pickle[analytical_problem2]" time="0.00041937828063964844"><skipped message="Suite splitting in effect" type="pytest.skip">src/pymortests/analyticalproblem.py:8: Suite splitting in effect</skipped></testcase><testcase classname="src.pymortests.analyticalproblem" file="src/pymortests/analyticalproblem.py" line="8" name="test_pickle[analytical_problem3]" time="0.0004208087921142578"><skipped message="Suite splitting in effect" type="pytest.skip">src/pymortests/analyticalproblem.py:8: Suite splitting in effect</skipped></testcase><testcase classname="src.pymortests.analyticalproblem" file="src/pymortests/analyticalproblem.py" line="8" name="test_pickle[analytical_problem4]" time="0.0007116794586181641"><skipped message="Suite splitting in effect" type="pytest.skip">src/pymortests/analyticalproblem.py:8: Suite splitting in effect</skipped></testcase><testcase classname="src.pymortests.analyticalproblem" file="src/pymortests/analyticalproblem.py" line="8" name="test_pickle[analytical_problem5]" time="0.0004069805145263672"><skipped message="Suite splitting in effect" type="pytest.skip">src/pymortests/analyticalproblem.py:8: Suite splitting in effect</skipped></testcase><testcase classname="src.pymortests.analyticalproblem" file="src/pymortests/analyticalproblem.py" line="8" name="test_pickle[analytical_problem6]" time="0.00042438507080078125"><skipped message="Suite splitting in effect" type="pytest.skip">src/pymortests/analyticalproblem.py:8: Suite splitting in effect</skipped></testcase><testcase classname="src.pymortests.analyticalproblem" file="src/pymortests/analyticalproblem.py" line="8" name="test_pickle[analytical_problem7]" time="0.0003910064697265625"><skipped message="Suite splitting in effect" type="pytest.skip">src/pymortests/analyticalproblem.py:8: Suite splitting in effect</skipped></testcase><testcase classname="src.pymortests.analyticalproblem" file="src/pymortests/analyticalproblem.py" line="8" name="test_pickle[analytical_problem8]" time="0.0004482269287109375"><skipped message="Suite splitting in effect" type="pytest.skip">src/pymortests/analyticalproblem.py:8: Suite splitting in effect</skipped></testcase><testcase classname="src.pymortests.analyticalproblem" file="src/pymortests/analyticalproblem.py" line="8" name="test_pickle[analytical_problem9]" time="0.0003993511199951172"><skipped message="Suite splitting in effect" type="pytest.skip">src/pymortests/analyticalproblem.py:8: Suite splitting in effect</skipped></testcase><testcase classname="src.pymortests.analyticalproblem" file="src/pymortests/analyticalproblem.py" line="8" name="test_pickle[analytical_problem10]" time="0.0004074573516845703"><skipped message="Suite splitting in effect" type="pytest.skip">src/pymortests/analyticalproblem.py:8: Suite splitting in effect</skipped></testcase><testcase classname="src.pymortests.analyticalproblem" file="src/pymortests/analyticalproblem.py" line="8" name="test_pickle[analytical_problem11]" time="0.0004038810729980469"><skipped message="Suite splitting in effect" type="pytest.skip">src/pymortests/analyticalproblem.py:8: Suite splitting in effect</skipped></testcase><testcase classname="src.pymortests.analyticalproblem" file="src/pymortests/analyticalproblem.py" line="8" name="test_pickle[analytical_problem12]" time="0.00042319297790527344"><skipped message="Suite splitting in effect" type="pytest.skip">src/pymortests/analyticalproblem.py:8: Suite splitting in effect</skipped></testcase><testcase classname="src.pymortests.analyticalproblem" file="src/pymortests/analyticalproblem.py" line="8" name="test_pickle[analytical_problem13]" time="0.00044655799865722656"><skipped message="Suite splitting in effect" type="pytest.skip">src/pymortests/analyticalproblem.py:8: Suite splitting in effect</skipped></testcase><testcase classname="src.pymortests.analyticalproblem" file="src/pymortests/analyticalproblem.py" line="8" name="test_pickle[analytical_problem14]" time="0.0004124641418457031"><skipped message="Suite splitting in effect" type="pytest.skip">src/pymortests/analyticalproblem.py:8: Suite splitting in effect</skipped></testcase><testcase classname="src.pymortests.analyticalproblem" file="src/pymortests/analyticalproblem.py" line="8" name="test_pickle[analytical_problem15]" time="0.0003876686096191406"><skipped message="Suite splitting in effect" type="pytest.skip">src/pymortests/analyticalproblem.py:8: Suite splitting in effect</skipped></testcase><testcase classname="src.pymortests.analyticalproblem" file="src/pymortests/analyticalproblem.py" line="12" name="test_pickle_without_dumps_function[picklable_analytical_problem0]" time="0.0005724430084228516"><skipped message="Suite splitting in effect" type="pytest.skip">src/pymortests/analyticalproblem.py:12: Suite splitting in effect</skipped></testcase><testcase classname="src.pymortests.analyticalproblem" file="src/pymortests/analyticalproblem.py" line="12" name="test_pickle_without_dumps_function[picklable_analytical_problem1]" time="0.0004181861877441406"><skipped message="Suite splitting in effect" type="pytest.skip">src/pymortests/analyticalproblem.py:12: Suite splitting in effect</skipped></testcase><testcase classname="src.pymortests.analyticalproblem" file="src/pymortests/analyticalproblem.py" line="12" name="test_pickle_without_dumps_function[picklable_analytical_problem2]" time="0.0004241466522216797"><skipped message="Suite splitting in effect" type="pytest.skip">src/pymortests/analyticalproblem.py:12: Suite splitting in effect</skipped></testcase><testcase classname="src.pymortests.analyticalproblem" file="src/pymortests/analyticalproblem.py" line="12" name="test_pickle_without_dumps_function[picklable_analytical_problem3]" time="0.0004315376281738281"><skipped message="Suite splitting in effect" type="pytest.skip">src/pymortests/analyticalproblem.py:12: Suite splitting in effect</skipped></testcase><testcase classname="src.pymortests.analyticalproblem" file="src/pymortests/analyticalproblem.py" line="12" name="test_pickle_without_dumps_function[picklable_analytical_problem4]" time="0.00040030479431152344"><skipped message="Suite splitting in effect" type="pytest.skip">src/pymortests/analyticalproblem.py:12: Suite splitting in effect</skipped></testcase><testcase classname="src.pymortests.analyticalproblem" file="src/pymortests/analyticalproblem.py" line="12" name="test_pickle_without_dumps_function[picklable_analytical_problem5]" time="0.00044846534729003906"><skipped message="Suite splitting in effect" type="pytest.skip">src/pymortests/analyticalproblem.py:12: Suite splitting in effect</skipped></testcase><testcase classname="src.pymortests.analyticalproblem" file="src/pymortests/analyticalproblem.py" line="12" name="test_pickle_without_dumps_function[picklable_analytical_problem6]" time="0.00039315223693847656"><skipped message="Suite splitting in effect" type="pytest.skip">src/pymortests/analyticalproblem.py:12: Suite splitting in effect</skipped></testcase><testcase classname="src.pymortests.analyticalproblem" file="src/pymortests/analyticalproblem.py" line="12" name="test_pickle_without_dumps_function[picklable_analytical_problem7]" time="0.00043010711669921875"><skipped message="Suite splitting in effect" type="pytest.skip">src/pymortests/analyticalproblem.py:12: Suite splitting in effect</skipped></testcase><testcase classname="src.pymortests.analyticalproblem" file="src/pymortests/analyticalproblem.py" line="12" name="test_pickle_without_dumps_function[picklable_analytical_problem8]" time="0.0003991127014160156"><skipped message="Suite splitting in effect" type="pytest.skip">src/pymortests/analyticalproblem.py:12: Suite splitting in effect</skipped></testcase><testcase classname="src.pymortests.analyticalproblem" file="src/pymortests/analyticalproblem.py" line="12" name="test_pickle_without_dumps_function[picklable_analytical_problem9]" time="0.0004074573516845703"><skipped message="Suite splitting in effect" type="pytest.skip">src/pymortests/analyticalproblem.py:12: Suite splitting in effect</skipped></testcase><testcase classname="src.pymortests.analyticalproblem" file="src/pymortests/analyticalproblem.py" line="12" name="test_pickle_without_dumps_function[picklable_analytical_problem10]" time="0.00042629241943359375"><skipped message="Suite splitting in effect" type="pytest.skip">src/pymortests/analyticalproblem.py:12: Suite splitting in effect</skipped></testcase><testcase classname="src.pymortests.analyticalproblem" file="src/pymortests/analyticalproblem.py" line="12" name="test_pickle_without_dumps_function[picklable_analytical_problem11]" time="0.00054168701171875"><skipped message="Suite splitting in effect" type="pytest.skip">src/pymortests/analyticalproblem.py:12: Suite splitting in effect</skipped></testcase><testcase classname="src.pymortests.basic" file="src/pymortests/basic.py" line="5" name="test_importable" time="0.0004639625549316406"><skipped message="Suite splitting in effect" type="pytest.skip">src/pymortests/basic.py:5: Suite splitting in effect</skipped></testcase><testcase classname="src.pymortests.block" file="src/pymortests/block.py" line="13" name="test_apply" time="0.0004787445068359375"><skipped message="Suite splitting in effect" type="pytest.skip">src/pymortests/block.py:13: Suite splitting in effect</skipped></testcase><testcase classname="src.pymortests.block" file="src/pymortests/block.py" line="39" name="test_apply_adjoint" time="0.00042247772216796875"><skipped message="Suite splitting in effect" type="pytest.skip">src/pymortests/block.py:39: Suite splitting in effect</skipped></testcase><testcase classname="src.pymortests.block" file="src/pymortests/block.py" line="65" name="test_block_diagonal" time="0.0004329681396484375"><skipped message="Suite splitting in effect" type="pytest.skip">src/pymortests/block.py:65: Suite splitting in effect</skipped></testcase><testcase classname="src.pymortests.block" file="src/pymortests/block.py" line="76" name="test_blk_diag_apply_inverse" time="0.00044035911560058594"><skipped message="Suite splitting in effect" type="pytest.skip">src/pymortests/block.py:76: Suite splitting in effect</skipped></testcase><testcase classname="src.pymortests.block" file="src/pymortests/block.py" line="98" name="test_blk_diag_apply_inverse_adjoint" time="0.00043272972106933594"><skipped message="Suite splitting in effect" type="pytest.skip">src/pymortests/block.py:98: Suite splitting in effect</skipped></testcase><testcase classname="src.pymortests.cache.TestCache" file="src/pymortests/cache.py" line="57" name="test_runtime" time="0.0004830360412597656"><skipped message="Suite splitting in effect" type="pytest.skip">src/pymortests/cache.py:57: Suite splitting in effect</skipped></testcase><testcase classname="src.pymortests.cache.TestCache" file="src/pymortests/cache.py" line="83" name="test_region_api" time="0.0004394054412841797"><skipped message="Suite splitting in effect" type="pytest.skip">src/pymortests/cache.py:83: Suite splitting in effect</skipped></testcase><testcase classname="src.pymortests.complex_values" file="src/pymortests/complex_values.py" line="10" name="test_complex" time="0.0005064010620117188"><skipped message="Suite splitting in effect" type="pytest.skip">src/pymortests/complex_values.py:10: Suite splitting in effect</skipped></testcase><testcase classname="src.pymortests.complex_values" file="src/pymortests/complex_values.py" line="64" name="test_real_imag" time="0.0003941059112548828"><skipped message="Suite splitting in effect" type="pytest.skip">src/pymortests/complex_values.py:64: Suite splitting in effect</skipped></testcase><testcase classname="src.pymortests.complex_values" file="src/pymortests/complex_values.py" line="81" name="test_scal" time="0.0004851818084716797"><skipped message="Suite splitting in effect" type="pytest.skip">src/pymortests/complex_values.py:81: Suite splitting in effect</skipped></testcase><testcase classname="src.pymortests.complex_values" file="src/pymortests/complex_values.py" line="94" name="test_axpy" time="0.0003941059112548828"><skipped message="Suite splitting in effect" type="pytest.skip">src/pymortests/complex_values.py:94: Suite splitting in effect</skipped></testcase><testcase classname="src.pymortests.complex_values" file="src/pymortests/complex_values.py" line="106" name="test_dot" time="0.0004241466522216797"><skipped message="Suite splitting in effect" type="pytest.skip">src/pymortests/complex_values.py:106: Suite splitting in effect</skipped></testcase><testcase classname="src.pymortests.complex_values" file="src/pymortests/complex_values.py" line="113" name="test_pairwise_dot" time="0.000396728515625"><skipped message="Suite splitting in effect" type="pytest.skip">src/pymortests/complex_values.py:113: Suite splitting in effect</skipped></testcase><testcase classname="src.pymortests.demos" file="src/pymortests/demos.py" line="175" name="test_demos[elliptic:&apos;0 0 0 0&apos;]" time="0.000492095947265625"><skipped message="Suite splitting in effect" type="pytest.skip">src/pymortests/demos.py:175: Suite splitting in effect</skipped></testcase><testcase classname="src.pymortests.demos" file="src/pymortests/demos.py" line="175" name="test_demos[elliptic:&apos;1 2 0 3&apos;]" time="0.0011317729949951172"><skipped message="Suite splitting in effect" type="pytest.skip">src/pymortests/demos.py:175: Suite splitting in effect</skipped></testcase><testcase classname="src.pymortests.demos" file="src/pymortests/demos.py" line="175" name="test_demos[elliptic:&apos;--rect 1 2 0 3&apos;]" time="0.000431060791015625"><skipped message="Suite splitting in effect" type="pytest.skip">src/pymortests/demos.py:175: Suite splitting in effect</skipped></testcase><testcase classname="src.pymortests.demos" file="src/pymortests/demos.py" line="175" name="test_demos[elliptic:&apos;0 0 2 1&apos;]" time="0.00038695335388183594"><skipped message="Suite splitting in effect" type="pytest.skip">src/pymortests/demos.py:175: Suite splitting in effect</skipped></testcase><testcase classname="src.pymortests.demos" file="src/pymortests/demos.py" line="175" name="test_demos[elliptic:&apos;--fv 0 0 0 0&apos;]" time="0.000408172607421875"><skipped message="Suite splitting in effect" type="pytest.skip">src/pymortests/demos.py:175: Suite splitting in effect</skipped></testcase><testcase classname="src.pymortests.demos" file="src/pymortests/demos.py" line="175" name="test_demos[elliptic:&apos;--fv 1 2 0 3&apos;]" time="0.0003879070281982422"><skipped message="Suite splitting in effect" type="pytest.skip">src/pymortests/demos.py:175: Suite splitting in effect</skipped></testcase><testcase classname="src.pymortests.demos" file="src/pymortests/demos.py" line="175" name="test_demos[elliptic:&apos;--fv --rect 1 2 0 3&apos;]" time="0.0004401206970214844"><skipped message="Suite splitting in effect" type="pytest.skip">src/pymortests/demos.py:175: Suite splitting in effect</skipped></testcase><testcase classname="src.pymortests.demos" file="src/pymortests/demos.py" line="175" name="test_demos[elliptic:&apos;--fv 0 0 2 1&apos;]" time="0.000392913818359375"><skipped message="Suite splitting in effect" type="pytest.skip">src/pymortests/demos.py:175: Suite splitting in effect</skipped></testcase><testcase classname="src.pymortests.demos" file="src/pymortests/demos.py" line="175" name="test_demos[elliptic2:&apos;1 20&apos;]" time="0.00042510032653808594"><skipped message="Suite splitting in effect" type="pytest.skip">src/pymortests/demos.py:175: Suite splitting in effect</skipped></testcase><testcase classname="src.pymortests.demos" file="src/pymortests/demos.py" line="175" name="test_demos[elliptic2:&apos;--fv 1 20&apos;]" time="0.00039696693420410156"><skipped message="Suite splitting in effect" type="pytest.skip">src/pymortests/demos.py:175: Suite splitting in effect</skipped></testcase><testcase classname="src.pymortests.demos" file="src/pymortests/demos.py" line="175" name="test_demos[elliptic_oned:&apos;1 20&apos;]" time="0.0004017353057861328"><skipped message="Suite splitting in effect" type="pytest.skip">src/pymortests/demos.py:175: Suite splitting in effect</skipped></testcase><testcase classname="src.pymortests.demos" file="src/pymortests/demos.py" line="175" name="test_demos[elliptic_oned:&apos;--fv 1 20&apos;]" time="0.00040650367736816406"><skipped message="Suite splitting in effect" type="pytest.skip">src/pymortests/demos.py:175: Suite splitting in effect</skipped></testcase><testcase classname="src.pymortests.demos" file="src/pymortests/demos.py" line="175" name="test_demos[burgers:&apos;--num-flux=lax_friedrichs 0.1&apos;]" time="0.00040435791015625"><skipped message="Suite splitting in effect" type="pytest.skip">src/pymortests/demos.py:175: Suite splitting in effect</skipped></testcase><testcase classname="src.pymortests.demos" file="src/pymortests/demos.py" line="175" name="test_demos[burgers:&apos;--num-flux=engquist_osher 0.1&apos;]" time="0.000400543212890625"><skipped message="Suite splitting in effect" type="pytest.skip">src/pymortests/demos.py:175: Suite splitting in effect</skipped></testcase><testcase classname="src.pymortests.demos" file="src/pymortests/demos.py" line="175" name="test_demos[burgers:&apos;--num-flux=simplified_engquist_osher 0.1&apos;]" time="0.0004105567932128906"><skipped message="Suite splitting in effect" type="pytest.skip">src/pymortests/demos.py:175: Suite splitting in effect</skipped></testcase><testcase classname="src.pymortests.demos" file="src/pymortests/demos.py" line="175" name="test_demos[parabolic:&apos;heat 1&apos;]" time="0.0004258155822753906"><skipped message="Suite splitting in effect" type="pytest.skip">src/pymortests/demos.py:175: Suite splitting in effect</skipped></testcase><testcase classname="src.pymortests.demos" file="src/pymortests/demos.py" line="175" name="test_demos[parabolic:&apos;heat --rect 1&apos;]" time="0.0004153251647949219"><skipped message="Suite splitting in effect" type="pytest.skip">src/pymortests/demos.py:175: Suite splitting in effect</skipped></testcase><testcase classname="src.pymortests.demos" file="src/pymortests/demos.py" line="175" name="test_demos[parabolic:&apos;heat --fv 1&apos;]" time="0.0004565715789794922"><skipped message="Suite splitting in effect" type="pytest.skip">src/pymortests/demos.py:175: Suite splitting in effect</skipped></testcase><testcase classname="src.pymortests.demos" file="src/pymortests/demos.py" line="175" name="test_demos[parabolic:&apos;heat --rect --fv 1&apos;]" time="0.00039768218994140625"><skipped message="Suite splitting in effect" type="pytest.skip">src/pymortests/demos.py:175: Suite splitting in effect</skipped></testcase><testcase classname="src.pymortests.demos" file="src/pymortests/demos.py" line="175" name="test_demos[parabolic:&apos;dar 1&apos;]" time="0.0003943443298339844"><skipped message="Suite splitting in effect" type="pytest.skip">src/pymortests/demos.py:175: Suite splitting in effect</skipped></testcase><testcase classname="src.pymortests.demos" file="src/pymortests/demos.py" line="175" name="test_demos[parabolic:&apos;dar --rect 1&apos;]" time="0.0004150867462158203"><skipped message="Suite splitting in effect" type="pytest.skip">src/pymortests/demos.py:175: Suite splitting in effect</skipped></testcase><testcase classname="src.pymortests.demos" file="src/pymortests/demos.py" line="175" name="test_demos[elliptic_unstructured:&apos;6.0 16 0.1&apos;]" time="0.0004069805145263672"><skipped message="Suite splitting in effect" type="pytest.skip">src/pymortests/demos.py:175: Suite splitting in effect</skipped></testcase><testcase classname="src.pymortests.demos" file="src/pymortests/demos.py" line="175" name="test_demos[thermalblock:&apos;--plot-solutions --plot-err --plot-error-sequence 2 2 3 5&apos;]" time="0.00043702125549316406"><skipped message="Suite splitting in effect" type="pytest.skip">src/pymortests/demos.py:175: Suite splitting in effect</skipped></testcase><testcase classname="src.pymortests.demos" file="src/pymortests/demos.py" line="175" name="test_demos[thermalblock:&apos;--fenics 2 2 3 5&apos;]" time="0.0004115104675292969"><skipped message="Suite splitting in effect" type="pytest.skip">src/pymortests/demos.py:175: Suite splitting in effect</skipped></testcase><testcase classname="src.pymortests.demos" file="src/pymortests/demos.py" line="175" name="test_demos[thermalblock:&apos;--greedy-without-estimator 3 1 2 5&apos;]" time="0.00038909912109375"><skipped message="Suite splitting in effect" type="pytest.skip">src/pymortests/demos.py:175: Suite splitting in effect</skipped></testcase><testcase classname="src.pymortests.demos" file="src/pymortests/demos.py" line="175" name="test_demos[thermalblock:&apos;--alg=pod 2 2 3 5&apos;]" time="0.0004355907440185547"><skipped message="Suite splitting in effect" type="pytest.skip">src/pymortests/demos.py:175: Suite splitting in effect</skipped></testcase><testcase classname="src.pymortests.demos" file="src/pymortests/demos.py" line="175" name="test_demos[thermalblock:&apos;--alg=adaptive_greedy 2 2 10 30&apos;]" time="0.00038504600524902344"><skipped message="Suite splitting in effect" type="pytest.skip">src/pymortests/demos.py:175: Suite splitting in effect</skipped></testcase><testcase classname="src.pymortests.demos" file="src/pymortests/demos.py" line="175" name="test_demos[thermalblock:&apos;--alg=naive --reductor=traditional 2 2 10 5&apos;]" time="0.00044035911560058594"><skipped message="Suite splitting in effect" type="pytest.skip">src/pymortests/demos.py:175: Suite splitting in effect</skipped></testcase><testcase classname="src.pymortests.demos" file="src/pymortests/demos.py" line="175" name="test_demos[thermalblock_adaptive:&apos;10&apos;]" time="0.00038695335388183594"><skipped message="Suite splitting in effect" type="pytest.skip">src/pymortests/demos.py:175: Suite splitting in effect</skipped></testcase><testcase classname="src.pymortests.demos" file="src/pymortests/demos.py" line="175" name="test_demos[thermalblock_adaptive:&apos;--no-visualize-refinement 10&apos;]" time="0.0004572868347167969"><skipped message="Suite splitting in effect" type="pytest.skip">src/pymortests/demos.py:175: Suite splitting in effect</skipped></testcase><testcase classname="src.pymortests.demos" file="src/pymortests/demos.py" line="175" name="test_demos[thermalblock_simple:&apos;pymor naive 2 10 10&apos;]" time="0.0004093647003173828"><skipped message="Suite splitting in effect" type="pytest.skip">src/pymortests/demos.py:175: Suite splitting in effect</skipped></testcase><testcase classname="src.pymortests.demos" file="src/pymortests/demos.py" line="175" name="test_demos[thermalblock_simple:&apos;fenics greedy 2 10 10&apos;]" time="0.0004088878631591797"><skipped message="Suite splitting in effect" type="pytest.skip">src/pymortests/demos.py:175: Suite splitting in effect</skipped></testcase><testcase classname="src.pymortests.demos" file="src/pymortests/demos.py" line="175" name="test_demos[thermalblock_simple:&apos;ngsolve greedy 2 10 10&apos;]" time="0.00041294097900390625"><skipped message="Suite splitting in effect" type="pytest.skip">src/pymortests/demos.py:175: Suite splitting in effect</skipped></testcase><testcase classname="src.pymortests.demos" file="src/pymortests/demos.py" line="175" name="test_demos[thermalblock_simple:&apos;pymor-text adaptive_greedy -1 3 3&apos;]" time="0.0003924369812011719"><skipped message="Suite splitting in effect" type="pytest.skip">src/pymortests/demos.py:175: Suite splitting in effect</skipped></testcase><testcase classname="src.pymortests.demos" file="src/pymortests/demos.py" line="175" name="test_demos[thermalblock_gui:&apos;--testing 2 2 3 5&apos;]" time="0.0004029273986816406"><skipped message="Suite splitting in effect" type="pytest.skip">src/pymortests/demos.py:175: Suite splitting in effect</skipped></testcase><testcase classname="src.pymortests.demos" file="src/pymortests/demos.py" line="175" name="test_demos[burgers_ei:&apos;1 2 2 5 2 5 --plot-ei-err&apos;]" time="0.0004222393035888672"><skipped message="Suite splitting in effect" type="pytest.skip">src/pymortests/demos.py:175: Suite splitting in effect</skipped></testcase><testcase classname="src.pymortests.demos" file="src/pymortests/demos.py" line="175" name="test_demos[burgers_ei:&apos;1 2 2 5 2 5 --ei-alg=deim&apos;]" time="0.00040721893310546875"><skipped message="Suite splitting in effect" type="pytest.skip">src/pymortests/demos.py:175: Suite splitting in effect</skipped></testcase><testcase classname="src.pymortests.demos" file="src/pymortests/demos.py" line="175" name="test_demos[parabolic_mor:&apos;pymor greedy 2 3 1&apos;]" time="0.0004010200500488281"><skipped message="Suite splitting in effect" type="pytest.skip">src/pymortests/demos.py:175: Suite splitting in effect</skipped></testcase><testcase classname="src.pymortests.demos" file="src/pymortests/demos.py" line="175" name="test_demos[parabolic_mor:&apos;pymor pod 2 3 1&apos;]" time="0.00040650367736816406"><skipped message="Suite splitting in effect" type="pytest.skip">src/pymortests/demos.py:175: Suite splitting in effect</skipped></testcase><testcase classname="src.pymortests.demos" file="src/pymortests/demos.py" line="175" name="test_demos[parabolic_mor:&apos;fenics adaptive_greedy 2 3 1&apos;]" time="0.0004127025604248047"><skipped message="Suite splitting in effect" type="pytest.skip">src/pymortests/demos.py:175: Suite splitting in effect</skipped></testcase><testcase classname="src.pymortests.demos" file="src/pymortests/demos.py" line="175" name="test_demos[heat:&apos;&apos;]" time="0.00042724609375"><skipped message="Suite splitting in effect" type="pytest.skip">src/pymortests/demos.py:175: Suite splitting in effect</skipped></testcase><testcase classname="src.pymortests.demos" file="src/pymortests/demos.py" line="175" name="test_demos[delay:&apos;&apos;]" time="0.0003895759582519531"><skipped message="Suite splitting in effect" type="pytest.skip">src/pymortests/demos.py:175: Suite splitting in effect</skipped></testcase><testcase classname="src.pymortests.demos" file="src/pymortests/demos.py" line="175" name="test_demos[string_equation:&apos;&apos;]" time="0.0004417896270751953"><skipped message="Suite splitting in effect" type="pytest.skip">src/pymortests/demos.py:175: Suite splitting in effect</skipped></testcase><testcase classname="src.pymortests.demos" file="src/pymortests/demos.py" line="175" name="test_demos[hapod:&apos;--snap=3 0.01 10 100&apos;]" time="0.0004277229309082031"><skipped message="Suite splitting in effect" type="pytest.skip">src/pymortests/demos.py:175: Suite splitting in effect</skipped></testcase><testcase classname="src.pymortests.demos" file="src/pymortests/demos.py" line="175" name="test_demos[hapod:&apos;--snap=3 --threads=2 0.01 10 100&apos;]" time="0.0004115104675292969"><skipped message="Suite splitting in effect" type="pytest.skip">src/pymortests/demos.py:175: Suite splitting in effect</skipped></testcase><testcase classname="src.pymortests.demos" file="src/pymortests/demos.py" line="175" name="test_demos[hapod:&apos;--snap=3 --procs=2 0.01 10 100&apos;]" time="0.00038814544677734375"><skipped message="Suite splitting in effect" type="pytest.skip">src/pymortests/demos.py:175: Suite splitting in effect</skipped></testcase><testcase classname="src.pymortests.demos" file="src/pymortests/demos.py" line="181" name="test_analyze_pickle1" time="0.00042557716369628906"><skipped message="Suite splitting in effect" type="pytest.skip">src/pymortests/demos.py:181: Suite splitting in effect</skipped></testcase><testcase classname="src.pymortests.demos" file="src/pymortests/demos.py" line="191" name="test_analyze_pickle2" time="0.0003962516784667969"><skipped message="Suite splitting in effect" type="pytest.skip">src/pymortests/demos.py:191: Suite splitting in effect</skipped></testcase><testcase classname="src.pymortests.demos" file="src/pymortests/demos.py" line="202" name="test_analyze_pickle3" time="0.00041556358337402344"><skipped message="Suite splitting in effect" type="pytest.skip">src/pymortests/demos.py:202: Suite splitting in effect</skipped></testcase><testcase classname="src.pymortests.demos" file="src/pymortests/demos.py" line="213" name="test_analyze_pickle4" time="0.0004146099090576172"><skipped message="Suite splitting in effect" type="pytest.skip">src/pymortests/demos.py:213: Suite splitting in effect</skipped></testcase><testcase classname="src.pymortests.demos" file="src/pymortests/demos.py" line="223" name="test_thermalblock_ipython[elliptic:&apos;0 0 0 0&apos;]" time="0.0004153251647949219"><skipped message="Suite splitting in effect" type="pytest.skip">src/pymortests/demos.py:223: Suite splitting in effect</skipped></testcase><testcase classname="src.pymortests.demos" file="src/pymortests/demos.py" line="223" name="test_thermalblock_ipython[elliptic:&apos;1 2 0 3&apos;]" time="0.0004138946533203125"><skipped message="Suite splitting in effect" type="pytest.skip">src/pymortests/demos.py:223: Suite splitting in effect</skipped></testcase><testcase classname="src.pymortests.demos" file="src/pymortests/demos.py" line="223" name="test_thermalblock_ipython[elliptic:&apos;--rect 1 2 0 3&apos;]" time="0.0004112720489501953"><skipped message="Suite splitting in effect" type="pytest.skip">src/pymortests/demos.py:223: Suite splitting in effect</skipped></testcase><testcase classname="src.pymortests.demos" file="src/pymortests/demos.py" line="223" name="test_thermalblock_ipython[elliptic:&apos;0 0 2 1&apos;]" time="0.00042819976806640625"><skipped message="Suite splitting in effect" type="pytest.skip">src/pymortests/demos.py:223: Suite splitting in effect</skipped></testcase><testcase classname="src.pymortests.demos" file="src/pymortests/demos.py" line="223" name="test_thermalblock_ipython[elliptic:&apos;--fv 0 0 0 0&apos;]" time="0.0004074573516845703"><skipped message="Suite splitting in effect" type="pytest.skip">src/pymortests/demos.py:223: Suite splitting in effect</skipped></testcase><testcase classname="src.pymortests.demos" file="src/pymortests/demos.py" line="223" name="test_thermalblock_ipython[elliptic:&apos;--fv 1 2 0 3&apos;]" time="0.0004398822784423828"><skipped message="Suite splitting in effect" type="pytest.skip">src/pymortests/demos.py:223: Suite splitting in effect</skipped></testcase><testcase classname="src.pymortests.demos" file="src/pymortests/demos.py" line="223" name="test_thermalblock_ipython[elliptic:&apos;--fv --rect 1 2 0 3&apos;]" time="0.00040602684020996094"><skipped message="Suite splitting in effect" type="pytest.skip">src/pymortests/demos.py:223: Suite splitting in effect</skipped></testcase><testcase classname="src.pymortests.demos" file="src/pymortests/demos.py" line="223" name="test_thermalblock_ipython[elliptic:&apos;--fv 0 0 2 1&apos;]" time="0.00042366981506347656"><skipped message="Suite splitting in effect" type="pytest.skip">src/pymortests/demos.py:223: Suite splitting in effect</skipped></testcase><testcase classname="src.pymortests.demos" file="src/pymortests/demos.py" line="223" name="test_thermalblock_ipython[elliptic2:&apos;1 20&apos;]" time="0.0003952980041503906"><skipped message="Suite splitting in effect" type="pytest.skip">src/pymortests/demos.py:223: Suite splitting in effect</skipped></testcase><testcase classname="src.pymortests.demos" file="src/pymortests/demos.py" line="223" name="test_thermalblock_ipython[elliptic2:&apos;--fv 1 20&apos;]" time="0.00041484832763671875"><skipped message="Suite splitting in effect" type="pytest.skip">src/pymortests/demos.py:223: Suite splitting in effect</skipped></testcase><testcase classname="src.pymortests.demos" file="src/pymortests/demos.py" line="223" name="test_thermalblock_ipython[elliptic_oned:&apos;1 20&apos;]" time="0.0003943443298339844"><skipped message="Suite splitting in effect" type="pytest.skip">src/pymortests/demos.py:223: Suite splitting in effect</skipped></testcase><testcase classname="src.pymortests.demos" file="src/pymortests/demos.py" line="223" name="test_thermalblock_ipython[elliptic_oned:&apos;--fv 1 20&apos;]" time="0.0004546642303466797"><skipped message="Suite splitting in effect" type="pytest.skip">src/pymortests/demos.py:223: Suite splitting in effect</skipped></testcase><testcase classname="src.pymortests.demos" file="src/pymortests/demos.py" line="223" name="test_thermalblock_ipython[burgers:&apos;--num-flux=lax_friedrichs 0.1&apos;]" time="0.0004329681396484375"><skipped message="Suite splitting in effect" type="pytest.skip">src/pymortests/demos.py:223: Suite splitting in effect</skipped></testcase><testcase classname="src.pymortests.demos" file="src/pymortests/demos.py" line="223" name="test_thermalblock_ipython[burgers:&apos;--num-flux=engquist_osher 0.1&apos;]" time="0.0004315376281738281"><skipped message="Suite splitting in effect" type="pytest.skip">src/pymortests/demos.py:223: Suite splitting in effect</skipped></testcase><testcase classname="src.pymortests.demos" file="src/pymortests/demos.py" line="223" name="test_thermalblock_ipython[burgers:&apos;--num-flux=simplified_engquist_osher 0.1&apos;]" time="0.00042939186096191406"><skipped message="Suite splitting in effect" type="pytest.skip">src/pymortests/demos.py:223: Suite splitting in effect</skipped></testcase><testcase classname="src.pymortests.demos" file="src/pymortests/demos.py" line="223" name="test_thermalblock_ipython[parabolic:&apos;heat 1&apos;]" time="0.0006709098815917969"><skipped message="Suite splitting in effect" type="pytest.skip">src/pymortests/demos.py:223: Suite splitting in effect</skipped></testcase><testcase classname="src.pymortests.demos" file="src/pymortests/demos.py" line="223" name="test_thermalblock_ipython[parabolic:&apos;heat --rect 1&apos;]" time="0.0004210472106933594"><skipped message="Suite splitting in effect" type="pytest.skip">src/pymortests/demos.py:223: Suite splitting in effect</skipped></testcase><testcase classname="src.pymortests.demos" file="src/pymortests/demos.py" line="223" name="test_thermalblock_ipython[parabolic:&apos;heat --fv 1&apos;]" time="0.000415802001953125"><skipped message="Suite splitting in effect" type="pytest.skip">src/pymortests/demos.py:223: Suite splitting in effect</skipped></testcase><testcase classname="src.pymortests.demos" file="src/pymortests/demos.py" line="223" name="test_thermalblock_ipython[parabolic:&apos;heat --rect --fv 1&apos;]" time="0.0004665851593017578"><skipped message="Suite splitting in effect" type="pytest.skip">src/pymortests/demos.py:223: Suite splitting in effect</skipped></testcase><testcase classname="src.pymortests.demos" file="src/pymortests/demos.py" line="223" name="test_thermalblock_ipython[parabolic:&apos;dar 1&apos;]" time="0.0004050731658935547"><skipped message="Suite splitting in effect" type="pytest.skip">src/pymortests/demos.py:223: Suite splitting in effect</skipped></testcase><testcase classname="src.pymortests.demos" file="src/pymortests/demos.py" line="223" name="test_thermalblock_ipython[parabolic:&apos;dar --rect 1&apos;]" time="0.00041604042053222656"><skipped message="Suite splitting in effect" type="pytest.skip">src/pymortests/demos.py:223: Suite splitting in effect</skipped></testcase><testcase classname="src.pymortests.demos" file="src/pymortests/demos.py" line="223" name="test_thermalblock_ipython[elliptic_unstructured:&apos;6.0 16 0.1&apos;]" time="0.00041222572326660156"><skipped message="Suite splitting in effect" type="pytest.skip">src/pymortests/demos.py:223: Suite splitting in effect</skipped></testcase><testcase classname="src.pymortests.demos" file="src/pymortests/demos.py" line="223" name="test_thermalblock_ipython[thermalblock:&apos;--plot-solutions --plot-err --plot-error-sequence 2 2 3 5&apos;]" time="0.00041675567626953125"><skipped message="Suite splitting in effect" type="pytest.skip">src/pymortests/demos.py:223: Suite splitting in effect</skipped></testcase><testcase classname="src.pymortests.demos" file="src/pymortests/demos.py" line="223" name="test_thermalblock_ipython[thermalblock:&apos;--fenics 2 2 3 5&apos;]" time="0.0004112720489501953"><skipped message="Suite splitting in effect" type="pytest.skip">src/pymortests/demos.py:223: Suite splitting in effect</skipped></testcase><testcase classname="src.pymortests.demos" file="src/pymortests/demos.py" line="223" name="test_thermalblock_ipython[thermalblock:&apos;--greedy-without-estimator 3 1 2 5&apos;]" time="0.0004436969757080078"><skipped message="Suite splitting in effect" type="pytest.skip">src/pymortests/demos.py:223: Suite splitting in effect</skipped></testcase><testcase classname="src.pymortests.demos" file="src/pymortests/demos.py" line="223" name="test_thermalblock_ipython[thermalblock:&apos;--alg=pod 2 2 3 5&apos;]" time="0.0004413127899169922"><skipped message="Suite splitting in effect" type="pytest.skip">src/pymortests/demos.py:223: Suite splitting in effect</skipped></testcase><testcase classname="src.pymortests.demos" file="src/pymortests/demos.py" line="223" name="test_thermalblock_ipython[thermalblock:&apos;--alg=adaptive_greedy 2 2 10 30&apos;]" time="0.0004150867462158203"><skipped message="Suite splitting in effect" type="pytest.skip">src/pymortests/demos.py:223: Suite splitting in effect</skipped></testcase><testcase classname="src.pymortests.demos" file="src/pymortests/demos.py" line="223" name="test_thermalblock_ipython[thermalblock:&apos;--alg=naive --reductor=traditional 2 2 10 5&apos;]" time="0.00041794776916503906"><skipped message="Suite splitting in effect" type="pytest.skip">src/pymortests/demos.py:223: Suite splitting in effect</skipped></testcase><testcase classname="src.pymortests.demos" file="src/pymortests/demos.py" line="223" name="test_thermalblock_ipython[thermalblock_adaptive:&apos;10&apos;]" time="0.0004010200500488281"><skipped message="Suite splitting in effect" type="pytest.skip">src/pymortests/demos.py:223: Suite splitting in effect</skipped></testcase><testcase classname="src.pymortests.demos" file="src/pymortests/demos.py" line="223" name="test_thermalblock_ipython[thermalblock_adaptive:&apos;--no-visualize-refinement 10&apos;]" time="0.00041294097900390625"><skipped message="Suite splitting in effect" type="pytest.skip">src/pymortests/demos.py:223: Suite splitting in effect</skipped></testcase><testcase classname="src.pymortests.demos" file="src/pymortests/demos.py" line="223" name="test_thermalblock_ipython[thermalblock_simple:&apos;pymor naive 2 10 10&apos;]" time="0.00040912628173828125"><skipped message="Suite splitting in effect" type="pytest.skip">src/pymortests/demos.py:223: Suite splitting in effect</skipped></testcase><testcase classname="src.pymortests.demos" file="src/pymortests/demos.py" line="223" name="test_thermalblock_ipython[thermalblock_simple:&apos;fenics greedy 2 10 10&apos;]" time="0.0004265308380126953"><skipped message="Suite splitting in effect" type="pytest.skip">src/pymortests/demos.py:223: Suite splitting in effect</skipped></testcase><testcase classname="src.pymortests.demos" file="src/pymortests/demos.py" line="223" name="test_thermalblock_ipython[thermalblock_simple:&apos;ngsolve greedy 2 10 10&apos;]" time="0.00040912628173828125"><skipped message="Suite splitting in effect" type="pytest.skip">src/pymortests/demos.py:223: Suite splitting in effect</skipped></testcase><testcase classname="src.pymortests.demos" file="src/pymortests/demos.py" line="223" name="test_thermalblock_ipython[thermalblock_simple:&apos;pymor-text adaptive_greedy -1 3 3&apos;]" time="0.00041222572326660156"><skipped message="Suite splitting in effect" type="pytest.skip">src/pymortests/demos.py:223: Suite splitting in effect</skipped></testcase><testcase classname="src.pymortests.demos" file="src/pymortests/demos.py" line="223" name="test_thermalblock_ipython[thermalblock_gui:&apos;--testing 2 2 3 5&apos;]" time="0.00040912628173828125"><skipped message="Suite splitting in effect" type="pytest.skip">src/pymortests/demos.py:223: Suite splitting in effect</skipped></testcase><testcase classname="src.pymortests.demos" file="src/pymortests/demos.py" line="223" name="test_thermalblock_ipython[burgers_ei:&apos;1 2 2 5 2 5 --plot-ei-err&apos;]" time="0.0004093647003173828"><skipped message="Suite splitting in effect" type="pytest.skip">src/pymortests/demos.py:223: Suite splitting in effect</skipped></testcase><testcase classname="src.pymortests.demos" file="src/pymortests/demos.py" line="223" name="test_thermalblock_ipython[burgers_ei:&apos;1 2 2 5 2 5 --ei-alg=deim&apos;]" time="0.0004162788391113281"><skipped message="Suite splitting in effect" type="pytest.skip">src/pymortests/demos.py:223: Suite splitting in effect</skipped></testcase><testcase classname="src.pymortests.demos" file="src/pymortests/demos.py" line="223" name="test_thermalblock_ipython[parabolic_mor:&apos;pymor greedy 2 3 1&apos;]" time="0.00042939186096191406"><skipped message="Suite splitting in effect" type="pytest.skip">src/pymortests/demos.py:223: Suite splitting in effect</skipped></testcase><testcase classname="src.pymortests.demos" file="src/pymortests/demos.py" line="223" name="test_thermalblock_ipython[parabolic_mor:&apos;pymor pod 2 3 1&apos;]" time="0.0003986358642578125"><skipped message="Suite splitting in effect" type="pytest.skip">src/pymortests/demos.py:223: Suite splitting in effect</skipped></testcase><testcase classname="src.pymortests.demos" file="src/pymortests/demos.py" line="223" name="test_thermalblock_ipython[parabolic_mor:&apos;fenics adaptive_greedy 2 3 1&apos;]" time="0.00042438507080078125"><skipped message="Suite splitting in effect" type="pytest.skip">src/pymortests/demos.py:223: Suite splitting in effect</skipped></testcase><testcase classname="src.pymortests.demos" file="src/pymortests/demos.py" line="223" name="test_thermalblock_ipython[heat:&apos;&apos;]" time="0.0004172325134277344"><skipped message="Suite splitting in effect" type="pytest.skip">src/pymortests/demos.py:223: Suite splitting in effect</skipped></testcase><testcase classname="src.pymortests.demos" file="src/pymortests/demos.py" line="223" name="test_thermalblock_ipython[delay:&apos;&apos;]" time="0.0004227161407470703"><skipped message="Suite splitting in effect" type="pytest.skip">src/pymortests/demos.py:223: Suite splitting in effect</skipped></testcase><testcase classname="src.pymortests.demos" file="src/pymortests/demos.py" line="223" name="test_thermalblock_ipython[string_equation:&apos;&apos;]" time="0.00039577484130859375"><skipped message="Suite splitting in effect" type="pytest.skip">src/pymortests/demos.py:223: Suite splitting in effect</skipped></testcase><testcase classname="src.pymortests.demos" file="src/pymortests/demos.py" line="223" name="test_thermalblock_ipython[hapod:&apos;--snap=3 0.01 10 100&apos;]" time="0.00043392181396484375"><skipped message="Suite splitting in effect" type="pytest.skip">src/pymortests/demos.py:223: Suite splitting in effect</skipped></testcase><testcase classname="src.pymortests.demos" file="src/pymortests/demos.py" line="223" name="test_thermalblock_ipython[hapod:&apos;--snap=3 --threads=2 0.01 10 100&apos;]" time="0.000400543212890625"><skipped message="Suite splitting in effect" type="pytest.skip">src/pymortests/demos.py:223: Suite splitting in effect</skipped></testcase><testcase classname="src.pymortests.demos" file="src/pymortests/demos.py" line="223" name="test_thermalblock_ipython[hapod:&apos;--snap=3 --procs=2 0.01 10 100&apos;]" time="0.0004761219024658203"><skipped message="Suite splitting in effect" type="pytest.skip">src/pymortests/demos.py:223: Suite splitting in effect</skipped></testcase><testcase classname="src.pymortests.demos" file="src/pymortests/demos.py" line="237" name="test_thermalblock_results[thermalblock:&apos;--plot-solutions --plot-err --plot-error-sequence 2 2 3 5&apos;]" time="0.0004127025604248047"><skipped message="Suite splitting in effect" type="pytest.skip">src/pymortests/demos.py:237: Suite splitting in effect</skipped></testcase><testcase classname="src.pymortests.demos" file="src/pymortests/demos.py" line="237" name="test_thermalblock_results[thermalblock:&apos;--fenics 2 2 3 5&apos;]" time="0.0004143714904785156"><skipped message="Suite splitting in effect" type="pytest.skip">src/pymortests/demos.py:237: Suite splitting in effect</skipped></testcase><testcase classname="src.pymortests.demos" file="src/pymortests/demos.py" line="237" name="test_thermalblock_results[thermalblock:&apos;--greedy-without-estimator 3 1 2 5&apos;]" time="0.00041747093200683594"><skipped message="Suite splitting in effect" type="pytest.skip">src/pymortests/demos.py:237: Suite splitting in effect</skipped></testcase><testcase classname="src.pymortests.demos" file="src/pymortests/demos.py" line="237" name="test_thermalblock_results[thermalblock:&apos;--alg=pod 2 2 3 5&apos;]" time="0.0004131793975830078"><skipped message="Suite splitting in effect" type="pytest.skip">src/pymortests/demos.py:237: Suite splitting in effect</skipped></testcase><testcase classname="src.pymortests.demos" file="src/pymortests/demos.py" line="237" name="test_thermalblock_results[thermalblock:&apos;--alg=adaptive_greedy 2 2 10 30&apos;]" time="0.0004036426544189453"><skipped message="Suite splitting in effect" type="pytest.skip">src/pymortests/demos.py:237: Suite splitting in effect</skipped></testcase><testcase classname="src.pymortests.demos" file="src/pymortests/demos.py" line="237" name="test_thermalblock_results[thermalblock:&apos;--alg=naive --reductor=traditional 2 2 10 5&apos;]" time="0.00041222572326660156"><skipped message="Suite splitting in effect" type="pytest.skip">src/pymortests/demos.py:237: Suite splitting in effect</skipped></testcase><testcase classname="src.pymortests.demos" file="src/pymortests/demos.py" line="250" name="test_burgers_ei_results" time="0.0004093647003173828"><skipped message="Suite splitting in effect" type="pytest.skip">src/pymortests/demos.py:250: Suite splitting in effect</skipped></testcase><testcase classname="src.pymortests.demos" file="src/pymortests/demos.py" line="259" name="test_parabolic_mor_results" time="0.0004723072052001953"><skipped message="Suite splitting in effect" type="pytest.skip">src/pymortests/demos.py:259: Suite splitting in effect</skipped></testcase><testcase classname="src.pymortests.discretization" file="src/pymortests/discretization.py" line="13" name="test_pickle[&lt;lambda&gt;0]" time="0.0005092620849609375"><skipped message="Suite splitting in effect" type="pytest.skip">src/pymortests/discretization.py:13: Suite splitting in effect</skipped></testcase><testcase classname="src.pymortests.discretization" file="src/pymortests/discretization.py" line="13" name="test_pickle[&lt;lambda&gt;1]" time="0.0004296302795410156"><skipped message="Suite splitting in effect" type="pytest.skip">src/pymortests/discretization.py:13: Suite splitting in effect</skipped></testcase><testcase classname="src.pymortests.discretization" file="src/pymortests/discretization.py" line="13" name="test_pickle[&lt;lambda&gt;2]" time="0.00042438507080078125"><skipped message="Suite splitting in effect" type="pytest.skip">src/pymortests/discretization.py:13: Suite splitting in effect</skipped></testcase><testcase classname="src.pymortests.discretization" file="src/pymortests/discretization.py" line="13" name="test_pickle[&lt;lambda&gt;3]" time="0.0004067420959472656"><skipped message="Suite splitting in effect" type="pytest.skip">src/pymortests/discretization.py:13: Suite splitting in effect</skipped></testcase><testcase classname="src.pymortests.discretization" file="src/pymortests/discretization.py" line="13" name="test_pickle[&lt;lambda&gt;4]" time="0.0005474090576171875"><skipped message="Suite splitting in effect" type="pytest.skip">src/pymortests/discretization.py:13: Suite splitting in effect</skipped></testcase><testcase classname="src.pymortests.discretization" file="src/pymortests/discretization.py" line="13" name="test_pickle[&lt;lambda&gt;5]" time="0.0003902912139892578"><skipped message="Suite splitting in effect" type="pytest.skip">src/pymortests/discretization.py:13: Suite splitting in effect</skipped></testcase><testcase classname="src.pymortests.discretization" file="src/pymortests/discretization.py" line="13" name="test_pickle[&lt;lambda&gt;6]" time="0.0004162788391113281"><skipped message="Suite splitting in effect" type="pytest.skip">src/pymortests/discretization.py:13: Suite splitting in effect</skipped></testcase><testcase classname="src.pymortests.discretization" file="src/pymortests/discretization.py" line="13" name="test_pickle[&lt;lambda&gt;7]" time="0.0003871917724609375"><skipped message="Suite splitting in effect" type="pytest.skip">src/pymortests/discretization.py:13: Suite splitting in effect</skipped></testcase><testcase classname="src.pymortests.discretization" file="src/pymortests/discretization.py" line="13" name="test_pickle[&lt;lambda&gt;8]" time="0.0004322528839111328"><skipped message="Suite splitting in effect" type="pytest.skip">src/pymortests/discretization.py:13: Suite splitting in effect</skipped></testcase><testcase classname="src.pymortests.discretization" file="src/pymortests/discretization.py" line="13" name="test_pickle[&lt;lambda&gt;9]" time="0.0004127025604248047"><skipped message="Suite splitting in effect" type="pytest.skip">src/pymortests/discretization.py:13: Suite splitting in effect</skipped></testcase><testcase classname="src.pymortests.discretization" file="src/pymortests/discretization.py" line="13" name="test_pickle[&lt;lambda&gt;10]" time="0.0004055500030517578"><skipped message="Suite splitting in effect" type="pytest.skip">src/pymortests/discretization.py:13: Suite splitting in effect</skipped></testcase><testcase classname="src.pymortests.discretization" file="src/pymortests/discretization.py" line="13" name="test_pickle[&lt;lambda&gt;11]" time="0.00041365623474121094"><skipped message="Suite splitting in effect" type="pytest.skip">src/pymortests/discretization.py:13: Suite splitting in effect</skipped></testcase><testcase classname="src.pymortests.discretization" file="src/pymortests/discretization.py" line="13" name="test_pickle[&lt;lambda&gt;12]" time="0.0004057884216308594"><skipped message="Suite splitting in effect" type="pytest.skip">src/pymortests/discretization.py:13: Suite splitting in effect</skipped></testcase><testcase classname="src.pymortests.discretization" file="src/pymortests/discretization.py" line="13" name="test_pickle[&lt;lambda&gt;13]" time="0.00041985511779785156"><skipped message="Suite splitting in effect" type="pytest.skip">src/pymortests/discretization.py:13: Suite splitting in effect</skipped></testcase><testcase classname="src.pymortests.discretization" file="src/pymortests/discretization.py" line="13" name="test_pickle[&lt;lambda&gt;14]" time="0.0004038810729980469"><skipped message="Suite splitting in effect" type="pytest.skip">src/pymortests/discretization.py:13: Suite splitting in effect</skipped></testcase><testcase classname="src.pymortests.discretization" file="src/pymortests/discretization.py" line="13" name="test_pickle[&lt;lambda&gt;15]" time="0.0004162788391113281"><skipped message="Suite splitting in effect" type="pytest.skip">src/pymortests/discretization.py:13: Suite splitting in effect</skipped></testcase><testcase classname="src.pymortests.discretization" file="src/pymortests/discretization.py" line="13" name="test_pickle[&lt;lambda&gt;16]" time="0.0004177093505859375"><skipped message="Suite splitting in effect" type="pytest.skip">src/pymortests/discretization.py:13: Suite splitting in effect</skipped></testcase><testcase classname="src.pymortests.discretization" file="src/pymortests/discretization.py" line="13" name="test_pickle[&lt;lambda&gt;17]" time="0.00041985511779785156"><skipped message="Suite splitting in effect" type="pytest.skip">src/pymortests/discretization.py:13: Suite splitting in effect</skipped></testcase><testcase classname="src.pymortests.discretization" file="src/pymortests/discretization.py" line="13" name="test_pickle[&lt;lambda&gt;18]" time="0.0003895759582519531"><skipped message="Suite splitting in effect" type="pytest.skip">src/pymortests/discretization.py:13: Suite splitting in effect</skipped></testcase><testcase classname="src.pymortests.discretization" file="src/pymortests/discretization.py" line="13" name="test_pickle[&lt;lambda&gt;19]" time="0.0004436969757080078"><skipped message="Suite splitting in effect" type="pytest.skip">src/pymortests/discretization.py:13: Suite splitting in effect</skipped></testcase><testcase classname="src.pymortests.discretization" file="src/pymortests/discretization.py" line="13" name="test_pickle[&lt;lambda&gt;20]" time="0.00040721893310546875"><skipped message="Suite splitting in effect" type="pytest.skip">src/pymortests/discretization.py:13: Suite splitting in effect</skipped></testcase><testcase classname="src.pymortests.discretization" file="src/pymortests/discretization.py" line="13" name="test_pickle[&lt;lambda&gt;21]" time="0.0005128383636474609"><skipped message="Suite splitting in effect" type="pytest.skip">src/pymortests/discretization.py:13: Suite splitting in effect</skipped></testcase><testcase classname="src.pymortests.discretization" file="src/pymortests/discretization.py" line="13" name="test_pickle[&lt;lambda&gt;22]" time="0.0004322528839111328"><skipped message="Suite splitting in effect" type="pytest.skip">src/pymortests/discretization.py:13: Suite splitting in effect</skipped></testcase><testcase classname="src.pymortests.discretization" file="src/pymortests/discretization.py" line="13" name="test_pickle[&lt;lambda&gt;23]" time="0.0004343986511230469"><skipped message="Suite splitting in effect" type="pytest.skip">src/pymortests/discretization.py:13: Suite splitting in effect</skipped></testcase><testcase classname="src.pymortests.discretization" file="src/pymortests/discretization.py" line="17" name="test_pickle_without_dumps_function[&lt;lambda&gt;0]" time="0.00044345855712890625"><skipped message="Suite splitting in effect" type="pytest.skip">src/pymortests/discretization.py:17: Suite splitting in effect</skipped></testcase><testcase classname="src.pymortests.discretization" file="src/pymortests/discretization.py" line="17" name="test_pickle_without_dumps_function[&lt;lambda&gt;1]" time="0.0004017353057861328"><skipped message="Suite splitting in effect" type="pytest.skip">src/pymortests/discretization.py:17: Suite splitting in effect</skipped></testcase><testcase classname="src.pymortests.discretization" file="src/pymortests/discretization.py" line="17" name="test_pickle_without_dumps_function[&lt;lambda&gt;2]" time="0.0004048347473144531"><skipped message="Suite splitting in effect" type="pytest.skip">src/pymortests/discretization.py:17: Suite splitting in effect</skipped></testcase><testcase classname="src.pymortests.discretization" file="src/pymortests/discretization.py" line="17" name="test_pickle_without_dumps_function[&lt;lambda&gt;3]" time="0.0004029273986816406"><skipped message="Suite splitting in effect" type="pytest.skip">src/pymortests/discretization.py:17: Suite splitting in effect</skipped></testcase><testcase classname="src.pymortests.discretization" file="src/pymortests/discretization.py" line="17" name="test_pickle_without_dumps_function[&lt;lambda&gt;4]" time="0.0003917217254638672"><skipped message="Suite splitting in effect" type="pytest.skip">src/pymortests/discretization.py:17: Suite splitting in effect</skipped></testcase><testcase classname="src.pymortests.discretization" file="src/pymortests/discretization.py" line="17" name="test_pickle_without_dumps_function[&lt;lambda&gt;5]" time="0.0004165172576904297"><skipped message="Suite splitting in effect" type="pytest.skip">src/pymortests/discretization.py:17: Suite splitting in effect</skipped></testcase><testcase classname="src.pymortests.discretization" file="src/pymortests/discretization.py" line="17" name="test_pickle_without_dumps_function[&lt;lambda&gt;6]" time="0.0003943443298339844"><skipped message="Suite splitting in effect" type="pytest.skip">src/pymortests/discretization.py:17: Suite splitting in effect</skipped></testcase><testcase classname="src.pymortests.discretization" file="src/pymortests/discretization.py" line="17" name="test_pickle_without_dumps_function[&lt;lambda&gt;7]" time="0.00040411949157714844"><skipped message="Suite splitting in effect" type="pytest.skip">src/pymortests/discretization.py:17: Suite splitting in effect</skipped></testcase><testcase classname="src.pymortests.discretization" file="src/pymortests/discretization.py" line="17" name="test_pickle_without_dumps_function[&lt;lambda&gt;8]" time="0.0004544258117675781"><skipped message="Suite splitting in effect" type="pytest.skip">src/pymortests/discretization.py:17: Suite splitting in effect</skipped></testcase><testcase classname="src.pymortests.discretization" file="src/pymortests/discretization.py" line="17" name="test_pickle_without_dumps_function[&lt;lambda&gt;9]" time="0.0003883838653564453"><skipped message="Suite splitting in effect" type="pytest.skip">src/pymortests/discretization.py:17: Suite splitting in effect</skipped></testcase><testcase classname="src.pymortests.discretization" file="src/pymortests/discretization.py" line="17" name="test_pickle_without_dumps_function[&lt;lambda&gt;10]" time="0.0004222393035888672"><skipped message="Suite splitting in effect" type="pytest.skip">src/pymortests/discretization.py:17: Suite splitting in effect</skipped></testcase><testcase classname="src.pymortests.discretization" file="src/pymortests/discretization.py" line="17" name="test_pickle_without_dumps_function[&lt;lambda&gt;11]" time="0.0003883838653564453"><skipped message="Suite splitting in effect" type="pytest.skip">src/pymortests/discretization.py:17: Suite splitting in effect</skipped></testcase><testcase classname="src.pymortests.discretization" file="src/pymortests/discretization.py" line="17" name="test_pickle_without_dumps_function[&lt;lambda&gt;12]" time="0.00042891502380371094"><skipped message="Suite splitting in effect" type="pytest.skip">src/pymortests/discretization.py:17: Suite splitting in effect</skipped></testcase><testcase classname="src.pymortests.discretization" file="src/pymortests/discretization.py" line="17" name="test_pickle_without_dumps_function[&lt;lambda&gt;13]" time="0.0003910064697265625"><skipped message="Suite splitting in effect" type="pytest.skip">src/pymortests/discretization.py:17: Suite splitting in effect</skipped></testcase><testcase classname="src.pymortests.discretization" file="src/pymortests/discretization.py" line="17" name="test_pickle_without_dumps_function[&lt;lambda&gt;14]" time="0.00042319297790527344"><skipped message="Suite splitting in effect" type="pytest.skip">src/pymortests/discretization.py:17: Suite splitting in effect</skipped></testcase><testcase classname="src.pymortests.discretization" file="src/pymortests/discretization.py" line="17" name="test_pickle_without_dumps_function[&lt;lambda&gt;15]" time="0.00040531158447265625"><skipped message="Suite splitting in effect" type="pytest.skip">src/pymortests/discretization.py:17: Suite splitting in effect</skipped></testcase><testcase classname="src.pymortests.discretization" file="src/pymortests/discretization.py" line="17" name="test_pickle_without_dumps_function[&lt;lambda&gt;16]" time="0.00040650367736816406"><skipped message="Suite splitting in effect" type="pytest.skip">src/pymortests/discretization.py:17: Suite splitting in effect</skipped></testcase><testcase classname="src.pymortests.discretization" file="src/pymortests/discretization.py" line="17" name="test_pickle_without_dumps_function[&lt;lambda&gt;17]" time="0.00039196014404296875"><skipped message="Suite splitting in effect" type="pytest.skip">src/pymortests/discretization.py:17: Suite splitting in effect</skipped></testcase><testcase classname="src.pymortests.discretization" file="src/pymortests/discretization.py" line="17" name="test_pickle_without_dumps_function[&lt;lambda&gt;18]" time="0.0004162788391113281"><skipped message="Suite splitting in effect" type="pytest.skip">src/pymortests/discretization.py:17: Suite splitting in effect</skipped></testcase><testcase classname="src.pymortests.discretization" file="src/pymortests/discretization.py" line="17" name="test_pickle_without_dumps_function[&lt;lambda&gt;19]" time="0.000392913818359375"><skipped message="Suite splitting in effect" type="pytest.skip">src/pymortests/discretization.py:17: Suite splitting in effect</skipped></testcase><testcase classname="src.pymortests.discretization" file="src/pymortests/discretization.py" line="17" name="test_pickle_without_dumps_function[&lt;lambda&gt;20]" time="0.0004208087921142578"><skipped message="Suite splitting in effect" type="pytest.skip">src/pymortests/discretization.py:17: Suite splitting in effect</skipped></testcase><testcase classname="src.pymortests.discretization" file="src/pymortests/discretization.py" line="17" name="test_pickle_without_dumps_function[&lt;lambda&gt;21]" time="0.00041484832763671875"><skipped message="Suite splitting in effect" type="pytest.skip">src/pymortests/discretization.py:17: Suite splitting in effect</skipped></testcase><testcase classname="src.pymortests.discretization" file="src/pymortests/discretization.py" line="21" name="test_pickle_by_solving[&lt;lambda&gt;0]" time="0.00040602684020996094"><skipped message="Suite splitting in effect" type="pytest.skip">src/pymortests/discretization.py:21: Suite splitting in effect</skipped></testcase><testcase classname="src.pymortests.discretization" file="src/pymortests/discretization.py" line="21" name="test_pickle_by_solving[&lt;lambda&gt;1]" time="0.00040721893310546875"><skipped message="Suite splitting in effect" type="pytest.skip">src/pymortests/discretization.py:21: Suite splitting in effect</skipped></testcase><testcase classname="src.pymortests.discretization" file="src/pymortests/discretization.py" line="21" name="test_pickle_by_solving[&lt;lambda&gt;2]" time="0.0004942417144775391"><skipped message="Suite splitting in effect" type="pytest.skip">src/pymortests/discretization.py:21: Suite splitting in effect</skipped></testcase><testcase classname="src.pymortests.discretization" file="src/pymortests/discretization.py" line="21" name="test_pickle_by_solving[&lt;lambda&gt;3]" time="0.0004112720489501953"><skipped message="Suite splitting in effect" type="pytest.skip">src/pymortests/discretization.py:21: Suite splitting in effect</skipped></testcase><testcase classname="src.pymortests.discretization" file="src/pymortests/discretization.py" line="21" name="test_pickle_by_solving[&lt;lambda&gt;4]" time="0.0004100799560546875"><skipped message="Suite splitting in effect" type="pytest.skip">src/pymortests/discretization.py:21: Suite splitting in effect</skipped></testcase><testcase classname="src.pymortests.discretization" file="src/pymortests/discretization.py" line="21" name="test_pickle_by_solving[&lt;lambda&gt;5]" time="0.0011408329010009766"><skipped message="Suite splitting in effect" type="pytest.skip">src/pymortests/discretization.py:21: Suite splitting in effect</skipped></testcase><testcase classname="src.pymortests.discretization" file="src/pymortests/discretization.py" line="21" name="test_pickle_by_solving[&lt;lambda&gt;6]" time="0.00040984153747558594"><skipped message="Suite splitting in effect" type="pytest.skip">src/pymortests/discretization.py:21: Suite splitting in effect</skipped></testcase><testcase classname="src.pymortests.discretization" file="src/pymortests/discretization.py" line="21" name="test_pickle_by_solving[&lt;lambda&gt;7]" time="0.0004038810729980469"><skipped message="Suite splitting in effect" type="pytest.skip">src/pymortests/discretization.py:21: Suite splitting in effect</skipped></testcase><testcase classname="src.pymortests.discretization" file="src/pymortests/discretization.py" line="21" name="test_pickle_by_solving[&lt;lambda&gt;8]" time="0.0004069805145263672"><skipped message="Suite splitting in effect" type="pytest.skip">src/pymortests/discretization.py:21: Suite splitting in effect</skipped></testcase><testcase classname="src.pymortests.discretization" file="src/pymortests/discretization.py" line="21" name="test_pickle_by_solving[&lt;lambda&gt;9]" time="0.00041985511779785156"><skipped message="Suite splitting in effect" type="pytest.skip">src/pymortests/discretization.py:21: Suite splitting in effect</skipped></testcase><testcase classname="src.pymortests.discretization" file="src/pymortests/discretization.py" line="21" name="test_pickle_by_solving[&lt;lambda&gt;10]" time="0.0006551742553710938"><skipped message="Suite splitting in effect" type="pytest.skip">src/pymortests/discretization.py:21: Suite splitting in effect</skipped></testcase><testcase classname="src.pymortests.discretization" file="src/pymortests/discretization.py" line="21" name="test_pickle_by_solving[&lt;lambda&gt;11]" time="0.00040721893310546875"><skipped message="Suite splitting in effect" type="pytest.skip">src/pymortests/discretization.py:21: Suite splitting in effect</skipped></testcase><testcase classname="src.pymortests.discretization" file="src/pymortests/discretization.py" line="21" name="test_pickle_by_solving[&lt;lambda&gt;12]" time="0.00041174888610839844"><skipped message="Suite splitting in effect" type="pytest.skip">src/pymortests/discretization.py:21: Suite splitting in effect</skipped></testcase><testcase classname="src.pymortests.discretization" file="src/pymortests/discretization.py" line="21" name="test_pickle_by_solving[&lt;lambda&gt;13]" time="0.0004119873046875"><skipped message="Suite splitting in effect" type="pytest.skip">src/pymortests/discretization.py:21: Suite splitting in effect</skipped></testcase><testcase classname="src.pymortests.discretization" file="src/pymortests/discretization.py" line="21" name="test_pickle_by_solving[&lt;lambda&gt;14]" time="0.0003910064697265625"><skipped message="Suite splitting in effect" type="pytest.skip">src/pymortests/discretization.py:21: Suite splitting in effect</skipped></testcase><testcase classname="src.pymortests.discretization" file="src/pymortests/discretization.py" line="21" name="test_pickle_by_solving[&lt;lambda&gt;15]" time="0.00042176246643066406"><skipped message="Suite splitting in effect" type="pytest.skip">src/pymortests/discretization.py:21: Suite splitting in effect</skipped></testcase><testcase classname="src.pymortests.discretization" file="src/pymortests/discretization.py" line="21" name="test_pickle_by_solving[&lt;lambda&gt;16]" time="0.0003914833068847656"><skipped message="Suite splitting in effect" type="pytest.skip">src/pymortests/discretization.py:21: Suite splitting in effect</skipped></testcase><testcase classname="src.pymortests.discretization" file="src/pymortests/discretization.py" line="21" name="test_pickle_by_solving[&lt;lambda&gt;17]" time="0.0004901885986328125"><skipped message="Suite splitting in effect" type="pytest.skip">src/pymortests/discretization.py:21: Suite splitting in effect</skipped></testcase><testcase classname="src.pymortests.discretization" file="src/pymortests/discretization.py" line="21" name="test_pickle_by_solving[&lt;lambda&gt;18]" time="0.0004184246063232422"><skipped message="Suite splitting in effect" type="pytest.skip">src/pymortests/discretization.py:21: Suite splitting in effect</skipped></testcase><testcase classname="src.pymortests.discretization" file="src/pymortests/discretization.py" line="21" name="test_pickle_by_solving[&lt;lambda&gt;19]" time="0.0004038810729980469"><skipped message="Suite splitting in effect" type="pytest.skip">src/pymortests/discretization.py:21: Suite splitting in effect</skipped></testcase><testcase classname="src.pymortests.discretization" file="src/pymortests/discretization.py" line="21" name="test_pickle_by_solving[&lt;lambda&gt;20]" time="0.00041222572326660156"><skipped message="Suite splitting in effect" type="pytest.skip">src/pymortests/discretization.py:21: Suite splitting in effect</skipped></testcase><testcase classname="src.pymortests.discretization" file="src/pymortests/discretization.py" line="21" name="test_pickle_by_solving[&lt;lambda&gt;21]" time="0.0004000663757324219"><skipped message="Suite splitting in effect" type="pytest.skip">src/pymortests/discretization.py:21: Suite splitting in effect</skipped></testcase><testcase classname="src.pymortests.discretization" file="src/pymortests/discretization.py" line="21" name="test_pickle_by_solving[&lt;lambda&gt;22]" time="0.0004134178161621094"><skipped message="Suite splitting in effect" type="pytest.skip">src/pymortests/discretization.py:21: Suite splitting in effect</skipped></testcase><testcase classname="src.pymortests.discretization" file="src/pymortests/discretization.py" line="21" name="test_pickle_by_solving[&lt;lambda&gt;23]" time="0.0004012584686279297"><skipped message="Suite splitting in effect" type="pytest.skip">src/pymortests/discretization.py:21: Suite splitting in effect</skipped></testcase><testcase classname="src.pymortests.function" file="src/pymortests/function.py" line="26" name="test_evaluate[function0]" time="0.0004818439483642578"><skipped message="Suite splitting in effect" type="pytest.skip">src/pymortests/function.py:26: Suite splitting in effect</skipped></testcase><testcase classname="src.pymortests.function" file="src/pymortests/function.py" line="26" name="test_evaluate[function1]" time="0.00043010711669921875"><skipped message="Suite splitting in effect" type="pytest.skip">src/pymortests/function.py:26: Suite splitting in effect</skipped></testcase><testcase classname="src.pymortests.function" file="src/pymortests/function.py" line="26" name="test_evaluate[function2]" time="0.0003905296325683594"><skipped message="Suite splitting in effect" type="pytest.skip">src/pymortests/function.py:26: Suite splitting in effect</skipped></testcase><testcase classname="src.pymortests.function" file="src/pymortests/function.py" line="26" name="test_evaluate[function3]" time="0.0004303455352783203"><skipped message="Suite splitting in effect" type="pytest.skip">src/pymortests/function.py:26: Suite splitting in effect</skipped></testcase><testcase classname="src.pymortests.function" file="src/pymortests/function.py" line="26" name="test_evaluate[function4]" time="0.00040602684020996094"><skipped message="Suite splitting in effect" type="pytest.skip">src/pymortests/function.py:26: Suite splitting in effect</skipped></testcase><testcase classname="src.pymortests.function" file="src/pymortests/function.py" line="26" name="test_evaluate[function5]" time="0.000431060791015625"><skipped message="Suite splitting in effect" type="pytest.skip">src/pymortests/function.py:26: Suite splitting in effect</skipped></testcase><testcase classname="src.pymortests.function" file="src/pymortests/function.py" line="26" name="test_evaluate[function6]" time="0.00040912628173828125"><skipped message="Suite splitting in effect" type="pytest.skip">src/pymortests/function.py:26: Suite splitting in effect</skipped></testcase><testcase classname="src.pymortests.function" file="src/pymortests/function.py" line="26" name="test_evaluate[function7]" time="0.00041675567626953125"><skipped message="Suite splitting in effect" type="pytest.skip">src/pymortests/function.py:26: Suite splitting in effect</skipped></testcase><testcase classname="src.pymortests.function" file="src/pymortests/function.py" line="26" name="test_evaluate[function8]" time="0.0004153251647949219"><skipped message="Suite splitting in effect" type="pytest.skip">src/pymortests/function.py:26: Suite splitting in effect</skipped></testcase><testcase classname="src.pymortests.function" file="src/pymortests/function.py" line="26" name="test_evaluate[function9]" time="0.00044655799865722656"><skipped message="Suite splitting in effect" type="pytest.skip">src/pymortests/function.py:26: Suite splitting in effect</skipped></testcase><testcase classname="src.pymortests.function" file="src/pymortests/function.py" line="26" name="test_evaluate[function10]" time="0.00041985511779785156"><skipped message="Suite splitting in effect" type="pytest.skip">src/pymortests/function.py:26: Suite splitting in effect</skipped></testcase><testcase classname="src.pymortests.function" file="src/pymortests/function.py" line="26" name="test_evaluate[function11]" time="0.00044417381286621094"><skipped message="Suite splitting in effect" type="pytest.skip">src/pymortests/function.py:26: Suite splitting in effect</skipped></testcase><testcase classname="src.pymortests.function" file="src/pymortests/function.py" line="35" name="test_lincomb_function" time="0.0004017353057861328"><skipped message="Suite splitting in effect" type="pytest.skip">src/pymortests/function.py:35: Suite splitting in effect</skipped></testcase><testcase classname="src.pymortests.function" file="src/pymortests/function.py" line="58" name="test_pickle[function0]" time="0.0004169940948486328"><skipped message="Suite splitting in effect" type="pytest.skip">src/pymortests/function.py:58: Suite splitting in effect</skipped></testcase><testcase classname="src.pymortests.function" file="src/pymortests/function.py" line="58" name="test_pickle[function1]" time="0.000415802001953125"><skipped message="Suite splitting in effect" type="pytest.skip">src/pymortests/function.py:58: Suite splitting in effect</skipped></testcase><testcase classname="src.pymortests.function" file="src/pymortests/function.py" line="58" name="test_pickle[function2]" time="0.0004069805145263672"><skipped message="Suite splitting in effect" type="pytest.skip">src/pymortests/function.py:58: Suite splitting in effect</skipped></testcase><testcase classname="src.pymortests.function" file="src/pymortests/function.py" line="58" name="test_pickle[function3]" time="0.00041794776916503906"><skipped message="Suite splitting in effect" type="pytest.skip">src/pymortests/function.py:58: Suite splitting in effect</skipped></testcase><testcase classname="src.pymortests.function" file="src/pymortests/function.py" line="58" name="test_pickle[function4]" time="0.0004177093505859375"><skipped message="Suite splitting in effect" type="pytest.skip">src/pymortests/function.py:58: Suite splitting in effect</skipped></testcase><testcase classname="src.pymortests.function" file="src/pymortests/function.py" line="58" name="test_pickle[function5]" time="0.00038933753967285156"><skipped message="Suite splitting in effect" type="pytest.skip">src/pymortests/function.py:58: Suite splitting in effect</skipped></testcase><testcase classname="src.pymortests.function" file="src/pymortests/function.py" line="58" name="test_pickle[function6]" time="0.0004153251647949219"><skipped message="Suite splitting in effect" type="pytest.skip">src/pymortests/function.py:58: Suite splitting in effect</skipped></testcase><testcase classname="src.pymortests.function" file="src/pymortests/function.py" line="58" name="test_pickle[function7]" time="0.00038433074951171875"><skipped message="Suite splitting in effect" type="pytest.skip">src/pymortests/function.py:58: Suite splitting in effect</skipped></testcase><testcase classname="src.pymortests.function" file="src/pymortests/function.py" line="58" name="test_pickle[function8]" time="0.00044989585876464844"><skipped message="Suite splitting in effect" type="pytest.skip">src/pymortests/function.py:58: Suite splitting in effect</skipped></testcase><testcase classname="src.pymortests.function" file="src/pymortests/function.py" line="58" name="test_pickle[function9]" time="0.0003943443298339844"><skipped message="Suite splitting in effect" type="pytest.skip">src/pymortests/function.py:58: Suite splitting in effect</skipped></testcase><testcase classname="src.pymortests.function" file="src/pymortests/function.py" line="58" name="test_pickle[function10]" time="0.0004010200500488281"><skipped message="Suite splitting in effect" type="pytest.skip">src/pymortests/function.py:58: Suite splitting in effect</skipped></testcase><testcase classname="src.pymortests.function" file="src/pymortests/function.py" line="58" name="test_pickle[function11]" time="0.0004062652587890625"><skipped message="Suite splitting in effect" type="pytest.skip">src/pymortests/function.py:58: Suite splitting in effect</skipped></testcase><testcase classname="src.pymortests.function" file="src/pymortests/function.py" line="62" name="test_pickle_without_dumps_function[picklable_function0]" time="0.00042510032653808594"><skipped message="Suite splitting in effect" type="pytest.skip">src/pymortests/function.py:62: Suite splitting in effect</skipped></testcase><testcase classname="src.pymortests.function" file="src/pymortests/function.py" line="62" name="test_pickle_without_dumps_function[picklable_function1]" time="0.0004012584686279297"><skipped message="Suite splitting in effect" type="pytest.skip">src/pymortests/function.py:62: Suite splitting in effect</skipped></testcase><testcase classname="src.pymortests.function" file="src/pymortests/function.py" line="62" name="test_pickle_without_dumps_function[picklable_function2]" time="0.0004420280456542969"><skipped message="Suite splitting in effect" type="pytest.skip">src/pymortests/function.py:62: Suite splitting in effect</skipped></testcase><testcase classname="src.pymortests.function" file="src/pymortests/function.py" line="62" name="test_pickle_without_dumps_function[picklable_function3]" time="0.000385284423828125"><skipped message="Suite splitting in effect" type="pytest.skip">src/pymortests/function.py:62: Suite splitting in effect</skipped></testcase><testcase classname="src.pymortests.function" file="src/pymortests/function.py" line="62" name="test_pickle_without_dumps_function[picklable_function4]" time="0.00044536590576171875"><skipped message="Suite splitting in effect" type="pytest.skip">src/pymortests/function.py:62: Suite splitting in effect</skipped></testcase><testcase classname="src.pymortests.function" file="src/pymortests/function.py" line="62" name="test_pickle_without_dumps_function[picklable_function5]" time="0.00039076805114746094"><skipped message="Suite splitting in effect" type="pytest.skip">src/pymortests/function.py:62: Suite splitting in effect</skipped></testcase><testcase classname="src.pymortests.function" file="src/pymortests/function.py" line="62" name="test_pickle_without_dumps_function[picklable_function6]" time="0.0004372596740722656"><skipped message="Suite splitting in effect" type="pytest.skip">src/pymortests/function.py:62: Suite splitting in effect</skipped></testcase><testcase classname="src.pymortests.function" file="src/pymortests/function.py" line="62" name="test_pickle_without_dumps_function[picklable_function7]" time="0.00039649009704589844"><skipped message="Suite splitting in effect" type="pytest.skip">src/pymortests/function.py:62: Suite splitting in effect</skipped></testcase><testcase classname="src.pymortests.function" file="src/pymortests/function.py" line="66" name="test_pickle_by_evaluation[function0]" time="0.0004334449768066406"><skipped message="Suite splitting in effect" type="pytest.skip">src/pymortests/function.py:66: Suite splitting in effect</skipped></testcase><testcase classname="src.pymortests.function" file="src/pymortests/function.py" line="66" name="test_pickle_by_evaluation[function1]" time="0.0004024505615234375"><skipped message="Suite splitting in effect" type="pytest.skip">src/pymortests/function.py:66: Suite splitting in effect</skipped></testcase><testcase classname="src.pymortests.function" file="src/pymortests/function.py" line="66" name="test_pickle_by_evaluation[function2]" time="0.0004093647003173828"><skipped message="Suite splitting in effect" type="pytest.skip">src/pymortests/function.py:66: Suite splitting in effect</skipped></testcase><testcase classname="src.pymortests.function" file="src/pymortests/function.py" line="66" name="test_pickle_by_evaluation[function3]" time="0.0003871917724609375"><skipped message="Suite splitting in effect" type="pytest.skip">src/pymortests/function.py:66: Suite splitting in effect</skipped></testcase><testcase classname="src.pymortests.function" file="src/pymortests/function.py" line="66" name="test_pickle_by_evaluation[function4]" time="0.0004405975341796875"><skipped message="Suite splitting in effect" type="pytest.skip">src/pymortests/function.py:66: Suite splitting in effect</skipped></testcase><testcase classname="src.pymortests.function" file="src/pymortests/function.py" line="66" name="test_pickle_by_evaluation[function5]" time="0.0004248619079589844"><skipped message="Suite splitting in effect" type="pytest.skip">src/pymortests/function.py:66: Suite splitting in effect</skipped></testcase><testcase classname="src.pymortests.function" file="src/pymortests/function.py" line="66" name="test_pickle_by_evaluation[function6]" time="0.0004267692565917969"><skipped message="Suite splitting in effect" type="pytest.skip">src/pymortests/function.py:66: Suite splitting in effect</skipped></testcase><testcase classname="src.pymortests.function" file="src/pymortests/function.py" line="66" name="test_pickle_by_evaluation[function7]" time="0.00039958953857421875"><skipped message="Suite splitting in effect" type="pytest.skip">src/pymortests/function.py:66: Suite splitting in effect</skipped></testcase><testcase classname="src.pymortests.function" file="src/pymortests/function.py" line="66" name="test_pickle_by_evaluation[function8]" time="0.00042700767517089844"><skipped message="Suite splitting in effect" type="pytest.skip">src/pymortests/function.py:66: Suite splitting in effect</skipped></testcase><testcase classname="src.pymortests.function" file="src/pymortests/function.py" line="66" name="test_pickle_by_evaluation[function9]" time="0.0004105567932128906"><skipped message="Suite splitting in effect" type="pytest.skip">src/pymortests/function.py:66: Suite splitting in effect</skipped></testcase><testcase classname="src.pymortests.function" file="src/pymortests/function.py" line="66" name="test_pickle_by_evaluation[function10]" time="0.000408172607421875"><skipped message="Suite splitting in effect" type="pytest.skip">src/pymortests/function.py:66: Suite splitting in effect</skipped></testcase><testcase classname="src.pymortests.function" file="src/pymortests/function.py" line="66" name="test_pickle_by_evaluation[function11]" time="0.0003848075866699219"><skipped message="Suite splitting in effect" type="pytest.skip">src/pymortests/function.py:66: Suite splitting in effect</skipped></testcase><testcase classname="src.pymortests.grid" file="src/pymortests/grid.py" line="28" name="test_dim[&lt;lambda&gt;0]" time="0.00048351287841796875"><skipped message="Suite splitting in effect" type="pytest.skip">src/pymortests/grid.py:28: Suite splitting in effect</skipped></testcase><testcase classname="src.pymortests.grid" file="src/pymortests/grid.py" line="28" name="test_dim[&lt;lambda&gt;1]" time="0.0004124641418457031"><skipped message="Suite splitting in effect" type="pytest.skip">src/pymortests/grid.py:28: Suite splitting in effect</skipped></testcase><testcase classname="src.pymortests.grid" file="src/pymortests/grid.py" line="28" name="test_dim[&lt;lambda&gt;2]" time="0.0004074573516845703"><skipped message="Suite splitting in effect" type="pytest.skip">src/pymortests/grid.py:28: Suite splitting in effect</skipped></testcase><testcase classname="src.pymortests.grid" file="src/pymortests/grid.py" line="28" name="test_dim[&lt;lambda&gt;3]" time="0.0004353523254394531"><skipped message="Suite splitting in effect" type="pytest.skip">src/pymortests/grid.py:28: Suite splitting in effect</skipped></testcase><testcase classname="src.pymortests.grid" file="src/pymortests/grid.py" line="28" name="test_dim[&lt;lambda&gt;4]" time="0.0004334449768066406"><skipped message="Suite splitting in effect" type="pytest.skip">src/pymortests/grid.py:28: Suite splitting in effect</skipped></testcase><testcase classname="src.pymortests.grid" file="src/pymortests/grid.py" line="28" name="test_dim[&lt;lambda&gt;5]" time="0.000400543212890625"><skipped message="Suite splitting in effect" type="pytest.skip">src/pymortests/grid.py:28: Suite splitting in effect</skipped></testcase><testcase classname="src.pymortests.grid" file="src/pymortests/grid.py" line="28" name="test_dim[&lt;lambda&gt;6]" time="0.0004153251647949219"><skipped message="Suite splitting in effect" type="pytest.skip">src/pymortests/grid.py:28: Suite splitting in effect</skipped></testcase><testcase classname="src.pymortests.grid" file="src/pymortests/grid.py" line="28" name="test_dim[&lt;lambda&gt;7]" time="0.0003867149353027344"><skipped message="Suite splitting in effect" type="pytest.skip">src/pymortests/grid.py:28: Suite splitting in effect</skipped></testcase><testcase classname="src.pymortests.grid" file="src/pymortests/grid.py" line="28" name="test_dim[&lt;lambda&gt;8]" time="0.0004150867462158203"><skipped message="Suite splitting in effect" type="pytest.skip">src/pymortests/grid.py:28: Suite splitting in effect</skipped></testcase><testcase classname="src.pymortests.grid" file="src/pymortests/grid.py" line="28" name="test_dim[&lt;lambda&gt;9]" time="0.0003883838653564453"><skipped message="Suite splitting in effect" type="pytest.skip">src/pymortests/grid.py:28: Suite splitting in effect</skipped></testcase><testcase classname="src.pymortests.grid" file="src/pymortests/grid.py" line="28" name="test_dim[&lt;lambda&gt;10]" time="0.0004448890686035156"><skipped message="Suite splitting in effect" type="pytest.skip">src/pymortests/grid.py:28: Suite splitting in effect</skipped></testcase><testcase classname="src.pymortests.grid" file="src/pymortests/grid.py" line="28" name="test_dim[&lt;lambda&gt;11]" time="0.0003943443298339844"><skipped message="Suite splitting in effect" type="pytest.skip">src/pymortests/grid.py:28: Suite splitting in effect</skipped></testcase><testcase classname="src.pymortests.grid" file="src/pymortests/grid.py" line="28" name="test_dim[&lt;lambda&gt;12]" time="0.0004885196685791016"><skipped message="Suite splitting in effect" type="pytest.skip">src/pymortests/grid.py:28: Suite splitting in effect</skipped></testcase><testcase classname="src.pymortests.grid" file="src/pymortests/grid.py" line="28" name="test_dim[&lt;lambda&gt;13]" time="0.0005376338958740234"><skipped message="Suite splitting in effect" type="pytest.skip">src/pymortests/grid.py:28: Suite splitting in effect</skipped></testcase><testcase classname="src.pymortests.grid" file="src/pymortests/grid.py" line="28" name="test_dim[&lt;lambda&gt;14]" time="0.00038623809814453125"><skipped message="Suite splitting in effect" type="pytest.skip">src/pymortests/grid.py:28: Suite splitting in effect</skipped></testcase><testcase classname="src.pymortests.grid" file="src/pymortests/grid.py" line="28" name="test_dim[&lt;lambda&gt;15]" time="0.0004296302795410156"><skipped message="Suite splitting in effect" type="pytest.skip">src/pymortests/grid.py:28: Suite splitting in effect</skipped></testcase><testcase classname="src.pymortests.grid" file="src/pymortests/grid.py" line="28" name="test_dim[&lt;lambda&gt;16]" time="0.00039267539978027344"><skipped message="Suite splitting in effect" type="pytest.skip">src/pymortests/grid.py:28: Suite splitting in effect</skipped></testcase><testcase classname="src.pymortests.grid" file="src/pymortests/grid.py" line="28" name="test_dim[&lt;lambda&gt;17]" time="0.0004291534423828125"><skipped message="Suite splitting in effect" type="pytest.skip">src/pymortests/grid.py:28: Suite splitting in effect</skipped></testcase><testcase classname="src.pymortests.grid" file="src/pymortests/grid.py" line="28" name="test_dim[&lt;lambda&gt;18]" time="0.00039076805114746094"><skipped message="Suite splitting in effect" type="pytest.skip">src/pymortests/grid.py:28: Suite splitting in effect</skipped></testcase><testcase classname="src.pymortests.grid" file="src/pymortests/grid.py" line="28" name="test_dim[&lt;lambda&gt;19]" time="0.00046539306640625"><skipped message="Suite splitting in effect" type="pytest.skip">src/pymortests/grid.py:28: Suite splitting in effect</skipped></testcase><testcase classname="src.pymortests.grid" file="src/pymortests/grid.py" line="28" name="test_dim[&lt;lambda&gt;20]" time="0.0003933906555175781"><skipped message="Suite splitting in effect" type="pytest.skip">src/pymortests/grid.py:28: Suite splitting in effect</skipped></testcase><testcase classname="src.pymortests.grid" file="src/pymortests/grid.py" line="28" name="test_dim[&lt;lambda&gt;21]" time="0.00040078163146972656"><skipped message="Suite splitting in effect" type="pytest.skip">src/pymortests/grid.py:28: Suite splitting in effect</skipped></testcase><testcase classname="src.pymortests.grid" file="src/pymortests/grid.py" line="28" name="test_dim[&lt;lambda&gt;22]" time="0.0004112720489501953"><skipped message="Suite splitting in effect" type="pytest.skip">src/pymortests/grid.py:28: Suite splitting in effect</skipped></testcase><testcase classname="src.pymortests.grid" file="src/pymortests/grid.py" line="28" name="test_dim[&lt;lambda&gt;23]" time="0.0004220008850097656"><skipped message="Suite splitting in effect" type="pytest.skip">src/pymortests/grid.py:28: Suite splitting in effect</skipped></testcase><testcase classname="src.pymortests.grid" file="src/pymortests/grid.py" line="28" name="test_dim[&lt;lambda&gt;24]" time="0.0004165172576904297"><skipped message="Suite splitting in effect" type="pytest.skip">src/pymortests/grid.py:28: Suite splitting in effect</skipped></testcase><testcase classname="src.pymortests.grid" file="src/pymortests/grid.py" line="28" name="test_dim[&lt;lambda&gt;25]" time="0.0004029273986816406"><skipped message="Suite splitting in effect" type="pytest.skip">src/pymortests/grid.py:28: Suite splitting in effect</skipped></testcase><testcase classname="src.pymortests.grid" file="src/pymortests/grid.py" line="28" name="test_dim[&lt;lambda&gt;26]" time="0.00043392181396484375"><skipped message="Suite splitting in effect" type="pytest.skip">src/pymortests/grid.py:28: Suite splitting in effect</skipped></testcase><testcase classname="src.pymortests.grid" file="src/pymortests/grid.py" line="28" name="test_dim[&lt;lambda&gt;27]" time="0.00041484832763671875"><skipped message="Suite splitting in effect" type="pytest.skip">src/pymortests/grid.py:28: Suite splitting in effect</skipped></testcase><testcase classname="src.pymortests.grid" file="src/pymortests/grid.py" line="28" name="test_dim[&lt;lambda&gt;28]" time="0.00043272972106933594"><skipped message="Suite splitting in effect" type="pytest.skip">src/pymortests/grid.py:28: Suite splitting in effect</skipped></testcase><testcase classname="src.pymortests.grid" file="src/pymortests/grid.py" line="28" name="test_dim[&lt;lambda&gt;29]" time="0.0003993511199951172"><skipped message="Suite splitting in effect" type="pytest.skip">src/pymortests/grid.py:28: Suite splitting in effect</skipped></testcase><testcase classname="src.pymortests.grid" file="src/pymortests/grid.py" line="28" name="test_dim[&lt;lambda&gt;30]" time="0.0003952980041503906"><skipped message="Suite splitting in effect" type="pytest.skip">src/pymortests/grid.py:28: Suite splitting in effect</skipped></testcase><testcase classname="src.pymortests.grid" file="src/pymortests/grid.py" line="28" name="test_dim[&lt;lambda&gt;31]" time="0.0004010200500488281"><skipped message="Suite splitting in effect" type="pytest.skip">src/pymortests/grid.py:28: Suite splitting in effect</skipped></testcase><testcase classname="src.pymortests.grid" file="src/pymortests/grid.py" line="28" name="test_dim[&lt;lambda&gt;32]" time="0.0004343986511230469"><skipped message="Suite splitting in effect" type="pytest.skip">src/pymortests/grid.py:28: Suite splitting in effect</skipped></testcase><testcase classname="src.pymortests.grid" file="src/pymortests/grid.py" line="28" name="test_dim[&lt;lambda&gt;33]" time="0.0004191398620605469"><skipped message="Suite splitting in effect" type="pytest.skip">src/pymortests/grid.py:28: Suite splitting in effect</skipped></testcase><testcase classname="src.pymortests.grid" file="src/pymortests/grid.py" line="28" name="test_dim[&lt;lambda&gt;34]" time="0.0004153251647949219"><skipped message="Suite splitting in effect" type="pytest.skip">src/pymortests/grid.py:28: Suite splitting in effect</skipped></testcase><testcase classname="src.pymortests.grid" file="src/pymortests/grid.py" line="28" name="test_dim[&lt;lambda&gt;35]" time="0.0004107952117919922"><skipped message="Suite splitting in effect" type="pytest.skip">src/pymortests/grid.py:28: Suite splitting in effect</skipped></testcase><testcase classname="src.pymortests.grid" file="src/pymortests/grid.py" line="28" name="test_dim[&lt;lambda&gt;36]" time="0.0007205009460449219"><skipped message="Suite splitting in effect" type="pytest.skip">src/pymortests/grid.py:28: Suite splitting in effect</skipped></testcase><testcase classname="src.pymortests.grid" file="src/pymortests/grid.py" line="28" name="test_dim[&lt;lambda&gt;37]" time="0.0003883838653564453"><skipped message="Suite splitting in effect" type="pytest.skip">src/pymortests/grid.py:28: Suite splitting in effect</skipped></testcase><testcase classname="src.pymortests.grid" file="src/pymortests/grid.py" line="28" name="test_dim[&lt;lambda&gt;38]" time="0.00040340423583984375"><skipped message="Suite splitting in effect" type="pytest.skip">src/pymortests/grid.py:28: Suite splitting in effect</skipped></testcase><testcase classname="src.pymortests.grid" file="src/pymortests/grid.py" line="28" name="test_dim[&lt;lambda&gt;39]" time="0.0004067420959472656"><skipped message="Suite splitting in effect" type="pytest.skip">src/pymortests/grid.py:28: Suite splitting in effect</skipped></testcase><testcase classname="src.pymortests.grid" file="src/pymortests/grid.py" line="28" name="test_dim[&lt;lambda&gt;40]" time="0.00040268898010253906"><skipped message="Suite splitting in effect" type="pytest.skip">src/pymortests/grid.py:28: Suite splitting in effect</skipped></testcase><testcase classname="src.pymortests.grid" file="src/pymortests/grid.py" line="28" name="test_dim[&lt;lambda&gt;41]" time="0.0003972053527832031"><skipped message="Suite splitting in effect" type="pytest.skip">src/pymortests/grid.py:28: Suite splitting in effect</skipped></testcase><testcase classname="src.pymortests.grid" file="src/pymortests/grid.py" line="28" name="test_dim[&lt;lambda&gt;42]" time="0.0004181861877441406"><skipped message="Suite splitting in effect" type="pytest.skip">src/pymortests/grid.py:28: Suite splitting in effect</skipped></testcase><testcase classname="src.pymortests.grid" file="src/pymortests/grid.py" line="34" name="test_size[&lt;lambda&gt;0]" time="0.0004067420959472656"><skipped message="Suite splitting in effect" type="pytest.skip">src/pymortests/grid.py:34: Suite splitting in effect</skipped></testcase><testcase classname="src.pymortests.grid" file="src/pymortests/grid.py" line="34" name="test_size[&lt;lambda&gt;1]" time="0.0004119873046875"><skipped message="Suite splitting in effect" type="pytest.skip">src/pymortests/grid.py:34: Suite splitting in effect</skipped></testcase><testcase classname="src.pymortests.grid" file="src/pymortests/grid.py" line="34" name="test_size[&lt;lambda&gt;2]" time="0.00043964385986328125"><skipped message="Suite splitting in effect" type="pytest.skip">src/pymortests/grid.py:34: Suite splitting in effect</skipped></testcase><testcase classname="src.pymortests.grid" file="src/pymortests/grid.py" line="34" name="test_size[&lt;lambda&gt;3]" time="0.0004074573516845703"><skipped message="Suite splitting in effect" type="pytest.skip">src/pymortests/grid.py:34: Suite splitting in effect</skipped></testcase><testcase classname="src.pymortests.grid" file="src/pymortests/grid.py" line="34" name="test_size[&lt;lambda&gt;4]" time="0.0004138946533203125"><skipped message="Suite splitting in effect" type="pytest.skip">src/pymortests/grid.py:34: Suite splitting in effect</skipped></testcase><testcase classname="src.pymortests.grid" file="src/pymortests/grid.py" line="34" name="test_size[&lt;lambda&gt;5]" time="0.0003952980041503906"><skipped message="Suite splitting in effect" type="pytest.skip">src/pymortests/grid.py:34: Suite splitting in effect</skipped></testcase><testcase classname="src.pymortests.grid" file="src/pymortests/grid.py" line="34" name="test_size[&lt;lambda&gt;6]" time="0.0004336833953857422"><skipped message="Suite splitting in effect" type="pytest.skip">src/pymortests/grid.py:34: Suite splitting in effect</skipped></testcase><testcase classname="src.pymortests.grid" file="src/pymortests/grid.py" line="34" name="test_size[&lt;lambda&gt;7]" time="0.00040411949157714844"><skipped message="Suite splitting in effect" type="pytest.skip">src/pymortests/grid.py:34: Suite splitting in effect</skipped></testcase><testcase classname="src.pymortests.grid" file="src/pymortests/grid.py" line="34" name="test_size[&lt;lambda&gt;8]" time="0.00043654441833496094"><skipped message="Suite splitting in effect" type="pytest.skip">src/pymortests/grid.py:34: Suite splitting in effect</skipped></testcase><testcase classname="src.pymortests.grid" file="src/pymortests/grid.py" line="34" name="test_size[&lt;lambda&gt;9]" time="0.0004627704620361328"><skipped message="Suite splitting in effect" type="pytest.skip">src/pymortests/grid.py:34: Suite splitting in effect</skipped></testcase><testcase classname="src.pymortests.grid" file="src/pymortests/grid.py" line="34" name="test_size[&lt;lambda&gt;10]" time="0.0004267692565917969"><skipped message="Suite splitting in effect" type="pytest.skip">src/pymortests/grid.py:34: Suite splitting in effect</skipped></testcase><testcase classname="src.pymortests.grid" file="src/pymortests/grid.py" line="34" name="test_size[&lt;lambda&gt;11]" time="0.00039076805114746094"><skipped message="Suite splitting in effect" type="pytest.skip">src/pymortests/grid.py:34: Suite splitting in effect</skipped></testcase><testcase classname="src.pymortests.grid" file="src/pymortests/grid.py" line="34" name="test_size[&lt;lambda&gt;12]" time="0.0005447864532470703"><skipped message="Suite splitting in effect" type="pytest.skip">src/pymortests/grid.py:34: Suite splitting in effect</skipped></testcase><testcase classname="src.pymortests.grid" file="src/pymortests/grid.py" line="34" name="test_size[&lt;lambda&gt;13]" time="0.0004069805145263672"><skipped message="Suite splitting in effect" type="pytest.skip">src/pymortests/grid.py:34: Suite splitting in effect</skipped></testcase><testcase classname="src.pymortests.grid" file="src/pymortests/grid.py" line="34" name="test_size[&lt;lambda&gt;14]" time="0.00042557716369628906"><skipped message="Suite splitting in effect" type="pytest.skip">src/pymortests/grid.py:34: Suite splitting in effect</skipped></testcase><testcase classname="src.pymortests.grid" file="src/pymortests/grid.py" line="34" name="test_size[&lt;lambda&gt;15]" time="0.00043702125549316406"><skipped message="Suite splitting in effect" type="pytest.skip">src/pymortests/grid.py:34: Suite splitting in effect</skipped></testcase><testcase classname="src.pymortests.grid" file="src/pymortests/grid.py" line="34" name="test_size[&lt;lambda&gt;16]" time="0.0004127025604248047"><skipped message="Suite splitting in effect" type="pytest.skip">src/pymortests/grid.py:34: Suite splitting in effect</skipped></testcase><testcase classname="src.pymortests.grid" file="src/pymortests/grid.py" line="34" name="test_size[&lt;lambda&gt;17]" time="0.00040268898010253906"><skipped message="Suite splitting in effect" type="pytest.skip">src/pymortests/grid.py:34: Suite splitting in effect</skipped></testcase><testcase classname="src.pymortests.grid" file="src/pymortests/grid.py" line="34" name="test_size[&lt;lambda&gt;18]" time="0.0004024505615234375"><skipped message="Suite splitting in effect" type="pytest.skip">src/pymortests/grid.py:34: Suite splitting in effect</skipped></testcase><testcase classname="src.pymortests.grid" file="src/pymortests/grid.py" line="34" name="test_size[&lt;lambda&gt;19]" time="0.0003952980041503906"><skipped message="Suite splitting in effect" type="pytest.skip">src/pymortests/grid.py:34: Suite splitting in effect</skipped></testcase><testcase classname="src.pymortests.grid" file="src/pymortests/grid.py" line="34" name="test_size[&lt;lambda&gt;20]" time="0.000408172607421875"><skipped message="Suite splitting in effect" type="pytest.skip">src/pymortests/grid.py:34: Suite splitting in effect</skipped></testcase><testcase classname="src.pymortests.grid" file="src/pymortests/grid.py" line="34" name="test_size[&lt;lambda&gt;21]" time="0.0004127025604248047"><skipped message="Suite splitting in effect" type="pytest.skip">src/pymortests/grid.py:34: Suite splitting in effect</skipped></testcase><testcase classname="src.pymortests.grid" file="src/pymortests/grid.py" line="34" name="test_size[&lt;lambda&gt;22]" time="0.00041937828063964844"><skipped message="Suite splitting in effect" type="pytest.skip">src/pymortests/grid.py:34: Suite splitting in effect</skipped></testcase><testcase classname="src.pymortests.grid" file="src/pymortests/grid.py" line="34" name="test_size[&lt;lambda&gt;23]" time="0.0004112720489501953"><skipped message="Suite splitting in effect" type="pytest.skip">src/pymortests/grid.py:34: Suite splitting in effect</skipped></testcase><testcase classname="src.pymortests.grid" file="src/pymortests/grid.py" line="34" name="test_size[&lt;lambda&gt;24]" time="0.00045037269592285156"><skipped message="Suite splitting in effect" type="pytest.skip">src/pymortests/grid.py:34: Suite splitting in effect</skipped></testcase><testcase classname="src.pymortests.grid" file="src/pymortests/grid.py" line="34" name="test_size[&lt;lambda&gt;25]" time="0.00039005279541015625"><skipped message="Suite splitting in effect" type="pytest.skip">src/pymortests/grid.py:34: Suite splitting in effect</skipped></testcase><testcase classname="src.pymortests.grid" file="src/pymortests/grid.py" line="34" name="test_size[&lt;lambda&gt;26]" time="0.0004105567932128906"><skipped message="Suite splitting in effect" type="pytest.skip">src/pymortests/grid.py:34: Suite splitting in effect</skipped></testcase><testcase classname="src.pymortests.grid" file="src/pymortests/grid.py" line="34" name="test_size[&lt;lambda&gt;27]" time="0.0004279613494873047"><skipped message="Suite splitting in effect" type="pytest.skip">src/pymortests/grid.py:34: Suite splitting in effect</skipped></testcase><testcase classname="src.pymortests.grid" file="src/pymortests/grid.py" line="34" name="test_size[&lt;lambda&gt;28]" time="0.0004398822784423828"><skipped message="Suite splitting in effect" type="pytest.skip">src/pymortests/grid.py:34: Suite splitting in effect</skipped></testcase><testcase classname="src.pymortests.grid" file="src/pymortests/grid.py" line="34" name="test_size[&lt;lambda&gt;29]" time="0.0003921985626220703"><skipped message="Suite splitting in effect" type="pytest.skip">src/pymortests/grid.py:34: Suite splitting in effect</skipped></testcase><testcase classname="src.pymortests.grid" file="src/pymortests/grid.py" line="34" name="test_size[&lt;lambda&gt;30]" time="0.0004448890686035156"><skipped message="Suite splitting in effect" type="pytest.skip">src/pymortests/grid.py:34: Suite splitting in effect</skipped></testcase><testcase classname="src.pymortests.grid" file="src/pymortests/grid.py" line="34" name="test_size[&lt;lambda&gt;31]" time="0.00040435791015625"><skipped message="Suite splitting in effect" type="pytest.skip">src/pymortests/grid.py:34: Suite splitting in effect</skipped></testcase><testcase classname="src.pymortests.grid" file="src/pymortests/grid.py" line="34" name="test_size[&lt;lambda&gt;32]" time="0.0004229545593261719"><skipped message="Suite splitting in effect" type="pytest.skip">src/pymortests/grid.py:34: Suite splitting in effect</skipped></testcase><testcase classname="src.pymortests.grid" file="src/pymortests/grid.py" line="34" name="test_size[&lt;lambda&gt;33]" time="0.0004127025604248047"><skipped message="Suite splitting in effect" type="pytest.skip">src/pymortests/grid.py:34: Suite splitting in effect</skipped></testcase><testcase classname="src.pymortests.grid" file="src/pymortests/grid.py" line="34" name="test_size[&lt;lambda&gt;34]" time="0.0004010200500488281"><skipped message="Suite splitting in effect" type="pytest.skip">src/pymortests/grid.py:34: Suite splitting in effect</skipped></testcase><testcase classname="src.pymortests.grid" file="src/pymortests/grid.py" line="34" name="test_size[&lt;lambda&gt;35]" time="0.00044274330139160156"><skipped message="Suite splitting in effect" type="pytest.skip">src/pymortests/grid.py:34: Suite splitting in effect</skipped></testcase><testcase classname="src.pymortests.grid" file="src/pymortests/grid.py" line="34" name="test_size[&lt;lambda&gt;36]" time="0.0004010200500488281"><skipped message="Suite splitting in effect" type="pytest.skip">src/pymortests/grid.py:34: Suite splitting in effect</skipped></testcase><testcase classname="src.pymortests.grid" file="src/pymortests/grid.py" line="34" name="test_size[&lt;lambda&gt;37]" time="0.00043272972106933594"><skipped message="Suite splitting in effect" type="pytest.skip">src/pymortests/grid.py:34: Suite splitting in effect</skipped></testcase><testcase classname="src.pymortests.grid" file="src/pymortests/grid.py" line="34" name="test_size[&lt;lambda&gt;38]" time="0.0004222393035888672"><skipped message="Suite splitting in effect" type="pytest.skip">src/pymortests/grid.py:34: Suite splitting in effect</skipped></testcase><testcase classname="src.pymortests.grid" file="src/pymortests/grid.py" line="34" name="test_size[&lt;lambda&gt;39]" time="0.0004191398620605469"><skipped message="Suite splitting in effect" type="pytest.skip">src/pymortests/grid.py:34: Suite splitting in effect</skipped></testcase><testcase classname="src.pymortests.grid" file="src/pymortests/grid.py" line="34" name="test_size[&lt;lambda&gt;40]" time="0.0003960132598876953"><skipped message="Suite splitting in effect" type="pytest.skip">src/pymortests/grid.py:34: Suite splitting in effect</skipped></testcase><testcase classname="src.pymortests.grid" file="src/pymortests/grid.py" line="34" name="test_size[&lt;lambda&gt;41]" time="0.00042891502380371094"><skipped message="Suite splitting in effect" type="pytest.skip">src/pymortests/grid.py:34: Suite splitting in effect</skipped></testcase><testcase classname="src.pymortests.grid" file="src/pymortests/grid.py" line="34" name="test_size[&lt;lambda&gt;42]" time="0.00039315223693847656"><skipped message="Suite splitting in effect" type="pytest.skip">src/pymortests/grid.py:34: Suite splitting in effect</skipped></testcase><testcase classname="src.pymortests.grid" file="src/pymortests/grid.py" line="44" name="test_subentities_wrong_arguments[&lt;lambda&gt;0]" time="0.0004754066467285156"><skipped message="Suite splitting in effect" type="pytest.skip">src/pymortests/grid.py:44: Suite splitting in effect</skipped></testcase><testcase classname="src.pymortests.grid" file="src/pymortests/grid.py" line="44" name="test_subentities_wrong_arguments[&lt;lambda&gt;1]" time="0.00039386749267578125"><skipped message="Suite splitting in effect" type="pytest.skip">src/pymortests/grid.py:44: Suite splitting in effect</skipped></testcase><testcase classname="src.pymortests.grid" file="src/pymortests/grid.py" line="44" name="test_subentities_wrong_arguments[&lt;lambda&gt;2]" time="0.0004210472106933594"><skipped message="Suite splitting in effect" type="pytest.skip">src/pymortests/grid.py:44: Suite splitting in effect</skipped></testcase><testcase classname="src.pymortests.grid" file="src/pymortests/grid.py" line="44" name="test_subentities_wrong_arguments[&lt;lambda&gt;3]" time="0.00038909912109375"><skipped message="Suite splitting in effect" type="pytest.skip">src/pymortests/grid.py:44: Suite splitting in effect</skipped></testcase><testcase classname="src.pymortests.grid" file="src/pymortests/grid.py" line="44" name="test_subentities_wrong_arguments[&lt;lambda&gt;4]" time="0.000476837158203125"><skipped message="Suite splitting in effect" type="pytest.skip">src/pymortests/grid.py:44: Suite splitting in effect</skipped></testcase><testcase classname="src.pymortests.grid" file="src/pymortests/grid.py" line="44" name="test_subentities_wrong_arguments[&lt;lambda&gt;5]" time="0.00041675567626953125"><skipped message="Suite splitting in effect" type="pytest.skip">src/pymortests/grid.py:44: Suite splitting in effect</skipped></testcase><testcase classname="src.pymortests.grid" file="src/pymortests/grid.py" line="44" name="test_subentities_wrong_arguments[&lt;lambda&gt;6]" time="0.00040531158447265625"><skipped message="Suite splitting in effect" type="pytest.skip">src/pymortests/grid.py:44: Suite splitting in effect</skipped></testcase><testcase classname="src.pymortests.grid" file="src/pymortests/grid.py" line="44" name="test_subentities_wrong_arguments[&lt;lambda&gt;7]" time="0.00041031837463378906"><skipped message="Suite splitting in effect" type="pytest.skip">src/pymortests/grid.py:44: Suite splitting in effect</skipped></testcase><testcase classname="src.pymortests.grid" file="src/pymortests/grid.py" line="44" name="test_subentities_wrong_arguments[&lt;lambda&gt;8]" time="0.00038814544677734375"><skipped message="Suite splitting in effect" type="pytest.skip">src/pymortests/grid.py:44: Suite splitting in effect</skipped></testcase><testcase classname="src.pymortests.grid" file="src/pymortests/grid.py" line="44" name="test_subentities_wrong_arguments[&lt;lambda&gt;9]" time="0.0004162788391113281"><skipped message="Suite splitting in effect" type="pytest.skip">src/pymortests/grid.py:44: Suite splitting in effect</skipped></testcase><testcase classname="src.pymortests.grid" file="src/pymortests/grid.py" line="44" name="test_subentities_wrong_arguments[&lt;lambda&gt;10]" time="0.0004153251647949219"><skipped message="Suite splitting in effect" type="pytest.skip">src/pymortests/grid.py:44: Suite splitting in effect</skipped></testcase><testcase classname="src.pymortests.grid" file="src/pymortests/grid.py" line="44" name="test_subentities_wrong_arguments[&lt;lambda&gt;11]" time="0.00041294097900390625"><skipped message="Suite splitting in effect" type="pytest.skip">src/pymortests/grid.py:44: Suite splitting in effect</skipped></testcase><testcase classname="src.pymortests.grid" file="src/pymortests/grid.py" line="44" name="test_subentities_wrong_arguments[&lt;lambda&gt;12]" time="0.0004165172576904297"><skipped message="Suite splitting in effect" type="pytest.skip">src/pymortests/grid.py:44: Suite splitting in effect</skipped></testcase><testcase classname="src.pymortests.grid" file="src/pymortests/grid.py" line="44" name="test_subentities_wrong_arguments[&lt;lambda&gt;13]" time="0.0004105567932128906"><skipped message="Suite splitting in effect" type="pytest.skip">src/pymortests/grid.py:44: Suite splitting in effect</skipped></testcase><testcase classname="src.pymortests.grid" file="src/pymortests/grid.py" line="44" name="test_subentities_wrong_arguments[&lt;lambda&gt;14]" time="0.0004153251647949219"><skipped message="Suite splitting in effect" type="pytest.skip">src/pymortests/grid.py:44: Suite splitting in effect</skipped></testcase><testcase classname="src.pymortests.grid" file="src/pymortests/grid.py" line="44" name="test_subentities_wrong_arguments[&lt;lambda&gt;15]" time="0.00041103363037109375"><skipped message="Suite splitting in effect" type="pytest.skip">src/pymortests/grid.py:44: Suite splitting in effect</skipped></testcase><testcase classname="src.pymortests.grid" file="src/pymortests/grid.py" line="44" name="test_subentities_wrong_arguments[&lt;lambda&gt;16]" time="0.00040459632873535156"><skipped message="Suite splitting in effect" type="pytest.skip">src/pymortests/grid.py:44: Suite splitting in effect</skipped></testcase><testcase classname="src.pymortests.grid" file="src/pymortests/grid.py" line="44" name="test_subentities_wrong_arguments[&lt;lambda&gt;17]" time="0.0004038810729980469"><skipped message="Suite splitting in effect" type="pytest.skip">src/pymortests/grid.py:44: Suite splitting in effect</skipped></testcase><testcase classname="src.pymortests.grid" file="src/pymortests/grid.py" line="44" name="test_subentities_wrong_arguments[&lt;lambda&gt;18]" time="0.0003914833068847656"><skipped message="Suite splitting in effect" type="pytest.skip">src/pymortests/grid.py:44: Suite splitting in effect</skipped></testcase><testcase classname="src.pymortests.grid" file="src/pymortests/grid.py" line="44" name="test_subentities_wrong_arguments[&lt;lambda&gt;19]" time="0.00043272972106933594"><skipped message="Suite splitting in effect" type="pytest.skip">src/pymortests/grid.py:44: Suite splitting in effect</skipped></testcase><testcase classname="src.pymortests.grid" file="src/pymortests/grid.py" line="44" name="test_subentities_wrong_arguments[&lt;lambda&gt;20]" time="0.0004017353057861328"><skipped message="Suite splitting in effect" type="pytest.skip">src/pymortests/grid.py:44: Suite splitting in effect</skipped></testcase><testcase classname="src.pymortests.grid" file="src/pymortests/grid.py" line="44" name="test_subentities_wrong_arguments[&lt;lambda&gt;21]" time="0.0003910064697265625"><skipped message="Suite splitting in effect" type="pytest.skip">src/pymortests/grid.py:44: Suite splitting in effect</skipped></testcase><testcase classname="src.pymortests.grid" file="src/pymortests/grid.py" line="44" name="test_subentities_wrong_arguments[&lt;lambda&gt;22]" time="0.0004124641418457031"><skipped message="Suite splitting in effect" type="pytest.skip">src/pymortests/grid.py:44: Suite splitting in effect</skipped></testcase><testcase classname="src.pymortests.grid" file="src/pymortests/grid.py" line="44" name="test_subentities_wrong_arguments[&lt;lambda&gt;23]" time="0.0004127025604248047"><skipped message="Suite splitting in effect" type="pytest.skip">src/pymortests/grid.py:44: Suite splitting in effect</skipped></testcase><testcase classname="src.pymortests.grid" file="src/pymortests/grid.py" line="44" name="test_subentities_wrong_arguments[&lt;lambda&gt;24]" time="0.0004220008850097656"><skipped message="Suite splitting in effect" type="pytest.skip">src/pymortests/grid.py:44: Suite splitting in effect</skipped></testcase><testcase classname="src.pymortests.grid" file="src/pymortests/grid.py" line="44" name="test_subentities_wrong_arguments[&lt;lambda&gt;25]" time="0.0004012584686279297"><skipped message="Suite splitting in effect" type="pytest.skip">src/pymortests/grid.py:44: Suite splitting in effect</skipped></testcase><testcase classname="src.pymortests.grid" file="src/pymortests/grid.py" line="44" name="test_subentities_wrong_arguments[&lt;lambda&gt;26]" time="0.00042748451232910156"><skipped message="Suite splitting in effect" type="pytest.skip">src/pymortests/grid.py:44: Suite splitting in effect</skipped></testcase><testcase classname="src.pymortests.grid" file="src/pymortests/grid.py" line="44" name="test_subentities_wrong_arguments[&lt;lambda&gt;27]" time="0.0004074573516845703"><skipped message="Suite splitting in effect" type="pytest.skip">src/pymortests/grid.py:44: Suite splitting in effect</skipped></testcase><testcase classname="src.pymortests.grid" file="src/pymortests/grid.py" line="44" name="test_subentities_wrong_arguments[&lt;lambda&gt;28]" time="0.0004489421844482422"><skipped message="Suite splitting in effect" type="pytest.skip">src/pymortests/grid.py:44: Suite splitting in effect</skipped></testcase><testcase classname="src.pymortests.grid" file="src/pymortests/grid.py" line="44" name="test_subentities_wrong_arguments[&lt;lambda&gt;29]" time="0.0004119873046875"><skipped message="Suite splitting in effect" type="pytest.skip">src/pymortests/grid.py:44: Suite splitting in effect</skipped></testcase><testcase classname="src.pymortests.grid" file="src/pymortests/grid.py" line="44" name="test_subentities_wrong_arguments[&lt;lambda&gt;30]" time="0.00040721893310546875"><skipped message="Suite splitting in effect" type="pytest.skip">src/pymortests/grid.py:44: Suite splitting in effect</skipped></testcase><testcase classname="src.pymortests.grid" file="src/pymortests/grid.py" line="44" name="test_subentities_wrong_arguments[&lt;lambda&gt;31]" time="0.00041937828063964844"><skipped message="Suite splitting in effect" type="pytest.skip">src/pymortests/grid.py:44: Suite splitting in effect</skipped></testcase><testcase classname="src.pymortests.grid" file="src/pymortests/grid.py" line="44" name="test_subentities_wrong_arguments[&lt;lambda&gt;32]" time="0.00040721893310546875"><skipped message="Suite splitting in effect" type="pytest.skip">src/pymortests/grid.py:44: Suite splitting in effect</skipped></testcase><testcase classname="src.pymortests.grid" file="src/pymortests/grid.py" line="44" name="test_subentities_wrong_arguments[&lt;lambda&gt;33]" time="0.0004181861877441406"><skipped message="Suite splitting in effect" type="pytest.skip">src/pymortests/grid.py:44: Suite splitting in effect</skipped></testcase><testcase classname="src.pymortests.grid" file="src/pymortests/grid.py" line="44" name="test_subentities_wrong_arguments[&lt;lambda&gt;34]" time="0.0003879070281982422"><skipped message="Suite splitting in effect" type="pytest.skip">src/pymortests/grid.py:44: Suite splitting in effect</skipped></testcase><testcase classname="src.pymortests.grid" file="src/pymortests/grid.py" line="44" name="test_subentities_wrong_arguments[&lt;lambda&gt;35]" time="0.00039887428283691406"><skipped message="Suite splitting in effect" type="pytest.skip">src/pymortests/grid.py:44: Suite splitting in effect</skipped></testcase><testcase classname="src.pymortests.grid" file="src/pymortests/grid.py" line="44" name="test_subentities_wrong_arguments[&lt;lambda&gt;36]" time="0.00043702125549316406"><skipped message="Suite splitting in effect" type="pytest.skip">src/pymortests/grid.py:44: Suite splitting in effect</skipped></testcase><testcase classname="src.pymortests.grid" file="src/pymortests/grid.py" line="44" name="test_subentities_wrong_arguments[&lt;lambda&gt;37]" time="0.00039696693420410156"><skipped message="Suite splitting in effect" type="pytest.skip">src/pymortests/grid.py:44: Suite splitting in effect</skipped></testcase><testcase classname="src.pymortests.grid" file="src/pymortests/grid.py" line="44" name="test_subentities_wrong_arguments[&lt;lambda&gt;38]" time="0.0004417896270751953"><skipped message="Suite splitting in effect" type="pytest.skip">src/pymortests/grid.py:44: Suite splitting in effect</skipped></testcase><testcase classname="src.pymortests.grid" file="src/pymortests/grid.py" line="44" name="test_subentities_wrong_arguments[&lt;lambda&gt;39]" time="0.0004055500030517578"><skipped message="Suite splitting in effect" type="pytest.skip">src/pymortests/grid.py:44: Suite splitting in effect</skipped></testcase><testcase classname="src.pymortests.grid" file="src/pymortests/grid.py" line="44" name="test_subentities_wrong_arguments[&lt;lambda&gt;40]" time="0.0004076957702636719"><skipped message="Suite splitting in effect" type="pytest.skip">src/pymortests/grid.py:44: Suite splitting in effect</skipped></testcase><testcase classname="src.pymortests.grid" file="src/pymortests/grid.py" line="44" name="test_subentities_wrong_arguments[&lt;lambda&gt;41]" time="0.0004029273986816406"><skipped message="Suite splitting in effect" type="pytest.skip">src/pymortests/grid.py:44: Suite splitting in effect</skipped></testcase><testcase classname="src.pymortests.grid" file="src/pymortests/grid.py" line="44" name="test_subentities_wrong_arguments[&lt;lambda&gt;42]" time="0.0004093647003173828"><skipped message="Suite splitting in effect" type="pytest.skip">src/pymortests/grid.py:44: Suite splitting in effect</skipped></testcase><testcase classname="src.pymortests.grid" file="src/pymortests/grid.py" line="57" name="test_subentities_shape[&lt;lambda&gt;0]" time="0.00041031837463378906"><skipped message="Suite splitting in effect" type="pytest.skip">src/pymortests/grid.py:57: Suite splitting in effect</skipped></testcase><testcase classname="src.pymortests.grid" file="src/pymortests/grid.py" line="57" name="test_subentities_shape[&lt;lambda&gt;1]" time="0.0004391670227050781"><skipped message="Suite splitting in effect" type="pytest.skip">src/pymortests/grid.py:57: Suite splitting in effect</skipped></testcase><testcase classname="src.pymortests.grid" file="src/pymortests/grid.py" line="57" name="test_subentities_shape[&lt;lambda&gt;2]" time="0.0009350776672363281"><skipped message="Suite splitting in effect" type="pytest.skip">src/pymortests/grid.py:57: Suite splitting in effect</skipped></testcase><testcase classname="src.pymortests.grid" file="src/pymortests/grid.py" line="57" name="test_subentities_shape[&lt;lambda&gt;3]" time="0.00041365623474121094"><skipped message="Suite splitting in effect" type="pytest.skip">src/pymortests/grid.py:57: Suite splitting in effect</skipped></testcase><testcase classname="src.pymortests.grid" file="src/pymortests/grid.py" line="57" name="test_subentities_shape[&lt;lambda&gt;4]" time="0.0004241466522216797"><skipped message="Suite splitting in effect" type="pytest.skip">src/pymortests/grid.py:57: Suite splitting in effect</skipped></testcase><testcase classname="src.pymortests.grid" file="src/pymortests/grid.py" line="57" name="test_subentities_shape[&lt;lambda&gt;5]" time="0.0003895759582519531"><skipped message="Suite splitting in effect" type="pytest.skip">src/pymortests/grid.py:57: Suite splitting in effect</skipped></testcase><testcase classname="src.pymortests.grid" file="src/pymortests/grid.py" line="57" name="test_subentities_shape[&lt;lambda&gt;6]" time="0.0004229545593261719"><skipped message="Suite splitting in effect" type="pytest.skip">src/pymortests/grid.py:57: Suite splitting in effect</skipped></testcase><testcase classname="src.pymortests.grid" file="src/pymortests/grid.py" line="57" name="test_subentities_shape[&lt;lambda&gt;7]" time="0.0003974437713623047"><skipped message="Suite splitting in effect" type="pytest.skip">src/pymortests/grid.py:57: Suite splitting in effect</skipped></testcase><testcase classname="src.pymortests.grid" file="src/pymortests/grid.py" line="57" name="test_subentities_shape[&lt;lambda&gt;8]" time="0.0005295276641845703"><skipped message="Suite splitting in effect" type="pytest.skip">src/pymortests/grid.py:57: Suite splitting in effect</skipped></testcase><testcase classname="src.pymortests.grid" file="src/pymortests/grid.py" line="57" name="test_subentities_shape[&lt;lambda&gt;9]" time="0.0004181861877441406"><skipped message="Suite splitting in effect" type="pytest.skip">src/pymortests/grid.py:57: Suite splitting in effect</skipped></testcase><testcase classname="src.pymortests.grid" file="src/pymortests/grid.py" line="57" name="test_subentities_shape[&lt;lambda&gt;10]" time="0.00041985511779785156"><skipped message="Suite splitting in effect" type="pytest.skip">src/pymortests/grid.py:57: Suite splitting in effect</skipped></testcase><testcase classname="src.pymortests.grid" file="src/pymortests/grid.py" line="57" name="test_subentities_shape[&lt;lambda&gt;11]" time="0.0004074573516845703"><skipped message="Suite splitting in effect" type="pytest.skip">src/pymortests/grid.py:57: Suite splitting in effect</skipped></testcase><testcase classname="src.pymortests.grid" file="src/pymortests/grid.py" line="57" name="test_subentities_shape[&lt;lambda&gt;12]" time="0.00041294097900390625"><skipped message="Suite splitting in effect" type="pytest.skip">src/pymortests/grid.py:57: Suite splitting in effect</skipped></testcase><testcase classname="src.pymortests.grid" file="src/pymortests/grid.py" line="57" name="test_subentities_shape[&lt;lambda&gt;13]" time="0.00040912628173828125"><skipped message="Suite splitting in effect" type="pytest.skip">src/pymortests/grid.py:57: Suite splitting in effect</skipped></testcase><testcase classname="src.pymortests.grid" file="src/pymortests/grid.py" line="57" name="test_subentities_shape[&lt;lambda&gt;14]" time="0.00043582916259765625"><skipped message="Suite splitting in effect" type="pytest.skip">src/pymortests/grid.py:57: Suite splitting in effect</skipped></testcase><testcase classname="src.pymortests.grid" file="src/pymortests/grid.py" line="57" name="test_subentities_shape[&lt;lambda&gt;15]" time="0.00040435791015625"><skipped message="Suite splitting in effect" type="pytest.skip">src/pymortests/grid.py:57: Suite splitting in effect</skipped></testcase><testcase classname="src.pymortests.grid" file="src/pymortests/grid.py" line="57" name="test_subentities_shape[&lt;lambda&gt;16]" time="0.0004253387451171875"><skipped message="Suite splitting in effect" type="pytest.skip">src/pymortests/grid.py:57: Suite splitting in effect</skipped></testcase><testcase classname="src.pymortests.grid" file="src/pymortests/grid.py" line="57" name="test_subentities_shape[&lt;lambda&gt;17]" time="0.0004112720489501953"><skipped message="Suite splitting in effect" type="pytest.skip">src/pymortests/grid.py:57: Suite splitting in effect</skipped></testcase><testcase classname="src.pymortests.grid" file="src/pymortests/grid.py" line="57" name="test_subentities_shape[&lt;lambda&gt;18]" time="0.0004601478576660156"><skipped message="Suite splitting in effect" type="pytest.skip">src/pymortests/grid.py:57: Suite splitting in effect</skipped></testcase><testcase classname="src.pymortests.grid" file="src/pymortests/grid.py" line="57" name="test_subentities_shape[&lt;lambda&gt;19]" time="0.00043487548828125"><skipped message="Suite splitting in effect" type="pytest.skip">src/pymortests/grid.py:57: Suite splitting in effect</skipped></testcase><testcase classname="src.pymortests.grid" file="src/pymortests/grid.py" line="57" name="test_subentities_shape[&lt;lambda&gt;20]" time="0.000469207763671875"><skipped message="Suite splitting in effect" type="pytest.skip">src/pymortests/grid.py:57: Suite splitting in effect</skipped></testcase><testcase classname="src.pymortests.grid" file="src/pymortests/grid.py" line="57" name="test_subentities_shape[&lt;lambda&gt;21]" time="0.00048828125"><skipped message="Suite splitting in effect" type="pytest.skip">src/pymortests/grid.py:57: Suite splitting in effect</skipped></testcase><testcase classname="src.pymortests.grid" file="src/pymortests/grid.py" line="57" name="test_subentities_shape[&lt;lambda&gt;22]" time="0.00041556358337402344"><skipped message="Suite splitting in effect" type="pytest.skip">src/pymortests/grid.py:57: Suite splitting in effect</skipped></testcase><testcase classname="src.pymortests.grid" file="src/pymortests/grid.py" line="57" name="test_subentities_shape[&lt;lambda&gt;23]" time="0.0004119873046875"><skipped message="Suite splitting in effect" type="pytest.skip">src/pymortests/grid.py:57: Suite splitting in effect</skipped></testcase><testcase classname="src.pymortests.grid" file="src/pymortests/grid.py" line="57" name="test_subentities_shape[&lt;lambda&gt;24]" time="0.0003981590270996094"><skipped message="Suite splitting in effect" type="pytest.skip">src/pymortests/grid.py:57: Suite splitting in effect</skipped></testcase><testcase classname="src.pymortests.grid" file="src/pymortests/grid.py" line="57" name="test_subentities_shape[&lt;lambda&gt;25]" time="0.000415802001953125"><skipped message="Suite splitting in effect" type="pytest.skip">src/pymortests/grid.py:57: Suite splitting in effect</skipped></testcase><testcase classname="src.pymortests.grid" file="src/pymortests/grid.py" line="57" name="test_subentities_shape[&lt;lambda&gt;26]" time="0.00039267539978027344"><skipped message="Suite splitting in effect" type="pytest.skip">src/pymortests/grid.py:57: Suite splitting in effect</skipped></testcase><testcase classname="src.pymortests.grid" file="src/pymortests/grid.py" line="57" name="test_subentities_shape[&lt;lambda&gt;27]" time="0.00042819976806640625"><skipped message="Suite splitting in effect" type="pytest.skip">src/pymortests/grid.py:57: Suite splitting in effect</skipped></testcase><testcase classname="src.pymortests.grid" file="src/pymortests/grid.py" line="57" name="test_subentities_shape[&lt;lambda&gt;28]" time="0.0004246234893798828"><skipped message="Suite splitting in effect" type="pytest.skip">src/pymortests/grid.py:57: Suite splitting in effect</skipped></testcase><testcase classname="src.pymortests.grid" file="src/pymortests/grid.py" line="57" name="test_subentities_shape[&lt;lambda&gt;29]" time="0.00042057037353515625"><skipped message="Suite splitting in effect" type="pytest.skip">src/pymortests/grid.py:57: Suite splitting in effect</skipped></testcase><testcase classname="src.pymortests.grid" file="src/pymortests/grid.py" line="57" name="test_subentities_shape[&lt;lambda&gt;30]" time="0.0003924369812011719"><skipped message="Suite splitting in effect" type="pytest.skip">src/pymortests/grid.py:57: Suite splitting in effect</skipped></testcase><testcase classname="src.pymortests.grid" file="src/pymortests/grid.py" line="57" name="test_subentities_shape[&lt;lambda&gt;31]" time="0.0004687309265136719"><skipped message="Suite splitting in effect" type="pytest.skip">src/pymortests/grid.py:57: Suite splitting in effect</skipped></testcase><testcase classname="src.pymortests.grid" file="src/pymortests/grid.py" line="57" name="test_subentities_shape[&lt;lambda&gt;32]" time="0.00039887428283691406"><skipped message="Suite splitting in effect" type="pytest.skip">src/pymortests/grid.py:57: Suite splitting in effect</skipped></testcase><testcase classname="src.pymortests.grid" file="src/pymortests/grid.py" line="57" name="test_subentities_shape[&lt;lambda&gt;33]" time="0.0004210472106933594"><skipped message="Suite splitting in effect" type="pytest.skip">src/pymortests/grid.py:57: Suite splitting in effect</skipped></testcase><testcase classname="src.pymortests.grid" file="src/pymortests/grid.py" line="57" name="test_subentities_shape[&lt;lambda&gt;34]" time="0.0004086494445800781"><skipped message="Suite splitting in effect" type="pytest.skip">src/pymortests/grid.py:57: Suite splitting in effect</skipped></testcase><testcase classname="src.pymortests.grid" file="src/pymortests/grid.py" line="57" name="test_subentities_shape[&lt;lambda&gt;35]" time="0.0004069805145263672"><skipped message="Suite splitting in effect" type="pytest.skip">src/pymortests/grid.py:57: Suite splitting in effect</skipped></testcase><testcase classname="src.pymortests.grid" file="src/pymortests/grid.py" line="57" name="test_subentities_shape[&lt;lambda&gt;36]" time="0.0004150867462158203"><skipped message="Suite splitting in effect" type="pytest.skip">src/pymortests/grid.py:57: Suite splitting in effect</skipped></testcase><testcase classname="src.pymortests.grid" file="src/pymortests/grid.py" line="57" name="test_subentities_shape[&lt;lambda&gt;37]" time="0.0003886222839355469"><skipped message="Suite splitting in effect" type="pytest.skip">src/pymortests/grid.py:57: Suite splitting in effect</skipped></testcase><testcase classname="src.pymortests.grid" file="src/pymortests/grid.py" line="57" name="test_subentities_shape[&lt;lambda&gt;38]" time="0.0004315376281738281"><skipped message="Suite splitting in effect" type="pytest.skip">src/pymortests/grid.py:57: Suite splitting in effect</skipped></testcase><testcase classname="src.pymortests.grid" file="src/pymortests/grid.py" line="57" name="test_subentities_shape[&lt;lambda&gt;39]" time="0.0004258155822753906"><skipped message="Suite splitting in effect" type="pytest.skip">src/pymortests/grid.py:57: Suite splitting in effect</skipped></testcase><testcase classname="src.pymortests.grid" file="src/pymortests/grid.py" line="57" name="test_subentities_shape[&lt;lambda&gt;40]" time="0.00044465065002441406"><skipped message="Suite splitting in effect" type="pytest.skip">src/pymortests/grid.py:57: Suite splitting in effect</skipped></testcase><testcase classname="src.pymortests.grid" file="src/pymortests/grid.py" line="57" name="test_subentities_shape[&lt;lambda&gt;41]" time="0.0004150867462158203"><skipped message="Suite splitting in effect" type="pytest.skip">src/pymortests/grid.py:57: Suite splitting in effect</skipped></testcase><testcase classname="src.pymortests.grid" file="src/pymortests/grid.py" line="57" name="test_subentities_shape[&lt;lambda&gt;42]" time="0.00040149688720703125"><skipped message="Suite splitting in effect" type="pytest.skip">src/pymortests/grid.py:57: Suite splitting in effect</skipped></testcase><testcase classname="src.pymortests.grid" file="src/pymortests/grid.py" line="65" name="test_subentities_dtype[&lt;lambda&gt;0]" time="0.0003960132598876953"><skipped message="Suite splitting in effect" type="pytest.skip">src/pymortests/grid.py:65: Suite splitting in effect</skipped></testcase><testcase classname="src.pymortests.grid" file="src/pymortests/grid.py" line="65" name="test_subentities_dtype[&lt;lambda&gt;1]" time="0.0004172325134277344"><skipped message="Suite splitting in effect" type="pytest.skip">src/pymortests/grid.py:65: Suite splitting in effect</skipped></testcase><testcase classname="src.pymortests.grid" file="src/pymortests/grid.py" line="65" name="test_subentities_dtype[&lt;lambda&gt;2]" time="0.0004146099090576172"><skipped message="Suite splitting in effect" type="pytest.skip">src/pymortests/grid.py:65: Suite splitting in effect</skipped></testcase><testcase classname="src.pymortests.grid" file="src/pymortests/grid.py" line="65" name="test_subentities_dtype[&lt;lambda&gt;3]" time="0.0004029273986816406"><skipped message="Suite splitting in effect" type="pytest.skip">src/pymortests/grid.py:65: Suite splitting in effect</skipped></testcase><testcase classname="src.pymortests.grid" file="src/pymortests/grid.py" line="65" name="test_subentities_dtype[&lt;lambda&gt;4]" time="0.00041747093200683594"><skipped message="Suite splitting in effect" type="pytest.skip">src/pymortests/grid.py:65: Suite splitting in effect</skipped></testcase><testcase classname="src.pymortests.grid" file="src/pymortests/grid.py" line="65" name="test_subentities_dtype[&lt;lambda&gt;5]" time="0.0004055500030517578"><skipped message="Suite splitting in effect" type="pytest.skip">src/pymortests/grid.py:65: Suite splitting in effect</skipped></testcase><testcase classname="src.pymortests.grid" file="src/pymortests/grid.py" line="65" name="test_subentities_dtype[&lt;lambda&gt;6]" time="0.0004904270172119141"><skipped message="Suite splitting in effect" type="pytest.skip">src/pymortests/grid.py:65: Suite splitting in effect</skipped></testcase><testcase classname="src.pymortests.grid" file="src/pymortests/grid.py" line="65" name="test_subentities_dtype[&lt;lambda&gt;7]" time="0.00042557716369628906"><skipped message="Suite splitting in effect" type="pytest.skip">src/pymortests/grid.py:65: Suite splitting in effect</skipped></testcase><testcase classname="src.pymortests.grid" file="src/pymortests/grid.py" line="65" name="test_subentities_dtype[&lt;lambda&gt;8]" time="0.00041174888610839844"><skipped message="Suite splitting in effect" type="pytest.skip">src/pymortests/grid.py:65: Suite splitting in effect</skipped></testcase><testcase classname="src.pymortests.grid" file="src/pymortests/grid.py" line="65" name="test_subentities_dtype[&lt;lambda&gt;9]" time="0.00042748451232910156"><skipped message="Suite splitting in effect" type="pytest.skip">src/pymortests/grid.py:65: Suite splitting in effect</skipped></testcase><testcase classname="src.pymortests.grid" file="src/pymortests/grid.py" line="65" name="test_subentities_dtype[&lt;lambda&gt;10]" time="0.0004105567932128906"><skipped message="Suite splitting in effect" type="pytest.skip">src/pymortests/grid.py:65: Suite splitting in effect</skipped></testcase><testcase classname="src.pymortests.grid" file="src/pymortests/grid.py" line="65" name="test_subentities_dtype[&lt;lambda&gt;11]" time="0.00042319297790527344"><skipped message="Suite splitting in effect" type="pytest.skip">src/pymortests/grid.py:65: Suite splitting in effect</skipped></testcase><testcase classname="src.pymortests.grid" file="src/pymortests/grid.py" line="65" name="test_subentities_dtype[&lt;lambda&gt;12]" time="0.00040602684020996094"><skipped message="Suite splitting in effect" type="pytest.skip">src/pymortests/grid.py:65: Suite splitting in effect</skipped></testcase><testcase classname="src.pymortests.grid" file="src/pymortests/grid.py" line="65" name="test_subentities_dtype[&lt;lambda&gt;13]" time="0.0004143714904785156"><skipped message="Suite splitting in effect" type="pytest.skip">src/pymortests/grid.py:65: Suite splitting in effect</skipped></testcase><testcase classname="src.pymortests.grid" file="src/pymortests/grid.py" line="65" name="test_subentities_dtype[&lt;lambda&gt;14]" time="0.0003941059112548828"><skipped message="Suite splitting in effect" type="pytest.skip">src/pymortests/grid.py:65: Suite splitting in effect</skipped></testcase><testcase classname="src.pymortests.grid" file="src/pymortests/grid.py" line="65" name="test_subentities_dtype[&lt;lambda&gt;15]" time="0.0004017353057861328"><skipped message="Suite splitting in effect" type="pytest.skip">src/pymortests/grid.py:65: Suite splitting in effect</skipped></testcase><testcase classname="src.pymortests.grid" file="src/pymortests/grid.py" line="65" name="test_subentities_dtype[&lt;lambda&gt;16]" time="0.0004048347473144531"><skipped message="Suite splitting in effect" type="pytest.skip">src/pymortests/grid.py:65: Suite splitting in effect</skipped></testcase><testcase classname="src.pymortests.grid" file="src/pymortests/grid.py" line="65" name="test_subentities_dtype[&lt;lambda&gt;17]" time="0.0004706382751464844"><skipped message="Suite splitting in effect" type="pytest.skip">src/pymortests/grid.py:65: Suite splitting in effect</skipped></testcase><testcase classname="src.pymortests.grid" file="src/pymortests/grid.py" line="65" name="test_subentities_dtype[&lt;lambda&gt;18]" time="0.0003979206085205078"><skipped message="Suite splitting in effect" type="pytest.skip">src/pymortests/grid.py:65: Suite splitting in effect</skipped></testcase><testcase classname="src.pymortests.grid" file="src/pymortests/grid.py" line="65" name="test_subentities_dtype[&lt;lambda&gt;19]" time="0.0004372596740722656"><skipped message="Suite splitting in effect" type="pytest.skip">src/pymortests/grid.py:65: Suite splitting in effect</skipped></testcase><testcase classname="src.pymortests.grid" file="src/pymortests/grid.py" line="65" name="test_subentities_dtype[&lt;lambda&gt;20]" time="0.00040078163146972656"><skipped message="Suite splitting in effect" type="pytest.skip">src/pymortests/grid.py:65: Suite splitting in effect</skipped></testcase><testcase classname="src.pymortests.grid" file="src/pymortests/grid.py" line="65" name="test_subentities_dtype[&lt;lambda&gt;21]" time="0.0004227161407470703"><skipped message="Suite splitting in effect" type="pytest.skip">src/pymortests/grid.py:65: Suite splitting in effect</skipped></testcase><testcase classname="src.pymortests.grid" file="src/pymortests/grid.py" line="65" name="test_subentities_dtype[&lt;lambda&gt;22]" time="0.0004200935363769531"><skipped message="Suite splitting in effect" type="pytest.skip">src/pymortests/grid.py:65: Suite splitting in effect</skipped></testcase><testcase classname="src.pymortests.grid" file="src/pymortests/grid.py" line="65" name="test_subentities_dtype[&lt;lambda&gt;23]" time="0.0004012584686279297"><skipped message="Suite splitting in effect" type="pytest.skip">src/pymortests/grid.py:65: Suite splitting in effect</skipped></testcase><testcase classname="src.pymortests.grid" file="src/pymortests/grid.py" line="65" name="test_subentities_dtype[&lt;lambda&gt;24]" time="0.00040984153747558594"><skipped message="Suite splitting in effect" type="pytest.skip">src/pymortests/grid.py:65: Suite splitting in effect</skipped></testcase><testcase classname="src.pymortests.grid" file="src/pymortests/grid.py" line="65" name="test_subentities_dtype[&lt;lambda&gt;25]" time="0.00040221214294433594"><skipped message="Suite splitting in effect" type="pytest.skip">src/pymortests/grid.py:65: Suite splitting in effect</skipped></testcase><testcase classname="src.pymortests.grid" file="src/pymortests/grid.py" line="65" name="test_subentities_dtype[&lt;lambda&gt;26]" time="0.00040841102600097656"><skipped message="Suite splitting in effect" type="pytest.skip">src/pymortests/grid.py:65: Suite splitting in effect</skipped></testcase><testcase classname="src.pymortests.grid" file="src/pymortests/grid.py" line="65" name="test_subentities_dtype[&lt;lambda&gt;27]" time="0.00040078163146972656"><skipped message="Suite splitting in effect" type="pytest.skip">src/pymortests/grid.py:65: Suite splitting in effect</skipped></testcase><testcase classname="src.pymortests.grid" file="src/pymortests/grid.py" line="65" name="test_subentities_dtype[&lt;lambda&gt;28]" time="0.0004315376281738281"><skipped message="Suite splitting in effect" type="pytest.skip">src/pymortests/grid.py:65: Suite splitting in effect</skipped></testcase><testcase classname="src.pymortests.grid" file="src/pymortests/grid.py" line="65" name="test_subentities_dtype[&lt;lambda&gt;29]" time="0.0004031658172607422"><skipped message="Suite splitting in effect" type="pytest.skip">src/pymortests/grid.py:65: Suite splitting in effect</skipped></testcase><testcase classname="src.pymortests.grid" file="src/pymortests/grid.py" line="65" name="test_subentities_dtype[&lt;lambda&gt;30]" time="0.00048279762268066406"><skipped message="Suite splitting in effect" type="pytest.skip">src/pymortests/grid.py:65: Suite splitting in effect</skipped></testcase><testcase classname="src.pymortests.grid" file="src/pymortests/grid.py" line="65" name="test_subentities_dtype[&lt;lambda&gt;31]" time="0.0003924369812011719"><skipped message="Suite splitting in effect" type="pytest.skip">src/pymortests/grid.py:65: Suite splitting in effect</skipped></testcase><testcase classname="src.pymortests.grid" file="src/pymortests/grid.py" line="65" name="test_subentities_dtype[&lt;lambda&gt;32]" time="0.0005259513854980469"><skipped message="Suite splitting in effect" type="pytest.skip">src/pymortests/grid.py:65: Suite splitting in effect</skipped></testcase><testcase classname="src.pymortests.grid" file="src/pymortests/grid.py" line="65" name="test_subentities_dtype[&lt;lambda&gt;33]" time="0.0004165172576904297"><skipped message="Suite splitting in effect" type="pytest.skip">src/pymortests/grid.py:65: Suite splitting in effect</skipped></testcase><testcase classname="src.pymortests.grid" file="src/pymortests/grid.py" line="65" name="test_subentities_dtype[&lt;lambda&gt;34]" time="0.00040531158447265625"><skipped message="Suite splitting in effect" type="pytest.skip">src/pymortests/grid.py:65: Suite splitting in effect</skipped></testcase><testcase classname="src.pymortests.grid" file="src/pymortests/grid.py" line="65" name="test_subentities_dtype[&lt;lambda&gt;35]" time="0.00046324729919433594"><skipped message="Suite splitting in effect" type="pytest.skip">src/pymortests/grid.py:65: Suite splitting in effect</skipped></testcase><testcase classname="src.pymortests.grid" file="src/pymortests/grid.py" line="65" name="test_subentities_dtype[&lt;lambda&gt;36]" time="0.00040793418884277344"><skipped message="Suite splitting in effect" type="pytest.skip">src/pymortests/grid.py:65: Suite splitting in effect</skipped></testcase><testcase classname="src.pymortests.grid" file="src/pymortests/grid.py" line="65" name="test_subentities_dtype[&lt;lambda&gt;37]" time="0.0004138946533203125"><skipped message="Suite splitting in effect" type="pytest.skip">src/pymortests/grid.py:65: Suite splitting in effect</skipped></testcase><testcase classname="src.pymortests.grid" file="src/pymortests/grid.py" line="65" name="test_subentities_dtype[&lt;lambda&gt;38]" time="0.00039696693420410156"><skipped message="Suite splitting in effect" type="pytest.skip">src/pymortests/grid.py:65: Suite splitting in effect</skipped></testcase><testcase classname="src.pymortests.grid" file="src/pymortests/grid.py" line="65" name="test_subentities_dtype[&lt;lambda&gt;39]" time="0.0004265308380126953"><skipped message="Suite splitting in effect" type="pytest.skip">src/pymortests/grid.py:65: Suite splitting in effect</skipped></testcase><testcase classname="src.pymortests.grid" file="src/pymortests/grid.py" line="65" name="test_subentities_dtype[&lt;lambda&gt;40]" time="0.0003895759582519531"><skipped message="Suite splitting in effect" type="pytest.skip">src/pymortests/grid.py:65: Suite splitting in effect</skipped></testcase><testcase classname="src.pymortests.grid" file="src/pymortests/grid.py" line="65" name="test_subentities_dtype[&lt;lambda&gt;41]" time="0.00040650367736816406"><skipped message="Suite splitting in effect" type="pytest.skip">src/pymortests/grid.py:65: Suite splitting in effect</skipped></testcase><testcase classname="src.pymortests.grid" file="src/pymortests/grid.py" line="65" name="test_subentities_dtype[&lt;lambda&gt;42]" time="0.0004055500030517578"><skipped message="Suite splitting in effect" type="pytest.skip">src/pymortests/grid.py:65: Suite splitting in effect</skipped></testcase><testcase classname="src.pymortests.grid" file="src/pymortests/grid.py" line="72" name="test_subentities_entry_value_range[&lt;lambda&gt;0]" time="0.00041985511779785156"><skipped message="Suite splitting in effect" type="pytest.skip">src/pymortests/grid.py:72: Suite splitting in effect</skipped></testcase><testcase classname="src.pymortests.grid" file="src/pymortests/grid.py" line="72" name="test_subentities_entry_value_range[&lt;lambda&gt;1]" time="0.0004119873046875"><skipped message="Suite splitting in effect" type="pytest.skip">src/pymortests/grid.py:72: Suite splitting in effect</skipped></testcase><testcase classname="src.pymortests.grid" file="src/pymortests/grid.py" line="72" name="test_subentities_entry_value_range[&lt;lambda&gt;2]" time="0.0004317760467529297"><skipped message="Suite splitting in effect" type="pytest.skip">src/pymortests/grid.py:72: Suite splitting in effect</skipped></testcase><testcase classname="src.pymortests.grid" file="src/pymortests/grid.py" line="72" name="test_subentities_entry_value_range[&lt;lambda&gt;3]" time="0.00039196014404296875"><skipped message="Suite splitting in effect" type="pytest.skip">src/pymortests/grid.py:72: Suite splitting in effect</skipped></testcase><testcase classname="src.pymortests.grid" file="src/pymortests/grid.py" line="72" name="test_subentities_entry_value_range[&lt;lambda&gt;4]" time="0.0004055500030517578"><skipped message="Suite splitting in effect" type="pytest.skip">src/pymortests/grid.py:72: Suite splitting in effect</skipped></testcase><testcase classname="src.pymortests.grid" file="src/pymortests/grid.py" line="72" name="test_subentities_entry_value_range[&lt;lambda&gt;5]" time="0.00043129920959472656"><skipped message="Suite splitting in effect" type="pytest.skip">src/pymortests/grid.py:72: Suite splitting in effect</skipped></testcase><testcase classname="src.pymortests.grid" file="src/pymortests/grid.py" line="72" name="test_subentities_entry_value_range[&lt;lambda&gt;6]" time="0.0004286766052246094"><skipped message="Suite splitting in effect" type="pytest.skip">src/pymortests/grid.py:72: Suite splitting in effect</skipped></testcase><testcase classname="src.pymortests.grid" file="src/pymortests/grid.py" line="72" name="test_subentities_entry_value_range[&lt;lambda&gt;7]" time="0.00041937828063964844"><skipped message="Suite splitting in effect" type="pytest.skip">src/pymortests/grid.py:72: Suite splitting in effect</skipped></testcase><testcase classname="src.pymortests.grid" file="src/pymortests/grid.py" line="72" name="test_subentities_entry_value_range[&lt;lambda&gt;8]" time="0.00040340423583984375"><skipped message="Suite splitting in effect" type="pytest.skip">src/pymortests/grid.py:72: Suite splitting in effect</skipped></testcase><testcase classname="src.pymortests.grid" file="src/pymortests/grid.py" line="72" name="test_subentities_entry_value_range[&lt;lambda&gt;9]" time="0.0004107952117919922"><skipped message="Suite splitting in effect" type="pytest.skip">src/pymortests/grid.py:72: Suite splitting in effect</skipped></testcase><testcase classname="src.pymortests.grid" file="src/pymortests/grid.py" line="72" name="test_subentities_entry_value_range[&lt;lambda&gt;10]" time="0.0004239082336425781"><skipped message="Suite splitting in effect" type="pytest.skip">src/pymortests/grid.py:72: Suite splitting in effect</skipped></testcase><testcase classname="src.pymortests.grid" file="src/pymortests/grid.py" line="72" name="test_subentities_entry_value_range[&lt;lambda&gt;11]" time="0.0007073879241943359"><skipped message="Suite splitting in effect" type="pytest.skip">src/pymortests/grid.py:72: Suite splitting in effect</skipped></testcase><testcase classname="src.pymortests.grid" file="src/pymortests/grid.py" line="72" name="test_subentities_entry_value_range[&lt;lambda&gt;12]" time="0.00039315223693847656"><skipped message="Suite splitting in effect" type="pytest.skip">src/pymortests/grid.py:72: Suite splitting in effect</skipped></testcase><testcase classname="src.pymortests.grid" file="src/pymortests/grid.py" line="72" name="test_subentities_entry_value_range[&lt;lambda&gt;13]" time="0.0004515647888183594"><skipped message="Suite splitting in effect" type="pytest.skip">src/pymortests/grid.py:72: Suite splitting in effect</skipped></testcase><testcase classname="src.pymortests.grid" file="src/pymortests/grid.py" line="72" name="test_subentities_entry_value_range[&lt;lambda&gt;14]" time="0.00039267539978027344"><skipped message="Suite splitting in effect" type="pytest.skip">src/pymortests/grid.py:72: Suite splitting in effect</skipped></testcase><testcase classname="src.pymortests.grid" file="src/pymortests/grid.py" line="72" name="test_subentities_entry_value_range[&lt;lambda&gt;15]" time="0.00044226646423339844"><skipped message="Suite splitting in effect" type="pytest.skip">src/pymortests/grid.py:72: Suite splitting in effect</skipped></testcase><testcase classname="src.pymortests.grid" file="src/pymortests/grid.py" line="72" name="test_subentities_entry_value_range[&lt;lambda&gt;16]" time="0.0004324913024902344"><skipped message="Suite splitting in effect" type="pytest.skip">src/pymortests/grid.py:72: Suite splitting in effect</skipped></testcase><testcase classname="src.pymortests.grid" file="src/pymortests/grid.py" line="72" name="test_subentities_entry_value_range[&lt;lambda&gt;17]" time="0.0004260540008544922"><skipped message="Suite splitting in effect" type="pytest.skip">src/pymortests/grid.py:72: Suite splitting in effect</skipped></testcase><testcase classname="src.pymortests.grid" file="src/pymortests/grid.py" line="72" name="test_subentities_entry_value_range[&lt;lambda&gt;18]" time="0.0003898143768310547"><skipped message="Suite splitting in effect" type="pytest.skip">src/pymortests/grid.py:72: Suite splitting in effect</skipped></testcase><testcase classname="src.pymortests.grid" file="src/pymortests/grid.py" line="72" name="test_subentities_entry_value_range[&lt;lambda&gt;19]" time="0.00042510032653808594"><skipped message="Suite splitting in effect" type="pytest.skip">src/pymortests/grid.py:72: Suite splitting in effect</skipped></testcase><testcase classname="src.pymortests.grid" file="src/pymortests/grid.py" line="72" name="test_subentities_entry_value_range[&lt;lambda&gt;20]" time="0.00042366981506347656"><skipped message="Suite splitting in effect" type="pytest.skip">src/pymortests/grid.py:72: Suite splitting in effect</skipped></testcase><testcase classname="src.pymortests.grid" file="src/pymortests/grid.py" line="72" name="test_subentities_entry_value_range[&lt;lambda&gt;21]" time="0.00042057037353515625"><skipped message="Suite splitting in effect" type="pytest.skip">src/pymortests/grid.py:72: Suite splitting in effect</skipped></testcase><testcase classname="src.pymortests.grid" file="src/pymortests/grid.py" line="72" name="test_subentities_entry_value_range[&lt;lambda&gt;22]" time="0.0003974437713623047"><skipped message="Suite splitting in effect" type="pytest.skip">src/pymortests/grid.py:72: Suite splitting in effect</skipped></testcase><testcase classname="src.pymortests.grid" file="src/pymortests/grid.py" line="72" name="test_subentities_entry_value_range[&lt;lambda&gt;23]" time="0.0004303455352783203"><skipped message="Suite splitting in effect" type="pytest.skip">src/pymortests/grid.py:72: Suite splitting in effect</skipped></testcase><testcase classname="src.pymortests.grid" file="src/pymortests/grid.py" line="72" name="test_subentities_entry_value_range[&lt;lambda&gt;24]" time="0.00043272972106933594"><skipped message="Suite splitting in effect" type="pytest.skip">src/pymortests/grid.py:72: Suite splitting in effect</skipped></testcase><testcase classname="src.pymortests.grid" file="src/pymortests/grid.py" line="72" name="test_subentities_entry_value_range[&lt;lambda&gt;25]" time="0.0004189014434814453"><skipped message="Suite splitting in effect" type="pytest.skip">src/pymortests/grid.py:72: Suite splitting in effect</skipped></testcase><testcase classname="src.pymortests.grid" file="src/pymortests/grid.py" line="72" name="test_subentities_entry_value_range[&lt;lambda&gt;26]" time="0.00040078163146972656"><skipped message="Suite splitting in effect" type="pytest.skip">src/pymortests/grid.py:72: Suite splitting in effect</skipped></testcase><testcase classname="src.pymortests.grid" file="src/pymortests/grid.py" line="72" name="test_subentities_entry_value_range[&lt;lambda&gt;27]" time="0.0004208087921142578"><skipped message="Suite splitting in effect" type="pytest.skip">src/pymortests/grid.py:72: Suite splitting in effect</skipped></testcase><testcase classname="src.pymortests.grid" file="src/pymortests/grid.py" line="72" name="test_subentities_entry_value_range[&lt;lambda&gt;28]" time="0.0004181861877441406"><skipped message="Suite splitting in effect" type="pytest.skip">src/pymortests/grid.py:72: Suite splitting in effect</skipped></testcase><testcase classname="src.pymortests.grid" file="src/pymortests/grid.py" line="72" name="test_subentities_entry_value_range[&lt;lambda&gt;29]" time="0.00040459632873535156"><skipped message="Suite splitting in effect" type="pytest.skip">src/pymortests/grid.py:72: Suite splitting in effect</skipped></testcase><testcase classname="src.pymortests.grid" file="src/pymortests/grid.py" line="72" name="test_subentities_entry_value_range[&lt;lambda&gt;30]" time="0.0004076957702636719"><skipped message="Suite splitting in effect" type="pytest.skip">src/pymortests/grid.py:72: Suite splitting in effect</skipped></testcase><testcase classname="src.pymortests.grid" file="src/pymortests/grid.py" line="72" name="test_subentities_entry_value_range[&lt;lambda&gt;31]" time="0.0004131793975830078"><skipped message="Suite splitting in effect" type="pytest.skip">src/pymortests/grid.py:72: Suite splitting in effect</skipped></testcase><testcase classname="src.pymortests.grid" file="src/pymortests/grid.py" line="72" name="test_subentities_entry_value_range[&lt;lambda&gt;32]" time="0.0004467964172363281"><skipped message="Suite splitting in effect" type="pytest.skip">src/pymortests/grid.py:72: Suite splitting in effect</skipped></testcase><testcase classname="src.pymortests.grid" file="src/pymortests/grid.py" line="72" name="test_subentities_entry_value_range[&lt;lambda&gt;33]" time="0.00039696693420410156"><skipped message="Suite splitting in effect" type="pytest.skip">src/pymortests/grid.py:72: Suite splitting in effect</skipped></testcase><testcase classname="src.pymortests.grid" file="src/pymortests/grid.py" line="72" name="test_subentities_entry_value_range[&lt;lambda&gt;34]" time="0.0004451274871826172"><skipped message="Suite splitting in effect" type="pytest.skip">src/pymortests/grid.py:72: Suite splitting in effect</skipped></testcase><testcase classname="src.pymortests.grid" file="src/pymortests/grid.py" line="72" name="test_subentities_entry_value_range[&lt;lambda&gt;35]" time="0.0005326271057128906"><skipped message="Suite splitting in effect" type="pytest.skip">src/pymortests/grid.py:72: Suite splitting in effect</skipped></testcase><testcase classname="src.pymortests.grid" file="src/pymortests/grid.py" line="72" name="test_subentities_entry_value_range[&lt;lambda&gt;36]" time="0.00040793418884277344"><skipped message="Suite splitting in effect" type="pytest.skip">src/pymortests/grid.py:72: Suite splitting in effect</skipped></testcase><testcase classname="src.pymortests.grid" file="src/pymortests/grid.py" line="72" name="test_subentities_entry_value_range[&lt;lambda&gt;37]" time="0.000415802001953125"><skipped message="Suite splitting in effect" type="pytest.skip">src/pymortests/grid.py:72: Suite splitting in effect</skipped></testcase><testcase classname="src.pymortests.grid" file="src/pymortests/grid.py" line="72" name="test_subentities_entry_value_range[&lt;lambda&gt;38]" time="0.0004165172576904297"><skipped message="Suite splitting in effect" type="pytest.skip">src/pymortests/grid.py:72: Suite splitting in effect</skipped></testcase><testcase classname="src.pymortests.grid" file="src/pymortests/grid.py" line="72" name="test_subentities_entry_value_range[&lt;lambda&gt;39]" time="0.00038504600524902344"><skipped message="Suite splitting in effect" type="pytest.skip">src/pymortests/grid.py:72: Suite splitting in effect</skipped></testcase><testcase classname="src.pymortests.grid" file="src/pymortests/grid.py" line="72" name="test_subentities_entry_value_range[&lt;lambda&gt;40]" time="0.0004379749298095703"><skipped message="Suite splitting in effect" type="pytest.skip">src/pymortests/grid.py:72: Suite splitting in effect</skipped></testcase><testcase classname="src.pymortests.grid" file="src/pymortests/grid.py" line="72" name="test_subentities_entry_value_range[&lt;lambda&gt;41]" time="0.00039196014404296875"><skipped message="Suite splitting in effect" type="pytest.skip">src/pymortests/grid.py:72: Suite splitting in effect</skipped></testcase><testcase classname="src.pymortests.grid" file="src/pymortests/grid.py" line="72" name="test_subentities_entry_value_range[&lt;lambda&gt;42]" time="0.00040984153747558594"><skipped message="Suite splitting in effect" type="pytest.skip">src/pymortests/grid.py:72: Suite splitting in effect</skipped></testcase><testcase classname="src.pymortests.grid" file="src/pymortests/grid.py" line="80" name="test_subentities_entry_values_unique[&lt;lambda&gt;0]" time="0.00039076805114746094"><skipped message="Suite splitting in effect" type="pytest.skip">src/pymortests/grid.py:80: Suite splitting in effect</skipped></testcase><testcase classname="src.pymortests.grid" file="src/pymortests/grid.py" line="80" name="test_subentities_entry_values_unique[&lt;lambda&gt;1]" time="0.0004096031188964844"><skipped message="Suite splitting in effect" type="pytest.skip">src/pymortests/grid.py:80: Suite splitting in effect</skipped></testcase><testcase classname="src.pymortests.grid" file="src/pymortests/grid.py" line="80" name="test_subentities_entry_values_unique[&lt;lambda&gt;2]" time="0.00040149688720703125"><skipped message="Suite splitting in effect" type="pytest.skip">src/pymortests/grid.py:80: Suite splitting in effect</skipped></testcase><testcase classname="src.pymortests.grid" file="src/pymortests/grid.py" line="80" name="test_subentities_entry_values_unique[&lt;lambda&gt;3]" time="0.00041103363037109375"><skipped message="Suite splitting in effect" type="pytest.skip">src/pymortests/grid.py:80: Suite splitting in effect</skipped></testcase><testcase classname="src.pymortests.grid" file="src/pymortests/grid.py" line="80" name="test_subentities_entry_values_unique[&lt;lambda&gt;4]" time="0.0004024505615234375"><skipped message="Suite splitting in effect" type="pytest.skip">src/pymortests/grid.py:80: Suite splitting in effect</skipped></testcase><testcase classname="src.pymortests.grid" file="src/pymortests/grid.py" line="80" name="test_subentities_entry_values_unique[&lt;lambda&gt;5]" time="0.0004143714904785156"><skipped message="Suite splitting in effect" type="pytest.skip">src/pymortests/grid.py:80: Suite splitting in effect</skipped></testcase><testcase classname="src.pymortests.grid" file="src/pymortests/grid.py" line="80" name="test_subentities_entry_values_unique[&lt;lambda&gt;6]" time="0.0004029273986816406"><skipped message="Suite splitting in effect" type="pytest.skip">src/pymortests/grid.py:80: Suite splitting in effect</skipped></testcase><testcase classname="src.pymortests.grid" file="src/pymortests/grid.py" line="80" name="test_subentities_entry_values_unique[&lt;lambda&gt;7]" time="0.0004482269287109375"><skipped message="Suite splitting in effect" type="pytest.skip">src/pymortests/grid.py:80: Suite splitting in effect</skipped></testcase><testcase classname="src.pymortests.grid" file="src/pymortests/grid.py" line="80" name="test_subentities_entry_values_unique[&lt;lambda&gt;8]" time="0.00043272972106933594"><skipped message="Suite splitting in effect" type="pytest.skip">src/pymortests/grid.py:80: Suite splitting in effect</skipped></testcase><testcase classname="src.pymortests.grid" file="src/pymortests/grid.py" line="80" name="test_subentities_entry_values_unique[&lt;lambda&gt;9]" time="0.0004024505615234375"><skipped message="Suite splitting in effect" type="pytest.skip">src/pymortests/grid.py:80: Suite splitting in effect</skipped></testcase><testcase classname="src.pymortests.grid" file="src/pymortests/grid.py" line="80" name="test_subentities_entry_values_unique[&lt;lambda&gt;10]" time="0.0004069805145263672"><skipped message="Suite splitting in effect" type="pytest.skip">src/pymortests/grid.py:80: Suite splitting in effect</skipped></testcase><testcase classname="src.pymortests.grid" file="src/pymortests/grid.py" line="80" name="test_subentities_entry_values_unique[&lt;lambda&gt;11]" time="0.0004124641418457031"><skipped message="Suite splitting in effect" type="pytest.skip">src/pymortests/grid.py:80: Suite splitting in effect</skipped></testcase><testcase classname="src.pymortests.grid" file="src/pymortests/grid.py" line="80" name="test_subentities_entry_values_unique[&lt;lambda&gt;12]" time="0.0004696846008300781"><skipped message="Suite splitting in effect" type="pytest.skip">src/pymortests/grid.py:80: Suite splitting in effect</skipped></testcase><testcase classname="src.pymortests.grid" file="src/pymortests/grid.py" line="80" name="test_subentities_entry_values_unique[&lt;lambda&gt;13]" time="0.00039386749267578125"><skipped message="Suite splitting in effect" type="pytest.skip">src/pymortests/grid.py:80: Suite splitting in effect</skipped></testcase><testcase classname="src.pymortests.grid" file="src/pymortests/grid.py" line="80" name="test_subentities_entry_values_unique[&lt;lambda&gt;14]" time="0.0004336833953857422"><skipped message="Suite splitting in effect" type="pytest.skip">src/pymortests/grid.py:80: Suite splitting in effect</skipped></testcase><testcase classname="src.pymortests.grid" file="src/pymortests/grid.py" line="80" name="test_subentities_entry_values_unique[&lt;lambda&gt;15]" time="0.00039386749267578125"><skipped message="Suite splitting in effect" type="pytest.skip">src/pymortests/grid.py:80: Suite splitting in effect</skipped></testcase><testcase classname="src.pymortests.grid" file="src/pymortests/grid.py" line="80" name="test_subentities_entry_values_unique[&lt;lambda&gt;16]" time="0.00040459632873535156"><skipped message="Suite splitting in effect" type="pytest.skip">src/pymortests/grid.py:80: Suite splitting in effect</skipped></testcase><testcase classname="src.pymortests.grid" file="src/pymortests/grid.py" line="80" name="test_subentities_entry_values_unique[&lt;lambda&gt;17]" time="0.0004024505615234375"><skipped message="Suite splitting in effect" type="pytest.skip">src/pymortests/grid.py:80: Suite splitting in effect</skipped></testcase><testcase classname="src.pymortests.grid" file="src/pymortests/grid.py" line="80" name="test_subentities_entry_values_unique[&lt;lambda&gt;18]" time="0.00039005279541015625"><skipped message="Suite splitting in effect" type="pytest.skip">src/pymortests/grid.py:80: Suite splitting in effect</skipped></testcase><testcase classname="src.pymortests.grid" file="src/pymortests/grid.py" line="80" name="test_subentities_entry_values_unique[&lt;lambda&gt;19]" time="0.0003974437713623047"><skipped message="Suite splitting in effect" type="pytest.skip">src/pymortests/grid.py:80: Suite splitting in effect</skipped></testcase><testcase classname="src.pymortests.grid" file="src/pymortests/grid.py" line="80" name="test_subentities_entry_values_unique[&lt;lambda&gt;20]" time="0.0003960132598876953"><skipped message="Suite splitting in effect" type="pytest.skip">src/pymortests/grid.py:80: Suite splitting in effect</skipped></testcase><testcase classname="src.pymortests.grid" file="src/pymortests/grid.py" line="80" name="test_subentities_entry_values_unique[&lt;lambda&gt;21]" time="0.0004019737243652344"><skipped message="Suite splitting in effect" type="pytest.skip">src/pymortests/grid.py:80: Suite splitting in effect</skipped></testcase><testcase classname="src.pymortests.grid" file="src/pymortests/grid.py" line="80" name="test_subentities_entry_values_unique[&lt;lambda&gt;22]" time="0.0004112720489501953"><skipped message="Suite splitting in effect" type="pytest.skip">src/pymortests/grid.py:80: Suite splitting in effect</skipped></testcase><testcase classname="src.pymortests.grid" file="src/pymortests/grid.py" line="80" name="test_subentities_entry_values_unique[&lt;lambda&gt;23]" time="0.0003936290740966797"><skipped message="Suite splitting in effect" type="pytest.skip">src/pymortests/grid.py:80: Suite splitting in effect</skipped></testcase><testcase classname="src.pymortests.grid" file="src/pymortests/grid.py" line="80" name="test_subentities_entry_values_unique[&lt;lambda&gt;24]" time="0.00041031837463378906"><skipped message="Suite splitting in effect" type="pytest.skip">src/pymortests/grid.py:80: Suite splitting in effect</skipped></testcase><testcase classname="src.pymortests.grid" file="src/pymortests/grid.py" line="80" name="test_subentities_entry_values_unique[&lt;lambda&gt;25]" time="0.000415802001953125"><skipped message="Suite splitting in effect" type="pytest.skip">src/pymortests/grid.py:80: Suite splitting in effect</skipped></testcase><testcase classname="src.pymortests.grid" file="src/pymortests/grid.py" line="80" name="test_subentities_entry_values_unique[&lt;lambda&gt;26]" time="0.0004203319549560547"><skipped message="Suite splitting in effect" type="pytest.skip">src/pymortests/grid.py:80: Suite splitting in effect</skipped></testcase><testcase classname="src.pymortests.grid" file="src/pymortests/grid.py" line="80" name="test_subentities_entry_values_unique[&lt;lambda&gt;27]" time="0.00038909912109375"><skipped message="Suite splitting in effect" type="pytest.skip">src/pymortests/grid.py:80: Suite splitting in effect</skipped></testcase><testcase classname="src.pymortests.grid" file="src/pymortests/grid.py" line="80" name="test_subentities_entry_values_unique[&lt;lambda&gt;28]" time="0.0004239082336425781"><skipped message="Suite splitting in effect" type="pytest.skip">src/pymortests/grid.py:80: Suite splitting in effect</skipped></testcase><testcase classname="src.pymortests.grid" file="src/pymortests/grid.py" line="80" name="test_subentities_entry_values_unique[&lt;lambda&gt;29]" time="0.00039076805114746094"><skipped message="Suite splitting in effect" type="pytest.skip">src/pymortests/grid.py:80: Suite splitting in effect</skipped></testcase><testcase classname="src.pymortests.grid" file="src/pymortests/grid.py" line="80" name="test_subentities_entry_values_unique[&lt;lambda&gt;30]" time="0.00044798851013183594"><skipped message="Suite splitting in effect" type="pytest.skip">src/pymortests/grid.py:80: Suite splitting in effect</skipped></testcase><testcase classname="src.pymortests.grid" file="src/pymortests/grid.py" line="80" name="test_subentities_entry_values_unique[&lt;lambda&gt;31]" time="0.00039315223693847656"><skipped message="Suite splitting in effect" type="pytest.skip">src/pymortests/grid.py:80: Suite splitting in effect</skipped></testcase><testcase classname="src.pymortests.grid" file="src/pymortests/grid.py" line="80" name="test_subentities_entry_values_unique[&lt;lambda&gt;32]" time="0.0004048347473144531"><skipped message="Suite splitting in effect" type="pytest.skip">src/pymortests/grid.py:80: Suite splitting in effect</skipped></testcase><testcase classname="src.pymortests.grid" file="src/pymortests/grid.py" line="80" name="test_subentities_entry_values_unique[&lt;lambda&gt;33]" time="0.0004322528839111328"><skipped message="Suite splitting in effect" type="pytest.skip">src/pymortests/grid.py:80: Suite splitting in effect</skipped></testcase><testcase classname="src.pymortests.grid" file="src/pymortests/grid.py" line="80" name="test_subentities_entry_values_unique[&lt;lambda&gt;34]" time="0.0004246234893798828"><skipped message="Suite splitting in effect" type="pytest.skip">src/pymortests/grid.py:80: Suite splitting in effect</skipped></testcase><testcase classname="src.pymortests.grid" file="src/pymortests/grid.py" line="80" name="test_subentities_entry_values_unique[&lt;lambda&gt;35]" time="0.000415802001953125"><skipped message="Suite splitting in effect" type="pytest.skip">src/pymortests/grid.py:80: Suite splitting in effect</skipped></testcase><testcase classname="src.pymortests.grid" file="src/pymortests/grid.py" line="80" name="test_subentities_entry_values_unique[&lt;lambda&gt;36]" time="0.000438690185546875"><skipped message="Suite splitting in effect" type="pytest.skip">src/pymortests/grid.py:80: Suite splitting in effect</skipped></testcase><testcase classname="src.pymortests.grid" file="src/pymortests/grid.py" line="80" name="test_subentities_entry_values_unique[&lt;lambda&gt;37]" time="0.00041484832763671875"><skipped message="Suite splitting in effect" type="pytest.skip">src/pymortests/grid.py:80: Suite splitting in effect</skipped></testcase><testcase classname="src.pymortests.grid" file="src/pymortests/grid.py" line="80" name="test_subentities_entry_values_unique[&lt;lambda&gt;38]" time="0.0004138946533203125"><skipped message="Suite splitting in effect" type="pytest.skip">src/pymortests/grid.py:80: Suite splitting in effect</skipped></testcase><testcase classname="src.pymortests.grid" file="src/pymortests/grid.py" line="80" name="test_subentities_entry_values_unique[&lt;lambda&gt;39]" time="0.0004162788391113281"><skipped message="Suite splitting in effect" type="pytest.skip">src/pymortests/grid.py:80: Suite splitting in effect</skipped></testcase><testcase classname="src.pymortests.grid" file="src/pymortests/grid.py" line="80" name="test_subentities_entry_values_unique[&lt;lambda&gt;40]" time="0.00042438507080078125"><skipped message="Suite splitting in effect" type="pytest.skip">src/pymortests/grid.py:80: Suite splitting in effect</skipped></testcase><testcase classname="src.pymortests.grid" file="src/pymortests/grid.py" line="80" name="test_subentities_entry_values_unique[&lt;lambda&gt;41]" time="0.0004074573516845703"><skipped message="Suite splitting in effect" type="pytest.skip">src/pymortests/grid.py:80: Suite splitting in effect</skipped></testcase><testcase classname="src.pymortests.grid" file="src/pymortests/grid.py" line="80" name="test_subentities_entry_values_unique[&lt;lambda&gt;42]" time="0.0004057884216308594"><skipped message="Suite splitting in effect" type="pytest.skip">src/pymortests/grid.py:80: Suite splitting in effect</skipped></testcase><testcase classname="src.pymortests.grid" file="src/pymortests/grid.py" line="89" name="test_subentities_codim_d_codim_d[&lt;lambda&gt;0]" time="0.0004038810729980469"><skipped message="Suite splitting in effect" type="pytest.skip">src/pymortests/grid.py:89: Suite splitting in effect</skipped></testcase><testcase classname="src.pymortests.grid" file="src/pymortests/grid.py" line="89" name="test_subentities_codim_d_codim_d[&lt;lambda&gt;1]" time="0.00039315223693847656"><skipped message="Suite splitting in effect" type="pytest.skip">src/pymortests/grid.py:89: Suite splitting in effect</skipped></testcase><testcase classname="src.pymortests.grid" file="src/pymortests/grid.py" line="89" name="test_subentities_codim_d_codim_d[&lt;lambda&gt;2]" time="0.0004036426544189453"><skipped message="Suite splitting in effect" type="pytest.skip">src/pymortests/grid.py:89: Suite splitting in effect</skipped></testcase><testcase classname="src.pymortests.grid" file="src/pymortests/grid.py" line="89" name="test_subentities_codim_d_codim_d[&lt;lambda&gt;3]" time="0.00041365623474121094"><skipped message="Suite splitting in effect" type="pytest.skip">src/pymortests/grid.py:89: Suite splitting in effect</skipped></testcase><testcase classname="src.pymortests.grid" file="src/pymortests/grid.py" line="89" name="test_subentities_codim_d_codim_d[&lt;lambda&gt;4]" time="0.00041675567626953125"><skipped message="Suite splitting in effect" type="pytest.skip">src/pymortests/grid.py:89: Suite splitting in effect</skipped></testcase><testcase classname="src.pymortests.grid" file="src/pymortests/grid.py" line="89" name="test_subentities_codim_d_codim_d[&lt;lambda&gt;5]" time="0.00040912628173828125"><skipped message="Suite splitting in effect" type="pytest.skip">src/pymortests/grid.py:89: Suite splitting in effect</skipped></testcase><testcase classname="src.pymortests.grid" file="src/pymortests/grid.py" line="89" name="test_subentities_codim_d_codim_d[&lt;lambda&gt;6]" time="0.00040531158447265625"><skipped message="Suite splitting in effect" type="pytest.skip">src/pymortests/grid.py:89: Suite splitting in effect</skipped></testcase><testcase classname="src.pymortests.grid" file="src/pymortests/grid.py" line="89" name="test_subentities_codim_d_codim_d[&lt;lambda&gt;7]" time="0.0004086494445800781"><skipped message="Suite splitting in effect" type="pytest.skip">src/pymortests/grid.py:89: Suite splitting in effect</skipped></testcase><testcase classname="src.pymortests.grid" file="src/pymortests/grid.py" line="89" name="test_subentities_codim_d_codim_d[&lt;lambda&gt;8]" time="0.00041484832763671875"><skipped message="Suite splitting in effect" type="pytest.skip">src/pymortests/grid.py:89: Suite splitting in effect</skipped></testcase><testcase classname="src.pymortests.grid" file="src/pymortests/grid.py" line="89" name="test_subentities_codim_d_codim_d[&lt;lambda&gt;9]" time="0.0003883838653564453"><skipped message="Suite splitting in effect" type="pytest.skip">src/pymortests/grid.py:89: Suite splitting in effect</skipped></testcase><testcase classname="src.pymortests.grid" file="src/pymortests/grid.py" line="89" name="test_subentities_codim_d_codim_d[&lt;lambda&gt;10]" time="0.0004127025604248047"><skipped message="Suite splitting in effect" type="pytest.skip">src/pymortests/grid.py:89: Suite splitting in effect</skipped></testcase><testcase classname="src.pymortests.grid" file="src/pymortests/grid.py" line="89" name="test_subentities_codim_d_codim_d[&lt;lambda&gt;11]" time="0.0004513263702392578"><skipped message="Suite splitting in effect" type="pytest.skip">src/pymortests/grid.py:89: Suite splitting in effect</skipped></testcase><testcase classname="src.pymortests.grid" file="src/pymortests/grid.py" line="89" name="test_subentities_codim_d_codim_d[&lt;lambda&gt;12]" time="0.0004057884216308594"><skipped message="Suite splitting in effect" type="pytest.skip">src/pymortests/grid.py:89: Suite splitting in effect</skipped></testcase><testcase classname="src.pymortests.grid" file="src/pymortests/grid.py" line="89" name="test_subentities_codim_d_codim_d[&lt;lambda&gt;13]" time="0.0003895759582519531"><skipped message="Suite splitting in effect" type="pytest.skip">src/pymortests/grid.py:89: Suite splitting in effect</skipped></testcase><testcase classname="src.pymortests.grid" file="src/pymortests/grid.py" line="89" name="test_subentities_codim_d_codim_d[&lt;lambda&gt;14]" time="0.0004038810729980469"><skipped message="Suite splitting in effect" type="pytest.skip">src/pymortests/grid.py:89: Suite splitting in effect</skipped></testcase><testcase classname="src.pymortests.grid" file="src/pymortests/grid.py" line="89" name="test_subentities_codim_d_codim_d[&lt;lambda&gt;15]" time="0.0003943443298339844"><skipped message="Suite splitting in effect" type="pytest.skip">src/pymortests/grid.py:89: Suite splitting in effect</skipped></testcase><testcase classname="src.pymortests.grid" file="src/pymortests/grid.py" line="89" name="test_subentities_codim_d_codim_d[&lt;lambda&gt;16]" time="0.00041556358337402344"><skipped message="Suite splitting in effect" type="pytest.skip">src/pymortests/grid.py:89: Suite splitting in effect</skipped></testcase><testcase classname="src.pymortests.grid" file="src/pymortests/grid.py" line="89" name="test_subentities_codim_d_codim_d[&lt;lambda&gt;17]" time="0.0004372596740722656"><skipped message="Suite splitting in effect" type="pytest.skip">src/pymortests/grid.py:89: Suite splitting in effect</skipped></testcase><testcase classname="src.pymortests.grid" file="src/pymortests/grid.py" line="89" name="test_subentities_codim_d_codim_d[&lt;lambda&gt;18]" time="0.00042510032653808594"><skipped message="Suite splitting in effect" type="pytest.skip">src/pymortests/grid.py:89: Suite splitting in effect</skipped></testcase><testcase classname="src.pymortests.grid" file="src/pymortests/grid.py" line="89" name="test_subentities_codim_d_codim_d[&lt;lambda&gt;19]" time="0.0004055500030517578"><skipped message="Suite splitting in effect" type="pytest.skip">src/pymortests/grid.py:89: Suite splitting in effect</skipped></testcase><testcase classname="src.pymortests.grid" file="src/pymortests/grid.py" line="89" name="test_subentities_codim_d_codim_d[&lt;lambda&gt;20]" time="0.0006241798400878906"><skipped message="Suite splitting in effect" type="pytest.skip">src/pymortests/grid.py:89: Suite splitting in effect</skipped></testcase><testcase classname="src.pymortests.grid" file="src/pymortests/grid.py" line="89" name="test_subentities_codim_d_codim_d[&lt;lambda&gt;21]" time="0.000438690185546875"><skipped message="Suite splitting in effect" type="pytest.skip">src/pymortests/grid.py:89: Suite splitting in effect</skipped></testcase><testcase classname="src.pymortests.grid" file="src/pymortests/grid.py" line="89" name="test_subentities_codim_d_codim_d[&lt;lambda&gt;22]" time="0.00039005279541015625"><skipped message="Suite splitting in effect" type="pytest.skip">src/pymortests/grid.py:89: Suite splitting in effect</skipped></testcase><testcase classname="src.pymortests.grid" file="src/pymortests/grid.py" line="89" name="test_subentities_codim_d_codim_d[&lt;lambda&gt;23]" time="0.00040459632873535156"><skipped message="Suite splitting in effect" type="pytest.skip">src/pymortests/grid.py:89: Suite splitting in effect</skipped></testcase><testcase classname="src.pymortests.grid" file="src/pymortests/grid.py" line="89" name="test_subentities_codim_d_codim_d[&lt;lambda&gt;24]" time="0.00042748451232910156"><skipped message="Suite splitting in effect" type="pytest.skip">src/pymortests/grid.py:89: Suite splitting in effect</skipped></testcase><testcase classname="src.pymortests.grid" file="src/pymortests/grid.py" line="89" name="test_subentities_codim_d_codim_d[&lt;lambda&gt;25]" time="0.00040650367736816406"><skipped message="Suite splitting in effect" type="pytest.skip">src/pymortests/grid.py:89: Suite splitting in effect</skipped></testcase><testcase classname="src.pymortests.grid" file="src/pymortests/grid.py" line="89" name="test_subentities_codim_d_codim_d[&lt;lambda&gt;26]" time="0.00040435791015625"><skipped message="Suite splitting in effect" type="pytest.skip">src/pymortests/grid.py:89: Suite splitting in effect</skipped></testcase><testcase classname="src.pymortests.grid" file="src/pymortests/grid.py" line="89" name="test_subentities_codim_d_codim_d[&lt;lambda&gt;27]" time="0.000514984130859375"><skipped message="Suite splitting in effect" type="pytest.skip">src/pymortests/grid.py:89: Suite splitting in effect</skipped></testcase><testcase classname="src.pymortests.grid" file="src/pymortests/grid.py" line="89" name="test_subentities_codim_d_codim_d[&lt;lambda&gt;28]" time="0.0004200935363769531"><skipped message="Suite splitting in effect" type="pytest.skip">src/pymortests/grid.py:89: Suite splitting in effect</skipped></testcase><testcase classname="src.pymortests.grid" file="src/pymortests/grid.py" line="89" name="test_subentities_codim_d_codim_d[&lt;lambda&gt;29]" time="0.00039577484130859375"><skipped message="Suite splitting in effect" type="pytest.skip">src/pymortests/grid.py:89: Suite splitting in effect</skipped></testcase><testcase classname="src.pymortests.grid" file="src/pymortests/grid.py" line="89" name="test_subentities_codim_d_codim_d[&lt;lambda&gt;30]" time="0.0004067420959472656"><skipped message="Suite splitting in effect" type="pytest.skip">src/pymortests/grid.py:89: Suite splitting in effect</skipped></testcase><testcase classname="src.pymortests.grid" file="src/pymortests/grid.py" line="89" name="test_subentities_codim_d_codim_d[&lt;lambda&gt;31]" time="0.00038814544677734375"><skipped message="Suite splitting in effect" type="pytest.skip">src/pymortests/grid.py:89: Suite splitting in effect</skipped></testcase><testcase classname="src.pymortests.grid" file="src/pymortests/grid.py" line="89" name="test_subentities_codim_d_codim_d[&lt;lambda&gt;32]" time="0.00043487548828125"><skipped message="Suite splitting in effect" type="pytest.skip">src/pymortests/grid.py:89: Suite splitting in effect</skipped></testcase><testcase classname="src.pymortests.grid" file="src/pymortests/grid.py" line="89" name="test_subentities_codim_d_codim_d[&lt;lambda&gt;33]" time="0.0003993511199951172"><skipped message="Suite splitting in effect" type="pytest.skip">src/pymortests/grid.py:89: Suite splitting in effect</skipped></testcase><testcase classname="src.pymortests.grid" file="src/pymortests/grid.py" line="89" name="test_subentities_codim_d_codim_d[&lt;lambda&gt;34]" time="0.00041484832763671875"><skipped message="Suite splitting in effect" type="pytest.skip">src/pymortests/grid.py:89: Suite splitting in effect</skipped></testcase><testcase classname="src.pymortests.grid" file="src/pymortests/grid.py" line="89" name="test_subentities_codim_d_codim_d[&lt;lambda&gt;35]" time="0.0003948211669921875"><skipped message="Suite splitting in effect" type="pytest.skip">src/pymortests/grid.py:89: Suite splitting in effect</skipped></testcase><testcase classname="src.pymortests.grid" file="src/pymortests/grid.py" line="89" name="test_subentities_codim_d_codim_d[&lt;lambda&gt;36]" time="0.00041794776916503906"><skipped message="Suite splitting in effect" type="pytest.skip">src/pymortests/grid.py:89: Suite splitting in effect</skipped></testcase><testcase classname="src.pymortests.grid" file="src/pymortests/grid.py" line="89" name="test_subentities_codim_d_codim_d[&lt;lambda&gt;37]" time="0.0004394054412841797"><skipped message="Suite splitting in effect" type="pytest.skip">src/pymortests/grid.py:89: Suite splitting in effect</skipped></testcase><testcase classname="src.pymortests.grid" file="src/pymortests/grid.py" line="89" name="test_subentities_codim_d_codim_d[&lt;lambda&gt;38]" time="0.0004165172576904297"><skipped message="Suite splitting in effect" type="pytest.skip">src/pymortests/grid.py:89: Suite splitting in effect</skipped></testcase><testcase classname="src.pymortests.grid" file="src/pymortests/grid.py" line="89" name="test_subentities_codim_d_codim_d[&lt;lambda&gt;39]" time="0.000392913818359375"><skipped message="Suite splitting in effect" type="pytest.skip">src/pymortests/grid.py:89: Suite splitting in effect</skipped></testcase><testcase classname="src.pymortests.grid" file="src/pymortests/grid.py" line="89" name="test_subentities_codim_d_codim_d[&lt;lambda&gt;40]" time="0.00043511390686035156"><skipped message="Suite splitting in effect" type="pytest.skip">src/pymortests/grid.py:89: Suite splitting in effect</skipped></testcase><testcase classname="src.pymortests.grid" file="src/pymortests/grid.py" line="89" name="test_subentities_codim_d_codim_d[&lt;lambda&gt;41]" time="0.00039386749267578125"><skipped message="Suite splitting in effect" type="pytest.skip">src/pymortests/grid.py:89: Suite splitting in effect</skipped></testcase><testcase classname="src.pymortests.grid" file="src/pymortests/grid.py" line="89" name="test_subentities_codim_d_codim_d[&lt;lambda&gt;42]" time="0.0004451274871826172"><skipped message="Suite splitting in effect" type="pytest.skip">src/pymortests/grid.py:89: Suite splitting in effect</skipped></testcase><testcase classname="src.pymortests.grid" file="src/pymortests/grid.py" line="96" name="test_subentities_transitivity[&lt;lambda&gt;0]" time="0.00039315223693847656"><skipped message="Suite splitting in effect" type="pytest.skip">src/pymortests/grid.py:96: Suite splitting in effect</skipped></testcase><testcase classname="src.pymortests.grid" file="src/pymortests/grid.py" line="96" name="test_subentities_transitivity[&lt;lambda&gt;1]" time="0.0004074573516845703"><skipped message="Suite splitting in effect" type="pytest.skip">src/pymortests/grid.py:96: Suite splitting in effect</skipped></testcase><testcase classname="src.pymortests.grid" file="src/pymortests/grid.py" line="96" name="test_subentities_transitivity[&lt;lambda&gt;2]" time="0.0003924369812011719"><skipped message="Suite splitting in effect" type="pytest.skip">src/pymortests/grid.py:96: Suite splitting in effect</skipped></testcase><testcase classname="src.pymortests.grid" file="src/pymortests/grid.py" line="96" name="test_subentities_transitivity[&lt;lambda&gt;3]" time="0.0004017353057861328"><skipped message="Suite splitting in effect" type="pytest.skip">src/pymortests/grid.py:96: Suite splitting in effect</skipped></testcase><testcase classname="src.pymortests.grid" file="src/pymortests/grid.py" line="96" name="test_subentities_transitivity[&lt;lambda&gt;4]" time="0.0003962516784667969"><skipped message="Suite splitting in effect" type="pytest.skip">src/pymortests/grid.py:96: Suite splitting in effect</skipped></testcase><testcase classname="src.pymortests.grid" file="src/pymortests/grid.py" line="96" name="test_subentities_transitivity[&lt;lambda&gt;5]" time="0.00040149688720703125"><skipped message="Suite splitting in effect" type="pytest.skip">src/pymortests/grid.py:96: Suite splitting in effect</skipped></testcase><testcase classname="src.pymortests.grid" file="src/pymortests/grid.py" line="96" name="test_subentities_transitivity[&lt;lambda&gt;6]" time="0.00042724609375"><skipped message="Suite splitting in effect" type="pytest.skip">src/pymortests/grid.py:96: Suite splitting in effect</skipped></testcase><testcase classname="src.pymortests.grid" file="src/pymortests/grid.py" line="96" name="test_subentities_transitivity[&lt;lambda&gt;7]" time="0.0004239082336425781"><skipped message="Suite splitting in effect" type="pytest.skip">src/pymortests/grid.py:96: Suite splitting in effect</skipped></testcase><testcase classname="src.pymortests.grid" file="src/pymortests/grid.py" line="96" name="test_subentities_transitivity[&lt;lambda&gt;8]" time="0.0004165172576904297"><skipped message="Suite splitting in effect" type="pytest.skip">src/pymortests/grid.py:96: Suite splitting in effect</skipped></testcase><testcase classname="src.pymortests.grid" file="src/pymortests/grid.py" line="96" name="test_subentities_transitivity[&lt;lambda&gt;9]" time="0.00045609474182128906"><skipped message="Suite splitting in effect" type="pytest.skip">src/pymortests/grid.py:96: Suite splitting in effect</skipped></testcase><testcase classname="src.pymortests.grid" file="src/pymortests/grid.py" line="96" name="test_subentities_transitivity[&lt;lambda&gt;10]" time="0.00043201446533203125"><skipped message="Suite splitting in effect" type="pytest.skip">src/pymortests/grid.py:96: Suite splitting in effect</skipped></testcase><testcase classname="src.pymortests.grid" file="src/pymortests/grid.py" line="96" name="test_subentities_transitivity[&lt;lambda&gt;11]" time="0.00042128562927246094"><skipped message="Suite splitting in effect" type="pytest.skip">src/pymortests/grid.py:96: Suite splitting in effect</skipped></testcase><testcase classname="src.pymortests.grid" file="src/pymortests/grid.py" line="96" name="test_subentities_transitivity[&lt;lambda&gt;12]" time="0.0003883838653564453"><skipped message="Suite splitting in effect" type="pytest.skip">src/pymortests/grid.py:96: Suite splitting in effect</skipped></testcase><testcase classname="src.pymortests.grid" file="src/pymortests/grid.py" line="96" name="test_subentities_transitivity[&lt;lambda&gt;13]" time="0.0004200935363769531"><skipped message="Suite splitting in effect" type="pytest.skip">src/pymortests/grid.py:96: Suite splitting in effect</skipped></testcase><testcase classname="src.pymortests.grid" file="src/pymortests/grid.py" line="96" name="test_subentities_transitivity[&lt;lambda&gt;14]" time="0.00039577484130859375"><skipped message="Suite splitting in effect" type="pytest.skip">src/pymortests/grid.py:96: Suite splitting in effect</skipped></testcase><testcase classname="src.pymortests.grid" file="src/pymortests/grid.py" line="96" name="test_subentities_transitivity[&lt;lambda&gt;15]" time="0.00043773651123046875"><skipped message="Suite splitting in effect" type="pytest.skip">src/pymortests/grid.py:96: Suite splitting in effect</skipped></testcase><testcase classname="src.pymortests.grid" file="src/pymortests/grid.py" line="96" name="test_subentities_transitivity[&lt;lambda&gt;16]" time="0.0003991127014160156"><skipped message="Suite splitting in effect" type="pytest.skip">src/pymortests/grid.py:96: Suite splitting in effect</skipped></testcase><testcase classname="src.pymortests.grid" file="src/pymortests/grid.py" line="96" name="test_subentities_transitivity[&lt;lambda&gt;17]" time="0.000431060791015625"><skipped message="Suite splitting in effect" type="pytest.skip">src/pymortests/grid.py:96: Suite splitting in effect</skipped></testcase><testcase classname="src.pymortests.grid" file="src/pymortests/grid.py" line="96" name="test_subentities_transitivity[&lt;lambda&gt;18]" time="0.0004124641418457031"><skipped message="Suite splitting in effect" type="pytest.skip">src/pymortests/grid.py:96: Suite splitting in effect</skipped></testcase><testcase classname="src.pymortests.grid" file="src/pymortests/grid.py" line="96" name="test_subentities_transitivity[&lt;lambda&gt;19]" time="0.00040841102600097656"><skipped message="Suite splitting in effect" type="pytest.skip">src/pymortests/grid.py:96: Suite splitting in effect</skipped></testcase><testcase classname="src.pymortests.grid" file="src/pymortests/grid.py" line="96" name="test_subentities_transitivity[&lt;lambda&gt;20]" time="0.0004172325134277344"><skipped message="Suite splitting in effect" type="pytest.skip">src/pymortests/grid.py:96: Suite splitting in effect</skipped></testcase><testcase classname="src.pymortests.grid" file="src/pymortests/grid.py" line="96" name="test_subentities_transitivity[&lt;lambda&gt;21]" time="0.0004010200500488281"><skipped message="Suite splitting in effect" type="pytest.skip">src/pymortests/grid.py:96: Suite splitting in effect</skipped></testcase><testcase classname="src.pymortests.grid" file="src/pymortests/grid.py" line="96" name="test_subentities_transitivity[&lt;lambda&gt;22]" time="0.0004451274871826172"><skipped message="Suite splitting in effect" type="pytest.skip">src/pymortests/grid.py:96: Suite splitting in effect</skipped></testcase><testcase classname="src.pymortests.grid" file="src/pymortests/grid.py" line="96" name="test_subentities_transitivity[&lt;lambda&gt;23]" time="0.0004425048828125"><skipped message="Suite splitting in effect" type="pytest.skip">src/pymortests/grid.py:96: Suite splitting in effect</skipped></testcase><testcase classname="src.pymortests.grid" file="src/pymortests/grid.py" line="96" name="test_subentities_transitivity[&lt;lambda&gt;24]" time="0.00043964385986328125"><skipped message="Suite splitting in effect" type="pytest.skip">src/pymortests/grid.py:96: Suite splitting in effect</skipped></testcase><testcase classname="src.pymortests.grid" file="src/pymortests/grid.py" line="96" name="test_subentities_transitivity[&lt;lambda&gt;25]" time="0.00039005279541015625"><skipped message="Suite splitting in effect" type="pytest.skip">src/pymortests/grid.py:96: Suite splitting in effect</skipped></testcase><testcase classname="src.pymortests.grid" file="src/pymortests/grid.py" line="96" name="test_subentities_transitivity[&lt;lambda&gt;26]" time="0.0004284381866455078"><skipped message="Suite splitting in effect" type="pytest.skip">src/pymortests/grid.py:96: Suite splitting in effect</skipped></testcase><testcase classname="src.pymortests.grid" file="src/pymortests/grid.py" line="96" name="test_subentities_transitivity[&lt;lambda&gt;27]" time="0.00039458274841308594"><skipped message="Suite splitting in effect" type="pytest.skip">src/pymortests/grid.py:96: Suite splitting in effect</skipped></testcase><testcase classname="src.pymortests.grid" file="src/pymortests/grid.py" line="96" name="test_subentities_transitivity[&lt;lambda&gt;28]" time="0.0004215240478515625"><skipped message="Suite splitting in effect" type="pytest.skip">src/pymortests/grid.py:96: Suite splitting in effect</skipped></testcase><testcase classname="src.pymortests.grid" file="src/pymortests/grid.py" line="96" name="test_subentities_transitivity[&lt;lambda&gt;29]" time="0.00039386749267578125"><skipped message="Suite splitting in effect" type="pytest.skip">src/pymortests/grid.py:96: Suite splitting in effect</skipped></testcase><testcase classname="src.pymortests.grid" file="src/pymortests/grid.py" line="96" name="test_subentities_transitivity[&lt;lambda&gt;30]" time="0.0004353523254394531"><skipped message="Suite splitting in effect" type="pytest.skip">src/pymortests/grid.py:96: Suite splitting in effect</skipped></testcase><testcase classname="src.pymortests.grid" file="src/pymortests/grid.py" line="96" name="test_subentities_transitivity[&lt;lambda&gt;31]" time="0.00041794776916503906"><skipped message="Suite splitting in effect" type="pytest.skip">src/pymortests/grid.py:96: Suite splitting in effect</skipped></testcase><testcase classname="src.pymortests.grid" file="src/pymortests/grid.py" line="96" name="test_subentities_transitivity[&lt;lambda&gt;32]" time="0.0004138946533203125"><skipped message="Suite splitting in effect" type="pytest.skip">src/pymortests/grid.py:96: Suite splitting in effect</skipped></testcase><testcase classname="src.pymortests.grid" file="src/pymortests/grid.py" line="96" name="test_subentities_transitivity[&lt;lambda&gt;33]" time="0.0004494190216064453"><skipped message="Suite splitting in effect" type="pytest.skip">src/pymortests/grid.py:96: Suite splitting in effect</skipped></testcase><testcase classname="src.pymortests.grid" file="src/pymortests/grid.py" line="96" name="test_subentities_transitivity[&lt;lambda&gt;34]" time="0.0004048347473144531"><skipped message="Suite splitting in effect" type="pytest.skip">src/pymortests/grid.py:96: Suite splitting in effect</skipped></testcase><testcase classname="src.pymortests.grid" file="src/pymortests/grid.py" line="96" name="test_subentities_transitivity[&lt;lambda&gt;35]" time="0.0004036426544189453"><skipped message="Suite splitting in effect" type="pytest.skip">src/pymortests/grid.py:96: Suite splitting in effect</skipped></testcase><testcase classname="src.pymortests.grid" file="src/pymortests/grid.py" line="96" name="test_subentities_transitivity[&lt;lambda&gt;36]" time="0.0004105567932128906"><skipped message="Suite splitting in effect" type="pytest.skip">src/pymortests/grid.py:96: Suite splitting in effect</skipped></testcase><testcase classname="src.pymortests.grid" file="src/pymortests/grid.py" line="96" name="test_subentities_transitivity[&lt;lambda&gt;37]" time="0.0003895759582519531"><skipped message="Suite splitting in effect" type="pytest.skip">src/pymortests/grid.py:96: Suite splitting in effect</skipped></testcase><testcase classname="src.pymortests.grid" file="src/pymortests/grid.py" line="96" name="test_subentities_transitivity[&lt;lambda&gt;38]" time="0.00046324729919433594"><skipped message="Suite splitting in effect" type="pytest.skip">src/pymortests/grid.py:96: Suite splitting in effect</skipped></testcase><testcase classname="src.pymortests.grid" file="src/pymortests/grid.py" line="96" name="test_subentities_transitivity[&lt;lambda&gt;39]" time="0.0003960132598876953"><skipped message="Suite splitting in effect" type="pytest.skip">src/pymortests/grid.py:96: Suite splitting in effect</skipped></testcase><testcase classname="src.pymortests.grid" file="src/pymortests/grid.py" line="96" name="test_subentities_transitivity[&lt;lambda&gt;40]" time="0.0004150867462158203"><skipped message="Suite splitting in effect" type="pytest.skip">src/pymortests/grid.py:96: Suite splitting in effect</skipped></testcase><testcase classname="src.pymortests.grid" file="src/pymortests/grid.py" line="96" name="test_subentities_transitivity[&lt;lambda&gt;41]" time="0.0005624294281005859"><skipped message="Suite splitting in effect" type="pytest.skip">src/pymortests/grid.py:96: Suite splitting in effect</skipped></testcase><testcase classname="src.pymortests.grid" file="src/pymortests/grid.py" line="96" name="test_subentities_transitivity[&lt;lambda&gt;42]" time="0.0003914833068847656"><skipped message="Suite splitting in effect" type="pytest.skip">src/pymortests/grid.py:96: Suite splitting in effect</skipped></testcase><testcase classname="src.pymortests.grid" file="src/pymortests/grid.py" line="110" name="test_superentities_wrong_arguments[&lt;lambda&gt;0]" time="0.0004456043243408203"><skipped message="Suite splitting in effect" type="pytest.skip">src/pymortests/grid.py:110: Suite splitting in effect</skipped></testcase><testcase classname="src.pymortests.grid" file="src/pymortests/grid.py" line="110" name="test_superentities_wrong_arguments[&lt;lambda&gt;1]" time="0.00039315223693847656"><skipped message="Suite splitting in effect" type="pytest.skip">src/pymortests/grid.py:110: Suite splitting in effect</skipped></testcase><testcase classname="src.pymortests.grid" file="src/pymortests/grid.py" line="110" name="test_superentities_wrong_arguments[&lt;lambda&gt;2]" time="0.00040435791015625"><skipped message="Suite splitting in effect" type="pytest.skip">src/pymortests/grid.py:110: Suite splitting in effect</skipped></testcase><testcase classname="src.pymortests.grid" file="src/pymortests/grid.py" line="110" name="test_superentities_wrong_arguments[&lt;lambda&gt;3]" time="0.00040459632873535156"><skipped message="Suite splitting in effect" type="pytest.skip">src/pymortests/grid.py:110: Suite splitting in effect</skipped></testcase><testcase classname="src.pymortests.grid" file="src/pymortests/grid.py" line="110" name="test_superentities_wrong_arguments[&lt;lambda&gt;4]" time="0.00040602684020996094"><skipped message="Suite splitting in effect" type="pytest.skip">src/pymortests/grid.py:110: Suite splitting in effect</skipped></testcase><testcase classname="src.pymortests.grid" file="src/pymortests/grid.py" line="110" name="test_superentities_wrong_arguments[&lt;lambda&gt;5]" time="0.00040030479431152344"><skipped message="Suite splitting in effect" type="pytest.skip">src/pymortests/grid.py:110: Suite splitting in effect</skipped></testcase><testcase classname="src.pymortests.grid" file="src/pymortests/grid.py" line="110" name="test_superentities_wrong_arguments[&lt;lambda&gt;6]" time="0.0003910064697265625"><skipped message="Suite splitting in effect" type="pytest.skip">src/pymortests/grid.py:110: Suite splitting in effect</skipped></testcase><testcase classname="src.pymortests.grid" file="src/pymortests/grid.py" line="110" name="test_superentities_wrong_arguments[&lt;lambda&gt;7]" time="0.0004115104675292969"><skipped message="Suite splitting in effect" type="pytest.skip">src/pymortests/grid.py:110: Suite splitting in effect</skipped></testcase><testcase classname="src.pymortests.grid" file="src/pymortests/grid.py" line="110" name="test_superentities_wrong_arguments[&lt;lambda&gt;8]" time="0.00040435791015625"><skipped message="Suite splitting in effect" type="pytest.skip">src/pymortests/grid.py:110: Suite splitting in effect</skipped></testcase><testcase classname="src.pymortests.grid" file="src/pymortests/grid.py" line="110" name="test_superentities_wrong_arguments[&lt;lambda&gt;9]" time="0.00042438507080078125"><skipped message="Suite splitting in effect" type="pytest.skip">src/pymortests/grid.py:110: Suite splitting in effect</skipped></testcase><testcase classname="src.pymortests.grid" file="src/pymortests/grid.py" line="110" name="test_superentities_wrong_arguments[&lt;lambda&gt;10]" time="0.0003960132598876953"><skipped message="Suite splitting in effect" type="pytest.skip">src/pymortests/grid.py:110: Suite splitting in effect</skipped></testcase><testcase classname="src.pymortests.grid" file="src/pymortests/grid.py" line="110" name="test_superentities_wrong_arguments[&lt;lambda&gt;11]" time="0.00043463706970214844"><skipped message="Suite splitting in effect" type="pytest.skip">src/pymortests/grid.py:110: Suite splitting in effect</skipped></testcase><testcase classname="src.pymortests.grid" file="src/pymortests/grid.py" line="110" name="test_superentities_wrong_arguments[&lt;lambda&gt;12]" time="0.00039768218994140625"><skipped message="Suite splitting in effect" type="pytest.skip">src/pymortests/grid.py:110: Suite splitting in effect</skipped></testcase><testcase classname="src.pymortests.grid" file="src/pymortests/grid.py" line="110" name="test_superentities_wrong_arguments[&lt;lambda&gt;13]" time="0.0005056858062744141"><skipped message="Suite splitting in effect" type="pytest.skip">src/pymortests/grid.py:110: Suite splitting in effect</skipped></testcase><testcase classname="src.pymortests.grid" file="src/pymortests/grid.py" line="110" name="test_superentities_wrong_arguments[&lt;lambda&gt;14]" time="0.0003943443298339844"><skipped message="Suite splitting in effect" type="pytest.skip">src/pymortests/grid.py:110: Suite splitting in effect</skipped></testcase><testcase classname="src.pymortests.grid" file="src/pymortests/grid.py" line="110" name="test_superentities_wrong_arguments[&lt;lambda&gt;15]" time="0.00042629241943359375"><skipped message="Suite splitting in effect" type="pytest.skip">src/pymortests/grid.py:110: Suite splitting in effect</skipped></testcase><testcase classname="src.pymortests.grid" file="src/pymortests/grid.py" line="110" name="test_superentities_wrong_arguments[&lt;lambda&gt;16]" time="0.0003917217254638672"><skipped message="Suite splitting in effect" type="pytest.skip">src/pymortests/grid.py:110: Suite splitting in effect</skipped></testcase><testcase classname="src.pymortests.grid" file="src/pymortests/grid.py" line="110" name="test_superentities_wrong_arguments[&lt;lambda&gt;17]" time="0.00042724609375"><skipped message="Suite splitting in effect" type="pytest.skip">src/pymortests/grid.py:110: Suite splitting in effect</skipped></testcase><testcase classname="src.pymortests.grid" file="src/pymortests/grid.py" line="110" name="test_superentities_wrong_arguments[&lt;lambda&gt;18]" time="0.0004029273986816406"><skipped message="Suite splitting in effect" type="pytest.skip">src/pymortests/grid.py:110: Suite splitting in effect</skipped></testcase><testcase classname="src.pymortests.grid" file="src/pymortests/grid.py" line="110" name="test_superentities_wrong_arguments[&lt;lambda&gt;19]" time="0.0004215240478515625"><skipped message="Suite splitting in effect" type="pytest.skip">src/pymortests/grid.py:110: Suite splitting in effect</skipped></testcase><testcase classname="src.pymortests.grid" file="src/pymortests/grid.py" line="110" name="test_superentities_wrong_arguments[&lt;lambda&gt;20]" time="0.00039577484130859375"><skipped message="Suite splitting in effect" type="pytest.skip">src/pymortests/grid.py:110: Suite splitting in effect</skipped></testcase><testcase classname="src.pymortests.grid" file="src/pymortests/grid.py" line="110" name="test_superentities_wrong_arguments[&lt;lambda&gt;21]" time="0.00041484832763671875"><skipped message="Suite splitting in effect" type="pytest.skip">src/pymortests/grid.py:110: Suite splitting in effect</skipped></testcase><testcase classname="src.pymortests.grid" file="src/pymortests/grid.py" line="110" name="test_superentities_wrong_arguments[&lt;lambda&gt;22]" time="0.00040149688720703125"><skipped message="Suite splitting in effect" type="pytest.skip">src/pymortests/grid.py:110: Suite splitting in effect</skipped></testcase><testcase classname="src.pymortests.grid" file="src/pymortests/grid.py" line="110" name="test_superentities_wrong_arguments[&lt;lambda&gt;23]" time="0.00042319297790527344"><skipped message="Suite splitting in effect" type="pytest.skip">src/pymortests/grid.py:110: Suite splitting in effect</skipped></testcase><testcase classname="src.pymortests.grid" file="src/pymortests/grid.py" line="110" name="test_superentities_wrong_arguments[&lt;lambda&gt;24]" time="0.000396728515625"><skipped message="Suite splitting in effect" type="pytest.skip">src/pymortests/grid.py:110: Suite splitting in effect</skipped></testcase><testcase classname="src.pymortests.grid" file="src/pymortests/grid.py" line="110" name="test_superentities_wrong_arguments[&lt;lambda&gt;25]" time="0.00042319297790527344"><skipped message="Suite splitting in effect" type="pytest.skip">src/pymortests/grid.py:110: Suite splitting in effect</skipped></testcase><testcase classname="src.pymortests.grid" file="src/pymortests/grid.py" line="110" name="test_superentities_wrong_arguments[&lt;lambda&gt;26]" time="0.0004127025604248047"><skipped message="Suite splitting in effect" type="pytest.skip">src/pymortests/grid.py:110: Suite splitting in effect</skipped></testcase><testcase classname="src.pymortests.grid" file="src/pymortests/grid.py" line="110" name="test_superentities_wrong_arguments[&lt;lambda&gt;27]" time="0.00042891502380371094"><skipped message="Suite splitting in effect" type="pytest.skip">src/pymortests/grid.py:110: Suite splitting in effect</skipped></testcase><testcase classname="src.pymortests.grid" file="src/pymortests/grid.py" line="110" name="test_superentities_wrong_arguments[&lt;lambda&gt;28]" time="0.00041484832763671875"><skipped message="Suite splitting in effect" type="pytest.skip">src/pymortests/grid.py:110: Suite splitting in effect</skipped></testcase><testcase classname="src.pymortests.grid" file="src/pymortests/grid.py" line="110" name="test_superentities_wrong_arguments[&lt;lambda&gt;29]" time="0.0006320476531982422"><skipped message="Suite splitting in effect" type="pytest.skip">src/pymortests/grid.py:110: Suite splitting in effect</skipped></testcase><testcase classname="src.pymortests.grid" file="src/pymortests/grid.py" line="110" name="test_superentities_wrong_arguments[&lt;lambda&gt;30]" time="0.00041365623474121094"><skipped message="Suite splitting in effect" type="pytest.skip">src/pymortests/grid.py:110: Suite splitting in effect</skipped></testcase><testcase classname="src.pymortests.grid" file="src/pymortests/grid.py" line="110" name="test_superentities_wrong_arguments[&lt;lambda&gt;31]" time="0.0003914833068847656"><skipped message="Suite splitting in effect" type="pytest.skip">src/pymortests/grid.py:110: Suite splitting in effect</skipped></testcase><testcase classname="src.pymortests.grid" file="src/pymortests/grid.py" line="110" name="test_superentities_wrong_arguments[&lt;lambda&gt;32]" time="0.00041294097900390625"><skipped message="Suite splitting in effect" type="pytest.skip">src/pymortests/grid.py:110: Suite splitting in effect</skipped></testcase><testcase classname="src.pymortests.grid" file="src/pymortests/grid.py" line="110" name="test_superentities_wrong_arguments[&lt;lambda&gt;33]" time="0.00039124488830566406"><skipped message="Suite splitting in effect" type="pytest.skip">src/pymortests/grid.py:110: Suite splitting in effect</skipped></testcase><testcase classname="src.pymortests.grid" file="src/pymortests/grid.py" line="110" name="test_superentities_wrong_arguments[&lt;lambda&gt;34]" time="0.0004487037658691406"><skipped message="Suite splitting in effect" type="pytest.skip">src/pymortests/grid.py:110: Suite splitting in effect</skipped></testcase><testcase classname="src.pymortests.grid" file="src/pymortests/grid.py" line="110" name="test_superentities_wrong_arguments[&lt;lambda&gt;35]" time="0.0003910064697265625"><skipped message="Suite splitting in effect" type="pytest.skip">src/pymortests/grid.py:110: Suite splitting in effect</skipped></testcase><testcase classname="src.pymortests.grid" file="src/pymortests/grid.py" line="110" name="test_superentities_wrong_arguments[&lt;lambda&gt;36]" time="0.00043892860412597656"><skipped message="Suite splitting in effect" type="pytest.skip">src/pymortests/grid.py:110: Suite splitting in effect</skipped></testcase><testcase classname="src.pymortests.grid" file="src/pymortests/grid.py" line="110" name="test_superentities_wrong_arguments[&lt;lambda&gt;37]" time="0.0003972053527832031"><skipped message="Suite splitting in effect" type="pytest.skip">src/pymortests/grid.py:110: Suite splitting in effect</skipped></testcase><testcase classname="src.pymortests.grid" file="src/pymortests/grid.py" line="110" name="test_superentities_wrong_arguments[&lt;lambda&gt;38]" time="0.00042128562927246094"><skipped message="Suite splitting in effect" type="pytest.skip">src/pymortests/grid.py:110: Suite splitting in effect</skipped></testcase><testcase classname="src.pymortests.grid" file="src/pymortests/grid.py" line="110" name="test_superentities_wrong_arguments[&lt;lambda&gt;39]" time="0.00039696693420410156"><skipped message="Suite splitting in effect" type="pytest.skip">src/pymortests/grid.py:110: Suite splitting in effect</skipped></testcase><testcase classname="src.pymortests.grid" file="src/pymortests/grid.py" line="110" name="test_superentities_wrong_arguments[&lt;lambda&gt;40]" time="0.00040340423583984375"><skipped message="Suite splitting in effect" type="pytest.skip">src/pymortests/grid.py:110: Suite splitting in effect</skipped></testcase><testcase classname="src.pymortests.grid" file="src/pymortests/grid.py" line="110" name="test_superentities_wrong_arguments[&lt;lambda&gt;41]" time="0.00040531158447265625"><skipped message="Suite splitting in effect" type="pytest.skip">src/pymortests/grid.py:110: Suite splitting in effect</skipped></testcase><testcase classname="src.pymortests.grid" file="src/pymortests/grid.py" line="110" name="test_superentities_wrong_arguments[&lt;lambda&gt;42]" time="0.0004048347473144531"><skipped message="Suite splitting in effect" type="pytest.skip">src/pymortests/grid.py:110: Suite splitting in effect</skipped></testcase><testcase classname="src.pymortests.grid" file="src/pymortests/grid.py" line="125" name="test_superentities_shape[&lt;lambda&gt;0]" time="0.00041484832763671875"><skipped message="Suite splitting in effect" type="pytest.skip">src/pymortests/grid.py:125: Suite splitting in effect</skipped></testcase><testcase classname="src.pymortests.grid" file="src/pymortests/grid.py" line="125" name="test_superentities_shape[&lt;lambda&gt;1]" time="0.00039315223693847656"><skipped message="Suite splitting in effect" type="pytest.skip">src/pymortests/grid.py:125: Suite splitting in effect</skipped></testcase><testcase classname="src.pymortests.grid" file="src/pymortests/grid.py" line="125" name="test_superentities_shape[&lt;lambda&gt;2]" time="0.0004138946533203125"><skipped message="Suite splitting in effect" type="pytest.skip">src/pymortests/grid.py:125: Suite splitting in effect</skipped></testcase><testcase classname="src.pymortests.grid" file="src/pymortests/grid.py" line="125" name="test_superentities_shape[&lt;lambda&gt;3]" time="0.00038552284240722656"><skipped message="Suite splitting in effect" type="pytest.skip">src/pymortests/grid.py:125: Suite splitting in effect</skipped></testcase><testcase classname="src.pymortests.grid" file="src/pymortests/grid.py" line="125" name="test_superentities_shape[&lt;lambda&gt;4]" time="0.00044846534729003906"><skipped message="Suite splitting in effect" type="pytest.skip">src/pymortests/grid.py:125: Suite splitting in effect</skipped></testcase><testcase classname="src.pymortests.grid" file="src/pymortests/grid.py" line="125" name="test_superentities_shape[&lt;lambda&gt;5]" time="0.00038933753967285156"><skipped message="Suite splitting in effect" type="pytest.skip">src/pymortests/grid.py:125: Suite splitting in effect</skipped></testcase><testcase classname="src.pymortests.grid" file="src/pymortests/grid.py" line="125" name="test_superentities_shape[&lt;lambda&gt;6]" time="0.0004220008850097656"><skipped message="Suite splitting in effect" type="pytest.skip">src/pymortests/grid.py:125: Suite splitting in effect</skipped></testcase><testcase classname="src.pymortests.grid" file="src/pymortests/grid.py" line="125" name="test_superentities_shape[&lt;lambda&gt;7]" time="0.00039267539978027344"><skipped message="Suite splitting in effect" type="pytest.skip">src/pymortests/grid.py:125: Suite splitting in effect</skipped></testcase><testcase classname="src.pymortests.grid" file="src/pymortests/grid.py" line="125" name="test_superentities_shape[&lt;lambda&gt;8]" time="0.0004189014434814453"><skipped message="Suite splitting in effect" type="pytest.skip">src/pymortests/grid.py:125: Suite splitting in effect</skipped></testcase><testcase classname="src.pymortests.grid" file="src/pymortests/grid.py" line="125" name="test_superentities_shape[&lt;lambda&gt;9]" time="0.0004203319549560547"><skipped message="Suite splitting in effect" type="pytest.skip">src/pymortests/grid.py:125: Suite splitting in effect</skipped></testcase><testcase classname="src.pymortests.grid" file="src/pymortests/grid.py" line="125" name="test_superentities_shape[&lt;lambda&gt;10]" time="0.0004000663757324219"><skipped message="Suite splitting in effect" type="pytest.skip">src/pymortests/grid.py:125: Suite splitting in effect</skipped></testcase><testcase classname="src.pymortests.grid" file="src/pymortests/grid.py" line="125" name="test_superentities_shape[&lt;lambda&gt;11]" time="0.0004096031188964844"><skipped message="Suite splitting in effect" type="pytest.skip">src/pymortests/grid.py:125: Suite splitting in effect</skipped></testcase><testcase classname="src.pymortests.grid" file="src/pymortests/grid.py" line="125" name="test_superentities_shape[&lt;lambda&gt;12]" time="0.00042748451232910156"><skipped message="Suite splitting in effect" type="pytest.skip">src/pymortests/grid.py:125: Suite splitting in effect</skipped></testcase><testcase classname="src.pymortests.grid" file="src/pymortests/grid.py" line="125" name="test_superentities_shape[&lt;lambda&gt;13]" time="0.00043392181396484375"><skipped message="Suite splitting in effect" type="pytest.skip">src/pymortests/grid.py:125: Suite splitting in effect</skipped></testcase><testcase classname="src.pymortests.grid" file="src/pymortests/grid.py" line="125" name="test_superentities_shape[&lt;lambda&gt;14]" time="0.0004487037658691406"><skipped message="Suite splitting in effect" type="pytest.skip">src/pymortests/grid.py:125: Suite splitting in effect</skipped></testcase><testcase classname="src.pymortests.grid" file="src/pymortests/grid.py" line="125" name="test_superentities_shape[&lt;lambda&gt;15]" time="0.000392913818359375"><skipped message="Suite splitting in effect" type="pytest.skip">src/pymortests/grid.py:125: Suite splitting in effect</skipped></testcase><testcase classname="src.pymortests.grid" file="src/pymortests/grid.py" line="125" name="test_superentities_shape[&lt;lambda&gt;16]" time="0.00043201446533203125"><skipped message="Suite splitting in effect" type="pytest.skip">src/pymortests/grid.py:125: Suite splitting in effect</skipped></testcase><testcase classname="src.pymortests.grid" file="src/pymortests/grid.py" line="125" name="test_superentities_shape[&lt;lambda&gt;17]" time="0.00042247772216796875"><skipped message="Suite splitting in effect" type="pytest.skip">src/pymortests/grid.py:125: Suite splitting in effect</skipped></testcase><testcase classname="src.pymortests.grid" file="src/pymortests/grid.py" line="125" name="test_superentities_shape[&lt;lambda&gt;18]" time="0.0003905296325683594"><skipped message="Suite splitting in effect" type="pytest.skip">src/pymortests/grid.py:125: Suite splitting in effect</skipped></testcase><testcase classname="src.pymortests.grid" file="src/pymortests/grid.py" line="125" name="test_superentities_shape[&lt;lambda&gt;19]" time="0.0004353523254394531"><skipped message="Suite splitting in effect" type="pytest.skip">src/pymortests/grid.py:125: Suite splitting in effect</skipped></testcase><testcase classname="src.pymortests.grid" file="src/pymortests/grid.py" line="125" name="test_superentities_shape[&lt;lambda&gt;20]" time="0.0004057884216308594"><skipped message="Suite splitting in effect" type="pytest.skip">src/pymortests/grid.py:125: Suite splitting in effect</skipped></testcase><testcase classname="src.pymortests.grid" file="src/pymortests/grid.py" line="125" name="test_superentities_shape[&lt;lambda&gt;21]" time="0.00040602684020996094"><skipped message="Suite splitting in effect" type="pytest.skip">src/pymortests/grid.py:125: Suite splitting in effect</skipped></testcase><testcase classname="src.pymortests.grid" file="src/pymortests/grid.py" line="125" name="test_superentities_shape[&lt;lambda&gt;22]" time="0.0004296302795410156"><skipped message="Suite splitting in effect" type="pytest.skip">src/pymortests/grid.py:125: Suite splitting in effect</skipped></testcase><testcase classname="src.pymortests.grid" file="src/pymortests/grid.py" line="125" name="test_superentities_shape[&lt;lambda&gt;23]" time="0.0003972053527832031"><skipped message="Suite splitting in effect" type="pytest.skip">src/pymortests/grid.py:125: Suite splitting in effect</skipped></testcase><testcase classname="src.pymortests.grid" file="src/pymortests/grid.py" line="125" name="test_superentities_shape[&lt;lambda&gt;24]" time="0.0004253387451171875"><skipped message="Suite splitting in effect" type="pytest.skip">src/pymortests/grid.py:125: Suite splitting in effect</skipped></testcase><testcase classname="src.pymortests.grid" file="src/pymortests/grid.py" line="125" name="test_superentities_shape[&lt;lambda&gt;25]" time="0.0003941059112548828"><skipped message="Suite splitting in effect" type="pytest.skip">src/pymortests/grid.py:125: Suite splitting in effect</skipped></testcase><testcase classname="src.pymortests.grid" file="src/pymortests/grid.py" line="125" name="test_superentities_shape[&lt;lambda&gt;26]" time="0.00040650367736816406"><skipped message="Suite splitting in effect" type="pytest.skip">src/pymortests/grid.py:125: Suite splitting in effect</skipped></testcase><testcase classname="src.pymortests.grid" file="src/pymortests/grid.py" line="125" name="test_superentities_shape[&lt;lambda&gt;27]" time="0.00040650367736816406"><skipped message="Suite splitting in effect" type="pytest.skip">src/pymortests/grid.py:125: Suite splitting in effect</skipped></testcase><testcase classname="src.pymortests.grid" file="src/pymortests/grid.py" line="125" name="test_superentities_shape[&lt;lambda&gt;28]" time="0.0004069805145263672"><skipped message="Suite splitting in effect" type="pytest.skip">src/pymortests/grid.py:125: Suite splitting in effect</skipped></testcase><testcase classname="src.pymortests.grid" file="src/pymortests/grid.py" line="125" name="test_superentities_shape[&lt;lambda&gt;29]" time="0.00040841102600097656"><skipped message="Suite splitting in effect" type="pytest.skip">src/pymortests/grid.py:125: Suite splitting in effect</skipped></testcase><testcase classname="src.pymortests.grid" file="src/pymortests/grid.py" line="125" name="test_superentities_shape[&lt;lambda&gt;30]" time="0.000400543212890625"><skipped message="Suite splitting in effect" type="pytest.skip">src/pymortests/grid.py:125: Suite splitting in effect</skipped></testcase><testcase classname="src.pymortests.grid" file="src/pymortests/grid.py" line="125" name="test_superentities_shape[&lt;lambda&gt;31]" time="0.00040841102600097656"><skipped message="Suite splitting in effect" type="pytest.skip">src/pymortests/grid.py:125: Suite splitting in effect</skipped></testcase><testcase classname="src.pymortests.grid" file="src/pymortests/grid.py" line="125" name="test_superentities_shape[&lt;lambda&gt;32]" time="0.0004146099090576172"><skipped message="Suite splitting in effect" type="pytest.skip">src/pymortests/grid.py:125: Suite splitting in effect</skipped></testcase><testcase classname="src.pymortests.grid" file="src/pymortests/grid.py" line="125" name="test_superentities_shape[&lt;lambda&gt;33]" time="0.00043892860412597656"><skipped message="Suite splitting in effect" type="pytest.skip">src/pymortests/grid.py:125: Suite splitting in effect</skipped></testcase><testcase classname="src.pymortests.grid" file="src/pymortests/grid.py" line="125" name="test_superentities_shape[&lt;lambda&gt;34]" time="0.00040078163146972656"><skipped message="Suite splitting in effect" type="pytest.skip">src/pymortests/grid.py:125: Suite splitting in effect</skipped></testcase><testcase classname="src.pymortests.grid" file="src/pymortests/grid.py" line="125" name="test_superentities_shape[&lt;lambda&gt;35]" time="0.0004172325134277344"><skipped message="Suite splitting in effect" type="pytest.skip">src/pymortests/grid.py:125: Suite splitting in effect</skipped></testcase><testcase classname="src.pymortests.grid" file="src/pymortests/grid.py" line="125" name="test_superentities_shape[&lt;lambda&gt;36]" time="0.0004012584686279297"><skipped message="Suite splitting in effect" type="pytest.skip">src/pymortests/grid.py:125: Suite splitting in effect</skipped></testcase><testcase classname="src.pymortests.grid" file="src/pymortests/grid.py" line="125" name="test_superentities_shape[&lt;lambda&gt;37]" time="0.00041413307189941406"><skipped message="Suite splitting in effect" type="pytest.skip">src/pymortests/grid.py:125: Suite splitting in effect</skipped></testcase><testcase classname="src.pymortests.grid" file="src/pymortests/grid.py" line="125" name="test_superentities_shape[&lt;lambda&gt;38]" time="0.0005388259887695312"><skipped message="Suite splitting in effect" type="pytest.skip">src/pymortests/grid.py:125: Suite splitting in effect</skipped></testcase><testcase classname="src.pymortests.grid" file="src/pymortests/grid.py" line="125" name="test_superentities_shape[&lt;lambda&gt;39]" time="0.00043320655822753906"><skipped message="Suite splitting in effect" type="pytest.skip">src/pymortests/grid.py:125: Suite splitting in effect</skipped></testcase><testcase classname="src.pymortests.grid" file="src/pymortests/grid.py" line="125" name="test_superentities_shape[&lt;lambda&gt;40]" time="0.00041174888610839844"><skipped message="Suite splitting in effect" type="pytest.skip">src/pymortests/grid.py:125: Suite splitting in effect</skipped></testcase><testcase classname="src.pymortests.grid" file="src/pymortests/grid.py" line="125" name="test_superentities_shape[&lt;lambda&gt;41]" time="0.00043082237243652344"><skipped message="Suite splitting in effect" type="pytest.skip">src/pymortests/grid.py:125: Suite splitting in effect</skipped></testcase><testcase classname="src.pymortests.grid" file="src/pymortests/grid.py" line="125" name="test_superentities_shape[&lt;lambda&gt;42]" time="0.000408172607421875"><skipped message="Suite splitting in effect" type="pytest.skip">src/pymortests/grid.py:125: Suite splitting in effect</skipped></testcase><testcase classname="src.pymortests.grid" file="src/pymortests/grid.py" line="135" name="test_superentities_dtype[&lt;lambda&gt;0]" time="0.0004284381866455078"><skipped message="Suite splitting in effect" type="pytest.skip">src/pymortests/grid.py:135: Suite splitting in effect</skipped></testcase><testcase classname="src.pymortests.grid" file="src/pymortests/grid.py" line="135" name="test_superentities_dtype[&lt;lambda&gt;1]" time="0.0003867149353027344"><skipped message="Suite splitting in effect" type="pytest.skip">src/pymortests/grid.py:135: Suite splitting in effect</skipped></testcase><testcase classname="src.pymortests.grid" file="src/pymortests/grid.py" line="135" name="test_superentities_dtype[&lt;lambda&gt;2]" time="0.00041294097900390625"><skipped message="Suite splitting in effect" type="pytest.skip">src/pymortests/grid.py:135: Suite splitting in effect</skipped></testcase><testcase classname="src.pymortests.grid" file="src/pymortests/grid.py" line="135" name="test_superentities_dtype[&lt;lambda&gt;3]" time="0.0004227161407470703"><skipped message="Suite splitting in effect" type="pytest.skip">src/pymortests/grid.py:135: Suite splitting in effect</skipped></testcase><testcase classname="src.pymortests.grid" file="src/pymortests/grid.py" line="135" name="test_superentities_dtype[&lt;lambda&gt;4]" time="0.0004119873046875"><skipped message="Suite splitting in effect" type="pytest.skip">src/pymortests/grid.py:135: Suite splitting in effect</skipped></testcase><testcase classname="src.pymortests.grid" file="src/pymortests/grid.py" line="135" name="test_superentities_dtype[&lt;lambda&gt;5]" time="0.0004093647003173828"><skipped message="Suite splitting in effect" type="pytest.skip">src/pymortests/grid.py:135: Suite splitting in effect</skipped></testcase><testcase classname="src.pymortests.grid" file="src/pymortests/grid.py" line="135" name="test_superentities_dtype[&lt;lambda&gt;6]" time="0.0003962516784667969"><skipped message="Suite splitting in effect" type="pytest.skip">src/pymortests/grid.py:135: Suite splitting in effect</skipped></testcase><testcase classname="src.pymortests.grid" file="src/pymortests/grid.py" line="135" name="test_superentities_dtype[&lt;lambda&gt;7]" time="0.0004069805145263672"><skipped message="Suite splitting in effect" type="pytest.skip">src/pymortests/grid.py:135: Suite splitting in effect</skipped></testcase><testcase classname="src.pymortests.grid" file="src/pymortests/grid.py" line="135" name="test_superentities_dtype[&lt;lambda&gt;8]" time="0.0003933906555175781"><skipped message="Suite splitting in effect" type="pytest.skip">src/pymortests/grid.py:135: Suite splitting in effect</skipped></testcase><testcase classname="src.pymortests.grid" file="src/pymortests/grid.py" line="135" name="test_superentities_dtype[&lt;lambda&gt;9]" time="0.0004482269287109375"><skipped message="Suite splitting in effect" type="pytest.skip">src/pymortests/grid.py:135: Suite splitting in effect</skipped></testcase><testcase classname="src.pymortests.grid" file="src/pymortests/grid.py" line="135" name="test_superentities_dtype[&lt;lambda&gt;10]" time="0.0003917217254638672"><skipped message="Suite splitting in effect" type="pytest.skip">src/pymortests/grid.py:135: Suite splitting in effect</skipped></testcase><testcase classname="src.pymortests.grid" file="src/pymortests/grid.py" line="135" name="test_superentities_dtype[&lt;lambda&gt;11]" time="0.00042819976806640625"><skipped message="Suite splitting in effect" type="pytest.skip">src/pymortests/grid.py:135: Suite splitting in effect</skipped></testcase><testcase classname="src.pymortests.grid" file="src/pymortests/grid.py" line="135" name="test_superentities_dtype[&lt;lambda&gt;12]" time="0.00039696693420410156"><skipped message="Suite splitting in effect" type="pytest.skip">src/pymortests/grid.py:135: Suite splitting in effect</skipped></testcase><testcase classname="src.pymortests.grid" file="src/pymortests/grid.py" line="135" name="test_superentities_dtype[&lt;lambda&gt;13]" time="0.00047016143798828125"><skipped message="Suite splitting in effect" type="pytest.skip">src/pymortests/grid.py:135: Suite splitting in effect</skipped></testcase><testcase classname="src.pymortests.grid" file="src/pymortests/grid.py" line="135" name="test_superentities_dtype[&lt;lambda&gt;14]" time="0.00039839744567871094"><skipped message="Suite splitting in effect" type="pytest.skip">src/pymortests/grid.py:135: Suite splitting in effect</skipped></testcase><testcase classname="src.pymortests.grid" file="src/pymortests/grid.py" line="135" name="test_superentities_dtype[&lt;lambda&gt;15]" time="0.00040030479431152344"><skipped message="Suite splitting in effect" type="pytest.skip">src/pymortests/grid.py:135: Suite splitting in effect</skipped></testcase><testcase classname="src.pymortests.grid" file="src/pymortests/grid.py" line="135" name="test_superentities_dtype[&lt;lambda&gt;16]" time="0.00043010711669921875"><skipped message="Suite splitting in effect" type="pytest.skip">src/pymortests/grid.py:135: Suite splitting in effect</skipped></testcase><testcase classname="src.pymortests.grid" file="src/pymortests/grid.py" line="135" name="test_superentities_dtype[&lt;lambda&gt;17]" time="0.0003905296325683594"><skipped message="Suite splitting in effect" type="pytest.skip">src/pymortests/grid.py:135: Suite splitting in effect</skipped></testcase><testcase classname="src.pymortests.grid" file="src/pymortests/grid.py" line="135" name="test_superentities_dtype[&lt;lambda&gt;18]" time="0.000408172607421875"><skipped message="Suite splitting in effect" type="pytest.skip">src/pymortests/grid.py:135: Suite splitting in effect</skipped></testcase><testcase classname="src.pymortests.grid" file="src/pymortests/grid.py" line="135" name="test_superentities_dtype[&lt;lambda&gt;19]" time="0.00040841102600097656"><skipped message="Suite splitting in effect" type="pytest.skip">src/pymortests/grid.py:135: Suite splitting in effect</skipped></testcase><testcase classname="src.pymortests.grid" file="src/pymortests/grid.py" line="135" name="test_superentities_dtype[&lt;lambda&gt;20]" time="0.00039196014404296875"><skipped message="Suite splitting in effect" type="pytest.skip">src/pymortests/grid.py:135: Suite splitting in effect</skipped></testcase><testcase classname="src.pymortests.grid" file="src/pymortests/grid.py" line="135" name="test_superentities_dtype[&lt;lambda&gt;21]" time="0.0004360675811767578"><skipped message="Suite splitting in effect" type="pytest.skip">src/pymortests/grid.py:135: Suite splitting in effect</skipped></testcase><testcase classname="src.pymortests.grid" file="src/pymortests/grid.py" line="135" name="test_superentities_dtype[&lt;lambda&gt;22]" time="0.0003898143768310547"><skipped message="Suite splitting in effect" type="pytest.skip">src/pymortests/grid.py:135: Suite splitting in effect</skipped></testcase><testcase classname="src.pymortests.grid" file="src/pymortests/grid.py" line="135" name="test_superentities_dtype[&lt;lambda&gt;23]" time="0.00040340423583984375"><skipped message="Suite splitting in effect" type="pytest.skip">src/pymortests/grid.py:135: Suite splitting in effect</skipped></testcase><testcase classname="src.pymortests.grid" file="src/pymortests/grid.py" line="135" name="test_superentities_dtype[&lt;lambda&gt;24]" time="0.00039267539978027344"><skipped message="Suite splitting in effect" type="pytest.skip">src/pymortests/grid.py:135: Suite splitting in effect</skipped></testcase><testcase classname="src.pymortests.grid" file="src/pymortests/grid.py" line="135" name="test_superentities_dtype[&lt;lambda&gt;25]" time="0.00043082237243652344"><skipped message="Suite splitting in effect" type="pytest.skip">src/pymortests/grid.py:135: Suite splitting in effect</skipped></testcase><testcase classname="src.pymortests.grid" file="src/pymortests/grid.py" line="135" name="test_superentities_dtype[&lt;lambda&gt;26]" time="0.0004191398620605469"><skipped message="Suite splitting in effect" type="pytest.skip">src/pymortests/grid.py:135: Suite splitting in effect</skipped></testcase><testcase classname="src.pymortests.grid" file="src/pymortests/grid.py" line="135" name="test_superentities_dtype[&lt;lambda&gt;27]" time="0.0004067420959472656"><skipped message="Suite splitting in effect" type="pytest.skip">src/pymortests/grid.py:135: Suite splitting in effect</skipped></testcase><testcase classname="src.pymortests.grid" file="src/pymortests/grid.py" line="135" name="test_superentities_dtype[&lt;lambda&gt;28]" time="0.0004017353057861328"><skipped message="Suite splitting in effect" type="pytest.skip">src/pymortests/grid.py:135: Suite splitting in effect</skipped></testcase><testcase classname="src.pymortests.grid" file="src/pymortests/grid.py" line="135" name="test_superentities_dtype[&lt;lambda&gt;29]" time="0.0004489421844482422"><skipped message="Suite splitting in effect" type="pytest.skip">src/pymortests/grid.py:135: Suite splitting in effect</skipped></testcase><testcase classname="src.pymortests.grid" file="src/pymortests/grid.py" line="135" name="test_superentities_dtype[&lt;lambda&gt;30]" time="0.0004367828369140625"><skipped message="Suite splitting in effect" type="pytest.skip">src/pymortests/grid.py:135: Suite splitting in effect</skipped></testcase><testcase classname="src.pymortests.grid" file="src/pymortests/grid.py" line="135" name="test_superentities_dtype[&lt;lambda&gt;31]" time="0.00038886070251464844"><skipped message="Suite splitting in effect" type="pytest.skip">src/pymortests/grid.py:135: Suite splitting in effect</skipped></testcase><testcase classname="src.pymortests.grid" file="src/pymortests/grid.py" line="135" name="test_superentities_dtype[&lt;lambda&gt;32]" time="0.00041103363037109375"><skipped message="Suite splitting in effect" type="pytest.skip">src/pymortests/grid.py:135: Suite splitting in effect</skipped></testcase><testcase classname="src.pymortests.grid" file="src/pymortests/grid.py" line="135" name="test_superentities_dtype[&lt;lambda&gt;33]" time="0.00038623809814453125"><skipped message="Suite splitting in effect" type="pytest.skip">src/pymortests/grid.py:135: Suite splitting in effect</skipped></testcase><testcase classname="src.pymortests.grid" file="src/pymortests/grid.py" line="135" name="test_superentities_dtype[&lt;lambda&gt;34]" time="0.00045371055603027344"><skipped message="Suite splitting in effect" type="pytest.skip">src/pymortests/grid.py:135: Suite splitting in effect</skipped></testcase><testcase classname="src.pymortests.grid" file="src/pymortests/grid.py" line="135" name="test_superentities_dtype[&lt;lambda&gt;35]" time="0.00038886070251464844"><skipped message="Suite splitting in effect" type="pytest.skip">src/pymortests/grid.py:135: Suite splitting in effect</skipped></testcase><testcase classname="src.pymortests.grid" file="src/pymortests/grid.py" line="135" name="test_superentities_dtype[&lt;lambda&gt;36]" time="0.0004475116729736328"><skipped message="Suite splitting in effect" type="pytest.skip">src/pymortests/grid.py:135: Suite splitting in effect</skipped></testcase><testcase classname="src.pymortests.grid" file="src/pymortests/grid.py" line="135" name="test_superentities_dtype[&lt;lambda&gt;37]" time="0.00039315223693847656"><skipped message="Suite splitting in effect" type="pytest.skip">src/pymortests/grid.py:135: Suite splitting in effect</skipped></testcase><testcase classname="src.pymortests.grid" file="src/pymortests/grid.py" line="135" name="test_superentities_dtype[&lt;lambda&gt;38]" time="0.0006499290466308594"><skipped message="Suite splitting in effect" type="pytest.skip">src/pymortests/grid.py:135: Suite splitting in effect</skipped></testcase><testcase classname="src.pymortests.grid" file="src/pymortests/grid.py" line="135" name="test_superentities_dtype[&lt;lambda&gt;39]" time="0.0004096031188964844"><skipped message="Suite splitting in effect" type="pytest.skip">src/pymortests/grid.py:135: Suite splitting in effect</skipped></testcase><testcase classname="src.pymortests.grid" file="src/pymortests/grid.py" line="135" name="test_superentities_dtype[&lt;lambda&gt;40]" time="0.0004177093505859375"><skipped message="Suite splitting in effect" type="pytest.skip">src/pymortests/grid.py:135: Suite splitting in effect</skipped></testcase><testcase classname="src.pymortests.grid" file="src/pymortests/grid.py" line="135" name="test_superentities_dtype[&lt;lambda&gt;41]" time="0.00041556358337402344"><skipped message="Suite splitting in effect" type="pytest.skip">src/pymortests/grid.py:135: Suite splitting in effect</skipped></testcase><testcase classname="src.pymortests.grid" file="src/pymortests/grid.py" line="135" name="test_superentities_dtype[&lt;lambda&gt;42]" time="0.0004115104675292969"><skipped message="Suite splitting in effect" type="pytest.skip">src/pymortests/grid.py:135: Suite splitting in effect</skipped></testcase><testcase classname="src.pymortests.grid" file="src/pymortests/grid.py" line="142" name="test_superentities_entry_value_range[&lt;lambda&gt;0]" time="0.0004119873046875"><skipped message="Suite splitting in effect" type="pytest.skip">src/pymortests/grid.py:142: Suite splitting in effect</skipped></testcase><testcase classname="src.pymortests.grid" file="src/pymortests/grid.py" line="142" name="test_superentities_entry_value_range[&lt;lambda&gt;1]" time="0.00040602684020996094"><skipped message="Suite splitting in effect" type="pytest.skip">src/pymortests/grid.py:142: Suite splitting in effect</skipped></testcase><testcase classname="src.pymortests.grid" file="src/pymortests/grid.py" line="142" name="test_superentities_entry_value_range[&lt;lambda&gt;2]" time="0.00042700767517089844"><skipped message="Suite splitting in effect" type="pytest.skip">src/pymortests/grid.py:142: Suite splitting in effect</skipped></testcase><testcase classname="src.pymortests.grid" file="src/pymortests/grid.py" line="142" name="test_superentities_entry_value_range[&lt;lambda&gt;3]" time="0.00041222572326660156"><skipped message="Suite splitting in effect" type="pytest.skip">src/pymortests/grid.py:142: Suite splitting in effect</skipped></testcase><testcase classname="src.pymortests.grid" file="src/pymortests/grid.py" line="142" name="test_superentities_entry_value_range[&lt;lambda&gt;4]" time="0.00040984153747558594"><skipped message="Suite splitting in effect" type="pytest.skip">src/pymortests/grid.py:142: Suite splitting in effect</skipped></testcase><testcase classname="src.pymortests.grid" file="src/pymortests/grid.py" line="142" name="test_superentities_entry_value_range[&lt;lambda&gt;5]" time="0.0004134178161621094"><skipped message="Suite splitting in effect" type="pytest.skip">src/pymortests/grid.py:142: Suite splitting in effect</skipped></testcase><testcase classname="src.pymortests.grid" file="src/pymortests/grid.py" line="142" name="test_superentities_entry_value_range[&lt;lambda&gt;6]" time="0.0004296302795410156"><skipped message="Suite splitting in effect" type="pytest.skip">src/pymortests/grid.py:142: Suite splitting in effect</skipped></testcase><testcase classname="src.pymortests.grid" file="src/pymortests/grid.py" line="142" name="test_superentities_entry_value_range[&lt;lambda&gt;7]" time="0.0004062652587890625"><skipped message="Suite splitting in effect" type="pytest.skip">src/pymortests/grid.py:142: Suite splitting in effect</skipped></testcase><testcase classname="src.pymortests.grid" file="src/pymortests/grid.py" line="142" name="test_superentities_entry_value_range[&lt;lambda&gt;8]" time="0.00040340423583984375"><skipped message="Suite splitting in effect" type="pytest.skip">src/pymortests/grid.py:142: Suite splitting in effect</skipped></testcase><testcase classname="src.pymortests.grid" file="src/pymortests/grid.py" line="142" name="test_superentities_entry_value_range[&lt;lambda&gt;9]" time="0.0004012584686279297"><skipped message="Suite splitting in effect" type="pytest.skip">src/pymortests/grid.py:142: Suite splitting in effect</skipped></testcase><testcase classname="src.pymortests.grid" file="src/pymortests/grid.py" line="142" name="test_superentities_entry_value_range[&lt;lambda&gt;10]" time="0.00039315223693847656"><skipped message="Suite splitting in effect" type="pytest.skip">src/pymortests/grid.py:142: Suite splitting in effect</skipped></testcase><testcase classname="src.pymortests.grid" file="src/pymortests/grid.py" line="142" name="test_superentities_entry_value_range[&lt;lambda&gt;11]" time="0.00042700767517089844"><skipped message="Suite splitting in effect" type="pytest.skip">src/pymortests/grid.py:142: Suite splitting in effect</skipped></testcase><testcase classname="src.pymortests.grid" file="src/pymortests/grid.py" line="142" name="test_superentities_entry_value_range[&lt;lambda&gt;12]" time="0.0003886222839355469"><skipped message="Suite splitting in effect" type="pytest.skip">src/pymortests/grid.py:142: Suite splitting in effect</skipped></testcase><testcase classname="src.pymortests.grid" file="src/pymortests/grid.py" line="142" name="test_superentities_entry_value_range[&lt;lambda&gt;13]" time="0.0004241466522216797"><skipped message="Suite splitting in effect" type="pytest.skip">src/pymortests/grid.py:142: Suite splitting in effect</skipped></testcase><testcase classname="src.pymortests.grid" file="src/pymortests/grid.py" line="142" name="test_superentities_entry_value_range[&lt;lambda&gt;14]" time="0.00039315223693847656"><skipped message="Suite splitting in effect" type="pytest.skip">src/pymortests/grid.py:142: Suite splitting in effect</skipped></testcase><testcase classname="src.pymortests.grid" file="src/pymortests/grid.py" line="142" name="test_superentities_entry_value_range[&lt;lambda&gt;15]" time="0.00042438507080078125"><skipped message="Suite splitting in effect" type="pytest.skip">src/pymortests/grid.py:142: Suite splitting in effect</skipped></testcase><testcase classname="src.pymortests.grid" file="src/pymortests/grid.py" line="142" name="test_superentities_entry_value_range[&lt;lambda&gt;16]" time="0.0003941059112548828"><skipped message="Suite splitting in effect" type="pytest.skip">src/pymortests/grid.py:142: Suite splitting in effect</skipped></testcase><testcase classname="src.pymortests.grid" file="src/pymortests/grid.py" line="142" name="test_superentities_entry_value_range[&lt;lambda&gt;17]" time="0.0004506111145019531"><skipped message="Suite splitting in effect" type="pytest.skip">src/pymortests/grid.py:142: Suite splitting in effect</skipped></testcase><testcase classname="src.pymortests.grid" file="src/pymortests/grid.py" line="142" name="test_superentities_entry_value_range[&lt;lambda&gt;18]" time="0.000396728515625"><skipped message="Suite splitting in effect" type="pytest.skip">src/pymortests/grid.py:142: Suite splitting in effect</skipped></testcase><testcase classname="src.pymortests.grid" file="src/pymortests/grid.py" line="142" name="test_superentities_entry_value_range[&lt;lambda&gt;19]" time="0.00040602684020996094"><skipped message="Suite splitting in effect" type="pytest.skip">src/pymortests/grid.py:142: Suite splitting in effect</skipped></testcase><testcase classname="src.pymortests.grid" file="src/pymortests/grid.py" line="142" name="test_superentities_entry_value_range[&lt;lambda&gt;20]" time="0.0004360675811767578"><skipped message="Suite splitting in effect" type="pytest.skip">src/pymortests/grid.py:142: Suite splitting in effect</skipped></testcase><testcase classname="src.pymortests.grid" file="src/pymortests/grid.py" line="142" name="test_superentities_entry_value_range[&lt;lambda&gt;21]" time="0.00041031837463378906"><skipped message="Suite splitting in effect" type="pytest.skip">src/pymortests/grid.py:142: Suite splitting in effect</skipped></testcase><testcase classname="src.pymortests.grid" file="src/pymortests/grid.py" line="142" name="test_superentities_entry_value_range[&lt;lambda&gt;22]" time="0.00038886070251464844"><skipped message="Suite splitting in effect" type="pytest.skip">src/pymortests/grid.py:142: Suite splitting in effect</skipped></testcase><testcase classname="src.pymortests.grid" file="src/pymortests/grid.py" line="142" name="test_superentities_entry_value_range[&lt;lambda&gt;23]" time="0.00041294097900390625"><skipped message="Suite splitting in effect" type="pytest.skip">src/pymortests/grid.py:142: Suite splitting in effect</skipped></testcase><testcase classname="src.pymortests.grid" file="src/pymortests/grid.py" line="142" name="test_superentities_entry_value_range[&lt;lambda&gt;24]" time="0.00038743019104003906"><skipped message="Suite splitting in effect" type="pytest.skip">src/pymortests/grid.py:142: Suite splitting in effect</skipped></testcase><testcase classname="src.pymortests.grid" file="src/pymortests/grid.py" line="142" name="test_superentities_entry_value_range[&lt;lambda&gt;25]" time="0.0004305839538574219"><skipped message="Suite splitting in effect" type="pytest.skip">src/pymortests/grid.py:142: Suite splitting in effect</skipped></testcase><testcase classname="src.pymortests.grid" file="src/pymortests/grid.py" line="142" name="test_superentities_entry_value_range[&lt;lambda&gt;26]" time="0.0004870891571044922"><skipped message="Suite splitting in effect" type="pytest.skip">src/pymortests/grid.py:142: Suite splitting in effect</skipped></testcase><testcase classname="src.pymortests.grid" file="src/pymortests/grid.py" line="142" name="test_superentities_entry_value_range[&lt;lambda&gt;27]" time="0.00039577484130859375"><skipped message="Suite splitting in effect" type="pytest.skip">src/pymortests/grid.py:142: Suite splitting in effect</skipped></testcase><testcase classname="src.pymortests.grid" file="src/pymortests/grid.py" line="142" name="test_superentities_entry_value_range[&lt;lambda&gt;28]" time="0.0004012584686279297"><skipped message="Suite splitting in effect" type="pytest.skip">src/pymortests/grid.py:142: Suite splitting in effect</skipped></testcase><testcase classname="src.pymortests.grid" file="src/pymortests/grid.py" line="142" name="test_superentities_entry_value_range[&lt;lambda&gt;29]" time="0.0004169940948486328"><skipped message="Suite splitting in effect" type="pytest.skip">src/pymortests/grid.py:142: Suite splitting in effect</skipped></testcase><testcase classname="src.pymortests.grid" file="src/pymortests/grid.py" line="142" name="test_superentities_entry_value_range[&lt;lambda&gt;30]" time="0.0004119873046875"><skipped message="Suite splitting in effect" type="pytest.skip">src/pymortests/grid.py:142: Suite splitting in effect</skipped></testcase><testcase classname="src.pymortests.grid" file="src/pymortests/grid.py" line="142" name="test_superentities_entry_value_range[&lt;lambda&gt;31]" time="0.00041484832763671875"><skipped message="Suite splitting in effect" type="pytest.skip">src/pymortests/grid.py:142: Suite splitting in effect</skipped></testcase><testcase classname="src.pymortests.grid" file="src/pymortests/grid.py" line="142" name="test_superentities_entry_value_range[&lt;lambda&gt;32]" time="0.0004057884216308594"><skipped message="Suite splitting in effect" type="pytest.skip">src/pymortests/grid.py:142: Suite splitting in effect</skipped></testcase><testcase classname="src.pymortests.grid" file="src/pymortests/grid.py" line="142" name="test_superentities_entry_value_range[&lt;lambda&gt;33]" time="0.00043964385986328125"><skipped message="Suite splitting in effect" type="pytest.skip">src/pymortests/grid.py:142: Suite splitting in effect</skipped></testcase><testcase classname="src.pymortests.grid" file="src/pymortests/grid.py" line="142" name="test_superentities_entry_value_range[&lt;lambda&gt;34]" time="0.0004038810729980469"><skipped message="Suite splitting in effect" type="pytest.skip">src/pymortests/grid.py:142: Suite splitting in effect</skipped></testcase><testcase classname="src.pymortests.grid" file="src/pymortests/grid.py" line="142" name="test_superentities_entry_value_range[&lt;lambda&gt;35]" time="0.0004246234893798828"><skipped message="Suite splitting in effect" type="pytest.skip">src/pymortests/grid.py:142: Suite splitting in effect</skipped></testcase><testcase classname="src.pymortests.grid" file="src/pymortests/grid.py" line="142" name="test_superentities_entry_value_range[&lt;lambda&gt;36]" time="0.00039076805114746094"><skipped message="Suite splitting in effect" type="pytest.skip">src/pymortests/grid.py:142: Suite splitting in effect</skipped></testcase><testcase classname="src.pymortests.grid" file="src/pymortests/grid.py" line="142" name="test_superentities_entry_value_range[&lt;lambda&gt;37]" time="0.0004267692565917969"><skipped message="Suite splitting in effect" type="pytest.skip">src/pymortests/grid.py:142: Suite splitting in effect</skipped></testcase><testcase classname="src.pymortests.grid" file="src/pymortests/grid.py" line="142" name="test_superentities_entry_value_range[&lt;lambda&gt;38]" time="0.000423431396484375"><skipped message="Suite splitting in effect" type="pytest.skip">src/pymortests/grid.py:142: Suite splitting in effect</skipped></testcase><testcase classname="src.pymortests.grid" file="src/pymortests/grid.py" line="142" name="test_superentities_entry_value_range[&lt;lambda&gt;39]" time="0.0004086494445800781"><skipped message="Suite splitting in effect" type="pytest.skip">src/pymortests/grid.py:142: Suite splitting in effect</skipped></testcase><testcase classname="src.pymortests.grid" file="src/pymortests/grid.py" line="142" name="test_superentities_entry_value_range[&lt;lambda&gt;40]" time="0.00041294097900390625"><skipped message="Suite splitting in effect" type="pytest.skip">src/pymortests/grid.py:142: Suite splitting in effect</skipped></testcase><testcase classname="src.pymortests.grid" file="src/pymortests/grid.py" line="142" name="test_superentities_entry_value_range[&lt;lambda&gt;41]" time="0.00041675567626953125"><skipped message="Suite splitting in effect" type="pytest.skip">src/pymortests/grid.py:142: Suite splitting in effect</skipped></testcase><testcase classname="src.pymortests.grid" file="src/pymortests/grid.py" line="142" name="test_superentities_entry_value_range[&lt;lambda&gt;42]" time="0.00041413307189941406"><skipped message="Suite splitting in effect" type="pytest.skip">src/pymortests/grid.py:142: Suite splitting in effect</skipped></testcase><testcase classname="src.pymortests.grid" file="src/pymortests/grid.py" line="150" name="test_superentities_entry_values_unique[&lt;lambda&gt;0]" time="0.0004031658172607422"><skipped message="Suite splitting in effect" type="pytest.skip">src/pymortests/grid.py:150: Suite splitting in effect</skipped></testcase><testcase classname="src.pymortests.grid" file="src/pymortests/grid.py" line="150" name="test_superentities_entry_values_unique[&lt;lambda&gt;1]" time="0.0003952980041503906"><skipped message="Suite splitting in effect" type="pytest.skip">src/pymortests/grid.py:150: Suite splitting in effect</skipped></testcase><testcase classname="src.pymortests.grid" file="src/pymortests/grid.py" line="150" name="test_superentities_entry_values_unique[&lt;lambda&gt;2]" time="0.0004246234893798828"><skipped message="Suite splitting in effect" type="pytest.skip">src/pymortests/grid.py:150: Suite splitting in effect</skipped></testcase><testcase classname="src.pymortests.grid" file="src/pymortests/grid.py" line="150" name="test_superentities_entry_values_unique[&lt;lambda&gt;3]" time="0.000446319580078125"><skipped message="Suite splitting in effect" type="pytest.skip">src/pymortests/grid.py:150: Suite splitting in effect</skipped></testcase><testcase classname="src.pymortests.grid" file="src/pymortests/grid.py" line="150" name="test_superentities_entry_values_unique[&lt;lambda&gt;4]" time="0.0004267692565917969"><skipped message="Suite splitting in effect" type="pytest.skip">src/pymortests/grid.py:150: Suite splitting in effect</skipped></testcase><testcase classname="src.pymortests.grid" file="src/pymortests/grid.py" line="150" name="test_superentities_entry_values_unique[&lt;lambda&gt;5]" time="0.000400543212890625"><skipped message="Suite splitting in effect" type="pytest.skip">src/pymortests/grid.py:150: Suite splitting in effect</skipped></testcase><testcase classname="src.pymortests.grid" file="src/pymortests/grid.py" line="150" name="test_superentities_entry_values_unique[&lt;lambda&gt;6]" time="0.0004069805145263672"><skipped message="Suite splitting in effect" type="pytest.skip">src/pymortests/grid.py:150: Suite splitting in effect</skipped></testcase><testcase classname="src.pymortests.grid" file="src/pymortests/grid.py" line="150" name="test_superentities_entry_values_unique[&lt;lambda&gt;7]" time="0.00043892860412597656"><skipped message="Suite splitting in effect" type="pytest.skip">src/pymortests/grid.py:150: Suite splitting in effect</skipped></testcase><testcase classname="src.pymortests.grid" file="src/pymortests/grid.py" line="150" name="test_superentities_entry_values_unique[&lt;lambda&gt;8]" time="0.00039315223693847656"><skipped message="Suite splitting in effect" type="pytest.skip">src/pymortests/grid.py:150: Suite splitting in effect</skipped></testcase><testcase classname="src.pymortests.grid" file="src/pymortests/grid.py" line="150" name="test_superentities_entry_values_unique[&lt;lambda&gt;9]" time="0.00042510032653808594"><skipped message="Suite splitting in effect" type="pytest.skip">src/pymortests/grid.py:150: Suite splitting in effect</skipped></testcase><testcase classname="src.pymortests.grid" file="src/pymortests/grid.py" line="150" name="test_superentities_entry_values_unique[&lt;lambda&gt;10]" time="0.00038743019104003906"><skipped message="Suite splitting in effect" type="pytest.skip">src/pymortests/grid.py:150: Suite splitting in effect</skipped></testcase><testcase classname="src.pymortests.grid" file="src/pymortests/grid.py" line="150" name="test_superentities_entry_values_unique[&lt;lambda&gt;11]" time="0.0004222393035888672"><skipped message="Suite splitting in effect" type="pytest.skip">src/pymortests/grid.py:150: Suite splitting in effect</skipped></testcase><testcase classname="src.pymortests.grid" file="src/pymortests/grid.py" line="150" name="test_superentities_entry_values_unique[&lt;lambda&gt;12]" time="0.0003972053527832031"><skipped message="Suite splitting in effect" type="pytest.skip">src/pymortests/grid.py:150: Suite splitting in effect</skipped></testcase><testcase classname="src.pymortests.grid" file="src/pymortests/grid.py" line="150" name="test_superentities_entry_values_unique[&lt;lambda&gt;13]" time="0.0004520416259765625"><skipped message="Suite splitting in effect" type="pytest.skip">src/pymortests/grid.py:150: Suite splitting in effect</skipped></testcase><testcase classname="src.pymortests.grid" file="src/pymortests/grid.py" line="150" name="test_superentities_entry_values_unique[&lt;lambda&gt;14]" time="0.0003948211669921875"><skipped message="Suite splitting in effect" type="pytest.skip">src/pymortests/grid.py:150: Suite splitting in effect</skipped></testcase><testcase classname="src.pymortests.grid" file="src/pymortests/grid.py" line="150" name="test_superentities_entry_values_unique[&lt;lambda&gt;15]" time="0.0004096031188964844"><skipped message="Suite splitting in effect" type="pytest.skip">src/pymortests/grid.py:150: Suite splitting in effect</skipped></testcase><testcase classname="src.pymortests.grid" file="src/pymortests/grid.py" line="150" name="test_superentities_entry_values_unique[&lt;lambda&gt;16]" time="0.0004336833953857422"><skipped message="Suite splitting in effect" type="pytest.skip">src/pymortests/grid.py:150: Suite splitting in effect</skipped></testcase><testcase classname="src.pymortests.grid" file="src/pymortests/grid.py" line="150" name="test_superentities_entry_values_unique[&lt;lambda&gt;17]" time="0.0003914833068847656"><skipped message="Suite splitting in effect" type="pytest.skip">src/pymortests/grid.py:150: Suite splitting in effect</skipped></testcase><testcase classname="src.pymortests.grid" file="src/pymortests/grid.py" line="150" name="test_superentities_entry_values_unique[&lt;lambda&gt;18]" time="0.0004105567932128906"><skipped message="Suite splitting in effect" type="pytest.skip">src/pymortests/grid.py:150: Suite splitting in effect</skipped></testcase><testcase classname="src.pymortests.grid" file="src/pymortests/grid.py" line="150" name="test_superentities_entry_values_unique[&lt;lambda&gt;19]" time="0.0004093647003173828"><skipped message="Suite splitting in effect" type="pytest.skip">src/pymortests/grid.py:150: Suite splitting in effect</skipped></testcase><testcase classname="src.pymortests.grid" file="src/pymortests/grid.py" line="150" name="test_superentities_entry_values_unique[&lt;lambda&gt;20]" time="0.0004119873046875"><skipped message="Suite splitting in effect" type="pytest.skip">src/pymortests/grid.py:150: Suite splitting in effect</skipped></testcase><testcase classname="src.pymortests.grid" file="src/pymortests/grid.py" line="150" name="test_superentities_entry_values_unique[&lt;lambda&gt;21]" time="0.0004336833953857422"><skipped message="Suite splitting in effect" type="pytest.skip">src/pymortests/grid.py:150: Suite splitting in effect</skipped></testcase><testcase classname="src.pymortests.grid" file="src/pymortests/grid.py" line="150" name="test_superentities_entry_values_unique[&lt;lambda&gt;22]" time="0.000392913818359375"><skipped message="Suite splitting in effect" type="pytest.skip">src/pymortests/grid.py:150: Suite splitting in effect</skipped></testcase><testcase classname="src.pymortests.grid" file="src/pymortests/grid.py" line="150" name="test_superentities_entry_values_unique[&lt;lambda&gt;23]" time="0.0004088878631591797"><skipped message="Suite splitting in effect" type="pytest.skip">src/pymortests/grid.py:150: Suite splitting in effect</skipped></testcase><testcase classname="src.pymortests.grid" file="src/pymortests/grid.py" line="150" name="test_superentities_entry_values_unique[&lt;lambda&gt;24]" time="0.0004444122314453125"><skipped message="Suite splitting in effect" type="pytest.skip">src/pymortests/grid.py:150: Suite splitting in effect</skipped></testcase><testcase classname="src.pymortests.grid" file="src/pymortests/grid.py" line="150" name="test_superentities_entry_values_unique[&lt;lambda&gt;25]" time="0.0004069805145263672"><skipped message="Suite splitting in effect" type="pytest.skip">src/pymortests/grid.py:150: Suite splitting in effect</skipped></testcase><testcase classname="src.pymortests.grid" file="src/pymortests/grid.py" line="150" name="test_superentities_entry_values_unique[&lt;lambda&gt;26]" time="0.0003924369812011719"><skipped message="Suite splitting in effect" type="pytest.skip">src/pymortests/grid.py:150: Suite splitting in effect</skipped></testcase><testcase classname="src.pymortests.grid" file="src/pymortests/grid.py" line="150" name="test_superentities_entry_values_unique[&lt;lambda&gt;27]" time="0.0004029273986816406"><skipped message="Suite splitting in effect" type="pytest.skip">src/pymortests/grid.py:150: Suite splitting in effect</skipped></testcase><testcase classname="src.pymortests.grid" file="src/pymortests/grid.py" line="150" name="test_superentities_entry_values_unique[&lt;lambda&gt;28]" time="0.0003974437713623047"><skipped message="Suite splitting in effect" type="pytest.skip">src/pymortests/grid.py:150: Suite splitting in effect</skipped></testcase><testcase classname="src.pymortests.grid" file="src/pymortests/grid.py" line="150" name="test_superentities_entry_values_unique[&lt;lambda&gt;29]" time="0.00042700767517089844"><skipped message="Suite splitting in effect" type="pytest.skip">src/pymortests/grid.py:150: Suite splitting in effect</skipped></testcase><testcase classname="src.pymortests.grid" file="src/pymortests/grid.py" line="150" name="test_superentities_entry_values_unique[&lt;lambda&gt;30]" time="0.0004017353057861328"><skipped message="Suite splitting in effect" type="pytest.skip">src/pymortests/grid.py:150: Suite splitting in effect</skipped></testcase><testcase classname="src.pymortests.grid" file="src/pymortests/grid.py" line="150" name="test_superentities_entry_values_unique[&lt;lambda&gt;31]" time="0.00039076805114746094"><skipped message="Suite splitting in effect" type="pytest.skip">src/pymortests/grid.py:150: Suite splitting in effect</skipped></testcase><testcase classname="src.pymortests.grid" file="src/pymortests/grid.py" line="150" name="test_superentities_entry_values_unique[&lt;lambda&gt;32]" time="0.0004253387451171875"><skipped message="Suite splitting in effect" type="pytest.skip">src/pymortests/grid.py:150: Suite splitting in effect</skipped></testcase><testcase classname="src.pymortests.grid" file="src/pymortests/grid.py" line="150" name="test_superentities_entry_values_unique[&lt;lambda&gt;33]" time="0.0004134178161621094"><skipped message="Suite splitting in effect" type="pytest.skip">src/pymortests/grid.py:150: Suite splitting in effect</skipped></testcase><testcase classname="src.pymortests.grid" file="src/pymortests/grid.py" line="150" name="test_superentities_entry_values_unique[&lt;lambda&gt;34]" time="0.0004982948303222656"><skipped message="Suite splitting in effect" type="pytest.skip">src/pymortests/grid.py:150: Suite splitting in effect</skipped></testcase><testcase classname="src.pymortests.grid" file="src/pymortests/grid.py" line="150" name="test_superentities_entry_values_unique[&lt;lambda&gt;35]" time="0.0004761219024658203"><skipped message="Suite splitting in effect" type="pytest.skip">src/pymortests/grid.py:150: Suite splitting in effect</skipped></testcase><testcase classname="src.pymortests.grid" file="src/pymortests/grid.py" line="150" name="test_superentities_entry_values_unique[&lt;lambda&gt;36]" time="0.00042819976806640625"><skipped message="Suite splitting in effect" type="pytest.skip">src/pymortests/grid.py:150: Suite splitting in effect</skipped></testcase><testcase classname="src.pymortests.grid" file="src/pymortests/grid.py" line="150" name="test_superentities_entry_values_unique[&lt;lambda&gt;37]" time="0.00041222572326660156"><skipped message="Suite splitting in effect" type="pytest.skip">src/pymortests/grid.py:150: Suite splitting in effect</skipped></testcase><testcase classname="src.pymortests.grid" file="src/pymortests/grid.py" line="150" name="test_superentities_entry_values_unique[&lt;lambda&gt;38]" time="0.0004131793975830078"><skipped message="Suite splitting in effect" type="pytest.skip">src/pymortests/grid.py:150: Suite splitting in effect</skipped></testcase><testcase classname="src.pymortests.grid" file="src/pymortests/grid.py" line="150" name="test_superentities_entry_values_unique[&lt;lambda&gt;39]" time="0.00041031837463378906"><skipped message="Suite splitting in effect" type="pytest.skip">src/pymortests/grid.py:150: Suite splitting in effect</skipped></testcase><testcase classname="src.pymortests.grid" file="src/pymortests/grid.py" line="150" name="test_superentities_entry_values_unique[&lt;lambda&gt;40]" time="0.00039124488830566406"><skipped message="Suite splitting in effect" type="pytest.skip">src/pymortests/grid.py:150: Suite splitting in effect</skipped></testcase><testcase classname="src.pymortests.grid" file="src/pymortests/grid.py" line="150" name="test_superentities_entry_values_unique[&lt;lambda&gt;41]" time="0.00040793418884277344"><skipped message="Suite splitting in effect" type="pytest.skip">src/pymortests/grid.py:150: Suite splitting in effect</skipped></testcase><testcase classname="src.pymortests.grid" file="src/pymortests/grid.py" line="150" name="test_superentities_entry_values_unique[&lt;lambda&gt;42]" time="0.00043201446533203125"><skipped message="Suite splitting in effect" type="pytest.skip">src/pymortests/grid.py:150: Suite splitting in effect</skipped></testcase><testcase classname="src.pymortests.grid" file="src/pymortests/grid.py" line="159" name="test_superentities_entries_sorted[&lt;lambda&gt;0]" time="0.00040602684020996094"><skipped message="Suite splitting in effect" type="pytest.skip">src/pymortests/grid.py:159: Suite splitting in effect</skipped></testcase><testcase classname="src.pymortests.grid" file="src/pymortests/grid.py" line="159" name="test_superentities_entries_sorted[&lt;lambda&gt;1]" time="0.0003943443298339844"><skipped message="Suite splitting in effect" type="pytest.skip">src/pymortests/grid.py:159: Suite splitting in effect</skipped></testcase><testcase classname="src.pymortests.grid" file="src/pymortests/grid.py" line="159" name="test_superentities_entries_sorted[&lt;lambda&gt;2]" time="0.00040912628173828125"><skipped message="Suite splitting in effect" type="pytest.skip">src/pymortests/grid.py:159: Suite splitting in effect</skipped></testcase><testcase classname="src.pymortests.grid" file="src/pymortests/grid.py" line="159" name="test_superentities_entries_sorted[&lt;lambda&gt;3]" time="0.0004055500030517578"><skipped message="Suite splitting in effect" type="pytest.skip">src/pymortests/grid.py:159: Suite splitting in effect</skipped></testcase><testcase classname="src.pymortests.grid" file="src/pymortests/grid.py" line="159" name="test_superentities_entries_sorted[&lt;lambda&gt;4]" time="0.0009093284606933594"><skipped message="Suite splitting in effect" type="pytest.skip">src/pymortests/grid.py:159: Suite splitting in effect</skipped></testcase><testcase classname="src.pymortests.grid" file="src/pymortests/grid.py" line="159" name="test_superentities_entries_sorted[&lt;lambda&gt;5]" time="0.0003998279571533203"><skipped message="Suite splitting in effect" type="pytest.skip">src/pymortests/grid.py:159: Suite splitting in effect</skipped></testcase><testcase classname="src.pymortests.grid" file="src/pymortests/grid.py" line="159" name="test_superentities_entries_sorted[&lt;lambda&gt;6]" time="0.0004382133483886719"><skipped message="Suite splitting in effect" type="pytest.skip">src/pymortests/grid.py:159: Suite splitting in effect</skipped></testcase><testcase classname="src.pymortests.grid" file="src/pymortests/grid.py" line="159" name="test_superentities_entries_sorted[&lt;lambda&gt;7]" time="0.00038695335388183594"><skipped message="Suite splitting in effect" type="pytest.skip">src/pymortests/grid.py:159: Suite splitting in effect</skipped></testcase><testcase classname="src.pymortests.grid" file="src/pymortests/grid.py" line="159" name="test_superentities_entries_sorted[&lt;lambda&gt;8]" time="0.0004177093505859375"><skipped message="Suite splitting in effect" type="pytest.skip">src/pymortests/grid.py:159: Suite splitting in effect</skipped></testcase><testcase classname="src.pymortests.grid" file="src/pymortests/grid.py" line="159" name="test_superentities_entries_sorted[&lt;lambda&gt;9]" time="0.0003917217254638672"><skipped message="Suite splitting in effect" type="pytest.skip">src/pymortests/grid.py:159: Suite splitting in effect</skipped></testcase><testcase classname="src.pymortests.grid" file="src/pymortests/grid.py" line="159" name="test_superentities_entries_sorted[&lt;lambda&gt;10]" time="0.0004138946533203125"><skipped message="Suite splitting in effect" type="pytest.skip">src/pymortests/grid.py:159: Suite splitting in effect</skipped></testcase><testcase classname="src.pymortests.grid" file="src/pymortests/grid.py" line="159" name="test_superentities_entries_sorted[&lt;lambda&gt;11]" time="0.00040650367736816406"><skipped message="Suite splitting in effect" type="pytest.skip">src/pymortests/grid.py:159: Suite splitting in effect</skipped></testcase><testcase classname="src.pymortests.grid" file="src/pymortests/grid.py" line="159" name="test_superentities_entries_sorted[&lt;lambda&gt;12]" time="0.0004241466522216797"><skipped message="Suite splitting in effect" type="pytest.skip">src/pymortests/grid.py:159: Suite splitting in effect</skipped></testcase><testcase classname="src.pymortests.grid" file="src/pymortests/grid.py" line="159" name="test_superentities_entries_sorted[&lt;lambda&gt;13]" time="0.0004131793975830078"><skipped message="Suite splitting in effect" type="pytest.skip">src/pymortests/grid.py:159: Suite splitting in effect</skipped></testcase><testcase classname="src.pymortests.grid" file="src/pymortests/grid.py" line="159" name="test_superentities_entries_sorted[&lt;lambda&gt;14]" time="0.0004096031188964844"><skipped message="Suite splitting in effect" type="pytest.skip">src/pymortests/grid.py:159: Suite splitting in effect</skipped></testcase><testcase classname="src.pymortests.grid" file="src/pymortests/grid.py" line="159" name="test_superentities_entries_sorted[&lt;lambda&gt;15]" time="0.0004124641418457031"><skipped message="Suite splitting in effect" type="pytest.skip">src/pymortests/grid.py:159: Suite splitting in effect</skipped></testcase><testcase classname="src.pymortests.grid" file="src/pymortests/grid.py" line="159" name="test_superentities_entries_sorted[&lt;lambda&gt;16]" time="0.00039196014404296875"><skipped message="Suite splitting in effect" type="pytest.skip">src/pymortests/grid.py:159: Suite splitting in effect</skipped></testcase><testcase classname="src.pymortests.grid" file="src/pymortests/grid.py" line="159" name="test_superentities_entries_sorted[&lt;lambda&gt;17]" time="0.0004279613494873047"><skipped message="Suite splitting in effect" type="pytest.skip">src/pymortests/grid.py:159: Suite splitting in effect</skipped></testcase><testcase classname="src.pymortests.grid" file="src/pymortests/grid.py" line="159" name="test_superentities_entries_sorted[&lt;lambda&gt;18]" time="0.0004372596740722656"><skipped message="Suite splitting in effect" type="pytest.skip">src/pymortests/grid.py:159: Suite splitting in effect</skipped></testcase><testcase classname="src.pymortests.grid" file="src/pymortests/grid.py" line="159" name="test_superentities_entries_sorted[&lt;lambda&gt;19]" time="0.00048542022705078125"><skipped message="Suite splitting in effect" type="pytest.skip">src/pymortests/grid.py:159: Suite splitting in effect</skipped></testcase><testcase classname="src.pymortests.grid" file="src/pymortests/grid.py" line="159" name="test_superentities_entries_sorted[&lt;lambda&gt;20]" time="0.0003895759582519531"><skipped message="Suite splitting in effect" type="pytest.skip">src/pymortests/grid.py:159: Suite splitting in effect</skipped></testcase><testcase classname="src.pymortests.grid" file="src/pymortests/grid.py" line="159" name="test_superentities_entries_sorted[&lt;lambda&gt;21]" time="0.0004076957702636719"><skipped message="Suite splitting in effect" type="pytest.skip">src/pymortests/grid.py:159: Suite splitting in effect</skipped></testcase><testcase classname="src.pymortests.grid" file="src/pymortests/grid.py" line="159" name="test_superentities_entries_sorted[&lt;lambda&gt;22]" time="0.00040841102600097656"><skipped message="Suite splitting in effect" type="pytest.skip">src/pymortests/grid.py:159: Suite splitting in effect</skipped></testcase><testcase classname="src.pymortests.grid" file="src/pymortests/grid.py" line="159" name="test_superentities_entries_sorted[&lt;lambda&gt;23]" time="0.0004189014434814453"><skipped message="Suite splitting in effect" type="pytest.skip">src/pymortests/grid.py:159: Suite splitting in effect</skipped></testcase><testcase classname="src.pymortests.grid" file="src/pymortests/grid.py" line="159" name="test_superentities_entries_sorted[&lt;lambda&gt;24]" time="0.00038886070251464844"><skipped message="Suite splitting in effect" type="pytest.skip">src/pymortests/grid.py:159: Suite splitting in effect</skipped></testcase><testcase classname="src.pymortests.grid" file="src/pymortests/grid.py" line="159" name="test_superentities_entries_sorted[&lt;lambda&gt;25]" time="0.0004134178161621094"><skipped message="Suite splitting in effect" type="pytest.skip">src/pymortests/grid.py:159: Suite splitting in effect</skipped></testcase><testcase classname="src.pymortests.grid" file="src/pymortests/grid.py" line="159" name="test_superentities_entries_sorted[&lt;lambda&gt;26]" time="0.0003936290740966797"><skipped message="Suite splitting in effect" type="pytest.skip">src/pymortests/grid.py:159: Suite splitting in effect</skipped></testcase><testcase classname="src.pymortests.grid" file="src/pymortests/grid.py" line="159" name="test_superentities_entries_sorted[&lt;lambda&gt;27]" time="0.00042510032653808594"><skipped message="Suite splitting in effect" type="pytest.skip">src/pymortests/grid.py:159: Suite splitting in effect</skipped></testcase><testcase classname="src.pymortests.grid" file="src/pymortests/grid.py" line="159" name="test_superentities_entries_sorted[&lt;lambda&gt;28]" time="0.00039839744567871094"><skipped message="Suite splitting in effect" type="pytest.skip">src/pymortests/grid.py:159: Suite splitting in effect</skipped></testcase><testcase classname="src.pymortests.grid" file="src/pymortests/grid.py" line="159" name="test_superentities_entries_sorted[&lt;lambda&gt;29]" time="0.0004153251647949219"><skipped message="Suite splitting in effect" type="pytest.skip">src/pymortests/grid.py:159: Suite splitting in effect</skipped></testcase><testcase classname="src.pymortests.grid" file="src/pymortests/grid.py" line="159" name="test_superentities_entries_sorted[&lt;lambda&gt;30]" time="0.00040912628173828125"><skipped message="Suite splitting in effect" type="pytest.skip">src/pymortests/grid.py:159: Suite splitting in effect</skipped></testcase><testcase classname="src.pymortests.grid" file="src/pymortests/grid.py" line="159" name="test_superentities_entries_sorted[&lt;lambda&gt;31]" time="0.0004062652587890625"><skipped message="Suite splitting in effect" type="pytest.skip">src/pymortests/grid.py:159: Suite splitting in effect</skipped></testcase><testcase classname="src.pymortests.grid" file="src/pymortests/grid.py" line="159" name="test_superentities_entries_sorted[&lt;lambda&gt;32]" time="0.00041365623474121094"><skipped message="Suite splitting in effect" type="pytest.skip">src/pymortests/grid.py:159: Suite splitting in effect</skipped></testcase><testcase classname="src.pymortests.grid" file="src/pymortests/grid.py" line="159" name="test_superentities_entries_sorted[&lt;lambda&gt;33]" time="0.0004076957702636719"><skipped message="Suite splitting in effect" type="pytest.skip">src/pymortests/grid.py:159: Suite splitting in effect</skipped></testcase><testcase classname="src.pymortests.grid" file="src/pymortests/grid.py" line="159" name="test_superentities_entries_sorted[&lt;lambda&gt;34]" time="0.0003991127014160156"><skipped message="Suite splitting in effect" type="pytest.skip">src/pymortests/grid.py:159: Suite splitting in effect</skipped></testcase><testcase classname="src.pymortests.grid" file="src/pymortests/grid.py" line="159" name="test_superentities_entries_sorted[&lt;lambda&gt;35]" time="0.00041222572326660156"><skipped message="Suite splitting in effect" type="pytest.skip">src/pymortests/grid.py:159: Suite splitting in effect</skipped></testcase><testcase classname="src.pymortests.grid" file="src/pymortests/grid.py" line="159" name="test_superentities_entries_sorted[&lt;lambda&gt;36]" time="0.0003924369812011719"><skipped message="Suite splitting in effect" type="pytest.skip">src/pymortests/grid.py:159: Suite splitting in effect</skipped></testcase><testcase classname="src.pymortests.grid" file="src/pymortests/grid.py" line="159" name="test_superentities_entries_sorted[&lt;lambda&gt;37]" time="0.00043964385986328125"><skipped message="Suite splitting in effect" type="pytest.skip">src/pymortests/grid.py:159: Suite splitting in effect</skipped></testcase><testcase classname="src.pymortests.grid" file="src/pymortests/grid.py" line="159" name="test_superentities_entries_sorted[&lt;lambda&gt;38]" time="0.00041222572326660156"><skipped message="Suite splitting in effect" type="pytest.skip">src/pymortests/grid.py:159: Suite splitting in effect</skipped></testcase><testcase classname="src.pymortests.grid" file="src/pymortests/grid.py" line="159" name="test_superentities_entries_sorted[&lt;lambda&gt;39]" time="0.0004203319549560547"><skipped message="Suite splitting in effect" type="pytest.skip">src/pymortests/grid.py:159: Suite splitting in effect</skipped></testcase><testcase classname="src.pymortests.grid" file="src/pymortests/grid.py" line="159" name="test_superentities_entries_sorted[&lt;lambda&gt;40]" time="0.00039577484130859375"><skipped message="Suite splitting in effect" type="pytest.skip">src/pymortests/grid.py:159: Suite splitting in effect</skipped></testcase><testcase classname="src.pymortests.grid" file="src/pymortests/grid.py" line="159" name="test_superentities_entries_sorted[&lt;lambda&gt;41]" time="0.0004112720489501953"><skipped message="Suite splitting in effect" type="pytest.skip">src/pymortests/grid.py:159: Suite splitting in effect</skipped></testcase><testcase classname="src.pymortests.grid" file="src/pymortests/grid.py" line="159" name="test_superentities_entries_sorted[&lt;lambda&gt;42]" time="0.0004076957702636719"><skipped message="Suite splitting in effect" type="pytest.skip">src/pymortests/grid.py:159: Suite splitting in effect</skipped></testcase><testcase classname="src.pymortests.grid" file="src/pymortests/grid.py" line="172" name="test_superentities_codim_d_codim_d[&lt;lambda&gt;0]" time="0.00043129920959472656"><skipped message="Suite splitting in effect" type="pytest.skip">src/pymortests/grid.py:172: Suite splitting in effect</skipped></testcase><testcase classname="src.pymortests.grid" file="src/pymortests/grid.py" line="172" name="test_superentities_codim_d_codim_d[&lt;lambda&gt;1]" time="0.0004131793975830078"><skipped message="Suite splitting in effect" type="pytest.skip">src/pymortests/grid.py:172: Suite splitting in effect</skipped></testcase><testcase classname="src.pymortests.grid" file="src/pymortests/grid.py" line="172" name="test_superentities_codim_d_codim_d[&lt;lambda&gt;2]" time="0.0004265308380126953"><skipped message="Suite splitting in effect" type="pytest.skip">src/pymortests/grid.py:172: Suite splitting in effect</skipped></testcase><testcase classname="src.pymortests.grid" file="src/pymortests/grid.py" line="172" name="test_superentities_codim_d_codim_d[&lt;lambda&gt;3]" time="0.00041222572326660156"><skipped message="Suite splitting in effect" type="pytest.skip">src/pymortests/grid.py:172: Suite splitting in effect</skipped></testcase><testcase classname="src.pymortests.grid" file="src/pymortests/grid.py" line="172" name="test_superentities_codim_d_codim_d[&lt;lambda&gt;4]" time="0.0003972053527832031"><skipped message="Suite splitting in effect" type="pytest.skip">src/pymortests/grid.py:172: Suite splitting in effect</skipped></testcase><testcase classname="src.pymortests.grid" file="src/pymortests/grid.py" line="172" name="test_superentities_codim_d_codim_d[&lt;lambda&gt;5]" time="0.00043320655822753906"><skipped message="Suite splitting in effect" type="pytest.skip">src/pymortests/grid.py:172: Suite splitting in effect</skipped></testcase><testcase classname="src.pymortests.grid" file="src/pymortests/grid.py" line="172" name="test_superentities_codim_d_codim_d[&lt;lambda&gt;6]" time="0.0004265308380126953"><skipped message="Suite splitting in effect" type="pytest.skip">src/pymortests/grid.py:172: Suite splitting in effect</skipped></testcase><testcase classname="src.pymortests.grid" file="src/pymortests/grid.py" line="172" name="test_superentities_codim_d_codim_d[&lt;lambda&gt;7]" time="0.00041174888610839844"><skipped message="Suite splitting in effect" type="pytest.skip">src/pymortests/grid.py:172: Suite splitting in effect</skipped></testcase><testcase classname="src.pymortests.grid" file="src/pymortests/grid.py" line="172" name="test_superentities_codim_d_codim_d[&lt;lambda&gt;8]" time="0.0004107952117919922"><skipped message="Suite splitting in effect" type="pytest.skip">src/pymortests/grid.py:172: Suite splitting in effect</skipped></testcase><testcase classname="src.pymortests.grid" file="src/pymortests/grid.py" line="172" name="test_superentities_codim_d_codim_d[&lt;lambda&gt;9]" time="0.0004105567932128906"><skipped message="Suite splitting in effect" type="pytest.skip">src/pymortests/grid.py:172: Suite splitting in effect</skipped></testcase><testcase classname="src.pymortests.grid" file="src/pymortests/grid.py" line="172" name="test_superentities_codim_d_codim_d[&lt;lambda&gt;10]" time="0.0004069805145263672"><skipped message="Suite splitting in effect" type="pytest.skip">src/pymortests/grid.py:172: Suite splitting in effect</skipped></testcase><testcase classname="src.pymortests.grid" file="src/pymortests/grid.py" line="172" name="test_superentities_codim_d_codim_d[&lt;lambda&gt;11]" time="0.00041103363037109375"><skipped message="Suite splitting in effect" type="pytest.skip">src/pymortests/grid.py:172: Suite splitting in effect</skipped></testcase><testcase classname="src.pymortests.grid" file="src/pymortests/grid.py" line="172" name="test_superentities_codim_d_codim_d[&lt;lambda&gt;12]" time="0.0003943443298339844"><skipped message="Suite splitting in effect" type="pytest.skip">src/pymortests/grid.py:172: Suite splitting in effect</skipped></testcase><testcase classname="src.pymortests.grid" file="src/pymortests/grid.py" line="172" name="test_superentities_codim_d_codim_d[&lt;lambda&gt;13]" time="0.0004200935363769531"><skipped message="Suite splitting in effect" type="pytest.skip">src/pymortests/grid.py:172: Suite splitting in effect</skipped></testcase><testcase classname="src.pymortests.grid" file="src/pymortests/grid.py" line="172" name="test_superentities_codim_d_codim_d[&lt;lambda&gt;14]" time="0.0004181861877441406"><skipped message="Suite splitting in effect" type="pytest.skip">src/pymortests/grid.py:172: Suite splitting in effect</skipped></testcase><testcase classname="src.pymortests.grid" file="src/pymortests/grid.py" line="172" name="test_superentities_codim_d_codim_d[&lt;lambda&gt;15]" time="0.0004901885986328125"><skipped message="Suite splitting in effect" type="pytest.skip">src/pymortests/grid.py:172: Suite splitting in effect</skipped></testcase><testcase classname="src.pymortests.grid" file="src/pymortests/grid.py" line="172" name="test_superentities_codim_d_codim_d[&lt;lambda&gt;16]" time="0.0004210472106933594"><skipped message="Suite splitting in effect" type="pytest.skip">src/pymortests/grid.py:172: Suite splitting in effect</skipped></testcase><testcase classname="src.pymortests.grid" file="src/pymortests/grid.py" line="172" name="test_superentities_codim_d_codim_d[&lt;lambda&gt;17]" time="0.00039839744567871094"><skipped message="Suite splitting in effect" type="pytest.skip">src/pymortests/grid.py:172: Suite splitting in effect</skipped></testcase><testcase classname="src.pymortests.grid" file="src/pymortests/grid.py" line="172" name="test_superentities_codim_d_codim_d[&lt;lambda&gt;18]" time="0.0004088878631591797"><skipped message="Suite splitting in effect" type="pytest.skip">src/pymortests/grid.py:172: Suite splitting in effect</skipped></testcase><testcase classname="src.pymortests.grid" file="src/pymortests/grid.py" line="172" name="test_superentities_codim_d_codim_d[&lt;lambda&gt;19]" time="0.00040340423583984375"><skipped message="Suite splitting in effect" type="pytest.skip">src/pymortests/grid.py:172: Suite splitting in effect</skipped></testcase><testcase classname="src.pymortests.grid" file="src/pymortests/grid.py" line="172" name="test_superentities_codim_d_codim_d[&lt;lambda&gt;20]" time="0.0004048347473144531"><skipped message="Suite splitting in effect" type="pytest.skip">src/pymortests/grid.py:172: Suite splitting in effect</skipped></testcase><testcase classname="src.pymortests.grid" file="src/pymortests/grid.py" line="172" name="test_superentities_codim_d_codim_d[&lt;lambda&gt;21]" time="0.00045418739318847656"><skipped message="Suite splitting in effect" type="pytest.skip">src/pymortests/grid.py:172: Suite splitting in effect</skipped></testcase><testcase classname="src.pymortests.grid" file="src/pymortests/grid.py" line="172" name="test_superentities_codim_d_codim_d[&lt;lambda&gt;22]" time="0.0004134178161621094"><skipped message="Suite splitting in effect" type="pytest.skip">src/pymortests/grid.py:172: Suite splitting in effect</skipped></testcase><testcase classname="src.pymortests.grid" file="src/pymortests/grid.py" line="172" name="test_superentities_codim_d_codim_d[&lt;lambda&gt;23]" time="0.0004181861877441406"><skipped message="Suite splitting in effect" type="pytest.skip">src/pymortests/grid.py:172: Suite splitting in effect</skipped></testcase><testcase classname="src.pymortests.grid" file="src/pymortests/grid.py" line="172" name="test_superentities_codim_d_codim_d[&lt;lambda&gt;24]" time="0.00043272972106933594"><skipped message="Suite splitting in effect" type="pytest.skip">src/pymortests/grid.py:172: Suite splitting in effect</skipped></testcase><testcase classname="src.pymortests.grid" file="src/pymortests/grid.py" line="172" name="test_superentities_codim_d_codim_d[&lt;lambda&gt;25]" time="0.00039196014404296875"><skipped message="Suite splitting in effect" type="pytest.skip">src/pymortests/grid.py:172: Suite splitting in effect</skipped></testcase><testcase classname="src.pymortests.grid" file="src/pymortests/grid.py" line="172" name="test_superentities_codim_d_codim_d[&lt;lambda&gt;26]" time="0.0004172325134277344"><skipped message="Suite splitting in effect" type="pytest.skip">src/pymortests/grid.py:172: Suite splitting in effect</skipped></testcase><testcase classname="src.pymortests.grid" file="src/pymortests/grid.py" line="172" name="test_superentities_codim_d_codim_d[&lt;lambda&gt;27]" time="0.0004038810729980469"><skipped message="Suite splitting in effect" type="pytest.skip">src/pymortests/grid.py:172: Suite splitting in effect</skipped></testcase><testcase classname="src.pymortests.grid" file="src/pymortests/grid.py" line="172" name="test_superentities_codim_d_codim_d[&lt;lambda&gt;28]" time="0.0004444122314453125"><skipped message="Suite splitting in effect" type="pytest.skip">src/pymortests/grid.py:172: Suite splitting in effect</skipped></testcase><testcase classname="src.pymortests.grid" file="src/pymortests/grid.py" line="172" name="test_superentities_codim_d_codim_d[&lt;lambda&gt;29]" time="0.0003948211669921875"><skipped message="Suite splitting in effect" type="pytest.skip">src/pymortests/grid.py:172: Suite splitting in effect</skipped></testcase><testcase classname="src.pymortests.grid" file="src/pymortests/grid.py" line="172" name="test_superentities_codim_d_codim_d[&lt;lambda&gt;30]" time="0.00040841102600097656"><skipped message="Suite splitting in effect" type="pytest.skip">src/pymortests/grid.py:172: Suite splitting in effect</skipped></testcase><testcase classname="src.pymortests.grid" file="src/pymortests/grid.py" line="172" name="test_superentities_codim_d_codim_d[&lt;lambda&gt;31]" time="0.0005307197570800781"><skipped message="Suite splitting in effect" type="pytest.skip">src/pymortests/grid.py:172: Suite splitting in effect</skipped></testcase><testcase classname="src.pymortests.grid" file="src/pymortests/grid.py" line="172" name="test_superentities_codim_d_codim_d[&lt;lambda&gt;32]" time="0.00041174888610839844"><skipped message="Suite splitting in effect" type="pytest.skip">src/pymortests/grid.py:172: Suite splitting in effect</skipped></testcase><testcase classname="src.pymortests.grid" file="src/pymortests/grid.py" line="172" name="test_superentities_codim_d_codim_d[&lt;lambda&gt;33]" time="0.00039386749267578125"><skipped message="Suite splitting in effect" type="pytest.skip">src/pymortests/grid.py:172: Suite splitting in effect</skipped></testcase><testcase classname="src.pymortests.grid" file="src/pymortests/grid.py" line="172" name="test_superentities_codim_d_codim_d[&lt;lambda&gt;34]" time="0.0004177093505859375"><skipped message="Suite splitting in effect" type="pytest.skip">src/pymortests/grid.py:172: Suite splitting in effect</skipped></testcase><testcase classname="src.pymortests.grid" file="src/pymortests/grid.py" line="172" name="test_superentities_codim_d_codim_d[&lt;lambda&gt;35]" time="0.0003979206085205078"><skipped message="Suite splitting in effect" type="pytest.skip">src/pymortests/grid.py:172: Suite splitting in effect</skipped></testcase><testcase classname="src.pymortests.grid" file="src/pymortests/grid.py" line="172" name="test_superentities_codim_d_codim_d[&lt;lambda&gt;36]" time="0.0004208087921142578"><skipped message="Suite splitting in effect" type="pytest.skip">src/pymortests/grid.py:172: Suite splitting in effect</skipped></testcase><testcase classname="src.pymortests.grid" file="src/pymortests/grid.py" line="172" name="test_superentities_codim_d_codim_d[&lt;lambda&gt;37]" time="0.00042128562927246094"><skipped message="Suite splitting in effect" type="pytest.skip">src/pymortests/grid.py:172: Suite splitting in effect</skipped></testcase><testcase classname="src.pymortests.grid" file="src/pymortests/grid.py" line="172" name="test_superentities_codim_d_codim_d[&lt;lambda&gt;38]" time="0.0004246234893798828"><skipped message="Suite splitting in effect" type="pytest.skip">src/pymortests/grid.py:172: Suite splitting in effect</skipped></testcase><testcase classname="src.pymortests.grid" file="src/pymortests/grid.py" line="172" name="test_superentities_codim_d_codim_d[&lt;lambda&gt;39]" time="0.00039505958557128906"><skipped message="Suite splitting in effect" type="pytest.skip">src/pymortests/grid.py:172: Suite splitting in effect</skipped></testcase><testcase classname="src.pymortests.grid" file="src/pymortests/grid.py" line="172" name="test_superentities_codim_d_codim_d[&lt;lambda&gt;40]" time="0.0003886222839355469"><skipped message="Suite splitting in effect" type="pytest.skip">src/pymortests/grid.py:172: Suite splitting in effect</skipped></testcase><testcase classname="src.pymortests.grid" file="src/pymortests/grid.py" line="172" name="test_superentities_codim_d_codim_d[&lt;lambda&gt;41]" time="0.00044655799865722656"><skipped message="Suite splitting in effect" type="pytest.skip">src/pymortests/grid.py:172: Suite splitting in effect</skipped></testcase><testcase classname="src.pymortests.grid" file="src/pymortests/grid.py" line="172" name="test_superentities_codim_d_codim_d[&lt;lambda&gt;42]" time="0.0004353523254394531"><skipped message="Suite splitting in effect" type="pytest.skip">src/pymortests/grid.py:172: Suite splitting in effect</skipped></testcase><testcase classname="src.pymortests.grid" file="src/pymortests/grid.py" line="179" name="test_superentities_each_entry_superentity[&lt;lambda&gt;0]" time="0.00042724609375"><skipped message="Suite splitting in effect" type="pytest.skip">src/pymortests/grid.py:179: Suite splitting in effect</skipped></testcase><testcase classname="src.pymortests.grid" file="src/pymortests/grid.py" line="179" name="test_superentities_each_entry_superentity[&lt;lambda&gt;1]" time="0.0003914833068847656"><skipped message="Suite splitting in effect" type="pytest.skip">src/pymortests/grid.py:179: Suite splitting in effect</skipped></testcase><testcase classname="src.pymortests.grid" file="src/pymortests/grid.py" line="179" name="test_superentities_each_entry_superentity[&lt;lambda&gt;2]" time="0.0004248619079589844"><skipped message="Suite splitting in effect" type="pytest.skip">src/pymortests/grid.py:179: Suite splitting in effect</skipped></testcase><testcase classname="src.pymortests.grid" file="src/pymortests/grid.py" line="179" name="test_superentities_each_entry_superentity[&lt;lambda&gt;3]" time="0.0003962516784667969"><skipped message="Suite splitting in effect" type="pytest.skip">src/pymortests/grid.py:179: Suite splitting in effect</skipped></testcase><testcase classname="src.pymortests.grid" file="src/pymortests/grid.py" line="179" name="test_superentities_each_entry_superentity[&lt;lambda&gt;4]" time="0.00045609474182128906"><skipped message="Suite splitting in effect" type="pytest.skip">src/pymortests/grid.py:179: Suite splitting in effect</skipped></testcase><testcase classname="src.pymortests.grid" file="src/pymortests/grid.py" line="179" name="test_superentities_each_entry_superentity[&lt;lambda&gt;5]" time="0.0003943443298339844"><skipped message="Suite splitting in effect" type="pytest.skip">src/pymortests/grid.py:179: Suite splitting in effect</skipped></testcase><testcase classname="src.pymortests.grid" file="src/pymortests/grid.py" line="179" name="test_superentities_each_entry_superentity[&lt;lambda&gt;6]" time="0.0003933906555175781"><skipped message="Suite splitting in effect" type="pytest.skip">src/pymortests/grid.py:179: Suite splitting in effect</skipped></testcase><testcase classname="src.pymortests.grid" file="src/pymortests/grid.py" line="179" name="test_superentities_each_entry_superentity[&lt;lambda&gt;7]" time="0.0004088878631591797"><skipped message="Suite splitting in effect" type="pytest.skip">src/pymortests/grid.py:179: Suite splitting in effect</skipped></testcase><testcase classname="src.pymortests.grid" file="src/pymortests/grid.py" line="179" name="test_superentities_each_entry_superentity[&lt;lambda&gt;8]" time="0.0004096031188964844"><skipped message="Suite splitting in effect" type="pytest.skip">src/pymortests/grid.py:179: Suite splitting in effect</skipped></testcase><testcase classname="src.pymortests.grid" file="src/pymortests/grid.py" line="179" name="test_superentities_each_entry_superentity[&lt;lambda&gt;9]" time="0.0004382133483886719"><skipped message="Suite splitting in effect" type="pytest.skip">src/pymortests/grid.py:179: Suite splitting in effect</skipped></testcase><testcase classname="src.pymortests.grid" file="src/pymortests/grid.py" line="179" name="test_superentities_each_entry_superentity[&lt;lambda&gt;10]" time="0.00041222572326660156"><skipped message="Suite splitting in effect" type="pytest.skip">src/pymortests/grid.py:179: Suite splitting in effect</skipped></testcase><testcase classname="src.pymortests.grid" file="src/pymortests/grid.py" line="179" name="test_superentities_each_entry_superentity[&lt;lambda&gt;11]" time="0.00045871734619140625"><skipped message="Suite splitting in effect" type="pytest.skip">src/pymortests/grid.py:179: Suite splitting in effect</skipped></testcase><testcase classname="src.pymortests.grid" file="src/pymortests/grid.py" line="179" name="test_superentities_each_entry_superentity[&lt;lambda&gt;12]" time="0.00043010711669921875"><skipped message="Suite splitting in effect" type="pytest.skip">src/pymortests/grid.py:179: Suite splitting in effect</skipped></testcase><testcase classname="src.pymortests.grid" file="src/pymortests/grid.py" line="179" name="test_superentities_each_entry_superentity[&lt;lambda&gt;13]" time="0.0006918907165527344"><skipped message="Suite splitting in effect" type="pytest.skip">src/pymortests/grid.py:179: Suite splitting in effect</skipped></testcase><testcase classname="src.pymortests.grid" file="src/pymortests/grid.py" line="179" name="test_superentities_each_entry_superentity[&lt;lambda&gt;14]" time="0.00039124488830566406"><skipped message="Suite splitting in effect" type="pytest.skip">src/pymortests/grid.py:179: Suite splitting in effect</skipped></testcase><testcase classname="src.pymortests.grid" file="src/pymortests/grid.py" line="179" name="test_superentities_each_entry_superentity[&lt;lambda&gt;15]" time="0.0004258155822753906"><skipped message="Suite splitting in effect" type="pytest.skip">src/pymortests/grid.py:179: Suite splitting in effect</skipped></testcase><testcase classname="src.pymortests.grid" file="src/pymortests/grid.py" line="179" name="test_superentities_each_entry_superentity[&lt;lambda&gt;16]" time="0.0003914833068847656"><skipped message="Suite splitting in effect" type="pytest.skip">src/pymortests/grid.py:179: Suite splitting in effect</skipped></testcase><testcase classname="src.pymortests.grid" file="src/pymortests/grid.py" line="179" name="test_superentities_each_entry_superentity[&lt;lambda&gt;17]" time="0.0004050731658935547"><skipped message="Suite splitting in effect" type="pytest.skip">src/pymortests/grid.py:179: Suite splitting in effect</skipped></testcase><testcase classname="src.pymortests.grid" file="src/pymortests/grid.py" line="179" name="test_superentities_each_entry_superentity[&lt;lambda&gt;18]" time="0.000396728515625"><skipped message="Suite splitting in effect" type="pytest.skip">src/pymortests/grid.py:179: Suite splitting in effect</skipped></testcase><testcase classname="src.pymortests.grid" file="src/pymortests/grid.py" line="179" name="test_superentities_each_entry_superentity[&lt;lambda&gt;19]" time="0.00043010711669921875"><skipped message="Suite splitting in effect" type="pytest.skip">src/pymortests/grid.py:179: Suite splitting in effect</skipped></testcase><testcase classname="src.pymortests.grid" file="src/pymortests/grid.py" line="179" name="test_superentities_each_entry_superentity[&lt;lambda&gt;20]" time="0.0004138946533203125"><skipped message="Suite splitting in effect" type="pytest.skip">src/pymortests/grid.py:179: Suite splitting in effect</skipped></testcase><testcase classname="src.pymortests.grid" file="src/pymortests/grid.py" line="179" name="test_superentities_each_entry_superentity[&lt;lambda&gt;21]" time="0.0004036426544189453"><skipped message="Suite splitting in effect" type="pytest.skip">src/pymortests/grid.py:179: Suite splitting in effect</skipped></testcase><testcase classname="src.pymortests.grid" file="src/pymortests/grid.py" line="179" name="test_superentities_each_entry_superentity[&lt;lambda&gt;22]" time="0.0004267692565917969"><skipped message="Suite splitting in effect" type="pytest.skip">src/pymortests/grid.py:179: Suite splitting in effect</skipped></testcase><testcase classname="src.pymortests.grid" file="src/pymortests/grid.py" line="179" name="test_superentities_each_entry_superentity[&lt;lambda&gt;23]" time="0.0004055500030517578"><skipped message="Suite splitting in effect" type="pytest.skip">src/pymortests/grid.py:179: Suite splitting in effect</skipped></testcase><testcase classname="src.pymortests.grid" file="src/pymortests/grid.py" line="179" name="test_superentities_each_entry_superentity[&lt;lambda&gt;24]" time="0.0003879070281982422"><skipped message="Suite splitting in effect" type="pytest.skip">src/pymortests/grid.py:179: Suite splitting in effect</skipped></testcase><testcase classname="src.pymortests.grid" file="src/pymortests/grid.py" line="179" name="test_superentities_each_entry_superentity[&lt;lambda&gt;25]" time="0.0004074573516845703"><skipped message="Suite splitting in effect" type="pytest.skip">src/pymortests/grid.py:179: Suite splitting in effect</skipped></testcase><testcase classname="src.pymortests.grid" file="src/pymortests/grid.py" line="179" name="test_superentities_each_entry_superentity[&lt;lambda&gt;26]" time="0.0003886222839355469"><skipped message="Suite splitting in effect" type="pytest.skip">src/pymortests/grid.py:179: Suite splitting in effect</skipped></testcase><testcase classname="src.pymortests.grid" file="src/pymortests/grid.py" line="179" name="test_superentities_each_entry_superentity[&lt;lambda&gt;27]" time="0.0004298686981201172"><skipped message="Suite splitting in effect" type="pytest.skip">src/pymortests/grid.py:179: Suite splitting in effect</skipped></testcase><testcase classname="src.pymortests.grid" file="src/pymortests/grid.py" line="179" name="test_superentities_each_entry_superentity[&lt;lambda&gt;28]" time="0.0003910064697265625"><skipped message="Suite splitting in effect" type="pytest.skip">src/pymortests/grid.py:179: Suite splitting in effect</skipped></testcase><testcase classname="src.pymortests.grid" file="src/pymortests/grid.py" line="179" name="test_superentities_each_entry_superentity[&lt;lambda&gt;29]" time="0.00042247772216796875"><skipped message="Suite splitting in effect" type="pytest.skip">src/pymortests/grid.py:179: Suite splitting in effect</skipped></testcase><testcase classname="src.pymortests.grid" file="src/pymortests/grid.py" line="179" name="test_superentities_each_entry_superentity[&lt;lambda&gt;30]" time="0.00041103363037109375"><skipped message="Suite splitting in effect" type="pytest.skip">src/pymortests/grid.py:179: Suite splitting in effect</skipped></testcase><testcase classname="src.pymortests.grid" file="src/pymortests/grid.py" line="179" name="test_superentities_each_entry_superentity[&lt;lambda&gt;31]" time="0.00040602684020996094"><skipped message="Suite splitting in effect" type="pytest.skip">src/pymortests/grid.py:179: Suite splitting in effect</skipped></testcase><testcase classname="src.pymortests.grid" file="src/pymortests/grid.py" line="179" name="test_superentities_each_entry_superentity[&lt;lambda&gt;32]" time="0.00038909912109375"><skipped message="Suite splitting in effect" type="pytest.skip">src/pymortests/grid.py:179: Suite splitting in effect</skipped></testcase><testcase classname="src.pymortests.grid" file="src/pymortests/grid.py" line="179" name="test_superentities_each_entry_superentity[&lt;lambda&gt;33]" time="0.0004024505615234375"><skipped message="Suite splitting in effect" type="pytest.skip">src/pymortests/grid.py:179: Suite splitting in effect</skipped></testcase><testcase classname="src.pymortests.grid" file="src/pymortests/grid.py" line="179" name="test_superentities_each_entry_superentity[&lt;lambda&gt;34]" time="0.0004029273986816406"><skipped message="Suite splitting in effect" type="pytest.skip">src/pymortests/grid.py:179: Suite splitting in effect</skipped></testcase><testcase classname="src.pymortests.grid" file="src/pymortests/grid.py" line="179" name="test_superentities_each_entry_superentity[&lt;lambda&gt;35]" time="0.00041031837463378906"><skipped message="Suite splitting in effect" type="pytest.skip">src/pymortests/grid.py:179: Suite splitting in effect</skipped></testcase><testcase classname="src.pymortests.grid" file="src/pymortests/grid.py" line="179" name="test_superentities_each_entry_superentity[&lt;lambda&gt;36]" time="0.00043201446533203125"><skipped message="Suite splitting in effect" type="pytest.skip">src/pymortests/grid.py:179: Suite splitting in effect</skipped></testcase><testcase classname="src.pymortests.grid" file="src/pymortests/grid.py" line="179" name="test_superentities_each_entry_superentity[&lt;lambda&gt;37]" time="0.00041937828063964844"><skipped message="Suite splitting in effect" type="pytest.skip">src/pymortests/grid.py:179: Suite splitting in effect</skipped></testcase><testcase classname="src.pymortests.grid" file="src/pymortests/grid.py" line="179" name="test_superentities_each_entry_superentity[&lt;lambda&gt;38]" time="0.00041985511779785156"><skipped message="Suite splitting in effect" type="pytest.skip">src/pymortests/grid.py:179: Suite splitting in effect</skipped></testcase><testcase classname="src.pymortests.grid" file="src/pymortests/grid.py" line="179" name="test_superentities_each_entry_superentity[&lt;lambda&gt;39]" time="0.0003914833068847656"><skipped message="Suite splitting in effect" type="pytest.skip">src/pymortests/grid.py:179: Suite splitting in effect</skipped></testcase><testcase classname="src.pymortests.grid" file="src/pymortests/grid.py" line="179" name="test_superentities_each_entry_superentity[&lt;lambda&gt;40]" time="0.00045108795166015625"><skipped message="Suite splitting in effect" type="pytest.skip">src/pymortests/grid.py:179: Suite splitting in effect</skipped></testcase><testcase classname="src.pymortests.grid" file="src/pymortests/grid.py" line="179" name="test_superentities_each_entry_superentity[&lt;lambda&gt;41]" time="0.0004305839538574219"><skipped message="Suite splitting in effect" type="pytest.skip">src/pymortests/grid.py:179: Suite splitting in effect</skipped></testcase><testcase classname="src.pymortests.grid" file="src/pymortests/grid.py" line="179" name="test_superentities_each_entry_superentity[&lt;lambda&gt;42]" time="0.0004260540008544922"><skipped message="Suite splitting in effect" type="pytest.skip">src/pymortests/grid.py:179: Suite splitting in effect</skipped></testcase><testcase classname="src.pymortests.grid" file="src/pymortests/grid.py" line="191" name="test_superentities_each_superentity_has_entry[&lt;lambda&gt;0]" time="0.0003933906555175781"><skipped message="Suite splitting in effect" type="pytest.skip">src/pymortests/grid.py:191: Suite splitting in effect</skipped></testcase><testcase classname="src.pymortests.grid" file="src/pymortests/grid.py" line="191" name="test_superentities_each_superentity_has_entry[&lt;lambda&gt;1]" time="0.00041174888610839844"><skipped message="Suite splitting in effect" type="pytest.skip">src/pymortests/grid.py:191: Suite splitting in effect</skipped></testcase><testcase classname="src.pymortests.grid" file="src/pymortests/grid.py" line="191" name="test_superentities_each_superentity_has_entry[&lt;lambda&gt;2]" time="0.000423431396484375"><skipped message="Suite splitting in effect" type="pytest.skip">src/pymortests/grid.py:191: Suite splitting in effect</skipped></testcase><testcase classname="src.pymortests.grid" file="src/pymortests/grid.py" line="191" name="test_superentities_each_superentity_has_entry[&lt;lambda&gt;3]" time="0.000415802001953125"><skipped message="Suite splitting in effect" type="pytest.skip">src/pymortests/grid.py:191: Suite splitting in effect</skipped></testcase><testcase classname="src.pymortests.grid" file="src/pymortests/grid.py" line="191" name="test_superentities_each_superentity_has_entry[&lt;lambda&gt;4]" time="0.00040435791015625"><skipped message="Suite splitting in effect" type="pytest.skip">src/pymortests/grid.py:191: Suite splitting in effect</skipped></testcase><testcase classname="src.pymortests.grid" file="src/pymortests/grid.py" line="191" name="test_superentities_each_superentity_has_entry[&lt;lambda&gt;5]" time="0.0004324913024902344"><skipped message="Suite splitting in effect" type="pytest.skip">src/pymortests/grid.py:191: Suite splitting in effect</skipped></testcase><testcase classname="src.pymortests.grid" file="src/pymortests/grid.py" line="191" name="test_superentities_each_superentity_has_entry[&lt;lambda&gt;6]" time="0.00039386749267578125"><skipped message="Suite splitting in effect" type="pytest.skip">src/pymortests/grid.py:191: Suite splitting in effect</skipped></testcase><testcase classname="src.pymortests.grid" file="src/pymortests/grid.py" line="191" name="test_superentities_each_superentity_has_entry[&lt;lambda&gt;7]" time="0.00043773651123046875"><skipped message="Suite splitting in effect" type="pytest.skip">src/pymortests/grid.py:191: Suite splitting in effect</skipped></testcase><testcase classname="src.pymortests.grid" file="src/pymortests/grid.py" line="191" name="test_superentities_each_superentity_has_entry[&lt;lambda&gt;8]" time="0.000392913818359375"><skipped message="Suite splitting in effect" type="pytest.skip">src/pymortests/grid.py:191: Suite splitting in effect</skipped></testcase><testcase classname="src.pymortests.grid" file="src/pymortests/grid.py" line="191" name="test_superentities_each_superentity_has_entry[&lt;lambda&gt;9]" time="0.0004115104675292969"><skipped message="Suite splitting in effect" type="pytest.skip">src/pymortests/grid.py:191: Suite splitting in effect</skipped></testcase><testcase classname="src.pymortests.grid" file="src/pymortests/grid.py" line="191" name="test_superentities_each_superentity_has_entry[&lt;lambda&gt;10]" time="0.0004057884216308594"><skipped message="Suite splitting in effect" type="pytest.skip">src/pymortests/grid.py:191: Suite splitting in effect</skipped></testcase><testcase classname="src.pymortests.grid" file="src/pymortests/grid.py" line="191" name="test_superentities_each_superentity_has_entry[&lt;lambda&gt;11]" time="0.0003924369812011719"><skipped message="Suite splitting in effect" type="pytest.skip">src/pymortests/grid.py:191: Suite splitting in effect</skipped></testcase><testcase classname="src.pymortests.grid" file="src/pymortests/grid.py" line="191" name="test_superentities_each_superentity_has_entry[&lt;lambda&gt;12]" time="0.00040030479431152344"><skipped message="Suite splitting in effect" type="pytest.skip">src/pymortests/grid.py:191: Suite splitting in effect</skipped></testcase><testcase classname="src.pymortests.grid" file="src/pymortests/grid.py" line="191" name="test_superentities_each_superentity_has_entry[&lt;lambda&gt;13]" time="0.00040030479431152344"><skipped message="Suite splitting in effect" type="pytest.skip">src/pymortests/grid.py:191: Suite splitting in effect</skipped></testcase><testcase classname="src.pymortests.grid" file="src/pymortests/grid.py" line="191" name="test_superentities_each_superentity_has_entry[&lt;lambda&gt;14]" time="0.0004839897155761719"><skipped message="Suite splitting in effect" type="pytest.skip">src/pymortests/grid.py:191: Suite splitting in effect</skipped></testcase><testcase classname="src.pymortests.grid" file="src/pymortests/grid.py" line="191" name="test_superentities_each_superentity_has_entry[&lt;lambda&gt;15]" time="0.0004067420959472656"><skipped message="Suite splitting in effect" type="pytest.skip">src/pymortests/grid.py:191: Suite splitting in effect</skipped></testcase><testcase classname="src.pymortests.grid" file="src/pymortests/grid.py" line="191" name="test_superentities_each_superentity_has_entry[&lt;lambda&gt;16]" time="0.0004096031188964844"><skipped message="Suite splitting in effect" type="pytest.skip">src/pymortests/grid.py:191: Suite splitting in effect</skipped></testcase><testcase classname="src.pymortests.grid" file="src/pymortests/grid.py" line="191" name="test_superentities_each_superentity_has_entry[&lt;lambda&gt;17]" time="0.0004229545593261719"><skipped message="Suite splitting in effect" type="pytest.skip">src/pymortests/grid.py:191: Suite splitting in effect</skipped></testcase><testcase classname="src.pymortests.grid" file="src/pymortests/grid.py" line="191" name="test_superentities_each_superentity_has_entry[&lt;lambda&gt;18]" time="0.0004322528839111328"><skipped message="Suite splitting in effect" type="pytest.skip">src/pymortests/grid.py:191: Suite splitting in effect</skipped></testcase><testcase classname="src.pymortests.grid" file="src/pymortests/grid.py" line="191" name="test_superentities_each_superentity_has_entry[&lt;lambda&gt;19]" time="0.0004086494445800781"><skipped message="Suite splitting in effect" type="pytest.skip">src/pymortests/grid.py:191: Suite splitting in effect</skipped></testcase><testcase classname="src.pymortests.grid" file="src/pymortests/grid.py" line="191" name="test_superentities_each_superentity_has_entry[&lt;lambda&gt;20]" time="0.0004050731658935547"><skipped message="Suite splitting in effect" type="pytest.skip">src/pymortests/grid.py:191: Suite splitting in effect</skipped></testcase><testcase classname="src.pymortests.grid" file="src/pymortests/grid.py" line="191" name="test_superentities_each_superentity_has_entry[&lt;lambda&gt;21]" time="0.0004138946533203125"><skipped message="Suite splitting in effect" type="pytest.skip">src/pymortests/grid.py:191: Suite splitting in effect</skipped></testcase><testcase classname="src.pymortests.grid" file="src/pymortests/grid.py" line="191" name="test_superentities_each_superentity_has_entry[&lt;lambda&gt;22]" time="0.0003917217254638672"><skipped message="Suite splitting in effect" type="pytest.skip">src/pymortests/grid.py:191: Suite splitting in effect</skipped></testcase><testcase classname="src.pymortests.grid" file="src/pymortests/grid.py" line="191" name="test_superentities_each_superentity_has_entry[&lt;lambda&gt;23]" time="0.00043511390686035156"><skipped message="Suite splitting in effect" type="pytest.skip">src/pymortests/grid.py:191: Suite splitting in effect</skipped></testcase><testcase classname="src.pymortests.grid" file="src/pymortests/grid.py" line="191" name="test_superentities_each_superentity_has_entry[&lt;lambda&gt;24]" time="0.0003941059112548828"><skipped message="Suite splitting in effect" type="pytest.skip">src/pymortests/grid.py:191: Suite splitting in effect</skipped></testcase><testcase classname="src.pymortests.grid" file="src/pymortests/grid.py" line="191" name="test_superentities_each_superentity_has_entry[&lt;lambda&gt;25]" time="0.0004134178161621094"><skipped message="Suite splitting in effect" type="pytest.skip">src/pymortests/grid.py:191: Suite splitting in effect</skipped></testcase><testcase classname="src.pymortests.grid" file="src/pymortests/grid.py" line="191" name="test_superentities_each_superentity_has_entry[&lt;lambda&gt;26]" time="0.0004050731658935547"><skipped message="Suite splitting in effect" type="pytest.skip">src/pymortests/grid.py:191: Suite splitting in effect</skipped></testcase><testcase classname="src.pymortests.grid" file="src/pymortests/grid.py" line="191" name="test_superentities_each_superentity_has_entry[&lt;lambda&gt;27]" time="0.0003941059112548828"><skipped message="Suite splitting in effect" type="pytest.skip">src/pymortests/grid.py:191: Suite splitting in effect</skipped></testcase><testcase classname="src.pymortests.grid" file="src/pymortests/grid.py" line="191" name="test_superentities_each_superentity_has_entry[&lt;lambda&gt;28]" time="0.0004525184631347656"><skipped message="Suite splitting in effect" type="pytest.skip">src/pymortests/grid.py:191: Suite splitting in effect</skipped></testcase><testcase classname="src.pymortests.grid" file="src/pymortests/grid.py" line="191" name="test_superentities_each_superentity_has_entry[&lt;lambda&gt;29]" time="0.00039076805114746094"><skipped message="Suite splitting in effect" type="pytest.skip">src/pymortests/grid.py:191: Suite splitting in effect</skipped></testcase><testcase classname="src.pymortests.grid" file="src/pymortests/grid.py" line="191" name="test_superentities_each_superentity_has_entry[&lt;lambda&gt;30]" time="0.000415802001953125"><skipped message="Suite splitting in effect" type="pytest.skip">src/pymortests/grid.py:191: Suite splitting in effect</skipped></testcase><testcase classname="src.pymortests.grid" file="src/pymortests/grid.py" line="191" name="test_superentities_each_superentity_has_entry[&lt;lambda&gt;31]" time="0.0003993511199951172"><skipped message="Suite splitting in effect" type="pytest.skip">src/pymortests/grid.py:191: Suite splitting in effect</skipped></testcase><testcase classname="src.pymortests.grid" file="src/pymortests/grid.py" line="191" name="test_superentities_each_superentity_has_entry[&lt;lambda&gt;32]" time="0.00039887428283691406"><skipped message="Suite splitting in effect" type="pytest.skip">src/pymortests/grid.py:191: Suite splitting in effect</skipped></testcase><testcase classname="src.pymortests.grid" file="src/pymortests/grid.py" line="191" name="test_superentities_each_superentity_has_entry[&lt;lambda&gt;33]" time="0.00046443939208984375"><skipped message="Suite splitting in effect" type="pytest.skip">src/pymortests/grid.py:191: Suite splitting in effect</skipped></testcase><testcase classname="src.pymortests.grid" file="src/pymortests/grid.py" line="191" name="test_superentities_each_superentity_has_entry[&lt;lambda&gt;34]" time="0.0003943443298339844"><skipped message="Suite splitting in effect" type="pytest.skip">src/pymortests/grid.py:191: Suite splitting in effect</skipped></testcase><testcase classname="src.pymortests.grid" file="src/pymortests/grid.py" line="191" name="test_superentities_each_superentity_has_entry[&lt;lambda&gt;35]" time="0.0004017353057861328"><skipped message="Suite splitting in effect" type="pytest.skip">src/pymortests/grid.py:191: Suite splitting in effect</skipped></testcase><testcase classname="src.pymortests.grid" file="src/pymortests/grid.py" line="191" name="test_superentities_each_superentity_has_entry[&lt;lambda&gt;36]" time="0.00040435791015625"><skipped message="Suite splitting in effect" type="pytest.skip">src/pymortests/grid.py:191: Suite splitting in effect</skipped></testcase><testcase classname="src.pymortests.grid" file="src/pymortests/grid.py" line="191" name="test_superentities_each_superentity_has_entry[&lt;lambda&gt;37]" time="0.0004055500030517578"><skipped message="Suite splitting in effect" type="pytest.skip">src/pymortests/grid.py:191: Suite splitting in effect</skipped></testcase><testcase classname="src.pymortests.grid" file="src/pymortests/grid.py" line="191" name="test_superentities_each_superentity_has_entry[&lt;lambda&gt;38]" time="0.0005249977111816406"><skipped message="Suite splitting in effect" type="pytest.skip">src/pymortests/grid.py:191: Suite splitting in effect</skipped></testcase><testcase classname="src.pymortests.grid" file="src/pymortests/grid.py" line="191" name="test_superentities_each_superentity_has_entry[&lt;lambda&gt;39]" time="0.0004220008850097656"><skipped message="Suite splitting in effect" type="pytest.skip">src/pymortests/grid.py:191: Suite splitting in effect</skipped></testcase><testcase classname="src.pymortests.grid" file="src/pymortests/grid.py" line="191" name="test_superentities_each_superentity_has_entry[&lt;lambda&gt;40]" time="0.0004429817199707031"><skipped message="Suite splitting in effect" type="pytest.skip">src/pymortests/grid.py:191: Suite splitting in effect</skipped></testcase><testcase classname="src.pymortests.grid" file="src/pymortests/grid.py" line="191" name="test_superentities_each_superentity_has_entry[&lt;lambda&gt;41]" time="0.0003886222839355469"><skipped message="Suite splitting in effect" type="pytest.skip">src/pymortests/grid.py:191: Suite splitting in effect</skipped></testcase><testcase classname="src.pymortests.grid" file="src/pymortests/grid.py" line="191" name="test_superentities_each_superentity_has_entry[&lt;lambda&gt;42]" time="0.00040268898010253906"><skipped message="Suite splitting in effect" type="pytest.skip">src/pymortests/grid.py:191: Suite splitting in effect</skipped></testcase><testcase classname="src.pymortests.grid" file="src/pymortests/grid.py" line="203" name="test_superentity_indices_wrong_arguments[&lt;lambda&gt;0]" time="0.00040411949157714844"><skipped message="Suite splitting in effect" type="pytest.skip">src/pymortests/grid.py:203: Suite splitting in effect</skipped></testcase><testcase classname="src.pymortests.grid" file="src/pymortests/grid.py" line="203" name="test_superentity_indices_wrong_arguments[&lt;lambda&gt;1]" time="0.00042057037353515625"><skipped message="Suite splitting in effect" type="pytest.skip">src/pymortests/grid.py:203: Suite splitting in effect</skipped></testcase><testcase classname="src.pymortests.grid" file="src/pymortests/grid.py" line="203" name="test_superentity_indices_wrong_arguments[&lt;lambda&gt;2]" time="0.0004038810729980469"><skipped message="Suite splitting in effect" type="pytest.skip">src/pymortests/grid.py:203: Suite splitting in effect</skipped></testcase><testcase classname="src.pymortests.grid" file="src/pymortests/grid.py" line="203" name="test_superentity_indices_wrong_arguments[&lt;lambda&gt;3]" time="0.0003941059112548828"><skipped message="Suite splitting in effect" type="pytest.skip">src/pymortests/grid.py:203: Suite splitting in effect</skipped></testcase><testcase classname="src.pymortests.grid" file="src/pymortests/grid.py" line="203" name="test_superentity_indices_wrong_arguments[&lt;lambda&gt;4]" time="0.0004107952117919922"><skipped message="Suite splitting in effect" type="pytest.skip">src/pymortests/grid.py:203: Suite splitting in effect</skipped></testcase><testcase classname="src.pymortests.grid" file="src/pymortests/grid.py" line="203" name="test_superentity_indices_wrong_arguments[&lt;lambda&gt;5]" time="0.00040078163146972656"><skipped message="Suite splitting in effect" type="pytest.skip">src/pymortests/grid.py:203: Suite splitting in effect</skipped></testcase><testcase classname="src.pymortests.grid" file="src/pymortests/grid.py" line="203" name="test_superentity_indices_wrong_arguments[&lt;lambda&gt;6]" time="0.0003936290740966797"><skipped message="Suite splitting in effect" type="pytest.skip">src/pymortests/grid.py:203: Suite splitting in effect</skipped></testcase><testcase classname="src.pymortests.grid" file="src/pymortests/grid.py" line="203" name="test_superentity_indices_wrong_arguments[&lt;lambda&gt;7]" time="0.0004143714904785156"><skipped message="Suite splitting in effect" type="pytest.skip">src/pymortests/grid.py:203: Suite splitting in effect</skipped></testcase><testcase classname="src.pymortests.grid" file="src/pymortests/grid.py" line="203" name="test_superentity_indices_wrong_arguments[&lt;lambda&gt;8]" time="0.0003864765167236328"><skipped message="Suite splitting in effect" type="pytest.skip">src/pymortests/grid.py:203: Suite splitting in effect</skipped></testcase><testcase classname="src.pymortests.grid" file="src/pymortests/grid.py" line="203" name="test_superentity_indices_wrong_arguments[&lt;lambda&gt;9]" time="0.00041222572326660156"><skipped message="Suite splitting in effect" type="pytest.skip">src/pymortests/grid.py:203: Suite splitting in effect</skipped></testcase><testcase classname="src.pymortests.grid" file="src/pymortests/grid.py" line="203" name="test_superentity_indices_wrong_arguments[&lt;lambda&gt;10]" time="0.0003879070281982422"><skipped message="Suite splitting in effect" type="pytest.skip">src/pymortests/grid.py:203: Suite splitting in effect</skipped></testcase><testcase classname="src.pymortests.grid" file="src/pymortests/grid.py" line="203" name="test_superentity_indices_wrong_arguments[&lt;lambda&gt;11]" time="0.000446319580078125"><skipped message="Suite splitting in effect" type="pytest.skip">src/pymortests/grid.py:203: Suite splitting in effect</skipped></testcase><testcase classname="src.pymortests.grid" file="src/pymortests/grid.py" line="203" name="test_superentity_indices_wrong_arguments[&lt;lambda&gt;12]" time="0.0003936290740966797"><skipped message="Suite splitting in effect" type="pytest.skip">src/pymortests/grid.py:203: Suite splitting in effect</skipped></testcase><testcase classname="src.pymortests.grid" file="src/pymortests/grid.py" line="203" name="test_superentity_indices_wrong_arguments[&lt;lambda&gt;13]" time="0.0004241466522216797"><skipped message="Suite splitting in effect" type="pytest.skip">src/pymortests/grid.py:203: Suite splitting in effect</skipped></testcase><testcase classname="src.pymortests.grid" file="src/pymortests/grid.py" line="203" name="test_superentity_indices_wrong_arguments[&lt;lambda&gt;14]" time="0.000396728515625"><skipped message="Suite splitting in effect" type="pytest.skip">src/pymortests/grid.py:203: Suite splitting in effect</skipped></testcase><testcase classname="src.pymortests.grid" file="src/pymortests/grid.py" line="203" name="test_superentity_indices_wrong_arguments[&lt;lambda&gt;15]" time="0.0003993511199951172"><skipped message="Suite splitting in effect" type="pytest.skip">src/pymortests/grid.py:203: Suite splitting in effect</skipped></testcase><testcase classname="src.pymortests.grid" file="src/pymortests/grid.py" line="203" name="test_superentity_indices_wrong_arguments[&lt;lambda&gt;16]" time="0.00041103363037109375"><skipped message="Suite splitting in effect" type="pytest.skip">src/pymortests/grid.py:203: Suite splitting in effect</skipped></testcase><testcase classname="src.pymortests.grid" file="src/pymortests/grid.py" line="203" name="test_superentity_indices_wrong_arguments[&lt;lambda&gt;17]" time="0.000408172607421875"><skipped message="Suite splitting in effect" type="pytest.skip">src/pymortests/grid.py:203: Suite splitting in effect</skipped></testcase><testcase classname="src.pymortests.grid" file="src/pymortests/grid.py" line="203" name="test_superentity_indices_wrong_arguments[&lt;lambda&gt;18]" time="0.00041413307189941406"><skipped message="Suite splitting in effect" type="pytest.skip">src/pymortests/grid.py:203: Suite splitting in effect</skipped></testcase><testcase classname="src.pymortests.grid" file="src/pymortests/grid.py" line="203" name="test_superentity_indices_wrong_arguments[&lt;lambda&gt;19]" time="0.00040721893310546875"><skipped message="Suite splitting in effect" type="pytest.skip">src/pymortests/grid.py:203: Suite splitting in effect</skipped></testcase><testcase classname="src.pymortests.grid" file="src/pymortests/grid.py" line="203" name="test_superentity_indices_wrong_arguments[&lt;lambda&gt;20]" time="0.0004220008850097656"><skipped message="Suite splitting in effect" type="pytest.skip">src/pymortests/grid.py:203: Suite splitting in effect</skipped></testcase><testcase classname="src.pymortests.grid" file="src/pymortests/grid.py" line="203" name="test_superentity_indices_wrong_arguments[&lt;lambda&gt;21]" time="0.00041556358337402344"><skipped message="Suite splitting in effect" type="pytest.skip">src/pymortests/grid.py:203: Suite splitting in effect</skipped></testcase><testcase classname="src.pymortests.grid" file="src/pymortests/grid.py" line="203" name="test_superentity_indices_wrong_arguments[&lt;lambda&gt;22]" time="0.0006976127624511719"><skipped message="Suite splitting in effect" type="pytest.skip">src/pymortests/grid.py:203: Suite splitting in effect</skipped></testcase><testcase classname="src.pymortests.grid" file="src/pymortests/grid.py" line="203" name="test_superentity_indices_wrong_arguments[&lt;lambda&gt;23]" time="0.0004222393035888672"><skipped message="Suite splitting in effect" type="pytest.skip">src/pymortests/grid.py:203: Suite splitting in effect</skipped></testcase><testcase classname="src.pymortests.grid" file="src/pymortests/grid.py" line="203" name="test_superentity_indices_wrong_arguments[&lt;lambda&gt;24]" time="0.0004425048828125"><skipped message="Suite splitting in effect" type="pytest.skip">src/pymortests/grid.py:203: Suite splitting in effect</skipped></testcase><testcase classname="src.pymortests.grid" file="src/pymortests/grid.py" line="203" name="test_superentity_indices_wrong_arguments[&lt;lambda&gt;25]" time="0.00039768218994140625"><skipped message="Suite splitting in effect" type="pytest.skip">src/pymortests/grid.py:203: Suite splitting in effect</skipped></testcase><testcase classname="src.pymortests.grid" file="src/pymortests/grid.py" line="203" name="test_superentity_indices_wrong_arguments[&lt;lambda&gt;26]" time="0.0004246234893798828"><skipped message="Suite splitting in effect" type="pytest.skip">src/pymortests/grid.py:203: Suite splitting in effect</skipped></testcase><testcase classname="src.pymortests.grid" file="src/pymortests/grid.py" line="203" name="test_superentity_indices_wrong_arguments[&lt;lambda&gt;27]" time="0.00039577484130859375"><skipped message="Suite splitting in effect" type="pytest.skip">src/pymortests/grid.py:203: Suite splitting in effect</skipped></testcase><testcase classname="src.pymortests.grid" file="src/pymortests/grid.py" line="203" name="test_superentity_indices_wrong_arguments[&lt;lambda&gt;28]" time="0.0004169940948486328"><skipped message="Suite splitting in effect" type="pytest.skip">src/pymortests/grid.py:203: Suite splitting in effect</skipped></testcase><testcase classname="src.pymortests.grid" file="src/pymortests/grid.py" line="203" name="test_superentity_indices_wrong_arguments[&lt;lambda&gt;29]" time="0.00039386749267578125"><skipped message="Suite splitting in effect" type="pytest.skip">src/pymortests/grid.py:203: Suite splitting in effect</skipped></testcase><testcase classname="src.pymortests.grid" file="src/pymortests/grid.py" line="203" name="test_superentity_indices_wrong_arguments[&lt;lambda&gt;30]" time="0.0004184246063232422"><skipped message="Suite splitting in effect" type="pytest.skip">src/pymortests/grid.py:203: Suite splitting in effect</skipped></testcase><testcase classname="src.pymortests.grid" file="src/pymortests/grid.py" line="203" name="test_superentity_indices_wrong_arguments[&lt;lambda&gt;31]" time="0.0004038810729980469"><skipped message="Suite splitting in effect" type="pytest.skip">src/pymortests/grid.py:203: Suite splitting in effect</skipped></testcase><testcase classname="src.pymortests.grid" file="src/pymortests/grid.py" line="203" name="test_superentity_indices_wrong_arguments[&lt;lambda&gt;32]" time="0.0004038810729980469"><skipped message="Suite splitting in effect" type="pytest.skip">src/pymortests/grid.py:203: Suite splitting in effect</skipped></testcase><testcase classname="src.pymortests.grid" file="src/pymortests/grid.py" line="203" name="test_superentity_indices_wrong_arguments[&lt;lambda&gt;33]" time="0.00039649009704589844"><skipped message="Suite splitting in effect" type="pytest.skip">src/pymortests/grid.py:203: Suite splitting in effect</skipped></testcase><testcase classname="src.pymortests.grid" file="src/pymortests/grid.py" line="203" name="test_superentity_indices_wrong_arguments[&lt;lambda&gt;34]" time="0.0004220008850097656"><skipped message="Suite splitting in effect" type="pytest.skip">src/pymortests/grid.py:203: Suite splitting in effect</skipped></testcase><testcase classname="src.pymortests.grid" file="src/pymortests/grid.py" line="203" name="test_superentity_indices_wrong_arguments[&lt;lambda&gt;35]" time="0.00041484832763671875"><skipped message="Suite splitting in effect" type="pytest.skip">src/pymortests/grid.py:203: Suite splitting in effect</skipped></testcase><testcase classname="src.pymortests.grid" file="src/pymortests/grid.py" line="203" name="test_superentity_indices_wrong_arguments[&lt;lambda&gt;36]" time="0.0004210472106933594"><skipped message="Suite splitting in effect" type="pytest.skip">src/pymortests/grid.py:203: Suite splitting in effect</skipped></testcase><testcase classname="src.pymortests.grid" file="src/pymortests/grid.py" line="203" name="test_superentity_indices_wrong_arguments[&lt;lambda&gt;37]" time="0.00045371055603027344"><skipped message="Suite splitting in effect" type="pytest.skip">src/pymortests/grid.py:203: Suite splitting in effect</skipped></testcase><testcase classname="src.pymortests.grid" file="src/pymortests/grid.py" line="203" name="test_superentity_indices_wrong_arguments[&lt;lambda&gt;38]" time="0.0004413127899169922"><skipped message="Suite splitting in effect" type="pytest.skip">src/pymortests/grid.py:203: Suite splitting in effect</skipped></testcase><testcase classname="src.pymortests.grid" file="src/pymortests/grid.py" line="203" name="test_superentity_indices_wrong_arguments[&lt;lambda&gt;39]" time="0.0004146099090576172"><skipped message="Suite splitting in effect" type="pytest.skip">src/pymortests/grid.py:203: Suite splitting in effect</skipped></testcase><testcase classname="src.pymortests.grid" file="src/pymortests/grid.py" line="203" name="test_superentity_indices_wrong_arguments[&lt;lambda&gt;40]" time="0.0003905296325683594"><skipped message="Suite splitting in effect" type="pytest.skip">src/pymortests/grid.py:203: Suite splitting in effect</skipped></testcase><testcase classname="src.pymortests.grid" file="src/pymortests/grid.py" line="203" name="test_superentity_indices_wrong_arguments[&lt;lambda&gt;41]" time="0.0004220008850097656"><skipped message="Suite splitting in effect" type="pytest.skip">src/pymortests/grid.py:203: Suite splitting in effect</skipped></testcase><testcase classname="src.pymortests.grid" file="src/pymortests/grid.py" line="203" name="test_superentity_indices_wrong_arguments[&lt;lambda&gt;42]" time="0.0003917217254638672"><skipped message="Suite splitting in effect" type="pytest.skip">src/pymortests/grid.py:203: Suite splitting in effect</skipped></testcase><testcase classname="src.pymortests.grid" file="src/pymortests/grid.py" line="218" name="test_superentity_indices_shape[&lt;lambda&gt;0]" time="0.00043320655822753906"><skipped message="Suite splitting in effect" type="pytest.skip">src/pymortests/grid.py:218: Suite splitting in effect</skipped></testcase><testcase classname="src.pymortests.grid" file="src/pymortests/grid.py" line="218" name="test_superentity_indices_shape[&lt;lambda&gt;1]" time="0.00039267539978027344"><skipped message="Suite splitting in effect" type="pytest.skip">src/pymortests/grid.py:218: Suite splitting in effect</skipped></testcase><testcase classname="src.pymortests.grid" file="src/pymortests/grid.py" line="218" name="test_superentity_indices_shape[&lt;lambda&gt;2]" time="0.00041961669921875"><skipped message="Suite splitting in effect" type="pytest.skip">src/pymortests/grid.py:218: Suite splitting in effect</skipped></testcase><testcase classname="src.pymortests.grid" file="src/pymortests/grid.py" line="218" name="test_superentity_indices_shape[&lt;lambda&gt;3]" time="0.0004096031188964844"><skipped message="Suite splitting in effect" type="pytest.skip">src/pymortests/grid.py:218: Suite splitting in effect</skipped></testcase><testcase classname="src.pymortests.grid" file="src/pymortests/grid.py" line="218" name="test_superentity_indices_shape[&lt;lambda&gt;4]" time="0.0004050731658935547"><skipped message="Suite splitting in effect" type="pytest.skip">src/pymortests/grid.py:218: Suite splitting in effect</skipped></testcase><testcase classname="src.pymortests.grid" file="src/pymortests/grid.py" line="218" name="test_superentity_indices_shape[&lt;lambda&gt;5]" time="0.0004215240478515625"><skipped message="Suite splitting in effect" type="pytest.skip">src/pymortests/grid.py:218: Suite splitting in effect</skipped></testcase><testcase classname="src.pymortests.grid" file="src/pymortests/grid.py" line="218" name="test_superentity_indices_shape[&lt;lambda&gt;6]" time="0.0004131793975830078"><skipped message="Suite splitting in effect" type="pytest.skip">src/pymortests/grid.py:218: Suite splitting in effect</skipped></testcase><testcase classname="src.pymortests.grid" file="src/pymortests/grid.py" line="218" name="test_superentity_indices_shape[&lt;lambda&gt;7]" time="0.0004189014434814453"><skipped message="Suite splitting in effect" type="pytest.skip">src/pymortests/grid.py:218: Suite splitting in effect</skipped></testcase><testcase classname="src.pymortests.grid" file="src/pymortests/grid.py" line="218" name="test_superentity_indices_shape[&lt;lambda&gt;8]" time="0.00041556358337402344"><skipped message="Suite splitting in effect" type="pytest.skip">src/pymortests/grid.py:218: Suite splitting in effect</skipped></testcase><testcase classname="src.pymortests.grid" file="src/pymortests/grid.py" line="218" name="test_superentity_indices_shape[&lt;lambda&gt;9]" time="0.0003933906555175781"><skipped message="Suite splitting in effect" type="pytest.skip">src/pymortests/grid.py:218: Suite splitting in effect</skipped></testcase><testcase classname="src.pymortests.grid" file="src/pymortests/grid.py" line="218" name="test_superentity_indices_shape[&lt;lambda&gt;10]" time="0.0004100799560546875"><skipped message="Suite splitting in effect" type="pytest.skip">src/pymortests/grid.py:218: Suite splitting in effect</skipped></testcase><testcase classname="src.pymortests.grid" file="src/pymortests/grid.py" line="218" name="test_superentity_indices_shape[&lt;lambda&gt;11]" time="0.00042366981506347656"><skipped message="Suite splitting in effect" type="pytest.skip">src/pymortests/grid.py:218: Suite splitting in effect</skipped></testcase><testcase classname="src.pymortests.grid" file="src/pymortests/grid.py" line="218" name="test_superentity_indices_shape[&lt;lambda&gt;12]" time="0.0004124641418457031"><skipped message="Suite splitting in effect" type="pytest.skip">src/pymortests/grid.py:218: Suite splitting in effect</skipped></testcase><testcase classname="src.pymortests.grid" file="src/pymortests/grid.py" line="218" name="test_superentity_indices_shape[&lt;lambda&gt;13]" time="0.00041484832763671875"><skipped message="Suite splitting in effect" type="pytest.skip">src/pymortests/grid.py:218: Suite splitting in effect</skipped></testcase><testcase classname="src.pymortests.grid" file="src/pymortests/grid.py" line="218" name="test_superentity_indices_shape[&lt;lambda&gt;14]" time="0.00041222572326660156"><skipped message="Suite splitting in effect" type="pytest.skip">src/pymortests/grid.py:218: Suite splitting in effect</skipped></testcase><testcase classname="src.pymortests.grid" file="src/pymortests/grid.py" line="218" name="test_superentity_indices_shape[&lt;lambda&gt;15]" time="0.00040411949157714844"><skipped message="Suite splitting in effect" type="pytest.skip">src/pymortests/grid.py:218: Suite splitting in effect</skipped></testcase><testcase classname="src.pymortests.grid" file="src/pymortests/grid.py" line="218" name="test_superentity_indices_shape[&lt;lambda&gt;16]" time="0.0004134178161621094"><skipped message="Suite splitting in effect" type="pytest.skip">src/pymortests/grid.py:218: Suite splitting in effect</skipped></testcase><testcase classname="src.pymortests.grid" file="src/pymortests/grid.py" line="218" name="test_superentity_indices_shape[&lt;lambda&gt;17]" time="0.00040221214294433594"><skipped message="Suite splitting in effect" type="pytest.skip">src/pymortests/grid.py:218: Suite splitting in effect</skipped></testcase><testcase classname="src.pymortests.grid" file="src/pymortests/grid.py" line="218" name="test_superentity_indices_shape[&lt;lambda&gt;18]" time="0.0004553794860839844"><skipped message="Suite splitting in effect" type="pytest.skip">src/pymortests/grid.py:218: Suite splitting in effect</skipped></testcase><testcase classname="src.pymortests.grid" file="src/pymortests/grid.py" line="218" name="test_superentity_indices_shape[&lt;lambda&gt;19]" time="0.0003936290740966797"><skipped message="Suite splitting in effect" type="pytest.skip">src/pymortests/grid.py:218: Suite splitting in effect</skipped></testcase><testcase classname="src.pymortests.grid" file="src/pymortests/grid.py" line="218" name="test_superentity_indices_shape[&lt;lambda&gt;20]" time="0.0004444122314453125"><skipped message="Suite splitting in effect" type="pytest.skip">src/pymortests/grid.py:218: Suite splitting in effect</skipped></testcase><testcase classname="src.pymortests.grid" file="src/pymortests/grid.py" line="218" name="test_superentity_indices_shape[&lt;lambda&gt;21]" time="0.00039124488830566406"><skipped message="Suite splitting in effect" type="pytest.skip">src/pymortests/grid.py:218: Suite splitting in effect</skipped></testcase><testcase classname="src.pymortests.grid" file="src/pymortests/grid.py" line="218" name="test_superentity_indices_shape[&lt;lambda&gt;22]" time="0.00040841102600097656"><skipped message="Suite splitting in effect" type="pytest.skip">src/pymortests/grid.py:218: Suite splitting in effect</skipped></testcase><testcase classname="src.pymortests.grid" file="src/pymortests/grid.py" line="218" name="test_superentity_indices_shape[&lt;lambda&gt;23]" time="0.0004067420959472656"><skipped message="Suite splitting in effect" type="pytest.skip">src/pymortests/grid.py:218: Suite splitting in effect</skipped></testcase><testcase classname="src.pymortests.grid" file="src/pymortests/grid.py" line="218" name="test_superentity_indices_shape[&lt;lambda&gt;24]" time="0.00043654441833496094"><skipped message="Suite splitting in effect" type="pytest.skip">src/pymortests/grid.py:218: Suite splitting in effect</skipped></testcase><testcase classname="src.pymortests.grid" file="src/pymortests/grid.py" line="218" name="test_superentity_indices_shape[&lt;lambda&gt;25]" time="0.0003943443298339844"><skipped message="Suite splitting in effect" type="pytest.skip">src/pymortests/grid.py:218: Suite splitting in effect</skipped></testcase><testcase classname="src.pymortests.grid" file="src/pymortests/grid.py" line="218" name="test_superentity_indices_shape[&lt;lambda&gt;26]" time="0.0005469322204589844"><skipped message="Suite splitting in effect" type="pytest.skip">src/pymortests/grid.py:218: Suite splitting in effect</skipped></testcase><testcase classname="src.pymortests.grid" file="src/pymortests/grid.py" line="218" name="test_superentity_indices_shape[&lt;lambda&gt;27]" time="0.0004074573516845703"><skipped message="Suite splitting in effect" type="pytest.skip">src/pymortests/grid.py:218: Suite splitting in effect</skipped></testcase><testcase classname="src.pymortests.grid" file="src/pymortests/grid.py" line="218" name="test_superentity_indices_shape[&lt;lambda&gt;28]" time="0.0004050731658935547"><skipped message="Suite splitting in effect" type="pytest.skip">src/pymortests/grid.py:218: Suite splitting in effect</skipped></testcase><testcase classname="src.pymortests.grid" file="src/pymortests/grid.py" line="218" name="test_superentity_indices_shape[&lt;lambda&gt;29]" time="0.0003941059112548828"><skipped message="Suite splitting in effect" type="pytest.skip">src/pymortests/grid.py:218: Suite splitting in effect</skipped></testcase><testcase classname="src.pymortests.grid" file="src/pymortests/grid.py" line="218" name="test_superentity_indices_shape[&lt;lambda&gt;30]" time="0.0004215240478515625"><skipped message="Suite splitting in effect" type="pytest.skip">src/pymortests/grid.py:218: Suite splitting in effect</skipped></testcase><testcase classname="src.pymortests.grid" file="src/pymortests/grid.py" line="218" name="test_superentity_indices_shape[&lt;lambda&gt;31]" time="0.00041604042053222656"><skipped message="Suite splitting in effect" type="pytest.skip">src/pymortests/grid.py:218: Suite splitting in effect</skipped></testcase><testcase classname="src.pymortests.grid" file="src/pymortests/grid.py" line="218" name="test_superentity_indices_shape[&lt;lambda&gt;32]" time="0.0004248619079589844"><skipped message="Suite splitting in effect" type="pytest.skip">src/pymortests/grid.py:218: Suite splitting in effect</skipped></testcase><testcase classname="src.pymortests.grid" file="src/pymortests/grid.py" line="218" name="test_superentity_indices_shape[&lt;lambda&gt;33]" time="0.0004184246063232422"><skipped message="Suite splitting in effect" type="pytest.skip">src/pymortests/grid.py:218: Suite splitting in effect</skipped></testcase><testcase classname="src.pymortests.grid" file="src/pymortests/grid.py" line="218" name="test_superentity_indices_shape[&lt;lambda&gt;34]" time="0.000392913818359375"><skipped message="Suite splitting in effect" type="pytest.skip">src/pymortests/grid.py:218: Suite splitting in effect</skipped></testcase><testcase classname="src.pymortests.grid" file="src/pymortests/grid.py" line="218" name="test_superentity_indices_shape[&lt;lambda&gt;35]" time="0.0004146099090576172"><skipped message="Suite splitting in effect" type="pytest.skip">src/pymortests/grid.py:218: Suite splitting in effect</skipped></testcase><testcase classname="src.pymortests.grid" file="src/pymortests/grid.py" line="218" name="test_superentity_indices_shape[&lt;lambda&gt;36]" time="0.0003895759582519531"><skipped message="Suite splitting in effect" type="pytest.skip">src/pymortests/grid.py:218: Suite splitting in effect</skipped></testcase><testcase classname="src.pymortests.grid" file="src/pymortests/grid.py" line="218" name="test_superentity_indices_shape[&lt;lambda&gt;37]" time="0.00041222572326660156"><skipped message="Suite splitting in effect" type="pytest.skip">src/pymortests/grid.py:218: Suite splitting in effect</skipped></testcase><testcase classname="src.pymortests.grid" file="src/pymortests/grid.py" line="218" name="test_superentity_indices_shape[&lt;lambda&gt;38]" time="0.00039124488830566406"><skipped message="Suite splitting in effect" type="pytest.skip">src/pymortests/grid.py:218: Suite splitting in effect</skipped></testcase><testcase classname="src.pymortests.grid" file="src/pymortests/grid.py" line="218" name="test_superentity_indices_shape[&lt;lambda&gt;39]" time="0.0004138946533203125"><skipped message="Suite splitting in effect" type="pytest.skip">src/pymortests/grid.py:218: Suite splitting in effect</skipped></testcase><testcase classname="src.pymortests.grid" file="src/pymortests/grid.py" line="218" name="test_superentity_indices_shape[&lt;lambda&gt;40]" time="0.00039696693420410156"><skipped message="Suite splitting in effect" type="pytest.skip">src/pymortests/grid.py:218: Suite splitting in effect</skipped></testcase><testcase classname="src.pymortests.grid" file="src/pymortests/grid.py" line="218" name="test_superentity_indices_shape[&lt;lambda&gt;41]" time="0.0004379749298095703"><skipped message="Suite splitting in effect" type="pytest.skip">src/pymortests/grid.py:218: Suite splitting in effect</skipped></testcase><testcase classname="src.pymortests.grid" file="src/pymortests/grid.py" line="218" name="test_superentity_indices_shape[&lt;lambda&gt;42]" time="0.0003960132598876953"><skipped message="Suite splitting in effect" type="pytest.skip">src/pymortests/grid.py:218: Suite splitting in effect</skipped></testcase><testcase classname="src.pymortests.grid" file="src/pymortests/grid.py" line="225" name="test_superentity_indices_dtype[&lt;lambda&gt;0]" time="0.00040459632873535156"><skipped message="Suite splitting in effect" type="pytest.skip">src/pymortests/grid.py:225: Suite splitting in effect</skipped></testcase><testcase classname="src.pymortests.grid" file="src/pymortests/grid.py" line="225" name="test_superentity_indices_dtype[&lt;lambda&gt;1]" time="0.0004024505615234375"><skipped message="Suite splitting in effect" type="pytest.skip">src/pymortests/grid.py:225: Suite splitting in effect</skipped></testcase><testcase classname="src.pymortests.grid" file="src/pymortests/grid.py" line="225" name="test_superentity_indices_dtype[&lt;lambda&gt;2]" time="0.00041604042053222656"><skipped message="Suite splitting in effect" type="pytest.skip">src/pymortests/grid.py:225: Suite splitting in effect</skipped></testcase><testcase classname="src.pymortests.grid" file="src/pymortests/grid.py" line="225" name="test_superentity_indices_dtype[&lt;lambda&gt;3]" time="0.00041866302490234375"><skipped message="Suite splitting in effect" type="pytest.skip">src/pymortests/grid.py:225: Suite splitting in effect</skipped></testcase><testcase classname="src.pymortests.grid" file="src/pymortests/grid.py" line="225" name="test_superentity_indices_dtype[&lt;lambda&gt;4]" time="0.0004215240478515625"><skipped message="Suite splitting in effect" type="pytest.skip">src/pymortests/grid.py:225: Suite splitting in effect</skipped></testcase><testcase classname="src.pymortests.grid" file="src/pymortests/grid.py" line="225" name="test_superentity_indices_dtype[&lt;lambda&gt;5]" time="0.0004184246063232422"><skipped message="Suite splitting in effect" type="pytest.skip">src/pymortests/grid.py:225: Suite splitting in effect</skipped></testcase><testcase classname="src.pymortests.grid" file="src/pymortests/grid.py" line="225" name="test_superentity_indices_dtype[&lt;lambda&gt;6]" time="0.0004143714904785156"><skipped message="Suite splitting in effect" type="pytest.skip">src/pymortests/grid.py:225: Suite splitting in effect</skipped></testcase><testcase classname="src.pymortests.grid" file="src/pymortests/grid.py" line="225" name="test_superentity_indices_dtype[&lt;lambda&gt;7]" time="0.00045228004455566406"><skipped message="Suite splitting in effect" type="pytest.skip">src/pymortests/grid.py:225: Suite splitting in effect</skipped></testcase><testcase classname="src.pymortests.grid" file="src/pymortests/grid.py" line="225" name="test_superentity_indices_dtype[&lt;lambda&gt;8]" time="0.0003886222839355469"><skipped message="Suite splitting in effect" type="pytest.skip">src/pymortests/grid.py:225: Suite splitting in effect</skipped></testcase><testcase classname="src.pymortests.grid" file="src/pymortests/grid.py" line="225" name="test_superentity_indices_dtype[&lt;lambda&gt;9]" time="0.0004134178161621094"><skipped message="Suite splitting in effect" type="pytest.skip">src/pymortests/grid.py:225: Suite splitting in effect</skipped></testcase><testcase classname="src.pymortests.grid" file="src/pymortests/grid.py" line="225" name="test_superentity_indices_dtype[&lt;lambda&gt;10]" time="0.00038695335388183594"><skipped message="Suite splitting in effect" type="pytest.skip">src/pymortests/grid.py:225: Suite splitting in effect</skipped></testcase><testcase classname="src.pymortests.grid" file="src/pymortests/grid.py" line="225" name="test_superentity_indices_dtype[&lt;lambda&gt;11]" time="0.0004417896270751953"><skipped message="Suite splitting in effect" type="pytest.skip">src/pymortests/grid.py:225: Suite splitting in effect</skipped></testcase><testcase classname="src.pymortests.grid" file="src/pymortests/grid.py" line="225" name="test_superentity_indices_dtype[&lt;lambda&gt;12]" time="0.00039076805114746094"><skipped message="Suite splitting in effect" type="pytest.skip">src/pymortests/grid.py:225: Suite splitting in effect</skipped></testcase><testcase classname="src.pymortests.grid" file="src/pymortests/grid.py" line="225" name="test_superentity_indices_dtype[&lt;lambda&gt;13]" time="0.000423431396484375"><skipped message="Suite splitting in effect" type="pytest.skip">src/pymortests/grid.py:225: Suite splitting in effect</skipped></testcase><testcase classname="src.pymortests.grid" file="src/pymortests/grid.py" line="225" name="test_superentity_indices_dtype[&lt;lambda&gt;14]" time="0.000392913818359375"><skipped message="Suite splitting in effect" type="pytest.skip">src/pymortests/grid.py:225: Suite splitting in effect</skipped></testcase><testcase classname="src.pymortests.grid" file="src/pymortests/grid.py" line="225" name="test_superentity_indices_dtype[&lt;lambda&gt;15]" time="0.00041866302490234375"><skipped message="Suite splitting in effect" type="pytest.skip">src/pymortests/grid.py:225: Suite splitting in effect</skipped></testcase><testcase classname="src.pymortests.grid" file="src/pymortests/grid.py" line="225" name="test_superentity_indices_dtype[&lt;lambda&gt;16]" time="0.0004241466522216797"><skipped message="Suite splitting in effect" type="pytest.skip">src/pymortests/grid.py:225: Suite splitting in effect</skipped></testcase><testcase classname="src.pymortests.grid" file="src/pymortests/grid.py" line="225" name="test_superentity_indices_dtype[&lt;lambda&gt;17]" time="0.00040340423583984375"><skipped message="Suite splitting in effect" type="pytest.skip">src/pymortests/grid.py:225: Suite splitting in effect</skipped></testcase><testcase classname="src.pymortests.grid" file="src/pymortests/grid.py" line="225" name="test_superentity_indices_dtype[&lt;lambda&gt;18]" time="0.0004086494445800781"><skipped message="Suite splitting in effect" type="pytest.skip">src/pymortests/grid.py:225: Suite splitting in effect</skipped></testcase><testcase classname="src.pymortests.grid" file="src/pymortests/grid.py" line="225" name="test_superentity_indices_dtype[&lt;lambda&gt;19]" time="0.00039196014404296875"><skipped message="Suite splitting in effect" type="pytest.skip">src/pymortests/grid.py:225: Suite splitting in effect</skipped></testcase><testcase classname="src.pymortests.grid" file="src/pymortests/grid.py" line="225" name="test_superentity_indices_dtype[&lt;lambda&gt;20]" time="0.0004150867462158203"><skipped message="Suite splitting in effect" type="pytest.skip">src/pymortests/grid.py:225: Suite splitting in effect</skipped></testcase><testcase classname="src.pymortests.grid" file="src/pymortests/grid.py" line="225" name="test_superentity_indices_dtype[&lt;lambda&gt;21]" time="0.000408172607421875"><skipped message="Suite splitting in effect" type="pytest.skip">src/pymortests/grid.py:225: Suite splitting in effect</skipped></testcase><testcase classname="src.pymortests.grid" file="src/pymortests/grid.py" line="225" name="test_superentity_indices_dtype[&lt;lambda&gt;22]" time="0.00042939186096191406"><skipped message="Suite splitting in effect" type="pytest.skip">src/pymortests/grid.py:225: Suite splitting in effect</skipped></testcase><testcase classname="src.pymortests.grid" file="src/pymortests/grid.py" line="225" name="test_superentity_indices_dtype[&lt;lambda&gt;23]" time="0.0003955364227294922"><skipped message="Suite splitting in effect" type="pytest.skip">src/pymortests/grid.py:225: Suite splitting in effect</skipped></testcase><testcase classname="src.pymortests.grid" file="src/pymortests/grid.py" line="225" name="test_superentity_indices_dtype[&lt;lambda&gt;24]" time="0.00044155120849609375"><skipped message="Suite splitting in effect" type="pytest.skip">src/pymortests/grid.py:225: Suite splitting in effect</skipped></testcase><testcase classname="src.pymortests.grid" file="src/pymortests/grid.py" line="225" name="test_superentity_indices_dtype[&lt;lambda&gt;25]" time="0.0004284381866455078"><skipped message="Suite splitting in effect" type="pytest.skip">src/pymortests/grid.py:225: Suite splitting in effect</skipped></testcase><testcase classname="src.pymortests.grid" file="src/pymortests/grid.py" line="225" name="test_superentity_indices_dtype[&lt;lambda&gt;26]" time="0.0004062652587890625"><skipped message="Suite splitting in effect" type="pytest.skip">src/pymortests/grid.py:225: Suite splitting in effect</skipped></testcase><testcase classname="src.pymortests.grid" file="src/pymortests/grid.py" line="225" name="test_superentity_indices_dtype[&lt;lambda&gt;27]" time="0.0004143714904785156"><skipped message="Suite splitting in effect" type="pytest.skip">src/pymortests/grid.py:225: Suite splitting in effect</skipped></testcase><testcase classname="src.pymortests.grid" file="src/pymortests/grid.py" line="225" name="test_superentity_indices_dtype[&lt;lambda&gt;28]" time="0.00040721893310546875"><skipped message="Suite splitting in effect" type="pytest.skip">src/pymortests/grid.py:225: Suite splitting in effect</skipped></testcase><testcase classname="src.pymortests.grid" file="src/pymortests/grid.py" line="225" name="test_superentity_indices_dtype[&lt;lambda&gt;29]" time="0.00040650367736816406"><skipped message="Suite splitting in effect" type="pytest.skip">src/pymortests/grid.py:225: Suite splitting in effect</skipped></testcase><testcase classname="src.pymortests.grid" file="src/pymortests/grid.py" line="225" name="test_superentity_indices_dtype[&lt;lambda&gt;30]" time="0.0004057884216308594"><skipped message="Suite splitting in effect" type="pytest.skip">src/pymortests/grid.py:225: Suite splitting in effect</skipped></testcase><testcase classname="src.pymortests.grid" file="src/pymortests/grid.py" line="225" name="test_superentity_indices_dtype[&lt;lambda&gt;31]" time="0.0006654262542724609"><skipped message="Suite splitting in effect" type="pytest.skip">src/pymortests/grid.py:225: Suite splitting in effect</skipped></testcase><testcase classname="src.pymortests.grid" file="src/pymortests/grid.py" line="225" name="test_superentity_indices_dtype[&lt;lambda&gt;32]" time="0.0003876686096191406"><skipped message="Suite splitting in effect" type="pytest.skip">src/pymortests/grid.py:225: Suite splitting in effect</skipped></testcase><testcase classname="src.pymortests.grid" file="src/pymortests/grid.py" line="225" name="test_superentity_indices_dtype[&lt;lambda&gt;33]" time="0.0004436969757080078"><skipped message="Suite splitting in effect" type="pytest.skip">src/pymortests/grid.py:225: Suite splitting in effect</skipped></testcase><testcase classname="src.pymortests.grid" file="src/pymortests/grid.py" line="225" name="test_superentity_indices_dtype[&lt;lambda&gt;34]" time="0.0004050731658935547"><skipped message="Suite splitting in effect" type="pytest.skip">src/pymortests/grid.py:225: Suite splitting in effect</skipped></testcase><testcase classname="src.pymortests.grid" file="src/pymortests/grid.py" line="225" name="test_superentity_indices_dtype[&lt;lambda&gt;35]" time="0.0004284381866455078"><skipped message="Suite splitting in effect" type="pytest.skip">src/pymortests/grid.py:225: Suite splitting in effect</skipped></testcase><testcase classname="src.pymortests.grid" file="src/pymortests/grid.py" line="225" name="test_superentity_indices_dtype[&lt;lambda&gt;36]" time="0.0003871917724609375"><skipped message="Suite splitting in effect" type="pytest.skip">src/pymortests/grid.py:225: Suite splitting in effect</skipped></testcase><testcase classname="src.pymortests.grid" file="src/pymortests/grid.py" line="225" name="test_superentity_indices_dtype[&lt;lambda&gt;37]" time="0.0004596710205078125"><skipped message="Suite splitting in effect" type="pytest.skip">src/pymortests/grid.py:225: Suite splitting in effect</skipped></testcase><testcase classname="src.pymortests.grid" file="src/pymortests/grid.py" line="225" name="test_superentity_indices_dtype[&lt;lambda&gt;38]" time="0.00040650367736816406"><skipped message="Suite splitting in effect" type="pytest.skip">src/pymortests/grid.py:225: Suite splitting in effect</skipped></testcase><testcase classname="src.pymortests.grid" file="src/pymortests/grid.py" line="225" name="test_superentity_indices_dtype[&lt;lambda&gt;39]" time="0.0004227161407470703"><skipped message="Suite splitting in effect" type="pytest.skip">src/pymortests/grid.py:225: Suite splitting in effect</skipped></testcase><testcase classname="src.pymortests.grid" file="src/pymortests/grid.py" line="225" name="test_superentity_indices_dtype[&lt;lambda&gt;40]" time="0.0004127025604248047"><skipped message="Suite splitting in effect" type="pytest.skip">src/pymortests/grid.py:225: Suite splitting in effect</skipped></testcase><testcase classname="src.pymortests.grid" file="src/pymortests/grid.py" line="225" name="test_superentity_indices_dtype[&lt;lambda&gt;41]" time="0.00042891502380371094"><skipped message="Suite splitting in effect" type="pytest.skip">src/pymortests/grid.py:225: Suite splitting in effect</skipped></testcase><testcase classname="src.pymortests.grid" file="src/pymortests/grid.py" line="225" name="test_superentity_indices_dtype[&lt;lambda&gt;42]" time="0.0004143714904785156"><skipped message="Suite splitting in effect" type="pytest.skip">src/pymortests/grid.py:225: Suite splitting in effect</skipped></testcase><testcase classname="src.pymortests.grid" file="src/pymortests/grid.py" line="232" name="test_superentity_indices_valid_entries[&lt;lambda&gt;0]" time="0.0004017353057861328"><skipped message="Suite splitting in effect" type="pytest.skip">src/pymortests/grid.py:232: Suite splitting in effect</skipped></testcase><testcase classname="src.pymortests.grid" file="src/pymortests/grid.py" line="232" name="test_superentity_indices_valid_entries[&lt;lambda&gt;1]" time="0.0004086494445800781"><skipped message="Suite splitting in effect" type="pytest.skip">src/pymortests/grid.py:232: Suite splitting in effect</skipped></testcase><testcase classname="src.pymortests.grid" file="src/pymortests/grid.py" line="232" name="test_superentity_indices_valid_entries[&lt;lambda&gt;2]" time="0.0004050731658935547"><skipped message="Suite splitting in effect" type="pytest.skip">src/pymortests/grid.py:232: Suite splitting in effect</skipped></testcase><testcase classname="src.pymortests.grid" file="src/pymortests/grid.py" line="232" name="test_superentity_indices_valid_entries[&lt;lambda&gt;3]" time="0.00042939186096191406"><skipped message="Suite splitting in effect" type="pytest.skip">src/pymortests/grid.py:232: Suite splitting in effect</skipped></testcase><testcase classname="src.pymortests.grid" file="src/pymortests/grid.py" line="232" name="test_superentity_indices_valid_entries[&lt;lambda&gt;4]" time="0.00040435791015625"><skipped message="Suite splitting in effect" type="pytest.skip">src/pymortests/grid.py:232: Suite splitting in effect</skipped></testcase><testcase classname="src.pymortests.grid" file="src/pymortests/grid.py" line="232" name="test_superentity_indices_valid_entries[&lt;lambda&gt;5]" time="0.0004055500030517578"><skipped message="Suite splitting in effect" type="pytest.skip">src/pymortests/grid.py:232: Suite splitting in effect</skipped></testcase><testcase classname="src.pymortests.grid" file="src/pymortests/grid.py" line="232" name="test_superentity_indices_valid_entries[&lt;lambda&gt;6]" time="0.00040721893310546875"><skipped message="Suite splitting in effect" type="pytest.skip">src/pymortests/grid.py:232: Suite splitting in effect</skipped></testcase><testcase classname="src.pymortests.grid" file="src/pymortests/grid.py" line="232" name="test_superentity_indices_valid_entries[&lt;lambda&gt;7]" time="0.00039768218994140625"><skipped message="Suite splitting in effect" type="pytest.skip">src/pymortests/grid.py:232: Suite splitting in effect</skipped></testcase><testcase classname="src.pymortests.grid" file="src/pymortests/grid.py" line="232" name="test_superentity_indices_valid_entries[&lt;lambda&gt;8]" time="0.00041174888610839844"><skipped message="Suite splitting in effect" type="pytest.skip">src/pymortests/grid.py:232: Suite splitting in effect</skipped></testcase><testcase classname="src.pymortests.grid" file="src/pymortests/grid.py" line="232" name="test_superentity_indices_valid_entries[&lt;lambda&gt;9]" time="0.0003952980041503906"><skipped message="Suite splitting in effect" type="pytest.skip">src/pymortests/grid.py:232: Suite splitting in effect</skipped></testcase><testcase classname="src.pymortests.grid" file="src/pymortests/grid.py" line="232" name="test_superentity_indices_valid_entries[&lt;lambda&gt;10]" time="0.00041484832763671875"><skipped message="Suite splitting in effect" type="pytest.skip">src/pymortests/grid.py:232: Suite splitting in effect</skipped></testcase><testcase classname="src.pymortests.grid" file="src/pymortests/grid.py" line="232" name="test_superentity_indices_valid_entries[&lt;lambda&gt;11]" time="0.00042819976806640625"><skipped message="Suite splitting in effect" type="pytest.skip">src/pymortests/grid.py:232: Suite splitting in effect</skipped></testcase><testcase classname="src.pymortests.grid" file="src/pymortests/grid.py" line="232" name="test_superentity_indices_valid_entries[&lt;lambda&gt;12]" time="0.0004208087921142578"><skipped message="Suite splitting in effect" type="pytest.skip">src/pymortests/grid.py:232: Suite splitting in effect</skipped></testcase><testcase classname="src.pymortests.grid" file="src/pymortests/grid.py" line="232" name="test_superentity_indices_valid_entries[&lt;lambda&gt;13]" time="0.00041937828063964844"><skipped message="Suite splitting in effect" type="pytest.skip">src/pymortests/grid.py:232: Suite splitting in effect</skipped></testcase><testcase classname="src.pymortests.grid" file="src/pymortests/grid.py" line="232" name="test_superentity_indices_valid_entries[&lt;lambda&gt;14]" time="0.0004062652587890625"><skipped message="Suite splitting in effect" type="pytest.skip">src/pymortests/grid.py:232: Suite splitting in effect</skipped></testcase><testcase classname="src.pymortests.grid" file="src/pymortests/grid.py" line="232" name="test_superentity_indices_valid_entries[&lt;lambda&gt;15]" time="0.0004439353942871094"><skipped message="Suite splitting in effect" type="pytest.skip">src/pymortests/grid.py:232: Suite splitting in effect</skipped></testcase><testcase classname="src.pymortests.grid" file="src/pymortests/grid.py" line="232" name="test_superentity_indices_valid_entries[&lt;lambda&gt;16]" time="0.00045943260192871094"><skipped message="Suite splitting in effect" type="pytest.skip">src/pymortests/grid.py:232: Suite splitting in effect</skipped></testcase><testcase classname="src.pymortests.grid" file="src/pymortests/grid.py" line="232" name="test_superentity_indices_valid_entries[&lt;lambda&gt;17]" time="0.0004379749298095703"><skipped message="Suite splitting in effect" type="pytest.skip">src/pymortests/grid.py:232: Suite splitting in effect</skipped></testcase><testcase classname="src.pymortests.grid" file="src/pymortests/grid.py" line="232" name="test_superentity_indices_valid_entries[&lt;lambda&gt;18]" time="0.0004100799560546875"><skipped message="Suite splitting in effect" type="pytest.skip">src/pymortests/grid.py:232: Suite splitting in effect</skipped></testcase><testcase classname="src.pymortests.grid" file="src/pymortests/grid.py" line="232" name="test_superentity_indices_valid_entries[&lt;lambda&gt;19]" time="0.00039839744567871094"><skipped message="Suite splitting in effect" type="pytest.skip">src/pymortests/grid.py:232: Suite splitting in effect</skipped></testcase><testcase classname="src.pymortests.grid" file="src/pymortests/grid.py" line="232" name="test_superentity_indices_valid_entries[&lt;lambda&gt;20]" time="0.00040030479431152344"><skipped message="Suite splitting in effect" type="pytest.skip">src/pymortests/grid.py:232: Suite splitting in effect</skipped></testcase><testcase classname="src.pymortests.grid" file="src/pymortests/grid.py" line="232" name="test_superentity_indices_valid_entries[&lt;lambda&gt;21]" time="0.00040793418884277344"><skipped message="Suite splitting in effect" type="pytest.skip">src/pymortests/grid.py:232: Suite splitting in effect</skipped></testcase><testcase classname="src.pymortests.grid" file="src/pymortests/grid.py" line="232" name="test_superentity_indices_valid_entries[&lt;lambda&gt;22]" time="0.0003936290740966797"><skipped message="Suite splitting in effect" type="pytest.skip">src/pymortests/grid.py:232: Suite splitting in effect</skipped></testcase><testcase classname="src.pymortests.grid" file="src/pymortests/grid.py" line="232" name="test_superentity_indices_valid_entries[&lt;lambda&gt;23]" time="0.00041365623474121094"><skipped message="Suite splitting in effect" type="pytest.skip">src/pymortests/grid.py:232: Suite splitting in effect</skipped></testcase><testcase classname="src.pymortests.grid" file="src/pymortests/grid.py" line="232" name="test_superentity_indices_valid_entries[&lt;lambda&gt;24]" time="0.0003974437713623047"><skipped message="Suite splitting in effect" type="pytest.skip">src/pymortests/grid.py:232: Suite splitting in effect</skipped></testcase><testcase classname="src.pymortests.grid" file="src/pymortests/grid.py" line="232" name="test_superentity_indices_valid_entries[&lt;lambda&gt;25]" time="0.0004112720489501953"><skipped message="Suite splitting in effect" type="pytest.skip">src/pymortests/grid.py:232: Suite splitting in effect</skipped></testcase><testcase classname="src.pymortests.grid" file="src/pymortests/grid.py" line="232" name="test_superentity_indices_valid_entries[&lt;lambda&gt;26]" time="0.000408172607421875"><skipped message="Suite splitting in effect" type="pytest.skip">src/pymortests/grid.py:232: Suite splitting in effect</skipped></testcase><testcase classname="src.pymortests.grid" file="src/pymortests/grid.py" line="232" name="test_superentity_indices_valid_entries[&lt;lambda&gt;27]" time="0.00042700767517089844"><skipped message="Suite splitting in effect" type="pytest.skip">src/pymortests/grid.py:232: Suite splitting in effect</skipped></testcase><testcase classname="src.pymortests.grid" file="src/pymortests/grid.py" line="232" name="test_superentity_indices_valid_entries[&lt;lambda&gt;28]" time="0.00040602684020996094"><skipped message="Suite splitting in effect" type="pytest.skip">src/pymortests/grid.py:232: Suite splitting in effect</skipped></testcase><testcase classname="src.pymortests.grid" file="src/pymortests/grid.py" line="232" name="test_superentity_indices_valid_entries[&lt;lambda&gt;29]" time="0.00040841102600097656"><skipped message="Suite splitting in effect" type="pytest.skip">src/pymortests/grid.py:232: Suite splitting in effect</skipped></testcase><testcase classname="src.pymortests.grid" file="src/pymortests/grid.py" line="232" name="test_superentity_indices_valid_entries[&lt;lambda&gt;30]" time="0.0003898143768310547"><skipped message="Suite splitting in effect" type="pytest.skip">src/pymortests/grid.py:232: Suite splitting in effect</skipped></testcase><testcase classname="src.pymortests.grid" file="src/pymortests/grid.py" line="232" name="test_superentity_indices_valid_entries[&lt;lambda&gt;31]" time="0.0004334449768066406"><skipped message="Suite splitting in effect" type="pytest.skip">src/pymortests/grid.py:232: Suite splitting in effect</skipped></testcase><testcase classname="src.pymortests.grid" file="src/pymortests/grid.py" line="232" name="test_superentity_indices_valid_entries[&lt;lambda&gt;32]" time="0.00044155120849609375"><skipped message="Suite splitting in effect" type="pytest.skip">src/pymortests/grid.py:232: Suite splitting in effect</skipped></testcase><testcase classname="src.pymortests.grid" file="src/pymortests/grid.py" line="232" name="test_superentity_indices_valid_entries[&lt;lambda&gt;33]" time="0.0004165172576904297"><skipped message="Suite splitting in effect" type="pytest.skip">src/pymortests/grid.py:232: Suite splitting in effect</skipped></testcase><testcase classname="src.pymortests.grid" file="src/pymortests/grid.py" line="232" name="test_superentity_indices_valid_entries[&lt;lambda&gt;34]" time="0.00039196014404296875"><skipped message="Suite splitting in effect" type="pytest.skip">src/pymortests/grid.py:232: Suite splitting in effect</skipped></testcase><testcase classname="src.pymortests.grid" file="src/pymortests/grid.py" line="232" name="test_superentity_indices_valid_entries[&lt;lambda&gt;35]" time="0.0004286766052246094"><skipped message="Suite splitting in effect" type="pytest.skip">src/pymortests/grid.py:232: Suite splitting in effect</skipped></testcase><testcase classname="src.pymortests.grid" file="src/pymortests/grid.py" line="232" name="test_superentity_indices_valid_entries[&lt;lambda&gt;36]" time="0.00041484832763671875"><skipped message="Suite splitting in effect" type="pytest.skip">src/pymortests/grid.py:232: Suite splitting in effect</skipped></testcase><testcase classname="src.pymortests.grid" file="src/pymortests/grid.py" line="232" name="test_superentity_indices_valid_entries[&lt;lambda&gt;37]" time="0.00043320655822753906"><skipped message="Suite splitting in effect" type="pytest.skip">src/pymortests/grid.py:232: Suite splitting in effect</skipped></testcase><testcase classname="src.pymortests.grid" file="src/pymortests/grid.py" line="232" name="test_superentity_indices_valid_entries[&lt;lambda&gt;38]" time="0.0004172325134277344"><skipped message="Suite splitting in effect" type="pytest.skip">src/pymortests/grid.py:232: Suite splitting in effect</skipped></testcase><testcase classname="src.pymortests.grid" file="src/pymortests/grid.py" line="232" name="test_superentity_indices_valid_entries[&lt;lambda&gt;39]" time="0.00040268898010253906"><skipped message="Suite splitting in effect" type="pytest.skip">src/pymortests/grid.py:232: Suite splitting in effect</skipped></testcase><testcase classname="src.pymortests.grid" file="src/pymortests/grid.py" line="232" name="test_superentity_indices_valid_entries[&lt;lambda&gt;40]" time="0.0004177093505859375"><skipped message="Suite splitting in effect" type="pytest.skip">src/pymortests/grid.py:232: Suite splitting in effect</skipped></testcase><testcase classname="src.pymortests.grid" file="src/pymortests/grid.py" line="232" name="test_superentity_indices_valid_entries[&lt;lambda&gt;41]" time="0.0004105567932128906"><skipped message="Suite splitting in effect" type="pytest.skip">src/pymortests/grid.py:232: Suite splitting in effect</skipped></testcase><testcase classname="src.pymortests.grid" file="src/pymortests/grid.py" line="232" name="test_superentity_indices_valid_entries[&lt;lambda&gt;42]" time="0.0004303455352783203"><skipped message="Suite splitting in effect" type="pytest.skip">src/pymortests/grid.py:232: Suite splitting in effect</skipped></testcase><testcase classname="src.pymortests.grid" file="src/pymortests/grid.py" line="244" name="test_neighbours_wrong_arguments[&lt;lambda&gt;0]" time="0.00042247772216796875"><skipped message="Suite splitting in effect" type="pytest.skip">src/pymortests/grid.py:244: Suite splitting in effect</skipped></testcase><testcase classname="src.pymortests.grid" file="src/pymortests/grid.py" line="244" name="test_neighbours_wrong_arguments[&lt;lambda&gt;1]" time="0.0004253387451171875"><skipped message="Suite splitting in effect" type="pytest.skip">src/pymortests/grid.py:244: Suite splitting in effect</skipped></testcase><testcase classname="src.pymortests.grid" file="src/pymortests/grid.py" line="244" name="test_neighbours_wrong_arguments[&lt;lambda&gt;2]" time="0.0003876686096191406"><skipped message="Suite splitting in effect" type="pytest.skip">src/pymortests/grid.py:244: Suite splitting in effect</skipped></testcase><testcase classname="src.pymortests.grid" file="src/pymortests/grid.py" line="244" name="test_neighbours_wrong_arguments[&lt;lambda&gt;3]" time="0.0004200935363769531"><skipped message="Suite splitting in effect" type="pytest.skip">src/pymortests/grid.py:244: Suite splitting in effect</skipped></testcase><testcase classname="src.pymortests.grid" file="src/pymortests/grid.py" line="244" name="test_neighbours_wrong_arguments[&lt;lambda&gt;4]" time="0.00039124488830566406"><skipped message="Suite splitting in effect" type="pytest.skip">src/pymortests/grid.py:244: Suite splitting in effect</skipped></testcase><testcase classname="src.pymortests.grid" file="src/pymortests/grid.py" line="244" name="test_neighbours_wrong_arguments[&lt;lambda&gt;5]" time="0.0004062652587890625"><skipped message="Suite splitting in effect" type="pytest.skip">src/pymortests/grid.py:244: Suite splitting in effect</skipped></testcase><testcase classname="src.pymortests.grid" file="src/pymortests/grid.py" line="244" name="test_neighbours_wrong_arguments[&lt;lambda&gt;6]" time="0.0004067420959472656"><skipped message="Suite splitting in effect" type="pytest.skip">src/pymortests/grid.py:244: Suite splitting in effect</skipped></testcase><testcase classname="src.pymortests.grid" file="src/pymortests/grid.py" line="244" name="test_neighbours_wrong_arguments[&lt;lambda&gt;7]" time="0.0004150867462158203"><skipped message="Suite splitting in effect" type="pytest.skip">src/pymortests/grid.py:244: Suite splitting in effect</skipped></testcase><testcase classname="src.pymortests.grid" file="src/pymortests/grid.py" line="244" name="test_neighbours_wrong_arguments[&lt;lambda&gt;8]" time="0.0003986358642578125"><skipped message="Suite splitting in effect" type="pytest.skip">src/pymortests/grid.py:244: Suite splitting in effect</skipped></testcase><testcase classname="src.pymortests.grid" file="src/pymortests/grid.py" line="244" name="test_neighbours_wrong_arguments[&lt;lambda&gt;9]" time="0.00039577484130859375"><skipped message="Suite splitting in effect" type="pytest.skip">src/pymortests/grid.py:244: Suite splitting in effect</skipped></testcase><testcase classname="src.pymortests.grid" file="src/pymortests/grid.py" line="244" name="test_neighbours_wrong_arguments[&lt;lambda&gt;10]" time="0.0004169940948486328"><skipped message="Suite splitting in effect" type="pytest.skip">src/pymortests/grid.py:244: Suite splitting in effect</skipped></testcase><testcase classname="src.pymortests.grid" file="src/pymortests/grid.py" line="244" name="test_neighbours_wrong_arguments[&lt;lambda&gt;11]" time="0.00038886070251464844"><skipped message="Suite splitting in effect" type="pytest.skip">src/pymortests/grid.py:244: Suite splitting in effect</skipped></testcase><testcase classname="src.pymortests.grid" file="src/pymortests/grid.py" line="244" name="test_neighbours_wrong_arguments[&lt;lambda&gt;12]" time="0.00043463706970214844"><skipped message="Suite splitting in effect" type="pytest.skip">src/pymortests/grid.py:244: Suite splitting in effect</skipped></testcase><testcase classname="src.pymortests.grid" file="src/pymortests/grid.py" line="244" name="test_neighbours_wrong_arguments[&lt;lambda&gt;13]" time="0.00040984153747558594"><skipped message="Suite splitting in effect" type="pytest.skip">src/pymortests/grid.py:244: Suite splitting in effect</skipped></testcase><testcase classname="src.pymortests.grid" file="src/pymortests/grid.py" line="244" name="test_neighbours_wrong_arguments[&lt;lambda&gt;14]" time="0.0004229545593261719"><skipped message="Suite splitting in effect" type="pytest.skip">src/pymortests/grid.py:244: Suite splitting in effect</skipped></testcase><testcase classname="src.pymortests.grid" file="src/pymortests/grid.py" line="244" name="test_neighbours_wrong_arguments[&lt;lambda&gt;15]" time="0.0004131793975830078"><skipped message="Suite splitting in effect" type="pytest.skip">src/pymortests/grid.py:244: Suite splitting in effect</skipped></testcase><testcase classname="src.pymortests.grid" file="src/pymortests/grid.py" line="244" name="test_neighbours_wrong_arguments[&lt;lambda&gt;16]" time="0.0004363059997558594"><skipped message="Suite splitting in effect" type="pytest.skip">src/pymortests/grid.py:244: Suite splitting in effect</skipped></testcase><testcase classname="src.pymortests.grid" file="src/pymortests/grid.py" line="244" name="test_neighbours_wrong_arguments[&lt;lambda&gt;17]" time="0.0003914833068847656"><skipped message="Suite splitting in effect" type="pytest.skip">src/pymortests/grid.py:244: Suite splitting in effect</skipped></testcase><testcase classname="src.pymortests.grid" file="src/pymortests/grid.py" line="244" name="test_neighbours_wrong_arguments[&lt;lambda&gt;18]" time="0.0004029273986816406"><skipped message="Suite splitting in effect" type="pytest.skip">src/pymortests/grid.py:244: Suite splitting in effect</skipped></testcase><testcase classname="src.pymortests.grid" file="src/pymortests/grid.py" line="244" name="test_neighbours_wrong_arguments[&lt;lambda&gt;19]" time="0.0004057884216308594"><skipped message="Suite splitting in effect" type="pytest.skip">src/pymortests/grid.py:244: Suite splitting in effect</skipped></testcase><testcase classname="src.pymortests.grid" file="src/pymortests/grid.py" line="244" name="test_neighbours_wrong_arguments[&lt;lambda&gt;20]" time="0.0005385875701904297"><skipped message="Suite splitting in effect" type="pytest.skip">src/pymortests/grid.py:244: Suite splitting in effect</skipped></testcase><testcase classname="src.pymortests.grid" file="src/pymortests/grid.py" line="244" name="test_neighbours_wrong_arguments[&lt;lambda&gt;21]" time="0.0003910064697265625"><skipped message="Suite splitting in effect" type="pytest.skip">src/pymortests/grid.py:244: Suite splitting in effect</skipped></testcase><testcase classname="src.pymortests.grid" file="src/pymortests/grid.py" line="244" name="test_neighbours_wrong_arguments[&lt;lambda&gt;22]" time="0.00043582916259765625"><skipped message="Suite splitting in effect" type="pytest.skip">src/pymortests/grid.py:244: Suite splitting in effect</skipped></testcase><testcase classname="src.pymortests.grid" file="src/pymortests/grid.py" line="244" name="test_neighbours_wrong_arguments[&lt;lambda&gt;23]" time="0.0003979206085205078"><skipped message="Suite splitting in effect" type="pytest.skip">src/pymortests/grid.py:244: Suite splitting in effect</skipped></testcase><testcase classname="src.pymortests.grid" file="src/pymortests/grid.py" line="244" name="test_neighbours_wrong_arguments[&lt;lambda&gt;24]" time="0.00041174888610839844"><skipped message="Suite splitting in effect" type="pytest.skip">src/pymortests/grid.py:244: Suite splitting in effect</skipped></testcase><testcase classname="src.pymortests.grid" file="src/pymortests/grid.py" line="244" name="test_neighbours_wrong_arguments[&lt;lambda&gt;25]" time="0.0004253387451171875"><skipped message="Suite splitting in effect" type="pytest.skip">src/pymortests/grid.py:244: Suite splitting in effect</skipped></testcase><testcase classname="src.pymortests.grid" file="src/pymortests/grid.py" line="244" name="test_neighbours_wrong_arguments[&lt;lambda&gt;26]" time="0.0004050731658935547"><skipped message="Suite splitting in effect" type="pytest.skip">src/pymortests/grid.py:244: Suite splitting in effect</skipped></testcase><testcase classname="src.pymortests.grid" file="src/pymortests/grid.py" line="244" name="test_neighbours_wrong_arguments[&lt;lambda&gt;27]" time="0.00044083595275878906"><skipped message="Suite splitting in effect" type="pytest.skip">src/pymortests/grid.py:244: Suite splitting in effect</skipped></testcase><testcase classname="src.pymortests.grid" file="src/pymortests/grid.py" line="244" name="test_neighbours_wrong_arguments[&lt;lambda&gt;28]" time="0.00040721893310546875"><skipped message="Suite splitting in effect" type="pytest.skip">src/pymortests/grid.py:244: Suite splitting in effect</skipped></testcase><testcase classname="src.pymortests.grid" file="src/pymortests/grid.py" line="244" name="test_neighbours_wrong_arguments[&lt;lambda&gt;29]" time="0.0003864765167236328"><skipped message="Suite splitting in effect" type="pytest.skip">src/pymortests/grid.py:244: Suite splitting in effect</skipped></testcase><testcase classname="src.pymortests.grid" file="src/pymortests/grid.py" line="244" name="test_neighbours_wrong_arguments[&lt;lambda&gt;30]" time="0.00042629241943359375"><skipped message="Suite splitting in effect" type="pytest.skip">src/pymortests/grid.py:244: Suite splitting in effect</skipped></testcase><testcase classname="src.pymortests.grid" file="src/pymortests/grid.py" line="244" name="test_neighbours_wrong_arguments[&lt;lambda&gt;31]" time="0.0004966259002685547"><skipped message="Suite splitting in effect" type="pytest.skip">src/pymortests/grid.py:244: Suite splitting in effect</skipped></testcase><testcase classname="src.pymortests.grid" file="src/pymortests/grid.py" line="244" name="test_neighbours_wrong_arguments[&lt;lambda&gt;32]" time="0.0003910064697265625"><skipped message="Suite splitting in effect" type="pytest.skip">src/pymortests/grid.py:244: Suite splitting in effect</skipped></testcase><testcase classname="src.pymortests.grid" file="src/pymortests/grid.py" line="244" name="test_neighbours_wrong_arguments[&lt;lambda&gt;33]" time="0.00046563148498535156"><skipped message="Suite splitting in effect" type="pytest.skip">src/pymortests/grid.py:244: Suite splitting in effect</skipped></testcase><testcase classname="src.pymortests.grid" file="src/pymortests/grid.py" line="244" name="test_neighbours_wrong_arguments[&lt;lambda&gt;34]" time="0.0003948211669921875"><skipped message="Suite splitting in effect" type="pytest.skip">src/pymortests/grid.py:244: Suite splitting in effect</skipped></testcase><testcase classname="src.pymortests.grid" file="src/pymortests/grid.py" line="244" name="test_neighbours_wrong_arguments[&lt;lambda&gt;35]" time="0.0004208087921142578"><skipped message="Suite splitting in effect" type="pytest.skip">src/pymortests/grid.py:244: Suite splitting in effect</skipped></testcase><testcase classname="src.pymortests.grid" file="src/pymortests/grid.py" line="244" name="test_neighbours_wrong_arguments[&lt;lambda&gt;36]" time="0.0004150867462158203"><skipped message="Suite splitting in effect" type="pytest.skip">src/pymortests/grid.py:244: Suite splitting in effect</skipped></testcase><testcase classname="src.pymortests.grid" file="src/pymortests/grid.py" line="244" name="test_neighbours_wrong_arguments[&lt;lambda&gt;37]" time="0.00040340423583984375"><skipped message="Suite splitting in effect" type="pytest.skip">src/pymortests/grid.py:244: Suite splitting in effect</skipped></testcase><testcase classname="src.pymortests.grid" file="src/pymortests/grid.py" line="244" name="test_neighbours_wrong_arguments[&lt;lambda&gt;38]" time="0.0004665851593017578"><skipped message="Suite splitting in effect" type="pytest.skip">src/pymortests/grid.py:244: Suite splitting in effect</skipped></testcase><testcase classname="src.pymortests.grid" file="src/pymortests/grid.py" line="244" name="test_neighbours_wrong_arguments[&lt;lambda&gt;39]" time="0.0004143714904785156"><skipped message="Suite splitting in effect" type="pytest.skip">src/pymortests/grid.py:244: Suite splitting in effect</skipped></testcase><testcase classname="src.pymortests.grid" file="src/pymortests/grid.py" line="244" name="test_neighbours_wrong_arguments[&lt;lambda&gt;40]" time="0.0006794929504394531"><skipped message="Suite splitting in effect" type="pytest.skip">src/pymortests/grid.py:244: Suite splitting in effect</skipped></testcase><testcase classname="src.pymortests.grid" file="src/pymortests/grid.py" line="244" name="test_neighbours_wrong_arguments[&lt;lambda&gt;41]" time="0.0004031658172607422"><skipped message="Suite splitting in effect" type="pytest.skip">src/pymortests/grid.py:244: Suite splitting in effect</skipped></testcase><testcase classname="src.pymortests.grid" file="src/pymortests/grid.py" line="244" name="test_neighbours_wrong_arguments[&lt;lambda&gt;42]" time="0.0004074573516845703"><skipped message="Suite splitting in effect" type="pytest.skip">src/pymortests/grid.py:244: Suite splitting in effect</skipped></testcase><testcase classname="src.pymortests.grid" file="src/pymortests/grid.py" line="266" name="test_neighbours_shape[&lt;lambda&gt;0]" time="0.000385284423828125"><skipped message="Suite splitting in effect" type="pytest.skip">src/pymortests/grid.py:266: Suite splitting in effect</skipped></testcase><testcase classname="src.pymortests.grid" file="src/pymortests/grid.py" line="266" name="test_neighbours_shape[&lt;lambda&gt;1]" time="0.0004189014434814453"><skipped message="Suite splitting in effect" type="pytest.skip">src/pymortests/grid.py:266: Suite splitting in effect</skipped></testcase><testcase classname="src.pymortests.grid" file="src/pymortests/grid.py" line="266" name="test_neighbours_shape[&lt;lambda&gt;2]" time="0.0003867149353027344"><skipped message="Suite splitting in effect" type="pytest.skip">src/pymortests/grid.py:266: Suite splitting in effect</skipped></testcase><testcase classname="src.pymortests.grid" file="src/pymortests/grid.py" line="266" name="test_neighbours_shape[&lt;lambda&gt;3]" time="0.0004246234893798828"><skipped message="Suite splitting in effect" type="pytest.skip">src/pymortests/grid.py:266: Suite splitting in effect</skipped></testcase><testcase classname="src.pymortests.grid" file="src/pymortests/grid.py" line="266" name="test_neighbours_shape[&lt;lambda&gt;4]" time="0.0003879070281982422"><skipped message="Suite splitting in effect" type="pytest.skip">src/pymortests/grid.py:266: Suite splitting in effect</skipped></testcase><testcase classname="src.pymortests.grid" file="src/pymortests/grid.py" line="266" name="test_neighbours_shape[&lt;lambda&gt;5]" time="0.00040650367736816406"><skipped message="Suite splitting in effect" type="pytest.skip">src/pymortests/grid.py:266: Suite splitting in effect</skipped></testcase><testcase classname="src.pymortests.grid" file="src/pymortests/grid.py" line="266" name="test_neighbours_shape[&lt;lambda&gt;6]" time="0.00041222572326660156"><skipped message="Suite splitting in effect" type="pytest.skip">src/pymortests/grid.py:266: Suite splitting in effect</skipped></testcase><testcase classname="src.pymortests.grid" file="src/pymortests/grid.py" line="266" name="test_neighbours_shape[&lt;lambda&gt;7]" time="0.00040602684020996094"><skipped message="Suite splitting in effect" type="pytest.skip">src/pymortests/grid.py:266: Suite splitting in effect</skipped></testcase><testcase classname="src.pymortests.grid" file="src/pymortests/grid.py" line="266" name="test_neighbours_shape[&lt;lambda&gt;8]" time="0.00042510032653808594"><skipped message="Suite splitting in effect" type="pytest.skip">src/pymortests/grid.py:266: Suite splitting in effect</skipped></testcase><testcase classname="src.pymortests.grid" file="src/pymortests/grid.py" line="266" name="test_neighbours_shape[&lt;lambda&gt;9]" time="0.00040793418884277344"><skipped message="Suite splitting in effect" type="pytest.skip">src/pymortests/grid.py:266: Suite splitting in effect</skipped></testcase><testcase classname="src.pymortests.grid" file="src/pymortests/grid.py" line="266" name="test_neighbours_shape[&lt;lambda&gt;10]" time="0.0004050731658935547"><skipped message="Suite splitting in effect" type="pytest.skip">src/pymortests/grid.py:266: Suite splitting in effect</skipped></testcase><testcase classname="src.pymortests.grid" file="src/pymortests/grid.py" line="266" name="test_neighbours_shape[&lt;lambda&gt;11]" time="0.0004100799560546875"><skipped message="Suite splitting in effect" type="pytest.skip">src/pymortests/grid.py:266: Suite splitting in effect</skipped></testcase><testcase classname="src.pymortests.grid" file="src/pymortests/grid.py" line="266" name="test_neighbours_shape[&lt;lambda&gt;12]" time="0.0003921985626220703"><skipped message="Suite splitting in effect" type="pytest.skip">src/pymortests/grid.py:266: Suite splitting in effect</skipped></testcase><testcase classname="src.pymortests.grid" file="src/pymortests/grid.py" line="266" name="test_neighbours_shape[&lt;lambda&gt;13]" time="0.00041484832763671875"><skipped message="Suite splitting in effect" type="pytest.skip">src/pymortests/grid.py:266: Suite splitting in effect</skipped></testcase><testcase classname="src.pymortests.grid" file="src/pymortests/grid.py" line="266" name="test_neighbours_shape[&lt;lambda&gt;14]" time="0.00041294097900390625"><skipped message="Suite splitting in effect" type="pytest.skip">src/pymortests/grid.py:266: Suite splitting in effect</skipped></testcase><testcase classname="src.pymortests.grid" file="src/pymortests/grid.py" line="266" name="test_neighbours_shape[&lt;lambda&gt;15]" time="0.0004048347473144531"><skipped message="Suite splitting in effect" type="pytest.skip">src/pymortests/grid.py:266: Suite splitting in effect</skipped></testcase><testcase classname="src.pymortests.grid" file="src/pymortests/grid.py" line="266" name="test_neighbours_shape[&lt;lambda&gt;16]" time="0.0004258155822753906"><skipped message="Suite splitting in effect" type="pytest.skip">src/pymortests/grid.py:266: Suite splitting in effect</skipped></testcase><testcase classname="src.pymortests.grid" file="src/pymortests/grid.py" line="266" name="test_neighbours_shape[&lt;lambda&gt;17]" time="0.0004134178161621094"><skipped message="Suite splitting in effect" type="pytest.skip">src/pymortests/grid.py:266: Suite splitting in effect</skipped></testcase><testcase classname="src.pymortests.grid" file="src/pymortests/grid.py" line="266" name="test_neighbours_shape[&lt;lambda&gt;18]" time="0.0004134178161621094"><skipped message="Suite splitting in effect" type="pytest.skip">src/pymortests/grid.py:266: Suite splitting in effect</skipped></testcase><testcase classname="src.pymortests.grid" file="src/pymortests/grid.py" line="266" name="test_neighbours_shape[&lt;lambda&gt;19]" time="0.0004010200500488281"><skipped message="Suite splitting in effect" type="pytest.skip">src/pymortests/grid.py:266: Suite splitting in effect</skipped></testcase><testcase classname="src.pymortests.grid" file="src/pymortests/grid.py" line="266" name="test_neighbours_shape[&lt;lambda&gt;20]" time="0.00042891502380371094"><skipped message="Suite splitting in effect" type="pytest.skip">src/pymortests/grid.py:266: Suite splitting in effect</skipped></testcase><testcase classname="src.pymortests.grid" file="src/pymortests/grid.py" line="266" name="test_neighbours_shape[&lt;lambda&gt;21]" time="0.0004165172576904297"><skipped message="Suite splitting in effect" type="pytest.skip">src/pymortests/grid.py:266: Suite splitting in effect</skipped></testcase><testcase classname="src.pymortests.grid" file="src/pymortests/grid.py" line="266" name="test_neighbours_shape[&lt;lambda&gt;22]" time="0.00041484832763671875"><skipped message="Suite splitting in effect" type="pytest.skip">src/pymortests/grid.py:266: Suite splitting in effect</skipped></testcase><testcase classname="src.pymortests.grid" file="src/pymortests/grid.py" line="266" name="test_neighbours_shape[&lt;lambda&gt;23]" time="0.00041174888610839844"><skipped message="Suite splitting in effect" type="pytest.skip">src/pymortests/grid.py:266: Suite splitting in effect</skipped></testcase><testcase classname="src.pymortests.grid" file="src/pymortests/grid.py" line="266" name="test_neighbours_shape[&lt;lambda&gt;24]" time="0.00041747093200683594"><skipped message="Suite splitting in effect" type="pytest.skip">src/pymortests/grid.py:266: Suite splitting in effect</skipped></testcase><testcase classname="src.pymortests.grid" file="src/pymortests/grid.py" line="266" name="test_neighbours_shape[&lt;lambda&gt;25]" time="0.0003902912139892578"><skipped message="Suite splitting in effect" type="pytest.skip">src/pymortests/grid.py:266: Suite splitting in effect</skipped></testcase><testcase classname="src.pymortests.grid" file="src/pymortests/grid.py" line="266" name="test_neighbours_shape[&lt;lambda&gt;26]" time="0.00044155120849609375"><skipped message="Suite splitting in effect" type="pytest.skip">src/pymortests/grid.py:266: Suite splitting in effect</skipped></testcase><testcase classname="src.pymortests.grid" file="src/pymortests/grid.py" line="266" name="test_neighbours_shape[&lt;lambda&gt;27]" time="0.00040149688720703125"><skipped message="Suite splitting in effect" type="pytest.skip">src/pymortests/grid.py:266: Suite splitting in effect</skipped></testcase><testcase classname="src.pymortests.grid" file="src/pymortests/grid.py" line="266" name="test_neighbours_shape[&lt;lambda&gt;28]" time="0.0004069805145263672"><skipped message="Suite splitting in effect" type="pytest.skip">src/pymortests/grid.py:266: Suite splitting in effect</skipped></testcase><testcase classname="src.pymortests.grid" file="src/pymortests/grid.py" line="266" name="test_neighbours_shape[&lt;lambda&gt;29]" time="0.0004208087921142578"><skipped message="Suite splitting in effect" type="pytest.skip">src/pymortests/grid.py:266: Suite splitting in effect</skipped></testcase><testcase classname="src.pymortests.grid" file="src/pymortests/grid.py" line="266" name="test_neighbours_shape[&lt;lambda&gt;30]" time="0.0004367828369140625"><skipped message="Suite splitting in effect" type="pytest.skip">src/pymortests/grid.py:266: Suite splitting in effect</skipped></testcase><testcase classname="src.pymortests.grid" file="src/pymortests/grid.py" line="266" name="test_neighbours_shape[&lt;lambda&gt;31]" time="0.0004055500030517578"><skipped message="Suite splitting in effect" type="pytest.skip">src/pymortests/grid.py:266: Suite splitting in effect</skipped></testcase><testcase classname="src.pymortests.grid" file="src/pymortests/grid.py" line="266" name="test_neighbours_shape[&lt;lambda&gt;32]" time="0.0003943443298339844"><skipped message="Suite splitting in effect" type="pytest.skip">src/pymortests/grid.py:266: Suite splitting in effect</skipped></testcase><testcase classname="src.pymortests.grid" file="src/pymortests/grid.py" line="266" name="test_neighbours_shape[&lt;lambda&gt;33]" time="0.00043320655822753906"><skipped message="Suite splitting in effect" type="pytest.skip">src/pymortests/grid.py:266: Suite splitting in effect</skipped></testcase><testcase classname="src.pymortests.grid" file="src/pymortests/grid.py" line="266" name="test_neighbours_shape[&lt;lambda&gt;34]" time="0.000423431396484375"><skipped message="Suite splitting in effect" type="pytest.skip">src/pymortests/grid.py:266: Suite splitting in effect</skipped></testcase><testcase classname="src.pymortests.grid" file="src/pymortests/grid.py" line="266" name="test_neighbours_shape[&lt;lambda&gt;35]" time="0.0004038810729980469"><skipped message="Suite splitting in effect" type="pytest.skip">src/pymortests/grid.py:266: Suite splitting in effect</skipped></testcase><testcase classname="src.pymortests.grid" file="src/pymortests/grid.py" line="266" name="test_neighbours_shape[&lt;lambda&gt;36]" time="0.0004515647888183594"><skipped message="Suite splitting in effect" type="pytest.skip">src/pymortests/grid.py:266: Suite splitting in effect</skipped></testcase><testcase classname="src.pymortests.grid" file="src/pymortests/grid.py" line="266" name="test_neighbours_shape[&lt;lambda&gt;37]" time="0.0003962516784667969"><skipped message="Suite splitting in effect" type="pytest.skip">src/pymortests/grid.py:266: Suite splitting in effect</skipped></testcase><testcase classname="src.pymortests.grid" file="src/pymortests/grid.py" line="266" name="test_neighbours_shape[&lt;lambda&gt;38]" time="0.00040221214294433594"><skipped message="Suite splitting in effect" type="pytest.skip">src/pymortests/grid.py:266: Suite splitting in effect</skipped></testcase><testcase classname="src.pymortests.grid" file="src/pymortests/grid.py" line="266" name="test_neighbours_shape[&lt;lambda&gt;39]" time="0.000396728515625"><skipped message="Suite splitting in effect" type="pytest.skip">src/pymortests/grid.py:266: Suite splitting in effect</skipped></testcase><testcase classname="src.pymortests.grid" file="src/pymortests/grid.py" line="266" name="test_neighbours_shape[&lt;lambda&gt;40]" time="0.000392913818359375"><skipped message="Suite splitting in effect" type="pytest.skip">src/pymortests/grid.py:266: Suite splitting in effect</skipped></testcase><testcase classname="src.pymortests.grid" file="src/pymortests/grid.py" line="266" name="test_neighbours_shape[&lt;lambda&gt;41]" time="0.0004220008850097656"><skipped message="Suite splitting in effect" type="pytest.skip">src/pymortests/grid.py:266: Suite splitting in effect</skipped></testcase><testcase classname="src.pymortests.grid" file="src/pymortests/grid.py" line="266" name="test_neighbours_shape[&lt;lambda&gt;42]" time="0.0004730224609375"><skipped message="Suite splitting in effect" type="pytest.skip">src/pymortests/grid.py:266: Suite splitting in effect</skipped></testcase><testcase classname="src.pymortests.grid" file="src/pymortests/grid.py" line="274" name="test_neighbours_dtype[&lt;lambda&gt;0]" time="0.00040411949157714844"><skipped message="Suite splitting in effect" type="pytest.skip">src/pymortests/grid.py:274: Suite splitting in effect</skipped></testcase><testcase classname="src.pymortests.grid" file="src/pymortests/grid.py" line="274" name="test_neighbours_dtype[&lt;lambda&gt;1]" time="0.0004329681396484375"><skipped message="Suite splitting in effect" type="pytest.skip">src/pymortests/grid.py:274: Suite splitting in effect</skipped></testcase><testcase classname="src.pymortests.grid" file="src/pymortests/grid.py" line="274" name="test_neighbours_dtype[&lt;lambda&gt;2]" time="0.0003867149353027344"><skipped message="Suite splitting in effect" type="pytest.skip">src/pymortests/grid.py:274: Suite splitting in effect</skipped></testcase><testcase classname="src.pymortests.grid" file="src/pymortests/grid.py" line="274" name="test_neighbours_dtype[&lt;lambda&gt;3]" time="0.00041866302490234375"><skipped message="Suite splitting in effect" type="pytest.skip">src/pymortests/grid.py:274: Suite splitting in effect</skipped></testcase><testcase classname="src.pymortests.grid" file="src/pymortests/grid.py" line="274" name="test_neighbours_dtype[&lt;lambda&gt;4]" time="0.00039505958557128906"><skipped message="Suite splitting in effect" type="pytest.skip">src/pymortests/grid.py:274: Suite splitting in effect</skipped></testcase><testcase classname="src.pymortests.grid" file="src/pymortests/grid.py" line="274" name="test_neighbours_dtype[&lt;lambda&gt;5]" time="0.00040531158447265625"><skipped message="Suite splitting in effect" type="pytest.skip">src/pymortests/grid.py:274: Suite splitting in effect</skipped></testcase><testcase classname="src.pymortests.grid" file="src/pymortests/grid.py" line="274" name="test_neighbours_dtype[&lt;lambda&gt;6]" time="0.0004019737243652344"><skipped message="Suite splitting in effect" type="pytest.skip">src/pymortests/grid.py:274: Suite splitting in effect</skipped></testcase><testcase classname="src.pymortests.grid" file="src/pymortests/grid.py" line="274" name="test_neighbours_dtype[&lt;lambda&gt;7]" time="0.0004482269287109375"><skipped message="Suite splitting in effect" type="pytest.skip">src/pymortests/grid.py:274: Suite splitting in effect</skipped></testcase><testcase classname="src.pymortests.grid" file="src/pymortests/grid.py" line="274" name="test_neighbours_dtype[&lt;lambda&gt;8]" time="0.00040531158447265625"><skipped message="Suite splitting in effect" type="pytest.skip">src/pymortests/grid.py:274: Suite splitting in effect</skipped></testcase><testcase classname="src.pymortests.grid" file="src/pymortests/grid.py" line="274" name="test_neighbours_dtype[&lt;lambda&gt;9]" time="0.0004277229309082031"><skipped message="Suite splitting in effect" type="pytest.skip">src/pymortests/grid.py:274: Suite splitting in effect</skipped></testcase><testcase classname="src.pymortests.grid" file="src/pymortests/grid.py" line="274" name="test_neighbours_dtype[&lt;lambda&gt;10]" time="0.000385284423828125"><skipped message="Suite splitting in effect" type="pytest.skip">src/pymortests/grid.py:274: Suite splitting in effect</skipped></testcase><testcase classname="src.pymortests.grid" file="src/pymortests/grid.py" line="274" name="test_neighbours_dtype[&lt;lambda&gt;11]" time="0.0004107952117919922"><skipped message="Suite splitting in effect" type="pytest.skip">src/pymortests/grid.py:274: Suite splitting in effect</skipped></testcase><testcase classname="src.pymortests.grid" file="src/pymortests/grid.py" line="274" name="test_neighbours_dtype[&lt;lambda&gt;12]" time="0.00038886070251464844"><skipped message="Suite splitting in effect" type="pytest.skip">src/pymortests/grid.py:274: Suite splitting in effect</skipped></testcase><testcase classname="src.pymortests.grid" file="src/pymortests/grid.py" line="274" name="test_neighbours_dtype[&lt;lambda&gt;13]" time="0.0004506111145019531"><skipped message="Suite splitting in effect" type="pytest.skip">src/pymortests/grid.py:274: Suite splitting in effect</skipped></testcase><testcase classname="src.pymortests.grid" file="src/pymortests/grid.py" line="274" name="test_neighbours_dtype[&lt;lambda&gt;14]" time="0.0003910064697265625"><skipped message="Suite splitting in effect" type="pytest.skip">src/pymortests/grid.py:274: Suite splitting in effect</skipped></testcase><testcase classname="src.pymortests.grid" file="src/pymortests/grid.py" line="274" name="test_neighbours_dtype[&lt;lambda&gt;15]" time="0.00042247772216796875"><skipped message="Suite splitting in effect" type="pytest.skip">src/pymortests/grid.py:274: Suite splitting in effect</skipped></testcase><testcase classname="src.pymortests.grid" file="src/pymortests/grid.py" line="274" name="test_neighbours_dtype[&lt;lambda&gt;16]" time="0.0004069805145263672"><skipped message="Suite splitting in effect" type="pytest.skip">src/pymortests/grid.py:274: Suite splitting in effect</skipped></testcase><testcase classname="src.pymortests.grid" file="src/pymortests/grid.py" line="274" name="test_neighbours_dtype[&lt;lambda&gt;17]" time="0.0005481243133544922"><skipped message="Suite splitting in effect" type="pytest.skip">src/pymortests/grid.py:274: Suite splitting in effect</skipped></testcase><testcase classname="src.pymortests.grid" file="src/pymortests/grid.py" line="274" name="test_neighbours_dtype[&lt;lambda&gt;18]" time="0.0004038810729980469"><skipped message="Suite splitting in effect" type="pytest.skip">src/pymortests/grid.py:274: Suite splitting in effect</skipped></testcase><testcase classname="src.pymortests.grid" file="src/pymortests/grid.py" line="274" name="test_neighbours_dtype[&lt;lambda&gt;19]" time="0.0004000663757324219"><skipped message="Suite splitting in effect" type="pytest.skip">src/pymortests/grid.py:274: Suite splitting in effect</skipped></testcase><testcase classname="src.pymortests.grid" file="src/pymortests/grid.py" line="274" name="test_neighbours_dtype[&lt;lambda&gt;20]" time="0.00041866302490234375"><skipped message="Suite splitting in effect" type="pytest.skip">src/pymortests/grid.py:274: Suite splitting in effect</skipped></testcase><testcase classname="src.pymortests.grid" file="src/pymortests/grid.py" line="274" name="test_neighbours_dtype[&lt;lambda&gt;21]" time="0.00040078163146972656"><skipped message="Suite splitting in effect" type="pytest.skip">src/pymortests/grid.py:274: Suite splitting in effect</skipped></testcase><testcase classname="src.pymortests.grid" file="src/pymortests/grid.py" line="274" name="test_neighbours_dtype[&lt;lambda&gt;22]" time="0.0004177093505859375"><skipped message="Suite splitting in effect" type="pytest.skip">src/pymortests/grid.py:274: Suite splitting in effect</skipped></testcase><testcase classname="src.pymortests.grid" file="src/pymortests/grid.py" line="274" name="test_neighbours_dtype[&lt;lambda&gt;23]" time="0.00042510032653808594"><skipped message="Suite splitting in effect" type="pytest.skip">src/pymortests/grid.py:274: Suite splitting in effect</skipped></testcase><testcase classname="src.pymortests.grid" file="src/pymortests/grid.py" line="274" name="test_neighbours_dtype[&lt;lambda&gt;24]" time="0.0004181861877441406"><skipped message="Suite splitting in effect" type="pytest.skip">src/pymortests/grid.py:274: Suite splitting in effect</skipped></testcase><testcase classname="src.pymortests.grid" file="src/pymortests/grid.py" line="274" name="test_neighbours_dtype[&lt;lambda&gt;25]" time="0.000396728515625"><skipped message="Suite splitting in effect" type="pytest.skip">src/pymortests/grid.py:274: Suite splitting in effect</skipped></testcase><testcase classname="src.pymortests.grid" file="src/pymortests/grid.py" line="274" name="test_neighbours_dtype[&lt;lambda&gt;26]" time="0.0004334449768066406"><skipped message="Suite splitting in effect" type="pytest.skip">src/pymortests/grid.py:274: Suite splitting in effect</skipped></testcase><testcase classname="src.pymortests.grid" file="src/pymortests/grid.py" line="274" name="test_neighbours_dtype[&lt;lambda&gt;27]" time="0.00040650367736816406"><skipped message="Suite splitting in effect" type="pytest.skip">src/pymortests/grid.py:274: Suite splitting in effect</skipped></testcase><testcase classname="src.pymortests.grid" file="src/pymortests/grid.py" line="274" name="test_neighbours_dtype[&lt;lambda&gt;28]" time="0.00045013427734375"><skipped message="Suite splitting in effect" type="pytest.skip">src/pymortests/grid.py:274: Suite splitting in effect</skipped></testcase><testcase classname="src.pymortests.grid" file="src/pymortests/grid.py" line="274" name="test_neighbours_dtype[&lt;lambda&gt;29]" time="0.000408172607421875"><skipped message="Suite splitting in effect" type="pytest.skip">src/pymortests/grid.py:274: Suite splitting in effect</skipped></testcase><testcase classname="src.pymortests.grid" file="src/pymortests/grid.py" line="274" name="test_neighbours_dtype[&lt;lambda&gt;30]" time="0.00042557716369628906"><skipped message="Suite splitting in effect" type="pytest.skip">src/pymortests/grid.py:274: Suite splitting in effect</skipped></testcase><testcase classname="src.pymortests.grid" file="src/pymortests/grid.py" line="274" name="test_neighbours_dtype[&lt;lambda&gt;31]" time="0.0003883838653564453"><skipped message="Suite splitting in effect" type="pytest.skip">src/pymortests/grid.py:274: Suite splitting in effect</skipped></testcase><testcase classname="src.pymortests.grid" file="src/pymortests/grid.py" line="274" name="test_neighbours_dtype[&lt;lambda&gt;32]" time="0.00042438507080078125"><skipped message="Suite splitting in effect" type="pytest.skip">src/pymortests/grid.py:274: Suite splitting in effect</skipped></testcase><testcase classname="src.pymortests.grid" file="src/pymortests/grid.py" line="274" name="test_neighbours_dtype[&lt;lambda&gt;33]" time="0.0003962516784667969"><skipped message="Suite splitting in effect" type="pytest.skip">src/pymortests/grid.py:274: Suite splitting in effect</skipped></testcase><testcase classname="src.pymortests.grid" file="src/pymortests/grid.py" line="274" name="test_neighbours_dtype[&lt;lambda&gt;34]" time="0.0004024505615234375"><skipped message="Suite splitting in effect" type="pytest.skip">src/pymortests/grid.py:274: Suite splitting in effect</skipped></testcase><testcase classname="src.pymortests.grid" file="src/pymortests/grid.py" line="274" name="test_neighbours_dtype[&lt;lambda&gt;35]" time="0.000415802001953125"><skipped message="Suite splitting in effect" type="pytest.skip">src/pymortests/grid.py:274: Suite splitting in effect</skipped></testcase><testcase classname="src.pymortests.grid" file="src/pymortests/grid.py" line="274" name="test_neighbours_dtype[&lt;lambda&gt;36]" time="0.00042748451232910156"><skipped message="Suite splitting in effect" type="pytest.skip">src/pymortests/grid.py:274: Suite splitting in effect</skipped></testcase><testcase classname="src.pymortests.grid" file="src/pymortests/grid.py" line="274" name="test_neighbours_dtype[&lt;lambda&gt;37]" time="0.0004127025604248047"><skipped message="Suite splitting in effect" type="pytest.skip">src/pymortests/grid.py:274: Suite splitting in effect</skipped></testcase><testcase classname="src.pymortests.grid" file="src/pymortests/grid.py" line="274" name="test_neighbours_dtype[&lt;lambda&gt;38]" time="0.00040459632873535156"><skipped message="Suite splitting in effect" type="pytest.skip">src/pymortests/grid.py:274: Suite splitting in effect</skipped></testcase><testcase classname="src.pymortests.grid" file="src/pymortests/grid.py" line="274" name="test_neighbours_dtype[&lt;lambda&gt;39]" time="0.00042319297790527344"><skipped message="Suite splitting in effect" type="pytest.skip">src/pymortests/grid.py:274: Suite splitting in effect</skipped></testcase><testcase classname="src.pymortests.grid" file="src/pymortests/grid.py" line="274" name="test_neighbours_dtype[&lt;lambda&gt;40]" time="0.0004138946533203125"><skipped message="Suite splitting in effect" type="pytest.skip">src/pymortests/grid.py:274: Suite splitting in effect</skipped></testcase><testcase classname="src.pymortests.grid" file="src/pymortests/grid.py" line="274" name="test_neighbours_dtype[&lt;lambda&gt;41]" time="0.0004534721374511719"><skipped message="Suite splitting in effect" type="pytest.skip">src/pymortests/grid.py:274: Suite splitting in effect</skipped></testcase><testcase classname="src.pymortests.grid" file="src/pymortests/grid.py" line="274" name="test_neighbours_dtype[&lt;lambda&gt;42]" time="0.00039577484130859375"><skipped message="Suite splitting in effect" type="pytest.skip">src/pymortests/grid.py:274: Suite splitting in effect</skipped></testcase><testcase classname="src.pymortests.grid" file="src/pymortests/grid.py" line="281" name="test_neighbours_entry_value_range[&lt;lambda&gt;0]" time="0.0004048347473144531"><skipped message="Suite splitting in effect" type="pytest.skip">src/pymortests/grid.py:281: Suite splitting in effect</skipped></testcase><testcase classname="src.pymortests.grid" file="src/pymortests/grid.py" line="281" name="test_neighbours_entry_value_range[&lt;lambda&gt;1]" time="0.00040912628173828125"><skipped message="Suite splitting in effect" type="pytest.skip">src/pymortests/grid.py:281: Suite splitting in effect</skipped></testcase><testcase classname="src.pymortests.grid" file="src/pymortests/grid.py" line="281" name="test_neighbours_entry_value_range[&lt;lambda&gt;2]" time="0.00041556358337402344"><skipped message="Suite splitting in effect" type="pytest.skip">src/pymortests/grid.py:281: Suite splitting in effect</skipped></testcase><testcase classname="src.pymortests.grid" file="src/pymortests/grid.py" line="281" name="test_neighbours_entry_value_range[&lt;lambda&gt;3]" time="0.00043892860412597656"><skipped message="Suite splitting in effect" type="pytest.skip">src/pymortests/grid.py:281: Suite splitting in effect</skipped></testcase><testcase classname="src.pymortests.grid" file="src/pymortests/grid.py" line="281" name="test_neighbours_entry_value_range[&lt;lambda&gt;4]" time="0.00041103363037109375"><skipped message="Suite splitting in effect" type="pytest.skip">src/pymortests/grid.py:281: Suite splitting in effect</skipped></testcase><testcase classname="src.pymortests.grid" file="src/pymortests/grid.py" line="281" name="test_neighbours_entry_value_range[&lt;lambda&gt;5]" time="0.0004177093505859375"><skipped message="Suite splitting in effect" type="pytest.skip">src/pymortests/grid.py:281: Suite splitting in effect</skipped></testcase><testcase classname="src.pymortests.grid" file="src/pymortests/grid.py" line="281" name="test_neighbours_entry_value_range[&lt;lambda&gt;6]" time="0.000675201416015625"><skipped message="Suite splitting in effect" type="pytest.skip">src/pymortests/grid.py:281: Suite splitting in effect</skipped></testcase><testcase classname="src.pymortests.grid" file="src/pymortests/grid.py" line="281" name="test_neighbours_entry_value_range[&lt;lambda&gt;7]" time="0.00040841102600097656"><skipped message="Suite splitting in effect" type="pytest.skip">src/pymortests/grid.py:281: Suite splitting in effect</skipped></testcase><testcase classname="src.pymortests.grid" file="src/pymortests/grid.py" line="281" name="test_neighbours_entry_value_range[&lt;lambda&gt;8]" time="0.00039505958557128906"><skipped message="Suite splitting in effect" type="pytest.skip">src/pymortests/grid.py:281: Suite splitting in effect</skipped></testcase><testcase classname="src.pymortests.grid" file="src/pymortests/grid.py" line="281" name="test_neighbours_entry_value_range[&lt;lambda&gt;9]" time="0.0004134178161621094"><skipped message="Suite splitting in effect" type="pytest.skip">src/pymortests/grid.py:281: Suite splitting in effect</skipped></testcase><testcase classname="src.pymortests.grid" file="src/pymortests/grid.py" line="281" name="test_neighbours_entry_value_range[&lt;lambda&gt;10]" time="0.0004334449768066406"><skipped message="Suite splitting in effect" type="pytest.skip">src/pymortests/grid.py:281: Suite splitting in effect</skipped></testcase><testcase classname="src.pymortests.grid" file="src/pymortests/grid.py" line="281" name="test_neighbours_entry_value_range[&lt;lambda&gt;11]" time="0.0004284381866455078"><skipped message="Suite splitting in effect" type="pytest.skip">src/pymortests/grid.py:281: Suite splitting in effect</skipped></testcase><testcase classname="src.pymortests.grid" file="src/pymortests/grid.py" line="281" name="test_neighbours_entry_value_range[&lt;lambda&gt;12]" time="0.00041866302490234375"><skipped message="Suite splitting in effect" type="pytest.skip">src/pymortests/grid.py:281: Suite splitting in effect</skipped></testcase><testcase classname="src.pymortests.grid" file="src/pymortests/grid.py" line="281" name="test_neighbours_entry_value_range[&lt;lambda&gt;13]" time="0.0003905296325683594"><skipped message="Suite splitting in effect" type="pytest.skip">src/pymortests/grid.py:281: Suite splitting in effect</skipped></testcase><testcase classname="src.pymortests.grid" file="src/pymortests/grid.py" line="281" name="test_neighbours_entry_value_range[&lt;lambda&gt;14]" time="0.00040984153747558594"><skipped message="Suite splitting in effect" type="pytest.skip">src/pymortests/grid.py:281: Suite splitting in effect</skipped></testcase><testcase classname="src.pymortests.grid" file="src/pymortests/grid.py" line="281" name="test_neighbours_entry_value_range[&lt;lambda&gt;15]" time="0.0003941059112548828"><skipped message="Suite splitting in effect" type="pytest.skip">src/pymortests/grid.py:281: Suite splitting in effect</skipped></testcase><testcase classname="src.pymortests.grid" file="src/pymortests/grid.py" line="281" name="test_neighbours_entry_value_range[&lt;lambda&gt;16]" time="0.000518798828125"><skipped message="Suite splitting in effect" type="pytest.skip">src/pymortests/grid.py:281: Suite splitting in effect</skipped></testcase><testcase classname="src.pymortests.grid" file="src/pymortests/grid.py" line="281" name="test_neighbours_entry_value_range[&lt;lambda&gt;17]" time="0.0005180835723876953"><skipped message="Suite splitting in effect" type="pytest.skip">src/pymortests/grid.py:281: Suite splitting in effect</skipped></testcase><testcase classname="src.pymortests.grid" file="src/pymortests/grid.py" line="281" name="test_neighbours_entry_value_range[&lt;lambda&gt;18]" time="0.00040793418884277344"><skipped message="Suite splitting in effect" type="pytest.skip">src/pymortests/grid.py:281: Suite splitting in effect</skipped></testcase><testcase classname="src.pymortests.grid" file="src/pymortests/grid.py" line="281" name="test_neighbours_entry_value_range[&lt;lambda&gt;19]" time="0.0004050731658935547"><skipped message="Suite splitting in effect" type="pytest.skip">src/pymortests/grid.py:281: Suite splitting in effect</skipped></testcase><testcase classname="src.pymortests.grid" file="src/pymortests/grid.py" line="281" name="test_neighbours_entry_value_range[&lt;lambda&gt;20]" time="0.00040984153747558594"><skipped message="Suite splitting in effect" type="pytest.skip">src/pymortests/grid.py:281: Suite splitting in effect</skipped></testcase><testcase classname="src.pymortests.grid" file="src/pymortests/grid.py" line="281" name="test_neighbours_entry_value_range[&lt;lambda&gt;21]" time="0.00040984153747558594"><skipped message="Suite splitting in effect" type="pytest.skip">src/pymortests/grid.py:281: Suite splitting in effect</skipped></testcase><testcase classname="src.pymortests.grid" file="src/pymortests/grid.py" line="281" name="test_neighbours_entry_value_range[&lt;lambda&gt;22]" time="0.0003933906555175781"><skipped message="Suite splitting in effect" type="pytest.skip">src/pymortests/grid.py:281: Suite splitting in effect</skipped></testcase><testcase classname="src.pymortests.grid" file="src/pymortests/grid.py" line="281" name="test_neighbours_entry_value_range[&lt;lambda&gt;23]" time="0.00040221214294433594"><skipped message="Suite splitting in effect" type="pytest.skip">src/pymortests/grid.py:281: Suite splitting in effect</skipped></testcase><testcase classname="src.pymortests.grid" file="src/pymortests/grid.py" line="281" name="test_neighbours_entry_value_range[&lt;lambda&gt;24]" time="0.0004265308380126953"><skipped message="Suite splitting in effect" type="pytest.skip">src/pymortests/grid.py:281: Suite splitting in effect</skipped></testcase><testcase classname="src.pymortests.grid" file="src/pymortests/grid.py" line="281" name="test_neighbours_entry_value_range[&lt;lambda&gt;25]" time="0.00042128562927246094"><skipped message="Suite splitting in effect" type="pytest.skip">src/pymortests/grid.py:281: Suite splitting in effect</skipped></testcase><testcase classname="src.pymortests.grid" file="src/pymortests/grid.py" line="281" name="test_neighbours_entry_value_range[&lt;lambda&gt;26]" time="0.0004334449768066406"><skipped message="Suite splitting in effect" type="pytest.skip">src/pymortests/grid.py:281: Suite splitting in effect</skipped></testcase><testcase classname="src.pymortests.grid" file="src/pymortests/grid.py" line="281" name="test_neighbours_entry_value_range[&lt;lambda&gt;27]" time="0.0004067420959472656"><skipped message="Suite splitting in effect" type="pytest.skip">src/pymortests/grid.py:281: Suite splitting in effect</skipped></testcase><testcase classname="src.pymortests.grid" file="src/pymortests/grid.py" line="281" name="test_neighbours_entry_value_range[&lt;lambda&gt;28]" time="0.00041604042053222656"><skipped message="Suite splitting in effect" type="pytest.skip">src/pymortests/grid.py:281: Suite splitting in effect</skipped></testcase><testcase classname="src.pymortests.grid" file="src/pymortests/grid.py" line="281" name="test_neighbours_entry_value_range[&lt;lambda&gt;29]" time="0.0003941059112548828"><skipped message="Suite splitting in effect" type="pytest.skip">src/pymortests/grid.py:281: Suite splitting in effect</skipped></testcase><testcase classname="src.pymortests.grid" file="src/pymortests/grid.py" line="281" name="test_neighbours_entry_value_range[&lt;lambda&gt;30]" time="0.0003924369812011719"><skipped message="Suite splitting in effect" type="pytest.skip">src/pymortests/grid.py:281: Suite splitting in effect</skipped></testcase><testcase classname="src.pymortests.grid" file="src/pymortests/grid.py" line="281" name="test_neighbours_entry_value_range[&lt;lambda&gt;31]" time="0.0004105567932128906"><skipped message="Suite splitting in effect" type="pytest.skip">src/pymortests/grid.py:281: Suite splitting in effect</skipped></testcase><testcase classname="src.pymortests.grid" file="src/pymortests/grid.py" line="281" name="test_neighbours_entry_value_range[&lt;lambda&gt;32]" time="0.00040793418884277344"><skipped message="Suite splitting in effect" type="pytest.skip">src/pymortests/grid.py:281: Suite splitting in effect</skipped></testcase><testcase classname="src.pymortests.grid" file="src/pymortests/grid.py" line="281" name="test_neighbours_entry_value_range[&lt;lambda&gt;33]" time="0.0006709098815917969"><skipped message="Suite splitting in effect" type="pytest.skip">src/pymortests/grid.py:281: Suite splitting in effect</skipped></testcase><testcase classname="src.pymortests.grid" file="src/pymortests/grid.py" line="281" name="test_neighbours_entry_value_range[&lt;lambda&gt;34]" time="0.00041985511779785156"><skipped message="Suite splitting in effect" type="pytest.skip">src/pymortests/grid.py:281: Suite splitting in effect</skipped></testcase><testcase classname="src.pymortests.grid" file="src/pymortests/grid.py" line="281" name="test_neighbours_entry_value_range[&lt;lambda&gt;35]" time="0.0004105567932128906"><skipped message="Suite splitting in effect" type="pytest.skip">src/pymortests/grid.py:281: Suite splitting in effect</skipped></testcase><testcase classname="src.pymortests.grid" file="src/pymortests/grid.py" line="281" name="test_neighbours_entry_value_range[&lt;lambda&gt;36]" time="0.0004107952117919922"><skipped message="Suite splitting in effect" type="pytest.skip">src/pymortests/grid.py:281: Suite splitting in effect</skipped></testcase><testcase classname="src.pymortests.grid" file="src/pymortests/grid.py" line="281" name="test_neighbours_entry_value_range[&lt;lambda&gt;37]" time="0.00041294097900390625"><skipped message="Suite splitting in effect" type="pytest.skip">src/pymortests/grid.py:281: Suite splitting in effect</skipped></testcase><testcase classname="src.pymortests.grid" file="src/pymortests/grid.py" line="281" name="test_neighbours_entry_value_range[&lt;lambda&gt;38]" time="0.0003962516784667969"><skipped message="Suite splitting in effect" type="pytest.skip">src/pymortests/grid.py:281: Suite splitting in effect</skipped></testcase><testcase classname="src.pymortests.grid" file="src/pymortests/grid.py" line="281" name="test_neighbours_entry_value_range[&lt;lambda&gt;39]" time="0.00046896934509277344"><skipped message="Suite splitting in effect" type="pytest.skip">src/pymortests/grid.py:281: Suite splitting in effect</skipped></testcase><testcase classname="src.pymortests.grid" file="src/pymortests/grid.py" line="281" name="test_neighbours_entry_value_range[&lt;lambda&gt;40]" time="0.0003936290740966797"><skipped message="Suite splitting in effect" type="pytest.skip">src/pymortests/grid.py:281: Suite splitting in effect</skipped></testcase><testcase classname="src.pymortests.grid" file="src/pymortests/grid.py" line="281" name="test_neighbours_entry_value_range[&lt;lambda&gt;41]" time="0.0004181861877441406"><skipped message="Suite splitting in effect" type="pytest.skip">src/pymortests/grid.py:281: Suite splitting in effect</skipped></testcase><testcase classname="src.pymortests.grid" file="src/pymortests/grid.py" line="281" name="test_neighbours_entry_value_range[&lt;lambda&gt;42]" time="0.00043201446533203125"><skipped message="Suite splitting in effect" type="pytest.skip">src/pymortests/grid.py:281: Suite splitting in effect</skipped></testcase><testcase classname="src.pymortests.grid" file="src/pymortests/grid.py" line="289" name="test_neighbours_entry_values_unique[&lt;lambda&gt;0]" time="0.0004153251647949219"><skipped message="Suite splitting in effect" type="pytest.skip">src/pymortests/grid.py:289: Suite splitting in effect</skipped></testcase><testcase classname="src.pymortests.grid" file="src/pymortests/grid.py" line="289" name="test_neighbours_entry_values_unique[&lt;lambda&gt;1]" time="0.00042247772216796875"><skipped message="Suite splitting in effect" type="pytest.skip">src/pymortests/grid.py:289: Suite splitting in effect</skipped></testcase><testcase classname="src.pymortests.grid" file="src/pymortests/grid.py" line="289" name="test_neighbours_entry_values_unique[&lt;lambda&gt;2]" time="0.00041484832763671875"><skipped message="Suite splitting in effect" type="pytest.skip">src/pymortests/grid.py:289: Suite splitting in effect</skipped></testcase><testcase classname="src.pymortests.grid" file="src/pymortests/grid.py" line="289" name="test_neighbours_entry_values_unique[&lt;lambda&gt;3]" time="0.0004050731658935547"><skipped message="Suite splitting in effect" type="pytest.skip">src/pymortests/grid.py:289: Suite splitting in effect</skipped></testcase><testcase classname="src.pymortests.grid" file="src/pymortests/grid.py" line="289" name="test_neighbours_entry_values_unique[&lt;lambda&gt;4]" time="0.00040459632873535156"><skipped message="Suite splitting in effect" type="pytest.skip">src/pymortests/grid.py:289: Suite splitting in effect</skipped></testcase><testcase classname="src.pymortests.grid" file="src/pymortests/grid.py" line="289" name="test_neighbours_entry_values_unique[&lt;lambda&gt;5]" time="0.0004055500030517578"><skipped message="Suite splitting in effect" type="pytest.skip">src/pymortests/grid.py:289: Suite splitting in effect</skipped></testcase><testcase classname="src.pymortests.grid" file="src/pymortests/grid.py" line="289" name="test_neighbours_entry_values_unique[&lt;lambda&gt;6]" time="0.0004305839538574219"><skipped message="Suite splitting in effect" type="pytest.skip">src/pymortests/grid.py:289: Suite splitting in effect</skipped></testcase><testcase classname="src.pymortests.grid" file="src/pymortests/grid.py" line="289" name="test_neighbours_entry_values_unique[&lt;lambda&gt;7]" time="0.0004012584686279297"><skipped message="Suite splitting in effect" type="pytest.skip">src/pymortests/grid.py:289: Suite splitting in effect</skipped></testcase><testcase classname="src.pymortests.grid" file="src/pymortests/grid.py" line="289" name="test_neighbours_entry_values_unique[&lt;lambda&gt;8]" time="0.00041556358337402344"><skipped message="Suite splitting in effect" type="pytest.skip">src/pymortests/grid.py:289: Suite splitting in effect</skipped></testcase><testcase classname="src.pymortests.grid" file="src/pymortests/grid.py" line="289" name="test_neighbours_entry_values_unique[&lt;lambda&gt;9]" time="0.00040435791015625"><skipped message="Suite splitting in effect" type="pytest.skip">src/pymortests/grid.py:289: Suite splitting in effect</skipped></testcase><testcase classname="src.pymortests.grid" file="src/pymortests/grid.py" line="289" name="test_neighbours_entry_values_unique[&lt;lambda&gt;10]" time="0.00044035911560058594"><skipped message="Suite splitting in effect" type="pytest.skip">src/pymortests/grid.py:289: Suite splitting in effect</skipped></testcase><testcase classname="src.pymortests.grid" file="src/pymortests/grid.py" line="289" name="test_neighbours_entry_values_unique[&lt;lambda&gt;11]" time="0.0003933906555175781"><skipped message="Suite splitting in effect" type="pytest.skip">src/pymortests/grid.py:289: Suite splitting in effect</skipped></testcase><testcase classname="src.pymortests.grid" file="src/pymortests/grid.py" line="289" name="test_neighbours_entry_values_unique[&lt;lambda&gt;12]" time="0.0004119873046875"><skipped message="Suite splitting in effect" type="pytest.skip">src/pymortests/grid.py:289: Suite splitting in effect</skipped></testcase><testcase classname="src.pymortests.grid" file="src/pymortests/grid.py" line="289" name="test_neighbours_entry_values_unique[&lt;lambda&gt;13]" time="0.0003879070281982422"><skipped message="Suite splitting in effect" type="pytest.skip">src/pymortests/grid.py:289: Suite splitting in effect</skipped></testcase><testcase classname="src.pymortests.grid" file="src/pymortests/grid.py" line="289" name="test_neighbours_entry_values_unique[&lt;lambda&gt;14]" time="0.00043845176696777344"><skipped message="Suite splitting in effect" type="pytest.skip">src/pymortests/grid.py:289: Suite splitting in effect</skipped></testcase><testcase classname="src.pymortests.grid" file="src/pymortests/grid.py" line="289" name="test_neighbours_entry_values_unique[&lt;lambda&gt;15]" time="0.00041294097900390625"><skipped message="Suite splitting in effect" type="pytest.skip">src/pymortests/grid.py:289: Suite splitting in effect</skipped></testcase><testcase classname="src.pymortests.grid" file="src/pymortests/grid.py" line="289" name="test_neighbours_entry_values_unique[&lt;lambda&gt;16]" time="0.0004100799560546875"><skipped message="Suite splitting in effect" type="pytest.skip">src/pymortests/grid.py:289: Suite splitting in effect</skipped></testcase><testcase classname="src.pymortests.grid" file="src/pymortests/grid.py" line="289" name="test_neighbours_entry_values_unique[&lt;lambda&gt;17]" time="0.000396728515625"><skipped message="Suite splitting in effect" type="pytest.skip">src/pymortests/grid.py:289: Suite splitting in effect</skipped></testcase><testcase classname="src.pymortests.grid" file="src/pymortests/grid.py" line="289" name="test_neighbours_entry_values_unique[&lt;lambda&gt;18]" time="0.00041365623474121094"><skipped message="Suite splitting in effect" type="pytest.skip">src/pymortests/grid.py:289: Suite splitting in effect</skipped></testcase><testcase classname="src.pymortests.grid" file="src/pymortests/grid.py" line="289" name="test_neighbours_entry_values_unique[&lt;lambda&gt;19]" time="0.0003952980041503906"><skipped message="Suite splitting in effect" type="pytest.skip">src/pymortests/grid.py:289: Suite splitting in effect</skipped></testcase><testcase classname="src.pymortests.grid" file="src/pymortests/grid.py" line="289" name="test_neighbours_entry_values_unique[&lt;lambda&gt;20]" time="0.0004055500030517578"><skipped message="Suite splitting in effect" type="pytest.skip">src/pymortests/grid.py:289: Suite splitting in effect</skipped></testcase><testcase classname="src.pymortests.grid" file="src/pymortests/grid.py" line="289" name="test_neighbours_entry_values_unique[&lt;lambda&gt;21]" time="0.0003952980041503906"><skipped message="Suite splitting in effect" type="pytest.skip">src/pymortests/grid.py:289: Suite splitting in effect</skipped></testcase><testcase classname="src.pymortests.grid" file="src/pymortests/grid.py" line="289" name="test_neighbours_entry_values_unique[&lt;lambda&gt;22]" time="0.0004074573516845703"><skipped message="Suite splitting in effect" type="pytest.skip">src/pymortests/grid.py:289: Suite splitting in effect</skipped></testcase><testcase classname="src.pymortests.grid" file="src/pymortests/grid.py" line="289" name="test_neighbours_entry_values_unique[&lt;lambda&gt;23]" time="0.0004010200500488281"><skipped message="Suite splitting in effect" type="pytest.skip">src/pymortests/grid.py:289: Suite splitting in effect</skipped></testcase><testcase classname="src.pymortests.grid" file="src/pymortests/grid.py" line="289" name="test_neighbours_entry_values_unique[&lt;lambda&gt;24]" time="0.00042724609375"><skipped message="Suite splitting in effect" type="pytest.skip">src/pymortests/grid.py:289: Suite splitting in effect</skipped></testcase><testcase classname="src.pymortests.grid" file="src/pymortests/grid.py" line="289" name="test_neighbours_entry_values_unique[&lt;lambda&gt;25]" time="0.0004661083221435547"><skipped message="Suite splitting in effect" type="pytest.skip">src/pymortests/grid.py:289: Suite splitting in effect</skipped></testcase><testcase classname="src.pymortests.grid" file="src/pymortests/grid.py" line="289" name="test_neighbours_entry_values_unique[&lt;lambda&gt;26]" time="0.000392913818359375"><skipped message="Suite splitting in effect" type="pytest.skip">src/pymortests/grid.py:289: Suite splitting in effect</skipped></testcase><testcase classname="src.pymortests.grid" file="src/pymortests/grid.py" line="289" name="test_neighbours_entry_values_unique[&lt;lambda&gt;27]" time="0.0004248619079589844"><skipped message="Suite splitting in effect" type="pytest.skip">src/pymortests/grid.py:289: Suite splitting in effect</skipped></testcase><testcase classname="src.pymortests.grid" file="src/pymortests/grid.py" line="289" name="test_neighbours_entry_values_unique[&lt;lambda&gt;28]" time="0.00038933753967285156"><skipped message="Suite splitting in effect" type="pytest.skip">src/pymortests/grid.py:289: Suite splitting in effect</skipped></testcase><testcase classname="src.pymortests.grid" file="src/pymortests/grid.py" line="289" name="test_neighbours_entry_values_unique[&lt;lambda&gt;29]" time="0.0004222393035888672"><skipped message="Suite splitting in effect" type="pytest.skip">src/pymortests/grid.py:289: Suite splitting in effect</skipped></testcase><testcase classname="src.pymortests.grid" file="src/pymortests/grid.py" line="289" name="test_neighbours_entry_values_unique[&lt;lambda&gt;30]" time="0.000392913818359375"><skipped message="Suite splitting in effect" type="pytest.skip">src/pymortests/grid.py:289: Suite splitting in effect</skipped></testcase><testcase classname="src.pymortests.grid" file="src/pymortests/grid.py" line="289" name="test_neighbours_entry_values_unique[&lt;lambda&gt;31]" time="0.00040411949157714844"><skipped message="Suite splitting in effect" type="pytest.skip">src/pymortests/grid.py:289: Suite splitting in effect</skipped></testcase><testcase classname="src.pymortests.grid" file="src/pymortests/grid.py" line="289" name="test_neighbours_entry_values_unique[&lt;lambda&gt;32]" time="0.0004088878631591797"><skipped message="Suite splitting in effect" type="pytest.skip">src/pymortests/grid.py:289: Suite splitting in effect</skipped></testcase><testcase classname="src.pymortests.grid" file="src/pymortests/grid.py" line="289" name="test_neighbours_entry_values_unique[&lt;lambda&gt;33]" time="0.00044417381286621094"><skipped message="Suite splitting in effect" type="pytest.skip">src/pymortests/grid.py:289: Suite splitting in effect</skipped></testcase><testcase classname="src.pymortests.grid" file="src/pymortests/grid.py" line="289" name="test_neighbours_entry_values_unique[&lt;lambda&gt;34]" time="0.0003952980041503906"><skipped message="Suite splitting in effect" type="pytest.skip">src/pymortests/grid.py:289: Suite splitting in effect</skipped></testcase><testcase classname="src.pymortests.grid" file="src/pymortests/grid.py" line="289" name="test_neighbours_entry_values_unique[&lt;lambda&gt;35]" time="0.0004363059997558594"><skipped message="Suite splitting in effect" type="pytest.skip">src/pymortests/grid.py:289: Suite splitting in effect</skipped></testcase><testcase classname="src.pymortests.grid" file="src/pymortests/grid.py" line="289" name="test_neighbours_entry_values_unique[&lt;lambda&gt;36]" time="0.000423431396484375"><skipped message="Suite splitting in effect" type="pytest.skip">src/pymortests/grid.py:289: Suite splitting in effect</skipped></testcase><testcase classname="src.pymortests.grid" file="src/pymortests/grid.py" line="289" name="test_neighbours_entry_values_unique[&lt;lambda&gt;37]" time="0.0004019737243652344"><skipped message="Suite splitting in effect" type="pytest.skip">src/pymortests/grid.py:289: Suite splitting in effect</skipped></testcase><testcase classname="src.pymortests.grid" file="src/pymortests/grid.py" line="289" name="test_neighbours_entry_values_unique[&lt;lambda&gt;38]" time="0.0004277229309082031"><skipped message="Suite splitting in effect" type="pytest.skip">src/pymortests/grid.py:289: Suite splitting in effect</skipped></testcase><testcase classname="src.pymortests.grid" file="src/pymortests/grid.py" line="289" name="test_neighbours_entry_values_unique[&lt;lambda&gt;39]" time="0.00039505958557128906"><skipped message="Suite splitting in effect" type="pytest.skip">src/pymortests/grid.py:289: Suite splitting in effect</skipped></testcase><testcase classname="src.pymortests.grid" file="src/pymortests/grid.py" line="289" name="test_neighbours_entry_values_unique[&lt;lambda&gt;40]" time="0.00041413307189941406"><skipped message="Suite splitting in effect" type="pytest.skip">src/pymortests/grid.py:289: Suite splitting in effect</skipped></testcase><testcase classname="src.pymortests.grid" file="src/pymortests/grid.py" line="289" name="test_neighbours_entry_values_unique[&lt;lambda&gt;41]" time="0.00039696693420410156"><skipped message="Suite splitting in effect" type="pytest.skip">src/pymortests/grid.py:289: Suite splitting in effect</skipped></testcase><testcase classname="src.pymortests.grid" file="src/pymortests/grid.py" line="289" name="test_neighbours_entry_values_unique[&lt;lambda&gt;42]" time="0.0004131793975830078"><skipped message="Suite splitting in effect" type="pytest.skip">src/pymortests/grid.py:289: Suite splitting in effect</skipped></testcase><testcase classname="src.pymortests.grid" file="src/pymortests/grid.py" line="298" name="test_neighbours_each_entry_neighbour[&lt;lambda&gt;0]" time="0.0004050731658935547"><skipped message="Suite splitting in effect" type="pytest.skip">src/pymortests/grid.py:298: Suite splitting in effect</skipped></testcase><testcase classname="src.pymortests.grid" file="src/pymortests/grid.py" line="298" name="test_neighbours_each_entry_neighbour[&lt;lambda&gt;1]" time="0.00040721893310546875"><skipped message="Suite splitting in effect" type="pytest.skip">src/pymortests/grid.py:298: Suite splitting in effect</skipped></testcase><testcase classname="src.pymortests.grid" file="src/pymortests/grid.py" line="298" name="test_neighbours_each_entry_neighbour[&lt;lambda&gt;2]" time="0.00040602684020996094"><skipped message="Suite splitting in effect" type="pytest.skip">src/pymortests/grid.py:298: Suite splitting in effect</skipped></testcase><testcase classname="src.pymortests.grid" file="src/pymortests/grid.py" line="298" name="test_neighbours_each_entry_neighbour[&lt;lambda&gt;3]" time="0.00047588348388671875"><skipped message="Suite splitting in effect" type="pytest.skip">src/pymortests/grid.py:298: Suite splitting in effect</skipped></testcase><testcase classname="src.pymortests.grid" file="src/pymortests/grid.py" line="298" name="test_neighbours_each_entry_neighbour[&lt;lambda&gt;4]" time="0.0003948211669921875"><skipped message="Suite splitting in effect" type="pytest.skip">src/pymortests/grid.py:298: Suite splitting in effect</skipped></testcase><testcase classname="src.pymortests.grid" file="src/pymortests/grid.py" line="298" name="test_neighbours_each_entry_neighbour[&lt;lambda&gt;5]" time="0.00040602684020996094"><skipped message="Suite splitting in effect" type="pytest.skip">src/pymortests/grid.py:298: Suite splitting in effect</skipped></testcase><testcase classname="src.pymortests.grid" file="src/pymortests/grid.py" line="298" name="test_neighbours_each_entry_neighbour[&lt;lambda&gt;6]" time="0.00040912628173828125"><skipped message="Suite splitting in effect" type="pytest.skip">src/pymortests/grid.py:298: Suite splitting in effect</skipped></testcase><testcase classname="src.pymortests.grid" file="src/pymortests/grid.py" line="298" name="test_neighbours_each_entry_neighbour[&lt;lambda&gt;7]" time="0.0004360675811767578"><skipped message="Suite splitting in effect" type="pytest.skip">src/pymortests/grid.py:298: Suite splitting in effect</skipped></testcase><testcase classname="src.pymortests.grid" file="src/pymortests/grid.py" line="298" name="test_neighbours_each_entry_neighbour[&lt;lambda&gt;8]" time="0.00041937828063964844"><skipped message="Suite splitting in effect" type="pytest.skip">src/pymortests/grid.py:298: Suite splitting in effect</skipped></testcase><testcase classname="src.pymortests.grid" file="src/pymortests/grid.py" line="298" name="test_neighbours_each_entry_neighbour[&lt;lambda&gt;9]" time="0.00042057037353515625"><skipped message="Suite splitting in effect" type="pytest.skip">src/pymortests/grid.py:298: Suite splitting in effect</skipped></testcase><testcase classname="src.pymortests.grid" file="src/pymortests/grid.py" line="298" name="test_neighbours_each_entry_neighbour[&lt;lambda&gt;10]" time="0.0003910064697265625"><skipped message="Suite splitting in effect" type="pytest.skip">src/pymortests/grid.py:298: Suite splitting in effect</skipped></testcase><testcase classname="src.pymortests.grid" file="src/pymortests/grid.py" line="298" name="test_neighbours_each_entry_neighbour[&lt;lambda&gt;11]" time="0.0004150867462158203"><skipped message="Suite splitting in effect" type="pytest.skip">src/pymortests/grid.py:298: Suite splitting in effect</skipped></testcase><testcase classname="src.pymortests.grid" file="src/pymortests/grid.py" line="298" name="test_neighbours_each_entry_neighbour[&lt;lambda&gt;12]" time="0.00038909912109375"><skipped message="Suite splitting in effect" type="pytest.skip">src/pymortests/grid.py:298: Suite splitting in effect</skipped></testcase><testcase classname="src.pymortests.grid" file="src/pymortests/grid.py" line="298" name="test_neighbours_each_entry_neighbour[&lt;lambda&gt;13]" time="0.0004477500915527344"><skipped message="Suite splitting in effect" type="pytest.skip">src/pymortests/grid.py:298: Suite splitting in effect</skipped></testcase><testcase classname="src.pymortests.grid" file="src/pymortests/grid.py" line="298" name="test_neighbours_each_entry_neighbour[&lt;lambda&gt;14]" time="0.00041413307189941406"><skipped message="Suite splitting in effect" type="pytest.skip">src/pymortests/grid.py:298: Suite splitting in effect</skipped></testcase><testcase classname="src.pymortests.grid" file="src/pymortests/grid.py" line="298" name="test_neighbours_each_entry_neighbour[&lt;lambda&gt;15]" time="0.0006384849548339844"><skipped message="Suite splitting in effect" type="pytest.skip">src/pymortests/grid.py:298: Suite splitting in effect</skipped></testcase><testcase classname="src.pymortests.grid" file="src/pymortests/grid.py" line="298" name="test_neighbours_each_entry_neighbour[&lt;lambda&gt;16]" time="0.00041222572326660156"><skipped message="Suite splitting in effect" type="pytest.skip">src/pymortests/grid.py:298: Suite splitting in effect</skipped></testcase><testcase classname="src.pymortests.grid" file="src/pymortests/grid.py" line="298" name="test_neighbours_each_entry_neighbour[&lt;lambda&gt;17]" time="0.00040531158447265625"><skipped message="Suite splitting in effect" type="pytest.skip">src/pymortests/grid.py:298: Suite splitting in effect</skipped></testcase><testcase classname="src.pymortests.grid" file="src/pymortests/grid.py" line="298" name="test_neighbours_each_entry_neighbour[&lt;lambda&gt;18]" time="0.0003955364227294922"><skipped message="Suite splitting in effect" type="pytest.skip">src/pymortests/grid.py:298: Suite splitting in effect</skipped></testcase><testcase classname="src.pymortests.grid" file="src/pymortests/grid.py" line="298" name="test_neighbours_each_entry_neighbour[&lt;lambda&gt;19]" time="0.00041174888610839844"><skipped message="Suite splitting in effect" type="pytest.skip">src/pymortests/grid.py:298: Suite splitting in effect</skipped></testcase><testcase classname="src.pymortests.grid" file="src/pymortests/grid.py" line="298" name="test_neighbours_each_entry_neighbour[&lt;lambda&gt;20]" time="0.0003960132598876953"><skipped message="Suite splitting in effect" type="pytest.skip">src/pymortests/grid.py:298: Suite splitting in effect</skipped></testcase><testcase classname="src.pymortests.grid" file="src/pymortests/grid.py" line="298" name="test_neighbours_each_entry_neighbour[&lt;lambda&gt;21]" time="0.0004038810729980469"><skipped message="Suite splitting in effect" type="pytest.skip">src/pymortests/grid.py:298: Suite splitting in effect</skipped></testcase><testcase classname="src.pymortests.grid" file="src/pymortests/grid.py" line="298" name="test_neighbours_each_entry_neighbour[&lt;lambda&gt;22]" time="0.000400543212890625"><skipped message="Suite splitting in effect" type="pytest.skip">src/pymortests/grid.py:298: Suite splitting in effect</skipped></testcase><testcase classname="src.pymortests.grid" file="src/pymortests/grid.py" line="298" name="test_neighbours_each_entry_neighbour[&lt;lambda&gt;23]" time="0.00039696693420410156"><skipped message="Suite splitting in effect" type="pytest.skip">src/pymortests/grid.py:298: Suite splitting in effect</skipped></testcase><testcase classname="src.pymortests.grid" file="src/pymortests/grid.py" line="298" name="test_neighbours_each_entry_neighbour[&lt;lambda&gt;24]" time="0.0004401206970214844"><skipped message="Suite splitting in effect" type="pytest.skip">src/pymortests/grid.py:298: Suite splitting in effect</skipped></testcase><testcase classname="src.pymortests.grid" file="src/pymortests/grid.py" line="298" name="test_neighbours_each_entry_neighbour[&lt;lambda&gt;25]" time="0.0004093647003173828"><skipped message="Suite splitting in effect" type="pytest.skip">src/pymortests/grid.py:298: Suite splitting in effect</skipped></testcase><testcase classname="src.pymortests.grid" file="src/pymortests/grid.py" line="298" name="test_neighbours_each_entry_neighbour[&lt;lambda&gt;26]" time="0.00044417381286621094"><skipped message="Suite splitting in effect" type="pytest.skip">src/pymortests/grid.py:298: Suite splitting in effect</skipped></testcase><testcase classname="src.pymortests.grid" file="src/pymortests/grid.py" line="298" name="test_neighbours_each_entry_neighbour[&lt;lambda&gt;27]" time="0.00041294097900390625"><skipped message="Suite splitting in effect" type="pytest.skip">src/pymortests/grid.py:298: Suite splitting in effect</skipped></testcase><testcase classname="src.pymortests.grid" file="src/pymortests/grid.py" line="298" name="test_neighbours_each_entry_neighbour[&lt;lambda&gt;28]" time="0.0004093647003173828"><skipped message="Suite splitting in effect" type="pytest.skip">src/pymortests/grid.py:298: Suite splitting in effect</skipped></testcase><testcase classname="src.pymortests.grid" file="src/pymortests/grid.py" line="298" name="test_neighbours_each_entry_neighbour[&lt;lambda&gt;29]" time="0.0003924369812011719"><skipped message="Suite splitting in effect" type="pytest.skip">src/pymortests/grid.py:298: Suite splitting in effect</skipped></testcase><testcase classname="src.pymortests.grid" file="src/pymortests/grid.py" line="298" name="test_neighbours_each_entry_neighbour[&lt;lambda&gt;30]" time="0.0004260540008544922"><skipped message="Suite splitting in effect" type="pytest.skip">src/pymortests/grid.py:298: Suite splitting in effect</skipped></testcase><testcase classname="src.pymortests.grid" file="src/pymortests/grid.py" line="298" name="test_neighbours_each_entry_neighbour[&lt;lambda&gt;31]" time="0.00039315223693847656"><skipped message="Suite splitting in effect" type="pytest.skip">src/pymortests/grid.py:298: Suite splitting in effect</skipped></testcase><testcase classname="src.pymortests.grid" file="src/pymortests/grid.py" line="298" name="test_neighbours_each_entry_neighbour[&lt;lambda&gt;32]" time="0.00040650367736816406"><skipped message="Suite splitting in effect" type="pytest.skip">src/pymortests/grid.py:298: Suite splitting in effect</skipped></testcase><testcase classname="src.pymortests.grid" file="src/pymortests/grid.py" line="298" name="test_neighbours_each_entry_neighbour[&lt;lambda&gt;33]" time="0.00039386749267578125"><skipped message="Suite splitting in effect" type="pytest.skip">src/pymortests/grid.py:298: Suite splitting in effect</skipped></testcase><testcase classname="src.pymortests.grid" file="src/pymortests/grid.py" line="298" name="test_neighbours_each_entry_neighbour[&lt;lambda&gt;34]" time="0.0004153251647949219"><skipped message="Suite splitting in effect" type="pytest.skip">src/pymortests/grid.py:298: Suite splitting in effect</skipped></testcase><testcase classname="src.pymortests.grid" file="src/pymortests/grid.py" line="298" name="test_neighbours_each_entry_neighbour[&lt;lambda&gt;35]" time="0.00041747093200683594"><skipped message="Suite splitting in effect" type="pytest.skip">src/pymortests/grid.py:298: Suite splitting in effect</skipped></testcase><testcase classname="src.pymortests.grid" file="src/pymortests/grid.py" line="298" name="test_neighbours_each_entry_neighbour[&lt;lambda&gt;36]" time="0.000423431396484375"><skipped message="Suite splitting in effect" type="pytest.skip">src/pymortests/grid.py:298: Suite splitting in effect</skipped></testcase><testcase classname="src.pymortests.grid" file="src/pymortests/grid.py" line="298" name="test_neighbours_each_entry_neighbour[&lt;lambda&gt;37]" time="0.00043511390686035156"><skipped message="Suite splitting in effect" type="pytest.skip">src/pymortests/grid.py:298: Suite splitting in effect</skipped></testcase><testcase classname="src.pymortests.grid" file="src/pymortests/grid.py" line="298" name="test_neighbours_each_entry_neighbour[&lt;lambda&gt;38]" time="0.0003895759582519531"><skipped message="Suite splitting in effect" type="pytest.skip">src/pymortests/grid.py:298: Suite splitting in effect</skipped></testcase><testcase classname="src.pymortests.grid" file="src/pymortests/grid.py" line="298" name="test_neighbours_each_entry_neighbour[&lt;lambda&gt;39]" time="0.0004363059997558594"><skipped message="Suite splitting in effect" type="pytest.skip">src/pymortests/grid.py:298: Suite splitting in effect</skipped></testcase><testcase classname="src.pymortests.grid" file="src/pymortests/grid.py" line="298" name="test_neighbours_each_entry_neighbour[&lt;lambda&gt;40]" time="0.0004115104675292969"><skipped message="Suite splitting in effect" type="pytest.skip">src/pymortests/grid.py:298: Suite splitting in effect</skipped></testcase><testcase classname="src.pymortests.grid" file="src/pymortests/grid.py" line="298" name="test_neighbours_each_entry_neighbour[&lt;lambda&gt;41]" time="0.0004107952117919922"><skipped message="Suite splitting in effect" type="pytest.skip">src/pymortests/grid.py:298: Suite splitting in effect</skipped></testcase><testcase classname="src.pymortests.grid" file="src/pymortests/grid.py" line="298" name="test_neighbours_each_entry_neighbour[&lt;lambda&gt;42]" time="0.0003998279571533203"><skipped message="Suite splitting in effect" type="pytest.skip">src/pymortests/grid.py:298: Suite splitting in effect</skipped></testcase><testcase classname="src.pymortests.grid" file="src/pymortests/grid.py" line="314" name="test_neighbours_each_neighbour_has_entry[&lt;lambda&gt;0]" time="0.00041556358337402344"><skipped message="Suite splitting in effect" type="pytest.skip">src/pymortests/grid.py:314: Suite splitting in effect</skipped></testcase><testcase classname="src.pymortests.grid" file="src/pymortests/grid.py" line="314" name="test_neighbours_each_neighbour_has_entry[&lt;lambda&gt;1]" time="0.0003924369812011719"><skipped message="Suite splitting in effect" type="pytest.skip">src/pymortests/grid.py:314: Suite splitting in effect</skipped></testcase><testcase classname="src.pymortests.grid" file="src/pymortests/grid.py" line="314" name="test_neighbours_each_neighbour_has_entry[&lt;lambda&gt;2]" time="0.00048422813415527344"><skipped message="Suite splitting in effect" type="pytest.skip">src/pymortests/grid.py:314: Suite splitting in effect</skipped></testcase><testcase classname="src.pymortests.grid" file="src/pymortests/grid.py" line="314" name="test_neighbours_each_neighbour_has_entry[&lt;lambda&gt;3]" time="0.00042319297790527344"><skipped message="Suite splitting in effect" type="pytest.skip">src/pymortests/grid.py:314: Suite splitting in effect</skipped></testcase><testcase classname="src.pymortests.grid" file="src/pymortests/grid.py" line="314" name="test_neighbours_each_neighbour_has_entry[&lt;lambda&gt;4]" time="0.00045108795166015625"><skipped message="Suite splitting in effect" type="pytest.skip">src/pymortests/grid.py:314: Suite splitting in effect</skipped></testcase><testcase classname="src.pymortests.grid" file="src/pymortests/grid.py" line="314" name="test_neighbours_each_neighbour_has_entry[&lt;lambda&gt;5]" time="0.0004470348358154297"><skipped message="Suite splitting in effect" type="pytest.skip">src/pymortests/grid.py:314: Suite splitting in effect</skipped></testcase><testcase classname="src.pymortests.grid" file="src/pymortests/grid.py" line="314" name="test_neighbours_each_neighbour_has_entry[&lt;lambda&gt;6]" time="0.00039505958557128906"><skipped message="Suite splitting in effect" type="pytest.skip">src/pymortests/grid.py:314: Suite splitting in effect</skipped></testcase><testcase classname="src.pymortests.grid" file="src/pymortests/grid.py" line="314" name="test_neighbours_each_neighbour_has_entry[&lt;lambda&gt;7]" time="0.00042629241943359375"><skipped message="Suite splitting in effect" type="pytest.skip">src/pymortests/grid.py:314: Suite splitting in effect</skipped></testcase><testcase classname="src.pymortests.grid" file="src/pymortests/grid.py" line="314" name="test_neighbours_each_neighbour_has_entry[&lt;lambda&gt;8]" time="0.00039768218994140625"><skipped message="Suite splitting in effect" type="pytest.skip">src/pymortests/grid.py:314: Suite splitting in effect</skipped></testcase><testcase classname="src.pymortests.grid" file="src/pymortests/grid.py" line="314" name="test_neighbours_each_neighbour_has_entry[&lt;lambda&gt;9]" time="0.00042438507080078125"><skipped message="Suite splitting in effect" type="pytest.skip">src/pymortests/grid.py:314: Suite splitting in effect</skipped></testcase><testcase classname="src.pymortests.grid" file="src/pymortests/grid.py" line="314" name="test_neighbours_each_neighbour_has_entry[&lt;lambda&gt;10]" time="0.0003955364227294922"><skipped message="Suite splitting in effect" type="pytest.skip">src/pymortests/grid.py:314: Suite splitting in effect</skipped></testcase><testcase classname="src.pymortests.grid" file="src/pymortests/grid.py" line="314" name="test_neighbours_each_neighbour_has_entry[&lt;lambda&gt;11]" time="0.0003902912139892578"><skipped message="Suite splitting in effect" type="pytest.skip">src/pymortests/grid.py:314: Suite splitting in effect</skipped></testcase><testcase classname="src.pymortests.grid" file="src/pymortests/grid.py" line="314" name="test_neighbours_each_neighbour_has_entry[&lt;lambda&gt;12]" time="0.00043082237243652344"><skipped message="Suite splitting in effect" type="pytest.skip">src/pymortests/grid.py:314: Suite splitting in effect</skipped></testcase><testcase classname="src.pymortests.grid" file="src/pymortests/grid.py" line="314" name="test_neighbours_each_neighbour_has_entry[&lt;lambda&gt;13]" time="0.0004100799560546875"><skipped message="Suite splitting in effect" type="pytest.skip">src/pymortests/grid.py:314: Suite splitting in effect</skipped></testcase><testcase classname="src.pymortests.grid" file="src/pymortests/grid.py" line="314" name="test_neighbours_each_neighbour_has_entry[&lt;lambda&gt;14]" time="0.0004227161407470703"><skipped message="Suite splitting in effect" type="pytest.skip">src/pymortests/grid.py:314: Suite splitting in effect</skipped></testcase><testcase classname="src.pymortests.grid" file="src/pymortests/grid.py" line="314" name="test_neighbours_each_neighbour_has_entry[&lt;lambda&gt;15]" time="0.0004107952117919922"><skipped message="Suite splitting in effect" type="pytest.skip">src/pymortests/grid.py:314: Suite splitting in effect</skipped></testcase><testcase classname="src.pymortests.grid" file="src/pymortests/grid.py" line="314" name="test_neighbours_each_neighbour_has_entry[&lt;lambda&gt;16]" time="0.0004227161407470703"><skipped message="Suite splitting in effect" type="pytest.skip">src/pymortests/grid.py:314: Suite splitting in effect</skipped></testcase><testcase classname="src.pymortests.grid" file="src/pymortests/grid.py" line="314" name="test_neighbours_each_neighbour_has_entry[&lt;lambda&gt;17]" time="0.0004343986511230469"><skipped message="Suite splitting in effect" type="pytest.skip">src/pymortests/grid.py:314: Suite splitting in effect</skipped></testcase><testcase classname="src.pymortests.grid" file="src/pymortests/grid.py" line="314" name="test_neighbours_each_neighbour_has_entry[&lt;lambda&gt;18]" time="0.0004012584686279297"><skipped message="Suite splitting in effect" type="pytest.skip">src/pymortests/grid.py:314: Suite splitting in effect</skipped></testcase><testcase classname="src.pymortests.grid" file="src/pymortests/grid.py" line="314" name="test_neighbours_each_neighbour_has_entry[&lt;lambda&gt;19]" time="0.0004527568817138672"><skipped message="Suite splitting in effect" type="pytest.skip">src/pymortests/grid.py:314: Suite splitting in effect</skipped></testcase><testcase classname="src.pymortests.grid" file="src/pymortests/grid.py" line="314" name="test_neighbours_each_neighbour_has_entry[&lt;lambda&gt;20]" time="0.00042057037353515625"><skipped message="Suite splitting in effect" type="pytest.skip">src/pymortests/grid.py:314: Suite splitting in effect</skipped></testcase><testcase classname="src.pymortests.grid" file="src/pymortests/grid.py" line="314" name="test_neighbours_each_neighbour_has_entry[&lt;lambda&gt;21]" time="0.00041937828063964844"><skipped message="Suite splitting in effect" type="pytest.skip">src/pymortests/grid.py:314: Suite splitting in effect</skipped></testcase><testcase classname="src.pymortests.grid" file="src/pymortests/grid.py" line="314" name="test_neighbours_each_neighbour_has_entry[&lt;lambda&gt;22]" time="0.00038814544677734375"><skipped message="Suite splitting in effect" type="pytest.skip">src/pymortests/grid.py:314: Suite splitting in effect</skipped></testcase><testcase classname="src.pymortests.grid" file="src/pymortests/grid.py" line="314" name="test_neighbours_each_neighbour_has_entry[&lt;lambda&gt;23]" time="0.00042057037353515625"><skipped message="Suite splitting in effect" type="pytest.skip">src/pymortests/grid.py:314: Suite splitting in effect</skipped></testcase><testcase classname="src.pymortests.grid" file="src/pymortests/grid.py" line="314" name="test_neighbours_each_neighbour_has_entry[&lt;lambda&gt;24]" time="0.0003910064697265625"><skipped message="Suite splitting in effect" type="pytest.skip">src/pymortests/grid.py:314: Suite splitting in effect</skipped></testcase><testcase classname="src.pymortests.grid" file="src/pymortests/grid.py" line="314" name="test_neighbours_each_neighbour_has_entry[&lt;lambda&gt;25]" time="0.00043392181396484375"><skipped message="Suite splitting in effect" type="pytest.skip">src/pymortests/grid.py:314: Suite splitting in effect</skipped></testcase><testcase classname="src.pymortests.grid" file="src/pymortests/grid.py" line="314" name="test_neighbours_each_neighbour_has_entry[&lt;lambda&gt;26]" time="0.0004100799560546875"><skipped message="Suite splitting in effect" type="pytest.skip">src/pymortests/grid.py:314: Suite splitting in effect</skipped></testcase><testcase classname="src.pymortests.grid" file="src/pymortests/grid.py" line="314" name="test_neighbours_each_neighbour_has_entry[&lt;lambda&gt;27]" time="0.0004448890686035156"><skipped message="Suite splitting in effect" type="pytest.skip">src/pymortests/grid.py:314: Suite splitting in effect</skipped></testcase><testcase classname="src.pymortests.grid" file="src/pymortests/grid.py" line="314" name="test_neighbours_each_neighbour_has_entry[&lt;lambda&gt;28]" time="0.000392913818359375"><skipped message="Suite splitting in effect" type="pytest.skip">src/pymortests/grid.py:314: Suite splitting in effect</skipped></testcase><testcase classname="src.pymortests.grid" file="src/pymortests/grid.py" line="314" name="test_neighbours_each_neighbour_has_entry[&lt;lambda&gt;29]" time="0.0004215240478515625"><skipped message="Suite splitting in effect" type="pytest.skip">src/pymortests/grid.py:314: Suite splitting in effect</skipped></testcase><testcase classname="src.pymortests.grid" file="src/pymortests/grid.py" line="314" name="test_neighbours_each_neighbour_has_entry[&lt;lambda&gt;30]" time="0.00039649009704589844"><skipped message="Suite splitting in effect" type="pytest.skip">src/pymortests/grid.py:314: Suite splitting in effect</skipped></testcase><testcase classname="src.pymortests.grid" file="src/pymortests/grid.py" line="314" name="test_neighbours_each_neighbour_has_entry[&lt;lambda&gt;31]" time="0.00043320655822753906"><skipped message="Suite splitting in effect" type="pytest.skip">src/pymortests/grid.py:314: Suite splitting in effect</skipped></testcase><testcase classname="src.pymortests.grid" file="src/pymortests/grid.py" line="314" name="test_neighbours_each_neighbour_has_entry[&lt;lambda&gt;32]" time="0.001150369644165039"><skipped message="Suite splitting in effect" type="pytest.skip">src/pymortests/grid.py:314: Suite splitting in effect</skipped></testcase><testcase classname="src.pymortests.grid" file="src/pymortests/grid.py" line="314" name="test_neighbours_each_neighbour_has_entry[&lt;lambda&gt;33]" time="0.0004146099090576172"><skipped message="Suite splitting in effect" type="pytest.skip">src/pymortests/grid.py:314: Suite splitting in effect</skipped></testcase><testcase classname="src.pymortests.grid" file="src/pymortests/grid.py" line="314" name="test_neighbours_each_neighbour_has_entry[&lt;lambda&gt;34]" time="0.00039005279541015625"><skipped message="Suite splitting in effect" type="pytest.skip">src/pymortests/grid.py:314: Suite splitting in effect</skipped></testcase><testcase classname="src.pymortests.grid" file="src/pymortests/grid.py" line="314" name="test_neighbours_each_neighbour_has_entry[&lt;lambda&gt;35]" time="0.000396728515625"><skipped message="Suite splitting in effect" type="pytest.skip">src/pymortests/grid.py:314: Suite splitting in effect</skipped></testcase><testcase classname="src.pymortests.grid" file="src/pymortests/grid.py" line="314" name="test_neighbours_each_neighbour_has_entry[&lt;lambda&gt;36]" time="0.00042748451232910156"><skipped message="Suite splitting in effect" type="pytest.skip">src/pymortests/grid.py:314: Suite splitting in effect</skipped></testcase><testcase classname="src.pymortests.grid" file="src/pymortests/grid.py" line="314" name="test_neighbours_each_neighbour_has_entry[&lt;lambda&gt;37]" time="0.0004019737243652344"><skipped message="Suite splitting in effect" type="pytest.skip">src/pymortests/grid.py:314: Suite splitting in effect</skipped></testcase><testcase classname="src.pymortests.grid" file="src/pymortests/grid.py" line="314" name="test_neighbours_each_neighbour_has_entry[&lt;lambda&gt;38]" time="0.0004298686981201172"><skipped message="Suite splitting in effect" type="pytest.skip">src/pymortests/grid.py:314: Suite splitting in effect</skipped></testcase><testcase classname="src.pymortests.grid" file="src/pymortests/grid.py" line="314" name="test_neighbours_each_neighbour_has_entry[&lt;lambda&gt;39]" time="0.00040268898010253906"><skipped message="Suite splitting in effect" type="pytest.skip">src/pymortests/grid.py:314: Suite splitting in effect</skipped></testcase><testcase classname="src.pymortests.grid" file="src/pymortests/grid.py" line="314" name="test_neighbours_each_neighbour_has_entry[&lt;lambda&gt;40]" time="0.00043129920959472656"><skipped message="Suite splitting in effect" type="pytest.skip">src/pymortests/grid.py:314: Suite splitting in effect</skipped></testcase><testcase classname="src.pymortests.grid" file="src/pymortests/grid.py" line="314" name="test_neighbours_each_neighbour_has_entry[&lt;lambda&gt;41]" time="0.0004074573516845703"><skipped message="Suite splitting in effect" type="pytest.skip">src/pymortests/grid.py:314: Suite splitting in effect</skipped></testcase><testcase classname="src.pymortests.grid" file="src/pymortests/grid.py" line="314" name="test_neighbours_each_neighbour_has_entry[&lt;lambda&gt;42]" time="0.00044918060302734375"><skipped message="Suite splitting in effect" type="pytest.skip">src/pymortests/grid.py:314: Suite splitting in effect</skipped></testcase><testcase classname="src.pymortests.grid" file="src/pymortests/grid.py" line="335" name="test_neighbours_not_neighbour_of_itself[&lt;lambda&gt;0]" time="0.0004649162292480469"><skipped message="Suite splitting in effect" type="pytest.skip">src/pymortests/grid.py:335: Suite splitting in effect</skipped></testcase><testcase classname="src.pymortests.grid" file="src/pymortests/grid.py" line="335" name="test_neighbours_not_neighbour_of_itself[&lt;lambda&gt;1]" time="0.00040221214294433594"><skipped message="Suite splitting in effect" type="pytest.skip">src/pymortests/grid.py:335: Suite splitting in effect</skipped></testcase><testcase classname="src.pymortests.grid" file="src/pymortests/grid.py" line="335" name="test_neighbours_not_neighbour_of_itself[&lt;lambda&gt;2]" time="0.0004334449768066406"><skipped message="Suite splitting in effect" type="pytest.skip">src/pymortests/grid.py:335: Suite splitting in effect</skipped></testcase><testcase classname="src.pymortests.grid" file="src/pymortests/grid.py" line="335" name="test_neighbours_not_neighbour_of_itself[&lt;lambda&gt;3]" time="0.0004208087921142578"><skipped message="Suite splitting in effect" type="pytest.skip">src/pymortests/grid.py:335: Suite splitting in effect</skipped></testcase><testcase classname="src.pymortests.grid" file="src/pymortests/grid.py" line="335" name="test_neighbours_not_neighbour_of_itself[&lt;lambda&gt;4]" time="0.0004279613494873047"><skipped message="Suite splitting in effect" type="pytest.skip">src/pymortests/grid.py:335: Suite splitting in effect</skipped></testcase><testcase classname="src.pymortests.grid" file="src/pymortests/grid.py" line="335" name="test_neighbours_not_neighbour_of_itself[&lt;lambda&gt;5]" time="0.00041604042053222656"><skipped message="Suite splitting in effect" type="pytest.skip">src/pymortests/grid.py:335: Suite splitting in effect</skipped></testcase><testcase classname="src.pymortests.grid" file="src/pymortests/grid.py" line="335" name="test_neighbours_not_neighbour_of_itself[&lt;lambda&gt;6]" time="0.0004229545593261719"><skipped message="Suite splitting in effect" type="pytest.skip">src/pymortests/grid.py:335: Suite splitting in effect</skipped></testcase><testcase classname="src.pymortests.grid" file="src/pymortests/grid.py" line="335" name="test_neighbours_not_neighbour_of_itself[&lt;lambda&gt;7]" time="0.000415802001953125"><skipped message="Suite splitting in effect" type="pytest.skip">src/pymortests/grid.py:335: Suite splitting in effect</skipped></testcase><testcase classname="src.pymortests.grid" file="src/pymortests/grid.py" line="335" name="test_neighbours_not_neighbour_of_itself[&lt;lambda&gt;8]" time="0.0004851818084716797"><skipped message="Suite splitting in effect" type="pytest.skip">src/pymortests/grid.py:335: Suite splitting in effect</skipped></testcase><testcase classname="src.pymortests.grid" file="src/pymortests/grid.py" line="335" name="test_neighbours_not_neighbour_of_itself[&lt;lambda&gt;9]" time="0.0003879070281982422"><skipped message="Suite splitting in effect" type="pytest.skip">src/pymortests/grid.py:335: Suite splitting in effect</skipped></testcase><testcase classname="src.pymortests.grid" file="src/pymortests/grid.py" line="335" name="test_neighbours_not_neighbour_of_itself[&lt;lambda&gt;10]" time="0.0004024505615234375"><skipped message="Suite splitting in effect" type="pytest.skip">src/pymortests/grid.py:335: Suite splitting in effect</skipped></testcase><testcase classname="src.pymortests.grid" file="src/pymortests/grid.py" line="335" name="test_neighbours_not_neighbour_of_itself[&lt;lambda&gt;11]" time="0.00041222572326660156"><skipped message="Suite splitting in effect" type="pytest.skip">src/pymortests/grid.py:335: Suite splitting in effect</skipped></testcase><testcase classname="src.pymortests.grid" file="src/pymortests/grid.py" line="335" name="test_neighbours_not_neighbour_of_itself[&lt;lambda&gt;12]" time="0.00044465065002441406"><skipped message="Suite splitting in effect" type="pytest.skip">src/pymortests/grid.py:335: Suite splitting in effect</skipped></testcase><testcase classname="src.pymortests.grid" file="src/pymortests/grid.py" line="335" name="test_neighbours_not_neighbour_of_itself[&lt;lambda&gt;13]" time="0.000415802001953125"><skipped message="Suite splitting in effect" type="pytest.skip">src/pymortests/grid.py:335: Suite splitting in effect</skipped></testcase><testcase classname="src.pymortests.grid" file="src/pymortests/grid.py" line="335" name="test_neighbours_not_neighbour_of_itself[&lt;lambda&gt;14]" time="0.00046539306640625"><skipped message="Suite splitting in effect" type="pytest.skip">src/pymortests/grid.py:335: Suite splitting in effect</skipped></testcase><testcase classname="src.pymortests.grid" file="src/pymortests/grid.py" line="335" name="test_neighbours_not_neighbour_of_itself[&lt;lambda&gt;15]" time="0.0004379749298095703"><skipped message="Suite splitting in effect" type="pytest.skip">src/pymortests/grid.py:335: Suite splitting in effect</skipped></testcase><testcase classname="src.pymortests.grid" file="src/pymortests/grid.py" line="335" name="test_neighbours_not_neighbour_of_itself[&lt;lambda&gt;16]" time="0.0003905296325683594"><skipped message="Suite splitting in effect" type="pytest.skip">src/pymortests/grid.py:335: Suite splitting in effect</skipped></testcase><testcase classname="src.pymortests.grid" file="src/pymortests/grid.py" line="335" name="test_neighbours_not_neighbour_of_itself[&lt;lambda&gt;17]" time="0.0004258155822753906"><skipped message="Suite splitting in effect" type="pytest.skip">src/pymortests/grid.py:335: Suite splitting in effect</skipped></testcase><testcase classname="src.pymortests.grid" file="src/pymortests/grid.py" line="335" name="test_neighbours_not_neighbour_of_itself[&lt;lambda&gt;18]" time="0.0003993511199951172"><skipped message="Suite splitting in effect" type="pytest.skip">src/pymortests/grid.py:335: Suite splitting in effect</skipped></testcase><testcase classname="src.pymortests.grid" file="src/pymortests/grid.py" line="335" name="test_neighbours_not_neighbour_of_itself[&lt;lambda&gt;19]" time="0.0004363059997558594"><skipped message="Suite splitting in effect" type="pytest.skip">src/pymortests/grid.py:335: Suite splitting in effect</skipped></testcase><testcase classname="src.pymortests.grid" file="src/pymortests/grid.py" line="335" name="test_neighbours_not_neighbour_of_itself[&lt;lambda&gt;20]" time="0.0003898143768310547"><skipped message="Suite splitting in effect" type="pytest.skip">src/pymortests/grid.py:335: Suite splitting in effect</skipped></testcase><testcase classname="src.pymortests.grid" file="src/pymortests/grid.py" line="335" name="test_neighbours_not_neighbour_of_itself[&lt;lambda&gt;21]" time="0.0004410743713378906"><skipped message="Suite splitting in effect" type="pytest.skip">src/pymortests/grid.py:335: Suite splitting in effect</skipped></testcase><testcase classname="src.pymortests.grid" file="src/pymortests/grid.py" line="335" name="test_neighbours_not_neighbour_of_itself[&lt;lambda&gt;22]" time="0.0003905296325683594"><skipped message="Suite splitting in effect" type="pytest.skip">src/pymortests/grid.py:335: Suite splitting in effect</skipped></testcase><testcase classname="src.pymortests.grid" file="src/pymortests/grid.py" line="335" name="test_neighbours_not_neighbour_of_itself[&lt;lambda&gt;23]" time="0.00042629241943359375"><skipped message="Suite splitting in effect" type="pytest.skip">src/pymortests/grid.py:335: Suite splitting in effect</skipped></testcase><testcase classname="src.pymortests.grid" file="src/pymortests/grid.py" line="335" name="test_neighbours_not_neighbour_of_itself[&lt;lambda&gt;24]" time="0.0009944438934326172"><skipped message="Suite splitting in effect" type="pytest.skip">src/pymortests/grid.py:335: Suite splitting in effect</skipped></testcase><testcase classname="src.pymortests.grid" file="src/pymortests/grid.py" line="335" name="test_neighbours_not_neighbour_of_itself[&lt;lambda&gt;25]" time="0.00041985511779785156"><skipped message="Suite splitting in effect" type="pytest.skip">src/pymortests/grid.py:335: Suite splitting in effect</skipped></testcase><testcase classname="src.pymortests.grid" file="src/pymortests/grid.py" line="335" name="test_neighbours_not_neighbour_of_itself[&lt;lambda&gt;26]" time="0.00043082237243652344"><skipped message="Suite splitting in effect" type="pytest.skip">src/pymortests/grid.py:335: Suite splitting in effect</skipped></testcase><testcase classname="src.pymortests.grid" file="src/pymortests/grid.py" line="335" name="test_neighbours_not_neighbour_of_itself[&lt;lambda&gt;27]" time="0.00041031837463378906"><skipped message="Suite splitting in effect" type="pytest.skip">src/pymortests/grid.py:335: Suite splitting in effect</skipped></testcase><testcase classname="src.pymortests.grid" file="src/pymortests/grid.py" line="335" name="test_neighbours_not_neighbour_of_itself[&lt;lambda&gt;28]" time="0.0004143714904785156"><skipped message="Suite splitting in effect" type="pytest.skip">src/pymortests/grid.py:335: Suite splitting in effect</skipped></testcase><testcase classname="src.pymortests.grid" file="src/pymortests/grid.py" line="335" name="test_neighbours_not_neighbour_of_itself[&lt;lambda&gt;29]" time="0.0004150867462158203"><skipped message="Suite splitting in effect" type="pytest.skip">src/pymortests/grid.py:335: Suite splitting in effect</skipped></testcase><testcase classname="src.pymortests.grid" file="src/pymortests/grid.py" line="335" name="test_neighbours_not_neighbour_of_itself[&lt;lambda&gt;30]" time="0.0005257129669189453"><skipped message="Suite splitting in effect" type="pytest.skip">src/pymortests/grid.py:335: Suite splitting in effect</skipped></testcase><testcase classname="src.pymortests.grid" file="src/pymortests/grid.py" line="335" name="test_neighbours_not_neighbour_of_itself[&lt;lambda&gt;31]" time="0.00040912628173828125"><skipped message="Suite splitting in effect" type="pytest.skip">src/pymortests/grid.py:335: Suite splitting in effect</skipped></testcase><testcase classname="src.pymortests.grid" file="src/pymortests/grid.py" line="335" name="test_neighbours_not_neighbour_of_itself[&lt;lambda&gt;32]" time="0.0004329681396484375"><skipped message="Suite splitting in effect" type="pytest.skip">src/pymortests/grid.py:335: Suite splitting in effect</skipped></testcase><testcase classname="src.pymortests.grid" file="src/pymortests/grid.py" line="335" name="test_neighbours_not_neighbour_of_itself[&lt;lambda&gt;33]" time="0.00040435791015625"><skipped message="Suite splitting in effect" type="pytest.skip">src/pymortests/grid.py:335: Suite splitting in effect</skipped></testcase><testcase classname="src.pymortests.grid" file="src/pymortests/grid.py" line="335" name="test_neighbours_not_neighbour_of_itself[&lt;lambda&gt;34]" time="0.0004088878631591797"><skipped message="Suite splitting in effect" type="pytest.skip">src/pymortests/grid.py:335: Suite splitting in effect</skipped></testcase><testcase classname="src.pymortests.grid" file="src/pymortests/grid.py" line="335" name="test_neighbours_not_neighbour_of_itself[&lt;lambda&gt;35]" time="0.0004222393035888672"><skipped message="Suite splitting in effect" type="pytest.skip">src/pymortests/grid.py:335: Suite splitting in effect</skipped></testcase><testcase classname="src.pymortests.grid" file="src/pymortests/grid.py" line="335" name="test_neighbours_not_neighbour_of_itself[&lt;lambda&gt;36]" time="0.000385284423828125"><skipped message="Suite splitting in effect" type="pytest.skip">src/pymortests/grid.py:335: Suite splitting in effect</skipped></testcase><testcase classname="src.pymortests.grid" file="src/pymortests/grid.py" line="335" name="test_neighbours_not_neighbour_of_itself[&lt;lambda&gt;37]" time="0.00041866302490234375"><skipped message="Suite splitting in effect" type="pytest.skip">src/pymortests/grid.py:335: Suite splitting in effect</skipped></testcase><testcase classname="src.pymortests.grid" file="src/pymortests/grid.py" line="335" name="test_neighbours_not_neighbour_of_itself[&lt;lambda&gt;38]" time="0.00038886070251464844"><skipped message="Suite splitting in effect" type="pytest.skip">src/pymortests/grid.py:335: Suite splitting in effect</skipped></testcase><testcase classname="src.pymortests.grid" file="src/pymortests/grid.py" line="335" name="test_neighbours_not_neighbour_of_itself[&lt;lambda&gt;39]" time="0.0004401206970214844"><skipped message="Suite splitting in effect" type="pytest.skip">src/pymortests/grid.py:335: Suite splitting in effect</skipped></testcase><testcase classname="src.pymortests.grid" file="src/pymortests/grid.py" line="335" name="test_neighbours_not_neighbour_of_itself[&lt;lambda&gt;40]" time="0.00041675567626953125"><skipped message="Suite splitting in effect" type="pytest.skip">src/pymortests/grid.py:335: Suite splitting in effect</skipped></testcase><testcase classname="src.pymortests.grid" file="src/pymortests/grid.py" line="335" name="test_neighbours_not_neighbour_of_itself[&lt;lambda&gt;41]" time="0.000423431396484375"><skipped message="Suite splitting in effect" type="pytest.skip">src/pymortests/grid.py:335: Suite splitting in effect</skipped></testcase><testcase classname="src.pymortests.grid" file="src/pymortests/grid.py" line="335" name="test_neighbours_not_neighbour_of_itself[&lt;lambda&gt;42]" time="0.0004048347473144531"><skipped message="Suite splitting in effect" type="pytest.skip">src/pymortests/grid.py:335: Suite splitting in effect</skipped></testcase><testcase classname="src.pymortests.grid" file="src/pymortests/grid.py" line="345" name="test_boundary_mask_wrong_arguments[&lt;lambda&gt;0]" time="0.00040602684020996094"><skipped message="Suite splitting in effect" type="pytest.skip">src/pymortests/grid.py:345: Suite splitting in effect</skipped></testcase><testcase classname="src.pymortests.grid" file="src/pymortests/grid.py" line="345" name="test_boundary_mask_wrong_arguments[&lt;lambda&gt;1]" time="0.00041174888610839844"><skipped message="Suite splitting in effect" type="pytest.skip">src/pymortests/grid.py:345: Suite splitting in effect</skipped></testcase><testcase classname="src.pymortests.grid" file="src/pymortests/grid.py" line="345" name="test_boundary_mask_wrong_arguments[&lt;lambda&gt;2]" time="0.00042939186096191406"><skipped message="Suite splitting in effect" type="pytest.skip">src/pymortests/grid.py:345: Suite splitting in effect</skipped></testcase><testcase classname="src.pymortests.grid" file="src/pymortests/grid.py" line="345" name="test_boundary_mask_wrong_arguments[&lt;lambda&gt;3]" time="0.00043272972106933594"><skipped message="Suite splitting in effect" type="pytest.skip">src/pymortests/grid.py:345: Suite splitting in effect</skipped></testcase><testcase classname="src.pymortests.grid" file="src/pymortests/grid.py" line="345" name="test_boundary_mask_wrong_arguments[&lt;lambda&gt;4]" time="0.0004200935363769531"><skipped message="Suite splitting in effect" type="pytest.skip">src/pymortests/grid.py:345: Suite splitting in effect</skipped></testcase><testcase classname="src.pymortests.grid" file="src/pymortests/grid.py" line="345" name="test_boundary_mask_wrong_arguments[&lt;lambda&gt;5]" time="0.0004436969757080078"><skipped message="Suite splitting in effect" type="pytest.skip">src/pymortests/grid.py:345: Suite splitting in effect</skipped></testcase><testcase classname="src.pymortests.grid" file="src/pymortests/grid.py" line="345" name="test_boundary_mask_wrong_arguments[&lt;lambda&gt;6]" time="0.00038933753967285156"><skipped message="Suite splitting in effect" type="pytest.skip">src/pymortests/grid.py:345: Suite splitting in effect</skipped></testcase><testcase classname="src.pymortests.grid" file="src/pymortests/grid.py" line="345" name="test_boundary_mask_wrong_arguments[&lt;lambda&gt;7]" time="0.0004229545593261719"><skipped message="Suite splitting in effect" type="pytest.skip">src/pymortests/grid.py:345: Suite splitting in effect</skipped></testcase><testcase classname="src.pymortests.grid" file="src/pymortests/grid.py" line="345" name="test_boundary_mask_wrong_arguments[&lt;lambda&gt;8]" time="0.00039315223693847656"><skipped message="Suite splitting in effect" type="pytest.skip">src/pymortests/grid.py:345: Suite splitting in effect</skipped></testcase><testcase classname="src.pymortests.grid" file="src/pymortests/grid.py" line="345" name="test_boundary_mask_wrong_arguments[&lt;lambda&gt;9]" time="0.00041365623474121094"><skipped message="Suite splitting in effect" type="pytest.skip">src/pymortests/grid.py:345: Suite splitting in effect</skipped></testcase><testcase classname="src.pymortests.grid" file="src/pymortests/grid.py" line="345" name="test_boundary_mask_wrong_arguments[&lt;lambda&gt;10]" time="0.00040221214294433594"><skipped message="Suite splitting in effect" type="pytest.skip">src/pymortests/grid.py:345: Suite splitting in effect</skipped></testcase><testcase classname="src.pymortests.grid" file="src/pymortests/grid.py" line="345" name="test_boundary_mask_wrong_arguments[&lt;lambda&gt;11]" time="0.0005025863647460938"><skipped message="Suite splitting in effect" type="pytest.skip">src/pymortests/grid.py:345: Suite splitting in effect</skipped></testcase><testcase classname="src.pymortests.grid" file="src/pymortests/grid.py" line="345" name="test_boundary_mask_wrong_arguments[&lt;lambda&gt;12]" time="0.00042939186096191406"><skipped message="Suite splitting in effect" type="pytest.skip">src/pymortests/grid.py:345: Suite splitting in effect</skipped></testcase><testcase classname="src.pymortests.grid" file="src/pymortests/grid.py" line="345" name="test_boundary_mask_wrong_arguments[&lt;lambda&gt;13]" time="0.0004177093505859375"><skipped message="Suite splitting in effect" type="pytest.skip">src/pymortests/grid.py:345: Suite splitting in effect</skipped></testcase><testcase classname="src.pymortests.grid" file="src/pymortests/grid.py" line="345" name="test_boundary_mask_wrong_arguments[&lt;lambda&gt;14]" time="0.0004055500030517578"><skipped message="Suite splitting in effect" type="pytest.skip">src/pymortests/grid.py:345: Suite splitting in effect</skipped></testcase><testcase classname="src.pymortests.grid" file="src/pymortests/grid.py" line="345" name="test_boundary_mask_wrong_arguments[&lt;lambda&gt;15]" time="0.00041365623474121094"><skipped message="Suite splitting in effect" type="pytest.skip">src/pymortests/grid.py:345: Suite splitting in effect</skipped></testcase><testcase classname="src.pymortests.grid" file="src/pymortests/grid.py" line="345" name="test_boundary_mask_wrong_arguments[&lt;lambda&gt;16]" time="0.00041747093200683594"><skipped message="Suite splitting in effect" type="pytest.skip">src/pymortests/grid.py:345: Suite splitting in effect</skipped></testcase><testcase classname="src.pymortests.grid" file="src/pymortests/grid.py" line="345" name="test_boundary_mask_wrong_arguments[&lt;lambda&gt;17]" time="0.00041174888610839844"><skipped message="Suite splitting in effect" type="pytest.skip">src/pymortests/grid.py:345: Suite splitting in effect</skipped></testcase><testcase classname="src.pymortests.grid" file="src/pymortests/grid.py" line="345" name="test_boundary_mask_wrong_arguments[&lt;lambda&gt;18]" time="0.0003933906555175781"><skipped message="Suite splitting in effect" type="pytest.skip">src/pymortests/grid.py:345: Suite splitting in effect</skipped></testcase><testcase classname="src.pymortests.grid" file="src/pymortests/grid.py" line="345" name="test_boundary_mask_wrong_arguments[&lt;lambda&gt;19]" time="0.0004258155822753906"><skipped message="Suite splitting in effect" type="pytest.skip">src/pymortests/grid.py:345: Suite splitting in effect</skipped></testcase><testcase classname="src.pymortests.grid" file="src/pymortests/grid.py" line="345" name="test_boundary_mask_wrong_arguments[&lt;lambda&gt;20]" time="0.0003933906555175781"><skipped message="Suite splitting in effect" type="pytest.skip">src/pymortests/grid.py:345: Suite splitting in effect</skipped></testcase><testcase classname="src.pymortests.grid" file="src/pymortests/grid.py" line="345" name="test_boundary_mask_wrong_arguments[&lt;lambda&gt;21]" time="0.0004019737243652344"><skipped message="Suite splitting in effect" type="pytest.skip">src/pymortests/grid.py:345: Suite splitting in effect</skipped></testcase><testcase classname="src.pymortests.grid" file="src/pymortests/grid.py" line="345" name="test_boundary_mask_wrong_arguments[&lt;lambda&gt;22]" time="0.0004093647003173828"><skipped message="Suite splitting in effect" type="pytest.skip">src/pymortests/grid.py:345: Suite splitting in effect</skipped></testcase><testcase classname="src.pymortests.grid" file="src/pymortests/grid.py" line="345" name="test_boundary_mask_wrong_arguments[&lt;lambda&gt;23]" time="0.00043010711669921875"><skipped message="Suite splitting in effect" type="pytest.skip">src/pymortests/grid.py:345: Suite splitting in effect</skipped></testcase><testcase classname="src.pymortests.grid" file="src/pymortests/grid.py" line="345" name="test_boundary_mask_wrong_arguments[&lt;lambda&gt;24]" time="0.0004038810729980469"><skipped message="Suite splitting in effect" type="pytest.skip">src/pymortests/grid.py:345: Suite splitting in effect</skipped></testcase><testcase classname="src.pymortests.grid" file="src/pymortests/grid.py" line="345" name="test_boundary_mask_wrong_arguments[&lt;lambda&gt;25]" time="0.00041484832763671875"><skipped message="Suite splitting in effect" type="pytest.skip">src/pymortests/grid.py:345: Suite splitting in effect</skipped></testcase><testcase classname="src.pymortests.grid" file="src/pymortests/grid.py" line="345" name="test_boundary_mask_wrong_arguments[&lt;lambda&gt;26]" time="0.0003905296325683594"><skipped message="Suite splitting in effect" type="pytest.skip">src/pymortests/grid.py:345: Suite splitting in effect</skipped></testcase><testcase classname="src.pymortests.grid" file="src/pymortests/grid.py" line="345" name="test_boundary_mask_wrong_arguments[&lt;lambda&gt;27]" time="0.0004203319549560547"><skipped message="Suite splitting in effect" type="pytest.skip">src/pymortests/grid.py:345: Suite splitting in effect</skipped></testcase><testcase classname="src.pymortests.grid" file="src/pymortests/grid.py" line="345" name="test_boundary_mask_wrong_arguments[&lt;lambda&gt;28]" time="0.0003993511199951172"><skipped message="Suite splitting in effect" type="pytest.skip">src/pymortests/grid.py:345: Suite splitting in effect</skipped></testcase><testcase classname="src.pymortests.grid" file="src/pymortests/grid.py" line="345" name="test_boundary_mask_wrong_arguments[&lt;lambda&gt;29]" time="0.00041794776916503906"><skipped message="Suite splitting in effect" type="pytest.skip">src/pymortests/grid.py:345: Suite splitting in effect</skipped></testcase><testcase classname="src.pymortests.grid" file="src/pymortests/grid.py" line="345" name="test_boundary_mask_wrong_arguments[&lt;lambda&gt;30]" time="0.0004398822784423828"><skipped message="Suite splitting in effect" type="pytest.skip">src/pymortests/grid.py:345: Suite splitting in effect</skipped></testcase><testcase classname="src.pymortests.grid" file="src/pymortests/grid.py" line="345" name="test_boundary_mask_wrong_arguments[&lt;lambda&gt;31]" time="0.00043010711669921875"><skipped message="Suite splitting in effect" type="pytest.skip">src/pymortests/grid.py:345: Suite splitting in effect</skipped></testcase><testcase classname="src.pymortests.grid" file="src/pymortests/grid.py" line="345" name="test_boundary_mask_wrong_arguments[&lt;lambda&gt;32]" time="0.00041103363037109375"><skipped message="Suite splitting in effect" type="pytest.skip">src/pymortests/grid.py:345: Suite splitting in effect</skipped></testcase><testcase classname="src.pymortests.grid" file="src/pymortests/grid.py" line="345" name="test_boundary_mask_wrong_arguments[&lt;lambda&gt;33]" time="0.00040268898010253906"><skipped message="Suite splitting in effect" type="pytest.skip">src/pymortests/grid.py:345: Suite splitting in effect</skipped></testcase><testcase classname="src.pymortests.grid" file="src/pymortests/grid.py" line="345" name="test_boundary_mask_wrong_arguments[&lt;lambda&gt;34]" time="0.0004322528839111328"><skipped message="Suite splitting in effect" type="pytest.skip">src/pymortests/grid.py:345: Suite splitting in effect</skipped></testcase><testcase classname="src.pymortests.grid" file="src/pymortests/grid.py" line="345" name="test_boundary_mask_wrong_arguments[&lt;lambda&gt;35]" time="0.0003910064697265625"><skipped message="Suite splitting in effect" type="pytest.skip">src/pymortests/grid.py:345: Suite splitting in effect</skipped></testcase><testcase classname="src.pymortests.grid" file="src/pymortests/grid.py" line="345" name="test_boundary_mask_wrong_arguments[&lt;lambda&gt;36]" time="0.00041413307189941406"><skipped message="Suite splitting in effect" type="pytest.skip">src/pymortests/grid.py:345: Suite splitting in effect</skipped></testcase><testcase classname="src.pymortests.grid" file="src/pymortests/grid.py" line="345" name="test_boundary_mask_wrong_arguments[&lt;lambda&gt;37]" time="0.0004029273986816406"><skipped message="Suite splitting in effect" type="pytest.skip">src/pymortests/grid.py:345: Suite splitting in effect</skipped></testcase><testcase classname="src.pymortests.grid" file="src/pymortests/grid.py" line="345" name="test_boundary_mask_wrong_arguments[&lt;lambda&gt;38]" time="0.00040984153747558594"><skipped message="Suite splitting in effect" type="pytest.skip">src/pymortests/grid.py:345: Suite splitting in effect</skipped></testcase><testcase classname="src.pymortests.grid" file="src/pymortests/grid.py" line="345" name="test_boundary_mask_wrong_arguments[&lt;lambda&gt;39]" time="0.000400543212890625"><skipped message="Suite splitting in effect" type="pytest.skip">src/pymortests/grid.py:345: Suite splitting in effect</skipped></testcase><testcase classname="src.pymortests.grid" file="src/pymortests/grid.py" line="345" name="test_boundary_mask_wrong_arguments[&lt;lambda&gt;40]" time="0.00040650367736816406"><skipped message="Suite splitting in effect" type="pytest.skip">src/pymortests/grid.py:345: Suite splitting in effect</skipped></testcase><testcase classname="src.pymortests.grid" file="src/pymortests/grid.py" line="345" name="test_boundary_mask_wrong_arguments[&lt;lambda&gt;41]" time="0.00041174888610839844"><skipped message="Suite splitting in effect" type="pytest.skip">src/pymortests/grid.py:345: Suite splitting in effect</skipped></testcase><testcase classname="src.pymortests.grid" file="src/pymortests/grid.py" line="345" name="test_boundary_mask_wrong_arguments[&lt;lambda&gt;42]" time="0.00040531158447265625"><skipped message="Suite splitting in effect" type="pytest.skip">src/pymortests/grid.py:345: Suite splitting in effect</skipped></testcase><testcase classname="src.pymortests.grid" file="src/pymortests/grid.py" line="353" name="test_boundary_mask_shape[&lt;lambda&gt;0]" time="0.0004036426544189453"><skipped message="Suite splitting in effect" type="pytest.skip">src/pymortests/grid.py:353: Suite splitting in effect</skipped></testcase><testcase classname="src.pymortests.grid" file="src/pymortests/grid.py" line="353" name="test_boundary_mask_shape[&lt;lambda&gt;1]" time="0.00043320655822753906"><skipped message="Suite splitting in effect" type="pytest.skip">src/pymortests/grid.py:353: Suite splitting in effect</skipped></testcase><testcase classname="src.pymortests.grid" file="src/pymortests/grid.py" line="353" name="test_boundary_mask_shape[&lt;lambda&gt;2]" time="0.00038695335388183594"><skipped message="Suite splitting in effect" type="pytest.skip">src/pymortests/grid.py:353: Suite splitting in effect</skipped></testcase><testcase classname="src.pymortests.grid" file="src/pymortests/grid.py" line="353" name="test_boundary_mask_shape[&lt;lambda&gt;3]" time="0.00042510032653808594"><skipped message="Suite splitting in effect" type="pytest.skip">src/pymortests/grid.py:353: Suite splitting in effect</skipped></testcase><testcase classname="src.pymortests.grid" file="src/pymortests/grid.py" line="353" name="test_boundary_mask_shape[&lt;lambda&gt;4]" time="0.00038933753967285156"><skipped message="Suite splitting in effect" type="pytest.skip">src/pymortests/grid.py:353: Suite splitting in effect</skipped></testcase><testcase classname="src.pymortests.grid" file="src/pymortests/grid.py" line="353" name="test_boundary_mask_shape[&lt;lambda&gt;5]" time="0.0004057884216308594"><skipped message="Suite splitting in effect" type="pytest.skip">src/pymortests/grid.py:353: Suite splitting in effect</skipped></testcase><testcase classname="src.pymortests.grid" file="src/pymortests/grid.py" line="353" name="test_boundary_mask_shape[&lt;lambda&gt;6]" time="0.0004024505615234375"><skipped message="Suite splitting in effect" type="pytest.skip">src/pymortests/grid.py:353: Suite splitting in effect</skipped></testcase><testcase classname="src.pymortests.grid" file="src/pymortests/grid.py" line="353" name="test_boundary_mask_shape[&lt;lambda&gt;7]" time="0.0005731582641601562"><skipped message="Suite splitting in effect" type="pytest.skip">src/pymortests/grid.py:353: Suite splitting in effect</skipped></testcase><testcase classname="src.pymortests.grid" file="src/pymortests/grid.py" line="353" name="test_boundary_mask_shape[&lt;lambda&gt;8]" time="0.00038814544677734375"><skipped message="Suite splitting in effect" type="pytest.skip">src/pymortests/grid.py:353: Suite splitting in effect</skipped></testcase><testcase classname="src.pymortests.grid" file="src/pymortests/grid.py" line="353" name="test_boundary_mask_shape[&lt;lambda&gt;9]" time="0.0004210472106933594"><skipped message="Suite splitting in effect" type="pytest.skip">src/pymortests/grid.py:353: Suite splitting in effect</skipped></testcase><testcase classname="src.pymortests.grid" file="src/pymortests/grid.py" line="353" name="test_boundary_mask_shape[&lt;lambda&gt;10]" time="0.0004093647003173828"><skipped message="Suite splitting in effect" type="pytest.skip">src/pymortests/grid.py:353: Suite splitting in effect</skipped></testcase><testcase classname="src.pymortests.grid" file="src/pymortests/grid.py" line="353" name="test_boundary_mask_shape[&lt;lambda&gt;11]" time="0.0003902912139892578"><skipped message="Suite splitting in effect" type="pytest.skip">src/pymortests/grid.py:353: Suite splitting in effect</skipped></testcase><testcase classname="src.pymortests.grid" file="src/pymortests/grid.py" line="353" name="test_boundary_mask_shape[&lt;lambda&gt;12]" time="0.0004303455352783203"><skipped message="Suite splitting in effect" type="pytest.skip">src/pymortests/grid.py:353: Suite splitting in effect</skipped></testcase><testcase classname="src.pymortests.grid" file="src/pymortests/grid.py" line="353" name="test_boundary_mask_shape[&lt;lambda&gt;13]" time="0.00044608116149902344"><skipped message="Suite splitting in effect" type="pytest.skip">src/pymortests/grid.py:353: Suite splitting in effect</skipped></testcase><testcase classname="src.pymortests.grid" file="src/pymortests/grid.py" line="353" name="test_boundary_mask_shape[&lt;lambda&gt;14]" time="0.00039386749267578125"><skipped message="Suite splitting in effect" type="pytest.skip">src/pymortests/grid.py:353: Suite splitting in effect</skipped></testcase><testcase classname="src.pymortests.grid" file="src/pymortests/grid.py" line="353" name="test_boundary_mask_shape[&lt;lambda&gt;15]" time="0.00041937828063964844"><skipped message="Suite splitting in effect" type="pytest.skip">src/pymortests/grid.py:353: Suite splitting in effect</skipped></testcase><testcase classname="src.pymortests.grid" file="src/pymortests/grid.py" line="353" name="test_boundary_mask_shape[&lt;lambda&gt;16]" time="0.00041747093200683594"><skipped message="Suite splitting in effect" type="pytest.skip">src/pymortests/grid.py:353: Suite splitting in effect</skipped></testcase><testcase classname="src.pymortests.grid" file="src/pymortests/grid.py" line="353" name="test_boundary_mask_shape[&lt;lambda&gt;17]" time="0.0003936290740966797"><skipped message="Suite splitting in effect" type="pytest.skip">src/pymortests/grid.py:353: Suite splitting in effect</skipped></testcase><testcase classname="src.pymortests.grid" file="src/pymortests/grid.py" line="353" name="test_boundary_mask_shape[&lt;lambda&gt;18]" time="0.0004131793975830078"><skipped message="Suite splitting in effect" type="pytest.skip">src/pymortests/grid.py:353: Suite splitting in effect</skipped></testcase><testcase classname="src.pymortests.grid" file="src/pymortests/grid.py" line="353" name="test_boundary_mask_shape[&lt;lambda&gt;19]" time="0.0003924369812011719"><skipped message="Suite splitting in effect" type="pytest.skip">src/pymortests/grid.py:353: Suite splitting in effect</skipped></testcase><testcase classname="src.pymortests.grid" file="src/pymortests/grid.py" line="353" name="test_boundary_mask_shape[&lt;lambda&gt;20]" time="0.00044989585876464844"><skipped message="Suite splitting in effect" type="pytest.skip">src/pymortests/grid.py:353: Suite splitting in effect</skipped></testcase><testcase classname="src.pymortests.grid" file="src/pymortests/grid.py" line="353" name="test_boundary_mask_shape[&lt;lambda&gt;21]" time="0.00038909912109375"><skipped message="Suite splitting in effect" type="pytest.skip">src/pymortests/grid.py:353: Suite splitting in effect</skipped></testcase><testcase classname="src.pymortests.grid" file="src/pymortests/grid.py" line="353" name="test_boundary_mask_shape[&lt;lambda&gt;22]" time="0.00046133995056152344"><skipped message="Suite splitting in effect" type="pytest.skip">src/pymortests/grid.py:353: Suite splitting in effect</skipped></testcase><testcase classname="src.pymortests.grid" file="src/pymortests/grid.py" line="353" name="test_boundary_mask_shape[&lt;lambda&gt;23]" time="0.0003905296325683594"><skipped message="Suite splitting in effect" type="pytest.skip">src/pymortests/grid.py:353: Suite splitting in effect</skipped></testcase><testcase classname="src.pymortests.grid" file="src/pymortests/grid.py" line="353" name="test_boundary_mask_shape[&lt;lambda&gt;24]" time="0.0004673004150390625"><skipped message="Suite splitting in effect" type="pytest.skip">src/pymortests/grid.py:353: Suite splitting in effect</skipped></testcase><testcase classname="src.pymortests.grid" file="src/pymortests/grid.py" line="353" name="test_boundary_mask_shape[&lt;lambda&gt;25]" time="0.00039577484130859375"><skipped message="Suite splitting in effect" type="pytest.skip">src/pymortests/grid.py:353: Suite splitting in effect</skipped></testcase><testcase classname="src.pymortests.grid" file="src/pymortests/grid.py" line="353" name="test_boundary_mask_shape[&lt;lambda&gt;26]" time="0.00040030479431152344"><skipped message="Suite splitting in effect" type="pytest.skip">src/pymortests/grid.py:353: Suite splitting in effect</skipped></testcase><testcase classname="src.pymortests.grid" file="src/pymortests/grid.py" line="353" name="test_boundary_mask_shape[&lt;lambda&gt;27]" time="0.0004107952117919922"><skipped message="Suite splitting in effect" type="pytest.skip">src/pymortests/grid.py:353: Suite splitting in effect</skipped></testcase><testcase classname="src.pymortests.grid" file="src/pymortests/grid.py" line="353" name="test_boundary_mask_shape[&lt;lambda&gt;28]" time="0.0004050731658935547"><skipped message="Suite splitting in effect" type="pytest.skip">src/pymortests/grid.py:353: Suite splitting in effect</skipped></testcase><testcase classname="src.pymortests.grid" file="src/pymortests/grid.py" line="353" name="test_boundary_mask_shape[&lt;lambda&gt;29]" time="0.00040984153747558594"><skipped message="Suite splitting in effect" type="pytest.skip">src/pymortests/grid.py:353: Suite splitting in effect</skipped></testcase><testcase classname="src.pymortests.grid" file="src/pymortests/grid.py" line="353" name="test_boundary_mask_shape[&lt;lambda&gt;30]" time="0.00042819976806640625"><skipped message="Suite splitting in effect" type="pytest.skip">src/pymortests/grid.py:353: Suite splitting in effect</skipped></testcase><testcase classname="src.pymortests.grid" file="src/pymortests/grid.py" line="353" name="test_boundary_mask_shape[&lt;lambda&gt;31]" time="0.0004105567932128906"><skipped message="Suite splitting in effect" type="pytest.skip">src/pymortests/grid.py:353: Suite splitting in effect</skipped></testcase><testcase classname="src.pymortests.grid" file="src/pymortests/grid.py" line="353" name="test_boundary_mask_shape[&lt;lambda&gt;32]" time="0.0004119873046875"><skipped message="Suite splitting in effect" type="pytest.skip">src/pymortests/grid.py:353: Suite splitting in effect</skipped></testcase><testcase classname="src.pymortests.grid" file="src/pymortests/grid.py" line="353" name="test_boundary_mask_shape[&lt;lambda&gt;33]" time="0.0007205009460449219"><skipped message="Suite splitting in effect" type="pytest.skip">src/pymortests/grid.py:353: Suite splitting in effect</skipped></testcase><testcase classname="src.pymortests.grid" file="src/pymortests/grid.py" line="353" name="test_boundary_mask_shape[&lt;lambda&gt;34]" time="0.0004069805145263672"><skipped message="Suite splitting in effect" type="pytest.skip">src/pymortests/grid.py:353: Suite splitting in effect</skipped></testcase><testcase classname="src.pymortests.grid" file="src/pymortests/grid.py" line="353" name="test_boundary_mask_shape[&lt;lambda&gt;35]" time="0.0004100799560546875"><skipped message="Suite splitting in effect" type="pytest.skip">src/pymortests/grid.py:353: Suite splitting in effect</skipped></testcase><testcase classname="src.pymortests.grid" file="src/pymortests/grid.py" line="353" name="test_boundary_mask_shape[&lt;lambda&gt;36]" time="0.0004069805145263672"><skipped message="Suite splitting in effect" type="pytest.skip">src/pymortests/grid.py:353: Suite splitting in effect</skipped></testcase><testcase classname="src.pymortests.grid" file="src/pymortests/grid.py" line="353" name="test_boundary_mask_shape[&lt;lambda&gt;37]" time="0.00040721893310546875"><skipped message="Suite splitting in effect" type="pytest.skip">src/pymortests/grid.py:353: Suite splitting in effect</skipped></testcase><testcase classname="src.pymortests.grid" file="src/pymortests/grid.py" line="353" name="test_boundary_mask_shape[&lt;lambda&gt;38]" time="0.0004019737243652344"><skipped message="Suite splitting in effect" type="pytest.skip">src/pymortests/grid.py:353: Suite splitting in effect</skipped></testcase><testcase classname="src.pymortests.grid" file="src/pymortests/grid.py" line="353" name="test_boundary_mask_shape[&lt;lambda&gt;39]" time="0.0004096031188964844"><skipped message="Suite splitting in effect" type="pytest.skip">src/pymortests/grid.py:353: Suite splitting in effect</skipped></testcase><testcase classname="src.pymortests.grid" file="src/pymortests/grid.py" line="353" name="test_boundary_mask_shape[&lt;lambda&gt;40]" time="0.0004379749298095703"><skipped message="Suite splitting in effect" type="pytest.skip">src/pymortests/grid.py:353: Suite splitting in effect</skipped></testcase><testcase classname="src.pymortests.grid" file="src/pymortests/grid.py" line="353" name="test_boundary_mask_shape[&lt;lambda&gt;41]" time="0.0004088878631591797"><skipped message="Suite splitting in effect" type="pytest.skip">src/pymortests/grid.py:353: Suite splitting in effect</skipped></testcase><testcase classname="src.pymortests.grid" file="src/pymortests/grid.py" line="353" name="test_boundary_mask_shape[&lt;lambda&gt;42]" time="0.0004069805145263672"><skipped message="Suite splitting in effect" type="pytest.skip">src/pymortests/grid.py:353: Suite splitting in effect</skipped></testcase><testcase classname="src.pymortests.grid" file="src/pymortests/grid.py" line="359" name="test_boundary_mask_dtype[&lt;lambda&gt;0]" time="0.00042700767517089844"><skipped message="Suite splitting in effect" type="pytest.skip">src/pymortests/grid.py:359: Suite splitting in effect</skipped></testcase><testcase classname="src.pymortests.grid" file="src/pymortests/grid.py" line="359" name="test_boundary_mask_dtype[&lt;lambda&gt;1]" time="0.0003859996795654297"><skipped message="Suite splitting in effect" type="pytest.skip">src/pymortests/grid.py:359: Suite splitting in effect</skipped></testcase><testcase classname="src.pymortests.grid" file="src/pymortests/grid.py" line="359" name="test_boundary_mask_dtype[&lt;lambda&gt;2]" time="0.00041747093200683594"><skipped message="Suite splitting in effect" type="pytest.skip">src/pymortests/grid.py:359: Suite splitting in effect</skipped></testcase><testcase classname="src.pymortests.grid" file="src/pymortests/grid.py" line="359" name="test_boundary_mask_dtype[&lt;lambda&gt;3]" time="0.0003905296325683594"><skipped message="Suite splitting in effect" type="pytest.skip">src/pymortests/grid.py:359: Suite splitting in effect</skipped></testcase><testcase classname="src.pymortests.grid" file="src/pymortests/grid.py" line="359" name="test_boundary_mask_dtype[&lt;lambda&gt;4]" time="0.00041365623474121094"><skipped message="Suite splitting in effect" type="pytest.skip">src/pymortests/grid.py:359: Suite splitting in effect</skipped></testcase><testcase classname="src.pymortests.grid" file="src/pymortests/grid.py" line="359" name="test_boundary_mask_dtype[&lt;lambda&gt;5]" time="0.0004000663757324219"><skipped message="Suite splitting in effect" type="pytest.skip">src/pymortests/grid.py:359: Suite splitting in effect</skipped></testcase><testcase classname="src.pymortests.grid" file="src/pymortests/grid.py" line="359" name="test_boundary_mask_dtype[&lt;lambda&gt;6]" time="0.0004067420959472656"><skipped message="Suite splitting in effect" type="pytest.skip">src/pymortests/grid.py:359: Suite splitting in effect</skipped></testcase><testcase classname="src.pymortests.grid" file="src/pymortests/grid.py" line="359" name="test_boundary_mask_dtype[&lt;lambda&gt;7]" time="0.0004036426544189453"><skipped message="Suite splitting in effect" type="pytest.skip">src/pymortests/grid.py:359: Suite splitting in effect</skipped></testcase><testcase classname="src.pymortests.grid" file="src/pymortests/grid.py" line="359" name="test_boundary_mask_dtype[&lt;lambda&gt;8]" time="0.00040268898010253906"><skipped message="Suite splitting in effect" type="pytest.skip">src/pymortests/grid.py:359: Suite splitting in effect</skipped></testcase><testcase classname="src.pymortests.grid" file="src/pymortests/grid.py" line="359" name="test_boundary_mask_dtype[&lt;lambda&gt;9]" time="0.00039577484130859375"><skipped message="Suite splitting in effect" type="pytest.skip">src/pymortests/grid.py:359: Suite splitting in effect</skipped></testcase><testcase classname="src.pymortests.grid" file="src/pymortests/grid.py" line="359" name="test_boundary_mask_dtype[&lt;lambda&gt;10]" time="0.0004038810729980469"><skipped message="Suite splitting in effect" type="pytest.skip">src/pymortests/grid.py:359: Suite splitting in effect</skipped></testcase><testcase classname="src.pymortests.grid" file="src/pymortests/grid.py" line="359" name="test_boundary_mask_dtype[&lt;lambda&gt;11]" time="0.0004191398620605469"><skipped message="Suite splitting in effect" type="pytest.skip">src/pymortests/grid.py:359: Suite splitting in effect</skipped></testcase><testcase classname="src.pymortests.grid" file="src/pymortests/grid.py" line="359" name="test_boundary_mask_dtype[&lt;lambda&gt;12]" time="0.0004203319549560547"><skipped message="Suite splitting in effect" type="pytest.skip">src/pymortests/grid.py:359: Suite splitting in effect</skipped></testcase><testcase classname="src.pymortests.grid" file="src/pymortests/grid.py" line="359" name="test_boundary_mask_dtype[&lt;lambda&gt;13]" time="0.00044035911560058594"><skipped message="Suite splitting in effect" type="pytest.skip">src/pymortests/grid.py:359: Suite splitting in effect</skipped></testcase><testcase classname="src.pymortests.grid" file="src/pymortests/grid.py" line="359" name="test_boundary_mask_dtype[&lt;lambda&gt;14]" time="0.00038695335388183594"><skipped message="Suite splitting in effect" type="pytest.skip">src/pymortests/grid.py:359: Suite splitting in effect</skipped></testcase><testcase classname="src.pymortests.grid" file="src/pymortests/grid.py" line="359" name="test_boundary_mask_dtype[&lt;lambda&gt;15]" time="0.00042319297790527344"><skipped message="Suite splitting in effect" type="pytest.skip">src/pymortests/grid.py:359: Suite splitting in effect</skipped></testcase><testcase classname="src.pymortests.grid" file="src/pymortests/grid.py" line="359" name="test_boundary_mask_dtype[&lt;lambda&gt;16]" time="0.00038695335388183594"><skipped message="Suite splitting in effect" type="pytest.skip">src/pymortests/grid.py:359: Suite splitting in effect</skipped></testcase><testcase classname="src.pymortests.grid" file="src/pymortests/grid.py" line="359" name="test_boundary_mask_dtype[&lt;lambda&gt;17]" time="0.00041985511779785156"><skipped message="Suite splitting in effect" type="pytest.skip">src/pymortests/grid.py:359: Suite splitting in effect</skipped></testcase><testcase classname="src.pymortests.grid" file="src/pymortests/grid.py" line="359" name="test_boundary_mask_dtype[&lt;lambda&gt;18]" time="0.0003883838653564453"><skipped message="Suite splitting in effect" type="pytest.skip">src/pymortests/grid.py:359: Suite splitting in effect</skipped></testcase><testcase classname="src.pymortests.grid" file="src/pymortests/grid.py" line="359" name="test_boundary_mask_dtype[&lt;lambda&gt;19]" time="0.000423431396484375"><skipped message="Suite splitting in effect" type="pytest.skip">src/pymortests/grid.py:359: Suite splitting in effect</skipped></testcase><testcase classname="src.pymortests.grid" file="src/pymortests/grid.py" line="359" name="test_boundary_mask_dtype[&lt;lambda&gt;20]" time="0.0003986358642578125"><skipped message="Suite splitting in effect" type="pytest.skip">src/pymortests/grid.py:359: Suite splitting in effect</skipped></testcase><testcase classname="src.pymortests.grid" file="src/pymortests/grid.py" line="359" name="test_boundary_mask_dtype[&lt;lambda&gt;21]" time="0.0004105567932128906"><skipped message="Suite splitting in effect" type="pytest.skip">src/pymortests/grid.py:359: Suite splitting in effect</skipped></testcase><testcase classname="src.pymortests.grid" file="src/pymortests/grid.py" line="359" name="test_boundary_mask_dtype[&lt;lambda&gt;22]" time="0.0004146099090576172"><skipped message="Suite splitting in effect" type="pytest.skip">src/pymortests/grid.py:359: Suite splitting in effect</skipped></testcase><testcase classname="src.pymortests.grid" file="src/pymortests/grid.py" line="359" name="test_boundary_mask_dtype[&lt;lambda&gt;23]" time="0.00039076805114746094"><skipped message="Suite splitting in effect" type="pytest.skip">src/pymortests/grid.py:359: Suite splitting in effect</skipped></testcase><testcase classname="src.pymortests.grid" file="src/pymortests/grid.py" line="359" name="test_boundary_mask_dtype[&lt;lambda&gt;24]" time="0.00047898292541503906"><skipped message="Suite splitting in effect" type="pytest.skip">src/pymortests/grid.py:359: Suite splitting in effect</skipped></testcase><testcase classname="src.pymortests.grid" file="src/pymortests/grid.py" line="359" name="test_boundary_mask_dtype[&lt;lambda&gt;25]" time="0.000392913818359375"><skipped message="Suite splitting in effect" type="pytest.skip">src/pymortests/grid.py:359: Suite splitting in effect</skipped></testcase><testcase classname="src.pymortests.grid" file="src/pymortests/grid.py" line="359" name="test_boundary_mask_dtype[&lt;lambda&gt;26]" time="0.00041294097900390625"><skipped message="Suite splitting in effect" type="pytest.skip">src/pymortests/grid.py:359: Suite splitting in effect</skipped></testcase><testcase classname="src.pymortests.grid" file="src/pymortests/grid.py" line="359" name="test_boundary_mask_dtype[&lt;lambda&gt;27]" time="0.00040149688720703125"><skipped message="Suite splitting in effect" type="pytest.skip">src/pymortests/grid.py:359: Suite splitting in effect</skipped></testcase><testcase classname="src.pymortests.grid" file="src/pymortests/grid.py" line="359" name="test_boundary_mask_dtype[&lt;lambda&gt;28]" time="0.00042366981506347656"><skipped message="Suite splitting in effect" type="pytest.skip">src/pymortests/grid.py:359: Suite splitting in effect</skipped></testcase><testcase classname="src.pymortests.grid" file="src/pymortests/grid.py" line="359" name="test_boundary_mask_dtype[&lt;lambda&gt;29]" time="0.0004620552062988281"><skipped message="Suite splitting in effect" type="pytest.skip">src/pymortests/grid.py:359: Suite splitting in effect</skipped></testcase><testcase classname="src.pymortests.grid" file="src/pymortests/grid.py" line="359" name="test_boundary_mask_dtype[&lt;lambda&gt;30]" time="0.0003898143768310547"><skipped message="Suite splitting in effect" type="pytest.skip">src/pymortests/grid.py:359: Suite splitting in effect</skipped></testcase><testcase classname="src.pymortests.grid" file="src/pymortests/grid.py" line="359" name="test_boundary_mask_dtype[&lt;lambda&gt;31]" time="0.00043845176696777344"><skipped message="Suite splitting in effect" type="pytest.skip">src/pymortests/grid.py:359: Suite splitting in effect</skipped></testcase><testcase classname="src.pymortests.grid" file="src/pymortests/grid.py" line="359" name="test_boundary_mask_dtype[&lt;lambda&gt;32]" time="0.0003902912139892578"><skipped message="Suite splitting in effect" type="pytest.skip">src/pymortests/grid.py:359: Suite splitting in effect</skipped></testcase><testcase classname="src.pymortests.grid" file="src/pymortests/grid.py" line="359" name="test_boundary_mask_dtype[&lt;lambda&gt;33]" time="0.00040149688720703125"><skipped message="Suite splitting in effect" type="pytest.skip">src/pymortests/grid.py:359: Suite splitting in effect</skipped></testcase><testcase classname="src.pymortests.grid" file="src/pymortests/grid.py" line="359" name="test_boundary_mask_dtype[&lt;lambda&gt;34]" time="0.0003960132598876953"><skipped message="Suite splitting in effect" type="pytest.skip">src/pymortests/grid.py:359: Suite splitting in effect</skipped></testcase><testcase classname="src.pymortests.grid" file="src/pymortests/grid.py" line="359" name="test_boundary_mask_dtype[&lt;lambda&gt;35]" time="0.0004093647003173828"><skipped message="Suite splitting in effect" type="pytest.skip">src/pymortests/grid.py:359: Suite splitting in effect</skipped></testcase><testcase classname="src.pymortests.grid" file="src/pymortests/grid.py" line="359" name="test_boundary_mask_dtype[&lt;lambda&gt;36]" time="0.00043082237243652344"><skipped message="Suite splitting in effect" type="pytest.skip">src/pymortests/grid.py:359: Suite splitting in effect</skipped></testcase><testcase classname="src.pymortests.grid" file="src/pymortests/grid.py" line="359" name="test_boundary_mask_dtype[&lt;lambda&gt;37]" time="0.00043010711669921875"><skipped message="Suite splitting in effect" type="pytest.skip">src/pymortests/grid.py:359: Suite splitting in effect</skipped></testcase><testcase classname="src.pymortests.grid" file="src/pymortests/grid.py" line="359" name="test_boundary_mask_dtype[&lt;lambda&gt;38]" time="0.0004100799560546875"><skipped message="Suite splitting in effect" type="pytest.skip">src/pymortests/grid.py:359: Suite splitting in effect</skipped></testcase><testcase classname="src.pymortests.grid" file="src/pymortests/grid.py" line="359" name="test_boundary_mask_dtype[&lt;lambda&gt;39]" time="0.0004286766052246094"><skipped message="Suite splitting in effect" type="pytest.skip">src/pymortests/grid.py:359: Suite splitting in effect</skipped></testcase><testcase classname="src.pymortests.grid" file="src/pymortests/grid.py" line="359" name="test_boundary_mask_dtype[&lt;lambda&gt;40]" time="0.0004057884216308594"><skipped message="Suite splitting in effect" type="pytest.skip">src/pymortests/grid.py:359: Suite splitting in effect</skipped></testcase><testcase classname="src.pymortests.grid" file="src/pymortests/grid.py" line="359" name="test_boundary_mask_dtype[&lt;lambda&gt;41]" time="0.00043129920959472656"><skipped message="Suite splitting in effect" type="pytest.skip">src/pymortests/grid.py:359: Suite splitting in effect</skipped></testcase><testcase classname="src.pymortests.grid" file="src/pymortests/grid.py" line="359" name="test_boundary_mask_dtype[&lt;lambda&gt;42]" time="0.00043392181396484375"><skipped message="Suite splitting in effect" type="pytest.skip">src/pymortests/grid.py:359: Suite splitting in effect</skipped></testcase><testcase classname="src.pymortests.grid" file="src/pymortests/grid.py" line="365" name="test_boundary_mask_entries_codim1[&lt;lambda&gt;0]" time="0.0004229545593261719"><skipped message="Suite splitting in effect" type="pytest.skip">src/pymortests/grid.py:365: Suite splitting in effect</skipped></testcase><testcase classname="src.pymortests.grid" file="src/pymortests/grid.py" line="365" name="test_boundary_mask_entries_codim1[&lt;lambda&gt;1]" time="0.0004220008850097656"><skipped message="Suite splitting in effect" type="pytest.skip">src/pymortests/grid.py:365: Suite splitting in effect</skipped></testcase><testcase classname="src.pymortests.grid" file="src/pymortests/grid.py" line="365" name="test_boundary_mask_entries_codim1[&lt;lambda&gt;2]" time="0.0003933906555175781"><skipped message="Suite splitting in effect" type="pytest.skip">src/pymortests/grid.py:365: Suite splitting in effect</skipped></testcase><testcase classname="src.pymortests.grid" file="src/pymortests/grid.py" line="365" name="test_boundary_mask_entries_codim1[&lt;lambda&gt;3]" time="0.0004239082336425781"><skipped message="Suite splitting in effect" type="pytest.skip">src/pymortests/grid.py:365: Suite splitting in effect</skipped></testcase><testcase classname="src.pymortests.grid" file="src/pymortests/grid.py" line="365" name="test_boundary_mask_entries_codim1[&lt;lambda&gt;4]" time="0.00039267539978027344"><skipped message="Suite splitting in effect" type="pytest.skip">src/pymortests/grid.py:365: Suite splitting in effect</skipped></testcase><testcase classname="src.pymortests.grid" file="src/pymortests/grid.py" line="365" name="test_boundary_mask_entries_codim1[&lt;lambda&gt;5]" time="0.00040984153747558594"><skipped message="Suite splitting in effect" type="pytest.skip">src/pymortests/grid.py:365: Suite splitting in effect</skipped></testcase><testcase classname="src.pymortests.grid" file="src/pymortests/grid.py" line="365" name="test_boundary_mask_entries_codim1[&lt;lambda&gt;6]" time="0.00041675567626953125"><skipped message="Suite splitting in effect" type="pytest.skip">src/pymortests/grid.py:365: Suite splitting in effect</skipped></testcase><testcase classname="src.pymortests.grid" file="src/pymortests/grid.py" line="365" name="test_boundary_mask_entries_codim1[&lt;lambda&gt;7]" time="0.0004162788391113281"><skipped message="Suite splitting in effect" type="pytest.skip">src/pymortests/grid.py:365: Suite splitting in effect</skipped></testcase><testcase classname="src.pymortests.grid" file="src/pymortests/grid.py" line="365" name="test_boundary_mask_entries_codim1[&lt;lambda&gt;8]" time="0.0003955364227294922"><skipped message="Suite splitting in effect" type="pytest.skip">src/pymortests/grid.py:365: Suite splitting in effect</skipped></testcase><testcase classname="src.pymortests.grid" file="src/pymortests/grid.py" line="365" name="test_boundary_mask_entries_codim1[&lt;lambda&gt;9]" time="0.0004475116729736328"><skipped message="Suite splitting in effect" type="pytest.skip">src/pymortests/grid.py:365: Suite splitting in effect</skipped></testcase><testcase classname="src.pymortests.grid" file="src/pymortests/grid.py" line="365" name="test_boundary_mask_entries_codim1[&lt;lambda&gt;10]" time="0.0004057884216308594"><skipped message="Suite splitting in effect" type="pytest.skip">src/pymortests/grid.py:365: Suite splitting in effect</skipped></testcase><testcase classname="src.pymortests.grid" file="src/pymortests/grid.py" line="365" name="test_boundary_mask_entries_codim1[&lt;lambda&gt;11]" time="0.00040221214294433594"><skipped message="Suite splitting in effect" type="pytest.skip">src/pymortests/grid.py:365: Suite splitting in effect</skipped></testcase><testcase classname="src.pymortests.grid" file="src/pymortests/grid.py" line="365" name="test_boundary_mask_entries_codim1[&lt;lambda&gt;12]" time="0.00043272972106933594"><skipped message="Suite splitting in effect" type="pytest.skip">src/pymortests/grid.py:365: Suite splitting in effect</skipped></testcase><testcase classname="src.pymortests.grid" file="src/pymortests/grid.py" line="365" name="test_boundary_mask_entries_codim1[&lt;lambda&gt;13]" time="0.0004367828369140625"><skipped message="Suite splitting in effect" type="pytest.skip">src/pymortests/grid.py:365: Suite splitting in effect</skipped></testcase><testcase classname="src.pymortests.grid" file="src/pymortests/grid.py" line="365" name="test_boundary_mask_entries_codim1[&lt;lambda&gt;14]" time="0.00040912628173828125"><skipped message="Suite splitting in effect" type="pytest.skip">src/pymortests/grid.py:365: Suite splitting in effect</skipped></testcase><testcase classname="src.pymortests.grid" file="src/pymortests/grid.py" line="365" name="test_boundary_mask_entries_codim1[&lt;lambda&gt;15]" time="0.0004036426544189453"><skipped message="Suite splitting in effect" type="pytest.skip">src/pymortests/grid.py:365: Suite splitting in effect</skipped></testcase><testcase classname="src.pymortests.grid" file="src/pymortests/grid.py" line="365" name="test_boundary_mask_entries_codim1[&lt;lambda&gt;16]" time="0.0004150867462158203"><skipped message="Suite splitting in effect" type="pytest.skip">src/pymortests/grid.py:365: Suite splitting in effect</skipped></testcase><testcase classname="src.pymortests.grid" file="src/pymortests/grid.py" line="365" name="test_boundary_mask_entries_codim1[&lt;lambda&gt;17]" time="0.0004260540008544922"><skipped message="Suite splitting in effect" type="pytest.skip">src/pymortests/grid.py:365: Suite splitting in effect</skipped></testcase><testcase classname="src.pymortests.grid" file="src/pymortests/grid.py" line="365" name="test_boundary_mask_entries_codim1[&lt;lambda&gt;18]" time="0.00041365623474121094"><skipped message="Suite splitting in effect" type="pytest.skip">src/pymortests/grid.py:365: Suite splitting in effect</skipped></testcase><testcase classname="src.pymortests.grid" file="src/pymortests/grid.py" line="365" name="test_boundary_mask_entries_codim1[&lt;lambda&gt;19]" time="0.0004050731658935547"><skipped message="Suite splitting in effect" type="pytest.skip">src/pymortests/grid.py:365: Suite splitting in effect</skipped></testcase><testcase classname="src.pymortests.grid" file="src/pymortests/grid.py" line="365" name="test_boundary_mask_entries_codim1[&lt;lambda&gt;20]" time="0.00043010711669921875"><skipped message="Suite splitting in effect" type="pytest.skip">src/pymortests/grid.py:365: Suite splitting in effect</skipped></testcase><testcase classname="src.pymortests.grid" file="src/pymortests/grid.py" line="365" name="test_boundary_mask_entries_codim1[&lt;lambda&gt;21]" time="0.0004076957702636719"><skipped message="Suite splitting in effect" type="pytest.skip">src/pymortests/grid.py:365: Suite splitting in effect</skipped></testcase><testcase classname="src.pymortests.grid" file="src/pymortests/grid.py" line="365" name="test_boundary_mask_entries_codim1[&lt;lambda&gt;22]" time="0.00040721893310546875"><skipped message="Suite splitting in effect" type="pytest.skip">src/pymortests/grid.py:365: Suite splitting in effect</skipped></testcase><testcase classname="src.pymortests.grid" file="src/pymortests/grid.py" line="365" name="test_boundary_mask_entries_codim1[&lt;lambda&gt;23]" time="0.00039768218994140625"><skipped message="Suite splitting in effect" type="pytest.skip">src/pymortests/grid.py:365: Suite splitting in effect</skipped></testcase><testcase classname="src.pymortests.grid" file="src/pymortests/grid.py" line="365" name="test_boundary_mask_entries_codim1[&lt;lambda&gt;24]" time="0.0004134178161621094"><skipped message="Suite splitting in effect" type="pytest.skip">src/pymortests/grid.py:365: Suite splitting in effect</skipped></testcase><testcase classname="src.pymortests.grid" file="src/pymortests/grid.py" line="365" name="test_boundary_mask_entries_codim1[&lt;lambda&gt;25]" time="0.00041031837463378906"><skipped message="Suite splitting in effect" type="pytest.skip">src/pymortests/grid.py:365: Suite splitting in effect</skipped></testcase><testcase classname="src.pymortests.grid" file="src/pymortests/grid.py" line="365" name="test_boundary_mask_entries_codim1[&lt;lambda&gt;26]" time="0.0004138946533203125"><skipped message="Suite splitting in effect" type="pytest.skip">src/pymortests/grid.py:365: Suite splitting in effect</skipped></testcase><testcase classname="src.pymortests.grid" file="src/pymortests/grid.py" line="365" name="test_boundary_mask_entries_codim1[&lt;lambda&gt;27]" time="0.000408172607421875"><skipped message="Suite splitting in effect" type="pytest.skip">src/pymortests/grid.py:365: Suite splitting in effect</skipped></testcase><testcase classname="src.pymortests.grid" file="src/pymortests/grid.py" line="365" name="test_boundary_mask_entries_codim1[&lt;lambda&gt;28]" time="0.0004093647003173828"><skipped message="Suite splitting in effect" type="pytest.skip">src/pymortests/grid.py:365: Suite splitting in effect</skipped></testcase><testcase classname="src.pymortests.grid" file="src/pymortests/grid.py" line="365" name="test_boundary_mask_entries_codim1[&lt;lambda&gt;29]" time="0.0004069805145263672"><skipped message="Suite splitting in effect" type="pytest.skip">src/pymortests/grid.py:365: Suite splitting in effect</skipped></testcase><testcase classname="src.pymortests.grid" file="src/pymortests/grid.py" line="365" name="test_boundary_mask_entries_codim1[&lt;lambda&gt;30]" time="0.0004260540008544922"><skipped message="Suite splitting in effect" type="pytest.skip">src/pymortests/grid.py:365: Suite splitting in effect</skipped></testcase><testcase classname="src.pymortests.grid" file="src/pymortests/grid.py" line="365" name="test_boundary_mask_entries_codim1[&lt;lambda&gt;31]" time="0.00041222572326660156"><skipped message="Suite splitting in effect" type="pytest.skip">src/pymortests/grid.py:365: Suite splitting in effect</skipped></testcase><testcase classname="src.pymortests.grid" file="src/pymortests/grid.py" line="365" name="test_boundary_mask_entries_codim1[&lt;lambda&gt;32]" time="0.00040841102600097656"><skipped message="Suite splitting in effect" type="pytest.skip">src/pymortests/grid.py:365: Suite splitting in effect</skipped></testcase><testcase classname="src.pymortests.grid" file="src/pymortests/grid.py" line="365" name="test_boundary_mask_entries_codim1[&lt;lambda&gt;33]" time="0.0004363059997558594"><skipped message="Suite splitting in effect" type="pytest.skip">src/pymortests/grid.py:365: Suite splitting in effect</skipped></testcase><testcase classname="src.pymortests.grid" file="src/pymortests/grid.py" line="365" name="test_boundary_mask_entries_codim1[&lt;lambda&gt;34]" time="0.00040650367736816406"><skipped message="Suite splitting in effect" type="pytest.skip">src/pymortests/grid.py:365: Suite splitting in effect</skipped></testcase><testcase classname="src.pymortests.grid" file="src/pymortests/grid.py" line="365" name="test_boundary_mask_entries_codim1[&lt;lambda&gt;35]" time="0.0003936290740966797"><skipped message="Suite splitting in effect" type="pytest.skip">src/pymortests/grid.py:365: Suite splitting in effect</skipped></testcase><testcase classname="src.pymortests.grid" file="src/pymortests/grid.py" line="365" name="test_boundary_mask_entries_codim1[&lt;lambda&gt;36]" time="0.00042128562927246094"><skipped message="Suite splitting in effect" type="pytest.skip">src/pymortests/grid.py:365: Suite splitting in effect</skipped></testcase><testcase classname="src.pymortests.grid" file="src/pymortests/grid.py" line="365" name="test_boundary_mask_entries_codim1[&lt;lambda&gt;37]" time="0.0004107952117919922"><skipped message="Suite splitting in effect" type="pytest.skip">src/pymortests/grid.py:365: Suite splitting in effect</skipped></testcase><testcase classname="src.pymortests.grid" file="src/pymortests/grid.py" line="365" name="test_boundary_mask_entries_codim1[&lt;lambda&gt;38]" time="0.0004105567932128906"><skipped message="Suite splitting in effect" type="pytest.skip">src/pymortests/grid.py:365: Suite splitting in effect</skipped></testcase><testcase classname="src.pymortests.grid" file="src/pymortests/grid.py" line="365" name="test_boundary_mask_entries_codim1[&lt;lambda&gt;39]" time="0.0003936290740966797"><skipped message="Suite splitting in effect" type="pytest.skip">src/pymortests/grid.py:365: Suite splitting in effect</skipped></testcase><testcase classname="src.pymortests.grid" file="src/pymortests/grid.py" line="365" name="test_boundary_mask_entries_codim1[&lt;lambda&gt;40]" time="0.0004076957702636719"><skipped message="Suite splitting in effect" type="pytest.skip">src/pymortests/grid.py:365: Suite splitting in effect</skipped></testcase><testcase classname="src.pymortests.grid" file="src/pymortests/grid.py" line="365" name="test_boundary_mask_entries_codim1[&lt;lambda&gt;41]" time="0.0004227161407470703"><skipped message="Suite splitting in effect" type="pytest.skip">src/pymortests/grid.py:365: Suite splitting in effect</skipped></testcase><testcase classname="src.pymortests.grid" file="src/pymortests/grid.py" line="365" name="test_boundary_mask_entries_codim1[&lt;lambda&gt;42]" time="0.0008072853088378906"><skipped message="Suite splitting in effect" type="pytest.skip">src/pymortests/grid.py:365: Suite splitting in effect</skipped></testcase><testcase classname="src.pymortests.grid" file="src/pymortests/grid.py" line="374" name="test_boundary_mask_entries_codim0[&lt;lambda&gt;0]" time="0.00039958953857421875"><skipped message="Suite splitting in effect" type="pytest.skip">src/pymortests/grid.py:374: Suite splitting in effect</skipped></testcase><testcase classname="src.pymortests.grid" file="src/pymortests/grid.py" line="374" name="test_boundary_mask_entries_codim0[&lt;lambda&gt;1]" time="0.0004010200500488281"><skipped message="Suite splitting in effect" type="pytest.skip">src/pymortests/grid.py:374: Suite splitting in effect</skipped></testcase><testcase classname="src.pymortests.grid" file="src/pymortests/grid.py" line="374" name="test_boundary_mask_entries_codim0[&lt;lambda&gt;2]" time="0.00040030479431152344"><skipped message="Suite splitting in effect" type="pytest.skip">src/pymortests/grid.py:374: Suite splitting in effect</skipped></testcase><testcase classname="src.pymortests.grid" file="src/pymortests/grid.py" line="374" name="test_boundary_mask_entries_codim0[&lt;lambda&gt;3]" time="0.0004546642303466797"><skipped message="Suite splitting in effect" type="pytest.skip">src/pymortests/grid.py:374: Suite splitting in effect</skipped></testcase><testcase classname="src.pymortests.grid" file="src/pymortests/grid.py" line="374" name="test_boundary_mask_entries_codim0[&lt;lambda&gt;4]" time="0.00039696693420410156"><skipped message="Suite splitting in effect" type="pytest.skip">src/pymortests/grid.py:374: Suite splitting in effect</skipped></testcase><testcase classname="src.pymortests.grid" file="src/pymortests/grid.py" line="374" name="test_boundary_mask_entries_codim0[&lt;lambda&gt;5]" time="0.0004055500030517578"><skipped message="Suite splitting in effect" type="pytest.skip">src/pymortests/grid.py:374: Suite splitting in effect</skipped></testcase><testcase classname="src.pymortests.grid" file="src/pymortests/grid.py" line="374" name="test_boundary_mask_entries_codim0[&lt;lambda&gt;6]" time="0.0004153251647949219"><skipped message="Suite splitting in effect" type="pytest.skip">src/pymortests/grid.py:374: Suite splitting in effect</skipped></testcase><testcase classname="src.pymortests.grid" file="src/pymortests/grid.py" line="374" name="test_boundary_mask_entries_codim0[&lt;lambda&gt;7]" time="0.0004124641418457031"><skipped message="Suite splitting in effect" type="pytest.skip">src/pymortests/grid.py:374: Suite splitting in effect</skipped></testcase><testcase classname="src.pymortests.grid" file="src/pymortests/grid.py" line="374" name="test_boundary_mask_entries_codim0[&lt;lambda&gt;8]" time="0.0003867149353027344"><skipped message="Suite splitting in effect" type="pytest.skip">src/pymortests/grid.py:374: Suite splitting in effect</skipped></testcase><testcase classname="src.pymortests.grid" file="src/pymortests/grid.py" line="374" name="test_boundary_mask_entries_codim0[&lt;lambda&gt;9]" time="0.0004210472106933594"><skipped message="Suite splitting in effect" type="pytest.skip">src/pymortests/grid.py:374: Suite splitting in effect</skipped></testcase><testcase classname="src.pymortests.grid" file="src/pymortests/grid.py" line="374" name="test_boundary_mask_entries_codim0[&lt;lambda&gt;10]" time="0.0003895759582519531"><skipped message="Suite splitting in effect" type="pytest.skip">src/pymortests/grid.py:374: Suite splitting in effect</skipped></testcase><testcase classname="src.pymortests.grid" file="src/pymortests/grid.py" line="374" name="test_boundary_mask_entries_codim0[&lt;lambda&gt;11]" time="0.0004162788391113281"><skipped message="Suite splitting in effect" type="pytest.skip">src/pymortests/grid.py:374: Suite splitting in effect</skipped></testcase><testcase classname="src.pymortests.grid" file="src/pymortests/grid.py" line="374" name="test_boundary_mask_entries_codim0[&lt;lambda&gt;12]" time="0.00039458274841308594"><skipped message="Suite splitting in effect" type="pytest.skip">src/pymortests/grid.py:374: Suite splitting in effect</skipped></testcase><testcase classname="src.pymortests.grid" file="src/pymortests/grid.py" line="374" name="test_boundary_mask_entries_codim0[&lt;lambda&gt;13]" time="0.00044608116149902344"><skipped message="Suite splitting in effect" type="pytest.skip">src/pymortests/grid.py:374: Suite splitting in effect</skipped></testcase><testcase classname="src.pymortests.grid" file="src/pymortests/grid.py" line="374" name="test_boundary_mask_entries_codim0[&lt;lambda&gt;14]" time="0.00044417381286621094"><skipped message="Suite splitting in effect" type="pytest.skip">src/pymortests/grid.py:374: Suite splitting in effect</skipped></testcase><testcase classname="src.pymortests.grid" file="src/pymortests/grid.py" line="374" name="test_boundary_mask_entries_codim0[&lt;lambda&gt;15]" time="0.0004057884216308594"><skipped message="Suite splitting in effect" type="pytest.skip">src/pymortests/grid.py:374: Suite splitting in effect</skipped></testcase><testcase classname="src.pymortests.grid" file="src/pymortests/grid.py" line="374" name="test_boundary_mask_entries_codim0[&lt;lambda&gt;16]" time="0.00044083595275878906"><skipped message="Suite splitting in effect" type="pytest.skip">src/pymortests/grid.py:374: Suite splitting in effect</skipped></testcase><testcase classname="src.pymortests.grid" file="src/pymortests/grid.py" line="374" name="test_boundary_mask_entries_codim0[&lt;lambda&gt;17]" time="0.0004062652587890625"><skipped message="Suite splitting in effect" type="pytest.skip">src/pymortests/grid.py:374: Suite splitting in effect</skipped></testcase><testcase classname="src.pymortests.grid" file="src/pymortests/grid.py" line="374" name="test_boundary_mask_entries_codim0[&lt;lambda&gt;18]" time="0.0004165172576904297"><skipped message="Suite splitting in effect" type="pytest.skip">src/pymortests/grid.py:374: Suite splitting in effect</skipped></testcase><testcase classname="src.pymortests.grid" file="src/pymortests/grid.py" line="374" name="test_boundary_mask_entries_codim0[&lt;lambda&gt;19]" time="0.0004284381866455078"><skipped message="Suite splitting in effect" type="pytest.skip">src/pymortests/grid.py:374: Suite splitting in effect</skipped></testcase><testcase classname="src.pymortests.grid" file="src/pymortests/grid.py" line="374" name="test_boundary_mask_entries_codim0[&lt;lambda&gt;20]" time="0.0004227161407470703"><skipped message="Suite splitting in effect" type="pytest.skip">src/pymortests/grid.py:374: Suite splitting in effect</skipped></testcase><testcase classname="src.pymortests.grid" file="src/pymortests/grid.py" line="374" name="test_boundary_mask_entries_codim0[&lt;lambda&gt;21]" time="0.0004086494445800781"><skipped message="Suite splitting in effect" type="pytest.skip">src/pymortests/grid.py:374: Suite splitting in effect</skipped></testcase><testcase classname="src.pymortests.grid" file="src/pymortests/grid.py" line="374" name="test_boundary_mask_entries_codim0[&lt;lambda&gt;22]" time="0.00044536590576171875"><skipped message="Suite splitting in effect" type="pytest.skip">src/pymortests/grid.py:374: Suite splitting in effect</skipped></testcase><testcase classname="src.pymortests.grid" file="src/pymortests/grid.py" line="374" name="test_boundary_mask_entries_codim0[&lt;lambda&gt;23]" time="0.0003943443298339844"><skipped message="Suite splitting in effect" type="pytest.skip">src/pymortests/grid.py:374: Suite splitting in effect</skipped></testcase><testcase classname="src.pymortests.grid" file="src/pymortests/grid.py" line="374" name="test_boundary_mask_entries_codim0[&lt;lambda&gt;24]" time="0.0004169940948486328"><skipped message="Suite splitting in effect" type="pytest.skip">src/pymortests/grid.py:374: Suite splitting in effect</skipped></testcase><testcase classname="src.pymortests.grid" file="src/pymortests/grid.py" line="374" name="test_boundary_mask_entries_codim0[&lt;lambda&gt;25]" time="0.0003955364227294922"><skipped message="Suite splitting in effect" type="pytest.skip">src/pymortests/grid.py:374: Suite splitting in effect</skipped></testcase><testcase classname="src.pymortests.grid" file="src/pymortests/grid.py" line="374" name="test_boundary_mask_entries_codim0[&lt;lambda&gt;26]" time="0.000446319580078125"><skipped message="Suite splitting in effect" type="pytest.skip">src/pymortests/grid.py:374: Suite splitting in effect</skipped></testcase><testcase classname="src.pymortests.grid" file="src/pymortests/grid.py" line="374" name="test_boundary_mask_entries_codim0[&lt;lambda&gt;27]" time="0.0004191398620605469"><skipped message="Suite splitting in effect" type="pytest.skip">src/pymortests/grid.py:374: Suite splitting in effect</skipped></testcase><testcase classname="src.pymortests.grid" file="src/pymortests/grid.py" line="374" name="test_boundary_mask_entries_codim0[&lt;lambda&gt;28]" time="0.0004191398620605469"><skipped message="Suite splitting in effect" type="pytest.skip">src/pymortests/grid.py:374: Suite splitting in effect</skipped></testcase><testcase classname="src.pymortests.grid" file="src/pymortests/grid.py" line="374" name="test_boundary_mask_entries_codim0[&lt;lambda&gt;29]" time="0.0004134178161621094"><skipped message="Suite splitting in effect" type="pytest.skip">src/pymortests/grid.py:374: Suite splitting in effect</skipped></testcase><testcase classname="src.pymortests.grid" file="src/pymortests/grid.py" line="374" name="test_boundary_mask_entries_codim0[&lt;lambda&gt;30]" time="0.00043201446533203125"><skipped message="Suite splitting in effect" type="pytest.skip">src/pymortests/grid.py:374: Suite splitting in effect</skipped></testcase><testcase classname="src.pymortests.grid" file="src/pymortests/grid.py" line="374" name="test_boundary_mask_entries_codim0[&lt;lambda&gt;31]" time="0.0003981590270996094"><skipped message="Suite splitting in effect" type="pytest.skip">src/pymortests/grid.py:374: Suite splitting in effect</skipped></testcase><testcase classname="src.pymortests.grid" file="src/pymortests/grid.py" line="374" name="test_boundary_mask_entries_codim0[&lt;lambda&gt;32]" time="0.0004093647003173828"><skipped message="Suite splitting in effect" type="pytest.skip">src/pymortests/grid.py:374: Suite splitting in effect</skipped></testcase><testcase classname="src.pymortests.grid" file="src/pymortests/grid.py" line="374" name="test_boundary_mask_entries_codim0[&lt;lambda&gt;33]" time="0.00041174888610839844"><skipped message="Suite splitting in effect" type="pytest.skip">src/pymortests/grid.py:374: Suite splitting in effect</skipped></testcase><testcase classname="src.pymortests.grid" file="src/pymortests/grid.py" line="374" name="test_boundary_mask_entries_codim0[&lt;lambda&gt;34]" time="0.0004470348358154297"><skipped message="Suite splitting in effect" type="pytest.skip">src/pymortests/grid.py:374: Suite splitting in effect</skipped></testcase><testcase classname="src.pymortests.grid" file="src/pymortests/grid.py" line="374" name="test_boundary_mask_entries_codim0[&lt;lambda&gt;35]" time="0.000408172607421875"><skipped message="Suite splitting in effect" type="pytest.skip">src/pymortests/grid.py:374: Suite splitting in effect</skipped></testcase><testcase classname="src.pymortests.grid" file="src/pymortests/grid.py" line="374" name="test_boundary_mask_entries_codim0[&lt;lambda&gt;36]" time="0.00041294097900390625"><skipped message="Suite splitting in effect" type="pytest.skip">src/pymortests/grid.py:374: Suite splitting in effect</skipped></testcase><testcase classname="src.pymortests.grid" file="src/pymortests/grid.py" line="374" name="test_boundary_mask_entries_codim0[&lt;lambda&gt;37]" time="0.00040531158447265625"><skipped message="Suite splitting in effect" type="pytest.skip">src/pymortests/grid.py:374: Suite splitting in effect</skipped></testcase><testcase classname="src.pymortests.grid" file="src/pymortests/grid.py" line="374" name="test_boundary_mask_entries_codim0[&lt;lambda&gt;38]" time="0.00042557716369628906"><skipped message="Suite splitting in effect" type="pytest.skip">src/pymortests/grid.py:374: Suite splitting in effect</skipped></testcase><testcase classname="src.pymortests.grid" file="src/pymortests/grid.py" line="374" name="test_boundary_mask_entries_codim0[&lt;lambda&gt;39]" time="0.0003857612609863281"><skipped message="Suite splitting in effect" type="pytest.skip">src/pymortests/grid.py:374: Suite splitting in effect</skipped></testcase><testcase classname="src.pymortests.grid" file="src/pymortests/grid.py" line="374" name="test_boundary_mask_entries_codim0[&lt;lambda&gt;40]" time="0.0004119873046875"><skipped message="Suite splitting in effect" type="pytest.skip">src/pymortests/grid.py:374: Suite splitting in effect</skipped></testcase><testcase classname="src.pymortests.grid" file="src/pymortests/grid.py" line="374" name="test_boundary_mask_entries_codim0[&lt;lambda&gt;41]" time="0.00038814544677734375"><skipped message="Suite splitting in effect" type="pytest.skip">src/pymortests/grid.py:374: Suite splitting in effect</skipped></testcase><testcase classname="src.pymortests.grid" file="src/pymortests/grid.py" line="374" name="test_boundary_mask_entries_codim0[&lt;lambda&gt;42]" time="0.00040984153747558594"><skipped message="Suite splitting in effect" type="pytest.skip">src/pymortests/grid.py:374: Suite splitting in effect</skipped></testcase><testcase classname="src.pymortests.grid" file="src/pymortests/grid.py" line="384" name="test_boundary_mask_entries_codim_d[&lt;lambda&gt;0]" time="0.0003883838653564453"><skipped message="Suite splitting in effect" type="pytest.skip">src/pymortests/grid.py:384: Suite splitting in effect</skipped></testcase><testcase classname="src.pymortests.grid" file="src/pymortests/grid.py" line="384" name="test_boundary_mask_entries_codim_d[&lt;lambda&gt;1]" time="0.00044989585876464844"><skipped message="Suite splitting in effect" type="pytest.skip">src/pymortests/grid.py:384: Suite splitting in effect</skipped></testcase><testcase classname="src.pymortests.grid" file="src/pymortests/grid.py" line="384" name="test_boundary_mask_entries_codim_d[&lt;lambda&gt;2]" time="0.0004105567932128906"><skipped message="Suite splitting in effect" type="pytest.skip">src/pymortests/grid.py:384: Suite splitting in effect</skipped></testcase><testcase classname="src.pymortests.grid" file="src/pymortests/grid.py" line="384" name="test_boundary_mask_entries_codim_d[&lt;lambda&gt;3]" time="0.0004177093505859375"><skipped message="Suite splitting in effect" type="pytest.skip">src/pymortests/grid.py:384: Suite splitting in effect</skipped></testcase><testcase classname="src.pymortests.grid" file="src/pymortests/grid.py" line="384" name="test_boundary_mask_entries_codim_d[&lt;lambda&gt;4]" time="0.0004057884216308594"><skipped message="Suite splitting in effect" type="pytest.skip">src/pymortests/grid.py:384: Suite splitting in effect</skipped></testcase><testcase classname="src.pymortests.grid" file="src/pymortests/grid.py" line="384" name="test_boundary_mask_entries_codim_d[&lt;lambda&gt;5]" time="0.0004100799560546875"><skipped message="Suite splitting in effect" type="pytest.skip">src/pymortests/grid.py:384: Suite splitting in effect</skipped></testcase><testcase classname="src.pymortests.grid" file="src/pymortests/grid.py" line="384" name="test_boundary_mask_entries_codim_d[&lt;lambda&gt;6]" time="0.00040912628173828125"><skipped message="Suite splitting in effect" type="pytest.skip">src/pymortests/grid.py:384: Suite splitting in effect</skipped></testcase><testcase classname="src.pymortests.grid" file="src/pymortests/grid.py" line="384" name="test_boundary_mask_entries_codim_d[&lt;lambda&gt;7]" time="0.000408172607421875"><skipped message="Suite splitting in effect" type="pytest.skip">src/pymortests/grid.py:384: Suite splitting in effect</skipped></testcase><testcase classname="src.pymortests.grid" file="src/pymortests/grid.py" line="384" name="test_boundary_mask_entries_codim_d[&lt;lambda&gt;8]" time="0.0004057884216308594"><skipped message="Suite splitting in effect" type="pytest.skip">src/pymortests/grid.py:384: Suite splitting in effect</skipped></testcase><testcase classname="src.pymortests.grid" file="src/pymortests/grid.py" line="384" name="test_boundary_mask_entries_codim_d[&lt;lambda&gt;9]" time="0.00041675567626953125"><skipped message="Suite splitting in effect" type="pytest.skip">src/pymortests/grid.py:384: Suite splitting in effect</skipped></testcase><testcase classname="src.pymortests.grid" file="src/pymortests/grid.py" line="384" name="test_boundary_mask_entries_codim_d[&lt;lambda&gt;10]" time="0.00039839744567871094"><skipped message="Suite splitting in effect" type="pytest.skip">src/pymortests/grid.py:384: Suite splitting in effect</skipped></testcase><testcase classname="src.pymortests.grid" file="src/pymortests/grid.py" line="384" name="test_boundary_mask_entries_codim_d[&lt;lambda&gt;11]" time="0.00039267539978027344"><skipped message="Suite splitting in effect" type="pytest.skip">src/pymortests/grid.py:384: Suite splitting in effect</skipped></testcase><testcase classname="src.pymortests.grid" file="src/pymortests/grid.py" line="384" name="test_boundary_mask_entries_codim_d[&lt;lambda&gt;12]" time="0.00045037269592285156"><skipped message="Suite splitting in effect" type="pytest.skip">src/pymortests/grid.py:384: Suite splitting in effect</skipped></testcase><testcase classname="src.pymortests.grid" file="src/pymortests/grid.py" line="384" name="test_boundary_mask_entries_codim_d[&lt;lambda&gt;13]" time="0.00040268898010253906"><skipped message="Suite splitting in effect" type="pytest.skip">src/pymortests/grid.py:384: Suite splitting in effect</skipped></testcase><testcase classname="src.pymortests.grid" file="src/pymortests/grid.py" line="384" name="test_boundary_mask_entries_codim_d[&lt;lambda&gt;14]" time="0.0004382133483886719"><skipped message="Suite splitting in effect" type="pytest.skip">src/pymortests/grid.py:384: Suite splitting in effect</skipped></testcase><testcase classname="src.pymortests.grid" file="src/pymortests/grid.py" line="384" name="test_boundary_mask_entries_codim_d[&lt;lambda&gt;15]" time="0.0003898143768310547"><skipped message="Suite splitting in effect" type="pytest.skip">src/pymortests/grid.py:384: Suite splitting in effect</skipped></testcase><testcase classname="src.pymortests.grid" file="src/pymortests/grid.py" line="384" name="test_boundary_mask_entries_codim_d[&lt;lambda&gt;16]" time="0.00041604042053222656"><skipped message="Suite splitting in effect" type="pytest.skip">src/pymortests/grid.py:384: Suite splitting in effect</skipped></testcase><testcase classname="src.pymortests.grid" file="src/pymortests/grid.py" line="384" name="test_boundary_mask_entries_codim_d[&lt;lambda&gt;17]" time="0.0004019737243652344"><skipped message="Suite splitting in effect" type="pytest.skip">src/pymortests/grid.py:384: Suite splitting in effect</skipped></testcase><testcase classname="src.pymortests.grid" file="src/pymortests/grid.py" line="384" name="test_boundary_mask_entries_codim_d[&lt;lambda&gt;18]" time="0.0004220008850097656"><skipped message="Suite splitting in effect" type="pytest.skip">src/pymortests/grid.py:384: Suite splitting in effect</skipped></testcase><testcase classname="src.pymortests.grid" file="src/pymortests/grid.py" line="384" name="test_boundary_mask_entries_codim_d[&lt;lambda&gt;19]" time="0.0003991127014160156"><skipped message="Suite splitting in effect" type="pytest.skip">src/pymortests/grid.py:384: Suite splitting in effect</skipped></testcase><testcase classname="src.pymortests.grid" file="src/pymortests/grid.py" line="384" name="test_boundary_mask_entries_codim_d[&lt;lambda&gt;20]" time="0.00042176246643066406"><skipped message="Suite splitting in effect" type="pytest.skip">src/pymortests/grid.py:384: Suite splitting in effect</skipped></testcase><testcase classname="src.pymortests.grid" file="src/pymortests/grid.py" line="384" name="test_boundary_mask_entries_codim_d[&lt;lambda&gt;21]" time="0.0004100799560546875"><skipped message="Suite splitting in effect" type="pytest.skip">src/pymortests/grid.py:384: Suite splitting in effect</skipped></testcase><testcase classname="src.pymortests.grid" file="src/pymortests/grid.py" line="384" name="test_boundary_mask_entries_codim_d[&lt;lambda&gt;22]" time="0.0004200935363769531"><skipped message="Suite splitting in effect" type="pytest.skip">src/pymortests/grid.py:384: Suite splitting in effect</skipped></testcase><testcase classname="src.pymortests.grid" file="src/pymortests/grid.py" line="384" name="test_boundary_mask_entries_codim_d[&lt;lambda&gt;23]" time="0.0004115104675292969"><skipped message="Suite splitting in effect" type="pytest.skip">src/pymortests/grid.py:384: Suite splitting in effect</skipped></testcase><testcase classname="src.pymortests.grid" file="src/pymortests/grid.py" line="384" name="test_boundary_mask_entries_codim_d[&lt;lambda&gt;24]" time="0.00039076805114746094"><skipped message="Suite splitting in effect" type="pytest.skip">src/pymortests/grid.py:384: Suite splitting in effect</skipped></testcase><testcase classname="src.pymortests.grid" file="src/pymortests/grid.py" line="384" name="test_boundary_mask_entries_codim_d[&lt;lambda&gt;25]" time="0.0004265308380126953"><skipped message="Suite splitting in effect" type="pytest.skip">src/pymortests/grid.py:384: Suite splitting in effect</skipped></testcase><testcase classname="src.pymortests.grid" file="src/pymortests/grid.py" line="384" name="test_boundary_mask_entries_codim_d[&lt;lambda&gt;26]" time="0.0003960132598876953"><skipped message="Suite splitting in effect" type="pytest.skip">src/pymortests/grid.py:384: Suite splitting in effect</skipped></testcase><testcase classname="src.pymortests.grid" file="src/pymortests/grid.py" line="384" name="test_boundary_mask_entries_codim_d[&lt;lambda&gt;27]" time="0.0004172325134277344"><skipped message="Suite splitting in effect" type="pytest.skip">src/pymortests/grid.py:384: Suite splitting in effect</skipped></testcase><testcase classname="src.pymortests.grid" file="src/pymortests/grid.py" line="384" name="test_boundary_mask_entries_codim_d[&lt;lambda&gt;28]" time="0.00039196014404296875"><skipped message="Suite splitting in effect" type="pytest.skip">src/pymortests/grid.py:384: Suite splitting in effect</skipped></testcase><testcase classname="src.pymortests.grid" file="src/pymortests/grid.py" line="384" name="test_boundary_mask_entries_codim_d[&lt;lambda&gt;29]" time="0.0004096031188964844"><skipped message="Suite splitting in effect" type="pytest.skip">src/pymortests/grid.py:384: Suite splitting in effect</skipped></testcase><testcase classname="src.pymortests.grid" file="src/pymortests/grid.py" line="384" name="test_boundary_mask_entries_codim_d[&lt;lambda&gt;30]" time="0.0003979206085205078"><skipped message="Suite splitting in effect" type="pytest.skip">src/pymortests/grid.py:384: Suite splitting in effect</skipped></testcase><testcase classname="src.pymortests.grid" file="src/pymortests/grid.py" line="384" name="test_boundary_mask_entries_codim_d[&lt;lambda&gt;31]" time="0.0004601478576660156"><skipped message="Suite splitting in effect" type="pytest.skip">src/pymortests/grid.py:384: Suite splitting in effect</skipped></testcase><testcase classname="src.pymortests.grid" file="src/pymortests/grid.py" line="384" name="test_boundary_mask_entries_codim_d[&lt;lambda&gt;32]" time="0.00043964385986328125"><skipped message="Suite splitting in effect" type="pytest.skip">src/pymortests/grid.py:384: Suite splitting in effect</skipped></testcase><testcase classname="src.pymortests.grid" file="src/pymortests/grid.py" line="384" name="test_boundary_mask_entries_codim_d[&lt;lambda&gt;33]" time="0.000415802001953125"><skipped message="Suite splitting in effect" type="pytest.skip">src/pymortests/grid.py:384: Suite splitting in effect</skipped></testcase><testcase classname="src.pymortests.grid" file="src/pymortests/grid.py" line="384" name="test_boundary_mask_entries_codim_d[&lt;lambda&gt;34]" time="0.0003921985626220703"><skipped message="Suite splitting in effect" type="pytest.skip">src/pymortests/grid.py:384: Suite splitting in effect</skipped></testcase><testcase classname="src.pymortests.grid" file="src/pymortests/grid.py" line="384" name="test_boundary_mask_entries_codim_d[&lt;lambda&gt;35]" time="0.0004425048828125"><skipped message="Suite splitting in effect" type="pytest.skip">src/pymortests/grid.py:384: Suite splitting in effect</skipped></testcase><testcase classname="src.pymortests.grid" file="src/pymortests/grid.py" line="384" name="test_boundary_mask_entries_codim_d[&lt;lambda&gt;36]" time="0.00041484832763671875"><skipped message="Suite splitting in effect" type="pytest.skip">src/pymortests/grid.py:384: Suite splitting in effect</skipped></testcase><testcase classname="src.pymortests.grid" file="src/pymortests/grid.py" line="384" name="test_boundary_mask_entries_codim_d[&lt;lambda&gt;37]" time="0.0004620552062988281"><skipped message="Suite splitting in effect" type="pytest.skip">src/pymortests/grid.py:384: Suite splitting in effect</skipped></testcase><testcase classname="src.pymortests.grid" file="src/pymortests/grid.py" line="384" name="test_boundary_mask_entries_codim_d[&lt;lambda&gt;38]" time="0.000396728515625"><skipped message="Suite splitting in effect" type="pytest.skip">src/pymortests/grid.py:384: Suite splitting in effect</skipped></testcase><testcase classname="src.pymortests.grid" file="src/pymortests/grid.py" line="384" name="test_boundary_mask_entries_codim_d[&lt;lambda&gt;39]" time="0.00043129920959472656"><skipped message="Suite splitting in effect" type="pytest.skip">src/pymortests/grid.py:384: Suite splitting in effect</skipped></testcase><testcase classname="src.pymortests.grid" file="src/pymortests/grid.py" line="384" name="test_boundary_mask_entries_codim_d[&lt;lambda&gt;40]" time="0.000396728515625"><skipped message="Suite splitting in effect" type="pytest.skip">src/pymortests/grid.py:384: Suite splitting in effect</skipped></testcase><testcase classname="src.pymortests.grid" file="src/pymortests/grid.py" line="384" name="test_boundary_mask_entries_codim_d[&lt;lambda&gt;41]" time="0.00042247772216796875"><skipped message="Suite splitting in effect" type="pytest.skip">src/pymortests/grid.py:384: Suite splitting in effect</skipped></testcase><testcase classname="src.pymortests.grid" file="src/pymortests/grid.py" line="384" name="test_boundary_mask_entries_codim_d[&lt;lambda&gt;42]" time="0.0004458427429199219"><skipped message="Suite splitting in effect" type="pytest.skip">src/pymortests/grid.py:384: Suite splitting in effect</skipped></testcase><testcase classname="src.pymortests.grid" file="src/pymortests/grid.py" line="395" name="test_boundaries_wrong_arguments[&lt;lambda&gt;0]" time="0.0003943443298339844"><skipped message="Suite splitting in effect" type="pytest.skip">src/pymortests/grid.py:395: Suite splitting in effect</skipped></testcase><testcase classname="src.pymortests.grid" file="src/pymortests/grid.py" line="395" name="test_boundaries_wrong_arguments[&lt;lambda&gt;1]" time="0.00045418739318847656"><skipped message="Suite splitting in effect" type="pytest.skip">src/pymortests/grid.py:395: Suite splitting in effect</skipped></testcase><testcase classname="src.pymortests.grid" file="src/pymortests/grid.py" line="395" name="test_boundaries_wrong_arguments[&lt;lambda&gt;2]" time="0.00040030479431152344"><skipped message="Suite splitting in effect" type="pytest.skip">src/pymortests/grid.py:395: Suite splitting in effect</skipped></testcase><testcase classname="src.pymortests.grid" file="src/pymortests/grid.py" line="395" name="test_boundaries_wrong_arguments[&lt;lambda&gt;3]" time="0.0004146099090576172"><skipped message="Suite splitting in effect" type="pytest.skip">src/pymortests/grid.py:395: Suite splitting in effect</skipped></testcase><testcase classname="src.pymortests.grid" file="src/pymortests/grid.py" line="395" name="test_boundaries_wrong_arguments[&lt;lambda&gt;4]" time="0.0003864765167236328"><skipped message="Suite splitting in effect" type="pytest.skip">src/pymortests/grid.py:395: Suite splitting in effect</skipped></testcase><testcase classname="src.pymortests.grid" file="src/pymortests/grid.py" line="395" name="test_boundaries_wrong_arguments[&lt;lambda&gt;5]" time="0.0004203319549560547"><skipped message="Suite splitting in effect" type="pytest.skip">src/pymortests/grid.py:395: Suite splitting in effect</skipped></testcase><testcase classname="src.pymortests.grid" file="src/pymortests/grid.py" line="395" name="test_boundaries_wrong_arguments[&lt;lambda&gt;6]" time="0.0003943443298339844"><skipped message="Suite splitting in effect" type="pytest.skip">src/pymortests/grid.py:395: Suite splitting in effect</skipped></testcase><testcase classname="src.pymortests.grid" file="src/pymortests/grid.py" line="395" name="test_boundaries_wrong_arguments[&lt;lambda&gt;7]" time="0.00042128562927246094"><skipped message="Suite splitting in effect" type="pytest.skip">src/pymortests/grid.py:395: Suite splitting in effect</skipped></testcase><testcase classname="src.pymortests.grid" file="src/pymortests/grid.py" line="395" name="test_boundaries_wrong_arguments[&lt;lambda&gt;8]" time="0.0007519721984863281"><skipped message="Suite splitting in effect" type="pytest.skip">src/pymortests/grid.py:395: Suite splitting in effect</skipped></testcase><testcase classname="src.pymortests.grid" file="src/pymortests/grid.py" line="395" name="test_boundaries_wrong_arguments[&lt;lambda&gt;9]" time="0.00041961669921875"><skipped message="Suite splitting in effect" type="pytest.skip">src/pymortests/grid.py:395: Suite splitting in effect</skipped></testcase><testcase classname="src.pymortests.grid" file="src/pymortests/grid.py" line="395" name="test_boundaries_wrong_arguments[&lt;lambda&gt;10]" time="0.0004048347473144531"><skipped message="Suite splitting in effect" type="pytest.skip">src/pymortests/grid.py:395: Suite splitting in effect</skipped></testcase><testcase classname="src.pymortests.grid" file="src/pymortests/grid.py" line="395" name="test_boundaries_wrong_arguments[&lt;lambda&gt;11]" time="0.0004036426544189453"><skipped message="Suite splitting in effect" type="pytest.skip">src/pymortests/grid.py:395: Suite splitting in effect</skipped></testcase><testcase classname="src.pymortests.grid" file="src/pymortests/grid.py" line="395" name="test_boundaries_wrong_arguments[&lt;lambda&gt;12]" time="0.00041866302490234375"><skipped message="Suite splitting in effect" type="pytest.skip">src/pymortests/grid.py:395: Suite splitting in effect</skipped></testcase><testcase classname="src.pymortests.grid" file="src/pymortests/grid.py" line="395" name="test_boundaries_wrong_arguments[&lt;lambda&gt;13]" time="0.0004112720489501953"><skipped message="Suite splitting in effect" type="pytest.skip">src/pymortests/grid.py:395: Suite splitting in effect</skipped></testcase><testcase classname="src.pymortests.grid" file="src/pymortests/grid.py" line="395" name="test_boundaries_wrong_arguments[&lt;lambda&gt;14]" time="0.0004253387451171875"><skipped message="Suite splitting in effect" type="pytest.skip">src/pymortests/grid.py:395: Suite splitting in effect</skipped></testcase><testcase classname="src.pymortests.grid" file="src/pymortests/grid.py" line="395" name="test_boundaries_wrong_arguments[&lt;lambda&gt;15]" time="0.0004100799560546875"><skipped message="Suite splitting in effect" type="pytest.skip">src/pymortests/grid.py:395: Suite splitting in effect</skipped></testcase><testcase classname="src.pymortests.grid" file="src/pymortests/grid.py" line="395" name="test_boundaries_wrong_arguments[&lt;lambda&gt;16]" time="0.0004138946533203125"><skipped message="Suite splitting in effect" type="pytest.skip">src/pymortests/grid.py:395: Suite splitting in effect</skipped></testcase><testcase classname="src.pymortests.grid" file="src/pymortests/grid.py" line="395" name="test_boundaries_wrong_arguments[&lt;lambda&gt;17]" time="0.0003845691680908203"><skipped message="Suite splitting in effect" type="pytest.skip">src/pymortests/grid.py:395: Suite splitting in effect</skipped></testcase><testcase classname="src.pymortests.grid" file="src/pymortests/grid.py" line="395" name="test_boundaries_wrong_arguments[&lt;lambda&gt;18]" time="0.00042510032653808594"><skipped message="Suite splitting in effect" type="pytest.skip">src/pymortests/grid.py:395: Suite splitting in effect</skipped></testcase><testcase classname="src.pymortests.grid" file="src/pymortests/grid.py" line="395" name="test_boundaries_wrong_arguments[&lt;lambda&gt;19]" time="0.0005166530609130859"><skipped message="Suite splitting in effect" type="pytest.skip">src/pymortests/grid.py:395: Suite splitting in effect</skipped></testcase><testcase classname="src.pymortests.grid" file="src/pymortests/grid.py" line="395" name="test_boundaries_wrong_arguments[&lt;lambda&gt;20]" time="0.00044035911560058594"><skipped message="Suite splitting in effect" type="pytest.skip">src/pymortests/grid.py:395: Suite splitting in effect</skipped></testcase><testcase classname="src.pymortests.grid" file="src/pymortests/grid.py" line="395" name="test_boundaries_wrong_arguments[&lt;lambda&gt;21]" time="0.0004303455352783203"><skipped message="Suite splitting in effect" type="pytest.skip">src/pymortests/grid.py:395: Suite splitting in effect</skipped></testcase><testcase classname="src.pymortests.grid" file="src/pymortests/grid.py" line="395" name="test_boundaries_wrong_arguments[&lt;lambda&gt;22]" time="0.00039505958557128906"><skipped message="Suite splitting in effect" type="pytest.skip">src/pymortests/grid.py:395: Suite splitting in effect</skipped></testcase><testcase classname="src.pymortests.grid" file="src/pymortests/grid.py" line="395" name="test_boundaries_wrong_arguments[&lt;lambda&gt;23]" time="0.00042366981506347656"><skipped message="Suite splitting in effect" type="pytest.skip">src/pymortests/grid.py:395: Suite splitting in effect</skipped></testcase><testcase classname="src.pymortests.grid" file="src/pymortests/grid.py" line="395" name="test_boundaries_wrong_arguments[&lt;lambda&gt;24]" time="0.00041174888610839844"><skipped message="Suite splitting in effect" type="pytest.skip">src/pymortests/grid.py:395: Suite splitting in effect</skipped></testcase><testcase classname="src.pymortests.grid" file="src/pymortests/grid.py" line="395" name="test_boundaries_wrong_arguments[&lt;lambda&gt;25]" time="0.00038743019104003906"><skipped message="Suite splitting in effect" type="pytest.skip">src/pymortests/grid.py:395: Suite splitting in effect</skipped></testcase><testcase classname="src.pymortests.grid" file="src/pymortests/grid.py" line="395" name="test_boundaries_wrong_arguments[&lt;lambda&gt;26]" time="0.0004093647003173828"><skipped message="Suite splitting in effect" type="pytest.skip">src/pymortests/grid.py:395: Suite splitting in effect</skipped></testcase><testcase classname="src.pymortests.grid" file="src/pymortests/grid.py" line="395" name="test_boundaries_wrong_arguments[&lt;lambda&gt;27]" time="0.0004324913024902344"><skipped message="Suite splitting in effect" type="pytest.skip">src/pymortests/grid.py:395: Suite splitting in effect</skipped></testcase><testcase classname="src.pymortests.grid" file="src/pymortests/grid.py" line="395" name="test_boundaries_wrong_arguments[&lt;lambda&gt;28]" time="0.0003883838653564453"><skipped message="Suite splitting in effect" type="pytest.skip">src/pymortests/grid.py:395: Suite splitting in effect</skipped></testcase><testcase classname="src.pymortests.grid" file="src/pymortests/grid.py" line="395" name="test_boundaries_wrong_arguments[&lt;lambda&gt;29]" time="0.0004100799560546875"><skipped message="Suite splitting in effect" type="pytest.skip">src/pymortests/grid.py:395: Suite splitting in effect</skipped></testcase><testcase classname="src.pymortests.grid" file="src/pymortests/grid.py" line="395" name="test_boundaries_wrong_arguments[&lt;lambda&gt;30]" time="0.0003936290740966797"><skipped message="Suite splitting in effect" type="pytest.skip">src/pymortests/grid.py:395: Suite splitting in effect</skipped></testcase><testcase classname="src.pymortests.grid" file="src/pymortests/grid.py" line="395" name="test_boundaries_wrong_arguments[&lt;lambda&gt;31]" time="0.0003921985626220703"><skipped message="Suite splitting in effect" type="pytest.skip">src/pymortests/grid.py:395: Suite splitting in effect</skipped></testcase><testcase classname="src.pymortests.grid" file="src/pymortests/grid.py" line="395" name="test_boundaries_wrong_arguments[&lt;lambda&gt;32]" time="0.0004277229309082031"><skipped message="Suite splitting in effect" type="pytest.skip">src/pymortests/grid.py:395: Suite splitting in effect</skipped></testcase><testcase classname="src.pymortests.grid" file="src/pymortests/grid.py" line="395" name="test_boundaries_wrong_arguments[&lt;lambda&gt;33]" time="0.0003886222839355469"><skipped message="Suite splitting in effect" type="pytest.skip">src/pymortests/grid.py:395: Suite splitting in effect</skipped></testcase><testcase classname="src.pymortests.grid" file="src/pymortests/grid.py" line="395" name="test_boundaries_wrong_arguments[&lt;lambda&gt;34]" time="0.0004150867462158203"><skipped message="Suite splitting in effect" type="pytest.skip">src/pymortests/grid.py:395: Suite splitting in effect</skipped></testcase><testcase classname="src.pymortests.grid" file="src/pymortests/grid.py" line="395" name="test_boundaries_wrong_arguments[&lt;lambda&gt;35]" time="0.0003921985626220703"><skipped message="Suite splitting in effect" type="pytest.skip">src/pymortests/grid.py:395: Suite splitting in effect</skipped></testcase><testcase classname="src.pymortests.grid" file="src/pymortests/grid.py" line="395" name="test_boundaries_wrong_arguments[&lt;lambda&gt;36]" time="0.00042939186096191406"><skipped message="Suite splitting in effect" type="pytest.skip">src/pymortests/grid.py:395: Suite splitting in effect</skipped></testcase><testcase classname="src.pymortests.grid" file="src/pymortests/grid.py" line="395" name="test_boundaries_wrong_arguments[&lt;lambda&gt;37]" time="0.0003972053527832031"><skipped message="Suite splitting in effect" type="pytest.skip">src/pymortests/grid.py:395: Suite splitting in effect</skipped></testcase><testcase classname="src.pymortests.grid" file="src/pymortests/grid.py" line="395" name="test_boundaries_wrong_arguments[&lt;lambda&gt;38]" time="0.00042366981506347656"><skipped message="Suite splitting in effect" type="pytest.skip">src/pymortests/grid.py:395: Suite splitting in effect</skipped></testcase><testcase classname="src.pymortests.grid" file="src/pymortests/grid.py" line="395" name="test_boundaries_wrong_arguments[&lt;lambda&gt;39]" time="0.00040149688720703125"><skipped message="Suite splitting in effect" type="pytest.skip">src/pymortests/grid.py:395: Suite splitting in effect</skipped></testcase><testcase classname="src.pymortests.grid" file="src/pymortests/grid.py" line="395" name="test_boundaries_wrong_arguments[&lt;lambda&gt;40]" time="0.0004601478576660156"><skipped message="Suite splitting in effect" type="pytest.skip">src/pymortests/grid.py:395: Suite splitting in effect</skipped></testcase><testcase classname="src.pymortests.grid" file="src/pymortests/grid.py" line="395" name="test_boundaries_wrong_arguments[&lt;lambda&gt;41]" time="0.0004038810729980469"><skipped message="Suite splitting in effect" type="pytest.skip">src/pymortests/grid.py:395: Suite splitting in effect</skipped></testcase><testcase classname="src.pymortests.grid" file="src/pymortests/grid.py" line="395" name="test_boundaries_wrong_arguments[&lt;lambda&gt;42]" time="0.0004162788391113281"><skipped message="Suite splitting in effect" type="pytest.skip">src/pymortests/grid.py:395: Suite splitting in effect</skipped></testcase><testcase classname="src.pymortests.grid" file="src/pymortests/grid.py" line="403" name="test_boundaries_shape[&lt;lambda&gt;0]" time="0.0004210472106933594"><skipped message="Suite splitting in effect" type="pytest.skip">src/pymortests/grid.py:403: Suite splitting in effect</skipped></testcase><testcase classname="src.pymortests.grid" file="src/pymortests/grid.py" line="403" name="test_boundaries_shape[&lt;lambda&gt;1]" time="0.0004177093505859375"><skipped message="Suite splitting in effect" type="pytest.skip">src/pymortests/grid.py:403: Suite splitting in effect</skipped></testcase><testcase classname="src.pymortests.grid" file="src/pymortests/grid.py" line="403" name="test_boundaries_shape[&lt;lambda&gt;2]" time="0.0004076957702636719"><skipped message="Suite splitting in effect" type="pytest.skip">src/pymortests/grid.py:403: Suite splitting in effect</skipped></testcase><testcase classname="src.pymortests.grid" file="src/pymortests/grid.py" line="403" name="test_boundaries_shape[&lt;lambda&gt;3]" time="0.0004177093505859375"><skipped message="Suite splitting in effect" type="pytest.skip">src/pymortests/grid.py:403: Suite splitting in effect</skipped></testcase><testcase classname="src.pymortests.grid" file="src/pymortests/grid.py" line="403" name="test_boundaries_shape[&lt;lambda&gt;4]" time="0.0003910064697265625"><skipped message="Suite splitting in effect" type="pytest.skip">src/pymortests/grid.py:403: Suite splitting in effect</skipped></testcase><testcase classname="src.pymortests.grid" file="src/pymortests/grid.py" line="403" name="test_boundaries_shape[&lt;lambda&gt;5]" time="0.00041985511779785156"><skipped message="Suite splitting in effect" type="pytest.skip">src/pymortests/grid.py:403: Suite splitting in effect</skipped></testcase><testcase classname="src.pymortests.grid" file="src/pymortests/grid.py" line="403" name="test_boundaries_shape[&lt;lambda&gt;6]" time="0.0003895759582519531"><skipped message="Suite splitting in effect" type="pytest.skip">src/pymortests/grid.py:403: Suite splitting in effect</skipped></testcase><testcase classname="src.pymortests.grid" file="src/pymortests/grid.py" line="403" name="test_boundaries_shape[&lt;lambda&gt;7]" time="0.00040602684020996094"><skipped message="Suite splitting in effect" type="pytest.skip">src/pymortests/grid.py:403: Suite splitting in effect</skipped></testcase><testcase classname="src.pymortests.grid" file="src/pymortests/grid.py" line="403" name="test_boundaries_shape[&lt;lambda&gt;8]" time="0.0004134178161621094"><skipped message="Suite splitting in effect" type="pytest.skip">src/pymortests/grid.py:403: Suite splitting in effect</skipped></testcase><testcase classname="src.pymortests.grid" file="src/pymortests/grid.py" line="403" name="test_boundaries_shape[&lt;lambda&gt;9]" time="0.00040459632873535156"><skipped message="Suite splitting in effect" type="pytest.skip">src/pymortests/grid.py:403: Suite splitting in effect</skipped></testcase><testcase classname="src.pymortests.grid" file="src/pymortests/grid.py" line="403" name="test_boundaries_shape[&lt;lambda&gt;10]" time="0.0004115104675292969"><skipped message="Suite splitting in effect" type="pytest.skip">src/pymortests/grid.py:403: Suite splitting in effect</skipped></testcase><testcase classname="src.pymortests.grid" file="src/pymortests/grid.py" line="403" name="test_boundaries_shape[&lt;lambda&gt;11]" time="0.00040459632873535156"><skipped message="Suite splitting in effect" type="pytest.skip">src/pymortests/grid.py:403: Suite splitting in effect</skipped></testcase><testcase classname="src.pymortests.grid" file="src/pymortests/grid.py" line="403" name="test_boundaries_shape[&lt;lambda&gt;12]" time="0.00039267539978027344"><skipped message="Suite splitting in effect" type="pytest.skip">src/pymortests/grid.py:403: Suite splitting in effect</skipped></testcase><testcase classname="src.pymortests.grid" file="src/pymortests/grid.py" line="403" name="test_boundaries_shape[&lt;lambda&gt;13]" time="0.00040984153747558594"><skipped message="Suite splitting in effect" type="pytest.skip">src/pymortests/grid.py:403: Suite splitting in effect</skipped></testcase><testcase classname="src.pymortests.grid" file="src/pymortests/grid.py" line="403" name="test_boundaries_shape[&lt;lambda&gt;14]" time="0.00038886070251464844"><skipped message="Suite splitting in effect" type="pytest.skip">src/pymortests/grid.py:403: Suite splitting in effect</skipped></testcase><testcase classname="src.pymortests.grid" file="src/pymortests/grid.py" line="403" name="test_boundaries_shape[&lt;lambda&gt;15]" time="0.0004215240478515625"><skipped message="Suite splitting in effect" type="pytest.skip">src/pymortests/grid.py:403: Suite splitting in effect</skipped></testcase><testcase classname="src.pymortests.grid" file="src/pymortests/grid.py" line="403" name="test_boundaries_shape[&lt;lambda&gt;16]" time="0.00039005279541015625"><skipped message="Suite splitting in effect" type="pytest.skip">src/pymortests/grid.py:403: Suite splitting in effect</skipped></testcase><testcase classname="src.pymortests.grid" file="src/pymortests/grid.py" line="403" name="test_boundaries_shape[&lt;lambda&gt;17]" time="0.00044608116149902344"><skipped message="Suite splitting in effect" type="pytest.skip">src/pymortests/grid.py:403: Suite splitting in effect</skipped></testcase><testcase classname="src.pymortests.grid" file="src/pymortests/grid.py" line="403" name="test_boundaries_shape[&lt;lambda&gt;18]" time="0.0004017353057861328"><skipped message="Suite splitting in effect" type="pytest.skip">src/pymortests/grid.py:403: Suite splitting in effect</skipped></testcase><testcase classname="src.pymortests.grid" file="src/pymortests/grid.py" line="403" name="test_boundaries_shape[&lt;lambda&gt;19]" time="0.0004181861877441406"><skipped message="Suite splitting in effect" type="pytest.skip">src/pymortests/grid.py:403: Suite splitting in effect</skipped></testcase><testcase classname="src.pymortests.grid" file="src/pymortests/grid.py" line="403" name="test_boundaries_shape[&lt;lambda&gt;20]" time="0.0003979206085205078"><skipped message="Suite splitting in effect" type="pytest.skip">src/pymortests/grid.py:403: Suite splitting in effect</skipped></testcase><testcase classname="src.pymortests.grid" file="src/pymortests/grid.py" line="403" name="test_boundaries_shape[&lt;lambda&gt;21]" time="0.0004031658172607422"><skipped message="Suite splitting in effect" type="pytest.skip">src/pymortests/grid.py:403: Suite splitting in effect</skipped></testcase><testcase classname="src.pymortests.grid" file="src/pymortests/grid.py" line="403" name="test_boundaries_shape[&lt;lambda&gt;22]" time="0.00041747093200683594"><skipped message="Suite splitting in effect" type="pytest.skip">src/pymortests/grid.py:403: Suite splitting in effect</skipped></testcase><testcase classname="src.pymortests.grid" file="src/pymortests/grid.py" line="403" name="test_boundaries_shape[&lt;lambda&gt;23]" time="0.00041937828063964844"><skipped message="Suite splitting in effect" type="pytest.skip">src/pymortests/grid.py:403: Suite splitting in effect</skipped></testcase><testcase classname="src.pymortests.grid" file="src/pymortests/grid.py" line="403" name="test_boundaries_shape[&lt;lambda&gt;24]" time="0.0004172325134277344"><skipped message="Suite splitting in effect" type="pytest.skip">src/pymortests/grid.py:403: Suite splitting in effect</skipped></testcase><testcase classname="src.pymortests.grid" file="src/pymortests/grid.py" line="403" name="test_boundaries_shape[&lt;lambda&gt;25]" time="0.00040841102600097656"><skipped message="Suite splitting in effect" type="pytest.skip">src/pymortests/grid.py:403: Suite splitting in effect</skipped></testcase><testcase classname="src.pymortests.grid" file="src/pymortests/grid.py" line="403" name="test_boundaries_shape[&lt;lambda&gt;26]" time="0.00042891502380371094"><skipped message="Suite splitting in effect" type="pytest.skip">src/pymortests/grid.py:403: Suite splitting in effect</skipped></testcase><testcase classname="src.pymortests.grid" file="src/pymortests/grid.py" line="403" name="test_boundaries_shape[&lt;lambda&gt;27]" time="0.00039649009704589844"><skipped message="Suite splitting in effect" type="pytest.skip">src/pymortests/grid.py:403: Suite splitting in effect</skipped></testcase><testcase classname="src.pymortests.grid" file="src/pymortests/grid.py" line="403" name="test_boundaries_shape[&lt;lambda&gt;28]" time="0.0004162788391113281"><skipped message="Suite splitting in effect" type="pytest.skip">src/pymortests/grid.py:403: Suite splitting in effect</skipped></testcase><testcase classname="src.pymortests.grid" file="src/pymortests/grid.py" line="403" name="test_boundaries_shape[&lt;lambda&gt;29]" time="0.0004074573516845703"><skipped message="Suite splitting in effect" type="pytest.skip">src/pymortests/grid.py:403: Suite splitting in effect</skipped></testcase><testcase classname="src.pymortests.grid" file="src/pymortests/grid.py" line="403" name="test_boundaries_shape[&lt;lambda&gt;30]" time="0.00040531158447265625"><skipped message="Suite splitting in effect" type="pytest.skip">src/pymortests/grid.py:403: Suite splitting in effect</skipped></testcase><testcase classname="src.pymortests.grid" file="src/pymortests/grid.py" line="403" name="test_boundaries_shape[&lt;lambda&gt;31]" time="0.0004012584686279297"><skipped message="Suite splitting in effect" type="pytest.skip">src/pymortests/grid.py:403: Suite splitting in effect</skipped></testcase><testcase classname="src.pymortests.grid" file="src/pymortests/grid.py" line="403" name="test_boundaries_shape[&lt;lambda&gt;32]" time="0.0004019737243652344"><skipped message="Suite splitting in effect" type="pytest.skip">src/pymortests/grid.py:403: Suite splitting in effect</skipped></testcase><testcase classname="src.pymortests.grid" file="src/pymortests/grid.py" line="403" name="test_boundaries_shape[&lt;lambda&gt;33]" time="0.00040078163146972656"><skipped message="Suite splitting in effect" type="pytest.skip">src/pymortests/grid.py:403: Suite splitting in effect</skipped></testcase><testcase classname="src.pymortests.grid" file="src/pymortests/grid.py" line="403" name="test_boundaries_shape[&lt;lambda&gt;34]" time="0.00043487548828125"><skipped message="Suite splitting in effect" type="pytest.skip">src/pymortests/grid.py:403: Suite splitting in effect</skipped></testcase><testcase classname="src.pymortests.grid" file="src/pymortests/grid.py" line="403" name="test_boundaries_shape[&lt;lambda&gt;35]" time="0.0004725456237792969"><skipped message="Suite splitting in effect" type="pytest.skip">src/pymortests/grid.py:403: Suite splitting in effect</skipped></testcase><testcase classname="src.pymortests.grid" file="src/pymortests/grid.py" line="403" name="test_boundaries_shape[&lt;lambda&gt;36]" time="0.00044035911560058594"><skipped message="Suite splitting in effect" type="pytest.skip">src/pymortests/grid.py:403: Suite splitting in effect</skipped></testcase><testcase classname="src.pymortests.grid" file="src/pymortests/grid.py" line="403" name="test_boundaries_shape[&lt;lambda&gt;37]" time="0.0004093647003173828"><skipped message="Suite splitting in effect" type="pytest.skip">src/pymortests/grid.py:403: Suite splitting in effect</skipped></testcase><testcase classname="src.pymortests.grid" file="src/pymortests/grid.py" line="403" name="test_boundaries_shape[&lt;lambda&gt;38]" time="0.00040411949157714844"><skipped message="Suite splitting in effect" type="pytest.skip">src/pymortests/grid.py:403: Suite splitting in effect</skipped></testcase><testcase classname="src.pymortests.grid" file="src/pymortests/grid.py" line="403" name="test_boundaries_shape[&lt;lambda&gt;39]" time="0.0004086494445800781"><skipped message="Suite splitting in effect" type="pytest.skip">src/pymortests/grid.py:403: Suite splitting in effect</skipped></testcase><testcase classname="src.pymortests.grid" file="src/pymortests/grid.py" line="403" name="test_boundaries_shape[&lt;lambda&gt;40]" time="0.000408172607421875"><skipped message="Suite splitting in effect" type="pytest.skip">src/pymortests/grid.py:403: Suite splitting in effect</skipped></testcase><testcase classname="src.pymortests.grid" file="src/pymortests/grid.py" line="403" name="test_boundaries_shape[&lt;lambda&gt;41]" time="0.0004067420959472656"><skipped message="Suite splitting in effect" type="pytest.skip">src/pymortests/grid.py:403: Suite splitting in effect</skipped></testcase><testcase classname="src.pymortests.grid" file="src/pymortests/grid.py" line="403" name="test_boundaries_shape[&lt;lambda&gt;42]" time="0.0004067420959472656"><skipped message="Suite splitting in effect" type="pytest.skip">src/pymortests/grid.py:403: Suite splitting in effect</skipped></testcase><testcase classname="src.pymortests.grid" file="src/pymortests/grid.py" line="409" name="test_boundaries_dtype[&lt;lambda&gt;0]" time="0.0003991127014160156"><skipped message="Suite splitting in effect" type="pytest.skip">src/pymortests/grid.py:409: Suite splitting in effect</skipped></testcase><testcase classname="src.pymortests.grid" file="src/pymortests/grid.py" line="409" name="test_boundaries_dtype[&lt;lambda&gt;1]" time="0.0003883838653564453"><skipped message="Suite splitting in effect" type="pytest.skip">src/pymortests/grid.py:409: Suite splitting in effect</skipped></testcase><testcase classname="src.pymortests.grid" file="src/pymortests/grid.py" line="409" name="test_boundaries_dtype[&lt;lambda&gt;2]" time="0.0004241466522216797"><skipped message="Suite splitting in effect" type="pytest.skip">src/pymortests/grid.py:409: Suite splitting in effect</skipped></testcase><testcase classname="src.pymortests.grid" file="src/pymortests/grid.py" line="409" name="test_boundaries_dtype[&lt;lambda&gt;3]" time="0.0003883838653564453"><skipped message="Suite splitting in effect" type="pytest.skip">src/pymortests/grid.py:409: Suite splitting in effect</skipped></testcase><testcase classname="src.pymortests.grid" file="src/pymortests/grid.py" line="409" name="test_boundaries_dtype[&lt;lambda&gt;4]" time="0.00041937828063964844"><skipped message="Suite splitting in effect" type="pytest.skip">src/pymortests/grid.py:409: Suite splitting in effect</skipped></testcase><testcase classname="src.pymortests.grid" file="src/pymortests/grid.py" line="409" name="test_boundaries_dtype[&lt;lambda&gt;5]" time="0.0003886222839355469"><skipped message="Suite splitting in effect" type="pytest.skip">src/pymortests/grid.py:409: Suite splitting in effect</skipped></testcase><testcase classname="src.pymortests.grid" file="src/pymortests/grid.py" line="409" name="test_boundaries_dtype[&lt;lambda&gt;6]" time="0.0004017353057861328"><skipped message="Suite splitting in effect" type="pytest.skip">src/pymortests/grid.py:409: Suite splitting in effect</skipped></testcase><testcase classname="src.pymortests.grid" file="src/pymortests/grid.py" line="409" name="test_boundaries_dtype[&lt;lambda&gt;7]" time="0.00046062469482421875"><skipped message="Suite splitting in effect" type="pytest.skip">src/pymortests/grid.py:409: Suite splitting in effect</skipped></testcase><testcase classname="src.pymortests.grid" file="src/pymortests/grid.py" line="409" name="test_boundaries_dtype[&lt;lambda&gt;8]" time="0.00043702125549316406"><skipped message="Suite splitting in effect" type="pytest.skip">src/pymortests/grid.py:409: Suite splitting in effect</skipped></testcase><testcase classname="src.pymortests.grid" file="src/pymortests/grid.py" line="409" name="test_boundaries_dtype[&lt;lambda&gt;9]" time="0.0004038810729980469"><skipped message="Suite splitting in effect" type="pytest.skip">src/pymortests/grid.py:409: Suite splitting in effect</skipped></testcase><testcase classname="src.pymortests.grid" file="src/pymortests/grid.py" line="409" name="test_boundaries_dtype[&lt;lambda&gt;10]" time="0.0004265308380126953"><skipped message="Suite splitting in effect" type="pytest.skip">src/pymortests/grid.py:409: Suite splitting in effect</skipped></testcase><testcase classname="src.pymortests.grid" file="src/pymortests/grid.py" line="409" name="test_boundaries_dtype[&lt;lambda&gt;11]" time="0.00043582916259765625"><skipped message="Suite splitting in effect" type="pytest.skip">src/pymortests/grid.py:409: Suite splitting in effect</skipped></testcase><testcase classname="src.pymortests.grid" file="src/pymortests/grid.py" line="409" name="test_boundaries_dtype[&lt;lambda&gt;12]" time="0.0004062652587890625"><skipped message="Suite splitting in effect" type="pytest.skip">src/pymortests/grid.py:409: Suite splitting in effect</skipped></testcase><testcase classname="src.pymortests.grid" file="src/pymortests/grid.py" line="409" name="test_boundaries_dtype[&lt;lambda&gt;13]" time="0.00043892860412597656"><skipped message="Suite splitting in effect" type="pytest.skip">src/pymortests/grid.py:409: Suite splitting in effect</skipped></testcase><testcase classname="src.pymortests.grid" file="src/pymortests/grid.py" line="409" name="test_boundaries_dtype[&lt;lambda&gt;14]" time="0.0004286766052246094"><skipped message="Suite splitting in effect" type="pytest.skip">src/pymortests/grid.py:409: Suite splitting in effect</skipped></testcase><testcase classname="src.pymortests.grid" file="src/pymortests/grid.py" line="409" name="test_boundaries_dtype[&lt;lambda&gt;15]" time="0.0003998279571533203"><skipped message="Suite splitting in effect" type="pytest.skip">src/pymortests/grid.py:409: Suite splitting in effect</skipped></testcase><testcase classname="src.pymortests.grid" file="src/pymortests/grid.py" line="409" name="test_boundaries_dtype[&lt;lambda&gt;16]" time="0.0004088878631591797"><skipped message="Suite splitting in effect" type="pytest.skip">src/pymortests/grid.py:409: Suite splitting in effect</skipped></testcase><testcase classname="src.pymortests.grid" file="src/pymortests/grid.py" line="409" name="test_boundaries_dtype[&lt;lambda&gt;17]" time="0.0007026195526123047"><skipped message="Suite splitting in effect" type="pytest.skip">src/pymortests/grid.py:409: Suite splitting in effect</skipped></testcase><testcase classname="src.pymortests.grid" file="src/pymortests/grid.py" line="409" name="test_boundaries_dtype[&lt;lambda&gt;18]" time="0.00039124488830566406"><skipped message="Suite splitting in effect" type="pytest.skip">src/pymortests/grid.py:409: Suite splitting in effect</skipped></testcase><testcase classname="src.pymortests.grid" file="src/pymortests/grid.py" line="409" name="test_boundaries_dtype[&lt;lambda&gt;19]" time="0.00042366981506347656"><skipped message="Suite splitting in effect" type="pytest.skip">src/pymortests/grid.py:409: Suite splitting in effect</skipped></testcase><testcase classname="src.pymortests.grid" file="src/pymortests/grid.py" line="409" name="test_boundaries_dtype[&lt;lambda&gt;20]" time="0.0003991127014160156"><skipped message="Suite splitting in effect" type="pytest.skip">src/pymortests/grid.py:409: Suite splitting in effect</skipped></testcase><testcase classname="src.pymortests.grid" file="src/pymortests/grid.py" line="409" name="test_boundaries_dtype[&lt;lambda&gt;21]" time="0.0004482269287109375"><skipped message="Suite splitting in effect" type="pytest.skip">src/pymortests/grid.py:409: Suite splitting in effect</skipped></testcase><testcase classname="src.pymortests.grid" file="src/pymortests/grid.py" line="409" name="test_boundaries_dtype[&lt;lambda&gt;22]" time="0.0004813671112060547"><skipped message="Suite splitting in effect" type="pytest.skip">src/pymortests/grid.py:409: Suite splitting in effect</skipped></testcase><testcase classname="src.pymortests.grid" file="src/pymortests/grid.py" line="409" name="test_boundaries_dtype[&lt;lambda&gt;23]" time="0.000408172607421875"><skipped message="Suite splitting in effect" type="pytest.skip">src/pymortests/grid.py:409: Suite splitting in effect</skipped></testcase><testcase classname="src.pymortests.grid" file="src/pymortests/grid.py" line="409" name="test_boundaries_dtype[&lt;lambda&gt;24]" time="0.00039458274841308594"><skipped message="Suite splitting in effect" type="pytest.skip">src/pymortests/grid.py:409: Suite splitting in effect</skipped></testcase><testcase classname="src.pymortests.grid" file="src/pymortests/grid.py" line="409" name="test_boundaries_dtype[&lt;lambda&gt;25]" time="0.00038743019104003906"><skipped message="Suite splitting in effect" type="pytest.skip">src/pymortests/grid.py:409: Suite splitting in effect</skipped></testcase><testcase classname="src.pymortests.grid" file="src/pymortests/grid.py" line="409" name="test_boundaries_dtype[&lt;lambda&gt;26]" time="0.0004622936248779297"><skipped message="Suite splitting in effect" type="pytest.skip">src/pymortests/grid.py:409: Suite splitting in effect</skipped></testcase><testcase classname="src.pymortests.grid" file="src/pymortests/grid.py" line="409" name="test_boundaries_dtype[&lt;lambda&gt;27]" time="0.00047087669372558594"><skipped message="Suite splitting in effect" type="pytest.skip">src/pymortests/grid.py:409: Suite splitting in effect</skipped></testcase><testcase classname="src.pymortests.grid" file="src/pymortests/grid.py" line="409" name="test_boundaries_dtype[&lt;lambda&gt;28]" time="0.0004074573516845703"><skipped message="Suite splitting in effect" type="pytest.skip">src/pymortests/grid.py:409: Suite splitting in effect</skipped></testcase><testcase classname="src.pymortests.grid" file="src/pymortests/grid.py" line="409" name="test_boundaries_dtype[&lt;lambda&gt;29]" time="0.0004055500030517578"><skipped message="Suite splitting in effect" type="pytest.skip">src/pymortests/grid.py:409: Suite splitting in effect</skipped></testcase><testcase classname="src.pymortests.grid" file="src/pymortests/grid.py" line="409" name="test_boundaries_dtype[&lt;lambda&gt;30]" time="0.000400543212890625"><skipped message="Suite splitting in effect" type="pytest.skip">src/pymortests/grid.py:409: Suite splitting in effect</skipped></testcase><testcase classname="src.pymortests.grid" file="src/pymortests/grid.py" line="409" name="test_boundaries_dtype[&lt;lambda&gt;31]" time="0.0003962516784667969"><skipped message="Suite splitting in effect" type="pytest.skip">src/pymortests/grid.py:409: Suite splitting in effect</skipped></testcase><testcase classname="src.pymortests.grid" file="src/pymortests/grid.py" line="409" name="test_boundaries_dtype[&lt;lambda&gt;32]" time="0.00038886070251464844"><skipped message="Suite splitting in effect" type="pytest.skip">src/pymortests/grid.py:409: Suite splitting in effect</skipped></testcase><testcase classname="src.pymortests.grid" file="src/pymortests/grid.py" line="409" name="test_boundaries_dtype[&lt;lambda&gt;33]" time="0.0004467964172363281"><skipped message="Suite splitting in effect" type="pytest.skip">src/pymortests/grid.py:409: Suite splitting in effect</skipped></testcase><testcase classname="src.pymortests.grid" file="src/pymortests/grid.py" line="409" name="test_boundaries_dtype[&lt;lambda&gt;34]" time="0.0003895759582519531"><skipped message="Suite splitting in effect" type="pytest.skip">src/pymortests/grid.py:409: Suite splitting in effect</skipped></testcase><testcase classname="src.pymortests.grid" file="src/pymortests/grid.py" line="409" name="test_boundaries_dtype[&lt;lambda&gt;35]" time="0.00042510032653808594"><skipped message="Suite splitting in effect" type="pytest.skip">src/pymortests/grid.py:409: Suite splitting in effect</skipped></testcase><testcase classname="src.pymortests.grid" file="src/pymortests/grid.py" line="409" name="test_boundaries_dtype[&lt;lambda&gt;36]" time="0.00039196014404296875"><skipped message="Suite splitting in effect" type="pytest.skip">src/pymortests/grid.py:409: Suite splitting in effect</skipped></testcase><testcase classname="src.pymortests.grid" file="src/pymortests/grid.py" line="409" name="test_boundaries_dtype[&lt;lambda&gt;37]" time="0.0004088878631591797"><skipped message="Suite splitting in effect" type="pytest.skip">src/pymortests/grid.py:409: Suite splitting in effect</skipped></testcase><testcase classname="src.pymortests.grid" file="src/pymortests/grid.py" line="409" name="test_boundaries_dtype[&lt;lambda&gt;38]" time="0.0003914833068847656"><skipped message="Suite splitting in effect" type="pytest.skip">src/pymortests/grid.py:409: Suite splitting in effect</skipped></testcase><testcase classname="src.pymortests.grid" file="src/pymortests/grid.py" line="409" name="test_boundaries_dtype[&lt;lambda&gt;39]" time="0.00042438507080078125"><skipped message="Suite splitting in effect" type="pytest.skip">src/pymortests/grid.py:409: Suite splitting in effect</skipped></testcase><testcase classname="src.pymortests.grid" file="src/pymortests/grid.py" line="409" name="test_boundaries_dtype[&lt;lambda&gt;40]" time="0.00040149688720703125"><skipped message="Suite splitting in effect" type="pytest.skip">src/pymortests/grid.py:409: Suite splitting in effect</skipped></testcase><testcase classname="src.pymortests.grid" file="src/pymortests/grid.py" line="409" name="test_boundaries_dtype[&lt;lambda&gt;41]" time="0.00040030479431152344"><skipped message="Suite splitting in effect" type="pytest.skip">src/pymortests/grid.py:409: Suite splitting in effect</skipped></testcase><testcase classname="src.pymortests.grid" file="src/pymortests/grid.py" line="409" name="test_boundaries_dtype[&lt;lambda&gt;42]" time="0.0004074573516845703"><skipped message="Suite splitting in effect" type="pytest.skip">src/pymortests/grid.py:409: Suite splitting in effect</skipped></testcase><testcase classname="src.pymortests.grid" file="src/pymortests/grid.py" line="415" name="test_boundaries_entry_value_range[&lt;lambda&gt;0]" time="0.0003905296325683594"><skipped message="Suite splitting in effect" type="pytest.skip">src/pymortests/grid.py:415: Suite splitting in effect</skipped></testcase><testcase classname="src.pymortests.grid" file="src/pymortests/grid.py" line="415" name="test_boundaries_entry_value_range[&lt;lambda&gt;1]" time="0.0004169940948486328"><skipped message="Suite splitting in effect" type="pytest.skip">src/pymortests/grid.py:415: Suite splitting in effect</skipped></testcase><testcase classname="src.pymortests.grid" file="src/pymortests/grid.py" line="415" name="test_boundaries_entry_value_range[&lt;lambda&gt;2]" time="0.0004267692565917969"><skipped message="Suite splitting in effect" type="pytest.skip">src/pymortests/grid.py:415: Suite splitting in effect</skipped></testcase><testcase classname="src.pymortests.grid" file="src/pymortests/grid.py" line="415" name="test_boundaries_entry_value_range[&lt;lambda&gt;3]" time="0.00041222572326660156"><skipped message="Suite splitting in effect" type="pytest.skip">src/pymortests/grid.py:415: Suite splitting in effect</skipped></testcase><testcase classname="src.pymortests.grid" file="src/pymortests/grid.py" line="415" name="test_boundaries_entry_value_range[&lt;lambda&gt;4]" time="0.00041294097900390625"><skipped message="Suite splitting in effect" type="pytest.skip">src/pymortests/grid.py:415: Suite splitting in effect</skipped></testcase><testcase classname="src.pymortests.grid" file="src/pymortests/grid.py" line="415" name="test_boundaries_entry_value_range[&lt;lambda&gt;5]" time="0.0004451274871826172"><skipped message="Suite splitting in effect" type="pytest.skip">src/pymortests/grid.py:415: Suite splitting in effect</skipped></testcase><testcase classname="src.pymortests.grid" file="src/pymortests/grid.py" line="415" name="test_boundaries_entry_value_range[&lt;lambda&gt;6]" time="0.00041031837463378906"><skipped message="Suite splitting in effect" type="pytest.skip">src/pymortests/grid.py:415: Suite splitting in effect</skipped></testcase><testcase classname="src.pymortests.grid" file="src/pymortests/grid.py" line="415" name="test_boundaries_entry_value_range[&lt;lambda&gt;7]" time="0.00041484832763671875"><skipped message="Suite splitting in effect" type="pytest.skip">src/pymortests/grid.py:415: Suite splitting in effect</skipped></testcase><testcase classname="src.pymortests.grid" file="src/pymortests/grid.py" line="415" name="test_boundaries_entry_value_range[&lt;lambda&gt;8]" time="0.0003941059112548828"><skipped message="Suite splitting in effect" type="pytest.skip">src/pymortests/grid.py:415: Suite splitting in effect</skipped></testcase><testcase classname="src.pymortests.grid" file="src/pymortests/grid.py" line="415" name="test_boundaries_entry_value_range[&lt;lambda&gt;9]" time="0.000431060791015625"><skipped message="Suite splitting in effect" type="pytest.skip">src/pymortests/grid.py:415: Suite splitting in effect</skipped></testcase><testcase classname="src.pymortests.grid" file="src/pymortests/grid.py" line="415" name="test_boundaries_entry_value_range[&lt;lambda&gt;10]" time="0.00042629241943359375"><skipped message="Suite splitting in effect" type="pytest.skip">src/pymortests/grid.py:415: Suite splitting in effect</skipped></testcase><testcase classname="src.pymortests.grid" file="src/pymortests/grid.py" line="415" name="test_boundaries_entry_value_range[&lt;lambda&gt;11]" time="0.00040602684020996094"><skipped message="Suite splitting in effect" type="pytest.skip">src/pymortests/grid.py:415: Suite splitting in effect</skipped></testcase><testcase classname="src.pymortests.grid" file="src/pymortests/grid.py" line="415" name="test_boundaries_entry_value_range[&lt;lambda&gt;12]" time="0.0004076957702636719"><skipped message="Suite splitting in effect" type="pytest.skip">src/pymortests/grid.py:415: Suite splitting in effect</skipped></testcase><testcase classname="src.pymortests.grid" file="src/pymortests/grid.py" line="415" name="test_boundaries_entry_value_range[&lt;lambda&gt;13]" time="0.00039768218994140625"><skipped message="Suite splitting in effect" type="pytest.skip">src/pymortests/grid.py:415: Suite splitting in effect</skipped></testcase><testcase classname="src.pymortests.grid" file="src/pymortests/grid.py" line="415" name="test_boundaries_entry_value_range[&lt;lambda&gt;14]" time="0.0004000663757324219"><skipped message="Suite splitting in effect" type="pytest.skip">src/pymortests/grid.py:415: Suite splitting in effect</skipped></testcase><testcase classname="src.pymortests.grid" file="src/pymortests/grid.py" line="415" name="test_boundaries_entry_value_range[&lt;lambda&gt;15]" time="0.00044083595275878906"><skipped message="Suite splitting in effect" type="pytest.skip">src/pymortests/grid.py:415: Suite splitting in effect</skipped></testcase><testcase classname="src.pymortests.grid" file="src/pymortests/grid.py" line="415" name="test_boundaries_entry_value_range[&lt;lambda&gt;16]" time="0.00043463706970214844"><skipped message="Suite splitting in effect" type="pytest.skip">src/pymortests/grid.py:415: Suite splitting in effect</skipped></testcase><testcase classname="src.pymortests.grid" file="src/pymortests/grid.py" line="415" name="test_boundaries_entry_value_range[&lt;lambda&gt;17]" time="0.0004208087921142578"><skipped message="Suite splitting in effect" type="pytest.skip">src/pymortests/grid.py:415: Suite splitting in effect</skipped></testcase><testcase classname="src.pymortests.grid" file="src/pymortests/grid.py" line="415" name="test_boundaries_entry_value_range[&lt;lambda&gt;18]" time="0.00040793418884277344"><skipped message="Suite splitting in effect" type="pytest.skip">src/pymortests/grid.py:415: Suite splitting in effect</skipped></testcase><testcase classname="src.pymortests.grid" file="src/pymortests/grid.py" line="415" name="test_boundaries_entry_value_range[&lt;lambda&gt;19]" time="0.00042819976806640625"><skipped message="Suite splitting in effect" type="pytest.skip">src/pymortests/grid.py:415: Suite splitting in effect</skipped></testcase><testcase classname="src.pymortests.grid" file="src/pymortests/grid.py" line="415" name="test_boundaries_entry_value_range[&lt;lambda&gt;20]" time="0.00042629241943359375"><skipped message="Suite splitting in effect" type="pytest.skip">src/pymortests/grid.py:415: Suite splitting in effect</skipped></testcase><testcase classname="src.pymortests.grid" file="src/pymortests/grid.py" line="415" name="test_boundaries_entry_value_range[&lt;lambda&gt;21]" time="0.0004420280456542969"><skipped message="Suite splitting in effect" type="pytest.skip">src/pymortests/grid.py:415: Suite splitting in effect</skipped></testcase><testcase classname="src.pymortests.grid" file="src/pymortests/grid.py" line="415" name="test_boundaries_entry_value_range[&lt;lambda&gt;22]" time="0.00041103363037109375"><skipped message="Suite splitting in effect" type="pytest.skip">src/pymortests/grid.py:415: Suite splitting in effect</skipped></testcase><testcase classname="src.pymortests.grid" file="src/pymortests/grid.py" line="415" name="test_boundaries_entry_value_range[&lt;lambda&gt;23]" time="0.00040912628173828125"><skipped message="Suite splitting in effect" type="pytest.skip">src/pymortests/grid.py:415: Suite splitting in effect</skipped></testcase><testcase classname="src.pymortests.grid" file="src/pymortests/grid.py" line="415" name="test_boundaries_entry_value_range[&lt;lambda&gt;24]" time="0.0003914833068847656"><skipped message="Suite splitting in effect" type="pytest.skip">src/pymortests/grid.py:415: Suite splitting in effect</skipped></testcase><testcase classname="src.pymortests.grid" file="src/pymortests/grid.py" line="415" name="test_boundaries_entry_value_range[&lt;lambda&gt;25]" time="0.0004279613494873047"><skipped message="Suite splitting in effect" type="pytest.skip">src/pymortests/grid.py:415: Suite splitting in effect</skipped></testcase><testcase classname="src.pymortests.grid" file="src/pymortests/grid.py" line="415" name="test_boundaries_entry_value_range[&lt;lambda&gt;26]" time="0.00044918060302734375"><skipped message="Suite splitting in effect" type="pytest.skip">src/pymortests/grid.py:415: Suite splitting in effect</skipped></testcase><testcase classname="src.pymortests.grid" file="src/pymortests/grid.py" line="415" name="test_boundaries_entry_value_range[&lt;lambda&gt;27]" time="0.0004210472106933594"><skipped message="Suite splitting in effect" type="pytest.skip">src/pymortests/grid.py:415: Suite splitting in effect</skipped></testcase><testcase classname="src.pymortests.grid" file="src/pymortests/grid.py" line="415" name="test_boundaries_entry_value_range[&lt;lambda&gt;28]" time="0.00044846534729003906"><skipped message="Suite splitting in effect" type="pytest.skip">src/pymortests/grid.py:415: Suite splitting in effect</skipped></testcase><testcase classname="src.pymortests.grid" file="src/pymortests/grid.py" line="415" name="test_boundaries_entry_value_range[&lt;lambda&gt;29]" time="0.0003979206085205078"><skipped message="Suite splitting in effect" type="pytest.skip">src/pymortests/grid.py:415: Suite splitting in effect</skipped></testcase><testcase classname="src.pymortests.grid" file="src/pymortests/grid.py" line="415" name="test_boundaries_entry_value_range[&lt;lambda&gt;30]" time="0.00042891502380371094"><skipped message="Suite splitting in effect" type="pytest.skip">src/pymortests/grid.py:415: Suite splitting in effect</skipped></testcase><testcase classname="src.pymortests.grid" file="src/pymortests/grid.py" line="415" name="test_boundaries_entry_value_range[&lt;lambda&gt;31]" time="0.0003910064697265625"><skipped message="Suite splitting in effect" type="pytest.skip">src/pymortests/grid.py:415: Suite splitting in effect</skipped></testcase><testcase classname="src.pymortests.grid" file="src/pymortests/grid.py" line="415" name="test_boundaries_entry_value_range[&lt;lambda&gt;32]" time="0.00042176246643066406"><skipped message="Suite splitting in effect" type="pytest.skip">src/pymortests/grid.py:415: Suite splitting in effect</skipped></testcase><testcase classname="src.pymortests.grid" file="src/pymortests/grid.py" line="415" name="test_boundaries_entry_value_range[&lt;lambda&gt;33]" time="0.0004024505615234375"><skipped message="Suite splitting in effect" type="pytest.skip">src/pymortests/grid.py:415: Suite splitting in effect</skipped></testcase><testcase classname="src.pymortests.grid" file="src/pymortests/grid.py" line="415" name="test_boundaries_entry_value_range[&lt;lambda&gt;34]" time="0.00040268898010253906"><skipped message="Suite splitting in effect" type="pytest.skip">src/pymortests/grid.py:415: Suite splitting in effect</skipped></testcase><testcase classname="src.pymortests.grid" file="src/pymortests/grid.py" line="415" name="test_boundaries_entry_value_range[&lt;lambda&gt;35]" time="0.0004107952117919922"><skipped message="Suite splitting in effect" type="pytest.skip">src/pymortests/grid.py:415: Suite splitting in effect</skipped></testcase><testcase classname="src.pymortests.grid" file="src/pymortests/grid.py" line="415" name="test_boundaries_entry_value_range[&lt;lambda&gt;36]" time="0.0005438327789306641"><skipped message="Suite splitting in effect" type="pytest.skip">src/pymortests/grid.py:415: Suite splitting in effect</skipped></testcase><testcase classname="src.pymortests.grid" file="src/pymortests/grid.py" line="415" name="test_boundaries_entry_value_range[&lt;lambda&gt;37]" time="0.0003960132598876953"><skipped message="Suite splitting in effect" type="pytest.skip">src/pymortests/grid.py:415: Suite splitting in effect</skipped></testcase><testcase classname="src.pymortests.grid" file="src/pymortests/grid.py" line="415" name="test_boundaries_entry_value_range[&lt;lambda&gt;38]" time="0.00040459632873535156"><skipped message="Suite splitting in effect" type="pytest.skip">src/pymortests/grid.py:415: Suite splitting in effect</skipped></testcase><testcase classname="src.pymortests.grid" file="src/pymortests/grid.py" line="415" name="test_boundaries_entry_value_range[&lt;lambda&gt;39]" time="0.0004119873046875"><skipped message="Suite splitting in effect" type="pytest.skip">src/pymortests/grid.py:415: Suite splitting in effect</skipped></testcase><testcase classname="src.pymortests.grid" file="src/pymortests/grid.py" line="415" name="test_boundaries_entry_value_range[&lt;lambda&gt;40]" time="0.0003905296325683594"><skipped message="Suite splitting in effect" type="pytest.skip">src/pymortests/grid.py:415: Suite splitting in effect</skipped></testcase><testcase classname="src.pymortests.grid" file="src/pymortests/grid.py" line="415" name="test_boundaries_entry_value_range[&lt;lambda&gt;41]" time="0.00041031837463378906"><skipped message="Suite splitting in effect" type="pytest.skip">src/pymortests/grid.py:415: Suite splitting in effect</skipped></testcase><testcase classname="src.pymortests.grid" file="src/pymortests/grid.py" line="415" name="test_boundaries_entry_value_range[&lt;lambda&gt;42]" time="0.00041937828063964844"><skipped message="Suite splitting in effect" type="pytest.skip">src/pymortests/grid.py:415: Suite splitting in effect</skipped></testcase><testcase classname="src.pymortests.grid" file="src/pymortests/grid.py" line="422" name="test_boundaries_entries[&lt;lambda&gt;0]" time="0.00040793418884277344"><skipped message="Suite splitting in effect" type="pytest.skip">src/pymortests/grid.py:422: Suite splitting in effect</skipped></testcase><testcase classname="src.pymortests.grid" file="src/pymortests/grid.py" line="422" name="test_boundaries_entries[&lt;lambda&gt;1]" time="0.00041103363037109375"><skipped message="Suite splitting in effect" type="pytest.skip">src/pymortests/grid.py:422: Suite splitting in effect</skipped></testcase><testcase classname="src.pymortests.grid" file="src/pymortests/grid.py" line="422" name="test_boundaries_entries[&lt;lambda&gt;2]" time="0.0004088878631591797"><skipped message="Suite splitting in effect" type="pytest.skip">src/pymortests/grid.py:422: Suite splitting in effect</skipped></testcase><testcase classname="src.pymortests.grid" file="src/pymortests/grid.py" line="422" name="test_boundaries_entries[&lt;lambda&gt;3]" time="0.00040721893310546875"><skipped message="Suite splitting in effect" type="pytest.skip">src/pymortests/grid.py:422: Suite splitting in effect</skipped></testcase><testcase classname="src.pymortests.grid" file="src/pymortests/grid.py" line="422" name="test_boundaries_entries[&lt;lambda&gt;4]" time="0.00040793418884277344"><skipped message="Suite splitting in effect" type="pytest.skip">src/pymortests/grid.py:422: Suite splitting in effect</skipped></testcase><testcase classname="src.pymortests.grid" file="src/pymortests/grid.py" line="422" name="test_boundaries_entries[&lt;lambda&gt;5]" time="0.00040602684020996094"><skipped message="Suite splitting in effect" type="pytest.skip">src/pymortests/grid.py:422: Suite splitting in effect</skipped></testcase><testcase classname="src.pymortests.grid" file="src/pymortests/grid.py" line="422" name="test_boundaries_entries[&lt;lambda&gt;6]" time="0.00040793418884277344"><skipped message="Suite splitting in effect" type="pytest.skip">src/pymortests/grid.py:422: Suite splitting in effect</skipped></testcase><testcase classname="src.pymortests.grid" file="src/pymortests/grid.py" line="422" name="test_boundaries_entries[&lt;lambda&gt;7]" time="0.0004029273986816406"><skipped message="Suite splitting in effect" type="pytest.skip">src/pymortests/grid.py:422: Suite splitting in effect</skipped></testcase><testcase classname="src.pymortests.grid" file="src/pymortests/grid.py" line="422" name="test_boundaries_entries[&lt;lambda&gt;8]" time="0.00042700767517089844"><skipped message="Suite splitting in effect" type="pytest.skip">src/pymortests/grid.py:422: Suite splitting in effect</skipped></testcase><testcase classname="src.pymortests.grid" file="src/pymortests/grid.py" line="422" name="test_boundaries_entries[&lt;lambda&gt;9]" time="0.0003921985626220703"><skipped message="Suite splitting in effect" type="pytest.skip">src/pymortests/grid.py:422: Suite splitting in effect</skipped></testcase><testcase classname="src.pymortests.grid" file="src/pymortests/grid.py" line="422" name="test_boundaries_entries[&lt;lambda&gt;10]" time="0.00042128562927246094"><skipped message="Suite splitting in effect" type="pytest.skip">src/pymortests/grid.py:422: Suite splitting in effect</skipped></testcase><testcase classname="src.pymortests.grid" file="src/pymortests/grid.py" line="422" name="test_boundaries_entries[&lt;lambda&gt;11]" time="0.0004355907440185547"><skipped message="Suite splitting in effect" type="pytest.skip">src/pymortests/grid.py:422: Suite splitting in effect</skipped></testcase><testcase classname="src.pymortests.grid" file="src/pymortests/grid.py" line="422" name="test_boundaries_entries[&lt;lambda&gt;12]" time="0.00042319297790527344"><skipped message="Suite splitting in effect" type="pytest.skip">src/pymortests/grid.py:422: Suite splitting in effect</skipped></testcase><testcase classname="src.pymortests.grid" file="src/pymortests/grid.py" line="422" name="test_boundaries_entries[&lt;lambda&gt;13]" time="0.0004127025604248047"><skipped message="Suite splitting in effect" type="pytest.skip">src/pymortests/grid.py:422: Suite splitting in effect</skipped></testcase><testcase classname="src.pymortests.grid" file="src/pymortests/grid.py" line="422" name="test_boundaries_entries[&lt;lambda&gt;14]" time="0.0003917217254638672"><skipped message="Suite splitting in effect" type="pytest.skip">src/pymortests/grid.py:422: Suite splitting in effect</skipped></testcase><testcase classname="src.pymortests.grid" file="src/pymortests/grid.py" line="422" name="test_boundaries_entries[&lt;lambda&gt;15]" time="0.00040841102600097656"><skipped message="Suite splitting in effect" type="pytest.skip">src/pymortests/grid.py:422: Suite splitting in effect</skipped></testcase><testcase classname="src.pymortests.grid" file="src/pymortests/grid.py" line="422" name="test_boundaries_entries[&lt;lambda&gt;16]" time="0.0004277229309082031"><skipped message="Suite splitting in effect" type="pytest.skip">src/pymortests/grid.py:422: Suite splitting in effect</skipped></testcase><testcase classname="src.pymortests.grid" file="src/pymortests/grid.py" line="422" name="test_boundaries_entries[&lt;lambda&gt;17]" time="0.00040793418884277344"><skipped message="Suite splitting in effect" type="pytest.skip">src/pymortests/grid.py:422: Suite splitting in effect</skipped></testcase><testcase classname="src.pymortests.grid" file="src/pymortests/grid.py" line="422" name="test_boundaries_entries[&lt;lambda&gt;18]" time="0.00040912628173828125"><skipped message="Suite splitting in effect" type="pytest.skip">src/pymortests/grid.py:422: Suite splitting in effect</skipped></testcase><testcase classname="src.pymortests.grid" file="src/pymortests/grid.py" line="422" name="test_boundaries_entries[&lt;lambda&gt;19]" time="0.0004591941833496094"><skipped message="Suite splitting in effect" type="pytest.skip">src/pymortests/grid.py:422: Suite splitting in effect</skipped></testcase><testcase classname="src.pymortests.grid" file="src/pymortests/grid.py" line="422" name="test_boundaries_entries[&lt;lambda&gt;20]" time="0.00041866302490234375"><skipped message="Suite splitting in effect" type="pytest.skip">src/pymortests/grid.py:422: Suite splitting in effect</skipped></testcase><testcase classname="src.pymortests.grid" file="src/pymortests/grid.py" line="422" name="test_boundaries_entries[&lt;lambda&gt;21]" time="0.0004107952117919922"><skipped message="Suite splitting in effect" type="pytest.skip">src/pymortests/grid.py:422: Suite splitting in effect</skipped></testcase><testcase classname="src.pymortests.grid" file="src/pymortests/grid.py" line="422" name="test_boundaries_entries[&lt;lambda&gt;22]" time="0.0004024505615234375"><skipped message="Suite splitting in effect" type="pytest.skip">src/pymortests/grid.py:422: Suite splitting in effect</skipped></testcase><testcase classname="src.pymortests.grid" file="src/pymortests/grid.py" line="422" name="test_boundaries_entries[&lt;lambda&gt;23]" time="0.00041103363037109375"><skipped message="Suite splitting in effect" type="pytest.skip">src/pymortests/grid.py:422: Suite splitting in effect</skipped></testcase><testcase classname="src.pymortests.grid" file="src/pymortests/grid.py" line="422" name="test_boundaries_entries[&lt;lambda&gt;24]" time="0.00043201446533203125"><skipped message="Suite splitting in effect" type="pytest.skip">src/pymortests/grid.py:422: Suite splitting in effect</skipped></testcase><testcase classname="src.pymortests.grid" file="src/pymortests/grid.py" line="422" name="test_boundaries_entries[&lt;lambda&gt;25]" time="0.0004208087921142578"><skipped message="Suite splitting in effect" type="pytest.skip">src/pymortests/grid.py:422: Suite splitting in effect</skipped></testcase><testcase classname="src.pymortests.grid" file="src/pymortests/grid.py" line="422" name="test_boundaries_entries[&lt;lambda&gt;26]" time="0.0006151199340820312"><skipped message="Suite splitting in effect" type="pytest.skip">src/pymortests/grid.py:422: Suite splitting in effect</skipped></testcase><testcase classname="src.pymortests.grid" file="src/pymortests/grid.py" line="422" name="test_boundaries_entries[&lt;lambda&gt;27]" time="0.0004267692565917969"><skipped message="Suite splitting in effect" type="pytest.skip">src/pymortests/grid.py:422: Suite splitting in effect</skipped></testcase><testcase classname="src.pymortests.grid" file="src/pymortests/grid.py" line="422" name="test_boundaries_entries[&lt;lambda&gt;28]" time="0.00038814544677734375"><skipped message="Suite splitting in effect" type="pytest.skip">src/pymortests/grid.py:422: Suite splitting in effect</skipped></testcase><testcase classname="src.pymortests.grid" file="src/pymortests/grid.py" line="422" name="test_boundaries_entries[&lt;lambda&gt;29]" time="0.0003993511199951172"><skipped message="Suite splitting in effect" type="pytest.skip">src/pymortests/grid.py:422: Suite splitting in effect</skipped></testcase><testcase classname="src.pymortests.grid" file="src/pymortests/grid.py" line="422" name="test_boundaries_entries[&lt;lambda&gt;30]" time="0.00039196014404296875"><skipped message="Suite splitting in effect" type="pytest.skip">src/pymortests/grid.py:422: Suite splitting in effect</skipped></testcase><testcase classname="src.pymortests.grid" file="src/pymortests/grid.py" line="422" name="test_boundaries_entries[&lt;lambda&gt;31]" time="0.0004050731658935547"><skipped message="Suite splitting in effect" type="pytest.skip">src/pymortests/grid.py:422: Suite splitting in effect</skipped></testcase><testcase classname="src.pymortests.grid" file="src/pymortests/grid.py" line="422" name="test_boundaries_entries[&lt;lambda&gt;32]" time="0.0004296302795410156"><skipped message="Suite splitting in effect" type="pytest.skip">src/pymortests/grid.py:422: Suite splitting in effect</skipped></testcase><testcase classname="src.pymortests.grid" file="src/pymortests/grid.py" line="422" name="test_boundaries_entries[&lt;lambda&gt;33]" time="0.00040793418884277344"><skipped message="Suite splitting in effect" type="pytest.skip">src/pymortests/grid.py:422: Suite splitting in effect</skipped></testcase><testcase classname="src.pymortests.grid" file="src/pymortests/grid.py" line="422" name="test_boundaries_entries[&lt;lambda&gt;34]" time="0.0012695789337158203"><skipped message="Suite splitting in effect" type="pytest.skip">src/pymortests/grid.py:422: Suite splitting in effect</skipped></testcase><testcase classname="src.pymortests.grid" file="src/pymortests/grid.py" line="422" name="test_boundaries_entries[&lt;lambda&gt;35]" time="0.00041985511779785156"><skipped message="Suite splitting in effect" type="pytest.skip">src/pymortests/grid.py:422: Suite splitting in effect</skipped></testcase><testcase classname="src.pymortests.grid" file="src/pymortests/grid.py" line="422" name="test_boundaries_entries[&lt;lambda&gt;36]" time="0.00043463706970214844"><skipped message="Suite splitting in effect" type="pytest.skip">src/pymortests/grid.py:422: Suite splitting in effect</skipped></testcase><testcase classname="src.pymortests.grid" file="src/pymortests/grid.py" line="422" name="test_boundaries_entries[&lt;lambda&gt;37]" time="0.0004057884216308594"><skipped message="Suite splitting in effect" type="pytest.skip">src/pymortests/grid.py:422: Suite splitting in effect</skipped></testcase><testcase classname="src.pymortests.grid" file="src/pymortests/grid.py" line="422" name="test_boundaries_entries[&lt;lambda&gt;38]" time="0.00043129920959472656"><skipped message="Suite splitting in effect" type="pytest.skip">src/pymortests/grid.py:422: Suite splitting in effect</skipped></testcase><testcase classname="src.pymortests.grid" file="src/pymortests/grid.py" line="422" name="test_boundaries_entries[&lt;lambda&gt;39]" time="0.0004074573516845703"><skipped message="Suite splitting in effect" type="pytest.skip">src/pymortests/grid.py:422: Suite splitting in effect</skipped></testcase><testcase classname="src.pymortests.grid" file="src/pymortests/grid.py" line="422" name="test_boundaries_entries[&lt;lambda&gt;40]" time="0.0004134178161621094"><skipped message="Suite splitting in effect" type="pytest.skip">src/pymortests/grid.py:422: Suite splitting in effect</skipped></testcase><testcase classname="src.pymortests.grid" file="src/pymortests/grid.py" line="422" name="test_boundaries_entries[&lt;lambda&gt;41]" time="0.0004286766052246094"><skipped message="Suite splitting in effect" type="pytest.skip">src/pymortests/grid.py:422: Suite splitting in effect</skipped></testcase><testcase classname="src.pymortests.grid" file="src/pymortests/grid.py" line="422" name="test_boundaries_entries[&lt;lambda&gt;42]" time="0.0004494190216064453"><skipped message="Suite splitting in effect" type="pytest.skip">src/pymortests/grid.py:422: Suite splitting in effect</skipped></testcase><testcase classname="src.pymortests.grid" file="src/pymortests/grid.py" line="428" name="test_pickle[&lt;lambda&gt;0]" time="0.0004057884216308594"><skipped message="Suite splitting in effect" type="pytest.skip">src/pymortests/grid.py:428: Suite splitting in effect</skipped></testcase><testcase classname="src.pymortests.grid" file="src/pymortests/grid.py" line="428" name="test_pickle[&lt;lambda&gt;1]" time="0.0003917217254638672"><skipped message="Suite splitting in effect" type="pytest.skip">src/pymortests/grid.py:428: Suite splitting in effect</skipped></testcase><testcase classname="src.pymortests.grid" file="src/pymortests/grid.py" line="428" name="test_pickle[&lt;lambda&gt;2]" time="0.00044155120849609375"><skipped message="Suite splitting in effect" type="pytest.skip">src/pymortests/grid.py:428: Suite splitting in effect</skipped></testcase><testcase classname="src.pymortests.grid" file="src/pymortests/grid.py" line="428" name="test_pickle[&lt;lambda&gt;3]" time="0.0005042552947998047"><skipped message="Suite splitting in effect" type="pytest.skip">src/pymortests/grid.py:428: Suite splitting in effect</skipped></testcase><testcase classname="src.pymortests.grid" file="src/pymortests/grid.py" line="428" name="test_pickle[&lt;lambda&gt;4]" time="0.00042510032653808594"><skipped message="Suite splitting in effect" type="pytest.skip">src/pymortests/grid.py:428: Suite splitting in effect</skipped></testcase><testcase classname="src.pymortests.grid" file="src/pymortests/grid.py" line="428" name="test_pickle[&lt;lambda&gt;5]" time="0.0004165172576904297"><skipped message="Suite splitting in effect" type="pytest.skip">src/pymortests/grid.py:428: Suite splitting in effect</skipped></testcase><testcase classname="src.pymortests.grid" file="src/pymortests/grid.py" line="428" name="test_pickle[&lt;lambda&gt;6]" time="0.00040984153747558594"><skipped message="Suite splitting in effect" type="pytest.skip">src/pymortests/grid.py:428: Suite splitting in effect</skipped></testcase><testcase classname="src.pymortests.grid" file="src/pymortests/grid.py" line="428" name="test_pickle[&lt;lambda&gt;7]" time="0.00040721893310546875"><skipped message="Suite splitting in effect" type="pytest.skip">src/pymortests/grid.py:428: Suite splitting in effect</skipped></testcase><testcase classname="src.pymortests.grid" file="src/pymortests/grid.py" line="428" name="test_pickle[&lt;lambda&gt;8]" time="0.0003998279571533203"><skipped message="Suite splitting in effect" type="pytest.skip">src/pymortests/grid.py:428: Suite splitting in effect</skipped></testcase><testcase classname="src.pymortests.grid" file="src/pymortests/grid.py" line="428" name="test_pickle[&lt;lambda&gt;9]" time="0.00039649009704589844"><skipped message="Suite splitting in effect" type="pytest.skip">src/pymortests/grid.py:428: Suite splitting in effect</skipped></testcase><testcase classname="src.pymortests.grid" file="src/pymortests/grid.py" line="428" name="test_pickle[&lt;lambda&gt;10]" time="0.0004074573516845703"><skipped message="Suite splitting in effect" type="pytest.skip">src/pymortests/grid.py:428: Suite splitting in effect</skipped></testcase><testcase classname="src.pymortests.grid" file="src/pymortests/grid.py" line="428" name="test_pickle[&lt;lambda&gt;11]" time="0.0003955364227294922"><skipped message="Suite splitting in effect" type="pytest.skip">src/pymortests/grid.py:428: Suite splitting in effect</skipped></testcase><testcase classname="src.pymortests.grid" file="src/pymortests/grid.py" line="428" name="test_pickle[&lt;lambda&gt;12]" time="0.000423431396484375"><skipped message="Suite splitting in effect" type="pytest.skip">src/pymortests/grid.py:428: Suite splitting in effect</skipped></testcase><testcase classname="src.pymortests.grid" file="src/pymortests/grid.py" line="428" name="test_pickle[&lt;lambda&gt;13]" time="0.00041866302490234375"><skipped message="Suite splitting in effect" type="pytest.skip">src/pymortests/grid.py:428: Suite splitting in effect</skipped></testcase><testcase classname="src.pymortests.grid" file="src/pymortests/grid.py" line="428" name="test_pickle[&lt;lambda&gt;14]" time="0.000438690185546875"><skipped message="Suite splitting in effect" type="pytest.skip">src/pymortests/grid.py:428: Suite splitting in effect</skipped></testcase><testcase classname="src.pymortests.grid" file="src/pymortests/grid.py" line="428" name="test_pickle[&lt;lambda&gt;15]" time="0.00039577484130859375"><skipped message="Suite splitting in effect" type="pytest.skip">src/pymortests/grid.py:428: Suite splitting in effect</skipped></testcase><testcase classname="src.pymortests.grid" file="src/pymortests/grid.py" line="428" name="test_pickle[&lt;lambda&gt;16]" time="0.0004131793975830078"><skipped message="Suite splitting in effect" type="pytest.skip">src/pymortests/grid.py:428: Suite splitting in effect</skipped></testcase><testcase classname="src.pymortests.grid" file="src/pymortests/grid.py" line="428" name="test_pickle[&lt;lambda&gt;17]" time="0.0003879070281982422"><skipped message="Suite splitting in effect" type="pytest.skip">src/pymortests/grid.py:428: Suite splitting in effect</skipped></testcase><testcase classname="src.pymortests.grid" file="src/pymortests/grid.py" line="428" name="test_pickle[&lt;lambda&gt;18]" time="0.0004215240478515625"><skipped message="Suite splitting in effect" type="pytest.skip">src/pymortests/grid.py:428: Suite splitting in effect</skipped></testcase><testcase classname="src.pymortests.grid" file="src/pymortests/grid.py" line="428" name="test_pickle[&lt;lambda&gt;19]" time="0.0003943443298339844"><skipped message="Suite splitting in effect" type="pytest.skip">src/pymortests/grid.py:428: Suite splitting in effect</skipped></testcase><testcase classname="src.pymortests.grid" file="src/pymortests/grid.py" line="428" name="test_pickle[&lt;lambda&gt;20]" time="0.0004241466522216797"><skipped message="Suite splitting in effect" type="pytest.skip">src/pymortests/grid.py:428: Suite splitting in effect</skipped></testcase><testcase classname="src.pymortests.grid" file="src/pymortests/grid.py" line="428" name="test_pickle[&lt;lambda&gt;21]" time="0.0003924369812011719"><skipped message="Suite splitting in effect" type="pytest.skip">src/pymortests/grid.py:428: Suite splitting in effect</skipped></testcase><testcase classname="src.pymortests.grid" file="src/pymortests/grid.py" line="428" name="test_pickle[&lt;lambda&gt;22]" time="0.00044274330139160156"><skipped message="Suite splitting in effect" type="pytest.skip">src/pymortests/grid.py:428: Suite splitting in effect</skipped></testcase><testcase classname="src.pymortests.grid" file="src/pymortests/grid.py" line="428" name="test_pickle[&lt;lambda&gt;23]" time="0.00041794776916503906"><skipped message="Suite splitting in effect" type="pytest.skip">src/pymortests/grid.py:428: Suite splitting in effect</skipped></testcase><testcase classname="src.pymortests.grid" file="src/pymortests/grid.py" line="428" name="test_pickle[&lt;lambda&gt;24]" time="0.00040411949157714844"><skipped message="Suite splitting in effect" type="pytest.skip">src/pymortests/grid.py:428: Suite splitting in effect</skipped></testcase><testcase classname="src.pymortests.grid" file="src/pymortests/grid.py" line="428" name="test_pickle[&lt;lambda&gt;25]" time="0.0004241466522216797"><skipped message="Suite splitting in effect" type="pytest.skip">src/pymortests/grid.py:428: Suite splitting in effect</skipped></testcase><testcase classname="src.pymortests.grid" file="src/pymortests/grid.py" line="428" name="test_pickle[&lt;lambda&gt;26]" time="0.0004069805145263672"><skipped message="Suite splitting in effect" type="pytest.skip">src/pymortests/grid.py:428: Suite splitting in effect</skipped></testcase><testcase classname="src.pymortests.grid" file="src/pymortests/grid.py" line="428" name="test_pickle[&lt;lambda&gt;27]" time="0.0004088878631591797"><skipped message="Suite splitting in effect" type="pytest.skip">src/pymortests/grid.py:428: Suite splitting in effect</skipped></testcase><testcase classname="src.pymortests.grid" file="src/pymortests/grid.py" line="428" name="test_pickle[&lt;lambda&gt;28]" time="0.0004131793975830078"><skipped message="Suite splitting in effect" type="pytest.skip">src/pymortests/grid.py:428: Suite splitting in effect</skipped></testcase><testcase classname="src.pymortests.grid" file="src/pymortests/grid.py" line="428" name="test_pickle[&lt;lambda&gt;29]" time="0.000408172607421875"><skipped message="Suite splitting in effect" type="pytest.skip">src/pymortests/grid.py:428: Suite splitting in effect</skipped></testcase><testcase classname="src.pymortests.grid" file="src/pymortests/grid.py" line="428" name="test_pickle[&lt;lambda&gt;30]" time="0.00041031837463378906"><skipped message="Suite splitting in effect" type="pytest.skip">src/pymortests/grid.py:428: Suite splitting in effect</skipped></testcase><testcase classname="src.pymortests.grid" file="src/pymortests/grid.py" line="428" name="test_pickle[&lt;lambda&gt;31]" time="0.0003921985626220703"><skipped message="Suite splitting in effect" type="pytest.skip">src/pymortests/grid.py:428: Suite splitting in effect</skipped></testcase><testcase classname="src.pymortests.grid" file="src/pymortests/grid.py" line="428" name="test_pickle[&lt;lambda&gt;32]" time="0.00042057037353515625"><skipped message="Suite splitting in effect" type="pytest.skip">src/pymortests/grid.py:428: Suite splitting in effect</skipped></testcase><testcase classname="src.pymortests.grid" file="src/pymortests/grid.py" line="428" name="test_pickle[&lt;lambda&gt;33]" time="0.00043392181396484375"><skipped message="Suite splitting in effect" type="pytest.skip">src/pymortests/grid.py:428: Suite splitting in effect</skipped></testcase><testcase classname="src.pymortests.grid" file="src/pymortests/grid.py" line="428" name="test_pickle[&lt;lambda&gt;34]" time="0.00040602684020996094"><skipped message="Suite splitting in effect" type="pytest.skip">src/pymortests/grid.py:428: Suite splitting in effect</skipped></testcase><testcase classname="src.pymortests.grid" file="src/pymortests/grid.py" line="428" name="test_pickle[&lt;lambda&gt;35]" time="0.00041961669921875"><skipped message="Suite splitting in effect" type="pytest.skip">src/pymortests/grid.py:428: Suite splitting in effect</skipped></testcase><testcase classname="src.pymortests.grid" file="src/pymortests/grid.py" line="428" name="test_pickle[&lt;lambda&gt;36]" time="0.0004420280456542969"><skipped message="Suite splitting in effect" type="pytest.skip">src/pymortests/grid.py:428: Suite splitting in effect</skipped></testcase><testcase classname="src.pymortests.grid" file="src/pymortests/grid.py" line="428" name="test_pickle[&lt;lambda&gt;37]" time="0.000400543212890625"><skipped message="Suite splitting in effect" type="pytest.skip">src/pymortests/grid.py:428: Suite splitting in effect</skipped></testcase><testcase classname="src.pymortests.grid" file="src/pymortests/grid.py" line="428" name="test_pickle[&lt;lambda&gt;38]" time="0.0004127025604248047"><skipped message="Suite splitting in effect" type="pytest.skip">src/pymortests/grid.py:428: Suite splitting in effect</skipped></testcase><testcase classname="src.pymortests.grid" file="src/pymortests/grid.py" line="428" name="test_pickle[&lt;lambda&gt;39]" time="0.0004127025604248047"><skipped message="Suite splitting in effect" type="pytest.skip">src/pymortests/grid.py:428: Suite splitting in effect</skipped></testcase><testcase classname="src.pymortests.grid" file="src/pymortests/grid.py" line="428" name="test_pickle[&lt;lambda&gt;40]" time="0.0003864765167236328"><skipped message="Suite splitting in effect" type="pytest.skip">src/pymortests/grid.py:428: Suite splitting in effect</skipped></testcase><testcase classname="src.pymortests.grid" file="src/pymortests/grid.py" line="428" name="test_pickle[&lt;lambda&gt;41]" time="0.0004303455352783203"><skipped message="Suite splitting in effect" type="pytest.skip">src/pymortests/grid.py:428: Suite splitting in effect</skipped></testcase><testcase classname="src.pymortests.grid" file="src/pymortests/grid.py" line="428" name="test_pickle[&lt;lambda&gt;42]" time="0.0003936290740966797"><skipped message="Suite splitting in effect" type="pytest.skip">src/pymortests/grid.py:428: Suite splitting in effect</skipped></testcase><testcase classname="src.pymortests.grid" file="src/pymortests/grid.py" line="432" name="test_visualize[&lt;lambda&gt;0]" time="0.000431060791015625"><skipped message="Suite splitting in effect" type="pytest.skip">src/pymortests/grid.py:432: Suite splitting in effect</skipped></testcase><testcase classname="src.pymortests.grid" file="src/pymortests/grid.py" line="432" name="test_visualize[&lt;lambda&gt;1]" time="0.0004353523254394531"><skipped message="Suite splitting in effect" type="pytest.skip">src/pymortests/grid.py:432: Suite splitting in effect</skipped></testcase><testcase classname="src.pymortests.grid" file="src/pymortests/grid.py" line="432" name="test_visualize[&lt;lambda&gt;2]" time="0.0004153251647949219"><skipped message="Suite splitting in effect" type="pytest.skip">src/pymortests/grid.py:432: Suite splitting in effect</skipped></testcase><testcase classname="src.pymortests.grid" file="src/pymortests/grid.py" line="432" name="test_visualize[&lt;lambda&gt;3]" time="0.0003943443298339844"><skipped message="Suite splitting in effect" type="pytest.skip">src/pymortests/grid.py:432: Suite splitting in effect</skipped></testcase><testcase classname="src.pymortests.grid" file="src/pymortests/grid.py" line="432" name="test_visualize[&lt;lambda&gt;4]" time="0.0004055500030517578"><skipped message="Suite splitting in effect" type="pytest.skip">src/pymortests/grid.py:432: Suite splitting in effect</skipped></testcase><testcase classname="src.pymortests.grid" file="src/pymortests/grid.py" line="432" name="test_visualize[&lt;lambda&gt;5]" time="0.00040912628173828125"><skipped message="Suite splitting in effect" type="pytest.skip">src/pymortests/grid.py:432: Suite splitting in effect</skipped></testcase><testcase classname="src.pymortests.grid" file="src/pymortests/grid.py" line="432" name="test_visualize[&lt;lambda&gt;6]" time="0.00040435791015625"><skipped message="Suite splitting in effect" type="pytest.skip">src/pymortests/grid.py:432: Suite splitting in effect</skipped></testcase><testcase classname="src.pymortests.grid" file="src/pymortests/grid.py" line="432" name="test_visualize[&lt;lambda&gt;7]" time="0.0004076957702636719"><skipped message="Suite splitting in effect" type="pytest.skip">src/pymortests/grid.py:432: Suite splitting in effect</skipped></testcase><testcase classname="src.pymortests.grid" file="src/pymortests/grid.py" line="432" name="test_visualize[&lt;lambda&gt;8]" time="0.00042891502380371094"><skipped message="Suite splitting in effect" type="pytest.skip">src/pymortests/grid.py:432: Suite splitting in effect</skipped></testcase><testcase classname="src.pymortests.grid" file="src/pymortests/grid.py" line="432" name="test_visualize[&lt;lambda&gt;9]" time="0.0004150867462158203"><skipped message="Suite splitting in effect" type="pytest.skip">src/pymortests/grid.py:432: Suite splitting in effect</skipped></testcase><testcase classname="src.pymortests.grid" file="src/pymortests/grid.py" line="432" name="test_visualize[&lt;lambda&gt;10]" time="0.0004127025604248047"><skipped message="Suite splitting in effect" type="pytest.skip">src/pymortests/grid.py:432: Suite splitting in effect</skipped></testcase><testcase classname="src.pymortests.grid" file="src/pymortests/grid.py" line="432" name="test_visualize[&lt;lambda&gt;11]" time="0.0004100799560546875"><skipped message="Suite splitting in effect" type="pytest.skip">src/pymortests/grid.py:432: Suite splitting in effect</skipped></testcase><testcase classname="src.pymortests.grid" file="src/pymortests/grid.py" line="432" name="test_visualize[&lt;lambda&gt;12]" time="0.0004067420959472656"><skipped message="Suite splitting in effect" type="pytest.skip">src/pymortests/grid.py:432: Suite splitting in effect</skipped></testcase><testcase classname="src.pymortests.grid" file="src/pymortests/grid.py" line="432" name="test_visualize[&lt;lambda&gt;13]" time="0.00039124488830566406"><skipped message="Suite splitting in effect" type="pytest.skip">src/pymortests/grid.py:432: Suite splitting in effect</skipped></testcase><testcase classname="src.pymortests.grid" file="src/pymortests/grid.py" line="432" name="test_visualize[&lt;lambda&gt;14]" time="0.00040030479431152344"><skipped message="Suite splitting in effect" type="pytest.skip">src/pymortests/grid.py:432: Suite splitting in effect</skipped></testcase><testcase classname="src.pymortests.grid" file="src/pymortests/grid.py" line="432" name="test_visualize[&lt;lambda&gt;15]" time="0.0004105567932128906"><skipped message="Suite splitting in effect" type="pytest.skip">src/pymortests/grid.py:432: Suite splitting in effect</skipped></testcase><testcase classname="src.pymortests.grid" file="src/pymortests/grid.py" line="432" name="test_visualize[&lt;lambda&gt;16]" time="0.0004165172576904297"><skipped message="Suite splitting in effect" type="pytest.skip">src/pymortests/grid.py:432: Suite splitting in effect</skipped></testcase><testcase classname="src.pymortests.grid" file="src/pymortests/grid.py" line="432" name="test_visualize[&lt;lambda&gt;17]" time="0.0004074573516845703"><skipped message="Suite splitting in effect" type="pytest.skip">src/pymortests/grid.py:432: Suite splitting in effect</skipped></testcase><testcase classname="src.pymortests.grid" file="src/pymortests/grid.py" line="432" name="test_visualize[&lt;lambda&gt;18]" time="0.0003962516784667969"><skipped message="Suite splitting in effect" type="pytest.skip">src/pymortests/grid.py:432: Suite splitting in effect</skipped></testcase><testcase classname="src.pymortests.grid" file="src/pymortests/grid.py" line="432" name="test_visualize[&lt;lambda&gt;19]" time="0.00045561790466308594"><skipped message="Suite splitting in effect" type="pytest.skip">src/pymortests/grid.py:432: Suite splitting in effect</skipped></testcase><testcase classname="src.pymortests.grid" file="src/pymortests/grid.py" line="432" name="test_visualize[&lt;lambda&gt;20]" time="0.00038814544677734375"><skipped message="Suite splitting in effect" type="pytest.skip">src/pymortests/grid.py:432: Suite splitting in effect</skipped></testcase><testcase classname="src.pymortests.grid" file="src/pymortests/grid.py" line="432" name="test_visualize[&lt;lambda&gt;21]" time="0.00040721893310546875"><skipped message="Suite splitting in effect" type="pytest.skip">src/pymortests/grid.py:432: Suite splitting in effect</skipped></testcase><testcase classname="src.pymortests.grid" file="src/pymortests/grid.py" line="432" name="test_visualize[&lt;lambda&gt;22]" time="0.0004298686981201172"><skipped message="Suite splitting in effect" type="pytest.skip">src/pymortests/grid.py:432: Suite splitting in effect</skipped></testcase><testcase classname="src.pymortests.grid" file="src/pymortests/grid.py" line="432" name="test_visualize[&lt;lambda&gt;23]" time="0.0004258155822753906"><skipped message="Suite splitting in effect" type="pytest.skip">src/pymortests/grid.py:432: Suite splitting in effect</skipped></testcase><testcase classname="src.pymortests.grid" file="src/pymortests/grid.py" line="432" name="test_visualize[&lt;lambda&gt;24]" time="0.000392913818359375"><skipped message="Suite splitting in effect" type="pytest.skip">src/pymortests/grid.py:432: Suite splitting in effect</skipped></testcase><testcase classname="src.pymortests.grid" file="src/pymortests/grid.py" line="432" name="test_visualize[&lt;lambda&gt;25]" time="0.0004029273986816406"><skipped message="Suite splitting in effect" type="pytest.skip">src/pymortests/grid.py:432: Suite splitting in effect</skipped></testcase><testcase classname="src.pymortests.grid" file="src/pymortests/grid.py" line="432" name="test_visualize[&lt;lambda&gt;26]" time="0.00040841102600097656"><skipped message="Suite splitting in effect" type="pytest.skip">src/pymortests/grid.py:432: Suite splitting in effect</skipped></testcase><testcase classname="src.pymortests.grid" file="src/pymortests/grid.py" line="432" name="test_visualize[&lt;lambda&gt;27]" time="0.0004329681396484375"><skipped message="Suite splitting in effect" type="pytest.skip">src/pymortests/grid.py:432: Suite splitting in effect</skipped></testcase><testcase classname="src.pymortests.grid" file="src/pymortests/grid.py" line="432" name="test_visualize[&lt;lambda&gt;28]" time="0.0003943443298339844"><skipped message="Suite splitting in effect" type="pytest.skip">src/pymortests/grid.py:432: Suite splitting in effect</skipped></testcase><testcase classname="src.pymortests.grid" file="src/pymortests/grid.py" line="432" name="test_visualize[&lt;lambda&gt;29]" time="0.0004374980926513672"><skipped message="Suite splitting in effect" type="pytest.skip">src/pymortests/grid.py:432: Suite splitting in effect</skipped></testcase><testcase classname="src.pymortests.grid" file="src/pymortests/grid.py" line="432" name="test_visualize[&lt;lambda&gt;30]" time="0.000385284423828125"><skipped message="Suite splitting in effect" type="pytest.skip">src/pymortests/grid.py:432: Suite splitting in effect</skipped></testcase><testcase classname="src.pymortests.gui" file="src/pymortests/gui.py" line="26" name="test_visualize_patch[backend_gridtype0]" time="0.0004999637603759766"><skipped message="Suite splitting in effect" type="pytest.skip">src/pymortests/gui.py:26: Suite splitting in effect</skipped></testcase><testcase classname="src.pymortests.gui" file="src/pymortests/gui.py" line="26" name="test_visualize_patch[backend_gridtype1]" time="0.0004138946533203125"><skipped message="Suite splitting in effect" type="pytest.skip">src/pymortests/gui.py:26: Suite splitting in effect</skipped></testcase><testcase classname="src.pymortests.gui" file="src/pymortests/gui.py" line="26" name="test_visualize_patch[backend_gridtype2]" time="0.00041294097900390625"><skipped message="Suite splitting in effect" type="pytest.skip">src/pymortests/gui.py:26: Suite splitting in effect</skipped></testcase><testcase classname="src.pymortests.la" file="src/pymortests/la.py" line="13" name="test_induced" time="0.0004951953887939453"><skipped message="Suite splitting in effect" type="pytest.skip">src/pymortests/la.py:13: Suite splitting in effect</skipped></testcase><testcase classname="src.pymortests.lyapunov" file="src/pymortests/lyapunov.py" line="93" name="test_lrcf[scipy-False-False-1-100]" time="0.00047469139099121094"><skipped message="Suite splitting in effect" type="pytest.skip">src/pymortests/lyapunov.py:93: Suite splitting in effect</skipped></testcase><testcase classname="src.pymortests.lyapunov" file="src/pymortests/lyapunov.py" line="93" name="test_lrcf[scipy-False-False-1-200]" time="0.0004222393035888672"><skipped message="Suite splitting in effect" type="pytest.skip">src/pymortests/lyapunov.py:93: Suite splitting in effect</skipped></testcase><testcase classname="src.pymortests.lyapunov" file="src/pymortests/lyapunov.py" line="93" name="test_lrcf[scipy-False-False-2-100]" time="0.00041604042053222656"><skipped message="Suite splitting in effect" type="pytest.skip">src/pymortests/lyapunov.py:93: Suite splitting in effect</skipped></testcase><testcase classname="src.pymortests.lyapunov" file="src/pymortests/lyapunov.py" line="93" name="test_lrcf[scipy-False-False-2-200]" time="0.0004107952117919922"><skipped message="Suite splitting in effect" type="pytest.skip">src/pymortests/lyapunov.py:93: Suite splitting in effect</skipped></testcase><testcase classname="src.pymortests.lyapunov" file="src/pymortests/lyapunov.py" line="93" name="test_lrcf[scipy-False-True-1-100]" time="0.0004210472106933594"><skipped message="Suite splitting in effect" type="pytest.skip">src/pymortests/lyapunov.py:93: Suite splitting in effect</skipped></testcase><testcase classname="src.pymortests.lyapunov" file="src/pymortests/lyapunov.py" line="93" name="test_lrcf[scipy-False-True-1-200]" time="0.00040721893310546875"><skipped message="Suite splitting in effect" type="pytest.skip">src/pymortests/lyapunov.py:93: Suite splitting in effect</skipped></testcase><testcase classname="src.pymortests.lyapunov" file="src/pymortests/lyapunov.py" line="93" name="test_lrcf[scipy-False-True-2-100]" time="0.0004181861877441406"><skipped message="Suite splitting in effect" type="pytest.skip">src/pymortests/lyapunov.py:93: Suite splitting in effect</skipped></testcase><testcase classname="src.pymortests.lyapunov" file="src/pymortests/lyapunov.py" line="93" name="test_lrcf[scipy-False-True-2-200]" time="0.0003962516784667969"><skipped message="Suite splitting in effect" type="pytest.skip">src/pymortests/lyapunov.py:93: Suite splitting in effect</skipped></testcase><testcase classname="src.pymortests.lyapunov" file="src/pymortests/lyapunov.py" line="93" name="test_lrcf[scipy-True-False-1-100]" time="0.00042319297790527344"><skipped message="Suite splitting in effect" type="pytest.skip">src/pymortests/lyapunov.py:93: Suite splitting in effect</skipped></testcase><testcase classname="src.pymortests.lyapunov" file="src/pymortests/lyapunov.py" line="93" name="test_lrcf[scipy-True-False-1-200]" time="0.00044608116149902344"><skipped message="Suite splitting in effect" type="pytest.skip">src/pymortests/lyapunov.py:93: Suite splitting in effect</skipped></testcase><testcase classname="src.pymortests.lyapunov" file="src/pymortests/lyapunov.py" line="93" name="test_lrcf[scipy-True-False-2-100]" time="0.0004336833953857422"><skipped message="Suite splitting in effect" type="pytest.skip">src/pymortests/lyapunov.py:93: Suite splitting in effect</skipped></testcase><testcase classname="src.pymortests.lyapunov" file="src/pymortests/lyapunov.py" line="93" name="test_lrcf[scipy-True-False-2-200]" time="0.00039458274841308594"><skipped message="Suite splitting in effect" type="pytest.skip">src/pymortests/lyapunov.py:93: Suite splitting in effect</skipped></testcase><testcase classname="src.pymortests.lyapunov" file="src/pymortests/lyapunov.py" line="93" name="test_lrcf[scipy-True-True-1-100]" time="0.0004343986511230469"><skipped message="Suite splitting in effect" type="pytest.skip">src/pymortests/lyapunov.py:93: Suite splitting in effect</skipped></testcase><testcase classname="src.pymortests.lyapunov" file="src/pymortests/lyapunov.py" line="93" name="test_lrcf[scipy-True-True-1-200]" time="0.0003981590270996094"><skipped message="Suite splitting in effect" type="pytest.skip">src/pymortests/lyapunov.py:93: Suite splitting in effect</skipped></testcase><testcase classname="src.pymortests.lyapunov" file="src/pymortests/lyapunov.py" line="93" name="test_lrcf[scipy-True-True-2-100]" time="0.0004279613494873047"><skipped message="Suite splitting in effect" type="pytest.skip">src/pymortests/lyapunov.py:93: Suite splitting in effect</skipped></testcase><testcase classname="src.pymortests.lyapunov" file="src/pymortests/lyapunov.py" line="93" name="test_lrcf[scipy-True-True-2-200]" time="0.00040030479431152344"><skipped message="Suite splitting in effect" type="pytest.skip">src/pymortests/lyapunov.py:93: Suite splitting in effect</skipped></testcase><testcase classname="src.pymortests.lyapunov" file="src/pymortests/lyapunov.py" line="93" name="test_lrcf[slycot_bartels-stewart-False-False-1-100]" time="0.0004067420959472656"><skipped message="Suite splitting in effect" type="pytest.skip">src/pymortests/lyapunov.py:93: Suite splitting in effect</skipped></testcase><testcase classname="src.pymortests.lyapunov" file="src/pymortests/lyapunov.py" line="93" name="test_lrcf[slycot_bartels-stewart-False-False-1-200]" time="0.0004096031188964844"><skipped message="Suite splitting in effect" type="pytest.skip">src/pymortests/lyapunov.py:93: Suite splitting in effect</skipped></testcase><testcase classname="src.pymortests.lyapunov" file="src/pymortests/lyapunov.py" line="93" name="test_lrcf[slycot_bartels-stewart-False-False-2-100]" time="0.00040912628173828125"><skipped message="Suite splitting in effect" type="pytest.skip">src/pymortests/lyapunov.py:93: Suite splitting in effect</skipped></testcase><testcase classname="src.pymortests.lyapunov" file="src/pymortests/lyapunov.py" line="93" name="test_lrcf[slycot_bartels-stewart-False-False-2-200]" time="0.0004134178161621094"><skipped message="Suite splitting in effect" type="pytest.skip">src/pymortests/lyapunov.py:93: Suite splitting in effect</skipped></testcase><testcase classname="src.pymortests.lyapunov" file="src/pymortests/lyapunov.py" line="93" name="test_lrcf[slycot_bartels-stewart-False-True-1-100]" time="0.0004138946533203125"><skipped message="Suite splitting in effect" type="pytest.skip">src/pymortests/lyapunov.py:93: Suite splitting in effect</skipped></testcase><testcase classname="src.pymortests.lyapunov" file="src/pymortests/lyapunov.py" line="93" name="test_lrcf[slycot_bartels-stewart-False-True-1-200]" time="0.00039124488830566406"><skipped message="Suite splitting in effect" type="pytest.skip">src/pymortests/lyapunov.py:93: Suite splitting in effect</skipped></testcase><testcase classname="src.pymortests.lyapunov" file="src/pymortests/lyapunov.py" line="93" name="test_lrcf[slycot_bartels-stewart-False-True-2-100]" time="0.00046181678771972656"><skipped message="Suite splitting in effect" type="pytest.skip">src/pymortests/lyapunov.py:93: Suite splitting in effect</skipped></testcase><testcase classname="src.pymortests.lyapunov" file="src/pymortests/lyapunov.py" line="93" name="test_lrcf[slycot_bartels-stewart-False-True-2-200]" time="0.00039839744567871094"><skipped message="Suite splitting in effect" type="pytest.skip">src/pymortests/lyapunov.py:93: Suite splitting in effect</skipped></testcase><testcase classname="src.pymortests.lyapunov" file="src/pymortests/lyapunov.py" line="93" name="test_lrcf[slycot_bartels-stewart-True-False-1-100]" time="0.00042748451232910156"><skipped message="Suite splitting in effect" type="pytest.skip">src/pymortests/lyapunov.py:93: Suite splitting in effect</skipped></testcase><testcase classname="src.pymortests.lyapunov" file="src/pymortests/lyapunov.py" line="93" name="test_lrcf[slycot_bartels-stewart-True-False-1-200]" time="0.0004372596740722656"><skipped message="Suite splitting in effect" type="pytest.skip">src/pymortests/lyapunov.py:93: Suite splitting in effect</skipped></testcase><testcase classname="src.pymortests.lyapunov" file="src/pymortests/lyapunov.py" line="93" name="test_lrcf[slycot_bartels-stewart-True-False-2-100]" time="0.0004215240478515625"><skipped message="Suite splitting in effect" type="pytest.skip">src/pymortests/lyapunov.py:93: Suite splitting in effect</skipped></testcase><testcase classname="src.pymortests.lyapunov" file="src/pymortests/lyapunov.py" line="93" name="test_lrcf[slycot_bartels-stewart-True-False-2-200]" time="0.00041961669921875"><skipped message="Suite splitting in effect" type="pytest.skip">src/pymortests/lyapunov.py:93: Suite splitting in effect</skipped></testcase><testcase classname="src.pymortests.lyapunov" file="src/pymortests/lyapunov.py" line="93" name="test_lrcf[slycot_bartels-stewart-True-True-1-100]" time="0.0004222393035888672"><skipped message="Suite splitting in effect" type="pytest.skip">src/pymortests/lyapunov.py:93: Suite splitting in effect</skipped></testcase><testcase classname="src.pymortests.lyapunov" file="src/pymortests/lyapunov.py" line="93" name="test_lrcf[slycot_bartels-stewart-True-True-1-200]" time="0.0004525184631347656"><skipped message="Suite splitting in effect" type="pytest.skip">src/pymortests/lyapunov.py:93: Suite splitting in effect</skipped></testcase><testcase classname="src.pymortests.lyapunov" file="src/pymortests/lyapunov.py" line="93" name="test_lrcf[slycot_bartels-stewart-True-True-2-100]" time="0.00041031837463378906"><skipped message="Suite splitting in effect" type="pytest.skip">src/pymortests/lyapunov.py:93: Suite splitting in effect</skipped></testcase><testcase classname="src.pymortests.lyapunov" file="src/pymortests/lyapunov.py" line="93" name="test_lrcf[slycot_bartels-stewart-True-True-2-200]" time="0.0004227161407470703"><skipped message="Suite splitting in effect" type="pytest.skip">src/pymortests/lyapunov.py:93: Suite splitting in effect</skipped></testcase><testcase classname="src.pymortests.lyapunov" file="src/pymortests/lyapunov.py" line="93" name="test_lrcf[pymess_glyap-False-False-1-100]" time="0.000431060791015625"><skipped message="Suite splitting in effect" type="pytest.skip">src/pymortests/lyapunov.py:93: Suite splitting in effect</skipped></testcase><testcase classname="src.pymortests.lyapunov" file="src/pymortests/lyapunov.py" line="93" name="test_lrcf[pymess_glyap-False-False-1-200]" time="0.0004029273986816406"><skipped message="Suite splitting in effect" type="pytest.skip">src/pymortests/lyapunov.py:93: Suite splitting in effect</skipped></testcase><testcase classname="src.pymortests.lyapunov" file="src/pymortests/lyapunov.py" line="93" name="test_lrcf[pymess_glyap-False-False-2-100]" time="0.0004277229309082031"><skipped message="Suite splitting in effect" type="pytest.skip">src/pymortests/lyapunov.py:93: Suite splitting in effect</skipped></testcase><testcase classname="src.pymortests.lyapunov" file="src/pymortests/lyapunov.py" line="93" name="test_lrcf[pymess_glyap-False-False-2-200]" time="0.0003948211669921875"><skipped message="Suite splitting in effect" type="pytest.skip">src/pymortests/lyapunov.py:93: Suite splitting in effect</skipped></testcase><testcase classname="src.pymortests.lyapunov" file="src/pymortests/lyapunov.py" line="93" name="test_lrcf[pymess_glyap-False-True-1-100]" time="0.00043201446533203125"><skipped message="Suite splitting in effect" type="pytest.skip">src/pymortests/lyapunov.py:93: Suite splitting in effect</skipped></testcase><testcase classname="src.pymortests.lyapunov" file="src/pymortests/lyapunov.py" line="93" name="test_lrcf[pymess_glyap-False-True-1-200]" time="0.00039887428283691406"><skipped message="Suite splitting in effect" type="pytest.skip">src/pymortests/lyapunov.py:93: Suite splitting in effect</skipped></testcase><testcase classname="src.pymortests.lyapunov" file="src/pymortests/lyapunov.py" line="93" name="test_lrcf[pymess_glyap-False-True-2-100]" time="0.0005588531494140625"><skipped message="Suite splitting in effect" type="pytest.skip">src/pymortests/lyapunov.py:93: Suite splitting in effect</skipped></testcase><testcase classname="src.pymortests.lyapunov" file="src/pymortests/lyapunov.py" line="93" name="test_lrcf[pymess_glyap-False-True-2-200]" time="0.0003955364227294922"><skipped message="Suite splitting in effect" type="pytest.skip">src/pymortests/lyapunov.py:93: Suite splitting in effect</skipped></testcase><testcase classname="src.pymortests.lyapunov" file="src/pymortests/lyapunov.py" line="93" name="test_lrcf[pymess_glyap-True-False-1-100]" time="0.00040841102600097656"><skipped message="Suite splitting in effect" type="pytest.skip">src/pymortests/lyapunov.py:93: Suite splitting in effect</skipped></testcase><testcase classname="src.pymortests.lyapunov" file="src/pymortests/lyapunov.py" line="93" name="test_lrcf[pymess_glyap-True-False-1-200]" time="0.00041484832763671875"><skipped message="Suite splitting in effect" type="pytest.skip">src/pymortests/lyapunov.py:93: Suite splitting in effect</skipped></testcase><testcase classname="src.pymortests.lyapunov" file="src/pymortests/lyapunov.py" line="93" name="test_lrcf[pymess_glyap-True-False-2-100]" time="0.0004203319549560547"><skipped message="Suite splitting in effect" type="pytest.skip">src/pymortests/lyapunov.py:93: Suite splitting in effect</skipped></testcase><testcase classname="src.pymortests.lyapunov" file="src/pymortests/lyapunov.py" line="93" name="test_lrcf[pymess_glyap-True-False-2-200]" time="0.000438690185546875"><skipped message="Suite splitting in effect" type="pytest.skip">src/pymortests/lyapunov.py:93: Suite splitting in effect</skipped></testcase><testcase classname="src.pymortests.lyapunov" file="src/pymortests/lyapunov.py" line="93" name="test_lrcf[pymess_glyap-True-True-1-100]" time="0.0004074573516845703"><skipped message="Suite splitting in effect" type="pytest.skip">src/pymortests/lyapunov.py:93: Suite splitting in effect</skipped></testcase><testcase classname="src.pymortests.lyapunov" file="src/pymortests/lyapunov.py" line="93" name="test_lrcf[pymess_glyap-True-True-1-200]" time="0.0004138946533203125"><skipped message="Suite splitting in effect" type="pytest.skip">src/pymortests/lyapunov.py:93: Suite splitting in effect</skipped></testcase><testcase classname="src.pymortests.lyapunov" file="src/pymortests/lyapunov.py" line="93" name="test_lrcf[pymess_glyap-True-True-2-100]" time="0.00040912628173828125"><skipped message="Suite splitting in effect" type="pytest.skip">src/pymortests/lyapunov.py:93: Suite splitting in effect</skipped></testcase><testcase classname="src.pymortests.lyapunov" file="src/pymortests/lyapunov.py" line="93" name="test_lrcf[pymess_glyap-True-True-2-200]" time="0.0005385875701904297"><skipped message="Suite splitting in effect" type="pytest.skip">src/pymortests/lyapunov.py:93: Suite splitting in effect</skipped></testcase><testcase classname="src.pymortests.lyapunov" file="src/pymortests/lyapunov.py" line="93" name="test_lrcf[pymess_lradi-False-False-1-100]" time="0.00047397613525390625"><skipped message="Suite splitting in effect" type="pytest.skip">src/pymortests/lyapunov.py:93: Suite splitting in effect</skipped></testcase><testcase classname="src.pymortests.lyapunov" file="src/pymortests/lyapunov.py" line="93" name="test_lrcf[pymess_lradi-False-False-1-200]" time="0.0004055500030517578"><skipped message="Suite splitting in effect" type="pytest.skip">src/pymortests/lyapunov.py:93: Suite splitting in effect</skipped></testcase><testcase classname="src.pymortests.lyapunov" file="src/pymortests/lyapunov.py" line="93" name="test_lrcf[pymess_lradi-False-False-2-100]" time="0.00040841102600097656"><skipped message="Suite splitting in effect" type="pytest.skip">src/pymortests/lyapunov.py:93: Suite splitting in effect</skipped></testcase><testcase classname="src.pymortests.lyapunov" file="src/pymortests/lyapunov.py" line="93" name="test_lrcf[pymess_lradi-False-False-2-200]" time="0.00041103363037109375"><skipped message="Suite splitting in effect" type="pytest.skip">src/pymortests/lyapunov.py:93: Suite splitting in effect</skipped></testcase><testcase classname="src.pymortests.lyapunov" file="src/pymortests/lyapunov.py" line="93" name="test_lrcf[pymess_lradi-False-True-1-100]" time="0.0004127025604248047"><skipped message="Suite splitting in effect" type="pytest.skip">src/pymortests/lyapunov.py:93: Suite splitting in effect</skipped></testcase><testcase classname="src.pymortests.lyapunov" file="src/pymortests/lyapunov.py" line="93" name="test_lrcf[pymess_lradi-False-True-1-200]" time="0.0004069805145263672"><skipped message="Suite splitting in effect" type="pytest.skip">src/pymortests/lyapunov.py:93: Suite splitting in effect</skipped></testcase><testcase classname="src.pymortests.lyapunov" file="src/pymortests/lyapunov.py" line="93" name="test_lrcf[pymess_lradi-False-True-2-100]" time="0.00040149688720703125"><skipped message="Suite splitting in effect" type="pytest.skip">src/pymortests/lyapunov.py:93: Suite splitting in effect</skipped></testcase><testcase classname="src.pymortests.lyapunov" file="src/pymortests/lyapunov.py" line="93" name="test_lrcf[pymess_lradi-False-True-2-200]" time="0.0003998279571533203"><skipped message="Suite splitting in effect" type="pytest.skip">src/pymortests/lyapunov.py:93: Suite splitting in effect</skipped></testcase><testcase classname="src.pymortests.lyapunov" file="src/pymortests/lyapunov.py" line="93" name="test_lrcf[pymess_lradi-True-False-1-100]" time="0.0004146099090576172"><skipped message="Suite splitting in effect" type="pytest.skip">src/pymortests/lyapunov.py:93: Suite splitting in effect</skipped></testcase><testcase classname="src.pymortests.lyapunov" file="src/pymortests/lyapunov.py" line="93" name="test_lrcf[pymess_lradi-True-False-1-200]" time="0.0003902912139892578"><skipped message="Suite splitting in effect" type="pytest.skip">src/pymortests/lyapunov.py:93: Suite splitting in effect</skipped></testcase><testcase classname="src.pymortests.lyapunov" file="src/pymortests/lyapunov.py" line="93" name="test_lrcf[pymess_lradi-True-False-2-100]" time="0.0004162788391113281"><skipped message="Suite splitting in effect" type="pytest.skip">src/pymortests/lyapunov.py:93: Suite splitting in effect</skipped></testcase><testcase classname="src.pymortests.lyapunov" file="src/pymortests/lyapunov.py" line="93" name="test_lrcf[pymess_lradi-True-False-2-200]" time="0.0003962516784667969"><skipped message="Suite splitting in effect" type="pytest.skip">src/pymortests/lyapunov.py:93: Suite splitting in effect</skipped></testcase><testcase classname="src.pymortests.lyapunov" file="src/pymortests/lyapunov.py" line="93" name="test_lrcf[pymess_lradi-True-True-1-100]" time="0.000431060791015625"><skipped message="Suite splitting in effect" type="pytest.skip">src/pymortests/lyapunov.py:93: Suite splitting in effect</skipped></testcase><testcase classname="src.pymortests.lyapunov" file="src/pymortests/lyapunov.py" line="93" name="test_lrcf[pymess_lradi-True-True-1-200]" time="0.00041031837463378906"><skipped message="Suite splitting in effect" type="pytest.skip">src/pymortests/lyapunov.py:93: Suite splitting in effect</skipped></testcase><testcase classname="src.pymortests.lyapunov" file="src/pymortests/lyapunov.py" line="93" name="test_lrcf[pymess_lradi-True-True-2-100]" time="0.0004355907440185547"><skipped message="Suite splitting in effect" type="pytest.skip">src/pymortests/lyapunov.py:93: Suite splitting in effect</skipped></testcase><testcase classname="src.pymortests.lyapunov" file="src/pymortests/lyapunov.py" line="93" name="test_lrcf[pymess_lradi-True-True-2-200]" time="0.000400543212890625"><skipped message="Suite splitting in effect" type="pytest.skip">src/pymortests/lyapunov.py:93: Suite splitting in effect</skipped></testcase><testcase classname="src.pymortests.lyapunov" file="src/pymortests/lyapunov.py" line="93" name="test_lrcf[lradi-False-False-1-100]" time="0.0004055500030517578"><skipped message="Suite splitting in effect" type="pytest.skip">src/pymortests/lyapunov.py:93: Suite splitting in effect</skipped></testcase><testcase classname="src.pymortests.lyapunov" file="src/pymortests/lyapunov.py" line="93" name="test_lrcf[lradi-False-False-1-200]" time="0.00041866302490234375"><skipped message="Suite splitting in effect" type="pytest.skip">src/pymortests/lyapunov.py:93: Suite splitting in effect</skipped></testcase><testcase classname="src.pymortests.lyapunov" file="src/pymortests/lyapunov.py" line="93" name="test_lrcf[lradi-False-False-2-100]" time="0.0004284381866455078"><skipped message="Suite splitting in effect" type="pytest.skip">src/pymortests/lyapunov.py:93: Suite splitting in effect</skipped></testcase><testcase classname="src.pymortests.lyapunov" file="src/pymortests/lyapunov.py" line="93" name="test_lrcf[lradi-False-False-2-200]" time="0.0004138946533203125"><skipped message="Suite splitting in effect" type="pytest.skip">src/pymortests/lyapunov.py:93: Suite splitting in effect</skipped></testcase><testcase classname="src.pymortests.lyapunov" file="src/pymortests/lyapunov.py" line="93" name="test_lrcf[lradi-False-True-1-100]" time="0.0004150867462158203"><skipped message="Suite splitting in effect" type="pytest.skip">src/pymortests/lyapunov.py:93: Suite splitting in effect</skipped></testcase><testcase classname="src.pymortests.lyapunov" file="src/pymortests/lyapunov.py" line="93" name="test_lrcf[lradi-False-True-1-200]" time="0.0004062652587890625"><skipped message="Suite splitting in effect" type="pytest.skip">src/pymortests/lyapunov.py:93: Suite splitting in effect</skipped></testcase><testcase classname="src.pymortests.lyapunov" file="src/pymortests/lyapunov.py" line="93" name="test_lrcf[lradi-False-True-2-100]" time="0.0004150867462158203"><skipped message="Suite splitting in effect" type="pytest.skip">src/pymortests/lyapunov.py:93: Suite splitting in effect</skipped></testcase><testcase classname="src.pymortests.lyapunov" file="src/pymortests/lyapunov.py" line="93" name="test_lrcf[lradi-False-True-2-200]" time="0.0004181861877441406"><skipped message="Suite splitting in effect" type="pytest.skip">src/pymortests/lyapunov.py:93: Suite splitting in effect</skipped></testcase><testcase classname="src.pymortests.lyapunov" file="src/pymortests/lyapunov.py" line="93" name="test_lrcf[lradi-True-False-1-100]" time="0.00040602684020996094"><skipped message="Suite splitting in effect" type="pytest.skip">src/pymortests/lyapunov.py:93: Suite splitting in effect</skipped></testcase><testcase classname="src.pymortests.lyapunov" file="src/pymortests/lyapunov.py" line="93" name="test_lrcf[lradi-True-False-1-200]" time="0.000396728515625"><skipped message="Suite splitting in effect" type="pytest.skip">src/pymortests/lyapunov.py:93: Suite splitting in effect</skipped></testcase><testcase classname="src.pymortests.lyapunov" file="src/pymortests/lyapunov.py" line="93" name="test_lrcf[lradi-True-False-2-100]" time="0.0004229545593261719"><skipped message="Suite splitting in effect" type="pytest.skip">src/pymortests/lyapunov.py:93: Suite splitting in effect</skipped></testcase><testcase classname="src.pymortests.lyapunov" file="src/pymortests/lyapunov.py" line="93" name="test_lrcf[lradi-True-False-2-200]" time="0.0004019737243652344"><skipped message="Suite splitting in effect" type="pytest.skip">src/pymortests/lyapunov.py:93: Suite splitting in effect</skipped></testcase><testcase classname="src.pymortests.lyapunov" file="src/pymortests/lyapunov.py" line="93" name="test_lrcf[lradi-True-True-1-100]" time="0.0004239082336425781"><skipped message="Suite splitting in effect" type="pytest.skip">src/pymortests/lyapunov.py:93: Suite splitting in effect</skipped></testcase><testcase classname="src.pymortests.lyapunov" file="src/pymortests/lyapunov.py" line="93" name="test_lrcf[lradi-True-True-1-200]" time="0.00044274330139160156"><skipped message="Suite splitting in effect" type="pytest.skip">src/pymortests/lyapunov.py:93: Suite splitting in effect</skipped></testcase><testcase classname="src.pymortests.lyapunov" file="src/pymortests/lyapunov.py" line="93" name="test_lrcf[lradi-True-True-2-100]" time="0.00040984153747558594"><skipped message="Suite splitting in effect" type="pytest.skip">src/pymortests/lyapunov.py:93: Suite splitting in effect</skipped></testcase><testcase classname="src.pymortests.lyapunov" file="src/pymortests/lyapunov.py" line="93" name="test_lrcf[lradi-True-True-2-200]" time="0.00041294097900390625"><skipped message="Suite splitting in effect" type="pytest.skip">src/pymortests/lyapunov.py:93: Suite splitting in effect</skipped></testcase><testcase classname="src.pymortests.lyapunov" file="src/pymortests/lyapunov.py" line="122" name="test_dense[scipy-False-False-1-100]" time="0.0003943443298339844"><skipped message="Suite splitting in effect" type="pytest.skip">src/pymortests/lyapunov.py:122: Suite splitting in effect</skipped></testcase><testcase classname="src.pymortests.lyapunov" file="src/pymortests/lyapunov.py" line="122" name="test_dense[scipy-False-False-1-200]" time="0.0004248619079589844"><skipped message="Suite splitting in effect" type="pytest.skip">src/pymortests/lyapunov.py:122: Suite splitting in effect</skipped></testcase><testcase classname="src.pymortests.lyapunov" file="src/pymortests/lyapunov.py" line="122" name="test_dense[scipy-False-False-2-100]" time="0.0003902912139892578"><skipped message="Suite splitting in effect" type="pytest.skip">src/pymortests/lyapunov.py:122: Suite splitting in effect</skipped></testcase><testcase classname="src.pymortests.lyapunov" file="src/pymortests/lyapunov.py" line="122" name="test_dense[scipy-False-False-2-200]" time="0.00040531158447265625"><skipped message="Suite splitting in effect" type="pytest.skip">src/pymortests/lyapunov.py:122: Suite splitting in effect</skipped></testcase><testcase classname="src.pymortests.lyapunov" file="src/pymortests/lyapunov.py" line="122" name="test_dense[scipy-False-True-1-100]" time="0.00040602684020996094"><skipped message="Suite splitting in effect" type="pytest.skip">src/pymortests/lyapunov.py:122: Suite splitting in effect</skipped></testcase><testcase classname="src.pymortests.lyapunov" file="src/pymortests/lyapunov.py" line="122" name="test_dense[scipy-False-True-1-200]" time="0.0004246234893798828"><skipped message="Suite splitting in effect" type="pytest.skip">src/pymortests/lyapunov.py:122: Suite splitting in effect</skipped></testcase><testcase classname="src.pymortests.lyapunov" file="src/pymortests/lyapunov.py" line="122" name="test_dense[scipy-False-True-2-100]" time="0.0004096031188964844"><skipped message="Suite splitting in effect" type="pytest.skip">src/pymortests/lyapunov.py:122: Suite splitting in effect</skipped></testcase><testcase classname="src.pymortests.lyapunov" file="src/pymortests/lyapunov.py" line="122" name="test_dense[scipy-False-True-2-200]" time="0.0004360675811767578"><skipped message="Suite splitting in effect" type="pytest.skip">src/pymortests/lyapunov.py:122: Suite splitting in effect</skipped></testcase><testcase classname="src.pymortests.lyapunov" file="src/pymortests/lyapunov.py" line="122" name="test_dense[scipy-True-False-1-100]" time="0.00041604042053222656"><skipped message="Suite splitting in effect" type="pytest.skip">src/pymortests/lyapunov.py:122: Suite splitting in effect</skipped></testcase><testcase classname="src.pymortests.lyapunov" file="src/pymortests/lyapunov.py" line="122" name="test_dense[scipy-True-False-1-200]" time="0.0004296302795410156"><skipped message="Suite splitting in effect" type="pytest.skip">src/pymortests/lyapunov.py:122: Suite splitting in effect</skipped></testcase><testcase classname="src.pymortests.lyapunov" file="src/pymortests/lyapunov.py" line="122" name="test_dense[scipy-True-False-2-100]" time="0.000392913818359375"><skipped message="Suite splitting in effect" type="pytest.skip">src/pymortests/lyapunov.py:122: Suite splitting in effect</skipped></testcase><testcase classname="src.pymortests.lyapunov" file="src/pymortests/lyapunov.py" line="122" name="test_dense[scipy-True-False-2-200]" time="0.0004277229309082031"><skipped message="Suite splitting in effect" type="pytest.skip">src/pymortests/lyapunov.py:122: Suite splitting in effect</skipped></testcase><testcase classname="src.pymortests.lyapunov" file="src/pymortests/lyapunov.py" line="122" name="test_dense[scipy-True-True-1-100]" time="0.00040340423583984375"><skipped message="Suite splitting in effect" type="pytest.skip">src/pymortests/lyapunov.py:122: Suite splitting in effect</skipped></testcase><testcase classname="src.pymortests.lyapunov" file="src/pymortests/lyapunov.py" line="122" name="test_dense[scipy-True-True-1-200]" time="0.00041103363037109375"><skipped message="Suite splitting in effect" type="pytest.skip">src/pymortests/lyapunov.py:122: Suite splitting in effect</skipped></testcase><testcase classname="src.pymortests.lyapunov" file="src/pymortests/lyapunov.py" line="122" name="test_dense[scipy-True-True-2-100]" time="0.0004165172576904297"><skipped message="Suite splitting in effect" type="pytest.skip">src/pymortests/lyapunov.py:122: Suite splitting in effect</skipped></testcase><testcase classname="src.pymortests.lyapunov" file="src/pymortests/lyapunov.py" line="122" name="test_dense[scipy-True-True-2-200]" time="0.0006785392761230469"><skipped message="Suite splitting in effect" type="pytest.skip">src/pymortests/lyapunov.py:122: Suite splitting in effect</skipped></testcase><testcase classname="src.pymortests.lyapunov" file="src/pymortests/lyapunov.py" line="122" name="test_dense[slycot_bartels-stewart-False-False-1-100]" time="0.0003876686096191406"><skipped message="Suite splitting in effect" type="pytest.skip">src/pymortests/lyapunov.py:122: Suite splitting in effect</skipped></testcase><testcase classname="src.pymortests.lyapunov" file="src/pymortests/lyapunov.py" line="122" name="test_dense[slycot_bartels-stewart-False-False-1-200]" time="0.00041365623474121094"><skipped message="Suite splitting in effect" type="pytest.skip">src/pymortests/lyapunov.py:122: Suite splitting in effect</skipped></testcase><testcase classname="src.pymortests.lyapunov" file="src/pymortests/lyapunov.py" line="122" name="test_dense[slycot_bartels-stewart-False-False-2-100]" time="0.0003910064697265625"><skipped message="Suite splitting in effect" type="pytest.skip">src/pymortests/lyapunov.py:122: Suite splitting in effect</skipped></testcase><testcase classname="src.pymortests.lyapunov" file="src/pymortests/lyapunov.py" line="122" name="test_dense[slycot_bartels-stewart-False-False-2-200]" time="0.00042700767517089844"><skipped message="Suite splitting in effect" type="pytest.skip">src/pymortests/lyapunov.py:122: Suite splitting in effect</skipped></testcase><testcase classname="src.pymortests.lyapunov" file="src/pymortests/lyapunov.py" line="122" name="test_dense[slycot_bartels-stewart-False-True-1-100]" time="0.0003941059112548828"><skipped message="Suite splitting in effect" type="pytest.skip">src/pymortests/lyapunov.py:122: Suite splitting in effect</skipped></testcase><testcase classname="src.pymortests.lyapunov" file="src/pymortests/lyapunov.py" line="122" name="test_dense[slycot_bartels-stewart-False-True-1-200]" time="0.0005745887756347656"><skipped message="Suite splitting in effect" type="pytest.skip">src/pymortests/lyapunov.py:122: Suite splitting in effect</skipped></testcase><testcase classname="src.pymortests.lyapunov" file="src/pymortests/lyapunov.py" line="122" name="test_dense[slycot_bartels-stewart-False-True-2-100]" time="0.00039076805114746094"><skipped message="Suite splitting in effect" type="pytest.skip">src/pymortests/lyapunov.py:122: Suite splitting in effect</skipped></testcase><testcase classname="src.pymortests.lyapunov" file="src/pymortests/lyapunov.py" line="122" name="test_dense[slycot_bartels-stewart-False-True-2-200]" time="0.0004067420959472656"><skipped message="Suite splitting in effect" type="pytest.skip">src/pymortests/lyapunov.py:122: Suite splitting in effect</skipped></testcase><testcase classname="src.pymortests.lyapunov" file="src/pymortests/lyapunov.py" line="122" name="test_dense[slycot_bartels-stewart-True-False-1-100]" time="0.0004143714904785156"><skipped message="Suite splitting in effect" type="pytest.skip">src/pymortests/lyapunov.py:122: Suite splitting in effect</skipped></testcase><testcase classname="src.pymortests.lyapunov" file="src/pymortests/lyapunov.py" line="122" name="test_dense[slycot_bartels-stewart-True-False-1-200]" time="0.00040459632873535156"><skipped message="Suite splitting in effect" type="pytest.skip">src/pymortests/lyapunov.py:122: Suite splitting in effect</skipped></testcase><testcase classname="src.pymortests.lyapunov" file="src/pymortests/lyapunov.py" line="122" name="test_dense[slycot_bartels-stewart-True-False-2-100]" time="0.00040793418884277344"><skipped message="Suite splitting in effect" type="pytest.skip">src/pymortests/lyapunov.py:122: Suite splitting in effect</skipped></testcase><testcase classname="src.pymortests.lyapunov" file="src/pymortests/lyapunov.py" line="122" name="test_dense[slycot_bartels-stewart-True-False-2-200]" time="0.00040650367736816406"><skipped message="Suite splitting in effect" type="pytest.skip">src/pymortests/lyapunov.py:122: Suite splitting in effect</skipped></testcase><testcase classname="src.pymortests.lyapunov" file="src/pymortests/lyapunov.py" line="122" name="test_dense[slycot_bartels-stewart-True-True-1-100]" time="0.00040411949157714844"><skipped message="Suite splitting in effect" type="pytest.skip">src/pymortests/lyapunov.py:122: Suite splitting in effect</skipped></testcase><testcase classname="src.pymortests.lyapunov" file="src/pymortests/lyapunov.py" line="122" name="test_dense[slycot_bartels-stewart-True-True-1-200]" time="0.0005199909210205078"><skipped message="Suite splitting in effect" type="pytest.skip">src/pymortests/lyapunov.py:122: Suite splitting in effect</skipped></testcase><testcase classname="src.pymortests.lyapunov" file="src/pymortests/lyapunov.py" line="122" name="test_dense[slycot_bartels-stewart-True-True-2-100]" time="0.0004439353942871094"><skipped message="Suite splitting in effect" type="pytest.skip">src/pymortests/lyapunov.py:122: Suite splitting in effect</skipped></testcase><testcase classname="src.pymortests.lyapunov" file="src/pymortests/lyapunov.py" line="122" name="test_dense[slycot_bartels-stewart-True-True-2-200]" time="0.0003917217254638672"><skipped message="Suite splitting in effect" type="pytest.skip">src/pymortests/lyapunov.py:122: Suite splitting in effect</skipped></testcase><testcase classname="src.pymortests.lyapunov" file="src/pymortests/lyapunov.py" line="122" name="test_dense[pymess_glyap-False-False-1-100]" time="0.00042319297790527344"><skipped message="Suite splitting in effect" type="pytest.skip">src/pymortests/lyapunov.py:122: Suite splitting in effect</skipped></testcase><testcase classname="src.pymortests.lyapunov" file="src/pymortests/lyapunov.py" line="122" name="test_dense[pymess_glyap-False-False-1-200]" time="0.00039196014404296875"><skipped message="Suite splitting in effect" type="pytest.skip">src/pymortests/lyapunov.py:122: Suite splitting in effect</skipped></testcase><testcase classname="src.pymortests.lyapunov" file="src/pymortests/lyapunov.py" line="122" name="test_dense[pymess_glyap-False-False-2-100]" time="0.0004112720489501953"><skipped message="Suite splitting in effect" type="pytest.skip">src/pymortests/lyapunov.py:122: Suite splitting in effect</skipped></testcase><testcase classname="src.pymortests.lyapunov" file="src/pymortests/lyapunov.py" line="122" name="test_dense[pymess_glyap-False-False-2-200]" time="0.00040149688720703125"><skipped message="Suite splitting in effect" type="pytest.skip">src/pymortests/lyapunov.py:122: Suite splitting in effect</skipped></testcase><testcase classname="src.pymortests.lyapunov" file="src/pymortests/lyapunov.py" line="122" name="test_dense[pymess_glyap-False-True-1-100]" time="0.00040984153747558594"><skipped message="Suite splitting in effect" type="pytest.skip">src/pymortests/lyapunov.py:122: Suite splitting in effect</skipped></testcase><testcase classname="src.pymortests.lyapunov" file="src/pymortests/lyapunov.py" line="122" name="test_dense[pymess_glyap-False-True-1-200]" time="0.0004048347473144531"><skipped message="Suite splitting in effect" type="pytest.skip">src/pymortests/lyapunov.py:122: Suite splitting in effect</skipped></testcase><testcase classname="src.pymortests.lyapunov" file="src/pymortests/lyapunov.py" line="122" name="test_dense[pymess_glyap-False-True-2-100]" time="0.0004143714904785156"><skipped message="Suite splitting in effect" type="pytest.skip">src/pymortests/lyapunov.py:122: Suite splitting in effect</skipped></testcase><testcase classname="src.pymortests.lyapunov" file="src/pymortests/lyapunov.py" line="122" name="test_dense[pymess_glyap-False-True-2-200]" time="0.00042629241943359375"><skipped message="Suite splitting in effect" type="pytest.skip">src/pymortests/lyapunov.py:122: Suite splitting in effect</skipped></testcase><testcase classname="src.pymortests.lyapunov" file="src/pymortests/lyapunov.py" line="122" name="test_dense[pymess_glyap-True-False-1-100]" time="0.0004222393035888672"><skipped message="Suite splitting in effect" type="pytest.skip">src/pymortests/lyapunov.py:122: Suite splitting in effect</skipped></testcase><testcase classname="src.pymortests.lyapunov" file="src/pymortests/lyapunov.py" line="122" name="test_dense[pymess_glyap-True-False-1-200]" time="0.0004169940948486328"><skipped message="Suite splitting in effect" type="pytest.skip">src/pymortests/lyapunov.py:122: Suite splitting in effect</skipped></testcase><testcase classname="src.pymortests.lyapunov" file="src/pymortests/lyapunov.py" line="122" name="test_dense[pymess_glyap-True-False-2-100]" time="0.0004146099090576172"><skipped message="Suite splitting in effect" type="pytest.skip">src/pymortests/lyapunov.py:122: Suite splitting in effect</skipped></testcase><testcase classname="src.pymortests.lyapunov" file="src/pymortests/lyapunov.py" line="122" name="test_dense[pymess_glyap-True-False-2-200]" time="0.00039696693420410156"><skipped message="Suite splitting in effect" type="pytest.skip">src/pymortests/lyapunov.py:122: Suite splitting in effect</skipped></testcase><testcase classname="src.pymortests.lyapunov" file="src/pymortests/lyapunov.py" line="122" name="test_dense[pymess_glyap-True-True-1-100]" time="0.00040984153747558594"><skipped message="Suite splitting in effect" type="pytest.skip">src/pymortests/lyapunov.py:122: Suite splitting in effect</skipped></testcase><testcase classname="src.pymortests.lyapunov" file="src/pymortests/lyapunov.py" line="122" name="test_dense[pymess_glyap-True-True-1-200]" time="0.00040912628173828125"><skipped message="Suite splitting in effect" type="pytest.skip">src/pymortests/lyapunov.py:122: Suite splitting in effect</skipped></testcase><testcase classname="src.pymortests.lyapunov" file="src/pymortests/lyapunov.py" line="122" name="test_dense[pymess_glyap-True-True-2-100]" time="0.0005233287811279297"><skipped message="Suite splitting in effect" type="pytest.skip">src/pymortests/lyapunov.py:122: Suite splitting in effect</skipped></testcase><testcase classname="src.pymortests.lyapunov" file="src/pymortests/lyapunov.py" line="122" name="test_dense[pymess_glyap-True-True-2-200]" time="0.0004153251647949219"><skipped message="Suite splitting in effect" type="pytest.skip">src/pymortests/lyapunov.py:122: Suite splitting in effect</skipped></testcase><testcase classname="src.pymortests.operators" file="src/pymortests/operators.py" line="21" name="test_selection_op" time="0.0004851818084716797"><skipped message="Suite splitting in effect" type="pytest.skip">src/pymortests/operators.py:21: Suite splitting in effect</skipped></testcase><testcase classname="src.pymortests.operators" file="src/pymortests/operators.py" line="53" name="test_lincomb_op" time="0.00040268898010253906"><skipped message="Suite splitting in effect" type="pytest.skip">src/pymortests/operators.py:53: Suite splitting in effect</skipped></testcase><testcase classname="src.pymortests.operators" file="src/pymortests/operators.py" line="77" name="test_pickle[&lt;lambda&gt;0]" time="0.0004131793975830078"><skipped message="Suite splitting in effect" type="pytest.skip">src/pymortests/operators.py:77: Suite splitting in effect</skipped></testcase><testcase classname="src.pymortests.operators" file="src/pymortests/operators.py" line="77" name="test_pickle[&lt;lambda&gt;1]" time="0.0004074573516845703"><skipped message="Suite splitting in effect" type="pytest.skip">src/pymortests/operators.py:77: Suite splitting in effect</skipped></testcase><testcase classname="src.pymortests.operators" file="src/pymortests/operators.py" line="77" name="test_pickle[&lt;lambda&gt;2]" time="0.00041222572326660156"><skipped message="Suite splitting in effect" type="pytest.skip">src/pymortests/operators.py:77: Suite splitting in effect</skipped></testcase><testcase classname="src.pymortests.operators" file="src/pymortests/operators.py" line="77" name="test_pickle[&lt;lambda&gt;3]" time="0.00041365623474121094"><skipped message="Suite splitting in effect" type="pytest.skip">src/pymortests/operators.py:77: Suite splitting in effect</skipped></testcase><testcase classname="src.pymortests.operators" file="src/pymortests/operators.py" line="77" name="test_pickle[&lt;lambda&gt;4]" time="0.0004425048828125"><skipped message="Suite splitting in effect" type="pytest.skip">src/pymortests/operators.py:77: Suite splitting in effect</skipped></testcase><testcase classname="src.pymortests.operators" file="src/pymortests/operators.py" line="77" name="test_pickle[&lt;lambda&gt;5]" time="0.0004112720489501953"><skipped message="Suite splitting in effect" type="pytest.skip">src/pymortests/operators.py:77: Suite splitting in effect</skipped></testcase><testcase classname="src.pymortests.operators" file="src/pymortests/operators.py" line="77" name="test_pickle[&lt;lambda&gt;6]" time="0.0004258155822753906"><skipped message="Suite splitting in effect" type="pytest.skip">src/pymortests/operators.py:77: Suite splitting in effect</skipped></testcase><testcase classname="src.pymortests.operators" file="src/pymortests/operators.py" line="77" name="test_pickle[&lt;lambda&gt;7]" time="0.00040841102600097656"><skipped message="Suite splitting in effect" type="pytest.skip">src/pymortests/operators.py:77: Suite splitting in effect</skipped></testcase><testcase classname="src.pymortests.operators" file="src/pymortests/operators.py" line="77" name="test_pickle[&lt;lambda&gt;8]" time="0.0004138946533203125"><skipped message="Suite splitting in effect" type="pytest.skip">src/pymortests/operators.py:77: Suite splitting in effect</skipped></testcase><testcase classname="src.pymortests.operators" file="src/pymortests/operators.py" line="77" name="test_pickle[&lt;lambda&gt;9]" time="0.0003859996795654297"><skipped message="Suite splitting in effect" type="pytest.skip">src/pymortests/operators.py:77: Suite splitting in effect</skipped></testcase><testcase classname="src.pymortests.operators" file="src/pymortests/operators.py" line="77" name="test_pickle[&lt;lambda&gt;10]" time="0.0004096031188964844"><skipped message="Suite splitting in effect" type="pytest.skip">src/pymortests/operators.py:77: Suite splitting in effect</skipped></testcase><testcase classname="src.pymortests.operators" file="src/pymortests/operators.py" line="77" name="test_pickle[&lt;lambda&gt;11]" time="0.00038933753967285156"><skipped message="Suite splitting in effect" type="pytest.skip">src/pymortests/operators.py:77: Suite splitting in effect</skipped></testcase><testcase classname="src.pymortests.operators" file="src/pymortests/operators.py" line="77" name="test_pickle[&lt;lambda&gt;12]" time="0.0004115104675292969"><skipped message="Suite splitting in effect" type="pytest.skip">src/pymortests/operators.py:77: Suite splitting in effect</skipped></testcase><testcase classname="src.pymortests.operators" file="src/pymortests/operators.py" line="77" name="test_pickle[&lt;lambda&gt;13]" time="0.0003948211669921875"><skipped message="Suite splitting in effect" type="pytest.skip">src/pymortests/operators.py:77: Suite splitting in effect</skipped></testcase><testcase classname="src.pymortests.operators" file="src/pymortests/operators.py" line="77" name="test_pickle[&lt;lambda&gt;14]" time="0.00043511390686035156"><skipped message="Suite splitting in effect" type="pytest.skip">src/pymortests/operators.py:77: Suite splitting in effect</skipped></testcase><testcase classname="src.pymortests.operators" file="src/pymortests/operators.py" line="77" name="test_pickle[&lt;lambda&gt;15]" time="0.00043272972106933594"><skipped message="Suite splitting in effect" type="pytest.skip">src/pymortests/operators.py:77: Suite splitting in effect</skipped></testcase><testcase classname="src.pymortests.operators" file="src/pymortests/operators.py" line="77" name="test_pickle[&lt;lambda&gt;16]" time="0.00040221214294433594"><skipped message="Suite splitting in effect" type="pytest.skip">src/pymortests/operators.py:77: Suite splitting in effect</skipped></testcase><testcase classname="src.pymortests.operators" file="src/pymortests/operators.py" line="77" name="test_pickle[&lt;lambda&gt;17]" time="0.00043892860412597656"><skipped message="Suite splitting in effect" type="pytest.skip">src/pymortests/operators.py:77: Suite splitting in effect</skipped></testcase><testcase classname="src.pymortests.operators" file="src/pymortests/operators.py" line="77" name="test_pickle[&lt;lambda&gt;18]" time="0.0004222393035888672"><skipped message="Suite splitting in effect" type="pytest.skip">src/pymortests/operators.py:77: Suite splitting in effect</skipped></testcase><testcase classname="src.pymortests.operators" file="src/pymortests/operators.py" line="77" name="test_pickle[&lt;lambda&gt;19]" time="0.00042176246643066406"><skipped message="Suite splitting in effect" type="pytest.skip">src/pymortests/operators.py:77: Suite splitting in effect</skipped></testcase><testcase classname="src.pymortests.operators" file="src/pymortests/operators.py" line="77" name="test_pickle[&lt;lambda&gt;20]" time="0.0003933906555175781"><skipped message="Suite splitting in effect" type="pytest.skip">src/pymortests/operators.py:77: Suite splitting in effect</skipped></testcase><testcase classname="src.pymortests.operators" file="src/pymortests/operators.py" line="77" name="test_pickle[&lt;lambda&gt;21]" time="0.00041294097900390625"><skipped message="Suite splitting in effect" type="pytest.skip">src/pymortests/operators.py:77: Suite splitting in effect</skipped></testcase><testcase classname="src.pymortests.operators" file="src/pymortests/operators.py" line="77" name="test_pickle[&lt;lambda&gt;22]" time="0.0003879070281982422"><skipped message="Suite splitting in effect" type="pytest.skip">src/pymortests/operators.py:77: Suite splitting in effect</skipped></testcase><testcase classname="src.pymortests.operators" file="src/pymortests/operators.py" line="77" name="test_pickle[&lt;lambda&gt;23]" time="0.00042128562927246094"><skipped message="Suite splitting in effect" type="pytest.skip">src/pymortests/operators.py:77: Suite splitting in effect</skipped></testcase><testcase classname="src.pymortests.operators" file="src/pymortests/operators.py" line="77" name="test_pickle[&lt;lambda&gt;24]" time="0.00038933753967285156"><skipped message="Suite splitting in effect" type="pytest.skip">src/pymortests/operators.py:77: Suite splitting in effect</skipped></testcase><testcase classname="src.pymortests.operators" file="src/pymortests/operators.py" line="77" name="test_pickle[&lt;lambda&gt;25]" time="0.0004172325134277344"><skipped message="Suite splitting in effect" type="pytest.skip">src/pymortests/operators.py:77: Suite splitting in effect</skipped></testcase><testcase classname="src.pymortests.operators" file="src/pymortests/operators.py" line="77" name="test_pickle[&lt;lambda&gt;26]" time="0.00039196014404296875"><skipped message="Suite splitting in effect" type="pytest.skip">src/pymortests/operators.py:77: Suite splitting in effect</skipped></testcase><testcase classname="src.pymortests.operators" file="src/pymortests/operators.py" line="77" name="test_pickle[&lt;lambda&gt;27]" time="0.0004265308380126953"><skipped message="Suite splitting in effect" type="pytest.skip">src/pymortests/operators.py:77: Suite splitting in effect</skipped></testcase><testcase classname="src.pymortests.operators" file="src/pymortests/operators.py" line="77" name="test_pickle[&lt;lambda&gt;28]" time="0.0003921985626220703"><skipped message="Suite splitting in effect" type="pytest.skip">src/pymortests/operators.py:77: Suite splitting in effect</skipped></testcase><testcase classname="src.pymortests.operators" file="src/pymortests/operators.py" line="77" name="test_pickle[&lt;lambda&gt;29]" time="0.00040340423583984375"><skipped message="Suite splitting in effect" type="pytest.skip">src/pymortests/operators.py:77: Suite splitting in effect</skipped></testcase><testcase classname="src.pymortests.operators" file="src/pymortests/operators.py" line="77" name="test_pickle[&lt;lambda&gt;30]" time="0.00043082237243652344"><skipped message="Suite splitting in effect" type="pytest.skip">src/pymortests/operators.py:77: Suite splitting in effect</skipped></testcase><testcase classname="src.pymortests.operators" file="src/pymortests/operators.py" line="77" name="test_pickle[&lt;lambda&gt;31]" time="0.0004074573516845703"><skipped message="Suite splitting in effect" type="pytest.skip">src/pymortests/operators.py:77: Suite splitting in effect</skipped></testcase><testcase classname="src.pymortests.operators" file="src/pymortests/operators.py" line="77" name="test_pickle[&lt;lambda&gt;32]" time="0.0004062652587890625"><skipped message="Suite splitting in effect" type="pytest.skip">src/pymortests/operators.py:77: Suite splitting in effect</skipped></testcase><testcase classname="src.pymortests.operators" file="src/pymortests/operators.py" line="77" name="test_pickle[&lt;lambda&gt;33]" time="0.0004131793975830078"><skipped message="Suite splitting in effect" type="pytest.skip">src/pymortests/operators.py:77: Suite splitting in effect</skipped></testcase><testcase classname="src.pymortests.operators" file="src/pymortests/operators.py" line="77" name="test_pickle[&lt;lambda&gt;34]" time="0.00041222572326660156"><skipped message="Suite splitting in effect" type="pytest.skip">src/pymortests/operators.py:77: Suite splitting in effect</skipped></testcase><testcase classname="src.pymortests.operators" file="src/pymortests/operators.py" line="77" name="test_pickle[&lt;lambda&gt;35]" time="0.00042366981506347656"><skipped message="Suite splitting in effect" type="pytest.skip">src/pymortests/operators.py:77: Suite splitting in effect</skipped></testcase><testcase classname="src.pymortests.operators" file="src/pymortests/operators.py" line="77" name="test_pickle[&lt;lambda&gt;36]" time="0.0004177093505859375"><skipped message="Suite splitting in effect" type="pytest.skip">src/pymortests/operators.py:77: Suite splitting in effect</skipped></testcase><testcase classname="src.pymortests.operators" file="src/pymortests/operators.py" line="77" name="test_pickle[&lt;lambda&gt;37]" time="0.0003921985626220703"><skipped message="Suite splitting in effect" type="pytest.skip">src/pymortests/operators.py:77: Suite splitting in effect</skipped></testcase><testcase classname="src.pymortests.operators" file="src/pymortests/operators.py" line="77" name="test_pickle[&lt;lambda&gt;38]" time="0.0004055500030517578"><skipped message="Suite splitting in effect" type="pytest.skip">src/pymortests/operators.py:77: Suite splitting in effect</skipped></testcase><testcase classname="src.pymortests.operators" file="src/pymortests/operators.py" line="77" name="test_pickle[&lt;lambda&gt;39]" time="0.00040435791015625"><skipped message="Suite splitting in effect" type="pytest.skip">src/pymortests/operators.py:77: Suite splitting in effect</skipped></testcase><testcase classname="src.pymortests.operators" file="src/pymortests/operators.py" line="77" name="test_pickle[&lt;lambda&gt;40]" time="0.0004031658172607422"><skipped message="Suite splitting in effect" type="pytest.skip">src/pymortests/operators.py:77: Suite splitting in effect</skipped></testcase><testcase classname="src.pymortests.operators" file="src/pymortests/operators.py" line="81" name="test_pickle_without_dumps_function[&lt;lambda&gt;0]" time="0.0004010200500488281"><skipped message="Suite splitting in effect" type="pytest.skip">src/pymortests/operators.py:81: Suite splitting in effect</skipped></testcase><testcase classname="src.pymortests.operators" file="src/pymortests/operators.py" line="81" name="test_pickle_without_dumps_function[&lt;lambda&gt;1]" time="0.0004353523254394531"><skipped message="Suite splitting in effect" type="pytest.skip">src/pymortests/operators.py:81: Suite splitting in effect</skipped></testcase><testcase classname="src.pymortests.operators" file="src/pymortests/operators.py" line="81" name="test_pickle_without_dumps_function[&lt;lambda&gt;2]" time="0.000396728515625"><skipped message="Suite splitting in effect" type="pytest.skip">src/pymortests/operators.py:81: Suite splitting in effect</skipped></testcase><testcase classname="src.pymortests.operators" file="src/pymortests/operators.py" line="81" name="test_pickle_without_dumps_function[&lt;lambda&gt;3]" time="0.0004458427429199219"><skipped message="Suite splitting in effect" type="pytest.skip">src/pymortests/operators.py:81: Suite splitting in effect</skipped></testcase><testcase classname="src.pymortests.operators" file="src/pymortests/operators.py" line="81" name="test_pickle_without_dumps_function[&lt;lambda&gt;4]" time="0.0004169940948486328"><skipped message="Suite splitting in effect" type="pytest.skip">src/pymortests/operators.py:81: Suite splitting in effect</skipped></testcase><testcase classname="src.pymortests.operators" file="src/pymortests/operators.py" line="81" name="test_pickle_without_dumps_function[&lt;lambda&gt;5]" time="0.0004208087921142578"><skipped message="Suite splitting in effect" type="pytest.skip">src/pymortests/operators.py:81: Suite splitting in effect</skipped></testcase><testcase classname="src.pymortests.operators" file="src/pymortests/operators.py" line="81" name="test_pickle_without_dumps_function[&lt;lambda&gt;6]" time="0.000415802001953125"><skipped message="Suite splitting in effect" type="pytest.skip">src/pymortests/operators.py:81: Suite splitting in effect</skipped></testcase><testcase classname="src.pymortests.operators" file="src/pymortests/operators.py" line="81" name="test_pickle_without_dumps_function[&lt;lambda&gt;7]" time="0.0004284381866455078"><skipped message="Suite splitting in effect" type="pytest.skip">src/pymortests/operators.py:81: Suite splitting in effect</skipped></testcase><testcase classname="src.pymortests.operators" file="src/pymortests/operators.py" line="81" name="test_pickle_without_dumps_function[&lt;lambda&gt;8]" time="0.00041031837463378906"><skipped message="Suite splitting in effect" type="pytest.skip">src/pymortests/operators.py:81: Suite splitting in effect</skipped></testcase><testcase classname="src.pymortests.operators" file="src/pymortests/operators.py" line="81" name="test_pickle_without_dumps_function[&lt;lambda&gt;9]" time="0.0004067420959472656"><skipped message="Suite splitting in effect" type="pytest.skip">src/pymortests/operators.py:81: Suite splitting in effect</skipped></testcase><testcase classname="src.pymortests.operators" file="src/pymortests/operators.py" line="81" name="test_pickle_without_dumps_function[&lt;lambda&gt;10]" time="0.00048065185546875"><skipped message="Suite splitting in effect" type="pytest.skip">src/pymortests/operators.py:81: Suite splitting in effect</skipped></testcase><testcase classname="src.pymortests.operators" file="src/pymortests/operators.py" line="81" name="test_pickle_without_dumps_function[&lt;lambda&gt;11]" time="0.0003905296325683594"><skipped message="Suite splitting in effect" type="pytest.skip">src/pymortests/operators.py:81: Suite splitting in effect</skipped></testcase><testcase classname="src.pymortests.operators" file="src/pymortests/operators.py" line="81" name="test_pickle_without_dumps_function[&lt;lambda&gt;12]" time="0.0004246234893798828"><skipped message="Suite splitting in effect" type="pytest.skip">src/pymortests/operators.py:81: Suite splitting in effect</skipped></testcase><testcase classname="src.pymortests.operators" file="src/pymortests/operators.py" line="81" name="test_pickle_without_dumps_function[&lt;lambda&gt;13]" time="0.0003936290740966797"><skipped message="Suite splitting in effect" type="pytest.skip">src/pymortests/operators.py:81: Suite splitting in effect</skipped></testcase><testcase classname="src.pymortests.operators" file="src/pymortests/operators.py" line="81" name="test_pickle_without_dumps_function[&lt;lambda&gt;14]" time="0.0004100799560546875"><skipped message="Suite splitting in effect" type="pytest.skip">src/pymortests/operators.py:81: Suite splitting in effect</skipped></testcase><testcase classname="src.pymortests.operators" file="src/pymortests/operators.py" line="81" name="test_pickle_without_dumps_function[&lt;lambda&gt;15]" time="0.0004401206970214844"><skipped message="Suite splitting in effect" type="pytest.skip">src/pymortests/operators.py:81: Suite splitting in effect</skipped></testcase><testcase classname="src.pymortests.operators" file="src/pymortests/operators.py" line="81" name="test_pickle_without_dumps_function[&lt;lambda&gt;16]" time="0.0004086494445800781"><skipped message="Suite splitting in effect" type="pytest.skip">src/pymortests/operators.py:81: Suite splitting in effect</skipped></testcase><testcase classname="src.pymortests.operators" file="src/pymortests/operators.py" line="81" name="test_pickle_without_dumps_function[&lt;lambda&gt;17]" time="0.0004096031188964844"><skipped message="Suite splitting in effect" type="pytest.skip">src/pymortests/operators.py:81: Suite splitting in effect</skipped></testcase><testcase classname="src.pymortests.operators" file="src/pymortests/operators.py" line="81" name="test_pickle_without_dumps_function[&lt;lambda&gt;18]" time="0.0004382133483886719"><skipped message="Suite splitting in effect" type="pytest.skip">src/pymortests/operators.py:81: Suite splitting in effect</skipped></testcase><testcase classname="src.pymortests.operators" file="src/pymortests/operators.py" line="81" name="test_pickle_without_dumps_function[&lt;lambda&gt;19]" time="0.0006697177886962891"><skipped message="Suite splitting in effect" type="pytest.skip">src/pymortests/operators.py:81: Suite splitting in effect</skipped></testcase><testcase classname="src.pymortests.operators" file="src/pymortests/operators.py" line="81" name="test_pickle_without_dumps_function[&lt;lambda&gt;20]" time="0.00043487548828125"><skipped message="Suite splitting in effect" type="pytest.skip">src/pymortests/operators.py:81: Suite splitting in effect</skipped></testcase><testcase classname="src.pymortests.operators" file="src/pymortests/operators.py" line="81" name="test_pickle_without_dumps_function[&lt;lambda&gt;21]" time="0.00041747093200683594"><skipped message="Suite splitting in effect" type="pytest.skip">src/pymortests/operators.py:81: Suite splitting in effect</skipped></testcase><testcase classname="src.pymortests.operators" file="src/pymortests/operators.py" line="81" name="test_pickle_without_dumps_function[&lt;lambda&gt;22]" time="0.00042629241943359375"><skipped message="Suite splitting in effect" type="pytest.skip">src/pymortests/operators.py:81: Suite splitting in effect</skipped></testcase><testcase classname="src.pymortests.operators" file="src/pymortests/operators.py" line="81" name="test_pickle_without_dumps_function[&lt;lambda&gt;23]" time="0.0004878044128417969"><skipped message="Suite splitting in effect" type="pytest.skip">src/pymortests/operators.py:81: Suite splitting in effect</skipped></testcase><testcase classname="src.pymortests.operators" file="src/pymortests/operators.py" line="81" name="test_pickle_without_dumps_function[&lt;lambda&gt;24]" time="0.00041174888610839844"><skipped message="Suite splitting in effect" type="pytest.skip">src/pymortests/operators.py:81: Suite splitting in effect</skipped></testcase><testcase classname="src.pymortests.operators" file="src/pymortests/operators.py" line="81" name="test_pickle_without_dumps_function[&lt;lambda&gt;25]" time="0.0004742145538330078"><skipped message="Suite splitting in effect" type="pytest.skip">src/pymortests/operators.py:81: Suite splitting in effect</skipped></testcase><testcase classname="src.pymortests.operators" file="src/pymortests/operators.py" line="81" name="test_pickle_without_dumps_function[&lt;lambda&gt;26]" time="0.0004482269287109375"><skipped message="Suite splitting in effect" type="pytest.skip">src/pymortests/operators.py:81: Suite splitting in effect</skipped></testcase><testcase classname="src.pymortests.operators" file="src/pymortests/operators.py" line="81" name="test_pickle_without_dumps_function[&lt;lambda&gt;27]" time="0.0004062652587890625"><skipped message="Suite splitting in effect" type="pytest.skip">src/pymortests/operators.py:81: Suite splitting in effect</skipped></testcase><testcase classname="src.pymortests.operators" file="src/pymortests/operators.py" line="81" name="test_pickle_without_dumps_function[&lt;lambda&gt;28]" time="0.00041866302490234375"><skipped message="Suite splitting in effect" type="pytest.skip">src/pymortests/operators.py:81: Suite splitting in effect</skipped></testcase><testcase classname="src.pymortests.operators" file="src/pymortests/operators.py" line="81" name="test_pickle_without_dumps_function[&lt;lambda&gt;29]" time="0.0003936290740966797"><skipped message="Suite splitting in effect" type="pytest.skip">src/pymortests/operators.py:81: Suite splitting in effect</skipped></testcase><testcase classname="src.pymortests.operators" file="src/pymortests/operators.py" line="81" name="test_pickle_without_dumps_function[&lt;lambda&gt;30]" time="0.0004119873046875"><skipped message="Suite splitting in effect" type="pytest.skip">src/pymortests/operators.py:81: Suite splitting in effect</skipped></testcase><testcase classname="src.pymortests.operators" file="src/pymortests/operators.py" line="81" name="test_pickle_without_dumps_function[&lt;lambda&gt;31]" time="0.000396728515625"><skipped message="Suite splitting in effect" type="pytest.skip">src/pymortests/operators.py:81: Suite splitting in effect</skipped></testcase><testcase classname="src.pymortests.operators" file="src/pymortests/operators.py" line="81" name="test_pickle_without_dumps_function[&lt;lambda&gt;32]" time="0.0004112720489501953"><skipped message="Suite splitting in effect" type="pytest.skip">src/pymortests/operators.py:81: Suite splitting in effect</skipped></testcase><testcase classname="src.pymortests.operators" file="src/pymortests/operators.py" line="81" name="test_pickle_without_dumps_function[&lt;lambda&gt;33]" time="0.00042748451232910156"><skipped message="Suite splitting in effect" type="pytest.skip">src/pymortests/operators.py:81: Suite splitting in effect</skipped></testcase><testcase classname="src.pymortests.operators" file="src/pymortests/operators.py" line="81" name="test_pickle_without_dumps_function[&lt;lambda&gt;34]" time="0.0004341602325439453"><skipped message="Suite splitting in effect" type="pytest.skip">src/pymortests/operators.py:81: Suite splitting in effect</skipped></testcase><testcase classname="src.pymortests.operators" file="src/pymortests/operators.py" line="81" name="test_pickle_without_dumps_function[&lt;lambda&gt;35]" time="0.0003960132598876953"><skipped message="Suite splitting in effect" type="pytest.skip">src/pymortests/operators.py:81: Suite splitting in effect</skipped></testcase><testcase classname="src.pymortests.operators" file="src/pymortests/operators.py" line="81" name="test_pickle_without_dumps_function[&lt;lambda&gt;36]" time="0.00042891502380371094"><skipped message="Suite splitting in effect" type="pytest.skip">src/pymortests/operators.py:81: Suite splitting in effect</skipped></testcase><testcase classname="src.pymortests.operators" file="src/pymortests/operators.py" line="81" name="test_pickle_without_dumps_function[&lt;lambda&gt;37]" time="0.0003871917724609375"><skipped message="Suite splitting in effect" type="pytest.skip">src/pymortests/operators.py:81: Suite splitting in effect</skipped></testcase><testcase classname="src.pymortests.operators" file="src/pymortests/operators.py" line="81" name="test_pickle_without_dumps_function[&lt;lambda&gt;38]" time="0.0004031658172607422"><skipped message="Suite splitting in effect" type="pytest.skip">src/pymortests/operators.py:81: Suite splitting in effect</skipped></testcase><testcase classname="src.pymortests.operators" file="src/pymortests/operators.py" line="81" name="test_pickle_without_dumps_function[&lt;lambda&gt;39]" time="0.0003905296325683594"><skipped message="Suite splitting in effect" type="pytest.skip">src/pymortests/operators.py:81: Suite splitting in effect</skipped></testcase><testcase classname="src.pymortests.operators" file="src/pymortests/operators.py" line="85" name="test_apply[&lt;lambda&gt;0]" time="0.0004258155822753906"><skipped message="Suite splitting in effect" type="pytest.skip">src/pymortests/operators.py:85: Suite splitting in effect</skipped></testcase><testcase classname="src.pymortests.operators" file="src/pymortests/operators.py" line="85" name="test_apply[&lt;lambda&gt;1]" time="0.00039839744567871094"><skipped message="Suite splitting in effect" type="pytest.skip">src/pymortests/operators.py:85: Suite splitting in effect</skipped></testcase><testcase classname="src.pymortests.operators" file="src/pymortests/operators.py" line="85" name="test_apply[&lt;lambda&gt;2]" time="0.000423431396484375"><skipped message="Suite splitting in effect" type="pytest.skip">src/pymortests/operators.py:85: Suite splitting in effect</skipped></testcase><testcase classname="src.pymortests.operators" file="src/pymortests/operators.py" line="85" name="test_apply[&lt;lambda&gt;3]" time="0.0004062652587890625"><skipped message="Suite splitting in effect" type="pytest.skip">src/pymortests/operators.py:85: Suite splitting in effect</skipped></testcase><testcase classname="src.pymortests.operators" file="src/pymortests/operators.py" line="85" name="test_apply[&lt;lambda&gt;4]" time="0.0004093647003173828"><skipped message="Suite splitting in effect" type="pytest.skip">src/pymortests/operators.py:85: Suite splitting in effect</skipped></testcase><testcase classname="src.pymortests.operators" file="src/pymortests/operators.py" line="85" name="test_apply[&lt;lambda&gt;5]" time="0.00040793418884277344"><skipped message="Suite splitting in effect" type="pytest.skip">src/pymortests/operators.py:85: Suite splitting in effect</skipped></testcase><testcase classname="src.pymortests.operators" file="src/pymortests/operators.py" line="85" name="test_apply[&lt;lambda&gt;6]" time="0.000438690185546875"><skipped message="Suite splitting in effect" type="pytest.skip">src/pymortests/operators.py:85: Suite splitting in effect</skipped></testcase><testcase classname="src.pymortests.operators" file="src/pymortests/operators.py" line="85" name="test_apply[&lt;lambda&gt;7]" time="0.00041103363037109375"><skipped message="Suite splitting in effect" type="pytest.skip">src/pymortests/operators.py:85: Suite splitting in effect</skipped></testcase><testcase classname="src.pymortests.operators" file="src/pymortests/operators.py" line="85" name="test_apply[&lt;lambda&gt;8]" time="0.0004153251647949219"><skipped message="Suite splitting in effect" type="pytest.skip">src/pymortests/operators.py:85: Suite splitting in effect</skipped></testcase><testcase classname="src.pymortests.operators" file="src/pymortests/operators.py" line="85" name="test_apply[&lt;lambda&gt;9]" time="0.0004055500030517578"><skipped message="Suite splitting in effect" type="pytest.skip">src/pymortests/operators.py:85: Suite splitting in effect</skipped></testcase><testcase classname="src.pymortests.operators" file="src/pymortests/operators.py" line="85" name="test_apply[&lt;lambda&gt;10]" time="0.0004036426544189453"><skipped message="Suite splitting in effect" type="pytest.skip">src/pymortests/operators.py:85: Suite splitting in effect</skipped></testcase><testcase classname="src.pymortests.operators" file="src/pymortests/operators.py" line="85" name="test_apply[&lt;lambda&gt;11]" time="0.00041747093200683594"><skipped message="Suite splitting in effect" type="pytest.skip">src/pymortests/operators.py:85: Suite splitting in effect</skipped></testcase><testcase classname="src.pymortests.operators" file="src/pymortests/operators.py" line="85" name="test_apply[&lt;lambda&gt;12]" time="0.0004076957702636719"><skipped message="Suite splitting in effect" type="pytest.skip">src/pymortests/operators.py:85: Suite splitting in effect</skipped></testcase><testcase classname="src.pymortests.operators" file="src/pymortests/operators.py" line="85" name="test_apply[&lt;lambda&gt;13]" time="0.0004076957702636719"><skipped message="Suite splitting in effect" type="pytest.skip">src/pymortests/operators.py:85: Suite splitting in effect</skipped></testcase><testcase classname="src.pymortests.operators" file="src/pymortests/operators.py" line="85" name="test_apply[&lt;lambda&gt;14]" time="0.0004181861877441406"><skipped message="Suite splitting in effect" type="pytest.skip">src/pymortests/operators.py:85: Suite splitting in effect</skipped></testcase><testcase classname="src.pymortests.operators" file="src/pymortests/operators.py" line="85" name="test_apply[&lt;lambda&gt;15]" time="0.0004115104675292969"><skipped message="Suite splitting in effect" type="pytest.skip">src/pymortests/operators.py:85: Suite splitting in effect</skipped></testcase><testcase classname="src.pymortests.operators" file="src/pymortests/operators.py" line="85" name="test_apply[&lt;lambda&gt;16]" time="0.00039958953857421875"><skipped message="Suite splitting in effect" type="pytest.skip">src/pymortests/operators.py:85: Suite splitting in effect</skipped></testcase><testcase classname="src.pymortests.operators" file="src/pymortests/operators.py" line="85" name="test_apply[&lt;lambda&gt;17]" time="0.00042819976806640625"><skipped message="Suite splitting in effect" type="pytest.skip">src/pymortests/operators.py:85: Suite splitting in effect</skipped></testcase><testcase classname="src.pymortests.operators" file="src/pymortests/operators.py" line="85" name="test_apply[&lt;lambda&gt;18]" time="0.0004215240478515625"><skipped message="Suite splitting in effect" type="pytest.skip">src/pymortests/operators.py:85: Suite splitting in effect</skipped></testcase><testcase classname="src.pymortests.operators" file="src/pymortests/operators.py" line="85" name="test_apply[&lt;lambda&gt;19]" time="0.00038909912109375"><skipped message="Suite splitting in effect" type="pytest.skip">src/pymortests/operators.py:85: Suite splitting in effect</skipped></testcase><testcase classname="src.pymortests.operators" file="src/pymortests/operators.py" line="85" name="test_apply[&lt;lambda&gt;20]" time="0.00042629241943359375"><skipped message="Suite splitting in effect" type="pytest.skip">src/pymortests/operators.py:85: Suite splitting in effect</skipped></testcase><testcase classname="src.pymortests.operators" file="src/pymortests/operators.py" line="85" name="test_apply[&lt;lambda&gt;21]" time="0.0003936290740966797"><skipped message="Suite splitting in effect" type="pytest.skip">src/pymortests/operators.py:85: Suite splitting in effect</skipped></testcase><testcase classname="src.pymortests.operators" file="src/pymortests/operators.py" line="85" name="test_apply[&lt;lambda&gt;22]" time="0.00041675567626953125"><skipped message="Suite splitting in effect" type="pytest.skip">src/pymortests/operators.py:85: Suite splitting in effect</skipped></testcase><testcase classname="src.pymortests.operators" file="src/pymortests/operators.py" line="85" name="test_apply[&lt;lambda&gt;23]" time="0.00039458274841308594"><skipped message="Suite splitting in effect" type="pytest.skip">src/pymortests/operators.py:85: Suite splitting in effect</skipped></testcase><testcase classname="src.pymortests.operators" file="src/pymortests/operators.py" line="85" name="test_apply[&lt;lambda&gt;24]" time="0.00043511390686035156"><skipped message="Suite splitting in effect" type="pytest.skip">src/pymortests/operators.py:85: Suite splitting in effect</skipped></testcase><testcase classname="src.pymortests.operators" file="src/pymortests/operators.py" line="85" name="test_apply[&lt;lambda&gt;25]" time="0.0004417896270751953"><skipped message="Suite splitting in effect" type="pytest.skip">src/pymortests/operators.py:85: Suite splitting in effect</skipped></testcase><testcase classname="src.pymortests.operators" file="src/pymortests/operators.py" line="85" name="test_apply[&lt;lambda&gt;26]" time="0.0004189014434814453"><skipped message="Suite splitting in effect" type="pytest.skip">src/pymortests/operators.py:85: Suite splitting in effect</skipped></testcase><testcase classname="src.pymortests.operators" file="src/pymortests/operators.py" line="85" name="test_apply[&lt;lambda&gt;27]" time="0.0004074573516845703"><skipped message="Suite splitting in effect" type="pytest.skip">src/pymortests/operators.py:85: Suite splitting in effect</skipped></testcase><testcase classname="src.pymortests.operators" file="src/pymortests/operators.py" line="85" name="test_apply[&lt;lambda&gt;28]" time="0.0004112720489501953"><skipped message="Suite splitting in effect" type="pytest.skip">src/pymortests/operators.py:85: Suite splitting in effect</skipped></testcase><testcase classname="src.pymortests.operators" file="src/pymortests/operators.py" line="85" name="test_apply[&lt;lambda&gt;29]" time="0.0004105567932128906"><skipped message="Suite splitting in effect" type="pytest.skip">src/pymortests/operators.py:85: Suite splitting in effect</skipped></testcase><testcase classname="src.pymortests.operators" file="src/pymortests/operators.py" line="85" name="test_apply[&lt;lambda&gt;30]" time="0.0004093647003173828"><skipped message="Suite splitting in effect" type="pytest.skip">src/pymortests/operators.py:85: Suite splitting in effect</skipped></testcase><testcase classname="src.pymortests.operators" file="src/pymortests/operators.py" line="85" name="test_apply[&lt;lambda&gt;31]" time="0.00039649009704589844"><skipped message="Suite splitting in effect" type="pytest.skip">src/pymortests/operators.py:85: Suite splitting in effect</skipped></testcase><testcase classname="src.pymortests.operators" file="src/pymortests/operators.py" line="85" name="test_apply[&lt;lambda&gt;32]" time="0.00040602684020996094"><skipped message="Suite splitting in effect" type="pytest.skip">src/pymortests/operators.py:85: Suite splitting in effect</skipped></testcase><testcase classname="src.pymortests.operators" file="src/pymortests/operators.py" line="85" name="test_apply[&lt;lambda&gt;33]" time="0.0004978179931640625"><skipped message="Suite splitting in effect" type="pytest.skip">src/pymortests/operators.py:85: Suite splitting in effect</skipped></testcase><testcase classname="src.pymortests.operators" file="src/pymortests/operators.py" line="85" name="test_apply[&lt;lambda&gt;34]" time="0.00043082237243652344"><skipped message="Suite splitting in effect" type="pytest.skip">src/pymortests/operators.py:85: Suite splitting in effect</skipped></testcase><testcase classname="src.pymortests.operators" file="src/pymortests/operators.py" line="85" name="test_apply[&lt;lambda&gt;35]" time="0.00041031837463378906"><skipped message="Suite splitting in effect" type="pytest.skip">src/pymortests/operators.py:85: Suite splitting in effect</skipped></testcase><testcase classname="src.pymortests.operators" file="src/pymortests/operators.py" line="85" name="test_apply[&lt;lambda&gt;36]" time="0.0004069805145263672"><skipped message="Suite splitting in effect" type="pytest.skip">src/pymortests/operators.py:85: Suite splitting in effect</skipped></testcase><testcase classname="src.pymortests.operators" file="src/pymortests/operators.py" line="85" name="test_apply[&lt;lambda&gt;37]" time="0.00038623809814453125"><skipped message="Suite splitting in effect" type="pytest.skip">src/pymortests/operators.py:85: Suite splitting in effect</skipped></testcase><testcase classname="src.pymortests.operators" file="src/pymortests/operators.py" line="85" name="test_apply[&lt;lambda&gt;38]" time="0.000415802001953125"><skipped message="Suite splitting in effect" type="pytest.skip">src/pymortests/operators.py:85: Suite splitting in effect</skipped></testcase><testcase classname="src.pymortests.operators" file="src/pymortests/operators.py" line="85" name="test_apply[&lt;lambda&gt;39]" time="0.00040650367736816406"><skipped message="Suite splitting in effect" type="pytest.skip">src/pymortests/operators.py:85: Suite splitting in effect</skipped></testcase><testcase classname="src.pymortests.operators" file="src/pymortests/operators.py" line="85" name="test_apply[&lt;lambda&gt;40]" time="0.0004470348358154297"><skipped message="Suite splitting in effect" type="pytest.skip">src/pymortests/operators.py:85: Suite splitting in effect</skipped></testcase><testcase classname="src.pymortests.operators" file="src/pymortests/operators.py" line="96" name="test_mul[&lt;lambda&gt;0]" time="0.00042700767517089844"><skipped message="Suite splitting in effect" type="pytest.skip">src/pymortests/operators.py:96: Suite splitting in effect</skipped></testcase><testcase classname="src.pymortests.operators" file="src/pymortests/operators.py" line="96" name="test_mul[&lt;lambda&gt;1]" time="0.00040912628173828125"><skipped message="Suite splitting in effect" type="pytest.skip">src/pymortests/operators.py:96: Suite splitting in effect</skipped></testcase><testcase classname="src.pymortests.operators" file="src/pymortests/operators.py" line="96" name="test_mul[&lt;lambda&gt;2]" time="0.00042819976806640625"><skipped message="Suite splitting in effect" type="pytest.skip">src/pymortests/operators.py:96: Suite splitting in effect</skipped></testcase><testcase classname="src.pymortests.operators" file="src/pymortests/operators.py" line="96" name="test_mul[&lt;lambda&gt;3]" time="0.0004076957702636719"><skipped message="Suite splitting in effect" type="pytest.skip">src/pymortests/operators.py:96: Suite splitting in effect</skipped></testcase><testcase classname="src.pymortests.operators" file="src/pymortests/operators.py" line="96" name="test_mul[&lt;lambda&gt;4]" time="0.00042557716369628906"><skipped message="Suite splitting in effect" type="pytest.skip">src/pymortests/operators.py:96: Suite splitting in effect</skipped></testcase><testcase classname="src.pymortests.operators" file="src/pymortests/operators.py" line="96" name="test_mul[&lt;lambda&gt;5]" time="0.0004074573516845703"><skipped message="Suite splitting in effect" type="pytest.skip">src/pymortests/operators.py:96: Suite splitting in effect</skipped></testcase><testcase classname="src.pymortests.operators" file="src/pymortests/operators.py" line="96" name="test_mul[&lt;lambda&gt;6]" time="0.0003948211669921875"><skipped message="Suite splitting in effect" type="pytest.skip">src/pymortests/operators.py:96: Suite splitting in effect</skipped></testcase><testcase classname="src.pymortests.operators" file="src/pymortests/operators.py" line="96" name="test_mul[&lt;lambda&gt;7]" time="0.0004107952117919922"><skipped message="Suite splitting in effect" type="pytest.skip">src/pymortests/operators.py:96: Suite splitting in effect</skipped></testcase><testcase classname="src.pymortests.operators" file="src/pymortests/operators.py" line="96" name="test_mul[&lt;lambda&gt;8]" time="0.0004000663757324219"><skipped message="Suite splitting in effect" type="pytest.skip">src/pymortests/operators.py:96: Suite splitting in effect</skipped></testcase><testcase classname="src.pymortests.operators" file="src/pymortests/operators.py" line="96" name="test_mul[&lt;lambda&gt;9]" time="0.00038933753967285156"><skipped message="Suite splitting in effect" type="pytest.skip">src/pymortests/operators.py:96: Suite splitting in effect</skipped></testcase><testcase classname="src.pymortests.operators" file="src/pymortests/operators.py" line="96" name="test_mul[&lt;lambda&gt;10]" time="0.00041103363037109375"><skipped message="Suite splitting in effect" type="pytest.skip">src/pymortests/operators.py:96: Suite splitting in effect</skipped></testcase><testcase classname="src.pymortests.operators" file="src/pymortests/operators.py" line="96" name="test_mul[&lt;lambda&gt;11]" time="0.0003917217254638672"><skipped message="Suite splitting in effect" type="pytest.skip">src/pymortests/operators.py:96: Suite splitting in effect</skipped></testcase><testcase classname="src.pymortests.operators" file="src/pymortests/operators.py" line="96" name="test_mul[&lt;lambda&gt;12]" time="0.00042128562927246094"><skipped message="Suite splitting in effect" type="pytest.skip">src/pymortests/operators.py:96: Suite splitting in effect</skipped></testcase><testcase classname="src.pymortests.operators" file="src/pymortests/operators.py" line="96" name="test_mul[&lt;lambda&gt;13]" time="0.00039005279541015625"><skipped message="Suite splitting in effect" type="pytest.skip">src/pymortests/operators.py:96: Suite splitting in effect</skipped></testcase><testcase classname="src.pymortests.operators" file="src/pymortests/operators.py" line="96" name="test_mul[&lt;lambda&gt;14]" time="0.00042748451232910156"><skipped message="Suite splitting in effect" type="pytest.skip">src/pymortests/operators.py:96: Suite splitting in effect</skipped></testcase><testcase classname="src.pymortests.operators" file="src/pymortests/operators.py" line="96" name="test_mul[&lt;lambda&gt;15]" time="0.00039315223693847656"><skipped message="Suite splitting in effect" type="pytest.skip">src/pymortests/operators.py:96: Suite splitting in effect</skipped></testcase><testcase classname="src.pymortests.operators" file="src/pymortests/operators.py" line="96" name="test_mul[&lt;lambda&gt;16]" time="0.0004067420959472656"><skipped message="Suite splitting in effect" type="pytest.skip">src/pymortests/operators.py:96: Suite splitting in effect</skipped></testcase><testcase classname="src.pymortests.operators" file="src/pymortests/operators.py" line="96" name="test_mul[&lt;lambda&gt;17]" time="0.00039577484130859375"><skipped message="Suite splitting in effect" type="pytest.skip">src/pymortests/operators.py:96: Suite splitting in effect</skipped></testcase><testcase classname="src.pymortests.operators" file="src/pymortests/operators.py" line="96" name="test_mul[&lt;lambda&gt;18]" time="0.00041031837463378906"><skipped message="Suite splitting in effect" type="pytest.skip">src/pymortests/operators.py:96: Suite splitting in effect</skipped></testcase><testcase classname="src.pymortests.operators" file="src/pymortests/operators.py" line="96" name="test_mul[&lt;lambda&gt;19]" time="0.000408172607421875"><skipped message="Suite splitting in effect" type="pytest.skip">src/pymortests/operators.py:96: Suite splitting in effect</skipped></testcase><testcase classname="src.pymortests.operators" file="src/pymortests/operators.py" line="96" name="test_mul[&lt;lambda&gt;20]" time="0.0004334449768066406"><skipped message="Suite splitting in effect" type="pytest.skip">src/pymortests/operators.py:96: Suite splitting in effect</skipped></testcase><testcase classname="src.pymortests.operators" file="src/pymortests/operators.py" line="96" name="test_mul[&lt;lambda&gt;21]" time="0.0003895759582519531"><skipped message="Suite splitting in effect" type="pytest.skip">src/pymortests/operators.py:96: Suite splitting in effect</skipped></testcase><testcase classname="src.pymortests.operators" file="src/pymortests/operators.py" line="96" name="test_mul[&lt;lambda&gt;22]" time="0.000415802001953125"><skipped message="Suite splitting in effect" type="pytest.skip">src/pymortests/operators.py:96: Suite splitting in effect</skipped></testcase><testcase classname="src.pymortests.operators" file="src/pymortests/operators.py" line="96" name="test_mul[&lt;lambda&gt;23]" time="0.0003955364227294922"><skipped message="Suite splitting in effect" type="pytest.skip">src/pymortests/operators.py:96: Suite splitting in effect</skipped></testcase><testcase classname="src.pymortests.operators" file="src/pymortests/operators.py" line="96" name="test_mul[&lt;lambda&gt;24]" time="0.0004260540008544922"><skipped message="Suite splitting in effect" type="pytest.skip">src/pymortests/operators.py:96: Suite splitting in effect</skipped></testcase><testcase classname="src.pymortests.operators" file="src/pymortests/operators.py" line="96" name="test_mul[&lt;lambda&gt;25]" time="0.0003998279571533203"><skipped message="Suite splitting in effect" type="pytest.skip">src/pymortests/operators.py:96: Suite splitting in effect</skipped></testcase><testcase classname="src.pymortests.operators" file="src/pymortests/operators.py" line="96" name="test_mul[&lt;lambda&gt;26]" time="0.00041961669921875"><skipped message="Suite splitting in effect" type="pytest.skip">src/pymortests/operators.py:96: Suite splitting in effect</skipped></testcase><testcase classname="src.pymortests.operators" file="src/pymortests/operators.py" line="96" name="test_mul[&lt;lambda&gt;27]" time="0.0004169940948486328"><skipped message="Suite splitting in effect" type="pytest.skip">src/pymortests/operators.py:96: Suite splitting in effect</skipped></testcase><testcase classname="src.pymortests.operators" file="src/pymortests/operators.py" line="96" name="test_mul[&lt;lambda&gt;28]" time="0.0004241466522216797"><skipped message="Suite splitting in effect" type="pytest.skip">src/pymortests/operators.py:96: Suite splitting in effect</skipped></testcase><testcase classname="src.pymortests.operators" file="src/pymortests/operators.py" line="96" name="test_mul[&lt;lambda&gt;29]" time="0.0004143714904785156"><skipped message="Suite splitting in effect" type="pytest.skip">src/pymortests/operators.py:96: Suite splitting in effect</skipped></testcase><testcase classname="src.pymortests.operators" file="src/pymortests/operators.py" line="96" name="test_mul[&lt;lambda&gt;30]" time="0.0004200935363769531"><skipped message="Suite splitting in effect" type="pytest.skip">src/pymortests/operators.py:96: Suite splitting in effect</skipped></testcase><testcase classname="src.pymortests.operators" file="src/pymortests/operators.py" line="96" name="test_mul[&lt;lambda&gt;31]" time="0.0004391670227050781"><skipped message="Suite splitting in effect" type="pytest.skip">src/pymortests/operators.py:96: Suite splitting in effect</skipped></testcase><testcase classname="src.pymortests.operators" file="src/pymortests/operators.py" line="96" name="test_mul[&lt;lambda&gt;32]" time="0.00040221214294433594"><skipped message="Suite splitting in effect" type="pytest.skip">src/pymortests/operators.py:96: Suite splitting in effect</skipped></testcase><testcase classname="src.pymortests.operators" file="src/pymortests/operators.py" line="96" name="test_mul[&lt;lambda&gt;33]" time="0.0006747245788574219"><skipped message="Suite splitting in effect" type="pytest.skip">src/pymortests/operators.py:96: Suite splitting in effect</skipped></testcase><testcase classname="src.pymortests.operators" file="src/pymortests/operators.py" line="96" name="test_mul[&lt;lambda&gt;34]" time="0.0004050731658935547"><skipped message="Suite splitting in effect" type="pytest.skip">src/pymortests/operators.py:96: Suite splitting in effect</skipped></testcase><testcase classname="src.pymortests.operators" file="src/pymortests/operators.py" line="96" name="test_mul[&lt;lambda&gt;35]" time="0.0004076957702636719"><skipped message="Suite splitting in effect" type="pytest.skip">src/pymortests/operators.py:96: Suite splitting in effect</skipped></testcase><testcase classname="src.pymortests.operators" file="src/pymortests/operators.py" line="96" name="test_mul[&lt;lambda&gt;36]" time="0.0003848075866699219"><skipped message="Suite splitting in effect" type="pytest.skip">src/pymortests/operators.py:96: Suite splitting in effect</skipped></testcase><testcase classname="src.pymortests.operators" file="src/pymortests/operators.py" line="96" name="test_mul[&lt;lambda&gt;37]" time="0.00041222572326660156"><skipped message="Suite splitting in effect" type="pytest.skip">src/pymortests/operators.py:96: Suite splitting in effect</skipped></testcase><testcase classname="src.pymortests.operators" file="src/pymortests/operators.py" line="96" name="test_mul[&lt;lambda&gt;38]" time="0.0003943443298339844"><skipped message="Suite splitting in effect" type="pytest.skip">src/pymortests/operators.py:96: Suite splitting in effect</skipped></testcase><testcase classname="src.pymortests.operators" file="src/pymortests/operators.py" line="96" name="test_mul[&lt;lambda&gt;39]" time="0.0004203319549560547"><skipped message="Suite splitting in effect" type="pytest.skip">src/pymortests/operators.py:96: Suite splitting in effect</skipped></testcase><testcase classname="src.pymortests.operators" file="src/pymortests/operators.py" line="96" name="test_mul[&lt;lambda&gt;40]" time="0.0003917217254638672"><skipped message="Suite splitting in effect" type="pytest.skip">src/pymortests/operators.py:96: Suite splitting in effect</skipped></testcase><testcase classname="src.pymortests.operators" file="src/pymortests/operators.py" line="103" name="test_rmul[&lt;lambda&gt;0]" time="0.00040841102600097656"><skipped message="Suite splitting in effect" type="pytest.skip">src/pymortests/operators.py:103: Suite splitting in effect</skipped></testcase><testcase classname="src.pymortests.operators" file="src/pymortests/operators.py" line="103" name="test_rmul[&lt;lambda&gt;1]" time="0.0003972053527832031"><skipped message="Suite splitting in effect" type="pytest.skip">src/pymortests/operators.py:103: Suite splitting in effect</skipped></testcase><testcase classname="src.pymortests.operators" file="src/pymortests/operators.py" line="103" name="test_rmul[&lt;lambda&gt;2]" time="0.00042438507080078125"><skipped message="Suite splitting in effect" type="pytest.skip">src/pymortests/operators.py:103: Suite splitting in effect</skipped></testcase><testcase classname="src.pymortests.operators" file="src/pymortests/operators.py" line="103" name="test_rmul[&lt;lambda&gt;3]" time="0.0004229545593261719"><skipped message="Suite splitting in effect" type="pytest.skip">src/pymortests/operators.py:103: Suite splitting in effect</skipped></testcase><testcase classname="src.pymortests.operators" file="src/pymortests/operators.py" line="103" name="test_rmul[&lt;lambda&gt;4]" time="0.000408172607421875"><skipped message="Suite splitting in effect" type="pytest.skip">src/pymortests/operators.py:103: Suite splitting in effect</skipped></testcase><testcase classname="src.pymortests.operators" file="src/pymortests/operators.py" line="103" name="test_rmul[&lt;lambda&gt;5]" time="0.0004010200500488281"><skipped message="Suite splitting in effect" type="pytest.skip">src/pymortests/operators.py:103: Suite splitting in effect</skipped></testcase><testcase classname="src.pymortests.operators" file="src/pymortests/operators.py" line="103" name="test_rmul[&lt;lambda&gt;6]" time="0.0004067420959472656"><skipped message="Suite splitting in effect" type="pytest.skip">src/pymortests/operators.py:103: Suite splitting in effect</skipped></testcase><testcase classname="src.pymortests.operators" file="src/pymortests/operators.py" line="103" name="test_rmul[&lt;lambda&gt;7]" time="0.00043773651123046875"><skipped message="Suite splitting in effect" type="pytest.skip">src/pymortests/operators.py:103: Suite splitting in effect</skipped></testcase><testcase classname="src.pymortests.operators" file="src/pymortests/operators.py" line="103" name="test_rmul[&lt;lambda&gt;8]" time="0.00039076805114746094"><skipped message="Suite splitting in effect" type="pytest.skip">src/pymortests/operators.py:103: Suite splitting in effect</skipped></testcase><testcase classname="src.pymortests.operators" file="src/pymortests/operators.py" line="103" name="test_rmul[&lt;lambda&gt;9]" time="0.0004210472106933594"><skipped message="Suite splitting in effect" type="pytest.skip">src/pymortests/operators.py:103: Suite splitting in effect</skipped></testcase><testcase classname="src.pymortests.operators" file="src/pymortests/operators.py" line="103" name="test_rmul[&lt;lambda&gt;10]" time="0.0003960132598876953"><skipped message="Suite splitting in effect" type="pytest.skip">src/pymortests/operators.py:103: Suite splitting in effect</skipped></testcase><testcase classname="src.pymortests.operators" file="src/pymortests/operators.py" line="103" name="test_rmul[&lt;lambda&gt;11]" time="0.00043201446533203125"><skipped message="Suite splitting in effect" type="pytest.skip">src/pymortests/operators.py:103: Suite splitting in effect</skipped></testcase><testcase classname="src.pymortests.operators" file="src/pymortests/operators.py" line="103" name="test_rmul[&lt;lambda&gt;12]" time="0.0003924369812011719"><skipped message="Suite splitting in effect" type="pytest.skip">src/pymortests/operators.py:103: Suite splitting in effect</skipped></testcase><testcase classname="src.pymortests.operators" file="src/pymortests/operators.py" line="103" name="test_rmul[&lt;lambda&gt;13]" time="0.0004341602325439453"><skipped message="Suite splitting in effect" type="pytest.skip">src/pymortests/operators.py:103: Suite splitting in effect</skipped></testcase><testcase classname="src.pymortests.operators" file="src/pymortests/operators.py" line="103" name="test_rmul[&lt;lambda&gt;14]" time="0.000400543212890625"><skipped message="Suite splitting in effect" type="pytest.skip">src/pymortests/operators.py:103: Suite splitting in effect</skipped></testcase><testcase classname="src.pymortests.operators" file="src/pymortests/operators.py" line="103" name="test_rmul[&lt;lambda&gt;15]" time="0.0004303455352783203"><skipped message="Suite splitting in effect" type="pytest.skip">src/pymortests/operators.py:103: Suite splitting in effect</skipped></testcase><testcase classname="src.pymortests.operators" file="src/pymortests/operators.py" line="103" name="test_rmul[&lt;lambda&gt;16]" time="0.0004978179931640625"><skipped message="Suite splitting in effect" type="pytest.skip">src/pymortests/operators.py:103: Suite splitting in effect</skipped></testcase><testcase classname="src.pymortests.operators" file="src/pymortests/operators.py" line="103" name="test_rmul[&lt;lambda&gt;17]" time="0.000423431396484375"><skipped message="Suite splitting in effect" type="pytest.skip">src/pymortests/operators.py:103: Suite splitting in effect</skipped></testcase><testcase classname="src.pymortests.operators" file="src/pymortests/operators.py" line="103" name="test_rmul[&lt;lambda&gt;18]" time="0.00042319297790527344"><skipped message="Suite splitting in effect" type="pytest.skip">src/pymortests/operators.py:103: Suite splitting in effect</skipped></testcase><testcase classname="src.pymortests.operators" file="src/pymortests/operators.py" line="103" name="test_rmul[&lt;lambda&gt;19]" time="0.00041866302490234375"><skipped message="Suite splitting in effect" type="pytest.skip">src/pymortests/operators.py:103: Suite splitting in effect</skipped></testcase><testcase classname="src.pymortests.operators" file="src/pymortests/operators.py" line="103" name="test_rmul[&lt;lambda&gt;20]" time="0.0004191398620605469"><skipped message="Suite splitting in effect" type="pytest.skip">src/pymortests/operators.py:103: Suite splitting in effect</skipped></testcase><testcase classname="src.pymortests.operators" file="src/pymortests/operators.py" line="103" name="test_rmul[&lt;lambda&gt;21]" time="0.0004298686981201172"><skipped message="Suite splitting in effect" type="pytest.skip">src/pymortests/operators.py:103: Suite splitting in effect</skipped></testcase><testcase classname="src.pymortests.operators" file="src/pymortests/operators.py" line="103" name="test_rmul[&lt;lambda&gt;22]" time="0.0004177093505859375"><skipped message="Suite splitting in effect" type="pytest.skip">src/pymortests/operators.py:103: Suite splitting in effect</skipped></testcase><testcase classname="src.pymortests.operators" file="src/pymortests/operators.py" line="103" name="test_rmul[&lt;lambda&gt;23]" time="0.0004792213439941406"><skipped message="Suite splitting in effect" type="pytest.skip">src/pymortests/operators.py:103: Suite splitting in effect</skipped></testcase><testcase classname="src.pymortests.operators" file="src/pymortests/operators.py" line="103" name="test_rmul[&lt;lambda&gt;24]" time="0.0004143714904785156"><skipped message="Suite splitting in effect" type="pytest.skip">src/pymortests/operators.py:103: Suite splitting in effect</skipped></testcase><testcase classname="src.pymortests.operators" file="src/pymortests/operators.py" line="103" name="test_rmul[&lt;lambda&gt;25]" time="0.000408172607421875"><skipped message="Suite splitting in effect" type="pytest.skip">src/pymortests/operators.py:103: Suite splitting in effect</skipped></testcase><testcase classname="src.pymortests.operators" file="src/pymortests/operators.py" line="103" name="test_rmul[&lt;lambda&gt;26]" time="0.00041294097900390625"><skipped message="Suite splitting in effect" type="pytest.skip">src/pymortests/operators.py:103: Suite splitting in effect</skipped></testcase><testcase classname="src.pymortests.operators" file="src/pymortests/operators.py" line="103" name="test_rmul[&lt;lambda&gt;27]" time="0.0004420280456542969"><skipped message="Suite splitting in effect" type="pytest.skip">src/pymortests/operators.py:103: Suite splitting in effect</skipped></testcase><testcase classname="src.pymortests.operators" file="src/pymortests/operators.py" line="103" name="test_rmul[&lt;lambda&gt;28]" time="0.00042128562927246094"><skipped message="Suite splitting in effect" type="pytest.skip">src/pymortests/operators.py:103: Suite splitting in effect</skipped></testcase><testcase classname="src.pymortests.operators" file="src/pymortests/operators.py" line="103" name="test_rmul[&lt;lambda&gt;29]" time="0.0003962516784667969"><skipped message="Suite splitting in effect" type="pytest.skip">src/pymortests/operators.py:103: Suite splitting in effect</skipped></testcase><testcase classname="src.pymortests.operators" file="src/pymortests/operators.py" line="103" name="test_rmul[&lt;lambda&gt;30]" time="0.0004124641418457031"><skipped message="Suite splitting in effect" type="pytest.skip">src/pymortests/operators.py:103: Suite splitting in effect</skipped></testcase><testcase classname="src.pymortests.operators" file="src/pymortests/operators.py" line="103" name="test_rmul[&lt;lambda&gt;31]" time="0.00040650367736816406"><skipped message="Suite splitting in effect" type="pytest.skip">src/pymortests/operators.py:103: Suite splitting in effect</skipped></testcase><testcase classname="src.pymortests.operators" file="src/pymortests/operators.py" line="103" name="test_rmul[&lt;lambda&gt;32]" time="0.00040602684020996094"><skipped message="Suite splitting in effect" type="pytest.skip">src/pymortests/operators.py:103: Suite splitting in effect</skipped></testcase><testcase classname="src.pymortests.operators" file="src/pymortests/operators.py" line="103" name="test_rmul[&lt;lambda&gt;33]" time="0.0004038810729980469"><skipped message="Suite splitting in effect" type="pytest.skip">src/pymortests/operators.py:103: Suite splitting in effect</skipped></testcase><testcase classname="src.pymortests.operators" file="src/pymortests/operators.py" line="103" name="test_rmul[&lt;lambda&gt;34]" time="0.0004353523254394531"><skipped message="Suite splitting in effect" type="pytest.skip">src/pymortests/operators.py:103: Suite splitting in effect</skipped></testcase><testcase classname="src.pymortests.operators" file="src/pymortests/operators.py" line="103" name="test_rmul[&lt;lambda&gt;35]" time="0.00038909912109375"><skipped message="Suite splitting in effect" type="pytest.skip">src/pymortests/operators.py:103: Suite splitting in effect</skipped></testcase><testcase classname="src.pymortests.operators" file="src/pymortests/operators.py" line="103" name="test_rmul[&lt;lambda&gt;36]" time="0.0004105567932128906"><skipped message="Suite splitting in effect" type="pytest.skip">src/pymortests/operators.py:103: Suite splitting in effect</skipped></testcase><testcase classname="src.pymortests.operators" file="src/pymortests/operators.py" line="103" name="test_rmul[&lt;lambda&gt;37]" time="0.00039577484130859375"><skipped message="Suite splitting in effect" type="pytest.skip">src/pymortests/operators.py:103: Suite splitting in effect</skipped></testcase><testcase classname="src.pymortests.operators" file="src/pymortests/operators.py" line="103" name="test_rmul[&lt;lambda&gt;38]" time="0.0004093647003173828"><skipped message="Suite splitting in effect" type="pytest.skip">src/pymortests/operators.py:103: Suite splitting in effect</skipped></testcase><testcase classname="src.pymortests.operators" file="src/pymortests/operators.py" line="103" name="test_rmul[&lt;lambda&gt;39]" time="0.000392913818359375"><skipped message="Suite splitting in effect" type="pytest.skip">src/pymortests/operators.py:103: Suite splitting in effect</skipped></testcase><testcase classname="src.pymortests.operators" file="src/pymortests/operators.py" line="103" name="test_rmul[&lt;lambda&gt;40]" time="0.0004057884216308594"><skipped message="Suite splitting in effect" type="pytest.skip">src/pymortests/operators.py:103: Suite splitting in effect</skipped></testcase><testcase classname="src.pymortests.operators" file="src/pymortests/operators.py" line="110" name="test_neg[&lt;lambda&gt;0]" time="0.0003826618194580078"><skipped message="Suite splitting in effect" type="pytest.skip">src/pymortests/operators.py:110: Suite splitting in effect</skipped></testcase><testcase classname="src.pymortests.operators" file="src/pymortests/operators.py" line="110" name="test_neg[&lt;lambda&gt;1]" time="0.00044083595275878906"><skipped message="Suite splitting in effect" type="pytest.skip">src/pymortests/operators.py:110: Suite splitting in effect</skipped></testcase><testcase classname="src.pymortests.operators" file="src/pymortests/operators.py" line="110" name="test_neg[&lt;lambda&gt;2]" time="0.000385284423828125"><skipped message="Suite splitting in effect" type="pytest.skip">src/pymortests/operators.py:110: Suite splitting in effect</skipped></testcase><testcase classname="src.pymortests.operators" file="src/pymortests/operators.py" line="110" name="test_neg[&lt;lambda&gt;3]" time="0.00041985511779785156"><skipped message="Suite splitting in effect" type="pytest.skip">src/pymortests/operators.py:110: Suite splitting in effect</skipped></testcase><testcase classname="src.pymortests.operators" file="src/pymortests/operators.py" line="110" name="test_neg[&lt;lambda&gt;4]" time="0.0003943443298339844"><skipped message="Suite splitting in effect" type="pytest.skip">src/pymortests/operators.py:110: Suite splitting in effect</skipped></testcase><testcase classname="src.pymortests.operators" file="src/pymortests/operators.py" line="110" name="test_neg[&lt;lambda&gt;5]" time="0.00042557716369628906"><skipped message="Suite splitting in effect" type="pytest.skip">src/pymortests/operators.py:110: Suite splitting in effect</skipped></testcase><testcase classname="src.pymortests.operators" file="src/pymortests/operators.py" line="110" name="test_neg[&lt;lambda&gt;6]" time="0.00039577484130859375"><skipped message="Suite splitting in effect" type="pytest.skip">src/pymortests/operators.py:110: Suite splitting in effect</skipped></testcase><testcase classname="src.pymortests.operators" file="src/pymortests/operators.py" line="110" name="test_neg[&lt;lambda&gt;7]" time="0.0004107952117919922"><skipped message="Suite splitting in effect" type="pytest.skip">src/pymortests/operators.py:110: Suite splitting in effect</skipped></testcase><testcase classname="src.pymortests.operators" file="src/pymortests/operators.py" line="110" name="test_neg[&lt;lambda&gt;8]" time="0.0004391670227050781"><skipped message="Suite splitting in effect" type="pytest.skip">src/pymortests/operators.py:110: Suite splitting in effect</skipped></testcase><testcase classname="src.pymortests.operators" file="src/pymortests/operators.py" line="110" name="test_neg[&lt;lambda&gt;9]" time="0.0004200935363769531"><skipped message="Suite splitting in effect" type="pytest.skip">src/pymortests/operators.py:110: Suite splitting in effect</skipped></testcase><testcase classname="src.pymortests.operators" file="src/pymortests/operators.py" line="110" name="test_neg[&lt;lambda&gt;10]" time="0.0003991127014160156"><skipped message="Suite splitting in effect" type="pytest.skip">src/pymortests/operators.py:110: Suite splitting in effect</skipped></testcase><testcase classname="src.pymortests.operators" file="src/pymortests/operators.py" line="110" name="test_neg[&lt;lambda&gt;11]" time="0.0004417896270751953"><skipped message="Suite splitting in effect" type="pytest.skip">src/pymortests/operators.py:110: Suite splitting in effect</skipped></testcase><testcase classname="src.pymortests.operators" file="src/pymortests/operators.py" line="110" name="test_neg[&lt;lambda&gt;12]" time="0.0004165172576904297"><skipped message="Suite splitting in effect" type="pytest.skip">src/pymortests/operators.py:110: Suite splitting in effect</skipped></testcase><testcase classname="src.pymortests.operators" file="src/pymortests/operators.py" line="110" name="test_neg[&lt;lambda&gt;13]" time="0.00040793418884277344"><skipped message="Suite splitting in effect" type="pytest.skip">src/pymortests/operators.py:110: Suite splitting in effect</skipped></testcase><testcase classname="src.pymortests.operators" file="src/pymortests/operators.py" line="110" name="test_neg[&lt;lambda&gt;14]" time="0.00043201446533203125"><skipped message="Suite splitting in effect" type="pytest.skip">src/pymortests/operators.py:110: Suite splitting in effect</skipped></testcase><testcase classname="src.pymortests.operators" file="src/pymortests/operators.py" line="110" name="test_neg[&lt;lambda&gt;15]" time="0.00039267539978027344"><skipped message="Suite splitting in effect" type="pytest.skip">src/pymortests/operators.py:110: Suite splitting in effect</skipped></testcase><testcase classname="src.pymortests.operators" file="src/pymortests/operators.py" line="110" name="test_neg[&lt;lambda&gt;16]" time="0.0004010200500488281"><skipped message="Suite splitting in effect" type="pytest.skip">src/pymortests/operators.py:110: Suite splitting in effect</skipped></testcase><testcase classname="src.pymortests.operators" file="src/pymortests/operators.py" line="110" name="test_neg[&lt;lambda&gt;17]" time="0.0005176067352294922"><skipped message="Suite splitting in effect" type="pytest.skip">src/pymortests/operators.py:110: Suite splitting in effect</skipped></testcase><testcase classname="src.pymortests.operators" file="src/pymortests/operators.py" line="110" name="test_neg[&lt;lambda&gt;18]" time="0.0004177093505859375"><skipped message="Suite splitting in effect" type="pytest.skip">src/pymortests/operators.py:110: Suite splitting in effect</skipped></testcase><testcase classname="src.pymortests.operators" file="src/pymortests/operators.py" line="110" name="test_neg[&lt;lambda&gt;19]" time="0.0003914833068847656"><skipped message="Suite splitting in effect" type="pytest.skip">src/pymortests/operators.py:110: Suite splitting in effect</skipped></testcase><testcase classname="src.pymortests.operators" file="src/pymortests/operators.py" line="110" name="test_neg[&lt;lambda&gt;20]" time="0.0004184246063232422"><skipped message="Suite splitting in effect" type="pytest.skip">src/pymortests/operators.py:110: Suite splitting in effect</skipped></testcase><testcase classname="src.pymortests.operators" file="src/pymortests/operators.py" line="110" name="test_neg[&lt;lambda&gt;21]" time="0.0003979206085205078"><skipped message="Suite splitting in effect" type="pytest.skip">src/pymortests/operators.py:110: Suite splitting in effect</skipped></testcase><testcase classname="src.pymortests.operators" file="src/pymortests/operators.py" line="110" name="test_neg[&lt;lambda&gt;22]" time="0.00041222572326660156"><skipped message="Suite splitting in effect" type="pytest.skip">src/pymortests/operators.py:110: Suite splitting in effect</skipped></testcase><testcase classname="src.pymortests.operators" file="src/pymortests/operators.py" line="110" name="test_neg[&lt;lambda&gt;23]" time="0.00039649009704589844"><skipped message="Suite splitting in effect" type="pytest.skip">src/pymortests/operators.py:110: Suite splitting in effect</skipped></testcase><testcase classname="src.pymortests.operators" file="src/pymortests/operators.py" line="110" name="test_neg[&lt;lambda&gt;24]" time="0.0004353523254394531"><skipped message="Suite splitting in effect" type="pytest.skip">src/pymortests/operators.py:110: Suite splitting in effect</skipped></testcase><testcase classname="src.pymortests.operators" file="src/pymortests/operators.py" line="110" name="test_neg[&lt;lambda&gt;25]" time="0.0004134178161621094"><skipped message="Suite splitting in effect" type="pytest.skip">src/pymortests/operators.py:110: Suite splitting in effect</skipped></testcase><testcase classname="src.pymortests.operators" file="src/pymortests/operators.py" line="110" name="test_neg[&lt;lambda&gt;26]" time="0.0004086494445800781"><skipped message="Suite splitting in effect" type="pytest.skip">src/pymortests/operators.py:110: Suite splitting in effect</skipped></testcase><testcase classname="src.pymortests.operators" file="src/pymortests/operators.py" line="110" name="test_neg[&lt;lambda&gt;27]" time="0.00041556358337402344"><skipped message="Suite splitting in effect" type="pytest.skip">src/pymortests/operators.py:110: Suite splitting in effect</skipped></testcase><testcase classname="src.pymortests.operators" file="src/pymortests/operators.py" line="110" name="test_neg[&lt;lambda&gt;28]" time="0.0004208087921142578"><skipped message="Suite splitting in effect" type="pytest.skip">src/pymortests/operators.py:110: Suite splitting in effect</skipped></testcase><testcase classname="src.pymortests.operators" file="src/pymortests/operators.py" line="110" name="test_neg[&lt;lambda&gt;29]" time="0.000400543212890625"><skipped message="Suite splitting in effect" type="pytest.skip">src/pymortests/operators.py:110: Suite splitting in effect</skipped></testcase><testcase classname="src.pymortests.operators" file="src/pymortests/operators.py" line="110" name="test_neg[&lt;lambda&gt;30]" time="0.0003936290740966797"><skipped message="Suite splitting in effect" type="pytest.skip">src/pymortests/operators.py:110: Suite splitting in effect</skipped></testcase><testcase classname="src.pymortests.operators" file="src/pymortests/operators.py" line="110" name="test_neg[&lt;lambda&gt;31]" time="0.00041484832763671875"><skipped message="Suite splitting in effect" type="pytest.skip">src/pymortests/operators.py:110: Suite splitting in effect</skipped></testcase><testcase classname="src.pymortests.operators" file="src/pymortests/operators.py" line="110" name="test_neg[&lt;lambda&gt;32]" time="0.0003886222839355469"><skipped message="Suite splitting in effect" type="pytest.skip">src/pymortests/operators.py:110: Suite splitting in effect</skipped></testcase><testcase classname="src.pymortests.operators" file="src/pymortests/operators.py" line="110" name="test_neg[&lt;lambda&gt;33]" time="0.0004239082336425781"><skipped message="Suite splitting in effect" type="pytest.skip">src/pymortests/operators.py:110: Suite splitting in effect</skipped></testcase><testcase classname="src.pymortests.operators" file="src/pymortests/operators.py" line="110" name="test_neg[&lt;lambda&gt;34]" time="0.00042128562927246094"><skipped message="Suite splitting in effect" type="pytest.skip">src/pymortests/operators.py:110: Suite splitting in effect</skipped></testcase><testcase classname="src.pymortests.operators" file="src/pymortests/operators.py" line="110" name="test_neg[&lt;lambda&gt;35]" time="0.0005521774291992188"><skipped message="Suite splitting in effect" type="pytest.skip">src/pymortests/operators.py:110: Suite splitting in effect</skipped></testcase><testcase classname="src.pymortests.operators" file="src/pymortests/operators.py" line="110" name="test_neg[&lt;lambda&gt;36]" time="0.00039124488830566406"><skipped message="Suite splitting in effect" type="pytest.skip">src/pymortests/operators.py:110: Suite splitting in effect</skipped></testcase><testcase classname="src.pymortests.operators" file="src/pymortests/operators.py" line="110" name="test_neg[&lt;lambda&gt;37]" time="0.00043845176696777344"><skipped message="Suite splitting in effect" type="pytest.skip">src/pymortests/operators.py:110: Suite splitting in effect</skipped></testcase><testcase classname="src.pymortests.operators" file="src/pymortests/operators.py" line="110" name="test_neg[&lt;lambda&gt;38]" time="0.00039196014404296875"><skipped message="Suite splitting in effect" type="pytest.skip">src/pymortests/operators.py:110: Suite splitting in effect</skipped></testcase><testcase classname="src.pymortests.operators" file="src/pymortests/operators.py" line="110" name="test_neg[&lt;lambda&gt;39]" time="0.00042319297790527344"><skipped message="Suite splitting in effect" type="pytest.skip">src/pymortests/operators.py:110: Suite splitting in effect</skipped></testcase><testcase classname="src.pymortests.operators" file="src/pymortests/operators.py" line="110" name="test_neg[&lt;lambda&gt;40]" time="0.0004673004150390625"><skipped message="Suite splitting in effect" type="pytest.skip">src/pymortests/operators.py:110: Suite splitting in effect</skipped></testcase><testcase classname="src.pymortests.operators" file="src/pymortests/operators.py" line="116" name="test_apply2[&lt;lambda&gt;0]" time="0.00043463706970214844"><skipped message="Suite splitting in effect" type="pytest.skip">src/pymortests/operators.py:116: Suite splitting in effect</skipped></testcase><testcase classname="src.pymortests.operators" file="src/pymortests/operators.py" line="116" name="test_apply2[&lt;lambda&gt;1]" time="0.0004107952117919922"><skipped message="Suite splitting in effect" type="pytest.skip">src/pymortests/operators.py:116: Suite splitting in effect</skipped></testcase><testcase classname="src.pymortests.operators" file="src/pymortests/operators.py" line="116" name="test_apply2[&lt;lambda&gt;2]" time="0.00041174888610839844"><skipped message="Suite splitting in effect" type="pytest.skip">src/pymortests/operators.py:116: Suite splitting in effect</skipped></testcase><testcase classname="src.pymortests.operators" file="src/pymortests/operators.py" line="116" name="test_apply2[&lt;lambda&gt;3]" time="0.00041413307189941406"><skipped message="Suite splitting in effect" type="pytest.skip">src/pymortests/operators.py:116: Suite splitting in effect</skipped></testcase><testcase classname="src.pymortests.operators" file="src/pymortests/operators.py" line="116" name="test_apply2[&lt;lambda&gt;4]" time="0.00041556358337402344"><skipped message="Suite splitting in effect" type="pytest.skip">src/pymortests/operators.py:116: Suite splitting in effect</skipped></testcase><testcase classname="src.pymortests.operators" file="src/pymortests/operators.py" line="116" name="test_apply2[&lt;lambda&gt;5]" time="0.0007033348083496094"><skipped message="Suite splitting in effect" type="pytest.skip">src/pymortests/operators.py:116: Suite splitting in effect</skipped></testcase><testcase classname="src.pymortests.operators" file="src/pymortests/operators.py" line="116" name="test_apply2[&lt;lambda&gt;6]" time="0.0004215240478515625"><skipped message="Suite splitting in effect" type="pytest.skip">src/pymortests/operators.py:116: Suite splitting in effect</skipped></testcase><testcase classname="src.pymortests.operators" file="src/pymortests/operators.py" line="116" name="test_apply2[&lt;lambda&gt;7]" time="0.0004146099090576172"><skipped message="Suite splitting in effect" type="pytest.skip">src/pymortests/operators.py:116: Suite splitting in effect</skipped></testcase><testcase classname="src.pymortests.operators" file="src/pymortests/operators.py" line="116" name="test_apply2[&lt;lambda&gt;8]" time="0.0005433559417724609"><skipped message="Suite splitting in effect" type="pytest.skip">src/pymortests/operators.py:116: Suite splitting in effect</skipped></testcase><testcase classname="src.pymortests.operators" file="src/pymortests/operators.py" line="116" name="test_apply2[&lt;lambda&gt;9]" time="0.00039315223693847656"><skipped message="Suite splitting in effect" type="pytest.skip">src/pymortests/operators.py:116: Suite splitting in effect</skipped></testcase><testcase classname="src.pymortests.operators" file="src/pymortests/operators.py" line="116" name="test_apply2[&lt;lambda&gt;10]" time="0.00043201446533203125"><skipped message="Suite splitting in effect" type="pytest.skip">src/pymortests/operators.py:116: Suite splitting in effect</skipped></testcase><testcase classname="src.pymortests.operators" file="src/pymortests/operators.py" line="116" name="test_apply2[&lt;lambda&gt;11]" time="0.0003991127014160156"><skipped message="Suite splitting in effect" type="pytest.skip">src/pymortests/operators.py:116: Suite splitting in effect</skipped></testcase><testcase classname="src.pymortests.operators" file="src/pymortests/operators.py" line="116" name="test_apply2[&lt;lambda&gt;12]" time="0.00043392181396484375"><skipped message="Suite splitting in effect" type="pytest.skip">src/pymortests/operators.py:116: Suite splitting in effect</skipped></testcase><testcase classname="src.pymortests.operators" file="src/pymortests/operators.py" line="116" name="test_apply2[&lt;lambda&gt;13]" time="0.00041937828063964844"><skipped message="Suite splitting in effect" type="pytest.skip">src/pymortests/operators.py:116: Suite splitting in effect</skipped></testcase><testcase classname="src.pymortests.operators" file="src/pymortests/operators.py" line="116" name="test_apply2[&lt;lambda&gt;14]" time="0.00041222572326660156"><skipped message="Suite splitting in effect" type="pytest.skip">src/pymortests/operators.py:116: Suite splitting in effect</skipped></testcase><testcase classname="src.pymortests.operators" file="src/pymortests/operators.py" line="116" name="test_apply2[&lt;lambda&gt;15]" time="0.0004057884216308594"><skipped message="Suite splitting in effect" type="pytest.skip">src/pymortests/operators.py:116: Suite splitting in effect</skipped></testcase><testcase classname="src.pymortests.operators" file="src/pymortests/operators.py" line="116" name="test_apply2[&lt;lambda&gt;16]" time="0.0004067420959472656"><skipped message="Suite splitting in effect" type="pytest.skip">src/pymortests/operators.py:116: Suite splitting in effect</skipped></testcase><testcase classname="src.pymortests.operators" file="src/pymortests/operators.py" line="116" name="test_apply2[&lt;lambda&gt;17]" time="0.00042891502380371094"><skipped message="Suite splitting in effect" type="pytest.skip">src/pymortests/operators.py:116: Suite splitting in effect</skipped></testcase><testcase classname="src.pymortests.operators" file="src/pymortests/operators.py" line="116" name="test_apply2[&lt;lambda&gt;18]" time="0.0004019737243652344"><skipped message="Suite splitting in effect" type="pytest.skip">src/pymortests/operators.py:116: Suite splitting in effect</skipped></testcase><testcase classname="src.pymortests.operators" file="src/pymortests/operators.py" line="116" name="test_apply2[&lt;lambda&gt;19]" time="0.00040912628173828125"><skipped message="Suite splitting in effect" type="pytest.skip">src/pymortests/operators.py:116: Suite splitting in effect</skipped></testcase><testcase classname="src.pymortests.operators" file="src/pymortests/operators.py" line="116" name="test_apply2[&lt;lambda&gt;20]" time="0.0003902912139892578"><skipped message="Suite splitting in effect" type="pytest.skip">src/pymortests/operators.py:116: Suite splitting in effect</skipped></testcase><testcase classname="src.pymortests.operators" file="src/pymortests/operators.py" line="116" name="test_apply2[&lt;lambda&gt;21]" time="0.0004138946533203125"><skipped message="Suite splitting in effect" type="pytest.skip">src/pymortests/operators.py:116: Suite splitting in effect</skipped></testcase><testcase classname="src.pymortests.operators" file="src/pymortests/operators.py" line="116" name="test_apply2[&lt;lambda&gt;22]" time="0.00038695335388183594"><skipped message="Suite splitting in effect" type="pytest.skip">src/pymortests/operators.py:116: Suite splitting in effect</skipped></testcase><testcase classname="src.pymortests.operators" file="src/pymortests/operators.py" line="116" name="test_apply2[&lt;lambda&gt;23]" time="0.00042724609375"><skipped message="Suite splitting in effect" type="pytest.skip">src/pymortests/operators.py:116: Suite splitting in effect</skipped></testcase><testcase classname="src.pymortests.operators" file="src/pymortests/operators.py" line="116" name="test_apply2[&lt;lambda&gt;24]" time="0.0003921985626220703"><skipped message="Suite splitting in effect" type="pytest.skip">src/pymortests/operators.py:116: Suite splitting in effect</skipped></testcase><testcase classname="src.pymortests.operators" file="src/pymortests/operators.py" line="116" name="test_apply2[&lt;lambda&gt;25]" time="0.00043511390686035156"><skipped message="Suite splitting in effect" type="pytest.skip">src/pymortests/operators.py:116: Suite splitting in effect</skipped></testcase><testcase classname="src.pymortests.operators" file="src/pymortests/operators.py" line="116" name="test_apply2[&lt;lambda&gt;26]" time="0.0003905296325683594"><skipped message="Suite splitting in effect" type="pytest.skip">src/pymortests/operators.py:116: Suite splitting in effect</skipped></testcase><testcase classname="src.pymortests.operators" file="src/pymortests/operators.py" line="116" name="test_apply2[&lt;lambda&gt;27]" time="0.0004343986511230469"><skipped message="Suite splitting in effect" type="pytest.skip">src/pymortests/operators.py:116: Suite splitting in effect</skipped></testcase><testcase classname="src.pymortests.operators" file="src/pymortests/operators.py" line="116" name="test_apply2[&lt;lambda&gt;28]" time="0.00043320655822753906"><skipped message="Suite splitting in effect" type="pytest.skip">src/pymortests/operators.py:116: Suite splitting in effect</skipped></testcase><testcase classname="src.pymortests.operators" file="src/pymortests/operators.py" line="116" name="test_apply2[&lt;lambda&gt;29]" time="0.0004220008850097656"><skipped message="Suite splitting in effect" type="pytest.skip">src/pymortests/operators.py:116: Suite splitting in effect</skipped></testcase><testcase classname="src.pymortests.operators" file="src/pymortests/operators.py" line="116" name="test_apply2[&lt;lambda&gt;30]" time="0.0004343986511230469"><skipped message="Suite splitting in effect" type="pytest.skip">src/pymortests/operators.py:116: Suite splitting in effect</skipped></testcase><testcase classname="src.pymortests.operators" file="src/pymortests/operators.py" line="116" name="test_apply2[&lt;lambda&gt;31]" time="0.0004029273986816406"><skipped message="Suite splitting in effect" type="pytest.skip">src/pymortests/operators.py:116: Suite splitting in effect</skipped></testcase><testcase classname="src.pymortests.operators" file="src/pymortests/operators.py" line="116" name="test_apply2[&lt;lambda&gt;32]" time="0.00040912628173828125"><skipped message="Suite splitting in effect" type="pytest.skip">src/pymortests/operators.py:116: Suite splitting in effect</skipped></testcase><testcase classname="src.pymortests.operators" file="src/pymortests/operators.py" line="116" name="test_apply2[&lt;lambda&gt;33]" time="0.000408172607421875"><skipped message="Suite splitting in effect" type="pytest.skip">src/pymortests/operators.py:116: Suite splitting in effect</skipped></testcase><testcase classname="src.pymortests.operators" file="src/pymortests/operators.py" line="116" name="test_apply2[&lt;lambda&gt;34]" time="0.00041961669921875"><skipped message="Suite splitting in effect" type="pytest.skip">src/pymortests/operators.py:116: Suite splitting in effect</skipped></testcase><testcase classname="src.pymortests.operators" file="src/pymortests/operators.py" line="116" name="test_apply2[&lt;lambda&gt;35]" time="0.0005517005920410156"><skipped message="Suite splitting in effect" type="pytest.skip">src/pymortests/operators.py:116: Suite splitting in effect</skipped></testcase><testcase classname="src.pymortests.operators" file="src/pymortests/operators.py" line="116" name="test_apply2[&lt;lambda&gt;36]" time="0.00039768218994140625"><skipped message="Suite splitting in effect" type="pytest.skip">src/pymortests/operators.py:116: Suite splitting in effect</skipped></testcase><testcase classname="src.pymortests.operators" file="src/pymortests/operators.py" line="116" name="test_apply2[&lt;lambda&gt;37]" time="0.0004286766052246094"><skipped message="Suite splitting in effect" type="pytest.skip">src/pymortests/operators.py:116: Suite splitting in effect</skipped></testcase><testcase classname="src.pymortests.operators" file="src/pymortests/operators.py" line="116" name="test_apply2[&lt;lambda&gt;38]" time="0.0003943443298339844"><skipped message="Suite splitting in effect" type="pytest.skip">src/pymortests/operators.py:116: Suite splitting in effect</skipped></testcase><testcase classname="src.pymortests.operators" file="src/pymortests/operators.py" line="116" name="test_apply2[&lt;lambda&gt;39]" time="0.00043272972106933594"><skipped message="Suite splitting in effect" type="pytest.skip">src/pymortests/operators.py:116: Suite splitting in effect</skipped></testcase><testcase classname="src.pymortests.operators" file="src/pymortests/operators.py" line="116" name="test_apply2[&lt;lambda&gt;40]" time="0.00039124488830566406"><skipped message="Suite splitting in effect" type="pytest.skip">src/pymortests/operators.py:116: Suite splitting in effect</skipped></testcase><testcase classname="src.pymortests.operators" file="src/pymortests/operators.py" line="126" name="test_pairwise_apply2[&lt;lambda&gt;0]" time="0.0004329681396484375"><skipped message="Suite splitting in effect" type="pytest.skip">src/pymortests/operators.py:126: Suite splitting in effect</skipped></testcase><testcase classname="src.pymortests.operators" file="src/pymortests/operators.py" line="126" name="test_pairwise_apply2[&lt;lambda&gt;1]" time="0.000392913818359375"><skipped message="Suite splitting in effect" type="pytest.skip">src/pymortests/operators.py:126: Suite splitting in effect</skipped></testcase><testcase classname="src.pymortests.operators" file="src/pymortests/operators.py" line="126" name="test_pairwise_apply2[&lt;lambda&gt;2]" time="0.00042629241943359375"><skipped message="Suite splitting in effect" type="pytest.skip">src/pymortests/operators.py:126: Suite splitting in effect</skipped></testcase><testcase classname="src.pymortests.operators" file="src/pymortests/operators.py" line="126" name="test_pairwise_apply2[&lt;lambda&gt;3]" time="0.0003933906555175781"><skipped message="Suite splitting in effect" type="pytest.skip">src/pymortests/operators.py:126: Suite splitting in effect</skipped></testcase><testcase classname="src.pymortests.operators" file="src/pymortests/operators.py" line="126" name="test_pairwise_apply2[&lt;lambda&gt;4]" time="0.00042724609375"><skipped message="Suite splitting in effect" type="pytest.skip">src/pymortests/operators.py:126: Suite splitting in effect</skipped></testcase><testcase classname="src.pymortests.operators" file="src/pymortests/operators.py" line="126" name="test_pairwise_apply2[&lt;lambda&gt;5]" time="0.0004107952117919922"><skipped message="Suite splitting in effect" type="pytest.skip">src/pymortests/operators.py:126: Suite splitting in effect</skipped></testcase><testcase classname="src.pymortests.operators" file="src/pymortests/operators.py" line="126" name="test_pairwise_apply2[&lt;lambda&gt;6]" time="0.0005140304565429688"><skipped message="Suite splitting in effect" type="pytest.skip">src/pymortests/operators.py:126: Suite splitting in effect</skipped></testcase><testcase classname="src.pymortests.operators" file="src/pymortests/operators.py" line="126" name="test_pairwise_apply2[&lt;lambda&gt;7]" time="0.0004241466522216797"><skipped message="Suite splitting in effect" type="pytest.skip">src/pymortests/operators.py:126: Suite splitting in effect</skipped></testcase><testcase classname="src.pymortests.operators" file="src/pymortests/operators.py" line="126" name="test_pairwise_apply2[&lt;lambda&gt;8]" time="0.0004143714904785156"><skipped message="Suite splitting in effect" type="pytest.skip">src/pymortests/operators.py:126: Suite splitting in effect</skipped></testcase><testcase classname="src.pymortests.operators" file="src/pymortests/operators.py" line="126" name="test_pairwise_apply2[&lt;lambda&gt;9]" time="0.00040912628173828125"><skipped message="Suite splitting in effect" type="pytest.skip">src/pymortests/operators.py:126: Suite splitting in effect</skipped></testcase><testcase classname="src.pymortests.operators" file="src/pymortests/operators.py" line="126" name="test_pairwise_apply2[&lt;lambda&gt;10]" time="0.000408172607421875"><skipped message="Suite splitting in effect" type="pytest.skip">src/pymortests/operators.py:126: Suite splitting in effect</skipped></testcase><testcase classname="src.pymortests.operators" file="src/pymortests/operators.py" line="126" name="test_pairwise_apply2[&lt;lambda&gt;11]" time="0.0004317760467529297"><skipped message="Suite splitting in effect" type="pytest.skip">src/pymortests/operators.py:126: Suite splitting in effect</skipped></testcase><testcase classname="src.pymortests.operators" file="src/pymortests/operators.py" line="126" name="test_pairwise_apply2[&lt;lambda&gt;12]" time="0.0003857612609863281"><skipped message="Suite splitting in effect" type="pytest.skip">src/pymortests/operators.py:126: Suite splitting in effect</skipped></testcase><testcase classname="src.pymortests.operators" file="src/pymortests/operators.py" line="126" name="test_pairwise_apply2[&lt;lambda&gt;13]" time="0.00041031837463378906"><skipped message="Suite splitting in effect" type="pytest.skip">src/pymortests/operators.py:126: Suite splitting in effect</skipped></testcase><testcase classname="src.pymortests.operators" file="src/pymortests/operators.py" line="126" name="test_pairwise_apply2[&lt;lambda&gt;14]" time="0.0003879070281982422"><skipped message="Suite splitting in effect" type="pytest.skip">src/pymortests/operators.py:126: Suite splitting in effect</skipped></testcase><testcase classname="src.pymortests.operators" file="src/pymortests/operators.py" line="126" name="test_pairwise_apply2[&lt;lambda&gt;15]" time="0.00041484832763671875"><skipped message="Suite splitting in effect" type="pytest.skip">src/pymortests/operators.py:126: Suite splitting in effect</skipped></testcase><testcase classname="src.pymortests.operators" file="src/pymortests/operators.py" line="126" name="test_pairwise_apply2[&lt;lambda&gt;16]" time="0.00039958953857421875"><skipped message="Suite splitting in effect" type="pytest.skip">src/pymortests/operators.py:126: Suite splitting in effect</skipped></testcase><testcase classname="src.pymortests.operators" file="src/pymortests/operators.py" line="126" name="test_pairwise_apply2[&lt;lambda&gt;17]" time="0.000408172607421875"><skipped message="Suite splitting in effect" type="pytest.skip">src/pymortests/operators.py:126: Suite splitting in effect</skipped></testcase><testcase classname="src.pymortests.operators" file="src/pymortests/operators.py" line="126" name="test_pairwise_apply2[&lt;lambda&gt;18]" time="0.00039696693420410156"><skipped message="Suite splitting in effect" type="pytest.skip">src/pymortests/operators.py:126: Suite splitting in effect</skipped></testcase><testcase classname="src.pymortests.operators" file="src/pymortests/operators.py" line="126" name="test_pairwise_apply2[&lt;lambda&gt;19]" time="0.0003936290740966797"><skipped message="Suite splitting in effect" type="pytest.skip">src/pymortests/operators.py:126: Suite splitting in effect</skipped></testcase><testcase classname="src.pymortests.operators" file="src/pymortests/operators.py" line="126" name="test_pairwise_apply2[&lt;lambda&gt;20]" time="0.0004119873046875"><skipped message="Suite splitting in effect" type="pytest.skip">src/pymortests/operators.py:126: Suite splitting in effect</skipped></testcase><testcase classname="src.pymortests.operators" file="src/pymortests/operators.py" line="126" name="test_pairwise_apply2[&lt;lambda&gt;21]" time="0.0003871917724609375"><skipped message="Suite splitting in effect" type="pytest.skip">src/pymortests/operators.py:126: Suite splitting in effect</skipped></testcase><testcase classname="src.pymortests.operators" file="src/pymortests/operators.py" line="126" name="test_pairwise_apply2[&lt;lambda&gt;22]" time="0.0004718303680419922"><skipped message="Suite splitting in effect" type="pytest.skip">src/pymortests/operators.py:126: Suite splitting in effect</skipped></testcase><testcase classname="src.pymortests.operators" file="src/pymortests/operators.py" line="126" name="test_pairwise_apply2[&lt;lambda&gt;23]" time="0.00038743019104003906"><skipped message="Suite splitting in effect" type="pytest.skip">src/pymortests/operators.py:126: Suite splitting in effect</skipped></testcase><testcase classname="src.pymortests.operators" file="src/pymortests/operators.py" line="126" name="test_pairwise_apply2[&lt;lambda&gt;24]" time="0.0004267692565917969"><skipped message="Suite splitting in effect" type="pytest.skip">src/pymortests/operators.py:126: Suite splitting in effect</skipped></testcase><testcase classname="src.pymortests.operators" file="src/pymortests/operators.py" line="126" name="test_pairwise_apply2[&lt;lambda&gt;25]" time="0.0003886222839355469"><skipped message="Suite splitting in effect" type="pytest.skip">src/pymortests/operators.py:126: Suite splitting in effect</skipped></testcase><testcase classname="src.pymortests.operators" file="src/pymortests/operators.py" line="126" name="test_pairwise_apply2[&lt;lambda&gt;26]" time="0.00042700767517089844"><skipped message="Suite splitting in effect" type="pytest.skip">src/pymortests/operators.py:126: Suite splitting in effect</skipped></testcase><testcase classname="src.pymortests.operators" file="src/pymortests/operators.py" line="126" name="test_pairwise_apply2[&lt;lambda&gt;27]" time="0.0003986358642578125"><skipped message="Suite splitting in effect" type="pytest.skip">src/pymortests/operators.py:126: Suite splitting in effect</skipped></testcase><testcase classname="src.pymortests.operators" file="src/pymortests/operators.py" line="126" name="test_pairwise_apply2[&lt;lambda&gt;28]" time="0.00040221214294433594"><skipped message="Suite splitting in effect" type="pytest.skip">src/pymortests/operators.py:126: Suite splitting in effect</skipped></testcase><testcase classname="src.pymortests.operators" file="src/pymortests/operators.py" line="126" name="test_pairwise_apply2[&lt;lambda&gt;29]" time="0.0004169940948486328"><skipped message="Suite splitting in effect" type="pytest.skip">src/pymortests/operators.py:126: Suite splitting in effect</skipped></testcase><testcase classname="src.pymortests.operators" file="src/pymortests/operators.py" line="126" name="test_pairwise_apply2[&lt;lambda&gt;30]" time="0.00042629241943359375"><skipped message="Suite splitting in effect" type="pytest.skip">src/pymortests/operators.py:126: Suite splitting in effect</skipped></testcase><testcase classname="src.pymortests.operators" file="src/pymortests/operators.py" line="126" name="test_pairwise_apply2[&lt;lambda&gt;31]" time="0.0004131793975830078"><skipped message="Suite splitting in effect" type="pytest.skip">src/pymortests/operators.py:126: Suite splitting in effect</skipped></testcase><testcase classname="src.pymortests.operators" file="src/pymortests/operators.py" line="126" name="test_pairwise_apply2[&lt;lambda&gt;32]" time="0.00040435791015625"><skipped message="Suite splitting in effect" type="pytest.skip">src/pymortests/operators.py:126: Suite splitting in effect</skipped></testcase><testcase classname="src.pymortests.operators" file="src/pymortests/operators.py" line="126" name="test_pairwise_apply2[&lt;lambda&gt;33]" time="0.00041747093200683594"><skipped message="Suite splitting in effect" type="pytest.skip">src/pymortests/operators.py:126: Suite splitting in effect</skipped></testcase><testcase classname="src.pymortests.operators" file="src/pymortests/operators.py" line="126" name="test_pairwise_apply2[&lt;lambda&gt;34]" time="0.00039458274841308594"><skipped message="Suite splitting in effect" type="pytest.skip">src/pymortests/operators.py:126: Suite splitting in effect</skipped></testcase><testcase classname="src.pymortests.operators" file="src/pymortests/operators.py" line="126" name="test_pairwise_apply2[&lt;lambda&gt;35]" time="0.0004172325134277344"><skipped message="Suite splitting in effect" type="pytest.skip">src/pymortests/operators.py:126: Suite splitting in effect</skipped></testcase><testcase classname="src.pymortests.operators" file="src/pymortests/operators.py" line="126" name="test_pairwise_apply2[&lt;lambda&gt;36]" time="0.00038886070251464844"><skipped message="Suite splitting in effect" type="pytest.skip">src/pymortests/operators.py:126: Suite splitting in effect</skipped></testcase><testcase classname="src.pymortests.operators" file="src/pymortests/operators.py" line="126" name="test_pairwise_apply2[&lt;lambda&gt;37]" time="0.0004432201385498047"><skipped message="Suite splitting in effect" type="pytest.skip">src/pymortests/operators.py:126: Suite splitting in effect</skipped></testcase><testcase classname="src.pymortests.operators" file="src/pymortests/operators.py" line="126" name="test_pairwise_apply2[&lt;lambda&gt;38]" time="0.00039076805114746094"><skipped message="Suite splitting in effect" type="pytest.skip">src/pymortests/operators.py:126: Suite splitting in effect</skipped></testcase><testcase classname="src.pymortests.operators" file="src/pymortests/operators.py" line="126" name="test_pairwise_apply2[&lt;lambda&gt;39]" time="0.00042557716369628906"><skipped message="Suite splitting in effect" type="pytest.skip">src/pymortests/operators.py:126: Suite splitting in effect</skipped></testcase><testcase classname="src.pymortests.operators" file="src/pymortests/operators.py" line="126" name="test_pairwise_apply2[&lt;lambda&gt;40]" time="0.0003981590270996094"><skipped message="Suite splitting in effect" type="pytest.skip">src/pymortests/operators.py:126: Suite splitting in effect</skipped></testcase><testcase classname="src.pymortests.operators" file="src/pymortests/operators.py" line="135" name="test_apply_adjoint[&lt;lambda&gt;0]" time="0.000431060791015625"><skipped message="Suite splitting in effect" type="pytest.skip">src/pymortests/operators.py:135: Suite splitting in effect</skipped></testcase><testcase classname="src.pymortests.operators" file="src/pymortests/operators.py" line="135" name="test_apply_adjoint[&lt;lambda&gt;1]" time="0.0004012584686279297"><skipped message="Suite splitting in effect" type="pytest.skip">src/pymortests/operators.py:135: Suite splitting in effect</skipped></testcase><testcase classname="src.pymortests.operators" file="src/pymortests/operators.py" line="135" name="test_apply_adjoint[&lt;lambda&gt;2]" time="0.00044798851013183594"><skipped message="Suite splitting in effect" type="pytest.skip">src/pymortests/operators.py:135: Suite splitting in effect</skipped></testcase><testcase classname="src.pymortests.operators" file="src/pymortests/operators.py" line="135" name="test_apply_adjoint[&lt;lambda&gt;3]" time="0.0003981590270996094"><skipped message="Suite splitting in effect" type="pytest.skip">src/pymortests/operators.py:135: Suite splitting in effect</skipped></testcase><testcase classname="src.pymortests.operators" file="src/pymortests/operators.py" line="135" name="test_apply_adjoint[&lt;lambda&gt;4]" time="0.0003991127014160156"><skipped message="Suite splitting in effect" type="pytest.skip">src/pymortests/operators.py:135: Suite splitting in effect</skipped></testcase><testcase classname="src.pymortests.operators" file="src/pymortests/operators.py" line="135" name="test_apply_adjoint[&lt;lambda&gt;5]" time="0.00044989585876464844"><skipped message="Suite splitting in effect" type="pytest.skip">src/pymortests/operators.py:135: Suite splitting in effect</skipped></testcase><testcase classname="src.pymortests.operators" file="src/pymortests/operators.py" line="135" name="test_apply_adjoint[&lt;lambda&gt;6]" time="0.00040531158447265625"><skipped message="Suite splitting in effect" type="pytest.skip">src/pymortests/operators.py:135: Suite splitting in effect</skipped></testcase><testcase classname="src.pymortests.operators" file="src/pymortests/operators.py" line="135" name="test_apply_adjoint[&lt;lambda&gt;7]" time="0.00039958953857421875"><skipped message="Suite splitting in effect" type="pytest.skip">src/pymortests/operators.py:135: Suite splitting in effect</skipped></testcase><testcase classname="src.pymortests.operators" file="src/pymortests/operators.py" line="135" name="test_apply_adjoint[&lt;lambda&gt;8]" time="0.00041222572326660156"><skipped message="Suite splitting in effect" type="pytest.skip">src/pymortests/operators.py:135: Suite splitting in effect</skipped></testcase><testcase classname="src.pymortests.operators" file="src/pymortests/operators.py" line="135" name="test_apply_adjoint[&lt;lambda&gt;9]" time="0.0004069805145263672"><skipped message="Suite splitting in effect" type="pytest.skip">src/pymortests/operators.py:135: Suite splitting in effect</skipped></testcase><testcase classname="src.pymortests.operators" file="src/pymortests/operators.py" line="135" name="test_apply_adjoint[&lt;lambda&gt;10]" time="0.00039505958557128906"><skipped message="Suite splitting in effect" type="pytest.skip">src/pymortests/operators.py:135: Suite splitting in effect</skipped></testcase><testcase classname="src.pymortests.operators" file="src/pymortests/operators.py" line="135" name="test_apply_adjoint[&lt;lambda&gt;11]" time="0.0004134178161621094"><skipped message="Suite splitting in effect" type="pytest.skip">src/pymortests/operators.py:135: Suite splitting in effect</skipped></testcase><testcase classname="src.pymortests.operators" file="src/pymortests/operators.py" line="135" name="test_apply_adjoint[&lt;lambda&gt;12]" time="0.0003883838653564453"><skipped message="Suite splitting in effect" type="pytest.skip">src/pymortests/operators.py:135: Suite splitting in effect</skipped></testcase><testcase classname="src.pymortests.operators" file="src/pymortests/operators.py" line="135" name="test_apply_adjoint[&lt;lambda&gt;13]" time="0.00041365623474121094"><skipped message="Suite splitting in effect" type="pytest.skip">src/pymortests/operators.py:135: Suite splitting in effect</skipped></testcase><testcase classname="src.pymortests.operators" file="src/pymortests/operators.py" line="135" name="test_apply_adjoint[&lt;lambda&gt;14]" time="0.00039267539978027344"><skipped message="Suite splitting in effect" type="pytest.skip">src/pymortests/operators.py:135: Suite splitting in effect</skipped></testcase><testcase classname="src.pymortests.operators" file="src/pymortests/operators.py" line="135" name="test_apply_adjoint[&lt;lambda&gt;15]" time="0.00043129920959472656"><skipped message="Suite splitting in effect" type="pytest.skip">src/pymortests/operators.py:135: Suite splitting in effect</skipped></testcase><testcase classname="src.pymortests.operators" file="src/pymortests/operators.py" line="135" name="test_apply_adjoint[&lt;lambda&gt;16]" time="0.0003955364227294922"><skipped message="Suite splitting in effect" type="pytest.skip">src/pymortests/operators.py:135: Suite splitting in effect</skipped></testcase><testcase classname="src.pymortests.operators" file="src/pymortests/operators.py" line="135" name="test_apply_adjoint[&lt;lambda&gt;17]" time="0.00042319297790527344"><skipped message="Suite splitting in effect" type="pytest.skip">src/pymortests/operators.py:135: Suite splitting in effect</skipped></testcase><testcase classname="src.pymortests.operators" file="src/pymortests/operators.py" line="135" name="test_apply_adjoint[&lt;lambda&gt;18]" time="0.0006771087646484375"><skipped message="Suite splitting in effect" type="pytest.skip">src/pymortests/operators.py:135: Suite splitting in effect</skipped></testcase><testcase classname="src.pymortests.operators" file="src/pymortests/operators.py" line="135" name="test_apply_adjoint[&lt;lambda&gt;19]" time="0.0004050731658935547"><skipped message="Suite splitting in effect" type="pytest.skip">src/pymortests/operators.py:135: Suite splitting in effect</skipped></testcase><testcase classname="src.pymortests.operators" file="src/pymortests/operators.py" line="135" name="test_apply_adjoint[&lt;lambda&gt;20]" time="0.0004127025604248047"><skipped message="Suite splitting in effect" type="pytest.skip">src/pymortests/operators.py:135: Suite splitting in effect</skipped></testcase><testcase classname="src.pymortests.operators" file="src/pymortests/operators.py" line="135" name="test_apply_adjoint[&lt;lambda&gt;21]" time="0.00041794776916503906"><skipped message="Suite splitting in effect" type="pytest.skip">src/pymortests/operators.py:135: Suite splitting in effect</skipped></testcase><testcase classname="src.pymortests.operators" file="src/pymortests/operators.py" line="135" name="test_apply_adjoint[&lt;lambda&gt;22]" time="0.00041294097900390625"><skipped message="Suite splitting in effect" type="pytest.skip">src/pymortests/operators.py:135: Suite splitting in effect</skipped></testcase><testcase classname="src.pymortests.operators" file="src/pymortests/operators.py" line="135" name="test_apply_adjoint[&lt;lambda&gt;23]" time="0.0004258155822753906"><skipped message="Suite splitting in effect" type="pytest.skip">src/pymortests/operators.py:135: Suite splitting in effect</skipped></testcase><testcase classname="src.pymortests.operators" file="src/pymortests/operators.py" line="135" name="test_apply_adjoint[&lt;lambda&gt;24]" time="0.000431060791015625"><skipped message="Suite splitting in effect" type="pytest.skip">src/pymortests/operators.py:135: Suite splitting in effect</skipped></testcase><testcase classname="src.pymortests.operators" file="src/pymortests/operators.py" line="135" name="test_apply_adjoint[&lt;lambda&gt;25]" time="0.00040459632873535156"><skipped message="Suite splitting in effect" type="pytest.skip">src/pymortests/operators.py:135: Suite splitting in effect</skipped></testcase><testcase classname="src.pymortests.operators" file="src/pymortests/operators.py" line="135" name="test_apply_adjoint[&lt;lambda&gt;26]" time="0.0004277229309082031"><skipped message="Suite splitting in effect" type="pytest.skip">src/pymortests/operators.py:135: Suite splitting in effect</skipped></testcase><testcase classname="src.pymortests.operators" file="src/pymortests/operators.py" line="135" name="test_apply_adjoint[&lt;lambda&gt;27]" time="0.0003914833068847656"><skipped message="Suite splitting in effect" type="pytest.skip">src/pymortests/operators.py:135: Suite splitting in effect</skipped></testcase><testcase classname="src.pymortests.operators" file="src/pymortests/operators.py" line="135" name="test_apply_adjoint[&lt;lambda&gt;28]" time="0.00040078163146972656"><skipped message="Suite splitting in effect" type="pytest.skip">src/pymortests/operators.py:135: Suite splitting in effect</skipped></testcase><testcase classname="src.pymortests.operators" file="src/pymortests/operators.py" line="135" name="test_apply_adjoint[&lt;lambda&gt;29]" time="0.0004169940948486328"><skipped message="Suite splitting in effect" type="pytest.skip">src/pymortests/operators.py:135: Suite splitting in effect</skipped></testcase><testcase classname="src.pymortests.operators" file="src/pymortests/operators.py" line="135" name="test_apply_adjoint[&lt;lambda&gt;30]" time="0.0004246234893798828"><skipped message="Suite splitting in effect" type="pytest.skip">src/pymortests/operators.py:135: Suite splitting in effect</skipped></testcase><testcase classname="src.pymortests.operators" file="src/pymortests/operators.py" line="135" name="test_apply_adjoint[&lt;lambda&gt;31]" time="0.00039315223693847656"><skipped message="Suite splitting in effect" type="pytest.skip">src/pymortests/operators.py:135: Suite splitting in effect</skipped></testcase><testcase classname="src.pymortests.operators" file="src/pymortests/operators.py" line="135" name="test_apply_adjoint[&lt;lambda&gt;32]" time="0.00044274330139160156"><skipped message="Suite splitting in effect" type="pytest.skip">src/pymortests/operators.py:135: Suite splitting in effect</skipped></testcase><testcase classname="src.pymortests.operators" file="src/pymortests/operators.py" line="135" name="test_apply_adjoint[&lt;lambda&gt;33]" time="0.0003955364227294922"><skipped message="Suite splitting in effect" type="pytest.skip">src/pymortests/operators.py:135: Suite splitting in effect</skipped></testcase><testcase classname="src.pymortests.operators" file="src/pymortests/operators.py" line="135" name="test_apply_adjoint[&lt;lambda&gt;34]" time="0.00040411949157714844"><skipped message="Suite splitting in effect" type="pytest.skip">src/pymortests/operators.py:135: Suite splitting in effect</skipped></testcase><testcase classname="src.pymortests.operators" file="src/pymortests/operators.py" line="135" name="test_apply_adjoint[&lt;lambda&gt;35]" time="0.0004031658172607422"><skipped message="Suite splitting in effect" type="pytest.skip">src/pymortests/operators.py:135: Suite splitting in effect</skipped></testcase><testcase classname="src.pymortests.operators" file="src/pymortests/operators.py" line="135" name="test_apply_adjoint[&lt;lambda&gt;36]" time="0.0004401206970214844"><skipped message="Suite splitting in effect" type="pytest.skip">src/pymortests/operators.py:135: Suite splitting in effect</skipped></testcase><testcase classname="src.pymortests.operators" file="src/pymortests/operators.py" line="135" name="test_apply_adjoint[&lt;lambda&gt;37]" time="0.00041484832763671875"><skipped message="Suite splitting in effect" type="pytest.skip">src/pymortests/operators.py:135: Suite splitting in effect</skipped></testcase><testcase classname="src.pymortests.operators" file="src/pymortests/operators.py" line="135" name="test_apply_adjoint[&lt;lambda&gt;38]" time="0.00040602684020996094"><skipped message="Suite splitting in effect" type="pytest.skip">src/pymortests/operators.py:135: Suite splitting in effect</skipped></testcase><testcase classname="src.pymortests.operators" file="src/pymortests/operators.py" line="135" name="test_apply_adjoint[&lt;lambda&gt;39]" time="0.0004248619079589844"><skipped message="Suite splitting in effect" type="pytest.skip">src/pymortests/operators.py:135: Suite splitting in effect</skipped></testcase><testcase classname="src.pymortests.operators" file="src/pymortests/operators.py" line="135" name="test_apply_adjoint[&lt;lambda&gt;40]" time="0.00039005279541015625"><skipped message="Suite splitting in effect" type="pytest.skip">src/pymortests/operators.py:135: Suite splitting in effect</skipped></testcase><testcase classname="src.pymortests.operators" file="src/pymortests/operators.py" line="151" name="test_apply_adjoint_2[&lt;lambda&gt;0]" time="0.0004286766052246094"><skipped message="Suite splitting in effect" type="pytest.skip">src/pymortests/operators.py:151: Suite splitting in effect</skipped></testcase><testcase classname="src.pymortests.operators" file="src/pymortests/operators.py" line="151" name="test_apply_adjoint_2[&lt;lambda&gt;1]" time="0.0004208087921142578"><skipped message="Suite splitting in effect" type="pytest.skip">src/pymortests/operators.py:151: Suite splitting in effect</skipped></testcase><testcase classname="src.pymortests.operators" file="src/pymortests/operators.py" line="151" name="test_apply_adjoint_2[&lt;lambda&gt;2]" time="0.00040531158447265625"><skipped message="Suite splitting in effect" type="pytest.skip">src/pymortests/operators.py:151: Suite splitting in effect</skipped></testcase><testcase classname="src.pymortests.operators" file="src/pymortests/operators.py" line="151" name="test_apply_adjoint_2[&lt;lambda&gt;3]" time="0.00041174888610839844"><skipped message="Suite splitting in effect" type="pytest.skip">src/pymortests/operators.py:151: Suite splitting in effect</skipped></testcase><testcase classname="src.pymortests.operators" file="src/pymortests/operators.py" line="151" name="test_apply_adjoint_2[&lt;lambda&gt;4]" time="0.0004050731658935547"><skipped message="Suite splitting in effect" type="pytest.skip">src/pymortests/operators.py:151: Suite splitting in effect</skipped></testcase><testcase classname="src.pymortests.operators" file="src/pymortests/operators.py" line="151" name="test_apply_adjoint_2[&lt;lambda&gt;5]" time="0.0004069805145263672"><skipped message="Suite splitting in effect" type="pytest.skip">src/pymortests/operators.py:151: Suite splitting in effect</skipped></testcase><testcase classname="src.pymortests.operators" file="src/pymortests/operators.py" line="151" name="test_apply_adjoint_2[&lt;lambda&gt;6]" time="0.0004317760467529297"><skipped message="Suite splitting in effect" type="pytest.skip">src/pymortests/operators.py:151: Suite splitting in effect</skipped></testcase><testcase classname="src.pymortests.operators" file="src/pymortests/operators.py" line="151" name="test_apply_adjoint_2[&lt;lambda&gt;7]" time="0.0004057884216308594"><skipped message="Suite splitting in effect" type="pytest.skip">src/pymortests/operators.py:151: Suite splitting in effect</skipped></testcase><testcase classname="src.pymortests.operators" file="src/pymortests/operators.py" line="151" name="test_apply_adjoint_2[&lt;lambda&gt;8]" time="0.0003955364227294922"><skipped message="Suite splitting in effect" type="pytest.skip">src/pymortests/operators.py:151: Suite splitting in effect</skipped></testcase><testcase classname="src.pymortests.operators" file="src/pymortests/operators.py" line="151" name="test_apply_adjoint_2[&lt;lambda&gt;9]" time="0.00044989585876464844"><skipped message="Suite splitting in effect" type="pytest.skip">src/pymortests/operators.py:151: Suite splitting in effect</skipped></testcase><testcase classname="src.pymortests.operators" file="src/pymortests/operators.py" line="151" name="test_apply_adjoint_2[&lt;lambda&gt;10]" time="0.0003895759582519531"><skipped message="Suite splitting in effect" type="pytest.skip">src/pymortests/operators.py:151: Suite splitting in effect</skipped></testcase><testcase classname="src.pymortests.operators" file="src/pymortests/operators.py" line="151" name="test_apply_adjoint_2[&lt;lambda&gt;11]" time="0.0004100799560546875"><skipped message="Suite splitting in effect" type="pytest.skip">src/pymortests/operators.py:151: Suite splitting in effect</skipped></testcase><testcase classname="src.pymortests.operators" file="src/pymortests/operators.py" line="151" name="test_apply_adjoint_2[&lt;lambda&gt;12]" time="0.0003867149353027344"><skipped message="Suite splitting in effect" type="pytest.skip">src/pymortests/operators.py:151: Suite splitting in effect</skipped></testcase><testcase classname="src.pymortests.operators" file="src/pymortests/operators.py" line="151" name="test_apply_adjoint_2[&lt;lambda&gt;13]" time="0.0004258155822753906"><skipped message="Suite splitting in effect" type="pytest.skip">src/pymortests/operators.py:151: Suite splitting in effect</skipped></testcase><testcase classname="src.pymortests.operators" file="src/pymortests/operators.py" line="151" name="test_apply_adjoint_2[&lt;lambda&gt;14]" time="0.0004024505615234375"><skipped message="Suite splitting in effect" type="pytest.skip">src/pymortests/operators.py:151: Suite splitting in effect</skipped></testcase><testcase classname="src.pymortests.operators" file="src/pymortests/operators.py" line="151" name="test_apply_adjoint_2[&lt;lambda&gt;15]" time="0.0004127025604248047"><skipped message="Suite splitting in effect" type="pytest.skip">src/pymortests/operators.py:151: Suite splitting in effect</skipped></testcase><testcase classname="src.pymortests.operators" file="src/pymortests/operators.py" line="151" name="test_apply_adjoint_2[&lt;lambda&gt;16]" time="0.00039887428283691406"><skipped message="Suite splitting in effect" type="pytest.skip">src/pymortests/operators.py:151: Suite splitting in effect</skipped></testcase><testcase classname="src.pymortests.operators" file="src/pymortests/operators.py" line="151" name="test_apply_adjoint_2[&lt;lambda&gt;17]" time="0.0004050731658935547"><skipped message="Suite splitting in effect" type="pytest.skip">src/pymortests/operators.py:151: Suite splitting in effect</skipped></testcase><testcase classname="src.pymortests.operators" file="src/pymortests/operators.py" line="151" name="test_apply_adjoint_2[&lt;lambda&gt;18]" time="0.0004165172576904297"><skipped message="Suite splitting in effect" type="pytest.skip">src/pymortests/operators.py:151: Suite splitting in effect</skipped></testcase><testcase classname="src.pymortests.operators" file="src/pymortests/operators.py" line="151" name="test_apply_adjoint_2[&lt;lambda&gt;19]" time="0.0004203319549560547"><skipped message="Suite splitting in effect" type="pytest.skip">src/pymortests/operators.py:151: Suite splitting in effect</skipped></testcase><testcase classname="src.pymortests.operators" file="src/pymortests/operators.py" line="151" name="test_apply_adjoint_2[&lt;lambda&gt;20]" time="0.00041174888610839844"><skipped message="Suite splitting in effect" type="pytest.skip">src/pymortests/operators.py:151: Suite splitting in effect</skipped></testcase><testcase classname="src.pymortests.operators" file="src/pymortests/operators.py" line="151" name="test_apply_adjoint_2[&lt;lambda&gt;21]" time="0.00042057037353515625"><skipped message="Suite splitting in effect" type="pytest.skip">src/pymortests/operators.py:151: Suite splitting in effect</skipped></testcase><testcase classname="src.pymortests.operators" file="src/pymortests/operators.py" line="151" name="test_apply_adjoint_2[&lt;lambda&gt;22]" time="0.0004153251647949219"><skipped message="Suite splitting in effect" type="pytest.skip">src/pymortests/operators.py:151: Suite splitting in effect</skipped></testcase><testcase classname="src.pymortests.operators" file="src/pymortests/operators.py" line="151" name="test_apply_adjoint_2[&lt;lambda&gt;23]" time="0.0004074573516845703"><skipped message="Suite splitting in effect" type="pytest.skip">src/pymortests/operators.py:151: Suite splitting in effect</skipped></testcase><testcase classname="src.pymortests.operators" file="src/pymortests/operators.py" line="151" name="test_apply_adjoint_2[&lt;lambda&gt;24]" time="0.0004322528839111328"><skipped message="Suite splitting in effect" type="pytest.skip">src/pymortests/operators.py:151: Suite splitting in effect</skipped></testcase><testcase classname="src.pymortests.operators" file="src/pymortests/operators.py" line="151" name="test_apply_adjoint_2[&lt;lambda&gt;25]" time="0.00040030479431152344"><skipped message="Suite splitting in effect" type="pytest.skip">src/pymortests/operators.py:151: Suite splitting in effect</skipped></testcase><testcase classname="src.pymortests.operators" file="src/pymortests/operators.py" line="151" name="test_apply_adjoint_2[&lt;lambda&gt;26]" time="0.0004067420959472656"><skipped message="Suite splitting in effect" type="pytest.skip">src/pymortests/operators.py:151: Suite splitting in effect</skipped></testcase><testcase classname="src.pymortests.operators" file="src/pymortests/operators.py" line="151" name="test_apply_adjoint_2[&lt;lambda&gt;27]" time="0.00040268898010253906"><skipped message="Suite splitting in effect" type="pytest.skip">src/pymortests/operators.py:151: Suite splitting in effect</skipped></testcase><testcase classname="src.pymortests.operators" file="src/pymortests/operators.py" line="151" name="test_apply_adjoint_2[&lt;lambda&gt;28]" time="0.0004038810729980469"><skipped message="Suite splitting in effect" type="pytest.skip">src/pymortests/operators.py:151: Suite splitting in effect</skipped></testcase><testcase classname="src.pymortests.operators" file="src/pymortests/operators.py" line="151" name="test_apply_adjoint_2[&lt;lambda&gt;29]" time="0.00042057037353515625"><skipped message="Suite splitting in effect" type="pytest.skip">src/pymortests/operators.py:151: Suite splitting in effect</skipped></testcase><testcase classname="src.pymortests.operators" file="src/pymortests/operators.py" line="151" name="test_apply_adjoint_2[&lt;lambda&gt;30]" time="0.0004374980926513672"><skipped message="Suite splitting in effect" type="pytest.skip">src/pymortests/operators.py:151: Suite splitting in effect</skipped></testcase><testcase classname="src.pymortests.operators" file="src/pymortests/operators.py" line="151" name="test_apply_adjoint_2[&lt;lambda&gt;31]" time="0.00040793418884277344"><skipped message="Suite splitting in effect" type="pytest.skip">src/pymortests/operators.py:151: Suite splitting in effect</skipped></testcase><testcase classname="src.pymortests.operators" file="src/pymortests/operators.py" line="151" name="test_apply_adjoint_2[&lt;lambda&gt;32]" time="0.0004448890686035156"><skipped message="Suite splitting in effect" type="pytest.skip">src/pymortests/operators.py:151: Suite splitting in effect</skipped></testcase><testcase classname="src.pymortests.operators" file="src/pymortests/operators.py" line="151" name="test_apply_adjoint_2[&lt;lambda&gt;33]" time="0.0003879070281982422"><skipped message="Suite splitting in effect" type="pytest.skip">src/pymortests/operators.py:151: Suite splitting in effect</skipped></testcase><testcase classname="src.pymortests.operators" file="src/pymortests/operators.py" line="151" name="test_apply_adjoint_2[&lt;lambda&gt;34]" time="0.0004470348358154297"><skipped message="Suite splitting in effect" type="pytest.skip">src/pymortests/operators.py:151: Suite splitting in effect</skipped></testcase><testcase classname="src.pymortests.operators" file="src/pymortests/operators.py" line="151" name="test_apply_adjoint_2[&lt;lambda&gt;35]" time="0.0004124641418457031"><skipped message="Suite splitting in effect" type="pytest.skip">src/pymortests/operators.py:151: Suite splitting in effect</skipped></testcase><testcase classname="src.pymortests.operators" file="src/pymortests/operators.py" line="151" name="test_apply_adjoint_2[&lt;lambda&gt;36]" time="0.0004069805145263672"><skipped message="Suite splitting in effect" type="pytest.skip">src/pymortests/operators.py:151: Suite splitting in effect</skipped></testcase><testcase classname="src.pymortests.operators" file="src/pymortests/operators.py" line="151" name="test_apply_adjoint_2[&lt;lambda&gt;37]" time="0.0003921985626220703"><skipped message="Suite splitting in effect" type="pytest.skip">src/pymortests/operators.py:151: Suite splitting in effect</skipped></testcase><testcase classname="src.pymortests.operators" file="src/pymortests/operators.py" line="151" name="test_apply_adjoint_2[&lt;lambda&gt;38]" time="0.0003979206085205078"><skipped message="Suite splitting in effect" type="pytest.skip">src/pymortests/operators.py:151: Suite splitting in effect</skipped></testcase><testcase classname="src.pymortests.operators" file="src/pymortests/operators.py" line="151" name="test_apply_adjoint_2[&lt;lambda&gt;39]" time="0.0004241466522216797"><skipped message="Suite splitting in effect" type="pytest.skip">src/pymortests/operators.py:151: Suite splitting in effect</skipped></testcase><testcase classname="src.pymortests.operators" file="src/pymortests/operators.py" line="151" name="test_apply_adjoint_2[&lt;lambda&gt;40]" time="0.00038743019104003906"><skipped message="Suite splitting in effect" type="pytest.skip">src/pymortests/operators.py:151: Suite splitting in effect</skipped></testcase><testcase classname="src.pymortests.operators" file="src/pymortests/operators.py" line="162" name="test_H[&lt;lambda&gt;0]" time="0.0004038810729980469"><skipped message="Suite splitting in effect" type="pytest.skip">src/pymortests/operators.py:162: Suite splitting in effect</skipped></testcase><testcase classname="src.pymortests.operators" file="src/pymortests/operators.py" line="162" name="test_H[&lt;lambda&gt;1]" time="0.0004067420959472656"><skipped message="Suite splitting in effect" type="pytest.skip">src/pymortests/operators.py:162: Suite splitting in effect</skipped></testcase><testcase classname="src.pymortests.operators" file="src/pymortests/operators.py" line="162" name="test_H[&lt;lambda&gt;2]" time="0.0003974437713623047"><skipped message="Suite splitting in effect" type="pytest.skip">src/pymortests/operators.py:162: Suite splitting in effect</skipped></testcase><testcase classname="src.pymortests.operators" file="src/pymortests/operators.py" line="162" name="test_H[&lt;lambda&gt;3]" time="0.0004100799560546875"><skipped message="Suite splitting in effect" type="pytest.skip">src/pymortests/operators.py:162: Suite splitting in effect</skipped></testcase><testcase classname="src.pymortests.operators" file="src/pymortests/operators.py" line="162" name="test_H[&lt;lambda&gt;4]" time="0.0004031658172607422"><skipped message="Suite splitting in effect" type="pytest.skip">src/pymortests/operators.py:162: Suite splitting in effect</skipped></testcase><testcase classname="src.pymortests.operators" file="src/pymortests/operators.py" line="162" name="test_H[&lt;lambda&gt;5]" time="0.00040602684020996094"><skipped message="Suite splitting in effect" type="pytest.skip">src/pymortests/operators.py:162: Suite splitting in effect</skipped></testcase><testcase classname="src.pymortests.operators" file="src/pymortests/operators.py" line="162" name="test_H[&lt;lambda&gt;6]" time="0.00045800209045410156"><skipped message="Suite splitting in effect" type="pytest.skip">src/pymortests/operators.py:162: Suite splitting in effect</skipped></testcase><testcase classname="src.pymortests.operators" file="src/pymortests/operators.py" line="162" name="test_H[&lt;lambda&gt;7]" time="0.0003914833068847656"><skipped message="Suite splitting in effect" type="pytest.skip">src/pymortests/operators.py:162: Suite splitting in effect</skipped></testcase><testcase classname="src.pymortests.operators" file="src/pymortests/operators.py" line="162" name="test_H[&lt;lambda&gt;8]" time="0.00040268898010253906"><skipped message="Suite splitting in effect" type="pytest.skip">src/pymortests/operators.py:162: Suite splitting in effect</skipped></testcase><testcase classname="src.pymortests.operators" file="src/pymortests/operators.py" line="162" name="test_H[&lt;lambda&gt;9]" time="0.0004315376281738281"><skipped message="Suite splitting in effect" type="pytest.skip">src/pymortests/operators.py:162: Suite splitting in effect</skipped></testcase><testcase classname="src.pymortests.operators" file="src/pymortests/operators.py" line="162" name="test_H[&lt;lambda&gt;10]" time="0.0004017353057861328"><skipped message="Suite splitting in effect" type="pytest.skip">src/pymortests/operators.py:162: Suite splitting in effect</skipped></testcase><testcase classname="src.pymortests.operators" file="src/pymortests/operators.py" line="162" name="test_H[&lt;lambda&gt;11]" time="0.00041174888610839844"><skipped message="Suite splitting in effect" type="pytest.skip">src/pymortests/operators.py:162: Suite splitting in effect</skipped></testcase><testcase classname="src.pymortests.operators" file="src/pymortests/operators.py" line="162" name="test_H[&lt;lambda&gt;12]" time="0.00042057037353515625"><skipped message="Suite splitting in effect" type="pytest.skip">src/pymortests/operators.py:162: Suite splitting in effect</skipped></testcase><testcase classname="src.pymortests.operators" file="src/pymortests/operators.py" line="162" name="test_H[&lt;lambda&gt;13]" time="0.00042128562927246094"><skipped message="Suite splitting in effect" type="pytest.skip">src/pymortests/operators.py:162: Suite splitting in effect</skipped></testcase><testcase classname="src.pymortests.operators" file="src/pymortests/operators.py" line="162" name="test_H[&lt;lambda&gt;14]" time="0.0004477500915527344"><skipped message="Suite splitting in effect" type="pytest.skip">src/pymortests/operators.py:162: Suite splitting in effect</skipped></testcase><testcase classname="src.pymortests.operators" file="src/pymortests/operators.py" line="162" name="test_H[&lt;lambda&gt;15]" time="0.00043582916259765625"><skipped message="Suite splitting in effect" type="pytest.skip">src/pymortests/operators.py:162: Suite splitting in effect</skipped></testcase><testcase classname="src.pymortests.operators" file="src/pymortests/operators.py" line="162" name="test_H[&lt;lambda&gt;16]" time="0.00038743019104003906"><skipped message="Suite splitting in effect" type="pytest.skip">src/pymortests/operators.py:162: Suite splitting in effect</skipped></testcase><testcase classname="src.pymortests.operators" file="src/pymortests/operators.py" line="162" name="test_H[&lt;lambda&gt;17]" time="0.0004246234893798828"><skipped message="Suite splitting in effect" type="pytest.skip">src/pymortests/operators.py:162: Suite splitting in effect</skipped></testcase><testcase classname="src.pymortests.operators" file="src/pymortests/operators.py" line="162" name="test_H[&lt;lambda&gt;18]" time="0.0003933906555175781"><skipped message="Suite splitting in effect" type="pytest.skip">src/pymortests/operators.py:162: Suite splitting in effect</skipped></testcase><testcase classname="src.pymortests.operators" file="src/pymortests/operators.py" line="162" name="test_H[&lt;lambda&gt;19]" time="0.00041174888610839844"><skipped message="Suite splitting in effect" type="pytest.skip">src/pymortests/operators.py:162: Suite splitting in effect</skipped></testcase><testcase classname="src.pymortests.operators" file="src/pymortests/operators.py" line="162" name="test_H[&lt;lambda&gt;20]" time="0.0003943443298339844"><skipped message="Suite splitting in effect" type="pytest.skip">src/pymortests/operators.py:162: Suite splitting in effect</skipped></testcase><testcase classname="src.pymortests.operators" file="src/pymortests/operators.py" line="162" name="test_H[&lt;lambda&gt;21]" time="0.00041222572326660156"><skipped message="Suite splitting in effect" type="pytest.skip">src/pymortests/operators.py:162: Suite splitting in effect</skipped></testcase><testcase classname="src.pymortests.operators" file="src/pymortests/operators.py" line="162" name="test_H[&lt;lambda&gt;22]" time="0.00041103363037109375"><skipped message="Suite splitting in effect" type="pytest.skip">src/pymortests/operators.py:162: Suite splitting in effect</skipped></testcase><testcase classname="src.pymortests.operators" file="src/pymortests/operators.py" line="162" name="test_H[&lt;lambda&gt;23]" time="0.0006575584411621094"><skipped message="Suite splitting in effect" type="pytest.skip">src/pymortests/operators.py:162: Suite splitting in effect</skipped></testcase><testcase classname="src.pymortests.operators" file="src/pymortests/operators.py" line="162" name="test_H[&lt;lambda&gt;24]" time="0.00039839744567871094"><skipped message="Suite splitting in effect" type="pytest.skip">src/pymortests/operators.py:162: Suite splitting in effect</skipped></testcase><testcase classname="src.pymortests.operators" file="src/pymortests/operators.py" line="162" name="test_H[&lt;lambda&gt;25]" time="0.0004036426544189453"><skipped message="Suite splitting in effect" type="pytest.skip">src/pymortests/operators.py:162: Suite splitting in effect</skipped></testcase><testcase classname="src.pymortests.operators" file="src/pymortests/operators.py" line="162" name="test_H[&lt;lambda&gt;26]" time="0.0004684925079345703"><skipped message="Suite splitting in effect" type="pytest.skip">src/pymortests/operators.py:162: Suite splitting in effect</skipped></testcase><testcase classname="src.pymortests.operators" file="src/pymortests/operators.py" line="162" name="test_H[&lt;lambda&gt;27]" time="0.00040459632873535156"><skipped message="Suite splitting in effect" type="pytest.skip">src/pymortests/operators.py:162: Suite splitting in effect</skipped></testcase><testcase classname="src.pymortests.operators" file="src/pymortests/operators.py" line="162" name="test_H[&lt;lambda&gt;28]" time="0.00040721893310546875"><skipped message="Suite splitting in effect" type="pytest.skip">src/pymortests/operators.py:162: Suite splitting in effect</skipped></testcase><testcase classname="src.pymortests.operators" file="src/pymortests/operators.py" line="162" name="test_H[&lt;lambda&gt;29]" time="0.0004036426544189453"><skipped message="Suite splitting in effect" type="pytest.skip">src/pymortests/operators.py:162: Suite splitting in effect</skipped></testcase><testcase classname="src.pymortests.operators" file="src/pymortests/operators.py" line="162" name="test_H[&lt;lambda&gt;30]" time="0.0004305839538574219"><skipped message="Suite splitting in effect" type="pytest.skip">src/pymortests/operators.py:162: Suite splitting in effect</skipped></testcase><testcase classname="src.pymortests.operators" file="src/pymortests/operators.py" line="162" name="test_H[&lt;lambda&gt;31]" time="0.0006721019744873047"><skipped message="Suite splitting in effect" type="pytest.skip">src/pymortests/operators.py:162: Suite splitting in effect</skipped></testcase><testcase classname="src.pymortests.operators" file="src/pymortests/operators.py" line="162" name="test_H[&lt;lambda&gt;32]" time="0.00040721893310546875"><skipped message="Suite splitting in effect" type="pytest.skip">src/pymortests/operators.py:162: Suite splitting in effect</skipped></testcase><testcase classname="src.pymortests.operators" file="src/pymortests/operators.py" line="162" name="test_H[&lt;lambda&gt;33]" time="0.00041174888610839844"><skipped message="Suite splitting in effect" type="pytest.skip">src/pymortests/operators.py:162: Suite splitting in effect</skipped></testcase><testcase classname="src.pymortests.operators" file="src/pymortests/operators.py" line="162" name="test_H[&lt;lambda&gt;34]" time="0.0004096031188964844"><skipped message="Suite splitting in effect" type="pytest.skip">src/pymortests/operators.py:162: Suite splitting in effect</skipped></testcase><testcase classname="src.pymortests.operators" file="src/pymortests/operators.py" line="162" name="test_H[&lt;lambda&gt;35]" time="0.0003876686096191406"><skipped message="Suite splitting in effect" type="pytest.skip">src/pymortests/operators.py:162: Suite splitting in effect</skipped></testcase><testcase classname="src.pymortests.operators" file="src/pymortests/operators.py" line="162" name="test_H[&lt;lambda&gt;36]" time="0.0004284381866455078"><skipped message="Suite splitting in effect" type="pytest.skip">src/pymortests/operators.py:162: Suite splitting in effect</skipped></testcase><testcase classname="src.pymortests.operators" file="src/pymortests/operators.py" line="162" name="test_H[&lt;lambda&gt;37]" time="0.00039386749267578125"><skipped message="Suite splitting in effect" type="pytest.skip">src/pymortests/operators.py:162: Suite splitting in effect</skipped></testcase><testcase classname="src.pymortests.operators" file="src/pymortests/operators.py" line="162" name="test_H[&lt;lambda&gt;38]" time="0.0005414485931396484"><skipped message="Suite splitting in effect" type="pytest.skip">src/pymortests/operators.py:162: Suite splitting in effect</skipped></testcase><testcase classname="src.pymortests.operators" file="src/pymortests/operators.py" line="162" name="test_H[&lt;lambda&gt;39]" time="0.000408172607421875"><skipped message="Suite splitting in effect" type="pytest.skip">src/pymortests/operators.py:162: Suite splitting in effect</skipped></testcase><testcase classname="src.pymortests.operators" file="src/pymortests/operators.py" line="162" name="test_H[&lt;lambda&gt;40]" time="0.00040459632873535156"><skipped message="Suite splitting in effect" type="pytest.skip">src/pymortests/operators.py:162: Suite splitting in effect</skipped></testcase><testcase classname="src.pymortests.operators" file="src/pymortests/operators.py" line="173" name="test_apply_inverse[&lt;lambda&gt;0]" time="0.00039076805114746094"><skipped message="Suite splitting in effect" type="pytest.skip">src/pymortests/operators.py:173: Suite splitting in effect</skipped></testcase><testcase classname="src.pymortests.operators" file="src/pymortests/operators.py" line="173" name="test_apply_inverse[&lt;lambda&gt;1]" time="0.00041556358337402344"><skipped message="Suite splitting in effect" type="pytest.skip">src/pymortests/operators.py:173: Suite splitting in effect</skipped></testcase><testcase classname="src.pymortests.operators" file="src/pymortests/operators.py" line="173" name="test_apply_inverse[&lt;lambda&gt;2]" time="0.00041103363037109375"><skipped message="Suite splitting in effect" type="pytest.skip">src/pymortests/operators.py:173: Suite splitting in effect</skipped></testcase><testcase classname="src.pymortests.operators" file="src/pymortests/operators.py" line="173" name="test_apply_inverse[&lt;lambda&gt;3]" time="0.0004010200500488281"><skipped message="Suite splitting in effect" type="pytest.skip">src/pymortests/operators.py:173: Suite splitting in effect</skipped></testcase><testcase classname="src.pymortests.operators" file="src/pymortests/operators.py" line="173" name="test_apply_inverse[&lt;lambda&gt;4]" time="0.00041675567626953125"><skipped message="Suite splitting in effect" type="pytest.skip">src/pymortests/operators.py:173: Suite splitting in effect</skipped></testcase><testcase classname="src.pymortests.operators" file="src/pymortests/operators.py" line="173" name="test_apply_inverse[&lt;lambda&gt;5]" time="0.00042939186096191406"><skipped message="Suite splitting in effect" type="pytest.skip">src/pymortests/operators.py:173: Suite splitting in effect</skipped></testcase><testcase classname="src.pymortests.operators" file="src/pymortests/operators.py" line="173" name="test_apply_inverse[&lt;lambda&gt;6]" time="0.0004220008850097656"><skipped message="Suite splitting in effect" type="pytest.skip">src/pymortests/operators.py:173: Suite splitting in effect</skipped></testcase><testcase classname="src.pymortests.operators" file="src/pymortests/operators.py" line="173" name="test_apply_inverse[&lt;lambda&gt;7]" time="0.00039768218994140625"><skipped message="Suite splitting in effect" type="pytest.skip">src/pymortests/operators.py:173: Suite splitting in effect</skipped></testcase><testcase classname="src.pymortests.operators" file="src/pymortests/operators.py" line="173" name="test_apply_inverse[&lt;lambda&gt;8]" time="0.0004048347473144531"><skipped message="Suite splitting in effect" type="pytest.skip">src/pymortests/operators.py:173: Suite splitting in effect</skipped></testcase><testcase classname="src.pymortests.operators" file="src/pymortests/operators.py" line="173" name="test_apply_inverse[&lt;lambda&gt;9]" time="0.0004062652587890625"><skipped message="Suite splitting in effect" type="pytest.skip">src/pymortests/operators.py:173: Suite splitting in effect</skipped></testcase><testcase classname="src.pymortests.operators" file="src/pymortests/operators.py" line="173" name="test_apply_inverse[&lt;lambda&gt;10]" time="0.0004622936248779297"><skipped message="Suite splitting in effect" type="pytest.skip">src/pymortests/operators.py:173: Suite splitting in effect</skipped></testcase><testcase classname="src.pymortests.operators" file="src/pymortests/operators.py" line="173" name="test_apply_inverse[&lt;lambda&gt;11]" time="0.00040435791015625"><skipped message="Suite splitting in effect" type="pytest.skip">src/pymortests/operators.py:173: Suite splitting in effect</skipped></testcase><testcase classname="src.pymortests.operators" file="src/pymortests/operators.py" line="173" name="test_apply_inverse[&lt;lambda&gt;12]" time="0.0004067420959472656"><skipped message="Suite splitting in effect" type="pytest.skip">src/pymortests/operators.py:173: Suite splitting in effect</skipped></testcase><testcase classname="src.pymortests.operators" file="src/pymortests/operators.py" line="173" name="test_apply_inverse[&lt;lambda&gt;13]" time="0.0003960132598876953"><skipped message="Suite splitting in effect" type="pytest.skip">src/pymortests/operators.py:173: Suite splitting in effect</skipped></testcase><testcase classname="src.pymortests.operators" file="src/pymortests/operators.py" line="173" name="test_apply_inverse[&lt;lambda&gt;14]" time="0.00038909912109375"><skipped message="Suite splitting in effect" type="pytest.skip">src/pymortests/operators.py:173: Suite splitting in effect</skipped></testcase><testcase classname="src.pymortests.operators" file="src/pymortests/operators.py" line="173" name="test_apply_inverse[&lt;lambda&gt;15]" time="0.00040721893310546875"><skipped message="Suite splitting in effect" type="pytest.skip">src/pymortests/operators.py:173: Suite splitting in effect</skipped></testcase><testcase classname="src.pymortests.operators" file="src/pymortests/operators.py" line="173" name="test_apply_inverse[&lt;lambda&gt;16]" time="0.0004010200500488281"><skipped message="Suite splitting in effect" type="pytest.skip">src/pymortests/operators.py:173: Suite splitting in effect</skipped></testcase><testcase classname="src.pymortests.operators" file="src/pymortests/operators.py" line="173" name="test_apply_inverse[&lt;lambda&gt;17]" time="0.0003826618194580078"><skipped message="Suite splitting in effect" type="pytest.skip">src/pymortests/operators.py:173: Suite splitting in effect</skipped></testcase><testcase classname="src.pymortests.operators" file="src/pymortests/operators.py" line="173" name="test_apply_inverse[&lt;lambda&gt;18]" time="0.0004477500915527344"><skipped message="Suite splitting in effect" type="pytest.skip">src/pymortests/operators.py:173: Suite splitting in effect</skipped></testcase><testcase classname="src.pymortests.operators" file="src/pymortests/operators.py" line="173" name="test_apply_inverse[&lt;lambda&gt;19]" time="0.0004169940948486328"><skipped message="Suite splitting in effect" type="pytest.skip">src/pymortests/operators.py:173: Suite splitting in effect</skipped></testcase><testcase classname="src.pymortests.operators" file="src/pymortests/operators.py" line="173" name="test_apply_inverse[&lt;lambda&gt;20]" time="0.0004329681396484375"><skipped message="Suite splitting in effect" type="pytest.skip">src/pymortests/operators.py:173: Suite splitting in effect</skipped></testcase><testcase classname="src.pymortests.operators" file="src/pymortests/operators.py" line="173" name="test_apply_inverse[&lt;lambda&gt;21]" time="0.00042891502380371094"><skipped message="Suite splitting in effect" type="pytest.skip">src/pymortests/operators.py:173: Suite splitting in effect</skipped></testcase><testcase classname="src.pymortests.operators" file="src/pymortests/operators.py" line="173" name="test_apply_inverse[&lt;lambda&gt;22]" time="0.0003960132598876953"><skipped message="Suite splitting in effect" type="pytest.skip">src/pymortests/operators.py:173: Suite splitting in effect</skipped></testcase><testcase classname="src.pymortests.operators" file="src/pymortests/operators.py" line="173" name="test_apply_inverse[&lt;lambda&gt;23]" time="0.00040149688720703125"><skipped message="Suite splitting in effect" type="pytest.skip">src/pymortests/operators.py:173: Suite splitting in effect</skipped></testcase><testcase classname="src.pymortests.operators" file="src/pymortests/operators.py" line="173" name="test_apply_inverse[&lt;lambda&gt;24]" time="0.00042939186096191406"><skipped message="Suite splitting in effect" type="pytest.skip">src/pymortests/operators.py:173: Suite splitting in effect</skipped></testcase><testcase classname="src.pymortests.operators" file="src/pymortests/operators.py" line="173" name="test_apply_inverse[&lt;lambda&gt;25]" time="0.0003962516784667969"><skipped message="Suite splitting in effect" type="pytest.skip">src/pymortests/operators.py:173: Suite splitting in effect</skipped></testcase><testcase classname="src.pymortests.operators" file="src/pymortests/operators.py" line="173" name="test_apply_inverse[&lt;lambda&gt;26]" time="0.00042057037353515625"><skipped message="Suite splitting in effect" type="pytest.skip">src/pymortests/operators.py:173: Suite splitting in effect</skipped></testcase><testcase classname="src.pymortests.operators" file="src/pymortests/operators.py" line="173" name="test_apply_inverse[&lt;lambda&gt;27]" time="0.0004062652587890625"><skipped message="Suite splitting in effect" type="pytest.skip">src/pymortests/operators.py:173: Suite splitting in effect</skipped></testcase><testcase classname="src.pymortests.operators" file="src/pymortests/operators.py" line="173" name="test_apply_inverse[&lt;lambda&gt;28]" time="0.00042700767517089844"><skipped message="Suite splitting in effect" type="pytest.skip">src/pymortests/operators.py:173: Suite splitting in effect</skipped></testcase><testcase classname="src.pymortests.operators" file="src/pymortests/operators.py" line="173" name="test_apply_inverse[&lt;lambda&gt;29]" time="0.00039505958557128906"><skipped message="Suite splitting in effect" type="pytest.skip">src/pymortests/operators.py:173: Suite splitting in effect</skipped></testcase><testcase classname="src.pymortests.operators" file="src/pymortests/operators.py" line="173" name="test_apply_inverse[&lt;lambda&gt;30]" time="0.00041103363037109375"><skipped message="Suite splitting in effect" type="pytest.skip">src/pymortests/operators.py:173: Suite splitting in effect</skipped></testcase><testcase classname="src.pymortests.operators" file="src/pymortests/operators.py" line="173" name="test_apply_inverse[&lt;lambda&gt;31]" time="0.00038695335388183594"><skipped message="Suite splitting in effect" type="pytest.skip">src/pymortests/operators.py:173: Suite splitting in effect</skipped></testcase><testcase classname="src.pymortests.operators" file="src/pymortests/operators.py" line="173" name="test_apply_inverse[&lt;lambda&gt;32]" time="0.00040984153747558594"><skipped message="Suite splitting in effect" type="pytest.skip">src/pymortests/operators.py:173: Suite splitting in effect</skipped></testcase><testcase classname="src.pymortests.operators" file="src/pymortests/operators.py" line="173" name="test_apply_inverse[&lt;lambda&gt;33]" time="0.0003840923309326172"><skipped message="Suite splitting in effect" type="pytest.skip">src/pymortests/operators.py:173: Suite splitting in effect</skipped></testcase><testcase classname="src.pymortests.operators" file="src/pymortests/operators.py" line="173" name="test_apply_inverse[&lt;lambda&gt;34]" time="0.0004131793975830078"><skipped message="Suite splitting in effect" type="pytest.skip">src/pymortests/operators.py:173: Suite splitting in effect</skipped></testcase><testcase classname="src.pymortests.operators" file="src/pymortests/operators.py" line="173" name="test_apply_inverse[&lt;lambda&gt;35]" time="0.0003941059112548828"><skipped message="Suite splitting in effect" type="pytest.skip">src/pymortests/operators.py:173: Suite splitting in effect</skipped></testcase><testcase classname="src.pymortests.operators" file="src/pymortests/operators.py" line="173" name="test_apply_inverse[&lt;lambda&gt;36]" time="0.00042557716369628906"><skipped message="Suite splitting in effect" type="pytest.skip">src/pymortests/operators.py:173: Suite splitting in effect</skipped></testcase><testcase classname="src.pymortests.operators" file="src/pymortests/operators.py" line="173" name="test_apply_inverse[&lt;lambda&gt;37]" time="0.0003955364227294922"><skipped message="Suite splitting in effect" type="pytest.skip">src/pymortests/operators.py:173: Suite splitting in effect</skipped></testcase><testcase classname="src.pymortests.operators" file="src/pymortests/operators.py" line="173" name="test_apply_inverse[&lt;lambda&gt;38]" time="0.0005481243133544922"><skipped message="Suite splitting in effect" type="pytest.skip">src/pymortests/operators.py:173: Suite splitting in effect</skipped></testcase><testcase classname="src.pymortests.operators" file="src/pymortests/operators.py" line="173" name="test_apply_inverse[&lt;lambda&gt;39]" time="0.00039386749267578125"><skipped message="Suite splitting in effect" type="pytest.skip">src/pymortests/operators.py:173: Suite splitting in effect</skipped></testcase><testcase classname="src.pymortests.operators" file="src/pymortests/operators.py" line="173" name="test_apply_inverse[&lt;lambda&gt;40]" time="0.00041484832763671875"><skipped message="Suite splitting in effect" type="pytest.skip">src/pymortests/operators.py:173: Suite splitting in effect</skipped></testcase><testcase classname="src.pymortests.operators" file="src/pymortests/operators.py" line="186" name="test_apply_inverse_adjoint[&lt;lambda&gt;0]" time="0.0004134178161621094"><skipped message="Suite splitting in effect" type="pytest.skip">src/pymortests/operators.py:186: Suite splitting in effect</skipped></testcase><testcase classname="src.pymortests.operators" file="src/pymortests/operators.py" line="186" name="test_apply_inverse_adjoint[&lt;lambda&gt;1]" time="0.00040340423583984375"><skipped message="Suite splitting in effect" type="pytest.skip">src/pymortests/operators.py:186: Suite splitting in effect</skipped></testcase><testcase classname="src.pymortests.operators" file="src/pymortests/operators.py" line="186" name="test_apply_inverse_adjoint[&lt;lambda&gt;2]" time="0.0004184246063232422"><skipped message="Suite splitting in effect" type="pytest.skip">src/pymortests/operators.py:186: Suite splitting in effect</skipped></testcase><testcase classname="src.pymortests.operators" file="src/pymortests/operators.py" line="186" name="test_apply_inverse_adjoint[&lt;lambda&gt;3]" time="0.00043010711669921875"><skipped message="Suite splitting in effect" type="pytest.skip">src/pymortests/operators.py:186: Suite splitting in effect</skipped></testcase><testcase classname="src.pymortests.operators" file="src/pymortests/operators.py" line="186" name="test_apply_inverse_adjoint[&lt;lambda&gt;4]" time="0.00043511390686035156"><skipped message="Suite splitting in effect" type="pytest.skip">src/pymortests/operators.py:186: Suite splitting in effect</skipped></testcase><testcase classname="src.pymortests.operators" file="src/pymortests/operators.py" line="186" name="test_apply_inverse_adjoint[&lt;lambda&gt;5]" time="0.0003981590270996094"><skipped message="Suite splitting in effect" type="pytest.skip">src/pymortests/operators.py:186: Suite splitting in effect</skipped></testcase><testcase classname="src.pymortests.operators" file="src/pymortests/operators.py" line="186" name="test_apply_inverse_adjoint[&lt;lambda&gt;6]" time="0.00040268898010253906"><skipped message="Suite splitting in effect" type="pytest.skip">src/pymortests/operators.py:186: Suite splitting in effect</skipped></testcase><testcase classname="src.pymortests.operators" file="src/pymortests/operators.py" line="186" name="test_apply_inverse_adjoint[&lt;lambda&gt;7]" time="0.00040435791015625"><skipped message="Suite splitting in effect" type="pytest.skip">src/pymortests/operators.py:186: Suite splitting in effect</skipped></testcase><testcase classname="src.pymortests.operators" file="src/pymortests/operators.py" line="186" name="test_apply_inverse_adjoint[&lt;lambda&gt;8]" time="0.0004401206970214844"><skipped message="Suite splitting in effect" type="pytest.skip">src/pymortests/operators.py:186: Suite splitting in effect</skipped></testcase><testcase classname="src.pymortests.operators" file="src/pymortests/operators.py" line="186" name="test_apply_inverse_adjoint[&lt;lambda&gt;9]" time="0.0004036426544189453"><skipped message="Suite splitting in effect" type="pytest.skip">src/pymortests/operators.py:186: Suite splitting in effect</skipped></testcase><testcase classname="src.pymortests.operators" file="src/pymortests/operators.py" line="186" name="test_apply_inverse_adjoint[&lt;lambda&gt;10]" time="0.0003941059112548828"><skipped message="Suite splitting in effect" type="pytest.skip">src/pymortests/operators.py:186: Suite splitting in effect</skipped></testcase><testcase classname="src.pymortests.operators" file="src/pymortests/operators.py" line="186" name="test_apply_inverse_adjoint[&lt;lambda&gt;11]" time="0.00040721893310546875"><skipped message="Suite splitting in effect" type="pytest.skip">src/pymortests/operators.py:186: Suite splitting in effect</skipped></testcase><testcase classname="src.pymortests.operators" file="src/pymortests/operators.py" line="186" name="test_apply_inverse_adjoint[&lt;lambda&gt;12]" time="0.00042700767517089844"><skipped message="Suite splitting in effect" type="pytest.skip">src/pymortests/operators.py:186: Suite splitting in effect</skipped></testcase><testcase classname="src.pymortests.operators" file="src/pymortests/operators.py" line="186" name="test_apply_inverse_adjoint[&lt;lambda&gt;13]" time="0.0004477500915527344"><skipped message="Suite splitting in effect" type="pytest.skip">src/pymortests/operators.py:186: Suite splitting in effect</skipped></testcase><testcase classname="src.pymortests.operators" file="src/pymortests/operators.py" line="186" name="test_apply_inverse_adjoint[&lt;lambda&gt;14]" time="0.0004069805145263672"><skipped message="Suite splitting in effect" type="pytest.skip">src/pymortests/operators.py:186: Suite splitting in effect</skipped></testcase><testcase classname="src.pymortests.operators" file="src/pymortests/operators.py" line="186" name="test_apply_inverse_adjoint[&lt;lambda&gt;15]" time="0.0003914833068847656"><skipped message="Suite splitting in effect" type="pytest.skip">src/pymortests/operators.py:186: Suite splitting in effect</skipped></testcase><testcase classname="src.pymortests.operators" file="src/pymortests/operators.py" line="186" name="test_apply_inverse_adjoint[&lt;lambda&gt;16]" time="0.00041413307189941406"><skipped message="Suite splitting in effect" type="pytest.skip">src/pymortests/operators.py:186: Suite splitting in effect</skipped></testcase><testcase classname="src.pymortests.operators" file="src/pymortests/operators.py" line="186" name="test_apply_inverse_adjoint[&lt;lambda&gt;17]" time="0.0003898143768310547"><skipped message="Suite splitting in effect" type="pytest.skip">src/pymortests/operators.py:186: Suite splitting in effect</skipped></testcase><testcase classname="src.pymortests.operators" file="src/pymortests/operators.py" line="186" name="test_apply_inverse_adjoint[&lt;lambda&gt;18]" time="0.0004208087921142578"><skipped message="Suite splitting in effect" type="pytest.skip">src/pymortests/operators.py:186: Suite splitting in effect</skipped></testcase><testcase classname="src.pymortests.operators" file="src/pymortests/operators.py" line="186" name="test_apply_inverse_adjoint[&lt;lambda&gt;19]" time="0.0003898143768310547"><skipped message="Suite splitting in effect" type="pytest.skip">src/pymortests/operators.py:186: Suite splitting in effect</skipped></testcase><testcase classname="src.pymortests.operators" file="src/pymortests/operators.py" line="186" name="test_apply_inverse_adjoint[&lt;lambda&gt;20]" time="0.00041747093200683594"><skipped message="Suite splitting in effect" type="pytest.skip">src/pymortests/operators.py:186: Suite splitting in effect</skipped></testcase><testcase classname="src.pymortests.operators" file="src/pymortests/operators.py" line="186" name="test_apply_inverse_adjoint[&lt;lambda&gt;21]" time="0.0004322528839111328"><skipped message="Suite splitting in effect" type="pytest.skip">src/pymortests/operators.py:186: Suite splitting in effect</skipped></testcase><testcase classname="src.pymortests.operators" file="src/pymortests/operators.py" line="186" name="test_apply_inverse_adjoint[&lt;lambda&gt;22]" time="0.0004010200500488281"><skipped message="Suite splitting in effect" type="pytest.skip">src/pymortests/operators.py:186: Suite splitting in effect</skipped></testcase><testcase classname="src.pymortests.operators" file="src/pymortests/operators.py" line="186" name="test_apply_inverse_adjoint[&lt;lambda&gt;23]" time="0.00040793418884277344"><skipped message="Suite splitting in effect" type="pytest.skip">src/pymortests/operators.py:186: Suite splitting in effect</skipped></testcase><testcase classname="src.pymortests.operators" file="src/pymortests/operators.py" line="186" name="test_apply_inverse_adjoint[&lt;lambda&gt;24]" time="0.000396728515625"><skipped message="Suite splitting in effect" type="pytest.skip">src/pymortests/operators.py:186: Suite splitting in effect</skipped></testcase><testcase classname="src.pymortests.operators" file="src/pymortests/operators.py" line="186" name="test_apply_inverse_adjoint[&lt;lambda&gt;25]" time="0.00041294097900390625"><skipped message="Suite splitting in effect" type="pytest.skip">src/pymortests/operators.py:186: Suite splitting in effect</skipped></testcase><testcase classname="src.pymortests.operators" file="src/pymortests/operators.py" line="186" name="test_apply_inverse_adjoint[&lt;lambda&gt;26]" time="0.0004286766052246094"><skipped message="Suite splitting in effect" type="pytest.skip">src/pymortests/operators.py:186: Suite splitting in effect</skipped></testcase><testcase classname="src.pymortests.operators" file="src/pymortests/operators.py" line="186" name="test_apply_inverse_adjoint[&lt;lambda&gt;27]" time="0.0004100799560546875"><skipped message="Suite splitting in effect" type="pytest.skip">src/pymortests/operators.py:186: Suite splitting in effect</skipped></testcase><testcase classname="src.pymortests.operators" file="src/pymortests/operators.py" line="186" name="test_apply_inverse_adjoint[&lt;lambda&gt;28]" time="0.00040793418884277344"><skipped message="Suite splitting in effect" type="pytest.skip">src/pymortests/operators.py:186: Suite splitting in effect</skipped></testcase><testcase classname="src.pymortests.operators" file="src/pymortests/operators.py" line="186" name="test_apply_inverse_adjoint[&lt;lambda&gt;29]" time="0.0004341602325439453"><skipped message="Suite splitting in effect" type="pytest.skip">src/pymortests/operators.py:186: Suite splitting in effect</skipped></testcase><testcase classname="src.pymortests.operators" file="src/pymortests/operators.py" line="186" name="test_apply_inverse_adjoint[&lt;lambda&gt;30]" time="0.0004286766052246094"><skipped message="Suite splitting in effect" type="pytest.skip">src/pymortests/operators.py:186: Suite splitting in effect</skipped></testcase><testcase classname="src.pymortests.operators" file="src/pymortests/operators.py" line="186" name="test_apply_inverse_adjoint[&lt;lambda&gt;31]" time="0.0004413127899169922"><skipped message="Suite splitting in effect" type="pytest.skip">src/pymortests/operators.py:186: Suite splitting in effect</skipped></testcase><testcase classname="src.pymortests.operators" file="src/pymortests/operators.py" line="186" name="test_apply_inverse_adjoint[&lt;lambda&gt;32]" time="0.0004074573516845703"><skipped message="Suite splitting in effect" type="pytest.skip">src/pymortests/operators.py:186: Suite splitting in effect</skipped></testcase><testcase classname="src.pymortests.operators" file="src/pymortests/operators.py" line="186" name="test_apply_inverse_adjoint[&lt;lambda&gt;33]" time="0.00040912628173828125"><skipped message="Suite splitting in effect" type="pytest.skip">src/pymortests/operators.py:186: Suite splitting in effect</skipped></testcase><testcase classname="src.pymortests.operators" file="src/pymortests/operators.py" line="186" name="test_apply_inverse_adjoint[&lt;lambda&gt;34]" time="0.0004069805145263672"><skipped message="Suite splitting in effect" type="pytest.skip">src/pymortests/operators.py:186: Suite splitting in effect</skipped></testcase><testcase classname="src.pymortests.operators" file="src/pymortests/operators.py" line="186" name="test_apply_inverse_adjoint[&lt;lambda&gt;35]" time="0.00039386749267578125"><skipped message="Suite splitting in effect" type="pytest.skip">src/pymortests/operators.py:186: Suite splitting in effect</skipped></testcase><testcase classname="src.pymortests.operators" file="src/pymortests/operators.py" line="186" name="test_apply_inverse_adjoint[&lt;lambda&gt;36]" time="0.00039005279541015625"><skipped message="Suite splitting in effect" type="pytest.skip">src/pymortests/operators.py:186: Suite splitting in effect</skipped></testcase><testcase classname="src.pymortests.operators" file="src/pymortests/operators.py" line="186" name="test_apply_inverse_adjoint[&lt;lambda&gt;37]" time="0.0004367828369140625"><skipped message="Suite splitting in effect" type="pytest.skip">src/pymortests/operators.py:186: Suite splitting in effect</skipped></testcase><testcase classname="src.pymortests.operators" file="src/pymortests/operators.py" line="186" name="test_apply_inverse_adjoint[&lt;lambda&gt;38]" time="0.0003867149353027344"><skipped message="Suite splitting in effect" type="pytest.skip">src/pymortests/operators.py:186: Suite splitting in effect</skipped></testcase><testcase classname="src.pymortests.operators" file="src/pymortests/operators.py" line="186" name="test_apply_inverse_adjoint[&lt;lambda&gt;39]" time="0.0004162788391113281"><skipped message="Suite splitting in effect" type="pytest.skip">src/pymortests/operators.py:186: Suite splitting in effect</skipped></testcase><testcase classname="src.pymortests.operators" file="src/pymortests/operators.py" line="186" name="test_apply_inverse_adjoint[&lt;lambda&gt;40]" time="0.00040912628173828125"><skipped message="Suite splitting in effect" type="pytest.skip">src/pymortests/operators.py:186: Suite splitting in effect</skipped></testcase><testcase classname="src.pymortests.operators" file="src/pymortests/operators.py" line="204" name="test_project[&lt;lambda&gt;0]" time="0.00041031837463378906"><skipped message="Suite splitting in effect" type="pytest.skip">src/pymortests/operators.py:204: Suite splitting in effect</skipped></testcase><testcase classname="src.pymortests.operators" file="src/pymortests/operators.py" line="204" name="test_project[&lt;lambda&gt;1]" time="0.00041556358337402344"><skipped message="Suite splitting in effect" type="pytest.skip">src/pymortests/operators.py:204: Suite splitting in effect</skipped></testcase><testcase classname="src.pymortests.operators" file="src/pymortests/operators.py" line="204" name="test_project[&lt;lambda&gt;2]" time="0.00041365623474121094"><skipped message="Suite splitting in effect" type="pytest.skip">src/pymortests/operators.py:204: Suite splitting in effect</skipped></testcase><testcase classname="src.pymortests.operators" file="src/pymortests/operators.py" line="204" name="test_project[&lt;lambda&gt;3]" time="0.0006771087646484375"><skipped message="Suite splitting in effect" type="pytest.skip">src/pymortests/operators.py:204: Suite splitting in effect</skipped></testcase><testcase classname="src.pymortests.operators" file="src/pymortests/operators.py" line="204" name="test_project[&lt;lambda&gt;4]" time="0.0004038810729980469"><skipped message="Suite splitting in effect" type="pytest.skip">src/pymortests/operators.py:204: Suite splitting in effect</skipped></testcase><testcase classname="src.pymortests.operators" file="src/pymortests/operators.py" line="204" name="test_project[&lt;lambda&gt;5]" time="0.0003952980041503906"><skipped message="Suite splitting in effect" type="pytest.skip">src/pymortests/operators.py:204: Suite splitting in effect</skipped></testcase><testcase classname="src.pymortests.operators" file="src/pymortests/operators.py" line="204" name="test_project[&lt;lambda&gt;6]" time="0.000438690185546875"><skipped message="Suite splitting in effect" type="pytest.skip">src/pymortests/operators.py:204: Suite splitting in effect</skipped></testcase><testcase classname="src.pymortests.operators" file="src/pymortests/operators.py" line="204" name="test_project[&lt;lambda&gt;7]" time="0.0003981590270996094"><skipped message="Suite splitting in effect" type="pytest.skip">src/pymortests/operators.py:204: Suite splitting in effect</skipped></testcase><testcase classname="src.pymortests.operators" file="src/pymortests/operators.py" line="204" name="test_project[&lt;lambda&gt;8]" time="0.0004277229309082031"><skipped message="Suite splitting in effect" type="pytest.skip">src/pymortests/operators.py:204: Suite splitting in effect</skipped></testcase><testcase classname="src.pymortests.operators" file="src/pymortests/operators.py" line="204" name="test_project[&lt;lambda&gt;9]" time="0.0004405975341796875"><skipped message="Suite splitting in effect" type="pytest.skip">src/pymortests/operators.py:204: Suite splitting in effect</skipped></testcase><testcase classname="src.pymortests.operators" file="src/pymortests/operators.py" line="204" name="test_project[&lt;lambda&gt;10]" time="0.00042819976806640625"><skipped message="Suite splitting in effect" type="pytest.skip">src/pymortests/operators.py:204: Suite splitting in effect</skipped></testcase><testcase classname="src.pymortests.operators" file="src/pymortests/operators.py" line="204" name="test_project[&lt;lambda&gt;11]" time="0.0004296302795410156"><skipped message="Suite splitting in effect" type="pytest.skip">src/pymortests/operators.py:204: Suite splitting in effect</skipped></testcase><testcase classname="src.pymortests.operators" file="src/pymortests/operators.py" line="204" name="test_project[&lt;lambda&gt;12]" time="0.00038886070251464844"><skipped message="Suite splitting in effect" type="pytest.skip">src/pymortests/operators.py:204: Suite splitting in effect</skipped></testcase><testcase classname="src.pymortests.operators" file="src/pymortests/operators.py" line="204" name="test_project[&lt;lambda&gt;13]" time="0.00041556358337402344"><skipped message="Suite splitting in effect" type="pytest.skip">src/pymortests/operators.py:204: Suite splitting in effect</skipped></testcase><testcase classname="src.pymortests.operators" file="src/pymortests/operators.py" line="204" name="test_project[&lt;lambda&gt;14]" time="0.000415802001953125"><skipped message="Suite splitting in effect" type="pytest.skip">src/pymortests/operators.py:204: Suite splitting in effect</skipped></testcase><testcase classname="src.pymortests.operators" file="src/pymortests/operators.py" line="204" name="test_project[&lt;lambda&gt;15]" time="0.0004105567932128906"><skipped message="Suite splitting in effect" type="pytest.skip">src/pymortests/operators.py:204: Suite splitting in effect</skipped></testcase><testcase classname="src.pymortests.operators" file="src/pymortests/operators.py" line="204" name="test_project[&lt;lambda&gt;16]" time="0.0004074573516845703"><skipped message="Suite splitting in effect" type="pytest.skip">src/pymortests/operators.py:204: Suite splitting in effect</skipped></testcase><testcase classname="src.pymortests.operators" file="src/pymortests/operators.py" line="204" name="test_project[&lt;lambda&gt;17]" time="0.0004112720489501953"><skipped message="Suite splitting in effect" type="pytest.skip">src/pymortests/operators.py:204: Suite splitting in effect</skipped></testcase><testcase classname="src.pymortests.operators" file="src/pymortests/operators.py" line="204" name="test_project[&lt;lambda&gt;18]" time="0.00041031837463378906"><skipped message="Suite splitting in effect" type="pytest.skip">src/pymortests/operators.py:204: Suite splitting in effect</skipped></testcase><testcase classname="src.pymortests.operators" file="src/pymortests/operators.py" line="204" name="test_project[&lt;lambda&gt;19]" time="0.00041985511779785156"><skipped message="Suite splitting in effect" type="pytest.skip">src/pymortests/operators.py:204: Suite splitting in effect</skipped></testcase><testcase classname="src.pymortests.operators" file="src/pymortests/operators.py" line="204" name="test_project[&lt;lambda&gt;20]" time="0.0003955364227294922"><skipped message="Suite splitting in effect" type="pytest.skip">src/pymortests/operators.py:204: Suite splitting in effect</skipped></testcase><testcase classname="src.pymortests.operators" file="src/pymortests/operators.py" line="204" name="test_project[&lt;lambda&gt;21]" time="0.00042319297790527344"><skipped message="Suite splitting in effect" type="pytest.skip">src/pymortests/operators.py:204: Suite splitting in effect</skipped></testcase><testcase classname="src.pymortests.operators" file="src/pymortests/operators.py" line="204" name="test_project[&lt;lambda&gt;22]" time="0.0004646778106689453"><skipped message="Suite splitting in effect" type="pytest.skip">src/pymortests/operators.py:204: Suite splitting in effect</skipped></testcase><testcase classname="src.pymortests.operators" file="src/pymortests/operators.py" line="204" name="test_project[&lt;lambda&gt;23]" time="0.0004105567932128906"><skipped message="Suite splitting in effect" type="pytest.skip">src/pymortests/operators.py:204: Suite splitting in effect</skipped></testcase><testcase classname="src.pymortests.operators" file="src/pymortests/operators.py" line="204" name="test_project[&lt;lambda&gt;24]" time="0.0004024505615234375"><skipped message="Suite splitting in effect" type="pytest.skip">src/pymortests/operators.py:204: Suite splitting in effect</skipped></testcase><testcase classname="src.pymortests.operators" file="src/pymortests/operators.py" line="204" name="test_project[&lt;lambda&gt;25]" time="0.0004055500030517578"><skipped message="Suite splitting in effect" type="pytest.skip">src/pymortests/operators.py:204: Suite splitting in effect</skipped></testcase><testcase classname="src.pymortests.operators" file="src/pymortests/operators.py" line="204" name="test_project[&lt;lambda&gt;26]" time="0.00043845176696777344"><skipped message="Suite splitting in effect" type="pytest.skip">src/pymortests/operators.py:204: Suite splitting in effect</skipped></testcase><testcase classname="src.pymortests.operators" file="src/pymortests/operators.py" line="204" name="test_project[&lt;lambda&gt;27]" time="0.00039005279541015625"><skipped message="Suite splitting in effect" type="pytest.skip">src/pymortests/operators.py:204: Suite splitting in effect</skipped></testcase><testcase classname="src.pymortests.operators" file="src/pymortests/operators.py" line="204" name="test_project[&lt;lambda&gt;28]" time="0.0004229545593261719"><skipped message="Suite splitting in effect" type="pytest.skip">src/pymortests/operators.py:204: Suite splitting in effect</skipped></testcase><testcase classname="src.pymortests.operators" file="src/pymortests/operators.py" line="204" name="test_project[&lt;lambda&gt;29]" time="0.00040459632873535156"><skipped message="Suite splitting in effect" type="pytest.skip">src/pymortests/operators.py:204: Suite splitting in effect</skipped></testcase><testcase classname="src.pymortests.operators" file="src/pymortests/operators.py" line="204" name="test_project[&lt;lambda&gt;30]" time="0.00042510032653808594"><skipped message="Suite splitting in effect" type="pytest.skip">src/pymortests/operators.py:204: Suite splitting in effect</skipped></testcase><testcase classname="src.pymortests.operators" file="src/pymortests/operators.py" line="204" name="test_project[&lt;lambda&gt;31]" time="0.00039649009704589844"><skipped message="Suite splitting in effect" type="pytest.skip">src/pymortests/operators.py:204: Suite splitting in effect</skipped></testcase><testcase classname="src.pymortests.operators" file="src/pymortests/operators.py" line="204" name="test_project[&lt;lambda&gt;32]" time="0.000423431396484375"><skipped message="Suite splitting in effect" type="pytest.skip">src/pymortests/operators.py:204: Suite splitting in effect</skipped></testcase><testcase classname="src.pymortests.operators" file="src/pymortests/operators.py" line="204" name="test_project[&lt;lambda&gt;33]" time="0.0003941059112548828"><skipped message="Suite splitting in effect" type="pytest.skip">src/pymortests/operators.py:204: Suite splitting in effect</skipped></testcase><testcase classname="src.pymortests.operators" file="src/pymortests/operators.py" line="204" name="test_project[&lt;lambda&gt;34]" time="0.00041866302490234375"><skipped message="Suite splitting in effect" type="pytest.skip">src/pymortests/operators.py:204: Suite splitting in effect</skipped></testcase><testcase classname="src.pymortests.operators" file="src/pymortests/operators.py" line="204" name="test_project[&lt;lambda&gt;35]" time="0.00040841102600097656"><skipped message="Suite splitting in effect" type="pytest.skip">src/pymortests/operators.py:204: Suite splitting in effect</skipped></testcase><testcase classname="src.pymortests.operators" file="src/pymortests/operators.py" line="204" name="test_project[&lt;lambda&gt;36]" time="0.0004153251647949219"><skipped message="Suite splitting in effect" type="pytest.skip">src/pymortests/operators.py:204: Suite splitting in effect</skipped></testcase><testcase classname="src.pymortests.operators" file="src/pymortests/operators.py" line="204" name="test_project[&lt;lambda&gt;37]" time="0.0004355907440185547"><skipped message="Suite splitting in effect" type="pytest.skip">src/pymortests/operators.py:204: Suite splitting in effect</skipped></testcase><testcase classname="src.pymortests.operators" file="src/pymortests/operators.py" line="204" name="test_project[&lt;lambda&gt;38]" time="0.000438690185546875"><skipped message="Suite splitting in effect" type="pytest.skip">src/pymortests/operators.py:204: Suite splitting in effect</skipped></testcase><testcase classname="src.pymortests.operators" file="src/pymortests/operators.py" line="204" name="test_project[&lt;lambda&gt;39]" time="0.00040531158447265625"><skipped message="Suite splitting in effect" type="pytest.skip">src/pymortests/operators.py:204: Suite splitting in effect</skipped></testcase><testcase classname="src.pymortests.operators" file="src/pymortests/operators.py" line="204" name="test_project[&lt;lambda&gt;40]" time="0.0004355907440185547"><skipped message="Suite splitting in effect" type="pytest.skip">src/pymortests/operators.py:204: Suite splitting in effect</skipped></testcase><testcase classname="src.pymortests.operators" file="src/pymortests/operators.py" line="214" name="test_project_2[&lt;lambda&gt;0]" time="0.0004315376281738281"><skipped message="Suite splitting in effect" type="pytest.skip">src/pymortests/operators.py:214: Suite splitting in effect</skipped></testcase><testcase classname="src.pymortests.operators" file="src/pymortests/operators.py" line="214" name="test_project_2[&lt;lambda&gt;1]" time="0.000579833984375"><skipped message="Suite splitting in effect" type="pytest.skip">src/pymortests/operators.py:214: Suite splitting in effect</skipped></testcase><testcase classname="src.pymortests.operators" file="src/pymortests/operators.py" line="214" name="test_project_2[&lt;lambda&gt;2]" time="0.00040078163146972656"><skipped message="Suite splitting in effect" type="pytest.skip">src/pymortests/operators.py:214: Suite splitting in effect</skipped></testcase><testcase classname="src.pymortests.operators" file="src/pymortests/operators.py" line="214" name="test_project_2[&lt;lambda&gt;3]" time="0.0004024505615234375"><skipped message="Suite splitting in effect" type="pytest.skip">src/pymortests/operators.py:214: Suite splitting in effect</skipped></testcase><testcase classname="src.pymortests.operators" file="src/pymortests/operators.py" line="214" name="test_project_2[&lt;lambda&gt;4]" time="0.00043392181396484375"><skipped message="Suite splitting in effect" type="pytest.skip">src/pymortests/operators.py:214: Suite splitting in effect</skipped></testcase><testcase classname="src.pymortests.operators" file="src/pymortests/operators.py" line="214" name="test_project_2[&lt;lambda&gt;5]" time="0.00040149688720703125"><skipped message="Suite splitting in effect" type="pytest.skip">src/pymortests/operators.py:214: Suite splitting in effect</skipped></testcase><testcase classname="src.pymortests.operators" file="src/pymortests/operators.py" line="214" name="test_project_2[&lt;lambda&gt;6]" time="0.0003948211669921875"><skipped message="Suite splitting in effect" type="pytest.skip">src/pymortests/operators.py:214: Suite splitting in effect</skipped></testcase><testcase classname="src.pymortests.operators" file="src/pymortests/operators.py" line="214" name="test_project_2[&lt;lambda&gt;7]" time="0.00044918060302734375"><skipped message="Suite splitting in effect" type="pytest.skip">src/pymortests/operators.py:214: Suite splitting in effect</skipped></testcase><testcase classname="src.pymortests.operators" file="src/pymortests/operators.py" line="214" name="test_project_2[&lt;lambda&gt;8]" time="0.00042819976806640625"><skipped message="Suite splitting in effect" type="pytest.skip">src/pymortests/operators.py:214: Suite splitting in effect</skipped></testcase><testcase classname="src.pymortests.operators" file="src/pymortests/operators.py" line="214" name="test_project_2[&lt;lambda&gt;9]" time="0.0003981590270996094"><skipped message="Suite splitting in effect" type="pytest.skip">src/pymortests/operators.py:214: Suite splitting in effect</skipped></testcase><testcase classname="src.pymortests.operators" file="src/pymortests/operators.py" line="214" name="test_project_2[&lt;lambda&gt;10]" time="0.00038695335388183594"><skipped message="Suite splitting in effect" type="pytest.skip">src/pymortests/operators.py:214: Suite splitting in effect</skipped></testcase><testcase classname="src.pymortests.operators" file="src/pymortests/operators.py" line="214" name="test_project_2[&lt;lambda&gt;11]" time="0.00040984153747558594"><skipped message="Suite splitting in effect" type="pytest.skip">src/pymortests/operators.py:214: Suite splitting in effect</skipped></testcase><testcase classname="src.pymortests.operators" file="src/pymortests/operators.py" line="214" name="test_project_2[&lt;lambda&gt;12]" time="0.000530242919921875"><skipped message="Suite splitting in effect" type="pytest.skip">src/pymortests/operators.py:214: Suite splitting in effect</skipped></testcase><testcase classname="src.pymortests.operators" file="src/pymortests/operators.py" line="214" name="test_project_2[&lt;lambda&gt;13]" time="0.00042176246643066406"><skipped message="Suite splitting in effect" type="pytest.skip">src/pymortests/operators.py:214: Suite splitting in effect</skipped></testcase><testcase classname="src.pymortests.operators" file="src/pymortests/operators.py" line="214" name="test_project_2[&lt;lambda&gt;14]" time="0.0004012584686279297"><skipped message="Suite splitting in effect" type="pytest.skip">src/pymortests/operators.py:214: Suite splitting in effect</skipped></testcase><testcase classname="src.pymortests.operators" file="src/pymortests/operators.py" line="214" name="test_project_2[&lt;lambda&gt;15]" time="0.0004253387451171875"><skipped message="Suite splitting in effect" type="pytest.skip">src/pymortests/operators.py:214: Suite splitting in effect</skipped></testcase><testcase classname="src.pymortests.operators" file="src/pymortests/operators.py" line="214" name="test_project_2[&lt;lambda&gt;16]" time="0.00039315223693847656"><skipped message="Suite splitting in effect" type="pytest.skip">src/pymortests/operators.py:214: Suite splitting in effect</skipped></testcase><testcase classname="src.pymortests.operators" file="src/pymortests/operators.py" line="214" name="test_project_2[&lt;lambda&gt;17]" time="0.0004305839538574219"><skipped message="Suite splitting in effect" type="pytest.skip">src/pymortests/operators.py:214: Suite splitting in effect</skipped></testcase><testcase classname="src.pymortests.operators" file="src/pymortests/operators.py" line="214" name="test_project_2[&lt;lambda&gt;18]" time="0.0004086494445800781"><skipped message="Suite splitting in effect" type="pytest.skip">src/pymortests/operators.py:214: Suite splitting in effect</skipped></testcase><testcase classname="src.pymortests.operators" file="src/pymortests/operators.py" line="214" name="test_project_2[&lt;lambda&gt;19]" time="0.0004222393035888672"><skipped message="Suite splitting in effect" type="pytest.skip">src/pymortests/operators.py:214: Suite splitting in effect</skipped></testcase><testcase classname="src.pymortests.operators" file="src/pymortests/operators.py" line="214" name="test_project_2[&lt;lambda&gt;20]" time="0.0004124641418457031"><skipped message="Suite splitting in effect" type="pytest.skip">src/pymortests/operators.py:214: Suite splitting in effect</skipped></testcase><testcase classname="src.pymortests.operators" file="src/pymortests/operators.py" line="214" name="test_project_2[&lt;lambda&gt;21]" time="0.00040793418884277344"><skipped message="Suite splitting in effect" type="pytest.skip">src/pymortests/operators.py:214: Suite splitting in effect</skipped></testcase><testcase classname="src.pymortests.operators" file="src/pymortests/operators.py" line="214" name="test_project_2[&lt;lambda&gt;22]" time="0.0003840923309326172"><skipped message="Suite splitting in effect" type="pytest.skip">src/pymortests/operators.py:214: Suite splitting in effect</skipped></testcase><testcase classname="src.pymortests.operators" file="src/pymortests/operators.py" line="214" name="test_project_2[&lt;lambda&gt;23]" time="0.0004124641418457031"><skipped message="Suite splitting in effect" type="pytest.skip">src/pymortests/operators.py:214: Suite splitting in effect</skipped></testcase><testcase classname="src.pymortests.operators" file="src/pymortests/operators.py" line="214" name="test_project_2[&lt;lambda&gt;24]" time="0.0003898143768310547"><skipped message="Suite splitting in effect" type="pytest.skip">src/pymortests/operators.py:214: Suite splitting in effect</skipped></testcase><testcase classname="src.pymortests.operators" file="src/pymortests/operators.py" line="214" name="test_project_2[&lt;lambda&gt;25]" time="0.0004267692565917969"><skipped message="Suite splitting in effect" type="pytest.skip">src/pymortests/operators.py:214: Suite splitting in effect</skipped></testcase><testcase classname="src.pymortests.operators" file="src/pymortests/operators.py" line="214" name="test_project_2[&lt;lambda&gt;26]" time="0.00043702125549316406"><skipped message="Suite splitting in effect" type="pytest.skip">src/pymortests/operators.py:214: Suite splitting in effect</skipped></testcase><testcase classname="src.pymortests.operators" file="src/pymortests/operators.py" line="214" name="test_project_2[&lt;lambda&gt;27]" time="0.0004291534423828125"><skipped message="Suite splitting in effect" type="pytest.skip">src/pymortests/operators.py:214: Suite splitting in effect</skipped></testcase><testcase classname="src.pymortests.operators" file="src/pymortests/operators.py" line="214" name="test_project_2[&lt;lambda&gt;28]" time="0.00041103363037109375"><skipped message="Suite splitting in effect" type="pytest.skip">src/pymortests/operators.py:214: Suite splitting in effect</skipped></testcase><testcase classname="src.pymortests.operators" file="src/pymortests/operators.py" line="214" name="test_project_2[&lt;lambda&gt;29]" time="0.00040531158447265625"><skipped message="Suite splitting in effect" type="pytest.skip">src/pymortests/operators.py:214: Suite splitting in effect</skipped></testcase><testcase classname="src.pymortests.operators" file="src/pymortests/operators.py" line="214" name="test_project_2[&lt;lambda&gt;30]" time="0.0004031658172607422"><skipped message="Suite splitting in effect" type="pytest.skip">src/pymortests/operators.py:214: Suite splitting in effect</skipped></testcase><testcase classname="src.pymortests.operators" file="src/pymortests/operators.py" line="214" name="test_project_2[&lt;lambda&gt;31]" time="0.00041937828063964844"><skipped message="Suite splitting in effect" type="pytest.skip">src/pymortests/operators.py:214: Suite splitting in effect</skipped></testcase><testcase classname="src.pymortests.operators" file="src/pymortests/operators.py" line="214" name="test_project_2[&lt;lambda&gt;32]" time="0.0004031658172607422"><skipped message="Suite splitting in effect" type="pytest.skip">src/pymortests/operators.py:214: Suite splitting in effect</skipped></testcase><testcase classname="src.pymortests.operators" file="src/pymortests/operators.py" line="214" name="test_project_2[&lt;lambda&gt;33]" time="0.0004067420959472656"><skipped message="Suite splitting in effect" type="pytest.skip">src/pymortests/operators.py:214: Suite splitting in effect</skipped></testcase><testcase classname="src.pymortests.operators" file="src/pymortests/operators.py" line="214" name="test_project_2[&lt;lambda&gt;34]" time="0.0004062652587890625"><skipped message="Suite splitting in effect" type="pytest.skip">src/pymortests/operators.py:214: Suite splitting in effect</skipped></testcase><testcase classname="src.pymortests.operators" file="src/pymortests/operators.py" line="214" name="test_project_2[&lt;lambda&gt;35]" time="0.0004096031188964844"><skipped message="Suite splitting in effect" type="pytest.skip">src/pymortests/operators.py:214: Suite splitting in effect</skipped></testcase><testcase classname="src.pymortests.operators" file="src/pymortests/operators.py" line="214" name="test_project_2[&lt;lambda&gt;36]" time="0.00040531158447265625"><skipped message="Suite splitting in effect" type="pytest.skip">src/pymortests/operators.py:214: Suite splitting in effect</skipped></testcase><testcase classname="src.pymortests.operators" file="src/pymortests/operators.py" line="214" name="test_project_2[&lt;lambda&gt;37]" time="0.00040650367736816406"><skipped message="Suite splitting in effect" type="pytest.skip">src/pymortests/operators.py:214: Suite splitting in effect</skipped></testcase><testcase classname="src.pymortests.operators" file="src/pymortests/operators.py" line="214" name="test_project_2[&lt;lambda&gt;38]" time="0.00042724609375"><skipped message="Suite splitting in effect" type="pytest.skip">src/pymortests/operators.py:214: Suite splitting in effect</skipped></testcase><testcase classname="src.pymortests.operators" file="src/pymortests/operators.py" line="214" name="test_project_2[&lt;lambda&gt;39]" time="0.0004031658172607422"><skipped message="Suite splitting in effect" type="pytest.skip">src/pymortests/operators.py:214: Suite splitting in effect</skipped></testcase><testcase classname="src.pymortests.operators" file="src/pymortests/operators.py" line="214" name="test_project_2[&lt;lambda&gt;40]" time="0.0004055500030517578"><skipped message="Suite splitting in effect" type="pytest.skip">src/pymortests/operators.py:214: Suite splitting in effect</skipped></testcase><testcase classname="src.pymortests.operators" file="src/pymortests/operators.py" line="230" name="test_project_with_product[&lt;lambda&gt;0]" time="0.0004038810729980469"><skipped message="Suite splitting in effect" type="pytest.skip">src/pymortests/operators.py:230: Suite splitting in effect</skipped></testcase><testcase classname="src.pymortests.operators" file="src/pymortests/operators.py" line="230" name="test_project_with_product[&lt;lambda&gt;1]" time="0.0004055500030517578"><skipped message="Suite splitting in effect" type="pytest.skip">src/pymortests/operators.py:230: Suite splitting in effect</skipped></testcase><testcase classname="src.pymortests.operators" file="src/pymortests/operators.py" line="230" name="test_project_with_product[&lt;lambda&gt;2]" time="0.0004086494445800781"><skipped message="Suite splitting in effect" type="pytest.skip">src/pymortests/operators.py:230: Suite splitting in effect</skipped></testcase><testcase classname="src.pymortests.operators" file="src/pymortests/operators.py" line="230" name="test_project_with_product[&lt;lambda&gt;3]" time="0.0003933906555175781"><skipped message="Suite splitting in effect" type="pytest.skip">src/pymortests/operators.py:230: Suite splitting in effect</skipped></testcase><testcase classname="src.pymortests.operators" file="src/pymortests/operators.py" line="230" name="test_project_with_product[&lt;lambda&gt;4]" time="0.0004191398620605469"><skipped message="Suite splitting in effect" type="pytest.skip">src/pymortests/operators.py:230: Suite splitting in effect</skipped></testcase><testcase classname="src.pymortests.operators" file="src/pymortests/operators.py" line="230" name="test_project_with_product[&lt;lambda&gt;5]" time="0.0004119873046875"><skipped message="Suite splitting in effect" type="pytest.skip">src/pymortests/operators.py:230: Suite splitting in effect</skipped></testcase><testcase classname="src.pymortests.operators" file="src/pymortests/operators.py" line="230" name="test_project_with_product[&lt;lambda&gt;6]" time="0.0004086494445800781"><skipped message="Suite splitting in effect" type="pytest.skip">src/pymortests/operators.py:230: Suite splitting in effect</skipped></testcase><testcase classname="src.pymortests.operators" file="src/pymortests/operators.py" line="230" name="test_project_with_product[&lt;lambda&gt;7]" time="0.000423431396484375"><skipped message="Suite splitting in effect" type="pytest.skip">src/pymortests/operators.py:230: Suite splitting in effect</skipped></testcase><testcase classname="src.pymortests.operators" file="src/pymortests/operators.py" line="230" name="test_project_with_product[&lt;lambda&gt;8]" time="0.00041866302490234375"><skipped message="Suite splitting in effect" type="pytest.skip">src/pymortests/operators.py:230: Suite splitting in effect</skipped></testcase><testcase classname="src.pymortests.operators" file="src/pymortests/operators.py" line="230" name="test_project_with_product[&lt;lambda&gt;9]" time="0.0003859996795654297"><skipped message="Suite splitting in effect" type="pytest.skip">src/pymortests/operators.py:230: Suite splitting in effect</skipped></testcase><testcase classname="src.pymortests.operators" file="src/pymortests/operators.py" line="230" name="test_project_with_product[&lt;lambda&gt;10]" time="0.0004127025604248047"><skipped message="Suite splitting in effect" type="pytest.skip">src/pymortests/operators.py:230: Suite splitting in effect</skipped></testcase><testcase classname="src.pymortests.operators" file="src/pymortests/operators.py" line="230" name="test_project_with_product[&lt;lambda&gt;11]" time="0.0003914833068847656"><skipped message="Suite splitting in effect" type="pytest.skip">src/pymortests/operators.py:230: Suite splitting in effect</skipped></testcase><testcase classname="src.pymortests.operators" file="src/pymortests/operators.py" line="230" name="test_project_with_product[&lt;lambda&gt;12]" time="0.00044155120849609375"><skipped message="Suite splitting in effect" type="pytest.skip">src/pymortests/operators.py:230: Suite splitting in effect</skipped></testcase><testcase classname="src.pymortests.operators" file="src/pymortests/operators.py" line="230" name="test_project_with_product[&lt;lambda&gt;13]" time="0.00046372413635253906"><skipped message="Suite splitting in effect" type="pytest.skip">src/pymortests/operators.py:230: Suite splitting in effect</skipped></testcase><testcase classname="src.pymortests.operators" file="src/pymortests/operators.py" line="230" name="test_project_with_product[&lt;lambda&gt;14]" time="0.0004017353057861328"><skipped message="Suite splitting in effect" type="pytest.skip">src/pymortests/operators.py:230: Suite splitting in effect</skipped></testcase><testcase classname="src.pymortests.operators" file="src/pymortests/operators.py" line="230" name="test_project_with_product[&lt;lambda&gt;15]" time="0.0004165172576904297"><skipped message="Suite splitting in effect" type="pytest.skip">src/pymortests/operators.py:230: Suite splitting in effect</skipped></testcase><testcase classname="src.pymortests.operators" file="src/pymortests/operators.py" line="230" name="test_project_with_product[&lt;lambda&gt;16]" time="0.0006413459777832031"><skipped message="Suite splitting in effect" type="pytest.skip">src/pymortests/operators.py:230: Suite splitting in effect</skipped></testcase><testcase classname="src.pymortests.operators" file="src/pymortests/operators.py" line="230" name="test_project_with_product[&lt;lambda&gt;17]" time="0.0004055500030517578"><skipped message="Suite splitting in effect" type="pytest.skip">src/pymortests/operators.py:230: Suite splitting in effect</skipped></testcase><testcase classname="src.pymortests.operators" file="src/pymortests/operators.py" line="230" name="test_project_with_product[&lt;lambda&gt;18]" time="0.00042319297790527344"><skipped message="Suite splitting in effect" type="pytest.skip">src/pymortests/operators.py:230: Suite splitting in effect</skipped></testcase><testcase classname="src.pymortests.operators" file="src/pymortests/operators.py" line="230" name="test_project_with_product[&lt;lambda&gt;19]" time="0.0004096031188964844"><skipped message="Suite splitting in effect" type="pytest.skip">src/pymortests/operators.py:230: Suite splitting in effect</skipped></testcase><testcase classname="src.pymortests.operators" file="src/pymortests/operators.py" line="230" name="test_project_with_product[&lt;lambda&gt;20]" time="0.0003998279571533203"><skipped message="Suite splitting in effect" type="pytest.skip">src/pymortests/operators.py:230: Suite splitting in effect</skipped></testcase><testcase classname="src.pymortests.operators" file="src/pymortests/operators.py" line="230" name="test_project_with_product[&lt;lambda&gt;21]" time="0.0004246234893798828"><skipped message="Suite splitting in effect" type="pytest.skip">src/pymortests/operators.py:230: Suite splitting in effect</skipped></testcase><testcase classname="src.pymortests.operators" file="src/pymortests/operators.py" line="230" name="test_project_with_product[&lt;lambda&gt;22]" time="0.0003991127014160156"><skipped message="Suite splitting in effect" type="pytest.skip">src/pymortests/operators.py:230: Suite splitting in effect</skipped></testcase><testcase classname="src.pymortests.operators" file="src/pymortests/operators.py" line="230" name="test_project_with_product[&lt;lambda&gt;23]" time="0.0004267692565917969"><skipped message="Suite splitting in effect" type="pytest.skip">src/pymortests/operators.py:230: Suite splitting in effect</skipped></testcase><testcase classname="src.pymortests.operators" file="src/pymortests/operators.py" line="230" name="test_project_with_product[&lt;lambda&gt;24]" time="0.00041413307189941406"><skipped message="Suite splitting in effect" type="pytest.skip">src/pymortests/operators.py:230: Suite splitting in effect</skipped></testcase><testcase classname="src.pymortests.operators" file="src/pymortests/operators.py" line="230" name="test_project_with_product[&lt;lambda&gt;25]" time="0.000423431396484375"><skipped message="Suite splitting in effect" type="pytest.skip">src/pymortests/operators.py:230: Suite splitting in effect</skipped></testcase><testcase classname="src.pymortests.operators" file="src/pymortests/operators.py" line="230" name="test_project_with_product[&lt;lambda&gt;26]" time="0.00040602684020996094"><skipped message="Suite splitting in effect" type="pytest.skip">src/pymortests/operators.py:230: Suite splitting in effect</skipped></testcase><testcase classname="src.pymortests.operators" file="src/pymortests/operators.py" line="230" name="test_project_with_product[&lt;lambda&gt;27]" time="0.0004057884216308594"><skipped message="Suite splitting in effect" type="pytest.skip">src/pymortests/operators.py:230: Suite splitting in effect</skipped></testcase><testcase classname="src.pymortests.operators" file="src/pymortests/operators.py" line="230" name="test_project_with_product[&lt;lambda&gt;28]" time="0.0004069805145263672"><skipped message="Suite splitting in effect" type="pytest.skip">src/pymortests/operators.py:230: Suite splitting in effect</skipped></testcase><testcase classname="src.pymortests.operators" file="src/pymortests/operators.py" line="230" name="test_project_with_product[&lt;lambda&gt;29]" time="0.00041031837463378906"><skipped message="Suite splitting in effect" type="pytest.skip">src/pymortests/operators.py:230: Suite splitting in effect</skipped></testcase><testcase classname="src.pymortests.operators" file="src/pymortests/operators.py" line="230" name="test_project_with_product[&lt;lambda&gt;30]" time="0.0003840923309326172"><skipped message="Suite splitting in effect" type="pytest.skip">src/pymortests/operators.py:230: Suite splitting in effect</skipped></testcase><testcase classname="src.pymortests.operators" file="src/pymortests/operators.py" line="230" name="test_project_with_product[&lt;lambda&gt;31]" time="0.00043654441833496094"><skipped message="Suite splitting in effect" type="pytest.skip">src/pymortests/operators.py:230: Suite splitting in effect</skipped></testcase><testcase classname="src.pymortests.operators" file="src/pymortests/operators.py" line="230" name="test_project_with_product[&lt;lambda&gt;32]" time="0.00039577484130859375"><skipped message="Suite splitting in effect" type="pytest.skip">src/pymortests/operators.py:230: Suite splitting in effect</skipped></testcase><testcase classname="src.pymortests.operators" file="src/pymortests/operators.py" line="230" name="test_project_with_product[&lt;lambda&gt;33]" time="0.0004220008850097656"><skipped message="Suite splitting in effect" type="pytest.skip">src/pymortests/operators.py:230: Suite splitting in effect</skipped></testcase><testcase classname="src.pymortests.operators" file="src/pymortests/operators.py" line="230" name="test_project_with_product[&lt;lambda&gt;34]" time="0.0004413127899169922"><skipped message="Suite splitting in effect" type="pytest.skip">src/pymortests/operators.py:230: Suite splitting in effect</skipped></testcase><testcase classname="src.pymortests.operators" file="src/pymortests/operators.py" line="230" name="test_project_with_product[&lt;lambda&gt;35]" time="0.00040340423583984375"><skipped message="Suite splitting in effect" type="pytest.skip">src/pymortests/operators.py:230: Suite splitting in effect</skipped></testcase><testcase classname="src.pymortests.operators" file="src/pymortests/operators.py" line="230" name="test_project_with_product[&lt;lambda&gt;36]" time="0.00044083595275878906"><skipped message="Suite splitting in effect" type="pytest.skip">src/pymortests/operators.py:230: Suite splitting in effect</skipped></testcase><testcase classname="src.pymortests.operators" file="src/pymortests/operators.py" line="240" name="test_project_with_product_2[&lt;lambda&gt;0]" time="0.0004215240478515625"><skipped message="Suite splitting in effect" type="pytest.skip">src/pymortests/operators.py:240: Suite splitting in effect</skipped></testcase><testcase classname="src.pymortests.operators" file="src/pymortests/operators.py" line="240" name="test_project_with_product_2[&lt;lambda&gt;1]" time="0.0004169940948486328"><skipped message="Suite splitting in effect" type="pytest.skip">src/pymortests/operators.py:240: Suite splitting in effect</skipped></testcase><testcase classname="src.pymortests.operators" file="src/pymortests/operators.py" line="240" name="test_project_with_product_2[&lt;lambda&gt;2]" time="0.00039958953857421875"><skipped message="Suite splitting in effect" type="pytest.skip">src/pymortests/operators.py:240: Suite splitting in effect</skipped></testcase><testcase classname="src.pymortests.operators" file="src/pymortests/operators.py" line="240" name="test_project_with_product_2[&lt;lambda&gt;3]" time="0.0004088878631591797"><skipped message="Suite splitting in effect" type="pytest.skip">src/pymortests/operators.py:240: Suite splitting in effect</skipped></testcase><testcase classname="src.pymortests.operators" file="src/pymortests/operators.py" line="240" name="test_project_with_product_2[&lt;lambda&gt;4]" time="0.0003898143768310547"><skipped message="Suite splitting in effect" type="pytest.skip">src/pymortests/operators.py:240: Suite splitting in effect</skipped></testcase><testcase classname="src.pymortests.operators" file="src/pymortests/operators.py" line="240" name="test_project_with_product_2[&lt;lambda&gt;5]" time="0.0004127025604248047"><skipped message="Suite splitting in effect" type="pytest.skip">src/pymortests/operators.py:240: Suite splitting in effect</skipped></testcase><testcase classname="src.pymortests.operators" file="src/pymortests/operators.py" line="240" name="test_project_with_product_2[&lt;lambda&gt;6]" time="0.00039005279541015625"><skipped message="Suite splitting in effect" type="pytest.skip">src/pymortests/operators.py:240: Suite splitting in effect</skipped></testcase><testcase classname="src.pymortests.operators" file="src/pymortests/operators.py" line="240" name="test_project_with_product_2[&lt;lambda&gt;7]" time="0.0004143714904785156"><skipped message="Suite splitting in effect" type="pytest.skip">src/pymortests/operators.py:240: Suite splitting in effect</skipped></testcase><testcase classname="src.pymortests.operators" file="src/pymortests/operators.py" line="240" name="test_project_with_product_2[&lt;lambda&gt;8]" time="0.0004112720489501953"><skipped message="Suite splitting in effect" type="pytest.skip">src/pymortests/operators.py:240: Suite splitting in effect</skipped></testcase><testcase classname="src.pymortests.operators" file="src/pymortests/operators.py" line="240" name="test_project_with_product_2[&lt;lambda&gt;9]" time="0.0004134178161621094"><skipped message="Suite splitting in effect" type="pytest.skip">src/pymortests/operators.py:240: Suite splitting in effect</skipped></testcase><testcase classname="src.pymortests.operators" file="src/pymortests/operators.py" line="240" name="test_project_with_product_2[&lt;lambda&gt;10]" time="0.0004107952117919922"><skipped message="Suite splitting in effect" type="pytest.skip">src/pymortests/operators.py:240: Suite splitting in effect</skipped></testcase><testcase classname="src.pymortests.operators" file="src/pymortests/operators.py" line="240" name="test_project_with_product_2[&lt;lambda&gt;11]" time="0.0004119873046875"><skipped message="Suite splitting in effect" type="pytest.skip">src/pymortests/operators.py:240: Suite splitting in effect</skipped></testcase><testcase classname="src.pymortests.operators" file="src/pymortests/operators.py" line="240" name="test_project_with_product_2[&lt;lambda&gt;12]" time="0.00041794776916503906"><skipped message="Suite splitting in effect" type="pytest.skip">src/pymortests/operators.py:240: Suite splitting in effect</skipped></testcase><testcase classname="src.pymortests.operators" file="src/pymortests/operators.py" line="240" name="test_project_with_product_2[&lt;lambda&gt;13]" time="0.0004115104675292969"><skipped message="Suite splitting in effect" type="pytest.skip">src/pymortests/operators.py:240: Suite splitting in effect</skipped></testcase><testcase classname="src.pymortests.operators" file="src/pymortests/operators.py" line="240" name="test_project_with_product_2[&lt;lambda&gt;14]" time="0.0004317760467529297"><skipped message="Suite splitting in effect" type="pytest.skip">src/pymortests/operators.py:240: Suite splitting in effect</skipped></testcase><testcase classname="src.pymortests.operators" file="src/pymortests/operators.py" line="240" name="test_project_with_product_2[&lt;lambda&gt;15]" time="0.0004379749298095703"><skipped message="Suite splitting in effect" type="pytest.skip">src/pymortests/operators.py:240: Suite splitting in effect</skipped></testcase><testcase classname="src.pymortests.operators" file="src/pymortests/operators.py" line="240" name="test_project_with_product_2[&lt;lambda&gt;16]" time="0.0004069805145263672"><skipped message="Suite splitting in effect" type="pytest.skip">src/pymortests/operators.py:240: Suite splitting in effect</skipped></testcase><testcase classname="src.pymortests.operators" file="src/pymortests/operators.py" line="240" name="test_project_with_product_2[&lt;lambda&gt;17]" time="0.00041604042053222656"><skipped message="Suite splitting in effect" type="pytest.skip">src/pymortests/operators.py:240: Suite splitting in effect</skipped></testcase><testcase classname="src.pymortests.operators" file="src/pymortests/operators.py" line="240" name="test_project_with_product_2[&lt;lambda&gt;18]" time="0.0003910064697265625"><skipped message="Suite splitting in effect" type="pytest.skip">src/pymortests/operators.py:240: Suite splitting in effect</skipped></testcase><testcase classname="src.pymortests.operators" file="src/pymortests/operators.py" line="240" name="test_project_with_product_2[&lt;lambda&gt;19]" time="0.00041413307189941406"><skipped message="Suite splitting in effect" type="pytest.skip">src/pymortests/operators.py:240: Suite splitting in effect</skipped></testcase><testcase classname="src.pymortests.operators" file="src/pymortests/operators.py" line="240" name="test_project_with_product_2[&lt;lambda&gt;20]" time="0.0003960132598876953"><skipped message="Suite splitting in effect" type="pytest.skip">src/pymortests/operators.py:240: Suite splitting in effect</skipped></testcase><testcase classname="src.pymortests.operators" file="src/pymortests/operators.py" line="240" name="test_project_with_product_2[&lt;lambda&gt;21]" time="0.00042700767517089844"><skipped message="Suite splitting in effect" type="pytest.skip">src/pymortests/operators.py:240: Suite splitting in effect</skipped></testcase><testcase classname="src.pymortests.operators" file="src/pymortests/operators.py" line="240" name="test_project_with_product_2[&lt;lambda&gt;22]" time="0.0003917217254638672"><skipped message="Suite splitting in effect" type="pytest.skip">src/pymortests/operators.py:240: Suite splitting in effect</skipped></testcase><testcase classname="src.pymortests.operators" file="src/pymortests/operators.py" line="240" name="test_project_with_product_2[&lt;lambda&gt;23]" time="0.00042629241943359375"><skipped message="Suite splitting in effect" type="pytest.skip">src/pymortests/operators.py:240: Suite splitting in effect</skipped></testcase><testcase classname="src.pymortests.operators" file="src/pymortests/operators.py" line="240" name="test_project_with_product_2[&lt;lambda&gt;24]" time="0.0003962516784667969"><skipped message="Suite splitting in effect" type="pytest.skip">src/pymortests/operators.py:240: Suite splitting in effect</skipped></testcase><testcase classname="src.pymortests.operators" file="src/pymortests/operators.py" line="240" name="test_project_with_product_2[&lt;lambda&gt;25]" time="0.0004513263702392578"><skipped message="Suite splitting in effect" type="pytest.skip">src/pymortests/operators.py:240: Suite splitting in effect</skipped></testcase><testcase classname="src.pymortests.operators" file="src/pymortests/operators.py" line="240" name="test_project_with_product_2[&lt;lambda&gt;26]" time="0.0003993511199951172"><skipped message="Suite splitting in effect" type="pytest.skip">src/pymortests/operators.py:240: Suite splitting in effect</skipped></testcase><testcase classname="src.pymortests.operators" file="src/pymortests/operators.py" line="240" name="test_project_with_product_2[&lt;lambda&gt;27]" time="0.0004208087921142578"><skipped message="Suite splitting in effect" type="pytest.skip">src/pymortests/operators.py:240: Suite splitting in effect</skipped></testcase><testcase classname="src.pymortests.operators" file="src/pymortests/operators.py" line="240" name="test_project_with_product_2[&lt;lambda&gt;28]" time="0.00040984153747558594"><skipped message="Suite splitting in effect" type="pytest.skip">src/pymortests/operators.py:240: Suite splitting in effect</skipped></testcase><testcase classname="src.pymortests.operators" file="src/pymortests/operators.py" line="240" name="test_project_with_product_2[&lt;lambda&gt;29]" time="0.0004050731658935547"><skipped message="Suite splitting in effect" type="pytest.skip">src/pymortests/operators.py:240: Suite splitting in effect</skipped></testcase><testcase classname="src.pymortests.operators" file="src/pymortests/operators.py" line="240" name="test_project_with_product_2[&lt;lambda&gt;30]" time="0.00040340423583984375"><skipped message="Suite splitting in effect" type="pytest.skip">src/pymortests/operators.py:240: Suite splitting in effect</skipped></testcase><testcase classname="src.pymortests.operators" file="src/pymortests/operators.py" line="240" name="test_project_with_product_2[&lt;lambda&gt;31]" time="0.0004134178161621094"><skipped message="Suite splitting in effect" type="pytest.skip">src/pymortests/operators.py:240: Suite splitting in effect</skipped></testcase><testcase classname="src.pymortests.operators" file="src/pymortests/operators.py" line="240" name="test_project_with_product_2[&lt;lambda&gt;32]" time="0.00038933753967285156"><skipped message="Suite splitting in effect" type="pytest.skip">src/pymortests/operators.py:240: Suite splitting in effect</skipped></testcase><testcase classname="src.pymortests.operators" file="src/pymortests/operators.py" line="240" name="test_project_with_product_2[&lt;lambda&gt;33]" time="0.0004177093505859375"><skipped message="Suite splitting in effect" type="pytest.skip">src/pymortests/operators.py:240: Suite splitting in effect</skipped></testcase><testcase classname="src.pymortests.operators" file="src/pymortests/operators.py" line="240" name="test_project_with_product_2[&lt;lambda&gt;34]" time="0.0004544258117675781"><skipped message="Suite splitting in effect" type="pytest.skip">src/pymortests/operators.py:240: Suite splitting in effect</skipped></testcase><testcase classname="src.pymortests.operators" file="src/pymortests/operators.py" line="240" name="test_project_with_product_2[&lt;lambda&gt;35]" time="0.00042724609375"><skipped message="Suite splitting in effect" type="pytest.skip">src/pymortests/operators.py:240: Suite splitting in effect</skipped></testcase><testcase classname="src.pymortests.operators" file="src/pymortests/operators.py" line="240" name="test_project_with_product_2[&lt;lambda&gt;36]" time="0.00039315223693847656"><skipped message="Suite splitting in effect" type="pytest.skip">src/pymortests/operators.py:240: Suite splitting in effect</skipped></testcase><testcase classname="src.pymortests.operators" file="src/pymortests/operators.py" line="256" name="test_jacobian[&lt;lambda&gt;0]" time="0.0004038810729980469"><skipped message="Suite splitting in effect" type="pytest.skip">src/pymortests/operators.py:256: Suite splitting in effect</skipped></testcase><testcase classname="src.pymortests.operators" file="src/pymortests/operators.py" line="256" name="test_jacobian[&lt;lambda&gt;1]" time="0.0004210472106933594"><skipped message="Suite splitting in effect" type="pytest.skip">src/pymortests/operators.py:256: Suite splitting in effect</skipped></testcase><testcase classname="src.pymortests.operators" file="src/pymortests/operators.py" line="256" name="test_jacobian[&lt;lambda&gt;2]" time="0.0004153251647949219"><skipped message="Suite splitting in effect" type="pytest.skip">src/pymortests/operators.py:256: Suite splitting in effect</skipped></testcase><testcase classname="src.pymortests.operators" file="src/pymortests/operators.py" line="256" name="test_jacobian[&lt;lambda&gt;3]" time="0.00040912628173828125"><skipped message="Suite splitting in effect" type="pytest.skip">src/pymortests/operators.py:256: Suite splitting in effect</skipped></testcase><testcase classname="src.pymortests.operators" file="src/pymortests/operators.py" line="256" name="test_jacobian[&lt;lambda&gt;4]" time="0.00040078163146972656"><skipped message="Suite splitting in effect" type="pytest.skip">src/pymortests/operators.py:256: Suite splitting in effect</skipped></testcase><testcase classname="src.pymortests.operators" file="src/pymortests/operators.py" line="256" name="test_jacobian[&lt;lambda&gt;5]" time="0.0004286766052246094"><skipped message="Suite splitting in effect" type="pytest.skip">src/pymortests/operators.py:256: Suite splitting in effect</skipped></testcase><testcase classname="src.pymortests.operators" file="src/pymortests/operators.py" line="256" name="test_jacobian[&lt;lambda&gt;6]" time="0.0004088878631591797"><skipped message="Suite splitting in effect" type="pytest.skip">src/pymortests/operators.py:256: Suite splitting in effect</skipped></testcase><testcase classname="src.pymortests.operators" file="src/pymortests/operators.py" line="256" name="test_jacobian[&lt;lambda&gt;7]" time="0.0004074573516845703"><skipped message="Suite splitting in effect" type="pytest.skip">src/pymortests/operators.py:256: Suite splitting in effect</skipped></testcase><testcase classname="src.pymortests.operators" file="src/pymortests/operators.py" line="256" name="test_jacobian[&lt;lambda&gt;8]" time="0.0003876686096191406"><skipped message="Suite splitting in effect" type="pytest.skip">src/pymortests/operators.py:256: Suite splitting in effect</skipped></testcase><testcase classname="src.pymortests.operators" file="src/pymortests/operators.py" line="256" name="test_jacobian[&lt;lambda&gt;9]" time="0.0003960132598876953"><skipped message="Suite splitting in effect" type="pytest.skip">src/pymortests/operators.py:256: Suite splitting in effect</skipped></testcase><testcase classname="src.pymortests.operators" file="src/pymortests/operators.py" line="256" name="test_jacobian[&lt;lambda&gt;10]" time="0.00041222572326660156"><skipped message="Suite splitting in effect" type="pytest.skip">src/pymortests/operators.py:256: Suite splitting in effect</skipped></testcase><testcase classname="src.pymortests.operators" file="src/pymortests/operators.py" line="256" name="test_jacobian[&lt;lambda&gt;11]" time="0.0004336833953857422"><skipped message="Suite splitting in effect" type="pytest.skip">src/pymortests/operators.py:256: Suite splitting in effect</skipped></testcase><testcase classname="src.pymortests.operators" file="src/pymortests/operators.py" line="256" name="test_jacobian[&lt;lambda&gt;12]" time="0.0004246234893798828"><skipped message="Suite splitting in effect" type="pytest.skip">src/pymortests/operators.py:256: Suite splitting in effect</skipped></testcase><testcase classname="src.pymortests.operators" file="src/pymortests/operators.py" line="256" name="test_jacobian[&lt;lambda&gt;13]" time="0.0003972053527832031"><skipped message="Suite splitting in effect" type="pytest.skip">src/pymortests/operators.py:256: Suite splitting in effect</skipped></testcase><testcase classname="src.pymortests.operators" file="src/pymortests/operators.py" line="256" name="test_jacobian[&lt;lambda&gt;14]" time="0.0004432201385498047"><skipped message="Suite splitting in effect" type="pytest.skip">src/pymortests/operators.py:256: Suite splitting in effect</skipped></testcase><testcase classname="src.pymortests.operators" file="src/pymortests/operators.py" line="256" name="test_jacobian[&lt;lambda&gt;15]" time="0.000392913818359375"><skipped message="Suite splitting in effect" type="pytest.skip">src/pymortests/operators.py:256: Suite splitting in effect</skipped></testcase><testcase classname="src.pymortests.operators" file="src/pymortests/operators.py" line="256" name="test_jacobian[&lt;lambda&gt;16]" time="0.000423431396484375"><skipped message="Suite splitting in effect" type="pytest.skip">src/pymortests/operators.py:256: Suite splitting in effect</skipped></testcase><testcase classname="src.pymortests.operators" file="src/pymortests/operators.py" line="256" name="test_jacobian[&lt;lambda&gt;17]" time="0.0003972053527832031"><skipped message="Suite splitting in effect" type="pytest.skip">src/pymortests/operators.py:256: Suite splitting in effect</skipped></testcase><testcase classname="src.pymortests.operators" file="src/pymortests/operators.py" line="256" name="test_jacobian[&lt;lambda&gt;18]" time="0.00042629241943359375"><skipped message="Suite splitting in effect" type="pytest.skip">src/pymortests/operators.py:256: Suite splitting in effect</skipped></testcase><testcase classname="src.pymortests.operators" file="src/pymortests/operators.py" line="256" name="test_jacobian[&lt;lambda&gt;19]" time="0.0003948211669921875"><skipped message="Suite splitting in effect" type="pytest.skip">src/pymortests/operators.py:256: Suite splitting in effect</skipped></testcase><testcase classname="src.pymortests.operators" file="src/pymortests/operators.py" line="256" name="test_jacobian[&lt;lambda&gt;20]" time="0.00042319297790527344"><skipped message="Suite splitting in effect" type="pytest.skip">src/pymortests/operators.py:256: Suite splitting in effect</skipped></testcase><testcase classname="src.pymortests.operators" file="src/pymortests/operators.py" line="256" name="test_jacobian[&lt;lambda&gt;21]" time="0.0003936290740966797"><skipped message="Suite splitting in effect" type="pytest.skip">src/pymortests/operators.py:256: Suite splitting in effect</skipped></testcase><testcase classname="src.pymortests.operators" file="src/pymortests/operators.py" line="256" name="test_jacobian[&lt;lambda&gt;22]" time="0.00042128562927246094"><skipped message="Suite splitting in effect" type="pytest.skip">src/pymortests/operators.py:256: Suite splitting in effect</skipped></testcase><testcase classname="src.pymortests.operators" file="src/pymortests/operators.py" line="256" name="test_jacobian[&lt;lambda&gt;23]" time="0.0003979206085205078"><skipped message="Suite splitting in effect" type="pytest.skip">src/pymortests/operators.py:256: Suite splitting in effect</skipped></testcase><testcase classname="src.pymortests.operators" file="src/pymortests/operators.py" line="256" name="test_jacobian[&lt;lambda&gt;24]" time="0.0004394054412841797"><skipped message="Suite splitting in effect" type="pytest.skip">src/pymortests/operators.py:256: Suite splitting in effect</skipped></testcase><testcase classname="src.pymortests.operators" file="src/pymortests/operators.py" line="256" name="test_jacobian[&lt;lambda&gt;25]" time="0.00039839744567871094"><skipped message="Suite splitting in effect" type="pytest.skip">src/pymortests/operators.py:256: Suite splitting in effect</skipped></testcase><testcase classname="src.pymortests.operators" file="src/pymortests/operators.py" line="256" name="test_jacobian[&lt;lambda&gt;26]" time="0.0004291534423828125"><skipped message="Suite splitting in effect" type="pytest.skip">src/pymortests/operators.py:256: Suite splitting in effect</skipped></testcase><testcase classname="src.pymortests.operators" file="src/pymortests/operators.py" line="256" name="test_jacobian[&lt;lambda&gt;27]" time="0.00042748451232910156"><skipped message="Suite splitting in effect" type="pytest.skip">src/pymortests/operators.py:256: Suite splitting in effect</skipped></testcase><testcase classname="src.pymortests.operators" file="src/pymortests/operators.py" line="256" name="test_jacobian[&lt;lambda&gt;28]" time="0.00040984153747558594"><skipped message="Suite splitting in effect" type="pytest.skip">src/pymortests/operators.py:256: Suite splitting in effect</skipped></testcase><testcase classname="src.pymortests.operators" file="src/pymortests/operators.py" line="256" name="test_jacobian[&lt;lambda&gt;29]" time="0.00043702125549316406"><skipped message="Suite splitting in effect" type="pytest.skip">src/pymortests/operators.py:256: Suite splitting in effect</skipped></testcase><testcase classname="src.pymortests.operators" file="src/pymortests/operators.py" line="256" name="test_jacobian[&lt;lambda&gt;30]" time="0.0003914833068847656"><skipped message="Suite splitting in effect" type="pytest.skip">src/pymortests/operators.py:256: Suite splitting in effect</skipped></testcase><testcase classname="src.pymortests.operators" file="src/pymortests/operators.py" line="256" name="test_jacobian[&lt;lambda&gt;31]" time="0.00041556358337402344"><skipped message="Suite splitting in effect" type="pytest.skip">src/pymortests/operators.py:256: Suite splitting in effect</skipped></testcase><testcase classname="src.pymortests.operators" file="src/pymortests/operators.py" line="256" name="test_jacobian[&lt;lambda&gt;32]" time="0.0003952980041503906"><skipped message="Suite splitting in effect" type="pytest.skip">src/pymortests/operators.py:256: Suite splitting in effect</skipped></testcase><testcase classname="src.pymortests.operators" file="src/pymortests/operators.py" line="256" name="test_jacobian[&lt;lambda&gt;33]" time="0.00042557716369628906"><skipped message="Suite splitting in effect" type="pytest.skip">src/pymortests/operators.py:256: Suite splitting in effect</skipped></testcase><testcase classname="src.pymortests.operators" file="src/pymortests/operators.py" line="256" name="test_jacobian[&lt;lambda&gt;34]" time="0.00039315223693847656"><skipped message="Suite splitting in effect" type="pytest.skip">src/pymortests/operators.py:256: Suite splitting in effect</skipped></testcase><testcase classname="src.pymortests.operators" file="src/pymortests/operators.py" line="256" name="test_jacobian[&lt;lambda&gt;35]" time="0.0004513263702392578"><skipped message="Suite splitting in effect" type="pytest.skip">src/pymortests/operators.py:256: Suite splitting in effect</skipped></testcase><testcase classname="src.pymortests.operators" file="src/pymortests/operators.py" line="256" name="test_jacobian[&lt;lambda&gt;36]" time="0.0004298686981201172"><skipped message="Suite splitting in effect" type="pytest.skip">src/pymortests/operators.py:256: Suite splitting in effect</skipped></testcase><testcase classname="src.pymortests.operators" file="src/pymortests/operators.py" line="256" name="test_jacobian[&lt;lambda&gt;37]" time="0.0007157325744628906"><skipped message="Suite splitting in effect" type="pytest.skip">src/pymortests/operators.py:256: Suite splitting in effect</skipped></testcase><testcase classname="src.pymortests.operators" file="src/pymortests/operators.py" line="256" name="test_jacobian[&lt;lambda&gt;38]" time="0.00041937828063964844"><skipped message="Suite splitting in effect" type="pytest.skip">src/pymortests/operators.py:256: Suite splitting in effect</skipped></testcase><testcase classname="src.pymortests.operators" file="src/pymortests/operators.py" line="256" name="test_jacobian[&lt;lambda&gt;39]" time="0.0004062652587890625"><skipped message="Suite splitting in effect" type="pytest.skip">src/pymortests/operators.py:256: Suite splitting in effect</skipped></testcase><testcase classname="src.pymortests.operators" file="src/pymortests/operators.py" line="256" name="test_jacobian[&lt;lambda&gt;40]" time="0.0004134178161621094"><skipped message="Suite splitting in effect" type="pytest.skip">src/pymortests/operators.py:256: Suite splitting in effect</skipped></testcase><testcase classname="src.pymortests.operators" file="src/pymortests/operators.py" line="269" name="test_assemble[&lt;lambda&gt;0]" time="0.0004050731658935547"><skipped message="Suite splitting in effect" type="pytest.skip">src/pymortests/operators.py:269: Suite splitting in effect</skipped></testcase><testcase classname="src.pymortests.operators" file="src/pymortests/operators.py" line="269" name="test_assemble[&lt;lambda&gt;1]" time="0.0004131793975830078"><skipped message="Suite splitting in effect" type="pytest.skip">src/pymortests/operators.py:269: Suite splitting in effect</skipped></testcase><testcase classname="src.pymortests.operators" file="src/pymortests/operators.py" line="269" name="test_assemble[&lt;lambda&gt;2]" time="0.0004096031188964844"><skipped message="Suite splitting in effect" type="pytest.skip">src/pymortests/operators.py:269: Suite splitting in effect</skipped></testcase><testcase classname="src.pymortests.operators" file="src/pymortests/operators.py" line="269" name="test_assemble[&lt;lambda&gt;3]" time="0.0004181861877441406"><skipped message="Suite splitting in effect" type="pytest.skip">src/pymortests/operators.py:269: Suite splitting in effect</skipped></testcase><testcase classname="src.pymortests.operators" file="src/pymortests/operators.py" line="269" name="test_assemble[&lt;lambda&gt;4]" time="0.0003943443298339844"><skipped message="Suite splitting in effect" type="pytest.skip">src/pymortests/operators.py:269: Suite splitting in effect</skipped></testcase><testcase classname="src.pymortests.operators" file="src/pymortests/operators.py" line="269" name="test_assemble[&lt;lambda&gt;5]" time="0.0004305839538574219"><skipped message="Suite splitting in effect" type="pytest.skip">src/pymortests/operators.py:269: Suite splitting in effect</skipped></testcase><testcase classname="src.pymortests.operators" file="src/pymortests/operators.py" line="269" name="test_assemble[&lt;lambda&gt;6]" time="0.0003914833068847656"><skipped message="Suite splitting in effect" type="pytest.skip">src/pymortests/operators.py:269: Suite splitting in effect</skipped></testcase><testcase classname="src.pymortests.operators" file="src/pymortests/operators.py" line="269" name="test_assemble[&lt;lambda&gt;7]" time="0.0004267692565917969"><skipped message="Suite splitting in effect" type="pytest.skip">src/pymortests/operators.py:269: Suite splitting in effect</skipped></testcase><testcase classname="src.pymortests.operators" file="src/pymortests/operators.py" line="269" name="test_assemble[&lt;lambda&gt;8]" time="0.0004074573516845703"><skipped message="Suite splitting in effect" type="pytest.skip">src/pymortests/operators.py:269: Suite splitting in effect</skipped></testcase><testcase classname="src.pymortests.operators" file="src/pymortests/operators.py" line="269" name="test_assemble[&lt;lambda&gt;9]" time="0.0004093647003173828"><skipped message="Suite splitting in effect" type="pytest.skip">src/pymortests/operators.py:269: Suite splitting in effect</skipped></testcase><testcase classname="src.pymortests.operators" file="src/pymortests/operators.py" line="269" name="test_assemble[&lt;lambda&gt;10]" time="0.0003895759582519531"><skipped message="Suite splitting in effect" type="pytest.skip">src/pymortests/operators.py:269: Suite splitting in effect</skipped></testcase><testcase classname="src.pymortests.operators" file="src/pymortests/operators.py" line="269" name="test_assemble[&lt;lambda&gt;11]" time="0.00044155120849609375"><skipped message="Suite splitting in effect" type="pytest.skip">src/pymortests/operators.py:269: Suite splitting in effect</skipped></testcase><testcase classname="src.pymortests.operators" file="src/pymortests/operators.py" line="269" name="test_assemble[&lt;lambda&gt;12]" time="0.00041484832763671875"><skipped message="Suite splitting in effect" type="pytest.skip">src/pymortests/operators.py:269: Suite splitting in effect</skipped></testcase><testcase classname="src.pymortests.operators" file="src/pymortests/operators.py" line="269" name="test_assemble[&lt;lambda&gt;13]" time="0.00040268898010253906"><skipped message="Suite splitting in effect" type="pytest.skip">src/pymortests/operators.py:269: Suite splitting in effect</skipped></testcase><testcase classname="src.pymortests.operators" file="src/pymortests/operators.py" line="269" name="test_assemble[&lt;lambda&gt;14]" time="0.0004115104675292969"><skipped message="Suite splitting in effect" type="pytest.skip">src/pymortests/operators.py:269: Suite splitting in effect</skipped></testcase><testcase classname="src.pymortests.operators" file="src/pymortests/operators.py" line="269" name="test_assemble[&lt;lambda&gt;15]" time="0.00040078163146972656"><skipped message="Suite splitting in effect" type="pytest.skip">src/pymortests/operators.py:269: Suite splitting in effect</skipped></testcase><testcase classname="src.pymortests.operators" file="src/pymortests/operators.py" line="269" name="test_assemble[&lt;lambda&gt;16]" time="0.0004096031188964844"><skipped message="Suite splitting in effect" type="pytest.skip">src/pymortests/operators.py:269: Suite splitting in effect</skipped></testcase><testcase classname="src.pymortests.operators" file="src/pymortests/operators.py" line="269" name="test_assemble[&lt;lambda&gt;17]" time="0.00041031837463378906"><skipped message="Suite splitting in effect" type="pytest.skip">src/pymortests/operators.py:269: Suite splitting in effect</skipped></testcase><testcase classname="src.pymortests.operators" file="src/pymortests/operators.py" line="269" name="test_assemble[&lt;lambda&gt;18]" time="0.00041174888610839844"><skipped message="Suite splitting in effect" type="pytest.skip">src/pymortests/operators.py:269: Suite splitting in effect</skipped></testcase><testcase classname="src.pymortests.operators" file="src/pymortests/operators.py" line="269" name="test_assemble[&lt;lambda&gt;19]" time="0.0004124641418457031"><skipped message="Suite splitting in effect" type="pytest.skip">src/pymortests/operators.py:269: Suite splitting in effect</skipped></testcase><testcase classname="src.pymortests.operators" file="src/pymortests/operators.py" line="269" name="test_assemble[&lt;lambda&gt;20]" time="0.0004112720489501953"><skipped message="Suite splitting in effect" type="pytest.skip">src/pymortests/operators.py:269: Suite splitting in effect</skipped></testcase><testcase classname="src.pymortests.operators" file="src/pymortests/operators.py" line="269" name="test_assemble[&lt;lambda&gt;21]" time="0.00041866302490234375"><skipped message="Suite splitting in effect" type="pytest.skip">src/pymortests/operators.py:269: Suite splitting in effect</skipped></testcase><testcase classname="src.pymortests.operators" file="src/pymortests/operators.py" line="269" name="test_assemble[&lt;lambda&gt;22]" time="0.00040030479431152344"><skipped message="Suite splitting in effect" type="pytest.skip">src/pymortests/operators.py:269: Suite splitting in effect</skipped></testcase><testcase classname="src.pymortests.operators" file="src/pymortests/operators.py" line="269" name="test_assemble[&lt;lambda&gt;23]" time="0.00041937828063964844"><skipped message="Suite splitting in effect" type="pytest.skip">src/pymortests/operators.py:269: Suite splitting in effect</skipped></testcase><testcase classname="src.pymortests.operators" file="src/pymortests/operators.py" line="269" name="test_assemble[&lt;lambda&gt;24]" time="0.00039505958557128906"><skipped message="Suite splitting in effect" type="pytest.skip">src/pymortests/operators.py:269: Suite splitting in effect</skipped></testcase><testcase classname="src.pymortests.operators" file="src/pymortests/operators.py" line="269" name="test_assemble[&lt;lambda&gt;25]" time="0.0004229545593261719"><skipped message="Suite splitting in effect" type="pytest.skip">src/pymortests/operators.py:269: Suite splitting in effect</skipped></testcase><testcase classname="src.pymortests.operators" file="src/pymortests/operators.py" line="269" name="test_assemble[&lt;lambda&gt;26]" time="0.0004260540008544922"><skipped message="Suite splitting in effect" type="pytest.skip">src/pymortests/operators.py:269: Suite splitting in effect</skipped></testcase><testcase classname="src.pymortests.operators" file="src/pymortests/operators.py" line="269" name="test_assemble[&lt;lambda&gt;27]" time="0.00041222572326660156"><skipped message="Suite splitting in effect" type="pytest.skip">src/pymortests/operators.py:269: Suite splitting in effect</skipped></testcase><testcase classname="src.pymortests.operators" file="src/pymortests/operators.py" line="269" name="test_assemble[&lt;lambda&gt;28]" time="0.0003943443298339844"><skipped message="Suite splitting in effect" type="pytest.skip">src/pymortests/operators.py:269: Suite splitting in effect</skipped></testcase><testcase classname="src.pymortests.operators" file="src/pymortests/operators.py" line="269" name="test_assemble[&lt;lambda&gt;29]" time="0.0004324913024902344"><skipped message="Suite splitting in effect" type="pytest.skip">src/pymortests/operators.py:269: Suite splitting in effect</skipped></testcase><testcase classname="src.pymortests.operators" file="src/pymortests/operators.py" line="269" name="test_assemble[&lt;lambda&gt;30]" time="0.0004189014434814453"><skipped message="Suite splitting in effect" type="pytest.skip">src/pymortests/operators.py:269: Suite splitting in effect</skipped></testcase><testcase classname="src.pymortests.operators" file="src/pymortests/operators.py" line="269" name="test_assemble[&lt;lambda&gt;31]" time="0.00042366981506347656"><skipped message="Suite splitting in effect" type="pytest.skip">src/pymortests/operators.py:269: Suite splitting in effect</skipped></testcase><testcase classname="src.pymortests.operators" file="src/pymortests/operators.py" line="269" name="test_assemble[&lt;lambda&gt;32]" time="0.00039386749267578125"><skipped message="Suite splitting in effect" type="pytest.skip">src/pymortests/operators.py:269: Suite splitting in effect</skipped></testcase><testcase classname="src.pymortests.operators" file="src/pymortests/operators.py" line="269" name="test_assemble[&lt;lambda&gt;33]" time="0.0004150867462158203"><skipped message="Suite splitting in effect" type="pytest.skip">src/pymortests/operators.py:269: Suite splitting in effect</skipped></testcase><testcase classname="src.pymortests.operators" file="src/pymortests/operators.py" line="269" name="test_assemble[&lt;lambda&gt;34]" time="0.0004150867462158203"><skipped message="Suite splitting in effect" type="pytest.skip">src/pymortests/operators.py:269: Suite splitting in effect</skipped></testcase><testcase classname="src.pymortests.operators" file="src/pymortests/operators.py" line="269" name="test_assemble[&lt;lambda&gt;35]" time="0.0003952980041503906"><skipped message="Suite splitting in effect" type="pytest.skip">src/pymortests/operators.py:269: Suite splitting in effect</skipped></testcase><testcase classname="src.pymortests.operators" file="src/pymortests/operators.py" line="269" name="test_assemble[&lt;lambda&gt;36]" time="0.0004239082336425781"><skipped message="Suite splitting in effect" type="pytest.skip">src/pymortests/operators.py:269: Suite splitting in effect</skipped></testcase><testcase classname="src.pymortests.operators" file="src/pymortests/operators.py" line="269" name="test_assemble[&lt;lambda&gt;37]" time="0.0003941059112548828"><skipped message="Suite splitting in effect" type="pytest.skip">src/pymortests/operators.py:269: Suite splitting in effect</skipped></testcase><testcase classname="src.pymortests.operators" file="src/pymortests/operators.py" line="269" name="test_assemble[&lt;lambda&gt;38]" time="0.00044345855712890625"><skipped message="Suite splitting in effect" type="pytest.skip">src/pymortests/operators.py:269: Suite splitting in effect</skipped></testcase><testcase classname="src.pymortests.operators" file="src/pymortests/operators.py" line="269" name="test_assemble[&lt;lambda&gt;39]" time="0.00039577484130859375"><skipped message="Suite splitting in effect" type="pytest.skip">src/pymortests/operators.py:269: Suite splitting in effect</skipped></testcase><testcase classname="src.pymortests.operators" file="src/pymortests/operators.py" line="269" name="test_assemble[&lt;lambda&gt;40]" time="0.0004062652587890625"><skipped message="Suite splitting in effect" type="pytest.skip">src/pymortests/operators.py:269: Suite splitting in effect</skipped></testcase><testcase classname="src.pymortests.operators" file="src/pymortests/operators.py" line="298" name="test_restricted[&lt;lambda&gt;0]" time="0.0004069805145263672"><skipped message="Suite splitting in effect" type="pytest.skip">src/pymortests/operators.py:298: Suite splitting in effect</skipped></testcase><testcase classname="src.pymortests.operators" file="src/pymortests/operators.py" line="298" name="test_restricted[&lt;lambda&gt;1]" time="0.0004088878631591797"><skipped message="Suite splitting in effect" type="pytest.skip">src/pymortests/operators.py:298: Suite splitting in effect</skipped></testcase><testcase classname="src.pymortests.operators" file="src/pymortests/operators.py" line="298" name="test_restricted[&lt;lambda&gt;2]" time="0.0003972053527832031"><skipped message="Suite splitting in effect" type="pytest.skip">src/pymortests/operators.py:298: Suite splitting in effect</skipped></testcase><testcase classname="src.pymortests.operators" file="src/pymortests/operators.py" line="298" name="test_restricted[&lt;lambda&gt;3]" time="0.0004317760467529297"><skipped message="Suite splitting in effect" type="pytest.skip">src/pymortests/operators.py:298: Suite splitting in effect</skipped></testcase><testcase classname="src.pymortests.operators" file="src/pymortests/operators.py" line="298" name="test_restricted[&lt;lambda&gt;4]" time="0.00041174888610839844"><skipped message="Suite splitting in effect" type="pytest.skip">src/pymortests/operators.py:298: Suite splitting in effect</skipped></testcase><testcase classname="src.pymortests.operators" file="src/pymortests/operators.py" line="298" name="test_restricted[&lt;lambda&gt;5]" time="0.00040650367736816406"><skipped message="Suite splitting in effect" type="pytest.skip">src/pymortests/operators.py:298: Suite splitting in effect</skipped></testcase><testcase classname="src.pymortests.operators" file="src/pymortests/operators.py" line="298" name="test_restricted[&lt;lambda&gt;6]" time="0.0003895759582519531"><skipped message="Suite splitting in effect" type="pytest.skip">src/pymortests/operators.py:298: Suite splitting in effect</skipped></testcase><testcase classname="src.pymortests.operators" file="src/pymortests/operators.py" line="298" name="test_restricted[&lt;lambda&gt;7]" time="0.00041937828063964844"><skipped message="Suite splitting in effect" type="pytest.skip">src/pymortests/operators.py:298: Suite splitting in effect</skipped></testcase><testcase classname="src.pymortests.operators" file="src/pymortests/operators.py" line="298" name="test_restricted[&lt;lambda&gt;8]" time="0.00039196014404296875"><skipped message="Suite splitting in effect" type="pytest.skip">src/pymortests/operators.py:298: Suite splitting in effect</skipped></testcase><testcase classname="src.pymortests.operators" file="src/pymortests/operators.py" line="298" name="test_restricted[&lt;lambda&gt;9]" time="0.0004220008850097656"><skipped message="Suite splitting in effect" type="pytest.skip">src/pymortests/operators.py:298: Suite splitting in effect</skipped></testcase><testcase classname="src.pymortests.operators" file="src/pymortests/operators.py" line="298" name="test_restricted[&lt;lambda&gt;10]" time="0.0004162788391113281"><skipped message="Suite splitting in effect" type="pytest.skip">src/pymortests/operators.py:298: Suite splitting in effect</skipped></testcase><testcase classname="src.pymortests.operators" file="src/pymortests/operators.py" line="298" name="test_restricted[&lt;lambda&gt;11]" time="0.00039315223693847656"><skipped message="Suite splitting in effect" type="pytest.skip">src/pymortests/operators.py:298: Suite splitting in effect</skipped></testcase><testcase classname="src.pymortests.operators" file="src/pymortests/operators.py" line="298" name="test_restricted[&lt;lambda&gt;12]" time="0.0004115104675292969"><skipped message="Suite splitting in effect" type="pytest.skip">src/pymortests/operators.py:298: Suite splitting in effect</skipped></testcase><testcase classname="src.pymortests.operators" file="src/pymortests/operators.py" line="298" name="test_restricted[&lt;lambda&gt;13]" time="0.0004298686981201172"><skipped message="Suite splitting in effect" type="pytest.skip">src/pymortests/operators.py:298: Suite splitting in effect</skipped></testcase><testcase classname="src.pymortests.operators" file="src/pymortests/operators.py" line="298" name="test_restricted[&lt;lambda&gt;14]" time="0.0004088878631591797"><skipped message="Suite splitting in effect" type="pytest.skip">src/pymortests/operators.py:298: Suite splitting in effect</skipped></testcase><testcase classname="src.pymortests.operators" file="src/pymortests/operators.py" line="298" name="test_restricted[&lt;lambda&gt;15]" time="0.00040531158447265625"><skipped message="Suite splitting in effect" type="pytest.skip">src/pymortests/operators.py:298: Suite splitting in effect</skipped></testcase><testcase classname="src.pymortests.operators" file="src/pymortests/operators.py" line="298" name="test_restricted[&lt;lambda&gt;16]" time="0.00040912628173828125"><skipped message="Suite splitting in effect" type="pytest.skip">src/pymortests/operators.py:298: Suite splitting in effect</skipped></testcase><testcase classname="src.pymortests.operators" file="src/pymortests/operators.py" line="298" name="test_restricted[&lt;lambda&gt;17]" time="0.00040650367736816406"><skipped message="Suite splitting in effect" type="pytest.skip">src/pymortests/operators.py:298: Suite splitting in effect</skipped></testcase><testcase classname="src.pymortests.operators" file="src/pymortests/operators.py" line="298" name="test_restricted[&lt;lambda&gt;18]" time="0.0004382133483886719"><skipped message="Suite splitting in effect" type="pytest.skip">src/pymortests/operators.py:298: Suite splitting in effect</skipped></testcase><testcase classname="src.pymortests.operators" file="src/pymortests/operators.py" line="298" name="test_restricted[&lt;lambda&gt;19]" time="0.0003867149353027344"><skipped message="Suite splitting in effect" type="pytest.skip">src/pymortests/operators.py:298: Suite splitting in effect</skipped></testcase><testcase classname="src.pymortests.operators" file="src/pymortests/operators.py" line="298" name="test_restricted[&lt;lambda&gt;20]" time="0.000423431396484375"><skipped message="Suite splitting in effect" type="pytest.skip">src/pymortests/operators.py:298: Suite splitting in effect</skipped></testcase><testcase classname="src.pymortests.operators" file="src/pymortests/operators.py" line="298" name="test_restricted[&lt;lambda&gt;21]" time="0.0004127025604248047"><skipped message="Suite splitting in effect" type="pytest.skip">src/pymortests/operators.py:298: Suite splitting in effect</skipped></testcase><testcase classname="src.pymortests.operators" file="src/pymortests/operators.py" line="298" name="test_restricted[&lt;lambda&gt;22]" time="0.0004215240478515625"><skipped message="Suite splitting in effect" type="pytest.skip">src/pymortests/operators.py:298: Suite splitting in effect</skipped></testcase><testcase classname="src.pymortests.operators" file="src/pymortests/operators.py" line="298" name="test_restricted[&lt;lambda&gt;23]" time="0.000400543212890625"><skipped message="Suite splitting in effect" type="pytest.skip">src/pymortests/operators.py:298: Suite splitting in effect</skipped></testcase><testcase classname="src.pymortests.operators" file="src/pymortests/operators.py" line="298" name="test_restricted[&lt;lambda&gt;24]" time="0.00046133995056152344"><skipped message="Suite splitting in effect" type="pytest.skip">src/pymortests/operators.py:298: Suite splitting in effect</skipped></testcase><testcase classname="src.pymortests.operators" file="src/pymortests/operators.py" line="298" name="test_restricted[&lt;lambda&gt;25]" time="0.0003955364227294922"><skipped message="Suite splitting in effect" type="pytest.skip">src/pymortests/operators.py:298: Suite splitting in effect</skipped></testcase><testcase classname="src.pymortests.operators" file="src/pymortests/operators.py" line="298" name="test_restricted[&lt;lambda&gt;26]" time="0.00044155120849609375"><skipped message="Suite splitting in effect" type="pytest.skip">src/pymortests/operators.py:298: Suite splitting in effect</skipped></testcase><testcase classname="src.pymortests.operators" file="src/pymortests/operators.py" line="298" name="test_restricted[&lt;lambda&gt;27]" time="0.0004119873046875"><skipped message="Suite splitting in effect" type="pytest.skip">src/pymortests/operators.py:298: Suite splitting in effect</skipped></testcase><testcase classname="src.pymortests.operators" file="src/pymortests/operators.py" line="298" name="test_restricted[&lt;lambda&gt;28]" time="0.000423431396484375"><skipped message="Suite splitting in effect" type="pytest.skip">src/pymortests/operators.py:298: Suite splitting in effect</skipped></testcase><testcase classname="src.pymortests.operators" file="src/pymortests/operators.py" line="298" name="test_restricted[&lt;lambda&gt;29]" time="0.0004074573516845703"><skipped message="Suite splitting in effect" type="pytest.skip">src/pymortests/operators.py:298: Suite splitting in effect</skipped></testcase><testcase classname="src.pymortests.operators" file="src/pymortests/operators.py" line="298" name="test_restricted[&lt;lambda&gt;30]" time="0.00040650367736816406"><skipped message="Suite splitting in effect" type="pytest.skip">src/pymortests/operators.py:298: Suite splitting in effect</skipped></testcase><testcase classname="src.pymortests.operators" file="src/pymortests/operators.py" line="298" name="test_restricted[&lt;lambda&gt;31]" time="0.0004029273986816406"><skipped message="Suite splitting in effect" type="pytest.skip">src/pymortests/operators.py:298: Suite splitting in effect</skipped></testcase><testcase classname="src.pymortests.operators" file="src/pymortests/operators.py" line="298" name="test_restricted[&lt;lambda&gt;32]" time="0.00040984153747558594"><skipped message="Suite splitting in effect" type="pytest.skip">src/pymortests/operators.py:298: Suite splitting in effect</skipped></testcase><testcase classname="src.pymortests.operators" file="src/pymortests/operators.py" line="298" name="test_restricted[&lt;lambda&gt;33]" time="0.00045609474182128906"><skipped message="Suite splitting in effect" type="pytest.skip">src/pymortests/operators.py:298: Suite splitting in effect</skipped></testcase><testcase classname="src.pymortests.operators" file="src/pymortests/operators.py" line="298" name="test_restricted[&lt;lambda&gt;34]" time="0.00040602684020996094"><skipped message="Suite splitting in effect" type="pytest.skip">src/pymortests/operators.py:298: Suite splitting in effect</skipped></testcase><testcase classname="src.pymortests.operators" file="src/pymortests/operators.py" line="298" name="test_restricted[&lt;lambda&gt;35]" time="0.000400543212890625"><skipped message="Suite splitting in effect" type="pytest.skip">src/pymortests/operators.py:298: Suite splitting in effect</skipped></testcase><testcase classname="src.pymortests.operators" file="src/pymortests/operators.py" line="298" name="test_restricted[&lt;lambda&gt;36]" time="0.00041794776916503906"><skipped message="Suite splitting in effect" type="pytest.skip">src/pymortests/operators.py:298: Suite splitting in effect</skipped></testcase><testcase classname="src.pymortests.operators" file="src/pymortests/operators.py" line="298" name="test_restricted[&lt;lambda&gt;37]" time="0.0003895759582519531"><skipped message="Suite splitting in effect" type="pytest.skip">src/pymortests/operators.py:298: Suite splitting in effect</skipped></testcase><testcase classname="src.pymortests.operators" file="src/pymortests/operators.py" line="298" name="test_restricted[&lt;lambda&gt;38]" time="0.00043082237243652344"><skipped message="Suite splitting in effect" type="pytest.skip">src/pymortests/operators.py:298: Suite splitting in effect</skipped></testcase><testcase classname="src.pymortests.operators" file="src/pymortests/operators.py" line="298" name="test_restricted[&lt;lambda&gt;39]" time="0.0004100799560546875"><skipped message="Suite splitting in effect" type="pytest.skip">src/pymortests/operators.py:298: Suite splitting in effect</skipped></testcase><testcase classname="src.pymortests.operators" file="src/pymortests/operators.py" line="298" name="test_restricted[&lt;lambda&gt;40]" time="0.0004024505615234375"><skipped message="Suite splitting in effect" type="pytest.skip">src/pymortests/operators.py:298: Suite splitting in effect</skipped></testcase><testcase classname="src.pymortests.operators" file="src/pymortests/operators.py" line="314" name="test_InverseOperator[&lt;lambda&gt;0]" time="0.0004115104675292969"><skipped message="Suite splitting in effect" type="pytest.skip">src/pymortests/operators.py:314: Suite splitting in effect</skipped></testcase><testcase classname="src.pymortests.operators" file="src/pymortests/operators.py" line="314" name="test_InverseOperator[&lt;lambda&gt;1]" time="0.00039577484130859375"><skipped message="Suite splitting in effect" type="pytest.skip">src/pymortests/operators.py:314: Suite splitting in effect</skipped></testcase><testcase classname="src.pymortests.operators" file="src/pymortests/operators.py" line="314" name="test_InverseOperator[&lt;lambda&gt;2]" time="0.0004038810729980469"><skipped message="Suite splitting in effect" type="pytest.skip">src/pymortests/operators.py:314: Suite splitting in effect</skipped></testcase><testcase classname="src.pymortests.operators" file="src/pymortests/operators.py" line="314" name="test_InverseOperator[&lt;lambda&gt;3]" time="0.00041961669921875"><skipped message="Suite splitting in effect" type="pytest.skip">src/pymortests/operators.py:314: Suite splitting in effect</skipped></testcase><testcase classname="src.pymortests.operators" file="src/pymortests/operators.py" line="314" name="test_InverseOperator[&lt;lambda&gt;4]" time="0.00042629241943359375"><skipped message="Suite splitting in effect" type="pytest.skip">src/pymortests/operators.py:314: Suite splitting in effect</skipped></testcase><testcase classname="src.pymortests.operators" file="src/pymortests/operators.py" line="314" name="test_InverseOperator[&lt;lambda&gt;5]" time="0.00040078163146972656"><skipped message="Suite splitting in effect" type="pytest.skip">src/pymortests/operators.py:314: Suite splitting in effect</skipped></testcase><testcase classname="src.pymortests.operators" file="src/pymortests/operators.py" line="314" name="test_InverseOperator[&lt;lambda&gt;6]" time="0.00042438507080078125"><skipped message="Suite splitting in effect" type="pytest.skip">src/pymortests/operators.py:314: Suite splitting in effect</skipped></testcase><testcase classname="src.pymortests.operators" file="src/pymortests/operators.py" line="314" name="test_InverseOperator[&lt;lambda&gt;7]" time="0.00041794776916503906"><skipped message="Suite splitting in effect" type="pytest.skip">src/pymortests/operators.py:314: Suite splitting in effect</skipped></testcase><testcase classname="src.pymortests.operators" file="src/pymortests/operators.py" line="314" name="test_InverseOperator[&lt;lambda&gt;8]" time="0.0003955364227294922"><skipped message="Suite splitting in effect" type="pytest.skip">src/pymortests/operators.py:314: Suite splitting in effect</skipped></testcase><testcase classname="src.pymortests.operators" file="src/pymortests/operators.py" line="314" name="test_InverseOperator[&lt;lambda&gt;9]" time="0.0006201267242431641"><skipped message="Suite splitting in effect" type="pytest.skip">src/pymortests/operators.py:314: Suite splitting in effect</skipped></testcase><testcase classname="src.pymortests.operators" file="src/pymortests/operators.py" line="314" name="test_InverseOperator[&lt;lambda&gt;10]" time="0.0004229545593261719"><skipped message="Suite splitting in effect" type="pytest.skip">src/pymortests/operators.py:314: Suite splitting in effect</skipped></testcase><testcase classname="src.pymortests.operators" file="src/pymortests/operators.py" line="314" name="test_InverseOperator[&lt;lambda&gt;11]" time="0.00039124488830566406"><skipped message="Suite splitting in effect" type="pytest.skip">src/pymortests/operators.py:314: Suite splitting in effect</skipped></testcase><testcase classname="src.pymortests.operators" file="src/pymortests/operators.py" line="314" name="test_InverseOperator[&lt;lambda&gt;12]" time="0.0004353523254394531"><skipped message="Suite splitting in effect" type="pytest.skip">src/pymortests/operators.py:314: Suite splitting in effect</skipped></testcase><testcase classname="src.pymortests.operators" file="src/pymortests/operators.py" line="314" name="test_InverseOperator[&lt;lambda&gt;13]" time="0.0004010200500488281"><skipped message="Suite splitting in effect" type="pytest.skip">src/pymortests/operators.py:314: Suite splitting in effect</skipped></testcase><testcase classname="src.pymortests.operators" file="src/pymortests/operators.py" line="314" name="test_InverseOperator[&lt;lambda&gt;14]" time="0.0004119873046875"><skipped message="Suite splitting in effect" type="pytest.skip">src/pymortests/operators.py:314: Suite splitting in effect</skipped></testcase><testcase classname="src.pymortests.operators" file="src/pymortests/operators.py" line="314" name="test_InverseOperator[&lt;lambda&gt;15]" time="0.00038814544677734375"><skipped message="Suite splitting in effect" type="pytest.skip">src/pymortests/operators.py:314: Suite splitting in effect</skipped></testcase><testcase classname="src.pymortests.operators" file="src/pymortests/operators.py" line="314" name="test_InverseOperator[&lt;lambda&gt;16]" time="0.0004131793975830078"><skipped message="Suite splitting in effect" type="pytest.skip">src/pymortests/operators.py:314: Suite splitting in effect</skipped></testcase><testcase classname="src.pymortests.operators" file="src/pymortests/operators.py" line="314" name="test_InverseOperator[&lt;lambda&gt;17]" time="0.0003974437713623047"><skipped message="Suite splitting in effect" type="pytest.skip">src/pymortests/operators.py:314: Suite splitting in effect</skipped></testcase><testcase classname="src.pymortests.operators" file="src/pymortests/operators.py" line="314" name="test_InverseOperator[&lt;lambda&gt;18]" time="0.0004055500030517578"><skipped message="Suite splitting in effect" type="pytest.skip">src/pymortests/operators.py:314: Suite splitting in effect</skipped></testcase><testcase classname="src.pymortests.operators" file="src/pymortests/operators.py" line="314" name="test_InverseOperator[&lt;lambda&gt;19]" time="0.0005192756652832031"><skipped message="Suite splitting in effect" type="pytest.skip">src/pymortests/operators.py:314: Suite splitting in effect</skipped></testcase><testcase classname="src.pymortests.operators" file="src/pymortests/operators.py" line="314" name="test_InverseOperator[&lt;lambda&gt;20]" time="0.0004029273986816406"><skipped message="Suite splitting in effect" type="pytest.skip">src/pymortests/operators.py:314: Suite splitting in effect</skipped></testcase><testcase classname="src.pymortests.operators" file="src/pymortests/operators.py" line="314" name="test_InverseOperator[&lt;lambda&gt;21]" time="0.0003991127014160156"><skipped message="Suite splitting in effect" type="pytest.skip">src/pymortests/operators.py:314: Suite splitting in effect</skipped></testcase><testcase classname="src.pymortests.operators" file="src/pymortests/operators.py" line="314" name="test_InverseOperator[&lt;lambda&gt;22]" time="0.0004086494445800781"><skipped message="Suite splitting in effect" type="pytest.skip">src/pymortests/operators.py:314: Suite splitting in effect</skipped></testcase><testcase classname="src.pymortests.operators" file="src/pymortests/operators.py" line="314" name="test_InverseOperator[&lt;lambda&gt;23]" time="0.00041222572326660156"><skipped message="Suite splitting in effect" type="pytest.skip">src/pymortests/operators.py:314: Suite splitting in effect</skipped></testcase><testcase classname="src.pymortests.operators" file="src/pymortests/operators.py" line="314" name="test_InverseOperator[&lt;lambda&gt;24]" time="0.0003924369812011719"><skipped message="Suite splitting in effect" type="pytest.skip">src/pymortests/operators.py:314: Suite splitting in effect</skipped></testcase><testcase classname="src.pymortests.operators" file="src/pymortests/operators.py" line="314" name="test_InverseOperator[&lt;lambda&gt;25]" time="0.0004534721374511719"><skipped message="Suite splitting in effect" type="pytest.skip">src/pymortests/operators.py:314: Suite splitting in effect</skipped></testcase><testcase classname="src.pymortests.operators" file="src/pymortests/operators.py" line="314" name="test_InverseOperator[&lt;lambda&gt;26]" time="0.00040721893310546875"><skipped message="Suite splitting in effect" type="pytest.skip">src/pymortests/operators.py:314: Suite splitting in effect</skipped></testcase><testcase classname="src.pymortests.operators" file="src/pymortests/operators.py" line="314" name="test_InverseOperator[&lt;lambda&gt;27]" time="0.0003941059112548828"><skipped message="Suite splitting in effect" type="pytest.skip">src/pymortests/operators.py:314: Suite splitting in effect</skipped></testcase><testcase classname="src.pymortests.operators" file="src/pymortests/operators.py" line="314" name="test_InverseOperator[&lt;lambda&gt;28]" time="0.0004127025604248047"><skipped message="Suite splitting in effect" type="pytest.skip">src/pymortests/operators.py:314: Suite splitting in effect</skipped></testcase><testcase classname="src.pymortests.operators" file="src/pymortests/operators.py" line="314" name="test_InverseOperator[&lt;lambda&gt;29]" time="0.0004088878631591797"><skipped message="Suite splitting in effect" type="pytest.skip">src/pymortests/operators.py:314: Suite splitting in effect</skipped></testcase><testcase classname="src.pymortests.operators" file="src/pymortests/operators.py" line="314" name="test_InverseOperator[&lt;lambda&gt;30]" time="0.00041103363037109375"><skipped message="Suite splitting in effect" type="pytest.skip">src/pymortests/operators.py:314: Suite splitting in effect</skipped></testcase><testcase classname="src.pymortests.operators" file="src/pymortests/operators.py" line="314" name="test_InverseOperator[&lt;lambda&gt;31]" time="0.00041413307189941406"><skipped message="Suite splitting in effect" type="pytest.skip">src/pymortests/operators.py:314: Suite splitting in effect</skipped></testcase><testcase classname="src.pymortests.operators" file="src/pymortests/operators.py" line="314" name="test_InverseOperator[&lt;lambda&gt;32]" time="0.0003910064697265625"><skipped message="Suite splitting in effect" type="pytest.skip">src/pymortests/operators.py:314: Suite splitting in effect</skipped></testcase><testcase classname="src.pymortests.operators" file="src/pymortests/operators.py" line="314" name="test_InverseOperator[&lt;lambda&gt;33]" time="0.000400543212890625"><skipped message="Suite splitting in effect" type="pytest.skip">src/pymortests/operators.py:314: Suite splitting in effect</skipped></testcase><testcase classname="src.pymortests.operators" file="src/pymortests/operators.py" line="314" name="test_InverseOperator[&lt;lambda&gt;34]" time="0.0003955364227294922"><skipped message="Suite splitting in effect" type="pytest.skip">src/pymortests/operators.py:314: Suite splitting in effect</skipped></testcase><testcase classname="src.pymortests.operators" file="src/pymortests/operators.py" line="314" name="test_InverseOperator[&lt;lambda&gt;35]" time="0.00042128562927246094"><skipped message="Suite splitting in effect" type="pytest.skip">src/pymortests/operators.py:314: Suite splitting in effect</skipped></testcase><testcase classname="src.pymortests.operators" file="src/pymortests/operators.py" line="314" name="test_InverseOperator[&lt;lambda&gt;36]" time="0.0004127025604248047"><skipped message="Suite splitting in effect" type="pytest.skip">src/pymortests/operators.py:314: Suite splitting in effect</skipped></testcase><testcase classname="src.pymortests.operators" file="src/pymortests/operators.py" line="314" name="test_InverseOperator[&lt;lambda&gt;37]" time="0.00042176246643066406"><skipped message="Suite splitting in effect" type="pytest.skip">src/pymortests/operators.py:314: Suite splitting in effect</skipped></testcase><testcase classname="src.pymortests.operators" file="src/pymortests/operators.py" line="314" name="test_InverseOperator[&lt;lambda&gt;38]" time="0.0004127025604248047"><skipped message="Suite splitting in effect" type="pytest.skip">src/pymortests/operators.py:314: Suite splitting in effect</skipped></testcase><testcase classname="src.pymortests.operators" file="src/pymortests/operators.py" line="314" name="test_InverseOperator[&lt;lambda&gt;39]" time="0.00043272972106933594"><skipped message="Suite splitting in effect" type="pytest.skip">src/pymortests/operators.py:314: Suite splitting in effect</skipped></testcase><testcase classname="src.pymortests.operators" file="src/pymortests/operators.py" line="314" name="test_InverseOperator[&lt;lambda&gt;40]" time="0.00041604042053222656"><skipped message="Suite splitting in effect" type="pytest.skip">src/pymortests/operators.py:314: Suite splitting in effect</skipped></testcase><testcase classname="src.pymortests.operators" file="src/pymortests/operators.py" line="339" name="test_InverseAdjointOperator[&lt;lambda&gt;0]" time="0.00040650367736816406"><skipped message="Suite splitting in effect" type="pytest.skip">src/pymortests/operators.py:339: Suite splitting in effect</skipped></testcase><testcase classname="src.pymortests.operators" file="src/pymortests/operators.py" line="339" name="test_InverseAdjointOperator[&lt;lambda&gt;1]" time="0.00039386749267578125"><skipped message="Suite splitting in effect" type="pytest.skip">src/pymortests/operators.py:339: Suite splitting in effect</skipped></testcase><testcase classname="src.pymortests.operators" file="src/pymortests/operators.py" line="339" name="test_InverseAdjointOperator[&lt;lambda&gt;2]" time="0.0004076957702636719"><skipped message="Suite splitting in effect" type="pytest.skip">src/pymortests/operators.py:339: Suite splitting in effect</skipped></testcase><testcase classname="src.pymortests.operators" file="src/pymortests/operators.py" line="339" name="test_InverseAdjointOperator[&lt;lambda&gt;3]" time="0.0004055500030517578"><skipped message="Suite splitting in effect" type="pytest.skip">src/pymortests/operators.py:339: Suite splitting in effect</skipped></testcase><testcase classname="src.pymortests.operators" file="src/pymortests/operators.py" line="339" name="test_InverseAdjointOperator[&lt;lambda&gt;4]" time="0.0004220008850097656"><skipped message="Suite splitting in effect" type="pytest.skip">src/pymortests/operators.py:339: Suite splitting in effect</skipped></testcase><testcase classname="src.pymortests.operators" file="src/pymortests/operators.py" line="339" name="test_InverseAdjointOperator[&lt;lambda&gt;5]" time="0.00042057037353515625"><skipped message="Suite splitting in effect" type="pytest.skip">src/pymortests/operators.py:339: Suite splitting in effect</skipped></testcase><testcase classname="src.pymortests.operators" file="src/pymortests/operators.py" line="339" name="test_InverseAdjointOperator[&lt;lambda&gt;6]" time="0.0004086494445800781"><skipped message="Suite splitting in effect" type="pytest.skip">src/pymortests/operators.py:339: Suite splitting in effect</skipped></testcase><testcase classname="src.pymortests.operators" file="src/pymortests/operators.py" line="339" name="test_InverseAdjointOperator[&lt;lambda&gt;7]" time="0.0004096031188964844"><skipped message="Suite splitting in effect" type="pytest.skip">src/pymortests/operators.py:339: Suite splitting in effect</skipped></testcase><testcase classname="src.pymortests.operators" file="src/pymortests/operators.py" line="339" name="test_InverseAdjointOperator[&lt;lambda&gt;8]" time="0.0003902912139892578"><skipped message="Suite splitting in effect" type="pytest.skip">src/pymortests/operators.py:339: Suite splitting in effect</skipped></testcase><testcase classname="src.pymortests.operators" file="src/pymortests/operators.py" line="339" name="test_InverseAdjointOperator[&lt;lambda&gt;9]" time="0.00043082237243652344"><skipped message="Suite splitting in effect" type="pytest.skip">src/pymortests/operators.py:339: Suite splitting in effect</skipped></testcase><testcase classname="src.pymortests.operators" file="src/pymortests/operators.py" line="339" name="test_InverseAdjointOperator[&lt;lambda&gt;10]" time="0.0004127025604248047"><skipped message="Suite splitting in effect" type="pytest.skip">src/pymortests/operators.py:339: Suite splitting in effect</skipped></testcase><testcase classname="src.pymortests.operators" file="src/pymortests/operators.py" line="339" name="test_InverseAdjointOperator[&lt;lambda&gt;11]" time="0.00040340423583984375"><skipped message="Suite splitting in effect" type="pytest.skip">src/pymortests/operators.py:339: Suite splitting in effect</skipped></testcase><testcase classname="src.pymortests.operators" file="src/pymortests/operators.py" line="339" name="test_InverseAdjointOperator[&lt;lambda&gt;12]" time="0.0004088878631591797"><skipped message="Suite splitting in effect" type="pytest.skip">src/pymortests/operators.py:339: Suite splitting in effect</skipped></testcase><testcase classname="src.pymortests.operators" file="src/pymortests/operators.py" line="339" name="test_InverseAdjointOperator[&lt;lambda&gt;13]" time="0.0004444122314453125"><skipped message="Suite splitting in effect" type="pytest.skip">src/pymortests/operators.py:339: Suite splitting in effect</skipped></testcase><testcase classname="src.pymortests.operators" file="src/pymortests/operators.py" line="339" name="test_InverseAdjointOperator[&lt;lambda&gt;14]" time="0.000408172607421875"><skipped message="Suite splitting in effect" type="pytest.skip">src/pymortests/operators.py:339: Suite splitting in effect</skipped></testcase><testcase classname="src.pymortests.operators" file="src/pymortests/operators.py" line="339" name="test_InverseAdjointOperator[&lt;lambda&gt;15]" time="0.0004258155822753906"><skipped message="Suite splitting in effect" type="pytest.skip">src/pymortests/operators.py:339: Suite splitting in effect</skipped></testcase><testcase classname="src.pymortests.operators" file="src/pymortests/operators.py" line="339" name="test_InverseAdjointOperator[&lt;lambda&gt;16]" time="0.0004131793975830078"><skipped message="Suite splitting in effect" type="pytest.skip">src/pymortests/operators.py:339: Suite splitting in effect</skipped></testcase><testcase classname="src.pymortests.operators" file="src/pymortests/operators.py" line="339" name="test_InverseAdjointOperator[&lt;lambda&gt;17]" time="0.0004055500030517578"><skipped message="Suite splitting in effect" type="pytest.skip">src/pymortests/operators.py:339: Suite splitting in effect</skipped></testcase><testcase classname="src.pymortests.operators" file="src/pymortests/operators.py" line="339" name="test_InverseAdjointOperator[&lt;lambda&gt;18]" time="0.00038552284240722656"><skipped message="Suite splitting in effect" type="pytest.skip">src/pymortests/operators.py:339: Suite splitting in effect</skipped></testcase><testcase classname="src.pymortests.operators" file="src/pymortests/operators.py" line="339" name="test_InverseAdjointOperator[&lt;lambda&gt;19]" time="0.0004086494445800781"><skipped message="Suite splitting in effect" type="pytest.skip">src/pymortests/operators.py:339: Suite splitting in effect</skipped></testcase><testcase classname="src.pymortests.operators" file="src/pymortests/operators.py" line="339" name="test_InverseAdjointOperator[&lt;lambda&gt;20]" time="0.00038695335388183594"><skipped message="Suite splitting in effect" type="pytest.skip">src/pymortests/operators.py:339: Suite splitting in effect</skipped></testcase><testcase classname="src.pymortests.operators" file="src/pymortests/operators.py" line="339" name="test_InverseAdjointOperator[&lt;lambda&gt;21]" time="0.00041294097900390625"><skipped message="Suite splitting in effect" type="pytest.skip">src/pymortests/operators.py:339: Suite splitting in effect</skipped></testcase><testcase classname="src.pymortests.operators" file="src/pymortests/operators.py" line="339" name="test_InverseAdjointOperator[&lt;lambda&gt;22]" time="0.00039315223693847656"><skipped message="Suite splitting in effect" type="pytest.skip">src/pymortests/operators.py:339: Suite splitting in effect</skipped></testcase><testcase classname="src.pymortests.operators" file="src/pymortests/operators.py" line="339" name="test_InverseAdjointOperator[&lt;lambda&gt;23]" time="0.00045990943908691406"><skipped message="Suite splitting in effect" type="pytest.skip">src/pymortests/operators.py:339: Suite splitting in effect</skipped></testcase><testcase classname="src.pymortests.operators" file="src/pymortests/operators.py" line="339" name="test_InverseAdjointOperator[&lt;lambda&gt;24]" time="0.00045680999755859375"><skipped message="Suite splitting in effect" type="pytest.skip">src/pymortests/operators.py:339: Suite splitting in effect</skipped></testcase><testcase classname="src.pymortests.operators" file="src/pymortests/operators.py" line="339" name="test_InverseAdjointOperator[&lt;lambda&gt;25]" time="0.0004024505615234375"><skipped message="Suite splitting in effect" type="pytest.skip">src/pymortests/operators.py:339: Suite splitting in effect</skipped></testcase><testcase classname="src.pymortests.operators" file="src/pymortests/operators.py" line="339" name="test_InverseAdjointOperator[&lt;lambda&gt;26]" time="0.00041222572326660156"><skipped message="Suite splitting in effect" type="pytest.skip">src/pymortests/operators.py:339: Suite splitting in effect</skipped></testcase><testcase classname="src.pymortests.operators" file="src/pymortests/operators.py" line="339" name="test_InverseAdjointOperator[&lt;lambda&gt;27]" time="0.0003993511199951172"><skipped message="Suite splitting in effect" type="pytest.skip">src/pymortests/operators.py:339: Suite splitting in effect</skipped></testcase><testcase classname="src.pymortests.operators" file="src/pymortests/operators.py" line="339" name="test_InverseAdjointOperator[&lt;lambda&gt;28]" time="0.0004162788391113281"><skipped message="Suite splitting in effect" type="pytest.skip">src/pymortests/operators.py:339: Suite splitting in effect</skipped></testcase><testcase classname="src.pymortests.operators" file="src/pymortests/operators.py" line="339" name="test_InverseAdjointOperator[&lt;lambda&gt;29]" time="0.00040721893310546875"><skipped message="Suite splitting in effect" type="pytest.skip">src/pymortests/operators.py:339: Suite splitting in effect</skipped></testcase><testcase classname="src.pymortests.operators" file="src/pymortests/operators.py" line="339" name="test_InverseAdjointOperator[&lt;lambda&gt;30]" time="0.0004143714904785156"><skipped message="Suite splitting in effect" type="pytest.skip">src/pymortests/operators.py:339: Suite splitting in effect</skipped></testcase><testcase classname="src.pymortests.operators" file="src/pymortests/operators.py" line="339" name="test_InverseAdjointOperator[&lt;lambda&gt;31]" time="0.0003955364227294922"><skipped message="Suite splitting in effect" type="pytest.skip">src/pymortests/operators.py:339: Suite splitting in effect</skipped></testcase><testcase classname="src.pymortests.operators" file="src/pymortests/operators.py" line="339" name="test_InverseAdjointOperator[&lt;lambda&gt;32]" time="0.00040411949157714844"><skipped message="Suite splitting in effect" type="pytest.skip">src/pymortests/operators.py:339: Suite splitting in effect</skipped></testcase><testcase classname="src.pymortests.operators" file="src/pymortests/operators.py" line="339" name="test_InverseAdjointOperator[&lt;lambda&gt;33]" time="0.0004031658172607422"><skipped message="Suite splitting in effect" type="pytest.skip">src/pymortests/operators.py:339: Suite splitting in effect</skipped></testcase><testcase classname="src.pymortests.operators" file="src/pymortests/operators.py" line="339" name="test_InverseAdjointOperator[&lt;lambda&gt;34]" time="0.00039839744567871094"><skipped message="Suite splitting in effect" type="pytest.skip">src/pymortests/operators.py:339: Suite splitting in effect</skipped></testcase><testcase classname="src.pymortests.operators" file="src/pymortests/operators.py" line="339" name="test_InverseAdjointOperator[&lt;lambda&gt;35]" time="0.00041937828063964844"><skipped message="Suite splitting in effect" type="pytest.skip">src/pymortests/operators.py:339: Suite splitting in effect</skipped></testcase><testcase classname="src.pymortests.operators" file="src/pymortests/operators.py" line="339" name="test_InverseAdjointOperator[&lt;lambda&gt;36]" time="0.000400543212890625"><skipped message="Suite splitting in effect" type="pytest.skip">src/pymortests/operators.py:339: Suite splitting in effect</skipped></testcase><testcase classname="src.pymortests.operators" file="src/pymortests/operators.py" line="339" name="test_InverseAdjointOperator[&lt;lambda&gt;37]" time="0.0004024505615234375"><skipped message="Suite splitting in effect" type="pytest.skip">src/pymortests/operators.py:339: Suite splitting in effect</skipped></testcase><testcase classname="src.pymortests.operators" file="src/pymortests/operators.py" line="339" name="test_InverseAdjointOperator[&lt;lambda&gt;38]" time="0.0004150867462158203"><skipped message="Suite splitting in effect" type="pytest.skip">src/pymortests/operators.py:339: Suite splitting in effect</skipped></testcase><testcase classname="src.pymortests.operators" file="src/pymortests/operators.py" line="339" name="test_InverseAdjointOperator[&lt;lambda&gt;39]" time="0.00040435791015625"><skipped message="Suite splitting in effect" type="pytest.skip">src/pymortests/operators.py:339: Suite splitting in effect</skipped></testcase><testcase classname="src.pymortests.operators" file="src/pymortests/operators.py" line="339" name="test_InverseAdjointOperator[&lt;lambda&gt;40]" time="0.00042700767517089844"><skipped message="Suite splitting in effect" type="pytest.skip">src/pymortests/operators.py:339: Suite splitting in effect</skipped></testcase><testcase classname="src.pymortests.parameters" file="src/pymortests/parameters.py" line="18" name="test_uniform" time="0.00046539306640625"><skipped message="Suite splitting in effect" type="pytest.skip">src/pymortests/parameters.py:18: Suite splitting in effect</skipped></testcase><testcase classname="src.pymortests.parameters" file="src/pymortests/parameters.py" line="25" name="test_randomly" time="0.00039887428283691406"><skipped message="Suite splitting in effect" type="pytest.skip">src/pymortests/parameters.py:25: Suite splitting in effect</skipped></testcase><testcase classname="src.pymortests.playground" file="src/pymortests/playground.py" line="12" name="test_eval" time="0.0004813671112060547"><skipped message="Suite splitting in effect" type="pytest.skip">src/pymortests/playground.py:12: Suite splitting in effect</skipped></testcase><testcase classname="src.pymortests.riccati" file="src/pymortests/riccati.py" line="60" name="test_ricc_lrcf[10-scipy-False-False-False-False-1-1]" time="0.0004630088806152344"><skipped message="Suite splitting in effect" type="pytest.skip">src/pymortests/riccati.py:60: Suite splitting in effect</skipped></testcase><testcase classname="src.pymortests.riccati" file="src/pymortests/riccati.py" line="60" name="test_ricc_lrcf[10-scipy-False-False-False-False-1-2]" time="0.00043511390686035156"><skipped message="Suite splitting in effect" type="pytest.skip">src/pymortests/riccati.py:60: Suite splitting in effect</skipped></testcase><testcase classname="src.pymortests.riccati" file="src/pymortests/riccati.py" line="60" name="test_ricc_lrcf[10-scipy-False-False-False-False-2-1]" time="0.00041294097900390625"><skipped message="Suite splitting in effect" type="pytest.skip">src/pymortests/riccati.py:60: Suite splitting in effect</skipped></testcase><testcase classname="src.pymortests.riccati" file="src/pymortests/riccati.py" line="60" name="test_ricc_lrcf[10-scipy-False-False-False-False-2-2]" time="0.0004439353942871094"><skipped message="Suite splitting in effect" type="pytest.skip">src/pymortests/riccati.py:60: Suite splitting in effect</skipped></testcase><testcase classname="src.pymortests.riccati" file="src/pymortests/riccati.py" line="60" name="test_ricc_lrcf[10-scipy-False-False-False-True-1-1]" time="0.000446319580078125"><skipped message="Suite splitting in effect" type="pytest.skip">src/pymortests/riccati.py:60: Suite splitting in effect</skipped></testcase><testcase classname="src.pymortests.riccati" file="src/pymortests/riccati.py" line="60" name="test_ricc_lrcf[10-scipy-False-False-False-True-1-2]" time="0.0004115104675292969"><skipped message="Suite splitting in effect" type="pytest.skip">src/pymortests/riccati.py:60: Suite splitting in effect</skipped></testcase><testcase classname="src.pymortests.riccati" file="src/pymortests/riccati.py" line="60" name="test_ricc_lrcf[10-scipy-False-False-False-True-2-1]" time="0.00041747093200683594"><skipped message="Suite splitting in effect" type="pytest.skip">src/pymortests/riccati.py:60: Suite splitting in effect</skipped></testcase><testcase classname="src.pymortests.riccati" file="src/pymortests/riccati.py" line="60" name="test_ricc_lrcf[10-scipy-False-False-False-True-2-2]" time="0.0005409717559814453"><skipped message="Suite splitting in effect" type="pytest.skip">src/pymortests/riccati.py:60: Suite splitting in effect</skipped></testcase><testcase classname="src.pymortests.riccati" file="src/pymortests/riccati.py" line="60" name="test_ricc_lrcf[10-scipy-False-True-False-False-1-1]" time="0.0004000663757324219"><skipped message="Suite splitting in effect" type="pytest.skip">src/pymortests/riccati.py:60: Suite splitting in effect</skipped></testcase><testcase classname="src.pymortests.riccati" file="src/pymortests/riccati.py" line="60" name="test_ricc_lrcf[10-scipy-False-True-False-False-1-2]" time="0.00040912628173828125"><skipped message="Suite splitting in effect" type="pytest.skip">src/pymortests/riccati.py:60: Suite splitting in effect</skipped></testcase><testcase classname="src.pymortests.riccati" file="src/pymortests/riccati.py" line="60" name="test_ricc_lrcf[10-scipy-False-True-False-False-2-1]" time="0.0004189014434814453"><skipped message="Suite splitting in effect" type="pytest.skip">src/pymortests/riccati.py:60: Suite splitting in effect</skipped></testcase><testcase classname="src.pymortests.riccati" file="src/pymortests/riccati.py" line="60" name="test_ricc_lrcf[10-scipy-False-True-False-False-2-2]" time="0.000629425048828125"><skipped message="Suite splitting in effect" type="pytest.skip">src/pymortests/riccati.py:60: Suite splitting in effect</skipped></testcase><testcase classname="src.pymortests.riccati" file="src/pymortests/riccati.py" line="60" name="test_ricc_lrcf[10-scipy-False-True-False-True-1-1]" time="0.0004253387451171875"><skipped message="Suite splitting in effect" type="pytest.skip">src/pymortests/riccati.py:60: Suite splitting in effect</skipped></testcase><testcase classname="src.pymortests.riccati" file="src/pymortests/riccati.py" line="60" name="test_ricc_lrcf[10-scipy-False-True-False-True-1-2]" time="0.0003979206085205078"><skipped message="Suite splitting in effect" type="pytest.skip">src/pymortests/riccati.py:60: Suite splitting in effect</skipped></testcase><testcase classname="src.pymortests.riccati" file="src/pymortests/riccati.py" line="60" name="test_ricc_lrcf[10-scipy-False-True-False-True-2-1]" time="0.00043201446533203125"><skipped message="Suite splitting in effect" type="pytest.skip">src/pymortests/riccati.py:60: Suite splitting in effect</skipped></testcase><testcase classname="src.pymortests.riccati" file="src/pymortests/riccati.py" line="60" name="test_ricc_lrcf[10-scipy-False-True-False-True-2-2]" time="0.0003986358642578125"><skipped message="Suite splitting in effect" type="pytest.skip">src/pymortests/riccati.py:60: Suite splitting in effect</skipped></testcase><testcase classname="src.pymortests.riccati" file="src/pymortests/riccati.py" line="60" name="test_ricc_lrcf[10-scipy-False-True-True-False-1-1]" time="0.0004124641418457031"><skipped message="Suite splitting in effect" type="pytest.skip">src/pymortests/riccati.py:60: Suite splitting in effect</skipped></testcase><testcase classname="src.pymortests.riccati" file="src/pymortests/riccati.py" line="60" name="test_ricc_lrcf[10-scipy-False-True-True-False-1-2]" time="0.0004329681396484375"><skipped message="Suite splitting in effect" type="pytest.skip">src/pymortests/riccati.py:60: Suite splitting in effect</skipped></testcase><testcase classname="src.pymortests.riccati" file="src/pymortests/riccati.py" line="60" name="test_ricc_lrcf[10-scipy-False-True-True-False-2-1]" time="0.0004343986511230469"><skipped message="Suite splitting in effect" type="pytest.skip">src/pymortests/riccati.py:60: Suite splitting in effect</skipped></testcase><testcase classname="src.pymortests.riccati" file="src/pymortests/riccati.py" line="60" name="test_ricc_lrcf[10-scipy-False-True-True-False-2-2]" time="0.0004241466522216797"><skipped message="Suite splitting in effect" type="pytest.skip">src/pymortests/riccati.py:60: Suite splitting in effect</skipped></testcase><testcase classname="src.pymortests.riccati" file="src/pymortests/riccati.py" line="60" name="test_ricc_lrcf[10-scipy-False-True-True-True-1-1]" time="0.00041174888610839844"><skipped message="Suite splitting in effect" type="pytest.skip">src/pymortests/riccati.py:60: Suite splitting in effect</skipped></testcase><testcase classname="src.pymortests.riccati" file="src/pymortests/riccati.py" line="60" name="test_ricc_lrcf[10-scipy-False-True-True-True-1-2]" time="0.0004119873046875"><skipped message="Suite splitting in effect" type="pytest.skip">src/pymortests/riccati.py:60: Suite splitting in effect</skipped></testcase><testcase classname="src.pymortests.riccati" file="src/pymortests/riccati.py" line="60" name="test_ricc_lrcf[10-scipy-False-True-True-True-2-1]" time="0.0004189014434814453"><skipped message="Suite splitting in effect" type="pytest.skip">src/pymortests/riccati.py:60: Suite splitting in effect</skipped></testcase><testcase classname="src.pymortests.riccati" file="src/pymortests/riccati.py" line="60" name="test_ricc_lrcf[10-scipy-False-True-True-True-2-2]" time="0.00041675567626953125"><skipped message="Suite splitting in effect" type="pytest.skip">src/pymortests/riccati.py:60: Suite splitting in effect</skipped></testcase><testcase classname="src.pymortests.riccati" file="src/pymortests/riccati.py" line="60" name="test_ricc_lrcf[10-scipy-True-False-False-False-1-1]" time="0.0004448890686035156"><skipped message="Suite splitting in effect" type="pytest.skip">src/pymortests/riccati.py:60: Suite splitting in effect</skipped></testcase><testcase classname="src.pymortests.riccati" file="src/pymortests/riccati.py" line="60" name="test_ricc_lrcf[10-scipy-True-False-False-False-1-2]" time="0.0004112720489501953"><skipped message="Suite splitting in effect" type="pytest.skip">src/pymortests/riccati.py:60: Suite splitting in effect</skipped></testcase><testcase classname="src.pymortests.riccati" file="src/pymortests/riccati.py" line="60" name="test_ricc_lrcf[10-scipy-True-False-False-False-2-1]" time="0.00041604042053222656"><skipped message="Suite splitting in effect" type="pytest.skip">src/pymortests/riccati.py:60: Suite splitting in effect</skipped></testcase><testcase classname="src.pymortests.riccati" file="src/pymortests/riccati.py" line="60" name="test_ricc_lrcf[10-scipy-True-False-False-False-2-2]" time="0.0004076957702636719"><skipped message="Suite splitting in effect" type="pytest.skip">src/pymortests/riccati.py:60: Suite splitting in effect</skipped></testcase><testcase classname="src.pymortests.riccati" file="src/pymortests/riccati.py" line="60" name="test_ricc_lrcf[10-scipy-True-False-False-True-1-1]" time="0.0004229545593261719"><skipped message="Suite splitting in effect" type="pytest.skip">src/pymortests/riccati.py:60: Suite splitting in effect</skipped></testcase><testcase classname="src.pymortests.riccati" file="src/pymortests/riccati.py" line="60" name="test_ricc_lrcf[10-scipy-True-False-False-True-1-2]" time="0.00039505958557128906"><skipped message="Suite splitting in effect" type="pytest.skip">src/pymortests/riccati.py:60: Suite splitting in effect</skipped></testcase><testcase classname="src.pymortests.riccati" file="src/pymortests/riccati.py" line="60" name="test_ricc_lrcf[10-scipy-True-False-False-True-2-1]" time="0.00041961669921875"><skipped message="Suite splitting in effect" type="pytest.skip">src/pymortests/riccati.py:60: Suite splitting in effect</skipped></testcase><testcase classname="src.pymortests.riccati" file="src/pymortests/riccati.py" line="60" name="test_ricc_lrcf[10-scipy-True-False-False-True-2-2]" time="0.00041294097900390625"><skipped message="Suite splitting in effect" type="pytest.skip">src/pymortests/riccati.py:60: Suite splitting in effect</skipped></testcase><testcase classname="src.pymortests.riccati" file="src/pymortests/riccati.py" line="60" name="test_ricc_lrcf[10-scipy-True-True-False-False-1-1]" time="0.0004258155822753906"><skipped message="Suite splitting in effect" type="pytest.skip">src/pymortests/riccati.py:60: Suite splitting in effect</skipped></testcase><testcase classname="src.pymortests.riccati" file="src/pymortests/riccati.py" line="60" name="test_ricc_lrcf[10-scipy-True-True-False-False-1-2]" time="0.00042319297790527344"><skipped message="Suite splitting in effect" type="pytest.skip">src/pymortests/riccati.py:60: Suite splitting in effect</skipped></testcase><testcase classname="src.pymortests.riccati" file="src/pymortests/riccati.py" line="60" name="test_ricc_lrcf[10-scipy-True-True-False-False-2-1]" time="0.0003941059112548828"><skipped message="Suite splitting in effect" type="pytest.skip">src/pymortests/riccati.py:60: Suite splitting in effect</skipped></testcase><testcase classname="src.pymortests.riccati" file="src/pymortests/riccati.py" line="60" name="test_ricc_lrcf[10-scipy-True-True-False-False-2-2]" time="0.00042176246643066406"><skipped message="Suite splitting in effect" type="pytest.skip">src/pymortests/riccati.py:60: Suite splitting in effect</skipped></testcase><testcase classname="src.pymortests.riccati" file="src/pymortests/riccati.py" line="60" name="test_ricc_lrcf[10-scipy-True-True-False-True-1-1]" time="0.0004050731658935547"><skipped message="Suite splitting in effect" type="pytest.skip">src/pymortests/riccati.py:60: Suite splitting in effect</skipped></testcase><testcase classname="src.pymortests.riccati" file="src/pymortests/riccati.py" line="60" name="test_ricc_lrcf[10-scipy-True-True-False-True-1-2]" time="0.0004146099090576172"><skipped message="Suite splitting in effect" type="pytest.skip">src/pymortests/riccati.py:60: Suite splitting in effect</skipped></testcase><testcase classname="src.pymortests.riccati" file="src/pymortests/riccati.py" line="60" name="test_ricc_lrcf[10-scipy-True-True-False-True-2-1]" time="0.00040340423583984375"><skipped message="Suite splitting in effect" type="pytest.skip">src/pymortests/riccati.py:60: Suite splitting in effect</skipped></testcase><testcase classname="src.pymortests.riccati" file="src/pymortests/riccati.py" line="60" name="test_ricc_lrcf[10-scipy-True-True-False-True-2-2]" time="0.0004012584686279297"><skipped message="Suite splitting in effect" type="pytest.skip">src/pymortests/riccati.py:60: Suite splitting in effect</skipped></testcase><testcase classname="src.pymortests.riccati" file="src/pymortests/riccati.py" line="60" name="test_ricc_lrcf[10-scipy-True-True-True-False-1-1]" time="0.0004036426544189453"><skipped message="Suite splitting in effect" type="pytest.skip">src/pymortests/riccati.py:60: Suite splitting in effect</skipped></testcase><testcase classname="src.pymortests.riccati" file="src/pymortests/riccati.py" line="60" name="test_ricc_lrcf[10-scipy-True-True-True-False-1-2]" time="0.0004324913024902344"><skipped message="Suite splitting in effect" type="pytest.skip">src/pymortests/riccati.py:60: Suite splitting in effect</skipped></testcase><testcase classname="src.pymortests.riccati" file="src/pymortests/riccati.py" line="60" name="test_ricc_lrcf[10-scipy-True-True-True-False-2-1]" time="0.00040841102600097656"><skipped message="Suite splitting in effect" type="pytest.skip">src/pymortests/riccati.py:60: Suite splitting in effect</skipped></testcase><testcase classname="src.pymortests.riccati" file="src/pymortests/riccati.py" line="60" name="test_ricc_lrcf[10-scipy-True-True-True-False-2-2]" time="0.0004253387451171875"><skipped message="Suite splitting in effect" type="pytest.skip">src/pymortests/riccati.py:60: Suite splitting in effect</skipped></testcase><testcase classname="src.pymortests.riccati" file="src/pymortests/riccati.py" line="60" name="test_ricc_lrcf[10-scipy-True-True-True-True-1-1]" time="0.0004105567932128906"><skipped message="Suite splitting in effect" type="pytest.skip">src/pymortests/riccati.py:60: Suite splitting in effect</skipped></testcase><testcase classname="src.pymortests.riccati" file="src/pymortests/riccati.py" line="60" name="test_ricc_lrcf[10-scipy-True-True-True-True-1-2]" time="0.00042939186096191406"><skipped message="Suite splitting in effect" type="pytest.skip">src/pymortests/riccati.py:60: Suite splitting in effect</skipped></testcase><testcase classname="src.pymortests.riccati" file="src/pymortests/riccati.py" line="60" name="test_ricc_lrcf[10-scipy-True-True-True-True-2-1]" time="0.0003962516784667969"><skipped message="Suite splitting in effect" type="pytest.skip">src/pymortests/riccati.py:60: Suite splitting in effect</skipped></testcase><testcase classname="src.pymortests.riccati" file="src/pymortests/riccati.py" line="60" name="test_ricc_lrcf[10-scipy-True-True-True-True-2-2]" time="0.00041413307189941406"><skipped message="Suite splitting in effect" type="pytest.skip">src/pymortests/riccati.py:60: Suite splitting in effect</skipped></testcase><testcase classname="src.pymortests.riccati" file="src/pymortests/riccati.py" line="60" name="test_ricc_lrcf[10-slycot-False-False-False-False-1-1]" time="0.0003972053527832031"><skipped message="Suite splitting in effect" type="pytest.skip">src/pymortests/riccati.py:60: Suite splitting in effect</skipped></testcase><testcase classname="src.pymortests.riccati" file="src/pymortests/riccati.py" line="60" name="test_ricc_lrcf[10-slycot-False-False-False-False-1-2]" time="0.0004298686981201172"><skipped message="Suite splitting in effect" type="pytest.skip">src/pymortests/riccati.py:60: Suite splitting in effect</skipped></testcase><testcase classname="src.pymortests.riccati" file="src/pymortests/riccati.py" line="60" name="test_ricc_lrcf[10-slycot-False-False-False-False-2-1]" time="0.00043964385986328125"><skipped message="Suite splitting in effect" type="pytest.skip">src/pymortests/riccati.py:60: Suite splitting in effect</skipped></testcase><testcase classname="src.pymortests.riccati" file="src/pymortests/riccati.py" line="60" name="test_ricc_lrcf[10-slycot-False-False-False-False-2-2]" time="0.00039768218994140625"><skipped message="Suite splitting in effect" type="pytest.skip">src/pymortests/riccati.py:60: Suite splitting in effect</skipped></testcase><testcase classname="src.pymortests.riccati" file="src/pymortests/riccati.py" line="60" name="test_ricc_lrcf[10-slycot-False-False-False-True-1-1]" time="0.0004067420959472656"><skipped message="Suite splitting in effect" type="pytest.skip">src/pymortests/riccati.py:60: Suite splitting in effect</skipped></testcase><testcase classname="src.pymortests.riccati" file="src/pymortests/riccati.py" line="60" name="test_ricc_lrcf[10-slycot-False-False-False-True-1-2]" time="0.0004012584686279297"><skipped message="Suite splitting in effect" type="pytest.skip">src/pymortests/riccati.py:60: Suite splitting in effect</skipped></testcase><testcase classname="src.pymortests.riccati" file="src/pymortests/riccati.py" line="60" name="test_ricc_lrcf[10-slycot-False-False-False-True-2-1]" time="0.00042557716369628906"><skipped message="Suite splitting in effect" type="pytest.skip">src/pymortests/riccati.py:60: Suite splitting in effect</skipped></testcase><testcase classname="src.pymortests.riccati" file="src/pymortests/riccati.py" line="60" name="test_ricc_lrcf[10-slycot-False-False-False-True-2-2]" time="0.0004661083221435547"><skipped message="Suite splitting in effect" type="pytest.skip">src/pymortests/riccati.py:60: Suite splitting in effect</skipped></testcase><testcase classname="src.pymortests.riccati" file="src/pymortests/riccati.py" line="60" name="test_ricc_lrcf[10-slycot-False-True-False-False-1-1]" time="0.00040984153747558594"><skipped message="Suite splitting in effect" type="pytest.skip">src/pymortests/riccati.py:60: Suite splitting in effect</skipped></testcase><testcase classname="src.pymortests.riccati" file="src/pymortests/riccati.py" line="60" name="test_ricc_lrcf[10-slycot-False-True-False-False-1-2]" time="0.0004458427429199219"><skipped message="Suite splitting in effect" type="pytest.skip">src/pymortests/riccati.py:60: Suite splitting in effect</skipped></testcase><testcase classname="src.pymortests.riccati" file="src/pymortests/riccati.py" line="60" name="test_ricc_lrcf[10-slycot-False-True-False-False-2-1]" time="0.00039386749267578125"><skipped message="Suite splitting in effect" type="pytest.skip">src/pymortests/riccati.py:60: Suite splitting in effect</skipped></testcase><testcase classname="src.pymortests.riccati" file="src/pymortests/riccati.py" line="60" name="test_ricc_lrcf[10-slycot-False-True-False-False-2-2]" time="0.00042057037353515625"><skipped message="Suite splitting in effect" type="pytest.skip">src/pymortests/riccati.py:60: Suite splitting in effect</skipped></testcase><testcase classname="src.pymortests.riccati" file="src/pymortests/riccati.py" line="60" name="test_ricc_lrcf[10-slycot-False-True-False-True-1-1]" time="0.00038695335388183594"><skipped message="Suite splitting in effect" type="pytest.skip">src/pymortests/riccati.py:60: Suite splitting in effect</skipped></testcase><testcase classname="src.pymortests.riccati" file="src/pymortests/riccati.py" line="60" name="test_ricc_lrcf[10-slycot-False-True-False-True-1-2]" time="0.0004239082336425781"><skipped message="Suite splitting in effect" type="pytest.skip">src/pymortests/riccati.py:60: Suite splitting in effect</skipped></testcase><testcase classname="src.pymortests.riccati" file="src/pymortests/riccati.py" line="60" name="test_ricc_lrcf[10-slycot-False-True-False-True-2-1]" time="0.0004036426544189453"><skipped message="Suite splitting in effect" type="pytest.skip">src/pymortests/riccati.py:60: Suite splitting in effect</skipped></testcase><testcase classname="src.pymortests.riccati" file="src/pymortests/riccati.py" line="60" name="test_ricc_lrcf[10-slycot-False-True-False-True-2-2]" time="0.00048422813415527344"><skipped message="Suite splitting in effect" type="pytest.skip">src/pymortests/riccati.py:60: Suite splitting in effect</skipped></testcase><testcase classname="src.pymortests.riccati" file="src/pymortests/riccati.py" line="60" name="test_ricc_lrcf[10-slycot-False-True-True-False-1-1]" time="0.0003981590270996094"><skipped message="Suite splitting in effect" type="pytest.skip">src/pymortests/riccati.py:60: Suite splitting in effect</skipped></testcase><testcase classname="src.pymortests.riccati" file="src/pymortests/riccati.py" line="60" name="test_ricc_lrcf[10-slycot-False-True-True-False-1-2]" time="0.0005080699920654297"><skipped message="Suite splitting in effect" type="pytest.skip">src/pymortests/riccati.py:60: Suite splitting in effect</skipped></testcase><testcase classname="src.pymortests.riccati" file="src/pymortests/riccati.py" line="60" name="test_ricc_lrcf[10-slycot-False-True-True-False-2-1]" time="0.0004203319549560547"><skipped message="Suite splitting in effect" type="pytest.skip">src/pymortests/riccati.py:60: Suite splitting in effect</skipped></testcase><testcase classname="src.pymortests.riccati" file="src/pymortests/riccati.py" line="60" name="test_ricc_lrcf[10-slycot-False-True-True-False-2-2]" time="0.0004031658172607422"><skipped message="Suite splitting in effect" type="pytest.skip">src/pymortests/riccati.py:60: Suite splitting in effect</skipped></testcase><testcase classname="src.pymortests.riccati" file="src/pymortests/riccati.py" line="60" name="test_ricc_lrcf[10-slycot-False-True-True-True-1-1]" time="0.0004258155822753906"><skipped message="Suite splitting in effect" type="pytest.skip">src/pymortests/riccati.py:60: Suite splitting in effect</skipped></testcase><testcase classname="src.pymortests.riccati" file="src/pymortests/riccati.py" line="60" name="test_ricc_lrcf[10-slycot-False-True-True-True-1-2]" time="0.0003943443298339844"><skipped message="Suite splitting in effect" type="pytest.skip">src/pymortests/riccati.py:60: Suite splitting in effect</skipped></testcase><testcase classname="src.pymortests.riccati" file="src/pymortests/riccati.py" line="60" name="test_ricc_lrcf[10-slycot-False-True-True-True-2-1]" time="0.0005669593811035156"><skipped message="Suite splitting in effect" type="pytest.skip">src/pymortests/riccati.py:60: Suite splitting in effect</skipped></testcase><testcase classname="src.pymortests.riccati" file="src/pymortests/riccati.py" line="60" name="test_ricc_lrcf[10-slycot-False-True-True-True-2-2]" time="0.00039076805114746094"><skipped message="Suite splitting in effect" type="pytest.skip">src/pymortests/riccati.py:60: Suite splitting in effect</skipped></testcase><testcase classname="src.pymortests.riccati" file="src/pymortests/riccati.py" line="60" name="test_ricc_lrcf[10-slycot-True-False-False-False-1-1]" time="0.00043320655822753906"><skipped message="Suite splitting in effect" type="pytest.skip">src/pymortests/riccati.py:60: Suite splitting in effect</skipped></testcase><testcase classname="src.pymortests.riccati" file="src/pymortests/riccati.py" line="60" name="test_ricc_lrcf[10-slycot-True-False-False-False-1-2]" time="0.0003993511199951172"><skipped message="Suite splitting in effect" type="pytest.skip">src/pymortests/riccati.py:60: Suite splitting in effect</skipped></testcase><testcase classname="src.pymortests.riccati" file="src/pymortests/riccati.py" line="60" name="test_ricc_lrcf[10-slycot-True-False-False-False-2-1]" time="0.00042819976806640625"><skipped message="Suite splitting in effect" type="pytest.skip">src/pymortests/riccati.py:60: Suite splitting in effect</skipped></testcase><testcase classname="src.pymortests.riccati" file="src/pymortests/riccati.py" line="60" name="test_ricc_lrcf[10-slycot-True-False-False-False-2-2]" time="0.00041413307189941406"><skipped message="Suite splitting in effect" type="pytest.skip">src/pymortests/riccati.py:60: Suite splitting in effect</skipped></testcase><testcase classname="src.pymortests.riccati" file="src/pymortests/riccati.py" line="60" name="test_ricc_lrcf[10-slycot-True-False-False-True-1-1]" time="0.0004341602325439453"><skipped message="Suite splitting in effect" type="pytest.skip">src/pymortests/riccati.py:60: Suite splitting in effect</skipped></testcase><testcase classname="src.pymortests.riccati" file="src/pymortests/riccati.py" line="60" name="test_ricc_lrcf[10-slycot-True-False-False-True-1-2]" time="0.0004127025604248047"><skipped message="Suite splitting in effect" type="pytest.skip">src/pymortests/riccati.py:60: Suite splitting in effect</skipped></testcase><testcase classname="src.pymortests.riccati" file="src/pymortests/riccati.py" line="60" name="test_ricc_lrcf[10-slycot-True-False-False-True-2-1]" time="0.00041294097900390625"><skipped message="Suite splitting in effect" type="pytest.skip">src/pymortests/riccati.py:60: Suite splitting in effect</skipped></testcase><testcase classname="src.pymortests.riccati" file="src/pymortests/riccati.py" line="60" name="test_ricc_lrcf[10-slycot-True-False-False-True-2-2]" time="0.0004119873046875"><skipped message="Suite splitting in effect" type="pytest.skip">src/pymortests/riccati.py:60: Suite splitting in effect</skipped></testcase><testcase classname="src.pymortests.riccati" file="src/pymortests/riccati.py" line="60" name="test_ricc_lrcf[10-slycot-True-True-False-False-1-1]" time="0.0004169940948486328"><skipped message="Suite splitting in effect" type="pytest.skip">src/pymortests/riccati.py:60: Suite splitting in effect</skipped></testcase><testcase classname="src.pymortests.riccati" file="src/pymortests/riccati.py" line="60" name="test_ricc_lrcf[10-slycot-True-True-False-False-1-2]" time="0.0003910064697265625"><skipped message="Suite splitting in effect" type="pytest.skip">src/pymortests/riccati.py:60: Suite splitting in effect</skipped></testcase><testcase classname="src.pymortests.riccati" file="src/pymortests/riccati.py" line="60" name="test_ricc_lrcf[10-slycot-True-True-False-False-2-1]" time="0.0004398822784423828"><skipped message="Suite splitting in effect" type="pytest.skip">src/pymortests/riccati.py:60: Suite splitting in effect</skipped></testcase><testcase classname="src.pymortests.riccati" file="src/pymortests/riccati.py" line="60" name="test_ricc_lrcf[10-slycot-True-True-False-False-2-2]" time="0.000415802001953125"><skipped message="Suite splitting in effect" type="pytest.skip">src/pymortests/riccati.py:60: Suite splitting in effect</skipped></testcase><testcase classname="src.pymortests.riccati" file="src/pymortests/riccati.py" line="60" name="test_ricc_lrcf[10-slycot-True-True-False-True-1-1]" time="0.0004119873046875"><skipped message="Suite splitting in effect" type="pytest.skip">src/pymortests/riccati.py:60: Suite splitting in effect</skipped></testcase><testcase classname="src.pymortests.riccati" file="src/pymortests/riccati.py" line="60" name="test_ricc_lrcf[10-slycot-True-True-False-True-1-2]" time="0.0004127025604248047"><skipped message="Suite splitting in effect" type="pytest.skip">src/pymortests/riccati.py:60: Suite splitting in effect</skipped></testcase><testcase classname="src.pymortests.riccati" file="src/pymortests/riccati.py" line="60" name="test_ricc_lrcf[10-slycot-True-True-False-True-2-1]" time="0.0004134178161621094"><skipped message="Suite splitting in effect" type="pytest.skip">src/pymortests/riccati.py:60: Suite splitting in effect</skipped></testcase><testcase classname="src.pymortests.riccati" file="src/pymortests/riccati.py" line="60" name="test_ricc_lrcf[10-slycot-True-True-False-True-2-2]" time="0.00039887428283691406"><skipped message="Suite splitting in effect" type="pytest.skip">src/pymortests/riccati.py:60: Suite splitting in effect</skipped></testcase><testcase classname="src.pymortests.riccati" file="src/pymortests/riccati.py" line="60" name="test_ricc_lrcf[10-slycot-True-True-True-False-1-1]" time="0.0004413127899169922"><skipped message="Suite splitting in effect" type="pytest.skip">src/pymortests/riccati.py:60: Suite splitting in effect</skipped></testcase><testcase classname="src.pymortests.riccati" file="src/pymortests/riccati.py" line="60" name="test_ricc_lrcf[10-slycot-True-True-True-False-1-2]" time="0.0004162788391113281"><skipped message="Suite splitting in effect" type="pytest.skip">src/pymortests/riccati.py:60: Suite splitting in effect</skipped></testcase><testcase classname="src.pymortests.riccati" file="src/pymortests/riccati.py" line="60" name="test_ricc_lrcf[10-slycot-True-True-True-False-2-1]" time="0.0003979206085205078"><skipped message="Suite splitting in effect" type="pytest.skip">src/pymortests/riccati.py:60: Suite splitting in effect</skipped></testcase><testcase classname="src.pymortests.riccati" file="src/pymortests/riccati.py" line="60" name="test_ricc_lrcf[10-slycot-True-True-True-False-2-2]" time="0.000560760498046875"><skipped message="Suite splitting in effect" type="pytest.skip">src/pymortests/riccati.py:60: Suite splitting in effect</skipped></testcase><testcase classname="src.pymortests.riccati" file="src/pymortests/riccati.py" line="60" name="test_ricc_lrcf[10-slycot-True-True-True-True-1-1]" time="0.0003876686096191406"><skipped message="Suite splitting in effect" type="pytest.skip">src/pymortests/riccati.py:60: Suite splitting in effect</skipped></testcase><testcase classname="src.pymortests.riccati" file="src/pymortests/riccati.py" line="60" name="test_ricc_lrcf[10-slycot-True-True-True-True-1-2]" time="0.0004258155822753906"><skipped message="Suite splitting in effect" type="pytest.skip">src/pymortests/riccati.py:60: Suite splitting in effect</skipped></testcase><testcase classname="src.pymortests.riccati" file="src/pymortests/riccati.py" line="60" name="test_ricc_lrcf[10-slycot-True-True-True-True-2-1]" time="0.0003933906555175781"><skipped message="Suite splitting in effect" type="pytest.skip">src/pymortests/riccati.py:60: Suite splitting in effect</skipped></testcase><testcase classname="src.pymortests.riccati" file="src/pymortests/riccati.py" line="60" name="test_ricc_lrcf[10-slycot-True-True-True-True-2-2]" time="0.00040721893310546875"><skipped message="Suite splitting in effect" type="pytest.skip">src/pymortests/riccati.py:60: Suite splitting in effect</skipped></testcase><testcase classname="src.pymortests.riccati" file="src/pymortests/riccati.py" line="60" name="test_ricc_lrcf[10-pymess_dense_nm_gmpcare-False-False-False-False-1-1]" time="0.0004181861877441406"><skipped message="Suite splitting in effect" type="pytest.skip">src/pymortests/riccati.py:60: Suite splitting in effect</skipped></testcase><testcase classname="src.pymortests.riccati" file="src/pymortests/riccati.py" line="60" name="test_ricc_lrcf[10-pymess_dense_nm_gmpcare-False-False-False-False-1-2]" time="0.0004553794860839844"><skipped message="Suite splitting in effect" type="pytest.skip">src/pymortests/riccati.py:60: Suite splitting in effect</skipped></testcase><testcase classname="src.pymortests.riccati" file="src/pymortests/riccati.py" line="60" name="test_ricc_lrcf[10-pymess_dense_nm_gmpcare-False-False-False-False-2-1]" time="0.00039649009704589844"><skipped message="Suite splitting in effect" type="pytest.skip">src/pymortests/riccati.py:60: Suite splitting in effect</skipped></testcase><testcase classname="src.pymortests.riccati" file="src/pymortests/riccati.py" line="60" name="test_ricc_lrcf[10-pymess_dense_nm_gmpcare-False-False-False-False-2-2]" time="0.00040340423583984375"><skipped message="Suite splitting in effect" type="pytest.skip">src/pymortests/riccati.py:60: Suite splitting in effect</skipped></testcase><testcase classname="src.pymortests.riccati" file="src/pymortests/riccati.py" line="60" name="test_ricc_lrcf[10-pymess_dense_nm_gmpcare-False-False-False-True-1-1]" time="0.0004131793975830078"><skipped message="Suite splitting in effect" type="pytest.skip">src/pymortests/riccati.py:60: Suite splitting in effect</skipped></testcase><testcase classname="src.pymortests.riccati" file="src/pymortests/riccati.py" line="60" name="test_ricc_lrcf[10-pymess_dense_nm_gmpcare-False-False-False-True-1-2]" time="0.0004105567932128906"><skipped message="Suite splitting in effect" type="pytest.skip">src/pymortests/riccati.py:60: Suite splitting in effect</skipped></testcase><testcase classname="src.pymortests.riccati" file="src/pymortests/riccati.py" line="60" name="test_ricc_lrcf[10-pymess_dense_nm_gmpcare-False-False-False-True-2-1]" time="0.0004076957702636719"><skipped message="Suite splitting in effect" type="pytest.skip">src/pymortests/riccati.py:60: Suite splitting in effect</skipped></testcase><testcase classname="src.pymortests.riccati" file="src/pymortests/riccati.py" line="60" name="test_ricc_lrcf[10-pymess_dense_nm_gmpcare-False-False-False-True-2-2]" time="0.00041556358337402344"><skipped message="Suite splitting in effect" type="pytest.skip">src/pymortests/riccati.py:60: Suite splitting in effect</skipped></testcase><testcase classname="src.pymortests.riccati" file="src/pymortests/riccati.py" line="60" name="test_ricc_lrcf[10-pymess_dense_nm_gmpcare-False-True-False-False-1-1]" time="0.0003871917724609375"><skipped message="Suite splitting in effect" type="pytest.skip">src/pymortests/riccati.py:60: Suite splitting in effect</skipped></testcase><testcase classname="src.pymortests.riccati" file="src/pymortests/riccati.py" line="60" name="test_ricc_lrcf[10-pymess_dense_nm_gmpcare-False-True-False-False-1-2]" time="0.0004684925079345703"><skipped message="Suite splitting in effect" type="pytest.skip">src/pymortests/riccati.py:60: Suite splitting in effect</skipped></testcase><testcase classname="src.pymortests.riccati" file="src/pymortests/riccati.py" line="60" name="test_ricc_lrcf[10-pymess_dense_nm_gmpcare-False-True-False-False-2-1]" time="0.00039505958557128906"><skipped message="Suite splitting in effect" type="pytest.skip">src/pymortests/riccati.py:60: Suite splitting in effect</skipped></testcase><testcase classname="src.pymortests.riccati" file="src/pymortests/riccati.py" line="60" name="test_ricc_lrcf[10-pymess_dense_nm_gmpcare-False-True-False-False-2-2]" time="0.0004181861877441406"><skipped message="Suite splitting in effect" type="pytest.skip">src/pymortests/riccati.py:60: Suite splitting in effect</skipped></testcase><testcase classname="src.pymortests.riccati" file="src/pymortests/riccati.py" line="60" name="test_ricc_lrcf[10-pymess_dense_nm_gmpcare-False-True-False-True-1-1]" time="0.0004169940948486328"><skipped message="Suite splitting in effect" type="pytest.skip">src/pymortests/riccati.py:60: Suite splitting in effect</skipped></testcase><testcase classname="src.pymortests.riccati" file="src/pymortests/riccati.py" line="60" name="test_ricc_lrcf[10-pymess_dense_nm_gmpcare-False-True-False-True-1-2]" time="0.00042128562927246094"><skipped message="Suite splitting in effect" type="pytest.skip">src/pymortests/riccati.py:60: Suite splitting in effect</skipped></testcase><testcase classname="src.pymortests.riccati" file="src/pymortests/riccati.py" line="60" name="test_ricc_lrcf[10-pymess_dense_nm_gmpcare-False-True-False-True-2-1]" time="0.00043487548828125"><skipped message="Suite splitting in effect" type="pytest.skip">src/pymortests/riccati.py:60: Suite splitting in effect</skipped></testcase><testcase classname="src.pymortests.riccati" file="src/pymortests/riccati.py" line="60" name="test_ricc_lrcf[10-pymess_dense_nm_gmpcare-False-True-False-True-2-2]" time="0.00040984153747558594"><skipped message="Suite splitting in effect" type="pytest.skip">src/pymortests/riccati.py:60: Suite splitting in effect</skipped></testcase><testcase classname="src.pymortests.riccati" file="src/pymortests/riccati.py" line="60" name="test_ricc_lrcf[10-pymess_dense_nm_gmpcare-False-True-True-False-1-1]" time="0.0004177093505859375"><skipped message="Suite splitting in effect" type="pytest.skip">src/pymortests/riccati.py:60: Suite splitting in effect</skipped></testcase><testcase classname="src.pymortests.riccati" file="src/pymortests/riccati.py" line="60" name="test_ricc_lrcf[10-pymess_dense_nm_gmpcare-False-True-True-False-1-2]" time="0.0004336833953857422"><skipped message="Suite splitting in effect" type="pytest.skip">src/pymortests/riccati.py:60: Suite splitting in effect</skipped></testcase><testcase classname="src.pymortests.riccati" file="src/pymortests/riccati.py" line="60" name="test_ricc_lrcf[10-pymess_dense_nm_gmpcare-False-True-True-False-2-1]" time="0.0006887912750244141"><skipped message="Suite splitting in effect" type="pytest.skip">src/pymortests/riccati.py:60: Suite splitting in effect</skipped></testcase><testcase classname="src.pymortests.riccati" file="src/pymortests/riccati.py" line="60" name="test_ricc_lrcf[10-pymess_dense_nm_gmpcare-False-True-True-False-2-2]" time="0.001135110855102539"><skipped message="Suite splitting in effect" type="pytest.skip">src/pymortests/riccati.py:60: Suite splitting in effect</skipped></testcase><testcase classname="src.pymortests.riccati" file="src/pymortests/riccati.py" line="60" name="test_ricc_lrcf[10-pymess_dense_nm_gmpcare-False-True-True-True-1-1]" time="0.0004208087921142578"><skipped message="Suite splitting in effect" type="pytest.skip">src/pymortests/riccati.py:60: Suite splitting in effect</skipped></testcase><testcase classname="src.pymortests.riccati" file="src/pymortests/riccati.py" line="60" name="test_ricc_lrcf[10-pymess_dense_nm_gmpcare-False-True-True-True-1-2]" time="0.0004341602325439453"><skipped message="Suite splitting in effect" type="pytest.skip">src/pymortests/riccati.py:60: Suite splitting in effect</skipped></testcase><testcase classname="src.pymortests.riccati" file="src/pymortests/riccati.py" line="60" name="test_ricc_lrcf[10-pymess_dense_nm_gmpcare-False-True-True-True-2-1]" time="0.0004203319549560547"><skipped message="Suite splitting in effect" type="pytest.skip">src/pymortests/riccati.py:60: Suite splitting in effect</skipped></testcase><testcase classname="src.pymortests.riccati" file="src/pymortests/riccati.py" line="60" name="test_ricc_lrcf[10-pymess_dense_nm_gmpcare-False-True-True-True-2-2]" time="0.0004048347473144531"><skipped message="Suite splitting in effect" type="pytest.skip">src/pymortests/riccati.py:60: Suite splitting in effect</skipped></testcase><testcase classname="src.pymortests.riccati" file="src/pymortests/riccati.py" line="60" name="test_ricc_lrcf[10-pymess_dense_nm_gmpcare-True-False-False-False-1-1]" time="0.00041556358337402344"><skipped message="Suite splitting in effect" type="pytest.skip">src/pymortests/riccati.py:60: Suite splitting in effect</skipped></testcase><testcase classname="src.pymortests.riccati" file="src/pymortests/riccati.py" line="60" name="test_ricc_lrcf[10-pymess_dense_nm_gmpcare-True-False-False-False-1-2]" time="0.0004105567932128906"><skipped message="Suite splitting in effect" type="pytest.skip">src/pymortests/riccati.py:60: Suite splitting in effect</skipped></testcase><testcase classname="src.pymortests.riccati" file="src/pymortests/riccati.py" line="60" name="test_ricc_lrcf[10-pymess_dense_nm_gmpcare-True-False-False-False-2-1]" time="0.00042176246643066406"><skipped message="Suite splitting in effect" type="pytest.skip">src/pymortests/riccati.py:60: Suite splitting in effect</skipped></testcase><testcase classname="src.pymortests.riccati" file="src/pymortests/riccati.py" line="60" name="test_ricc_lrcf[10-pymess_dense_nm_gmpcare-True-False-False-False-2-2]" time="0.0004150867462158203"><skipped message="Suite splitting in effect" type="pytest.skip">src/pymortests/riccati.py:60: Suite splitting in effect</skipped></testcase><testcase classname="src.pymortests.riccati" file="src/pymortests/riccati.py" line="60" name="test_ricc_lrcf[10-pymess_dense_nm_gmpcare-True-False-False-True-1-1]" time="0.0004177093505859375"><skipped message="Suite splitting in effect" type="pytest.skip">src/pymortests/riccati.py:60: Suite splitting in effect</skipped></testcase><testcase classname="src.pymortests.riccati" file="src/pymortests/riccati.py" line="60" name="test_ricc_lrcf[10-pymess_dense_nm_gmpcare-True-False-False-True-1-2]" time="0.00039196014404296875"><skipped message="Suite splitting in effect" type="pytest.skip">src/pymortests/riccati.py:60: Suite splitting in effect</skipped></testcase><testcase classname="src.pymortests.riccati" file="src/pymortests/riccati.py" line="60" name="test_ricc_lrcf[10-pymess_dense_nm_gmpcare-True-False-False-True-2-1]" time="0.0004210472106933594"><skipped message="Suite splitting in effect" type="pytest.skip">src/pymortests/riccati.py:60: Suite splitting in effect</skipped></testcase><testcase classname="src.pymortests.riccati" file="src/pymortests/riccati.py" line="60" name="test_ricc_lrcf[10-pymess_dense_nm_gmpcare-True-False-False-True-2-2]" time="0.00039768218994140625"><skipped message="Suite splitting in effect" type="pytest.skip">src/pymortests/riccati.py:60: Suite splitting in effect</skipped></testcase><testcase classname="src.pymortests.riccati" file="src/pymortests/riccati.py" line="60" name="test_ricc_lrcf[10-pymess_dense_nm_gmpcare-True-True-False-False-1-1]" time="0.0004172325134277344"><skipped message="Suite splitting in effect" type="pytest.skip">src/pymortests/riccati.py:60: Suite splitting in effect</skipped></testcase><testcase classname="src.pymortests.riccati" file="src/pymortests/riccati.py" line="60" name="test_ricc_lrcf[10-pymess_dense_nm_gmpcare-True-True-False-False-1-2]" time="0.00044155120849609375"><skipped message="Suite splitting in effect" type="pytest.skip">src/pymortests/riccati.py:60: Suite splitting in effect</skipped></testcase><testcase classname="src.pymortests.riccati" file="src/pymortests/riccati.py" line="60" name="test_ricc_lrcf[10-pymess_dense_nm_gmpcare-True-True-False-False-2-1]" time="0.0004055500030517578"><skipped message="Suite splitting in effect" type="pytest.skip">src/pymortests/riccati.py:60: Suite splitting in effect</skipped></testcase><testcase classname="src.pymortests.riccati" file="src/pymortests/riccati.py" line="60" name="test_ricc_lrcf[10-pymess_dense_nm_gmpcare-True-True-False-False-2-2]" time="0.0003991127014160156"><skipped message="Suite splitting in effect" type="pytest.skip">src/pymortests/riccati.py:60: Suite splitting in effect</skipped></testcase><testcase classname="src.pymortests.riccati" file="src/pymortests/riccati.py" line="60" name="test_ricc_lrcf[10-pymess_dense_nm_gmpcare-True-True-False-True-1-1]" time="0.0005435943603515625"><skipped message="Suite splitting in effect" type="pytest.skip">src/pymortests/riccati.py:60: Suite splitting in effect</skipped></testcase><testcase classname="src.pymortests.riccati" file="src/pymortests/riccati.py" line="60" name="test_ricc_lrcf[10-pymess_dense_nm_gmpcare-True-True-False-True-1-2]" time="0.0004115104675292969"><skipped message="Suite splitting in effect" type="pytest.skip">src/pymortests/riccati.py:60: Suite splitting in effect</skipped></testcase><testcase classname="src.pymortests.riccati" file="src/pymortests/riccati.py" line="60" name="test_ricc_lrcf[10-pymess_dense_nm_gmpcare-True-True-False-True-2-1]" time="0.00040793418884277344"><skipped message="Suite splitting in effect" type="pytest.skip">src/pymortests/riccati.py:60: Suite splitting in effect</skipped></testcase><testcase classname="src.pymortests.riccati" file="src/pymortests/riccati.py" line="60" name="test_ricc_lrcf[10-pymess_dense_nm_gmpcare-True-True-False-True-2-2]" time="0.00040149688720703125"><skipped message="Suite splitting in effect" type="pytest.skip">src/pymortests/riccati.py:60: Suite splitting in effect</skipped></testcase><testcase classname="src.pymortests.riccati" file="src/pymortests/riccati.py" line="60" name="test_ricc_lrcf[10-pymess_dense_nm_gmpcare-True-True-True-False-1-1]" time="0.0004119873046875"><skipped message="Suite splitting in effect" type="pytest.skip">src/pymortests/riccati.py:60: Suite splitting in effect</skipped></testcase><testcase classname="src.pymortests.riccati" file="src/pymortests/riccati.py" line="60" name="test_ricc_lrcf[10-pymess_dense_nm_gmpcare-True-True-True-False-1-2]" time="0.0004436969757080078"><skipped message="Suite splitting in effect" type="pytest.skip">src/pymortests/riccati.py:60: Suite splitting in effect</skipped></testcase><testcase classname="src.pymortests.riccati" file="src/pymortests/riccati.py" line="60" name="test_ricc_lrcf[10-pymess_dense_nm_gmpcare-True-True-True-False-2-1]" time="0.0003955364227294922"><skipped message="Suite splitting in effect" type="pytest.skip">src/pymortests/riccati.py:60: Suite splitting in effect</skipped></testcase><testcase classname="src.pymortests.riccati" file="src/pymortests/riccati.py" line="60" name="test_ricc_lrcf[10-pymess_dense_nm_gmpcare-True-True-True-False-2-2]" time="0.0004355907440185547"><skipped message="Suite splitting in effect" type="pytest.skip">src/pymortests/riccati.py:60: Suite splitting in effect</skipped></testcase><testcase classname="src.pymortests.riccati" file="src/pymortests/riccati.py" line="60" name="test_ricc_lrcf[10-pymess_dense_nm_gmpcare-True-True-True-True-1-1]" time="0.00039458274841308594"><skipped message="Suite splitting in effect" type="pytest.skip">src/pymortests/riccati.py:60: Suite splitting in effect</skipped></testcase><testcase classname="src.pymortests.riccati" file="src/pymortests/riccati.py" line="60" name="test_ricc_lrcf[10-pymess_dense_nm_gmpcare-True-True-True-True-1-2]" time="0.0004057884216308594"><skipped message="Suite splitting in effect" type="pytest.skip">src/pymortests/riccati.py:60: Suite splitting in effect</skipped></testcase><testcase classname="src.pymortests.riccati" file="src/pymortests/riccati.py" line="60" name="test_ricc_lrcf[10-pymess_dense_nm_gmpcare-True-True-True-True-2-1]" time="0.0004169940948486328"><skipped message="Suite splitting in effect" type="pytest.skip">src/pymortests/riccati.py:60: Suite splitting in effect</skipped></testcase><testcase classname="src.pymortests.riccati" file="src/pymortests/riccati.py" line="60" name="test_ricc_lrcf[10-pymess_dense_nm_gmpcare-True-True-True-True-2-2]" time="0.0004253387451171875"><skipped message="Suite splitting in effect" type="pytest.skip">src/pymortests/riccati.py:60: Suite splitting in effect</skipped></testcase><testcase classname="src.pymortests.riccati" file="src/pymortests/riccati.py" line="60" name="test_ricc_lrcf[20-scipy-False-False-False-False-1-1]" time="0.0004115104675292969"><skipped message="Suite splitting in effect" type="pytest.skip">src/pymortests/riccati.py:60: Suite splitting in effect</skipped></testcase><testcase classname="src.pymortests.riccati" file="src/pymortests/riccati.py" line="60" name="test_ricc_lrcf[20-scipy-False-False-False-False-1-2]" time="0.0003986358642578125"><skipped message="Suite splitting in effect" type="pytest.skip">src/pymortests/riccati.py:60: Suite splitting in effect</skipped></testcase><testcase classname="src.pymortests.riccati" file="src/pymortests/riccati.py" line="60" name="test_ricc_lrcf[20-scipy-False-False-False-False-2-1]" time="0.0004677772521972656"><skipped message="Suite splitting in effect" type="pytest.skip">src/pymortests/riccati.py:60: Suite splitting in effect</skipped></testcase><testcase classname="src.pymortests.riccati" file="src/pymortests/riccati.py" line="60" name="test_ricc_lrcf[20-scipy-False-False-False-False-2-2]" time="0.0003933906555175781"><skipped message="Suite splitting in effect" type="pytest.skip">src/pymortests/riccati.py:60: Suite splitting in effect</skipped></testcase><testcase classname="src.pymortests.riccati" file="src/pymortests/riccati.py" line="60" name="test_ricc_lrcf[20-scipy-False-False-False-True-1-1]" time="0.0004222393035888672"><skipped message="Suite splitting in effect" type="pytest.skip">src/pymortests/riccati.py:60: Suite splitting in effect</skipped></testcase><testcase classname="src.pymortests.riccati" file="src/pymortests/riccati.py" line="60" name="test_ricc_lrcf[20-scipy-False-False-False-True-1-2]" time="0.0004050731658935547"><skipped message="Suite splitting in effect" type="pytest.skip">src/pymortests/riccati.py:60: Suite splitting in effect</skipped></testcase><testcase classname="src.pymortests.riccati" file="src/pymortests/riccati.py" line="60" name="test_ricc_lrcf[20-scipy-False-False-False-True-2-1]" time="0.00039458274841308594"><skipped message="Suite splitting in effect" type="pytest.skip">src/pymortests/riccati.py:60: Suite splitting in effect</skipped></testcase><testcase classname="src.pymortests.riccati" file="src/pymortests/riccati.py" line="60" name="test_ricc_lrcf[20-scipy-False-False-False-True-2-2]" time="0.00040793418884277344"><skipped message="Suite splitting in effect" type="pytest.skip">src/pymortests/riccati.py:60: Suite splitting in effect</skipped></testcase><testcase classname="src.pymortests.riccati" file="src/pymortests/riccati.py" line="60" name="test_ricc_lrcf[20-scipy-False-True-False-False-1-1]" time="0.0004093647003173828"><skipped message="Suite splitting in effect" type="pytest.skip">src/pymortests/riccati.py:60: Suite splitting in effect</skipped></testcase><testcase classname="src.pymortests.riccati" file="src/pymortests/riccati.py" line="60" name="test_ricc_lrcf[20-scipy-False-True-False-False-1-2]" time="0.00039649009704589844"><skipped message="Suite splitting in effect" type="pytest.skip">src/pymortests/riccati.py:60: Suite splitting in effect</skipped></testcase><testcase classname="src.pymortests.riccati" file="src/pymortests/riccati.py" line="60" name="test_ricc_lrcf[20-scipy-False-True-False-False-2-1]" time="0.00042629241943359375"><skipped message="Suite splitting in effect" type="pytest.skip">src/pymortests/riccati.py:60: Suite splitting in effect</skipped></testcase><testcase classname="src.pymortests.riccati" file="src/pymortests/riccati.py" line="60" name="test_ricc_lrcf[20-scipy-False-True-False-False-2-2]" time="0.0004115104675292969"><skipped message="Suite splitting in effect" type="pytest.skip">src/pymortests/riccati.py:60: Suite splitting in effect</skipped></testcase><testcase classname="src.pymortests.riccati" file="src/pymortests/riccati.py" line="60" name="test_ricc_lrcf[20-scipy-False-True-False-True-1-1]" time="0.00041985511779785156"><skipped message="Suite splitting in effect" type="pytest.skip">src/pymortests/riccati.py:60: Suite splitting in effect</skipped></testcase><testcase classname="src.pymortests.riccati" file="src/pymortests/riccati.py" line="60" name="test_ricc_lrcf[20-scipy-False-True-False-True-1-2]" time="0.0004057884216308594"><skipped message="Suite splitting in effect" type="pytest.skip">src/pymortests/riccati.py:60: Suite splitting in effect</skipped></testcase><testcase classname="src.pymortests.riccati" file="src/pymortests/riccati.py" line="60" name="test_ricc_lrcf[20-scipy-False-True-False-True-2-1]" time="0.0003936290740966797"><skipped message="Suite splitting in effect" type="pytest.skip">src/pymortests/riccati.py:60: Suite splitting in effect</skipped></testcase><testcase classname="src.pymortests.riccati" file="src/pymortests/riccati.py" line="60" name="test_ricc_lrcf[20-scipy-False-True-False-True-2-2]" time="0.0004057884216308594"><skipped message="Suite splitting in effect" type="pytest.skip">src/pymortests/riccati.py:60: Suite splitting in effect</skipped></testcase><testcase classname="src.pymortests.riccati" file="src/pymortests/riccati.py" line="60" name="test_ricc_lrcf[20-scipy-False-True-True-False-1-1]" time="0.0004019737243652344"><skipped message="Suite splitting in effect" type="pytest.skip">src/pymortests/riccati.py:60: Suite splitting in effect</skipped></testcase><testcase classname="src.pymortests.riccati" file="src/pymortests/riccati.py" line="60" name="test_ricc_lrcf[20-scipy-False-True-True-False-1-2]" time="0.000392913818359375"><skipped message="Suite splitting in effect" type="pytest.skip">src/pymortests/riccati.py:60: Suite splitting in effect</skipped></testcase><testcase classname="src.pymortests.riccati" file="src/pymortests/riccati.py" line="60" name="test_ricc_lrcf[20-scipy-False-True-True-False-2-1]" time="0.0004515647888183594"><skipped message="Suite splitting in effect" type="pytest.skip">src/pymortests/riccati.py:60: Suite splitting in effect</skipped></testcase><testcase classname="src.pymortests.riccati" file="src/pymortests/riccati.py" line="60" name="test_ricc_lrcf[20-scipy-False-True-True-False-2-2]" time="0.0003943443298339844"><skipped message="Suite splitting in effect" type="pytest.skip">src/pymortests/riccati.py:60: Suite splitting in effect</skipped></testcase><testcase classname="src.pymortests.riccati" file="src/pymortests/riccati.py" line="60" name="test_ricc_lrcf[20-scipy-False-True-True-True-1-1]" time="0.0004239082336425781"><skipped message="Suite splitting in effect" type="pytest.skip">src/pymortests/riccati.py:60: Suite splitting in effect</skipped></testcase><testcase classname="src.pymortests.riccati" file="src/pymortests/riccati.py" line="60" name="test_ricc_lrcf[20-scipy-False-True-True-True-1-2]" time="0.00040912628173828125"><skipped message="Suite splitting in effect" type="pytest.skip">src/pymortests/riccati.py:60: Suite splitting in effect</skipped></testcase><testcase classname="src.pymortests.riccati" file="src/pymortests/riccati.py" line="60" name="test_ricc_lrcf[20-scipy-False-True-True-True-2-1]" time="0.0003943443298339844"><skipped message="Suite splitting in effect" type="pytest.skip">src/pymortests/riccati.py:60: Suite splitting in effect</skipped></testcase><testcase classname="src.pymortests.riccati" file="src/pymortests/riccati.py" line="60" name="test_ricc_lrcf[20-scipy-False-True-True-True-2-2]" time="0.0004062652587890625"><skipped message="Suite splitting in effect" type="pytest.skip">src/pymortests/riccati.py:60: Suite splitting in effect</skipped></testcase><testcase classname="src.pymortests.riccati" file="src/pymortests/riccati.py" line="60" name="test_ricc_lrcf[20-scipy-True-False-False-False-1-1]" time="0.0003986358642578125"><skipped message="Suite splitting in effect" type="pytest.skip">src/pymortests/riccati.py:60: Suite splitting in effect</skipped></testcase><testcase classname="src.pymortests.riccati" file="src/pymortests/riccati.py" line="60" name="test_ricc_lrcf[20-scipy-True-False-False-False-1-2]" time="0.00039696693420410156"><skipped message="Suite splitting in effect" type="pytest.skip">src/pymortests/riccati.py:60: Suite splitting in effect</skipped></testcase><testcase classname="src.pymortests.riccati" file="src/pymortests/riccati.py" line="60" name="test_ricc_lrcf[20-scipy-True-False-False-False-2-1]" time="0.00041484832763671875"><skipped message="Suite splitting in effect" type="pytest.skip">src/pymortests/riccati.py:60: Suite splitting in effect</skipped></testcase><testcase classname="src.pymortests.riccati" file="src/pymortests/riccati.py" line="60" name="test_ricc_lrcf[20-scipy-True-False-False-False-2-2]" time="0.00039076805114746094"><skipped message="Suite splitting in effect" type="pytest.skip">src/pymortests/riccati.py:60: Suite splitting in effect</skipped></testcase><testcase classname="src.pymortests.riccati" file="src/pymortests/riccati.py" line="60" name="test_ricc_lrcf[20-scipy-True-False-False-True-1-1]" time="0.0004432201385498047"><skipped message="Suite splitting in effect" type="pytest.skip">src/pymortests/riccati.py:60: Suite splitting in effect</skipped></testcase><testcase classname="src.pymortests.riccati" file="src/pymortests/riccati.py" line="60" name="test_ricc_lrcf[20-scipy-True-False-False-True-1-2]" time="0.00040030479431152344"><skipped message="Suite splitting in effect" type="pytest.skip">src/pymortests/riccati.py:60: Suite splitting in effect</skipped></testcase><testcase classname="src.pymortests.riccati" file="src/pymortests/riccati.py" line="60" name="test_ricc_lrcf[20-scipy-True-False-False-True-2-1]" time="0.0004093647003173828"><skipped message="Suite splitting in effect" type="pytest.skip">src/pymortests/riccati.py:60: Suite splitting in effect</skipped></testcase><testcase classname="src.pymortests.riccati" file="src/pymortests/riccati.py" line="60" name="test_ricc_lrcf[20-scipy-True-False-False-True-2-2]" time="0.0004258155822753906"><skipped message="Suite splitting in effect" type="pytest.skip">src/pymortests/riccati.py:60: Suite splitting in effect</skipped></testcase><testcase classname="src.pymortests.riccati" file="src/pymortests/riccati.py" line="60" name="test_ricc_lrcf[20-scipy-True-True-False-False-1-1]" time="0.0004513263702392578"><skipped message="Suite splitting in effect" type="pytest.skip">src/pymortests/riccati.py:60: Suite splitting in effect</skipped></testcase><testcase classname="src.pymortests.riccati" file="src/pymortests/riccati.py" line="60" name="test_ricc_lrcf[20-scipy-True-True-False-False-1-2]" time="0.00039768218994140625"><skipped message="Suite splitting in effect" type="pytest.skip">src/pymortests/riccati.py:60: Suite splitting in effect</skipped></testcase><testcase classname="src.pymortests.riccati" file="src/pymortests/riccati.py" line="60" name="test_ricc_lrcf[20-scipy-True-True-False-False-2-1]" time="0.0004024505615234375"><skipped message="Suite splitting in effect" type="pytest.skip">src/pymortests/riccati.py:60: Suite splitting in effect</skipped></testcase><testcase classname="src.pymortests.riccati" file="src/pymortests/riccati.py" line="60" name="test_ricc_lrcf[20-scipy-True-True-False-False-2-2]" time="0.0004355907440185547"><skipped message="Suite splitting in effect" type="pytest.skip">src/pymortests/riccati.py:60: Suite splitting in effect</skipped></testcase><testcase classname="src.pymortests.riccati" file="src/pymortests/riccati.py" line="60" name="test_ricc_lrcf[20-scipy-True-True-False-True-1-1]" time="0.000392913818359375"><skipped message="Suite splitting in effect" type="pytest.skip">src/pymortests/riccati.py:60: Suite splitting in effect</skipped></testcase><testcase classname="src.pymortests.riccati" file="src/pymortests/riccati.py" line="60" name="test_ricc_lrcf[20-scipy-True-True-False-True-1-2]" time="0.00041413307189941406"><skipped message="Suite splitting in effect" type="pytest.skip">src/pymortests/riccati.py:60: Suite splitting in effect</skipped></testcase><testcase classname="src.pymortests.riccati" file="src/pymortests/riccati.py" line="60" name="test_ricc_lrcf[20-scipy-True-True-False-True-2-1]" time="0.00041174888610839844"><skipped message="Suite splitting in effect" type="pytest.skip">src/pymortests/riccati.py:60: Suite splitting in effect</skipped></testcase><testcase classname="src.pymortests.riccati" file="src/pymortests/riccati.py" line="60" name="test_ricc_lrcf[20-scipy-True-True-False-True-2-2]" time="0.0004086494445800781"><skipped message="Suite splitting in effect" type="pytest.skip">src/pymortests/riccati.py:60: Suite splitting in effect</skipped></testcase><testcase classname="src.pymortests.riccati" file="src/pymortests/riccati.py" line="60" name="test_ricc_lrcf[20-scipy-True-True-True-False-1-1]" time="0.0004277229309082031"><skipped message="Suite splitting in effect" type="pytest.skip">src/pymortests/riccati.py:60: Suite splitting in effect</skipped></testcase><testcase classname="src.pymortests.riccati" file="src/pymortests/riccati.py" line="60" name="test_ricc_lrcf[20-scipy-True-True-True-False-1-2]" time="0.0003991127014160156"><skipped message="Suite splitting in effect" type="pytest.skip">src/pymortests/riccati.py:60: Suite splitting in effect</skipped></testcase><testcase classname="src.pymortests.riccati" file="src/pymortests/riccati.py" line="60" name="test_ricc_lrcf[20-scipy-True-True-True-False-2-1]" time="0.00042366981506347656"><skipped message="Suite splitting in effect" type="pytest.skip">src/pymortests/riccati.py:60: Suite splitting in effect</skipped></testcase><testcase classname="src.pymortests.riccati" file="src/pymortests/riccati.py" line="60" name="test_ricc_lrcf[20-scipy-True-True-True-False-2-2]" time="0.0004239082336425781"><skipped message="Suite splitting in effect" type="pytest.skip">src/pymortests/riccati.py:60: Suite splitting in effect</skipped></testcase><testcase classname="src.pymortests.riccati" file="src/pymortests/riccati.py" line="60" name="test_ricc_lrcf[20-scipy-True-True-True-True-1-1]" time="0.0004057884216308594"><skipped message="Suite splitting in effect" type="pytest.skip">src/pymortests/riccati.py:60: Suite splitting in effect</skipped></testcase><testcase classname="src.pymortests.riccati" file="src/pymortests/riccati.py" line="60" name="test_ricc_lrcf[20-scipy-True-True-True-True-1-2]" time="0.00042748451232910156"><skipped message="Suite splitting in effect" type="pytest.skip">src/pymortests/riccati.py:60: Suite splitting in effect</skipped></testcase><testcase classname="src.pymortests.riccati" file="src/pymortests/riccati.py" line="60" name="test_ricc_lrcf[20-scipy-True-True-True-True-2-1]" time="0.000438690185546875"><skipped message="Suite splitting in effect" type="pytest.skip">src/pymortests/riccati.py:60: Suite splitting in effect</skipped></testcase><testcase classname="src.pymortests.riccati" file="src/pymortests/riccati.py" line="60" name="test_ricc_lrcf[20-scipy-True-True-True-True-2-2]" time="0.0004169940948486328"><skipped message="Suite splitting in effect" type="pytest.skip">src/pymortests/riccati.py:60: Suite splitting in effect</skipped></testcase><testcase classname="src.pymortests.riccati" file="src/pymortests/riccati.py" line="60" name="test_ricc_lrcf[20-slycot-False-False-False-False-1-1]" time="0.0004191398620605469"><skipped message="Suite splitting in effect" type="pytest.skip">src/pymortests/riccati.py:60: Suite splitting in effect</skipped></testcase><testcase classname="src.pymortests.riccati" file="src/pymortests/riccati.py" line="60" name="test_ricc_lrcf[20-slycot-False-False-False-False-1-2]" time="0.0004508495330810547"><skipped message="Suite splitting in effect" type="pytest.skip">src/pymortests/riccati.py:60: Suite splitting in effect</skipped></testcase><testcase classname="src.pymortests.riccati" file="src/pymortests/riccati.py" line="60" name="test_ricc_lrcf[20-slycot-False-False-False-False-2-1]" time="0.00040721893310546875"><skipped message="Suite splitting in effect" type="pytest.skip">src/pymortests/riccati.py:60: Suite splitting in effect</skipped></testcase><testcase classname="src.pymortests.riccati" file="src/pymortests/riccati.py" line="60" name="test_ricc_lrcf[20-slycot-False-False-False-False-2-2]" time="0.0004343986511230469"><skipped message="Suite splitting in effect" type="pytest.skip">src/pymortests/riccati.py:60: Suite splitting in effect</skipped></testcase><testcase classname="src.pymortests.riccati" file="src/pymortests/riccati.py" line="60" name="test_ricc_lrcf[20-slycot-False-False-False-True-1-1]" time="0.00039267539978027344"><skipped message="Suite splitting in effect" type="pytest.skip">src/pymortests/riccati.py:60: Suite splitting in effect</skipped></testcase><testcase classname="src.pymortests.riccati" file="src/pymortests/riccati.py" line="60" name="test_ricc_lrcf[20-slycot-False-False-False-True-1-2]" time="0.0004241466522216797"><skipped message="Suite splitting in effect" type="pytest.skip">src/pymortests/riccati.py:60: Suite splitting in effect</skipped></testcase><testcase classname="src.pymortests.riccati" file="src/pymortests/riccati.py" line="60" name="test_ricc_lrcf[20-slycot-False-False-False-True-2-1]" time="0.00042176246643066406"><skipped message="Suite splitting in effect" type="pytest.skip">src/pymortests/riccati.py:60: Suite splitting in effect</skipped></testcase><testcase classname="src.pymortests.riccati" file="src/pymortests/riccati.py" line="60" name="test_ricc_lrcf[20-slycot-False-False-False-True-2-2]" time="0.00043272972106933594"><skipped message="Suite splitting in effect" type="pytest.skip">src/pymortests/riccati.py:60: Suite splitting in effect</skipped></testcase><testcase classname="src.pymortests.riccati" file="src/pymortests/riccati.py" line="60" name="test_ricc_lrcf[20-slycot-False-True-False-False-1-1]" time="0.00039839744567871094"><skipped message="Suite splitting in effect" type="pytest.skip">src/pymortests/riccati.py:60: Suite splitting in effect</skipped></testcase><testcase classname="src.pymortests.riccati" file="src/pymortests/riccati.py" line="60" name="test_ricc_lrcf[20-slycot-False-True-False-False-1-2]" time="0.00043272972106933594"><skipped message="Suite splitting in effect" type="pytest.skip">src/pymortests/riccati.py:60: Suite splitting in effect</skipped></testcase><testcase classname="src.pymortests.riccati" file="src/pymortests/riccati.py" line="60" name="test_ricc_lrcf[20-slycot-False-True-False-False-2-1]" time="0.00044918060302734375"><skipped message="Suite splitting in effect" type="pytest.skip">src/pymortests/riccati.py:60: Suite splitting in effect</skipped></testcase><testcase classname="src.pymortests.riccati" file="src/pymortests/riccati.py" line="60" name="test_ricc_lrcf[20-slycot-False-True-False-False-2-2]" time="0.0004146099090576172"><skipped message="Suite splitting in effect" type="pytest.skip">src/pymortests/riccati.py:60: Suite splitting in effect</skipped></testcase><testcase classname="src.pymortests.riccati" file="src/pymortests/riccati.py" line="60" name="test_ricc_lrcf[20-slycot-False-True-False-True-1-1]" time="0.0004100799560546875"><skipped message="Suite splitting in effect" type="pytest.skip">src/pymortests/riccati.py:60: Suite splitting in effect</skipped></testcase><testcase classname="src.pymortests.riccati" file="src/pymortests/riccati.py" line="60" name="test_ricc_lrcf[20-slycot-False-True-False-True-1-2]" time="0.0004169940948486328"><skipped message="Suite splitting in effect" type="pytest.skip">src/pymortests/riccati.py:60: Suite splitting in effect</skipped></testcase><testcase classname="src.pymortests.riccati" file="src/pymortests/riccati.py" line="60" name="test_ricc_lrcf[20-slycot-False-True-False-True-2-1]" time="0.00039267539978027344"><skipped message="Suite splitting in effect" type="pytest.skip">src/pymortests/riccati.py:60: Suite splitting in effect</skipped></testcase><testcase classname="src.pymortests.riccati" file="src/pymortests/riccati.py" line="60" name="test_ricc_lrcf[20-slycot-False-True-False-True-2-2]" time="0.00041294097900390625"><skipped message="Suite splitting in effect" type="pytest.skip">src/pymortests/riccati.py:60: Suite splitting in effect</skipped></testcase><testcase classname="src.pymortests.riccati" file="src/pymortests/riccati.py" line="60" name="test_ricc_lrcf[20-slycot-False-True-True-False-1-1]" time="0.00040221214294433594"><skipped message="Suite splitting in effect" type="pytest.skip">src/pymortests/riccati.py:60: Suite splitting in effect</skipped></testcase><testcase classname="src.pymortests.riccati" file="src/pymortests/riccati.py" line="60" name="test_ricc_lrcf[20-slycot-False-True-True-False-1-2]" time="0.0006735324859619141"><skipped message="Suite splitting in effect" type="pytest.skip">src/pymortests/riccati.py:60: Suite splitting in effect</skipped></testcase><testcase classname="src.pymortests.riccati" file="src/pymortests/riccati.py" line="60" name="test_ricc_lrcf[20-slycot-False-True-True-False-2-1]" time="0.00040149688720703125"><skipped message="Suite splitting in effect" type="pytest.skip">src/pymortests/riccati.py:60: Suite splitting in effect</skipped></testcase><testcase classname="src.pymortests.riccati" file="src/pymortests/riccati.py" line="60" name="test_ricc_lrcf[20-slycot-False-True-True-False-2-2]" time="0.0004367828369140625"><skipped message="Suite splitting in effect" type="pytest.skip">src/pymortests/riccati.py:60: Suite splitting in effect</skipped></testcase><testcase classname="src.pymortests.riccati" file="src/pymortests/riccati.py" line="60" name="test_ricc_lrcf[20-slycot-False-True-True-True-1-1]" time="0.00043773651123046875"><skipped message="Suite splitting in effect" type="pytest.skip">src/pymortests/riccati.py:60: Suite splitting in effect</skipped></testcase><testcase classname="src.pymortests.riccati" file="src/pymortests/riccati.py" line="60" name="test_ricc_lrcf[20-slycot-False-True-True-True-1-2]" time="0.00040268898010253906"><skipped message="Suite splitting in effect" type="pytest.skip">src/pymortests/riccati.py:60: Suite splitting in effect</skipped></testcase><testcase classname="src.pymortests.riccati" file="src/pymortests/riccati.py" line="60" name="test_ricc_lrcf[20-slycot-False-True-True-True-2-1]" time="0.0004172325134277344"><skipped message="Suite splitting in effect" type="pytest.skip">src/pymortests/riccati.py:60: Suite splitting in effect</skipped></testcase><testcase classname="src.pymortests.riccati" file="src/pymortests/riccati.py" line="60" name="test_ricc_lrcf[20-slycot-False-True-True-True-2-2]" time="0.0004336833953857422"><skipped message="Suite splitting in effect" type="pytest.skip">src/pymortests/riccati.py:60: Suite splitting in effect</skipped></testcase><testcase classname="src.pymortests.riccati" file="src/pymortests/riccati.py" line="60" name="test_ricc_lrcf[20-slycot-True-False-False-False-1-1]" time="0.0004246234893798828"><skipped message="Suite splitting in effect" type="pytest.skip">src/pymortests/riccati.py:60: Suite splitting in effect</skipped></testcase><testcase classname="src.pymortests.riccati" file="src/pymortests/riccati.py" line="60" name="test_ricc_lrcf[20-slycot-True-False-False-False-1-2]" time="0.0003960132598876953"><skipped message="Suite splitting in effect" type="pytest.skip">src/pymortests/riccati.py:60: Suite splitting in effect</skipped></testcase><testcase classname="src.pymortests.riccati" file="src/pymortests/riccati.py" line="60" name="test_ricc_lrcf[20-slycot-True-False-False-False-2-1]" time="0.0004184246063232422"><skipped message="Suite splitting in effect" type="pytest.skip">src/pymortests/riccati.py:60: Suite splitting in effect</skipped></testcase><testcase classname="src.pymortests.riccati" file="src/pymortests/riccati.py" line="60" name="test_ricc_lrcf[20-slycot-True-False-False-False-2-2]" time="0.0003921985626220703"><skipped message="Suite splitting in effect" type="pytest.skip">src/pymortests/riccati.py:60: Suite splitting in effect</skipped></testcase><testcase classname="src.pymortests.riccati" file="src/pymortests/riccati.py" line="60" name="test_ricc_lrcf[20-slycot-True-False-False-True-1-1]" time="0.0004267692565917969"><skipped message="Suite splitting in effect" type="pytest.skip">src/pymortests/riccati.py:60: Suite splitting in effect</skipped></testcase><testcase classname="src.pymortests.riccati" file="src/pymortests/riccati.py" line="60" name="test_ricc_lrcf[20-slycot-True-False-False-True-1-2]" time="0.00039315223693847656"><skipped message="Suite splitting in effect" type="pytest.skip">src/pymortests/riccati.py:60: Suite splitting in effect</skipped></testcase><testcase classname="src.pymortests.riccati" file="src/pymortests/riccati.py" line="60" name="test_ricc_lrcf[20-slycot-True-False-False-True-2-1]" time="0.0004734992980957031"><skipped message="Suite splitting in effect" type="pytest.skip">src/pymortests/riccati.py:60: Suite splitting in effect</skipped></testcase><testcase classname="src.pymortests.riccati" file="src/pymortests/riccati.py" line="60" name="test_ricc_lrcf[20-slycot-True-False-False-True-2-2]" time="0.00039839744567871094"><skipped message="Suite splitting in effect" type="pytest.skip">src/pymortests/riccati.py:60: Suite splitting in effect</skipped></testcase><testcase classname="src.pymortests.riccati" file="src/pymortests/riccati.py" line="60" name="test_ricc_lrcf[20-slycot-True-True-False-False-1-1]" time="0.0004303455352783203"><skipped message="Suite splitting in effect" type="pytest.skip">src/pymortests/riccati.py:60: Suite splitting in effect</skipped></testcase><testcase classname="src.pymortests.riccati" file="src/pymortests/riccati.py" line="60" name="test_ricc_lrcf[20-slycot-True-True-False-False-1-2]" time="0.00040650367736816406"><skipped message="Suite splitting in effect" type="pytest.skip">src/pymortests/riccati.py:60: Suite splitting in effect</skipped></testcase><testcase classname="src.pymortests.riccati" file="src/pymortests/riccati.py" line="60" name="test_ricc_lrcf[20-slycot-True-True-False-False-2-1]" time="0.00041866302490234375"><skipped message="Suite splitting in effect" type="pytest.skip">src/pymortests/riccati.py:60: Suite splitting in effect</skipped></testcase><testcase classname="src.pymortests.riccati" file="src/pymortests/riccati.py" line="60" name="test_ricc_lrcf[20-slycot-True-True-False-False-2-2]" time="0.00040602684020996094"><skipped message="Suite splitting in effect" type="pytest.skip">src/pymortests/riccati.py:60: Suite splitting in effect</skipped></testcase><testcase classname="src.pymortests.riccati" file="src/pymortests/riccati.py" line="60" name="test_ricc_lrcf[20-slycot-True-True-False-True-1-1]" time="0.0004150867462158203"><skipped message="Suite splitting in effect" type="pytest.skip">src/pymortests/riccati.py:60: Suite splitting in effect</skipped></testcase><testcase classname="src.pymortests.riccati" file="src/pymortests/riccati.py" line="60" name="test_ricc_lrcf[20-slycot-True-True-False-True-1-2]" time="0.0003943443298339844"><skipped message="Suite splitting in effect" type="pytest.skip">src/pymortests/riccati.py:60: Suite splitting in effect</skipped></testcase><testcase classname="src.pymortests.riccati" file="src/pymortests/riccati.py" line="60" name="test_ricc_lrcf[20-slycot-True-True-False-True-2-1]" time="0.00043845176696777344"><skipped message="Suite splitting in effect" type="pytest.skip">src/pymortests/riccati.py:60: Suite splitting in effect</skipped></testcase><testcase classname="src.pymortests.riccati" file="src/pymortests/riccati.py" line="60" name="test_ricc_lrcf[20-slycot-True-True-False-True-2-2]" time="0.00044155120849609375"><skipped message="Suite splitting in effect" type="pytest.skip">src/pymortests/riccati.py:60: Suite splitting in effect</skipped></testcase><testcase classname="src.pymortests.riccati" file="src/pymortests/riccati.py" line="60" name="test_ricc_lrcf[20-slycot-True-True-True-False-1-1]" time="0.00044155120849609375"><skipped message="Suite splitting in effect" type="pytest.skip">src/pymortests/riccati.py:60: Suite splitting in effect</skipped></testcase><testcase classname="src.pymortests.riccati" file="src/pymortests/riccati.py" line="60" name="test_ricc_lrcf[20-slycot-True-True-True-False-1-2]" time="0.0004050731658935547"><skipped message="Suite splitting in effect" type="pytest.skip">src/pymortests/riccati.py:60: Suite splitting in effect</skipped></testcase><testcase classname="src.pymortests.riccati" file="src/pymortests/riccati.py" line="60" name="test_ricc_lrcf[20-slycot-True-True-True-False-2-1]" time="0.0004050731658935547"><skipped message="Suite splitting in effect" type="pytest.skip">src/pymortests/riccati.py:60: Suite splitting in effect</skipped></testcase><testcase classname="src.pymortests.riccati" file="src/pymortests/riccati.py" line="60" name="test_ricc_lrcf[20-slycot-True-True-True-False-2-2]" time="0.000415802001953125"><skipped message="Suite splitting in effect" type="pytest.skip">src/pymortests/riccati.py:60: Suite splitting in effect</skipped></testcase><testcase classname="src.pymortests.riccati" file="src/pymortests/riccati.py" line="60" name="test_ricc_lrcf[20-slycot-True-True-True-True-1-1]" time="0.0004239082336425781"><skipped message="Suite splitting in effect" type="pytest.skip">src/pymortests/riccati.py:60: Suite splitting in effect</skipped></testcase><testcase classname="src.pymortests.riccati" file="src/pymortests/riccati.py" line="60" name="test_ricc_lrcf[20-slycot-True-True-True-True-1-2]" time="0.0004215240478515625"><skipped message="Suite splitting in effect" type="pytest.skip">src/pymortests/riccati.py:60: Suite splitting in effect</skipped></testcase><testcase classname="src.pymortests.riccati" file="src/pymortests/riccati.py" line="60" name="test_ricc_lrcf[20-slycot-True-True-True-True-2-1]" time="0.0004260540008544922"><skipped message="Suite splitting in effect" type="pytest.skip">src/pymortests/riccati.py:60: Suite splitting in effect</skipped></testcase><testcase classname="src.pymortests.riccati" file="src/pymortests/riccati.py" line="60" name="test_ricc_lrcf[20-slycot-True-True-True-True-2-2]" time="0.00042176246643066406"><skipped message="Suite splitting in effect" type="pytest.skip">src/pymortests/riccati.py:60: Suite splitting in effect</skipped></testcase><testcase classname="src.pymortests.riccati" file="src/pymortests/riccati.py" line="60" name="test_ricc_lrcf[20-pymess_dense_nm_gmpcare-False-False-False-False-1-1]" time="0.00039505958557128906"><skipped message="Suite splitting in effect" type="pytest.skip">src/pymortests/riccati.py:60: Suite splitting in effect</skipped></testcase><testcase classname="src.pymortests.riccati" file="src/pymortests/riccati.py" line="60" name="test_ricc_lrcf[20-pymess_dense_nm_gmpcare-False-False-False-False-1-2]" time="0.0004088878631591797"><skipped message="Suite splitting in effect" type="pytest.skip">src/pymortests/riccati.py:60: Suite splitting in effect</skipped></testcase><testcase classname="src.pymortests.riccati" file="src/pymortests/riccati.py" line="60" name="test_ricc_lrcf[20-pymess_dense_nm_gmpcare-False-False-False-False-2-1]" time="0.0004105567932128906"><skipped message="Suite splitting in effect" type="pytest.skip">src/pymortests/riccati.py:60: Suite splitting in effect</skipped></testcase><testcase classname="src.pymortests.riccati" file="src/pymortests/riccati.py" line="60" name="test_ricc_lrcf[20-pymess_dense_nm_gmpcare-False-False-False-False-2-2]" time="0.0004172325134277344"><skipped message="Suite splitting in effect" type="pytest.skip">src/pymortests/riccati.py:60: Suite splitting in effect</skipped></testcase><testcase classname="src.pymortests.riccati" file="src/pymortests/riccati.py" line="60" name="test_ricc_lrcf[20-pymess_dense_nm_gmpcare-False-False-False-True-1-1]" time="0.00040340423583984375"><skipped message="Suite splitting in effect" type="pytest.skip">src/pymortests/riccati.py:60: Suite splitting in effect</skipped></testcase><testcase classname="src.pymortests.riccati" file="src/pymortests/riccati.py" line="60" name="test_ricc_lrcf[20-pymess_dense_nm_gmpcare-False-False-False-True-1-2]" time="0.0004248619079589844"><skipped message="Suite splitting in effect" type="pytest.skip">src/pymortests/riccati.py:60: Suite splitting in effect</skipped></testcase><testcase classname="src.pymortests.riccati" file="src/pymortests/riccati.py" line="60" name="test_ricc_lrcf[20-pymess_dense_nm_gmpcare-False-False-False-True-2-1]" time="0.00042247772216796875"><skipped message="Suite splitting in effect" type="pytest.skip">src/pymortests/riccati.py:60: Suite splitting in effect</skipped></testcase><testcase classname="src.pymortests.riccati" file="src/pymortests/riccati.py" line="60" name="test_ricc_lrcf[20-pymess_dense_nm_gmpcare-False-False-False-True-2-2]" time="0.0004305839538574219"><skipped message="Suite splitting in effect" type="pytest.skip">src/pymortests/riccati.py:60: Suite splitting in effect</skipped></testcase><testcase classname="src.pymortests.riccati" file="src/pymortests/riccati.py" line="60" name="test_ricc_lrcf[20-pymess_dense_nm_gmpcare-False-True-False-False-1-1]" time="0.0004398822784423828"><skipped message="Suite splitting in effect" type="pytest.skip">src/pymortests/riccati.py:60: Suite splitting in effect</skipped></testcase><testcase classname="src.pymortests.riccati" file="src/pymortests/riccati.py" line="60" name="test_ricc_lrcf[20-pymess_dense_nm_gmpcare-False-True-False-False-1-2]" time="0.000396728515625"><skipped message="Suite splitting in effect" type="pytest.skip">src/pymortests/riccati.py:60: Suite splitting in effect</skipped></testcase><testcase classname="src.pymortests.riccati" file="src/pymortests/riccati.py" line="60" name="test_ricc_lrcf[20-pymess_dense_nm_gmpcare-False-True-False-False-2-1]" time="0.0004322528839111328"><skipped message="Suite splitting in effect" type="pytest.skip">src/pymortests/riccati.py:60: Suite splitting in effect</skipped></testcase><testcase classname="src.pymortests.riccati" file="src/pymortests/riccati.py" line="60" name="test_ricc_lrcf[20-pymess_dense_nm_gmpcare-False-True-False-False-2-2]" time="0.0003943443298339844"><skipped message="Suite splitting in effect" type="pytest.skip">src/pymortests/riccati.py:60: Suite splitting in effect</skipped></testcase><testcase classname="src.pymortests.riccati" file="src/pymortests/riccati.py" line="60" name="test_ricc_lrcf[20-pymess_dense_nm_gmpcare-False-True-False-True-1-1]" time="0.00042700767517089844"><skipped message="Suite splitting in effect" type="pytest.skip">src/pymortests/riccati.py:60: Suite splitting in effect</skipped></testcase><testcase classname="src.pymortests.riccati" file="src/pymortests/riccati.py" line="60" name="test_ricc_lrcf[20-pymess_dense_nm_gmpcare-False-True-False-True-1-2]" time="0.00039458274841308594"><skipped message="Suite splitting in effect" type="pytest.skip">src/pymortests/riccati.py:60: Suite splitting in effect</skipped></testcase><testcase classname="src.pymortests.riccati" file="src/pymortests/riccati.py" line="60" name="test_ricc_lrcf[20-pymess_dense_nm_gmpcare-False-True-False-True-2-1]" time="0.000408172607421875"><skipped message="Suite splitting in effect" type="pytest.skip">src/pymortests/riccati.py:60: Suite splitting in effect</skipped></testcase><testcase classname="src.pymortests.riccati" file="src/pymortests/riccati.py" line="60" name="test_ricc_lrcf[20-pymess_dense_nm_gmpcare-False-True-False-True-2-2]" time="0.00043201446533203125"><skipped message="Suite splitting in effect" type="pytest.skip">src/pymortests/riccati.py:60: Suite splitting in effect</skipped></testcase><testcase classname="src.pymortests.riccati" file="src/pymortests/riccati.py" line="60" name="test_ricc_lrcf[20-pymess_dense_nm_gmpcare-False-True-True-False-1-1]" time="0.0004382133483886719"><skipped message="Suite splitting in effect" type="pytest.skip">src/pymortests/riccati.py:60: Suite splitting in effect</skipped></testcase><testcase classname="src.pymortests.riccati" file="src/pymortests/riccati.py" line="60" name="test_ricc_lrcf[20-pymess_dense_nm_gmpcare-False-True-True-False-1-2]" time="0.0004100799560546875"><skipped message="Suite splitting in effect" type="pytest.skip">src/pymortests/riccati.py:60: Suite splitting in effect</skipped></testcase><testcase classname="src.pymortests.riccati" file="src/pymortests/riccati.py" line="60" name="test_ricc_lrcf[20-pymess_dense_nm_gmpcare-False-True-True-False-2-1]" time="0.00045680999755859375"><skipped message="Suite splitting in effect" type="pytest.skip">src/pymortests/riccati.py:60: Suite splitting in effect</skipped></testcase><testcase classname="src.pymortests.riccati" file="src/pymortests/riccati.py" line="60" name="test_ricc_lrcf[20-pymess_dense_nm_gmpcare-False-True-True-False-2-2]" time="0.00040268898010253906"><skipped message="Suite splitting in effect" type="pytest.skip">src/pymortests/riccati.py:60: Suite splitting in effect</skipped></testcase><testcase classname="src.pymortests.riccati" file="src/pymortests/riccati.py" line="60" name="test_ricc_lrcf[20-pymess_dense_nm_gmpcare-False-True-True-True-1-1]" time="0.0004260540008544922"><skipped message="Suite splitting in effect" type="pytest.skip">src/pymortests/riccati.py:60: Suite splitting in effect</skipped></testcase><testcase classname="src.pymortests.riccati" file="src/pymortests/riccati.py" line="60" name="test_ricc_lrcf[20-pymess_dense_nm_gmpcare-False-True-True-True-1-2]" time="0.00044083595275878906"><skipped message="Suite splitting in effect" type="pytest.skip">src/pymortests/riccati.py:60: Suite splitting in effect</skipped></testcase><testcase classname="src.pymortests.riccati" file="src/pymortests/riccati.py" line="60" name="test_ricc_lrcf[20-pymess_dense_nm_gmpcare-False-True-True-True-2-1]" time="0.0004162788391113281"><skipped message="Suite splitting in effect" type="pytest.skip">src/pymortests/riccati.py:60: Suite splitting in effect</skipped></testcase><testcase classname="src.pymortests.riccati" file="src/pymortests/riccati.py" line="60" name="test_ricc_lrcf[20-pymess_dense_nm_gmpcare-False-True-True-True-2-2]" time="0.0004134178161621094"><skipped message="Suite splitting in effect" type="pytest.skip">src/pymortests/riccati.py:60: Suite splitting in effect</skipped></testcase><testcase classname="src.pymortests.riccati" file="src/pymortests/riccati.py" line="60" name="test_ricc_lrcf[20-pymess_dense_nm_gmpcare-True-False-False-False-1-1]" time="0.0003991127014160156"><skipped message="Suite splitting in effect" type="pytest.skip">src/pymortests/riccati.py:60: Suite splitting in effect</skipped></testcase><testcase classname="src.pymortests.riccati" file="src/pymortests/riccati.py" line="60" name="test_ricc_lrcf[20-pymess_dense_nm_gmpcare-True-False-False-False-1-2]" time="0.0004143714904785156"><skipped message="Suite splitting in effect" type="pytest.skip">src/pymortests/riccati.py:60: Suite splitting in effect</skipped></testcase><testcase classname="src.pymortests.riccati" file="src/pymortests/riccati.py" line="60" name="test_ricc_lrcf[20-pymess_dense_nm_gmpcare-True-False-False-False-2-1]" time="0.00039649009704589844"><skipped message="Suite splitting in effect" type="pytest.skip">src/pymortests/riccati.py:60: Suite splitting in effect</skipped></testcase><testcase classname="src.pymortests.riccati" file="src/pymortests/riccati.py" line="60" name="test_ricc_lrcf[20-pymess_dense_nm_gmpcare-True-False-False-False-2-2]" time="0.00042557716369628906"><skipped message="Suite splitting in effect" type="pytest.skip">src/pymortests/riccati.py:60: Suite splitting in effect</skipped></testcase><testcase classname="src.pymortests.riccati" file="src/pymortests/riccati.py" line="60" name="test_ricc_lrcf[20-pymess_dense_nm_gmpcare-True-False-False-True-1-1]" time="0.0004050731658935547"><skipped message="Suite splitting in effect" type="pytest.skip">src/pymortests/riccati.py:60: Suite splitting in effect</skipped></testcase><testcase classname="src.pymortests.riccati" file="src/pymortests/riccati.py" line="60" name="test_ricc_lrcf[20-pymess_dense_nm_gmpcare-True-False-False-True-1-2]" time="0.00044274330139160156"><skipped message="Suite splitting in effect" type="pytest.skip">src/pymortests/riccati.py:60: Suite splitting in effect</skipped></testcase><testcase classname="src.pymortests.riccati" file="src/pymortests/riccati.py" line="60" name="test_ricc_lrcf[20-pymess_dense_nm_gmpcare-True-False-False-True-2-1]" time="0.00039696693420410156"><skipped message="Suite splitting in effect" type="pytest.skip">src/pymortests/riccati.py:60: Suite splitting in effect</skipped></testcase><testcase classname="src.pymortests.riccati" file="src/pymortests/riccati.py" line="60" name="test_ricc_lrcf[20-pymess_dense_nm_gmpcare-True-False-False-True-2-2]" time="0.00041365623474121094"><skipped message="Suite splitting in effect" type="pytest.skip">src/pymortests/riccati.py:60: Suite splitting in effect</skipped></testcase><testcase classname="src.pymortests.riccati" file="src/pymortests/riccati.py" line="60" name="test_ricc_lrcf[20-pymess_dense_nm_gmpcare-True-True-False-False-1-1]" time="0.0003993511199951172"><skipped message="Suite splitting in effect" type="pytest.skip">src/pymortests/riccati.py:60: Suite splitting in effect</skipped></testcase><testcase classname="src.pymortests.riccati" file="src/pymortests/riccati.py" line="60" name="test_ricc_lrcf[20-pymess_dense_nm_gmpcare-True-True-False-False-1-2]" time="0.00039458274841308594"><skipped message="Suite splitting in effect" type="pytest.skip">src/pymortests/riccati.py:60: Suite splitting in effect</skipped></testcase><testcase classname="src.pymortests.riccati" file="src/pymortests/riccati.py" line="60" name="test_ricc_lrcf[20-pymess_dense_nm_gmpcare-True-True-False-False-2-1]" time="0.0004150867462158203"><skipped message="Suite splitting in effect" type="pytest.skip">src/pymortests/riccati.py:60: Suite splitting in effect</skipped></testcase><testcase classname="src.pymortests.riccati" file="src/pymortests/riccati.py" line="60" name="test_ricc_lrcf[20-pymess_dense_nm_gmpcare-True-True-False-False-2-2]" time="0.0004143714904785156"><skipped message="Suite splitting in effect" type="pytest.skip">src/pymortests/riccati.py:60: Suite splitting in effect</skipped></testcase><testcase classname="src.pymortests.riccati" file="src/pymortests/riccati.py" line="60" name="test_ricc_lrcf[20-pymess_dense_nm_gmpcare-True-True-False-True-1-1]" time="0.0004143714904785156"><skipped message="Suite splitting in effect" type="pytest.skip">src/pymortests/riccati.py:60: Suite splitting in effect</skipped></testcase><testcase classname="src.pymortests.riccati" file="src/pymortests/riccati.py" line="60" name="test_ricc_lrcf[20-pymess_dense_nm_gmpcare-True-True-False-True-1-2]" time="0.0004200935363769531"><skipped message="Suite splitting in effect" type="pytest.skip">src/pymortests/riccati.py:60: Suite splitting in effect</skipped></testcase><testcase classname="src.pymortests.riccati" file="src/pymortests/riccati.py" line="60" name="test_ricc_lrcf[20-pymess_dense_nm_gmpcare-True-True-False-True-2-1]" time="0.00039577484130859375"><skipped message="Suite splitting in effect" type="pytest.skip">src/pymortests/riccati.py:60: Suite splitting in effect</skipped></testcase><testcase classname="src.pymortests.riccati" file="src/pymortests/riccati.py" line="60" name="test_ricc_lrcf[20-pymess_dense_nm_gmpcare-True-True-False-True-2-2]" time="0.00042724609375"><skipped message="Suite splitting in effect" type="pytest.skip">src/pymortests/riccati.py:60: Suite splitting in effect</skipped></testcase><testcase classname="src.pymortests.riccati" file="src/pymortests/riccati.py" line="60" name="test_ricc_lrcf[20-pymess_dense_nm_gmpcare-True-True-True-False-1-1]" time="0.0003943443298339844"><skipped message="Suite splitting in effect" type="pytest.skip">src/pymortests/riccati.py:60: Suite splitting in effect</skipped></testcase><testcase classname="src.pymortests.riccati" file="src/pymortests/riccati.py" line="60" name="test_ricc_lrcf[20-pymess_dense_nm_gmpcare-True-True-True-False-1-2]" time="0.0004181861877441406"><skipped message="Suite splitting in effect" type="pytest.skip">src/pymortests/riccati.py:60: Suite splitting in effect</skipped></testcase><testcase classname="src.pymortests.riccati" file="src/pymortests/riccati.py" line="60" name="test_ricc_lrcf[20-pymess_dense_nm_gmpcare-True-True-True-False-2-1]" time="0.0004334449768066406"><skipped message="Suite splitting in effect" type="pytest.skip">src/pymortests/riccati.py:60: Suite splitting in effect</skipped></testcase><testcase classname="src.pymortests.riccati" file="src/pymortests/riccati.py" line="60" name="test_ricc_lrcf[20-pymess_dense_nm_gmpcare-True-True-True-False-2-2]" time="0.0004093647003173828"><skipped message="Suite splitting in effect" type="pytest.skip">src/pymortests/riccati.py:60: Suite splitting in effect</skipped></testcase><testcase classname="src.pymortests.riccati" file="src/pymortests/riccati.py" line="60" name="test_ricc_lrcf[20-pymess_dense_nm_gmpcare-True-True-True-True-1-1]" time="0.0004169940948486328"><skipped message="Suite splitting in effect" type="pytest.skip">src/pymortests/riccati.py:60: Suite splitting in effect</skipped></testcase><testcase classname="src.pymortests.riccati" file="src/pymortests/riccati.py" line="60" name="test_ricc_lrcf[20-pymess_dense_nm_gmpcare-True-True-True-True-1-2]" time="0.00041484832763671875"><skipped message="Suite splitting in effect" type="pytest.skip">src/pymortests/riccati.py:60: Suite splitting in effect</skipped></testcase><testcase classname="src.pymortests.riccati" file="src/pymortests/riccati.py" line="60" name="test_ricc_lrcf[20-pymess_dense_nm_gmpcare-True-True-True-True-2-1]" time="0.00041103363037109375"><skipped message="Suite splitting in effect" type="pytest.skip">src/pymortests/riccati.py:60: Suite splitting in effect</skipped></testcase><testcase classname="src.pymortests.riccati" file="src/pymortests/riccati.py" line="60" name="test_ricc_lrcf[20-pymess_dense_nm_gmpcare-True-True-True-True-2-2]" time="0.00042128562927246094"><skipped message="Suite splitting in effect" type="pytest.skip">src/pymortests/riccati.py:60: Suite splitting in effect</skipped></testcase><testcase classname="src.pymortests.riccati" file="src/pymortests/riccati.py" line="60" name="test_ricc_lrcf[200-pymess_lrnm-False-False-False-False-1-1]" time="0.0004277229309082031"><skipped message="Suite splitting in effect" type="pytest.skip">src/pymortests/riccati.py:60: Suite splitting in effect</skipped></testcase><testcase classname="src.pymortests.riccati" file="src/pymortests/riccati.py" line="60" name="test_ricc_lrcf[200-pymess_lrnm-False-False-False-False-1-2]" time="0.0004076957702636719"><skipped message="Suite splitting in effect" type="pytest.skip">src/pymortests/riccati.py:60: Suite splitting in effect</skipped></testcase><testcase classname="src.pymortests.riccati" file="src/pymortests/riccati.py" line="60" name="test_ricc_lrcf[200-pymess_lrnm-False-False-False-False-2-1]" time="0.0004115104675292969"><skipped message="Suite splitting in effect" type="pytest.skip">src/pymortests/riccati.py:60: Suite splitting in effect</skipped></testcase><testcase classname="src.pymortests.riccati" file="src/pymortests/riccati.py" line="60" name="test_ricc_lrcf[200-pymess_lrnm-False-False-False-False-2-2]" time="0.0003879070281982422"><skipped message="Suite splitting in effect" type="pytest.skip">src/pymortests/riccati.py:60: Suite splitting in effect</skipped></testcase><testcase classname="src.pymortests.riccati" file="src/pymortests/riccati.py" line="60" name="test_ricc_lrcf[200-pymess_lrnm-False-False-False-True-1-1]" time="0.0004286766052246094"><skipped message="Suite splitting in effect" type="pytest.skip">src/pymortests/riccati.py:60: Suite splitting in effect</skipped></testcase><testcase classname="src.pymortests.riccati" file="src/pymortests/riccati.py" line="60" name="test_ricc_lrcf[200-pymess_lrnm-False-False-False-True-1-2]" time="0.0003902912139892578"><skipped message="Suite splitting in effect" type="pytest.skip">src/pymortests/riccati.py:60: Suite splitting in effect</skipped></testcase><testcase classname="src.pymortests.riccati" file="src/pymortests/riccati.py" line="60" name="test_ricc_lrcf[200-pymess_lrnm-False-False-False-True-2-1]" time="0.00042366981506347656"><skipped message="Suite splitting in effect" type="pytest.skip">src/pymortests/riccati.py:60: Suite splitting in effect</skipped></testcase><testcase classname="src.pymortests.riccati" file="src/pymortests/riccati.py" line="60" name="test_ricc_lrcf[200-pymess_lrnm-False-False-False-True-2-2]" time="0.00039958953857421875"><skipped message="Suite splitting in effect" type="pytest.skip">src/pymortests/riccati.py:60: Suite splitting in effect</skipped></testcase><testcase classname="src.pymortests.riccati" file="src/pymortests/riccati.py" line="60" name="test_ricc_lrcf[200-pymess_lrnm-False-True-False-False-1-1]" time="0.0004246234893798828"><skipped message="Suite splitting in effect" type="pytest.skip">src/pymortests/riccati.py:60: Suite splitting in effect</skipped></testcase><testcase classname="src.pymortests.riccati" file="src/pymortests/riccati.py" line="60" name="test_ricc_lrcf[200-pymess_lrnm-False-True-False-False-1-2]" time="0.0004105567932128906"><skipped message="Suite splitting in effect" type="pytest.skip">src/pymortests/riccati.py:60: Suite splitting in effect</skipped></testcase><testcase classname="src.pymortests.riccati" file="src/pymortests/riccati.py" line="60" name="test_ricc_lrcf[200-pymess_lrnm-False-True-False-False-2-1]" time="0.0004100799560546875"><skipped message="Suite splitting in effect" type="pytest.skip">src/pymortests/riccati.py:60: Suite splitting in effect</skipped></testcase><testcase classname="src.pymortests.riccati" file="src/pymortests/riccati.py" line="60" name="test_ricc_lrcf[200-pymess_lrnm-False-True-False-False-2-2]" time="0.00038623809814453125"><skipped message="Suite splitting in effect" type="pytest.skip">src/pymortests/riccati.py:60: Suite splitting in effect</skipped></testcase><testcase classname="src.pymortests.riccati" file="src/pymortests/riccati.py" line="60" name="test_ricc_lrcf[200-pymess_lrnm-False-True-False-True-1-1]" time="0.00041556358337402344"><skipped message="Suite splitting in effect" type="pytest.skip">src/pymortests/riccati.py:60: Suite splitting in effect</skipped></testcase><testcase classname="src.pymortests.riccati" file="src/pymortests/riccati.py" line="60" name="test_ricc_lrcf[200-pymess_lrnm-False-True-False-True-1-2]" time="0.00041103363037109375"><skipped message="Suite splitting in effect" type="pytest.skip">src/pymortests/riccati.py:60: Suite splitting in effect</skipped></testcase><testcase classname="src.pymortests.riccati" file="src/pymortests/riccati.py" line="60" name="test_ricc_lrcf[200-pymess_lrnm-False-True-False-True-2-1]" time="0.0004291534423828125"><skipped message="Suite splitting in effect" type="pytest.skip">src/pymortests/riccati.py:60: Suite splitting in effect</skipped></testcase><testcase classname="src.pymortests.riccati" file="src/pymortests/riccati.py" line="60" name="test_ricc_lrcf[200-pymess_lrnm-False-True-False-True-2-2]" time="0.0004112720489501953"><skipped message="Suite splitting in effect" type="pytest.skip">src/pymortests/riccati.py:60: Suite splitting in effect</skipped></testcase><testcase classname="src.pymortests.riccati" file="src/pymortests/riccati.py" line="60" name="test_ricc_lrcf[200-pymess_lrnm-False-True-True-False-1-1]" time="0.0006284713745117188"><skipped message="Suite splitting in effect" type="pytest.skip">src/pymortests/riccati.py:60: Suite splitting in effect</skipped></testcase><testcase classname="src.pymortests.riccati" file="src/pymortests/riccati.py" line="60" name="test_ricc_lrcf[200-pymess_lrnm-False-True-True-False-1-2]" time="0.00039696693420410156"><skipped message="Suite splitting in effect" type="pytest.skip">src/pymortests/riccati.py:60: Suite splitting in effect</skipped></testcase><testcase classname="src.pymortests.riccati" file="src/pymortests/riccati.py" line="60" name="test_ricc_lrcf[200-pymess_lrnm-False-True-True-False-2-1]" time="0.0004189014434814453"><skipped message="Suite splitting in effect" type="pytest.skip">src/pymortests/riccati.py:60: Suite splitting in effect</skipped></testcase><testcase classname="src.pymortests.riccati" file="src/pymortests/riccati.py" line="60" name="test_ricc_lrcf[200-pymess_lrnm-False-True-True-False-2-2]" time="0.000415802001953125"><skipped message="Suite splitting in effect" type="pytest.skip">src/pymortests/riccati.py:60: Suite splitting in effect</skipped></testcase><testcase classname="src.pymortests.riccati" file="src/pymortests/riccati.py" line="60" name="test_ricc_lrcf[200-pymess_lrnm-False-True-True-True-1-1]" time="0.0004444122314453125"><skipped message="Suite splitting in effect" type="pytest.skip">src/pymortests/riccati.py:60: Suite splitting in effect</skipped></testcase><testcase classname="src.pymortests.riccati" file="src/pymortests/riccati.py" line="60" name="test_ricc_lrcf[200-pymess_lrnm-False-True-True-True-1-2]" time="0.0004429817199707031"><skipped message="Suite splitting in effect" type="pytest.skip">src/pymortests/riccati.py:60: Suite splitting in effect</skipped></testcase><testcase classname="src.pymortests.riccati" file="src/pymortests/riccati.py" line="60" name="test_ricc_lrcf[200-pymess_lrnm-False-True-True-True-2-1]" time="0.0004069805145263672"><skipped message="Suite splitting in effect" type="pytest.skip">src/pymortests/riccati.py:60: Suite splitting in effect</skipped></testcase><testcase classname="src.pymortests.riccati" file="src/pymortests/riccati.py" line="60" name="test_ricc_lrcf[200-pymess_lrnm-False-True-True-True-2-2]" time="0.0004189014434814453"><skipped message="Suite splitting in effect" type="pytest.skip">src/pymortests/riccati.py:60: Suite splitting in effect</skipped></testcase><testcase classname="src.pymortests.riccati" file="src/pymortests/riccati.py" line="60" name="test_ricc_lrcf[200-pymess_lrnm-True-False-False-False-1-1]" time="0.0003943443298339844"><skipped message="Suite splitting in effect" type="pytest.skip">src/pymortests/riccati.py:60: Suite splitting in effect</skipped></testcase><testcase classname="src.pymortests.riccati" file="src/pymortests/riccati.py" line="60" name="test_ricc_lrcf[200-pymess_lrnm-True-False-False-False-1-2]" time="0.0004265308380126953"><skipped message="Suite splitting in effect" type="pytest.skip">src/pymortests/riccati.py:60: Suite splitting in effect</skipped></testcase><testcase classname="src.pymortests.riccati" file="src/pymortests/riccati.py" line="60" name="test_ricc_lrcf[200-pymess_lrnm-True-False-False-False-2-1]" time="0.00042366981506347656"><skipped message="Suite splitting in effect" type="pytest.skip">src/pymortests/riccati.py:60: Suite splitting in effect</skipped></testcase><testcase classname="src.pymortests.riccati" file="src/pymortests/riccati.py" line="60" name="test_ricc_lrcf[200-pymess_lrnm-True-False-False-False-2-2]" time="0.0004277229309082031"><skipped message="Suite splitting in effect" type="pytest.skip">src/pymortests/riccati.py:60: Suite splitting in effect</skipped></testcase><testcase classname="src.pymortests.riccati" file="src/pymortests/riccati.py" line="60" name="test_ricc_lrcf[200-pymess_lrnm-True-False-False-True-1-1]" time="0.0003981590270996094"><skipped message="Suite splitting in effect" type="pytest.skip">src/pymortests/riccati.py:60: Suite splitting in effect</skipped></testcase><testcase classname="src.pymortests.riccati" file="src/pymortests/riccati.py" line="60" name="test_ricc_lrcf[200-pymess_lrnm-True-False-False-True-1-2]" time="0.0004076957702636719"><skipped message="Suite splitting in effect" type="pytest.skip">src/pymortests/riccati.py:60: Suite splitting in effect</skipped></testcase><testcase classname="src.pymortests.riccati" file="src/pymortests/riccati.py" line="60" name="test_ricc_lrcf[200-pymess_lrnm-True-False-False-True-2-1]" time="0.0004184246063232422"><skipped message="Suite splitting in effect" type="pytest.skip">src/pymortests/riccati.py:60: Suite splitting in effect</skipped></testcase><testcase classname="src.pymortests.riccati" file="src/pymortests/riccati.py" line="60" name="test_ricc_lrcf[200-pymess_lrnm-True-False-False-True-2-2]" time="0.00044274330139160156"><skipped message="Suite splitting in effect" type="pytest.skip">src/pymortests/riccati.py:60: Suite splitting in effect</skipped></testcase><testcase classname="src.pymortests.riccati" file="src/pymortests/riccati.py" line="60" name="test_ricc_lrcf[200-pymess_lrnm-True-True-False-False-1-1]" time="0.00038909912109375"><skipped message="Suite splitting in effect" type="pytest.skip">src/pymortests/riccati.py:60: Suite splitting in effect</skipped></testcase><testcase classname="src.pymortests.riccati" file="src/pymortests/riccati.py" line="60" name="test_ricc_lrcf[200-pymess_lrnm-True-True-False-False-1-2]" time="0.0004303455352783203"><skipped message="Suite splitting in effect" type="pytest.skip">src/pymortests/riccati.py:60: Suite splitting in effect</skipped></testcase><testcase classname="src.pymortests.riccati" file="src/pymortests/riccati.py" line="60" name="test_ricc_lrcf[200-pymess_lrnm-True-True-False-False-2-1]" time="0.0003952980041503906"><skipped message="Suite splitting in effect" type="pytest.skip">src/pymortests/riccati.py:60: Suite splitting in effect</skipped></testcase><testcase classname="src.pymortests.riccati" file="src/pymortests/riccati.py" line="60" name="test_ricc_lrcf[200-pymess_lrnm-True-True-False-False-2-2]" time="0.0004372596740722656"><skipped message="Suite splitting in effect" type="pytest.skip">src/pymortests/riccati.py:60: Suite splitting in effect</skipped></testcase><testcase classname="src.pymortests.riccati" file="src/pymortests/riccati.py" line="60" name="test_ricc_lrcf[200-pymess_lrnm-True-True-False-True-1-1]" time="0.000400543212890625"><skipped message="Suite splitting in effect" type="pytest.skip">src/pymortests/riccati.py:60: Suite splitting in effect</skipped></testcase><testcase classname="src.pymortests.riccati" file="src/pymortests/riccati.py" line="60" name="test_ricc_lrcf[200-pymess_lrnm-True-True-False-True-1-2]" time="0.0004260540008544922"><skipped message="Suite splitting in effect" type="pytest.skip">src/pymortests/riccati.py:60: Suite splitting in effect</skipped></testcase><testcase classname="src.pymortests.riccati" file="src/pymortests/riccati.py" line="60" name="test_ricc_lrcf[200-pymess_lrnm-True-True-False-True-2-1]" time="0.000396728515625"><skipped message="Suite splitting in effect" type="pytest.skip">src/pymortests/riccati.py:60: Suite splitting in effect</skipped></testcase><testcase classname="src.pymortests.riccati" file="src/pymortests/riccati.py" line="60" name="test_ricc_lrcf[200-pymess_lrnm-True-True-False-True-2-2]" time="0.0004391670227050781"><skipped message="Suite splitting in effect" type="pytest.skip">src/pymortests/riccati.py:60: Suite splitting in effect</skipped></testcase><testcase classname="src.pymortests.riccati" file="src/pymortests/riccati.py" line="60" name="test_ricc_lrcf[200-pymess_lrnm-True-True-True-False-1-1]" time="0.0004203319549560547"><skipped message="Suite splitting in effect" type="pytest.skip">src/pymortests/riccati.py:60: Suite splitting in effect</skipped></testcase><testcase classname="src.pymortests.riccati" file="src/pymortests/riccati.py" line="60" name="test_ricc_lrcf[200-pymess_lrnm-True-True-True-False-1-2]" time="0.0003960132598876953"><skipped message="Suite splitting in effect" type="pytest.skip">src/pymortests/riccati.py:60: Suite splitting in effect</skipped></testcase><testcase classname="src.pymortests.riccati" file="src/pymortests/riccati.py" line="60" name="test_ricc_lrcf[200-pymess_lrnm-True-True-True-False-2-1]" time="0.0004162788391113281"><skipped message="Suite splitting in effect" type="pytest.skip">src/pymortests/riccati.py:60: Suite splitting in effect</skipped></testcase><testcase classname="src.pymortests.riccati" file="src/pymortests/riccati.py" line="60" name="test_ricc_lrcf[200-pymess_lrnm-True-True-True-False-2-2]" time="0.0004153251647949219"><skipped message="Suite splitting in effect" type="pytest.skip">src/pymortests/riccati.py:60: Suite splitting in effect</skipped></testcase><testcase classname="src.pymortests.riccati" file="src/pymortests/riccati.py" line="60" name="test_ricc_lrcf[200-pymess_lrnm-True-True-True-True-1-1]" time="0.00041484832763671875"><skipped message="Suite splitting in effect" type="pytest.skip">src/pymortests/riccati.py:60: Suite splitting in effect</skipped></testcase><testcase classname="src.pymortests.riccati" file="src/pymortests/riccati.py" line="60" name="test_ricc_lrcf[200-pymess_lrnm-True-True-True-True-1-2]" time="0.00041294097900390625"><skipped message="Suite splitting in effect" type="pytest.skip">src/pymortests/riccati.py:60: Suite splitting in effect</skipped></testcase><testcase classname="src.pymortests.riccati" file="src/pymortests/riccati.py" line="60" name="test_ricc_lrcf[200-pymess_lrnm-True-True-True-True-2-1]" time="0.0004360675811767578"><skipped message="Suite splitting in effect" type="pytest.skip">src/pymortests/riccati.py:60: Suite splitting in effect</skipped></testcase><testcase classname="src.pymortests.riccati" file="src/pymortests/riccati.py" line="60" name="test_ricc_lrcf[200-pymess_lrnm-True-True-True-True-2-2]" time="0.0003979206085205078"><skipped message="Suite splitting in effect" type="pytest.skip">src/pymortests/riccati.py:60: Suite splitting in effect</skipped></testcase><testcase classname="src.pymortests.riccati" file="src/pymortests/riccati.py" line="60" name="test_ricc_lrcf[300-pymess_lrnm-False-False-False-False-1-1]" time="0.0004189014434814453"><skipped message="Suite splitting in effect" type="pytest.skip">src/pymortests/riccati.py:60: Suite splitting in effect</skipped></testcase><testcase classname="src.pymortests.riccati" file="src/pymortests/riccati.py" line="60" name="test_ricc_lrcf[300-pymess_lrnm-False-False-False-False-1-2]" time="0.00040030479431152344"><skipped message="Suite splitting in effect" type="pytest.skip">src/pymortests/riccati.py:60: Suite splitting in effect</skipped></testcase><testcase classname="src.pymortests.riccati" file="src/pymortests/riccati.py" line="60" name="test_ricc_lrcf[300-pymess_lrnm-False-False-False-False-2-1]" time="0.0004286766052246094"><skipped message="Suite splitting in effect" type="pytest.skip">src/pymortests/riccati.py:60: Suite splitting in effect</skipped></testcase><testcase classname="src.pymortests.riccati" file="src/pymortests/riccati.py" line="60" name="test_ricc_lrcf[300-pymess_lrnm-False-False-False-False-2-2]" time="0.000396728515625"><skipped message="Suite splitting in effect" type="pytest.skip">src/pymortests/riccati.py:60: Suite splitting in effect</skipped></testcase><testcase classname="src.pymortests.riccati" file="src/pymortests/riccati.py" line="60" name="test_ricc_lrcf[300-pymess_lrnm-False-False-False-True-1-1]" time="0.0004601478576660156"><skipped message="Suite splitting in effect" type="pytest.skip">src/pymortests/riccati.py:60: Suite splitting in effect</skipped></testcase><testcase classname="src.pymortests.riccati" file="src/pymortests/riccati.py" line="60" name="test_ricc_lrcf[300-pymess_lrnm-False-False-False-True-1-2]" time="0.000400543212890625"><skipped message="Suite splitting in effect" type="pytest.skip">src/pymortests/riccati.py:60: Suite splitting in effect</skipped></testcase><testcase classname="src.pymortests.riccati" file="src/pymortests/riccati.py" line="60" name="test_ricc_lrcf[300-pymess_lrnm-False-False-False-True-2-1]" time="0.0005645751953125"><skipped message="Suite splitting in effect" type="pytest.skip">src/pymortests/riccati.py:60: Suite splitting in effect</skipped></testcase><testcase classname="src.pymortests.riccati" file="src/pymortests/riccati.py" line="60" name="test_ricc_lrcf[300-pymess_lrnm-False-False-False-True-2-2]" time="0.0004029273986816406"><skipped message="Suite splitting in effect" type="pytest.skip">src/pymortests/riccati.py:60: Suite splitting in effect</skipped></testcase><testcase classname="src.pymortests.riccati" file="src/pymortests/riccati.py" line="60" name="test_ricc_lrcf[300-pymess_lrnm-False-True-False-False-1-1]" time="0.0004353523254394531"><skipped message="Suite splitting in effect" type="pytest.skip">src/pymortests/riccati.py:60: Suite splitting in effect</skipped></testcase><testcase classname="src.pymortests.riccati" file="src/pymortests/riccati.py" line="60" name="test_ricc_lrcf[300-pymess_lrnm-False-True-False-False-1-2]" time="0.0004019737243652344"><skipped message="Suite splitting in effect" type="pytest.skip">src/pymortests/riccati.py:60: Suite splitting in effect</skipped></testcase><testcase classname="src.pymortests.riccati" file="src/pymortests/riccati.py" line="60" name="test_ricc_lrcf[300-pymess_lrnm-False-True-False-False-2-1]" time="0.0004227161407470703"><skipped message="Suite splitting in effect" type="pytest.skip">src/pymortests/riccati.py:60: Suite splitting in effect</skipped></testcase><testcase classname="src.pymortests.riccati" file="src/pymortests/riccati.py" line="60" name="test_ricc_lrcf[300-pymess_lrnm-False-True-False-False-2-2]" time="0.0004475116729736328"><skipped message="Suite splitting in effect" type="pytest.skip">src/pymortests/riccati.py:60: Suite splitting in effect</skipped></testcase><testcase classname="src.pymortests.riccati" file="src/pymortests/riccati.py" line="60" name="test_ricc_lrcf[300-pymess_lrnm-False-True-False-True-1-1]" time="0.00042629241943359375"><skipped message="Suite splitting in effect" type="pytest.skip">src/pymortests/riccati.py:60: Suite splitting in effect</skipped></testcase><testcase classname="src.pymortests.riccati" file="src/pymortests/riccati.py" line="60" name="test_ricc_lrcf[300-pymess_lrnm-False-True-False-True-1-2]" time="0.0004189014434814453"><skipped message="Suite splitting in effect" type="pytest.skip">src/pymortests/riccati.py:60: Suite splitting in effect</skipped></testcase><testcase classname="src.pymortests.riccati" file="src/pymortests/riccati.py" line="60" name="test_ricc_lrcf[300-pymess_lrnm-False-True-False-True-2-1]" time="0.0004222393035888672"><skipped message="Suite splitting in effect" type="pytest.skip">src/pymortests/riccati.py:60: Suite splitting in effect</skipped></testcase><testcase classname="src.pymortests.riccati" file="src/pymortests/riccati.py" line="60" name="test_ricc_lrcf[300-pymess_lrnm-False-True-False-True-2-2]" time="0.0004436969757080078"><skipped message="Suite splitting in effect" type="pytest.skip">src/pymortests/riccati.py:60: Suite splitting in effect</skipped></testcase><testcase classname="src.pymortests.riccati" file="src/pymortests/riccati.py" line="60" name="test_ricc_lrcf[300-pymess_lrnm-False-True-True-False-1-1]" time="0.00041031837463378906"><skipped message="Suite splitting in effect" type="pytest.skip">src/pymortests/riccati.py:60: Suite splitting in effect</skipped></testcase><testcase classname="src.pymortests.riccati" file="src/pymortests/riccati.py" line="60" name="test_ricc_lrcf[300-pymess_lrnm-False-True-True-False-1-2]" time="0.00042819976806640625"><skipped message="Suite splitting in effect" type="pytest.skip">src/pymortests/riccati.py:60: Suite splitting in effect</skipped></testcase><testcase classname="src.pymortests.riccati" file="src/pymortests/riccati.py" line="60" name="test_ricc_lrcf[300-pymess_lrnm-False-True-True-False-2-1]" time="0.00039267539978027344"><skipped message="Suite splitting in effect" type="pytest.skip">src/pymortests/riccati.py:60: Suite splitting in effect</skipped></testcase><testcase classname="src.pymortests.riccati" file="src/pymortests/riccati.py" line="60" name="test_ricc_lrcf[300-pymess_lrnm-False-True-True-False-2-2]" time="0.00043845176696777344"><skipped message="Suite splitting in effect" type="pytest.skip">src/pymortests/riccati.py:60: Suite splitting in effect</skipped></testcase><testcase classname="src.pymortests.riccati" file="src/pymortests/riccati.py" line="60" name="test_ricc_lrcf[300-pymess_lrnm-False-True-True-True-1-1]" time="0.0004258155822753906"><skipped message="Suite splitting in effect" type="pytest.skip">src/pymortests/riccati.py:60: Suite splitting in effect</skipped></testcase><testcase classname="src.pymortests.riccati" file="src/pymortests/riccati.py" line="60" name="test_ricc_lrcf[300-pymess_lrnm-False-True-True-True-1-2]" time="0.00041031837463378906"><skipped message="Suite splitting in effect" type="pytest.skip">src/pymortests/riccati.py:60: Suite splitting in effect</skipped></testcase><testcase classname="src.pymortests.riccati" file="src/pymortests/riccati.py" line="60" name="test_ricc_lrcf[300-pymess_lrnm-False-True-True-True-2-1]" time="0.00040721893310546875"><skipped message="Suite splitting in effect" type="pytest.skip">src/pymortests/riccati.py:60: Suite splitting in effect</skipped></testcase><testcase classname="src.pymortests.riccati" file="src/pymortests/riccati.py" line="60" name="test_ricc_lrcf[300-pymess_lrnm-False-True-True-True-2-2]" time="0.00042748451232910156"><skipped message="Suite splitting in effect" type="pytest.skip">src/pymortests/riccati.py:60: Suite splitting in effect</skipped></testcase><testcase classname="src.pymortests.riccati" file="src/pymortests/riccati.py" line="60" name="test_ricc_lrcf[300-pymess_lrnm-True-False-False-False-1-1]" time="0.0003879070281982422"><skipped message="Suite splitting in effect" type="pytest.skip">src/pymortests/riccati.py:60: Suite splitting in effect</skipped></testcase><testcase classname="src.pymortests.riccati" file="src/pymortests/riccati.py" line="60" name="test_ricc_lrcf[300-pymess_lrnm-True-False-False-False-1-2]" time="0.00042366981506347656"><skipped message="Suite splitting in effect" type="pytest.skip">src/pymortests/riccati.py:60: Suite splitting in effect</skipped></testcase><testcase classname="src.pymortests.riccati" file="src/pymortests/riccati.py" line="60" name="test_ricc_lrcf[300-pymess_lrnm-True-False-False-False-2-1]" time="0.00041675567626953125"><skipped message="Suite splitting in effect" type="pytest.skip">src/pymortests/riccati.py:60: Suite splitting in effect</skipped></testcase><testcase classname="src.pymortests.riccati" file="src/pymortests/riccati.py" line="60" name="test_ricc_lrcf[300-pymess_lrnm-True-False-False-False-2-2]" time="0.0004401206970214844"><skipped message="Suite splitting in effect" type="pytest.skip">src/pymortests/riccati.py:60: Suite splitting in effect</skipped></testcase><testcase classname="src.pymortests.riccati" file="src/pymortests/riccati.py" line="60" name="test_ricc_lrcf[300-pymess_lrnm-True-False-False-True-1-1]" time="0.00039315223693847656"><skipped message="Suite splitting in effect" type="pytest.skip">src/pymortests/riccati.py:60: Suite splitting in effect</skipped></testcase><testcase classname="src.pymortests.riccati" file="src/pymortests/riccati.py" line="60" name="test_ricc_lrcf[300-pymess_lrnm-True-False-False-True-1-2]" time="0.0004284381866455078"><skipped message="Suite splitting in effect" type="pytest.skip">src/pymortests/riccati.py:60: Suite splitting in effect</skipped></testcase><testcase classname="src.pymortests.riccati" file="src/pymortests/riccati.py" line="60" name="test_ricc_lrcf[300-pymess_lrnm-True-False-False-True-2-1]" time="0.00040721893310546875"><skipped message="Suite splitting in effect" type="pytest.skip">src/pymortests/riccati.py:60: Suite splitting in effect</skipped></testcase><testcase classname="src.pymortests.riccati" file="src/pymortests/riccati.py" line="60" name="test_ricc_lrcf[300-pymess_lrnm-True-False-False-True-2-2]" time="0.0004527568817138672"><skipped message="Suite splitting in effect" type="pytest.skip">src/pymortests/riccati.py:60: Suite splitting in effect</skipped></testcase><testcase classname="src.pymortests.riccati" file="src/pymortests/riccati.py" line="60" name="test_ricc_lrcf[300-pymess_lrnm-True-True-False-False-1-1]" time="0.0004024505615234375"><skipped message="Suite splitting in effect" type="pytest.skip">src/pymortests/riccati.py:60: Suite splitting in effect</skipped></testcase><testcase classname="src.pymortests.riccati" file="src/pymortests/riccati.py" line="60" name="test_ricc_lrcf[300-pymess_lrnm-True-True-False-False-1-2]" time="0.0004124641418457031"><skipped message="Suite splitting in effect" type="pytest.skip">src/pymortests/riccati.py:60: Suite splitting in effect</skipped></testcase><testcase classname="src.pymortests.riccati" file="src/pymortests/riccati.py" line="60" name="test_ricc_lrcf[300-pymess_lrnm-True-True-False-False-2-1]" time="0.00039267539978027344"><skipped message="Suite splitting in effect" type="pytest.skip">src/pymortests/riccati.py:60: Suite splitting in effect</skipped></testcase><testcase classname="src.pymortests.riccati" file="src/pymortests/riccati.py" line="60" name="test_ricc_lrcf[300-pymess_lrnm-True-True-False-False-2-2]" time="0.0004391670227050781"><skipped message="Suite splitting in effect" type="pytest.skip">src/pymortests/riccati.py:60: Suite splitting in effect</skipped></testcase><testcase classname="src.pymortests.riccati" file="src/pymortests/riccati.py" line="60" name="test_ricc_lrcf[300-pymess_lrnm-True-True-False-True-1-1]" time="0.0003993511199951172"><skipped message="Suite splitting in effect" type="pytest.skip">src/pymortests/riccati.py:60: Suite splitting in effect</skipped></testcase><testcase classname="src.pymortests.riccati" file="src/pymortests/riccati.py" line="60" name="test_ricc_lrcf[300-pymess_lrnm-True-True-False-True-1-2]" time="0.0004127025604248047"><skipped message="Suite splitting in effect" type="pytest.skip">src/pymortests/riccati.py:60: Suite splitting in effect</skipped></testcase><testcase classname="src.pymortests.riccati" file="src/pymortests/riccati.py" line="60" name="test_ricc_lrcf[300-pymess_lrnm-True-True-False-True-2-1]" time="0.0003972053527832031"><skipped message="Suite splitting in effect" type="pytest.skip">src/pymortests/riccati.py:60: Suite splitting in effect</skipped></testcase><testcase classname="src.pymortests.riccati" file="src/pymortests/riccati.py" line="60" name="test_ricc_lrcf[300-pymess_lrnm-True-True-False-True-2-2]" time="0.0004162788391113281"><skipped message="Suite splitting in effect" type="pytest.skip">src/pymortests/riccati.py:60: Suite splitting in effect</skipped></testcase><testcase classname="src.pymortests.riccati" file="src/pymortests/riccati.py" line="60" name="test_ricc_lrcf[300-pymess_lrnm-True-True-True-False-1-1]" time="0.0004076957702636719"><skipped message="Suite splitting in effect" type="pytest.skip">src/pymortests/riccati.py:60: Suite splitting in effect</skipped></testcase><testcase classname="src.pymortests.riccati" file="src/pymortests/riccati.py" line="60" name="test_ricc_lrcf[300-pymess_lrnm-True-True-True-False-1-2]" time="0.00045561790466308594"><skipped message="Suite splitting in effect" type="pytest.skip">src/pymortests/riccati.py:60: Suite splitting in effect</skipped></testcase><testcase classname="src.pymortests.riccati" file="src/pymortests/riccati.py" line="60" name="test_ricc_lrcf[300-pymess_lrnm-True-True-True-False-2-1]" time="0.00040650367736816406"><skipped message="Suite splitting in effect" type="pytest.skip">src/pymortests/riccati.py:60: Suite splitting in effect</skipped></testcase><testcase classname="src.pymortests.riccati" file="src/pymortests/riccati.py" line="60" name="test_ricc_lrcf[300-pymess_lrnm-True-True-True-False-2-2]" time="0.0004134178161621094"><skipped message="Suite splitting in effect" type="pytest.skip">src/pymortests/riccati.py:60: Suite splitting in effect</skipped></testcase><testcase classname="src.pymortests.riccati" file="src/pymortests/riccati.py" line="60" name="test_ricc_lrcf[300-pymess_lrnm-True-True-True-True-1-1]" time="0.000415802001953125"><skipped message="Suite splitting in effect" type="pytest.skip">src/pymortests/riccati.py:60: Suite splitting in effect</skipped></testcase><testcase classname="src.pymortests.riccati" file="src/pymortests/riccati.py" line="60" name="test_ricc_lrcf[300-pymess_lrnm-True-True-True-True-1-2]" time="0.00043010711669921875"><skipped message="Suite splitting in effect" type="pytest.skip">src/pymortests/riccati.py:60: Suite splitting in effect</skipped></testcase><testcase classname="src.pymortests.riccati" file="src/pymortests/riccati.py" line="60" name="test_ricc_lrcf[300-pymess_lrnm-True-True-True-True-2-1]" time="0.0004863739013671875"><skipped message="Suite splitting in effect" type="pytest.skip">src/pymortests/riccati.py:60: Suite splitting in effect</skipped></testcase><testcase classname="src.pymortests.riccati" file="src/pymortests/riccati.py" line="60" name="test_ricc_lrcf[300-pymess_lrnm-True-True-True-True-2-2]" time="0.000400543212890625"><skipped message="Suite splitting in effect" type="pytest.skip">src/pymortests/riccati.py:60: Suite splitting in effect</skipped></testcase><testcase classname="src.pymortests.riccati" file="src/pymortests/riccati.py" line="105" name="test_pos_ricc_lrcf[scipy-False-False-False-False-1-1-10]" time="0.00041103363037109375"><skipped message="Suite splitting in effect" type="pytest.skip">src/pymortests/riccati.py:105: Suite splitting in effect</skipped></testcase><testcase classname="src.pymortests.riccati" file="src/pymortests/riccati.py" line="105" name="test_pos_ricc_lrcf[scipy-False-False-False-False-1-1-20]" time="0.000400543212890625"><skipped message="Suite splitting in effect" type="pytest.skip">src/pymortests/riccati.py:105: Suite splitting in effect</skipped></testcase><testcase classname="src.pymortests.riccati" file="src/pymortests/riccati.py" line="105" name="test_pos_ricc_lrcf[scipy-False-False-False-False-1-2-10]" time="0.0004444122314453125"><skipped message="Suite splitting in effect" type="pytest.skip">src/pymortests/riccati.py:105: Suite splitting in effect</skipped></testcase><testcase classname="src.pymortests.riccati" file="src/pymortests/riccati.py" line="105" name="test_pos_ricc_lrcf[scipy-False-False-False-False-1-2-20]" time="0.0004119873046875"><skipped message="Suite splitting in effect" type="pytest.skip">src/pymortests/riccati.py:105: Suite splitting in effect</skipped></testcase><testcase classname="src.pymortests.riccati" file="src/pymortests/riccati.py" line="105" name="test_pos_ricc_lrcf[scipy-False-False-False-False-2-1-10]" time="0.00040650367736816406"><skipped message="Suite splitting in effect" type="pytest.skip">src/pymortests/riccati.py:105: Suite splitting in effect</skipped></testcase><testcase classname="src.pymortests.riccati" file="src/pymortests/riccati.py" line="105" name="test_pos_ricc_lrcf[scipy-False-False-False-False-2-1-20]" time="0.0004031658172607422"><skipped message="Suite splitting in effect" type="pytest.skip">src/pymortests/riccati.py:105: Suite splitting in effect</skipped></testcase><testcase classname="src.pymortests.riccati" file="src/pymortests/riccati.py" line="105" name="test_pos_ricc_lrcf[scipy-False-False-False-False-2-2-10]" time="0.0004200935363769531"><skipped message="Suite splitting in effect" type="pytest.skip">src/pymortests/riccati.py:105: Suite splitting in effect</skipped></testcase><testcase classname="src.pymortests.riccati" file="src/pymortests/riccati.py" line="105" name="test_pos_ricc_lrcf[scipy-False-False-False-False-2-2-20]" time="0.0004239082336425781"><skipped message="Suite splitting in effect" type="pytest.skip">src/pymortests/riccati.py:105: Suite splitting in effect</skipped></testcase><testcase classname="src.pymortests.riccati" file="src/pymortests/riccati.py" line="105" name="test_pos_ricc_lrcf[scipy-False-False-False-True-1-1-10]" time="0.000392913818359375"><skipped message="Suite splitting in effect" type="pytest.skip">src/pymortests/riccati.py:105: Suite splitting in effect</skipped></testcase><testcase classname="src.pymortests.riccati" file="src/pymortests/riccati.py" line="105" name="test_pos_ricc_lrcf[scipy-False-False-False-True-1-1-20]" time="0.00043201446533203125"><skipped message="Suite splitting in effect" type="pytest.skip">src/pymortests/riccati.py:105: Suite splitting in effect</skipped></testcase><testcase classname="src.pymortests.riccati" file="src/pymortests/riccati.py" line="105" name="test_pos_ricc_lrcf[scipy-False-False-False-True-1-2-10]" time="0.00040149688720703125"><skipped message="Suite splitting in effect" type="pytest.skip">src/pymortests/riccati.py:105: Suite splitting in effect</skipped></testcase><testcase classname="src.pymortests.riccati" file="src/pymortests/riccati.py" line="105" name="test_pos_ricc_lrcf[scipy-False-False-False-True-1-2-20]" time="0.0004134178161621094"><skipped message="Suite splitting in effect" type="pytest.skip">src/pymortests/riccati.py:105: Suite splitting in effect</skipped></testcase><testcase classname="src.pymortests.riccati" file="src/pymortests/riccati.py" line="105" name="test_pos_ricc_lrcf[scipy-False-False-False-True-2-1-10]" time="0.0004088878631591797"><skipped message="Suite splitting in effect" type="pytest.skip">src/pymortests/riccati.py:105: Suite splitting in effect</skipped></testcase><testcase classname="src.pymortests.riccati" file="src/pymortests/riccati.py" line="105" name="test_pos_ricc_lrcf[scipy-False-False-False-True-2-1-20]" time="0.00040149688720703125"><skipped message="Suite splitting in effect" type="pytest.skip">src/pymortests/riccati.py:105: Suite splitting in effect</skipped></testcase><testcase classname="src.pymortests.riccati" file="src/pymortests/riccati.py" line="105" name="test_pos_ricc_lrcf[scipy-False-False-False-True-2-2-10]" time="0.00041484832763671875"><skipped message="Suite splitting in effect" type="pytest.skip">src/pymortests/riccati.py:105: Suite splitting in effect</skipped></testcase><testcase classname="src.pymortests.riccati" file="src/pymortests/riccati.py" line="105" name="test_pos_ricc_lrcf[scipy-False-False-False-True-2-2-20]" time="0.0006525516510009766"><skipped message="Suite splitting in effect" type="pytest.skip">src/pymortests/riccati.py:105: Suite splitting in effect</skipped></testcase><testcase classname="src.pymortests.riccati" file="src/pymortests/riccati.py" line="105" name="test_pos_ricc_lrcf[scipy-False-True-False-False-1-1-10]" time="0.0004031658172607422"><skipped message="Suite splitting in effect" type="pytest.skip">src/pymortests/riccati.py:105: Suite splitting in effect</skipped></testcase><testcase classname="src.pymortests.riccati" file="src/pymortests/riccati.py" line="105" name="test_pos_ricc_lrcf[scipy-False-True-False-False-1-1-20]" time="0.0004177093505859375"><skipped message="Suite splitting in effect" type="pytest.skip">src/pymortests/riccati.py:105: Suite splitting in effect</skipped></testcase><testcase classname="src.pymortests.riccati" file="src/pymortests/riccati.py" line="105" name="test_pos_ricc_lrcf[scipy-False-True-False-False-1-2-10]" time="0.0004150867462158203"><skipped message="Suite splitting in effect" type="pytest.skip">src/pymortests/riccati.py:105: Suite splitting in effect</skipped></testcase><testcase classname="src.pymortests.riccati" file="src/pymortests/riccati.py" line="105" name="test_pos_ricc_lrcf[scipy-False-True-False-False-1-2-20]" time="0.00042438507080078125"><skipped message="Suite splitting in effect" type="pytest.skip">src/pymortests/riccati.py:105: Suite splitting in effect</skipped></testcase><testcase classname="src.pymortests.riccati" file="src/pymortests/riccati.py" line="105" name="test_pos_ricc_lrcf[scipy-False-True-False-False-2-1-10]" time="0.00039649009704589844"><skipped message="Suite splitting in effect" type="pytest.skip">src/pymortests/riccati.py:105: Suite splitting in effect</skipped></testcase><testcase classname="src.pymortests.riccati" file="src/pymortests/riccati.py" line="105" name="test_pos_ricc_lrcf[scipy-False-True-False-False-2-1-20]" time="0.0005717277526855469"><skipped message="Suite splitting in effect" type="pytest.skip">src/pymortests/riccati.py:105: Suite splitting in effect</skipped></testcase><testcase classname="src.pymortests.riccati" file="src/pymortests/riccati.py" line="105" name="test_pos_ricc_lrcf[scipy-False-True-False-False-2-2-10]" time="0.00041985511779785156"><skipped message="Suite splitting in effect" type="pytest.skip">src/pymortests/riccati.py:105: Suite splitting in effect</skipped></testcase><testcase classname="src.pymortests.riccati" file="src/pymortests/riccati.py" line="105" name="test_pos_ricc_lrcf[scipy-False-True-False-False-2-2-20]" time="0.0004456043243408203"><skipped message="Suite splitting in effect" type="pytest.skip">src/pymortests/riccati.py:105: Suite splitting in effect</skipped></testcase><testcase classname="src.pymortests.riccati" file="src/pymortests/riccati.py" line="105" name="test_pos_ricc_lrcf[scipy-False-True-False-True-1-1-10]" time="0.0004146099090576172"><skipped message="Suite splitting in effect" type="pytest.skip">src/pymortests/riccati.py:105: Suite splitting in effect</skipped></testcase><testcase classname="src.pymortests.riccati" file="src/pymortests/riccati.py" line="105" name="test_pos_ricc_lrcf[scipy-False-True-False-True-1-1-20]" time="0.00040841102600097656"><skipped message="Suite splitting in effect" type="pytest.skip">src/pymortests/riccati.py:105: Suite splitting in effect</skipped></testcase><testcase classname="src.pymortests.riccati" file="src/pymortests/riccati.py" line="105" name="test_pos_ricc_lrcf[scipy-False-True-False-True-1-2-10]" time="0.0003943443298339844"><skipped message="Suite splitting in effect" type="pytest.skip">src/pymortests/riccati.py:105: Suite splitting in effect</skipped></testcase><testcase classname="src.pymortests.riccati" file="src/pymortests/riccati.py" line="105" name="test_pos_ricc_lrcf[scipy-False-True-False-True-1-2-20]" time="0.0004062652587890625"><skipped message="Suite splitting in effect" type="pytest.skip">src/pymortests/riccati.py:105: Suite splitting in effect</skipped></testcase><testcase classname="src.pymortests.riccati" file="src/pymortests/riccati.py" line="105" name="test_pos_ricc_lrcf[scipy-False-True-False-True-2-1-10]" time="0.0004181861877441406"><skipped message="Suite splitting in effect" type="pytest.skip">src/pymortests/riccati.py:105: Suite splitting in effect</skipped></testcase><testcase classname="src.pymortests.riccati" file="src/pymortests/riccati.py" line="105" name="test_pos_ricc_lrcf[scipy-False-True-False-True-2-1-20]" time="0.00041222572326660156"><skipped message="Suite splitting in effect" type="pytest.skip">src/pymortests/riccati.py:105: Suite splitting in effect</skipped></testcase><testcase classname="src.pymortests.riccati" file="src/pymortests/riccati.py" line="105" name="test_pos_ricc_lrcf[scipy-False-True-False-True-2-2-10]" time="0.0004303455352783203"><skipped message="Suite splitting in effect" type="pytest.skip">src/pymortests/riccati.py:105: Suite splitting in effect</skipped></testcase><testcase classname="src.pymortests.riccati" file="src/pymortests/riccati.py" line="105" name="test_pos_ricc_lrcf[scipy-False-True-False-True-2-2-20]" time="0.0004222393035888672"><skipped message="Suite splitting in effect" type="pytest.skip">src/pymortests/riccati.py:105: Suite splitting in effect</skipped></testcase><testcase classname="src.pymortests.riccati" file="src/pymortests/riccati.py" line="105" name="test_pos_ricc_lrcf[scipy-False-True-True-False-1-1-10]" time="0.00040912628173828125"><skipped message="Suite splitting in effect" type="pytest.skip">src/pymortests/riccati.py:105: Suite splitting in effect</skipped></testcase><testcase classname="src.pymortests.riccati" file="src/pymortests/riccati.py" line="105" name="test_pos_ricc_lrcf[scipy-False-True-True-False-1-1-20]" time="0.0004050731658935547"><skipped message="Suite splitting in effect" type="pytest.skip">src/pymortests/riccati.py:105: Suite splitting in effect</skipped></testcase><testcase classname="src.pymortests.riccati" file="src/pymortests/riccati.py" line="105" name="test_pos_ricc_lrcf[scipy-False-True-True-False-1-2-10]" time="0.00039839744567871094"><skipped message="Suite splitting in effect" type="pytest.skip">src/pymortests/riccati.py:105: Suite splitting in effect</skipped></testcase><testcase classname="src.pymortests.riccati" file="src/pymortests/riccati.py" line="105" name="test_pos_ricc_lrcf[scipy-False-True-True-False-1-2-20]" time="0.0004112720489501953"><skipped message="Suite splitting in effect" type="pytest.skip">src/pymortests/riccati.py:105: Suite splitting in effect</skipped></testcase><testcase classname="src.pymortests.riccati" file="src/pymortests/riccati.py" line="105" name="test_pos_ricc_lrcf[scipy-False-True-True-False-2-1-10]" time="0.0004341602325439453"><skipped message="Suite splitting in effect" type="pytest.skip">src/pymortests/riccati.py:105: Suite splitting in effect</skipped></testcase><testcase classname="src.pymortests.riccati" file="src/pymortests/riccati.py" line="105" name="test_pos_ricc_lrcf[scipy-False-True-True-False-2-1-20]" time="0.0004096031188964844"><skipped message="Suite splitting in effect" type="pytest.skip">src/pymortests/riccati.py:105: Suite splitting in effect</skipped></testcase><testcase classname="src.pymortests.riccati" file="src/pymortests/riccati.py" line="105" name="test_pos_ricc_lrcf[scipy-False-True-True-False-2-2-10]" time="0.00042939186096191406"><skipped message="Suite splitting in effect" type="pytest.skip">src/pymortests/riccati.py:105: Suite splitting in effect</skipped></testcase><testcase classname="src.pymortests.riccati" file="src/pymortests/riccati.py" line="105" name="test_pos_ricc_lrcf[scipy-False-True-True-False-2-2-20]" time="0.0003943443298339844"><skipped message="Suite splitting in effect" type="pytest.skip">src/pymortests/riccati.py:105: Suite splitting in effect</skipped></testcase><testcase classname="src.pymortests.riccati" file="src/pymortests/riccati.py" line="105" name="test_pos_ricc_lrcf[scipy-False-True-True-True-1-1-10]" time="0.00042748451232910156"><skipped message="Suite splitting in effect" type="pytest.skip">src/pymortests/riccati.py:105: Suite splitting in effect</skipped></testcase><testcase classname="src.pymortests.riccati" file="src/pymortests/riccati.py" line="105" name="test_pos_ricc_lrcf[scipy-False-True-True-True-1-1-20]" time="0.0004055500030517578"><skipped message="Suite splitting in effect" type="pytest.skip">src/pymortests/riccati.py:105: Suite splitting in effect</skipped></testcase><testcase classname="src.pymortests.riccati" file="src/pymortests/riccati.py" line="105" name="test_pos_ricc_lrcf[scipy-False-True-True-True-1-2-10]" time="0.0005588531494140625"><skipped message="Suite splitting in effect" type="pytest.skip">src/pymortests/riccati.py:105: Suite splitting in effect</skipped></testcase><testcase classname="src.pymortests.riccati" file="src/pymortests/riccati.py" line="105" name="test_pos_ricc_lrcf[scipy-False-True-True-True-1-2-20]" time="0.000392913818359375"><skipped message="Suite splitting in effect" type="pytest.skip">src/pymortests/riccati.py:105: Suite splitting in effect</skipped></testcase><testcase classname="src.pymortests.riccati" file="src/pymortests/riccati.py" line="105" name="test_pos_ricc_lrcf[scipy-False-True-True-True-2-1-10]" time="0.0004265308380126953"><skipped message="Suite splitting in effect" type="pytest.skip">src/pymortests/riccati.py:105: Suite splitting in effect</skipped></testcase><testcase classname="src.pymortests.riccati" file="src/pymortests/riccati.py" line="105" name="test_pos_ricc_lrcf[scipy-False-True-True-True-2-1-20]" time="0.00039768218994140625"><skipped message="Suite splitting in effect" type="pytest.skip">src/pymortests/riccati.py:105: Suite splitting in effect</skipped></testcase><testcase classname="src.pymortests.riccati" file="src/pymortests/riccati.py" line="105" name="test_pos_ricc_lrcf[scipy-False-True-True-True-2-2-10]" time="0.00040841102600097656"><skipped message="Suite splitting in effect" type="pytest.skip">src/pymortests/riccati.py:105: Suite splitting in effect</skipped></testcase><testcase classname="src.pymortests.riccati" file="src/pymortests/riccati.py" line="105" name="test_pos_ricc_lrcf[scipy-False-True-True-True-2-2-20]" time="0.00041484832763671875"><skipped message="Suite splitting in effect" type="pytest.skip">src/pymortests/riccati.py:105: Suite splitting in effect</skipped></testcase><testcase classname="src.pymortests.riccati" file="src/pymortests/riccati.py" line="105" name="test_pos_ricc_lrcf[scipy-True-False-False-False-1-1-10]" time="0.00038886070251464844"><skipped message="Suite splitting in effect" type="pytest.skip">src/pymortests/riccati.py:105: Suite splitting in effect</skipped></testcase><testcase classname="src.pymortests.riccati" file="src/pymortests/riccati.py" line="105" name="test_pos_ricc_lrcf[scipy-True-False-False-False-1-1-20]" time="0.0004451274871826172"><skipped message="Suite splitting in effect" type="pytest.skip">src/pymortests/riccati.py:105: Suite splitting in effect</skipped></testcase><testcase classname="src.pymortests.riccati" file="src/pymortests/riccati.py" line="105" name="test_pos_ricc_lrcf[scipy-True-False-False-False-1-2-10]" time="0.00039076805114746094"><skipped message="Suite splitting in effect" type="pytest.skip">src/pymortests/riccati.py:105: Suite splitting in effect</skipped></testcase><testcase classname="src.pymortests.riccati" file="src/pymortests/riccati.py" line="105" name="test_pos_ricc_lrcf[scipy-True-False-False-False-1-2-20]" time="0.0004329681396484375"><skipped message="Suite splitting in effect" type="pytest.skip">src/pymortests/riccati.py:105: Suite splitting in effect</skipped></testcase><testcase classname="src.pymortests.riccati" file="src/pymortests/riccati.py" line="105" name="test_pos_ricc_lrcf[scipy-True-False-False-False-2-1-10]" time="0.00039839744567871094"><skipped message="Suite splitting in effect" type="pytest.skip">src/pymortests/riccati.py:105: Suite splitting in effect</skipped></testcase><testcase classname="src.pymortests.riccati" file="src/pymortests/riccati.py" line="105" name="test_pos_ricc_lrcf[scipy-True-False-False-False-2-1-20]" time="0.00042629241943359375"><skipped message="Suite splitting in effect" type="pytest.skip">src/pymortests/riccati.py:105: Suite splitting in effect</skipped></testcase><testcase classname="src.pymortests.riccati" file="src/pymortests/riccati.py" line="105" name="test_pos_ricc_lrcf[scipy-True-False-False-False-2-2-10]" time="0.0003981590270996094"><skipped message="Suite splitting in effect" type="pytest.skip">src/pymortests/riccati.py:105: Suite splitting in effect</skipped></testcase><testcase classname="src.pymortests.riccati" file="src/pymortests/riccati.py" line="105" name="test_pos_ricc_lrcf[scipy-True-False-False-False-2-2-20]" time="0.00040841102600097656"><skipped message="Suite splitting in effect" type="pytest.skip">src/pymortests/riccati.py:105: Suite splitting in effect</skipped></testcase><testcase classname="src.pymortests.riccati" file="src/pymortests/riccati.py" line="105" name="test_pos_ricc_lrcf[scipy-True-False-False-True-1-1-10]" time="0.00046515464782714844"><skipped message="Suite splitting in effect" type="pytest.skip">src/pymortests/riccati.py:105: Suite splitting in effect</skipped></testcase><testcase classname="src.pymortests.riccati" file="src/pymortests/riccati.py" line="105" name="test_pos_ricc_lrcf[scipy-True-False-False-True-1-1-20]" time="0.0004248619079589844"><skipped message="Suite splitting in effect" type="pytest.skip">src/pymortests/riccati.py:105: Suite splitting in effect</skipped></testcase><testcase classname="src.pymortests.riccati" file="src/pymortests/riccati.py" line="105" name="test_pos_ricc_lrcf[scipy-True-False-False-True-1-2-10]" time="0.0004177093505859375"><skipped message="Suite splitting in effect" type="pytest.skip">src/pymortests/riccati.py:105: Suite splitting in effect</skipped></testcase><testcase classname="src.pymortests.riccati" file="src/pymortests/riccati.py" line="105" name="test_pos_ricc_lrcf[scipy-True-False-False-True-1-2-20]" time="0.0004012584686279297"><skipped message="Suite splitting in effect" type="pytest.skip">src/pymortests/riccati.py:105: Suite splitting in effect</skipped></testcase><testcase classname="src.pymortests.riccati" file="src/pymortests/riccati.py" line="105" name="test_pos_ricc_lrcf[scipy-True-False-False-True-2-1-10]" time="0.00041747093200683594"><skipped message="Suite splitting in effect" type="pytest.skip">src/pymortests/riccati.py:105: Suite splitting in effect</skipped></testcase><testcase classname="src.pymortests.riccati" file="src/pymortests/riccati.py" line="105" name="test_pos_ricc_lrcf[scipy-True-False-False-True-2-1-20]" time="0.0004191398620605469"><skipped message="Suite splitting in effect" type="pytest.skip">src/pymortests/riccati.py:105: Suite splitting in effect</skipped></testcase><testcase classname="src.pymortests.riccati" file="src/pymortests/riccati.py" line="105" name="test_pos_ricc_lrcf[scipy-True-False-False-True-2-2-10]" time="0.00041937828063964844"><skipped message="Suite splitting in effect" type="pytest.skip">src/pymortests/riccati.py:105: Suite splitting in effect</skipped></testcase><testcase classname="src.pymortests.riccati" file="src/pymortests/riccati.py" line="105" name="test_pos_ricc_lrcf[scipy-True-False-False-True-2-2-20]" time="0.0004086494445800781"><skipped message="Suite splitting in effect" type="pytest.skip">src/pymortests/riccati.py:105: Suite splitting in effect</skipped></testcase><testcase classname="src.pymortests.riccati" file="src/pymortests/riccati.py" line="105" name="test_pos_ricc_lrcf[scipy-True-True-False-False-1-1-10]" time="0.00039958953857421875"><skipped message="Suite splitting in effect" type="pytest.skip">src/pymortests/riccati.py:105: Suite splitting in effect</skipped></testcase><testcase classname="src.pymortests.riccati" file="src/pymortests/riccati.py" line="105" name="test_pos_ricc_lrcf[scipy-True-True-False-False-1-1-20]" time="0.0004432201385498047"><skipped message="Suite splitting in effect" type="pytest.skip">src/pymortests/riccati.py:105: Suite splitting in effect</skipped></testcase><testcase classname="src.pymortests.riccati" file="src/pymortests/riccati.py" line="105" name="test_pos_ricc_lrcf[scipy-True-True-False-False-1-2-10]" time="0.0004203319549560547"><skipped message="Suite splitting in effect" type="pytest.skip">src/pymortests/riccati.py:105: Suite splitting in effect</skipped></testcase><testcase classname="src.pymortests.riccati" file="src/pymortests/riccati.py" line="105" name="test_pos_ricc_lrcf[scipy-True-True-False-False-1-2-20]" time="0.0004131793975830078"><skipped message="Suite splitting in effect" type="pytest.skip">src/pymortests/riccati.py:105: Suite splitting in effect</skipped></testcase><testcase classname="src.pymortests.riccati" file="src/pymortests/riccati.py" line="105" name="test_pos_ricc_lrcf[scipy-True-True-False-False-2-1-10]" time="0.0004258155822753906"><skipped message="Suite splitting in effect" type="pytest.skip">src/pymortests/riccati.py:105: Suite splitting in effect</skipped></testcase><testcase classname="src.pymortests.riccati" file="src/pymortests/riccati.py" line="105" name="test_pos_ricc_lrcf[scipy-True-True-False-False-2-1-20]" time="0.0004658699035644531"><skipped message="Suite splitting in effect" type="pytest.skip">src/pymortests/riccati.py:105: Suite splitting in effect</skipped></testcase><testcase classname="src.pymortests.riccati" file="src/pymortests/riccati.py" line="105" name="test_pos_ricc_lrcf[scipy-True-True-False-False-2-2-10]" time="0.0004811286926269531"><skipped message="Suite splitting in effect" type="pytest.skip">src/pymortests/riccati.py:105: Suite splitting in effect</skipped></testcase><testcase classname="src.pymortests.riccati" file="src/pymortests/riccati.py" line="105" name="test_pos_ricc_lrcf[scipy-True-True-False-False-2-2-20]" time="0.0003914833068847656"><skipped message="Suite splitting in effect" type="pytest.skip">src/pymortests/riccati.py:105: Suite splitting in effect</skipped></testcase><testcase classname="src.pymortests.riccati" file="src/pymortests/riccati.py" line="105" name="test_pos_ricc_lrcf[scipy-True-True-False-True-1-1-10]" time="0.00043201446533203125"><skipped message="Suite splitting in effect" type="pytest.skip">src/pymortests/riccati.py:105: Suite splitting in effect</skipped></testcase><testcase classname="src.pymortests.riccati" file="src/pymortests/riccati.py" line="105" name="test_pos_ricc_lrcf[scipy-True-True-False-True-1-1-20]" time="0.0003986358642578125"><skipped message="Suite splitting in effect" type="pytest.skip">src/pymortests/riccati.py:105: Suite splitting in effect</skipped></testcase><testcase classname="src.pymortests.riccati" file="src/pymortests/riccati.py" line="105" name="test_pos_ricc_lrcf[scipy-True-True-False-True-1-2-10]" time="0.00048041343688964844"><skipped message="Suite splitting in effect" type="pytest.skip">src/pymortests/riccati.py:105: Suite splitting in effect</skipped></testcase><testcase classname="src.pymortests.riccati" file="src/pymortests/riccati.py" line="105" name="test_pos_ricc_lrcf[scipy-True-True-False-True-1-2-20]" time="0.0004181861877441406"><skipped message="Suite splitting in effect" type="pytest.skip">src/pymortests/riccati.py:105: Suite splitting in effect</skipped></testcase><testcase classname="src.pymortests.riccati" file="src/pymortests/riccati.py" line="105" name="test_pos_ricc_lrcf[scipy-True-True-False-True-2-1-10]" time="0.0004143714904785156"><skipped message="Suite splitting in effect" type="pytest.skip">src/pymortests/riccati.py:105: Suite splitting in effect</skipped></testcase><testcase classname="src.pymortests.riccati" file="src/pymortests/riccati.py" line="105" name="test_pos_ricc_lrcf[scipy-True-True-False-True-2-1-20]" time="0.00041556358337402344"><skipped message="Suite splitting in effect" type="pytest.skip">src/pymortests/riccati.py:105: Suite splitting in effect</skipped></testcase><testcase classname="src.pymortests.riccati" file="src/pymortests/riccati.py" line="105" name="test_pos_ricc_lrcf[scipy-True-True-False-True-2-2-10]" time="0.00040149688720703125"><skipped message="Suite splitting in effect" type="pytest.skip">src/pymortests/riccati.py:105: Suite splitting in effect</skipped></testcase><testcase classname="src.pymortests.riccati" file="src/pymortests/riccati.py" line="105" name="test_pos_ricc_lrcf[scipy-True-True-False-True-2-2-20]" time="0.0004115104675292969"><skipped message="Suite splitting in effect" type="pytest.skip">src/pymortests/riccati.py:105: Suite splitting in effect</skipped></testcase><testcase classname="src.pymortests.riccati" file="src/pymortests/riccati.py" line="105" name="test_pos_ricc_lrcf[scipy-True-True-True-False-1-1-10]" time="0.00039124488830566406"><skipped message="Suite splitting in effect" type="pytest.skip">src/pymortests/riccati.py:105: Suite splitting in effect</skipped></testcase><testcase classname="src.pymortests.riccati" file="src/pymortests/riccati.py" line="105" name="test_pos_ricc_lrcf[scipy-True-True-True-False-1-1-20]" time="0.0004265308380126953"><skipped message="Suite splitting in effect" type="pytest.skip">src/pymortests/riccati.py:105: Suite splitting in effect</skipped></testcase><testcase classname="src.pymortests.riccati" file="src/pymortests/riccati.py" line="105" name="test_pos_ricc_lrcf[scipy-True-True-True-False-1-2-10]" time="0.0004017353057861328"><skipped message="Suite splitting in effect" type="pytest.skip">src/pymortests/riccati.py:105: Suite splitting in effect</skipped></testcase><testcase classname="src.pymortests.riccati" file="src/pymortests/riccati.py" line="105" name="test_pos_ricc_lrcf[scipy-True-True-True-False-1-2-20]" time="0.0004291534423828125"><skipped message="Suite splitting in effect" type="pytest.skip">src/pymortests/riccati.py:105: Suite splitting in effect</skipped></testcase><testcase classname="src.pymortests.riccati" file="src/pymortests/riccati.py" line="105" name="test_pos_ricc_lrcf[scipy-True-True-True-False-2-1-10]" time="0.00042057037353515625"><skipped message="Suite splitting in effect" type="pytest.skip">src/pymortests/riccati.py:105: Suite splitting in effect</skipped></testcase><testcase classname="src.pymortests.riccati" file="src/pymortests/riccati.py" line="105" name="test_pos_ricc_lrcf[scipy-True-True-True-False-2-1-20]" time="0.0004017353057861328"><skipped message="Suite splitting in effect" type="pytest.skip">src/pymortests/riccati.py:105: Suite splitting in effect</skipped></testcase><testcase classname="src.pymortests.riccati" file="src/pymortests/riccati.py" line="105" name="test_pos_ricc_lrcf[scipy-True-True-True-False-2-2-10]" time="0.0004181861877441406"><skipped message="Suite splitting in effect" type="pytest.skip">src/pymortests/riccati.py:105: Suite splitting in effect</skipped></testcase><testcase classname="src.pymortests.riccati" file="src/pymortests/riccati.py" line="105" name="test_pos_ricc_lrcf[scipy-True-True-True-False-2-2-20]" time="0.0004105567932128906"><skipped message="Suite splitting in effect" type="pytest.skip">src/pymortests/riccati.py:105: Suite splitting in effect</skipped></testcase><testcase classname="src.pymortests.riccati" file="src/pymortests/riccati.py" line="105" name="test_pos_ricc_lrcf[scipy-True-True-True-True-1-1-10]" time="0.00043320655822753906"><skipped message="Suite splitting in effect" type="pytest.skip">src/pymortests/riccati.py:105: Suite splitting in effect</skipped></testcase><testcase classname="src.pymortests.riccati" file="src/pymortests/riccati.py" line="105" name="test_pos_ricc_lrcf[scipy-True-True-True-True-1-1-20]" time="0.0004105567932128906"><skipped message="Suite splitting in effect" type="pytest.skip">src/pymortests/riccati.py:105: Suite splitting in effect</skipped></testcase><testcase classname="src.pymortests.riccati" file="src/pymortests/riccati.py" line="105" name="test_pos_ricc_lrcf[scipy-True-True-True-True-1-2-10]" time="0.0004017353057861328"><skipped message="Suite splitting in effect" type="pytest.skip">src/pymortests/riccati.py:105: Suite splitting in effect</skipped></testcase><testcase classname="src.pymortests.riccati" file="src/pymortests/riccati.py" line="105" name="test_pos_ricc_lrcf[scipy-True-True-True-True-1-2-20]" time="0.00043010711669921875"><skipped message="Suite splitting in effect" type="pytest.skip">src/pymortests/riccati.py:105: Suite splitting in effect</skipped></testcase><testcase classname="src.pymortests.riccati" file="src/pymortests/riccati.py" line="105" name="test_pos_ricc_lrcf[scipy-True-True-True-True-2-1-10]" time="0.0003979206085205078"><skipped message="Suite splitting in effect" type="pytest.skip">src/pymortests/riccati.py:105: Suite splitting in effect</skipped></testcase><testcase classname="src.pymortests.riccati" file="src/pymortests/riccati.py" line="105" name="test_pos_ricc_lrcf[scipy-True-True-True-True-2-1-20]" time="0.00042176246643066406"><skipped message="Suite splitting in effect" type="pytest.skip">src/pymortests/riccati.py:105: Suite splitting in effect</skipped></testcase><testcase classname="src.pymortests.riccati" file="src/pymortests/riccati.py" line="105" name="test_pos_ricc_lrcf[scipy-True-True-True-True-2-2-10]" time="0.0004742145538330078"><skipped message="Suite splitting in effect" type="pytest.skip">src/pymortests/riccati.py:105: Suite splitting in effect</skipped></testcase><testcase classname="src.pymortests.riccati" file="src/pymortests/riccati.py" line="105" name="test_pos_ricc_lrcf[scipy-True-True-True-True-2-2-20]" time="0.0004265308380126953"><skipped message="Suite splitting in effect" type="pytest.skip">src/pymortests/riccati.py:105: Suite splitting in effect</skipped></testcase><testcase classname="src.pymortests.riccati" file="src/pymortests/riccati.py" line="105" name="test_pos_ricc_lrcf[slycot-False-False-False-False-1-1-10]" time="0.0003972053527832031"><skipped message="Suite splitting in effect" type="pytest.skip">src/pymortests/riccati.py:105: Suite splitting in effect</skipped></testcase><testcase classname="src.pymortests.riccati" file="src/pymortests/riccati.py" line="105" name="test_pos_ricc_lrcf[slycot-False-False-False-False-1-1-20]" time="0.0004138946533203125"><skipped message="Suite splitting in effect" type="pytest.skip">src/pymortests/riccati.py:105: Suite splitting in effect</skipped></testcase><testcase classname="src.pymortests.riccati" file="src/pymortests/riccati.py" line="105" name="test_pos_ricc_lrcf[slycot-False-False-False-False-1-2-10]" time="0.00040984153747558594"><skipped message="Suite splitting in effect" type="pytest.skip">src/pymortests/riccati.py:105: Suite splitting in effect</skipped></testcase><testcase classname="src.pymortests.riccati" file="src/pymortests/riccati.py" line="105" name="test_pos_ricc_lrcf[slycot-False-False-False-False-1-2-20]" time="0.0004112720489501953"><skipped message="Suite splitting in effect" type="pytest.skip">src/pymortests/riccati.py:105: Suite splitting in effect</skipped></testcase><testcase classname="src.pymortests.riccati" file="src/pymortests/riccati.py" line="105" name="test_pos_ricc_lrcf[slycot-False-False-False-False-2-1-10]" time="0.0004105567932128906"><skipped message="Suite splitting in effect" type="pytest.skip">src/pymortests/riccati.py:105: Suite splitting in effect</skipped></testcase><testcase classname="src.pymortests.riccati" file="src/pymortests/riccati.py" line="105" name="test_pos_ricc_lrcf[slycot-False-False-False-False-2-1-20]" time="0.0004124641418457031"><skipped message="Suite splitting in effect" type="pytest.skip">src/pymortests/riccati.py:105: Suite splitting in effect</skipped></testcase><testcase classname="src.pymortests.riccati" file="src/pymortests/riccati.py" line="105" name="test_pos_ricc_lrcf[slycot-False-False-False-False-2-2-10]" time="0.0004143714904785156"><skipped message="Suite splitting in effect" type="pytest.skip">src/pymortests/riccati.py:105: Suite splitting in effect</skipped></testcase><testcase classname="src.pymortests.riccati" file="src/pymortests/riccati.py" line="105" name="test_pos_ricc_lrcf[slycot-False-False-False-False-2-2-20]" time="0.00039386749267578125"><skipped message="Suite splitting in effect" type="pytest.skip">src/pymortests/riccati.py:105: Suite splitting in effect</skipped></testcase><testcase classname="src.pymortests.riccati" file="src/pymortests/riccati.py" line="105" name="test_pos_ricc_lrcf[slycot-False-False-False-True-1-1-10]" time="0.0004253387451171875"><skipped message="Suite splitting in effect" type="pytest.skip">src/pymortests/riccati.py:105: Suite splitting in effect</skipped></testcase><testcase classname="src.pymortests.riccati" file="src/pymortests/riccati.py" line="105" name="test_pos_ricc_lrcf[slycot-False-False-False-True-1-1-20]" time="0.00041604042053222656"><skipped message="Suite splitting in effect" type="pytest.skip">src/pymortests/riccati.py:105: Suite splitting in effect</skipped></testcase><testcase classname="src.pymortests.riccati" file="src/pymortests/riccati.py" line="105" name="test_pos_ricc_lrcf[slycot-False-False-False-True-1-2-10]" time="0.0004062652587890625"><skipped message="Suite splitting in effect" type="pytest.skip">src/pymortests/riccati.py:105: Suite splitting in effect</skipped></testcase><testcase classname="src.pymortests.riccati" file="src/pymortests/riccati.py" line="105" name="test_pos_ricc_lrcf[slycot-False-False-False-True-1-2-20]" time="0.0004150867462158203"><skipped message="Suite splitting in effect" type="pytest.skip">src/pymortests/riccati.py:105: Suite splitting in effect</skipped></testcase><testcase classname="src.pymortests.riccati" file="src/pymortests/riccati.py" line="105" name="test_pos_ricc_lrcf[slycot-False-False-False-True-2-1-10]" time="0.00043010711669921875"><skipped message="Suite splitting in effect" type="pytest.skip">src/pymortests/riccati.py:105: Suite splitting in effect</skipped></testcase><testcase classname="src.pymortests.riccati" file="src/pymortests/riccati.py" line="105" name="test_pos_ricc_lrcf[slycot-False-False-False-True-2-1-20]" time="0.00042319297790527344"><skipped message="Suite splitting in effect" type="pytest.skip">src/pymortests/riccati.py:105: Suite splitting in effect</skipped></testcase><testcase classname="src.pymortests.riccati" file="src/pymortests/riccati.py" line="105" name="test_pos_ricc_lrcf[slycot-False-False-False-True-2-2-10]" time="0.0006341934204101562"><skipped message="Suite splitting in effect" type="pytest.skip">src/pymortests/riccati.py:105: Suite splitting in effect</skipped></testcase><testcase classname="src.pymortests.riccati" file="src/pymortests/riccati.py" line="105" name="test_pos_ricc_lrcf[slycot-False-False-False-True-2-2-20]" time="0.00041031837463378906"><skipped message="Suite splitting in effect" type="pytest.skip">src/pymortests/riccati.py:105: Suite splitting in effect</skipped></testcase><testcase classname="src.pymortests.riccati" file="src/pymortests/riccati.py" line="105" name="test_pos_ricc_lrcf[slycot-False-True-False-False-1-1-10]" time="0.000423431396484375"><skipped message="Suite splitting in effect" type="pytest.skip">src/pymortests/riccati.py:105: Suite splitting in effect</skipped></testcase><testcase classname="src.pymortests.riccati" file="src/pymortests/riccati.py" line="105" name="test_pos_ricc_lrcf[slycot-False-True-False-False-1-1-20]" time="0.0003943443298339844"><skipped message="Suite splitting in effect" type="pytest.skip">src/pymortests/riccati.py:105: Suite splitting in effect</skipped></testcase><testcase classname="src.pymortests.riccati" file="src/pymortests/riccati.py" line="105" name="test_pos_ricc_lrcf[slycot-False-True-False-False-1-2-10]" time="0.0004229545593261719"><skipped message="Suite splitting in effect" type="pytest.skip">src/pymortests/riccati.py:105: Suite splitting in effect</skipped></testcase><testcase classname="src.pymortests.riccati" file="src/pymortests/riccati.py" line="105" name="test_pos_ricc_lrcf[slycot-False-True-False-False-1-2-20]" time="0.00043201446533203125"><skipped message="Suite splitting in effect" type="pytest.skip">src/pymortests/riccati.py:105: Suite splitting in effect</skipped></testcase><testcase classname="src.pymortests.riccati" file="src/pymortests/riccati.py" line="105" name="test_pos_ricc_lrcf[slycot-False-True-False-False-2-1-10]" time="0.0004220008850097656"><skipped message="Suite splitting in effect" type="pytest.skip">src/pymortests/riccati.py:105: Suite splitting in effect</skipped></testcase><testcase classname="src.pymortests.riccati" file="src/pymortests/riccati.py" line="105" name="test_pos_ricc_lrcf[slycot-False-True-False-False-2-1-20]" time="0.0004146099090576172"><skipped message="Suite splitting in effect" type="pytest.skip">src/pymortests/riccati.py:105: Suite splitting in effect</skipped></testcase><testcase classname="src.pymortests.riccati" file="src/pymortests/riccati.py" line="105" name="test_pos_ricc_lrcf[slycot-False-True-False-False-2-2-10]" time="0.0003979206085205078"><skipped message="Suite splitting in effect" type="pytest.skip">src/pymortests/riccati.py:105: Suite splitting in effect</skipped></testcase><testcase classname="src.pymortests.riccati" file="src/pymortests/riccati.py" line="105" name="test_pos_ricc_lrcf[slycot-False-True-False-False-2-2-20]" time="0.0004284381866455078"><skipped message="Suite splitting in effect" type="pytest.skip">src/pymortests/riccati.py:105: Suite splitting in effect</skipped></testcase><testcase classname="src.pymortests.riccati" file="src/pymortests/riccati.py" line="105" name="test_pos_ricc_lrcf[slycot-False-True-False-True-1-1-10]" time="0.0003952980041503906"><skipped message="Suite splitting in effect" type="pytest.skip">src/pymortests/riccati.py:105: Suite splitting in effect</skipped></testcase><testcase classname="src.pymortests.riccati" file="src/pymortests/riccati.py" line="105" name="test_pos_ricc_lrcf[slycot-False-True-False-True-1-1-20]" time="0.0004296302795410156"><skipped message="Suite splitting in effect" type="pytest.skip">src/pymortests/riccati.py:105: Suite splitting in effect</skipped></testcase><testcase classname="src.pymortests.riccati" file="src/pymortests/riccati.py" line="105" name="test_pos_ricc_lrcf[slycot-False-True-False-True-1-2-10]" time="0.0004024505615234375"><skipped message="Suite splitting in effect" type="pytest.skip">src/pymortests/riccati.py:105: Suite splitting in effect</skipped></testcase><testcase classname="src.pymortests.riccati" file="src/pymortests/riccati.py" line="105" name="test_pos_ricc_lrcf[slycot-False-True-False-True-1-2-20]" time="0.00046944618225097656"><skipped message="Suite splitting in effect" type="pytest.skip">src/pymortests/riccati.py:105: Suite splitting in effect</skipped></testcase><testcase classname="src.pymortests.riccati" file="src/pymortests/riccati.py" line="105" name="test_pos_ricc_lrcf[slycot-False-True-False-True-2-1-10]" time="0.00039458274841308594"><skipped message="Suite splitting in effect" type="pytest.skip">src/pymortests/riccati.py:105: Suite splitting in effect</skipped></testcase><testcase classname="src.pymortests.riccati" file="src/pymortests/riccati.py" line="105" name="test_pos_ricc_lrcf[slycot-False-True-False-True-2-1-20]" time="0.0005695819854736328"><skipped message="Suite splitting in effect" type="pytest.skip">src/pymortests/riccati.py:105: Suite splitting in effect</skipped></testcase><testcase classname="src.pymortests.riccati" file="src/pymortests/riccati.py" line="105" name="test_pos_ricc_lrcf[slycot-False-True-False-True-2-2-10]" time="0.00041413307189941406"><skipped message="Suite splitting in effect" type="pytest.skip">src/pymortests/riccati.py:105: Suite splitting in effect</skipped></testcase><testcase classname="src.pymortests.riccati" file="src/pymortests/riccati.py" line="105" name="test_pos_ricc_lrcf[slycot-False-True-False-True-2-2-20]" time="0.0004086494445800781"><skipped message="Suite splitting in effect" type="pytest.skip">src/pymortests/riccati.py:105: Suite splitting in effect</skipped></testcase><testcase classname="src.pymortests.riccati" file="src/pymortests/riccati.py" line="105" name="test_pos_ricc_lrcf[slycot-False-True-True-False-1-1-10]" time="0.0004220008850097656"><skipped message="Suite splitting in effect" type="pytest.skip">src/pymortests/riccati.py:105: Suite splitting in effect</skipped></testcase><testcase classname="src.pymortests.riccati" file="src/pymortests/riccati.py" line="105" name="test_pos_ricc_lrcf[slycot-False-True-True-False-1-1-20]" time="0.00040912628173828125"><skipped message="Suite splitting in effect" type="pytest.skip">src/pymortests/riccati.py:105: Suite splitting in effect</skipped></testcase><testcase classname="src.pymortests.riccati" file="src/pymortests/riccati.py" line="105" name="test_pos_ricc_lrcf[slycot-False-True-True-False-1-2-10]" time="0.0004203319549560547"><skipped message="Suite splitting in effect" type="pytest.skip">src/pymortests/riccati.py:105: Suite splitting in effect</skipped></testcase><testcase classname="src.pymortests.riccati" file="src/pymortests/riccati.py" line="105" name="test_pos_ricc_lrcf[slycot-False-True-True-False-1-2-20]" time="0.0003986358642578125"><skipped message="Suite splitting in effect" type="pytest.skip">src/pymortests/riccati.py:105: Suite splitting in effect</skipped></testcase><testcase classname="src.pymortests.riccati" file="src/pymortests/riccati.py" line="105" name="test_pos_ricc_lrcf[slycot-False-True-True-False-2-1-10]" time="0.00042724609375"><skipped message="Suite splitting in effect" type="pytest.skip">src/pymortests/riccati.py:105: Suite splitting in effect</skipped></testcase><testcase classname="src.pymortests.riccati" file="src/pymortests/riccati.py" line="105" name="test_pos_ricc_lrcf[slycot-False-True-True-False-2-1-20]" time="0.00040984153747558594"><skipped message="Suite splitting in effect" type="pytest.skip">src/pymortests/riccati.py:105: Suite splitting in effect</skipped></testcase><testcase classname="src.pymortests.riccati" file="src/pymortests/riccati.py" line="105" name="test_pos_ricc_lrcf[slycot-False-True-True-False-2-2-10]" time="0.0004115104675292969"><skipped message="Suite splitting in effect" type="pytest.skip">src/pymortests/riccati.py:105: Suite splitting in effect</skipped></testcase><testcase classname="src.pymortests.riccati" file="src/pymortests/riccati.py" line="105" name="test_pos_ricc_lrcf[slycot-False-True-True-False-2-2-20]" time="0.0004227161407470703"><skipped message="Suite splitting in effect" type="pytest.skip">src/pymortests/riccati.py:105: Suite splitting in effect</skipped></testcase><testcase classname="src.pymortests.riccati" file="src/pymortests/riccati.py" line="105" name="test_pos_ricc_lrcf[slycot-False-True-True-True-1-1-10]" time="0.0004253387451171875"><skipped message="Suite splitting in effect" type="pytest.skip">src/pymortests/riccati.py:105: Suite splitting in effect</skipped></testcase><testcase classname="src.pymortests.riccati" file="src/pymortests/riccati.py" line="105" name="test_pos_ricc_lrcf[slycot-False-True-True-True-1-1-20]" time="0.0004210472106933594"><skipped message="Suite splitting in effect" type="pytest.skip">src/pymortests/riccati.py:105: Suite splitting in effect</skipped></testcase><testcase classname="src.pymortests.riccati" file="src/pymortests/riccati.py" line="105" name="test_pos_ricc_lrcf[slycot-False-True-True-True-1-2-10]" time="0.00042891502380371094"><skipped message="Suite splitting in effect" type="pytest.skip">src/pymortests/riccati.py:105: Suite splitting in effect</skipped></testcase><testcase classname="src.pymortests.riccati" file="src/pymortests/riccati.py" line="105" name="test_pos_ricc_lrcf[slycot-False-True-True-True-1-2-20]" time="0.0004439353942871094"><skipped message="Suite splitting in effect" type="pytest.skip">src/pymortests/riccati.py:105: Suite splitting in effect</skipped></testcase><testcase classname="src.pymortests.riccati" file="src/pymortests/riccati.py" line="105" name="test_pos_ricc_lrcf[slycot-False-True-True-True-2-1-10]" time="0.0004296302795410156"><skipped message="Suite splitting in effect" type="pytest.skip">src/pymortests/riccati.py:105: Suite splitting in effect</skipped></testcase><testcase classname="src.pymortests.riccati" file="src/pymortests/riccati.py" line="105" name="test_pos_ricc_lrcf[slycot-False-True-True-True-2-1-20]" time="0.0004267692565917969"><skipped message="Suite splitting in effect" type="pytest.skip">src/pymortests/riccati.py:105: Suite splitting in effect</skipped></testcase><testcase classname="src.pymortests.riccati" file="src/pymortests/riccati.py" line="105" name="test_pos_ricc_lrcf[slycot-False-True-True-True-2-2-10]" time="0.00043320655822753906"><skipped message="Suite splitting in effect" type="pytest.skip">src/pymortests/riccati.py:105: Suite splitting in effect</skipped></testcase><testcase classname="src.pymortests.riccati" file="src/pymortests/riccati.py" line="105" name="test_pos_ricc_lrcf[slycot-False-True-True-True-2-2-20]" time="0.0004200935363769531"><skipped message="Suite splitting in effect" type="pytest.skip">src/pymortests/riccati.py:105: Suite splitting in effect</skipped></testcase><testcase classname="src.pymortests.riccati" file="src/pymortests/riccati.py" line="105" name="test_pos_ricc_lrcf[slycot-True-False-False-False-1-1-10]" time="0.00046896934509277344"><skipped message="Suite splitting in effect" type="pytest.skip">src/pymortests/riccati.py:105: Suite splitting in effect</skipped></testcase><testcase classname="src.pymortests.riccati" file="src/pymortests/riccati.py" line="105" name="test_pos_ricc_lrcf[slycot-True-False-False-False-1-1-20]" time="0.0004246234893798828"><skipped message="Suite splitting in effect" type="pytest.skip">src/pymortests/riccati.py:105: Suite splitting in effect</skipped></testcase><testcase classname="src.pymortests.riccati" file="src/pymortests/riccati.py" line="105" name="test_pos_ricc_lrcf[slycot-True-False-False-False-1-2-10]" time="0.00042748451232910156"><skipped message="Suite splitting in effect" type="pytest.skip">src/pymortests/riccati.py:105: Suite splitting in effect</skipped></testcase><testcase classname="src.pymortests.riccati" file="src/pymortests/riccati.py" line="105" name="test_pos_ricc_lrcf[slycot-True-False-False-False-1-2-20]" time="0.00044155120849609375"><skipped message="Suite splitting in effect" type="pytest.skip">src/pymortests/riccati.py:105: Suite splitting in effect</skipped></testcase><testcase classname="src.pymortests.riccati" file="src/pymortests/riccati.py" line="105" name="test_pos_ricc_lrcf[slycot-True-False-False-False-2-1-10]" time="0.00043272972106933594"><skipped message="Suite splitting in effect" type="pytest.skip">src/pymortests/riccati.py:105: Suite splitting in effect</skipped></testcase><testcase classname="src.pymortests.riccati" file="src/pymortests/riccati.py" line="105" name="test_pos_ricc_lrcf[slycot-True-False-False-False-2-1-20]" time="0.0004608631134033203"><skipped message="Suite splitting in effect" type="pytest.skip">src/pymortests/riccati.py:105: Suite splitting in effect</skipped></testcase><testcase classname="src.pymortests.riccati" file="src/pymortests/riccati.py" line="105" name="test_pos_ricc_lrcf[slycot-True-False-False-False-2-2-10]" time="0.0003936290740966797"><skipped message="Suite splitting in effect" type="pytest.skip">src/pymortests/riccati.py:105: Suite splitting in effect</skipped></testcase><testcase classname="src.pymortests.riccati" file="src/pymortests/riccati.py" line="105" name="test_pos_ricc_lrcf[slycot-True-False-False-False-2-2-20]" time="0.0004506111145019531"><skipped message="Suite splitting in effect" type="pytest.skip">src/pymortests/riccati.py:105: Suite splitting in effect</skipped></testcase><testcase classname="src.pymortests.riccati" file="src/pymortests/riccati.py" line="105" name="test_pos_ricc_lrcf[slycot-True-False-False-True-1-1-10]" time="0.0003972053527832031"><skipped message="Suite splitting in effect" type="pytest.skip">src/pymortests/riccati.py:105: Suite splitting in effect</skipped></testcase><testcase classname="src.pymortests.riccati" file="src/pymortests/riccati.py" line="105" name="test_pos_ricc_lrcf[slycot-True-False-False-True-1-1-20]" time="0.0004127025604248047"><skipped message="Suite splitting in effect" type="pytest.skip">src/pymortests/riccati.py:105: Suite splitting in effect</skipped></testcase><testcase classname="src.pymortests.riccati" file="src/pymortests/riccati.py" line="105" name="test_pos_ricc_lrcf[slycot-True-False-False-True-1-2-10]" time="0.000431060791015625"><skipped message="Suite splitting in effect" type="pytest.skip">src/pymortests/riccati.py:105: Suite splitting in effect</skipped></testcase><testcase classname="src.pymortests.riccati" file="src/pymortests/riccati.py" line="105" name="test_pos_ricc_lrcf[slycot-True-False-False-True-1-2-20]" time="0.0004162788391113281"><skipped message="Suite splitting in effect" type="pytest.skip">src/pymortests/riccati.py:105: Suite splitting in effect</skipped></testcase><testcase classname="src.pymortests.riccati" file="src/pymortests/riccati.py" line="105" name="test_pos_ricc_lrcf[slycot-True-False-False-True-2-1-10]" time="0.0004379749298095703"><skipped message="Suite splitting in effect" type="pytest.skip">src/pymortests/riccati.py:105: Suite splitting in effect</skipped></testcase><testcase classname="src.pymortests.riccati" file="src/pymortests/riccati.py" line="105" name="test_pos_ricc_lrcf[slycot-True-False-False-True-2-1-20]" time="0.0004355907440185547"><skipped message="Suite splitting in effect" type="pytest.skip">src/pymortests/riccati.py:105: Suite splitting in effect</skipped></testcase><testcase classname="src.pymortests.riccati" file="src/pymortests/riccati.py" line="105" name="test_pos_ricc_lrcf[slycot-True-False-False-True-2-2-10]" time="0.00041294097900390625"><skipped message="Suite splitting in effect" type="pytest.skip">src/pymortests/riccati.py:105: Suite splitting in effect</skipped></testcase><testcase classname="src.pymortests.riccati" file="src/pymortests/riccati.py" line="105" name="test_pos_ricc_lrcf[slycot-True-False-False-True-2-2-20]" time="0.0004200935363769531"><skipped message="Suite splitting in effect" type="pytest.skip">src/pymortests/riccati.py:105: Suite splitting in effect</skipped></testcase><testcase classname="src.pymortests.riccati" file="src/pymortests/riccati.py" line="105" name="test_pos_ricc_lrcf[slycot-True-True-False-False-1-1-10]" time="0.0004394054412841797"><skipped message="Suite splitting in effect" type="pytest.skip">src/pymortests/riccati.py:105: Suite splitting in effect</skipped></testcase><testcase classname="src.pymortests.riccati" file="src/pymortests/riccati.py" line="105" name="test_pos_ricc_lrcf[slycot-True-True-False-False-1-1-20]" time="0.0004215240478515625"><skipped message="Suite splitting in effect" type="pytest.skip">src/pymortests/riccati.py:105: Suite splitting in effect</skipped></testcase><testcase classname="src.pymortests.riccati" file="src/pymortests/riccati.py" line="105" name="test_pos_ricc_lrcf[slycot-True-True-False-False-1-2-10]" time="0.0004208087921142578"><skipped message="Suite splitting in effect" type="pytest.skip">src/pymortests/riccati.py:105: Suite splitting in effect</skipped></testcase><testcase classname="src.pymortests.riccati" file="src/pymortests/riccati.py" line="105" name="test_pos_ricc_lrcf[slycot-True-True-False-False-1-2-20]" time="0.00041747093200683594"><skipped message="Suite splitting in effect" type="pytest.skip">src/pymortests/riccati.py:105: Suite splitting in effect</skipped></testcase><testcase classname="src.pymortests.riccati" file="src/pymortests/riccati.py" line="105" name="test_pos_ricc_lrcf[slycot-True-True-False-False-2-1-10]" time="0.00039649009704589844"><skipped message="Suite splitting in effect" type="pytest.skip">src/pymortests/riccati.py:105: Suite splitting in effect</skipped></testcase><testcase classname="src.pymortests.riccati" file="src/pymortests/riccati.py" line="105" name="test_pos_ricc_lrcf[slycot-True-True-False-False-2-1-20]" time="0.0004181861877441406"><skipped message="Suite splitting in effect" type="pytest.skip">src/pymortests/riccati.py:105: Suite splitting in effect</skipped></testcase><testcase classname="src.pymortests.riccati" file="src/pymortests/riccati.py" line="105" name="test_pos_ricc_lrcf[slycot-True-True-False-False-2-2-10]" time="0.00043392181396484375"><skipped message="Suite splitting in effect" type="pytest.skip">src/pymortests/riccati.py:105: Suite splitting in effect</skipped></testcase><testcase classname="src.pymortests.riccati" file="src/pymortests/riccati.py" line="105" name="test_pos_ricc_lrcf[slycot-True-True-False-False-2-2-20]" time="0.00043773651123046875"><skipped message="Suite splitting in effect" type="pytest.skip">src/pymortests/riccati.py:105: Suite splitting in effect</skipped></testcase><testcase classname="src.pymortests.riccati" file="src/pymortests/riccati.py" line="105" name="test_pos_ricc_lrcf[slycot-True-True-False-True-1-1-10]" time="0.00041937828063964844"><skipped message="Suite splitting in effect" type="pytest.skip">src/pymortests/riccati.py:105: Suite splitting in effect</skipped></testcase><testcase classname="src.pymortests.riccati" file="src/pymortests/riccati.py" line="105" name="test_pos_ricc_lrcf[slycot-True-True-False-True-1-1-20]" time="0.0003960132598876953"><skipped message="Suite splitting in effect" type="pytest.skip">src/pymortests/riccati.py:105: Suite splitting in effect</skipped></testcase><testcase classname="src.pymortests.riccati" file="src/pymortests/riccati.py" line="105" name="test_pos_ricc_lrcf[slycot-True-True-False-True-1-2-10]" time="0.000431060791015625"><skipped message="Suite splitting in effect" type="pytest.skip">src/pymortests/riccati.py:105: Suite splitting in effect</skipped></testcase><testcase classname="src.pymortests.riccati" file="src/pymortests/riccati.py" line="105" name="test_pos_ricc_lrcf[slycot-True-True-False-True-1-2-20]" time="0.00039696693420410156"><skipped message="Suite splitting in effect" type="pytest.skip">src/pymortests/riccati.py:105: Suite splitting in effect</skipped></testcase><testcase classname="src.pymortests.riccati" file="src/pymortests/riccati.py" line="105" name="test_pos_ricc_lrcf[slycot-True-True-False-True-2-1-10]" time="0.00044846534729003906"><skipped message="Suite splitting in effect" type="pytest.skip">src/pymortests/riccati.py:105: Suite splitting in effect</skipped></testcase><testcase classname="src.pymortests.riccati" file="src/pymortests/riccati.py" line="105" name="test_pos_ricc_lrcf[slycot-True-True-False-True-2-1-20]" time="0.00040650367736816406"><skipped message="Suite splitting in effect" type="pytest.skip">src/pymortests/riccati.py:105: Suite splitting in effect</skipped></testcase><testcase classname="src.pymortests.riccati" file="src/pymortests/riccati.py" line="105" name="test_pos_ricc_lrcf[slycot-True-True-False-True-2-2-10]" time="0.00044345855712890625"><skipped message="Suite splitting in effect" type="pytest.skip">src/pymortests/riccati.py:105: Suite splitting in effect</skipped></testcase><testcase classname="src.pymortests.riccati" file="src/pymortests/riccati.py" line="105" name="test_pos_ricc_lrcf[slycot-True-True-False-True-2-2-20]" time="0.0004227161407470703"><skipped message="Suite splitting in effect" type="pytest.skip">src/pymortests/riccati.py:105: Suite splitting in effect</skipped></testcase><testcase classname="src.pymortests.riccati" file="src/pymortests/riccati.py" line="105" name="test_pos_ricc_lrcf[slycot-True-True-True-False-1-1-10]" time="0.00042557716369628906"><skipped message="Suite splitting in effect" type="pytest.skip">src/pymortests/riccati.py:105: Suite splitting in effect</skipped></testcase><testcase classname="src.pymortests.riccati" file="src/pymortests/riccati.py" line="105" name="test_pos_ricc_lrcf[slycot-True-True-True-False-1-1-20]" time="0.00041556358337402344"><skipped message="Suite splitting in effect" type="pytest.skip">src/pymortests/riccati.py:105: Suite splitting in effect</skipped></testcase><testcase classname="src.pymortests.riccati" file="src/pymortests/riccati.py" line="105" name="test_pos_ricc_lrcf[slycot-True-True-True-False-1-2-10]" time="0.0004134178161621094"><skipped message="Suite splitting in effect" type="pytest.skip">src/pymortests/riccati.py:105: Suite splitting in effect</skipped></testcase><testcase classname="src.pymortests.riccati" file="src/pymortests/riccati.py" line="105" name="test_pos_ricc_lrcf[slycot-True-True-True-False-1-2-20]" time="0.0004153251647949219"><skipped message="Suite splitting in effect" type="pytest.skip">src/pymortests/riccati.py:105: Suite splitting in effect</skipped></testcase><testcase classname="src.pymortests.riccati" file="src/pymortests/riccati.py" line="105" name="test_pos_ricc_lrcf[slycot-True-True-True-False-2-1-10]" time="0.0004324913024902344"><skipped message="Suite splitting in effect" type="pytest.skip">src/pymortests/riccati.py:105: Suite splitting in effect</skipped></testcase><testcase classname="src.pymortests.riccati" file="src/pymortests/riccati.py" line="105" name="test_pos_ricc_lrcf[slycot-True-True-True-False-2-1-20]" time="0.0004451274871826172"><skipped message="Suite splitting in effect" type="pytest.skip">src/pymortests/riccati.py:105: Suite splitting in effect</skipped></testcase><testcase classname="src.pymortests.riccati" file="src/pymortests/riccati.py" line="105" name="test_pos_ricc_lrcf[slycot-True-True-True-False-2-2-10]" time="0.00039839744567871094"><skipped message="Suite splitting in effect" type="pytest.skip">src/pymortests/riccati.py:105: Suite splitting in effect</skipped></testcase><testcase classname="src.pymortests.riccati" file="src/pymortests/riccati.py" line="105" name="test_pos_ricc_lrcf[slycot-True-True-True-False-2-2-20]" time="0.00040841102600097656"><skipped message="Suite splitting in effect" type="pytest.skip">src/pymortests/riccati.py:105: Suite splitting in effect</skipped></testcase><testcase classname="src.pymortests.riccati" file="src/pymortests/riccati.py" line="105" name="test_pos_ricc_lrcf[slycot-True-True-True-True-1-1-10]" time="0.000408172607421875"><skipped message="Suite splitting in effect" type="pytest.skip">src/pymortests/riccati.py:105: Suite splitting in effect</skipped></testcase><testcase classname="src.pymortests.riccati" file="src/pymortests/riccati.py" line="105" name="test_pos_ricc_lrcf[slycot-True-True-True-True-1-1-20]" time="0.00041675567626953125"><skipped message="Suite splitting in effect" type="pytest.skip">src/pymortests/riccati.py:105: Suite splitting in effect</skipped></testcase><testcase classname="src.pymortests.riccati" file="src/pymortests/riccati.py" line="105" name="test_pos_ricc_lrcf[slycot-True-True-True-True-1-2-10]" time="0.0004138946533203125"><skipped message="Suite splitting in effect" type="pytest.skip">src/pymortests/riccati.py:105: Suite splitting in effect</skipped></testcase><testcase classname="src.pymortests.riccati" file="src/pymortests/riccati.py" line="105" name="test_pos_ricc_lrcf[slycot-True-True-True-True-1-2-20]" time="0.0004718303680419922"><skipped message="Suite splitting in effect" type="pytest.skip">src/pymortests/riccati.py:105: Suite splitting in effect</skipped></testcase><testcase classname="src.pymortests.riccati" file="src/pymortests/riccati.py" line="105" name="test_pos_ricc_lrcf[slycot-True-True-True-True-2-1-10]" time="0.000400543212890625"><skipped message="Suite splitting in effect" type="pytest.skip">src/pymortests/riccati.py:105: Suite splitting in effect</skipped></testcase><testcase classname="src.pymortests.riccati" file="src/pymortests/riccati.py" line="105" name="test_pos_ricc_lrcf[slycot-True-True-True-True-2-1-20]" time="0.0004279613494873047"><skipped message="Suite splitting in effect" type="pytest.skip">src/pymortests/riccati.py:105: Suite splitting in effect</skipped></testcase><testcase classname="src.pymortests.riccati" file="src/pymortests/riccati.py" line="105" name="test_pos_ricc_lrcf[slycot-True-True-True-True-2-2-10]" time="0.0004119873046875"><skipped message="Suite splitting in effect" type="pytest.skip">src/pymortests/riccati.py:105: Suite splitting in effect</skipped></testcase><testcase classname="src.pymortests.riccati" file="src/pymortests/riccati.py" line="105" name="test_pos_ricc_lrcf[slycot-True-True-True-True-2-2-20]" time="0.00041794776916503906"><skipped message="Suite splitting in effect" type="pytest.skip">src/pymortests/riccati.py:105: Suite splitting in effect</skipped></testcase><testcase classname="src.pymortests.riccati" file="src/pymortests/riccati.py" line="105" name="test_pos_ricc_lrcf[pymess_dense_nm_gmpcare-False-False-False-False-1-1-10]" time="0.0004115104675292969"><skipped message="Suite splitting in effect" type="pytest.skip">src/pymortests/riccati.py:105: Suite splitting in effect</skipped></testcase><testcase classname="src.pymortests.riccati" file="src/pymortests/riccati.py" line="105" name="test_pos_ricc_lrcf[pymess_dense_nm_gmpcare-False-False-False-False-1-1-20]" time="0.000415802001953125"><skipped message="Suite splitting in effect" type="pytest.skip">src/pymortests/riccati.py:105: Suite splitting in effect</skipped></testcase><testcase classname="src.pymortests.riccati" file="src/pymortests/riccati.py" line="105" name="test_pos_ricc_lrcf[pymess_dense_nm_gmpcare-False-False-False-False-1-2-10]" time="0.00041174888610839844"><skipped message="Suite splitting in effect" type="pytest.skip">src/pymortests/riccati.py:105: Suite splitting in effect</skipped></testcase><testcase classname="src.pymortests.riccati" file="src/pymortests/riccati.py" line="105" name="test_pos_ricc_lrcf[pymess_dense_nm_gmpcare-False-False-False-False-1-2-20]" time="0.00041747093200683594"><skipped message="Suite splitting in effect" type="pytest.skip">src/pymortests/riccati.py:105: Suite splitting in effect</skipped></testcase><testcase classname="src.pymortests.riccati" file="src/pymortests/riccati.py" line="105" name="test_pos_ricc_lrcf[pymess_dense_nm_gmpcare-False-False-False-False-2-1-10]" time="0.00039267539978027344"><skipped message="Suite splitting in effect" type="pytest.skip">src/pymortests/riccati.py:105: Suite splitting in effect</skipped></testcase><testcase classname="src.pymortests.riccati" file="src/pymortests/riccati.py" line="105" name="test_pos_ricc_lrcf[pymess_dense_nm_gmpcare-False-False-False-False-2-1-20]" time="0.0004150867462158203"><skipped message="Suite splitting in effect" type="pytest.skip">src/pymortests/riccati.py:105: Suite splitting in effect</skipped></testcase><testcase classname="src.pymortests.riccati" file="src/pymortests/riccati.py" line="105" name="test_pos_ricc_lrcf[pymess_dense_nm_gmpcare-False-False-False-False-2-2-10]" time="0.0004010200500488281"><skipped message="Suite splitting in effect" type="pytest.skip">src/pymortests/riccati.py:105: Suite splitting in effect</skipped></testcase><testcase classname="src.pymortests.riccati" file="src/pymortests/riccati.py" line="105" name="test_pos_ricc_lrcf[pymess_dense_nm_gmpcare-False-False-False-False-2-2-20]" time="0.0004239082336425781"><skipped message="Suite splitting in effect" type="pytest.skip">src/pymortests/riccati.py:105: Suite splitting in effect</skipped></testcase><testcase classname="src.pymortests.riccati" file="src/pymortests/riccati.py" line="105" name="test_pos_ricc_lrcf[pymess_dense_nm_gmpcare-False-False-False-True-1-1-10]" time="0.00042819976806640625"><skipped message="Suite splitting in effect" type="pytest.skip">src/pymortests/riccati.py:105: Suite splitting in effect</skipped></testcase><testcase classname="src.pymortests.riccati" file="src/pymortests/riccati.py" line="105" name="test_pos_ricc_lrcf[pymess_dense_nm_gmpcare-False-False-False-True-1-1-20]" time="0.0004100799560546875"><skipped message="Suite splitting in effect" type="pytest.skip">src/pymortests/riccati.py:105: Suite splitting in effect</skipped></testcase><testcase classname="src.pymortests.riccati" file="src/pymortests/riccati.py" line="105" name="test_pos_ricc_lrcf[pymess_dense_nm_gmpcare-False-False-False-True-1-2-10]" time="0.0004010200500488281"><skipped message="Suite splitting in effect" type="pytest.skip">src/pymortests/riccati.py:105: Suite splitting in effect</skipped></testcase><testcase classname="src.pymortests.riccati" file="src/pymortests/riccati.py" line="105" name="test_pos_ricc_lrcf[pymess_dense_nm_gmpcare-False-False-False-True-1-2-20]" time="0.00043463706970214844"><skipped message="Suite splitting in effect" type="pytest.skip">src/pymortests/riccati.py:105: Suite splitting in effect</skipped></testcase><testcase classname="src.pymortests.riccati" file="src/pymortests/riccati.py" line="105" name="test_pos_ricc_lrcf[pymess_dense_nm_gmpcare-False-False-False-True-2-1-10]" time="0.00040650367736816406"><skipped message="Suite splitting in effect" type="pytest.skip">src/pymortests/riccati.py:105: Suite splitting in effect</skipped></testcase><testcase classname="src.pymortests.riccati" file="src/pymortests/riccati.py" line="105" name="test_pos_ricc_lrcf[pymess_dense_nm_gmpcare-False-False-False-True-2-1-20]" time="0.0006420612335205078"><skipped message="Suite splitting in effect" type="pytest.skip">src/pymortests/riccati.py:105: Suite splitting in effect</skipped></testcase><testcase classname="src.pymortests.riccati" file="src/pymortests/riccati.py" line="105" name="test_pos_ricc_lrcf[pymess_dense_nm_gmpcare-False-False-False-True-2-2-10]" time="0.00044417381286621094"><skipped message="Suite splitting in effect" type="pytest.skip">src/pymortests/riccati.py:105: Suite splitting in effect</skipped></testcase><testcase classname="src.pymortests.riccati" file="src/pymortests/riccati.py" line="105" name="test_pos_ricc_lrcf[pymess_dense_nm_gmpcare-False-False-False-True-2-2-20]" time="0.0003962516784667969"><skipped message="Suite splitting in effect" type="pytest.skip">src/pymortests/riccati.py:105: Suite splitting in effect</skipped></testcase><testcase classname="src.pymortests.riccati" file="src/pymortests/riccati.py" line="105" name="test_pos_ricc_lrcf[pymess_dense_nm_gmpcare-False-True-False-False-1-1-10]" time="0.00042176246643066406"><skipped message="Suite splitting in effect" type="pytest.skip">src/pymortests/riccati.py:105: Suite splitting in effect</skipped></testcase><testcase classname="src.pymortests.riccati" file="src/pymortests/riccati.py" line="105" name="test_pos_ricc_lrcf[pymess_dense_nm_gmpcare-False-True-False-False-1-1-20]" time="0.00041985511779785156"><skipped message="Suite splitting in effect" type="pytest.skip">src/pymortests/riccati.py:105: Suite splitting in effect</skipped></testcase><testcase classname="src.pymortests.riccati" file="src/pymortests/riccati.py" line="105" name="test_pos_ricc_lrcf[pymess_dense_nm_gmpcare-False-True-False-False-1-2-10]" time="0.0004165172576904297"><skipped message="Suite splitting in effect" type="pytest.skip">src/pymortests/riccati.py:105: Suite splitting in effect</skipped></testcase><testcase classname="src.pymortests.riccati" file="src/pymortests/riccati.py" line="105" name="test_pos_ricc_lrcf[pymess_dense_nm_gmpcare-False-True-False-False-1-2-20]" time="0.00041866302490234375"><skipped message="Suite splitting in effect" type="pytest.skip">src/pymortests/riccati.py:105: Suite splitting in effect</skipped></testcase><testcase classname="src.pymortests.riccati" file="src/pymortests/riccati.py" line="105" name="test_pos_ricc_lrcf[pymess_dense_nm_gmpcare-False-True-False-False-2-1-10]" time="0.00042366981506347656"><skipped message="Suite splitting in effect" type="pytest.skip">src/pymortests/riccati.py:105: Suite splitting in effect</skipped></testcase><testcase classname="src.pymortests.riccati" file="src/pymortests/riccati.py" line="105" name="test_pos_ricc_lrcf[pymess_dense_nm_gmpcare-False-True-False-False-2-1-20]" time="0.0005390644073486328"><skipped message="Suite splitting in effect" type="pytest.skip">src/pymortests/riccati.py:105: Suite splitting in effect</skipped></testcase><testcase classname="src.pymortests.riccati" file="src/pymortests/riccati.py" line="105" name="test_pos_ricc_lrcf[pymess_dense_nm_gmpcare-False-True-False-False-2-2-10]" time="0.0003991127014160156"><skipped message="Suite splitting in effect" type="pytest.skip">src/pymortests/riccati.py:105: Suite splitting in effect</skipped></testcase><testcase classname="src.pymortests.riccati" file="src/pymortests/riccati.py" line="105" name="test_pos_ricc_lrcf[pymess_dense_nm_gmpcare-False-True-False-False-2-2-20]" time="0.0004127025604248047"><skipped message="Suite splitting in effect" type="pytest.skip">src/pymortests/riccati.py:105: Suite splitting in effect</skipped></testcase><testcase classname="src.pymortests.riccati" file="src/pymortests/riccati.py" line="105" name="test_pos_ricc_lrcf[pymess_dense_nm_gmpcare-False-True-False-True-1-1-10]" time="0.00042176246643066406"><skipped message="Suite splitting in effect" type="pytest.skip">src/pymortests/riccati.py:105: Suite splitting in effect</skipped></testcase><testcase classname="src.pymortests.riccati" file="src/pymortests/riccati.py" line="105" name="test_pos_ricc_lrcf[pymess_dense_nm_gmpcare-False-True-False-True-1-1-20]" time="0.0004322528839111328"><skipped message="Suite splitting in effect" type="pytest.skip">src/pymortests/riccati.py:105: Suite splitting in effect</skipped></testcase><testcase classname="src.pymortests.riccati" file="src/pymortests/riccati.py" line="105" name="test_pos_ricc_lrcf[pymess_dense_nm_gmpcare-False-True-False-True-1-2-10]" time="0.00042438507080078125"><skipped message="Suite splitting in effect" type="pytest.skip">src/pymortests/riccati.py:105: Suite splitting in effect</skipped></testcase><testcase classname="src.pymortests.riccati" file="src/pymortests/riccati.py" line="105" name="test_pos_ricc_lrcf[pymess_dense_nm_gmpcare-False-True-False-True-1-2-20]" time="0.00042724609375"><skipped message="Suite splitting in effect" type="pytest.skip">src/pymortests/riccati.py:105: Suite splitting in effect</skipped></testcase><testcase classname="src.pymortests.riccati" file="src/pymortests/riccati.py" line="105" name="test_pos_ricc_lrcf[pymess_dense_nm_gmpcare-False-True-False-True-2-1-10]" time="0.0004322528839111328"><skipped message="Suite splitting in effect" type="pytest.skip">src/pymortests/riccati.py:105: Suite splitting in effect</skipped></testcase><testcase classname="src.pymortests.riccati" file="src/pymortests/riccati.py" line="105" name="test_pos_ricc_lrcf[pymess_dense_nm_gmpcare-False-True-False-True-2-1-20]" time="0.0004067420959472656"><skipped message="Suite splitting in effect" type="pytest.skip">src/pymortests/riccati.py:105: Suite splitting in effect</skipped></testcase><testcase classname="src.pymortests.riccati" file="src/pymortests/riccati.py" line="105" name="test_pos_ricc_lrcf[pymess_dense_nm_gmpcare-False-True-False-True-2-2-10]" time="0.0004558563232421875"><skipped message="Suite splitting in effect" type="pytest.skip">src/pymortests/riccati.py:105: Suite splitting in effect</skipped></testcase><testcase classname="src.pymortests.riccati" file="src/pymortests/riccati.py" line="105" name="test_pos_ricc_lrcf[pymess_dense_nm_gmpcare-False-True-False-True-2-2-20]" time="0.0003936290740966797"><skipped message="Suite splitting in effect" type="pytest.skip">src/pymortests/riccati.py:105: Suite splitting in effect</skipped></testcase><testcase classname="src.pymortests.riccati" file="src/pymortests/riccati.py" line="105" name="test_pos_ricc_lrcf[pymess_dense_nm_gmpcare-False-True-True-False-1-1-10]" time="0.0004405975341796875"><skipped message="Suite splitting in effect" type="pytest.skip">src/pymortests/riccati.py:105: Suite splitting in effect</skipped></testcase><testcase classname="src.pymortests.riccati" file="src/pymortests/riccati.py" line="105" name="test_pos_ricc_lrcf[pymess_dense_nm_gmpcare-False-True-True-False-1-1-20]" time="0.0004153251647949219"><skipped message="Suite splitting in effect" type="pytest.skip">src/pymortests/riccati.py:105: Suite splitting in effect</skipped></testcase><testcase classname="src.pymortests.riccati" file="src/pymortests/riccati.py" line="105" name="test_pos_ricc_lrcf[pymess_dense_nm_gmpcare-False-True-True-False-1-2-10]" time="0.00044035911560058594"><skipped message="Suite splitting in effect" type="pytest.skip">src/pymortests/riccati.py:105: Suite splitting in effect</skipped></testcase><testcase classname="src.pymortests.riccati" file="src/pymortests/riccati.py" line="105" name="test_pos_ricc_lrcf[pymess_dense_nm_gmpcare-False-True-True-False-1-2-20]" time="0.00041031837463378906"><skipped message="Suite splitting in effect" type="pytest.skip">src/pymortests/riccati.py:105: Suite splitting in effect</skipped></testcase><testcase classname="src.pymortests.riccati" file="src/pymortests/riccati.py" line="105" name="test_pos_ricc_lrcf[pymess_dense_nm_gmpcare-False-True-True-False-2-1-10]" time="0.0004451274871826172"><skipped message="Suite splitting in effect" type="pytest.skip">src/pymortests/riccati.py:105: Suite splitting in effect</skipped></testcase><testcase classname="src.pymortests.riccati" file="src/pymortests/riccati.py" line="105" name="test_pos_ricc_lrcf[pymess_dense_nm_gmpcare-False-True-True-False-2-1-20]" time="0.0004184246063232422"><skipped message="Suite splitting in effect" type="pytest.skip">src/pymortests/riccati.py:105: Suite splitting in effect</skipped></testcase><testcase classname="src.pymortests.riccati" file="src/pymortests/riccati.py" line="105" name="test_pos_ricc_lrcf[pymess_dense_nm_gmpcare-False-True-True-False-2-2-10]" time="0.00041365623474121094"><skipped message="Suite splitting in effect" type="pytest.skip">src/pymortests/riccati.py:105: Suite splitting in effect</skipped></testcase><testcase classname="src.pymortests.riccati" file="src/pymortests/riccati.py" line="105" name="test_pos_ricc_lrcf[pymess_dense_nm_gmpcare-False-True-True-False-2-2-20]" time="0.00041675567626953125"><skipped message="Suite splitting in effect" type="pytest.skip">src/pymortests/riccati.py:105: Suite splitting in effect</skipped></testcase><testcase classname="src.pymortests.riccati" file="src/pymortests/riccati.py" line="105" name="test_pos_ricc_lrcf[pymess_dense_nm_gmpcare-False-True-True-True-1-1-10]" time="0.0004062652587890625"><skipped message="Suite splitting in effect" type="pytest.skip">src/pymortests/riccati.py:105: Suite splitting in effect</skipped></testcase><testcase classname="src.pymortests.riccati" file="src/pymortests/riccati.py" line="105" name="test_pos_ricc_lrcf[pymess_dense_nm_gmpcare-False-True-True-True-1-1-20]" time="0.00043487548828125"><skipped message="Suite splitting in effect" type="pytest.skip">src/pymortests/riccati.py:105: Suite splitting in effect</skipped></testcase><testcase classname="src.pymortests.riccati" file="src/pymortests/riccati.py" line="105" name="test_pos_ricc_lrcf[pymess_dense_nm_gmpcare-False-True-True-True-1-2-10]" time="0.00041484832763671875"><skipped message="Suite splitting in effect" type="pytest.skip">src/pymortests/riccati.py:105: Suite splitting in effect</skipped></testcase><testcase classname="src.pymortests.riccati" file="src/pymortests/riccati.py" line="105" name="test_pos_ricc_lrcf[pymess_dense_nm_gmpcare-False-True-True-True-1-2-20]" time="0.0004127025604248047"><skipped message="Suite splitting in effect" type="pytest.skip">src/pymortests/riccati.py:105: Suite splitting in effect</skipped></testcase><testcase classname="src.pymortests.riccati" file="src/pymortests/riccati.py" line="105" name="test_pos_ricc_lrcf[pymess_dense_nm_gmpcare-False-True-True-True-2-1-10]" time="0.000396728515625"><skipped message="Suite splitting in effect" type="pytest.skip">src/pymortests/riccati.py:105: Suite splitting in effect</skipped></testcase><testcase classname="src.pymortests.riccati" file="src/pymortests/riccati.py" line="105" name="test_pos_ricc_lrcf[pymess_dense_nm_gmpcare-False-True-True-True-2-1-20]" time="0.0004076957702636719"><skipped message="Suite splitting in effect" type="pytest.skip">src/pymortests/riccati.py:105: Suite splitting in effect</skipped></testcase><testcase classname="src.pymortests.riccati" file="src/pymortests/riccati.py" line="105" name="test_pos_ricc_lrcf[pymess_dense_nm_gmpcare-False-True-True-True-2-2-10]" time="0.00041103363037109375"><skipped message="Suite splitting in effect" type="pytest.skip">src/pymortests/riccati.py:105: Suite splitting in effect</skipped></testcase><testcase classname="src.pymortests.riccati" file="src/pymortests/riccati.py" line="105" name="test_pos_ricc_lrcf[pymess_dense_nm_gmpcare-False-True-True-True-2-2-20]" time="0.00043010711669921875"><skipped message="Suite splitting in effect" type="pytest.skip">src/pymortests/riccati.py:105: Suite splitting in effect</skipped></testcase><testcase classname="src.pymortests.riccati" file="src/pymortests/riccati.py" line="105" name="test_pos_ricc_lrcf[pymess_dense_nm_gmpcare-True-False-False-False-1-1-10]" time="0.0004100799560546875"><skipped message="Suite splitting in effect" type="pytest.skip">src/pymortests/riccati.py:105: Suite splitting in effect</skipped></testcase><testcase classname="src.pymortests.riccati" file="src/pymortests/riccati.py" line="105" name="test_pos_ricc_lrcf[pymess_dense_nm_gmpcare-True-False-False-False-1-1-20]" time="0.00040721893310546875"><skipped message="Suite splitting in effect" type="pytest.skip">src/pymortests/riccati.py:105: Suite splitting in effect</skipped></testcase><testcase classname="src.pymortests.riccati" file="src/pymortests/riccati.py" line="105" name="test_pos_ricc_lrcf[pymess_dense_nm_gmpcare-True-False-False-False-1-2-10]" time="0.0004024505615234375"><skipped message="Suite splitting in effect" type="pytest.skip">src/pymortests/riccati.py:105: Suite splitting in effect</skipped></testcase><testcase classname="src.pymortests.riccati" file="src/pymortests/riccati.py" line="105" name="test_pos_ricc_lrcf[pymess_dense_nm_gmpcare-True-False-False-False-1-2-20]" time="0.00041222572326660156"><skipped message="Suite splitting in effect" type="pytest.skip">src/pymortests/riccati.py:105: Suite splitting in effect</skipped></testcase><testcase classname="src.pymortests.riccati" file="src/pymortests/riccati.py" line="105" name="test_pos_ricc_lrcf[pymess_dense_nm_gmpcare-True-False-False-False-2-1-10]" time="0.0004184246063232422"><skipped message="Suite splitting in effect" type="pytest.skip">src/pymortests/riccati.py:105: Suite splitting in effect</skipped></testcase><testcase classname="src.pymortests.riccati" file="src/pymortests/riccati.py" line="105" name="test_pos_ricc_lrcf[pymess_dense_nm_gmpcare-True-False-False-False-2-1-20]" time="0.0003871917724609375"><skipped message="Suite splitting in effect" type="pytest.skip">src/pymortests/riccati.py:105: Suite splitting in effect</skipped></testcase><testcase classname="src.pymortests.riccati" file="src/pymortests/riccati.py" line="105" name="test_pos_ricc_lrcf[pymess_dense_nm_gmpcare-True-False-False-False-2-2-10]" time="0.00041961669921875"><skipped message="Suite splitting in effect" type="pytest.skip">src/pymortests/riccati.py:105: Suite splitting in effect</skipped></testcase><testcase classname="src.pymortests.riccati" file="src/pymortests/riccati.py" line="105" name="test_pos_ricc_lrcf[pymess_dense_nm_gmpcare-True-False-False-False-2-2-20]" time="0.00039267539978027344"><skipped message="Suite splitting in effect" type="pytest.skip">src/pymortests/riccati.py:105: Suite splitting in effect</skipped></testcase><testcase classname="src.pymortests.riccati" file="src/pymortests/riccati.py" line="105" name="test_pos_ricc_lrcf[pymess_dense_nm_gmpcare-True-False-False-True-1-1-10]" time="0.0004220008850097656"><skipped message="Suite splitting in effect" type="pytest.skip">src/pymortests/riccati.py:105: Suite splitting in effect</skipped></testcase><testcase classname="src.pymortests.riccati" file="src/pymortests/riccati.py" line="105" name="test_pos_ricc_lrcf[pymess_dense_nm_gmpcare-True-False-False-True-1-1-20]" time="0.00040149688720703125"><skipped message="Suite splitting in effect" type="pytest.skip">src/pymortests/riccati.py:105: Suite splitting in effect</skipped></testcase><testcase classname="src.pymortests.riccati" file="src/pymortests/riccati.py" line="105" name="test_pos_ricc_lrcf[pymess_dense_nm_gmpcare-True-False-False-True-1-2-10]" time="0.0005631446838378906"><skipped message="Suite splitting in effect" type="pytest.skip">src/pymortests/riccati.py:105: Suite splitting in effect</skipped></testcase><testcase classname="src.pymortests.riccati" file="src/pymortests/riccati.py" line="105" name="test_pos_ricc_lrcf[pymess_dense_nm_gmpcare-True-False-False-True-1-2-20]" time="0.0003921985626220703"><skipped message="Suite splitting in effect" type="pytest.skip">src/pymortests/riccati.py:105: Suite splitting in effect</skipped></testcase><testcase classname="src.pymortests.riccati" file="src/pymortests/riccati.py" line="105" name="test_pos_ricc_lrcf[pymess_dense_nm_gmpcare-True-False-False-True-2-1-10]" time="0.00046706199645996094"><skipped message="Suite splitting in effect" type="pytest.skip">src/pymortests/riccati.py:105: Suite splitting in effect</skipped></testcase><testcase classname="src.pymortests.riccati" file="src/pymortests/riccati.py" line="105" name="test_pos_ricc_lrcf[pymess_dense_nm_gmpcare-True-False-False-True-2-1-20]" time="0.0004169940948486328"><skipped message="Suite splitting in effect" type="pytest.skip">src/pymortests/riccati.py:105: Suite splitting in effect</skipped></testcase><testcase classname="src.pymortests.riccati" file="src/pymortests/riccati.py" line="105" name="test_pos_ricc_lrcf[pymess_dense_nm_gmpcare-True-False-False-True-2-2-10]" time="0.0004119873046875"><skipped message="Suite splitting in effect" type="pytest.skip">src/pymortests/riccati.py:105: Suite splitting in effect</skipped></testcase><testcase classname="src.pymortests.riccati" file="src/pymortests/riccati.py" line="105" name="test_pos_ricc_lrcf[pymess_dense_nm_gmpcare-True-False-False-True-2-2-20]" time="0.0004096031188964844"><skipped message="Suite splitting in effect" type="pytest.skip">src/pymortests/riccati.py:105: Suite splitting in effect</skipped></testcase><testcase classname="src.pymortests.riccati" file="src/pymortests/riccati.py" line="105" name="test_pos_ricc_lrcf[pymess_dense_nm_gmpcare-True-True-False-False-1-1-10]" time="0.0004086494445800781"><skipped message="Suite splitting in effect" type="pytest.skip">src/pymortests/riccati.py:105: Suite splitting in effect</skipped></testcase><testcase classname="src.pymortests.riccati" file="src/pymortests/riccati.py" line="105" name="test_pos_ricc_lrcf[pymess_dense_nm_gmpcare-True-True-False-False-1-1-20]" time="0.0004115104675292969"><skipped message="Suite splitting in effect" type="pytest.skip">src/pymortests/riccati.py:105: Suite splitting in effect</skipped></testcase><testcase classname="src.pymortests.riccati" file="src/pymortests/riccati.py" line="105" name="test_pos_ricc_lrcf[pymess_dense_nm_gmpcare-True-True-False-False-1-2-10]" time="0.0004208087921142578"><skipped message="Suite splitting in effect" type="pytest.skip">src/pymortests/riccati.py:105: Suite splitting in effect</skipped></testcase><testcase classname="src.pymortests.riccati" file="src/pymortests/riccati.py" line="105" name="test_pos_ricc_lrcf[pymess_dense_nm_gmpcare-True-True-False-False-1-2-20]" time="0.0004143714904785156"><skipped message="Suite splitting in effect" type="pytest.skip">src/pymortests/riccati.py:105: Suite splitting in effect</skipped></testcase><testcase classname="src.pymortests.riccati" file="src/pymortests/riccati.py" line="105" name="test_pos_ricc_lrcf[pymess_dense_nm_gmpcare-True-True-False-False-2-1-10]" time="0.0004420280456542969"><skipped message="Suite splitting in effect" type="pytest.skip">src/pymortests/riccati.py:105: Suite splitting in effect</skipped></testcase><testcase classname="src.pymortests.riccati" file="src/pymortests/riccati.py" line="105" name="test_pos_ricc_lrcf[pymess_dense_nm_gmpcare-True-True-False-False-2-1-20]" time="0.0004000663757324219"><skipped message="Suite splitting in effect" type="pytest.skip">src/pymortests/riccati.py:105: Suite splitting in effect</skipped></testcase><testcase classname="src.pymortests.riccati" file="src/pymortests/riccati.py" line="105" name="test_pos_ricc_lrcf[pymess_dense_nm_gmpcare-True-True-False-False-2-2-10]" time="0.00040793418884277344"><skipped message="Suite splitting in effect" type="pytest.skip">src/pymortests/riccati.py:105: Suite splitting in effect</skipped></testcase><testcase classname="src.pymortests.riccati" file="src/pymortests/riccati.py" line="105" name="test_pos_ricc_lrcf[pymess_dense_nm_gmpcare-True-True-False-False-2-2-20]" time="0.00042319297790527344"><skipped message="Suite splitting in effect" type="pytest.skip">src/pymortests/riccati.py:105: Suite splitting in effect</skipped></testcase><testcase classname="src.pymortests.riccati" file="src/pymortests/riccati.py" line="105" name="test_pos_ricc_lrcf[pymess_dense_nm_gmpcare-True-True-False-True-1-1-10]" time="0.00041031837463378906"><skipped message="Suite splitting in effect" type="pytest.skip">src/pymortests/riccati.py:105: Suite splitting in effect</skipped></testcase><testcase classname="src.pymortests.riccati" file="src/pymortests/riccati.py" line="105" name="test_pos_ricc_lrcf[pymess_dense_nm_gmpcare-True-True-False-True-1-1-20]" time="0.00042319297790527344"><skipped message="Suite splitting in effect" type="pytest.skip">src/pymortests/riccati.py:105: Suite splitting in effect</skipped></testcase><testcase classname="src.pymortests.riccati" file="src/pymortests/riccati.py" line="105" name="test_pos_ricc_lrcf[pymess_dense_nm_gmpcare-True-True-False-True-1-2-10]" time="0.00041747093200683594"><skipped message="Suite splitting in effect" type="pytest.skip">src/pymortests/riccati.py:105: Suite splitting in effect</skipped></testcase><testcase classname="src.pymortests.riccati" file="src/pymortests/riccati.py" line="105" name="test_pos_ricc_lrcf[pymess_dense_nm_gmpcare-True-True-False-True-1-2-20]" time="0.00040841102600097656"><skipped message="Suite splitting in effect" type="pytest.skip">src/pymortests/riccati.py:105: Suite splitting in effect</skipped></testcase><testcase classname="src.pymortests.riccati" file="src/pymortests/riccati.py" line="105" name="test_pos_ricc_lrcf[pymess_dense_nm_gmpcare-True-True-False-True-2-1-10]" time="0.0004031658172607422"><skipped message="Suite splitting in effect" type="pytest.skip">src/pymortests/riccati.py:105: Suite splitting in effect</skipped></testcase><testcase classname="src.pymortests.riccati" file="src/pymortests/riccati.py" line="105" name="test_pos_ricc_lrcf[pymess_dense_nm_gmpcare-True-True-False-True-2-1-20]" time="0.0004165172576904297"><skipped message="Suite splitting in effect" type="pytest.skip">src/pymortests/riccati.py:105: Suite splitting in effect</skipped></testcase><testcase classname="src.pymortests.riccati" file="src/pymortests/riccati.py" line="105" name="test_pos_ricc_lrcf[pymess_dense_nm_gmpcare-True-True-False-True-2-2-10]" time="0.0004177093505859375"><skipped message="Suite splitting in effect" type="pytest.skip">src/pymortests/riccati.py:105: Suite splitting in effect</skipped></testcase><testcase classname="src.pymortests.riccati" file="src/pymortests/riccati.py" line="105" name="test_pos_ricc_lrcf[pymess_dense_nm_gmpcare-True-True-False-True-2-2-20]" time="0.0004203319549560547"><skipped message="Suite splitting in effect" type="pytest.skip">src/pymortests/riccati.py:105: Suite splitting in effect</skipped></testcase><testcase classname="src.pymortests.riccati" file="src/pymortests/riccati.py" line="105" name="test_pos_ricc_lrcf[pymess_dense_nm_gmpcare-True-True-True-False-1-1-10]" time="0.0005824565887451172"><skipped message="Suite splitting in effect" type="pytest.skip">src/pymortests/riccati.py:105: Suite splitting in effect</skipped></testcase><testcase classname="src.pymortests.riccati" file="src/pymortests/riccati.py" line="105" name="test_pos_ricc_lrcf[pymess_dense_nm_gmpcare-True-True-True-False-1-1-20]" time="0.0005617141723632812"><skipped message="Suite splitting in effect" type="pytest.skip">src/pymortests/riccati.py:105: Suite splitting in effect</skipped></testcase><testcase classname="src.pymortests.riccati" file="src/pymortests/riccati.py" line="105" name="test_pos_ricc_lrcf[pymess_dense_nm_gmpcare-True-True-True-False-1-2-10]" time="0.00044035911560058594"><skipped message="Suite splitting in effect" type="pytest.skip">src/pymortests/riccati.py:105: Suite splitting in effect</skipped></testcase><testcase classname="src.pymortests.riccati" file="src/pymortests/riccati.py" line="105" name="test_pos_ricc_lrcf[pymess_dense_nm_gmpcare-True-True-True-False-1-2-20]" time="0.0003993511199951172"><skipped message="Suite splitting in effect" type="pytest.skip">src/pymortests/riccati.py:105: Suite splitting in effect</skipped></testcase><testcase classname="src.pymortests.riccati" file="src/pymortests/riccati.py" line="105" name="test_pos_ricc_lrcf[pymess_dense_nm_gmpcare-True-True-True-False-2-1-10]" time="0.00048041343688964844"><skipped message="Suite splitting in effect" type="pytest.skip">src/pymortests/riccati.py:105: Suite splitting in effect</skipped></testcase><testcase classname="src.pymortests.riccati" file="src/pymortests/riccati.py" line="105" name="test_pos_ricc_lrcf[pymess_dense_nm_gmpcare-True-True-True-False-2-1-20]" time="0.0004146099090576172"><skipped message="Suite splitting in effect" type="pytest.skip">src/pymortests/riccati.py:105: Suite splitting in effect</skipped></testcase><testcase classname="src.pymortests.riccati" file="src/pymortests/riccati.py" line="105" name="test_pos_ricc_lrcf[pymess_dense_nm_gmpcare-True-True-True-False-2-2-10]" time="0.0004100799560546875"><skipped message="Suite splitting in effect" type="pytest.skip">src/pymortests/riccati.py:105: Suite splitting in effect</skipped></testcase><testcase classname="src.pymortests.riccati" file="src/pymortests/riccati.py" line="105" name="test_pos_ricc_lrcf[pymess_dense_nm_gmpcare-True-True-True-False-2-2-20]" time="0.0004208087921142578"><skipped message="Suite splitting in effect" type="pytest.skip">src/pymortests/riccati.py:105: Suite splitting in effect</skipped></testcase><testcase classname="src.pymortests.riccati" file="src/pymortests/riccati.py" line="105" name="test_pos_ricc_lrcf[pymess_dense_nm_gmpcare-True-True-True-True-1-1-10]" time="0.0004138946533203125"><skipped message="Suite splitting in effect" type="pytest.skip">src/pymortests/riccati.py:105: Suite splitting in effect</skipped></testcase><testcase classname="src.pymortests.riccati" file="src/pymortests/riccati.py" line="105" name="test_pos_ricc_lrcf[pymess_dense_nm_gmpcare-True-True-True-True-1-1-20]" time="0.0004410743713378906"><skipped message="Suite splitting in effect" type="pytest.skip">src/pymortests/riccati.py:105: Suite splitting in effect</skipped></testcase><testcase classname="src.pymortests.riccati" file="src/pymortests/riccati.py" line="105" name="test_pos_ricc_lrcf[pymess_dense_nm_gmpcare-True-True-True-True-1-2-10]" time="0.0004115104675292969"><skipped message="Suite splitting in effect" type="pytest.skip">src/pymortests/riccati.py:105: Suite splitting in effect</skipped></testcase><testcase classname="src.pymortests.riccati" file="src/pymortests/riccati.py" line="105" name="test_pos_ricc_lrcf[pymess_dense_nm_gmpcare-True-True-True-True-1-2-20]" time="0.0004267692565917969"><skipped message="Suite splitting in effect" type="pytest.skip">src/pymortests/riccati.py:105: Suite splitting in effect</skipped></testcase><testcase classname="src.pymortests.riccati" file="src/pymortests/riccati.py" line="105" name="test_pos_ricc_lrcf[pymess_dense_nm_gmpcare-True-True-True-True-2-1-10]" time="0.00040030479431152344"><skipped message="Suite splitting in effect" type="pytest.skip">src/pymortests/riccati.py:105: Suite splitting in effect</skipped></testcase><testcase classname="src.pymortests.riccati" file="src/pymortests/riccati.py" line="105" name="test_pos_ricc_lrcf[pymess_dense_nm_gmpcare-True-True-True-True-2-1-20]" time="0.00041747093200683594"><skipped message="Suite splitting in effect" type="pytest.skip">src/pymortests/riccati.py:105: Suite splitting in effect</skipped></testcase><testcase classname="src.pymortests.riccati" file="src/pymortests/riccati.py" line="105" name="test_pos_ricc_lrcf[pymess_dense_nm_gmpcare-True-True-True-True-2-2-10]" time="0.0004112720489501953"><skipped message="Suite splitting in effect" type="pytest.skip">src/pymortests/riccati.py:105: Suite splitting in effect</skipped></testcase><testcase classname="src.pymortests.riccati" file="src/pymortests/riccati.py" line="105" name="test_pos_ricc_lrcf[pymess_dense_nm_gmpcare-True-True-True-True-2-2-20]" time="0.00041866302490234375"><skipped message="Suite splitting in effect" type="pytest.skip">src/pymortests/riccati.py:105: Suite splitting in effect</skipped></testcase><testcase classname="src.pymortests.solver" file="src/pymortests/solver.py" line="48" name="test_generic_solvers[generic_lgmres]" time="0.00047588348388671875"><skipped message="Suite splitting in effect" type="pytest.skip">src/pymortests/solver.py:48: Suite splitting in effect</skipped></testcase><testcase classname="src.pymortests.solver" file="src/pymortests/solver.py" line="48" name="test_generic_solvers[generic_least_squares_lsmr]" time="0.000396728515625"><skipped message="Suite splitting in effect" type="pytest.skip">src/pymortests/solver.py:48: Suite splitting in effect</skipped></testcase><testcase classname="src.pymortests.solver" file="src/pymortests/solver.py" line="48" name="test_generic_solvers[generic_least_squares_lsqr]" time="0.0004258155822753906"><skipped message="Suite splitting in effect" type="pytest.skip">src/pymortests/solver.py:48: Suite splitting in effect</skipped></testcase><testcase classname="src.pymortests.solver" file="src/pymortests/solver.py" line="55" name="test_numpy_dense_solvers" time="0.0004000663757324219"><skipped message="Suite splitting in effect" type="pytest.skip">src/pymortests/solver.py:55: Suite splitting in effect</skipped></testcase><testcase classname="src.pymortests.solver" file="src/pymortests/solver.py" line="62" name="test_numpy_sparse_solvers[generic_least_squares_lsqr]" time="0.0004143714904785156"><skipped message="Suite splitting in effect" type="pytest.skip">src/pymortests/solver.py:62: Suite splitting in effect</skipped></testcase><testcase classname="src.pymortests.solver" file="src/pymortests/solver.py" line="62" name="test_numpy_sparse_solvers[scipy_spsolve]" time="0.0004048347473144531"><skipped message="Suite splitting in effect" type="pytest.skip">src/pymortests/solver.py:62: Suite splitting in effect</skipped></testcase><testcase classname="src.pymortests.solver" file="src/pymortests/solver.py" line="62" name="test_numpy_sparse_solvers[scipy_lgmres]" time="0.00040435791015625"><skipped message="Suite splitting in effect" type="pytest.skip">src/pymortests/solver.py:62: Suite splitting in effect</skipped></testcase><testcase classname="src.pymortests.solver" file="src/pymortests/solver.py" line="62" name="test_numpy_sparse_solvers[scipy_least_squares_lsmr]" time="0.0003979206085205078"><skipped message="Suite splitting in effect" type="pytest.skip">src/pymortests/solver.py:62: Suite splitting in effect</skipped></testcase><testcase classname="src.pymortests.solver" file="src/pymortests/solver.py" line="62" name="test_numpy_sparse_solvers[scipy_bicgstab_spilu]" time="0.0004792213439941406"><skipped message="Suite splitting in effect" type="pytest.skip">src/pymortests/solver.py:62: Suite splitting in effect</skipped></testcase><testcase classname="src.pymortests.solver" file="src/pymortests/solver.py" line="62" name="test_numpy_sparse_solvers[scipy_least_squares_lsqr]" time="0.00042128562927246094"><skipped message="Suite splitting in effect" type="pytest.skip">src/pymortests/solver.py:62: Suite splitting in effect</skipped></testcase><testcase classname="src.pymortests.solver" file="src/pymortests/solver.py" line="62" name="test_numpy_sparse_solvers[pyamg_rs]" time="0.0004203319549560547"><skipped message="Suite splitting in effect" type="pytest.skip">src/pymortests/solver.py:62: Suite splitting in effect</skipped></testcase><testcase classname="src.pymortests.solver" file="src/pymortests/solver.py" line="62" name="test_numpy_sparse_solvers[pyamg_solve]" time="0.00040459632873535156"><skipped message="Suite splitting in effect" type="pytest.skip">src/pymortests/solver.py:62: Suite splitting in effect</skipped></testcase><testcase classname="src.pymortests.solver" file="src/pymortests/solver.py" line="62" name="test_numpy_sparse_solvers[generic_lgmres]" time="0.0006406307220458984"><skipped message="Suite splitting in effect" type="pytest.skip">src/pymortests/solver.py:62: Suite splitting in effect</skipped></testcase><testcase classname="src.pymortests.solver" file="src/pymortests/solver.py" line="62" name="test_numpy_sparse_solvers[generic_least_squares_lsmr]" time="0.0004239082336425781"><skipped message="Suite splitting in effect" type="pytest.skip">src/pymortests/solver.py:62: Suite splitting in effect</skipped></testcase><testcase classname="src.pymortests.solver" file="src/pymortests/solver.py" line="62" name="test_numpy_sparse_solvers[pyamg_sa]" time="0.0003921985626220703"><skipped message="Suite splitting in effect" type="pytest.skip">src/pymortests/solver.py:62: Suite splitting in effect</skipped></testcase><testcase classname="src.pymortests.solver" file="src/pymortests/solver.py" line="62" name="test_numpy_sparse_solvers[scipy_bicgstab]" time="0.0004360675811767578"><skipped message="Suite splitting in effect" type="pytest.skip">src/pymortests/solver.py:62: Suite splitting in effect</skipped></testcase><testcase classname="src.pymortests.sylvester" file="src/pymortests/sylvester.py" line="47" name="test_sylv_schur_V[1-1-100]" time="0.0004982948303222656"><skipped message="Suite splitting in effect" type="pytest.skip">src/pymortests/sylvester.py:47: Suite splitting in effect</skipped></testcase><testcase classname="src.pymortests.sylvester" file="src/pymortests/sylvester.py" line="47" name="test_sylv_schur_V[1-1-1000]" time="0.0004341602325439453"><skipped message="Suite splitting in effect" type="pytest.skip">src/pymortests/sylvester.py:47: Suite splitting in effect</skipped></testcase><testcase classname="src.pymortests.sylvester" file="src/pymortests/sylvester.py" line="47" name="test_sylv_schur_V[1-10-100]" time="0.0004284381866455078"><skipped message="Suite splitting in effect" type="pytest.skip">src/pymortests/sylvester.py:47: Suite splitting in effect</skipped></testcase><testcase classname="src.pymortests.sylvester" file="src/pymortests/sylvester.py" line="47" name="test_sylv_schur_V[1-10-1000]" time="0.0003921985626220703"><skipped message="Suite splitting in effect" type="pytest.skip">src/pymortests/sylvester.py:47: Suite splitting in effect</skipped></testcase><testcase classname="src.pymortests.sylvester" file="src/pymortests/sylvester.py" line="47" name="test_sylv_schur_V[1-20-100]" time="0.0004096031188964844"><skipped message="Suite splitting in effect" type="pytest.skip">src/pymortests/sylvester.py:47: Suite splitting in effect</skipped></testcase><testcase classname="src.pymortests.sylvester" file="src/pymortests/sylvester.py" line="47" name="test_sylv_schur_V[1-20-1000]" time="0.0004153251647949219"><skipped message="Suite splitting in effect" type="pytest.skip">src/pymortests/sylvester.py:47: Suite splitting in effect</skipped></testcase><testcase classname="src.pymortests.sylvester" file="src/pymortests/sylvester.py" line="47" name="test_sylv_schur_V[2-1-100]" time="0.0003933906555175781"><skipped message="Suite splitting in effect" type="pytest.skip">src/pymortests/sylvester.py:47: Suite splitting in effect</skipped></testcase><testcase classname="src.pymortests.sylvester" file="src/pymortests/sylvester.py" line="47" name="test_sylv_schur_V[2-1-1000]" time="0.0004119873046875"><skipped message="Suite splitting in effect" type="pytest.skip">src/pymortests/sylvester.py:47: Suite splitting in effect</skipped></testcase><testcase classname="src.pymortests.sylvester" file="src/pymortests/sylvester.py" line="47" name="test_sylv_schur_V[2-10-100]" time="0.0004107952117919922"><skipped message="Suite splitting in effect" type="pytest.skip">src/pymortests/sylvester.py:47: Suite splitting in effect</skipped></testcase><testcase classname="src.pymortests.sylvester" file="src/pymortests/sylvester.py" line="47" name="test_sylv_schur_V[2-10-1000]" time="0.0004134178161621094"><skipped message="Suite splitting in effect" type="pytest.skip">src/pymortests/sylvester.py:47: Suite splitting in effect</skipped></testcase><testcase classname="src.pymortests.sylvester" file="src/pymortests/sylvester.py" line="47" name="test_sylv_schur_V[2-20-100]" time="0.00041937828063964844"><skipped message="Suite splitting in effect" type="pytest.skip">src/pymortests/sylvester.py:47: Suite splitting in effect</skipped></testcase><testcase classname="src.pymortests.sylvester" file="src/pymortests/sylvester.py" line="47" name="test_sylv_schur_V[2-20-1000]" time="0.0004286766052246094"><skipped message="Suite splitting in effect" type="pytest.skip">src/pymortests/sylvester.py:47: Suite splitting in effect</skipped></testcase><testcase classname="src.pymortests.sylvester" file="src/pymortests/sylvester.py" line="75" name="test_sylv_schur_V_E[1-1-100]" time="0.00041747093200683594"><skipped message="Suite splitting in effect" type="pytest.skip">src/pymortests/sylvester.py:75: Suite splitting in effect</skipped></testcase><testcase classname="src.pymortests.sylvester" file="src/pymortests/sylvester.py" line="75" name="test_sylv_schur_V_E[1-1-1000]" time="0.00039315223693847656"><skipped message="Suite splitting in effect" type="pytest.skip">src/pymortests/sylvester.py:75: Suite splitting in effect</skipped></testcase><testcase classname="src.pymortests.sylvester" file="src/pymortests/sylvester.py" line="75" name="test_sylv_schur_V_E[1-10-100]" time="0.00040459632873535156"><skipped message="Suite splitting in effect" type="pytest.skip">src/pymortests/sylvester.py:75: Suite splitting in effect</skipped></testcase><testcase classname="src.pymortests.sylvester" file="src/pymortests/sylvester.py" line="75" name="test_sylv_schur_V_E[1-10-1000]" time="0.0003974437713623047"><skipped message="Suite splitting in effect" type="pytest.skip">src/pymortests/sylvester.py:75: Suite splitting in effect</skipped></testcase><testcase classname="src.pymortests.sylvester" file="src/pymortests/sylvester.py" line="75" name="test_sylv_schur_V_E[1-20-100]" time="0.00041747093200683594"><skipped message="Suite splitting in effect" type="pytest.skip">src/pymortests/sylvester.py:75: Suite splitting in effect</skipped></testcase><testcase classname="src.pymortests.sylvester" file="src/pymortests/sylvester.py" line="75" name="test_sylv_schur_V_E[1-20-1000]" time="0.00041985511779785156"><skipped message="Suite splitting in effect" type="pytest.skip">src/pymortests/sylvester.py:75: Suite splitting in effect</skipped></testcase><testcase classname="src.pymortests.sylvester" file="src/pymortests/sylvester.py" line="75" name="test_sylv_schur_V_E[2-1-100]" time="0.00044846534729003906"><skipped message="Suite splitting in effect" type="pytest.skip">src/pymortests/sylvester.py:75: Suite splitting in effect</skipped></testcase><testcase classname="src.pymortests.sylvester" file="src/pymortests/sylvester.py" line="75" name="test_sylv_schur_V_E[2-1-1000]" time="0.0004680156707763672"><skipped message="Suite splitting in effect" type="pytest.skip">src/pymortests/sylvester.py:75: Suite splitting in effect</skipped></testcase><testcase classname="src.pymortests.sylvester" file="src/pymortests/sylvester.py" line="75" name="test_sylv_schur_V_E[2-10-100]" time="0.0004210472106933594"><skipped message="Suite splitting in effect" type="pytest.skip">src/pymortests/sylvester.py:75: Suite splitting in effect</skipped></testcase><testcase classname="src.pymortests.sylvester" file="src/pymortests/sylvester.py" line="75" name="test_sylv_schur_V_E[2-10-1000]" time="0.0004107952117919922"><skipped message="Suite splitting in effect" type="pytest.skip">src/pymortests/sylvester.py:75: Suite splitting in effect</skipped></testcase><testcase classname="src.pymortests.sylvester" file="src/pymortests/sylvester.py" line="75" name="test_sylv_schur_V_E[2-20-100]" time="0.000415802001953125"><skipped message="Suite splitting in effect" type="pytest.skip">src/pymortests/sylvester.py:75: Suite splitting in effect</skipped></testcase><testcase classname="src.pymortests.sylvester" file="src/pymortests/sylvester.py" line="75" name="test_sylv_schur_V_E[2-20-1000]" time="0.0004181861877441406"><skipped message="Suite splitting in effect" type="pytest.skip">src/pymortests/sylvester.py:75: Suite splitting in effect</skipped></testcase><testcase classname="src.pymortests.sylvester" file="src/pymortests/sylvester.py" line="108" name="test_sylv_schur_W[1-1-100]" time="0.0004138946533203125"><skipped message="Suite splitting in effect" type="pytest.skip">src/pymortests/sylvester.py:108: Suite splitting in effect</skipped></testcase><testcase classname="src.pymortests.sylvester" file="src/pymortests/sylvester.py" line="108" name="test_sylv_schur_W[1-1-1000]" time="0.0004210472106933594"><skipped message="Suite splitting in effect" type="pytest.skip">src/pymortests/sylvester.py:108: Suite splitting in effect</skipped></testcase><testcase classname="src.pymortests.sylvester" file="src/pymortests/sylvester.py" line="108" name="test_sylv_schur_W[1-10-100]" time="0.00039076805114746094"><skipped message="Suite splitting in effect" type="pytest.skip">src/pymortests/sylvester.py:108: Suite splitting in effect</skipped></testcase><testcase classname="src.pymortests.sylvester" file="src/pymortests/sylvester.py" line="108" name="test_sylv_schur_W[1-10-1000]" time="0.00043129920959472656"><skipped message="Suite splitting in effect" type="pytest.skip">src/pymortests/sylvester.py:108: Suite splitting in effect</skipped></testcase><testcase classname="src.pymortests.sylvester" file="src/pymortests/sylvester.py" line="108" name="test_sylv_schur_W[1-20-100]" time="0.0005352497100830078"><skipped message="Suite splitting in effect" type="pytest.skip">src/pymortests/sylvester.py:108: Suite splitting in effect</skipped></testcase><testcase classname="src.pymortests.sylvester" file="src/pymortests/sylvester.py" line="108" name="test_sylv_schur_W[1-20-1000]" time="0.00043487548828125"><skipped message="Suite splitting in effect" type="pytest.skip">src/pymortests/sylvester.py:108: Suite splitting in effect</skipped></testcase><testcase classname="src.pymortests.sylvester" file="src/pymortests/sylvester.py" line="108" name="test_sylv_schur_W[2-1-100]" time="0.0004000663757324219"><skipped message="Suite splitting in effect" type="pytest.skip">src/pymortests/sylvester.py:108: Suite splitting in effect</skipped></testcase><testcase classname="src.pymortests.sylvester" file="src/pymortests/sylvester.py" line="108" name="test_sylv_schur_W[2-1-1000]" time="0.0004284381866455078"><skipped message="Suite splitting in effect" type="pytest.skip">src/pymortests/sylvester.py:108: Suite splitting in effect</skipped></testcase><testcase classname="src.pymortests.sylvester" file="src/pymortests/sylvester.py" line="108" name="test_sylv_schur_W[2-10-100]" time="0.00041484832763671875"><skipped message="Suite splitting in effect" type="pytest.skip">src/pymortests/sylvester.py:108: Suite splitting in effect</skipped></testcase><testcase classname="src.pymortests.sylvester" file="src/pymortests/sylvester.py" line="108" name="test_sylv_schur_W[2-10-1000]" time="0.00042176246643066406"><skipped message="Suite splitting in effect" type="pytest.skip">src/pymortests/sylvester.py:108: Suite splitting in effect</skipped></testcase><testcase classname="src.pymortests.sylvester" file="src/pymortests/sylvester.py" line="108" name="test_sylv_schur_W[2-20-100]" time="0.0004086494445800781"><skipped message="Suite splitting in effect" type="pytest.skip">src/pymortests/sylvester.py:108: Suite splitting in effect</skipped></testcase><testcase classname="src.pymortests.sylvester" file="src/pymortests/sylvester.py" line="108" name="test_sylv_schur_W[2-20-1000]" time="0.0004162788391113281"><skipped message="Suite splitting in effect" type="pytest.skip">src/pymortests/sylvester.py:108: Suite splitting in effect</skipped></testcase><testcase classname="src.pymortests.sylvester" file="src/pymortests/sylvester.py" line="136" name="test_sylv_schur_W_E[1-1-100]" time="0.0003895759582519531"><skipped message="Suite splitting in effect" type="pytest.skip">src/pymortests/sylvester.py:136: Suite splitting in effect</skipped></testcase><testcase classname="src.pymortests.sylvester" file="src/pymortests/sylvester.py" line="136" name="test_sylv_schur_W_E[1-1-1000]" time="0.00042438507080078125"><skipped message="Suite splitting in effect" type="pytest.skip">src/pymortests/sylvester.py:136: Suite splitting in effect</skipped></testcase><testcase classname="src.pymortests.sylvester" file="src/pymortests/sylvester.py" line="136" name="test_sylv_schur_W_E[1-10-100]" time="0.0003955364227294922"><skipped message="Suite splitting in effect" type="pytest.skip">src/pymortests/sylvester.py:136: Suite splitting in effect</skipped></testcase><testcase classname="src.pymortests.sylvester" file="src/pymortests/sylvester.py" line="136" name="test_sylv_schur_W_E[1-10-1000]" time="0.00044989585876464844"><skipped message="Suite splitting in effect" type="pytest.skip">src/pymortests/sylvester.py:136: Suite splitting in effect</skipped></testcase><testcase classname="src.pymortests.sylvester" file="src/pymortests/sylvester.py" line="136" name="test_sylv_schur_W_E[1-20-100]" time="0.00041103363037109375"><skipped message="Suite splitting in effect" type="pytest.skip">src/pymortests/sylvester.py:136: Suite splitting in effect</skipped></testcase><testcase classname="src.pymortests.sylvester" file="src/pymortests/sylvester.py" line="136" name="test_sylv_schur_W_E[1-20-1000]" time="0.00040912628173828125"><skipped message="Suite splitting in effect" type="pytest.skip">src/pymortests/sylvester.py:136: Suite splitting in effect</skipped></testcase><testcase classname="src.pymortests.sylvester" file="src/pymortests/sylvester.py" line="136" name="test_sylv_schur_W_E[2-1-100]" time="0.0003993511199951172"><skipped message="Suite splitting in effect" type="pytest.skip">src/pymortests/sylvester.py:136: Suite splitting in effect</skipped></testcase><testcase classname="src.pymortests.sylvester" file="src/pymortests/sylvester.py" line="136" name="test_sylv_schur_W_E[2-1-1000]" time="0.00042819976806640625"><skipped message="Suite splitting in effect" type="pytest.skip">src/pymortests/sylvester.py:136: Suite splitting in effect</skipped></testcase><testcase classname="src.pymortests.sylvester" file="src/pymortests/sylvester.py" line="136" name="test_sylv_schur_W_E[2-10-100]" time="0.0003991127014160156"><skipped message="Suite splitting in effect" type="pytest.skip">src/pymortests/sylvester.py:136: Suite splitting in effect</skipped></testcase><testcase classname="src.pymortests.sylvester" file="src/pymortests/sylvester.py" line="136" name="test_sylv_schur_W_E[2-10-1000]" time="0.0004086494445800781"><skipped message="Suite splitting in effect" type="pytest.skip">src/pymortests/sylvester.py:136: Suite splitting in effect</skipped></testcase><testcase classname="src.pymortests.sylvester" file="src/pymortests/sylvester.py" line="136" name="test_sylv_schur_W_E[2-20-100]" time="0.0004405975341796875"><skipped message="Suite splitting in effect" type="pytest.skip">src/pymortests/sylvester.py:136: Suite splitting in effect</skipped></testcase><testcase classname="src.pymortests.sylvester" file="src/pymortests/sylvester.py" line="136" name="test_sylv_schur_W_E[2-20-1000]" time="0.0004165172576904297"><skipped message="Suite splitting in effect" type="pytest.skip">src/pymortests/sylvester.py:136: Suite splitting in effect</skipped></testcase><testcase classname="src.pymortests.to_matrix" file="src/pymortests/to_matrix.py" line="34" name="test_to_matrix_NumpyMatrixOperator" time="0.00045561790466308594"><skipped message="Suite splitting in effect" type="pytest.skip">src/pymortests/to_matrix.py:34: Suite splitting in effect</skipped></testcase><testcase classname="src.pymortests.to_matrix" file="src/pymortests/to_matrix.py" line="45" name="test_to_matrix_BlockOperator" time="0.00041675567626953125"><skipped message="Suite splitting in effect" type="pytest.skip">src/pymortests/to_matrix.py:45: Suite splitting in effect</skipped></testcase><testcase classname="src.pymortests.to_matrix" file="src/pymortests/to_matrix.py" line="68" name="test_to_matrix_BlockDiagonalOperator" time="0.0004069805145263672"><skipped message="Suite splitting in effect" type="pytest.skip">src/pymortests/to_matrix.py:68: Suite splitting in effect</skipped></testcase><testcase classname="src.pymortests.to_matrix" file="src/pymortests/to_matrix.py" line="86" name="test_to_matrix_AdjointOperator" time="0.00041937828063964844"><skipped message="Suite splitting in effect" type="pytest.skip">src/pymortests/to_matrix.py:86: Suite splitting in effect</skipped></testcase><testcase classname="src.pymortests.to_matrix" file="src/pymortests/to_matrix.py" line="127" name="test_to_matrix_ComponentProjection" time="0.0004134178161621094"><skipped message="Suite splitting in effect" type="pytest.skip">src/pymortests/to_matrix.py:127: Suite splitting in effect</skipped></testcase><testcase classname="src.pymortests.to_matrix" file="src/pymortests/to_matrix.py" line="138" name="test_to_matrix_Concatenation" time="0.0004057884216308594"><skipped message="Suite splitting in effect" type="pytest.skip">src/pymortests/to_matrix.py:138: Suite splitting in effect</skipped></testcase><testcase classname="src.pymortests.to_matrix" file="src/pymortests/to_matrix.py" line="165" name="test_to_matrix_IdentityOperator" time="0.0003972053527832031"><skipped message="Suite splitting in effect" type="pytest.skip">src/pymortests/to_matrix.py:165: Suite splitting in effect</skipped></testcase><testcase classname="src.pymortests.to_matrix" file="src/pymortests/to_matrix.py" line="173" name="test_to_matrix_LincombOperator" time="0.0004208087921142578"><skipped message="Suite splitting in effect" type="pytest.skip">src/pymortests/to_matrix.py:173: Suite splitting in effect</skipped></testcase><testcase classname="src.pymortests.to_matrix" file="src/pymortests/to_matrix.py" line="202" name="test_to_matrix_VectorArrayOperator" time="0.0003898143768310547"><skipped message="Suite splitting in effect" type="pytest.skip">src/pymortests/to_matrix.py:202: Suite splitting in effect</skipped></testcase><testcase classname="src.pymortests.to_matrix" file="src/pymortests/to_matrix.py" line="214" name="test_to_matrix_ZeroOperator" time="0.00046133995056152344"><skipped message="Suite splitting in effect" type="pytest.skip">src/pymortests/to_matrix.py:214: Suite splitting in effect</skipped></testcase><testcase classname="src.pymortests.tools.TestGaussQuadrature" file="src/pymortests/tools.py" line="27" name="test_polynomials" time="0.0005154609680175781"><skipped message="Suite splitting in effect" type="pytest.skip">src/pymortests/tools.py:27: Suite splitting in effect</skipped></testcase><testcase classname="src.pymortests.tools.TestGaussQuadrature" file="src/pymortests/tools.py" line="38" name="test_other_functions" time="0.00040411949157714844"><skipped message="Suite splitting in effect" type="pytest.skip">src/pymortests/tools.py:38: Suite splitting in effect</skipped></testcase><testcase classname="src.pymortests.tools.TestGaussQuadrature" file="src/pymortests/tools.py" line="46" name="test_weights" time="0.0004265308380126953"><skipped message="Suite splitting in effect" type="pytest.skip">src/pymortests/tools.py:46: Suite splitting in effect</skipped></testcase><testcase classname="src.pymortests.tools.TestGaussQuadrature" file="src/pymortests/tools.py" line="51" name="test_points" time="0.00042366981506347656"><skipped message="Suite splitting in effect" type="pytest.skip">src/pymortests/tools.py:51: Suite splitting in effect</skipped></testcase><testcase classname="src.pymortests.tools.TestCmp" file="src/pymortests/tools.py" line="61" name="test_props" time="0.00040650367736816406"><skipped message="Suite splitting in effect" type="pytest.skip">src/pymortests/tools.py:61: Suite splitting in effect</skipped></testcase><testcase classname="src.pymortests.tools" file="src/pymortests/tools.py" line="87" name="test_vtkio[&lt;lambda&gt;0]" time="0.0003972053527832031"><skipped message="Suite splitting in effect" type="pytest.skip">src/pymortests/tools.py:87: Suite splitting in effect</skipped></testcase><testcase classname="src.pymortests.tools" file="src/pymortests/tools.py" line="87" name="test_vtkio[&lt;lambda&gt;1]" time="0.0004425048828125"><skipped message="Suite splitting in effect" type="pytest.skip">src/pymortests/tools.py:87: Suite splitting in effect</skipped></testcase><testcase classname="src.pymortests.tools" file="src/pymortests/tools.py" line="87" name="test_vtkio[&lt;lambda&gt;2]" time="0.00040268898010253906"><skipped message="Suite splitting in effect" type="pytest.skip">src/pymortests/tools.py:87: Suite splitting in effect</skipped></testcase><testcase classname="src.pymortests.tools" file="src/pymortests/tools.py" line="87" name="test_vtkio[&lt;lambda&gt;3]" time="0.00041604042053222656"><skipped message="Suite splitting in effect" type="pytest.skip">src/pymortests/tools.py:87: Suite splitting in effect</skipped></testcase><testcase classname="src.pymortests.tools" file="src/pymortests/tools.py" line="87" name="test_vtkio[&lt;lambda&gt;4]" time="0.00043702125549316406"><skipped message="Suite splitting in effect" type="pytest.skip">src/pymortests/tools.py:87: Suite splitting in effect</skipped></testcase><testcase classname="src.pymortests.tools" file="src/pymortests/tools.py" line="87" name="test_vtkio[&lt;lambda&gt;5]" time="0.00038814544677734375"><skipped message="Suite splitting in effect" type="pytest.skip">src/pymortests/tools.py:87: Suite splitting in effect</skipped></testcase><testcase classname="src.pymortests.tools" file="src/pymortests/tools.py" line="87" name="test_vtkio[&lt;lambda&gt;6]" time="0.0004215240478515625"><skipped message="Suite splitting in effect" type="pytest.skip">src/pymortests/tools.py:87: Suite splitting in effect</skipped></testcase><testcase classname="src.pymortests.tools" file="src/pymortests/tools.py" line="87" name="test_vtkio[&lt;lambda&gt;7]" time="0.0004029273986816406"><skipped message="Suite splitting in effect" type="pytest.skip">src/pymortests/tools.py:87: Suite splitting in effect</skipped></testcase><testcase classname="src.pymortests.tools" file="src/pymortests/tools.py" line="87" name="test_vtkio[&lt;lambda&gt;8]" time="0.0004127025604248047"><skipped message="Suite splitting in effect" type="pytest.skip">src/pymortests/tools.py:87: Suite splitting in effect</skipped></testcase><testcase classname="src.pymortests.tools" file="src/pymortests/tools.py" line="87" name="test_vtkio[&lt;lambda&gt;9]" time="0.0003886222839355469"><skipped message="Suite splitting in effect" type="pytest.skip">src/pymortests/tools.py:87: Suite splitting in effect</skipped></testcase><testcase classname="src.pymortests.tools" file="src/pymortests/tools.py" line="87" name="test_vtkio[&lt;lambda&gt;10]" time="0.00041556358337402344"><skipped message="Suite splitting in effect" type="pytest.skip">src/pymortests/tools.py:87: Suite splitting in effect</skipped></testcase><testcase classname="src.pymortests.tools" file="src/pymortests/tools.py" line="87" name="test_vtkio[&lt;lambda&gt;11]" time="0.0003941059112548828"><skipped message="Suite splitting in effect" type="pytest.skip">src/pymortests/tools.py:87: Suite splitting in effect</skipped></testcase><testcase classname="src.pymortests.tools" file="src/pymortests/tools.py" line="87" name="test_vtkio[&lt;lambda&gt;12]" time="0.00043964385986328125"><skipped message="Suite splitting in effect" type="pytest.skip">src/pymortests/tools.py:87: Suite splitting in effect</skipped></testcase><testcase classname="src.pymortests.tools" file="src/pymortests/tools.py" line="87" name="test_vtkio[&lt;lambda&gt;13]" time="0.000408172607421875"><skipped message="Suite splitting in effect" type="pytest.skip">src/pymortests/tools.py:87: Suite splitting in effect</skipped></testcase><testcase classname="src.pymortests.tools" file="src/pymortests/tools.py" line="87" name="test_vtkio[&lt;lambda&gt;14]" time="0.0003886222839355469"><skipped message="Suite splitting in effect" type="pytest.skip">src/pymortests/tools.py:87: Suite splitting in effect</skipped></testcase><testcase classname="src.pymortests.tools" file="src/pymortests/tools.py" line="87" name="test_vtkio[&lt;lambda&gt;15]" time="0.0006711483001708984"><skipped message="Suite splitting in effect" type="pytest.skip">src/pymortests/tools.py:87: Suite splitting in effect</skipped></testcase><testcase classname="src.pymortests.tools" file="src/pymortests/tools.py" line="87" name="test_vtkio[&lt;lambda&gt;16]" time="0.0006644725799560547"><skipped message="Suite splitting in effect" type="pytest.skip">src/pymortests/tools.py:87: Suite splitting in effect</skipped></testcase><testcase classname="src.pymortests.tools" file="src/pymortests/tools.py" line="87" name="test_vtkio[&lt;lambda&gt;17]" time="0.00042557716369628906"><skipped message="Suite splitting in effect" type="pytest.skip">src/pymortests/tools.py:87: Suite splitting in effect</skipped></testcase><testcase classname="src.pymortests.tools" file="src/pymortests/tools.py" line="87" name="test_vtkio[&lt;lambda&gt;18]" time="0.00045561790466308594"><skipped message="Suite splitting in effect" type="pytest.skip">src/pymortests/tools.py:87: Suite splitting in effect</skipped></testcase><testcase classname="src.pymortests.tools" file="src/pymortests/tools.py" line="87" name="test_vtkio[&lt;lambda&gt;19]" time="0.0004134178161621094"><skipped message="Suite splitting in effect" type="pytest.skip">src/pymortests/tools.py:87: Suite splitting in effect</skipped></testcase><testcase classname="src.pymortests.tools" file="src/pymortests/tools.py" line="87" name="test_vtkio[&lt;lambda&gt;20]" time="0.0004165172576904297"><skipped message="Suite splitting in effect" type="pytest.skip">src/pymortests/tools.py:87: Suite splitting in effect</skipped></testcase><testcase classname="src.pymortests.tools" file="src/pymortests/tools.py" line="87" name="test_vtkio[&lt;lambda&gt;21]" time="0.000408172607421875"><skipped message="Suite splitting in effect" type="pytest.skip">src/pymortests/tools.py:87: Suite splitting in effect</skipped></testcase><testcase classname="src.pymortests.tools" file="src/pymortests/tools.py" line="87" name="test_vtkio[&lt;lambda&gt;22]" time="0.0004127025604248047"><skipped message="Suite splitting in effect" type="pytest.skip">src/pymortests/tools.py:87: Suite splitting in effect</skipped></testcase><testcase classname="src.pymortests.tools" file="src/pymortests/tools.py" line="87" name="test_vtkio[&lt;lambda&gt;23]" time="0.0003941059112548828"><skipped message="Suite splitting in effect" type="pytest.skip">src/pymortests/tools.py:87: Suite splitting in effect</skipped></testcase><testcase classname="src.pymortests.tools.TestTiming" file="src/pymortests/tools.py" line="103" name="testTimingContext" time="0.00045490264892578125"><skipped message="Suite splitting in effect" type="pytest.skip">src/pymortests/tools.py:103: Suite splitting in effect</skipped></testcase><testcase classname="src.pymortests.tools.TestTiming" file="src/pymortests/tools.py" line="113" name="testTimingDecorator" time="0.0004019737243652344"><skipped message="Suite splitting in effect" type="pytest.skip">src/pymortests/tools.py:113: Suite splitting in effect</skipped></testcase><testcase classname="src.pymortests.tools.TestTiming" file="src/pymortests/tools.py" line="116" name="testTiming" time="0.0004780292510986328"><skipped message="Suite splitting in effect" type="pytest.skip">src/pymortests/tools.py:116: Suite splitting in effect</skipped></testcase><testcase classname="src.pymortests.tools" file="src/pymortests/tools.py" line="124" name="testDeprecated" time="0.0003914833068847656"><skipped message="Suite splitting in effect" type="pytest.skip">src/pymortests/tools.py:124: Suite splitting in effect</skipped></testcase><testcase classname="src.pymortests.vectorarray" file="src/pymortests/vectorarray.py" line="152" name="test_empty[0-&lt;lambda&gt;0]" time="0.0005078315734863281"><skipped message="Suite splitting in effect" type="pytest.skip">src/pymortests/vectorarray.py:152: Suite splitting in effect</skipped></testcase><testcase classname="src.pymortests.vectorarray" file="src/pymortests/vectorarray.py" line="152" name="test_empty[0-&lt;lambda&gt;1]" time="0.00040984153747558594"><skipped message="Suite splitting in effect" type="pytest.skip">src/pymortests/vectorarray.py:152: Suite splitting in effect</skipped></testcase><testcase classname="src.pymortests.vectorarray" file="src/pymortests/vectorarray.py" line="152" name="test_empty[0-&lt;lambda&gt;2]" time="0.00039696693420410156"><skipped message="Suite splitting in effect" type="pytest.skip">src/pymortests/vectorarray.py:152: Suite splitting in effect</skipped></testcase><testcase classname="src.pymortests.vectorarray" file="src/pymortests/vectorarray.py" line="152" name="test_empty[0-&lt;lambda&gt;3]" time="0.0004451274871826172"><skipped message="Suite splitting in effect" type="pytest.skip">src/pymortests/vectorarray.py:152: Suite splitting in effect</skipped></testcase><testcase classname="src.pymortests.vectorarray" file="src/pymortests/vectorarray.py" line="152" name="test_empty[0-&lt;lambda&gt;4]" time="0.0004010200500488281"><skipped message="Suite splitting in effect" type="pytest.skip">src/pymortests/vectorarray.py:152: Suite splitting in effect</skipped></testcase><testcase classname="src.pymortests.vectorarray" file="src/pymortests/vectorarray.py" line="152" name="test_empty[0-&lt;lambda&gt;5]" time="0.00042510032653808594"><skipped message="Suite splitting in effect" type="pytest.skip">src/pymortests/vectorarray.py:152: Suite splitting in effect</skipped></testcase><testcase classname="src.pymortests.vectorarray" file="src/pymortests/vectorarray.py" line="152" name="test_empty[0-&lt;lambda&gt;6]" time="0.00043201446533203125"><skipped message="Suite splitting in effect" type="pytest.skip">src/pymortests/vectorarray.py:152: Suite splitting in effect</skipped></testcase><testcase classname="src.pymortests.vectorarray" file="src/pymortests/vectorarray.py" line="152" name="test_empty[0-&lt;lambda&gt;7]" time="0.0003921985626220703"><skipped message="Suite splitting in effect" type="pytest.skip">src/pymortests/vectorarray.py:152: Suite splitting in effect</skipped></testcase><testcase classname="src.pymortests.vectorarray" file="src/pymortests/vectorarray.py" line="152" name="test_empty[0-&lt;lambda&gt;8]" time="0.00042629241943359375"><skipped message="Suite splitting in effect" type="pytest.skip">src/pymortests/vectorarray.py:152: Suite splitting in effect</skipped></testcase><testcase classname="src.pymortests.vectorarray" file="src/pymortests/vectorarray.py" line="152" name="test_empty[0-&lt;lambda&gt;9]" time="0.0003910064697265625"><skipped message="Suite splitting in effect" type="pytest.skip">src/pymortests/vectorarray.py:152: Suite splitting in effect</skipped></testcase><testcase classname="src.pymortests.vectorarray" file="src/pymortests/vectorarray.py" line="152" name="test_empty[0-&lt;lambda&gt;10]" time="0.0004284381866455078"><skipped message="Suite splitting in effect" type="pytest.skip">src/pymortests/vectorarray.py:152: Suite splitting in effect</skipped></testcase><testcase classname="src.pymortests.vectorarray" file="src/pymortests/vectorarray.py" line="152" name="test_empty[0-&lt;lambda&gt;11]" time="0.0004146099090576172"><skipped message="Suite splitting in effect" type="pytest.skip">src/pymortests/vectorarray.py:152: Suite splitting in effect</skipped></testcase><testcase classname="src.pymortests.vectorarray" file="src/pymortests/vectorarray.py" line="152" name="test_empty[0-&lt;lambda&gt;12]" time="0.0004622936248779297"><skipped message="Suite splitting in effect" type="pytest.skip">src/pymortests/vectorarray.py:152: Suite splitting in effect</skipped></testcase><testcase classname="src.pymortests.vectorarray" file="src/pymortests/vectorarray.py" line="152" name="test_empty[0-&lt;lambda&gt;13]" time="0.000396728515625"><skipped message="Suite splitting in effect" type="pytest.skip">src/pymortests/vectorarray.py:152: Suite splitting in effect</skipped></testcase><testcase classname="src.pymortests.vectorarray" file="src/pymortests/vectorarray.py" line="152" name="test_empty[0-&lt;lambda&gt;14]" time="0.0004477500915527344"><skipped message="Suite splitting in effect" type="pytest.skip">src/pymortests/vectorarray.py:152: Suite splitting in effect</skipped></testcase><testcase classname="src.pymortests.vectorarray" file="src/pymortests/vectorarray.py" line="152" name="test_empty[0-&lt;lambda&gt;15]" time="0.00039386749267578125"><skipped message="Suite splitting in effect" type="pytest.skip">src/pymortests/vectorarray.py:152: Suite splitting in effect</skipped></testcase><testcase classname="src.pymortests.vectorarray" file="src/pymortests/vectorarray.py" line="152" name="test_empty[0-&lt;lambda&gt;16]" time="0.0004029273986816406"><skipped message="Suite splitting in effect" type="pytest.skip">src/pymortests/vectorarray.py:152: Suite splitting in effect</skipped></testcase><testcase classname="src.pymortests.vectorarray" file="src/pymortests/vectorarray.py" line="152" name="test_empty[0-&lt;lambda&gt;17]" time="0.00040984153747558594"><skipped message="Suite splitting in effect" type="pytest.skip">src/pymortests/vectorarray.py:152: Suite splitting in effect</skipped></testcase><testcase classname="src.pymortests.vectorarray" file="src/pymortests/vectorarray.py" line="152" name="test_empty[0-&lt;lambda&gt;18]" time="0.0003933906555175781"><skipped message="Suite splitting in effect" type="pytest.skip">src/pymortests/vectorarray.py:152: Suite splitting in effect</skipped></testcase><testcase classname="src.pymortests.vectorarray" file="src/pymortests/vectorarray.py" line="152" name="test_empty[0-&lt;lambda&gt;19]" time="0.0004405975341796875"><skipped message="Suite splitting in effect" type="pytest.skip">src/pymortests/vectorarray.py:152: Suite splitting in effect</skipped></testcase><testcase classname="src.pymortests.vectorarray" file="src/pymortests/vectorarray.py" line="152" name="test_empty[0-&lt;lambda&gt;20]" time="0.0004000663757324219"><skipped message="Suite splitting in effect" type="pytest.skip">src/pymortests/vectorarray.py:152: Suite splitting in effect</skipped></testcase><testcase classname="src.pymortests.vectorarray" file="src/pymortests/vectorarray.py" line="152" name="test_empty[0-&lt;lambda&gt;21]" time="0.0004181861877441406"><skipped message="Suite splitting in effect" type="pytest.skip">src/pymortests/vectorarray.py:152: Suite splitting in effect</skipped></testcase><testcase classname="src.pymortests.vectorarray" file="src/pymortests/vectorarray.py" line="152" name="test_empty[0-&lt;lambda&gt;22]" time="0.0004246234893798828"><skipped message="Suite splitting in effect" type="pytest.skip">src/pymortests/vectorarray.py:152: Suite splitting in effect</skipped></testcase><testcase classname="src.pymortests.vectorarray" file="src/pymortests/vectorarray.py" line="152" name="test_empty[0-&lt;lambda&gt;23]" time="0.0004296302795410156"><skipped message="Suite splitting in effect" type="pytest.skip">src/pymortests/vectorarray.py:152: Suite splitting in effect</skipped></testcase><testcase classname="src.pymortests.vectorarray" file="src/pymortests/vectorarray.py" line="152" name="test_empty[0-&lt;lambda&gt;24]" time="0.00039315223693847656"><skipped message="Suite splitting in effect" type="pytest.skip">src/pymortests/vectorarray.py:152: Suite splitting in effect</skipped></testcase><testcase classname="src.pymortests.vectorarray" file="src/pymortests/vectorarray.py" line="152" name="test_empty[0-&lt;lambda&gt;25]" time="0.0004200935363769531"><skipped message="Suite splitting in effect" type="pytest.skip">src/pymortests/vectorarray.py:152: Suite splitting in effect</skipped></testcase><testcase classname="src.pymortests.vectorarray" file="src/pymortests/vectorarray.py" line="152" name="test_empty[0-&lt;lambda&gt;26]" time="0.00042366981506347656"><skipped message="Suite splitting in effect" type="pytest.skip">src/pymortests/vectorarray.py:152: Suite splitting in effect</skipped></testcase><testcase classname="src.pymortests.vectorarray" file="src/pymortests/vectorarray.py" line="152" name="test_empty[1-&lt;lambda&gt;0]" time="0.0004467964172363281"><skipped message="Suite splitting in effect" type="pytest.skip">src/pymortests/vectorarray.py:152: Suite splitting in effect</skipped></testcase><testcase classname="src.pymortests.vectorarray" file="src/pymortests/vectorarray.py" line="152" name="test_empty[1-&lt;lambda&gt;1]" time="0.0003955364227294922"><skipped message="Suite splitting in effect" type="pytest.skip">src/pymortests/vectorarray.py:152: Suite splitting in effect</skipped></testcase><testcase classname="src.pymortests.vectorarray" file="src/pymortests/vectorarray.py" line="152" name="test_empty[1-&lt;lambda&gt;2]" time="0.000423431396484375"><skipped message="Suite splitting in effect" type="pytest.skip">src/pymortests/vectorarray.py:152: Suite splitting in effect</skipped></testcase><testcase classname="src.pymortests.vectorarray" file="src/pymortests/vectorarray.py" line="152" name="test_empty[1-&lt;lambda&gt;3]" time="0.0003943443298339844"><skipped message="Suite splitting in effect" type="pytest.skip">src/pymortests/vectorarray.py:152: Suite splitting in effect</skipped></testcase><testcase classname="src.pymortests.vectorarray" file="src/pymortests/vectorarray.py" line="152" name="test_empty[1-&lt;lambda&gt;4]" time="0.0004172325134277344"><skipped message="Suite splitting in effect" type="pytest.skip">src/pymortests/vectorarray.py:152: Suite splitting in effect</skipped></testcase><testcase classname="src.pymortests.vectorarray" file="src/pymortests/vectorarray.py" line="152" name="test_empty[1-&lt;lambda&gt;5]" time="0.00041413307189941406"><skipped message="Suite splitting in effect" type="pytest.skip">src/pymortests/vectorarray.py:152: Suite splitting in effect</skipped></testcase><testcase classname="src.pymortests.vectorarray" file="src/pymortests/vectorarray.py" line="152" name="test_empty[1-&lt;lambda&gt;6]" time="0.00041794776916503906"><skipped message="Suite splitting in effect" type="pytest.skip">src/pymortests/vectorarray.py:152: Suite splitting in effect</skipped></testcase><testcase classname="src.pymortests.vectorarray" file="src/pymortests/vectorarray.py" line="152" name="test_empty[1-&lt;lambda&gt;7]" time="0.00040459632873535156"><skipped message="Suite splitting in effect" type="pytest.skip">src/pymortests/vectorarray.py:152: Suite splitting in effect</skipped></testcase><testcase classname="src.pymortests.vectorarray" file="src/pymortests/vectorarray.py" line="152" name="test_empty[1-&lt;lambda&gt;8]" time="0.0004341602325439453"><skipped message="Suite splitting in effect" type="pytest.skip">src/pymortests/vectorarray.py:152: Suite splitting in effect</skipped></testcase><testcase classname="src.pymortests.vectorarray" file="src/pymortests/vectorarray.py" line="152" name="test_empty[1-&lt;lambda&gt;9]" time="0.0004038810729980469"><skipped message="Suite splitting in effect" type="pytest.skip">src/pymortests/vectorarray.py:152: Suite splitting in effect</skipped></testcase><testcase classname="src.pymortests.vectorarray" file="src/pymortests/vectorarray.py" line="152" name="test_empty[1-&lt;lambda&gt;10]" time="0.0004138946533203125"><skipped message="Suite splitting in effect" type="pytest.skip">src/pymortests/vectorarray.py:152: Suite splitting in effect</skipped></testcase><testcase classname="src.pymortests.vectorarray" file="src/pymortests/vectorarray.py" line="152" name="test_empty[1-&lt;lambda&gt;11]" time="0.0004203319549560547"><skipped message="Suite splitting in effect" type="pytest.skip">src/pymortests/vectorarray.py:152: Suite splitting in effect</skipped></testcase><testcase classname="src.pymortests.vectorarray" file="src/pymortests/vectorarray.py" line="152" name="test_empty[1-&lt;lambda&gt;12]" time="0.0004570484161376953"><skipped message="Suite splitting in effect" type="pytest.skip">src/pymortests/vectorarray.py:152: Suite splitting in effect</skipped></testcase><testcase classname="src.pymortests.vectorarray" file="src/pymortests/vectorarray.py" line="152" name="test_empty[1-&lt;lambda&gt;13]" time="0.00038933753967285156"><skipped message="Suite splitting in effect" type="pytest.skip">src/pymortests/vectorarray.py:152: Suite splitting in effect</skipped></testcase><testcase classname="src.pymortests.vectorarray" file="src/pymortests/vectorarray.py" line="152" name="test_empty[1-&lt;lambda&gt;14]" time="0.0004215240478515625"><skipped message="Suite splitting in effect" type="pytest.skip">src/pymortests/vectorarray.py:152: Suite splitting in effect</skipped></testcase><testcase classname="src.pymortests.vectorarray" file="src/pymortests/vectorarray.py" line="152" name="test_empty[1-&lt;lambda&gt;15]" time="0.0004115104675292969"><skipped message="Suite splitting in effect" type="pytest.skip">src/pymortests/vectorarray.py:152: Suite splitting in effect</skipped></testcase><testcase classname="src.pymortests.vectorarray" file="src/pymortests/vectorarray.py" line="152" name="test_empty[1-&lt;lambda&gt;16]" time="0.0004105567932128906"><skipped message="Suite splitting in effect" type="pytest.skip">src/pymortests/vectorarray.py:152: Suite splitting in effect</skipped></testcase><testcase classname="src.pymortests.vectorarray" file="src/pymortests/vectorarray.py" line="152" name="test_empty[1-&lt;lambda&gt;17]" time="0.0003857612609863281"><skipped message="Suite splitting in effect" type="pytest.skip">src/pymortests/vectorarray.py:152: Suite splitting in effect</skipped></testcase><testcase classname="src.pymortests.vectorarray" file="src/pymortests/vectorarray.py" line="152" name="test_empty[1-&lt;lambda&gt;18]" time="0.0004627704620361328"><skipped message="Suite splitting in effect" type="pytest.skip">src/pymortests/vectorarray.py:152: Suite splitting in effect</skipped></testcase><testcase classname="src.pymortests.vectorarray" file="src/pymortests/vectorarray.py" line="152" name="test_empty[1-&lt;lambda&gt;19]" time="0.0003921985626220703"><skipped message="Suite splitting in effect" type="pytest.skip">src/pymortests/vectorarray.py:152: Suite splitting in effect</skipped></testcase><testcase classname="src.pymortests.vectorarray" file="src/pymortests/vectorarray.py" line="152" name="test_empty[1-&lt;lambda&gt;20]" time="0.0004324913024902344"><skipped message="Suite splitting in effect" type="pytest.skip">src/pymortests/vectorarray.py:152: Suite splitting in effect</skipped></testcase><testcase classname="src.pymortests.vectorarray" file="src/pymortests/vectorarray.py" line="152" name="test_empty[1-&lt;lambda&gt;21]" time="0.0003952980041503906"><skipped message="Suite splitting in effect" type="pytest.skip">src/pymortests/vectorarray.py:152: Suite splitting in effect</skipped></testcase><testcase classname="src.pymortests.vectorarray" file="src/pymortests/vectorarray.py" line="152" name="test_empty[1-&lt;lambda&gt;22]" time="0.00042438507080078125"><skipped message="Suite splitting in effect" type="pytest.skip">src/pymortests/vectorarray.py:152: Suite splitting in effect</skipped></testcase><testcase classname="src.pymortests.vectorarray" file="src/pymortests/vectorarray.py" line="152" name="test_empty[1-&lt;lambda&gt;23]" time="0.0004112720489501953"><skipped message="Suite splitting in effect" type="pytest.skip">src/pymortests/vectorarray.py:152: Suite splitting in effect</skipped></testcase><testcase classname="src.pymortests.vectorarray" file="src/pymortests/vectorarray.py" line="152" name="test_empty[1-&lt;lambda&gt;24]" time="0.0004057884216308594"><skipped message="Suite splitting in effect" type="pytest.skip">src/pymortests/vectorarray.py:152: Suite splitting in effect</skipped></testcase><testcase classname="src.pymortests.vectorarray" file="src/pymortests/vectorarray.py" line="152" name="test_empty[1-&lt;lambda&gt;25]" time="0.00041413307189941406"><skipped message="Suite splitting in effect" type="pytest.skip">src/pymortests/vectorarray.py:152: Suite splitting in effect</skipped></testcase><testcase classname="src.pymortests.vectorarray" file="src/pymortests/vectorarray.py" line="152" name="test_empty[1-&lt;lambda&gt;26]" time="0.0004131793975830078"><skipped message="Suite splitting in effect" type="pytest.skip">src/pymortests/vectorarray.py:152: Suite splitting in effect</skipped></testcase><testcase classname="src.pymortests.vectorarray" file="src/pymortests/vectorarray.py" line="152" name="test_empty[2-&lt;lambda&gt;0]" time="0.0004184246063232422"><skipped message="Suite splitting in effect" type="pytest.skip">src/pymortests/vectorarray.py:152: Suite splitting in effect</skipped></testcase><testcase classname="src.pymortests.vectorarray" file="src/pymortests/vectorarray.py" line="152" name="test_empty[2-&lt;lambda&gt;1]" time="0.0003941059112548828"><skipped message="Suite splitting in effect" type="pytest.skip">src/pymortests/vectorarray.py:152: Suite splitting in effect</skipped></testcase><testcase classname="src.pymortests.vectorarray" file="src/pymortests/vectorarray.py" line="152" name="test_empty[2-&lt;lambda&gt;2]" time="0.0006341934204101562"><skipped message="Suite splitting in effect" type="pytest.skip">src/pymortests/vectorarray.py:152: Suite splitting in effect</skipped></testcase><testcase classname="src.pymortests.vectorarray" file="src/pymortests/vectorarray.py" line="152" name="test_empty[2-&lt;lambda&gt;3]" time="0.00041961669921875"><skipped message="Suite splitting in effect" type="pytest.skip">src/pymortests/vectorarray.py:152: Suite splitting in effect</skipped></testcase><testcase classname="src.pymortests.vectorarray" file="src/pymortests/vectorarray.py" line="152" name="test_empty[2-&lt;lambda&gt;4]" time="0.00041365623474121094"><skipped message="Suite splitting in effect" type="pytest.skip">src/pymortests/vectorarray.py:152: Suite splitting in effect</skipped></testcase><testcase classname="src.pymortests.vectorarray" file="src/pymortests/vectorarray.py" line="152" name="test_empty[2-&lt;lambda&gt;5]" time="0.0004138946533203125"><skipped message="Suite splitting in effect" type="pytest.skip">src/pymortests/vectorarray.py:152: Suite splitting in effect</skipped></testcase><testcase classname="src.pymortests.vectorarray" file="src/pymortests/vectorarray.py" line="152" name="test_empty[2-&lt;lambda&gt;6]" time="0.0005373954772949219"><skipped message="Suite splitting in effect" type="pytest.skip">src/pymortests/vectorarray.py:152: Suite splitting in effect</skipped></testcase><testcase classname="src.pymortests.vectorarray" file="src/pymortests/vectorarray.py" line="152" name="test_empty[2-&lt;lambda&gt;7]" time="0.0003952980041503906"><skipped message="Suite splitting in effect" type="pytest.skip">src/pymortests/vectorarray.py:152: Suite splitting in effect</skipped></testcase><testcase classname="src.pymortests.vectorarray" file="src/pymortests/vectorarray.py" line="152" name="test_empty[2-&lt;lambda&gt;8]" time="0.00040602684020996094"><skipped message="Suite splitting in effect" type="pytest.skip">src/pymortests/vectorarray.py:152: Suite splitting in effect</skipped></testcase><testcase classname="src.pymortests.vectorarray" file="src/pymortests/vectorarray.py" line="152" name="test_empty[2-&lt;lambda&gt;9]" time="0.0004355907440185547"><skipped message="Suite splitting in effect" type="pytest.skip">src/pymortests/vectorarray.py:152: Suite splitting in effect</skipped></testcase><testcase classname="src.pymortests.vectorarray" file="src/pymortests/vectorarray.py" line="152" name="test_empty[2-&lt;lambda&gt;10]" time="0.0003848075866699219"><skipped message="Suite splitting in effect" type="pytest.skip">src/pymortests/vectorarray.py:152: Suite splitting in effect</skipped></testcase><testcase classname="src.pymortests.vectorarray" file="src/pymortests/vectorarray.py" line="152" name="test_empty[2-&lt;lambda&gt;11]" time="0.0004413127899169922"><skipped message="Suite splitting in effect" type="pytest.skip">src/pymortests/vectorarray.py:152: Suite splitting in effect</skipped></testcase><testcase classname="src.pymortests.vectorarray" file="src/pymortests/vectorarray.py" line="152" name="test_empty[2-&lt;lambda&gt;12]" time="0.0003898143768310547"><skipped message="Suite splitting in effect" type="pytest.skip">src/pymortests/vectorarray.py:152: Suite splitting in effect</skipped></testcase><testcase classname="src.pymortests.vectorarray" file="src/pymortests/vectorarray.py" line="152" name="test_empty[2-&lt;lambda&gt;13]" time="0.0004277229309082031"><skipped message="Suite splitting in effect" type="pytest.skip">src/pymortests/vectorarray.py:152: Suite splitting in effect</skipped></testcase><testcase classname="src.pymortests.vectorarray" file="src/pymortests/vectorarray.py" line="152" name="test_empty[2-&lt;lambda&gt;14]" time="0.0004267692565917969"><skipped message="Suite splitting in effect" type="pytest.skip">src/pymortests/vectorarray.py:152: Suite splitting in effect</skipped></testcase><testcase classname="src.pymortests.vectorarray" file="src/pymortests/vectorarray.py" line="152" name="test_empty[2-&lt;lambda&gt;15]" time="0.00042557716369628906"><skipped message="Suite splitting in effect" type="pytest.skip">src/pymortests/vectorarray.py:152: Suite splitting in effect</skipped></testcase><testcase classname="src.pymortests.vectorarray" file="src/pymortests/vectorarray.py" line="152" name="test_empty[2-&lt;lambda&gt;16]" time="0.00039696693420410156"><skipped message="Suite splitting in effect" type="pytest.skip">src/pymortests/vectorarray.py:152: Suite splitting in effect</skipped></testcase><testcase classname="src.pymortests.vectorarray" file="src/pymortests/vectorarray.py" line="152" name="test_empty[2-&lt;lambda&gt;17]" time="0.0004324913024902344"><skipped message="Suite splitting in effect" type="pytest.skip">src/pymortests/vectorarray.py:152: Suite splitting in effect</skipped></testcase><testcase classname="src.pymortests.vectorarray" file="src/pymortests/vectorarray.py" line="152" name="test_empty[2-&lt;lambda&gt;18]" time="0.0004169940948486328"><skipped message="Suite splitting in effect" type="pytest.skip">src/pymortests/vectorarray.py:152: Suite splitting in effect</skipped></testcase><testcase classname="src.pymortests.vectorarray" file="src/pymortests/vectorarray.py" line="152" name="test_empty[2-&lt;lambda&gt;19]" time="0.00039124488830566406"><skipped message="Suite splitting in effect" type="pytest.skip">src/pymortests/vectorarray.py:152: Suite splitting in effect</skipped></testcase><testcase classname="src.pymortests.vectorarray" file="src/pymortests/vectorarray.py" line="152" name="test_empty[2-&lt;lambda&gt;20]" time="0.00041222572326660156"><skipped message="Suite splitting in effect" type="pytest.skip">src/pymortests/vectorarray.py:152: Suite splitting in effect</skipped></testcase><testcase classname="src.pymortests.vectorarray" file="src/pymortests/vectorarray.py" line="152" name="test_empty[2-&lt;lambda&gt;21]" time="0.0004069805145263672"><skipped message="Suite splitting in effect" type="pytest.skip">src/pymortests/vectorarray.py:152: Suite splitting in effect</skipped></testcase><testcase classname="src.pymortests.vectorarray" file="src/pymortests/vectorarray.py" line="152" name="test_empty[2-&lt;lambda&gt;22]" time="0.00041222572326660156"><skipped message="Suite splitting in effect" type="pytest.skip">src/pymortests/vectorarray.py:152: Suite splitting in effect</skipped></testcase><testcase classname="src.pymortests.vectorarray" file="src/pymortests/vectorarray.py" line="152" name="test_empty[2-&lt;lambda&gt;23]" time="0.000408172607421875"><skipped message="Suite splitting in effect" type="pytest.skip">src/pymortests/vectorarray.py:152: Suite splitting in effect</skipped></testcase><testcase classname="src.pymortests.vectorarray" file="src/pymortests/vectorarray.py" line="152" name="test_empty[2-&lt;lambda&gt;24]" time="0.0004203319549560547"><skipped message="Suite splitting in effect" type="pytest.skip">src/pymortests/vectorarray.py:152: Suite splitting in effect</skipped></testcase><testcase classname="src.pymortests.vectorarray" file="src/pymortests/vectorarray.py" line="152" name="test_empty[2-&lt;lambda&gt;25]" time="0.0004322528839111328"><skipped message="Suite splitting in effect" type="pytest.skip">src/pymortests/vectorarray.py:152: Suite splitting in effect</skipped></testcase><testcase classname="src.pymortests.vectorarray" file="src/pymortests/vectorarray.py" line="152" name="test_empty[2-&lt;lambda&gt;26]" time="0.0003924369812011719"><skipped message="Suite splitting in effect" type="pytest.skip">src/pymortests/vectorarray.py:152: Suite splitting in effect</skipped></testcase><testcase classname="src.pymortests.vectorarray" file="src/pymortests/vectorarray.py" line="165" name="test_zeros[0-&lt;lambda&gt;0]" time="0.00043964385986328125"><skipped message="Suite splitting in effect" type="pytest.skip">src/pymortests/vectorarray.py:165: Suite splitting in effect</skipped></testcase><testcase classname="src.pymortests.vectorarray" file="src/pymortests/vectorarray.py" line="165" name="test_zeros[0-&lt;lambda&gt;1]" time="0.0004127025604248047"><skipped message="Suite splitting in effect" type="pytest.skip">src/pymortests/vectorarray.py:165: Suite splitting in effect</skipped></testcase><testcase classname="src.pymortests.vectorarray" file="src/pymortests/vectorarray.py" line="165" name="test_zeros[0-&lt;lambda&gt;2]" time="0.00040268898010253906"><skipped message="Suite splitting in effect" type="pytest.skip">src/pymortests/vectorarray.py:165: Suite splitting in effect</skipped></testcase><testcase classname="src.pymortests.vectorarray" file="src/pymortests/vectorarray.py" line="165" name="test_zeros[0-&lt;lambda&gt;3]" time="0.00041294097900390625"><skipped message="Suite splitting in effect" type="pytest.skip">src/pymortests/vectorarray.py:165: Suite splitting in effect</skipped></testcase><testcase classname="src.pymortests.vectorarray" file="src/pymortests/vectorarray.py" line="165" name="test_zeros[0-&lt;lambda&gt;4]" time="0.0004143714904785156"><skipped message="Suite splitting in effect" type="pytest.skip">src/pymortests/vectorarray.py:165: Suite splitting in effect</skipped></testcase><testcase classname="src.pymortests.vectorarray" file="src/pymortests/vectorarray.py" line="165" name="test_zeros[0-&lt;lambda&gt;5]" time="0.00043201446533203125"><skipped message="Suite splitting in effect" type="pytest.skip">src/pymortests/vectorarray.py:165: Suite splitting in effect</skipped></testcase><testcase classname="src.pymortests.vectorarray" file="src/pymortests/vectorarray.py" line="165" name="test_zeros[0-&lt;lambda&gt;6]" time="0.00038909912109375"><skipped message="Suite splitting in effect" type="pytest.skip">src/pymortests/vectorarray.py:165: Suite splitting in effect</skipped></testcase><testcase classname="src.pymortests.vectorarray" file="src/pymortests/vectorarray.py" line="165" name="test_zeros[0-&lt;lambda&gt;7]" time="0.0004227161407470703"><skipped message="Suite splitting in effect" type="pytest.skip">src/pymortests/vectorarray.py:165: Suite splitting in effect</skipped></testcase><testcase classname="src.pymortests.vectorarray" file="src/pymortests/vectorarray.py" line="165" name="test_zeros[0-&lt;lambda&gt;8]" time="0.0004100799560546875"><skipped message="Suite splitting in effect" type="pytest.skip">src/pymortests/vectorarray.py:165: Suite splitting in effect</skipped></testcase><testcase classname="src.pymortests.vectorarray" file="src/pymortests/vectorarray.py" line="165" name="test_zeros[0-&lt;lambda&gt;9]" time="0.00040721893310546875"><skipped message="Suite splitting in effect" type="pytest.skip">src/pymortests/vectorarray.py:165: Suite splitting in effect</skipped></testcase><testcase classname="src.pymortests.vectorarray" file="src/pymortests/vectorarray.py" line="165" name="test_zeros[0-&lt;lambda&gt;10]" time="0.00040459632873535156"><skipped message="Suite splitting in effect" type="pytest.skip">src/pymortests/vectorarray.py:165: Suite splitting in effect</skipped></testcase><testcase classname="src.pymortests.vectorarray" file="src/pymortests/vectorarray.py" line="165" name="test_zeros[0-&lt;lambda&gt;11]" time="0.00041174888610839844"><skipped message="Suite splitting in effect" type="pytest.skip">src/pymortests/vectorarray.py:165: Suite splitting in effect</skipped></testcase><testcase classname="src.pymortests.vectorarray" file="src/pymortests/vectorarray.py" line="165" name="test_zeros[0-&lt;lambda&gt;12]" time="0.0004096031188964844"><skipped message="Suite splitting in effect" type="pytest.skip">src/pymortests/vectorarray.py:165: Suite splitting in effect</skipped></testcase><testcase classname="src.pymortests.vectorarray" file="src/pymortests/vectorarray.py" line="165" name="test_zeros[0-&lt;lambda&gt;13]" time="0.0004169940948486328"><skipped message="Suite splitting in effect" type="pytest.skip">src/pymortests/vectorarray.py:165: Suite splitting in effect</skipped></testcase><testcase classname="src.pymortests.vectorarray" file="src/pymortests/vectorarray.py" line="165" name="test_zeros[0-&lt;lambda&gt;14]" time="0.0006635189056396484"><skipped message="Suite splitting in effect" type="pytest.skip">src/pymortests/vectorarray.py:165: Suite splitting in effect</skipped></testcase><testcase classname="src.pymortests.vectorarray" file="src/pymortests/vectorarray.py" line="165" name="test_zeros[0-&lt;lambda&gt;15]" time="0.00041103363037109375"><skipped message="Suite splitting in effect" type="pytest.skip">src/pymortests/vectorarray.py:165: Suite splitting in effect</skipped></testcase><testcase classname="src.pymortests.vectorarray" file="src/pymortests/vectorarray.py" line="165" name="test_zeros[0-&lt;lambda&gt;16]" time="0.000457763671875"><skipped message="Suite splitting in effect" type="pytest.skip">src/pymortests/vectorarray.py:165: Suite splitting in effect</skipped></testcase><testcase classname="src.pymortests.vectorarray" file="src/pymortests/vectorarray.py" line="165" name="test_zeros[0-&lt;lambda&gt;17]" time="0.00040531158447265625"><skipped message="Suite splitting in effect" type="pytest.skip">src/pymortests/vectorarray.py:165: Suite splitting in effect</skipped></testcase><testcase classname="src.pymortests.vectorarray" file="src/pymortests/vectorarray.py" line="165" name="test_zeros[0-&lt;lambda&gt;18]" time="0.0003943443298339844"><skipped message="Suite splitting in effect" type="pytest.skip">src/pymortests/vectorarray.py:165: Suite splitting in effect</skipped></testcase><testcase classname="src.pymortests.vectorarray" file="src/pymortests/vectorarray.py" line="165" name="test_zeros[0-&lt;lambda&gt;19]" time="0.00040411949157714844"><skipped message="Suite splitting in effect" type="pytest.skip">src/pymortests/vectorarray.py:165: Suite splitting in effect</skipped></testcase><testcase classname="src.pymortests.vectorarray" file="src/pymortests/vectorarray.py" line="165" name="test_zeros[0-&lt;lambda&gt;20]" time="0.0004012584686279297"><skipped message="Suite splitting in effect" type="pytest.skip">src/pymortests/vectorarray.py:165: Suite splitting in effect</skipped></testcase><testcase classname="src.pymortests.vectorarray" file="src/pymortests/vectorarray.py" line="165" name="test_zeros[0-&lt;lambda&gt;21]" time="0.0005428791046142578"><skipped message="Suite splitting in effect" type="pytest.skip">src/pymortests/vectorarray.py:165: Suite splitting in effect</skipped></testcase><testcase classname="src.pymortests.vectorarray" file="src/pymortests/vectorarray.py" line="165" name="test_zeros[0-&lt;lambda&gt;22]" time="0.0004115104675292969"><skipped message="Suite splitting in effect" type="pytest.skip">src/pymortests/vectorarray.py:165: Suite splitting in effect</skipped></testcase><testcase classname="src.pymortests.vectorarray" file="src/pymortests/vectorarray.py" line="165" name="test_zeros[0-&lt;lambda&gt;23]" time="0.0004067420959472656"><skipped message="Suite splitting in effect" type="pytest.skip">src/pymortests/vectorarray.py:165: Suite splitting in effect</skipped></testcase><testcase classname="src.pymortests.vectorarray" file="src/pymortests/vectorarray.py" line="165" name="test_zeros[0-&lt;lambda&gt;24]" time="0.0004048347473144531"><skipped message="Suite splitting in effect" type="pytest.skip">src/pymortests/vectorarray.py:165: Suite splitting in effect</skipped></testcase><testcase classname="src.pymortests.vectorarray" file="src/pymortests/vectorarray.py" line="165" name="test_zeros[0-&lt;lambda&gt;25]" time="0.000396728515625"><skipped message="Suite splitting in effect" type="pytest.skip">src/pymortests/vectorarray.py:165: Suite splitting in effect</skipped></testcase><testcase classname="src.pymortests.vectorarray" file="src/pymortests/vectorarray.py" line="165" name="test_zeros[0-&lt;lambda&gt;26]" time="0.00042724609375"><skipped message="Suite splitting in effect" type="pytest.skip">src/pymortests/vectorarray.py:165: Suite splitting in effect</skipped></testcase><testcase classname="src.pymortests.vectorarray" file="src/pymortests/vectorarray.py" line="165" name="test_zeros[1-&lt;lambda&gt;0]" time="0.0003933906555175781"><skipped message="Suite splitting in effect" type="pytest.skip">src/pymortests/vectorarray.py:165: Suite splitting in effect</skipped></testcase><testcase classname="src.pymortests.vectorarray" file="src/pymortests/vectorarray.py" line="165" name="test_zeros[1-&lt;lambda&gt;1]" time="0.0004229545593261719"><skipped message="Suite splitting in effect" type="pytest.skip">src/pymortests/vectorarray.py:165: Suite splitting in effect</skipped></testcase><testcase classname="src.pymortests.vectorarray" file="src/pymortests/vectorarray.py" line="165" name="test_zeros[1-&lt;lambda&gt;2]" time="0.0004315376281738281"><skipped message="Suite splitting in effect" type="pytest.skip">src/pymortests/vectorarray.py:165: Suite splitting in effect</skipped></testcase><testcase classname="src.pymortests.vectorarray" file="src/pymortests/vectorarray.py" line="165" name="test_zeros[1-&lt;lambda&gt;3]" time="0.00038886070251464844"><skipped message="Suite splitting in effect" type="pytest.skip">src/pymortests/vectorarray.py:165: Suite splitting in effect</skipped></testcase><testcase classname="src.pymortests.vectorarray" file="src/pymortests/vectorarray.py" line="165" name="test_zeros[1-&lt;lambda&gt;4]" time="0.0004265308380126953"><skipped message="Suite splitting in effect" type="pytest.skip">src/pymortests/vectorarray.py:165: Suite splitting in effect</skipped></testcase><testcase classname="src.pymortests.vectorarray" file="src/pymortests/vectorarray.py" line="165" name="test_zeros[1-&lt;lambda&gt;5]" time="0.00039196014404296875"><skipped message="Suite splitting in effect" type="pytest.skip">src/pymortests/vectorarray.py:165: Suite splitting in effect</skipped></testcase><testcase classname="src.pymortests.vectorarray" file="src/pymortests/vectorarray.py" line="165" name="test_zeros[1-&lt;lambda&gt;6]" time="0.0004172325134277344"><skipped message="Suite splitting in effect" type="pytest.skip">src/pymortests/vectorarray.py:165: Suite splitting in effect</skipped></testcase><testcase classname="src.pymortests.vectorarray" file="src/pymortests/vectorarray.py" line="165" name="test_zeros[1-&lt;lambda&gt;7]" time="0.00040221214294433594"><skipped message="Suite splitting in effect" type="pytest.skip">src/pymortests/vectorarray.py:165: Suite splitting in effect</skipped></testcase><testcase classname="src.pymortests.vectorarray" file="src/pymortests/vectorarray.py" line="165" name="test_zeros[1-&lt;lambda&gt;8]" time="0.00044226646423339844"><skipped message="Suite splitting in effect" type="pytest.skip">src/pymortests/vectorarray.py:165: Suite splitting in effect</skipped></testcase><testcase classname="src.pymortests.vectorarray" file="src/pymortests/vectorarray.py" line="165" name="test_zeros[1-&lt;lambda&gt;9]" time="0.00041556358337402344"><skipped message="Suite splitting in effect" type="pytest.skip">src/pymortests/vectorarray.py:165: Suite splitting in effect</skipped></testcase><testcase classname="src.pymortests.vectorarray" file="src/pymortests/vectorarray.py" line="165" name="test_zeros[1-&lt;lambda&gt;10]" time="0.0003941059112548828"><skipped message="Suite splitting in effect" type="pytest.skip">src/pymortests/vectorarray.py:165: Suite splitting in effect</skipped></testcase><testcase classname="src.pymortests.vectorarray" file="src/pymortests/vectorarray.py" line="165" name="test_zeros[1-&lt;lambda&gt;11]" time="0.00042176246643066406"><skipped message="Suite splitting in effect" type="pytest.skip">src/pymortests/vectorarray.py:165: Suite splitting in effect</skipped></testcase><testcase classname="src.pymortests.vectorarray" file="src/pymortests/vectorarray.py" line="165" name="test_zeros[1-&lt;lambda&gt;12]" time="0.00044536590576171875"><skipped message="Suite splitting in effect" type="pytest.skip">src/pymortests/vectorarray.py:165: Suite splitting in effect</skipped></testcase><testcase classname="src.pymortests.vectorarray" file="src/pymortests/vectorarray.py" line="165" name="test_zeros[1-&lt;lambda&gt;13]" time="0.0004203319549560547"><skipped message="Suite splitting in effect" type="pytest.skip">src/pymortests/vectorarray.py:165: Suite splitting in effect</skipped></testcase><testcase classname="src.pymortests.vectorarray" file="src/pymortests/vectorarray.py" line="165" name="test_zeros[1-&lt;lambda&gt;14]" time="0.0003910064697265625"><skipped message="Suite splitting in effect" type="pytest.skip">src/pymortests/vectorarray.py:165: Suite splitting in effect</skipped></testcase><testcase classname="src.pymortests.vectorarray" file="src/pymortests/vectorarray.py" line="165" name="test_zeros[1-&lt;lambda&gt;15]" time="0.00041866302490234375"><skipped message="Suite splitting in effect" type="pytest.skip">src/pymortests/vectorarray.py:165: Suite splitting in effect</skipped></testcase><testcase classname="src.pymortests.vectorarray" file="src/pymortests/vectorarray.py" line="165" name="test_zeros[1-&lt;lambda&gt;16]" time="0.0004258155822753906"><skipped message="Suite splitting in effect" type="pytest.skip">src/pymortests/vectorarray.py:165: Suite splitting in effect</skipped></testcase><testcase classname="src.pymortests.vectorarray" file="src/pymortests/vectorarray.py" line="165" name="test_zeros[1-&lt;lambda&gt;17]" time="0.0004093647003173828"><skipped message="Suite splitting in effect" type="pytest.skip">src/pymortests/vectorarray.py:165: Suite splitting in effect</skipped></testcase><testcase classname="src.pymortests.vectorarray" file="src/pymortests/vectorarray.py" line="165" name="test_zeros[1-&lt;lambda&gt;18]" time="0.0004105567932128906"><skipped message="Suite splitting in effect" type="pytest.skip">src/pymortests/vectorarray.py:165: Suite splitting in effect</skipped></testcase><testcase classname="src.pymortests.vectorarray" file="src/pymortests/vectorarray.py" line="165" name="test_zeros[1-&lt;lambda&gt;19]" time="0.0003895759582519531"><skipped message="Suite splitting in effect" type="pytest.skip">src/pymortests/vectorarray.py:165: Suite splitting in effect</skipped></testcase><testcase classname="src.pymortests.vectorarray" file="src/pymortests/vectorarray.py" line="165" name="test_zeros[1-&lt;lambda&gt;20]" time="0.0004367828369140625"><skipped message="Suite splitting in effect" type="pytest.skip">src/pymortests/vectorarray.py:165: Suite splitting in effect</skipped></testcase><testcase classname="src.pymortests.vectorarray" file="src/pymortests/vectorarray.py" line="165" name="test_zeros[1-&lt;lambda&gt;21]" time="0.0003917217254638672"><skipped message="Suite splitting in effect" type="pytest.skip">src/pymortests/vectorarray.py:165: Suite splitting in effect</skipped></testcase><testcase classname="src.pymortests.vectorarray" file="src/pymortests/vectorarray.py" line="165" name="test_zeros[1-&lt;lambda&gt;22]" time="0.0004169940948486328"><skipped message="Suite splitting in effect" type="pytest.skip">src/pymortests/vectorarray.py:165: Suite splitting in effect</skipped></testcase><testcase classname="src.pymortests.vectorarray" file="src/pymortests/vectorarray.py" line="165" name="test_zeros[1-&lt;lambda&gt;23]" time="0.0003895759582519531"><skipped message="Suite splitting in effect" type="pytest.skip">src/pymortests/vectorarray.py:165: Suite splitting in effect</skipped></testcase><testcase classname="src.pymortests.vectorarray" file="src/pymortests/vectorarray.py" line="165" name="test_zeros[1-&lt;lambda&gt;24]" time="0.0004134178161621094"><skipped message="Suite splitting in effect" type="pytest.skip">src/pymortests/vectorarray.py:165: Suite splitting in effect</skipped></testcase><testcase classname="src.pymortests.vectorarray" file="src/pymortests/vectorarray.py" line="165" name="test_zeros[1-&lt;lambda&gt;25]" time="0.0004177093505859375"><skipped message="Suite splitting in effect" type="pytest.skip">src/pymortests/vectorarray.py:165: Suite splitting in effect</skipped></testcase><testcase classname="src.pymortests.vectorarray" file="src/pymortests/vectorarray.py" line="165" name="test_zeros[1-&lt;lambda&gt;26]" time="0.00041174888610839844"><skipped message="Suite splitting in effect" type="pytest.skip">src/pymortests/vectorarray.py:165: Suite splitting in effect</skipped></testcase><testcase classname="src.pymortests.vectorarray" file="src/pymortests/vectorarray.py" line="165" name="test_zeros[2-&lt;lambda&gt;0]" time="0.00041222572326660156"><skipped message="Suite splitting in effect" type="pytest.skip">src/pymortests/vectorarray.py:165: Suite splitting in effect</skipped></testcase><testcase classname="src.pymortests.vectorarray" file="src/pymortests/vectorarray.py" line="165" name="test_zeros[2-&lt;lambda&gt;1]" time="0.0004220008850097656"><skipped message="Suite splitting in effect" type="pytest.skip">src/pymortests/vectorarray.py:165: Suite splitting in effect</skipped></testcase><testcase classname="src.pymortests.vectorarray" file="src/pymortests/vectorarray.py" line="165" name="test_zeros[2-&lt;lambda&gt;2]" time="0.0004069805145263672"><skipped message="Suite splitting in effect" type="pytest.skip">src/pymortests/vectorarray.py:165: Suite splitting in effect</skipped></testcase><testcase classname="src.pymortests.vectorarray" file="src/pymortests/vectorarray.py" line="165" name="test_zeros[2-&lt;lambda&gt;3]" time="0.0004391670227050781"><skipped message="Suite splitting in effect" type="pytest.skip">src/pymortests/vectorarray.py:165: Suite splitting in effect</skipped></testcase><testcase classname="src.pymortests.vectorarray" file="src/pymortests/vectorarray.py" line="165" name="test_zeros[2-&lt;lambda&gt;4]" time="0.0003960132598876953"><skipped message="Suite splitting in effect" type="pytest.skip">src/pymortests/vectorarray.py:165: Suite splitting in effect</skipped></testcase><testcase classname="src.pymortests.vectorarray" file="src/pymortests/vectorarray.py" line="165" name="test_zeros[2-&lt;lambda&gt;5]" time="0.0004260540008544922"><skipped message="Suite splitting in effect" type="pytest.skip">src/pymortests/vectorarray.py:165: Suite splitting in effect</skipped></testcase><testcase classname="src.pymortests.vectorarray" file="src/pymortests/vectorarray.py" line="165" name="test_zeros[2-&lt;lambda&gt;6]" time="0.0004165172576904297"><skipped message="Suite splitting in effect" type="pytest.skip">src/pymortests/vectorarray.py:165: Suite splitting in effect</skipped></testcase><testcase classname="src.pymortests.vectorarray" file="src/pymortests/vectorarray.py" line="165" name="test_zeros[2-&lt;lambda&gt;7]" time="0.000392913818359375"><skipped message="Suite splitting in effect" type="pytest.skip">src/pymortests/vectorarray.py:165: Suite splitting in effect</skipped></testcase><testcase classname="src.pymortests.vectorarray" file="src/pymortests/vectorarray.py" line="165" name="test_zeros[2-&lt;lambda&gt;8]" time="0.00042247772216796875"><skipped message="Suite splitting in effect" type="pytest.skip">src/pymortests/vectorarray.py:165: Suite splitting in effect</skipped></testcase><testcase classname="src.pymortests.vectorarray" file="src/pymortests/vectorarray.py" line="165" name="test_zeros[2-&lt;lambda&gt;9]" time="0.00041365623474121094"><skipped message="Suite splitting in effect" type="pytest.skip">src/pymortests/vectorarray.py:165: Suite splitting in effect</skipped></testcase><testcase classname="src.pymortests.vectorarray" file="src/pymortests/vectorarray.py" line="165" name="test_zeros[2-&lt;lambda&gt;10]" time="0.0004100799560546875"><skipped message="Suite splitting in effect" type="pytest.skip">src/pymortests/vectorarray.py:165: Suite splitting in effect</skipped></testcase><testcase classname="src.pymortests.vectorarray" file="src/pymortests/vectorarray.py" line="165" name="test_zeros[2-&lt;lambda&gt;11]" time="0.00038909912109375"><skipped message="Suite splitting in effect" type="pytest.skip">src/pymortests/vectorarray.py:165: Suite splitting in effect</skipped></testcase><testcase classname="src.pymortests.vectorarray" file="src/pymortests/vectorarray.py" line="165" name="test_zeros[2-&lt;lambda&gt;12]" time="0.0004181861877441406"><skipped message="Suite splitting in effect" type="pytest.skip">src/pymortests/vectorarray.py:165: Suite splitting in effect</skipped></testcase><testcase classname="src.pymortests.vectorarray" file="src/pymortests/vectorarray.py" line="165" name="test_zeros[2-&lt;lambda&gt;13]" time="0.0003905296325683594"><skipped message="Suite splitting in effect" type="pytest.skip">src/pymortests/vectorarray.py:165: Suite splitting in effect</skipped></testcase><testcase classname="src.pymortests.vectorarray" file="src/pymortests/vectorarray.py" line="165" name="test_zeros[2-&lt;lambda&gt;14]" time="0.00045037269592285156"><skipped message="Suite splitting in effect" type="pytest.skip">src/pymortests/vectorarray.py:165: Suite splitting in effect</skipped></testcase><testcase classname="src.pymortests.vectorarray" file="src/pymortests/vectorarray.py" line="165" name="test_zeros[2-&lt;lambda&gt;15]" time="0.00042319297790527344"><skipped message="Suite splitting in effect" type="pytest.skip">src/pymortests/vectorarray.py:165: Suite splitting in effect</skipped></testcase><testcase classname="src.pymortests.vectorarray" file="src/pymortests/vectorarray.py" line="165" name="test_zeros[2-&lt;lambda&gt;16]" time="0.00044989585876464844"><skipped message="Suite splitting in effect" type="pytest.skip">src/pymortests/vectorarray.py:165: Suite splitting in effect</skipped></testcase><testcase classname="src.pymortests.vectorarray" file="src/pymortests/vectorarray.py" line="165" name="test_zeros[2-&lt;lambda&gt;17]" time="0.0004096031188964844"><skipped message="Suite splitting in effect" type="pytest.skip">src/pymortests/vectorarray.py:165: Suite splitting in effect</skipped></testcase><testcase classname="src.pymortests.vectorarray" file="src/pymortests/vectorarray.py" line="165" name="test_zeros[2-&lt;lambda&gt;18]" time="0.0004048347473144531"><skipped message="Suite splitting in effect" type="pytest.skip">src/pymortests/vectorarray.py:165: Suite splitting in effect</skipped></testcase><testcase classname="src.pymortests.vectorarray" file="src/pymortests/vectorarray.py" line="165" name="test_zeros[2-&lt;lambda&gt;19]" time="0.0004012584686279297"><skipped message="Suite splitting in effect" type="pytest.skip">src/pymortests/vectorarray.py:165: Suite splitting in effect</skipped></testcase><testcase classname="src.pymortests.vectorarray" file="src/pymortests/vectorarray.py" line="165" name="test_zeros[2-&lt;lambda&gt;20]" time="0.0004200935363769531"><skipped message="Suite splitting in effect" type="pytest.skip">src/pymortests/vectorarray.py:165: Suite splitting in effect</skipped></testcase><testcase classname="src.pymortests.vectorarray" file="src/pymortests/vectorarray.py" line="165" name="test_zeros[2-&lt;lambda&gt;21]" time="0.0004169940948486328"><skipped message="Suite splitting in effect" type="pytest.skip">src/pymortests/vectorarray.py:165: Suite splitting in effect</skipped></testcase><testcase classname="src.pymortests.vectorarray" file="src/pymortests/vectorarray.py" line="165" name="test_zeros[2-&lt;lambda&gt;22]" time="0.00040793418884277344"><skipped message="Suite splitting in effect" type="pytest.skip">src/pymortests/vectorarray.py:165: Suite splitting in effect</skipped></testcase><testcase classname="src.pymortests.vectorarray" file="src/pymortests/vectorarray.py" line="165" name="test_zeros[2-&lt;lambda&gt;23]" time="0.0004169940948486328"><skipped message="Suite splitting in effect" type="pytest.skip">src/pymortests/vectorarray.py:165: Suite splitting in effect</skipped></testcase><testcase classname="src.pymortests.vectorarray" file="src/pymortests/vectorarray.py" line="165" name="test_zeros[2-&lt;lambda&gt;24]" time="0.00038695335388183594"><skipped message="Suite splitting in effect" type="pytest.skip">src/pymortests/vectorarray.py:165: Suite splitting in effect</skipped></testcase><testcase classname="src.pymortests.vectorarray" file="src/pymortests/vectorarray.py" line="165" name="test_zeros[2-&lt;lambda&gt;25]" time="0.0004200935363769531"><skipped message="Suite splitting in effect" type="pytest.skip">src/pymortests/vectorarray.py:165: Suite splitting in effect</skipped></testcase><testcase classname="src.pymortests.vectorarray" file="src/pymortests/vectorarray.py" line="165" name="test_zeros[2-&lt;lambda&gt;26]" time="0.00039315223693847656"><skipped message="Suite splitting in effect" type="pytest.skip">src/pymortests/vectorarray.py:165: Suite splitting in effect</skipped></testcase><testcase classname="src.pymortests.vectorarray" file="src/pymortests/vectorarray.py" line="182" name="test_from_numpy[0-&lt;lambda&gt;0]" time="0.0004432201385498047"><skipped message="Suite splitting in effect" type="pytest.skip">src/pymortests/vectorarray.py:182: Suite splitting in effect</skipped></testcase><testcase classname="src.pymortests.vectorarray" file="src/pymortests/vectorarray.py" line="182" name="test_from_numpy[0-&lt;lambda&gt;1]" time="0.0004076957702636719"><skipped message="Suite splitting in effect" type="pytest.skip">src/pymortests/vectorarray.py:182: Suite splitting in effect</skipped></testcase><testcase classname="src.pymortests.vectorarray" file="src/pymortests/vectorarray.py" line="182" name="test_from_numpy[0-&lt;lambda&gt;2]" time="0.00042891502380371094"><skipped message="Suite splitting in effect" type="pytest.skip">src/pymortests/vectorarray.py:182: Suite splitting in effect</skipped></testcase><testcase classname="src.pymortests.vectorarray" file="src/pymortests/vectorarray.py" line="182" name="test_from_numpy[0-&lt;lambda&gt;3]" time="0.00039696693420410156"><skipped message="Suite splitting in effect" type="pytest.skip">src/pymortests/vectorarray.py:182: Suite splitting in effect</skipped></testcase><testcase classname="src.pymortests.vectorarray" file="src/pymortests/vectorarray.py" line="182" name="test_from_numpy[0-&lt;lambda&gt;4]" time="0.0004436969757080078"><skipped message="Suite splitting in effect" type="pytest.skip">src/pymortests/vectorarray.py:182: Suite splitting in effect</skipped></testcase><testcase classname="src.pymortests.vectorarray" file="src/pymortests/vectorarray.py" line="182" name="test_from_numpy[0-&lt;lambda&gt;5]" time="0.0004286766052246094"><skipped message="Suite splitting in effect" type="pytest.skip">src/pymortests/vectorarray.py:182: Suite splitting in effect</skipped></testcase><testcase classname="src.pymortests.vectorarray" file="src/pymortests/vectorarray.py" line="182" name="test_from_numpy[0-&lt;lambda&gt;6]" time="0.0004246234893798828"><skipped message="Suite splitting in effect" type="pytest.skip">src/pymortests/vectorarray.py:182: Suite splitting in effect</skipped></testcase><testcase classname="src.pymortests.vectorarray" file="src/pymortests/vectorarray.py" line="182" name="test_from_numpy[0-&lt;lambda&gt;7]" time="0.000415802001953125"><skipped message="Suite splitting in effect" type="pytest.skip">src/pymortests/vectorarray.py:182: Suite splitting in effect</skipped></testcase><testcase classname="src.pymortests.vectorarray" file="src/pymortests/vectorarray.py" line="182" name="test_from_numpy[0-&lt;lambda&gt;8]" time="0.0004253387451171875"><skipped message="Suite splitting in effect" type="pytest.skip">src/pymortests/vectorarray.py:182: Suite splitting in effect</skipped></testcase><testcase classname="src.pymortests.vectorarray" file="src/pymortests/vectorarray.py" line="182" name="test_from_numpy[0-&lt;lambda&gt;9]" time="0.0004181861877441406"><skipped message="Suite splitting in effect" type="pytest.skip">src/pymortests/vectorarray.py:182: Suite splitting in effect</skipped></testcase><testcase classname="src.pymortests.vectorarray" file="src/pymortests/vectorarray.py" line="182" name="test_from_numpy[0-&lt;lambda&gt;10]" time="0.0004048347473144531"><skipped message="Suite splitting in effect" type="pytest.skip">src/pymortests/vectorarray.py:182: Suite splitting in effect</skipped></testcase><testcase classname="src.pymortests.vectorarray" file="src/pymortests/vectorarray.py" line="182" name="test_from_numpy[0-&lt;lambda&gt;11]" time="0.0004131793975830078"><skipped message="Suite splitting in effect" type="pytest.skip">src/pymortests/vectorarray.py:182: Suite splitting in effect</skipped></testcase><testcase classname="src.pymortests.vectorarray" file="src/pymortests/vectorarray.py" line="182" name="test_from_numpy[0-&lt;lambda&gt;12]" time="0.000392913818359375"><skipped message="Suite splitting in effect" type="pytest.skip">src/pymortests/vectorarray.py:182: Suite splitting in effect</skipped></testcase><testcase classname="src.pymortests.vectorarray" file="src/pymortests/vectorarray.py" line="182" name="test_from_numpy[0-&lt;lambda&gt;13]" time="0.0004048347473144531"><skipped message="Suite splitting in effect" type="pytest.skip">src/pymortests/vectorarray.py:182: Suite splitting in effect</skipped></testcase><testcase classname="src.pymortests.vectorarray" file="src/pymortests/vectorarray.py" line="182" name="test_from_numpy[0-&lt;lambda&gt;14]" time="0.00040459632873535156"><skipped message="Suite splitting in effect" type="pytest.skip">src/pymortests/vectorarray.py:182: Suite splitting in effect</skipped></testcase><testcase classname="src.pymortests.vectorarray" file="src/pymortests/vectorarray.py" line="182" name="test_from_numpy[0-&lt;lambda&gt;15]" time="0.0004220008850097656"><skipped message="Suite splitting in effect" type="pytest.skip">src/pymortests/vectorarray.py:182: Suite splitting in effect</skipped></testcase><testcase classname="src.pymortests.vectorarray" file="src/pymortests/vectorarray.py" line="182" name="test_from_numpy[0-&lt;lambda&gt;16]" time="0.0004069805145263672"><skipped message="Suite splitting in effect" type="pytest.skip">src/pymortests/vectorarray.py:182: Suite splitting in effect</skipped></testcase><testcase classname="src.pymortests.vectorarray" file="src/pymortests/vectorarray.py" line="182" name="test_from_numpy[0-&lt;lambda&gt;17]" time="0.00042247772216796875"><skipped message="Suite splitting in effect" type="pytest.skip">src/pymortests/vectorarray.py:182: Suite splitting in effect</skipped></testcase><testcase classname="src.pymortests.vectorarray" file="src/pymortests/vectorarray.py" line="182" name="test_from_numpy[0-&lt;lambda&gt;18]" time="0.0004279613494873047"><skipped message="Suite splitting in effect" type="pytest.skip">src/pymortests/vectorarray.py:182: Suite splitting in effect</skipped></testcase><testcase classname="src.pymortests.vectorarray" file="src/pymortests/vectorarray.py" line="182" name="test_from_numpy[0-&lt;lambda&gt;19]" time="0.0004937648773193359"><skipped message="Suite splitting in effect" type="pytest.skip">src/pymortests/vectorarray.py:182: Suite splitting in effect</skipped></testcase><testcase classname="src.pymortests.vectorarray" file="src/pymortests/vectorarray.py" line="182" name="test_from_numpy[0-&lt;lambda&gt;20]" time="0.00041484832763671875"><skipped message="Suite splitting in effect" type="pytest.skip">src/pymortests/vectorarray.py:182: Suite splitting in effect</skipped></testcase><testcase classname="src.pymortests.vectorarray" file="src/pymortests/vectorarray.py" line="182" name="test_from_numpy[0-&lt;lambda&gt;21]" time="0.00039696693420410156"><skipped message="Suite splitting in effect" type="pytest.skip">src/pymortests/vectorarray.py:182: Suite splitting in effect</skipped></testcase><testcase classname="src.pymortests.vectorarray" file="src/pymortests/vectorarray.py" line="182" name="test_from_numpy[0-&lt;lambda&gt;22]" time="0.00040793418884277344"><skipped message="Suite splitting in effect" type="pytest.skip">src/pymortests/vectorarray.py:182: Suite splitting in effect</skipped></testcase><testcase classname="src.pymortests.vectorarray" file="src/pymortests/vectorarray.py" line="182" name="test_from_numpy[0-&lt;lambda&gt;23]" time="0.0005338191986083984"><skipped message="Suite splitting in effect" type="pytest.skip">src/pymortests/vectorarray.py:182: Suite splitting in effect</skipped></testcase><testcase classname="src.pymortests.vectorarray" file="src/pymortests/vectorarray.py" line="182" name="test_from_numpy[0-&lt;lambda&gt;24]" time="0.00042128562927246094"><skipped message="Suite splitting in effect" type="pytest.skip">src/pymortests/vectorarray.py:182: Suite splitting in effect</skipped></testcase><testcase classname="src.pymortests.vectorarray" file="src/pymortests/vectorarray.py" line="182" name="test_from_numpy[0-&lt;lambda&gt;25]" time="0.00038623809814453125"><skipped message="Suite splitting in effect" type="pytest.skip">src/pymortests/vectorarray.py:182: Suite splitting in effect</skipped></testcase><testcase classname="src.pymortests.vectorarray" file="src/pymortests/vectorarray.py" line="182" name="test_from_numpy[0-&lt;lambda&gt;26]" time="0.0004360675811767578"><skipped message="Suite splitting in effect" type="pytest.skip">src/pymortests/vectorarray.py:182: Suite splitting in effect</skipped></testcase><testcase classname="src.pymortests.vectorarray" file="src/pymortests/vectorarray.py" line="182" name="test_from_numpy[1-&lt;lambda&gt;0]" time="0.00039196014404296875"><skipped message="Suite splitting in effect" type="pytest.skip">src/pymortests/vectorarray.py:182: Suite splitting in effect</skipped></testcase><testcase classname="src.pymortests.vectorarray" file="src/pymortests/vectorarray.py" line="182" name="test_from_numpy[1-&lt;lambda&gt;1]" time="0.0007376670837402344"><skipped message="Suite splitting in effect" type="pytest.skip">src/pymortests/vectorarray.py:182: Suite splitting in effect</skipped></testcase><testcase classname="src.pymortests.vectorarray" file="src/pymortests/vectorarray.py" line="182" name="test_from_numpy[1-&lt;lambda&gt;2]" time="0.0009405612945556641"><skipped message="Suite splitting in effect" type="pytest.skip">src/pymortests/vectorarray.py:182: Suite splitting in effect</skipped></testcase><testcase classname="src.pymortests.vectorarray" file="src/pymortests/vectorarray.py" line="182" name="test_from_numpy[1-&lt;lambda&gt;3]" time="0.0004622936248779297"><skipped message="Suite splitting in effect" type="pytest.skip">src/pymortests/vectorarray.py:182: Suite splitting in effect</skipped></testcase><testcase classname="src.pymortests.vectorarray" file="src/pymortests/vectorarray.py" line="182" name="test_from_numpy[1-&lt;lambda&gt;4]" time="0.00040841102600097656"><skipped message="Suite splitting in effect" type="pytest.skip">src/pymortests/vectorarray.py:182: Suite splitting in effect</skipped></testcase><testcase classname="src.pymortests.vectorarray" file="src/pymortests/vectorarray.py" line="182" name="test_from_numpy[1-&lt;lambda&gt;5]" time="0.0004119873046875"><skipped message="Suite splitting in effect" type="pytest.skip">src/pymortests/vectorarray.py:182: Suite splitting in effect</skipped></testcase><testcase classname="src.pymortests.vectorarray" file="src/pymortests/vectorarray.py" line="182" name="test_from_numpy[1-&lt;lambda&gt;6]" time="0.0004029273986816406"><skipped message="Suite splitting in effect" type="pytest.skip">src/pymortests/vectorarray.py:182: Suite splitting in effect</skipped></testcase><testcase classname="src.pymortests.vectorarray" file="src/pymortests/vectorarray.py" line="182" name="test_from_numpy[1-&lt;lambda&gt;7]" time="0.00043511390686035156"><skipped message="Suite splitting in effect" type="pytest.skip">src/pymortests/vectorarray.py:182: Suite splitting in effect</skipped></testcase><testcase classname="src.pymortests.vectorarray" file="src/pymortests/vectorarray.py" line="182" name="test_from_numpy[1-&lt;lambda&gt;8]" time="0.00040602684020996094"><skipped message="Suite splitting in effect" type="pytest.skip">src/pymortests/vectorarray.py:182: Suite splitting in effect</skipped></testcase><testcase classname="src.pymortests.vectorarray" file="src/pymortests/vectorarray.py" line="182" name="test_from_numpy[1-&lt;lambda&gt;9]" time="0.00040602684020996094"><skipped message="Suite splitting in effect" type="pytest.skip">src/pymortests/vectorarray.py:182: Suite splitting in effect</skipped></testcase><testcase classname="src.pymortests.vectorarray" file="src/pymortests/vectorarray.py" line="182" name="test_from_numpy[1-&lt;lambda&gt;10]" time="0.0004200935363769531"><skipped message="Suite splitting in effect" type="pytest.skip">src/pymortests/vectorarray.py:182: Suite splitting in effect</skipped></testcase><testcase classname="src.pymortests.vectorarray" file="src/pymortests/vectorarray.py" line="182" name="test_from_numpy[1-&lt;lambda&gt;11]" time="0.0004227161407470703"><skipped message="Suite splitting in effect" type="pytest.skip">src/pymortests/vectorarray.py:182: Suite splitting in effect</skipped></testcase><testcase classname="src.pymortests.vectorarray" file="src/pymortests/vectorarray.py" line="182" name="test_from_numpy[1-&lt;lambda&gt;12]" time="0.0004067420959472656"><skipped message="Suite splitting in effect" type="pytest.skip">src/pymortests/vectorarray.py:182: Suite splitting in effect</skipped></testcase><testcase classname="src.pymortests.vectorarray" file="src/pymortests/vectorarray.py" line="182" name="test_from_numpy[1-&lt;lambda&gt;13]" time="0.00041294097900390625"><skipped message="Suite splitting in effect" type="pytest.skip">src/pymortests/vectorarray.py:182: Suite splitting in effect</skipped></testcase><testcase classname="src.pymortests.vectorarray" file="src/pymortests/vectorarray.py" line="182" name="test_from_numpy[1-&lt;lambda&gt;14]" time="0.0005741119384765625"><skipped message="Suite splitting in effect" type="pytest.skip">src/pymortests/vectorarray.py:182: Suite splitting in effect</skipped></testcase><testcase classname="src.pymortests.vectorarray" file="src/pymortests/vectorarray.py" line="182" name="test_from_numpy[1-&lt;lambda&gt;15]" time="0.0003914833068847656"><skipped message="Suite splitting in effect" type="pytest.skip">src/pymortests/vectorarray.py:182: Suite splitting in effect</skipped></testcase><testcase classname="src.pymortests.vectorarray" file="src/pymortests/vectorarray.py" line="182" name="test_from_numpy[1-&lt;lambda&gt;16]" time="0.0004363059997558594"><skipped message="Suite splitting in effect" type="pytest.skip">src/pymortests/vectorarray.py:182: Suite splitting in effect</skipped></testcase><testcase classname="src.pymortests.vectorarray" file="src/pymortests/vectorarray.py" line="182" name="test_from_numpy[1-&lt;lambda&gt;17]" time="0.0004150867462158203"><skipped message="Suite splitting in effect" type="pytest.skip">src/pymortests/vectorarray.py:182: Suite splitting in effect</skipped></testcase><testcase classname="src.pymortests.vectorarray" file="src/pymortests/vectorarray.py" line="182" name="test_from_numpy[1-&lt;lambda&gt;18]" time="0.00039458274841308594"><skipped message="Suite splitting in effect" type="pytest.skip">src/pymortests/vectorarray.py:182: Suite splitting in effect</skipped></testcase><testcase classname="src.pymortests.vectorarray" file="src/pymortests/vectorarray.py" line="182" name="test_from_numpy[1-&lt;lambda&gt;19]" time="0.0004489421844482422"><skipped message="Suite splitting in effect" type="pytest.skip">src/pymortests/vectorarray.py:182: Suite splitting in effect</skipped></testcase><testcase classname="src.pymortests.vectorarray" file="src/pymortests/vectorarray.py" line="182" name="test_from_numpy[1-&lt;lambda&gt;20]" time="0.0004734992980957031"><skipped message="Suite splitting in effect" type="pytest.skip">src/pymortests/vectorarray.py:182: Suite splitting in effect</skipped></testcase><testcase classname="src.pymortests.vectorarray" file="src/pymortests/vectorarray.py" line="182" name="test_from_numpy[1-&lt;lambda&gt;21]" time="0.0004019737243652344"><skipped message="Suite splitting in effect" type="pytest.skip">src/pymortests/vectorarray.py:182: Suite splitting in effect</skipped></testcase><testcase classname="src.pymortests.vectorarray" file="src/pymortests/vectorarray.py" line="182" name="test_from_numpy[1-&lt;lambda&gt;22]" time="0.0004134178161621094"><skipped message="Suite splitting in effect" type="pytest.skip">src/pymortests/vectorarray.py:182: Suite splitting in effect</skipped></testcase><testcase classname="src.pymortests.vectorarray" file="src/pymortests/vectorarray.py" line="182" name="test_from_numpy[1-&lt;lambda&gt;23]" time="0.00039696693420410156"><skipped message="Suite splitting in effect" type="pytest.skip">src/pymortests/vectorarray.py:182: Suite splitting in effect</skipped></testcase><testcase classname="src.pymortests.vectorarray" file="src/pymortests/vectorarray.py" line="182" name="test_from_numpy[1-&lt;lambda&gt;24]" time="0.00039505958557128906"><skipped message="Suite splitting in effect" type="pytest.skip">src/pymortests/vectorarray.py:182: Suite splitting in effect</skipped></testcase><testcase classname="src.pymortests.vectorarray" file="src/pymortests/vectorarray.py" line="182" name="test_from_numpy[1-&lt;lambda&gt;25]" time="0.0004165172576904297"><skipped message="Suite splitting in effect" type="pytest.skip">src/pymortests/vectorarray.py:182: Suite splitting in effect</skipped></testcase><testcase classname="src.pymortests.vectorarray" file="src/pymortests/vectorarray.py" line="182" name="test_from_numpy[1-&lt;lambda&gt;26]" time="0.0003948211669921875"><skipped message="Suite splitting in effect" type="pytest.skip">src/pymortests/vectorarray.py:182: Suite splitting in effect</skipped></testcase><testcase classname="src.pymortests.vectorarray" file="src/pymortests/vectorarray.py" line="182" name="test_from_numpy[2-&lt;lambda&gt;0]" time="0.00043892860412597656"><skipped message="Suite splitting in effect" type="pytest.skip">src/pymortests/vectorarray.py:182: Suite splitting in effect</skipped></testcase><testcase classname="src.pymortests.vectorarray" file="src/pymortests/vectorarray.py" line="182" name="test_from_numpy[2-&lt;lambda&gt;1]" time="0.00039386749267578125"><skipped message="Suite splitting in effect" type="pytest.skip">src/pymortests/vectorarray.py:182: Suite splitting in effect</skipped></testcase><testcase classname="src.pymortests.vectorarray" file="src/pymortests/vectorarray.py" line="182" name="test_from_numpy[2-&lt;lambda&gt;2]" time="0.0004367828369140625"><skipped message="Suite splitting in effect" type="pytest.skip">src/pymortests/vectorarray.py:182: Suite splitting in effect</skipped></testcase><testcase classname="src.pymortests.vectorarray" file="src/pymortests/vectorarray.py" line="182" name="test_from_numpy[2-&lt;lambda&gt;3]" time="0.0004012584686279297"><skipped message="Suite splitting in effect" type="pytest.skip">src/pymortests/vectorarray.py:182: Suite splitting in effect</skipped></testcase><testcase classname="src.pymortests.vectorarray" file="src/pymortests/vectorarray.py" line="182" name="test_from_numpy[2-&lt;lambda&gt;4]" time="0.0004169940948486328"><skipped message="Suite splitting in effect" type="pytest.skip">src/pymortests/vectorarray.py:182: Suite splitting in effect</skipped></testcase><testcase classname="src.pymortests.vectorarray" file="src/pymortests/vectorarray.py" line="182" name="test_from_numpy[2-&lt;lambda&gt;5]" time="0.00041484832763671875"><skipped message="Suite splitting in effect" type="pytest.skip">src/pymortests/vectorarray.py:182: Suite splitting in effect</skipped></testcase><testcase classname="src.pymortests.vectorarray" file="src/pymortests/vectorarray.py" line="182" name="test_from_numpy[2-&lt;lambda&gt;6]" time="0.00044465065002441406"><skipped message="Suite splitting in effect" type="pytest.skip">src/pymortests/vectorarray.py:182: Suite splitting in effect</skipped></testcase><testcase classname="src.pymortests.vectorarray" file="src/pymortests/vectorarray.py" line="182" name="test_from_numpy[2-&lt;lambda&gt;7]" time="0.0004208087921142578"><skipped message="Suite splitting in effect" type="pytest.skip">src/pymortests/vectorarray.py:182: Suite splitting in effect</skipped></testcase><testcase classname="src.pymortests.vectorarray" file="src/pymortests/vectorarray.py" line="182" name="test_from_numpy[2-&lt;lambda&gt;8]" time="0.0004394054412841797"><skipped message="Suite splitting in effect" type="pytest.skip">src/pymortests/vectorarray.py:182: Suite splitting in effect</skipped></testcase><testcase classname="src.pymortests.vectorarray" file="src/pymortests/vectorarray.py" line="182" name="test_from_numpy[2-&lt;lambda&gt;9]" time="0.0004279613494873047"><skipped message="Suite splitting in effect" type="pytest.skip">src/pymortests/vectorarray.py:182: Suite splitting in effect</skipped></testcase><testcase classname="src.pymortests.vectorarray" file="src/pymortests/vectorarray.py" line="182" name="test_from_numpy[2-&lt;lambda&gt;10]" time="0.0005745887756347656"><skipped message="Suite splitting in effect" type="pytest.skip">src/pymortests/vectorarray.py:182: Suite splitting in effect</skipped></testcase><testcase classname="src.pymortests.vectorarray" file="src/pymortests/vectorarray.py" line="182" name="test_from_numpy[2-&lt;lambda&gt;11]" time="0.0004153251647949219"><skipped message="Suite splitting in effect" type="pytest.skip">src/pymortests/vectorarray.py:182: Suite splitting in effect</skipped></testcase><testcase classname="src.pymortests.vectorarray" file="src/pymortests/vectorarray.py" line="182" name="test_from_numpy[2-&lt;lambda&gt;12]" time="0.00042939186096191406"><skipped message="Suite splitting in effect" type="pytest.skip">src/pymortests/vectorarray.py:182: Suite splitting in effect</skipped></testcase><testcase classname="src.pymortests.vectorarray" file="src/pymortests/vectorarray.py" line="182" name="test_from_numpy[2-&lt;lambda&gt;13]" time="0.0004343986511230469"><skipped message="Suite splitting in effect" type="pytest.skip">src/pymortests/vectorarray.py:182: Suite splitting in effect</skipped></testcase><testcase classname="src.pymortests.vectorarray" file="src/pymortests/vectorarray.py" line="182" name="test_from_numpy[2-&lt;lambda&gt;14]" time="0.000396728515625"><skipped message="Suite splitting in effect" type="pytest.skip">src/pymortests/vectorarray.py:182: Suite splitting in effect</skipped></testcase><testcase classname="src.pymortests.vectorarray" file="src/pymortests/vectorarray.py" line="182" name="test_from_numpy[2-&lt;lambda&gt;15]" time="0.0004055500030517578"><skipped message="Suite splitting in effect" type="pytest.skip">src/pymortests/vectorarray.py:182: Suite splitting in effect</skipped></testcase><testcase classname="src.pymortests.vectorarray" file="src/pymortests/vectorarray.py" line="182" name="test_from_numpy[2-&lt;lambda&gt;16]" time="0.0004029273986816406"><skipped message="Suite splitting in effect" type="pytest.skip">src/pymortests/vectorarray.py:182: Suite splitting in effect</skipped></testcase><testcase classname="src.pymortests.vectorarray" file="src/pymortests/vectorarray.py" line="182" name="test_from_numpy[2-&lt;lambda&gt;17]" time="0.00039505958557128906"><skipped message="Suite splitting in effect" type="pytest.skip">src/pymortests/vectorarray.py:182: Suite splitting in effect</skipped></testcase><testcase classname="src.pymortests.vectorarray" file="src/pymortests/vectorarray.py" line="182" name="test_from_numpy[2-&lt;lambda&gt;18]" time="0.00040721893310546875"><skipped message="Suite splitting in effect" type="pytest.skip">src/pymortests/vectorarray.py:182: Suite splitting in effect</skipped></testcase><testcase classname="src.pymortests.vectorarray" file="src/pymortests/vectorarray.py" line="182" name="test_from_numpy[2-&lt;lambda&gt;19]" time="0.00041294097900390625"><skipped message="Suite splitting in effect" type="pytest.skip">src/pymortests/vectorarray.py:182: Suite splitting in effect</skipped></testcase><testcase classname="src.pymortests.vectorarray" file="src/pymortests/vectorarray.py" line="182" name="test_from_numpy[2-&lt;lambda&gt;20]" time="0.0004291534423828125"><skipped message="Suite splitting in effect" type="pytest.skip">src/pymortests/vectorarray.py:182: Suite splitting in effect</skipped></testcase><testcase classname="src.pymortests.vectorarray" file="src/pymortests/vectorarray.py" line="182" name="test_from_numpy[2-&lt;lambda&gt;21]" time="0.0004184246063232422"><skipped message="Suite splitting in effect" type="pytest.skip">src/pymortests/vectorarray.py:182: Suite splitting in effect</skipped></testcase><testcase classname="src.pymortests.vectorarray" file="src/pymortests/vectorarray.py" line="182" name="test_from_numpy[2-&lt;lambda&gt;22]" time="0.0003886222839355469"><skipped message="Suite splitting in effect" type="pytest.skip">src/pymortests/vectorarray.py:182: Suite splitting in effect</skipped></testcase><testcase classname="src.pymortests.vectorarray" file="src/pymortests/vectorarray.py" line="182" name="test_from_numpy[2-&lt;lambda&gt;23]" time="0.0004374980926513672"><skipped message="Suite splitting in effect" type="pytest.skip">src/pymortests/vectorarray.py:182: Suite splitting in effect</skipped></testcase><testcase classname="src.pymortests.vectorarray" file="src/pymortests/vectorarray.py" line="182" name="test_from_numpy[2-&lt;lambda&gt;24]" time="0.00043582916259765625"><skipped message="Suite splitting in effect" type="pytest.skip">src/pymortests/vectorarray.py:182: Suite splitting in effect</skipped></testcase><testcase classname="src.pymortests.vectorarray" file="src/pymortests/vectorarray.py" line="182" name="test_from_numpy[2-&lt;lambda&gt;25]" time="0.00043511390686035156"><skipped message="Suite splitting in effect" type="pytest.skip">src/pymortests/vectorarray.py:182: Suite splitting in effect</skipped></testcase><testcase classname="src.pymortests.vectorarray" file="src/pymortests/vectorarray.py" line="182" name="test_from_numpy[2-&lt;lambda&gt;26]" time="0.00039076805114746094"><skipped message="Suite splitting in effect" type="pytest.skip">src/pymortests/vectorarray.py:182: Suite splitting in effect</skipped></testcase><testcase classname="src.pymortests.vectorarray" file="src/pymortests/vectorarray.py" line="194" name="test_shape[0-&lt;lambda&gt;0]" time="0.0004119873046875"><skipped message="Suite splitting in effect" type="pytest.skip">src/pymortests/vectorarray.py:194: Suite splitting in effect</skipped></testcase><testcase classname="src.pymortests.vectorarray" file="src/pymortests/vectorarray.py" line="194" name="test_shape[0-&lt;lambda&gt;1]" time="0.00039768218994140625"><skipped message="Suite splitting in effect" type="pytest.skip">src/pymortests/vectorarray.py:194: Suite splitting in effect</skipped></testcase><testcase classname="src.pymortests.vectorarray" file="src/pymortests/vectorarray.py" line="194" name="test_shape[0-&lt;lambda&gt;2]" time="0.0004432201385498047"><skipped message="Suite splitting in effect" type="pytest.skip">src/pymortests/vectorarray.py:194: Suite splitting in effect</skipped></testcase><testcase classname="src.pymortests.vectorarray" file="src/pymortests/vectorarray.py" line="194" name="test_shape[0-&lt;lambda&gt;3]" time="0.00041484832763671875"><skipped message="Suite splitting in effect" type="pytest.skip">src/pymortests/vectorarray.py:194: Suite splitting in effect</skipped></testcase><testcase classname="src.pymortests.vectorarray" file="src/pymortests/vectorarray.py" line="194" name="test_shape[0-&lt;lambda&gt;4]" time="0.0004220008850097656"><skipped message="Suite splitting in effect" type="pytest.skip">src/pymortests/vectorarray.py:194: Suite splitting in effect</skipped></testcase><testcase classname="src.pymortests.vectorarray" file="src/pymortests/vectorarray.py" line="194" name="test_shape[0-&lt;lambda&gt;5]" time="0.00044417381286621094"><skipped message="Suite splitting in effect" type="pytest.skip">src/pymortests/vectorarray.py:194: Suite splitting in effect</skipped></testcase><testcase classname="src.pymortests.vectorarray" file="src/pymortests/vectorarray.py" line="194" name="test_shape[0-&lt;lambda&gt;6]" time="0.00044274330139160156"><skipped message="Suite splitting in effect" type="pytest.skip">src/pymortests/vectorarray.py:194: Suite splitting in effect</skipped></testcase><testcase classname="src.pymortests.vectorarray" file="src/pymortests/vectorarray.py" line="194" name="test_shape[0-&lt;lambda&gt;7]" time="0.00044417381286621094"><skipped message="Suite splitting in effect" type="pytest.skip">src/pymortests/vectorarray.py:194: Suite splitting in effect</skipped></testcase><testcase classname="src.pymortests.vectorarray" file="src/pymortests/vectorarray.py" line="194" name="test_shape[0-&lt;lambda&gt;8]" time="0.0003986358642578125"><skipped message="Suite splitting in effect" type="pytest.skip">src/pymortests/vectorarray.py:194: Suite splitting in effect</skipped></testcase><testcase classname="src.pymortests.vectorarray" file="src/pymortests/vectorarray.py" line="194" name="test_shape[0-&lt;lambda&gt;9]" time="0.0004284381866455078"><skipped message="Suite splitting in effect" type="pytest.skip">src/pymortests/vectorarray.py:194: Suite splitting in effect</skipped></testcase><testcase classname="src.pymortests.vectorarray" file="src/pymortests/vectorarray.py" line="194" name="test_shape[0-&lt;lambda&gt;10]" time="0.0003917217254638672"><skipped message="Suite splitting in effect" type="pytest.skip">src/pymortests/vectorarray.py:194: Suite splitting in effect</skipped></testcase><testcase classname="src.pymortests.vectorarray" file="src/pymortests/vectorarray.py" line="194" name="test_shape[0-&lt;lambda&gt;11]" time="0.0004448890686035156"><skipped message="Suite splitting in effect" type="pytest.skip">src/pymortests/vectorarray.py:194: Suite splitting in effect</skipped></testcase><testcase classname="src.pymortests.vectorarray" file="src/pymortests/vectorarray.py" line="194" name="test_shape[0-&lt;lambda&gt;12]" time="0.0004265308380126953"><skipped message="Suite splitting in effect" type="pytest.skip">src/pymortests/vectorarray.py:194: Suite splitting in effect</skipped></testcase><testcase classname="src.pymortests.vectorarray" file="src/pymortests/vectorarray.py" line="194" name="test_shape[0-&lt;lambda&gt;13]" time="0.00039315223693847656"><skipped message="Suite splitting in effect" type="pytest.skip">src/pymortests/vectorarray.py:194: Suite splitting in effect</skipped></testcase><testcase classname="src.pymortests.vectorarray" file="src/pymortests/vectorarray.py" line="194" name="test_shape[0-&lt;lambda&gt;14]" time="0.00045990943908691406"><skipped message="Suite splitting in effect" type="pytest.skip">src/pymortests/vectorarray.py:194: Suite splitting in effect</skipped></testcase><testcase classname="src.pymortests.vectorarray" file="src/pymortests/vectorarray.py" line="194" name="test_shape[0-&lt;lambda&gt;15]" time="0.00040912628173828125"><skipped message="Suite splitting in effect" type="pytest.skip">src/pymortests/vectorarray.py:194: Suite splitting in effect</skipped></testcase><testcase classname="src.pymortests.vectorarray" file="src/pymortests/vectorarray.py" line="194" name="test_shape[0-&lt;lambda&gt;16]" time="0.00039315223693847656"><skipped message="Suite splitting in effect" type="pytest.skip">src/pymortests/vectorarray.py:194: Suite splitting in effect</skipped></testcase><testcase classname="src.pymortests.vectorarray" file="src/pymortests/vectorarray.py" line="194" name="test_shape[0-&lt;lambda&gt;17]" time="0.0004298686981201172"><skipped message="Suite splitting in effect" type="pytest.skip">src/pymortests/vectorarray.py:194: Suite splitting in effect</skipped></testcase><testcase classname="src.pymortests.vectorarray" file="src/pymortests/vectorarray.py" line="194" name="test_shape[0-&lt;lambda&gt;18]" time="0.000446319580078125"><skipped message="Suite splitting in effect" type="pytest.skip">src/pymortests/vectorarray.py:194: Suite splitting in effect</skipped></testcase><testcase classname="src.pymortests.vectorarray" file="src/pymortests/vectorarray.py" line="194" name="test_shape[0-&lt;lambda&gt;19]" time="0.0004107952117919922"><skipped message="Suite splitting in effect" type="pytest.skip">src/pymortests/vectorarray.py:194: Suite splitting in effect</skipped></testcase><testcase classname="src.pymortests.vectorarray" file="src/pymortests/vectorarray.py" line="194" name="test_shape[0-&lt;lambda&gt;20]" time="0.0004076957702636719"><skipped message="Suite splitting in effect" type="pytest.skip">src/pymortests/vectorarray.py:194: Suite splitting in effect</skipped></testcase><testcase classname="src.pymortests.vectorarray" file="src/pymortests/vectorarray.py" line="194" name="test_shape[0-&lt;lambda&gt;21]" time="0.0004119873046875"><skipped message="Suite splitting in effect" type="pytest.skip">src/pymortests/vectorarray.py:194: Suite splitting in effect</skipped></testcase><testcase classname="src.pymortests.vectorarray" file="src/pymortests/vectorarray.py" line="194" name="test_shape[0-&lt;lambda&gt;22]" time="0.0004134178161621094"><skipped message="Suite splitting in effect" type="pytest.skip">src/pymortests/vectorarray.py:194: Suite splitting in effect</skipped></testcase><testcase classname="src.pymortests.vectorarray" file="src/pymortests/vectorarray.py" line="194" name="test_shape[0-&lt;lambda&gt;23]" time="0.0003972053527832031"><skipped message="Suite splitting in effect" type="pytest.skip">src/pymortests/vectorarray.py:194: Suite splitting in effect</skipped></testcase><testcase classname="src.pymortests.vectorarray" file="src/pymortests/vectorarray.py" line="194" name="test_shape[0-&lt;lambda&gt;24]" time="0.0004150867462158203"><skipped message="Suite splitting in effect" type="pytest.skip">src/pymortests/vectorarray.py:194: Suite splitting in effect</skipped></testcase><testcase classname="src.pymortests.vectorarray" file="src/pymortests/vectorarray.py" line="194" name="test_shape[0-&lt;lambda&gt;25]" time="0.0004153251647949219"><skipped message="Suite splitting in effect" type="pytest.skip">src/pymortests/vectorarray.py:194: Suite splitting in effect</skipped></testcase><testcase classname="src.pymortests.vectorarray" file="src/pymortests/vectorarray.py" line="194" name="test_shape[0-&lt;lambda&gt;26]" time="0.0003924369812011719"><skipped message="Suite splitting in effect" type="pytest.skip">src/pymortests/vectorarray.py:194: Suite splitting in effect</skipped></testcase><testcase classname="src.pymortests.vectorarray" file="src/pymortests/vectorarray.py" line="194" name="test_shape[1-&lt;lambda&gt;0]" time="0.0004458427429199219"><skipped message="Suite splitting in effect" type="pytest.skip">src/pymortests/vectorarray.py:194: Suite splitting in effect</skipped></testcase><testcase classname="src.pymortests.vectorarray" file="src/pymortests/vectorarray.py" line="194" name="test_shape[1-&lt;lambda&gt;1]" time="0.00038933753967285156"><skipped message="Suite splitting in effect" type="pytest.skip">src/pymortests/vectorarray.py:194: Suite splitting in effect</skipped></testcase><testcase classname="src.pymortests.vectorarray" file="src/pymortests/vectorarray.py" line="194" name="test_shape[1-&lt;lambda&gt;2]" time="0.0004296302795410156"><skipped message="Suite splitting in effect" type="pytest.skip">src/pymortests/vectorarray.py:194: Suite splitting in effect</skipped></testcase><testcase classname="src.pymortests.vectorarray" file="src/pymortests/vectorarray.py" line="194" name="test_shape[1-&lt;lambda&gt;3]" time="0.0003952980041503906"><skipped message="Suite splitting in effect" type="pytest.skip">src/pymortests/vectorarray.py:194: Suite splitting in effect</skipped></testcase><testcase classname="src.pymortests.vectorarray" file="src/pymortests/vectorarray.py" line="194" name="test_shape[1-&lt;lambda&gt;4]" time="0.0004246234893798828"><skipped message="Suite splitting in effect" type="pytest.skip">src/pymortests/vectorarray.py:194: Suite splitting in effect</skipped></testcase><testcase classname="src.pymortests.vectorarray" file="src/pymortests/vectorarray.py" line="194" name="test_shape[1-&lt;lambda&gt;5]" time="0.0004405975341796875"><skipped message="Suite splitting in effect" type="pytest.skip">src/pymortests/vectorarray.py:194: Suite splitting in effect</skipped></testcase><testcase classname="src.pymortests.vectorarray" file="src/pymortests/vectorarray.py" line="194" name="test_shape[1-&lt;lambda&gt;6]" time="0.0004291534423828125"><skipped message="Suite splitting in effect" type="pytest.skip">src/pymortests/vectorarray.py:194: Suite splitting in effect</skipped></testcase><testcase classname="src.pymortests.vectorarray" file="src/pymortests/vectorarray.py" line="194" name="test_shape[1-&lt;lambda&gt;7]" time="0.00039768218994140625"><skipped message="Suite splitting in effect" type="pytest.skip">src/pymortests/vectorarray.py:194: Suite splitting in effect</skipped></testcase><testcase classname="src.pymortests.vectorarray" file="src/pymortests/vectorarray.py" line="194" name="test_shape[1-&lt;lambda&gt;8]" time="0.0003952980041503906"><skipped message="Suite splitting in effect" type="pytest.skip">src/pymortests/vectorarray.py:194: Suite splitting in effect</skipped></testcase><testcase classname="src.pymortests.vectorarray" file="src/pymortests/vectorarray.py" line="194" name="test_shape[1-&lt;lambda&gt;9]" time="0.00041675567626953125"><skipped message="Suite splitting in effect" type="pytest.skip">src/pymortests/vectorarray.py:194: Suite splitting in effect</skipped></testcase><testcase classname="src.pymortests.vectorarray" file="src/pymortests/vectorarray.py" line="194" name="test_shape[1-&lt;lambda&gt;10]" time="0.00040984153747558594"><skipped message="Suite splitting in effect" type="pytest.skip">src/pymortests/vectorarray.py:194: Suite splitting in effect</skipped></testcase><testcase classname="src.pymortests.vectorarray" file="src/pymortests/vectorarray.py" line="194" name="test_shape[1-&lt;lambda&gt;11]" time="0.00041294097900390625"><skipped message="Suite splitting in effect" type="pytest.skip">src/pymortests/vectorarray.py:194: Suite splitting in effect</skipped></testcase><testcase classname="src.pymortests.vectorarray" file="src/pymortests/vectorarray.py" line="194" name="test_shape[1-&lt;lambda&gt;12]" time="0.0004050731658935547"><skipped message="Suite splitting in effect" type="pytest.skip">src/pymortests/vectorarray.py:194: Suite splitting in effect</skipped></testcase><testcase classname="src.pymortests.vectorarray" file="src/pymortests/vectorarray.py" line="194" name="test_shape[1-&lt;lambda&gt;13]" time="0.00041222572326660156"><skipped message="Suite splitting in effect" type="pytest.skip">src/pymortests/vectorarray.py:194: Suite splitting in effect</skipped></testcase><testcase classname="src.pymortests.vectorarray" file="src/pymortests/vectorarray.py" line="194" name="test_shape[1-&lt;lambda&gt;14]" time="0.00041413307189941406"><skipped message="Suite splitting in effect" type="pytest.skip">src/pymortests/vectorarray.py:194: Suite splitting in effect</skipped></testcase><testcase classname="src.pymortests.vectorarray" file="src/pymortests/vectorarray.py" line="194" name="test_shape[1-&lt;lambda&gt;15]" time="0.0006656646728515625"><skipped message="Suite splitting in effect" type="pytest.skip">src/pymortests/vectorarray.py:194: Suite splitting in effect</skipped></testcase><testcase classname="src.pymortests.vectorarray" file="src/pymortests/vectorarray.py" line="194" name="test_shape[1-&lt;lambda&gt;16]" time="0.0003955364227294922"><skipped message="Suite splitting in effect" type="pytest.skip">src/pymortests/vectorarray.py:194: Suite splitting in effect</skipped></testcase><testcase classname="src.pymortests.vectorarray" file="src/pymortests/vectorarray.py" line="194" name="test_shape[1-&lt;lambda&gt;17]" time="0.0004115104675292969"><skipped message="Suite splitting in effect" type="pytest.skip">src/pymortests/vectorarray.py:194: Suite splitting in effect</skipped></testcase><testcase classname="src.pymortests.vectorarray" file="src/pymortests/vectorarray.py" line="194" name="test_shape[1-&lt;lambda&gt;18]" time="0.0005490779876708984"><skipped message="Suite splitting in effect" type="pytest.skip">src/pymortests/vectorarray.py:194: Suite splitting in effect</skipped></testcase><testcase classname="src.pymortests.vectorarray" file="src/pymortests/vectorarray.py" line="194" name="test_shape[1-&lt;lambda&gt;19]" time="0.000431060791015625"><skipped message="Suite splitting in effect" type="pytest.skip">src/pymortests/vectorarray.py:194: Suite splitting in effect</skipped></testcase><testcase classname="src.pymortests.vectorarray" file="src/pymortests/vectorarray.py" line="194" name="test_shape[1-&lt;lambda&gt;20]" time="0.00039768218994140625"><skipped message="Suite splitting in effect" type="pytest.skip">src/pymortests/vectorarray.py:194: Suite splitting in effect</skipped></testcase><testcase classname="src.pymortests.vectorarray" file="src/pymortests/vectorarray.py" line="194" name="test_shape[1-&lt;lambda&gt;21]" time="0.0004448890686035156"><skipped message="Suite splitting in effect" type="pytest.skip">src/pymortests/vectorarray.py:194: Suite splitting in effect</skipped></testcase><testcase classname="src.pymortests.vectorarray" file="src/pymortests/vectorarray.py" line="194" name="test_shape[1-&lt;lambda&gt;22]" time="0.0003991127014160156"><skipped message="Suite splitting in effect" type="pytest.skip">src/pymortests/vectorarray.py:194: Suite splitting in effect</skipped></testcase><testcase classname="src.pymortests.vectorarray" file="src/pymortests/vectorarray.py" line="194" name="test_shape[1-&lt;lambda&gt;23]" time="0.0004096031188964844"><skipped message="Suite splitting in effect" type="pytest.skip">src/pymortests/vectorarray.py:194: Suite splitting in effect</skipped></testcase><testcase classname="src.pymortests.vectorarray" file="src/pymortests/vectorarray.py" line="194" name="test_shape[1-&lt;lambda&gt;24]" time="0.000415802001953125"><skipped message="Suite splitting in effect" type="pytest.skip">src/pymortests/vectorarray.py:194: Suite splitting in effect</skipped></testcase><testcase classname="src.pymortests.vectorarray" file="src/pymortests/vectorarray.py" line="194" name="test_shape[1-&lt;lambda&gt;25]" time="0.00040030479431152344"><skipped message="Suite splitting in effect" type="pytest.skip">src/pymortests/vectorarray.py:194: Suite splitting in effect</skipped></testcase><testcase classname="src.pymortests.vectorarray" file="src/pymortests/vectorarray.py" line="194" name="test_shape[1-&lt;lambda&gt;26]" time="0.0004115104675292969"><skipped message="Suite splitting in effect" type="pytest.skip">src/pymortests/vectorarray.py:194: Suite splitting in effect</skipped></testcase><testcase classname="src.pymortests.vectorarray" file="src/pymortests/vectorarray.py" line="194" name="test_shape[2-&lt;lambda&gt;0]" time="0.00040650367736816406"><skipped message="Suite splitting in effect" type="pytest.skip">src/pymortests/vectorarray.py:194: Suite splitting in effect</skipped></testcase><testcase classname="src.pymortests.vectorarray" file="src/pymortests/vectorarray.py" line="194" name="test_shape[2-&lt;lambda&gt;1]" time="0.0004076957702636719"><skipped message="Suite splitting in effect" type="pytest.skip">src/pymortests/vectorarray.py:194: Suite splitting in effect</skipped></testcase><testcase classname="src.pymortests.vectorarray" file="src/pymortests/vectorarray.py" line="194" name="test_shape[2-&lt;lambda&gt;2]" time="0.000446319580078125"><skipped message="Suite splitting in effect" type="pytest.skip">src/pymortests/vectorarray.py:194: Suite splitting in effect</skipped></testcase><testcase classname="src.pymortests.vectorarray" file="src/pymortests/vectorarray.py" line="194" name="test_shape[2-&lt;lambda&gt;3]" time="0.00044465065002441406"><skipped message="Suite splitting in effect" type="pytest.skip">src/pymortests/vectorarray.py:194: Suite splitting in effect</skipped></testcase><testcase classname="src.pymortests.vectorarray" file="src/pymortests/vectorarray.py" line="194" name="test_shape[2-&lt;lambda&gt;4]" time="0.000431060791015625"><skipped message="Suite splitting in effect" type="pytest.skip">src/pymortests/vectorarray.py:194: Suite splitting in effect</skipped></testcase><testcase classname="src.pymortests.vectorarray" file="src/pymortests/vectorarray.py" line="194" name="test_shape[2-&lt;lambda&gt;5]" time="0.00045037269592285156"><skipped message="Suite splitting in effect" type="pytest.skip">src/pymortests/vectorarray.py:194: Suite splitting in effect</skipped></testcase><testcase classname="src.pymortests.vectorarray" file="src/pymortests/vectorarray.py" line="194" name="test_shape[2-&lt;lambda&gt;6]" time="0.0004050731658935547"><skipped message="Suite splitting in effect" type="pytest.skip">src/pymortests/vectorarray.py:194: Suite splitting in effect</skipped></testcase><testcase classname="src.pymortests.vectorarray" file="src/pymortests/vectorarray.py" line="194" name="test_shape[2-&lt;lambda&gt;7]" time="0.00040531158447265625"><skipped message="Suite splitting in effect" type="pytest.skip">src/pymortests/vectorarray.py:194: Suite splitting in effect</skipped></testcase><testcase classname="src.pymortests.vectorarray" file="src/pymortests/vectorarray.py" line="194" name="test_shape[2-&lt;lambda&gt;8]" time="0.0004119873046875"><skipped message="Suite splitting in effect" type="pytest.skip">src/pymortests/vectorarray.py:194: Suite splitting in effect</skipped></testcase><testcase classname="src.pymortests.vectorarray" file="src/pymortests/vectorarray.py" line="194" name="test_shape[2-&lt;lambda&gt;9]" time="0.0004017353057861328"><skipped message="Suite splitting in effect" type="pytest.skip">src/pymortests/vectorarray.py:194: Suite splitting in effect</skipped></testcase><testcase classname="src.pymortests.vectorarray" file="src/pymortests/vectorarray.py" line="194" name="test_shape[2-&lt;lambda&gt;10]" time="0.0004074573516845703"><skipped message="Suite splitting in effect" type="pytest.skip">src/pymortests/vectorarray.py:194: Suite splitting in effect</skipped></testcase><testcase classname="src.pymortests.vectorarray" file="src/pymortests/vectorarray.py" line="194" name="test_shape[2-&lt;lambda&gt;11]" time="0.0004124641418457031"><skipped message="Suite splitting in effect" type="pytest.skip">src/pymortests/vectorarray.py:194: Suite splitting in effect</skipped></testcase><testcase classname="src.pymortests.vectorarray" file="src/pymortests/vectorarray.py" line="194" name="test_shape[2-&lt;lambda&gt;12]" time="0.0003833770751953125"><skipped message="Suite splitting in effect" type="pytest.skip">src/pymortests/vectorarray.py:194: Suite splitting in effect</skipped></testcase><testcase classname="src.pymortests.vectorarray" file="src/pymortests/vectorarray.py" line="194" name="test_shape[2-&lt;lambda&gt;13]" time="0.0004062652587890625"><skipped message="Suite splitting in effect" type="pytest.skip">src/pymortests/vectorarray.py:194: Suite splitting in effect</skipped></testcase><testcase classname="src.pymortests.vectorarray" file="src/pymortests/vectorarray.py" line="194" name="test_shape[2-&lt;lambda&gt;14]" time="0.0003859996795654297"><skipped message="Suite splitting in effect" type="pytest.skip">src/pymortests/vectorarray.py:194: Suite splitting in effect</skipped></testcase><testcase classname="src.pymortests.vectorarray" file="src/pymortests/vectorarray.py" line="194" name="test_shape[2-&lt;lambda&gt;15]" time="0.0004355907440185547"><skipped message="Suite splitting in effect" type="pytest.skip">src/pymortests/vectorarray.py:194: Suite splitting in effect</skipped></testcase><testcase classname="src.pymortests.vectorarray" file="src/pymortests/vectorarray.py" line="194" name="test_shape[2-&lt;lambda&gt;16]" time="0.00038552284240722656"><skipped message="Suite splitting in effect" type="pytest.skip">src/pymortests/vectorarray.py:194: Suite splitting in effect</skipped></testcase><testcase classname="src.pymortests.vectorarray" file="src/pymortests/vectorarray.py" line="194" name="test_shape[2-&lt;lambda&gt;17]" time="0.00041413307189941406"><skipped message="Suite splitting in effect" type="pytest.skip">src/pymortests/vectorarray.py:194: Suite splitting in effect</skipped></testcase><testcase classname="src.pymortests.vectorarray" file="src/pymortests/vectorarray.py" line="194" name="test_shape[2-&lt;lambda&gt;18]" time="0.0003867149353027344"><skipped message="Suite splitting in effect" type="pytest.skip">src/pymortests/vectorarray.py:194: Suite splitting in effect</skipped></testcase><testcase classname="src.pymortests.vectorarray" file="src/pymortests/vectorarray.py" line="194" name="test_shape[2-&lt;lambda&gt;19]" time="0.0004093647003173828"><skipped message="Suite splitting in effect" type="pytest.skip">src/pymortests/vectorarray.py:194: Suite splitting in effect</skipped></testcase><testcase classname="src.pymortests.vectorarray" file="src/pymortests/vectorarray.py" line="194" name="test_shape[2-&lt;lambda&gt;20]" time="0.0004208087921142578"><skipped message="Suite splitting in effect" type="pytest.skip">src/pymortests/vectorarray.py:194: Suite splitting in effect</skipped></testcase><testcase classname="src.pymortests.vectorarray" file="src/pymortests/vectorarray.py" line="194" name="test_shape[2-&lt;lambda&gt;21]" time="0.0004146099090576172"><skipped message="Suite splitting in effect" type="pytest.skip">src/pymortests/vectorarray.py:194: Suite splitting in effect</skipped></testcase><testcase classname="src.pymortests.vectorarray" file="src/pymortests/vectorarray.py" line="194" name="test_shape[2-&lt;lambda&gt;22]" time="0.0004062652587890625"><skipped message="Suite splitting in effect" type="pytest.skip">src/pymortests/vectorarray.py:194: Suite splitting in effect</skipped></testcase><testcase classname="src.pymortests.vectorarray" file="src/pymortests/vectorarray.py" line="194" name="test_shape[2-&lt;lambda&gt;23]" time="0.0004181861877441406"><skipped message="Suite splitting in effect" type="pytest.skip">src/pymortests/vectorarray.py:194: Suite splitting in effect</skipped></testcase><testcase classname="src.pymortests.vectorarray" file="src/pymortests/vectorarray.py" line="194" name="test_shape[2-&lt;lambda&gt;24]" time="0.0004096031188964844"><skipped message="Suite splitting in effect" type="pytest.skip">src/pymortests/vectorarray.py:194: Suite splitting in effect</skipped></testcase><testcase classname="src.pymortests.vectorarray" file="src/pymortests/vectorarray.py" line="194" name="test_shape[2-&lt;lambda&gt;25]" time="0.00045800209045410156"><skipped message="Suite splitting in effect" type="pytest.skip">src/pymortests/vectorarray.py:194: Suite splitting in effect</skipped></testcase><testcase classname="src.pymortests.vectorarray" file="src/pymortests/vectorarray.py" line="194" name="test_shape[2-&lt;lambda&gt;26]" time="0.00041103363037109375"><skipped message="Suite splitting in effect" type="pytest.skip">src/pymortests/vectorarray.py:194: Suite splitting in effect</skipped></testcase><testcase classname="src.pymortests.vectorarray" file="src/pymortests/vectorarray.py" line="204" name="test_space[0-&lt;lambda&gt;0]" time="0.0004544258117675781"><skipped message="Suite splitting in effect" type="pytest.skip">src/pymortests/vectorarray.py:204: Suite splitting in effect</skipped></testcase><testcase classname="src.pymortests.vectorarray" file="src/pymortests/vectorarray.py" line="204" name="test_space[0-&lt;lambda&gt;1]" time="0.00039887428283691406"><skipped message="Suite splitting in effect" type="pytest.skip">src/pymortests/vectorarray.py:204: Suite splitting in effect</skipped></testcase><testcase classname="src.pymortests.vectorarray" file="src/pymortests/vectorarray.py" line="204" name="test_space[0-&lt;lambda&gt;2]" time="0.000446319580078125"><skipped message="Suite splitting in effect" type="pytest.skip">src/pymortests/vectorarray.py:204: Suite splitting in effect</skipped></testcase><testcase classname="src.pymortests.vectorarray" file="src/pymortests/vectorarray.py" line="204" name="test_space[0-&lt;lambda&gt;3]" time="0.00039649009704589844"><skipped message="Suite splitting in effect" type="pytest.skip">src/pymortests/vectorarray.py:204: Suite splitting in effect</skipped></testcase><testcase classname="src.pymortests.vectorarray" file="src/pymortests/vectorarray.py" line="204" name="test_space[0-&lt;lambda&gt;4]" time="0.0004074573516845703"><skipped message="Suite splitting in effect" type="pytest.skip">src/pymortests/vectorarray.py:204: Suite splitting in effect</skipped></testcase><testcase classname="src.pymortests.vectorarray" file="src/pymortests/vectorarray.py" line="204" name="test_space[0-&lt;lambda&gt;5]" time="0.00042057037353515625"><skipped message="Suite splitting in effect" type="pytest.skip">src/pymortests/vectorarray.py:204: Suite splitting in effect</skipped></testcase><testcase classname="src.pymortests.vectorarray" file="src/pymortests/vectorarray.py" line="204" name="test_space[0-&lt;lambda&gt;6]" time="0.0004169940948486328"><skipped message="Suite splitting in effect" type="pytest.skip">src/pymortests/vectorarray.py:204: Suite splitting in effect</skipped></testcase><testcase classname="src.pymortests.vectorarray" file="src/pymortests/vectorarray.py" line="204" name="test_space[0-&lt;lambda&gt;7]" time="0.0004286766052246094"><skipped message="Suite splitting in effect" type="pytest.skip">src/pymortests/vectorarray.py:204: Suite splitting in effect</skipped></testcase><testcase classname="src.pymortests.vectorarray" file="src/pymortests/vectorarray.py" line="204" name="test_space[0-&lt;lambda&gt;8]" time="0.00040149688720703125"><skipped message="Suite splitting in effect" type="pytest.skip">src/pymortests/vectorarray.py:204: Suite splitting in effect</skipped></testcase><testcase classname="src.pymortests.vectorarray" file="src/pymortests/vectorarray.py" line="204" name="test_space[0-&lt;lambda&gt;9]" time="0.00041222572326660156"><skipped message="Suite splitting in effect" type="pytest.skip">src/pymortests/vectorarray.py:204: Suite splitting in effect</skipped></testcase><testcase classname="src.pymortests.vectorarray" file="src/pymortests/vectorarray.py" line="204" name="test_space[0-&lt;lambda&gt;10]" time="0.0004189014434814453"><skipped message="Suite splitting in effect" type="pytest.skip">src/pymortests/vectorarray.py:204: Suite splitting in effect</skipped></testcase><testcase classname="src.pymortests.vectorarray" file="src/pymortests/vectorarray.py" line="204" name="test_space[0-&lt;lambda&gt;11]" time="0.0004303455352783203"><skipped message="Suite splitting in effect" type="pytest.skip">src/pymortests/vectorarray.py:204: Suite splitting in effect</skipped></testcase><testcase classname="src.pymortests.vectorarray" file="src/pymortests/vectorarray.py" line="204" name="test_space[0-&lt;lambda&gt;12]" time="0.00041413307189941406"><skipped message="Suite splitting in effect" type="pytest.skip">src/pymortests/vectorarray.py:204: Suite splitting in effect</skipped></testcase><testcase classname="src.pymortests.vectorarray" file="src/pymortests/vectorarray.py" line="204" name="test_space[0-&lt;lambda&gt;13]" time="0.000396728515625"><skipped message="Suite splitting in effect" type="pytest.skip">src/pymortests/vectorarray.py:204: Suite splitting in effect</skipped></testcase><testcase classname="src.pymortests.vectorarray" file="src/pymortests/vectorarray.py" line="204" name="test_space[0-&lt;lambda&gt;14]" time="0.0004146099090576172"><skipped message="Suite splitting in effect" type="pytest.skip">src/pymortests/vectorarray.py:204: Suite splitting in effect</skipped></testcase><testcase classname="src.pymortests.vectorarray" file="src/pymortests/vectorarray.py" line="204" name="test_space[0-&lt;lambda&gt;15]" time="0.00040078163146972656"><skipped message="Suite splitting in effect" type="pytest.skip">src/pymortests/vectorarray.py:204: Suite splitting in effect</skipped></testcase><testcase classname="src.pymortests.vectorarray" file="src/pymortests/vectorarray.py" line="204" name="test_space[0-&lt;lambda&gt;16]" time="0.0004374980926513672"><skipped message="Suite splitting in effect" type="pytest.skip">src/pymortests/vectorarray.py:204: Suite splitting in effect</skipped></testcase><testcase classname="src.pymortests.vectorarray" file="src/pymortests/vectorarray.py" line="204" name="test_space[0-&lt;lambda&gt;17]" time="0.00039458274841308594"><skipped message="Suite splitting in effect" type="pytest.skip">src/pymortests/vectorarray.py:204: Suite splitting in effect</skipped></testcase><testcase classname="src.pymortests.vectorarray" file="src/pymortests/vectorarray.py" line="204" name="test_space[0-&lt;lambda&gt;18]" time="0.00041961669921875"><skipped message="Suite splitting in effect" type="pytest.skip">src/pymortests/vectorarray.py:204: Suite splitting in effect</skipped></testcase><testcase classname="src.pymortests.vectorarray" file="src/pymortests/vectorarray.py" line="204" name="test_space[0-&lt;lambda&gt;19]" time="0.00039315223693847656"><skipped message="Suite splitting in effect" type="pytest.skip">src/pymortests/vectorarray.py:204: Suite splitting in effect</skipped></testcase><testcase classname="src.pymortests.vectorarray" file="src/pymortests/vectorarray.py" line="204" name="test_space[0-&lt;lambda&gt;20]" time="0.00042557716369628906"><skipped message="Suite splitting in effect" type="pytest.skip">src/pymortests/vectorarray.py:204: Suite splitting in effect</skipped></testcase><testcase classname="src.pymortests.vectorarray" file="src/pymortests/vectorarray.py" line="204" name="test_space[0-&lt;lambda&gt;21]" time="0.0004172325134277344"><skipped message="Suite splitting in effect" type="pytest.skip">src/pymortests/vectorarray.py:204: Suite splitting in effect</skipped></testcase><testcase classname="src.pymortests.vectorarray" file="src/pymortests/vectorarray.py" line="204" name="test_space[0-&lt;lambda&gt;22]" time="0.00042438507080078125"><skipped message="Suite splitting in effect" type="pytest.skip">src/pymortests/vectorarray.py:204: Suite splitting in effect</skipped></testcase><testcase classname="src.pymortests.vectorarray" file="src/pymortests/vectorarray.py" line="204" name="test_space[0-&lt;lambda&gt;23]" time="0.0003960132598876953"><skipped message="Suite splitting in effect" type="pytest.skip">src/pymortests/vectorarray.py:204: Suite splitting in effect</skipped></testcase><testcase classname="src.pymortests.vectorarray" file="src/pymortests/vectorarray.py" line="204" name="test_space[0-&lt;lambda&gt;24]" time="0.0004432201385498047"><skipped message="Suite splitting in effect" type="pytest.skip">src/pymortests/vectorarray.py:204: Suite splitting in effect</skipped></testcase><testcase classname="src.pymortests.vectorarray" file="src/pymortests/vectorarray.py" line="204" name="test_space[0-&lt;lambda&gt;25]" time="0.0004086494445800781"><skipped message="Suite splitting in effect" type="pytest.skip">src/pymortests/vectorarray.py:204: Suite splitting in effect</skipped></testcase><testcase classname="src.pymortests.vectorarray" file="src/pymortests/vectorarray.py" line="204" name="test_space[0-&lt;lambda&gt;26]" time="0.0004076957702636719"><skipped message="Suite splitting in effect" type="pytest.skip">src/pymortests/vectorarray.py:204: Suite splitting in effect</skipped></testcase><testcase classname="src.pymortests.vectorarray" file="src/pymortests/vectorarray.py" line="204" name="test_space[1-&lt;lambda&gt;0]" time="0.0004146099090576172"><skipped message="Suite splitting in effect" type="pytest.skip">src/pymortests/vectorarray.py:204: Suite splitting in effect</skipped></testcase><testcase classname="src.pymortests.vectorarray" file="src/pymortests/vectorarray.py" line="204" name="test_space[1-&lt;lambda&gt;1]" time="0.0004036426544189453"><skipped message="Suite splitting in effect" type="pytest.skip">src/pymortests/vectorarray.py:204: Suite splitting in effect</skipped></testcase><testcase classname="src.pymortests.vectorarray" file="src/pymortests/vectorarray.py" line="204" name="test_space[1-&lt;lambda&gt;2]" time="0.0004115104675292969"><skipped message="Suite splitting in effect" type="pytest.skip">src/pymortests/vectorarray.py:204: Suite splitting in effect</skipped></testcase><testcase classname="src.pymortests.vectorarray" file="src/pymortests/vectorarray.py" line="204" name="test_space[1-&lt;lambda&gt;3]" time="0.00040650367736816406"><skipped message="Suite splitting in effect" type="pytest.skip">src/pymortests/vectorarray.py:204: Suite splitting in effect</skipped></testcase><testcase classname="src.pymortests.vectorarray" file="src/pymortests/vectorarray.py" line="204" name="test_space[1-&lt;lambda&gt;4]" time="0.00041604042053222656"><skipped message="Suite splitting in effect" type="pytest.skip">src/pymortests/vectorarray.py:204: Suite splitting in effect</skipped></testcase><testcase classname="src.pymortests.vectorarray" file="src/pymortests/vectorarray.py" line="204" name="test_space[1-&lt;lambda&gt;5]" time="0.0003960132598876953"><skipped message="Suite splitting in effect" type="pytest.skip">src/pymortests/vectorarray.py:204: Suite splitting in effect</skipped></testcase><testcase classname="src.pymortests.vectorarray" file="src/pymortests/vectorarray.py" line="204" name="test_space[1-&lt;lambda&gt;6]" time="0.0004062652587890625"><skipped message="Suite splitting in effect" type="pytest.skip">src/pymortests/vectorarray.py:204: Suite splitting in effect</skipped></testcase><testcase classname="src.pymortests.vectorarray" file="src/pymortests/vectorarray.py" line="204" name="test_space[1-&lt;lambda&gt;7]" time="0.00042819976806640625"><skipped message="Suite splitting in effect" type="pytest.skip">src/pymortests/vectorarray.py:204: Suite splitting in effect</skipped></testcase><testcase classname="src.pymortests.vectorarray" file="src/pymortests/vectorarray.py" line="204" name="test_space[1-&lt;lambda&gt;8]" time="0.0004286766052246094"><skipped message="Suite splitting in effect" type="pytest.skip">src/pymortests/vectorarray.py:204: Suite splitting in effect</skipped></testcase><testcase classname="src.pymortests.vectorarray" file="src/pymortests/vectorarray.py" line="204" name="test_space[1-&lt;lambda&gt;9]" time="0.0004062652587890625"><skipped message="Suite splitting in effect" type="pytest.skip">src/pymortests/vectorarray.py:204: Suite splitting in effect</skipped></testcase><testcase classname="src.pymortests.vectorarray" file="src/pymortests/vectorarray.py" line="204" name="test_space[1-&lt;lambda&gt;10]" time="0.0004284381866455078"><skipped message="Suite splitting in effect" type="pytest.skip">src/pymortests/vectorarray.py:204: Suite splitting in effect</skipped></testcase><testcase classname="src.pymortests.vectorarray" file="src/pymortests/vectorarray.py" line="204" name="test_space[1-&lt;lambda&gt;11]" time="0.0004096031188964844"><skipped message="Suite splitting in effect" type="pytest.skip">src/pymortests/vectorarray.py:204: Suite splitting in effect</skipped></testcase><testcase classname="src.pymortests.vectorarray" file="src/pymortests/vectorarray.py" line="204" name="test_space[1-&lt;lambda&gt;12]" time="0.00041484832763671875"><skipped message="Suite splitting in effect" type="pytest.skip">src/pymortests/vectorarray.py:204: Suite splitting in effect</skipped></testcase><testcase classname="src.pymortests.vectorarray" file="src/pymortests/vectorarray.py" line="204" name="test_space[1-&lt;lambda&gt;13]" time="0.00039887428283691406"><skipped message="Suite splitting in effect" type="pytest.skip">src/pymortests/vectorarray.py:204: Suite splitting in effect</skipped></testcase><testcase classname="src.pymortests.vectorarray" file="src/pymortests/vectorarray.py" line="204" name="test_space[1-&lt;lambda&gt;14]" time="0.00040793418884277344"><skipped message="Suite splitting in effect" type="pytest.skip">src/pymortests/vectorarray.py:204: Suite splitting in effect</skipped></testcase><testcase classname="src.pymortests.vectorarray" file="src/pymortests/vectorarray.py" line="204" name="test_space[1-&lt;lambda&gt;15]" time="0.0004315376281738281"><skipped message="Suite splitting in effect" type="pytest.skip">src/pymortests/vectorarray.py:204: Suite splitting in effect</skipped></testcase><testcase classname="src.pymortests.vectorarray" file="src/pymortests/vectorarray.py" line="204" name="test_space[1-&lt;lambda&gt;16]" time="0.0003917217254638672"><skipped message="Suite splitting in effect" type="pytest.skip">src/pymortests/vectorarray.py:204: Suite splitting in effect</skipped></testcase><testcase classname="src.pymortests.vectorarray" file="src/pymortests/vectorarray.py" line="204" name="test_space[1-&lt;lambda&gt;17]" time="0.0004143714904785156"><skipped message="Suite splitting in effect" type="pytest.skip">src/pymortests/vectorarray.py:204: Suite splitting in effect</skipped></testcase><testcase classname="src.pymortests.vectorarray" file="src/pymortests/vectorarray.py" line="204" name="test_space[1-&lt;lambda&gt;18]" time="0.0004191398620605469"><skipped message="Suite splitting in effect" type="pytest.skip">src/pymortests/vectorarray.py:204: Suite splitting in effect</skipped></testcase><testcase classname="src.pymortests.vectorarray" file="src/pymortests/vectorarray.py" line="204" name="test_space[1-&lt;lambda&gt;19]" time="0.0004074573516845703"><skipped message="Suite splitting in effect" type="pytest.skip">src/pymortests/vectorarray.py:204: Suite splitting in effect</skipped></testcase><testcase classname="src.pymortests.vectorarray" file="src/pymortests/vectorarray.py" line="204" name="test_space[1-&lt;lambda&gt;20]" time="0.00041174888610839844"><skipped message="Suite splitting in effect" type="pytest.skip">src/pymortests/vectorarray.py:204: Suite splitting in effect</skipped></testcase><testcase classname="src.pymortests.vectorarray" file="src/pymortests/vectorarray.py" line="204" name="test_space[1-&lt;lambda&gt;21]" time="0.0004074573516845703"><skipped message="Suite splitting in effect" type="pytest.skip">src/pymortests/vectorarray.py:204: Suite splitting in effect</skipped></testcase><testcase classname="src.pymortests.vectorarray" file="src/pymortests/vectorarray.py" line="204" name="test_space[1-&lt;lambda&gt;22]" time="0.000408172607421875"><skipped message="Suite splitting in effect" type="pytest.skip">src/pymortests/vectorarray.py:204: Suite splitting in effect</skipped></testcase><testcase classname="src.pymortests.vectorarray" file="src/pymortests/vectorarray.py" line="204" name="test_space[1-&lt;lambda&gt;23]" time="0.0003886222839355469"><skipped message="Suite splitting in effect" type="pytest.skip">src/pymortests/vectorarray.py:204: Suite splitting in effect</skipped></testcase><testcase classname="src.pymortests.vectorarray" file="src/pymortests/vectorarray.py" line="204" name="test_space[1-&lt;lambda&gt;24]" time="0.00041675567626953125"><skipped message="Suite splitting in effect" type="pytest.skip">src/pymortests/vectorarray.py:204: Suite splitting in effect</skipped></testcase><testcase classname="src.pymortests.vectorarray" file="src/pymortests/vectorarray.py" line="204" name="test_space[1-&lt;lambda&gt;25]" time="0.0004279613494873047"><skipped message="Suite splitting in effect" type="pytest.skip">src/pymortests/vectorarray.py:204: Suite splitting in effect</skipped></testcase><testcase classname="src.pymortests.vectorarray" file="src/pymortests/vectorarray.py" line="204" name="test_space[1-&lt;lambda&gt;26]" time="0.0004169940948486328"><skipped message="Suite splitting in effect" type="pytest.skip">src/pymortests/vectorarray.py:204: Suite splitting in effect</skipped></testcase><testcase classname="src.pymortests.vectorarray" file="src/pymortests/vectorarray.py" line="204" name="test_space[2-&lt;lambda&gt;0]" time="0.0004241466522216797"><skipped message="Suite splitting in effect" type="pytest.skip">src/pymortests/vectorarray.py:204: Suite splitting in effect</skipped></testcase><testcase classname="src.pymortests.vectorarray" file="src/pymortests/vectorarray.py" line="204" name="test_space[2-&lt;lambda&gt;1]" time="0.0004029273986816406"><skipped message="Suite splitting in effect" type="pytest.skip">src/pymortests/vectorarray.py:204: Suite splitting in effect</skipped></testcase><testcase classname="src.pymortests.vectorarray" file="src/pymortests/vectorarray.py" line="204" name="test_space[2-&lt;lambda&gt;2]" time="0.0006666183471679688"><skipped message="Suite splitting in effect" type="pytest.skip">src/pymortests/vectorarray.py:204: Suite splitting in effect</skipped></testcase><testcase classname="src.pymortests.vectorarray" file="src/pymortests/vectorarray.py" line="204" name="test_space[2-&lt;lambda&gt;3]" time="0.0003883838653564453"><skipped message="Suite splitting in effect" type="pytest.skip">src/pymortests/vectorarray.py:204: Suite splitting in effect</skipped></testcase><testcase classname="src.pymortests.vectorarray" file="src/pymortests/vectorarray.py" line="204" name="test_space[2-&lt;lambda&gt;4]" time="0.0004057884216308594"><skipped message="Suite splitting in effect" type="pytest.skip">src/pymortests/vectorarray.py:204: Suite splitting in effect</skipped></testcase><testcase classname="src.pymortests.vectorarray" file="src/pymortests/vectorarray.py" line="204" name="test_space[2-&lt;lambda&gt;5]" time="0.000400543212890625"><skipped message="Suite splitting in effect" type="pytest.skip">src/pymortests/vectorarray.py:204: Suite splitting in effect</skipped></testcase><testcase classname="src.pymortests.vectorarray" file="src/pymortests/vectorarray.py" line="204" name="test_space[2-&lt;lambda&gt;6]" time="0.00040650367736816406"><skipped message="Suite splitting in effect" type="pytest.skip">src/pymortests/vectorarray.py:204: Suite splitting in effect</skipped></testcase><testcase classname="src.pymortests.vectorarray" file="src/pymortests/vectorarray.py" line="204" name="test_space[2-&lt;lambda&gt;7]" time="0.0003981590270996094"><skipped message="Suite splitting in effect" type="pytest.skip">src/pymortests/vectorarray.py:204: Suite splitting in effect</skipped></testcase><testcase classname="src.pymortests.vectorarray" file="src/pymortests/vectorarray.py" line="204" name="test_space[2-&lt;lambda&gt;8]" time="0.0004379749298095703"><skipped message="Suite splitting in effect" type="pytest.skip">src/pymortests/vectorarray.py:204: Suite splitting in effect</skipped></testcase><testcase classname="src.pymortests.vectorarray" file="src/pymortests/vectorarray.py" line="204" name="test_space[2-&lt;lambda&gt;9]" time="0.0004324913024902344"><skipped message="Suite splitting in effect" type="pytest.skip">src/pymortests/vectorarray.py:204: Suite splitting in effect</skipped></testcase><testcase classname="src.pymortests.vectorarray" file="src/pymortests/vectorarray.py" line="204" name="test_space[2-&lt;lambda&gt;10]" time="0.0004107952117919922"><skipped message="Suite splitting in effect" type="pytest.skip">src/pymortests/vectorarray.py:204: Suite splitting in effect</skipped></testcase><testcase classname="src.pymortests.vectorarray" file="src/pymortests/vectorarray.py" line="204" name="test_space[2-&lt;lambda&gt;11]" time="0.0004074573516845703"><skipped message="Suite splitting in effect" type="pytest.skip">src/pymortests/vectorarray.py:204: Suite splitting in effect</skipped></testcase><testcase classname="src.pymortests.vectorarray" file="src/pymortests/vectorarray.py" line="204" name="test_space[2-&lt;lambda&gt;12]" time="0.00043487548828125"><skipped message="Suite splitting in effect" type="pytest.skip">src/pymortests/vectorarray.py:204: Suite splitting in effect</skipped></testcase><testcase classname="src.pymortests.vectorarray" file="src/pymortests/vectorarray.py" line="204" name="test_space[2-&lt;lambda&gt;13]" time="0.0003838539123535156"><skipped message="Suite splitting in effect" type="pytest.skip">src/pymortests/vectorarray.py:204: Suite splitting in effect</skipped></testcase><testcase classname="src.pymortests.vectorarray" file="src/pymortests/vectorarray.py" line="204" name="test_space[2-&lt;lambda&gt;14]" time="0.0004177093505859375"><skipped message="Suite splitting in effect" type="pytest.skip">src/pymortests/vectorarray.py:204: Suite splitting in effect</skipped></testcase><testcase classname="src.pymortests.vectorarray" file="src/pymortests/vectorarray.py" line="204" name="test_space[2-&lt;lambda&gt;15]" time="0.00041294097900390625"><skipped message="Suite splitting in effect" type="pytest.skip">src/pymortests/vectorarray.py:204: Suite splitting in effect</skipped></testcase><testcase classname="src.pymortests.vectorarray" file="src/pymortests/vectorarray.py" line="204" name="test_space[2-&lt;lambda&gt;16]" time="0.00041556358337402344"><skipped message="Suite splitting in effect" type="pytest.skip">src/pymortests/vectorarray.py:204: Suite splitting in effect</skipped></testcase><testcase classname="src.pymortests.vectorarray" file="src/pymortests/vectorarray.py" line="204" name="test_space[2-&lt;lambda&gt;17]" time="0.00041961669921875"><skipped message="Suite splitting in effect" type="pytest.skip">src/pymortests/vectorarray.py:204: Suite splitting in effect</skipped></testcase><testcase classname="src.pymortests.vectorarray" file="src/pymortests/vectorarray.py" line="204" name="test_space[2-&lt;lambda&gt;18]" time="0.0004405975341796875"><skipped message="Suite splitting in effect" type="pytest.skip">src/pymortests/vectorarray.py:204: Suite splitting in effect</skipped></testcase><testcase classname="src.pymortests.vectorarray" file="src/pymortests/vectorarray.py" line="204" name="test_space[2-&lt;lambda&gt;19]" time="0.0004038810729980469"><skipped message="Suite splitting in effect" type="pytest.skip">src/pymortests/vectorarray.py:204: Suite splitting in effect</skipped></testcase><testcase classname="src.pymortests.vectorarray" file="src/pymortests/vectorarray.py" line="204" name="test_space[2-&lt;lambda&gt;20]" time="0.0004010200500488281"><skipped message="Suite splitting in effect" type="pytest.skip">src/pymortests/vectorarray.py:204: Suite splitting in effect</skipped></testcase><testcase classname="src.pymortests.vectorarray" file="src/pymortests/vectorarray.py" line="204" name="test_space[2-&lt;lambda&gt;21]" time="0.00042700767517089844"><skipped message="Suite splitting in effect" type="pytest.skip">src/pymortests/vectorarray.py:204: Suite splitting in effect</skipped></testcase><testcase classname="src.pymortests.vectorarray" file="src/pymortests/vectorarray.py" line="204" name="test_space[2-&lt;lambda&gt;22]" time="0.0004284381866455078"><skipped message="Suite splitting in effect" type="pytest.skip">src/pymortests/vectorarray.py:204: Suite splitting in effect</skipped></testcase><testcase classname="src.pymortests.vectorarray" file="src/pymortests/vectorarray.py" line="204" name="test_space[2-&lt;lambda&gt;23]" time="0.0004069805145263672"><skipped message="Suite splitting in effect" type="pytest.skip">src/pymortests/vectorarray.py:204: Suite splitting in effect</skipped></testcase><testcase classname="src.pymortests.vectorarray" file="src/pymortests/vectorarray.py" line="204" name="test_space[2-&lt;lambda&gt;24]" time="0.0003998279571533203"><skipped message="Suite splitting in effect" type="pytest.skip">src/pymortests/vectorarray.py:204: Suite splitting in effect</skipped></testcase><testcase classname="src.pymortests.vectorarray" file="src/pymortests/vectorarray.py" line="204" name="test_space[2-&lt;lambda&gt;25]" time="0.0004336833953857422"><skipped message="Suite splitting in effect" type="pytest.skip">src/pymortests/vectorarray.py:204: Suite splitting in effect</skipped></testcase><testcase classname="src.pymortests.vectorarray" file="src/pymortests/vectorarray.py" line="204" name="test_space[2-&lt;lambda&gt;26]" time="0.0004019737243652344"><skipped message="Suite splitting in effect" type="pytest.skip">src/pymortests/vectorarray.py:204: Suite splitting in effect</skipped></testcase><testcase classname="src.pymortests.vectorarray" file="src/pymortests/vectorarray.py" line="210" name="test_getitem_repeated[0-&lt;lambda&gt;0]" time="0.0004401206970214844"><skipped message="Suite splitting in effect" type="pytest.skip">src/pymortests/vectorarray.py:210: Suite splitting in effect</skipped></testcase><testcase classname="src.pymortests.vectorarray" file="src/pymortests/vectorarray.py" line="210" name="test_getitem_repeated[0-&lt;lambda&gt;1]" time="0.0004355907440185547"><skipped message="Suite splitting in effect" type="pytest.skip">src/pymortests/vectorarray.py:210: Suite splitting in effect</skipped></testcase><testcase classname="src.pymortests.vectorarray" file="src/pymortests/vectorarray.py" line="210" name="test_getitem_repeated[0-&lt;lambda&gt;2]" time="0.00042176246643066406"><skipped message="Suite splitting in effect" type="pytest.skip">src/pymortests/vectorarray.py:210: Suite splitting in effect</skipped></testcase><testcase classname="src.pymortests.vectorarray" file="src/pymortests/vectorarray.py" line="210" name="test_getitem_repeated[0-&lt;lambda&gt;3]" time="0.000392913818359375"><skipped message="Suite splitting in effect" type="pytest.skip">src/pymortests/vectorarray.py:210: Suite splitting in effect</skipped></testcase><testcase classname="src.pymortests.vectorarray" file="src/pymortests/vectorarray.py" line="210" name="test_getitem_repeated[0-&lt;lambda&gt;4]" time="0.0004527568817138672"><skipped message="Suite splitting in effect" type="pytest.skip">src/pymortests/vectorarray.py:210: Suite splitting in effect</skipped></testcase><testcase classname="src.pymortests.vectorarray" file="src/pymortests/vectorarray.py" line="210" name="test_getitem_repeated[0-&lt;lambda&gt;5]" time="0.0004096031188964844"><skipped message="Suite splitting in effect" type="pytest.skip">src/pymortests/vectorarray.py:210: Suite splitting in effect</skipped></testcase><testcase classname="src.pymortests.vectorarray" file="src/pymortests/vectorarray.py" line="210" name="test_getitem_repeated[0-&lt;lambda&gt;6]" time="0.0004000663757324219"><skipped message="Suite splitting in effect" type="pytest.skip">src/pymortests/vectorarray.py:210: Suite splitting in effect</skipped></testcase><testcase classname="src.pymortests.vectorarray" file="src/pymortests/vectorarray.py" line="210" name="test_getitem_repeated[0-&lt;lambda&gt;7]" time="0.0004146099090576172"><skipped message="Suite splitting in effect" type="pytest.skip">src/pymortests/vectorarray.py:210: Suite splitting in effect</skipped></testcase><testcase classname="src.pymortests.vectorarray" file="src/pymortests/vectorarray.py" line="210" name="test_getitem_repeated[0-&lt;lambda&gt;8]" time="0.00040793418884277344"><skipped message="Suite splitting in effect" type="pytest.skip">src/pymortests/vectorarray.py:210: Suite splitting in effect</skipped></testcase><testcase classname="src.pymortests.vectorarray" file="src/pymortests/vectorarray.py" line="210" name="test_getitem_repeated[0-&lt;lambda&gt;9]" time="0.00041174888610839844"><skipped message="Suite splitting in effect" type="pytest.skip">src/pymortests/vectorarray.py:210: Suite splitting in effect</skipped></testcase><testcase classname="src.pymortests.vectorarray" file="src/pymortests/vectorarray.py" line="210" name="test_getitem_repeated[0-&lt;lambda&gt;10]" time="0.0004062652587890625"><skipped message="Suite splitting in effect" type="pytest.skip">src/pymortests/vectorarray.py:210: Suite splitting in effect</skipped></testcase><testcase classname="src.pymortests.vectorarray" file="src/pymortests/vectorarray.py" line="210" name="test_getitem_repeated[0-&lt;lambda&gt;11]" time="0.00041675567626953125"><skipped message="Suite splitting in effect" type="pytest.skip">src/pymortests/vectorarray.py:210: Suite splitting in effect</skipped></testcase><testcase classname="src.pymortests.vectorarray" file="src/pymortests/vectorarray.py" line="210" name="test_getitem_repeated[0-&lt;lambda&gt;12]" time="0.000408172607421875"><skipped message="Suite splitting in effect" type="pytest.skip">src/pymortests/vectorarray.py:210: Suite splitting in effect</skipped></testcase><testcase classname="src.pymortests.vectorarray" file="src/pymortests/vectorarray.py" line="210" name="test_getitem_repeated[0-&lt;lambda&gt;13]" time="0.0004394054412841797"><skipped message="Suite splitting in effect" type="pytest.skip">src/pymortests/vectorarray.py:210: Suite splitting in effect</skipped></testcase><testcase classname="src.pymortests.vectorarray" file="src/pymortests/vectorarray.py" line="210" name="test_getitem_repeated[0-&lt;lambda&gt;14]" time="0.0003933906555175781"><skipped message="Suite splitting in effect" type="pytest.skip">src/pymortests/vectorarray.py:210: Suite splitting in effect</skipped></testcase><testcase classname="src.pymortests.vectorarray" file="src/pymortests/vectorarray.py" line="210" name="test_getitem_repeated[0-&lt;lambda&gt;15]" time="0.0004057884216308594"><skipped message="Suite splitting in effect" type="pytest.skip">src/pymortests/vectorarray.py:210: Suite splitting in effect</skipped></testcase><testcase classname="src.pymortests.vectorarray" file="src/pymortests/vectorarray.py" line="210" name="test_getitem_repeated[0-&lt;lambda&gt;16]" time="0.0003933906555175781"><skipped message="Suite splitting in effect" type="pytest.skip">src/pymortests/vectorarray.py:210: Suite splitting in effect</skipped></testcase><testcase classname="src.pymortests.vectorarray" file="src/pymortests/vectorarray.py" line="210" name="test_getitem_repeated[0-&lt;lambda&gt;17]" time="0.00040650367736816406"><skipped message="Suite splitting in effect" type="pytest.skip">src/pymortests/vectorarray.py:210: Suite splitting in effect</skipped></testcase><testcase classname="src.pymortests.vectorarray" file="src/pymortests/vectorarray.py" line="210" name="test_getitem_repeated[0-&lt;lambda&gt;18]" time="0.00044608116149902344"><skipped message="Suite splitting in effect" type="pytest.skip">src/pymortests/vectorarray.py:210: Suite splitting in effect</skipped></testcase><testcase classname="src.pymortests.vectorarray" file="src/pymortests/vectorarray.py" line="210" name="test_getitem_repeated[0-&lt;lambda&gt;19]" time="0.00042557716369628906"><skipped message="Suite splitting in effect" type="pytest.skip">src/pymortests/vectorarray.py:210: Suite splitting in effect</skipped></testcase><testcase classname="src.pymortests.vectorarray" file="src/pymortests/vectorarray.py" line="210" name="test_getitem_repeated[0-&lt;lambda&gt;20]" time="0.00044226646423339844"><skipped message="Suite splitting in effect" type="pytest.skip">src/pymortests/vectorarray.py:210: Suite splitting in effect</skipped></testcase><testcase classname="src.pymortests.vectorarray" file="src/pymortests/vectorarray.py" line="210" name="test_getitem_repeated[0-&lt;lambda&gt;21]" time="0.0004429817199707031"><skipped message="Suite splitting in effect" type="pytest.skip">src/pymortests/vectorarray.py:210: Suite splitting in effect</skipped></testcase><testcase classname="src.pymortests.vectorarray" file="src/pymortests/vectorarray.py" line="210" name="test_getitem_repeated[0-&lt;lambda&gt;22]" time="0.0004410743713378906"><skipped message="Suite splitting in effect" type="pytest.skip">src/pymortests/vectorarray.py:210: Suite splitting in effect</skipped></testcase><testcase classname="src.pymortests.vectorarray" file="src/pymortests/vectorarray.py" line="210" name="test_getitem_repeated[0-&lt;lambda&gt;23]" time="0.0004000663757324219"><skipped message="Suite splitting in effect" type="pytest.skip">src/pymortests/vectorarray.py:210: Suite splitting in effect</skipped></testcase><testcase classname="src.pymortests.vectorarray" file="src/pymortests/vectorarray.py" line="210" name="test_getitem_repeated[0-&lt;lambda&gt;24]" time="0.00040841102600097656"><skipped message="Suite splitting in effect" type="pytest.skip">src/pymortests/vectorarray.py:210: Suite splitting in effect</skipped></testcase><testcase classname="src.pymortests.vectorarray" file="src/pymortests/vectorarray.py" line="210" name="test_getitem_repeated[0-&lt;lambda&gt;25]" time="0.0003895759582519531"><skipped message="Suite splitting in effect" type="pytest.skip">src/pymortests/vectorarray.py:210: Suite splitting in effect</skipped></testcase><testcase classname="src.pymortests.vectorarray" file="src/pymortests/vectorarray.py" line="210" name="test_getitem_repeated[0-&lt;lambda&gt;26]" time="0.0004258155822753906"><skipped message="Suite splitting in effect" type="pytest.skip">src/pymortests/vectorarray.py:210: Suite splitting in effect</skipped></testcase><testcase classname="src.pymortests.vectorarray" file="src/pymortests/vectorarray.py" line="210" name="test_getitem_repeated[1-&lt;lambda&gt;0]" time="0.0004029273986816406"><skipped message="Suite splitting in effect" type="pytest.skip">src/pymortests/vectorarray.py:210: Suite splitting in effect</skipped></testcase><testcase classname="src.pymortests.vectorarray" file="src/pymortests/vectorarray.py" line="210" name="test_getitem_repeated[1-&lt;lambda&gt;1]" time="0.0004088878631591797"><skipped message="Suite splitting in effect" type="pytest.skip">src/pymortests/vectorarray.py:210: Suite splitting in effect</skipped></testcase><testcase classname="src.pymortests.vectorarray" file="src/pymortests/vectorarray.py" line="210" name="test_getitem_repeated[1-&lt;lambda&gt;2]" time="0.0004253387451171875"><skipped message="Suite splitting in effect" type="pytest.skip">src/pymortests/vectorarray.py:210: Suite splitting in effect</skipped></testcase><testcase classname="src.pymortests.vectorarray" file="src/pymortests/vectorarray.py" line="210" name="test_getitem_repeated[1-&lt;lambda&gt;3]" time="0.0004367828369140625"><skipped message="Suite splitting in effect" type="pytest.skip">src/pymortests/vectorarray.py:210: Suite splitting in effect</skipped></testcase><testcase classname="src.pymortests.vectorarray" file="src/pymortests/vectorarray.py" line="210" name="test_getitem_repeated[1-&lt;lambda&gt;4]" time="0.0004074573516845703"><skipped message="Suite splitting in effect" type="pytest.skip">src/pymortests/vectorarray.py:210: Suite splitting in effect</skipped></testcase><testcase classname="src.pymortests.vectorarray" file="src/pymortests/vectorarray.py" line="210" name="test_getitem_repeated[1-&lt;lambda&gt;5]" time="0.0004229545593261719"><skipped message="Suite splitting in effect" type="pytest.skip">src/pymortests/vectorarray.py:210: Suite splitting in effect</skipped></testcase><testcase classname="src.pymortests.vectorarray" file="src/pymortests/vectorarray.py" line="210" name="test_getitem_repeated[1-&lt;lambda&gt;6]" time="0.00041031837463378906"><skipped message="Suite splitting in effect" type="pytest.skip">src/pymortests/vectorarray.py:210: Suite splitting in effect</skipped></testcase><testcase classname="src.pymortests.vectorarray" file="src/pymortests/vectorarray.py" line="210" name="test_getitem_repeated[1-&lt;lambda&gt;7]" time="0.0004410743713378906"><skipped message="Suite splitting in effect" type="pytest.skip">src/pymortests/vectorarray.py:210: Suite splitting in effect</skipped></testcase><testcase classname="src.pymortests.vectorarray" file="src/pymortests/vectorarray.py" line="210" name="test_getitem_repeated[1-&lt;lambda&gt;8]" time="0.0003902912139892578"><skipped message="Suite splitting in effect" type="pytest.skip">src/pymortests/vectorarray.py:210: Suite splitting in effect</skipped></testcase><testcase classname="src.pymortests.vectorarray" file="src/pymortests/vectorarray.py" line="210" name="test_getitem_repeated[1-&lt;lambda&gt;9]" time="0.0004239082336425781"><skipped message="Suite splitting in effect" type="pytest.skip">src/pymortests/vectorarray.py:210: Suite splitting in effect</skipped></testcase><testcase classname="src.pymortests.vectorarray" file="src/pymortests/vectorarray.py" line="210" name="test_getitem_repeated[1-&lt;lambda&gt;10]" time="0.00039267539978027344"><skipped message="Suite splitting in effect" type="pytest.skip">src/pymortests/vectorarray.py:210: Suite splitting in effect</skipped></testcase><testcase classname="src.pymortests.vectorarray" file="src/pymortests/vectorarray.py" line="210" name="test_getitem_repeated[1-&lt;lambda&gt;11]" time="0.00040841102600097656"><skipped message="Suite splitting in effect" type="pytest.skip">src/pymortests/vectorarray.py:210: Suite splitting in effect</skipped></testcase><testcase classname="src.pymortests.vectorarray" file="src/pymortests/vectorarray.py" line="210" name="test_getitem_repeated[1-&lt;lambda&gt;12]" time="0.0004134178161621094"><skipped message="Suite splitting in effect" type="pytest.skip">src/pymortests/vectorarray.py:210: Suite splitting in effect</skipped></testcase><testcase classname="src.pymortests.vectorarray" file="src/pymortests/vectorarray.py" line="210" name="test_getitem_repeated[1-&lt;lambda&gt;13]" time="0.0004038810729980469"><skipped message="Suite splitting in effect" type="pytest.skip">src/pymortests/vectorarray.py:210: Suite splitting in effect</skipped></testcase><testcase classname="src.pymortests.vectorarray" file="src/pymortests/vectorarray.py" line="210" name="test_getitem_repeated[1-&lt;lambda&gt;14]" time="0.00040912628173828125"><skipped message="Suite splitting in effect" type="pytest.skip">src/pymortests/vectorarray.py:210: Suite splitting in effect</skipped></testcase><testcase classname="src.pymortests.vectorarray" file="src/pymortests/vectorarray.py" line="210" name="test_getitem_repeated[1-&lt;lambda&gt;15]" time="0.00041031837463378906"><skipped message="Suite splitting in effect" type="pytest.skip">src/pymortests/vectorarray.py:210: Suite splitting in effect</skipped></testcase><testcase classname="src.pymortests.vectorarray" file="src/pymortests/vectorarray.py" line="210" name="test_getitem_repeated[1-&lt;lambda&gt;16]" time="0.0004115104675292969"><skipped message="Suite splitting in effect" type="pytest.skip">src/pymortests/vectorarray.py:210: Suite splitting in effect</skipped></testcase><testcase classname="src.pymortests.vectorarray" file="src/pymortests/vectorarray.py" line="210" name="test_getitem_repeated[1-&lt;lambda&gt;17]" time="0.000400543212890625"><skipped message="Suite splitting in effect" type="pytest.skip">src/pymortests/vectorarray.py:210: Suite splitting in effect</skipped></testcase><testcase classname="src.pymortests.vectorarray" file="src/pymortests/vectorarray.py" line="210" name="test_getitem_repeated[1-&lt;lambda&gt;18]" time="0.00041222572326660156"><skipped message="Suite splitting in effect" type="pytest.skip">src/pymortests/vectorarray.py:210: Suite splitting in effect</skipped></testcase><testcase classname="src.pymortests.vectorarray" file="src/pymortests/vectorarray.py" line="210" name="test_getitem_repeated[1-&lt;lambda&gt;19]" time="0.0004591941833496094"><skipped message="Suite splitting in effect" type="pytest.skip">src/pymortests/vectorarray.py:210: Suite splitting in effect</skipped></testcase><testcase classname="src.pymortests.vectorarray" file="src/pymortests/vectorarray.py" line="210" name="test_getitem_repeated[1-&lt;lambda&gt;20]" time="0.00043845176696777344"><skipped message="Suite splitting in effect" type="pytest.skip">src/pymortests/vectorarray.py:210: Suite splitting in effect</skipped></testcase><testcase classname="src.pymortests.vectorarray" file="src/pymortests/vectorarray.py" line="210" name="test_getitem_repeated[1-&lt;lambda&gt;21]" time="0.0003886222839355469"><skipped message="Suite splitting in effect" type="pytest.skip">src/pymortests/vectorarray.py:210: Suite splitting in effect</skipped></testcase><testcase classname="src.pymortests.vectorarray" file="src/pymortests/vectorarray.py" line="210" name="test_getitem_repeated[1-&lt;lambda&gt;22]" time="0.0004303455352783203"><skipped message="Suite splitting in effect" type="pytest.skip">src/pymortests/vectorarray.py:210: Suite splitting in effect</skipped></testcase><testcase classname="src.pymortests.vectorarray" file="src/pymortests/vectorarray.py" line="210" name="test_getitem_repeated[1-&lt;lambda&gt;23]" time="0.0003902912139892578"><skipped message="Suite splitting in effect" type="pytest.skip">src/pymortests/vectorarray.py:210: Suite splitting in effect</skipped></testcase><testcase classname="src.pymortests.vectorarray" file="src/pymortests/vectorarray.py" line="210" name="test_getitem_repeated[1-&lt;lambda&gt;24]" time="0.0004153251647949219"><skipped message="Suite splitting in effect" type="pytest.skip">src/pymortests/vectorarray.py:210: Suite splitting in effect</skipped></testcase><testcase classname="src.pymortests.vectorarray" file="src/pymortests/vectorarray.py" line="210" name="test_getitem_repeated[1-&lt;lambda&gt;25]" time="0.0003962516784667969"><skipped message="Suite splitting in effect" type="pytest.skip">src/pymortests/vectorarray.py:210: Suite splitting in effect</skipped></testcase><testcase classname="src.pymortests.vectorarray" file="src/pymortests/vectorarray.py" line="210" name="test_getitem_repeated[1-&lt;lambda&gt;26]" time="0.00043392181396484375"><skipped message="Suite splitting in effect" type="pytest.skip">src/pymortests/vectorarray.py:210: Suite splitting in effect</skipped></testcase><testcase classname="src.pymortests.vectorarray" file="src/pymortests/vectorarray.py" line="210" name="test_getitem_repeated[2-&lt;lambda&gt;0]" time="0.00039386749267578125"><skipped message="Suite splitting in effect" type="pytest.skip">src/pymortests/vectorarray.py:210: Suite splitting in effect</skipped></testcase><testcase classname="src.pymortests.vectorarray" file="src/pymortests/vectorarray.py" line="210" name="test_getitem_repeated[2-&lt;lambda&gt;1]" time="0.0004057884216308594"><skipped message="Suite splitting in effect" type="pytest.skip">src/pymortests/vectorarray.py:210: Suite splitting in effect</skipped></testcase><testcase classname="src.pymortests.vectorarray" file="src/pymortests/vectorarray.py" line="210" name="test_getitem_repeated[2-&lt;lambda&gt;2]" time="0.00039505958557128906"><skipped message="Suite splitting in effect" type="pytest.skip">src/pymortests/vectorarray.py:210: Suite splitting in effect</skipped></testcase><testcase classname="src.pymortests.vectorarray" file="src/pymortests/vectorarray.py" line="210" name="test_getitem_repeated[2-&lt;lambda&gt;3]" time="0.0004229545593261719"><skipped message="Suite splitting in effect" type="pytest.skip">src/pymortests/vectorarray.py:210: Suite splitting in effect</skipped></testcase><testcase classname="src.pymortests.vectorarray" file="src/pymortests/vectorarray.py" line="210" name="test_getitem_repeated[2-&lt;lambda&gt;4]" time="0.0004017353057861328"><skipped message="Suite splitting in effect" type="pytest.skip">src/pymortests/vectorarray.py:210: Suite splitting in effect</skipped></testcase><testcase classname="src.pymortests.vectorarray" file="src/pymortests/vectorarray.py" line="210" name="test_getitem_repeated[2-&lt;lambda&gt;5]" time="0.0004458427429199219"><skipped message="Suite splitting in effect" type="pytest.skip">src/pymortests/vectorarray.py:210: Suite splitting in effect</skipped></testcase><testcase classname="src.pymortests.vectorarray" file="src/pymortests/vectorarray.py" line="210" name="test_getitem_repeated[2-&lt;lambda&gt;6]" time="0.0004010200500488281"><skipped message="Suite splitting in effect" type="pytest.skip">src/pymortests/vectorarray.py:210: Suite splitting in effect</skipped></testcase><testcase classname="src.pymortests.vectorarray" file="src/pymortests/vectorarray.py" line="210" name="test_getitem_repeated[2-&lt;lambda&gt;7]" time="0.0004100799560546875"><skipped message="Suite splitting in effect" type="pytest.skip">src/pymortests/vectorarray.py:210: Suite splitting in effect</skipped></testcase><testcase classname="src.pymortests.vectorarray" file="src/pymortests/vectorarray.py" line="210" name="test_getitem_repeated[2-&lt;lambda&gt;8]" time="0.0004241466522216797"><skipped message="Suite splitting in effect" type="pytest.skip">src/pymortests/vectorarray.py:210: Suite splitting in effect</skipped></testcase><testcase classname="src.pymortests.vectorarray" file="src/pymortests/vectorarray.py" line="210" name="test_getitem_repeated[2-&lt;lambda&gt;9]" time="0.00040459632873535156"><skipped message="Suite splitting in effect" type="pytest.skip">src/pymortests/vectorarray.py:210: Suite splitting in effect</skipped></testcase><testcase classname="src.pymortests.vectorarray" file="src/pymortests/vectorarray.py" line="210" name="test_getitem_repeated[2-&lt;lambda&gt;10]" time="0.0004096031188964844"><skipped message="Suite splitting in effect" type="pytest.skip">src/pymortests/vectorarray.py:210: Suite splitting in effect</skipped></testcase><testcase classname="src.pymortests.vectorarray" file="src/pymortests/vectorarray.py" line="210" name="test_getitem_repeated[2-&lt;lambda&gt;11]" time="0.0003910064697265625"><skipped message="Suite splitting in effect" type="pytest.skip">src/pymortests/vectorarray.py:210: Suite splitting in effect</skipped></testcase><testcase classname="src.pymortests.vectorarray" file="src/pymortests/vectorarray.py" line="210" name="test_getitem_repeated[2-&lt;lambda&gt;12]" time="0.0004439353942871094"><skipped message="Suite splitting in effect" type="pytest.skip">src/pymortests/vectorarray.py:210: Suite splitting in effect</skipped></testcase><testcase classname="src.pymortests.vectorarray" file="src/pymortests/vectorarray.py" line="210" name="test_getitem_repeated[2-&lt;lambda&gt;13]" time="0.0003879070281982422"><skipped message="Suite splitting in effect" type="pytest.skip">src/pymortests/vectorarray.py:210: Suite splitting in effect</skipped></testcase><testcase classname="src.pymortests.vectorarray" file="src/pymortests/vectorarray.py" line="210" name="test_getitem_repeated[2-&lt;lambda&gt;14]" time="0.0004341602325439453"><skipped message="Suite splitting in effect" type="pytest.skip">src/pymortests/vectorarray.py:210: Suite splitting in effect</skipped></testcase><testcase classname="src.pymortests.vectorarray" file="src/pymortests/vectorarray.py" line="210" name="test_getitem_repeated[2-&lt;lambda&gt;15]" time="0.0004210472106933594"><skipped message="Suite splitting in effect" type="pytest.skip">src/pymortests/vectorarray.py:210: Suite splitting in effect</skipped></testcase><testcase classname="src.pymortests.vectorarray" file="src/pymortests/vectorarray.py" line="210" name="test_getitem_repeated[2-&lt;lambda&gt;16]" time="0.0006165504455566406"><skipped message="Suite splitting in effect" type="pytest.skip">src/pymortests/vectorarray.py:210: Suite splitting in effect</skipped></testcase><testcase classname="src.pymortests.vectorarray" file="src/pymortests/vectorarray.py" line="210" name="test_getitem_repeated[2-&lt;lambda&gt;17]" time="0.0004127025604248047"><skipped message="Suite splitting in effect" type="pytest.skip">src/pymortests/vectorarray.py:210: Suite splitting in effect</skipped></testcase><testcase classname="src.pymortests.vectorarray" file="src/pymortests/vectorarray.py" line="210" name="test_getitem_repeated[2-&lt;lambda&gt;18]" time="0.00041365623474121094"><skipped message="Suite splitting in effect" type="pytest.skip">src/pymortests/vectorarray.py:210: Suite splitting in effect</skipped></testcase><testcase classname="src.pymortests.vectorarray" file="src/pymortests/vectorarray.py" line="210" name="test_getitem_repeated[2-&lt;lambda&gt;19]" time="0.000446319580078125"><skipped message="Suite splitting in effect" type="pytest.skip">src/pymortests/vectorarray.py:210: Suite splitting in effect</skipped></testcase><testcase classname="src.pymortests.vectorarray" file="src/pymortests/vectorarray.py" line="210" name="test_getitem_repeated[2-&lt;lambda&gt;20]" time="0.0003952980041503906"><skipped message="Suite splitting in effect" type="pytest.skip">src/pymortests/vectorarray.py:210: Suite splitting in effect</skipped></testcase><testcase classname="src.pymortests.vectorarray" file="src/pymortests/vectorarray.py" line="210" name="test_getitem_repeated[2-&lt;lambda&gt;21]" time="0.0004286766052246094"><skipped message="Suite splitting in effect" type="pytest.skip">src/pymortests/vectorarray.py:210: Suite splitting in effect</skipped></testcase><testcase classname="src.pymortests.vectorarray" file="src/pymortests/vectorarray.py" line="210" name="test_getitem_repeated[2-&lt;lambda&gt;22]" time="0.000396728515625"><skipped message="Suite splitting in effect" type="pytest.skip">src/pymortests/vectorarray.py:210: Suite splitting in effect</skipped></testcase><testcase classname="src.pymortests.vectorarray" file="src/pymortests/vectorarray.py" line="210" name="test_getitem_repeated[2-&lt;lambda&gt;23]" time="0.0004086494445800781"><skipped message="Suite splitting in effect" type="pytest.skip">src/pymortests/vectorarray.py:210: Suite splitting in effect</skipped></testcase><testcase classname="src.pymortests.vectorarray" file="src/pymortests/vectorarray.py" line="210" name="test_getitem_repeated[2-&lt;lambda&gt;24]" time="0.0004096031188964844"><skipped message="Suite splitting in effect" type="pytest.skip">src/pymortests/vectorarray.py:210: Suite splitting in effect</skipped></testcase><testcase classname="src.pymortests.vectorarray" file="src/pymortests/vectorarray.py" line="210" name="test_getitem_repeated[2-&lt;lambda&gt;25]" time="0.0004239082336425781"><skipped message="Suite splitting in effect" type="pytest.skip">src/pymortests/vectorarray.py:210: Suite splitting in effect</skipped></testcase><testcase classname="src.pymortests.vectorarray" file="src/pymortests/vectorarray.py" line="210" name="test_getitem_repeated[2-&lt;lambda&gt;26]" time="0.0003921985626220703"><skipped message="Suite splitting in effect" type="pytest.skip">src/pymortests/vectorarray.py:210: Suite splitting in effect</skipped></testcase><testcase classname="src.pymortests.vectorarray" file="src/pymortests/vectorarray.py" line="221" name="test_copy[0-&lt;lambda&gt;0]" time="0.00041937828063964844"><skipped message="Suite splitting in effect" type="pytest.skip">src/pymortests/vectorarray.py:221: Suite splitting in effect</skipped></testcase><testcase classname="src.pymortests.vectorarray" file="src/pymortests/vectorarray.py" line="221" name="test_copy[0-&lt;lambda&gt;1]" time="0.0004112720489501953"><skipped message="Suite splitting in effect" type="pytest.skip">src/pymortests/vectorarray.py:221: Suite splitting in effect</skipped></testcase><testcase classname="src.pymortests.vectorarray" file="src/pymortests/vectorarray.py" line="221" name="test_copy[0-&lt;lambda&gt;2]" time="0.0004010200500488281"><skipped message="Suite splitting in effect" type="pytest.skip">src/pymortests/vectorarray.py:221: Suite splitting in effect</skipped></testcase><testcase classname="src.pymortests.vectorarray" file="src/pymortests/vectorarray.py" line="221" name="test_copy[0-&lt;lambda&gt;3]" time="0.0004329681396484375"><skipped message="Suite splitting in effect" type="pytest.skip">src/pymortests/vectorarray.py:221: Suite splitting in effect</skipped></testcase><testcase classname="src.pymortests.vectorarray" file="src/pymortests/vectorarray.py" line="221" name="test_copy[0-&lt;lambda&gt;4]" time="0.0003883838653564453"><skipped message="Suite splitting in effect" type="pytest.skip">src/pymortests/vectorarray.py:221: Suite splitting in effect</skipped></testcase><testcase classname="src.pymortests.vectorarray" file="src/pymortests/vectorarray.py" line="221" name="test_copy[0-&lt;lambda&gt;5]" time="0.00042128562927246094"><skipped message="Suite splitting in effect" type="pytest.skip">src/pymortests/vectorarray.py:221: Suite splitting in effect</skipped></testcase><testcase classname="src.pymortests.vectorarray" file="src/pymortests/vectorarray.py" line="221" name="test_copy[0-&lt;lambda&gt;6]" time="0.00042176246643066406"><skipped message="Suite splitting in effect" type="pytest.skip">src/pymortests/vectorarray.py:221: Suite splitting in effect</skipped></testcase><testcase classname="src.pymortests.vectorarray" file="src/pymortests/vectorarray.py" line="221" name="test_copy[0-&lt;lambda&gt;7]" time="0.0004036426544189453"><skipped message="Suite splitting in effect" type="pytest.skip">src/pymortests/vectorarray.py:221: Suite splitting in effect</skipped></testcase><testcase classname="src.pymortests.vectorarray" file="src/pymortests/vectorarray.py" line="221" name="test_copy[0-&lt;lambda&gt;8]" time="0.000408172607421875"><skipped message="Suite splitting in effect" type="pytest.skip">src/pymortests/vectorarray.py:221: Suite splitting in effect</skipped></testcase><testcase classname="src.pymortests.vectorarray" file="src/pymortests/vectorarray.py" line="221" name="test_copy[0-&lt;lambda&gt;9]" time="0.0003914833068847656"><skipped message="Suite splitting in effect" type="pytest.skip">src/pymortests/vectorarray.py:221: Suite splitting in effect</skipped></testcase><testcase classname="src.pymortests.vectorarray" file="src/pymortests/vectorarray.py" line="221" name="test_copy[0-&lt;lambda&gt;10]" time="0.00041556358337402344"><skipped message="Suite splitting in effect" type="pytest.skip">src/pymortests/vectorarray.py:221: Suite splitting in effect</skipped></testcase><testcase classname="src.pymortests.vectorarray" file="src/pymortests/vectorarray.py" line="221" name="test_copy[0-&lt;lambda&gt;11]" time="0.0003948211669921875"><skipped message="Suite splitting in effect" type="pytest.skip">src/pymortests/vectorarray.py:221: Suite splitting in effect</skipped></testcase><testcase classname="src.pymortests.vectorarray" file="src/pymortests/vectorarray.py" line="221" name="test_copy[0-&lt;lambda&gt;12]" time="0.0003936290740966797"><skipped message="Suite splitting in effect" type="pytest.skip">src/pymortests/vectorarray.py:221: Suite splitting in effect</skipped></testcase><testcase classname="src.pymortests.vectorarray" file="src/pymortests/vectorarray.py" line="221" name="test_copy[0-&lt;lambda&gt;13]" time="0.0004203319549560547"><skipped message="Suite splitting in effect" type="pytest.skip">src/pymortests/vectorarray.py:221: Suite splitting in effect</skipped></testcase><testcase classname="src.pymortests.vectorarray" file="src/pymortests/vectorarray.py" line="221" name="test_copy[0-&lt;lambda&gt;14]" time="0.0004096031188964844"><skipped message="Suite splitting in effect" type="pytest.skip">src/pymortests/vectorarray.py:221: Suite splitting in effect</skipped></testcase><testcase classname="src.pymortests.vectorarray" file="src/pymortests/vectorarray.py" line="221" name="test_copy[0-&lt;lambda&gt;15]" time="0.00040459632873535156"><skipped message="Suite splitting in effect" type="pytest.skip">src/pymortests/vectorarray.py:221: Suite splitting in effect</skipped></testcase><testcase classname="src.pymortests.vectorarray" file="src/pymortests/vectorarray.py" line="221" name="test_copy[0-&lt;lambda&gt;16]" time="0.0004048347473144531"><skipped message="Suite splitting in effect" type="pytest.skip">src/pymortests/vectorarray.py:221: Suite splitting in effect</skipped></testcase><testcase classname="src.pymortests.vectorarray" file="src/pymortests/vectorarray.py" line="221" name="test_copy[0-&lt;lambda&gt;17]" time="0.0004067420959472656"><skipped message="Suite splitting in effect" type="pytest.skip">src/pymortests/vectorarray.py:221: Suite splitting in effect</skipped></testcase><testcase classname="src.pymortests.vectorarray" file="src/pymortests/vectorarray.py" line="221" name="test_copy[0-&lt;lambda&gt;18]" time="0.0004062652587890625"><skipped message="Suite splitting in effect" type="pytest.skip">src/pymortests/vectorarray.py:221: Suite splitting in effect</skipped></testcase><testcase classname="src.pymortests.vectorarray" file="src/pymortests/vectorarray.py" line="221" name="test_copy[0-&lt;lambda&gt;19]" time="0.0003979206085205078"><skipped message="Suite splitting in effect" type="pytest.skip">src/pymortests/vectorarray.py:221: Suite splitting in effect</skipped></testcase><testcase classname="src.pymortests.vectorarray" file="src/pymortests/vectorarray.py" line="221" name="test_copy[0-&lt;lambda&gt;20]" time="0.0004184246063232422"><skipped message="Suite splitting in effect" type="pytest.skip">src/pymortests/vectorarray.py:221: Suite splitting in effect</skipped></testcase><testcase classname="src.pymortests.vectorarray" file="src/pymortests/vectorarray.py" line="221" name="test_copy[0-&lt;lambda&gt;21]" time="0.00039386749267578125"><skipped message="Suite splitting in effect" type="pytest.skip">src/pymortests/vectorarray.py:221: Suite splitting in effect</skipped></testcase><testcase classname="src.pymortests.vectorarray" file="src/pymortests/vectorarray.py" line="221" name="test_copy[0-&lt;lambda&gt;22]" time="0.0004401206970214844"><skipped message="Suite splitting in effect" type="pytest.skip">src/pymortests/vectorarray.py:221: Suite splitting in effect</skipped></testcase><testcase classname="src.pymortests.vectorarray" file="src/pymortests/vectorarray.py" line="221" name="test_copy[0-&lt;lambda&gt;23]" time="0.00043392181396484375"><skipped message="Suite splitting in effect" type="pytest.skip">src/pymortests/vectorarray.py:221: Suite splitting in effect</skipped></testcase><testcase classname="src.pymortests.vectorarray" file="src/pymortests/vectorarray.py" line="221" name="test_copy[0-&lt;lambda&gt;24]" time="0.00042319297790527344"><skipped message="Suite splitting in effect" type="pytest.skip">src/pymortests/vectorarray.py:221: Suite splitting in effect</skipped></testcase><testcase classname="src.pymortests.vectorarray" file="src/pymortests/vectorarray.py" line="221" name="test_copy[0-&lt;lambda&gt;25]" time="0.00039267539978027344"><skipped message="Suite splitting in effect" type="pytest.skip">src/pymortests/vectorarray.py:221: Suite splitting in effect</skipped></testcase><testcase classname="src.pymortests.vectorarray" file="src/pymortests/vectorarray.py" line="221" name="test_copy[0-&lt;lambda&gt;26]" time="0.00040459632873535156"><skipped message="Suite splitting in effect" type="pytest.skip">src/pymortests/vectorarray.py:221: Suite splitting in effect</skipped></testcase><testcase classname="src.pymortests.vectorarray" file="src/pymortests/vectorarray.py" line="221" name="test_copy[1-&lt;lambda&gt;0]" time="0.0004241466522216797"><skipped message="Suite splitting in effect" type="pytest.skip">src/pymortests/vectorarray.py:221: Suite splitting in effect</skipped></testcase><testcase classname="src.pymortests.vectorarray" file="src/pymortests/vectorarray.py" line="221" name="test_copy[1-&lt;lambda&gt;1]" time="0.0004265308380126953"><skipped message="Suite splitting in effect" type="pytest.skip">src/pymortests/vectorarray.py:221: Suite splitting in effect</skipped></testcase><testcase classname="src.pymortests.vectorarray" file="src/pymortests/vectorarray.py" line="221" name="test_copy[1-&lt;lambda&gt;2]" time="0.00040793418884277344"><skipped message="Suite splitting in effect" type="pytest.skip">src/pymortests/vectorarray.py:221: Suite splitting in effect</skipped></testcase><testcase classname="src.pymortests.vectorarray" file="src/pymortests/vectorarray.py" line="221" name="test_copy[1-&lt;lambda&gt;3]" time="0.0004074573516845703"><skipped message="Suite splitting in effect" type="pytest.skip">src/pymortests/vectorarray.py:221: Suite splitting in effect</skipped></testcase><testcase classname="src.pymortests.vectorarray" file="src/pymortests/vectorarray.py" line="221" name="test_copy[1-&lt;lambda&gt;4]" time="0.00039076805114746094"><skipped message="Suite splitting in effect" type="pytest.skip">src/pymortests/vectorarray.py:221: Suite splitting in effect</skipped></testcase><testcase classname="src.pymortests.vectorarray" file="src/pymortests/vectorarray.py" line="221" name="test_copy[1-&lt;lambda&gt;5]" time="0.0004220008850097656"><skipped message="Suite splitting in effect" type="pytest.skip">src/pymortests/vectorarray.py:221: Suite splitting in effect</skipped></testcase><testcase classname="src.pymortests.vectorarray" file="src/pymortests/vectorarray.py" line="221" name="test_copy[1-&lt;lambda&gt;6]" time="0.0003979206085205078"><skipped message="Suite splitting in effect" type="pytest.skip">src/pymortests/vectorarray.py:221: Suite splitting in effect</skipped></testcase><testcase classname="src.pymortests.vectorarray" file="src/pymortests/vectorarray.py" line="221" name="test_copy[1-&lt;lambda&gt;7]" time="0.0004267692565917969"><skipped message="Suite splitting in effect" type="pytest.skip">src/pymortests/vectorarray.py:221: Suite splitting in effect</skipped></testcase><testcase classname="src.pymortests.vectorarray" file="src/pymortests/vectorarray.py" line="221" name="test_copy[1-&lt;lambda&gt;8]" time="0.0004200935363769531"><skipped message="Suite splitting in effect" type="pytest.skip">src/pymortests/vectorarray.py:221: Suite splitting in effect</skipped></testcase><testcase classname="src.pymortests.vectorarray" file="src/pymortests/vectorarray.py" line="221" name="test_copy[1-&lt;lambda&gt;9]" time="0.0003960132598876953"><skipped message="Suite splitting in effect" type="pytest.skip">src/pymortests/vectorarray.py:221: Suite splitting in effect</skipped></testcase><testcase classname="src.pymortests.vectorarray" file="src/pymortests/vectorarray.py" line="221" name="test_copy[1-&lt;lambda&gt;10]" time="0.00041294097900390625"><skipped message="Suite splitting in effect" type="pytest.skip">src/pymortests/vectorarray.py:221: Suite splitting in effect</skipped></testcase><testcase classname="src.pymortests.vectorarray" file="src/pymortests/vectorarray.py" line="221" name="test_copy[1-&lt;lambda&gt;11]" time="0.0003905296325683594"><skipped message="Suite splitting in effect" type="pytest.skip">src/pymortests/vectorarray.py:221: Suite splitting in effect</skipped></testcase><testcase classname="src.pymortests.vectorarray" file="src/pymortests/vectorarray.py" line="221" name="test_copy[1-&lt;lambda&gt;12]" time="0.0004203319549560547"><skipped message="Suite splitting in effect" type="pytest.skip">src/pymortests/vectorarray.py:221: Suite splitting in effect</skipped></testcase><testcase classname="src.pymortests.vectorarray" file="src/pymortests/vectorarray.py" line="221" name="test_copy[1-&lt;lambda&gt;13]" time="0.00043582916259765625"><skipped message="Suite splitting in effect" type="pytest.skip">src/pymortests/vectorarray.py:221: Suite splitting in effect</skipped></testcase><testcase classname="src.pymortests.vectorarray" file="src/pymortests/vectorarray.py" line="221" name="test_copy[1-&lt;lambda&gt;14]" time="0.00044417381286621094"><skipped message="Suite splitting in effect" type="pytest.skip">src/pymortests/vectorarray.py:221: Suite splitting in effect</skipped></testcase><testcase classname="src.pymortests.vectorarray" file="src/pymortests/vectorarray.py" line="221" name="test_copy[1-&lt;lambda&gt;15]" time="0.0003952980041503906"><skipped message="Suite splitting in effect" type="pytest.skip">src/pymortests/vectorarray.py:221: Suite splitting in effect</skipped></testcase><testcase classname="src.pymortests.vectorarray" file="src/pymortests/vectorarray.py" line="221" name="test_copy[1-&lt;lambda&gt;16]" time="0.0004718303680419922"><skipped message="Suite splitting in effect" type="pytest.skip">src/pymortests/vectorarray.py:221: Suite splitting in effect</skipped></testcase><testcase classname="src.pymortests.vectorarray" file="src/pymortests/vectorarray.py" line="221" name="test_copy[1-&lt;lambda&gt;17]" time="0.00044608116149902344"><skipped message="Suite splitting in effect" type="pytest.skip">src/pymortests/vectorarray.py:221: Suite splitting in effect</skipped></testcase><testcase classname="src.pymortests.vectorarray" file="src/pymortests/vectorarray.py" line="221" name="test_copy[1-&lt;lambda&gt;18]" time="0.0004451274871826172"><skipped message="Suite splitting in effect" type="pytest.skip">src/pymortests/vectorarray.py:221: Suite splitting in effect</skipped></testcase><testcase classname="src.pymortests.vectorarray" file="src/pymortests/vectorarray.py" line="221" name="test_copy[1-&lt;lambda&gt;19]" time="0.0003936290740966797"><skipped message="Suite splitting in effect" type="pytest.skip">src/pymortests/vectorarray.py:221: Suite splitting in effect</skipped></testcase><testcase classname="src.pymortests.vectorarray" file="src/pymortests/vectorarray.py" line="221" name="test_copy[1-&lt;lambda&gt;20]" time="0.0004165172576904297"><skipped message="Suite splitting in effect" type="pytest.skip">src/pymortests/vectorarray.py:221: Suite splitting in effect</skipped></testcase><testcase classname="src.pymortests.vectorarray" file="src/pymortests/vectorarray.py" line="221" name="test_copy[1-&lt;lambda&gt;21]" time="0.00041794776916503906"><skipped message="Suite splitting in effect" type="pytest.skip">src/pymortests/vectorarray.py:221: Suite splitting in effect</skipped></testcase><testcase classname="src.pymortests.vectorarray" file="src/pymortests/vectorarray.py" line="221" name="test_copy[1-&lt;lambda&gt;22]" time="0.00043129920959472656"><skipped message="Suite splitting in effect" type="pytest.skip">src/pymortests/vectorarray.py:221: Suite splitting in effect</skipped></testcase><testcase classname="src.pymortests.vectorarray" file="src/pymortests/vectorarray.py" line="221" name="test_copy[1-&lt;lambda&gt;23]" time="0.0004634857177734375"><skipped message="Suite splitting in effect" type="pytest.skip">src/pymortests/vectorarray.py:221: Suite splitting in effect</skipped></testcase><testcase classname="src.pymortests.vectorarray" file="src/pymortests/vectorarray.py" line="221" name="test_copy[1-&lt;lambda&gt;24]" time="0.00041103363037109375"><skipped message="Suite splitting in effect" type="pytest.skip">src/pymortests/vectorarray.py:221: Suite splitting in effect</skipped></testcase><testcase classname="src.pymortests.vectorarray" file="src/pymortests/vectorarray.py" line="221" name="test_copy[1-&lt;lambda&gt;25]" time="0.0004172325134277344"><skipped message="Suite splitting in effect" type="pytest.skip">src/pymortests/vectorarray.py:221: Suite splitting in effect</skipped></testcase><testcase classname="src.pymortests.vectorarray" file="src/pymortests/vectorarray.py" line="221" name="test_copy[1-&lt;lambda&gt;26]" time="0.00039196014404296875"><skipped message="Suite splitting in effect" type="pytest.skip">src/pymortests/vectorarray.py:221: Suite splitting in effect</skipped></testcase><testcase classname="src.pymortests.vectorarray" file="src/pymortests/vectorarray.py" line="221" name="test_copy[2-&lt;lambda&gt;0]" time="0.00041222572326660156"><skipped message="Suite splitting in effect" type="pytest.skip">src/pymortests/vectorarray.py:221: Suite splitting in effect</skipped></testcase><testcase classname="src.pymortests.vectorarray" file="src/pymortests/vectorarray.py" line="221" name="test_copy[2-&lt;lambda&gt;1]" time="0.0003972053527832031"><skipped message="Suite splitting in effect" type="pytest.skip">src/pymortests/vectorarray.py:221: Suite splitting in effect</skipped></testcase><testcase classname="src.pymortests.vectorarray" file="src/pymortests/vectorarray.py" line="221" name="test_copy[2-&lt;lambda&gt;2]" time="0.00048160552978515625"><skipped message="Suite splitting in effect" type="pytest.skip">src/pymortests/vectorarray.py:221: Suite splitting in effect</skipped></testcase><testcase classname="src.pymortests.vectorarray" file="src/pymortests/vectorarray.py" line="221" name="test_copy[2-&lt;lambda&gt;3]" time="0.0003948211669921875"><skipped message="Suite splitting in effect" type="pytest.skip">src/pymortests/vectorarray.py:221: Suite splitting in effect</skipped></testcase><testcase classname="src.pymortests.vectorarray" file="src/pymortests/vectorarray.py" line="221" name="test_copy[2-&lt;lambda&gt;4]" time="0.0004150867462158203"><skipped message="Suite splitting in effect" type="pytest.skip">src/pymortests/vectorarray.py:221: Suite splitting in effect</skipped></testcase><testcase classname="src.pymortests.vectorarray" file="src/pymortests/vectorarray.py" line="221" name="test_copy[2-&lt;lambda&gt;5]" time="0.00039458274841308594"><skipped message="Suite splitting in effect" type="pytest.skip">src/pymortests/vectorarray.py:221: Suite splitting in effect</skipped></testcase><testcase classname="src.pymortests.vectorarray" file="src/pymortests/vectorarray.py" line="221" name="test_copy[2-&lt;lambda&gt;6]" time="0.0004017353057861328"><skipped message="Suite splitting in effect" type="pytest.skip">src/pymortests/vectorarray.py:221: Suite splitting in effect</skipped></testcase><testcase classname="src.pymortests.vectorarray" file="src/pymortests/vectorarray.py" line="221" name="test_copy[2-&lt;lambda&gt;7]" time="0.00044155120849609375"><skipped message="Suite splitting in effect" type="pytest.skip">src/pymortests/vectorarray.py:221: Suite splitting in effect</skipped></testcase><testcase classname="src.pymortests.vectorarray" file="src/pymortests/vectorarray.py" line="221" name="test_copy[2-&lt;lambda&gt;8]" time="0.0004200935363769531"><skipped message="Suite splitting in effect" type="pytest.skip">src/pymortests/vectorarray.py:221: Suite splitting in effect</skipped></testcase><testcase classname="src.pymortests.vectorarray" file="src/pymortests/vectorarray.py" line="221" name="test_copy[2-&lt;lambda&gt;9]" time="0.00041794776916503906"><skipped message="Suite splitting in effect" type="pytest.skip">src/pymortests/vectorarray.py:221: Suite splitting in effect</skipped></testcase><testcase classname="src.pymortests.vectorarray" file="src/pymortests/vectorarray.py" line="221" name="test_copy[2-&lt;lambda&gt;10]" time="0.0003936290740966797"><skipped message="Suite splitting in effect" type="pytest.skip">src/pymortests/vectorarray.py:221: Suite splitting in effect</skipped></testcase><testcase classname="src.pymortests.vectorarray" file="src/pymortests/vectorarray.py" line="221" name="test_copy[2-&lt;lambda&gt;11]" time="0.00042748451232910156"><skipped message="Suite splitting in effect" type="pytest.skip">src/pymortests/vectorarray.py:221: Suite splitting in effect</skipped></testcase><testcase classname="src.pymortests.vectorarray" file="src/pymortests/vectorarray.py" line="221" name="test_copy[2-&lt;lambda&gt;12]" time="0.0004177093505859375"><skipped message="Suite splitting in effect" type="pytest.skip">src/pymortests/vectorarray.py:221: Suite splitting in effect</skipped></testcase><testcase classname="src.pymortests.vectorarray" file="src/pymortests/vectorarray.py" line="221" name="test_copy[2-&lt;lambda&gt;13]" time="0.00042939186096191406"><skipped message="Suite splitting in effect" type="pytest.skip">src/pymortests/vectorarray.py:221: Suite splitting in effect</skipped></testcase><testcase classname="src.pymortests.vectorarray" file="src/pymortests/vectorarray.py" line="221" name="test_copy[2-&lt;lambda&gt;14]" time="0.0003979206085205078"><skipped message="Suite splitting in effect" type="pytest.skip">src/pymortests/vectorarray.py:221: Suite splitting in effect</skipped></testcase><testcase classname="src.pymortests.vectorarray" file="src/pymortests/vectorarray.py" line="221" name="test_copy[2-&lt;lambda&gt;15]" time="0.0004553794860839844"><skipped message="Suite splitting in effect" type="pytest.skip">src/pymortests/vectorarray.py:221: Suite splitting in effect</skipped></testcase><testcase classname="src.pymortests.vectorarray" file="src/pymortests/vectorarray.py" line="221" name="test_copy[2-&lt;lambda&gt;16]" time="0.0004425048828125"><skipped message="Suite splitting in effect" type="pytest.skip">src/pymortests/vectorarray.py:221: Suite splitting in effect</skipped></testcase><testcase classname="src.pymortests.vectorarray" file="src/pymortests/vectorarray.py" line="221" name="test_copy[2-&lt;lambda&gt;17]" time="0.0005409717559814453"><skipped message="Suite splitting in effect" type="pytest.skip">src/pymortests/vectorarray.py:221: Suite splitting in effect</skipped></testcase><testcase classname="src.pymortests.vectorarray" file="src/pymortests/vectorarray.py" line="221" name="test_copy[2-&lt;lambda&gt;18]" time="0.00042319297790527344"><skipped message="Suite splitting in effect" type="pytest.skip">src/pymortests/vectorarray.py:221: Suite splitting in effect</skipped></testcase><testcase classname="src.pymortests.vectorarray" file="src/pymortests/vectorarray.py" line="221" name="test_copy[2-&lt;lambda&gt;19]" time="0.00041222572326660156"><skipped message="Suite splitting in effect" type="pytest.skip">src/pymortests/vectorarray.py:221: Suite splitting in effect</skipped></testcase><testcase classname="src.pymortests.vectorarray" file="src/pymortests/vectorarray.py" line="221" name="test_copy[2-&lt;lambda&gt;20]" time="0.0005035400390625"><skipped message="Suite splitting in effect" type="pytest.skip">src/pymortests/vectorarray.py:221: Suite splitting in effect</skipped></testcase><testcase classname="src.pymortests.vectorarray" file="src/pymortests/vectorarray.py" line="221" name="test_copy[2-&lt;lambda&gt;21]" time="0.000392913818359375"><skipped message="Suite splitting in effect" type="pytest.skip">src/pymortests/vectorarray.py:221: Suite splitting in effect</skipped></testcase><testcase classname="src.pymortests.vectorarray" file="src/pymortests/vectorarray.py" line="221" name="test_copy[2-&lt;lambda&gt;22]" time="0.0004258155822753906"><skipped message="Suite splitting in effect" type="pytest.skip">src/pymortests/vectorarray.py:221: Suite splitting in effect</skipped></testcase><testcase classname="src.pymortests.vectorarray" file="src/pymortests/vectorarray.py" line="221" name="test_copy[2-&lt;lambda&gt;23]" time="0.00041031837463378906"><skipped message="Suite splitting in effect" type="pytest.skip">src/pymortests/vectorarray.py:221: Suite splitting in effect</skipped></testcase><testcase classname="src.pymortests.vectorarray" file="src/pymortests/vectorarray.py" line="221" name="test_copy[2-&lt;lambda&gt;24]" time="0.00038933753967285156"><skipped message="Suite splitting in effect" type="pytest.skip">src/pymortests/vectorarray.py:221: Suite splitting in effect</skipped></testcase><testcase classname="src.pymortests.vectorarray" file="src/pymortests/vectorarray.py" line="221" name="test_copy[2-&lt;lambda&gt;25]" time="0.0004315376281738281"><skipped message="Suite splitting in effect" type="pytest.skip">src/pymortests/vectorarray.py:221: Suite splitting in effect</skipped></testcase><testcase classname="src.pymortests.vectorarray" file="src/pymortests/vectorarray.py" line="221" name="test_copy[2-&lt;lambda&gt;26]" time="0.0004000663757324219"><skipped message="Suite splitting in effect" type="pytest.skip">src/pymortests/vectorarray.py:221: Suite splitting in effect</skipped></testcase><testcase classname="src.pymortests.vectorarray" file="src/pymortests/vectorarray.py" line="242" name="test_copy_repeated_index[0-&lt;lambda&gt;0]" time="0.00041604042053222656"><skipped message="Suite splitting in effect" type="pytest.skip">src/pymortests/vectorarray.py:242: Suite splitting in effect</skipped></testcase><testcase classname="src.pymortests.vectorarray" file="src/pymortests/vectorarray.py" line="242" name="test_copy_repeated_index[0-&lt;lambda&gt;1]" time="0.00041937828063964844"><skipped message="Suite splitting in effect" type="pytest.skip">src/pymortests/vectorarray.py:242: Suite splitting in effect</skipped></testcase><testcase classname="src.pymortests.vectorarray" file="src/pymortests/vectorarray.py" line="242" name="test_copy_repeated_index[0-&lt;lambda&gt;2]" time="0.0004432201385498047"><skipped message="Suite splitting in effect" type="pytest.skip">src/pymortests/vectorarray.py:242: Suite splitting in effect</skipped></testcase><testcase classname="src.pymortests.vectorarray" file="src/pymortests/vectorarray.py" line="242" name="test_copy_repeated_index[0-&lt;lambda&gt;3]" time="0.0006389617919921875"><skipped message="Suite splitting in effect" type="pytest.skip">src/pymortests/vectorarray.py:242: Suite splitting in effect</skipped></testcase><testcase classname="src.pymortests.vectorarray" file="src/pymortests/vectorarray.py" line="242" name="test_copy_repeated_index[0-&lt;lambda&gt;4]" time="0.00046539306640625"><skipped message="Suite splitting in effect" type="pytest.skip">src/pymortests/vectorarray.py:242: Suite splitting in effect</skipped></testcase><testcase classname="src.pymortests.vectorarray" file="src/pymortests/vectorarray.py" line="242" name="test_copy_repeated_index[0-&lt;lambda&gt;5]" time="0.00039076805114746094"><skipped message="Suite splitting in effect" type="pytest.skip">src/pymortests/vectorarray.py:242: Suite splitting in effect</skipped></testcase><testcase classname="src.pymortests.vectorarray" file="src/pymortests/vectorarray.py" line="242" name="test_copy_repeated_index[0-&lt;lambda&gt;6]" time="0.00042438507080078125"><skipped message="Suite splitting in effect" type="pytest.skip">src/pymortests/vectorarray.py:242: Suite splitting in effect</skipped></testcase><testcase classname="src.pymortests.vectorarray" file="src/pymortests/vectorarray.py" line="242" name="test_copy_repeated_index[0-&lt;lambda&gt;7]" time="0.0004153251647949219"><skipped message="Suite splitting in effect" type="pytest.skip">src/pymortests/vectorarray.py:242: Suite splitting in effect</skipped></testcase><testcase classname="src.pymortests.vectorarray" file="src/pymortests/vectorarray.py" line="242" name="test_copy_repeated_index[0-&lt;lambda&gt;8]" time="0.00042510032653808594"><skipped message="Suite splitting in effect" type="pytest.skip">src/pymortests/vectorarray.py:242: Suite splitting in effect</skipped></testcase><testcase classname="src.pymortests.vectorarray" file="src/pymortests/vectorarray.py" line="242" name="test_copy_repeated_index[0-&lt;lambda&gt;9]" time="0.0004138946533203125"><skipped message="Suite splitting in effect" type="pytest.skip">src/pymortests/vectorarray.py:242: Suite splitting in effect</skipped></testcase><testcase classname="src.pymortests.vectorarray" file="src/pymortests/vectorarray.py" line="242" name="test_copy_repeated_index[0-&lt;lambda&gt;10]" time="0.0003941059112548828"><skipped message="Suite splitting in effect" type="pytest.skip">src/pymortests/vectorarray.py:242: Suite splitting in effect</skipped></testcase><testcase classname="src.pymortests.vectorarray" file="src/pymortests/vectorarray.py" line="242" name="test_copy_repeated_index[0-&lt;lambda&gt;11]" time="0.0005340576171875"><skipped message="Suite splitting in effect" type="pytest.skip">src/pymortests/vectorarray.py:242: Suite splitting in effect</skipped></testcase><testcase classname="src.pymortests.vectorarray" file="src/pymortests/vectorarray.py" line="242" name="test_copy_repeated_index[0-&lt;lambda&gt;12]" time="0.00039315223693847656"><skipped message="Suite splitting in effect" type="pytest.skip">src/pymortests/vectorarray.py:242: Suite splitting in effect</skipped></testcase><testcase classname="src.pymortests.vectorarray" file="src/pymortests/vectorarray.py" line="242" name="test_copy_repeated_index[0-&lt;lambda&gt;13]" time="0.00039768218994140625"><skipped message="Suite splitting in effect" type="pytest.skip">src/pymortests/vectorarray.py:242: Suite splitting in effect</skipped></testcase><testcase classname="src.pymortests.vectorarray" file="src/pymortests/vectorarray.py" line="242" name="test_copy_repeated_index[0-&lt;lambda&gt;14]" time="0.00039386749267578125"><skipped message="Suite splitting in effect" type="pytest.skip">src/pymortests/vectorarray.py:242: Suite splitting in effect</skipped></testcase><testcase classname="src.pymortests.vectorarray" file="src/pymortests/vectorarray.py" line="242" name="test_copy_repeated_index[0-&lt;lambda&gt;15]" time="0.00040268898010253906"><skipped message="Suite splitting in effect" type="pytest.skip">src/pymortests/vectorarray.py:242: Suite splitting in effect</skipped></testcase><testcase classname="src.pymortests.vectorarray" file="src/pymortests/vectorarray.py" line="242" name="test_copy_repeated_index[0-&lt;lambda&gt;16]" time="0.0004153251647949219"><skipped message="Suite splitting in effect" type="pytest.skip">src/pymortests/vectorarray.py:242: Suite splitting in effect</skipped></testcase><testcase classname="src.pymortests.vectorarray" file="src/pymortests/vectorarray.py" line="242" name="test_copy_repeated_index[0-&lt;lambda&gt;17]" time="0.0004248619079589844"><skipped message="Suite splitting in effect" type="pytest.skip">src/pymortests/vectorarray.py:242: Suite splitting in effect</skipped></testcase><testcase classname="src.pymortests.vectorarray" file="src/pymortests/vectorarray.py" line="242" name="test_copy_repeated_index[0-&lt;lambda&gt;18]" time="0.0004353523254394531"><skipped message="Suite splitting in effect" type="pytest.skip">src/pymortests/vectorarray.py:242: Suite splitting in effect</skipped></testcase><testcase classname="src.pymortests.vectorarray" file="src/pymortests/vectorarray.py" line="242" name="test_copy_repeated_index[0-&lt;lambda&gt;19]" time="0.00038909912109375"><skipped message="Suite splitting in effect" type="pytest.skip">src/pymortests/vectorarray.py:242: Suite splitting in effect</skipped></testcase><testcase classname="src.pymortests.vectorarray" file="src/pymortests/vectorarray.py" line="242" name="test_copy_repeated_index[0-&lt;lambda&gt;20]" time="0.0004398822784423828"><skipped message="Suite splitting in effect" type="pytest.skip">src/pymortests/vectorarray.py:242: Suite splitting in effect</skipped></testcase><testcase classname="src.pymortests.vectorarray" file="src/pymortests/vectorarray.py" line="242" name="test_copy_repeated_index[0-&lt;lambda&gt;21]" time="0.0004184246063232422"><skipped message="Suite splitting in effect" type="pytest.skip">src/pymortests/vectorarray.py:242: Suite splitting in effect</skipped></testcase><testcase classname="src.pymortests.vectorarray" file="src/pymortests/vectorarray.py" line="242" name="test_copy_repeated_index[0-&lt;lambda&gt;22]" time="0.000423431396484375"><skipped message="Suite splitting in effect" type="pytest.skip">src/pymortests/vectorarray.py:242: Suite splitting in effect</skipped></testcase><testcase classname="src.pymortests.vectorarray" file="src/pymortests/vectorarray.py" line="242" name="test_copy_repeated_index[0-&lt;lambda&gt;23]" time="0.0004019737243652344"><skipped message="Suite splitting in effect" type="pytest.skip">src/pymortests/vectorarray.py:242: Suite splitting in effect</skipped></testcase><testcase classname="src.pymortests.vectorarray" file="src/pymortests/vectorarray.py" line="242" name="test_copy_repeated_index[0-&lt;lambda&gt;24]" time="0.00042939186096191406"><skipped message="Suite splitting in effect" type="pytest.skip">src/pymortests/vectorarray.py:242: Suite splitting in effect</skipped></testcase><testcase classname="src.pymortests.vectorarray" file="src/pymortests/vectorarray.py" line="242" name="test_copy_repeated_index[0-&lt;lambda&gt;25]" time="0.0004277229309082031"><skipped message="Suite splitting in effect" type="pytest.skip">src/pymortests/vectorarray.py:242: Suite splitting in effect</skipped></testcase><testcase classname="src.pymortests.vectorarray" file="src/pymortests/vectorarray.py" line="242" name="test_copy_repeated_index[0-&lt;lambda&gt;26]" time="0.0004279613494873047"><skipped message="Suite splitting in effect" type="pytest.skip">src/pymortests/vectorarray.py:242: Suite splitting in effect</skipped></testcase><testcase classname="src.pymortests.vectorarray" file="src/pymortests/vectorarray.py" line="242" name="test_copy_repeated_index[1-&lt;lambda&gt;0]" time="0.0004405975341796875"><skipped message="Suite splitting in effect" type="pytest.skip">src/pymortests/vectorarray.py:242: Suite splitting in effect</skipped></testcase><testcase classname="src.pymortests.vectorarray" file="src/pymortests/vectorarray.py" line="242" name="test_copy_repeated_index[1-&lt;lambda&gt;1]" time="0.0004096031188964844"><skipped message="Suite splitting in effect" type="pytest.skip">src/pymortests/vectorarray.py:242: Suite splitting in effect</skipped></testcase><testcase classname="src.pymortests.vectorarray" file="src/pymortests/vectorarray.py" line="242" name="test_copy_repeated_index[1-&lt;lambda&gt;2]" time="0.00041484832763671875"><skipped message="Suite splitting in effect" type="pytest.skip">src/pymortests/vectorarray.py:242: Suite splitting in effect</skipped></testcase><testcase classname="src.pymortests.vectorarray" file="src/pymortests/vectorarray.py" line="242" name="test_copy_repeated_index[1-&lt;lambda&gt;3]" time="0.00041222572326660156"><skipped message="Suite splitting in effect" type="pytest.skip">src/pymortests/vectorarray.py:242: Suite splitting in effect</skipped></testcase><testcase classname="src.pymortests.vectorarray" file="src/pymortests/vectorarray.py" line="242" name="test_copy_repeated_index[1-&lt;lambda&gt;4]" time="0.00042724609375"><skipped message="Suite splitting in effect" type="pytest.skip">src/pymortests/vectorarray.py:242: Suite splitting in effect</skipped></testcase><testcase classname="src.pymortests.vectorarray" file="src/pymortests/vectorarray.py" line="242" name="test_copy_repeated_index[1-&lt;lambda&gt;5]" time="0.0004105567932128906"><skipped message="Suite splitting in effect" type="pytest.skip">src/pymortests/vectorarray.py:242: Suite splitting in effect</skipped></testcase><testcase classname="src.pymortests.vectorarray" file="src/pymortests/vectorarray.py" line="242" name="test_copy_repeated_index[1-&lt;lambda&gt;6]" time="0.0004031658172607422"><skipped message="Suite splitting in effect" type="pytest.skip">src/pymortests/vectorarray.py:242: Suite splitting in effect</skipped></testcase><testcase classname="src.pymortests.vectorarray" file="src/pymortests/vectorarray.py" line="242" name="test_copy_repeated_index[1-&lt;lambda&gt;7]" time="0.0004143714904785156"><skipped message="Suite splitting in effect" type="pytest.skip">src/pymortests/vectorarray.py:242: Suite splitting in effect</skipped></testcase><testcase classname="src.pymortests.vectorarray" file="src/pymortests/vectorarray.py" line="242" name="test_copy_repeated_index[1-&lt;lambda&gt;8]" time="0.0004088878631591797"><skipped message="Suite splitting in effect" type="pytest.skip">src/pymortests/vectorarray.py:242: Suite splitting in effect</skipped></testcase><testcase classname="src.pymortests.vectorarray" file="src/pymortests/vectorarray.py" line="242" name="test_copy_repeated_index[1-&lt;lambda&gt;9]" time="0.0004208087921142578"><skipped message="Suite splitting in effect" type="pytest.skip">src/pymortests/vectorarray.py:242: Suite splitting in effect</skipped></testcase><testcase classname="src.pymortests.vectorarray" file="src/pymortests/vectorarray.py" line="242" name="test_copy_repeated_index[1-&lt;lambda&gt;10]" time="0.00039005279541015625"><skipped message="Suite splitting in effect" type="pytest.skip">src/pymortests/vectorarray.py:242: Suite splitting in effect</skipped></testcase><testcase classname="src.pymortests.vectorarray" file="src/pymortests/vectorarray.py" line="242" name="test_copy_repeated_index[1-&lt;lambda&gt;11]" time="0.00041484832763671875"><skipped message="Suite splitting in effect" type="pytest.skip">src/pymortests/vectorarray.py:242: Suite splitting in effect</skipped></testcase><testcase classname="src.pymortests.vectorarray" file="src/pymortests/vectorarray.py" line="242" name="test_copy_repeated_index[1-&lt;lambda&gt;12]" time="0.0005083084106445312"><skipped message="Suite splitting in effect" type="pytest.skip">src/pymortests/vectorarray.py:242: Suite splitting in effect</skipped></testcase><testcase classname="src.pymortests.vectorarray" file="src/pymortests/vectorarray.py" line="242" name="test_copy_repeated_index[1-&lt;lambda&gt;13]" time="0.0004181861877441406"><skipped message="Suite splitting in effect" type="pytest.skip">src/pymortests/vectorarray.py:242: Suite splitting in effect</skipped></testcase><testcase classname="src.pymortests.vectorarray" file="src/pymortests/vectorarray.py" line="242" name="test_copy_repeated_index[1-&lt;lambda&gt;14]" time="0.00041484832763671875"><skipped message="Suite splitting in effect" type="pytest.skip">src/pymortests/vectorarray.py:242: Suite splitting in effect</skipped></testcase><testcase classname="src.pymortests.vectorarray" file="src/pymortests/vectorarray.py" line="242" name="test_copy_repeated_index[1-&lt;lambda&gt;15]" time="0.0004315376281738281"><skipped message="Suite splitting in effect" type="pytest.skip">src/pymortests/vectorarray.py:242: Suite splitting in effect</skipped></testcase><testcase classname="src.pymortests.vectorarray" file="src/pymortests/vectorarray.py" line="242" name="test_copy_repeated_index[1-&lt;lambda&gt;16]" time="0.00040459632873535156"><skipped message="Suite splitting in effect" type="pytest.skip">src/pymortests/vectorarray.py:242: Suite splitting in effect</skipped></testcase><testcase classname="src.pymortests.vectorarray" file="src/pymortests/vectorarray.py" line="242" name="test_copy_repeated_index[1-&lt;lambda&gt;17]" time="0.0004241466522216797"><skipped message="Suite splitting in effect" type="pytest.skip">src/pymortests/vectorarray.py:242: Suite splitting in effect</skipped></testcase><testcase classname="src.pymortests.vectorarray" file="src/pymortests/vectorarray.py" line="242" name="test_copy_repeated_index[1-&lt;lambda&gt;18]" time="0.0004334449768066406"><skipped message="Suite splitting in effect" type="pytest.skip">src/pymortests/vectorarray.py:242: Suite splitting in effect</skipped></testcase><testcase classname="src.pymortests.vectorarray" file="src/pymortests/vectorarray.py" line="242" name="test_copy_repeated_index[1-&lt;lambda&gt;19]" time="0.0004165172576904297"><skipped message="Suite splitting in effect" type="pytest.skip">src/pymortests/vectorarray.py:242: Suite splitting in effect</skipped></testcase><testcase classname="src.pymortests.vectorarray" file="src/pymortests/vectorarray.py" line="242" name="test_copy_repeated_index[1-&lt;lambda&gt;20]" time="0.000400543212890625"><skipped message="Suite splitting in effect" type="pytest.skip">src/pymortests/vectorarray.py:242: Suite splitting in effect</skipped></testcase><testcase classname="src.pymortests.vectorarray" file="src/pymortests/vectorarray.py" line="242" name="test_copy_repeated_index[1-&lt;lambda&gt;21]" time="0.0004229545593261719"><skipped message="Suite splitting in effect" type="pytest.skip">src/pymortests/vectorarray.py:242: Suite splitting in effect</skipped></testcase><testcase classname="src.pymortests.vectorarray" file="src/pymortests/vectorarray.py" line="242" name="test_copy_repeated_index[1-&lt;lambda&gt;22]" time="0.0003981590270996094"><skipped message="Suite splitting in effect" type="pytest.skip">src/pymortests/vectorarray.py:242: Suite splitting in effect</skipped></testcase><testcase classname="src.pymortests.vectorarray" file="src/pymortests/vectorarray.py" line="242" name="test_copy_repeated_index[1-&lt;lambda&gt;23]" time="0.00039696693420410156"><skipped message="Suite splitting in effect" type="pytest.skip">src/pymortests/vectorarray.py:242: Suite splitting in effect</skipped></testcase><testcase classname="src.pymortests.vectorarray" file="src/pymortests/vectorarray.py" line="242" name="test_copy_repeated_index[1-&lt;lambda&gt;24]" time="0.0004088878631591797"><skipped message="Suite splitting in effect" type="pytest.skip">src/pymortests/vectorarray.py:242: Suite splitting in effect</skipped></testcase><testcase classname="src.pymortests.vectorarray" file="src/pymortests/vectorarray.py" line="242" name="test_copy_repeated_index[1-&lt;lambda&gt;25]" time="0.00041222572326660156"><skipped message="Suite splitting in effect" type="pytest.skip">src/pymortests/vectorarray.py:242: Suite splitting in effect</skipped></testcase><testcase classname="src.pymortests.vectorarray" file="src/pymortests/vectorarray.py" line="242" name="test_copy_repeated_index[1-&lt;lambda&gt;26]" time="0.0004172325134277344"><skipped message="Suite splitting in effect" type="pytest.skip">src/pymortests/vectorarray.py:242: Suite splitting in effect</skipped></testcase><testcase classname="src.pymortests.vectorarray" file="src/pymortests/vectorarray.py" line="242" name="test_copy_repeated_index[2-&lt;lambda&gt;0]" time="0.0003955364227294922"><skipped message="Suite splitting in effect" type="pytest.skip">src/pymortests/vectorarray.py:242: Suite splitting in effect</skipped></testcase><testcase classname="src.pymortests.vectorarray" file="src/pymortests/vectorarray.py" line="242" name="test_copy_repeated_index[2-&lt;lambda&gt;1]" time="0.00040841102600097656"><skipped message="Suite splitting in effect" type="pytest.skip">src/pymortests/vectorarray.py:242: Suite splitting in effect</skipped></testcase><testcase classname="src.pymortests.vectorarray" file="src/pymortests/vectorarray.py" line="242" name="test_copy_repeated_index[2-&lt;lambda&gt;2]" time="0.0003943443298339844"><skipped message="Suite splitting in effect" type="pytest.skip">src/pymortests/vectorarray.py:242: Suite splitting in effect</skipped></testcase><testcase classname="src.pymortests.vectorarray" file="src/pymortests/vectorarray.py" line="242" name="test_copy_repeated_index[2-&lt;lambda&gt;3]" time="0.0004298686981201172"><skipped message="Suite splitting in effect" type="pytest.skip">src/pymortests/vectorarray.py:242: Suite splitting in effect</skipped></testcase><testcase classname="src.pymortests.vectorarray" file="src/pymortests/vectorarray.py" line="242" name="test_copy_repeated_index[2-&lt;lambda&gt;4]" time="0.0004169940948486328"><skipped message="Suite splitting in effect" type="pytest.skip">src/pymortests/vectorarray.py:242: Suite splitting in effect</skipped></testcase><testcase classname="src.pymortests.vectorarray" file="src/pymortests/vectorarray.py" line="242" name="test_copy_repeated_index[2-&lt;lambda&gt;5]" time="0.0004360675811767578"><skipped message="Suite splitting in effect" type="pytest.skip">src/pymortests/vectorarray.py:242: Suite splitting in effect</skipped></testcase><testcase classname="src.pymortests.vectorarray" file="src/pymortests/vectorarray.py" line="242" name="test_copy_repeated_index[2-&lt;lambda&gt;6]" time="0.00042939186096191406"><skipped message="Suite splitting in effect" type="pytest.skip">src/pymortests/vectorarray.py:242: Suite splitting in effect</skipped></testcase><testcase classname="src.pymortests.vectorarray" file="src/pymortests/vectorarray.py" line="242" name="test_copy_repeated_index[2-&lt;lambda&gt;7]" time="0.00041937828063964844"><skipped message="Suite splitting in effect" type="pytest.skip">src/pymortests/vectorarray.py:242: Suite splitting in effect</skipped></testcase><testcase classname="src.pymortests.vectorarray" file="src/pymortests/vectorarray.py" line="242" name="test_copy_repeated_index[2-&lt;lambda&gt;8]" time="0.0004086494445800781"><skipped message="Suite splitting in effect" type="pytest.skip">src/pymortests/vectorarray.py:242: Suite splitting in effect</skipped></testcase><testcase classname="src.pymortests.vectorarray" file="src/pymortests/vectorarray.py" line="242" name="test_copy_repeated_index[2-&lt;lambda&gt;9]" time="0.00041484832763671875"><skipped message="Suite splitting in effect" type="pytest.skip">src/pymortests/vectorarray.py:242: Suite splitting in effect</skipped></testcase><testcase classname="src.pymortests.vectorarray" file="src/pymortests/vectorarray.py" line="242" name="test_copy_repeated_index[2-&lt;lambda&gt;10]" time="0.00043487548828125"><skipped message="Suite splitting in effect" type="pytest.skip">src/pymortests/vectorarray.py:242: Suite splitting in effect</skipped></testcase><testcase classname="src.pymortests.vectorarray" file="src/pymortests/vectorarray.py" line="242" name="test_copy_repeated_index[2-&lt;lambda&gt;11]" time="0.0003921985626220703"><skipped message="Suite splitting in effect" type="pytest.skip">src/pymortests/vectorarray.py:242: Suite splitting in effect</skipped></testcase><testcase classname="src.pymortests.vectorarray" file="src/pymortests/vectorarray.py" line="242" name="test_copy_repeated_index[2-&lt;lambda&gt;12]" time="0.0004076957702636719"><skipped message="Suite splitting in effect" type="pytest.skip">src/pymortests/vectorarray.py:242: Suite splitting in effect</skipped></testcase><testcase classname="src.pymortests.vectorarray" file="src/pymortests/vectorarray.py" line="242" name="test_copy_repeated_index[2-&lt;lambda&gt;13]" time="0.00040650367736816406"><skipped message="Suite splitting in effect" type="pytest.skip">src/pymortests/vectorarray.py:242: Suite splitting in effect</skipped></testcase><testcase classname="src.pymortests.vectorarray" file="src/pymortests/vectorarray.py" line="242" name="test_copy_repeated_index[2-&lt;lambda&gt;14]" time="0.00040411949157714844"><skipped message="Suite splitting in effect" type="pytest.skip">src/pymortests/vectorarray.py:242: Suite splitting in effect</skipped></testcase><testcase classname="src.pymortests.vectorarray" file="src/pymortests/vectorarray.py" line="242" name="test_copy_repeated_index[2-&lt;lambda&gt;15]" time="0.0004162788391113281"><skipped message="Suite splitting in effect" type="pytest.skip">src/pymortests/vectorarray.py:242: Suite splitting in effect</skipped></testcase><testcase classname="src.pymortests.vectorarray" file="src/pymortests/vectorarray.py" line="242" name="test_copy_repeated_index[2-&lt;lambda&gt;16]" time="0.0004291534423828125"><skipped message="Suite splitting in effect" type="pytest.skip">src/pymortests/vectorarray.py:242: Suite splitting in effect</skipped></testcase><testcase classname="src.pymortests.vectorarray" file="src/pymortests/vectorarray.py" line="242" name="test_copy_repeated_index[2-&lt;lambda&gt;17]" time="0.0003898143768310547"><skipped message="Suite splitting in effect" type="pytest.skip">src/pymortests/vectorarray.py:242: Suite splitting in effect</skipped></testcase><testcase classname="src.pymortests.vectorarray" file="src/pymortests/vectorarray.py" line="242" name="test_copy_repeated_index[2-&lt;lambda&gt;18]" time="0.00040078163146972656"><skipped message="Suite splitting in effect" type="pytest.skip">src/pymortests/vectorarray.py:242: Suite splitting in effect</skipped></testcase><testcase classname="src.pymortests.vectorarray" file="src/pymortests/vectorarray.py" line="242" name="test_copy_repeated_index[2-&lt;lambda&gt;19]" time="0.0004246234893798828"><skipped message="Suite splitting in effect" type="pytest.skip">src/pymortests/vectorarray.py:242: Suite splitting in effect</skipped></testcase><testcase classname="src.pymortests.vectorarray" file="src/pymortests/vectorarray.py" line="242" name="test_copy_repeated_index[2-&lt;lambda&gt;20]" time="0.0003998279571533203"><skipped message="Suite splitting in effect" type="pytest.skip">src/pymortests/vectorarray.py:242: Suite splitting in effect</skipped></testcase><testcase classname="src.pymortests.vectorarray" file="src/pymortests/vectorarray.py" line="242" name="test_copy_repeated_index[2-&lt;lambda&gt;21]" time="0.0003962516784667969"><skipped message="Suite splitting in effect" type="pytest.skip">src/pymortests/vectorarray.py:242: Suite splitting in effect</skipped></testcase><testcase classname="src.pymortests.vectorarray" file="src/pymortests/vectorarray.py" line="242" name="test_copy_repeated_index[2-&lt;lambda&gt;22]" time="0.0004100799560546875"><skipped message="Suite splitting in effect" type="pytest.skip">src/pymortests/vectorarray.py:242: Suite splitting in effect</skipped></testcase><testcase classname="src.pymortests.vectorarray" file="src/pymortests/vectorarray.py" line="242" name="test_copy_repeated_index[2-&lt;lambda&gt;23]" time="0.0004093647003173828"><skipped message="Suite splitting in effect" type="pytest.skip">src/pymortests/vectorarray.py:242: Suite splitting in effect</skipped></testcase><testcase classname="src.pymortests.vectorarray" file="src/pymortests/vectorarray.py" line="242" name="test_copy_repeated_index[2-&lt;lambda&gt;24]" time="0.0004665851593017578"><skipped message="Suite splitting in effect" type="pytest.skip">src/pymortests/vectorarray.py:242: Suite splitting in effect</skipped></testcase><testcase classname="src.pymortests.vectorarray" file="src/pymortests/vectorarray.py" line="242" name="test_copy_repeated_index[2-&lt;lambda&gt;25]" time="0.00041794776916503906"><skipped message="Suite splitting in effect" type="pytest.skip">src/pymortests/vectorarray.py:242: Suite splitting in effect</skipped></testcase><testcase classname="src.pymortests.vectorarray" file="src/pymortests/vectorarray.py" line="242" name="test_copy_repeated_index[2-&lt;lambda&gt;26]" time="0.00041675567626953125"><skipped message="Suite splitting in effect" type="pytest.skip">src/pymortests/vectorarray.py:242: Suite splitting in effect</skipped></testcase><testcase classname="src.pymortests.vectorarray" file="src/pymortests/vectorarray.py" line="264" name="test_append[compatible_vector_array_pair0-&lt;lambda&gt;0]" time="0.00041484832763671875"><skipped message="Suite splitting in effect" type="pytest.skip">src/pymortests/vectorarray.py:264: Suite splitting in effect</skipped></testcase><testcase classname="src.pymortests.vectorarray" file="src/pymortests/vectorarray.py" line="264" name="test_append[compatible_vector_array_pair0-&lt;lambda&gt;1]" time="0.00043654441833496094"><skipped message="Suite splitting in effect" type="pytest.skip">src/pymortests/vectorarray.py:264: Suite splitting in effect</skipped></testcase><testcase classname="src.pymortests.vectorarray" file="src/pymortests/vectorarray.py" line="264" name="test_append[compatible_vector_array_pair0-&lt;lambda&gt;2]" time="0.0004138946533203125"><skipped message="Suite splitting in effect" type="pytest.skip">src/pymortests/vectorarray.py:264: Suite splitting in effect</skipped></testcase><testcase classname="src.pymortests.vectorarray" file="src/pymortests/vectorarray.py" line="264" name="test_append[compatible_vector_array_pair0-&lt;lambda&gt;3]" time="0.0004258155822753906"><skipped message="Suite splitting in effect" type="pytest.skip">src/pymortests/vectorarray.py:264: Suite splitting in effect</skipped></testcase><testcase classname="src.pymortests.vectorarray" file="src/pymortests/vectorarray.py" line="264" name="test_append[compatible_vector_array_pair0-&lt;lambda&gt;4]" time="0.00039505958557128906"><skipped message="Suite splitting in effect" type="pytest.skip">src/pymortests/vectorarray.py:264: Suite splitting in effect</skipped></testcase><testcase classname="src.pymortests.vectorarray" file="src/pymortests/vectorarray.py" line="264" name="test_append[compatible_vector_array_pair0-&lt;lambda&gt;5]" time="0.0004315376281738281"><skipped message="Suite splitting in effect" type="pytest.skip">src/pymortests/vectorarray.py:264: Suite splitting in effect</skipped></testcase><testcase classname="src.pymortests.vectorarray" file="src/pymortests/vectorarray.py" line="264" name="test_append[compatible_vector_array_pair0-&lt;lambda&gt;6]" time="0.0004363059997558594"><skipped message="Suite splitting in effect" type="pytest.skip">src/pymortests/vectorarray.py:264: Suite splitting in effect</skipped></testcase><testcase classname="src.pymortests.vectorarray" file="src/pymortests/vectorarray.py" line="264" name="test_append[compatible_vector_array_pair0-&lt;lambda&gt;7]" time="0.0004298686981201172"><skipped message="Suite splitting in effect" type="pytest.skip">src/pymortests/vectorarray.py:264: Suite splitting in effect</skipped></testcase><testcase classname="src.pymortests.vectorarray" file="src/pymortests/vectorarray.py" line="264" name="test_append[compatible_vector_array_pair0-&lt;lambda&gt;8]" time="0.0004010200500488281"><skipped message="Suite splitting in effect" type="pytest.skip">src/pymortests/vectorarray.py:264: Suite splitting in effect</skipped></testcase><testcase classname="src.pymortests.vectorarray" file="src/pymortests/vectorarray.py" line="264" name="test_append[compatible_vector_array_pair0-&lt;lambda&gt;9]" time="0.0004565715789794922"><skipped message="Suite splitting in effect" type="pytest.skip">src/pymortests/vectorarray.py:264: Suite splitting in effect</skipped></testcase><testcase classname="src.pymortests.vectorarray" file="src/pymortests/vectorarray.py" line="264" name="test_append[compatible_vector_array_pair0-&lt;lambda&gt;10]" time="0.0004138946533203125"><skipped message="Suite splitting in effect" type="pytest.skip">src/pymortests/vectorarray.py:264: Suite splitting in effect</skipped></testcase><testcase classname="src.pymortests.vectorarray" file="src/pymortests/vectorarray.py" line="264" name="test_append[compatible_vector_array_pair0-&lt;lambda&gt;11]" time="0.0004074573516845703"><skipped message="Suite splitting in effect" type="pytest.skip">src/pymortests/vectorarray.py:264: Suite splitting in effect</skipped></testcase><testcase classname="src.pymortests.vectorarray" file="src/pymortests/vectorarray.py" line="264" name="test_append[compatible_vector_array_pair0-&lt;lambda&gt;12]" time="0.0004417896270751953"><skipped message="Suite splitting in effect" type="pytest.skip">src/pymortests/vectorarray.py:264: Suite splitting in effect</skipped></testcase><testcase classname="src.pymortests.vectorarray" file="src/pymortests/vectorarray.py" line="264" name="test_append[compatible_vector_array_pair0-&lt;lambda&gt;13]" time="0.00040793418884277344"><skipped message="Suite splitting in effect" type="pytest.skip">src/pymortests/vectorarray.py:264: Suite splitting in effect</skipped></testcase><testcase classname="src.pymortests.vectorarray" file="src/pymortests/vectorarray.py" line="264" name="test_append[compatible_vector_array_pair0-&lt;lambda&gt;14]" time="0.00039887428283691406"><skipped message="Suite splitting in effect" type="pytest.skip">src/pymortests/vectorarray.py:264: Suite splitting in effect</skipped></testcase><testcase classname="src.pymortests.vectorarray" file="src/pymortests/vectorarray.py" line="264" name="test_append[compatible_vector_array_pair0-&lt;lambda&gt;15]" time="0.0004296302795410156"><skipped message="Suite splitting in effect" type="pytest.skip">src/pymortests/vectorarray.py:264: Suite splitting in effect</skipped></testcase><testcase classname="src.pymortests.vectorarray" file="src/pymortests/vectorarray.py" line="264" name="test_append[compatible_vector_array_pair0-&lt;lambda&gt;16]" time="0.00039839744567871094"><skipped message="Suite splitting in effect" type="pytest.skip">src/pymortests/vectorarray.py:264: Suite splitting in effect</skipped></testcase><testcase classname="src.pymortests.vectorarray" file="src/pymortests/vectorarray.py" line="264" name="test_append[compatible_vector_array_pair0-&lt;lambda&gt;17]" time="0.0006420612335205078"><skipped message="Suite splitting in effect" type="pytest.skip">src/pymortests/vectorarray.py:264: Suite splitting in effect</skipped></testcase><testcase classname="src.pymortests.vectorarray" file="src/pymortests/vectorarray.py" line="264" name="test_append[compatible_vector_array_pair0-&lt;lambda&gt;18]" time="0.0004367828369140625"><skipped message="Suite splitting in effect" type="pytest.skip">src/pymortests/vectorarray.py:264: Suite splitting in effect</skipped></testcase><testcase classname="src.pymortests.vectorarray" file="src/pymortests/vectorarray.py" line="264" name="test_append[compatible_vector_array_pair0-&lt;lambda&gt;19]" time="0.00039005279541015625"><skipped message="Suite splitting in effect" type="pytest.skip">src/pymortests/vectorarray.py:264: Suite splitting in effect</skipped></testcase><testcase classname="src.pymortests.vectorarray" file="src/pymortests/vectorarray.py" line="264" name="test_append[compatible_vector_array_pair0-&lt;lambda&gt;20]" time="0.00042057037353515625"><skipped message="Suite splitting in effect" type="pytest.skip">src/pymortests/vectorarray.py:264: Suite splitting in effect</skipped></testcase><testcase classname="src.pymortests.vectorarray" file="src/pymortests/vectorarray.py" line="264" name="test_append[compatible_vector_array_pair0-&lt;lambda&gt;21]" time="0.00039386749267578125"><skipped message="Suite splitting in effect" type="pytest.skip">src/pymortests/vectorarray.py:264: Suite splitting in effect</skipped></testcase><testcase classname="src.pymortests.vectorarray" file="src/pymortests/vectorarray.py" line="264" name="test_append[compatible_vector_array_pair0-&lt;lambda&gt;22]" time="0.0004317760467529297"><skipped message="Suite splitting in effect" type="pytest.skip">src/pymortests/vectorarray.py:264: Suite splitting in effect</skipped></testcase><testcase classname="src.pymortests.vectorarray" file="src/pymortests/vectorarray.py" line="264" name="test_append[compatible_vector_array_pair0-&lt;lambda&gt;23]" time="0.0004260540008544922"><skipped message="Suite splitting in effect" type="pytest.skip">src/pymortests/vectorarray.py:264: Suite splitting in effect</skipped></testcase><testcase classname="src.pymortests.vectorarray" file="src/pymortests/vectorarray.py" line="264" name="test_append[compatible_vector_array_pair0-&lt;lambda&gt;24]" time="0.0004673004150390625"><skipped message="Suite splitting in effect" type="pytest.skip">src/pymortests/vectorarray.py:264: Suite splitting in effect</skipped></testcase><testcase classname="src.pymortests.vectorarray" file="src/pymortests/vectorarray.py" line="264" name="test_append[compatible_vector_array_pair0-&lt;lambda&gt;25]" time="0.00041174888610839844"><skipped message="Suite splitting in effect" type="pytest.skip">src/pymortests/vectorarray.py:264: Suite splitting in effect</skipped></testcase><testcase classname="src.pymortests.vectorarray" file="src/pymortests/vectorarray.py" line="264" name="test_append[compatible_vector_array_pair0-&lt;lambda&gt;26]" time="0.0004093647003173828"><skipped message="Suite splitting in effect" type="pytest.skip">src/pymortests/vectorarray.py:264: Suite splitting in effect</skipped></testcase><testcase classname="src.pymortests.vectorarray" file="src/pymortests/vectorarray.py" line="264" name="test_append[compatible_vector_array_pair0-&lt;lambda&gt;27]" time="0.0004119873046875"><skipped message="Suite splitting in effect" type="pytest.skip">src/pymortests/vectorarray.py:264: Suite splitting in effect</skipped></testcase><testcase classname="src.pymortests.vectorarray" file="src/pymortests/vectorarray.py" line="264" name="test_append[compatible_vector_array_pair0-&lt;lambda&gt;28]" time="0.00041365623474121094"><skipped message="Suite splitting in effect" type="pytest.skip">src/pymortests/vectorarray.py:264: Suite splitting in effect</skipped></testcase><testcase classname="src.pymortests.vectorarray" file="src/pymortests/vectorarray.py" line="264" name="test_append[compatible_vector_array_pair0-&lt;lambda&gt;29]" time="0.0003905296325683594"><skipped message="Suite splitting in effect" type="pytest.skip">src/pymortests/vectorarray.py:264: Suite splitting in effect</skipped></testcase><testcase classname="src.pymortests.vectorarray" file="src/pymortests/vectorarray.py" line="264" name="test_append[compatible_vector_array_pair1-&lt;lambda&gt;0]" time="0.0004107952117919922"><skipped message="Suite splitting in effect" type="pytest.skip">src/pymortests/vectorarray.py:264: Suite splitting in effect</skipped></testcase><testcase classname="src.pymortests.vectorarray" file="src/pymortests/vectorarray.py" line="264" name="test_append[compatible_vector_array_pair1-&lt;lambda&gt;1]" time="0.0004119873046875"><skipped message="Suite splitting in effect" type="pytest.skip">src/pymortests/vectorarray.py:264: Suite splitting in effect</skipped></testcase><testcase classname="src.pymortests.vectorarray" file="src/pymortests/vectorarray.py" line="264" name="test_append[compatible_vector_array_pair1-&lt;lambda&gt;2]" time="0.0004162788391113281"><skipped message="Suite splitting in effect" type="pytest.skip">src/pymortests/vectorarray.py:264: Suite splitting in effect</skipped></testcase><testcase classname="src.pymortests.vectorarray" file="src/pymortests/vectorarray.py" line="264" name="test_append[compatible_vector_array_pair1-&lt;lambda&gt;3]" time="0.0004210472106933594"><skipped message="Suite splitting in effect" type="pytest.skip">src/pymortests/vectorarray.py:264: Suite splitting in effect</skipped></testcase><testcase classname="src.pymortests.vectorarray" file="src/pymortests/vectorarray.py" line="264" name="test_append[compatible_vector_array_pair1-&lt;lambda&gt;4]" time="0.0004208087921142578"><skipped message="Suite splitting in effect" type="pytest.skip">src/pymortests/vectorarray.py:264: Suite splitting in effect</skipped></testcase><testcase classname="src.pymortests.vectorarray" file="src/pymortests/vectorarray.py" line="264" name="test_append[compatible_vector_array_pair1-&lt;lambda&gt;5]" time="0.0003910064697265625"><skipped message="Suite splitting in effect" type="pytest.skip">src/pymortests/vectorarray.py:264: Suite splitting in effect</skipped></testcase><testcase classname="src.pymortests.vectorarray" file="src/pymortests/vectorarray.py" line="264" name="test_append[compatible_vector_array_pair1-&lt;lambda&gt;6]" time="0.0004413127899169922"><skipped message="Suite splitting in effect" type="pytest.skip">src/pymortests/vectorarray.py:264: Suite splitting in effect</skipped></testcase><testcase classname="src.pymortests.vectorarray" file="src/pymortests/vectorarray.py" line="264" name="test_append[compatible_vector_array_pair1-&lt;lambda&gt;7]" time="0.0004169940948486328"><skipped message="Suite splitting in effect" type="pytest.skip">src/pymortests/vectorarray.py:264: Suite splitting in effect</skipped></testcase><testcase classname="src.pymortests.vectorarray" file="src/pymortests/vectorarray.py" line="264" name="test_append[compatible_vector_array_pair1-&lt;lambda&gt;8]" time="0.00042891502380371094"><skipped message="Suite splitting in effect" type="pytest.skip">src/pymortests/vectorarray.py:264: Suite splitting in effect</skipped></testcase><testcase classname="src.pymortests.vectorarray" file="src/pymortests/vectorarray.py" line="264" name="test_append[compatible_vector_array_pair1-&lt;lambda&gt;9]" time="0.0004067420959472656"><skipped message="Suite splitting in effect" type="pytest.skip">src/pymortests/vectorarray.py:264: Suite splitting in effect</skipped></testcase><testcase classname="src.pymortests.vectorarray" file="src/pymortests/vectorarray.py" line="264" name="test_append[compatible_vector_array_pair1-&lt;lambda&gt;10]" time="0.0004432201385498047"><skipped message="Suite splitting in effect" type="pytest.skip">src/pymortests/vectorarray.py:264: Suite splitting in effect</skipped></testcase><testcase classname="src.pymortests.vectorarray" file="src/pymortests/vectorarray.py" line="264" name="test_append[compatible_vector_array_pair1-&lt;lambda&gt;11]" time="0.00041675567626953125"><skipped message="Suite splitting in effect" type="pytest.skip">src/pymortests/vectorarray.py:264: Suite splitting in effect</skipped></testcase><testcase classname="src.pymortests.vectorarray" file="src/pymortests/vectorarray.py" line="264" name="test_append[compatible_vector_array_pair1-&lt;lambda&gt;12]" time="0.0004138946533203125"><skipped message="Suite splitting in effect" type="pytest.skip">src/pymortests/vectorarray.py:264: Suite splitting in effect</skipped></testcase><testcase classname="src.pymortests.vectorarray" file="src/pymortests/vectorarray.py" line="264" name="test_append[compatible_vector_array_pair1-&lt;lambda&gt;13]" time="0.0004050731658935547"><skipped message="Suite splitting in effect" type="pytest.skip">src/pymortests/vectorarray.py:264: Suite splitting in effect</skipped></testcase><testcase classname="src.pymortests.vectorarray" file="src/pymortests/vectorarray.py" line="264" name="test_append[compatible_vector_array_pair1-&lt;lambda&gt;14]" time="0.0004100799560546875"><skipped message="Suite splitting in effect" type="pytest.skip">src/pymortests/vectorarray.py:264: Suite splitting in effect</skipped></testcase><testcase classname="src.pymortests.vectorarray" file="src/pymortests/vectorarray.py" line="264" name="test_append[compatible_vector_array_pair1-&lt;lambda&gt;15]" time="0.00040912628173828125"><skipped message="Suite splitting in effect" type="pytest.skip">src/pymortests/vectorarray.py:264: Suite splitting in effect</skipped></testcase><testcase classname="src.pymortests.vectorarray" file="src/pymortests/vectorarray.py" line="264" name="test_append[compatible_vector_array_pair1-&lt;lambda&gt;16]" time="0.0004291534423828125"><skipped message="Suite splitting in effect" type="pytest.skip">src/pymortests/vectorarray.py:264: Suite splitting in effect</skipped></testcase><testcase classname="src.pymortests.vectorarray" file="src/pymortests/vectorarray.py" line="264" name="test_append[compatible_vector_array_pair1-&lt;lambda&gt;17]" time="0.00043773651123046875"><skipped message="Suite splitting in effect" type="pytest.skip">src/pymortests/vectorarray.py:264: Suite splitting in effect</skipped></testcase><testcase classname="src.pymortests.vectorarray" file="src/pymortests/vectorarray.py" line="264" name="test_append[compatible_vector_array_pair1-&lt;lambda&gt;18]" time="0.0004115104675292969"><skipped message="Suite splitting in effect" type="pytest.skip">src/pymortests/vectorarray.py:264: Suite splitting in effect</skipped></testcase><testcase classname="src.pymortests.vectorarray" file="src/pymortests/vectorarray.py" line="264" name="test_append[compatible_vector_array_pair1-&lt;lambda&gt;19]" time="0.00041174888610839844"><skipped message="Suite splitting in effect" type="pytest.skip">src/pymortests/vectorarray.py:264: Suite splitting in effect</skipped></testcase><testcase classname="src.pymortests.vectorarray" file="src/pymortests/vectorarray.py" line="264" name="test_append[compatible_vector_array_pair1-&lt;lambda&gt;20]" time="0.0004105567932128906"><skipped message="Suite splitting in effect" type="pytest.skip">src/pymortests/vectorarray.py:264: Suite splitting in effect</skipped></testcase><testcase classname="src.pymortests.vectorarray" file="src/pymortests/vectorarray.py" line="264" name="test_append[compatible_vector_array_pair1-&lt;lambda&gt;21]" time="0.000392913818359375"><skipped message="Suite splitting in effect" type="pytest.skip">src/pymortests/vectorarray.py:264: Suite splitting in effect</skipped></testcase><testcase classname="src.pymortests.vectorarray" file="src/pymortests/vectorarray.py" line="264" name="test_append[compatible_vector_array_pair1-&lt;lambda&gt;22]" time="0.0004143714904785156"><skipped message="Suite splitting in effect" type="pytest.skip">src/pymortests/vectorarray.py:264: Suite splitting in effect</skipped></testcase><testcase classname="src.pymortests.vectorarray" file="src/pymortests/vectorarray.py" line="264" name="test_append[compatible_vector_array_pair1-&lt;lambda&gt;23]" time="0.0003921985626220703"><skipped message="Suite splitting in effect" type="pytest.skip">src/pymortests/vectorarray.py:264: Suite splitting in effect</skipped></testcase><testcase classname="src.pymortests.vectorarray" file="src/pymortests/vectorarray.py" line="264" name="test_append[compatible_vector_array_pair1-&lt;lambda&gt;24]" time="0.00044417381286621094"><skipped message="Suite splitting in effect" type="pytest.skip">src/pymortests/vectorarray.py:264: Suite splitting in effect</skipped></testcase><testcase classname="src.pymortests.vectorarray" file="src/pymortests/vectorarray.py" line="264" name="test_append[compatible_vector_array_pair1-&lt;lambda&gt;25]" time="0.0003902912139892578"><skipped message="Suite splitting in effect" type="pytest.skip">src/pymortests/vectorarray.py:264: Suite splitting in effect</skipped></testcase><testcase classname="src.pymortests.vectorarray" file="src/pymortests/vectorarray.py" line="264" name="test_append[compatible_vector_array_pair1-&lt;lambda&gt;26]" time="0.00044655799865722656"><skipped message="Suite splitting in effect" type="pytest.skip">src/pymortests/vectorarray.py:264: Suite splitting in effect</skipped></testcase><testcase classname="src.pymortests.vectorarray" file="src/pymortests/vectorarray.py" line="264" name="test_append[compatible_vector_array_pair1-&lt;lambda&gt;27]" time="0.0003924369812011719"><skipped message="Suite splitting in effect" type="pytest.skip">src/pymortests/vectorarray.py:264: Suite splitting in effect</skipped></testcase><testcase classname="src.pymortests.vectorarray" file="src/pymortests/vectorarray.py" line="264" name="test_append[compatible_vector_array_pair1-&lt;lambda&gt;28]" time="0.0011477470397949219"><skipped message="Suite splitting in effect" type="pytest.skip">src/pymortests/vectorarray.py:264: Suite splitting in effect</skipped></testcase><testcase classname="src.pymortests.vectorarray" file="src/pymortests/vectorarray.py" line="264" name="test_append[compatible_vector_array_pair1-&lt;lambda&gt;29]" time="0.0004093647003173828"><skipped message="Suite splitting in effect" type="pytest.skip">src/pymortests/vectorarray.py:264: Suite splitting in effect</skipped></testcase><testcase classname="src.pymortests.vectorarray" file="src/pymortests/vectorarray.py" line="264" name="test_append[compatible_vector_array_pair2-&lt;lambda&gt;0]" time="0.0004169940948486328"><skipped message="Suite splitting in effect" type="pytest.skip">src/pymortests/vectorarray.py:264: Suite splitting in effect</skipped></testcase><testcase classname="src.pymortests.vectorarray" file="src/pymortests/vectorarray.py" line="264" name="test_append[compatible_vector_array_pair2-&lt;lambda&gt;1]" time="0.000392913818359375"><skipped message="Suite splitting in effect" type="pytest.skip">src/pymortests/vectorarray.py:264: Suite splitting in effect</skipped></testcase><testcase classname="src.pymortests.vectorarray" file="src/pymortests/vectorarray.py" line="264" name="test_append[compatible_vector_array_pair2-&lt;lambda&gt;2]" time="0.00043845176696777344"><skipped message="Suite splitting in effect" type="pytest.skip">src/pymortests/vectorarray.py:264: Suite splitting in effect</skipped></testcase><testcase classname="src.pymortests.vectorarray" file="src/pymortests/vectorarray.py" line="264" name="test_append[compatible_vector_array_pair2-&lt;lambda&gt;3]" time="0.0004210472106933594"><skipped message="Suite splitting in effect" type="pytest.skip">src/pymortests/vectorarray.py:264: Suite splitting in effect</skipped></testcase><testcase classname="src.pymortests.vectorarray" file="src/pymortests/vectorarray.py" line="264" name="test_append[compatible_vector_array_pair2-&lt;lambda&gt;4]" time="0.000408172607421875"><skipped message="Suite splitting in effect" type="pytest.skip">src/pymortests/vectorarray.py:264: Suite splitting in effect</skipped></testcase><testcase classname="src.pymortests.vectorarray" file="src/pymortests/vectorarray.py" line="264" name="test_append[compatible_vector_array_pair2-&lt;lambda&gt;5]" time="0.00042319297790527344"><skipped message="Suite splitting in effect" type="pytest.skip">src/pymortests/vectorarray.py:264: Suite splitting in effect</skipped></testcase><testcase classname="src.pymortests.vectorarray" file="src/pymortests/vectorarray.py" line="264" name="test_append[compatible_vector_array_pair2-&lt;lambda&gt;6]" time="0.00042128562927246094"><skipped message="Suite splitting in effect" type="pytest.skip">src/pymortests/vectorarray.py:264: Suite splitting in effect</skipped></testcase><testcase classname="src.pymortests.vectorarray" file="src/pymortests/vectorarray.py" line="264" name="test_append[compatible_vector_array_pair2-&lt;lambda&gt;7]" time="0.00047326087951660156"><skipped message="Suite splitting in effect" type="pytest.skip">src/pymortests/vectorarray.py:264: Suite splitting in effect</skipped></testcase><testcase classname="src.pymortests.vectorarray" file="src/pymortests/vectorarray.py" line="264" name="test_append[compatible_vector_array_pair2-&lt;lambda&gt;8]" time="0.0003962516784667969"><skipped message="Suite splitting in effect" type="pytest.skip">src/pymortests/vectorarray.py:264: Suite splitting in effect</skipped></testcase><testcase classname="src.pymortests.vectorarray" file="src/pymortests/vectorarray.py" line="264" name="test_append[compatible_vector_array_pair2-&lt;lambda&gt;9]" time="0.000453948974609375"><skipped message="Suite splitting in effect" type="pytest.skip">src/pymortests/vectorarray.py:264: Suite splitting in effect</skipped></testcase><testcase classname="src.pymortests.vectorarray" file="src/pymortests/vectorarray.py" line="264" name="test_append[compatible_vector_array_pair2-&lt;lambda&gt;10]" time="0.00039839744567871094"><skipped message="Suite splitting in effect" type="pytest.skip">src/pymortests/vectorarray.py:264: Suite splitting in effect</skipped></testcase><testcase classname="src.pymortests.vectorarray" file="src/pymortests/vectorarray.py" line="264" name="test_append[compatible_vector_array_pair2-&lt;lambda&gt;11]" time="0.0004298686981201172"><skipped message="Suite splitting in effect" type="pytest.skip">src/pymortests/vectorarray.py:264: Suite splitting in effect</skipped></testcase><testcase classname="src.pymortests.vectorarray" file="src/pymortests/vectorarray.py" line="264" name="test_append[compatible_vector_array_pair2-&lt;lambda&gt;12]" time="0.00040078163146972656"><skipped message="Suite splitting in effect" type="pytest.skip">src/pymortests/vectorarray.py:264: Suite splitting in effect</skipped></testcase><testcase classname="src.pymortests.vectorarray" file="src/pymortests/vectorarray.py" line="264" name="test_append[compatible_vector_array_pair2-&lt;lambda&gt;13]" time="0.0004050731658935547"><skipped message="Suite splitting in effect" type="pytest.skip">src/pymortests/vectorarray.py:264: Suite splitting in effect</skipped></testcase><testcase classname="src.pymortests.vectorarray" file="src/pymortests/vectorarray.py" line="264" name="test_append[compatible_vector_array_pair2-&lt;lambda&gt;14]" time="0.0004119873046875"><skipped message="Suite splitting in effect" type="pytest.skip">src/pymortests/vectorarray.py:264: Suite splitting in effect</skipped></testcase><testcase classname="src.pymortests.vectorarray" file="src/pymortests/vectorarray.py" line="264" name="test_append[compatible_vector_array_pair2-&lt;lambda&gt;15]" time="0.0004019737243652344"><skipped message="Suite splitting in effect" type="pytest.skip">src/pymortests/vectorarray.py:264: Suite splitting in effect</skipped></testcase><testcase classname="src.pymortests.vectorarray" file="src/pymortests/vectorarray.py" line="264" name="test_append[compatible_vector_array_pair2-&lt;lambda&gt;16]" time="0.0004444122314453125"><skipped message="Suite splitting in effect" type="pytest.skip">src/pymortests/vectorarray.py:264: Suite splitting in effect</skipped></testcase><testcase classname="src.pymortests.vectorarray" file="src/pymortests/vectorarray.py" line="264" name="test_append[compatible_vector_array_pair2-&lt;lambda&gt;17]" time="0.000408172607421875"><skipped message="Suite splitting in effect" type="pytest.skip">src/pymortests/vectorarray.py:264: Suite splitting in effect</skipped></testcase><testcase classname="src.pymortests.vectorarray" file="src/pymortests/vectorarray.py" line="264" name="test_append[compatible_vector_array_pair2-&lt;lambda&gt;18]" time="0.00041794776916503906"><skipped message="Suite splitting in effect" type="pytest.skip">src/pymortests/vectorarray.py:264: Suite splitting in effect</skipped></testcase><testcase classname="src.pymortests.vectorarray" file="src/pymortests/vectorarray.py" line="264" name="test_append[compatible_vector_array_pair2-&lt;lambda&gt;19]" time="0.0004265308380126953"><skipped message="Suite splitting in effect" type="pytest.skip">src/pymortests/vectorarray.py:264: Suite splitting in effect</skipped></testcase><testcase classname="src.pymortests.vectorarray" file="src/pymortests/vectorarray.py" line="264" name="test_append[compatible_vector_array_pair2-&lt;lambda&gt;20]" time="0.0004215240478515625"><skipped message="Suite splitting in effect" type="pytest.skip">src/pymortests/vectorarray.py:264: Suite splitting in effect</skipped></testcase><testcase classname="src.pymortests.vectorarray" file="src/pymortests/vectorarray.py" line="264" name="test_append[compatible_vector_array_pair2-&lt;lambda&gt;21]" time="0.0003871917724609375"><skipped message="Suite splitting in effect" type="pytest.skip">src/pymortests/vectorarray.py:264: Suite splitting in effect</skipped></testcase><testcase classname="src.pymortests.vectorarray" file="src/pymortests/vectorarray.py" line="264" name="test_append[compatible_vector_array_pair2-&lt;lambda&gt;22]" time="0.00047326087951660156"><skipped message="Suite splitting in effect" type="pytest.skip">src/pymortests/vectorarray.py:264: Suite splitting in effect</skipped></testcase><testcase classname="src.pymortests.vectorarray" file="src/pymortests/vectorarray.py" line="264" name="test_append[compatible_vector_array_pair2-&lt;lambda&gt;23]" time="0.0003895759582519531"><skipped message="Suite splitting in effect" type="pytest.skip">src/pymortests/vectorarray.py:264: Suite splitting in effect</skipped></testcase><testcase classname="src.pymortests.vectorarray" file="src/pymortests/vectorarray.py" line="264" name="test_append[compatible_vector_array_pair2-&lt;lambda&gt;24]" time="0.00042700767517089844"><skipped message="Suite splitting in effect" type="pytest.skip">src/pymortests/vectorarray.py:264: Suite splitting in effect</skipped></testcase><testcase classname="src.pymortests.vectorarray" file="src/pymortests/vectorarray.py" line="264" name="test_append[compatible_vector_array_pair2-&lt;lambda&gt;25]" time="0.00039696693420410156"><skipped message="Suite splitting in effect" type="pytest.skip">src/pymortests/vectorarray.py:264: Suite splitting in effect</skipped></testcase><testcase classname="src.pymortests.vectorarray" file="src/pymortests/vectorarray.py" line="264" name="test_append[compatible_vector_array_pair2-&lt;lambda&gt;26]" time="0.0004305839538574219"><skipped message="Suite splitting in effect" type="pytest.skip">src/pymortests/vectorarray.py:264: Suite splitting in effect</skipped></testcase><testcase classname="src.pymortests.vectorarray" file="src/pymortests/vectorarray.py" line="264" name="test_append[compatible_vector_array_pair2-&lt;lambda&gt;27]" time="0.00041747093200683594"><skipped message="Suite splitting in effect" type="pytest.skip">src/pymortests/vectorarray.py:264: Suite splitting in effect</skipped></testcase><testcase classname="src.pymortests.vectorarray" file="src/pymortests/vectorarray.py" line="264" name="test_append[compatible_vector_array_pair2-&lt;lambda&gt;28]" time="0.00042366981506347656"><skipped message="Suite splitting in effect" type="pytest.skip">src/pymortests/vectorarray.py:264: Suite splitting in effect</skipped></testcase><testcase classname="src.pymortests.vectorarray" file="src/pymortests/vectorarray.py" line="264" name="test_append[compatible_vector_array_pair2-&lt;lambda&gt;29]" time="0.00041556358337402344"><skipped message="Suite splitting in effect" type="pytest.skip">src/pymortests/vectorarray.py:264: Suite splitting in effect</skipped></testcase><testcase classname="src.pymortests.vectorarray" file="src/pymortests/vectorarray.py" line="264" name="test_append[compatible_vector_array_pair3-&lt;lambda&gt;0]" time="0.00040340423583984375"><skipped message="Suite splitting in effect" type="pytest.skip">src/pymortests/vectorarray.py:264: Suite splitting in effect</skipped></testcase><testcase classname="src.pymortests.vectorarray" file="src/pymortests/vectorarray.py" line="264" name="test_append[compatible_vector_array_pair3-&lt;lambda&gt;1]" time="0.0004150867462158203"><skipped message="Suite splitting in effect" type="pytest.skip">src/pymortests/vectorarray.py:264: Suite splitting in effect</skipped></testcase><testcase classname="src.pymortests.vectorarray" file="src/pymortests/vectorarray.py" line="264" name="test_append[compatible_vector_array_pair3-&lt;lambda&gt;2]" time="0.0004127025604248047"><skipped message="Suite splitting in effect" type="pytest.skip">src/pymortests/vectorarray.py:264: Suite splitting in effect</skipped></testcase><testcase classname="src.pymortests.vectorarray" file="src/pymortests/vectorarray.py" line="264" name="test_append[compatible_vector_array_pair3-&lt;lambda&gt;3]" time="0.00041174888610839844"><skipped message="Suite splitting in effect" type="pytest.skip">src/pymortests/vectorarray.py:264: Suite splitting in effect</skipped></testcase><testcase classname="src.pymortests.vectorarray" file="src/pymortests/vectorarray.py" line="264" name="test_append[compatible_vector_array_pair3-&lt;lambda&gt;4]" time="0.00040650367736816406"><skipped message="Suite splitting in effect" type="pytest.skip">src/pymortests/vectorarray.py:264: Suite splitting in effect</skipped></testcase><testcase classname="src.pymortests.vectorarray" file="src/pymortests/vectorarray.py" line="264" name="test_append[compatible_vector_array_pair3-&lt;lambda&gt;5]" time="0.0004146099090576172"><skipped message="Suite splitting in effect" type="pytest.skip">src/pymortests/vectorarray.py:264: Suite splitting in effect</skipped></testcase><testcase classname="src.pymortests.vectorarray" file="src/pymortests/vectorarray.py" line="264" name="test_append[compatible_vector_array_pair3-&lt;lambda&gt;6]" time="0.00039267539978027344"><skipped message="Suite splitting in effect" type="pytest.skip">src/pymortests/vectorarray.py:264: Suite splitting in effect</skipped></testcase><testcase classname="src.pymortests.vectorarray" file="src/pymortests/vectorarray.py" line="264" name="test_append[compatible_vector_array_pair3-&lt;lambda&gt;7]" time="0.00042557716369628906"><skipped message="Suite splitting in effect" type="pytest.skip">src/pymortests/vectorarray.py:264: Suite splitting in effect</skipped></testcase><testcase classname="src.pymortests.vectorarray" file="src/pymortests/vectorarray.py" line="264" name="test_append[compatible_vector_array_pair3-&lt;lambda&gt;8]" time="0.00044918060302734375"><skipped message="Suite splitting in effect" type="pytest.skip">src/pymortests/vectorarray.py:264: Suite splitting in effect</skipped></testcase><testcase classname="src.pymortests.vectorarray" file="src/pymortests/vectorarray.py" line="264" name="test_append[compatible_vector_array_pair3-&lt;lambda&gt;9]" time="0.0004024505615234375"><skipped message="Suite splitting in effect" type="pytest.skip">src/pymortests/vectorarray.py:264: Suite splitting in effect</skipped></testcase><testcase classname="src.pymortests.vectorarray" file="src/pymortests/vectorarray.py" line="264" name="test_append[compatible_vector_array_pair3-&lt;lambda&gt;10]" time="0.00041103363037109375"><skipped message="Suite splitting in effect" type="pytest.skip">src/pymortests/vectorarray.py:264: Suite splitting in effect</skipped></testcase><testcase classname="src.pymortests.vectorarray" file="src/pymortests/vectorarray.py" line="264" name="test_append[compatible_vector_array_pair3-&lt;lambda&gt;11]" time="0.0004096031188964844"><skipped message="Suite splitting in effect" type="pytest.skip">src/pymortests/vectorarray.py:264: Suite splitting in effect</skipped></testcase><testcase classname="src.pymortests.vectorarray" file="src/pymortests/vectorarray.py" line="264" name="test_append[compatible_vector_array_pair3-&lt;lambda&gt;12]" time="0.0004146099090576172"><skipped message="Suite splitting in effect" type="pytest.skip">src/pymortests/vectorarray.py:264: Suite splitting in effect</skipped></testcase><testcase classname="src.pymortests.vectorarray" file="src/pymortests/vectorarray.py" line="264" name="test_append[compatible_vector_array_pair3-&lt;lambda&gt;13]" time="0.0004343986511230469"><skipped message="Suite splitting in effect" type="pytest.skip">src/pymortests/vectorarray.py:264: Suite splitting in effect</skipped></testcase><testcase classname="src.pymortests.vectorarray" file="src/pymortests/vectorarray.py" line="264" name="test_append[compatible_vector_array_pair3-&lt;lambda&gt;14]" time="0.0004355907440185547"><skipped message="Suite splitting in effect" type="pytest.skip">src/pymortests/vectorarray.py:264: Suite splitting in effect</skipped></testcase><testcase classname="src.pymortests.vectorarray" file="src/pymortests/vectorarray.py" line="264" name="test_append[compatible_vector_array_pair3-&lt;lambda&gt;15]" time="0.0004189014434814453"><skipped message="Suite splitting in effect" type="pytest.skip">src/pymortests/vectorarray.py:264: Suite splitting in effect</skipped></testcase><testcase classname="src.pymortests.vectorarray" file="src/pymortests/vectorarray.py" line="264" name="test_append[compatible_vector_array_pair3-&lt;lambda&gt;16]" time="0.00042057037353515625"><skipped message="Suite splitting in effect" type="pytest.skip">src/pymortests/vectorarray.py:264: Suite splitting in effect</skipped></testcase><testcase classname="src.pymortests.vectorarray" file="src/pymortests/vectorarray.py" line="264" name="test_append[compatible_vector_array_pair3-&lt;lambda&gt;17]" time="0.00039386749267578125"><skipped message="Suite splitting in effect" type="pytest.skip">src/pymortests/vectorarray.py:264: Suite splitting in effect</skipped></testcase><testcase classname="src.pymortests.vectorarray" file="src/pymortests/vectorarray.py" line="264" name="test_append[compatible_vector_array_pair3-&lt;lambda&gt;18]" time="0.0004258155822753906"><skipped message="Suite splitting in effect" type="pytest.skip">src/pymortests/vectorarray.py:264: Suite splitting in effect</skipped></testcase><testcase classname="src.pymortests.vectorarray" file="src/pymortests/vectorarray.py" line="264" name="test_append[compatible_vector_array_pair3-&lt;lambda&gt;19]" time="0.00043845176696777344"><skipped message="Suite splitting in effect" type="pytest.skip">src/pymortests/vectorarray.py:264: Suite splitting in effect</skipped></testcase><testcase classname="src.pymortests.vectorarray" file="src/pymortests/vectorarray.py" line="264" name="test_append[compatible_vector_array_pair3-&lt;lambda&gt;20]" time="0.0004258155822753906"><skipped message="Suite splitting in effect" type="pytest.skip">src/pymortests/vectorarray.py:264: Suite splitting in effect</skipped></testcase><testcase classname="src.pymortests.vectorarray" file="src/pymortests/vectorarray.py" line="264" name="test_append[compatible_vector_array_pair3-&lt;lambda&gt;21]" time="0.0003998279571533203"><skipped message="Suite splitting in effect" type="pytest.skip">src/pymortests/vectorarray.py:264: Suite splitting in effect</skipped></testcase><testcase classname="src.pymortests.vectorarray" file="src/pymortests/vectorarray.py" line="264" name="test_append[compatible_vector_array_pair3-&lt;lambda&gt;22]" time="0.0006537437438964844"><skipped message="Suite splitting in effect" type="pytest.skip">src/pymortests/vectorarray.py:264: Suite splitting in effect</skipped></testcase><testcase classname="src.pymortests.vectorarray" file="src/pymortests/vectorarray.py" line="264" name="test_append[compatible_vector_array_pair3-&lt;lambda&gt;23]" time="0.00041413307189941406"><skipped message="Suite splitting in effect" type="pytest.skip">src/pymortests/vectorarray.py:264: Suite splitting in effect</skipped></testcase><testcase classname="src.pymortests.vectorarray" file="src/pymortests/vectorarray.py" line="264" name="test_append[compatible_vector_array_pair3-&lt;lambda&gt;24]" time="0.0004067420959472656"><skipped message="Suite splitting in effect" type="pytest.skip">src/pymortests/vectorarray.py:264: Suite splitting in effect</skipped></testcase><testcase classname="src.pymortests.vectorarray" file="src/pymortests/vectorarray.py" line="264" name="test_append[compatible_vector_array_pair3-&lt;lambda&gt;25]" time="0.0003991127014160156"><skipped message="Suite splitting in effect" type="pytest.skip">src/pymortests/vectorarray.py:264: Suite splitting in effect</skipped></testcase><testcase classname="src.pymortests.vectorarray" file="src/pymortests/vectorarray.py" line="264" name="test_append[compatible_vector_array_pair3-&lt;lambda&gt;26]" time="0.00040912628173828125"><skipped message="Suite splitting in effect" type="pytest.skip">src/pymortests/vectorarray.py:264: Suite splitting in effect</skipped></testcase><testcase classname="src.pymortests.vectorarray" file="src/pymortests/vectorarray.py" line="264" name="test_append[compatible_vector_array_pair3-&lt;lambda&gt;27]" time="0.0004165172576904297"><skipped message="Suite splitting in effect" type="pytest.skip">src/pymortests/vectorarray.py:264: Suite splitting in effect</skipped></testcase><testcase classname="src.pymortests.vectorarray" file="src/pymortests/vectorarray.py" line="264" name="test_append[compatible_vector_array_pair3-&lt;lambda&gt;28]" time="0.0004315376281738281"><skipped message="Suite splitting in effect" type="pytest.skip">src/pymortests/vectorarray.py:264: Suite splitting in effect</skipped></testcase><testcase classname="src.pymortests.vectorarray" file="src/pymortests/vectorarray.py" line="264" name="test_append[compatible_vector_array_pair3-&lt;lambda&gt;29]" time="0.00042319297790527344"><skipped message="Suite splitting in effect" type="pytest.skip">src/pymortests/vectorarray.py:264: Suite splitting in effect</skipped></testcase><testcase classname="src.pymortests.vectorarray" file="src/pymortests/vectorarray.py" line="264" name="test_append[compatible_vector_array_pair4-&lt;lambda&gt;0]" time="0.0004215240478515625"><skipped message="Suite splitting in effect" type="pytest.skip">src/pymortests/vectorarray.py:264: Suite splitting in effect</skipped></testcase><testcase classname="src.pymortests.vectorarray" file="src/pymortests/vectorarray.py" line="264" name="test_append[compatible_vector_array_pair4-&lt;lambda&gt;1]" time="0.00042247772216796875"><skipped message="Suite splitting in effect" type="pytest.skip">src/pymortests/vectorarray.py:264: Suite splitting in effect</skipped></testcase><testcase classname="src.pymortests.vectorarray" file="src/pymortests/vectorarray.py" line="264" name="test_append[compatible_vector_array_pair4-&lt;lambda&gt;2]" time="0.0004191398620605469"><skipped message="Suite splitting in effect" type="pytest.skip">src/pymortests/vectorarray.py:264: Suite splitting in effect</skipped></testcase><testcase classname="src.pymortests.vectorarray" file="src/pymortests/vectorarray.py" line="264" name="test_append[compatible_vector_array_pair4-&lt;lambda&gt;3]" time="0.0003981590270996094"><skipped message="Suite splitting in effect" type="pytest.skip">src/pymortests/vectorarray.py:264: Suite splitting in effect</skipped></testcase><testcase classname="src.pymortests.vectorarray" file="src/pymortests/vectorarray.py" line="264" name="test_append[compatible_vector_array_pair4-&lt;lambda&gt;4]" time="0.00040984153747558594"><skipped message="Suite splitting in effect" type="pytest.skip">src/pymortests/vectorarray.py:264: Suite splitting in effect</skipped></testcase><testcase classname="src.pymortests.vectorarray" file="src/pymortests/vectorarray.py" line="264" name="test_append[compatible_vector_array_pair4-&lt;lambda&gt;5]" time="0.0004088878631591797"><skipped message="Suite splitting in effect" type="pytest.skip">src/pymortests/vectorarray.py:264: Suite splitting in effect</skipped></testcase><testcase classname="src.pymortests.vectorarray" file="src/pymortests/vectorarray.py" line="264" name="test_append[compatible_vector_array_pair4-&lt;lambda&gt;6]" time="0.0004923343658447266"><skipped message="Suite splitting in effect" type="pytest.skip">src/pymortests/vectorarray.py:264: Suite splitting in effect</skipped></testcase><testcase classname="src.pymortests.vectorarray" file="src/pymortests/vectorarray.py" line="264" name="test_append[compatible_vector_array_pair4-&lt;lambda&gt;7]" time="0.00039839744567871094"><skipped message="Suite splitting in effect" type="pytest.skip">src/pymortests/vectorarray.py:264: Suite splitting in effect</skipped></testcase><testcase classname="src.pymortests.vectorarray" file="src/pymortests/vectorarray.py" line="264" name="test_append[compatible_vector_array_pair4-&lt;lambda&gt;8]" time="0.0004067420959472656"><skipped message="Suite splitting in effect" type="pytest.skip">src/pymortests/vectorarray.py:264: Suite splitting in effect</skipped></testcase><testcase classname="src.pymortests.vectorarray" file="src/pymortests/vectorarray.py" line="264" name="test_append[compatible_vector_array_pair4-&lt;lambda&gt;9]" time="0.00041222572326660156"><skipped message="Suite splitting in effect" type="pytest.skip">src/pymortests/vectorarray.py:264: Suite splitting in effect</skipped></testcase><testcase classname="src.pymortests.vectorarray" file="src/pymortests/vectorarray.py" line="264" name="test_append[compatible_vector_array_pair4-&lt;lambda&gt;10]" time="0.00039505958557128906"><skipped message="Suite splitting in effect" type="pytest.skip">src/pymortests/vectorarray.py:264: Suite splitting in effect</skipped></testcase><testcase classname="src.pymortests.vectorarray" file="src/pymortests/vectorarray.py" line="264" name="test_append[compatible_vector_array_pair4-&lt;lambda&gt;11]" time="0.0004341602325439453"><skipped message="Suite splitting in effect" type="pytest.skip">src/pymortests/vectorarray.py:264: Suite splitting in effect</skipped></testcase><testcase classname="src.pymortests.vectorarray" file="src/pymortests/vectorarray.py" line="264" name="test_append[compatible_vector_array_pair4-&lt;lambda&gt;12]" time="0.0004096031188964844"><skipped message="Suite splitting in effect" type="pytest.skip">src/pymortests/vectorarray.py:264: Suite splitting in effect</skipped></testcase><testcase classname="src.pymortests.vectorarray" file="src/pymortests/vectorarray.py" line="264" name="test_append[compatible_vector_array_pair4-&lt;lambda&gt;13]" time="0.0004191398620605469"><skipped message="Suite splitting in effect" type="pytest.skip">src/pymortests/vectorarray.py:264: Suite splitting in effect</skipped></testcase><testcase classname="src.pymortests.vectorarray" file="src/pymortests/vectorarray.py" line="264" name="test_append[compatible_vector_array_pair4-&lt;lambda&gt;14]" time="0.00044274330139160156"><skipped message="Suite splitting in effect" type="pytest.skip">src/pymortests/vectorarray.py:264: Suite splitting in effect</skipped></testcase><testcase classname="src.pymortests.vectorarray" file="src/pymortests/vectorarray.py" line="264" name="test_append[compatible_vector_array_pair4-&lt;lambda&gt;15]" time="0.0004467964172363281"><skipped message="Suite splitting in effect" type="pytest.skip">src/pymortests/vectorarray.py:264: Suite splitting in effect</skipped></testcase><testcase classname="src.pymortests.vectorarray" file="src/pymortests/vectorarray.py" line="264" name="test_append[compatible_vector_array_pair4-&lt;lambda&gt;16]" time="0.0004146099090576172"><skipped message="Suite splitting in effect" type="pytest.skip">src/pymortests/vectorarray.py:264: Suite splitting in effect</skipped></testcase><testcase classname="src.pymortests.vectorarray" file="src/pymortests/vectorarray.py" line="264" name="test_append[compatible_vector_array_pair4-&lt;lambda&gt;17]" time="0.0004277229309082031"><skipped message="Suite splitting in effect" type="pytest.skip">src/pymortests/vectorarray.py:264: Suite splitting in effect</skipped></testcase><testcase classname="src.pymortests.vectorarray" file="src/pymortests/vectorarray.py" line="264" name="test_append[compatible_vector_array_pair4-&lt;lambda&gt;18]" time="0.0003924369812011719"><skipped message="Suite splitting in effect" type="pytest.skip">src/pymortests/vectorarray.py:264: Suite splitting in effect</skipped></testcase><testcase classname="src.pymortests.vectorarray" file="src/pymortests/vectorarray.py" line="264" name="test_append[compatible_vector_array_pair4-&lt;lambda&gt;19]" time="0.000423431396484375"><skipped message="Suite splitting in effect" type="pytest.skip">src/pymortests/vectorarray.py:264: Suite splitting in effect</skipped></testcase><testcase classname="src.pymortests.vectorarray" file="src/pymortests/vectorarray.py" line="264" name="test_append[compatible_vector_array_pair4-&lt;lambda&gt;20]" time="0.0004048347473144531"><skipped message="Suite splitting in effect" type="pytest.skip">src/pymortests/vectorarray.py:264: Suite splitting in effect</skipped></testcase><testcase classname="src.pymortests.vectorarray" file="src/pymortests/vectorarray.py" line="264" name="test_append[compatible_vector_array_pair4-&lt;lambda&gt;21]" time="0.00044226646423339844"><skipped message="Suite splitting in effect" type="pytest.skip">src/pymortests/vectorarray.py:264: Suite splitting in effect</skipped></testcase><testcase classname="src.pymortests.vectorarray" file="src/pymortests/vectorarray.py" line="264" name="test_append[compatible_vector_array_pair4-&lt;lambda&gt;22]" time="0.0003979206085205078"><skipped message="Suite splitting in effect" type="pytest.skip">src/pymortests/vectorarray.py:264: Suite splitting in effect</skipped></testcase><testcase classname="src.pymortests.vectorarray" file="src/pymortests/vectorarray.py" line="264" name="test_append[compatible_vector_array_pair4-&lt;lambda&gt;23]" time="0.00041866302490234375"><skipped message="Suite splitting in effect" type="pytest.skip">src/pymortests/vectorarray.py:264: Suite splitting in effect</skipped></testcase><testcase classname="src.pymortests.vectorarray" file="src/pymortests/vectorarray.py" line="264" name="test_append[compatible_vector_array_pair4-&lt;lambda&gt;24]" time="0.0004277229309082031"><skipped message="Suite splitting in effect" type="pytest.skip">src/pymortests/vectorarray.py:264: Suite splitting in effect</skipped></testcase><testcase classname="src.pymortests.vectorarray" file="src/pymortests/vectorarray.py" line="264" name="test_append[compatible_vector_array_pair4-&lt;lambda&gt;25]" time="0.0004172325134277344"><skipped message="Suite splitting in effect" type="pytest.skip">src/pymortests/vectorarray.py:264: Suite splitting in effect</skipped></testcase><testcase classname="src.pymortests.vectorarray" file="src/pymortests/vectorarray.py" line="264" name="test_append[compatible_vector_array_pair4-&lt;lambda&gt;26]" time="0.00040650367736816406"><skipped message="Suite splitting in effect" type="pytest.skip">src/pymortests/vectorarray.py:264: Suite splitting in effect</skipped></testcase><testcase classname="src.pymortests.vectorarray" file="src/pymortests/vectorarray.py" line="264" name="test_append[compatible_vector_array_pair4-&lt;lambda&gt;27]" time="0.0004222393035888672"><skipped message="Suite splitting in effect" type="pytest.skip">src/pymortests/vectorarray.py:264: Suite splitting in effect</skipped></testcase><testcase classname="src.pymortests.vectorarray" file="src/pymortests/vectorarray.py" line="264" name="test_append[compatible_vector_array_pair4-&lt;lambda&gt;28]" time="0.0004086494445800781"><skipped message="Suite splitting in effect" type="pytest.skip">src/pymortests/vectorarray.py:264: Suite splitting in effect</skipped></testcase><testcase classname="src.pymortests.vectorarray" file="src/pymortests/vectorarray.py" line="264" name="test_append[compatible_vector_array_pair4-&lt;lambda&gt;29]" time="0.00044345855712890625"><skipped message="Suite splitting in effect" type="pytest.skip">src/pymortests/vectorarray.py:264: Suite splitting in effect</skipped></testcase><testcase classname="src.pymortests.vectorarray" file="src/pymortests/vectorarray.py" line="264" name="test_append[compatible_vector_array_pair5-&lt;lambda&gt;0]" time="0.00041031837463378906"><skipped message="Suite splitting in effect" type="pytest.skip">src/pymortests/vectorarray.py:264: Suite splitting in effect</skipped></testcase><testcase classname="src.pymortests.vectorarray" file="src/pymortests/vectorarray.py" line="264" name="test_append[compatible_vector_array_pair5-&lt;lambda&gt;1]" time="0.0004227161407470703"><skipped message="Suite splitting in effect" type="pytest.skip">src/pymortests/vectorarray.py:264: Suite splitting in effect</skipped></testcase><testcase classname="src.pymortests.vectorarray" file="src/pymortests/vectorarray.py" line="264" name="test_append[compatible_vector_array_pair5-&lt;lambda&gt;2]" time="0.00038909912109375"><skipped message="Suite splitting in effect" type="pytest.skip">src/pymortests/vectorarray.py:264: Suite splitting in effect</skipped></testcase><testcase classname="src.pymortests.vectorarray" file="src/pymortests/vectorarray.py" line="264" name="test_append[compatible_vector_array_pair5-&lt;lambda&gt;3]" time="0.0004143714904785156"><skipped message="Suite splitting in effect" type="pytest.skip">src/pymortests/vectorarray.py:264: Suite splitting in effect</skipped></testcase><testcase classname="src.pymortests.vectorarray" file="src/pymortests/vectorarray.py" line="264" name="test_append[compatible_vector_array_pair5-&lt;lambda&gt;4]" time="0.00041961669921875"><skipped message="Suite splitting in effect" type="pytest.skip">src/pymortests/vectorarray.py:264: Suite splitting in effect</skipped></testcase><testcase classname="src.pymortests.vectorarray" file="src/pymortests/vectorarray.py" line="264" name="test_append[compatible_vector_array_pair5-&lt;lambda&gt;5]" time="0.0004506111145019531"><skipped message="Suite splitting in effect" type="pytest.skip">src/pymortests/vectorarray.py:264: Suite splitting in effect</skipped></testcase><testcase classname="src.pymortests.vectorarray" file="src/pymortests/vectorarray.py" line="264" name="test_append[compatible_vector_array_pair5-&lt;lambda&gt;6]" time="0.0003910064697265625"><skipped message="Suite splitting in effect" type="pytest.skip">src/pymortests/vectorarray.py:264: Suite splitting in effect</skipped></testcase><testcase classname="src.pymortests.vectorarray" file="src/pymortests/vectorarray.py" line="264" name="test_append[compatible_vector_array_pair5-&lt;lambda&gt;7]" time="0.0005650520324707031"><skipped message="Suite splitting in effect" type="pytest.skip">src/pymortests/vectorarray.py:264: Suite splitting in effect</skipped></testcase><testcase classname="src.pymortests.vectorarray" file="src/pymortests/vectorarray.py" line="264" name="test_append[compatible_vector_array_pair5-&lt;lambda&gt;8]" time="0.00040793418884277344"><skipped message="Suite splitting in effect" type="pytest.skip">src/pymortests/vectorarray.py:264: Suite splitting in effect</skipped></testcase><testcase classname="src.pymortests.vectorarray" file="src/pymortests/vectorarray.py" line="264" name="test_append[compatible_vector_array_pair5-&lt;lambda&gt;9]" time="0.0004298686981201172"><skipped message="Suite splitting in effect" type="pytest.skip">src/pymortests/vectorarray.py:264: Suite splitting in effect</skipped></testcase><testcase classname="src.pymortests.vectorarray" file="src/pymortests/vectorarray.py" line="264" name="test_append[compatible_vector_array_pair5-&lt;lambda&gt;10]" time="0.0003914833068847656"><skipped message="Suite splitting in effect" type="pytest.skip">src/pymortests/vectorarray.py:264: Suite splitting in effect</skipped></testcase><testcase classname="src.pymortests.vectorarray" file="src/pymortests/vectorarray.py" line="264" name="test_append[compatible_vector_array_pair5-&lt;lambda&gt;11]" time="0.00040602684020996094"><skipped message="Suite splitting in effect" type="pytest.skip">src/pymortests/vectorarray.py:264: Suite splitting in effect</skipped></testcase><testcase classname="src.pymortests.vectorarray" file="src/pymortests/vectorarray.py" line="264" name="test_append[compatible_vector_array_pair5-&lt;lambda&gt;12]" time="0.0003948211669921875"><skipped message="Suite splitting in effect" type="pytest.skip">src/pymortests/vectorarray.py:264: Suite splitting in effect</skipped></testcase><testcase classname="src.pymortests.vectorarray" file="src/pymortests/vectorarray.py" line="264" name="test_append[compatible_vector_array_pair5-&lt;lambda&gt;13]" time="0.0004246234893798828"><skipped message="Suite splitting in effect" type="pytest.skip">src/pymortests/vectorarray.py:264: Suite splitting in effect</skipped></testcase><testcase classname="src.pymortests.vectorarray" file="src/pymortests/vectorarray.py" line="264" name="test_append[compatible_vector_array_pair5-&lt;lambda&gt;14]" time="0.00041675567626953125"><skipped message="Suite splitting in effect" type="pytest.skip">src/pymortests/vectorarray.py:264: Suite splitting in effect</skipped></testcase><testcase classname="src.pymortests.vectorarray" file="src/pymortests/vectorarray.py" line="264" name="test_append[compatible_vector_array_pair5-&lt;lambda&gt;15]" time="0.00042629241943359375"><skipped message="Suite splitting in effect" type="pytest.skip">src/pymortests/vectorarray.py:264: Suite splitting in effect</skipped></testcase><testcase classname="src.pymortests.vectorarray" file="src/pymortests/vectorarray.py" line="264" name="test_append[compatible_vector_array_pair5-&lt;lambda&gt;16]" time="0.0004191398620605469"><skipped message="Suite splitting in effect" type="pytest.skip">src/pymortests/vectorarray.py:264: Suite splitting in effect</skipped></testcase><testcase classname="src.pymortests.vectorarray" file="src/pymortests/vectorarray.py" line="264" name="test_append[compatible_vector_array_pair5-&lt;lambda&gt;17]" time="0.00043487548828125"><skipped message="Suite splitting in effect" type="pytest.skip">src/pymortests/vectorarray.py:264: Suite splitting in effect</skipped></testcase><testcase classname="src.pymortests.vectorarray" file="src/pymortests/vectorarray.py" line="264" name="test_append[compatible_vector_array_pair5-&lt;lambda&gt;18]" time="0.0004291534423828125"><skipped message="Suite splitting in effect" type="pytest.skip">src/pymortests/vectorarray.py:264: Suite splitting in effect</skipped></testcase><testcase classname="src.pymortests.vectorarray" file="src/pymortests/vectorarray.py" line="264" name="test_append[compatible_vector_array_pair5-&lt;lambda&gt;19]" time="0.00038886070251464844"><skipped message="Suite splitting in effect" type="pytest.skip">src/pymortests/vectorarray.py:264: Suite splitting in effect</skipped></testcase><testcase classname="src.pymortests.vectorarray" file="src/pymortests/vectorarray.py" line="264" name="test_append[compatible_vector_array_pair5-&lt;lambda&gt;20]" time="0.0004258155822753906"><skipped message="Suite splitting in effect" type="pytest.skip">src/pymortests/vectorarray.py:264: Suite splitting in effect</skipped></testcase><testcase classname="src.pymortests.vectorarray" file="src/pymortests/vectorarray.py" line="264" name="test_append[compatible_vector_array_pair5-&lt;lambda&gt;21]" time="0.0004329681396484375"><skipped message="Suite splitting in effect" type="pytest.skip">src/pymortests/vectorarray.py:264: Suite splitting in effect</skipped></testcase><testcase classname="src.pymortests.vectorarray" file="src/pymortests/vectorarray.py" line="264" name="test_append[compatible_vector_array_pair5-&lt;lambda&gt;22]" time="0.000423431396484375"><skipped message="Suite splitting in effect" type="pytest.skip">src/pymortests/vectorarray.py:264: Suite splitting in effect</skipped></testcase><testcase classname="src.pymortests.vectorarray" file="src/pymortests/vectorarray.py" line="264" name="test_append[compatible_vector_array_pair5-&lt;lambda&gt;23]" time="0.0003917217254638672"><skipped message="Suite splitting in effect" type="pytest.skip">src/pymortests/vectorarray.py:264: Suite splitting in effect</skipped></testcase><testcase classname="src.pymortests.vectorarray" file="src/pymortests/vectorarray.py" line="264" name="test_append[compatible_vector_array_pair5-&lt;lambda&gt;24]" time="0.0004303455352783203"><skipped message="Suite splitting in effect" type="pytest.skip">src/pymortests/vectorarray.py:264: Suite splitting in effect</skipped></testcase><testcase classname="src.pymortests.vectorarray" file="src/pymortests/vectorarray.py" line="264" name="test_append[compatible_vector_array_pair5-&lt;lambda&gt;25]" time="0.0004107952117919922"><skipped message="Suite splitting in effect" type="pytest.skip">src/pymortests/vectorarray.py:264: Suite splitting in effect</skipped></testcase><testcase classname="src.pymortests.vectorarray" file="src/pymortests/vectorarray.py" line="264" name="test_append[compatible_vector_array_pair5-&lt;lambda&gt;26]" time="0.0004019737243652344"><skipped message="Suite splitting in effect" type="pytest.skip">src/pymortests/vectorarray.py:264: Suite splitting in effect</skipped></testcase><testcase classname="src.pymortests.vectorarray" file="src/pymortests/vectorarray.py" line="264" name="test_append[compatible_vector_array_pair5-&lt;lambda&gt;27]" time="0.0004124641418457031"><skipped message="Suite splitting in effect" type="pytest.skip">src/pymortests/vectorarray.py:264: Suite splitting in effect</skipped></testcase><testcase classname="src.pymortests.vectorarray" file="src/pymortests/vectorarray.py" line="264" name="test_append[compatible_vector_array_pair5-&lt;lambda&gt;28]" time="0.0004138946533203125"><skipped message="Suite splitting in effect" type="pytest.skip">src/pymortests/vectorarray.py:264: Suite splitting in effect</skipped></testcase><testcase classname="src.pymortests.vectorarray" file="src/pymortests/vectorarray.py" line="264" name="test_append[compatible_vector_array_pair5-&lt;lambda&gt;29]" time="0.0004165172576904297"><skipped message="Suite splitting in effect" type="pytest.skip">src/pymortests/vectorarray.py:264: Suite splitting in effect</skipped></testcase><testcase classname="src.pymortests.vectorarray" file="src/pymortests/vectorarray.py" line="264" name="test_append[compatible_vector_array_pair6-&lt;lambda&gt;0]" time="0.0004076957702636719"><skipped message="Suite splitting in effect" type="pytest.skip">src/pymortests/vectorarray.py:264: Suite splitting in effect</skipped></testcase><testcase classname="src.pymortests.vectorarray" file="src/pymortests/vectorarray.py" line="264" name="test_append[compatible_vector_array_pair6-&lt;lambda&gt;1]" time="0.00041365623474121094"><skipped message="Suite splitting in effect" type="pytest.skip">src/pymortests/vectorarray.py:264: Suite splitting in effect</skipped></testcase><testcase classname="src.pymortests.vectorarray" file="src/pymortests/vectorarray.py" line="264" name="test_append[compatible_vector_array_pair6-&lt;lambda&gt;2]" time="0.0003981590270996094"><skipped message="Suite splitting in effect" type="pytest.skip">src/pymortests/vectorarray.py:264: Suite splitting in effect</skipped></testcase><testcase classname="src.pymortests.vectorarray" file="src/pymortests/vectorarray.py" line="264" name="test_append[compatible_vector_array_pair6-&lt;lambda&gt;3]" time="0.0004229545593261719"><skipped message="Suite splitting in effect" type="pytest.skip">src/pymortests/vectorarray.py:264: Suite splitting in effect</skipped></testcase><testcase classname="src.pymortests.vectorarray" file="src/pymortests/vectorarray.py" line="264" name="test_append[compatible_vector_array_pair6-&lt;lambda&gt;4]" time="0.00040531158447265625"><skipped message="Suite splitting in effect" type="pytest.skip">src/pymortests/vectorarray.py:264: Suite splitting in effect</skipped></testcase><testcase classname="src.pymortests.vectorarray" file="src/pymortests/vectorarray.py" line="264" name="test_append[compatible_vector_array_pair6-&lt;lambda&gt;5]" time="0.00041413307189941406"><skipped message="Suite splitting in effect" type="pytest.skip">src/pymortests/vectorarray.py:264: Suite splitting in effect</skipped></testcase><testcase classname="src.pymortests.vectorarray" file="src/pymortests/vectorarray.py" line="264" name="test_append[compatible_vector_array_pair6-&lt;lambda&gt;6]" time="0.0003948211669921875"><skipped message="Suite splitting in effect" type="pytest.skip">src/pymortests/vectorarray.py:264: Suite splitting in effect</skipped></testcase><testcase classname="src.pymortests.vectorarray" file="src/pymortests/vectorarray.py" line="264" name="test_append[compatible_vector_array_pair6-&lt;lambda&gt;7]" time="0.0004353523254394531"><skipped message="Suite splitting in effect" type="pytest.skip">src/pymortests/vectorarray.py:264: Suite splitting in effect</skipped></testcase><testcase classname="src.pymortests.vectorarray" file="src/pymortests/vectorarray.py" line="264" name="test_append[compatible_vector_array_pair6-&lt;lambda&gt;8]" time="0.0004181861877441406"><skipped message="Suite splitting in effect" type="pytest.skip">src/pymortests/vectorarray.py:264: Suite splitting in effect</skipped></testcase><testcase classname="src.pymortests.vectorarray" file="src/pymortests/vectorarray.py" line="264" name="test_append[compatible_vector_array_pair6-&lt;lambda&gt;9]" time="0.0004181861877441406"><skipped message="Suite splitting in effect" type="pytest.skip">src/pymortests/vectorarray.py:264: Suite splitting in effect</skipped></testcase><testcase classname="src.pymortests.vectorarray" file="src/pymortests/vectorarray.py" line="264" name="test_append[compatible_vector_array_pair6-&lt;lambda&gt;10]" time="0.0003936290740966797"><skipped message="Suite splitting in effect" type="pytest.skip">src/pymortests/vectorarray.py:264: Suite splitting in effect</skipped></testcase><testcase classname="src.pymortests.vectorarray" file="src/pymortests/vectorarray.py" line="264" name="test_append[compatible_vector_array_pair6-&lt;lambda&gt;11]" time="0.00043845176696777344"><skipped message="Suite splitting in effect" type="pytest.skip">src/pymortests/vectorarray.py:264: Suite splitting in effect</skipped></testcase><testcase classname="src.pymortests.vectorarray" file="src/pymortests/vectorarray.py" line="264" name="test_append[compatible_vector_array_pair6-&lt;lambda&gt;12]" time="0.00040602684020996094"><skipped message="Suite splitting in effect" type="pytest.skip">src/pymortests/vectorarray.py:264: Suite splitting in effect</skipped></testcase><testcase classname="src.pymortests.vectorarray" file="src/pymortests/vectorarray.py" line="264" name="test_append[compatible_vector_array_pair6-&lt;lambda&gt;13]" time="0.0004029273986816406"><skipped message="Suite splitting in effect" type="pytest.skip">src/pymortests/vectorarray.py:264: Suite splitting in effect</skipped></testcase><testcase classname="src.pymortests.vectorarray" file="src/pymortests/vectorarray.py" line="264" name="test_append[compatible_vector_array_pair6-&lt;lambda&gt;14]" time="0.00040841102600097656"><skipped message="Suite splitting in effect" type="pytest.skip">src/pymortests/vectorarray.py:264: Suite splitting in effect</skipped></testcase><testcase classname="src.pymortests.vectorarray" file="src/pymortests/vectorarray.py" line="264" name="test_append[compatible_vector_array_pair6-&lt;lambda&gt;15]" time="0.00040340423583984375"><skipped message="Suite splitting in effect" type="pytest.skip">src/pymortests/vectorarray.py:264: Suite splitting in effect</skipped></testcase><testcase classname="src.pymortests.vectorarray" file="src/pymortests/vectorarray.py" line="264" name="test_append[compatible_vector_array_pair6-&lt;lambda&gt;16]" time="0.0003955364227294922"><skipped message="Suite splitting in effect" type="pytest.skip">src/pymortests/vectorarray.py:264: Suite splitting in effect</skipped></testcase><testcase classname="src.pymortests.vectorarray" file="src/pymortests/vectorarray.py" line="264" name="test_append[compatible_vector_array_pair6-&lt;lambda&gt;17]" time="0.00041604042053222656"><skipped message="Suite splitting in effect" type="pytest.skip">src/pymortests/vectorarray.py:264: Suite splitting in effect</skipped></testcase><testcase classname="src.pymortests.vectorarray" file="src/pymortests/vectorarray.py" line="264" name="test_append[compatible_vector_array_pair6-&lt;lambda&gt;18]" time="0.0003972053527832031"><skipped message="Suite splitting in effect" type="pytest.skip">src/pymortests/vectorarray.py:264: Suite splitting in effect</skipped></testcase><testcase classname="src.pymortests.vectorarray" file="src/pymortests/vectorarray.py" line="264" name="test_append[compatible_vector_array_pair6-&lt;lambda&gt;19]" time="0.0003960132598876953"><skipped message="Suite splitting in effect" type="pytest.skip">src/pymortests/vectorarray.py:264: Suite splitting in effect</skipped></testcase><testcase classname="src.pymortests.vectorarray" file="src/pymortests/vectorarray.py" line="264" name="test_append[compatible_vector_array_pair6-&lt;lambda&gt;20]" time="0.0003972053527832031"><skipped message="Suite splitting in effect" type="pytest.skip">src/pymortests/vectorarray.py:264: Suite splitting in effect</skipped></testcase><testcase classname="src.pymortests.vectorarray" file="src/pymortests/vectorarray.py" line="264" name="test_append[compatible_vector_array_pair6-&lt;lambda&gt;21]" time="0.00041747093200683594"><skipped message="Suite splitting in effect" type="pytest.skip">src/pymortests/vectorarray.py:264: Suite splitting in effect</skipped></testcase><testcase classname="src.pymortests.vectorarray" file="src/pymortests/vectorarray.py" line="264" name="test_append[compatible_vector_array_pair6-&lt;lambda&gt;22]" time="0.0003943443298339844"><skipped message="Suite splitting in effect" type="pytest.skip">src/pymortests/vectorarray.py:264: Suite splitting in effect</skipped></testcase><testcase classname="src.pymortests.vectorarray" file="src/pymortests/vectorarray.py" line="264" name="test_append[compatible_vector_array_pair6-&lt;lambda&gt;23]" time="0.0004131793975830078"><skipped message="Suite splitting in effect" type="pytest.skip">src/pymortests/vectorarray.py:264: Suite splitting in effect</skipped></testcase><testcase classname="src.pymortests.vectorarray" file="src/pymortests/vectorarray.py" line="264" name="test_append[compatible_vector_array_pair6-&lt;lambda&gt;24]" time="0.00043773651123046875"><skipped message="Suite splitting in effect" type="pytest.skip">src/pymortests/vectorarray.py:264: Suite splitting in effect</skipped></testcase><testcase classname="src.pymortests.vectorarray" file="src/pymortests/vectorarray.py" line="264" name="test_append[compatible_vector_array_pair6-&lt;lambda&gt;25]" time="0.0004096031188964844"><skipped message="Suite splitting in effect" type="pytest.skip">src/pymortests/vectorarray.py:264: Suite splitting in effect</skipped></testcase><testcase classname="src.pymortests.vectorarray" file="src/pymortests/vectorarray.py" line="264" name="test_append[compatible_vector_array_pair6-&lt;lambda&gt;26]" time="0.0004181861877441406"><skipped message="Suite splitting in effect" type="pytest.skip">src/pymortests/vectorarray.py:264: Suite splitting in effect</skipped></testcase><testcase classname="src.pymortests.vectorarray" file="src/pymortests/vectorarray.py" line="264" name="test_append[compatible_vector_array_pair6-&lt;lambda&gt;27]" time="0.0007162094116210938"><skipped message="Suite splitting in effect" type="pytest.skip">src/pymortests/vectorarray.py:264: Suite splitting in effect</skipped></testcase><testcase classname="src.pymortests.vectorarray" file="src/pymortests/vectorarray.py" line="264" name="test_append[compatible_vector_array_pair6-&lt;lambda&gt;28]" time="0.0004184246063232422"><skipped message="Suite splitting in effect" type="pytest.skip">src/pymortests/vectorarray.py:264: Suite splitting in effect</skipped></testcase><testcase classname="src.pymortests.vectorarray" file="src/pymortests/vectorarray.py" line="264" name="test_append[compatible_vector_array_pair6-&lt;lambda&gt;29]" time="0.00043129920959472656"><skipped message="Suite splitting in effect" type="pytest.skip">src/pymortests/vectorarray.py:264: Suite splitting in effect</skipped></testcase><testcase classname="src.pymortests.vectorarray" file="src/pymortests/vectorarray.py" line="264" name="test_append[compatible_vector_array_pair7-&lt;lambda&gt;0]" time="0.0004000663757324219"><skipped message="Suite splitting in effect" type="pytest.skip">src/pymortests/vectorarray.py:264: Suite splitting in effect</skipped></testcase><testcase classname="src.pymortests.vectorarray" file="src/pymortests/vectorarray.py" line="264" name="test_append[compatible_vector_array_pair7-&lt;lambda&gt;1]" time="0.0004439353942871094"><skipped message="Suite splitting in effect" type="pytest.skip">src/pymortests/vectorarray.py:264: Suite splitting in effect</skipped></testcase><testcase classname="src.pymortests.vectorarray" file="src/pymortests/vectorarray.py" line="264" name="test_append[compatible_vector_array_pair7-&lt;lambda&gt;2]" time="0.0003924369812011719"><skipped message="Suite splitting in effect" type="pytest.skip">src/pymortests/vectorarray.py:264: Suite splitting in effect</skipped></testcase><testcase classname="src.pymortests.vectorarray" file="src/pymortests/vectorarray.py" line="264" name="test_append[compatible_vector_array_pair7-&lt;lambda&gt;3]" time="0.0004439353942871094"><skipped message="Suite splitting in effect" type="pytest.skip">src/pymortests/vectorarray.py:264: Suite splitting in effect</skipped></testcase><testcase classname="src.pymortests.vectorarray" file="src/pymortests/vectorarray.py" line="264" name="test_append[compatible_vector_array_pair7-&lt;lambda&gt;4]" time="0.0004093647003173828"><skipped message="Suite splitting in effect" type="pytest.skip">src/pymortests/vectorarray.py:264: Suite splitting in effect</skipped></testcase><testcase classname="src.pymortests.vectorarray" file="src/pymortests/vectorarray.py" line="264" name="test_append[compatible_vector_array_pair7-&lt;lambda&gt;5]" time="0.00041484832763671875"><skipped message="Suite splitting in effect" type="pytest.skip">src/pymortests/vectorarray.py:264: Suite splitting in effect</skipped></testcase><testcase classname="src.pymortests.vectorarray" file="src/pymortests/vectorarray.py" line="264" name="test_append[compatible_vector_array_pair7-&lt;lambda&gt;6]" time="0.00040650367736816406"><skipped message="Suite splitting in effect" type="pytest.skip">src/pymortests/vectorarray.py:264: Suite splitting in effect</skipped></testcase><testcase classname="src.pymortests.vectorarray" file="src/pymortests/vectorarray.py" line="264" name="test_append[compatible_vector_array_pair7-&lt;lambda&gt;7]" time="0.00041031837463378906"><skipped message="Suite splitting in effect" type="pytest.skip">src/pymortests/vectorarray.py:264: Suite splitting in effect</skipped></testcase><testcase classname="src.pymortests.vectorarray" file="src/pymortests/vectorarray.py" line="264" name="test_append[compatible_vector_array_pair7-&lt;lambda&gt;8]" time="0.00039505958557128906"><skipped message="Suite splitting in effect" type="pytest.skip">src/pymortests/vectorarray.py:264: Suite splitting in effect</skipped></testcase><testcase classname="src.pymortests.vectorarray" file="src/pymortests/vectorarray.py" line="264" name="test_append[compatible_vector_array_pair7-&lt;lambda&gt;9]" time="0.0004074573516845703"><skipped message="Suite splitting in effect" type="pytest.skip">src/pymortests/vectorarray.py:264: Suite splitting in effect</skipped></testcase><testcase classname="src.pymortests.vectorarray" file="src/pymortests/vectorarray.py" line="264" name="test_append[compatible_vector_array_pair7-&lt;lambda&gt;10]" time="0.0004191398620605469"><skipped message="Suite splitting in effect" type="pytest.skip">src/pymortests/vectorarray.py:264: Suite splitting in effect</skipped></testcase><testcase classname="src.pymortests.vectorarray" file="src/pymortests/vectorarray.py" line="264" name="test_append[compatible_vector_array_pair7-&lt;lambda&gt;11]" time="0.0004448890686035156"><skipped message="Suite splitting in effect" type="pytest.skip">src/pymortests/vectorarray.py:264: Suite splitting in effect</skipped></testcase><testcase classname="src.pymortests.vectorarray" file="src/pymortests/vectorarray.py" line="264" name="test_append[compatible_vector_array_pair7-&lt;lambda&gt;12]" time="0.0004189014434814453"><skipped message="Suite splitting in effect" type="pytest.skip">src/pymortests/vectorarray.py:264: Suite splitting in effect</skipped></testcase><testcase classname="src.pymortests.vectorarray" file="src/pymortests/vectorarray.py" line="264" name="test_append[compatible_vector_array_pair7-&lt;lambda&gt;13]" time="0.00038814544677734375"><skipped message="Suite splitting in effect" type="pytest.skip">src/pymortests/vectorarray.py:264: Suite splitting in effect</skipped></testcase><testcase classname="src.pymortests.vectorarray" file="src/pymortests/vectorarray.py" line="264" name="test_append[compatible_vector_array_pair7-&lt;lambda&gt;14]" time="0.00041747093200683594"><skipped message="Suite splitting in effect" type="pytest.skip">src/pymortests/vectorarray.py:264: Suite splitting in effect</skipped></testcase><testcase classname="src.pymortests.vectorarray" file="src/pymortests/vectorarray.py" line="264" name="test_append[compatible_vector_array_pair7-&lt;lambda&gt;15]" time="0.0003921985626220703"><skipped message="Suite splitting in effect" type="pytest.skip">src/pymortests/vectorarray.py:264: Suite splitting in effect</skipped></testcase><testcase classname="src.pymortests.vectorarray" file="src/pymortests/vectorarray.py" line="264" name="test_append[compatible_vector_array_pair7-&lt;lambda&gt;16]" time="0.0004253387451171875"><skipped message="Suite splitting in effect" type="pytest.skip">src/pymortests/vectorarray.py:264: Suite splitting in effect</skipped></testcase><testcase classname="src.pymortests.vectorarray" file="src/pymortests/vectorarray.py" line="264" name="test_append[compatible_vector_array_pair7-&lt;lambda&gt;17]" time="0.00043129920959472656"><skipped message="Suite splitting in effect" type="pytest.skip">src/pymortests/vectorarray.py:264: Suite splitting in effect</skipped></testcase><testcase classname="src.pymortests.vectorarray" file="src/pymortests/vectorarray.py" line="264" name="test_append[compatible_vector_array_pair7-&lt;lambda&gt;18]" time="0.000423431396484375"><skipped message="Suite splitting in effect" type="pytest.skip">src/pymortests/vectorarray.py:264: Suite splitting in effect</skipped></testcase><testcase classname="src.pymortests.vectorarray" file="src/pymortests/vectorarray.py" line="264" name="test_append[compatible_vector_array_pair7-&lt;lambda&gt;19]" time="0.00039577484130859375"><skipped message="Suite splitting in effect" type="pytest.skip">src/pymortests/vectorarray.py:264: Suite splitting in effect</skipped></testcase><testcase classname="src.pymortests.vectorarray" file="src/pymortests/vectorarray.py" line="264" name="test_append[compatible_vector_array_pair7-&lt;lambda&gt;20]" time="0.00044655799865722656"><skipped message="Suite splitting in effect" type="pytest.skip">src/pymortests/vectorarray.py:264: Suite splitting in effect</skipped></testcase><testcase classname="src.pymortests.vectorarray" file="src/pymortests/vectorarray.py" line="264" name="test_append[compatible_vector_array_pair7-&lt;lambda&gt;21]" time="0.0004150867462158203"><skipped message="Suite splitting in effect" type="pytest.skip">src/pymortests/vectorarray.py:264: Suite splitting in effect</skipped></testcase><testcase classname="src.pymortests.vectorarray" file="src/pymortests/vectorarray.py" line="264" name="test_append[compatible_vector_array_pair7-&lt;lambda&gt;22]" time="0.00042557716369628906"><skipped message="Suite splitting in effect" type="pytest.skip">src/pymortests/vectorarray.py:264: Suite splitting in effect</skipped></testcase><testcase classname="src.pymortests.vectorarray" file="src/pymortests/vectorarray.py" line="264" name="test_append[compatible_vector_array_pair7-&lt;lambda&gt;23]" time="0.00045490264892578125"><skipped message="Suite splitting in effect" type="pytest.skip">src/pymortests/vectorarray.py:264: Suite splitting in effect</skipped></testcase><testcase classname="src.pymortests.vectorarray" file="src/pymortests/vectorarray.py" line="264" name="test_append[compatible_vector_array_pair7-&lt;lambda&gt;24]" time="0.0004093647003173828"><skipped message="Suite splitting in effect" type="pytest.skip">src/pymortests/vectorarray.py:264: Suite splitting in effect</skipped></testcase><testcase classname="src.pymortests.vectorarray" file="src/pymortests/vectorarray.py" line="264" name="test_append[compatible_vector_array_pair7-&lt;lambda&gt;25]" time="0.0004012584686279297"><skipped message="Suite splitting in effect" type="pytest.skip">src/pymortests/vectorarray.py:264: Suite splitting in effect</skipped></testcase><testcase classname="src.pymortests.vectorarray" file="src/pymortests/vectorarray.py" line="264" name="test_append[compatible_vector_array_pair7-&lt;lambda&gt;26]" time="0.0004048347473144531"><skipped message="Suite splitting in effect" type="pytest.skip">src/pymortests/vectorarray.py:264: Suite splitting in effect</skipped></testcase><testcase classname="src.pymortests.vectorarray" file="src/pymortests/vectorarray.py" line="264" name="test_append[compatible_vector_array_pair7-&lt;lambda&gt;27]" time="0.000415802001953125"><skipped message="Suite splitting in effect" type="pytest.skip">src/pymortests/vectorarray.py:264: Suite splitting in effect</skipped></testcase><testcase classname="src.pymortests.vectorarray" file="src/pymortests/vectorarray.py" line="264" name="test_append[compatible_vector_array_pair7-&lt;lambda&gt;28]" time="0.00041747093200683594"><skipped message="Suite splitting in effect" type="pytest.skip">src/pymortests/vectorarray.py:264: Suite splitting in effect</skipped></testcase><testcase classname="src.pymortests.vectorarray" file="src/pymortests/vectorarray.py" line="264" name="test_append[compatible_vector_array_pair7-&lt;lambda&gt;29]" time="0.0004181861877441406"><skipped message="Suite splitting in effect" type="pytest.skip">src/pymortests/vectorarray.py:264: Suite splitting in effect</skipped></testcase><testcase classname="src.pymortests.vectorarray" file="src/pymortests/vectorarray.py" line="264" name="test_append[compatible_vector_array_pair8-&lt;lambda&gt;0]" time="0.0005488395690917969"><skipped message="Suite splitting in effect" type="pytest.skip">src/pymortests/vectorarray.py:264: Suite splitting in effect</skipped></testcase><testcase classname="src.pymortests.vectorarray" file="src/pymortests/vectorarray.py" line="264" name="test_append[compatible_vector_array_pair8-&lt;lambda&gt;1]" time="0.0004096031188964844"><skipped message="Suite splitting in effect" type="pytest.skip">src/pymortests/vectorarray.py:264: Suite splitting in effect</skipped></testcase><testcase classname="src.pymortests.vectorarray" file="src/pymortests/vectorarray.py" line="264" name="test_append[compatible_vector_array_pair8-&lt;lambda&gt;2]" time="0.0004134178161621094"><skipped message="Suite splitting in effect" type="pytest.skip">src/pymortests/vectorarray.py:264: Suite splitting in effect</skipped></testcase><testcase classname="src.pymortests.vectorarray" file="src/pymortests/vectorarray.py" line="264" name="test_append[compatible_vector_array_pair8-&lt;lambda&gt;3]" time="0.00040602684020996094"><skipped message="Suite splitting in effect" type="pytest.skip">src/pymortests/vectorarray.py:264: Suite splitting in effect</skipped></testcase><testcase classname="src.pymortests.vectorarray" file="src/pymortests/vectorarray.py" line="264" name="test_append[compatible_vector_array_pair8-&lt;lambda&gt;4]" time="0.0004203319549560547"><skipped message="Suite splitting in effect" type="pytest.skip">src/pymortests/vectorarray.py:264: Suite splitting in effect</skipped></testcase><testcase classname="src.pymortests.vectorarray" file="src/pymortests/vectorarray.py" line="264" name="test_append[compatible_vector_array_pair8-&lt;lambda&gt;5]" time="0.0004096031188964844"><skipped message="Suite splitting in effect" type="pytest.skip">src/pymortests/vectorarray.py:264: Suite splitting in effect</skipped></testcase><testcase classname="src.pymortests.vectorarray" file="src/pymortests/vectorarray.py" line="264" name="test_append[compatible_vector_array_pair8-&lt;lambda&gt;6]" time="0.00042247772216796875"><skipped message="Suite splitting in effect" type="pytest.skip">src/pymortests/vectorarray.py:264: Suite splitting in effect</skipped></testcase><testcase classname="src.pymortests.vectorarray" file="src/pymortests/vectorarray.py" line="264" name="test_append[compatible_vector_array_pair8-&lt;lambda&gt;7]" time="0.00041365623474121094"><skipped message="Suite splitting in effect" type="pytest.skip">src/pymortests/vectorarray.py:264: Suite splitting in effect</skipped></testcase><testcase classname="src.pymortests.vectorarray" file="src/pymortests/vectorarray.py" line="264" name="test_append[compatible_vector_array_pair8-&lt;lambda&gt;8]" time="0.0004937648773193359"><skipped message="Suite splitting in effect" type="pytest.skip">src/pymortests/vectorarray.py:264: Suite splitting in effect</skipped></testcase><testcase classname="src.pymortests.vectorarray" file="src/pymortests/vectorarray.py" line="264" name="test_append[compatible_vector_array_pair8-&lt;lambda&gt;9]" time="0.00042891502380371094"><skipped message="Suite splitting in effect" type="pytest.skip">src/pymortests/vectorarray.py:264: Suite splitting in effect</skipped></testcase><testcase classname="src.pymortests.vectorarray" file="src/pymortests/vectorarray.py" line="264" name="test_append[compatible_vector_array_pair8-&lt;lambda&gt;10]" time="0.0004146099090576172"><skipped message="Suite splitting in effect" type="pytest.skip">src/pymortests/vectorarray.py:264: Suite splitting in effect</skipped></testcase><testcase classname="src.pymortests.vectorarray" file="src/pymortests/vectorarray.py" line="264" name="test_append[compatible_vector_array_pair8-&lt;lambda&gt;11]" time="0.0004279613494873047"><skipped message="Suite splitting in effect" type="pytest.skip">src/pymortests/vectorarray.py:264: Suite splitting in effect</skipped></testcase><testcase classname="src.pymortests.vectorarray" file="src/pymortests/vectorarray.py" line="264" name="test_append[compatible_vector_array_pair8-&lt;lambda&gt;12]" time="0.0003981590270996094"><skipped message="Suite splitting in effect" type="pytest.skip">src/pymortests/vectorarray.py:264: Suite splitting in effect</skipped></testcase><testcase classname="src.pymortests.vectorarray" file="src/pymortests/vectorarray.py" line="264" name="test_append[compatible_vector_array_pair8-&lt;lambda&gt;13]" time="0.0004353523254394531"><skipped message="Suite splitting in effect" type="pytest.skip">src/pymortests/vectorarray.py:264: Suite splitting in effect</skipped></testcase><testcase classname="src.pymortests.vectorarray" file="src/pymortests/vectorarray.py" line="264" name="test_append[compatible_vector_array_pair8-&lt;lambda&gt;14]" time="0.00044846534729003906"><skipped message="Suite splitting in effect" type="pytest.skip">src/pymortests/vectorarray.py:264: Suite splitting in effect</skipped></testcase><testcase classname="src.pymortests.vectorarray" file="src/pymortests/vectorarray.py" line="264" name="test_append[compatible_vector_array_pair8-&lt;lambda&gt;15]" time="0.000415802001953125"><skipped message="Suite splitting in effect" type="pytest.skip">src/pymortests/vectorarray.py:264: Suite splitting in effect</skipped></testcase><testcase classname="src.pymortests.vectorarray" file="src/pymortests/vectorarray.py" line="264" name="test_append[compatible_vector_array_pair8-&lt;lambda&gt;16]" time="0.0004093647003173828"><skipped message="Suite splitting in effect" type="pytest.skip">src/pymortests/vectorarray.py:264: Suite splitting in effect</skipped></testcase><testcase classname="src.pymortests.vectorarray" file="src/pymortests/vectorarray.py" line="264" name="test_append[compatible_vector_array_pair8-&lt;lambda&gt;17]" time="0.00040340423583984375"><skipped message="Suite splitting in effect" type="pytest.skip">src/pymortests/vectorarray.py:264: Suite splitting in effect</skipped></testcase><testcase classname="src.pymortests.vectorarray" file="src/pymortests/vectorarray.py" line="264" name="test_append[compatible_vector_array_pair8-&lt;lambda&gt;18]" time="0.0004315376281738281"><skipped message="Suite splitting in effect" type="pytest.skip">src/pymortests/vectorarray.py:264: Suite splitting in effect</skipped></testcase><testcase classname="src.pymortests.vectorarray" file="src/pymortests/vectorarray.py" line="264" name="test_append[compatible_vector_array_pair8-&lt;lambda&gt;19]" time="0.00042819976806640625"><skipped message="Suite splitting in effect" type="pytest.skip">src/pymortests/vectorarray.py:264: Suite splitting in effect</skipped></testcase><testcase classname="src.pymortests.vectorarray" file="src/pymortests/vectorarray.py" line="264" name="test_append[compatible_vector_array_pair8-&lt;lambda&gt;20]" time="0.0004322528839111328"><skipped message="Suite splitting in effect" type="pytest.skip">src/pymortests/vectorarray.py:264: Suite splitting in effect</skipped></testcase><testcase classname="src.pymortests.vectorarray" file="src/pymortests/vectorarray.py" line="264" name="test_append[compatible_vector_array_pair8-&lt;lambda&gt;21]" time="0.0003986358642578125"><skipped message="Suite splitting in effect" type="pytest.skip">src/pymortests/vectorarray.py:264: Suite splitting in effect</skipped></testcase><testcase classname="src.pymortests.vectorarray" file="src/pymortests/vectorarray.py" line="264" name="test_append[compatible_vector_array_pair8-&lt;lambda&gt;22]" time="0.0004286766052246094"><skipped message="Suite splitting in effect" type="pytest.skip">src/pymortests/vectorarray.py:264: Suite splitting in effect</skipped></testcase><testcase classname="src.pymortests.vectorarray" file="src/pymortests/vectorarray.py" line="264" name="test_append[compatible_vector_array_pair8-&lt;lambda&gt;23]" time="0.00044035911560058594"><skipped message="Suite splitting in effect" type="pytest.skip">src/pymortests/vectorarray.py:264: Suite splitting in effect</skipped></testcase><testcase classname="src.pymortests.vectorarray" file="src/pymortests/vectorarray.py" line="264" name="test_append[compatible_vector_array_pair8-&lt;lambda&gt;24]" time="0.00040650367736816406"><skipped message="Suite splitting in effect" type="pytest.skip">src/pymortests/vectorarray.py:264: Suite splitting in effect</skipped></testcase><testcase classname="src.pymortests.vectorarray" file="src/pymortests/vectorarray.py" line="264" name="test_append[compatible_vector_array_pair8-&lt;lambda&gt;25]" time="0.0004055500030517578"><skipped message="Suite splitting in effect" type="pytest.skip">src/pymortests/vectorarray.py:264: Suite splitting in effect</skipped></testcase><testcase classname="src.pymortests.vectorarray" file="src/pymortests/vectorarray.py" line="264" name="test_append[compatible_vector_array_pair8-&lt;lambda&gt;26]" time="0.0004324913024902344"><skipped message="Suite splitting in effect" type="pytest.skip">src/pymortests/vectorarray.py:264: Suite splitting in effect</skipped></testcase><testcase classname="src.pymortests.vectorarray" file="src/pymortests/vectorarray.py" line="264" name="test_append[compatible_vector_array_pair8-&lt;lambda&gt;27]" time="0.00042557716369628906"><skipped message="Suite splitting in effect" type="pytest.skip">src/pymortests/vectorarray.py:264: Suite splitting in effect</skipped></testcase><testcase classname="src.pymortests.vectorarray" file="src/pymortests/vectorarray.py" line="264" name="test_append[compatible_vector_array_pair8-&lt;lambda&gt;28]" time="0.0004184246063232422"><skipped message="Suite splitting in effect" type="pytest.skip">src/pymortests/vectorarray.py:264: Suite splitting in effect</skipped></testcase><testcase classname="src.pymortests.vectorarray" file="src/pymortests/vectorarray.py" line="264" name="test_append[compatible_vector_array_pair8-&lt;lambda&gt;29]" time="0.0004229545593261719"><skipped message="Suite splitting in effect" type="pytest.skip">src/pymortests/vectorarray.py:264: Suite splitting in effect</skipped></testcase><testcase classname="src.pymortests.vectorarray" file="src/pymortests/vectorarray.py" line="290" name="test_append_self[0-&lt;lambda&gt;0]" time="0.0003933906555175781"><skipped message="Suite splitting in effect" type="pytest.skip">src/pymortests/vectorarray.py:290: Suite splitting in effect</skipped></testcase><testcase classname="src.pymortests.vectorarray" file="src/pymortests/vectorarray.py" line="290" name="test_append_self[0-&lt;lambda&gt;1]" time="0.0004525184631347656"><skipped message="Suite splitting in effect" type="pytest.skip">src/pymortests/vectorarray.py:290: Suite splitting in effect</skipped></testcase><testcase classname="src.pymortests.vectorarray" file="src/pymortests/vectorarray.py" line="290" name="test_append_self[0-&lt;lambda&gt;2]" time="0.0004124641418457031"><skipped message="Suite splitting in effect" type="pytest.skip">src/pymortests/vectorarray.py:290: Suite splitting in effect</skipped></testcase><testcase classname="src.pymortests.vectorarray" file="src/pymortests/vectorarray.py" line="290" name="test_append_self[0-&lt;lambda&gt;3]" time="0.00041747093200683594"><skipped message="Suite splitting in effect" type="pytest.skip">src/pymortests/vectorarray.py:290: Suite splitting in effect</skipped></testcase><testcase classname="src.pymortests.vectorarray" file="src/pymortests/vectorarray.py" line="290" name="test_append_self[0-&lt;lambda&gt;4]" time="0.0003898143768310547"><skipped message="Suite splitting in effect" type="pytest.skip">src/pymortests/vectorarray.py:290: Suite splitting in effect</skipped></testcase><testcase classname="src.pymortests.vectorarray" file="src/pymortests/vectorarray.py" line="290" name="test_append_self[0-&lt;lambda&gt;5]" time="0.00041174888610839844"><skipped message="Suite splitting in effect" type="pytest.skip">src/pymortests/vectorarray.py:290: Suite splitting in effect</skipped></testcase><testcase classname="src.pymortests.vectorarray" file="src/pymortests/vectorarray.py" line="290" name="test_append_self[0-&lt;lambda&gt;6]" time="0.00041222572326660156"><skipped message="Suite splitting in effect" type="pytest.skip">src/pymortests/vectorarray.py:290: Suite splitting in effect</skipped></testcase><testcase classname="src.pymortests.vectorarray" file="src/pymortests/vectorarray.py" line="290" name="test_append_self[0-&lt;lambda&gt;7]" time="0.00043845176696777344"><skipped message="Suite splitting in effect" type="pytest.skip">src/pymortests/vectorarray.py:290: Suite splitting in effect</skipped></testcase><testcase classname="src.pymortests.vectorarray" file="src/pymortests/vectorarray.py" line="290" name="test_append_self[0-&lt;lambda&gt;8]" time="0.00043845176696777344"><skipped message="Suite splitting in effect" type="pytest.skip">src/pymortests/vectorarray.py:290: Suite splitting in effect</skipped></testcase><testcase classname="src.pymortests.vectorarray" file="src/pymortests/vectorarray.py" line="290" name="test_append_self[0-&lt;lambda&gt;9]" time="0.0003941059112548828"><skipped message="Suite splitting in effect" type="pytest.skip">src/pymortests/vectorarray.py:290: Suite splitting in effect</skipped></testcase><testcase classname="src.pymortests.vectorarray" file="src/pymortests/vectorarray.py" line="290" name="test_append_self[0-&lt;lambda&gt;10]" time="0.00040912628173828125"><skipped message="Suite splitting in effect" type="pytest.skip">src/pymortests/vectorarray.py:290: Suite splitting in effect</skipped></testcase><testcase classname="src.pymortests.vectorarray" file="src/pymortests/vectorarray.py" line="290" name="test_append_self[0-&lt;lambda&gt;11]" time="0.0005507469177246094"><skipped message="Suite splitting in effect" type="pytest.skip">src/pymortests/vectorarray.py:290: Suite splitting in effect</skipped></testcase><testcase classname="src.pymortests.vectorarray" file="src/pymortests/vectorarray.py" line="290" name="test_append_self[0-&lt;lambda&gt;12]" time="0.00045180320739746094"><skipped message="Suite splitting in effect" type="pytest.skip">src/pymortests/vectorarray.py:290: Suite splitting in effect</skipped></testcase><testcase classname="src.pymortests.vectorarray" file="src/pymortests/vectorarray.py" line="290" name="test_append_self[0-&lt;lambda&gt;13]" time="0.0003974437713623047"><skipped message="Suite splitting in effect" type="pytest.skip">src/pymortests/vectorarray.py:290: Suite splitting in effect</skipped></testcase><testcase classname="src.pymortests.vectorarray" file="src/pymortests/vectorarray.py" line="290" name="test_append_self[0-&lt;lambda&gt;14]" time="0.00042629241943359375"><skipped message="Suite splitting in effect" type="pytest.skip">src/pymortests/vectorarray.py:290: Suite splitting in effect</skipped></testcase><testcase classname="src.pymortests.vectorarray" file="src/pymortests/vectorarray.py" line="290" name="test_append_self[0-&lt;lambda&gt;15]" time="0.0003986358642578125"><skipped message="Suite splitting in effect" type="pytest.skip">src/pymortests/vectorarray.py:290: Suite splitting in effect</skipped></testcase><testcase classname="src.pymortests.vectorarray" file="src/pymortests/vectorarray.py" line="290" name="test_append_self[0-&lt;lambda&gt;16]" time="0.00042891502380371094"><skipped message="Suite splitting in effect" type="pytest.skip">src/pymortests/vectorarray.py:290: Suite splitting in effect</skipped></testcase><testcase classname="src.pymortests.vectorarray" file="src/pymortests/vectorarray.py" line="290" name="test_append_self[0-&lt;lambda&gt;17]" time="0.00040030479431152344"><skipped message="Suite splitting in effect" type="pytest.skip">src/pymortests/vectorarray.py:290: Suite splitting in effect</skipped></testcase><testcase classname="src.pymortests.vectorarray" file="src/pymortests/vectorarray.py" line="290" name="test_append_self[0-&lt;lambda&gt;18]" time="0.00040793418884277344"><skipped message="Suite splitting in effect" type="pytest.skip">src/pymortests/vectorarray.py:290: Suite splitting in effect</skipped></testcase><testcase classname="src.pymortests.vectorarray" file="src/pymortests/vectorarray.py" line="290" name="test_append_self[0-&lt;lambda&gt;19]" time="0.00041604042053222656"><skipped message="Suite splitting in effect" type="pytest.skip">src/pymortests/vectorarray.py:290: Suite splitting in effect</skipped></testcase><testcase classname="src.pymortests.vectorarray" file="src/pymortests/vectorarray.py" line="290" name="test_append_self[0-&lt;lambda&gt;20]" time="0.0004227161407470703"><skipped message="Suite splitting in effect" type="pytest.skip">src/pymortests/vectorarray.py:290: Suite splitting in effect</skipped></testcase><testcase classname="src.pymortests.vectorarray" file="src/pymortests/vectorarray.py" line="290" name="test_append_self[0-&lt;lambda&gt;21]" time="0.0004286766052246094"><skipped message="Suite splitting in effect" type="pytest.skip">src/pymortests/vectorarray.py:290: Suite splitting in effect</skipped></testcase><testcase classname="src.pymortests.vectorarray" file="src/pymortests/vectorarray.py" line="290" name="test_append_self[0-&lt;lambda&gt;22]" time="0.00040984153747558594"><skipped message="Suite splitting in effect" type="pytest.skip">src/pymortests/vectorarray.py:290: Suite splitting in effect</skipped></testcase><testcase classname="src.pymortests.vectorarray" file="src/pymortests/vectorarray.py" line="290" name="test_append_self[0-&lt;lambda&gt;23]" time="0.0004074573516845703"><skipped message="Suite splitting in effect" type="pytest.skip">src/pymortests/vectorarray.py:290: Suite splitting in effect</skipped></testcase><testcase classname="src.pymortests.vectorarray" file="src/pymortests/vectorarray.py" line="290" name="test_append_self[0-&lt;lambda&gt;24]" time="0.0004177093505859375"><skipped message="Suite splitting in effect" type="pytest.skip">src/pymortests/vectorarray.py:290: Suite splitting in effect</skipped></testcase><testcase classname="src.pymortests.vectorarray" file="src/pymortests/vectorarray.py" line="290" name="test_append_self[0-&lt;lambda&gt;25]" time="0.00045013427734375"><skipped message="Suite splitting in effect" type="pytest.skip">src/pymortests/vectorarray.py:290: Suite splitting in effect</skipped></testcase><testcase classname="src.pymortests.vectorarray" file="src/pymortests/vectorarray.py" line="290" name="test_append_self[0-&lt;lambda&gt;26]" time="0.0004093647003173828"><skipped message="Suite splitting in effect" type="pytest.skip">src/pymortests/vectorarray.py:290: Suite splitting in effect</skipped></testcase><testcase classname="src.pymortests.vectorarray" file="src/pymortests/vectorarray.py" line="290" name="test_append_self[1-&lt;lambda&gt;0]" time="0.0004401206970214844"><skipped message="Suite splitting in effect" type="pytest.skip">src/pymortests/vectorarray.py:290: Suite splitting in effect</skipped></testcase><testcase classname="src.pymortests.vectorarray" file="src/pymortests/vectorarray.py" line="290" name="test_append_self[1-&lt;lambda&gt;1]" time="0.00040721893310546875"><skipped message="Suite splitting in effect" type="pytest.skip">src/pymortests/vectorarray.py:290: Suite splitting in effect</skipped></testcase><testcase classname="src.pymortests.vectorarray" file="src/pymortests/vectorarray.py" line="290" name="test_append_self[1-&lt;lambda&gt;2]" time="0.0004181861877441406"><skipped message="Suite splitting in effect" type="pytest.skip">src/pymortests/vectorarray.py:290: Suite splitting in effect</skipped></testcase><testcase classname="src.pymortests.vectorarray" file="src/pymortests/vectorarray.py" line="290" name="test_append_self[1-&lt;lambda&gt;3]" time="0.0003914833068847656"><skipped message="Suite splitting in effect" type="pytest.skip">src/pymortests/vectorarray.py:290: Suite splitting in effect</skipped></testcase><testcase classname="src.pymortests.vectorarray" file="src/pymortests/vectorarray.py" line="290" name="test_append_self[1-&lt;lambda&gt;4]" time="0.0004227161407470703"><skipped message="Suite splitting in effect" type="pytest.skip">src/pymortests/vectorarray.py:290: Suite splitting in effect</skipped></testcase><testcase classname="src.pymortests.vectorarray" file="src/pymortests/vectorarray.py" line="290" name="test_append_self[1-&lt;lambda&gt;5]" time="0.0006861686706542969"><skipped message="Suite splitting in effect" type="pytest.skip">src/pymortests/vectorarray.py:290: Suite splitting in effect</skipped></testcase><testcase classname="src.pymortests.vectorarray" file="src/pymortests/vectorarray.py" line="290" name="test_append_self[1-&lt;lambda&gt;6]" time="0.0003921985626220703"><skipped message="Suite splitting in effect" type="pytest.skip">src/pymortests/vectorarray.py:290: Suite splitting in effect</skipped></testcase><testcase classname="src.pymortests.vectorarray" file="src/pymortests/vectorarray.py" line="290" name="test_append_self[1-&lt;lambda&gt;7]" time="0.0004062652587890625"><skipped message="Suite splitting in effect" type="pytest.skip">src/pymortests/vectorarray.py:290: Suite splitting in effect</skipped></testcase><testcase classname="src.pymortests.vectorarray" file="src/pymortests/vectorarray.py" line="290" name="test_append_self[1-&lt;lambda&gt;8]" time="0.0003933906555175781"><skipped message="Suite splitting in effect" type="pytest.skip">src/pymortests/vectorarray.py:290: Suite splitting in effect</skipped></testcase><testcase classname="src.pymortests.vectorarray" file="src/pymortests/vectorarray.py" line="290" name="test_append_self[1-&lt;lambda&gt;9]" time="0.0004124641418457031"><skipped message="Suite splitting in effect" type="pytest.skip">src/pymortests/vectorarray.py:290: Suite splitting in effect</skipped></testcase><testcase classname="src.pymortests.vectorarray" file="src/pymortests/vectorarray.py" line="290" name="test_append_self[1-&lt;lambda&gt;10]" time="0.00043487548828125"><skipped message="Suite splitting in effect" type="pytest.skip">src/pymortests/vectorarray.py:290: Suite splitting in effect</skipped></testcase><testcase classname="src.pymortests.vectorarray" file="src/pymortests/vectorarray.py" line="290" name="test_append_self[1-&lt;lambda&gt;11]" time="0.00042128562927246094"><skipped message="Suite splitting in effect" type="pytest.skip">src/pymortests/vectorarray.py:290: Suite splitting in effect</skipped></testcase><testcase classname="src.pymortests.vectorarray" file="src/pymortests/vectorarray.py" line="290" name="test_append_self[1-&lt;lambda&gt;12]" time="0.0004203319549560547"><skipped message="Suite splitting in effect" type="pytest.skip">src/pymortests/vectorarray.py:290: Suite splitting in effect</skipped></testcase><testcase classname="src.pymortests.vectorarray" file="src/pymortests/vectorarray.py" line="290" name="test_append_self[1-&lt;lambda&gt;13]" time="0.0004296302795410156"><skipped message="Suite splitting in effect" type="pytest.skip">src/pymortests/vectorarray.py:290: Suite splitting in effect</skipped></testcase><testcase classname="src.pymortests.vectorarray" file="src/pymortests/vectorarray.py" line="290" name="test_append_self[1-&lt;lambda&gt;14]" time="0.00040650367736816406"><skipped message="Suite splitting in effect" type="pytest.skip">src/pymortests/vectorarray.py:290: Suite splitting in effect</skipped></testcase><testcase classname="src.pymortests.vectorarray" file="src/pymortests/vectorarray.py" line="290" name="test_append_self[1-&lt;lambda&gt;15]" time="0.0004057884216308594"><skipped message="Suite splitting in effect" type="pytest.skip">src/pymortests/vectorarray.py:290: Suite splitting in effect</skipped></testcase><testcase classname="src.pymortests.vectorarray" file="src/pymortests/vectorarray.py" line="290" name="test_append_self[1-&lt;lambda&gt;16]" time="0.000431060791015625"><skipped message="Suite splitting in effect" type="pytest.skip">src/pymortests/vectorarray.py:290: Suite splitting in effect</skipped></testcase><testcase classname="src.pymortests.vectorarray" file="src/pymortests/vectorarray.py" line="290" name="test_append_self[1-&lt;lambda&gt;17]" time="0.0004088878631591797"><skipped message="Suite splitting in effect" type="pytest.skip">src/pymortests/vectorarray.py:290: Suite splitting in effect</skipped></testcase><testcase classname="src.pymortests.vectorarray" file="src/pymortests/vectorarray.py" line="290" name="test_append_self[1-&lt;lambda&gt;18]" time="0.00041484832763671875"><skipped message="Suite splitting in effect" type="pytest.skip">src/pymortests/vectorarray.py:290: Suite splitting in effect</skipped></testcase><testcase classname="src.pymortests.vectorarray" file="src/pymortests/vectorarray.py" line="290" name="test_append_self[1-&lt;lambda&gt;19]" time="0.00041794776916503906"><skipped message="Suite splitting in effect" type="pytest.skip">src/pymortests/vectorarray.py:290: Suite splitting in effect</skipped></testcase><testcase classname="src.pymortests.vectorarray" file="src/pymortests/vectorarray.py" line="290" name="test_append_self[1-&lt;lambda&gt;20]" time="0.00043129920959472656"><skipped message="Suite splitting in effect" type="pytest.skip">src/pymortests/vectorarray.py:290: Suite splitting in effect</skipped></testcase><testcase classname="src.pymortests.vectorarray" file="src/pymortests/vectorarray.py" line="290" name="test_append_self[1-&lt;lambda&gt;21]" time="0.000396728515625"><skipped message="Suite splitting in effect" type="pytest.skip">src/pymortests/vectorarray.py:290: Suite splitting in effect</skipped></testcase><testcase classname="src.pymortests.vectorarray" file="src/pymortests/vectorarray.py" line="290" name="test_append_self[1-&lt;lambda&gt;22]" time="0.0004317760467529297"><skipped message="Suite splitting in effect" type="pytest.skip">src/pymortests/vectorarray.py:290: Suite splitting in effect</skipped></testcase><testcase classname="src.pymortests.vectorarray" file="src/pymortests/vectorarray.py" line="290" name="test_append_self[1-&lt;lambda&gt;23]" time="0.0004191398620605469"><skipped message="Suite splitting in effect" type="pytest.skip">src/pymortests/vectorarray.py:290: Suite splitting in effect</skipped></testcase><testcase classname="src.pymortests.vectorarray" file="src/pymortests/vectorarray.py" line="290" name="test_append_self[1-&lt;lambda&gt;24]" time="0.00043082237243652344"><skipped message="Suite splitting in effect" type="pytest.skip">src/pymortests/vectorarray.py:290: Suite splitting in effect</skipped></testcase><testcase classname="src.pymortests.vectorarray" file="src/pymortests/vectorarray.py" line="290" name="test_append_self[1-&lt;lambda&gt;25]" time="0.0003943443298339844"><skipped message="Suite splitting in effect" type="pytest.skip">src/pymortests/vectorarray.py:290: Suite splitting in effect</skipped></testcase><testcase classname="src.pymortests.vectorarray" file="src/pymortests/vectorarray.py" line="290" name="test_append_self[1-&lt;lambda&gt;26]" time="0.0005679130554199219"><skipped message="Suite splitting in effect" type="pytest.skip">src/pymortests/vectorarray.py:290: Suite splitting in effect</skipped></testcase><testcase classname="src.pymortests.vectorarray" file="src/pymortests/vectorarray.py" line="290" name="test_append_self[2-&lt;lambda&gt;0]" time="0.00039386749267578125"><skipped message="Suite splitting in effect" type="pytest.skip">src/pymortests/vectorarray.py:290: Suite splitting in effect</skipped></testcase><testcase classname="src.pymortests.vectorarray" file="src/pymortests/vectorarray.py" line="290" name="test_append_self[2-&lt;lambda&gt;1]" time="0.0004374980926513672"><skipped message="Suite splitting in effect" type="pytest.skip">src/pymortests/vectorarray.py:290: Suite splitting in effect</skipped></testcase><testcase classname="src.pymortests.vectorarray" file="src/pymortests/vectorarray.py" line="290" name="test_append_self[2-&lt;lambda&gt;2]" time="0.00041484832763671875"><skipped message="Suite splitting in effect" type="pytest.skip">src/pymortests/vectorarray.py:290: Suite splitting in effect</skipped></testcase><testcase classname="src.pymortests.vectorarray" file="src/pymortests/vectorarray.py" line="290" name="test_append_self[2-&lt;lambda&gt;3]" time="0.0004143714904785156"><skipped message="Suite splitting in effect" type="pytest.skip">src/pymortests/vectorarray.py:290: Suite splitting in effect</skipped></testcase><testcase classname="src.pymortests.vectorarray" file="src/pymortests/vectorarray.py" line="290" name="test_append_self[2-&lt;lambda&gt;4]" time="0.0003986358642578125"><skipped message="Suite splitting in effect" type="pytest.skip">src/pymortests/vectorarray.py:290: Suite splitting in effect</skipped></testcase><testcase classname="src.pymortests.vectorarray" file="src/pymortests/vectorarray.py" line="290" name="test_append_self[2-&lt;lambda&gt;5]" time="0.00040984153747558594"><skipped message="Suite splitting in effect" type="pytest.skip">src/pymortests/vectorarray.py:290: Suite splitting in effect</skipped></testcase><testcase classname="src.pymortests.vectorarray" file="src/pymortests/vectorarray.py" line="290" name="test_append_self[2-&lt;lambda&gt;6]" time="0.00043320655822753906"><skipped message="Suite splitting in effect" type="pytest.skip">src/pymortests/vectorarray.py:290: Suite splitting in effect</skipped></testcase><testcase classname="src.pymortests.vectorarray" file="src/pymortests/vectorarray.py" line="290" name="test_append_self[2-&lt;lambda&gt;7]" time="0.0004246234893798828"><skipped message="Suite splitting in effect" type="pytest.skip">src/pymortests/vectorarray.py:290: Suite splitting in effect</skipped></testcase><testcase classname="src.pymortests.vectorarray" file="src/pymortests/vectorarray.py" line="290" name="test_append_self[2-&lt;lambda&gt;8]" time="0.0004279613494873047"><skipped message="Suite splitting in effect" type="pytest.skip">src/pymortests/vectorarray.py:290: Suite splitting in effect</skipped></testcase><testcase classname="src.pymortests.vectorarray" file="src/pymortests/vectorarray.py" line="290" name="test_append_self[2-&lt;lambda&gt;9]" time="0.00043392181396484375"><skipped message="Suite splitting in effect" type="pytest.skip">src/pymortests/vectorarray.py:290: Suite splitting in effect</skipped></testcase><testcase classname="src.pymortests.vectorarray" file="src/pymortests/vectorarray.py" line="290" name="test_append_self[2-&lt;lambda&gt;10]" time="0.00041747093200683594"><skipped message="Suite splitting in effect" type="pytest.skip">src/pymortests/vectorarray.py:290: Suite splitting in effect</skipped></testcase><testcase classname="src.pymortests.vectorarray" file="src/pymortests/vectorarray.py" line="290" name="test_append_self[2-&lt;lambda&gt;11]" time="0.00040435791015625"><skipped message="Suite splitting in effect" type="pytest.skip">src/pymortests/vectorarray.py:290: Suite splitting in effect</skipped></testcase><testcase classname="src.pymortests.vectorarray" file="src/pymortests/vectorarray.py" line="290" name="test_append_self[2-&lt;lambda&gt;12]" time="0.00044655799865722656"><skipped message="Suite splitting in effect" type="pytest.skip">src/pymortests/vectorarray.py:290: Suite splitting in effect</skipped></testcase><testcase classname="src.pymortests.vectorarray" file="src/pymortests/vectorarray.py" line="290" name="test_append_self[2-&lt;lambda&gt;13]" time="0.0004253387451171875"><skipped message="Suite splitting in effect" type="pytest.skip">src/pymortests/vectorarray.py:290: Suite splitting in effect</skipped></testcase><testcase classname="src.pymortests.vectorarray" file="src/pymortests/vectorarray.py" line="290" name="test_append_self[2-&lt;lambda&gt;14]" time="0.0004029273986816406"><skipped message="Suite splitting in effect" type="pytest.skip">src/pymortests/vectorarray.py:290: Suite splitting in effect</skipped></testcase><testcase classname="src.pymortests.vectorarray" file="src/pymortests/vectorarray.py" line="290" name="test_append_self[2-&lt;lambda&gt;15]" time="0.0004100799560546875"><skipped message="Suite splitting in effect" type="pytest.skip">src/pymortests/vectorarray.py:290: Suite splitting in effect</skipped></testcase><testcase classname="src.pymortests.vectorarray" file="src/pymortests/vectorarray.py" line="290" name="test_append_self[2-&lt;lambda&gt;16]" time="0.0004222393035888672"><skipped message="Suite splitting in effect" type="pytest.skip">src/pymortests/vectorarray.py:290: Suite splitting in effect</skipped></testcase><testcase classname="src.pymortests.vectorarray" file="src/pymortests/vectorarray.py" line="290" name="test_append_self[2-&lt;lambda&gt;17]" time="0.0004010200500488281"><skipped message="Suite splitting in effect" type="pytest.skip">src/pymortests/vectorarray.py:290: Suite splitting in effect</skipped></testcase><testcase classname="src.pymortests.vectorarray" file="src/pymortests/vectorarray.py" line="290" name="test_append_self[2-&lt;lambda&gt;18]" time="0.0004115104675292969"><skipped message="Suite splitting in effect" type="pytest.skip">src/pymortests/vectorarray.py:290: Suite splitting in effect</skipped></testcase><testcase classname="src.pymortests.vectorarray" file="src/pymortests/vectorarray.py" line="290" name="test_append_self[2-&lt;lambda&gt;19]" time="0.00041365623474121094"><skipped message="Suite splitting in effect" type="pytest.skip">src/pymortests/vectorarray.py:290: Suite splitting in effect</skipped></testcase><testcase classname="src.pymortests.vectorarray" file="src/pymortests/vectorarray.py" line="290" name="test_append_self[2-&lt;lambda&gt;20]" time="0.0004189014434814453"><skipped message="Suite splitting in effect" type="pytest.skip">src/pymortests/vectorarray.py:290: Suite splitting in effect</skipped></testcase><testcase classname="src.pymortests.vectorarray" file="src/pymortests/vectorarray.py" line="290" name="test_append_self[2-&lt;lambda&gt;21]" time="0.0003898143768310547"><skipped message="Suite splitting in effect" type="pytest.skip">src/pymortests/vectorarray.py:290: Suite splitting in effect</skipped></testcase><testcase classname="src.pymortests.vectorarray" file="src/pymortests/vectorarray.py" line="290" name="test_append_self[2-&lt;lambda&gt;22]" time="0.0004496574401855469"><skipped message="Suite splitting in effect" type="pytest.skip">src/pymortests/vectorarray.py:290: Suite splitting in effect</skipped></testcase><testcase classname="src.pymortests.vectorarray" file="src/pymortests/vectorarray.py" line="290" name="test_append_self[2-&lt;lambda&gt;23]" time="0.00039315223693847656"><skipped message="Suite splitting in effect" type="pytest.skip">src/pymortests/vectorarray.py:290: Suite splitting in effect</skipped></testcase><testcase classname="src.pymortests.vectorarray" file="src/pymortests/vectorarray.py" line="290" name="test_append_self[2-&lt;lambda&gt;24]" time="0.00041556358337402344"><skipped message="Suite splitting in effect" type="pytest.skip">src/pymortests/vectorarray.py:290: Suite splitting in effect</skipped></testcase><testcase classname="src.pymortests.vectorarray" file="src/pymortests/vectorarray.py" line="290" name="test_append_self[2-&lt;lambda&gt;25]" time="0.0003972053527832031"><skipped message="Suite splitting in effect" type="pytest.skip">src/pymortests/vectorarray.py:290: Suite splitting in effect</skipped></testcase><testcase classname="src.pymortests.vectorarray" file="src/pymortests/vectorarray.py" line="290" name="test_append_self[2-&lt;lambda&gt;26]" time="0.0004134178161621094"><skipped message="Suite splitting in effect" type="pytest.skip">src/pymortests/vectorarray.py:290: Suite splitting in effect</skipped></testcase><testcase classname="src.pymortests.vectorarray" file="src/pymortests/vectorarray.py" line="306" name="test_del[0-&lt;lambda&gt;0]" time="0.000400543212890625"><skipped message="Suite splitting in effect" type="pytest.skip">src/pymortests/vectorarray.py:306: Suite splitting in effect</skipped></testcase><testcase classname="src.pymortests.vectorarray" file="src/pymortests/vectorarray.py" line="306" name="test_del[0-&lt;lambda&gt;1]" time="0.00041675567626953125"><skipped message="Suite splitting in effect" type="pytest.skip">src/pymortests/vectorarray.py:306: Suite splitting in effect</skipped></testcase><testcase classname="src.pymortests.vectorarray" file="src/pymortests/vectorarray.py" line="306" name="test_del[0-&lt;lambda&gt;2]" time="0.0004203319549560547"><skipped message="Suite splitting in effect" type="pytest.skip">src/pymortests/vectorarray.py:306: Suite splitting in effect</skipped></testcase><testcase classname="src.pymortests.vectorarray" file="src/pymortests/vectorarray.py" line="306" name="test_del[0-&lt;lambda&gt;3]" time="0.0004050731658935547"><skipped message="Suite splitting in effect" type="pytest.skip">src/pymortests/vectorarray.py:306: Suite splitting in effect</skipped></testcase><testcase classname="src.pymortests.vectorarray" file="src/pymortests/vectorarray.py" line="306" name="test_del[0-&lt;lambda&gt;4]" time="0.0004019737243652344"><skipped message="Suite splitting in effect" type="pytest.skip">src/pymortests/vectorarray.py:306: Suite splitting in effect</skipped></testcase><testcase classname="src.pymortests.vectorarray" file="src/pymortests/vectorarray.py" line="306" name="test_del[0-&lt;lambda&gt;5]" time="0.00042128562927246094"><skipped message="Suite splitting in effect" type="pytest.skip">src/pymortests/vectorarray.py:306: Suite splitting in effect</skipped></testcase><testcase classname="src.pymortests.vectorarray" file="src/pymortests/vectorarray.py" line="306" name="test_del[0-&lt;lambda&gt;6]" time="0.0004782676696777344"><skipped message="Suite splitting in effect" type="pytest.skip">src/pymortests/vectorarray.py:306: Suite splitting in effect</skipped></testcase><testcase classname="src.pymortests.vectorarray" file="src/pymortests/vectorarray.py" line="306" name="test_del[0-&lt;lambda&gt;7]" time="0.00040340423583984375"><skipped message="Suite splitting in effect" type="pytest.skip">src/pymortests/vectorarray.py:306: Suite splitting in effect</skipped></testcase><testcase classname="src.pymortests.vectorarray" file="src/pymortests/vectorarray.py" line="306" name="test_del[0-&lt;lambda&gt;8]" time="0.0004334449768066406"><skipped message="Suite splitting in effect" type="pytest.skip">src/pymortests/vectorarray.py:306: Suite splitting in effect</skipped></testcase><testcase classname="src.pymortests.vectorarray" file="src/pymortests/vectorarray.py" line="306" name="test_del[0-&lt;lambda&gt;9]" time="0.0003936290740966797"><skipped message="Suite splitting in effect" type="pytest.skip">src/pymortests/vectorarray.py:306: Suite splitting in effect</skipped></testcase><testcase classname="src.pymortests.vectorarray" file="src/pymortests/vectorarray.py" line="306" name="test_del[0-&lt;lambda&gt;10]" time="0.0011556148529052734"><skipped message="Suite splitting in effect" type="pytest.skip">src/pymortests/vectorarray.py:306: Suite splitting in effect</skipped></testcase><testcase classname="src.pymortests.vectorarray" file="src/pymortests/vectorarray.py" line="306" name="test_del[0-&lt;lambda&gt;11]" time="0.00041294097900390625"><skipped message="Suite splitting in effect" type="pytest.skip">src/pymortests/vectorarray.py:306: Suite splitting in effect</skipped></testcase><testcase classname="src.pymortests.vectorarray" file="src/pymortests/vectorarray.py" line="306" name="test_del[0-&lt;lambda&gt;12]" time="0.008458614349365234"></testcase><testcase classname="src.pymortests.vectorarray" file="src/pymortests/vectorarray.py" line="306" name="test_del[0-&lt;lambda&gt;13]" time="0.006005048751831055"></testcase><testcase classname="src.pymortests.vectorarray" file="src/pymortests/vectorarray.py" line="306" name="test_del[0-&lt;lambda&gt;14]" time="0.008166074752807617"></testcase><testcase classname="src.pymortests.vectorarray" file="src/pymortests/vectorarray.py" line="306" name="test_del[0-&lt;lambda&gt;15]" time="0.015529632568359375"></testcase><testcase classname="src.pymortests.vectorarray" file="src/pymortests/vectorarray.py" line="306" name="test_del[0-&lt;lambda&gt;16]" time="0.013676166534423828"></testcase><testcase classname="src.pymortests.vectorarray" file="src/pymortests/vectorarray.py" line="306" name="test_del[0-&lt;lambda&gt;17]" time="0.011145830154418945"></testcase><testcase classname="src.pymortests.vectorarray" file="src/pymortests/vectorarray.py" line="306" name="test_del[0-&lt;lambda&gt;18]" time="0.011027336120605469"></testcase><testcase classname="src.pymortests.vectorarray" file="src/pymortests/vectorarray.py" line="306" name="test_del[0-&lt;lambda&gt;19]" time="0.013296842575073242"></testcase><testcase classname="src.pymortests.vectorarray" file="src/pymortests/vectorarray.py" line="306" name="test_del[0-&lt;lambda&gt;20]" time="0.03839707374572754"></testcase><testcase classname="src.pymortests.vectorarray" file="src/pymortests/vectorarray.py" line="306" name="test_del[0-&lt;lambda&gt;21]" time="0.07969379425048828"></testcase><testcase classname="src.pymortests.vectorarray" file="src/pymortests/vectorarray.py" line="306" name="test_del[0-&lt;lambda&gt;22]" time="0.0054759979248046875"><system-out> set global mesh
 set global mesh
 Update mesh topology
 Update edges 
 Update faces 
 Update clusters
</system-out></testcase><testcase classname="src.pymortests.vectorarray" file="src/pymortests/vectorarray.py" line="306" name="test_del[0-&lt;lambda&gt;23]" time="0.004090309143066406"><system-out> set global mesh
 set global mesh
 Update mesh topology
 Update edges 
 Update faces 
 Update clusters
</system-out></testcase><testcase classname="src.pymortests.vectorarray" file="src/pymortests/vectorarray.py" line="306" name="test_del[0-&lt;lambda&gt;24]" time="0.00662994384765625"><system-out> set global mesh
 set global mesh
 Update mesh topology
 Update edges 
 Update faces 
 Update clusters
</system-out></testcase><testcase classname="src.pymortests.vectorarray" file="src/pymortests/vectorarray.py" line="306" name="test_del[0-&lt;lambda&gt;25]" time="0.048948049545288086"><system-out> set global mesh
 set global mesh
 Update mesh topology
 Update edges 
 Update faces 
 Update clusters
</system-out></testcase><testcase classname="src.pymortests.vectorarray" file="src/pymortests/vectorarray.py" line="306" name="test_del[0-&lt;lambda&gt;26]" time="0.11130237579345703"></testcase><testcase classname="src.pymortests.vectorarray" file="src/pymortests/vectorarray.py" line="306" name="test_del[1-&lt;lambda&gt;0]" time="0.004965066909790039"></testcase><testcase classname="src.pymortests.vectorarray" file="src/pymortests/vectorarray.py" line="306" name="test_del[1-&lt;lambda&gt;1]" time="0.003853321075439453"></testcase><testcase classname="src.pymortests.vectorarray" file="src/pymortests/vectorarray.py" line="306" name="test_del[1-&lt;lambda&gt;2]" time="0.0044476985931396484"></testcase><testcase classname="src.pymortests.vectorarray" file="src/pymortests/vectorarray.py" line="306" name="test_del[1-&lt;lambda&gt;3]" time="0.005290508270263672"></testcase><testcase classname="src.pymortests.vectorarray" file="src/pymortests/vectorarray.py" line="306" name="test_del[1-&lt;lambda&gt;4]" time="0.0056989192962646484"></testcase><testcase classname="src.pymortests.vectorarray" file="src/pymortests/vectorarray.py" line="306" name="test_del[1-&lt;lambda&gt;5]" time="0.0031404495239257812"></testcase><testcase classname="src.pymortests.vectorarray" file="src/pymortests/vectorarray.py" line="306" name="test_del[1-&lt;lambda&gt;6]" time="0.0030777454376220703"></testcase><testcase classname="src.pymortests.vectorarray" file="src/pymortests/vectorarray.py" line="306" name="test_del[1-&lt;lambda&gt;7]" time="0.004003286361694336"></testcase><testcase classname="src.pymortests.vectorarray" file="src/pymortests/vectorarray.py" line="306" name="test_del[1-&lt;lambda&gt;8]" time="0.01586627960205078"></testcase><testcase classname="src.pymortests.vectorarray" file="src/pymortests/vectorarray.py" line="306" name="test_del[1-&lt;lambda&gt;9]" time="0.03210735321044922"></testcase><testcase classname="src.pymortests.vectorarray" file="src/pymortests/vectorarray.py" line="306" name="test_del[1-&lt;lambda&gt;10]" time="0.00690460205078125"></testcase><testcase classname="src.pymortests.vectorarray" file="src/pymortests/vectorarray.py" line="306" name="test_del[1-&lt;lambda&gt;11]" time="0.007757663726806641"></testcase><testcase classname="src.pymortests.vectorarray" file="src/pymortests/vectorarray.py" line="306" name="test_del[1-&lt;lambda&gt;12]" time="0.007730722427368164"></testcase><testcase classname="src.pymortests.vectorarray" file="src/pymortests/vectorarray.py" line="306" name="test_del[1-&lt;lambda&gt;13]" time="0.005822181701660156"></testcase><testcase classname="src.pymortests.vectorarray" file="src/pymortests/vectorarray.py" line="306" name="test_del[1-&lt;lambda&gt;14]" time="0.00758814811706543"></testcase><testcase classname="src.pymortests.vectorarray" file="src/pymortests/vectorarray.py" line="306" name="test_del[1-&lt;lambda&gt;15]" time="0.010923624038696289"></testcase><testcase classname="src.pymortests.vectorarray" file="src/pymortests/vectorarray.py" line="306" name="test_del[1-&lt;lambda&gt;16]" time="0.012404441833496094"></testcase><testcase classname="src.pymortests.vectorarray" file="src/pymortests/vectorarray.py" line="306" name="test_del[1-&lt;lambda&gt;17]" time="0.011133670806884766"></testcase><testcase classname="src.pymortests.vectorarray" file="src/pymortests/vectorarray.py" line="306" name="test_del[1-&lt;lambda&gt;18]" time="0.010837078094482422"></testcase><testcase classname="src.pymortests.vectorarray" file="src/pymortests/vectorarray.py" line="306" name="test_del[1-&lt;lambda&gt;19]" time="0.012937068939208984"></testcase><testcase classname="src.pymortests.vectorarray" file="src/pymortests/vectorarray.py" line="306" name="test_del[1-&lt;lambda&gt;20]" time="0.03691601753234863"></testcase><testcase classname="src.pymortests.vectorarray" file="src/pymortests/vectorarray.py" line="306" name="test_del[1-&lt;lambda&gt;21]" time="0.07790207862854004"></testcase><testcase classname="src.pymortests.vectorarray" file="src/pymortests/vectorarray.py" line="306" name="test_del[1-&lt;lambda&gt;22]" time="0.004520893096923828"></testcase><testcase classname="src.pymortests.vectorarray" file="src/pymortests/vectorarray.py" line="306" name="test_del[1-&lt;lambda&gt;23]" time="0.0035588741302490234"></testcase><testcase classname="src.pymortests.vectorarray" file="src/pymortests/vectorarray.py" line="306" name="test_del[1-&lt;lambda&gt;24]" time="0.005833148956298828"></testcase><testcase classname="src.pymortests.vectorarray" file="src/pymortests/vectorarray.py" line="306" name="test_del[1-&lt;lambda&gt;25]" time="0.05122208595275879"></testcase><testcase classname="src.pymortests.vectorarray" file="src/pymortests/vectorarray.py" line="306" name="test_del[1-&lt;lambda&gt;26]" time="0.11659574508666992"></testcase><testcase classname="src.pymortests.vectorarray" file="src/pymortests/vectorarray.py" line="306" name="test_del[2-&lt;lambda&gt;0]" time="0.004698276519775391"></testcase><testcase classname="src.pymortests.vectorarray" file="src/pymortests/vectorarray.py" line="306" name="test_del[2-&lt;lambda&gt;1]" time="0.003988981246948242"></testcase><testcase classname="src.pymortests.vectorarray" file="src/pymortests/vectorarray.py" line="306" name="test_del[2-&lt;lambda&gt;2]" time="0.004584789276123047"></testcase><testcase classname="src.pymortests.vectorarray" file="src/pymortests/vectorarray.py" line="306" name="test_del[2-&lt;lambda&gt;3]" time="0.005335807800292969"></testcase><testcase classname="src.pymortests.vectorarray" file="src/pymortests/vectorarray.py" line="306" name="test_del[2-&lt;lambda&gt;4]" time="0.005675077438354492"></testcase><testcase classname="src.pymortests.vectorarray" file="src/pymortests/vectorarray.py" line="306" name="test_del[2-&lt;lambda&gt;5]" time="0.003253459930419922"></testcase><testcase classname="src.pymortests.vectorarray" file="src/pymortests/vectorarray.py" line="306" name="test_del[2-&lt;lambda&gt;6]" time="0.003077983856201172"></testcase><testcase classname="src.pymortests.vectorarray" file="src/pymortests/vectorarray.py" line="306" name="test_del[2-&lt;lambda&gt;7]" time="0.004253387451171875"></testcase><testcase classname="src.pymortests.vectorarray" file="src/pymortests/vectorarray.py" line="306" name="test_del[2-&lt;lambda&gt;8]" time="0.01611471176147461"></testcase><testcase classname="src.pymortests.vectorarray" file="src/pymortests/vectorarray.py" line="306" name="test_del[2-&lt;lambda&gt;9]" time="0.03254222869873047"></testcase><testcase classname="src.pymortests.vectorarray" file="src/pymortests/vectorarray.py" line="306" name="test_del[2-&lt;lambda&gt;10]" time="0.0068264007568359375"></testcase><testcase classname="src.pymortests.vectorarray" file="src/pymortests/vectorarray.py" line="306" name="test_del[2-&lt;lambda&gt;11]" time="0.0077364444732666016"></testcase><testcase classname="src.pymortests.vectorarray" file="src/pymortests/vectorarray.py" line="306" name="test_del[2-&lt;lambda&gt;12]" time="0.007604837417602539"></testcase><testcase classname="src.pymortests.vectorarray" file="src/pymortests/vectorarray.py" line="306" name="test_del[2-&lt;lambda&gt;13]" time="0.005928516387939453"></testcase><testcase classname="src.pymortests.vectorarray" file="src/pymortests/vectorarray.py" line="306" name="test_del[2-&lt;lambda&gt;14]" time="0.00757145881652832"></testcase><testcase classname="src.pymortests.vectorarray" file="src/pymortests/vectorarray.py" line="306" name="test_del[2-&lt;lambda&gt;15]" time="0.010872840881347656"></testcase><testcase classname="src.pymortests.vectorarray" file="src/pymortests/vectorarray.py" line="306" name="test_del[2-&lt;lambda&gt;16]" time="0.012999773025512695"></testcase><testcase classname="src.pymortests.vectorarray" file="src/pymortests/vectorarray.py" line="306" name="test_del[2-&lt;lambda&gt;17]" time="0.011034488677978516"></testcase><testcase classname="src.pymortests.vectorarray" file="src/pymortests/vectorarray.py" line="306" name="test_del[2-&lt;lambda&gt;18]" time="0.010704755783081055"></testcase><testcase classname="src.pymortests.vectorarray" file="src/pymortests/vectorarray.py" line="306" name="test_del[2-&lt;lambda&gt;19]" time="0.01268625259399414"></testcase><testcase classname="src.pymortests.vectorarray" file="src/pymortests/vectorarray.py" line="306" name="test_del[2-&lt;lambda&gt;20]" time="0.03666114807128906"></testcase><testcase classname="src.pymortests.vectorarray" file="src/pymortests/vectorarray.py" line="306" name="test_del[2-&lt;lambda&gt;21]" time="0.08032655715942383"></testcase><testcase classname="src.pymortests.vectorarray" file="src/pymortests/vectorarray.py" line="306" name="test_del[2-&lt;lambda&gt;22]" time="0.004317283630371094"></testcase><testcase classname="src.pymortests.vectorarray" file="src/pymortests/vectorarray.py" line="306" name="test_del[2-&lt;lambda&gt;23]" time="0.0034377574920654297"></testcase><testcase classname="src.pymortests.vectorarray" file="src/pymortests/vectorarray.py" line="306" name="test_del[2-&lt;lambda&gt;24]" time="0.005922079086303711"></testcase><testcase classname="src.pymortests.vectorarray" file="src/pymortests/vectorarray.py" line="306" name="test_del[2-&lt;lambda&gt;25]" time="0.05101728439331055"></testcase><testcase classname="src.pymortests.vectorarray" file="src/pymortests/vectorarray.py" line="306" name="test_del[2-&lt;lambda&gt;26]" time="0.11765789985656738"></testcase><testcase classname="src.pymortests.vectorarray" file="src/pymortests/vectorarray.py" line="323" name="test_scal[0-&lt;lambda&gt;0]" time="0.02042412757873535"></testcase><testcase classname="src.pymortests.vectorarray" file="src/pymortests/vectorarray.py" line="323" name="test_scal[0-&lt;lambda&gt;1]" time="0.021533489227294922"></testcase><testcase classname="src.pymortests.vectorarray" file="src/pymortests/vectorarray.py" line="323" name="test_scal[0-&lt;lambda&gt;2]" time="0.02058100700378418"></testcase><testcase classname="src.pymortests.vectorarray" file="src/pymortests/vectorarray.py" line="323" name="test_scal[0-&lt;lambda&gt;3]" time="0.024263620376586914"></testcase><testcase classname="src.pymortests.vectorarray" file="src/pymortests/vectorarray.py" line="323" name="test_scal[0-&lt;lambda&gt;4]" time="0.02447366714477539"></testcase><testcase classname="src.pymortests.vectorarray" file="src/pymortests/vectorarray.py" line="323" name="test_scal[0-&lt;lambda&gt;5]" time="0.01686859130859375"></testcase><testcase classname="src.pymortests.vectorarray" file="src/pymortests/vectorarray.py" line="323" name="test_scal[0-&lt;lambda&gt;6]" time="0.01674365997314453"></testcase><testcase classname="src.pymortests.vectorarray" file="src/pymortests/vectorarray.py" line="323" name="test_scal[0-&lt;lambda&gt;7]" time="0.019625425338745117"></testcase><testcase classname="src.pymortests.vectorarray" file="src/pymortests/vectorarray.py" line="323" name="test_scal[0-&lt;lambda&gt;8]" time="0.0930628776550293"></testcase><testcase classname="src.pymortests.vectorarray" file="src/pymortests/vectorarray.py" line="323" name="test_scal[0-&lt;lambda&gt;9]" time="0.17228460311889648"></testcase><testcase classname="src.pymortests.vectorarray" file="src/pymortests/vectorarray.py" line="323" name="test_scal[0-&lt;lambda&gt;10]" time="0.036376953125"></testcase><testcase classname="src.pymortests.vectorarray" file="src/pymortests/vectorarray.py" line="323" name="test_scal[0-&lt;lambda&gt;11]" time="0.03796124458312988"></testcase><testcase classname="src.pymortests.vectorarray" file="src/pymortests/vectorarray.py" line="323" name="test_scal[0-&lt;lambda&gt;12]" time="0.03566932678222656"></testcase><testcase classname="src.pymortests.vectorarray" file="src/pymortests/vectorarray.py" line="323" name="test_scal[0-&lt;lambda&gt;13]" time="0.02779555320739746"></testcase><testcase classname="src.pymortests.vectorarray" file="src/pymortests/vectorarray.py" line="323" name="test_scal[0-&lt;lambda&gt;14]" time="0.03854656219482422"></testcase><testcase classname="src.pymortests.vectorarray" file="src/pymortests/vectorarray.py" line="323" name="test_scal[0-&lt;lambda&gt;15]" time="0.05488777160644531"></testcase><testcase classname="src.pymortests.vectorarray" file="src/pymortests/vectorarray.py" line="323" name="test_scal[0-&lt;lambda&gt;16]" time="0.0594940185546875"></testcase><testcase classname="src.pymortests.vectorarray" file="src/pymortests/vectorarray.py" line="323" name="test_scal[0-&lt;lambda&gt;17]" time="0.0524749755859375"></testcase><testcase classname="src.pymortests.vectorarray" file="src/pymortests/vectorarray.py" line="323" name="test_scal[0-&lt;lambda&gt;18]" time="0.05314445495605469"></testcase><testcase classname="src.pymortests.vectorarray" file="src/pymortests/vectorarray.py" line="323" name="test_scal[0-&lt;lambda&gt;19]" time="0.06490468978881836"></testcase><testcase classname="src.pymortests.vectorarray" file="src/pymortests/vectorarray.py" line="323" name="test_scal[0-&lt;lambda&gt;20]" time="0.19331145286560059"></testcase><testcase classname="src.pymortests.vectorarray" file="src/pymortests/vectorarray.py" line="323" name="test_scal[0-&lt;lambda&gt;21]" time="0.4095604419708252"></testcase><testcase classname="src.pymortests.vectorarray" file="src/pymortests/vectorarray.py" line="323" name="test_scal[0-&lt;lambda&gt;22]" time="0.01879429817199707"></testcase><testcase classname="src.pymortests.vectorarray" file="src/pymortests/vectorarray.py" line="323" name="test_scal[0-&lt;lambda&gt;23]" time="0.018615245819091797"></testcase><testcase classname="src.pymortests.vectorarray" file="src/pymortests/vectorarray.py" line="323" name="test_scal[0-&lt;lambda&gt;24]" time="0.02950572967529297"></testcase><testcase classname="src.pymortests.vectorarray" file="src/pymortests/vectorarray.py" line="323" name="test_scal[0-&lt;lambda&gt;25]" time="0.29228687286376953"></testcase><testcase classname="src.pymortests.vectorarray" file="src/pymortests/vectorarray.py" line="323" name="test_scal[0-&lt;lambda&gt;26]" time="0.6398344039916992"></testcase><testcase classname="src.pymortests.vectorarray" file="src/pymortests/vectorarray.py" line="323" name="test_scal[1-&lt;lambda&gt;0]" time="0.019704580307006836"></testcase><testcase classname="src.pymortests.vectorarray" file="src/pymortests/vectorarray.py" line="323" name="test_scal[1-&lt;lambda&gt;1]" time="0.021708965301513672"></testcase><testcase classname="src.pymortests.vectorarray" file="src/pymortests/vectorarray.py" line="323" name="test_scal[1-&lt;lambda&gt;2]" time="0.024284839630126953"></testcase><testcase classname="src.pymortests.vectorarray" file="src/pymortests/vectorarray.py" line="323" name="test_scal[1-&lt;lambda&gt;3]" time="0.024435997009277344"></testcase><testcase classname="src.pymortests.vectorarray" file="src/pymortests/vectorarray.py" line="323" name="test_scal[1-&lt;lambda&gt;4]" time="0.024374723434448242"></testcase><testcase classname="src.pymortests.vectorarray" file="src/pymortests/vectorarray.py" line="323" name="test_scal[1-&lt;lambda&gt;5]" time="0.01712322235107422"></testcase><testcase classname="src.pymortests.vectorarray" file="src/pymortests/vectorarray.py" line="323" name="test_scal[1-&lt;lambda&gt;6]" time="0.016916751861572266"></testcase><testcase classname="src.pymortests.vectorarray" file="src/pymortests/vectorarray.py" line="323" name="test_scal[1-&lt;lambda&gt;7]" time="0.019575834274291992"></testcase><testcase classname="src.pymortests.vectorarray" file="src/pymortests/vectorarray.py" line="323" name="test_scal[1-&lt;lambda&gt;8]" time="0.09333610534667969"></testcase><testcase classname="src.pymortests.vectorarray" file="src/pymortests/vectorarray.py" line="323" name="test_scal[1-&lt;lambda&gt;9]" time="0.17284536361694336"></testcase><testcase classname="src.pymortests.vectorarray" file="src/pymortests/vectorarray.py" line="323" name="test_scal[1-&lt;lambda&gt;10]" time="0.036628007888793945"></testcase><testcase classname="src.pymortests.vectorarray" file="src/pymortests/vectorarray.py" line="323" name="test_scal[1-&lt;lambda&gt;11]" time="0.03752493858337402"></testcase><testcase classname="src.pymortests.vectorarray" file="src/pymortests/vectorarray.py" line="323" name="test_scal[1-&lt;lambda&gt;12]" time="0.03615832328796387"></testcase><testcase classname="src.pymortests.vectorarray" file="src/pymortests/vectorarray.py" line="323" name="test_scal[1-&lt;lambda&gt;13]" time="0.027988910675048828"></testcase><testcase classname="src.pymortests.vectorarray" file="src/pymortests/vectorarray.py" line="323" name="test_scal[1-&lt;lambda&gt;14]" time="0.037896156311035156"></testcase><testcase classname="src.pymortests.vectorarray" file="src/pymortests/vectorarray.py" line="323" name="test_scal[1-&lt;lambda&gt;15]" time="0.05446767807006836"></testcase><testcase classname="src.pymortests.vectorarray" file="src/pymortests/vectorarray.py" line="323" name="test_scal[1-&lt;lambda&gt;16]" time="0.05924487113952637"></testcase><testcase classname="src.pymortests.vectorarray" file="src/pymortests/vectorarray.py" line="323" name="test_scal[1-&lt;lambda&gt;17]" time="0.05240583419799805"></testcase><testcase classname="src.pymortests.vectorarray" file="src/pymortests/vectorarray.py" line="323" name="test_scal[1-&lt;lambda&gt;18]" time="0.05292773246765137"></testcase><testcase classname="src.pymortests.vectorarray" file="src/pymortests/vectorarray.py" line="323" name="test_scal[1-&lt;lambda&gt;19]" time="0.06439566612243652"></testcase><testcase classname="src.pymortests.vectorarray" file="src/pymortests/vectorarray.py" line="323" name="test_scal[1-&lt;lambda&gt;20]" time="0.19347906112670898"></testcase><testcase classname="src.pymortests.vectorarray" file="src/pymortests/vectorarray.py" line="323" name="test_scal[1-&lt;lambda&gt;21]" time="0.415219783782959"></testcase><testcase classname="src.pymortests.vectorarray" file="src/pymortests/vectorarray.py" line="323" name="test_scal[1-&lt;lambda&gt;22]" time="0.01851511001586914"></testcase><testcase classname="src.pymortests.vectorarray" file="src/pymortests/vectorarray.py" line="323" name="test_scal[1-&lt;lambda&gt;23]" time="0.018761873245239258"></testcase><testcase classname="src.pymortests.vectorarray" file="src/pymortests/vectorarray.py" line="323" name="test_scal[1-&lt;lambda&gt;24]" time="0.030220746994018555"></testcase><testcase classname="src.pymortests.vectorarray" file="src/pymortests/vectorarray.py" line="323" name="test_scal[1-&lt;lambda&gt;25]" time="0.3105735778808594"></testcase><testcase classname="src.pymortests.vectorarray" file="src/pymortests/vectorarray.py" line="323" name="test_scal[1-&lt;lambda&gt;26]" time="0.6886534690856934"></testcase><testcase classname="src.pymortests.vectorarray" file="src/pymortests/vectorarray.py" line="323" name="test_scal[2-&lt;lambda&gt;0]" time="0.020267248153686523"></testcase><testcase classname="src.pymortests.vectorarray" file="src/pymortests/vectorarray.py" line="323" name="test_scal[2-&lt;lambda&gt;1]" time="0.021579504013061523"></testcase><testcase classname="src.pymortests.vectorarray" file="src/pymortests/vectorarray.py" line="323" name="test_scal[2-&lt;lambda&gt;2]" time="0.020398855209350586"></testcase><testcase classname="src.pymortests.vectorarray" file="src/pymortests/vectorarray.py" line="323" name="test_scal[2-&lt;lambda&gt;3]" time="0.024320602416992188"></testcase><testcase classname="src.pymortests.vectorarray" file="src/pymortests/vectorarray.py" line="323" name="test_scal[2-&lt;lambda&gt;4]" time="0.02396106719970703"></testcase><testcase classname="src.pymortests.vectorarray" file="src/pymortests/vectorarray.py" line="323" name="test_scal[2-&lt;lambda&gt;5]" time="0.01714181900024414"></testcase><testcase classname="src.pymortests.vectorarray" file="src/pymortests/vectorarray.py" line="323" name="test_scal[2-&lt;lambda&gt;6]" time="0.016796112060546875"></testcase><testcase classname="src.pymortests.vectorarray" file="src/pymortests/vectorarray.py" line="323" name="test_scal[2-&lt;lambda&gt;7]" time="0.01944279670715332"></testcase><testcase classname="src.pymortests.vectorarray" file="src/pymortests/vectorarray.py" line="323" name="test_scal[2-&lt;lambda&gt;8]" time="0.09357190132141113"></testcase><testcase classname="src.pymortests.vectorarray" file="src/pymortests/vectorarray.py" line="323" name="test_scal[2-&lt;lambda&gt;9]" time="0.17196345329284668"></testcase><testcase classname="src.pymortests.vectorarray" file="src/pymortests/vectorarray.py" line="323" name="test_scal[2-&lt;lambda&gt;10]" time="0.03613877296447754"></testcase><testcase classname="src.pymortests.vectorarray" file="src/pymortests/vectorarray.py" line="323" name="test_scal[2-&lt;lambda&gt;11]" time="0.0372469425201416"></testcase><testcase classname="src.pymortests.vectorarray" file="src/pymortests/vectorarray.py" line="323" name="test_scal[2-&lt;lambda&gt;12]" time="0.03525209426879883"></testcase><testcase classname="src.pymortests.vectorarray" file="src/pymortests/vectorarray.py" line="323" name="test_scal[2-&lt;lambda&gt;13]" time="0.030836820602416992"></testcase><testcase classname="src.pymortests.vectorarray" file="src/pymortests/vectorarray.py" line="323" name="test_scal[2-&lt;lambda&gt;14]" time="0.0374455451965332"></testcase><testcase classname="src.pymortests.vectorarray" file="src/pymortests/vectorarray.py" line="323" name="test_scal[2-&lt;lambda&gt;15]" time="0.05411958694458008"></testcase><testcase classname="src.pymortests.vectorarray" file="src/pymortests/vectorarray.py" line="323" name="test_scal[2-&lt;lambda&gt;16]" time="0.05947089195251465"></testcase><testcase classname="src.pymortests.vectorarray" file="src/pymortests/vectorarray.py" line="323" name="test_scal[2-&lt;lambda&gt;17]" time="0.052858591079711914"></testcase><testcase classname="src.pymortests.vectorarray" file="src/pymortests/vectorarray.py" line="323" name="test_scal[2-&lt;lambda&gt;18]" time="0.05317282676696777"></testcase><testcase classname="src.pymortests.vectorarray" file="src/pymortests/vectorarray.py" line="323" name="test_scal[2-&lt;lambda&gt;19]" time="0.0637824535369873"></testcase><testcase classname="src.pymortests.vectorarray" file="src/pymortests/vectorarray.py" line="323" name="test_scal[2-&lt;lambda&gt;20]" time="0.19081401824951172"></testcase><testcase classname="src.pymortests.vectorarray" file="src/pymortests/vectorarray.py" line="323" name="test_scal[2-&lt;lambda&gt;21]" time="0.4097764492034912"></testcase><testcase classname="src.pymortests.vectorarray" file="src/pymortests/vectorarray.py" line="323" name="test_scal[2-&lt;lambda&gt;22]" time="0.018690824508666992"></testcase><testcase classname="src.pymortests.vectorarray" file="src/pymortests/vectorarray.py" line="323" name="test_scal[2-&lt;lambda&gt;23]" time="0.018805503845214844"></testcase><testcase classname="src.pymortests.vectorarray" file="src/pymortests/vectorarray.py" line="323" name="test_scal[2-&lt;lambda&gt;24]" time="0.03097701072692871"></testcase><testcase classname="src.pymortests.vectorarray" file="src/pymortests/vectorarray.py" line="323" name="test_scal[2-&lt;lambda&gt;25]" time="0.3329489231109619"></testcase><testcase classname="src.pymortests.vectorarray" file="src/pymortests/vectorarray.py" line="323" name="test_scal[2-&lt;lambda&gt;26]" time="0.7445895671844482"></testcase><testcase classname="src.pymortests.vectorarray" file="src/pymortests/vectorarray.py" line="361" name="test_axpy[compatible_vector_array_pair0-&lt;lambda&gt;0]" time="0.018573999404907227"></testcase><testcase classname="src.pymortests.vectorarray" file="src/pymortests/vectorarray.py" line="361" name="test_axpy[compatible_vector_array_pair0-&lt;lambda&gt;1]" time="0.005105733871459961"></testcase><testcase classname="src.pymortests.vectorarray" file="src/pymortests/vectorarray.py" line="361" name="test_axpy[compatible_vector_array_pair0-&lt;lambda&gt;2]" time="0.02771782875061035"></testcase><testcase classname="src.pymortests.vectorarray" file="src/pymortests/vectorarray.py" line="361" name="test_axpy[compatible_vector_array_pair0-&lt;lambda&gt;3]" time="0.029916763305664062"></testcase><testcase classname="src.pymortests.vectorarray" file="src/pymortests/vectorarray.py" line="361" name="test_axpy[compatible_vector_array_pair0-&lt;lambda&gt;4]" time="0.030982255935668945"></testcase><testcase classname="src.pymortests.vectorarray" file="src/pymortests/vectorarray.py" line="361" name="test_axpy[compatible_vector_array_pair0-&lt;lambda&gt;5]" time="0.04282665252685547"></testcase><testcase classname="src.pymortests.vectorarray" file="src/pymortests/vectorarray.py" line="361" name="test_axpy[compatible_vector_array_pair0-&lt;lambda&gt;6]" time="0.015193939208984375"></testcase><testcase classname="src.pymortests.vectorarray" file="src/pymortests/vectorarray.py" line="361" name="test_axpy[compatible_vector_array_pair0-&lt;lambda&gt;7]" time="0.004735231399536133"></testcase><testcase classname="src.pymortests.vectorarray" file="src/pymortests/vectorarray.py" line="361" name="test_axpy[compatible_vector_array_pair0-&lt;lambda&gt;8]" time="0.06752562522888184"></testcase><testcase classname="src.pymortests.vectorarray" file="src/pymortests/vectorarray.py" line="361" name="test_axpy[compatible_vector_array_pair0-&lt;lambda&gt;9]" time="0.11367535591125488"></testcase><testcase classname="src.pymortests.vectorarray" file="src/pymortests/vectorarray.py" line="361" name="test_axpy[compatible_vector_array_pair0-&lt;lambda&gt;10]" time="0.28613734245300293"></testcase><testcase classname="src.pymortests.vectorarray" file="src/pymortests/vectorarray.py" line="361" name="test_axpy[compatible_vector_array_pair0-&lt;lambda&gt;11]" time="0.04996943473815918"></testcase><testcase classname="src.pymortests.vectorarray" file="src/pymortests/vectorarray.py" line="361" name="test_axpy[compatible_vector_array_pair0-&lt;lambda&gt;12]" time="0.03808307647705078"></testcase><testcase classname="src.pymortests.vectorarray" file="src/pymortests/vectorarray.py" line="361" name="test_axpy[compatible_vector_array_pair0-&lt;lambda&gt;13]" time="0.00906991958618164"></testcase><testcase classname="src.pymortests.vectorarray" file="src/pymortests/vectorarray.py" line="361" name="test_axpy[compatible_vector_array_pair0-&lt;lambda&gt;14]" time="0.04212212562561035"></testcase><testcase classname="src.pymortests.vectorarray" file="src/pymortests/vectorarray.py" line="361" name="test_axpy[compatible_vector_array_pair0-&lt;lambda&gt;15]" time="0.07200050354003906"></testcase><testcase classname="src.pymortests.vectorarray" file="src/pymortests/vectorarray.py" line="361" name="test_axpy[compatible_vector_array_pair0-&lt;lambda&gt;16]" time="0.07627511024475098"></testcase><testcase classname="src.pymortests.vectorarray" file="src/pymortests/vectorarray.py" line="361" name="test_axpy[compatible_vector_array_pair0-&lt;lambda&gt;17]" time="0.08066129684448242"></testcase><testcase classname="src.pymortests.vectorarray" file="src/pymortests/vectorarray.py" line="361" name="test_axpy[compatible_vector_array_pair0-&lt;lambda&gt;18]" time="0.049738168716430664"></testcase><testcase classname="src.pymortests.vectorarray" file="src/pymortests/vectorarray.py" line="361" name="test_axpy[compatible_vector_array_pair0-&lt;lambda&gt;19]" time="0.008359670639038086"></testcase><testcase classname="src.pymortests.vectorarray" file="src/pymortests/vectorarray.py" line="361" name="test_axpy[compatible_vector_array_pair0-&lt;lambda&gt;20]" time="0.22544455528259277"></testcase><testcase classname="src.pymortests.vectorarray" file="src/pymortests/vectorarray.py" line="361" name="test_axpy[compatible_vector_array_pair0-&lt;lambda&gt;21]" time="0.19519567489624023"></testcase><testcase classname="src.pymortests.vectorarray" file="src/pymortests/vectorarray.py" line="361" name="test_axpy[compatible_vector_array_pair0-&lt;lambda&gt;22]" time="0.4943380355834961"></testcase><testcase classname="src.pymortests.vectorarray" file="src/pymortests/vectorarray.py" line="361" name="test_axpy[compatible_vector_array_pair0-&lt;lambda&gt;23]" time="0.10175013542175293"></testcase><testcase classname="src.pymortests.vectorarray" file="src/pymortests/vectorarray.py" line="361" name="test_axpy[compatible_vector_array_pair0-&lt;lambda&gt;24]" time="0.01703500747680664"></testcase><testcase classname="src.pymortests.vectorarray" file="src/pymortests/vectorarray.py" line="361" name="test_axpy[compatible_vector_array_pair0-&lt;lambda&gt;25]" time="0.0060231685638427734"></testcase><testcase classname="src.pymortests.vectorarray" file="src/pymortests/vectorarray.py" line="361" name="test_axpy[compatible_vector_array_pair0-&lt;lambda&gt;26]" time="0.24947476387023926"></testcase><testcase classname="src.pymortests.vectorarray" file="src/pymortests/vectorarray.py" line="361" name="test_axpy[compatible_vector_array_pair0-&lt;lambda&gt;27]" time="0.42522692680358887"></testcase><testcase classname="src.pymortests.vectorarray" file="src/pymortests/vectorarray.py" line="361" name="test_axpy[compatible_vector_array_pair0-&lt;lambda&gt;28]" time="1.2860209941864014"><system-out> set global mesh
 set global mesh
 Update mesh topology
 Update edges 
 Update faces 
 Update clusters
</system-out></testcase><testcase classname="src.pymortests.vectorarray" file="src/pymortests/vectorarray.py" line="361" name="test_axpy[compatible_vector_array_pair0-&lt;lambda&gt;29]" time="0.11563372611999512"><system-out> set global mesh
 set global mesh
 Update mesh topology
 Update edges 
 Update faces 
 Update clusters
</system-out></testcase><testcase classname="src.pymortests.vectorarray" file="src/pymortests/vectorarray.py" line="361" name="test_axpy[compatible_vector_array_pair1-&lt;lambda&gt;0]" time="0.01859283447265625"></testcase><testcase classname="src.pymortests.vectorarray" file="src/pymortests/vectorarray.py" line="361" name="test_axpy[compatible_vector_array_pair1-&lt;lambda&gt;1]" time="0.0051534175872802734"></testcase><testcase classname="src.pymortests.vectorarray" file="src/pymortests/vectorarray.py" line="361" name="test_axpy[compatible_vector_array_pair1-&lt;lambda&gt;2]" time="0.027652978897094727"></testcase><testcase classname="src.pymortests.vectorarray" file="src/pymortests/vectorarray.py" line="361" name="test_axpy[compatible_vector_array_pair1-&lt;lambda&gt;3]" time="0.03050374984741211"></testcase><testcase classname="src.pymortests.vectorarray" file="src/pymortests/vectorarray.py" line="361" name="test_axpy[compatible_vector_array_pair1-&lt;lambda&gt;4]" time="0.031163454055786133"></testcase><testcase classname="src.pymortests.vectorarray" file="src/pymortests/vectorarray.py" line="361" name="test_axpy[compatible_vector_array_pair1-&lt;lambda&gt;5]" time="0.043158769607543945"></testcase><testcase classname="src.pymortests.vectorarray" file="src/pymortests/vectorarray.py" line="361" name="test_axpy[compatible_vector_array_pair1-&lt;lambda&gt;6]" time="0.015356302261352539"></testcase><testcase classname="src.pymortests.vectorarray" file="src/pymortests/vectorarray.py" line="361" name="test_axpy[compatible_vector_array_pair1-&lt;lambda&gt;7]" time="0.004861116409301758"></testcase><testcase classname="src.pymortests.vectorarray" file="src/pymortests/vectorarray.py" line="361" name="test_axpy[compatible_vector_array_pair1-&lt;lambda&gt;8]" time="0.06716632843017578"></testcase><testcase classname="src.pymortests.vectorarray" file="src/pymortests/vectorarray.py" line="361" name="test_axpy[compatible_vector_array_pair1-&lt;lambda&gt;9]" time="0.11490678787231445"></testcase><testcase classname="src.pymortests.vectorarray" file="src/pymortests/vectorarray.py" line="361" name="test_axpy[compatible_vector_array_pair1-&lt;lambda&gt;10]" time="0.2892305850982666"></testcase><testcase classname="src.pymortests.vectorarray" file="src/pymortests/vectorarray.py" line="361" name="test_axpy[compatible_vector_array_pair1-&lt;lambda&gt;11]" time="0.050423383712768555"></testcase><testcase classname="src.pymortests.vectorarray" file="src/pymortests/vectorarray.py" line="361" name="test_axpy[compatible_vector_array_pair1-&lt;lambda&gt;12]" time="0.03495073318481445"></testcase><testcase classname="src.pymortests.vectorarray" file="src/pymortests/vectorarray.py" line="361" name="test_axpy[compatible_vector_array_pair1-&lt;lambda&gt;13]" time="0.00949406623840332"></testcase><testcase classname="src.pymortests.vectorarray" file="src/pymortests/vectorarray.py" line="361" name="test_axpy[compatible_vector_array_pair1-&lt;lambda&gt;14]" time="0.042522430419921875"></testcase><testcase classname="src.pymortests.vectorarray" file="src/pymortests/vectorarray.py" line="361" name="test_axpy[compatible_vector_array_pair1-&lt;lambda&gt;15]" time="0.07239317893981934"></testcase><testcase classname="src.pymortests.vectorarray" file="src/pymortests/vectorarray.py" line="361" name="test_axpy[compatible_vector_array_pair1-&lt;lambda&gt;16]" time="0.08290481567382812"></testcase><testcase classname="src.pymortests.vectorarray" file="src/pymortests/vectorarray.py" line="361" name="test_axpy[compatible_vector_array_pair1-&lt;lambda&gt;17]" time="0.08126020431518555"></testcase><testcase classname="src.pymortests.vectorarray" file="src/pymortests/vectorarray.py" line="361" name="test_axpy[compatible_vector_array_pair1-&lt;lambda&gt;18]" time="0.04976630210876465"></testcase><testcase classname="src.pymortests.vectorarray" file="src/pymortests/vectorarray.py" line="361" name="test_axpy[compatible_vector_array_pair1-&lt;lambda&gt;19]" time="0.008552789688110352"></testcase><testcase classname="src.pymortests.vectorarray" file="src/pymortests/vectorarray.py" line="361" name="test_axpy[compatible_vector_array_pair1-&lt;lambda&gt;20]" time="0.22547388076782227"></testcase><testcase classname="src.pymortests.vectorarray" file="src/pymortests/vectorarray.py" line="361" name="test_axpy[compatible_vector_array_pair1-&lt;lambda&gt;21]" time="0.19948124885559082"></testcase><testcase classname="src.pymortests.vectorarray" file="src/pymortests/vectorarray.py" line="361" name="test_axpy[compatible_vector_array_pair1-&lt;lambda&gt;22]" time="0.49541783332824707"></testcase><testcase classname="src.pymortests.vectorarray" file="src/pymortests/vectorarray.py" line="361" name="test_axpy[compatible_vector_array_pair1-&lt;lambda&gt;23]" time="0.1012721061706543"></testcase><testcase classname="src.pymortests.vectorarray" file="src/pymortests/vectorarray.py" line="361" name="test_axpy[compatible_vector_array_pair1-&lt;lambda&gt;24]" time="0.016844511032104492"></testcase><testcase classname="src.pymortests.vectorarray" file="src/pymortests/vectorarray.py" line="361" name="test_axpy[compatible_vector_array_pair1-&lt;lambda&gt;25]" time="0.005975961685180664"></testcase><testcase classname="src.pymortests.vectorarray" file="src/pymortests/vectorarray.py" line="361" name="test_axpy[compatible_vector_array_pair1-&lt;lambda&gt;26]" time="0.2745249271392822"></testcase><testcase classname="src.pymortests.vectorarray" file="src/pymortests/vectorarray.py" line="361" name="test_axpy[compatible_vector_array_pair1-&lt;lambda&gt;27]" time="0.466977596282959"></testcase><testcase classname="src.pymortests.vectorarray" file="src/pymortests/vectorarray.py" line="361" name="test_axpy[compatible_vector_array_pair1-&lt;lambda&gt;28]" time="1.59013032913208"></testcase><testcase classname="src.pymortests.vectorarray" file="src/pymortests/vectorarray.py" line="361" name="test_axpy[compatible_vector_array_pair1-&lt;lambda&gt;29]" time="0.12023234367370605"></testcase><testcase classname="src.pymortests.vectorarray" file="src/pymortests/vectorarray.py" line="361" name="test_axpy[compatible_vector_array_pair2-&lt;lambda&gt;0]" time="0.018914222717285156"></testcase><testcase classname="src.pymortests.vectorarray" file="src/pymortests/vectorarray.py" line="361" name="test_axpy[compatible_vector_array_pair2-&lt;lambda&gt;1]" time="0.005507469177246094"></testcase><testcase classname="src.pymortests.vectorarray" file="src/pymortests/vectorarray.py" line="361" name="test_axpy[compatible_vector_array_pair2-&lt;lambda&gt;2]" time="0.027704954147338867"></testcase><testcase classname="src.pymortests.vectorarray" file="src/pymortests/vectorarray.py" line="361" name="test_axpy[compatible_vector_array_pair2-&lt;lambda&gt;3]" time="0.030761003494262695"></testcase><testcase classname="src.pymortests.vectorarray" file="src/pymortests/vectorarray.py" line="361" name="test_axpy[compatible_vector_array_pair2-&lt;lambda&gt;4]" time="0.031193971633911133"></testcase><testcase classname="src.pymortests.vectorarray" file="src/pymortests/vectorarray.py" line="361" name="test_axpy[compatible_vector_array_pair2-&lt;lambda&gt;5]" time="0.04377865791320801"></testcase><testcase classname="src.pymortests.vectorarray" file="src/pymortests/vectorarray.py" line="361" name="test_axpy[compatible_vector_array_pair2-&lt;lambda&gt;6]" time="0.01567697525024414"></testcase><testcase classname="src.pymortests.vectorarray" file="src/pymortests/vectorarray.py" line="361" name="test_axpy[compatible_vector_array_pair2-&lt;lambda&gt;7]" time="0.0048580169677734375"></testcase><testcase classname="src.pymortests.vectorarray" file="src/pymortests/vectorarray.py" line="361" name="test_axpy[compatible_vector_array_pair2-&lt;lambda&gt;8]" time="0.06827926635742188"></testcase><testcase classname="src.pymortests.vectorarray" file="src/pymortests/vectorarray.py" line="361" name="test_axpy[compatible_vector_array_pair2-&lt;lambda&gt;9]" time="0.11585307121276855"></testcase><testcase classname="src.pymortests.vectorarray" file="src/pymortests/vectorarray.py" line="361" name="test_axpy[compatible_vector_array_pair2-&lt;lambda&gt;10]" time="0.28914594650268555"></testcase><testcase classname="src.pymortests.vectorarray" file="src/pymortests/vectorarray.py" line="361" name="test_axpy[compatible_vector_array_pair2-&lt;lambda&gt;11]" time="0.05037117004394531"></testcase><testcase classname="src.pymortests.vectorarray" file="src/pymortests/vectorarray.py" line="361" name="test_axpy[compatible_vector_array_pair2-&lt;lambda&gt;12]" time="0.03498101234436035"></testcase><testcase classname="src.pymortests.vectorarray" file="src/pymortests/vectorarray.py" line="361" name="test_axpy[compatible_vector_array_pair2-&lt;lambda&gt;13]" time="0.009383678436279297"></testcase><testcase classname="src.pymortests.vectorarray" file="src/pymortests/vectorarray.py" line="361" name="test_axpy[compatible_vector_array_pair2-&lt;lambda&gt;14]" time="0.04244089126586914"></testcase><testcase classname="src.pymortests.vectorarray" file="src/pymortests/vectorarray.py" line="361" name="test_axpy[compatible_vector_array_pair2-&lt;lambda&gt;15]" time="0.07241320610046387"></testcase><testcase classname="src.pymortests.vectorarray" file="src/pymortests/vectorarray.py" line="361" name="test_axpy[compatible_vector_array_pair2-&lt;lambda&gt;16]" time="0.07756829261779785"></testcase><testcase classname="src.pymortests.vectorarray" file="src/pymortests/vectorarray.py" line="361" name="test_axpy[compatible_vector_array_pair2-&lt;lambda&gt;17]" time="0.08370065689086914"></testcase><testcase classname="src.pymortests.vectorarray" file="src/pymortests/vectorarray.py" line="361" name="test_axpy[compatible_vector_array_pair2-&lt;lambda&gt;18]" time="0.04966878890991211"></testcase><testcase classname="src.pymortests.vectorarray" file="src/pymortests/vectorarray.py" line="361" name="test_axpy[compatible_vector_array_pair2-&lt;lambda&gt;19]" time="0.008767843246459961"></testcase><testcase classname="src.pymortests.vectorarray" file="src/pymortests/vectorarray.py" line="361" name="test_axpy[compatible_vector_array_pair2-&lt;lambda&gt;20]" time="0.22939300537109375"></testcase><testcase classname="src.pymortests.vectorarray" file="src/pymortests/vectorarray.py" line="361" name="test_axpy[compatible_vector_array_pair2-&lt;lambda&gt;21]" time="0.19915008544921875"></testcase><testcase classname="src.pymortests.vectorarray" file="src/pymortests/vectorarray.py" line="361" name="test_axpy[compatible_vector_array_pair2-&lt;lambda&gt;22]" time="0.4985084533691406"></testcase><testcase classname="src.pymortests.vectorarray" file="src/pymortests/vectorarray.py" line="361" name="test_axpy[compatible_vector_array_pair2-&lt;lambda&gt;23]" time="0.10289430618286133"></testcase><testcase classname="src.pymortests.vectorarray" file="src/pymortests/vectorarray.py" line="361" name="test_axpy[compatible_vector_array_pair2-&lt;lambda&gt;24]" time="0.017224550247192383"></testcase><testcase classname="src.pymortests.vectorarray" file="src/pymortests/vectorarray.py" line="361" name="test_axpy[compatible_vector_array_pair2-&lt;lambda&gt;25]" time="0.006211757659912109"></testcase><testcase classname="src.pymortests.vectorarray" file="src/pymortests/vectorarray.py" line="361" name="test_axpy[compatible_vector_array_pair2-&lt;lambda&gt;26]" time="0.30410099029541016"></testcase><testcase classname="src.pymortests.vectorarray" file="src/pymortests/vectorarray.py" line="361" name="test_axpy[compatible_vector_array_pair2-&lt;lambda&gt;27]" time="0.5117743015289307"></testcase><testcase classname="src.pymortests.vectorarray" file="src/pymortests/vectorarray.py" line="361" name="test_axpy[compatible_vector_array_pair2-&lt;lambda&gt;28]" time="1.697744369506836"></testcase><testcase classname="src.pymortests.vectorarray" file="src/pymortests/vectorarray.py" line="361" name="test_axpy[compatible_vector_array_pair2-&lt;lambda&gt;29]" time="0.12667250633239746"></testcase><testcase classname="src.pymortests.vectorarray" file="src/pymortests/vectorarray.py" line="361" name="test_axpy[compatible_vector_array_pair3-&lt;lambda&gt;0]" time="0.018877267837524414"></testcase><testcase classname="src.pymortests.vectorarray" file="src/pymortests/vectorarray.py" line="361" name="test_axpy[compatible_vector_array_pair3-&lt;lambda&gt;1]" time="0.0050296783447265625"></testcase><testcase classname="src.pymortests.vectorarray" file="src/pymortests/vectorarray.py" line="361" name="test_axpy[compatible_vector_array_pair3-&lt;lambda&gt;2]" time="0.02767467498779297"></testcase><testcase classname="src.pymortests.vectorarray" file="src/pymortests/vectorarray.py" line="361" name="test_axpy[compatible_vector_array_pair3-&lt;lambda&gt;3]" time="0.030005216598510742"></testcase><testcase classname="src.pymortests.vectorarray" file="src/pymortests/vectorarray.py" line="361" name="test_axpy[compatible_vector_array_pair3-&lt;lambda&gt;4]" time="0.03102421760559082"></testcase><testcase classname="src.pymortests.vectorarray" file="src/pymortests/vectorarray.py" line="361" name="test_axpy[compatible_vector_array_pair3-&lt;lambda&gt;5]" time="0.04294228553771973"></testcase><testcase classname="src.pymortests.vectorarray" file="src/pymortests/vectorarray.py" line="361" name="test_axpy[compatible_vector_array_pair3-&lt;lambda&gt;6]" time="0.015541315078735352"></testcase><testcase classname="src.pymortests.vectorarray" file="src/pymortests/vectorarray.py" line="361" name="test_axpy[compatible_vector_array_pair3-&lt;lambda&gt;7]" time="0.004792213439941406"></testcase><testcase classname="src.pymortests.vectorarray" file="src/pymortests/vectorarray.py" line="361" name="test_axpy[compatible_vector_array_pair3-&lt;lambda&gt;8]" time="0.07026243209838867"></testcase><testcase classname="src.pymortests.vectorarray" file="src/pymortests/vectorarray.py" line="361" name="test_axpy[compatible_vector_array_pair3-&lt;lambda&gt;9]" time="0.11606335639953613"></testcase><testcase classname="src.pymortests.vectorarray" file="src/pymortests/vectorarray.py" line="361" name="test_axpy[compatible_vector_array_pair3-&lt;lambda&gt;10]" time="0.28814125061035156"></testcase><testcase classname="src.pymortests.vectorarray" file="src/pymortests/vectorarray.py" line="361" name="test_axpy[compatible_vector_array_pair3-&lt;lambda&gt;11]" time="0.05073356628417969"></testcase><testcase classname="src.pymortests.vectorarray" file="src/pymortests/vectorarray.py" line="361" name="test_axpy[compatible_vector_array_pair3-&lt;lambda&gt;12]" time="0.034984588623046875"></testcase><testcase classname="src.pymortests.vectorarray" file="src/pymortests/vectorarray.py" line="361" name="test_axpy[compatible_vector_array_pair3-&lt;lambda&gt;13]" time="0.009326457977294922"></testcase><testcase classname="src.pymortests.vectorarray" file="src/pymortests/vectorarray.py" line="361" name="test_axpy[compatible_vector_array_pair3-&lt;lambda&gt;14]" time="0.04222822189331055"></testcase><testcase classname="src.pymortests.vectorarray" file="src/pymortests/vectorarray.py" line="361" name="test_axpy[compatible_vector_array_pair3-&lt;lambda&gt;15]" time="0.07226181030273438"></testcase><testcase classname="src.pymortests.vectorarray" file="src/pymortests/vectorarray.py" line="361" name="test_axpy[compatible_vector_array_pair3-&lt;lambda&gt;16]" time="0.07727837562561035"></testcase><testcase classname="src.pymortests.vectorarray" file="src/pymortests/vectorarray.py" line="361" name="test_axpy[compatible_vector_array_pair3-&lt;lambda&gt;17]" time="0.08449840545654297"></testcase><testcase classname="src.pymortests.vectorarray" file="src/pymortests/vectorarray.py" line="361" name="test_axpy[compatible_vector_array_pair3-&lt;lambda&gt;18]" time="0.04942059516906738"></testcase><testcase classname="src.pymortests.vectorarray" file="src/pymortests/vectorarray.py" line="361" name="test_axpy[compatible_vector_array_pair3-&lt;lambda&gt;19]" time="0.008727550506591797"></testcase><testcase classname="src.pymortests.vectorarray" file="src/pymortests/vectorarray.py" line="361" name="test_axpy[compatible_vector_array_pair3-&lt;lambda&gt;20]" time="0.22795510292053223"></testcase><testcase classname="src.pymortests.vectorarray" file="src/pymortests/vectorarray.py" line="361" name="test_axpy[compatible_vector_array_pair3-&lt;lambda&gt;21]" time="0.19827914237976074"></testcase><testcase classname="src.pymortests.vectorarray" file="src/pymortests/vectorarray.py" line="361" name="test_axpy[compatible_vector_array_pair3-&lt;lambda&gt;22]" time="0.4964311122894287"></testcase><testcase classname="src.pymortests.vectorarray" file="src/pymortests/vectorarray.py" line="361" name="test_axpy[compatible_vector_array_pair3-&lt;lambda&gt;23]" time="0.1025238037109375"></testcase><testcase classname="src.pymortests.vectorarray" file="src/pymortests/vectorarray.py" line="361" name="test_axpy[compatible_vector_array_pair3-&lt;lambda&gt;24]" time="0.017294645309448242"></testcase><testcase classname="src.pymortests.vectorarray" file="src/pymortests/vectorarray.py" line="361" name="test_axpy[compatible_vector_array_pair3-&lt;lambda&gt;25]" time="0.006326436996459961"></testcase><testcase classname="src.pymortests.vectorarray" file="src/pymortests/vectorarray.py" line="361" name="test_axpy[compatible_vector_array_pair3-&lt;lambda&gt;26]" time="0.3368191719055176"></testcase><testcase classname="src.pymortests.vectorarray" file="src/pymortests/vectorarray.py" line="361" name="test_axpy[compatible_vector_array_pair3-&lt;lambda&gt;27]" time="0.563795804977417"></testcase><testcase classname="src.pymortests.vectorarray" file="src/pymortests/vectorarray.py" line="361" name="test_axpy[compatible_vector_array_pair3-&lt;lambda&gt;28]" time="1.7625274658203125"></testcase><testcase classname="src.pymortests.vectorarray" file="src/pymortests/vectorarray.py" line="361" name="test_axpy[compatible_vector_array_pair3-&lt;lambda&gt;29]" time="0.13463854789733887"></testcase><testcase classname="src.pymortests.vectorarray" file="src/pymortests/vectorarray.py" line="361" name="test_axpy[compatible_vector_array_pair4-&lt;lambda&gt;0]" time="0.018856525421142578"></testcase><testcase classname="src.pymortests.vectorarray" file="src/pymortests/vectorarray.py" line="361" name="test_axpy[compatible_vector_array_pair4-&lt;lambda&gt;1]" time="0.00522160530090332"></testcase><testcase classname="src.pymortests.vectorarray" file="src/pymortests/vectorarray.py" line="361" name="test_axpy[compatible_vector_array_pair4-&lt;lambda&gt;2]" time="0.03108978271484375"></testcase><testcase classname="src.pymortests.vectorarray" file="src/pymortests/vectorarray.py" line="361" name="test_axpy[compatible_vector_array_pair4-&lt;lambda&gt;3]" time="0.030734539031982422"></testcase><testcase classname="src.pymortests.vectorarray" file="src/pymortests/vectorarray.py" line="361" name="test_axpy[compatible_vector_array_pair4-&lt;lambda&gt;4]" time="0.03140687942504883"></testcase><testcase classname="src.pymortests.vectorarray" file="src/pymortests/vectorarray.py" line="361" name="test_axpy[compatible_vector_array_pair4-&lt;lambda&gt;5]" time="0.043482065200805664"></testcase><testcase classname="src.pymortests.vectorarray" file="src/pymortests/vectorarray.py" line="361" name="test_axpy[compatible_vector_array_pair4-&lt;lambda&gt;6]" time="0.015566349029541016"></testcase><testcase classname="src.pymortests.vectorarray" file="src/pymortests/vectorarray.py" line="361" name="test_axpy[compatible_vector_array_pair4-&lt;lambda&gt;7]" time="0.004807710647583008"></testcase><testcase classname="src.pymortests.vectorarray" file="src/pymortests/vectorarray.py" line="361" name="test_axpy[compatible_vector_array_pair4-&lt;lambda&gt;8]" time="0.07100462913513184"></testcase><testcase classname="src.pymortests.vectorarray" file="src/pymortests/vectorarray.py" line="361" name="test_axpy[compatible_vector_array_pair4-&lt;lambda&gt;9]" time="0.11667132377624512"></testcase><testcase classname="src.pymortests.vectorarray" file="src/pymortests/vectorarray.py" line="361" name="test_axpy[compatible_vector_array_pair4-&lt;lambda&gt;10]" time="0.292736291885376"></testcase><testcase classname="src.pymortests.vectorarray" file="src/pymortests/vectorarray.py" line="361" name="test_axpy[compatible_vector_array_pair4-&lt;lambda&gt;11]" time="0.05094122886657715"></testcase><testcase classname="src.pymortests.vectorarray" file="src/pymortests/vectorarray.py" line="361" name="test_axpy[compatible_vector_array_pair4-&lt;lambda&gt;12]" time="0.035508155822753906"></testcase><testcase classname="src.pymortests.vectorarray" file="src/pymortests/vectorarray.py" line="361" name="test_axpy[compatible_vector_array_pair4-&lt;lambda&gt;13]" time="0.009548664093017578"></testcase><testcase classname="src.pymortests.vectorarray" file="src/pymortests/vectorarray.py" line="361" name="test_axpy[compatible_vector_array_pair4-&lt;lambda&gt;14]" time="0.04239535331726074"></testcase><testcase classname="src.pymortests.vectorarray" file="src/pymortests/vectorarray.py" line="361" name="test_axpy[compatible_vector_array_pair4-&lt;lambda&gt;15]" time="0.07311558723449707"></testcase><testcase classname="src.pymortests.vectorarray" file="src/pymortests/vectorarray.py" line="361" name="test_axpy[compatible_vector_array_pair4-&lt;lambda&gt;16]" time="0.07802653312683105"></testcase><testcase classname="src.pymortests.vectorarray" file="src/pymortests/vectorarray.py" line="361" name="test_axpy[compatible_vector_array_pair4-&lt;lambda&gt;17]" time="0.08120203018188477"></testcase><testcase classname="src.pymortests.vectorarray" file="src/pymortests/vectorarray.py" line="361" name="test_axpy[compatible_vector_array_pair4-&lt;lambda&gt;18]" time="0.049968719482421875"></testcase><testcase classname="src.pymortests.vectorarray" file="src/pymortests/vectorarray.py" line="361" name="test_axpy[compatible_vector_array_pair4-&lt;lambda&gt;19]" time="0.008563756942749023"></testcase><testcase classname="src.pymortests.vectorarray" file="src/pymortests/vectorarray.py" line="361" name="test_axpy[compatible_vector_array_pair4-&lt;lambda&gt;20]" time="0.23113512992858887"></testcase><testcase classname="src.pymortests.vectorarray" file="src/pymortests/vectorarray.py" line="361" name="test_axpy[compatible_vector_array_pair4-&lt;lambda&gt;21]" time="0.2010796070098877"></testcase><testcase classname="src.pymortests.vectorarray" file="src/pymortests/vectorarray.py" line="361" name="test_axpy[compatible_vector_array_pair4-&lt;lambda&gt;22]" time="0.499828577041626"></testcase><testcase classname="src.pymortests.vectorarray" file="src/pymortests/vectorarray.py" line="361" name="test_axpy[compatible_vector_array_pair4-&lt;lambda&gt;23]" time="0.10309600830078125"></testcase><testcase classname="src.pymortests.vectorarray" file="src/pymortests/vectorarray.py" line="361" name="test_axpy[compatible_vector_array_pair4-&lt;lambda&gt;24]" time="0.017212390899658203"></testcase><testcase classname="src.pymortests.vectorarray" file="src/pymortests/vectorarray.py" line="361" name="test_axpy[compatible_vector_array_pair4-&lt;lambda&gt;25]" time="0.006430625915527344"></testcase><testcase classname="src.pymortests.vectorarray" file="src/pymortests/vectorarray.py" line="361" name="test_axpy[compatible_vector_array_pair4-&lt;lambda&gt;26]" time="0.3677036762237549"></testcase><testcase classname="src.pymortests.vectorarray" file="src/pymortests/vectorarray.py" line="361" name="test_axpy[compatible_vector_array_pair4-&lt;lambda&gt;27]" time="0.6142318248748779"></testcase><testcase classname="src.pymortests.vectorarray" file="src/pymortests/vectorarray.py" line="361" name="test_axpy[compatible_vector_array_pair4-&lt;lambda&gt;28]" time="1.9185144901275635"></testcase><testcase classname="src.pymortests.vectorarray" file="src/pymortests/vectorarray.py" line="361" name="test_axpy[compatible_vector_array_pair4-&lt;lambda&gt;29]" time="0.14429163932800293"></testcase><testcase classname="src.pymortests.vectorarray" file="src/pymortests/vectorarray.py" line="361" name="test_axpy[compatible_vector_array_pair5-&lt;lambda&gt;0]" time="0.018942594528198242"></testcase><testcase classname="src.pymortests.vectorarray" file="src/pymortests/vectorarray.py" line="361" name="test_axpy[compatible_vector_array_pair5-&lt;lambda&gt;1]" time="0.005320072174072266"></testcase><testcase classname="src.pymortests.vectorarray" file="src/pymortests/vectorarray.py" line="361" name="test_axpy[compatible_vector_array_pair5-&lt;lambda&gt;2]" time="0.027876853942871094"></testcase><testcase classname="src.pymortests.vectorarray" file="src/pymortests/vectorarray.py" line="361" name="test_axpy[compatible_vector_array_pair5-&lt;lambda&gt;3]" time="0.030352115631103516"></testcase><testcase classname="src.pymortests.vectorarray" file="src/pymortests/vectorarray.py" line="361" name="test_axpy[compatible_vector_array_pair5-&lt;lambda&gt;4]" time="0.03148698806762695"></testcase><testcase classname="src.pymortests.vectorarray" file="src/pymortests/vectorarray.py" line="361" name="test_axpy[compatible_vector_array_pair5-&lt;lambda&gt;5]" time="0.04370713233947754"></testcase><testcase classname="src.pymortests.vectorarray" file="src/pymortests/vectorarray.py" line="361" name="test_axpy[compatible_vector_array_pair5-&lt;lambda&gt;6]" time="0.015366792678833008"></testcase><testcase classname="src.pymortests.vectorarray" file="src/pymortests/vectorarray.py" line="361" name="test_axpy[compatible_vector_array_pair5-&lt;lambda&gt;7]" time="0.004790306091308594"></testcase><testcase classname="src.pymortests.vectorarray" file="src/pymortests/vectorarray.py" line="361" name="test_axpy[compatible_vector_array_pair5-&lt;lambda&gt;8]" time="0.06870436668395996"></testcase><testcase classname="src.pymortests.vectorarray" file="src/pymortests/vectorarray.py" line="361" name="test_axpy[compatible_vector_array_pair5-&lt;lambda&gt;9]" time="0.11571478843688965"></testcase><testcase classname="src.pymortests.vectorarray" file="src/pymortests/vectorarray.py" line="361" name="test_axpy[compatible_vector_array_pair5-&lt;lambda&gt;10]" time="0.29311609268188477"></testcase><testcase classname="src.pymortests.vectorarray" file="src/pymortests/vectorarray.py" line="361" name="test_axpy[compatible_vector_array_pair5-&lt;lambda&gt;11]" time="0.050849199295043945"></testcase><testcase classname="src.pymortests.vectorarray" file="src/pymortests/vectorarray.py" line="361" name="test_axpy[compatible_vector_array_pair5-&lt;lambda&gt;12]" time="0.03554511070251465"></testcase><testcase classname="src.pymortests.vectorarray" file="src/pymortests/vectorarray.py" line="361" name="test_axpy[compatible_vector_array_pair5-&lt;lambda&gt;13]" time="0.009244680404663086"></testcase><testcase classname="src.pymortests.vectorarray" file="src/pymortests/vectorarray.py" line="361" name="test_axpy[compatible_vector_array_pair5-&lt;lambda&gt;14]" time="0.04542684555053711"></testcase><testcase classname="src.pymortests.vectorarray" file="src/pymortests/vectorarray.py" line="361" name="test_axpy[compatible_vector_array_pair5-&lt;lambda&gt;15]" time="0.07268238067626953"></testcase><testcase classname="src.pymortests.vectorarray" file="src/pymortests/vectorarray.py" line="361" name="test_axpy[compatible_vector_array_pair5-&lt;lambda&gt;16]" time="0.07746219635009766"></testcase><testcase classname="src.pymortests.vectorarray" file="src/pymortests/vectorarray.py" line="361" name="test_axpy[compatible_vector_array_pair5-&lt;lambda&gt;17]" time="0.08063077926635742"></testcase><testcase classname="src.pymortests.vectorarray" file="src/pymortests/vectorarray.py" line="361" name="test_axpy[compatible_vector_array_pair5-&lt;lambda&gt;18]" time="0.04953455924987793"></testcase><testcase classname="src.pymortests.vectorarray" file="src/pymortests/vectorarray.py" line="361" name="test_axpy[compatible_vector_array_pair5-&lt;lambda&gt;19]" time="0.00835418701171875"></testcase><testcase classname="src.pymortests.vectorarray" file="src/pymortests/vectorarray.py" line="361" name="test_axpy[compatible_vector_array_pair5-&lt;lambda&gt;20]" time="0.2225198745727539"></testcase><testcase classname="src.pymortests.vectorarray" file="src/pymortests/vectorarray.py" line="361" name="test_axpy[compatible_vector_array_pair5-&lt;lambda&gt;21]" time="0.19950485229492188"></testcase><testcase classname="src.pymortests.vectorarray" file="src/pymortests/vectorarray.py" line="361" name="test_axpy[compatible_vector_array_pair5-&lt;lambda&gt;22]" time="0.49630260467529297"></testcase><testcase classname="src.pymortests.vectorarray" file="src/pymortests/vectorarray.py" line="361" name="test_axpy[compatible_vector_array_pair5-&lt;lambda&gt;23]" time="0.10309505462646484"></testcase><testcase classname="src.pymortests.vectorarray" file="src/pymortests/vectorarray.py" line="361" name="test_axpy[compatible_vector_array_pair5-&lt;lambda&gt;24]" time="0.017584800720214844"></testcase><testcase classname="src.pymortests.vectorarray" file="src/pymortests/vectorarray.py" line="361" name="test_axpy[compatible_vector_array_pair5-&lt;lambda&gt;25]" time="0.006623029708862305"></testcase><testcase classname="src.pymortests.vectorarray" file="src/pymortests/vectorarray.py" line="361" name="test_axpy[compatible_vector_array_pair5-&lt;lambda&gt;26]" time="0.39798974990844727"></testcase><testcase classname="src.pymortests.vectorarray" file="src/pymortests/vectorarray.py" line="361" name="test_axpy[compatible_vector_array_pair5-&lt;lambda&gt;27]" time="0.6703670024871826"></testcase><testcase classname="src.pymortests.vectorarray" file="src/pymortests/vectorarray.py" line="361" name="test_axpy[compatible_vector_array_pair5-&lt;lambda&gt;28]" time="2.090068817138672"></testcase><testcase classname="src.pymortests.vectorarray" file="src/pymortests/vectorarray.py" line="361" name="test_axpy[compatible_vector_array_pair5-&lt;lambda&gt;29]" time="0.14779925346374512"></testcase><testcase classname="src.pymortests.vectorarray" file="src/pymortests/vectorarray.py" line="361" name="test_axpy[compatible_vector_array_pair6-&lt;lambda&gt;0]" time="0.01870274543762207"></testcase><testcase classname="src.pymortests.vectorarray" file="src/pymortests/vectorarray.py" line="361" name="test_axpy[compatible_vector_array_pair6-&lt;lambda&gt;1]" time="0.005118608474731445"></testcase><testcase classname="src.pymortests.vectorarray" file="src/pymortests/vectorarray.py" line="361" name="test_axpy[compatible_vector_array_pair6-&lt;lambda&gt;2]" time="0.027968406677246094"></testcase><testcase classname="src.pymortests.vectorarray" file="src/pymortests/vectorarray.py" line="361" name="test_axpy[compatible_vector_array_pair6-&lt;lambda&gt;3]" time="0.030562877655029297"></testcase><testcase classname="src.pymortests.vectorarray" file="src/pymortests/vectorarray.py" line="361" name="test_axpy[compatible_vector_array_pair6-&lt;lambda&gt;4]" time="0.031691551208496094"></testcase><testcase classname="src.pymortests.vectorarray" file="src/pymortests/vectorarray.py" line="361" name="test_axpy[compatible_vector_array_pair6-&lt;lambda&gt;5]" time="0.04376935958862305"></testcase><testcase classname="src.pymortests.vectorarray" file="src/pymortests/vectorarray.py" line="361" name="test_axpy[compatible_vector_array_pair6-&lt;lambda&gt;6]" time="0.01570606231689453"></testcase><testcase classname="src.pymortests.vectorarray" file="src/pymortests/vectorarray.py" line="361" name="test_axpy[compatible_vector_array_pair6-&lt;lambda&gt;7]" time="0.004737138748168945"></testcase><testcase classname="src.pymortests.vectorarray" file="src/pymortests/vectorarray.py" line="361" name="test_axpy[compatible_vector_array_pair6-&lt;lambda&gt;8]" time="0.06817173957824707"></testcase><testcase classname="src.pymortests.vectorarray" file="src/pymortests/vectorarray.py" line="361" name="test_axpy[compatible_vector_array_pair6-&lt;lambda&gt;9]" time="0.1163182258605957"></testcase><testcase classname="src.pymortests.vectorarray" file="src/pymortests/vectorarray.py" line="361" name="test_axpy[compatible_vector_array_pair6-&lt;lambda&gt;10]" time="0.2936081886291504"></testcase><testcase classname="src.pymortests.vectorarray" file="src/pymortests/vectorarray.py" line="361" name="test_axpy[compatible_vector_array_pair6-&lt;lambda&gt;11]" time="0.050707101821899414"></testcase><testcase classname="src.pymortests.vectorarray" file="src/pymortests/vectorarray.py" line="361" name="test_axpy[compatible_vector_array_pair6-&lt;lambda&gt;12]" time="0.03552055358886719"></testcase><testcase classname="src.pymortests.vectorarray" file="src/pymortests/vectorarray.py" line="361" name="test_axpy[compatible_vector_array_pair6-&lt;lambda&gt;13]" time="0.009341955184936523"></testcase><testcase classname="src.pymortests.vectorarray" file="src/pymortests/vectorarray.py" line="361" name="test_axpy[compatible_vector_array_pair6-&lt;lambda&gt;14]" time="0.04240536689758301"></testcase><testcase classname="src.pymortests.vectorarray" file="src/pymortests/vectorarray.py" line="361" name="test_axpy[compatible_vector_array_pair6-&lt;lambda&gt;15]" time="0.07243204116821289"></testcase><testcase classname="src.pymortests.vectorarray" file="src/pymortests/vectorarray.py" line="361" name="test_axpy[compatible_vector_array_pair6-&lt;lambda&gt;16]" time="0.0777127742767334"></testcase><testcase classname="src.pymortests.vectorarray" file="src/pymortests/vectorarray.py" line="361" name="test_axpy[compatible_vector_array_pair6-&lt;lambda&gt;17]" time="0.08131074905395508"></testcase><testcase classname="src.pymortests.vectorarray" file="src/pymortests/vectorarray.py" line="361" name="test_axpy[compatible_vector_array_pair6-&lt;lambda&gt;18]" time="0.04993891716003418"></testcase><testcase classname="src.pymortests.vectorarray" file="src/pymortests/vectorarray.py" line="361" name="test_axpy[compatible_vector_array_pair6-&lt;lambda&gt;19]" time="0.008703470230102539"></testcase><testcase classname="src.pymortests.vectorarray" file="src/pymortests/vectorarray.py" line="361" name="test_axpy[compatible_vector_array_pair6-&lt;lambda&gt;20]" time="0.22619271278381348"></testcase><testcase classname="src.pymortests.vectorarray" file="src/pymortests/vectorarray.py" line="361" name="test_axpy[compatible_vector_array_pair6-&lt;lambda&gt;21]" time="0.19745635986328125"></testcase><testcase classname="src.pymortests.vectorarray" file="src/pymortests/vectorarray.py" line="361" name="test_axpy[compatible_vector_array_pair6-&lt;lambda&gt;22]" time="0.4908487796783447"></testcase><testcase classname="src.pymortests.vectorarray" file="src/pymortests/vectorarray.py" line="361" name="test_axpy[compatible_vector_array_pair6-&lt;lambda&gt;23]" time="0.10283303260803223"></testcase><testcase classname="src.pymortests.vectorarray" file="src/pymortests/vectorarray.py" line="361" name="test_axpy[compatible_vector_array_pair6-&lt;lambda&gt;24]" time="0.01736760139465332"></testcase><testcase classname="src.pymortests.vectorarray" file="src/pymortests/vectorarray.py" line="361" name="test_axpy[compatible_vector_array_pair6-&lt;lambda&gt;25]" time="0.0067903995513916016"></testcase><testcase classname="src.pymortests.vectorarray" file="src/pymortests/vectorarray.py" line="361" name="test_axpy[compatible_vector_array_pair6-&lt;lambda&gt;26]" time="0.43422818183898926"></testcase><testcase classname="src.pymortests.vectorarray" file="src/pymortests/vectorarray.py" line="361" name="test_axpy[compatible_vector_array_pair6-&lt;lambda&gt;27]" time="0.7254860401153564"></testcase><testcase classname="src.pymortests.vectorarray" file="src/pymortests/vectorarray.py" line="361" name="test_axpy[compatible_vector_array_pair6-&lt;lambda&gt;28]" time="2.2672297954559326"></testcase><testcase classname="src.pymortests.vectorarray" file="src/pymortests/vectorarray.py" line="361" name="test_axpy[compatible_vector_array_pair6-&lt;lambda&gt;29]" time="0.15379071235656738"></testcase><testcase classname="src.pymortests.vectorarray" file="src/pymortests/vectorarray.py" line="361" name="test_axpy[compatible_vector_array_pair7-&lt;lambda&gt;0]" time="0.018750905990600586"></testcase><testcase classname="src.pymortests.vectorarray" file="src/pymortests/vectorarray.py" line="361" name="test_axpy[compatible_vector_array_pair7-&lt;lambda&gt;1]" time="0.005306243896484375"></testcase><testcase classname="src.pymortests.vectorarray" file="src/pymortests/vectorarray.py" line="361" name="test_axpy[compatible_vector_array_pair7-&lt;lambda&gt;2]" time="0.02805185317993164"></testcase><testcase classname="src.pymortests.vectorarray" file="src/pymortests/vectorarray.py" line="361" name="test_axpy[compatible_vector_array_pair7-&lt;lambda&gt;3]" time="0.02998971939086914"></testcase><testcase classname="src.pymortests.vectorarray" file="src/pymortests/vectorarray.py" line="361" name="test_axpy[compatible_vector_array_pair7-&lt;lambda&gt;4]" time="0.031132221221923828"></testcase><testcase classname="src.pymortests.vectorarray" file="src/pymortests/vectorarray.py" line="361" name="test_axpy[compatible_vector_array_pair7-&lt;lambda&gt;5]" time="0.04299044609069824"></testcase><testcase classname="src.pymortests.vectorarray" file="src/pymortests/vectorarray.py" line="361" name="test_axpy[compatible_vector_array_pair7-&lt;lambda&gt;6]" time="0.015477418899536133"></testcase><testcase classname="src.pymortests.vectorarray" file="src/pymortests/vectorarray.py" line="361" name="test_axpy[compatible_vector_array_pair7-&lt;lambda&gt;7]" time="0.0048100948333740234"></testcase><testcase classname="src.pymortests.vectorarray" file="src/pymortests/vectorarray.py" line="361" name="test_axpy[compatible_vector_array_pair7-&lt;lambda&gt;8]" time="0.06773972511291504"></testcase><testcase classname="src.pymortests.vectorarray" file="src/pymortests/vectorarray.py" line="361" name="test_axpy[compatible_vector_array_pair7-&lt;lambda&gt;9]" time="0.11609101295471191"></testcase><testcase classname="src.pymortests.vectorarray" file="src/pymortests/vectorarray.py" line="361" name="test_axpy[compatible_vector_array_pair7-&lt;lambda&gt;10]" time="0.2890775203704834"></testcase><testcase classname="src.pymortests.vectorarray" file="src/pymortests/vectorarray.py" line="361" name="test_axpy[compatible_vector_array_pair7-&lt;lambda&gt;11]" time="0.05285954475402832"></testcase><testcase classname="src.pymortests.vectorarray" file="src/pymortests/vectorarray.py" line="361" name="test_axpy[compatible_vector_array_pair7-&lt;lambda&gt;12]" time="0.03522515296936035"></testcase><testcase classname="src.pymortests.vectorarray" file="src/pymortests/vectorarray.py" line="361" name="test_axpy[compatible_vector_array_pair7-&lt;lambda&gt;13]" time="0.009306192398071289"></testcase><testcase classname="src.pymortests.vectorarray" file="src/pymortests/vectorarray.py" line="361" name="test_axpy[compatible_vector_array_pair7-&lt;lambda&gt;14]" time="0.04268217086791992"></testcase><testcase classname="src.pymortests.vectorarray" file="src/pymortests/vectorarray.py" line="361" name="test_axpy[compatible_vector_array_pair7-&lt;lambda&gt;15]" time="0.07255864143371582"></testcase><testcase classname="src.pymortests.vectorarray" file="src/pymortests/vectorarray.py" line="361" name="test_axpy[compatible_vector_array_pair7-&lt;lambda&gt;16]" time="0.0781102180480957"></testcase><testcase classname="src.pymortests.vectorarray" file="src/pymortests/vectorarray.py" line="361" name="test_axpy[compatible_vector_array_pair7-&lt;lambda&gt;17]" time="0.08201861381530762"></testcase><testcase classname="src.pymortests.vectorarray" file="src/pymortests/vectorarray.py" line="361" name="test_axpy[compatible_vector_array_pair7-&lt;lambda&gt;18]" time="0.05014371871948242"></testcase><testcase classname="src.pymortests.vectorarray" file="src/pymortests/vectorarray.py" line="361" name="test_axpy[compatible_vector_array_pair7-&lt;lambda&gt;19]" time="0.008625984191894531"></testcase><testcase classname="src.pymortests.vectorarray" file="src/pymortests/vectorarray.py" line="361" name="test_axpy[compatible_vector_array_pair7-&lt;lambda&gt;20]" time="0.22500300407409668"></testcase><testcase classname="src.pymortests.vectorarray" file="src/pymortests/vectorarray.py" line="361" name="test_axpy[compatible_vector_array_pair7-&lt;lambda&gt;21]" time="0.20206499099731445"></testcase><testcase classname="src.pymortests.vectorarray" file="src/pymortests/vectorarray.py" line="361" name="test_axpy[compatible_vector_array_pair7-&lt;lambda&gt;22]" time="0.49274682998657227"></testcase><testcase classname="src.pymortests.vectorarray" file="src/pymortests/vectorarray.py" line="361" name="test_axpy[compatible_vector_array_pair7-&lt;lambda&gt;23]" time="0.1031026840209961"></testcase><testcase classname="src.pymortests.vectorarray" file="src/pymortests/vectorarray.py" line="361" name="test_axpy[compatible_vector_array_pair7-&lt;lambda&gt;24]" time="0.0174710750579834"></testcase><testcase classname="src.pymortests.vectorarray" file="src/pymortests/vectorarray.py" line="361" name="test_axpy[compatible_vector_array_pair7-&lt;lambda&gt;25]" time="0.006788730621337891"></testcase><testcase classname="src.pymortests.vectorarray" file="src/pymortests/vectorarray.py" line="361" name="test_axpy[compatible_vector_array_pair7-&lt;lambda&gt;26]" time="0.469982385635376"></testcase><testcase classname="src.pymortests.vectorarray" file="src/pymortests/vectorarray.py" line="361" name="test_axpy[compatible_vector_array_pair7-&lt;lambda&gt;27]" time="0.7814915180206299"></testcase><testcase classname="src.pymortests.vectorarray" file="src/pymortests/vectorarray.py" line="361" name="test_axpy[compatible_vector_array_pair7-&lt;lambda&gt;28]" time="2.453737497329712"></testcase><testcase classname="src.pymortests.vectorarray" file="src/pymortests/vectorarray.py" line="361" name="test_axpy[compatible_vector_array_pair7-&lt;lambda&gt;29]" time="0.16019368171691895"></testcase><testcase classname="src.pymortests.vectorarray" file="src/pymortests/vectorarray.py" line="361" name="test_axpy[compatible_vector_array_pair8-&lt;lambda&gt;0]" time="0.018985509872436523"></testcase><testcase classname="src.pymortests.vectorarray" file="src/pymortests/vectorarray.py" line="361" name="test_axpy[compatible_vector_array_pair8-&lt;lambda&gt;1]" time="0.005242347717285156"></testcase><testcase classname="src.pymortests.vectorarray" file="src/pymortests/vectorarray.py" line="361" name="test_axpy[compatible_vector_array_pair8-&lt;lambda&gt;2]" time="0.027870655059814453"></testcase><testcase classname="src.pymortests.vectorarray" file="src/pymortests/vectorarray.py" line="361" name="test_axpy[compatible_vector_array_pair8-&lt;lambda&gt;3]" time="0.030461788177490234"></testcase><testcase classname="src.pymortests.vectorarray" file="src/pymortests/vectorarray.py" line="361" name="test_axpy[compatible_vector_array_pair8-&lt;lambda&gt;4]" time="0.03129172325134277"></testcase><testcase classname="src.pymortests.vectorarray" file="src/pymortests/vectorarray.py" line="361" name="test_axpy[compatible_vector_array_pair8-&lt;lambda&gt;5]" time="0.0442044734954834"></testcase><testcase classname="src.pymortests.vectorarray" file="src/pymortests/vectorarray.py" line="361" name="test_axpy[compatible_vector_array_pair8-&lt;lambda&gt;6]" time="0.015504121780395508"></testcase><testcase classname="src.pymortests.vectorarray" file="src/pymortests/vectorarray.py" line="361" name="test_axpy[compatible_vector_array_pair8-&lt;lambda&gt;7]" time="0.004721403121948242"></testcase><testcase classname="src.pymortests.vectorarray" file="src/pymortests/vectorarray.py" line="361" name="test_axpy[compatible_vector_array_pair8-&lt;lambda&gt;8]" time="0.06767702102661133"></testcase><testcase classname="src.pymortests.vectorarray" file="src/pymortests/vectorarray.py" line="361" name="test_axpy[compatible_vector_array_pair8-&lt;lambda&gt;9]" time="0.11634945869445801"></testcase><testcase classname="src.pymortests.vectorarray" file="src/pymortests/vectorarray.py" line="361" name="test_axpy[compatible_vector_array_pair8-&lt;lambda&gt;10]" time="0.2932884693145752"></testcase><testcase classname="src.pymortests.vectorarray" file="src/pymortests/vectorarray.py" line="361" name="test_axpy[compatible_vector_array_pair8-&lt;lambda&gt;11]" time="0.050614356994628906"></testcase><testcase classname="src.pymortests.vectorarray" file="src/pymortests/vectorarray.py" line="361" name="test_axpy[compatible_vector_array_pair8-&lt;lambda&gt;12]" time="0.03533744812011719"></testcase><testcase classname="src.pymortests.vectorarray" file="src/pymortests/vectorarray.py" line="361" name="test_axpy[compatible_vector_array_pair8-&lt;lambda&gt;13]" time="0.009432792663574219"></testcase><testcase classname="src.pymortests.vectorarray" file="src/pymortests/vectorarray.py" line="361" name="test_axpy[compatible_vector_array_pair8-&lt;lambda&gt;14]" time="0.04285764694213867"></testcase><testcase classname="src.pymortests.vectorarray" file="src/pymortests/vectorarray.py" line="361" name="test_axpy[compatible_vector_array_pair8-&lt;lambda&gt;15]" time="0.07354140281677246"></testcase><testcase classname="src.pymortests.vectorarray" file="src/pymortests/vectorarray.py" line="361" name="test_axpy[compatible_vector_array_pair8-&lt;lambda&gt;16]" time="0.07798957824707031"></testcase><testcase classname="src.pymortests.vectorarray" file="src/pymortests/vectorarray.py" line="361" name="test_axpy[compatible_vector_array_pair8-&lt;lambda&gt;17]" time="0.08096432685852051"></testcase><testcase classname="src.pymortests.vectorarray" file="src/pymortests/vectorarray.py" line="361" name="test_axpy[compatible_vector_array_pair8-&lt;lambda&gt;18]" time="0.050103187561035156"></testcase><testcase classname="src.pymortests.vectorarray" file="src/pymortests/vectorarray.py" line="361" name="test_axpy[compatible_vector_array_pair8-&lt;lambda&gt;19]" time="0.008727312088012695"></testcase><testcase classname="src.pymortests.vectorarray" file="src/pymortests/vectorarray.py" line="361" name="test_axpy[compatible_vector_array_pair8-&lt;lambda&gt;20]" time="0.23158764839172363"></testcase><testcase classname="src.pymortests.vectorarray" file="src/pymortests/vectorarray.py" line="361" name="test_axpy[compatible_vector_array_pair8-&lt;lambda&gt;21]" time="0.2085285186767578"></testcase><testcase classname="src.pymortests.vectorarray" file="src/pymortests/vectorarray.py" line="361" name="test_axpy[compatible_vector_array_pair8-&lt;lambda&gt;22]" time="0.504357099533081"></testcase><testcase classname="src.pymortests.vectorarray" file="src/pymortests/vectorarray.py" line="361" name="test_axpy[compatible_vector_array_pair8-&lt;lambda&gt;23]" time="0.10219311714172363"></testcase><testcase classname="src.pymortests.vectorarray" file="src/pymortests/vectorarray.py" line="361" name="test_axpy[compatible_vector_array_pair8-&lt;lambda&gt;24]" time="0.017212629318237305"></testcase><testcase classname="src.pymortests.vectorarray" file="src/pymortests/vectorarray.py" line="361" name="test_axpy[compatible_vector_array_pair8-&lt;lambda&gt;25]" time="0.006984710693359375"></testcase><testcase classname="src.pymortests.vectorarray" file="src/pymortests/vectorarray.py" line="361" name="test_axpy[compatible_vector_array_pair8-&lt;lambda&gt;26]" time="0.5088913440704346"></testcase><testcase classname="src.pymortests.vectorarray" file="src/pymortests/vectorarray.py" line="361" name="test_axpy[compatible_vector_array_pair8-&lt;lambda&gt;27]" time="0.834385871887207"></testcase><testcase classname="src.pymortests.vectorarray" file="src/pymortests/vectorarray.py" line="361" name="test_axpy[compatible_vector_array_pair8-&lt;lambda&gt;28]" time="2.630521297454834"></testcase><testcase classname="src.pymortests.vectorarray" file="src/pymortests/vectorarray.py" line="361" name="test_axpy[compatible_vector_array_pair8-&lt;lambda&gt;29]" time="0.16656732559204102"></testcase><testcase classname="src.pymortests.vectorarray" file="src/pymortests/vectorarray.py" line="409" name="test_axpy_one_x[compatible_vector_array_pair0-&lt;lambda&gt;0]" time="0.05293631553649902"></testcase><testcase classname="src.pymortests.vectorarray" file="src/pymortests/vectorarray.py" line="409" name="test_axpy_one_x[compatible_vector_array_pair0-&lt;lambda&gt;1]" time="0.1410510540008545"></testcase><testcase classname="src.pymortests.vectorarray" file="src/pymortests/vectorarray.py" line="409" name="test_axpy_one_x[compatible_vector_array_pair0-&lt;lambda&gt;2]" time="0.11055207252502441"></testcase><testcase classname="src.pymortests.vectorarray" file="src/pymortests/vectorarray.py" line="409" name="test_axpy_one_x[compatible_vector_array_pair0-&lt;lambda&gt;3]" time="0.12159252166748047"></testcase><testcase classname="src.pymortests.vectorarray" file="src/pymortests/vectorarray.py" line="409" name="test_axpy_one_x[compatible_vector_array_pair0-&lt;lambda&gt;4]" time="0.12904119491577148"></testcase><testcase classname="src.pymortests.vectorarray" file="src/pymortests/vectorarray.py" line="409" name="test_axpy_one_x[compatible_vector_array_pair0-&lt;lambda&gt;5]" time="0.10571622848510742"></testcase><testcase classname="src.pymortests.vectorarray" file="src/pymortests/vectorarray.py" line="409" name="test_axpy_one_x[compatible_vector_array_pair0-&lt;lambda&gt;6]" time="0.041921377182006836"></testcase><testcase classname="src.pymortests.vectorarray" file="src/pymortests/vectorarray.py" line="409" name="test_axpy_one_x[compatible_vector_array_pair0-&lt;lambda&gt;7]" time="0.1262974739074707"></testcase><testcase classname="src.pymortests.vectorarray" file="src/pymortests/vectorarray.py" line="409" name="test_axpy_one_x[compatible_vector_array_pair0-&lt;lambda&gt;8]" time="0.29022908210754395"></testcase><testcase classname="src.pymortests.vectorarray" file="src/pymortests/vectorarray.py" line="409" name="test_axpy_one_x[compatible_vector_array_pair0-&lt;lambda&gt;9]" time="0.558081865310669"></testcase><testcase classname="src.pymortests.vectorarray" file="src/pymortests/vectorarray.py" line="409" name="test_axpy_one_x[compatible_vector_array_pair0-&lt;lambda&gt;10]" time="1.5673999786376953"></testcase><testcase classname="src.pymortests.vectorarray" file="src/pymortests/vectorarray.py" line="409" name="test_axpy_one_x[compatible_vector_array_pair0-&lt;lambda&gt;11]" time="0.1241912841796875"></testcase><testcase classname="src.pymortests.vectorarray" file="src/pymortests/vectorarray.py" line="409" name="test_axpy_one_x[compatible_vector_array_pair0-&lt;lambda&gt;12]" time="0.10221624374389648"></testcase><testcase classname="src.pymortests.vectorarray" file="src/pymortests/vectorarray.py" line="409" name="test_axpy_one_x[compatible_vector_array_pair0-&lt;lambda&gt;13]" time="0.3025705814361572"></testcase><testcase classname="src.pymortests.vectorarray" file="src/pymortests/vectorarray.py" line="409" name="test_axpy_one_x[compatible_vector_array_pair0-&lt;lambda&gt;14]" time="0.16739892959594727"></testcase><testcase classname="src.pymortests.vectorarray" file="src/pymortests/vectorarray.py" line="409" name="test_axpy_one_x[compatible_vector_array_pair0-&lt;lambda&gt;15]" time="0.29812073707580566"></testcase><testcase classname="src.pymortests.vectorarray" file="src/pymortests/vectorarray.py" line="409" name="test_axpy_one_x[compatible_vector_array_pair0-&lt;lambda&gt;16]" time="0.34229063987731934"></testcase><testcase classname="src.pymortests.vectorarray" file="src/pymortests/vectorarray.py" line="409" name="test_axpy_one_x[compatible_vector_array_pair0-&lt;lambda&gt;17]" time="0.36586976051330566"></testcase><testcase classname="src.pymortests.vectorarray" file="src/pymortests/vectorarray.py" line="409" name="test_axpy_one_x[compatible_vector_array_pair0-&lt;lambda&gt;18]" time="0.14815664291381836"></testcase><testcase classname="src.pymortests.vectorarray" file="src/pymortests/vectorarray.py" line="409" name="test_axpy_one_x[compatible_vector_array_pair0-&lt;lambda&gt;19]" time="0.3136923313140869"></testcase><testcase classname="src.pymortests.vectorarray" file="src/pymortests/vectorarray.py" line="409" name="test_axpy_one_x[compatible_vector_array_pair0-&lt;lambda&gt;20]" time="0.9044241905212402"></testcase><testcase classname="src.pymortests.vectorarray" file="src/pymortests/vectorarray.py" line="409" name="test_axpy_one_x[compatible_vector_array_pair0-&lt;lambda&gt;21]" time="0.9326400756835938"></testcase><testcase classname="src.pymortests.vectorarray" file="src/pymortests/vectorarray.py" line="409" name="test_axpy_one_x[compatible_vector_array_pair0-&lt;lambda&gt;22]" time="2.5733859539031982"></testcase><testcase classname="src.pymortests.vectorarray" file="src/pymortests/vectorarray.py" line="409" name="test_axpy_one_x[compatible_vector_array_pair0-&lt;lambda&gt;23]" time="0.2604105472564697"></testcase><testcase classname="src.pymortests.vectorarray" file="src/pymortests/vectorarray.py" line="409" name="test_axpy_one_x[compatible_vector_array_pair0-&lt;lambda&gt;24]" time="0.04772377014160156"></testcase><testcase classname="src.pymortests.vectorarray" file="src/pymortests/vectorarray.py" line="409" name="test_axpy_one_x[compatible_vector_array_pair0-&lt;lambda&gt;25]" time="0.24606537818908691"></testcase><testcase classname="src.pymortests.vectorarray" file="src/pymortests/vectorarray.py" line="409" name="test_axpy_one_x[compatible_vector_array_pair0-&lt;lambda&gt;26]" time="2.3826169967651367"></testcase><testcase classname="src.pymortests.vectorarray" file="src/pymortests/vectorarray.py" line="409" name="test_axpy_one_x[compatible_vector_array_pair0-&lt;lambda&gt;27]" time="4.294905424118042"></testcase><testcase classname="src.pymortests.vectorarray" file="src/pymortests/vectorarray.py" line="409" name="test_axpy_one_x[compatible_vector_array_pair0-&lt;lambda&gt;28]" time="16.570504188537598"></testcase><testcase classname="src.pymortests.vectorarray" file="src/pymortests/vectorarray.py" line="409" name="test_axpy_one_x[compatible_vector_array_pair0-&lt;lambda&gt;29]" time="0.49103498458862305"></testcase><testcase classname="src.pymortests.vectorarray" file="src/pymortests/vectorarray.py" line="409" name="test_axpy_one_x[compatible_vector_array_pair1-&lt;lambda&gt;0]" time="0.05350899696350098"></testcase><testcase classname="src.pymortests.vectorarray" file="src/pymortests/vectorarray.py" line="409" name="test_axpy_one_x[compatible_vector_array_pair1-&lt;lambda&gt;1]" time="0.1459040641784668"></testcase><testcase classname="src.pymortests.vectorarray" file="src/pymortests/vectorarray.py" line="409" name="test_axpy_one_x[compatible_vector_array_pair1-&lt;lambda&gt;2]" time="0.10862231254577637"></testcase><testcase classname="src.pymortests.vectorarray" file="src/pymortests/vectorarray.py" line="409" name="test_axpy_one_x[compatible_vector_array_pair1-&lt;lambda&gt;3]" time="0.12207698822021484"></testcase><testcase classname="src.pymortests.vectorarray" file="src/pymortests/vectorarray.py" line="409" name="test_axpy_one_x[compatible_vector_array_pair1-&lt;lambda&gt;4]" time="0.12981152534484863"></testcase><testcase classname="src.pymortests.vectorarray" file="src/pymortests/vectorarray.py" line="409" name="test_axpy_one_x[compatible_vector_array_pair1-&lt;lambda&gt;5]" time="0.1052100658416748"></testcase><testcase classname="src.pymortests.vectorarray" file="src/pymortests/vectorarray.py" line="409" name="test_axpy_one_x[compatible_vector_array_pair1-&lt;lambda&gt;6]" time="0.04206585884094238"></testcase><testcase classname="src.pymortests.vectorarray" file="src/pymortests/vectorarray.py" line="409" name="test_axpy_one_x[compatible_vector_array_pair1-&lt;lambda&gt;7]" time="0.12956666946411133"></testcase><testcase classname="src.pymortests.vectorarray" file="src/pymortests/vectorarray.py" line="409" name="test_axpy_one_x[compatible_vector_array_pair1-&lt;lambda&gt;8]" time="0.306621789932251"></testcase><testcase classname="src.pymortests.vectorarray" file="src/pymortests/vectorarray.py" line="409" name="test_axpy_one_x[compatible_vector_array_pair1-&lt;lambda&gt;9]" time="0.5654299259185791"></testcase><testcase classname="src.pymortests.vectorarray" file="src/pymortests/vectorarray.py" line="409" name="test_axpy_one_x[compatible_vector_array_pair1-&lt;lambda&gt;10]" time="1.575049877166748"></testcase><testcase classname="src.pymortests.vectorarray" file="src/pymortests/vectorarray.py" line="409" name="test_axpy_one_x[compatible_vector_array_pair1-&lt;lambda&gt;11]" time="0.12423324584960938"></testcase><testcase classname="src.pymortests.vectorarray" file="src/pymortests/vectorarray.py" line="409" name="test_axpy_one_x[compatible_vector_array_pair1-&lt;lambda&gt;12]" time="0.10355257987976074"></testcase><testcase classname="src.pymortests.vectorarray" file="src/pymortests/vectorarray.py" line="409" name="test_axpy_one_x[compatible_vector_array_pair1-&lt;lambda&gt;13]" time="0.30250120162963867"></testcase><testcase classname="src.pymortests.vectorarray" file="src/pymortests/vectorarray.py" line="409" name="test_axpy_one_x[compatible_vector_array_pair1-&lt;lambda&gt;14]" time="0.1667628288269043"></testcase><testcase classname="src.pymortests.vectorarray" file="src/pymortests/vectorarray.py" line="409" name="test_axpy_one_x[compatible_vector_array_pair1-&lt;lambda&gt;15]" time="0.29876208305358887"></testcase><testcase classname="src.pymortests.vectorarray" file="src/pymortests/vectorarray.py" line="409" name="test_axpy_one_x[compatible_vector_array_pair1-&lt;lambda&gt;16]" time="0.33699941635131836"></testcase><testcase classname="src.pymortests.vectorarray" file="src/pymortests/vectorarray.py" line="409" name="test_axpy_one_x[compatible_vector_array_pair1-&lt;lambda&gt;17]" time="0.3675544261932373"></testcase><testcase classname="src.pymortests.vectorarray" file="src/pymortests/vectorarray.py" line="409" name="test_axpy_one_x[compatible_vector_array_pair1-&lt;lambda&gt;18]" time="0.14456701278686523"></testcase><testcase classname="src.pymortests.vectorarray" file="src/pymortests/vectorarray.py" line="409" name="test_axpy_one_x[compatible_vector_array_pair1-&lt;lambda&gt;19]" time="0.31104230880737305"></testcase><testcase classname="src.pymortests.vectorarray" file="src/pymortests/vectorarray.py" line="409" name="test_axpy_one_x[compatible_vector_array_pair1-&lt;lambda&gt;20]" time="0.8881340026855469"></testcase><testcase classname="src.pymortests.vectorarray" file="src/pymortests/vectorarray.py" line="409" name="test_axpy_one_x[compatible_vector_array_pair1-&lt;lambda&gt;21]" time="0.9391489028930664"></testcase><testcase classname="src.pymortests.vectorarray" file="src/pymortests/vectorarray.py" line="409" name="test_axpy_one_x[compatible_vector_array_pair1-&lt;lambda&gt;22]" time="2.663043737411499"></testcase><testcase classname="src.pymortests.vectorarray" file="src/pymortests/vectorarray.py" line="409" name="test_axpy_one_x[compatible_vector_array_pair1-&lt;lambda&gt;23]" time="0.26438188552856445"></testcase><testcase classname="src.pymortests.vectorarray" file="src/pymortests/vectorarray.py" line="409" name="test_axpy_one_x[compatible_vector_array_pair1-&lt;lambda&gt;24]" time="0.047445058822631836"></testcase><testcase classname="src.pymortests.vectorarray" file="src/pymortests/vectorarray.py" line="409" name="test_axpy_one_x[compatible_vector_array_pair1-&lt;lambda&gt;25]" time="0.2645151615142822"></testcase><testcase classname="src.pymortests.vectorarray" file="src/pymortests/vectorarray.py" line="409" name="test_axpy_one_x[compatible_vector_array_pair1-&lt;lambda&gt;26]" time="2.961101770401001"></testcase><testcase classname="src.pymortests.vectorarray" file="src/pymortests/vectorarray.py" line="409" name="test_axpy_one_x[compatible_vector_array_pair1-&lt;lambda&gt;27]" time="5.2582337856292725"></testcase><testcase classname="src.pymortests.vectorarray" file="src/pymortests/vectorarray.py" line="409" name="test_axpy_one_x[compatible_vector_array_pair1-&lt;lambda&gt;28]" time="19.924425840377808"></testcase><testcase classname="src.pymortests.vectorarray" file="src/pymortests/vectorarray.py" line="409" name="test_axpy_one_x[compatible_vector_array_pair1-&lt;lambda&gt;29]" time="0.5633761882781982"></testcase><testcase classname="src.pymortests.vectorarray" file="src/pymortests/vectorarray.py" line="409" name="test_axpy_one_x[compatible_vector_array_pair2-&lt;lambda&gt;0]" time="0.052176713943481445"></testcase><testcase classname="src.pymortests.vectorarray" file="src/pymortests/vectorarray.py" line="409" name="test_axpy_one_x[compatible_vector_array_pair2-&lt;lambda&gt;1]" time="0.1390821933746338"></testcase><testcase classname="src.pymortests.vectorarray" file="src/pymortests/vectorarray.py" line="409" name="test_axpy_one_x[compatible_vector_array_pair2-&lt;lambda&gt;2]" time="0.10539603233337402"></testcase><testcase classname="src.pymortests.vectorarray" file="src/pymortests/vectorarray.py" line="409" name="test_axpy_one_x[compatible_vector_array_pair2-&lt;lambda&gt;3]" time="0.12070298194885254"></testcase><testcase classname="src.pymortests.vectorarray" file="src/pymortests/vectorarray.py" line="409" name="test_axpy_one_x[compatible_vector_array_pair2-&lt;lambda&gt;4]" time="0.1272280216217041"></testcase><testcase classname="src.pymortests.vectorarray" file="src/pymortests/vectorarray.py" line="409" name="test_axpy_one_x[compatible_vector_array_pair2-&lt;lambda&gt;5]" time="0.10431194305419922"></testcase><testcase classname="src.pymortests.vectorarray" file="src/pymortests/vectorarray.py" line="409" name="test_axpy_one_x[compatible_vector_array_pair2-&lt;lambda&gt;6]" time="0.040532588958740234"></testcase><testcase classname="src.pymortests.vectorarray" file="src/pymortests/vectorarray.py" line="409" name="test_axpy_one_x[compatible_vector_array_pair2-&lt;lambda&gt;7]" time="0.12380099296569824"></testcase><testcase classname="src.pymortests.vectorarray" file="src/pymortests/vectorarray.py" line="409" name="test_axpy_one_x[compatible_vector_array_pair2-&lt;lambda&gt;8]" time="0.28754401206970215"></testcase><testcase classname="src.pymortests.vectorarray" file="src/pymortests/vectorarray.py" line="409" name="test_axpy_one_x[compatible_vector_array_pair2-&lt;lambda&gt;9]" time="0.5564308166503906"></testcase><testcase classname="src.pymortests.vectorarray" file="src/pymortests/vectorarray.py" line="409" name="test_axpy_one_x[compatible_vector_array_pair2-&lt;lambda&gt;10]" time="1.5712487697601318"></testcase><testcase classname="src.pymortests.vectorarray" file="src/pymortests/vectorarray.py" line="409" name="test_axpy_one_x[compatible_vector_array_pair2-&lt;lambda&gt;11]" time="0.12547588348388672"></testcase><testcase classname="src.pymortests.vectorarray" file="src/pymortests/vectorarray.py" line="409" name="test_axpy_one_x[compatible_vector_array_pair2-&lt;lambda&gt;12]" time="0.10317587852478027"></testcase><testcase classname="src.pymortests.vectorarray" file="src/pymortests/vectorarray.py" line="409" name="test_axpy_one_x[compatible_vector_array_pair2-&lt;lambda&gt;13]" time="0.30879831314086914"></testcase><testcase classname="src.pymortests.vectorarray" file="src/pymortests/vectorarray.py" line="409" name="test_axpy_one_x[compatible_vector_array_pair2-&lt;lambda&gt;14]" time="0.16784238815307617"></testcase><testcase classname="src.pymortests.vectorarray" file="src/pymortests/vectorarray.py" line="409" name="test_axpy_one_x[compatible_vector_array_pair2-&lt;lambda&gt;15]" time="0.2979607582092285"></testcase><testcase classname="src.pymortests.vectorarray" file="src/pymortests/vectorarray.py" line="409" name="test_axpy_one_x[compatible_vector_array_pair2-&lt;lambda&gt;16]" time="0.3370394706726074"></testcase><testcase classname="src.pymortests.vectorarray" file="src/pymortests/vectorarray.py" line="409" name="test_axpy_one_x[compatible_vector_array_pair2-&lt;lambda&gt;17]" time="0.3653385639190674"></testcase><testcase classname="src.pymortests.vectorarray" file="src/pymortests/vectorarray.py" line="409" name="test_axpy_one_x[compatible_vector_array_pair2-&lt;lambda&gt;18]" time="0.14647603034973145"></testcase><testcase classname="src.pymortests.vectorarray" file="src/pymortests/vectorarray.py" line="409" name="test_axpy_one_x[compatible_vector_array_pair2-&lt;lambda&gt;19]" time="0.3124675750732422"></testcase><testcase classname="src.pymortests.vectorarray" file="src/pymortests/vectorarray.py" line="409" name="test_axpy_one_x[compatible_vector_array_pair2-&lt;lambda&gt;20]" time="0.8974583148956299"></testcase><testcase classname="src.pymortests.vectorarray" file="src/pymortests/vectorarray.py" line="409" name="test_axpy_one_x[compatible_vector_array_pair2-&lt;lambda&gt;21]" time="0.9309232234954834"></testcase><testcase classname="src.pymortests.vectorarray" file="src/pymortests/vectorarray.py" line="409" name="test_axpy_one_x[compatible_vector_array_pair2-&lt;lambda&gt;22]" time="2.588409900665283"></testcase><testcase classname="src.pymortests.vectorarray" file="src/pymortests/vectorarray.py" line="409" name="test_axpy_one_x[compatible_vector_array_pair2-&lt;lambda&gt;23]" time="0.25858068466186523"></testcase><testcase classname="src.pymortests.vectorarray" file="src/pymortests/vectorarray.py" line="409" name="test_axpy_one_x[compatible_vector_array_pair2-&lt;lambda&gt;24]" time="0.04679274559020996"></testcase><testcase classname="src.pymortests.vectorarray" file="src/pymortests/vectorarray.py" line="409" name="test_axpy_one_x[compatible_vector_array_pair2-&lt;lambda&gt;25]" time="0.2845633029937744"></testcase><testcase classname="src.pymortests.vectorarray" file="src/pymortests/vectorarray.py" line="409" name="test_axpy_one_x[compatible_vector_array_pair2-&lt;lambda&gt;26]" time="3.4986443519592285"></testcase><testcase classname="src.pymortests.vectorarray" file="src/pymortests/vectorarray.py" line="409" name="test_axpy_one_x[compatible_vector_array_pair2-&lt;lambda&gt;27]" time="6.163580417633057"></testcase><testcase classname="src.pymortests.vectorarray" file="src/pymortests/vectorarray.py" line="409" name="test_axpy_one_x[compatible_vector_array_pair2-&lt;lambda&gt;28]" time="23.209970474243164"></testcase><testcase classname="src.pymortests.vectorarray" file="src/pymortests/vectorarray.py" line="409" name="test_axpy_one_x[compatible_vector_array_pair2-&lt;lambda&gt;29]" time="0.6188304424285889"></testcase><testcase classname="src.pymortests.vectorarray" file="src/pymortests/vectorarray.py" line="409" name="test_axpy_one_x[compatible_vector_array_pair3-&lt;lambda&gt;0]" time="0.05109906196594238"></testcase><testcase classname="src.pymortests.vectorarray" file="src/pymortests/vectorarray.py" line="409" name="test_axpy_one_x[compatible_vector_array_pair3-&lt;lambda&gt;1]" time="0.13762998580932617"></testcase><testcase classname="src.pymortests.vectorarray" file="src/pymortests/vectorarray.py" line="409" name="test_axpy_one_x[compatible_vector_array_pair3-&lt;lambda&gt;2]" time="0.1047365665435791"></testcase><testcase classname="src.pymortests.vectorarray" file="src/pymortests/vectorarray.py" line="409" name="test_axpy_one_x[compatible_vector_array_pair3-&lt;lambda&gt;3]" time="0.12075471878051758"></testcase><testcase classname="src.pymortests.vectorarray" file="src/pymortests/vectorarray.py" line="409" name="test_axpy_one_x[compatible_vector_array_pair3-&lt;lambda&gt;4]" time="0.12735724449157715"></testcase><testcase classname="src.pymortests.vectorarray" file="src/pymortests/vectorarray.py" line="409" name="test_axpy_one_x[compatible_vector_array_pair3-&lt;lambda&gt;5]" time="0.10763287544250488"></testcase><testcase classname="src.pymortests.vectorarray" file="src/pymortests/vectorarray.py" line="409" name="test_axpy_one_x[compatible_vector_array_pair3-&lt;lambda&gt;6]" time="0.04013347625732422"></testcase><testcase classname="src.pymortests.vectorarray" file="src/pymortests/vectorarray.py" line="409" name="test_axpy_one_x[compatible_vector_array_pair3-&lt;lambda&gt;7]" time="0.12300419807434082"></testcase><testcase classname="src.pymortests.vectorarray" file="src/pymortests/vectorarray.py" line="409" name="test_axpy_one_x[compatible_vector_array_pair3-&lt;lambda&gt;8]" time="0.2957744598388672"></testcase><testcase classname="src.pymortests.vectorarray" file="src/pymortests/vectorarray.py" line="409" name="test_axpy_one_x[compatible_vector_array_pair3-&lt;lambda&gt;9]" time="0.5478568077087402"></testcase><testcase classname="src.pymortests.vectorarray" file="src/pymortests/vectorarray.py" line="409" name="test_axpy_one_x[compatible_vector_array_pair3-&lt;lambda&gt;10]" time="1.5368778705596924"></testcase><testcase classname="src.pymortests.vectorarray" file="src/pymortests/vectorarray.py" line="409" name="test_axpy_one_x[compatible_vector_array_pair3-&lt;lambda&gt;11]" time="0.12199664115905762"></testcase><testcase classname="src.pymortests.vectorarray" file="src/pymortests/vectorarray.py" line="409" name="test_axpy_one_x[compatible_vector_array_pair3-&lt;lambda&gt;12]" time="0.10084033012390137"></testcase><testcase classname="src.pymortests.vectorarray" file="src/pymortests/vectorarray.py" line="409" name="test_axpy_one_x[compatible_vector_array_pair3-&lt;lambda&gt;13]" time="0.30187034606933594"></testcase><testcase classname="src.pymortests.vectorarray" file="src/pymortests/vectorarray.py" line="409" name="test_axpy_one_x[compatible_vector_array_pair3-&lt;lambda&gt;14]" time="0.1634082794189453"></testcase><testcase classname="src.pymortests.vectorarray" file="src/pymortests/vectorarray.py" line="409" name="test_axpy_one_x[compatible_vector_array_pair3-&lt;lambda&gt;15]" time="0.2939333915710449"></testcase><testcase classname="src.pymortests.vectorarray" file="src/pymortests/vectorarray.py" line="409" name="test_axpy_one_x[compatible_vector_array_pair3-&lt;lambda&gt;16]" time="0.3287839889526367"></testcase><testcase classname="src.pymortests.vectorarray" file="src/pymortests/vectorarray.py" line="409" name="test_axpy_one_x[compatible_vector_array_pair3-&lt;lambda&gt;17]" time="0.3574564456939697"></testcase><testcase classname="src.pymortests.vectorarray" file="src/pymortests/vectorarray.py" line="409" name="test_axpy_one_x[compatible_vector_array_pair3-&lt;lambda&gt;18]" time="0.14525699615478516"></testcase><testcase classname="src.pymortests.vectorarray" file="src/pymortests/vectorarray.py" line="409" name="test_axpy_one_x[compatible_vector_array_pair3-&lt;lambda&gt;19]" time="0.30151915550231934"></testcase><testcase classname="src.pymortests.vectorarray" file="src/pymortests/vectorarray.py" line="409" name="test_axpy_one_x[compatible_vector_array_pair3-&lt;lambda&gt;20]" time="0.8949251174926758"></testcase><testcase classname="src.pymortests.vectorarray" file="src/pymortests/vectorarray.py" line="409" name="test_axpy_one_x[compatible_vector_array_pair3-&lt;lambda&gt;21]" time="0.9095630645751953"></testcase><testcase classname="src.pymortests.vectorarray" file="src/pymortests/vectorarray.py" line="409" name="test_axpy_one_x[compatible_vector_array_pair3-&lt;lambda&gt;22]" time="2.7492425441741943"></testcase><testcase classname="src.pymortests.vectorarray" file="src/pymortests/vectorarray.py" line="409" name="test_axpy_one_x[compatible_vector_array_pair3-&lt;lambda&gt;23]" time="0.2733583450317383"></testcase><testcase classname="src.pymortests.vectorarray" file="src/pymortests/vectorarray.py" line="409" name="test_axpy_one_x[compatible_vector_array_pair3-&lt;lambda&gt;24]" time="0.05005764961242676"></testcase><testcase classname="src.pymortests.vectorarray" file="src/pymortests/vectorarray.py" line="409" name="test_axpy_one_x[compatible_vector_array_pair3-&lt;lambda&gt;25]" time="0.3215293884277344"></testcase><testcase classname="src.pymortests.vectorarray" file="src/pymortests/vectorarray.py" line="409" name="test_axpy_one_x[compatible_vector_array_pair3-&lt;lambda&gt;26]" time="4.170006990432739"></testcase><testcase classname="src.pymortests.vectorarray" file="src/pymortests/vectorarray.py" line="409" name="test_axpy_one_x[compatible_vector_array_pair3-&lt;lambda&gt;27]" time="7.373463153839111"></testcase><testcase classname="src.pymortests.vectorarray" file="src/pymortests/vectorarray.py" line="409" name="test_axpy_one_x[compatible_vector_array_pair3-&lt;lambda&gt;28]" time="26.719730854034424"></testcase><testcase classname="src.pymortests.vectorarray" file="src/pymortests/vectorarray.py" line="409" name="test_axpy_one_x[compatible_vector_array_pair3-&lt;lambda&gt;29]" time="0.6688635349273682"></testcase><testcase classname="src.pymortests.vectorarray" file="src/pymortests/vectorarray.py" line="409" name="test_axpy_one_x[compatible_vector_array_pair4-&lt;lambda&gt;0]" time="0.05146193504333496"></testcase><testcase classname="src.pymortests.vectorarray" file="src/pymortests/vectorarray.py" line="409" name="test_axpy_one_x[compatible_vector_array_pair4-&lt;lambda&gt;1]" time="0.1367814540863037"></testcase><testcase classname="src.pymortests.vectorarray" file="src/pymortests/vectorarray.py" line="409" name="test_axpy_one_x[compatible_vector_array_pair4-&lt;lambda&gt;2]" time="0.10526633262634277"></testcase><testcase classname="src.pymortests.vectorarray" file="src/pymortests/vectorarray.py" line="409" name="test_axpy_one_x[compatible_vector_array_pair4-&lt;lambda&gt;3]" time="0.11841893196105957"></testcase><testcase classname="src.pymortests.vectorarray" file="src/pymortests/vectorarray.py" line="409" name="test_axpy_one_x[compatible_vector_array_pair4-&lt;lambda&gt;4]" time="0.12485837936401367"></testcase><testcase classname="src.pymortests.vectorarray" file="src/pymortests/vectorarray.py" line="409" name="test_axpy_one_x[compatible_vector_array_pair4-&lt;lambda&gt;5]" time="0.10256552696228027"></testcase><testcase classname="src.pymortests.vectorarray" file="src/pymortests/vectorarray.py" line="409" name="test_axpy_one_x[compatible_vector_array_pair4-&lt;lambda&gt;6]" time="0.03930521011352539"></testcase><testcase classname="src.pymortests.vectorarray" file="src/pymortests/vectorarray.py" line="409" name="test_axpy_one_x[compatible_vector_array_pair4-&lt;lambda&gt;7]" time="0.12280678749084473"></testcase><testcase classname="src.pymortests.vectorarray" file="src/pymortests/vectorarray.py" line="409" name="test_axpy_one_x[compatible_vector_array_pair4-&lt;lambda&gt;8]" time="0.27939367294311523"></testcase><testcase classname="src.pymortests.vectorarray" file="src/pymortests/vectorarray.py" line="409" name="test_axpy_one_x[compatible_vector_array_pair4-&lt;lambda&gt;9]" time="0.5481541156768799"></testcase><testcase classname="src.pymortests.vectorarray" file="src/pymortests/vectorarray.py" line="409" name="test_axpy_one_x[compatible_vector_array_pair4-&lt;lambda&gt;10]" time="1.5299851894378662"></testcase><testcase classname="src.pymortests.vectorarray" file="src/pymortests/vectorarray.py" line="409" name="test_axpy_one_x[compatible_vector_array_pair4-&lt;lambda&gt;11]" time="0.12404084205627441"></testcase><testcase classname="src.pymortests.vectorarray" file="src/pymortests/vectorarray.py" line="409" name="test_axpy_one_x[compatible_vector_array_pair4-&lt;lambda&gt;12]" time="0.10118794441223145"></testcase><testcase classname="src.pymortests.vectorarray" file="src/pymortests/vectorarray.py" line="409" name="test_axpy_one_x[compatible_vector_array_pair4-&lt;lambda&gt;13]" time="0.3007388114929199"></testcase><testcase classname="src.pymortests.vectorarray" file="src/pymortests/vectorarray.py" line="409" name="test_axpy_one_x[compatible_vector_array_pair4-&lt;lambda&gt;14]" time="0.1652817726135254"></testcase><testcase classname="src.pymortests.vectorarray" file="src/pymortests/vectorarray.py" line="409" name="test_axpy_one_x[compatible_vector_array_pair4-&lt;lambda&gt;15]" time="0.29282259941101074"></testcase><testcase classname="src.pymortests.vectorarray" file="src/pymortests/vectorarray.py" line="409" name="test_axpy_one_x[compatible_vector_array_pair4-&lt;lambda&gt;16]" time="0.3331937789916992"></testcase><testcase classname="src.pymortests.vectorarray" file="src/pymortests/vectorarray.py" line="409" name="test_axpy_one_x[compatible_vector_array_pair4-&lt;lambda&gt;17]" time="0.3581125736236572"></testcase><testcase classname="src.pymortests.vectorarray" file="src/pymortests/vectorarray.py" line="409" name="test_axpy_one_x[compatible_vector_array_pair4-&lt;lambda&gt;18]" time="0.13893747329711914"></testcase><testcase classname="src.pymortests.vectorarray" file="src/pymortests/vectorarray.py" line="409" name="test_axpy_one_x[compatible_vector_array_pair4-&lt;lambda&gt;19]" time="0.3009164333343506"></testcase><testcase classname="src.pymortests.vectorarray" file="src/pymortests/vectorarray.py" line="409" name="test_axpy_one_x[compatible_vector_array_pair4-&lt;lambda&gt;20]" time="0.8782408237457275"></testcase><testcase classname="src.pymortests.vectorarray" file="src/pymortests/vectorarray.py" line="409" name="test_axpy_one_x[compatible_vector_array_pair4-&lt;lambda&gt;21]" time="0.8990392684936523"></testcase><testcase classname="src.pymortests.vectorarray" file="src/pymortests/vectorarray.py" line="409" name="test_axpy_one_x[compatible_vector_array_pair4-&lt;lambda&gt;22]" time="2.444624185562134"></testcase><testcase classname="src.pymortests.vectorarray" file="src/pymortests/vectorarray.py" line="409" name="test_axpy_one_x[compatible_vector_array_pair4-&lt;lambda&gt;23]" time="0.25448179244995117"></testcase><testcase classname="src.pymortests.vectorarray" file="src/pymortests/vectorarray.py" line="409" name="test_axpy_one_x[compatible_vector_array_pair4-&lt;lambda&gt;24]" time="0.04646420478820801"></testcase><testcase classname="src.pymortests.vectorarray" file="src/pymortests/vectorarray.py" line="409" name="test_axpy_one_x[compatible_vector_array_pair4-&lt;lambda&gt;25]" time="0.3136723041534424"></testcase><testcase classname="src.pymortests.vectorarray" file="src/pymortests/vectorarray.py" line="409" name="test_axpy_one_x[compatible_vector_array_pair4-&lt;lambda&gt;26]" time="4.5313720703125"></testcase><testcase classname="src.pymortests.vectorarray" file="src/pymortests/vectorarray.py" line="409" name="test_axpy_one_x[compatible_vector_array_pair4-&lt;lambda&gt;27]" time="7.8879945278167725"></testcase><testcase classname="src.pymortests.vectorarray" file="src/pymortests/vectorarray.py" line="409" name="test_axpy_one_x[compatible_vector_array_pair4-&lt;lambda&gt;28]" time="29.302263259887695"></testcase><testcase classname="src.pymortests.vectorarray" file="src/pymortests/vectorarray.py" line="409" name="test_axpy_one_x[compatible_vector_array_pair4-&lt;lambda&gt;29]" time="0.7379786968231201"></testcase><testcase classname="src.pymortests.vectorarray" file="src/pymortests/vectorarray.py" line="409" name="test_axpy_one_x[compatible_vector_array_pair5-&lt;lambda&gt;0]" time="0.05169963836669922"></testcase><testcase classname="src.pymortests.vectorarray" file="src/pymortests/vectorarray.py" line="409" name="test_axpy_one_x[compatible_vector_array_pair5-&lt;lambda&gt;1]" time="0.13903403282165527"></testcase><testcase classname="src.pymortests.vectorarray" file="src/pymortests/vectorarray.py" line="409" name="test_axpy_one_x[compatible_vector_array_pair5-&lt;lambda&gt;2]" time="0.1041109561920166"></testcase><testcase classname="src.pymortests.vectorarray" file="src/pymortests/vectorarray.py" line="409" name="test_axpy_one_x[compatible_vector_array_pair5-&lt;lambda&gt;3]" time="0.1192178726196289"></testcase><testcase classname="src.pymortests.vectorarray" file="src/pymortests/vectorarray.py" line="409" name="test_axpy_one_x[compatible_vector_array_pair5-&lt;lambda&gt;4]" time="0.12787270545959473"></testcase><testcase classname="src.pymortests.vectorarray" file="src/pymortests/vectorarray.py" line="409" name="test_axpy_one_x[compatible_vector_array_pair5-&lt;lambda&gt;5]" time="0.1035616397857666"></testcase><testcase classname="src.pymortests.vectorarray" file="src/pymortests/vectorarray.py" line="409" name="test_axpy_one_x[compatible_vector_array_pair5-&lt;lambda&gt;6]" time="0.04111504554748535"></testcase><testcase classname="src.pymortests.vectorarray" file="src/pymortests/vectorarray.py" line="409" name="test_axpy_one_x[compatible_vector_array_pair5-&lt;lambda&gt;7]" time="0.12487006187438965"></testcase><testcase classname="src.pymortests.vectorarray" file="src/pymortests/vectorarray.py" line="409" name="test_axpy_one_x[compatible_vector_array_pair5-&lt;lambda&gt;8]" time="0.28304409980773926"></testcase><testcase classname="src.pymortests.vectorarray" file="src/pymortests/vectorarray.py" line="409" name="test_axpy_one_x[compatible_vector_array_pair5-&lt;lambda&gt;9]" time="0.5453014373779297"></testcase><testcase classname="src.pymortests.vectorarray" file="src/pymortests/vectorarray.py" line="409" name="test_axpy_one_x[compatible_vector_array_pair5-&lt;lambda&gt;10]" time="1.5271422863006592"></testcase><testcase classname="src.pymortests.vectorarray" file="src/pymortests/vectorarray.py" line="409" name="test_axpy_one_x[compatible_vector_array_pair5-&lt;lambda&gt;11]" time="0.12158727645874023"></testcase><testcase classname="src.pymortests.vectorarray" file="src/pymortests/vectorarray.py" line="409" name="test_axpy_one_x[compatible_vector_array_pair5-&lt;lambda&gt;12]" time="0.10105276107788086"></testcase><testcase classname="src.pymortests.vectorarray" file="src/pymortests/vectorarray.py" line="409" name="test_axpy_one_x[compatible_vector_array_pair5-&lt;lambda&gt;13]" time="0.3009068965911865"></testcase><testcase classname="src.pymortests.vectorarray" file="src/pymortests/vectorarray.py" line="409" name="test_axpy_one_x[compatible_vector_array_pair5-&lt;lambda&gt;14]" time="0.16273236274719238"></testcase><testcase classname="src.pymortests.vectorarray" file="src/pymortests/vectorarray.py" line="409" name="test_axpy_one_x[compatible_vector_array_pair5-&lt;lambda&gt;15]" time="0.2906160354614258"></testcase><testcase classname="src.pymortests.vectorarray" file="src/pymortests/vectorarray.py" line="409" name="test_axpy_one_x[compatible_vector_array_pair5-&lt;lambda&gt;16]" time="0.3279397487640381"></testcase><testcase classname="src.pymortests.vectorarray" file="src/pymortests/vectorarray.py" line="409" name="test_axpy_one_x[compatible_vector_array_pair5-&lt;lambda&gt;17]" time="0.3572218418121338"></testcase><testcase classname="src.pymortests.vectorarray" file="src/pymortests/vectorarray.py" line="409" name="test_axpy_one_x[compatible_vector_array_pair5-&lt;lambda&gt;18]" time="0.13948988914489746"></testcase><testcase classname="src.pymortests.vectorarray" file="src/pymortests/vectorarray.py" line="409" name="test_axpy_one_x[compatible_vector_array_pair5-&lt;lambda&gt;19]" time="0.2986116409301758"></testcase><testcase classname="src.pymortests.vectorarray" file="src/pymortests/vectorarray.py" line="409" name="test_axpy_one_x[compatible_vector_array_pair5-&lt;lambda&gt;20]" time="0.8867967128753662"></testcase><testcase classname="src.pymortests.vectorarray" file="src/pymortests/vectorarray.py" line="409" name="test_axpy_one_x[compatible_vector_array_pair5-&lt;lambda&gt;21]" time="0.9039335250854492"></testcase><testcase classname="src.pymortests.vectorarray" file="src/pymortests/vectorarray.py" line="409" name="test_axpy_one_x[compatible_vector_array_pair5-&lt;lambda&gt;22]" time="2.5386438369750977"></testcase><testcase classname="src.pymortests.vectorarray" file="src/pymortests/vectorarray.py" line="409" name="test_axpy_one_x[compatible_vector_array_pair5-&lt;lambda&gt;23]" time="0.25006914138793945"></testcase><testcase classname="src.pymortests.vectorarray" file="src/pymortests/vectorarray.py" line="409" name="test_axpy_one_x[compatible_vector_array_pair5-&lt;lambda&gt;24]" time="0.04647493362426758"></testcase><testcase classname="src.pymortests.vectorarray" file="src/pymortests/vectorarray.py" line="409" name="test_axpy_one_x[compatible_vector_array_pair5-&lt;lambda&gt;25]" time="0.33348584175109863"></testcase><testcase classname="src.pymortests.vectorarray" file="src/pymortests/vectorarray.py" line="409" name="test_axpy_one_x[compatible_vector_array_pair5-&lt;lambda&gt;26]" time="5.052621603012085"></testcase><testcase classname="src.pymortests.vectorarray" file="src/pymortests/vectorarray.py" line="409" name="test_axpy_one_x[compatible_vector_array_pair5-&lt;lambda&gt;27]" time="8.760973453521729"></testcase><testcase classname="src.pymortests.vectorarray" file="src/pymortests/vectorarray.py" line="409" name="test_axpy_one_x[compatible_vector_array_pair5-&lt;lambda&gt;28]" time="32.53875398635864"></testcase><testcase classname="src.pymortests.vectorarray" file="src/pymortests/vectorarray.py" line="409" name="test_axpy_one_x[compatible_vector_array_pair5-&lt;lambda&gt;29]" time="0.8024308681488037"></testcase><testcase classname="src.pymortests.vectorarray" file="src/pymortests/vectorarray.py" line="409" name="test_axpy_one_x[compatible_vector_array_pair6-&lt;lambda&gt;0]" time="0.052280426025390625"></testcase><testcase classname="src.pymortests.vectorarray" file="src/pymortests/vectorarray.py" line="409" name="test_axpy_one_x[compatible_vector_array_pair6-&lt;lambda&gt;1]" time="0.1409928798675537"></testcase><testcase classname="src.pymortests.vectorarray" file="src/pymortests/vectorarray.py" line="409" name="test_axpy_one_x[compatible_vector_array_pair6-&lt;lambda&gt;2]" time="0.10513758659362793"></testcase><testcase classname="src.pymortests.vectorarray" file="src/pymortests/vectorarray.py" line="409" name="test_axpy_one_x[compatible_vector_array_pair6-&lt;lambda&gt;3]" time="0.12014460563659668"></testcase><testcase classname="src.pymortests.vectorarray" file="src/pymortests/vectorarray.py" line="409" name="test_axpy_one_x[compatible_vector_array_pair6-&lt;lambda&gt;4]" time="0.12651562690734863"></testcase><testcase classname="src.pymortests.vectorarray" file="src/pymortests/vectorarray.py" line="409" name="test_axpy_one_x[compatible_vector_array_pair6-&lt;lambda&gt;5]" time="0.10279226303100586"></testcase><testcase classname="src.pymortests.vectorarray" file="src/pymortests/vectorarray.py" line="409" name="test_axpy_one_x[compatible_vector_array_pair6-&lt;lambda&gt;6]" time="0.04099440574645996"></testcase><testcase classname="src.pymortests.vectorarray" file="src/pymortests/vectorarray.py" line="409" name="test_axpy_one_x[compatible_vector_array_pair6-&lt;lambda&gt;7]" time="0.12192010879516602"></testcase><testcase classname="src.pymortests.vectorarray" file="src/pymortests/vectorarray.py" line="409" name="test_axpy_one_x[compatible_vector_array_pair6-&lt;lambda&gt;8]" time="0.2807173728942871"></testcase><testcase classname="src.pymortests.vectorarray" file="src/pymortests/vectorarray.py" line="409" name="test_axpy_one_x[compatible_vector_array_pair6-&lt;lambda&gt;9]" time="0.5500705242156982"></testcase><testcase classname="src.pymortests.vectorarray" file="src/pymortests/vectorarray.py" line="409" name="test_axpy_one_x[compatible_vector_array_pair6-&lt;lambda&gt;10]" time="1.5190670490264893"></testcase><testcase classname="src.pymortests.vectorarray" file="src/pymortests/vectorarray.py" line="409" name="test_axpy_one_x[compatible_vector_array_pair6-&lt;lambda&gt;11]" time="0.1222233772277832"></testcase><testcase classname="src.pymortests.vectorarray" file="src/pymortests/vectorarray.py" line="409" name="test_axpy_one_x[compatible_vector_array_pair6-&lt;lambda&gt;12]" time="0.1005868911743164"></testcase><testcase classname="src.pymortests.vectorarray" file="src/pymortests/vectorarray.py" line="409" name="test_axpy_one_x[compatible_vector_array_pair6-&lt;lambda&gt;13]" time="0.29697632789611816"></testcase><testcase classname="src.pymortests.vectorarray" file="src/pymortests/vectorarray.py" line="409" name="test_axpy_one_x[compatible_vector_array_pair6-&lt;lambda&gt;14]" time="0.16235709190368652"></testcase><testcase classname="src.pymortests.vectorarray" file="src/pymortests/vectorarray.py" line="409" name="test_axpy_one_x[compatible_vector_array_pair6-&lt;lambda&gt;15]" time="0.28956055641174316"></testcase><testcase classname="src.pymortests.vectorarray" file="src/pymortests/vectorarray.py" line="409" name="test_axpy_one_x[compatible_vector_array_pair6-&lt;lambda&gt;16]" time="0.3283262252807617"></testcase><testcase classname="src.pymortests.vectorarray" file="src/pymortests/vectorarray.py" line="409" name="test_axpy_one_x[compatible_vector_array_pair6-&lt;lambda&gt;17]" time="0.3519406318664551"></testcase><testcase classname="src.pymortests.vectorarray" file="src/pymortests/vectorarray.py" line="409" name="test_axpy_one_x[compatible_vector_array_pair6-&lt;lambda&gt;18]" time="0.13916659355163574"></testcase><testcase classname="src.pymortests.vectorarray" file="src/pymortests/vectorarray.py" line="409" name="test_axpy_one_x[compatible_vector_array_pair6-&lt;lambda&gt;19]" time="0.29808855056762695"></testcase><testcase classname="src.pymortests.vectorarray" file="src/pymortests/vectorarray.py" line="409" name="test_axpy_one_x[compatible_vector_array_pair6-&lt;lambda&gt;20]" time="0.9136440753936768"></testcase><testcase classname="src.pymortests.vectorarray" file="src/pymortests/vectorarray.py" line="409" name="test_axpy_one_x[compatible_vector_array_pair6-&lt;lambda&gt;21]" time="0.9148154258728027"></testcase><testcase classname="src.pymortests.vectorarray" file="src/pymortests/vectorarray.py" line="409" name="test_axpy_one_x[compatible_vector_array_pair6-&lt;lambda&gt;22]" time="2.514504909515381"></testcase><testcase classname="src.pymortests.vectorarray" file="src/pymortests/vectorarray.py" line="409" name="test_axpy_one_x[compatible_vector_array_pair6-&lt;lambda&gt;23]" time="0.24953055381774902"></testcase><testcase classname="src.pymortests.vectorarray" file="src/pymortests/vectorarray.py" line="409" name="test_axpy_one_x[compatible_vector_array_pair6-&lt;lambda&gt;24]" time="0.04609560966491699"></testcase><testcase classname="src.pymortests.vectorarray" file="src/pymortests/vectorarray.py" line="409" name="test_axpy_one_x[compatible_vector_array_pair6-&lt;lambda&gt;25]" time="0.3553652763366699"></testcase><testcase classname="src.pymortests.vectorarray" file="src/pymortests/vectorarray.py" line="409" name="test_axpy_one_x[compatible_vector_array_pair6-&lt;lambda&gt;26]" time="5.597644329071045"></testcase><testcase classname="src.pymortests.vectorarray" file="src/pymortests/vectorarray.py" line="409" name="test_axpy_one_x[compatible_vector_array_pair6-&lt;lambda&gt;27]" time="9.61876106262207"></testcase><testcase classname="src.pymortests.vectorarray" file="src/pymortests/vectorarray.py" line="409" name="test_axpy_one_x[compatible_vector_array_pair6-&lt;lambda&gt;28]" time="35.76638460159302"></testcase><testcase classname="src.pymortests.vectorarray" file="src/pymortests/vectorarray.py" line="409" name="test_axpy_one_x[compatible_vector_array_pair6-&lt;lambda&gt;29]" time="0.8607409000396729"></testcase><testcase classname="src.pymortests.vectorarray" file="src/pymortests/vectorarray.py" line="409" name="test_axpy_one_x[compatible_vector_array_pair7-&lt;lambda&gt;0]" time="0.05223417282104492"></testcase><testcase classname="src.pymortests.vectorarray" file="src/pymortests/vectorarray.py" line="409" name="test_axpy_one_x[compatible_vector_array_pair7-&lt;lambda&gt;1]" time="0.13767099380493164"></testcase><testcase classname="src.pymortests.vectorarray" file="src/pymortests/vectorarray.py" line="409" name="test_axpy_one_x[compatible_vector_array_pair7-&lt;lambda&gt;2]" time="0.10435819625854492"></testcase><testcase classname="src.pymortests.vectorarray" file="src/pymortests/vectorarray.py" line="409" name="test_axpy_one_x[compatible_vector_array_pair7-&lt;lambda&gt;3]" time="0.1194007396697998"></testcase><testcase classname="src.pymortests.vectorarray" file="src/pymortests/vectorarray.py" line="409" name="test_axpy_one_x[compatible_vector_array_pair7-&lt;lambda&gt;4]" time="0.1261913776397705"></testcase><testcase classname="src.pymortests.vectorarray" file="src/pymortests/vectorarray.py" line="409" name="test_axpy_one_x[compatible_vector_array_pair7-&lt;lambda&gt;5]" time="0.10241007804870605"></testcase><testcase classname="src.pymortests.vectorarray" file="src/pymortests/vectorarray.py" line="409" name="test_axpy_one_x[compatible_vector_array_pair7-&lt;lambda&gt;6]" time="0.04096531867980957"></testcase><testcase classname="src.pymortests.vectorarray" file="src/pymortests/vectorarray.py" line="409" name="test_axpy_one_x[compatible_vector_array_pair7-&lt;lambda&gt;7]" time="0.12080264091491699"></testcase><testcase classname="src.pymortests.vectorarray" file="src/pymortests/vectorarray.py" line="409" name="test_axpy_one_x[compatible_vector_array_pair7-&lt;lambda&gt;8]" time="0.27987051010131836"></testcase><testcase classname="src.pymortests.vectorarray" file="src/pymortests/vectorarray.py" line="409" name="test_axpy_one_x[compatible_vector_array_pair7-&lt;lambda&gt;9]" time="0.5424847602844238"></testcase><testcase classname="src.pymortests.vectorarray" file="src/pymortests/vectorarray.py" line="409" name="test_axpy_one_x[compatible_vector_array_pair7-&lt;lambda&gt;10]" time="1.5250709056854248"></testcase><testcase classname="src.pymortests.vectorarray" file="src/pymortests/vectorarray.py" line="409" name="test_axpy_one_x[compatible_vector_array_pair7-&lt;lambda&gt;11]" time="0.1210489273071289"></testcase><testcase classname="src.pymortests.vectorarray" file="src/pymortests/vectorarray.py" line="409" name="test_axpy_one_x[compatible_vector_array_pair7-&lt;lambda&gt;12]" time="0.10109996795654297"></testcase><testcase classname="src.pymortests.vectorarray" file="src/pymortests/vectorarray.py" line="409" name="test_axpy_one_x[compatible_vector_array_pair7-&lt;lambda&gt;13]" time="0.30146312713623047"></testcase><testcase classname="src.pymortests.vectorarray" file="src/pymortests/vectorarray.py" line="409" name="test_axpy_one_x[compatible_vector_array_pair7-&lt;lambda&gt;14]" time="0.16352319717407227"></testcase><testcase classname="src.pymortests.vectorarray" file="src/pymortests/vectorarray.py" line="409" name="test_axpy_one_x[compatible_vector_array_pair7-&lt;lambda&gt;15]" time="0.293377161026001"></testcase><testcase classname="src.pymortests.vectorarray" file="src/pymortests/vectorarray.py" line="409" name="test_axpy_one_x[compatible_vector_array_pair7-&lt;lambda&gt;16]" time="0.32438158988952637"></testcase><testcase classname="src.pymortests.vectorarray" file="src/pymortests/vectorarray.py" line="409" name="test_axpy_one_x[compatible_vector_array_pair7-&lt;lambda&gt;17]" time="0.3493671417236328"></testcase><testcase classname="src.pymortests.vectorarray" file="src/pymortests/vectorarray.py" line="409" name="test_axpy_one_x[compatible_vector_array_pair7-&lt;lambda&gt;18]" time="0.13872885704040527"></testcase><testcase classname="src.pymortests.vectorarray" file="src/pymortests/vectorarray.py" line="409" name="test_axpy_one_x[compatible_vector_array_pair7-&lt;lambda&gt;19]" time="0.2986600399017334"></testcase><testcase classname="src.pymortests.vectorarray" file="src/pymortests/vectorarray.py" line="409" name="test_axpy_one_x[compatible_vector_array_pair7-&lt;lambda&gt;20]" time="0.8802759647369385"></testcase><testcase classname="src.pymortests.vectorarray" file="src/pymortests/vectorarray.py" line="409" name="test_axpy_one_x[compatible_vector_array_pair7-&lt;lambda&gt;21]" time="0.896599531173706"></testcase><testcase classname="src.pymortests.vectorarray" file="src/pymortests/vectorarray.py" line="409" name="test_axpy_one_x[compatible_vector_array_pair7-&lt;lambda&gt;22]" time="2.462047815322876"></testcase><testcase classname="src.pymortests.vectorarray" file="src/pymortests/vectorarray.py" line="409" name="test_axpy_one_x[compatible_vector_array_pair7-&lt;lambda&gt;23]" time="0.24602055549621582"></testcase><testcase classname="src.pymortests.vectorarray" file="src/pymortests/vectorarray.py" line="409" name="test_axpy_one_x[compatible_vector_array_pair7-&lt;lambda&gt;24]" time="0.0458829402923584"></testcase><testcase classname="src.pymortests.vectorarray" file="src/pymortests/vectorarray.py" line="409" name="test_axpy_one_x[compatible_vector_array_pair7-&lt;lambda&gt;25]" time="0.3730442523956299"></testcase><testcase classname="src.pymortests.vectorarray" file="src/pymortests/vectorarray.py" line="409" name="test_axpy_one_x[compatible_vector_array_pair7-&lt;lambda&gt;26]" time="6.102569103240967"></testcase><testcase classname="src.pymortests.vectorarray" file="src/pymortests/vectorarray.py" line="409" name="test_axpy_one_x[compatible_vector_array_pair7-&lt;lambda&gt;27]" time="10.49669861793518"></testcase><testcase classname="src.pymortests.vectorarray" file="src/pymortests/vectorarray.py" line="409" name="test_axpy_one_x[compatible_vector_array_pair7-&lt;lambda&gt;28]" time="38.77173447608948"><system-err>no more timer available, reusing last one
</system-err></testcase><testcase classname="src.pymortests.vectorarray" file="src/pymortests/vectorarray.py" line="409" name="test_axpy_one_x[compatible_vector_array_pair7-&lt;lambda&gt;29]" time="0.8991408348083496"></testcase><testcase classname="src.pymortests.vectorarray" file="src/pymortests/vectorarray.py" line="409" name="test_axpy_one_x[compatible_vector_array_pair8-&lt;lambda&gt;0]" time="0.05319356918334961"></testcase><testcase classname="src.pymortests.vectorarray" file="src/pymortests/vectorarray.py" line="409" name="test_axpy_one_x[compatible_vector_array_pair8-&lt;lambda&gt;1]" time="0.1365187168121338"></testcase><testcase classname="src.pymortests.vectorarray" file="src/pymortests/vectorarray.py" line="409" name="test_axpy_one_x[compatible_vector_array_pair8-&lt;lambda&gt;2]" time="0.10295844078063965"></testcase><testcase classname="src.pymortests.vectorarray" file="src/pymortests/vectorarray.py" line="409" name="test_axpy_one_x[compatible_vector_array_pair8-&lt;lambda&gt;3]" time="0.11753487586975098"></testcase><testcase classname="src.pymortests.vectorarray" file="src/pymortests/vectorarray.py" line="409" name="test_axpy_one_x[compatible_vector_array_pair8-&lt;lambda&gt;4]" time="0.12723803520202637"></testcase><testcase classname="src.pymortests.vectorarray" file="src/pymortests/vectorarray.py" line="409" name="test_axpy_one_x[compatible_vector_array_pair8-&lt;lambda&gt;5]" time="0.10630512237548828"></testcase><testcase classname="src.pymortests.vectorarray" file="src/pymortests/vectorarray.py" line="409" name="test_axpy_one_x[compatible_vector_array_pair8-&lt;lambda&gt;6]" time="0.03966808319091797"></testcase><testcase classname="src.pymortests.vectorarray" file="src/pymortests/vectorarray.py" line="409" name="test_axpy_one_x[compatible_vector_array_pair8-&lt;lambda&gt;7]" time="0.12391424179077148"></testcase><testcase classname="src.pymortests.vectorarray" file="src/pymortests/vectorarray.py" line="409" name="test_axpy_one_x[compatible_vector_array_pair8-&lt;lambda&gt;8]" time="0.2868208885192871"></testcase><testcase classname="src.pymortests.vectorarray" file="src/pymortests/vectorarray.py" line="409" name="test_axpy_one_x[compatible_vector_array_pair8-&lt;lambda&gt;9]" time="0.5502948760986328"></testcase><testcase classname="src.pymortests.vectorarray" file="src/pymortests/vectorarray.py" line="409" name="test_axpy_one_x[compatible_vector_array_pair8-&lt;lambda&gt;10]" time="1.5177180767059326"></testcase><testcase classname="src.pymortests.vectorarray" file="src/pymortests/vectorarray.py" line="409" name="test_axpy_one_x[compatible_vector_array_pair8-&lt;lambda&gt;11]" time="0.12075185775756836"></testcase><testcase classname="src.pymortests.vectorarray" file="src/pymortests/vectorarray.py" line="409" name="test_axpy_one_x[compatible_vector_array_pair8-&lt;lambda&gt;12]" time="0.1003122329711914"></testcase><testcase classname="src.pymortests.vectorarray" file="src/pymortests/vectorarray.py" line="409" name="test_axpy_one_x[compatible_vector_array_pair8-&lt;lambda&gt;13]" time="0.2985038757324219"></testcase><testcase classname="src.pymortests.vectorarray" file="src/pymortests/vectorarray.py" line="409" name="test_axpy_one_x[compatible_vector_array_pair8-&lt;lambda&gt;14]" time="0.16294503211975098"></testcase><testcase classname="src.pymortests.vectorarray" file="src/pymortests/vectorarray.py" line="409" name="test_axpy_one_x[compatible_vector_array_pair8-&lt;lambda&gt;15]" time="0.2895193099975586"></testcase><testcase classname="src.pymortests.vectorarray" file="src/pymortests/vectorarray.py" line="409" name="test_axpy_one_x[compatible_vector_array_pair8-&lt;lambda&gt;16]" time="0.32355642318725586"></testcase><testcase classname="src.pymortests.vectorarray" file="src/pymortests/vectorarray.py" line="409" name="test_axpy_one_x[compatible_vector_array_pair8-&lt;lambda&gt;17]" time="0.35472941398620605"></testcase><testcase classname="src.pymortests.vectorarray" file="src/pymortests/vectorarray.py" line="409" name="test_axpy_one_x[compatible_vector_array_pair8-&lt;lambda&gt;18]" time="0.13942813873291016"></testcase><testcase classname="src.pymortests.vectorarray" file="src/pymortests/vectorarray.py" line="409" name="test_axpy_one_x[compatible_vector_array_pair8-&lt;lambda&gt;19]" time="0.29628777503967285"></testcase><testcase classname="src.pymortests.vectorarray" file="src/pymortests/vectorarray.py" line="409" name="test_axpy_one_x[compatible_vector_array_pair8-&lt;lambda&gt;20]" time="0.9118921756744385"></testcase><testcase classname="src.pymortests.vectorarray" file="src/pymortests/vectorarray.py" line="409" name="test_axpy_one_x[compatible_vector_array_pair8-&lt;lambda&gt;21]" time="0.9084172248840332"></testcase><testcase classname="src.pymortests.vectorarray" file="src/pymortests/vectorarray.py" line="409" name="test_axpy_one_x[compatible_vector_array_pair8-&lt;lambda&gt;22]" time="2.532346725463867"></testcase><testcase classname="src.pymortests.vectorarray" file="src/pymortests/vectorarray.py" line="409" name="test_axpy_one_x[compatible_vector_array_pair8-&lt;lambda&gt;23]" time="0.24553608894348145"></testcase><testcase classname="src.pymortests.vectorarray" file="src/pymortests/vectorarray.py" line="409" name="test_axpy_one_x[compatible_vector_array_pair8-&lt;lambda&gt;24]" time="0.045821428298950195"></testcase><testcase classname="src.pymortests.vectorarray" file="src/pymortests/vectorarray.py" line="409" name="test_axpy_one_x[compatible_vector_array_pair8-&lt;lambda&gt;25]" time="0.38071155548095703"></testcase><testcase classname="src.pymortests.vectorarray" file="src/pymortests/vectorarray.py" line="409" name="test_axpy_one_x[compatible_vector_array_pair8-&lt;lambda&gt;26]" time="6.413314342498779"></testcase><testcase classname="src.pymortests.vectorarray" file="src/pymortests/vectorarray.py" line="409" name="test_axpy_one_x[compatible_vector_array_pair8-&lt;lambda&gt;27]" time="11.09711217880249"></testcase><testcase classname="src.pymortests.vectorarray" file="src/pymortests/vectorarray.py" line="409" name="test_axpy_one_x[compatible_vector_array_pair8-&lt;lambda&gt;28]" time="40.066120624542236"></testcase><testcase classname="src.pymortests.vectorarray" file="src/pymortests/vectorarray.py" line="409" name="test_axpy_one_x[compatible_vector_array_pair8-&lt;lambda&gt;29]" time="0.9044866561889648"></testcase><testcase classname="src.pymortests.vectorarray" file="src/pymortests/vectorarray.py" line="457" name="test_axpy_self[0-&lt;lambda&gt;0]" time="0.018194198608398438"></testcase><testcase classname="src.pymortests.vectorarray" file="src/pymortests/vectorarray.py" line="457" name="test_axpy_self[0-&lt;lambda&gt;1]" time="0.01879429817199707"></testcase><testcase classname="src.pymortests.vectorarray" file="src/pymortests/vectorarray.py" line="457" name="test_axpy_self[0-&lt;lambda&gt;2]" time="0.03781270980834961"></testcase><testcase classname="src.pymortests.vectorarray" file="src/pymortests/vectorarray.py" line="457" name="test_axpy_self[0-&lt;lambda&gt;3]" time="0.040096282958984375"></testcase><testcase classname="src.pymortests.vectorarray" file="src/pymortests/vectorarray.py" line="457" name="test_axpy_self[0-&lt;lambda&gt;4]" time="0.039170265197753906"></testcase><testcase classname="src.pymortests.vectorarray" file="src/pymortests/vectorarray.py" line="457" name="test_axpy_self[0-&lt;lambda&gt;5]" time="0.014788627624511719"></testcase><testcase classname="src.pymortests.vectorarray" file="src/pymortests/vectorarray.py" line="457" name="test_axpy_self[0-&lt;lambda&gt;6]" time="0.014617443084716797"></testcase><testcase classname="src.pymortests.vectorarray" file="src/pymortests/vectorarray.py" line="457" name="test_axpy_self[0-&lt;lambda&gt;7]" time="0.038516998291015625"></testcase><testcase classname="src.pymortests.vectorarray" file="src/pymortests/vectorarray.py" line="457" name="test_axpy_self[0-&lt;lambda&gt;8]" time="0.21881389617919922"></testcase><testcase classname="src.pymortests.vectorarray" file="src/pymortests/vectorarray.py" line="457" name="test_axpy_self[0-&lt;lambda&gt;9]" time="0.4335901737213135"></testcase><testcase classname="src.pymortests.vectorarray" file="src/pymortests/vectorarray.py" line="457" name="test_axpy_self[0-&lt;lambda&gt;10]" time="0.03361201286315918"></testcase><testcase classname="src.pymortests.vectorarray" file="src/pymortests/vectorarray.py" line="457" name="test_axpy_self[0-&lt;lambda&gt;11]" time="0.06846380233764648"></testcase><testcase classname="src.pymortests.vectorarray" file="src/pymortests/vectorarray.py" line="457" name="test_axpy_self[0-&lt;lambda&gt;12]" time="0.06891727447509766"></testcase><testcase classname="src.pymortests.vectorarray" file="src/pymortests/vectorarray.py" line="457" name="test_axpy_self[0-&lt;lambda&gt;13]" time="0.05586957931518555"></testcase><testcase classname="src.pymortests.vectorarray" file="src/pymortests/vectorarray.py" line="457" name="test_axpy_self[0-&lt;lambda&gt;14]" time="0.07407474517822266"></testcase><testcase classname="src.pymortests.vectorarray" file="src/pymortests/vectorarray.py" line="457" name="test_axpy_self[0-&lt;lambda&gt;15]" time="0.10582685470581055"></testcase><testcase classname="src.pymortests.vectorarray" file="src/pymortests/vectorarray.py" line="457" name="test_axpy_self[0-&lt;lambda&gt;16]" time="0.11493778228759766"></testcase><testcase classname="src.pymortests.vectorarray" file="src/pymortests/vectorarray.py" line="457" name="test_axpy_self[0-&lt;lambda&gt;17]" time="0.04769587516784668"></testcase><testcase classname="src.pymortests.vectorarray" file="src/pymortests/vectorarray.py" line="457" name="test_axpy_self[0-&lt;lambda&gt;18]" time="0.04770350456237793"></testcase><testcase classname="src.pymortests.vectorarray" file="src/pymortests/vectorarray.py" line="457" name="test_axpy_self[0-&lt;lambda&gt;19]" time="0.13926434516906738"></testcase><testcase classname="src.pymortests.vectorarray" file="src/pymortests/vectorarray.py" line="457" name="test_axpy_self[0-&lt;lambda&gt;20]" time="0.3769361972808838"></testcase><testcase classname="src.pymortests.vectorarray" file="src/pymortests/vectorarray.py" line="457" name="test_axpy_self[0-&lt;lambda&gt;21]" time="0.8052189350128174"></testcase><testcase classname="src.pymortests.vectorarray" file="src/pymortests/vectorarray.py" line="457" name="test_axpy_self[0-&lt;lambda&gt;22]" time="0.01784229278564453"></testcase><testcase classname="src.pymortests.vectorarray" file="src/pymortests/vectorarray.py" line="457" name="test_axpy_self[0-&lt;lambda&gt;23]" time="0.0182955265045166"></testcase><testcase classname="src.pymortests.vectorarray" file="src/pymortests/vectorarray.py" line="457" name="test_axpy_self[0-&lt;lambda&gt;24]" time="0.17018651962280273"></testcase><testcase classname="src.pymortests.vectorarray" file="src/pymortests/vectorarray.py" line="457" name="test_axpy_self[0-&lt;lambda&gt;25]" time="4.53989577293396"></testcase><testcase classname="src.pymortests.vectorarray" file="src/pymortests/vectorarray.py" line="457" name="test_axpy_self[0-&lt;lambda&gt;26]" time="10.570840120315552"></testcase><testcase classname="src.pymortests.vectorarray" file="src/pymortests/vectorarray.py" line="457" name="test_axpy_self[1-&lt;lambda&gt;0]" time="0.019250869750976562"></testcase><testcase classname="src.pymortests.vectorarray" file="src/pymortests/vectorarray.py" line="457" name="test_axpy_self[1-&lt;lambda&gt;1]" time="0.02014923095703125"></testcase><testcase classname="src.pymortests.vectorarray" file="src/pymortests/vectorarray.py" line="457" name="test_axpy_self[1-&lt;lambda&gt;2]" time="0.03887462615966797"></testcase><testcase classname="src.pymortests.vectorarray" file="src/pymortests/vectorarray.py" line="457" name="test_axpy_self[1-&lt;lambda&gt;3]" time="0.04078388214111328"></testcase><testcase classname="src.pymortests.vectorarray" file="src/pymortests/vectorarray.py" line="457" name="test_axpy_self[1-&lt;lambda&gt;4]" time="0.04096364974975586"></testcase><testcase classname="src.pymortests.vectorarray" file="src/pymortests/vectorarray.py" line="457" name="test_axpy_self[1-&lt;lambda&gt;5]" time="0.016442060470581055"></testcase><testcase classname="src.pymortests.vectorarray" file="src/pymortests/vectorarray.py" line="457" name="test_axpy_self[1-&lt;lambda&gt;6]" time="0.016785621643066406"></testcase><testcase classname="src.pymortests.vectorarray" file="src/pymortests/vectorarray.py" line="457" name="test_axpy_self[1-&lt;lambda&gt;7]" time="0.04013705253601074"></testcase><testcase classname="src.pymortests.vectorarray" file="src/pymortests/vectorarray.py" line="457" name="test_axpy_self[1-&lt;lambda&gt;8]" time="0.2208695411682129"></testcase><testcase classname="src.pymortests.vectorarray" file="src/pymortests/vectorarray.py" line="457" name="test_axpy_self[1-&lt;lambda&gt;9]" time="0.43137574195861816"></testcase><testcase classname="src.pymortests.vectorarray" file="src/pymortests/vectorarray.py" line="457" name="test_axpy_self[1-&lt;lambda&gt;10]" time="0.03488612174987793"></testcase><testcase classname="src.pymortests.vectorarray" file="src/pymortests/vectorarray.py" line="457" name="test_axpy_self[1-&lt;lambda&gt;11]" time="0.07019615173339844"></testcase><testcase classname="src.pymortests.vectorarray" file="src/pymortests/vectorarray.py" line="457" name="test_axpy_self[1-&lt;lambda&gt;12]" time="0.07046246528625488"></testcase><testcase classname="src.pymortests.vectorarray" file="src/pymortests/vectorarray.py" line="457" name="test_axpy_self[1-&lt;lambda&gt;13]" time="0.05715608596801758"></testcase><testcase classname="src.pymortests.vectorarray" file="src/pymortests/vectorarray.py" line="457" name="test_axpy_self[1-&lt;lambda&gt;14]" time="0.07549691200256348"></testcase><testcase classname="src.pymortests.vectorarray" file="src/pymortests/vectorarray.py" line="457" name="test_axpy_self[1-&lt;lambda&gt;15]" time="0.10572385787963867"></testcase><testcase classname="src.pymortests.vectorarray" file="src/pymortests/vectorarray.py" line="457" name="test_axpy_self[1-&lt;lambda&gt;16]" time="0.11673951148986816"></testcase><testcase classname="src.pymortests.vectorarray" file="src/pymortests/vectorarray.py" line="457" name="test_axpy_self[1-&lt;lambda&gt;17]" time="0.04893660545349121"></testcase><testcase classname="src.pymortests.vectorarray" file="src/pymortests/vectorarray.py" line="457" name="test_axpy_self[1-&lt;lambda&gt;18]" time="0.04946303367614746"></testcase><testcase classname="src.pymortests.vectorarray" file="src/pymortests/vectorarray.py" line="457" name="test_axpy_self[1-&lt;lambda&gt;19]" time="0.13999056816101074"></testcase><testcase classname="src.pymortests.vectorarray" file="src/pymortests/vectorarray.py" line="457" name="test_axpy_self[1-&lt;lambda&gt;20]" time="0.3767719268798828"></testcase><testcase classname="src.pymortests.vectorarray" file="src/pymortests/vectorarray.py" line="457" name="test_axpy_self[1-&lt;lambda&gt;21]" time="0.805610179901123"></testcase><testcase classname="src.pymortests.vectorarray" file="src/pymortests/vectorarray.py" line="457" name="test_axpy_self[1-&lt;lambda&gt;22]" time="0.018167495727539062"></testcase><testcase classname="src.pymortests.vectorarray" file="src/pymortests/vectorarray.py" line="457" name="test_axpy_self[1-&lt;lambda&gt;23]" time="0.018021106719970703"></testcase><testcase classname="src.pymortests.vectorarray" file="src/pymortests/vectorarray.py" line="457" name="test_axpy_self[1-&lt;lambda&gt;24]" time="0.17188310623168945"></testcase><testcase classname="src.pymortests.vectorarray" file="src/pymortests/vectorarray.py" line="457" name="test_axpy_self[1-&lt;lambda&gt;25]" time="4.5501604080200195"></testcase><testcase classname="src.pymortests.vectorarray" file="src/pymortests/vectorarray.py" line="457" name="test_axpy_self[1-&lt;lambda&gt;26]" time="10.620371103286743"></testcase><testcase classname="src.pymortests.vectorarray" file="src/pymortests/vectorarray.py" line="457" name="test_axpy_self[2-&lt;lambda&gt;0]" time="0.018094778060913086"></testcase><testcase classname="src.pymortests.vectorarray" file="src/pymortests/vectorarray.py" line="457" name="test_axpy_self[2-&lt;lambda&gt;1]" time="0.018619775772094727"></testcase><testcase classname="src.pymortests.vectorarray" file="src/pymortests/vectorarray.py" line="457" name="test_axpy_self[2-&lt;lambda&gt;2]" time="0.037712812423706055"></testcase><testcase classname="src.pymortests.vectorarray" file="src/pymortests/vectorarray.py" line="457" name="test_axpy_self[2-&lt;lambda&gt;3]" time="0.039372920989990234"></testcase><testcase classname="src.pymortests.vectorarray" file="src/pymortests/vectorarray.py" line="457" name="test_axpy_self[2-&lt;lambda&gt;4]" time="0.03937172889709473"></testcase><testcase classname="src.pymortests.vectorarray" file="src/pymortests/vectorarray.py" line="457" name="test_axpy_self[2-&lt;lambda&gt;5]" time="0.014924049377441406"></testcase><testcase classname="src.pymortests.vectorarray" file="src/pymortests/vectorarray.py" line="457" name="test_axpy_self[2-&lt;lambda&gt;6]" time="0.014896869659423828"></testcase><testcase classname="src.pymortests.vectorarray" file="src/pymortests/vectorarray.py" line="457" name="test_axpy_self[2-&lt;lambda&gt;7]" time="0.0388941764831543"></testcase><testcase classname="src.pymortests.vectorarray" file="src/pymortests/vectorarray.py" line="457" name="test_axpy_self[2-&lt;lambda&gt;8]" time="0.22167205810546875"></testcase><testcase classname="src.pymortests.vectorarray" file="src/pymortests/vectorarray.py" line="457" name="test_axpy_self[2-&lt;lambda&gt;9]" time="0.4330732822418213"></testcase><testcase classname="src.pymortests.vectorarray" file="src/pymortests/vectorarray.py" line="457" name="test_axpy_self[2-&lt;lambda&gt;10]" time="0.0346226692199707"></testcase><testcase classname="src.pymortests.vectorarray" file="src/pymortests/vectorarray.py" line="457" name="test_axpy_self[2-&lt;lambda&gt;11]" time="0.06960296630859375"></testcase><testcase classname="src.pymortests.vectorarray" file="src/pymortests/vectorarray.py" line="457" name="test_axpy_self[2-&lt;lambda&gt;12]" time="0.069915771484375"></testcase><testcase classname="src.pymortests.vectorarray" file="src/pymortests/vectorarray.py" line="457" name="test_axpy_self[2-&lt;lambda&gt;13]" time="0.05660271644592285"></testcase><testcase classname="src.pymortests.vectorarray" file="src/pymortests/vectorarray.py" line="457" name="test_axpy_self[2-&lt;lambda&gt;14]" time="0.07685971260070801"></testcase><testcase classname="src.pymortests.vectorarray" file="src/pymortests/vectorarray.py" line="457" name="test_axpy_self[2-&lt;lambda&gt;15]" time="0.10716438293457031"></testcase><testcase classname="src.pymortests.vectorarray" file="src/pymortests/vectorarray.py" line="457" name="test_axpy_self[2-&lt;lambda&gt;16]" time="0.11793327331542969"></testcase><testcase classname="src.pymortests.vectorarray" file="src/pymortests/vectorarray.py" line="457" name="test_axpy_self[2-&lt;lambda&gt;17]" time="0.04942941665649414"></testcase><testcase classname="src.pymortests.vectorarray" file="src/pymortests/vectorarray.py" line="457" name="test_axpy_self[2-&lt;lambda&gt;18]" time="0.04970407485961914"></testcase><testcase classname="src.pymortests.vectorarray" file="src/pymortests/vectorarray.py" line="457" name="test_axpy_self[2-&lt;lambda&gt;19]" time="0.14124655723571777"></testcase><testcase classname="src.pymortests.vectorarray" file="src/pymortests/vectorarray.py" line="457" name="test_axpy_self[2-&lt;lambda&gt;20]" time="0.3781168460845947"></testcase><testcase classname="src.pymortests.vectorarray" file="src/pymortests/vectorarray.py" line="457" name="test_axpy_self[2-&lt;lambda&gt;21]" time="0.822058916091919"></testcase><testcase classname="src.pymortests.vectorarray" file="src/pymortests/vectorarray.py" line="457" name="test_axpy_self[2-&lt;lambda&gt;22]" time="0.017719745635986328"></testcase><testcase classname="src.pymortests.vectorarray" file="src/pymortests/vectorarray.py" line="457" name="test_axpy_self[2-&lt;lambda&gt;23]" time="0.018015146255493164"></testcase><testcase classname="src.pymortests.vectorarray" file="src/pymortests/vectorarray.py" line="457" name="test_axpy_self[2-&lt;lambda&gt;24]" time="0.1711897850036621"></testcase><testcase classname="src.pymortests.vectorarray" file="src/pymortests/vectorarray.py" line="457" name="test_axpy_self[2-&lt;lambda&gt;25]" time="4.562497138977051"></testcase><testcase classname="src.pymortests.vectorarray" file="src/pymortests/vectorarray.py" line="457" name="test_axpy_self[2-&lt;lambda&gt;26]" time="10.584857702255249"></testcase><testcase classname="src.pymortests.vectorarray" file="src/pymortests/vectorarray.py" line="513" name="test_pairwise_dot[compatible_vector_array_pair0-&lt;lambda&gt;0]" time="0.004132986068725586"></testcase><testcase classname="src.pymortests.vectorarray" file="src/pymortests/vectorarray.py" line="513" name="test_pairwise_dot[compatible_vector_array_pair0-&lt;lambda&gt;1]" time="0.0015454292297363281"></testcase><testcase classname="src.pymortests.vectorarray" file="src/pymortests/vectorarray.py" line="513" name="test_pairwise_dot[compatible_vector_array_pair0-&lt;lambda&gt;2]" time="0.004137754440307617"></testcase><testcase classname="src.pymortests.vectorarray" file="src/pymortests/vectorarray.py" line="513" name="test_pairwise_dot[compatible_vector_array_pair0-&lt;lambda&gt;3]" time="0.0042951107025146484"></testcase><testcase classname="src.pymortests.vectorarray" file="src/pymortests/vectorarray.py" line="513" name="test_pairwise_dot[compatible_vector_array_pair0-&lt;lambda&gt;4]" time="0.0060312747955322266"></testcase><testcase classname="src.pymortests.vectorarray" file="src/pymortests/vectorarray.py" line="513" name="test_pairwise_dot[compatible_vector_array_pair0-&lt;lambda&gt;5]" time="0.0050160884857177734"></testcase><testcase classname="src.pymortests.vectorarray" file="src/pymortests/vectorarray.py" line="513" name="test_pairwise_dot[compatible_vector_array_pair0-&lt;lambda&gt;6]" time="0.0023534297943115234"></testcase><testcase classname="src.pymortests.vectorarray" file="src/pymortests/vectorarray.py" line="513" name="test_pairwise_dot[compatible_vector_array_pair0-&lt;lambda&gt;7]" time="0.001420736312866211"></testcase><testcase classname="src.pymortests.vectorarray" file="src/pymortests/vectorarray.py" line="513" name="test_pairwise_dot[compatible_vector_array_pair0-&lt;lambda&gt;8]" time="0.00567173957824707"></testcase><testcase classname="src.pymortests.vectorarray" file="src/pymortests/vectorarray.py" line="513" name="test_pairwise_dot[compatible_vector_array_pair0-&lt;lambda&gt;9]" time="0.0072481632232666016"></testcase><testcase classname="src.pymortests.vectorarray" file="src/pymortests/vectorarray.py" line="513" name="test_pairwise_dot[compatible_vector_array_pair0-&lt;lambda&gt;10]" time="0.02168583869934082"></testcase><testcase classname="src.pymortests.vectorarray" file="src/pymortests/vectorarray.py" line="513" name="test_pairwise_dot[compatible_vector_array_pair0-&lt;lambda&gt;11]" time="0.006560325622558594"></testcase><testcase classname="src.pymortests.vectorarray" file="src/pymortests/vectorarray.py" line="513" name="test_pairwise_dot[compatible_vector_array_pair0-&lt;lambda&gt;12]" time="0.00448298454284668"></testcase><testcase classname="src.pymortests.vectorarray" file="src/pymortests/vectorarray.py" line="513" name="test_pairwise_dot[compatible_vector_array_pair0-&lt;lambda&gt;13]" time="0.002115011215209961"></testcase><testcase classname="src.pymortests.vectorarray" file="src/pymortests/vectorarray.py" line="513" name="test_pairwise_dot[compatible_vector_array_pair0-&lt;lambda&gt;14]" time="0.005231618881225586"></testcase><testcase classname="src.pymortests.vectorarray" file="src/pymortests/vectorarray.py" line="513" name="test_pairwise_dot[compatible_vector_array_pair0-&lt;lambda&gt;15]" time="0.008624553680419922"></testcase><testcase classname="src.pymortests.vectorarray" file="src/pymortests/vectorarray.py" line="513" name="test_pairwise_dot[compatible_vector_array_pair0-&lt;lambda&gt;16]" time="0.009283304214477539"></testcase><testcase classname="src.pymortests.vectorarray" file="src/pymortests/vectorarray.py" line="513" name="test_pairwise_dot[compatible_vector_array_pair0-&lt;lambda&gt;17]" time="0.014692544937133789"></testcase><testcase classname="src.pymortests.vectorarray" file="src/pymortests/vectorarray.py" line="513" name="test_pairwise_dot[compatible_vector_array_pair0-&lt;lambda&gt;18]" time="0.007884740829467773"></testcase><testcase classname="src.pymortests.vectorarray" file="src/pymortests/vectorarray.py" line="513" name="test_pairwise_dot[compatible_vector_array_pair0-&lt;lambda&gt;19]" time="0.0023534297943115234"></testcase><testcase classname="src.pymortests.vectorarray" file="src/pymortests/vectorarray.py" line="513" name="test_pairwise_dot[compatible_vector_array_pair0-&lt;lambda&gt;20]" time="0.044408321380615234"></testcase><testcase classname="src.pymortests.vectorarray" file="src/pymortests/vectorarray.py" line="513" name="test_pairwise_dot[compatible_vector_array_pair0-&lt;lambda&gt;21]" time="0.021237611770629883"></testcase><testcase classname="src.pymortests.vectorarray" file="src/pymortests/vectorarray.py" line="513" name="test_pairwise_dot[compatible_vector_array_pair0-&lt;lambda&gt;22]" time="0.06883716583251953"></testcase><testcase classname="src.pymortests.vectorarray" file="src/pymortests/vectorarray.py" line="513" name="test_pairwise_dot[compatible_vector_array_pair0-&lt;lambda&gt;23]" time="0.00863027572631836"></testcase><testcase classname="src.pymortests.vectorarray" file="src/pymortests/vectorarray.py" line="513" name="test_pairwise_dot[compatible_vector_array_pair0-&lt;lambda&gt;24]" time="0.003807544708251953"></testcase><testcase classname="src.pymortests.vectorarray" file="src/pymortests/vectorarray.py" line="513" name="test_pairwise_dot[compatible_vector_array_pair0-&lt;lambda&gt;25]" time="0.002294301986694336"></testcase><testcase classname="src.pymortests.vectorarray" file="src/pymortests/vectorarray.py" line="513" name="test_pairwise_dot[compatible_vector_array_pair0-&lt;lambda&gt;26]" time="0.02719712257385254"></testcase><testcase classname="src.pymortests.vectorarray" file="src/pymortests/vectorarray.py" line="513" name="test_pairwise_dot[compatible_vector_array_pair0-&lt;lambda&gt;27]" time="0.03725075721740723"></testcase><testcase classname="src.pymortests.vectorarray" file="src/pymortests/vectorarray.py" line="513" name="test_pairwise_dot[compatible_vector_array_pair0-&lt;lambda&gt;28]" time="0.13004398345947266"></testcase><testcase classname="src.pymortests.vectorarray" file="src/pymortests/vectorarray.py" line="513" name="test_pairwise_dot[compatible_vector_array_pair0-&lt;lambda&gt;29]" time="0.009269237518310547"></testcase><testcase classname="src.pymortests.vectorarray" file="src/pymortests/vectorarray.py" line="513" name="test_pairwise_dot[compatible_vector_array_pair1-&lt;lambda&gt;0]" time="0.0039522647857666016"></testcase><testcase classname="src.pymortests.vectorarray" file="src/pymortests/vectorarray.py" line="513" name="test_pairwise_dot[compatible_vector_array_pair1-&lt;lambda&gt;1]" time="0.0019011497497558594"></testcase><testcase classname="src.pymortests.vectorarray" file="src/pymortests/vectorarray.py" line="513" name="test_pairwise_dot[compatible_vector_array_pair1-&lt;lambda&gt;2]" time="0.004230976104736328"></testcase><testcase classname="src.pymortests.vectorarray" file="src/pymortests/vectorarray.py" line="513" name="test_pairwise_dot[compatible_vector_array_pair1-&lt;lambda&gt;3]" time="0.004443645477294922"></testcase><testcase classname="src.pymortests.vectorarray" file="src/pymortests/vectorarray.py" line="513" name="test_pairwise_dot[compatible_vector_array_pair1-&lt;lambda&gt;4]" time="0.006265163421630859"></testcase><testcase classname="src.pymortests.vectorarray" file="src/pymortests/vectorarray.py" line="513" name="test_pairwise_dot[compatible_vector_array_pair1-&lt;lambda&gt;5]" time="0.005179166793823242"></testcase><testcase classname="src.pymortests.vectorarray" file="src/pymortests/vectorarray.py" line="513" name="test_pairwise_dot[compatible_vector_array_pair1-&lt;lambda&gt;6]" time="0.0024559497833251953"></testcase><testcase classname="src.pymortests.vectorarray" file="src/pymortests/vectorarray.py" line="513" name="test_pairwise_dot[compatible_vector_array_pair1-&lt;lambda&gt;7]" time="0.0014586448669433594"></testcase><testcase classname="src.pymortests.vectorarray" file="src/pymortests/vectorarray.py" line="513" name="test_pairwise_dot[compatible_vector_array_pair1-&lt;lambda&gt;8]" time="0.00592041015625"></testcase><testcase classname="src.pymortests.vectorarray" file="src/pymortests/vectorarray.py" line="513" name="test_pairwise_dot[compatible_vector_array_pair1-&lt;lambda&gt;9]" time="0.00714564323425293"></testcase><testcase classname="src.pymortests.vectorarray" file="src/pymortests/vectorarray.py" line="513" name="test_pairwise_dot[compatible_vector_array_pair1-&lt;lambda&gt;10]" time="0.02233719825744629"></testcase><testcase classname="src.pymortests.vectorarray" file="src/pymortests/vectorarray.py" line="513" name="test_pairwise_dot[compatible_vector_array_pair1-&lt;lambda&gt;11]" time="0.0065915584564208984"></testcase><testcase classname="src.pymortests.vectorarray" file="src/pymortests/vectorarray.py" line="513" name="test_pairwise_dot[compatible_vector_array_pair1-&lt;lambda&gt;12]" time="0.004488706588745117"></testcase><testcase classname="src.pymortests.vectorarray" file="src/pymortests/vectorarray.py" line="513" name="test_pairwise_dot[compatible_vector_array_pair1-&lt;lambda&gt;13]" time="0.002174854278564453"></testcase><testcase classname="src.pymortests.vectorarray" file="src/pymortests/vectorarray.py" line="513" name="test_pairwise_dot[compatible_vector_array_pair1-&lt;lambda&gt;14]" time="0.005251407623291016"></testcase><testcase classname="src.pymortests.vectorarray" file="src/pymortests/vectorarray.py" line="513" name="test_pairwise_dot[compatible_vector_array_pair1-&lt;lambda&gt;15]" time="0.00864553451538086"></testcase><testcase classname="src.pymortests.vectorarray" file="src/pymortests/vectorarray.py" line="513" name="test_pairwise_dot[compatible_vector_array_pair1-&lt;lambda&gt;16]" time="0.009273052215576172"></testcase><testcase classname="src.pymortests.vectorarray" file="src/pymortests/vectorarray.py" line="513" name="test_pairwise_dot[compatible_vector_array_pair1-&lt;lambda&gt;17]" time="0.015070438385009766"></testcase><testcase classname="src.pymortests.vectorarray" file="src/pymortests/vectorarray.py" line="513" name="test_pairwise_dot[compatible_vector_array_pair1-&lt;lambda&gt;18]" time="0.007927894592285156"></testcase><testcase classname="src.pymortests.vectorarray" file="src/pymortests/vectorarray.py" line="513" name="test_pairwise_dot[compatible_vector_array_pair1-&lt;lambda&gt;19]" time="0.002377748489379883"></testcase><testcase classname="src.pymortests.vectorarray" file="src/pymortests/vectorarray.py" line="513" name="test_pairwise_dot[compatible_vector_array_pair1-&lt;lambda&gt;20]" time="0.04277157783508301"></testcase><testcase classname="src.pymortests.vectorarray" file="src/pymortests/vectorarray.py" line="513" name="test_pairwise_dot[compatible_vector_array_pair1-&lt;lambda&gt;21]" time="0.021749496459960938"></testcase><testcase classname="src.pymortests.vectorarray" file="src/pymortests/vectorarray.py" line="513" name="test_pairwise_dot[compatible_vector_array_pair1-&lt;lambda&gt;22]" time="0.06810617446899414"></testcase><testcase classname="src.pymortests.vectorarray" file="src/pymortests/vectorarray.py" line="513" name="test_pairwise_dot[compatible_vector_array_pair1-&lt;lambda&gt;23]" time="0.008675575256347656"></testcase><testcase classname="src.pymortests.vectorarray" file="src/pymortests/vectorarray.py" line="513" name="test_pairwise_dot[compatible_vector_array_pair1-&lt;lambda&gt;24]" time="0.00394749641418457"></testcase><testcase classname="src.pymortests.vectorarray" file="src/pymortests/vectorarray.py" line="513" name="test_pairwise_dot[compatible_vector_array_pair1-&lt;lambda&gt;25]" time="0.0031278133392333984"></testcase><testcase classname="src.pymortests.vectorarray" file="src/pymortests/vectorarray.py" line="513" name="test_pairwise_dot[compatible_vector_array_pair1-&lt;lambda&gt;26]" time="0.0468142032623291"></testcase><testcase classname="src.pymortests.vectorarray" file="src/pymortests/vectorarray.py" line="513" name="test_pairwise_dot[compatible_vector_array_pair1-&lt;lambda&gt;27]" time="0.041814565658569336"></testcase><testcase classname="src.pymortests.vectorarray" file="src/pymortests/vectorarray.py" line="513" name="test_pairwise_dot[compatible_vector_array_pair1-&lt;lambda&gt;28]" time="0.18750596046447754"></testcase><testcase classname="src.pymortests.vectorarray" file="src/pymortests/vectorarray.py" line="513" name="test_pairwise_dot[compatible_vector_array_pair1-&lt;lambda&gt;29]" time="0.010433197021484375"></testcase><testcase classname="src.pymortests.vectorarray" file="src/pymortests/vectorarray.py" line="513" name="test_pairwise_dot[compatible_vector_array_pair2-&lt;lambda&gt;0]" time="0.0038547515869140625"></testcase><testcase classname="src.pymortests.vectorarray" file="src/pymortests/vectorarray.py" line="513" name="test_pairwise_dot[compatible_vector_array_pair2-&lt;lambda&gt;1]" time="0.0015561580657958984"></testcase><testcase classname="src.pymortests.vectorarray" file="src/pymortests/vectorarray.py" line="513" name="test_pairwise_dot[compatible_vector_array_pair2-&lt;lambda&gt;2]" time="0.004076957702636719"></testcase><testcase classname="src.pymortests.vectorarray" file="src/pymortests/vectorarray.py" line="513" name="test_pairwise_dot[compatible_vector_array_pair2-&lt;lambda&gt;3]" time="0.004331827163696289"></testcase><testcase classname="src.pymortests.vectorarray" file="src/pymortests/vectorarray.py" line="513" name="test_pairwise_dot[compatible_vector_array_pair2-&lt;lambda&gt;4]" time="0.006125450134277344"></testcase><testcase classname="src.pymortests.vectorarray" file="src/pymortests/vectorarray.py" line="513" name="test_pairwise_dot[compatible_vector_array_pair2-&lt;lambda&gt;5]" time="0.005114555358886719"></testcase><testcase classname="src.pymortests.vectorarray" file="src/pymortests/vectorarray.py" line="513" name="test_pairwise_dot[compatible_vector_array_pair2-&lt;lambda&gt;6]" time="0.002437114715576172"></testcase><testcase classname="src.pymortests.vectorarray" file="src/pymortests/vectorarray.py" line="513" name="test_pairwise_dot[compatible_vector_array_pair2-&lt;lambda&gt;7]" time="0.0014340877532958984"></testcase><testcase classname="src.pymortests.vectorarray" file="src/pymortests/vectorarray.py" line="513" name="test_pairwise_dot[compatible_vector_array_pair2-&lt;lambda&gt;8]" time="0.006011486053466797"></testcase><testcase classname="src.pymortests.vectorarray" file="src/pymortests/vectorarray.py" line="513" name="test_pairwise_dot[compatible_vector_array_pair2-&lt;lambda&gt;9]" time="0.007136821746826172"></testcase><testcase classname="src.pymortests.vectorarray" file="src/pymortests/vectorarray.py" line="513" name="test_pairwise_dot[compatible_vector_array_pair2-&lt;lambda&gt;10]" time="0.02230072021484375"></testcase><testcase classname="src.pymortests.vectorarray" file="src/pymortests/vectorarray.py" line="513" name="test_pairwise_dot[compatible_vector_array_pair2-&lt;lambda&gt;11]" time="0.0064923763275146484"></testcase><testcase classname="src.pymortests.vectorarray" file="src/pymortests/vectorarray.py" line="513" name="test_pairwise_dot[compatible_vector_array_pair2-&lt;lambda&gt;12]" time="0.004509687423706055"></testcase><testcase classname="src.pymortests.vectorarray" file="src/pymortests/vectorarray.py" line="513" name="test_pairwise_dot[compatible_vector_array_pair2-&lt;lambda&gt;13]" time="0.0021965503692626953"></testcase><testcase classname="src.pymortests.vectorarray" file="src/pymortests/vectorarray.py" line="513" name="test_pairwise_dot[compatible_vector_array_pair2-&lt;lambda&gt;14]" time="0.00544428825378418"></testcase><testcase classname="src.pymortests.vectorarray" file="src/pymortests/vectorarray.py" line="513" name="test_pairwise_dot[compatible_vector_array_pair2-&lt;lambda&gt;15]" time="0.009001731872558594"></testcase><testcase classname="src.pymortests.vectorarray" file="src/pymortests/vectorarray.py" line="513" name="test_pairwise_dot[compatible_vector_array_pair2-&lt;lambda&gt;16]" time="0.009414434432983398"></testcase><testcase classname="src.pymortests.vectorarray" file="src/pymortests/vectorarray.py" line="513" name="test_pairwise_dot[compatible_vector_array_pair2-&lt;lambda&gt;17]" time="0.014937639236450195"></testcase><testcase classname="src.pymortests.vectorarray" file="src/pymortests/vectorarray.py" line="513" name="test_pairwise_dot[compatible_vector_array_pair2-&lt;lambda&gt;18]" time="0.007974624633789062"></testcase><testcase classname="src.pymortests.vectorarray" file="src/pymortests/vectorarray.py" line="513" name="test_pairwise_dot[compatible_vector_array_pair2-&lt;lambda&gt;19]" time="0.0023279190063476562"></testcase><testcase classname="src.pymortests.vectorarray" file="src/pymortests/vectorarray.py" line="513" name="test_pairwise_dot[compatible_vector_array_pair2-&lt;lambda&gt;20]" time="0.04241037368774414"></testcase><testcase classname="src.pymortests.vectorarray" file="src/pymortests/vectorarray.py" line="513" name="test_pairwise_dot[compatible_vector_array_pair2-&lt;lambda&gt;21]" time="0.021347999572753906"></testcase><testcase classname="src.pymortests.vectorarray" file="src/pymortests/vectorarray.py" line="513" name="test_pairwise_dot[compatible_vector_array_pair2-&lt;lambda&gt;22]" time="0.070220947265625"></testcase><testcase classname="src.pymortests.vectorarray" file="src/pymortests/vectorarray.py" line="513" name="test_pairwise_dot[compatible_vector_array_pair2-&lt;lambda&gt;23]" time="0.009088993072509766"></testcase><testcase classname="src.pymortests.vectorarray" file="src/pymortests/vectorarray.py" line="513" name="test_pairwise_dot[compatible_vector_array_pair2-&lt;lambda&gt;24]" time="0.0027923583984375"></testcase><testcase classname="src.pymortests.vectorarray" file="src/pymortests/vectorarray.py" line="513" name="test_pairwise_dot[compatible_vector_array_pair2-&lt;lambda&gt;25]" time="0.0032618045806884766"></testcase><testcase classname="src.pymortests.vectorarray" file="src/pymortests/vectorarray.py" line="513" name="test_pairwise_dot[compatible_vector_array_pair2-&lt;lambda&gt;26]" time="0.04598069190979004"></testcase><testcase classname="src.pymortests.vectorarray" file="src/pymortests/vectorarray.py" line="513" name="test_pairwise_dot[compatible_vector_array_pair2-&lt;lambda&gt;27]" time="0.042368412017822266"></testcase><testcase classname="src.pymortests.vectorarray" file="src/pymortests/vectorarray.py" line="513" name="test_pairwise_dot[compatible_vector_array_pair2-&lt;lambda&gt;28]" time="0.18445897102355957"></testcase><testcase classname="src.pymortests.vectorarray" file="src/pymortests/vectorarray.py" line="513" name="test_pairwise_dot[compatible_vector_array_pair2-&lt;lambda&gt;29]" time="0.01041722297668457"></testcase><testcase classname="src.pymortests.vectorarray" file="src/pymortests/vectorarray.py" line="513" name="test_pairwise_dot[compatible_vector_array_pair3-&lt;lambda&gt;0]" time="0.0038597583770751953"></testcase><testcase classname="src.pymortests.vectorarray" file="src/pymortests/vectorarray.py" line="513" name="test_pairwise_dot[compatible_vector_array_pair3-&lt;lambda&gt;1]" time="0.0017769336700439453"></testcase><testcase classname="src.pymortests.vectorarray" file="src/pymortests/vectorarray.py" line="513" name="test_pairwise_dot[compatible_vector_array_pair3-&lt;lambda&gt;2]" time="0.0041086673736572266"></testcase><testcase classname="src.pymortests.vectorarray" file="src/pymortests/vectorarray.py" line="513" name="test_pairwise_dot[compatible_vector_array_pair3-&lt;lambda&gt;3]" time="0.004369020462036133"></testcase><testcase classname="src.pymortests.vectorarray" file="src/pymortests/vectorarray.py" line="513" name="test_pairwise_dot[compatible_vector_array_pair3-&lt;lambda&gt;4]" time="0.006174325942993164"></testcase><testcase classname="src.pymortests.vectorarray" file="src/pymortests/vectorarray.py" line="513" name="test_pairwise_dot[compatible_vector_array_pair3-&lt;lambda&gt;5]" time="0.0050661563873291016"></testcase><testcase classname="src.pymortests.vectorarray" file="src/pymortests/vectorarray.py" line="513" name="test_pairwise_dot[compatible_vector_array_pair3-&lt;lambda&gt;6]" time="0.002375364303588867"></testcase><testcase classname="src.pymortests.vectorarray" file="src/pymortests/vectorarray.py" line="513" name="test_pairwise_dot[compatible_vector_array_pair3-&lt;lambda&gt;7]" time="0.00142669677734375"></testcase><testcase classname="src.pymortests.vectorarray" file="src/pymortests/vectorarray.py" line="513" name="test_pairwise_dot[compatible_vector_array_pair3-&lt;lambda&gt;8]" time="0.005822896957397461"></testcase><testcase classname="src.pymortests.vectorarray" file="src/pymortests/vectorarray.py" line="513" name="test_pairwise_dot[compatible_vector_array_pair3-&lt;lambda&gt;9]" time="0.007294178009033203"></testcase><testcase classname="src.pymortests.vectorarray" file="src/pymortests/vectorarray.py" line="513" name="test_pairwise_dot[compatible_vector_array_pair3-&lt;lambda&gt;10]" time="0.0222320556640625"></testcase><testcase classname="src.pymortests.vectorarray" file="src/pymortests/vectorarray.py" line="513" name="test_pairwise_dot[compatible_vector_array_pair3-&lt;lambda&gt;11]" time="0.006505250930786133"></testcase><testcase classname="src.pymortests.vectorarray" file="src/pymortests/vectorarray.py" line="513" name="test_pairwise_dot[compatible_vector_array_pair3-&lt;lambda&gt;12]" time="0.0045528411865234375"></testcase><testcase classname="src.pymortests.vectorarray" file="src/pymortests/vectorarray.py" line="513" name="test_pairwise_dot[compatible_vector_array_pair3-&lt;lambda&gt;13]" time="0.0021615028381347656"></testcase><testcase classname="src.pymortests.vectorarray" file="src/pymortests/vectorarray.py" line="513" name="test_pairwise_dot[compatible_vector_array_pair3-&lt;lambda&gt;14]" time="0.005344867706298828"></testcase><testcase classname="src.pymortests.vectorarray" file="src/pymortests/vectorarray.py" line="513" name="test_pairwise_dot[compatible_vector_array_pair3-&lt;lambda&gt;15]" time="0.008868217468261719"></testcase><testcase classname="src.pymortests.vectorarray" file="src/pymortests/vectorarray.py" line="513" name="test_pairwise_dot[compatible_vector_array_pair3-&lt;lambda&gt;16]" time="0.009315013885498047"></testcase><testcase classname="src.pymortests.vectorarray" file="src/pymortests/vectorarray.py" line="513" name="test_pairwise_dot[compatible_vector_array_pair3-&lt;lambda&gt;17]" time="0.014819622039794922"></testcase><testcase classname="src.pymortests.vectorarray" file="src/pymortests/vectorarray.py" line="513" name="test_pairwise_dot[compatible_vector_array_pair3-&lt;lambda&gt;18]" time="0.008272171020507812"></testcase><testcase classname="src.pymortests.vectorarray" file="src/pymortests/vectorarray.py" line="513" name="test_pairwise_dot[compatible_vector_array_pair3-&lt;lambda&gt;19]" time="0.0023517608642578125"></testcase><testcase classname="src.pymortests.vectorarray" file="src/pymortests/vectorarray.py" line="513" name="test_pairwise_dot[compatible_vector_array_pair3-&lt;lambda&gt;20]" time="0.04233360290527344"></testcase><testcase classname="src.pymortests.vectorarray" file="src/pymortests/vectorarray.py" line="513" name="test_pairwise_dot[compatible_vector_array_pair3-&lt;lambda&gt;21]" time="0.02182793617248535"></testcase><testcase classname="src.pymortests.vectorarray" file="src/pymortests/vectorarray.py" line="513" name="test_pairwise_dot[compatible_vector_array_pair3-&lt;lambda&gt;22]" time="0.07299208641052246"></testcase><testcase classname="src.pymortests.vectorarray" file="src/pymortests/vectorarray.py" line="513" name="test_pairwise_dot[compatible_vector_array_pair3-&lt;lambda&gt;23]" time="0.008687257766723633"></testcase><testcase classname="src.pymortests.vectorarray" file="src/pymortests/vectorarray.py" line="513" name="test_pairwise_dot[compatible_vector_array_pair3-&lt;lambda&gt;24]" time="0.003652811050415039"></testcase><testcase classname="src.pymortests.vectorarray" file="src/pymortests/vectorarray.py" line="513" name="test_pairwise_dot[compatible_vector_array_pair3-&lt;lambda&gt;25]" time="0.002354145050048828"></testcase><testcase classname="src.pymortests.vectorarray" file="src/pymortests/vectorarray.py" line="513" name="test_pairwise_dot[compatible_vector_array_pair3-&lt;lambda&gt;26]" time="0.027839183807373047"></testcase><testcase classname="src.pymortests.vectorarray" file="src/pymortests/vectorarray.py" line="513" name="test_pairwise_dot[compatible_vector_array_pair3-&lt;lambda&gt;27]" time="0.05933237075805664"></testcase><testcase classname="src.pymortests.vectorarray" file="src/pymortests/vectorarray.py" line="513" name="test_pairwise_dot[compatible_vector_array_pair3-&lt;lambda&gt;28]" time="0.183762788772583"></testcase><testcase classname="src.pymortests.vectorarray" file="src/pymortests/vectorarray.py" line="513" name="test_pairwise_dot[compatible_vector_array_pair3-&lt;lambda&gt;29]" time="0.010446786880493164"></testcase><testcase classname="src.pymortests.vectorarray" file="src/pymortests/vectorarray.py" line="513" name="test_pairwise_dot[compatible_vector_array_pair4-&lt;lambda&gt;0]" time="0.0039081573486328125"></testcase><testcase classname="src.pymortests.vectorarray" file="src/pymortests/vectorarray.py" line="513" name="test_pairwise_dot[compatible_vector_array_pair4-&lt;lambda&gt;1]" time="0.0015213489532470703"></testcase><testcase classname="src.pymortests.vectorarray" file="src/pymortests/vectorarray.py" line="513" name="test_pairwise_dot[compatible_vector_array_pair4-&lt;lambda&gt;2]" time="0.0040531158447265625"></testcase><testcase classname="src.pymortests.vectorarray" file="src/pymortests/vectorarray.py" line="513" name="test_pairwise_dot[compatible_vector_array_pair4-&lt;lambda&gt;3]" time="0.004347562789916992"></testcase><testcase classname="src.pymortests.vectorarray" file="src/pymortests/vectorarray.py" line="513" name="test_pairwise_dot[compatible_vector_array_pair4-&lt;lambda&gt;4]" time="0.0064830780029296875"></testcase><testcase classname="src.pymortests.vectorarray" file="src/pymortests/vectorarray.py" line="513" name="test_pairwise_dot[compatible_vector_array_pair4-&lt;lambda&gt;5]" time="0.005097866058349609"></testcase><testcase classname="src.pymortests.vectorarray" file="src/pymortests/vectorarray.py" line="513" name="test_pairwise_dot[compatible_vector_array_pair4-&lt;lambda&gt;6]" time="0.0024557113647460938"></testcase><testcase classname="src.pymortests.vectorarray" file="src/pymortests/vectorarray.py" line="513" name="test_pairwise_dot[compatible_vector_array_pair4-&lt;lambda&gt;7]" time="0.0014598369598388672"></testcase><testcase classname="src.pymortests.vectorarray" file="src/pymortests/vectorarray.py" line="513" name="test_pairwise_dot[compatible_vector_array_pair4-&lt;lambda&gt;8]" time="0.0061414241790771484"></testcase><testcase classname="src.pymortests.vectorarray" file="src/pymortests/vectorarray.py" line="513" name="test_pairwise_dot[compatible_vector_array_pair4-&lt;lambda&gt;9]" time="0.007340192794799805"></testcase><testcase classname="src.pymortests.vectorarray" file="src/pymortests/vectorarray.py" line="513" name="test_pairwise_dot[compatible_vector_array_pair4-&lt;lambda&gt;10]" time="0.022989988327026367"></testcase><testcase classname="src.pymortests.vectorarray" file="src/pymortests/vectorarray.py" line="513" name="test_pairwise_dot[compatible_vector_array_pair4-&lt;lambda&gt;11]" time="0.006529092788696289"></testcase><testcase classname="src.pymortests.vectorarray" file="src/pymortests/vectorarray.py" line="513" name="test_pairwise_dot[compatible_vector_array_pair4-&lt;lambda&gt;12]" time="0.004744529724121094"></testcase><testcase classname="src.pymortests.vectorarray" file="src/pymortests/vectorarray.py" line="513" name="test_pairwise_dot[compatible_vector_array_pair4-&lt;lambda&gt;13]" time="0.0023522377014160156"></testcase><testcase classname="src.pymortests.vectorarray" file="src/pymortests/vectorarray.py" line="513" name="test_pairwise_dot[compatible_vector_array_pair4-&lt;lambda&gt;14]" time="0.0053844451904296875"></testcase><testcase classname="src.pymortests.vectorarray" file="src/pymortests/vectorarray.py" line="513" name="test_pairwise_dot[compatible_vector_array_pair4-&lt;lambda&gt;15]" time="0.008810043334960938"></testcase><testcase classname="src.pymortests.vectorarray" file="src/pymortests/vectorarray.py" line="513" name="test_pairwise_dot[compatible_vector_array_pair4-&lt;lambda&gt;16]" time="0.009450912475585938"></testcase><testcase classname="src.pymortests.vectorarray" file="src/pymortests/vectorarray.py" line="513" name="test_pairwise_dot[compatible_vector_array_pair4-&lt;lambda&gt;17]" time="0.01486968994140625"></testcase><testcase classname="src.pymortests.vectorarray" file="src/pymortests/vectorarray.py" line="513" name="test_pairwise_dot[compatible_vector_array_pair4-&lt;lambda&gt;18]" time="0.007899284362792969"></testcase><testcase classname="src.pymortests.vectorarray" file="src/pymortests/vectorarray.py" line="513" name="test_pairwise_dot[compatible_vector_array_pair4-&lt;lambda&gt;19]" time="0.002390146255493164"></testcase><testcase classname="src.pymortests.vectorarray" file="src/pymortests/vectorarray.py" line="513" name="test_pairwise_dot[compatible_vector_array_pair4-&lt;lambda&gt;20]" time="0.04169344902038574"></testcase><testcase classname="src.pymortests.vectorarray" file="src/pymortests/vectorarray.py" line="513" name="test_pairwise_dot[compatible_vector_array_pair4-&lt;lambda&gt;21]" time="0.021801233291625977"></testcase><testcase classname="src.pymortests.vectorarray" file="src/pymortests/vectorarray.py" line="513" name="test_pairwise_dot[compatible_vector_array_pair4-&lt;lambda&gt;22]" time="0.06985926628112793"></testcase><testcase classname="src.pymortests.vectorarray" file="src/pymortests/vectorarray.py" line="513" name="test_pairwise_dot[compatible_vector_array_pair4-&lt;lambda&gt;23]" time="0.008864164352416992"></testcase><testcase classname="src.pymortests.vectorarray" file="src/pymortests/vectorarray.py" line="513" name="test_pairwise_dot[compatible_vector_array_pair4-&lt;lambda&gt;24]" time="0.0036711692810058594"></testcase><testcase classname="src.pymortests.vectorarray" file="src/pymortests/vectorarray.py" line="513" name="test_pairwise_dot[compatible_vector_array_pair4-&lt;lambda&gt;25]" time="0.0029883384704589844"></testcase><testcase classname="src.pymortests.vectorarray" file="src/pymortests/vectorarray.py" line="513" name="test_pairwise_dot[compatible_vector_array_pair4-&lt;lambda&gt;26]" time="0.04633808135986328"></testcase><testcase classname="src.pymortests.vectorarray" file="src/pymortests/vectorarray.py" line="513" name="test_pairwise_dot[compatible_vector_array_pair4-&lt;lambda&gt;27]" time="0.06388187408447266"></testcase><testcase classname="src.pymortests.vectorarray" file="src/pymortests/vectorarray.py" line="513" name="test_pairwise_dot[compatible_vector_array_pair4-&lt;lambda&gt;28]" time="0.23618054389953613"></testcase><testcase classname="src.pymortests.vectorarray" file="src/pymortests/vectorarray.py" line="513" name="test_pairwise_dot[compatible_vector_array_pair4-&lt;lambda&gt;29]" time="0.011307239532470703"></testcase><testcase classname="src.pymortests.vectorarray" file="src/pymortests/vectorarray.py" line="513" name="test_pairwise_dot[compatible_vector_array_pair5-&lt;lambda&gt;0]" time="0.0034101009368896484"></testcase><testcase classname="src.pymortests.vectorarray" file="src/pymortests/vectorarray.py" line="513" name="test_pairwise_dot[compatible_vector_array_pair5-&lt;lambda&gt;1]" time="0.0015757083892822266"></testcase><testcase classname="src.pymortests.vectorarray" file="src/pymortests/vectorarray.py" line="513" name="test_pairwise_dot[compatible_vector_array_pair5-&lt;lambda&gt;2]" time="0.0041844844818115234"></testcase><testcase classname="src.pymortests.vectorarray" file="src/pymortests/vectorarray.py" line="513" name="test_pairwise_dot[compatible_vector_array_pair5-&lt;lambda&gt;3]" time="0.004517555236816406"></testcase><testcase classname="src.pymortests.vectorarray" file="src/pymortests/vectorarray.py" line="513" name="test_pairwise_dot[compatible_vector_array_pair5-&lt;lambda&gt;4]" time="0.0065500736236572266"></testcase><testcase classname="src.pymortests.vectorarray" file="src/pymortests/vectorarray.py" line="513" name="test_pairwise_dot[compatible_vector_array_pair5-&lt;lambda&gt;5]" time="0.005240201950073242"></testcase><testcase classname="src.pymortests.vectorarray" file="src/pymortests/vectorarray.py" line="513" name="test_pairwise_dot[compatible_vector_array_pair5-&lt;lambda&gt;6]" time="0.002445697784423828"></testcase><testcase classname="src.pymortests.vectorarray" file="src/pymortests/vectorarray.py" line="513" name="test_pairwise_dot[compatible_vector_array_pair5-&lt;lambda&gt;7]" time="0.0015091896057128906"></testcase><testcase classname="src.pymortests.vectorarray" file="src/pymortests/vectorarray.py" line="513" name="test_pairwise_dot[compatible_vector_array_pair5-&lt;lambda&gt;8]" time="0.005858898162841797"></testcase><testcase classname="src.pymortests.vectorarray" file="src/pymortests/vectorarray.py" line="513" name="test_pairwise_dot[compatible_vector_array_pair5-&lt;lambda&gt;9]" time="0.0075531005859375"></testcase><testcase classname="src.pymortests.vectorarray" file="src/pymortests/vectorarray.py" line="513" name="test_pairwise_dot[compatible_vector_array_pair5-&lt;lambda&gt;10]" time="0.022669315338134766"></testcase><testcase classname="src.pymortests.vectorarray" file="src/pymortests/vectorarray.py" line="513" name="test_pairwise_dot[compatible_vector_array_pair5-&lt;lambda&gt;11]" time="0.006476163864135742"></testcase><testcase classname="src.pymortests.vectorarray" file="src/pymortests/vectorarray.py" line="513" name="test_pairwise_dot[compatible_vector_array_pair5-&lt;lambda&gt;12]" time="0.004606008529663086"></testcase><testcase classname="src.pymortests.vectorarray" file="src/pymortests/vectorarray.py" line="513" name="test_pairwise_dot[compatible_vector_array_pair5-&lt;lambda&gt;13]" time="0.002260446548461914"></testcase><testcase classname="src.pymortests.vectorarray" file="src/pymortests/vectorarray.py" line="513" name="test_pairwise_dot[compatible_vector_array_pair5-&lt;lambda&gt;14]" time="0.0053255558013916016"></testcase><testcase classname="src.pymortests.vectorarray" file="src/pymortests/vectorarray.py" line="513" name="test_pairwise_dot[compatible_vector_array_pair5-&lt;lambda&gt;15]" time="0.008867025375366211"></testcase><testcase classname="src.pymortests.vectorarray" file="src/pymortests/vectorarray.py" line="513" name="test_pairwise_dot[compatible_vector_array_pair5-&lt;lambda&gt;16]" time="0.00959920883178711"></testcase><testcase classname="src.pymortests.vectorarray" file="src/pymortests/vectorarray.py" line="513" name="test_pairwise_dot[compatible_vector_array_pair5-&lt;lambda&gt;17]" time="0.014877557754516602"></testcase><testcase classname="src.pymortests.vectorarray" file="src/pymortests/vectorarray.py" line="513" name="test_pairwise_dot[compatible_vector_array_pair5-&lt;lambda&gt;18]" time="0.008210420608520508"></testcase><testcase classname="src.pymortests.vectorarray" file="src/pymortests/vectorarray.py" line="513" name="test_pairwise_dot[compatible_vector_array_pair5-&lt;lambda&gt;19]" time="0.002478361129760742"></testcase><testcase classname="src.pymortests.vectorarray" file="src/pymortests/vectorarray.py" line="513" name="test_pairwise_dot[compatible_vector_array_pair5-&lt;lambda&gt;20]" time="0.04521012306213379"></testcase><testcase classname="src.pymortests.vectorarray" file="src/pymortests/vectorarray.py" line="513" name="test_pairwise_dot[compatible_vector_array_pair5-&lt;lambda&gt;21]" time="0.021945476531982422"></testcase><testcase classname="src.pymortests.vectorarray" file="src/pymortests/vectorarray.py" line="513" name="test_pairwise_dot[compatible_vector_array_pair5-&lt;lambda&gt;22]" time="0.0695798397064209"></testcase><testcase classname="src.pymortests.vectorarray" file="src/pymortests/vectorarray.py" line="513" name="test_pairwise_dot[compatible_vector_array_pair5-&lt;lambda&gt;23]" time="0.008811235427856445"></testcase><testcase classname="src.pymortests.vectorarray" file="src/pymortests/vectorarray.py" line="513" name="test_pairwise_dot[compatible_vector_array_pair5-&lt;lambda&gt;24]" time="0.003738880157470703"></testcase><testcase classname="src.pymortests.vectorarray" file="src/pymortests/vectorarray.py" line="513" name="test_pairwise_dot[compatible_vector_array_pair5-&lt;lambda&gt;25]" time="0.002973794937133789"></testcase><testcase classname="src.pymortests.vectorarray" file="src/pymortests/vectorarray.py" line="513" name="test_pairwise_dot[compatible_vector_array_pair5-&lt;lambda&gt;26]" time="0.04668712615966797"></testcase><testcase classname="src.pymortests.vectorarray" file="src/pymortests/vectorarray.py" line="513" name="test_pairwise_dot[compatible_vector_array_pair5-&lt;lambda&gt;27]" time="0.06703448295593262"></testcase><testcase classname="src.pymortests.vectorarray" file="src/pymortests/vectorarray.py" line="513" name="test_pairwise_dot[compatible_vector_array_pair5-&lt;lambda&gt;28]" time="0.2357349395751953"></testcase><testcase classname="src.pymortests.vectorarray" file="src/pymortests/vectorarray.py" line="513" name="test_pairwise_dot[compatible_vector_array_pair5-&lt;lambda&gt;29]" time="0.011379241943359375"></testcase><testcase classname="src.pymortests.vectorarray" file="src/pymortests/vectorarray.py" line="513" name="test_pairwise_dot[compatible_vector_array_pair6-&lt;lambda&gt;0]" time="0.003994941711425781"></testcase><testcase classname="src.pymortests.vectorarray" file="src/pymortests/vectorarray.py" line="513" name="test_pairwise_dot[compatible_vector_array_pair6-&lt;lambda&gt;1]" time="0.0015213489532470703"></testcase><testcase classname="src.pymortests.vectorarray" file="src/pymortests/vectorarray.py" line="513" name="test_pairwise_dot[compatible_vector_array_pair6-&lt;lambda&gt;2]" time="0.0040585994720458984"></testcase><testcase classname="src.pymortests.vectorarray" file="src/pymortests/vectorarray.py" line="513" name="test_pairwise_dot[compatible_vector_array_pair6-&lt;lambda&gt;3]" time="0.004565238952636719"></testcase><testcase classname="src.pymortests.vectorarray" file="src/pymortests/vectorarray.py" line="513" name="test_pairwise_dot[compatible_vector_array_pair6-&lt;lambda&gt;4]" time="0.0063130855560302734"></testcase><testcase classname="src.pymortests.vectorarray" file="src/pymortests/vectorarray.py" line="513" name="test_pairwise_dot[compatible_vector_array_pair6-&lt;lambda&gt;5]" time="0.005095720291137695"></testcase><testcase classname="src.pymortests.vectorarray" file="src/pymortests/vectorarray.py" line="513" name="test_pairwise_dot[compatible_vector_array_pair6-&lt;lambda&gt;6]" time="0.002454519271850586"></testcase><testcase classname="src.pymortests.vectorarray" file="src/pymortests/vectorarray.py" line="513" name="test_pairwise_dot[compatible_vector_array_pair6-&lt;lambda&gt;7]" time="0.0014367103576660156"></testcase><testcase classname="src.pymortests.vectorarray" file="src/pymortests/vectorarray.py" line="513" name="test_pairwise_dot[compatible_vector_array_pair6-&lt;lambda&gt;8]" time="0.005727291107177734"></testcase><testcase classname="src.pymortests.vectorarray" file="src/pymortests/vectorarray.py" line="513" name="test_pairwise_dot[compatible_vector_array_pair6-&lt;lambda&gt;9]" time="0.007323503494262695"></testcase><testcase classname="src.pymortests.vectorarray" file="src/pymortests/vectorarray.py" line="513" name="test_pairwise_dot[compatible_vector_array_pair6-&lt;lambda&gt;10]" time="0.02218914031982422"></testcase><testcase classname="src.pymortests.vectorarray" file="src/pymortests/vectorarray.py" line="513" name="test_pairwise_dot[compatible_vector_array_pair6-&lt;lambda&gt;11]" time="0.006509542465209961"></testcase><testcase classname="src.pymortests.vectorarray" file="src/pymortests/vectorarray.py" line="513" name="test_pairwise_dot[compatible_vector_array_pair6-&lt;lambda&gt;12]" time="0.00450897216796875"></testcase><testcase classname="src.pymortests.vectorarray" file="src/pymortests/vectorarray.py" line="513" name="test_pairwise_dot[compatible_vector_array_pair6-&lt;lambda&gt;13]" time="0.002154111862182617"></testcase><testcase classname="src.pymortests.vectorarray" file="src/pymortests/vectorarray.py" line="513" name="test_pairwise_dot[compatible_vector_array_pair6-&lt;lambda&gt;14]" time="0.005255699157714844"></testcase><testcase classname="src.pymortests.vectorarray" file="src/pymortests/vectorarray.py" line="513" name="test_pairwise_dot[compatible_vector_array_pair6-&lt;lambda&gt;15]" time="0.008599996566772461"></testcase><testcase classname="src.pymortests.vectorarray" file="src/pymortests/vectorarray.py" line="513" name="test_pairwise_dot[compatible_vector_array_pair6-&lt;lambda&gt;16]" time="0.009306669235229492"></testcase><testcase classname="src.pymortests.vectorarray" file="src/pymortests/vectorarray.py" line="513" name="test_pairwise_dot[compatible_vector_array_pair6-&lt;lambda&gt;17]" time="0.01517629623413086"></testcase><testcase classname="src.pymortests.vectorarray" file="src/pymortests/vectorarray.py" line="513" name="test_pairwise_dot[compatible_vector_array_pair6-&lt;lambda&gt;18]" time="0.007875919342041016"></testcase><testcase classname="src.pymortests.vectorarray" file="src/pymortests/vectorarray.py" line="513" name="test_pairwise_dot[compatible_vector_array_pair6-&lt;lambda&gt;19]" time="0.0023305416107177734"></testcase><testcase classname="src.pymortests.vectorarray" file="src/pymortests/vectorarray.py" line="513" name="test_pairwise_dot[compatible_vector_array_pair6-&lt;lambda&gt;20]" time="0.041459083557128906"></testcase><testcase classname="src.pymortests.vectorarray" file="src/pymortests/vectorarray.py" line="513" name="test_pairwise_dot[compatible_vector_array_pair6-&lt;lambda&gt;21]" time="0.021556854248046875"></testcase><testcase classname="src.pymortests.vectorarray" file="src/pymortests/vectorarray.py" line="513" name="test_pairwise_dot[compatible_vector_array_pair6-&lt;lambda&gt;22]" time="0.06942296028137207"></testcase><testcase classname="src.pymortests.vectorarray" file="src/pymortests/vectorarray.py" line="513" name="test_pairwise_dot[compatible_vector_array_pair6-&lt;lambda&gt;23]" time="0.00878453254699707"></testcase><testcase classname="src.pymortests.vectorarray" file="src/pymortests/vectorarray.py" line="513" name="test_pairwise_dot[compatible_vector_array_pair6-&lt;lambda&gt;24]" time="0.003719806671142578"></testcase><testcase classname="src.pymortests.vectorarray" file="src/pymortests/vectorarray.py" line="513" name="test_pairwise_dot[compatible_vector_array_pair6-&lt;lambda&gt;25]" time="0.0023870468139648438"></testcase><testcase classname="src.pymortests.vectorarray" file="src/pymortests/vectorarray.py" line="513" name="test_pairwise_dot[compatible_vector_array_pair6-&lt;lambda&gt;26]" time="0.02798604965209961"></testcase><testcase classname="src.pymortests.vectorarray" file="src/pymortests/vectorarray.py" line="513" name="test_pairwise_dot[compatible_vector_array_pair6-&lt;lambda&gt;27]" time="0.059319496154785156"></testcase><testcase classname="src.pymortests.vectorarray" file="src/pymortests/vectorarray.py" line="513" name="test_pairwise_dot[compatible_vector_array_pair6-&lt;lambda&gt;28]" time="0.18279790878295898"></testcase><testcase classname="src.pymortests.vectorarray" file="src/pymortests/vectorarray.py" line="513" name="test_pairwise_dot[compatible_vector_array_pair6-&lt;lambda&gt;29]" time="0.010334968566894531"></testcase><testcase classname="src.pymortests.vectorarray" file="src/pymortests/vectorarray.py" line="513" name="test_pairwise_dot[compatible_vector_array_pair7-&lt;lambda&gt;0]" time="0.0038700103759765625"></testcase><testcase classname="src.pymortests.vectorarray" file="src/pymortests/vectorarray.py" line="513" name="test_pairwise_dot[compatible_vector_array_pair7-&lt;lambda&gt;1]" time="0.0015478134155273438"></testcase><testcase classname="src.pymortests.vectorarray" file="src/pymortests/vectorarray.py" line="513" name="test_pairwise_dot[compatible_vector_array_pair7-&lt;lambda&gt;2]" time="0.004175424575805664"></testcase><testcase classname="src.pymortests.vectorarray" file="src/pymortests/vectorarray.py" line="513" name="test_pairwise_dot[compatible_vector_array_pair7-&lt;lambda&gt;3]" time="0.0042972564697265625"></testcase><testcase classname="src.pymortests.vectorarray" file="src/pymortests/vectorarray.py" line="513" name="test_pairwise_dot[compatible_vector_array_pair7-&lt;lambda&gt;4]" time="0.006089448928833008"></testcase><testcase classname="src.pymortests.vectorarray" file="src/pymortests/vectorarray.py" line="513" name="test_pairwise_dot[compatible_vector_array_pair7-&lt;lambda&gt;5]" time="0.005068302154541016"></testcase><testcase classname="src.pymortests.vectorarray" file="src/pymortests/vectorarray.py" line="513" name="test_pairwise_dot[compatible_vector_array_pair7-&lt;lambda&gt;6]" time="0.002403736114501953"></testcase><testcase classname="src.pymortests.vectorarray" file="src/pymortests/vectorarray.py" line="513" name="test_pairwise_dot[compatible_vector_array_pair7-&lt;lambda&gt;7]" time="0.0014123916625976562"></testcase><testcase classname="src.pymortests.vectorarray" file="src/pymortests/vectorarray.py" line="513" name="test_pairwise_dot[compatible_vector_array_pair7-&lt;lambda&gt;8]" time="0.00612187385559082"></testcase><testcase classname="src.pymortests.vectorarray" file="src/pymortests/vectorarray.py" line="513" name="test_pairwise_dot[compatible_vector_array_pair7-&lt;lambda&gt;9]" time="0.007360219955444336"></testcase><testcase classname="src.pymortests.vectorarray" file="src/pymortests/vectorarray.py" line="513" name="test_pairwise_dot[compatible_vector_array_pair7-&lt;lambda&gt;10]" time="0.02285456657409668"></testcase><testcase classname="src.pymortests.vectorarray" file="src/pymortests/vectorarray.py" line="513" name="test_pairwise_dot[compatible_vector_array_pair7-&lt;lambda&gt;11]" time="0.006562471389770508"></testcase><testcase classname="src.pymortests.vectorarray" file="src/pymortests/vectorarray.py" line="513" name="test_pairwise_dot[compatible_vector_array_pair7-&lt;lambda&gt;12]" time="0.0045511722564697266"></testcase><testcase classname="src.pymortests.vectorarray" file="src/pymortests/vectorarray.py" line="513" name="test_pairwise_dot[compatible_vector_array_pair7-&lt;lambda&gt;13]" time="0.002221822738647461"></testcase><testcase classname="src.pymortests.vectorarray" file="src/pymortests/vectorarray.py" line="513" name="test_pairwise_dot[compatible_vector_array_pair7-&lt;lambda&gt;14]" time="0.005217075347900391"></testcase><testcase classname="src.pymortests.vectorarray" file="src/pymortests/vectorarray.py" line="513" name="test_pairwise_dot[compatible_vector_array_pair7-&lt;lambda&gt;15]" time="0.008911609649658203"></testcase><testcase classname="src.pymortests.vectorarray" file="src/pymortests/vectorarray.py" line="513" name="test_pairwise_dot[compatible_vector_array_pair7-&lt;lambda&gt;16]" time="0.009362220764160156"></testcase><testcase classname="src.pymortests.vectorarray" file="src/pymortests/vectorarray.py" line="513" name="test_pairwise_dot[compatible_vector_array_pair7-&lt;lambda&gt;17]" time="0.01520681381225586"></testcase><testcase classname="src.pymortests.vectorarray" file="src/pymortests/vectorarray.py" line="513" name="test_pairwise_dot[compatible_vector_array_pair7-&lt;lambda&gt;18]" time="0.007964849472045898"></testcase><testcase classname="src.pymortests.vectorarray" file="src/pymortests/vectorarray.py" line="513" name="test_pairwise_dot[compatible_vector_array_pair7-&lt;lambda&gt;19]" time="0.0024008750915527344"></testcase><testcase classname="src.pymortests.vectorarray" file="src/pymortests/vectorarray.py" line="513" name="test_pairwise_dot[compatible_vector_array_pair7-&lt;lambda&gt;20]" time="0.04195094108581543"></testcase><testcase classname="src.pymortests.vectorarray" file="src/pymortests/vectorarray.py" line="513" name="test_pairwise_dot[compatible_vector_array_pair7-&lt;lambda&gt;21]" time="0.021754741668701172"></testcase><testcase classname="src.pymortests.vectorarray" file="src/pymortests/vectorarray.py" line="513" name="test_pairwise_dot[compatible_vector_array_pair7-&lt;lambda&gt;22]" time="0.06992745399475098"></testcase><testcase classname="src.pymortests.vectorarray" file="src/pymortests/vectorarray.py" line="513" name="test_pairwise_dot[compatible_vector_array_pair7-&lt;lambda&gt;23]" time="0.009077072143554688"></testcase><testcase classname="src.pymortests.vectorarray" file="src/pymortests/vectorarray.py" line="513" name="test_pairwise_dot[compatible_vector_array_pair7-&lt;lambda&gt;24]" time="0.0037584304809570312"></testcase><testcase classname="src.pymortests.vectorarray" file="src/pymortests/vectorarray.py" line="513" name="test_pairwise_dot[compatible_vector_array_pair7-&lt;lambda&gt;25]" time="0.003061056137084961"></testcase><testcase classname="src.pymortests.vectorarray" file="src/pymortests/vectorarray.py" line="513" name="test_pairwise_dot[compatible_vector_array_pair7-&lt;lambda&gt;26]" time="0.04657435417175293"></testcase><testcase classname="src.pymortests.vectorarray" file="src/pymortests/vectorarray.py" line="513" name="test_pairwise_dot[compatible_vector_array_pair7-&lt;lambda&gt;27]" time="0.06386780738830566"></testcase><testcase classname="src.pymortests.vectorarray" file="src/pymortests/vectorarray.py" line="513" name="test_pairwise_dot[compatible_vector_array_pair7-&lt;lambda&gt;28]" time="0.23585963249206543"></testcase><testcase classname="src.pymortests.vectorarray" file="src/pymortests/vectorarray.py" line="513" name="test_pairwise_dot[compatible_vector_array_pair7-&lt;lambda&gt;29]" time="0.011269330978393555"></testcase><testcase classname="src.pymortests.vectorarray" file="src/pymortests/vectorarray.py" line="513" name="test_pairwise_dot[compatible_vector_array_pair8-&lt;lambda&gt;0]" time="0.004040956497192383"></testcase><testcase classname="src.pymortests.vectorarray" file="src/pymortests/vectorarray.py" line="513" name="test_pairwise_dot[compatible_vector_array_pair8-&lt;lambda&gt;1]" time="0.0015764236450195312"></testcase><testcase classname="src.pymortests.vectorarray" file="src/pymortests/vectorarray.py" line="513" name="test_pairwise_dot[compatible_vector_array_pair8-&lt;lambda&gt;2]" time="0.0042645931243896484"></testcase><testcase classname="src.pymortests.vectorarray" file="src/pymortests/vectorarray.py" line="513" name="test_pairwise_dot[compatible_vector_array_pair8-&lt;lambda&gt;3]" time="0.00469207763671875"></testcase><testcase classname="src.pymortests.vectorarray" file="src/pymortests/vectorarray.py" line="513" name="test_pairwise_dot[compatible_vector_array_pair8-&lt;lambda&gt;4]" time="0.006167411804199219"></testcase><testcase classname="src.pymortests.vectorarray" file="src/pymortests/vectorarray.py" line="513" name="test_pairwise_dot[compatible_vector_array_pair8-&lt;lambda&gt;5]" time="0.00511479377746582"></testcase><testcase classname="src.pymortests.vectorarray" file="src/pymortests/vectorarray.py" line="513" name="test_pairwise_dot[compatible_vector_array_pair8-&lt;lambda&gt;6]" time="0.0024313926696777344"></testcase><testcase classname="src.pymortests.vectorarray" file="src/pymortests/vectorarray.py" line="513" name="test_pairwise_dot[compatible_vector_array_pair8-&lt;lambda&gt;7]" time="0.0014634132385253906"></testcase><testcase classname="src.pymortests.vectorarray" file="src/pymortests/vectorarray.py" line="513" name="test_pairwise_dot[compatible_vector_array_pair8-&lt;lambda&gt;8]" time="0.0061151981353759766"></testcase><testcase classname="src.pymortests.vectorarray" file="src/pymortests/vectorarray.py" line="513" name="test_pairwise_dot[compatible_vector_array_pair8-&lt;lambda&gt;9]" time="0.0073626041412353516"></testcase><testcase classname="src.pymortests.vectorarray" file="src/pymortests/vectorarray.py" line="513" name="test_pairwise_dot[compatible_vector_array_pair8-&lt;lambda&gt;10]" time="0.022510528564453125"></testcase><testcase classname="src.pymortests.vectorarray" file="src/pymortests/vectorarray.py" line="513" name="test_pairwise_dot[compatible_vector_array_pair8-&lt;lambda&gt;11]" time="0.006591320037841797"></testcase><testcase classname="src.pymortests.vectorarray" file="src/pymortests/vectorarray.py" line="513" name="test_pairwise_dot[compatible_vector_array_pair8-&lt;lambda&gt;12]" time="0.004610776901245117"></testcase><testcase classname="src.pymortests.vectorarray" file="src/pymortests/vectorarray.py" line="513" name="test_pairwise_dot[compatible_vector_array_pair8-&lt;lambda&gt;13]" time="0.002302408218383789"></testcase><testcase classname="src.pymortests.vectorarray" file="src/pymortests/vectorarray.py" line="513" name="test_pairwise_dot[compatible_vector_array_pair8-&lt;lambda&gt;14]" time="0.005313396453857422"></testcase><testcase classname="src.pymortests.vectorarray" file="src/pymortests/vectorarray.py" line="513" name="test_pairwise_dot[compatible_vector_array_pair8-&lt;lambda&gt;15]" time="0.008615732192993164"></testcase><testcase classname="src.pymortests.vectorarray" file="src/pymortests/vectorarray.py" line="513" name="test_pairwise_dot[compatible_vector_array_pair8-&lt;lambda&gt;16]" time="0.009346246719360352"></testcase><testcase classname="src.pymortests.vectorarray" file="src/pymortests/vectorarray.py" line="513" name="test_pairwise_dot[compatible_vector_array_pair8-&lt;lambda&gt;17]" time="0.015154838562011719"></testcase><testcase classname="src.pymortests.vectorarray" file="src/pymortests/vectorarray.py" line="513" name="test_pairwise_dot[compatible_vector_array_pair8-&lt;lambda&gt;18]" time="0.008010149002075195"></testcase><testcase classname="src.pymortests.vectorarray" file="src/pymortests/vectorarray.py" line="513" name="test_pairwise_dot[compatible_vector_array_pair8-&lt;lambda&gt;19]" time="0.0024263858795166016"></testcase><testcase classname="src.pymortests.vectorarray" file="src/pymortests/vectorarray.py" line="513" name="test_pairwise_dot[compatible_vector_array_pair8-&lt;lambda&gt;20]" time="0.04269266128540039"></testcase><testcase classname="src.pymortests.vectorarray" file="src/pymortests/vectorarray.py" line="513" name="test_pairwise_dot[compatible_vector_array_pair8-&lt;lambda&gt;21]" time="0.02544403076171875"></testcase><testcase classname="src.pymortests.vectorarray" file="src/pymortests/vectorarray.py" line="513" name="test_pairwise_dot[compatible_vector_array_pair8-&lt;lambda&gt;22]" time="0.06926989555358887"></testcase><testcase classname="src.pymortests.vectorarray" file="src/pymortests/vectorarray.py" line="513" name="test_pairwise_dot[compatible_vector_array_pair8-&lt;lambda&gt;23]" time="0.008646488189697266"></testcase><testcase classname="src.pymortests.vectorarray" file="src/pymortests/vectorarray.py" line="513" name="test_pairwise_dot[compatible_vector_array_pair8-&lt;lambda&gt;24]" time="0.003717660903930664"></testcase><testcase classname="src.pymortests.vectorarray" file="src/pymortests/vectorarray.py" line="513" name="test_pairwise_dot[compatible_vector_array_pair8-&lt;lambda&gt;25]" time="0.0029137134552001953"></testcase><testcase classname="src.pymortests.vectorarray" file="src/pymortests/vectorarray.py" line="513" name="test_pairwise_dot[compatible_vector_array_pair8-&lt;lambda&gt;26]" time="0.046431779861450195"></testcase><testcase classname="src.pymortests.vectorarray" file="src/pymortests/vectorarray.py" line="513" name="test_pairwise_dot[compatible_vector_array_pair8-&lt;lambda&gt;27]" time="0.06407856941223145"></testcase><testcase classname="src.pymortests.vectorarray" file="src/pymortests/vectorarray.py" line="513" name="test_pairwise_dot[compatible_vector_array_pair8-&lt;lambda&gt;28]" time="0.23671269416809082"></testcase><testcase classname="src.pymortests.vectorarray" file="src/pymortests/vectorarray.py" line="513" name="test_pairwise_dot[compatible_vector_array_pair8-&lt;lambda&gt;29]" time="0.011166572570800781"></testcase><testcase classname="src.pymortests.vectorarray" file="src/pymortests/vectorarray.py" line="528" name="test_pairwise_dot_self[0-&lt;lambda&gt;0]" time="0.0054111480712890625"></testcase><testcase classname="src.pymortests.vectorarray" file="src/pymortests/vectorarray.py" line="528" name="test_pairwise_dot_self[0-&lt;lambda&gt;1]" time="0.0041539669036865234"></testcase><testcase classname="src.pymortests.vectorarray" file="src/pymortests/vectorarray.py" line="528" name="test_pairwise_dot_self[0-&lt;lambda&gt;2]" time="0.0073544979095458984"></testcase><testcase classname="src.pymortests.vectorarray" file="src/pymortests/vectorarray.py" line="528" name="test_pairwise_dot_self[0-&lt;lambda&gt;3]" time="0.009354829788208008"></testcase><testcase classname="src.pymortests.vectorarray" file="src/pymortests/vectorarray.py" line="528" name="test_pairwise_dot_self[0-&lt;lambda&gt;4]" time="0.010727882385253906"></testcase><testcase classname="src.pymortests.vectorarray" file="src/pymortests/vectorarray.py" line="528" name="test_pairwise_dot_self[0-&lt;lambda&gt;5]" time="0.003660917282104492"></testcase><testcase classname="src.pymortests.vectorarray" file="src/pymortests/vectorarray.py" line="528" name="test_pairwise_dot_self[0-&lt;lambda&gt;6]" time="0.0036211013793945312"></testcase><testcase classname="src.pymortests.vectorarray" file="src/pymortests/vectorarray.py" line="528" name="test_pairwise_dot_self[0-&lt;lambda&gt;7]" time="0.007802248001098633"></testcase><testcase classname="src.pymortests.vectorarray" file="src/pymortests/vectorarray.py" line="528" name="test_pairwise_dot_self[0-&lt;lambda&gt;8]" time="0.026795625686645508"></testcase><testcase classname="src.pymortests.vectorarray" file="src/pymortests/vectorarray.py" line="528" name="test_pairwise_dot_self[0-&lt;lambda&gt;9]" time="0.05263519287109375"></testcase><testcase classname="src.pymortests.vectorarray" file="src/pymortests/vectorarray.py" line="528" name="test_pairwise_dot_self[0-&lt;lambda&gt;10]" time="0.008469343185424805"></testcase><testcase classname="src.pymortests.vectorarray" file="src/pymortests/vectorarray.py" line="528" name="test_pairwise_dot_self[0-&lt;lambda&gt;11]" time="0.013550996780395508"></testcase><testcase classname="src.pymortests.vectorarray" file="src/pymortests/vectorarray.py" line="528" name="test_pairwise_dot_self[0-&lt;lambda&gt;12]" time="0.013390064239501953"></testcase><testcase classname="src.pymortests.vectorarray" file="src/pymortests/vectorarray.py" line="528" name="test_pairwise_dot_self[0-&lt;lambda&gt;13]" time="0.011486053466796875"></testcase><testcase classname="src.pymortests.vectorarray" file="src/pymortests/vectorarray.py" line="528" name="test_pairwise_dot_self[0-&lt;lambda&gt;14]" time="0.01511526107788086"></testcase><testcase classname="src.pymortests.vectorarray" file="src/pymortests/vectorarray.py" line="528" name="test_pairwise_dot_self[0-&lt;lambda&gt;15]" time="0.02252960205078125"></testcase><testcase classname="src.pymortests.vectorarray" file="src/pymortests/vectorarray.py" line="528" name="test_pairwise_dot_self[0-&lt;lambda&gt;16]" time="0.027583837509155273"></testcase><testcase classname="src.pymortests.vectorarray" file="src/pymortests/vectorarray.py" line="528" name="test_pairwise_dot_self[0-&lt;lambda&gt;17]" time="0.009324312210083008"></testcase><testcase classname="src.pymortests.vectorarray" file="src/pymortests/vectorarray.py" line="528" name="test_pairwise_dot_self[0-&lt;lambda&gt;18]" time="0.009145498275756836"></testcase><testcase classname="src.pymortests.vectorarray" file="src/pymortests/vectorarray.py" line="528" name="test_pairwise_dot_self[0-&lt;lambda&gt;19]" time="0.012226104736328125"></testcase><testcase classname="src.pymortests.vectorarray" file="src/pymortests/vectorarray.py" line="528" name="test_pairwise_dot_self[0-&lt;lambda&gt;20]" time="0.041306257247924805"></testcase><testcase classname="src.pymortests.vectorarray" file="src/pymortests/vectorarray.py" line="528" name="test_pairwise_dot_self[0-&lt;lambda&gt;21]" time="0.08354496955871582"></testcase><testcase classname="src.pymortests.vectorarray" file="src/pymortests/vectorarray.py" line="528" name="test_pairwise_dot_self[0-&lt;lambda&gt;22]" time="0.004646778106689453"></testcase><testcase classname="src.pymortests.vectorarray" file="src/pymortests/vectorarray.py" line="528" name="test_pairwise_dot_self[0-&lt;lambda&gt;23]" time="0.0038907527923583984"></testcase><testcase classname="src.pymortests.vectorarray" file="src/pymortests/vectorarray.py" line="528" name="test_pairwise_dot_self[0-&lt;lambda&gt;24]" time="0.008608102798461914"></testcase><testcase classname="src.pymortests.vectorarray" file="src/pymortests/vectorarray.py" line="528" name="test_pairwise_dot_self[0-&lt;lambda&gt;25]" time="0.049222469329833984"></testcase><testcase classname="src.pymortests.vectorarray" file="src/pymortests/vectorarray.py" line="528" name="test_pairwise_dot_self[0-&lt;lambda&gt;26]" time="0.10456323623657227"></testcase><testcase classname="src.pymortests.vectorarray" file="src/pymortests/vectorarray.py" line="528" name="test_pairwise_dot_self[1-&lt;lambda&gt;0]" time="0.005271196365356445"></testcase><testcase classname="src.pymortests.vectorarray" file="src/pymortests/vectorarray.py" line="528" name="test_pairwise_dot_self[1-&lt;lambda&gt;1]" time="0.004238605499267578"></testcase><testcase classname="src.pymortests.vectorarray" file="src/pymortests/vectorarray.py" line="528" name="test_pairwise_dot_self[1-&lt;lambda&gt;2]" time="0.007411003112792969"></testcase><testcase classname="src.pymortests.vectorarray" file="src/pymortests/vectorarray.py" line="528" name="test_pairwise_dot_self[1-&lt;lambda&gt;3]" time="0.009435653686523438"></testcase><testcase classname="src.pymortests.vectorarray" file="src/pymortests/vectorarray.py" line="528" name="test_pairwise_dot_self[1-&lt;lambda&gt;4]" time="0.010875701904296875"></testcase><testcase classname="src.pymortests.vectorarray" file="src/pymortests/vectorarray.py" line="528" name="test_pairwise_dot_self[1-&lt;lambda&gt;5]" time="0.0036706924438476562"></testcase><testcase classname="src.pymortests.vectorarray" file="src/pymortests/vectorarray.py" line="528" name="test_pairwise_dot_self[1-&lt;lambda&gt;6]" time="0.003807544708251953"></testcase><testcase classname="src.pymortests.vectorarray" file="src/pymortests/vectorarray.py" line="528" name="test_pairwise_dot_self[1-&lt;lambda&gt;7]" time="0.007770538330078125"></testcase><testcase classname="src.pymortests.vectorarray" file="src/pymortests/vectorarray.py" line="528" name="test_pairwise_dot_self[1-&lt;lambda&gt;8]" time="0.027301788330078125"></testcase><testcase classname="src.pymortests.vectorarray" file="src/pymortests/vectorarray.py" line="528" name="test_pairwise_dot_self[1-&lt;lambda&gt;9]" time="0.054003238677978516"></testcase><testcase classname="src.pymortests.vectorarray" file="src/pymortests/vectorarray.py" line="528" name="test_pairwise_dot_self[1-&lt;lambda&gt;10]" time="0.008432626724243164"></testcase><testcase classname="src.pymortests.vectorarray" file="src/pymortests/vectorarray.py" line="528" name="test_pairwise_dot_self[1-&lt;lambda&gt;11]" time="0.01494455337524414"></testcase><testcase classname="src.pymortests.vectorarray" file="src/pymortests/vectorarray.py" line="528" name="test_pairwise_dot_self[1-&lt;lambda&gt;12]" time="0.014774322509765625"></testcase><testcase classname="src.pymortests.vectorarray" file="src/pymortests/vectorarray.py" line="528" name="test_pairwise_dot_self[1-&lt;lambda&gt;13]" time="0.011456489562988281"></testcase><testcase classname="src.pymortests.vectorarray" file="src/pymortests/vectorarray.py" line="528" name="test_pairwise_dot_self[1-&lt;lambda&gt;14]" time="0.014917373657226562"></testcase><testcase classname="src.pymortests.vectorarray" file="src/pymortests/vectorarray.py" line="528" name="test_pairwise_dot_self[1-&lt;lambda&gt;15]" time="0.022832393646240234"></testcase><testcase classname="src.pymortests.vectorarray" file="src/pymortests/vectorarray.py" line="528" name="test_pairwise_dot_self[1-&lt;lambda&gt;16]" time="0.028508663177490234"></testcase><testcase classname="src.pymortests.vectorarray" file="src/pymortests/vectorarray.py" line="528" name="test_pairwise_dot_self[1-&lt;lambda&gt;17]" time="0.009452581405639648"></testcase><testcase classname="src.pymortests.vectorarray" file="src/pymortests/vectorarray.py" line="528" name="test_pairwise_dot_self[1-&lt;lambda&gt;18]" time="0.009134769439697266"></testcase><testcase classname="src.pymortests.vectorarray" file="src/pymortests/vectorarray.py" line="528" name="test_pairwise_dot_self[1-&lt;lambda&gt;19]" time="0.01239633560180664"></testcase><testcase classname="src.pymortests.vectorarray" file="src/pymortests/vectorarray.py" line="528" name="test_pairwise_dot_self[1-&lt;lambda&gt;20]" time="0.04121279716491699"></testcase><testcase classname="src.pymortests.vectorarray" file="src/pymortests/vectorarray.py" line="528" name="test_pairwise_dot_self[1-&lt;lambda&gt;21]" time="0.08291053771972656"></testcase><testcase classname="src.pymortests.vectorarray" file="src/pymortests/vectorarray.py" line="528" name="test_pairwise_dot_self[1-&lt;lambda&gt;22]" time="0.004908084869384766"></testcase><testcase classname="src.pymortests.vectorarray" file="src/pymortests/vectorarray.py" line="528" name="test_pairwise_dot_self[1-&lt;lambda&gt;23]" time="0.003905773162841797"></testcase><testcase classname="src.pymortests.vectorarray" file="src/pymortests/vectorarray.py" line="528" name="test_pairwise_dot_self[1-&lt;lambda&gt;24]" time="0.009084224700927734"></testcase><testcase classname="src.pymortests.vectorarray" file="src/pymortests/vectorarray.py" line="528" name="test_pairwise_dot_self[1-&lt;lambda&gt;25]" time="0.07014298439025879"></testcase><testcase classname="src.pymortests.vectorarray" file="src/pymortests/vectorarray.py" line="528" name="test_pairwise_dot_self[1-&lt;lambda&gt;26]" time="0.15678071975708008"></testcase><testcase classname="src.pymortests.vectorarray" file="src/pymortests/vectorarray.py" line="528" name="test_pairwise_dot_self[2-&lt;lambda&gt;0]" time="0.005070209503173828"></testcase><testcase classname="src.pymortests.vectorarray" file="src/pymortests/vectorarray.py" line="528" name="test_pairwise_dot_self[2-&lt;lambda&gt;1]" time="0.004236698150634766"></testcase><testcase classname="src.pymortests.vectorarray" file="src/pymortests/vectorarray.py" line="528" name="test_pairwise_dot_self[2-&lt;lambda&gt;2]" time="0.007796525955200195"></testcase><testcase classname="src.pymortests.vectorarray" file="src/pymortests/vectorarray.py" line="528" name="test_pairwise_dot_self[2-&lt;lambda&gt;3]" time="0.009478092193603516"></testcase><testcase classname="src.pymortests.vectorarray" file="src/pymortests/vectorarray.py" line="528" name="test_pairwise_dot_self[2-&lt;lambda&gt;4]" time="0.010999202728271484"></testcase><testcase classname="src.pymortests.vectorarray" file="src/pymortests/vectorarray.py" line="528" name="test_pairwise_dot_self[2-&lt;lambda&gt;5]" time="0.003702878952026367"></testcase><testcase classname="src.pymortests.vectorarray" file="src/pymortests/vectorarray.py" line="528" name="test_pairwise_dot_self[2-&lt;lambda&gt;6]" time="0.003553628921508789"></testcase><testcase classname="src.pymortests.vectorarray" file="src/pymortests/vectorarray.py" line="528" name="test_pairwise_dot_self[2-&lt;lambda&gt;7]" time="0.007664680480957031"></testcase><testcase classname="src.pymortests.vectorarray" file="src/pymortests/vectorarray.py" line="528" name="test_pairwise_dot_self[2-&lt;lambda&gt;8]" time="0.027259111404418945"></testcase><testcase classname="src.pymortests.vectorarray" file="src/pymortests/vectorarray.py" line="528" name="test_pairwise_dot_self[2-&lt;lambda&gt;9]" time="0.05357813835144043"></testcase><testcase classname="src.pymortests.vectorarray" file="src/pymortests/vectorarray.py" line="528" name="test_pairwise_dot_self[2-&lt;lambda&gt;10]" time="0.008213043212890625"></testcase><testcase classname="src.pymortests.vectorarray" file="src/pymortests/vectorarray.py" line="528" name="test_pairwise_dot_self[2-&lt;lambda&gt;11]" time="0.013817310333251953"></testcase><testcase classname="src.pymortests.vectorarray" file="src/pymortests/vectorarray.py" line="528" name="test_pairwise_dot_self[2-&lt;lambda&gt;12]" time="0.013402462005615234"></testcase><testcase classname="src.pymortests.vectorarray" file="src/pymortests/vectorarray.py" line="528" name="test_pairwise_dot_self[2-&lt;lambda&gt;13]" time="0.011757612228393555"></testcase><testcase classname="src.pymortests.vectorarray" file="src/pymortests/vectorarray.py" line="528" name="test_pairwise_dot_self[2-&lt;lambda&gt;14]" time="0.0169522762298584"></testcase><testcase classname="src.pymortests.vectorarray" file="src/pymortests/vectorarray.py" line="528" name="test_pairwise_dot_self[2-&lt;lambda&gt;15]" time="0.02279353141784668"></testcase><testcase classname="src.pymortests.vectorarray" file="src/pymortests/vectorarray.py" line="528" name="test_pairwise_dot_self[2-&lt;lambda&gt;16]" time="0.027730941772460938"></testcase><testcase classname="src.pymortests.vectorarray" file="src/pymortests/vectorarray.py" line="528" name="test_pairwise_dot_self[2-&lt;lambda&gt;17]" time="0.009392738342285156"></testcase><testcase classname="src.pymortests.vectorarray" file="src/pymortests/vectorarray.py" line="528" name="test_pairwise_dot_self[2-&lt;lambda&gt;18]" time="0.009222269058227539"></testcase><testcase classname="src.pymortests.vectorarray" file="src/pymortests/vectorarray.py" line="528" name="test_pairwise_dot_self[2-&lt;lambda&gt;19]" time="0.012464046478271484"></testcase><testcase classname="src.pymortests.vectorarray" file="src/pymortests/vectorarray.py" line="528" name="test_pairwise_dot_self[2-&lt;lambda&gt;20]" time="0.0412139892578125"></testcase><testcase classname="src.pymortests.vectorarray" file="src/pymortests/vectorarray.py" line="528" name="test_pairwise_dot_self[2-&lt;lambda&gt;21]" time="0.08326125144958496"></testcase><testcase classname="src.pymortests.vectorarray" file="src/pymortests/vectorarray.py" line="528" name="test_pairwise_dot_self[2-&lt;lambda&gt;22]" time="0.004762411117553711"></testcase><testcase classname="src.pymortests.vectorarray" file="src/pymortests/vectorarray.py" line="528" name="test_pairwise_dot_self[2-&lt;lambda&gt;23]" time="0.0038712024688720703"></testcase><testcase classname="src.pymortests.vectorarray" file="src/pymortests/vectorarray.py" line="528" name="test_pairwise_dot_self[2-&lt;lambda&gt;24]" time="0.009263038635253906"></testcase><testcase classname="src.pymortests.vectorarray" file="src/pymortests/vectorarray.py" line="528" name="test_pairwise_dot_self[2-&lt;lambda&gt;25]" time="0.07072687149047852"></testcase><testcase classname="src.pymortests.vectorarray" file="src/pymortests/vectorarray.py" line="528" name="test_pairwise_dot_self[2-&lt;lambda&gt;26]" time="0.1562662124633789"></testcase><testcase classname="src.pymortests.vectorarray" file="src/pymortests/vectorarray.py" line="546" name="test_dot[compatible_vector_array_pair0-&lt;lambda&gt;0]" time="0.003789186477661133"></testcase><testcase classname="src.pymortests.vectorarray" file="src/pymortests/vectorarray.py" line="546" name="test_dot[compatible_vector_array_pair0-&lt;lambda&gt;1]" time="0.0020542144775390625"></testcase><testcase classname="src.pymortests.vectorarray" file="src/pymortests/vectorarray.py" line="546" name="test_dot[compatible_vector_array_pair0-&lt;lambda&gt;2]" time="0.007321596145629883"></testcase><testcase classname="src.pymortests.vectorarray" file="src/pymortests/vectorarray.py" line="546" name="test_dot[compatible_vector_array_pair0-&lt;lambda&gt;3]" time="0.009383678436279297"></testcase><testcase classname="src.pymortests.vectorarray" file="src/pymortests/vectorarray.py" line="546" name="test_dot[compatible_vector_array_pair0-&lt;lambda&gt;4]" time="0.013848066329956055"></testcase><testcase classname="src.pymortests.vectorarray" file="src/pymortests/vectorarray.py" line="546" name="test_dot[compatible_vector_array_pair0-&lt;lambda&gt;5]" time="0.008540630340576172"></testcase><testcase classname="src.pymortests.vectorarray" file="src/pymortests/vectorarray.py" line="546" name="test_dot[compatible_vector_array_pair0-&lt;lambda&gt;6]" time="0.0027866363525390625"></testcase><testcase classname="src.pymortests.vectorarray" file="src/pymortests/vectorarray.py" line="546" name="test_dot[compatible_vector_array_pair0-&lt;lambda&gt;7]" time="0.0019838809967041016"></testcase><testcase classname="src.pymortests.vectorarray" file="src/pymortests/vectorarray.py" line="546" name="test_dot[compatible_vector_array_pair0-&lt;lambda&gt;8]" time="0.03246641159057617"></testcase><testcase classname="src.pymortests.vectorarray" file="src/pymortests/vectorarray.py" line="546" name="test_dot[compatible_vector_array_pair0-&lt;lambda&gt;9]" time="0.06394696235656738"></testcase><testcase classname="src.pymortests.vectorarray" file="src/pymortests/vectorarray.py" line="546" name="test_dot[compatible_vector_array_pair0-&lt;lambda&gt;10]" time="0.9501917362213135"></testcase><testcase classname="src.pymortests.vectorarray" file="src/pymortests/vectorarray.py" line="546" name="test_dot[compatible_vector_array_pair0-&lt;lambda&gt;11]" time="0.010866165161132812"></testcase><testcase classname="src.pymortests.vectorarray" file="src/pymortests/vectorarray.py" line="546" name="test_dot[compatible_vector_array_pair0-&lt;lambda&gt;12]" time="0.0059032440185546875"></testcase><testcase classname="src.pymortests.vectorarray" file="src/pymortests/vectorarray.py" line="546" name="test_dot[compatible_vector_array_pair0-&lt;lambda&gt;13]" time="0.0033986568450927734"></testcase><testcase classname="src.pymortests.vectorarray" file="src/pymortests/vectorarray.py" line="546" name="test_dot[compatible_vector_array_pair0-&lt;lambda&gt;14]" time="0.01051950454711914"></testcase><testcase classname="src.pymortests.vectorarray" file="src/pymortests/vectorarray.py" line="546" name="test_dot[compatible_vector_array_pair0-&lt;lambda&gt;15]" time="0.014914751052856445"></testcase><testcase classname="src.pymortests.vectorarray" file="src/pymortests/vectorarray.py" line="546" name="test_dot[compatible_vector_array_pair0-&lt;lambda&gt;16]" time="0.021231889724731445"></testcase><testcase classname="src.pymortests.vectorarray" file="src/pymortests/vectorarray.py" line="546" name="test_dot[compatible_vector_array_pair0-&lt;lambda&gt;17]" time="0.03232979774475098"></testcase><testcase classname="src.pymortests.vectorarray" file="src/pymortests/vectorarray.py" line="546" name="test_dot[compatible_vector_array_pair0-&lt;lambda&gt;18]" time="0.00845026969909668"></testcase><testcase classname="src.pymortests.vectorarray" file="src/pymortests/vectorarray.py" line="546" name="test_dot[compatible_vector_array_pair0-&lt;lambda&gt;19]" time="0.003439188003540039"></testcase><testcase classname="src.pymortests.vectorarray" file="src/pymortests/vectorarray.py" line="546" name="test_dot[compatible_vector_array_pair0-&lt;lambda&gt;20]" time="0.08304619789123535"></testcase><testcase classname="src.pymortests.vectorarray" file="src/pymortests/vectorarray.py" line="546" name="test_dot[compatible_vector_array_pair0-&lt;lambda&gt;21]" time="0.0708012580871582"></testcase><testcase classname="src.pymortests.vectorarray" file="src/pymortests/vectorarray.py" line="546" name="test_dot[compatible_vector_array_pair0-&lt;lambda&gt;22]" time="0.8229007720947266"></testcase><testcase classname="src.pymortests.vectorarray" file="src/pymortests/vectorarray.py" line="546" name="test_dot[compatible_vector_array_pair0-&lt;lambda&gt;23]" time="0.013616085052490234"></testcase><testcase classname="src.pymortests.vectorarray" file="src/pymortests/vectorarray.py" line="546" name="test_dot[compatible_vector_array_pair0-&lt;lambda&gt;24]" time="0.00414276123046875"></testcase><testcase classname="src.pymortests.vectorarray" file="src/pymortests/vectorarray.py" line="546" name="test_dot[compatible_vector_array_pair0-&lt;lambda&gt;25]" time="0.0030286312103271484"></testcase><testcase classname="src.pymortests.vectorarray" file="src/pymortests/vectorarray.py" line="546" name="test_dot[compatible_vector_array_pair0-&lt;lambda&gt;26]" time="0.04511070251464844"></testcase><testcase classname="src.pymortests.vectorarray" file="src/pymortests/vectorarray.py" line="546" name="test_dot[compatible_vector_array_pair0-&lt;lambda&gt;27]" time="0.07686638832092285"></testcase><testcase classname="src.pymortests.vectorarray" file="src/pymortests/vectorarray.py" line="546" name="test_dot[compatible_vector_array_pair0-&lt;lambda&gt;28]" time="0.6617138385772705"></testcase><testcase classname="src.pymortests.vectorarray" file="src/pymortests/vectorarray.py" line="546" name="test_dot[compatible_vector_array_pair0-&lt;lambda&gt;29]" time="0.013646602630615234"></testcase><testcase classname="src.pymortests.vectorarray" file="src/pymortests/vectorarray.py" line="546" name="test_dot[compatible_vector_array_pair1-&lt;lambda&gt;0]" time="0.004208803176879883"></testcase><testcase classname="src.pymortests.vectorarray" file="src/pymortests/vectorarray.py" line="546" name="test_dot[compatible_vector_array_pair1-&lt;lambda&gt;1]" time="0.002137899398803711"></testcase><testcase classname="src.pymortests.vectorarray" file="src/pymortests/vectorarray.py" line="546" name="test_dot[compatible_vector_array_pair1-&lt;lambda&gt;2]" time="0.0073261260986328125"></testcase><testcase classname="src.pymortests.vectorarray" file="src/pymortests/vectorarray.py" line="546" name="test_dot[compatible_vector_array_pair1-&lt;lambda&gt;3]" time="0.009466409683227539"></testcase><testcase classname="src.pymortests.vectorarray" file="src/pymortests/vectorarray.py" line="546" name="test_dot[compatible_vector_array_pair1-&lt;lambda&gt;4]" time="0.013921976089477539"></testcase><testcase classname="src.pymortests.vectorarray" file="src/pymortests/vectorarray.py" line="546" name="test_dot[compatible_vector_array_pair1-&lt;lambda&gt;5]" time="0.00854039192199707"></testcase><testcase classname="src.pymortests.vectorarray" file="src/pymortests/vectorarray.py" line="546" name="test_dot[compatible_vector_array_pair1-&lt;lambda&gt;6]" time="0.0028243064880371094"></testcase><testcase classname="src.pymortests.vectorarray" file="src/pymortests/vectorarray.py" line="546" name="test_dot[compatible_vector_array_pair1-&lt;lambda&gt;7]" time="0.0020079612731933594"></testcase><testcase classname="src.pymortests.vectorarray" file="src/pymortests/vectorarray.py" line="546" name="test_dot[compatible_vector_array_pair1-&lt;lambda&gt;8]" time="0.032280683517456055"></testcase><testcase classname="src.pymortests.vectorarray" file="src/pymortests/vectorarray.py" line="546" name="test_dot[compatible_vector_array_pair1-&lt;lambda&gt;9]" time="0.06422972679138184"></testcase><testcase classname="src.pymortests.vectorarray" file="src/pymortests/vectorarray.py" line="546" name="test_dot[compatible_vector_array_pair1-&lt;lambda&gt;10]" time="0.9477479457855225"></testcase><testcase classname="src.pymortests.vectorarray" file="src/pymortests/vectorarray.py" line="546" name="test_dot[compatible_vector_array_pair1-&lt;lambda&gt;11]" time="0.010707378387451172"></testcase><testcase classname="src.pymortests.vectorarray" file="src/pymortests/vectorarray.py" line="546" name="test_dot[compatible_vector_array_pair1-&lt;lambda&gt;12]" time="0.006139516830444336"></testcase><testcase classname="src.pymortests.vectorarray" file="src/pymortests/vectorarray.py" line="546" name="test_dot[compatible_vector_array_pair1-&lt;lambda&gt;13]" time="0.003449678421020508"></testcase><testcase classname="src.pymortests.vectorarray" file="src/pymortests/vectorarray.py" line="546" name="test_dot[compatible_vector_array_pair1-&lt;lambda&gt;14]" time="0.0101165771484375"></testcase><testcase classname="src.pymortests.vectorarray" file="src/pymortests/vectorarray.py" line="546" name="test_dot[compatible_vector_array_pair1-&lt;lambda&gt;15]" time="0.01473546028137207"></testcase><testcase classname="src.pymortests.vectorarray" file="src/pymortests/vectorarray.py" line="546" name="test_dot[compatible_vector_array_pair1-&lt;lambda&gt;16]" time="0.02128434181213379"></testcase><testcase classname="src.pymortests.vectorarray" file="src/pymortests/vectorarray.py" line="546" name="test_dot[compatible_vector_array_pair1-&lt;lambda&gt;17]" time="0.03296399116516113"></testcase><testcase classname="src.pymortests.vectorarray" file="src/pymortests/vectorarray.py" line="546" name="test_dot[compatible_vector_array_pair1-&lt;lambda&gt;18]" time="0.008441686630249023"></testcase><testcase classname="src.pymortests.vectorarray" file="src/pymortests/vectorarray.py" line="546" name="test_dot[compatible_vector_array_pair1-&lt;lambda&gt;19]" time="0.0033736228942871094"></testcase><testcase classname="src.pymortests.vectorarray" file="src/pymortests/vectorarray.py" line="546" name="test_dot[compatible_vector_array_pair1-&lt;lambda&gt;20]" time="0.08890175819396973"></testcase><testcase classname="src.pymortests.vectorarray" file="src/pymortests/vectorarray.py" line="546" name="test_dot[compatible_vector_array_pair1-&lt;lambda&gt;21]" time="0.06978869438171387"></testcase><testcase classname="src.pymortests.vectorarray" file="src/pymortests/vectorarray.py" line="546" name="test_dot[compatible_vector_array_pair1-&lt;lambda&gt;22]" time="0.8122024536132812"></testcase><testcase classname="src.pymortests.vectorarray" file="src/pymortests/vectorarray.py" line="546" name="test_dot[compatible_vector_array_pair1-&lt;lambda&gt;23]" time="0.013635396957397461"></testcase><testcase classname="src.pymortests.vectorarray" file="src/pymortests/vectorarray.py" line="546" name="test_dot[compatible_vector_array_pair1-&lt;lambda&gt;24]" time="0.004062175750732422"></testcase><testcase classname="src.pymortests.vectorarray" file="src/pymortests/vectorarray.py" line="546" name="test_dot[compatible_vector_array_pair1-&lt;lambda&gt;25]" time="0.0037832260131835938"></testcase><testcase classname="src.pymortests.vectorarray" file="src/pymortests/vectorarray.py" line="546" name="test_dot[compatible_vector_array_pair1-&lt;lambda&gt;26]" time="0.06393599510192871"></testcase><testcase classname="src.pymortests.vectorarray" file="src/pymortests/vectorarray.py" line="546" name="test_dot[compatible_vector_array_pair1-&lt;lambda&gt;27]" time="0.0786590576171875"></testcase><testcase classname="src.pymortests.vectorarray" file="src/pymortests/vectorarray.py" line="546" name="test_dot[compatible_vector_array_pair1-&lt;lambda&gt;28]" time="0.7185747623443604"></testcase><testcase classname="src.pymortests.vectorarray" file="src/pymortests/vectorarray.py" line="546" name="test_dot[compatible_vector_array_pair1-&lt;lambda&gt;29]" time="0.014689445495605469"></testcase><testcase classname="src.pymortests.vectorarray" file="src/pymortests/vectorarray.py" line="546" name="test_dot[compatible_vector_array_pair2-&lt;lambda&gt;0]" time="0.004225492477416992"></testcase><testcase classname="src.pymortests.vectorarray" file="src/pymortests/vectorarray.py" line="546" name="test_dot[compatible_vector_array_pair2-&lt;lambda&gt;1]" time="0.002124786376953125"></testcase><testcase classname="src.pymortests.vectorarray" file="src/pymortests/vectorarray.py" line="546" name="test_dot[compatible_vector_array_pair2-&lt;lambda&gt;2]" time="0.007082462310791016"></testcase><testcase classname="src.pymortests.vectorarray" file="src/pymortests/vectorarray.py" line="546" name="test_dot[compatible_vector_array_pair2-&lt;lambda&gt;3]" time="0.009396076202392578"></testcase><testcase classname="src.pymortests.vectorarray" file="src/pymortests/vectorarray.py" line="546" name="test_dot[compatible_vector_array_pair2-&lt;lambda&gt;4]" time="0.013702869415283203"></testcase><testcase classname="src.pymortests.vectorarray" file="src/pymortests/vectorarray.py" line="546" name="test_dot[compatible_vector_array_pair2-&lt;lambda&gt;5]" time="0.008643388748168945"></testcase><testcase classname="src.pymortests.vectorarray" file="src/pymortests/vectorarray.py" line="546" name="test_dot[compatible_vector_array_pair2-&lt;lambda&gt;6]" time="0.0028345584869384766"></testcase><testcase classname="src.pymortests.vectorarray" file="src/pymortests/vectorarray.py" line="546" name="test_dot[compatible_vector_array_pair2-&lt;lambda&gt;7]" time="0.0019969940185546875"></testcase><testcase classname="src.pymortests.vectorarray" file="src/pymortests/vectorarray.py" line="546" name="test_dot[compatible_vector_array_pair2-&lt;lambda&gt;8]" time="0.03244757652282715"></testcase><testcase classname="src.pymortests.vectorarray" file="src/pymortests/vectorarray.py" line="546" name="test_dot[compatible_vector_array_pair2-&lt;lambda&gt;9]" time="0.0645298957824707"></testcase><testcase classname="src.pymortests.vectorarray" file="src/pymortests/vectorarray.py" line="546" name="test_dot[compatible_vector_array_pair2-&lt;lambda&gt;10]" time="0.9466025829315186"></testcase><testcase classname="src.pymortests.vectorarray" file="src/pymortests/vectorarray.py" line="546" name="test_dot[compatible_vector_array_pair2-&lt;lambda&gt;11]" time="0.010821104049682617"></testcase><testcase classname="src.pymortests.vectorarray" file="src/pymortests/vectorarray.py" line="546" name="test_dot[compatible_vector_array_pair2-&lt;lambda&gt;12]" time="0.005991935729980469"></testcase><testcase classname="src.pymortests.vectorarray" file="src/pymortests/vectorarray.py" line="546" name="test_dot[compatible_vector_array_pair2-&lt;lambda&gt;13]" time="0.0035283565521240234"></testcase><testcase classname="src.pymortests.vectorarray" file="src/pymortests/vectorarray.py" line="546" name="test_dot[compatible_vector_array_pair2-&lt;lambda&gt;14]" time="0.010359525680541992"></testcase><testcase classname="src.pymortests.vectorarray" file="src/pymortests/vectorarray.py" line="546" name="test_dot[compatible_vector_array_pair2-&lt;lambda&gt;15]" time="0.014888286590576172"></testcase><testcase classname="src.pymortests.vectorarray" file="src/pymortests/vectorarray.py" line="546" name="test_dot[compatible_vector_array_pair2-&lt;lambda&gt;16]" time="0.021004199981689453"></testcase><testcase classname="src.pymortests.vectorarray" file="src/pymortests/vectorarray.py" line="546" name="test_dot[compatible_vector_array_pair2-&lt;lambda&gt;17]" time="0.03245091438293457"></testcase><testcase classname="src.pymortests.vectorarray" file="src/pymortests/vectorarray.py" line="546" name="test_dot[compatible_vector_array_pair2-&lt;lambda&gt;18]" time="0.00834512710571289"></testcase><testcase classname="src.pymortests.vectorarray" file="src/pymortests/vectorarray.py" line="546" name="test_dot[compatible_vector_array_pair2-&lt;lambda&gt;19]" time="0.0033833980560302734"></testcase><testcase classname="src.pymortests.vectorarray" file="src/pymortests/vectorarray.py" line="546" name="test_dot[compatible_vector_array_pair2-&lt;lambda&gt;20]" time="0.0843958854675293"></testcase><testcase classname="src.pymortests.vectorarray" file="src/pymortests/vectorarray.py" line="546" name="test_dot[compatible_vector_array_pair2-&lt;lambda&gt;21]" time="0.07167434692382812"></testcase><testcase classname="src.pymortests.vectorarray" file="src/pymortests/vectorarray.py" line="546" name="test_dot[compatible_vector_array_pair2-&lt;lambda&gt;22]" time="0.8195250034332275"></testcase><testcase classname="src.pymortests.vectorarray" file="src/pymortests/vectorarray.py" line="546" name="test_dot[compatible_vector_array_pair2-&lt;lambda&gt;23]" time="0.01366567611694336"></testcase><testcase classname="src.pymortests.vectorarray" file="src/pymortests/vectorarray.py" line="546" name="test_dot[compatible_vector_array_pair2-&lt;lambda&gt;24]" time="0.0041353702545166016"></testcase><testcase classname="src.pymortests.vectorarray" file="src/pymortests/vectorarray.py" line="546" name="test_dot[compatible_vector_array_pair2-&lt;lambda&gt;25]" time="0.0037305355072021484"></testcase><testcase classname="src.pymortests.vectorarray" file="src/pymortests/vectorarray.py" line="546" name="test_dot[compatible_vector_array_pair2-&lt;lambda&gt;26]" time="0.06361675262451172"></testcase><testcase classname="src.pymortests.vectorarray" file="src/pymortests/vectorarray.py" line="546" name="test_dot[compatible_vector_array_pair2-&lt;lambda&gt;27]" time="0.07819294929504395"></testcase><testcase classname="src.pymortests.vectorarray" file="src/pymortests/vectorarray.py" line="546" name="test_dot[compatible_vector_array_pair2-&lt;lambda&gt;28]" time="0.7176260948181152"></testcase><testcase classname="src.pymortests.vectorarray" file="src/pymortests/vectorarray.py" line="546" name="test_dot[compatible_vector_array_pair2-&lt;lambda&gt;29]" time="0.014656543731689453"></testcase><testcase classname="src.pymortests.vectorarray" file="src/pymortests/vectorarray.py" line="546" name="test_dot[compatible_vector_array_pair3-&lt;lambda&gt;0]" time="0.004265308380126953"></testcase><testcase classname="src.pymortests.vectorarray" file="src/pymortests/vectorarray.py" line="546" name="test_dot[compatible_vector_array_pair3-&lt;lambda&gt;1]" time="0.002080678939819336"></testcase><testcase classname="src.pymortests.vectorarray" file="src/pymortests/vectorarray.py" line="546" name="test_dot[compatible_vector_array_pair3-&lt;lambda&gt;2]" time="0.0072174072265625"></testcase><testcase classname="src.pymortests.vectorarray" file="src/pymortests/vectorarray.py" line="546" name="test_dot[compatible_vector_array_pair3-&lt;lambda&gt;3]" time="0.009401082992553711"></testcase><testcase classname="src.pymortests.vectorarray" file="src/pymortests/vectorarray.py" line="546" name="test_dot[compatible_vector_array_pair3-&lt;lambda&gt;4]" time="0.013774871826171875"></testcase><testcase classname="src.pymortests.vectorarray" file="src/pymortests/vectorarray.py" line="546" name="test_dot[compatible_vector_array_pair3-&lt;lambda&gt;5]" time="0.008516073226928711"></testcase><testcase classname="src.pymortests.vectorarray" file="src/pymortests/vectorarray.py" line="546" name="test_dot[compatible_vector_array_pair3-&lt;lambda&gt;6]" time="0.002767324447631836"></testcase><testcase classname="src.pymortests.vectorarray" file="src/pymortests/vectorarray.py" line="546" name="test_dot[compatible_vector_array_pair3-&lt;lambda&gt;7]" time="0.0020792484283447266"></testcase><testcase classname="src.pymortests.vectorarray" file="src/pymortests/vectorarray.py" line="546" name="test_dot[compatible_vector_array_pair3-&lt;lambda&gt;8]" time="0.032073020935058594"></testcase><testcase classname="src.pymortests.vectorarray" file="src/pymortests/vectorarray.py" line="546" name="test_dot[compatible_vector_array_pair3-&lt;lambda&gt;9]" time="0.06386876106262207"></testcase><testcase classname="src.pymortests.vectorarray" file="src/pymortests/vectorarray.py" line="546" name="test_dot[compatible_vector_array_pair3-&lt;lambda&gt;10]" time="0.9422295093536377"></testcase><testcase classname="src.pymortests.vectorarray" file="src/pymortests/vectorarray.py" line="546" name="test_dot[compatible_vector_array_pair3-&lt;lambda&gt;11]" time="0.010593652725219727"></testcase><testcase classname="src.pymortests.vectorarray" file="src/pymortests/vectorarray.py" line="546" name="test_dot[compatible_vector_array_pair3-&lt;lambda&gt;12]" time="0.005954742431640625"></testcase><testcase classname="src.pymortests.vectorarray" file="src/pymortests/vectorarray.py" line="546" name="test_dot[compatible_vector_array_pair3-&lt;lambda&gt;13]" time="0.0034401416778564453"></testcase><testcase classname="src.pymortests.vectorarray" file="src/pymortests/vectorarray.py" line="546" name="test_dot[compatible_vector_array_pair3-&lt;lambda&gt;14]" time="0.010028600692749023"></testcase><testcase classname="src.pymortests.vectorarray" file="src/pymortests/vectorarray.py" line="546" name="test_dot[compatible_vector_array_pair3-&lt;lambda&gt;15]" time="0.014947175979614258"></testcase><testcase classname="src.pymortests.vectorarray" file="src/pymortests/vectorarray.py" line="546" name="test_dot[compatible_vector_array_pair3-&lt;lambda&gt;16]" time="0.02090740203857422"></testcase><testcase classname="src.pymortests.vectorarray" file="src/pymortests/vectorarray.py" line="546" name="test_dot[compatible_vector_array_pair3-&lt;lambda&gt;17]" time="0.031964778900146484"></testcase><testcase classname="src.pymortests.vectorarray" file="src/pymortests/vectorarray.py" line="546" name="test_dot[compatible_vector_array_pair3-&lt;lambda&gt;18]" time="0.008373022079467773"></testcase><testcase classname="src.pymortests.vectorarray" file="src/pymortests/vectorarray.py" line="546" name="test_dot[compatible_vector_array_pair3-&lt;lambda&gt;19]" time="0.0032978057861328125"></testcase><testcase classname="src.pymortests.vectorarray" file="src/pymortests/vectorarray.py" line="546" name="test_dot[compatible_vector_array_pair3-&lt;lambda&gt;20]" time="0.08399724960327148"></testcase><testcase classname="src.pymortests.vectorarray" file="src/pymortests/vectorarray.py" line="546" name="test_dot[compatible_vector_array_pair3-&lt;lambda&gt;21]" time="0.06974411010742188"></testcase><testcase classname="src.pymortests.vectorarray" file="src/pymortests/vectorarray.py" line="546" name="test_dot[compatible_vector_array_pair3-&lt;lambda&gt;22]" time="0.8174171447753906"></testcase><testcase classname="src.pymortests.vectorarray" file="src/pymortests/vectorarray.py" line="546" name="test_dot[compatible_vector_array_pair3-&lt;lambda&gt;23]" time="0.013602972030639648"></testcase><testcase classname="src.pymortests.vectorarray" file="src/pymortests/vectorarray.py" line="546" name="test_dot[compatible_vector_array_pair3-&lt;lambda&gt;24]" time="0.004034280776977539"></testcase><testcase classname="src.pymortests.vectorarray" file="src/pymortests/vectorarray.py" line="546" name="test_dot[compatible_vector_array_pair3-&lt;lambda&gt;25]" time="0.003264904022216797"></testcase><testcase classname="src.pymortests.vectorarray" file="src/pymortests/vectorarray.py" line="546" name="test_dot[compatible_vector_array_pair3-&lt;lambda&gt;26]" time="0.04514312744140625"></testcase><testcase classname="src.pymortests.vectorarray" file="src/pymortests/vectorarray.py" line="546" name="test_dot[compatible_vector_array_pair3-&lt;lambda&gt;27]" time="0.0948488712310791"></testcase><testcase classname="src.pymortests.vectorarray" file="src/pymortests/vectorarray.py" line="546" name="test_dot[compatible_vector_array_pair3-&lt;lambda&gt;28]" time="0.7130520343780518"></testcase><testcase classname="src.pymortests.vectorarray" file="src/pymortests/vectorarray.py" line="546" name="test_dot[compatible_vector_array_pair3-&lt;lambda&gt;29]" time="0.014312267303466797"></testcase><testcase classname="src.pymortests.vectorarray" file="src/pymortests/vectorarray.py" line="546" name="test_dot[compatible_vector_array_pair4-&lt;lambda&gt;0]" time="0.004256010055541992"></testcase><testcase classname="src.pymortests.vectorarray" file="src/pymortests/vectorarray.py" line="546" name="test_dot[compatible_vector_array_pair4-&lt;lambda&gt;1]" time="0.0021457672119140625"></testcase><testcase classname="src.pymortests.vectorarray" file="src/pymortests/vectorarray.py" line="546" name="test_dot[compatible_vector_array_pair4-&lt;lambda&gt;2]" time="0.0072307586669921875"></testcase><testcase classname="src.pymortests.vectorarray" file="src/pymortests/vectorarray.py" line="546" name="test_dot[compatible_vector_array_pair4-&lt;lambda&gt;3]" time="0.009533405303955078"></testcase><testcase classname="src.pymortests.vectorarray" file="src/pymortests/vectorarray.py" line="546" name="test_dot[compatible_vector_array_pair4-&lt;lambda&gt;4]" time="0.013906002044677734"></testcase><testcase classname="src.pymortests.vectorarray" file="src/pymortests/vectorarray.py" line="546" name="test_dot[compatible_vector_array_pair4-&lt;lambda&gt;5]" time="0.00863337516784668"></testcase><testcase classname="src.pymortests.vectorarray" file="src/pymortests/vectorarray.py" line="546" name="test_dot[compatible_vector_array_pair4-&lt;lambda&gt;6]" time="0.0027892589569091797"></testcase><testcase classname="src.pymortests.vectorarray" file="src/pymortests/vectorarray.py" line="546" name="test_dot[compatible_vector_array_pair4-&lt;lambda&gt;7]" time="0.002016782760620117"></testcase><testcase classname="src.pymortests.vectorarray" file="src/pymortests/vectorarray.py" line="546" name="test_dot[compatible_vector_array_pair4-&lt;lambda&gt;8]" time="0.0326693058013916"></testcase><testcase classname="src.pymortests.vectorarray" file="src/pymortests/vectorarray.py" line="546" name="test_dot[compatible_vector_array_pair4-&lt;lambda&gt;9]" time="0.06454682350158691"></testcase><testcase classname="src.pymortests.vectorarray" file="src/pymortests/vectorarray.py" line="546" name="test_dot[compatible_vector_array_pair4-&lt;lambda&gt;10]" time="0.9409151077270508"></testcase><testcase classname="src.pymortests.vectorarray" file="src/pymortests/vectorarray.py" line="546" name="test_dot[compatible_vector_array_pair4-&lt;lambda&gt;11]" time="0.011036396026611328"></testcase><testcase classname="src.pymortests.vectorarray" file="src/pymortests/vectorarray.py" line="546" name="test_dot[compatible_vector_array_pair4-&lt;lambda&gt;12]" time="0.008221626281738281"></testcase><testcase classname="src.pymortests.vectorarray" file="src/pymortests/vectorarray.py" line="546" name="test_dot[compatible_vector_array_pair4-&lt;lambda&gt;13]" time="0.003515481948852539"></testcase><testcase classname="src.pymortests.vectorarray" file="src/pymortests/vectorarray.py" line="546" name="test_dot[compatible_vector_array_pair4-&lt;lambda&gt;14]" time="0.010268926620483398"></testcase><testcase classname="src.pymortests.vectorarray" file="src/pymortests/vectorarray.py" line="546" name="test_dot[compatible_vector_array_pair4-&lt;lambda&gt;15]" time="0.015111923217773438"></testcase><testcase classname="src.pymortests.vectorarray" file="src/pymortests/vectorarray.py" line="546" name="test_dot[compatible_vector_array_pair4-&lt;lambda&gt;16]" time="0.02138519287109375"></testcase><testcase classname="src.pymortests.vectorarray" file="src/pymortests/vectorarray.py" line="546" name="test_dot[compatible_vector_array_pair4-&lt;lambda&gt;17]" time="0.03210282325744629"></testcase><testcase classname="src.pymortests.vectorarray" file="src/pymortests/vectorarray.py" line="546" name="test_dot[compatible_vector_array_pair4-&lt;lambda&gt;18]" time="0.008360624313354492"></testcase><testcase classname="src.pymortests.vectorarray" file="src/pymortests/vectorarray.py" line="546" name="test_dot[compatible_vector_array_pair4-&lt;lambda&gt;19]" time="0.003376007080078125"></testcase><testcase classname="src.pymortests.vectorarray" file="src/pymortests/vectorarray.py" line="546" name="test_dot[compatible_vector_array_pair4-&lt;lambda&gt;20]" time="0.08362054824829102"></testcase><testcase classname="src.pymortests.vectorarray" file="src/pymortests/vectorarray.py" line="546" name="test_dot[compatible_vector_array_pair4-&lt;lambda&gt;21]" time="0.07039380073547363"></testcase><testcase classname="src.pymortests.vectorarray" file="src/pymortests/vectorarray.py" line="546" name="test_dot[compatible_vector_array_pair4-&lt;lambda&gt;22]" time="0.8181824684143066"></testcase><testcase classname="src.pymortests.vectorarray" file="src/pymortests/vectorarray.py" line="546" name="test_dot[compatible_vector_array_pair4-&lt;lambda&gt;23]" time="0.013738393783569336"></testcase><testcase classname="src.pymortests.vectorarray" file="src/pymortests/vectorarray.py" line="546" name="test_dot[compatible_vector_array_pair4-&lt;lambda&gt;24]" time="0.004201173782348633"></testcase><testcase classname="src.pymortests.vectorarray" file="src/pymortests/vectorarray.py" line="546" name="test_dot[compatible_vector_array_pair4-&lt;lambda&gt;25]" time="0.003740072250366211"></testcase><testcase classname="src.pymortests.vectorarray" file="src/pymortests/vectorarray.py" line="546" name="test_dot[compatible_vector_array_pair4-&lt;lambda&gt;26]" time="0.06398248672485352"></testcase><testcase classname="src.pymortests.vectorarray" file="src/pymortests/vectorarray.py" line="546" name="test_dot[compatible_vector_array_pair4-&lt;lambda&gt;27]" time="0.10018014907836914"></testcase><testcase classname="src.pymortests.vectorarray" file="src/pymortests/vectorarray.py" line="546" name="test_dot[compatible_vector_array_pair4-&lt;lambda&gt;28]" time="0.7698225975036621"></testcase><testcase classname="src.pymortests.vectorarray" file="src/pymortests/vectorarray.py" line="546" name="test_dot[compatible_vector_array_pair4-&lt;lambda&gt;29]" time="0.015275716781616211"></testcase><testcase classname="src.pymortests.vectorarray" file="src/pymortests/vectorarray.py" line="546" name="test_dot[compatible_vector_array_pair5-&lt;lambda&gt;0]" time="0.004102230072021484"></testcase><testcase classname="src.pymortests.vectorarray" file="src/pymortests/vectorarray.py" line="546" name="test_dot[compatible_vector_array_pair5-&lt;lambda&gt;1]" time="0.0020449161529541016"></testcase><testcase classname="src.pymortests.vectorarray" file="src/pymortests/vectorarray.py" line="546" name="test_dot[compatible_vector_array_pair5-&lt;lambda&gt;2]" time="0.0071222782135009766"></testcase><testcase classname="src.pymortests.vectorarray" file="src/pymortests/vectorarray.py" line="546" name="test_dot[compatible_vector_array_pair5-&lt;lambda&gt;3]" time="0.009273290634155273"></testcase><testcase classname="src.pymortests.vectorarray" file="src/pymortests/vectorarray.py" line="546" name="test_dot[compatible_vector_array_pair5-&lt;lambda&gt;4]" time="0.013756752014160156"></testcase><testcase classname="src.pymortests.vectorarray" file="src/pymortests/vectorarray.py" line="546" name="test_dot[compatible_vector_array_pair5-&lt;lambda&gt;5]" time="0.008388996124267578"></testcase><testcase classname="src.pymortests.vectorarray" file="src/pymortests/vectorarray.py" line="546" name="test_dot[compatible_vector_array_pair5-&lt;lambda&gt;6]" time="0.0026781558990478516"></testcase><testcase classname="src.pymortests.vectorarray" file="src/pymortests/vectorarray.py" line="546" name="test_dot[compatible_vector_array_pair5-&lt;lambda&gt;7]" time="0.0019292831420898438"></testcase><testcase classname="src.pymortests.vectorarray" file="src/pymortests/vectorarray.py" line="546" name="test_dot[compatible_vector_array_pair5-&lt;lambda&gt;8]" time="0.03202342987060547"></testcase><testcase classname="src.pymortests.vectorarray" file="src/pymortests/vectorarray.py" line="546" name="test_dot[compatible_vector_array_pair5-&lt;lambda&gt;9]" time="0.06408357620239258"></testcase><testcase classname="src.pymortests.vectorarray" file="src/pymortests/vectorarray.py" line="546" name="test_dot[compatible_vector_array_pair5-&lt;lambda&gt;10]" time="0.9417870044708252"></testcase><testcase classname="src.pymortests.vectorarray" file="src/pymortests/vectorarray.py" line="546" name="test_dot[compatible_vector_array_pair5-&lt;lambda&gt;11]" time="0.010787010192871094"></testcase><testcase classname="src.pymortests.vectorarray" file="src/pymortests/vectorarray.py" line="546" name="test_dot[compatible_vector_array_pair5-&lt;lambda&gt;12]" time="0.0063152313232421875"></testcase><testcase classname="src.pymortests.vectorarray" file="src/pymortests/vectorarray.py" line="546" name="test_dot[compatible_vector_array_pair5-&lt;lambda&gt;13]" time="0.0035011768341064453"></testcase><testcase classname="src.pymortests.vectorarray" file="src/pymortests/vectorarray.py" line="546" name="test_dot[compatible_vector_array_pair5-&lt;lambda&gt;14]" time="0.010079145431518555"></testcase><testcase classname="src.pymortests.vectorarray" file="src/pymortests/vectorarray.py" line="546" name="test_dot[compatible_vector_array_pair5-&lt;lambda&gt;15]" time="0.014734506607055664"></testcase><testcase classname="src.pymortests.vectorarray" file="src/pymortests/vectorarray.py" line="546" name="test_dot[compatible_vector_array_pair5-&lt;lambda&gt;16]" time="0.021128416061401367"></testcase><testcase classname="src.pymortests.vectorarray" file="src/pymortests/vectorarray.py" line="546" name="test_dot[compatible_vector_array_pair5-&lt;lambda&gt;17]" time="0.03214216232299805"></testcase><testcase classname="src.pymortests.vectorarray" file="src/pymortests/vectorarray.py" line="546" name="test_dot[compatible_vector_array_pair5-&lt;lambda&gt;18]" time="0.008461713790893555"></testcase><testcase classname="src.pymortests.vectorarray" file="src/pymortests/vectorarray.py" line="546" name="test_dot[compatible_vector_array_pair5-&lt;lambda&gt;19]" time="0.0043604373931884766"></testcase><testcase classname="src.pymortests.vectorarray" file="src/pymortests/vectorarray.py" line="546" name="test_dot[compatible_vector_array_pair5-&lt;lambda&gt;20]" time="0.08485102653503418"></testcase><testcase classname="src.pymortests.vectorarray" file="src/pymortests/vectorarray.py" line="546" name="test_dot[compatible_vector_array_pair5-&lt;lambda&gt;21]" time="0.06950592994689941"></testcase><testcase classname="src.pymortests.vectorarray" file="src/pymortests/vectorarray.py" line="546" name="test_dot[compatible_vector_array_pair5-&lt;lambda&gt;22]" time="0.8184812068939209"></testcase><testcase classname="src.pymortests.vectorarray" file="src/pymortests/vectorarray.py" line="546" name="test_dot[compatible_vector_array_pair5-&lt;lambda&gt;23]" time="0.013710975646972656"></testcase><testcase classname="src.pymortests.vectorarray" file="src/pymortests/vectorarray.py" line="546" name="test_dot[compatible_vector_array_pair5-&lt;lambda&gt;24]" time="0.0041544437408447266"></testcase><testcase classname="src.pymortests.vectorarray" file="src/pymortests/vectorarray.py" line="546" name="test_dot[compatible_vector_array_pair5-&lt;lambda&gt;25]" time="0.0036301612854003906"></testcase><testcase classname="src.pymortests.vectorarray" file="src/pymortests/vectorarray.py" line="546" name="test_dot[compatible_vector_array_pair5-&lt;lambda&gt;26]" time="0.06400799751281738"></testcase><testcase classname="src.pymortests.vectorarray" file="src/pymortests/vectorarray.py" line="546" name="test_dot[compatible_vector_array_pair5-&lt;lambda&gt;27]" time="0.10016751289367676"></testcase><testcase classname="src.pymortests.vectorarray" file="src/pymortests/vectorarray.py" line="546" name="test_dot[compatible_vector_array_pair5-&lt;lambda&gt;28]" time="0.7713894844055176"></testcase><testcase classname="src.pymortests.vectorarray" file="src/pymortests/vectorarray.py" line="546" name="test_dot[compatible_vector_array_pair5-&lt;lambda&gt;29]" time="0.015556097030639648"></testcase><testcase classname="src.pymortests.vectorarray" file="src/pymortests/vectorarray.py" line="546" name="test_dot[compatible_vector_array_pair6-&lt;lambda&gt;0]" time="0.004160881042480469"></testcase><testcase classname="src.pymortests.vectorarray" file="src/pymortests/vectorarray.py" line="546" name="test_dot[compatible_vector_array_pair6-&lt;lambda&gt;1]" time="0.0021104812622070312"></testcase><testcase classname="src.pymortests.vectorarray" file="src/pymortests/vectorarray.py" line="546" name="test_dot[compatible_vector_array_pair6-&lt;lambda&gt;2]" time="0.007199525833129883"></testcase><testcase classname="src.pymortests.vectorarray" file="src/pymortests/vectorarray.py" line="546" name="test_dot[compatible_vector_array_pair6-&lt;lambda&gt;3]" time="0.009302377700805664"></testcase><testcase classname="src.pymortests.vectorarray" file="src/pymortests/vectorarray.py" line="546" name="test_dot[compatible_vector_array_pair6-&lt;lambda&gt;4]" time="0.013795614242553711"></testcase><testcase classname="src.pymortests.vectorarray" file="src/pymortests/vectorarray.py" line="546" name="test_dot[compatible_vector_array_pair6-&lt;lambda&gt;5]" time="0.008530855178833008"></testcase><testcase classname="src.pymortests.vectorarray" file="src/pymortests/vectorarray.py" line="546" name="test_dot[compatible_vector_array_pair6-&lt;lambda&gt;6]" time="0.002752065658569336"></testcase><testcase classname="src.pymortests.vectorarray" file="src/pymortests/vectorarray.py" line="546" name="test_dot[compatible_vector_array_pair6-&lt;lambda&gt;7]" time="0.0019502639770507812"></testcase><testcase classname="src.pymortests.vectorarray" file="src/pymortests/vectorarray.py" line="546" name="test_dot[compatible_vector_array_pair6-&lt;lambda&gt;8]" time="0.032697200775146484"></testcase><testcase classname="src.pymortests.vectorarray" file="src/pymortests/vectorarray.py" line="546" name="test_dot[compatible_vector_array_pair6-&lt;lambda&gt;9]" time="0.06440019607543945"></testcase><testcase classname="src.pymortests.vectorarray" file="src/pymortests/vectorarray.py" line="546" name="test_dot[compatible_vector_array_pair6-&lt;lambda&gt;10]" time="0.9384040832519531"></testcase><testcase classname="src.pymortests.vectorarray" file="src/pymortests/vectorarray.py" line="546" name="test_dot[compatible_vector_array_pair6-&lt;lambda&gt;11]" time="0.010858297348022461"></testcase><testcase classname="src.pymortests.vectorarray" file="src/pymortests/vectorarray.py" line="546" name="test_dot[compatible_vector_array_pair6-&lt;lambda&gt;12]" time="0.006045341491699219"></testcase><testcase classname="src.pymortests.vectorarray" file="src/pymortests/vectorarray.py" line="546" name="test_dot[compatible_vector_array_pair6-&lt;lambda&gt;13]" time="0.0033643245697021484"></testcase><testcase classname="src.pymortests.vectorarray" file="src/pymortests/vectorarray.py" line="546" name="test_dot[compatible_vector_array_pair6-&lt;lambda&gt;14]" time="0.010071516036987305"></testcase><testcase classname="src.pymortests.vectorarray" file="src/pymortests/vectorarray.py" line="546" name="test_dot[compatible_vector_array_pair6-&lt;lambda&gt;15]" time="0.014806032180786133"></testcase><testcase classname="src.pymortests.vectorarray" file="src/pymortests/vectorarray.py" line="546" name="test_dot[compatible_vector_array_pair6-&lt;lambda&gt;16]" time="0.021066904067993164"></testcase><testcase classname="src.pymortests.vectorarray" file="src/pymortests/vectorarray.py" line="546" name="test_dot[compatible_vector_array_pair6-&lt;lambda&gt;17]" time="0.032248735427856445"></testcase><testcase classname="src.pymortests.vectorarray" file="src/pymortests/vectorarray.py" line="546" name="test_dot[compatible_vector_array_pair6-&lt;lambda&gt;18]" time="0.00870656967163086"></testcase><testcase classname="src.pymortests.vectorarray" file="src/pymortests/vectorarray.py" line="546" name="test_dot[compatible_vector_array_pair6-&lt;lambda&gt;19]" time="0.00442814826965332"></testcase><testcase classname="src.pymortests.vectorarray" file="src/pymortests/vectorarray.py" line="546" name="test_dot[compatible_vector_array_pair6-&lt;lambda&gt;20]" time="0.08524346351623535"></testcase><testcase classname="src.pymortests.vectorarray" file="src/pymortests/vectorarray.py" line="546" name="test_dot[compatible_vector_array_pair6-&lt;lambda&gt;21]" time="0.07073616981506348"></testcase><testcase classname="src.pymortests.vectorarray" file="src/pymortests/vectorarray.py" line="546" name="test_dot[compatible_vector_array_pair6-&lt;lambda&gt;22]" time="0.8217766284942627"></testcase><testcase classname="src.pymortests.vectorarray" file="src/pymortests/vectorarray.py" line="546" name="test_dot[compatible_vector_array_pair6-&lt;lambda&gt;23]" time="0.013685941696166992"></testcase><testcase classname="src.pymortests.vectorarray" file="src/pymortests/vectorarray.py" line="546" name="test_dot[compatible_vector_array_pair6-&lt;lambda&gt;24]" time="0.0040683746337890625"></testcase><testcase classname="src.pymortests.vectorarray" file="src/pymortests/vectorarray.py" line="546" name="test_dot[compatible_vector_array_pair6-&lt;lambda&gt;25]" time="0.002964019775390625"></testcase><testcase classname="src.pymortests.vectorarray" file="src/pymortests/vectorarray.py" line="546" name="test_dot[compatible_vector_array_pair6-&lt;lambda&gt;26]" time="0.04541206359863281"></testcase><testcase classname="src.pymortests.vectorarray" file="src/pymortests/vectorarray.py" line="546" name="test_dot[compatible_vector_array_pair6-&lt;lambda&gt;27]" time="0.10237431526184082"></testcase><testcase classname="src.pymortests.vectorarray" file="src/pymortests/vectorarray.py" line="546" name="test_dot[compatible_vector_array_pair6-&lt;lambda&gt;28]" time="0.7155919075012207"></testcase><testcase classname="src.pymortests.vectorarray" file="src/pymortests/vectorarray.py" line="546" name="test_dot[compatible_vector_array_pair6-&lt;lambda&gt;29]" time="0.014522790908813477"></testcase><testcase classname="src.pymortests.vectorarray" file="src/pymortests/vectorarray.py" line="546" name="test_dot[compatible_vector_array_pair7-&lt;lambda&gt;0]" time="0.004309177398681641"></testcase><testcase classname="src.pymortests.vectorarray" file="src/pymortests/vectorarray.py" line="546" name="test_dot[compatible_vector_array_pair7-&lt;lambda&gt;1]" time="0.0021295547485351562"></testcase><testcase classname="src.pymortests.vectorarray" file="src/pymortests/vectorarray.py" line="546" name="test_dot[compatible_vector_array_pair7-&lt;lambda&gt;2]" time="0.007100582122802734"></testcase><testcase classname="src.pymortests.vectorarray" file="src/pymortests/vectorarray.py" line="546" name="test_dot[compatible_vector_array_pair7-&lt;lambda&gt;3]" time="0.009227752685546875"></testcase><testcase classname="src.pymortests.vectorarray" file="src/pymortests/vectorarray.py" line="546" name="test_dot[compatible_vector_array_pair7-&lt;lambda&gt;4]" time="0.01367950439453125"></testcase><testcase classname="src.pymortests.vectorarray" file="src/pymortests/vectorarray.py" line="546" name="test_dot[compatible_vector_array_pair7-&lt;lambda&gt;5]" time="0.008563995361328125"></testcase><testcase classname="src.pymortests.vectorarray" file="src/pymortests/vectorarray.py" line="546" name="test_dot[compatible_vector_array_pair7-&lt;lambda&gt;6]" time="0.0027513504028320312"></testcase><testcase classname="src.pymortests.vectorarray" file="src/pymortests/vectorarray.py" line="546" name="test_dot[compatible_vector_array_pair7-&lt;lambda&gt;7]" time="0.0020155906677246094"></testcase><testcase classname="src.pymortests.vectorarray" file="src/pymortests/vectorarray.py" line="546" name="test_dot[compatible_vector_array_pair7-&lt;lambda&gt;8]" time="0.03246879577636719"></testcase><testcase classname="src.pymortests.vectorarray" file="src/pymortests/vectorarray.py" line="546" name="test_dot[compatible_vector_array_pair7-&lt;lambda&gt;9]" time="0.06423044204711914"></testcase><testcase classname="src.pymortests.vectorarray" file="src/pymortests/vectorarray.py" line="546" name="test_dot[compatible_vector_array_pair7-&lt;lambda&gt;10]" time="0.943695068359375"></testcase><testcase classname="src.pymortests.vectorarray" file="src/pymortests/vectorarray.py" line="546" name="test_dot[compatible_vector_array_pair7-&lt;lambda&gt;11]" time="0.01081991195678711"></testcase><testcase classname="src.pymortests.vectorarray" file="src/pymortests/vectorarray.py" line="546" name="test_dot[compatible_vector_array_pair7-&lt;lambda&gt;12]" time="0.00609588623046875"></testcase><testcase classname="src.pymortests.vectorarray" file="src/pymortests/vectorarray.py" line="546" name="test_dot[compatible_vector_array_pair7-&lt;lambda&gt;13]" time="0.0034546852111816406"></testcase><testcase classname="src.pymortests.vectorarray" file="src/pymortests/vectorarray.py" line="546" name="test_dot[compatible_vector_array_pair7-&lt;lambda&gt;14]" time="0.010403633117675781"></testcase><testcase classname="src.pymortests.vectorarray" file="src/pymortests/vectorarray.py" line="546" name="test_dot[compatible_vector_array_pair7-&lt;lambda&gt;15]" time="0.015117645263671875"></testcase><testcase classname="src.pymortests.vectorarray" file="src/pymortests/vectorarray.py" line="546" name="test_dot[compatible_vector_array_pair7-&lt;lambda&gt;16]" time="0.020814895629882812"></testcase><testcase classname="src.pymortests.vectorarray" file="src/pymortests/vectorarray.py" line="546" name="test_dot[compatible_vector_array_pair7-&lt;lambda&gt;17]" time="0.03235626220703125"></testcase><testcase classname="src.pymortests.vectorarray" file="src/pymortests/vectorarray.py" line="546" name="test_dot[compatible_vector_array_pair7-&lt;lambda&gt;18]" time="0.008517742156982422"></testcase><testcase classname="src.pymortests.vectorarray" file="src/pymortests/vectorarray.py" line="546" name="test_dot[compatible_vector_array_pair7-&lt;lambda&gt;19]" time="0.0042836666107177734"></testcase><testcase classname="src.pymortests.vectorarray" file="src/pymortests/vectorarray.py" line="546" name="test_dot[compatible_vector_array_pair7-&lt;lambda&gt;20]" time="0.08263301849365234"></testcase><testcase classname="src.pymortests.vectorarray" file="src/pymortests/vectorarray.py" line="546" name="test_dot[compatible_vector_array_pair7-&lt;lambda&gt;21]" time="0.06983256340026855"></testcase><testcase classname="src.pymortests.vectorarray" file="src/pymortests/vectorarray.py" line="546" name="test_dot[compatible_vector_array_pair7-&lt;lambda&gt;22]" time="0.8177056312561035"></testcase><testcase classname="src.pymortests.vectorarray" file="src/pymortests/vectorarray.py" line="546" name="test_dot[compatible_vector_array_pair7-&lt;lambda&gt;23]" time="0.013895988464355469"></testcase><testcase classname="src.pymortests.vectorarray" file="src/pymortests/vectorarray.py" line="546" name="test_dot[compatible_vector_array_pair7-&lt;lambda&gt;24]" time="0.004235267639160156"></testcase><testcase classname="src.pymortests.vectorarray" file="src/pymortests/vectorarray.py" line="546" name="test_dot[compatible_vector_array_pair7-&lt;lambda&gt;25]" time="0.003751993179321289"></testcase><testcase classname="src.pymortests.vectorarray" file="src/pymortests/vectorarray.py" line="546" name="test_dot[compatible_vector_array_pair7-&lt;lambda&gt;26]" time="0.06434416770935059"></testcase><testcase classname="src.pymortests.vectorarray" file="src/pymortests/vectorarray.py" line="546" name="test_dot[compatible_vector_array_pair7-&lt;lambda&gt;27]" time="0.09987473487854004"></testcase><testcase classname="src.pymortests.vectorarray" file="src/pymortests/vectorarray.py" line="546" name="test_dot[compatible_vector_array_pair7-&lt;lambda&gt;28]" time="0.7674756050109863"></testcase><testcase classname="src.pymortests.vectorarray" file="src/pymortests/vectorarray.py" line="546" name="test_dot[compatible_vector_array_pair7-&lt;lambda&gt;29]" time="0.01581883430480957"></testcase><testcase classname="src.pymortests.vectorarray" file="src/pymortests/vectorarray.py" line="546" name="test_dot[compatible_vector_array_pair8-&lt;lambda&gt;0]" time="0.004142045974731445"></testcase><testcase classname="src.pymortests.vectorarray" file="src/pymortests/vectorarray.py" line="546" name="test_dot[compatible_vector_array_pair8-&lt;lambda&gt;1]" time="0.002278566360473633"></testcase><testcase classname="src.pymortests.vectorarray" file="src/pymortests/vectorarray.py" line="546" name="test_dot[compatible_vector_array_pair8-&lt;lambda&gt;2]" time="0.007208347320556641"></testcase><testcase classname="src.pymortests.vectorarray" file="src/pymortests/vectorarray.py" line="546" name="test_dot[compatible_vector_array_pair8-&lt;lambda&gt;3]" time="0.00939178466796875"></testcase><testcase classname="src.pymortests.vectorarray" file="src/pymortests/vectorarray.py" line="546" name="test_dot[compatible_vector_array_pair8-&lt;lambda&gt;4]" time="0.013900995254516602"></testcase><testcase classname="src.pymortests.vectorarray" file="src/pymortests/vectorarray.py" line="546" name="test_dot[compatible_vector_array_pair8-&lt;lambda&gt;5]" time="0.008566141128540039"></testcase><testcase classname="src.pymortests.vectorarray" file="src/pymortests/vectorarray.py" line="546" name="test_dot[compatible_vector_array_pair8-&lt;lambda&gt;6]" time="0.0029931068420410156"></testcase><testcase classname="src.pymortests.vectorarray" file="src/pymortests/vectorarray.py" line="546" name="test_dot[compatible_vector_array_pair8-&lt;lambda&gt;7]" time="0.0020186901092529297"></testcase><testcase classname="src.pymortests.vectorarray" file="src/pymortests/vectorarray.py" line="546" name="test_dot[compatible_vector_array_pair8-&lt;lambda&gt;8]" time="0.033234596252441406"></testcase><testcase classname="src.pymortests.vectorarray" file="src/pymortests/vectorarray.py" line="546" name="test_dot[compatible_vector_array_pair8-&lt;lambda&gt;9]" time="0.06485462188720703"></testcase><testcase classname="src.pymortests.vectorarray" file="src/pymortests/vectorarray.py" line="546" name="test_dot[compatible_vector_array_pair8-&lt;lambda&gt;10]" time="0.9388942718505859"></testcase><testcase classname="src.pymortests.vectorarray" file="src/pymortests/vectorarray.py" line="546" name="test_dot[compatible_vector_array_pair8-&lt;lambda&gt;11]" time="0.011201620101928711"></testcase><testcase classname="src.pymortests.vectorarray" file="src/pymortests/vectorarray.py" line="546" name="test_dot[compatible_vector_array_pair8-&lt;lambda&gt;12]" time="0.006228923797607422"></testcase><testcase classname="src.pymortests.vectorarray" file="src/pymortests/vectorarray.py" line="546" name="test_dot[compatible_vector_array_pair8-&lt;lambda&gt;13]" time="0.003566265106201172"></testcase><testcase classname="src.pymortests.vectorarray" file="src/pymortests/vectorarray.py" line="546" name="test_dot[compatible_vector_array_pair8-&lt;lambda&gt;14]" time="0.01025533676147461"></testcase><testcase classname="src.pymortests.vectorarray" file="src/pymortests/vectorarray.py" line="546" name="test_dot[compatible_vector_array_pair8-&lt;lambda&gt;15]" time="0.015110969543457031"></testcase><testcase classname="src.pymortests.vectorarray" file="src/pymortests/vectorarray.py" line="546" name="test_dot[compatible_vector_array_pair8-&lt;lambda&gt;16]" time="0.021335363388061523"></testcase><testcase classname="src.pymortests.vectorarray" file="src/pymortests/vectorarray.py" line="546" name="test_dot[compatible_vector_array_pair8-&lt;lambda&gt;17]" time="0.03240156173706055"></testcase><testcase classname="src.pymortests.vectorarray" file="src/pymortests/vectorarray.py" line="546" name="test_dot[compatible_vector_array_pair8-&lt;lambda&gt;18]" time="0.008599519729614258"></testcase><testcase classname="src.pymortests.vectorarray" file="src/pymortests/vectorarray.py" line="546" name="test_dot[compatible_vector_array_pair8-&lt;lambda&gt;19]" time="0.0044460296630859375"></testcase><testcase classname="src.pymortests.vectorarray" file="src/pymortests/vectorarray.py" line="546" name="test_dot[compatible_vector_array_pair8-&lt;lambda&gt;20]" time="0.08900666236877441"></testcase><testcase classname="src.pymortests.vectorarray" file="src/pymortests/vectorarray.py" line="546" name="test_dot[compatible_vector_array_pair8-&lt;lambda&gt;21]" time="0.07073402404785156"></testcase><testcase classname="src.pymortests.vectorarray" file="src/pymortests/vectorarray.py" line="546" name="test_dot[compatible_vector_array_pair8-&lt;lambda&gt;22]" time="0.8189923763275146"></testcase><testcase classname="src.pymortests.vectorarray" file="src/pymortests/vectorarray.py" line="546" name="test_dot[compatible_vector_array_pair8-&lt;lambda&gt;23]" time="0.014007568359375"></testcase><testcase classname="src.pymortests.vectorarray" file="src/pymortests/vectorarray.py" line="546" name="test_dot[compatible_vector_array_pair8-&lt;lambda&gt;24]" time="0.00406956672668457"></testcase><testcase classname="src.pymortests.vectorarray" file="src/pymortests/vectorarray.py" line="546" name="test_dot[compatible_vector_array_pair8-&lt;lambda&gt;25]" time="0.003765583038330078"></testcase><testcase classname="src.pymortests.vectorarray" file="src/pymortests/vectorarray.py" line="546" name="test_dot[compatible_vector_array_pair8-&lt;lambda&gt;26]" time="0.06416130065917969"></testcase><testcase classname="src.pymortests.vectorarray" file="src/pymortests/vectorarray.py" line="546" name="test_dot[compatible_vector_array_pair8-&lt;lambda&gt;27]" time="0.09996342658996582"></testcase><testcase classname="src.pymortests.vectorarray" file="src/pymortests/vectorarray.py" line="546" name="test_dot[compatible_vector_array_pair8-&lt;lambda&gt;28]" time="0.7696435451507568"></testcase><testcase classname="src.pymortests.vectorarray" file="src/pymortests/vectorarray.py" line="546" name="test_dot[compatible_vector_array_pair8-&lt;lambda&gt;29]" time="0.01602768898010254"></testcase><testcase classname="src.pymortests.vectorarray" file="src/pymortests/vectorarray.py" line="561" name="test_dot_self[0-&lt;lambda&gt;0]" time="0.005015373229980469"></testcase><testcase classname="src.pymortests.vectorarray" file="src/pymortests/vectorarray.py" line="561" name="test_dot_self[0-&lt;lambda&gt;1]" time="0.003882169723510742"></testcase><testcase classname="src.pymortests.vectorarray" file="src/pymortests/vectorarray.py" line="561" name="test_dot_self[0-&lt;lambda&gt;2]" time="0.0072803497314453125"></testcase><testcase classname="src.pymortests.vectorarray" file="src/pymortests/vectorarray.py" line="561" name="test_dot_self[0-&lt;lambda&gt;3]" time="0.014806270599365234"></testcase><testcase classname="src.pymortests.vectorarray" file="src/pymortests/vectorarray.py" line="561" name="test_dot_self[0-&lt;lambda&gt;4]" time="0.017956256866455078"></testcase><testcase classname="src.pymortests.vectorarray" file="src/pymortests/vectorarray.py" line="561" name="test_dot_self[0-&lt;lambda&gt;5]" time="0.004716634750366211"></testcase><testcase classname="src.pymortests.vectorarray" file="src/pymortests/vectorarray.py" line="561" name="test_dot_self[0-&lt;lambda&gt;6]" time="0.0035407543182373047"></testcase><testcase classname="src.pymortests.vectorarray" file="src/pymortests/vectorarray.py" line="561" name="test_dot_self[0-&lt;lambda&gt;7]" time="0.0158231258392334"></testcase><testcase classname="src.pymortests.vectorarray" file="src/pymortests/vectorarray.py" line="561" name="test_dot_self[0-&lt;lambda&gt;8]" time="0.42432522773742676"></testcase><testcase classname="src.pymortests.vectorarray" file="src/pymortests/vectorarray.py" line="561" name="test_dot_self[0-&lt;lambda&gt;9]" time="2.2099735736846924"></testcase><testcase classname="src.pymortests.vectorarray" file="src/pymortests/vectorarray.py" line="561" name="test_dot_self[0-&lt;lambda&gt;10]" time="0.007463693618774414"></testcase><testcase classname="src.pymortests.vectorarray" file="src/pymortests/vectorarray.py" line="561" name="test_dot_self[0-&lt;lambda&gt;11]" time="0.017949342727661133"></testcase><testcase classname="src.pymortests.vectorarray" file="src/pymortests/vectorarray.py" line="561" name="test_dot_self[0-&lt;lambda&gt;12]" time="0.018541574478149414"></testcase><testcase classname="src.pymortests.vectorarray" file="src/pymortests/vectorarray.py" line="561" name="test_dot_self[0-&lt;lambda&gt;13]" time="0.011412858963012695"></testcase><testcase classname="src.pymortests.vectorarray" file="src/pymortests/vectorarray.py" line="561" name="test_dot_self[0-&lt;lambda&gt;14]" time="0.019495248794555664"></testcase><testcase classname="src.pymortests.vectorarray" file="src/pymortests/vectorarray.py" line="561" name="test_dot_self[0-&lt;lambda&gt;15]" time="0.03161191940307617"></testcase><testcase classname="src.pymortests.vectorarray" file="src/pymortests/vectorarray.py" line="561" name="test_dot_self[0-&lt;lambda&gt;16]" time="0.04073929786682129"></testcase><testcase classname="src.pymortests.vectorarray" file="src/pymortests/vectorarray.py" line="561" name="test_dot_self[0-&lt;lambda&gt;17]" time="0.009376049041748047"></testcase><testcase classname="src.pymortests.vectorarray" file="src/pymortests/vectorarray.py" line="561" name="test_dot_self[0-&lt;lambda&gt;18]" time="0.009311676025390625"></testcase><testcase classname="src.pymortests.vectorarray" file="src/pymortests/vectorarray.py" line="561" name="test_dot_self[0-&lt;lambda&gt;19]" time="0.021307706832885742"></testcase><testcase classname="src.pymortests.vectorarray" file="src/pymortests/vectorarray.py" line="561" name="test_dot_self[0-&lt;lambda&gt;20]" time="0.35666346549987793"></testcase><testcase classname="src.pymortests.vectorarray" file="src/pymortests/vectorarray.py" line="561" name="test_dot_self[0-&lt;lambda&gt;21]" time="1.8268957138061523"></testcase><testcase classname="src.pymortests.vectorarray" file="src/pymortests/vectorarray.py" line="561" name="test_dot_self[0-&lt;lambda&gt;22]" time="0.004699230194091797"></testcase><testcase classname="src.pymortests.vectorarray" file="src/pymortests/vectorarray.py" line="561" name="test_dot_self[0-&lt;lambda&gt;23]" time="0.003713846206665039"></testcase><testcase classname="src.pymortests.vectorarray" file="src/pymortests/vectorarray.py" line="561" name="test_dot_self[0-&lt;lambda&gt;24]" time="0.012859821319580078"></testcase><testcase classname="src.pymortests.vectorarray" file="src/pymortests/vectorarray.py" line="561" name="test_dot_self[0-&lt;lambda&gt;25]" time="0.2798335552215576"></testcase><testcase classname="src.pymortests.vectorarray" file="src/pymortests/vectorarray.py" line="561" name="test_dot_self[0-&lt;lambda&gt;26]" time="1.330307960510254"></testcase><testcase classname="src.pymortests.vectorarray" file="src/pymortests/vectorarray.py" line="561" name="test_dot_self[1-&lt;lambda&gt;0]" time="0.004904985427856445"></testcase><testcase classname="src.pymortests.vectorarray" file="src/pymortests/vectorarray.py" line="561" name="test_dot_self[1-&lt;lambda&gt;1]" time="0.0038373470306396484"></testcase><testcase classname="src.pymortests.vectorarray" file="src/pymortests/vectorarray.py" line="561" name="test_dot_self[1-&lt;lambda&gt;2]" time="0.007439136505126953"></testcase><testcase classname="src.pymortests.vectorarray" file="src/pymortests/vectorarray.py" line="561" name="test_dot_self[1-&lt;lambda&gt;3]" time="0.014194011688232422"></testcase><testcase classname="src.pymortests.vectorarray" file="src/pymortests/vectorarray.py" line="561" name="test_dot_self[1-&lt;lambda&gt;4]" time="0.01808905601501465"></testcase><testcase classname="src.pymortests.vectorarray" file="src/pymortests/vectorarray.py" line="561" name="test_dot_self[1-&lt;lambda&gt;5]" time="0.004937171936035156"></testcase><testcase classname="src.pymortests.vectorarray" file="src/pymortests/vectorarray.py" line="561" name="test_dot_self[1-&lt;lambda&gt;6]" time="0.00351715087890625"></testcase><testcase classname="src.pymortests.vectorarray" file="src/pymortests/vectorarray.py" line="561" name="test_dot_self[1-&lt;lambda&gt;7]" time="0.015497684478759766"></testcase><testcase classname="src.pymortests.vectorarray" file="src/pymortests/vectorarray.py" line="561" name="test_dot_self[1-&lt;lambda&gt;8]" time="0.42244791984558105"></testcase><testcase classname="src.pymortests.vectorarray" file="src/pymortests/vectorarray.py" line="561" name="test_dot_self[1-&lt;lambda&gt;9]" time="2.208806276321411"></testcase><testcase classname="src.pymortests.vectorarray" file="src/pymortests/vectorarray.py" line="561" name="test_dot_self[1-&lt;lambda&gt;10]" time="0.007445335388183594"></testcase><testcase classname="src.pymortests.vectorarray" file="src/pymortests/vectorarray.py" line="561" name="test_dot_self[1-&lt;lambda&gt;11]" time="0.01756882667541504"></testcase><testcase classname="src.pymortests.vectorarray" file="src/pymortests/vectorarray.py" line="561" name="test_dot_self[1-&lt;lambda&gt;12]" time="0.01808786392211914"></testcase><testcase classname="src.pymortests.vectorarray" file="src/pymortests/vectorarray.py" line="561" name="test_dot_self[1-&lt;lambda&gt;13]" time="0.011351823806762695"></testcase><testcase classname="src.pymortests.vectorarray" file="src/pymortests/vectorarray.py" line="561" name="test_dot_self[1-&lt;lambda&gt;14]" time="0.019467592239379883"></testcase><testcase classname="src.pymortests.vectorarray" file="src/pymortests/vectorarray.py" line="561" name="test_dot_self[1-&lt;lambda&gt;15]" time="0.031557559967041016"></testcase><testcase classname="src.pymortests.vectorarray" file="src/pymortests/vectorarray.py" line="561" name="test_dot_self[1-&lt;lambda&gt;16]" time="0.04090142250061035"></testcase><testcase classname="src.pymortests.vectorarray" file="src/pymortests/vectorarray.py" line="561" name="test_dot_self[1-&lt;lambda&gt;17]" time="0.009285449981689453"></testcase><testcase classname="src.pymortests.vectorarray" file="src/pymortests/vectorarray.py" line="561" name="test_dot_self[1-&lt;lambda&gt;18]" time="0.009128808975219727"></testcase><testcase classname="src.pymortests.vectorarray" file="src/pymortests/vectorarray.py" line="561" name="test_dot_self[1-&lt;lambda&gt;19]" time="0.021518468856811523"></testcase><testcase classname="src.pymortests.vectorarray" file="src/pymortests/vectorarray.py" line="561" name="test_dot_self[1-&lt;lambda&gt;20]" time="0.355510950088501"></testcase><testcase classname="src.pymortests.vectorarray" file="src/pymortests/vectorarray.py" line="561" name="test_dot_self[1-&lt;lambda&gt;21]" time="1.831960916519165"></testcase><testcase classname="src.pymortests.vectorarray" file="src/pymortests/vectorarray.py" line="561" name="test_dot_self[1-&lt;lambda&gt;22]" time="0.004651546478271484"></testcase><testcase classname="src.pymortests.vectorarray" file="src/pymortests/vectorarray.py" line="561" name="test_dot_self[1-&lt;lambda&gt;23]" time="0.0036916732788085938"></testcase><testcase classname="src.pymortests.vectorarray" file="src/pymortests/vectorarray.py" line="561" name="test_dot_self[1-&lt;lambda&gt;24]" time="0.013543128967285156"></testcase><testcase classname="src.pymortests.vectorarray" file="src/pymortests/vectorarray.py" line="561" name="test_dot_self[1-&lt;lambda&gt;25]" time="0.3023695945739746"></testcase><testcase classname="src.pymortests.vectorarray" file="src/pymortests/vectorarray.py" line="561" name="test_dot_self[1-&lt;lambda&gt;26]" time="1.3813128471374512"></testcase><testcase classname="src.pymortests.vectorarray" file="src/pymortests/vectorarray.py" line="561" name="test_dot_self[2-&lt;lambda&gt;0]" time="0.0046863555908203125"></testcase><testcase classname="src.pymortests.vectorarray" file="src/pymortests/vectorarray.py" line="561" name="test_dot_self[2-&lt;lambda&gt;1]" time="0.0037920475006103516"></testcase><testcase classname="src.pymortests.vectorarray" file="src/pymortests/vectorarray.py" line="561" name="test_dot_self[2-&lt;lambda&gt;2]" time="0.0074138641357421875"></testcase><testcase classname="src.pymortests.vectorarray" file="src/pymortests/vectorarray.py" line="561" name="test_dot_self[2-&lt;lambda&gt;3]" time="0.014276981353759766"></testcase><testcase classname="src.pymortests.vectorarray" file="src/pymortests/vectorarray.py" line="561" name="test_dot_self[2-&lt;lambda&gt;4]" time="0.018028974533081055"></testcase><testcase classname="src.pymortests.vectorarray" file="src/pymortests/vectorarray.py" line="561" name="test_dot_self[2-&lt;lambda&gt;5]" time="0.00478363037109375"></testcase><testcase classname="src.pymortests.vectorarray" file="src/pymortests/vectorarray.py" line="561" name="test_dot_self[2-&lt;lambda&gt;6]" time="0.0034928321838378906"></testcase><testcase classname="src.pymortests.vectorarray" file="src/pymortests/vectorarray.py" line="561" name="test_dot_self[2-&lt;lambda&gt;7]" time="0.01566600799560547"></testcase><testcase classname="src.pymortests.vectorarray" file="src/pymortests/vectorarray.py" line="561" name="test_dot_self[2-&lt;lambda&gt;8]" time="0.42507004737854004"></testcase><testcase classname="src.pymortests.vectorarray" file="src/pymortests/vectorarray.py" line="561" name="test_dot_self[2-&lt;lambda&gt;9]" time="2.205742359161377"></testcase><testcase classname="src.pymortests.vectorarray" file="src/pymortests/vectorarray.py" line="561" name="test_dot_self[2-&lt;lambda&gt;10]" time="0.007318973541259766"></testcase><testcase classname="src.pymortests.vectorarray" file="src/pymortests/vectorarray.py" line="561" name="test_dot_self[2-&lt;lambda&gt;11]" time="0.017617464065551758"></testcase><testcase classname="src.pymortests.vectorarray" file="src/pymortests/vectorarray.py" line="561" name="test_dot_self[2-&lt;lambda&gt;12]" time="0.018144845962524414"></testcase><testcase classname="src.pymortests.vectorarray" file="src/pymortests/vectorarray.py" line="561" name="test_dot_self[2-&lt;lambda&gt;13]" time="0.011283159255981445"></testcase><testcase classname="src.pymortests.vectorarray" file="src/pymortests/vectorarray.py" line="561" name="test_dot_self[2-&lt;lambda&gt;14]" time="0.019494056701660156"></testcase><testcase classname="src.pymortests.vectorarray" file="src/pymortests/vectorarray.py" line="561" name="test_dot_self[2-&lt;lambda&gt;15]" time="0.03185749053955078"></testcase><testcase classname="src.pymortests.vectorarray" file="src/pymortests/vectorarray.py" line="561" name="test_dot_self[2-&lt;lambda&gt;16]" time="0.04162311553955078"></testcase><testcase classname="src.pymortests.vectorarray" file="src/pymortests/vectorarray.py" line="561" name="test_dot_self[2-&lt;lambda&gt;17]" time="0.00932931900024414"></testcase><testcase classname="src.pymortests.vectorarray" file="src/pymortests/vectorarray.py" line="561" name="test_dot_self[2-&lt;lambda&gt;18]" time="0.009360074996948242"></testcase><testcase classname="src.pymortests.vectorarray" file="src/pymortests/vectorarray.py" line="561" name="test_dot_self[2-&lt;lambda&gt;19]" time="0.02042984962463379"></testcase><testcase classname="src.pymortests.vectorarray" file="src/pymortests/vectorarray.py" line="561" name="test_dot_self[2-&lt;lambda&gt;20]" time="0.35518670082092285"></testcase><testcase classname="src.pymortests.vectorarray" file="src/pymortests/vectorarray.py" line="561" name="test_dot_self[2-&lt;lambda&gt;21]" time="1.825791358947754"></testcase><testcase classname="src.pymortests.vectorarray" file="src/pymortests/vectorarray.py" line="561" name="test_dot_self[2-&lt;lambda&gt;22]" time="0.00459742546081543"></testcase><testcase classname="src.pymortests.vectorarray" file="src/pymortests/vectorarray.py" line="561" name="test_dot_self[2-&lt;lambda&gt;23]" time="0.003758668899536133"></testcase><testcase classname="src.pymortests.vectorarray" file="src/pymortests/vectorarray.py" line="561" name="test_dot_self[2-&lt;lambda&gt;24]" time="0.013519048690795898"></testcase><testcase classname="src.pymortests.vectorarray" file="src/pymortests/vectorarray.py" line="561" name="test_dot_self[2-&lt;lambda&gt;25]" time="0.29982638359069824"></testcase><testcase classname="src.pymortests.vectorarray" file="src/pymortests/vectorarray.py" line="561" name="test_dot_self[2-&lt;lambda&gt;26]" time="1.3835363388061523"></testcase><testcase classname="src.pymortests.vectorarray" file="src/pymortests/vectorarray.py" line="579" name="test_lincomb_1d[0-&lt;lambda&gt;0]" time="0.0035560131072998047"></testcase><testcase classname="src.pymortests.vectorarray" file="src/pymortests/vectorarray.py" line="579" name="test_lincomb_1d[0-&lt;lambda&gt;1]" time="0.0026273727416992188"></testcase><testcase classname="src.pymortests.vectorarray" file="src/pymortests/vectorarray.py" line="579" name="test_lincomb_1d[0-&lt;lambda&gt;2]" time="0.003921031951904297"></testcase><testcase classname="src.pymortests.vectorarray" file="src/pymortests/vectorarray.py" line="579" name="test_lincomb_1d[0-&lt;lambda&gt;3]" time="0.011607170104980469"></testcase><testcase classname="src.pymortests.vectorarray" file="src/pymortests/vectorarray.py" line="579" name="test_lincomb_1d[0-&lt;lambda&gt;4]" time="0.022198200225830078"></testcase><testcase classname="src.pymortests.vectorarray" file="src/pymortests/vectorarray.py" line="579" name="test_lincomb_1d[0-&lt;lambda&gt;5]" time="0.004216432571411133"></testcase><testcase classname="src.pymortests.vectorarray" file="src/pymortests/vectorarray.py" line="579" name="test_lincomb_1d[0-&lt;lambda&gt;6]" time="0.0031397342681884766"></testcase><testcase classname="src.pymortests.vectorarray" file="src/pymortests/vectorarray.py" line="579" name="test_lincomb_1d[0-&lt;lambda&gt;7]" time="0.005298137664794922"></testcase><testcase classname="src.pymortests.vectorarray" file="src/pymortests/vectorarray.py" line="579" name="test_lincomb_1d[0-&lt;lambda&gt;8]" time="0.01953601837158203"></testcase><testcase classname="src.pymortests.vectorarray" file="src/pymortests/vectorarray.py" line="579" name="test_lincomb_1d[0-&lt;lambda&gt;9]" time="0.03889870643615723"></testcase><testcase classname="src.pymortests.vectorarray" file="src/pymortests/vectorarray.py" line="579" name="test_lincomb_1d[0-&lt;lambda&gt;10]" time="0.005738258361816406"></testcase><testcase classname="src.pymortests.vectorarray" file="src/pymortests/vectorarray.py" line="579" name="test_lincomb_1d[0-&lt;lambda&gt;11]" time="0.009126663208007812"></testcase><testcase classname="src.pymortests.vectorarray" file="src/pymortests/vectorarray.py" line="579" name="test_lincomb_1d[0-&lt;lambda&gt;12]" time="0.009024620056152344"></testcase><testcase classname="src.pymortests.vectorarray" file="src/pymortests/vectorarray.py" line="579" name="test_lincomb_1d[0-&lt;lambda&gt;13]" time="0.0056726932525634766"></testcase><testcase classname="src.pymortests.vectorarray" file="src/pymortests/vectorarray.py" line="579" name="test_lincomb_1d[0-&lt;lambda&gt;14]" time="0.008666276931762695"></testcase><testcase classname="src.pymortests.vectorarray" file="src/pymortests/vectorarray.py" line="579" name="test_lincomb_1d[0-&lt;lambda&gt;15]" time="0.03791356086730957"></testcase><testcase classname="src.pymortests.vectorarray" file="src/pymortests/vectorarray.py" line="579" name="test_lincomb_1d[0-&lt;lambda&gt;16]" time="0.08005094528198242"></testcase><testcase classname="src.pymortests.vectorarray" file="src/pymortests/vectorarray.py" line="579" name="test_lincomb_1d[0-&lt;lambda&gt;17]" time="0.009141683578491211"></testcase><testcase classname="src.pymortests.vectorarray" file="src/pymortests/vectorarray.py" line="579" name="test_lincomb_1d[0-&lt;lambda&gt;18]" time="0.009729623794555664"></testcase><testcase classname="src.pymortests.vectorarray" file="src/pymortests/vectorarray.py" line="579" name="test_lincomb_1d[0-&lt;lambda&gt;19]" time="0.024358034133911133"></testcase><testcase classname="src.pymortests.vectorarray" file="src/pymortests/vectorarray.py" line="579" name="test_lincomb_1d[0-&lt;lambda&gt;20]" time="0.040079593658447266"></testcase><testcase classname="src.pymortests.vectorarray" file="src/pymortests/vectorarray.py" line="579" name="test_lincomb_1d[0-&lt;lambda&gt;21]" time="0.07605504989624023"></testcase><testcase classname="src.pymortests.vectorarray" file="src/pymortests/vectorarray.py" line="579" name="test_lincomb_1d[0-&lt;lambda&gt;22]" time="0.023534297943115234"></testcase><testcase classname="src.pymortests.vectorarray" file="src/pymortests/vectorarray.py" line="579" name="test_lincomb_1d[0-&lt;lambda&gt;23]" time="0.024298667907714844"></testcase><testcase classname="src.pymortests.vectorarray" file="src/pymortests/vectorarray.py" line="579" name="test_lincomb_1d[0-&lt;lambda&gt;24]" time="0.031235694885253906"></testcase><testcase classname="src.pymortests.vectorarray" file="src/pymortests/vectorarray.py" line="579" name="test_lincomb_1d[0-&lt;lambda&gt;25]" time="0.07481145858764648"></testcase><testcase classname="src.pymortests.vectorarray" file="src/pymortests/vectorarray.py" line="579" name="test_lincomb_1d[0-&lt;lambda&gt;26]" time="0.13519072532653809"></testcase><testcase classname="src.pymortests.vectorarray" file="src/pymortests/vectorarray.py" line="579" name="test_lincomb_1d[1-&lt;lambda&gt;0]" time="0.0037429332733154297"></testcase><testcase classname="src.pymortests.vectorarray" file="src/pymortests/vectorarray.py" line="579" name="test_lincomb_1d[1-&lt;lambda&gt;1]" time="0.002584218978881836"></testcase><testcase classname="src.pymortests.vectorarray" file="src/pymortests/vectorarray.py" line="579" name="test_lincomb_1d[1-&lt;lambda&gt;2]" time="0.003881692886352539"></testcase><testcase classname="src.pymortests.vectorarray" file="src/pymortests/vectorarray.py" line="579" name="test_lincomb_1d[1-&lt;lambda&gt;3]" time="0.011358261108398438"></testcase><testcase classname="src.pymortests.vectorarray" file="src/pymortests/vectorarray.py" line="579" name="test_lincomb_1d[1-&lt;lambda&gt;4]" time="0.025960206985473633"></testcase><testcase classname="src.pymortests.vectorarray" file="src/pymortests/vectorarray.py" line="579" name="test_lincomb_1d[1-&lt;lambda&gt;5]" time="0.0041103363037109375"></testcase><testcase classname="src.pymortests.vectorarray" file="src/pymortests/vectorarray.py" line="579" name="test_lincomb_1d[1-&lt;lambda&gt;6]" time="0.0029366016387939453"></testcase><testcase classname="src.pymortests.vectorarray" file="src/pymortests/vectorarray.py" line="579" name="test_lincomb_1d[1-&lt;lambda&gt;7]" time="0.005219697952270508"></testcase><testcase classname="src.pymortests.vectorarray" file="src/pymortests/vectorarray.py" line="579" name="test_lincomb_1d[1-&lt;lambda&gt;8]" time="0.0198974609375"></testcase><testcase classname="src.pymortests.vectorarray" file="src/pymortests/vectorarray.py" line="579" name="test_lincomb_1d[1-&lt;lambda&gt;9]" time="0.03896522521972656"></testcase><testcase classname="src.pymortests.vectorarray" file="src/pymortests/vectorarray.py" line="579" name="test_lincomb_1d[1-&lt;lambda&gt;10]" time="0.005640983581542969"></testcase><testcase classname="src.pymortests.vectorarray" file="src/pymortests/vectorarray.py" line="579" name="test_lincomb_1d[1-&lt;lambda&gt;11]" time="0.00934910774230957"></testcase><testcase classname="src.pymortests.vectorarray" file="src/pymortests/vectorarray.py" line="579" name="test_lincomb_1d[1-&lt;lambda&gt;12]" time="0.008774280548095703"></testcase><testcase classname="src.pymortests.vectorarray" file="src/pymortests/vectorarray.py" line="579" name="test_lincomb_1d[1-&lt;lambda&gt;13]" time="0.005732297897338867"></testcase><testcase classname="src.pymortests.vectorarray" file="src/pymortests/vectorarray.py" line="579" name="test_lincomb_1d[1-&lt;lambda&gt;14]" time="0.00878596305847168"></testcase><testcase classname="src.pymortests.vectorarray" file="src/pymortests/vectorarray.py" line="579" name="test_lincomb_1d[1-&lt;lambda&gt;15]" time="0.037609100341796875"></testcase><testcase classname="src.pymortests.vectorarray" file="src/pymortests/vectorarray.py" line="579" name="test_lincomb_1d[1-&lt;lambda&gt;16]" time="0.07925152778625488"></testcase><testcase classname="src.pymortests.vectorarray" file="src/pymortests/vectorarray.py" line="579" name="test_lincomb_1d[1-&lt;lambda&gt;17]" time="0.00921320915222168"></testcase><testcase classname="src.pymortests.vectorarray" file="src/pymortests/vectorarray.py" line="579" name="test_lincomb_1d[1-&lt;lambda&gt;18]" time="0.009786367416381836"></testcase><testcase classname="src.pymortests.vectorarray" file="src/pymortests/vectorarray.py" line="579" name="test_lincomb_1d[1-&lt;lambda&gt;19]" time="0.02382826805114746"></testcase><testcase classname="src.pymortests.vectorarray" file="src/pymortests/vectorarray.py" line="579" name="test_lincomb_1d[1-&lt;lambda&gt;20]" time="0.04055643081665039"></testcase><testcase classname="src.pymortests.vectorarray" file="src/pymortests/vectorarray.py" line="579" name="test_lincomb_1d[1-&lt;lambda&gt;21]" time="0.07682418823242188"></testcase><testcase classname="src.pymortests.vectorarray" file="src/pymortests/vectorarray.py" line="579" name="test_lincomb_1d[1-&lt;lambda&gt;22]" time="0.023616313934326172"></testcase><testcase classname="src.pymortests.vectorarray" file="src/pymortests/vectorarray.py" line="579" name="test_lincomb_1d[1-&lt;lambda&gt;23]" time="0.023993253707885742"></testcase><testcase classname="src.pymortests.vectorarray" file="src/pymortests/vectorarray.py" line="579" name="test_lincomb_1d[1-&lt;lambda&gt;24]" time="0.030966520309448242"></testcase><testcase classname="src.pymortests.vectorarray" file="src/pymortests/vectorarray.py" line="579" name="test_lincomb_1d[1-&lt;lambda&gt;25]" time="0.07488274574279785"></testcase><testcase classname="src.pymortests.vectorarray" file="src/pymortests/vectorarray.py" line="579" name="test_lincomb_1d[1-&lt;lambda&gt;26]" time="0.13499784469604492"></testcase><testcase classname="src.pymortests.vectorarray" file="src/pymortests/vectorarray.py" line="579" name="test_lincomb_1d[2-&lt;lambda&gt;0]" time="0.0036928653717041016"></testcase><testcase classname="src.pymortests.vectorarray" file="src/pymortests/vectorarray.py" line="579" name="test_lincomb_1d[2-&lt;lambda&gt;1]" time="0.002576589584350586"></testcase><testcase classname="src.pymortests.vectorarray" file="src/pymortests/vectorarray.py" line="579" name="test_lincomb_1d[2-&lt;lambda&gt;2]" time="0.003849029541015625"></testcase><testcase classname="src.pymortests.vectorarray" file="src/pymortests/vectorarray.py" line="579" name="test_lincomb_1d[2-&lt;lambda&gt;3]" time="0.011372566223144531"></testcase><testcase classname="src.pymortests.vectorarray" file="src/pymortests/vectorarray.py" line="579" name="test_lincomb_1d[2-&lt;lambda&gt;4]" time="0.022164344787597656"></testcase><testcase classname="src.pymortests.vectorarray" file="src/pymortests/vectorarray.py" line="579" name="test_lincomb_1d[2-&lt;lambda&gt;5]" time="0.0040569305419921875"></testcase><testcase classname="src.pymortests.vectorarray" file="src/pymortests/vectorarray.py" line="579" name="test_lincomb_1d[2-&lt;lambda&gt;6]" time="0.0029768943786621094"></testcase><testcase classname="src.pymortests.vectorarray" file="src/pymortests/vectorarray.py" line="579" name="test_lincomb_1d[2-&lt;lambda&gt;7]" time="0.00516963005065918"></testcase><testcase classname="src.pymortests.vectorarray" file="src/pymortests/vectorarray.py" line="579" name="test_lincomb_1d[2-&lt;lambda&gt;8]" time="0.019500732421875"></testcase><testcase classname="src.pymortests.vectorarray" file="src/pymortests/vectorarray.py" line="579" name="test_lincomb_1d[2-&lt;lambda&gt;9]" time="0.04230046272277832"></testcase><testcase classname="src.pymortests.vectorarray" file="src/pymortests/vectorarray.py" line="579" name="test_lincomb_1d[2-&lt;lambda&gt;10]" time="0.0058956146240234375"></testcase><testcase classname="src.pymortests.vectorarray" file="src/pymortests/vectorarray.py" line="579" name="test_lincomb_1d[2-&lt;lambda&gt;11]" time="0.009279251098632812"></testcase><testcase classname="src.pymortests.vectorarray" file="src/pymortests/vectorarray.py" line="579" name="test_lincomb_1d[2-&lt;lambda&gt;12]" time="0.008629322052001953"></testcase><testcase classname="src.pymortests.vectorarray" file="src/pymortests/vectorarray.py" line="579" name="test_lincomb_1d[2-&lt;lambda&gt;13]" time="0.00568699836730957"></testcase><testcase classname="src.pymortests.vectorarray" file="src/pymortests/vectorarray.py" line="579" name="test_lincomb_1d[2-&lt;lambda&gt;14]" time="0.008740901947021484"></testcase><testcase classname="src.pymortests.vectorarray" file="src/pymortests/vectorarray.py" line="579" name="test_lincomb_1d[2-&lt;lambda&gt;15]" time="0.03771066665649414"></testcase><testcase classname="src.pymortests.vectorarray" file="src/pymortests/vectorarray.py" line="579" name="test_lincomb_1d[2-&lt;lambda&gt;16]" time="0.0796048641204834"></testcase><testcase classname="src.pymortests.vectorarray" file="src/pymortests/vectorarray.py" line="579" name="test_lincomb_1d[2-&lt;lambda&gt;17]" time="0.00922703742980957"></testcase><testcase classname="src.pymortests.vectorarray" file="src/pymortests/vectorarray.py" line="579" name="test_lincomb_1d[2-&lt;lambda&gt;18]" time="0.009912729263305664"></testcase><testcase classname="src.pymortests.vectorarray" file="src/pymortests/vectorarray.py" line="579" name="test_lincomb_1d[2-&lt;lambda&gt;19]" time="0.02384495735168457"></testcase><testcase classname="src.pymortests.vectorarray" file="src/pymortests/vectorarray.py" line="579" name="test_lincomb_1d[2-&lt;lambda&gt;20]" time="0.04069852828979492"></testcase><testcase classname="src.pymortests.vectorarray" file="src/pymortests/vectorarray.py" line="579" name="test_lincomb_1d[2-&lt;lambda&gt;21]" time="0.07682561874389648"></testcase><testcase classname="src.pymortests.vectorarray" file="src/pymortests/vectorarray.py" line="579" name="test_lincomb_1d[2-&lt;lambda&gt;22]" time="0.02387547492980957"></testcase><testcase classname="src.pymortests.vectorarray" file="src/pymortests/vectorarray.py" line="579" name="test_lincomb_1d[2-&lt;lambda&gt;23]" time="0.023606538772583008"></testcase><testcase classname="src.pymortests.vectorarray" file="src/pymortests/vectorarray.py" line="579" name="test_lincomb_1d[2-&lt;lambda&gt;24]" time="0.031883955001831055"></testcase><testcase classname="src.pymortests.vectorarray" file="src/pymortests/vectorarray.py" line="579" name="test_lincomb_1d[2-&lt;lambda&gt;25]" time="0.07564473152160645"></testcase><testcase classname="src.pymortests.vectorarray" file="src/pymortests/vectorarray.py" line="579" name="test_lincomb_1d[2-&lt;lambda&gt;26]" time="0.30059075355529785"></testcase><testcase classname="src.pymortests.vectorarray" file="src/pymortests/vectorarray.py" line="593" name="test_lincomb_2d[0-&lt;lambda&gt;0]" time="0.007631778717041016"></testcase><testcase classname="src.pymortests.vectorarray" file="src/pymortests/vectorarray.py" line="593" name="test_lincomb_2d[0-&lt;lambda&gt;1]" time="0.006692647933959961"></testcase><testcase classname="src.pymortests.vectorarray" file="src/pymortests/vectorarray.py" line="593" name="test_lincomb_2d[0-&lt;lambda&gt;2]" time="0.008530616760253906"></testcase><testcase classname="src.pymortests.vectorarray" file="src/pymortests/vectorarray.py" line="593" name="test_lincomb_2d[0-&lt;lambda&gt;3]" time="0.010076284408569336"></testcase><testcase classname="src.pymortests.vectorarray" file="src/pymortests/vectorarray.py" line="593" name="test_lincomb_2d[0-&lt;lambda&gt;4]" time="0.010534524917602539"></testcase><testcase classname="src.pymortests.vectorarray" file="src/pymortests/vectorarray.py" line="593" name="test_lincomb_2d[0-&lt;lambda&gt;5]" time="0.008786678314208984"></testcase><testcase classname="src.pymortests.vectorarray" file="src/pymortests/vectorarray.py" line="593" name="test_lincomb_2d[0-&lt;lambda&gt;6]" time="0.008756399154663086"></testcase><testcase classname="src.pymortests.vectorarray" file="src/pymortests/vectorarray.py" line="593" name="test_lincomb_2d[0-&lt;lambda&gt;7]" time="0.014523744583129883"></testcase><testcase classname="src.pymortests.vectorarray" file="src/pymortests/vectorarray.py" line="593" name="test_lincomb_2d[0-&lt;lambda&gt;8]" time="0.04578351974487305"></testcase><testcase classname="src.pymortests.vectorarray" file="src/pymortests/vectorarray.py" line="593" name="test_lincomb_2d[0-&lt;lambda&gt;9]" time="0.08480334281921387"></testcase><testcase classname="src.pymortests.vectorarray" file="src/pymortests/vectorarray.py" line="593" name="test_lincomb_2d[0-&lt;lambda&gt;10]" time="0.016012907028198242"></testcase><testcase classname="src.pymortests.vectorarray" file="src/pymortests/vectorarray.py" line="593" name="test_lincomb_2d[0-&lt;lambda&gt;11]" time="0.019378662109375"></testcase><testcase classname="src.pymortests.vectorarray" file="src/pymortests/vectorarray.py" line="593" name="test_lincomb_2d[0-&lt;lambda&gt;12]" time="0.01920628547668457"></testcase><testcase classname="src.pymortests.vectorarray" file="src/pymortests/vectorarray.py" line="593" name="test_lincomb_2d[0-&lt;lambda&gt;13]" time="0.014481544494628906"></testcase><testcase classname="src.pymortests.vectorarray" file="src/pymortests/vectorarray.py" line="593" name="test_lincomb_2d[0-&lt;lambda&gt;14]" time="0.020559072494506836"></testcase><testcase classname="src.pymortests.vectorarray" file="src/pymortests/vectorarray.py" line="593" name="test_lincomb_2d[0-&lt;lambda&gt;15]" time="0.02898263931274414"></testcase><testcase classname="src.pymortests.vectorarray" file="src/pymortests/vectorarray.py" line="593" name="test_lincomb_2d[0-&lt;lambda&gt;16]" time="0.03560519218444824"></testcase><testcase classname="src.pymortests.vectorarray" file="src/pymortests/vectorarray.py" line="593" name="test_lincomb_2d[0-&lt;lambda&gt;17]" time="0.033078670501708984"></testcase><testcase classname="src.pymortests.vectorarray" file="src/pymortests/vectorarray.py" line="593" name="test_lincomb_2d[0-&lt;lambda&gt;18]" time="0.035445451736450195"></testcase><testcase classname="src.pymortests.vectorarray" file="src/pymortests/vectorarray.py" line="593" name="test_lincomb_2d[0-&lt;lambda&gt;19]" time="0.10445117950439453"></testcase><testcase classname="src.pymortests.vectorarray" file="src/pymortests/vectorarray.py" line="593" name="test_lincomb_2d[0-&lt;lambda&gt;20]" time="0.09434342384338379"></testcase><testcase classname="src.pymortests.vectorarray" file="src/pymortests/vectorarray.py" line="593" name="test_lincomb_2d[0-&lt;lambda&gt;21]" time="0.1510179042816162"></testcase><testcase classname="src.pymortests.vectorarray" file="src/pymortests/vectorarray.py" line="593" name="test_lincomb_2d[0-&lt;lambda&gt;22]" time="0.12123441696166992"></testcase><testcase classname="src.pymortests.vectorarray" file="src/pymortests/vectorarray.py" line="593" name="test_lincomb_2d[0-&lt;lambda&gt;23]" time="0.1211857795715332"></testcase><testcase classname="src.pymortests.vectorarray" file="src/pymortests/vectorarray.py" line="593" name="test_lincomb_2d[0-&lt;lambda&gt;24]" time="0.15532970428466797"></testcase><testcase classname="src.pymortests.vectorarray" file="src/pymortests/vectorarray.py" line="593" name="test_lincomb_2d[0-&lt;lambda&gt;25]" time="0.25022459030151367"></testcase><testcase classname="src.pymortests.vectorarray" file="src/pymortests/vectorarray.py" line="593" name="test_lincomb_2d[0-&lt;lambda&gt;26]" time="0.3834655284881592"></testcase><testcase classname="src.pymortests.vectorarray" file="src/pymortests/vectorarray.py" line="593" name="test_lincomb_2d[1-&lt;lambda&gt;0]" time="0.007678985595703125"></testcase><testcase classname="src.pymortests.vectorarray" file="src/pymortests/vectorarray.py" line="593" name="test_lincomb_2d[1-&lt;lambda&gt;1]" time="0.006520748138427734"></testcase><testcase classname="src.pymortests.vectorarray" file="src/pymortests/vectorarray.py" line="593" name="test_lincomb_2d[1-&lt;lambda&gt;2]" time="0.008390665054321289"></testcase><testcase classname="src.pymortests.vectorarray" file="src/pymortests/vectorarray.py" line="593" name="test_lincomb_2d[1-&lt;lambda&gt;3]" time="0.00995016098022461"></testcase><testcase classname="src.pymortests.vectorarray" file="src/pymortests/vectorarray.py" line="593" name="test_lincomb_2d[1-&lt;lambda&gt;4]" time="0.010885238647460938"></testcase><testcase classname="src.pymortests.vectorarray" file="src/pymortests/vectorarray.py" line="593" name="test_lincomb_2d[1-&lt;lambda&gt;5]" time="0.008544921875"></testcase><testcase classname="src.pymortests.vectorarray" file="src/pymortests/vectorarray.py" line="593" name="test_lincomb_2d[1-&lt;lambda&gt;6]" time="0.008681058883666992"></testcase><testcase classname="src.pymortests.vectorarray" file="src/pymortests/vectorarray.py" line="593" name="test_lincomb_2d[1-&lt;lambda&gt;7]" time="0.014566183090209961"></testcase><testcase classname="src.pymortests.vectorarray" file="src/pymortests/vectorarray.py" line="593" name="test_lincomb_2d[1-&lt;lambda&gt;8]" time="0.046216726303100586"></testcase><testcase classname="src.pymortests.vectorarray" file="src/pymortests/vectorarray.py" line="593" name="test_lincomb_2d[1-&lt;lambda&gt;9]" time="0.08574223518371582"></testcase><testcase classname="src.pymortests.vectorarray" file="src/pymortests/vectorarray.py" line="593" name="test_lincomb_2d[1-&lt;lambda&gt;10]" time="0.016239166259765625"></testcase><testcase classname="src.pymortests.vectorarray" file="src/pymortests/vectorarray.py" line="593" name="test_lincomb_2d[1-&lt;lambda&gt;11]" time="0.01981663703918457"></testcase><testcase classname="src.pymortests.vectorarray" file="src/pymortests/vectorarray.py" line="593" name="test_lincomb_2d[1-&lt;lambda&gt;12]" time="0.019028663635253906"></testcase><testcase classname="src.pymortests.vectorarray" file="src/pymortests/vectorarray.py" line="593" name="test_lincomb_2d[1-&lt;lambda&gt;13]" time="0.01430654525756836"></testcase><testcase classname="src.pymortests.vectorarray" file="src/pymortests/vectorarray.py" line="593" name="test_lincomb_2d[1-&lt;lambda&gt;14]" time="0.020663738250732422"></testcase><testcase classname="src.pymortests.vectorarray" file="src/pymortests/vectorarray.py" line="593" name="test_lincomb_2d[1-&lt;lambda&gt;15]" time="0.02941727638244629"></testcase><testcase classname="src.pymortests.vectorarray" file="src/pymortests/vectorarray.py" line="593" name="test_lincomb_2d[1-&lt;lambda&gt;16]" time="0.03274250030517578"></testcase><testcase classname="src.pymortests.vectorarray" file="src/pymortests/vectorarray.py" line="593" name="test_lincomb_2d[1-&lt;lambda&gt;17]" time="0.03318905830383301"></testcase><testcase classname="src.pymortests.vectorarray" file="src/pymortests/vectorarray.py" line="593" name="test_lincomb_2d[1-&lt;lambda&gt;18]" time="0.03547310829162598"></testcase><testcase classname="src.pymortests.vectorarray" file="src/pymortests/vectorarray.py" line="593" name="test_lincomb_2d[1-&lt;lambda&gt;19]" time="0.10764813423156738"></testcase><testcase classname="src.pymortests.vectorarray" file="src/pymortests/vectorarray.py" line="593" name="test_lincomb_2d[1-&lt;lambda&gt;20]" time="0.09422683715820312"></testcase><testcase classname="src.pymortests.vectorarray" file="src/pymortests/vectorarray.py" line="593" name="test_lincomb_2d[1-&lt;lambda&gt;21]" time="0.1521437168121338"></testcase><testcase classname="src.pymortests.vectorarray" file="src/pymortests/vectorarray.py" line="593" name="test_lincomb_2d[1-&lt;lambda&gt;22]" time="0.12072873115539551"></testcase><testcase classname="src.pymortests.vectorarray" file="src/pymortests/vectorarray.py" line="593" name="test_lincomb_2d[1-&lt;lambda&gt;23]" time="0.12110495567321777"></testcase><testcase classname="src.pymortests.vectorarray" file="src/pymortests/vectorarray.py" line="593" name="test_lincomb_2d[1-&lt;lambda&gt;24]" time="0.15303969383239746"></testcase><testcase classname="src.pymortests.vectorarray" file="src/pymortests/vectorarray.py" line="593" name="test_lincomb_2d[1-&lt;lambda&gt;25]" time="0.25047779083251953"></testcase><testcase classname="src.pymortests.vectorarray" file="src/pymortests/vectorarray.py" line="593" name="test_lincomb_2d[1-&lt;lambda&gt;26]" time="0.3861069679260254"></testcase><testcase classname="src.pymortests.vectorarray" file="src/pymortests/vectorarray.py" line="593" name="test_lincomb_2d[2-&lt;lambda&gt;0]" time="0.0076236724853515625"></testcase><testcase classname="src.pymortests.vectorarray" file="src/pymortests/vectorarray.py" line="593" name="test_lincomb_2d[2-&lt;lambda&gt;1]" time="0.007896900177001953"></testcase><testcase classname="src.pymortests.vectorarray" file="src/pymortests/vectorarray.py" line="593" name="test_lincomb_2d[2-&lt;lambda&gt;2]" time="0.008516311645507812"></testcase><testcase classname="src.pymortests.vectorarray" file="src/pymortests/vectorarray.py" line="593" name="test_lincomb_2d[2-&lt;lambda&gt;3]" time="0.009967327117919922"></testcase><testcase classname="src.pymortests.vectorarray" file="src/pymortests/vectorarray.py" line="593" name="test_lincomb_2d[2-&lt;lambda&gt;4]" time="0.010393142700195312"></testcase><testcase classname="src.pymortests.vectorarray" file="src/pymortests/vectorarray.py" line="593" name="test_lincomb_2d[2-&lt;lambda&gt;5]" time="0.008836507797241211"></testcase><testcase classname="src.pymortests.vectorarray" file="src/pymortests/vectorarray.py" line="593" name="test_lincomb_2d[2-&lt;lambda&gt;6]" time="0.008831024169921875"></testcase><testcase classname="src.pymortests.vectorarray" file="src/pymortests/vectorarray.py" line="593" name="test_lincomb_2d[2-&lt;lambda&gt;7]" time="0.014756202697753906"></testcase><testcase classname="src.pymortests.vectorarray" file="src/pymortests/vectorarray.py" line="593" name="test_lincomb_2d[2-&lt;lambda&gt;8]" time="0.04760384559631348"></testcase><testcase classname="src.pymortests.vectorarray" file="src/pymortests/vectorarray.py" line="593" name="test_lincomb_2d[2-&lt;lambda&gt;9]" time="0.08638548851013184"></testcase><testcase classname="src.pymortests.vectorarray" file="src/pymortests/vectorarray.py" line="593" name="test_lincomb_2d[2-&lt;lambda&gt;10]" time="0.016169309616088867"></testcase><testcase classname="src.pymortests.vectorarray" file="src/pymortests/vectorarray.py" line="593" name="test_lincomb_2d[2-&lt;lambda&gt;11]" time="0.019812822341918945"></testcase><testcase classname="src.pymortests.vectorarray" file="src/pymortests/vectorarray.py" line="593" name="test_lincomb_2d[2-&lt;lambda&gt;12]" time="0.019124269485473633"></testcase><testcase classname="src.pymortests.vectorarray" file="src/pymortests/vectorarray.py" line="593" name="test_lincomb_2d[2-&lt;lambda&gt;13]" time="0.01421356201171875"></testcase><testcase classname="src.pymortests.vectorarray" file="src/pymortests/vectorarray.py" line="593" name="test_lincomb_2d[2-&lt;lambda&gt;14]" time="0.020497560501098633"></testcase><testcase classname="src.pymortests.vectorarray" file="src/pymortests/vectorarray.py" line="593" name="test_lincomb_2d[2-&lt;lambda&gt;15]" time="0.029888153076171875"></testcase><testcase classname="src.pymortests.vectorarray" file="src/pymortests/vectorarray.py" line="593" name="test_lincomb_2d[2-&lt;lambda&gt;16]" time="0.03328537940979004"></testcase><testcase classname="src.pymortests.vectorarray" file="src/pymortests/vectorarray.py" line="593" name="test_lincomb_2d[2-&lt;lambda&gt;17]" time="0.03299593925476074"></testcase><testcase classname="src.pymortests.vectorarray" file="src/pymortests/vectorarray.py" line="593" name="test_lincomb_2d[2-&lt;lambda&gt;18]" time="0.035578012466430664"></testcase><testcase classname="src.pymortests.vectorarray" file="src/pymortests/vectorarray.py" line="593" name="test_lincomb_2d[2-&lt;lambda&gt;19]" time="0.10340213775634766"></testcase><testcase classname="src.pymortests.vectorarray" file="src/pymortests/vectorarray.py" line="593" name="test_lincomb_2d[2-&lt;lambda&gt;20]" time="0.09563302993774414"></testcase><testcase classname="src.pymortests.vectorarray" file="src/pymortests/vectorarray.py" line="593" name="test_lincomb_2d[2-&lt;lambda&gt;21]" time="0.15230751037597656"></testcase><testcase classname="src.pymortests.vectorarray" file="src/pymortests/vectorarray.py" line="593" name="test_lincomb_2d[2-&lt;lambda&gt;22]" time="0.12147378921508789"></testcase><testcase classname="src.pymortests.vectorarray" file="src/pymortests/vectorarray.py" line="593" name="test_lincomb_2d[2-&lt;lambda&gt;23]" time="0.12104654312133789"></testcase><testcase classname="src.pymortests.vectorarray" file="src/pymortests/vectorarray.py" line="593" name="test_lincomb_2d[2-&lt;lambda&gt;24]" time="0.1525440216064453"></testcase><testcase classname="src.pymortests.vectorarray" file="src/pymortests/vectorarray.py" line="593" name="test_lincomb_2d[2-&lt;lambda&gt;25]" time="0.254833459854126"></testcase><testcase classname="src.pymortests.vectorarray" file="src/pymortests/vectorarray.py" line="593" name="test_lincomb_2d[2-&lt;lambda&gt;26]" time="0.38449525833129883"></testcase><testcase classname="src.pymortests.vectorarray" file="src/pymortests/vectorarray.py" line="608" name="test_lincomb_wrong_coefficients[0-&lt;lambda&gt;0]" time="0.002939462661743164"></testcase><testcase classname="src.pymortests.vectorarray" file="src/pymortests/vectorarray.py" line="608" name="test_lincomb_wrong_coefficients[0-&lt;lambda&gt;1]" time="0.0019953250885009766"></testcase><testcase classname="src.pymortests.vectorarray" file="src/pymortests/vectorarray.py" line="608" name="test_lincomb_wrong_coefficients[0-&lt;lambda&gt;2]" time="0.0028204917907714844"></testcase><testcase classname="src.pymortests.vectorarray" file="src/pymortests/vectorarray.py" line="608" name="test_lincomb_wrong_coefficients[0-&lt;lambda&gt;3]" time="0.0035152435302734375"></testcase><testcase classname="src.pymortests.vectorarray" file="src/pymortests/vectorarray.py" line="608" name="test_lincomb_wrong_coefficients[0-&lt;lambda&gt;4]" time="0.003991127014160156"></testcase><testcase classname="src.pymortests.vectorarray" file="src/pymortests/vectorarray.py" line="608" name="test_lincomb_wrong_coefficients[0-&lt;lambda&gt;5]" time="0.0019712448120117188"></testcase><testcase classname="src.pymortests.vectorarray" file="src/pymortests/vectorarray.py" line="608" name="test_lincomb_wrong_coefficients[0-&lt;lambda&gt;6]" time="0.0017619132995605469"></testcase><testcase classname="src.pymortests.vectorarray" file="src/pymortests/vectorarray.py" line="608" name="test_lincomb_wrong_coefficients[0-&lt;lambda&gt;7]" time="0.002519369125366211"></testcase><testcase classname="src.pymortests.vectorarray" file="src/pymortests/vectorarray.py" line="608" name="test_lincomb_wrong_coefficients[0-&lt;lambda&gt;8]" time="0.0034842491149902344"></testcase><testcase classname="src.pymortests.vectorarray" file="src/pymortests/vectorarray.py" line="608" name="test_lincomb_wrong_coefficients[0-&lt;lambda&gt;9]" time="0.004290342330932617"></testcase><testcase classname="src.pymortests.vectorarray" file="src/pymortests/vectorarray.py" line="608" name="test_lincomb_wrong_coefficients[0-&lt;lambda&gt;10]" time="0.002458810806274414"></testcase><testcase classname="src.pymortests.vectorarray" file="src/pymortests/vectorarray.py" line="608" name="test_lincomb_wrong_coefficients[0-&lt;lambda&gt;11]" time="0.004168272018432617"></testcase><testcase classname="src.pymortests.vectorarray" file="src/pymortests/vectorarray.py" line="608" name="test_lincomb_wrong_coefficients[0-&lt;lambda&gt;12]" time="0.003935813903808594"></testcase><testcase classname="src.pymortests.vectorarray" file="src/pymortests/vectorarray.py" line="608" name="test_lincomb_wrong_coefficients[0-&lt;lambda&gt;13]" time="0.00313568115234375"></testcase><testcase classname="src.pymortests.vectorarray" file="src/pymortests/vectorarray.py" line="608" name="test_lincomb_wrong_coefficients[0-&lt;lambda&gt;14]" time="0.003844738006591797"></testcase><testcase classname="src.pymortests.vectorarray" file="src/pymortests/vectorarray.py" line="608" name="test_lincomb_wrong_coefficients[0-&lt;lambda&gt;15]" time="0.005841970443725586"></testcase><testcase classname="src.pymortests.vectorarray" file="src/pymortests/vectorarray.py" line="608" name="test_lincomb_wrong_coefficients[0-&lt;lambda&gt;16]" time="0.007636547088623047"></testcase><testcase classname="src.pymortests.vectorarray" file="src/pymortests/vectorarray.py" line="608" name="test_lincomb_wrong_coefficients[0-&lt;lambda&gt;17]" time="0.002496957778930664"></testcase><testcase classname="src.pymortests.vectorarray" file="src/pymortests/vectorarray.py" line="608" name="test_lincomb_wrong_coefficients[0-&lt;lambda&gt;18]" time="0.002325773239135742"></testcase><testcase classname="src.pymortests.vectorarray" file="src/pymortests/vectorarray.py" line="608" name="test_lincomb_wrong_coefficients[0-&lt;lambda&gt;19]" time="0.004172325134277344"></testcase><testcase classname="src.pymortests.vectorarray" file="src/pymortests/vectorarray.py" line="608" name="test_lincomb_wrong_coefficients[0-&lt;lambda&gt;20]" time="0.011267662048339844"></testcase><testcase classname="src.pymortests.vectorarray" file="src/pymortests/vectorarray.py" line="608" name="test_lincomb_wrong_coefficients[0-&lt;lambda&gt;21]" time="0.022635936737060547"></testcase><testcase classname="src.pymortests.vectorarray" file="src/pymortests/vectorarray.py" line="608" name="test_lincomb_wrong_coefficients[0-&lt;lambda&gt;22]" time="0.0026819705963134766"></testcase><testcase classname="src.pymortests.vectorarray" file="src/pymortests/vectorarray.py" line="608" name="test_lincomb_wrong_coefficients[0-&lt;lambda&gt;23]" time="0.0018765926361083984"></testcase><testcase classname="src.pymortests.vectorarray" file="src/pymortests/vectorarray.py" line="608" name="test_lincomb_wrong_coefficients[0-&lt;lambda&gt;24]" time="0.0035369396209716797"></testcase><testcase classname="src.pymortests.vectorarray" file="src/pymortests/vectorarray.py" line="608" name="test_lincomb_wrong_coefficients[0-&lt;lambda&gt;25]" time="0.025373220443725586"></testcase><testcase classname="src.pymortests.vectorarray" file="src/pymortests/vectorarray.py" line="608" name="test_lincomb_wrong_coefficients[0-&lt;lambda&gt;26]" time="0.056455373764038086"></testcase><testcase classname="src.pymortests.vectorarray" file="src/pymortests/vectorarray.py" line="608" name="test_lincomb_wrong_coefficients[1-&lt;lambda&gt;0]" time="0.003058195114135742"></testcase><testcase classname="src.pymortests.vectorarray" file="src/pymortests/vectorarray.py" line="608" name="test_lincomb_wrong_coefficients[1-&lt;lambda&gt;1]" time="0.002004384994506836"></testcase><testcase classname="src.pymortests.vectorarray" file="src/pymortests/vectorarray.py" line="608" name="test_lincomb_wrong_coefficients[1-&lt;lambda&gt;2]" time="0.0029158592224121094"></testcase><testcase classname="src.pymortests.vectorarray" file="src/pymortests/vectorarray.py" line="608" name="test_lincomb_wrong_coefficients[1-&lt;lambda&gt;3]" time="0.003709554672241211"></testcase><testcase classname="src.pymortests.vectorarray" file="src/pymortests/vectorarray.py" line="608" name="test_lincomb_wrong_coefficients[1-&lt;lambda&gt;4]" time="0.004144191741943359"></testcase><testcase classname="src.pymortests.vectorarray" file="src/pymortests/vectorarray.py" line="608" name="test_lincomb_wrong_coefficients[1-&lt;lambda&gt;5]" time="0.0019073486328125"></testcase><testcase classname="src.pymortests.vectorarray" file="src/pymortests/vectorarray.py" line="608" name="test_lincomb_wrong_coefficients[1-&lt;lambda&gt;6]" time="0.0018169879913330078"></testcase><testcase classname="src.pymortests.vectorarray" file="src/pymortests/vectorarray.py" line="608" name="test_lincomb_wrong_coefficients[1-&lt;lambda&gt;7]" time="0.0025544166564941406"></testcase><testcase classname="src.pymortests.vectorarray" file="src/pymortests/vectorarray.py" line="608" name="test_lincomb_wrong_coefficients[1-&lt;lambda&gt;8]" time="0.0035715103149414062"></testcase><testcase classname="src.pymortests.vectorarray" file="src/pymortests/vectorarray.py" line="608" name="test_lincomb_wrong_coefficients[1-&lt;lambda&gt;9]" time="0.0050318241119384766"></testcase><testcase classname="src.pymortests.vectorarray" file="src/pymortests/vectorarray.py" line="608" name="test_lincomb_wrong_coefficients[1-&lt;lambda&gt;10]" time="0.002471446990966797"></testcase><testcase classname="src.pymortests.vectorarray" file="src/pymortests/vectorarray.py" line="608" name="test_lincomb_wrong_coefficients[1-&lt;lambda&gt;11]" time="0.00409388542175293"></testcase><testcase classname="src.pymortests.vectorarray" file="src/pymortests/vectorarray.py" line="608" name="test_lincomb_wrong_coefficients[1-&lt;lambda&gt;12]" time="0.0040454864501953125"></testcase><testcase classname="src.pymortests.vectorarray" file="src/pymortests/vectorarray.py" line="608" name="test_lincomb_wrong_coefficients[1-&lt;lambda&gt;13]" time="0.003177165985107422"></testcase><testcase classname="src.pymortests.vectorarray" file="src/pymortests/vectorarray.py" line="608" name="test_lincomb_wrong_coefficients[1-&lt;lambda&gt;14]" time="0.004065513610839844"></testcase><testcase classname="src.pymortests.vectorarray" file="src/pymortests/vectorarray.py" line="608" name="test_lincomb_wrong_coefficients[1-&lt;lambda&gt;15]" time="0.0058841705322265625"></testcase><testcase classname="src.pymortests.vectorarray" file="src/pymortests/vectorarray.py" line="608" name="test_lincomb_wrong_coefficients[1-&lt;lambda&gt;16]" time="0.007643222808837891"></testcase><testcase classname="src.pymortests.vectorarray" file="src/pymortests/vectorarray.py" line="608" name="test_lincomb_wrong_coefficients[1-&lt;lambda&gt;17]" time="0.0025815963745117188"></testcase><testcase classname="src.pymortests.vectorarray" file="src/pymortests/vectorarray.py" line="608" name="test_lincomb_wrong_coefficients[1-&lt;lambda&gt;18]" time="0.0024497509002685547"></testcase><testcase classname="src.pymortests.vectorarray" file="src/pymortests/vectorarray.py" line="608" name="test_lincomb_wrong_coefficients[1-&lt;lambda&gt;19]" time="0.0043163299560546875"></testcase><testcase classname="src.pymortests.vectorarray" file="src/pymortests/vectorarray.py" line="608" name="test_lincomb_wrong_coefficients[1-&lt;lambda&gt;20]" time="0.01182866096496582"></testcase><testcase classname="src.pymortests.vectorarray" file="src/pymortests/vectorarray.py" line="608" name="test_lincomb_wrong_coefficients[1-&lt;lambda&gt;21]" time="0.023621559143066406"></testcase><testcase classname="src.pymortests.vectorarray" file="src/pymortests/vectorarray.py" line="608" name="test_lincomb_wrong_coefficients[1-&lt;lambda&gt;22]" time="0.0027697086334228516"></testcase><testcase classname="src.pymortests.vectorarray" file="src/pymortests/vectorarray.py" line="608" name="test_lincomb_wrong_coefficients[1-&lt;lambda&gt;23]" time="0.002027273178100586"></testcase><testcase classname="src.pymortests.vectorarray" file="src/pymortests/vectorarray.py" line="608" name="test_lincomb_wrong_coefficients[1-&lt;lambda&gt;24]" time="0.003556489944458008"></testcase><testcase classname="src.pymortests.vectorarray" file="src/pymortests/vectorarray.py" line="608" name="test_lincomb_wrong_coefficients[1-&lt;lambda&gt;25]" time="0.025731325149536133"></testcase><testcase classname="src.pymortests.vectorarray" file="src/pymortests/vectorarray.py" line="608" name="test_lincomb_wrong_coefficients[1-&lt;lambda&gt;26]" time="0.05690598487854004"></testcase><testcase classname="src.pymortests.vectorarray" file="src/pymortests/vectorarray.py" line="608" name="test_lincomb_wrong_coefficients[2-&lt;lambda&gt;0]" time="0.002967357635498047"></testcase><testcase classname="src.pymortests.vectorarray" file="src/pymortests/vectorarray.py" line="608" name="test_lincomb_wrong_coefficients[2-&lt;lambda&gt;1]" time="0.002228260040283203"></testcase><testcase classname="src.pymortests.vectorarray" file="src/pymortests/vectorarray.py" line="608" name="test_lincomb_wrong_coefficients[2-&lt;lambda&gt;2]" time="0.002828359603881836"></testcase><testcase classname="src.pymortests.vectorarray" file="src/pymortests/vectorarray.py" line="608" name="test_lincomb_wrong_coefficients[2-&lt;lambda&gt;3]" time="0.0035943984985351562"></testcase><testcase classname="src.pymortests.vectorarray" file="src/pymortests/vectorarray.py" line="608" name="test_lincomb_wrong_coefficients[2-&lt;lambda&gt;4]" time="0.0041234493255615234"></testcase><testcase classname="src.pymortests.vectorarray" file="src/pymortests/vectorarray.py" line="608" name="test_lincomb_wrong_coefficients[2-&lt;lambda&gt;5]" time="0.001918792724609375"></testcase><testcase classname="src.pymortests.vectorarray" file="src/pymortests/vectorarray.py" line="608" name="test_lincomb_wrong_coefficients[2-&lt;lambda&gt;6]" time="0.0017528533935546875"></testcase><testcase classname="src.pymortests.vectorarray" file="src/pymortests/vectorarray.py" line="608" name="test_lincomb_wrong_coefficients[2-&lt;lambda&gt;7]" time="0.002611398696899414"></testcase><testcase classname="src.pymortests.vectorarray" file="src/pymortests/vectorarray.py" line="608" name="test_lincomb_wrong_coefficients[2-&lt;lambda&gt;8]" time="0.003790140151977539"></testcase><testcase classname="src.pymortests.vectorarray" file="src/pymortests/vectorarray.py" line="608" name="test_lincomb_wrong_coefficients[2-&lt;lambda&gt;9]" time="0.004731416702270508"></testcase><testcase classname="src.pymortests.vectorarray" file="src/pymortests/vectorarray.py" line="608" name="test_lincomb_wrong_coefficients[2-&lt;lambda&gt;10]" time="0.0024645328521728516"></testcase><testcase classname="src.pymortests.vectorarray" file="src/pymortests/vectorarray.py" line="608" name="test_lincomb_wrong_coefficients[2-&lt;lambda&gt;11]" time="0.004026174545288086"></testcase><testcase classname="src.pymortests.vectorarray" file="src/pymortests/vectorarray.py" line="608" name="test_lincomb_wrong_coefficients[2-&lt;lambda&gt;12]" time="0.004094362258911133"></testcase><testcase classname="src.pymortests.vectorarray" file="src/pymortests/vectorarray.py" line="608" name="test_lincomb_wrong_coefficients[2-&lt;lambda&gt;13]" time="0.003236055374145508"></testcase><testcase classname="src.pymortests.vectorarray" file="src/pymortests/vectorarray.py" line="608" name="test_lincomb_wrong_coefficients[2-&lt;lambda&gt;14]" time="0.004049777984619141"></testcase><testcase classname="src.pymortests.vectorarray" file="src/pymortests/vectorarray.py" line="608" name="test_lincomb_wrong_coefficients[2-&lt;lambda&gt;15]" time="0.005890369415283203"></testcase><testcase classname="src.pymortests.vectorarray" file="src/pymortests/vectorarray.py" line="608" name="test_lincomb_wrong_coefficients[2-&lt;lambda&gt;16]" time="0.0075113773345947266"></testcase><testcase classname="src.pymortests.vectorarray" file="src/pymortests/vectorarray.py" line="608" name="test_lincomb_wrong_coefficients[2-&lt;lambda&gt;17]" time="0.002660989761352539"></testcase><testcase classname="src.pymortests.vectorarray" file="src/pymortests/vectorarray.py" line="608" name="test_lincomb_wrong_coefficients[2-&lt;lambda&gt;18]" time="0.002440214157104492"></testcase><testcase classname="src.pymortests.vectorarray" file="src/pymortests/vectorarray.py" line="608" name="test_lincomb_wrong_coefficients[2-&lt;lambda&gt;19]" time="0.004338979721069336"></testcase><testcase classname="src.pymortests.vectorarray" file="src/pymortests/vectorarray.py" line="608" name="test_lincomb_wrong_coefficients[2-&lt;lambda&gt;20]" time="0.011769294738769531"></testcase><testcase classname="src.pymortests.vectorarray" file="src/pymortests/vectorarray.py" line="608" name="test_lincomb_wrong_coefficients[2-&lt;lambda&gt;21]" time="0.023424863815307617"></testcase><testcase classname="src.pymortests.vectorarray" file="src/pymortests/vectorarray.py" line="608" name="test_lincomb_wrong_coefficients[2-&lt;lambda&gt;22]" time="0.0027256011962890625"></testcase><testcase classname="src.pymortests.vectorarray" file="src/pymortests/vectorarray.py" line="608" name="test_lincomb_wrong_coefficients[2-&lt;lambda&gt;23]" time="0.001878976821899414"></testcase><testcase classname="src.pymortests.vectorarray" file="src/pymortests/vectorarray.py" line="608" name="test_lincomb_wrong_coefficients[2-&lt;lambda&gt;24]" time="0.003514528274536133"></testcase><testcase classname="src.pymortests.vectorarray" file="src/pymortests/vectorarray.py" line="608" name="test_lincomb_wrong_coefficients[2-&lt;lambda&gt;25]" time="0.025533676147460938"></testcase><testcase classname="src.pymortests.vectorarray" file="src/pymortests/vectorarray.py" line="608" name="test_lincomb_wrong_coefficients[2-&lt;lambda&gt;26]" time="0.05647683143615723"></testcase><testcase classname="src.pymortests.vectorarray" file="src/pymortests/vectorarray.py" line="627" name="test_l1_norm[0-&lt;lambda&gt;0]" time="0.006558895111083984"></testcase><testcase classname="src.pymortests.vectorarray" file="src/pymortests/vectorarray.py" line="627" name="test_l1_norm[0-&lt;lambda&gt;1]" time="0.005287647247314453"></testcase><testcase classname="src.pymortests.vectorarray" file="src/pymortests/vectorarray.py" line="627" name="test_l1_norm[0-&lt;lambda&gt;2]" time="0.006574153900146484"></testcase><testcase classname="src.pymortests.vectorarray" file="src/pymortests/vectorarray.py" line="627" name="test_l1_norm[0-&lt;lambda&gt;3]" time="0.007245779037475586"></testcase><testcase classname="src.pymortests.vectorarray" file="src/pymortests/vectorarray.py" line="627" name="test_l1_norm[0-&lt;lambda&gt;4]" time="0.007666587829589844"></testcase><testcase classname="src.pymortests.vectorarray" file="src/pymortests/vectorarray.py" line="627" name="test_l1_norm[0-&lt;lambda&gt;5]" time="0.00460505485534668"></testcase><testcase classname="src.pymortests.vectorarray" file="src/pymortests/vectorarray.py" line="627" name="test_l1_norm[0-&lt;lambda&gt;6]" time="0.004466533660888672"></testcase><testcase classname="src.pymortests.vectorarray" file="src/pymortests/vectorarray.py" line="627" name="test_l1_norm[0-&lt;lambda&gt;7]" time="0.007128715515136719"></testcase><testcase classname="src.pymortests.vectorarray" file="src/pymortests/vectorarray.py" line="627" name="test_l1_norm[0-&lt;lambda&gt;8]" time="0.029111623764038086"></testcase><testcase classname="src.pymortests.vectorarray" file="src/pymortests/vectorarray.py" line="627" name="test_l1_norm[0-&lt;lambda&gt;9]" time="0.049886226654052734"></testcase><testcase classname="src.pymortests.vectorarray" file="src/pymortests/vectorarray.py" line="627" name="test_l1_norm[0-&lt;lambda&gt;10]" time="0.00958395004272461"></testcase><testcase classname="src.pymortests.vectorarray" file="src/pymortests/vectorarray.py" line="627" name="test_l1_norm[0-&lt;lambda&gt;11]" time="0.011348247528076172"></testcase><testcase classname="src.pymortests.vectorarray" file="src/pymortests/vectorarray.py" line="627" name="test_l1_norm[0-&lt;lambda&gt;12]" time="0.011182546615600586"></testcase><testcase classname="src.pymortests.vectorarray" file="src/pymortests/vectorarray.py" line="627" name="test_l1_norm[0-&lt;lambda&gt;13]" time="0.009658336639404297"></testcase><testcase classname="src.pymortests.vectorarray" file="src/pymortests/vectorarray.py" line="627" name="test_l1_norm[0-&lt;lambda&gt;14]" time="0.011349678039550781"></testcase><testcase classname="src.pymortests.vectorarray" file="src/pymortests/vectorarray.py" line="627" name="test_l1_norm[0-&lt;lambda&gt;15]" time="0.015152454376220703"></testcase><testcase classname="src.pymortests.vectorarray" file="src/pymortests/vectorarray.py" line="627" name="test_l1_norm[0-&lt;lambda&gt;16]" time="0.016428709030151367"></testcase><testcase classname="src.pymortests.vectorarray" file="src/pymortests/vectorarray.py" line="627" name="test_l1_norm[0-&lt;lambda&gt;17]" time="0.012328863143920898"></testcase><testcase classname="src.pymortests.vectorarray" file="src/pymortests/vectorarray.py" line="627" name="test_l1_norm[0-&lt;lambda&gt;18]" time="0.01150822639465332"></testcase><testcase classname="src.pymortests.vectorarray" file="src/pymortests/vectorarray.py" line="627" name="test_l1_norm[0-&lt;lambda&gt;19]" time="0.018799304962158203"></testcase><testcase classname="src.pymortests.vectorarray" file="src/pymortests/vectorarray.py" line="627" name="test_l1_norm[0-&lt;lambda&gt;20]" time="0.047575950622558594"></testcase><testcase classname="src.pymortests.vectorarray" file="src/pymortests/vectorarray.py" line="627" name="test_l1_norm[0-&lt;lambda&gt;21]" time="0.09533095359802246"></testcase><testcase classname="src.pymortests.vectorarray" file="src/pymortests/vectorarray.py" line="627" name="test_l1_norm[0-&lt;lambda&gt;22]" time="0.0061109066009521484"></testcase><testcase classname="src.pymortests.vectorarray" file="src/pymortests/vectorarray.py" line="627" name="test_l1_norm[0-&lt;lambda&gt;23]" time="0.004831790924072266"></testcase><testcase classname="src.pymortests.vectorarray" file="src/pymortests/vectorarray.py" line="627" name="test_l1_norm[0-&lt;lambda&gt;24]" time="0.01931023597717285"></testcase><testcase classname="src.pymortests.vectorarray" file="src/pymortests/vectorarray.py" line="627" name="test_l1_norm[0-&lt;lambda&gt;25]" time="0.3977363109588623"></testcase><testcase classname="src.pymortests.vectorarray" file="src/pymortests/vectorarray.py" line="627" name="test_l1_norm[0-&lt;lambda&gt;26]" time="0.9251015186309814"></testcase><testcase classname="src.pymortests.vectorarray" file="src/pymortests/vectorarray.py" line="627" name="test_l1_norm[1-&lt;lambda&gt;0]" time="0.0065038204193115234"></testcase><testcase classname="src.pymortests.vectorarray" file="src/pymortests/vectorarray.py" line="627" name="test_l1_norm[1-&lt;lambda&gt;1]" time="0.005270242691040039"></testcase><testcase classname="src.pymortests.vectorarray" file="src/pymortests/vectorarray.py" line="627" name="test_l1_norm[1-&lt;lambda&gt;2]" time="0.006428956985473633"></testcase><testcase classname="src.pymortests.vectorarray" file="src/pymortests/vectorarray.py" line="627" name="test_l1_norm[1-&lt;lambda&gt;3]" time="0.0073506832122802734"></testcase><testcase classname="src.pymortests.vectorarray" file="src/pymortests/vectorarray.py" line="627" name="test_l1_norm[1-&lt;lambda&gt;4]" time="0.007630348205566406"></testcase><testcase classname="src.pymortests.vectorarray" file="src/pymortests/vectorarray.py" line="627" name="test_l1_norm[1-&lt;lambda&gt;5]" time="0.004473686218261719"></testcase><testcase classname="src.pymortests.vectorarray" file="src/pymortests/vectorarray.py" line="627" name="test_l1_norm[1-&lt;lambda&gt;6]" time="0.004438877105712891"></testcase><testcase classname="src.pymortests.vectorarray" file="src/pymortests/vectorarray.py" line="627" name="test_l1_norm[1-&lt;lambda&gt;7]" time="0.007170677185058594"></testcase><testcase classname="src.pymortests.vectorarray" file="src/pymortests/vectorarray.py" line="627" name="test_l1_norm[1-&lt;lambda&gt;8]" time="0.026807546615600586"></testcase><testcase classname="src.pymortests.vectorarray" file="src/pymortests/vectorarray.py" line="627" name="test_l1_norm[1-&lt;lambda&gt;9]" time="0.05066990852355957"></testcase><testcase classname="src.pymortests.vectorarray" file="src/pymortests/vectorarray.py" line="627" name="test_l1_norm[1-&lt;lambda&gt;10]" time="0.009635210037231445"></testcase><testcase classname="src.pymortests.vectorarray" file="src/pymortests/vectorarray.py" line="627" name="test_l1_norm[1-&lt;lambda&gt;11]" time="0.011479854583740234"></testcase><testcase classname="src.pymortests.vectorarray" file="src/pymortests/vectorarray.py" line="627" name="test_l1_norm[1-&lt;lambda&gt;12]" time="0.012368202209472656"></testcase><testcase classname="src.pymortests.vectorarray" file="src/pymortests/vectorarray.py" line="627" name="test_l1_norm[1-&lt;lambda&gt;13]" time="0.00938868522644043"></testcase><testcase classname="src.pymortests.vectorarray" file="src/pymortests/vectorarray.py" line="627" name="test_l1_norm[1-&lt;lambda&gt;14]" time="0.01145482063293457"></testcase><testcase classname="src.pymortests.vectorarray" file="src/pymortests/vectorarray.py" line="627" name="test_l1_norm[1-&lt;lambda&gt;15]" time="0.015254974365234375"></testcase><testcase classname="src.pymortests.vectorarray" file="src/pymortests/vectorarray.py" line="627" name="test_l1_norm[1-&lt;lambda&gt;16]" time="0.01652216911315918"></testcase><testcase classname="src.pymortests.vectorarray" file="src/pymortests/vectorarray.py" line="627" name="test_l1_norm[1-&lt;lambda&gt;17]" time="0.012148857116699219"></testcase><testcase classname="src.pymortests.vectorarray" file="src/pymortests/vectorarray.py" line="627" name="test_l1_norm[1-&lt;lambda&gt;18]" time="0.011817455291748047"></testcase><testcase classname="src.pymortests.vectorarray" file="src/pymortests/vectorarray.py" line="627" name="test_l1_norm[1-&lt;lambda&gt;19]" time="0.02052164077758789"></testcase><testcase classname="src.pymortests.vectorarray" file="src/pymortests/vectorarray.py" line="627" name="test_l1_norm[1-&lt;lambda&gt;20]" time="0.04719066619873047"></testcase><testcase classname="src.pymortests.vectorarray" file="src/pymortests/vectorarray.py" line="627" name="test_l1_norm[1-&lt;lambda&gt;21]" time="0.09594345092773438"></testcase><testcase classname="src.pymortests.vectorarray" file="src/pymortests/vectorarray.py" line="627" name="test_l1_norm[1-&lt;lambda&gt;22]" time="0.005891084671020508"></testcase><testcase classname="src.pymortests.vectorarray" file="src/pymortests/vectorarray.py" line="627" name="test_l1_norm[1-&lt;lambda&gt;23]" time="0.006044149398803711"></testcase><testcase classname="src.pymortests.vectorarray" file="src/pymortests/vectorarray.py" line="627" name="test_l1_norm[1-&lt;lambda&gt;24]" time="0.020144224166870117"></testcase><testcase classname="src.pymortests.vectorarray" file="src/pymortests/vectorarray.py" line="627" name="test_l1_norm[1-&lt;lambda&gt;25]" time="0.4182579517364502"></testcase><testcase classname="src.pymortests.vectorarray" file="src/pymortests/vectorarray.py" line="627" name="test_l1_norm[1-&lt;lambda&gt;26]" time="0.9737648963928223"></testcase><testcase classname="src.pymortests.vectorarray" file="src/pymortests/vectorarray.py" line="627" name="test_l1_norm[2-&lt;lambda&gt;0]" time="0.006418943405151367"></testcase><testcase classname="src.pymortests.vectorarray" file="src/pymortests/vectorarray.py" line="627" name="test_l1_norm[2-&lt;lambda&gt;1]" time="0.005433559417724609"></testcase><testcase classname="src.pymortests.vectorarray" file="src/pymortests/vectorarray.py" line="627" name="test_l1_norm[2-&lt;lambda&gt;2]" time="0.006385087966918945"></testcase><testcase classname="src.pymortests.vectorarray" file="src/pymortests/vectorarray.py" line="627" name="test_l1_norm[2-&lt;lambda&gt;3]" time="0.007277250289916992"></testcase><testcase classname="src.pymortests.vectorarray" file="src/pymortests/vectorarray.py" line="627" name="test_l1_norm[2-&lt;lambda&gt;4]" time="0.007832527160644531"></testcase><testcase classname="src.pymortests.vectorarray" file="src/pymortests/vectorarray.py" line="627" name="test_l1_norm[2-&lt;lambda&gt;5]" time="0.004672050476074219"></testcase><testcase classname="src.pymortests.vectorarray" file="src/pymortests/vectorarray.py" line="627" name="test_l1_norm[2-&lt;lambda&gt;6]" time="0.004506587982177734"></testcase><testcase classname="src.pymortests.vectorarray" file="src/pymortests/vectorarray.py" line="627" name="test_l1_norm[2-&lt;lambda&gt;7]" time="0.007000923156738281"></testcase><testcase classname="src.pymortests.vectorarray" file="src/pymortests/vectorarray.py" line="627" name="test_l1_norm[2-&lt;lambda&gt;8]" time="0.026564598083496094"></testcase><testcase classname="src.pymortests.vectorarray" file="src/pymortests/vectorarray.py" line="627" name="test_l1_norm[2-&lt;lambda&gt;9]" time="0.051249027252197266"></testcase><testcase classname="src.pymortests.vectorarray" file="src/pymortests/vectorarray.py" line="627" name="test_l1_norm[2-&lt;lambda&gt;10]" time="0.009716510772705078"></testcase><testcase classname="src.pymortests.vectorarray" file="src/pymortests/vectorarray.py" line="627" name="test_l1_norm[2-&lt;lambda&gt;11]" time="0.011715173721313477"></testcase><testcase classname="src.pymortests.vectorarray" file="src/pymortests/vectorarray.py" line="627" name="test_l1_norm[2-&lt;lambda&gt;12]" time="0.011342763900756836"></testcase><testcase classname="src.pymortests.vectorarray" file="src/pymortests/vectorarray.py" line="627" name="test_l1_norm[2-&lt;lambda&gt;13]" time="0.00958704948425293"></testcase><testcase classname="src.pymortests.vectorarray" file="src/pymortests/vectorarray.py" line="627" name="test_l1_norm[2-&lt;lambda&gt;14]" time="0.011629581451416016"></testcase><testcase classname="src.pymortests.vectorarray" file="src/pymortests/vectorarray.py" line="627" name="test_l1_norm[2-&lt;lambda&gt;15]" time="0.01533365249633789"></testcase><testcase classname="src.pymortests.vectorarray" file="src/pymortests/vectorarray.py" line="627" name="test_l1_norm[2-&lt;lambda&gt;16]" time="0.01686406135559082"></testcase><testcase classname="src.pymortests.vectorarray" file="src/pymortests/vectorarray.py" line="627" name="test_l1_norm[2-&lt;lambda&gt;17]" time="0.011965513229370117"></testcase><testcase classname="src.pymortests.vectorarray" file="src/pymortests/vectorarray.py" line="627" name="test_l1_norm[2-&lt;lambda&gt;18]" time="0.0117034912109375"></testcase><testcase classname="src.pymortests.vectorarray" file="src/pymortests/vectorarray.py" line="627" name="test_l1_norm[2-&lt;lambda&gt;19]" time="0.01849961280822754"></testcase><testcase classname="src.pymortests.vectorarray" file="src/pymortests/vectorarray.py" line="627" name="test_l1_norm[2-&lt;lambda&gt;20]" time="0.04703807830810547"></testcase><testcase classname="src.pymortests.vectorarray" file="src/pymortests/vectorarray.py" line="627" name="test_l1_norm[2-&lt;lambda&gt;21]" time="0.10026383399963379"></testcase><testcase classname="src.pymortests.vectorarray" file="src/pymortests/vectorarray.py" line="627" name="test_l1_norm[2-&lt;lambda&gt;22]" time="0.005865335464477539"></testcase><testcase classname="src.pymortests.vectorarray" file="src/pymortests/vectorarray.py" line="627" name="test_l1_norm[2-&lt;lambda&gt;23]" time="0.004862546920776367"></testcase><testcase classname="src.pymortests.vectorarray" file="src/pymortests/vectorarray.py" line="627" name="test_l1_norm[2-&lt;lambda&gt;24]" time="0.02013683319091797"></testcase><testcase classname="src.pymortests.vectorarray" file="src/pymortests/vectorarray.py" line="627" name="test_l1_norm[2-&lt;lambda&gt;25]" time="0.42096590995788574"></testcase><testcase classname="src.pymortests.vectorarray" file="src/pymortests/vectorarray.py" line="627" name="test_l1_norm[2-&lt;lambda&gt;26]" time="0.972564697265625"></testcase><testcase classname="src.pymortests.vectorarray" file="src/pymortests/vectorarray.py" line="649" name="test_l2_norm[0-&lt;lambda&gt;0]" time="0.006585359573364258"></testcase><testcase classname="src.pymortests.vectorarray" file="src/pymortests/vectorarray.py" line="649" name="test_l2_norm[0-&lt;lambda&gt;1]" time="0.005521535873413086"></testcase><testcase classname="src.pymortests.vectorarray" file="src/pymortests/vectorarray.py" line="649" name="test_l2_norm[0-&lt;lambda&gt;2]" time="0.006821393966674805"></testcase><testcase classname="src.pymortests.vectorarray" file="src/pymortests/vectorarray.py" line="649" name="test_l2_norm[0-&lt;lambda&gt;3]" time="0.007537364959716797"></testcase><testcase classname="src.pymortests.vectorarray" file="src/pymortests/vectorarray.py" line="649" name="test_l2_norm[0-&lt;lambda&gt;4]" time="0.007848024368286133"></testcase><testcase classname="src.pymortests.vectorarray" file="src/pymortests/vectorarray.py" line="649" name="test_l2_norm[0-&lt;lambda&gt;5]" time="0.0045931339263916016"></testcase><testcase classname="src.pymortests.vectorarray" file="src/pymortests/vectorarray.py" line="649" name="test_l2_norm[0-&lt;lambda&gt;6]" time="0.0043904781341552734"></testcase><testcase classname="src.pymortests.vectorarray" file="src/pymortests/vectorarray.py" line="649" name="test_l2_norm[0-&lt;lambda&gt;7]" time="0.0071468353271484375"></testcase><testcase classname="src.pymortests.vectorarray" file="src/pymortests/vectorarray.py" line="649" name="test_l2_norm[0-&lt;lambda&gt;8]" time="0.02684497833251953"></testcase><testcase classname="src.pymortests.vectorarray" file="src/pymortests/vectorarray.py" line="649" name="test_l2_norm[0-&lt;lambda&gt;9]" time="0.05090904235839844"></testcase><testcase classname="src.pymortests.vectorarray" file="src/pymortests/vectorarray.py" line="649" name="test_l2_norm[0-&lt;lambda&gt;10]" time="0.009368896484375"></testcase><testcase classname="src.pymortests.vectorarray" file="src/pymortests/vectorarray.py" line="649" name="test_l2_norm[0-&lt;lambda&gt;11]" time="0.01140594482421875"></testcase><testcase classname="src.pymortests.vectorarray" file="src/pymortests/vectorarray.py" line="649" name="test_l2_norm[0-&lt;lambda&gt;12]" time="0.01124715805053711"></testcase><testcase classname="src.pymortests.vectorarray" file="src/pymortests/vectorarray.py" line="649" name="test_l2_norm[0-&lt;lambda&gt;13]" time="0.009468317031860352"></testcase><testcase classname="src.pymortests.vectorarray" file="src/pymortests/vectorarray.py" line="649" name="test_l2_norm[0-&lt;lambda&gt;14]" time="0.01160740852355957"></testcase><testcase classname="src.pymortests.vectorarray" file="src/pymortests/vectorarray.py" line="649" name="test_l2_norm[0-&lt;lambda&gt;15]" time="0.015532255172729492"></testcase><testcase classname="src.pymortests.vectorarray" file="src/pymortests/vectorarray.py" line="649" name="test_l2_norm[0-&lt;lambda&gt;16]" time="0.01635003089904785"></testcase><testcase classname="src.pymortests.vectorarray" file="src/pymortests/vectorarray.py" line="649" name="test_l2_norm[0-&lt;lambda&gt;17]" time="0.012385368347167969"></testcase><testcase classname="src.pymortests.vectorarray" file="src/pymortests/vectorarray.py" line="649" name="test_l2_norm[0-&lt;lambda&gt;18]" time="0.012065410614013672"></testcase><testcase classname="src.pymortests.vectorarray" file="src/pymortests/vectorarray.py" line="649" name="test_l2_norm[0-&lt;lambda&gt;19]" time="0.021378517150878906"></testcase><testcase classname="src.pymortests.vectorarray" file="src/pymortests/vectorarray.py" line="649" name="test_l2_norm[0-&lt;lambda&gt;20]" time="0.05029153823852539"></testcase><testcase classname="src.pymortests.vectorarray" file="src/pymortests/vectorarray.py" line="649" name="test_l2_norm[0-&lt;lambda&gt;21]" time="0.10208582878112793"></testcase><testcase classname="src.pymortests.vectorarray" file="src/pymortests/vectorarray.py" line="649" name="test_l2_norm[0-&lt;lambda&gt;22]" time="0.006028890609741211"></testcase><testcase classname="src.pymortests.vectorarray" file="src/pymortests/vectorarray.py" line="649" name="test_l2_norm[0-&lt;lambda&gt;23]" time="0.004826784133911133"></testcase><testcase classname="src.pymortests.vectorarray" file="src/pymortests/vectorarray.py" line="649" name="test_l2_norm[0-&lt;lambda&gt;24]" time="0.01690673828125"></testcase><testcase classname="src.pymortests.vectorarray" file="src/pymortests/vectorarray.py" line="649" name="test_l2_norm[0-&lt;lambda&gt;25]" time="0.37375855445861816"></testcase><testcase classname="src.pymortests.vectorarray" file="src/pymortests/vectorarray.py" line="649" name="test_l2_norm[0-&lt;lambda&gt;26]" time="0.8614101409912109"></testcase><testcase classname="src.pymortests.vectorarray" file="src/pymortests/vectorarray.py" line="649" name="test_l2_norm[1-&lt;lambda&gt;0]" time="0.0068204402923583984"></testcase><testcase classname="src.pymortests.vectorarray" file="src/pymortests/vectorarray.py" line="649" name="test_l2_norm[1-&lt;lambda&gt;1]" time="0.00548553466796875"></testcase><testcase classname="src.pymortests.vectorarray" file="src/pymortests/vectorarray.py" line="649" name="test_l2_norm[1-&lt;lambda&gt;2]" time="0.006577253341674805"></testcase><testcase classname="src.pymortests.vectorarray" file="src/pymortests/vectorarray.py" line="649" name="test_l2_norm[1-&lt;lambda&gt;3]" time="0.007815361022949219"></testcase><testcase classname="src.pymortests.vectorarray" file="src/pymortests/vectorarray.py" line="649" name="test_l2_norm[1-&lt;lambda&gt;4]" time="0.007984399795532227"></testcase><testcase classname="src.pymortests.vectorarray" file="src/pymortests/vectorarray.py" line="649" name="test_l2_norm[1-&lt;lambda&gt;5]" time="0.004667520523071289"></testcase><testcase classname="src.pymortests.vectorarray" file="src/pymortests/vectorarray.py" line="649" name="test_l2_norm[1-&lt;lambda&gt;6]" time="0.0044786930084228516"></testcase><testcase classname="src.pymortests.vectorarray" file="src/pymortests/vectorarray.py" line="649" name="test_l2_norm[1-&lt;lambda&gt;7]" time="0.007154703140258789"></testcase><testcase classname="src.pymortests.vectorarray" file="src/pymortests/vectorarray.py" line="649" name="test_l2_norm[1-&lt;lambda&gt;8]" time="0.02696824073791504"></testcase><testcase classname="src.pymortests.vectorarray" file="src/pymortests/vectorarray.py" line="649" name="test_l2_norm[1-&lt;lambda&gt;9]" time="0.0512850284576416"></testcase><testcase classname="src.pymortests.vectorarray" file="src/pymortests/vectorarray.py" line="649" name="test_l2_norm[1-&lt;lambda&gt;10]" time="0.00953984260559082"></testcase><testcase classname="src.pymortests.vectorarray" file="src/pymortests/vectorarray.py" line="649" name="test_l2_norm[1-&lt;lambda&gt;11]" time="0.011660337448120117"></testcase><testcase classname="src.pymortests.vectorarray" file="src/pymortests/vectorarray.py" line="649" name="test_l2_norm[1-&lt;lambda&gt;12]" time="0.011340856552124023"></testcase><testcase classname="src.pymortests.vectorarray" file="src/pymortests/vectorarray.py" line="649" name="test_l2_norm[1-&lt;lambda&gt;13]" time="0.009491205215454102"></testcase><testcase classname="src.pymortests.vectorarray" file="src/pymortests/vectorarray.py" line="649" name="test_l2_norm[1-&lt;lambda&gt;14]" time="0.01145482063293457"></testcase><testcase classname="src.pymortests.vectorarray" file="src/pymortests/vectorarray.py" line="649" name="test_l2_norm[1-&lt;lambda&gt;15]" time="0.015366315841674805"></testcase><testcase classname="src.pymortests.vectorarray" file="src/pymortests/vectorarray.py" line="649" name="test_l2_norm[1-&lt;lambda&gt;16]" time="0.016780614852905273"></testcase><testcase classname="src.pymortests.vectorarray" file="src/pymortests/vectorarray.py" line="649" name="test_l2_norm[1-&lt;lambda&gt;17]" time="0.011899709701538086"></testcase><testcase classname="src.pymortests.vectorarray" file="src/pymortests/vectorarray.py" line="649" name="test_l2_norm[1-&lt;lambda&gt;18]" time="0.011794567108154297"></testcase><testcase classname="src.pymortests.vectorarray" file="src/pymortests/vectorarray.py" line="649" name="test_l2_norm[1-&lt;lambda&gt;19]" time="0.021602869033813477"></testcase><testcase classname="src.pymortests.vectorarray" file="src/pymortests/vectorarray.py" line="649" name="test_l2_norm[1-&lt;lambda&gt;20]" time="0.050359487533569336"></testcase><testcase classname="src.pymortests.vectorarray" file="src/pymortests/vectorarray.py" line="649" name="test_l2_norm[1-&lt;lambda&gt;21]" time="0.10291790962219238"></testcase><testcase classname="src.pymortests.vectorarray" file="src/pymortests/vectorarray.py" line="649" name="test_l2_norm[1-&lt;lambda&gt;22]" time="0.00588679313659668"></testcase><testcase classname="src.pymortests.vectorarray" file="src/pymortests/vectorarray.py" line="649" name="test_l2_norm[1-&lt;lambda&gt;23]" time="0.004731416702270508"></testcase><testcase classname="src.pymortests.vectorarray" file="src/pymortests/vectorarray.py" line="649" name="test_l2_norm[1-&lt;lambda&gt;24]" time="0.017292499542236328"></testcase><testcase classname="src.pymortests.vectorarray" file="src/pymortests/vectorarray.py" line="649" name="test_l2_norm[1-&lt;lambda&gt;25]" time="0.3955855369567871"></testcase><testcase classname="src.pymortests.vectorarray" file="src/pymortests/vectorarray.py" line="649" name="test_l2_norm[1-&lt;lambda&gt;26]" time="0.9137756824493408"></testcase><testcase classname="src.pymortests.vectorarray" file="src/pymortests/vectorarray.py" line="649" name="test_l2_norm[2-&lt;lambda&gt;0]" time="0.007915496826171875"></testcase><testcase classname="src.pymortests.vectorarray" file="src/pymortests/vectorarray.py" line="649" name="test_l2_norm[2-&lt;lambda&gt;1]" time="0.006946086883544922"></testcase><testcase classname="src.pymortests.vectorarray" file="src/pymortests/vectorarray.py" line="649" name="test_l2_norm[2-&lt;lambda&gt;2]" time="0.006673097610473633"></testcase><testcase classname="src.pymortests.vectorarray" file="src/pymortests/vectorarray.py" line="649" name="test_l2_norm[2-&lt;lambda&gt;3]" time="0.007551908493041992"></testcase><testcase classname="src.pymortests.vectorarray" file="src/pymortests/vectorarray.py" line="649" name="test_l2_norm[2-&lt;lambda&gt;4]" time="0.007703304290771484"></testcase><testcase classname="src.pymortests.vectorarray" file="src/pymortests/vectorarray.py" line="649" name="test_l2_norm[2-&lt;lambda&gt;5]" time="0.00454258918762207"></testcase><testcase classname="src.pymortests.vectorarray" file="src/pymortests/vectorarray.py" line="649" name="test_l2_norm[2-&lt;lambda&gt;6]" time="0.0045435428619384766"></testcase><testcase classname="src.pymortests.vectorarray" file="src/pymortests/vectorarray.py" line="649" name="test_l2_norm[2-&lt;lambda&gt;7]" time="0.007071018218994141"></testcase><testcase classname="src.pymortests.vectorarray" file="src/pymortests/vectorarray.py" line="649" name="test_l2_norm[2-&lt;lambda&gt;8]" time="0.027044057846069336"></testcase><testcase classname="src.pymortests.vectorarray" file="src/pymortests/vectorarray.py" line="649" name="test_l2_norm[2-&lt;lambda&gt;9]" time="0.05082130432128906"></testcase><testcase classname="src.pymortests.vectorarray" file="src/pymortests/vectorarray.py" line="649" name="test_l2_norm[2-&lt;lambda&gt;10]" time="0.009231328964233398"></testcase><testcase classname="src.pymortests.vectorarray" file="src/pymortests/vectorarray.py" line="649" name="test_l2_norm[2-&lt;lambda&gt;11]" time="0.011472225189208984"></testcase><testcase classname="src.pymortests.vectorarray" file="src/pymortests/vectorarray.py" line="649" name="test_l2_norm[2-&lt;lambda&gt;12]" time="0.011326074600219727"></testcase><testcase classname="src.pymortests.vectorarray" file="src/pymortests/vectorarray.py" line="649" name="test_l2_norm[2-&lt;lambda&gt;13]" time="0.009534597396850586"></testcase><testcase classname="src.pymortests.vectorarray" file="src/pymortests/vectorarray.py" line="649" name="test_l2_norm[2-&lt;lambda&gt;14]" time="0.011368751525878906"></testcase><testcase classname="src.pymortests.vectorarray" file="src/pymortests/vectorarray.py" line="649" name="test_l2_norm[2-&lt;lambda&gt;15]" time="0.015480995178222656"></testcase><testcase classname="src.pymortests.vectorarray" file="src/pymortests/vectorarray.py" line="649" name="test_l2_norm[2-&lt;lambda&gt;16]" time="0.016776084899902344"></testcase><testcase classname="src.pymortests.vectorarray" file="src/pymortests/vectorarray.py" line="649" name="test_l2_norm[2-&lt;lambda&gt;17]" time="0.011880636215209961"></testcase><testcase classname="src.pymortests.vectorarray" file="src/pymortests/vectorarray.py" line="649" name="test_l2_norm[2-&lt;lambda&gt;18]" time="0.011909723281860352"></testcase><testcase classname="src.pymortests.vectorarray" file="src/pymortests/vectorarray.py" line="649" name="test_l2_norm[2-&lt;lambda&gt;19]" time="0.02145075798034668"></testcase><testcase classname="src.pymortests.vectorarray" file="src/pymortests/vectorarray.py" line="649" name="test_l2_norm[2-&lt;lambda&gt;20]" time="0.05071377754211426"></testcase><testcase classname="src.pymortests.vectorarray" file="src/pymortests/vectorarray.py" line="649" name="test_l2_norm[2-&lt;lambda&gt;21]" time="0.10281157493591309"></testcase><testcase classname="src.pymortests.vectorarray" file="src/pymortests/vectorarray.py" line="649" name="test_l2_norm[2-&lt;lambda&gt;22]" time="0.006044149398803711"></testcase><testcase classname="src.pymortests.vectorarray" file="src/pymortests/vectorarray.py" line="649" name="test_l2_norm[2-&lt;lambda&gt;23]" time="0.004824161529541016"></testcase><testcase classname="src.pymortests.vectorarray" file="src/pymortests/vectorarray.py" line="649" name="test_l2_norm[2-&lt;lambda&gt;24]" time="0.017455577850341797"></testcase><testcase classname="src.pymortests.vectorarray" file="src/pymortests/vectorarray.py" line="649" name="test_l2_norm[2-&lt;lambda&gt;25]" time="0.39213109016418457"></testcase><testcase classname="src.pymortests.vectorarray" file="src/pymortests/vectorarray.py" line="649" name="test_l2_norm[2-&lt;lambda&gt;26]" time="0.9122505187988281"></testcase><testcase classname="src.pymortests.vectorarray" file="src/pymortests/vectorarray.py" line="671" name="test_l2_norm2[0-&lt;lambda&gt;0]" time="0.006354570388793945"></testcase><testcase classname="src.pymortests.vectorarray" file="src/pymortests/vectorarray.py" line="671" name="test_l2_norm2[0-&lt;lambda&gt;1]" time="0.00517582893371582"></testcase><testcase classname="src.pymortests.vectorarray" file="src/pymortests/vectorarray.py" line="671" name="test_l2_norm2[0-&lt;lambda&gt;2]" time="0.006323337554931641"></testcase><testcase classname="src.pymortests.vectorarray" file="src/pymortests/vectorarray.py" line="671" name="test_l2_norm2[0-&lt;lambda&gt;3]" time="0.007292032241821289"></testcase><testcase classname="src.pymortests.vectorarray" file="src/pymortests/vectorarray.py" line="671" name="test_l2_norm2[0-&lt;lambda&gt;4]" time="0.0076618194580078125"></testcase><testcase classname="src.pymortests.vectorarray" file="src/pymortests/vectorarray.py" line="671" name="test_l2_norm2[0-&lt;lambda&gt;5]" time="0.0046961307525634766"></testcase><testcase classname="src.pymortests.vectorarray" file="src/pymortests/vectorarray.py" line="671" name="test_l2_norm2[0-&lt;lambda&gt;6]" time="0.004436492919921875"></testcase><testcase classname="src.pymortests.vectorarray" file="src/pymortests/vectorarray.py" line="671" name="test_l2_norm2[0-&lt;lambda&gt;7]" time="0.00709223747253418"></testcase><testcase classname="src.pymortests.vectorarray" file="src/pymortests/vectorarray.py" line="671" name="test_l2_norm2[0-&lt;lambda&gt;8]" time="0.029401302337646484"></testcase><testcase classname="src.pymortests.vectorarray" file="src/pymortests/vectorarray.py" line="671" name="test_l2_norm2[0-&lt;lambda&gt;9]" time="0.051264047622680664"></testcase><testcase classname="src.pymortests.vectorarray" file="src/pymortests/vectorarray.py" line="671" name="test_l2_norm2[0-&lt;lambda&gt;10]" time="0.009447097778320312"></testcase><testcase classname="src.pymortests.vectorarray" file="src/pymortests/vectorarray.py" line="671" name="test_l2_norm2[0-&lt;lambda&gt;11]" time="0.011253118515014648"></testcase><testcase classname="src.pymortests.vectorarray" file="src/pymortests/vectorarray.py" line="671" name="test_l2_norm2[0-&lt;lambda&gt;12]" time="0.011167287826538086"></testcase><testcase classname="src.pymortests.vectorarray" file="src/pymortests/vectorarray.py" line="671" name="test_l2_norm2[0-&lt;lambda&gt;13]" time="0.009057044982910156"></testcase><testcase classname="src.pymortests.vectorarray" file="src/pymortests/vectorarray.py" line="671" name="test_l2_norm2[0-&lt;lambda&gt;14]" time="0.01134634017944336"></testcase><testcase classname="src.pymortests.vectorarray" file="src/pymortests/vectorarray.py" line="671" name="test_l2_norm2[0-&lt;lambda&gt;15]" time="0.015153169631958008"></testcase><testcase classname="src.pymortests.vectorarray" file="src/pymortests/vectorarray.py" line="671" name="test_l2_norm2[0-&lt;lambda&gt;16]" time="0.016369104385375977"></testcase><testcase classname="src.pymortests.vectorarray" file="src/pymortests/vectorarray.py" line="671" name="test_l2_norm2[0-&lt;lambda&gt;17]" time="0.012076854705810547"></testcase><testcase classname="src.pymortests.vectorarray" file="src/pymortests/vectorarray.py" line="671" name="test_l2_norm2[0-&lt;lambda&gt;18]" time="0.011830806732177734"></testcase><testcase classname="src.pymortests.vectorarray" file="src/pymortests/vectorarray.py" line="671" name="test_l2_norm2[0-&lt;lambda&gt;19]" time="0.0216372013092041"></testcase><testcase classname="src.pymortests.vectorarray" file="src/pymortests/vectorarray.py" line="671" name="test_l2_norm2[0-&lt;lambda&gt;20]" time="0.050110578536987305"></testcase><testcase classname="src.pymortests.vectorarray" file="src/pymortests/vectorarray.py" line="671" name="test_l2_norm2[0-&lt;lambda&gt;21]" time="0.1015920639038086"></testcase><testcase classname="src.pymortests.vectorarray" file="src/pymortests/vectorarray.py" line="671" name="test_l2_norm2[0-&lt;lambda&gt;22]" time="0.005800485610961914"></testcase><testcase classname="src.pymortests.vectorarray" file="src/pymortests/vectorarray.py" line="671" name="test_l2_norm2[0-&lt;lambda&gt;23]" time="0.004689931869506836"></testcase><testcase classname="src.pymortests.vectorarray" file="src/pymortests/vectorarray.py" line="671" name="test_l2_norm2[0-&lt;lambda&gt;24]" time="0.016877412796020508"></testcase><testcase classname="src.pymortests.vectorarray" file="src/pymortests/vectorarray.py" line="671" name="test_l2_norm2[0-&lt;lambda&gt;25]" time="0.3690459728240967"></testcase><testcase classname="src.pymortests.vectorarray" file="src/pymortests/vectorarray.py" line="671" name="test_l2_norm2[0-&lt;lambda&gt;26]" time="0.8596186637878418"></testcase><testcase classname="src.pymortests.vectorarray" file="src/pymortests/vectorarray.py" line="671" name="test_l2_norm2[1-&lt;lambda&gt;0]" time="0.006440639495849609"></testcase><testcase classname="src.pymortests.vectorarray" file="src/pymortests/vectorarray.py" line="671" name="test_l2_norm2[1-&lt;lambda&gt;1]" time="0.005235433578491211"></testcase><testcase classname="src.pymortests.vectorarray" file="src/pymortests/vectorarray.py" line="671" name="test_l2_norm2[1-&lt;lambda&gt;2]" time="0.006200551986694336"></testcase><testcase classname="src.pymortests.vectorarray" file="src/pymortests/vectorarray.py" line="671" name="test_l2_norm2[1-&lt;lambda&gt;3]" time="0.007170200347900391"></testcase><testcase classname="src.pymortests.vectorarray" file="src/pymortests/vectorarray.py" line="671" name="test_l2_norm2[1-&lt;lambda&gt;4]" time="0.007630586624145508"></testcase><testcase classname="src.pymortests.vectorarray" file="src/pymortests/vectorarray.py" line="671" name="test_l2_norm2[1-&lt;lambda&gt;5]" time="0.004484415054321289"></testcase><testcase classname="src.pymortests.vectorarray" file="src/pymortests/vectorarray.py" line="671" name="test_l2_norm2[1-&lt;lambda&gt;6]" time="0.0043833255767822266"></testcase><testcase classname="src.pymortests.vectorarray" file="src/pymortests/vectorarray.py" line="671" name="test_l2_norm2[1-&lt;lambda&gt;7]" time="0.007131099700927734"></testcase><testcase classname="src.pymortests.vectorarray" file="src/pymortests/vectorarray.py" line="671" name="test_l2_norm2[1-&lt;lambda&gt;8]" time="0.027062416076660156"></testcase><testcase classname="src.pymortests.vectorarray" file="src/pymortests/vectorarray.py" line="671" name="test_l2_norm2[1-&lt;lambda&gt;9]" time="0.05190300941467285"></testcase><testcase classname="src.pymortests.vectorarray" file="src/pymortests/vectorarray.py" line="671" name="test_l2_norm2[1-&lt;lambda&gt;10]" time="0.009502410888671875"></testcase><testcase classname="src.pymortests.vectorarray" file="src/pymortests/vectorarray.py" line="671" name="test_l2_norm2[1-&lt;lambda&gt;11]" time="0.011381864547729492"></testcase><testcase classname="src.pymortests.vectorarray" file="src/pymortests/vectorarray.py" line="671" name="test_l2_norm2[1-&lt;lambda&gt;12]" time="0.01099395751953125"></testcase><testcase classname="src.pymortests.vectorarray" file="src/pymortests/vectorarray.py" line="671" name="test_l2_norm2[1-&lt;lambda&gt;13]" time="0.00921487808227539"></testcase><testcase classname="src.pymortests.vectorarray" file="src/pymortests/vectorarray.py" line="671" name="test_l2_norm2[1-&lt;lambda&gt;14]" time="0.011290788650512695"></testcase><testcase classname="src.pymortests.vectorarray" file="src/pymortests/vectorarray.py" line="671" name="test_l2_norm2[1-&lt;lambda&gt;15]" time="0.014883041381835938"></testcase><testcase classname="src.pymortests.vectorarray" file="src/pymortests/vectorarray.py" line="671" name="test_l2_norm2[1-&lt;lambda&gt;16]" time="0.016803979873657227"></testcase><testcase classname="src.pymortests.vectorarray" file="src/pymortests/vectorarray.py" line="671" name="test_l2_norm2[1-&lt;lambda&gt;17]" time="0.011898994445800781"></testcase><testcase classname="src.pymortests.vectorarray" file="src/pymortests/vectorarray.py" line="671" name="test_l2_norm2[1-&lt;lambda&gt;18]" time="0.011711835861206055"></testcase><testcase classname="src.pymortests.vectorarray" file="src/pymortests/vectorarray.py" line="671" name="test_l2_norm2[1-&lt;lambda&gt;19]" time="0.02129197120666504"></testcase><testcase classname="src.pymortests.vectorarray" file="src/pymortests/vectorarray.py" line="671" name="test_l2_norm2[1-&lt;lambda&gt;20]" time="0.05037808418273926"></testcase><testcase classname="src.pymortests.vectorarray" file="src/pymortests/vectorarray.py" line="671" name="test_l2_norm2[1-&lt;lambda&gt;21]" time="0.10586762428283691"></testcase><testcase classname="src.pymortests.vectorarray" file="src/pymortests/vectorarray.py" line="671" name="test_l2_norm2[1-&lt;lambda&gt;22]" time="0.005812644958496094"></testcase><testcase classname="src.pymortests.vectorarray" file="src/pymortests/vectorarray.py" line="671" name="test_l2_norm2[1-&lt;lambda&gt;23]" time="0.004721403121948242"></testcase><testcase classname="src.pymortests.vectorarray" file="src/pymortests/vectorarray.py" line="671" name="test_l2_norm2[1-&lt;lambda&gt;24]" time="0.017279624938964844"></testcase><testcase classname="src.pymortests.vectorarray" file="src/pymortests/vectorarray.py" line="671" name="test_l2_norm2[1-&lt;lambda&gt;25]" time="0.3905792236328125"></testcase><testcase classname="src.pymortests.vectorarray" file="src/pymortests/vectorarray.py" line="671" name="test_l2_norm2[1-&lt;lambda&gt;26]" time="0.9089899063110352"></testcase><testcase classname="src.pymortests.vectorarray" file="src/pymortests/vectorarray.py" line="671" name="test_l2_norm2[2-&lt;lambda&gt;0]" time="0.006115436553955078"></testcase><testcase classname="src.pymortests.vectorarray" file="src/pymortests/vectorarray.py" line="671" name="test_l2_norm2[2-&lt;lambda&gt;1]" time="0.005472421646118164"></testcase><testcase classname="src.pymortests.vectorarray" file="src/pymortests/vectorarray.py" line="671" name="test_l2_norm2[2-&lt;lambda&gt;2]" time="0.006251811981201172"></testcase><testcase classname="src.pymortests.vectorarray" file="src/pymortests/vectorarray.py" line="671" name="test_l2_norm2[2-&lt;lambda&gt;3]" time="0.0071947574615478516"></testcase><testcase classname="src.pymortests.vectorarray" file="src/pymortests/vectorarray.py" line="671" name="test_l2_norm2[2-&lt;lambda&gt;4]" time="0.007431745529174805"></testcase><testcase classname="src.pymortests.vectorarray" file="src/pymortests/vectorarray.py" line="671" name="test_l2_norm2[2-&lt;lambda&gt;5]" time="0.0048177242279052734"></testcase><testcase classname="src.pymortests.vectorarray" file="src/pymortests/vectorarray.py" line="671" name="test_l2_norm2[2-&lt;lambda&gt;6]" time="0.004486560821533203"></testcase><testcase classname="src.pymortests.vectorarray" file="src/pymortests/vectorarray.py" line="671" name="test_l2_norm2[2-&lt;lambda&gt;7]" time="0.007153749465942383"></testcase><testcase classname="src.pymortests.vectorarray" file="src/pymortests/vectorarray.py" line="671" name="test_l2_norm2[2-&lt;lambda&gt;8]" time="0.027000904083251953"></testcase><testcase classname="src.pymortests.vectorarray" file="src/pymortests/vectorarray.py" line="671" name="test_l2_norm2[2-&lt;lambda&gt;9]" time="0.05167531967163086"></testcase><testcase classname="src.pymortests.vectorarray" file="src/pymortests/vectorarray.py" line="671" name="test_l2_norm2[2-&lt;lambda&gt;10]" time="0.009490251541137695"></testcase><testcase classname="src.pymortests.vectorarray" file="src/pymortests/vectorarray.py" line="671" name="test_l2_norm2[2-&lt;lambda&gt;11]" time="0.011313199996948242"></testcase><testcase classname="src.pymortests.vectorarray" file="src/pymortests/vectorarray.py" line="671" name="test_l2_norm2[2-&lt;lambda&gt;12]" time="0.011195659637451172"></testcase><testcase classname="src.pymortests.vectorarray" file="src/pymortests/vectorarray.py" line="671" name="test_l2_norm2[2-&lt;lambda&gt;13]" time="0.009373664855957031"></testcase><testcase classname="src.pymortests.vectorarray" file="src/pymortests/vectorarray.py" line="671" name="test_l2_norm2[2-&lt;lambda&gt;14]" time="0.011042594909667969"></testcase><testcase classname="src.pymortests.vectorarray" file="src/pymortests/vectorarray.py" line="671" name="test_l2_norm2[2-&lt;lambda&gt;15]" time="0.014891862869262695"></testcase><testcase classname="src.pymortests.vectorarray" file="src/pymortests/vectorarray.py" line="671" name="test_l2_norm2[2-&lt;lambda&gt;16]" time="0.016437292098999023"></testcase><testcase classname="src.pymortests.vectorarray" file="src/pymortests/vectorarray.py" line="671" name="test_l2_norm2[2-&lt;lambda&gt;17]" time="0.01188969612121582"></testcase><testcase classname="src.pymortests.vectorarray" file="src/pymortests/vectorarray.py" line="671" name="test_l2_norm2[2-&lt;lambda&gt;18]" time="0.01194310188293457"></testcase><testcase classname="src.pymortests.vectorarray" file="src/pymortests/vectorarray.py" line="671" name="test_l2_norm2[2-&lt;lambda&gt;19]" time="0.021442413330078125"></testcase><testcase classname="src.pymortests.vectorarray" file="src/pymortests/vectorarray.py" line="671" name="test_l2_norm2[2-&lt;lambda&gt;20]" time="0.050507307052612305"></testcase><testcase classname="src.pymortests.vectorarray" file="src/pymortests/vectorarray.py" line="671" name="test_l2_norm2[2-&lt;lambda&gt;21]" time="0.10222411155700684"></testcase><testcase classname="src.pymortests.vectorarray" file="src/pymortests/vectorarray.py" line="671" name="test_l2_norm2[2-&lt;lambda&gt;22]" time="0.005982637405395508"></testcase><testcase classname="src.pymortests.vectorarray" file="src/pymortests/vectorarray.py" line="671" name="test_l2_norm2[2-&lt;lambda&gt;23]" time="0.004692792892456055"></testcase><testcase classname="src.pymortests.vectorarray" file="src/pymortests/vectorarray.py" line="671" name="test_l2_norm2[2-&lt;lambda&gt;24]" time="0.017449140548706055"></testcase><testcase classname="src.pymortests.vectorarray" file="src/pymortests/vectorarray.py" line="671" name="test_l2_norm2[2-&lt;lambda&gt;25]" time="0.3925192356109619"></testcase><testcase classname="src.pymortests.vectorarray" file="src/pymortests/vectorarray.py" line="671" name="test_l2_norm2[2-&lt;lambda&gt;26]" time="0.9109368324279785"></testcase><testcase classname="src.pymortests.vectorarray" file="src/pymortests/vectorarray.py" line="693" name="test_sup_norm[0-&lt;lambda&gt;0]" time="0.0051882266998291016"></testcase><testcase classname="src.pymortests.vectorarray" file="src/pymortests/vectorarray.py" line="693" name="test_sup_norm[0-&lt;lambda&gt;1]" time="0.0054874420166015625"></testcase><testcase classname="src.pymortests.vectorarray" file="src/pymortests/vectorarray.py" line="693" name="test_sup_norm[0-&lt;lambda&gt;2]" time="0.006555318832397461"></testcase><testcase classname="src.pymortests.vectorarray" file="src/pymortests/vectorarray.py" line="693" name="test_sup_norm[0-&lt;lambda&gt;3]" time="0.007529735565185547"></testcase><testcase classname="src.pymortests.vectorarray" file="src/pymortests/vectorarray.py" line="693" name="test_sup_norm[0-&lt;lambda&gt;4]" time="0.0060329437255859375"></testcase><testcase classname="src.pymortests.vectorarray" file="src/pymortests/vectorarray.py" line="693" name="test_sup_norm[0-&lt;lambda&gt;5]" time="0.0039026737213134766"></testcase><testcase classname="src.pymortests.vectorarray" file="src/pymortests/vectorarray.py" line="693" name="test_sup_norm[0-&lt;lambda&gt;6]" time="0.0045278072357177734"></testcase><testcase classname="src.pymortests.vectorarray" file="src/pymortests/vectorarray.py" line="693" name="test_sup_norm[0-&lt;lambda&gt;7]" time="0.006880521774291992"></testcase><testcase classname="src.pymortests.vectorarray" file="src/pymortests/vectorarray.py" line="693" name="test_sup_norm[0-&lt;lambda&gt;8]" time="0.02322101593017578"></testcase><testcase classname="src.pymortests.vectorarray" file="src/pymortests/vectorarray.py" line="693" name="test_sup_norm[0-&lt;lambda&gt;9]" time="0.026298046112060547"></testcase><testcase classname="src.pymortests.vectorarray" file="src/pymortests/vectorarray.py" line="693" name="test_sup_norm[0-&lt;lambda&gt;10]" time="0.009763956069946289"></testcase><testcase classname="src.pymortests.vectorarray" file="src/pymortests/vectorarray.py" line="693" name="test_sup_norm[0-&lt;lambda&gt;11]" time="0.011523962020874023"></testcase><testcase classname="src.pymortests.vectorarray" file="src/pymortests/vectorarray.py" line="693" name="test_sup_norm[0-&lt;lambda&gt;12]" time="0.008981466293334961"></testcase><testcase classname="src.pymortests.vectorarray" file="src/pymortests/vectorarray.py" line="693" name="test_sup_norm[0-&lt;lambda&gt;13]" time="0.0097503662109375"></testcase><testcase classname="src.pymortests.vectorarray" file="src/pymortests/vectorarray.py" line="693" name="test_sup_norm[0-&lt;lambda&gt;14]" time="0.011925220489501953"></testcase><testcase classname="src.pymortests.vectorarray" file="src/pymortests/vectorarray.py" line="693" name="test_sup_norm[0-&lt;lambda&gt;15]" time="0.0157015323638916"></testcase><testcase classname="src.pymortests.vectorarray" file="src/pymortests/vectorarray.py" line="693" name="test_sup_norm[0-&lt;lambda&gt;16]" time="0.016824960708618164"></testcase><testcase classname="src.pymortests.vectorarray" file="src/pymortests/vectorarray.py" line="693" name="test_sup_norm[0-&lt;lambda&gt;17]" time="0.024547576904296875"></testcase><testcase classname="src.pymortests.vectorarray" file="src/pymortests/vectorarray.py" line="693" name="test_sup_norm[0-&lt;lambda&gt;18]" time="0.024570465087890625"></testcase><testcase classname="src.pymortests.vectorarray" file="src/pymortests/vectorarray.py" line="693" name="test_sup_norm[0-&lt;lambda&gt;19]" time="0.04953265190124512"></testcase><testcase classname="src.pymortests.vectorarray" file="src/pymortests/vectorarray.py" line="693" name="test_sup_norm[0-&lt;lambda&gt;20]" time="0.06074237823486328"></testcase><testcase classname="src.pymortests.vectorarray" file="src/pymortests/vectorarray.py" line="693" name="test_sup_norm[0-&lt;lambda&gt;21]" time="0.10899472236633301"></testcase><testcase classname="src.pymortests.vectorarray" file="src/pymortests/vectorarray.py" line="693" name="test_sup_norm[0-&lt;lambda&gt;22]" time="0.005723476409912109"></testcase><testcase classname="src.pymortests.vectorarray" file="src/pymortests/vectorarray.py" line="693" name="test_sup_norm[0-&lt;lambda&gt;23]" time="0.005423069000244141"></testcase><testcase classname="src.pymortests.vectorarray" file="src/pymortests/vectorarray.py" line="693" name="test_sup_norm[0-&lt;lambda&gt;24]" time="0.019442319869995117"></testcase><testcase classname="src.pymortests.vectorarray" file="src/pymortests/vectorarray.py" line="693" name="test_sup_norm[0-&lt;lambda&gt;25]" time="0.3923914432525635"></testcase><testcase classname="src.pymortests.vectorarray" file="src/pymortests/vectorarray.py" line="693" name="test_sup_norm[0-&lt;lambda&gt;26]" time="0.8304996490478516"></testcase><testcase classname="src.pymortests.vectorarray" file="src/pymortests/vectorarray.py" line="693" name="test_sup_norm[1-&lt;lambda&gt;0]" time="0.0054705142974853516"></testcase><testcase classname="src.pymortests.vectorarray" file="src/pymortests/vectorarray.py" line="693" name="test_sup_norm[1-&lt;lambda&gt;1]" time="0.0054988861083984375"></testcase><testcase classname="src.pymortests.vectorarray" file="src/pymortests/vectorarray.py" line="693" name="test_sup_norm[1-&lt;lambda&gt;2]" time="0.006673097610473633"></testcase><testcase classname="src.pymortests.vectorarray" file="src/pymortests/vectorarray.py" line="693" name="test_sup_norm[1-&lt;lambda&gt;3]" time="0.007641792297363281"></testcase><testcase classname="src.pymortests.vectorarray" file="src/pymortests/vectorarray.py" line="693" name="test_sup_norm[1-&lt;lambda&gt;4]" time="0.006311655044555664"></testcase><testcase classname="src.pymortests.vectorarray" file="src/pymortests/vectorarray.py" line="693" name="test_sup_norm[1-&lt;lambda&gt;5]" time="0.003929853439331055"></testcase><testcase classname="src.pymortests.vectorarray" file="src/pymortests/vectorarray.py" line="693" name="test_sup_norm[1-&lt;lambda&gt;6]" time="0.004504680633544922"></testcase><testcase classname="src.pymortests.vectorarray" file="src/pymortests/vectorarray.py" line="693" name="test_sup_norm[1-&lt;lambda&gt;7]" time="0.006945610046386719"></testcase><testcase classname="src.pymortests.vectorarray" file="src/pymortests/vectorarray.py" line="693" name="test_sup_norm[1-&lt;lambda&gt;8]" time="0.023669958114624023"></testcase><testcase classname="src.pymortests.vectorarray" file="src/pymortests/vectorarray.py" line="693" name="test_sup_norm[1-&lt;lambda&gt;9]" time="0.02667522430419922"></testcase><testcase classname="src.pymortests.vectorarray" file="src/pymortests/vectorarray.py" line="693" name="test_sup_norm[1-&lt;lambda&gt;10]" time="0.009684324264526367"></testcase><testcase classname="src.pymortests.vectorarray" file="src/pymortests/vectorarray.py" line="693" name="test_sup_norm[1-&lt;lambda&gt;11]" time="0.011396408081054688"></testcase><testcase classname="src.pymortests.vectorarray" file="src/pymortests/vectorarray.py" line="693" name="test_sup_norm[1-&lt;lambda&gt;12]" time="0.009303092956542969"></testcase><testcase classname="src.pymortests.vectorarray" file="src/pymortests/vectorarray.py" line="693" name="test_sup_norm[1-&lt;lambda&gt;13]" time="0.009510517120361328"></testcase><testcase classname="src.pymortests.vectorarray" file="src/pymortests/vectorarray.py" line="693" name="test_sup_norm[1-&lt;lambda&gt;14]" time="0.01228642463684082"></testcase><testcase classname="src.pymortests.vectorarray" file="src/pymortests/vectorarray.py" line="693" name="test_sup_norm[1-&lt;lambda&gt;15]" time="0.015685319900512695"></testcase><testcase classname="src.pymortests.vectorarray" file="src/pymortests/vectorarray.py" line="693" name="test_sup_norm[1-&lt;lambda&gt;16]" time="0.01758718490600586"></testcase><testcase classname="src.pymortests.vectorarray" file="src/pymortests/vectorarray.py" line="693" name="test_sup_norm[1-&lt;lambda&gt;17]" time="0.025166988372802734"></testcase><testcase classname="src.pymortests.vectorarray" file="src/pymortests/vectorarray.py" line="693" name="test_sup_norm[1-&lt;lambda&gt;18]" time="0.024635791778564453"></testcase><testcase classname="src.pymortests.vectorarray" file="src/pymortests/vectorarray.py" line="693" name="test_sup_norm[1-&lt;lambda&gt;19]" time="0.049736738204956055"></testcase><testcase classname="src.pymortests.vectorarray" file="src/pymortests/vectorarray.py" line="693" name="test_sup_norm[1-&lt;lambda&gt;20]" time="0.06126093864440918"></testcase><testcase classname="src.pymortests.vectorarray" file="src/pymortests/vectorarray.py" line="693" name="test_sup_norm[1-&lt;lambda&gt;21]" time="0.11020898818969727"></testcase><testcase classname="src.pymortests.vectorarray" file="src/pymortests/vectorarray.py" line="693" name="test_sup_norm[1-&lt;lambda&gt;22]" time="0.005585193634033203"></testcase><testcase classname="src.pymortests.vectorarray" file="src/pymortests/vectorarray.py" line="693" name="test_sup_norm[1-&lt;lambda&gt;23]" time="0.005244731903076172"></testcase><testcase classname="src.pymortests.vectorarray" file="src/pymortests/vectorarray.py" line="693" name="test_sup_norm[1-&lt;lambda&gt;24]" time="0.020084619522094727"></testcase><testcase classname="src.pymortests.vectorarray" file="src/pymortests/vectorarray.py" line="693" name="test_sup_norm[1-&lt;lambda&gt;25]" time="0.41126561164855957"></testcase><testcase classname="src.pymortests.vectorarray" file="src/pymortests/vectorarray.py" line="693" name="test_sup_norm[1-&lt;lambda&gt;26]" time="0.8352484703063965"></testcase><testcase classname="src.pymortests.vectorarray" file="src/pymortests/vectorarray.py" line="693" name="test_sup_norm[2-&lt;lambda&gt;0]" time="0.0052700042724609375"></testcase><testcase classname="src.pymortests.vectorarray" file="src/pymortests/vectorarray.py" line="693" name="test_sup_norm[2-&lt;lambda&gt;1]" time="0.005463361740112305"></testcase><testcase classname="src.pymortests.vectorarray" file="src/pymortests/vectorarray.py" line="693" name="test_sup_norm[2-&lt;lambda&gt;2]" time="0.006493806838989258"></testcase><testcase classname="src.pymortests.vectorarray" file="src/pymortests/vectorarray.py" line="693" name="test_sup_norm[2-&lt;lambda&gt;3]" time="0.007581472396850586"></testcase><testcase classname="src.pymortests.vectorarray" file="src/pymortests/vectorarray.py" line="693" name="test_sup_norm[2-&lt;lambda&gt;4]" time="0.005948543548583984"></testcase><testcase classname="src.pymortests.vectorarray" file="src/pymortests/vectorarray.py" line="693" name="test_sup_norm[2-&lt;lambda&gt;5]" time="0.003876924514770508"></testcase><testcase classname="src.pymortests.vectorarray" file="src/pymortests/vectorarray.py" line="693" name="test_sup_norm[2-&lt;lambda&gt;6]" time="0.004518747329711914"></testcase><testcase classname="src.pymortests.vectorarray" file="src/pymortests/vectorarray.py" line="693" name="test_sup_norm[2-&lt;lambda&gt;7]" time="0.006798744201660156"></testcase><testcase classname="src.pymortests.vectorarray" file="src/pymortests/vectorarray.py" line="693" name="test_sup_norm[2-&lt;lambda&gt;8]" time="0.02392721176147461"></testcase><testcase classname="src.pymortests.vectorarray" file="src/pymortests/vectorarray.py" line="693" name="test_sup_norm[2-&lt;lambda&gt;9]" time="0.026861190795898438"></testcase><testcase classname="src.pymortests.vectorarray" file="src/pymortests/vectorarray.py" line="693" name="test_sup_norm[2-&lt;lambda&gt;10]" time="0.00981593132019043"></testcase><testcase classname="src.pymortests.vectorarray" file="src/pymortests/vectorarray.py" line="693" name="test_sup_norm[2-&lt;lambda&gt;11]" time="0.011451959609985352"></testcase><testcase classname="src.pymortests.vectorarray" file="src/pymortests/vectorarray.py" line="693" name="test_sup_norm[2-&lt;lambda&gt;12]" time="0.00952005386352539"></testcase><testcase classname="src.pymortests.vectorarray" file="src/pymortests/vectorarray.py" line="693" name="test_sup_norm[2-&lt;lambda&gt;13]" time="0.009629487991333008"></testcase><testcase classname="src.pymortests.vectorarray" file="src/pymortests/vectorarray.py" line="693" name="test_sup_norm[2-&lt;lambda&gt;14]" time="0.01175069808959961"></testcase><testcase classname="src.pymortests.vectorarray" file="src/pymortests/vectorarray.py" line="693" name="test_sup_norm[2-&lt;lambda&gt;15]" time="0.015729188919067383"></testcase><testcase classname="src.pymortests.vectorarray" file="src/pymortests/vectorarray.py" line="693" name="test_sup_norm[2-&lt;lambda&gt;16]" time="0.017084121704101562"></testcase><testcase classname="src.pymortests.vectorarray" file="src/pymortests/vectorarray.py" line="693" name="test_sup_norm[2-&lt;lambda&gt;17]" time="0.024674654006958008"></testcase><testcase classname="src.pymortests.vectorarray" file="src/pymortests/vectorarray.py" line="693" name="test_sup_norm[2-&lt;lambda&gt;18]" time="0.02466869354248047"></testcase><testcase classname="src.pymortests.vectorarray" file="src/pymortests/vectorarray.py" line="693" name="test_sup_norm[2-&lt;lambda&gt;19]" time="0.04990196228027344"></testcase><testcase classname="src.pymortests.vectorarray" file="src/pymortests/vectorarray.py" line="693" name="test_sup_norm[2-&lt;lambda&gt;20]" time="0.060956478118896484"></testcase><testcase classname="src.pymortests.vectorarray" file="src/pymortests/vectorarray.py" line="693" name="test_sup_norm[2-&lt;lambda&gt;21]" time="0.1148366928100586"></testcase><testcase classname="src.pymortests.vectorarray" file="src/pymortests/vectorarray.py" line="693" name="test_sup_norm[2-&lt;lambda&gt;22]" time="0.005877494812011719"></testcase><testcase classname="src.pymortests.vectorarray" file="src/pymortests/vectorarray.py" line="693" name="test_sup_norm[2-&lt;lambda&gt;23]" time="0.005380153656005859"></testcase><testcase classname="src.pymortests.vectorarray" file="src/pymortests/vectorarray.py" line="693" name="test_sup_norm[2-&lt;lambda&gt;24]" time="0.020018577575683594"></testcase><testcase classname="src.pymortests.vectorarray" file="src/pymortests/vectorarray.py" line="693" name="test_sup_norm[2-&lt;lambda&gt;25]" time="0.4107818603515625"></testcase><testcase classname="src.pymortests.vectorarray" file="src/pymortests/vectorarray.py" line="693" name="test_sup_norm[2-&lt;lambda&gt;26]" time="0.8339595794677734"></testcase><testcase classname="src.pymortests.vectorarray" file="src/pymortests/vectorarray.py" line="716" name="test_dofs[0-&lt;lambda&gt;0]" time="0.0026645660400390625"></testcase><testcase classname="src.pymortests.vectorarray" file="src/pymortests/vectorarray.py" line="716" name="test_dofs[0-&lt;lambda&gt;1]" time="0.011925458908081055"></testcase><testcase classname="src.pymortests.vectorarray" file="src/pymortests/vectorarray.py" line="716" name="test_dofs[0-&lt;lambda&gt;2]" time="0.013068675994873047"></testcase><testcase classname="src.pymortests.vectorarray" file="src/pymortests/vectorarray.py" line="716" name="test_dofs[0-&lt;lambda&gt;3]" time="0.01622772216796875"></testcase><testcase classname="src.pymortests.vectorarray" file="src/pymortests/vectorarray.py" line="716" name="test_dofs[0-&lt;lambda&gt;4]" time="0.0038077831268310547"></testcase><testcase classname="src.pymortests.vectorarray" file="src/pymortests/vectorarray.py" line="716" name="test_dofs[0-&lt;lambda&gt;5]" time="0.0016524791717529297"></testcase><testcase classname="src.pymortests.vectorarray" file="src/pymortests/vectorarray.py" line="716" name="test_dofs[0-&lt;lambda&gt;6]" time="0.009864330291748047"></testcase><testcase classname="src.pymortests.vectorarray" file="src/pymortests/vectorarray.py" line="716" name="test_dofs[0-&lt;lambda&gt;7]" time="0.0151519775390625"></testcase><testcase classname="src.pymortests.vectorarray" file="src/pymortests/vectorarray.py" line="716" name="test_dofs[0-&lt;lambda&gt;8]" time="0.06438899040222168"></testcase><testcase classname="src.pymortests.vectorarray" file="src/pymortests/vectorarray.py" line="716" name="test_dofs[0-&lt;lambda&gt;9]" time="0.01577448844909668"></testcase><testcase classname="src.pymortests.vectorarray" file="src/pymortests/vectorarray.py" line="716" name="test_dofs[0-&lt;lambda&gt;10]" time="0.035546302795410156"></testcase><testcase classname="src.pymortests.vectorarray" file="src/pymortests/vectorarray.py" line="716" name="test_dofs[0-&lt;lambda&gt;11]" time="0.04170107841491699"></testcase><testcase classname="src.pymortests.vectorarray" file="src/pymortests/vectorarray.py" line="716" name="test_dofs[0-&lt;lambda&gt;12]" time="0.004081010818481445"></testcase><testcase classname="src.pymortests.vectorarray" file="src/pymortests/vectorarray.py" line="716" name="test_dofs[0-&lt;lambda&gt;13]" time="0.03544974327087402"></testcase><testcase classname="src.pymortests.vectorarray" file="src/pymortests/vectorarray.py" line="716" name="test_dofs[0-&lt;lambda&gt;14]" time="0.04165959358215332"></testcase><testcase classname="src.pymortests.vectorarray" file="src/pymortests/vectorarray.py" line="716" name="test_dofs[0-&lt;lambda&gt;15]" time="0.05236530303955078"></testcase><testcase classname="src.pymortests.vectorarray" file="src/pymortests/vectorarray.py" line="716" name="test_dofs[0-&lt;lambda&gt;16]" time="0.059763193130493164"></testcase><testcase classname="src.pymortests.vectorarray" file="src/pymortests/vectorarray.py" line="716" name="test_dofs[0-&lt;lambda&gt;17]" time="0.06035614013671875"></testcase><testcase classname="src.pymortests.vectorarray" file="src/pymortests/vectorarray.py" line="716" name="test_dofs[0-&lt;lambda&gt;18]" time="0.061246395111083984"></testcase><testcase classname="src.pymortests.vectorarray" file="src/pymortests/vectorarray.py" line="716" name="test_dofs[0-&lt;lambda&gt;19]" time="0.1320338249206543"></testcase><testcase classname="src.pymortests.vectorarray" file="src/pymortests/vectorarray.py" line="716" name="test_dofs[0-&lt;lambda&gt;20]" time="0.5792686939239502"></testcase><testcase classname="src.pymortests.vectorarray" file="src/pymortests/vectorarray.py" line="716" name="test_dofs[0-&lt;lambda&gt;21]" time="1.2779099941253662"></testcase><testcase classname="src.pymortests.vectorarray" file="src/pymortests/vectorarray.py" line="716" name="test_dofs[0-&lt;lambda&gt;22]" time="0.002626180648803711"></testcase><testcase classname="src.pymortests.vectorarray" file="src/pymortests/vectorarray.py" line="716" name="test_dofs[0-&lt;lambda&gt;23]" time="0.012111425399780273"></testcase><testcase classname="src.pymortests.vectorarray" file="src/pymortests/vectorarray.py" line="716" name="test_dofs[0-&lt;lambda&gt;24]" time="0.1123208999633789"></testcase><testcase classname="src.pymortests.vectorarray" file="src/pymortests/vectorarray.py" line="716" name="test_dofs[0-&lt;lambda&gt;25]" time="3.1840033531188965"></testcase><testcase classname="src.pymortests.vectorarray" file="src/pymortests/vectorarray.py" line="716" name="test_dofs[0-&lt;lambda&gt;26]" time="0.7501041889190674"></testcase><testcase classname="src.pymortests.vectorarray" file="src/pymortests/vectorarray.py" line="716" name="test_dofs[1-&lt;lambda&gt;0]" time="0.002240419387817383"></testcase><testcase classname="src.pymortests.vectorarray" file="src/pymortests/vectorarray.py" line="716" name="test_dofs[1-&lt;lambda&gt;1]" time="0.013297080993652344"></testcase><testcase classname="src.pymortests.vectorarray" file="src/pymortests/vectorarray.py" line="716" name="test_dofs[1-&lt;lambda&gt;2]" time="0.01782083511352539"></testcase><testcase classname="src.pymortests.vectorarray" file="src/pymortests/vectorarray.py" line="716" name="test_dofs[1-&lt;lambda&gt;3]" time="0.017531871795654297"></testcase><testcase classname="src.pymortests.vectorarray" file="src/pymortests/vectorarray.py" line="716" name="test_dofs[1-&lt;lambda&gt;4]" time="0.0038900375366210938"></testcase><testcase classname="src.pymortests.vectorarray" file="src/pymortests/vectorarray.py" line="716" name="test_dofs[1-&lt;lambda&gt;5]" time="0.0016911029815673828"></testcase><testcase classname="src.pymortests.vectorarray" file="src/pymortests/vectorarray.py" line="716" name="test_dofs[1-&lt;lambda&gt;6]" time="0.009663105010986328"></testcase><testcase classname="src.pymortests.vectorarray" file="src/pymortests/vectorarray.py" line="716" name="test_dofs[1-&lt;lambda&gt;7]" time="0.014782428741455078"></testcase><testcase classname="src.pymortests.vectorarray" file="src/pymortests/vectorarray.py" line="716" name="test_dofs[1-&lt;lambda&gt;8]" time="0.06207442283630371"></testcase><testcase classname="src.pymortests.vectorarray" file="src/pymortests/vectorarray.py" line="716" name="test_dofs[1-&lt;lambda&gt;9]" time="0.015903949737548828"></testcase><testcase classname="src.pymortests.vectorarray" file="src/pymortests/vectorarray.py" line="716" name="test_dofs[1-&lt;lambda&gt;10]" time="0.03552889823913574"></testcase><testcase classname="src.pymortests.vectorarray" file="src/pymortests/vectorarray.py" line="716" name="test_dofs[1-&lt;lambda&gt;11]" time="0.04192829132080078"></testcase><testcase classname="src.pymortests.vectorarray" file="src/pymortests/vectorarray.py" line="716" name="test_dofs[1-&lt;lambda&gt;12]" time="0.004261016845703125"></testcase><testcase classname="src.pymortests.vectorarray" file="src/pymortests/vectorarray.py" line="716" name="test_dofs[1-&lt;lambda&gt;13]" time="0.035347700119018555"></testcase><testcase classname="src.pymortests.vectorarray" file="src/pymortests/vectorarray.py" line="716" name="test_dofs[1-&lt;lambda&gt;14]" time="0.0410456657409668"></testcase><testcase classname="src.pymortests.vectorarray" file="src/pymortests/vectorarray.py" line="716" name="test_dofs[1-&lt;lambda&gt;15]" time="0.0513615608215332"></testcase><testcase classname="src.pymortests.vectorarray" file="src/pymortests/vectorarray.py" line="716" name="test_dofs[1-&lt;lambda&gt;16]" time="0.05876040458679199"></testcase><testcase classname="src.pymortests.vectorarray" file="src/pymortests/vectorarray.py" line="716" name="test_dofs[1-&lt;lambda&gt;17]" time="0.0613102912902832"></testcase><testcase classname="src.pymortests.vectorarray" file="src/pymortests/vectorarray.py" line="716" name="test_dofs[1-&lt;lambda&gt;18]" time="0.061720848083496094"></testcase><testcase classname="src.pymortests.vectorarray" file="src/pymortests/vectorarray.py" line="716" name="test_dofs[1-&lt;lambda&gt;19]" time="0.12963032722473145"></testcase><testcase classname="src.pymortests.vectorarray" file="src/pymortests/vectorarray.py" line="716" name="test_dofs[1-&lt;lambda&gt;20]" time="0.583806037902832"></testcase><testcase classname="src.pymortests.vectorarray" file="src/pymortests/vectorarray.py" line="716" name="test_dofs[1-&lt;lambda&gt;21]" time="1.2726068496704102"></testcase><testcase classname="src.pymortests.vectorarray" file="src/pymortests/vectorarray.py" line="716" name="test_dofs[1-&lt;lambda&gt;22]" time="0.0027451515197753906"></testcase><testcase classname="src.pymortests.vectorarray" file="src/pymortests/vectorarray.py" line="716" name="test_dofs[1-&lt;lambda&gt;23]" time="0.012291193008422852"></testcase><testcase classname="src.pymortests.vectorarray" file="src/pymortests/vectorarray.py" line="716" name="test_dofs[1-&lt;lambda&gt;24]" time="0.10895180702209473"></testcase><testcase classname="src.pymortests.vectorarray" file="src/pymortests/vectorarray.py" line="716" name="test_dofs[1-&lt;lambda&gt;25]" time="3.182837724685669"></testcase><testcase classname="src.pymortests.vectorarray" file="src/pymortests/vectorarray.py" line="716" name="test_dofs[1-&lt;lambda&gt;26]" time="0.7485826015472412"></testcase><testcase classname="src.pymortests.vectorarray" file="src/pymortests/vectorarray.py" line="716" name="test_dofs[2-&lt;lambda&gt;0]" time="0.002763986587524414"></testcase><testcase classname="src.pymortests.vectorarray" file="src/pymortests/vectorarray.py" line="716" name="test_dofs[2-&lt;lambda&gt;1]" time="0.01165914535522461"></testcase><testcase classname="src.pymortests.vectorarray" file="src/pymortests/vectorarray.py" line="716" name="test_dofs[2-&lt;lambda&gt;2]" time="0.01338338851928711"></testcase><testcase classname="src.pymortests.vectorarray" file="src/pymortests/vectorarray.py" line="716" name="test_dofs[2-&lt;lambda&gt;3]" time="0.01630425453186035"></testcase><testcase classname="src.pymortests.vectorarray" file="src/pymortests/vectorarray.py" line="716" name="test_dofs[2-&lt;lambda&gt;4]" time="0.003975868225097656"></testcase><testcase classname="src.pymortests.vectorarray" file="src/pymortests/vectorarray.py" line="716" name="test_dofs[2-&lt;lambda&gt;5]" time="0.0017049312591552734"></testcase><testcase classname="src.pymortests.vectorarray" file="src/pymortests/vectorarray.py" line="716" name="test_dofs[2-&lt;lambda&gt;6]" time="0.009870052337646484"></testcase><testcase classname="src.pymortests.vectorarray" file="src/pymortests/vectorarray.py" line="716" name="test_dofs[2-&lt;lambda&gt;7]" time="0.014837980270385742"></testcase><testcase classname="src.pymortests.vectorarray" file="src/pymortests/vectorarray.py" line="716" name="test_dofs[2-&lt;lambda&gt;8]" time="0.06292891502380371"></testcase><testcase classname="src.pymortests.vectorarray" file="src/pymortests/vectorarray.py" line="716" name="test_dofs[2-&lt;lambda&gt;9]" time="0.01587963104248047"></testcase><testcase classname="src.pymortests.vectorarray" file="src/pymortests/vectorarray.py" line="716" name="test_dofs[2-&lt;lambda&gt;10]" time="0.03596949577331543"></testcase><testcase classname="src.pymortests.vectorarray" file="src/pymortests/vectorarray.py" line="716" name="test_dofs[2-&lt;lambda&gt;11]" time="0.0414884090423584"></testcase><testcase classname="src.pymortests.vectorarray" file="src/pymortests/vectorarray.py" line="716" name="test_dofs[2-&lt;lambda&gt;12]" time="0.004171133041381836"></testcase><testcase classname="src.pymortests.vectorarray" file="src/pymortests/vectorarray.py" line="716" name="test_dofs[2-&lt;lambda&gt;13]" time="0.03603935241699219"></testcase><testcase classname="src.pymortests.vectorarray" file="src/pymortests/vectorarray.py" line="716" name="test_dofs[2-&lt;lambda&gt;14]" time="0.042124271392822266"></testcase><testcase classname="src.pymortests.vectorarray" file="src/pymortests/vectorarray.py" line="716" name="test_dofs[2-&lt;lambda&gt;15]" time="0.05181288719177246"></testcase><testcase classname="src.pymortests.vectorarray" file="src/pymortests/vectorarray.py" line="716" name="test_dofs[2-&lt;lambda&gt;16]" time="0.058789730072021484"></testcase><testcase classname="src.pymortests.vectorarray" file="src/pymortests/vectorarray.py" line="716" name="test_dofs[2-&lt;lambda&gt;17]" time="0.060932159423828125"></testcase><testcase classname="src.pymortests.vectorarray" file="src/pymortests/vectorarray.py" line="716" name="test_dofs[2-&lt;lambda&gt;18]" time="0.06171107292175293"></testcase><testcase classname="src.pymortests.vectorarray" file="src/pymortests/vectorarray.py" line="716" name="test_dofs[2-&lt;lambda&gt;19]" time="0.12964701652526855"></testcase><testcase classname="src.pymortests.vectorarray" file="src/pymortests/vectorarray.py" line="716" name="test_dofs[2-&lt;lambda&gt;20]" time="0.576763391494751"></testcase><testcase classname="src.pymortests.vectorarray" file="src/pymortests/vectorarray.py" line="716" name="test_dofs[2-&lt;lambda&gt;21]" time="1.2728080749511719"></testcase><testcase classname="src.pymortests.vectorarray" file="src/pymortests/vectorarray.py" line="716" name="test_dofs[2-&lt;lambda&gt;22]" time="0.002686023712158203"></testcase><testcase classname="src.pymortests.vectorarray" file="src/pymortests/vectorarray.py" line="716" name="test_dofs[2-&lt;lambda&gt;23]" time="0.012102603912353516"></testcase><testcase classname="src.pymortests.vectorarray" file="src/pymortests/vectorarray.py" line="716" name="test_dofs[2-&lt;lambda&gt;24]" time="0.109771728515625"></testcase><testcase classname="src.pymortests.vectorarray" file="src/pymortests/vectorarray.py" line="716" name="test_dofs[2-&lt;lambda&gt;25]" time="3.191433906555176"></testcase><testcase classname="src.pymortests.vectorarray" file="src/pymortests/vectorarray.py" line="716" name="test_dofs[2-&lt;lambda&gt;26]" time="0.751518964767456"></testcase><testcase classname="src.pymortests.vectorarray" file="src/pymortests/vectorarray.py" line="752" name="test_components_wrong_dof_indices[0-&lt;lambda&gt;0]" time="0.0034568309783935547"></testcase><testcase classname="src.pymortests.vectorarray" file="src/pymortests/vectorarray.py" line="752" name="test_components_wrong_dof_indices[0-&lt;lambda&gt;1]" time="0.002547025680541992"></testcase><testcase classname="src.pymortests.vectorarray" file="src/pymortests/vectorarray.py" line="752" name="test_components_wrong_dof_indices[0-&lt;lambda&gt;2]" time="0.0029211044311523438"></testcase><testcase classname="src.pymortests.vectorarray" file="src/pymortests/vectorarray.py" line="752" name="test_components_wrong_dof_indices[0-&lt;lambda&gt;3]" time="0.0033597946166992188"></testcase><testcase classname="src.pymortests.vectorarray" file="src/pymortests/vectorarray.py" line="752" name="test_components_wrong_dof_indices[0-&lt;lambda&gt;4]" time="0.003740072250366211"></testcase><testcase classname="src.pymortests.vectorarray" file="src/pymortests/vectorarray.py" line="752" name="test_components_wrong_dof_indices[0-&lt;lambda&gt;5]" time="0.0024476051330566406"></testcase><testcase classname="src.pymortests.vectorarray" file="src/pymortests/vectorarray.py" line="752" name="test_components_wrong_dof_indices[0-&lt;lambda&gt;6]" time="0.0024008750915527344"></testcase><testcase classname="src.pymortests.vectorarray" file="src/pymortests/vectorarray.py" line="752" name="test_components_wrong_dof_indices[0-&lt;lambda&gt;7]" time="0.0028231143951416016"></testcase><testcase classname="src.pymortests.vectorarray" file="src/pymortests/vectorarray.py" line="752" name="test_components_wrong_dof_indices[0-&lt;lambda&gt;8]" time="0.003545045852661133"></testcase><testcase classname="src.pymortests.vectorarray" file="src/pymortests/vectorarray.py" line="752" name="test_components_wrong_dof_indices[0-&lt;lambda&gt;9]" time="0.0043909549713134766"></testcase><testcase classname="src.pymortests.vectorarray" file="src/pymortests/vectorarray.py" line="752" name="test_components_wrong_dof_indices[0-&lt;lambda&gt;10]" time="0.004144430160522461"></testcase><testcase classname="src.pymortests.vectorarray" file="src/pymortests/vectorarray.py" line="752" name="test_components_wrong_dof_indices[0-&lt;lambda&gt;11]" time="0.0050237178802490234"></testcase><testcase classname="src.pymortests.vectorarray" file="src/pymortests/vectorarray.py" line="752" name="test_components_wrong_dof_indices[0-&lt;lambda&gt;12]" time="0.004813432693481445"></testcase><testcase classname="src.pymortests.vectorarray" file="src/pymortests/vectorarray.py" line="752" name="test_components_wrong_dof_indices[0-&lt;lambda&gt;13]" time="0.004258155822753906"></testcase><testcase classname="src.pymortests.vectorarray" file="src/pymortests/vectorarray.py" line="752" name="test_components_wrong_dof_indices[0-&lt;lambda&gt;14]" time="0.004919528961181641"></testcase><testcase classname="src.pymortests.vectorarray" file="src/pymortests/vectorarray.py" line="752" name="test_components_wrong_dof_indices[0-&lt;lambda&gt;15]" time="0.006759166717529297"></testcase><testcase classname="src.pymortests.vectorarray" file="src/pymortests/vectorarray.py" line="752" name="test_components_wrong_dof_indices[0-&lt;lambda&gt;16]" time="0.008496761322021484"></testcase><testcase classname="src.pymortests.vectorarray" file="src/pymortests/vectorarray.py" line="752" name="test_components_wrong_dof_indices[0-&lt;lambda&gt;17]" time="0.00882577896118164"></testcase><testcase classname="src.pymortests.vectorarray" file="src/pymortests/vectorarray.py" line="752" name="test_components_wrong_dof_indices[0-&lt;lambda&gt;18]" time="0.008297920227050781"></testcase><testcase classname="src.pymortests.vectorarray" file="src/pymortests/vectorarray.py" line="752" name="test_components_wrong_dof_indices[0-&lt;lambda&gt;19]" time="0.013449907302856445"></testcase><testcase classname="src.pymortests.vectorarray" file="src/pymortests/vectorarray.py" line="752" name="test_components_wrong_dof_indices[0-&lt;lambda&gt;20]" time="0.014981269836425781"></testcase><testcase classname="src.pymortests.vectorarray" file="src/pymortests/vectorarray.py" line="752" name="test_components_wrong_dof_indices[0-&lt;lambda&gt;21]" time="0.0268096923828125"></testcase><testcase classname="src.pymortests.vectorarray" file="src/pymortests/vectorarray.py" line="752" name="test_components_wrong_dof_indices[0-&lt;lambda&gt;22]" time="0.0035936832427978516"></testcase><testcase classname="src.pymortests.vectorarray" file="src/pymortests/vectorarray.py" line="752" name="test_components_wrong_dof_indices[0-&lt;lambda&gt;23]" time="0.0026869773864746094"></testcase><testcase classname="src.pymortests.vectorarray" file="src/pymortests/vectorarray.py" line="752" name="test_components_wrong_dof_indices[0-&lt;lambda&gt;24]" time="0.00424504280090332"></testcase><testcase classname="src.pymortests.vectorarray" file="src/pymortests/vectorarray.py" line="752" name="test_components_wrong_dof_indices[0-&lt;lambda&gt;25]" time="0.02598404884338379"></testcase><testcase classname="src.pymortests.vectorarray" file="src/pymortests/vectorarray.py" line="752" name="test_components_wrong_dof_indices[0-&lt;lambda&gt;26]" time="0.05663657188415527"></testcase><testcase classname="src.pymortests.vectorarray" file="src/pymortests/vectorarray.py" line="752" name="test_components_wrong_dof_indices[1-&lt;lambda&gt;0]" time="0.003509998321533203"></testcase><testcase classname="src.pymortests.vectorarray" file="src/pymortests/vectorarray.py" line="752" name="test_components_wrong_dof_indices[1-&lt;lambda&gt;1]" time="0.002538919448852539"></testcase><testcase classname="src.pymortests.vectorarray" file="src/pymortests/vectorarray.py" line="752" name="test_components_wrong_dof_indices[1-&lt;lambda&gt;2]" time="0.0028388500213623047"></testcase><testcase classname="src.pymortests.vectorarray" file="src/pymortests/vectorarray.py" line="752" name="test_components_wrong_dof_indices[1-&lt;lambda&gt;3]" time="0.0032958984375"></testcase><testcase classname="src.pymortests.vectorarray" file="src/pymortests/vectorarray.py" line="752" name="test_components_wrong_dof_indices[1-&lt;lambda&gt;4]" time="0.003834247589111328"></testcase><testcase classname="src.pymortests.vectorarray" file="src/pymortests/vectorarray.py" line="752" name="test_components_wrong_dof_indices[1-&lt;lambda&gt;5]" time="0.0024602413177490234"></testcase><testcase classname="src.pymortests.vectorarray" file="src/pymortests/vectorarray.py" line="752" name="test_components_wrong_dof_indices[1-&lt;lambda&gt;6]" time="0.0024099349975585938"></testcase><testcase classname="src.pymortests.vectorarray" file="src/pymortests/vectorarray.py" line="752" name="test_components_wrong_dof_indices[1-&lt;lambda&gt;7]" time="0.0028667449951171875"></testcase><testcase classname="src.pymortests.vectorarray" file="src/pymortests/vectorarray.py" line="752" name="test_components_wrong_dof_indices[1-&lt;lambda&gt;8]" time="0.003790140151977539"></testcase><testcase classname="src.pymortests.vectorarray" file="src/pymortests/vectorarray.py" line="752" name="test_components_wrong_dof_indices[1-&lt;lambda&gt;9]" time="0.004793882369995117"></testcase><testcase classname="src.pymortests.vectorarray" file="src/pymortests/vectorarray.py" line="752" name="test_components_wrong_dof_indices[1-&lt;lambda&gt;10]" time="0.004235506057739258"></testcase><testcase classname="src.pymortests.vectorarray" file="src/pymortests/vectorarray.py" line="752" name="test_components_wrong_dof_indices[1-&lt;lambda&gt;11]" time="0.0052034854888916016"></testcase><testcase classname="src.pymortests.vectorarray" file="src/pymortests/vectorarray.py" line="752" name="test_components_wrong_dof_indices[1-&lt;lambda&gt;12]" time="0.004954099655151367"></testcase><testcase classname="src.pymortests.vectorarray" file="src/pymortests/vectorarray.py" line="752" name="test_components_wrong_dof_indices[1-&lt;lambda&gt;13]" time="0.004308462142944336"></testcase><testcase classname="src.pymortests.vectorarray" file="src/pymortests/vectorarray.py" line="752" name="test_components_wrong_dof_indices[1-&lt;lambda&gt;14]" time="0.005019187927246094"></testcase><testcase classname="src.pymortests.vectorarray" file="src/pymortests/vectorarray.py" line="752" name="test_components_wrong_dof_indices[1-&lt;lambda&gt;15]" time="0.006846904754638672"></testcase><testcase classname="src.pymortests.vectorarray" file="src/pymortests/vectorarray.py" line="752" name="test_components_wrong_dof_indices[1-&lt;lambda&gt;16]" time="0.008478164672851562"></testcase><testcase classname="src.pymortests.vectorarray" file="src/pymortests/vectorarray.py" line="752" name="test_components_wrong_dof_indices[1-&lt;lambda&gt;17]" time="0.008397102355957031"></testcase><testcase classname="src.pymortests.vectorarray" file="src/pymortests/vectorarray.py" line="752" name="test_components_wrong_dof_indices[1-&lt;lambda&gt;18]" time="0.008296966552734375"></testcase><testcase classname="src.pymortests.vectorarray" file="src/pymortests/vectorarray.py" line="752" name="test_components_wrong_dof_indices[1-&lt;lambda&gt;19]" time="0.013524532318115234"></testcase><testcase classname="src.pymortests.vectorarray" file="src/pymortests/vectorarray.py" line="752" name="test_components_wrong_dof_indices[1-&lt;lambda&gt;20]" time="0.015017509460449219"></testcase><testcase classname="src.pymortests.vectorarray" file="src/pymortests/vectorarray.py" line="752" name="test_components_wrong_dof_indices[1-&lt;lambda&gt;21]" time="0.027382612228393555"></testcase><testcase classname="src.pymortests.vectorarray" file="src/pymortests/vectorarray.py" line="752" name="test_components_wrong_dof_indices[1-&lt;lambda&gt;22]" time="0.0034744739532470703"></testcase><testcase classname="src.pymortests.vectorarray" file="src/pymortests/vectorarray.py" line="752" name="test_components_wrong_dof_indices[1-&lt;lambda&gt;23]" time="0.0027017593383789062"></testcase><testcase classname="src.pymortests.vectorarray" file="src/pymortests/vectorarray.py" line="752" name="test_components_wrong_dof_indices[1-&lt;lambda&gt;24]" time="0.005173921585083008"></testcase><testcase classname="src.pymortests.vectorarray" file="src/pymortests/vectorarray.py" line="752" name="test_components_wrong_dof_indices[1-&lt;lambda&gt;25]" time="0.027393817901611328"></testcase><testcase classname="src.pymortests.vectorarray" file="src/pymortests/vectorarray.py" line="752" name="test_components_wrong_dof_indices[1-&lt;lambda&gt;26]" time="0.05876612663269043"></testcase><testcase classname="src.pymortests.vectorarray" file="src/pymortests/vectorarray.py" line="752" name="test_components_wrong_dof_indices[2-&lt;lambda&gt;0]" time="0.0034568309783935547"></testcase><testcase classname="src.pymortests.vectorarray" file="src/pymortests/vectorarray.py" line="752" name="test_components_wrong_dof_indices[2-&lt;lambda&gt;1]" time="0.0025246143341064453"></testcase><testcase classname="src.pymortests.vectorarray" file="src/pymortests/vectorarray.py" line="752" name="test_components_wrong_dof_indices[2-&lt;lambda&gt;2]" time="0.0029609203338623047"></testcase><testcase classname="src.pymortests.vectorarray" file="src/pymortests/vectorarray.py" line="752" name="test_components_wrong_dof_indices[2-&lt;lambda&gt;3]" time="0.003286600112915039"></testcase><testcase classname="src.pymortests.vectorarray" file="src/pymortests/vectorarray.py" line="752" name="test_components_wrong_dof_indices[2-&lt;lambda&gt;4]" time="0.003879070281982422"></testcase><testcase classname="src.pymortests.vectorarray" file="src/pymortests/vectorarray.py" line="752" name="test_components_wrong_dof_indices[2-&lt;lambda&gt;5]" time="0.002516508102416992"></testcase><testcase classname="src.pymortests.vectorarray" file="src/pymortests/vectorarray.py" line="752" name="test_components_wrong_dof_indices[2-&lt;lambda&gt;6]" time="0.002382040023803711"></testcase><testcase classname="src.pymortests.vectorarray" file="src/pymortests/vectorarray.py" line="752" name="test_components_wrong_dof_indices[2-&lt;lambda&gt;7]" time="0.002975940704345703"></testcase><testcase classname="src.pymortests.vectorarray" file="src/pymortests/vectorarray.py" line="752" name="test_components_wrong_dof_indices[2-&lt;lambda&gt;8]" time="0.003713369369506836"></testcase><testcase classname="src.pymortests.vectorarray" file="src/pymortests/vectorarray.py" line="752" name="test_components_wrong_dof_indices[2-&lt;lambda&gt;9]" time="0.004802227020263672"></testcase><testcase classname="src.pymortests.vectorarray" file="src/pymortests/vectorarray.py" line="752" name="test_components_wrong_dof_indices[2-&lt;lambda&gt;10]" time="0.0042018890380859375"></testcase><testcase classname="src.pymortests.vectorarray" file="src/pymortests/vectorarray.py" line="752" name="test_components_wrong_dof_indices[2-&lt;lambda&gt;11]" time="0.005097150802612305"></testcase><testcase classname="src.pymortests.vectorarray" file="src/pymortests/vectorarray.py" line="752" name="test_components_wrong_dof_indices[2-&lt;lambda&gt;12]" time="0.004981040954589844"></testcase><testcase classname="src.pymortests.vectorarray" file="src/pymortests/vectorarray.py" line="752" name="test_components_wrong_dof_indices[2-&lt;lambda&gt;13]" time="0.004353046417236328"></testcase><testcase classname="src.pymortests.vectorarray" file="src/pymortests/vectorarray.py" line="752" name="test_components_wrong_dof_indices[2-&lt;lambda&gt;14]" time="0.00499415397644043"></testcase><testcase classname="src.pymortests.vectorarray" file="src/pymortests/vectorarray.py" line="752" name="test_components_wrong_dof_indices[2-&lt;lambda&gt;15]" time="0.006814002990722656"></testcase><testcase classname="src.pymortests.vectorarray" file="src/pymortests/vectorarray.py" line="752" name="test_components_wrong_dof_indices[2-&lt;lambda&gt;16]" time="0.008551359176635742"></testcase><testcase classname="src.pymortests.vectorarray" file="src/pymortests/vectorarray.py" line="752" name="test_components_wrong_dof_indices[2-&lt;lambda&gt;17]" time="0.008675575256347656"></testcase><testcase classname="src.pymortests.vectorarray" file="src/pymortests/vectorarray.py" line="752" name="test_components_wrong_dof_indices[2-&lt;lambda&gt;18]" time="0.008354902267456055"></testcase><testcase classname="src.pymortests.vectorarray" file="src/pymortests/vectorarray.py" line="752" name="test_components_wrong_dof_indices[2-&lt;lambda&gt;19]" time="0.013580083847045898"></testcase><testcase classname="src.pymortests.vectorarray" file="src/pymortests/vectorarray.py" line="752" name="test_components_wrong_dof_indices[2-&lt;lambda&gt;20]" time="0.015880346298217773"></testcase><testcase classname="src.pymortests.vectorarray" file="src/pymortests/vectorarray.py" line="752" name="test_components_wrong_dof_indices[2-&lt;lambda&gt;21]" time="0.027224063873291016"></testcase><testcase classname="src.pymortests.vectorarray" file="src/pymortests/vectorarray.py" line="752" name="test_components_wrong_dof_indices[2-&lt;lambda&gt;22]" time="0.0036020278930664062"></testcase><testcase classname="src.pymortests.vectorarray" file="src/pymortests/vectorarray.py" line="752" name="test_components_wrong_dof_indices[2-&lt;lambda&gt;23]" time="0.002739429473876953"></testcase><testcase classname="src.pymortests.vectorarray" file="src/pymortests/vectorarray.py" line="752" name="test_components_wrong_dof_indices[2-&lt;lambda&gt;24]" time="0.004977703094482422"></testcase><testcase classname="src.pymortests.vectorarray" file="src/pymortests/vectorarray.py" line="752" name="test_components_wrong_dof_indices[2-&lt;lambda&gt;25]" time="0.029324054718017578"></testcase><testcase classname="src.pymortests.vectorarray" file="src/pymortests/vectorarray.py" line="752" name="test_components_wrong_dof_indices[2-&lt;lambda&gt;26]" time="0.05864906311035156"></testcase><testcase classname="src.pymortests.vectorarray" file="src/pymortests/vectorarray.py" line="766" name="test_amax[0-&lt;lambda&gt;0]" time="0.0016622543334960938"></testcase><testcase classname="src.pymortests.vectorarray" file="src/pymortests/vectorarray.py" line="766" name="test_amax[0-&lt;lambda&gt;1]" time="0.0025246143341064453"></testcase><testcase classname="src.pymortests.vectorarray" file="src/pymortests/vectorarray.py" line="766" name="test_amax[0-&lt;lambda&gt;2]" time="0.0061492919921875"></testcase><testcase classname="src.pymortests.vectorarray" file="src/pymortests/vectorarray.py" line="766" name="test_amax[0-&lt;lambda&gt;3]" time="0.03154921531677246"></testcase><testcase classname="src.pymortests.vectorarray" file="src/pymortests/vectorarray.py" line="766" name="test_amax[0-&lt;lambda&gt;4]" time="0.0016171932220458984"></testcase><testcase classname="src.pymortests.vectorarray" file="src/pymortests/vectorarray.py" line="766" name="test_amax[0-&lt;lambda&gt;5]" time="0.0012698173522949219"></testcase><testcase classname="src.pymortests.vectorarray" file="src/pymortests/vectorarray.py" line="766" name="test_amax[0-&lt;lambda&gt;6]" time="0.0021505355834960938"></testcase><testcase classname="src.pymortests.vectorarray" file="src/pymortests/vectorarray.py" line="766" name="test_amax[0-&lt;lambda&gt;7]" time="0.006121397018432617"></testcase><testcase classname="src.pymortests.vectorarray" file="src/pymortests/vectorarray.py" line="766" name="test_amax[0-&lt;lambda&gt;8]" time="0.03373527526855469"></testcase><testcase classname="src.pymortests.vectorarray" file="src/pymortests/vectorarray.py" line="766" name="test_amax[0-&lt;lambda&gt;9]" time="0.002137422561645508"></testcase><testcase classname="src.pymortests.vectorarray" file="src/pymortests/vectorarray.py" line="766" name="test_amax[0-&lt;lambda&gt;10]" time="0.00416874885559082"></testcase><testcase classname="src.pymortests.vectorarray" file="src/pymortests/vectorarray.py" line="766" name="test_amax[0-&lt;lambda&gt;11]" time="0.015158891677856445"></testcase><testcase classname="src.pymortests.vectorarray" file="src/pymortests/vectorarray.py" line="766" name="test_amax[0-&lt;lambda&gt;12]" time="0.0017926692962646484"></testcase><testcase classname="src.pymortests.vectorarray" file="src/pymortests/vectorarray.py" line="766" name="test_amax[0-&lt;lambda&gt;13]" time="0.010800361633300781"></testcase><testcase classname="src.pymortests.vectorarray" file="src/pymortests/vectorarray.py" line="766" name="test_amax[0-&lt;lambda&gt;14]" time="0.014182090759277344"></testcase><testcase classname="src.pymortests.vectorarray" file="src/pymortests/vectorarray.py" line="766" name="test_amax[0-&lt;lambda&gt;15]" time="0.0725104808807373"></testcase><testcase classname="src.pymortests.vectorarray" file="src/pymortests/vectorarray.py" line="766" name="test_amax[0-&lt;lambda&gt;16]" time="0.1513068675994873"></testcase><testcase classname="src.pymortests.vectorarray" file="src/pymortests/vectorarray.py" line="766" name="test_amax[0-&lt;lambda&gt;17]" time="0.009273767471313477"></testcase><testcase classname="src.pymortests.vectorarray" file="src/pymortests/vectorarray.py" line="766" name="test_amax[0-&lt;lambda&gt;18]" time="0.009105682373046875"></testcase><testcase classname="src.pymortests.vectorarray" file="src/pymortests/vectorarray.py" line="766" name="test_amax[0-&lt;lambda&gt;19]" time="0.02882671356201172"></testcase><testcase classname="src.pymortests.vectorarray" file="src/pymortests/vectorarray.py" line="766" name="test_amax[0-&lt;lambda&gt;20]" time="0.10259866714477539"></testcase><testcase classname="src.pymortests.vectorarray" file="src/pymortests/vectorarray.py" line="766" name="test_amax[0-&lt;lambda&gt;21]" time="0.21559929847717285"></testcase><testcase classname="src.pymortests.vectorarray" file="src/pymortests/vectorarray.py" line="766" name="test_amax[0-&lt;lambda&gt;22]" time="0.0015783309936523438"></testcase><testcase classname="src.pymortests.vectorarray" file="src/pymortests/vectorarray.py" line="766" name="test_amax[0-&lt;lambda&gt;23]" time="0.002481698989868164"></testcase><testcase classname="src.pymortests.vectorarray" file="src/pymortests/vectorarray.py" line="766" name="test_amax[0-&lt;lambda&gt;24]" time="0.008723020553588867"></testcase><testcase classname="src.pymortests.vectorarray" file="src/pymortests/vectorarray.py" line="766" name="test_amax[0-&lt;lambda&gt;25]" time="0.07109999656677246"></testcase><testcase classname="src.pymortests.vectorarray" file="src/pymortests/vectorarray.py" line="766" name="test_amax[0-&lt;lambda&gt;26]" time="0.05338096618652344"></testcase><testcase classname="src.pymortests.vectorarray" file="src/pymortests/vectorarray.py" line="766" name="test_amax[1-&lt;lambda&gt;0]" time="0.001809835433959961"></testcase><testcase classname="src.pymortests.vectorarray" file="src/pymortests/vectorarray.py" line="766" name="test_amax[1-&lt;lambda&gt;1]" time="0.002523660659790039"></testcase><testcase classname="src.pymortests.vectorarray" file="src/pymortests/vectorarray.py" line="766" name="test_amax[1-&lt;lambda&gt;2]" time="0.006026029586791992"></testcase><testcase classname="src.pymortests.vectorarray" file="src/pymortests/vectorarray.py" line="766" name="test_amax[1-&lt;lambda&gt;3]" time="0.03161287307739258"></testcase><testcase classname="src.pymortests.vectorarray" file="src/pymortests/vectorarray.py" line="766" name="test_amax[1-&lt;lambda&gt;4]" time="0.0016505718231201172"></testcase><testcase classname="src.pymortests.vectorarray" file="src/pymortests/vectorarray.py" line="766" name="test_amax[1-&lt;lambda&gt;5]" time="0.0013279914855957031"></testcase><testcase classname="src.pymortests.vectorarray" file="src/pymortests/vectorarray.py" line="766" name="test_amax[1-&lt;lambda&gt;6]" time="0.0021750926971435547"></testcase><testcase classname="src.pymortests.vectorarray" file="src/pymortests/vectorarray.py" line="766" name="test_amax[1-&lt;lambda&gt;7]" time="0.00600886344909668"></testcase><testcase classname="src.pymortests.vectorarray" file="src/pymortests/vectorarray.py" line="766" name="test_amax[1-&lt;lambda&gt;8]" time="0.03403425216674805"></testcase><testcase classname="src.pymortests.vectorarray" file="src/pymortests/vectorarray.py" line="766" name="test_amax[1-&lt;lambda&gt;9]" time="0.0028908252716064453"></testcase><testcase classname="src.pymortests.vectorarray" file="src/pymortests/vectorarray.py" line="766" name="test_amax[1-&lt;lambda&gt;10]" time="0.004296779632568359"></testcase><testcase classname="src.pymortests.vectorarray" file="src/pymortests/vectorarray.py" line="766" name="test_amax[1-&lt;lambda&gt;11]" time="0.01561880111694336"></testcase><testcase classname="src.pymortests.vectorarray" file="src/pymortests/vectorarray.py" line="766" name="test_amax[1-&lt;lambda&gt;12]" time="0.0019397735595703125"></testcase><testcase classname="src.pymortests.vectorarray" file="src/pymortests/vectorarray.py" line="766" name="test_amax[1-&lt;lambda&gt;13]" time="0.010842561721801758"></testcase><testcase classname="src.pymortests.vectorarray" file="src/pymortests/vectorarray.py" line="766" name="test_amax[1-&lt;lambda&gt;14]" time="0.015715360641479492"></testcase><testcase classname="src.pymortests.vectorarray" file="src/pymortests/vectorarray.py" line="766" name="test_amax[1-&lt;lambda&gt;15]" time="0.07297921180725098"></testcase><testcase classname="src.pymortests.vectorarray" file="src/pymortests/vectorarray.py" line="766" name="test_amax[1-&lt;lambda&gt;16]" time="0.15264010429382324"></testcase><testcase classname="src.pymortests.vectorarray" file="src/pymortests/vectorarray.py" line="766" name="test_amax[1-&lt;lambda&gt;17]" time="0.009394645690917969"></testcase><testcase classname="src.pymortests.vectorarray" file="src/pymortests/vectorarray.py" line="766" name="test_amax[1-&lt;lambda&gt;18]" time="0.009196996688842773"></testcase><testcase classname="src.pymortests.vectorarray" file="src/pymortests/vectorarray.py" line="766" name="test_amax[1-&lt;lambda&gt;19]" time="0.028485774993896484"></testcase><testcase classname="src.pymortests.vectorarray" file="src/pymortests/vectorarray.py" line="766" name="test_amax[1-&lt;lambda&gt;20]" time="0.10174417495727539"></testcase><testcase classname="src.pymortests.vectorarray" file="src/pymortests/vectorarray.py" line="766" name="test_amax[1-&lt;lambda&gt;21]" time="0.21709012985229492"></testcase><testcase classname="src.pymortests.vectorarray" file="src/pymortests/vectorarray.py" line="766" name="test_amax[1-&lt;lambda&gt;22]" time="0.0017230510711669922"></testcase><testcase classname="src.pymortests.vectorarray" file="src/pymortests/vectorarray.py" line="766" name="test_amax[1-&lt;lambda&gt;23]" time="0.0024781227111816406"></testcase><testcase classname="src.pymortests.vectorarray" file="src/pymortests/vectorarray.py" line="766" name="test_amax[1-&lt;lambda&gt;24]" time="0.009728670120239258"></testcase><testcase classname="src.pymortests.vectorarray" file="src/pymortests/vectorarray.py" line="766" name="test_amax[1-&lt;lambda&gt;25]" time="0.0894014835357666"></testcase><testcase classname="src.pymortests.vectorarray" file="src/pymortests/vectorarray.py" line="766" name="test_amax[1-&lt;lambda&gt;26]" time="0.05329442024230957"></testcase><testcase classname="src.pymortests.vectorarray" file="src/pymortests/vectorarray.py" line="766" name="test_amax[2-&lt;lambda&gt;0]" time="0.0016906261444091797"></testcase><testcase classname="src.pymortests.vectorarray" file="src/pymortests/vectorarray.py" line="766" name="test_amax[2-&lt;lambda&gt;1]" time="0.0024673938751220703"></testcase><testcase classname="src.pymortests.vectorarray" file="src/pymortests/vectorarray.py" line="766" name="test_amax[2-&lt;lambda&gt;2]" time="0.0060443878173828125"></testcase><testcase classname="src.pymortests.vectorarray" file="src/pymortests/vectorarray.py" line="766" name="test_amax[2-&lt;lambda&gt;3]" time="0.03141522407531738"></testcase><testcase classname="src.pymortests.vectorarray" file="src/pymortests/vectorarray.py" line="766" name="test_amax[2-&lt;lambda&gt;4]" time="0.0017359256744384766"></testcase><testcase classname="src.pymortests.vectorarray" file="src/pymortests/vectorarray.py" line="766" name="test_amax[2-&lt;lambda&gt;5]" time="0.0012590885162353516"></testcase><testcase classname="src.pymortests.vectorarray" file="src/pymortests/vectorarray.py" line="766" name="test_amax[2-&lt;lambda&gt;6]" time="0.0022492408752441406"></testcase><testcase classname="src.pymortests.vectorarray" file="src/pymortests/vectorarray.py" line="766" name="test_amax[2-&lt;lambda&gt;7]" time="0.00614619255065918"></testcase><testcase classname="src.pymortests.vectorarray" file="src/pymortests/vectorarray.py" line="766" name="test_amax[2-&lt;lambda&gt;8]" time="0.03705954551696777"></testcase><testcase classname="src.pymortests.vectorarray" file="src/pymortests/vectorarray.py" line="766" name="test_amax[2-&lt;lambda&gt;9]" time="0.0028781890869140625"></testcase><testcase classname="src.pymortests.vectorarray" file="src/pymortests/vectorarray.py" line="766" name="test_amax[2-&lt;lambda&gt;10]" time="0.004169940948486328"></testcase><testcase classname="src.pymortests.vectorarray" file="src/pymortests/vectorarray.py" line="766" name="test_amax[2-&lt;lambda&gt;11]" time="0.015589237213134766"></testcase><testcase classname="src.pymortests.vectorarray" file="src/pymortests/vectorarray.py" line="766" name="test_amax[2-&lt;lambda&gt;12]" time="0.0017900466918945312"></testcase><testcase classname="src.pymortests.vectorarray" file="src/pymortests/vectorarray.py" line="766" name="test_amax[2-&lt;lambda&gt;13]" time="0.010658979415893555"></testcase><testcase classname="src.pymortests.vectorarray" file="src/pymortests/vectorarray.py" line="766" name="test_amax[2-&lt;lambda&gt;14]" time="0.01452946662902832"></testcase><testcase classname="src.pymortests.vectorarray" file="src/pymortests/vectorarray.py" line="766" name="test_amax[2-&lt;lambda&gt;15]" time="0.07240748405456543"></testcase><testcase classname="src.pymortests.vectorarray" file="src/pymortests/vectorarray.py" line="766" name="test_amax[2-&lt;lambda&gt;16]" time="0.15343761444091797"></testcase><testcase classname="src.pymortests.vectorarray" file="src/pymortests/vectorarray.py" line="766" name="test_amax[2-&lt;lambda&gt;17]" time="0.009378910064697266"></testcase><testcase classname="src.pymortests.vectorarray" file="src/pymortests/vectorarray.py" line="766" name="test_amax[2-&lt;lambda&gt;18]" time="0.009120464324951172"></testcase><testcase classname="src.pymortests.vectorarray" file="src/pymortests/vectorarray.py" line="766" name="test_amax[2-&lt;lambda&gt;19]" time="0.02873396873474121"></testcase><testcase classname="src.pymortests.vectorarray" file="src/pymortests/vectorarray.py" line="766" name="test_amax[2-&lt;lambda&gt;20]" time="0.10118579864501953"></testcase><testcase classname="src.pymortests.vectorarray" file="src/pymortests/vectorarray.py" line="766" name="test_amax[2-&lt;lambda&gt;21]" time="0.21694278717041016"></testcase><testcase classname="src.pymortests.vectorarray" file="src/pymortests/vectorarray.py" line="766" name="test_amax[2-&lt;lambda&gt;22]" time="0.0017333030700683594"></testcase><testcase classname="src.pymortests.vectorarray" file="src/pymortests/vectorarray.py" line="766" name="test_amax[2-&lt;lambda&gt;23]" time="0.0024585723876953125"></testcase><testcase classname="src.pymortests.vectorarray" file="src/pymortests/vectorarray.py" line="766" name="test_amax[2-&lt;lambda&gt;24]" time="0.009400129318237305"></testcase><testcase classname="src.pymortests.vectorarray" file="src/pymortests/vectorarray.py" line="766" name="test_amax[2-&lt;lambda&gt;25]" time="0.08962535858154297"></testcase><testcase classname="src.pymortests.vectorarray" file="src/pymortests/vectorarray.py" line="766" name="test_amax[2-&lt;lambda&gt;26]" time="0.05329632759094238"></testcase><testcase classname="src.pymortests.vectorarray" file="src/pymortests/vectorarray.py" line="785" name="test_gramian[0-&lt;lambda&gt;0]" time="0.003079652786254883"></testcase><testcase classname="src.pymortests.vectorarray" file="src/pymortests/vectorarray.py" line="785" name="test_gramian[0-&lt;lambda&gt;1]" time="0.002351045608520508"></testcase><testcase classname="src.pymortests.vectorarray" file="src/pymortests/vectorarray.py" line="785" name="test_gramian[0-&lt;lambda&gt;2]" time="0.002893209457397461"></testcase><testcase classname="src.pymortests.vectorarray" file="src/pymortests/vectorarray.py" line="785" name="test_gramian[0-&lt;lambda&gt;3]" time="0.003986835479736328"></testcase><testcase classname="src.pymortests.vectorarray" file="src/pymortests/vectorarray.py" line="785" name="test_gramian[0-&lt;lambda&gt;4]" time="0.008607149124145508"></testcase><testcase classname="src.pymortests.vectorarray" file="src/pymortests/vectorarray.py" line="785" name="test_gramian[0-&lt;lambda&gt;5]" time="0.002146005630493164"></testcase><testcase classname="src.pymortests.vectorarray" file="src/pymortests/vectorarray.py" line="785" name="test_gramian[0-&lt;lambda&gt;6]" time="0.002110004425048828"></testcase><testcase classname="src.pymortests.vectorarray" file="src/pymortests/vectorarray.py" line="785" name="test_gramian[0-&lt;lambda&gt;7]" time="0.015312433242797852"></testcase><testcase classname="src.pymortests.vectorarray" file="src/pymortests/vectorarray.py" line="785" name="test_gramian[0-&lt;lambda&gt;8]" time="0.34608960151672363"></testcase><testcase classname="src.pymortests.vectorarray" file="src/pymortests/vectorarray.py" line="785" name="test_gramian[0-&lt;lambda&gt;9]" time="1.3875865936279297"></testcase><testcase classname="src.pymortests.vectorarray" file="src/pymortests/vectorarray.py" line="785" name="test_gramian[0-&lt;lambda&gt;10]" time="0.004667520523071289"></testcase><testcase classname="src.pymortests.vectorarray" file="src/pymortests/vectorarray.py" line="785" name="test_gramian[0-&lt;lambda&gt;11]" time="0.0047647953033447266"></testcase><testcase classname="src.pymortests.vectorarray" file="src/pymortests/vectorarray.py" line="785" name="test_gramian[0-&lt;lambda&gt;12]" time="0.004213571548461914"></testcase><testcase classname="src.pymortests.vectorarray" file="src/pymortests/vectorarray.py" line="785" name="test_gramian[0-&lt;lambda&gt;13]" time="0.003541707992553711"></testcase><testcase classname="src.pymortests.vectorarray" file="src/pymortests/vectorarray.py" line="785" name="test_gramian[0-&lt;lambda&gt;14]" time="0.0046977996826171875"></testcase><testcase classname="src.pymortests.vectorarray" file="src/pymortests/vectorarray.py" line="785" name="test_gramian[0-&lt;lambda&gt;15]" time="0.007620096206665039"></testcase><testcase classname="src.pymortests.vectorarray" file="src/pymortests/vectorarray.py" line="785" name="test_gramian[0-&lt;lambda&gt;16]" time="0.01119685173034668"></testcase><testcase classname="src.pymortests.vectorarray" file="src/pymortests/vectorarray.py" line="785" name="test_gramian[0-&lt;lambda&gt;17]" time="0.002707958221435547"></testcase><testcase classname="src.pymortests.vectorarray" file="src/pymortests/vectorarray.py" line="785" name="test_gramian[0-&lt;lambda&gt;18]" time="0.002609729766845703"></testcase><testcase classname="src.pymortests.vectorarray" file="src/pymortests/vectorarray.py" line="785" name="test_gramian[0-&lt;lambda&gt;19]" time="0.01768350601196289"></testcase><testcase classname="src.pymortests.vectorarray" file="src/pymortests/vectorarray.py" line="785" name="test_gramian[0-&lt;lambda&gt;20]" time="0.2136859893798828"></testcase><testcase classname="src.pymortests.vectorarray" file="src/pymortests/vectorarray.py" line="785" name="test_gramian[0-&lt;lambda&gt;21]" time="1.1425397396087646"></testcase><testcase classname="src.pymortests.vectorarray" file="src/pymortests/vectorarray.py" line="785" name="test_gramian[0-&lt;lambda&gt;22]" time="0.0030372142791748047"></testcase><testcase classname="src.pymortests.vectorarray" file="src/pymortests/vectorarray.py" line="785" name="test_gramian[0-&lt;lambda&gt;23]" time="0.002187013626098633"></testcase><testcase classname="src.pymortests.vectorarray" file="src/pymortests/vectorarray.py" line="785" name="test_gramian[0-&lt;lambda&gt;24]" time="0.010138750076293945"></testcase><testcase classname="src.pymortests.vectorarray" file="src/pymortests/vectorarray.py" line="785" name="test_gramian[0-&lt;lambda&gt;25]" time="0.1715703010559082"></testcase><testcase classname="src.pymortests.vectorarray" file="src/pymortests/vectorarray.py" line="785" name="test_gramian[0-&lt;lambda&gt;26]" time="0.8462693691253662"></testcase><testcase classname="src.pymortests.vectorarray" file="src/pymortests/vectorarray.py" line="785" name="test_gramian[1-&lt;lambda&gt;0]" time="0.003297090530395508"></testcase><testcase classname="src.pymortests.vectorarray" file="src/pymortests/vectorarray.py" line="785" name="test_gramian[1-&lt;lambda&gt;1]" time="0.0022916793823242188"></testcase><testcase classname="src.pymortests.vectorarray" file="src/pymortests/vectorarray.py" line="785" name="test_gramian[1-&lt;lambda&gt;2]" time="0.002879619598388672"></testcase><testcase classname="src.pymortests.vectorarray" file="src/pymortests/vectorarray.py" line="785" name="test_gramian[1-&lt;lambda&gt;3]" time="0.0039522647857666016"></testcase><testcase classname="src.pymortests.vectorarray" file="src/pymortests/vectorarray.py" line="785" name="test_gramian[1-&lt;lambda&gt;4]" time="0.004513978958129883"></testcase><testcase classname="src.pymortests.vectorarray" file="src/pymortests/vectorarray.py" line="785" name="test_gramian[1-&lt;lambda&gt;5]" time="0.002184152603149414"></testcase><testcase classname="src.pymortests.vectorarray" file="src/pymortests/vectorarray.py" line="785" name="test_gramian[1-&lt;lambda&gt;6]" time="0.0021567344665527344"></testcase><testcase classname="src.pymortests.vectorarray" file="src/pymortests/vectorarray.py" line="785" name="test_gramian[1-&lt;lambda&gt;7]" time="0.015125274658203125"></testcase><testcase classname="src.pymortests.vectorarray" file="src/pymortests/vectorarray.py" line="785" name="test_gramian[1-&lt;lambda&gt;8]" time="0.2621932029724121"></testcase><testcase classname="src.pymortests.vectorarray" file="src/pymortests/vectorarray.py" line="785" name="test_gramian[1-&lt;lambda&gt;9]" time="1.3939335346221924"></testcase><testcase classname="src.pymortests.vectorarray" file="src/pymortests/vectorarray.py" line="785" name="test_gramian[1-&lt;lambda&gt;10]" time="0.004654884338378906"></testcase><testcase classname="src.pymortests.vectorarray" file="src/pymortests/vectorarray.py" line="785" name="test_gramian[1-&lt;lambda&gt;11]" time="0.004650592803955078"></testcase><testcase classname="src.pymortests.vectorarray" file="src/pymortests/vectorarray.py" line="785" name="test_gramian[1-&lt;lambda&gt;12]" time="0.004288911819458008"></testcase><testcase classname="src.pymortests.vectorarray" file="src/pymortests/vectorarray.py" line="785" name="test_gramian[1-&lt;lambda&gt;13]" time="0.0034787654876708984"></testcase><testcase classname="src.pymortests.vectorarray" file="src/pymortests/vectorarray.py" line="785" name="test_gramian[1-&lt;lambda&gt;14]" time="0.004692792892456055"></testcase><testcase classname="src.pymortests.vectorarray" file="src/pymortests/vectorarray.py" line="785" name="test_gramian[1-&lt;lambda&gt;15]" time="0.007768869400024414"></testcase><testcase classname="src.pymortests.vectorarray" file="src/pymortests/vectorarray.py" line="785" name="test_gramian[1-&lt;lambda&gt;16]" time="0.012067317962646484"></testcase><testcase classname="src.pymortests.vectorarray" file="src/pymortests/vectorarray.py" line="785" name="test_gramian[1-&lt;lambda&gt;17]" time="0.0027513504028320312"></testcase><testcase classname="src.pymortests.vectorarray" file="src/pymortests/vectorarray.py" line="785" name="test_gramian[1-&lt;lambda&gt;18]" time="0.002606630325317383"></testcase><testcase classname="src.pymortests.vectorarray" file="src/pymortests/vectorarray.py" line="785" name="test_gramian[1-&lt;lambda&gt;19]" time="0.017266273498535156"></testcase><testcase classname="src.pymortests.vectorarray" file="src/pymortests/vectorarray.py" line="785" name="test_gramian[1-&lt;lambda&gt;20]" time="0.2135603427886963"></testcase><testcase classname="src.pymortests.vectorarray" file="src/pymortests/vectorarray.py" line="785" name="test_gramian[1-&lt;lambda&gt;21]" time="1.1407930850982666"></testcase><testcase classname="src.pymortests.vectorarray" file="src/pymortests/vectorarray.py" line="785" name="test_gramian[1-&lt;lambda&gt;22]" time="0.0029802322387695312"></testcase><testcase classname="src.pymortests.vectorarray" file="src/pymortests/vectorarray.py" line="785" name="test_gramian[1-&lt;lambda&gt;23]" time="0.002137899398803711"></testcase><testcase classname="src.pymortests.vectorarray" file="src/pymortests/vectorarray.py" line="785" name="test_gramian[1-&lt;lambda&gt;24]" time="0.01018834114074707"></testcase><testcase classname="src.pymortests.vectorarray" file="src/pymortests/vectorarray.py" line="785" name="test_gramian[1-&lt;lambda&gt;25]" time="0.17119979858398438"></testcase><testcase classname="src.pymortests.vectorarray" file="src/pymortests/vectorarray.py" line="785" name="test_gramian[1-&lt;lambda&gt;26]" time="0.8472006320953369"></testcase><testcase classname="src.pymortests.vectorarray" file="src/pymortests/vectorarray.py" line="785" name="test_gramian[2-&lt;lambda&gt;0]" time="0.003356456756591797"></testcase><testcase classname="src.pymortests.vectorarray" file="src/pymortests/vectorarray.py" line="785" name="test_gramian[2-&lt;lambda&gt;1]" time="0.0022459030151367188"></testcase><testcase classname="src.pymortests.vectorarray" file="src/pymortests/vectorarray.py" line="785" name="test_gramian[2-&lt;lambda&gt;2]" time="0.0028083324432373047"></testcase><testcase classname="src.pymortests.vectorarray" file="src/pymortests/vectorarray.py" line="785" name="test_gramian[2-&lt;lambda&gt;3]" time="0.003832578659057617"></testcase><testcase classname="src.pymortests.vectorarray" file="src/pymortests/vectorarray.py" line="785" name="test_gramian[2-&lt;lambda&gt;4]" time="0.004396677017211914"></testcase><testcase classname="src.pymortests.vectorarray" file="src/pymortests/vectorarray.py" line="785" name="test_gramian[2-&lt;lambda&gt;5]" time="0.002181529998779297"></testcase><testcase classname="src.pymortests.vectorarray" file="src/pymortests/vectorarray.py" line="785" name="test_gramian[2-&lt;lambda&gt;6]" time="0.0020787715911865234"></testcase><testcase classname="src.pymortests.vectorarray" file="src/pymortests/vectorarray.py" line="785" name="test_gramian[2-&lt;lambda&gt;7]" time="0.015601158142089844"></testcase><testcase classname="src.pymortests.vectorarray" file="src/pymortests/vectorarray.py" line="785" name="test_gramian[2-&lt;lambda&gt;8]" time="0.26505565643310547"></testcase><testcase classname="src.pymortests.vectorarray" file="src/pymortests/vectorarray.py" line="785" name="test_gramian[2-&lt;lambda&gt;9]" time="1.3931567668914795"></testcase><testcase classname="src.pymortests.vectorarray" file="src/pymortests/vectorarray.py" line="785" name="test_gramian[2-&lt;lambda&gt;10]" time="0.004592180252075195"></testcase><testcase classname="src.pymortests.vectorarray" file="src/pymortests/vectorarray.py" line="785" name="test_gramian[2-&lt;lambda&gt;11]" time="0.004646778106689453"></testcase><testcase classname="src.pymortests.vectorarray" file="src/pymortests/vectorarray.py" line="785" name="test_gramian[2-&lt;lambda&gt;12]" time="0.004733085632324219"></testcase><testcase classname="src.pymortests.vectorarray" file="src/pymortests/vectorarray.py" line="785" name="test_gramian[2-&lt;lambda&gt;13]" time="0.0035843849182128906"></testcase><testcase classname="src.pymortests.vectorarray" file="src/pymortests/vectorarray.py" line="785" name="test_gramian[2-&lt;lambda&gt;14]" time="0.005053281784057617"></testcase><testcase classname="src.pymortests.vectorarray" file="src/pymortests/vectorarray.py" line="785" name="test_gramian[2-&lt;lambda&gt;15]" time="0.007827281951904297"></testcase><testcase classname="src.pymortests.vectorarray" file="src/pymortests/vectorarray.py" line="785" name="test_gramian[2-&lt;lambda&gt;16]" time="0.011167287826538086"></testcase><testcase classname="src.pymortests.vectorarray" file="src/pymortests/vectorarray.py" line="785" name="test_gramian[2-&lt;lambda&gt;17]" time="0.0027923583984375"></testcase><testcase classname="src.pymortests.vectorarray" file="src/pymortests/vectorarray.py" line="785" name="test_gramian[2-&lt;lambda&gt;18]" time="0.0026748180389404297"></testcase><testcase classname="src.pymortests.vectorarray" file="src/pymortests/vectorarray.py" line="785" name="test_gramian[2-&lt;lambda&gt;19]" time="0.017584800720214844"></testcase><testcase classname="src.pymortests.vectorarray" file="src/pymortests/vectorarray.py" line="785" name="test_gramian[2-&lt;lambda&gt;20]" time="0.21459698677062988"></testcase><testcase classname="src.pymortests.vectorarray" file="src/pymortests/vectorarray.py" line="785" name="test_gramian[2-&lt;lambda&gt;21]" time="1.146979570388794"></testcase><testcase classname="src.pymortests.vectorarray" file="src/pymortests/vectorarray.py" line="785" name="test_gramian[2-&lt;lambda&gt;22]" time="0.0029969215393066406"></testcase><testcase classname="src.pymortests.vectorarray" file="src/pymortests/vectorarray.py" line="785" name="test_gramian[2-&lt;lambda&gt;23]" time="0.002181529998779297"></testcase><testcase classname="src.pymortests.vectorarray" file="src/pymortests/vectorarray.py" line="785" name="test_gramian[2-&lt;lambda&gt;24]" time="0.010179758071899414"></testcase><testcase classname="src.pymortests.vectorarray" file="src/pymortests/vectorarray.py" line="785" name="test_gramian[2-&lt;lambda&gt;25]" time="0.17297101020812988"></testcase><testcase classname="src.pymortests.vectorarray" file="src/pymortests/vectorarray.py" line="785" name="test_gramian[2-&lt;lambda&gt;26]" time="0.8453536033630371"></testcase><testcase classname="src.pymortests.vectorarray" file="src/pymortests/vectorarray.py" line="791" name="test_add[compatible_vector_array_pair0-&lt;lambda&gt;0]" time="0.0022683143615722656"></testcase><testcase classname="src.pymortests.vectorarray" file="src/pymortests/vectorarray.py" line="791" name="test_add[compatible_vector_array_pair0-&lt;lambda&gt;1]" time="0.0014891624450683594"></testcase><testcase classname="src.pymortests.vectorarray" file="src/pymortests/vectorarray.py" line="791" name="test_add[compatible_vector_array_pair0-&lt;lambda&gt;2]" time="0.0014526844024658203"></testcase><testcase classname="src.pymortests.vectorarray" file="src/pymortests/vectorarray.py" line="791" name="test_add[compatible_vector_array_pair0-&lt;lambda&gt;3]" time="0.0015168190002441406"></testcase><testcase classname="src.pymortests.vectorarray" file="src/pymortests/vectorarray.py" line="791" name="test_add[compatible_vector_array_pair0-&lt;lambda&gt;4]" time="0.0014197826385498047"></testcase><testcase classname="src.pymortests.vectorarray" file="src/pymortests/vectorarray.py" line="791" name="test_add[compatible_vector_array_pair0-&lt;lambda&gt;5]" time="0.0013301372528076172"></testcase><testcase classname="src.pymortests.vectorarray" file="src/pymortests/vectorarray.py" line="791" name="test_add[compatible_vector_array_pair0-&lt;lambda&gt;6]" time="0.0014116764068603516"></testcase><testcase classname="src.pymortests.vectorarray" file="src/pymortests/vectorarray.py" line="791" name="test_add[compatible_vector_array_pair0-&lt;lambda&gt;7]" time="0.0013713836669921875"></testcase><testcase classname="src.pymortests.vectorarray" file="src/pymortests/vectorarray.py" line="791" name="test_add[compatible_vector_array_pair0-&lt;lambda&gt;8]" time="0.0016293525695800781"></testcase><testcase classname="src.pymortests.vectorarray" file="src/pymortests/vectorarray.py" line="791" name="test_add[compatible_vector_array_pair0-&lt;lambda&gt;9]" time="0.004693746566772461"></testcase><testcase classname="src.pymortests.vectorarray" file="src/pymortests/vectorarray.py" line="791" name="test_add[compatible_vector_array_pair0-&lt;lambda&gt;10]" time="0.00899815559387207"></testcase><testcase classname="src.pymortests.vectorarray" file="src/pymortests/vectorarray.py" line="791" name="test_add[compatible_vector_array_pair0-&lt;lambda&gt;11]" time="0.0015110969543457031"></testcase><testcase classname="src.pymortests.vectorarray" file="src/pymortests/vectorarray.py" line="791" name="test_add[compatible_vector_array_pair0-&lt;lambda&gt;12]" time="0.0018651485443115234"></testcase><testcase classname="src.pymortests.vectorarray" file="src/pymortests/vectorarray.py" line="791" name="test_add[compatible_vector_array_pair0-&lt;lambda&gt;13]" time="0.0018465518951416016"></testcase><testcase classname="src.pymortests.vectorarray" file="src/pymortests/vectorarray.py" line="791" name="test_add[compatible_vector_array_pair0-&lt;lambda&gt;14]" time="0.0017399787902832031"></testcase><testcase classname="src.pymortests.vectorarray" file="src/pymortests/vectorarray.py" line="791" name="test_add[compatible_vector_array_pair0-&lt;lambda&gt;15]" time="0.002104520797729492"></testcase><testcase classname="src.pymortests.vectorarray" file="src/pymortests/vectorarray.py" line="791" name="test_add[compatible_vector_array_pair0-&lt;lambda&gt;16]" time="0.002368450164794922"></testcase><testcase classname="src.pymortests.vectorarray" file="src/pymortests/vectorarray.py" line="791" name="test_add[compatible_vector_array_pair0-&lt;lambda&gt;17]" time="0.0021932125091552734"></testcase><testcase classname="src.pymortests.vectorarray" file="src/pymortests/vectorarray.py" line="791" name="test_add[compatible_vector_array_pair0-&lt;lambda&gt;18]" time="0.001999378204345703"></testcase><testcase classname="src.pymortests.vectorarray" file="src/pymortests/vectorarray.py" line="791" name="test_add[compatible_vector_array_pair0-&lt;lambda&gt;19]" time="0.0020132064819335938"></testcase><testcase classname="src.pymortests.vectorarray" file="src/pymortests/vectorarray.py" line="791" name="test_add[compatible_vector_array_pair0-&lt;lambda&gt;20]" time="0.02761101722717285"></testcase><testcase classname="src.pymortests.vectorarray" file="src/pymortests/vectorarray.py" line="791" name="test_add[compatible_vector_array_pair0-&lt;lambda&gt;21]" time="0.018129587173461914"></testcase><testcase classname="src.pymortests.vectorarray" file="src/pymortests/vectorarray.py" line="791" name="test_add[compatible_vector_array_pair0-&lt;lambda&gt;22]" time="0.05016469955444336"></testcase><testcase classname="src.pymortests.vectorarray" file="src/pymortests/vectorarray.py" line="791" name="test_add[compatible_vector_array_pair0-&lt;lambda&gt;23]" time="0.003728151321411133"></testcase><testcase classname="src.pymortests.vectorarray" file="src/pymortests/vectorarray.py" line="791" name="test_add[compatible_vector_array_pair0-&lt;lambda&gt;24]" time="0.0013103485107421875"></testcase><testcase classname="src.pymortests.vectorarray" file="src/pymortests/vectorarray.py" line="791" name="test_add[compatible_vector_array_pair0-&lt;lambda&gt;25]" time="0.002178192138671875"></testcase><testcase classname="src.pymortests.vectorarray" file="src/pymortests/vectorarray.py" line="791" name="test_add[compatible_vector_array_pair0-&lt;lambda&gt;26]" time="0.02362537384033203"></testcase><testcase classname="src.pymortests.vectorarray" file="src/pymortests/vectorarray.py" line="791" name="test_add[compatible_vector_array_pair0-&lt;lambda&gt;27]" time="0.12182283401489258"></testcase><testcase classname="src.pymortests.vectorarray" file="src/pymortests/vectorarray.py" line="791" name="test_add[compatible_vector_array_pair0-&lt;lambda&gt;28]" time="0.3240983486175537"></testcase><testcase classname="src.pymortests.vectorarray" file="src/pymortests/vectorarray.py" line="791" name="test_add[compatible_vector_array_pair0-&lt;lambda&gt;29]" time="0.009544849395751953"></testcase><testcase classname="src.pymortests.vectorarray" file="src/pymortests/vectorarray.py" line="791" name="test_add[compatible_vector_array_pair1-&lt;lambda&gt;0]" time="0.0020322799682617188"></testcase><testcase classname="src.pymortests.vectorarray" file="src/pymortests/vectorarray.py" line="791" name="test_add[compatible_vector_array_pair1-&lt;lambda&gt;1]" time="0.0015985965728759766"></testcase><testcase classname="src.pymortests.vectorarray" file="src/pymortests/vectorarray.py" line="791" name="test_add[compatible_vector_array_pair1-&lt;lambda&gt;2]" time="0.0014765262603759766"></testcase><testcase classname="src.pymortests.vectorarray" file="src/pymortests/vectorarray.py" line="791" name="test_add[compatible_vector_array_pair1-&lt;lambda&gt;3]" time="0.0015511512756347656"></testcase><testcase classname="src.pymortests.vectorarray" file="src/pymortests/vectorarray.py" line="791" name="test_add[compatible_vector_array_pair1-&lt;lambda&gt;4]" time="0.0013973712921142578"></testcase><testcase classname="src.pymortests.vectorarray" file="src/pymortests/vectorarray.py" line="791" name="test_add[compatible_vector_array_pair1-&lt;lambda&gt;5]" time="0.0013623237609863281"></testcase><testcase classname="src.pymortests.vectorarray" file="src/pymortests/vectorarray.py" line="791" name="test_add[compatible_vector_array_pair1-&lt;lambda&gt;6]" time="0.001302957534790039"></testcase><testcase classname="src.pymortests.vectorarray" file="src/pymortests/vectorarray.py" line="791" name="test_add[compatible_vector_array_pair1-&lt;lambda&gt;7]" time="0.0013408660888671875"></testcase><testcase classname="src.pymortests.vectorarray" file="src/pymortests/vectorarray.py" line="791" name="test_add[compatible_vector_array_pair1-&lt;lambda&gt;8]" time="0.0016961097717285156"></testcase><testcase classname="src.pymortests.vectorarray" file="src/pymortests/vectorarray.py" line="791" name="test_add[compatible_vector_array_pair1-&lt;lambda&gt;9]" time="0.004811525344848633"></testcase><testcase classname="src.pymortests.vectorarray" file="src/pymortests/vectorarray.py" line="791" name="test_add[compatible_vector_array_pair1-&lt;lambda&gt;10]" time="0.009099721908569336"></testcase><testcase classname="src.pymortests.vectorarray" file="src/pymortests/vectorarray.py" line="791" name="test_add[compatible_vector_array_pair1-&lt;lambda&gt;11]" time="0.001584768295288086"></testcase><testcase classname="src.pymortests.vectorarray" file="src/pymortests/vectorarray.py" line="791" name="test_add[compatible_vector_array_pair1-&lt;lambda&gt;12]" time="0.001889944076538086"></testcase><testcase classname="src.pymortests.vectorarray" file="src/pymortests/vectorarray.py" line="791" name="test_add[compatible_vector_array_pair1-&lt;lambda&gt;13]" time="0.00196075439453125"></testcase><testcase classname="src.pymortests.vectorarray" file="src/pymortests/vectorarray.py" line="791" name="test_add[compatible_vector_array_pair1-&lt;lambda&gt;14]" time="0.0017485618591308594"></testcase><testcase classname="src.pymortests.vectorarray" file="src/pymortests/vectorarray.py" line="791" name="test_add[compatible_vector_array_pair1-&lt;lambda&gt;15]" time="0.002148866653442383"></testcase><testcase classname="src.pymortests.vectorarray" file="src/pymortests/vectorarray.py" line="791" name="test_add[compatible_vector_array_pair1-&lt;lambda&gt;16]" time="0.002485513687133789"></testcase><testcase classname="src.pymortests.vectorarray" file="src/pymortests/vectorarray.py" line="791" name="test_add[compatible_vector_array_pair1-&lt;lambda&gt;17]" time="0.0025148391723632812"></testcase><testcase classname="src.pymortests.vectorarray" file="src/pymortests/vectorarray.py" line="791" name="test_add[compatible_vector_array_pair1-&lt;lambda&gt;18]" time="0.002061128616333008"></testcase><testcase classname="src.pymortests.vectorarray" file="src/pymortests/vectorarray.py" line="791" name="test_add[compatible_vector_array_pair1-&lt;lambda&gt;19]" time="0.00209808349609375"></testcase><testcase classname="src.pymortests.vectorarray" file="src/pymortests/vectorarray.py" line="791" name="test_add[compatible_vector_array_pair1-&lt;lambda&gt;20]" time="0.026127099990844727"></testcase><testcase classname="src.pymortests.vectorarray" file="src/pymortests/vectorarray.py" line="791" name="test_add[compatible_vector_array_pair1-&lt;lambda&gt;21]" time="0.01806354522705078"></testcase><testcase classname="src.pymortests.vectorarray" file="src/pymortests/vectorarray.py" line="791" name="test_add[compatible_vector_array_pair1-&lt;lambda&gt;22]" time="0.05099225044250488"></testcase><testcase classname="src.pymortests.vectorarray" file="src/pymortests/vectorarray.py" line="791" name="test_add[compatible_vector_array_pair1-&lt;lambda&gt;23]" time="0.0038840770721435547"></testcase><testcase classname="src.pymortests.vectorarray" file="src/pymortests/vectorarray.py" line="791" name="test_add[compatible_vector_array_pair1-&lt;lambda&gt;24]" time="0.0013246536254882812"></testcase><testcase classname="src.pymortests.vectorarray" file="src/pymortests/vectorarray.py" line="791" name="test_add[compatible_vector_array_pair1-&lt;lambda&gt;25]" time="0.00218963623046875"></testcase><testcase classname="src.pymortests.vectorarray" file="src/pymortests/vectorarray.py" line="791" name="test_add[compatible_vector_array_pair1-&lt;lambda&gt;26]" time="0.023519277572631836"></testcase><testcase classname="src.pymortests.vectorarray" file="src/pymortests/vectorarray.py" line="791" name="test_add[compatible_vector_array_pair1-&lt;lambda&gt;27]" time="0.12164568901062012"></testcase><testcase classname="src.pymortests.vectorarray" file="src/pymortests/vectorarray.py" line="791" name="test_add[compatible_vector_array_pair1-&lt;lambda&gt;28]" time="0.32175254821777344"></testcase><testcase classname="src.pymortests.vectorarray" file="src/pymortests/vectorarray.py" line="791" name="test_add[compatible_vector_array_pair1-&lt;lambda&gt;29]" time="0.009504079818725586"></testcase><testcase classname="src.pymortests.vectorarray" file="src/pymortests/vectorarray.py" line="791" name="test_add[compatible_vector_array_pair2-&lt;lambda&gt;0]" time="0.0020241737365722656"></testcase><testcase classname="src.pymortests.vectorarray" file="src/pymortests/vectorarray.py" line="791" name="test_add[compatible_vector_array_pair2-&lt;lambda&gt;1]" time="0.0015194416046142578"></testcase><testcase classname="src.pymortests.vectorarray" file="src/pymortests/vectorarray.py" line="791" name="test_add[compatible_vector_array_pair2-&lt;lambda&gt;2]" time="0.0014252662658691406"></testcase><testcase classname="src.pymortests.vectorarray" file="src/pymortests/vectorarray.py" line="791" name="test_add[compatible_vector_array_pair2-&lt;lambda&gt;3]" time="0.0015397071838378906"></testcase><testcase classname="src.pymortests.vectorarray" file="src/pymortests/vectorarray.py" line="791" name="test_add[compatible_vector_array_pair2-&lt;lambda&gt;4]" time="0.0014641284942626953"></testcase><testcase classname="src.pymortests.vectorarray" file="src/pymortests/vectorarray.py" line="791" name="test_add[compatible_vector_array_pair2-&lt;lambda&gt;5]" time="0.0013861656188964844"></testcase><testcase classname="src.pymortests.vectorarray" file="src/pymortests/vectorarray.py" line="791" name="test_add[compatible_vector_array_pair2-&lt;lambda&gt;6]" time="0.0013651847839355469"></testcase><testcase classname="src.pymortests.vectorarray" file="src/pymortests/vectorarray.py" line="791" name="test_add[compatible_vector_array_pair2-&lt;lambda&gt;7]" time="0.0013108253479003906"></testcase><testcase classname="src.pymortests.vectorarray" file="src/pymortests/vectorarray.py" line="791" name="test_add[compatible_vector_array_pair2-&lt;lambda&gt;8]" time="0.0017933845520019531"></testcase><testcase classname="src.pymortests.vectorarray" file="src/pymortests/vectorarray.py" line="791" name="test_add[compatible_vector_array_pair2-&lt;lambda&gt;9]" time="0.0047321319580078125"></testcase><testcase classname="src.pymortests.vectorarray" file="src/pymortests/vectorarray.py" line="791" name="test_add[compatible_vector_array_pair2-&lt;lambda&gt;10]" time="0.009333610534667969"></testcase><testcase classname="src.pymortests.vectorarray" file="src/pymortests/vectorarray.py" line="791" name="test_add[compatible_vector_array_pair2-&lt;lambda&gt;11]" time="0.0015707015991210938"></testcase><testcase classname="src.pymortests.vectorarray" file="src/pymortests/vectorarray.py" line="791" name="test_add[compatible_vector_array_pair2-&lt;lambda&gt;12]" time="0.0019421577453613281"></testcase><testcase classname="src.pymortests.vectorarray" file="src/pymortests/vectorarray.py" line="791" name="test_add[compatible_vector_array_pair2-&lt;lambda&gt;13]" time="0.0018739700317382812"></testcase><testcase classname="src.pymortests.vectorarray" file="src/pymortests/vectorarray.py" line="791" name="test_add[compatible_vector_array_pair2-&lt;lambda&gt;14]" time="0.0017859935760498047"></testcase><testcase classname="src.pymortests.vectorarray" file="src/pymortests/vectorarray.py" line="791" name="test_add[compatible_vector_array_pair2-&lt;lambda&gt;15]" time="0.002212047576904297"></testcase><testcase classname="src.pymortests.vectorarray" file="src/pymortests/vectorarray.py" line="791" name="test_add[compatible_vector_array_pair2-&lt;lambda&gt;16]" time="0.0024538040161132812"></testcase><testcase classname="src.pymortests.vectorarray" file="src/pymortests/vectorarray.py" line="791" name="test_add[compatible_vector_array_pair2-&lt;lambda&gt;17]" time="0.0023336410522460938"></testcase><testcase classname="src.pymortests.vectorarray" file="src/pymortests/vectorarray.py" line="791" name="test_add[compatible_vector_array_pair2-&lt;lambda&gt;18]" time="0.0020148754119873047"></testcase><testcase classname="src.pymortests.vectorarray" file="src/pymortests/vectorarray.py" line="791" name="test_add[compatible_vector_array_pair2-&lt;lambda&gt;19]" time="0.002063274383544922"></testcase><testcase classname="src.pymortests.vectorarray" file="src/pymortests/vectorarray.py" line="791" name="test_add[compatible_vector_array_pair2-&lt;lambda&gt;20]" time="0.02557849884033203"></testcase><testcase classname="src.pymortests.vectorarray" file="src/pymortests/vectorarray.py" line="791" name="test_add[compatible_vector_array_pair2-&lt;lambda&gt;21]" time="0.018110990524291992"></testcase><testcase classname="src.pymortests.vectorarray" file="src/pymortests/vectorarray.py" line="791" name="test_add[compatible_vector_array_pair2-&lt;lambda&gt;22]" time="0.05146074295043945"></testcase><testcase classname="src.pymortests.vectorarray" file="src/pymortests/vectorarray.py" line="791" name="test_add[compatible_vector_array_pair2-&lt;lambda&gt;23]" time="0.0041315555572509766"></testcase><testcase classname="src.pymortests.vectorarray" file="src/pymortests/vectorarray.py" line="791" name="test_add[compatible_vector_array_pair2-&lt;lambda&gt;24]" time="0.0013706684112548828"></testcase><testcase classname="src.pymortests.vectorarray" file="src/pymortests/vectorarray.py" line="791" name="test_add[compatible_vector_array_pair2-&lt;lambda&gt;25]" time="0.0022382736206054688"></testcase><testcase classname="src.pymortests.vectorarray" file="src/pymortests/vectorarray.py" line="791" name="test_add[compatible_vector_array_pair2-&lt;lambda&gt;26]" time="0.023519515991210938"></testcase><testcase classname="src.pymortests.vectorarray" file="src/pymortests/vectorarray.py" line="791" name="test_add[compatible_vector_array_pair2-&lt;lambda&gt;27]" time="0.1213982105255127"></testcase><testcase classname="src.pymortests.vectorarray" file="src/pymortests/vectorarray.py" line="791" name="test_add[compatible_vector_array_pair2-&lt;lambda&gt;28]" time="0.3218114376068115"></testcase><testcase classname="src.pymortests.vectorarray" file="src/pymortests/vectorarray.py" line="791" name="test_add[compatible_vector_array_pair2-&lt;lambda&gt;29]" time="0.009674310684204102"></testcase><testcase classname="src.pymortests.vectorarray" file="src/pymortests/vectorarray.py" line="791" name="test_add[compatible_vector_array_pair3-&lt;lambda&gt;0]" time="0.002099275588989258"></testcase><testcase classname="src.pymortests.vectorarray" file="src/pymortests/vectorarray.py" line="791" name="test_add[compatible_vector_array_pair3-&lt;lambda&gt;1]" time="0.0015614032745361328"></testcase><testcase classname="src.pymortests.vectorarray" file="src/pymortests/vectorarray.py" line="791" name="test_add[compatible_vector_array_pair3-&lt;lambda&gt;2]" time="0.0014293193817138672"></testcase><testcase classname="src.pymortests.vectorarray" file="src/pymortests/vectorarray.py" line="791" name="test_add[compatible_vector_array_pair3-&lt;lambda&gt;3]" time="0.0015935897827148438"></testcase><testcase classname="src.pymortests.vectorarray" file="src/pymortests/vectorarray.py" line="791" name="test_add[compatible_vector_array_pair3-&lt;lambda&gt;4]" time="0.001461029052734375"></testcase><testcase classname="src.pymortests.vectorarray" file="src/pymortests/vectorarray.py" line="791" name="test_add[compatible_vector_array_pair3-&lt;lambda&gt;5]" time="0.0013523101806640625"></testcase><testcase classname="src.pymortests.vectorarray" file="src/pymortests/vectorarray.py" line="791" name="test_add[compatible_vector_array_pair3-&lt;lambda&gt;6]" time="0.0013875961303710938"></testcase><testcase classname="src.pymortests.vectorarray" file="src/pymortests/vectorarray.py" line="791" name="test_add[compatible_vector_array_pair3-&lt;lambda&gt;7]" time="0.0013506412506103516"></testcase><testcase classname="src.pymortests.vectorarray" file="src/pymortests/vectorarray.py" line="791" name="test_add[compatible_vector_array_pair3-&lt;lambda&gt;8]" time="0.0016596317291259766"></testcase><testcase classname="src.pymortests.vectorarray" file="src/pymortests/vectorarray.py" line="791" name="test_add[compatible_vector_array_pair3-&lt;lambda&gt;9]" time="0.004772663116455078"></testcase><testcase classname="src.pymortests.vectorarray" file="src/pymortests/vectorarray.py" line="791" name="test_add[compatible_vector_array_pair3-&lt;lambda&gt;10]" time="0.00906682014465332"></testcase><testcase classname="src.pymortests.vectorarray" file="src/pymortests/vectorarray.py" line="791" name="test_add[compatible_vector_array_pair3-&lt;lambda&gt;11]" time="0.0015418529510498047"></testcase><testcase classname="src.pymortests.vectorarray" file="src/pymortests/vectorarray.py" line="791" name="test_add[compatible_vector_array_pair3-&lt;lambda&gt;12]" time="0.0017788410186767578"></testcase><testcase classname="src.pymortests.vectorarray" file="src/pymortests/vectorarray.py" line="791" name="test_add[compatible_vector_array_pair3-&lt;lambda&gt;13]" time="0.001893758773803711"></testcase><testcase classname="src.pymortests.vectorarray" file="src/pymortests/vectorarray.py" line="791" name="test_add[compatible_vector_array_pair3-&lt;lambda&gt;14]" time="0.0019102096557617188"></testcase><testcase classname="src.pymortests.vectorarray" file="src/pymortests/vectorarray.py" line="791" name="test_add[compatible_vector_array_pair3-&lt;lambda&gt;15]" time="0.002294778823852539"></testcase><testcase classname="src.pymortests.vectorarray" file="src/pymortests/vectorarray.py" line="791" name="test_add[compatible_vector_array_pair3-&lt;lambda&gt;16]" time="0.002481222152709961"></testcase><testcase classname="src.pymortests.vectorarray" file="src/pymortests/vectorarray.py" line="791" name="test_add[compatible_vector_array_pair3-&lt;lambda&gt;17]" time="0.002296924591064453"></testcase><testcase classname="src.pymortests.vectorarray" file="src/pymortests/vectorarray.py" line="791" name="test_add[compatible_vector_array_pair3-&lt;lambda&gt;18]" time="0.0020532608032226562"></testcase><testcase classname="src.pymortests.vectorarray" file="src/pymortests/vectorarray.py" line="791" name="test_add[compatible_vector_array_pair3-&lt;lambda&gt;19]" time="0.0020852088928222656"></testcase><testcase classname="src.pymortests.vectorarray" file="src/pymortests/vectorarray.py" line="791" name="test_add[compatible_vector_array_pair3-&lt;lambda&gt;20]" time="0.025740861892700195"></testcase><testcase classname="src.pymortests.vectorarray" file="src/pymortests/vectorarray.py" line="791" name="test_add[compatible_vector_array_pair3-&lt;lambda&gt;21]" time="0.0181121826171875"></testcase><testcase classname="src.pymortests.vectorarray" file="src/pymortests/vectorarray.py" line="791" name="test_add[compatible_vector_array_pair3-&lt;lambda&gt;22]" time="0.051145076751708984"></testcase><testcase classname="src.pymortests.vectorarray" file="src/pymortests/vectorarray.py" line="791" name="test_add[compatible_vector_array_pair3-&lt;lambda&gt;23]" time="0.003750324249267578"></testcase><testcase classname="src.pymortests.vectorarray" file="src/pymortests/vectorarray.py" line="791" name="test_add[compatible_vector_array_pair3-&lt;lambda&gt;24]" time="0.0013306140899658203"></testcase><testcase classname="src.pymortests.vectorarray" file="src/pymortests/vectorarray.py" line="791" name="test_add[compatible_vector_array_pair3-&lt;lambda&gt;25]" time="0.0021903514862060547"></testcase><testcase classname="src.pymortests.vectorarray" file="src/pymortests/vectorarray.py" line="791" name="test_add[compatible_vector_array_pair3-&lt;lambda&gt;26]" time="0.02334451675415039"></testcase><testcase classname="src.pymortests.vectorarray" file="src/pymortests/vectorarray.py" line="791" name="test_add[compatible_vector_array_pair3-&lt;lambda&gt;27]" time="0.12210464477539062"></testcase><testcase classname="src.pymortests.vectorarray" file="src/pymortests/vectorarray.py" line="791" name="test_add[compatible_vector_array_pair3-&lt;lambda&gt;28]" time="0.32456135749816895"></testcase><testcase classname="src.pymortests.vectorarray" file="src/pymortests/vectorarray.py" line="791" name="test_add[compatible_vector_array_pair3-&lt;lambda&gt;29]" time="0.009542226791381836"></testcase><testcase classname="src.pymortests.vectorarray" file="src/pymortests/vectorarray.py" line="791" name="test_add[compatible_vector_array_pair4-&lt;lambda&gt;0]" time="0.002068042755126953"></testcase><testcase classname="src.pymortests.vectorarray" file="src/pymortests/vectorarray.py" line="791" name="test_add[compatible_vector_array_pair4-&lt;lambda&gt;1]" time="0.0016171932220458984"></testcase><testcase classname="src.pymortests.vectorarray" file="src/pymortests/vectorarray.py" line="791" name="test_add[compatible_vector_array_pair4-&lt;lambda&gt;2]" time="0.001432180404663086"></testcase><testcase classname="src.pymortests.vectorarray" file="src/pymortests/vectorarray.py" line="791" name="test_add[compatible_vector_array_pair4-&lt;lambda&gt;3]" time="0.0016143321990966797"></testcase><testcase classname="src.pymortests.vectorarray" file="src/pymortests/vectorarray.py" line="791" name="test_add[compatible_vector_array_pair4-&lt;lambda&gt;4]" time="0.0014448165893554688"></testcase><testcase classname="src.pymortests.vectorarray" file="src/pymortests/vectorarray.py" line="791" name="test_add[compatible_vector_array_pair4-&lt;lambda&gt;5]" time="0.001378774642944336"></testcase><testcase classname="src.pymortests.vectorarray" file="src/pymortests/vectorarray.py" line="791" name="test_add[compatible_vector_array_pair4-&lt;lambda&gt;6]" time="0.0013434886932373047"></testcase><testcase classname="src.pymortests.vectorarray" file="src/pymortests/vectorarray.py" line="791" name="test_add[compatible_vector_array_pair4-&lt;lambda&gt;7]" time="0.0013315677642822266"></testcase><testcase classname="src.pymortests.vectorarray" file="src/pymortests/vectorarray.py" line="791" name="test_add[compatible_vector_array_pair4-&lt;lambda&gt;8]" time="0.0017125606536865234"></testcase><testcase classname="src.pymortests.vectorarray" file="src/pymortests/vectorarray.py" line="791" name="test_add[compatible_vector_array_pair4-&lt;lambda&gt;9]" time="0.00483250617980957"></testcase><testcase classname="src.pymortests.vectorarray" file="src/pymortests/vectorarray.py" line="791" name="test_add[compatible_vector_array_pair4-&lt;lambda&gt;10]" time="0.009553909301757812"></testcase><testcase classname="src.pymortests.vectorarray" file="src/pymortests/vectorarray.py" line="791" name="test_add[compatible_vector_array_pair4-&lt;lambda&gt;11]" time="0.0015649795532226562"></testcase><testcase classname="src.pymortests.vectorarray" file="src/pymortests/vectorarray.py" line="791" name="test_add[compatible_vector_array_pair4-&lt;lambda&gt;12]" time="0.0019383430480957031"></testcase><testcase classname="src.pymortests.vectorarray" file="src/pymortests/vectorarray.py" line="791" name="test_add[compatible_vector_array_pair4-&lt;lambda&gt;13]" time="0.0019860267639160156"></testcase><testcase classname="src.pymortests.vectorarray" file="src/pymortests/vectorarray.py" line="791" name="test_add[compatible_vector_array_pair4-&lt;lambda&gt;14]" time="0.001787424087524414"></testcase><testcase classname="src.pymortests.vectorarray" file="src/pymortests/vectorarray.py" line="791" name="test_add[compatible_vector_array_pair4-&lt;lambda&gt;15]" time="0.002355337142944336"></testcase><testcase classname="src.pymortests.vectorarray" file="src/pymortests/vectorarray.py" line="791" name="test_add[compatible_vector_array_pair4-&lt;lambda&gt;16]" time="0.0027697086334228516"></testcase><testcase classname="src.pymortests.vectorarray" file="src/pymortests/vectorarray.py" line="791" name="test_add[compatible_vector_array_pair4-&lt;lambda&gt;17]" time="0.002303600311279297"></testcase><testcase classname="src.pymortests.vectorarray" file="src/pymortests/vectorarray.py" line="791" name="test_add[compatible_vector_array_pair4-&lt;lambda&gt;18]" time="0.002074718475341797"></testcase><testcase classname="src.pymortests.vectorarray" file="src/pymortests/vectorarray.py" line="791" name="test_add[compatible_vector_array_pair4-&lt;lambda&gt;19]" time="0.002102375030517578"></testcase><testcase classname="src.pymortests.vectorarray" file="src/pymortests/vectorarray.py" line="791" name="test_add[compatible_vector_array_pair4-&lt;lambda&gt;20]" time="0.025287151336669922"></testcase><testcase classname="src.pymortests.vectorarray" file="src/pymortests/vectorarray.py" line="791" name="test_add[compatible_vector_array_pair4-&lt;lambda&gt;21]" time="0.018545866012573242"></testcase><testcase classname="src.pymortests.vectorarray" file="src/pymortests/vectorarray.py" line="791" name="test_add[compatible_vector_array_pair4-&lt;lambda&gt;22]" time="0.05102396011352539"></testcase><testcase classname="src.pymortests.vectorarray" file="src/pymortests/vectorarray.py" line="791" name="test_add[compatible_vector_array_pair4-&lt;lambda&gt;23]" time="0.0037937164306640625"></testcase><testcase classname="src.pymortests.vectorarray" file="src/pymortests/vectorarray.py" line="791" name="test_add[compatible_vector_array_pair4-&lt;lambda&gt;24]" time="0.0013408660888671875"></testcase><testcase classname="src.pymortests.vectorarray" file="src/pymortests/vectorarray.py" line="791" name="test_add[compatible_vector_array_pair4-&lt;lambda&gt;25]" time="0.002278566360473633"></testcase><testcase classname="src.pymortests.vectorarray" file="src/pymortests/vectorarray.py" line="791" name="test_add[compatible_vector_array_pair4-&lt;lambda&gt;26]" time="0.023283004760742188"></testcase><testcase classname="src.pymortests.vectorarray" file="src/pymortests/vectorarray.py" line="791" name="test_add[compatible_vector_array_pair4-&lt;lambda&gt;27]" time="0.12109851837158203"></testcase><testcase classname="src.pymortests.vectorarray" file="src/pymortests/vectorarray.py" line="791" name="test_add[compatible_vector_array_pair4-&lt;lambda&gt;28]" time="0.32100653648376465"></testcase><testcase classname="src.pymortests.vectorarray" file="src/pymortests/vectorarray.py" line="791" name="test_add[compatible_vector_array_pair4-&lt;lambda&gt;29]" time="0.00942087173461914"></testcase><testcase classname="src.pymortests.vectorarray" file="src/pymortests/vectorarray.py" line="791" name="test_add[compatible_vector_array_pair5-&lt;lambda&gt;0]" time="0.0020341873168945312"></testcase><testcase classname="src.pymortests.vectorarray" file="src/pymortests/vectorarray.py" line="791" name="test_add[compatible_vector_array_pair5-&lt;lambda&gt;1]" time="0.0015773773193359375"></testcase><testcase classname="src.pymortests.vectorarray" file="src/pymortests/vectorarray.py" line="791" name="test_add[compatible_vector_array_pair5-&lt;lambda&gt;2]" time="0.0014598369598388672"></testcase><testcase classname="src.pymortests.vectorarray" file="src/pymortests/vectorarray.py" line="791" name="test_add[compatible_vector_array_pair5-&lt;lambda&gt;3]" time="0.0016117095947265625"></testcase><testcase classname="src.pymortests.vectorarray" file="src/pymortests/vectorarray.py" line="791" name="test_add[compatible_vector_array_pair5-&lt;lambda&gt;4]" time="0.0014297962188720703"></testcase><testcase classname="src.pymortests.vectorarray" file="src/pymortests/vectorarray.py" line="791" name="test_add[compatible_vector_array_pair5-&lt;lambda&gt;5]" time="0.001451730728149414"></testcase><testcase classname="src.pymortests.vectorarray" file="src/pymortests/vectorarray.py" line="791" name="test_add[compatible_vector_array_pair5-&lt;lambda&gt;6]" time="0.0013117790222167969"></testcase><testcase classname="src.pymortests.vectorarray" file="src/pymortests/vectorarray.py" line="791" name="test_add[compatible_vector_array_pair5-&lt;lambda&gt;7]" time="0.0013611316680908203"></testcase><testcase classname="src.pymortests.vectorarray" file="src/pymortests/vectorarray.py" line="791" name="test_add[compatible_vector_array_pair5-&lt;lambda&gt;8]" time="0.0017304420471191406"></testcase><testcase classname="src.pymortests.vectorarray" file="src/pymortests/vectorarray.py" line="791" name="test_add[compatible_vector_array_pair5-&lt;lambda&gt;9]" time="0.0050220489501953125"></testcase><testcase classname="src.pymortests.vectorarray" file="src/pymortests/vectorarray.py" line="791" name="test_add[compatible_vector_array_pair5-&lt;lambda&gt;10]" time="0.00955653190612793"></testcase><testcase classname="src.pymortests.vectorarray" file="src/pymortests/vectorarray.py" line="791" name="test_add[compatible_vector_array_pair5-&lt;lambda&gt;11]" time="0.0015864372253417969"></testcase><testcase classname="src.pymortests.vectorarray" file="src/pymortests/vectorarray.py" line="791" name="test_add[compatible_vector_array_pair5-&lt;lambda&gt;12]" time="0.001886129379272461"></testcase><testcase classname="src.pymortests.vectorarray" file="src/pymortests/vectorarray.py" line="791" name="test_add[compatible_vector_array_pair5-&lt;lambda&gt;13]" time="0.0019445419311523438"></testcase><testcase classname="src.pymortests.vectorarray" file="src/pymortests/vectorarray.py" line="791" name="test_add[compatible_vector_array_pair5-&lt;lambda&gt;14]" time="0.001786947250366211"></testcase><testcase classname="src.pymortests.vectorarray" file="src/pymortests/vectorarray.py" line="791" name="test_add[compatible_vector_array_pair5-&lt;lambda&gt;15]" time="0.002231597900390625"></testcase><testcase classname="src.pymortests.vectorarray" file="src/pymortests/vectorarray.py" line="791" name="test_add[compatible_vector_array_pair5-&lt;lambda&gt;16]" time="0.002501249313354492"></testcase><testcase classname="src.pymortests.vectorarray" file="src/pymortests/vectorarray.py" line="791" name="test_add[compatible_vector_array_pair5-&lt;lambda&gt;17]" time="0.002286195755004883"></testcase><testcase classname="src.pymortests.vectorarray" file="src/pymortests/vectorarray.py" line="791" name="test_add[compatible_vector_array_pair5-&lt;lambda&gt;18]" time="0.0020761489868164062"></testcase><testcase classname="src.pymortests.vectorarray" file="src/pymortests/vectorarray.py" line="791" name="test_add[compatible_vector_array_pair5-&lt;lambda&gt;19]" time="0.0020923614501953125"></testcase><testcase classname="src.pymortests.vectorarray" file="src/pymortests/vectorarray.py" line="791" name="test_add[compatible_vector_array_pair5-&lt;lambda&gt;20]" time="0.026049375534057617"></testcase><testcase classname="src.pymortests.vectorarray" file="src/pymortests/vectorarray.py" line="791" name="test_add[compatible_vector_array_pair5-&lt;lambda&gt;21]" time="0.017972230911254883"></testcase><testcase classname="src.pymortests.vectorarray" file="src/pymortests/vectorarray.py" line="791" name="test_add[compatible_vector_array_pair5-&lt;lambda&gt;22]" time="0.05153846740722656"></testcase><testcase classname="src.pymortests.vectorarray" file="src/pymortests/vectorarray.py" line="791" name="test_add[compatible_vector_array_pair5-&lt;lambda&gt;23]" time="0.0038335323333740234"></testcase><testcase classname="src.pymortests.vectorarray" file="src/pymortests/vectorarray.py" line="791" name="test_add[compatible_vector_array_pair5-&lt;lambda&gt;24]" time="0.0013790130615234375"></testcase><testcase classname="src.pymortests.vectorarray" file="src/pymortests/vectorarray.py" line="791" name="test_add[compatible_vector_array_pair5-&lt;lambda&gt;25]" time="0.002173185348510742"></testcase><testcase classname="src.pymortests.vectorarray" file="src/pymortests/vectorarray.py" line="791" name="test_add[compatible_vector_array_pair5-&lt;lambda&gt;26]" time="0.023260116577148438"></testcase><testcase classname="src.pymortests.vectorarray" file="src/pymortests/vectorarray.py" line="791" name="test_add[compatible_vector_array_pair5-&lt;lambda&gt;27]" time="0.12124156951904297"></testcase><testcase classname="src.pymortests.vectorarray" file="src/pymortests/vectorarray.py" line="791" name="test_add[compatible_vector_array_pair5-&lt;lambda&gt;28]" time="0.32316064834594727"></testcase><testcase classname="src.pymortests.vectorarray" file="src/pymortests/vectorarray.py" line="791" name="test_add[compatible_vector_array_pair5-&lt;lambda&gt;29]" time="0.009604454040527344"></testcase><testcase classname="src.pymortests.vectorarray" file="src/pymortests/vectorarray.py" line="791" name="test_add[compatible_vector_array_pair6-&lt;lambda&gt;0]" time="0.0020904541015625"></testcase><testcase classname="src.pymortests.vectorarray" file="src/pymortests/vectorarray.py" line="791" name="test_add[compatible_vector_array_pair6-&lt;lambda&gt;1]" time="0.0014758110046386719"></testcase><testcase classname="src.pymortests.vectorarray" file="src/pymortests/vectorarray.py" line="791" name="test_add[compatible_vector_array_pair6-&lt;lambda&gt;2]" time="0.0014247894287109375"></testcase><testcase classname="src.pymortests.vectorarray" file="src/pymortests/vectorarray.py" line="791" name="test_add[compatible_vector_array_pair6-&lt;lambda&gt;3]" time="0.0015418529510498047"></testcase><testcase classname="src.pymortests.vectorarray" file="src/pymortests/vectorarray.py" line="791" name="test_add[compatible_vector_array_pair6-&lt;lambda&gt;4]" time="0.001402139663696289"></testcase><testcase classname="src.pymortests.vectorarray" file="src/pymortests/vectorarray.py" line="791" name="test_add[compatible_vector_array_pair6-&lt;lambda&gt;5]" time="0.0013799667358398438"></testcase><testcase classname="src.pymortests.vectorarray" file="src/pymortests/vectorarray.py" line="791" name="test_add[compatible_vector_array_pair6-&lt;lambda&gt;6]" time="0.0013134479522705078"></testcase><testcase classname="src.pymortests.vectorarray" file="src/pymortests/vectorarray.py" line="791" name="test_add[compatible_vector_array_pair6-&lt;lambda&gt;7]" time="0.0013263225555419922"></testcase><testcase classname="src.pymortests.vectorarray" file="src/pymortests/vectorarray.py" line="791" name="test_add[compatible_vector_array_pair6-&lt;lambda&gt;8]" time="0.0016312599182128906"></testcase><testcase classname="src.pymortests.vectorarray" file="src/pymortests/vectorarray.py" line="791" name="test_add[compatible_vector_array_pair6-&lt;lambda&gt;9]" time="0.004743814468383789"></testcase><testcase classname="src.pymortests.vectorarray" file="src/pymortests/vectorarray.py" line="791" name="test_add[compatible_vector_array_pair6-&lt;lambda&gt;10]" time="0.009047269821166992"></testcase><testcase classname="src.pymortests.vectorarray" file="src/pymortests/vectorarray.py" line="791" name="test_add[compatible_vector_array_pair6-&lt;lambda&gt;11]" time="0.001505136489868164"></testcase><testcase classname="src.pymortests.vectorarray" file="src/pymortests/vectorarray.py" line="791" name="test_add[compatible_vector_array_pair6-&lt;lambda&gt;12]" time="0.0017740726470947266"></testcase><testcase classname="src.pymortests.vectorarray" file="src/pymortests/vectorarray.py" line="791" name="test_add[compatible_vector_array_pair6-&lt;lambda&gt;13]" time="0.0018875598907470703"></testcase><testcase classname="src.pymortests.vectorarray" file="src/pymortests/vectorarray.py" line="791" name="test_add[compatible_vector_array_pair6-&lt;lambda&gt;14]" time="0.001768350601196289"></testcase><testcase classname="src.pymortests.vectorarray" file="src/pymortests/vectorarray.py" line="791" name="test_add[compatible_vector_array_pair6-&lt;lambda&gt;15]" time="0.0021898746490478516"></testcase><testcase classname="src.pymortests.vectorarray" file="src/pymortests/vectorarray.py" line="791" name="test_add[compatible_vector_array_pair6-&lt;lambda&gt;16]" time="0.0024671554565429688"></testcase><testcase classname="src.pymortests.vectorarray" file="src/pymortests/vectorarray.py" line="791" name="test_add[compatible_vector_array_pair6-&lt;lambda&gt;17]" time="0.002267599105834961"></testcase><testcase classname="src.pymortests.vectorarray" file="src/pymortests/vectorarray.py" line="791" name="test_add[compatible_vector_array_pair6-&lt;lambda&gt;18]" time="0.0020737648010253906"></testcase><testcase classname="src.pymortests.vectorarray" file="src/pymortests/vectorarray.py" line="791" name="test_add[compatible_vector_array_pair6-&lt;lambda&gt;19]" time="0.0021195411682128906"></testcase><testcase classname="src.pymortests.vectorarray" file="src/pymortests/vectorarray.py" line="791" name="test_add[compatible_vector_array_pair6-&lt;lambda&gt;20]" time="0.025125503540039062"></testcase><testcase classname="src.pymortests.vectorarray" file="src/pymortests/vectorarray.py" line="791" name="test_add[compatible_vector_array_pair6-&lt;lambda&gt;21]" time="0.018074512481689453"></testcase><testcase classname="src.pymortests.vectorarray" file="src/pymortests/vectorarray.py" line="791" name="test_add[compatible_vector_array_pair6-&lt;lambda&gt;22]" time="0.05084228515625"></testcase><testcase classname="src.pymortests.vectorarray" file="src/pymortests/vectorarray.py" line="791" name="test_add[compatible_vector_array_pair6-&lt;lambda&gt;23]" time="0.0037126541137695312"></testcase><testcase classname="src.pymortests.vectorarray" file="src/pymortests/vectorarray.py" line="791" name="test_add[compatible_vector_array_pair6-&lt;lambda&gt;24]" time="0.0013279914855957031"></testcase><testcase classname="src.pymortests.vectorarray" file="src/pymortests/vectorarray.py" line="791" name="test_add[compatible_vector_array_pair6-&lt;lambda&gt;25]" time="0.002209901809692383"></testcase><testcase classname="src.pymortests.vectorarray" file="src/pymortests/vectorarray.py" line="791" name="test_add[compatible_vector_array_pair6-&lt;lambda&gt;26]" time="0.023369550704956055"></testcase><testcase classname="src.pymortests.vectorarray" file="src/pymortests/vectorarray.py" line="791" name="test_add[compatible_vector_array_pair6-&lt;lambda&gt;27]" time="0.12156987190246582"></testcase><testcase classname="src.pymortests.vectorarray" file="src/pymortests/vectorarray.py" line="791" name="test_add[compatible_vector_array_pair6-&lt;lambda&gt;28]" time="0.32208824157714844"></testcase><testcase classname="src.pymortests.vectorarray" file="src/pymortests/vectorarray.py" line="791" name="test_add[compatible_vector_array_pair6-&lt;lambda&gt;29]" time="0.009328365325927734"></testcase><testcase classname="src.pymortests.vectorarray" file="src/pymortests/vectorarray.py" line="791" name="test_add[compatible_vector_array_pair7-&lt;lambda&gt;0]" time="0.001987457275390625"></testcase><testcase classname="src.pymortests.vectorarray" file="src/pymortests/vectorarray.py" line="791" name="test_add[compatible_vector_array_pair7-&lt;lambda&gt;1]" time="0.0015914440155029297"></testcase><testcase classname="src.pymortests.vectorarray" file="src/pymortests/vectorarray.py" line="791" name="test_add[compatible_vector_array_pair7-&lt;lambda&gt;2]" time="0.00144195556640625"></testcase><testcase classname="src.pymortests.vectorarray" file="src/pymortests/vectorarray.py" line="791" name="test_add[compatible_vector_array_pair7-&lt;lambda&gt;3]" time="0.001600027084350586"></testcase><testcase classname="src.pymortests.vectorarray" file="src/pymortests/vectorarray.py" line="791" name="test_add[compatible_vector_array_pair7-&lt;lambda&gt;4]" time="0.0014789104461669922"></testcase><testcase classname="src.pymortests.vectorarray" file="src/pymortests/vectorarray.py" line="791" name="test_add[compatible_vector_array_pair7-&lt;lambda&gt;5]" time="0.0014448165893554688"></testcase><testcase classname="src.pymortests.vectorarray" file="src/pymortests/vectorarray.py" line="791" name="test_add[compatible_vector_array_pair7-&lt;lambda&gt;6]" time="0.0013093948364257812"></testcase><testcase classname="src.pymortests.vectorarray" file="src/pymortests/vectorarray.py" line="791" name="test_add[compatible_vector_array_pair7-&lt;lambda&gt;7]" time="0.0013582706451416016"></testcase><testcase classname="src.pymortests.vectorarray" file="src/pymortests/vectorarray.py" line="791" name="test_add[compatible_vector_array_pair7-&lt;lambda&gt;8]" time="0.0017368793487548828"></testcase><testcase classname="src.pymortests.vectorarray" file="src/pymortests/vectorarray.py" line="791" name="test_add[compatible_vector_array_pair7-&lt;lambda&gt;9]" time="0.00485539436340332"></testcase><testcase classname="src.pymortests.vectorarray" file="src/pymortests/vectorarray.py" line="791" name="test_add[compatible_vector_array_pair7-&lt;lambda&gt;10]" time="0.00948953628540039"></testcase><testcase classname="src.pymortests.vectorarray" file="src/pymortests/vectorarray.py" line="791" name="test_add[compatible_vector_array_pair7-&lt;lambda&gt;11]" time="0.0016345977783203125"></testcase><testcase classname="src.pymortests.vectorarray" file="src/pymortests/vectorarray.py" line="791" name="test_add[compatible_vector_array_pair7-&lt;lambda&gt;12]" time="0.0017628669738769531"></testcase><testcase classname="src.pymortests.vectorarray" file="src/pymortests/vectorarray.py" line="791" name="test_add[compatible_vector_array_pair7-&lt;lambda&gt;13]" time="0.0019872188568115234"></testcase><testcase classname="src.pymortests.vectorarray" file="src/pymortests/vectorarray.py" line="791" name="test_add[compatible_vector_array_pair7-&lt;lambda&gt;14]" time="0.0018093585968017578"></testcase><testcase classname="src.pymortests.vectorarray" file="src/pymortests/vectorarray.py" line="791" name="test_add[compatible_vector_array_pair7-&lt;lambda&gt;15]" time="0.002244234085083008"></testcase><testcase classname="src.pymortests.vectorarray" file="src/pymortests/vectorarray.py" line="791" name="test_add[compatible_vector_array_pair7-&lt;lambda&gt;16]" time="0.0024602413177490234"></testcase><testcase classname="src.pymortests.vectorarray" file="src/pymortests/vectorarray.py" line="791" name="test_add[compatible_vector_array_pair7-&lt;lambda&gt;17]" time="0.0024328231811523438"></testcase><testcase classname="src.pymortests.vectorarray" file="src/pymortests/vectorarray.py" line="791" name="test_add[compatible_vector_array_pair7-&lt;lambda&gt;18]" time="0.0020956993103027344"></testcase><testcase classname="src.pymortests.vectorarray" file="src/pymortests/vectorarray.py" line="791" name="test_add[compatible_vector_array_pair7-&lt;lambda&gt;19]" time="0.0020759105682373047"></testcase><testcase classname="src.pymortests.vectorarray" file="src/pymortests/vectorarray.py" line="791" name="test_add[compatible_vector_array_pair7-&lt;lambda&gt;20]" time="0.025173187255859375"></testcase><testcase classname="src.pymortests.vectorarray" file="src/pymortests/vectorarray.py" line="791" name="test_add[compatible_vector_array_pair7-&lt;lambda&gt;21]" time="0.018049240112304688"></testcase><testcase classname="src.pymortests.vectorarray" file="src/pymortests/vectorarray.py" line="791" name="test_add[compatible_vector_array_pair7-&lt;lambda&gt;22]" time="0.05129075050354004"></testcase><testcase classname="src.pymortests.vectorarray" file="src/pymortests/vectorarray.py" line="791" name="test_add[compatible_vector_array_pair7-&lt;lambda&gt;23]" time="0.0038361549377441406"></testcase><testcase classname="src.pymortests.vectorarray" file="src/pymortests/vectorarray.py" line="791" name="test_add[compatible_vector_array_pair7-&lt;lambda&gt;24]" time="0.0013499259948730469"></testcase><testcase classname="src.pymortests.vectorarray" file="src/pymortests/vectorarray.py" line="791" name="test_add[compatible_vector_array_pair7-&lt;lambda&gt;25]" time="0.0021839141845703125"></testcase><testcase classname="src.pymortests.vectorarray" file="src/pymortests/vectorarray.py" line="791" name="test_add[compatible_vector_array_pair7-&lt;lambda&gt;26]" time="0.023159027099609375"></testcase><testcase classname="src.pymortests.vectorarray" file="src/pymortests/vectorarray.py" line="791" name="test_add[compatible_vector_array_pair7-&lt;lambda&gt;27]" time="0.12116360664367676"></testcase><testcase classname="src.pymortests.vectorarray" file="src/pymortests/vectorarray.py" line="791" name="test_add[compatible_vector_array_pair7-&lt;lambda&gt;28]" time="0.3203456401824951"></testcase><testcase classname="src.pymortests.vectorarray" file="src/pymortests/vectorarray.py" line="791" name="test_add[compatible_vector_array_pair7-&lt;lambda&gt;29]" time="0.009740829467773438"></testcase><testcase classname="src.pymortests.vectorarray" file="src/pymortests/vectorarray.py" line="791" name="test_add[compatible_vector_array_pair8-&lt;lambda&gt;0]" time="0.002129077911376953"></testcase><testcase classname="src.pymortests.vectorarray" file="src/pymortests/vectorarray.py" line="791" name="test_add[compatible_vector_array_pair8-&lt;lambda&gt;1]" time="0.0015079975128173828"></testcase><testcase classname="src.pymortests.vectorarray" file="src/pymortests/vectorarray.py" line="791" name="test_add[compatible_vector_array_pair8-&lt;lambda&gt;2]" time="0.0014557838439941406"></testcase><testcase classname="src.pymortests.vectorarray" file="src/pymortests/vectorarray.py" line="791" name="test_add[compatible_vector_array_pair8-&lt;lambda&gt;3]" time="0.001539468765258789"></testcase><testcase classname="src.pymortests.vectorarray" file="src/pymortests/vectorarray.py" line="791" name="test_add[compatible_vector_array_pair8-&lt;lambda&gt;4]" time="0.0014355182647705078"></testcase><testcase classname="src.pymortests.vectorarray" file="src/pymortests/vectorarray.py" line="791" name="test_add[compatible_vector_array_pair8-&lt;lambda&gt;5]" time="0.0013689994812011719"></testcase><testcase classname="src.pymortests.vectorarray" file="src/pymortests/vectorarray.py" line="791" name="test_add[compatible_vector_array_pair8-&lt;lambda&gt;6]" time="0.0013227462768554688"></testcase><testcase classname="src.pymortests.vectorarray" file="src/pymortests/vectorarray.py" line="791" name="test_add[compatible_vector_array_pair8-&lt;lambda&gt;7]" time="0.0013315677642822266"></testcase><testcase classname="src.pymortests.vectorarray" file="src/pymortests/vectorarray.py" line="791" name="test_add[compatible_vector_array_pair8-&lt;lambda&gt;8]" time="0.001773834228515625"></testcase><testcase classname="src.pymortests.vectorarray" file="src/pymortests/vectorarray.py" line="791" name="test_add[compatible_vector_array_pair8-&lt;lambda&gt;9]" time="0.004830121994018555"></testcase><testcase classname="src.pymortests.vectorarray" file="src/pymortests/vectorarray.py" line="791" name="test_add[compatible_vector_array_pair8-&lt;lambda&gt;10]" time="0.009579896926879883"></testcase><testcase classname="src.pymortests.vectorarray" file="src/pymortests/vectorarray.py" line="791" name="test_add[compatible_vector_array_pair8-&lt;lambda&gt;11]" time="0.0015974044799804688"></testcase><testcase classname="src.pymortests.vectorarray" file="src/pymortests/vectorarray.py" line="791" name="test_add[compatible_vector_array_pair8-&lt;lambda&gt;12]" time="0.0018167495727539062"></testcase><testcase classname="src.pymortests.vectorarray" file="src/pymortests/vectorarray.py" line="791" name="test_add[compatible_vector_array_pair8-&lt;lambda&gt;13]" time="0.0019345283508300781"></testcase><testcase classname="src.pymortests.vectorarray" file="src/pymortests/vectorarray.py" line="791" name="test_add[compatible_vector_array_pair8-&lt;lambda&gt;14]" time="0.0017580986022949219"></testcase><testcase classname="src.pymortests.vectorarray" file="src/pymortests/vectorarray.py" line="791" name="test_add[compatible_vector_array_pair8-&lt;lambda&gt;15]" time="0.002258777618408203"></testcase><testcase classname="src.pymortests.vectorarray" file="src/pymortests/vectorarray.py" line="791" name="test_add[compatible_vector_array_pair8-&lt;lambda&gt;16]" time="0.002471923828125"></testcase><testcase classname="src.pymortests.vectorarray" file="src/pymortests/vectorarray.py" line="791" name="test_add[compatible_vector_array_pair8-&lt;lambda&gt;17]" time="0.002292633056640625"></testcase><testcase classname="src.pymortests.vectorarray" file="src/pymortests/vectorarray.py" line="791" name="test_add[compatible_vector_array_pair8-&lt;lambda&gt;18]" time="0.0020656585693359375"></testcase><testcase classname="src.pymortests.vectorarray" file="src/pymortests/vectorarray.py" line="791" name="test_add[compatible_vector_array_pair8-&lt;lambda&gt;19]" time="0.002068758010864258"></testcase><testcase classname="src.pymortests.vectorarray" file="src/pymortests/vectorarray.py" line="791" name="test_add[compatible_vector_array_pair8-&lt;lambda&gt;20]" time="0.025191068649291992"></testcase><testcase classname="src.pymortests.vectorarray" file="src/pymortests/vectorarray.py" line="791" name="test_add[compatible_vector_array_pair8-&lt;lambda&gt;21]" time="0.017985105514526367"></testcase><testcase classname="src.pymortests.vectorarray" file="src/pymortests/vectorarray.py" line="791" name="test_add[compatible_vector_array_pair8-&lt;lambda&gt;22]" time="0.0515289306640625"></testcase><testcase classname="src.pymortests.vectorarray" file="src/pymortests/vectorarray.py" line="791" name="test_add[compatible_vector_array_pair8-&lt;lambda&gt;23]" time="0.003742218017578125"></testcase><testcase classname="src.pymortests.vectorarray" file="src/pymortests/vectorarray.py" line="791" name="test_add[compatible_vector_array_pair8-&lt;lambda&gt;24]" time="0.0013287067413330078"></testcase><testcase classname="src.pymortests.vectorarray" file="src/pymortests/vectorarray.py" line="791" name="test_add[compatible_vector_array_pair8-&lt;lambda&gt;25]" time="0.0022377967834472656"></testcase><testcase classname="src.pymortests.vectorarray" file="src/pymortests/vectorarray.py" line="791" name="test_add[compatible_vector_array_pair8-&lt;lambda&gt;26]" time="0.023325443267822266"></testcase><testcase classname="src.pymortests.vectorarray" file="src/pymortests/vectorarray.py" line="791" name="test_add[compatible_vector_array_pair8-&lt;lambda&gt;27]" time="0.12090277671813965"></testcase><testcase classname="src.pymortests.vectorarray" file="src/pymortests/vectorarray.py" line="791" name="test_add[compatible_vector_array_pair8-&lt;lambda&gt;28]" time="0.32129478454589844"></testcase><testcase classname="src.pymortests.vectorarray" file="src/pymortests/vectorarray.py" line="791" name="test_add[compatible_vector_array_pair8-&lt;lambda&gt;29]" time="0.009263277053833008"></testcase><testcase classname="src.pymortests.vectorarray" file="src/pymortests/vectorarray.py" line="804" name="test_iadd[compatible_vector_array_pair0-&lt;lambda&gt;0]" time="0.001859903335571289"></testcase><testcase classname="src.pymortests.vectorarray" file="src/pymortests/vectorarray.py" line="804" name="test_iadd[compatible_vector_array_pair0-&lt;lambda&gt;1]" time="0.0014088153839111328"></testcase><testcase classname="src.pymortests.vectorarray" file="src/pymortests/vectorarray.py" line="804" name="test_iadd[compatible_vector_array_pair0-&lt;lambda&gt;2]" time="0.001306772232055664"></testcase><testcase classname="src.pymortests.vectorarray" file="src/pymortests/vectorarray.py" line="804" name="test_iadd[compatible_vector_array_pair0-&lt;lambda&gt;3]" time="0.0014522075653076172"></testcase><testcase classname="src.pymortests.vectorarray" file="src/pymortests/vectorarray.py" line="804" name="test_iadd[compatible_vector_array_pair0-&lt;lambda&gt;4]" time="0.0013005733489990234"></testcase><testcase classname="src.pymortests.vectorarray" file="src/pymortests/vectorarray.py" line="804" name="test_iadd[compatible_vector_array_pair0-&lt;lambda&gt;5]" time="0.0012691020965576172"></testcase><testcase classname="src.pymortests.vectorarray" file="src/pymortests/vectorarray.py" line="804" name="test_iadd[compatible_vector_array_pair0-&lt;lambda&gt;6]" time="0.0012319087982177734"></testcase><testcase classname="src.pymortests.vectorarray" file="src/pymortests/vectorarray.py" line="804" name="test_iadd[compatible_vector_array_pair0-&lt;lambda&gt;7]" time="0.0012500286102294922"></testcase><testcase classname="src.pymortests.vectorarray" file="src/pymortests/vectorarray.py" line="804" name="test_iadd[compatible_vector_array_pair0-&lt;lambda&gt;8]" time="0.001528024673461914"></testcase><testcase classname="src.pymortests.vectorarray" file="src/pymortests/vectorarray.py" line="804" name="test_iadd[compatible_vector_array_pair0-&lt;lambda&gt;9]" time="0.0031969547271728516"></testcase><testcase classname="src.pymortests.vectorarray" file="src/pymortests/vectorarray.py" line="804" name="test_iadd[compatible_vector_array_pair0-&lt;lambda&gt;10]" time="0.005660533905029297"></testcase><testcase classname="src.pymortests.vectorarray" file="src/pymortests/vectorarray.py" line="804" name="test_iadd[compatible_vector_array_pair0-&lt;lambda&gt;11]" time="0.0013461112976074219"></testcase><testcase classname="src.pymortests.vectorarray" file="src/pymortests/vectorarray.py" line="804" name="test_iadd[compatible_vector_array_pair0-&lt;lambda&gt;12]" time="0.001539468765258789"></testcase><testcase classname="src.pymortests.vectorarray" file="src/pymortests/vectorarray.py" line="804" name="test_iadd[compatible_vector_array_pair0-&lt;lambda&gt;13]" time="0.0015816688537597656"></testcase><testcase classname="src.pymortests.vectorarray" file="src/pymortests/vectorarray.py" line="804" name="test_iadd[compatible_vector_array_pair0-&lt;lambda&gt;14]" time="0.0016214847564697266"></testcase><testcase classname="src.pymortests.vectorarray" file="src/pymortests/vectorarray.py" line="804" name="test_iadd[compatible_vector_array_pair0-&lt;lambda&gt;15]" time="0.0018970966339111328"></testcase><testcase classname="src.pymortests.vectorarray" file="src/pymortests/vectorarray.py" line="804" name="test_iadd[compatible_vector_array_pair0-&lt;lambda&gt;16]" time="0.002106189727783203"></testcase><testcase classname="src.pymortests.vectorarray" file="src/pymortests/vectorarray.py" line="804" name="test_iadd[compatible_vector_array_pair0-&lt;lambda&gt;17]" time="0.0020525455474853516"></testcase><testcase classname="src.pymortests.vectorarray" file="src/pymortests/vectorarray.py" line="804" name="test_iadd[compatible_vector_array_pair0-&lt;lambda&gt;18]" time="0.001939535140991211"></testcase><testcase classname="src.pymortests.vectorarray" file="src/pymortests/vectorarray.py" line="804" name="test_iadd[compatible_vector_array_pair0-&lt;lambda&gt;19]" time="0.001979827880859375"></testcase><testcase classname="src.pymortests.vectorarray" file="src/pymortests/vectorarray.py" line="804" name="test_iadd[compatible_vector_array_pair0-&lt;lambda&gt;20]" time="0.024982213973999023"></testcase><testcase classname="src.pymortests.vectorarray" file="src/pymortests/vectorarray.py" line="804" name="test_iadd[compatible_vector_array_pair0-&lt;lambda&gt;21]" time="0.015646696090698242"></testcase><testcase classname="src.pymortests.vectorarray" file="src/pymortests/vectorarray.py" line="804" name="test_iadd[compatible_vector_array_pair0-&lt;lambda&gt;22]" time="0.045752525329589844"></testcase><testcase classname="src.pymortests.vectorarray" file="src/pymortests/vectorarray.py" line="804" name="test_iadd[compatible_vector_array_pair0-&lt;lambda&gt;23]" time="0.003522157669067383"></testcase><testcase classname="src.pymortests.vectorarray" file="src/pymortests/vectorarray.py" line="804" name="test_iadd[compatible_vector_array_pair0-&lt;lambda&gt;24]" time="0.0012164115905761719"></testcase><testcase classname="src.pymortests.vectorarray" file="src/pymortests/vectorarray.py" line="804" name="test_iadd[compatible_vector_array_pair0-&lt;lambda&gt;25]" time="0.0020630359649658203"></testcase><testcase classname="src.pymortests.vectorarray" file="src/pymortests/vectorarray.py" line="804" name="test_iadd[compatible_vector_array_pair0-&lt;lambda&gt;26]" time="0.02232050895690918"></testcase><testcase classname="src.pymortests.vectorarray" file="src/pymortests/vectorarray.py" line="804" name="test_iadd[compatible_vector_array_pair0-&lt;lambda&gt;27]" time="0.07610273361206055"></testcase><testcase classname="src.pymortests.vectorarray" file="src/pymortests/vectorarray.py" line="804" name="test_iadd[compatible_vector_array_pair0-&lt;lambda&gt;28]" time="0.21463704109191895"></testcase><testcase classname="src.pymortests.vectorarray" file="src/pymortests/vectorarray.py" line="804" name="test_iadd[compatible_vector_array_pair0-&lt;lambda&gt;29]" time="0.007150411605834961"></testcase><testcase classname="src.pymortests.vectorarray" file="src/pymortests/vectorarray.py" line="804" name="test_iadd[compatible_vector_array_pair1-&lt;lambda&gt;0]" time="0.0014483928680419922"></testcase><testcase classname="src.pymortests.vectorarray" file="src/pymortests/vectorarray.py" line="804" name="test_iadd[compatible_vector_array_pair1-&lt;lambda&gt;1]" time="0.0014200210571289062"></testcase><testcase classname="src.pymortests.vectorarray" file="src/pymortests/vectorarray.py" line="804" name="test_iadd[compatible_vector_array_pair1-&lt;lambda&gt;2]" time="0.0013632774353027344"></testcase><testcase classname="src.pymortests.vectorarray" file="src/pymortests/vectorarray.py" line="804" name="test_iadd[compatible_vector_array_pair1-&lt;lambda&gt;3]" time="0.0015916824340820312"></testcase><testcase classname="src.pymortests.vectorarray" file="src/pymortests/vectorarray.py" line="804" name="test_iadd[compatible_vector_array_pair1-&lt;lambda&gt;4]" time="0.0013782978057861328"></testcase><testcase classname="src.pymortests.vectorarray" file="src/pymortests/vectorarray.py" line="804" name="test_iadd[compatible_vector_array_pair1-&lt;lambda&gt;5]" time="0.0013041496276855469"></testcase><testcase classname="src.pymortests.vectorarray" file="src/pymortests/vectorarray.py" line="804" name="test_iadd[compatible_vector_array_pair1-&lt;lambda&gt;6]" time="0.0013058185577392578"></testcase><testcase classname="src.pymortests.vectorarray" file="src/pymortests/vectorarray.py" line="804" name="test_iadd[compatible_vector_array_pair1-&lt;lambda&gt;7]" time="0.0012784004211425781"></testcase><testcase classname="src.pymortests.vectorarray" file="src/pymortests/vectorarray.py" line="804" name="test_iadd[compatible_vector_array_pair1-&lt;lambda&gt;8]" time="0.0016243457794189453"></testcase><testcase classname="src.pymortests.vectorarray" file="src/pymortests/vectorarray.py" line="804" name="test_iadd[compatible_vector_array_pair1-&lt;lambda&gt;9]" time="0.003305196762084961"></testcase><testcase classname="src.pymortests.vectorarray" file="src/pymortests/vectorarray.py" line="804" name="test_iadd[compatible_vector_array_pair1-&lt;lambda&gt;10]" time="0.006211519241333008"></testcase><testcase classname="src.pymortests.vectorarray" file="src/pymortests/vectorarray.py" line="804" name="test_iadd[compatible_vector_array_pair1-&lt;lambda&gt;11]" time="0.0014874935150146484"></testcase><testcase classname="src.pymortests.vectorarray" file="src/pymortests/vectorarray.py" line="804" name="test_iadd[compatible_vector_array_pair1-&lt;lambda&gt;12]" time="0.0015935897827148438"></testcase><testcase classname="src.pymortests.vectorarray" file="src/pymortests/vectorarray.py" line="804" name="test_iadd[compatible_vector_array_pair1-&lt;lambda&gt;13]" time="0.0017669200897216797"></testcase><testcase classname="src.pymortests.vectorarray" file="src/pymortests/vectorarray.py" line="804" name="test_iadd[compatible_vector_array_pair1-&lt;lambda&gt;14]" time="0.0016918182373046875"></testcase><testcase classname="src.pymortests.vectorarray" file="src/pymortests/vectorarray.py" line="804" name="test_iadd[compatible_vector_array_pair1-&lt;lambda&gt;15]" time="0.0019664764404296875"></testcase><testcase classname="src.pymortests.vectorarray" file="src/pymortests/vectorarray.py" line="804" name="test_iadd[compatible_vector_array_pair1-&lt;lambda&gt;16]" time="0.0022161006927490234"></testcase><testcase classname="src.pymortests.vectorarray" file="src/pymortests/vectorarray.py" line="804" name="test_iadd[compatible_vector_array_pair1-&lt;lambda&gt;17]" time="0.002058267593383789"></testcase><testcase classname="src.pymortests.vectorarray" file="src/pymortests/vectorarray.py" line="804" name="test_iadd[compatible_vector_array_pair1-&lt;lambda&gt;18]" time="0.0019698143005371094"></testcase><testcase classname="src.pymortests.vectorarray" file="src/pymortests/vectorarray.py" line="804" name="test_iadd[compatible_vector_array_pair1-&lt;lambda&gt;19]" time="0.0019779205322265625"></testcase><testcase classname="src.pymortests.vectorarray" file="src/pymortests/vectorarray.py" line="804" name="test_iadd[compatible_vector_array_pair1-&lt;lambda&gt;20]" time="0.025436878204345703"></testcase><testcase classname="src.pymortests.vectorarray" file="src/pymortests/vectorarray.py" line="804" name="test_iadd[compatible_vector_array_pair1-&lt;lambda&gt;21]" time="0.01559901237487793"></testcase><testcase classname="src.pymortests.vectorarray" file="src/pymortests/vectorarray.py" line="804" name="test_iadd[compatible_vector_array_pair1-&lt;lambda&gt;22]" time="0.04548168182373047"></testcase><testcase classname="src.pymortests.vectorarray" file="src/pymortests/vectorarray.py" line="804" name="test_iadd[compatible_vector_array_pair1-&lt;lambda&gt;23]" time="0.0036263465881347656"></testcase><testcase classname="src.pymortests.vectorarray" file="src/pymortests/vectorarray.py" line="804" name="test_iadd[compatible_vector_array_pair1-&lt;lambda&gt;24]" time="0.0012733936309814453"></testcase><testcase classname="src.pymortests.vectorarray" file="src/pymortests/vectorarray.py" line="804" name="test_iadd[compatible_vector_array_pair1-&lt;lambda&gt;25]" time="0.0021364688873291016"></testcase><testcase classname="src.pymortests.vectorarray" file="src/pymortests/vectorarray.py" line="804" name="test_iadd[compatible_vector_array_pair1-&lt;lambda&gt;26]" time="0.022171735763549805"></testcase><testcase classname="src.pymortests.vectorarray" file="src/pymortests/vectorarray.py" line="804" name="test_iadd[compatible_vector_array_pair1-&lt;lambda&gt;27]" time="0.07657456398010254"></testcase><testcase classname="src.pymortests.vectorarray" file="src/pymortests/vectorarray.py" line="804" name="test_iadd[compatible_vector_array_pair1-&lt;lambda&gt;28]" time="0.21508097648620605"></testcase><testcase classname="src.pymortests.vectorarray" file="src/pymortests/vectorarray.py" line="804" name="test_iadd[compatible_vector_array_pair1-&lt;lambda&gt;29]" time="0.007276296615600586"></testcase><testcase classname="src.pymortests.vectorarray" file="src/pymortests/vectorarray.py" line="804" name="test_iadd[compatible_vector_array_pair2-&lt;lambda&gt;0]" time="0.0019826889038085938"></testcase><testcase classname="src.pymortests.vectorarray" file="src/pymortests/vectorarray.py" line="804" name="test_iadd[compatible_vector_array_pair2-&lt;lambda&gt;1]" time="0.0016014575958251953"></testcase><testcase classname="src.pymortests.vectorarray" file="src/pymortests/vectorarray.py" line="804" name="test_iadd[compatible_vector_array_pair2-&lt;lambda&gt;2]" time="0.001348257064819336"></testcase><testcase classname="src.pymortests.vectorarray" file="src/pymortests/vectorarray.py" line="804" name="test_iadd[compatible_vector_array_pair2-&lt;lambda&gt;3]" time="0.001508951187133789"></testcase><testcase classname="src.pymortests.vectorarray" file="src/pymortests/vectorarray.py" line="804" name="test_iadd[compatible_vector_array_pair2-&lt;lambda&gt;4]" time="0.0013561248779296875"></testcase><testcase classname="src.pymortests.vectorarray" file="src/pymortests/vectorarray.py" line="804" name="test_iadd[compatible_vector_array_pair2-&lt;lambda&gt;5]" time="0.0013279914855957031"></testcase><testcase classname="src.pymortests.vectorarray" file="src/pymortests/vectorarray.py" line="804" name="test_iadd[compatible_vector_array_pair2-&lt;lambda&gt;6]" time="0.0012781620025634766"></testcase><testcase classname="src.pymortests.vectorarray" file="src/pymortests/vectorarray.py" line="804" name="test_iadd[compatible_vector_array_pair2-&lt;lambda&gt;7]" time="0.0012905597686767578"></testcase><testcase classname="src.pymortests.vectorarray" file="src/pymortests/vectorarray.py" line="804" name="test_iadd[compatible_vector_array_pair2-&lt;lambda&gt;8]" time="0.0016481876373291016"></testcase><testcase classname="src.pymortests.vectorarray" file="src/pymortests/vectorarray.py" line="804" name="test_iadd[compatible_vector_array_pair2-&lt;lambda&gt;9]" time="0.0034322738647460938"></testcase><testcase classname="src.pymortests.vectorarray" file="src/pymortests/vectorarray.py" line="804" name="test_iadd[compatible_vector_array_pair2-&lt;lambda&gt;10]" time="0.006094932556152344"></testcase><testcase classname="src.pymortests.vectorarray" file="src/pymortests/vectorarray.py" line="804" name="test_iadd[compatible_vector_array_pair2-&lt;lambda&gt;11]" time="0.0013735294342041016"></testcase><testcase classname="src.pymortests.vectorarray" file="src/pymortests/vectorarray.py" line="804" name="test_iadd[compatible_vector_array_pair2-&lt;lambda&gt;12]" time="0.0016427040100097656"></testcase><testcase classname="src.pymortests.vectorarray" file="src/pymortests/vectorarray.py" line="804" name="test_iadd[compatible_vector_array_pair2-&lt;lambda&gt;13]" time="0.0017125606536865234"></testcase><testcase classname="src.pymortests.vectorarray" file="src/pymortests/vectorarray.py" line="804" name="test_iadd[compatible_vector_array_pair2-&lt;lambda&gt;14]" time="0.0016453266143798828"></testcase><testcase classname="src.pymortests.vectorarray" file="src/pymortests/vectorarray.py" line="804" name="test_iadd[compatible_vector_array_pair2-&lt;lambda&gt;15]" time="0.0019037723541259766"></testcase><testcase classname="src.pymortests.vectorarray" file="src/pymortests/vectorarray.py" line="804" name="test_iadd[compatible_vector_array_pair2-&lt;lambda&gt;16]" time="0.0021584033966064453"></testcase><testcase classname="src.pymortests.vectorarray" file="src/pymortests/vectorarray.py" line="804" name="test_iadd[compatible_vector_array_pair2-&lt;lambda&gt;17]" time="0.0019328594207763672"></testcase><testcase classname="src.pymortests.vectorarray" file="src/pymortests/vectorarray.py" line="804" name="test_iadd[compatible_vector_array_pair2-&lt;lambda&gt;18]" time="0.0019257068634033203"></testcase><testcase classname="src.pymortests.vectorarray" file="src/pymortests/vectorarray.py" line="804" name="test_iadd[compatible_vector_array_pair2-&lt;lambda&gt;19]" time="0.0019495487213134766"></testcase><testcase classname="src.pymortests.vectorarray" file="src/pymortests/vectorarray.py" line="804" name="test_iadd[compatible_vector_array_pair2-&lt;lambda&gt;20]" time="0.025011301040649414"></testcase><testcase classname="src.pymortests.vectorarray" file="src/pymortests/vectorarray.py" line="804" name="test_iadd[compatible_vector_array_pair2-&lt;lambda&gt;21]" time="0.016131162643432617"></testcase><testcase classname="src.pymortests.vectorarray" file="src/pymortests/vectorarray.py" line="804" name="test_iadd[compatible_vector_array_pair2-&lt;lambda&gt;22]" time="0.04455113410949707"></testcase><testcase classname="src.pymortests.vectorarray" file="src/pymortests/vectorarray.py" line="804" name="test_iadd[compatible_vector_array_pair2-&lt;lambda&gt;23]" time="0.0035924911499023438"></testcase><testcase classname="src.pymortests.vectorarray" file="src/pymortests/vectorarray.py" line="804" name="test_iadd[compatible_vector_array_pair2-&lt;lambda&gt;24]" time="0.0012538433074951172"></testcase><testcase classname="src.pymortests.vectorarray" file="src/pymortests/vectorarray.py" line="804" name="test_iadd[compatible_vector_array_pair2-&lt;lambda&gt;25]" time="0.002197742462158203"></testcase><testcase classname="src.pymortests.vectorarray" file="src/pymortests/vectorarray.py" line="804" name="test_iadd[compatible_vector_array_pair2-&lt;lambda&gt;26]" time="0.02213311195373535"></testcase><testcase classname="src.pymortests.vectorarray" file="src/pymortests/vectorarray.py" line="804" name="test_iadd[compatible_vector_array_pair2-&lt;lambda&gt;27]" time="0.07610130310058594"></testcase><testcase classname="src.pymortests.vectorarray" file="src/pymortests/vectorarray.py" line="804" name="test_iadd[compatible_vector_array_pair2-&lt;lambda&gt;28]" time="0.2168107032775879"></testcase><testcase classname="src.pymortests.vectorarray" file="src/pymortests/vectorarray.py" line="804" name="test_iadd[compatible_vector_array_pair2-&lt;lambda&gt;29]" time="0.0073108673095703125"></testcase><testcase classname="src.pymortests.vectorarray" file="src/pymortests/vectorarray.py" line="804" name="test_iadd[compatible_vector_array_pair3-&lt;lambda&gt;0]" time="0.0020143985748291016"></testcase><testcase classname="src.pymortests.vectorarray" file="src/pymortests/vectorarray.py" line="804" name="test_iadd[compatible_vector_array_pair3-&lt;lambda&gt;1]" time="0.0014643669128417969"></testcase><testcase classname="src.pymortests.vectorarray" file="src/pymortests/vectorarray.py" line="804" name="test_iadd[compatible_vector_array_pair3-&lt;lambda&gt;2]" time="0.0013689994812011719"></testcase><testcase classname="src.pymortests.vectorarray" file="src/pymortests/vectorarray.py" line="804" name="test_iadd[compatible_vector_array_pair3-&lt;lambda&gt;3]" time="0.0015108585357666016"></testcase><testcase classname="src.pymortests.vectorarray" file="src/pymortests/vectorarray.py" line="804" name="test_iadd[compatible_vector_array_pair3-&lt;lambda&gt;4]" time="0.0013310909271240234"></testcase><testcase classname="src.pymortests.vectorarray" file="src/pymortests/vectorarray.py" line="804" name="test_iadd[compatible_vector_array_pair3-&lt;lambda&gt;5]" time="0.0013453960418701172"></testcase><testcase classname="src.pymortests.vectorarray" file="src/pymortests/vectorarray.py" line="804" name="test_iadd[compatible_vector_array_pair3-&lt;lambda&gt;6]" time="0.0013163089752197266"></testcase><testcase classname="src.pymortests.vectorarray" file="src/pymortests/vectorarray.py" line="804" name="test_iadd[compatible_vector_array_pair3-&lt;lambda&gt;7]" time="0.0013456344604492188"></testcase><testcase classname="src.pymortests.vectorarray" file="src/pymortests/vectorarray.py" line="804" name="test_iadd[compatible_vector_array_pair3-&lt;lambda&gt;8]" time="0.0015692710876464844"></testcase><testcase classname="src.pymortests.vectorarray" file="src/pymortests/vectorarray.py" line="804" name="test_iadd[compatible_vector_array_pair3-&lt;lambda&gt;9]" time="0.003545522689819336"></testcase><testcase classname="src.pymortests.vectorarray" file="src/pymortests/vectorarray.py" line="804" name="test_iadd[compatible_vector_array_pair3-&lt;lambda&gt;10]" time="0.006117582321166992"></testcase><testcase classname="src.pymortests.vectorarray" file="src/pymortests/vectorarray.py" line="804" name="test_iadd[compatible_vector_array_pair3-&lt;lambda&gt;11]" time="0.0014111995697021484"></testcase><testcase classname="src.pymortests.vectorarray" file="src/pymortests/vectorarray.py" line="804" name="test_iadd[compatible_vector_array_pair3-&lt;lambda&gt;12]" time="0.0016100406646728516"></testcase><testcase classname="src.pymortests.vectorarray" file="src/pymortests/vectorarray.py" line="804" name="test_iadd[compatible_vector_array_pair3-&lt;lambda&gt;13]" time="0.0018193721771240234"></testcase><testcase classname="src.pymortests.vectorarray" file="src/pymortests/vectorarray.py" line="804" name="test_iadd[compatible_vector_array_pair3-&lt;lambda&gt;14]" time="0.0016717910766601562"></testcase><testcase classname="src.pymortests.vectorarray" file="src/pymortests/vectorarray.py" line="804" name="test_iadd[compatible_vector_array_pair3-&lt;lambda&gt;15]" time="0.0019659996032714844"></testcase><testcase classname="src.pymortests.vectorarray" file="src/pymortests/vectorarray.py" line="804" name="test_iadd[compatible_vector_array_pair3-&lt;lambda&gt;16]" time="0.002241373062133789"></testcase><testcase classname="src.pymortests.vectorarray" file="src/pymortests/vectorarray.py" line="804" name="test_iadd[compatible_vector_array_pair3-&lt;lambda&gt;17]" time="0.0020275115966796875"></testcase><testcase classname="src.pymortests.vectorarray" file="src/pymortests/vectorarray.py" line="804" name="test_iadd[compatible_vector_array_pair3-&lt;lambda&gt;18]" time="0.0019309520721435547"></testcase><testcase classname="src.pymortests.vectorarray" file="src/pymortests/vectorarray.py" line="804" name="test_iadd[compatible_vector_array_pair3-&lt;lambda&gt;19]" time="0.002017498016357422"></testcase><testcase classname="src.pymortests.vectorarray" file="src/pymortests/vectorarray.py" line="804" name="test_iadd[compatible_vector_array_pair3-&lt;lambda&gt;20]" time="0.025152921676635742"></testcase><testcase classname="src.pymortests.vectorarray" file="src/pymortests/vectorarray.py" line="804" name="test_iadd[compatible_vector_array_pair3-&lt;lambda&gt;21]" time="0.016063928604125977"></testcase><testcase classname="src.pymortests.vectorarray" file="src/pymortests/vectorarray.py" line="804" name="test_iadd[compatible_vector_array_pair3-&lt;lambda&gt;22]" time="0.04562878608703613"></testcase><testcase classname="src.pymortests.vectorarray" file="src/pymortests/vectorarray.py" line="804" name="test_iadd[compatible_vector_array_pair3-&lt;lambda&gt;23]" time="0.00347137451171875"></testcase><testcase classname="src.pymortests.vectorarray" file="src/pymortests/vectorarray.py" line="804" name="test_iadd[compatible_vector_array_pair3-&lt;lambda&gt;24]" time="0.00130462646484375"></testcase><testcase classname="src.pymortests.vectorarray" file="src/pymortests/vectorarray.py" line="804" name="test_iadd[compatible_vector_array_pair3-&lt;lambda&gt;25]" time="0.0020923614501953125"></testcase><testcase classname="src.pymortests.vectorarray" file="src/pymortests/vectorarray.py" line="804" name="test_iadd[compatible_vector_array_pair3-&lt;lambda&gt;26]" time="0.02260136604309082"></testcase><testcase classname="src.pymortests.vectorarray" file="src/pymortests/vectorarray.py" line="804" name="test_iadd[compatible_vector_array_pair3-&lt;lambda&gt;27]" time="0.09804654121398926"></testcase><testcase classname="src.pymortests.vectorarray" file="src/pymortests/vectorarray.py" line="804" name="test_iadd[compatible_vector_array_pair3-&lt;lambda&gt;28]" time="0.2655622959136963"></testcase><testcase classname="src.pymortests.vectorarray" file="src/pymortests/vectorarray.py" line="804" name="test_iadd[compatible_vector_array_pair3-&lt;lambda&gt;29]" time="0.007993936538696289"></testcase><testcase classname="src.pymortests.vectorarray" file="src/pymortests/vectorarray.py" line="804" name="test_iadd[compatible_vector_array_pair4-&lt;lambda&gt;0]" time="0.0019199848175048828"></testcase><testcase classname="src.pymortests.vectorarray" file="src/pymortests/vectorarray.py" line="804" name="test_iadd[compatible_vector_array_pair4-&lt;lambda&gt;1]" time="0.0015628337860107422"></testcase><testcase classname="src.pymortests.vectorarray" file="src/pymortests/vectorarray.py" line="804" name="test_iadd[compatible_vector_array_pair4-&lt;lambda&gt;2]" time="0.0013535022735595703"></testcase><testcase classname="src.pymortests.vectorarray" file="src/pymortests/vectorarray.py" line="804" name="test_iadd[compatible_vector_array_pair4-&lt;lambda&gt;3]" time="0.0015482902526855469"></testcase><testcase classname="src.pymortests.vectorarray" file="src/pymortests/vectorarray.py" line="804" name="test_iadd[compatible_vector_array_pair4-&lt;lambda&gt;4]" time="0.001361846923828125"></testcase><testcase classname="src.pymortests.vectorarray" file="src/pymortests/vectorarray.py" line="804" name="test_iadd[compatible_vector_array_pair4-&lt;lambda&gt;5]" time="0.0013308525085449219"></testcase><testcase classname="src.pymortests.vectorarray" file="src/pymortests/vectorarray.py" line="804" name="test_iadd[compatible_vector_array_pair4-&lt;lambda&gt;6]" time="0.0012679100036621094"></testcase><testcase classname="src.pymortests.vectorarray" file="src/pymortests/vectorarray.py" line="804" name="test_iadd[compatible_vector_array_pair4-&lt;lambda&gt;7]" time="0.0012867450714111328"></testcase><testcase classname="src.pymortests.vectorarray" file="src/pymortests/vectorarray.py" line="804" name="test_iadd[compatible_vector_array_pair4-&lt;lambda&gt;8]" time="0.0016291141510009766"></testcase><testcase classname="src.pymortests.vectorarray" file="src/pymortests/vectorarray.py" line="804" name="test_iadd[compatible_vector_array_pair4-&lt;lambda&gt;9]" time="0.0037555694580078125"></testcase><testcase classname="src.pymortests.vectorarray" file="src/pymortests/vectorarray.py" line="804" name="test_iadd[compatible_vector_array_pair4-&lt;lambda&gt;10]" time="0.006545066833496094"></testcase><testcase classname="src.pymortests.vectorarray" file="src/pymortests/vectorarray.py" line="804" name="test_iadd[compatible_vector_array_pair4-&lt;lambda&gt;11]" time="0.001424551010131836"></testcase><testcase classname="src.pymortests.vectorarray" file="src/pymortests/vectorarray.py" line="804" name="test_iadd[compatible_vector_array_pair4-&lt;lambda&gt;12]" time="0.001600027084350586"></testcase><testcase classname="src.pymortests.vectorarray" file="src/pymortests/vectorarray.py" line="804" name="test_iadd[compatible_vector_array_pair4-&lt;lambda&gt;13]" time="0.0017528533935546875"></testcase><testcase classname="src.pymortests.vectorarray" file="src/pymortests/vectorarray.py" line="804" name="test_iadd[compatible_vector_array_pair4-&lt;lambda&gt;14]" time="0.001767873764038086"></testcase><testcase classname="src.pymortests.vectorarray" file="src/pymortests/vectorarray.py" line="804" name="test_iadd[compatible_vector_array_pair4-&lt;lambda&gt;15]" time="0.0020666122436523438"></testcase><testcase classname="src.pymortests.vectorarray" file="src/pymortests/vectorarray.py" line="804" name="test_iadd[compatible_vector_array_pair4-&lt;lambda&gt;16]" time="0.002219676971435547"></testcase><testcase classname="src.pymortests.vectorarray" file="src/pymortests/vectorarray.py" line="804" name="test_iadd[compatible_vector_array_pair4-&lt;lambda&gt;17]" time="0.002114534378051758"></testcase><testcase classname="src.pymortests.vectorarray" file="src/pymortests/vectorarray.py" line="804" name="test_iadd[compatible_vector_array_pair4-&lt;lambda&gt;18]" time="0.001983642578125"></testcase><testcase classname="src.pymortests.vectorarray" file="src/pymortests/vectorarray.py" line="804" name="test_iadd[compatible_vector_array_pair4-&lt;lambda&gt;19]" time="0.001973390579223633"></testcase><testcase classname="src.pymortests.vectorarray" file="src/pymortests/vectorarray.py" line="804" name="test_iadd[compatible_vector_array_pair4-&lt;lambda&gt;20]" time="0.025052309036254883"></testcase><testcase classname="src.pymortests.vectorarray" file="src/pymortests/vectorarray.py" line="804" name="test_iadd[compatible_vector_array_pair4-&lt;lambda&gt;21]" time="0.016375303268432617"></testcase><testcase classname="src.pymortests.vectorarray" file="src/pymortests/vectorarray.py" line="804" name="test_iadd[compatible_vector_array_pair4-&lt;lambda&gt;22]" time="0.04659676551818848"></testcase><testcase classname="src.pymortests.vectorarray" file="src/pymortests/vectorarray.py" line="804" name="test_iadd[compatible_vector_array_pair4-&lt;lambda&gt;23]" time="0.0035054683685302734"></testcase><testcase classname="src.pymortests.vectorarray" file="src/pymortests/vectorarray.py" line="804" name="test_iadd[compatible_vector_array_pair4-&lt;lambda&gt;24]" time="0.0012421607971191406"></testcase><testcase classname="src.pymortests.vectorarray" file="src/pymortests/vectorarray.py" line="804" name="test_iadd[compatible_vector_array_pair4-&lt;lambda&gt;25]" time="0.0021255016326904297"></testcase><testcase classname="src.pymortests.vectorarray" file="src/pymortests/vectorarray.py" line="804" name="test_iadd[compatible_vector_array_pair4-&lt;lambda&gt;26]" time="0.02306365966796875"></testcase><testcase classname="src.pymortests.vectorarray" file="src/pymortests/vectorarray.py" line="804" name="test_iadd[compatible_vector_array_pair4-&lt;lambda&gt;27]" time="0.09808850288391113"></testcase><testcase classname="src.pymortests.vectorarray" file="src/pymortests/vectorarray.py" line="804" name="test_iadd[compatible_vector_array_pair4-&lt;lambda&gt;28]" time="0.2673335075378418"></testcase><testcase classname="src.pymortests.vectorarray" file="src/pymortests/vectorarray.py" line="804" name="test_iadd[compatible_vector_array_pair4-&lt;lambda&gt;29]" time="0.007962703704833984"></testcase><testcase classname="src.pymortests.vectorarray" file="src/pymortests/vectorarray.py" line="804" name="test_iadd[compatible_vector_array_pair5-&lt;lambda&gt;0]" time="0.0019693374633789062"></testcase><testcase classname="src.pymortests.vectorarray" file="src/pymortests/vectorarray.py" line="804" name="test_iadd[compatible_vector_array_pair5-&lt;lambda&gt;1]" time="0.0015594959259033203"></testcase><testcase classname="src.pymortests.vectorarray" file="src/pymortests/vectorarray.py" line="804" name="test_iadd[compatible_vector_array_pair5-&lt;lambda&gt;2]" time="0.0014033317565917969"></testcase><testcase classname="src.pymortests.vectorarray" file="src/pymortests/vectorarray.py" line="804" name="test_iadd[compatible_vector_array_pair5-&lt;lambda&gt;3]" time="0.0015172958374023438"></testcase><testcase classname="src.pymortests.vectorarray" file="src/pymortests/vectorarray.py" line="804" name="test_iadd[compatible_vector_array_pair5-&lt;lambda&gt;4]" time="0.001340627670288086"></testcase><testcase classname="src.pymortests.vectorarray" file="src/pymortests/vectorarray.py" line="804" name="test_iadd[compatible_vector_array_pair5-&lt;lambda&gt;5]" time="0.0013277530670166016"></testcase><testcase classname="src.pymortests.vectorarray" file="src/pymortests/vectorarray.py" line="804" name="test_iadd[compatible_vector_array_pair5-&lt;lambda&gt;6]" time="0.0012578964233398438"></testcase><testcase classname="src.pymortests.vectorarray" file="src/pymortests/vectorarray.py" line="804" name="test_iadd[compatible_vector_array_pair5-&lt;lambda&gt;7]" time="0.0012962818145751953"></testcase><testcase classname="src.pymortests.vectorarray" file="src/pymortests/vectorarray.py" line="804" name="test_iadd[compatible_vector_array_pair5-&lt;lambda&gt;8]" time="0.0016789436340332031"></testcase><testcase classname="src.pymortests.vectorarray" file="src/pymortests/vectorarray.py" line="804" name="test_iadd[compatible_vector_array_pair5-&lt;lambda&gt;9]" time="0.003612518310546875"></testcase><testcase classname="src.pymortests.vectorarray" file="src/pymortests/vectorarray.py" line="804" name="test_iadd[compatible_vector_array_pair5-&lt;lambda&gt;10]" time="0.0065326690673828125"></testcase><testcase classname="src.pymortests.vectorarray" file="src/pymortests/vectorarray.py" line="804" name="test_iadd[compatible_vector_array_pair5-&lt;lambda&gt;11]" time="0.0014126300811767578"></testcase><testcase classname="src.pymortests.vectorarray" file="src/pymortests/vectorarray.py" line="804" name="test_iadd[compatible_vector_array_pair5-&lt;lambda&gt;12]" time="0.001650094985961914"></testcase><testcase classname="src.pymortests.vectorarray" file="src/pymortests/vectorarray.py" line="804" name="test_iadd[compatible_vector_array_pair5-&lt;lambda&gt;13]" time="0.001722574234008789"></testcase><testcase classname="src.pymortests.vectorarray" file="src/pymortests/vectorarray.py" line="804" name="test_iadd[compatible_vector_array_pair5-&lt;lambda&gt;14]" time="0.0016758441925048828"></testcase><testcase classname="src.pymortests.vectorarray" file="src/pymortests/vectorarray.py" line="804" name="test_iadd[compatible_vector_array_pair5-&lt;lambda&gt;15]" time="0.001963376998901367"></testcase><testcase classname="src.pymortests.vectorarray" file="src/pymortests/vectorarray.py" line="804" name="test_iadd[compatible_vector_array_pair5-&lt;lambda&gt;16]" time="0.0023369789123535156"></testcase><testcase classname="src.pymortests.vectorarray" file="src/pymortests/vectorarray.py" line="804" name="test_iadd[compatible_vector_array_pair5-&lt;lambda&gt;17]" time="0.0020859241485595703"></testcase><testcase classname="src.pymortests.vectorarray" file="src/pymortests/vectorarray.py" line="804" name="test_iadd[compatible_vector_array_pair5-&lt;lambda&gt;18]" time="0.0020232200622558594"></testcase><testcase classname="src.pymortests.vectorarray" file="src/pymortests/vectorarray.py" line="804" name="test_iadd[compatible_vector_array_pair5-&lt;lambda&gt;19]" time="0.0020601749420166016"></testcase><testcase classname="src.pymortests.vectorarray" file="src/pymortests/vectorarray.py" line="804" name="test_iadd[compatible_vector_array_pair5-&lt;lambda&gt;20]" time="0.024777889251708984"></testcase><testcase classname="src.pymortests.vectorarray" file="src/pymortests/vectorarray.py" line="804" name="test_iadd[compatible_vector_array_pair5-&lt;lambda&gt;21]" time="0.01624751091003418"></testcase><testcase classname="src.pymortests.vectorarray" file="src/pymortests/vectorarray.py" line="804" name="test_iadd[compatible_vector_array_pair5-&lt;lambda&gt;22]" time="0.0476531982421875"></testcase><testcase classname="src.pymortests.vectorarray" file="src/pymortests/vectorarray.py" line="804" name="test_iadd[compatible_vector_array_pair5-&lt;lambda&gt;23]" time="0.003475666046142578"></testcase><testcase classname="src.pymortests.vectorarray" file="src/pymortests/vectorarray.py" line="804" name="test_iadd[compatible_vector_array_pair5-&lt;lambda&gt;24]" time="0.0012967586517333984"></testcase><testcase classname="src.pymortests.vectorarray" file="src/pymortests/vectorarray.py" line="804" name="test_iadd[compatible_vector_array_pair5-&lt;lambda&gt;25]" time="0.0021867752075195312"></testcase><testcase classname="src.pymortests.vectorarray" file="src/pymortests/vectorarray.py" line="804" name="test_iadd[compatible_vector_array_pair5-&lt;lambda&gt;26]" time="0.022911787033081055"></testcase><testcase classname="src.pymortests.vectorarray" file="src/pymortests/vectorarray.py" line="804" name="test_iadd[compatible_vector_array_pair5-&lt;lambda&gt;27]" time="0.09783649444580078"></testcase><testcase classname="src.pymortests.vectorarray" file="src/pymortests/vectorarray.py" line="804" name="test_iadd[compatible_vector_array_pair5-&lt;lambda&gt;28]" time="0.2653985023498535"></testcase><testcase classname="src.pymortests.vectorarray" file="src/pymortests/vectorarray.py" line="804" name="test_iadd[compatible_vector_array_pair5-&lt;lambda&gt;29]" time="0.00806427001953125"></testcase><testcase classname="src.pymortests.vectorarray" file="src/pymortests/vectorarray.py" line="804" name="test_iadd[compatible_vector_array_pair6-&lt;lambda&gt;0]" time="0.0018897056579589844"></testcase><testcase classname="src.pymortests.vectorarray" file="src/pymortests/vectorarray.py" line="804" name="test_iadd[compatible_vector_array_pair6-&lt;lambda&gt;1]" time="0.0015456676483154297"></testcase><testcase classname="src.pymortests.vectorarray" file="src/pymortests/vectorarray.py" line="804" name="test_iadd[compatible_vector_array_pair6-&lt;lambda&gt;2]" time="0.0013802051544189453"></testcase><testcase classname="src.pymortests.vectorarray" file="src/pymortests/vectorarray.py" line="804" name="test_iadd[compatible_vector_array_pair6-&lt;lambda&gt;3]" time="0.0014972686767578125"></testcase><testcase classname="src.pymortests.vectorarray" file="src/pymortests/vectorarray.py" line="804" name="test_iadd[compatible_vector_array_pair6-&lt;lambda&gt;4]" time="0.0013318061828613281"></testcase><testcase classname="src.pymortests.vectorarray" file="src/pymortests/vectorarray.py" line="804" name="test_iadd[compatible_vector_array_pair6-&lt;lambda&gt;5]" time="0.0013184547424316406"></testcase><testcase classname="src.pymortests.vectorarray" file="src/pymortests/vectorarray.py" line="804" name="test_iadd[compatible_vector_array_pair6-&lt;lambda&gt;6]" time="0.0012438297271728516"></testcase><testcase classname="src.pymortests.vectorarray" file="src/pymortests/vectorarray.py" line="804" name="test_iadd[compatible_vector_array_pair6-&lt;lambda&gt;7]" time="0.0012753009796142578"></testcase><testcase classname="src.pymortests.vectorarray" file="src/pymortests/vectorarray.py" line="804" name="test_iadd[compatible_vector_array_pair6-&lt;lambda&gt;8]" time="0.0015716552734375"></testcase><testcase classname="src.pymortests.vectorarray" file="src/pymortests/vectorarray.py" line="804" name="test_iadd[compatible_vector_array_pair6-&lt;lambda&gt;9]" time="0.0036046504974365234"></testcase><testcase classname="src.pymortests.vectorarray" file="src/pymortests/vectorarray.py" line="804" name="test_iadd[compatible_vector_array_pair6-&lt;lambda&gt;10]" time="0.006418704986572266"></testcase><testcase classname="src.pymortests.vectorarray" file="src/pymortests/vectorarray.py" line="804" name="test_iadd[compatible_vector_array_pair6-&lt;lambda&gt;11]" time="0.0014255046844482422"></testcase><testcase classname="src.pymortests.vectorarray" file="src/pymortests/vectorarray.py" line="804" name="test_iadd[compatible_vector_array_pair6-&lt;lambda&gt;12]" time="0.0016260147094726562"></testcase><testcase classname="src.pymortests.vectorarray" file="src/pymortests/vectorarray.py" line="804" name="test_iadd[compatible_vector_array_pair6-&lt;lambda&gt;13]" time="0.0017201900482177734"></testcase><testcase classname="src.pymortests.vectorarray" file="src/pymortests/vectorarray.py" line="804" name="test_iadd[compatible_vector_array_pair6-&lt;lambda&gt;14]" time="0.0017344951629638672"></testcase><testcase classname="src.pymortests.vectorarray" file="src/pymortests/vectorarray.py" line="804" name="test_iadd[compatible_vector_array_pair6-&lt;lambda&gt;15]" time="0.0019316673278808594"></testcase><testcase classname="src.pymortests.vectorarray" file="src/pymortests/vectorarray.py" line="804" name="test_iadd[compatible_vector_array_pair6-&lt;lambda&gt;16]" time="0.0021872520446777344"></testcase><testcase classname="src.pymortests.vectorarray" file="src/pymortests/vectorarray.py" line="804" name="test_iadd[compatible_vector_array_pair6-&lt;lambda&gt;17]" time="0.0021305084228515625"></testcase><testcase classname="src.pymortests.vectorarray" file="src/pymortests/vectorarray.py" line="804" name="test_iadd[compatible_vector_array_pair6-&lt;lambda&gt;18]" time="0.001954317092895508"></testcase><testcase classname="src.pymortests.vectorarray" file="src/pymortests/vectorarray.py" line="804" name="test_iadd[compatible_vector_array_pair6-&lt;lambda&gt;19]" time="0.002038717269897461"></testcase><testcase classname="src.pymortests.vectorarray" file="src/pymortests/vectorarray.py" line="804" name="test_iadd[compatible_vector_array_pair6-&lt;lambda&gt;20]" time="0.025320053100585938"></testcase><testcase classname="src.pymortests.vectorarray" file="src/pymortests/vectorarray.py" line="804" name="test_iadd[compatible_vector_array_pair6-&lt;lambda&gt;21]" time="0.01659989356994629"></testcase><testcase classname="src.pymortests.vectorarray" file="src/pymortests/vectorarray.py" line="804" name="test_iadd[compatible_vector_array_pair6-&lt;lambda&gt;22]" time="0.04642772674560547"></testcase><testcase classname="src.pymortests.vectorarray" file="src/pymortests/vectorarray.py" line="804" name="test_iadd[compatible_vector_array_pair6-&lt;lambda&gt;23]" time="0.003475666046142578"></testcase><testcase classname="src.pymortests.vectorarray" file="src/pymortests/vectorarray.py" line="804" name="test_iadd[compatible_vector_array_pair6-&lt;lambda&gt;24]" time="0.0012896060943603516"></testcase><testcase classname="src.pymortests.vectorarray" file="src/pymortests/vectorarray.py" line="804" name="test_iadd[compatible_vector_array_pair6-&lt;lambda&gt;25]" time="0.0021321773529052734"></testcase><testcase classname="src.pymortests.vectorarray" file="src/pymortests/vectorarray.py" line="804" name="test_iadd[compatible_vector_array_pair6-&lt;lambda&gt;26]" time="0.02304983139038086"></testcase><testcase classname="src.pymortests.vectorarray" file="src/pymortests/vectorarray.py" line="804" name="test_iadd[compatible_vector_array_pair6-&lt;lambda&gt;27]" time="0.09776878356933594"></testcase><testcase classname="src.pymortests.vectorarray" file="src/pymortests/vectorarray.py" line="804" name="test_iadd[compatible_vector_array_pair6-&lt;lambda&gt;28]" time="0.2664060592651367"></testcase><testcase classname="src.pymortests.vectorarray" file="src/pymortests/vectorarray.py" line="804" name="test_iadd[compatible_vector_array_pair6-&lt;lambda&gt;29]" time="0.008263349533081055"></testcase><testcase classname="src.pymortests.vectorarray" file="src/pymortests/vectorarray.py" line="804" name="test_iadd[compatible_vector_array_pair7-&lt;lambda&gt;0]" time="0.001954317092895508"></testcase><testcase classname="src.pymortests.vectorarray" file="src/pymortests/vectorarray.py" line="804" name="test_iadd[compatible_vector_array_pair7-&lt;lambda&gt;1]" time="0.0015518665313720703"></testcase><testcase classname="src.pymortests.vectorarray" file="src/pymortests/vectorarray.py" line="804" name="test_iadd[compatible_vector_array_pair7-&lt;lambda&gt;2]" time="0.0013895034790039062"></testcase><testcase classname="src.pymortests.vectorarray" file="src/pymortests/vectorarray.py" line="804" name="test_iadd[compatible_vector_array_pair7-&lt;lambda&gt;3]" time="0.0014965534210205078"></testcase><testcase classname="src.pymortests.vectorarray" file="src/pymortests/vectorarray.py" line="804" name="test_iadd[compatible_vector_array_pair7-&lt;lambda&gt;4]" time="0.0013871192932128906"></testcase><testcase classname="src.pymortests.vectorarray" file="src/pymortests/vectorarray.py" line="804" name="test_iadd[compatible_vector_array_pair7-&lt;lambda&gt;5]" time="0.0013554096221923828"></testcase><testcase classname="src.pymortests.vectorarray" file="src/pymortests/vectorarray.py" line="804" name="test_iadd[compatible_vector_array_pair7-&lt;lambda&gt;6]" time="0.0012700557708740234"></testcase><testcase classname="src.pymortests.vectorarray" file="src/pymortests/vectorarray.py" line="804" name="test_iadd[compatible_vector_array_pair7-&lt;lambda&gt;7]" time="0.0013034343719482422"></testcase><testcase classname="src.pymortests.vectorarray" file="src/pymortests/vectorarray.py" line="804" name="test_iadd[compatible_vector_array_pair7-&lt;lambda&gt;8]" time="0.0016717910766601562"></testcase><testcase classname="src.pymortests.vectorarray" file="src/pymortests/vectorarray.py" line="804" name="test_iadd[compatible_vector_array_pair7-&lt;lambda&gt;9]" time="0.0035948753356933594"></testcase><testcase classname="src.pymortests.vectorarray" file="src/pymortests/vectorarray.py" line="804" name="test_iadd[compatible_vector_array_pair7-&lt;lambda&gt;10]" time="0.006632804870605469"></testcase><testcase classname="src.pymortests.vectorarray" file="src/pymortests/vectorarray.py" line="804" name="test_iadd[compatible_vector_array_pair7-&lt;lambda&gt;11]" time="0.0013911724090576172"></testcase><testcase classname="src.pymortests.vectorarray" file="src/pymortests/vectorarray.py" line="804" name="test_iadd[compatible_vector_array_pair7-&lt;lambda&gt;12]" time="0.0016338825225830078"></testcase><testcase classname="src.pymortests.vectorarray" file="src/pymortests/vectorarray.py" line="804" name="test_iadd[compatible_vector_array_pair7-&lt;lambda&gt;13]" time="0.0018100738525390625"></testcase><testcase classname="src.pymortests.vectorarray" file="src/pymortests/vectorarray.py" line="804" name="test_iadd[compatible_vector_array_pair7-&lt;lambda&gt;14]" time="0.0017523765563964844"></testcase><testcase classname="src.pymortests.vectorarray" file="src/pymortests/vectorarray.py" line="804" name="test_iadd[compatible_vector_array_pair7-&lt;lambda&gt;15]" time="0.0019750595092773438"></testcase><testcase classname="src.pymortests.vectorarray" file="src/pymortests/vectorarray.py" line="804" name="test_iadd[compatible_vector_array_pair7-&lt;lambda&gt;16]" time="0.00225067138671875"></testcase><testcase classname="src.pymortests.vectorarray" file="src/pymortests/vectorarray.py" line="804" name="test_iadd[compatible_vector_array_pair7-&lt;lambda&gt;17]" time="0.0021524429321289062"></testcase><testcase classname="src.pymortests.vectorarray" file="src/pymortests/vectorarray.py" line="804" name="test_iadd[compatible_vector_array_pair7-&lt;lambda&gt;18]" time="0.002092123031616211"></testcase><testcase classname="src.pymortests.vectorarray" file="src/pymortests/vectorarray.py" line="804" name="test_iadd[compatible_vector_array_pair7-&lt;lambda&gt;19]" time="0.001966714859008789"></testcase><testcase classname="src.pymortests.vectorarray" file="src/pymortests/vectorarray.py" line="804" name="test_iadd[compatible_vector_array_pair7-&lt;lambda&gt;20]" time="0.024940013885498047"></testcase><testcase classname="src.pymortests.vectorarray" file="src/pymortests/vectorarray.py" line="804" name="test_iadd[compatible_vector_array_pair7-&lt;lambda&gt;21]" time="0.01653432846069336"></testcase><testcase classname="src.pymortests.vectorarray" file="src/pymortests/vectorarray.py" line="804" name="test_iadd[compatible_vector_array_pair7-&lt;lambda&gt;22]" time="0.04701876640319824"></testcase><testcase classname="src.pymortests.vectorarray" file="src/pymortests/vectorarray.py" line="804" name="test_iadd[compatible_vector_array_pair7-&lt;lambda&gt;23]" time="0.003589630126953125"></testcase><testcase classname="src.pymortests.vectorarray" file="src/pymortests/vectorarray.py" line="804" name="test_iadd[compatible_vector_array_pair7-&lt;lambda&gt;24]" time="0.0012900829315185547"></testcase><testcase classname="src.pymortests.vectorarray" file="src/pymortests/vectorarray.py" line="804" name="test_iadd[compatible_vector_array_pair7-&lt;lambda&gt;25]" time="0.0021600723266601562"></testcase><testcase classname="src.pymortests.vectorarray" file="src/pymortests/vectorarray.py" line="804" name="test_iadd[compatible_vector_array_pair7-&lt;lambda&gt;26]" time="0.022892475128173828"></testcase><testcase classname="src.pymortests.vectorarray" file="src/pymortests/vectorarray.py" line="804" name="test_iadd[compatible_vector_array_pair7-&lt;lambda&gt;27]" time="0.09797048568725586"></testcase><testcase classname="src.pymortests.vectorarray" file="src/pymortests/vectorarray.py" line="804" name="test_iadd[compatible_vector_array_pair7-&lt;lambda&gt;28]" time="0.2664320468902588"></testcase><testcase classname="src.pymortests.vectorarray" file="src/pymortests/vectorarray.py" line="804" name="test_iadd[compatible_vector_array_pair7-&lt;lambda&gt;29]" time="0.008223772048950195"></testcase><testcase classname="src.pymortests.vectorarray" file="src/pymortests/vectorarray.py" line="804" name="test_iadd[compatible_vector_array_pair8-&lt;lambda&gt;0]" time="0.0020265579223632812"></testcase><testcase classname="src.pymortests.vectorarray" file="src/pymortests/vectorarray.py" line="804" name="test_iadd[compatible_vector_array_pair8-&lt;lambda&gt;1]" time="0.0015873908996582031"></testcase><testcase classname="src.pymortests.vectorarray" file="src/pymortests/vectorarray.py" line="804" name="test_iadd[compatible_vector_array_pair8-&lt;lambda&gt;2]" time="0.0013539791107177734"></testcase><testcase classname="src.pymortests.vectorarray" file="src/pymortests/vectorarray.py" line="804" name="test_iadd[compatible_vector_array_pair8-&lt;lambda&gt;3]" time="0.0014910697937011719"></testcase><testcase classname="src.pymortests.vectorarray" file="src/pymortests/vectorarray.py" line="804" name="test_iadd[compatible_vector_array_pair8-&lt;lambda&gt;4]" time="0.0013422966003417969"></testcase><testcase classname="src.pymortests.vectorarray" file="src/pymortests/vectorarray.py" line="804" name="test_iadd[compatible_vector_array_pair8-&lt;lambda&gt;5]" time="0.0013508796691894531"></testcase><testcase classname="src.pymortests.vectorarray" file="src/pymortests/vectorarray.py" line="804" name="test_iadd[compatible_vector_array_pair8-&lt;lambda&gt;6]" time="0.0012764930725097656"></testcase><testcase classname="src.pymortests.vectorarray" file="src/pymortests/vectorarray.py" line="804" name="test_iadd[compatible_vector_array_pair8-&lt;lambda&gt;7]" time="0.0012671947479248047"></testcase><testcase classname="src.pymortests.vectorarray" file="src/pymortests/vectorarray.py" line="804" name="test_iadd[compatible_vector_array_pair8-&lt;lambda&gt;8]" time="0.0016088485717773438"></testcase><testcase classname="src.pymortests.vectorarray" file="src/pymortests/vectorarray.py" line="804" name="test_iadd[compatible_vector_array_pair8-&lt;lambda&gt;9]" time="0.003679990768432617"></testcase><testcase classname="src.pymortests.vectorarray" file="src/pymortests/vectorarray.py" line="804" name="test_iadd[compatible_vector_array_pair8-&lt;lambda&gt;10]" time="0.006543397903442383"></testcase><testcase classname="src.pymortests.vectorarray" file="src/pymortests/vectorarray.py" line="804" name="test_iadd[compatible_vector_array_pair8-&lt;lambda&gt;11]" time="0.0015039443969726562"></testcase><testcase classname="src.pymortests.vectorarray" file="src/pymortests/vectorarray.py" line="804" name="test_iadd[compatible_vector_array_pair8-&lt;lambda&gt;12]" time="0.0016367435455322266"></testcase><testcase classname="src.pymortests.vectorarray" file="src/pymortests/vectorarray.py" line="804" name="test_iadd[compatible_vector_array_pair8-&lt;lambda&gt;13]" time="0.00173187255859375"></testcase><testcase classname="src.pymortests.vectorarray" file="src/pymortests/vectorarray.py" line="804" name="test_iadd[compatible_vector_array_pair8-&lt;lambda&gt;14]" time="0.0018267631530761719"></testcase><testcase classname="src.pymortests.vectorarray" file="src/pymortests/vectorarray.py" line="804" name="test_iadd[compatible_vector_array_pair8-&lt;lambda&gt;15]" time="0.0020296573638916016"></testcase><testcase classname="src.pymortests.vectorarray" file="src/pymortests/vectorarray.py" line="804" name="test_iadd[compatible_vector_array_pair8-&lt;lambda&gt;16]" time="0.0022182464599609375"></testcase><testcase classname="src.pymortests.vectorarray" file="src/pymortests/vectorarray.py" line="804" name="test_iadd[compatible_vector_array_pair8-&lt;lambda&gt;17]" time="0.0020334720611572266"></testcase><testcase classname="src.pymortests.vectorarray" file="src/pymortests/vectorarray.py" line="804" name="test_iadd[compatible_vector_array_pair8-&lt;lambda&gt;18]" time="0.002084970474243164"></testcase><testcase classname="src.pymortests.vectorarray" file="src/pymortests/vectorarray.py" line="804" name="test_iadd[compatible_vector_array_pair8-&lt;lambda&gt;19]" time="0.002002239227294922"></testcase><testcase classname="src.pymortests.vectorarray" file="src/pymortests/vectorarray.py" line="804" name="test_iadd[compatible_vector_array_pair8-&lt;lambda&gt;20]" time="0.0250699520111084"></testcase><testcase classname="src.pymortests.vectorarray" file="src/pymortests/vectorarray.py" line="804" name="test_iadd[compatible_vector_array_pair8-&lt;lambda&gt;21]" time="0.016232013702392578"></testcase><testcase classname="src.pymortests.vectorarray" file="src/pymortests/vectorarray.py" line="804" name="test_iadd[compatible_vector_array_pair8-&lt;lambda&gt;22]" time="0.04775714874267578"></testcase><testcase classname="src.pymortests.vectorarray" file="src/pymortests/vectorarray.py" line="804" name="test_iadd[compatible_vector_array_pair8-&lt;lambda&gt;23]" time="0.0035173892974853516"></testcase><testcase classname="src.pymortests.vectorarray" file="src/pymortests/vectorarray.py" line="804" name="test_iadd[compatible_vector_array_pair8-&lt;lambda&gt;24]" time="0.0012593269348144531"></testcase><testcase classname="src.pymortests.vectorarray" file="src/pymortests/vectorarray.py" line="804" name="test_iadd[compatible_vector_array_pair8-&lt;lambda&gt;25]" time="0.002122163772583008"></testcase><testcase classname="src.pymortests.vectorarray" file="src/pymortests/vectorarray.py" line="804" name="test_iadd[compatible_vector_array_pair8-&lt;lambda&gt;26]" time="0.026332855224609375"></testcase><testcase classname="src.pymortests.vectorarray" file="src/pymortests/vectorarray.py" line="804" name="test_iadd[compatible_vector_array_pair8-&lt;lambda&gt;27]" time="0.09860062599182129"></testcase><testcase classname="src.pymortests.vectorarray" file="src/pymortests/vectorarray.py" line="804" name="test_iadd[compatible_vector_array_pair8-&lt;lambda&gt;28]" time="0.267026424407959"></testcase><testcase classname="src.pymortests.vectorarray" file="src/pymortests/vectorarray.py" line="804" name="test_iadd[compatible_vector_array_pair8-&lt;lambda&gt;29]" time="0.008226871490478516"></testcase><testcase classname="src.pymortests.vectorarray" file="src/pymortests/vectorarray.py" line="816" name="test_sub[compatible_vector_array_pair0-&lt;lambda&gt;0]" time="0.0021126270294189453"></testcase><testcase classname="src.pymortests.vectorarray" file="src/pymortests/vectorarray.py" line="816" name="test_sub[compatible_vector_array_pair0-&lt;lambda&gt;1]" time="0.0016641616821289062"></testcase><testcase classname="src.pymortests.vectorarray" file="src/pymortests/vectorarray.py" line="816" name="test_sub[compatible_vector_array_pair0-&lt;lambda&gt;2]" time="0.001455068588256836"></testcase><testcase classname="src.pymortests.vectorarray" file="src/pymortests/vectorarray.py" line="816" name="test_sub[compatible_vector_array_pair0-&lt;lambda&gt;3]" time="0.0015347003936767578"></testcase><testcase classname="src.pymortests.vectorarray" file="src/pymortests/vectorarray.py" line="816" name="test_sub[compatible_vector_array_pair0-&lt;lambda&gt;4]" time="0.0014247894287109375"></testcase><testcase classname="src.pymortests.vectorarray" file="src/pymortests/vectorarray.py" line="816" name="test_sub[compatible_vector_array_pair0-&lt;lambda&gt;5]" time="0.0013408660888671875"></testcase><testcase classname="src.pymortests.vectorarray" file="src/pymortests/vectorarray.py" line="816" name="test_sub[compatible_vector_array_pair0-&lt;lambda&gt;6]" time="0.0013403892517089844"></testcase><testcase classname="src.pymortests.vectorarray" file="src/pymortests/vectorarray.py" line="816" name="test_sub[compatible_vector_array_pair0-&lt;lambda&gt;7]" time="0.0013370513916015625"></testcase><testcase classname="src.pymortests.vectorarray" file="src/pymortests/vectorarray.py" line="816" name="test_sub[compatible_vector_array_pair0-&lt;lambda&gt;8]" time="0.0016548633575439453"></testcase><testcase classname="src.pymortests.vectorarray" file="src/pymortests/vectorarray.py" line="816" name="test_sub[compatible_vector_array_pair0-&lt;lambda&gt;9]" time="0.0047643184661865234"></testcase><testcase classname="src.pymortests.vectorarray" file="src/pymortests/vectorarray.py" line="816" name="test_sub[compatible_vector_array_pair0-&lt;lambda&gt;10]" time="0.008882284164428711"></testcase><testcase classname="src.pymortests.vectorarray" file="src/pymortests/vectorarray.py" line="816" name="test_sub[compatible_vector_array_pair0-&lt;lambda&gt;11]" time="0.0015420913696289062"></testcase><testcase classname="src.pymortests.vectorarray" file="src/pymortests/vectorarray.py" line="816" name="test_sub[compatible_vector_array_pair0-&lt;lambda&gt;12]" time="0.0017104148864746094"></testcase><testcase classname="src.pymortests.vectorarray" file="src/pymortests/vectorarray.py" line="816" name="test_sub[compatible_vector_array_pair0-&lt;lambda&gt;13]" time="0.0018956661224365234"></testcase><testcase classname="src.pymortests.vectorarray" file="src/pymortests/vectorarray.py" line="816" name="test_sub[compatible_vector_array_pair0-&lt;lambda&gt;14]" time="0.0017499923706054688"></testcase><testcase classname="src.pymortests.vectorarray" file="src/pymortests/vectorarray.py" line="816" name="test_sub[compatible_vector_array_pair0-&lt;lambda&gt;15]" time="0.002233743667602539"></testcase><testcase classname="src.pymortests.vectorarray" file="src/pymortests/vectorarray.py" line="816" name="test_sub[compatible_vector_array_pair0-&lt;lambda&gt;16]" time="0.002547025680541992"></testcase><testcase classname="src.pymortests.vectorarray" file="src/pymortests/vectorarray.py" line="816" name="test_sub[compatible_vector_array_pair0-&lt;lambda&gt;17]" time="0.0022521018981933594"></testcase><testcase classname="src.pymortests.vectorarray" file="src/pymortests/vectorarray.py" line="816" name="test_sub[compatible_vector_array_pair0-&lt;lambda&gt;18]" time="0.002036571502685547"></testcase><testcase classname="src.pymortests.vectorarray" file="src/pymortests/vectorarray.py" line="816" name="test_sub[compatible_vector_array_pair0-&lt;lambda&gt;19]" time="0.002111673355102539"></testcase><testcase classname="src.pymortests.vectorarray" file="src/pymortests/vectorarray.py" line="816" name="test_sub[compatible_vector_array_pair0-&lt;lambda&gt;20]" time="0.025527000427246094"></testcase><testcase classname="src.pymortests.vectorarray" file="src/pymortests/vectorarray.py" line="816" name="test_sub[compatible_vector_array_pair0-&lt;lambda&gt;21]" time="0.017837047576904297"></testcase><testcase classname="src.pymortests.vectorarray" file="src/pymortests/vectorarray.py" line="816" name="test_sub[compatible_vector_array_pair0-&lt;lambda&gt;22]" time="0.050298452377319336"></testcase><testcase classname="src.pymortests.vectorarray" file="src/pymortests/vectorarray.py" line="816" name="test_sub[compatible_vector_array_pair0-&lt;lambda&gt;23]" time="0.00379180908203125"></testcase><testcase classname="src.pymortests.vectorarray" file="src/pymortests/vectorarray.py" line="816" name="test_sub[compatible_vector_array_pair0-&lt;lambda&gt;24]" time="0.0013267993927001953"></testcase><testcase classname="src.pymortests.vectorarray" file="src/pymortests/vectorarray.py" line="816" name="test_sub[compatible_vector_array_pair0-&lt;lambda&gt;25]" time="0.0022249221801757812"></testcase><testcase classname="src.pymortests.vectorarray" file="src/pymortests/vectorarray.py" line="816" name="test_sub[compatible_vector_array_pair0-&lt;lambda&gt;26]" time="0.023584365844726562"></testcase><testcase classname="src.pymortests.vectorarray" file="src/pymortests/vectorarray.py" line="816" name="test_sub[compatible_vector_array_pair0-&lt;lambda&gt;27]" time="0.12202596664428711"></testcase><testcase classname="src.pymortests.vectorarray" file="src/pymortests/vectorarray.py" line="816" name="test_sub[compatible_vector_array_pair0-&lt;lambda&gt;28]" time="0.3243076801300049"></testcase><testcase classname="src.pymortests.vectorarray" file="src/pymortests/vectorarray.py" line="816" name="test_sub[compatible_vector_array_pair0-&lt;lambda&gt;29]" time="0.009747982025146484"></testcase><testcase classname="src.pymortests.vectorarray" file="src/pymortests/vectorarray.py" line="816" name="test_sub[compatible_vector_array_pair1-&lt;lambda&gt;0]" time="0.0021238327026367188"></testcase><testcase classname="src.pymortests.vectorarray" file="src/pymortests/vectorarray.py" line="816" name="test_sub[compatible_vector_array_pair1-&lt;lambda&gt;1]" time="0.0015344619750976562"></testcase><testcase classname="src.pymortests.vectorarray" file="src/pymortests/vectorarray.py" line="816" name="test_sub[compatible_vector_array_pair1-&lt;lambda&gt;2]" time="0.0014438629150390625"></testcase><testcase classname="src.pymortests.vectorarray" file="src/pymortests/vectorarray.py" line="816" name="test_sub[compatible_vector_array_pair1-&lt;lambda&gt;3]" time="0.0015311241149902344"></testcase><testcase classname="src.pymortests.vectorarray" file="src/pymortests/vectorarray.py" line="816" name="test_sub[compatible_vector_array_pair1-&lt;lambda&gt;4]" time="0.0014350414276123047"></testcase><testcase classname="src.pymortests.vectorarray" file="src/pymortests/vectorarray.py" line="816" name="test_sub[compatible_vector_array_pair1-&lt;lambda&gt;5]" time="0.0013806819915771484"></testcase><testcase classname="src.pymortests.vectorarray" file="src/pymortests/vectorarray.py" line="816" name="test_sub[compatible_vector_array_pair1-&lt;lambda&gt;6]" time="0.0013303756713867188"></testcase><testcase classname="src.pymortests.vectorarray" file="src/pymortests/vectorarray.py" line="816" name="test_sub[compatible_vector_array_pair1-&lt;lambda&gt;7]" time="0.0013496875762939453"></testcase><testcase classname="src.pymortests.vectorarray" file="src/pymortests/vectorarray.py" line="816" name="test_sub[compatible_vector_array_pair1-&lt;lambda&gt;8]" time="0.0017707347869873047"></testcase><testcase classname="src.pymortests.vectorarray" file="src/pymortests/vectorarray.py" line="816" name="test_sub[compatible_vector_array_pair1-&lt;lambda&gt;9]" time="0.005017518997192383"></testcase><testcase classname="src.pymortests.vectorarray" file="src/pymortests/vectorarray.py" line="816" name="test_sub[compatible_vector_array_pair1-&lt;lambda&gt;10]" time="0.0091705322265625"></testcase><testcase classname="src.pymortests.vectorarray" file="src/pymortests/vectorarray.py" line="816" name="test_sub[compatible_vector_array_pair1-&lt;lambda&gt;11]" time="0.0015637874603271484"></testcase><testcase classname="src.pymortests.vectorarray" file="src/pymortests/vectorarray.py" line="816" name="test_sub[compatible_vector_array_pair1-&lt;lambda&gt;12]" time="0.0017778873443603516"></testcase><testcase classname="src.pymortests.vectorarray" file="src/pymortests/vectorarray.py" line="816" name="test_sub[compatible_vector_array_pair1-&lt;lambda&gt;13]" time="0.001920461654663086"></testcase><testcase classname="src.pymortests.vectorarray" file="src/pymortests/vectorarray.py" line="816" name="test_sub[compatible_vector_array_pair1-&lt;lambda&gt;14]" time="0.0017707347869873047"></testcase><testcase classname="src.pymortests.vectorarray" file="src/pymortests/vectorarray.py" line="816" name="test_sub[compatible_vector_array_pair1-&lt;lambda&gt;15]" time="0.0023207664489746094"></testcase><testcase classname="src.pymortests.vectorarray" file="src/pymortests/vectorarray.py" line="816" name="test_sub[compatible_vector_array_pair1-&lt;lambda&gt;16]" time="0.002487659454345703"></testcase><testcase classname="src.pymortests.vectorarray" file="src/pymortests/vectorarray.py" line="816" name="test_sub[compatible_vector_array_pair1-&lt;lambda&gt;17]" time="0.0023233890533447266"></testcase><testcase classname="src.pymortests.vectorarray" file="src/pymortests/vectorarray.py" line="816" name="test_sub[compatible_vector_array_pair1-&lt;lambda&gt;18]" time="0.0020456314086914062"></testcase><testcase classname="src.pymortests.vectorarray" file="src/pymortests/vectorarray.py" line="816" name="test_sub[compatible_vector_array_pair1-&lt;lambda&gt;19]" time="0.0020787715911865234"></testcase><testcase classname="src.pymortests.vectorarray" file="src/pymortests/vectorarray.py" line="816" name="test_sub[compatible_vector_array_pair1-&lt;lambda&gt;20]" time="0.025458335876464844"></testcase><testcase classname="src.pymortests.vectorarray" file="src/pymortests/vectorarray.py" line="816" name="test_sub[compatible_vector_array_pair1-&lt;lambda&gt;21]" time="0.017913818359375"></testcase><testcase classname="src.pymortests.vectorarray" file="src/pymortests/vectorarray.py" line="816" name="test_sub[compatible_vector_array_pair1-&lt;lambda&gt;22]" time="0.051850080490112305"></testcase><testcase classname="src.pymortests.vectorarray" file="src/pymortests/vectorarray.py" line="816" name="test_sub[compatible_vector_array_pair1-&lt;lambda&gt;23]" time="0.003755331039428711"></testcase><testcase classname="src.pymortests.vectorarray" file="src/pymortests/vectorarray.py" line="816" name="test_sub[compatible_vector_array_pair1-&lt;lambda&gt;24]" time="0.0013201236724853516"></testcase><testcase classname="src.pymortests.vectorarray" file="src/pymortests/vectorarray.py" line="816" name="test_sub[compatible_vector_array_pair1-&lt;lambda&gt;25]" time="0.0021843910217285156"></testcase><testcase classname="src.pymortests.vectorarray" file="src/pymortests/vectorarray.py" line="816" name="test_sub[compatible_vector_array_pair1-&lt;lambda&gt;26]" time="0.023862600326538086"></testcase><testcase classname="src.pymortests.vectorarray" file="src/pymortests/vectorarray.py" line="816" name="test_sub[compatible_vector_array_pair1-&lt;lambda&gt;27]" time="0.12128853797912598"></testcase><testcase classname="src.pymortests.vectorarray" file="src/pymortests/vectorarray.py" line="816" name="test_sub[compatible_vector_array_pair1-&lt;lambda&gt;28]" time="0.32199835777282715"></testcase><testcase classname="src.pymortests.vectorarray" file="src/pymortests/vectorarray.py" line="816" name="test_sub[compatible_vector_array_pair1-&lt;lambda&gt;29]" time="0.009658575057983398"></testcase><testcase classname="src.pymortests.vectorarray" file="src/pymortests/vectorarray.py" line="816" name="test_sub[compatible_vector_array_pair2-&lt;lambda&gt;0]" time="0.0022580623626708984"></testcase><testcase classname="src.pymortests.vectorarray" file="src/pymortests/vectorarray.py" line="816" name="test_sub[compatible_vector_array_pair2-&lt;lambda&gt;1]" time="0.0016202926635742188"></testcase><testcase classname="src.pymortests.vectorarray" file="src/pymortests/vectorarray.py" line="816" name="test_sub[compatible_vector_array_pair2-&lt;lambda&gt;2]" time="0.0015175342559814453"></testcase><testcase classname="src.pymortests.vectorarray" file="src/pymortests/vectorarray.py" line="816" name="test_sub[compatible_vector_array_pair2-&lt;lambda&gt;3]" time="0.0015714168548583984"></testcase><testcase classname="src.pymortests.vectorarray" file="src/pymortests/vectorarray.py" line="816" name="test_sub[compatible_vector_array_pair2-&lt;lambda&gt;4]" time="0.0014421939849853516"></testcase><testcase classname="src.pymortests.vectorarray" file="src/pymortests/vectorarray.py" line="816" name="test_sub[compatible_vector_array_pair2-&lt;lambda&gt;5]" time="0.0013775825500488281"></testcase><testcase classname="src.pymortests.vectorarray" file="src/pymortests/vectorarray.py" line="816" name="test_sub[compatible_vector_array_pair2-&lt;lambda&gt;6]" time="0.0013206005096435547"></testcase><testcase classname="src.pymortests.vectorarray" file="src/pymortests/vectorarray.py" line="816" name="test_sub[compatible_vector_array_pair2-&lt;lambda&gt;7]" time="0.0014026165008544922"></testcase><testcase classname="src.pymortests.vectorarray" file="src/pymortests/vectorarray.py" line="816" name="test_sub[compatible_vector_array_pair2-&lt;lambda&gt;8]" time="0.0018687248229980469"></testcase><testcase classname="src.pymortests.vectorarray" file="src/pymortests/vectorarray.py" line="816" name="test_sub[compatible_vector_array_pair2-&lt;lambda&gt;9]" time="0.004815578460693359"></testcase><testcase classname="src.pymortests.vectorarray" file="src/pymortests/vectorarray.py" line="816" name="test_sub[compatible_vector_array_pair2-&lt;lambda&gt;10]" time="0.009301900863647461"></testcase><testcase classname="src.pymortests.vectorarray" file="src/pymortests/vectorarray.py" line="816" name="test_sub[compatible_vector_array_pair2-&lt;lambda&gt;11]" time="0.0016047954559326172"></testcase><testcase classname="src.pymortests.vectorarray" file="src/pymortests/vectorarray.py" line="816" name="test_sub[compatible_vector_array_pair2-&lt;lambda&gt;12]" time="0.001819610595703125"></testcase><testcase classname="src.pymortests.vectorarray" file="src/pymortests/vectorarray.py" line="816" name="test_sub[compatible_vector_array_pair2-&lt;lambda&gt;13]" time="0.0019528865814208984"></testcase><testcase classname="src.pymortests.vectorarray" file="src/pymortests/vectorarray.py" line="816" name="test_sub[compatible_vector_array_pair2-&lt;lambda&gt;14]" time="0.0018296241760253906"></testcase><testcase classname="src.pymortests.vectorarray" file="src/pymortests/vectorarray.py" line="816" name="test_sub[compatible_vector_array_pair2-&lt;lambda&gt;15]" time="0.0022764205932617188"></testcase><testcase classname="src.pymortests.vectorarray" file="src/pymortests/vectorarray.py" line="816" name="test_sub[compatible_vector_array_pair2-&lt;lambda&gt;16]" time="0.0024755001068115234"></testcase><testcase classname="src.pymortests.vectorarray" file="src/pymortests/vectorarray.py" line="816" name="test_sub[compatible_vector_array_pair2-&lt;lambda&gt;17]" time="0.002324342727661133"></testcase><testcase classname="src.pymortests.vectorarray" file="src/pymortests/vectorarray.py" line="816" name="test_sub[compatible_vector_array_pair2-&lt;lambda&gt;18]" time="0.0021071434020996094"></testcase><testcase classname="src.pymortests.vectorarray" file="src/pymortests/vectorarray.py" line="816" name="test_sub[compatible_vector_array_pair2-&lt;lambda&gt;19]" time="0.002125263214111328"></testcase><testcase classname="src.pymortests.vectorarray" file="src/pymortests/vectorarray.py" line="816" name="test_sub[compatible_vector_array_pair2-&lt;lambda&gt;20]" time="0.02529001235961914"></testcase><testcase classname="src.pymortests.vectorarray" file="src/pymortests/vectorarray.py" line="816" name="test_sub[compatible_vector_array_pair2-&lt;lambda&gt;21]" time="0.017844200134277344"></testcase><testcase classname="src.pymortests.vectorarray" file="src/pymortests/vectorarray.py" line="816" name="test_sub[compatible_vector_array_pair2-&lt;lambda&gt;22]" time="0.051152944564819336"></testcase><testcase classname="src.pymortests.vectorarray" file="src/pymortests/vectorarray.py" line="816" name="test_sub[compatible_vector_array_pair2-&lt;lambda&gt;23]" time="0.0038166046142578125"></testcase><testcase classname="src.pymortests.vectorarray" file="src/pymortests/vectorarray.py" line="816" name="test_sub[compatible_vector_array_pair2-&lt;lambda&gt;24]" time="0.0012898445129394531"></testcase><testcase classname="src.pymortests.vectorarray" file="src/pymortests/vectorarray.py" line="816" name="test_sub[compatible_vector_array_pair2-&lt;lambda&gt;25]" time="0.002205371856689453"></testcase><testcase classname="src.pymortests.vectorarray" file="src/pymortests/vectorarray.py" line="816" name="test_sub[compatible_vector_array_pair2-&lt;lambda&gt;26]" time="0.02329874038696289"></testcase><testcase classname="src.pymortests.vectorarray" file="src/pymortests/vectorarray.py" line="816" name="test_sub[compatible_vector_array_pair2-&lt;lambda&gt;27]" time="0.12345051765441895"></testcase><testcase classname="src.pymortests.vectorarray" file="src/pymortests/vectorarray.py" line="816" name="test_sub[compatible_vector_array_pair2-&lt;lambda&gt;28]" time="0.3213169574737549"></testcase><testcase classname="src.pymortests.vectorarray" file="src/pymortests/vectorarray.py" line="816" name="test_sub[compatible_vector_array_pair2-&lt;lambda&gt;29]" time="0.009662866592407227"></testcase><testcase classname="src.pymortests.vectorarray" file="src/pymortests/vectorarray.py" line="816" name="test_sub[compatible_vector_array_pair3-&lt;lambda&gt;0]" time="0.002025604248046875"></testcase><testcase classname="src.pymortests.vectorarray" file="src/pymortests/vectorarray.py" line="816" name="test_sub[compatible_vector_array_pair3-&lt;lambda&gt;1]" time="0.0015516281127929688"></testcase><testcase classname="src.pymortests.vectorarray" file="src/pymortests/vectorarray.py" line="816" name="test_sub[compatible_vector_array_pair3-&lt;lambda&gt;2]" time="0.0014820098876953125"></testcase><testcase classname="src.pymortests.vectorarray" file="src/pymortests/vectorarray.py" line="816" name="test_sub[compatible_vector_array_pair3-&lt;lambda&gt;3]" time="0.001573801040649414"></testcase><testcase classname="src.pymortests.vectorarray" file="src/pymortests/vectorarray.py" line="816" name="test_sub[compatible_vector_array_pair3-&lt;lambda&gt;4]" time="0.0014584064483642578"></testcase><testcase classname="src.pymortests.vectorarray" file="src/pymortests/vectorarray.py" line="816" name="test_sub[compatible_vector_array_pair3-&lt;lambda&gt;5]" time="0.0014052391052246094"></testcase><testcase classname="src.pymortests.vectorarray" file="src/pymortests/vectorarray.py" line="816" name="test_sub[compatible_vector_array_pair3-&lt;lambda&gt;6]" time="0.001308441162109375"></testcase><testcase classname="src.pymortests.vectorarray" file="src/pymortests/vectorarray.py" line="816" name="test_sub[compatible_vector_array_pair3-&lt;lambda&gt;7]" time="0.0013551712036132812"></testcase><testcase classname="src.pymortests.vectorarray" file="src/pymortests/vectorarray.py" line="816" name="test_sub[compatible_vector_array_pair3-&lt;lambda&gt;8]" time="0.0017118453979492188"></testcase><testcase classname="src.pymortests.vectorarray" file="src/pymortests/vectorarray.py" line="816" name="test_sub[compatible_vector_array_pair3-&lt;lambda&gt;9]" time="0.004820585250854492"></testcase><testcase classname="src.pymortests.vectorarray" file="src/pymortests/vectorarray.py" line="816" name="test_sub[compatible_vector_array_pair3-&lt;lambda&gt;10]" time="0.009233951568603516"></testcase><testcase classname="src.pymortests.vectorarray" file="src/pymortests/vectorarray.py" line="816" name="test_sub[compatible_vector_array_pair3-&lt;lambda&gt;11]" time="0.0015265941619873047"></testcase><testcase classname="src.pymortests.vectorarray" file="src/pymortests/vectorarray.py" line="816" name="test_sub[compatible_vector_array_pair3-&lt;lambda&gt;12]" time="0.0017271041870117188"></testcase><testcase classname="src.pymortests.vectorarray" file="src/pymortests/vectorarray.py" line="816" name="test_sub[compatible_vector_array_pair3-&lt;lambda&gt;13]" time="0.0019426345825195312"></testcase><testcase classname="src.pymortests.vectorarray" file="src/pymortests/vectorarray.py" line="816" name="test_sub[compatible_vector_array_pair3-&lt;lambda&gt;14]" time="0.0017724037170410156"></testcase><testcase classname="src.pymortests.vectorarray" file="src/pymortests/vectorarray.py" line="816" name="test_sub[compatible_vector_array_pair3-&lt;lambda&gt;15]" time="0.002258777618408203"></testcase><testcase classname="src.pymortests.vectorarray" file="src/pymortests/vectorarray.py" line="816" name="test_sub[compatible_vector_array_pair3-&lt;lambda&gt;16]" time="0.0024683475494384766"></testcase><testcase classname="src.pymortests.vectorarray" file="src/pymortests/vectorarray.py" line="816" name="test_sub[compatible_vector_array_pair3-&lt;lambda&gt;17]" time="0.0022971630096435547"></testcase><testcase classname="src.pymortests.vectorarray" file="src/pymortests/vectorarray.py" line="816" name="test_sub[compatible_vector_array_pair3-&lt;lambda&gt;18]" time="0.002090930938720703"></testcase><testcase classname="src.pymortests.vectorarray" file="src/pymortests/vectorarray.py" line="816" name="test_sub[compatible_vector_array_pair3-&lt;lambda&gt;19]" time="0.0020606517791748047"></testcase><testcase classname="src.pymortests.vectorarray" file="src/pymortests/vectorarray.py" line="816" name="test_sub[compatible_vector_array_pair3-&lt;lambda&gt;20]" time="0.024922847747802734"></testcase><testcase classname="src.pymortests.vectorarray" file="src/pymortests/vectorarray.py" line="816" name="test_sub[compatible_vector_array_pair3-&lt;lambda&gt;21]" time="0.017908811569213867"></testcase><testcase classname="src.pymortests.vectorarray" file="src/pymortests/vectorarray.py" line="816" name="test_sub[compatible_vector_array_pair3-&lt;lambda&gt;22]" time="0.051625728607177734"></testcase><testcase classname="src.pymortests.vectorarray" file="src/pymortests/vectorarray.py" line="816" name="test_sub[compatible_vector_array_pair3-&lt;lambda&gt;23]" time="0.0037012100219726562"></testcase><testcase classname="src.pymortests.vectorarray" file="src/pymortests/vectorarray.py" line="816" name="test_sub[compatible_vector_array_pair3-&lt;lambda&gt;24]" time="0.001318216323852539"></testcase><testcase classname="src.pymortests.vectorarray" file="src/pymortests/vectorarray.py" line="816" name="test_sub[compatible_vector_array_pair3-&lt;lambda&gt;25]" time="0.0021851062774658203"></testcase><testcase classname="src.pymortests.vectorarray" file="src/pymortests/vectorarray.py" line="816" name="test_sub[compatible_vector_array_pair3-&lt;lambda&gt;26]" time="0.023444175720214844"></testcase><testcase classname="src.pymortests.vectorarray" file="src/pymortests/vectorarray.py" line="816" name="test_sub[compatible_vector_array_pair3-&lt;lambda&gt;27]" time="0.12144112586975098"></testcase><testcase classname="src.pymortests.vectorarray" file="src/pymortests/vectorarray.py" line="816" name="test_sub[compatible_vector_array_pair3-&lt;lambda&gt;28]" time="0.32452845573425293"></testcase><testcase classname="src.pymortests.vectorarray" file="src/pymortests/vectorarray.py" line="816" name="test_sub[compatible_vector_array_pair3-&lt;lambda&gt;29]" time="0.009366273880004883"></testcase><testcase classname="src.pymortests.vectorarray" file="src/pymortests/vectorarray.py" line="816" name="test_sub[compatible_vector_array_pair4-&lt;lambda&gt;0]" time="0.002074718475341797"></testcase><testcase classname="src.pymortests.vectorarray" file="src/pymortests/vectorarray.py" line="816" name="test_sub[compatible_vector_array_pair4-&lt;lambda&gt;1]" time="0.001634359359741211"></testcase><testcase classname="src.pymortests.vectorarray" file="src/pymortests/vectorarray.py" line="816" name="test_sub[compatible_vector_array_pair4-&lt;lambda&gt;2]" time="0.0014781951904296875"></testcase><testcase classname="src.pymortests.vectorarray" file="src/pymortests/vectorarray.py" line="816" name="test_sub[compatible_vector_array_pair4-&lt;lambda&gt;3]" time="0.0017523765563964844"></testcase><testcase classname="src.pymortests.vectorarray" file="src/pymortests/vectorarray.py" line="816" name="test_sub[compatible_vector_array_pair4-&lt;lambda&gt;4]" time="0.0014789104461669922"></testcase><testcase classname="src.pymortests.vectorarray" file="src/pymortests/vectorarray.py" line="816" name="test_sub[compatible_vector_array_pair4-&lt;lambda&gt;5]" time="0.0013568401336669922"></testcase><testcase classname="src.pymortests.vectorarray" file="src/pymortests/vectorarray.py" line="816" name="test_sub[compatible_vector_array_pair4-&lt;lambda&gt;6]" time="0.0013251304626464844"></testcase><testcase classname="src.pymortests.vectorarray" file="src/pymortests/vectorarray.py" line="816" name="test_sub[compatible_vector_array_pair4-&lt;lambda&gt;7]" time="0.001386880874633789"></testcase><testcase classname="src.pymortests.vectorarray" file="src/pymortests/vectorarray.py" line="816" name="test_sub[compatible_vector_array_pair4-&lt;lambda&gt;8]" time="0.0017576217651367188"></testcase><testcase classname="src.pymortests.vectorarray" file="src/pymortests/vectorarray.py" line="816" name="test_sub[compatible_vector_array_pair4-&lt;lambda&gt;9]" time="0.00492095947265625"></testcase><testcase classname="src.pymortests.vectorarray" file="src/pymortests/vectorarray.py" line="816" name="test_sub[compatible_vector_array_pair4-&lt;lambda&gt;10]" time="0.010087728500366211"></testcase><testcase classname="src.pymortests.vectorarray" file="src/pymortests/vectorarray.py" line="816" name="test_sub[compatible_vector_array_pair4-&lt;lambda&gt;11]" time="0.0016171932220458984"></testcase><testcase classname="src.pymortests.vectorarray" file="src/pymortests/vectorarray.py" line="816" name="test_sub[compatible_vector_array_pair4-&lt;lambda&gt;12]" time="0.0018253326416015625"></testcase><testcase classname="src.pymortests.vectorarray" file="src/pymortests/vectorarray.py" line="816" name="test_sub[compatible_vector_array_pair4-&lt;lambda&gt;13]" time="0.0020427703857421875"></testcase><testcase classname="src.pymortests.vectorarray" file="src/pymortests/vectorarray.py" line="816" name="test_sub[compatible_vector_array_pair4-&lt;lambda&gt;14]" time="0.0019102096557617188"></testcase><testcase classname="src.pymortests.vectorarray" file="src/pymortests/vectorarray.py" line="816" name="test_sub[compatible_vector_array_pair4-&lt;lambda&gt;15]" time="0.0023767948150634766"></testcase><testcase classname="src.pymortests.vectorarray" file="src/pymortests/vectorarray.py" line="816" name="test_sub[compatible_vector_array_pair4-&lt;lambda&gt;16]" time="0.0025129318237304688"></testcase><testcase classname="src.pymortests.vectorarray" file="src/pymortests/vectorarray.py" line="816" name="test_sub[compatible_vector_array_pair4-&lt;lambda&gt;17]" time="0.0024111270904541016"></testcase><testcase classname="src.pymortests.vectorarray" file="src/pymortests/vectorarray.py" line="816" name="test_sub[compatible_vector_array_pair4-&lt;lambda&gt;18]" time="0.0020704269409179688"></testcase><testcase classname="src.pymortests.vectorarray" file="src/pymortests/vectorarray.py" line="816" name="test_sub[compatible_vector_array_pair4-&lt;lambda&gt;19]" time="0.002134084701538086"></testcase><testcase classname="src.pymortests.vectorarray" file="src/pymortests/vectorarray.py" line="816" name="test_sub[compatible_vector_array_pair4-&lt;lambda&gt;20]" time="0.025435924530029297"></testcase><testcase classname="src.pymortests.vectorarray" file="src/pymortests/vectorarray.py" line="816" name="test_sub[compatible_vector_array_pair4-&lt;lambda&gt;21]" time="0.01799297332763672"></testcase><testcase classname="src.pymortests.vectorarray" file="src/pymortests/vectorarray.py" line="816" name="test_sub[compatible_vector_array_pair4-&lt;lambda&gt;22]" time="0.05123710632324219"></testcase><testcase classname="src.pymortests.vectorarray" file="src/pymortests/vectorarray.py" line="816" name="test_sub[compatible_vector_array_pair4-&lt;lambda&gt;23]" time="0.0038504600524902344"></testcase><testcase classname="src.pymortests.vectorarray" file="src/pymortests/vectorarray.py" line="816" name="test_sub[compatible_vector_array_pair4-&lt;lambda&gt;24]" time="0.001321554183959961"></testcase><testcase classname="src.pymortests.vectorarray" file="src/pymortests/vectorarray.py" line="816" name="test_sub[compatible_vector_array_pair4-&lt;lambda&gt;25]" time="0.002200603485107422"></testcase><testcase classname="src.pymortests.vectorarray" file="src/pymortests/vectorarray.py" line="816" name="test_sub[compatible_vector_array_pair4-&lt;lambda&gt;26]" time="0.023847579956054688"></testcase><testcase classname="src.pymortests.vectorarray" file="src/pymortests/vectorarray.py" line="816" name="test_sub[compatible_vector_array_pair4-&lt;lambda&gt;27]" time="0.1213829517364502"></testcase><testcase classname="src.pymortests.vectorarray" file="src/pymortests/vectorarray.py" line="816" name="test_sub[compatible_vector_array_pair4-&lt;lambda&gt;28]" time="0.3222064971923828"></testcase><testcase classname="src.pymortests.vectorarray" file="src/pymortests/vectorarray.py" line="816" name="test_sub[compatible_vector_array_pair4-&lt;lambda&gt;29]" time="0.00971841812133789"></testcase><testcase classname="src.pymortests.vectorarray" file="src/pymortests/vectorarray.py" line="816" name="test_sub[compatible_vector_array_pair5-&lt;lambda&gt;0]" time="0.0021314620971679688"></testcase><testcase classname="src.pymortests.vectorarray" file="src/pymortests/vectorarray.py" line="816" name="test_sub[compatible_vector_array_pair5-&lt;lambda&gt;1]" time="0.0016231536865234375"></testcase><testcase classname="src.pymortests.vectorarray" file="src/pymortests/vectorarray.py" line="816" name="test_sub[compatible_vector_array_pair5-&lt;lambda&gt;2]" time="0.0015363693237304688"></testcase><testcase classname="src.pymortests.vectorarray" file="src/pymortests/vectorarray.py" line="816" name="test_sub[compatible_vector_array_pair5-&lt;lambda&gt;3]" time="0.0015594959259033203"></testcase><testcase classname="src.pymortests.vectorarray" file="src/pymortests/vectorarray.py" line="816" name="test_sub[compatible_vector_array_pair5-&lt;lambda&gt;4]" time="0.0014760494232177734"></testcase><testcase classname="src.pymortests.vectorarray" file="src/pymortests/vectorarray.py" line="816" name="test_sub[compatible_vector_array_pair5-&lt;lambda&gt;5]" time="0.0013988018035888672"></testcase><testcase classname="src.pymortests.vectorarray" file="src/pymortests/vectorarray.py" line="816" name="test_sub[compatible_vector_array_pair5-&lt;lambda&gt;6]" time="0.001321554183959961"></testcase><testcase classname="src.pymortests.vectorarray" file="src/pymortests/vectorarray.py" line="816" name="test_sub[compatible_vector_array_pair5-&lt;lambda&gt;7]" time="0.0014493465423583984"></testcase><testcase classname="src.pymortests.vectorarray" file="src/pymortests/vectorarray.py" line="816" name="test_sub[compatible_vector_array_pair5-&lt;lambda&gt;8]" time="0.001796722412109375"></testcase><testcase classname="src.pymortests.vectorarray" file="src/pymortests/vectorarray.py" line="816" name="test_sub[compatible_vector_array_pair5-&lt;lambda&gt;9]" time="0.00494384765625"></testcase><testcase classname="src.pymortests.vectorarray" file="src/pymortests/vectorarray.py" line="816" name="test_sub[compatible_vector_array_pair5-&lt;lambda&gt;10]" time="0.009631872177124023"></testcase><testcase classname="src.pymortests.vectorarray" file="src/pymortests/vectorarray.py" line="816" name="test_sub[compatible_vector_array_pair5-&lt;lambda&gt;11]" time="0.0016598701477050781"></testcase><testcase classname="src.pymortests.vectorarray" file="src/pymortests/vectorarray.py" line="816" name="test_sub[compatible_vector_array_pair5-&lt;lambda&gt;12]" time="0.0019459724426269531"></testcase><testcase classname="src.pymortests.vectorarray" file="src/pymortests/vectorarray.py" line="816" name="test_sub[compatible_vector_array_pair5-&lt;lambda&gt;13]" time="0.002032756805419922"></testcase><testcase classname="src.pymortests.vectorarray" file="src/pymortests/vectorarray.py" line="816" name="test_sub[compatible_vector_array_pair5-&lt;lambda&gt;14]" time="0.0018603801727294922"></testcase><testcase classname="src.pymortests.vectorarray" file="src/pymortests/vectorarray.py" line="816" name="test_sub[compatible_vector_array_pair5-&lt;lambda&gt;15]" time="0.0024061203002929688"></testcase><testcase classname="src.pymortests.vectorarray" file="src/pymortests/vectorarray.py" line="816" name="test_sub[compatible_vector_array_pair5-&lt;lambda&gt;16]" time="0.0025272369384765625"></testcase><testcase classname="src.pymortests.vectorarray" file="src/pymortests/vectorarray.py" line="816" name="test_sub[compatible_vector_array_pair5-&lt;lambda&gt;17]" time="0.0023620128631591797"></testcase><testcase classname="src.pymortests.vectorarray" file="src/pymortests/vectorarray.py" line="816" name="test_sub[compatible_vector_array_pair5-&lt;lambda&gt;18]" time="0.002079486846923828"></testcase><testcase classname="src.pymortests.vectorarray" file="src/pymortests/vectorarray.py" line="816" name="test_sub[compatible_vector_array_pair5-&lt;lambda&gt;19]" time="0.0021696090698242188"></testcase><testcase classname="src.pymortests.vectorarray" file="src/pymortests/vectorarray.py" line="816" name="test_sub[compatible_vector_array_pair5-&lt;lambda&gt;20]" time="0.02546525001525879"></testcase><testcase classname="src.pymortests.vectorarray" file="src/pymortests/vectorarray.py" line="816" name="test_sub[compatible_vector_array_pair5-&lt;lambda&gt;21]" time="0.017986536026000977"></testcase><testcase classname="src.pymortests.vectorarray" file="src/pymortests/vectorarray.py" line="816" name="test_sub[compatible_vector_array_pair5-&lt;lambda&gt;22]" time="0.05066704750061035"></testcase><testcase classname="src.pymortests.vectorarray" file="src/pymortests/vectorarray.py" line="816" name="test_sub[compatible_vector_array_pair5-&lt;lambda&gt;23]" time="0.0038666725158691406"></testcase><testcase classname="src.pymortests.vectorarray" file="src/pymortests/vectorarray.py" line="816" name="test_sub[compatible_vector_array_pair5-&lt;lambda&gt;24]" time="0.0013532638549804688"></testcase><testcase classname="src.pymortests.vectorarray" file="src/pymortests/vectorarray.py" line="816" name="test_sub[compatible_vector_array_pair5-&lt;lambda&gt;25]" time="0.0022029876708984375"></testcase><testcase classname="src.pymortests.vectorarray" file="src/pymortests/vectorarray.py" line="816" name="test_sub[compatible_vector_array_pair5-&lt;lambda&gt;26]" time="0.023369550704956055"></testcase><testcase classname="src.pymortests.vectorarray" file="src/pymortests/vectorarray.py" line="816" name="test_sub[compatible_vector_array_pair5-&lt;lambda&gt;27]" time="0.12372899055480957"></testcase><testcase classname="src.pymortests.vectorarray" file="src/pymortests/vectorarray.py" line="816" name="test_sub[compatible_vector_array_pair5-&lt;lambda&gt;28]" time="0.3223452568054199"></testcase><testcase classname="src.pymortests.vectorarray" file="src/pymortests/vectorarray.py" line="816" name="test_sub[compatible_vector_array_pair5-&lt;lambda&gt;29]" time="0.009584188461303711"></testcase><testcase classname="src.pymortests.vectorarray" file="src/pymortests/vectorarray.py" line="816" name="test_sub[compatible_vector_array_pair6-&lt;lambda&gt;0]" time="0.0021109580993652344"></testcase><testcase classname="src.pymortests.vectorarray" file="src/pymortests/vectorarray.py" line="816" name="test_sub[compatible_vector_array_pair6-&lt;lambda&gt;1]" time="0.0015871524810791016"></testcase><testcase classname="src.pymortests.vectorarray" file="src/pymortests/vectorarray.py" line="816" name="test_sub[compatible_vector_array_pair6-&lt;lambda&gt;2]" time="0.001455545425415039"></testcase><testcase classname="src.pymortests.vectorarray" file="src/pymortests/vectorarray.py" line="816" name="test_sub[compatible_vector_array_pair6-&lt;lambda&gt;3]" time="0.0015866756439208984"></testcase><testcase classname="src.pymortests.vectorarray" file="src/pymortests/vectorarray.py" line="816" name="test_sub[compatible_vector_array_pair6-&lt;lambda&gt;4]" time="0.0014235973358154297"></testcase><testcase classname="src.pymortests.vectorarray" file="src/pymortests/vectorarray.py" line="816" name="test_sub[compatible_vector_array_pair6-&lt;lambda&gt;5]" time="0.001508951187133789"></testcase><testcase classname="src.pymortests.vectorarray" file="src/pymortests/vectorarray.py" line="816" name="test_sub[compatible_vector_array_pair6-&lt;lambda&gt;6]" time="0.0013356208801269531"></testcase><testcase classname="src.pymortests.vectorarray" file="src/pymortests/vectorarray.py" line="816" name="test_sub[compatible_vector_array_pair6-&lt;lambda&gt;7]" time="0.0013589859008789062"></testcase><testcase classname="src.pymortests.vectorarray" file="src/pymortests/vectorarray.py" line="816" name="test_sub[compatible_vector_array_pair6-&lt;lambda&gt;8]" time="0.0016660690307617188"></testcase><testcase classname="src.pymortests.vectorarray" file="src/pymortests/vectorarray.py" line="816" name="test_sub[compatible_vector_array_pair6-&lt;lambda&gt;9]" time="0.004861116409301758"></testcase><testcase classname="src.pymortests.vectorarray" file="src/pymortests/vectorarray.py" line="816" name="test_sub[compatible_vector_array_pair6-&lt;lambda&gt;10]" time="0.009045600891113281"></testcase><testcase classname="src.pymortests.vectorarray" file="src/pymortests/vectorarray.py" line="816" name="test_sub[compatible_vector_array_pair6-&lt;lambda&gt;11]" time="0.0015261173248291016"></testcase><testcase classname="src.pymortests.vectorarray" file="src/pymortests/vectorarray.py" line="816" name="test_sub[compatible_vector_array_pair6-&lt;lambda&gt;12]" time="0.0017654895782470703"></testcase><testcase classname="src.pymortests.vectorarray" file="src/pymortests/vectorarray.py" line="816" name="test_sub[compatible_vector_array_pair6-&lt;lambda&gt;13]" time="0.0019440650939941406"></testcase><testcase classname="src.pymortests.vectorarray" file="src/pymortests/vectorarray.py" line="816" name="test_sub[compatible_vector_array_pair6-&lt;lambda&gt;14]" time="0.0018553733825683594"></testcase><testcase classname="src.pymortests.vectorarray" file="src/pymortests/vectorarray.py" line="816" name="test_sub[compatible_vector_array_pair6-&lt;lambda&gt;15]" time="0.0022580623626708984"></testcase><testcase classname="src.pymortests.vectorarray" file="src/pymortests/vectorarray.py" line="816" name="test_sub[compatible_vector_array_pair6-&lt;lambda&gt;16]" time="0.0024831295013427734"></testcase><testcase classname="src.pymortests.vectorarray" file="src/pymortests/vectorarray.py" line="816" name="test_sub[compatible_vector_array_pair6-&lt;lambda&gt;17]" time="0.0022699832916259766"></testcase><testcase classname="src.pymortests.vectorarray" file="src/pymortests/vectorarray.py" line="816" name="test_sub[compatible_vector_array_pair6-&lt;lambda&gt;18]" time="0.002027273178100586"></testcase><testcase classname="src.pymortests.vectorarray" file="src/pymortests/vectorarray.py" line="816" name="test_sub[compatible_vector_array_pair6-&lt;lambda&gt;19]" time="0.0020842552185058594"></testcase><testcase classname="src.pymortests.vectorarray" file="src/pymortests/vectorarray.py" line="816" name="test_sub[compatible_vector_array_pair6-&lt;lambda&gt;20]" time="0.025650501251220703"></testcase><testcase classname="src.pymortests.vectorarray" file="src/pymortests/vectorarray.py" line="816" name="test_sub[compatible_vector_array_pair6-&lt;lambda&gt;21]" time="0.0180203914642334"></testcase><testcase classname="src.pymortests.vectorarray" file="src/pymortests/vectorarray.py" line="816" name="test_sub[compatible_vector_array_pair6-&lt;lambda&gt;22]" time="0.051674842834472656"></testcase><testcase classname="src.pymortests.vectorarray" file="src/pymortests/vectorarray.py" line="816" name="test_sub[compatible_vector_array_pair6-&lt;lambda&gt;23]" time="0.0038204193115234375"></testcase><testcase classname="src.pymortests.vectorarray" file="src/pymortests/vectorarray.py" line="816" name="test_sub[compatible_vector_array_pair6-&lt;lambda&gt;24]" time="0.0013866424560546875"></testcase><testcase classname="src.pymortests.vectorarray" file="src/pymortests/vectorarray.py" line="816" name="test_sub[compatible_vector_array_pair6-&lt;lambda&gt;25]" time="0.002202272415161133"></testcase><testcase classname="src.pymortests.vectorarray" file="src/pymortests/vectorarray.py" line="816" name="test_sub[compatible_vector_array_pair6-&lt;lambda&gt;26]" time="0.02343273162841797"></testcase><testcase classname="src.pymortests.vectorarray" file="src/pymortests/vectorarray.py" line="816" name="test_sub[compatible_vector_array_pair6-&lt;lambda&gt;27]" time="0.12212967872619629"></testcase><testcase classname="src.pymortests.vectorarray" file="src/pymortests/vectorarray.py" line="816" name="test_sub[compatible_vector_array_pair6-&lt;lambda&gt;28]" time="0.325528621673584"></testcase><testcase classname="src.pymortests.vectorarray" file="src/pymortests/vectorarray.py" line="816" name="test_sub[compatible_vector_array_pair6-&lt;lambda&gt;29]" time="0.009402990341186523"></testcase><testcase classname="src.pymortests.vectorarray" file="src/pymortests/vectorarray.py" line="816" name="test_sub[compatible_vector_array_pair7-&lt;lambda&gt;0]" time="0.0020923614501953125"></testcase><testcase classname="src.pymortests.vectorarray" file="src/pymortests/vectorarray.py" line="816" name="test_sub[compatible_vector_array_pair7-&lt;lambda&gt;1]" time="0.0015301704406738281"></testcase><testcase classname="src.pymortests.vectorarray" file="src/pymortests/vectorarray.py" line="816" name="test_sub[compatible_vector_array_pair7-&lt;lambda&gt;2]" time="0.001497030258178711"></testcase><testcase classname="src.pymortests.vectorarray" file="src/pymortests/vectorarray.py" line="816" name="test_sub[compatible_vector_array_pair7-&lt;lambda&gt;3]" time="0.0015783309936523438"></testcase><testcase classname="src.pymortests.vectorarray" file="src/pymortests/vectorarray.py" line="816" name="test_sub[compatible_vector_array_pair7-&lt;lambda&gt;4]" time="0.0014500617980957031"></testcase><testcase classname="src.pymortests.vectorarray" file="src/pymortests/vectorarray.py" line="816" name="test_sub[compatible_vector_array_pair7-&lt;lambda&gt;5]" time="0.0014195442199707031"></testcase><testcase classname="src.pymortests.vectorarray" file="src/pymortests/vectorarray.py" line="816" name="test_sub[compatible_vector_array_pair7-&lt;lambda&gt;6]" time="0.0013446807861328125"></testcase><testcase classname="src.pymortests.vectorarray" file="src/pymortests/vectorarray.py" line="816" name="test_sub[compatible_vector_array_pair7-&lt;lambda&gt;7]" time="0.0013637542724609375"></testcase><testcase classname="src.pymortests.vectorarray" file="src/pymortests/vectorarray.py" line="816" name="test_sub[compatible_vector_array_pair7-&lt;lambda&gt;8]" time="0.0018262863159179688"></testcase><testcase classname="src.pymortests.vectorarray" file="src/pymortests/vectorarray.py" line="816" name="test_sub[compatible_vector_array_pair7-&lt;lambda&gt;9]" time="0.0048711299896240234"></testcase><testcase classname="src.pymortests.vectorarray" file="src/pymortests/vectorarray.py" line="816" name="test_sub[compatible_vector_array_pair7-&lt;lambda&gt;10]" time="0.009504318237304688"></testcase><testcase classname="src.pymortests.vectorarray" file="src/pymortests/vectorarray.py" line="816" name="test_sub[compatible_vector_array_pair7-&lt;lambda&gt;11]" time="0.0015909671783447266"></testcase><testcase classname="src.pymortests.vectorarray" file="src/pymortests/vectorarray.py" line="816" name="test_sub[compatible_vector_array_pair7-&lt;lambda&gt;12]" time="0.0017671585083007812"></testcase><testcase classname="src.pymortests.vectorarray" file="src/pymortests/vectorarray.py" line="816" name="test_sub[compatible_vector_array_pair7-&lt;lambda&gt;13]" time="0.0020122528076171875"></testcase><testcase classname="src.pymortests.vectorarray" file="src/pymortests/vectorarray.py" line="816" name="test_sub[compatible_vector_array_pair7-&lt;lambda&gt;14]" time="0.001817941665649414"></testcase><testcase classname="src.pymortests.vectorarray" file="src/pymortests/vectorarray.py" line="816" name="test_sub[compatible_vector_array_pair7-&lt;lambda&gt;15]" time="0.0023725032806396484"></testcase><testcase classname="src.pymortests.vectorarray" file="src/pymortests/vectorarray.py" line="816" name="test_sub[compatible_vector_array_pair7-&lt;lambda&gt;16]" time="0.002481698989868164"></testcase><testcase classname="src.pymortests.vectorarray" file="src/pymortests/vectorarray.py" line="816" name="test_sub[compatible_vector_array_pair7-&lt;lambda&gt;17]" time="0.0023834705352783203"></testcase><testcase classname="src.pymortests.vectorarray" file="src/pymortests/vectorarray.py" line="816" name="test_sub[compatible_vector_array_pair7-&lt;lambda&gt;18]" time="0.0020666122436523438"></testcase><testcase classname="src.pymortests.vectorarray" file="src/pymortests/vectorarray.py" line="816" name="test_sub[compatible_vector_array_pair7-&lt;lambda&gt;19]" time="0.002147197723388672"></testcase><testcase classname="src.pymortests.vectorarray" file="src/pymortests/vectorarray.py" line="816" name="test_sub[compatible_vector_array_pair7-&lt;lambda&gt;20]" time="0.02517986297607422"></testcase><testcase classname="src.pymortests.vectorarray" file="src/pymortests/vectorarray.py" line="816" name="test_sub[compatible_vector_array_pair7-&lt;lambda&gt;21]" time="0.018814563751220703"></testcase><testcase classname="src.pymortests.vectorarray" file="src/pymortests/vectorarray.py" line="816" name="test_sub[compatible_vector_array_pair7-&lt;lambda&gt;22]" time="0.05208706855773926"></testcase><testcase classname="src.pymortests.vectorarray" file="src/pymortests/vectorarray.py" line="816" name="test_sub[compatible_vector_array_pair7-&lt;lambda&gt;23]" time="0.0039556026458740234"></testcase><testcase classname="src.pymortests.vectorarray" file="src/pymortests/vectorarray.py" line="816" name="test_sub[compatible_vector_array_pair7-&lt;lambda&gt;24]" time="0.00133514404296875"></testcase><testcase classname="src.pymortests.vectorarray" file="src/pymortests/vectorarray.py" line="816" name="test_sub[compatible_vector_array_pair7-&lt;lambda&gt;25]" time="0.002279043197631836"></testcase><testcase classname="src.pymortests.vectorarray" file="src/pymortests/vectorarray.py" line="816" name="test_sub[compatible_vector_array_pair7-&lt;lambda&gt;26]" time="0.02362823486328125"></testcase><testcase classname="src.pymortests.vectorarray" file="src/pymortests/vectorarray.py" line="816" name="test_sub[compatible_vector_array_pair7-&lt;lambda&gt;27]" time="0.12175178527832031"></testcase><testcase classname="src.pymortests.vectorarray" file="src/pymortests/vectorarray.py" line="816" name="test_sub[compatible_vector_array_pair7-&lt;lambda&gt;28]" time="0.3216583728790283"></testcase><testcase classname="src.pymortests.vectorarray" file="src/pymortests/vectorarray.py" line="816" name="test_sub[compatible_vector_array_pair7-&lt;lambda&gt;29]" time="0.009781360626220703"></testcase><testcase classname="src.pymortests.vectorarray" file="src/pymortests/vectorarray.py" line="816" name="test_sub[compatible_vector_array_pair8-&lt;lambda&gt;0]" time="0.0020971298217773438"></testcase><testcase classname="src.pymortests.vectorarray" file="src/pymortests/vectorarray.py" line="816" name="test_sub[compatible_vector_array_pair8-&lt;lambda&gt;1]" time="0.0015728473663330078"></testcase><testcase classname="src.pymortests.vectorarray" file="src/pymortests/vectorarray.py" line="816" name="test_sub[compatible_vector_array_pair8-&lt;lambda&gt;2]" time="0.0014560222625732422"></testcase><testcase classname="src.pymortests.vectorarray" file="src/pymortests/vectorarray.py" line="816" name="test_sub[compatible_vector_array_pair8-&lt;lambda&gt;3]" time="0.0015964508056640625"></testcase><testcase classname="src.pymortests.vectorarray" file="src/pymortests/vectorarray.py" line="816" name="test_sub[compatible_vector_array_pair8-&lt;lambda&gt;4]" time="0.0014853477478027344"></testcase><testcase classname="src.pymortests.vectorarray" file="src/pymortests/vectorarray.py" line="816" name="test_sub[compatible_vector_array_pair8-&lt;lambda&gt;5]" time="0.0013544559478759766"></testcase><testcase classname="src.pymortests.vectorarray" file="src/pymortests/vectorarray.py" line="816" name="test_sub[compatible_vector_array_pair8-&lt;lambda&gt;6]" time="0.001474142074584961"></testcase><testcase classname="src.pymortests.vectorarray" file="src/pymortests/vectorarray.py" line="816" name="test_sub[compatible_vector_array_pair8-&lt;lambda&gt;7]" time="0.001348733901977539"></testcase><testcase classname="src.pymortests.vectorarray" file="src/pymortests/vectorarray.py" line="816" name="test_sub[compatible_vector_array_pair8-&lt;lambda&gt;8]" time="0.0018172264099121094"></testcase><testcase classname="src.pymortests.vectorarray" file="src/pymortests/vectorarray.py" line="816" name="test_sub[compatible_vector_array_pair8-&lt;lambda&gt;9]" time="0.0049021244049072266"></testcase><testcase classname="src.pymortests.vectorarray" file="src/pymortests/vectorarray.py" line="816" name="test_sub[compatible_vector_array_pair8-&lt;lambda&gt;10]" time="0.009690284729003906"></testcase><testcase classname="src.pymortests.vectorarray" file="src/pymortests/vectorarray.py" line="816" name="test_sub[compatible_vector_array_pair8-&lt;lambda&gt;11]" time="0.0016031265258789062"></testcase><testcase classname="src.pymortests.vectorarray" file="src/pymortests/vectorarray.py" line="816" name="test_sub[compatible_vector_array_pair8-&lt;lambda&gt;12]" time="0.0018625259399414062"></testcase><testcase classname="src.pymortests.vectorarray" file="src/pymortests/vectorarray.py" line="816" name="test_sub[compatible_vector_array_pair8-&lt;lambda&gt;13]" time="0.002032041549682617"></testcase><testcase classname="src.pymortests.vectorarray" file="src/pymortests/vectorarray.py" line="816" name="test_sub[compatible_vector_array_pair8-&lt;lambda&gt;14]" time="0.0018510818481445312"></testcase><testcase classname="src.pymortests.vectorarray" file="src/pymortests/vectorarray.py" line="816" name="test_sub[compatible_vector_array_pair8-&lt;lambda&gt;15]" time="0.002363920211791992"></testcase><testcase classname="src.pymortests.vectorarray" file="src/pymortests/vectorarray.py" line="816" name="test_sub[compatible_vector_array_pair8-&lt;lambda&gt;16]" time="0.0024938583374023438"></testcase><testcase classname="src.pymortests.vectorarray" file="src/pymortests/vectorarray.py" line="816" name="test_sub[compatible_vector_array_pair8-&lt;lambda&gt;17]" time="0.00235748291015625"></testcase><testcase classname="src.pymortests.vectorarray" file="src/pymortests/vectorarray.py" line="816" name="test_sub[compatible_vector_array_pair8-&lt;lambda&gt;18]" time="0.0020813941955566406"></testcase><testcase classname="src.pymortests.vectorarray" file="src/pymortests/vectorarray.py" line="816" name="test_sub[compatible_vector_array_pair8-&lt;lambda&gt;19]" time="0.00208282470703125"></testcase><testcase classname="src.pymortests.vectorarray" file="src/pymortests/vectorarray.py" line="816" name="test_sub[compatible_vector_array_pair8-&lt;lambda&gt;20]" time="0.025420665740966797"></testcase><testcase classname="src.pymortests.vectorarray" file="src/pymortests/vectorarray.py" line="816" name="test_sub[compatible_vector_array_pair8-&lt;lambda&gt;21]" time="0.017778635025024414"></testcase><testcase classname="src.pymortests.vectorarray" file="src/pymortests/vectorarray.py" line="816" name="test_sub[compatible_vector_array_pair8-&lt;lambda&gt;22]" time="0.05109119415283203"></testcase><testcase classname="src.pymortests.vectorarray" file="src/pymortests/vectorarray.py" line="816" name="test_sub[compatible_vector_array_pair8-&lt;lambda&gt;23]" time="0.0037779808044433594"></testcase><testcase classname="src.pymortests.vectorarray" file="src/pymortests/vectorarray.py" line="816" name="test_sub[compatible_vector_array_pair8-&lt;lambda&gt;24]" time="0.001359701156616211"></testcase><testcase classname="src.pymortests.vectorarray" file="src/pymortests/vectorarray.py" line="816" name="test_sub[compatible_vector_array_pair8-&lt;lambda&gt;25]" time="0.002274751663208008"></testcase><testcase classname="src.pymortests.vectorarray" file="src/pymortests/vectorarray.py" line="816" name="test_sub[compatible_vector_array_pair8-&lt;lambda&gt;26]" time="0.023304224014282227"></testcase><testcase classname="src.pymortests.vectorarray" file="src/pymortests/vectorarray.py" line="816" name="test_sub[compatible_vector_array_pair8-&lt;lambda&gt;27]" time="0.12337660789489746"></testcase><testcase classname="src.pymortests.vectorarray" file="src/pymortests/vectorarray.py" line="816" name="test_sub[compatible_vector_array_pair8-&lt;lambda&gt;28]" time="0.3214259147644043"></testcase><testcase classname="src.pymortests.vectorarray" file="src/pymortests/vectorarray.py" line="816" name="test_sub[compatible_vector_array_pair8-&lt;lambda&gt;29]" time="0.009404182434082031"></testcase><testcase classname="src.pymortests.vectorarray" file="src/pymortests/vectorarray.py" line="829" name="test_isub[compatible_vector_array_pair0-&lt;lambda&gt;0]" time="0.0018796920776367188"></testcase><testcase classname="src.pymortests.vectorarray" file="src/pymortests/vectorarray.py" line="829" name="test_isub[compatible_vector_array_pair0-&lt;lambda&gt;1]" time="0.0015168190002441406"></testcase><testcase classname="src.pymortests.vectorarray" file="src/pymortests/vectorarray.py" line="829" name="test_isub[compatible_vector_array_pair0-&lt;lambda&gt;2]" time="0.001360177993774414"></testcase><testcase classname="src.pymortests.vectorarray" file="src/pymortests/vectorarray.py" line="829" name="test_isub[compatible_vector_array_pair0-&lt;lambda&gt;3]" time="0.001453399658203125"></testcase><testcase classname="src.pymortests.vectorarray" file="src/pymortests/vectorarray.py" line="829" name="test_isub[compatible_vector_array_pair0-&lt;lambda&gt;4]" time="0.0013175010681152344"></testcase><testcase classname="src.pymortests.vectorarray" file="src/pymortests/vectorarray.py" line="829" name="test_isub[compatible_vector_array_pair0-&lt;lambda&gt;5]" time="0.0013070106506347656"></testcase><testcase classname="src.pymortests.vectorarray" file="src/pymortests/vectorarray.py" line="829" name="test_isub[compatible_vector_array_pair0-&lt;lambda&gt;6]" time="0.0012612342834472656"></testcase><testcase classname="src.pymortests.vectorarray" file="src/pymortests/vectorarray.py" line="829" name="test_isub[compatible_vector_array_pair0-&lt;lambda&gt;7]" time="0.0012311935424804688"></testcase><testcase classname="src.pymortests.vectorarray" file="src/pymortests/vectorarray.py" line="829" name="test_isub[compatible_vector_array_pair0-&lt;lambda&gt;8]" time="0.001516580581665039"></testcase><testcase classname="src.pymortests.vectorarray" file="src/pymortests/vectorarray.py" line="829" name="test_isub[compatible_vector_array_pair0-&lt;lambda&gt;9]" time="0.003342151641845703"></testcase><testcase classname="src.pymortests.vectorarray" file="src/pymortests/vectorarray.py" line="829" name="test_isub[compatible_vector_array_pair0-&lt;lambda&gt;10]" time="0.005688667297363281"></testcase><testcase classname="src.pymortests.vectorarray" file="src/pymortests/vectorarray.py" line="829" name="test_isub[compatible_vector_array_pair0-&lt;lambda&gt;11]" time="0.0014116764068603516"></testcase><testcase classname="src.pymortests.vectorarray" file="src/pymortests/vectorarray.py" line="829" name="test_isub[compatible_vector_array_pair0-&lt;lambda&gt;12]" time="0.001516580581665039"></testcase><testcase classname="src.pymortests.vectorarray" file="src/pymortests/vectorarray.py" line="829" name="test_isub[compatible_vector_array_pair0-&lt;lambda&gt;13]" time="0.0016601085662841797"></testcase><testcase classname="src.pymortests.vectorarray" file="src/pymortests/vectorarray.py" line="829" name="test_isub[compatible_vector_array_pair0-&lt;lambda&gt;14]" time="0.0016183853149414062"></testcase><testcase classname="src.pymortests.vectorarray" file="src/pymortests/vectorarray.py" line="829" name="test_isub[compatible_vector_array_pair0-&lt;lambda&gt;15]" time="0.0019769668579101562"></testcase><testcase classname="src.pymortests.vectorarray" file="src/pymortests/vectorarray.py" line="829" name="test_isub[compatible_vector_array_pair0-&lt;lambda&gt;16]" time="0.00212860107421875"></testcase><testcase classname="src.pymortests.vectorarray" file="src/pymortests/vectorarray.py" line="829" name="test_isub[compatible_vector_array_pair0-&lt;lambda&gt;17]" time="0.0019676685333251953"></testcase><testcase classname="src.pymortests.vectorarray" file="src/pymortests/vectorarray.py" line="829" name="test_isub[compatible_vector_array_pair0-&lt;lambda&gt;18]" time="0.001998424530029297"></testcase><testcase classname="src.pymortests.vectorarray" file="src/pymortests/vectorarray.py" line="829" name="test_isub[compatible_vector_array_pair0-&lt;lambda&gt;19]" time="0.0020143985748291016"></testcase><testcase classname="src.pymortests.vectorarray" file="src/pymortests/vectorarray.py" line="829" name="test_isub[compatible_vector_array_pair0-&lt;lambda&gt;20]" time="0.02486586570739746"></testcase><testcase classname="src.pymortests.vectorarray" file="src/pymortests/vectorarray.py" line="829" name="test_isub[compatible_vector_array_pair0-&lt;lambda&gt;21]" time="0.015813827514648438"></testcase><testcase classname="src.pymortests.vectorarray" file="src/pymortests/vectorarray.py" line="829" name="test_isub[compatible_vector_array_pair0-&lt;lambda&gt;22]" time="0.045668840408325195"></testcase><testcase classname="src.pymortests.vectorarray" file="src/pymortests/vectorarray.py" line="829" name="test_isub[compatible_vector_array_pair0-&lt;lambda&gt;23]" time="0.0035834312438964844"></testcase><testcase classname="src.pymortests.vectorarray" file="src/pymortests/vectorarray.py" line="829" name="test_isub[compatible_vector_array_pair0-&lt;lambda&gt;24]" time="0.0013475418090820312"></testcase><testcase classname="src.pymortests.vectorarray" file="src/pymortests/vectorarray.py" line="829" name="test_isub[compatible_vector_array_pair0-&lt;lambda&gt;25]" time="0.0021719932556152344"></testcase><testcase classname="src.pymortests.vectorarray" file="src/pymortests/vectorarray.py" line="829" name="test_isub[compatible_vector_array_pair0-&lt;lambda&gt;26]" time="0.022815942764282227"></testcase><testcase classname="src.pymortests.vectorarray" file="src/pymortests/vectorarray.py" line="829" name="test_isub[compatible_vector_array_pair0-&lt;lambda&gt;27]" time="0.07612085342407227"></testcase><testcase classname="src.pymortests.vectorarray" file="src/pymortests/vectorarray.py" line="829" name="test_isub[compatible_vector_array_pair0-&lt;lambda&gt;28]" time="0.21749377250671387"></testcase><testcase classname="src.pymortests.vectorarray" file="src/pymortests/vectorarray.py" line="829" name="test_isub[compatible_vector_array_pair0-&lt;lambda&gt;29]" time="0.007059574127197266"></testcase><testcase classname="src.pymortests.vectorarray" file="src/pymortests/vectorarray.py" line="829" name="test_isub[compatible_vector_array_pair1-&lt;lambda&gt;0]" time="0.0013964176177978516"></testcase><testcase classname="src.pymortests.vectorarray" file="src/pymortests/vectorarray.py" line="829" name="test_isub[compatible_vector_array_pair1-&lt;lambda&gt;1]" time="0.0013453960418701172"></testcase><testcase classname="src.pymortests.vectorarray" file="src/pymortests/vectorarray.py" line="829" name="test_isub[compatible_vector_array_pair1-&lt;lambda&gt;2]" time="0.0014660358428955078"></testcase><testcase classname="src.pymortests.vectorarray" file="src/pymortests/vectorarray.py" line="829" name="test_isub[compatible_vector_array_pair1-&lt;lambda&gt;3]" time="0.0014948844909667969"></testcase><testcase classname="src.pymortests.vectorarray" file="src/pymortests/vectorarray.py" line="829" name="test_isub[compatible_vector_array_pair1-&lt;lambda&gt;4]" time="0.0013914108276367188"></testcase><testcase classname="src.pymortests.vectorarray" file="src/pymortests/vectorarray.py" line="829" name="test_isub[compatible_vector_array_pair1-&lt;lambda&gt;5]" time="0.0012767314910888672"></testcase><testcase classname="src.pymortests.vectorarray" file="src/pymortests/vectorarray.py" line="829" name="test_isub[compatible_vector_array_pair1-&lt;lambda&gt;6]" time="0.0012507438659667969"></testcase><testcase classname="src.pymortests.vectorarray" file="src/pymortests/vectorarray.py" line="829" name="test_isub[compatible_vector_array_pair1-&lt;lambda&gt;7]" time="0.0012676715850830078"></testcase><testcase classname="src.pymortests.vectorarray" file="src/pymortests/vectorarray.py" line="829" name="test_isub[compatible_vector_array_pair1-&lt;lambda&gt;8]" time="0.0016252994537353516"></testcase><testcase classname="src.pymortests.vectorarray" file="src/pymortests/vectorarray.py" line="829" name="test_isub[compatible_vector_array_pair1-&lt;lambda&gt;9]" time="0.0033168792724609375"></testcase><testcase classname="src.pymortests.vectorarray" file="src/pymortests/vectorarray.py" line="829" name="test_isub[compatible_vector_array_pair1-&lt;lambda&gt;10]" time="0.006155490875244141"></testcase><testcase classname="src.pymortests.vectorarray" file="src/pymortests/vectorarray.py" line="829" name="test_isub[compatible_vector_array_pair1-&lt;lambda&gt;11]" time="0.001420736312866211"></testcase><testcase classname="src.pymortests.vectorarray" file="src/pymortests/vectorarray.py" line="829" name="test_isub[compatible_vector_array_pair1-&lt;lambda&gt;12]" time="0.0016241073608398438"></testcase><testcase classname="src.pymortests.vectorarray" file="src/pymortests/vectorarray.py" line="829" name="test_isub[compatible_vector_array_pair1-&lt;lambda&gt;13]" time="0.0017132759094238281"></testcase><testcase classname="src.pymortests.vectorarray" file="src/pymortests/vectorarray.py" line="829" name="test_isub[compatible_vector_array_pair1-&lt;lambda&gt;14]" time="0.001688241958618164"></testcase><testcase classname="src.pymortests.vectorarray" file="src/pymortests/vectorarray.py" line="829" name="test_isub[compatible_vector_array_pair1-&lt;lambda&gt;15]" time="0.002040863037109375"></testcase><testcase classname="src.pymortests.vectorarray" file="src/pymortests/vectorarray.py" line="829" name="test_isub[compatible_vector_array_pair1-&lt;lambda&gt;16]" time="0.0021979808807373047"></testcase><testcase classname="src.pymortests.vectorarray" file="src/pymortests/vectorarray.py" line="829" name="test_isub[compatible_vector_array_pair1-&lt;lambda&gt;17]" time="0.0020270347595214844"></testcase><testcase classname="src.pymortests.vectorarray" file="src/pymortests/vectorarray.py" line="829" name="test_isub[compatible_vector_array_pair1-&lt;lambda&gt;18]" time="0.001997709274291992"></testcase><testcase classname="src.pymortests.vectorarray" file="src/pymortests/vectorarray.py" line="829" name="test_isub[compatible_vector_array_pair1-&lt;lambda&gt;19]" time="0.0019783973693847656"></testcase><testcase classname="src.pymortests.vectorarray" file="src/pymortests/vectorarray.py" line="829" name="test_isub[compatible_vector_array_pair1-&lt;lambda&gt;20]" time="0.024926424026489258"></testcase><testcase classname="src.pymortests.vectorarray" file="src/pymortests/vectorarray.py" line="829" name="test_isub[compatible_vector_array_pair1-&lt;lambda&gt;21]" time="0.015343189239501953"></testcase><testcase classname="src.pymortests.vectorarray" file="src/pymortests/vectorarray.py" line="829" name="test_isub[compatible_vector_array_pair1-&lt;lambda&gt;22]" time="0.04519486427307129"></testcase><testcase classname="src.pymortests.vectorarray" file="src/pymortests/vectorarray.py" line="829" name="test_isub[compatible_vector_array_pair1-&lt;lambda&gt;23]" time="0.003683805465698242"></testcase><testcase classname="src.pymortests.vectorarray" file="src/pymortests/vectorarray.py" line="829" name="test_isub[compatible_vector_array_pair1-&lt;lambda&gt;24]" time="0.0012412071228027344"></testcase><testcase classname="src.pymortests.vectorarray" file="src/pymortests/vectorarray.py" line="829" name="test_isub[compatible_vector_array_pair1-&lt;lambda&gt;25]" time="0.0021543502807617188"></testcase><testcase classname="src.pymortests.vectorarray" file="src/pymortests/vectorarray.py" line="829" name="test_isub[compatible_vector_array_pair1-&lt;lambda&gt;26]" time="0.022144794464111328"></testcase><testcase classname="src.pymortests.vectorarray" file="src/pymortests/vectorarray.py" line="829" name="test_isub[compatible_vector_array_pair1-&lt;lambda&gt;27]" time="0.07566237449645996"></testcase><testcase classname="src.pymortests.vectorarray" file="src/pymortests/vectorarray.py" line="829" name="test_isub[compatible_vector_array_pair1-&lt;lambda&gt;28]" time="0.21496057510375977"></testcase><testcase classname="src.pymortests.vectorarray" file="src/pymortests/vectorarray.py" line="829" name="test_isub[compatible_vector_array_pair1-&lt;lambda&gt;29]" time="0.00706934928894043"></testcase><testcase classname="src.pymortests.vectorarray" file="src/pymortests/vectorarray.py" line="829" name="test_isub[compatible_vector_array_pair2-&lt;lambda&gt;0]" time="0.0014061927795410156"></testcase><testcase classname="src.pymortests.vectorarray" file="src/pymortests/vectorarray.py" line="829" name="test_isub[compatible_vector_array_pair2-&lt;lambda&gt;1]" time="0.001377105712890625"></testcase><testcase classname="src.pymortests.vectorarray" file="src/pymortests/vectorarray.py" line="829" name="test_isub[compatible_vector_array_pair2-&lt;lambda&gt;2]" time="0.001329183578491211"></testcase><testcase classname="src.pymortests.vectorarray" file="src/pymortests/vectorarray.py" line="829" name="test_isub[compatible_vector_array_pair2-&lt;lambda&gt;3]" time="0.0014278888702392578"></testcase><testcase classname="src.pymortests.vectorarray" file="src/pymortests/vectorarray.py" line="829" name="test_isub[compatible_vector_array_pair2-&lt;lambda&gt;4]" time="0.0013391971588134766"></testcase><testcase classname="src.pymortests.vectorarray" file="src/pymortests/vectorarray.py" line="829" name="test_isub[compatible_vector_array_pair2-&lt;lambda&gt;5]" time="0.001306295394897461"></testcase><testcase classname="src.pymortests.vectorarray" file="src/pymortests/vectorarray.py" line="829" name="test_isub[compatible_vector_array_pair2-&lt;lambda&gt;6]" time="0.0012600421905517578"></testcase><testcase classname="src.pymortests.vectorarray" file="src/pymortests/vectorarray.py" line="829" name="test_isub[compatible_vector_array_pair2-&lt;lambda&gt;7]" time="0.0012836456298828125"></testcase><testcase classname="src.pymortests.vectorarray" file="src/pymortests/vectorarray.py" line="829" name="test_isub[compatible_vector_array_pair2-&lt;lambda&gt;8]" time="0.0015916824340820312"></testcase><testcase classname="src.pymortests.vectorarray" file="src/pymortests/vectorarray.py" line="829" name="test_isub[compatible_vector_array_pair2-&lt;lambda&gt;9]" time="0.0032966136932373047"></testcase><testcase classname="src.pymortests.vectorarray" file="src/pymortests/vectorarray.py" line="829" name="test_isub[compatible_vector_array_pair2-&lt;lambda&gt;10]" time="0.006964683532714844"></testcase><testcase classname="src.pymortests.vectorarray" file="src/pymortests/vectorarray.py" line="829" name="test_isub[compatible_vector_array_pair2-&lt;lambda&gt;11]" time="0.0014202594757080078"></testcase><testcase classname="src.pymortests.vectorarray" file="src/pymortests/vectorarray.py" line="829" name="test_isub[compatible_vector_array_pair2-&lt;lambda&gt;12]" time="0.0015990734100341797"></testcase><testcase classname="src.pymortests.vectorarray" file="src/pymortests/vectorarray.py" line="829" name="test_isub[compatible_vector_array_pair2-&lt;lambda&gt;13]" time="0.0017397403717041016"></testcase><testcase classname="src.pymortests.vectorarray" file="src/pymortests/vectorarray.py" line="829" name="test_isub[compatible_vector_array_pair2-&lt;lambda&gt;14]" time="0.0016145706176757812"></testcase><testcase classname="src.pymortests.vectorarray" file="src/pymortests/vectorarray.py" line="829" name="test_isub[compatible_vector_array_pair2-&lt;lambda&gt;15]" time="0.0019032955169677734"></testcase><testcase classname="src.pymortests.vectorarray" file="src/pymortests/vectorarray.py" line="829" name="test_isub[compatible_vector_array_pair2-&lt;lambda&gt;16]" time="0.0021376609802246094"></testcase><testcase classname="src.pymortests.vectorarray" file="src/pymortests/vectorarray.py" line="829" name="test_isub[compatible_vector_array_pair2-&lt;lambda&gt;17]" time="0.002430438995361328"></testcase><testcase classname="src.pymortests.vectorarray" file="src/pymortests/vectorarray.py" line="829" name="test_isub[compatible_vector_array_pair2-&lt;lambda&gt;18]" time="0.0019555091857910156"></testcase><testcase classname="src.pymortests.vectorarray" file="src/pymortests/vectorarray.py" line="829" name="test_isub[compatible_vector_array_pair2-&lt;lambda&gt;19]" time="0.0019927024841308594"></testcase><testcase classname="src.pymortests.vectorarray" file="src/pymortests/vectorarray.py" line="829" name="test_isub[compatible_vector_array_pair2-&lt;lambda&gt;20]" time="0.024968624114990234"></testcase><testcase classname="src.pymortests.vectorarray" file="src/pymortests/vectorarray.py" line="829" name="test_isub[compatible_vector_array_pair2-&lt;lambda&gt;21]" time="0.015522956848144531"></testcase><testcase classname="src.pymortests.vectorarray" file="src/pymortests/vectorarray.py" line="829" name="test_isub[compatible_vector_array_pair2-&lt;lambda&gt;22]" time="0.04511451721191406"></testcase><testcase classname="src.pymortests.vectorarray" file="src/pymortests/vectorarray.py" line="829" name="test_isub[compatible_vector_array_pair2-&lt;lambda&gt;23]" time="0.003738880157470703"></testcase><testcase classname="src.pymortests.vectorarray" file="src/pymortests/vectorarray.py" line="829" name="test_isub[compatible_vector_array_pair2-&lt;lambda&gt;24]" time="0.0012760162353515625"></testcase><testcase classname="src.pymortests.vectorarray" file="src/pymortests/vectorarray.py" line="829" name="test_isub[compatible_vector_array_pair2-&lt;lambda&gt;25]" time="0.0021054744720458984"></testcase><testcase classname="src.pymortests.vectorarray" file="src/pymortests/vectorarray.py" line="829" name="test_isub[compatible_vector_array_pair2-&lt;lambda&gt;26]" time="0.021928787231445312"></testcase><testcase classname="src.pymortests.vectorarray" file="src/pymortests/vectorarray.py" line="829" name="test_isub[compatible_vector_array_pair2-&lt;lambda&gt;27]" time="0.07565617561340332"></testcase><testcase classname="src.pymortests.vectorarray" file="src/pymortests/vectorarray.py" line="829" name="test_isub[compatible_vector_array_pair2-&lt;lambda&gt;28]" time="0.21480131149291992"></testcase><testcase classname="src.pymortests.vectorarray" file="src/pymortests/vectorarray.py" line="829" name="test_isub[compatible_vector_array_pair2-&lt;lambda&gt;29]" time="0.0071141719818115234"></testcase><testcase classname="src.pymortests.vectorarray" file="src/pymortests/vectorarray.py" line="829" name="test_isub[compatible_vector_array_pair3-&lt;lambda&gt;0]" time="0.0013957023620605469"></testcase><testcase classname="src.pymortests.vectorarray" file="src/pymortests/vectorarray.py" line="829" name="test_isub[compatible_vector_array_pair3-&lt;lambda&gt;1]" time="0.0013761520385742188"></testcase><testcase classname="src.pymortests.vectorarray" file="src/pymortests/vectorarray.py" line="829" name="test_isub[compatible_vector_array_pair3-&lt;lambda&gt;2]" time="0.0013496875762939453"></testcase><testcase classname="src.pymortests.vectorarray" file="src/pymortests/vectorarray.py" line="829" name="test_isub[compatible_vector_array_pair3-&lt;lambda&gt;3]" time="0.0014574527740478516"></testcase><testcase classname="src.pymortests.vectorarray" file="src/pymortests/vectorarray.py" line="829" name="test_isub[compatible_vector_array_pair3-&lt;lambda&gt;4]" time="0.0013208389282226562"></testcase><testcase classname="src.pymortests.vectorarray" file="src/pymortests/vectorarray.py" line="829" name="test_isub[compatible_vector_array_pair3-&lt;lambda&gt;5]" time="0.0012586116790771484"></testcase><testcase classname="src.pymortests.vectorarray" file="src/pymortests/vectorarray.py" line="829" name="test_isub[compatible_vector_array_pair3-&lt;lambda&gt;6]" time="0.0012564659118652344"></testcase><testcase classname="src.pymortests.vectorarray" file="src/pymortests/vectorarray.py" line="829" name="test_isub[compatible_vector_array_pair3-&lt;lambda&gt;7]" time="0.0012736320495605469"></testcase><testcase classname="src.pymortests.vectorarray" file="src/pymortests/vectorarray.py" line="829" name="test_isub[compatible_vector_array_pair3-&lt;lambda&gt;8]" time="0.001575469970703125"></testcase><testcase classname="src.pymortests.vectorarray" file="src/pymortests/vectorarray.py" line="829" name="test_isub[compatible_vector_array_pair3-&lt;lambda&gt;9]" time="0.0036029815673828125"></testcase><testcase classname="src.pymortests.vectorarray" file="src/pymortests/vectorarray.py" line="829" name="test_isub[compatible_vector_array_pair3-&lt;lambda&gt;10]" time="0.006048679351806641"></testcase><testcase classname="src.pymortests.vectorarray" file="src/pymortests/vectorarray.py" line="829" name="test_isub[compatible_vector_array_pair3-&lt;lambda&gt;11]" time="0.0014350414276123047"></testcase><testcase classname="src.pymortests.vectorarray" file="src/pymortests/vectorarray.py" line="829" name="test_isub[compatible_vector_array_pair3-&lt;lambda&gt;12]" time="0.0016105175018310547"></testcase><testcase classname="src.pymortests.vectorarray" file="src/pymortests/vectorarray.py" line="829" name="test_isub[compatible_vector_array_pair3-&lt;lambda&gt;13]" time="0.0016925334930419922"></testcase><testcase classname="src.pymortests.vectorarray" file="src/pymortests/vectorarray.py" line="829" name="test_isub[compatible_vector_array_pair3-&lt;lambda&gt;14]" time="0.0016520023345947266"></testcase><testcase classname="src.pymortests.vectorarray" file="src/pymortests/vectorarray.py" line="829" name="test_isub[compatible_vector_array_pair3-&lt;lambda&gt;15]" time="0.0019538402557373047"></testcase><testcase classname="src.pymortests.vectorarray" file="src/pymortests/vectorarray.py" line="829" name="test_isub[compatible_vector_array_pair3-&lt;lambda&gt;16]" time="0.0022881031036376953"></testcase><testcase classname="src.pymortests.vectorarray" file="src/pymortests/vectorarray.py" line="829" name="test_isub[compatible_vector_array_pair3-&lt;lambda&gt;17]" time="0.0020711421966552734"></testcase><testcase classname="src.pymortests.vectorarray" file="src/pymortests/vectorarray.py" line="829" name="test_isub[compatible_vector_array_pair3-&lt;lambda&gt;18]" time="0.0020055770874023438"></testcase><testcase classname="src.pymortests.vectorarray" file="src/pymortests/vectorarray.py" line="829" name="test_isub[compatible_vector_array_pair3-&lt;lambda&gt;19]" time="0.0020160675048828125"></testcase><testcase classname="src.pymortests.vectorarray" file="src/pymortests/vectorarray.py" line="829" name="test_isub[compatible_vector_array_pair3-&lt;lambda&gt;20]" time="0.025516271591186523"></testcase><testcase classname="src.pymortests.vectorarray" file="src/pymortests/vectorarray.py" line="829" name="test_isub[compatible_vector_array_pair3-&lt;lambda&gt;21]" time="0.01647210121154785"></testcase><testcase classname="src.pymortests.vectorarray" file="src/pymortests/vectorarray.py" line="829" name="test_isub[compatible_vector_array_pair3-&lt;lambda&gt;22]" time="0.049111127853393555"></testcase><testcase classname="src.pymortests.vectorarray" file="src/pymortests/vectorarray.py" line="829" name="test_isub[compatible_vector_array_pair3-&lt;lambda&gt;23]" time="0.003527402877807617"></testcase><testcase classname="src.pymortests.vectorarray" file="src/pymortests/vectorarray.py" line="829" name="test_isub[compatible_vector_array_pair3-&lt;lambda&gt;24]" time="0.001268148422241211"></testcase><testcase classname="src.pymortests.vectorarray" file="src/pymortests/vectorarray.py" line="829" name="test_isub[compatible_vector_array_pair3-&lt;lambda&gt;25]" time="0.0021212100982666016"></testcase><testcase classname="src.pymortests.vectorarray" file="src/pymortests/vectorarray.py" line="829" name="test_isub[compatible_vector_array_pair3-&lt;lambda&gt;26]" time="0.022823572158813477"></testcase><testcase classname="src.pymortests.vectorarray" file="src/pymortests/vectorarray.py" line="829" name="test_isub[compatible_vector_array_pair3-&lt;lambda&gt;27]" time="0.0977637767791748"></testcase><testcase classname="src.pymortests.vectorarray" file="src/pymortests/vectorarray.py" line="829" name="test_isub[compatible_vector_array_pair3-&lt;lambda&gt;28]" time="0.2657284736633301"></testcase><testcase classname="src.pymortests.vectorarray" file="src/pymortests/vectorarray.py" line="829" name="test_isub[compatible_vector_array_pair3-&lt;lambda&gt;29]" time="0.007949113845825195"></testcase><testcase classname="src.pymortests.vectorarray" file="src/pymortests/vectorarray.py" line="829" name="test_isub[compatible_vector_array_pair4-&lt;lambda&gt;0]" time="0.001943826675415039"></testcase><testcase classname="src.pymortests.vectorarray" file="src/pymortests/vectorarray.py" line="829" name="test_isub[compatible_vector_array_pair4-&lt;lambda&gt;1]" time="0.0015103816986083984"></testcase><testcase classname="src.pymortests.vectorarray" file="src/pymortests/vectorarray.py" line="829" name="test_isub[compatible_vector_array_pair4-&lt;lambda&gt;2]" time="0.0013976097106933594"></testcase><testcase classname="src.pymortests.vectorarray" file="src/pymortests/vectorarray.py" line="829" name="test_isub[compatible_vector_array_pair4-&lt;lambda&gt;3]" time="0.0015163421630859375"></testcase><testcase classname="src.pymortests.vectorarray" file="src/pymortests/vectorarray.py" line="829" name="test_isub[compatible_vector_array_pair4-&lt;lambda&gt;4]" time="0.0013456344604492188"></testcase><testcase classname="src.pymortests.vectorarray" file="src/pymortests/vectorarray.py" line="829" name="test_isub[compatible_vector_array_pair4-&lt;lambda&gt;5]" time="0.0013353824615478516"></testcase><testcase classname="src.pymortests.vectorarray" file="src/pymortests/vectorarray.py" line="829" name="test_isub[compatible_vector_array_pair4-&lt;lambda&gt;6]" time="0.0012564659118652344"></testcase><testcase classname="src.pymortests.vectorarray" file="src/pymortests/vectorarray.py" line="829" name="test_isub[compatible_vector_array_pair4-&lt;lambda&gt;7]" time="0.0012924671173095703"></testcase><testcase classname="src.pymortests.vectorarray" file="src/pymortests/vectorarray.py" line="829" name="test_isub[compatible_vector_array_pair4-&lt;lambda&gt;8]" time="0.0016207695007324219"></testcase><testcase classname="src.pymortests.vectorarray" file="src/pymortests/vectorarray.py" line="829" name="test_isub[compatible_vector_array_pair4-&lt;lambda&gt;9]" time="0.0035920143127441406"></testcase><testcase classname="src.pymortests.vectorarray" file="src/pymortests/vectorarray.py" line="829" name="test_isub[compatible_vector_array_pair4-&lt;lambda&gt;10]" time="0.006541252136230469"></testcase><testcase classname="src.pymortests.vectorarray" file="src/pymortests/vectorarray.py" line="829" name="test_isub[compatible_vector_array_pair4-&lt;lambda&gt;11]" time="0.0013959407806396484"></testcase><testcase classname="src.pymortests.vectorarray" file="src/pymortests/vectorarray.py" line="829" name="test_isub[compatible_vector_array_pair4-&lt;lambda&gt;12]" time="0.001585245132446289"></testcase><testcase classname="src.pymortests.vectorarray" file="src/pymortests/vectorarray.py" line="829" name="test_isub[compatible_vector_array_pair4-&lt;lambda&gt;13]" time="0.0017638206481933594"></testcase><testcase classname="src.pymortests.vectorarray" file="src/pymortests/vectorarray.py" line="829" name="test_isub[compatible_vector_array_pair4-&lt;lambda&gt;14]" time="0.0018186569213867188"></testcase><testcase classname="src.pymortests.vectorarray" file="src/pymortests/vectorarray.py" line="829" name="test_isub[compatible_vector_array_pair4-&lt;lambda&gt;15]" time="0.0019762516021728516"></testcase><testcase classname="src.pymortests.vectorarray" file="src/pymortests/vectorarray.py" line="829" name="test_isub[compatible_vector_array_pair4-&lt;lambda&gt;16]" time="0.002376556396484375"></testcase><testcase classname="src.pymortests.vectorarray" file="src/pymortests/vectorarray.py" line="829" name="test_isub[compatible_vector_array_pair4-&lt;lambda&gt;17]" time="0.0021371841430664062"></testcase><testcase classname="src.pymortests.vectorarray" file="src/pymortests/vectorarray.py" line="829" name="test_isub[compatible_vector_array_pair4-&lt;lambda&gt;18]" time="0.001956462860107422"></testcase><testcase classname="src.pymortests.vectorarray" file="src/pymortests/vectorarray.py" line="829" name="test_isub[compatible_vector_array_pair4-&lt;lambda&gt;19]" time="0.0019540786743164062"></testcase><testcase classname="src.pymortests.vectorarray" file="src/pymortests/vectorarray.py" line="829" name="test_isub[compatible_vector_array_pair4-&lt;lambda&gt;20]" time="0.024927854537963867"></testcase><testcase classname="src.pymortests.vectorarray" file="src/pymortests/vectorarray.py" line="829" name="test_isub[compatible_vector_array_pair4-&lt;lambda&gt;21]" time="0.016185760498046875"></testcase><testcase classname="src.pymortests.vectorarray" file="src/pymortests/vectorarray.py" line="829" name="test_isub[compatible_vector_array_pair4-&lt;lambda&gt;22]" time="0.04655766487121582"></testcase><testcase classname="src.pymortests.vectorarray" file="src/pymortests/vectorarray.py" line="829" name="test_isub[compatible_vector_array_pair4-&lt;lambda&gt;23]" time="0.0035250186920166016"></testcase><testcase classname="src.pymortests.vectorarray" file="src/pymortests/vectorarray.py" line="829" name="test_isub[compatible_vector_array_pair4-&lt;lambda&gt;24]" time="0.0012683868408203125"></testcase><testcase classname="src.pymortests.vectorarray" file="src/pymortests/vectorarray.py" line="829" name="test_isub[compatible_vector_array_pair4-&lt;lambda&gt;25]" time="0.002113819122314453"></testcase><testcase classname="src.pymortests.vectorarray" file="src/pymortests/vectorarray.py" line="829" name="test_isub[compatible_vector_array_pair4-&lt;lambda&gt;26]" time="0.02256011962890625"></testcase><testcase classname="src.pymortests.vectorarray" file="src/pymortests/vectorarray.py" line="829" name="test_isub[compatible_vector_array_pair4-&lt;lambda&gt;27]" time="0.09850025177001953"></testcase><testcase classname="src.pymortests.vectorarray" file="src/pymortests/vectorarray.py" line="829" name="test_isub[compatible_vector_array_pair4-&lt;lambda&gt;28]" time="0.26854777336120605"></testcase><testcase classname="src.pymortests.vectorarray" file="src/pymortests/vectorarray.py" line="829" name="test_isub[compatible_vector_array_pair4-&lt;lambda&gt;29]" time="0.007936239242553711"></testcase><testcase classname="src.pymortests.vectorarray" file="src/pymortests/vectorarray.py" line="829" name="test_isub[compatible_vector_array_pair5-&lt;lambda&gt;0]" time="0.00180816650390625"></testcase><testcase classname="src.pymortests.vectorarray" file="src/pymortests/vectorarray.py" line="829" name="test_isub[compatible_vector_array_pair5-&lt;lambda&gt;1]" time="0.0015070438385009766"></testcase><testcase classname="src.pymortests.vectorarray" file="src/pymortests/vectorarray.py" line="829" name="test_isub[compatible_vector_array_pair5-&lt;lambda&gt;2]" time="0.0014319419860839844"></testcase><testcase classname="src.pymortests.vectorarray" file="src/pymortests/vectorarray.py" line="829" name="test_isub[compatible_vector_array_pair5-&lt;lambda&gt;3]" time="0.0014946460723876953"></testcase><testcase classname="src.pymortests.vectorarray" file="src/pymortests/vectorarray.py" line="829" name="test_isub[compatible_vector_array_pair5-&lt;lambda&gt;4]" time="0.0013709068298339844"></testcase><testcase classname="src.pymortests.vectorarray" file="src/pymortests/vectorarray.py" line="829" name="test_isub[compatible_vector_array_pair5-&lt;lambda&gt;5]" time="0.0013120174407958984"></testcase><testcase classname="src.pymortests.vectorarray" file="src/pymortests/vectorarray.py" line="829" name="test_isub[compatible_vector_array_pair5-&lt;lambda&gt;6]" time="0.0012812614440917969"></testcase><testcase classname="src.pymortests.vectorarray" file="src/pymortests/vectorarray.py" line="829" name="test_isub[compatible_vector_array_pair5-&lt;lambda&gt;7]" time="0.0013053417205810547"></testcase><testcase classname="src.pymortests.vectorarray" file="src/pymortests/vectorarray.py" line="829" name="test_isub[compatible_vector_array_pair5-&lt;lambda&gt;8]" time="0.0016438961029052734"></testcase><testcase classname="src.pymortests.vectorarray" file="src/pymortests/vectorarray.py" line="829" name="test_isub[compatible_vector_array_pair5-&lt;lambda&gt;9]" time="0.0036880970001220703"></testcase><testcase classname="src.pymortests.vectorarray" file="src/pymortests/vectorarray.py" line="829" name="test_isub[compatible_vector_array_pair5-&lt;lambda&gt;10]" time="0.006748676300048828"></testcase><testcase classname="src.pymortests.vectorarray" file="src/pymortests/vectorarray.py" line="829" name="test_isub[compatible_vector_array_pair5-&lt;lambda&gt;11]" time="0.0014448165893554688"></testcase><testcase classname="src.pymortests.vectorarray" file="src/pymortests/vectorarray.py" line="829" name="test_isub[compatible_vector_array_pair5-&lt;lambda&gt;12]" time="0.0016696453094482422"></testcase><testcase classname="src.pymortests.vectorarray" file="src/pymortests/vectorarray.py" line="829" name="test_isub[compatible_vector_array_pair5-&lt;lambda&gt;13]" time="0.0018160343170166016"></testcase><testcase classname="src.pymortests.vectorarray" file="src/pymortests/vectorarray.py" line="829" name="test_isub[compatible_vector_array_pair5-&lt;lambda&gt;14]" time="0.0017001628875732422"></testcase><testcase classname="src.pymortests.vectorarray" file="src/pymortests/vectorarray.py" line="829" name="test_isub[compatible_vector_array_pair5-&lt;lambda&gt;15]" time="0.0019829273223876953"></testcase><testcase classname="src.pymortests.vectorarray" file="src/pymortests/vectorarray.py" line="829" name="test_isub[compatible_vector_array_pair5-&lt;lambda&gt;16]" time="0.0022797584533691406"></testcase><testcase classname="src.pymortests.vectorarray" file="src/pymortests/vectorarray.py" line="829" name="test_isub[compatible_vector_array_pair5-&lt;lambda&gt;17]" time="0.002105712890625"></testcase><testcase classname="src.pymortests.vectorarray" file="src/pymortests/vectorarray.py" line="829" name="test_isub[compatible_vector_array_pair5-&lt;lambda&gt;18]" time="0.0019598007202148438"></testcase><testcase classname="src.pymortests.vectorarray" file="src/pymortests/vectorarray.py" line="829" name="test_isub[compatible_vector_array_pair5-&lt;lambda&gt;19]" time="0.0020062923431396484"></testcase><testcase classname="src.pymortests.vectorarray" file="src/pymortests/vectorarray.py" line="829" name="test_isub[compatible_vector_array_pair5-&lt;lambda&gt;20]" time="0.024874210357666016"></testcase><testcase classname="src.pymortests.vectorarray" file="src/pymortests/vectorarray.py" line="829" name="test_isub[compatible_vector_array_pair5-&lt;lambda&gt;21]" time="0.016217470169067383"></testcase><testcase classname="src.pymortests.vectorarray" file="src/pymortests/vectorarray.py" line="829" name="test_isub[compatible_vector_array_pair5-&lt;lambda&gt;22]" time="0.046424150466918945"></testcase><testcase classname="src.pymortests.vectorarray" file="src/pymortests/vectorarray.py" line="829" name="test_isub[compatible_vector_array_pair5-&lt;lambda&gt;23]" time="0.003641843795776367"></testcase><testcase classname="src.pymortests.vectorarray" file="src/pymortests/vectorarray.py" line="829" name="test_isub[compatible_vector_array_pair5-&lt;lambda&gt;24]" time="0.0013918876647949219"></testcase><testcase classname="src.pymortests.vectorarray" file="src/pymortests/vectorarray.py" line="829" name="test_isub[compatible_vector_array_pair5-&lt;lambda&gt;25]" time="0.0021131038665771484"></testcase><testcase classname="src.pymortests.vectorarray" file="src/pymortests/vectorarray.py" line="829" name="test_isub[compatible_vector_array_pair5-&lt;lambda&gt;26]" time="0.022695302963256836"></testcase><testcase classname="src.pymortests.vectorarray" file="src/pymortests/vectorarray.py" line="829" name="test_isub[compatible_vector_array_pair5-&lt;lambda&gt;27]" time="0.0979762077331543"></testcase><testcase classname="src.pymortests.vectorarray" file="src/pymortests/vectorarray.py" line="829" name="test_isub[compatible_vector_array_pair5-&lt;lambda&gt;28]" time="0.2657148838043213"></testcase><testcase classname="src.pymortests.vectorarray" file="src/pymortests/vectorarray.py" line="829" name="test_isub[compatible_vector_array_pair5-&lt;lambda&gt;29]" time="0.007909297943115234"></testcase><testcase classname="src.pymortests.vectorarray" file="src/pymortests/vectorarray.py" line="829" name="test_isub[compatible_vector_array_pair6-&lt;lambda&gt;0]" time="0.0019443035125732422"></testcase><testcase classname="src.pymortests.vectorarray" file="src/pymortests/vectorarray.py" line="829" name="test_isub[compatible_vector_array_pair6-&lt;lambda&gt;1]" time="0.001538991928100586"></testcase><testcase classname="src.pymortests.vectorarray" file="src/pymortests/vectorarray.py" line="829" name="test_isub[compatible_vector_array_pair6-&lt;lambda&gt;2]" time="0.0014357566833496094"></testcase><testcase classname="src.pymortests.vectorarray" file="src/pymortests/vectorarray.py" line="829" name="test_isub[compatible_vector_array_pair6-&lt;lambda&gt;3]" time="0.0014889240264892578"></testcase><testcase classname="src.pymortests.vectorarray" file="src/pymortests/vectorarray.py" line="829" name="test_isub[compatible_vector_array_pair6-&lt;lambda&gt;4]" time="0.0013546943664550781"></testcase><testcase classname="src.pymortests.vectorarray" file="src/pymortests/vectorarray.py" line="829" name="test_isub[compatible_vector_array_pair6-&lt;lambda&gt;5]" time="0.0012826919555664062"></testcase><testcase classname="src.pymortests.vectorarray" file="src/pymortests/vectorarray.py" line="829" name="test_isub[compatible_vector_array_pair6-&lt;lambda&gt;6]" time="0.0012621879577636719"></testcase><testcase classname="src.pymortests.vectorarray" file="src/pymortests/vectorarray.py" line="829" name="test_isub[compatible_vector_array_pair6-&lt;lambda&gt;7]" time="0.0012488365173339844"></testcase><testcase classname="src.pymortests.vectorarray" file="src/pymortests/vectorarray.py" line="829" name="test_isub[compatible_vector_array_pair6-&lt;lambda&gt;8]" time="0.0015141963958740234"></testcase><testcase classname="src.pymortests.vectorarray" file="src/pymortests/vectorarray.py" line="829" name="test_isub[compatible_vector_array_pair6-&lt;lambda&gt;9]" time="0.003576993942260742"></testcase><testcase classname="src.pymortests.vectorarray" file="src/pymortests/vectorarray.py" line="829" name="test_isub[compatible_vector_array_pair6-&lt;lambda&gt;10]" time="0.006154060363769531"></testcase><testcase classname="src.pymortests.vectorarray" file="src/pymortests/vectorarray.py" line="829" name="test_isub[compatible_vector_array_pair6-&lt;lambda&gt;11]" time="0.0014069080352783203"></testcase><testcase classname="src.pymortests.vectorarray" file="src/pymortests/vectorarray.py" line="829" name="test_isub[compatible_vector_array_pair6-&lt;lambda&gt;12]" time="0.0015597343444824219"></testcase><testcase classname="src.pymortests.vectorarray" file="src/pymortests/vectorarray.py" line="829" name="test_isub[compatible_vector_array_pair6-&lt;lambda&gt;13]" time="0.0016741752624511719"></testcase><testcase classname="src.pymortests.vectorarray" file="src/pymortests/vectorarray.py" line="829" name="test_isub[compatible_vector_array_pair6-&lt;lambda&gt;14]" time="0.001764059066772461"></testcase><testcase classname="src.pymortests.vectorarray" file="src/pymortests/vectorarray.py" line="829" name="test_isub[compatible_vector_array_pair6-&lt;lambda&gt;15]" time="0.0019283294677734375"></testcase><testcase classname="src.pymortests.vectorarray" file="src/pymortests/vectorarray.py" line="829" name="test_isub[compatible_vector_array_pair6-&lt;lambda&gt;16]" time="0.002165079116821289"></testcase><testcase classname="src.pymortests.vectorarray" file="src/pymortests/vectorarray.py" line="829" name="test_isub[compatible_vector_array_pair6-&lt;lambda&gt;17]" time="0.0019888877868652344"></testcase><testcase classname="src.pymortests.vectorarray" file="src/pymortests/vectorarray.py" line="829" name="test_isub[compatible_vector_array_pair6-&lt;lambda&gt;18]" time="0.0021209716796875"></testcase><testcase classname="src.pymortests.vectorarray" file="src/pymortests/vectorarray.py" line="829" name="test_isub[compatible_vector_array_pair6-&lt;lambda&gt;19]" time="0.0020072460174560547"></testcase><testcase classname="src.pymortests.vectorarray" file="src/pymortests/vectorarray.py" line="829" name="test_isub[compatible_vector_array_pair6-&lt;lambda&gt;20]" time="0.025406360626220703"></testcase><testcase classname="src.pymortests.vectorarray" file="src/pymortests/vectorarray.py" line="829" name="test_isub[compatible_vector_array_pair6-&lt;lambda&gt;21]" time="0.01619863510131836"></testcase><testcase classname="src.pymortests.vectorarray" file="src/pymortests/vectorarray.py" line="829" name="test_isub[compatible_vector_array_pair6-&lt;lambda&gt;22]" time="0.04671645164489746"></testcase><testcase classname="src.pymortests.vectorarray" file="src/pymortests/vectorarray.py" line="829" name="test_isub[compatible_vector_array_pair6-&lt;lambda&gt;23]" time="0.0034148693084716797"></testcase><testcase classname="src.pymortests.vectorarray" file="src/pymortests/vectorarray.py" line="829" name="test_isub[compatible_vector_array_pair6-&lt;lambda&gt;24]" time="0.0012731552124023438"></testcase><testcase classname="src.pymortests.vectorarray" file="src/pymortests/vectorarray.py" line="829" name="test_isub[compatible_vector_array_pair6-&lt;lambda&gt;25]" time="0.0020792484283447266"></testcase><testcase classname="src.pymortests.vectorarray" file="src/pymortests/vectorarray.py" line="829" name="test_isub[compatible_vector_array_pair6-&lt;lambda&gt;26]" time="0.022839069366455078"></testcase><testcase classname="src.pymortests.vectorarray" file="src/pymortests/vectorarray.py" line="829" name="test_isub[compatible_vector_array_pair6-&lt;lambda&gt;27]" time="0.09788060188293457"></testcase><testcase classname="src.pymortests.vectorarray" file="src/pymortests/vectorarray.py" line="829" name="test_isub[compatible_vector_array_pair6-&lt;lambda&gt;28]" time="0.2687969207763672"></testcase><testcase classname="src.pymortests.vectorarray" file="src/pymortests/vectorarray.py" line="829" name="test_isub[compatible_vector_array_pair6-&lt;lambda&gt;29]" time="0.007936239242553711"></testcase><testcase classname="src.pymortests.vectorarray" file="src/pymortests/vectorarray.py" line="829" name="test_isub[compatible_vector_array_pair7-&lt;lambda&gt;0]" time="0.001943826675415039"></testcase><testcase classname="src.pymortests.vectorarray" file="src/pymortests/vectorarray.py" line="829" name="test_isub[compatible_vector_array_pair7-&lt;lambda&gt;1]" time="0.0015790462493896484"></testcase><testcase classname="src.pymortests.vectorarray" file="src/pymortests/vectorarray.py" line="829" name="test_isub[compatible_vector_array_pair7-&lt;lambda&gt;2]" time="0.0013856887817382812"></testcase><testcase classname="src.pymortests.vectorarray" file="src/pymortests/vectorarray.py" line="829" name="test_isub[compatible_vector_array_pair7-&lt;lambda&gt;3]" time="0.0015308856964111328"></testcase><testcase classname="src.pymortests.vectorarray" file="src/pymortests/vectorarray.py" line="829" name="test_isub[compatible_vector_array_pair7-&lt;lambda&gt;4]" time="0.0013456344604492188"></testcase><testcase classname="src.pymortests.vectorarray" file="src/pymortests/vectorarray.py" line="829" name="test_isub[compatible_vector_array_pair7-&lt;lambda&gt;5]" time="0.0013451576232910156"></testcase><testcase classname="src.pymortests.vectorarray" file="src/pymortests/vectorarray.py" line="829" name="test_isub[compatible_vector_array_pair7-&lt;lambda&gt;6]" time="0.0012698173522949219"></testcase><testcase classname="src.pymortests.vectorarray" file="src/pymortests/vectorarray.py" line="829" name="test_isub[compatible_vector_array_pair7-&lt;lambda&gt;7]" time="0.0013959407806396484"></testcase><testcase classname="src.pymortests.vectorarray" file="src/pymortests/vectorarray.py" line="829" name="test_isub[compatible_vector_array_pair7-&lt;lambda&gt;8]" time="0.0016481876373291016"></testcase><testcase classname="src.pymortests.vectorarray" file="src/pymortests/vectorarray.py" line="829" name="test_isub[compatible_vector_array_pair7-&lt;lambda&gt;9]" time="0.003611326217651367"></testcase><testcase classname="src.pymortests.vectorarray" file="src/pymortests/vectorarray.py" line="829" name="test_isub[compatible_vector_array_pair7-&lt;lambda&gt;10]" time="0.006476402282714844"></testcase><testcase classname="src.pymortests.vectorarray" file="src/pymortests/vectorarray.py" line="829" name="test_isub[compatible_vector_array_pair7-&lt;lambda&gt;11]" time="0.0014443397521972656"></testcase><testcase classname="src.pymortests.vectorarray" file="src/pymortests/vectorarray.py" line="829" name="test_isub[compatible_vector_array_pair7-&lt;lambda&gt;12]" time="0.001588582992553711"></testcase><testcase classname="src.pymortests.vectorarray" file="src/pymortests/vectorarray.py" line="829" name="test_isub[compatible_vector_array_pair7-&lt;lambda&gt;13]" time="0.0017538070678710938"></testcase><testcase classname="src.pymortests.vectorarray" file="src/pymortests/vectorarray.py" line="829" name="test_isub[compatible_vector_array_pair7-&lt;lambda&gt;14]" time="0.001758575439453125"></testcase><testcase classname="src.pymortests.vectorarray" file="src/pymortests/vectorarray.py" line="829" name="test_isub[compatible_vector_array_pair7-&lt;lambda&gt;15]" time="0.0019974708557128906"></testcase><testcase classname="src.pymortests.vectorarray" file="src/pymortests/vectorarray.py" line="829" name="test_isub[compatible_vector_array_pair7-&lt;lambda&gt;16]" time="0.0022420883178710938"></testcase><testcase classname="src.pymortests.vectorarray" file="src/pymortests/vectorarray.py" line="829" name="test_isub[compatible_vector_array_pair7-&lt;lambda&gt;17]" time="0.002126455307006836"></testcase><testcase classname="src.pymortests.vectorarray" file="src/pymortests/vectorarray.py" line="829" name="test_isub[compatible_vector_array_pair7-&lt;lambda&gt;18]" time="0.002084970474243164"></testcase><testcase classname="src.pymortests.vectorarray" file="src/pymortests/vectorarray.py" line="829" name="test_isub[compatible_vector_array_pair7-&lt;lambda&gt;19]" time="0.0019805431365966797"></testcase><testcase classname="src.pymortests.vectorarray" file="src/pymortests/vectorarray.py" line="829" name="test_isub[compatible_vector_array_pair7-&lt;lambda&gt;20]" time="0.024977922439575195"></testcase><testcase classname="src.pymortests.vectorarray" file="src/pymortests/vectorarray.py" line="829" name="test_isub[compatible_vector_array_pair7-&lt;lambda&gt;21]" time="0.016200542449951172"></testcase><testcase classname="src.pymortests.vectorarray" file="src/pymortests/vectorarray.py" line="829" name="test_isub[compatible_vector_array_pair7-&lt;lambda&gt;22]" time="0.046411752700805664"></testcase><testcase classname="src.pymortests.vectorarray" file="src/pymortests/vectorarray.py" line="829" name="test_isub[compatible_vector_array_pair7-&lt;lambda&gt;23]" time="0.0034584999084472656"></testcase><testcase classname="src.pymortests.vectorarray" file="src/pymortests/vectorarray.py" line="829" name="test_isub[compatible_vector_array_pair7-&lt;lambda&gt;24]" time="0.0013213157653808594"></testcase><testcase classname="src.pymortests.vectorarray" file="src/pymortests/vectorarray.py" line="829" name="test_isub[compatible_vector_array_pair7-&lt;lambda&gt;25]" time="0.0021533966064453125"></testcase><testcase classname="src.pymortests.vectorarray" file="src/pymortests/vectorarray.py" line="829" name="test_isub[compatible_vector_array_pair7-&lt;lambda&gt;26]" time="0.022875308990478516"></testcase><testcase classname="src.pymortests.vectorarray" file="src/pymortests/vectorarray.py" line="829" name="test_isub[compatible_vector_array_pair7-&lt;lambda&gt;27]" time="0.0978696346282959"></testcase><testcase classname="src.pymortests.vectorarray" file="src/pymortests/vectorarray.py" line="829" name="test_isub[compatible_vector_array_pair7-&lt;lambda&gt;28]" time="0.26534008979797363"></testcase><testcase classname="src.pymortests.vectorarray" file="src/pymortests/vectorarray.py" line="829" name="test_isub[compatible_vector_array_pair7-&lt;lambda&gt;29]" time="0.007979154586791992"></testcase><testcase classname="src.pymortests.vectorarray" file="src/pymortests/vectorarray.py" line="829" name="test_isub[compatible_vector_array_pair8-&lt;lambda&gt;0]" time="0.001905202865600586"></testcase><testcase classname="src.pymortests.vectorarray" file="src/pymortests/vectorarray.py" line="829" name="test_isub[compatible_vector_array_pair8-&lt;lambda&gt;1]" time="0.0014414787292480469"></testcase><testcase classname="src.pymortests.vectorarray" file="src/pymortests/vectorarray.py" line="829" name="test_isub[compatible_vector_array_pair8-&lt;lambda&gt;2]" time="0.0013918876647949219"></testcase><testcase classname="src.pymortests.vectorarray" file="src/pymortests/vectorarray.py" line="829" name="test_isub[compatible_vector_array_pair8-&lt;lambda&gt;3]" time="0.0015485286712646484"></testcase><testcase classname="src.pymortests.vectorarray" file="src/pymortests/vectorarray.py" line="829" name="test_isub[compatible_vector_array_pair8-&lt;lambda&gt;4]" time="0.0013446807861328125"></testcase><testcase classname="src.pymortests.vectorarray" file="src/pymortests/vectorarray.py" line="829" name="test_isub[compatible_vector_array_pair8-&lt;lambda&gt;5]" time="0.0013239383697509766"></testcase><testcase classname="src.pymortests.vectorarray" file="src/pymortests/vectorarray.py" line="829" name="test_isub[compatible_vector_array_pair8-&lt;lambda&gt;6]" time="0.0012583732604980469"></testcase><testcase classname="src.pymortests.vectorarray" file="src/pymortests/vectorarray.py" line="829" name="test_isub[compatible_vector_array_pair8-&lt;lambda&gt;7]" time="0.0012774467468261719"></testcase><testcase classname="src.pymortests.vectorarray" file="src/pymortests/vectorarray.py" line="829" name="test_isub[compatible_vector_array_pair8-&lt;lambda&gt;8]" time="0.0016665458679199219"></testcase><testcase classname="src.pymortests.vectorarray" file="src/pymortests/vectorarray.py" line="829" name="test_isub[compatible_vector_array_pair8-&lt;lambda&gt;9]" time="0.003609895706176758"></testcase><testcase classname="src.pymortests.vectorarray" file="src/pymortests/vectorarray.py" line="829" name="test_isub[compatible_vector_array_pair8-&lt;lambda&gt;10]" time="0.006514310836791992"></testcase><testcase classname="src.pymortests.vectorarray" file="src/pymortests/vectorarray.py" line="829" name="test_isub[compatible_vector_array_pair8-&lt;lambda&gt;11]" time="0.0013971328735351562"></testcase><testcase classname="src.pymortests.vectorarray" file="src/pymortests/vectorarray.py" line="829" name="test_isub[compatible_vector_array_pair8-&lt;lambda&gt;12]" time="0.0016164779663085938"></testcase><testcase classname="src.pymortests.vectorarray" file="src/pymortests/vectorarray.py" line="829" name="test_isub[compatible_vector_array_pair8-&lt;lambda&gt;13]" time="0.001829385757446289"></testcase><testcase classname="src.pymortests.vectorarray" file="src/pymortests/vectorarray.py" line="829" name="test_isub[compatible_vector_array_pair8-&lt;lambda&gt;14]" time="0.0016911029815673828"></testcase><testcase classname="src.pymortests.vectorarray" file="src/pymortests/vectorarray.py" line="829" name="test_isub[compatible_vector_array_pair8-&lt;lambda&gt;15]" time="0.0019750595092773438"></testcase><testcase classname="src.pymortests.vectorarray" file="src/pymortests/vectorarray.py" line="829" name="test_isub[compatible_vector_array_pair8-&lt;lambda&gt;16]" time="0.002203702926635742"></testcase><testcase classname="src.pymortests.vectorarray" file="src/pymortests/vectorarray.py" line="829" name="test_isub[compatible_vector_array_pair8-&lt;lambda&gt;17]" time="0.0020673274993896484"></testcase><testcase classname="src.pymortests.vectorarray" file="src/pymortests/vectorarray.py" line="829" name="test_isub[compatible_vector_array_pair8-&lt;lambda&gt;18]" time="0.001956462860107422"></testcase><testcase classname="src.pymortests.vectorarray" file="src/pymortests/vectorarray.py" line="829" name="test_isub[compatible_vector_array_pair8-&lt;lambda&gt;19]" time="0.001988649368286133"></testcase><testcase classname="src.pymortests.vectorarray" file="src/pymortests/vectorarray.py" line="829" name="test_isub[compatible_vector_array_pair8-&lt;lambda&gt;20]" time="0.02543807029724121"></testcase><testcase classname="src.pymortests.vectorarray" file="src/pymortests/vectorarray.py" line="829" name="test_isub[compatible_vector_array_pair8-&lt;lambda&gt;21]" time="0.016162633895874023"></testcase><testcase classname="src.pymortests.vectorarray" file="src/pymortests/vectorarray.py" line="829" name="test_isub[compatible_vector_array_pair8-&lt;lambda&gt;22]" time="0.04641580581665039"></testcase><testcase classname="src.pymortests.vectorarray" file="src/pymortests/vectorarray.py" line="829" name="test_isub[compatible_vector_array_pair8-&lt;lambda&gt;23]" time="0.0033698081970214844"></testcase><testcase classname="src.pymortests.vectorarray" file="src/pymortests/vectorarray.py" line="829" name="test_isub[compatible_vector_array_pair8-&lt;lambda&gt;24]" time="0.0012509822845458984"></testcase><testcase classname="src.pymortests.vectorarray" file="src/pymortests/vectorarray.py" line="829" name="test_isub[compatible_vector_array_pair8-&lt;lambda&gt;25]" time="0.0021448135375976562"></testcase><testcase classname="src.pymortests.vectorarray" file="src/pymortests/vectorarray.py" line="829" name="test_isub[compatible_vector_array_pair8-&lt;lambda&gt;26]" time="0.022852659225463867"></testcase><testcase classname="src.pymortests.vectorarray" file="src/pymortests/vectorarray.py" line="829" name="test_isub[compatible_vector_array_pair8-&lt;lambda&gt;27]" time="0.09775590896606445"></testcase><testcase classname="src.pymortests.vectorarray" file="src/pymortests/vectorarray.py" line="829" name="test_isub[compatible_vector_array_pair8-&lt;lambda&gt;28]" time="0.265883207321167"></testcase><testcase classname="src.pymortests.vectorarray" file="src/pymortests/vectorarray.py" line="829" name="test_isub[compatible_vector_array_pair8-&lt;lambda&gt;29]" time="0.008204460144042969"></testcase><testcase classname="src.pymortests.vectorarray" file="src/pymortests/vectorarray.py" line="841" name="test_neg[0-&lt;lambda&gt;0]" time="0.0020110607147216797"></testcase><testcase classname="src.pymortests.vectorarray" file="src/pymortests/vectorarray.py" line="841" name="test_neg[0-&lt;lambda&gt;1]" time="0.0014221668243408203"></testcase><testcase classname="src.pymortests.vectorarray" file="src/pymortests/vectorarray.py" line="841" name="test_neg[0-&lt;lambda&gt;2]" time="0.0012919902801513672"></testcase><testcase classname="src.pymortests.vectorarray" file="src/pymortests/vectorarray.py" line="841" name="test_neg[0-&lt;lambda&gt;3]" time="0.0013761520385742188"></testcase><testcase classname="src.pymortests.vectorarray" file="src/pymortests/vectorarray.py" line="841" name="test_neg[0-&lt;lambda&gt;4]" time="0.001241445541381836"></testcase><testcase classname="src.pymortests.vectorarray" file="src/pymortests/vectorarray.py" line="841" name="test_neg[0-&lt;lambda&gt;5]" time="0.0013267993927001953"></testcase><testcase classname="src.pymortests.vectorarray" file="src/pymortests/vectorarray.py" line="841" name="test_neg[0-&lt;lambda&gt;6]" time="0.001272439956665039"></testcase><testcase classname="src.pymortests.vectorarray" file="src/pymortests/vectorarray.py" line="841" name="test_neg[0-&lt;lambda&gt;7]" time="0.00136566162109375"></testcase><testcase classname="src.pymortests.vectorarray" file="src/pymortests/vectorarray.py" line="841" name="test_neg[0-&lt;lambda&gt;8]" time="0.004405021667480469"></testcase><testcase classname="src.pymortests.vectorarray" file="src/pymortests/vectorarray.py" line="841" name="test_neg[0-&lt;lambda&gt;9]" time="0.00786900520324707"></testcase><testcase classname="src.pymortests.vectorarray" file="src/pymortests/vectorarray.py" line="841" name="test_neg[0-&lt;lambda&gt;10]" time="0.0016133785247802734"></testcase><testcase classname="src.pymortests.vectorarray" file="src/pymortests/vectorarray.py" line="841" name="test_neg[0-&lt;lambda&gt;11]" time="0.001699686050415039"></testcase><testcase classname="src.pymortests.vectorarray" file="src/pymortests/vectorarray.py" line="841" name="test_neg[0-&lt;lambda&gt;12]" time="0.001707315444946289"></testcase><testcase classname="src.pymortests.vectorarray" file="src/pymortests/vectorarray.py" line="841" name="test_neg[0-&lt;lambda&gt;13]" time="0.0015778541564941406"></testcase><testcase classname="src.pymortests.vectorarray" file="src/pymortests/vectorarray.py" line="841" name="test_neg[0-&lt;lambda&gt;14]" time="0.0016765594482421875"></testcase><testcase classname="src.pymortests.vectorarray" file="src/pymortests/vectorarray.py" line="841" name="test_neg[0-&lt;lambda&gt;15]" time="0.001926422119140625"></testcase><testcase classname="src.pymortests.vectorarray" file="src/pymortests/vectorarray.py" line="841" name="test_neg[0-&lt;lambda&gt;16]" time="0.0018444061279296875"></testcase><testcase classname="src.pymortests.vectorarray" file="src/pymortests/vectorarray.py" line="841" name="test_neg[0-&lt;lambda&gt;17]" time="0.0017821788787841797"></testcase><testcase classname="src.pymortests.vectorarray" file="src/pymortests/vectorarray.py" line="841" name="test_neg[0-&lt;lambda&gt;18]" time="0.001615762710571289"></testcase><testcase classname="src.pymortests.vectorarray" file="src/pymortests/vectorarray.py" line="841" name="test_neg[0-&lt;lambda&gt;19]" time="0.0028078556060791016"></testcase><testcase classname="src.pymortests.vectorarray" file="src/pymortests/vectorarray.py" line="841" name="test_neg[0-&lt;lambda&gt;20]" time="0.015058755874633789"></testcase><testcase classname="src.pymortests.vectorarray" file="src/pymortests/vectorarray.py" line="841" name="test_neg[0-&lt;lambda&gt;21]" time="0.03325152397155762"></testcase><testcase classname="src.pymortests.vectorarray" file="src/pymortests/vectorarray.py" line="841" name="test_neg[0-&lt;lambda&gt;22]" time="0.0018742084503173828"></testcase><testcase classname="src.pymortests.vectorarray" file="src/pymortests/vectorarray.py" line="841" name="test_neg[0-&lt;lambda&gt;23]" time="0.001226663589477539"></testcase><testcase classname="src.pymortests.vectorarray" file="src/pymortests/vectorarray.py" line="841" name="test_neg[0-&lt;lambda&gt;24]" time="0.00459742546081543"></testcase><testcase classname="src.pymortests.vectorarray" file="src/pymortests/vectorarray.py" line="841" name="test_neg[0-&lt;lambda&gt;25]" time="0.11395621299743652"></testcase><testcase classname="src.pymortests.vectorarray" file="src/pymortests/vectorarray.py" line="841" name="test_neg[0-&lt;lambda&gt;26]" time="0.2672884464263916"></testcase><testcase classname="src.pymortests.vectorarray" file="src/pymortests/vectorarray.py" line="841" name="test_neg[1-&lt;lambda&gt;0]" time="0.002075672149658203"></testcase><testcase classname="src.pymortests.vectorarray" file="src/pymortests/vectorarray.py" line="841" name="test_neg[1-&lt;lambda&gt;1]" time="0.0014371871948242188"></testcase><testcase classname="src.pymortests.vectorarray" file="src/pymortests/vectorarray.py" line="841" name="test_neg[1-&lt;lambda&gt;2]" time="0.0012969970703125"></testcase><testcase classname="src.pymortests.vectorarray" file="src/pymortests/vectorarray.py" line="841" name="test_neg[1-&lt;lambda&gt;3]" time="0.0013425350189208984"></testcase><testcase classname="src.pymortests.vectorarray" file="src/pymortests/vectorarray.py" line="841" name="test_neg[1-&lt;lambda&gt;4]" time="0.0013358592987060547"></testcase><testcase classname="src.pymortests.vectorarray" file="src/pymortests/vectorarray.py" line="841" name="test_neg[1-&lt;lambda&gt;5]" time="0.0012810230255126953"></testcase><testcase classname="src.pymortests.vectorarray" file="src/pymortests/vectorarray.py" line="841" name="test_neg[1-&lt;lambda&gt;6]" time="0.0012471675872802734"></testcase><testcase classname="src.pymortests.vectorarray" file="src/pymortests/vectorarray.py" line="841" name="test_neg[1-&lt;lambda&gt;7]" time="0.0013887882232666016"></testcase><testcase classname="src.pymortests.vectorarray" file="src/pymortests/vectorarray.py" line="841" name="test_neg[1-&lt;lambda&gt;8]" time="0.004549264907836914"></testcase><testcase classname="src.pymortests.vectorarray" file="src/pymortests/vectorarray.py" line="841" name="test_neg[1-&lt;lambda&gt;9]" time="0.008288145065307617"></testcase><testcase classname="src.pymortests.vectorarray" file="src/pymortests/vectorarray.py" line="841" name="test_neg[1-&lt;lambda&gt;10]" time="0.0016982555389404297"></testcase><testcase classname="src.pymortests.vectorarray" file="src/pymortests/vectorarray.py" line="841" name="test_neg[1-&lt;lambda&gt;11]" time="0.0017313957214355469"></testcase><testcase classname="src.pymortests.vectorarray" file="src/pymortests/vectorarray.py" line="841" name="test_neg[1-&lt;lambda&gt;12]" time="0.0016894340515136719"></testcase><testcase classname="src.pymortests.vectorarray" file="src/pymortests/vectorarray.py" line="841" name="test_neg[1-&lt;lambda&gt;13]" time="0.0016031265258789062"></testcase><testcase classname="src.pymortests.vectorarray" file="src/pymortests/vectorarray.py" line="841" name="test_neg[1-&lt;lambda&gt;14]" time="0.001722097396850586"></testcase><testcase classname="src.pymortests.vectorarray" file="src/pymortests/vectorarray.py" line="841" name="test_neg[1-&lt;lambda&gt;15]" time="0.001950979232788086"></testcase><testcase classname="src.pymortests.vectorarray" file="src/pymortests/vectorarray.py" line="841" name="test_neg[1-&lt;lambda&gt;16]" time="0.0019423961639404297"></testcase><testcase classname="src.pymortests.vectorarray" file="src/pymortests/vectorarray.py" line="841" name="test_neg[1-&lt;lambda&gt;17]" time="0.0017633438110351562"></testcase><testcase classname="src.pymortests.vectorarray" file="src/pymortests/vectorarray.py" line="841" name="test_neg[1-&lt;lambda&gt;18]" time="0.0016279220581054688"></testcase><testcase classname="src.pymortests.vectorarray" file="src/pymortests/vectorarray.py" line="841" name="test_neg[1-&lt;lambda&gt;19]" time="0.0029554367065429688"></testcase><testcase classname="src.pymortests.vectorarray" file="src/pymortests/vectorarray.py" line="841" name="test_neg[1-&lt;lambda&gt;20]" time="0.014956235885620117"></testcase><testcase classname="src.pymortests.vectorarray" file="src/pymortests/vectorarray.py" line="841" name="test_neg[1-&lt;lambda&gt;21]" time="0.03365778923034668"></testcase><testcase classname="src.pymortests.vectorarray" file="src/pymortests/vectorarray.py" line="841" name="test_neg[1-&lt;lambda&gt;22]" time="0.0018951892852783203"></testcase><testcase classname="src.pymortests.vectorarray" file="src/pymortests/vectorarray.py" line="841" name="test_neg[1-&lt;lambda&gt;23]" time="0.0013723373413085938"></testcase><testcase classname="src.pymortests.vectorarray" file="src/pymortests/vectorarray.py" line="841" name="test_neg[1-&lt;lambda&gt;24]" time="0.0046541690826416016"></testcase><testcase classname="src.pymortests.vectorarray" file="src/pymortests/vectorarray.py" line="841" name="test_neg[1-&lt;lambda&gt;25]" time="0.11703324317932129"></testcase><testcase classname="src.pymortests.vectorarray" file="src/pymortests/vectorarray.py" line="841" name="test_neg[1-&lt;lambda&gt;26]" time="0.26804637908935547"></testcase><testcase classname="src.pymortests.vectorarray" file="src/pymortests/vectorarray.py" line="841" name="test_neg[2-&lt;lambda&gt;0]" time="0.0020904541015625"></testcase><testcase classname="src.pymortests.vectorarray" file="src/pymortests/vectorarray.py" line="841" name="test_neg[2-&lt;lambda&gt;1]" time="0.0014102458953857422"></testcase><testcase classname="src.pymortests.vectorarray" file="src/pymortests/vectorarray.py" line="841" name="test_neg[2-&lt;lambda&gt;2]" time="0.001377105712890625"></testcase><testcase classname="src.pymortests.vectorarray" file="src/pymortests/vectorarray.py" line="841" name="test_neg[2-&lt;lambda&gt;3]" time="0.0013740062713623047"></testcase><testcase classname="src.pymortests.vectorarray" file="src/pymortests/vectorarray.py" line="841" name="test_neg[2-&lt;lambda&gt;4]" time="0.0012614727020263672"></testcase><testcase classname="src.pymortests.vectorarray" file="src/pymortests/vectorarray.py" line="841" name="test_neg[2-&lt;lambda&gt;5]" time="0.0012831687927246094"></testcase><testcase classname="src.pymortests.vectorarray" file="src/pymortests/vectorarray.py" line="841" name="test_neg[2-&lt;lambda&gt;6]" time="0.001253366470336914"></testcase><testcase classname="src.pymortests.vectorarray" file="src/pymortests/vectorarray.py" line="841" name="test_neg[2-&lt;lambda&gt;7]" time="0.00141143798828125"></testcase><testcase classname="src.pymortests.vectorarray" file="src/pymortests/vectorarray.py" line="841" name="test_neg[2-&lt;lambda&gt;8]" time="0.0045697689056396484"></testcase><testcase classname="src.pymortests.vectorarray" file="src/pymortests/vectorarray.py" line="841" name="test_neg[2-&lt;lambda&gt;9]" time="0.008116960525512695"></testcase><testcase classname="src.pymortests.vectorarray" file="src/pymortests/vectorarray.py" line="841" name="test_neg[2-&lt;lambda&gt;10]" time="0.0016603469848632812"></testcase><testcase classname="src.pymortests.vectorarray" file="src/pymortests/vectorarray.py" line="841" name="test_neg[2-&lt;lambda&gt;11]" time="0.0017919540405273438"></testcase><testcase classname="src.pymortests.vectorarray" file="src/pymortests/vectorarray.py" line="841" name="test_neg[2-&lt;lambda&gt;12]" time="0.0016663074493408203"></testcase><testcase classname="src.pymortests.vectorarray" file="src/pymortests/vectorarray.py" line="841" name="test_neg[2-&lt;lambda&gt;13]" time="0.0015664100646972656"></testcase><testcase classname="src.pymortests.vectorarray" file="src/pymortests/vectorarray.py" line="841" name="test_neg[2-&lt;lambda&gt;14]" time="0.0017771720886230469"></testcase><testcase classname="src.pymortests.vectorarray" file="src/pymortests/vectorarray.py" line="841" name="test_neg[2-&lt;lambda&gt;15]" time="0.001976490020751953"></testcase><testcase classname="src.pymortests.vectorarray" file="src/pymortests/vectorarray.py" line="841" name="test_neg[2-&lt;lambda&gt;16]" time="0.0019004344940185547"></testcase><testcase classname="src.pymortests.vectorarray" file="src/pymortests/vectorarray.py" line="841" name="test_neg[2-&lt;lambda&gt;17]" time="0.001722574234008789"></testcase><testcase classname="src.pymortests.vectorarray" file="src/pymortests/vectorarray.py" line="841" name="test_neg[2-&lt;lambda&gt;18]" time="0.0017058849334716797"></testcase><testcase classname="src.pymortests.vectorarray" file="src/pymortests/vectorarray.py" line="841" name="test_neg[2-&lt;lambda&gt;19]" time="0.0028383731842041016"></testcase><testcase classname="src.pymortests.vectorarray" file="src/pymortests/vectorarray.py" line="841" name="test_neg[2-&lt;lambda&gt;20]" time="0.014644622802734375"></testcase><testcase classname="src.pymortests.vectorarray" file="src/pymortests/vectorarray.py" line="841" name="test_neg[2-&lt;lambda&gt;21]" time="0.03358936309814453"></testcase><testcase classname="src.pymortests.vectorarray" file="src/pymortests/vectorarray.py" line="841" name="test_neg[2-&lt;lambda&gt;22]" time="0.0018651485443115234"></testcase><testcase classname="src.pymortests.vectorarray" file="src/pymortests/vectorarray.py" line="841" name="test_neg[2-&lt;lambda&gt;23]" time="0.001256704330444336"></testcase><testcase classname="src.pymortests.vectorarray" file="src/pymortests/vectorarray.py" line="841" name="test_neg[2-&lt;lambda&gt;24]" time="0.0047016143798828125"></testcase><testcase classname="src.pymortests.vectorarray" file="src/pymortests/vectorarray.py" line="841" name="test_neg[2-&lt;lambda&gt;25]" time="0.11363697052001953"></testcase><testcase classname="src.pymortests.vectorarray" file="src/pymortests/vectorarray.py" line="841" name="test_neg[2-&lt;lambda&gt;26]" time="0.27068424224853516"></testcase><testcase classname="src.pymortests.vectorarray" file="src/pymortests/vectorarray.py" line="850" name="test_mul[0-&lt;lambda&gt;0]" time="0.0029807090759277344"></testcase><testcase classname="src.pymortests.vectorarray" file="src/pymortests/vectorarray.py" line="850" name="test_mul[0-&lt;lambda&gt;1]" time="0.002019643783569336"></testcase><testcase classname="src.pymortests.vectorarray" file="src/pymortests/vectorarray.py" line="850" name="test_mul[0-&lt;lambda&gt;2]" time="0.001977682113647461"></testcase><testcase classname="src.pymortests.vectorarray" file="src/pymortests/vectorarray.py" line="850" name="test_mul[0-&lt;lambda&gt;3]" time="0.0020270347595214844"></testcase><testcase classname="src.pymortests.vectorarray" file="src/pymortests/vectorarray.py" line="850" name="test_mul[0-&lt;lambda&gt;4]" time="0.0018851757049560547"></testcase><testcase classname="src.pymortests.vectorarray" file="src/pymortests/vectorarray.py" line="850" name="test_mul[0-&lt;lambda&gt;5]" time="0.0016679763793945312"></testcase><testcase classname="src.pymortests.vectorarray" file="src/pymortests/vectorarray.py" line="850" name="test_mul[0-&lt;lambda&gt;6]" time="0.0015869140625"></testcase><testcase classname="src.pymortests.vectorarray" file="src/pymortests/vectorarray.py" line="850" name="test_mul[0-&lt;lambda&gt;7]" time="0.002230405807495117"></testcase><testcase classname="src.pymortests.vectorarray" file="src/pymortests/vectorarray.py" line="850" name="test_mul[0-&lt;lambda&gt;8]" time="0.015228986740112305"></testcase><testcase classname="src.pymortests.vectorarray" file="src/pymortests/vectorarray.py" line="850" name="test_mul[0-&lt;lambda&gt;9]" time="0.03176093101501465"></testcase><testcase classname="src.pymortests.vectorarray" file="src/pymortests/vectorarray.py" line="850" name="test_mul[0-&lt;lambda&gt;10]" time="0.00408172607421875"></testcase><testcase classname="src.pymortests.vectorarray" file="src/pymortests/vectorarray.py" line="850" name="test_mul[0-&lt;lambda&gt;11]" time="0.0033905506134033203"></testcase><testcase classname="src.pymortests.vectorarray" file="src/pymortests/vectorarray.py" line="850" name="test_mul[0-&lt;lambda&gt;12]" time="0.003201007843017578"></testcase><testcase classname="src.pymortests.vectorarray" file="src/pymortests/vectorarray.py" line="850" name="test_mul[0-&lt;lambda&gt;13]" time="0.0025680065155029297"></testcase><testcase classname="src.pymortests.vectorarray" file="src/pymortests/vectorarray.py" line="850" name="test_mul[0-&lt;lambda&gt;14]" time="0.0033228397369384766"></testcase><testcase classname="src.pymortests.vectorarray" file="src/pymortests/vectorarray.py" line="850" name="test_mul[0-&lt;lambda&gt;15]" time="0.00439143180847168"></testcase><testcase classname="src.pymortests.vectorarray" file="src/pymortests/vectorarray.py" line="850" name="test_mul[0-&lt;lambda&gt;16]" time="0.003884553909301758"></testcase><testcase classname="src.pymortests.vectorarray" file="src/pymortests/vectorarray.py" line="850" name="test_mul[0-&lt;lambda&gt;17]" time="0.0022406578063964844"></testcase><testcase classname="src.pymortests.vectorarray" file="src/pymortests/vectorarray.py" line="850" name="test_mul[0-&lt;lambda&gt;18]" time="0.0020563602447509766"></testcase><testcase classname="src.pymortests.vectorarray" file="src/pymortests/vectorarray.py" line="850" name="test_mul[0-&lt;lambda&gt;19]" time="0.004225730895996094"></testcase><testcase classname="src.pymortests.vectorarray" file="src/pymortests/vectorarray.py" line="850" name="test_mul[0-&lt;lambda&gt;20]" time="0.034449100494384766"></testcase><testcase classname="src.pymortests.vectorarray" file="src/pymortests/vectorarray.py" line="850" name="test_mul[0-&lt;lambda&gt;21]" time="0.07838320732116699"></testcase><testcase classname="src.pymortests.vectorarray" file="src/pymortests/vectorarray.py" line="850" name="test_mul[0-&lt;lambda&gt;22]" time="0.0025305747985839844"></testcase><testcase classname="src.pymortests.vectorarray" file="src/pymortests/vectorarray.py" line="850" name="test_mul[0-&lt;lambda&gt;23]" time="0.0017507076263427734"></testcase><testcase classname="src.pymortests.vectorarray" file="src/pymortests/vectorarray.py" line="850" name="test_mul[0-&lt;lambda&gt;24]" time="0.014309406280517578"></testcase><testcase classname="src.pymortests.vectorarray" file="src/pymortests/vectorarray.py" line="850" name="test_mul[0-&lt;lambda&gt;25]" time="0.477200984954834"></testcase><testcase classname="src.pymortests.vectorarray" file="src/pymortests/vectorarray.py" line="850" name="test_mul[0-&lt;lambda&gt;26]" time="1.1276054382324219"></testcase><testcase classname="src.pymortests.vectorarray" file="src/pymortests/vectorarray.py" line="850" name="test_mul[1-&lt;lambda&gt;0]" time="0.0029489994049072266"></testcase><testcase classname="src.pymortests.vectorarray" file="src/pymortests/vectorarray.py" line="850" name="test_mul[1-&lt;lambda&gt;1]" time="0.0019867420196533203"></testcase><testcase classname="src.pymortests.vectorarray" file="src/pymortests/vectorarray.py" line="850" name="test_mul[1-&lt;lambda&gt;2]" time="0.002082347869873047"></testcase><testcase classname="src.pymortests.vectorarray" file="src/pymortests/vectorarray.py" line="850" name="test_mul[1-&lt;lambda&gt;3]" time="0.002126455307006836"></testcase><testcase classname="src.pymortests.vectorarray" file="src/pymortests/vectorarray.py" line="850" name="test_mul[1-&lt;lambda&gt;4]" time="0.0019626617431640625"></testcase><testcase classname="src.pymortests.vectorarray" file="src/pymortests/vectorarray.py" line="850" name="test_mul[1-&lt;lambda&gt;5]" time="0.0017292499542236328"></testcase><testcase classname="src.pymortests.vectorarray" file="src/pymortests/vectorarray.py" line="850" name="test_mul[1-&lt;lambda&gt;6]" time="0.001697540283203125"></testcase><testcase classname="src.pymortests.vectorarray" file="src/pymortests/vectorarray.py" line="850" name="test_mul[1-&lt;lambda&gt;7]" time="0.002277374267578125"></testcase><testcase classname="src.pymortests.vectorarray" file="src/pymortests/vectorarray.py" line="850" name="test_mul[1-&lt;lambda&gt;8]" time="0.015393972396850586"></testcase><testcase classname="src.pymortests.vectorarray" file="src/pymortests/vectorarray.py" line="850" name="test_mul[1-&lt;lambda&gt;9]" time="0.03208446502685547"></testcase><testcase classname="src.pymortests.vectorarray" file="src/pymortests/vectorarray.py" line="850" name="test_mul[1-&lt;lambda&gt;10]" time="0.004098176956176758"></testcase><testcase classname="src.pymortests.vectorarray" file="src/pymortests/vectorarray.py" line="850" name="test_mul[1-&lt;lambda&gt;11]" time="0.0035066604614257812"></testcase><testcase classname="src.pymortests.vectorarray" file="src/pymortests/vectorarray.py" line="850" name="test_mul[1-&lt;lambda&gt;12]" time="0.003370046615600586"></testcase><testcase classname="src.pymortests.vectorarray" file="src/pymortests/vectorarray.py" line="850" name="test_mul[1-&lt;lambda&gt;13]" time="0.0027284622192382812"></testcase><testcase classname="src.pymortests.vectorarray" file="src/pymortests/vectorarray.py" line="850" name="test_mul[1-&lt;lambda&gt;14]" time="0.003396749496459961"></testcase><testcase classname="src.pymortests.vectorarray" file="src/pymortests/vectorarray.py" line="850" name="test_mul[1-&lt;lambda&gt;15]" time="0.0043354034423828125"></testcase><testcase classname="src.pymortests.vectorarray" file="src/pymortests/vectorarray.py" line="850" name="test_mul[1-&lt;lambda&gt;16]" time="0.004101991653442383"></testcase><testcase classname="src.pymortests.vectorarray" file="src/pymortests/vectorarray.py" line="850" name="test_mul[1-&lt;lambda&gt;17]" time="0.0023164749145507812"></testcase><testcase classname="src.pymortests.vectorarray" file="src/pymortests/vectorarray.py" line="850" name="test_mul[1-&lt;lambda&gt;18]" time="0.0021681785583496094"></testcase><testcase classname="src.pymortests.vectorarray" file="src/pymortests/vectorarray.py" line="850" name="test_mul[1-&lt;lambda&gt;19]" time="0.004466533660888672"></testcase><testcase classname="src.pymortests.vectorarray" file="src/pymortests/vectorarray.py" line="850" name="test_mul[1-&lt;lambda&gt;20]" time="0.034905433654785156"></testcase><testcase classname="src.pymortests.vectorarray" file="src/pymortests/vectorarray.py" line="850" name="test_mul[1-&lt;lambda&gt;21]" time="0.07941293716430664"></testcase><testcase classname="src.pymortests.vectorarray" file="src/pymortests/vectorarray.py" line="850" name="test_mul[1-&lt;lambda&gt;22]" time="0.0025200843811035156"></testcase><testcase classname="src.pymortests.vectorarray" file="src/pymortests/vectorarray.py" line="850" name="test_mul[1-&lt;lambda&gt;23]" time="0.0017588138580322266"></testcase><testcase classname="src.pymortests.vectorarray" file="src/pymortests/vectorarray.py" line="850" name="test_mul[1-&lt;lambda&gt;24]" time="0.014115095138549805"></testcase><testcase classname="src.pymortests.vectorarray" file="src/pymortests/vectorarray.py" line="850" name="test_mul[1-&lt;lambda&gt;25]" time="0.47719907760620117"></testcase><testcase classname="src.pymortests.vectorarray" file="src/pymortests/vectorarray.py" line="850" name="test_mul[1-&lt;lambda&gt;26]" time="1.129394769668579"></testcase><testcase classname="src.pymortests.vectorarray" file="src/pymortests/vectorarray.py" line="850" name="test_mul[2-&lt;lambda&gt;0]" time="0.002937793731689453"></testcase><testcase classname="src.pymortests.vectorarray" file="src/pymortests/vectorarray.py" line="850" name="test_mul[2-&lt;lambda&gt;1]" time="0.002052783966064453"></testcase><testcase classname="src.pymortests.vectorarray" file="src/pymortests/vectorarray.py" line="850" name="test_mul[2-&lt;lambda&gt;2]" time="0.0020101070404052734"></testcase><testcase classname="src.pymortests.vectorarray" file="src/pymortests/vectorarray.py" line="850" name="test_mul[2-&lt;lambda&gt;3]" time="0.002105236053466797"></testcase><testcase classname="src.pymortests.vectorarray" file="src/pymortests/vectorarray.py" line="850" name="test_mul[2-&lt;lambda&gt;4]" time="0.0018527507781982422"></testcase><testcase classname="src.pymortests.vectorarray" file="src/pymortests/vectorarray.py" line="850" name="test_mul[2-&lt;lambda&gt;5]" time="0.0016546249389648438"></testcase><testcase classname="src.pymortests.vectorarray" file="src/pymortests/vectorarray.py" line="850" name="test_mul[2-&lt;lambda&gt;6]" time="0.0016989707946777344"></testcase><testcase classname="src.pymortests.vectorarray" file="src/pymortests/vectorarray.py" line="850" name="test_mul[2-&lt;lambda&gt;7]" time="0.002329111099243164"></testcase><testcase classname="src.pymortests.vectorarray" file="src/pymortests/vectorarray.py" line="850" name="test_mul[2-&lt;lambda&gt;8]" time="0.015558242797851562"></testcase><testcase classname="src.pymortests.vectorarray" file="src/pymortests/vectorarray.py" line="850" name="test_mul[2-&lt;lambda&gt;9]" time="0.03187155723571777"></testcase><testcase classname="src.pymortests.vectorarray" file="src/pymortests/vectorarray.py" line="850" name="test_mul[2-&lt;lambda&gt;10]" time="0.004153013229370117"></testcase><testcase classname="src.pymortests.vectorarray" file="src/pymortests/vectorarray.py" line="850" name="test_mul[2-&lt;lambda&gt;11]" time="0.0036110877990722656"></testcase><testcase classname="src.pymortests.vectorarray" file="src/pymortests/vectorarray.py" line="850" name="test_mul[2-&lt;lambda&gt;12]" time="0.0034689903259277344"></testcase><testcase classname="src.pymortests.vectorarray" file="src/pymortests/vectorarray.py" line="850" name="test_mul[2-&lt;lambda&gt;13]" time="0.002649545669555664"></testcase><testcase classname="src.pymortests.vectorarray" file="src/pymortests/vectorarray.py" line="850" name="test_mul[2-&lt;lambda&gt;14]" time="0.003347158432006836"></testcase><testcase classname="src.pymortests.vectorarray" file="src/pymortests/vectorarray.py" line="850" name="test_mul[2-&lt;lambda&gt;15]" time="0.0042591094970703125"></testcase><testcase classname="src.pymortests.vectorarray" file="src/pymortests/vectorarray.py" line="850" name="test_mul[2-&lt;lambda&gt;16]" time="0.003945589065551758"></testcase><testcase classname="src.pymortests.vectorarray" file="src/pymortests/vectorarray.py" line="850" name="test_mul[2-&lt;lambda&gt;17]" time="0.002271890640258789"></testcase><testcase classname="src.pymortests.vectorarray" file="src/pymortests/vectorarray.py" line="850" name="test_mul[2-&lt;lambda&gt;18]" time="0.0020751953125"></testcase><testcase classname="src.pymortests.vectorarray" file="src/pymortests/vectorarray.py" line="850" name="test_mul[2-&lt;lambda&gt;19]" time="0.004704475402832031"></testcase><testcase classname="src.pymortests.vectorarray" file="src/pymortests/vectorarray.py" line="850" name="test_mul[2-&lt;lambda&gt;20]" time="0.03524327278137207"></testcase><testcase classname="src.pymortests.vectorarray" file="src/pymortests/vectorarray.py" line="850" name="test_mul[2-&lt;lambda&gt;21]" time="0.08713078498840332"></testcase><testcase classname="src.pymortests.vectorarray" file="src/pymortests/vectorarray.py" line="850" name="test_mul[2-&lt;lambda&gt;22]" time="0.002479076385498047"></testcase><testcase classname="src.pymortests.vectorarray" file="src/pymortests/vectorarray.py" line="850" name="test_mul[2-&lt;lambda&gt;23]" time="0.0017709732055664062"></testcase><testcase classname="src.pymortests.vectorarray" file="src/pymortests/vectorarray.py" line="850" name="test_mul[2-&lt;lambda&gt;24]" time="0.01435542106628418"></testcase><testcase classname="src.pymortests.vectorarray" file="src/pymortests/vectorarray.py" line="850" name="test_mul[2-&lt;lambda&gt;25]" time="0.47828173637390137"></testcase><testcase classname="src.pymortests.vectorarray" file="src/pymortests/vectorarray.py" line="850" name="test_mul[2-&lt;lambda&gt;26]" time="1.1260278224945068"></testcase><testcase classname="src.pymortests.vectorarray" file="src/pymortests/vectorarray.py" line="860" name="test_mul_wrong_factor[0-&lt;lambda&gt;0]" time="0.001949310302734375"></testcase><testcase classname="src.pymortests.vectorarray" file="src/pymortests/vectorarray.py" line="860" name="test_mul_wrong_factor[0-&lt;lambda&gt;1]" time="0.001180887222290039"></testcase><testcase classname="src.pymortests.vectorarray" file="src/pymortests/vectorarray.py" line="860" name="test_mul_wrong_factor[0-&lt;lambda&gt;2]" time="0.0010631084442138672"></testcase><testcase classname="src.pymortests.vectorarray" file="src/pymortests/vectorarray.py" line="860" name="test_mul_wrong_factor[0-&lt;lambda&gt;3]" time="0.0011570453643798828"></testcase><testcase classname="src.pymortests.vectorarray" file="src/pymortests/vectorarray.py" line="860" name="test_mul_wrong_factor[0-&lt;lambda&gt;4]" time="0.0010569095611572266"></testcase><testcase classname="src.pymortests.vectorarray" file="src/pymortests/vectorarray.py" line="860" name="test_mul_wrong_factor[0-&lt;lambda&gt;5]" time="0.0011124610900878906"></testcase><testcase classname="src.pymortests.vectorarray" file="src/pymortests/vectorarray.py" line="860" name="test_mul_wrong_factor[0-&lt;lambda&gt;6]" time="0.0011026859283447266"></testcase><testcase classname="src.pymortests.vectorarray" file="src/pymortests/vectorarray.py" line="860" name="test_mul_wrong_factor[0-&lt;lambda&gt;7]" time="0.0011298656463623047"></testcase><testcase classname="src.pymortests.vectorarray" file="src/pymortests/vectorarray.py" line="860" name="test_mul_wrong_factor[0-&lt;lambda&gt;8]" time="0.0013966560363769531"></testcase><testcase classname="src.pymortests.vectorarray" file="src/pymortests/vectorarray.py" line="860" name="test_mul_wrong_factor[0-&lt;lambda&gt;9]" time="0.0017778873443603516"></testcase><testcase classname="src.pymortests.vectorarray" file="src/pymortests/vectorarray.py" line="860" name="test_mul_wrong_factor[0-&lt;lambda&gt;10]" time="0.0012958049774169922"></testcase><testcase classname="src.pymortests.vectorarray" file="src/pymortests/vectorarray.py" line="860" name="test_mul_wrong_factor[0-&lt;lambda&gt;11]" time="0.001214742660522461"></testcase><testcase classname="src.pymortests.vectorarray" file="src/pymortests/vectorarray.py" line="860" name="test_mul_wrong_factor[0-&lt;lambda&gt;12]" time="0.0012319087982177734"></testcase><testcase classname="src.pymortests.vectorarray" file="src/pymortests/vectorarray.py" line="860" name="test_mul_wrong_factor[0-&lt;lambda&gt;13]" time="0.0011789798736572266"></testcase><testcase classname="src.pymortests.vectorarray" file="src/pymortests/vectorarray.py" line="860" name="test_mul_wrong_factor[0-&lt;lambda&gt;14]" time="0.0012021064758300781"></testcase><testcase classname="src.pymortests.vectorarray" file="src/pymortests/vectorarray.py" line="860" name="test_mul_wrong_factor[0-&lt;lambda&gt;15]" time="0.0012369155883789062"></testcase><testcase classname="src.pymortests.vectorarray" file="src/pymortests/vectorarray.py" line="860" name="test_mul_wrong_factor[0-&lt;lambda&gt;16]" time="0.001218557357788086"></testcase><testcase classname="src.pymortests.vectorarray" file="src/pymortests/vectorarray.py" line="860" name="test_mul_wrong_factor[0-&lt;lambda&gt;17]" time="0.0015435218811035156"></testcase><testcase classname="src.pymortests.vectorarray" file="src/pymortests/vectorarray.py" line="860" name="test_mul_wrong_factor[0-&lt;lambda&gt;18]" time="0.001451730728149414"></testcase><testcase classname="src.pymortests.vectorarray" file="src/pymortests/vectorarray.py" line="860" name="test_mul_wrong_factor[0-&lt;lambda&gt;19]" time="0.0023593902587890625"></testcase><testcase classname="src.pymortests.vectorarray" file="src/pymortests/vectorarray.py" line="860" name="test_mul_wrong_factor[0-&lt;lambda&gt;20]" time="0.009195804595947266"></testcase><testcase classname="src.pymortests.vectorarray" file="src/pymortests/vectorarray.py" line="860" name="test_mul_wrong_factor[0-&lt;lambda&gt;21]" time="0.01987767219543457"></testcase><testcase classname="src.pymortests.vectorarray" file="src/pymortests/vectorarray.py" line="860" name="test_mul_wrong_factor[0-&lt;lambda&gt;22]" time="0.0016705989837646484"></testcase><testcase classname="src.pymortests.vectorarray" file="src/pymortests/vectorarray.py" line="860" name="test_mul_wrong_factor[0-&lt;lambda&gt;23]" time="0.0011630058288574219"></testcase><testcase classname="src.pymortests.vectorarray" file="src/pymortests/vectorarray.py" line="860" name="test_mul_wrong_factor[0-&lt;lambda&gt;24]" time="0.001997232437133789"></testcase><testcase classname="src.pymortests.vectorarray" file="src/pymortests/vectorarray.py" line="860" name="test_mul_wrong_factor[0-&lt;lambda&gt;25]" time="0.02315545082092285"></testcase><testcase classname="src.pymortests.vectorarray" file="src/pymortests/vectorarray.py" line="860" name="test_mul_wrong_factor[0-&lt;lambda&gt;26]" time="0.05359649658203125"></testcase><testcase classname="src.pymortests.vectorarray" file="src/pymortests/vectorarray.py" line="860" name="test_mul_wrong_factor[1-&lt;lambda&gt;0]" time="0.001775979995727539"></testcase><testcase classname="src.pymortests.vectorarray" file="src/pymortests/vectorarray.py" line="860" name="test_mul_wrong_factor[1-&lt;lambda&gt;1]" time="0.001308441162109375"></testcase><testcase classname="src.pymortests.vectorarray" file="src/pymortests/vectorarray.py" line="860" name="test_mul_wrong_factor[1-&lt;lambda&gt;2]" time="0.0011839866638183594"></testcase><testcase classname="src.pymortests.vectorarray" file="src/pymortests/vectorarray.py" line="860" name="test_mul_wrong_factor[1-&lt;lambda&gt;3]" time="0.0011715888977050781"></testcase><testcase classname="src.pymortests.vectorarray" file="src/pymortests/vectorarray.py" line="860" name="test_mul_wrong_factor[1-&lt;lambda&gt;4]" time="0.0011029243469238281"></testcase><testcase classname="src.pymortests.vectorarray" file="src/pymortests/vectorarray.py" line="860" name="test_mul_wrong_factor[1-&lt;lambda&gt;5]" time="0.0011327266693115234"></testcase><testcase classname="src.pymortests.vectorarray" file="src/pymortests/vectorarray.py" line="860" name="test_mul_wrong_factor[1-&lt;lambda&gt;6]" time="0.0011715888977050781"></testcase><testcase classname="src.pymortests.vectorarray" file="src/pymortests/vectorarray.py" line="860" name="test_mul_wrong_factor[1-&lt;lambda&gt;7]" time="0.0013439655303955078"></testcase><testcase classname="src.pymortests.vectorarray" file="src/pymortests/vectorarray.py" line="860" name="test_mul_wrong_factor[1-&lt;lambda&gt;8]" time="0.0015387535095214844"></testcase><testcase classname="src.pymortests.vectorarray" file="src/pymortests/vectorarray.py" line="860" name="test_mul_wrong_factor[1-&lt;lambda&gt;9]" time="0.0022521018981933594"></testcase><testcase classname="src.pymortests.vectorarray" file="src/pymortests/vectorarray.py" line="860" name="test_mul_wrong_factor[1-&lt;lambda&gt;10]" time="0.0013592243194580078"></testcase><testcase classname="src.pymortests.vectorarray" file="src/pymortests/vectorarray.py" line="860" name="test_mul_wrong_factor[1-&lt;lambda&gt;11]" time="0.0013358592987060547"></testcase><testcase classname="src.pymortests.vectorarray" file="src/pymortests/vectorarray.py" line="860" name="test_mul_wrong_factor[1-&lt;lambda&gt;12]" time="0.0013353824615478516"></testcase><testcase classname="src.pymortests.vectorarray" file="src/pymortests/vectorarray.py" line="860" name="test_mul_wrong_factor[1-&lt;lambda&gt;13]" time="0.0012671947479248047"></testcase><testcase classname="src.pymortests.vectorarray" file="src/pymortests/vectorarray.py" line="860" name="test_mul_wrong_factor[1-&lt;lambda&gt;14]" time="0.0014307498931884766"></testcase><testcase classname="src.pymortests.vectorarray" file="src/pymortests/vectorarray.py" line="860" name="test_mul_wrong_factor[1-&lt;lambda&gt;15]" time="0.0013866424560546875"></testcase><testcase classname="src.pymortests.vectorarray" file="src/pymortests/vectorarray.py" line="860" name="test_mul_wrong_factor[1-&lt;lambda&gt;16]" time="0.0013604164123535156"></testcase><testcase classname="src.pymortests.vectorarray" file="src/pymortests/vectorarray.py" line="860" name="test_mul_wrong_factor[1-&lt;lambda&gt;17]" time="0.0016248226165771484"></testcase><testcase classname="src.pymortests.vectorarray" file="src/pymortests/vectorarray.py" line="860" name="test_mul_wrong_factor[1-&lt;lambda&gt;18]" time="0.0015153884887695312"></testcase><testcase classname="src.pymortests.vectorarray" file="src/pymortests/vectorarray.py" line="860" name="test_mul_wrong_factor[1-&lt;lambda&gt;19]" time="0.0024406909942626953"></testcase><testcase classname="src.pymortests.vectorarray" file="src/pymortests/vectorarray.py" line="860" name="test_mul_wrong_factor[1-&lt;lambda&gt;20]" time="0.00930929183959961"></testcase><testcase classname="src.pymortests.vectorarray" file="src/pymortests/vectorarray.py" line="860" name="test_mul_wrong_factor[1-&lt;lambda&gt;21]" time="0.020279645919799805"></testcase><testcase classname="src.pymortests.vectorarray" file="src/pymortests/vectorarray.py" line="860" name="test_mul_wrong_factor[1-&lt;lambda&gt;22]" time="0.0017468929290771484"></testcase><testcase classname="src.pymortests.vectorarray" file="src/pymortests/vectorarray.py" line="860" name="test_mul_wrong_factor[1-&lt;lambda&gt;23]" time="0.0012242794036865234"></testcase><testcase classname="src.pymortests.vectorarray" file="src/pymortests/vectorarray.py" line="860" name="test_mul_wrong_factor[1-&lt;lambda&gt;24]" time="0.0020771026611328125"></testcase><testcase classname="src.pymortests.vectorarray" file="src/pymortests/vectorarray.py" line="860" name="test_mul_wrong_factor[1-&lt;lambda&gt;25]" time="0.023522377014160156"></testcase><testcase classname="src.pymortests.vectorarray" file="src/pymortests/vectorarray.py" line="860" name="test_mul_wrong_factor[1-&lt;lambda&gt;26]" time="0.05414843559265137"></testcase><testcase classname="src.pymortests.vectorarray" file="src/pymortests/vectorarray.py" line="860" name="test_mul_wrong_factor[2-&lt;lambda&gt;0]" time="0.0017375946044921875"></testcase><testcase classname="src.pymortests.vectorarray" file="src/pymortests/vectorarray.py" line="860" name="test_mul_wrong_factor[2-&lt;lambda&gt;1]" time="0.0012013912200927734"></testcase><testcase classname="src.pymortests.vectorarray" file="src/pymortests/vectorarray.py" line="860" name="test_mul_wrong_factor[2-&lt;lambda&gt;2]" time="0.0011148452758789062"></testcase><testcase classname="src.pymortests.vectorarray" file="src/pymortests/vectorarray.py" line="860" name="test_mul_wrong_factor[2-&lt;lambda&gt;3]" time="0.001165151596069336"></testcase><testcase classname="src.pymortests.vectorarray" file="src/pymortests/vectorarray.py" line="860" name="test_mul_wrong_factor[2-&lt;lambda&gt;4]" time="0.0011467933654785156"></testcase><testcase classname="src.pymortests.vectorarray" file="src/pymortests/vectorarray.py" line="860" name="test_mul_wrong_factor[2-&lt;lambda&gt;5]" time="0.0011782646179199219"></testcase><testcase classname="src.pymortests.vectorarray" file="src/pymortests/vectorarray.py" line="860" name="test_mul_wrong_factor[2-&lt;lambda&gt;6]" time="0.0011126995086669922"></testcase><testcase classname="src.pymortests.vectorarray" file="src/pymortests/vectorarray.py" line="860" name="test_mul_wrong_factor[2-&lt;lambda&gt;7]" time="0.001119375228881836"></testcase><testcase classname="src.pymortests.vectorarray" file="src/pymortests/vectorarray.py" line="860" name="test_mul_wrong_factor[2-&lt;lambda&gt;8]" time="0.001531839370727539"></testcase><testcase classname="src.pymortests.vectorarray" file="src/pymortests/vectorarray.py" line="860" name="test_mul_wrong_factor[2-&lt;lambda&gt;9]" time="0.0021843910217285156"></testcase><testcase classname="src.pymortests.vectorarray" file="src/pymortests/vectorarray.py" line="860" name="test_mul_wrong_factor[2-&lt;lambda&gt;10]" time="0.0012984275817871094"></testcase><testcase classname="src.pymortests.vectorarray" file="src/pymortests/vectorarray.py" line="860" name="test_mul_wrong_factor[2-&lt;lambda&gt;11]" time="0.0013108253479003906"></testcase><testcase classname="src.pymortests.vectorarray" file="src/pymortests/vectorarray.py" line="860" name="test_mul_wrong_factor[2-&lt;lambda&gt;12]" time="0.0012655258178710938"></testcase><testcase classname="src.pymortests.vectorarray" file="src/pymortests/vectorarray.py" line="860" name="test_mul_wrong_factor[2-&lt;lambda&gt;13]" time="0.0012192726135253906"></testcase><testcase classname="src.pymortests.vectorarray" file="src/pymortests/vectorarray.py" line="860" name="test_mul_wrong_factor[2-&lt;lambda&gt;14]" time="0.00130462646484375"></testcase><testcase classname="src.pymortests.vectorarray" file="src/pymortests/vectorarray.py" line="860" name="test_mul_wrong_factor[2-&lt;lambda&gt;15]" time="0.0013475418090820312"></testcase><testcase classname="src.pymortests.vectorarray" file="src/pymortests/vectorarray.py" line="860" name="test_mul_wrong_factor[2-&lt;lambda&gt;16]" time="0.0013155937194824219"></testcase><testcase classname="src.pymortests.vectorarray" file="src/pymortests/vectorarray.py" line="860" name="test_mul_wrong_factor[2-&lt;lambda&gt;17]" time="0.0015749931335449219"></testcase><testcase classname="src.pymortests.vectorarray" file="src/pymortests/vectorarray.py" line="860" name="test_mul_wrong_factor[2-&lt;lambda&gt;18]" time="0.0015573501586914062"></testcase><testcase classname="src.pymortests.vectorarray" file="src/pymortests/vectorarray.py" line="860" name="test_mul_wrong_factor[2-&lt;lambda&gt;19]" time="0.0031380653381347656"></testcase><testcase classname="src.pymortests.vectorarray" file="src/pymortests/vectorarray.py" line="860" name="test_mul_wrong_factor[2-&lt;lambda&gt;20]" time="0.00990748405456543"></testcase><testcase classname="src.pymortests.vectorarray" file="src/pymortests/vectorarray.py" line="860" name="test_mul_wrong_factor[2-&lt;lambda&gt;21]" time="0.020068883895874023"></testcase><testcase classname="src.pymortests.vectorarray" file="src/pymortests/vectorarray.py" line="860" name="test_mul_wrong_factor[2-&lt;lambda&gt;22]" time="0.0017268657684326172"></testcase><testcase classname="src.pymortests.vectorarray" file="src/pymortests/vectorarray.py" line="860" name="test_mul_wrong_factor[2-&lt;lambda&gt;23]" time="0.0012202262878417969"></testcase><testcase classname="src.pymortests.vectorarray" file="src/pymortests/vectorarray.py" line="860" name="test_mul_wrong_factor[2-&lt;lambda&gt;24]" time="0.0020813941955566406"></testcase><testcase classname="src.pymortests.vectorarray" file="src/pymortests/vectorarray.py" line="860" name="test_mul_wrong_factor[2-&lt;lambda&gt;25]" time="0.023432016372680664"></testcase><testcase classname="src.pymortests.vectorarray" file="src/pymortests/vectorarray.py" line="860" name="test_mul_wrong_factor[2-&lt;lambda&gt;26]" time="0.053830862045288086"></testcase><testcase classname="src.pymortests.vectorarray" file="src/pymortests/vectorarray.py" line="866" name="test_rmul[0-&lt;lambda&gt;0]" time="0.0029764175415039062"></testcase><testcase classname="src.pymortests.vectorarray" file="src/pymortests/vectorarray.py" line="866" name="test_rmul[0-&lt;lambda&gt;1]" time="0.0020160675048828125"></testcase><testcase classname="src.pymortests.vectorarray" file="src/pymortests/vectorarray.py" line="866" name="test_rmul[0-&lt;lambda&gt;2]" time="0.0020363330841064453"></testcase><testcase classname="src.pymortests.vectorarray" file="src/pymortests/vectorarray.py" line="866" name="test_rmul[0-&lt;lambda&gt;3]" time="0.0020608901977539062"></testcase><testcase classname="src.pymortests.vectorarray" file="src/pymortests/vectorarray.py" line="866" name="test_rmul[0-&lt;lambda&gt;4]" time="0.0019812583923339844"></testcase><testcase classname="src.pymortests.vectorarray" file="src/pymortests/vectorarray.py" line="866" name="test_rmul[0-&lt;lambda&gt;5]" time="0.0016617774963378906"></testcase><testcase classname="src.pymortests.vectorarray" file="src/pymortests/vectorarray.py" line="866" name="test_rmul[0-&lt;lambda&gt;6]" time="0.0016260147094726562"></testcase><testcase classname="src.pymortests.vectorarray" file="src/pymortests/vectorarray.py" line="866" name="test_rmul[0-&lt;lambda&gt;7]" time="0.002229928970336914"></testcase><testcase classname="src.pymortests.vectorarray" file="src/pymortests/vectorarray.py" line="866" name="test_rmul[0-&lt;lambda&gt;8]" time="0.015566587448120117"></testcase><testcase classname="src.pymortests.vectorarray" file="src/pymortests/vectorarray.py" line="866" name="test_rmul[0-&lt;lambda&gt;9]" time="0.0317387580871582"></testcase><testcase classname="src.pymortests.vectorarray" file="src/pymortests/vectorarray.py" line="866" name="test_rmul[0-&lt;lambda&gt;10]" time="0.004094362258911133"></testcase><testcase classname="src.pymortests.vectorarray" file="src/pymortests/vectorarray.py" line="866" name="test_rmul[0-&lt;lambda&gt;11]" time="0.003385305404663086"></testcase><testcase classname="src.pymortests.vectorarray" file="src/pymortests/vectorarray.py" line="866" name="test_rmul[0-&lt;lambda&gt;12]" time="0.0032563209533691406"></testcase><testcase classname="src.pymortests.vectorarray" file="src/pymortests/vectorarray.py" line="866" name="test_rmul[0-&lt;lambda&gt;13]" time="0.002628326416015625"></testcase><testcase classname="src.pymortests.vectorarray" file="src/pymortests/vectorarray.py" line="866" name="test_rmul[0-&lt;lambda&gt;14]" time="0.0032968521118164062"></testcase><testcase classname="src.pymortests.vectorarray" file="src/pymortests/vectorarray.py" line="866" name="test_rmul[0-&lt;lambda&gt;15]" time="0.004250764846801758"></testcase><testcase classname="src.pymortests.vectorarray" file="src/pymortests/vectorarray.py" line="866" name="test_rmul[0-&lt;lambda&gt;16]" time="0.003974437713623047"></testcase><testcase classname="src.pymortests.vectorarray" file="src/pymortests/vectorarray.py" line="866" name="test_rmul[0-&lt;lambda&gt;17]" time="0.002227783203125"></testcase><testcase classname="src.pymortests.vectorarray" file="src/pymortests/vectorarray.py" line="866" name="test_rmul[0-&lt;lambda&gt;18]" time="0.0020809173583984375"></testcase><testcase classname="src.pymortests.vectorarray" file="src/pymortests/vectorarray.py" line="866" name="test_rmul[0-&lt;lambda&gt;19]" time="0.004330873489379883"></testcase><testcase classname="src.pymortests.vectorarray" file="src/pymortests/vectorarray.py" line="866" name="test_rmul[0-&lt;lambda&gt;20]" time="0.035471439361572266"></testcase><testcase classname="src.pymortests.vectorarray" file="src/pymortests/vectorarray.py" line="866" name="test_rmul[0-&lt;lambda&gt;21]" time="0.07971644401550293"></testcase><testcase classname="src.pymortests.vectorarray" file="src/pymortests/vectorarray.py" line="866" name="test_rmul[0-&lt;lambda&gt;22]" time="0.002527475357055664"></testcase><testcase classname="src.pymortests.vectorarray" file="src/pymortests/vectorarray.py" line="866" name="test_rmul[0-&lt;lambda&gt;23]" time="0.0017414093017578125"></testcase><testcase classname="src.pymortests.vectorarray" file="src/pymortests/vectorarray.py" line="866" name="test_rmul[0-&lt;lambda&gt;24]" time="0.014454841613769531"></testcase><testcase classname="src.pymortests.vectorarray" file="src/pymortests/vectorarray.py" line="866" name="test_rmul[0-&lt;lambda&gt;25]" time="0.47571611404418945"></testcase><testcase classname="src.pymortests.vectorarray" file="src/pymortests/vectorarray.py" line="866" name="test_rmul[0-&lt;lambda&gt;26]" time="1.1275122165679932"></testcase><testcase classname="src.pymortests.vectorarray" file="src/pymortests/vectorarray.py" line="866" name="test_rmul[1-&lt;lambda&gt;0]" time="0.002895832061767578"></testcase><testcase classname="src.pymortests.vectorarray" file="src/pymortests/vectorarray.py" line="866" name="test_rmul[1-&lt;lambda&gt;1]" time="0.0019488334655761719"></testcase><testcase classname="src.pymortests.vectorarray" file="src/pymortests/vectorarray.py" line="866" name="test_rmul[1-&lt;lambda&gt;2]" time="0.0022292137145996094"></testcase><testcase classname="src.pymortests.vectorarray" file="src/pymortests/vectorarray.py" line="866" name="test_rmul[1-&lt;lambda&gt;3]" time="0.0021445751190185547"></testcase><testcase classname="src.pymortests.vectorarray" file="src/pymortests/vectorarray.py" line="866" name="test_rmul[1-&lt;lambda&gt;4]" time="0.001971721649169922"></testcase><testcase classname="src.pymortests.vectorarray" file="src/pymortests/vectorarray.py" line="866" name="test_rmul[1-&lt;lambda&gt;5]" time="0.0016601085662841797"></testcase><testcase classname="src.pymortests.vectorarray" file="src/pymortests/vectorarray.py" line="866" name="test_rmul[1-&lt;lambda&gt;6]" time="0.0016145706176757812"></testcase><testcase classname="src.pymortests.vectorarray" file="src/pymortests/vectorarray.py" line="866" name="test_rmul[1-&lt;lambda&gt;7]" time="0.002213716506958008"></testcase><testcase classname="src.pymortests.vectorarray" file="src/pymortests/vectorarray.py" line="866" name="test_rmul[1-&lt;lambda&gt;8]" time="0.015350818634033203"></testcase><testcase classname="src.pymortests.vectorarray" file="src/pymortests/vectorarray.py" line="866" name="test_rmul[1-&lt;lambda&gt;9]" time="0.03213691711425781"></testcase><testcase classname="src.pymortests.vectorarray" file="src/pymortests/vectorarray.py" line="866" name="test_rmul[1-&lt;lambda&gt;10]" time="0.003930807113647461"></testcase><testcase classname="src.pymortests.vectorarray" file="src/pymortests/vectorarray.py" line="866" name="test_rmul[1-&lt;lambda&gt;11]" time="0.003429412841796875"></testcase><testcase classname="src.pymortests.vectorarray" file="src/pymortests/vectorarray.py" line="866" name="test_rmul[1-&lt;lambda&gt;12]" time="0.003258943557739258"></testcase><testcase classname="src.pymortests.vectorarray" file="src/pymortests/vectorarray.py" line="866" name="test_rmul[1-&lt;lambda&gt;13]" time="0.0026693344116210938"></testcase><testcase classname="src.pymortests.vectorarray" file="src/pymortests/vectorarray.py" line="866" name="test_rmul[1-&lt;lambda&gt;14]" time="0.003302335739135742"></testcase><testcase classname="src.pymortests.vectorarray" file="src/pymortests/vectorarray.py" line="866" name="test_rmul[1-&lt;lambda&gt;15]" time="0.004150390625"></testcase><testcase classname="src.pymortests.vectorarray" file="src/pymortests/vectorarray.py" line="866" name="test_rmul[1-&lt;lambda&gt;16]" time="0.003876924514770508"></testcase><testcase classname="src.pymortests.vectorarray" file="src/pymortests/vectorarray.py" line="866" name="test_rmul[1-&lt;lambda&gt;17]" time="0.002298116683959961"></testcase><testcase classname="src.pymortests.vectorarray" file="src/pymortests/vectorarray.py" line="866" name="test_rmul[1-&lt;lambda&gt;18]" time="0.0021877288818359375"></testcase><testcase classname="src.pymortests.vectorarray" file="src/pymortests/vectorarray.py" line="866" name="test_rmul[1-&lt;lambda&gt;19]" time="0.004282474517822266"></testcase><testcase classname="src.pymortests.vectorarray" file="src/pymortests/vectorarray.py" line="866" name="test_rmul[1-&lt;lambda&gt;20]" time="0.03423810005187988"></testcase><testcase classname="src.pymortests.vectorarray" file="src/pymortests/vectorarray.py" line="866" name="test_rmul[1-&lt;lambda&gt;21]" time="0.07892751693725586"></testcase><testcase classname="src.pymortests.vectorarray" file="src/pymortests/vectorarray.py" line="866" name="test_rmul[1-&lt;lambda&gt;22]" time="0.0024759769439697266"></testcase><testcase classname="src.pymortests.vectorarray" file="src/pymortests/vectorarray.py" line="866" name="test_rmul[1-&lt;lambda&gt;23]" time="0.0017364025115966797"></testcase><testcase classname="src.pymortests.vectorarray" file="src/pymortests/vectorarray.py" line="866" name="test_rmul[1-&lt;lambda&gt;24]" time="0.014090538024902344"></testcase><testcase classname="src.pymortests.vectorarray" file="src/pymortests/vectorarray.py" line="866" name="test_rmul[1-&lt;lambda&gt;25]" time="0.47577619552612305"></testcase><testcase classname="src.pymortests.vectorarray" file="src/pymortests/vectorarray.py" line="866" name="test_rmul[1-&lt;lambda&gt;26]" time="1.12345290184021"></testcase><testcase classname="src.pymortests.vectorarray" file="src/pymortests/vectorarray.py" line="866" name="test_rmul[2-&lt;lambda&gt;0]" time="0.0029447078704833984"></testcase><testcase classname="src.pymortests.vectorarray" file="src/pymortests/vectorarray.py" line="866" name="test_rmul[2-&lt;lambda&gt;1]" time="0.0020303726196289062"></testcase><testcase classname="src.pymortests.vectorarray" file="src/pymortests/vectorarray.py" line="866" name="test_rmul[2-&lt;lambda&gt;2]" time="0.0020606517791748047"></testcase><testcase classname="src.pymortests.vectorarray" file="src/pymortests/vectorarray.py" line="866" name="test_rmul[2-&lt;lambda&gt;3]" time="0.0021626949310302734"></testcase><testcase classname="src.pymortests.vectorarray" file="src/pymortests/vectorarray.py" line="866" name="test_rmul[2-&lt;lambda&gt;4]" time="0.0019364356994628906"></testcase><testcase classname="src.pymortests.vectorarray" file="src/pymortests/vectorarray.py" line="866" name="test_rmul[2-&lt;lambda&gt;5]" time="0.0016720294952392578"></testcase><testcase classname="src.pymortests.vectorarray" file="src/pymortests/vectorarray.py" line="866" name="test_rmul[2-&lt;lambda&gt;6]" time="0.0016355514526367188"></testcase><testcase classname="src.pymortests.vectorarray" file="src/pymortests/vectorarray.py" line="866" name="test_rmul[2-&lt;lambda&gt;7]" time="0.0022165775299072266"></testcase><testcase classname="src.pymortests.vectorarray" file="src/pymortests/vectorarray.py" line="866" name="test_rmul[2-&lt;lambda&gt;8]" time="0.015582561492919922"></testcase><testcase classname="src.pymortests.vectorarray" file="src/pymortests/vectorarray.py" line="866" name="test_rmul[2-&lt;lambda&gt;9]" time="0.03186964988708496"></testcase><testcase classname="src.pymortests.vectorarray" file="src/pymortests/vectorarray.py" line="866" name="test_rmul[2-&lt;lambda&gt;10]" time="0.004022121429443359"></testcase><testcase classname="src.pymortests.vectorarray" file="src/pymortests/vectorarray.py" line="866" name="test_rmul[2-&lt;lambda&gt;11]" time="0.0035202503204345703"></testcase><testcase classname="src.pymortests.vectorarray" file="src/pymortests/vectorarray.py" line="866" name="test_rmul[2-&lt;lambda&gt;12]" time="0.003337860107421875"></testcase><testcase classname="src.pymortests.vectorarray" file="src/pymortests/vectorarray.py" line="866" name="test_rmul[2-&lt;lambda&gt;13]" time="0.0026683807373046875"></testcase><testcase classname="src.pymortests.vectorarray" file="src/pymortests/vectorarray.py" line="866" name="test_rmul[2-&lt;lambda&gt;14]" time="0.0033752918243408203"></testcase><testcase classname="src.pymortests.vectorarray" file="src/pymortests/vectorarray.py" line="866" name="test_rmul[2-&lt;lambda&gt;15]" time="0.004383087158203125"></testcase><testcase classname="src.pymortests.vectorarray" file="src/pymortests/vectorarray.py" line="866" name="test_rmul[2-&lt;lambda&gt;16]" time="0.003985166549682617"></testcase><testcase classname="src.pymortests.vectorarray" file="src/pymortests/vectorarray.py" line="866" name="test_rmul[2-&lt;lambda&gt;17]" time="0.0022554397583007812"></testcase><testcase classname="src.pymortests.vectorarray" file="src/pymortests/vectorarray.py" line="866" name="test_rmul[2-&lt;lambda&gt;18]" time="0.0020825862884521484"></testcase><testcase classname="src.pymortests.vectorarray" file="src/pymortests/vectorarray.py" line="866" name="test_rmul[2-&lt;lambda&gt;19]" time="0.0043146610260009766"></testcase><testcase classname="src.pymortests.vectorarray" file="src/pymortests/vectorarray.py" line="866" name="test_rmul[2-&lt;lambda&gt;20]" time="0.03460216522216797"></testcase><testcase classname="src.pymortests.vectorarray" file="src/pymortests/vectorarray.py" line="866" name="test_rmul[2-&lt;lambda&gt;21]" time="0.08099484443664551"></testcase><testcase classname="src.pymortests.vectorarray" file="src/pymortests/vectorarray.py" line="866" name="test_rmul[2-&lt;lambda&gt;22]" time="0.002524852752685547"></testcase><testcase classname="src.pymortests.vectorarray" file="src/pymortests/vectorarray.py" line="866" name="test_rmul[2-&lt;lambda&gt;23]" time="0.001804351806640625"></testcase><testcase classname="src.pymortests.vectorarray" file="src/pymortests/vectorarray.py" line="866" name="test_rmul[2-&lt;lambda&gt;24]" time="0.014303922653198242"></testcase><testcase classname="src.pymortests.vectorarray" file="src/pymortests/vectorarray.py" line="866" name="test_rmul[2-&lt;lambda&gt;25]" time="0.4761679172515869"></testcase><testcase classname="src.pymortests.vectorarray" file="src/pymortests/vectorarray.py" line="866" name="test_rmul[2-&lt;lambda&gt;26]" time="1.1219992637634277"></testcase><testcase classname="src.pymortests.vectorarray" file="src/pymortests/vectorarray.py" line="876" name="test_imul[0-&lt;lambda&gt;0]" time="0.002563953399658203"></testcase><testcase classname="src.pymortests.vectorarray" file="src/pymortests/vectorarray.py" line="876" name="test_imul[0-&lt;lambda&gt;1]" time="0.0017485618591308594"></testcase><testcase classname="src.pymortests.vectorarray" file="src/pymortests/vectorarray.py" line="876" name="test_imul[0-&lt;lambda&gt;2]" time="0.0016884803771972656"></testcase><testcase classname="src.pymortests.vectorarray" file="src/pymortests/vectorarray.py" line="876" name="test_imul[0-&lt;lambda&gt;3]" time="0.001859426498413086"></testcase><testcase classname="src.pymortests.vectorarray" file="src/pymortests/vectorarray.py" line="876" name="test_imul[0-&lt;lambda&gt;4]" time="0.0016770362854003906"></testcase><testcase classname="src.pymortests.vectorarray" file="src/pymortests/vectorarray.py" line="876" name="test_imul[0-&lt;lambda&gt;5]" time="0.0014166831970214844"></testcase><testcase classname="src.pymortests.vectorarray" file="src/pymortests/vectorarray.py" line="876" name="test_imul[0-&lt;lambda&gt;6]" time="0.0014002323150634766"></testcase><testcase classname="src.pymortests.vectorarray" file="src/pymortests/vectorarray.py" line="876" name="test_imul[0-&lt;lambda&gt;7]" time="0.0019063949584960938"></testcase><testcase classname="src.pymortests.vectorarray" file="src/pymortests/vectorarray.py" line="876" name="test_imul[0-&lt;lambda&gt;8]" time="0.010076522827148438"></testcase><testcase classname="src.pymortests.vectorarray" file="src/pymortests/vectorarray.py" line="876" name="test_imul[0-&lt;lambda&gt;9]" time="0.020789146423339844"></testcase><testcase classname="src.pymortests.vectorarray" file="src/pymortests/vectorarray.py" line="876" name="test_imul[0-&lt;lambda&gt;10]" time="0.003307342529296875"></testcase><testcase classname="src.pymortests.vectorarray" file="src/pymortests/vectorarray.py" line="876" name="test_imul[0-&lt;lambda&gt;11]" time="0.0025615692138671875"></testcase><testcase classname="src.pymortests.vectorarray" file="src/pymortests/vectorarray.py" line="876" name="test_imul[0-&lt;lambda&gt;12]" time="0.002438068389892578"></testcase><testcase classname="src.pymortests.vectorarray" file="src/pymortests/vectorarray.py" line="876" name="test_imul[0-&lt;lambda&gt;13]" time="0.0020079612731933594"></testcase><testcase classname="src.pymortests.vectorarray" file="src/pymortests/vectorarray.py" line="876" name="test_imul[0-&lt;lambda&gt;14]" time="0.0024220943450927734"></testcase><testcase classname="src.pymortests.vectorarray" file="src/pymortests/vectorarray.py" line="876" name="test_imul[0-&lt;lambda&gt;15]" time="0.002996206283569336"></testcase><testcase classname="src.pymortests.vectorarray" file="src/pymortests/vectorarray.py" line="876" name="test_imul[0-&lt;lambda&gt;16]" time="0.002954244613647461"></testcase><testcase classname="src.pymortests.vectorarray" file="src/pymortests/vectorarray.py" line="876" name="test_imul[0-&lt;lambda&gt;17]" time="0.002043485641479492"></testcase><testcase classname="src.pymortests.vectorarray" file="src/pymortests/vectorarray.py" line="876" name="test_imul[0-&lt;lambda&gt;18]" time="0.0017921924591064453"></testcase><testcase classname="src.pymortests.vectorarray" file="src/pymortests/vectorarray.py" line="876" name="test_imul[0-&lt;lambda&gt;19]" time="0.0037660598754882812"></testcase><testcase classname="src.pymortests.vectorarray" file="src/pymortests/vectorarray.py" line="876" name="test_imul[0-&lt;lambda&gt;20]" time="0.02666473388671875"></testcase><testcase classname="src.pymortests.vectorarray" file="src/pymortests/vectorarray.py" line="876" name="test_imul[0-&lt;lambda&gt;21]" time="0.06288290023803711"></testcase><testcase classname="src.pymortests.vectorarray" file="src/pymortests/vectorarray.py" line="876" name="test_imul[0-&lt;lambda&gt;22]" time="0.0021660327911376953"></testcase><testcase classname="src.pymortests.vectorarray" file="src/pymortests/vectorarray.py" line="876" name="test_imul[0-&lt;lambda&gt;23]" time="0.0014319419860839844"></testcase><testcase classname="src.pymortests.vectorarray" file="src/pymortests/vectorarray.py" line="876" name="test_imul[0-&lt;lambda&gt;24]" time="0.010732412338256836"></testcase><testcase classname="src.pymortests.vectorarray" file="src/pymortests/vectorarray.py" line="876" name="test_imul[0-&lt;lambda&gt;25]" time="0.363386869430542"></testcase><testcase classname="src.pymortests.vectorarray" file="src/pymortests/vectorarray.py" line="876" name="test_imul[0-&lt;lambda&gt;26]" time="0.8547754287719727"></testcase><testcase classname="src.pymortests.vectorarray" file="src/pymortests/vectorarray.py" line="876" name="test_imul[1-&lt;lambda&gt;0]" time="0.002751588821411133"></testcase><testcase classname="src.pymortests.vectorarray" file="src/pymortests/vectorarray.py" line="876" name="test_imul[1-&lt;lambda&gt;1]" time="0.0017960071563720703"></testcase><testcase classname="src.pymortests.vectorarray" file="src/pymortests/vectorarray.py" line="876" name="test_imul[1-&lt;lambda&gt;2]" time="0.001764535903930664"></testcase><testcase classname="src.pymortests.vectorarray" file="src/pymortests/vectorarray.py" line="876" name="test_imul[1-&lt;lambda&gt;3]" time="0.0017507076263427734"></testcase><testcase classname="src.pymortests.vectorarray" file="src/pymortests/vectorarray.py" line="876" name="test_imul[1-&lt;lambda&gt;4]" time="0.0016484260559082031"></testcase><testcase classname="src.pymortests.vectorarray" file="src/pymortests/vectorarray.py" line="876" name="test_imul[1-&lt;lambda&gt;5]" time="0.0014560222625732422"></testcase><testcase classname="src.pymortests.vectorarray" file="src/pymortests/vectorarray.py" line="876" name="test_imul[1-&lt;lambda&gt;6]" time="0.0014104843139648438"></testcase><testcase classname="src.pymortests.vectorarray" file="src/pymortests/vectorarray.py" line="876" name="test_imul[1-&lt;lambda&gt;7]" time="0.001796722412109375"></testcase><testcase classname="src.pymortests.vectorarray" file="src/pymortests/vectorarray.py" line="876" name="test_imul[1-&lt;lambda&gt;8]" time="0.010621786117553711"></testcase><testcase classname="src.pymortests.vectorarray" file="src/pymortests/vectorarray.py" line="876" name="test_imul[1-&lt;lambda&gt;9]" time="0.021973609924316406"></testcase><testcase classname="src.pymortests.vectorarray" file="src/pymortests/vectorarray.py" line="876" name="test_imul[1-&lt;lambda&gt;10]" time="0.0034983158111572266"></testcase><testcase classname="src.pymortests.vectorarray" file="src/pymortests/vectorarray.py" line="876" name="test_imul[1-&lt;lambda&gt;11]" time="0.0028641223907470703"></testcase><testcase classname="src.pymortests.vectorarray" file="src/pymortests/vectorarray.py" line="876" name="test_imul[1-&lt;lambda&gt;12]" time="0.0025701522827148438"></testcase><testcase classname="src.pymortests.vectorarray" file="src/pymortests/vectorarray.py" line="876" name="test_imul[1-&lt;lambda&gt;13]" time="0.0021827220916748047"></testcase><testcase classname="src.pymortests.vectorarray" file="src/pymortests/vectorarray.py" line="876" name="test_imul[1-&lt;lambda&gt;14]" time="0.0025467872619628906"></testcase><testcase classname="src.pymortests.vectorarray" file="src/pymortests/vectorarray.py" line="876" name="test_imul[1-&lt;lambda&gt;15]" time="0.003042936325073242"></testcase><testcase classname="src.pymortests.vectorarray" file="src/pymortests/vectorarray.py" line="876" name="test_imul[1-&lt;lambda&gt;16]" time="0.002959012985229492"></testcase><testcase classname="src.pymortests.vectorarray" file="src/pymortests/vectorarray.py" line="876" name="test_imul[1-&lt;lambda&gt;17]" time="0.0019237995147705078"></testcase><testcase classname="src.pymortests.vectorarray" file="src/pymortests/vectorarray.py" line="876" name="test_imul[1-&lt;lambda&gt;18]" time="0.0017864704132080078"></testcase><testcase classname="src.pymortests.vectorarray" file="src/pymortests/vectorarray.py" line="876" name="test_imul[1-&lt;lambda&gt;19]" time="0.0036385059356689453"></testcase><testcase classname="src.pymortests.vectorarray" file="src/pymortests/vectorarray.py" line="876" name="test_imul[1-&lt;lambda&gt;20]" time="0.027451276779174805"></testcase><testcase classname="src.pymortests.vectorarray" file="src/pymortests/vectorarray.py" line="876" name="test_imul[1-&lt;lambda&gt;21]" time="0.06249380111694336"></testcase><testcase classname="src.pymortests.vectorarray" file="src/pymortests/vectorarray.py" line="876" name="test_imul[1-&lt;lambda&gt;22]" time="0.002269744873046875"></testcase><testcase classname="src.pymortests.vectorarray" file="src/pymortests/vectorarray.py" line="876" name="test_imul[1-&lt;lambda&gt;23]" time="0.001514434814453125"></testcase><testcase classname="src.pymortests.vectorarray" file="src/pymortests/vectorarray.py" line="876" name="test_imul[1-&lt;lambda&gt;24]" time="0.011171579360961914"></testcase><testcase classname="src.pymortests.vectorarray" file="src/pymortests/vectorarray.py" line="876" name="test_imul[1-&lt;lambda&gt;25]" time="0.3605515956878662"></testcase><testcase classname="src.pymortests.vectorarray" file="src/pymortests/vectorarray.py" line="876" name="test_imul[1-&lt;lambda&gt;26]" time="0.8543257713317871"></testcase><testcase classname="src.pymortests.vectorarray" file="src/pymortests/vectorarray.py" line="876" name="test_imul[2-&lt;lambda&gt;0]" time="0.002546548843383789"></testcase><testcase classname="src.pymortests.vectorarray" file="src/pymortests/vectorarray.py" line="876" name="test_imul[2-&lt;lambda&gt;1]" time="0.001712799072265625"></testcase><testcase classname="src.pymortests.vectorarray" file="src/pymortests/vectorarray.py" line="876" name="test_imul[2-&lt;lambda&gt;2]" time="0.00170135498046875"></testcase><testcase classname="src.pymortests.vectorarray" file="src/pymortests/vectorarray.py" line="876" name="test_imul[2-&lt;lambda&gt;3]" time="0.001753091812133789"></testcase><testcase classname="src.pymortests.vectorarray" file="src/pymortests/vectorarray.py" line="876" name="test_imul[2-&lt;lambda&gt;4]" time="0.0017061233520507812"></testcase><testcase classname="src.pymortests.vectorarray" file="src/pymortests/vectorarray.py" line="876" name="test_imul[2-&lt;lambda&gt;5]" time="0.0014607906341552734"></testcase><testcase classname="src.pymortests.vectorarray" file="src/pymortests/vectorarray.py" line="876" name="test_imul[2-&lt;lambda&gt;6]" time="0.0014286041259765625"></testcase><testcase classname="src.pymortests.vectorarray" file="src/pymortests/vectorarray.py" line="876" name="test_imul[2-&lt;lambda&gt;7]" time="0.0017781257629394531"></testcase><testcase classname="src.pymortests.vectorarray" file="src/pymortests/vectorarray.py" line="876" name="test_imul[2-&lt;lambda&gt;8]" time="0.010389328002929688"></testcase><testcase classname="src.pymortests.vectorarray" file="src/pymortests/vectorarray.py" line="876" name="test_imul[2-&lt;lambda&gt;9]" time="0.0209805965423584"></testcase><testcase classname="src.pymortests.vectorarray" file="src/pymortests/vectorarray.py" line="876" name="test_imul[2-&lt;lambda&gt;10]" time="0.0033838748931884766"></testcase><testcase classname="src.pymortests.vectorarray" file="src/pymortests/vectorarray.py" line="876" name="test_imul[2-&lt;lambda&gt;11]" time="0.002579927444458008"></testcase><testcase classname="src.pymortests.vectorarray" file="src/pymortests/vectorarray.py" line="876" name="test_imul[2-&lt;lambda&gt;12]" time="0.0024983882904052734"></testcase><testcase classname="src.pymortests.vectorarray" file="src/pymortests/vectorarray.py" line="876" name="test_imul[2-&lt;lambda&gt;13]" time="0.0021622180938720703"></testcase><testcase classname="src.pymortests.vectorarray" file="src/pymortests/vectorarray.py" line="876" name="test_imul[2-&lt;lambda&gt;14]" time="0.0026247501373291016"></testcase><testcase classname="src.pymortests.vectorarray" file="src/pymortests/vectorarray.py" line="876" name="test_imul[2-&lt;lambda&gt;15]" time="0.0030677318572998047"></testcase><testcase classname="src.pymortests.vectorarray" file="src/pymortests/vectorarray.py" line="876" name="test_imul[2-&lt;lambda&gt;16]" time="0.0029921531677246094"></testcase><testcase classname="src.pymortests.vectorarray" file="src/pymortests/vectorarray.py" line="876" name="test_imul[2-&lt;lambda&gt;17]" time="0.002012014389038086"></testcase><testcase classname="src.pymortests.vectorarray" file="src/pymortests/vectorarray.py" line="876" name="test_imul[2-&lt;lambda&gt;18]" time="0.0018146038055419922"></testcase><testcase classname="src.pymortests.vectorarray" file="src/pymortests/vectorarray.py" line="876" name="test_imul[2-&lt;lambda&gt;19]" time="0.0037577152252197266"></testcase><testcase classname="src.pymortests.vectorarray" file="src/pymortests/vectorarray.py" line="876" name="test_imul[2-&lt;lambda&gt;20]" time="0.02788710594177246"></testcase><testcase classname="src.pymortests.vectorarray" file="src/pymortests/vectorarray.py" line="876" name="test_imul[2-&lt;lambda&gt;21]" time="0.06333780288696289"></testcase><testcase classname="src.pymortests.vectorarray" file="src/pymortests/vectorarray.py" line="876" name="test_imul[2-&lt;lambda&gt;22]" time="0.002332925796508789"></testcase><testcase classname="src.pymortests.vectorarray" file="src/pymortests/vectorarray.py" line="876" name="test_imul[2-&lt;lambda&gt;23]" time="0.001560211181640625"></testcase><testcase classname="src.pymortests.vectorarray" file="src/pymortests/vectorarray.py" line="876" name="test_imul[2-&lt;lambda&gt;24]" time="0.010986566543579102"></testcase><testcase classname="src.pymortests.vectorarray" file="src/pymortests/vectorarray.py" line="876" name="test_imul[2-&lt;lambda&gt;25]" time="0.36458468437194824"></testcase><testcase classname="src.pymortests.vectorarray" file="src/pymortests/vectorarray.py" line="876" name="test_imul[2-&lt;lambda&gt;26]" time="0.8530263900756836"></testcase><testcase classname="src.pymortests.vectorarray" file="src/pymortests/vectorarray.py" line="886" name="test_imul_wrong_factor[0-&lt;lambda&gt;0]" time="0.0017702579498291016"></testcase><testcase classname="src.pymortests.vectorarray" file="src/pymortests/vectorarray.py" line="886" name="test_imul_wrong_factor[0-&lt;lambda&gt;1]" time="0.0011775493621826172"></testcase><testcase classname="src.pymortests.vectorarray" file="src/pymortests/vectorarray.py" line="886" name="test_imul_wrong_factor[0-&lt;lambda&gt;2]" time="0.0010983943939208984"></testcase><testcase classname="src.pymortests.vectorarray" file="src/pymortests/vectorarray.py" line="886" name="test_imul_wrong_factor[0-&lt;lambda&gt;3]" time="0.0011584758758544922"></testcase><testcase classname="src.pymortests.vectorarray" file="src/pymortests/vectorarray.py" line="886" name="test_imul_wrong_factor[0-&lt;lambda&gt;4]" time="0.0010809898376464844"></testcase><testcase classname="src.pymortests.vectorarray" file="src/pymortests/vectorarray.py" line="886" name="test_imul_wrong_factor[0-&lt;lambda&gt;5]" time="0.0011410713195800781"></testcase><testcase classname="src.pymortests.vectorarray" file="src/pymortests/vectorarray.py" line="886" name="test_imul_wrong_factor[0-&lt;lambda&gt;6]" time="0.0010764598846435547"></testcase><testcase classname="src.pymortests.vectorarray" file="src/pymortests/vectorarray.py" line="886" name="test_imul_wrong_factor[0-&lt;lambda&gt;7]" time="0.0010843276977539062"></testcase><testcase classname="src.pymortests.vectorarray" file="src/pymortests/vectorarray.py" line="886" name="test_imul_wrong_factor[0-&lt;lambda&gt;8]" time="0.0012276172637939453"></testcase><testcase classname="src.pymortests.vectorarray" file="src/pymortests/vectorarray.py" line="886" name="test_imul_wrong_factor[0-&lt;lambda&gt;9]" time="0.0013768672943115234"></testcase><testcase classname="src.pymortests.vectorarray" file="src/pymortests/vectorarray.py" line="886" name="test_imul_wrong_factor[0-&lt;lambda&gt;10]" time="0.0012464523315429688"></testcase><testcase classname="src.pymortests.vectorarray" file="src/pymortests/vectorarray.py" line="886" name="test_imul_wrong_factor[0-&lt;lambda&gt;11]" time="0.0012040138244628906"></testcase><testcase classname="src.pymortests.vectorarray" file="src/pymortests/vectorarray.py" line="886" name="test_imul_wrong_factor[0-&lt;lambda&gt;12]" time="0.0012187957763671875"></testcase><testcase classname="src.pymortests.vectorarray" file="src/pymortests/vectorarray.py" line="886" name="test_imul_wrong_factor[0-&lt;lambda&gt;13]" time="0.0011396408081054688"></testcase><testcase classname="src.pymortests.vectorarray" file="src/pymortests/vectorarray.py" line="886" name="test_imul_wrong_factor[0-&lt;lambda&gt;14]" time="0.0011973381042480469"></testcase><testcase classname="src.pymortests.vectorarray" file="src/pymortests/vectorarray.py" line="886" name="test_imul_wrong_factor[0-&lt;lambda&gt;15]" time="0.0012331008911132812"></testcase><testcase classname="src.pymortests.vectorarray" file="src/pymortests/vectorarray.py" line="886" name="test_imul_wrong_factor[0-&lt;lambda&gt;16]" time="0.0012438297271728516"></testcase><testcase classname="src.pymortests.vectorarray" file="src/pymortests/vectorarray.py" line="886" name="test_imul_wrong_factor[0-&lt;lambda&gt;17]" time="0.0015244483947753906"></testcase><testcase classname="src.pymortests.vectorarray" file="src/pymortests/vectorarray.py" line="886" name="test_imul_wrong_factor[0-&lt;lambda&gt;18]" time="0.00151824951171875"></testcase><testcase classname="src.pymortests.vectorarray" file="src/pymortests/vectorarray.py" line="886" name="test_imul_wrong_factor[0-&lt;lambda&gt;19]" time="0.0023071765899658203"></testcase><testcase classname="src.pymortests.vectorarray" file="src/pymortests/vectorarray.py" line="886" name="test_imul_wrong_factor[0-&lt;lambda&gt;20]" time="0.008768320083618164"></testcase><testcase classname="src.pymortests.vectorarray" file="src/pymortests/vectorarray.py" line="886" name="test_imul_wrong_factor[0-&lt;lambda&gt;21]" time="0.019034385681152344"></testcase><testcase classname="src.pymortests.vectorarray" file="src/pymortests/vectorarray.py" line="886" name="test_imul_wrong_factor[0-&lt;lambda&gt;22]" time="0.0016293525695800781"></testcase><testcase classname="src.pymortests.vectorarray" file="src/pymortests/vectorarray.py" line="886" name="test_imul_wrong_factor[0-&lt;lambda&gt;23]" time="0.0011167526245117188"></testcase><testcase classname="src.pymortests.vectorarray" file="src/pymortests/vectorarray.py" line="886" name="test_imul_wrong_factor[0-&lt;lambda&gt;24]" time="0.0020885467529296875"></testcase><testcase classname="src.pymortests.vectorarray" file="src/pymortests/vectorarray.py" line="886" name="test_imul_wrong_factor[0-&lt;lambda&gt;25]" time="0.022861480712890625"></testcase><testcase classname="src.pymortests.vectorarray" file="src/pymortests/vectorarray.py" line="886" name="test_imul_wrong_factor[0-&lt;lambda&gt;26]" time="0.05365252494812012"></testcase><testcase classname="src.pymortests.vectorarray" file="src/pymortests/vectorarray.py" line="886" name="test_imul_wrong_factor[1-&lt;lambda&gt;0]" time="0.0017507076263427734"></testcase><testcase classname="src.pymortests.vectorarray" file="src/pymortests/vectorarray.py" line="886" name="test_imul_wrong_factor[1-&lt;lambda&gt;1]" time="0.0012691020965576172"></testcase><testcase classname="src.pymortests.vectorarray" file="src/pymortests/vectorarray.py" line="886" name="test_imul_wrong_factor[1-&lt;lambda&gt;2]" time="0.0011239051818847656"></testcase><testcase classname="src.pymortests.vectorarray" file="src/pymortests/vectorarray.py" line="886" name="test_imul_wrong_factor[1-&lt;lambda&gt;3]" time="0.0011591911315917969"></testcase><testcase classname="src.pymortests.vectorarray" file="src/pymortests/vectorarray.py" line="886" name="test_imul_wrong_factor[1-&lt;lambda&gt;4]" time="0.0010666847229003906"></testcase><testcase classname="src.pymortests.vectorarray" file="src/pymortests/vectorarray.py" line="886" name="test_imul_wrong_factor[1-&lt;lambda&gt;5]" time="0.001154184341430664"></testcase><testcase classname="src.pymortests.vectorarray" file="src/pymortests/vectorarray.py" line="886" name="test_imul_wrong_factor[1-&lt;lambda&gt;6]" time="0.001102447509765625"></testcase><testcase classname="src.pymortests.vectorarray" file="src/pymortests/vectorarray.py" line="886" name="test_imul_wrong_factor[1-&lt;lambda&gt;7]" time="0.0011301040649414062"></testcase><testcase classname="src.pymortests.vectorarray" file="src/pymortests/vectorarray.py" line="886" name="test_imul_wrong_factor[1-&lt;lambda&gt;8]" time="0.0013697147369384766"></testcase><testcase classname="src.pymortests.vectorarray" file="src/pymortests/vectorarray.py" line="886" name="test_imul_wrong_factor[1-&lt;lambda&gt;9]" time="0.001834869384765625"></testcase><testcase classname="src.pymortests.vectorarray" file="src/pymortests/vectorarray.py" line="886" name="test_imul_wrong_factor[1-&lt;lambda&gt;10]" time="0.0013184547424316406"></testcase><testcase classname="src.pymortests.vectorarray" file="src/pymortests/vectorarray.py" line="886" name="test_imul_wrong_factor[1-&lt;lambda&gt;11]" time="0.0012927055358886719"></testcase><testcase classname="src.pymortests.vectorarray" file="src/pymortests/vectorarray.py" line="886" name="test_imul_wrong_factor[1-&lt;lambda&gt;12]" time="0.001310586929321289"></testcase><testcase classname="src.pymortests.vectorarray" file="src/pymortests/vectorarray.py" line="886" name="test_imul_wrong_factor[1-&lt;lambda&gt;13]" time="0.0012431144714355469"></testcase><testcase classname="src.pymortests.vectorarray" file="src/pymortests/vectorarray.py" line="886" name="test_imul_wrong_factor[1-&lt;lambda&gt;14]" time="0.0013570785522460938"></testcase><testcase classname="src.pymortests.vectorarray" file="src/pymortests/vectorarray.py" line="886" name="test_imul_wrong_factor[1-&lt;lambda&gt;15]" time="0.0023086071014404297"></testcase><testcase classname="src.pymortests.vectorarray" file="src/pymortests/vectorarray.py" line="886" name="test_imul_wrong_factor[1-&lt;lambda&gt;16]" time="0.0014996528625488281"></testcase><testcase classname="src.pymortests.vectorarray" file="src/pymortests/vectorarray.py" line="886" name="test_imul_wrong_factor[1-&lt;lambda&gt;17]" time="0.0015826225280761719"></testcase><testcase classname="src.pymortests.vectorarray" file="src/pymortests/vectorarray.py" line="886" name="test_imul_wrong_factor[1-&lt;lambda&gt;18]" time="0.0016512870788574219"></testcase><testcase classname="src.pymortests.vectorarray" file="src/pymortests/vectorarray.py" line="886" name="test_imul_wrong_factor[1-&lt;lambda&gt;19]" time="0.002308368682861328"></testcase><testcase classname="src.pymortests.vectorarray" file="src/pymortests/vectorarray.py" line="886" name="test_imul_wrong_factor[1-&lt;lambda&gt;20]" time="0.009352922439575195"></testcase><testcase classname="src.pymortests.vectorarray" file="src/pymortests/vectorarray.py" line="886" name="test_imul_wrong_factor[1-&lt;lambda&gt;21]" time="0.019225120544433594"></testcase><testcase classname="src.pymortests.vectorarray" file="src/pymortests/vectorarray.py" line="886" name="test_imul_wrong_factor[1-&lt;lambda&gt;22]" time="0.0015747547149658203"></testcase><testcase classname="src.pymortests.vectorarray" file="src/pymortests/vectorarray.py" line="886" name="test_imul_wrong_factor[1-&lt;lambda&gt;23]" time="0.0011115074157714844"></testcase><testcase classname="src.pymortests.vectorarray" file="src/pymortests/vectorarray.py" line="886" name="test_imul_wrong_factor[1-&lt;lambda&gt;24]" time="0.0020418167114257812"></testcase><testcase classname="src.pymortests.vectorarray" file="src/pymortests/vectorarray.py" line="886" name="test_imul_wrong_factor[1-&lt;lambda&gt;25]" time="0.02335524559020996"></testcase><testcase classname="src.pymortests.vectorarray" file="src/pymortests/vectorarray.py" line="886" name="test_imul_wrong_factor[1-&lt;lambda&gt;26]" time="0.0536952018737793"></testcase><testcase classname="src.pymortests.vectorarray" file="src/pymortests/vectorarray.py" line="886" name="test_imul_wrong_factor[2-&lt;lambda&gt;0]" time="0.0018420219421386719"></testcase><testcase classname="src.pymortests.vectorarray" file="src/pymortests/vectorarray.py" line="886" name="test_imul_wrong_factor[2-&lt;lambda&gt;1]" time="0.0012025833129882812"></testcase><testcase classname="src.pymortests.vectorarray" file="src/pymortests/vectorarray.py" line="886" name="test_imul_wrong_factor[2-&lt;lambda&gt;2]" time="0.0011074542999267578"></testcase><testcase classname="src.pymortests.vectorarray" file="src/pymortests/vectorarray.py" line="886" name="test_imul_wrong_factor[2-&lt;lambda&gt;3]" time="0.0012569427490234375"></testcase><testcase classname="src.pymortests.vectorarray" file="src/pymortests/vectorarray.py" line="886" name="test_imul_wrong_factor[2-&lt;lambda&gt;4]" time="0.0010941028594970703"></testcase><testcase classname="src.pymortests.vectorarray" file="src/pymortests/vectorarray.py" line="886" name="test_imul_wrong_factor[2-&lt;lambda&gt;5]" time="0.0011510848999023438"></testcase><testcase classname="src.pymortests.vectorarray" file="src/pymortests/vectorarray.py" line="886" name="test_imul_wrong_factor[2-&lt;lambda&gt;6]" time="0.0011043548583984375"></testcase><testcase classname="src.pymortests.vectorarray" file="src/pymortests/vectorarray.py" line="886" name="test_imul_wrong_factor[2-&lt;lambda&gt;7]" time="0.0011739730834960938"></testcase><testcase classname="src.pymortests.vectorarray" file="src/pymortests/vectorarray.py" line="886" name="test_imul_wrong_factor[2-&lt;lambda&gt;8]" time="0.0014541149139404297"></testcase><testcase classname="src.pymortests.vectorarray" file="src/pymortests/vectorarray.py" line="886" name="test_imul_wrong_factor[2-&lt;lambda&gt;9]" time="0.001863241195678711"></testcase><testcase classname="src.pymortests.vectorarray" file="src/pymortests/vectorarray.py" line="886" name="test_imul_wrong_factor[2-&lt;lambda&gt;10]" time="0.001310110092163086"></testcase><testcase classname="src.pymortests.vectorarray" file="src/pymortests/vectorarray.py" line="886" name="test_imul_wrong_factor[2-&lt;lambda&gt;11]" time="0.0012621879577636719"></testcase><testcase classname="src.pymortests.vectorarray" file="src/pymortests/vectorarray.py" line="886" name="test_imul_wrong_factor[2-&lt;lambda&gt;12]" time="0.0012841224670410156"></testcase><testcase classname="src.pymortests.vectorarray" file="src/pymortests/vectorarray.py" line="886" name="test_imul_wrong_factor[2-&lt;lambda&gt;13]" time="0.0012054443359375"></testcase><testcase classname="src.pymortests.vectorarray" file="src/pymortests/vectorarray.py" line="886" name="test_imul_wrong_factor[2-&lt;lambda&gt;14]" time="0.0013186931610107422"></testcase><testcase classname="src.pymortests.vectorarray" file="src/pymortests/vectorarray.py" line="886" name="test_imul_wrong_factor[2-&lt;lambda&gt;15]" time="0.0013074874877929688"></testcase><testcase classname="src.pymortests.vectorarray" file="src/pymortests/vectorarray.py" line="886" name="test_imul_wrong_factor[2-&lt;lambda&gt;16]" time="0.0012733936309814453"></testcase><testcase classname="src.pymortests.vectorarray" file="src/pymortests/vectorarray.py" line="886" name="test_imul_wrong_factor[2-&lt;lambda&gt;17]" time="0.0015544891357421875"></testcase><testcase classname="src.pymortests.vectorarray" file="src/pymortests/vectorarray.py" line="886" name="test_imul_wrong_factor[2-&lt;lambda&gt;18]" time="0.0014712810516357422"></testcase><testcase classname="src.pymortests.vectorarray" file="src/pymortests/vectorarray.py" line="886" name="test_imul_wrong_factor[2-&lt;lambda&gt;19]" time="0.002351522445678711"></testcase><testcase classname="src.pymortests.vectorarray" file="src/pymortests/vectorarray.py" line="886" name="test_imul_wrong_factor[2-&lt;lambda&gt;20]" time="0.009030342102050781"></testcase><testcase classname="src.pymortests.vectorarray" file="src/pymortests/vectorarray.py" line="886" name="test_imul_wrong_factor[2-&lt;lambda&gt;21]" time="0.01928114891052246"></testcase><testcase classname="src.pymortests.vectorarray" file="src/pymortests/vectorarray.py" line="886" name="test_imul_wrong_factor[2-&lt;lambda&gt;22]" time="0.0016105175018310547"></testcase><testcase classname="src.pymortests.vectorarray" file="src/pymortests/vectorarray.py" line="886" name="test_imul_wrong_factor[2-&lt;lambda&gt;23]" time="0.0011491775512695312"></testcase><testcase classname="src.pymortests.vectorarray" file="src/pymortests/vectorarray.py" line="886" name="test_imul_wrong_factor[2-&lt;lambda&gt;24]" time="0.002039670944213867"></testcase><testcase classname="src.pymortests.vectorarray" file="src/pymortests/vectorarray.py" line="886" name="test_imul_wrong_factor[2-&lt;lambda&gt;25]" time="0.023309946060180664"></testcase><testcase classname="src.pymortests.vectorarray" file="src/pymortests/vectorarray.py" line="886" name="test_imul_wrong_factor[2-&lt;lambda&gt;26]" time="0.0533297061920166"></testcase><testcase classname="src.pymortests.vectorarray" file="src/pymortests/vectorarray.py" line="895" name="test_append_incompatible[&lt;lambda&gt;0]" time="0.0015726089477539062"></testcase><testcase classname="src.pymortests.vectorarray" file="src/pymortests/vectorarray.py" line="895" name="test_append_incompatible[&lt;lambda&gt;1]" time="0.0011882781982421875"></testcase><testcase classname="src.pymortests.vectorarray" file="src/pymortests/vectorarray.py" line="895" name="test_append_incompatible[&lt;lambda&gt;2]" time="0.0010633468627929688"></testcase><testcase classname="src.pymortests.vectorarray" file="src/pymortests/vectorarray.py" line="895" name="test_append_incompatible[&lt;lambda&gt;3]" time="0.0010921955108642578"></testcase><testcase classname="src.pymortests.vectorarray" file="src/pymortests/vectorarray.py" line="895" name="test_append_incompatible[&lt;lambda&gt;4]" time="0.0010132789611816406"></testcase><testcase classname="src.pymortests.vectorarray" file="src/pymortests/vectorarray.py" line="895" name="test_append_incompatible[&lt;lambda&gt;5]" time="0.0010478496551513672"></testcase><testcase classname="src.pymortests.vectorarray" file="src/pymortests/vectorarray.py" line="895" name="test_append_incompatible[&lt;lambda&gt;6]" time="0.0010340213775634766"></testcase><testcase classname="src.pymortests.vectorarray" file="src/pymortests/vectorarray.py" line="895" name="test_append_incompatible[&lt;lambda&gt;7]" time="0.0010294914245605469"></testcase><testcase classname="src.pymortests.vectorarray" file="src/pymortests/vectorarray.py" line="895" name="test_append_incompatible[&lt;lambda&gt;8]" time="0.0016880035400390625"></testcase><testcase classname="src.pymortests.vectorarray" file="src/pymortests/vectorarray.py" line="895" name="test_append_incompatible[&lt;lambda&gt;9]" time="0.002817869186401367"></testcase><testcase classname="src.pymortests.vectorarray" file="src/pymortests/vectorarray.py" line="895" name="test_append_incompatible[&lt;lambda&gt;10]" time="0.0013158321380615234"></testcase><testcase classname="src.pymortests.vectorarray" file="src/pymortests/vectorarray.py" line="895" name="test_append_incompatible[&lt;lambda&gt;11]" time="0.0012538433074951172"></testcase><testcase classname="src.pymortests.vectorarray" file="src/pymortests/vectorarray.py" line="895" name="test_append_incompatible[&lt;lambda&gt;12]" time="0.0013546943664550781"></testcase><testcase classname="src.pymortests.vectorarray" file="src/pymortests/vectorarray.py" line="895" name="test_append_incompatible[&lt;lambda&gt;13]" time="0.0013363361358642578"></testcase><testcase classname="src.pymortests.vectorarray" file="src/pymortests/vectorarray.py" line="895" name="test_append_incompatible[&lt;lambda&gt;14]" time="0.0013661384582519531"></testcase><testcase classname="src.pymortests.vectorarray" file="src/pymortests/vectorarray.py" line="895" name="test_append_incompatible[&lt;lambda&gt;15]" time="0.0016586780548095703"></testcase><testcase classname="src.pymortests.vectorarray" file="src/pymortests/vectorarray.py" line="895" name="test_append_incompatible[&lt;lambda&gt;16]" time="0.0017859935760498047"></testcase><testcase classname="src.pymortests.vectorarray" file="src/pymortests/vectorarray.py" line="895" name="test_append_incompatible[&lt;lambda&gt;17]" time="0.0018684864044189453"></testcase><testcase classname="src.pymortests.vectorarray" file="src/pymortests/vectorarray.py" line="895" name="test_append_incompatible[&lt;lambda&gt;18]" time="0.030127763748168945"></testcase><testcase classname="src.pymortests.vectorarray" file="src/pymortests/vectorarray.py" line="895" name="test_append_incompatible[&lt;lambda&gt;19]" time="0.02300238609313965"></testcase><testcase classname="src.pymortests.vectorarray" file="src/pymortests/vectorarray.py" line="895" name="test_append_incompatible[&lt;lambda&gt;20]" time="0.0036306381225585938"><system-out> set global mesh
 set global mesh
 Update mesh topology
 Update edges 
 Update faces 
 Update clusters
</system-out></testcase><testcase classname="src.pymortests.vectorarray" file="src/pymortests/vectorarray.py" line="895" name="test_append_incompatible[&lt;lambda&gt;21]" time="0.0031805038452148438"><system-out> set global mesh
 set global mesh
 Update mesh topology
 Update edges 
 Update faces 
 Update clusters
</system-out></testcase><testcase classname="src.pymortests.vectorarray" file="src/pymortests/vectorarray.py" line="895" name="test_append_incompatible[&lt;lambda&gt;22]" time="0.0021402835845947266"></testcase><testcase classname="src.pymortests.vectorarray" file="src/pymortests/vectorarray.py" line="895" name="test_append_incompatible[&lt;lambda&gt;23]" time="0.029276371002197266"><system-out> set global mesh
 set global mesh
 Update mesh topology
 Update edges 
 Update faces 
 Update clusters
</system-out></testcase><testcase classname="src.pymortests.vectorarray" file="src/pymortests/vectorarray.py" line="895" name="test_append_incompatible[&lt;lambda&gt;24]" time="0.0604555606842041"><system-out> set global mesh
 set global mesh
 Update mesh topology
 Update edges 
 Update faces 
 Update clusters
</system-out></testcase><testcase classname="src.pymortests.vectorarray" file="src/pymortests/vectorarray.py" line="906" name="test_axpy_incompatible[&lt;lambda&gt;0]" time="0.0033452510833740234"></testcase><testcase classname="src.pymortests.vectorarray" file="src/pymortests/vectorarray.py" line="906" name="test_axpy_incompatible[&lt;lambda&gt;1]" time="0.0012857913970947266"></testcase><testcase classname="src.pymortests.vectorarray" file="src/pymortests/vectorarray.py" line="906" name="test_axpy_incompatible[&lt;lambda&gt;2]" time="0.00410771369934082"></testcase><testcase classname="src.pymortests.vectorarray" file="src/pymortests/vectorarray.py" line="906" name="test_axpy_incompatible[&lt;lambda&gt;3]" time="0.0036232471466064453"></testcase><testcase classname="src.pymortests.vectorarray" file="src/pymortests/vectorarray.py" line="906" name="test_axpy_incompatible[&lt;lambda&gt;4]" time="0.003864765167236328"></testcase><testcase classname="src.pymortests.vectorarray" file="src/pymortests/vectorarray.py" line="906" name="test_axpy_incompatible[&lt;lambda&gt;5]" time="0.0021719932556152344"></testcase><testcase classname="src.pymortests.vectorarray" file="src/pymortests/vectorarray.py" line="906" name="test_axpy_incompatible[&lt;lambda&gt;6]" time="0.0012652873992919922"></testcase><testcase classname="src.pymortests.vectorarray" file="src/pymortests/vectorarray.py" line="906" name="test_axpy_incompatible[&lt;lambda&gt;7]" time="0.0045566558837890625"></testcase><testcase classname="src.pymortests.vectorarray" file="src/pymortests/vectorarray.py" line="906" name="test_axpy_incompatible[&lt;lambda&gt;8]" time="0.00988912582397461"></testcase><testcase classname="src.pymortests.vectorarray" file="src/pymortests/vectorarray.py" line="906" name="test_axpy_incompatible[&lt;lambda&gt;9]" time="0.01810741424560547"></testcase><testcase classname="src.pymortests.vectorarray" file="src/pymortests/vectorarray.py" line="906" name="test_axpy_incompatible[&lt;lambda&gt;10]" time="0.005030393600463867"></testcase><testcase classname="src.pymortests.vectorarray" file="src/pymortests/vectorarray.py" line="906" name="test_axpy_incompatible[&lt;lambda&gt;11]" time="0.0015823841094970703"></testcase><testcase classname="src.pymortests.vectorarray" file="src/pymortests/vectorarray.py" line="906" name="test_axpy_incompatible[&lt;lambda&gt;12]" time="0.009355306625366211"></testcase><testcase classname="src.pymortests.vectorarray" file="src/pymortests/vectorarray.py" line="906" name="test_axpy_incompatible[&lt;lambda&gt;13]" time="0.006569385528564453"></testcase><testcase classname="src.pymortests.vectorarray" file="src/pymortests/vectorarray.py" line="906" name="test_axpy_incompatible[&lt;lambda&gt;14]" time="0.00846552848815918"></testcase><testcase classname="src.pymortests.vectorarray" file="src/pymortests/vectorarray.py" line="906" name="test_axpy_incompatible[&lt;lambda&gt;15]" time="0.003072500228881836"></testcase><testcase classname="src.pymortests.vectorarray" file="src/pymortests/vectorarray.py" line="906" name="test_axpy_incompatible[&lt;lambda&gt;16]" time="0.002080678939819336"></testcase><testcase classname="src.pymortests.vectorarray" file="src/pymortests/vectorarray.py" line="906" name="test_axpy_incompatible[&lt;lambda&gt;17]" time="0.006021738052368164"></testcase><testcase classname="src.pymortests.vectorarray" file="src/pymortests/vectorarray.py" line="906" name="test_axpy_incompatible[&lt;lambda&gt;18]" time="0.03802657127380371"></testcase><testcase classname="src.pymortests.vectorarray" file="src/pymortests/vectorarray.py" line="906" name="test_axpy_incompatible[&lt;lambda&gt;19]" time="0.03852224349975586"></testcase><testcase classname="src.pymortests.vectorarray" file="src/pymortests/vectorarray.py" line="906" name="test_axpy_incompatible[&lt;lambda&gt;20]" time="0.0032160282135009766"></testcase><testcase classname="src.pymortests.vectorarray" file="src/pymortests/vectorarray.py" line="906" name="test_axpy_incompatible[&lt;lambda&gt;21]" time="0.0021991729736328125"></testcase><testcase classname="src.pymortests.vectorarray" file="src/pymortests/vectorarray.py" line="906" name="test_axpy_incompatible[&lt;lambda&gt;22]" time="0.006146669387817383"></testcase><testcase classname="src.pymortests.vectorarray" file="src/pymortests/vectorarray.py" line="906" name="test_axpy_incompatible[&lt;lambda&gt;23]" time="0.036420583724975586"></testcase><testcase classname="src.pymortests.vectorarray" file="src/pymortests/vectorarray.py" line="906" name="test_axpy_incompatible[&lt;lambda&gt;24]" time="0.07433104515075684"></testcase><testcase classname="src.pymortests.vectorarray" file="src/pymortests/vectorarray.py" line="923" name="test_dot_incompatible[&lt;lambda&gt;0]" time="0.002071857452392578"></testcase><testcase classname="src.pymortests.vectorarray" file="src/pymortests/vectorarray.py" line="923" name="test_dot_incompatible[&lt;lambda&gt;1]" time="0.001119375228881836"></testcase><testcase classname="src.pymortests.vectorarray" file="src/pymortests/vectorarray.py" line="923" name="test_dot_incompatible[&lt;lambda&gt;2]" time="0.001957416534423828"></testcase><testcase classname="src.pymortests.vectorarray" file="src/pymortests/vectorarray.py" line="923" name="test_dot_incompatible[&lt;lambda&gt;3]" time="0.0017769336700439453"></testcase><testcase classname="src.pymortests.vectorarray" file="src/pymortests/vectorarray.py" line="923" name="test_dot_incompatible[&lt;lambda&gt;4]" time="0.0018680095672607422"></testcase><testcase classname="src.pymortests.vectorarray" file="src/pymortests/vectorarray.py" line="923" name="test_dot_incompatible[&lt;lambda&gt;5]" time="0.0013000965118408203"></testcase><testcase classname="src.pymortests.vectorarray" file="src/pymortests/vectorarray.py" line="923" name="test_dot_incompatible[&lt;lambda&gt;6]" time="0.0010819435119628906"></testcase><testcase classname="src.pymortests.vectorarray" file="src/pymortests/vectorarray.py" line="923" name="test_dot_incompatible[&lt;lambda&gt;7]" time="0.0020630359649658203"></testcase><testcase classname="src.pymortests.vectorarray" file="src/pymortests/vectorarray.py" line="923" name="test_dot_incompatible[&lt;lambda&gt;8]" time="0.00357818603515625"></testcase><testcase classname="src.pymortests.vectorarray" file="src/pymortests/vectorarray.py" line="923" name="test_dot_incompatible[&lt;lambda&gt;9]" time="0.00568699836730957"></testcase><testcase classname="src.pymortests.vectorarray" file="src/pymortests/vectorarray.py" line="923" name="test_dot_incompatible[&lt;lambda&gt;10]" time="0.0018923282623291016"></testcase><testcase classname="src.pymortests.vectorarray" file="src/pymortests/vectorarray.py" line="923" name="test_dot_incompatible[&lt;lambda&gt;11]" time="0.0012557506561279297"></testcase><testcase classname="src.pymortests.vectorarray" file="src/pymortests/vectorarray.py" line="923" name="test_dot_incompatible[&lt;lambda&gt;12]" time="0.0033843517303466797"></testcase><testcase classname="src.pymortests.vectorarray" file="src/pymortests/vectorarray.py" line="923" name="test_dot_incompatible[&lt;lambda&gt;13]" time="0.005422115325927734"></testcase><testcase classname="src.pymortests.vectorarray" file="src/pymortests/vectorarray.py" line="923" name="test_dot_incompatible[&lt;lambda&gt;14]" time="0.003282785415649414"></testcase><testcase classname="src.pymortests.vectorarray" file="src/pymortests/vectorarray.py" line="923" name="test_dot_incompatible[&lt;lambda&gt;15]" time="0.002025604248046875"></testcase><testcase classname="src.pymortests.vectorarray" file="src/pymortests/vectorarray.py" line="923" name="test_dot_incompatible[&lt;lambda&gt;16]" time="0.0019490718841552734"></testcase><testcase classname="src.pymortests.vectorarray" file="src/pymortests/vectorarray.py" line="923" name="test_dot_incompatible[&lt;lambda&gt;17]" time="0.003176450729370117"></testcase><testcase classname="src.pymortests.vectorarray" file="src/pymortests/vectorarray.py" line="923" name="test_dot_incompatible[&lt;lambda&gt;18]" time="0.030763626098632812"></testcase><testcase classname="src.pymortests.vectorarray" file="src/pymortests/vectorarray.py" line="923" name="test_dot_incompatible[&lt;lambda&gt;19]" time="0.026651620864868164"></testcase><testcase classname="src.pymortests.vectorarray" file="src/pymortests/vectorarray.py" line="923" name="test_dot_incompatible[&lt;lambda&gt;20]" time="0.0019345283508300781"></testcase><testcase classname="src.pymortests.vectorarray" file="src/pymortests/vectorarray.py" line="923" name="test_dot_incompatible[&lt;lambda&gt;21]" time="0.002018451690673828"></testcase><testcase classname="src.pymortests.vectorarray" file="src/pymortests/vectorarray.py" line="923" name="test_dot_incompatible[&lt;lambda&gt;22]" time="0.0034797191619873047"></testcase><testcase classname="src.pymortests.vectorarray" file="src/pymortests/vectorarray.py" line="923" name="test_dot_incompatible[&lt;lambda&gt;23]" time="0.02969670295715332"></testcase><testcase classname="src.pymortests.vectorarray" file="src/pymortests/vectorarray.py" line="923" name="test_dot_incompatible[&lt;lambda&gt;24]" time="0.062488555908203125"></testcase><testcase classname="src.pymortests.vectorarray" file="src/pymortests/vectorarray.py" line="931" name="test_pairwise_dot_incompatible[&lt;lambda&gt;0]" time="0.0019767284393310547"></testcase><testcase classname="src.pymortests.vectorarray" file="src/pymortests/vectorarray.py" line="931" name="test_pairwise_dot_incompatible[&lt;lambda&gt;1]" time="0.001146554946899414"></testcase><testcase classname="src.pymortests.vectorarray" file="src/pymortests/vectorarray.py" line="931" name="test_pairwise_dot_incompatible[&lt;lambda&gt;2]" time="0.0019404888153076172"></testcase><testcase classname="src.pymortests.vectorarray" file="src/pymortests/vectorarray.py" line="931" name="test_pairwise_dot_incompatible[&lt;lambda&gt;3]" time="0.0018155574798583984"></testcase><testcase classname="src.pymortests.vectorarray" file="src/pymortests/vectorarray.py" line="931" name="test_pairwise_dot_incompatible[&lt;lambda&gt;4]" time="0.0019450187683105469"></testcase><testcase classname="src.pymortests.vectorarray" file="src/pymortests/vectorarray.py" line="931" name="test_pairwise_dot_incompatible[&lt;lambda&gt;5]" time="0.0013403892517089844"></testcase><testcase classname="src.pymortests.vectorarray" file="src/pymortests/vectorarray.py" line="931" name="test_pairwise_dot_incompatible[&lt;lambda&gt;6]" time="0.0010921955108642578"></testcase><testcase classname="src.pymortests.vectorarray" file="src/pymortests/vectorarray.py" line="931" name="test_pairwise_dot_incompatible[&lt;lambda&gt;7]" time="0.002140045166015625"></testcase><testcase classname="src.pymortests.vectorarray" file="src/pymortests/vectorarray.py" line="931" name="test_pairwise_dot_incompatible[&lt;lambda&gt;8]" time="0.0035681724548339844"></testcase><testcase classname="src.pymortests.vectorarray" file="src/pymortests/vectorarray.py" line="931" name="test_pairwise_dot_incompatible[&lt;lambda&gt;9]" time="0.005713939666748047"></testcase><testcase classname="src.pymortests.vectorarray" file="src/pymortests/vectorarray.py" line="931" name="test_pairwise_dot_incompatible[&lt;lambda&gt;10]" time="0.0019006729125976562"></testcase><testcase classname="src.pymortests.vectorarray" file="src/pymortests/vectorarray.py" line="931" name="test_pairwise_dot_incompatible[&lt;lambda&gt;11]" time="0.001260995864868164"></testcase><testcase classname="src.pymortests.vectorarray" file="src/pymortests/vectorarray.py" line="931" name="test_pairwise_dot_incompatible[&lt;lambda&gt;12]" time="0.003575563430786133"></testcase><testcase classname="src.pymortests.vectorarray" file="src/pymortests/vectorarray.py" line="931" name="test_pairwise_dot_incompatible[&lt;lambda&gt;13]" time="0.0028076171875"></testcase><testcase classname="src.pymortests.vectorarray" file="src/pymortests/vectorarray.py" line="931" name="test_pairwise_dot_incompatible[&lt;lambda&gt;14]" time="0.0032761096954345703"></testcase><testcase classname="src.pymortests.vectorarray" file="src/pymortests/vectorarray.py" line="931" name="test_pairwise_dot_incompatible[&lt;lambda&gt;15]" time="0.002084016799926758"></testcase><testcase classname="src.pymortests.vectorarray" file="src/pymortests/vectorarray.py" line="931" name="test_pairwise_dot_incompatible[&lt;lambda&gt;16]" time="0.0018165111541748047"></testcase><testcase classname="src.pymortests.vectorarray" file="src/pymortests/vectorarray.py" line="931" name="test_pairwise_dot_incompatible[&lt;lambda&gt;17]" time="0.002968311309814453"></testcase><testcase classname="src.pymortests.vectorarray" file="src/pymortests/vectorarray.py" line="931" name="test_pairwise_dot_incompatible[&lt;lambda&gt;18]" time="0.031034469604492188"></testcase><testcase classname="src.pymortests.vectorarray" file="src/pymortests/vectorarray.py" line="931" name="test_pairwise_dot_incompatible[&lt;lambda&gt;19]" time="0.027110815048217773"></testcase><testcase classname="src.pymortests.vectorarray" file="src/pymortests/vectorarray.py" line="931" name="test_pairwise_dot_incompatible[&lt;lambda&gt;20]" time="0.001928567886352539"></testcase><testcase classname="src.pymortests.vectorarray" file="src/pymortests/vectorarray.py" line="931" name="test_pairwise_dot_incompatible[&lt;lambda&gt;21]" time="0.002046823501586914"></testcase><testcase classname="src.pymortests.vectorarray" file="src/pymortests/vectorarray.py" line="931" name="test_pairwise_dot_incompatible[&lt;lambda&gt;22]" time="0.0033979415893554688"></testcase><testcase classname="src.pymortests.vectorarray" file="src/pymortests/vectorarray.py" line="931" name="test_pairwise_dot_incompatible[&lt;lambda&gt;23]" time="0.02987837791442871"></testcase><testcase classname="src.pymortests.vectorarray" file="src/pymortests/vectorarray.py" line="931" name="test_pairwise_dot_incompatible[&lt;lambda&gt;24]" time="0.06288385391235352"></testcase><testcase classname="src.pymortests.vectorarray" file="src/pymortests/vectorarray.py" line="939" name="test_add_incompatible[&lt;lambda&gt;0]" time="0.0015399456024169922"></testcase><testcase classname="src.pymortests.vectorarray" file="src/pymortests/vectorarray.py" line="939" name="test_add_incompatible[&lt;lambda&gt;1]" time="0.00118255615234375"></testcase><testcase classname="src.pymortests.vectorarray" file="src/pymortests/vectorarray.py" line="939" name="test_add_incompatible[&lt;lambda&gt;2]" time="0.001085042953491211"></testcase><testcase classname="src.pymortests.vectorarray" file="src/pymortests/vectorarray.py" line="939" name="test_add_incompatible[&lt;lambda&gt;3]" time="0.001070261001586914"></testcase><testcase classname="src.pymortests.vectorarray" file="src/pymortests/vectorarray.py" line="939" name="test_add_incompatible[&lt;lambda&gt;4]" time="0.0009849071502685547"></testcase><testcase classname="src.pymortests.vectorarray" file="src/pymortests/vectorarray.py" line="939" name="test_add_incompatible[&lt;lambda&gt;5]" time="0.001089334487915039"></testcase><testcase classname="src.pymortests.vectorarray" file="src/pymortests/vectorarray.py" line="939" name="test_add_incompatible[&lt;lambda&gt;6]" time="0.0010540485382080078"></testcase><testcase classname="src.pymortests.vectorarray" file="src/pymortests/vectorarray.py" line="939" name="test_add_incompatible[&lt;lambda&gt;7]" time="0.0010654926300048828"></testcase><testcase classname="src.pymortests.vectorarray" file="src/pymortests/vectorarray.py" line="939" name="test_add_incompatible[&lt;lambda&gt;8]" time="0.0013568401336669922"></testcase><testcase classname="src.pymortests.vectorarray" file="src/pymortests/vectorarray.py" line="939" name="test_add_incompatible[&lt;lambda&gt;9]" time="0.0016863346099853516"></testcase><testcase classname="src.pymortests.vectorarray" file="src/pymortests/vectorarray.py" line="939" name="test_add_incompatible[&lt;lambda&gt;10]" time="0.0012886524200439453"></testcase><testcase classname="src.pymortests.vectorarray" file="src/pymortests/vectorarray.py" line="939" name="test_add_incompatible[&lt;lambda&gt;11]" time="0.0012273788452148438"></testcase><testcase classname="src.pymortests.vectorarray" file="src/pymortests/vectorarray.py" line="939" name="test_add_incompatible[&lt;lambda&gt;12]" time="0.0014176368713378906"></testcase><testcase classname="src.pymortests.vectorarray" file="src/pymortests/vectorarray.py" line="939" name="test_add_incompatible[&lt;lambda&gt;13]" time="0.0013020038604736328"></testcase><testcase classname="src.pymortests.vectorarray" file="src/pymortests/vectorarray.py" line="939" name="test_add_incompatible[&lt;lambda&gt;14]" time="0.0012598037719726562"></testcase><testcase classname="src.pymortests.vectorarray" file="src/pymortests/vectorarray.py" line="939" name="test_add_incompatible[&lt;lambda&gt;15]" time="0.0017440319061279297"></testcase><testcase classname="src.pymortests.vectorarray" file="src/pymortests/vectorarray.py" line="939" name="test_add_incompatible[&lt;lambda&gt;16]" time="0.0019021034240722656"></testcase><testcase classname="src.pymortests.vectorarray" file="src/pymortests/vectorarray.py" line="939" name="test_add_incompatible[&lt;lambda&gt;17]" time="0.001882314682006836"></testcase><testcase classname="src.pymortests.vectorarray" file="src/pymortests/vectorarray.py" line="939" name="test_add_incompatible[&lt;lambda&gt;18]" time="0.029019594192504883"></testcase><testcase classname="src.pymortests.vectorarray" file="src/pymortests/vectorarray.py" line="939" name="test_add_incompatible[&lt;lambda&gt;19]" time="0.022835731506347656"></testcase><testcase classname="src.pymortests.vectorarray" file="src/pymortests/vectorarray.py" line="939" name="test_add_incompatible[&lt;lambda&gt;20]" time="0.0015184879302978516"></testcase><testcase classname="src.pymortests.vectorarray" file="src/pymortests/vectorarray.py" line="939" name="test_add_incompatible[&lt;lambda&gt;21]" time="0.0020666122436523438"></testcase><testcase classname="src.pymortests.vectorarray" file="src/pymortests/vectorarray.py" line="939" name="test_add_incompatible[&lt;lambda&gt;22]" time="0.0026099681854248047"></testcase><testcase classname="src.pymortests.vectorarray" file="src/pymortests/vectorarray.py" line="939" name="test_add_incompatible[&lt;lambda&gt;23]" time="0.027641773223876953"></testcase><testcase classname="src.pymortests.vectorarray" file="src/pymortests/vectorarray.py" line="939" name="test_add_incompatible[&lt;lambda&gt;24]" time="0.05881452560424805"></testcase><testcase classname="src.pymortests.vectorarray" file="src/pymortests/vectorarray.py" line="945" name="test_iadd_incompatible[&lt;lambda&gt;0]" time="0.0015554428100585938"></testcase><testcase classname="src.pymortests.vectorarray" file="src/pymortests/vectorarray.py" line="945" name="test_iadd_incompatible[&lt;lambda&gt;1]" time="0.0011250972747802734"></testcase><testcase classname="src.pymortests.vectorarray" file="src/pymortests/vectorarray.py" line="945" name="test_iadd_incompatible[&lt;lambda&gt;2]" time="0.0010941028594970703"></testcase><testcase classname="src.pymortests.vectorarray" file="src/pymortests/vectorarray.py" line="945" name="test_iadd_incompatible[&lt;lambda&gt;3]" time="0.0010409355163574219"></testcase><testcase classname="src.pymortests.vectorarray" file="src/pymortests/vectorarray.py" line="945" name="test_iadd_incompatible[&lt;lambda&gt;4]" time="0.0010113716125488281"></testcase><testcase classname="src.pymortests.vectorarray" file="src/pymortests/vectorarray.py" line="945" name="test_iadd_incompatible[&lt;lambda&gt;5]" time="0.0010225772857666016"></testcase><testcase classname="src.pymortests.vectorarray" file="src/pymortests/vectorarray.py" line="945" name="test_iadd_incompatible[&lt;lambda&gt;6]" time="0.0010762214660644531"></testcase><testcase classname="src.pymortests.vectorarray" file="src/pymortests/vectorarray.py" line="945" name="test_iadd_incompatible[&lt;lambda&gt;7]" time="0.0010380744934082031"></testcase><testcase classname="src.pymortests.vectorarray" file="src/pymortests/vectorarray.py" line="945" name="test_iadd_incompatible[&lt;lambda&gt;8]" time="0.0011820793151855469"></testcase><testcase classname="src.pymortests.vectorarray" file="src/pymortests/vectorarray.py" line="945" name="test_iadd_incompatible[&lt;lambda&gt;9]" time="0.0013134479522705078"></testcase><testcase classname="src.pymortests.vectorarray" file="src/pymortests/vectorarray.py" line="945" name="test_iadd_incompatible[&lt;lambda&gt;10]" time="0.0012640953063964844"></testcase><testcase classname="src.pymortests.vectorarray" file="src/pymortests/vectorarray.py" line="945" name="test_iadd_incompatible[&lt;lambda&gt;11]" time="0.0012068748474121094"></testcase><testcase classname="src.pymortests.vectorarray" file="src/pymortests/vectorarray.py" line="945" name="test_iadd_incompatible[&lt;lambda&gt;12]" time="0.0012078285217285156"></testcase><testcase classname="src.pymortests.vectorarray" file="src/pymortests/vectorarray.py" line="945" name="test_iadd_incompatible[&lt;lambda&gt;13]" time="0.0012898445129394531"></testcase><testcase classname="src.pymortests.vectorarray" file="src/pymortests/vectorarray.py" line="945" name="test_iadd_incompatible[&lt;lambda&gt;14]" time="0.00122833251953125"></testcase><testcase classname="src.pymortests.vectorarray" file="src/pymortests/vectorarray.py" line="945" name="test_iadd_incompatible[&lt;lambda&gt;15]" time="0.0018391609191894531"></testcase><testcase classname="src.pymortests.vectorarray" file="src/pymortests/vectorarray.py" line="945" name="test_iadd_incompatible[&lt;lambda&gt;16]" time="0.0017924308776855469"></testcase><testcase classname="src.pymortests.vectorarray" file="src/pymortests/vectorarray.py" line="945" name="test_iadd_incompatible[&lt;lambda&gt;17]" time="0.0018846988677978516"></testcase><testcase classname="src.pymortests.vectorarray" file="src/pymortests/vectorarray.py" line="945" name="test_iadd_incompatible[&lt;lambda&gt;18]" time="0.028487682342529297"></testcase><testcase classname="src.pymortests.vectorarray" file="src/pymortests/vectorarray.py" line="945" name="test_iadd_incompatible[&lt;lambda&gt;19]" time="0.022532939910888672"></testcase><testcase classname="src.pymortests.vectorarray" file="src/pymortests/vectorarray.py" line="945" name="test_iadd_incompatible[&lt;lambda&gt;20]" time="0.0015022754669189453"></testcase><testcase classname="src.pymortests.vectorarray" file="src/pymortests/vectorarray.py" line="945" name="test_iadd_incompatible[&lt;lambda&gt;21]" time="0.001975536346435547"></testcase><testcase classname="src.pymortests.vectorarray" file="src/pymortests/vectorarray.py" line="945" name="test_iadd_incompatible[&lt;lambda&gt;22]" time="0.0024156570434570312"></testcase><testcase classname="src.pymortests.vectorarray" file="src/pymortests/vectorarray.py" line="945" name="test_iadd_incompatible[&lt;lambda&gt;23]" time="0.02741861343383789"></testcase><testcase classname="src.pymortests.vectorarray" file="src/pymortests/vectorarray.py" line="945" name="test_iadd_incompatible[&lt;lambda&gt;24]" time="0.05861067771911621"></testcase><testcase classname="src.pymortests.vectorarray" file="src/pymortests/vectorarray.py" line="951" name="test_sub_incompatible[&lt;lambda&gt;0]" time="0.0016033649444580078"></testcase><testcase classname="src.pymortests.vectorarray" file="src/pymortests/vectorarray.py" line="951" name="test_sub_incompatible[&lt;lambda&gt;1]" time="0.0010790824890136719"></testcase><testcase classname="src.pymortests.vectorarray" file="src/pymortests/vectorarray.py" line="951" name="test_sub_incompatible[&lt;lambda&gt;2]" time="0.0010402202606201172"></testcase><testcase classname="src.pymortests.vectorarray" file="src/pymortests/vectorarray.py" line="951" name="test_sub_incompatible[&lt;lambda&gt;3]" time="0.0010497570037841797"></testcase><testcase classname="src.pymortests.vectorarray" file="src/pymortests/vectorarray.py" line="951" name="test_sub_incompatible[&lt;lambda&gt;4]" time="0.0009813308715820312"></testcase><testcase classname="src.pymortests.vectorarray" file="src/pymortests/vectorarray.py" line="951" name="test_sub_incompatible[&lt;lambda&gt;5]" time="0.0010340213775634766"></testcase><testcase classname="src.pymortests.vectorarray" file="src/pymortests/vectorarray.py" line="951" name="test_sub_incompatible[&lt;lambda&gt;6]" time="0.0010085105895996094"></testcase><testcase classname="src.pymortests.vectorarray" file="src/pymortests/vectorarray.py" line="951" name="test_sub_incompatible[&lt;lambda&gt;7]" time="0.0011928081512451172"></testcase><testcase classname="src.pymortests.vectorarray" file="src/pymortests/vectorarray.py" line="951" name="test_sub_incompatible[&lt;lambda&gt;8]" time="0.001379251480102539"></testcase><testcase classname="src.pymortests.vectorarray" file="src/pymortests/vectorarray.py" line="951" name="test_sub_incompatible[&lt;lambda&gt;9]" time="0.0018286705017089844"></testcase><testcase classname="src.pymortests.vectorarray" file="src/pymortests/vectorarray.py" line="951" name="test_sub_incompatible[&lt;lambda&gt;10]" time="0.0013041496276855469"></testcase><testcase classname="src.pymortests.vectorarray" file="src/pymortests/vectorarray.py" line="951" name="test_sub_incompatible[&lt;lambda&gt;11]" time="0.0013079643249511719"></testcase><testcase classname="src.pymortests.vectorarray" file="src/pymortests/vectorarray.py" line="951" name="test_sub_incompatible[&lt;lambda&gt;12]" time="0.001238107681274414"></testcase><testcase classname="src.pymortests.vectorarray" file="src/pymortests/vectorarray.py" line="951" name="test_sub_incompatible[&lt;lambda&gt;13]" time="0.0012812614440917969"></testcase><testcase classname="src.pymortests.vectorarray" file="src/pymortests/vectorarray.py" line="951" name="test_sub_incompatible[&lt;lambda&gt;14]" time="0.001283884048461914"></testcase><testcase classname="src.pymortests.vectorarray" file="src/pymortests/vectorarray.py" line="951" name="test_sub_incompatible[&lt;lambda&gt;15]" time="0.001708984375"></testcase><testcase classname="src.pymortests.vectorarray" file="src/pymortests/vectorarray.py" line="951" name="test_sub_incompatible[&lt;lambda&gt;16]" time="0.0017654895782470703"></testcase><testcase classname="src.pymortests.vectorarray" file="src/pymortests/vectorarray.py" line="951" name="test_sub_incompatible[&lt;lambda&gt;17]" time="0.0018475055694580078"></testcase><testcase classname="src.pymortests.vectorarray" file="src/pymortests/vectorarray.py" line="951" name="test_sub_incompatible[&lt;lambda&gt;18]" time="0.032341957092285156"></testcase><testcase classname="src.pymortests.vectorarray" file="src/pymortests/vectorarray.py" line="951" name="test_sub_incompatible[&lt;lambda&gt;19]" time="0.022911548614501953"></testcase><testcase classname="src.pymortests.vectorarray" file="src/pymortests/vectorarray.py" line="951" name="test_sub_incompatible[&lt;lambda&gt;20]" time="0.001500844955444336"></testcase><testcase classname="src.pymortests.vectorarray" file="src/pymortests/vectorarray.py" line="951" name="test_sub_incompatible[&lt;lambda&gt;21]" time="0.0020189285278320312"></testcase><testcase classname="src.pymortests.vectorarray" file="src/pymortests/vectorarray.py" line="951" name="test_sub_incompatible[&lt;lambda&gt;22]" time="0.0024297237396240234"></testcase><testcase classname="src.pymortests.vectorarray" file="src/pymortests/vectorarray.py" line="951" name="test_sub_incompatible[&lt;lambda&gt;23]" time="0.027744054794311523"></testcase><testcase classname="src.pymortests.vectorarray" file="src/pymortests/vectorarray.py" line="951" name="test_sub_incompatible[&lt;lambda&gt;24]" time="0.05872964859008789"></testcase><testcase classname="src.pymortests.vectorarray" file="src/pymortests/vectorarray.py" line="957" name="test_isub_incompatible[&lt;lambda&gt;0]" time="0.0015411376953125"></testcase><testcase classname="src.pymortests.vectorarray" file="src/pymortests/vectorarray.py" line="957" name="test_isub_incompatible[&lt;lambda&gt;1]" time="0.0011065006256103516"></testcase><testcase classname="src.pymortests.vectorarray" file="src/pymortests/vectorarray.py" line="957" name="test_isub_incompatible[&lt;lambda&gt;2]" time="0.0010237693786621094"></testcase><testcase classname="src.pymortests.vectorarray" file="src/pymortests/vectorarray.py" line="957" name="test_isub_incompatible[&lt;lambda&gt;3]" time="0.0010166168212890625"></testcase><testcase classname="src.pymortests.vectorarray" file="src/pymortests/vectorarray.py" line="957" name="test_isub_incompatible[&lt;lambda&gt;4]" time="0.0009627342224121094"></testcase><testcase classname="src.pymortests.vectorarray" file="src/pymortests/vectorarray.py" line="957" name="test_isub_incompatible[&lt;lambda&gt;5]" time="0.000985860824584961"></testcase><testcase classname="src.pymortests.vectorarray" file="src/pymortests/vectorarray.py" line="957" name="test_isub_incompatible[&lt;lambda&gt;6]" time="0.0010309219360351562"></testcase><testcase classname="src.pymortests.vectorarray" file="src/pymortests/vectorarray.py" line="957" name="test_isub_incompatible[&lt;lambda&gt;7]" time="0.0011532306671142578"></testcase><testcase classname="src.pymortests.vectorarray" file="src/pymortests/vectorarray.py" line="957" name="test_isub_incompatible[&lt;lambda&gt;8]" time="0.0011677742004394531"></testcase><testcase classname="src.pymortests.vectorarray" file="src/pymortests/vectorarray.py" line="957" name="test_isub_incompatible[&lt;lambda&gt;9]" time="0.001332998275756836"></testcase><testcase classname="src.pymortests.vectorarray" file="src/pymortests/vectorarray.py" line="957" name="test_isub_incompatible[&lt;lambda&gt;10]" time="0.0012476444244384766"></testcase><testcase classname="src.pymortests.vectorarray" file="src/pymortests/vectorarray.py" line="957" name="test_isub_incompatible[&lt;lambda&gt;11]" time="0.0012087821960449219"></testcase><testcase classname="src.pymortests.vectorarray" file="src/pymortests/vectorarray.py" line="957" name="test_isub_incompatible[&lt;lambda&gt;12]" time="0.001247406005859375"></testcase><testcase classname="src.pymortests.vectorarray" file="src/pymortests/vectorarray.py" line="957" name="test_isub_incompatible[&lt;lambda&gt;13]" time="0.0012106895446777344"></testcase><testcase classname="src.pymortests.vectorarray" file="src/pymortests/vectorarray.py" line="957" name="test_isub_incompatible[&lt;lambda&gt;14]" time="0.0012311935424804688"></testcase><testcase classname="src.pymortests.vectorarray" file="src/pymortests/vectorarray.py" line="957" name="test_isub_incompatible[&lt;lambda&gt;15]" time="0.001672983169555664"></testcase><testcase classname="src.pymortests.vectorarray" file="src/pymortests/vectorarray.py" line="957" name="test_isub_incompatible[&lt;lambda&gt;16]" time="0.0017609596252441406"></testcase><testcase classname="src.pymortests.vectorarray" file="src/pymortests/vectorarray.py" line="957" name="test_isub_incompatible[&lt;lambda&gt;17]" time="0.0019223690032958984"></testcase><testcase classname="src.pymortests.vectorarray" file="src/pymortests/vectorarray.py" line="957" name="test_isub_incompatible[&lt;lambda&gt;18]" time="0.02868485450744629"></testcase><testcase classname="src.pymortests.vectorarray" file="src/pymortests/vectorarray.py" line="957" name="test_isub_incompatible[&lt;lambda&gt;19]" time="0.022003650665283203"></testcase><testcase classname="src.pymortests.vectorarray" file="src/pymortests/vectorarray.py" line="957" name="test_isub_incompatible[&lt;lambda&gt;20]" time="0.0014159679412841797"></testcase><testcase classname="src.pymortests.vectorarray" file="src/pymortests/vectorarray.py" line="957" name="test_isub_incompatible[&lt;lambda&gt;21]" time="0.0018754005432128906"></testcase><testcase classname="src.pymortests.vectorarray" file="src/pymortests/vectorarray.py" line="957" name="test_isub_incompatible[&lt;lambda&gt;22]" time="0.002167224884033203"></testcase><testcase classname="src.pymortests.vectorarray" file="src/pymortests/vectorarray.py" line="957" name="test_isub_incompatible[&lt;lambda&gt;23]" time="0.027123689651489258"></testcase><testcase classname="src.pymortests.vectorarray" file="src/pymortests/vectorarray.py" line="957" name="test_isub_incompatible[&lt;lambda&gt;24]" time="0.05882143974304199"></testcase><testcase classname="src.pymortests.vectorarray" file="src/pymortests/vectorarray.py" line="966" name="test_copy_wrong_ind[0-&lt;lambda&gt;0]" time="0.0021762847900390625"></testcase><testcase classname="src.pymortests.vectorarray" file="src/pymortests/vectorarray.py" line="966" name="test_copy_wrong_ind[0-&lt;lambda&gt;1]" time="0.0013873577117919922"></testcase><testcase classname="src.pymortests.vectorarray" file="src/pymortests/vectorarray.py" line="966" name="test_copy_wrong_ind[0-&lt;lambda&gt;2]" time="0.0013196468353271484"></testcase><testcase classname="src.pymortests.vectorarray" file="src/pymortests/vectorarray.py" line="966" name="test_copy_wrong_ind[0-&lt;lambda&gt;3]" time="0.001268625259399414"></testcase><testcase classname="src.pymortests.vectorarray" file="src/pymortests/vectorarray.py" line="966" name="test_copy_wrong_ind[0-&lt;lambda&gt;4]" time="0.0012645721435546875"></testcase><testcase classname="src.pymortests.vectorarray" file="src/pymortests/vectorarray.py" line="966" name="test_copy_wrong_ind[0-&lt;lambda&gt;5]" time="0.0013246536254882812"></testcase><testcase classname="src.pymortests.vectorarray" file="src/pymortests/vectorarray.py" line="966" name="test_copy_wrong_ind[0-&lt;lambda&gt;6]" time="0.0012476444244384766"></testcase><testcase classname="src.pymortests.vectorarray" file="src/pymortests/vectorarray.py" line="966" name="test_copy_wrong_ind[0-&lt;lambda&gt;7]" time="0.0012657642364501953"></testcase><testcase classname="src.pymortests.vectorarray" file="src/pymortests/vectorarray.py" line="966" name="test_copy_wrong_ind[0-&lt;lambda&gt;8]" time="0.0013949871063232422"></testcase><testcase classname="src.pymortests.vectorarray" file="src/pymortests/vectorarray.py" line="966" name="test_copy_wrong_ind[0-&lt;lambda&gt;9]" time="0.0015707015991210938"></testcase><testcase classname="src.pymortests.vectorarray" file="src/pymortests/vectorarray.py" line="966" name="test_copy_wrong_ind[0-&lt;lambda&gt;10]" time="0.0014247894287109375"></testcase><testcase classname="src.pymortests.vectorarray" file="src/pymortests/vectorarray.py" line="966" name="test_copy_wrong_ind[0-&lt;lambda&gt;11]" time="0.0014307498931884766"></testcase><testcase classname="src.pymortests.vectorarray" file="src/pymortests/vectorarray.py" line="966" name="test_copy_wrong_ind[0-&lt;lambda&gt;12]" time="0.0013549327850341797"></testcase><testcase classname="src.pymortests.vectorarray" file="src/pymortests/vectorarray.py" line="966" name="test_copy_wrong_ind[0-&lt;lambda&gt;13]" time="0.0013670921325683594"></testcase><testcase classname="src.pymortests.vectorarray" file="src/pymortests/vectorarray.py" line="966" name="test_copy_wrong_ind[0-&lt;lambda&gt;14]" time="0.0014727115631103516"></testcase><testcase classname="src.pymortests.vectorarray" file="src/pymortests/vectorarray.py" line="966" name="test_copy_wrong_ind[0-&lt;lambda&gt;15]" time="0.0014841556549072266"></testcase><testcase classname="src.pymortests.vectorarray" file="src/pymortests/vectorarray.py" line="966" name="test_copy_wrong_ind[0-&lt;lambda&gt;16]" time="0.0015769004821777344"></testcase><testcase classname="src.pymortests.vectorarray" file="src/pymortests/vectorarray.py" line="966" name="test_copy_wrong_ind[0-&lt;lambda&gt;17]" time="0.0017364025115966797"></testcase><testcase classname="src.pymortests.vectorarray" file="src/pymortests/vectorarray.py" line="966" name="test_copy_wrong_ind[0-&lt;lambda&gt;18]" time="0.0016663074493408203"></testcase><testcase classname="src.pymortests.vectorarray" file="src/pymortests/vectorarray.py" line="966" name="test_copy_wrong_ind[0-&lt;lambda&gt;19]" time="0.0024979114532470703"></testcase><testcase classname="src.pymortests.vectorarray" file="src/pymortests/vectorarray.py" line="966" name="test_copy_wrong_ind[0-&lt;lambda&gt;20]" time="0.009493589401245117"></testcase><testcase classname="src.pymortests.vectorarray" file="src/pymortests/vectorarray.py" line="966" name="test_copy_wrong_ind[0-&lt;lambda&gt;21]" time="0.01933121681213379"></testcase><testcase classname="src.pymortests.vectorarray" file="src/pymortests/vectorarray.py" line="966" name="test_copy_wrong_ind[0-&lt;lambda&gt;22]" time="0.0018427371978759766"></testcase><testcase classname="src.pymortests.vectorarray" file="src/pymortests/vectorarray.py" line="966" name="test_copy_wrong_ind[0-&lt;lambda&gt;23]" time="0.0013031959533691406"></testcase><testcase classname="src.pymortests.vectorarray" file="src/pymortests/vectorarray.py" line="966" name="test_copy_wrong_ind[0-&lt;lambda&gt;24]" time="0.002179384231567383"></testcase><testcase classname="src.pymortests.vectorarray" file="src/pymortests/vectorarray.py" line="966" name="test_copy_wrong_ind[0-&lt;lambda&gt;25]" time="0.02339315414428711"></testcase><testcase classname="src.pymortests.vectorarray" file="src/pymortests/vectorarray.py" line="966" name="test_copy_wrong_ind[0-&lt;lambda&gt;26]" time="0.05381321907043457"></testcase><testcase classname="src.pymortests.vectorarray" file="src/pymortests/vectorarray.py" line="966" name="test_copy_wrong_ind[1-&lt;lambda&gt;0]" time="0.001954317092895508"></testcase><testcase classname="src.pymortests.vectorarray" file="src/pymortests/vectorarray.py" line="966" name="test_copy_wrong_ind[1-&lt;lambda&gt;1]" time="0.0013921260833740234"></testcase><testcase classname="src.pymortests.vectorarray" file="src/pymortests/vectorarray.py" line="966" name="test_copy_wrong_ind[1-&lt;lambda&gt;2]" time="0.0013511180877685547"></testcase><testcase classname="src.pymortests.vectorarray" file="src/pymortests/vectorarray.py" line="966" name="test_copy_wrong_ind[1-&lt;lambda&gt;3]" time="0.0013797283172607422"></testcase><testcase classname="src.pymortests.vectorarray" file="src/pymortests/vectorarray.py" line="966" name="test_copy_wrong_ind[1-&lt;lambda&gt;4]" time="0.0013086795806884766"></testcase><testcase classname="src.pymortests.vectorarray" file="src/pymortests/vectorarray.py" line="966" name="test_copy_wrong_ind[1-&lt;lambda&gt;5]" time="0.0013356208801269531"></testcase><testcase classname="src.pymortests.vectorarray" file="src/pymortests/vectorarray.py" line="966" name="test_copy_wrong_ind[1-&lt;lambda&gt;6]" time="0.0012907981872558594"></testcase><testcase classname="src.pymortests.vectorarray" file="src/pymortests/vectorarray.py" line="966" name="test_copy_wrong_ind[1-&lt;lambda&gt;7]" time="0.0012974739074707031"></testcase><testcase classname="src.pymortests.vectorarray" file="src/pymortests/vectorarray.py" line="966" name="test_copy_wrong_ind[1-&lt;lambda&gt;8]" time="0.0015888214111328125"></testcase><testcase classname="src.pymortests.vectorarray" file="src/pymortests/vectorarray.py" line="966" name="test_copy_wrong_ind[1-&lt;lambda&gt;9]" time="0.0021483898162841797"></testcase><testcase classname="src.pymortests.vectorarray" file="src/pymortests/vectorarray.py" line="966" name="test_copy_wrong_ind[1-&lt;lambda&gt;10]" time="0.001470804214477539"></testcase><testcase classname="src.pymortests.vectorarray" file="src/pymortests/vectorarray.py" line="966" name="test_copy_wrong_ind[1-&lt;lambda&gt;11]" time="0.0015020370483398438"></testcase><testcase classname="src.pymortests.vectorarray" file="src/pymortests/vectorarray.py" line="966" name="test_copy_wrong_ind[1-&lt;lambda&gt;12]" time="0.0014712810516357422"></testcase><testcase classname="src.pymortests.vectorarray" file="src/pymortests/vectorarray.py" line="966" name="test_copy_wrong_ind[1-&lt;lambda&gt;13]" time="0.0014276504516601562"></testcase><testcase classname="src.pymortests.vectorarray" file="src/pymortests/vectorarray.py" line="966" name="test_copy_wrong_ind[1-&lt;lambda&gt;14]" time="0.0014340877532958984"></testcase><testcase classname="src.pymortests.vectorarray" file="src/pymortests/vectorarray.py" line="966" name="test_copy_wrong_ind[1-&lt;lambda&gt;15]" time="0.001531362533569336"></testcase><testcase classname="src.pymortests.vectorarray" file="src/pymortests/vectorarray.py" line="966" name="test_copy_wrong_ind[1-&lt;lambda&gt;16]" time="0.0014941692352294922"></testcase><testcase classname="src.pymortests.vectorarray" file="src/pymortests/vectorarray.py" line="966" name="test_copy_wrong_ind[1-&lt;lambda&gt;17]" time="0.001775503158569336"></testcase><testcase classname="src.pymortests.vectorarray" file="src/pymortests/vectorarray.py" line="966" name="test_copy_wrong_ind[1-&lt;lambda&gt;18]" time="0.0016067028045654297"></testcase><testcase classname="src.pymortests.vectorarray" file="src/pymortests/vectorarray.py" line="966" name="test_copy_wrong_ind[1-&lt;lambda&gt;19]" time="0.002497434616088867"></testcase><testcase classname="src.pymortests.vectorarray" file="src/pymortests/vectorarray.py" line="966" name="test_copy_wrong_ind[1-&lt;lambda&gt;20]" time="0.009307622909545898"></testcase><testcase classname="src.pymortests.vectorarray" file="src/pymortests/vectorarray.py" line="966" name="test_copy_wrong_ind[1-&lt;lambda&gt;21]" time="0.01971292495727539"></testcase><testcase classname="src.pymortests.vectorarray" file="src/pymortests/vectorarray.py" line="966" name="test_copy_wrong_ind[1-&lt;lambda&gt;22]" time="0.0019333362579345703"></testcase><testcase classname="src.pymortests.vectorarray" file="src/pymortests/vectorarray.py" line="966" name="test_copy_wrong_ind[1-&lt;lambda&gt;23]" time="0.0013384819030761719"></testcase><testcase classname="src.pymortests.vectorarray" file="src/pymortests/vectorarray.py" line="966" name="test_copy_wrong_ind[1-&lt;lambda&gt;24]" time="0.0023317337036132812"></testcase><testcase classname="src.pymortests.vectorarray" file="src/pymortests/vectorarray.py" line="966" name="test_copy_wrong_ind[1-&lt;lambda&gt;25]" time="0.023838281631469727"></testcase><testcase classname="src.pymortests.vectorarray" file="src/pymortests/vectorarray.py" line="966" name="test_copy_wrong_ind[1-&lt;lambda&gt;26]" time="0.05408358573913574"></testcase><testcase classname="src.pymortests.vectorarray" file="src/pymortests/vectorarray.py" line="966" name="test_copy_wrong_ind[2-&lt;lambda&gt;0]" time="0.0019540786743164062"></testcase><testcase classname="src.pymortests.vectorarray" file="src/pymortests/vectorarray.py" line="966" name="test_copy_wrong_ind[2-&lt;lambda&gt;1]" time="0.0014696121215820312"></testcase><testcase classname="src.pymortests.vectorarray" file="src/pymortests/vectorarray.py" line="966" name="test_copy_wrong_ind[2-&lt;lambda&gt;2]" time="0.0013201236724853516"></testcase><testcase classname="src.pymortests.vectorarray" file="src/pymortests/vectorarray.py" line="966" name="test_copy_wrong_ind[2-&lt;lambda&gt;3]" time="0.0013251304626464844"></testcase><testcase classname="src.pymortests.vectorarray" file="src/pymortests/vectorarray.py" line="966" name="test_copy_wrong_ind[2-&lt;lambda&gt;4]" time="0.0012590885162353516"></testcase><testcase classname="src.pymortests.vectorarray" file="src/pymortests/vectorarray.py" line="966" name="test_copy_wrong_ind[2-&lt;lambda&gt;5]" time="0.0013270378112792969"></testcase><testcase classname="src.pymortests.vectorarray" file="src/pymortests/vectorarray.py" line="966" name="test_copy_wrong_ind[2-&lt;lambda&gt;6]" time="0.0012726783752441406"></testcase><testcase classname="src.pymortests.vectorarray" file="src/pymortests/vectorarray.py" line="966" name="test_copy_wrong_ind[2-&lt;lambda&gt;7]" time="0.0012805461883544922"></testcase><testcase classname="src.pymortests.vectorarray" file="src/pymortests/vectorarray.py" line="966" name="test_copy_wrong_ind[2-&lt;lambda&gt;8]" time="0.0015583038330078125"></testcase><testcase classname="src.pymortests.vectorarray" file="src/pymortests/vectorarray.py" line="966" name="test_copy_wrong_ind[2-&lt;lambda&gt;9]" time="0.0021238327026367188"></testcase><testcase classname="src.pymortests.vectorarray" file="src/pymortests/vectorarray.py" line="966" name="test_copy_wrong_ind[2-&lt;lambda&gt;10]" time="0.0014679431915283203"></testcase><testcase classname="src.pymortests.vectorarray" file="src/pymortests/vectorarray.py" line="966" name="test_copy_wrong_ind[2-&lt;lambda&gt;11]" time="0.0014424324035644531"></testcase><testcase classname="src.pymortests.vectorarray" file="src/pymortests/vectorarray.py" line="966" name="test_copy_wrong_ind[2-&lt;lambda&gt;12]" time="0.0014858245849609375"></testcase><testcase classname="src.pymortests.vectorarray" file="src/pymortests/vectorarray.py" line="966" name="test_copy_wrong_ind[2-&lt;lambda&gt;13]" time="0.0014216899871826172"></testcase><testcase classname="src.pymortests.vectorarray" file="src/pymortests/vectorarray.py" line="966" name="test_copy_wrong_ind[2-&lt;lambda&gt;14]" time="0.0014743804931640625"></testcase><testcase classname="src.pymortests.vectorarray" file="src/pymortests/vectorarray.py" line="966" name="test_copy_wrong_ind[2-&lt;lambda&gt;15]" time="0.0015401840209960938"></testcase><testcase classname="src.pymortests.vectorarray" file="src/pymortests/vectorarray.py" line="966" name="test_copy_wrong_ind[2-&lt;lambda&gt;16]" time="0.0014810562133789062"></testcase><testcase classname="src.pymortests.vectorarray" file="src/pymortests/vectorarray.py" line="966" name="test_copy_wrong_ind[2-&lt;lambda&gt;17]" time="0.0017714500427246094"></testcase><testcase classname="src.pymortests.vectorarray" file="src/pymortests/vectorarray.py" line="966" name="test_copy_wrong_ind[2-&lt;lambda&gt;18]" time="0.001615762710571289"></testcase><testcase classname="src.pymortests.vectorarray" file="src/pymortests/vectorarray.py" line="966" name="test_copy_wrong_ind[2-&lt;lambda&gt;19]" time="0.0024962425231933594"></testcase><testcase classname="src.pymortests.vectorarray" file="src/pymortests/vectorarray.py" line="966" name="test_copy_wrong_ind[2-&lt;lambda&gt;20]" time="0.009157896041870117"></testcase><testcase classname="src.pymortests.vectorarray" file="src/pymortests/vectorarray.py" line="966" name="test_copy_wrong_ind[2-&lt;lambda&gt;21]" time="0.019742488861083984"></testcase><testcase classname="src.pymortests.vectorarray" file="src/pymortests/vectorarray.py" line="966" name="test_copy_wrong_ind[2-&lt;lambda&gt;22]" time="0.001996755599975586"></testcase><testcase classname="src.pymortests.vectorarray" file="src/pymortests/vectorarray.py" line="966" name="test_copy_wrong_ind[2-&lt;lambda&gt;23]" time="0.0013897418975830078"></testcase><testcase classname="src.pymortests.vectorarray" file="src/pymortests/vectorarray.py" line="966" name="test_copy_wrong_ind[2-&lt;lambda&gt;24]" time="0.002268075942993164"></testcase><testcase classname="src.pymortests.vectorarray" file="src/pymortests/vectorarray.py" line="966" name="test_copy_wrong_ind[2-&lt;lambda&gt;25]" time="0.02372002601623535"></testcase><testcase classname="src.pymortests.vectorarray" file="src/pymortests/vectorarray.py" line="966" name="test_copy_wrong_ind[2-&lt;lambda&gt;26]" time="0.0543520450592041"></testcase><testcase classname="src.pymortests.vectorarray" file="src/pymortests/vectorarray.py" line="973" name="test_remove_wrong_ind[0-&lt;lambda&gt;0]" time="0.002054452896118164"></testcase><testcase classname="src.pymortests.vectorarray" file="src/pymortests/vectorarray.py" line="973" name="test_remove_wrong_ind[0-&lt;lambda&gt;1]" time="0.0014071464538574219"></testcase><testcase classname="src.pymortests.vectorarray" file="src/pymortests/vectorarray.py" line="973" name="test_remove_wrong_ind[0-&lt;lambda&gt;2]" time="0.0013000965118408203"></testcase><testcase classname="src.pymortests.vectorarray" file="src/pymortests/vectorarray.py" line="973" name="test_remove_wrong_ind[0-&lt;lambda&gt;3]" time="0.0013380050659179688"></testcase><testcase classname="src.pymortests.vectorarray" file="src/pymortests/vectorarray.py" line="973" name="test_remove_wrong_ind[0-&lt;lambda&gt;4]" time="0.0013186931610107422"></testcase><testcase classname="src.pymortests.vectorarray" file="src/pymortests/vectorarray.py" line="973" name="test_remove_wrong_ind[0-&lt;lambda&gt;5]" time="0.0013453960418701172"></testcase><testcase classname="src.pymortests.vectorarray" file="src/pymortests/vectorarray.py" line="973" name="test_remove_wrong_ind[0-&lt;lambda&gt;6]" time="0.0012807846069335938"></testcase><testcase classname="src.pymortests.vectorarray" file="src/pymortests/vectorarray.py" line="973" name="test_remove_wrong_ind[0-&lt;lambda&gt;7]" time="0.001316070556640625"></testcase><testcase classname="src.pymortests.vectorarray" file="src/pymortests/vectorarray.py" line="973" name="test_remove_wrong_ind[0-&lt;lambda&gt;8]" time="0.0024366378784179688"></testcase><testcase classname="src.pymortests.vectorarray" file="src/pymortests/vectorarray.py" line="973" name="test_remove_wrong_ind[0-&lt;lambda&gt;9]" time="0.004034757614135742"></testcase><testcase classname="src.pymortests.vectorarray" file="src/pymortests/vectorarray.py" line="973" name="test_remove_wrong_ind[0-&lt;lambda&gt;10]" time="0.0015587806701660156"></testcase><testcase classname="src.pymortests.vectorarray" file="src/pymortests/vectorarray.py" line="973" name="test_remove_wrong_ind[0-&lt;lambda&gt;11]" time="0.0015132427215576172"></testcase><testcase classname="src.pymortests.vectorarray" file="src/pymortests/vectorarray.py" line="973" name="test_remove_wrong_ind[0-&lt;lambda&gt;12]" time="0.0015134811401367188"></testcase><testcase classname="src.pymortests.vectorarray" file="src/pymortests/vectorarray.py" line="973" name="test_remove_wrong_ind[0-&lt;lambda&gt;13]" time="0.0014193058013916016"></testcase><testcase classname="src.pymortests.vectorarray" file="src/pymortests/vectorarray.py" line="973" name="test_remove_wrong_ind[0-&lt;lambda&gt;14]" time="0.0015354156494140625"></testcase><testcase classname="src.pymortests.vectorarray" file="src/pymortests/vectorarray.py" line="973" name="test_remove_wrong_ind[0-&lt;lambda&gt;15]" time="0.0015671253204345703"></testcase><testcase classname="src.pymortests.vectorarray" file="src/pymortests/vectorarray.py" line="973" name="test_remove_wrong_ind[0-&lt;lambda&gt;16]" time="0.0015358924865722656"></testcase><testcase classname="src.pymortests.vectorarray" file="src/pymortests/vectorarray.py" line="973" name="test_remove_wrong_ind[0-&lt;lambda&gt;17]" time="0.0017480850219726562"></testcase><testcase classname="src.pymortests.vectorarray" file="src/pymortests/vectorarray.py" line="973" name="test_remove_wrong_ind[0-&lt;lambda&gt;18]" time="0.0016231536865234375"></testcase><testcase classname="src.pymortests.vectorarray" file="src/pymortests/vectorarray.py" line="973" name="test_remove_wrong_ind[0-&lt;lambda&gt;19]" time="0.0027027130126953125"></testcase><testcase classname="src.pymortests.vectorarray" file="src/pymortests/vectorarray.py" line="973" name="test_remove_wrong_ind[0-&lt;lambda&gt;20]" time="0.010190963745117188"></testcase><testcase classname="src.pymortests.vectorarray" file="src/pymortests/vectorarray.py" line="973" name="test_remove_wrong_ind[0-&lt;lambda&gt;21]" time="0.0225369930267334"></testcase><testcase classname="src.pymortests.vectorarray" file="src/pymortests/vectorarray.py" line="973" name="test_remove_wrong_ind[0-&lt;lambda&gt;22]" time="0.002019166946411133"></testcase><testcase classname="src.pymortests.vectorarray" file="src/pymortests/vectorarray.py" line="973" name="test_remove_wrong_ind[0-&lt;lambda&gt;23]" time="0.0013544559478759766"></testcase><testcase classname="src.pymortests.vectorarray" file="src/pymortests/vectorarray.py" line="973" name="test_remove_wrong_ind[0-&lt;lambda&gt;24]" time="0.002546548843383789"></testcase><testcase classname="src.pymortests.vectorarray" file="src/pymortests/vectorarray.py" line="973" name="test_remove_wrong_ind[0-&lt;lambda&gt;25]" time="0.024591445922851562"></testcase><testcase classname="src.pymortests.vectorarray" file="src/pymortests/vectorarray.py" line="973" name="test_remove_wrong_ind[0-&lt;lambda&gt;26]" time="0.05563163757324219"></testcase><testcase classname="src.pymortests.vectorarray" file="src/pymortests/vectorarray.py" line="973" name="test_remove_wrong_ind[1-&lt;lambda&gt;0]" time="0.0020904541015625"></testcase><testcase classname="src.pymortests.vectorarray" file="src/pymortests/vectorarray.py" line="973" name="test_remove_wrong_ind[1-&lt;lambda&gt;1]" time="0.0014014244079589844"></testcase><testcase classname="src.pymortests.vectorarray" file="src/pymortests/vectorarray.py" line="973" name="test_remove_wrong_ind[1-&lt;lambda&gt;2]" time="0.0013382434844970703"></testcase><testcase classname="src.pymortests.vectorarray" file="src/pymortests/vectorarray.py" line="973" name="test_remove_wrong_ind[1-&lt;lambda&gt;3]" time="0.0014679431915283203"></testcase><testcase classname="src.pymortests.vectorarray" file="src/pymortests/vectorarray.py" line="973" name="test_remove_wrong_ind[1-&lt;lambda&gt;4]" time="0.001338958740234375"></testcase><testcase classname="src.pymortests.vectorarray" file="src/pymortests/vectorarray.py" line="973" name="test_remove_wrong_ind[1-&lt;lambda&gt;5]" time="0.0013298988342285156"></testcase><testcase classname="src.pymortests.vectorarray" file="src/pymortests/vectorarray.py" line="973" name="test_remove_wrong_ind[1-&lt;lambda&gt;6]" time="0.0013158321380615234"></testcase><testcase classname="src.pymortests.vectorarray" file="src/pymortests/vectorarray.py" line="973" name="test_remove_wrong_ind[1-&lt;lambda&gt;7]" time="0.0013539791107177734"></testcase><testcase classname="src.pymortests.vectorarray" file="src/pymortests/vectorarray.py" line="973" name="test_remove_wrong_ind[1-&lt;lambda&gt;8]" time="0.0025229454040527344"></testcase><testcase classname="src.pymortests.vectorarray" file="src/pymortests/vectorarray.py" line="973" name="test_remove_wrong_ind[1-&lt;lambda&gt;9]" time="0.004346609115600586"></testcase><testcase classname="src.pymortests.vectorarray" file="src/pymortests/vectorarray.py" line="973" name="test_remove_wrong_ind[1-&lt;lambda&gt;10]" time="0.0016677379608154297"></testcase><testcase classname="src.pymortests.vectorarray" file="src/pymortests/vectorarray.py" line="973" name="test_remove_wrong_ind[1-&lt;lambda&gt;11]" time="0.0016582012176513672"></testcase><testcase classname="src.pymortests.vectorarray" file="src/pymortests/vectorarray.py" line="973" name="test_remove_wrong_ind[1-&lt;lambda&gt;12]" time="0.0015480518341064453"></testcase><testcase classname="src.pymortests.vectorarray" file="src/pymortests/vectorarray.py" line="973" name="test_remove_wrong_ind[1-&lt;lambda&gt;13]" time="0.0014755725860595703"></testcase><testcase classname="src.pymortests.vectorarray" file="src/pymortests/vectorarray.py" line="973" name="test_remove_wrong_ind[1-&lt;lambda&gt;14]" time="0.0015690326690673828"></testcase><testcase classname="src.pymortests.vectorarray" file="src/pymortests/vectorarray.py" line="973" name="test_remove_wrong_ind[1-&lt;lambda&gt;15]" time="0.0016908645629882812"></testcase><testcase classname="src.pymortests.vectorarray" file="src/pymortests/vectorarray.py" line="973" name="test_remove_wrong_ind[1-&lt;lambda&gt;16]" time="0.0017294883728027344"></testcase><testcase classname="src.pymortests.vectorarray" file="src/pymortests/vectorarray.py" line="973" name="test_remove_wrong_ind[1-&lt;lambda&gt;17]" time="0.0017919540405273438"></testcase><testcase classname="src.pymortests.vectorarray" file="src/pymortests/vectorarray.py" line="973" name="test_remove_wrong_ind[1-&lt;lambda&gt;18]" time="0.0016384124755859375"></testcase><testcase classname="src.pymortests.vectorarray" file="src/pymortests/vectorarray.py" line="973" name="test_remove_wrong_ind[1-&lt;lambda&gt;19]" time="0.0026092529296875"></testcase><testcase classname="src.pymortests.vectorarray" file="src/pymortests/vectorarray.py" line="973" name="test_remove_wrong_ind[1-&lt;lambda&gt;20]" time="0.01255941390991211"></testcase><testcase classname="src.pymortests.vectorarray" file="src/pymortests/vectorarray.py" line="973" name="test_remove_wrong_ind[1-&lt;lambda&gt;21]" time="0.021991729736328125"></testcase><testcase classname="src.pymortests.vectorarray" file="src/pymortests/vectorarray.py" line="973" name="test_remove_wrong_ind[1-&lt;lambda&gt;22]" time="0.0018951892852783203"></testcase><testcase classname="src.pymortests.vectorarray" file="src/pymortests/vectorarray.py" line="973" name="test_remove_wrong_ind[1-&lt;lambda&gt;23]" time="0.0013282299041748047"></testcase><testcase classname="src.pymortests.vectorarray" file="src/pymortests/vectorarray.py" line="973" name="test_remove_wrong_ind[1-&lt;lambda&gt;24]" time="0.002141237258911133"></testcase><testcase classname="src.pymortests.vectorarray" file="src/pymortests/vectorarray.py" line="973" name="test_remove_wrong_ind[1-&lt;lambda&gt;25]" time="0.024560928344726562"></testcase><testcase classname="src.pymortests.vectorarray" file="src/pymortests/vectorarray.py" line="973" name="test_remove_wrong_ind[1-&lt;lambda&gt;26]" time="0.055637359619140625"></testcase><testcase classname="src.pymortests.vectorarray" file="src/pymortests/vectorarray.py" line="973" name="test_remove_wrong_ind[2-&lt;lambda&gt;0]" time="0.0020475387573242188"></testcase><testcase classname="src.pymortests.vectorarray" file="src/pymortests/vectorarray.py" line="973" name="test_remove_wrong_ind[2-&lt;lambda&gt;1]" time="0.0013759136199951172"></testcase><testcase classname="src.pymortests.vectorarray" file="src/pymortests/vectorarray.py" line="973" name="test_remove_wrong_ind[2-&lt;lambda&gt;2]" time="0.0013031959533691406"></testcase><testcase classname="src.pymortests.vectorarray" file="src/pymortests/vectorarray.py" line="973" name="test_remove_wrong_ind[2-&lt;lambda&gt;3]" time="0.0013043880462646484"></testcase><testcase classname="src.pymortests.vectorarray" file="src/pymortests/vectorarray.py" line="973" name="test_remove_wrong_ind[2-&lt;lambda&gt;4]" time="0.001280069351196289"></testcase><testcase classname="src.pymortests.vectorarray" file="src/pymortests/vectorarray.py" line="973" name="test_remove_wrong_ind[2-&lt;lambda&gt;5]" time="0.0013229846954345703"></testcase><testcase classname="src.pymortests.vectorarray" file="src/pymortests/vectorarray.py" line="973" name="test_remove_wrong_ind[2-&lt;lambda&gt;6]" time="0.0012621879577636719"></testcase><testcase classname="src.pymortests.vectorarray" file="src/pymortests/vectorarray.py" line="973" name="test_remove_wrong_ind[2-&lt;lambda&gt;7]" time="0.0013201236724853516"></testcase><testcase classname="src.pymortests.vectorarray" file="src/pymortests/vectorarray.py" line="973" name="test_remove_wrong_ind[2-&lt;lambda&gt;8]" time="0.002450227737426758"></testcase><testcase classname="src.pymortests.vectorarray" file="src/pymortests/vectorarray.py" line="973" name="test_remove_wrong_ind[2-&lt;lambda&gt;9]" time="0.0043489933013916016"></testcase><testcase classname="src.pymortests.vectorarray" file="src/pymortests/vectorarray.py" line="973" name="test_remove_wrong_ind[2-&lt;lambda&gt;10]" time="0.0015690326690673828"></testcase><testcase classname="src.pymortests.vectorarray" file="src/pymortests/vectorarray.py" line="973" name="test_remove_wrong_ind[2-&lt;lambda&gt;11]" time="0.0015637874603271484"></testcase><testcase classname="src.pymortests.vectorarray" file="src/pymortests/vectorarray.py" line="973" name="test_remove_wrong_ind[2-&lt;lambda&gt;12]" time="0.0015282630920410156"></testcase><testcase classname="src.pymortests.vectorarray" file="src/pymortests/vectorarray.py" line="973" name="test_remove_wrong_ind[2-&lt;lambda&gt;13]" time="0.0014233589172363281"></testcase><testcase classname="src.pymortests.vectorarray" file="src/pymortests/vectorarray.py" line="973" name="test_remove_wrong_ind[2-&lt;lambda&gt;14]" time="0.0015368461608886719"></testcase><testcase classname="src.pymortests.vectorarray" file="src/pymortests/vectorarray.py" line="973" name="test_remove_wrong_ind[2-&lt;lambda&gt;15]" time="0.0016024112701416016"></testcase><testcase classname="src.pymortests.vectorarray" file="src/pymortests/vectorarray.py" line="973" name="test_remove_wrong_ind[2-&lt;lambda&gt;16]" time="0.001590728759765625"></testcase><testcase classname="src.pymortests.vectorarray" file="src/pymortests/vectorarray.py" line="973" name="test_remove_wrong_ind[2-&lt;lambda&gt;17]" time="0.0017917156219482422"></testcase><testcase classname="src.pymortests.vectorarray" file="src/pymortests/vectorarray.py" line="973" name="test_remove_wrong_ind[2-&lt;lambda&gt;18]" time="0.0016412734985351562"></testcase><testcase classname="src.pymortests.vectorarray" file="src/pymortests/vectorarray.py" line="973" name="test_remove_wrong_ind[2-&lt;lambda&gt;19]" time="0.002644062042236328"></testcase><testcase classname="src.pymortests.vectorarray" file="src/pymortests/vectorarray.py" line="973" name="test_remove_wrong_ind[2-&lt;lambda&gt;20]" time="0.010193824768066406"></testcase><testcase classname="src.pymortests.vectorarray" file="src/pymortests/vectorarray.py" line="973" name="test_remove_wrong_ind[2-&lt;lambda&gt;21]" time="0.021851778030395508"></testcase><testcase classname="src.pymortests.vectorarray" file="src/pymortests/vectorarray.py" line="973" name="test_remove_wrong_ind[2-&lt;lambda&gt;22]" time="0.0019559860229492188"></testcase><testcase classname="src.pymortests.vectorarray" file="src/pymortests/vectorarray.py" line="973" name="test_remove_wrong_ind[2-&lt;lambda&gt;23]" time="0.0013785362243652344"></testcase><testcase classname="src.pymortests.vectorarray" file="src/pymortests/vectorarray.py" line="973" name="test_remove_wrong_ind[2-&lt;lambda&gt;24]" time="0.0022687911987304688"></testcase><testcase classname="src.pymortests.vectorarray" file="src/pymortests/vectorarray.py" line="973" name="test_remove_wrong_ind[2-&lt;lambda&gt;25]" time="0.02432417869567871"></testcase><testcase classname="src.pymortests.vectorarray" file="src/pymortests/vectorarray.py" line="973" name="test_remove_wrong_ind[2-&lt;lambda&gt;26]" time="0.05601668357849121"></testcase><testcase classname="src.pymortests.vectorarray" file="src/pymortests/vectorarray.py" line="981" name="test_scal_wrong_ind[0-&lt;lambda&gt;0]" time="0.0027790069580078125"></testcase><testcase classname="src.pymortests.vectorarray" file="src/pymortests/vectorarray.py" line="981" name="test_scal_wrong_ind[0-&lt;lambda&gt;1]" time="0.0018794536590576172"></testcase><testcase classname="src.pymortests.vectorarray" file="src/pymortests/vectorarray.py" line="981" name="test_scal_wrong_ind[0-&lt;lambda&gt;2]" time="0.001894235610961914"></testcase><testcase classname="src.pymortests.vectorarray" file="src/pymortests/vectorarray.py" line="981" name="test_scal_wrong_ind[0-&lt;lambda&gt;3]" time="0.0018191337585449219"></testcase><testcase classname="src.pymortests.vectorarray" file="src/pymortests/vectorarray.py" line="981" name="test_scal_wrong_ind[0-&lt;lambda&gt;4]" time="0.0018513202667236328"></testcase><testcase classname="src.pymortests.vectorarray" file="src/pymortests/vectorarray.py" line="981" name="test_scal_wrong_ind[0-&lt;lambda&gt;5]" time="0.0016977787017822266"></testcase><testcase classname="src.pymortests.vectorarray" file="src/pymortests/vectorarray.py" line="981" name="test_scal_wrong_ind[0-&lt;lambda&gt;6]" time="0.001741170883178711"></testcase><testcase classname="src.pymortests.vectorarray" file="src/pymortests/vectorarray.py" line="981" name="test_scal_wrong_ind[0-&lt;lambda&gt;7]" time="0.002324342727661133"></testcase><testcase classname="src.pymortests.vectorarray" file="src/pymortests/vectorarray.py" line="981" name="test_scal_wrong_ind[0-&lt;lambda&gt;8]" time="0.00548863410949707"></testcase><testcase classname="src.pymortests.vectorarray" file="src/pymortests/vectorarray.py" line="981" name="test_scal_wrong_ind[0-&lt;lambda&gt;9]" time="0.010856151580810547"></testcase><testcase classname="src.pymortests.vectorarray" file="src/pymortests/vectorarray.py" line="981" name="test_scal_wrong_ind[0-&lt;lambda&gt;10]" time="0.0024056434631347656"></testcase><testcase classname="src.pymortests.vectorarray" file="src/pymortests/vectorarray.py" line="981" name="test_scal_wrong_ind[0-&lt;lambda&gt;11]" time="0.002353191375732422"></testcase><testcase classname="src.pymortests.vectorarray" file="src/pymortests/vectorarray.py" line="981" name="test_scal_wrong_ind[0-&lt;lambda&gt;12]" time="0.002302408218383789"></testcase><testcase classname="src.pymortests.vectorarray" file="src/pymortests/vectorarray.py" line="981" name="test_scal_wrong_ind[0-&lt;lambda&gt;13]" time="0.0022089481353759766"></testcase><testcase classname="src.pymortests.vectorarray" file="src/pymortests/vectorarray.py" line="981" name="test_scal_wrong_ind[0-&lt;lambda&gt;14]" time="0.0023233890533447266"></testcase><testcase classname="src.pymortests.vectorarray" file="src/pymortests/vectorarray.py" line="981" name="test_scal_wrong_ind[0-&lt;lambda&gt;15]" time="0.0025186538696289062"></testcase><testcase classname="src.pymortests.vectorarray" file="src/pymortests/vectorarray.py" line="981" name="test_scal_wrong_ind[0-&lt;lambda&gt;16]" time="0.0026099681854248047"></testcase><testcase classname="src.pymortests.vectorarray" file="src/pymortests/vectorarray.py" line="981" name="test_scal_wrong_ind[0-&lt;lambda&gt;17]" time="0.0022165775299072266"></testcase><testcase classname="src.pymortests.vectorarray" file="src/pymortests/vectorarray.py" line="981" name="test_scal_wrong_ind[0-&lt;lambda&gt;18]" time="0.0022051334381103516"></testcase><testcase classname="src.pymortests.vectorarray" file="src/pymortests/vectorarray.py" line="981" name="test_scal_wrong_ind[0-&lt;lambda&gt;19]" time="0.0030837059020996094"></testcase><testcase classname="src.pymortests.vectorarray" file="src/pymortests/vectorarray.py" line="981" name="test_scal_wrong_ind[0-&lt;lambda&gt;20]" time="0.013099193572998047"></testcase><testcase classname="src.pymortests.vectorarray" file="src/pymortests/vectorarray.py" line="981" name="test_scal_wrong_ind[0-&lt;lambda&gt;21]" time="0.028644323348999023"></testcase><testcase classname="src.pymortests.vectorarray" file="src/pymortests/vectorarray.py" line="981" name="test_scal_wrong_ind[0-&lt;lambda&gt;22]" time="0.0025849342346191406"></testcase><testcase classname="src.pymortests.vectorarray" file="src/pymortests/vectorarray.py" line="981" name="test_scal_wrong_ind[0-&lt;lambda&gt;23]" time="0.0018069744110107422"></testcase><testcase classname="src.pymortests.vectorarray" file="src/pymortests/vectorarray.py" line="981" name="test_scal_wrong_ind[0-&lt;lambda&gt;24]" time="0.002775430679321289"></testcase><testcase classname="src.pymortests.vectorarray" file="src/pymortests/vectorarray.py" line="981" name="test_scal_wrong_ind[0-&lt;lambda&gt;25]" time="0.027398347854614258"></testcase><testcase classname="src.pymortests.vectorarray" file="src/pymortests/vectorarray.py" line="981" name="test_scal_wrong_ind[0-&lt;lambda&gt;26]" time="0.06292104721069336"></testcase><testcase classname="src.pymortests.vectorarray" file="src/pymortests/vectorarray.py" line="981" name="test_scal_wrong_ind[1-&lt;lambda&gt;0]" time="0.002886533737182617"></testcase><testcase classname="src.pymortests.vectorarray" file="src/pymortests/vectorarray.py" line="981" name="test_scal_wrong_ind[1-&lt;lambda&gt;1]" time="0.0019278526306152344"></testcase><testcase classname="src.pymortests.vectorarray" file="src/pymortests/vectorarray.py" line="981" name="test_scal_wrong_ind[1-&lt;lambda&gt;2]" time="0.001949310302734375"></testcase><testcase classname="src.pymortests.vectorarray" file="src/pymortests/vectorarray.py" line="981" name="test_scal_wrong_ind[1-&lt;lambda&gt;3]" time="0.001993417739868164"></testcase><testcase classname="src.pymortests.vectorarray" file="src/pymortests/vectorarray.py" line="981" name="test_scal_wrong_ind[1-&lt;lambda&gt;4]" time="0.0019683837890625"></testcase><testcase classname="src.pymortests.vectorarray" file="src/pymortests/vectorarray.py" line="981" name="test_scal_wrong_ind[1-&lt;lambda&gt;5]" time="0.0018303394317626953"></testcase><testcase classname="src.pymortests.vectorarray" file="src/pymortests/vectorarray.py" line="981" name="test_scal_wrong_ind[1-&lt;lambda&gt;6]" time="0.0017371177673339844"></testcase><testcase classname="src.pymortests.vectorarray" file="src/pymortests/vectorarray.py" line="981" name="test_scal_wrong_ind[1-&lt;lambda&gt;7]" time="0.002025127410888672"></testcase><testcase classname="src.pymortests.vectorarray" file="src/pymortests/vectorarray.py" line="981" name="test_scal_wrong_ind[1-&lt;lambda&gt;8]" time="0.005602359771728516"></testcase><testcase classname="src.pymortests.vectorarray" file="src/pymortests/vectorarray.py" line="981" name="test_scal_wrong_ind[1-&lt;lambda&gt;9]" time="0.011142492294311523"></testcase><testcase classname="src.pymortests.vectorarray" file="src/pymortests/vectorarray.py" line="981" name="test_scal_wrong_ind[1-&lt;lambda&gt;10]" time="0.002529621124267578"></testcase><testcase classname="src.pymortests.vectorarray" file="src/pymortests/vectorarray.py" line="981" name="test_scal_wrong_ind[1-&lt;lambda&gt;11]" time="0.0024309158325195312"></testcase><testcase classname="src.pymortests.vectorarray" file="src/pymortests/vectorarray.py" line="981" name="test_scal_wrong_ind[1-&lt;lambda&gt;12]" time="0.002376556396484375"></testcase><testcase classname="src.pymortests.vectorarray" file="src/pymortests/vectorarray.py" line="981" name="test_scal_wrong_ind[1-&lt;lambda&gt;13]" time="0.0021479129791259766"></testcase><testcase classname="src.pymortests.vectorarray" file="src/pymortests/vectorarray.py" line="981" name="test_scal_wrong_ind[1-&lt;lambda&gt;14]" time="0.002360820770263672"></testcase><testcase classname="src.pymortests.vectorarray" file="src/pymortests/vectorarray.py" line="981" name="test_scal_wrong_ind[1-&lt;lambda&gt;15]" time="0.002641916275024414"></testcase><testcase classname="src.pymortests.vectorarray" file="src/pymortests/vectorarray.py" line="981" name="test_scal_wrong_ind[1-&lt;lambda&gt;16]" time="0.002592325210571289"></testcase><testcase classname="src.pymortests.vectorarray" file="src/pymortests/vectorarray.py" line="981" name="test_scal_wrong_ind[1-&lt;lambda&gt;17]" time="0.002266407012939453"></testcase><testcase classname="src.pymortests.vectorarray" file="src/pymortests/vectorarray.py" line="981" name="test_scal_wrong_ind[1-&lt;lambda&gt;18]" time="0.0021538734436035156"></testcase><testcase classname="src.pymortests.vectorarray" file="src/pymortests/vectorarray.py" line="981" name="test_scal_wrong_ind[1-&lt;lambda&gt;19]" time="0.003132343292236328"></testcase><testcase classname="src.pymortests.vectorarray" file="src/pymortests/vectorarray.py" line="981" name="test_scal_wrong_ind[1-&lt;lambda&gt;20]" time="0.01325082778930664"></testcase><testcase classname="src.pymortests.vectorarray" file="src/pymortests/vectorarray.py" line="981" name="test_scal_wrong_ind[1-&lt;lambda&gt;21]" time="0.028721332550048828"></testcase><testcase classname="src.pymortests.vectorarray" file="src/pymortests/vectorarray.py" line="981" name="test_scal_wrong_ind[1-&lt;lambda&gt;22]" time="0.0026595592498779297"></testcase><testcase classname="src.pymortests.vectorarray" file="src/pymortests/vectorarray.py" line="981" name="test_scal_wrong_ind[1-&lt;lambda&gt;23]" time="0.0018868446350097656"></testcase><testcase classname="src.pymortests.vectorarray" file="src/pymortests/vectorarray.py" line="981" name="test_scal_wrong_ind[1-&lt;lambda&gt;24]" time="0.0028905868530273438"></testcase><testcase classname="src.pymortests.vectorarray" file="src/pymortests/vectorarray.py" line="981" name="test_scal_wrong_ind[1-&lt;lambda&gt;25]" time="0.02756667137145996"></testcase><testcase classname="src.pymortests.vectorarray" file="src/pymortests/vectorarray.py" line="981" name="test_scal_wrong_ind[1-&lt;lambda&gt;26]" time="0.06322765350341797"></testcase><testcase classname="src.pymortests.vectorarray" file="src/pymortests/vectorarray.py" line="981" name="test_scal_wrong_ind[2-&lt;lambda&gt;0]" time="0.0028579235076904297"></testcase><testcase classname="src.pymortests.vectorarray" file="src/pymortests/vectorarray.py" line="981" name="test_scal_wrong_ind[2-&lt;lambda&gt;1]" time="0.0019655227661132812"></testcase><testcase classname="src.pymortests.vectorarray" file="src/pymortests/vectorarray.py" line="981" name="test_scal_wrong_ind[2-&lt;lambda&gt;2]" time="0.001833200454711914"></testcase><testcase classname="src.pymortests.vectorarray" file="src/pymortests/vectorarray.py" line="981" name="test_scal_wrong_ind[2-&lt;lambda&gt;3]" time="0.0019326210021972656"></testcase><testcase classname="src.pymortests.vectorarray" file="src/pymortests/vectorarray.py" line="981" name="test_scal_wrong_ind[2-&lt;lambda&gt;4]" time="0.001985311508178711"></testcase><testcase classname="src.pymortests.vectorarray" file="src/pymortests/vectorarray.py" line="981" name="test_scal_wrong_ind[2-&lt;lambda&gt;5]" time="0.0018420219421386719"></testcase><testcase classname="src.pymortests.vectorarray" file="src/pymortests/vectorarray.py" line="981" name="test_scal_wrong_ind[2-&lt;lambda&gt;6]" time="0.0017685890197753906"></testcase><testcase classname="src.pymortests.vectorarray" file="src/pymortests/vectorarray.py" line="981" name="test_scal_wrong_ind[2-&lt;lambda&gt;7]" time="0.0019235610961914062"></testcase><testcase classname="src.pymortests.vectorarray" file="src/pymortests/vectorarray.py" line="981" name="test_scal_wrong_ind[2-&lt;lambda&gt;8]" time="0.0056304931640625"></testcase><testcase classname="src.pymortests.vectorarray" file="src/pymortests/vectorarray.py" line="981" name="test_scal_wrong_ind[2-&lt;lambda&gt;9]" time="0.010898351669311523"></testcase><testcase classname="src.pymortests.vectorarray" file="src/pymortests/vectorarray.py" line="981" name="test_scal_wrong_ind[2-&lt;lambda&gt;10]" time="0.0024805068969726562"></testcase><testcase classname="src.pymortests.vectorarray" file="src/pymortests/vectorarray.py" line="981" name="test_scal_wrong_ind[2-&lt;lambda&gt;11]" time="0.002442598342895508"></testcase><testcase classname="src.pymortests.vectorarray" file="src/pymortests/vectorarray.py" line="981" name="test_scal_wrong_ind[2-&lt;lambda&gt;12]" time="0.002435922622680664"></testcase><testcase classname="src.pymortests.vectorarray" file="src/pymortests/vectorarray.py" line="981" name="test_scal_wrong_ind[2-&lt;lambda&gt;13]" time="0.0021920204162597656"></testcase><testcase classname="src.pymortests.vectorarray" file="src/pymortests/vectorarray.py" line="981" name="test_scal_wrong_ind[2-&lt;lambda&gt;14]" time="0.0024178028106689453"></testcase><testcase classname="src.pymortests.vectorarray" file="src/pymortests/vectorarray.py" line="981" name="test_scal_wrong_ind[2-&lt;lambda&gt;15]" time="0.002776622772216797"></testcase><testcase classname="src.pymortests.vectorarray" file="src/pymortests/vectorarray.py" line="981" name="test_scal_wrong_ind[2-&lt;lambda&gt;16]" time="0.0026159286499023438"></testcase><testcase classname="src.pymortests.vectorarray" file="src/pymortests/vectorarray.py" line="981" name="test_scal_wrong_ind[2-&lt;lambda&gt;17]" time="0.0022695064544677734"></testcase><testcase classname="src.pymortests.vectorarray" file="src/pymortests/vectorarray.py" line="981" name="test_scal_wrong_ind[2-&lt;lambda&gt;18]" time="0.002178192138671875"></testcase><testcase classname="src.pymortests.vectorarray" file="src/pymortests/vectorarray.py" line="981" name="test_scal_wrong_ind[2-&lt;lambda&gt;19]" time="0.003118753433227539"></testcase><testcase classname="src.pymortests.vectorarray" file="src/pymortests/vectorarray.py" line="981" name="test_scal_wrong_ind[2-&lt;lambda&gt;20]" time="0.013917684555053711"></testcase><testcase classname="src.pymortests.vectorarray" file="src/pymortests/vectorarray.py" line="981" name="test_scal_wrong_ind[2-&lt;lambda&gt;21]" time="0.028795242309570312"></testcase><testcase classname="src.pymortests.vectorarray" file="src/pymortests/vectorarray.py" line="981" name="test_scal_wrong_ind[2-&lt;lambda&gt;22]" time="0.002620697021484375"></testcase><testcase classname="src.pymortests.vectorarray" file="src/pymortests/vectorarray.py" line="981" name="test_scal_wrong_ind[2-&lt;lambda&gt;23]" time="0.0018095970153808594"></testcase><testcase classname="src.pymortests.vectorarray" file="src/pymortests/vectorarray.py" line="981" name="test_scal_wrong_ind[2-&lt;lambda&gt;24]" time="0.0028448104858398438"></testcase><testcase classname="src.pymortests.vectorarray" file="src/pymortests/vectorarray.py" line="981" name="test_scal_wrong_ind[2-&lt;lambda&gt;25]" time="0.02739238739013672"></testcase><testcase classname="src.pymortests.vectorarray" file="src/pymortests/vectorarray.py" line="981" name="test_scal_wrong_ind[2-&lt;lambda&gt;26]" time="0.0632476806640625"></testcase><testcase classname="src.pymortests.vectorarray" file="src/pymortests/vectorarray.py" line="998" name="test_scal_wrong_coefficients[0-&lt;lambda&gt;0]" time="0.002554655075073242"></testcase><testcase classname="src.pymortests.vectorarray" file="src/pymortests/vectorarray.py" line="998" name="test_scal_wrong_coefficients[0-&lt;lambda&gt;1]" time="0.001710653305053711"></testcase><testcase classname="src.pymortests.vectorarray" file="src/pymortests/vectorarray.py" line="998" name="test_scal_wrong_coefficients[0-&lt;lambda&gt;2]" time="0.0025758743286132812"></testcase><testcase classname="src.pymortests.vectorarray" file="src/pymortests/vectorarray.py" line="998" name="test_scal_wrong_coefficients[0-&lt;lambda&gt;3]" time="0.003316640853881836"></testcase><testcase classname="src.pymortests.vectorarray" file="src/pymortests/vectorarray.py" line="998" name="test_scal_wrong_coefficients[0-&lt;lambda&gt;4]" time="0.004105806350708008"></testcase><testcase classname="src.pymortests.vectorarray" file="src/pymortests/vectorarray.py" line="998" name="test_scal_wrong_coefficients[0-&lt;lambda&gt;5]" time="0.0016531944274902344"></testcase><testcase classname="src.pymortests.vectorarray" file="src/pymortests/vectorarray.py" line="998" name="test_scal_wrong_coefficients[0-&lt;lambda&gt;6]" time="0.001605987548828125"></testcase><testcase classname="src.pymortests.vectorarray" file="src/pymortests/vectorarray.py" line="998" name="test_scal_wrong_coefficients[0-&lt;lambda&gt;7]" time="0.0025322437286376953"></testcase><testcase classname="src.pymortests.vectorarray" file="src/pymortests/vectorarray.py" line="998" name="test_scal_wrong_coefficients[0-&lt;lambda&gt;8]" time="0.0035631656646728516"></testcase><testcase classname="src.pymortests.vectorarray" file="src/pymortests/vectorarray.py" line="998" name="test_scal_wrong_coefficients[0-&lt;lambda&gt;9]" time="0.004682064056396484"></testcase><testcase classname="src.pymortests.vectorarray" file="src/pymortests/vectorarray.py" line="998" name="test_scal_wrong_coefficients[0-&lt;lambda&gt;10]" time="0.0018875598907470703"></testcase><testcase classname="src.pymortests.vectorarray" file="src/pymortests/vectorarray.py" line="998" name="test_scal_wrong_coefficients[0-&lt;lambda&gt;11]" time="0.003520965576171875"></testcase><testcase classname="src.pymortests.vectorarray" file="src/pymortests/vectorarray.py" line="998" name="test_scal_wrong_coefficients[0-&lt;lambda&gt;12]" time="0.003442525863647461"></testcase><testcase classname="src.pymortests.vectorarray" file="src/pymortests/vectorarray.py" line="998" name="test_scal_wrong_coefficients[0-&lt;lambda&gt;13]" time="0.002905607223510742"></testcase><testcase classname="src.pymortests.vectorarray" file="src/pymortests/vectorarray.py" line="998" name="test_scal_wrong_coefficients[0-&lt;lambda&gt;14]" time="0.003427267074584961"></testcase><testcase classname="src.pymortests.vectorarray" file="src/pymortests/vectorarray.py" line="998" name="test_scal_wrong_coefficients[0-&lt;lambda&gt;15]" time="0.005193948745727539"></testcase><testcase classname="src.pymortests.vectorarray" file="src/pymortests/vectorarray.py" line="998" name="test_scal_wrong_coefficients[0-&lt;lambda&gt;16]" time="0.006808042526245117"></testcase><testcase classname="src.pymortests.vectorarray" file="src/pymortests/vectorarray.py" line="998" name="test_scal_wrong_coefficients[0-&lt;lambda&gt;17]" time="0.002117633819580078"></testcase><testcase classname="src.pymortests.vectorarray" file="src/pymortests/vectorarray.py" line="998" name="test_scal_wrong_coefficients[0-&lt;lambda&gt;18]" time="0.001969575881958008"></testcase><testcase classname="src.pymortests.vectorarray" file="src/pymortests/vectorarray.py" line="998" name="test_scal_wrong_coefficients[0-&lt;lambda&gt;19]" time="0.003974199295043945"></testcase><testcase classname="src.pymortests.vectorarray" file="src/pymortests/vectorarray.py" line="998" name="test_scal_wrong_coefficients[0-&lt;lambda&gt;20]" time="0.012383222579956055"></testcase><testcase classname="src.pymortests.vectorarray" file="src/pymortests/vectorarray.py" line="998" name="test_scal_wrong_coefficients[0-&lt;lambda&gt;21]" time="0.023536205291748047"></testcase><testcase classname="src.pymortests.vectorarray" file="src/pymortests/vectorarray.py" line="998" name="test_scal_wrong_coefficients[0-&lt;lambda&gt;22]" time="0.0023283958435058594"></testcase><testcase classname="src.pymortests.vectorarray" file="src/pymortests/vectorarray.py" line="998" name="test_scal_wrong_coefficients[0-&lt;lambda&gt;23]" time="0.0016596317291259766"></testcase><testcase classname="src.pymortests.vectorarray" file="src/pymortests/vectorarray.py" line="998" name="test_scal_wrong_coefficients[0-&lt;lambda&gt;24]" time="0.003525257110595703"></testcase><testcase classname="src.pymortests.vectorarray" file="src/pymortests/vectorarray.py" line="998" name="test_scal_wrong_coefficients[0-&lt;lambda&gt;25]" time="0.025770902633666992"></testcase><testcase classname="src.pymortests.vectorarray" file="src/pymortests/vectorarray.py" line="998" name="test_scal_wrong_coefficients[0-&lt;lambda&gt;26]" time="0.05711793899536133"></testcase><testcase classname="src.pymortests.vectorarray" file="src/pymortests/vectorarray.py" line="998" name="test_scal_wrong_coefficients[1-&lt;lambda&gt;0]" time="0.0025587081909179688"></testcase><testcase classname="src.pymortests.vectorarray" file="src/pymortests/vectorarray.py" line="998" name="test_scal_wrong_coefficients[1-&lt;lambda&gt;1]" time="0.0016942024230957031"></testcase><testcase classname="src.pymortests.vectorarray" file="src/pymortests/vectorarray.py" line="998" name="test_scal_wrong_coefficients[1-&lt;lambda&gt;2]" time="0.002589702606201172"></testcase><testcase classname="src.pymortests.vectorarray" file="src/pymortests/vectorarray.py" line="998" name="test_scal_wrong_coefficients[1-&lt;lambda&gt;3]" time="0.0033447742462158203"></testcase><testcase classname="src.pymortests.vectorarray" file="src/pymortests/vectorarray.py" line="998" name="test_scal_wrong_coefficients[1-&lt;lambda&gt;4]" time="0.004136562347412109"></testcase><testcase classname="src.pymortests.vectorarray" file="src/pymortests/vectorarray.py" line="998" name="test_scal_wrong_coefficients[1-&lt;lambda&gt;5]" time="0.0016984939575195312"></testcase><testcase classname="src.pymortests.vectorarray" file="src/pymortests/vectorarray.py" line="998" name="test_scal_wrong_coefficients[1-&lt;lambda&gt;6]" time="0.0016362667083740234"></testcase><testcase classname="src.pymortests.vectorarray" file="src/pymortests/vectorarray.py" line="998" name="test_scal_wrong_coefficients[1-&lt;lambda&gt;7]" time="0.002611398696899414"></testcase><testcase classname="src.pymortests.vectorarray" file="src/pymortests/vectorarray.py" line="998" name="test_scal_wrong_coefficients[1-&lt;lambda&gt;8]" time="0.0038886070251464844"></testcase><testcase classname="src.pymortests.vectorarray" file="src/pymortests/vectorarray.py" line="998" name="test_scal_wrong_coefficients[1-&lt;lambda&gt;9]" time="0.0053119659423828125"></testcase><testcase classname="src.pymortests.vectorarray" file="src/pymortests/vectorarray.py" line="998" name="test_scal_wrong_coefficients[1-&lt;lambda&gt;10]" time="0.001992464065551758"></testcase><testcase classname="src.pymortests.vectorarray" file="src/pymortests/vectorarray.py" line="998" name="test_scal_wrong_coefficients[1-&lt;lambda&gt;11]" time="0.0036134719848632812"></testcase><testcase classname="src.pymortests.vectorarray" file="src/pymortests/vectorarray.py" line="998" name="test_scal_wrong_coefficients[1-&lt;lambda&gt;12]" time="0.003473043441772461"></testcase><testcase classname="src.pymortests.vectorarray" file="src/pymortests/vectorarray.py" line="998" name="test_scal_wrong_coefficients[1-&lt;lambda&gt;13]" time="0.0031003952026367188"></testcase><testcase classname="src.pymortests.vectorarray" file="src/pymortests/vectorarray.py" line="998" name="test_scal_wrong_coefficients[1-&lt;lambda&gt;14]" time="0.0034368038177490234"></testcase><testcase classname="src.pymortests.vectorarray" file="src/pymortests/vectorarray.py" line="998" name="test_scal_wrong_coefficients[1-&lt;lambda&gt;15]" time="0.0051615238189697266"></testcase><testcase classname="src.pymortests.vectorarray" file="src/pymortests/vectorarray.py" line="998" name="test_scal_wrong_coefficients[1-&lt;lambda&gt;16]" time="0.0068340301513671875"></testcase><testcase classname="src.pymortests.vectorarray" file="src/pymortests/vectorarray.py" line="998" name="test_scal_wrong_coefficients[1-&lt;lambda&gt;17]" time="0.002140045166015625"></testcase><testcase classname="src.pymortests.vectorarray" file="src/pymortests/vectorarray.py" line="998" name="test_scal_wrong_coefficients[1-&lt;lambda&gt;18]" time="0.00201416015625"></testcase><testcase classname="src.pymortests.vectorarray" file="src/pymortests/vectorarray.py" line="998" name="test_scal_wrong_coefficients[1-&lt;lambda&gt;19]" time="0.003921031951904297"></testcase><testcase classname="src.pymortests.vectorarray" file="src/pymortests/vectorarray.py" line="998" name="test_scal_wrong_coefficients[1-&lt;lambda&gt;20]" time="0.011313199996948242"></testcase><testcase classname="src.pymortests.vectorarray" file="src/pymortests/vectorarray.py" line="998" name="test_scal_wrong_coefficients[1-&lt;lambda&gt;21]" time="0.023202180862426758"></testcase><testcase classname="src.pymortests.vectorarray" file="src/pymortests/vectorarray.py" line="998" name="test_scal_wrong_coefficients[1-&lt;lambda&gt;22]" time="0.002398252487182617"></testcase><testcase classname="src.pymortests.vectorarray" file="src/pymortests/vectorarray.py" line="998" name="test_scal_wrong_coefficients[1-&lt;lambda&gt;23]" time="0.0017235279083251953"></testcase><testcase classname="src.pymortests.vectorarray" file="src/pymortests/vectorarray.py" line="998" name="test_scal_wrong_coefficients[1-&lt;lambda&gt;24]" time="0.003508329391479492"></testcase><testcase classname="src.pymortests.vectorarray" file="src/pymortests/vectorarray.py" line="998" name="test_scal_wrong_coefficients[1-&lt;lambda&gt;25]" time="0.025829315185546875"></testcase><testcase classname="src.pymortests.vectorarray" file="src/pymortests/vectorarray.py" line="998" name="test_scal_wrong_coefficients[1-&lt;lambda&gt;26]" time="0.05750751495361328"></testcase><testcase classname="src.pymortests.vectorarray" file="src/pymortests/vectorarray.py" line="998" name="test_scal_wrong_coefficients[2-&lt;lambda&gt;0]" time="0.00255584716796875"></testcase><testcase classname="src.pymortests.vectorarray" file="src/pymortests/vectorarray.py" line="998" name="test_scal_wrong_coefficients[2-&lt;lambda&gt;1]" time="0.001707315444946289"></testcase><testcase classname="src.pymortests.vectorarray" file="src/pymortests/vectorarray.py" line="998" name="test_scal_wrong_coefficients[2-&lt;lambda&gt;2]" time="0.0025663375854492188"></testcase><testcase classname="src.pymortests.vectorarray" file="src/pymortests/vectorarray.py" line="998" name="test_scal_wrong_coefficients[2-&lt;lambda&gt;3]" time="0.0033826828002929688"></testcase><testcase classname="src.pymortests.vectorarray" file="src/pymortests/vectorarray.py" line="998" name="test_scal_wrong_coefficients[2-&lt;lambda&gt;4]" time="0.004378557205200195"></testcase><testcase classname="src.pymortests.vectorarray" file="src/pymortests/vectorarray.py" line="998" name="test_scal_wrong_coefficients[2-&lt;lambda&gt;5]" time="0.00177001953125"></testcase><testcase classname="src.pymortests.vectorarray" file="src/pymortests/vectorarray.py" line="998" name="test_scal_wrong_coefficients[2-&lt;lambda&gt;6]" time="0.0016679763793945312"></testcase><testcase classname="src.pymortests.vectorarray" file="src/pymortests/vectorarray.py" line="998" name="test_scal_wrong_coefficients[2-&lt;lambda&gt;7]" time="0.0025424957275390625"></testcase><testcase classname="src.pymortests.vectorarray" file="src/pymortests/vectorarray.py" line="998" name="test_scal_wrong_coefficients[2-&lt;lambda&gt;8]" time="0.0036830902099609375"></testcase><testcase classname="src.pymortests.vectorarray" file="src/pymortests/vectorarray.py" line="998" name="test_scal_wrong_coefficients[2-&lt;lambda&gt;9]" time="0.005113840103149414"></testcase><testcase classname="src.pymortests.vectorarray" file="src/pymortests/vectorarray.py" line="998" name="test_scal_wrong_coefficients[2-&lt;lambda&gt;10]" time="0.0019867420196533203"></testcase><testcase classname="src.pymortests.vectorarray" file="src/pymortests/vectorarray.py" line="998" name="test_scal_wrong_coefficients[2-&lt;lambda&gt;11]" time="0.003589153289794922"></testcase><testcase classname="src.pymortests.vectorarray" file="src/pymortests/vectorarray.py" line="998" name="test_scal_wrong_coefficients[2-&lt;lambda&gt;12]" time="0.003484487533569336"></testcase><testcase classname="src.pymortests.vectorarray" file="src/pymortests/vectorarray.py" line="998" name="test_scal_wrong_coefficients[2-&lt;lambda&gt;13]" time="0.0029261112213134766"></testcase><testcase classname="src.pymortests.vectorarray" file="src/pymortests/vectorarray.py" line="998" name="test_scal_wrong_coefficients[2-&lt;lambda&gt;14]" time="0.0034401416778564453"></testcase><testcase classname="src.pymortests.vectorarray" file="src/pymortests/vectorarray.py" line="998" name="test_scal_wrong_coefficients[2-&lt;lambda&gt;15]" time="0.005204200744628906"></testcase><testcase classname="src.pymortests.vectorarray" file="src/pymortests/vectorarray.py" line="998" name="test_scal_wrong_coefficients[2-&lt;lambda&gt;16]" time="0.006808042526245117"></testcase><testcase classname="src.pymortests.vectorarray" file="src/pymortests/vectorarray.py" line="998" name="test_scal_wrong_coefficients[2-&lt;lambda&gt;17]" time="0.002152681350708008"></testcase><testcase classname="src.pymortests.vectorarray" file="src/pymortests/vectorarray.py" line="998" name="test_scal_wrong_coefficients[2-&lt;lambda&gt;18]" time="0.0020852088928222656"></testcase><testcase classname="src.pymortests.vectorarray" file="src/pymortests/vectorarray.py" line="998" name="test_scal_wrong_coefficients[2-&lt;lambda&gt;19]" time="0.004074811935424805"></testcase><testcase classname="src.pymortests.vectorarray" file="src/pymortests/vectorarray.py" line="998" name="test_scal_wrong_coefficients[2-&lt;lambda&gt;20]" time="0.011330842971801758"></testcase><testcase classname="src.pymortests.vectorarray" file="src/pymortests/vectorarray.py" line="998" name="test_scal_wrong_coefficients[2-&lt;lambda&gt;21]" time="0.02286529541015625"></testcase><testcase classname="src.pymortests.vectorarray" file="src/pymortests/vectorarray.py" line="998" name="test_scal_wrong_coefficients[2-&lt;lambda&gt;22]" time="0.002418994903564453"></testcase><testcase classname="src.pymortests.vectorarray" file="src/pymortests/vectorarray.py" line="998" name="test_scal_wrong_coefficients[2-&lt;lambda&gt;23]" time="0.0016772747039794922"></testcase><testcase classname="src.pymortests.vectorarray" file="src/pymortests/vectorarray.py" line="998" name="test_scal_wrong_coefficients[2-&lt;lambda&gt;24]" time="0.0034341812133789062"></testcase><testcase classname="src.pymortests.vectorarray" file="src/pymortests/vectorarray.py" line="998" name="test_scal_wrong_coefficients[2-&lt;lambda&gt;25]" time="0.025542020797729492"></testcase><testcase classname="src.pymortests.vectorarray" file="src/pymortests/vectorarray.py" line="998" name="test_scal_wrong_coefficients[2-&lt;lambda&gt;26]" time="0.05703425407409668"></testcase><testcase classname="src.pymortests.vectorarray" file="src/pymortests/vectorarray.py" line="1009" name="test_axpy_wrong_ind[compatible_vector_array_pair0-&lt;lambda&gt;0]" time="0.0035834312438964844"></testcase><testcase classname="src.pymortests.vectorarray" file="src/pymortests/vectorarray.py" line="1009" name="test_axpy_wrong_ind[compatible_vector_array_pair0-&lt;lambda&gt;1]" time="0.002903461456298828"></testcase><testcase classname="src.pymortests.vectorarray" file="src/pymortests/vectorarray.py" line="1009" name="test_axpy_wrong_ind[compatible_vector_array_pair0-&lt;lambda&gt;2]" time="0.007955312728881836"></testcase><testcase classname="src.pymortests.vectorarray" file="src/pymortests/vectorarray.py" line="1009" name="test_axpy_wrong_ind[compatible_vector_array_pair0-&lt;lambda&gt;3]" time="0.011151790618896484"></testcase><testcase classname="src.pymortests.vectorarray" file="src/pymortests/vectorarray.py" line="1009" name="test_axpy_wrong_ind[compatible_vector_array_pair0-&lt;lambda&gt;4]" time="0.01534128189086914"></testcase><testcase classname="src.pymortests.vectorarray" file="src/pymortests/vectorarray.py" line="1009" name="test_axpy_wrong_ind[compatible_vector_array_pair0-&lt;lambda&gt;5]" time="0.007880687713623047"></testcase><testcase classname="src.pymortests.vectorarray" file="src/pymortests/vectorarray.py" line="1009" name="test_axpy_wrong_ind[compatible_vector_array_pair0-&lt;lambda&gt;6]" time="0.0023543834686279297"></testcase><testcase classname="src.pymortests.vectorarray" file="src/pymortests/vectorarray.py" line="1009" name="test_axpy_wrong_ind[compatible_vector_array_pair0-&lt;lambda&gt;7]" time="0.002901792526245117"></testcase><testcase classname="src.pymortests.vectorarray" file="src/pymortests/vectorarray.py" line="1009" name="test_axpy_wrong_ind[compatible_vector_array_pair0-&lt;lambda&gt;8]" time="0.024030208587646484"></testcase><testcase classname="src.pymortests.vectorarray" file="src/pymortests/vectorarray.py" line="1009" name="test_axpy_wrong_ind[compatible_vector_array_pair0-&lt;lambda&gt;9]" time="0.04133915901184082"></testcase><testcase classname="src.pymortests.vectorarray" file="src/pymortests/vectorarray.py" line="1009" name="test_axpy_wrong_ind[compatible_vector_array_pair0-&lt;lambda&gt;10]" time="0.13379120826721191"></testcase><testcase classname="src.pymortests.vectorarray" file="src/pymortests/vectorarray.py" line="1009" name="test_axpy_wrong_ind[compatible_vector_array_pair0-&lt;lambda&gt;11]" time="0.008923053741455078"></testcase><testcase classname="src.pymortests.vectorarray" file="src/pymortests/vectorarray.py" line="1009" name="test_axpy_wrong_ind[compatible_vector_array_pair0-&lt;lambda&gt;12]" time="0.005319118499755859"></testcase><testcase classname="src.pymortests.vectorarray" file="src/pymortests/vectorarray.py" line="1009" name="test_axpy_wrong_ind[compatible_vector_array_pair0-&lt;lambda&gt;13]" time="0.009413719177246094"></testcase><testcase classname="src.pymortests.vectorarray" file="src/pymortests/vectorarray.py" line="1009" name="test_axpy_wrong_ind[compatible_vector_array_pair0-&lt;lambda&gt;14]" time="0.00969552993774414"></testcase><testcase classname="src.pymortests.vectorarray" file="src/pymortests/vectorarray.py" line="1009" name="test_axpy_wrong_ind[compatible_vector_array_pair0-&lt;lambda&gt;15]" time="0.02020883560180664"></testcase><testcase classname="src.pymortests.vectorarray" file="src/pymortests/vectorarray.py" line="1009" name="test_axpy_wrong_ind[compatible_vector_array_pair0-&lt;lambda&gt;16]" time="0.025638341903686523"></testcase><testcase classname="src.pymortests.vectorarray" file="src/pymortests/vectorarray.py" line="1009" name="test_axpy_wrong_ind[compatible_vector_array_pair0-&lt;lambda&gt;17]" time="0.03451085090637207"></testcase><testcase classname="src.pymortests.vectorarray" file="src/pymortests/vectorarray.py" line="1009" name="test_axpy_wrong_ind[compatible_vector_array_pair0-&lt;lambda&gt;18]" time="0.0041468143463134766"></testcase><testcase classname="src.pymortests.vectorarray" file="src/pymortests/vectorarray.py" line="1009" name="test_axpy_wrong_ind[compatible_vector_array_pair0-&lt;lambda&gt;19]" time="0.004149675369262695"></testcase><testcase classname="src.pymortests.vectorarray" file="src/pymortests/vectorarray.py" line="1009" name="test_axpy_wrong_ind[compatible_vector_array_pair0-&lt;lambda&gt;20]" time="0.04853463172912598"></testcase><testcase classname="src.pymortests.vectorarray" file="src/pymortests/vectorarray.py" line="1009" name="test_axpy_wrong_ind[compatible_vector_array_pair0-&lt;lambda&gt;21]" time="0.05105304718017578"></testcase><testcase classname="src.pymortests.vectorarray" file="src/pymortests/vectorarray.py" line="1009" name="test_axpy_wrong_ind[compatible_vector_array_pair0-&lt;lambda&gt;22]" time="0.170090913772583"></testcase><testcase classname="src.pymortests.vectorarray" file="src/pymortests/vectorarray.py" line="1009" name="test_axpy_wrong_ind[compatible_vector_array_pair0-&lt;lambda&gt;23]" time="0.00969386100769043"></testcase><testcase classname="src.pymortests.vectorarray" file="src/pymortests/vectorarray.py" line="1009" name="test_axpy_wrong_ind[compatible_vector_array_pair0-&lt;lambda&gt;24]" time="0.0035283565521240234"></testcase><testcase classname="src.pymortests.vectorarray" file="src/pymortests/vectorarray.py" line="1009" name="test_axpy_wrong_ind[compatible_vector_array_pair0-&lt;lambda&gt;25]" time="0.0037415027618408203"></testcase><testcase classname="src.pymortests.vectorarray" file="src/pymortests/vectorarray.py" line="1009" name="test_axpy_wrong_ind[compatible_vector_array_pair0-&lt;lambda&gt;26]" time="0.04300069808959961"></testcase><testcase classname="src.pymortests.vectorarray" file="src/pymortests/vectorarray.py" line="1009" name="test_axpy_wrong_ind[compatible_vector_array_pair0-&lt;lambda&gt;27]" time="0.06807756423950195"></testcase><testcase classname="src.pymortests.vectorarray" file="src/pymortests/vectorarray.py" line="1009" name="test_axpy_wrong_ind[compatible_vector_array_pair0-&lt;lambda&gt;28]" time="0.23388242721557617"></testcase><testcase classname="src.pymortests.vectorarray" file="src/pymortests/vectorarray.py" line="1009" name="test_axpy_wrong_ind[compatible_vector_array_pair0-&lt;lambda&gt;29]" time="0.011490345001220703"></testcase><testcase classname="src.pymortests.vectorarray" file="src/pymortests/vectorarray.py" line="1009" name="test_axpy_wrong_ind[compatible_vector_array_pair1-&lt;lambda&gt;0]" time="0.0037424564361572266"></testcase><testcase classname="src.pymortests.vectorarray" file="src/pymortests/vectorarray.py" line="1009" name="test_axpy_wrong_ind[compatible_vector_array_pair1-&lt;lambda&gt;1]" time="0.0028994083404541016"></testcase><testcase classname="src.pymortests.vectorarray" file="src/pymortests/vectorarray.py" line="1009" name="test_axpy_wrong_ind[compatible_vector_array_pair1-&lt;lambda&gt;2]" time="0.008372783660888672"></testcase><testcase classname="src.pymortests.vectorarray" file="src/pymortests/vectorarray.py" line="1009" name="test_axpy_wrong_ind[compatible_vector_array_pair1-&lt;lambda&gt;3]" time="0.011092901229858398"></testcase><testcase classname="src.pymortests.vectorarray" file="src/pymortests/vectorarray.py" line="1009" name="test_axpy_wrong_ind[compatible_vector_array_pair1-&lt;lambda&gt;4]" time="0.015739917755126953"></testcase><testcase classname="src.pymortests.vectorarray" file="src/pymortests/vectorarray.py" line="1009" name="test_axpy_wrong_ind[compatible_vector_array_pair1-&lt;lambda&gt;5]" time="0.007704973220825195"></testcase><testcase classname="src.pymortests.vectorarray" file="src/pymortests/vectorarray.py" line="1009" name="test_axpy_wrong_ind[compatible_vector_array_pair1-&lt;lambda&gt;6]" time="0.002404928207397461"></testcase><testcase classname="src.pymortests.vectorarray" file="src/pymortests/vectorarray.py" line="1009" name="test_axpy_wrong_ind[compatible_vector_array_pair1-&lt;lambda&gt;7]" time="0.0029516220092773438"></testcase><testcase classname="src.pymortests.vectorarray" file="src/pymortests/vectorarray.py" line="1009" name="test_axpy_wrong_ind[compatible_vector_array_pair1-&lt;lambda&gt;8]" time="0.02408456802368164"></testcase><testcase classname="src.pymortests.vectorarray" file="src/pymortests/vectorarray.py" line="1009" name="test_axpy_wrong_ind[compatible_vector_array_pair1-&lt;lambda&gt;9]" time="0.04118704795837402"></testcase><testcase classname="src.pymortests.vectorarray" file="src/pymortests/vectorarray.py" line="1009" name="test_axpy_wrong_ind[compatible_vector_array_pair1-&lt;lambda&gt;10]" time="0.13376450538635254"></testcase><testcase classname="src.pymortests.vectorarray" file="src/pymortests/vectorarray.py" line="1009" name="test_axpy_wrong_ind[compatible_vector_array_pair1-&lt;lambda&gt;11]" time="0.008753538131713867"></testcase><testcase classname="src.pymortests.vectorarray" file="src/pymortests/vectorarray.py" line="1009" name="test_axpy_wrong_ind[compatible_vector_array_pair1-&lt;lambda&gt;12]" time="0.0051746368408203125"></testcase><testcase classname="src.pymortests.vectorarray" file="src/pymortests/vectorarray.py" line="1009" name="test_axpy_wrong_ind[compatible_vector_array_pair1-&lt;lambda&gt;13]" time="0.009480476379394531"></testcase><testcase classname="src.pymortests.vectorarray" file="src/pymortests/vectorarray.py" line="1009" name="test_axpy_wrong_ind[compatible_vector_array_pair1-&lt;lambda&gt;14]" time="0.00956583023071289"></testcase><testcase classname="src.pymortests.vectorarray" file="src/pymortests/vectorarray.py" line="1009" name="test_axpy_wrong_ind[compatible_vector_array_pair1-&lt;lambda&gt;15]" time="0.017241954803466797"></testcase><testcase classname="src.pymortests.vectorarray" file="src/pymortests/vectorarray.py" line="1009" name="test_axpy_wrong_ind[compatible_vector_array_pair1-&lt;lambda&gt;16]" time="0.025714874267578125"></testcase><testcase classname="src.pymortests.vectorarray" file="src/pymortests/vectorarray.py" line="1009" name="test_axpy_wrong_ind[compatible_vector_array_pair1-&lt;lambda&gt;17]" time="0.034456729888916016"></testcase><testcase classname="src.pymortests.vectorarray" file="src/pymortests/vectorarray.py" line="1009" name="test_axpy_wrong_ind[compatible_vector_array_pair1-&lt;lambda&gt;18]" time="0.004101276397705078"></testcase><testcase classname="src.pymortests.vectorarray" file="src/pymortests/vectorarray.py" line="1009" name="test_axpy_wrong_ind[compatible_vector_array_pair1-&lt;lambda&gt;19]" time="0.003738880157470703"></testcase><testcase classname="src.pymortests.vectorarray" file="src/pymortests/vectorarray.py" line="1009" name="test_axpy_wrong_ind[compatible_vector_array_pair1-&lt;lambda&gt;20]" time="0.047739505767822266"></testcase><testcase classname="src.pymortests.vectorarray" file="src/pymortests/vectorarray.py" line="1009" name="test_axpy_wrong_ind[compatible_vector_array_pair1-&lt;lambda&gt;21]" time="0.05113577842712402"></testcase><testcase classname="src.pymortests.vectorarray" file="src/pymortests/vectorarray.py" line="1009" name="test_axpy_wrong_ind[compatible_vector_array_pair1-&lt;lambda&gt;22]" time="0.1692953109741211"></testcase><testcase classname="src.pymortests.vectorarray" file="src/pymortests/vectorarray.py" line="1009" name="test_axpy_wrong_ind[compatible_vector_array_pair1-&lt;lambda&gt;23]" time="0.009792327880859375"></testcase><testcase classname="src.pymortests.vectorarray" file="src/pymortests/vectorarray.py" line="1009" name="test_axpy_wrong_ind[compatible_vector_array_pair1-&lt;lambda&gt;24]" time="0.0035212039947509766"></testcase><testcase classname="src.pymortests.vectorarray" file="src/pymortests/vectorarray.py" line="1009" name="test_axpy_wrong_ind[compatible_vector_array_pair1-&lt;lambda&gt;25]" time="0.003803730010986328"></testcase><testcase classname="src.pymortests.vectorarray" file="src/pymortests/vectorarray.py" line="1009" name="test_axpy_wrong_ind[compatible_vector_array_pair1-&lt;lambda&gt;26]" time="0.043515920639038086"></testcase><testcase classname="src.pymortests.vectorarray" file="src/pymortests/vectorarray.py" line="1009" name="test_axpy_wrong_ind[compatible_vector_array_pair1-&lt;lambda&gt;27]" time="0.0674278736114502"></testcase><testcase classname="src.pymortests.vectorarray" file="src/pymortests/vectorarray.py" line="1009" name="test_axpy_wrong_ind[compatible_vector_array_pair1-&lt;lambda&gt;28]" time="0.23498010635375977"></testcase><testcase classname="src.pymortests.vectorarray" file="src/pymortests/vectorarray.py" line="1009" name="test_axpy_wrong_ind[compatible_vector_array_pair1-&lt;lambda&gt;29]" time="0.011379003524780273"></testcase><testcase classname="src.pymortests.vectorarray" file="src/pymortests/vectorarray.py" line="1009" name="test_axpy_wrong_ind[compatible_vector_array_pair2-&lt;lambda&gt;0]" time="0.0037980079650878906"></testcase><testcase classname="src.pymortests.vectorarray" file="src/pymortests/vectorarray.py" line="1009" name="test_axpy_wrong_ind[compatible_vector_array_pair2-&lt;lambda&gt;1]" time="0.002975940704345703"></testcase><testcase classname="src.pymortests.vectorarray" file="src/pymortests/vectorarray.py" line="1009" name="test_axpy_wrong_ind[compatible_vector_array_pair2-&lt;lambda&gt;2]" time="0.008074283599853516"></testcase><testcase classname="src.pymortests.vectorarray" file="src/pymortests/vectorarray.py" line="1009" name="test_axpy_wrong_ind[compatible_vector_array_pair2-&lt;lambda&gt;3]" time="0.010914325714111328"></testcase><testcase classname="src.pymortests.vectorarray" file="src/pymortests/vectorarray.py" line="1009" name="test_axpy_wrong_ind[compatible_vector_array_pair2-&lt;lambda&gt;4]" time="0.015671730041503906"></testcase><testcase classname="src.pymortests.vectorarray" file="src/pymortests/vectorarray.py" line="1009" name="test_axpy_wrong_ind[compatible_vector_array_pair2-&lt;lambda&gt;5]" time="0.007611989974975586"></testcase><testcase classname="src.pymortests.vectorarray" file="src/pymortests/vectorarray.py" line="1009" name="test_axpy_wrong_ind[compatible_vector_array_pair2-&lt;lambda&gt;6]" time="0.002394437789916992"></testcase><testcase classname="src.pymortests.vectorarray" file="src/pymortests/vectorarray.py" line="1009" name="test_axpy_wrong_ind[compatible_vector_array_pair2-&lt;lambda&gt;7]" time="0.0029828548431396484"></testcase><testcase classname="src.pymortests.vectorarray" file="src/pymortests/vectorarray.py" line="1009" name="test_axpy_wrong_ind[compatible_vector_array_pair2-&lt;lambda&gt;8]" time="0.024277687072753906"></testcase><testcase classname="src.pymortests.vectorarray" file="src/pymortests/vectorarray.py" line="1009" name="test_axpy_wrong_ind[compatible_vector_array_pair2-&lt;lambda&gt;9]" time="0.04149580001831055"></testcase><testcase classname="src.pymortests.vectorarray" file="src/pymortests/vectorarray.py" line="1009" name="test_axpy_wrong_ind[compatible_vector_array_pair2-&lt;lambda&gt;10]" time="0.13826203346252441"></testcase><testcase classname="src.pymortests.vectorarray" file="src/pymortests/vectorarray.py" line="1009" name="test_axpy_wrong_ind[compatible_vector_array_pair2-&lt;lambda&gt;11]" time="0.008853912353515625"></testcase><testcase classname="src.pymortests.vectorarray" file="src/pymortests/vectorarray.py" line="1009" name="test_axpy_wrong_ind[compatible_vector_array_pair2-&lt;lambda&gt;12]" time="0.005283832550048828"></testcase><testcase classname="src.pymortests.vectorarray" file="src/pymortests/vectorarray.py" line="1009" name="test_axpy_wrong_ind[compatible_vector_array_pair2-&lt;lambda&gt;13]" time="0.009581565856933594"></testcase><testcase classname="src.pymortests.vectorarray" file="src/pymortests/vectorarray.py" line="1009" name="test_axpy_wrong_ind[compatible_vector_array_pair2-&lt;lambda&gt;14]" time="0.00961160659790039"></testcase><testcase classname="src.pymortests.vectorarray" file="src/pymortests/vectorarray.py" line="1009" name="test_axpy_wrong_ind[compatible_vector_array_pair2-&lt;lambda&gt;15]" time="0.017226219177246094"></testcase><testcase classname="src.pymortests.vectorarray" file="src/pymortests/vectorarray.py" line="1009" name="test_axpy_wrong_ind[compatible_vector_array_pair2-&lt;lambda&gt;16]" time="0.026149749755859375"></testcase><testcase classname="src.pymortests.vectorarray" file="src/pymortests/vectorarray.py" line="1009" name="test_axpy_wrong_ind[compatible_vector_array_pair2-&lt;lambda&gt;17]" time="0.03443002700805664"></testcase><testcase classname="src.pymortests.vectorarray" file="src/pymortests/vectorarray.py" line="1009" name="test_axpy_wrong_ind[compatible_vector_array_pair2-&lt;lambda&gt;18]" time="0.0044481754302978516"></testcase><testcase classname="src.pymortests.vectorarray" file="src/pymortests/vectorarray.py" line="1009" name="test_axpy_wrong_ind[compatible_vector_array_pair2-&lt;lambda&gt;19]" time="0.003683328628540039"></testcase><testcase classname="src.pymortests.vectorarray" file="src/pymortests/vectorarray.py" line="1009" name="test_axpy_wrong_ind[compatible_vector_array_pair2-&lt;lambda&gt;20]" time="0.04758763313293457"></testcase><testcase classname="src.pymortests.vectorarray" file="src/pymortests/vectorarray.py" line="1009" name="test_axpy_wrong_ind[compatible_vector_array_pair2-&lt;lambda&gt;21]" time="0.05132150650024414"></testcase><testcase classname="src.pymortests.vectorarray" file="src/pymortests/vectorarray.py" line="1009" name="test_axpy_wrong_ind[compatible_vector_array_pair2-&lt;lambda&gt;22]" time="0.16971683502197266"></testcase><testcase classname="src.pymortests.vectorarray" file="src/pymortests/vectorarray.py" line="1009" name="test_axpy_wrong_ind[compatible_vector_array_pair2-&lt;lambda&gt;23]" time="0.009620189666748047"></testcase><testcase classname="src.pymortests.vectorarray" file="src/pymortests/vectorarray.py" line="1009" name="test_axpy_wrong_ind[compatible_vector_array_pair2-&lt;lambda&gt;24]" time="0.003452301025390625"></testcase><testcase classname="src.pymortests.vectorarray" file="src/pymortests/vectorarray.py" line="1009" name="test_axpy_wrong_ind[compatible_vector_array_pair2-&lt;lambda&gt;25]" time="0.003856658935546875"></testcase><testcase classname="src.pymortests.vectorarray" file="src/pymortests/vectorarray.py" line="1009" name="test_axpy_wrong_ind[compatible_vector_array_pair2-&lt;lambda&gt;26]" time="0.043381690979003906"></testcase><testcase classname="src.pymortests.vectorarray" file="src/pymortests/vectorarray.py" line="1009" name="test_axpy_wrong_ind[compatible_vector_array_pair2-&lt;lambda&gt;27]" time="0.0678863525390625"></testcase><testcase classname="src.pymortests.vectorarray" file="src/pymortests/vectorarray.py" line="1009" name="test_axpy_wrong_ind[compatible_vector_array_pair2-&lt;lambda&gt;28]" time="0.23717665672302246"></testcase><testcase classname="src.pymortests.vectorarray" file="src/pymortests/vectorarray.py" line="1009" name="test_axpy_wrong_ind[compatible_vector_array_pair2-&lt;lambda&gt;29]" time="0.011046648025512695"></testcase><testcase classname="src.pymortests.vectorarray" file="src/pymortests/vectorarray.py" line="1009" name="test_axpy_wrong_ind[compatible_vector_array_pair3-&lt;lambda&gt;0]" time="0.0037856101989746094"></testcase><testcase classname="src.pymortests.vectorarray" file="src/pymortests/vectorarray.py" line="1009" name="test_axpy_wrong_ind[compatible_vector_array_pair3-&lt;lambda&gt;1]" time="0.002878904342651367"></testcase><testcase classname="src.pymortests.vectorarray" file="src/pymortests/vectorarray.py" line="1009" name="test_axpy_wrong_ind[compatible_vector_array_pair3-&lt;lambda&gt;2]" time="0.008017539978027344"></testcase><testcase classname="src.pymortests.vectorarray" file="src/pymortests/vectorarray.py" line="1009" name="test_axpy_wrong_ind[compatible_vector_array_pair3-&lt;lambda&gt;3]" time="0.011043787002563477"></testcase><testcase classname="src.pymortests.vectorarray" file="src/pymortests/vectorarray.py" line="1009" name="test_axpy_wrong_ind[compatible_vector_array_pair3-&lt;lambda&gt;4]" time="0.015720129013061523"></testcase><testcase classname="src.pymortests.vectorarray" file="src/pymortests/vectorarray.py" line="1009" name="test_axpy_wrong_ind[compatible_vector_array_pair3-&lt;lambda&gt;5]" time="0.007630348205566406"></testcase><testcase classname="src.pymortests.vectorarray" file="src/pymortests/vectorarray.py" line="1009" name="test_axpy_wrong_ind[compatible_vector_array_pair3-&lt;lambda&gt;6]" time="0.0024073123931884766"></testcase><testcase classname="src.pymortests.vectorarray" file="src/pymortests/vectorarray.py" line="1009" name="test_axpy_wrong_ind[compatible_vector_array_pair3-&lt;lambda&gt;7]" time="0.0028791427612304688"></testcase><testcase classname="src.pymortests.vectorarray" file="src/pymortests/vectorarray.py" line="1009" name="test_axpy_wrong_ind[compatible_vector_array_pair3-&lt;lambda&gt;8]" time="0.024247407913208008"></testcase><testcase classname="src.pymortests.vectorarray" file="src/pymortests/vectorarray.py" line="1009" name="test_axpy_wrong_ind[compatible_vector_array_pair3-&lt;lambda&gt;9]" time="0.041686058044433594"></testcase><testcase classname="src.pymortests.vectorarray" file="src/pymortests/vectorarray.py" line="1009" name="test_axpy_wrong_ind[compatible_vector_array_pair3-&lt;lambda&gt;10]" time="0.13484692573547363"></testcase><testcase classname="src.pymortests.vectorarray" file="src/pymortests/vectorarray.py" line="1009" name="test_axpy_wrong_ind[compatible_vector_array_pair3-&lt;lambda&gt;11]" time="0.008700132369995117"></testcase><testcase classname="src.pymortests.vectorarray" file="src/pymortests/vectorarray.py" line="1009" name="test_axpy_wrong_ind[compatible_vector_array_pair3-&lt;lambda&gt;12]" time="0.005295515060424805"></testcase><testcase classname="src.pymortests.vectorarray" file="src/pymortests/vectorarray.py" line="1009" name="test_axpy_wrong_ind[compatible_vector_array_pair3-&lt;lambda&gt;13]" time="0.00948953628540039"></testcase><testcase classname="src.pymortests.vectorarray" file="src/pymortests/vectorarray.py" line="1009" name="test_axpy_wrong_ind[compatible_vector_array_pair3-&lt;lambda&gt;14]" time="0.009636163711547852"></testcase><testcase classname="src.pymortests.vectorarray" file="src/pymortests/vectorarray.py" line="1009" name="test_axpy_wrong_ind[compatible_vector_array_pair3-&lt;lambda&gt;15]" time="0.017752885818481445"></testcase><testcase classname="src.pymortests.vectorarray" file="src/pymortests/vectorarray.py" line="1009" name="test_axpy_wrong_ind[compatible_vector_array_pair3-&lt;lambda&gt;16]" time="0.02597975730895996"></testcase><testcase classname="src.pymortests.vectorarray" file="src/pymortests/vectorarray.py" line="1009" name="test_axpy_wrong_ind[compatible_vector_array_pair3-&lt;lambda&gt;17]" time="0.03452110290527344"></testcase><testcase classname="src.pymortests.vectorarray" file="src/pymortests/vectorarray.py" line="1009" name="test_axpy_wrong_ind[compatible_vector_array_pair3-&lt;lambda&gt;18]" time="0.004171848297119141"></testcase><testcase classname="src.pymortests.vectorarray" file="src/pymortests/vectorarray.py" line="1009" name="test_axpy_wrong_ind[compatible_vector_array_pair3-&lt;lambda&gt;19]" time="0.0037071704864501953"></testcase><testcase classname="src.pymortests.vectorarray" file="src/pymortests/vectorarray.py" line="1009" name="test_axpy_wrong_ind[compatible_vector_array_pair3-&lt;lambda&gt;20]" time="0.047652482986450195"></testcase><testcase classname="src.pymortests.vectorarray" file="src/pymortests/vectorarray.py" line="1009" name="test_axpy_wrong_ind[compatible_vector_array_pair3-&lt;lambda&gt;21]" time="0.05136871337890625"></testcase><testcase classname="src.pymortests.vectorarray" file="src/pymortests/vectorarray.py" line="1009" name="test_axpy_wrong_ind[compatible_vector_array_pair3-&lt;lambda&gt;22]" time="0.16981029510498047"></testcase><testcase classname="src.pymortests.vectorarray" file="src/pymortests/vectorarray.py" line="1009" name="test_axpy_wrong_ind[compatible_vector_array_pair3-&lt;lambda&gt;23]" time="0.009824991226196289"></testcase><testcase classname="src.pymortests.vectorarray" file="src/pymortests/vectorarray.py" line="1009" name="test_axpy_wrong_ind[compatible_vector_array_pair3-&lt;lambda&gt;24]" time="0.0036118030548095703"></testcase><testcase classname="src.pymortests.vectorarray" file="src/pymortests/vectorarray.py" line="1009" name="test_axpy_wrong_ind[compatible_vector_array_pair3-&lt;lambda&gt;25]" time="0.003735065460205078"></testcase><testcase classname="src.pymortests.vectorarray" file="src/pymortests/vectorarray.py" line="1009" name="test_axpy_wrong_ind[compatible_vector_array_pair3-&lt;lambda&gt;26]" time="0.04315543174743652"></testcase><testcase classname="src.pymortests.vectorarray" file="src/pymortests/vectorarray.py" line="1009" name="test_axpy_wrong_ind[compatible_vector_array_pair3-&lt;lambda&gt;27]" time="0.0675652027130127"></testcase><testcase classname="src.pymortests.vectorarray" file="src/pymortests/vectorarray.py" line="1009" name="test_axpy_wrong_ind[compatible_vector_array_pair3-&lt;lambda&gt;28]" time="0.23611927032470703"></testcase><testcase classname="src.pymortests.vectorarray" file="src/pymortests/vectorarray.py" line="1009" name="test_axpy_wrong_ind[compatible_vector_array_pair3-&lt;lambda&gt;29]" time="0.011391878128051758"></testcase><testcase classname="src.pymortests.vectorarray" file="src/pymortests/vectorarray.py" line="1009" name="test_axpy_wrong_ind[compatible_vector_array_pair4-&lt;lambda&gt;0]" time="0.003710031509399414"></testcase><testcase classname="src.pymortests.vectorarray" file="src/pymortests/vectorarray.py" line="1009" name="test_axpy_wrong_ind[compatible_vector_array_pair4-&lt;lambda&gt;1]" time="0.0029211044311523438"></testcase><testcase classname="src.pymortests.vectorarray" file="src/pymortests/vectorarray.py" line="1009" name="test_axpy_wrong_ind[compatible_vector_array_pair4-&lt;lambda&gt;2]" time="0.008184194564819336"></testcase><testcase classname="src.pymortests.vectorarray" file="src/pymortests/vectorarray.py" line="1009" name="test_axpy_wrong_ind[compatible_vector_array_pair4-&lt;lambda&gt;3]" time="0.011192083358764648"></testcase><testcase classname="src.pymortests.vectorarray" file="src/pymortests/vectorarray.py" line="1009" name="test_axpy_wrong_ind[compatible_vector_array_pair4-&lt;lambda&gt;4]" time="0.015586376190185547"></testcase><testcase classname="src.pymortests.vectorarray" file="src/pymortests/vectorarray.py" line="1009" name="test_axpy_wrong_ind[compatible_vector_array_pair4-&lt;lambda&gt;5]" time="0.010401010513305664"></testcase><testcase classname="src.pymortests.vectorarray" file="src/pymortests/vectorarray.py" line="1009" name="test_axpy_wrong_ind[compatible_vector_array_pair4-&lt;lambda&gt;6]" time="0.002480745315551758"></testcase><testcase classname="src.pymortests.vectorarray" file="src/pymortests/vectorarray.py" line="1009" name="test_axpy_wrong_ind[compatible_vector_array_pair4-&lt;lambda&gt;7]" time="0.0029516220092773438"></testcase><testcase classname="src.pymortests.vectorarray" file="src/pymortests/vectorarray.py" line="1009" name="test_axpy_wrong_ind[compatible_vector_array_pair4-&lt;lambda&gt;8]" time="0.0243532657623291"></testcase><testcase classname="src.pymortests.vectorarray" file="src/pymortests/vectorarray.py" line="1009" name="test_axpy_wrong_ind[compatible_vector_array_pair4-&lt;lambda&gt;9]" time="0.04185795783996582"></testcase><testcase classname="src.pymortests.vectorarray" file="src/pymortests/vectorarray.py" line="1009" name="test_axpy_wrong_ind[compatible_vector_array_pair4-&lt;lambda&gt;10]" time="0.13546967506408691"></testcase><testcase classname="src.pymortests.vectorarray" file="src/pymortests/vectorarray.py" line="1009" name="test_axpy_wrong_ind[compatible_vector_array_pair4-&lt;lambda&gt;11]" time="0.008994102478027344"></testcase><testcase classname="src.pymortests.vectorarray" file="src/pymortests/vectorarray.py" line="1009" name="test_axpy_wrong_ind[compatible_vector_array_pair4-&lt;lambda&gt;12]" time="0.0052716732025146484"></testcase><testcase classname="src.pymortests.vectorarray" file="src/pymortests/vectorarray.py" line="1009" name="test_axpy_wrong_ind[compatible_vector_array_pair4-&lt;lambda&gt;13]" time="0.009378910064697266"></testcase><testcase classname="src.pymortests.vectorarray" file="src/pymortests/vectorarray.py" line="1009" name="test_axpy_wrong_ind[compatible_vector_array_pair4-&lt;lambda&gt;14]" time="0.009601116180419922"></testcase><testcase classname="src.pymortests.vectorarray" file="src/pymortests/vectorarray.py" line="1009" name="test_axpy_wrong_ind[compatible_vector_array_pair4-&lt;lambda&gt;15]" time="0.01735067367553711"></testcase><testcase classname="src.pymortests.vectorarray" file="src/pymortests/vectorarray.py" line="1009" name="test_axpy_wrong_ind[compatible_vector_array_pair4-&lt;lambda&gt;16]" time="0.02573537826538086"></testcase><testcase classname="src.pymortests.vectorarray" file="src/pymortests/vectorarray.py" line="1009" name="test_axpy_wrong_ind[compatible_vector_array_pair4-&lt;lambda&gt;17]" time="0.03447151184082031"></testcase><testcase classname="src.pymortests.vectorarray" file="src/pymortests/vectorarray.py" line="1009" name="test_axpy_wrong_ind[compatible_vector_array_pair4-&lt;lambda&gt;18]" time="0.004178762435913086"></testcase><testcase classname="src.pymortests.vectorarray" file="src/pymortests/vectorarray.py" line="1009" name="test_axpy_wrong_ind[compatible_vector_array_pair4-&lt;lambda&gt;19]" time="0.0037403106689453125"></testcase><testcase classname="src.pymortests.vectorarray" file="src/pymortests/vectorarray.py" line="1009" name="test_axpy_wrong_ind[compatible_vector_array_pair4-&lt;lambda&gt;20]" time="0.047815561294555664"></testcase><testcase classname="src.pymortests.vectorarray" file="src/pymortests/vectorarray.py" line="1009" name="test_axpy_wrong_ind[compatible_vector_array_pair4-&lt;lambda&gt;21]" time="0.05131697654724121"></testcase><testcase classname="src.pymortests.vectorarray" file="src/pymortests/vectorarray.py" line="1009" name="test_axpy_wrong_ind[compatible_vector_array_pair4-&lt;lambda&gt;22]" time="0.16965842247009277"></testcase><testcase classname="src.pymortests.vectorarray" file="src/pymortests/vectorarray.py" line="1009" name="test_axpy_wrong_ind[compatible_vector_array_pair4-&lt;lambda&gt;23]" time="0.009831666946411133"></testcase><testcase classname="src.pymortests.vectorarray" file="src/pymortests/vectorarray.py" line="1009" name="test_axpy_wrong_ind[compatible_vector_array_pair4-&lt;lambda&gt;24]" time="0.003526926040649414"></testcase><testcase classname="src.pymortests.vectorarray" file="src/pymortests/vectorarray.py" line="1009" name="test_axpy_wrong_ind[compatible_vector_array_pair4-&lt;lambda&gt;25]" time="0.0038466453552246094"></testcase><testcase classname="src.pymortests.vectorarray" file="src/pymortests/vectorarray.py" line="1009" name="test_axpy_wrong_ind[compatible_vector_array_pair4-&lt;lambda&gt;26]" time="0.0438387393951416"></testcase><testcase classname="src.pymortests.vectorarray" file="src/pymortests/vectorarray.py" line="1009" name="test_axpy_wrong_ind[compatible_vector_array_pair4-&lt;lambda&gt;27]" time="0.06803536415100098"></testcase><testcase classname="src.pymortests.vectorarray" file="src/pymortests/vectorarray.py" line="1009" name="test_axpy_wrong_ind[compatible_vector_array_pair4-&lt;lambda&gt;28]" time="0.23848176002502441"></testcase><testcase classname="src.pymortests.vectorarray" file="src/pymortests/vectorarray.py" line="1009" name="test_axpy_wrong_ind[compatible_vector_array_pair4-&lt;lambda&gt;29]" time="0.011007308959960938"></testcase><testcase classname="src.pymortests.vectorarray" file="src/pymortests/vectorarray.py" line="1009" name="test_axpy_wrong_ind[compatible_vector_array_pair5-&lt;lambda&gt;0]" time="0.003687143325805664"></testcase><testcase classname="src.pymortests.vectorarray" file="src/pymortests/vectorarray.py" line="1009" name="test_axpy_wrong_ind[compatible_vector_array_pair5-&lt;lambda&gt;1]" time="0.0029325485229492188"></testcase><testcase classname="src.pymortests.vectorarray" file="src/pymortests/vectorarray.py" line="1009" name="test_axpy_wrong_ind[compatible_vector_array_pair5-&lt;lambda&gt;2]" time="0.00816965103149414"></testcase><testcase classname="src.pymortests.vectorarray" file="src/pymortests/vectorarray.py" line="1009" name="test_axpy_wrong_ind[compatible_vector_array_pair5-&lt;lambda&gt;3]" time="0.011310338973999023"></testcase><testcase classname="src.pymortests.vectorarray" file="src/pymortests/vectorarray.py" line="1009" name="test_axpy_wrong_ind[compatible_vector_array_pair5-&lt;lambda&gt;4]" time="0.0157778263092041"></testcase><testcase classname="src.pymortests.vectorarray" file="src/pymortests/vectorarray.py" line="1009" name="test_axpy_wrong_ind[compatible_vector_array_pair5-&lt;lambda&gt;5]" time="0.007764577865600586"></testcase><testcase classname="src.pymortests.vectorarray" file="src/pymortests/vectorarray.py" line="1009" name="test_axpy_wrong_ind[compatible_vector_array_pair5-&lt;lambda&gt;6]" time="0.002454996109008789"></testcase><testcase classname="src.pymortests.vectorarray" file="src/pymortests/vectorarray.py" line="1009" name="test_axpy_wrong_ind[compatible_vector_array_pair5-&lt;lambda&gt;7]" time="0.0029935836791992188"></testcase><testcase classname="src.pymortests.vectorarray" file="src/pymortests/vectorarray.py" line="1009" name="test_axpy_wrong_ind[compatible_vector_array_pair5-&lt;lambda&gt;8]" time="0.024339675903320312"></testcase><testcase classname="src.pymortests.vectorarray" file="src/pymortests/vectorarray.py" line="1009" name="test_axpy_wrong_ind[compatible_vector_array_pair5-&lt;lambda&gt;9]" time="0.04178309440612793"></testcase><testcase classname="src.pymortests.vectorarray" file="src/pymortests/vectorarray.py" line="1009" name="test_axpy_wrong_ind[compatible_vector_array_pair5-&lt;lambda&gt;10]" time="0.13702392578125"></testcase><testcase classname="src.pymortests.vectorarray" file="src/pymortests/vectorarray.py" line="1009" name="test_axpy_wrong_ind[compatible_vector_array_pair5-&lt;lambda&gt;11]" time="0.008881807327270508"></testcase><testcase classname="src.pymortests.vectorarray" file="src/pymortests/vectorarray.py" line="1009" name="test_axpy_wrong_ind[compatible_vector_array_pair5-&lt;lambda&gt;12]" time="0.005257844924926758"></testcase><testcase classname="src.pymortests.vectorarray" file="src/pymortests/vectorarray.py" line="1009" name="test_axpy_wrong_ind[compatible_vector_array_pair5-&lt;lambda&gt;13]" time="0.009491920471191406"></testcase><testcase classname="src.pymortests.vectorarray" file="src/pymortests/vectorarray.py" line="1009" name="test_axpy_wrong_ind[compatible_vector_array_pair5-&lt;lambda&gt;14]" time="0.009563684463500977"></testcase><testcase classname="src.pymortests.vectorarray" file="src/pymortests/vectorarray.py" line="1009" name="test_axpy_wrong_ind[compatible_vector_array_pair5-&lt;lambda&gt;15]" time="0.017441272735595703"></testcase><testcase classname="src.pymortests.vectorarray" file="src/pymortests/vectorarray.py" line="1009" name="test_axpy_wrong_ind[compatible_vector_array_pair5-&lt;lambda&gt;16]" time="0.0258481502532959"></testcase><testcase classname="src.pymortests.vectorarray" file="src/pymortests/vectorarray.py" line="1009" name="test_axpy_wrong_ind[compatible_vector_array_pair5-&lt;lambda&gt;17]" time="0.0342564582824707"></testcase><testcase classname="src.pymortests.vectorarray" file="src/pymortests/vectorarray.py" line="1009" name="test_axpy_wrong_ind[compatible_vector_array_pair5-&lt;lambda&gt;18]" time="0.004122734069824219"></testcase><testcase classname="src.pymortests.vectorarray" file="src/pymortests/vectorarray.py" line="1009" name="test_axpy_wrong_ind[compatible_vector_array_pair5-&lt;lambda&gt;19]" time="0.0037751197814941406"></testcase><testcase classname="src.pymortests.vectorarray" file="src/pymortests/vectorarray.py" line="1009" name="test_axpy_wrong_ind[compatible_vector_array_pair5-&lt;lambda&gt;20]" time="0.04835963249206543"></testcase><testcase classname="src.pymortests.vectorarray" file="src/pymortests/vectorarray.py" line="1009" name="test_axpy_wrong_ind[compatible_vector_array_pair5-&lt;lambda&gt;21]" time="0.051223039627075195"></testcase><testcase classname="src.pymortests.vectorarray" file="src/pymortests/vectorarray.py" line="1009" name="test_axpy_wrong_ind[compatible_vector_array_pair5-&lt;lambda&gt;22]" time="0.16962361335754395"></testcase><testcase classname="src.pymortests.vectorarray" file="src/pymortests/vectorarray.py" line="1009" name="test_axpy_wrong_ind[compatible_vector_array_pair5-&lt;lambda&gt;23]" time="0.010108232498168945"></testcase><testcase classname="src.pymortests.vectorarray" file="src/pymortests/vectorarray.py" line="1009" name="test_axpy_wrong_ind[compatible_vector_array_pair5-&lt;lambda&gt;24]" time="0.0034956932067871094"></testcase><testcase classname="src.pymortests.vectorarray" file="src/pymortests/vectorarray.py" line="1009" name="test_axpy_wrong_ind[compatible_vector_array_pair5-&lt;lambda&gt;25]" time="0.0038383007049560547"></testcase><testcase classname="src.pymortests.vectorarray" file="src/pymortests/vectorarray.py" line="1009" name="test_axpy_wrong_ind[compatible_vector_array_pair5-&lt;lambda&gt;26]" time="0.043498992919921875"></testcase><testcase classname="src.pymortests.vectorarray" file="src/pymortests/vectorarray.py" line="1009" name="test_axpy_wrong_ind[compatible_vector_array_pair5-&lt;lambda&gt;27]" time="0.06812834739685059"></testcase><testcase classname="src.pymortests.vectorarray" file="src/pymortests/vectorarray.py" line="1009" name="test_axpy_wrong_ind[compatible_vector_array_pair5-&lt;lambda&gt;28]" time="0.23813414573669434"></testcase><testcase classname="src.pymortests.vectorarray" file="src/pymortests/vectorarray.py" line="1009" name="test_axpy_wrong_ind[compatible_vector_array_pair5-&lt;lambda&gt;29]" time="0.011061906814575195"></testcase><testcase classname="src.pymortests.vectorarray" file="src/pymortests/vectorarray.py" line="1009" name="test_axpy_wrong_ind[compatible_vector_array_pair6-&lt;lambda&gt;0]" time="0.003763914108276367"></testcase><testcase classname="src.pymortests.vectorarray" file="src/pymortests/vectorarray.py" line="1009" name="test_axpy_wrong_ind[compatible_vector_array_pair6-&lt;lambda&gt;1]" time="0.0029325485229492188"></testcase><testcase classname="src.pymortests.vectorarray" file="src/pymortests/vectorarray.py" line="1009" name="test_axpy_wrong_ind[compatible_vector_array_pair6-&lt;lambda&gt;2]" time="0.008140802383422852"></testcase><testcase classname="src.pymortests.vectorarray" file="src/pymortests/vectorarray.py" line="1009" name="test_axpy_wrong_ind[compatible_vector_array_pair6-&lt;lambda&gt;3]" time="0.01119852066040039"></testcase><testcase classname="src.pymortests.vectorarray" file="src/pymortests/vectorarray.py" line="1009" name="test_axpy_wrong_ind[compatible_vector_array_pair6-&lt;lambda&gt;4]" time="0.015752792358398438"></testcase><testcase classname="src.pymortests.vectorarray" file="src/pymortests/vectorarray.py" line="1009" name="test_axpy_wrong_ind[compatible_vector_array_pair6-&lt;lambda&gt;5]" time="0.007504940032958984"></testcase><testcase classname="src.pymortests.vectorarray" file="src/pymortests/vectorarray.py" line="1009" name="test_axpy_wrong_ind[compatible_vector_array_pair6-&lt;lambda&gt;6]" time="0.0025234222412109375"></testcase><testcase classname="src.pymortests.vectorarray" file="src/pymortests/vectorarray.py" line="1009" name="test_axpy_wrong_ind[compatible_vector_array_pair6-&lt;lambda&gt;7]" time="0.0030715465545654297"></testcase><testcase classname="src.pymortests.vectorarray" file="src/pymortests/vectorarray.py" line="1009" name="test_axpy_wrong_ind[compatible_vector_array_pair6-&lt;lambda&gt;8]" time="0.024104833602905273"></testcase><testcase classname="src.pymortests.vectorarray" file="src/pymortests/vectorarray.py" line="1009" name="test_axpy_wrong_ind[compatible_vector_array_pair6-&lt;lambda&gt;9]" time="0.04207563400268555"></testcase><testcase classname="src.pymortests.vectorarray" file="src/pymortests/vectorarray.py" line="1009" name="test_axpy_wrong_ind[compatible_vector_array_pair6-&lt;lambda&gt;10]" time="0.134476900100708"></testcase><testcase classname="src.pymortests.vectorarray" file="src/pymortests/vectorarray.py" line="1009" name="test_axpy_wrong_ind[compatible_vector_array_pair6-&lt;lambda&gt;11]" time="0.008918523788452148"></testcase><testcase classname="src.pymortests.vectorarray" file="src/pymortests/vectorarray.py" line="1009" name="test_axpy_wrong_ind[compatible_vector_array_pair6-&lt;lambda&gt;12]" time="0.0053331851959228516"></testcase><testcase classname="src.pymortests.vectorarray" file="src/pymortests/vectorarray.py" line="1009" name="test_axpy_wrong_ind[compatible_vector_array_pair6-&lt;lambda&gt;13]" time="0.00957489013671875"></testcase><testcase classname="src.pymortests.vectorarray" file="src/pymortests/vectorarray.py" line="1009" name="test_axpy_wrong_ind[compatible_vector_array_pair6-&lt;lambda&gt;14]" time="0.009651899337768555"></testcase><testcase classname="src.pymortests.vectorarray" file="src/pymortests/vectorarray.py" line="1009" name="test_axpy_wrong_ind[compatible_vector_array_pair6-&lt;lambda&gt;15]" time="0.01726818084716797"></testcase><testcase classname="src.pymortests.vectorarray" file="src/pymortests/vectorarray.py" line="1009" name="test_axpy_wrong_ind[compatible_vector_array_pair6-&lt;lambda&gt;16]" time="0.025669574737548828"></testcase><testcase classname="src.pymortests.vectorarray" file="src/pymortests/vectorarray.py" line="1009" name="test_axpy_wrong_ind[compatible_vector_array_pair6-&lt;lambda&gt;17]" time="0.03456830978393555"></testcase><testcase classname="src.pymortests.vectorarray" file="src/pymortests/vectorarray.py" line="1009" name="test_axpy_wrong_ind[compatible_vector_array_pair6-&lt;lambda&gt;18]" time="0.004135608673095703"></testcase><testcase classname="src.pymortests.vectorarray" file="src/pymortests/vectorarray.py" line="1009" name="test_axpy_wrong_ind[compatible_vector_array_pair6-&lt;lambda&gt;19]" time="0.003885507583618164"></testcase><testcase classname="src.pymortests.vectorarray" file="src/pymortests/vectorarray.py" line="1009" name="test_axpy_wrong_ind[compatible_vector_array_pair6-&lt;lambda&gt;20]" time="0.04773259162902832"></testcase><testcase classname="src.pymortests.vectorarray" file="src/pymortests/vectorarray.py" line="1009" name="test_axpy_wrong_ind[compatible_vector_array_pair6-&lt;lambda&gt;21]" time="0.05148148536682129"></testcase><testcase classname="src.pymortests.vectorarray" file="src/pymortests/vectorarray.py" line="1009" name="test_axpy_wrong_ind[compatible_vector_array_pair6-&lt;lambda&gt;22]" time="0.17021512985229492"></testcase><testcase classname="src.pymortests.vectorarray" file="src/pymortests/vectorarray.py" line="1009" name="test_axpy_wrong_ind[compatible_vector_array_pair6-&lt;lambda&gt;23]" time="0.009777545928955078"></testcase><testcase classname="src.pymortests.vectorarray" file="src/pymortests/vectorarray.py" line="1009" name="test_axpy_wrong_ind[compatible_vector_array_pair6-&lt;lambda&gt;24]" time="0.0034291744232177734"></testcase><testcase classname="src.pymortests.vectorarray" file="src/pymortests/vectorarray.py" line="1009" name="test_axpy_wrong_ind[compatible_vector_array_pair6-&lt;lambda&gt;25]" time="0.0038733482360839844"></testcase><testcase classname="src.pymortests.vectorarray" file="src/pymortests/vectorarray.py" line="1009" name="test_axpy_wrong_ind[compatible_vector_array_pair6-&lt;lambda&gt;26]" time="0.04602241516113281"></testcase><testcase classname="src.pymortests.vectorarray" file="src/pymortests/vectorarray.py" line="1009" name="test_axpy_wrong_ind[compatible_vector_array_pair6-&lt;lambda&gt;27]" time="0.06776881217956543"></testcase><testcase classname="src.pymortests.vectorarray" file="src/pymortests/vectorarray.py" line="1009" name="test_axpy_wrong_ind[compatible_vector_array_pair6-&lt;lambda&gt;28]" time="0.23395729064941406"></testcase><testcase classname="src.pymortests.vectorarray" file="src/pymortests/vectorarray.py" line="1009" name="test_axpy_wrong_ind[compatible_vector_array_pair6-&lt;lambda&gt;29]" time="0.011337995529174805"></testcase><testcase classname="src.pymortests.vectorarray" file="src/pymortests/vectorarray.py" line="1009" name="test_axpy_wrong_ind[compatible_vector_array_pair7-&lt;lambda&gt;0]" time="0.0037670135498046875"></testcase><testcase classname="src.pymortests.vectorarray" file="src/pymortests/vectorarray.py" line="1009" name="test_axpy_wrong_ind[compatible_vector_array_pair7-&lt;lambda&gt;1]" time="0.0028846263885498047"></testcase><testcase classname="src.pymortests.vectorarray" file="src/pymortests/vectorarray.py" line="1009" name="test_axpy_wrong_ind[compatible_vector_array_pair7-&lt;lambda&gt;2]" time="0.008055448532104492"></testcase><testcase classname="src.pymortests.vectorarray" file="src/pymortests/vectorarray.py" line="1009" name="test_axpy_wrong_ind[compatible_vector_array_pair7-&lt;lambda&gt;3]" time="0.010985612869262695"></testcase><testcase classname="src.pymortests.vectorarray" file="src/pymortests/vectorarray.py" line="1009" name="test_axpy_wrong_ind[compatible_vector_array_pair7-&lt;lambda&gt;4]" time="0.015918493270874023"></testcase><testcase classname="src.pymortests.vectorarray" file="src/pymortests/vectorarray.py" line="1009" name="test_axpy_wrong_ind[compatible_vector_array_pair7-&lt;lambda&gt;5]" time="0.007703304290771484"></testcase><testcase classname="src.pymortests.vectorarray" file="src/pymortests/vectorarray.py" line="1009" name="test_axpy_wrong_ind[compatible_vector_array_pair7-&lt;lambda&gt;6]" time="0.0025336742401123047"></testcase><testcase classname="src.pymortests.vectorarray" file="src/pymortests/vectorarray.py" line="1009" name="test_axpy_wrong_ind[compatible_vector_array_pair7-&lt;lambda&gt;7]" time="0.0029833316802978516"></testcase><testcase classname="src.pymortests.vectorarray" file="src/pymortests/vectorarray.py" line="1009" name="test_axpy_wrong_ind[compatible_vector_array_pair7-&lt;lambda&gt;8]" time="0.02391195297241211"></testcase><testcase classname="src.pymortests.vectorarray" file="src/pymortests/vectorarray.py" line="1009" name="test_axpy_wrong_ind[compatible_vector_array_pair7-&lt;lambda&gt;9]" time="0.041852712631225586"></testcase><testcase classname="src.pymortests.vectorarray" file="src/pymortests/vectorarray.py" line="1009" name="test_axpy_wrong_ind[compatible_vector_array_pair7-&lt;lambda&gt;10]" time="0.13412189483642578"></testcase><testcase classname="src.pymortests.vectorarray" file="src/pymortests/vectorarray.py" line="1009" name="test_axpy_wrong_ind[compatible_vector_array_pair7-&lt;lambda&gt;11]" time="0.008844614028930664"></testcase><testcase classname="src.pymortests.vectorarray" file="src/pymortests/vectorarray.py" line="1009" name="test_axpy_wrong_ind[compatible_vector_array_pair7-&lt;lambda&gt;12]" time="0.005224943161010742"></testcase><testcase classname="src.pymortests.vectorarray" file="src/pymortests/vectorarray.py" line="1009" name="test_axpy_wrong_ind[compatible_vector_array_pair7-&lt;lambda&gt;13]" time="0.009508371353149414"></testcase><testcase classname="src.pymortests.vectorarray" file="src/pymortests/vectorarray.py" line="1009" name="test_axpy_wrong_ind[compatible_vector_array_pair7-&lt;lambda&gt;14]" time="0.009749412536621094"></testcase><testcase classname="src.pymortests.vectorarray" file="src/pymortests/vectorarray.py" line="1009" name="test_axpy_wrong_ind[compatible_vector_array_pair7-&lt;lambda&gt;15]" time="0.017409563064575195"></testcase><testcase classname="src.pymortests.vectorarray" file="src/pymortests/vectorarray.py" line="1009" name="test_axpy_wrong_ind[compatible_vector_array_pair7-&lt;lambda&gt;16]" time="0.025698423385620117"></testcase><testcase classname="src.pymortests.vectorarray" file="src/pymortests/vectorarray.py" line="1009" name="test_axpy_wrong_ind[compatible_vector_array_pair7-&lt;lambda&gt;17]" time="0.03422856330871582"></testcase><testcase classname="src.pymortests.vectorarray" file="src/pymortests/vectorarray.py" line="1009" name="test_axpy_wrong_ind[compatible_vector_array_pair7-&lt;lambda&gt;18]" time="0.0042531490325927734"></testcase><testcase classname="src.pymortests.vectorarray" file="src/pymortests/vectorarray.py" line="1009" name="test_axpy_wrong_ind[compatible_vector_array_pair7-&lt;lambda&gt;19]" time="0.0037376880645751953"></testcase><testcase classname="src.pymortests.vectorarray" file="src/pymortests/vectorarray.py" line="1009" name="test_axpy_wrong_ind[compatible_vector_array_pair7-&lt;lambda&gt;20]" time="0.04803776741027832"></testcase><testcase classname="src.pymortests.vectorarray" file="src/pymortests/vectorarray.py" line="1009" name="test_axpy_wrong_ind[compatible_vector_array_pair7-&lt;lambda&gt;21]" time="0.05118083953857422"></testcase><testcase classname="src.pymortests.vectorarray" file="src/pymortests/vectorarray.py" line="1009" name="test_axpy_wrong_ind[compatible_vector_array_pair7-&lt;lambda&gt;22]" time="0.17121505737304688"></testcase><testcase classname="src.pymortests.vectorarray" file="src/pymortests/vectorarray.py" line="1009" name="test_axpy_wrong_ind[compatible_vector_array_pair7-&lt;lambda&gt;23]" time="0.009976863861083984"></testcase><testcase classname="src.pymortests.vectorarray" file="src/pymortests/vectorarray.py" line="1009" name="test_axpy_wrong_ind[compatible_vector_array_pair7-&lt;lambda&gt;24]" time="0.003425121307373047"></testcase><testcase classname="src.pymortests.vectorarray" file="src/pymortests/vectorarray.py" line="1009" name="test_axpy_wrong_ind[compatible_vector_array_pair7-&lt;lambda&gt;25]" time="0.003944873809814453"></testcase><testcase classname="src.pymortests.vectorarray" file="src/pymortests/vectorarray.py" line="1009" name="test_axpy_wrong_ind[compatible_vector_array_pair7-&lt;lambda&gt;26]" time="0.043172359466552734"></testcase><testcase classname="src.pymortests.vectorarray" file="src/pymortests/vectorarray.py" line="1009" name="test_axpy_wrong_ind[compatible_vector_array_pair7-&lt;lambda&gt;27]" time="0.06793713569641113"></testcase><testcase classname="src.pymortests.vectorarray" file="src/pymortests/vectorarray.py" line="1009" name="test_axpy_wrong_ind[compatible_vector_array_pair7-&lt;lambda&gt;28]" time="0.23751115798950195"></testcase><testcase classname="src.pymortests.vectorarray" file="src/pymortests/vectorarray.py" line="1009" name="test_axpy_wrong_ind[compatible_vector_array_pair7-&lt;lambda&gt;29]" time="0.011116266250610352"></testcase><testcase classname="src.pymortests.vectorarray" file="src/pymortests/vectorarray.py" line="1009" name="test_axpy_wrong_ind[compatible_vector_array_pair8-&lt;lambda&gt;0]" time="0.0038301944732666016"></testcase><testcase classname="src.pymortests.vectorarray" file="src/pymortests/vectorarray.py" line="1009" name="test_axpy_wrong_ind[compatible_vector_array_pair8-&lt;lambda&gt;1]" time="0.0028743743896484375"></testcase><testcase classname="src.pymortests.vectorarray" file="src/pymortests/vectorarray.py" line="1009" name="test_axpy_wrong_ind[compatible_vector_array_pair8-&lt;lambda&gt;2]" time="0.00811147689819336"></testcase><testcase classname="src.pymortests.vectorarray" file="src/pymortests/vectorarray.py" line="1009" name="test_axpy_wrong_ind[compatible_vector_array_pair8-&lt;lambda&gt;3]" time="0.011018991470336914"></testcase><testcase classname="src.pymortests.vectorarray" file="src/pymortests/vectorarray.py" line="1009" name="test_axpy_wrong_ind[compatible_vector_array_pair8-&lt;lambda&gt;4]" time="0.015499591827392578"></testcase><testcase classname="src.pymortests.vectorarray" file="src/pymortests/vectorarray.py" line="1009" name="test_axpy_wrong_ind[compatible_vector_array_pair8-&lt;lambda&gt;5]" time="0.007608890533447266"></testcase><testcase classname="src.pymortests.vectorarray" file="src/pymortests/vectorarray.py" line="1009" name="test_axpy_wrong_ind[compatible_vector_array_pair8-&lt;lambda&gt;6]" time="0.002431154251098633"></testcase><testcase classname="src.pymortests.vectorarray" file="src/pymortests/vectorarray.py" line="1009" name="test_axpy_wrong_ind[compatible_vector_array_pair8-&lt;lambda&gt;7]" time="0.0030040740966796875"></testcase><testcase classname="src.pymortests.vectorarray" file="src/pymortests/vectorarray.py" line="1009" name="test_axpy_wrong_ind[compatible_vector_array_pair8-&lt;lambda&gt;8]" time="0.02416372299194336"></testcase><testcase classname="src.pymortests.vectorarray" file="src/pymortests/vectorarray.py" line="1009" name="test_axpy_wrong_ind[compatible_vector_array_pair8-&lt;lambda&gt;9]" time="0.041735172271728516"></testcase><testcase classname="src.pymortests.vectorarray" file="src/pymortests/vectorarray.py" line="1009" name="test_axpy_wrong_ind[compatible_vector_array_pair8-&lt;lambda&gt;10]" time="0.316011905670166"></testcase><testcase classname="src.pymortests.vectorarray" file="src/pymortests/vectorarray.py" line="1009" name="test_axpy_wrong_ind[compatible_vector_array_pair8-&lt;lambda&gt;11]" time="0.008757352828979492"></testcase><testcase classname="src.pymortests.vectorarray" file="src/pymortests/vectorarray.py" line="1009" name="test_axpy_wrong_ind[compatible_vector_array_pair8-&lt;lambda&gt;12]" time="0.005278348922729492"></testcase><testcase classname="src.pymortests.vectorarray" file="src/pymortests/vectorarray.py" line="1009" name="test_axpy_wrong_ind[compatible_vector_array_pair8-&lt;lambda&gt;13]" time="0.009744405746459961"></testcase><testcase classname="src.pymortests.vectorarray" file="src/pymortests/vectorarray.py" line="1009" name="test_axpy_wrong_ind[compatible_vector_array_pair8-&lt;lambda&gt;14]" time="0.009505987167358398"></testcase><testcase classname="src.pymortests.vectorarray" file="src/pymortests/vectorarray.py" line="1009" name="test_axpy_wrong_ind[compatible_vector_array_pair8-&lt;lambda&gt;15]" time="0.01701068878173828"></testcase><testcase classname="src.pymortests.vectorarray" file="src/pymortests/vectorarray.py" line="1009" name="test_axpy_wrong_ind[compatible_vector_array_pair8-&lt;lambda&gt;16]" time="0.025816679000854492"></testcase><testcase classname="src.pymortests.vectorarray" file="src/pymortests/vectorarray.py" line="1009" name="test_axpy_wrong_ind[compatible_vector_array_pair8-&lt;lambda&gt;17]" time="0.034302473068237305"></testcase><testcase classname="src.pymortests.vectorarray" file="src/pymortests/vectorarray.py" line="1009" name="test_axpy_wrong_ind[compatible_vector_array_pair8-&lt;lambda&gt;18]" time="0.004236936569213867"></testcase><testcase classname="src.pymortests.vectorarray" file="src/pymortests/vectorarray.py" line="1009" name="test_axpy_wrong_ind[compatible_vector_array_pair8-&lt;lambda&gt;19]" time="0.003769397735595703"></testcase><testcase classname="src.pymortests.vectorarray" file="src/pymortests/vectorarray.py" line="1009" name="test_axpy_wrong_ind[compatible_vector_array_pair8-&lt;lambda&gt;20]" time="0.0510249137878418"></testcase><testcase classname="src.pymortests.vectorarray" file="src/pymortests/vectorarray.py" line="1009" name="test_axpy_wrong_ind[compatible_vector_array_pair8-&lt;lambda&gt;21]" time="0.051316261291503906"></testcase><testcase classname="src.pymortests.vectorarray" file="src/pymortests/vectorarray.py" line="1009" name="test_axpy_wrong_ind[compatible_vector_array_pair8-&lt;lambda&gt;22]" time="0.16984200477600098"></testcase><testcase classname="src.pymortests.vectorarray" file="src/pymortests/vectorarray.py" line="1009" name="test_axpy_wrong_ind[compatible_vector_array_pair8-&lt;lambda&gt;23]" time="0.009968042373657227"></testcase><testcase classname="src.pymortests.vectorarray" file="src/pymortests/vectorarray.py" line="1009" name="test_axpy_wrong_ind[compatible_vector_array_pair8-&lt;lambda&gt;24]" time="0.003484487533569336"></testcase><testcase classname="src.pymortests.vectorarray" file="src/pymortests/vectorarray.py" line="1009" name="test_axpy_wrong_ind[compatible_vector_array_pair8-&lt;lambda&gt;25]" time="0.0038614273071289062"></testcase><testcase classname="src.pymortests.vectorarray" file="src/pymortests/vectorarray.py" line="1009" name="test_axpy_wrong_ind[compatible_vector_array_pair8-&lt;lambda&gt;26]" time="0.04332780838012695"></testcase><testcase classname="src.pymortests.vectorarray" file="src/pymortests/vectorarray.py" line="1009" name="test_axpy_wrong_ind[compatible_vector_array_pair8-&lt;lambda&gt;27]" time="0.06822752952575684"></testcase><testcase classname="src.pymortests.vectorarray" file="src/pymortests/vectorarray.py" line="1009" name="test_axpy_wrong_ind[compatible_vector_array_pair8-&lt;lambda&gt;28]" time="0.2345893383026123"></testcase><testcase classname="src.pymortests.vectorarray" file="src/pymortests/vectorarray.py" line="1009" name="test_axpy_wrong_ind[compatible_vector_array_pair8-&lt;lambda&gt;29]" time="0.011020898818969727"></testcase><testcase classname="src.pymortests.vectorarray" file="src/pymortests/vectorarray.py" line="1028" name="test_axpy_wrong_coefficients[compatible_vector_array_pair0-&lt;lambda&gt;0]" time="0.0023317337036132812"></testcase><testcase classname="src.pymortests.vectorarray" file="src/pymortests/vectorarray.py" line="1028" name="test_axpy_wrong_coefficients[compatible_vector_array_pair0-&lt;lambda&gt;1]" time="0.0012488365173339844"></testcase><testcase classname="src.pymortests.vectorarray" file="src/pymortests/vectorarray.py" line="1028" name="test_axpy_wrong_coefficients[compatible_vector_array_pair0-&lt;lambda&gt;2]" time="0.0029020309448242188"></testcase><testcase classname="src.pymortests.vectorarray" file="src/pymortests/vectorarray.py" line="1028" name="test_axpy_wrong_coefficients[compatible_vector_array_pair0-&lt;lambda&gt;3]" time="0.003106355667114258"></testcase><testcase classname="src.pymortests.vectorarray" file="src/pymortests/vectorarray.py" line="1028" name="test_axpy_wrong_coefficients[compatible_vector_array_pair0-&lt;lambda&gt;4]" time="0.005352020263671875"></testcase><testcase classname="src.pymortests.vectorarray" file="src/pymortests/vectorarray.py" line="1028" name="test_axpy_wrong_coefficients[compatible_vector_array_pair0-&lt;lambda&gt;5]" time="0.003587484359741211"></testcase><testcase classname="src.pymortests.vectorarray" file="src/pymortests/vectorarray.py" line="1028" name="test_axpy_wrong_coefficients[compatible_vector_array_pair0-&lt;lambda&gt;6]" time="0.0016329288482666016"></testcase><testcase classname="src.pymortests.vectorarray" file="src/pymortests/vectorarray.py" line="1028" name="test_axpy_wrong_coefficients[compatible_vector_array_pair0-&lt;lambda&gt;7]" time="0.001271963119506836"></testcase><testcase classname="src.pymortests.vectorarray" file="src/pymortests/vectorarray.py" line="1028" name="test_axpy_wrong_coefficients[compatible_vector_array_pair0-&lt;lambda&gt;8]" time="0.003108501434326172"></testcase><testcase classname="src.pymortests.vectorarray" file="src/pymortests/vectorarray.py" line="1028" name="test_axpy_wrong_coefficients[compatible_vector_array_pair0-&lt;lambda&gt;9]" time="0.003473043441772461"></testcase><testcase classname="src.pymortests.vectorarray" file="src/pymortests/vectorarray.py" line="1028" name="test_axpy_wrong_coefficients[compatible_vector_array_pair0-&lt;lambda&gt;10]" time="0.006665229797363281"></testcase><testcase classname="src.pymortests.vectorarray" file="src/pymortests/vectorarray.py" line="1028" name="test_axpy_wrong_coefficients[compatible_vector_array_pair0-&lt;lambda&gt;11]" time="0.0036859512329101562"></testcase><testcase classname="src.pymortests.vectorarray" file="src/pymortests/vectorarray.py" line="1028" name="test_axpy_wrong_coefficients[compatible_vector_array_pair0-&lt;lambda&gt;12]" time="0.001940011978149414"></testcase><testcase classname="src.pymortests.vectorarray" file="src/pymortests/vectorarray.py" line="1028" name="test_axpy_wrong_coefficients[compatible_vector_array_pair0-&lt;lambda&gt;13]" time="0.0014395713806152344"></testcase><testcase classname="src.pymortests.vectorarray" file="src/pymortests/vectorarray.py" line="1028" name="test_axpy_wrong_coefficients[compatible_vector_array_pair0-&lt;lambda&gt;14]" time="0.0032684803009033203"></testcase><testcase classname="src.pymortests.vectorarray" file="src/pymortests/vectorarray.py" line="1028" name="test_axpy_wrong_coefficients[compatible_vector_array_pair0-&lt;lambda&gt;15]" time="0.004406929016113281"></testcase><testcase classname="src.pymortests.vectorarray" file="src/pymortests/vectorarray.py" line="1028" name="test_axpy_wrong_coefficients[compatible_vector_array_pair0-&lt;lambda&gt;16]" time="0.005331277847290039"></testcase><testcase classname="src.pymortests.vectorarray" file="src/pymortests/vectorarray.py" line="1028" name="test_axpy_wrong_coefficients[compatible_vector_array_pair0-&lt;lambda&gt;17]" time="0.010074615478515625"></testcase><testcase classname="src.pymortests.vectorarray" file="src/pymortests/vectorarray.py" line="1028" name="test_axpy_wrong_coefficients[compatible_vector_array_pair0-&lt;lambda&gt;18]" time="0.0023984909057617188"></testcase><testcase classname="src.pymortests.vectorarray" file="src/pymortests/vectorarray.py" line="1028" name="test_axpy_wrong_coefficients[compatible_vector_array_pair0-&lt;lambda&gt;19]" time="0.0019519329071044922"></testcase><testcase classname="src.pymortests.vectorarray" file="src/pymortests/vectorarray.py" line="1028" name="test_axpy_wrong_coefficients[compatible_vector_array_pair0-&lt;lambda&gt;20]" time="0.026578187942504883"></testcase><testcase classname="src.pymortests.vectorarray" file="src/pymortests/vectorarray.py" line="1028" name="test_axpy_wrong_coefficients[compatible_vector_array_pair0-&lt;lambda&gt;21]" time="0.01451873779296875"></testcase><testcase classname="src.pymortests.vectorarray" file="src/pymortests/vectorarray.py" line="1028" name="test_axpy_wrong_coefficients[compatible_vector_array_pair0-&lt;lambda&gt;22]" time="0.042960405349731445"></testcase><testcase classname="src.pymortests.vectorarray" file="src/pymortests/vectorarray.py" line="1028" name="test_axpy_wrong_coefficients[compatible_vector_array_pair0-&lt;lambda&gt;23]" time="0.006123781204223633"></testcase><testcase classname="src.pymortests.vectorarray" file="src/pymortests/vectorarray.py" line="1028" name="test_axpy_wrong_coefficients[compatible_vector_array_pair0-&lt;lambda&gt;24]" time="0.0016055107116699219"></testcase><testcase classname="src.pymortests.vectorarray" file="src/pymortests/vectorarray.py" line="1028" name="test_axpy_wrong_coefficients[compatible_vector_array_pair0-&lt;lambda&gt;25]" time="0.002118349075317383"></testcase><testcase classname="src.pymortests.vectorarray" file="src/pymortests/vectorarray.py" line="1028" name="test_axpy_wrong_coefficients[compatible_vector_array_pair0-&lt;lambda&gt;26]" time="0.02233576774597168"></testcase><testcase classname="src.pymortests.vectorarray" file="src/pymortests/vectorarray.py" line="1028" name="test_axpy_wrong_coefficients[compatible_vector_array_pair0-&lt;lambda&gt;27]" time="0.03141450881958008"></testcase><testcase classname="src.pymortests.vectorarray" file="src/pymortests/vectorarray.py" line="1028" name="test_axpy_wrong_coefficients[compatible_vector_array_pair0-&lt;lambda&gt;28]" time="0.10980224609375"></testcase><testcase classname="src.pymortests.vectorarray" file="src/pymortests/vectorarray.py" line="1028" name="test_axpy_wrong_coefficients[compatible_vector_array_pair0-&lt;lambda&gt;29]" time="0.007700443267822266"></testcase><testcase classname="src.pymortests.vectorarray" file="src/pymortests/vectorarray.py" line="1028" name="test_axpy_wrong_coefficients[compatible_vector_array_pair1-&lt;lambda&gt;0]" time="0.0024924278259277344"></testcase><testcase classname="src.pymortests.vectorarray" file="src/pymortests/vectorarray.py" line="1028" name="test_axpy_wrong_coefficients[compatible_vector_array_pair1-&lt;lambda&gt;1]" time="0.001310586929321289"></testcase><testcase classname="src.pymortests.vectorarray" file="src/pymortests/vectorarray.py" line="1028" name="test_axpy_wrong_coefficients[compatible_vector_array_pair1-&lt;lambda&gt;2]" time="0.0031294822692871094"></testcase><testcase classname="src.pymortests.vectorarray" file="src/pymortests/vectorarray.py" line="1028" name="test_axpy_wrong_coefficients[compatible_vector_array_pair1-&lt;lambda&gt;3]" time="0.003240823745727539"></testcase><testcase classname="src.pymortests.vectorarray" file="src/pymortests/vectorarray.py" line="1028" name="test_axpy_wrong_coefficients[compatible_vector_array_pair1-&lt;lambda&gt;4]" time="0.005572080612182617"></testcase><testcase classname="src.pymortests.vectorarray" file="src/pymortests/vectorarray.py" line="1028" name="test_axpy_wrong_coefficients[compatible_vector_array_pair1-&lt;lambda&gt;5]" time="0.003710031509399414"></testcase><testcase classname="src.pymortests.vectorarray" file="src/pymortests/vectorarray.py" line="1028" name="test_axpy_wrong_coefficients[compatible_vector_array_pair1-&lt;lambda&gt;6]" time="0.001627206802368164"></testcase><testcase classname="src.pymortests.vectorarray" file="src/pymortests/vectorarray.py" line="1028" name="test_axpy_wrong_coefficients[compatible_vector_array_pair1-&lt;lambda&gt;7]" time="0.0012488365173339844"></testcase><testcase classname="src.pymortests.vectorarray" file="src/pymortests/vectorarray.py" line="1028" name="test_axpy_wrong_coefficients[compatible_vector_array_pair1-&lt;lambda&gt;8]" time="0.003298521041870117"></testcase><testcase classname="src.pymortests.vectorarray" file="src/pymortests/vectorarray.py" line="1028" name="test_axpy_wrong_coefficients[compatible_vector_array_pair1-&lt;lambda&gt;9]" time="0.0036780834197998047"></testcase><testcase classname="src.pymortests.vectorarray" file="src/pymortests/vectorarray.py" line="1028" name="test_axpy_wrong_coefficients[compatible_vector_array_pair1-&lt;lambda&gt;10]" time="0.0071871280670166016"></testcase><testcase classname="src.pymortests.vectorarray" file="src/pymortests/vectorarray.py" line="1028" name="test_axpy_wrong_coefficients[compatible_vector_array_pair1-&lt;lambda&gt;11]" time="0.0037233829498291016"></testcase><testcase classname="src.pymortests.vectorarray" file="src/pymortests/vectorarray.py" line="1028" name="test_axpy_wrong_coefficients[compatible_vector_array_pair1-&lt;lambda&gt;12]" time="0.002043008804321289"></testcase><testcase classname="src.pymortests.vectorarray" file="src/pymortests/vectorarray.py" line="1028" name="test_axpy_wrong_coefficients[compatible_vector_array_pair1-&lt;lambda&gt;13]" time="0.00154876708984375"></testcase><testcase classname="src.pymortests.vectorarray" file="src/pymortests/vectorarray.py" line="1028" name="test_axpy_wrong_coefficients[compatible_vector_array_pair1-&lt;lambda&gt;14]" time="0.0032722949981689453"></testcase><testcase classname="src.pymortests.vectorarray" file="src/pymortests/vectorarray.py" line="1028" name="test_axpy_wrong_coefficients[compatible_vector_array_pair1-&lt;lambda&gt;15]" time="0.004569530487060547"></testcase><testcase classname="src.pymortests.vectorarray" file="src/pymortests/vectorarray.py" line="1028" name="test_axpy_wrong_coefficients[compatible_vector_array_pair1-&lt;lambda&gt;16]" time="0.005450725555419922"></testcase><testcase classname="src.pymortests.vectorarray" file="src/pymortests/vectorarray.py" line="1028" name="test_axpy_wrong_coefficients[compatible_vector_array_pair1-&lt;lambda&gt;17]" time="0.010471820831298828"></testcase><testcase classname="src.pymortests.vectorarray" file="src/pymortests/vectorarray.py" line="1028" name="test_axpy_wrong_coefficients[compatible_vector_array_pair1-&lt;lambda&gt;18]" time="0.0024704933166503906"></testcase><testcase classname="src.pymortests.vectorarray" file="src/pymortests/vectorarray.py" line="1028" name="test_axpy_wrong_coefficients[compatible_vector_array_pair1-&lt;lambda&gt;19]" time="0.0019681453704833984"></testcase><testcase classname="src.pymortests.vectorarray" file="src/pymortests/vectorarray.py" line="1028" name="test_axpy_wrong_coefficients[compatible_vector_array_pair1-&lt;lambda&gt;20]" time="0.02684783935546875"></testcase><testcase classname="src.pymortests.vectorarray" file="src/pymortests/vectorarray.py" line="1028" name="test_axpy_wrong_coefficients[compatible_vector_array_pair1-&lt;lambda&gt;21]" time="0.015043020248413086"></testcase><testcase classname="src.pymortests.vectorarray" file="src/pymortests/vectorarray.py" line="1028" name="test_axpy_wrong_coefficients[compatible_vector_array_pair1-&lt;lambda&gt;22]" time="0.045685529708862305"></testcase><testcase classname="src.pymortests.vectorarray" file="src/pymortests/vectorarray.py" line="1028" name="test_axpy_wrong_coefficients[compatible_vector_array_pair1-&lt;lambda&gt;23]" time="0.0061702728271484375"></testcase><testcase classname="src.pymortests.vectorarray" file="src/pymortests/vectorarray.py" line="1028" name="test_axpy_wrong_coefficients[compatible_vector_array_pair1-&lt;lambda&gt;24]" time="0.0015530586242675781"></testcase><testcase classname="src.pymortests.vectorarray" file="src/pymortests/vectorarray.py" line="1028" name="test_axpy_wrong_coefficients[compatible_vector_array_pair1-&lt;lambda&gt;25]" time="0.0020418167114257812"></testcase><testcase classname="src.pymortests.vectorarray" file="src/pymortests/vectorarray.py" line="1028" name="test_axpy_wrong_coefficients[compatible_vector_array_pair1-&lt;lambda&gt;26]" time="0.022565364837646484"></testcase><testcase classname="src.pymortests.vectorarray" file="src/pymortests/vectorarray.py" line="1028" name="test_axpy_wrong_coefficients[compatible_vector_array_pair1-&lt;lambda&gt;27]" time="0.031270742416381836"></testcase><testcase classname="src.pymortests.vectorarray" file="src/pymortests/vectorarray.py" line="1028" name="test_axpy_wrong_coefficients[compatible_vector_array_pair1-&lt;lambda&gt;28]" time="0.109466552734375"></testcase><testcase classname="src.pymortests.vectorarray" file="src/pymortests/vectorarray.py" line="1028" name="test_axpy_wrong_coefficients[compatible_vector_array_pair1-&lt;lambda&gt;29]" time="0.007644176483154297"></testcase><testcase classname="src.pymortests.vectorarray" file="src/pymortests/vectorarray.py" line="1028" name="test_axpy_wrong_coefficients[compatible_vector_array_pair2-&lt;lambda&gt;0]" time="0.002409219741821289"></testcase><testcase classname="src.pymortests.vectorarray" file="src/pymortests/vectorarray.py" line="1028" name="test_axpy_wrong_coefficients[compatible_vector_array_pair2-&lt;lambda&gt;1]" time="0.0013108253479003906"></testcase><testcase classname="src.pymortests.vectorarray" file="src/pymortests/vectorarray.py" line="1028" name="test_axpy_wrong_coefficients[compatible_vector_array_pair2-&lt;lambda&gt;2]" time="0.0030879974365234375"></testcase><testcase classname="src.pymortests.vectorarray" file="src/pymortests/vectorarray.py" line="1028" name="test_axpy_wrong_coefficients[compatible_vector_array_pair2-&lt;lambda&gt;3]" time="0.0032968521118164062"></testcase><testcase classname="src.pymortests.vectorarray" file="src/pymortests/vectorarray.py" line="1028" name="test_axpy_wrong_coefficients[compatible_vector_array_pair2-&lt;lambda&gt;4]" time="0.005566835403442383"></testcase><testcase classname="src.pymortests.vectorarray" file="src/pymortests/vectorarray.py" line="1028" name="test_axpy_wrong_coefficients[compatible_vector_array_pair2-&lt;lambda&gt;5]" time="0.0036687850952148438"></testcase><testcase classname="src.pymortests.vectorarray" file="src/pymortests/vectorarray.py" line="1028" name="test_axpy_wrong_coefficients[compatible_vector_array_pair2-&lt;lambda&gt;6]" time="0.0015897750854492188"></testcase><testcase classname="src.pymortests.vectorarray" file="src/pymortests/vectorarray.py" line="1028" name="test_axpy_wrong_coefficients[compatible_vector_array_pair2-&lt;lambda&gt;7]" time="0.001295328140258789"></testcase><testcase classname="src.pymortests.vectorarray" file="src/pymortests/vectorarray.py" line="1028" name="test_axpy_wrong_coefficients[compatible_vector_array_pair2-&lt;lambda&gt;8]" time="0.0033402442932128906"></testcase><testcase classname="src.pymortests.vectorarray" file="src/pymortests/vectorarray.py" line="1028" name="test_axpy_wrong_coefficients[compatible_vector_array_pair2-&lt;lambda&gt;9]" time="0.0036389827728271484"></testcase><testcase classname="src.pymortests.vectorarray" file="src/pymortests/vectorarray.py" line="1028" name="test_axpy_wrong_coefficients[compatible_vector_array_pair2-&lt;lambda&gt;10]" time="0.007066488265991211"></testcase><testcase classname="src.pymortests.vectorarray" file="src/pymortests/vectorarray.py" line="1028" name="test_axpy_wrong_coefficients[compatible_vector_array_pair2-&lt;lambda&gt;11]" time="0.00388336181640625"></testcase><testcase classname="src.pymortests.vectorarray" file="src/pymortests/vectorarray.py" line="1028" name="test_axpy_wrong_coefficients[compatible_vector_array_pair2-&lt;lambda&gt;12]" time="0.002087831497192383"></testcase><testcase classname="src.pymortests.vectorarray" file="src/pymortests/vectorarray.py" line="1028" name="test_axpy_wrong_coefficients[compatible_vector_array_pair2-&lt;lambda&gt;13]" time="0.0015306472778320312"></testcase><testcase classname="src.pymortests.vectorarray" file="src/pymortests/vectorarray.py" line="1028" name="test_axpy_wrong_coefficients[compatible_vector_array_pair2-&lt;lambda&gt;14]" time="0.0032815933227539062"></testcase><testcase classname="src.pymortests.vectorarray" file="src/pymortests/vectorarray.py" line="1028" name="test_axpy_wrong_coefficients[compatible_vector_array_pair2-&lt;lambda&gt;15]" time="0.004682779312133789"></testcase><testcase classname="src.pymortests.vectorarray" file="src/pymortests/vectorarray.py" line="1028" name="test_axpy_wrong_coefficients[compatible_vector_array_pair2-&lt;lambda&gt;16]" time="0.005621433258056641"></testcase><testcase classname="src.pymortests.vectorarray" file="src/pymortests/vectorarray.py" line="1028" name="test_axpy_wrong_coefficients[compatible_vector_array_pair2-&lt;lambda&gt;17]" time="0.010390520095825195"></testcase><testcase classname="src.pymortests.vectorarray" file="src/pymortests/vectorarray.py" line="1028" name="test_axpy_wrong_coefficients[compatible_vector_array_pair2-&lt;lambda&gt;18]" time="0.0024721622467041016"></testcase><testcase classname="src.pymortests.vectorarray" file="src/pymortests/vectorarray.py" line="1028" name="test_axpy_wrong_coefficients[compatible_vector_array_pair2-&lt;lambda&gt;19]" time="0.0019965171813964844"></testcase><testcase classname="src.pymortests.vectorarray" file="src/pymortests/vectorarray.py" line="1028" name="test_axpy_wrong_coefficients[compatible_vector_array_pair2-&lt;lambda&gt;20]" time="0.026711225509643555"></testcase><testcase classname="src.pymortests.vectorarray" file="src/pymortests/vectorarray.py" line="1028" name="test_axpy_wrong_coefficients[compatible_vector_array_pair2-&lt;lambda&gt;21]" time="0.014698982238769531"></testcase><testcase classname="src.pymortests.vectorarray" file="src/pymortests/vectorarray.py" line="1028" name="test_axpy_wrong_coefficients[compatible_vector_array_pair2-&lt;lambda&gt;22]" time="0.042917490005493164"></testcase><testcase classname="src.pymortests.vectorarray" file="src/pymortests/vectorarray.py" line="1028" name="test_axpy_wrong_coefficients[compatible_vector_array_pair2-&lt;lambda&gt;23]" time="0.0063152313232421875"></testcase><testcase classname="src.pymortests.vectorarray" file="src/pymortests/vectorarray.py" line="1028" name="test_axpy_wrong_coefficients[compatible_vector_array_pair2-&lt;lambda&gt;24]" time="0.0016474723815917969"></testcase><testcase classname="src.pymortests.vectorarray" file="src/pymortests/vectorarray.py" line="1028" name="test_axpy_wrong_coefficients[compatible_vector_array_pair2-&lt;lambda&gt;25]" time="0.0021924972534179688"></testcase><testcase classname="src.pymortests.vectorarray" file="src/pymortests/vectorarray.py" line="1028" name="test_axpy_wrong_coefficients[compatible_vector_array_pair2-&lt;lambda&gt;26]" time="0.02252197265625"></testcase><testcase classname="src.pymortests.vectorarray" file="src/pymortests/vectorarray.py" line="1028" name="test_axpy_wrong_coefficients[compatible_vector_array_pair2-&lt;lambda&gt;27]" time="0.03203105926513672"></testcase><testcase classname="src.pymortests.vectorarray" file="src/pymortests/vectorarray.py" line="1028" name="test_axpy_wrong_coefficients[compatible_vector_array_pair2-&lt;lambda&gt;28]" time="0.11030077934265137"></testcase><testcase classname="src.pymortests.vectorarray" file="src/pymortests/vectorarray.py" line="1028" name="test_axpy_wrong_coefficients[compatible_vector_array_pair2-&lt;lambda&gt;29]" time="0.007558107376098633"></testcase><testcase classname="src.pymortests.vectorarray" file="src/pymortests/vectorarray.py" line="1028" name="test_axpy_wrong_coefficients[compatible_vector_array_pair3-&lt;lambda&gt;0]" time="0.002485513687133789"></testcase><testcase classname="src.pymortests.vectorarray" file="src/pymortests/vectorarray.py" line="1028" name="test_axpy_wrong_coefficients[compatible_vector_array_pair3-&lt;lambda&gt;1]" time="0.0012898445129394531"></testcase><testcase classname="src.pymortests.vectorarray" file="src/pymortests/vectorarray.py" line="1028" name="test_axpy_wrong_coefficients[compatible_vector_array_pair3-&lt;lambda&gt;2]" time="0.0030748844146728516"></testcase><testcase classname="src.pymortests.vectorarray" file="src/pymortests/vectorarray.py" line="1028" name="test_axpy_wrong_coefficients[compatible_vector_array_pair3-&lt;lambda&gt;3]" time="0.003215789794921875"></testcase><testcase classname="src.pymortests.vectorarray" file="src/pymortests/vectorarray.py" line="1028" name="test_axpy_wrong_coefficients[compatible_vector_array_pair3-&lt;lambda&gt;4]" time="0.0054934024810791016"></testcase><testcase classname="src.pymortests.vectorarray" file="src/pymortests/vectorarray.py" line="1028" name="test_axpy_wrong_coefficients[compatible_vector_array_pair3-&lt;lambda&gt;5]" time="0.003538370132446289"></testcase><testcase classname="src.pymortests.vectorarray" file="src/pymortests/vectorarray.py" line="1028" name="test_axpy_wrong_coefficients[compatible_vector_array_pair3-&lt;lambda&gt;6]" time="0.0016484260559082031"></testcase><testcase classname="src.pymortests.vectorarray" file="src/pymortests/vectorarray.py" line="1028" name="test_axpy_wrong_coefficients[compatible_vector_array_pair3-&lt;lambda&gt;7]" time="0.0012629032135009766"></testcase><testcase classname="src.pymortests.vectorarray" file="src/pymortests/vectorarray.py" line="1028" name="test_axpy_wrong_coefficients[compatible_vector_array_pair3-&lt;lambda&gt;8]" time="0.0031850337982177734"></testcase><testcase classname="src.pymortests.vectorarray" file="src/pymortests/vectorarray.py" line="1028" name="test_axpy_wrong_coefficients[compatible_vector_array_pair3-&lt;lambda&gt;9]" time="0.0036993026733398438"></testcase><testcase classname="src.pymortests.vectorarray" file="src/pymortests/vectorarray.py" line="1028" name="test_axpy_wrong_coefficients[compatible_vector_array_pair3-&lt;lambda&gt;10]" time="0.007169485092163086"></testcase><testcase classname="src.pymortests.vectorarray" file="src/pymortests/vectorarray.py" line="1028" name="test_axpy_wrong_coefficients[compatible_vector_array_pair3-&lt;lambda&gt;11]" time="0.003999948501586914"></testcase><testcase classname="src.pymortests.vectorarray" file="src/pymortests/vectorarray.py" line="1028" name="test_axpy_wrong_coefficients[compatible_vector_array_pair3-&lt;lambda&gt;12]" time="0.0021190643310546875"></testcase><testcase classname="src.pymortests.vectorarray" file="src/pymortests/vectorarray.py" line="1028" name="test_axpy_wrong_coefficients[compatible_vector_array_pair3-&lt;lambda&gt;13]" time="0.0015687942504882812"></testcase><testcase classname="src.pymortests.vectorarray" file="src/pymortests/vectorarray.py" line="1028" name="test_axpy_wrong_coefficients[compatible_vector_array_pair3-&lt;lambda&gt;14]" time="0.003326892852783203"></testcase><testcase classname="src.pymortests.vectorarray" file="src/pymortests/vectorarray.py" line="1028" name="test_axpy_wrong_coefficients[compatible_vector_array_pair3-&lt;lambda&gt;15]" time="0.004562854766845703"></testcase><testcase classname="src.pymortests.vectorarray" file="src/pymortests/vectorarray.py" line="1028" name="test_axpy_wrong_coefficients[compatible_vector_array_pair3-&lt;lambda&gt;16]" time="0.005496501922607422"></testcase><testcase classname="src.pymortests.vectorarray" file="src/pymortests/vectorarray.py" line="1028" name="test_axpy_wrong_coefficients[compatible_vector_array_pair3-&lt;lambda&gt;17]" time="0.010546207427978516"></testcase><testcase classname="src.pymortests.vectorarray" file="src/pymortests/vectorarray.py" line="1028" name="test_axpy_wrong_coefficients[compatible_vector_array_pair3-&lt;lambda&gt;18]" time="0.0024504661560058594"></testcase><testcase classname="src.pymortests.vectorarray" file="src/pymortests/vectorarray.py" line="1028" name="test_axpy_wrong_coefficients[compatible_vector_array_pair3-&lt;lambda&gt;19]" time="0.001968860626220703"></testcase><testcase classname="src.pymortests.vectorarray" file="src/pymortests/vectorarray.py" line="1028" name="test_axpy_wrong_coefficients[compatible_vector_array_pair3-&lt;lambda&gt;20]" time="0.02656412124633789"></testcase><testcase classname="src.pymortests.vectorarray" file="src/pymortests/vectorarray.py" line="1028" name="test_axpy_wrong_coefficients[compatible_vector_array_pair3-&lt;lambda&gt;21]" time="0.015348434448242188"></testcase><testcase classname="src.pymortests.vectorarray" file="src/pymortests/vectorarray.py" line="1028" name="test_axpy_wrong_coefficients[compatible_vector_array_pair3-&lt;lambda&gt;22]" time="0.04317522048950195"></testcase><testcase classname="src.pymortests.vectorarray" file="src/pymortests/vectorarray.py" line="1028" name="test_axpy_wrong_coefficients[compatible_vector_array_pair3-&lt;lambda&gt;23]" time="0.006158590316772461"></testcase><testcase classname="src.pymortests.vectorarray" file="src/pymortests/vectorarray.py" line="1028" name="test_axpy_wrong_coefficients[compatible_vector_array_pair3-&lt;lambda&gt;24]" time="0.0015938282012939453"></testcase><testcase classname="src.pymortests.vectorarray" file="src/pymortests/vectorarray.py" line="1028" name="test_axpy_wrong_coefficients[compatible_vector_array_pair3-&lt;lambda&gt;25]" time="0.0022284984588623047"></testcase><testcase classname="src.pymortests.vectorarray" file="src/pymortests/vectorarray.py" line="1028" name="test_axpy_wrong_coefficients[compatible_vector_array_pair3-&lt;lambda&gt;26]" time="0.023191452026367188"></testcase><testcase classname="src.pymortests.vectorarray" file="src/pymortests/vectorarray.py" line="1028" name="test_axpy_wrong_coefficients[compatible_vector_array_pair3-&lt;lambda&gt;27]" time="0.03188371658325195"></testcase><testcase classname="src.pymortests.vectorarray" file="src/pymortests/vectorarray.py" line="1028" name="test_axpy_wrong_coefficients[compatible_vector_array_pair3-&lt;lambda&gt;28]" time="0.1098320484161377"></testcase><testcase classname="src.pymortests.vectorarray" file="src/pymortests/vectorarray.py" line="1028" name="test_axpy_wrong_coefficients[compatible_vector_array_pair3-&lt;lambda&gt;29]" time="0.007627725601196289"></testcase><testcase classname="src.pymortests.vectorarray" file="src/pymortests/vectorarray.py" line="1028" name="test_axpy_wrong_coefficients[compatible_vector_array_pair4-&lt;lambda&gt;0]" time="0.002384185791015625"></testcase><testcase classname="src.pymortests.vectorarray" file="src/pymortests/vectorarray.py" line="1028" name="test_axpy_wrong_coefficients[compatible_vector_array_pair4-&lt;lambda&gt;1]" time="0.0013222694396972656"></testcase><testcase classname="src.pymortests.vectorarray" file="src/pymortests/vectorarray.py" line="1028" name="test_axpy_wrong_coefficients[compatible_vector_array_pair4-&lt;lambda&gt;2]" time="0.0029625892639160156"></testcase><testcase classname="src.pymortests.vectorarray" file="src/pymortests/vectorarray.py" line="1028" name="test_axpy_wrong_coefficients[compatible_vector_array_pair4-&lt;lambda&gt;3]" time="0.0032355785369873047"></testcase><testcase classname="src.pymortests.vectorarray" file="src/pymortests/vectorarray.py" line="1028" name="test_axpy_wrong_coefficients[compatible_vector_array_pair4-&lt;lambda&gt;4]" time="0.005384683609008789"></testcase><testcase classname="src.pymortests.vectorarray" file="src/pymortests/vectorarray.py" line="1028" name="test_axpy_wrong_coefficients[compatible_vector_array_pair4-&lt;lambda&gt;5]" time="0.003532886505126953"></testcase><testcase classname="src.pymortests.vectorarray" file="src/pymortests/vectorarray.py" line="1028" name="test_axpy_wrong_coefficients[compatible_vector_array_pair4-&lt;lambda&gt;6]" time="0.0016012191772460938"></testcase><testcase classname="src.pymortests.vectorarray" file="src/pymortests/vectorarray.py" line="1028" name="test_axpy_wrong_coefficients[compatible_vector_array_pair4-&lt;lambda&gt;7]" time="0.0012600421905517578"></testcase><testcase classname="src.pymortests.vectorarray" file="src/pymortests/vectorarray.py" line="1028" name="test_axpy_wrong_coefficients[compatible_vector_array_pair4-&lt;lambda&gt;8]" time="0.003283977508544922"></testcase><testcase classname="src.pymortests.vectorarray" file="src/pymortests/vectorarray.py" line="1028" name="test_axpy_wrong_coefficients[compatible_vector_array_pair4-&lt;lambda&gt;9]" time="0.0036635398864746094"></testcase><testcase classname="src.pymortests.vectorarray" file="src/pymortests/vectorarray.py" line="1028" name="test_axpy_wrong_coefficients[compatible_vector_array_pair4-&lt;lambda&gt;10]" time="0.0074005126953125"></testcase><testcase classname="src.pymortests.vectorarray" file="src/pymortests/vectorarray.py" line="1028" name="test_axpy_wrong_coefficients[compatible_vector_array_pair4-&lt;lambda&gt;11]" time="0.003808736801147461"></testcase><testcase classname="src.pymortests.vectorarray" file="src/pymortests/vectorarray.py" line="1028" name="test_axpy_wrong_coefficients[compatible_vector_array_pair4-&lt;lambda&gt;12]" time="0.002221822738647461"></testcase><testcase classname="src.pymortests.vectorarray" file="src/pymortests/vectorarray.py" line="1028" name="test_axpy_wrong_coefficients[compatible_vector_array_pair4-&lt;lambda&gt;13]" time="0.0016489028930664062"></testcase><testcase classname="src.pymortests.vectorarray" file="src/pymortests/vectorarray.py" line="1028" name="test_axpy_wrong_coefficients[compatible_vector_array_pair4-&lt;lambda&gt;14]" time="0.003317594528198242"></testcase><testcase classname="src.pymortests.vectorarray" file="src/pymortests/vectorarray.py" line="1028" name="test_axpy_wrong_coefficients[compatible_vector_array_pair4-&lt;lambda&gt;15]" time="0.004593849182128906"></testcase><testcase classname="src.pymortests.vectorarray" file="src/pymortests/vectorarray.py" line="1028" name="test_axpy_wrong_coefficients[compatible_vector_array_pair4-&lt;lambda&gt;16]" time="0.005536079406738281"></testcase><testcase classname="src.pymortests.vectorarray" file="src/pymortests/vectorarray.py" line="1028" name="test_axpy_wrong_coefficients[compatible_vector_array_pair4-&lt;lambda&gt;17]" time="0.010422229766845703"></testcase><testcase classname="src.pymortests.vectorarray" file="src/pymortests/vectorarray.py" line="1028" name="test_axpy_wrong_coefficients[compatible_vector_array_pair4-&lt;lambda&gt;18]" time="0.0025119781494140625"></testcase><testcase classname="src.pymortests.vectorarray" file="src/pymortests/vectorarray.py" line="1028" name="test_axpy_wrong_coefficients[compatible_vector_array_pair4-&lt;lambda&gt;19]" time="0.0020303726196289062"></testcase><testcase classname="src.pymortests.vectorarray" file="src/pymortests/vectorarray.py" line="1028" name="test_axpy_wrong_coefficients[compatible_vector_array_pair4-&lt;lambda&gt;20]" time="0.02682352066040039"></testcase><testcase classname="src.pymortests.vectorarray" file="src/pymortests/vectorarray.py" line="1028" name="test_axpy_wrong_coefficients[compatible_vector_array_pair4-&lt;lambda&gt;21]" time="0.014600515365600586"></testcase><testcase classname="src.pymortests.vectorarray" file="src/pymortests/vectorarray.py" line="1028" name="test_axpy_wrong_coefficients[compatible_vector_array_pair4-&lt;lambda&gt;22]" time="0.04316902160644531"></testcase><testcase classname="src.pymortests.vectorarray" file="src/pymortests/vectorarray.py" line="1028" name="test_axpy_wrong_coefficients[compatible_vector_array_pair4-&lt;lambda&gt;23]" time="0.006144285202026367"></testcase><testcase classname="src.pymortests.vectorarray" file="src/pymortests/vectorarray.py" line="1028" name="test_axpy_wrong_coefficients[compatible_vector_array_pair4-&lt;lambda&gt;24]" time="0.0015707015991210938"></testcase><testcase classname="src.pymortests.vectorarray" file="src/pymortests/vectorarray.py" line="1028" name="test_axpy_wrong_coefficients[compatible_vector_array_pair4-&lt;lambda&gt;25]" time="0.002110719680786133"></testcase><testcase classname="src.pymortests.vectorarray" file="src/pymortests/vectorarray.py" line="1028" name="test_axpy_wrong_coefficients[compatible_vector_array_pair4-&lt;lambda&gt;26]" time="0.02303910255432129"></testcase><testcase classname="src.pymortests.vectorarray" file="src/pymortests/vectorarray.py" line="1028" name="test_axpy_wrong_coefficients[compatible_vector_array_pair4-&lt;lambda&gt;27]" time="0.03180885314941406"></testcase><testcase classname="src.pymortests.vectorarray" file="src/pymortests/vectorarray.py" line="1028" name="test_axpy_wrong_coefficients[compatible_vector_array_pair4-&lt;lambda&gt;28]" time="0.10983753204345703"></testcase><testcase classname="src.pymortests.vectorarray" file="src/pymortests/vectorarray.py" line="1028" name="test_axpy_wrong_coefficients[compatible_vector_array_pair4-&lt;lambda&gt;29]" time="0.007898807525634766"></testcase><testcase classname="src.pymortests.vectorarray" file="src/pymortests/vectorarray.py" line="1028" name="test_axpy_wrong_coefficients[compatible_vector_array_pair5-&lt;lambda&gt;0]" time="0.0023736953735351562"></testcase><testcase classname="src.pymortests.vectorarray" file="src/pymortests/vectorarray.py" line="1028" name="test_axpy_wrong_coefficients[compatible_vector_array_pair5-&lt;lambda&gt;1]" time="0.001371145248413086"></testcase><testcase classname="src.pymortests.vectorarray" file="src/pymortests/vectorarray.py" line="1028" name="test_axpy_wrong_coefficients[compatible_vector_array_pair5-&lt;lambda&gt;2]" time="0.0030167102813720703"></testcase><testcase classname="src.pymortests.vectorarray" file="src/pymortests/vectorarray.py" line="1028" name="test_axpy_wrong_coefficients[compatible_vector_array_pair5-&lt;lambda&gt;3]" time="0.0032722949981689453"></testcase><testcase classname="src.pymortests.vectorarray" file="src/pymortests/vectorarray.py" line="1028" name="test_axpy_wrong_coefficients[compatible_vector_array_pair5-&lt;lambda&gt;4]" time="0.005463123321533203"></testcase><testcase classname="src.pymortests.vectorarray" file="src/pymortests/vectorarray.py" line="1028" name="test_axpy_wrong_coefficients[compatible_vector_array_pair5-&lt;lambda&gt;5]" time="0.0035762786865234375"></testcase><testcase classname="src.pymortests.vectorarray" file="src/pymortests/vectorarray.py" line="1028" name="test_axpy_wrong_coefficients[compatible_vector_array_pair5-&lt;lambda&gt;6]" time="0.0016591548919677734"></testcase><testcase classname="src.pymortests.vectorarray" file="src/pymortests/vectorarray.py" line="1028" name="test_axpy_wrong_coefficients[compatible_vector_array_pair5-&lt;lambda&gt;7]" time="0.0012547969818115234"></testcase><testcase classname="src.pymortests.vectorarray" file="src/pymortests/vectorarray.py" line="1028" name="test_axpy_wrong_coefficients[compatible_vector_array_pair5-&lt;lambda&gt;8]" time="0.00323486328125"></testcase><testcase classname="src.pymortests.vectorarray" file="src/pymortests/vectorarray.py" line="1028" name="test_axpy_wrong_coefficients[compatible_vector_array_pair5-&lt;lambda&gt;9]" time="0.003648996353149414"></testcase><testcase classname="src.pymortests.vectorarray" file="src/pymortests/vectorarray.py" line="1028" name="test_axpy_wrong_coefficients[compatible_vector_array_pair5-&lt;lambda&gt;10]" time="0.0075337886810302734"></testcase><testcase classname="src.pymortests.vectorarray" file="src/pymortests/vectorarray.py" line="1028" name="test_axpy_wrong_coefficients[compatible_vector_array_pair5-&lt;lambda&gt;11]" time="0.0038568973541259766"></testcase><testcase classname="src.pymortests.vectorarray" file="src/pymortests/vectorarray.py" line="1028" name="test_axpy_wrong_coefficients[compatible_vector_array_pair5-&lt;lambda&gt;12]" time="0.002128124237060547"></testcase><testcase classname="src.pymortests.vectorarray" file="src/pymortests/vectorarray.py" line="1028" name="test_axpy_wrong_coefficients[compatible_vector_array_pair5-&lt;lambda&gt;13]" time="0.0017769336700439453"></testcase><testcase classname="src.pymortests.vectorarray" file="src/pymortests/vectorarray.py" line="1028" name="test_axpy_wrong_coefficients[compatible_vector_array_pair5-&lt;lambda&gt;14]" time="0.003322601318359375"></testcase><testcase classname="src.pymortests.vectorarray" file="src/pymortests/vectorarray.py" line="1028" name="test_axpy_wrong_coefficients[compatible_vector_array_pair5-&lt;lambda&gt;15]" time="0.004658222198486328"></testcase><testcase classname="src.pymortests.vectorarray" file="src/pymortests/vectorarray.py" line="1028" name="test_axpy_wrong_coefficients[compatible_vector_array_pair5-&lt;lambda&gt;16]" time="0.00551915168762207"></testcase><testcase classname="src.pymortests.vectorarray" file="src/pymortests/vectorarray.py" line="1028" name="test_axpy_wrong_coefficients[compatible_vector_array_pair5-&lt;lambda&gt;17]" time="0.010324239730834961"></testcase><testcase classname="src.pymortests.vectorarray" file="src/pymortests/vectorarray.py" line="1028" name="test_axpy_wrong_coefficients[compatible_vector_array_pair5-&lt;lambda&gt;18]" time="0.0024492740631103516"></testcase><testcase classname="src.pymortests.vectorarray" file="src/pymortests/vectorarray.py" line="1028" name="test_axpy_wrong_coefficients[compatible_vector_array_pair5-&lt;lambda&gt;19]" time="0.0019292831420898438"></testcase><testcase classname="src.pymortests.vectorarray" file="src/pymortests/vectorarray.py" line="1028" name="test_axpy_wrong_coefficients[compatible_vector_array_pair5-&lt;lambda&gt;20]" time="0.026826143264770508"></testcase><testcase classname="src.pymortests.vectorarray" file="src/pymortests/vectorarray.py" line="1028" name="test_axpy_wrong_coefficients[compatible_vector_array_pair5-&lt;lambda&gt;21]" time="0.01476287841796875"></testcase><testcase classname="src.pymortests.vectorarray" file="src/pymortests/vectorarray.py" line="1028" name="test_axpy_wrong_coefficients[compatible_vector_array_pair5-&lt;lambda&gt;22]" time="0.04341387748718262"></testcase><testcase classname="src.pymortests.vectorarray" file="src/pymortests/vectorarray.py" line="1028" name="test_axpy_wrong_coefficients[compatible_vector_array_pair5-&lt;lambda&gt;23]" time="0.0062868595123291016"></testcase><testcase classname="src.pymortests.vectorarray" file="src/pymortests/vectorarray.py" line="1028" name="test_axpy_wrong_coefficients[compatible_vector_array_pair5-&lt;lambda&gt;24]" time="0.001653909683227539"></testcase><testcase classname="src.pymortests.vectorarray" file="src/pymortests/vectorarray.py" line="1028" name="test_axpy_wrong_coefficients[compatible_vector_array_pair5-&lt;lambda&gt;25]" time="0.0021877288818359375"></testcase><testcase classname="src.pymortests.vectorarray" file="src/pymortests/vectorarray.py" line="1028" name="test_axpy_wrong_coefficients[compatible_vector_array_pair5-&lt;lambda&gt;26]" time="0.022662639617919922"></testcase><testcase classname="src.pymortests.vectorarray" file="src/pymortests/vectorarray.py" line="1028" name="test_axpy_wrong_coefficients[compatible_vector_array_pair5-&lt;lambda&gt;27]" time="0.03783249855041504"></testcase><testcase classname="src.pymortests.vectorarray" file="src/pymortests/vectorarray.py" line="1028" name="test_axpy_wrong_coefficients[compatible_vector_array_pair5-&lt;lambda&gt;28]" time="0.11065292358398438"></testcase><testcase classname="src.pymortests.vectorarray" file="src/pymortests/vectorarray.py" line="1028" name="test_axpy_wrong_coefficients[compatible_vector_array_pair5-&lt;lambda&gt;29]" time="0.007657289505004883"></testcase><testcase classname="src.pymortests.vectorarray" file="src/pymortests/vectorarray.py" line="1028" name="test_axpy_wrong_coefficients[compatible_vector_array_pair6-&lt;lambda&gt;0]" time="0.0024254322052001953"></testcase><testcase classname="src.pymortests.vectorarray" file="src/pymortests/vectorarray.py" line="1028" name="test_axpy_wrong_coefficients[compatible_vector_array_pair6-&lt;lambda&gt;1]" time="0.0013070106506347656"></testcase><testcase classname="src.pymortests.vectorarray" file="src/pymortests/vectorarray.py" line="1028" name="test_axpy_wrong_coefficients[compatible_vector_array_pair6-&lt;lambda&gt;2]" time="0.0030612945556640625"></testcase><testcase classname="src.pymortests.vectorarray" file="src/pymortests/vectorarray.py" line="1028" name="test_axpy_wrong_coefficients[compatible_vector_array_pair6-&lt;lambda&gt;3]" time="0.0032491683959960938"></testcase><testcase classname="src.pymortests.vectorarray" file="src/pymortests/vectorarray.py" line="1028" name="test_axpy_wrong_coefficients[compatible_vector_array_pair6-&lt;lambda&gt;4]" time="0.005515575408935547"></testcase><testcase classname="src.pymortests.vectorarray" file="src/pymortests/vectorarray.py" line="1028" name="test_axpy_wrong_coefficients[compatible_vector_array_pair6-&lt;lambda&gt;5]" time="0.003605365753173828"></testcase><testcase classname="src.pymortests.vectorarray" file="src/pymortests/vectorarray.py" line="1028" name="test_axpy_wrong_coefficients[compatible_vector_array_pair6-&lt;lambda&gt;6]" time="0.001641988754272461"></testcase><testcase classname="src.pymortests.vectorarray" file="src/pymortests/vectorarray.py" line="1028" name="test_axpy_wrong_coefficients[compatible_vector_array_pair6-&lt;lambda&gt;7]" time="0.0013298988342285156"></testcase><testcase classname="src.pymortests.vectorarray" file="src/pymortests/vectorarray.py" line="1028" name="test_axpy_wrong_coefficients[compatible_vector_array_pair6-&lt;lambda&gt;8]" time="0.003351449966430664"></testcase><testcase classname="src.pymortests.vectorarray" file="src/pymortests/vectorarray.py" line="1028" name="test_axpy_wrong_coefficients[compatible_vector_array_pair6-&lt;lambda&gt;9]" time="0.003784656524658203"></testcase><testcase classname="src.pymortests.vectorarray" file="src/pymortests/vectorarray.py" line="1028" name="test_axpy_wrong_coefficients[compatible_vector_array_pair6-&lt;lambda&gt;10]" time="0.007123231887817383"></testcase><testcase classname="src.pymortests.vectorarray" file="src/pymortests/vectorarray.py" line="1028" name="test_axpy_wrong_coefficients[compatible_vector_array_pair6-&lt;lambda&gt;11]" time="0.004045248031616211"></testcase><testcase classname="src.pymortests.vectorarray" file="src/pymortests/vectorarray.py" line="1028" name="test_axpy_wrong_coefficients[compatible_vector_array_pair6-&lt;lambda&gt;12]" time="0.002115011215209961"></testcase><testcase classname="src.pymortests.vectorarray" file="src/pymortests/vectorarray.py" line="1028" name="test_axpy_wrong_coefficients[compatible_vector_array_pair6-&lt;lambda&gt;13]" time="0.0016067028045654297"></testcase><testcase classname="src.pymortests.vectorarray" file="src/pymortests/vectorarray.py" line="1028" name="test_axpy_wrong_coefficients[compatible_vector_array_pair6-&lt;lambda&gt;14]" time="0.0033636093139648438"></testcase><testcase classname="src.pymortests.vectorarray" file="src/pymortests/vectorarray.py" line="1028" name="test_axpy_wrong_coefficients[compatible_vector_array_pair6-&lt;lambda&gt;15]" time="0.005084514617919922"></testcase><testcase classname="src.pymortests.vectorarray" file="src/pymortests/vectorarray.py" line="1028" name="test_axpy_wrong_coefficients[compatible_vector_array_pair6-&lt;lambda&gt;16]" time="0.005532979965209961"></testcase><testcase classname="src.pymortests.vectorarray" file="src/pymortests/vectorarray.py" line="1028" name="test_axpy_wrong_coefficients[compatible_vector_array_pair6-&lt;lambda&gt;17]" time="0.010294437408447266"></testcase><testcase classname="src.pymortests.vectorarray" file="src/pymortests/vectorarray.py" line="1028" name="test_axpy_wrong_coefficients[compatible_vector_array_pair6-&lt;lambda&gt;18]" time="0.0024979114532470703"></testcase><testcase classname="src.pymortests.vectorarray" file="src/pymortests/vectorarray.py" line="1028" name="test_axpy_wrong_coefficients[compatible_vector_array_pair6-&lt;lambda&gt;19]" time="0.001981973648071289"></testcase><testcase classname="src.pymortests.vectorarray" file="src/pymortests/vectorarray.py" line="1028" name="test_axpy_wrong_coefficients[compatible_vector_array_pair6-&lt;lambda&gt;20]" time="0.02661919593811035"></testcase><testcase classname="src.pymortests.vectorarray" file="src/pymortests/vectorarray.py" line="1028" name="test_axpy_wrong_coefficients[compatible_vector_array_pair6-&lt;lambda&gt;21]" time="0.014611244201660156"></testcase><testcase classname="src.pymortests.vectorarray" file="src/pymortests/vectorarray.py" line="1028" name="test_axpy_wrong_coefficients[compatible_vector_array_pair6-&lt;lambda&gt;22]" time="0.04332566261291504"></testcase><testcase classname="src.pymortests.vectorarray" file="src/pymortests/vectorarray.py" line="1028" name="test_axpy_wrong_coefficients[compatible_vector_array_pair6-&lt;lambda&gt;23]" time="0.0064504146575927734"></testcase><testcase classname="src.pymortests.vectorarray" file="src/pymortests/vectorarray.py" line="1028" name="test_axpy_wrong_coefficients[compatible_vector_array_pair6-&lt;lambda&gt;24]" time="0.002353191375732422"></testcase><testcase classname="src.pymortests.vectorarray" file="src/pymortests/vectorarray.py" line="1028" name="test_axpy_wrong_coefficients[compatible_vector_array_pair6-&lt;lambda&gt;25]" time="0.0022537708282470703"></testcase><testcase classname="src.pymortests.vectorarray" file="src/pymortests/vectorarray.py" line="1028" name="test_axpy_wrong_coefficients[compatible_vector_array_pair6-&lt;lambda&gt;26]" time="0.02277088165283203"></testcase><testcase classname="src.pymortests.vectorarray" file="src/pymortests/vectorarray.py" line="1028" name="test_axpy_wrong_coefficients[compatible_vector_array_pair6-&lt;lambda&gt;27]" time="0.03395843505859375"></testcase><testcase classname="src.pymortests.vectorarray" file="src/pymortests/vectorarray.py" line="1028" name="test_axpy_wrong_coefficients[compatible_vector_array_pair6-&lt;lambda&gt;28]" time="0.10883808135986328"></testcase><testcase classname="src.pymortests.vectorarray" file="src/pymortests/vectorarray.py" line="1028" name="test_axpy_wrong_coefficients[compatible_vector_array_pair6-&lt;lambda&gt;29]" time="0.007500171661376953"></testcase><testcase classname="src.pymortests.vectorarray" file="src/pymortests/vectorarray.py" line="1028" name="test_axpy_wrong_coefficients[compatible_vector_array_pair7-&lt;lambda&gt;0]" time="0.002324342727661133"></testcase><testcase classname="src.pymortests.vectorarray" file="src/pymortests/vectorarray.py" line="1028" name="test_axpy_wrong_coefficients[compatible_vector_array_pair7-&lt;lambda&gt;1]" time="0.0013725757598876953"></testcase><testcase classname="src.pymortests.vectorarray" file="src/pymortests/vectorarray.py" line="1028" name="test_axpy_wrong_coefficients[compatible_vector_array_pair7-&lt;lambda&gt;2]" time="0.002961874008178711"></testcase><testcase classname="src.pymortests.vectorarray" file="src/pymortests/vectorarray.py" line="1028" name="test_axpy_wrong_coefficients[compatible_vector_array_pair7-&lt;lambda&gt;3]" time="0.003200531005859375"></testcase><testcase classname="src.pymortests.vectorarray" file="src/pymortests/vectorarray.py" line="1028" name="test_axpy_wrong_coefficients[compatible_vector_array_pair7-&lt;lambda&gt;4]" time="0.005462169647216797"></testcase><testcase classname="src.pymortests.vectorarray" file="src/pymortests/vectorarray.py" line="1028" name="test_axpy_wrong_coefficients[compatible_vector_array_pair7-&lt;lambda&gt;5]" time="0.0035572052001953125"></testcase><testcase classname="src.pymortests.vectorarray" file="src/pymortests/vectorarray.py" line="1028" name="test_axpy_wrong_coefficients[compatible_vector_array_pair7-&lt;lambda&gt;6]" time="0.001638650894165039"></testcase><testcase classname="src.pymortests.vectorarray" file="src/pymortests/vectorarray.py" line="1028" name="test_axpy_wrong_coefficients[compatible_vector_array_pair7-&lt;lambda&gt;7]" time="0.00144195556640625"></testcase><testcase classname="src.pymortests.vectorarray" file="src/pymortests/vectorarray.py" line="1028" name="test_axpy_wrong_coefficients[compatible_vector_array_pair7-&lt;lambda&gt;8]" time="0.003197193145751953"></testcase><testcase classname="src.pymortests.vectorarray" file="src/pymortests/vectorarray.py" line="1028" name="test_axpy_wrong_coefficients[compatible_vector_array_pair7-&lt;lambda&gt;9]" time="0.0036478042602539062"></testcase><testcase classname="src.pymortests.vectorarray" file="src/pymortests/vectorarray.py" line="1028" name="test_axpy_wrong_coefficients[compatible_vector_array_pair7-&lt;lambda&gt;10]" time="0.007536411285400391"></testcase><testcase classname="src.pymortests.vectorarray" file="src/pymortests/vectorarray.py" line="1028" name="test_axpy_wrong_coefficients[compatible_vector_array_pair7-&lt;lambda&gt;11]" time="0.0038564205169677734"></testcase><testcase classname="src.pymortests.vectorarray" file="src/pymortests/vectorarray.py" line="1028" name="test_axpy_wrong_coefficients[compatible_vector_array_pair7-&lt;lambda&gt;12]" time="0.0020346641540527344"></testcase><testcase classname="src.pymortests.vectorarray" file="src/pymortests/vectorarray.py" line="1028" name="test_axpy_wrong_coefficients[compatible_vector_array_pair7-&lt;lambda&gt;13]" time="0.0016193389892578125"></testcase><testcase classname="src.pymortests.vectorarray" file="src/pymortests/vectorarray.py" line="1028" name="test_axpy_wrong_coefficients[compatible_vector_array_pair7-&lt;lambda&gt;14]" time="0.0032737255096435547"></testcase><testcase classname="src.pymortests.vectorarray" file="src/pymortests/vectorarray.py" line="1028" name="test_axpy_wrong_coefficients[compatible_vector_array_pair7-&lt;lambda&gt;15]" time="0.004566192626953125"></testcase><testcase classname="src.pymortests.vectorarray" file="src/pymortests/vectorarray.py" line="1028" name="test_axpy_wrong_coefficients[compatible_vector_array_pair7-&lt;lambda&gt;16]" time="0.0054929256439208984"></testcase><testcase classname="src.pymortests.vectorarray" file="src/pymortests/vectorarray.py" line="1028" name="test_axpy_wrong_coefficients[compatible_vector_array_pair7-&lt;lambda&gt;17]" time="0.010286569595336914"></testcase><testcase classname="src.pymortests.vectorarray" file="src/pymortests/vectorarray.py" line="1028" name="test_axpy_wrong_coefficients[compatible_vector_array_pair7-&lt;lambda&gt;18]" time="0.0024166107177734375"></testcase><testcase classname="src.pymortests.vectorarray" file="src/pymortests/vectorarray.py" line="1028" name="test_axpy_wrong_coefficients[compatible_vector_array_pair7-&lt;lambda&gt;19]" time="0.0019910335540771484"></testcase><testcase classname="src.pymortests.vectorarray" file="src/pymortests/vectorarray.py" line="1028" name="test_axpy_wrong_coefficients[compatible_vector_array_pair7-&lt;lambda&gt;20]" time="0.02691054344177246"></testcase><testcase classname="src.pymortests.vectorarray" file="src/pymortests/vectorarray.py" line="1028" name="test_axpy_wrong_coefficients[compatible_vector_array_pair7-&lt;lambda&gt;21]" time="0.014592647552490234"></testcase><testcase classname="src.pymortests.vectorarray" file="src/pymortests/vectorarray.py" line="1028" name="test_axpy_wrong_coefficients[compatible_vector_array_pair7-&lt;lambda&gt;22]" time="0.043839216232299805"></testcase><testcase classname="src.pymortests.vectorarray" file="src/pymortests/vectorarray.py" line="1028" name="test_axpy_wrong_coefficients[compatible_vector_array_pair7-&lt;lambda&gt;23]" time="0.00621485710144043"></testcase><testcase classname="src.pymortests.vectorarray" file="src/pymortests/vectorarray.py" line="1028" name="test_axpy_wrong_coefficients[compatible_vector_array_pair7-&lt;lambda&gt;24]" time="0.0016193389892578125"></testcase><testcase classname="src.pymortests.vectorarray" file="src/pymortests/vectorarray.py" line="1028" name="test_axpy_wrong_coefficients[compatible_vector_array_pair7-&lt;lambda&gt;25]" time="0.0021936893463134766"></testcase><testcase classname="src.pymortests.vectorarray" file="src/pymortests/vectorarray.py" line="1028" name="test_axpy_wrong_coefficients[compatible_vector_array_pair7-&lt;lambda&gt;26]" time="0.022495269775390625"></testcase><testcase classname="src.pymortests.vectorarray" file="src/pymortests/vectorarray.py" line="1028" name="test_axpy_wrong_coefficients[compatible_vector_array_pair7-&lt;lambda&gt;27]" time="0.03165149688720703"></testcase><testcase classname="src.pymortests.vectorarray" file="src/pymortests/vectorarray.py" line="1028" name="test_axpy_wrong_coefficients[compatible_vector_array_pair7-&lt;lambda&gt;28]" time="0.10943150520324707"></testcase><testcase classname="src.pymortests.vectorarray" file="src/pymortests/vectorarray.py" line="1028" name="test_axpy_wrong_coefficients[compatible_vector_array_pair7-&lt;lambda&gt;29]" time="0.007238626480102539"></testcase><testcase classname="src.pymortests.vectorarray" file="src/pymortests/vectorarray.py" line="1028" name="test_axpy_wrong_coefficients[compatible_vector_array_pair8-&lt;lambda&gt;0]" time="0.0015904903411865234"></testcase><testcase classname="src.pymortests.vectorarray" file="src/pymortests/vectorarray.py" line="1028" name="test_axpy_wrong_coefficients[compatible_vector_array_pair8-&lt;lambda&gt;1]" time="0.00125885009765625"></testcase><testcase classname="src.pymortests.vectorarray" file="src/pymortests/vectorarray.py" line="1028" name="test_axpy_wrong_coefficients[compatible_vector_array_pair8-&lt;lambda&gt;2]" time="0.0028388500213623047"></testcase><testcase classname="src.pymortests.vectorarray" file="src/pymortests/vectorarray.py" line="1028" name="test_axpy_wrong_coefficients[compatible_vector_array_pair8-&lt;lambda&gt;3]" time="0.003173828125"></testcase><testcase classname="src.pymortests.vectorarray" file="src/pymortests/vectorarray.py" line="1028" name="test_axpy_wrong_coefficients[compatible_vector_array_pair8-&lt;lambda&gt;4]" time="0.005604982376098633"></testcase><testcase classname="src.pymortests.vectorarray" file="src/pymortests/vectorarray.py" line="1028" name="test_axpy_wrong_coefficients[compatible_vector_array_pair8-&lt;lambda&gt;5]" time="0.003541707992553711"></testcase><testcase classname="src.pymortests.vectorarray" file="src/pymortests/vectorarray.py" line="1028" name="test_axpy_wrong_coefficients[compatible_vector_array_pair8-&lt;lambda&gt;6]" time="0.0016601085662841797"></testcase><testcase classname="src.pymortests.vectorarray" file="src/pymortests/vectorarray.py" line="1028" name="test_axpy_wrong_coefficients[compatible_vector_array_pair8-&lt;lambda&gt;7]" time="0.0012483596801757812"></testcase><testcase classname="src.pymortests.vectorarray" file="src/pymortests/vectorarray.py" line="1028" name="test_axpy_wrong_coefficients[compatible_vector_array_pair8-&lt;lambda&gt;8]" time="0.0034024715423583984"></testcase><testcase classname="src.pymortests.vectorarray" file="src/pymortests/vectorarray.py" line="1028" name="test_axpy_wrong_coefficients[compatible_vector_array_pair8-&lt;lambda&gt;9]" time="0.0036993026733398438"></testcase><testcase classname="src.pymortests.vectorarray" file="src/pymortests/vectorarray.py" line="1028" name="test_axpy_wrong_coefficients[compatible_vector_array_pair8-&lt;lambda&gt;10]" time="0.007390737533569336"></testcase><testcase classname="src.pymortests.vectorarray" file="src/pymortests/vectorarray.py" line="1028" name="test_axpy_wrong_coefficients[compatible_vector_array_pair8-&lt;lambda&gt;11]" time="0.0037598609924316406"></testcase><testcase classname="src.pymortests.vectorarray" file="src/pymortests/vectorarray.py" line="1028" name="test_axpy_wrong_coefficients[compatible_vector_array_pair8-&lt;lambda&gt;12]" time="0.0020241737365722656"></testcase><testcase classname="src.pymortests.vectorarray" file="src/pymortests/vectorarray.py" line="1028" name="test_axpy_wrong_coefficients[compatible_vector_array_pair8-&lt;lambda&gt;13]" time="0.0015735626220703125"></testcase><testcase classname="src.pymortests.vectorarray" file="src/pymortests/vectorarray.py" line="1028" name="test_axpy_wrong_coefficients[compatible_vector_array_pair8-&lt;lambda&gt;14]" time="0.003252744674682617"></testcase><testcase classname="src.pymortests.vectorarray" file="src/pymortests/vectorarray.py" line="1028" name="test_axpy_wrong_coefficients[compatible_vector_array_pair8-&lt;lambda&gt;15]" time="0.004567384719848633"></testcase><testcase classname="src.pymortests.vectorarray" file="src/pymortests/vectorarray.py" line="1028" name="test_axpy_wrong_coefficients[compatible_vector_array_pair8-&lt;lambda&gt;16]" time="0.0053784847259521484"></testcase><testcase classname="src.pymortests.vectorarray" file="src/pymortests/vectorarray.py" line="1028" name="test_axpy_wrong_coefficients[compatible_vector_array_pair8-&lt;lambda&gt;17]" time="0.010415077209472656"></testcase><testcase classname="src.pymortests.vectorarray" file="src/pymortests/vectorarray.py" line="1028" name="test_axpy_wrong_coefficients[compatible_vector_array_pair8-&lt;lambda&gt;18]" time="0.002423524856567383"></testcase><testcase classname="src.pymortests.vectorarray" file="src/pymortests/vectorarray.py" line="1028" name="test_axpy_wrong_coefficients[compatible_vector_array_pair8-&lt;lambda&gt;19]" time="0.0019757747650146484"></testcase><testcase classname="src.pymortests.vectorarray" file="src/pymortests/vectorarray.py" line="1028" name="test_axpy_wrong_coefficients[compatible_vector_array_pair8-&lt;lambda&gt;20]" time="0.026647567749023438"></testcase><testcase classname="src.pymortests.vectorarray" file="src/pymortests/vectorarray.py" line="1028" name="test_axpy_wrong_coefficients[compatible_vector_array_pair8-&lt;lambda&gt;21]" time="0.014459609985351562"></testcase><testcase classname="src.pymortests.vectorarray" file="src/pymortests/vectorarray.py" line="1028" name="test_axpy_wrong_coefficients[compatible_vector_array_pair8-&lt;lambda&gt;22]" time="0.043128252029418945"></testcase><testcase classname="src.pymortests.vectorarray" file="src/pymortests/vectorarray.py" line="1028" name="test_axpy_wrong_coefficients[compatible_vector_array_pair8-&lt;lambda&gt;23]" time="0.006266593933105469"></testcase><testcase classname="src.pymortests.vectorarray" file="src/pymortests/vectorarray.py" line="1028" name="test_axpy_wrong_coefficients[compatible_vector_array_pair8-&lt;lambda&gt;24]" time="0.001577615737915039"></testcase><testcase classname="src.pymortests.vectorarray" file="src/pymortests/vectorarray.py" line="1028" name="test_axpy_wrong_coefficients[compatible_vector_array_pair8-&lt;lambda&gt;25]" time="0.0021517276763916016"></testcase><testcase classname="src.pymortests.vectorarray" file="src/pymortests/vectorarray.py" line="1028" name="test_axpy_wrong_coefficients[compatible_vector_array_pair8-&lt;lambda&gt;26]" time="0.023232698440551758"></testcase><testcase classname="src.pymortests.vectorarray" file="src/pymortests/vectorarray.py" line="1028" name="test_axpy_wrong_coefficients[compatible_vector_array_pair8-&lt;lambda&gt;27]" time="0.0315854549407959"></testcase><testcase classname="src.pymortests.vectorarray" file="src/pymortests/vectorarray.py" line="1028" name="test_axpy_wrong_coefficients[compatible_vector_array_pair8-&lt;lambda&gt;28]" time="0.11284160614013672"></testcase><testcase classname="src.pymortests.vectorarray" file="src/pymortests/vectorarray.py" line="1028" name="test_axpy_wrong_coefficients[compatible_vector_array_pair8-&lt;lambda&gt;29]" time="0.00767970085144043"></testcase><testcase classname="src.pymortests.vectorarray" file="src/pymortests/vectorarray.py" line="1039" name="test_pairwise_dot_wrong_ind[compatible_vector_array_pair0-&lt;lambda&gt;0]" time="0.002980470657348633"></testcase><testcase classname="src.pymortests.vectorarray" file="src/pymortests/vectorarray.py" line="1039" name="test_pairwise_dot_wrong_ind[compatible_vector_array_pair0-&lt;lambda&gt;1]" time="0.002730131149291992"></testcase><testcase classname="src.pymortests.vectorarray" file="src/pymortests/vectorarray.py" line="1039" name="test_pairwise_dot_wrong_ind[compatible_vector_array_pair0-&lt;lambda&gt;2]" time="0.0042536258697509766"></testcase><testcase classname="src.pymortests.vectorarray" file="src/pymortests/vectorarray.py" line="1039" name="test_pairwise_dot_wrong_ind[compatible_vector_array_pair0-&lt;lambda&gt;3]" time="0.005113840103149414"></testcase><testcase classname="src.pymortests.vectorarray" file="src/pymortests/vectorarray.py" line="1039" name="test_pairwise_dot_wrong_ind[compatible_vector_array_pair0-&lt;lambda&gt;4]" time="0.006253719329833984"></testcase><testcase classname="src.pymortests.vectorarray" file="src/pymortests/vectorarray.py" line="1039" name="test_pairwise_dot_wrong_ind[compatible_vector_array_pair0-&lt;lambda&gt;5]" time="0.004248619079589844"></testcase><testcase classname="src.pymortests.vectorarray" file="src/pymortests/vectorarray.py" line="1039" name="test_pairwise_dot_wrong_ind[compatible_vector_array_pair0-&lt;lambda&gt;6]" time="0.0019736289978027344"></testcase><testcase classname="src.pymortests.vectorarray" file="src/pymortests/vectorarray.py" line="1039" name="test_pairwise_dot_wrong_ind[compatible_vector_array_pair0-&lt;lambda&gt;7]" time="0.002645730972290039"></testcase><testcase classname="src.pymortests.vectorarray" file="src/pymortests/vectorarray.py" line="1039" name="test_pairwise_dot_wrong_ind[compatible_vector_array_pair0-&lt;lambda&gt;8]" time="0.011823177337646484"></testcase><testcase classname="src.pymortests.vectorarray" file="src/pymortests/vectorarray.py" line="1039" name="test_pairwise_dot_wrong_ind[compatible_vector_array_pair0-&lt;lambda&gt;9]" time="0.01716470718383789"></testcase><testcase classname="src.pymortests.vectorarray" file="src/pymortests/vectorarray.py" line="1039" name="test_pairwise_dot_wrong_ind[compatible_vector_array_pair0-&lt;lambda&gt;10]" time="0.055098533630371094"></testcase><testcase classname="src.pymortests.vectorarray" file="src/pymortests/vectorarray.py" line="1039" name="test_pairwise_dot_wrong_ind[compatible_vector_array_pair0-&lt;lambda&gt;11]" time="0.006457328796386719"></testcase><testcase classname="src.pymortests.vectorarray" file="src/pymortests/vectorarray.py" line="1039" name="test_pairwise_dot_wrong_ind[compatible_vector_array_pair0-&lt;lambda&gt;12]" time="0.003008127212524414"></testcase><testcase classname="src.pymortests.vectorarray" file="src/pymortests/vectorarray.py" line="1039" name="test_pairwise_dot_wrong_ind[compatible_vector_array_pair0-&lt;lambda&gt;13]" time="0.005102872848510742"></testcase><testcase classname="src.pymortests.vectorarray" file="src/pymortests/vectorarray.py" line="1039" name="test_pairwise_dot_wrong_ind[compatible_vector_array_pair0-&lt;lambda&gt;14]" time="0.006120443344116211"></testcase><testcase classname="src.pymortests.vectorarray" file="src/pymortests/vectorarray.py" line="1039" name="test_pairwise_dot_wrong_ind[compatible_vector_array_pair0-&lt;lambda&gt;15]" time="0.008201122283935547"></testcase><testcase classname="src.pymortests.vectorarray" file="src/pymortests/vectorarray.py" line="1039" name="test_pairwise_dot_wrong_ind[compatible_vector_array_pair0-&lt;lambda&gt;16]" time="0.010450601577758789"></testcase><testcase classname="src.pymortests.vectorarray" file="src/pymortests/vectorarray.py" line="1039" name="test_pairwise_dot_wrong_ind[compatible_vector_array_pair0-&lt;lambda&gt;17]" time="0.01472616195678711"></testcase><testcase classname="src.pymortests.vectorarray" file="src/pymortests/vectorarray.py" line="1039" name="test_pairwise_dot_wrong_ind[compatible_vector_array_pair0-&lt;lambda&gt;18]" time="0.00365447998046875"></testcase><testcase classname="src.pymortests.vectorarray" file="src/pymortests/vectorarray.py" line="1039" name="test_pairwise_dot_wrong_ind[compatible_vector_array_pair0-&lt;lambda&gt;19]" time="0.003514528274536133"></testcase><testcase classname="src.pymortests.vectorarray" file="src/pymortests/vectorarray.py" line="1039" name="test_pairwise_dot_wrong_ind[compatible_vector_array_pair0-&lt;lambda&gt;20]" time="0.0353083610534668"></testcase><testcase classname="src.pymortests.vectorarray" file="src/pymortests/vectorarray.py" line="1039" name="test_pairwise_dot_wrong_ind[compatible_vector_array_pair0-&lt;lambda&gt;21]" time="0.02752399444580078"></testcase><testcase classname="src.pymortests.vectorarray" file="src/pymortests/vectorarray.py" line="1039" name="test_pairwise_dot_wrong_ind[compatible_vector_array_pair0-&lt;lambda&gt;22]" time="0.08937835693359375"></testcase><testcase classname="src.pymortests.vectorarray" file="src/pymortests/vectorarray.py" line="1039" name="test_pairwise_dot_wrong_ind[compatible_vector_array_pair0-&lt;lambda&gt;23]" time="0.007525444030761719"></testcase><testcase classname="src.pymortests.vectorarray" file="src/pymortests/vectorarray.py" line="1039" name="test_pairwise_dot_wrong_ind[compatible_vector_array_pair0-&lt;lambda&gt;24]" time="0.002807140350341797"></testcase><testcase classname="src.pymortests.vectorarray" file="src/pymortests/vectorarray.py" line="1039" name="test_pairwise_dot_wrong_ind[compatible_vector_array_pair0-&lt;lambda&gt;25]" time="0.0036468505859375"></testcase><testcase classname="src.pymortests.vectorarray" file="src/pymortests/vectorarray.py" line="1039" name="test_pairwise_dot_wrong_ind[compatible_vector_array_pair0-&lt;lambda&gt;26]" time="0.031177520751953125"></testcase><testcase classname="src.pymortests.vectorarray" file="src/pymortests/vectorarray.py" line="1039" name="test_pairwise_dot_wrong_ind[compatible_vector_array_pair0-&lt;lambda&gt;27]" time="0.044773101806640625"></testcase><testcase classname="src.pymortests.vectorarray" file="src/pymortests/vectorarray.py" line="1039" name="test_pairwise_dot_wrong_ind[compatible_vector_array_pair0-&lt;lambda&gt;28]" time="0.15532231330871582"></testcase><testcase classname="src.pymortests.vectorarray" file="src/pymortests/vectorarray.py" line="1039" name="test_pairwise_dot_wrong_ind[compatible_vector_array_pair0-&lt;lambda&gt;29]" time="0.009082317352294922"></testcase><testcase classname="src.pymortests.vectorarray" file="src/pymortests/vectorarray.py" line="1039" name="test_pairwise_dot_wrong_ind[compatible_vector_array_pair1-&lt;lambda&gt;0]" time="0.0030510425567626953"></testcase><testcase classname="src.pymortests.vectorarray" file="src/pymortests/vectorarray.py" line="1039" name="test_pairwise_dot_wrong_ind[compatible_vector_array_pair1-&lt;lambda&gt;1]" time="0.002959728240966797"></testcase><testcase classname="src.pymortests.vectorarray" file="src/pymortests/vectorarray.py" line="1039" name="test_pairwise_dot_wrong_ind[compatible_vector_array_pair1-&lt;lambda&gt;2]" time="0.004385232925415039"></testcase><testcase classname="src.pymortests.vectorarray" file="src/pymortests/vectorarray.py" line="1039" name="test_pairwise_dot_wrong_ind[compatible_vector_array_pair1-&lt;lambda&gt;3]" time="0.005144596099853516"></testcase><testcase classname="src.pymortests.vectorarray" file="src/pymortests/vectorarray.py" line="1039" name="test_pairwise_dot_wrong_ind[compatible_vector_array_pair1-&lt;lambda&gt;4]" time="0.006790637969970703"></testcase><testcase classname="src.pymortests.vectorarray" file="src/pymortests/vectorarray.py" line="1039" name="test_pairwise_dot_wrong_ind[compatible_vector_array_pair1-&lt;lambda&gt;5]" time="0.0044977664947509766"></testcase><testcase classname="src.pymortests.vectorarray" file="src/pymortests/vectorarray.py" line="1039" name="test_pairwise_dot_wrong_ind[compatible_vector_array_pair1-&lt;lambda&gt;6]" time="0.0019922256469726562"></testcase><testcase classname="src.pymortests.vectorarray" file="src/pymortests/vectorarray.py" line="1039" name="test_pairwise_dot_wrong_ind[compatible_vector_array_pair1-&lt;lambda&gt;7]" time="0.0027511119842529297"></testcase><testcase classname="src.pymortests.vectorarray" file="src/pymortests/vectorarray.py" line="1039" name="test_pairwise_dot_wrong_ind[compatible_vector_array_pair1-&lt;lambda&gt;8]" time="0.011861801147460938"></testcase><testcase classname="src.pymortests.vectorarray" file="src/pymortests/vectorarray.py" line="1039" name="test_pairwise_dot_wrong_ind[compatible_vector_array_pair1-&lt;lambda&gt;9]" time="0.017359256744384766"></testcase><testcase classname="src.pymortests.vectorarray" file="src/pymortests/vectorarray.py" line="1039" name="test_pairwise_dot_wrong_ind[compatible_vector_array_pair1-&lt;lambda&gt;10]" time="0.05522918701171875"></testcase><testcase classname="src.pymortests.vectorarray" file="src/pymortests/vectorarray.py" line="1039" name="test_pairwise_dot_wrong_ind[compatible_vector_array_pair1-&lt;lambda&gt;11]" time="0.00650787353515625"></testcase><testcase classname="src.pymortests.vectorarray" file="src/pymortests/vectorarray.py" line="1039" name="test_pairwise_dot_wrong_ind[compatible_vector_array_pair1-&lt;lambda&gt;12]" time="0.003057241439819336"></testcase><testcase classname="src.pymortests.vectorarray" file="src/pymortests/vectorarray.py" line="1039" name="test_pairwise_dot_wrong_ind[compatible_vector_array_pair1-&lt;lambda&gt;13]" time="0.005109548568725586"></testcase><testcase classname="src.pymortests.vectorarray" file="src/pymortests/vectorarray.py" line="1039" name="test_pairwise_dot_wrong_ind[compatible_vector_array_pair1-&lt;lambda&gt;14]" time="0.006170988082885742"></testcase><testcase classname="src.pymortests.vectorarray" file="src/pymortests/vectorarray.py" line="1039" name="test_pairwise_dot_wrong_ind[compatible_vector_array_pair1-&lt;lambda&gt;15]" time="0.008851766586303711"></testcase><testcase classname="src.pymortests.vectorarray" file="src/pymortests/vectorarray.py" line="1039" name="test_pairwise_dot_wrong_ind[compatible_vector_array_pair1-&lt;lambda&gt;16]" time="0.010527849197387695"></testcase><testcase classname="src.pymortests.vectorarray" file="src/pymortests/vectorarray.py" line="1039" name="test_pairwise_dot_wrong_ind[compatible_vector_array_pair1-&lt;lambda&gt;17]" time="0.013177871704101562"></testcase><testcase classname="src.pymortests.vectorarray" file="src/pymortests/vectorarray.py" line="1039" name="test_pairwise_dot_wrong_ind[compatible_vector_array_pair1-&lt;lambda&gt;18]" time="0.0027923583984375"></testcase><testcase classname="src.pymortests.vectorarray" file="src/pymortests/vectorarray.py" line="1039" name="test_pairwise_dot_wrong_ind[compatible_vector_array_pair1-&lt;lambda&gt;19]" time="0.0034677982330322266"></testcase><testcase classname="src.pymortests.vectorarray" file="src/pymortests/vectorarray.py" line="1039" name="test_pairwise_dot_wrong_ind[compatible_vector_array_pair1-&lt;lambda&gt;20]" time="0.03575491905212402"></testcase><testcase classname="src.pymortests.vectorarray" file="src/pymortests/vectorarray.py" line="1039" name="test_pairwise_dot_wrong_ind[compatible_vector_array_pair1-&lt;lambda&gt;21]" time="0.028410911560058594"></testcase><testcase classname="src.pymortests.vectorarray" file="src/pymortests/vectorarray.py" line="1039" name="test_pairwise_dot_wrong_ind[compatible_vector_array_pair1-&lt;lambda&gt;22]" time="0.09008073806762695"></testcase><testcase classname="src.pymortests.vectorarray" file="src/pymortests/vectorarray.py" line="1039" name="test_pairwise_dot_wrong_ind[compatible_vector_array_pair1-&lt;lambda&gt;23]" time="0.007481575012207031"></testcase><testcase classname="src.pymortests.vectorarray" file="src/pymortests/vectorarray.py" line="1039" name="test_pairwise_dot_wrong_ind[compatible_vector_array_pair1-&lt;lambda&gt;24]" time="0.002899646759033203"></testcase><testcase classname="src.pymortests.vectorarray" file="src/pymortests/vectorarray.py" line="1039" name="test_pairwise_dot_wrong_ind[compatible_vector_array_pair1-&lt;lambda&gt;25]" time="0.0036873817443847656"></testcase><testcase classname="src.pymortests.vectorarray" file="src/pymortests/vectorarray.py" line="1039" name="test_pairwise_dot_wrong_ind[compatible_vector_array_pair1-&lt;lambda&gt;26]" time="0.03161811828613281"></testcase><testcase classname="src.pymortests.vectorarray" file="src/pymortests/vectorarray.py" line="1039" name="test_pairwise_dot_wrong_ind[compatible_vector_array_pair1-&lt;lambda&gt;27]" time="0.04764366149902344"></testcase><testcase classname="src.pymortests.vectorarray" file="src/pymortests/vectorarray.py" line="1039" name="test_pairwise_dot_wrong_ind[compatible_vector_array_pair1-&lt;lambda&gt;28]" time="0.15621447563171387"></testcase><testcase classname="src.pymortests.vectorarray" file="src/pymortests/vectorarray.py" line="1039" name="test_pairwise_dot_wrong_ind[compatible_vector_array_pair1-&lt;lambda&gt;29]" time="0.008717060089111328"></testcase><testcase classname="src.pymortests.vectorarray" file="src/pymortests/vectorarray.py" line="1039" name="test_pairwise_dot_wrong_ind[compatible_vector_array_pair2-&lt;lambda&gt;0]" time="0.0030698776245117188"></testcase><testcase classname="src.pymortests.vectorarray" file="src/pymortests/vectorarray.py" line="1039" name="test_pairwise_dot_wrong_ind[compatible_vector_array_pair2-&lt;lambda&gt;1]" time="0.0027964115142822266"></testcase><testcase classname="src.pymortests.vectorarray" file="src/pymortests/vectorarray.py" line="1039" name="test_pairwise_dot_wrong_ind[compatible_vector_array_pair2-&lt;lambda&gt;2]" time="0.004337310791015625"></testcase><testcase classname="src.pymortests.vectorarray" file="src/pymortests/vectorarray.py" line="1039" name="test_pairwise_dot_wrong_ind[compatible_vector_array_pair2-&lt;lambda&gt;3]" time="0.005121946334838867"></testcase><testcase classname="src.pymortests.vectorarray" file="src/pymortests/vectorarray.py" line="1039" name="test_pairwise_dot_wrong_ind[compatible_vector_array_pair2-&lt;lambda&gt;4]" time="0.00656890869140625"></testcase><testcase classname="src.pymortests.vectorarray" file="src/pymortests/vectorarray.py" line="1039" name="test_pairwise_dot_wrong_ind[compatible_vector_array_pair2-&lt;lambda&gt;5]" time="0.004335165023803711"></testcase><testcase classname="src.pymortests.vectorarray" file="src/pymortests/vectorarray.py" line="1039" name="test_pairwise_dot_wrong_ind[compatible_vector_array_pair2-&lt;lambda&gt;6]" time="0.0020568370819091797"></testcase><testcase classname="src.pymortests.vectorarray" file="src/pymortests/vectorarray.py" line="1039" name="test_pairwise_dot_wrong_ind[compatible_vector_array_pair2-&lt;lambda&gt;7]" time="0.002737283706665039"></testcase><testcase classname="src.pymortests.vectorarray" file="src/pymortests/vectorarray.py" line="1039" name="test_pairwise_dot_wrong_ind[compatible_vector_array_pair2-&lt;lambda&gt;8]" time="0.011914968490600586"></testcase><testcase classname="src.pymortests.vectorarray" file="src/pymortests/vectorarray.py" line="1039" name="test_pairwise_dot_wrong_ind[compatible_vector_array_pair2-&lt;lambda&gt;9]" time="0.019801855087280273"></testcase><testcase classname="src.pymortests.vectorarray" file="src/pymortests/vectorarray.py" line="1039" name="test_pairwise_dot_wrong_ind[compatible_vector_array_pair2-&lt;lambda&gt;10]" time="0.05663609504699707"></testcase><testcase classname="src.pymortests.vectorarray" file="src/pymortests/vectorarray.py" line="1039" name="test_pairwise_dot_wrong_ind[compatible_vector_array_pair2-&lt;lambda&gt;11]" time="0.0062520503997802734"></testcase><testcase classname="src.pymortests.vectorarray" file="src/pymortests/vectorarray.py" line="1039" name="test_pairwise_dot_wrong_ind[compatible_vector_array_pair2-&lt;lambda&gt;12]" time="0.003161907196044922"></testcase><testcase classname="src.pymortests.vectorarray" file="src/pymortests/vectorarray.py" line="1039" name="test_pairwise_dot_wrong_ind[compatible_vector_array_pair2-&lt;lambda&gt;13]" time="0.005053281784057617"></testcase><testcase classname="src.pymortests.vectorarray" file="src/pymortests/vectorarray.py" line="1039" name="test_pairwise_dot_wrong_ind[compatible_vector_array_pair2-&lt;lambda&gt;14]" time="0.006032705307006836"></testcase><testcase classname="src.pymortests.vectorarray" file="src/pymortests/vectorarray.py" line="1039" name="test_pairwise_dot_wrong_ind[compatible_vector_array_pair2-&lt;lambda&gt;15]" time="0.008338451385498047"></testcase><testcase classname="src.pymortests.vectorarray" file="src/pymortests/vectorarray.py" line="1039" name="test_pairwise_dot_wrong_ind[compatible_vector_array_pair2-&lt;lambda&gt;16]" time="0.010473966598510742"></testcase><testcase classname="src.pymortests.vectorarray" file="src/pymortests/vectorarray.py" line="1039" name="test_pairwise_dot_wrong_ind[compatible_vector_array_pair2-&lt;lambda&gt;17]" time="0.014944314956665039"></testcase><testcase classname="src.pymortests.vectorarray" file="src/pymortests/vectorarray.py" line="1039" name="test_pairwise_dot_wrong_ind[compatible_vector_array_pair2-&lt;lambda&gt;18]" time="0.003701925277709961"></testcase><testcase classname="src.pymortests.vectorarray" file="src/pymortests/vectorarray.py" line="1039" name="test_pairwise_dot_wrong_ind[compatible_vector_array_pair2-&lt;lambda&gt;19]" time="0.0036351680755615234"></testcase><testcase classname="src.pymortests.vectorarray" file="src/pymortests/vectorarray.py" line="1039" name="test_pairwise_dot_wrong_ind[compatible_vector_array_pair2-&lt;lambda&gt;20]" time="0.03527641296386719"></testcase><testcase classname="src.pymortests.vectorarray" file="src/pymortests/vectorarray.py" line="1039" name="test_pairwise_dot_wrong_ind[compatible_vector_array_pair2-&lt;lambda&gt;21]" time="0.028095245361328125"></testcase><testcase classname="src.pymortests.vectorarray" file="src/pymortests/vectorarray.py" line="1039" name="test_pairwise_dot_wrong_ind[compatible_vector_array_pair2-&lt;lambda&gt;22]" time="0.08993291854858398"></testcase><testcase classname="src.pymortests.vectorarray" file="src/pymortests/vectorarray.py" line="1039" name="test_pairwise_dot_wrong_ind[compatible_vector_array_pair2-&lt;lambda&gt;23]" time="0.007529735565185547"></testcase><testcase classname="src.pymortests.vectorarray" file="src/pymortests/vectorarray.py" line="1039" name="test_pairwise_dot_wrong_ind[compatible_vector_array_pair2-&lt;lambda&gt;24]" time="0.0028252601623535156"></testcase><testcase classname="src.pymortests.vectorarray" file="src/pymortests/vectorarray.py" line="1039" name="test_pairwise_dot_wrong_ind[compatible_vector_array_pair2-&lt;lambda&gt;25]" time="0.0036606788635253906"></testcase><testcase classname="src.pymortests.vectorarray" file="src/pymortests/vectorarray.py" line="1039" name="test_pairwise_dot_wrong_ind[compatible_vector_array_pair2-&lt;lambda&gt;26]" time="0.03140115737915039"></testcase><testcase classname="src.pymortests.vectorarray" file="src/pymortests/vectorarray.py" line="1039" name="test_pairwise_dot_wrong_ind[compatible_vector_array_pair2-&lt;lambda&gt;27]" time="0.044443368911743164"></testcase><testcase classname="src.pymortests.vectorarray" file="src/pymortests/vectorarray.py" line="1039" name="test_pairwise_dot_wrong_ind[compatible_vector_array_pair2-&lt;lambda&gt;28]" time="0.15578150749206543"></testcase><testcase classname="src.pymortests.vectorarray" file="src/pymortests/vectorarray.py" line="1039" name="test_pairwise_dot_wrong_ind[compatible_vector_array_pair2-&lt;lambda&gt;29]" time="0.008877277374267578"></testcase><testcase classname="src.pymortests.vectorarray" file="src/pymortests/vectorarray.py" line="1039" name="test_pairwise_dot_wrong_ind[compatible_vector_array_pair3-&lt;lambda&gt;0]" time="0.00305938720703125"></testcase><testcase classname="src.pymortests.vectorarray" file="src/pymortests/vectorarray.py" line="1039" name="test_pairwise_dot_wrong_ind[compatible_vector_array_pair3-&lt;lambda&gt;1]" time="0.0028471946716308594"></testcase><testcase classname="src.pymortests.vectorarray" file="src/pymortests/vectorarray.py" line="1039" name="test_pairwise_dot_wrong_ind[compatible_vector_array_pair3-&lt;lambda&gt;2]" time="0.004431247711181641"></testcase><testcase classname="src.pymortests.vectorarray" file="src/pymortests/vectorarray.py" line="1039" name="test_pairwise_dot_wrong_ind[compatible_vector_array_pair3-&lt;lambda&gt;3]" time="0.005229473114013672"></testcase><testcase classname="src.pymortests.vectorarray" file="src/pymortests/vectorarray.py" line="1039" name="test_pairwise_dot_wrong_ind[compatible_vector_array_pair3-&lt;lambda&gt;4]" time="0.006335258483886719"></testcase><testcase classname="src.pymortests.vectorarray" file="src/pymortests/vectorarray.py" line="1039" name="test_pairwise_dot_wrong_ind[compatible_vector_array_pair3-&lt;lambda&gt;5]" time="0.004319906234741211"></testcase><testcase classname="src.pymortests.vectorarray" file="src/pymortests/vectorarray.py" line="1039" name="test_pairwise_dot_wrong_ind[compatible_vector_array_pair3-&lt;lambda&gt;6]" time="0.0019664764404296875"></testcase><testcase classname="src.pymortests.vectorarray" file="src/pymortests/vectorarray.py" line="1039" name="test_pairwise_dot_wrong_ind[compatible_vector_array_pair3-&lt;lambda&gt;7]" time="0.002737760543823242"></testcase><testcase classname="src.pymortests.vectorarray" file="src/pymortests/vectorarray.py" line="1039" name="test_pairwise_dot_wrong_ind[compatible_vector_array_pair3-&lt;lambda&gt;8]" time="0.016264677047729492"></testcase><testcase classname="src.pymortests.vectorarray" file="src/pymortests/vectorarray.py" line="1039" name="test_pairwise_dot_wrong_ind[compatible_vector_array_pair3-&lt;lambda&gt;9]" time="0.01844954490661621"></testcase><testcase classname="src.pymortests.vectorarray" file="src/pymortests/vectorarray.py" line="1039" name="test_pairwise_dot_wrong_ind[compatible_vector_array_pair3-&lt;lambda&gt;10]" time="0.05507040023803711"></testcase><testcase classname="src.pymortests.vectorarray" file="src/pymortests/vectorarray.py" line="1039" name="test_pairwise_dot_wrong_ind[compatible_vector_array_pair3-&lt;lambda&gt;11]" time="0.006496429443359375"></testcase><testcase classname="src.pymortests.vectorarray" file="src/pymortests/vectorarray.py" line="1039" name="test_pairwise_dot_wrong_ind[compatible_vector_array_pair3-&lt;lambda&gt;12]" time="0.003077983856201172"></testcase><testcase classname="src.pymortests.vectorarray" file="src/pymortests/vectorarray.py" line="1039" name="test_pairwise_dot_wrong_ind[compatible_vector_array_pair3-&lt;lambda&gt;13]" time="0.005128145217895508"></testcase><testcase classname="src.pymortests.vectorarray" file="src/pymortests/vectorarray.py" line="1039" name="test_pairwise_dot_wrong_ind[compatible_vector_array_pair3-&lt;lambda&gt;14]" time="0.0062105655670166016"></testcase><testcase classname="src.pymortests.vectorarray" file="src/pymortests/vectorarray.py" line="1039" name="test_pairwise_dot_wrong_ind[compatible_vector_array_pair3-&lt;lambda&gt;15]" time="0.008356094360351562"></testcase><testcase classname="src.pymortests.vectorarray" file="src/pymortests/vectorarray.py" line="1039" name="test_pairwise_dot_wrong_ind[compatible_vector_array_pair3-&lt;lambda&gt;16]" time="0.010436773300170898"></testcase><testcase classname="src.pymortests.vectorarray" file="src/pymortests/vectorarray.py" line="1039" name="test_pairwise_dot_wrong_ind[compatible_vector_array_pair3-&lt;lambda&gt;17]" time="0.013075113296508789"></testcase><testcase classname="src.pymortests.vectorarray" file="src/pymortests/vectorarray.py" line="1039" name="test_pairwise_dot_wrong_ind[compatible_vector_array_pair3-&lt;lambda&gt;18]" time="0.0027053356170654297"></testcase><testcase classname="src.pymortests.vectorarray" file="src/pymortests/vectorarray.py" line="1039" name="test_pairwise_dot_wrong_ind[compatible_vector_array_pair3-&lt;lambda&gt;19]" time="0.0034983158111572266"></testcase><testcase classname="src.pymortests.vectorarray" file="src/pymortests/vectorarray.py" line="1039" name="test_pairwise_dot_wrong_ind[compatible_vector_array_pair3-&lt;lambda&gt;20]" time="0.03533816337585449"></testcase><testcase classname="src.pymortests.vectorarray" file="src/pymortests/vectorarray.py" line="1039" name="test_pairwise_dot_wrong_ind[compatible_vector_array_pair3-&lt;lambda&gt;21]" time="0.027967214584350586"></testcase><testcase classname="src.pymortests.vectorarray" file="src/pymortests/vectorarray.py" line="1039" name="test_pairwise_dot_wrong_ind[compatible_vector_array_pair3-&lt;lambda&gt;22]" time="0.08964657783508301"></testcase><testcase classname="src.pymortests.vectorarray" file="src/pymortests/vectorarray.py" line="1039" name="test_pairwise_dot_wrong_ind[compatible_vector_array_pair3-&lt;lambda&gt;23]" time="0.007578134536743164"></testcase><testcase classname="src.pymortests.vectorarray" file="src/pymortests/vectorarray.py" line="1039" name="test_pairwise_dot_wrong_ind[compatible_vector_array_pair3-&lt;lambda&gt;24]" time="0.0028281211853027344"></testcase><testcase classname="src.pymortests.vectorarray" file="src/pymortests/vectorarray.py" line="1039" name="test_pairwise_dot_wrong_ind[compatible_vector_array_pair3-&lt;lambda&gt;25]" time="0.003633737564086914"></testcase><testcase classname="src.pymortests.vectorarray" file="src/pymortests/vectorarray.py" line="1039" name="test_pairwise_dot_wrong_ind[compatible_vector_array_pair3-&lt;lambda&gt;26]" time="0.03158378601074219"></testcase><testcase classname="src.pymortests.vectorarray" file="src/pymortests/vectorarray.py" line="1039" name="test_pairwise_dot_wrong_ind[compatible_vector_array_pair3-&lt;lambda&gt;27]" time="0.044748783111572266"></testcase><testcase classname="src.pymortests.vectorarray" file="src/pymortests/vectorarray.py" line="1039" name="test_pairwise_dot_wrong_ind[compatible_vector_array_pair3-&lt;lambda&gt;28]" time="0.15613007545471191"></testcase><testcase classname="src.pymortests.vectorarray" file="src/pymortests/vectorarray.py" line="1039" name="test_pairwise_dot_wrong_ind[compatible_vector_array_pair3-&lt;lambda&gt;29]" time="0.008964776992797852"></testcase><testcase classname="src.pymortests.vectorarray" file="src/pymortests/vectorarray.py" line="1039" name="test_pairwise_dot_wrong_ind[compatible_vector_array_pair4-&lt;lambda&gt;0]" time="0.002986907958984375"></testcase><testcase classname="src.pymortests.vectorarray" file="src/pymortests/vectorarray.py" line="1039" name="test_pairwise_dot_wrong_ind[compatible_vector_array_pair4-&lt;lambda&gt;1]" time="0.0027806758880615234"></testcase><testcase classname="src.pymortests.vectorarray" file="src/pymortests/vectorarray.py" line="1039" name="test_pairwise_dot_wrong_ind[compatible_vector_array_pair4-&lt;lambda&gt;2]" time="0.004437923431396484"></testcase><testcase classname="src.pymortests.vectorarray" file="src/pymortests/vectorarray.py" line="1039" name="test_pairwise_dot_wrong_ind[compatible_vector_array_pair4-&lt;lambda&gt;3]" time="0.005294084548950195"></testcase><testcase classname="src.pymortests.vectorarray" file="src/pymortests/vectorarray.py" line="1039" name="test_pairwise_dot_wrong_ind[compatible_vector_array_pair4-&lt;lambda&gt;4]" time="0.0066030025482177734"></testcase><testcase classname="src.pymortests.vectorarray" file="src/pymortests/vectorarray.py" line="1039" name="test_pairwise_dot_wrong_ind[compatible_vector_array_pair4-&lt;lambda&gt;5]" time="0.004383563995361328"></testcase><testcase classname="src.pymortests.vectorarray" file="src/pymortests/vectorarray.py" line="1039" name="test_pairwise_dot_wrong_ind[compatible_vector_array_pair4-&lt;lambda&gt;6]" time="0.0020263195037841797"></testcase><testcase classname="src.pymortests.vectorarray" file="src/pymortests/vectorarray.py" line="1039" name="test_pairwise_dot_wrong_ind[compatible_vector_array_pair4-&lt;lambda&gt;7]" time="0.002712249755859375"></testcase><testcase classname="src.pymortests.vectorarray" file="src/pymortests/vectorarray.py" line="1039" name="test_pairwise_dot_wrong_ind[compatible_vector_array_pair4-&lt;lambda&gt;8]" time="0.011881828308105469"></testcase><testcase classname="src.pymortests.vectorarray" file="src/pymortests/vectorarray.py" line="1039" name="test_pairwise_dot_wrong_ind[compatible_vector_array_pair4-&lt;lambda&gt;9]" time="0.017275333404541016"></testcase><testcase classname="src.pymortests.vectorarray" file="src/pymortests/vectorarray.py" line="1039" name="test_pairwise_dot_wrong_ind[compatible_vector_array_pair4-&lt;lambda&gt;10]" time="0.0554966926574707"></testcase><testcase classname="src.pymortests.vectorarray" file="src/pymortests/vectorarray.py" line="1039" name="test_pairwise_dot_wrong_ind[compatible_vector_array_pair4-&lt;lambda&gt;11]" time="0.0063593387603759766"></testcase><testcase classname="src.pymortests.vectorarray" file="src/pymortests/vectorarray.py" line="1039" name="test_pairwise_dot_wrong_ind[compatible_vector_array_pair4-&lt;lambda&gt;12]" time="0.0031113624572753906"></testcase><testcase classname="src.pymortests.vectorarray" file="src/pymortests/vectorarray.py" line="1039" name="test_pairwise_dot_wrong_ind[compatible_vector_array_pair4-&lt;lambda&gt;13]" time="0.0052831172943115234"></testcase><testcase classname="src.pymortests.vectorarray" file="src/pymortests/vectorarray.py" line="1039" name="test_pairwise_dot_wrong_ind[compatible_vector_array_pair4-&lt;lambda&gt;14]" time="0.006303548812866211"></testcase><testcase classname="src.pymortests.vectorarray" file="src/pymortests/vectorarray.py" line="1039" name="test_pairwise_dot_wrong_ind[compatible_vector_array_pair4-&lt;lambda&gt;15]" time="0.008505821228027344"></testcase><testcase classname="src.pymortests.vectorarray" file="src/pymortests/vectorarray.py" line="1039" name="test_pairwise_dot_wrong_ind[compatible_vector_array_pair4-&lt;lambda&gt;16]" time="0.010633707046508789"></testcase><testcase classname="src.pymortests.vectorarray" file="src/pymortests/vectorarray.py" line="1039" name="test_pairwise_dot_wrong_ind[compatible_vector_array_pair4-&lt;lambda&gt;17]" time="0.013071060180664062"></testcase><testcase classname="src.pymortests.vectorarray" file="src/pymortests/vectorarray.py" line="1039" name="test_pairwise_dot_wrong_ind[compatible_vector_array_pair4-&lt;lambda&gt;18]" time="0.002756834030151367"></testcase><testcase classname="src.pymortests.vectorarray" file="src/pymortests/vectorarray.py" line="1039" name="test_pairwise_dot_wrong_ind[compatible_vector_array_pair4-&lt;lambda&gt;19]" time="0.003484487533569336"></testcase><testcase classname="src.pymortests.vectorarray" file="src/pymortests/vectorarray.py" line="1039" name="test_pairwise_dot_wrong_ind[compatible_vector_array_pair4-&lt;lambda&gt;20]" time="0.03601956367492676"></testcase><testcase classname="src.pymortests.vectorarray" file="src/pymortests/vectorarray.py" line="1039" name="test_pairwise_dot_wrong_ind[compatible_vector_array_pair4-&lt;lambda&gt;21]" time="0.028063058853149414"></testcase><testcase classname="src.pymortests.vectorarray" file="src/pymortests/vectorarray.py" line="1039" name="test_pairwise_dot_wrong_ind[compatible_vector_array_pair4-&lt;lambda&gt;22]" time="0.09042811393737793"></testcase><testcase classname="src.pymortests.vectorarray" file="src/pymortests/vectorarray.py" line="1039" name="test_pairwise_dot_wrong_ind[compatible_vector_array_pair4-&lt;lambda&gt;23]" time="0.007668256759643555"></testcase><testcase classname="src.pymortests.vectorarray" file="src/pymortests/vectorarray.py" line="1039" name="test_pairwise_dot_wrong_ind[compatible_vector_array_pair4-&lt;lambda&gt;24]" time="0.0028533935546875"></testcase><testcase classname="src.pymortests.vectorarray" file="src/pymortests/vectorarray.py" line="1039" name="test_pairwise_dot_wrong_ind[compatible_vector_array_pair4-&lt;lambda&gt;25]" time="0.0036897659301757812"></testcase><testcase classname="src.pymortests.vectorarray" file="src/pymortests/vectorarray.py" line="1039" name="test_pairwise_dot_wrong_ind[compatible_vector_array_pair4-&lt;lambda&gt;26]" time="0.03191828727722168"></testcase><testcase classname="src.pymortests.vectorarray" file="src/pymortests/vectorarray.py" line="1039" name="test_pairwise_dot_wrong_ind[compatible_vector_array_pair4-&lt;lambda&gt;27]" time="0.044686317443847656"></testcase><testcase classname="src.pymortests.vectorarray" file="src/pymortests/vectorarray.py" line="1039" name="test_pairwise_dot_wrong_ind[compatible_vector_array_pair4-&lt;lambda&gt;28]" time="0.16003036499023438"></testcase><testcase classname="src.pymortests.vectorarray" file="src/pymortests/vectorarray.py" line="1039" name="test_pairwise_dot_wrong_ind[compatible_vector_array_pair4-&lt;lambda&gt;29]" time="0.009057283401489258"></testcase><testcase classname="src.pymortests.vectorarray" file="src/pymortests/vectorarray.py" line="1039" name="test_pairwise_dot_wrong_ind[compatible_vector_array_pair5-&lt;lambda&gt;0]" time="0.003065347671508789"></testcase><testcase classname="src.pymortests.vectorarray" file="src/pymortests/vectorarray.py" line="1039" name="test_pairwise_dot_wrong_ind[compatible_vector_array_pair5-&lt;lambda&gt;1]" time="0.002807140350341797"></testcase><testcase classname="src.pymortests.vectorarray" file="src/pymortests/vectorarray.py" line="1039" name="test_pairwise_dot_wrong_ind[compatible_vector_array_pair5-&lt;lambda&gt;2]" time="0.004365444183349609"></testcase><testcase classname="src.pymortests.vectorarray" file="src/pymortests/vectorarray.py" line="1039" name="test_pairwise_dot_wrong_ind[compatible_vector_array_pair5-&lt;lambda&gt;3]" time="0.005114316940307617"></testcase><testcase classname="src.pymortests.vectorarray" file="src/pymortests/vectorarray.py" line="1039" name="test_pairwise_dot_wrong_ind[compatible_vector_array_pair5-&lt;lambda&gt;4]" time="0.006342411041259766"></testcase><testcase classname="src.pymortests.vectorarray" file="src/pymortests/vectorarray.py" line="1039" name="test_pairwise_dot_wrong_ind[compatible_vector_array_pair5-&lt;lambda&gt;5]" time="0.004541158676147461"></testcase><testcase classname="src.pymortests.vectorarray" file="src/pymortests/vectorarray.py" line="1039" name="test_pairwise_dot_wrong_ind[compatible_vector_array_pair5-&lt;lambda&gt;6]" time="0.0020122528076171875"></testcase><testcase classname="src.pymortests.vectorarray" file="src/pymortests/vectorarray.py" line="1039" name="test_pairwise_dot_wrong_ind[compatible_vector_array_pair5-&lt;lambda&gt;7]" time="0.0027146339416503906"></testcase><testcase classname="src.pymortests.vectorarray" file="src/pymortests/vectorarray.py" line="1039" name="test_pairwise_dot_wrong_ind[compatible_vector_array_pair5-&lt;lambda&gt;8]" time="0.011832475662231445"></testcase><testcase classname="src.pymortests.vectorarray" file="src/pymortests/vectorarray.py" line="1039" name="test_pairwise_dot_wrong_ind[compatible_vector_array_pair5-&lt;lambda&gt;9]" time="0.017394065856933594"></testcase><testcase classname="src.pymortests.vectorarray" file="src/pymortests/vectorarray.py" line="1039" name="test_pairwise_dot_wrong_ind[compatible_vector_array_pair5-&lt;lambda&gt;10]" time="0.05577850341796875"></testcase><testcase classname="src.pymortests.vectorarray" file="src/pymortests/vectorarray.py" line="1039" name="test_pairwise_dot_wrong_ind[compatible_vector_array_pair5-&lt;lambda&gt;11]" time="0.006496906280517578"></testcase><testcase classname="src.pymortests.vectorarray" file="src/pymortests/vectorarray.py" line="1039" name="test_pairwise_dot_wrong_ind[compatible_vector_array_pair5-&lt;lambda&gt;12]" time="0.0031337738037109375"></testcase><testcase classname="src.pymortests.vectorarray" file="src/pymortests/vectorarray.py" line="1039" name="test_pairwise_dot_wrong_ind[compatible_vector_array_pair5-&lt;lambda&gt;13]" time="0.005140781402587891"></testcase><testcase classname="src.pymortests.vectorarray" file="src/pymortests/vectorarray.py" line="1039" name="test_pairwise_dot_wrong_ind[compatible_vector_array_pair5-&lt;lambda&gt;14]" time="0.006351947784423828"></testcase><testcase classname="src.pymortests.vectorarray" file="src/pymortests/vectorarray.py" line="1039" name="test_pairwise_dot_wrong_ind[compatible_vector_array_pair5-&lt;lambda&gt;15]" time="0.008525371551513672"></testcase><testcase classname="src.pymortests.vectorarray" file="src/pymortests/vectorarray.py" line="1039" name="test_pairwise_dot_wrong_ind[compatible_vector_array_pair5-&lt;lambda&gt;16]" time="0.010510921478271484"></testcase><testcase classname="src.pymortests.vectorarray" file="src/pymortests/vectorarray.py" line="1039" name="test_pairwise_dot_wrong_ind[compatible_vector_array_pair5-&lt;lambda&gt;17]" time="0.013198137283325195"></testcase><testcase classname="src.pymortests.vectorarray" file="src/pymortests/vectorarray.py" line="1039" name="test_pairwise_dot_wrong_ind[compatible_vector_array_pair5-&lt;lambda&gt;18]" time="0.0027620792388916016"></testcase><testcase classname="src.pymortests.vectorarray" file="src/pymortests/vectorarray.py" line="1039" name="test_pairwise_dot_wrong_ind[compatible_vector_array_pair5-&lt;lambda&gt;19]" time="0.003439664840698242"></testcase><testcase classname="src.pymortests.vectorarray" file="src/pymortests/vectorarray.py" line="1039" name="test_pairwise_dot_wrong_ind[compatible_vector_array_pair5-&lt;lambda&gt;20]" time="0.03548693656921387"></testcase><testcase classname="src.pymortests.vectorarray" file="src/pymortests/vectorarray.py" line="1039" name="test_pairwise_dot_wrong_ind[compatible_vector_array_pair5-&lt;lambda&gt;21]" time="0.027843952178955078"></testcase><testcase classname="src.pymortests.vectorarray" file="src/pymortests/vectorarray.py" line="1039" name="test_pairwise_dot_wrong_ind[compatible_vector_array_pair5-&lt;lambda&gt;22]" time="0.09026598930358887"></testcase><testcase classname="src.pymortests.vectorarray" file="src/pymortests/vectorarray.py" line="1039" name="test_pairwise_dot_wrong_ind[compatible_vector_array_pair5-&lt;lambda&gt;23]" time="0.007324934005737305"></testcase><testcase classname="src.pymortests.vectorarray" file="src/pymortests/vectorarray.py" line="1039" name="test_pairwise_dot_wrong_ind[compatible_vector_array_pair5-&lt;lambda&gt;24]" time="0.002852916717529297"></testcase><testcase classname="src.pymortests.vectorarray" file="src/pymortests/vectorarray.py" line="1039" name="test_pairwise_dot_wrong_ind[compatible_vector_array_pair5-&lt;lambda&gt;25]" time="0.0037589073181152344"></testcase><testcase classname="src.pymortests.vectorarray" file="src/pymortests/vectorarray.py" line="1039" name="test_pairwise_dot_wrong_ind[compatible_vector_array_pair5-&lt;lambda&gt;26]" time="0.0312800407409668"></testcase><testcase classname="src.pymortests.vectorarray" file="src/pymortests/vectorarray.py" line="1039" name="test_pairwise_dot_wrong_ind[compatible_vector_array_pair5-&lt;lambda&gt;27]" time="0.04453158378601074"></testcase><testcase classname="src.pymortests.vectorarray" file="src/pymortests/vectorarray.py" line="1039" name="test_pairwise_dot_wrong_ind[compatible_vector_array_pair5-&lt;lambda&gt;28]" time="0.15559077262878418"></testcase><testcase classname="src.pymortests.vectorarray" file="src/pymortests/vectorarray.py" line="1039" name="test_pairwise_dot_wrong_ind[compatible_vector_array_pair5-&lt;lambda&gt;29]" time="0.009046792984008789"></testcase><testcase classname="src.pymortests.vectorarray" file="src/pymortests/vectorarray.py" line="1039" name="test_pairwise_dot_wrong_ind[compatible_vector_array_pair6-&lt;lambda&gt;0]" time="0.003043651580810547"></testcase><testcase classname="src.pymortests.vectorarray" file="src/pymortests/vectorarray.py" line="1039" name="test_pairwise_dot_wrong_ind[compatible_vector_array_pair6-&lt;lambda&gt;1]" time="0.002806425094604492"></testcase><testcase classname="src.pymortests.vectorarray" file="src/pymortests/vectorarray.py" line="1039" name="test_pairwise_dot_wrong_ind[compatible_vector_array_pair6-&lt;lambda&gt;2]" time="0.004347801208496094"></testcase><testcase classname="src.pymortests.vectorarray" file="src/pymortests/vectorarray.py" line="1039" name="test_pairwise_dot_wrong_ind[compatible_vector_array_pair6-&lt;lambda&gt;3]" time="0.00516819953918457"></testcase><testcase classname="src.pymortests.vectorarray" file="src/pymortests/vectorarray.py" line="1039" name="test_pairwise_dot_wrong_ind[compatible_vector_array_pair6-&lt;lambda&gt;4]" time="0.006363868713378906"></testcase><testcase classname="src.pymortests.vectorarray" file="src/pymortests/vectorarray.py" line="1039" name="test_pairwise_dot_wrong_ind[compatible_vector_array_pair6-&lt;lambda&gt;5]" time="0.004350423812866211"></testcase><testcase classname="src.pymortests.vectorarray" file="src/pymortests/vectorarray.py" line="1039" name="test_pairwise_dot_wrong_ind[compatible_vector_array_pair6-&lt;lambda&gt;6]" time="0.002002716064453125"></testcase><testcase classname="src.pymortests.vectorarray" file="src/pymortests/vectorarray.py" line="1039" name="test_pairwise_dot_wrong_ind[compatible_vector_array_pair6-&lt;lambda&gt;7]" time="0.002715587615966797"></testcase><testcase classname="src.pymortests.vectorarray" file="src/pymortests/vectorarray.py" line="1039" name="test_pairwise_dot_wrong_ind[compatible_vector_array_pair6-&lt;lambda&gt;8]" time="0.011966466903686523"></testcase><testcase classname="src.pymortests.vectorarray" file="src/pymortests/vectorarray.py" line="1039" name="test_pairwise_dot_wrong_ind[compatible_vector_array_pair6-&lt;lambda&gt;9]" time="0.017149925231933594"></testcase><testcase classname="src.pymortests.vectorarray" file="src/pymortests/vectorarray.py" line="1039" name="test_pairwise_dot_wrong_ind[compatible_vector_array_pair6-&lt;lambda&gt;10]" time="0.058881282806396484"></testcase><testcase classname="src.pymortests.vectorarray" file="src/pymortests/vectorarray.py" line="1039" name="test_pairwise_dot_wrong_ind[compatible_vector_array_pair6-&lt;lambda&gt;11]" time="0.006377220153808594"></testcase><testcase classname="src.pymortests.vectorarray" file="src/pymortests/vectorarray.py" line="1039" name="test_pairwise_dot_wrong_ind[compatible_vector_array_pair6-&lt;lambda&gt;12]" time="0.003061056137084961"></testcase><testcase classname="src.pymortests.vectorarray" file="src/pymortests/vectorarray.py" line="1039" name="test_pairwise_dot_wrong_ind[compatible_vector_array_pair6-&lt;lambda&gt;13]" time="0.005120992660522461"></testcase><testcase classname="src.pymortests.vectorarray" file="src/pymortests/vectorarray.py" line="1039" name="test_pairwise_dot_wrong_ind[compatible_vector_array_pair6-&lt;lambda&gt;14]" time="0.006436586380004883"></testcase><testcase classname="src.pymortests.vectorarray" file="src/pymortests/vectorarray.py" line="1039" name="test_pairwise_dot_wrong_ind[compatible_vector_array_pair6-&lt;lambda&gt;15]" time="0.008453130722045898"></testcase><testcase classname="src.pymortests.vectorarray" file="src/pymortests/vectorarray.py" line="1039" name="test_pairwise_dot_wrong_ind[compatible_vector_array_pair6-&lt;lambda&gt;16]" time="0.010570526123046875"></testcase><testcase classname="src.pymortests.vectorarray" file="src/pymortests/vectorarray.py" line="1039" name="test_pairwise_dot_wrong_ind[compatible_vector_array_pair6-&lt;lambda&gt;17]" time="0.012992620468139648"></testcase><testcase classname="src.pymortests.vectorarray" file="src/pymortests/vectorarray.py" line="1039" name="test_pairwise_dot_wrong_ind[compatible_vector_array_pair6-&lt;lambda&gt;18]" time="0.002684354782104492"></testcase><testcase classname="src.pymortests.vectorarray" file="src/pymortests/vectorarray.py" line="1039" name="test_pairwise_dot_wrong_ind[compatible_vector_array_pair6-&lt;lambda&gt;19]" time="0.003406524658203125"></testcase><testcase classname="src.pymortests.vectorarray" file="src/pymortests/vectorarray.py" line="1039" name="test_pairwise_dot_wrong_ind[compatible_vector_array_pair6-&lt;lambda&gt;20]" time="0.035327911376953125"></testcase><testcase classname="src.pymortests.vectorarray" file="src/pymortests/vectorarray.py" line="1039" name="test_pairwise_dot_wrong_ind[compatible_vector_array_pair6-&lt;lambda&gt;21]" time="0.027881622314453125"></testcase><testcase classname="src.pymortests.vectorarray" file="src/pymortests/vectorarray.py" line="1039" name="test_pairwise_dot_wrong_ind[compatible_vector_array_pair6-&lt;lambda&gt;22]" time="0.0901479721069336"></testcase><testcase classname="src.pymortests.vectorarray" file="src/pymortests/vectorarray.py" line="1039" name="test_pairwise_dot_wrong_ind[compatible_vector_array_pair6-&lt;lambda&gt;23]" time="0.007582187652587891"></testcase><testcase classname="src.pymortests.vectorarray" file="src/pymortests/vectorarray.py" line="1039" name="test_pairwise_dot_wrong_ind[compatible_vector_array_pair6-&lt;lambda&gt;24]" time="0.0028989315032958984"></testcase><testcase classname="src.pymortests.vectorarray" file="src/pymortests/vectorarray.py" line="1039" name="test_pairwise_dot_wrong_ind[compatible_vector_array_pair6-&lt;lambda&gt;25]" time="0.0036923885345458984"></testcase><testcase classname="src.pymortests.vectorarray" file="src/pymortests/vectorarray.py" line="1039" name="test_pairwise_dot_wrong_ind[compatible_vector_array_pair6-&lt;lambda&gt;26]" time="0.03130459785461426"></testcase><testcase classname="src.pymortests.vectorarray" file="src/pymortests/vectorarray.py" line="1039" name="test_pairwise_dot_wrong_ind[compatible_vector_array_pair6-&lt;lambda&gt;27]" time="0.04470539093017578"></testcase><testcase classname="src.pymortests.vectorarray" file="src/pymortests/vectorarray.py" line="1039" name="test_pairwise_dot_wrong_ind[compatible_vector_array_pair6-&lt;lambda&gt;28]" time="0.1567065715789795"></testcase><testcase classname="src.pymortests.vectorarray" file="src/pymortests/vectorarray.py" line="1039" name="test_pairwise_dot_wrong_ind[compatible_vector_array_pair6-&lt;lambda&gt;29]" time="0.009230613708496094"></testcase><testcase classname="src.pymortests.vectorarray" file="src/pymortests/vectorarray.py" line="1039" name="test_pairwise_dot_wrong_ind[compatible_vector_array_pair7-&lt;lambda&gt;0]" time="0.0030820369720458984"></testcase><testcase classname="src.pymortests.vectorarray" file="src/pymortests/vectorarray.py" line="1039" name="test_pairwise_dot_wrong_ind[compatible_vector_array_pair7-&lt;lambda&gt;1]" time="0.002876758575439453"></testcase><testcase classname="src.pymortests.vectorarray" file="src/pymortests/vectorarray.py" line="1039" name="test_pairwise_dot_wrong_ind[compatible_vector_array_pair7-&lt;lambda&gt;2]" time="0.004337787628173828"></testcase><testcase classname="src.pymortests.vectorarray" file="src/pymortests/vectorarray.py" line="1039" name="test_pairwise_dot_wrong_ind[compatible_vector_array_pair7-&lt;lambda&gt;3]" time="0.005071401596069336"></testcase><testcase classname="src.pymortests.vectorarray" file="src/pymortests/vectorarray.py" line="1039" name="test_pairwise_dot_wrong_ind[compatible_vector_array_pair7-&lt;lambda&gt;4]" time="0.0062389373779296875"></testcase><testcase classname="src.pymortests.vectorarray" file="src/pymortests/vectorarray.py" line="1039" name="test_pairwise_dot_wrong_ind[compatible_vector_array_pair7-&lt;lambda&gt;5]" time="0.004315614700317383"></testcase><testcase classname="src.pymortests.vectorarray" file="src/pymortests/vectorarray.py" line="1039" name="test_pairwise_dot_wrong_ind[compatible_vector_array_pair7-&lt;lambda&gt;6]" time="0.0019567012786865234"></testcase><testcase classname="src.pymortests.vectorarray" file="src/pymortests/vectorarray.py" line="1039" name="test_pairwise_dot_wrong_ind[compatible_vector_array_pair7-&lt;lambda&gt;7]" time="0.0026891231536865234"></testcase><testcase classname="src.pymortests.vectorarray" file="src/pymortests/vectorarray.py" line="1039" name="test_pairwise_dot_wrong_ind[compatible_vector_array_pair7-&lt;lambda&gt;8]" time="0.01195979118347168"></testcase><testcase classname="src.pymortests.vectorarray" file="src/pymortests/vectorarray.py" line="1039" name="test_pairwise_dot_wrong_ind[compatible_vector_array_pair7-&lt;lambda&gt;9]" time="0.017275094985961914"></testcase><testcase classname="src.pymortests.vectorarray" file="src/pymortests/vectorarray.py" line="1039" name="test_pairwise_dot_wrong_ind[compatible_vector_array_pair7-&lt;lambda&gt;10]" time="0.05567312240600586"></testcase><testcase classname="src.pymortests.vectorarray" file="src/pymortests/vectorarray.py" line="1039" name="test_pairwise_dot_wrong_ind[compatible_vector_array_pair7-&lt;lambda&gt;11]" time="0.0061528682708740234"></testcase><testcase classname="src.pymortests.vectorarray" file="src/pymortests/vectorarray.py" line="1039" name="test_pairwise_dot_wrong_ind[compatible_vector_array_pair7-&lt;lambda&gt;12]" time="0.0031633377075195312"></testcase><testcase classname="src.pymortests.vectorarray" file="src/pymortests/vectorarray.py" line="1039" name="test_pairwise_dot_wrong_ind[compatible_vector_array_pair7-&lt;lambda&gt;13]" time="0.005185842514038086"></testcase><testcase classname="src.pymortests.vectorarray" file="src/pymortests/vectorarray.py" line="1039" name="test_pairwise_dot_wrong_ind[compatible_vector_array_pair7-&lt;lambda&gt;14]" time="0.006232023239135742"></testcase><testcase classname="src.pymortests.vectorarray" file="src/pymortests/vectorarray.py" line="1039" name="test_pairwise_dot_wrong_ind[compatible_vector_array_pair7-&lt;lambda&gt;15]" time="0.00844717025756836"></testcase><testcase classname="src.pymortests.vectorarray" file="src/pymortests/vectorarray.py" line="1039" name="test_pairwise_dot_wrong_ind[compatible_vector_array_pair7-&lt;lambda&gt;16]" time="0.010540008544921875"></testcase><testcase classname="src.pymortests.vectorarray" file="src/pymortests/vectorarray.py" line="1039" name="test_pairwise_dot_wrong_ind[compatible_vector_array_pair7-&lt;lambda&gt;17]" time="0.013215303421020508"></testcase><testcase classname="src.pymortests.vectorarray" file="src/pymortests/vectorarray.py" line="1039" name="test_pairwise_dot_wrong_ind[compatible_vector_array_pair7-&lt;lambda&gt;18]" time="0.0027472972869873047"></testcase><testcase classname="src.pymortests.vectorarray" file="src/pymortests/vectorarray.py" line="1039" name="test_pairwise_dot_wrong_ind[compatible_vector_array_pair7-&lt;lambda&gt;19]" time="0.0034546852111816406"></testcase><testcase classname="src.pymortests.vectorarray" file="src/pymortests/vectorarray.py" line="1039" name="test_pairwise_dot_wrong_ind[compatible_vector_array_pair7-&lt;lambda&gt;20]" time="0.03550457954406738"></testcase><testcase classname="src.pymortests.vectorarray" file="src/pymortests/vectorarray.py" line="1039" name="test_pairwise_dot_wrong_ind[compatible_vector_array_pair7-&lt;lambda&gt;21]" time="0.027751445770263672"></testcase><testcase classname="src.pymortests.vectorarray" file="src/pymortests/vectorarray.py" line="1039" name="test_pairwise_dot_wrong_ind[compatible_vector_array_pair7-&lt;lambda&gt;22]" time="0.09013032913208008"></testcase><testcase classname="src.pymortests.vectorarray" file="src/pymortests/vectorarray.py" line="1039" name="test_pairwise_dot_wrong_ind[compatible_vector_array_pair7-&lt;lambda&gt;23]" time="0.007634639739990234"></testcase><testcase classname="src.pymortests.vectorarray" file="src/pymortests/vectorarray.py" line="1039" name="test_pairwise_dot_wrong_ind[compatible_vector_array_pair7-&lt;lambda&gt;24]" time="0.002851724624633789"></testcase><testcase classname="src.pymortests.vectorarray" file="src/pymortests/vectorarray.py" line="1039" name="test_pairwise_dot_wrong_ind[compatible_vector_array_pair7-&lt;lambda&gt;25]" time="0.0036301612854003906"></testcase><testcase classname="src.pymortests.vectorarray" file="src/pymortests/vectorarray.py" line="1039" name="test_pairwise_dot_wrong_ind[compatible_vector_array_pair7-&lt;lambda&gt;26]" time="0.03125286102294922"></testcase><testcase classname="src.pymortests.vectorarray" file="src/pymortests/vectorarray.py" line="1039" name="test_pairwise_dot_wrong_ind[compatible_vector_array_pair7-&lt;lambda&gt;27]" time="0.044795989990234375"></testcase><testcase classname="src.pymortests.vectorarray" file="src/pymortests/vectorarray.py" line="1039" name="test_pairwise_dot_wrong_ind[compatible_vector_array_pair7-&lt;lambda&gt;28]" time="0.1554124355316162"></testcase><testcase classname="src.pymortests.vectorarray" file="src/pymortests/vectorarray.py" line="1039" name="test_pairwise_dot_wrong_ind[compatible_vector_array_pair7-&lt;lambda&gt;29]" time="0.008853673934936523"></testcase><testcase classname="src.pymortests.vectorarray" file="src/pymortests/vectorarray.py" line="1039" name="test_pairwise_dot_wrong_ind[compatible_vector_array_pair8-&lt;lambda&gt;0]" time="0.0030829906463623047"></testcase><testcase classname="src.pymortests.vectorarray" file="src/pymortests/vectorarray.py" line="1039" name="test_pairwise_dot_wrong_ind[compatible_vector_array_pair8-&lt;lambda&gt;1]" time="0.002872943878173828"></testcase><testcase classname="src.pymortests.vectorarray" file="src/pymortests/vectorarray.py" line="1039" name="test_pairwise_dot_wrong_ind[compatible_vector_array_pair8-&lt;lambda&gt;2]" time="0.0044002532958984375"></testcase><testcase classname="src.pymortests.vectorarray" file="src/pymortests/vectorarray.py" line="1039" name="test_pairwise_dot_wrong_ind[compatible_vector_array_pair8-&lt;lambda&gt;3]" time="0.005097150802612305"></testcase><testcase classname="src.pymortests.vectorarray" file="src/pymortests/vectorarray.py" line="1039" name="test_pairwise_dot_wrong_ind[compatible_vector_array_pair8-&lt;lambda&gt;4]" time="0.00911259651184082"></testcase><testcase classname="src.pymortests.vectorarray" file="src/pymortests/vectorarray.py" line="1039" name="test_pairwise_dot_wrong_ind[compatible_vector_array_pair8-&lt;lambda&gt;5]" time="0.004475831985473633"></testcase><testcase classname="src.pymortests.vectorarray" file="src/pymortests/vectorarray.py" line="1039" name="test_pairwise_dot_wrong_ind[compatible_vector_array_pair8-&lt;lambda&gt;6]" time="0.002000570297241211"></testcase><testcase classname="src.pymortests.vectorarray" file="src/pymortests/vectorarray.py" line="1039" name="test_pairwise_dot_wrong_ind[compatible_vector_array_pair8-&lt;lambda&gt;7]" time="0.002691507339477539"></testcase><testcase classname="src.pymortests.vectorarray" file="src/pymortests/vectorarray.py" line="1039" name="test_pairwise_dot_wrong_ind[compatible_vector_array_pair8-&lt;lambda&gt;8]" time="0.012201070785522461"></testcase><testcase classname="src.pymortests.vectorarray" file="src/pymortests/vectorarray.py" line="1039" name="test_pairwise_dot_wrong_ind[compatible_vector_array_pair8-&lt;lambda&gt;9]" time="0.01884293556213379"></testcase><testcase classname="src.pymortests.vectorarray" file="src/pymortests/vectorarray.py" line="1039" name="test_pairwise_dot_wrong_ind[compatible_vector_array_pair8-&lt;lambda&gt;10]" time="0.05536675453186035"></testcase><testcase classname="src.pymortests.vectorarray" file="src/pymortests/vectorarray.py" line="1039" name="test_pairwise_dot_wrong_ind[compatible_vector_array_pair8-&lt;lambda&gt;11]" time="0.006314754486083984"></testcase><testcase classname="src.pymortests.vectorarray" file="src/pymortests/vectorarray.py" line="1039" name="test_pairwise_dot_wrong_ind[compatible_vector_array_pair8-&lt;lambda&gt;12]" time="0.003089427947998047"></testcase><testcase classname="src.pymortests.vectorarray" file="src/pymortests/vectorarray.py" line="1039" name="test_pairwise_dot_wrong_ind[compatible_vector_array_pair8-&lt;lambda&gt;13]" time="0.005245685577392578"></testcase><testcase classname="src.pymortests.vectorarray" file="src/pymortests/vectorarray.py" line="1039" name="test_pairwise_dot_wrong_ind[compatible_vector_array_pair8-&lt;lambda&gt;14]" time="0.006181478500366211"></testcase><testcase classname="src.pymortests.vectorarray" file="src/pymortests/vectorarray.py" line="1039" name="test_pairwise_dot_wrong_ind[compatible_vector_array_pair8-&lt;lambda&gt;15]" time="0.008423089981079102"></testcase><testcase classname="src.pymortests.vectorarray" file="src/pymortests/vectorarray.py" line="1039" name="test_pairwise_dot_wrong_ind[compatible_vector_array_pair8-&lt;lambda&gt;16]" time="0.010539054870605469"></testcase><testcase classname="src.pymortests.vectorarray" file="src/pymortests/vectorarray.py" line="1039" name="test_pairwise_dot_wrong_ind[compatible_vector_array_pair8-&lt;lambda&gt;17]" time="0.013206958770751953"></testcase><testcase classname="src.pymortests.vectorarray" file="src/pymortests/vectorarray.py" line="1039" name="test_pairwise_dot_wrong_ind[compatible_vector_array_pair8-&lt;lambda&gt;18]" time="0.002676248550415039"></testcase><testcase classname="src.pymortests.vectorarray" file="src/pymortests/vectorarray.py" line="1039" name="test_pairwise_dot_wrong_ind[compatible_vector_array_pair8-&lt;lambda&gt;19]" time="0.003445148468017578"></testcase><testcase classname="src.pymortests.vectorarray" file="src/pymortests/vectorarray.py" line="1039" name="test_pairwise_dot_wrong_ind[compatible_vector_array_pair8-&lt;lambda&gt;20]" time="0.03560161590576172"></testcase><testcase classname="src.pymortests.vectorarray" file="src/pymortests/vectorarray.py" line="1039" name="test_pairwise_dot_wrong_ind[compatible_vector_array_pair8-&lt;lambda&gt;21]" time="0.02761697769165039"></testcase><testcase classname="src.pymortests.vectorarray" file="src/pymortests/vectorarray.py" line="1039" name="test_pairwise_dot_wrong_ind[compatible_vector_array_pair8-&lt;lambda&gt;22]" time="0.08967304229736328"></testcase><testcase classname="src.pymortests.vectorarray" file="src/pymortests/vectorarray.py" line="1039" name="test_pairwise_dot_wrong_ind[compatible_vector_array_pair8-&lt;lambda&gt;23]" time="0.007497549057006836"></testcase><testcase classname="src.pymortests.vectorarray" file="src/pymortests/vectorarray.py" line="1039" name="test_pairwise_dot_wrong_ind[compatible_vector_array_pair8-&lt;lambda&gt;24]" time="0.002850055694580078"></testcase><testcase classname="src.pymortests.vectorarray" file="src/pymortests/vectorarray.py" line="1039" name="test_pairwise_dot_wrong_ind[compatible_vector_array_pair8-&lt;lambda&gt;25]" time="0.003827333450317383"></testcase><testcase classname="src.pymortests.vectorarray" file="src/pymortests/vectorarray.py" line="1039" name="test_pairwise_dot_wrong_ind[compatible_vector_array_pair8-&lt;lambda&gt;26]" time="0.030980348587036133"></testcase><testcase classname="src.pymortests.vectorarray" file="src/pymortests/vectorarray.py" line="1039" name="test_pairwise_dot_wrong_ind[compatible_vector_array_pair8-&lt;lambda&gt;27]" time="0.04439973831176758"></testcase><testcase classname="src.pymortests.vectorarray" file="src/pymortests/vectorarray.py" line="1039" name="test_pairwise_dot_wrong_ind[compatible_vector_array_pair8-&lt;lambda&gt;28]" time="0.15572261810302734"></testcase><testcase classname="src.pymortests.vectorarray" file="src/pymortests/vectorarray.py" line="1039" name="test_pairwise_dot_wrong_ind[compatible_vector_array_pair8-&lt;lambda&gt;29]" time="0.008644580841064453"></testcase><testcase classname="src.pymortests.vectorarray" file="src/pymortests/vectorarray.py" line="1047" name="test_pickle[0-&lt;lambda&gt;0]" time="0.014659404754638672"></testcase><testcase classname="src.pymortests.vectorarray" file="src/pymortests/vectorarray.py" line="1047" name="test_pickle[0-&lt;lambda&gt;1]" time="0.002145528793334961"></testcase><testcase classname="src.pymortests.vectorarray" file="src/pymortests/vectorarray.py" line="1047" name="test_pickle[0-&lt;lambda&gt;2]" time="0.0016748905181884766"></testcase><testcase classname="src.pymortests.vectorarray" file="src/pymortests/vectorarray.py" line="1047" name="test_pickle[0-&lt;lambda&gt;3]" time="0.0014355182647705078"></testcase><testcase classname="src.pymortests.vectorarray" file="src/pymortests/vectorarray.py" line="1047" name="test_pickle[0-&lt;lambda&gt;4]" time="0.0013685226440429688"></testcase><testcase classname="src.pymortests.vectorarray" file="src/pymortests/vectorarray.py" line="1047" name="test_pickle[0-&lt;lambda&gt;5]" time="0.0017361640930175781"></testcase><testcase classname="src.pymortests.vectorarray" file="src/pymortests/vectorarray.py" line="1047" name="test_pickle[0-&lt;lambda&gt;6]" time="0.0012819766998291016"></testcase><testcase classname="src.pymortests.vectorarray" file="src/pymortests/vectorarray.py" line="1047" name="test_pickle[0-&lt;lambda&gt;7]" time="0.0016083717346191406"></testcase><testcase classname="src.pymortests.vectorarray" file="src/pymortests/vectorarray.py" line="1047" name="test_pickle[0-&lt;lambda&gt;8]" time="0.004084587097167969"></testcase><testcase classname="src.pymortests.vectorarray" file="src/pymortests/vectorarray.py" line="1047" name="test_pickle[0-&lt;lambda&gt;9]" time="0.008750438690185547"></testcase><testcase classname="src.pymortests.vectorarray" file="src/pymortests/vectorarray.py" line="1047" name="test_pickle[0-&lt;lambda&gt;10]" time="0.004576444625854492"></testcase><testcase classname="src.pymortests.vectorarray" file="src/pymortests/vectorarray.py" line="1047" name="test_pickle[0-&lt;lambda&gt;11]" time="0.0017991065979003906"></testcase><testcase classname="src.pymortests.vectorarray" file="src/pymortests/vectorarray.py" line="1047" name="test_pickle[0-&lt;lambda&gt;12]" time="0.001781463623046875"></testcase><testcase classname="src.pymortests.vectorarray" file="src/pymortests/vectorarray.py" line="1047" name="test_pickle[0-&lt;lambda&gt;13]" time="0.0015714168548583984"></testcase><testcase classname="src.pymortests.vectorarray" file="src/pymortests/vectorarray.py" line="1047" name="test_pickle[0-&lt;lambda&gt;14]" time="0.0017311573028564453"></testcase><testcase classname="src.pymortests.vectorarray" file="src/pymortests/vectorarray.py" line="1047" name="test_pickle[0-&lt;lambda&gt;15]" time="0.002082347869873047"></testcase><testcase classname="src.pymortests.vectorarray" file="src/pymortests/vectorarray.py" line="1047" name="test_pickle[0-&lt;lambda&gt;16]" time="0.00189208984375"></testcase><testcase classname="src.pymortests.vectorarray" file="src/pymortests/vectorarray.py" line="1047" name="test_pickle[1-&lt;lambda&gt;0]" time="0.0013697147369384766"></testcase><testcase classname="src.pymortests.vectorarray" file="src/pymortests/vectorarray.py" line="1047" name="test_pickle[1-&lt;lambda&gt;1]" time="0.0013856887817382812"></testcase><testcase classname="src.pymortests.vectorarray" file="src/pymortests/vectorarray.py" line="1047" name="test_pickle[1-&lt;lambda&gt;2]" time="0.0013766288757324219"></testcase><testcase classname="src.pymortests.vectorarray" file="src/pymortests/vectorarray.py" line="1047" name="test_pickle[1-&lt;lambda&gt;3]" time="0.0018162727355957031"></testcase><testcase classname="src.pymortests.vectorarray" file="src/pymortests/vectorarray.py" line="1047" name="test_pickle[1-&lt;lambda&gt;4]" time="0.0014317035675048828"></testcase><testcase classname="src.pymortests.vectorarray" file="src/pymortests/vectorarray.py" line="1047" name="test_pickle[1-&lt;lambda&gt;5]" time="0.001253366470336914"></testcase><testcase classname="src.pymortests.vectorarray" file="src/pymortests/vectorarray.py" line="1047" name="test_pickle[1-&lt;lambda&gt;6]" time="0.0012738704681396484"></testcase><testcase classname="src.pymortests.vectorarray" file="src/pymortests/vectorarray.py" line="1047" name="test_pickle[1-&lt;lambda&gt;7]" time="0.0015501976013183594"></testcase><testcase classname="src.pymortests.vectorarray" file="src/pymortests/vectorarray.py" line="1047" name="test_pickle[1-&lt;lambda&gt;8]" time="0.005425214767456055"></testcase><testcase classname="src.pymortests.vectorarray" file="src/pymortests/vectorarray.py" line="1047" name="test_pickle[1-&lt;lambda&gt;9]" time="0.013107538223266602"></testcase><testcase classname="src.pymortests.vectorarray" file="src/pymortests/vectorarray.py" line="1047" name="test_pickle[1-&lt;lambda&gt;10]" time="0.0027434825897216797"></testcase><testcase classname="src.pymortests.vectorarray" file="src/pymortests/vectorarray.py" line="1047" name="test_pickle[1-&lt;lambda&gt;11]" time="0.0019118785858154297"></testcase><testcase classname="src.pymortests.vectorarray" file="src/pymortests/vectorarray.py" line="1047" name="test_pickle[1-&lt;lambda&gt;12]" time="0.0018155574798583984"></testcase><testcase classname="src.pymortests.vectorarray" file="src/pymortests/vectorarray.py" line="1047" name="test_pickle[1-&lt;lambda&gt;13]" time="0.0016086101531982422"></testcase><testcase classname="src.pymortests.vectorarray" file="src/pymortests/vectorarray.py" line="1047" name="test_pickle[1-&lt;lambda&gt;14]" time="0.0018944740295410156"></testcase><testcase classname="src.pymortests.vectorarray" file="src/pymortests/vectorarray.py" line="1047" name="test_pickle[1-&lt;lambda&gt;15]" time="0.0019621849060058594"></testcase><testcase classname="src.pymortests.vectorarray" file="src/pymortests/vectorarray.py" line="1047" name="test_pickle[1-&lt;lambda&gt;16]" time="0.002020120620727539"></testcase><testcase classname="src.pymortests.vectorarray" file="src/pymortests/vectorarray.py" line="1047" name="test_pickle[2-&lt;lambda&gt;0]" time="0.001371145248413086"></testcase><testcase classname="src.pymortests.vectorarray" file="src/pymortests/vectorarray.py" line="1047" name="test_pickle[2-&lt;lambda&gt;1]" time="0.0013883113861083984"></testcase><testcase classname="src.pymortests.vectorarray" file="src/pymortests/vectorarray.py" line="1047" name="test_pickle[2-&lt;lambda&gt;2]" time="0.001386880874633789"></testcase><testcase classname="src.pymortests.vectorarray" file="src/pymortests/vectorarray.py" line="1047" name="test_pickle[2-&lt;lambda&gt;3]" time="0.0014410018920898438"></testcase><testcase classname="src.pymortests.vectorarray" file="src/pymortests/vectorarray.py" line="1047" name="test_pickle[2-&lt;lambda&gt;4]" time="0.0013728141784667969"></testcase><testcase classname="src.pymortests.vectorarray" file="src/pymortests/vectorarray.py" line="1047" name="test_pickle[2-&lt;lambda&gt;5]" time="0.00139617919921875"></testcase><testcase classname="src.pymortests.vectorarray" file="src/pymortests/vectorarray.py" line="1047" name="test_pickle[2-&lt;lambda&gt;6]" time="0.001253366470336914"></testcase><testcase classname="src.pymortests.vectorarray" file="src/pymortests/vectorarray.py" line="1047" name="test_pickle[2-&lt;lambda&gt;7]" time="0.0014605522155761719"></testcase><testcase classname="src.pymortests.vectorarray" file="src/pymortests/vectorarray.py" line="1047" name="test_pickle[2-&lt;lambda&gt;8]" time="0.0056858062744140625"></testcase><testcase classname="src.pymortests.vectorarray" file="src/pymortests/vectorarray.py" line="1047" name="test_pickle[2-&lt;lambda&gt;9]" time="0.012710809707641602"></testcase><testcase classname="src.pymortests.vectorarray" file="src/pymortests/vectorarray.py" line="1047" name="test_pickle[2-&lt;lambda&gt;10]" time="0.0018699169158935547"></testcase><testcase classname="src.pymortests.vectorarray" file="src/pymortests/vectorarray.py" line="1047" name="test_pickle[2-&lt;lambda&gt;11]" time="0.0018465518951416016"></testcase><testcase classname="src.pymortests.vectorarray" file="src/pymortests/vectorarray.py" line="1047" name="test_pickle[2-&lt;lambda&gt;12]" time="0.001766204833984375"></testcase><testcase classname="src.pymortests.vectorarray" file="src/pymortests/vectorarray.py" line="1047" name="test_pickle[2-&lt;lambda&gt;13]" time="0.0017235279083251953"></testcase><testcase classname="src.pymortests.vectorarray" file="src/pymortests/vectorarray.py" line="1047" name="test_pickle[2-&lt;lambda&gt;14]" time="0.001895904541015625"></testcase><testcase classname="src.pymortests.vectorarray" file="src/pymortests/vectorarray.py" line="1047" name="test_pickle[2-&lt;lambda&gt;15]" time="0.0020940303802490234"></testcase><testcase classname="src.pymortests.vectorarray" file="src/pymortests/vectorarray.py" line="1047" name="test_pickle[2-&lt;lambda&gt;16]" time="0.001928091049194336"></testcase><testcase classname="src.pymortests.algorithms.basic" file="src/pymortests/algorithms/basic.py" line="21" name="test_almost_equal[compatible_vector_array_pair0-&lt;lambda&gt;0]" time="0.007992029190063477"></testcase><testcase classname="src.pymortests.algorithms.basic" file="src/pymortests/algorithms/basic.py" line="21" name="test_almost_equal[compatible_vector_array_pair0-&lt;lambda&gt;1]" time="0.003101825714111328"></testcase><testcase classname="src.pymortests.algorithms.basic" file="src/pymortests/algorithms/basic.py" line="21" name="test_almost_equal[compatible_vector_array_pair0-&lt;lambda&gt;2]" time="0.02500009536743164"></testcase><testcase classname="src.pymortests.algorithms.basic" file="src/pymortests/algorithms/basic.py" line="21" name="test_almost_equal[compatible_vector_array_pair0-&lt;lambda&gt;3]" time="0.024047136306762695"></testcase><testcase classname="src.pymortests.algorithms.basic" file="src/pymortests/algorithms/basic.py" line="21" name="test_almost_equal[compatible_vector_array_pair0-&lt;lambda&gt;4]" time="0.03205990791320801"></testcase><testcase classname="src.pymortests.algorithms.basic" file="src/pymortests/algorithms/basic.py" line="21" name="test_almost_equal[compatible_vector_array_pair0-&lt;lambda&gt;5]" time="0.03186655044555664"></testcase><testcase classname="src.pymortests.algorithms.basic" file="src/pymortests/algorithms/basic.py" line="21" name="test_almost_equal[compatible_vector_array_pair0-&lt;lambda&gt;6]" time="0.008374929428100586"></testcase><testcase classname="src.pymortests.algorithms.basic" file="src/pymortests/algorithms/basic.py" line="21" name="test_almost_equal[compatible_vector_array_pair0-&lt;lambda&gt;7]" time="0.0027856826782226562"></testcase><testcase classname="src.pymortests.algorithms.basic" file="src/pymortests/algorithms/basic.py" line="21" name="test_almost_equal[compatible_vector_array_pair0-&lt;lambda&gt;8]" time="0.032578468322753906"></testcase><testcase classname="src.pymortests.algorithms.basic" file="src/pymortests/algorithms/basic.py" line="21" name="test_almost_equal[compatible_vector_array_pair0-&lt;lambda&gt;9]" time="0.04263138771057129"></testcase><testcase classname="src.pymortests.algorithms.basic" file="src/pymortests/algorithms/basic.py" line="21" name="test_almost_equal[compatible_vector_array_pair0-&lt;lambda&gt;10]" time="0.13368940353393555"></testcase><testcase classname="src.pymortests.algorithms.basic" file="src/pymortests/algorithms/basic.py" line="21" name="test_almost_equal[compatible_vector_array_pair0-&lt;lambda&gt;11]" time="0.03591752052307129"></testcase><testcase classname="src.pymortests.algorithms.basic" file="src/pymortests/algorithms/basic.py" line="21" name="test_almost_equal[compatible_vector_array_pair0-&lt;lambda&gt;12]" time="0.02285480499267578"></testcase><testcase classname="src.pymortests.algorithms.basic" file="src/pymortests/algorithms/basic.py" line="21" name="test_almost_equal[compatible_vector_array_pair0-&lt;lambda&gt;13]" time="0.006470680236816406"></testcase><testcase classname="src.pymortests.algorithms.basic" file="src/pymortests/algorithms/basic.py" line="21" name="test_almost_equal[compatible_vector_array_pair0-&lt;lambda&gt;14]" time="0.030703306198120117"></testcase><testcase classname="src.pymortests.algorithms.basic" file="src/pymortests/algorithms/basic.py" line="21" name="test_almost_equal[compatible_vector_array_pair0-&lt;lambda&gt;15]" time="0.049603939056396484"></testcase><testcase classname="src.pymortests.algorithms.basic" file="src/pymortests/algorithms/basic.py" line="21" name="test_almost_equal[compatible_vector_array_pair0-&lt;lambda&gt;16]" time="0.05484509468078613"></testcase><testcase classname="src.pymortests.algorithms.basic" file="src/pymortests/algorithms/basic.py" line="21" name="test_almost_equal[compatible_vector_array_pair0-&lt;lambda&gt;17]" time="0.07713031768798828"></testcase><testcase classname="src.pymortests.algorithms.basic" file="src/pymortests/algorithms/basic.py" line="21" name="test_almost_equal[compatible_vector_array_pair0-&lt;lambda&gt;18]" time="0.030391693115234375"></testcase><testcase classname="src.pymortests.algorithms.basic" file="src/pymortests/algorithms/basic.py" line="21" name="test_almost_equal[compatible_vector_array_pair0-&lt;lambda&gt;19]" time="0.0062558650970458984"></testcase><testcase classname="src.pymortests.algorithms.basic" file="src/pymortests/algorithms/basic.py" line="21" name="test_almost_equal[compatible_vector_array_pair0-&lt;lambda&gt;20]" time="0.1646559238433838"></testcase><testcase classname="src.pymortests.algorithms.basic" file="src/pymortests/algorithms/basic.py" line="21" name="test_almost_equal[compatible_vector_array_pair0-&lt;lambda&gt;21]" time="0.09665298461914062"></testcase><testcase classname="src.pymortests.algorithms.basic" file="src/pymortests/algorithms/basic.py" line="21" name="test_almost_equal[compatible_vector_array_pair0-&lt;lambda&gt;22]" time="0.2996494770050049"></testcase><testcase classname="src.pymortests.algorithms.basic" file="src/pymortests/algorithms/basic.py" line="21" name="test_almost_equal[compatible_vector_array_pair0-&lt;lambda&gt;23]" time="0.08472013473510742"></testcase><testcase classname="src.pymortests.algorithms.basic" file="src/pymortests/algorithms/basic.py" line="21" name="test_almost_equal[compatible_vector_array_pair0-&lt;lambda&gt;24]" time="0.009153604507446289"></testcase><testcase classname="src.pymortests.algorithms.basic" file="src/pymortests/algorithms/basic.py" line="21" name="test_almost_equal[compatible_vector_array_pair0-&lt;lambda&gt;25]" time="0.0050411224365234375"></testcase><testcase classname="src.pymortests.algorithms.basic" file="src/pymortests/algorithms/basic.py" line="21" name="test_almost_equal[compatible_vector_array_pair0-&lt;lambda&gt;26]" time="0.3361785411834717"></testcase><testcase classname="src.pymortests.algorithms.basic" file="src/pymortests/algorithms/basic.py" line="21" name="test_almost_equal[compatible_vector_array_pair0-&lt;lambda&gt;27]" time="0.5542783737182617"></testcase><testcase classname="src.pymortests.algorithms.basic" file="src/pymortests/algorithms/basic.py" line="21" name="test_almost_equal[compatible_vector_array_pair0-&lt;lambda&gt;28]" time="2.924293279647827"></testcase><testcase classname="src.pymortests.algorithms.basic" file="src/pymortests/algorithms/basic.py" line="21" name="test_almost_equal[compatible_vector_array_pair0-&lt;lambda&gt;29]" time="0.18662500381469727"></testcase><testcase classname="src.pymortests.algorithms.basic" file="src/pymortests/algorithms/basic.py" line="21" name="test_almost_equal[compatible_vector_array_pair1-&lt;lambda&gt;0]" time="0.009420633316040039"></testcase><testcase classname="src.pymortests.algorithms.basic" file="src/pymortests/algorithms/basic.py" line="21" name="test_almost_equal[compatible_vector_array_pair1-&lt;lambda&gt;1]" time="0.004309654235839844"></testcase><testcase classname="src.pymortests.algorithms.basic" file="src/pymortests/algorithms/basic.py" line="21" name="test_almost_equal[compatible_vector_array_pair1-&lt;lambda&gt;2]" time="0.021970510482788086"></testcase><testcase classname="src.pymortests.algorithms.basic" file="src/pymortests/algorithms/basic.py" line="21" name="test_almost_equal[compatible_vector_array_pair1-&lt;lambda&gt;3]" time="0.024511098861694336"></testcase><testcase classname="src.pymortests.algorithms.basic" file="src/pymortests/algorithms/basic.py" line="21" name="test_almost_equal[compatible_vector_array_pair1-&lt;lambda&gt;4]" time="0.03303694725036621"></testcase><testcase classname="src.pymortests.algorithms.basic" file="src/pymortests/algorithms/basic.py" line="21" name="test_almost_equal[compatible_vector_array_pair1-&lt;lambda&gt;5]" time="0.03205990791320801"></testcase><testcase classname="src.pymortests.algorithms.basic" file="src/pymortests/algorithms/basic.py" line="21" name="test_almost_equal[compatible_vector_array_pair1-&lt;lambda&gt;6]" time="0.00841069221496582"></testcase><testcase classname="src.pymortests.algorithms.basic" file="src/pymortests/algorithms/basic.py" line="21" name="test_almost_equal[compatible_vector_array_pair1-&lt;lambda&gt;7]" time="0.0027816295623779297"></testcase><testcase classname="src.pymortests.algorithms.basic" file="src/pymortests/algorithms/basic.py" line="21" name="test_almost_equal[compatible_vector_array_pair1-&lt;lambda&gt;8]" time="0.03147745132446289"></testcase><testcase classname="src.pymortests.algorithms.basic" file="src/pymortests/algorithms/basic.py" line="21" name="test_almost_equal[compatible_vector_array_pair1-&lt;lambda&gt;9]" time="0.04240012168884277"></testcase><testcase classname="src.pymortests.algorithms.basic" file="src/pymortests/algorithms/basic.py" line="21" name="test_almost_equal[compatible_vector_array_pair1-&lt;lambda&gt;10]" time="0.13396811485290527"></testcase><testcase classname="src.pymortests.algorithms.basic" file="src/pymortests/algorithms/basic.py" line="21" name="test_almost_equal[compatible_vector_array_pair1-&lt;lambda&gt;11]" time="0.03612017631530762"></testcase><testcase classname="src.pymortests.algorithms.basic" file="src/pymortests/algorithms/basic.py" line="21" name="test_almost_equal[compatible_vector_array_pair1-&lt;lambda&gt;12]" time="0.022047042846679688"></testcase><testcase classname="src.pymortests.algorithms.basic" file="src/pymortests/algorithms/basic.py" line="21" name="test_almost_equal[compatible_vector_array_pair1-&lt;lambda&gt;13]" time="0.006319284439086914"></testcase><testcase classname="src.pymortests.algorithms.basic" file="src/pymortests/algorithms/basic.py" line="21" name="test_almost_equal[compatible_vector_array_pair1-&lt;lambda&gt;14]" time="0.030349254608154297"></testcase><testcase classname="src.pymortests.algorithms.basic" file="src/pymortests/algorithms/basic.py" line="21" name="test_almost_equal[compatible_vector_array_pair1-&lt;lambda&gt;15]" time="0.04910087585449219"></testcase><testcase classname="src.pymortests.algorithms.basic" file="src/pymortests/algorithms/basic.py" line="21" name="test_almost_equal[compatible_vector_array_pair1-&lt;lambda&gt;16]" time="0.05430316925048828"></testcase><testcase classname="src.pymortests.algorithms.basic" file="src/pymortests/algorithms/basic.py" line="21" name="test_almost_equal[compatible_vector_array_pair1-&lt;lambda&gt;17]" time="0.07678627967834473"></testcase><testcase classname="src.pymortests.algorithms.basic" file="src/pymortests/algorithms/basic.py" line="21" name="test_almost_equal[compatible_vector_array_pair1-&lt;lambda&gt;18]" time="0.03047490119934082"></testcase><testcase classname="src.pymortests.algorithms.basic" file="src/pymortests/algorithms/basic.py" line="21" name="test_almost_equal[compatible_vector_array_pair1-&lt;lambda&gt;19]" time="0.006403446197509766"></testcase><testcase classname="src.pymortests.algorithms.basic" file="src/pymortests/algorithms/basic.py" line="21" name="test_almost_equal[compatible_vector_array_pair1-&lt;lambda&gt;20]" time="0.1633150577545166"></testcase><testcase classname="src.pymortests.algorithms.basic" file="src/pymortests/algorithms/basic.py" line="21" name="test_almost_equal[compatible_vector_array_pair1-&lt;lambda&gt;21]" time="0.09590744972229004"></testcase><testcase classname="src.pymortests.algorithms.basic" file="src/pymortests/algorithms/basic.py" line="21" name="test_almost_equal[compatible_vector_array_pair1-&lt;lambda&gt;22]" time="0.2926321029663086"></testcase><testcase classname="src.pymortests.algorithms.basic" file="src/pymortests/algorithms/basic.py" line="21" name="test_almost_equal[compatible_vector_array_pair1-&lt;lambda&gt;23]" time="0.08522534370422363"></testcase><testcase classname="src.pymortests.algorithms.basic" file="src/pymortests/algorithms/basic.py" line="21" name="test_almost_equal[compatible_vector_array_pair1-&lt;lambda&gt;24]" time="0.009076595306396484"></testcase><testcase classname="src.pymortests.algorithms.basic" file="src/pymortests/algorithms/basic.py" line="21" name="test_almost_equal[compatible_vector_array_pair1-&lt;lambda&gt;25]" time="0.0056438446044921875"></testcase><testcase classname="src.pymortests.algorithms.basic" file="src/pymortests/algorithms/basic.py" line="21" name="test_almost_equal[compatible_vector_array_pair1-&lt;lambda&gt;26]" time="0.35587525367736816"></testcase><testcase classname="src.pymortests.algorithms.basic" file="src/pymortests/algorithms/basic.py" line="21" name="test_almost_equal[compatible_vector_array_pair1-&lt;lambda&gt;27]" time="0.562086820602417"></testcase><testcase classname="src.pymortests.algorithms.basic" file="src/pymortests/algorithms/basic.py" line="21" name="test_almost_equal[compatible_vector_array_pair1-&lt;lambda&gt;28]" time="2.986219644546509"></testcase><testcase classname="src.pymortests.algorithms.basic" file="src/pymortests/algorithms/basic.py" line="21" name="test_almost_equal[compatible_vector_array_pair1-&lt;lambda&gt;29]" time="0.1842045783996582"></testcase><testcase classname="src.pymortests.algorithms.basic" file="src/pymortests/algorithms/basic.py" line="21" name="test_almost_equal[compatible_vector_array_pair2-&lt;lambda&gt;0]" time="0.009310245513916016"></testcase><testcase classname="src.pymortests.algorithms.basic" file="src/pymortests/algorithms/basic.py" line="21" name="test_almost_equal[compatible_vector_array_pair2-&lt;lambda&gt;1]" time="0.00437164306640625"></testcase><testcase classname="src.pymortests.algorithms.basic" file="src/pymortests/algorithms/basic.py" line="21" name="test_almost_equal[compatible_vector_array_pair2-&lt;lambda&gt;2]" time="0.021721363067626953"></testcase><testcase classname="src.pymortests.algorithms.basic" file="src/pymortests/algorithms/basic.py" line="21" name="test_almost_equal[compatible_vector_array_pair2-&lt;lambda&gt;3]" time="0.024464845657348633"></testcase><testcase classname="src.pymortests.algorithms.basic" file="src/pymortests/algorithms/basic.py" line="21" name="test_almost_equal[compatible_vector_array_pair2-&lt;lambda&gt;4]" time="0.03290748596191406"></testcase><testcase classname="src.pymortests.algorithms.basic" file="src/pymortests/algorithms/basic.py" line="21" name="test_almost_equal[compatible_vector_array_pair2-&lt;lambda&gt;5]" time="0.032137393951416016"></testcase><testcase classname="src.pymortests.algorithms.basic" file="src/pymortests/algorithms/basic.py" line="21" name="test_almost_equal[compatible_vector_array_pair2-&lt;lambda&gt;6]" time="0.008304834365844727"></testcase><testcase classname="src.pymortests.algorithms.basic" file="src/pymortests/algorithms/basic.py" line="21" name="test_almost_equal[compatible_vector_array_pair2-&lt;lambda&gt;7]" time="0.0028235912322998047"></testcase><testcase classname="src.pymortests.algorithms.basic" file="src/pymortests/algorithms/basic.py" line="21" name="test_almost_equal[compatible_vector_array_pair2-&lt;lambda&gt;8]" time="0.03152346611022949"></testcase><testcase classname="src.pymortests.algorithms.basic" file="src/pymortests/algorithms/basic.py" line="21" name="test_almost_equal[compatible_vector_array_pair2-&lt;lambda&gt;9]" time="0.04258298873901367"></testcase><testcase classname="src.pymortests.algorithms.basic" file="src/pymortests/algorithms/basic.py" line="21" name="test_almost_equal[compatible_vector_array_pair2-&lt;lambda&gt;10]" time="0.13416337966918945"></testcase><testcase classname="src.pymortests.algorithms.basic" file="src/pymortests/algorithms/basic.py" line="21" name="test_almost_equal[compatible_vector_array_pair2-&lt;lambda&gt;11]" time="0.03845047950744629"></testcase><testcase classname="src.pymortests.algorithms.basic" file="src/pymortests/algorithms/basic.py" line="21" name="test_almost_equal[compatible_vector_array_pair2-&lt;lambda&gt;12]" time="0.022423744201660156"></testcase><testcase classname="src.pymortests.algorithms.basic" file="src/pymortests/algorithms/basic.py" line="21" name="test_almost_equal[compatible_vector_array_pair2-&lt;lambda&gt;13]" time="0.006343364715576172"></testcase><testcase classname="src.pymortests.algorithms.basic" file="src/pymortests/algorithms/basic.py" line="21" name="test_almost_equal[compatible_vector_array_pair2-&lt;lambda&gt;14]" time="0.030301332473754883"></testcase><testcase classname="src.pymortests.algorithms.basic" file="src/pymortests/algorithms/basic.py" line="21" name="test_almost_equal[compatible_vector_array_pair2-&lt;lambda&gt;15]" time="0.04970216751098633"></testcase><testcase classname="src.pymortests.algorithms.basic" file="src/pymortests/algorithms/basic.py" line="21" name="test_almost_equal[compatible_vector_array_pair2-&lt;lambda&gt;16]" time="0.05448198318481445"></testcase><testcase classname="src.pymortests.algorithms.basic" file="src/pymortests/algorithms/basic.py" line="21" name="test_almost_equal[compatible_vector_array_pair2-&lt;lambda&gt;17]" time="0.07799100875854492"></testcase><testcase classname="src.pymortests.algorithms.basic" file="src/pymortests/algorithms/basic.py" line="21" name="test_almost_equal[compatible_vector_array_pair2-&lt;lambda&gt;18]" time="0.03030228614807129"></testcase><testcase classname="src.pymortests.algorithms.basic" file="src/pymortests/algorithms/basic.py" line="21" name="test_almost_equal[compatible_vector_array_pair2-&lt;lambda&gt;19]" time="0.006406068801879883"></testcase><testcase classname="src.pymortests.algorithms.basic" file="src/pymortests/algorithms/basic.py" line="21" name="test_almost_equal[compatible_vector_array_pair2-&lt;lambda&gt;20]" time="0.16175341606140137"></testcase><testcase classname="src.pymortests.algorithms.basic" file="src/pymortests/algorithms/basic.py" line="21" name="test_almost_equal[compatible_vector_array_pair2-&lt;lambda&gt;21]" time="0.09575963020324707"></testcase><testcase classname="src.pymortests.algorithms.basic" file="src/pymortests/algorithms/basic.py" line="21" name="test_almost_equal[compatible_vector_array_pair2-&lt;lambda&gt;22]" time="0.2939417362213135"></testcase><testcase classname="src.pymortests.algorithms.basic" file="src/pymortests/algorithms/basic.py" line="21" name="test_almost_equal[compatible_vector_array_pair2-&lt;lambda&gt;23]" time="0.0856325626373291"></testcase><testcase classname="src.pymortests.algorithms.basic" file="src/pymortests/algorithms/basic.py" line="21" name="test_almost_equal[compatible_vector_array_pair2-&lt;lambda&gt;24]" time="0.009347200393676758"></testcase><testcase classname="src.pymortests.algorithms.basic" file="src/pymortests/algorithms/basic.py" line="21" name="test_almost_equal[compatible_vector_array_pair2-&lt;lambda&gt;25]" time="0.005803823471069336"></testcase><testcase classname="src.pymortests.algorithms.basic" file="src/pymortests/algorithms/basic.py" line="21" name="test_almost_equal[compatible_vector_array_pair2-&lt;lambda&gt;26]" time="0.3550679683685303"></testcase><testcase classname="src.pymortests.algorithms.basic" file="src/pymortests/algorithms/basic.py" line="21" name="test_almost_equal[compatible_vector_array_pair2-&lt;lambda&gt;27]" time="0.5575006008148193"></testcase><testcase classname="src.pymortests.algorithms.basic" file="src/pymortests/algorithms/basic.py" line="21" name="test_almost_equal[compatible_vector_array_pair2-&lt;lambda&gt;28]" time="2.992145538330078"></testcase><testcase classname="src.pymortests.algorithms.basic" file="src/pymortests/algorithms/basic.py" line="21" name="test_almost_equal[compatible_vector_array_pair2-&lt;lambda&gt;29]" time="0.18434667587280273"></testcase><testcase classname="src.pymortests.algorithms.basic" file="src/pymortests/algorithms/basic.py" line="21" name="test_almost_equal[compatible_vector_array_pair3-&lt;lambda&gt;0]" time="0.009121894836425781"></testcase><testcase classname="src.pymortests.algorithms.basic" file="src/pymortests/algorithms/basic.py" line="21" name="test_almost_equal[compatible_vector_array_pair3-&lt;lambda&gt;1]" time="0.004339456558227539"></testcase><testcase classname="src.pymortests.algorithms.basic" file="src/pymortests/algorithms/basic.py" line="21" name="test_almost_equal[compatible_vector_array_pair3-&lt;lambda&gt;2]" time="0.021645069122314453"></testcase><testcase classname="src.pymortests.algorithms.basic" file="src/pymortests/algorithms/basic.py" line="21" name="test_almost_equal[compatible_vector_array_pair3-&lt;lambda&gt;3]" time="0.024527788162231445"></testcase><testcase classname="src.pymortests.algorithms.basic" file="src/pymortests/algorithms/basic.py" line="21" name="test_almost_equal[compatible_vector_array_pair3-&lt;lambda&gt;4]" time="0.03255748748779297"></testcase><testcase classname="src.pymortests.algorithms.basic" file="src/pymortests/algorithms/basic.py" line="21" name="test_almost_equal[compatible_vector_array_pair3-&lt;lambda&gt;5]" time="0.03219342231750488"></testcase><testcase classname="src.pymortests.algorithms.basic" file="src/pymortests/algorithms/basic.py" line="21" name="test_almost_equal[compatible_vector_array_pair3-&lt;lambda&gt;6]" time="0.008568286895751953"></testcase><testcase classname="src.pymortests.algorithms.basic" file="src/pymortests/algorithms/basic.py" line="21" name="test_almost_equal[compatible_vector_array_pair3-&lt;lambda&gt;7]" time="0.003970623016357422"></testcase><testcase classname="src.pymortests.algorithms.basic" file="src/pymortests/algorithms/basic.py" line="21" name="test_almost_equal[compatible_vector_array_pair3-&lt;lambda&gt;8]" time="0.0317690372467041"></testcase><testcase classname="src.pymortests.algorithms.basic" file="src/pymortests/algorithms/basic.py" line="21" name="test_almost_equal[compatible_vector_array_pair3-&lt;lambda&gt;9]" time="0.04256010055541992"></testcase><testcase classname="src.pymortests.algorithms.basic" file="src/pymortests/algorithms/basic.py" line="21" name="test_almost_equal[compatible_vector_array_pair3-&lt;lambda&gt;10]" time="0.13382482528686523"></testcase><testcase classname="src.pymortests.algorithms.basic" file="src/pymortests/algorithms/basic.py" line="21" name="test_almost_equal[compatible_vector_array_pair3-&lt;lambda&gt;11]" time="0.03626227378845215"></testcase><testcase classname="src.pymortests.algorithms.basic" file="src/pymortests/algorithms/basic.py" line="21" name="test_almost_equal[compatible_vector_array_pair3-&lt;lambda&gt;12]" time="0.022330284118652344"></testcase><testcase classname="src.pymortests.algorithms.basic" file="src/pymortests/algorithms/basic.py" line="21" name="test_almost_equal[compatible_vector_array_pair3-&lt;lambda&gt;13]" time="0.006422281265258789"></testcase><testcase classname="src.pymortests.algorithms.basic" file="src/pymortests/algorithms/basic.py" line="21" name="test_almost_equal[compatible_vector_array_pair3-&lt;lambda&gt;14]" time="0.03021550178527832"></testcase><testcase classname="src.pymortests.algorithms.basic" file="src/pymortests/algorithms/basic.py" line="21" name="test_almost_equal[compatible_vector_array_pair3-&lt;lambda&gt;15]" time="0.04945874214172363"></testcase><testcase classname="src.pymortests.algorithms.basic" file="src/pymortests/algorithms/basic.py" line="21" name="test_almost_equal[compatible_vector_array_pair3-&lt;lambda&gt;16]" time="0.053914546966552734"></testcase><testcase classname="src.pymortests.algorithms.basic" file="src/pymortests/algorithms/basic.py" line="21" name="test_almost_equal[compatible_vector_array_pair3-&lt;lambda&gt;17]" time="0.07728767395019531"></testcase><testcase classname="src.pymortests.algorithms.basic" file="src/pymortests/algorithms/basic.py" line="21" name="test_almost_equal[compatible_vector_array_pair3-&lt;lambda&gt;18]" time="0.03066277503967285"></testcase><testcase classname="src.pymortests.algorithms.basic" file="src/pymortests/algorithms/basic.py" line="21" name="test_almost_equal[compatible_vector_array_pair3-&lt;lambda&gt;19]" time="0.006331443786621094"></testcase><testcase classname="src.pymortests.algorithms.basic" file="src/pymortests/algorithms/basic.py" line="21" name="test_almost_equal[compatible_vector_array_pair3-&lt;lambda&gt;20]" time="0.16237974166870117"></testcase><testcase classname="src.pymortests.algorithms.basic" file="src/pymortests/algorithms/basic.py" line="21" name="test_almost_equal[compatible_vector_array_pair3-&lt;lambda&gt;21]" time="0.09889578819274902"></testcase><testcase classname="src.pymortests.algorithms.basic" file="src/pymortests/algorithms/basic.py" line="21" name="test_almost_equal[compatible_vector_array_pair3-&lt;lambda&gt;22]" time="0.29354429244995117"></testcase><testcase classname="src.pymortests.algorithms.basic" file="src/pymortests/algorithms/basic.py" line="21" name="test_almost_equal[compatible_vector_array_pair3-&lt;lambda&gt;23]" time="0.08471798896789551"></testcase><testcase classname="src.pymortests.algorithms.basic" file="src/pymortests/algorithms/basic.py" line="21" name="test_almost_equal[compatible_vector_array_pair3-&lt;lambda&gt;24]" time="0.00945734977722168"></testcase><testcase classname="src.pymortests.algorithms.basic" file="src/pymortests/algorithms/basic.py" line="21" name="test_almost_equal[compatible_vector_array_pair3-&lt;lambda&gt;25]" time="0.005042314529418945"></testcase><testcase classname="src.pymortests.algorithms.basic" file="src/pymortests/algorithms/basic.py" line="21" name="test_almost_equal[compatible_vector_array_pair3-&lt;lambda&gt;26]" time="0.33762264251708984"></testcase><testcase classname="src.pymortests.algorithms.basic" file="src/pymortests/algorithms/basic.py" line="21" name="test_almost_equal[compatible_vector_array_pair3-&lt;lambda&gt;27]" time="0.5785017013549805"></testcase><testcase classname="src.pymortests.algorithms.basic" file="src/pymortests/algorithms/basic.py" line="21" name="test_almost_equal[compatible_vector_array_pair3-&lt;lambda&gt;28]" time="2.9872870445251465"></testcase><testcase classname="src.pymortests.algorithms.basic" file="src/pymortests/algorithms/basic.py" line="21" name="test_almost_equal[compatible_vector_array_pair3-&lt;lambda&gt;29]" time="0.19871282577514648"></testcase><testcase classname="src.pymortests.algorithms.basic" file="src/pymortests/algorithms/basic.py" line="21" name="test_almost_equal[compatible_vector_array_pair4-&lt;lambda&gt;0]" time="0.01100468635559082"></testcase><testcase classname="src.pymortests.algorithms.basic" file="src/pymortests/algorithms/basic.py" line="21" name="test_almost_equal[compatible_vector_array_pair4-&lt;lambda&gt;1]" time="0.004531145095825195"></testcase><testcase classname="src.pymortests.algorithms.basic" file="src/pymortests/algorithms/basic.py" line="21" name="test_almost_equal[compatible_vector_array_pair4-&lt;lambda&gt;2]" time="0.025310993194580078"></testcase><testcase classname="src.pymortests.algorithms.basic" file="src/pymortests/algorithms/basic.py" line="21" name="test_almost_equal[compatible_vector_array_pair4-&lt;lambda&gt;3]" time="0.02792072296142578"></testcase><testcase classname="src.pymortests.algorithms.basic" file="src/pymortests/algorithms/basic.py" line="21" name="test_almost_equal[compatible_vector_array_pair4-&lt;lambda&gt;4]" time="0.03664851188659668"></testcase><testcase classname="src.pymortests.algorithms.basic" file="src/pymortests/algorithms/basic.py" line="21" name="test_almost_equal[compatible_vector_array_pair4-&lt;lambda&gt;5]" time="0.03549551963806152"></testcase><testcase classname="src.pymortests.algorithms.basic" file="src/pymortests/algorithms/basic.py" line="21" name="test_almost_equal[compatible_vector_array_pair4-&lt;lambda&gt;6]" time="0.009859561920166016"></testcase><testcase classname="src.pymortests.algorithms.basic" file="src/pymortests/algorithms/basic.py" line="21" name="test_almost_equal[compatible_vector_array_pair4-&lt;lambda&gt;7]" time="0.004343986511230469"></testcase><testcase classname="src.pymortests.algorithms.basic" file="src/pymortests/algorithms/basic.py" line="21" name="test_almost_equal[compatible_vector_array_pair4-&lt;lambda&gt;8]" time="0.03644728660583496"></testcase><testcase classname="src.pymortests.algorithms.basic" file="src/pymortests/algorithms/basic.py" line="21" name="test_almost_equal[compatible_vector_array_pair4-&lt;lambda&gt;9]" time="0.04934954643249512"></testcase><testcase classname="src.pymortests.algorithms.basic" file="src/pymortests/algorithms/basic.py" line="21" name="test_almost_equal[compatible_vector_array_pair4-&lt;lambda&gt;10]" time="0.1629810333251953"></testcase><testcase classname="src.pymortests.algorithms.basic" file="src/pymortests/algorithms/basic.py" line="21" name="test_almost_equal[compatible_vector_array_pair4-&lt;lambda&gt;11]" time="0.03897809982299805"></testcase><testcase classname="src.pymortests.algorithms.basic" file="src/pymortests/algorithms/basic.py" line="21" name="test_almost_equal[compatible_vector_array_pair4-&lt;lambda&gt;12]" time="0.024741411209106445"></testcase><testcase classname="src.pymortests.algorithms.basic" file="src/pymortests/algorithms/basic.py" line="21" name="test_almost_equal[compatible_vector_array_pair4-&lt;lambda&gt;13]" time="0.007104635238647461"></testcase><testcase classname="src.pymortests.algorithms.basic" file="src/pymortests/algorithms/basic.py" line="21" name="test_almost_equal[compatible_vector_array_pair4-&lt;lambda&gt;14]" time="0.03382253646850586"></testcase><testcase classname="src.pymortests.algorithms.basic" file="src/pymortests/algorithms/basic.py" line="21" name="test_almost_equal[compatible_vector_array_pair4-&lt;lambda&gt;15]" time="0.05884599685668945"></testcase><testcase classname="src.pymortests.algorithms.basic" file="src/pymortests/algorithms/basic.py" line="21" name="test_almost_equal[compatible_vector_array_pair4-&lt;lambda&gt;16]" time="0.06143641471862793"></testcase><testcase classname="src.pymortests.algorithms.basic" file="src/pymortests/algorithms/basic.py" line="21" name="test_almost_equal[compatible_vector_array_pair4-&lt;lambda&gt;17]" time="0.08921384811401367"></testcase><testcase classname="src.pymortests.algorithms.basic" file="src/pymortests/algorithms/basic.py" line="21" name="test_almost_equal[compatible_vector_array_pair4-&lt;lambda&gt;18]" time="0.03300595283508301"></testcase><testcase classname="src.pymortests.algorithms.basic" file="src/pymortests/algorithms/basic.py" line="21" name="test_almost_equal[compatible_vector_array_pair4-&lt;lambda&gt;19]" time="0.0072863101959228516"></testcase><testcase classname="src.pymortests.algorithms.basic" file="src/pymortests/algorithms/basic.py" line="21" name="test_almost_equal[compatible_vector_array_pair4-&lt;lambda&gt;20]" time="0.18101239204406738"></testcase><testcase classname="src.pymortests.algorithms.basic" file="src/pymortests/algorithms/basic.py" line="21" name="test_almost_equal[compatible_vector_array_pair4-&lt;lambda&gt;21]" time="0.10754179954528809"></testcase><testcase classname="src.pymortests.algorithms.basic" file="src/pymortests/algorithms/basic.py" line="21" name="test_almost_equal[compatible_vector_array_pair4-&lt;lambda&gt;22]" time="0.34680676460266113"></testcase><testcase classname="src.pymortests.algorithms.basic" file="src/pymortests/algorithms/basic.py" line="21" name="test_almost_equal[compatible_vector_array_pair4-&lt;lambda&gt;23]" time="0.09528875350952148"></testcase><testcase classname="src.pymortests.algorithms.basic" file="src/pymortests/algorithms/basic.py" line="21" name="test_almost_equal[compatible_vector_array_pair4-&lt;lambda&gt;24]" time="0.009947061538696289"></testcase><testcase classname="src.pymortests.algorithms.basic" file="src/pymortests/algorithms/basic.py" line="21" name="test_almost_equal[compatible_vector_array_pair4-&lt;lambda&gt;25]" time="0.006495952606201172"></testcase><testcase classname="src.pymortests.algorithms.basic" file="src/pymortests/algorithms/basic.py" line="21" name="test_almost_equal[compatible_vector_array_pair4-&lt;lambda&gt;26]" time="0.38849854469299316"></testcase><testcase classname="src.pymortests.algorithms.basic" file="src/pymortests/algorithms/basic.py" line="21" name="test_almost_equal[compatible_vector_array_pair4-&lt;lambda&gt;27]" time="0.6362311840057373"></testcase><testcase classname="src.pymortests.algorithms.basic" file="src/pymortests/algorithms/basic.py" line="21" name="test_almost_equal[compatible_vector_array_pair4-&lt;lambda&gt;28]" time="3.2736880779266357"></testcase><testcase classname="src.pymortests.algorithms.basic" file="src/pymortests/algorithms/basic.py" line="21" name="test_almost_equal[compatible_vector_array_pair4-&lt;lambda&gt;29]" time="0.18492960929870605"></testcase><testcase classname="src.pymortests.algorithms.basic" file="src/pymortests/algorithms/basic.py" line="21" name="test_almost_equal[compatible_vector_array_pair5-&lt;lambda&gt;0]" time="0.009223222732543945"></testcase><testcase classname="src.pymortests.algorithms.basic" file="src/pymortests/algorithms/basic.py" line="21" name="test_almost_equal[compatible_vector_array_pair5-&lt;lambda&gt;1]" time="0.004357337951660156"></testcase><testcase classname="src.pymortests.algorithms.basic" file="src/pymortests/algorithms/basic.py" line="21" name="test_almost_equal[compatible_vector_array_pair5-&lt;lambda&gt;2]" time="0.021697521209716797"></testcase><testcase classname="src.pymortests.algorithms.basic" file="src/pymortests/algorithms/basic.py" line="21" name="test_almost_equal[compatible_vector_array_pair5-&lt;lambda&gt;3]" time="0.02481865882873535"></testcase><testcase classname="src.pymortests.algorithms.basic" file="src/pymortests/algorithms/basic.py" line="21" name="test_almost_equal[compatible_vector_array_pair5-&lt;lambda&gt;4]" time="0.03239035606384277"></testcase><testcase classname="src.pymortests.algorithms.basic" file="src/pymortests/algorithms/basic.py" line="21" name="test_almost_equal[compatible_vector_array_pair5-&lt;lambda&gt;5]" time="0.03224611282348633"></testcase><testcase classname="src.pymortests.algorithms.basic" file="src/pymortests/algorithms/basic.py" line="21" name="test_almost_equal[compatible_vector_array_pair5-&lt;lambda&gt;6]" time="0.008414030075073242"></testcase><testcase classname="src.pymortests.algorithms.basic" file="src/pymortests/algorithms/basic.py" line="21" name="test_almost_equal[compatible_vector_array_pair5-&lt;lambda&gt;7]" time="0.002851247787475586"></testcase><testcase classname="src.pymortests.algorithms.basic" file="src/pymortests/algorithms/basic.py" line="21" name="test_almost_equal[compatible_vector_array_pair5-&lt;lambda&gt;8]" time="0.03158092498779297"></testcase><testcase classname="src.pymortests.algorithms.basic" file="src/pymortests/algorithms/basic.py" line="21" name="test_almost_equal[compatible_vector_array_pair5-&lt;lambda&gt;9]" time="0.042585134506225586"></testcase><testcase classname="src.pymortests.algorithms.basic" file="src/pymortests/algorithms/basic.py" line="21" name="test_almost_equal[compatible_vector_array_pair5-&lt;lambda&gt;10]" time="0.13561153411865234"></testcase><testcase classname="src.pymortests.algorithms.basic" file="src/pymortests/algorithms/basic.py" line="21" name="test_almost_equal[compatible_vector_array_pair5-&lt;lambda&gt;11]" time="0.03568387031555176"></testcase><testcase classname="src.pymortests.algorithms.basic" file="src/pymortests/algorithms/basic.py" line="21" name="test_almost_equal[compatible_vector_array_pair5-&lt;lambda&gt;12]" time="0.02242136001586914"></testcase><testcase classname="src.pymortests.algorithms.basic" file="src/pymortests/algorithms/basic.py" line="21" name="test_almost_equal[compatible_vector_array_pair5-&lt;lambda&gt;13]" time="0.0066165924072265625"></testcase><testcase classname="src.pymortests.algorithms.basic" file="src/pymortests/algorithms/basic.py" line="21" name="test_almost_equal[compatible_vector_array_pair5-&lt;lambda&gt;14]" time="0.03050827980041504"></testcase><testcase classname="src.pymortests.algorithms.basic" file="src/pymortests/algorithms/basic.py" line="21" name="test_almost_equal[compatible_vector_array_pair5-&lt;lambda&gt;15]" time="0.04965782165527344"></testcase><testcase classname="src.pymortests.algorithms.basic" file="src/pymortests/algorithms/basic.py" line="21" name="test_almost_equal[compatible_vector_array_pair5-&lt;lambda&gt;16]" time="0.05424141883850098"></testcase><testcase classname="src.pymortests.algorithms.basic" file="src/pymortests/algorithms/basic.py" line="21" name="test_almost_equal[compatible_vector_array_pair5-&lt;lambda&gt;17]" time="0.07738232612609863"></testcase><testcase classname="src.pymortests.algorithms.basic" file="src/pymortests/algorithms/basic.py" line="21" name="test_almost_equal[compatible_vector_array_pair5-&lt;lambda&gt;18]" time="0.030725955963134766"></testcase><testcase classname="src.pymortests.algorithms.basic" file="src/pymortests/algorithms/basic.py" line="21" name="test_almost_equal[compatible_vector_array_pair5-&lt;lambda&gt;19]" time="0.0063703060150146484"></testcase><testcase classname="src.pymortests.algorithms.basic" file="src/pymortests/algorithms/basic.py" line="21" name="test_almost_equal[compatible_vector_array_pair5-&lt;lambda&gt;20]" time="0.16138029098510742"></testcase><testcase classname="src.pymortests.algorithms.basic" file="src/pymortests/algorithms/basic.py" line="21" name="test_almost_equal[compatible_vector_array_pair5-&lt;lambda&gt;21]" time="0.09628844261169434"></testcase><testcase classname="src.pymortests.algorithms.basic" file="src/pymortests/algorithms/basic.py" line="21" name="test_almost_equal[compatible_vector_array_pair5-&lt;lambda&gt;22]" time="0.29781651496887207"></testcase><testcase classname="src.pymortests.algorithms.basic" file="src/pymortests/algorithms/basic.py" line="21" name="test_almost_equal[compatible_vector_array_pair5-&lt;lambda&gt;23]" time="0.08522272109985352"></testcase><testcase classname="src.pymortests.algorithms.basic" file="src/pymortests/algorithms/basic.py" line="21" name="test_almost_equal[compatible_vector_array_pair5-&lt;lambda&gt;24]" time="0.009207963943481445"></testcase><testcase classname="src.pymortests.algorithms.basic" file="src/pymortests/algorithms/basic.py" line="21" name="test_almost_equal[compatible_vector_array_pair5-&lt;lambda&gt;25]" time="0.005876064300537109"></testcase><testcase classname="src.pymortests.algorithms.basic" file="src/pymortests/algorithms/basic.py" line="21" name="test_almost_equal[compatible_vector_array_pair5-&lt;lambda&gt;26]" time="0.35918354988098145"></testcase><testcase classname="src.pymortests.algorithms.basic" file="src/pymortests/algorithms/basic.py" line="21" name="test_almost_equal[compatible_vector_array_pair5-&lt;lambda&gt;27]" time="0.5818231105804443"></testcase><testcase classname="src.pymortests.algorithms.basic" file="src/pymortests/algorithms/basic.py" line="21" name="test_almost_equal[compatible_vector_array_pair5-&lt;lambda&gt;28]" time="3.0415170192718506"></testcase><testcase classname="src.pymortests.algorithms.basic" file="src/pymortests/algorithms/basic.py" line="21" name="test_almost_equal[compatible_vector_array_pair5-&lt;lambda&gt;29]" time="0.18814945220947266"></testcase><testcase classname="src.pymortests.algorithms.basic" file="src/pymortests/algorithms/basic.py" line="21" name="test_almost_equal[compatible_vector_array_pair6-&lt;lambda&gt;0]" time="0.00917959213256836"></testcase><testcase classname="src.pymortests.algorithms.basic" file="src/pymortests/algorithms/basic.py" line="21" name="test_almost_equal[compatible_vector_array_pair6-&lt;lambda&gt;1]" time="0.0044002532958984375"></testcase><testcase classname="src.pymortests.algorithms.basic" file="src/pymortests/algorithms/basic.py" line="21" name="test_almost_equal[compatible_vector_array_pair6-&lt;lambda&gt;2]" time="0.021561861038208008"></testcase><testcase classname="src.pymortests.algorithms.basic" file="src/pymortests/algorithms/basic.py" line="21" name="test_almost_equal[compatible_vector_array_pair6-&lt;lambda&gt;3]" time="0.024249792098999023"></testcase><testcase classname="src.pymortests.algorithms.basic" file="src/pymortests/algorithms/basic.py" line="21" name="test_almost_equal[compatible_vector_array_pair6-&lt;lambda&gt;4]" time="0.03282737731933594"></testcase><testcase classname="src.pymortests.algorithms.basic" file="src/pymortests/algorithms/basic.py" line="21" name="test_almost_equal[compatible_vector_array_pair6-&lt;lambda&gt;5]" time="0.032105445861816406"></testcase><testcase classname="src.pymortests.algorithms.basic" file="src/pymortests/algorithms/basic.py" line="21" name="test_almost_equal[compatible_vector_array_pair6-&lt;lambda&gt;6]" time="0.008240222930908203"></testcase><testcase classname="src.pymortests.algorithms.basic" file="src/pymortests/algorithms/basic.py" line="21" name="test_almost_equal[compatible_vector_array_pair6-&lt;lambda&gt;7]" time="0.0027701854705810547"></testcase><testcase classname="src.pymortests.algorithms.basic" file="src/pymortests/algorithms/basic.py" line="21" name="test_almost_equal[compatible_vector_array_pair6-&lt;lambda&gt;8]" time="0.031083106994628906"></testcase><testcase classname="src.pymortests.algorithms.basic" file="src/pymortests/algorithms/basic.py" line="21" name="test_almost_equal[compatible_vector_array_pair6-&lt;lambda&gt;9]" time="0.04287981986999512"></testcase><testcase classname="src.pymortests.algorithms.basic" file="src/pymortests/algorithms/basic.py" line="21" name="test_almost_equal[compatible_vector_array_pair6-&lt;lambda&gt;10]" time="0.13350439071655273"></testcase><testcase classname="src.pymortests.algorithms.basic" file="src/pymortests/algorithms/basic.py" line="21" name="test_almost_equal[compatible_vector_array_pair6-&lt;lambda&gt;11]" time="0.03621530532836914"></testcase><testcase classname="src.pymortests.algorithms.basic" file="src/pymortests/algorithms/basic.py" line="21" name="test_almost_equal[compatible_vector_array_pair6-&lt;lambda&gt;12]" time="0.02266716957092285"></testcase><testcase classname="src.pymortests.algorithms.basic" file="src/pymortests/algorithms/basic.py" line="21" name="test_almost_equal[compatible_vector_array_pair6-&lt;lambda&gt;13]" time="0.006432056427001953"></testcase><testcase classname="src.pymortests.algorithms.basic" file="src/pymortests/algorithms/basic.py" line="21" name="test_almost_equal[compatible_vector_array_pair6-&lt;lambda&gt;14]" time="0.030586957931518555"></testcase><testcase classname="src.pymortests.algorithms.basic" file="src/pymortests/algorithms/basic.py" line="21" name="test_almost_equal[compatible_vector_array_pair6-&lt;lambda&gt;15]" time="0.04913330078125"></testcase><testcase classname="src.pymortests.algorithms.basic" file="src/pymortests/algorithms/basic.py" line="21" name="test_almost_equal[compatible_vector_array_pair6-&lt;lambda&gt;16]" time="0.0539398193359375"></testcase><testcase classname="src.pymortests.algorithms.basic" file="src/pymortests/algorithms/basic.py" line="21" name="test_almost_equal[compatible_vector_array_pair6-&lt;lambda&gt;17]" time="0.07687854766845703"></testcase><testcase classname="src.pymortests.algorithms.basic" file="src/pymortests/algorithms/basic.py" line="21" name="test_almost_equal[compatible_vector_array_pair6-&lt;lambda&gt;18]" time="0.0309751033782959"></testcase><testcase classname="src.pymortests.algorithms.basic" file="src/pymortests/algorithms/basic.py" line="21" name="test_almost_equal[compatible_vector_array_pair6-&lt;lambda&gt;19]" time="0.006428718566894531"></testcase><testcase classname="src.pymortests.algorithms.basic" file="src/pymortests/algorithms/basic.py" line="21" name="test_almost_equal[compatible_vector_array_pair6-&lt;lambda&gt;20]" time="0.16459989547729492"></testcase><testcase classname="src.pymortests.algorithms.basic" file="src/pymortests/algorithms/basic.py" line="21" name="test_almost_equal[compatible_vector_array_pair6-&lt;lambda&gt;21]" time="0.09669780731201172"></testcase><testcase classname="src.pymortests.algorithms.basic" file="src/pymortests/algorithms/basic.py" line="21" name="test_almost_equal[compatible_vector_array_pair6-&lt;lambda&gt;22]" time="0.29023122787475586"></testcase><testcase classname="src.pymortests.algorithms.basic" file="src/pymortests/algorithms/basic.py" line="21" name="test_almost_equal[compatible_vector_array_pair6-&lt;lambda&gt;23]" time="0.08478283882141113"></testcase><testcase classname="src.pymortests.algorithms.basic" file="src/pymortests/algorithms/basic.py" line="21" name="test_almost_equal[compatible_vector_array_pair6-&lt;lambda&gt;24]" time="0.009340047836303711"></testcase><testcase classname="src.pymortests.algorithms.basic" file="src/pymortests/algorithms/basic.py" line="21" name="test_almost_equal[compatible_vector_array_pair6-&lt;lambda&gt;25]" time="0.005182504653930664"></testcase><testcase classname="src.pymortests.algorithms.basic" file="src/pymortests/algorithms/basic.py" line="21" name="test_almost_equal[compatible_vector_array_pair6-&lt;lambda&gt;26]" time="0.3377692699432373"></testcase><testcase classname="src.pymortests.algorithms.basic" file="src/pymortests/algorithms/basic.py" line="21" name="test_almost_equal[compatible_vector_array_pair6-&lt;lambda&gt;27]" time="0.5762391090393066"></testcase><testcase classname="src.pymortests.algorithms.basic" file="src/pymortests/algorithms/basic.py" line="21" name="test_almost_equal[compatible_vector_array_pair6-&lt;lambda&gt;28]" time="2.9887166023254395"></testcase><testcase classname="src.pymortests.algorithms.basic" file="src/pymortests/algorithms/basic.py" line="21" name="test_almost_equal[compatible_vector_array_pair6-&lt;lambda&gt;29]" time="0.18869900703430176"></testcase><testcase classname="src.pymortests.algorithms.basic" file="src/pymortests/algorithms/basic.py" line="21" name="test_almost_equal[compatible_vector_array_pair7-&lt;lambda&gt;0]" time="0.008989334106445312"></testcase><testcase classname="src.pymortests.algorithms.basic" file="src/pymortests/algorithms/basic.py" line="21" name="test_almost_equal[compatible_vector_array_pair7-&lt;lambda&gt;1]" time="0.004159688949584961"></testcase><testcase classname="src.pymortests.algorithms.basic" file="src/pymortests/algorithms/basic.py" line="21" name="test_almost_equal[compatible_vector_array_pair7-&lt;lambda&gt;2]" time="0.021339893341064453"></testcase><testcase classname="src.pymortests.algorithms.basic" file="src/pymortests/algorithms/basic.py" line="21" name="test_almost_equal[compatible_vector_array_pair7-&lt;lambda&gt;3]" time="0.024315357208251953"></testcase><testcase classname="src.pymortests.algorithms.basic" file="src/pymortests/algorithms/basic.py" line="21" name="test_almost_equal[compatible_vector_array_pair7-&lt;lambda&gt;4]" time="0.03243064880371094"></testcase><testcase classname="src.pymortests.algorithms.basic" file="src/pymortests/algorithms/basic.py" line="21" name="test_almost_equal[compatible_vector_array_pair7-&lt;lambda&gt;5]" time="0.032366037368774414"></testcase><testcase classname="src.pymortests.algorithms.basic" file="src/pymortests/algorithms/basic.py" line="21" name="test_almost_equal[compatible_vector_array_pair7-&lt;lambda&gt;6]" time="0.008241415023803711"></testcase><testcase classname="src.pymortests.algorithms.basic" file="src/pymortests/algorithms/basic.py" line="21" name="test_almost_equal[compatible_vector_array_pair7-&lt;lambda&gt;7]" time="0.002888202667236328"></testcase><testcase classname="src.pymortests.algorithms.basic" file="src/pymortests/algorithms/basic.py" line="21" name="test_almost_equal[compatible_vector_array_pair7-&lt;lambda&gt;8]" time="0.03196072578430176"></testcase><testcase classname="src.pymortests.algorithms.basic" file="src/pymortests/algorithms/basic.py" line="21" name="test_almost_equal[compatible_vector_array_pair7-&lt;lambda&gt;9]" time="0.04259133338928223"></testcase><testcase classname="src.pymortests.algorithms.basic" file="src/pymortests/algorithms/basic.py" line="21" name="test_almost_equal[compatible_vector_array_pair7-&lt;lambda&gt;10]" time="0.13492465019226074"></testcase><testcase classname="src.pymortests.algorithms.basic" file="src/pymortests/algorithms/basic.py" line="21" name="test_almost_equal[compatible_vector_array_pair7-&lt;lambda&gt;11]" time="0.03632473945617676"></testcase><testcase classname="src.pymortests.algorithms.basic" file="src/pymortests/algorithms/basic.py" line="21" name="test_almost_equal[compatible_vector_array_pair7-&lt;lambda&gt;12]" time="0.025242328643798828"></testcase><testcase classname="src.pymortests.algorithms.basic" file="src/pymortests/algorithms/basic.py" line="21" name="test_almost_equal[compatible_vector_array_pair7-&lt;lambda&gt;13]" time="0.006383657455444336"></testcase><testcase classname="src.pymortests.algorithms.basic" file="src/pymortests/algorithms/basic.py" line="21" name="test_almost_equal[compatible_vector_array_pair7-&lt;lambda&gt;14]" time="0.03068256378173828"></testcase><testcase classname="src.pymortests.algorithms.basic" file="src/pymortests/algorithms/basic.py" line="21" name="test_almost_equal[compatible_vector_array_pair7-&lt;lambda&gt;15]" time="0.04983258247375488"></testcase><testcase classname="src.pymortests.algorithms.basic" file="src/pymortests/algorithms/basic.py" line="21" name="test_almost_equal[compatible_vector_array_pair7-&lt;lambda&gt;16]" time="0.054189443588256836"></testcase><testcase classname="src.pymortests.algorithms.basic" file="src/pymortests/algorithms/basic.py" line="21" name="test_almost_equal[compatible_vector_array_pair7-&lt;lambda&gt;17]" time="0.07788658142089844"></testcase><testcase classname="src.pymortests.algorithms.basic" file="src/pymortests/algorithms/basic.py" line="21" name="test_almost_equal[compatible_vector_array_pair7-&lt;lambda&gt;18]" time="0.030535459518432617"></testcase><testcase classname="src.pymortests.algorithms.basic" file="src/pymortests/algorithms/basic.py" line="21" name="test_almost_equal[compatible_vector_array_pair7-&lt;lambda&gt;19]" time="0.006321430206298828"></testcase><testcase classname="src.pymortests.algorithms.basic" file="src/pymortests/algorithms/basic.py" line="21" name="test_almost_equal[compatible_vector_array_pair7-&lt;lambda&gt;20]" time="0.15961027145385742"></testcase><testcase classname="src.pymortests.algorithms.basic" file="src/pymortests/algorithms/basic.py" line="21" name="test_almost_equal[compatible_vector_array_pair7-&lt;lambda&gt;21]" time="0.09607291221618652"></testcase><testcase classname="src.pymortests.algorithms.basic" file="src/pymortests/algorithms/basic.py" line="21" name="test_almost_equal[compatible_vector_array_pair7-&lt;lambda&gt;22]" time="0.3019216060638428"></testcase><testcase classname="src.pymortests.algorithms.basic" file="src/pymortests/algorithms/basic.py" line="21" name="test_almost_equal[compatible_vector_array_pair7-&lt;lambda&gt;23]" time="0.08523416519165039"></testcase><testcase classname="src.pymortests.algorithms.basic" file="src/pymortests/algorithms/basic.py" line="21" name="test_almost_equal[compatible_vector_array_pair7-&lt;lambda&gt;24]" time="0.009307146072387695"></testcase><testcase classname="src.pymortests.algorithms.basic" file="src/pymortests/algorithms/basic.py" line="21" name="test_almost_equal[compatible_vector_array_pair7-&lt;lambda&gt;25]" time="0.005807161331176758"></testcase><testcase classname="src.pymortests.algorithms.basic" file="src/pymortests/algorithms/basic.py" line="21" name="test_almost_equal[compatible_vector_array_pair7-&lt;lambda&gt;26]" time="0.35950732231140137"></testcase><testcase classname="src.pymortests.algorithms.basic" file="src/pymortests/algorithms/basic.py" line="21" name="test_almost_equal[compatible_vector_array_pair7-&lt;lambda&gt;27]" time="0.577643871307373"></testcase><testcase classname="src.pymortests.algorithms.basic" file="src/pymortests/algorithms/basic.py" line="21" name="test_almost_equal[compatible_vector_array_pair7-&lt;lambda&gt;28]" time="3.236170530319214"></testcase><testcase classname="src.pymortests.algorithms.basic" file="src/pymortests/algorithms/basic.py" line="21" name="test_almost_equal[compatible_vector_array_pair7-&lt;lambda&gt;29]" time="0.20894312858581543"></testcase><testcase classname="src.pymortests.algorithms.basic" file="src/pymortests/algorithms/basic.py" line="21" name="test_almost_equal[compatible_vector_array_pair8-&lt;lambda&gt;0]" time="0.010679006576538086"></testcase><testcase classname="src.pymortests.algorithms.basic" file="src/pymortests/algorithms/basic.py" line="21" name="test_almost_equal[compatible_vector_array_pair8-&lt;lambda&gt;1]" time="0.004754781723022461"></testcase><testcase classname="src.pymortests.algorithms.basic" file="src/pymortests/algorithms/basic.py" line="21" name="test_almost_equal[compatible_vector_array_pair8-&lt;lambda&gt;2]" time="0.026328086853027344"></testcase><testcase classname="src.pymortests.algorithms.basic" file="src/pymortests/algorithms/basic.py" line="21" name="test_almost_equal[compatible_vector_array_pair8-&lt;lambda&gt;3]" time="0.027787446975708008"></testcase><testcase classname="src.pymortests.algorithms.basic" file="src/pymortests/algorithms/basic.py" line="21" name="test_almost_equal[compatible_vector_array_pair8-&lt;lambda&gt;4]" time="0.03700900077819824"></testcase><testcase classname="src.pymortests.algorithms.basic" file="src/pymortests/algorithms/basic.py" line="21" name="test_almost_equal[compatible_vector_array_pair8-&lt;lambda&gt;5]" time="0.03539776802062988"></testcase><testcase classname="src.pymortests.algorithms.basic" file="src/pymortests/algorithms/basic.py" line="21" name="test_almost_equal[compatible_vector_array_pair8-&lt;lambda&gt;6]" time="0.009772062301635742"></testcase><testcase classname="src.pymortests.algorithms.basic" file="src/pymortests/algorithms/basic.py" line="21" name="test_almost_equal[compatible_vector_array_pair8-&lt;lambda&gt;7]" time="0.004296541213989258"></testcase><testcase classname="src.pymortests.algorithms.basic" file="src/pymortests/algorithms/basic.py" line="21" name="test_almost_equal[compatible_vector_array_pair8-&lt;lambda&gt;8]" time="0.0368351936340332"></testcase><testcase classname="src.pymortests.algorithms.basic" file="src/pymortests/algorithms/basic.py" line="21" name="test_almost_equal[compatible_vector_array_pair8-&lt;lambda&gt;9]" time="0.04682040214538574"></testcase><testcase classname="src.pymortests.algorithms.basic" file="src/pymortests/algorithms/basic.py" line="21" name="test_almost_equal[compatible_vector_array_pair8-&lt;lambda&gt;10]" time="0.1600346565246582"></testcase><testcase classname="src.pymortests.algorithms.basic" file="src/pymortests/algorithms/basic.py" line="21" name="test_almost_equal[compatible_vector_array_pair8-&lt;lambda&gt;11]" time="0.04046487808227539"></testcase><testcase classname="src.pymortests.algorithms.basic" file="src/pymortests/algorithms/basic.py" line="21" name="test_almost_equal[compatible_vector_array_pair8-&lt;lambda&gt;12]" time="0.02617931365966797"></testcase><testcase classname="src.pymortests.algorithms.basic" file="src/pymortests/algorithms/basic.py" line="21" name="test_almost_equal[compatible_vector_array_pair8-&lt;lambda&gt;13]" time="0.006921529769897461"></testcase><testcase classname="src.pymortests.algorithms.basic" file="src/pymortests/algorithms/basic.py" line="21" name="test_almost_equal[compatible_vector_array_pair8-&lt;lambda&gt;14]" time="0.03849601745605469"></testcase><testcase classname="src.pymortests.algorithms.basic" file="src/pymortests/algorithms/basic.py" line="21" name="test_almost_equal[compatible_vector_array_pair8-&lt;lambda&gt;15]" time="0.056890249252319336"></testcase><testcase classname="src.pymortests.algorithms.basic" file="src/pymortests/algorithms/basic.py" line="21" name="test_almost_equal[compatible_vector_array_pair8-&lt;lambda&gt;16]" time="0.0625300407409668"></testcase><testcase classname="src.pymortests.algorithms.basic" file="src/pymortests/algorithms/basic.py" line="21" name="test_almost_equal[compatible_vector_array_pair8-&lt;lambda&gt;17]" time="0.09068179130554199"></testcase><testcase classname="src.pymortests.algorithms.basic" file="src/pymortests/algorithms/basic.py" line="21" name="test_almost_equal[compatible_vector_array_pair8-&lt;lambda&gt;18]" time="0.03249406814575195"></testcase><testcase classname="src.pymortests.algorithms.basic" file="src/pymortests/algorithms/basic.py" line="21" name="test_almost_equal[compatible_vector_array_pair8-&lt;lambda&gt;19]" time="0.006902933120727539"></testcase><testcase classname="src.pymortests.algorithms.basic" file="src/pymortests/algorithms/basic.py" line="21" name="test_almost_equal[compatible_vector_array_pair8-&lt;lambda&gt;20]" time="0.18199849128723145"></testcase><testcase classname="src.pymortests.algorithms.basic" file="src/pymortests/algorithms/basic.py" line="21" name="test_almost_equal[compatible_vector_array_pair8-&lt;lambda&gt;21]" time="0.10609769821166992"></testcase><testcase classname="src.pymortests.algorithms.basic" file="src/pymortests/algorithms/basic.py" line="21" name="test_almost_equal[compatible_vector_array_pair8-&lt;lambda&gt;22]" time="0.3316354751586914"></testcase><testcase classname="src.pymortests.algorithms.basic" file="src/pymortests/algorithms/basic.py" line="21" name="test_almost_equal[compatible_vector_array_pair8-&lt;lambda&gt;23]" time="0.09671902656555176"></testcase><testcase classname="src.pymortests.algorithms.basic" file="src/pymortests/algorithms/basic.py" line="21" name="test_almost_equal[compatible_vector_array_pair8-&lt;lambda&gt;24]" time="0.010620832443237305"></testcase><testcase classname="src.pymortests.algorithms.basic" file="src/pymortests/algorithms/basic.py" line="21" name="test_almost_equal[compatible_vector_array_pair8-&lt;lambda&gt;25]" time="0.0062007904052734375"></testcase><testcase classname="src.pymortests.algorithms.basic" file="src/pymortests/algorithms/basic.py" line="21" name="test_almost_equal[compatible_vector_array_pair8-&lt;lambda&gt;26]" time="0.3912026882171631"></testcase><testcase classname="src.pymortests.algorithms.basic" file="src/pymortests/algorithms/basic.py" line="21" name="test_almost_equal[compatible_vector_array_pair8-&lt;lambda&gt;27]" time="0.6382632255554199"></testcase><testcase classname="src.pymortests.algorithms.basic" file="src/pymortests/algorithms/basic.py" line="21" name="test_almost_equal[compatible_vector_array_pair8-&lt;lambda&gt;28]" time="3.2657878398895264"></testcase><testcase classname="src.pymortests.algorithms.basic" file="src/pymortests/algorithms/basic.py" line="21" name="test_almost_equal[compatible_vector_array_pair8-&lt;lambda&gt;29]" time="0.20579004287719727"></testcase><testcase classname="src.pymortests.algorithms.basic" file="src/pymortests/algorithms/basic.py" line="41" name="test_almost_equal_product[&lt;lambda&gt;0]" time="0.11684560775756836"><system-err>14:01 DiffusionOperatorP1: Calulate gradients of shape functions transformed by reference map ...
14:01 DiffusionOperatorP1: Calculate all local scalar products beween gradients ...
14:01 DiffusionOperatorP1: Determine global dofs ...
14:01 DiffusionOperatorP1: Boundary treatment ...
14:01 DiffusionOperatorP1: Assemble system matrix ...
14:01 DiffusionOperatorP1: Calulate gradients of shape functions transformed by reference map ...
14:01 DiffusionOperatorP1: Calculate all local scalar products beween gradients ...
14:01 DiffusionOperatorP1: Determine global dofs ...
14:01 DiffusionOperatorP1: Boundary treatment ...
14:01 DiffusionOperatorP1: Assemble system matrix ...
14:01 DiffusionOperatorP1: Calulate gradients of shape functions transformed by reference map ...
14:01 DiffusionOperatorP1: Calculate all local scalar products beween gradients ...
14:01 DiffusionOperatorP1: Determine global dofs ...
14:01 DiffusionOperatorP1: Boundary treatment ...
14:01 DiffusionOperatorP1: Assemble system matrix ...
14:01 DiffusionOperatorP1: Calulate gradients of shape functions transformed by reference map ...
14:01 DiffusionOperatorP1: Calculate all local scalar products beween gradients ...
14:01 DiffusionOperatorP1: Determine global dofs ...
14:01 DiffusionOperatorP1: Boundary treatment ...
14:01 DiffusionOperatorP1: Assemble system matrix ...
14:01 DiffusionOperatorP1: Calulate gradients of shape functions transformed by reference map ...
14:01 DiffusionOperatorP1: Calculate all local scalar products beween gradients ...
14:01 DiffusionOperatorP1: Determine global dofs ...
14:01 DiffusionOperatorP1: Boundary treatment ...
14:01 DiffusionOperatorP1: Assemble system matrix ...
14:01 L2ProductP1: Integrate the products of the shape functions on each element
14:01 L2ProductP1: Determine global dofs ...
14:01 L2ProductP1: Boundary treatment ...
14:01 L2ProductP1: Assemble system matrix ...
14:01 DiffusionOperatorP1: Calulate gradients of shape functions transformed by reference map ...
14:01 DiffusionOperatorP1: Calculate all local scalar products beween gradients ...
14:01 DiffusionOperatorP1: Determine global dofs ...
14:01 DiffusionOperatorP1: Boundary treatment ...
14:01 DiffusionOperatorP1: Assemble system matrix ...
14:01 L2ProductP1: Integrate the products of the shape functions on each element
14:01 L2ProductP1: Determine global dofs ...
14:01 L2ProductP1: Boundary treatment ...
14:01 L2ProductP1: Assemble system matrix ...
14:01 DiffusionOperatorP1: Calulate gradients of shape functions transformed by reference map ...
14:01 DiffusionOperatorP1: Calculate all local scalar products beween gradients ...
14:01 DiffusionOperatorP1: Determine global dofs ...
14:01 DiffusionOperatorP1: Boundary treatment ...
14:01 DiffusionOperatorP1: Assemble system matrix ...
</system-err></testcase><testcase classname="src.pymortests.algorithms.basic" file="src/pymortests/algorithms/basic.py" line="41" name="test_almost_equal_product[&lt;lambda&gt;1]" time="0.08080124855041504"><system-err>14:01 DiffusionOperatorP1: Calulate gradients of shape functions transformed by reference map ...
14:01 DiffusionOperatorP1: Calculate all local scalar products beween gradients ...
14:01 DiffusionOperatorP1: Determine global dofs ...
14:01 DiffusionOperatorP1: Boundary treatment ...
14:01 DiffusionOperatorP1: Assemble system matrix ...
14:01 DiffusionOperatorP1: Calulate gradients of shape functions transformed by reference map ...
14:01 DiffusionOperatorP1: Calculate all local scalar products beween gradients ...
14:01 DiffusionOperatorP1: Determine global dofs ...
14:01 DiffusionOperatorP1: Boundary treatment ...
14:01 DiffusionOperatorP1: Assemble system matrix ...
14:01 L2ProductP1: Integrate the products of the shape functions on each element
14:01 L2ProductP1: Determine global dofs ...
14:01 L2ProductP1: Boundary treatment ...
14:01 L2ProductP1: Assemble system matrix ...
14:01 DiffusionOperatorP1: Calulate gradients of shape functions transformed by reference map ...
14:01 DiffusionOperatorP1: Calculate all local scalar products beween gradients ...
14:01 DiffusionOperatorP1: Determine global dofs ...
14:01 DiffusionOperatorP1: Boundary treatment ...
14:01 DiffusionOperatorP1: Assemble system matrix ...
14:01 L2ProductP1: Integrate the products of the shape functions on each element
14:01 L2ProductP1: Determine global dofs ...
14:01 L2ProductP1: Boundary treatment ...
14:01 L2ProductP1: Assemble system matrix ...
14:01 DiffusionOperatorP1: Calulate gradients of shape functions transformed by reference map ...
14:01 DiffusionOperatorP1: Calculate all local scalar products beween gradients ...
14:01 DiffusionOperatorP1: Determine global dofs ...
14:01 DiffusionOperatorP1: Boundary treatment ...
14:01 DiffusionOperatorP1: Assemble system matrix ...
</system-err></testcase><testcase classname="src.pymortests.algorithms.basic" file="src/pymortests/algorithms/basic.py" line="41" name="test_almost_equal_product[&lt;lambda&gt;2]" time="0.08633184432983398"><system-err>14:01 DiffusionOperatorP1: Calulate gradients of shape functions transformed by reference map ...
14:01 DiffusionOperatorP1: Calculate all local scalar products beween gradients ...
14:01 DiffusionOperatorP1: Determine global dofs ...
14:01 DiffusionOperatorP1: Boundary treatment ...
14:01 DiffusionOperatorP1: Assemble system matrix ...
14:01 DiffusionOperatorP1: Calulate gradients of shape functions transformed by reference map ...
14:01 DiffusionOperatorP1: Calculate all local scalar products beween gradients ...
14:01 DiffusionOperatorP1: Determine global dofs ...
14:01 DiffusionOperatorP1: Boundary treatment ...
14:01 DiffusionOperatorP1: Assemble system matrix ...
14:01 DiffusionOperatorP1: Calulate gradients of shape functions transformed by reference map ...
14:01 DiffusionOperatorP1: Calculate all local scalar products beween gradients ...
14:01 DiffusionOperatorP1: Determine global dofs ...
14:01 DiffusionOperatorP1: Boundary treatment ...
14:01 DiffusionOperatorP1: Assemble system matrix ...
14:01 DiffusionOperatorP1: Calulate gradients of shape functions transformed by reference map ...
14:01 DiffusionOperatorP1: Calculate all local scalar products beween gradients ...
14:01 DiffusionOperatorP1: Determine global dofs ...
14:01 DiffusionOperatorP1: Boundary treatment ...
14:01 DiffusionOperatorP1: Assemble system matrix ...
14:01 DiffusionOperatorP1: Calulate gradients of shape functions transformed by reference map ...
14:01 DiffusionOperatorP1: Calculate all local scalar products beween gradients ...
14:01 DiffusionOperatorP1: Determine global dofs ...
14:01 DiffusionOperatorP1: Boundary treatment ...
14:01 DiffusionOperatorP1: Assemble system matrix ...
14:01 L2ProductP1: Integrate the products of the shape functions on each element
14:01 L2ProductP1: Determine global dofs ...
14:01 L2ProductP1: Boundary treatment ...
14:01 L2ProductP1: Assemble system matrix ...
14:01 DiffusionOperatorP1: Calulate gradients of shape functions transformed by reference map ...
14:01 DiffusionOperatorP1: Calculate all local scalar products beween gradients ...
14:01 DiffusionOperatorP1: Determine global dofs ...
14:01 DiffusionOperatorP1: Boundary treatment ...
14:01 DiffusionOperatorP1: Assemble system matrix ...
14:01 L2ProductP1: Integrate the products of the shape functions on each element
14:01 L2ProductP1: Determine global dofs ...
14:01 L2ProductP1: Boundary treatment ...
14:01 L2ProductP1: Assemble system matrix ...
14:01 DiffusionOperatorP1: Calulate gradients of shape functions transformed by reference map ...
14:01 DiffusionOperatorP1: Calculate all local scalar products beween gradients ...
14:01 DiffusionOperatorP1: Determine global dofs ...
14:01 DiffusionOperatorP1: Boundary treatment ...
14:01 DiffusionOperatorP1: Assemble system matrix ...
</system-err></testcase><testcase classname="src.pymortests.algorithms.basic" file="src/pymortests/algorithms/basic.py" line="41" name="test_almost_equal_product[&lt;lambda&gt;3]" time="0.08020734786987305"><system-err>14:01 DiffusionOperatorP1: Calulate gradients of shape functions transformed by reference map ...
14:01 DiffusionOperatorP1: Calculate all local scalar products beween gradients ...
14:01 DiffusionOperatorP1: Determine global dofs ...
14:01 DiffusionOperatorP1: Boundary treatment ...
14:01 DiffusionOperatorP1: Assemble system matrix ...
14:01 DiffusionOperatorP1: Calulate gradients of shape functions transformed by reference map ...
14:01 DiffusionOperatorP1: Calculate all local scalar products beween gradients ...
14:01 DiffusionOperatorP1: Determine global dofs ...
14:01 DiffusionOperatorP1: Boundary treatment ...
14:01 DiffusionOperatorP1: Assemble system matrix ...
14:01 L2ProductP1: Integrate the products of the shape functions on each element
14:01 L2ProductP1: Determine global dofs ...
14:01 L2ProductP1: Boundary treatment ...
14:01 L2ProductP1: Assemble system matrix ...
14:01 DiffusionOperatorP1: Calulate gradients of shape functions transformed by reference map ...
14:01 DiffusionOperatorP1: Calculate all local scalar products beween gradients ...
14:01 DiffusionOperatorP1: Determine global dofs ...
14:01 DiffusionOperatorP1: Boundary treatment ...
14:01 DiffusionOperatorP1: Assemble system matrix ...
14:01 L2ProductP1: Integrate the products of the shape functions on each element
14:01 L2ProductP1: Determine global dofs ...
14:01 L2ProductP1: Boundary treatment ...
14:01 L2ProductP1: Assemble system matrix ...
14:01 DiffusionOperatorP1: Calulate gradients of shape functions transformed by reference map ...
14:01 DiffusionOperatorP1: Calculate all local scalar products beween gradients ...
14:01 DiffusionOperatorP1: Determine global dofs ...
14:01 DiffusionOperatorP1: Boundary treatment ...
14:01 DiffusionOperatorP1: Assemble system matrix ...
</system-err></testcase><testcase classname="src.pymortests.algorithms.basic" file="src/pymortests/algorithms/basic.py" line="41" name="test_almost_equal_product[&lt;lambda&gt;4]" time="0.08377361297607422"><system-err>14:01 DiffusionOperatorP1: Calulate gradients of shape functions transformed by reference map ...
14:01 DiffusionOperatorP1: Calculate all local scalar products beween gradients ...
14:01 DiffusionOperatorP1: Determine global dofs ...
14:01 DiffusionOperatorP1: Boundary treatment ...
14:01 DiffusionOperatorP1: Assemble system matrix ...
14:01 DiffusionOperatorP1: Calulate gradients of shape functions transformed by reference map ...
14:01 DiffusionOperatorP1: Calculate all local scalar products beween gradients ...
14:01 DiffusionOperatorP1: Determine global dofs ...
14:01 DiffusionOperatorP1: Boundary treatment ...
14:01 DiffusionOperatorP1: Assemble system matrix ...
14:01 DiffusionOperatorP1: Calulate gradients of shape functions transformed by reference map ...
14:01 DiffusionOperatorP1: Calculate all local scalar products beween gradients ...
14:01 DiffusionOperatorP1: Determine global dofs ...
14:01 DiffusionOperatorP1: Boundary treatment ...
14:01 DiffusionOperatorP1: Assemble system matrix ...
14:01 DiffusionOperatorP1: Calulate gradients of shape functions transformed by reference map ...
14:01 DiffusionOperatorP1: Calculate all local scalar products beween gradients ...
14:01 DiffusionOperatorP1: Determine global dofs ...
14:01 DiffusionOperatorP1: Boundary treatment ...
14:01 DiffusionOperatorP1: Assemble system matrix ...
14:01 DiffusionOperatorP1: Calulate gradients of shape functions transformed by reference map ...
14:01 DiffusionOperatorP1: Calculate all local scalar products beween gradients ...
14:01 DiffusionOperatorP1: Determine global dofs ...
14:01 DiffusionOperatorP1: Boundary treatment ...
14:01 DiffusionOperatorP1: Assemble system matrix ...
14:01 L2ProductP1: Integrate the products of the shape functions on each element
14:01 L2ProductP1: Determine global dofs ...
14:01 L2ProductP1: Boundary treatment ...
14:01 L2ProductP1: Assemble system matrix ...
14:01 DiffusionOperatorP1: Calulate gradients of shape functions transformed by reference map ...
14:01 DiffusionOperatorP1: Calculate all local scalar products beween gradients ...
14:01 DiffusionOperatorP1: Determine global dofs ...
14:01 DiffusionOperatorP1: Boundary treatment ...
14:01 DiffusionOperatorP1: Assemble system matrix ...
14:01 L2ProductP1: Integrate the products of the shape functions on each element
14:01 L2ProductP1: Determine global dofs ...
14:01 L2ProductP1: Boundary treatment ...
14:01 L2ProductP1: Assemble system matrix ...
14:01 DiffusionOperatorP1: Calulate gradients of shape functions transformed by reference map ...
14:01 DiffusionOperatorP1: Calculate all local scalar products beween gradients ...
14:01 DiffusionOperatorP1: Determine global dofs ...
14:01 DiffusionOperatorP1: Boundary treatment ...
14:01 DiffusionOperatorP1: Assemble system matrix ...
</system-err></testcase><testcase classname="src.pymortests.algorithms.basic" file="src/pymortests/algorithms/basic.py" line="41" name="test_almost_equal_product[&lt;lambda&gt;5]" time="0.0774683952331543"><system-err>14:01 DiffusionOperatorP1: Calulate gradients of shape functions transformed by reference map ...
14:01 DiffusionOperatorP1: Calculate all local scalar products beween gradients ...
14:01 DiffusionOperatorP1: Determine global dofs ...
14:01 DiffusionOperatorP1: Boundary treatment ...
14:01 DiffusionOperatorP1: Assemble system matrix ...
14:01 DiffusionOperatorP1: Calulate gradients of shape functions transformed by reference map ...
14:01 DiffusionOperatorP1: Calculate all local scalar products beween gradients ...
14:01 DiffusionOperatorP1: Determine global dofs ...
14:01 DiffusionOperatorP1: Boundary treatment ...
14:01 DiffusionOperatorP1: Assemble system matrix ...
14:01 L2ProductP1: Integrate the products of the shape functions on each element
14:01 L2ProductP1: Determine global dofs ...
14:01 L2ProductP1: Boundary treatment ...
14:01 L2ProductP1: Assemble system matrix ...
14:01 DiffusionOperatorP1: Calulate gradients of shape functions transformed by reference map ...
14:01 DiffusionOperatorP1: Calculate all local scalar products beween gradients ...
14:01 DiffusionOperatorP1: Determine global dofs ...
14:01 DiffusionOperatorP1: Boundary treatment ...
14:01 DiffusionOperatorP1: Assemble system matrix ...
14:01 L2ProductP1: Integrate the products of the shape functions on each element
14:01 L2ProductP1: Determine global dofs ...
14:01 L2ProductP1: Boundary treatment ...
14:01 L2ProductP1: Assemble system matrix ...
14:01 DiffusionOperatorP1: Calulate gradients of shape functions transformed by reference map ...
14:01 DiffusionOperatorP1: Calculate all local scalar products beween gradients ...
14:01 DiffusionOperatorP1: Determine global dofs ...
14:01 DiffusionOperatorP1: Boundary treatment ...
14:01 DiffusionOperatorP1: Assemble system matrix ...
</system-err></testcase><testcase classname="src.pymortests.algorithms.basic" file="src/pymortests/algorithms/basic.py" line="41" name="test_almost_equal_product[&lt;lambda&gt;6]" time="0.08413982391357422"><system-err>14:01 DiffusionOperatorP1: Calulate gradients of shape functions transformed by reference map ...
14:01 DiffusionOperatorP1: Calculate all local scalar products beween gradients ...
14:01 DiffusionOperatorP1: Determine global dofs ...
14:01 DiffusionOperatorP1: Boundary treatment ...
14:01 DiffusionOperatorP1: Assemble system matrix ...
14:01 DiffusionOperatorP1: Calulate gradients of shape functions transformed by reference map ...
14:01 DiffusionOperatorP1: Calculate all local scalar products beween gradients ...
14:01 DiffusionOperatorP1: Determine global dofs ...
14:01 DiffusionOperatorP1: Boundary treatment ...
14:01 DiffusionOperatorP1: Assemble system matrix ...
14:01 DiffusionOperatorP1: Calulate gradients of shape functions transformed by reference map ...
14:01 DiffusionOperatorP1: Calculate all local scalar products beween gradients ...
14:01 DiffusionOperatorP1: Determine global dofs ...
14:01 DiffusionOperatorP1: Boundary treatment ...
14:01 DiffusionOperatorP1: Assemble system matrix ...
14:01 DiffusionOperatorP1: Calulate gradients of shape functions transformed by reference map ...
14:01 DiffusionOperatorP1: Calculate all local scalar products beween gradients ...
14:01 DiffusionOperatorP1: Determine global dofs ...
14:01 DiffusionOperatorP1: Boundary treatment ...
14:01 DiffusionOperatorP1: Assemble system matrix ...
14:01 DiffusionOperatorP1: Calulate gradients of shape functions transformed by reference map ...
14:01 DiffusionOperatorP1: Calculate all local scalar products beween gradients ...
14:01 DiffusionOperatorP1: Determine global dofs ...
14:01 DiffusionOperatorP1: Boundary treatment ...
14:01 DiffusionOperatorP1: Assemble system matrix ...
14:01 L2ProductP1: Integrate the products of the shape functions on each element
14:01 L2ProductP1: Determine global dofs ...
14:01 L2ProductP1: Boundary treatment ...
14:01 L2ProductP1: Assemble system matrix ...
14:01 DiffusionOperatorP1: Calulate gradients of shape functions transformed by reference map ...
14:01 DiffusionOperatorP1: Calculate all local scalar products beween gradients ...
14:01 DiffusionOperatorP1: Determine global dofs ...
14:01 DiffusionOperatorP1: Boundary treatment ...
14:01 DiffusionOperatorP1: Assemble system matrix ...
14:01 L2ProductP1: Integrate the products of the shape functions on each element
14:01 L2ProductP1: Determine global dofs ...
14:01 L2ProductP1: Boundary treatment ...
14:01 L2ProductP1: Assemble system matrix ...
14:01 DiffusionOperatorP1: Calulate gradients of shape functions transformed by reference map ...
14:01 DiffusionOperatorP1: Calculate all local scalar products beween gradients ...
14:01 DiffusionOperatorP1: Determine global dofs ...
14:01 DiffusionOperatorP1: Boundary treatment ...
14:01 DiffusionOperatorP1: Assemble system matrix ...
</system-err></testcase><testcase classname="src.pymortests.algorithms.basic" file="src/pymortests/algorithms/basic.py" line="41" name="test_almost_equal_product[&lt;lambda&gt;7]" time="0.07890605926513672"><system-err>14:01 DiffusionOperatorP1: Calulate gradients of shape functions transformed by reference map ...
14:01 DiffusionOperatorP1: Calculate all local scalar products beween gradients ...
14:01 DiffusionOperatorP1: Determine global dofs ...
14:01 DiffusionOperatorP1: Boundary treatment ...
14:01 DiffusionOperatorP1: Assemble system matrix ...
14:01 DiffusionOperatorP1: Calulate gradients of shape functions transformed by reference map ...
14:01 DiffusionOperatorP1: Calculate all local scalar products beween gradients ...
14:01 DiffusionOperatorP1: Determine global dofs ...
14:01 DiffusionOperatorP1: Boundary treatment ...
14:01 DiffusionOperatorP1: Assemble system matrix ...
14:01 L2ProductP1: Integrate the products of the shape functions on each element
14:01 L2ProductP1: Determine global dofs ...
14:01 L2ProductP1: Boundary treatment ...
14:01 L2ProductP1: Assemble system matrix ...
14:01 DiffusionOperatorP1: Calulate gradients of shape functions transformed by reference map ...
14:01 DiffusionOperatorP1: Calculate all local scalar products beween gradients ...
14:01 DiffusionOperatorP1: Determine global dofs ...
14:01 DiffusionOperatorP1: Boundary treatment ...
14:01 DiffusionOperatorP1: Assemble system matrix ...
14:01 L2ProductP1: Integrate the products of the shape functions on each element
14:01 L2ProductP1: Determine global dofs ...
14:01 L2ProductP1: Boundary treatment ...
14:01 L2ProductP1: Assemble system matrix ...
14:01 DiffusionOperatorP1: Calulate gradients of shape functions transformed by reference map ...
14:01 DiffusionOperatorP1: Calculate all local scalar products beween gradients ...
14:01 DiffusionOperatorP1: Determine global dofs ...
14:01 DiffusionOperatorP1: Boundary treatment ...
14:01 DiffusionOperatorP1: Assemble system matrix ...
</system-err></testcase><testcase classname="src.pymortests.algorithms.basic" file="src/pymortests/algorithms/basic.py" line="41" name="test_almost_equal_product[&lt;lambda&gt;8]" time="0.08397865295410156"><system-err>14:02 DiffusionOperatorP1: Calulate gradients of shape functions transformed by reference map ...
14:02 DiffusionOperatorP1: Calculate all local scalar products beween gradients ...
14:02 DiffusionOperatorP1: Determine global dofs ...
14:02 DiffusionOperatorP1: Boundary treatment ...
14:02 DiffusionOperatorP1: Assemble system matrix ...
14:02 DiffusionOperatorP1: Calulate gradients of shape functions transformed by reference map ...
14:02 DiffusionOperatorP1: Calculate all local scalar products beween gradients ...
14:02 DiffusionOperatorP1: Determine global dofs ...
14:02 DiffusionOperatorP1: Boundary treatment ...
14:02 DiffusionOperatorP1: Assemble system matrix ...
14:02 DiffusionOperatorP1: Calulate gradients of shape functions transformed by reference map ...
14:02 DiffusionOperatorP1: Calculate all local scalar products beween gradients ...
14:02 DiffusionOperatorP1: Determine global dofs ...
14:02 DiffusionOperatorP1: Boundary treatment ...
14:02 DiffusionOperatorP1: Assemble system matrix ...
14:02 DiffusionOperatorP1: Calulate gradients of shape functions transformed by reference map ...
14:02 DiffusionOperatorP1: Calculate all local scalar products beween gradients ...
14:02 DiffusionOperatorP1: Determine global dofs ...
14:02 DiffusionOperatorP1: Boundary treatment ...
14:02 DiffusionOperatorP1: Assemble system matrix ...
14:02 DiffusionOperatorP1: Calulate gradients of shape functions transformed by reference map ...
14:02 DiffusionOperatorP1: Calculate all local scalar products beween gradients ...
14:02 DiffusionOperatorP1: Determine global dofs ...
14:02 DiffusionOperatorP1: Boundary treatment ...
14:02 DiffusionOperatorP1: Assemble system matrix ...
14:02 L2ProductP1: Integrate the products of the shape functions on each element
14:02 L2ProductP1: Determine global dofs ...
14:02 L2ProductP1: Boundary treatment ...
14:02 L2ProductP1: Assemble system matrix ...
14:02 DiffusionOperatorP1: Calulate gradients of shape functions transformed by reference map ...
14:02 DiffusionOperatorP1: Calculate all local scalar products beween gradients ...
14:02 DiffusionOperatorP1: Determine global dofs ...
14:02 DiffusionOperatorP1: Boundary treatment ...
14:02 DiffusionOperatorP1: Assemble system matrix ...
14:02 L2ProductP1: Integrate the products of the shape functions on each element
14:02 L2ProductP1: Determine global dofs ...
14:02 L2ProductP1: Boundary treatment ...
14:02 L2ProductP1: Assemble system matrix ...
14:02 DiffusionOperatorP1: Calulate gradients of shape functions transformed by reference map ...
14:02 DiffusionOperatorP1: Calculate all local scalar products beween gradients ...
14:02 DiffusionOperatorP1: Determine global dofs ...
14:02 DiffusionOperatorP1: Boundary treatment ...
14:02 DiffusionOperatorP1: Assemble system matrix ...
</system-err></testcase><testcase classname="src.pymortests.algorithms.basic" file="src/pymortests/algorithms/basic.py" line="41" name="test_almost_equal_product[&lt;lambda&gt;9]" time="0.08264350891113281"><system-err>14:02 DiffusionOperatorP1: Calulate gradients of shape functions transformed by reference map ...
14:02 DiffusionOperatorP1: Calculate all local scalar products beween gradients ...
14:02 DiffusionOperatorP1: Determine global dofs ...
14:02 DiffusionOperatorP1: Boundary treatment ...
14:02 DiffusionOperatorP1: Assemble system matrix ...
14:02 DiffusionOperatorP1: Calulate gradients of shape functions transformed by reference map ...
14:02 DiffusionOperatorP1: Calculate all local scalar products beween gradients ...
14:02 DiffusionOperatorP1: Determine global dofs ...
14:02 DiffusionOperatorP1: Boundary treatment ...
14:02 DiffusionOperatorP1: Assemble system matrix ...
14:02 L2ProductP1: Integrate the products of the shape functions on each element
14:02 L2ProductP1: Determine global dofs ...
14:02 L2ProductP1: Boundary treatment ...
14:02 L2ProductP1: Assemble system matrix ...
14:02 DiffusionOperatorP1: Calulate gradients of shape functions transformed by reference map ...
14:02 DiffusionOperatorP1: Calculate all local scalar products beween gradients ...
14:02 DiffusionOperatorP1: Determine global dofs ...
14:02 DiffusionOperatorP1: Boundary treatment ...
14:02 DiffusionOperatorP1: Assemble system matrix ...
14:02 L2ProductP1: Integrate the products of the shape functions on each element
14:02 L2ProductP1: Determine global dofs ...
14:02 L2ProductP1: Boundary treatment ...
14:02 L2ProductP1: Assemble system matrix ...
14:02 DiffusionOperatorP1: Calulate gradients of shape functions transformed by reference map ...
14:02 DiffusionOperatorP1: Calculate all local scalar products beween gradients ...
14:02 DiffusionOperatorP1: Determine global dofs ...
14:02 DiffusionOperatorP1: Boundary treatment ...
14:02 DiffusionOperatorP1: Assemble system matrix ...
</system-err></testcase><testcase classname="src.pymortests.algorithms.basic" file="src/pymortests/algorithms/basic.py" line="41" name="test_almost_equal_product[&lt;lambda&gt;10]" time="0.08545804023742676"><system-err>14:02 DiffusionOperatorP1: Calulate gradients of shape functions transformed by reference map ...
14:02 DiffusionOperatorP1: Calculate all local scalar products beween gradients ...
14:02 DiffusionOperatorP1: Determine global dofs ...
14:02 DiffusionOperatorP1: Boundary treatment ...
14:02 DiffusionOperatorP1: Assemble system matrix ...
14:02 DiffusionOperatorP1: Calulate gradients of shape functions transformed by reference map ...
14:02 DiffusionOperatorP1: Calculate all local scalar products beween gradients ...
14:02 DiffusionOperatorP1: Determine global dofs ...
14:02 DiffusionOperatorP1: Boundary treatment ...
14:02 DiffusionOperatorP1: Assemble system matrix ...
14:02 DiffusionOperatorP1: Calulate gradients of shape functions transformed by reference map ...
14:02 DiffusionOperatorP1: Calculate all local scalar products beween gradients ...
14:02 DiffusionOperatorP1: Determine global dofs ...
14:02 DiffusionOperatorP1: Boundary treatment ...
14:02 DiffusionOperatorP1: Assemble system matrix ...
14:02 DiffusionOperatorP1: Calulate gradients of shape functions transformed by reference map ...
14:02 DiffusionOperatorP1: Calculate all local scalar products beween gradients ...
14:02 DiffusionOperatorP1: Determine global dofs ...
14:02 DiffusionOperatorP1: Boundary treatment ...
14:02 DiffusionOperatorP1: Assemble system matrix ...
14:02 DiffusionOperatorP1: Calulate gradients of shape functions transformed by reference map ...
14:02 DiffusionOperatorP1: Calculate all local scalar products beween gradients ...
14:02 DiffusionOperatorP1: Determine global dofs ...
14:02 DiffusionOperatorP1: Boundary treatment ...
14:02 DiffusionOperatorP1: Assemble system matrix ...
14:02 L2ProductP1: Integrate the products of the shape functions on each element
14:02 L2ProductP1: Determine global dofs ...
14:02 L2ProductP1: Boundary treatment ...
14:02 L2ProductP1: Assemble system matrix ...
14:02 DiffusionOperatorP1: Calulate gradients of shape functions transformed by reference map ...
14:02 DiffusionOperatorP1: Calculate all local scalar products beween gradients ...
14:02 DiffusionOperatorP1: Determine global dofs ...
14:02 DiffusionOperatorP1: Boundary treatment ...
14:02 DiffusionOperatorP1: Assemble system matrix ...
14:02 L2ProductP1: Integrate the products of the shape functions on each element
14:02 L2ProductP1: Determine global dofs ...
14:02 L2ProductP1: Boundary treatment ...
14:02 L2ProductP1: Assemble system matrix ...
14:02 DiffusionOperatorP1: Calulate gradients of shape functions transformed by reference map ...
14:02 DiffusionOperatorP1: Calculate all local scalar products beween gradients ...
14:02 DiffusionOperatorP1: Determine global dofs ...
14:02 DiffusionOperatorP1: Boundary treatment ...
14:02 DiffusionOperatorP1: Assemble system matrix ...
</system-err></testcase><testcase classname="src.pymortests.algorithms.basic" file="src/pymortests/algorithms/basic.py" line="41" name="test_almost_equal_product[&lt;lambda&gt;11]" time="0.08412408828735352"><system-err>14:02 DiffusionOperatorP1: Calulate gradients of shape functions transformed by reference map ...
14:02 DiffusionOperatorP1: Calculate all local scalar products beween gradients ...
14:02 DiffusionOperatorP1: Determine global dofs ...
14:02 DiffusionOperatorP1: Boundary treatment ...
14:02 DiffusionOperatorP1: Assemble system matrix ...
14:02 DiffusionOperatorP1: Calulate gradients of shape functions transformed by reference map ...
14:02 DiffusionOperatorP1: Calculate all local scalar products beween gradients ...
14:02 DiffusionOperatorP1: Determine global dofs ...
14:02 DiffusionOperatorP1: Boundary treatment ...
14:02 DiffusionOperatorP1: Assemble system matrix ...
14:02 L2ProductP1: Integrate the products of the shape functions on each element
14:02 L2ProductP1: Determine global dofs ...
14:02 L2ProductP1: Boundary treatment ...
14:02 L2ProductP1: Assemble system matrix ...
14:02 DiffusionOperatorP1: Calulate gradients of shape functions transformed by reference map ...
14:02 DiffusionOperatorP1: Calculate all local scalar products beween gradients ...
14:02 DiffusionOperatorP1: Determine global dofs ...
14:02 DiffusionOperatorP1: Boundary treatment ...
14:02 DiffusionOperatorP1: Assemble system matrix ...
14:02 L2ProductP1: Integrate the products of the shape functions on each element
14:02 L2ProductP1: Determine global dofs ...
14:02 L2ProductP1: Boundary treatment ...
14:02 L2ProductP1: Assemble system matrix ...
14:02 DiffusionOperatorP1: Calulate gradients of shape functions transformed by reference map ...
14:02 DiffusionOperatorP1: Calculate all local scalar products beween gradients ...
14:02 DiffusionOperatorP1: Determine global dofs ...
14:02 DiffusionOperatorP1: Boundary treatment ...
14:02 DiffusionOperatorP1: Assemble system matrix ...
</system-err></testcase><testcase classname="src.pymortests.algorithms.basic" file="src/pymortests/algorithms/basic.py" line="41" name="test_almost_equal_product[&lt;lambda&gt;12]" time="0.07898783683776855"><system-err>14:02 DiffusionOperatorP1: Calulate gradients of shape functions transformed by reference map ...
14:02 DiffusionOperatorP1: Calculate all local scalar products beween gradients ...
14:02 DiffusionOperatorP1: Determine global dofs ...
14:02 DiffusionOperatorP1: Boundary treatment ...
14:02 DiffusionOperatorP1: Assemble system matrix ...
14:02 DiffusionOperatorP1: Calulate gradients of shape functions transformed by reference map ...
14:02 DiffusionOperatorP1: Calculate all local scalar products beween gradients ...
14:02 DiffusionOperatorP1: Determine global dofs ...
14:02 DiffusionOperatorP1: Boundary treatment ...
14:02 DiffusionOperatorP1: Assemble system matrix ...
14:02 DiffusionOperatorP1: Calulate gradients of shape functions transformed by reference map ...
14:02 DiffusionOperatorP1: Calculate all local scalar products beween gradients ...
14:02 DiffusionOperatorP1: Determine global dofs ...
14:02 DiffusionOperatorP1: Boundary treatment ...
14:02 DiffusionOperatorP1: Assemble system matrix ...
14:02 DiffusionOperatorP1: Calulate gradients of shape functions transformed by reference map ...
14:02 DiffusionOperatorP1: Calculate all local scalar products beween gradients ...
14:02 DiffusionOperatorP1: Determine global dofs ...
14:02 DiffusionOperatorP1: Boundary treatment ...
14:02 DiffusionOperatorP1: Assemble system matrix ...
14:02 DiffusionOperatorP1: Calulate gradients of shape functions transformed by reference map ...
14:02 DiffusionOperatorP1: Calculate all local scalar products beween gradients ...
14:02 DiffusionOperatorP1: Determine global dofs ...
14:02 DiffusionOperatorP1: Boundary treatment ...
14:02 DiffusionOperatorP1: Assemble system matrix ...
14:02 L2ProductP1: Integrate the products of the shape functions on each element
14:02 L2ProductP1: Determine global dofs ...
14:02 L2ProductP1: Boundary treatment ...
14:02 L2ProductP1: Assemble system matrix ...
14:02 DiffusionOperatorP1: Calulate gradients of shape functions transformed by reference map ...
14:02 DiffusionOperatorP1: Calculate all local scalar products beween gradients ...
14:02 DiffusionOperatorP1: Determine global dofs ...
14:02 DiffusionOperatorP1: Boundary treatment ...
14:02 DiffusionOperatorP1: Assemble system matrix ...
14:02 L2ProductP1: Integrate the products of the shape functions on each element
14:02 L2ProductP1: Determine global dofs ...
14:02 L2ProductP1: Boundary treatment ...
14:02 L2ProductP1: Assemble system matrix ...
14:02 DiffusionOperatorP1: Calulate gradients of shape functions transformed by reference map ...
14:02 DiffusionOperatorP1: Calculate all local scalar products beween gradients ...
14:02 DiffusionOperatorP1: Determine global dofs ...
14:02 DiffusionOperatorP1: Boundary treatment ...
14:02 DiffusionOperatorP1: Assemble system matrix ...
</system-err></testcase><testcase classname="src.pymortests.algorithms.basic" file="src/pymortests/algorithms/basic.py" line="41" name="test_almost_equal_product[&lt;lambda&gt;13]" time="0.07309079170227051"><system-err>14:02 DiffusionOperatorP1: Calulate gradients of shape functions transformed by reference map ...
14:02 DiffusionOperatorP1: Calculate all local scalar products beween gradients ...
14:02 DiffusionOperatorP1: Determine global dofs ...
14:02 DiffusionOperatorP1: Boundary treatment ...
14:02 DiffusionOperatorP1: Assemble system matrix ...
14:02 DiffusionOperatorP1: Calulate gradients of shape functions transformed by reference map ...
14:02 DiffusionOperatorP1: Calculate all local scalar products beween gradients ...
14:02 DiffusionOperatorP1: Determine global dofs ...
14:02 DiffusionOperatorP1: Boundary treatment ...
14:02 DiffusionOperatorP1: Assemble system matrix ...
14:02 L2ProductP1: Integrate the products of the shape functions on each element
14:02 L2ProductP1: Determine global dofs ...
14:02 L2ProductP1: Boundary treatment ...
14:02 L2ProductP1: Assemble system matrix ...
14:02 DiffusionOperatorP1: Calulate gradients of shape functions transformed by reference map ...
14:02 DiffusionOperatorP1: Calculate all local scalar products beween gradients ...
14:02 DiffusionOperatorP1: Determine global dofs ...
14:02 DiffusionOperatorP1: Boundary treatment ...
14:02 DiffusionOperatorP1: Assemble system matrix ...
14:02 L2ProductP1: Integrate the products of the shape functions on each element
14:02 L2ProductP1: Determine global dofs ...
14:02 L2ProductP1: Boundary treatment ...
14:02 L2ProductP1: Assemble system matrix ...
14:02 DiffusionOperatorP1: Calulate gradients of shape functions transformed by reference map ...
14:02 DiffusionOperatorP1: Calculate all local scalar products beween gradients ...
14:02 DiffusionOperatorP1: Determine global dofs ...
14:02 DiffusionOperatorP1: Boundary treatment ...
14:02 DiffusionOperatorP1: Assemble system matrix ...
</system-err></testcase><testcase classname="src.pymortests.algorithms.basic" file="src/pymortests/algorithms/basic.py" line="41" name="test_almost_equal_product[&lt;lambda&gt;14]" time="0.0872652530670166"><system-err>14:02 DiffusionOperatorP1: Calulate gradients of shape functions transformed by reference map ...
14:02 DiffusionOperatorP1: Calculate all local scalar products beween gradients ...
14:02 DiffusionOperatorP1: Determine global dofs ...
14:02 DiffusionOperatorP1: Boundary treatment ...
14:02 DiffusionOperatorP1: Assemble system matrix ...
14:02 DiffusionOperatorP1: Calulate gradients of shape functions transformed by reference map ...
14:02 DiffusionOperatorP1: Calculate all local scalar products beween gradients ...
14:02 DiffusionOperatorP1: Determine global dofs ...
14:02 DiffusionOperatorP1: Boundary treatment ...
14:02 DiffusionOperatorP1: Assemble system matrix ...
14:02 DiffusionOperatorP1: Calulate gradients of shape functions transformed by reference map ...
14:02 DiffusionOperatorP1: Calculate all local scalar products beween gradients ...
14:02 DiffusionOperatorP1: Determine global dofs ...
14:02 DiffusionOperatorP1: Boundary treatment ...
14:02 DiffusionOperatorP1: Assemble system matrix ...
14:02 DiffusionOperatorP1: Calulate gradients of shape functions transformed by reference map ...
14:02 DiffusionOperatorP1: Calculate all local scalar products beween gradients ...
14:02 DiffusionOperatorP1: Determine global dofs ...
14:02 DiffusionOperatorP1: Boundary treatment ...
14:02 DiffusionOperatorP1: Assemble system matrix ...
14:02 DiffusionOperatorP1: Calulate gradients of shape functions transformed by reference map ...
14:02 DiffusionOperatorP1: Calculate all local scalar products beween gradients ...
14:02 DiffusionOperatorP1: Determine global dofs ...
14:02 DiffusionOperatorP1: Boundary treatment ...
14:02 DiffusionOperatorP1: Assemble system matrix ...
14:02 L2ProductP1: Integrate the products of the shape functions on each element
14:02 L2ProductP1: Determine global dofs ...
14:02 L2ProductP1: Boundary treatment ...
14:02 L2ProductP1: Assemble system matrix ...
14:02 DiffusionOperatorP1: Calulate gradients of shape functions transformed by reference map ...
14:02 DiffusionOperatorP1: Calculate all local scalar products beween gradients ...
14:02 DiffusionOperatorP1: Determine global dofs ...
14:02 DiffusionOperatorP1: Boundary treatment ...
14:02 DiffusionOperatorP1: Assemble system matrix ...
14:02 L2ProductP1: Integrate the products of the shape functions on each element
14:02 L2ProductP1: Determine global dofs ...
14:02 L2ProductP1: Boundary treatment ...
14:02 L2ProductP1: Assemble system matrix ...
14:02 DiffusionOperatorP1: Calulate gradients of shape functions transformed by reference map ...
14:02 DiffusionOperatorP1: Calculate all local scalar products beween gradients ...
14:02 DiffusionOperatorP1: Determine global dofs ...
14:02 DiffusionOperatorP1: Boundary treatment ...
14:02 DiffusionOperatorP1: Assemble system matrix ...
</system-err></testcase><testcase classname="src.pymortests.algorithms.basic" file="src/pymortests/algorithms/basic.py" line="41" name="test_almost_equal_product[&lt;lambda&gt;15]" time="0.07845807075500488"><system-err>14:02 DiffusionOperatorP1: Calulate gradients of shape functions transformed by reference map ...
14:02 DiffusionOperatorP1: Calculate all local scalar products beween gradients ...
14:02 DiffusionOperatorP1: Determine global dofs ...
14:02 DiffusionOperatorP1: Boundary treatment ...
14:02 DiffusionOperatorP1: Assemble system matrix ...
14:02 DiffusionOperatorP1: Calulate gradients of shape functions transformed by reference map ...
14:02 DiffusionOperatorP1: Calculate all local scalar products beween gradients ...
14:02 DiffusionOperatorP1: Determine global dofs ...
14:02 DiffusionOperatorP1: Boundary treatment ...
14:02 DiffusionOperatorP1: Assemble system matrix ...
14:02 L2ProductP1: Integrate the products of the shape functions on each element
14:02 L2ProductP1: Determine global dofs ...
14:02 L2ProductP1: Boundary treatment ...
14:02 L2ProductP1: Assemble system matrix ...
14:02 DiffusionOperatorP1: Calulate gradients of shape functions transformed by reference map ...
14:02 DiffusionOperatorP1: Calculate all local scalar products beween gradients ...
14:02 DiffusionOperatorP1: Determine global dofs ...
14:02 DiffusionOperatorP1: Boundary treatment ...
14:02 DiffusionOperatorP1: Assemble system matrix ...
14:02 L2ProductP1: Integrate the products of the shape functions on each element
14:02 L2ProductP1: Determine global dofs ...
14:02 L2ProductP1: Boundary treatment ...
14:02 L2ProductP1: Assemble system matrix ...
14:02 DiffusionOperatorP1: Calulate gradients of shape functions transformed by reference map ...
14:02 DiffusionOperatorP1: Calculate all local scalar products beween gradients ...
14:02 DiffusionOperatorP1: Determine global dofs ...
14:02 DiffusionOperatorP1: Boundary treatment ...
14:02 DiffusionOperatorP1: Assemble system matrix ...
</system-err></testcase><testcase classname="src.pymortests.algorithms.basic" file="src/pymortests/algorithms/basic.py" line="41" name="test_almost_equal_product[&lt;lambda&gt;16]" time="0.08232545852661133"><system-err>14:02 DiffusionOperatorP1: Calulate gradients of shape functions transformed by reference map ...
14:02 DiffusionOperatorP1: Calculate all local scalar products beween gradients ...
14:02 DiffusionOperatorP1: Determine global dofs ...
14:02 DiffusionOperatorP1: Boundary treatment ...
14:02 DiffusionOperatorP1: Assemble system matrix ...
14:02 DiffusionOperatorP1: Calulate gradients of shape functions transformed by reference map ...
14:02 DiffusionOperatorP1: Calculate all local scalar products beween gradients ...
14:02 DiffusionOperatorP1: Determine global dofs ...
14:02 DiffusionOperatorP1: Boundary treatment ...
14:02 DiffusionOperatorP1: Assemble system matrix ...
14:02 DiffusionOperatorP1: Calulate gradients of shape functions transformed by reference map ...
14:02 DiffusionOperatorP1: Calculate all local scalar products beween gradients ...
14:02 DiffusionOperatorP1: Determine global dofs ...
14:02 DiffusionOperatorP1: Boundary treatment ...
14:02 DiffusionOperatorP1: Assemble system matrix ...
14:02 DiffusionOperatorP1: Calulate gradients of shape functions transformed by reference map ...
14:02 DiffusionOperatorP1: Calculate all local scalar products beween gradients ...
14:02 DiffusionOperatorP1: Determine global dofs ...
14:02 DiffusionOperatorP1: Boundary treatment ...
14:02 DiffusionOperatorP1: Assemble system matrix ...
14:02 DiffusionOperatorP1: Calulate gradients of shape functions transformed by reference map ...
14:02 DiffusionOperatorP1: Calculate all local scalar products beween gradients ...
14:02 DiffusionOperatorP1: Determine global dofs ...
14:02 DiffusionOperatorP1: Boundary treatment ...
14:02 DiffusionOperatorP1: Assemble system matrix ...
14:02 L2ProductP1: Integrate the products of the shape functions on each element
14:02 L2ProductP1: Determine global dofs ...
14:02 L2ProductP1: Boundary treatment ...
14:02 L2ProductP1: Assemble system matrix ...
14:02 DiffusionOperatorP1: Calulate gradients of shape functions transformed by reference map ...
14:02 DiffusionOperatorP1: Calculate all local scalar products beween gradients ...
14:02 DiffusionOperatorP1: Determine global dofs ...
14:02 DiffusionOperatorP1: Boundary treatment ...
14:02 DiffusionOperatorP1: Assemble system matrix ...
14:02 L2ProductP1: Integrate the products of the shape functions on each element
14:02 L2ProductP1: Determine global dofs ...
14:02 L2ProductP1: Boundary treatment ...
14:02 L2ProductP1: Assemble system matrix ...
14:02 DiffusionOperatorP1: Calulate gradients of shape functions transformed by reference map ...
14:02 DiffusionOperatorP1: Calculate all local scalar products beween gradients ...
14:02 DiffusionOperatorP1: Determine global dofs ...
14:02 DiffusionOperatorP1: Boundary treatment ...
14:02 DiffusionOperatorP1: Assemble system matrix ...
</system-err></testcase><testcase classname="src.pymortests.algorithms.basic" file="src/pymortests/algorithms/basic.py" line="41" name="test_almost_equal_product[&lt;lambda&gt;17]" time="0.07158589363098145"><system-err>14:02 DiffusionOperatorP1: Calulate gradients of shape functions transformed by reference map ...
14:02 DiffusionOperatorP1: Calculate all local scalar products beween gradients ...
14:02 DiffusionOperatorP1: Determine global dofs ...
14:02 DiffusionOperatorP1: Boundary treatment ...
14:02 DiffusionOperatorP1: Assemble system matrix ...
14:02 DiffusionOperatorP1: Calulate gradients of shape functions transformed by reference map ...
14:02 DiffusionOperatorP1: Calculate all local scalar products beween gradients ...
14:02 DiffusionOperatorP1: Determine global dofs ...
14:02 DiffusionOperatorP1: Boundary treatment ...
14:02 DiffusionOperatorP1: Assemble system matrix ...
14:02 L2ProductP1: Integrate the products of the shape functions on each element
14:02 L2ProductP1: Determine global dofs ...
14:02 L2ProductP1: Boundary treatment ...
14:02 L2ProductP1: Assemble system matrix ...
14:02 DiffusionOperatorP1: Calulate gradients of shape functions transformed by reference map ...
14:02 DiffusionOperatorP1: Calculate all local scalar products beween gradients ...
14:02 DiffusionOperatorP1: Determine global dofs ...
14:02 DiffusionOperatorP1: Boundary treatment ...
14:02 DiffusionOperatorP1: Assemble system matrix ...
14:02 L2ProductP1: Integrate the products of the shape functions on each element
14:02 L2ProductP1: Determine global dofs ...
14:02 L2ProductP1: Boundary treatment ...
14:02 L2ProductP1: Assemble system matrix ...
14:02 DiffusionOperatorP1: Calulate gradients of shape functions transformed by reference map ...
14:02 DiffusionOperatorP1: Calculate all local scalar products beween gradients ...
14:02 DiffusionOperatorP1: Determine global dofs ...
14:02 DiffusionOperatorP1: Boundary treatment ...
14:02 DiffusionOperatorP1: Assemble system matrix ...
</system-err></testcase><testcase classname="src.pymortests.algorithms.basic" file="src/pymortests/algorithms/basic.py" line="41" name="test_almost_equal_product[&lt;lambda&gt;18]" time="0.08273053169250488"><system-err>14:02 DiffusionOperatorP1: Calulate gradients of shape functions transformed by reference map ...
14:02 DiffusionOperatorP1: Calculate all local scalar products beween gradients ...
14:02 DiffusionOperatorP1: Determine global dofs ...
14:02 DiffusionOperatorP1: Boundary treatment ...
14:02 DiffusionOperatorP1: Assemble system matrix ...
14:02 DiffusionOperatorP1: Calulate gradients of shape functions transformed by reference map ...
14:02 DiffusionOperatorP1: Calculate all local scalar products beween gradients ...
14:02 DiffusionOperatorP1: Determine global dofs ...
14:02 DiffusionOperatorP1: Boundary treatment ...
14:02 DiffusionOperatorP1: Assemble system matrix ...
14:02 DiffusionOperatorP1: Calulate gradients of shape functions transformed by reference map ...
14:02 DiffusionOperatorP1: Calculate all local scalar products beween gradients ...
14:02 DiffusionOperatorP1: Determine global dofs ...
14:02 DiffusionOperatorP1: Boundary treatment ...
14:02 DiffusionOperatorP1: Assemble system matrix ...
14:02 DiffusionOperatorP1: Calulate gradients of shape functions transformed by reference map ...
14:02 DiffusionOperatorP1: Calculate all local scalar products beween gradients ...
14:02 DiffusionOperatorP1: Determine global dofs ...
14:02 DiffusionOperatorP1: Boundary treatment ...
14:02 DiffusionOperatorP1: Assemble system matrix ...
14:02 DiffusionOperatorP1: Calulate gradients of shape functions transformed by reference map ...
14:02 DiffusionOperatorP1: Calculate all local scalar products beween gradients ...
14:02 DiffusionOperatorP1: Determine global dofs ...
14:02 DiffusionOperatorP1: Boundary treatment ...
14:02 DiffusionOperatorP1: Assemble system matrix ...
14:02 L2ProductP1: Integrate the products of the shape functions on each element
14:02 L2ProductP1: Determine global dofs ...
14:02 L2ProductP1: Boundary treatment ...
14:02 L2ProductP1: Assemble system matrix ...
14:02 DiffusionOperatorP1: Calulate gradients of shape functions transformed by reference map ...
14:02 DiffusionOperatorP1: Calculate all local scalar products beween gradients ...
14:02 DiffusionOperatorP1: Determine global dofs ...
14:02 DiffusionOperatorP1: Boundary treatment ...
14:02 DiffusionOperatorP1: Assemble system matrix ...
14:02 L2ProductP1: Integrate the products of the shape functions on each element
14:02 L2ProductP1: Determine global dofs ...
14:02 L2ProductP1: Boundary treatment ...
14:02 L2ProductP1: Assemble system matrix ...
14:02 DiffusionOperatorP1: Calulate gradients of shape functions transformed by reference map ...
14:02 DiffusionOperatorP1: Calculate all local scalar products beween gradients ...
14:02 DiffusionOperatorP1: Determine global dofs ...
14:02 DiffusionOperatorP1: Boundary treatment ...
14:02 DiffusionOperatorP1: Assemble system matrix ...
</system-err></testcase><testcase classname="src.pymortests.algorithms.basic" file="src/pymortests/algorithms/basic.py" line="41" name="test_almost_equal_product[&lt;lambda&gt;19]" time="0.0749654769897461"><system-err>14:02 DiffusionOperatorP1: Calulate gradients of shape functions transformed by reference map ...
14:02 DiffusionOperatorP1: Calculate all local scalar products beween gradients ...
14:02 DiffusionOperatorP1: Determine global dofs ...
14:02 DiffusionOperatorP1: Boundary treatment ...
14:02 DiffusionOperatorP1: Assemble system matrix ...
14:02 DiffusionOperatorP1: Calulate gradients of shape functions transformed by reference map ...
14:02 DiffusionOperatorP1: Calculate all local scalar products beween gradients ...
14:02 DiffusionOperatorP1: Determine global dofs ...
14:02 DiffusionOperatorP1: Boundary treatment ...
14:02 DiffusionOperatorP1: Assemble system matrix ...
14:02 L2ProductP1: Integrate the products of the shape functions on each element
14:02 L2ProductP1: Determine global dofs ...
14:02 L2ProductP1: Boundary treatment ...
14:02 L2ProductP1: Assemble system matrix ...
14:02 DiffusionOperatorP1: Calulate gradients of shape functions transformed by reference map ...
14:02 DiffusionOperatorP1: Calculate all local scalar products beween gradients ...
14:02 DiffusionOperatorP1: Determine global dofs ...
14:02 DiffusionOperatorP1: Boundary treatment ...
14:02 DiffusionOperatorP1: Assemble system matrix ...
14:02 L2ProductP1: Integrate the products of the shape functions on each element
14:02 L2ProductP1: Determine global dofs ...
14:02 L2ProductP1: Boundary treatment ...
14:02 L2ProductP1: Assemble system matrix ...
14:02 DiffusionOperatorP1: Calulate gradients of shape functions transformed by reference map ...
14:02 DiffusionOperatorP1: Calculate all local scalar products beween gradients ...
14:02 DiffusionOperatorP1: Determine global dofs ...
14:02 DiffusionOperatorP1: Boundary treatment ...
14:02 DiffusionOperatorP1: Assemble system matrix ...
</system-err></testcase><testcase classname="src.pymortests.algorithms.basic" file="src/pymortests/algorithms/basic.py" line="41" name="test_almost_equal_product[&lt;lambda&gt;20]" time="0.07550573348999023"><system-err>14:02 DiffusionOperatorP1: Calulate gradients of shape functions transformed by reference map ...
14:02 DiffusionOperatorP1: Calculate all local scalar products beween gradients ...
14:02 DiffusionOperatorP1: Determine global dofs ...
14:02 DiffusionOperatorP1: Boundary treatment ...
14:02 DiffusionOperatorP1: Assemble system matrix ...
14:02 DiffusionOperatorP1: Calulate gradients of shape functions transformed by reference map ...
14:02 DiffusionOperatorP1: Calculate all local scalar products beween gradients ...
14:03 DiffusionOperatorP1: Determine global dofs ...
14:03 DiffusionOperatorP1: Boundary treatment ...
14:03 DiffusionOperatorP1: Assemble system matrix ...
14:03 DiffusionOperatorP1: Calulate gradients of shape functions transformed by reference map ...
14:03 DiffusionOperatorP1: Calculate all local scalar products beween gradients ...
14:03 DiffusionOperatorP1: Determine global dofs ...
14:03 DiffusionOperatorP1: Boundary treatment ...
14:03 DiffusionOperatorP1: Assemble system matrix ...
14:03 DiffusionOperatorP1: Calulate gradients of shape functions transformed by reference map ...
14:03 DiffusionOperatorP1: Calculate all local scalar products beween gradients ...
14:03 DiffusionOperatorP1: Determine global dofs ...
14:03 DiffusionOperatorP1: Boundary treatment ...
14:03 DiffusionOperatorP1: Assemble system matrix ...
14:03 DiffusionOperatorP1: Calulate gradients of shape functions transformed by reference map ...
14:03 DiffusionOperatorP1: Calculate all local scalar products beween gradients ...
14:03 DiffusionOperatorP1: Determine global dofs ...
14:03 DiffusionOperatorP1: Boundary treatment ...
14:03 DiffusionOperatorP1: Assemble system matrix ...
14:03 L2ProductP1: Integrate the products of the shape functions on each element
14:03 L2ProductP1: Determine global dofs ...
14:03 L2ProductP1: Boundary treatment ...
14:03 L2ProductP1: Assemble system matrix ...
14:03 DiffusionOperatorP1: Calulate gradients of shape functions transformed by reference map ...
14:03 DiffusionOperatorP1: Calculate all local scalar products beween gradients ...
14:03 DiffusionOperatorP1: Determine global dofs ...
14:03 DiffusionOperatorP1: Boundary treatment ...
14:03 DiffusionOperatorP1: Assemble system matrix ...
14:03 L2ProductP1: Integrate the products of the shape functions on each element
14:03 L2ProductP1: Determine global dofs ...
14:03 L2ProductP1: Boundary treatment ...
14:03 L2ProductP1: Assemble system matrix ...
14:03 DiffusionOperatorP1: Calulate gradients of shape functions transformed by reference map ...
14:03 DiffusionOperatorP1: Calculate all local scalar products beween gradients ...
14:03 DiffusionOperatorP1: Determine global dofs ...
14:03 DiffusionOperatorP1: Boundary treatment ...
14:03 DiffusionOperatorP1: Assemble system matrix ...
</system-err></testcase><testcase classname="src.pymortests.algorithms.basic" file="src/pymortests/algorithms/basic.py" line="41" name="test_almost_equal_product[&lt;lambda&gt;21]" time="0.0723116397857666"><system-err>14:03 DiffusionOperatorP1: Calulate gradients of shape functions transformed by reference map ...
14:03 DiffusionOperatorP1: Calculate all local scalar products beween gradients ...
14:03 DiffusionOperatorP1: Determine global dofs ...
14:03 DiffusionOperatorP1: Boundary treatment ...
14:03 DiffusionOperatorP1: Assemble system matrix ...
14:03 DiffusionOperatorP1: Calulate gradients of shape functions transformed by reference map ...
14:03 DiffusionOperatorP1: Calculate all local scalar products beween gradients ...
14:03 DiffusionOperatorP1: Determine global dofs ...
14:03 DiffusionOperatorP1: Boundary treatment ...
14:03 DiffusionOperatorP1: Assemble system matrix ...
14:03 L2ProductP1: Integrate the products of the shape functions on each element
14:03 L2ProductP1: Determine global dofs ...
14:03 L2ProductP1: Boundary treatment ...
14:03 L2ProductP1: Assemble system matrix ...
14:03 DiffusionOperatorP1: Calulate gradients of shape functions transformed by reference map ...
14:03 DiffusionOperatorP1: Calculate all local scalar products beween gradients ...
14:03 DiffusionOperatorP1: Determine global dofs ...
14:03 DiffusionOperatorP1: Boundary treatment ...
14:03 DiffusionOperatorP1: Assemble system matrix ...
14:03 L2ProductP1: Integrate the products of the shape functions on each element
14:03 L2ProductP1: Determine global dofs ...
14:03 L2ProductP1: Boundary treatment ...
14:03 L2ProductP1: Assemble system matrix ...
14:03 DiffusionOperatorP1: Calulate gradients of shape functions transformed by reference map ...
14:03 DiffusionOperatorP1: Calculate all local scalar products beween gradients ...
14:03 DiffusionOperatorP1: Determine global dofs ...
14:03 DiffusionOperatorP1: Boundary treatment ...
14:03 DiffusionOperatorP1: Assemble system matrix ...
</system-err></testcase><testcase classname="src.pymortests.algorithms.basic" file="src/pymortests/algorithms/basic.py" line="41" name="test_almost_equal_product[&lt;lambda&gt;22]" time="0.07575869560241699"><system-err>14:03 DiffusionOperatorP1: Calulate gradients of shape functions transformed by reference map ...
14:03 DiffusionOperatorP1: Calculate all local scalar products beween gradients ...
14:03 DiffusionOperatorP1: Determine global dofs ...
14:03 DiffusionOperatorP1: Boundary treatment ...
14:03 DiffusionOperatorP1: Assemble system matrix ...
14:03 DiffusionOperatorP1: Calulate gradients of shape functions transformed by reference map ...
14:03 DiffusionOperatorP1: Calculate all local scalar products beween gradients ...
14:03 DiffusionOperatorP1: Determine global dofs ...
14:03 DiffusionOperatorP1: Boundary treatment ...
14:03 DiffusionOperatorP1: Assemble system matrix ...
14:03 DiffusionOperatorP1: Calulate gradients of shape functions transformed by reference map ...
14:03 DiffusionOperatorP1: Calculate all local scalar products beween gradients ...
14:03 DiffusionOperatorP1: Determine global dofs ...
14:03 DiffusionOperatorP1: Boundary treatment ...
14:03 DiffusionOperatorP1: Assemble system matrix ...
14:03 DiffusionOperatorP1: Calulate gradients of shape functions transformed by reference map ...
14:03 DiffusionOperatorP1: Calculate all local scalar products beween gradients ...
14:03 DiffusionOperatorP1: Determine global dofs ...
14:03 DiffusionOperatorP1: Boundary treatment ...
14:03 DiffusionOperatorP1: Assemble system matrix ...
14:03 DiffusionOperatorP1: Calulate gradients of shape functions transformed by reference map ...
14:03 DiffusionOperatorP1: Calculate all local scalar products beween gradients ...
14:03 DiffusionOperatorP1: Determine global dofs ...
14:03 DiffusionOperatorP1: Boundary treatment ...
14:03 DiffusionOperatorP1: Assemble system matrix ...
14:03 L2ProductP1: Integrate the products of the shape functions on each element
14:03 L2ProductP1: Determine global dofs ...
14:03 L2ProductP1: Boundary treatment ...
14:03 L2ProductP1: Assemble system matrix ...
14:03 DiffusionOperatorP1: Calulate gradients of shape functions transformed by reference map ...
14:03 DiffusionOperatorP1: Calculate all local scalar products beween gradients ...
14:03 DiffusionOperatorP1: Determine global dofs ...
14:03 DiffusionOperatorP1: Boundary treatment ...
14:03 DiffusionOperatorP1: Assemble system matrix ...
14:03 L2ProductP1: Integrate the products of the shape functions on each element
14:03 L2ProductP1: Determine global dofs ...
14:03 L2ProductP1: Boundary treatment ...
14:03 L2ProductP1: Assemble system matrix ...
14:03 DiffusionOperatorP1: Calulate gradients of shape functions transformed by reference map ...
14:03 DiffusionOperatorP1: Calculate all local scalar products beween gradients ...
14:03 DiffusionOperatorP1: Determine global dofs ...
14:03 DiffusionOperatorP1: Boundary treatment ...
14:03 DiffusionOperatorP1: Assemble system matrix ...
</system-err></testcase><testcase classname="src.pymortests.algorithms.basic" file="src/pymortests/algorithms/basic.py" line="41" name="test_almost_equal_product[&lt;lambda&gt;23]" time="0.07164144515991211"><system-err>14:03 DiffusionOperatorP1: Calulate gradients of shape functions transformed by reference map ...
14:03 DiffusionOperatorP1: Calculate all local scalar products beween gradients ...
14:03 DiffusionOperatorP1: Determine global dofs ...
14:03 DiffusionOperatorP1: Boundary treatment ...
14:03 DiffusionOperatorP1: Assemble system matrix ...
14:03 DiffusionOperatorP1: Calulate gradients of shape functions transformed by reference map ...
14:03 DiffusionOperatorP1: Calculate all local scalar products beween gradients ...
14:03 DiffusionOperatorP1: Determine global dofs ...
14:03 DiffusionOperatorP1: Boundary treatment ...
14:03 DiffusionOperatorP1: Assemble system matrix ...
14:03 L2ProductP1: Integrate the products of the shape functions on each element
14:03 L2ProductP1: Determine global dofs ...
14:03 L2ProductP1: Boundary treatment ...
14:03 L2ProductP1: Assemble system matrix ...
14:03 DiffusionOperatorP1: Calulate gradients of shape functions transformed by reference map ...
14:03 DiffusionOperatorP1: Calculate all local scalar products beween gradients ...
14:03 DiffusionOperatorP1: Determine global dofs ...
14:03 DiffusionOperatorP1: Boundary treatment ...
14:03 DiffusionOperatorP1: Assemble system matrix ...
14:03 L2ProductP1: Integrate the products of the shape functions on each element
14:03 L2ProductP1: Determine global dofs ...
14:03 L2ProductP1: Boundary treatment ...
14:03 L2ProductP1: Assemble system matrix ...
14:03 DiffusionOperatorP1: Calulate gradients of shape functions transformed by reference map ...
14:03 DiffusionOperatorP1: Calculate all local scalar products beween gradients ...
14:03 DiffusionOperatorP1: Determine global dofs ...
14:03 DiffusionOperatorP1: Boundary treatment ...
14:03 DiffusionOperatorP1: Assemble system matrix ...
</system-err></testcase><testcase classname="src.pymortests.algorithms.basic" file="src/pymortests/algorithms/basic.py" line="41" name="test_almost_equal_product[&lt;lambda&gt;24]" time="0.048154354095458984"></testcase><testcase classname="src.pymortests.algorithms.basic" file="src/pymortests/algorithms/basic.py" line="41" name="test_almost_equal_product[&lt;lambda&gt;25]" time="0.04765629768371582"></testcase><testcase classname="src.pymortests.algorithms.basic" file="src/pymortests/algorithms/basic.py" line="41" name="test_almost_equal_product[&lt;lambda&gt;26]" time="0.048107147216796875"></testcase><testcase classname="src.pymortests.algorithms.basic" file="src/pymortests/algorithms/basic.py" line="41" name="test_almost_equal_product[&lt;lambda&gt;27]" time="0.04578065872192383"></testcase><testcase classname="src.pymortests.algorithms.basic" file="src/pymortests/algorithms/basic.py" line="41" name="test_almost_equal_product[&lt;lambda&gt;28]" time="0.044348716735839844"></testcase><testcase classname="src.pymortests.algorithms.basic" file="src/pymortests/algorithms/basic.py" line="41" name="test_almost_equal_product[&lt;lambda&gt;29]" time="0.04402780532836914"></testcase><testcase classname="src.pymortests.algorithms.basic" file="src/pymortests/algorithms/basic.py" line="41" name="test_almost_equal_product[&lt;lambda&gt;30]" time="0.04467439651489258"></testcase><testcase classname="src.pymortests.algorithms.basic" file="src/pymortests/algorithms/basic.py" line="41" name="test_almost_equal_product[&lt;lambda&gt;31]" time="0.04367566108703613"></testcase><testcase classname="src.pymortests.algorithms.basic" file="src/pymortests/algorithms/basic.py" line="41" name="test_almost_equal_product[&lt;lambda&gt;32]" time="0.14708805084228516"></testcase><testcase classname="src.pymortests.algorithms.basic" file="src/pymortests/algorithms/basic.py" line="41" name="test_almost_equal_product[&lt;lambda&gt;33]" time="0.11705660820007324"></testcase><testcase classname="src.pymortests.algorithms.basic" file="src/pymortests/algorithms/basic.py" line="41" name="test_almost_equal_product[&lt;lambda&gt;34]" time="0.04585003852844238"></testcase><testcase classname="src.pymortests.algorithms.basic" file="src/pymortests/algorithms/basic.py" line="41" name="test_almost_equal_product[&lt;lambda&gt;35]" time="0.11287975311279297"></testcase><testcase classname="src.pymortests.algorithms.basic" file="src/pymortests/algorithms/basic.py" line="41" name="test_almost_equal_product[&lt;lambda&gt;36]" time="0.0478360652923584"></testcase><testcase classname="src.pymortests.algorithms.basic" file="src/pymortests/algorithms/basic.py" line="64" name="test_almost_equal_self[0-&lt;lambda&gt;0]" time="0.01712822914123535"></testcase><testcase classname="src.pymortests.algorithms.basic" file="src/pymortests/algorithms/basic.py" line="64" name="test_almost_equal_self[0-&lt;lambda&gt;1]" time="0.018123865127563477"></testcase><testcase classname="src.pymortests.algorithms.basic" file="src/pymortests/algorithms/basic.py" line="64" name="test_almost_equal_self[0-&lt;lambda&gt;2]" time="0.13670110702514648"></testcase><testcase classname="src.pymortests.algorithms.basic" file="src/pymortests/algorithms/basic.py" line="64" name="test_almost_equal_self[0-&lt;lambda&gt;3]" time="0.21390485763549805"></testcase><testcase classname="src.pymortests.algorithms.basic" file="src/pymortests/algorithms/basic.py" line="64" name="test_almost_equal_self[0-&lt;lambda&gt;4]" time="0.038774728775024414"></testcase><testcase classname="src.pymortests.algorithms.basic" file="src/pymortests/algorithms/basic.py" line="64" name="test_almost_equal_self[0-&lt;lambda&gt;5]" time="0.01547384262084961"></testcase><testcase classname="src.pymortests.algorithms.basic" file="src/pymortests/algorithms/basic.py" line="64" name="test_almost_equal_self[0-&lt;lambda&gt;6]" time="0.015167713165283203"></testcase><testcase classname="src.pymortests.algorithms.basic" file="src/pymortests/algorithms/basic.py" line="64" name="test_almost_equal_self[0-&lt;lambda&gt;7]" time="0.22889065742492676"></testcase><testcase classname="src.pymortests.algorithms.basic" file="src/pymortests/algorithms/basic.py" line="64" name="test_almost_equal_self[0-&lt;lambda&gt;8]" time="1.548262357711792"></testcase><testcase classname="src.pymortests.algorithms.basic" file="src/pymortests/algorithms/basic.py" line="64" name="test_almost_equal_self[0-&lt;lambda&gt;9]" time="0.26027584075927734"></testcase><testcase classname="src.pymortests.algorithms.basic" file="src/pymortests/algorithms/basic.py" line="64" name="test_almost_equal_self[0-&lt;lambda&gt;10]" time="0.0343930721282959"></testcase><testcase classname="src.pymortests.algorithms.basic" file="src/pymortests/algorithms/basic.py" line="64" name="test_almost_equal_self[0-&lt;lambda&gt;11]" time="0.4059560298919678"></testcase><testcase classname="src.pymortests.algorithms.basic" file="src/pymortests/algorithms/basic.py" line="64" name="test_almost_equal_self[0-&lt;lambda&gt;12]" time="0.05960202217102051"></testcase><testcase classname="src.pymortests.algorithms.basic" file="src/pymortests/algorithms/basic.py" line="64" name="test_almost_equal_self[0-&lt;lambda&gt;13]" time="0.2148432731628418"></testcase><testcase classname="src.pymortests.algorithms.basic" file="src/pymortests/algorithms/basic.py" line="64" name="test_almost_equal_self[0-&lt;lambda&gt;14]" time="0.389751672744751"></testcase><testcase classname="src.pymortests.algorithms.basic" file="src/pymortests/algorithms/basic.py" line="64" name="test_almost_equal_self[0-&lt;lambda&gt;15]" time="0.6516845226287842"></testcase><testcase classname="src.pymortests.algorithms.basic" file="src/pymortests/algorithms/basic.py" line="64" name="test_almost_equal_self[0-&lt;lambda&gt;16]" time="0.7348508834838867"></testcase><testcase classname="src.pymortests.algorithms.basic" file="src/pymortests/algorithms/basic.py" line="64" name="test_almost_equal_self[0-&lt;lambda&gt;17]" time="0.04610753059387207"></testcase><testcase classname="src.pymortests.algorithms.basic" file="src/pymortests/algorithms/basic.py" line="64" name="test_almost_equal_self[0-&lt;lambda&gt;18]" time="0.04706549644470215"></testcase><testcase classname="src.pymortests.algorithms.basic" file="src/pymortests/algorithms/basic.py" line="64" name="test_almost_equal_self[0-&lt;lambda&gt;19]" time="1.3654496669769287"></testcase><testcase classname="src.pymortests.algorithms.basic" file="src/pymortests/algorithms/basic.py" line="64" name="test_almost_equal_self[0-&lt;lambda&gt;20]" time="4.144954442977905"></testcase><testcase classname="src.pymortests.algorithms.basic" file="src/pymortests/algorithms/basic.py" line="64" name="test_almost_equal_self[0-&lt;lambda&gt;21]" time="9.038418054580688"></testcase><testcase classname="src.pymortests.algorithms.basic" file="src/pymortests/algorithms/basic.py" line="64" name="test_almost_equal_self[0-&lt;lambda&gt;22]" time="0.01635575294494629"></testcase><testcase classname="src.pymortests.algorithms.basic" file="src/pymortests/algorithms/basic.py" line="64" name="test_almost_equal_self[0-&lt;lambda&gt;23]" time="0.016829967498779297"></testcase><testcase classname="src.pymortests.algorithms.basic" file="src/pymortests/algorithms/basic.py" line="64" name="test_almost_equal_self[0-&lt;lambda&gt;24]" time="3.5439579486846924"></testcase><testcase classname="src.pymortests.algorithms.basic" file="src/pymortests/algorithms/basic.py" line="64" name="test_almost_equal_self[0-&lt;lambda&gt;25]" time="49.66098427772522"></testcase><testcase classname="src.pymortests.algorithms.basic" file="src/pymortests/algorithms/basic.py" line="64" name="test_almost_equal_self[0-&lt;lambda&gt;26]" time="7.226496934890747"></testcase><testcase classname="src.pymortests.algorithms.basic" file="src/pymortests/algorithms/basic.py" line="64" name="test_almost_equal_self[1-&lt;lambda&gt;0]" time="0.017015933990478516"></testcase><testcase classname="src.pymortests.algorithms.basic" file="src/pymortests/algorithms/basic.py" line="64" name="test_almost_equal_self[1-&lt;lambda&gt;1]" time="0.01819324493408203"></testcase><testcase classname="src.pymortests.algorithms.basic" file="src/pymortests/algorithms/basic.py" line="64" name="test_almost_equal_self[1-&lt;lambda&gt;2]" time="0.1361374855041504"></testcase><testcase classname="src.pymortests.algorithms.basic" file="src/pymortests/algorithms/basic.py" line="64" name="test_almost_equal_self[1-&lt;lambda&gt;3]" time="0.21296930313110352"></testcase><testcase classname="src.pymortests.algorithms.basic" file="src/pymortests/algorithms/basic.py" line="64" name="test_almost_equal_self[1-&lt;lambda&gt;4]" time="0.040084123611450195"></testcase><testcase classname="src.pymortests.algorithms.basic" file="src/pymortests/algorithms/basic.py" line="64" name="test_almost_equal_self[1-&lt;lambda&gt;5]" time="0.015359163284301758"></testcase><testcase classname="src.pymortests.algorithms.basic" file="src/pymortests/algorithms/basic.py" line="64" name="test_almost_equal_self[1-&lt;lambda&gt;6]" time="0.015036582946777344"></testcase><testcase classname="src.pymortests.algorithms.basic" file="src/pymortests/algorithms/basic.py" line="64" name="test_almost_equal_self[1-&lt;lambda&gt;7]" time="0.23181390762329102"></testcase><testcase classname="src.pymortests.algorithms.basic" file="src/pymortests/algorithms/basic.py" line="64" name="test_almost_equal_self[1-&lt;lambda&gt;8]" time="1.55000901222229"></testcase><testcase classname="src.pymortests.algorithms.basic" file="src/pymortests/algorithms/basic.py" line="64" name="test_almost_equal_self[1-&lt;lambda&gt;9]" time="0.2618591785430908"></testcase><testcase classname="src.pymortests.algorithms.basic" file="src/pymortests/algorithms/basic.py" line="64" name="test_almost_equal_self[1-&lt;lambda&gt;10]" time="0.03471970558166504"></testcase><testcase classname="src.pymortests.algorithms.basic" file="src/pymortests/algorithms/basic.py" line="64" name="test_almost_equal_self[1-&lt;lambda&gt;11]" time="0.4019784927368164"></testcase><testcase classname="src.pymortests.algorithms.basic" file="src/pymortests/algorithms/basic.py" line="64" name="test_almost_equal_self[1-&lt;lambda&gt;12]" time="0.05915069580078125"></testcase><testcase classname="src.pymortests.algorithms.basic" file="src/pymortests/algorithms/basic.py" line="64" name="test_almost_equal_self[1-&lt;lambda&gt;13]" time="0.21641278266906738"></testcase><testcase classname="src.pymortests.algorithms.basic" file="src/pymortests/algorithms/basic.py" line="64" name="test_almost_equal_self[1-&lt;lambda&gt;14]" time="0.3902442455291748"></testcase><testcase classname="src.pymortests.algorithms.basic" file="src/pymortests/algorithms/basic.py" line="64" name="test_almost_equal_self[1-&lt;lambda&gt;15]" time="0.644298791885376"></testcase><testcase classname="src.pymortests.algorithms.basic" file="src/pymortests/algorithms/basic.py" line="64" name="test_almost_equal_self[1-&lt;lambda&gt;16]" time="0.7305400371551514"></testcase><testcase classname="src.pymortests.algorithms.basic" file="src/pymortests/algorithms/basic.py" line="64" name="test_almost_equal_self[1-&lt;lambda&gt;17]" time="0.04632163047790527"></testcase><testcase classname="src.pymortests.algorithms.basic" file="src/pymortests/algorithms/basic.py" line="64" name="test_almost_equal_self[1-&lt;lambda&gt;18]" time="0.04559659957885742"></testcase><testcase classname="src.pymortests.algorithms.basic" file="src/pymortests/algorithms/basic.py" line="64" name="test_almost_equal_self[1-&lt;lambda&gt;19]" time="1.3602328300476074"></testcase><testcase classname="src.pymortests.algorithms.basic" file="src/pymortests/algorithms/basic.py" line="64" name="test_almost_equal_self[1-&lt;lambda&gt;20]" time="4.185862302780151"></testcase><testcase classname="src.pymortests.algorithms.basic" file="src/pymortests/algorithms/basic.py" line="64" name="test_almost_equal_self[1-&lt;lambda&gt;21]" time="9.113780498504639"></testcase><testcase classname="src.pymortests.algorithms.basic" file="src/pymortests/algorithms/basic.py" line="64" name="test_almost_equal_self[1-&lt;lambda&gt;22]" time="0.0165865421295166"></testcase><testcase classname="src.pymortests.algorithms.basic" file="src/pymortests/algorithms/basic.py" line="64" name="test_almost_equal_self[1-&lt;lambda&gt;23]" time="0.016788959503173828"></testcase><testcase classname="src.pymortests.algorithms.basic" file="src/pymortests/algorithms/basic.py" line="64" name="test_almost_equal_self[1-&lt;lambda&gt;24]" time="3.5434072017669678"></testcase><testcase classname="src.pymortests.algorithms.basic" file="src/pymortests/algorithms/basic.py" line="64" name="test_almost_equal_self[1-&lt;lambda&gt;25]" time="49.66369676589966"></testcase><testcase classname="src.pymortests.algorithms.basic" file="src/pymortests/algorithms/basic.py" line="64" name="test_almost_equal_self[1-&lt;lambda&gt;26]" time="7.126803398132324"></testcase><testcase classname="src.pymortests.algorithms.basic" file="src/pymortests/algorithms/basic.py" line="64" name="test_almost_equal_self[2-&lt;lambda&gt;0]" time="0.016089916229248047"></testcase><testcase classname="src.pymortests.algorithms.basic" file="src/pymortests/algorithms/basic.py" line="64" name="test_almost_equal_self[2-&lt;lambda&gt;1]" time="0.017081022262573242"></testcase><testcase classname="src.pymortests.algorithms.basic" file="src/pymortests/algorithms/basic.py" line="64" name="test_almost_equal_self[2-&lt;lambda&gt;2]" time="0.13621139526367188"></testcase><testcase classname="src.pymortests.algorithms.basic" file="src/pymortests/algorithms/basic.py" line="64" name="test_almost_equal_self[2-&lt;lambda&gt;3]" time="0.21583771705627441"></testcase><testcase classname="src.pymortests.algorithms.basic" file="src/pymortests/algorithms/basic.py" line="64" name="test_almost_equal_self[2-&lt;lambda&gt;4]" time="0.03804969787597656"></testcase><testcase classname="src.pymortests.algorithms.basic" file="src/pymortests/algorithms/basic.py" line="64" name="test_almost_equal_self[2-&lt;lambda&gt;5]" time="0.013974189758300781"></testcase><testcase classname="src.pymortests.algorithms.basic" file="src/pymortests/algorithms/basic.py" line="64" name="test_almost_equal_self[2-&lt;lambda&gt;6]" time="0.014064550399780273"></testcase><testcase classname="src.pymortests.algorithms.basic" file="src/pymortests/algorithms/basic.py" line="64" name="test_almost_equal_self[2-&lt;lambda&gt;7]" time="0.22945713996887207"></testcase><testcase classname="src.pymortests.algorithms.basic" file="src/pymortests/algorithms/basic.py" line="64" name="test_almost_equal_self[2-&lt;lambda&gt;8]" time="1.546678066253662"></testcase><testcase classname="src.pymortests.algorithms.basic" file="src/pymortests/algorithms/basic.py" line="64" name="test_almost_equal_self[2-&lt;lambda&gt;9]" time="0.2604947090148926"></testcase><testcase classname="src.pymortests.algorithms.basic" file="src/pymortests/algorithms/basic.py" line="64" name="test_almost_equal_self[2-&lt;lambda&gt;10]" time="0.035178184509277344"></testcase><testcase classname="src.pymortests.algorithms.basic" file="src/pymortests/algorithms/basic.py" line="64" name="test_almost_equal_self[2-&lt;lambda&gt;11]" time="0.4072902202606201"></testcase><testcase classname="src.pymortests.algorithms.basic" file="src/pymortests/algorithms/basic.py" line="64" name="test_almost_equal_self[2-&lt;lambda&gt;12]" time="0.05950450897216797"></testcase><testcase classname="src.pymortests.algorithms.basic" file="src/pymortests/algorithms/basic.py" line="64" name="test_almost_equal_self[2-&lt;lambda&gt;13]" time="0.21751093864440918"></testcase><testcase classname="src.pymortests.algorithms.basic" file="src/pymortests/algorithms/basic.py" line="64" name="test_almost_equal_self[2-&lt;lambda&gt;14]" time="0.39103198051452637"></testcase><testcase classname="src.pymortests.algorithms.basic" file="src/pymortests/algorithms/basic.py" line="64" name="test_almost_equal_self[2-&lt;lambda&gt;15]" time="0.6595790386199951"></testcase><testcase classname="src.pymortests.algorithms.basic" file="src/pymortests/algorithms/basic.py" line="64" name="test_almost_equal_self[2-&lt;lambda&gt;16]" time="0.7325198650360107"></testcase><testcase classname="src.pymortests.algorithms.basic" file="src/pymortests/algorithms/basic.py" line="64" name="test_almost_equal_self[2-&lt;lambda&gt;17]" time="0.045058250427246094"></testcase><testcase classname="src.pymortests.algorithms.basic" file="src/pymortests/algorithms/basic.py" line="64" name="test_almost_equal_self[2-&lt;lambda&gt;18]" time="0.04543352127075195"></testcase><testcase classname="src.pymortests.algorithms.basic" file="src/pymortests/algorithms/basic.py" line="64" name="test_almost_equal_self[2-&lt;lambda&gt;19]" time="1.3784120082855225"></testcase><testcase classname="src.pymortests.algorithms.basic" file="src/pymortests/algorithms/basic.py" line="64" name="test_almost_equal_self[2-&lt;lambda&gt;20]" time="4.134676933288574"></testcase><testcase classname="src.pymortests.algorithms.basic" file="src/pymortests/algorithms/basic.py" line="64" name="test_almost_equal_self[2-&lt;lambda&gt;21]" time="9.202362537384033"></testcase><testcase classname="src.pymortests.algorithms.basic" file="src/pymortests/algorithms/basic.py" line="64" name="test_almost_equal_self[2-&lt;lambda&gt;22]" time="0.01639080047607422"></testcase><testcase classname="src.pymortests.algorithms.basic" file="src/pymortests/algorithms/basic.py" line="64" name="test_almost_equal_self[2-&lt;lambda&gt;23]" time="0.02360057830810547"></testcase><testcase classname="src.pymortests.algorithms.basic" file="src/pymortests/algorithms/basic.py" line="64" name="test_almost_equal_self[2-&lt;lambda&gt;24]" time="3.5183780193328857"></testcase><testcase classname="src.pymortests.algorithms.basic" file="src/pymortests/algorithms/basic.py" line="64" name="test_almost_equal_self[2-&lt;lambda&gt;25]" time="49.553629636764526"></testcase><testcase classname="src.pymortests.algorithms.basic" file="src/pymortests/algorithms/basic.py" line="64" name="test_almost_equal_self[2-&lt;lambda&gt;26]" time="7.115874290466309"></testcase><testcase classname="src.pymortests.algorithms.basic" file="src/pymortests/algorithms/basic.py" line="104" name="test_almost_equal_self_product[&lt;lambda&gt;0]" time="0.28371119499206543"><system-err>18:04 DiffusionOperatorP1: Calulate gradients of shape functions transformed by reference map ...
18:04 DiffusionOperatorP1: Calculate all local scalar products beween gradients ...
18:04 DiffusionOperatorP1: Determine global dofs ...
18:04 DiffusionOperatorP1: Boundary treatment ...
18:04 DiffusionOperatorP1: Assemble system matrix ...
18:04 DiffusionOperatorP1: Calulate gradients of shape functions transformed by reference map ...
18:04 DiffusionOperatorP1: Calculate all local scalar products beween gradients ...
18:04 DiffusionOperatorP1: Determine global dofs ...
18:04 DiffusionOperatorP1: Boundary treatment ...
18:04 DiffusionOperatorP1: Assemble system matrix ...
18:04 DiffusionOperatorP1: Calulate gradients of shape functions transformed by reference map ...
18:04 DiffusionOperatorP1: Calculate all local scalar products beween gradients ...
18:04 DiffusionOperatorP1: Determine global dofs ...
18:04 DiffusionOperatorP1: Boundary treatment ...
18:04 DiffusionOperatorP1: Assemble system matrix ...
18:04 DiffusionOperatorP1: Calulate gradients of shape functions transformed by reference map ...
18:04 DiffusionOperatorP1: Calculate all local scalar products beween gradients ...
18:04 DiffusionOperatorP1: Determine global dofs ...
18:04 DiffusionOperatorP1: Boundary treatment ...
18:04 DiffusionOperatorP1: Assemble system matrix ...
18:04 DiffusionOperatorP1: Calulate gradients of shape functions transformed by reference map ...
18:04 DiffusionOperatorP1: Calculate all local scalar products beween gradients ...
18:04 DiffusionOperatorP1: Determine global dofs ...
18:04 DiffusionOperatorP1: Boundary treatment ...
18:04 DiffusionOperatorP1: Assemble system matrix ...
18:04 L2ProductP1: Integrate the products of the shape functions on each element
18:04 L2ProductP1: Determine global dofs ...
18:04 L2ProductP1: Boundary treatment ...
18:04 L2ProductP1: Assemble system matrix ...
18:04 DiffusionOperatorP1: Calulate gradients of shape functions transformed by reference map ...
18:04 DiffusionOperatorP1: Calculate all local scalar products beween gradients ...
18:04 DiffusionOperatorP1: Determine global dofs ...
18:04 DiffusionOperatorP1: Boundary treatment ...
18:04 DiffusionOperatorP1: Assemble system matrix ...
18:04 L2ProductP1: Integrate the products of the shape functions on each element
18:04 L2ProductP1: Determine global dofs ...
18:04 L2ProductP1: Boundary treatment ...
18:04 L2ProductP1: Assemble system matrix ...
18:04 DiffusionOperatorP1: Calulate gradients of shape functions transformed by reference map ...
18:04 DiffusionOperatorP1: Calculate all local scalar products beween gradients ...
18:04 DiffusionOperatorP1: Determine global dofs ...
18:04 DiffusionOperatorP1: Boundary treatment ...
18:04 DiffusionOperatorP1: Assemble system matrix ...
</system-err></testcase><testcase classname="src.pymortests.algorithms.basic" file="src/pymortests/algorithms/basic.py" line="104" name="test_almost_equal_self_product[&lt;lambda&gt;1]" time="0.2833261489868164"><system-err>18:04 DiffusionOperatorP1: Calulate gradients of shape functions transformed by reference map ...
18:04 DiffusionOperatorP1: Calculate all local scalar products beween gradients ...
18:04 DiffusionOperatorP1: Determine global dofs ...
18:04 DiffusionOperatorP1: Boundary treatment ...
18:04 DiffusionOperatorP1: Assemble system matrix ...
18:04 DiffusionOperatorP1: Calulate gradients of shape functions transformed by reference map ...
18:04 DiffusionOperatorP1: Calculate all local scalar products beween gradients ...
18:04 DiffusionOperatorP1: Determine global dofs ...
18:04 DiffusionOperatorP1: Boundary treatment ...
18:04 DiffusionOperatorP1: Assemble system matrix ...
18:04 L2ProductP1: Integrate the products of the shape functions on each element
18:04 L2ProductP1: Determine global dofs ...
18:04 L2ProductP1: Boundary treatment ...
18:04 L2ProductP1: Assemble system matrix ...
18:04 DiffusionOperatorP1: Calulate gradients of shape functions transformed by reference map ...
18:04 DiffusionOperatorP1: Calculate all local scalar products beween gradients ...
18:04 DiffusionOperatorP1: Determine global dofs ...
18:04 DiffusionOperatorP1: Boundary treatment ...
18:04 DiffusionOperatorP1: Assemble system matrix ...
18:04 L2ProductP1: Integrate the products of the shape functions on each element
18:04 L2ProductP1: Determine global dofs ...
18:04 L2ProductP1: Boundary treatment ...
18:04 L2ProductP1: Assemble system matrix ...
18:04 DiffusionOperatorP1: Calulate gradients of shape functions transformed by reference map ...
18:04 DiffusionOperatorP1: Calculate all local scalar products beween gradients ...
18:04 DiffusionOperatorP1: Determine global dofs ...
18:04 DiffusionOperatorP1: Boundary treatment ...
18:04 DiffusionOperatorP1: Assemble system matrix ...
</system-err></testcase><testcase classname="src.pymortests.algorithms.basic" file="src/pymortests/algorithms/basic.py" line="104" name="test_almost_equal_self_product[&lt;lambda&gt;2]" time="0.28733086585998535"><system-err>18:05 DiffusionOperatorP1: Calulate gradients of shape functions transformed by reference map ...
18:05 DiffusionOperatorP1: Calculate all local scalar products beween gradients ...
18:05 DiffusionOperatorP1: Determine global dofs ...
18:05 DiffusionOperatorP1: Boundary treatment ...
18:05 DiffusionOperatorP1: Assemble system matrix ...
18:05 DiffusionOperatorP1: Calulate gradients of shape functions transformed by reference map ...
18:05 DiffusionOperatorP1: Calculate all local scalar products beween gradients ...
18:05 DiffusionOperatorP1: Determine global dofs ...
18:05 DiffusionOperatorP1: Boundary treatment ...
18:05 DiffusionOperatorP1: Assemble system matrix ...
18:05 DiffusionOperatorP1: Calulate gradients of shape functions transformed by reference map ...
18:05 DiffusionOperatorP1: Calculate all local scalar products beween gradients ...
18:05 DiffusionOperatorP1: Determine global dofs ...
18:05 DiffusionOperatorP1: Boundary treatment ...
18:05 DiffusionOperatorP1: Assemble system matrix ...
18:05 DiffusionOperatorP1: Calulate gradients of shape functions transformed by reference map ...
18:05 DiffusionOperatorP1: Calculate all local scalar products beween gradients ...
18:05 DiffusionOperatorP1: Determine global dofs ...
18:05 DiffusionOperatorP1: Boundary treatment ...
18:05 DiffusionOperatorP1: Assemble system matrix ...
18:05 DiffusionOperatorP1: Calulate gradients of shape functions transformed by reference map ...
18:05 DiffusionOperatorP1: Calculate all local scalar products beween gradients ...
18:05 DiffusionOperatorP1: Determine global dofs ...
18:05 DiffusionOperatorP1: Boundary treatment ...
18:05 DiffusionOperatorP1: Assemble system matrix ...
18:05 L2ProductP1: Integrate the products of the shape functions on each element
18:05 L2ProductP1: Determine global dofs ...
18:05 L2ProductP1: Boundary treatment ...
18:05 L2ProductP1: Assemble system matrix ...
18:05 DiffusionOperatorP1: Calulate gradients of shape functions transformed by reference map ...
18:05 DiffusionOperatorP1: Calculate all local scalar products beween gradients ...
18:05 DiffusionOperatorP1: Determine global dofs ...
18:05 DiffusionOperatorP1: Boundary treatment ...
18:05 DiffusionOperatorP1: Assemble system matrix ...
18:05 L2ProductP1: Integrate the products of the shape functions on each element
18:05 L2ProductP1: Determine global dofs ...
18:05 L2ProductP1: Boundary treatment ...
18:05 L2ProductP1: Assemble system matrix ...
18:05 DiffusionOperatorP1: Calulate gradients of shape functions transformed by reference map ...
18:05 DiffusionOperatorP1: Calculate all local scalar products beween gradients ...
18:05 DiffusionOperatorP1: Determine global dofs ...
18:05 DiffusionOperatorP1: Boundary treatment ...
18:05 DiffusionOperatorP1: Assemble system matrix ...
</system-err></testcase><testcase classname="src.pymortests.algorithms.basic" file="src/pymortests/algorithms/basic.py" line="104" name="test_almost_equal_self_product[&lt;lambda&gt;3]" time="0.28754401206970215"><system-err>18:05 DiffusionOperatorP1: Calulate gradients of shape functions transformed by reference map ...
18:05 DiffusionOperatorP1: Calculate all local scalar products beween gradients ...
18:05 DiffusionOperatorP1: Determine global dofs ...
18:05 DiffusionOperatorP1: Boundary treatment ...
18:05 DiffusionOperatorP1: Assemble system matrix ...
18:05 DiffusionOperatorP1: Calulate gradients of shape functions transformed by reference map ...
18:05 DiffusionOperatorP1: Calculate all local scalar products beween gradients ...
18:05 DiffusionOperatorP1: Determine global dofs ...
18:05 DiffusionOperatorP1: Boundary treatment ...
18:05 DiffusionOperatorP1: Assemble system matrix ...
18:05 L2ProductP1: Integrate the products of the shape functions on each element
18:05 L2ProductP1: Determine global dofs ...
18:05 L2ProductP1: Boundary treatment ...
18:05 L2ProductP1: Assemble system matrix ...
18:05 DiffusionOperatorP1: Calulate gradients of shape functions transformed by reference map ...
18:05 DiffusionOperatorP1: Calculate all local scalar products beween gradients ...
18:05 DiffusionOperatorP1: Determine global dofs ...
18:05 DiffusionOperatorP1: Boundary treatment ...
18:05 DiffusionOperatorP1: Assemble system matrix ...
18:05 L2ProductP1: Integrate the products of the shape functions on each element
18:05 L2ProductP1: Determine global dofs ...
18:05 L2ProductP1: Boundary treatment ...
18:05 L2ProductP1: Assemble system matrix ...
18:05 DiffusionOperatorP1: Calulate gradients of shape functions transformed by reference map ...
18:05 DiffusionOperatorP1: Calculate all local scalar products beween gradients ...
18:05 DiffusionOperatorP1: Determine global dofs ...
18:05 DiffusionOperatorP1: Boundary treatment ...
18:05 DiffusionOperatorP1: Assemble system matrix ...
</system-err></testcase><testcase classname="src.pymortests.algorithms.basic" file="src/pymortests/algorithms/basic.py" line="104" name="test_almost_equal_self_product[&lt;lambda&gt;4]" time="0.284959077835083"><system-err>18:05 DiffusionOperatorP1: Calulate gradients of shape functions transformed by reference map ...
18:05 DiffusionOperatorP1: Calculate all local scalar products beween gradients ...
18:05 DiffusionOperatorP1: Determine global dofs ...
18:05 DiffusionOperatorP1: Boundary treatment ...
18:05 DiffusionOperatorP1: Assemble system matrix ...
18:05 DiffusionOperatorP1: Calulate gradients of shape functions transformed by reference map ...
18:05 DiffusionOperatorP1: Calculate all local scalar products beween gradients ...
18:05 DiffusionOperatorP1: Determine global dofs ...
18:05 DiffusionOperatorP1: Boundary treatment ...
18:05 DiffusionOperatorP1: Assemble system matrix ...
18:05 DiffusionOperatorP1: Calulate gradients of shape functions transformed by reference map ...
18:05 DiffusionOperatorP1: Calculate all local scalar products beween gradients ...
18:05 DiffusionOperatorP1: Determine global dofs ...
18:05 DiffusionOperatorP1: Boundary treatment ...
18:05 DiffusionOperatorP1: Assemble system matrix ...
18:05 DiffusionOperatorP1: Calulate gradients of shape functions transformed by reference map ...
18:05 DiffusionOperatorP1: Calculate all local scalar products beween gradients ...
18:05 DiffusionOperatorP1: Determine global dofs ...
18:05 DiffusionOperatorP1: Boundary treatment ...
18:05 DiffusionOperatorP1: Assemble system matrix ...
18:05 DiffusionOperatorP1: Calulate gradients of shape functions transformed by reference map ...
18:05 DiffusionOperatorP1: Calculate all local scalar products beween gradients ...
18:05 DiffusionOperatorP1: Determine global dofs ...
18:05 DiffusionOperatorP1: Boundary treatment ...
18:05 DiffusionOperatorP1: Assemble system matrix ...
18:05 L2ProductP1: Integrate the products of the shape functions on each element
18:05 L2ProductP1: Determine global dofs ...
18:05 L2ProductP1: Boundary treatment ...
18:05 L2ProductP1: Assemble system matrix ...
18:05 DiffusionOperatorP1: Calulate gradients of shape functions transformed by reference map ...
18:05 DiffusionOperatorP1: Calculate all local scalar products beween gradients ...
18:05 DiffusionOperatorP1: Determine global dofs ...
18:05 DiffusionOperatorP1: Boundary treatment ...
18:05 DiffusionOperatorP1: Assemble system matrix ...
18:05 L2ProductP1: Integrate the products of the shape functions on each element
18:05 L2ProductP1: Determine global dofs ...
18:05 L2ProductP1: Boundary treatment ...
18:05 L2ProductP1: Assemble system matrix ...
18:05 DiffusionOperatorP1: Calulate gradients of shape functions transformed by reference map ...
18:05 DiffusionOperatorP1: Calculate all local scalar products beween gradients ...
18:05 DiffusionOperatorP1: Determine global dofs ...
18:05 DiffusionOperatorP1: Boundary treatment ...
18:05 DiffusionOperatorP1: Assemble system matrix ...
</system-err></testcase><testcase classname="src.pymortests.algorithms.basic" file="src/pymortests/algorithms/basic.py" line="104" name="test_almost_equal_self_product[&lt;lambda&gt;5]" time="0.28836560249328613"><system-err>18:05 DiffusionOperatorP1: Calulate gradients of shape functions transformed by reference map ...
18:05 DiffusionOperatorP1: Calculate all local scalar products beween gradients ...
18:05 DiffusionOperatorP1: Determine global dofs ...
18:05 DiffusionOperatorP1: Boundary treatment ...
18:05 DiffusionOperatorP1: Assemble system matrix ...
18:05 DiffusionOperatorP1: Calulate gradients of shape functions transformed by reference map ...
18:05 DiffusionOperatorP1: Calculate all local scalar products beween gradients ...
18:05 DiffusionOperatorP1: Determine global dofs ...
18:05 DiffusionOperatorP1: Boundary treatment ...
18:05 DiffusionOperatorP1: Assemble system matrix ...
18:05 L2ProductP1: Integrate the products of the shape functions on each element
18:05 L2ProductP1: Determine global dofs ...
18:05 L2ProductP1: Boundary treatment ...
18:05 L2ProductP1: Assemble system matrix ...
18:05 DiffusionOperatorP1: Calulate gradients of shape functions transformed by reference map ...
18:05 DiffusionOperatorP1: Calculate all local scalar products beween gradients ...
18:05 DiffusionOperatorP1: Determine global dofs ...
18:05 DiffusionOperatorP1: Boundary treatment ...
18:05 DiffusionOperatorP1: Assemble system matrix ...
18:05 L2ProductP1: Integrate the products of the shape functions on each element
18:05 L2ProductP1: Determine global dofs ...
18:05 L2ProductP1: Boundary treatment ...
18:05 L2ProductP1: Assemble system matrix ...
18:05 DiffusionOperatorP1: Calulate gradients of shape functions transformed by reference map ...
18:05 DiffusionOperatorP1: Calculate all local scalar products beween gradients ...
18:05 DiffusionOperatorP1: Determine global dofs ...
18:05 DiffusionOperatorP1: Boundary treatment ...
18:05 DiffusionOperatorP1: Assemble system matrix ...
</system-err></testcase><testcase classname="src.pymortests.algorithms.basic" file="src/pymortests/algorithms/basic.py" line="104" name="test_almost_equal_self_product[&lt;lambda&gt;6]" time="0.2857234477996826"><system-err>18:06 DiffusionOperatorP1: Calulate gradients of shape functions transformed by reference map ...
18:06 DiffusionOperatorP1: Calculate all local scalar products beween gradients ...
18:06 DiffusionOperatorP1: Determine global dofs ...
18:06 DiffusionOperatorP1: Boundary treatment ...
18:06 DiffusionOperatorP1: Assemble system matrix ...
18:06 DiffusionOperatorP1: Calulate gradients of shape functions transformed by reference map ...
18:06 DiffusionOperatorP1: Calculate all local scalar products beween gradients ...
18:06 DiffusionOperatorP1: Determine global dofs ...
18:06 DiffusionOperatorP1: Boundary treatment ...
18:06 DiffusionOperatorP1: Assemble system matrix ...
18:06 DiffusionOperatorP1: Calulate gradients of shape functions transformed by reference map ...
18:06 DiffusionOperatorP1: Calculate all local scalar products beween gradients ...
18:06 DiffusionOperatorP1: Determine global dofs ...
18:06 DiffusionOperatorP1: Boundary treatment ...
18:06 DiffusionOperatorP1: Assemble system matrix ...
18:06 DiffusionOperatorP1: Calulate gradients of shape functions transformed by reference map ...
18:06 DiffusionOperatorP1: Calculate all local scalar products beween gradients ...
18:06 DiffusionOperatorP1: Determine global dofs ...
18:06 DiffusionOperatorP1: Boundary treatment ...
18:06 DiffusionOperatorP1: Assemble system matrix ...
18:06 DiffusionOperatorP1: Calulate gradients of shape functions transformed by reference map ...
18:06 DiffusionOperatorP1: Calculate all local scalar products beween gradients ...
18:06 DiffusionOperatorP1: Determine global dofs ...
18:06 DiffusionOperatorP1: Boundary treatment ...
18:06 DiffusionOperatorP1: Assemble system matrix ...
18:06 L2ProductP1: Integrate the products of the shape functions on each element
18:06 L2ProductP1: Determine global dofs ...
18:06 L2ProductP1: Boundary treatment ...
18:06 L2ProductP1: Assemble system matrix ...
18:06 DiffusionOperatorP1: Calulate gradients of shape functions transformed by reference map ...
18:06 DiffusionOperatorP1: Calculate all local scalar products beween gradients ...
18:06 DiffusionOperatorP1: Determine global dofs ...
18:06 DiffusionOperatorP1: Boundary treatment ...
18:06 DiffusionOperatorP1: Assemble system matrix ...
18:06 L2ProductP1: Integrate the products of the shape functions on each element
18:06 L2ProductP1: Determine global dofs ...
18:06 L2ProductP1: Boundary treatment ...
18:06 L2ProductP1: Assemble system matrix ...
18:06 DiffusionOperatorP1: Calulate gradients of shape functions transformed by reference map ...
18:06 DiffusionOperatorP1: Calculate all local scalar products beween gradients ...
18:06 DiffusionOperatorP1: Determine global dofs ...
18:06 DiffusionOperatorP1: Boundary treatment ...
18:06 DiffusionOperatorP1: Assemble system matrix ...
</system-err></testcase><testcase classname="src.pymortests.algorithms.basic" file="src/pymortests/algorithms/basic.py" line="104" name="test_almost_equal_self_product[&lt;lambda&gt;7]" time="0.2892744541168213"><system-err>18:06 DiffusionOperatorP1: Calulate gradients of shape functions transformed by reference map ...
18:06 DiffusionOperatorP1: Calculate all local scalar products beween gradients ...
18:06 DiffusionOperatorP1: Determine global dofs ...
18:06 DiffusionOperatorP1: Boundary treatment ...
18:06 DiffusionOperatorP1: Assemble system matrix ...
18:06 DiffusionOperatorP1: Calulate gradients of shape functions transformed by reference map ...
18:06 DiffusionOperatorP1: Calculate all local scalar products beween gradients ...
18:06 DiffusionOperatorP1: Determine global dofs ...
18:06 DiffusionOperatorP1: Boundary treatment ...
18:06 DiffusionOperatorP1: Assemble system matrix ...
18:06 L2ProductP1: Integrate the products of the shape functions on each element
18:06 L2ProductP1: Determine global dofs ...
18:06 L2ProductP1: Boundary treatment ...
18:06 L2ProductP1: Assemble system matrix ...
18:06 DiffusionOperatorP1: Calulate gradients of shape functions transformed by reference map ...
18:06 DiffusionOperatorP1: Calculate all local scalar products beween gradients ...
18:06 DiffusionOperatorP1: Determine global dofs ...
18:06 DiffusionOperatorP1: Boundary treatment ...
18:06 DiffusionOperatorP1: Assemble system matrix ...
18:06 L2ProductP1: Integrate the products of the shape functions on each element
18:06 L2ProductP1: Determine global dofs ...
18:06 L2ProductP1: Boundary treatment ...
18:06 L2ProductP1: Assemble system matrix ...
18:06 DiffusionOperatorP1: Calulate gradients of shape functions transformed by reference map ...
18:06 DiffusionOperatorP1: Calculate all local scalar products beween gradients ...
18:06 DiffusionOperatorP1: Determine global dofs ...
18:06 DiffusionOperatorP1: Boundary treatment ...
18:06 DiffusionOperatorP1: Assemble system matrix ...
</system-err></testcase><testcase classname="src.pymortests.algorithms.basic" file="src/pymortests/algorithms/basic.py" line="104" name="test_almost_equal_self_product[&lt;lambda&gt;8]" time="0.28501057624816895"><system-err>18:06 DiffusionOperatorP1: Calulate gradients of shape functions transformed by reference map ...
18:06 DiffusionOperatorP1: Calculate all local scalar products beween gradients ...
18:06 DiffusionOperatorP1: Determine global dofs ...
18:06 DiffusionOperatorP1: Boundary treatment ...
18:06 DiffusionOperatorP1: Assemble system matrix ...
18:06 DiffusionOperatorP1: Calulate gradients of shape functions transformed by reference map ...
18:06 DiffusionOperatorP1: Calculate all local scalar products beween gradients ...
18:06 DiffusionOperatorP1: Determine global dofs ...
18:06 DiffusionOperatorP1: Boundary treatment ...
18:06 DiffusionOperatorP1: Assemble system matrix ...
18:06 DiffusionOperatorP1: Calulate gradients of shape functions transformed by reference map ...
18:06 DiffusionOperatorP1: Calculate all local scalar products beween gradients ...
18:06 DiffusionOperatorP1: Determine global dofs ...
18:06 DiffusionOperatorP1: Boundary treatment ...
18:06 DiffusionOperatorP1: Assemble system matrix ...
18:06 DiffusionOperatorP1: Calulate gradients of shape functions transformed by reference map ...
18:06 DiffusionOperatorP1: Calculate all local scalar products beween gradients ...
18:06 DiffusionOperatorP1: Determine global dofs ...
18:06 DiffusionOperatorP1: Boundary treatment ...
18:06 DiffusionOperatorP1: Assemble system matrix ...
18:06 DiffusionOperatorP1: Calulate gradients of shape functions transformed by reference map ...
18:06 DiffusionOperatorP1: Calculate all local scalar products beween gradients ...
18:06 DiffusionOperatorP1: Determine global dofs ...
18:06 DiffusionOperatorP1: Boundary treatment ...
18:06 DiffusionOperatorP1: Assemble system matrix ...
18:06 L2ProductP1: Integrate the products of the shape functions on each element
18:06 L2ProductP1: Determine global dofs ...
18:06 L2ProductP1: Boundary treatment ...
18:06 L2ProductP1: Assemble system matrix ...
18:06 DiffusionOperatorP1: Calulate gradients of shape functions transformed by reference map ...
18:06 DiffusionOperatorP1: Calculate all local scalar products beween gradients ...
18:06 DiffusionOperatorP1: Determine global dofs ...
18:06 DiffusionOperatorP1: Boundary treatment ...
18:06 DiffusionOperatorP1: Assemble system matrix ...
18:06 L2ProductP1: Integrate the products of the shape functions on each element
18:06 L2ProductP1: Determine global dofs ...
18:06 L2ProductP1: Boundary treatment ...
18:06 L2ProductP1: Assemble system matrix ...
18:06 DiffusionOperatorP1: Calulate gradients of shape functions transformed by reference map ...
18:06 DiffusionOperatorP1: Calculate all local scalar products beween gradients ...
18:06 DiffusionOperatorP1: Determine global dofs ...
18:06 DiffusionOperatorP1: Boundary treatment ...
18:06 DiffusionOperatorP1: Assemble system matrix ...
</system-err></testcase><testcase classname="src.pymortests.algorithms.basic" file="src/pymortests/algorithms/basic.py" line="104" name="test_almost_equal_self_product[&lt;lambda&gt;9]" time="0.2869269847869873"><system-err>18:07 DiffusionOperatorP1: Calulate gradients of shape functions transformed by reference map ...
18:07 DiffusionOperatorP1: Calculate all local scalar products beween gradients ...
18:07 DiffusionOperatorP1: Determine global dofs ...
18:07 DiffusionOperatorP1: Boundary treatment ...
18:07 DiffusionOperatorP1: Assemble system matrix ...
18:07 DiffusionOperatorP1: Calulate gradients of shape functions transformed by reference map ...
18:07 DiffusionOperatorP1: Calculate all local scalar products beween gradients ...
18:07 DiffusionOperatorP1: Determine global dofs ...
18:07 DiffusionOperatorP1: Boundary treatment ...
18:07 DiffusionOperatorP1: Assemble system matrix ...
18:07 L2ProductP1: Integrate the products of the shape functions on each element
18:07 L2ProductP1: Determine global dofs ...
18:07 L2ProductP1: Boundary treatment ...
18:07 L2ProductP1: Assemble system matrix ...
18:07 DiffusionOperatorP1: Calulate gradients of shape functions transformed by reference map ...
18:07 DiffusionOperatorP1: Calculate all local scalar products beween gradients ...
18:07 DiffusionOperatorP1: Determine global dofs ...
18:07 DiffusionOperatorP1: Boundary treatment ...
18:07 DiffusionOperatorP1: Assemble system matrix ...
18:07 L2ProductP1: Integrate the products of the shape functions on each element
18:07 L2ProductP1: Determine global dofs ...
18:07 L2ProductP1: Boundary treatment ...
18:07 L2ProductP1: Assemble system matrix ...
18:07 DiffusionOperatorP1: Calulate gradients of shape functions transformed by reference map ...
18:07 DiffusionOperatorP1: Calculate all local scalar products beween gradients ...
18:07 DiffusionOperatorP1: Determine global dofs ...
18:07 DiffusionOperatorP1: Boundary treatment ...
18:07 DiffusionOperatorP1: Assemble system matrix ...
</system-err></testcase><testcase classname="src.pymortests.algorithms.basic" file="src/pymortests/algorithms/basic.py" line="104" name="test_almost_equal_self_product[&lt;lambda&gt;10]" time="0.28516483306884766"><system-err>18:07 DiffusionOperatorP1: Calulate gradients of shape functions transformed by reference map ...
18:07 DiffusionOperatorP1: Calculate all local scalar products beween gradients ...
18:07 DiffusionOperatorP1: Determine global dofs ...
18:07 DiffusionOperatorP1: Boundary treatment ...
18:07 DiffusionOperatorP1: Assemble system matrix ...
18:07 DiffusionOperatorP1: Calulate gradients of shape functions transformed by reference map ...
18:07 DiffusionOperatorP1: Calculate all local scalar products beween gradients ...
18:07 DiffusionOperatorP1: Determine global dofs ...
18:07 DiffusionOperatorP1: Boundary treatment ...
18:07 DiffusionOperatorP1: Assemble system matrix ...
18:07 DiffusionOperatorP1: Calulate gradients of shape functions transformed by reference map ...
18:07 DiffusionOperatorP1: Calculate all local scalar products beween gradients ...
18:07 DiffusionOperatorP1: Determine global dofs ...
18:07 DiffusionOperatorP1: Boundary treatment ...
18:07 DiffusionOperatorP1: Assemble system matrix ...
18:07 DiffusionOperatorP1: Calulate gradients of shape functions transformed by reference map ...
18:07 DiffusionOperatorP1: Calculate all local scalar products beween gradients ...
18:07 DiffusionOperatorP1: Determine global dofs ...
18:07 DiffusionOperatorP1: Boundary treatment ...
18:07 DiffusionOperatorP1: Assemble system matrix ...
18:07 DiffusionOperatorP1: Calulate gradients of shape functions transformed by reference map ...
18:07 DiffusionOperatorP1: Calculate all local scalar products beween gradients ...
18:07 DiffusionOperatorP1: Determine global dofs ...
18:07 DiffusionOperatorP1: Boundary treatment ...
18:07 DiffusionOperatorP1: Assemble system matrix ...
18:07 L2ProductP1: Integrate the products of the shape functions on each element
18:07 L2ProductP1: Determine global dofs ...
18:07 L2ProductP1: Boundary treatment ...
18:07 L2ProductP1: Assemble system matrix ...
18:07 DiffusionOperatorP1: Calulate gradients of shape functions transformed by reference map ...
18:07 DiffusionOperatorP1: Calculate all local scalar products beween gradients ...
18:07 DiffusionOperatorP1: Determine global dofs ...
18:07 DiffusionOperatorP1: Boundary treatment ...
18:07 DiffusionOperatorP1: Assemble system matrix ...
18:07 L2ProductP1: Integrate the products of the shape functions on each element
18:07 L2ProductP1: Determine global dofs ...
18:07 L2ProductP1: Boundary treatment ...
18:07 L2ProductP1: Assemble system matrix ...
18:07 DiffusionOperatorP1: Calulate gradients of shape functions transformed by reference map ...
18:07 DiffusionOperatorP1: Calculate all local scalar products beween gradients ...
18:07 DiffusionOperatorP1: Determine global dofs ...
18:07 DiffusionOperatorP1: Boundary treatment ...
18:07 DiffusionOperatorP1: Assemble system matrix ...
</system-err></testcase><testcase classname="src.pymortests.algorithms.basic" file="src/pymortests/algorithms/basic.py" line="104" name="test_almost_equal_self_product[&lt;lambda&gt;11]" time="0.28743958473205566"><system-err>18:07 DiffusionOperatorP1: Calulate gradients of shape functions transformed by reference map ...
18:07 DiffusionOperatorP1: Calculate all local scalar products beween gradients ...
18:07 DiffusionOperatorP1: Determine global dofs ...
18:07 DiffusionOperatorP1: Boundary treatment ...
18:07 DiffusionOperatorP1: Assemble system matrix ...
18:07 DiffusionOperatorP1: Calulate gradients of shape functions transformed by reference map ...
18:07 DiffusionOperatorP1: Calculate all local scalar products beween gradients ...
18:07 DiffusionOperatorP1: Determine global dofs ...
18:07 DiffusionOperatorP1: Boundary treatment ...
18:07 DiffusionOperatorP1: Assemble system matrix ...
18:07 L2ProductP1: Integrate the products of the shape functions on each element
18:07 L2ProductP1: Determine global dofs ...
18:07 L2ProductP1: Boundary treatment ...
18:07 L2ProductP1: Assemble system matrix ...
18:07 DiffusionOperatorP1: Calulate gradients of shape functions transformed by reference map ...
18:07 DiffusionOperatorP1: Calculate all local scalar products beween gradients ...
18:07 DiffusionOperatorP1: Determine global dofs ...
18:07 DiffusionOperatorP1: Boundary treatment ...
18:07 DiffusionOperatorP1: Assemble system matrix ...
18:07 L2ProductP1: Integrate the products of the shape functions on each element
18:07 L2ProductP1: Determine global dofs ...
18:07 L2ProductP1: Boundary treatment ...
18:07 L2ProductP1: Assemble system matrix ...
18:07 DiffusionOperatorP1: Calulate gradients of shape functions transformed by reference map ...
18:07 DiffusionOperatorP1: Calculate all local scalar products beween gradients ...
18:07 DiffusionOperatorP1: Determine global dofs ...
18:07 DiffusionOperatorP1: Boundary treatment ...
18:07 DiffusionOperatorP1: Assemble system matrix ...
</system-err></testcase><testcase classname="src.pymortests.algorithms.basic" file="src/pymortests/algorithms/basic.py" line="104" name="test_almost_equal_self_product[&lt;lambda&gt;12]" time="0.2708430290222168"><system-err>18:07 DiffusionOperatorP1: Calulate gradients of shape functions transformed by reference map ...
18:07 DiffusionOperatorP1: Calculate all local scalar products beween gradients ...
18:07 DiffusionOperatorP1: Determine global dofs ...
18:07 DiffusionOperatorP1: Boundary treatment ...
18:07 DiffusionOperatorP1: Assemble system matrix ...
18:07 DiffusionOperatorP1: Calulate gradients of shape functions transformed by reference map ...
18:07 DiffusionOperatorP1: Calculate all local scalar products beween gradients ...
18:07 DiffusionOperatorP1: Determine global dofs ...
18:07 DiffusionOperatorP1: Boundary treatment ...
18:07 DiffusionOperatorP1: Assemble system matrix ...
18:07 DiffusionOperatorP1: Calulate gradients of shape functions transformed by reference map ...
18:07 DiffusionOperatorP1: Calculate all local scalar products beween gradients ...
18:07 DiffusionOperatorP1: Determine global dofs ...
18:07 DiffusionOperatorP1: Boundary treatment ...
18:07 DiffusionOperatorP1: Assemble system matrix ...
18:07 DiffusionOperatorP1: Calulate gradients of shape functions transformed by reference map ...
18:07 DiffusionOperatorP1: Calculate all local scalar products beween gradients ...
18:07 DiffusionOperatorP1: Determine global dofs ...
18:07 DiffusionOperatorP1: Boundary treatment ...
18:07 DiffusionOperatorP1: Assemble system matrix ...
18:07 DiffusionOperatorP1: Calulate gradients of shape functions transformed by reference map ...
18:07 DiffusionOperatorP1: Calculate all local scalar products beween gradients ...
18:07 DiffusionOperatorP1: Determine global dofs ...
18:07 DiffusionOperatorP1: Boundary treatment ...
18:07 DiffusionOperatorP1: Assemble system matrix ...
18:07 L2ProductP1: Integrate the products of the shape functions on each element
18:07 L2ProductP1: Determine global dofs ...
18:07 L2ProductP1: Boundary treatment ...
18:07 L2ProductP1: Assemble system matrix ...
18:07 DiffusionOperatorP1: Calulate gradients of shape functions transformed by reference map ...
18:07 DiffusionOperatorP1: Calculate all local scalar products beween gradients ...
18:07 DiffusionOperatorP1: Determine global dofs ...
18:07 DiffusionOperatorP1: Boundary treatment ...
18:07 DiffusionOperatorP1: Assemble system matrix ...
18:07 L2ProductP1: Integrate the products of the shape functions on each element
18:07 L2ProductP1: Determine global dofs ...
18:07 L2ProductP1: Boundary treatment ...
18:07 L2ProductP1: Assemble system matrix ...
18:07 DiffusionOperatorP1: Calulate gradients of shape functions transformed by reference map ...
18:07 DiffusionOperatorP1: Calculate all local scalar products beween gradients ...
18:07 DiffusionOperatorP1: Determine global dofs ...
18:07 DiffusionOperatorP1: Boundary treatment ...
18:07 DiffusionOperatorP1: Assemble system matrix ...
</system-err></testcase><testcase classname="src.pymortests.algorithms.basic" file="src/pymortests/algorithms/basic.py" line="104" name="test_almost_equal_self_product[&lt;lambda&gt;13]" time="0.26469969749450684"><system-err>18:08 DiffusionOperatorP1: Calulate gradients of shape functions transformed by reference map ...
18:08 DiffusionOperatorP1: Calculate all local scalar products beween gradients ...
18:08 DiffusionOperatorP1: Determine global dofs ...
18:08 DiffusionOperatorP1: Boundary treatment ...
18:08 DiffusionOperatorP1: Assemble system matrix ...
18:08 DiffusionOperatorP1: Calulate gradients of shape functions transformed by reference map ...
18:08 DiffusionOperatorP1: Calculate all local scalar products beween gradients ...
18:08 DiffusionOperatorP1: Determine global dofs ...
18:08 DiffusionOperatorP1: Boundary treatment ...
18:08 DiffusionOperatorP1: Assemble system matrix ...
18:08 L2ProductP1: Integrate the products of the shape functions on each element
18:08 L2ProductP1: Determine global dofs ...
18:08 L2ProductP1: Boundary treatment ...
18:08 L2ProductP1: Assemble system matrix ...
18:08 DiffusionOperatorP1: Calulate gradients of shape functions transformed by reference map ...
18:08 DiffusionOperatorP1: Calculate all local scalar products beween gradients ...
18:08 DiffusionOperatorP1: Determine global dofs ...
18:08 DiffusionOperatorP1: Boundary treatment ...
18:08 DiffusionOperatorP1: Assemble system matrix ...
18:08 L2ProductP1: Integrate the products of the shape functions on each element
18:08 L2ProductP1: Determine global dofs ...
18:08 L2ProductP1: Boundary treatment ...
18:08 L2ProductP1: Assemble system matrix ...
18:08 DiffusionOperatorP1: Calulate gradients of shape functions transformed by reference map ...
18:08 DiffusionOperatorP1: Calculate all local scalar products beween gradients ...
18:08 DiffusionOperatorP1: Determine global dofs ...
18:08 DiffusionOperatorP1: Boundary treatment ...
18:08 DiffusionOperatorP1: Assemble system matrix ...
</system-err></testcase><testcase classname="src.pymortests.algorithms.basic" file="src/pymortests/algorithms/basic.py" line="104" name="test_almost_equal_self_product[&lt;lambda&gt;14]" time="0.2861940860748291"><system-err>18:08 DiffusionOperatorP1: Calulate gradients of shape functions transformed by reference map ...
18:08 DiffusionOperatorP1: Calculate all local scalar products beween gradients ...
18:08 DiffusionOperatorP1: Determine global dofs ...
18:08 DiffusionOperatorP1: Boundary treatment ...
18:08 DiffusionOperatorP1: Assemble system matrix ...
18:08 DiffusionOperatorP1: Calulate gradients of shape functions transformed by reference map ...
18:08 DiffusionOperatorP1: Calculate all local scalar products beween gradients ...
18:08 DiffusionOperatorP1: Determine global dofs ...
18:08 DiffusionOperatorP1: Boundary treatment ...
18:08 DiffusionOperatorP1: Assemble system matrix ...
18:08 DiffusionOperatorP1: Calulate gradients of shape functions transformed by reference map ...
18:08 DiffusionOperatorP1: Calculate all local scalar products beween gradients ...
18:08 DiffusionOperatorP1: Determine global dofs ...
18:08 DiffusionOperatorP1: Boundary treatment ...
18:08 DiffusionOperatorP1: Assemble system matrix ...
18:08 DiffusionOperatorP1: Calulate gradients of shape functions transformed by reference map ...
18:08 DiffusionOperatorP1: Calculate all local scalar products beween gradients ...
18:08 DiffusionOperatorP1: Determine global dofs ...
18:08 DiffusionOperatorP1: Boundary treatment ...
18:08 DiffusionOperatorP1: Assemble system matrix ...
18:08 DiffusionOperatorP1: Calulate gradients of shape functions transformed by reference map ...
18:08 DiffusionOperatorP1: Calculate all local scalar products beween gradients ...
18:08 DiffusionOperatorP1: Determine global dofs ...
18:08 DiffusionOperatorP1: Boundary treatment ...
18:08 DiffusionOperatorP1: Assemble system matrix ...
18:08 L2ProductP1: Integrate the products of the shape functions on each element
18:08 L2ProductP1: Determine global dofs ...
18:08 L2ProductP1: Boundary treatment ...
18:08 L2ProductP1: Assemble system matrix ...
18:08 DiffusionOperatorP1: Calulate gradients of shape functions transformed by reference map ...
18:08 DiffusionOperatorP1: Calculate all local scalar products beween gradients ...
18:08 DiffusionOperatorP1: Determine global dofs ...
18:08 DiffusionOperatorP1: Boundary treatment ...
18:08 DiffusionOperatorP1: Assemble system matrix ...
18:08 L2ProductP1: Integrate the products of the shape functions on each element
18:08 L2ProductP1: Determine global dofs ...
18:08 L2ProductP1: Boundary treatment ...
18:08 L2ProductP1: Assemble system matrix ...
18:08 DiffusionOperatorP1: Calulate gradients of shape functions transformed by reference map ...
18:08 DiffusionOperatorP1: Calculate all local scalar products beween gradients ...
18:08 DiffusionOperatorP1: Determine global dofs ...
18:08 DiffusionOperatorP1: Boundary treatment ...
18:08 DiffusionOperatorP1: Assemble system matrix ...
</system-err></testcase><testcase classname="src.pymortests.algorithms.basic" file="src/pymortests/algorithms/basic.py" line="104" name="test_almost_equal_self_product[&lt;lambda&gt;15]" time="0.28798699378967285"><system-err>18:08 DiffusionOperatorP1: Calulate gradients of shape functions transformed by reference map ...
18:08 DiffusionOperatorP1: Calculate all local scalar products beween gradients ...
18:08 DiffusionOperatorP1: Determine global dofs ...
18:08 DiffusionOperatorP1: Boundary treatment ...
18:08 DiffusionOperatorP1: Assemble system matrix ...
18:08 DiffusionOperatorP1: Calulate gradients of shape functions transformed by reference map ...
18:08 DiffusionOperatorP1: Calculate all local scalar products beween gradients ...
18:08 DiffusionOperatorP1: Determine global dofs ...
18:08 DiffusionOperatorP1: Boundary treatment ...
18:08 DiffusionOperatorP1: Assemble system matrix ...
18:08 L2ProductP1: Integrate the products of the shape functions on each element
18:08 L2ProductP1: Determine global dofs ...
18:08 L2ProductP1: Boundary treatment ...
18:08 L2ProductP1: Assemble system matrix ...
18:08 DiffusionOperatorP1: Calulate gradients of shape functions transformed by reference map ...
18:08 DiffusionOperatorP1: Calculate all local scalar products beween gradients ...
18:08 DiffusionOperatorP1: Determine global dofs ...
18:08 DiffusionOperatorP1: Boundary treatment ...
18:08 DiffusionOperatorP1: Assemble system matrix ...
18:08 L2ProductP1: Integrate the products of the shape functions on each element
18:08 L2ProductP1: Determine global dofs ...
18:08 L2ProductP1: Boundary treatment ...
18:08 L2ProductP1: Assemble system matrix ...
18:08 DiffusionOperatorP1: Calulate gradients of shape functions transformed by reference map ...
18:08 DiffusionOperatorP1: Calculate all local scalar products beween gradients ...
18:08 DiffusionOperatorP1: Determine global dofs ...
18:08 DiffusionOperatorP1: Boundary treatment ...
18:08 DiffusionOperatorP1: Assemble system matrix ...
</system-err></testcase><testcase classname="src.pymortests.algorithms.basic" file="src/pymortests/algorithms/basic.py" line="104" name="test_almost_equal_self_product[&lt;lambda&gt;16]" time="0.24668025970458984"><system-err>18:09 DiffusionOperatorP1: Calulate gradients of shape functions transformed by reference map ...
18:09 DiffusionOperatorP1: Calculate all local scalar products beween gradients ...
18:09 DiffusionOperatorP1: Determine global dofs ...
18:09 DiffusionOperatorP1: Boundary treatment ...
18:09 DiffusionOperatorP1: Assemble system matrix ...
18:09 DiffusionOperatorP1: Calulate gradients of shape functions transformed by reference map ...
18:09 DiffusionOperatorP1: Calculate all local scalar products beween gradients ...
18:09 DiffusionOperatorP1: Determine global dofs ...
18:09 DiffusionOperatorP1: Boundary treatment ...
18:09 DiffusionOperatorP1: Assemble system matrix ...
18:09 DiffusionOperatorP1: Calulate gradients of shape functions transformed by reference map ...
18:09 DiffusionOperatorP1: Calculate all local scalar products beween gradients ...
18:09 DiffusionOperatorP1: Determine global dofs ...
18:09 DiffusionOperatorP1: Boundary treatment ...
18:09 DiffusionOperatorP1: Assemble system matrix ...
18:09 DiffusionOperatorP1: Calulate gradients of shape functions transformed by reference map ...
18:09 DiffusionOperatorP1: Calculate all local scalar products beween gradients ...
18:09 DiffusionOperatorP1: Determine global dofs ...
18:09 DiffusionOperatorP1: Boundary treatment ...
18:09 DiffusionOperatorP1: Assemble system matrix ...
18:09 DiffusionOperatorP1: Calulate gradients of shape functions transformed by reference map ...
18:09 DiffusionOperatorP1: Calculate all local scalar products beween gradients ...
18:09 DiffusionOperatorP1: Determine global dofs ...
18:09 DiffusionOperatorP1: Boundary treatment ...
18:09 DiffusionOperatorP1: Assemble system matrix ...
18:09 L2ProductP1: Integrate the products of the shape functions on each element
18:09 L2ProductP1: Determine global dofs ...
18:09 L2ProductP1: Boundary treatment ...
18:09 L2ProductP1: Assemble system matrix ...
18:09 DiffusionOperatorP1: Calulate gradients of shape functions transformed by reference map ...
18:09 DiffusionOperatorP1: Calculate all local scalar products beween gradients ...
18:09 DiffusionOperatorP1: Determine global dofs ...
18:09 DiffusionOperatorP1: Boundary treatment ...
18:09 DiffusionOperatorP1: Assemble system matrix ...
18:09 L2ProductP1: Integrate the products of the shape functions on each element
18:09 L2ProductP1: Determine global dofs ...
18:09 L2ProductP1: Boundary treatment ...
18:09 L2ProductP1: Assemble system matrix ...
18:09 DiffusionOperatorP1: Calulate gradients of shape functions transformed by reference map ...
18:09 DiffusionOperatorP1: Calculate all local scalar products beween gradients ...
18:09 DiffusionOperatorP1: Determine global dofs ...
18:09 DiffusionOperatorP1: Boundary treatment ...
18:09 DiffusionOperatorP1: Assemble system matrix ...
</system-err></testcase><testcase classname="src.pymortests.algorithms.basic" file="src/pymortests/algorithms/basic.py" line="104" name="test_almost_equal_self_product[&lt;lambda&gt;17]" time="0.24220991134643555"><system-err>18:09 DiffusionOperatorP1: Calulate gradients of shape functions transformed by reference map ...
18:09 DiffusionOperatorP1: Calculate all local scalar products beween gradients ...
18:09 DiffusionOperatorP1: Determine global dofs ...
18:09 DiffusionOperatorP1: Boundary treatment ...
18:09 DiffusionOperatorP1: Assemble system matrix ...
18:09 DiffusionOperatorP1: Calulate gradients of shape functions transformed by reference map ...
18:09 DiffusionOperatorP1: Calculate all local scalar products beween gradients ...
18:09 DiffusionOperatorP1: Determine global dofs ...
18:09 DiffusionOperatorP1: Boundary treatment ...
18:09 DiffusionOperatorP1: Assemble system matrix ...
18:09 L2ProductP1: Integrate the products of the shape functions on each element
18:09 L2ProductP1: Determine global dofs ...
18:09 L2ProductP1: Boundary treatment ...
18:09 L2ProductP1: Assemble system matrix ...
18:09 DiffusionOperatorP1: Calulate gradients of shape functions transformed by reference map ...
18:09 DiffusionOperatorP1: Calculate all local scalar products beween gradients ...
18:09 DiffusionOperatorP1: Determine global dofs ...
18:09 DiffusionOperatorP1: Boundary treatment ...
18:09 DiffusionOperatorP1: Assemble system matrix ...
18:09 L2ProductP1: Integrate the products of the shape functions on each element
18:09 L2ProductP1: Determine global dofs ...
18:09 L2ProductP1: Boundary treatment ...
18:09 L2ProductP1: Assemble system matrix ...
18:09 DiffusionOperatorP1: Calulate gradients of shape functions transformed by reference map ...
18:09 DiffusionOperatorP1: Calculate all local scalar products beween gradients ...
18:09 DiffusionOperatorP1: Determine global dofs ...
18:09 DiffusionOperatorP1: Boundary treatment ...
18:09 DiffusionOperatorP1: Assemble system matrix ...
</system-err></testcase><testcase classname="src.pymortests.algorithms.basic" file="src/pymortests/algorithms/basic.py" line="104" name="test_almost_equal_self_product[&lt;lambda&gt;18]" time="0.28550124168395996"><system-err>18:09 DiffusionOperatorP1: Calulate gradients of shape functions transformed by reference map ...
18:09 DiffusionOperatorP1: Calculate all local scalar products beween gradients ...
18:09 DiffusionOperatorP1: Determine global dofs ...
18:09 DiffusionOperatorP1: Boundary treatment ...
18:09 DiffusionOperatorP1: Assemble system matrix ...
18:09 DiffusionOperatorP1: Calulate gradients of shape functions transformed by reference map ...
18:09 DiffusionOperatorP1: Calculate all local scalar products beween gradients ...
18:09 DiffusionOperatorP1: Determine global dofs ...
18:09 DiffusionOperatorP1: Boundary treatment ...
18:09 DiffusionOperatorP1: Assemble system matrix ...
18:09 DiffusionOperatorP1: Calulate gradients of shape functions transformed by reference map ...
18:09 DiffusionOperatorP1: Calculate all local scalar products beween gradients ...
18:09 DiffusionOperatorP1: Determine global dofs ...
18:09 DiffusionOperatorP1: Boundary treatment ...
18:09 DiffusionOperatorP1: Assemble system matrix ...
18:09 DiffusionOperatorP1: Calulate gradients of shape functions transformed by reference map ...
18:09 DiffusionOperatorP1: Calculate all local scalar products beween gradients ...
18:09 DiffusionOperatorP1: Determine global dofs ...
18:09 DiffusionOperatorP1: Boundary treatment ...
18:09 DiffusionOperatorP1: Assemble system matrix ...
18:09 DiffusionOperatorP1: Calulate gradients of shape functions transformed by reference map ...
18:09 DiffusionOperatorP1: Calculate all local scalar products beween gradients ...
18:09 DiffusionOperatorP1: Determine global dofs ...
18:09 DiffusionOperatorP1: Boundary treatment ...
18:09 DiffusionOperatorP1: Assemble system matrix ...
18:09 L2ProductP1: Integrate the products of the shape functions on each element
18:09 L2ProductP1: Determine global dofs ...
18:09 L2ProductP1: Boundary treatment ...
18:09 L2ProductP1: Assemble system matrix ...
18:09 DiffusionOperatorP1: Calulate gradients of shape functions transformed by reference map ...
18:09 DiffusionOperatorP1: Calculate all local scalar products beween gradients ...
18:09 DiffusionOperatorP1: Determine global dofs ...
18:09 DiffusionOperatorP1: Boundary treatment ...
18:09 DiffusionOperatorP1: Assemble system matrix ...
18:09 L2ProductP1: Integrate the products of the shape functions on each element
18:09 L2ProductP1: Determine global dofs ...
18:09 L2ProductP1: Boundary treatment ...
18:09 L2ProductP1: Assemble system matrix ...
18:09 DiffusionOperatorP1: Calulate gradients of shape functions transformed by reference map ...
18:09 DiffusionOperatorP1: Calculate all local scalar products beween gradients ...
18:09 DiffusionOperatorP1: Determine global dofs ...
18:09 DiffusionOperatorP1: Boundary treatment ...
18:09 DiffusionOperatorP1: Assemble system matrix ...
</system-err></testcase><testcase classname="src.pymortests.algorithms.basic" file="src/pymortests/algorithms/basic.py" line="104" name="test_almost_equal_self_product[&lt;lambda&gt;19]" time="0.29150390625"><system-err>18:09 DiffusionOperatorP1: Calulate gradients of shape functions transformed by reference map ...
18:09 DiffusionOperatorP1: Calculate all local scalar products beween gradients ...
18:09 DiffusionOperatorP1: Determine global dofs ...
18:09 DiffusionOperatorP1: Boundary treatment ...
18:09 DiffusionOperatorP1: Assemble system matrix ...
18:09 DiffusionOperatorP1: Calulate gradients of shape functions transformed by reference map ...
18:09 DiffusionOperatorP1: Calculate all local scalar products beween gradients ...
18:09 DiffusionOperatorP1: Determine global dofs ...
18:09 DiffusionOperatorP1: Boundary treatment ...
18:09 DiffusionOperatorP1: Assemble system matrix ...
18:09 L2ProductP1: Integrate the products of the shape functions on each element
18:09 L2ProductP1: Determine global dofs ...
18:09 L2ProductP1: Boundary treatment ...
18:09 L2ProductP1: Assemble system matrix ...
18:09 DiffusionOperatorP1: Calulate gradients of shape functions transformed by reference map ...
18:09 DiffusionOperatorP1: Calculate all local scalar products beween gradients ...
18:09 DiffusionOperatorP1: Determine global dofs ...
18:09 DiffusionOperatorP1: Boundary treatment ...
18:09 DiffusionOperatorP1: Assemble system matrix ...
18:09 L2ProductP1: Integrate the products of the shape functions on each element
18:09 L2ProductP1: Determine global dofs ...
18:09 L2ProductP1: Boundary treatment ...
18:09 L2ProductP1: Assemble system matrix ...
18:09 DiffusionOperatorP1: Calulate gradients of shape functions transformed by reference map ...
18:09 DiffusionOperatorP1: Calculate all local scalar products beween gradients ...
18:09 DiffusionOperatorP1: Determine global dofs ...
18:09 DiffusionOperatorP1: Boundary treatment ...
18:09 DiffusionOperatorP1: Assemble system matrix ...
</system-err></testcase><testcase classname="src.pymortests.algorithms.basic" file="src/pymortests/algorithms/basic.py" line="104" name="test_almost_equal_self_product[&lt;lambda&gt;20]" time="0.28540492057800293"><system-err>18:10 DiffusionOperatorP1: Calulate gradients of shape functions transformed by reference map ...
18:10 DiffusionOperatorP1: Calculate all local scalar products beween gradients ...
18:10 DiffusionOperatorP1: Determine global dofs ...
18:10 DiffusionOperatorP1: Boundary treatment ...
18:10 DiffusionOperatorP1: Assemble system matrix ...
18:10 DiffusionOperatorP1: Calulate gradients of shape functions transformed by reference map ...
18:10 DiffusionOperatorP1: Calculate all local scalar products beween gradients ...
18:10 DiffusionOperatorP1: Determine global dofs ...
18:10 DiffusionOperatorP1: Boundary treatment ...
18:10 DiffusionOperatorP1: Assemble system matrix ...
18:10 DiffusionOperatorP1: Calulate gradients of shape functions transformed by reference map ...
18:10 DiffusionOperatorP1: Calculate all local scalar products beween gradients ...
18:10 DiffusionOperatorP1: Determine global dofs ...
18:10 DiffusionOperatorP1: Boundary treatment ...
18:10 DiffusionOperatorP1: Assemble system matrix ...
18:10 DiffusionOperatorP1: Calulate gradients of shape functions transformed by reference map ...
18:10 DiffusionOperatorP1: Calculate all local scalar products beween gradients ...
18:10 DiffusionOperatorP1: Determine global dofs ...
18:10 DiffusionOperatorP1: Boundary treatment ...
18:10 DiffusionOperatorP1: Assemble system matrix ...
18:10 DiffusionOperatorP1: Calulate gradients of shape functions transformed by reference map ...
18:10 DiffusionOperatorP1: Calculate all local scalar products beween gradients ...
18:10 DiffusionOperatorP1: Determine global dofs ...
18:10 DiffusionOperatorP1: Boundary treatment ...
18:10 DiffusionOperatorP1: Assemble system matrix ...
18:10 L2ProductP1: Integrate the products of the shape functions on each element
18:10 L2ProductP1: Determine global dofs ...
18:10 L2ProductP1: Boundary treatment ...
18:10 L2ProductP1: Assemble system matrix ...
18:10 DiffusionOperatorP1: Calulate gradients of shape functions transformed by reference map ...
18:10 DiffusionOperatorP1: Calculate all local scalar products beween gradients ...
18:10 DiffusionOperatorP1: Determine global dofs ...
18:10 DiffusionOperatorP1: Boundary treatment ...
18:10 DiffusionOperatorP1: Assemble system matrix ...
18:10 L2ProductP1: Integrate the products of the shape functions on each element
18:10 L2ProductP1: Determine global dofs ...
18:10 L2ProductP1: Boundary treatment ...
18:10 L2ProductP1: Assemble system matrix ...
18:10 DiffusionOperatorP1: Calulate gradients of shape functions transformed by reference map ...
18:10 DiffusionOperatorP1: Calculate all local scalar products beween gradients ...
18:10 DiffusionOperatorP1: Determine global dofs ...
18:10 DiffusionOperatorP1: Boundary treatment ...
18:10 DiffusionOperatorP1: Assemble system matrix ...
</system-err></testcase><testcase classname="src.pymortests.algorithms.basic" file="src/pymortests/algorithms/basic.py" line="104" name="test_almost_equal_self_product[&lt;lambda&gt;21]" time="0.2909119129180908"><system-err>18:10 DiffusionOperatorP1: Calulate gradients of shape functions transformed by reference map ...
18:10 DiffusionOperatorP1: Calculate all local scalar products beween gradients ...
18:10 DiffusionOperatorP1: Determine global dofs ...
18:10 DiffusionOperatorP1: Boundary treatment ...
18:10 DiffusionOperatorP1: Assemble system matrix ...
18:10 DiffusionOperatorP1: Calulate gradients of shape functions transformed by reference map ...
18:10 DiffusionOperatorP1: Calculate all local scalar products beween gradients ...
18:10 DiffusionOperatorP1: Determine global dofs ...
18:10 DiffusionOperatorP1: Boundary treatment ...
18:10 DiffusionOperatorP1: Assemble system matrix ...
18:10 L2ProductP1: Integrate the products of the shape functions on each element
18:10 L2ProductP1: Determine global dofs ...
18:10 L2ProductP1: Boundary treatment ...
18:10 L2ProductP1: Assemble system matrix ...
18:10 DiffusionOperatorP1: Calulate gradients of shape functions transformed by reference map ...
18:10 DiffusionOperatorP1: Calculate all local scalar products beween gradients ...
18:10 DiffusionOperatorP1: Determine global dofs ...
18:10 DiffusionOperatorP1: Boundary treatment ...
18:10 DiffusionOperatorP1: Assemble system matrix ...
18:10 L2ProductP1: Integrate the products of the shape functions on each element
18:10 L2ProductP1: Determine global dofs ...
18:10 L2ProductP1: Boundary treatment ...
18:10 L2ProductP1: Assemble system matrix ...
18:10 DiffusionOperatorP1: Calulate gradients of shape functions transformed by reference map ...
18:10 DiffusionOperatorP1: Calculate all local scalar products beween gradients ...
18:10 DiffusionOperatorP1: Determine global dofs ...
18:10 DiffusionOperatorP1: Boundary treatment ...
18:10 DiffusionOperatorP1: Assemble system matrix ...
</system-err></testcase><testcase classname="src.pymortests.algorithms.basic" file="src/pymortests/algorithms/basic.py" line="104" name="test_almost_equal_self_product[&lt;lambda&gt;22]" time="0.2856180667877197"><system-err>18:10 DiffusionOperatorP1: Calulate gradients of shape functions transformed by reference map ...
18:10 DiffusionOperatorP1: Calculate all local scalar products beween gradients ...
18:10 DiffusionOperatorP1: Determine global dofs ...
18:10 DiffusionOperatorP1: Boundary treatment ...
18:10 DiffusionOperatorP1: Assemble system matrix ...
18:10 DiffusionOperatorP1: Calulate gradients of shape functions transformed by reference map ...
18:10 DiffusionOperatorP1: Calculate all local scalar products beween gradients ...
18:10 DiffusionOperatorP1: Determine global dofs ...
18:10 DiffusionOperatorP1: Boundary treatment ...
18:10 DiffusionOperatorP1: Assemble system matrix ...
18:10 DiffusionOperatorP1: Calulate gradients of shape functions transformed by reference map ...
18:10 DiffusionOperatorP1: Calculate all local scalar products beween gradients ...
18:10 DiffusionOperatorP1: Determine global dofs ...
18:10 DiffusionOperatorP1: Boundary treatment ...
18:10 DiffusionOperatorP1: Assemble system matrix ...
18:10 DiffusionOperatorP1: Calulate gradients of shape functions transformed by reference map ...
18:10 DiffusionOperatorP1: Calculate all local scalar products beween gradients ...
18:10 DiffusionOperatorP1: Determine global dofs ...
18:10 DiffusionOperatorP1: Boundary treatment ...
18:10 DiffusionOperatorP1: Assemble system matrix ...
18:10 DiffusionOperatorP1: Calulate gradients of shape functions transformed by reference map ...
18:10 DiffusionOperatorP1: Calculate all local scalar products beween gradients ...
18:10 DiffusionOperatorP1: Determine global dofs ...
18:10 DiffusionOperatorP1: Boundary treatment ...
18:10 DiffusionOperatorP1: Assemble system matrix ...
18:10 L2ProductP1: Integrate the products of the shape functions on each element
18:10 L2ProductP1: Determine global dofs ...
18:10 L2ProductP1: Boundary treatment ...
18:10 L2ProductP1: Assemble system matrix ...
18:10 DiffusionOperatorP1: Calulate gradients of shape functions transformed by reference map ...
18:10 DiffusionOperatorP1: Calculate all local scalar products beween gradients ...
18:10 DiffusionOperatorP1: Determine global dofs ...
18:10 DiffusionOperatorP1: Boundary treatment ...
18:10 DiffusionOperatorP1: Assemble system matrix ...
18:10 L2ProductP1: Integrate the products of the shape functions on each element
18:10 L2ProductP1: Determine global dofs ...
18:10 L2ProductP1: Boundary treatment ...
18:10 L2ProductP1: Assemble system matrix ...
18:10 DiffusionOperatorP1: Calulate gradients of shape functions transformed by reference map ...
18:10 DiffusionOperatorP1: Calculate all local scalar products beween gradients ...
18:10 DiffusionOperatorP1: Determine global dofs ...
18:10 DiffusionOperatorP1: Boundary treatment ...
18:10 DiffusionOperatorP1: Assemble system matrix ...
</system-err></testcase><testcase classname="src.pymortests.algorithms.basic" file="src/pymortests/algorithms/basic.py" line="104" name="test_almost_equal_self_product[&lt;lambda&gt;23]" time="0.28721165657043457"><system-err>18:11 DiffusionOperatorP1: Calulate gradients of shape functions transformed by reference map ...
18:11 DiffusionOperatorP1: Calculate all local scalar products beween gradients ...
18:11 DiffusionOperatorP1: Determine global dofs ...
18:11 DiffusionOperatorP1: Boundary treatment ...
18:11 DiffusionOperatorP1: Assemble system matrix ...
18:11 DiffusionOperatorP1: Calulate gradients of shape functions transformed by reference map ...
18:11 DiffusionOperatorP1: Calculate all local scalar products beween gradients ...
18:11 DiffusionOperatorP1: Determine global dofs ...
18:11 DiffusionOperatorP1: Boundary treatment ...
18:11 DiffusionOperatorP1: Assemble system matrix ...
18:11 L2ProductP1: Integrate the products of the shape functions on each element
18:11 L2ProductP1: Determine global dofs ...
18:11 L2ProductP1: Boundary treatment ...
18:11 L2ProductP1: Assemble system matrix ...
18:11 DiffusionOperatorP1: Calulate gradients of shape functions transformed by reference map ...
18:11 DiffusionOperatorP1: Calculate all local scalar products beween gradients ...
18:11 DiffusionOperatorP1: Determine global dofs ...
18:11 DiffusionOperatorP1: Boundary treatment ...
18:11 DiffusionOperatorP1: Assemble system matrix ...
18:11 L2ProductP1: Integrate the products of the shape functions on each element
18:11 L2ProductP1: Determine global dofs ...
18:11 L2ProductP1: Boundary treatment ...
18:11 L2ProductP1: Assemble system matrix ...
18:11 DiffusionOperatorP1: Calulate gradients of shape functions transformed by reference map ...
18:11 DiffusionOperatorP1: Calculate all local scalar products beween gradients ...
18:11 DiffusionOperatorP1: Determine global dofs ...
18:11 DiffusionOperatorP1: Boundary treatment ...
18:11 DiffusionOperatorP1: Assemble system matrix ...
</system-err></testcase><testcase classname="src.pymortests.algorithms.basic" file="src/pymortests/algorithms/basic.py" line="104" name="test_almost_equal_self_product[&lt;lambda&gt;24]" time="0.27467894554138184"></testcase><testcase classname="src.pymortests.algorithms.basic" file="src/pymortests/algorithms/basic.py" line="104" name="test_almost_equal_self_product[&lt;lambda&gt;25]" time="0.27630114555358887"></testcase><testcase classname="src.pymortests.algorithms.basic" file="src/pymortests/algorithms/basic.py" line="104" name="test_almost_equal_self_product[&lt;lambda&gt;26]" time="0.2795557975769043"></testcase><testcase classname="src.pymortests.algorithms.basic" file="src/pymortests/algorithms/basic.py" line="104" name="test_almost_equal_self_product[&lt;lambda&gt;27]" time="0.22587919235229492"></testcase><testcase classname="src.pymortests.algorithms.basic" file="src/pymortests/algorithms/basic.py" line="104" name="test_almost_equal_self_product[&lt;lambda&gt;28]" time="0.22796154022216797"></testcase><testcase classname="src.pymortests.algorithms.basic" file="src/pymortests/algorithms/basic.py" line="104" name="test_almost_equal_self_product[&lt;lambda&gt;29]" time="0.23419451713562012"></testcase><testcase classname="src.pymortests.algorithms.basic" file="src/pymortests/algorithms/basic.py" line="104" name="test_almost_equal_self_product[&lt;lambda&gt;30]" time="0.22733569145202637"></testcase><testcase classname="src.pymortests.algorithms.basic" file="src/pymortests/algorithms/basic.py" line="104" name="test_almost_equal_self_product[&lt;lambda&gt;31]" time="0.22950363159179688"></testcase><testcase classname="src.pymortests.algorithms.basic" file="src/pymortests/algorithms/basic.py" line="104" name="test_almost_equal_self_product[&lt;lambda&gt;32]" time="0.808037281036377"></testcase><testcase classname="src.pymortests.algorithms.basic" file="src/pymortests/algorithms/basic.py" line="104" name="test_almost_equal_self_product[&lt;lambda&gt;33]" time="0.6260244846343994"></testcase><testcase classname="src.pymortests.algorithms.basic" file="src/pymortests/algorithms/basic.py" line="104" name="test_almost_equal_self_product[&lt;lambda&gt;34]" time="0.24779200553894043"></testcase><testcase classname="src.pymortests.algorithms.basic" file="src/pymortests/algorithms/basic.py" line="104" name="test_almost_equal_self_product[&lt;lambda&gt;35]" time="0.6156988143920898"></testcase><testcase classname="src.pymortests.algorithms.basic" file="src/pymortests/algorithms/basic.py" line="104" name="test_almost_equal_self_product[&lt;lambda&gt;36]" time="0.2768588066101074"></testcase><testcase classname="src.pymortests.algorithms.basic" file="src/pymortests/algorithms/basic.py" line="157" name="test_almost_equal_incompatible[&lt;lambda&gt;0]" time="0.00405430793762207"></testcase><testcase classname="src.pymortests.algorithms.basic" file="src/pymortests/algorithms/basic.py" line="157" name="test_almost_equal_incompatible[&lt;lambda&gt;1]" time="0.001394510269165039"></testcase><testcase classname="src.pymortests.algorithms.basic" file="src/pymortests/algorithms/basic.py" line="157" name="test_almost_equal_incompatible[&lt;lambda&gt;2]" time="0.005218029022216797"></testcase><testcase classname="src.pymortests.algorithms.basic" file="src/pymortests/algorithms/basic.py" line="157" name="test_almost_equal_incompatible[&lt;lambda&gt;3]" time="0.004510641098022461"></testcase><testcase classname="src.pymortests.algorithms.basic" file="src/pymortests/algorithms/basic.py" line="157" name="test_almost_equal_incompatible[&lt;lambda&gt;4]" time="0.0048503875732421875"></testcase><testcase classname="src.pymortests.algorithms.basic" file="src/pymortests/algorithms/basic.py" line="157" name="test_almost_equal_incompatible[&lt;lambda&gt;5]" time="0.0022144317626953125"></testcase><testcase classname="src.pymortests.algorithms.basic" file="src/pymortests/algorithms/basic.py" line="157" name="test_almost_equal_incompatible[&lt;lambda&gt;6]" time="0.0012786388397216797"></testcase><testcase classname="src.pymortests.algorithms.basic" file="src/pymortests/algorithms/basic.py" line="157" name="test_almost_equal_incompatible[&lt;lambda&gt;7]" time="0.005026578903198242"></testcase><testcase classname="src.pymortests.algorithms.basic" file="src/pymortests/algorithms/basic.py" line="157" name="test_almost_equal_incompatible[&lt;lambda&gt;8]" time="0.010930061340332031"></testcase><testcase classname="src.pymortests.algorithms.basic" file="src/pymortests/algorithms/basic.py" line="157" name="test_almost_equal_incompatible[&lt;lambda&gt;9]" time="0.01829695701599121"></testcase><testcase classname="src.pymortests.algorithms.basic" file="src/pymortests/algorithms/basic.py" line="157" name="test_almost_equal_incompatible[&lt;lambda&gt;10]" time="0.006432056427001953"></testcase><testcase classname="src.pymortests.algorithms.basic" file="src/pymortests/algorithms/basic.py" line="157" name="test_almost_equal_incompatible[&lt;lambda&gt;11]" time="0.0018570423126220703"></testcase><testcase classname="src.pymortests.algorithms.basic" file="src/pymortests/algorithms/basic.py" line="157" name="test_almost_equal_incompatible[&lt;lambda&gt;12]" time="0.013742208480834961"></testcase><testcase classname="src.pymortests.algorithms.basic" file="src/pymortests/algorithms/basic.py" line="157" name="test_almost_equal_incompatible[&lt;lambda&gt;13]" time="0.010358333587646484"></testcase><testcase classname="src.pymortests.algorithms.basic" file="src/pymortests/algorithms/basic.py" line="157" name="test_almost_equal_incompatible[&lt;lambda&gt;14]" time="0.01292276382446289"></testcase><testcase classname="src.pymortests.algorithms.basic" file="src/pymortests/algorithms/basic.py" line="157" name="test_almost_equal_incompatible[&lt;lambda&gt;15]" time="0.006081104278564453"></testcase><testcase classname="src.pymortests.algorithms.basic" file="src/pymortests/algorithms/basic.py" line="157" name="test_almost_equal_incompatible[&lt;lambda&gt;16]" time="0.002271413803100586"></testcase><testcase classname="src.pymortests.algorithms.basic" file="src/pymortests/algorithms/basic.py" line="157" name="test_almost_equal_incompatible[&lt;lambda&gt;17]" time="0.009942770004272461"></testcase><testcase classname="src.pymortests.algorithms.basic" file="src/pymortests/algorithms/basic.py" line="157" name="test_almost_equal_incompatible[&lt;lambda&gt;18]" time="0.04301595687866211"></testcase><testcase classname="src.pymortests.algorithms.basic" file="src/pymortests/algorithms/basic.py" line="157" name="test_almost_equal_incompatible[&lt;lambda&gt;19]" time="0.04372429847717285"></testcase><testcase classname="src.pymortests.algorithms.basic" file="src/pymortests/algorithms/basic.py" line="157" name="test_almost_equal_incompatible[&lt;lambda&gt;20]" time="0.003326892852783203"></testcase><testcase classname="src.pymortests.algorithms.basic" file="src/pymortests/algorithms/basic.py" line="157" name="test_almost_equal_incompatible[&lt;lambda&gt;21]" time="0.0021965503692626953"></testcase><testcase classname="src.pymortests.algorithms.basic" file="src/pymortests/algorithms/basic.py" line="157" name="test_almost_equal_incompatible[&lt;lambda&gt;22]" time="0.013367891311645508"></testcase><testcase classname="src.pymortests.algorithms.basic" file="src/pymortests/algorithms/basic.py" line="157" name="test_almost_equal_incompatible[&lt;lambda&gt;23]" time="0.11553144454956055"></testcase><testcase classname="src.pymortests.algorithms.basic" file="src/pymortests/algorithms/basic.py" line="157" name="test_almost_equal_incompatible[&lt;lambda&gt;24]" time="0.22031474113464355"></testcase><testcase classname="src.pymortests.algorithms.basic" file="src/pymortests/algorithms/basic.py" line="166" name="test_almost_equal_wrong_ind[compatible_vector_array_pair0-&lt;lambda&gt;0]" time="0.004069805145263672"></testcase><testcase classname="src.pymortests.algorithms.basic" file="src/pymortests/algorithms/basic.py" line="166" name="test_almost_equal_wrong_ind[compatible_vector_array_pair0-&lt;lambda&gt;1]" time="0.003080129623413086"></testcase><testcase classname="src.pymortests.algorithms.basic" file="src/pymortests/algorithms/basic.py" line="166" name="test_almost_equal_wrong_ind[compatible_vector_array_pair0-&lt;lambda&gt;2]" time="0.004671335220336914"></testcase><testcase classname="src.pymortests.algorithms.basic" file="src/pymortests/algorithms/basic.py" line="166" name="test_almost_equal_wrong_ind[compatible_vector_array_pair0-&lt;lambda&gt;3]" time="0.0064029693603515625"></testcase><testcase classname="src.pymortests.algorithms.basic" file="src/pymortests/algorithms/basic.py" line="166" name="test_almost_equal_wrong_ind[compatible_vector_array_pair0-&lt;lambda&gt;4]" time="0.006490468978881836"></testcase><testcase classname="src.pymortests.algorithms.basic" file="src/pymortests/algorithms/basic.py" line="166" name="test_almost_equal_wrong_ind[compatible_vector_array_pair0-&lt;lambda&gt;5]" time="0.0049896240234375"></testcase><testcase classname="src.pymortests.algorithms.basic" file="src/pymortests/algorithms/basic.py" line="166" name="test_almost_equal_wrong_ind[compatible_vector_array_pair0-&lt;lambda&gt;6]" time="0.0029392242431640625"></testcase><testcase classname="src.pymortests.algorithms.basic" file="src/pymortests/algorithms/basic.py" line="166" name="test_almost_equal_wrong_ind[compatible_vector_array_pair0-&lt;lambda&gt;7]" time="0.0030739307403564453"></testcase><testcase classname="src.pymortests.algorithms.basic" file="src/pymortests/algorithms/basic.py" line="166" name="test_almost_equal_wrong_ind[compatible_vector_array_pair0-&lt;lambda&gt;8]" time="0.01562952995300293"></testcase><testcase classname="src.pymortests.algorithms.basic" file="src/pymortests/algorithms/basic.py" line="166" name="test_almost_equal_wrong_ind[compatible_vector_array_pair0-&lt;lambda&gt;9]" time="0.03325653076171875"></testcase><testcase classname="src.pymortests.algorithms.basic" file="src/pymortests/algorithms/basic.py" line="166" name="test_almost_equal_wrong_ind[compatible_vector_array_pair0-&lt;lambda&gt;10]" time="0.11016678810119629"></testcase><testcase classname="src.pymortests.algorithms.basic" file="src/pymortests/algorithms/basic.py" line="166" name="test_almost_equal_wrong_ind[compatible_vector_array_pair0-&lt;lambda&gt;11]" time="0.007271289825439453"></testcase><testcase classname="src.pymortests.algorithms.basic" file="src/pymortests/algorithms/basic.py" line="166" name="test_almost_equal_wrong_ind[compatible_vector_array_pair0-&lt;lambda&gt;12]" time="0.0046961307525634766"></testcase><testcase classname="src.pymortests.algorithms.basic" file="src/pymortests/algorithms/basic.py" line="166" name="test_almost_equal_wrong_ind[compatible_vector_array_pair0-&lt;lambda&gt;13]" time="0.012266397476196289"></testcase><testcase classname="src.pymortests.algorithms.basic" file="src/pymortests/algorithms/basic.py" line="166" name="test_almost_equal_wrong_ind[compatible_vector_array_pair0-&lt;lambda&gt;14]" time="0.008135795593261719"></testcase><testcase classname="src.pymortests.algorithms.basic" file="src/pymortests/algorithms/basic.py" line="166" name="test_almost_equal_wrong_ind[compatible_vector_array_pair0-&lt;lambda&gt;15]" time="0.008230924606323242"></testcase><testcase classname="src.pymortests.algorithms.basic" file="src/pymortests/algorithms/basic.py" line="166" name="test_almost_equal_wrong_ind[compatible_vector_array_pair0-&lt;lambda&gt;16]" time="0.012039899826049805"></testcase><testcase classname="src.pymortests.algorithms.basic" file="src/pymortests/algorithms/basic.py" line="166" name="test_almost_equal_wrong_ind[compatible_vector_array_pair0-&lt;lambda&gt;17]" time="0.011998176574707031"></testcase><testcase classname="src.pymortests.algorithms.basic" file="src/pymortests/algorithms/basic.py" line="166" name="test_almost_equal_wrong_ind[compatible_vector_array_pair0-&lt;lambda&gt;18]" time="0.003483295440673828"></testcase><testcase classname="src.pymortests.algorithms.basic" file="src/pymortests/algorithms/basic.py" line="166" name="test_almost_equal_wrong_ind[compatible_vector_array_pair0-&lt;lambda&gt;19]" time="0.00374603271484375"></testcase><testcase classname="src.pymortests.algorithms.basic" file="src/pymortests/algorithms/basic.py" line="166" name="test_almost_equal_wrong_ind[compatible_vector_array_pair0-&lt;lambda&gt;20]" time="0.03866243362426758"></testcase><testcase classname="src.pymortests.algorithms.basic" file="src/pymortests/algorithms/basic.py" line="166" name="test_almost_equal_wrong_ind[compatible_vector_array_pair0-&lt;lambda&gt;21]" time="0.041982412338256836"></testcase><testcase classname="src.pymortests.algorithms.basic" file="src/pymortests/algorithms/basic.py" line="166" name="test_almost_equal_wrong_ind[compatible_vector_array_pair0-&lt;lambda&gt;22]" time="0.14449477195739746"></testcase><testcase classname="src.pymortests.algorithms.basic" file="src/pymortests/algorithms/basic.py" line="166" name="test_almost_equal_wrong_ind[compatible_vector_array_pair0-&lt;lambda&gt;23]" time="0.008648395538330078"></testcase><testcase classname="src.pymortests.algorithms.basic" file="src/pymortests/algorithms/basic.py" line="166" name="test_almost_equal_wrong_ind[compatible_vector_array_pair0-&lt;lambda&gt;24]" time="0.004113197326660156"></testcase><testcase classname="src.pymortests.algorithms.basic" file="src/pymortests/algorithms/basic.py" line="166" name="test_almost_equal_wrong_ind[compatible_vector_array_pair0-&lt;lambda&gt;25]" time="0.0040435791015625"></testcase><testcase classname="src.pymortests.algorithms.basic" file="src/pymortests/algorithms/basic.py" line="166" name="test_almost_equal_wrong_ind[compatible_vector_array_pair0-&lt;lambda&gt;26]" time="0.036110639572143555"></testcase><testcase classname="src.pymortests.algorithms.basic" file="src/pymortests/algorithms/basic.py" line="166" name="test_almost_equal_wrong_ind[compatible_vector_array_pair0-&lt;lambda&gt;27]" time="0.059716224670410156"></testcase><testcase classname="src.pymortests.algorithms.basic" file="src/pymortests/algorithms/basic.py" line="166" name="test_almost_equal_wrong_ind[compatible_vector_array_pair0-&lt;lambda&gt;28]" time="0.21125435829162598"></testcase><testcase classname="src.pymortests.algorithms.basic" file="src/pymortests/algorithms/basic.py" line="166" name="test_almost_equal_wrong_ind[compatible_vector_array_pair0-&lt;lambda&gt;29]" time="0.00982356071472168"></testcase><testcase classname="src.pymortests.algorithms.basic" file="src/pymortests/algorithms/basic.py" line="166" name="test_almost_equal_wrong_ind[compatible_vector_array_pair1-&lt;lambda&gt;0]" time="0.004423856735229492"></testcase><testcase classname="src.pymortests.algorithms.basic" file="src/pymortests/algorithms/basic.py" line="166" name="test_almost_equal_wrong_ind[compatible_vector_array_pair1-&lt;lambda&gt;1]" time="0.003041505813598633"></testcase><testcase classname="src.pymortests.algorithms.basic" file="src/pymortests/algorithms/basic.py" line="166" name="test_almost_equal_wrong_ind[compatible_vector_array_pair1-&lt;lambda&gt;2]" time="0.004592180252075195"></testcase><testcase classname="src.pymortests.algorithms.basic" file="src/pymortests/algorithms/basic.py" line="166" name="test_almost_equal_wrong_ind[compatible_vector_array_pair1-&lt;lambda&gt;3]" time="0.006338357925415039"></testcase><testcase classname="src.pymortests.algorithms.basic" file="src/pymortests/algorithms/basic.py" line="166" name="test_almost_equal_wrong_ind[compatible_vector_array_pair1-&lt;lambda&gt;4]" time="0.006578683853149414"></testcase><testcase classname="src.pymortests.algorithms.basic" file="src/pymortests/algorithms/basic.py" line="166" name="test_almost_equal_wrong_ind[compatible_vector_array_pair1-&lt;lambda&gt;5]" time="0.004979610443115234"></testcase><testcase classname="src.pymortests.algorithms.basic" file="src/pymortests/algorithms/basic.py" line="166" name="test_almost_equal_wrong_ind[compatible_vector_array_pair1-&lt;lambda&gt;6]" time="0.0028531551361083984"></testcase><testcase classname="src.pymortests.algorithms.basic" file="src/pymortests/algorithms/basic.py" line="166" name="test_almost_equal_wrong_ind[compatible_vector_array_pair1-&lt;lambda&gt;7]" time="0.0030264854431152344"></testcase><testcase classname="src.pymortests.algorithms.basic" file="src/pymortests/algorithms/basic.py" line="166" name="test_almost_equal_wrong_ind[compatible_vector_array_pair1-&lt;lambda&gt;8]" time="0.01627182960510254"></testcase><testcase classname="src.pymortests.algorithms.basic" file="src/pymortests/algorithms/basic.py" line="166" name="test_almost_equal_wrong_ind[compatible_vector_array_pair1-&lt;lambda&gt;9]" time="0.03312873840332031"></testcase><testcase classname="src.pymortests.algorithms.basic" file="src/pymortests/algorithms/basic.py" line="166" name="test_almost_equal_wrong_ind[compatible_vector_array_pair1-&lt;lambda&gt;10]" time="0.1102604866027832"></testcase><testcase classname="src.pymortests.algorithms.basic" file="src/pymortests/algorithms/basic.py" line="166" name="test_almost_equal_wrong_ind[compatible_vector_array_pair1-&lt;lambda&gt;11]" time="0.007393836975097656"></testcase><testcase classname="src.pymortests.algorithms.basic" file="src/pymortests/algorithms/basic.py" line="166" name="test_almost_equal_wrong_ind[compatible_vector_array_pair1-&lt;lambda&gt;12]" time="0.004770755767822266"></testcase><testcase classname="src.pymortests.algorithms.basic" file="src/pymortests/algorithms/basic.py" line="166" name="test_almost_equal_wrong_ind[compatible_vector_array_pair1-&lt;lambda&gt;13]" time="0.00843191146850586"></testcase><testcase classname="src.pymortests.algorithms.basic" file="src/pymortests/algorithms/basic.py" line="166" name="test_almost_equal_wrong_ind[compatible_vector_array_pair1-&lt;lambda&gt;14]" time="0.006851673126220703"></testcase><testcase classname="src.pymortests.algorithms.basic" file="src/pymortests/algorithms/basic.py" line="166" name="test_almost_equal_wrong_ind[compatible_vector_array_pair1-&lt;lambda&gt;15]" time="0.008585691452026367"></testcase><testcase classname="src.pymortests.algorithms.basic" file="src/pymortests/algorithms/basic.py" line="166" name="test_almost_equal_wrong_ind[compatible_vector_array_pair1-&lt;lambda&gt;16]" time="0.012185335159301758"></testcase><testcase classname="src.pymortests.algorithms.basic" file="src/pymortests/algorithms/basic.py" line="166" name="test_almost_equal_wrong_ind[compatible_vector_array_pair1-&lt;lambda&gt;17]" time="0.013772010803222656"></testcase><testcase classname="src.pymortests.algorithms.basic" file="src/pymortests/algorithms/basic.py" line="166" name="test_almost_equal_wrong_ind[compatible_vector_array_pair1-&lt;lambda&gt;18]" time="0.004640340805053711"></testcase><testcase classname="src.pymortests.algorithms.basic" file="src/pymortests/algorithms/basic.py" line="166" name="test_almost_equal_wrong_ind[compatible_vector_array_pair1-&lt;lambda&gt;19]" time="0.003916263580322266"></testcase><testcase classname="src.pymortests.algorithms.basic" file="src/pymortests/algorithms/basic.py" line="166" name="test_almost_equal_wrong_ind[compatible_vector_array_pair1-&lt;lambda&gt;20]" time="0.03864693641662598"></testcase><testcase classname="src.pymortests.algorithms.basic" file="src/pymortests/algorithms/basic.py" line="166" name="test_almost_equal_wrong_ind[compatible_vector_array_pair1-&lt;lambda&gt;21]" time="0.04240608215332031"></testcase><testcase classname="src.pymortests.algorithms.basic" file="src/pymortests/algorithms/basic.py" line="166" name="test_almost_equal_wrong_ind[compatible_vector_array_pair1-&lt;lambda&gt;22]" time="0.147477388381958"></testcase><testcase classname="src.pymortests.algorithms.basic" file="src/pymortests/algorithms/basic.py" line="166" name="test_almost_equal_wrong_ind[compatible_vector_array_pair1-&lt;lambda&gt;23]" time="0.00834798812866211"></testcase><testcase classname="src.pymortests.algorithms.basic" file="src/pymortests/algorithms/basic.py" line="166" name="test_almost_equal_wrong_ind[compatible_vector_array_pair1-&lt;lambda&gt;24]" time="0.004128932952880859"></testcase><testcase classname="src.pymortests.algorithms.basic" file="src/pymortests/algorithms/basic.py" line="166" name="test_almost_equal_wrong_ind[compatible_vector_array_pair1-&lt;lambda&gt;25]" time="0.0040013790130615234"></testcase><testcase classname="src.pymortests.algorithms.basic" file="src/pymortests/algorithms/basic.py" line="166" name="test_almost_equal_wrong_ind[compatible_vector_array_pair1-&lt;lambda&gt;26]" time="0.03517413139343262"></testcase><testcase classname="src.pymortests.algorithms.basic" file="src/pymortests/algorithms/basic.py" line="166" name="test_almost_equal_wrong_ind[compatible_vector_array_pair1-&lt;lambda&gt;27]" time="0.05907630920410156"></testcase><testcase classname="src.pymortests.algorithms.basic" file="src/pymortests/algorithms/basic.py" line="166" name="test_almost_equal_wrong_ind[compatible_vector_array_pair1-&lt;lambda&gt;28]" time="0.2110581398010254"></testcase><testcase classname="src.pymortests.algorithms.basic" file="src/pymortests/algorithms/basic.py" line="166" name="test_almost_equal_wrong_ind[compatible_vector_array_pair1-&lt;lambda&gt;29]" time="0.009901762008666992"></testcase><testcase classname="src.pymortests.algorithms.basic" file="src/pymortests/algorithms/basic.py" line="166" name="test_almost_equal_wrong_ind[compatible_vector_array_pair2-&lt;lambda&gt;0]" time="0.004372119903564453"></testcase><testcase classname="src.pymortests.algorithms.basic" file="src/pymortests/algorithms/basic.py" line="166" name="test_almost_equal_wrong_ind[compatible_vector_array_pair2-&lt;lambda&gt;1]" time="0.0030279159545898438"></testcase><testcase classname="src.pymortests.algorithms.basic" file="src/pymortests/algorithms/basic.py" line="166" name="test_almost_equal_wrong_ind[compatible_vector_array_pair2-&lt;lambda&gt;2]" time="0.0046651363372802734"></testcase><testcase classname="src.pymortests.algorithms.basic" file="src/pymortests/algorithms/basic.py" line="166" name="test_almost_equal_wrong_ind[compatible_vector_array_pair2-&lt;lambda&gt;3]" time="0.006350278854370117"></testcase><testcase classname="src.pymortests.algorithms.basic" file="src/pymortests/algorithms/basic.py" line="166" name="test_almost_equal_wrong_ind[compatible_vector_array_pair2-&lt;lambda&gt;4]" time="0.0064640045166015625"></testcase><testcase classname="src.pymortests.algorithms.basic" file="src/pymortests/algorithms/basic.py" line="166" name="test_almost_equal_wrong_ind[compatible_vector_array_pair2-&lt;lambda&gt;5]" time="0.005038738250732422"></testcase><testcase classname="src.pymortests.algorithms.basic" file="src/pymortests/algorithms/basic.py" line="166" name="test_almost_equal_wrong_ind[compatible_vector_array_pair2-&lt;lambda&gt;6]" time="0.002853870391845703"></testcase><testcase classname="src.pymortests.algorithms.basic" file="src/pymortests/algorithms/basic.py" line="166" name="test_almost_equal_wrong_ind[compatible_vector_array_pair2-&lt;lambda&gt;7]" time="0.0030498504638671875"></testcase><testcase classname="src.pymortests.algorithms.basic" file="src/pymortests/algorithms/basic.py" line="166" name="test_almost_equal_wrong_ind[compatible_vector_array_pair2-&lt;lambda&gt;8]" time="0.01607537269592285"></testcase><testcase classname="src.pymortests.algorithms.basic" file="src/pymortests/algorithms/basic.py" line="166" name="test_almost_equal_wrong_ind[compatible_vector_array_pair2-&lt;lambda&gt;9]" time="0.03298640251159668"></testcase><testcase classname="src.pymortests.algorithms.basic" file="src/pymortests/algorithms/basic.py" line="166" name="test_almost_equal_wrong_ind[compatible_vector_array_pair2-&lt;lambda&gt;10]" time="0.10989999771118164"></testcase><testcase classname="src.pymortests.algorithms.basic" file="src/pymortests/algorithms/basic.py" line="166" name="test_almost_equal_wrong_ind[compatible_vector_array_pair2-&lt;lambda&gt;11]" time="0.007254838943481445"></testcase><testcase classname="src.pymortests.algorithms.basic" file="src/pymortests/algorithms/basic.py" line="166" name="test_almost_equal_wrong_ind[compatible_vector_array_pair2-&lt;lambda&gt;12]" time="0.004765748977661133"></testcase><testcase classname="src.pymortests.algorithms.basic" file="src/pymortests/algorithms/basic.py" line="166" name="test_almost_equal_wrong_ind[compatible_vector_array_pair2-&lt;lambda&gt;13]" time="0.008376121520996094"></testcase><testcase classname="src.pymortests.algorithms.basic" file="src/pymortests/algorithms/basic.py" line="166" name="test_almost_equal_wrong_ind[compatible_vector_array_pair2-&lt;lambda&gt;14]" time="0.006983757019042969"></testcase><testcase classname="src.pymortests.algorithms.basic" file="src/pymortests/algorithms/basic.py" line="166" name="test_almost_equal_wrong_ind[compatible_vector_array_pair2-&lt;lambda&gt;15]" time="0.008139610290527344"></testcase><testcase classname="src.pymortests.algorithms.basic" file="src/pymortests/algorithms/basic.py" line="166" name="test_almost_equal_wrong_ind[compatible_vector_array_pair2-&lt;lambda&gt;16]" time="0.011910438537597656"></testcase><testcase classname="src.pymortests.algorithms.basic" file="src/pymortests/algorithms/basic.py" line="166" name="test_almost_equal_wrong_ind[compatible_vector_array_pair2-&lt;lambda&gt;17]" time="0.012141704559326172"></testcase><testcase classname="src.pymortests.algorithms.basic" file="src/pymortests/algorithms/basic.py" line="166" name="test_almost_equal_wrong_ind[compatible_vector_array_pair2-&lt;lambda&gt;18]" time="0.004732608795166016"></testcase><testcase classname="src.pymortests.algorithms.basic" file="src/pymortests/algorithms/basic.py" line="166" name="test_almost_equal_wrong_ind[compatible_vector_array_pair2-&lt;lambda&gt;19]" time="0.003826141357421875"></testcase><testcase classname="src.pymortests.algorithms.basic" file="src/pymortests/algorithms/basic.py" line="166" name="test_almost_equal_wrong_ind[compatible_vector_array_pair2-&lt;lambda&gt;20]" time="0.0384831428527832"></testcase><testcase classname="src.pymortests.algorithms.basic" file="src/pymortests/algorithms/basic.py" line="166" name="test_almost_equal_wrong_ind[compatible_vector_array_pair2-&lt;lambda&gt;21]" time="0.04189419746398926"></testcase><testcase classname="src.pymortests.algorithms.basic" file="src/pymortests/algorithms/basic.py" line="166" name="test_almost_equal_wrong_ind[compatible_vector_array_pair2-&lt;lambda&gt;22]" time="0.14770746231079102"></testcase><testcase classname="src.pymortests.algorithms.basic" file="src/pymortests/algorithms/basic.py" line="166" name="test_almost_equal_wrong_ind[compatible_vector_array_pair2-&lt;lambda&gt;23]" time="0.008134126663208008"></testcase><testcase classname="src.pymortests.algorithms.basic" file="src/pymortests/algorithms/basic.py" line="166" name="test_almost_equal_wrong_ind[compatible_vector_array_pair2-&lt;lambda&gt;24]" time="0.004087209701538086"></testcase><testcase classname="src.pymortests.algorithms.basic" file="src/pymortests/algorithms/basic.py" line="166" name="test_almost_equal_wrong_ind[compatible_vector_array_pair2-&lt;lambda&gt;25]" time="0.003990650177001953"></testcase><testcase classname="src.pymortests.algorithms.basic" file="src/pymortests/algorithms/basic.py" line="166" name="test_almost_equal_wrong_ind[compatible_vector_array_pair2-&lt;lambda&gt;26]" time="0.03522610664367676"></testcase><testcase classname="src.pymortests.algorithms.basic" file="src/pymortests/algorithms/basic.py" line="166" name="test_almost_equal_wrong_ind[compatible_vector_array_pair2-&lt;lambda&gt;27]" time="0.05926108360290527"></testcase><testcase classname="src.pymortests.algorithms.basic" file="src/pymortests/algorithms/basic.py" line="166" name="test_almost_equal_wrong_ind[compatible_vector_array_pair2-&lt;lambda&gt;28]" time="0.21045446395874023"></testcase><testcase classname="src.pymortests.algorithms.basic" file="src/pymortests/algorithms/basic.py" line="166" name="test_almost_equal_wrong_ind[compatible_vector_array_pair2-&lt;lambda&gt;29]" time="0.009966135025024414"></testcase><testcase classname="src.pymortests.algorithms.basic" file="src/pymortests/algorithms/basic.py" line="166" name="test_almost_equal_wrong_ind[compatible_vector_array_pair3-&lt;lambda&gt;0]" time="0.004330873489379883"></testcase><testcase classname="src.pymortests.algorithms.basic" file="src/pymortests/algorithms/basic.py" line="166" name="test_almost_equal_wrong_ind[compatible_vector_array_pair3-&lt;lambda&gt;1]" time="0.0032782554626464844"></testcase><testcase classname="src.pymortests.algorithms.basic" file="src/pymortests/algorithms/basic.py" line="166" name="test_almost_equal_wrong_ind[compatible_vector_array_pair3-&lt;lambda&gt;2]" time="0.004830360412597656"></testcase><testcase classname="src.pymortests.algorithms.basic" file="src/pymortests/algorithms/basic.py" line="166" name="test_almost_equal_wrong_ind[compatible_vector_array_pair3-&lt;lambda&gt;3]" time="0.006550788879394531"></testcase><testcase classname="src.pymortests.algorithms.basic" file="src/pymortests/algorithms/basic.py" line="166" name="test_almost_equal_wrong_ind[compatible_vector_array_pair3-&lt;lambda&gt;4]" time="0.006532192230224609"></testcase><testcase classname="src.pymortests.algorithms.basic" file="src/pymortests/algorithms/basic.py" line="166" name="test_almost_equal_wrong_ind[compatible_vector_array_pair3-&lt;lambda&gt;5]" time="0.0051805973052978516"></testcase><testcase classname="src.pymortests.algorithms.basic" file="src/pymortests/algorithms/basic.py" line="166" name="test_almost_equal_wrong_ind[compatible_vector_array_pair3-&lt;lambda&gt;6]" time="0.002840757369995117"></testcase><testcase classname="src.pymortests.algorithms.basic" file="src/pymortests/algorithms/basic.py" line="166" name="test_almost_equal_wrong_ind[compatible_vector_array_pair3-&lt;lambda&gt;7]" time="0.003069639205932617"></testcase><testcase classname="src.pymortests.algorithms.basic" file="src/pymortests/algorithms/basic.py" line="166" name="test_almost_equal_wrong_ind[compatible_vector_array_pair3-&lt;lambda&gt;8]" time="0.015659809112548828"></testcase><testcase classname="src.pymortests.algorithms.basic" file="src/pymortests/algorithms/basic.py" line="166" name="test_almost_equal_wrong_ind[compatible_vector_array_pair3-&lt;lambda&gt;9]" time="0.03183269500732422"></testcase><testcase classname="src.pymortests.algorithms.basic" file="src/pymortests/algorithms/basic.py" line="166" name="test_almost_equal_wrong_ind[compatible_vector_array_pair3-&lt;lambda&gt;10]" time="0.2991025447845459"></testcase><testcase classname="src.pymortests.algorithms.basic" file="src/pymortests/algorithms/basic.py" line="166" name="test_almost_equal_wrong_ind[compatible_vector_array_pair3-&lt;lambda&gt;11]" time="0.00718235969543457"></testcase><testcase classname="src.pymortests.algorithms.basic" file="src/pymortests/algorithms/basic.py" line="166" name="test_almost_equal_wrong_ind[compatible_vector_array_pair3-&lt;lambda&gt;12]" time="0.0048677921295166016"></testcase><testcase classname="src.pymortests.algorithms.basic" file="src/pymortests/algorithms/basic.py" line="166" name="test_almost_equal_wrong_ind[compatible_vector_array_pair3-&lt;lambda&gt;13]" time="0.008335113525390625"></testcase><testcase classname="src.pymortests.algorithms.basic" file="src/pymortests/algorithms/basic.py" line="166" name="test_almost_equal_wrong_ind[compatible_vector_array_pair3-&lt;lambda&gt;14]" time="0.006924152374267578"></testcase><testcase classname="src.pymortests.algorithms.basic" file="src/pymortests/algorithms/basic.py" line="166" name="test_almost_equal_wrong_ind[compatible_vector_array_pair3-&lt;lambda&gt;15]" time="0.008234977722167969"></testcase><testcase classname="src.pymortests.algorithms.basic" file="src/pymortests/algorithms/basic.py" line="166" name="test_almost_equal_wrong_ind[compatible_vector_array_pair3-&lt;lambda&gt;16]" time="0.012025833129882812"></testcase><testcase classname="src.pymortests.algorithms.basic" file="src/pymortests/algorithms/basic.py" line="166" name="test_almost_equal_wrong_ind[compatible_vector_array_pair3-&lt;lambda&gt;17]" time="0.012478351593017578"></testcase><testcase classname="src.pymortests.algorithms.basic" file="src/pymortests/algorithms/basic.py" line="166" name="test_almost_equal_wrong_ind[compatible_vector_array_pair3-&lt;lambda&gt;18]" time="0.004651546478271484"></testcase><testcase classname="src.pymortests.algorithms.basic" file="src/pymortests/algorithms/basic.py" line="166" name="test_almost_equal_wrong_ind[compatible_vector_array_pair3-&lt;lambda&gt;19]" time="0.0039017200469970703"></testcase><testcase classname="src.pymortests.algorithms.basic" file="src/pymortests/algorithms/basic.py" line="166" name="test_almost_equal_wrong_ind[compatible_vector_array_pair3-&lt;lambda&gt;20]" time="0.039429426193237305"></testcase><testcase classname="src.pymortests.algorithms.basic" file="src/pymortests/algorithms/basic.py" line="166" name="test_almost_equal_wrong_ind[compatible_vector_array_pair3-&lt;lambda&gt;21]" time="0.04277610778808594"></testcase><testcase classname="src.pymortests.algorithms.basic" file="src/pymortests/algorithms/basic.py" line="166" name="test_almost_equal_wrong_ind[compatible_vector_array_pair3-&lt;lambda&gt;22]" time="0.14607858657836914"></testcase><testcase classname="src.pymortests.algorithms.basic" file="src/pymortests/algorithms/basic.py" line="166" name="test_almost_equal_wrong_ind[compatible_vector_array_pair3-&lt;lambda&gt;23]" time="0.008387327194213867"></testcase><testcase classname="src.pymortests.algorithms.basic" file="src/pymortests/algorithms/basic.py" line="166" name="test_almost_equal_wrong_ind[compatible_vector_array_pair3-&lt;lambda&gt;24]" time="0.00413966178894043"></testcase><testcase classname="src.pymortests.algorithms.basic" file="src/pymortests/algorithms/basic.py" line="166" name="test_almost_equal_wrong_ind[compatible_vector_array_pair3-&lt;lambda&gt;25]" time="0.0040013790130615234"></testcase><testcase classname="src.pymortests.algorithms.basic" file="src/pymortests/algorithms/basic.py" line="166" name="test_almost_equal_wrong_ind[compatible_vector_array_pair3-&lt;lambda&gt;26]" time="0.03511977195739746"></testcase><testcase classname="src.pymortests.algorithms.basic" file="src/pymortests/algorithms/basic.py" line="166" name="test_almost_equal_wrong_ind[compatible_vector_array_pair3-&lt;lambda&gt;27]" time="0.06170511245727539"></testcase><testcase classname="src.pymortests.algorithms.basic" file="src/pymortests/algorithms/basic.py" line="166" name="test_almost_equal_wrong_ind[compatible_vector_array_pair3-&lt;lambda&gt;28]" time="0.21249103546142578"></testcase><testcase classname="src.pymortests.algorithms.basic" file="src/pymortests/algorithms/basic.py" line="166" name="test_almost_equal_wrong_ind[compatible_vector_array_pair3-&lt;lambda&gt;29]" time="0.009819269180297852"></testcase><testcase classname="src.pymortests.algorithms.basic" file="src/pymortests/algorithms/basic.py" line="166" name="test_almost_equal_wrong_ind[compatible_vector_array_pair4-&lt;lambda&gt;0]" time="0.0044727325439453125"></testcase><testcase classname="src.pymortests.algorithms.basic" file="src/pymortests/algorithms/basic.py" line="166" name="test_almost_equal_wrong_ind[compatible_vector_array_pair4-&lt;lambda&gt;1]" time="0.003119945526123047"></testcase><testcase classname="src.pymortests.algorithms.basic" file="src/pymortests/algorithms/basic.py" line="166" name="test_almost_equal_wrong_ind[compatible_vector_array_pair4-&lt;lambda&gt;2]" time="0.004769325256347656"></testcase><testcase classname="src.pymortests.algorithms.basic" file="src/pymortests/algorithms/basic.py" line="166" name="test_almost_equal_wrong_ind[compatible_vector_array_pair4-&lt;lambda&gt;3]" time="0.006421089172363281"></testcase><testcase classname="src.pymortests.algorithms.basic" file="src/pymortests/algorithms/basic.py" line="166" name="test_almost_equal_wrong_ind[compatible_vector_array_pair4-&lt;lambda&gt;4]" time="0.006466865539550781"></testcase><testcase classname="src.pymortests.algorithms.basic" file="src/pymortests/algorithms/basic.py" line="166" name="test_almost_equal_wrong_ind[compatible_vector_array_pair4-&lt;lambda&gt;5]" time="0.004990816116333008"></testcase><testcase classname="src.pymortests.algorithms.basic" file="src/pymortests/algorithms/basic.py" line="166" name="test_almost_equal_wrong_ind[compatible_vector_array_pair4-&lt;lambda&gt;6]" time="0.003007173538208008"></testcase><testcase classname="src.pymortests.algorithms.basic" file="src/pymortests/algorithms/basic.py" line="166" name="test_almost_equal_wrong_ind[compatible_vector_array_pair4-&lt;lambda&gt;7]" time="0.0030906200408935547"></testcase><testcase classname="src.pymortests.algorithms.basic" file="src/pymortests/algorithms/basic.py" line="166" name="test_almost_equal_wrong_ind[compatible_vector_array_pair4-&lt;lambda&gt;8]" time="0.015757322311401367"></testcase><testcase classname="src.pymortests.algorithms.basic" file="src/pymortests/algorithms/basic.py" line="166" name="test_almost_equal_wrong_ind[compatible_vector_array_pair4-&lt;lambda&gt;9]" time="0.03320169448852539"></testcase><testcase classname="src.pymortests.algorithms.basic" file="src/pymortests/algorithms/basic.py" line="166" name="test_almost_equal_wrong_ind[compatible_vector_array_pair4-&lt;lambda&gt;10]" time="0.1105809211730957"></testcase><testcase classname="src.pymortests.algorithms.basic" file="src/pymortests/algorithms/basic.py" line="166" name="test_almost_equal_wrong_ind[compatible_vector_array_pair4-&lt;lambda&gt;11]" time="0.007185459136962891"></testcase><testcase classname="src.pymortests.algorithms.basic" file="src/pymortests/algorithms/basic.py" line="166" name="test_almost_equal_wrong_ind[compatible_vector_array_pair4-&lt;lambda&gt;12]" time="0.004836559295654297"></testcase><testcase classname="src.pymortests.algorithms.basic" file="src/pymortests/algorithms/basic.py" line="166" name="test_almost_equal_wrong_ind[compatible_vector_array_pair4-&lt;lambda&gt;13]" time="0.00859212875366211"></testcase><testcase classname="src.pymortests.algorithms.basic" file="src/pymortests/algorithms/basic.py" line="166" name="test_almost_equal_wrong_ind[compatible_vector_array_pair4-&lt;lambda&gt;14]" time="0.006951093673706055"></testcase><testcase classname="src.pymortests.algorithms.basic" file="src/pymortests/algorithms/basic.py" line="166" name="test_almost_equal_wrong_ind[compatible_vector_array_pair4-&lt;lambda&gt;15]" time="0.008222579956054688"></testcase><testcase classname="src.pymortests.algorithms.basic" file="src/pymortests/algorithms/basic.py" line="166" name="test_almost_equal_wrong_ind[compatible_vector_array_pair4-&lt;lambda&gt;16]" time="0.012331485748291016"></testcase><testcase classname="src.pymortests.algorithms.basic" file="src/pymortests/algorithms/basic.py" line="166" name="test_almost_equal_wrong_ind[compatible_vector_array_pair4-&lt;lambda&gt;17]" time="0.013735294342041016"></testcase><testcase classname="src.pymortests.algorithms.basic" file="src/pymortests/algorithms/basic.py" line="166" name="test_almost_equal_wrong_ind[compatible_vector_array_pair4-&lt;lambda&gt;18]" time="0.004639387130737305"></testcase><testcase classname="src.pymortests.algorithms.basic" file="src/pymortests/algorithms/basic.py" line="166" name="test_almost_equal_wrong_ind[compatible_vector_array_pair4-&lt;lambda&gt;19]" time="0.0038385391235351562"></testcase><testcase classname="src.pymortests.algorithms.basic" file="src/pymortests/algorithms/basic.py" line="166" name="test_almost_equal_wrong_ind[compatible_vector_array_pair4-&lt;lambda&gt;20]" time="0.03894400596618652"></testcase><testcase classname="src.pymortests.algorithms.basic" file="src/pymortests/algorithms/basic.py" line="166" name="test_almost_equal_wrong_ind[compatible_vector_array_pair4-&lt;lambda&gt;21]" time="0.04259920120239258"></testcase><testcase classname="src.pymortests.algorithms.basic" file="src/pymortests/algorithms/basic.py" line="166" name="test_almost_equal_wrong_ind[compatible_vector_array_pair4-&lt;lambda&gt;22]" time="0.145782470703125"></testcase><testcase classname="src.pymortests.algorithms.basic" file="src/pymortests/algorithms/basic.py" line="166" name="test_almost_equal_wrong_ind[compatible_vector_array_pair4-&lt;lambda&gt;23]" time="0.008279085159301758"></testcase><testcase classname="src.pymortests.algorithms.basic" file="src/pymortests/algorithms/basic.py" line="166" name="test_almost_equal_wrong_ind[compatible_vector_array_pair4-&lt;lambda&gt;24]" time="0.004110097885131836"></testcase><testcase classname="src.pymortests.algorithms.basic" file="src/pymortests/algorithms/basic.py" line="166" name="test_almost_equal_wrong_ind[compatible_vector_array_pair4-&lt;lambda&gt;25]" time="0.004067659378051758"></testcase><testcase classname="src.pymortests.algorithms.basic" file="src/pymortests/algorithms/basic.py" line="166" name="test_almost_equal_wrong_ind[compatible_vector_array_pair4-&lt;lambda&gt;26]" time="0.03600573539733887"></testcase><testcase classname="src.pymortests.algorithms.basic" file="src/pymortests/algorithms/basic.py" line="166" name="test_almost_equal_wrong_ind[compatible_vector_array_pair4-&lt;lambda&gt;27]" time="0.05947613716125488"></testcase><testcase classname="src.pymortests.algorithms.basic" file="src/pymortests/algorithms/basic.py" line="166" name="test_almost_equal_wrong_ind[compatible_vector_array_pair4-&lt;lambda&gt;28]" time="0.21178293228149414"></testcase><testcase classname="src.pymortests.algorithms.basic" file="src/pymortests/algorithms/basic.py" line="166" name="test_almost_equal_wrong_ind[compatible_vector_array_pair4-&lt;lambda&gt;29]" time="0.0097808837890625"></testcase><testcase classname="src.pymortests.algorithms.basic" file="src/pymortests/algorithms/basic.py" line="166" name="test_almost_equal_wrong_ind[compatible_vector_array_pair5-&lt;lambda&gt;0]" time="0.004380702972412109"></testcase><testcase classname="src.pymortests.algorithms.basic" file="src/pymortests/algorithms/basic.py" line="166" name="test_almost_equal_wrong_ind[compatible_vector_array_pair5-&lt;lambda&gt;1]" time="0.0030727386474609375"></testcase><testcase classname="src.pymortests.algorithms.basic" file="src/pymortests/algorithms/basic.py" line="166" name="test_almost_equal_wrong_ind[compatible_vector_array_pair5-&lt;lambda&gt;2]" time="0.004751443862915039"></testcase><testcase classname="src.pymortests.algorithms.basic" file="src/pymortests/algorithms/basic.py" line="166" name="test_almost_equal_wrong_ind[compatible_vector_array_pair5-&lt;lambda&gt;3]" time="0.006487131118774414"></testcase><testcase classname="src.pymortests.algorithms.basic" file="src/pymortests/algorithms/basic.py" line="166" name="test_almost_equal_wrong_ind[compatible_vector_array_pair5-&lt;lambda&gt;4]" time="0.006572246551513672"></testcase><testcase classname="src.pymortests.algorithms.basic" file="src/pymortests/algorithms/basic.py" line="166" name="test_almost_equal_wrong_ind[compatible_vector_array_pair5-&lt;lambda&gt;5]" time="0.005063056945800781"></testcase><testcase classname="src.pymortests.algorithms.basic" file="src/pymortests/algorithms/basic.py" line="166" name="test_almost_equal_wrong_ind[compatible_vector_array_pair5-&lt;lambda&gt;6]" time="0.0030717849731445312"></testcase><testcase classname="src.pymortests.algorithms.basic" file="src/pymortests/algorithms/basic.py" line="166" name="test_almost_equal_wrong_ind[compatible_vector_array_pair5-&lt;lambda&gt;7]" time="0.003078460693359375"></testcase><testcase classname="src.pymortests.algorithms.basic" file="src/pymortests/algorithms/basic.py" line="166" name="test_almost_equal_wrong_ind[compatible_vector_array_pair5-&lt;lambda&gt;8]" time="0.015740156173706055"></testcase><testcase classname="src.pymortests.algorithms.basic" file="src/pymortests/algorithms/basic.py" line="166" name="test_almost_equal_wrong_ind[compatible_vector_array_pair5-&lt;lambda&gt;9]" time="0.03255200386047363"></testcase><testcase classname="src.pymortests.algorithms.basic" file="src/pymortests/algorithms/basic.py" line="166" name="test_almost_equal_wrong_ind[compatible_vector_array_pair5-&lt;lambda&gt;10]" time="0.1112220287322998"></testcase><testcase classname="src.pymortests.algorithms.basic" file="src/pymortests/algorithms/basic.py" line="166" name="test_almost_equal_wrong_ind[compatible_vector_array_pair5-&lt;lambda&gt;11]" time="0.007131814956665039"></testcase><testcase classname="src.pymortests.algorithms.basic" file="src/pymortests/algorithms/basic.py" line="166" name="test_almost_equal_wrong_ind[compatible_vector_array_pair5-&lt;lambda&gt;12]" time="0.004807949066162109"></testcase><testcase classname="src.pymortests.algorithms.basic" file="src/pymortests/algorithms/basic.py" line="166" name="test_almost_equal_wrong_ind[compatible_vector_array_pair5-&lt;lambda&gt;13]" time="0.008526325225830078"></testcase><testcase classname="src.pymortests.algorithms.basic" file="src/pymortests/algorithms/basic.py" line="166" name="test_almost_equal_wrong_ind[compatible_vector_array_pair5-&lt;lambda&gt;14]" time="0.006810665130615234"></testcase><testcase classname="src.pymortests.algorithms.basic" file="src/pymortests/algorithms/basic.py" line="166" name="test_almost_equal_wrong_ind[compatible_vector_array_pair5-&lt;lambda&gt;15]" time="0.008165359497070312"></testcase><testcase classname="src.pymortests.algorithms.basic" file="src/pymortests/algorithms/basic.py" line="166" name="test_almost_equal_wrong_ind[compatible_vector_array_pair5-&lt;lambda&gt;16]" time="0.01227259635925293"></testcase><testcase classname="src.pymortests.algorithms.basic" file="src/pymortests/algorithms/basic.py" line="166" name="test_almost_equal_wrong_ind[compatible_vector_array_pair5-&lt;lambda&gt;17]" time="0.012268543243408203"></testcase><testcase classname="src.pymortests.algorithms.basic" file="src/pymortests/algorithms/basic.py" line="166" name="test_almost_equal_wrong_ind[compatible_vector_array_pair5-&lt;lambda&gt;18]" time="0.004693269729614258"></testcase><testcase classname="src.pymortests.algorithms.basic" file="src/pymortests/algorithms/basic.py" line="166" name="test_almost_equal_wrong_ind[compatible_vector_array_pair5-&lt;lambda&gt;19]" time="0.003816843032836914"></testcase><testcase classname="src.pymortests.algorithms.basic" file="src/pymortests/algorithms/basic.py" line="166" name="test_almost_equal_wrong_ind[compatible_vector_array_pair5-&lt;lambda&gt;20]" time="0.039293527603149414"></testcase><testcase classname="src.pymortests.algorithms.basic" file="src/pymortests/algorithms/basic.py" line="166" name="test_almost_equal_wrong_ind[compatible_vector_array_pair5-&lt;lambda&gt;21]" time="0.042253971099853516"></testcase><testcase classname="src.pymortests.algorithms.basic" file="src/pymortests/algorithms/basic.py" line="166" name="test_almost_equal_wrong_ind[compatible_vector_array_pair5-&lt;lambda&gt;22]" time="0.14560413360595703"></testcase><testcase classname="src.pymortests.algorithms.basic" file="src/pymortests/algorithms/basic.py" line="166" name="test_almost_equal_wrong_ind[compatible_vector_array_pair5-&lt;lambda&gt;23]" time="0.008210182189941406"></testcase><testcase classname="src.pymortests.algorithms.basic" file="src/pymortests/algorithms/basic.py" line="166" name="test_almost_equal_wrong_ind[compatible_vector_array_pair5-&lt;lambda&gt;24]" time="0.0040967464447021484"></testcase><testcase classname="src.pymortests.algorithms.basic" file="src/pymortests/algorithms/basic.py" line="166" name="test_almost_equal_wrong_ind[compatible_vector_array_pair5-&lt;lambda&gt;25]" time="0.00402379035949707"></testcase><testcase classname="src.pymortests.algorithms.basic" file="src/pymortests/algorithms/basic.py" line="166" name="test_almost_equal_wrong_ind[compatible_vector_array_pair5-&lt;lambda&gt;26]" time="0.03530716896057129"></testcase><testcase classname="src.pymortests.algorithms.basic" file="src/pymortests/algorithms/basic.py" line="166" name="test_almost_equal_wrong_ind[compatible_vector_array_pair5-&lt;lambda&gt;27]" time="0.0591130256652832"></testcase><testcase classname="src.pymortests.algorithms.basic" file="src/pymortests/algorithms/basic.py" line="166" name="test_almost_equal_wrong_ind[compatible_vector_array_pair5-&lt;lambda&gt;28]" time="0.21263957023620605"></testcase><testcase classname="src.pymortests.algorithms.basic" file="src/pymortests/algorithms/basic.py" line="166" name="test_almost_equal_wrong_ind[compatible_vector_array_pair5-&lt;lambda&gt;29]" time="0.009666681289672852"></testcase><testcase classname="src.pymortests.algorithms.basic" file="src/pymortests/algorithms/basic.py" line="166" name="test_almost_equal_wrong_ind[compatible_vector_array_pair6-&lt;lambda&gt;0]" time="0.00444483757019043"></testcase><testcase classname="src.pymortests.algorithms.basic" file="src/pymortests/algorithms/basic.py" line="166" name="test_almost_equal_wrong_ind[compatible_vector_array_pair6-&lt;lambda&gt;1]" time="0.0031278133392333984"></testcase><testcase classname="src.pymortests.algorithms.basic" file="src/pymortests/algorithms/basic.py" line="166" name="test_almost_equal_wrong_ind[compatible_vector_array_pair6-&lt;lambda&gt;2]" time="0.004690647125244141"></testcase><testcase classname="src.pymortests.algorithms.basic" file="src/pymortests/algorithms/basic.py" line="166" name="test_almost_equal_wrong_ind[compatible_vector_array_pair6-&lt;lambda&gt;3]" time="0.0063877105712890625"></testcase><testcase classname="src.pymortests.algorithms.basic" file="src/pymortests/algorithms/basic.py" line="166" name="test_almost_equal_wrong_ind[compatible_vector_array_pair6-&lt;lambda&gt;4]" time="0.00661158561706543"></testcase><testcase classname="src.pymortests.algorithms.basic" file="src/pymortests/algorithms/basic.py" line="166" name="test_almost_equal_wrong_ind[compatible_vector_array_pair6-&lt;lambda&gt;5]" time="0.004949808120727539"></testcase><testcase classname="src.pymortests.algorithms.basic" file="src/pymortests/algorithms/basic.py" line="166" name="test_almost_equal_wrong_ind[compatible_vector_array_pair6-&lt;lambda&gt;6]" time="0.002823352813720703"></testcase><testcase classname="src.pymortests.algorithms.basic" file="src/pymortests/algorithms/basic.py" line="166" name="test_almost_equal_wrong_ind[compatible_vector_array_pair6-&lt;lambda&gt;7]" time="0.0030519962310791016"></testcase><testcase classname="src.pymortests.algorithms.basic" file="src/pymortests/algorithms/basic.py" line="166" name="test_almost_equal_wrong_ind[compatible_vector_array_pair6-&lt;lambda&gt;8]" time="0.015616893768310547"></testcase><testcase classname="src.pymortests.algorithms.basic" file="src/pymortests/algorithms/basic.py" line="166" name="test_almost_equal_wrong_ind[compatible_vector_array_pair6-&lt;lambda&gt;9]" time="0.03342151641845703"></testcase><testcase classname="src.pymortests.algorithms.basic" file="src/pymortests/algorithms/basic.py" line="166" name="test_almost_equal_wrong_ind[compatible_vector_array_pair6-&lt;lambda&gt;10]" time="0.11042523384094238"></testcase><testcase classname="src.pymortests.algorithms.basic" file="src/pymortests/algorithms/basic.py" line="166" name="test_almost_equal_wrong_ind[compatible_vector_array_pair6-&lt;lambda&gt;11]" time="0.0072689056396484375"></testcase><testcase classname="src.pymortests.algorithms.basic" file="src/pymortests/algorithms/basic.py" line="166" name="test_almost_equal_wrong_ind[compatible_vector_array_pair6-&lt;lambda&gt;12]" time="0.004835367202758789"></testcase><testcase classname="src.pymortests.algorithms.basic" file="src/pymortests/algorithms/basic.py" line="166" name="test_almost_equal_wrong_ind[compatible_vector_array_pair6-&lt;lambda&gt;13]" time="0.008473873138427734"></testcase><testcase classname="src.pymortests.algorithms.basic" file="src/pymortests/algorithms/basic.py" line="166" name="test_almost_equal_wrong_ind[compatible_vector_array_pair6-&lt;lambda&gt;14]" time="0.006855010986328125"></testcase><testcase classname="src.pymortests.algorithms.basic" file="src/pymortests/algorithms/basic.py" line="166" name="test_almost_equal_wrong_ind[compatible_vector_array_pair6-&lt;lambda&gt;15]" time="0.00816655158996582"></testcase><testcase classname="src.pymortests.algorithms.basic" file="src/pymortests/algorithms/basic.py" line="166" name="test_almost_equal_wrong_ind[compatible_vector_array_pair6-&lt;lambda&gt;16]" time="0.012167930603027344"></testcase><testcase classname="src.pymortests.algorithms.basic" file="src/pymortests/algorithms/basic.py" line="166" name="test_almost_equal_wrong_ind[compatible_vector_array_pair6-&lt;lambda&gt;17]" time="0.012163877487182617"></testcase><testcase classname="src.pymortests.algorithms.basic" file="src/pymortests/algorithms/basic.py" line="166" name="test_almost_equal_wrong_ind[compatible_vector_array_pair6-&lt;lambda&gt;18]" time="0.004518985748291016"></testcase><testcase classname="src.pymortests.algorithms.basic" file="src/pymortests/algorithms/basic.py" line="166" name="test_almost_equal_wrong_ind[compatible_vector_array_pair6-&lt;lambda&gt;19]" time="0.003739595413208008"></testcase><testcase classname="src.pymortests.algorithms.basic" file="src/pymortests/algorithms/basic.py" line="166" name="test_almost_equal_wrong_ind[compatible_vector_array_pair6-&lt;lambda&gt;20]" time="0.03857088088989258"></testcase><testcase classname="src.pymortests.algorithms.basic" file="src/pymortests/algorithms/basic.py" line="166" name="test_almost_equal_wrong_ind[compatible_vector_array_pair6-&lt;lambda&gt;21]" time="0.04230761528015137"></testcase><testcase classname="src.pymortests.algorithms.basic" file="src/pymortests/algorithms/basic.py" line="166" name="test_almost_equal_wrong_ind[compatible_vector_array_pair6-&lt;lambda&gt;22]" time="0.14341139793395996"></testcase><testcase classname="src.pymortests.algorithms.basic" file="src/pymortests/algorithms/basic.py" line="166" name="test_almost_equal_wrong_ind[compatible_vector_array_pair6-&lt;lambda&gt;23]" time="0.008121013641357422"></testcase><testcase classname="src.pymortests.algorithms.basic" file="src/pymortests/algorithms/basic.py" line="166" name="test_almost_equal_wrong_ind[compatible_vector_array_pair6-&lt;lambda&gt;24]" time="0.004151105880737305"></testcase><testcase classname="src.pymortests.algorithms.basic" file="src/pymortests/algorithms/basic.py" line="166" name="test_almost_equal_wrong_ind[compatible_vector_array_pair6-&lt;lambda&gt;25]" time="0.003912687301635742"></testcase><testcase classname="src.pymortests.algorithms.basic" file="src/pymortests/algorithms/basic.py" line="166" name="test_almost_equal_wrong_ind[compatible_vector_array_pair6-&lt;lambda&gt;26]" time="0.034471750259399414"></testcase><testcase classname="src.pymortests.algorithms.basic" file="src/pymortests/algorithms/basic.py" line="166" name="test_almost_equal_wrong_ind[compatible_vector_array_pair6-&lt;lambda&gt;27]" time="0.058870553970336914"></testcase><testcase classname="src.pymortests.algorithms.basic" file="src/pymortests/algorithms/basic.py" line="166" name="test_almost_equal_wrong_ind[compatible_vector_array_pair6-&lt;lambda&gt;28]" time="0.2130265235900879"></testcase><testcase classname="src.pymortests.algorithms.basic" file="src/pymortests/algorithms/basic.py" line="166" name="test_almost_equal_wrong_ind[compatible_vector_array_pair6-&lt;lambda&gt;29]" time="0.009586095809936523"></testcase><testcase classname="src.pymortests.algorithms.basic" file="src/pymortests/algorithms/basic.py" line="166" name="test_almost_equal_wrong_ind[compatible_vector_array_pair7-&lt;lambda&gt;0]" time="0.004372358322143555"></testcase><testcase classname="src.pymortests.algorithms.basic" file="src/pymortests/algorithms/basic.py" line="166" name="test_almost_equal_wrong_ind[compatible_vector_array_pair7-&lt;lambda&gt;1]" time="0.0030608177185058594"></testcase><testcase classname="src.pymortests.algorithms.basic" file="src/pymortests/algorithms/basic.py" line="166" name="test_almost_equal_wrong_ind[compatible_vector_array_pair7-&lt;lambda&gt;2]" time="0.004698038101196289"></testcase><testcase classname="src.pymortests.algorithms.basic" file="src/pymortests/algorithms/basic.py" line="166" name="test_almost_equal_wrong_ind[compatible_vector_array_pair7-&lt;lambda&gt;3]" time="0.006319999694824219"></testcase><testcase classname="src.pymortests.algorithms.basic" file="src/pymortests/algorithms/basic.py" line="166" name="test_almost_equal_wrong_ind[compatible_vector_array_pair7-&lt;lambda&gt;4]" time="0.006427288055419922"></testcase><testcase classname="src.pymortests.algorithms.basic" file="src/pymortests/algorithms/basic.py" line="166" name="test_almost_equal_wrong_ind[compatible_vector_array_pair7-&lt;lambda&gt;5]" time="0.004963397979736328"></testcase><testcase classname="src.pymortests.algorithms.basic" file="src/pymortests/algorithms/basic.py" line="166" name="test_almost_equal_wrong_ind[compatible_vector_array_pair7-&lt;lambda&gt;6]" time="0.0028383731842041016"></testcase><testcase classname="src.pymortests.algorithms.basic" file="src/pymortests/algorithms/basic.py" line="166" name="test_almost_equal_wrong_ind[compatible_vector_array_pair7-&lt;lambda&gt;7]" time="0.003055095672607422"></testcase><testcase classname="src.pymortests.algorithms.basic" file="src/pymortests/algorithms/basic.py" line="166" name="test_almost_equal_wrong_ind[compatible_vector_array_pair7-&lt;lambda&gt;8]" time="0.015991926193237305"></testcase><testcase classname="src.pymortests.algorithms.basic" file="src/pymortests/algorithms/basic.py" line="166" name="test_almost_equal_wrong_ind[compatible_vector_array_pair7-&lt;lambda&gt;9]" time="0.0331883430480957"></testcase><testcase classname="src.pymortests.algorithms.basic" file="src/pymortests/algorithms/basic.py" line="166" name="test_almost_equal_wrong_ind[compatible_vector_array_pair7-&lt;lambda&gt;10]" time="0.11030912399291992"></testcase><testcase classname="src.pymortests.algorithms.basic" file="src/pymortests/algorithms/basic.py" line="166" name="test_almost_equal_wrong_ind[compatible_vector_array_pair7-&lt;lambda&gt;11]" time="0.007116079330444336"></testcase><testcase classname="src.pymortests.algorithms.basic" file="src/pymortests/algorithms/basic.py" line="166" name="test_almost_equal_wrong_ind[compatible_vector_array_pair7-&lt;lambda&gt;12]" time="0.0048065185546875"></testcase><testcase classname="src.pymortests.algorithms.basic" file="src/pymortests/algorithms/basic.py" line="166" name="test_almost_equal_wrong_ind[compatible_vector_array_pair7-&lt;lambda&gt;13]" time="0.008572816848754883"></testcase><testcase classname="src.pymortests.algorithms.basic" file="src/pymortests/algorithms/basic.py" line="166" name="test_almost_equal_wrong_ind[compatible_vector_array_pair7-&lt;lambda&gt;14]" time="0.006871700286865234"></testcase><testcase classname="src.pymortests.algorithms.basic" file="src/pymortests/algorithms/basic.py" line="166" name="test_almost_equal_wrong_ind[compatible_vector_array_pair7-&lt;lambda&gt;15]" time="0.008238077163696289"></testcase><testcase classname="src.pymortests.algorithms.basic" file="src/pymortests/algorithms/basic.py" line="166" name="test_almost_equal_wrong_ind[compatible_vector_array_pair7-&lt;lambda&gt;16]" time="0.012162208557128906"></testcase><testcase classname="src.pymortests.algorithms.basic" file="src/pymortests/algorithms/basic.py" line="166" name="test_almost_equal_wrong_ind[compatible_vector_array_pair7-&lt;lambda&gt;17]" time="0.012333154678344727"></testcase><testcase classname="src.pymortests.algorithms.basic" file="src/pymortests/algorithms/basic.py" line="166" name="test_almost_equal_wrong_ind[compatible_vector_array_pair7-&lt;lambda&gt;18]" time="0.0046389102935791016"></testcase><testcase classname="src.pymortests.algorithms.basic" file="src/pymortests/algorithms/basic.py" line="166" name="test_almost_equal_wrong_ind[compatible_vector_array_pair7-&lt;lambda&gt;19]" time="0.0038340091705322266"></testcase><testcase classname="src.pymortests.algorithms.basic" file="src/pymortests/algorithms/basic.py" line="166" name="test_almost_equal_wrong_ind[compatible_vector_array_pair7-&lt;lambda&gt;20]" time="0.038625478744506836"></testcase><testcase classname="src.pymortests.algorithms.basic" file="src/pymortests/algorithms/basic.py" line="166" name="test_almost_equal_wrong_ind[compatible_vector_array_pair7-&lt;lambda&gt;21]" time="0.042598724365234375"></testcase><testcase classname="src.pymortests.algorithms.basic" file="src/pymortests/algorithms/basic.py" line="166" name="test_almost_equal_wrong_ind[compatible_vector_array_pair7-&lt;lambda&gt;22]" time="0.14568281173706055"></testcase><testcase classname="src.pymortests.algorithms.basic" file="src/pymortests/algorithms/basic.py" line="166" name="test_almost_equal_wrong_ind[compatible_vector_array_pair7-&lt;lambda&gt;23]" time="0.00799250602722168"></testcase><testcase classname="src.pymortests.algorithms.basic" file="src/pymortests/algorithms/basic.py" line="166" name="test_almost_equal_wrong_ind[compatible_vector_array_pair7-&lt;lambda&gt;24]" time="0.004090785980224609"></testcase><testcase classname="src.pymortests.algorithms.basic" file="src/pymortests/algorithms/basic.py" line="166" name="test_almost_equal_wrong_ind[compatible_vector_array_pair7-&lt;lambda&gt;25]" time="0.003966331481933594"></testcase><testcase classname="src.pymortests.algorithms.basic" file="src/pymortests/algorithms/basic.py" line="166" name="test_almost_equal_wrong_ind[compatible_vector_array_pair7-&lt;lambda&gt;26]" time="0.03532266616821289"></testcase><testcase classname="src.pymortests.algorithms.basic" file="src/pymortests/algorithms/basic.py" line="166" name="test_almost_equal_wrong_ind[compatible_vector_array_pair7-&lt;lambda&gt;27]" time="0.058623552322387695"></testcase><testcase classname="src.pymortests.algorithms.basic" file="src/pymortests/algorithms/basic.py" line="166" name="test_almost_equal_wrong_ind[compatible_vector_array_pair7-&lt;lambda&gt;28]" time="0.2102351188659668"></testcase><testcase classname="src.pymortests.algorithms.basic" file="src/pymortests/algorithms/basic.py" line="166" name="test_almost_equal_wrong_ind[compatible_vector_array_pair7-&lt;lambda&gt;29]" time="0.009720087051391602"></testcase><testcase classname="src.pymortests.algorithms.basic" file="src/pymortests/algorithms/basic.py" line="166" name="test_almost_equal_wrong_ind[compatible_vector_array_pair8-&lt;lambda&gt;0]" time="0.004580974578857422"></testcase><testcase classname="src.pymortests.algorithms.basic" file="src/pymortests/algorithms/basic.py" line="166" name="test_almost_equal_wrong_ind[compatible_vector_array_pair8-&lt;lambda&gt;1]" time="0.003118276596069336"></testcase><testcase classname="src.pymortests.algorithms.basic" file="src/pymortests/algorithms/basic.py" line="166" name="test_almost_equal_wrong_ind[compatible_vector_array_pair8-&lt;lambda&gt;2]" time="0.004750728607177734"></testcase><testcase classname="src.pymortests.algorithms.basic" file="src/pymortests/algorithms/basic.py" line="166" name="test_almost_equal_wrong_ind[compatible_vector_array_pair8-&lt;lambda&gt;3]" time="0.0065975189208984375"></testcase><testcase classname="src.pymortests.algorithms.basic" file="src/pymortests/algorithms/basic.py" line="166" name="test_almost_equal_wrong_ind[compatible_vector_array_pair8-&lt;lambda&gt;4]" time="0.006493806838989258"></testcase><testcase classname="src.pymortests.algorithms.basic" file="src/pymortests/algorithms/basic.py" line="166" name="test_almost_equal_wrong_ind[compatible_vector_array_pair8-&lt;lambda&gt;5]" time="0.005019187927246094"></testcase><testcase classname="src.pymortests.algorithms.basic" file="src/pymortests/algorithms/basic.py" line="166" name="test_almost_equal_wrong_ind[compatible_vector_array_pair8-&lt;lambda&gt;6]" time="0.002828836441040039"></testcase><testcase classname="src.pymortests.algorithms.basic" file="src/pymortests/algorithms/basic.py" line="166" name="test_almost_equal_wrong_ind[compatible_vector_array_pair8-&lt;lambda&gt;7]" time="0.003059864044189453"></testcase><testcase classname="src.pymortests.algorithms.basic" file="src/pymortests/algorithms/basic.py" line="166" name="test_almost_equal_wrong_ind[compatible_vector_array_pair8-&lt;lambda&gt;8]" time="0.015700340270996094"></testcase><testcase classname="src.pymortests.algorithms.basic" file="src/pymortests/algorithms/basic.py" line="166" name="test_almost_equal_wrong_ind[compatible_vector_array_pair8-&lt;lambda&gt;9]" time="0.03351449966430664"></testcase><testcase classname="src.pymortests.algorithms.basic" file="src/pymortests/algorithms/basic.py" line="166" name="test_almost_equal_wrong_ind[compatible_vector_array_pair8-&lt;lambda&gt;10]" time="0.10978102684020996"></testcase><testcase classname="src.pymortests.algorithms.basic" file="src/pymortests/algorithms/basic.py" line="166" name="test_almost_equal_wrong_ind[compatible_vector_array_pair8-&lt;lambda&gt;11]" time="0.007232189178466797"></testcase><testcase classname="src.pymortests.algorithms.basic" file="src/pymortests/algorithms/basic.py" line="166" name="test_almost_equal_wrong_ind[compatible_vector_array_pair8-&lt;lambda&gt;12]" time="0.004866123199462891"></testcase><testcase classname="src.pymortests.algorithms.basic" file="src/pymortests/algorithms/basic.py" line="166" name="test_almost_equal_wrong_ind[compatible_vector_array_pair8-&lt;lambda&gt;13]" time="0.008531808853149414"></testcase><testcase classname="src.pymortests.algorithms.basic" file="src/pymortests/algorithms/basic.py" line="166" name="test_almost_equal_wrong_ind[compatible_vector_array_pair8-&lt;lambda&gt;14]" time="0.008819341659545898"></testcase><testcase classname="src.pymortests.algorithms.basic" file="src/pymortests/algorithms/basic.py" line="166" name="test_almost_equal_wrong_ind[compatible_vector_array_pair8-&lt;lambda&gt;15]" time="0.008101701736450195"></testcase><testcase classname="src.pymortests.algorithms.basic" file="src/pymortests/algorithms/basic.py" line="166" name="test_almost_equal_wrong_ind[compatible_vector_array_pair8-&lt;lambda&gt;16]" time="0.012074947357177734"></testcase><testcase classname="src.pymortests.algorithms.basic" file="src/pymortests/algorithms/basic.py" line="166" name="test_almost_equal_wrong_ind[compatible_vector_array_pair8-&lt;lambda&gt;17]" time="0.013698101043701172"></testcase><testcase classname="src.pymortests.algorithms.basic" file="src/pymortests/algorithms/basic.py" line="166" name="test_almost_equal_wrong_ind[compatible_vector_array_pair8-&lt;lambda&gt;18]" time="0.0046007633209228516"></testcase><testcase classname="src.pymortests.algorithms.basic" file="src/pymortests/algorithms/basic.py" line="166" name="test_almost_equal_wrong_ind[compatible_vector_array_pair8-&lt;lambda&gt;19]" time="0.003965139389038086"></testcase><testcase classname="src.pymortests.algorithms.basic" file="src/pymortests/algorithms/basic.py" line="166" name="test_almost_equal_wrong_ind[compatible_vector_array_pair8-&lt;lambda&gt;20]" time="0.038969993591308594"></testcase><testcase classname="src.pymortests.algorithms.basic" file="src/pymortests/algorithms/basic.py" line="166" name="test_almost_equal_wrong_ind[compatible_vector_array_pair8-&lt;lambda&gt;21]" time="0.04215645790100098"></testcase><testcase classname="src.pymortests.algorithms.basic" file="src/pymortests/algorithms/basic.py" line="166" name="test_almost_equal_wrong_ind[compatible_vector_array_pair8-&lt;lambda&gt;22]" time="0.14486289024353027"></testcase><testcase classname="src.pymortests.algorithms.basic" file="src/pymortests/algorithms/basic.py" line="166" name="test_almost_equal_wrong_ind[compatible_vector_array_pair8-&lt;lambda&gt;23]" time="0.008274316787719727"></testcase><testcase classname="src.pymortests.algorithms.basic" file="src/pymortests/algorithms/basic.py" line="166" name="test_almost_equal_wrong_ind[compatible_vector_array_pair8-&lt;lambda&gt;24]" time="0.0041255950927734375"></testcase><testcase classname="src.pymortests.algorithms.basic" file="src/pymortests/algorithms/basic.py" line="166" name="test_almost_equal_wrong_ind[compatible_vector_array_pair8-&lt;lambda&gt;25]" time="0.0040438175201416016"></testcase><testcase classname="src.pymortests.algorithms.basic" file="src/pymortests/algorithms/basic.py" line="166" name="test_almost_equal_wrong_ind[compatible_vector_array_pair8-&lt;lambda&gt;26]" time="0.0349276065826416"></testcase><testcase classname="src.pymortests.algorithms.basic" file="src/pymortests/algorithms/basic.py" line="166" name="test_almost_equal_wrong_ind[compatible_vector_array_pair8-&lt;lambda&gt;27]" time="0.05882883071899414"></testcase><testcase classname="src.pymortests.algorithms.basic" file="src/pymortests/algorithms/basic.py" line="166" name="test_almost_equal_wrong_ind[compatible_vector_array_pair8-&lt;lambda&gt;28]" time="0.21061372756958008"></testcase><testcase classname="src.pymortests.algorithms.basic" file="src/pymortests/algorithms/basic.py" line="166" name="test_almost_equal_wrong_ind[compatible_vector_array_pair8-&lt;lambda&gt;29]" time="0.00973057746887207"></testcase><testcase classname="src.pymortests.algorithms.basic" file="src/pymortests/algorithms/basic.py" line="178" name="test_project_array" time="0.002938985824584961"></testcase><testcase classname="src.pymortests.algorithms.basic" file="src/pymortests/algorithms/basic.py" line="188" name="test_project_array_with_product" time="0.0025784969329833984"></testcase><testcase classname="src.pymortests.algorithms.gram_schmidt" file="src/pymortests/algorithms/gram_schmidt.py" line="12" name="test_gram_schmidt[0-&lt;lambda&gt;0]" time="0.0018563270568847656"></testcase><testcase classname="src.pymortests.algorithms.gram_schmidt" file="src/pymortests/algorithms/gram_schmidt.py" line="12" name="test_gram_schmidt[0-&lt;lambda&gt;1]" time="0.0017189979553222656"></testcase><testcase classname="src.pymortests.algorithms.gram_schmidt" file="src/pymortests/algorithms/gram_schmidt.py" line="12" name="test_gram_schmidt[0-&lt;lambda&gt;2]" time="0.0019822120666503906"></testcase><testcase classname="src.pymortests.algorithms.gram_schmidt" file="src/pymortests/algorithms/gram_schmidt.py" line="12" name="test_gram_schmidt[0-&lt;lambda&gt;3]" time="0.11514687538146973"><system-err>18:24 gram_schmidt: Orthonormalizing vector 31 again
18:24 gram_schmidt: Removing linear dependent vector 32
18:24 gram_schmidt: Removing linear dependent vector 33
18:24 gram_schmidt: Removing linear dependent vector 34
18:24 gram_schmidt: Removing linear dependent vector 35
18:24 gram_schmidt: Removing linear dependent vector 36
18:24 gram_schmidt: Removing linear dependent vector 37
18:24 gram_schmidt: Removing linear dependent vector 38
18:24 gram_schmidt: Removing linear dependent vector 39
18:24 gram_schmidt: Removing linear dependent vector 40
18:24 gram_schmidt: Removing linear dependent vector 41
18:24 gram_schmidt: Removing linear dependent vector 42
18:24 gram_schmidt: Orthonormalizing vector 31 again
18:24 gram_schmidt: Removing linear dependent vector 32
18:24 gram_schmidt: Removing linear dependent vector 33
18:24 gram_schmidt: Removing linear dependent vector 34
18:24 gram_schmidt: Removing linear dependent vector 35
18:24 gram_schmidt: Removing linear dependent vector 36
18:24 gram_schmidt: Removing linear dependent vector 37
18:24 gram_schmidt: Removing linear dependent vector 38
18:24 gram_schmidt: Removing linear dependent vector 39
18:24 gram_schmidt: Removing linear dependent vector 40
18:24 gram_schmidt: Removing linear dependent vector 41
18:24 gram_schmidt: Removing linear dependent vector 42
</system-err></testcase><testcase classname="src.pymortests.algorithms.gram_schmidt" file="src/pymortests/algorithms/gram_schmidt.py" line="12" name="test_gram_schmidt[0-&lt;lambda&gt;4]" time="0.021796226501464844"><system-err>18:24 gram_schmidt: Removing vector 0 of norm 0.0
18:24 gram_schmidt: Removing vector 1 of norm 0.0
18:24 gram_schmidt: Removing vector 2 of norm 0.0
18:24 gram_schmidt: Removing vector 3 of norm 0.0
18:24 gram_schmidt: Removing vector 4 of norm 0.0
18:24 gram_schmidt: Removing vector 5 of norm 0.0
18:24 gram_schmidt: Removing vector 6 of norm 0.0
18:24 gram_schmidt: Removing vector 7 of norm 0.0
18:24 gram_schmidt: Removing vector 8 of norm 0.0
18:24 gram_schmidt: Removing vector 9 of norm 0.0
18:24 gram_schmidt: Removing vector 10 of norm 0.0
18:24 gram_schmidt: Removing vector 11 of norm 0.0
18:24 gram_schmidt: Removing vector 12 of norm 0.0
18:24 gram_schmidt: Removing vector 13 of norm 0.0
18:24 gram_schmidt: Removing vector 14 of norm 0.0
18:24 gram_schmidt: Removing vector 15 of norm 0.0
18:24 gram_schmidt: Removing vector 16 of norm 0.0
18:24 gram_schmidt: Removing vector 17 of norm 0.0
18:24 gram_schmidt: Removing vector 18 of norm 0.0
18:24 gram_schmidt: Removing vector 19 of norm 0.0
18:24 gram_schmidt: Removing vector 20 of norm 0.0
18:24 gram_schmidt: Removing vector 21 of norm 0.0
18:24 gram_schmidt: Removing vector 22 of norm 0.0
18:24 gram_schmidt: Removing vector 23 of norm 0.0
18:24 gram_schmidt: Removing vector 24 of norm 0.0
18:24 gram_schmidt: Removing vector 25 of norm 0.0
18:24 gram_schmidt: Removing vector 26 of norm 0.0
18:24 gram_schmidt: Removing vector 27 of norm 0.0
18:24 gram_schmidt: Removing vector 28 of norm 0.0
18:24 gram_schmidt: Removing vector 29 of norm 0.0
18:24 gram_schmidt: Removing vector 30 of norm 0.0
18:24 gram_schmidt: Removing vector 31 of norm 0.0
18:24 gram_schmidt: Removing vector 32 of norm 0.0
18:24 gram_schmidt: Removing vector 33 of norm 0.0
18:24 gram_schmidt: Removing vector 34 of norm 0.0
18:24 gram_schmidt: Removing vector 35 of norm 0.0
18:24 gram_schmidt: Removing vector 36 of norm 0.0
18:24 gram_schmidt: Removing vector 37 of norm 0.0
18:24 gram_schmidt: Removing vector 38 of norm 0.0
18:24 gram_schmidt: Removing vector 39 of norm 0.0
18:24 gram_schmidt: Removing vector 40 of norm 0.0
18:24 gram_schmidt: Removing vector 41 of norm 0.0
18:24 gram_schmidt: Removing vector 42 of norm 0.0
18:24 gram_schmidt: Removing vector 43 of norm 0.0
18:24 gram_schmidt: Removing vector 44 of norm 0.0
18:24 gram_schmidt: Removing vector 45 of norm 0.0
18:24 gram_schmidt: Removing vector 46 of norm 0.0
18:24 gram_schmidt: Removing vector 47 of norm 0.0
18:24 gram_schmidt: Removing vector 48 of norm 0.0
18:24 gram_schmidt: Removing vector 49 of norm 0.0
18:24 gram_schmidt: Removing vector 50 of norm 0.0
18:24 gram_schmidt: Removing vector 51 of norm 0.0
18:24 gram_schmidt: Removing vector 52 of norm 0.0
18:24 gram_schmidt: Removing vector 53 of norm 0.0
18:24 gram_schmidt: Removing vector 54 of norm 0.0
18:24 gram_schmidt: Removing vector 55 of norm 0.0
18:24 gram_schmidt: Removing vector 56 of norm 0.0
18:24 gram_schmidt: Removing vector 57 of norm 0.0
18:24 gram_schmidt: Removing vector 58 of norm 0.0
18:24 gram_schmidt: Removing vector 59 of norm 0.0
18:24 gram_schmidt: Removing vector 60 of norm 0.0
18:24 gram_schmidt: Removing vector 61 of norm 0.0
18:24 gram_schmidt: Removing vector 62 of norm 0.0
18:24 gram_schmidt: Removing vector 63 of norm 0.0
18:24 gram_schmidt: Removing vector 64 of norm 0.0
18:24 gram_schmidt: Removing vector 65 of norm 0.0
18:24 gram_schmidt: Removing vector 66 of norm 0.0
18:24 gram_schmidt: Removing vector 67 of norm 0.0
18:24 gram_schmidt: Removing vector 68 of norm 0.0
18:24 gram_schmidt: Removing vector 69 of norm 0.0
18:24 gram_schmidt: Removing vector 70 of norm 0.0
18:24 gram_schmidt: Removing vector 71 of norm 0.0
18:24 gram_schmidt: Removing vector 72 of norm 0.0
18:24 gram_schmidt: Removing vector 73 of norm 0.0
18:24 gram_schmidt: Removing vector 74 of norm 0.0
18:24 gram_schmidt: Removing vector 75 of norm 0.0
18:24 gram_schmidt: Removing vector 76 of norm 0.0
18:24 gram_schmidt: Removing vector 77 of norm 0.0
18:24 gram_schmidt: Removing vector 78 of norm 0.0
18:24 gram_schmidt: Removing vector 79 of norm 0.0
18:24 gram_schmidt: Removing vector 80 of norm 0.0
18:24 gram_schmidt: Removing vector 81 of norm 0.0
18:24 gram_schmidt: Removing vector 82 of norm 0.0
18:24 gram_schmidt: Removing vector 83 of norm 0.0
18:24 gram_schmidt: Removing vector 84 of norm 0.0
18:24 gram_schmidt: Removing vector 85 of norm 0.0
18:24 gram_schmidt: Removing vector 86 of norm 0.0
18:24 gram_schmidt: Removing vector 87 of norm 0.0
18:24 gram_schmidt: Removing vector 88 of norm 0.0
18:24 gram_schmidt: Removing vector 89 of norm 0.0
18:24 gram_schmidt: Removing vector 90 of norm 0.0
18:24 gram_schmidt: Removing vector 91 of norm 0.0
18:24 gram_schmidt: Removing vector 92 of norm 0.0
18:24 gram_schmidt: Removing vector 93 of norm 0.0
18:24 gram_schmidt: Removing vector 94 of norm 0.0
18:24 gram_schmidt: Removing vector 95 of norm 0.0
18:24 gram_schmidt: Removing vector 96 of norm 0.0
18:24 gram_schmidt: Removing vector 97 of norm 0.0
18:24 gram_schmidt: Removing vector 98 of norm 0.0
18:24 gram_schmidt: Removing vector 99 of norm 0.0
18:24 gram_schmidt: Removing vector 100 of norm 0.0
18:24 gram_schmidt: Removing vector 101 of norm 0.0
18:24 gram_schmidt: Removing vector 0 of norm 0.0
18:24 gram_schmidt: Removing vector 1 of norm 0.0
18:24 gram_schmidt: Removing vector 2 of norm 0.0
18:24 gram_schmidt: Removing vector 3 of norm 0.0
18:24 gram_schmidt: Removing vector 4 of norm 0.0
18:24 gram_schmidt: Removing vector 5 of norm 0.0
18:24 gram_schmidt: Removing vector 6 of norm 0.0
18:24 gram_schmidt: Removing vector 7 of norm 0.0
18:24 gram_schmidt: Removing vector 8 of norm 0.0
18:24 gram_schmidt: Removing vector 9 of norm 0.0
18:24 gram_schmidt: Removing vector 10 of norm 0.0
18:24 gram_schmidt: Removing vector 11 of norm 0.0
18:24 gram_schmidt: Removing vector 12 of norm 0.0
18:24 gram_schmidt: Removing vector 13 of norm 0.0
18:24 gram_schmidt: Removing vector 14 of norm 0.0
18:24 gram_schmidt: Removing vector 15 of norm 0.0
18:24 gram_schmidt: Removing vector 16 of norm 0.0
18:24 gram_schmidt: Removing vector 17 of norm 0.0
18:24 gram_schmidt: Removing vector 18 of norm 0.0
18:24 gram_schmidt: Removing vector 19 of norm 0.0
18:24 gram_schmidt: Removing vector 20 of norm 0.0
18:24 gram_schmidt: Removing vector 21 of norm 0.0
18:24 gram_schmidt: Removing vector 22 of norm 0.0
18:24 gram_schmidt: Removing vector 23 of norm 0.0
18:24 gram_schmidt: Removing vector 24 of norm 0.0
18:24 gram_schmidt: Removing vector 25 of norm 0.0
18:24 gram_schmidt: Removing vector 26 of norm 0.0
18:24 gram_schmidt: Removing vector 27 of norm 0.0
18:24 gram_schmidt: Removing vector 28 of norm 0.0
18:24 gram_schmidt: Removing vector 29 of norm 0.0
18:24 gram_schmidt: Removing vector 30 of norm 0.0
18:24 gram_schmidt: Removing vector 31 of norm 0.0
18:24 gram_schmidt: Removing vector 32 of norm 0.0
18:24 gram_schmidt: Removing vector 33 of norm 0.0
18:24 gram_schmidt: Removing vector 34 of norm 0.0
18:24 gram_schmidt: Removing vector 35 of norm 0.0
18:24 gram_schmidt: Removing vector 36 of norm 0.0
18:24 gram_schmidt: Removing vector 37 of norm 0.0
18:24 gram_schmidt: Removing vector 38 of norm 0.0
18:24 gram_schmidt: Removing vector 39 of norm 0.0
18:24 gram_schmidt: Removing vector 40 of norm 0.0
18:24 gram_schmidt: Removing vector 41 of norm 0.0
18:24 gram_schmidt: Removing vector 42 of norm 0.0
18:24 gram_schmidt: Removing vector 43 of norm 0.0
18:24 gram_schmidt: Removing vector 44 of norm 0.0
18:24 gram_schmidt: Removing vector 45 of norm 0.0
18:24 gram_schmidt: Removing vector 46 of norm 0.0
18:24 gram_schmidt: Removing vector 47 of norm 0.0
18:24 gram_schmidt: Removing vector 48 of norm 0.0
18:24 gram_schmidt: Removing vector 49 of norm 0.0
18:24 gram_schmidt: Removing vector 50 of norm 0.0
18:24 gram_schmidt: Removing vector 51 of norm 0.0
18:24 gram_schmidt: Removing vector 52 of norm 0.0
18:24 gram_schmidt: Removing vector 53 of norm 0.0
18:24 gram_schmidt: Removing vector 54 of norm 0.0
18:24 gram_schmidt: Removing vector 55 of norm 0.0
18:24 gram_schmidt: Removing vector 56 of norm 0.0
18:24 gram_schmidt: Removing vector 57 of norm 0.0
18:24 gram_schmidt: Removing vector 58 of norm 0.0
18:24 gram_schmidt: Removing vector 59 of norm 0.0
18:24 gram_schmidt: Removing vector 60 of norm 0.0
18:24 gram_schmidt: Removing vector 61 of norm 0.0
18:24 gram_schmidt: Removing vector 62 of norm 0.0
18:24 gram_schmidt: Removing vector 63 of norm 0.0
18:24 gram_schmidt: Removing vector 64 of norm 0.0
18:24 gram_schmidt: Removing vector 65 of norm 0.0
18:24 gram_schmidt: Removing vector 66 of norm 0.0
18:24 gram_schmidt: Removing vector 67 of norm 0.0
18:24 gram_schmidt: Removing vector 68 of norm 0.0
18:24 gram_schmidt: Removing vector 69 of norm 0.0
18:24 gram_schmidt: Removing vector 70 of norm 0.0
18:24 gram_schmidt: Removing vector 71 of norm 0.0
18:24 gram_schmidt: Removing vector 72 of norm 0.0
18:24 gram_schmidt: Removing vector 73 of norm 0.0
18:24 gram_schmidt: Removing vector 74 of norm 0.0
18:24 gram_schmidt: Removing vector 75 of norm 0.0
18:24 gram_schmidt: Removing vector 76 of norm 0.0
18:24 gram_schmidt: Removing vector 77 of norm 0.0
18:24 gram_schmidt: Removing vector 78 of norm 0.0
18:24 gram_schmidt: Removing vector 79 of norm 0.0
18:24 gram_schmidt: Removing vector 80 of norm 0.0
18:24 gram_schmidt: Removing vector 81 of norm 0.0
18:24 gram_schmidt: Removing vector 82 of norm 0.0
18:24 gram_schmidt: Removing vector 83 of norm 0.0
18:24 gram_schmidt: Removing vector 84 of norm 0.0
18:24 gram_schmidt: Removing vector 85 of norm 0.0
18:24 gram_schmidt: Removing vector 86 of norm 0.0
18:24 gram_schmidt: Removing vector 87 of norm 0.0
18:24 gram_schmidt: Removing vector 88 of norm 0.0
18:24 gram_schmidt: Removing vector 89 of norm 0.0
18:24 gram_schmidt: Removing vector 90 of norm 0.0
18:24 gram_schmidt: Removing vector 91 of norm 0.0
18:24 gram_schmidt: Removing vector 92 of norm 0.0
18:24 gram_schmidt: Removing vector 93 of norm 0.0
18:24 gram_schmidt: Removing vector 94 of norm 0.0
18:24 gram_schmidt: Removing vector 95 of norm 0.0
18:24 gram_schmidt: Removing vector 96 of norm 0.0
18:24 gram_schmidt: Removing vector 97 of norm 0.0
18:24 gram_schmidt: Removing vector 98 of norm 0.0
18:24 gram_schmidt: Removing vector 99 of norm 0.0
18:24 gram_schmidt: Removing vector 100 of norm 0.0
18:24 gram_schmidt: Removing vector 101 of norm 0.0
</system-err></testcase><testcase classname="src.pymortests.algorithms.gram_schmidt" file="src/pymortests/algorithms/gram_schmidt.py" line="12" name="test_gram_schmidt[0-&lt;lambda&gt;5]" time="0.002584695816040039"></testcase><testcase classname="src.pymortests.algorithms.gram_schmidt" file="src/pymortests/algorithms/gram_schmidt.py" line="12" name="test_gram_schmidt[0-&lt;lambda&gt;6]" time="0.0017082691192626953"></testcase><testcase classname="src.pymortests.algorithms.gram_schmidt" file="src/pymortests/algorithms/gram_schmidt.py" line="12" name="test_gram_schmidt[0-&lt;lambda&gt;7]" time="0.002226591110229492"></testcase><testcase classname="src.pymortests.algorithms.gram_schmidt" file="src/pymortests/algorithms/gram_schmidt.py" line="12" name="test_gram_schmidt[0-&lt;lambda&gt;8]" time="0.21675801277160645"><system-err>18:24 gram_schmidt: Orthonormalizing vector 31 again
18:24 gram_schmidt: Removing linear dependent vector 32
18:24 gram_schmidt: Removing linear dependent vector 33
18:24 gram_schmidt: Removing linear dependent vector 34
18:24 gram_schmidt: Removing linear dependent vector 35
18:24 gram_schmidt: Removing linear dependent vector 36
18:24 gram_schmidt: Removing linear dependent vector 37
18:24 gram_schmidt: Removing linear dependent vector 38
18:24 gram_schmidt: Removing linear dependent vector 39
18:24 gram_schmidt: Removing linear dependent vector 40
18:24 gram_schmidt: Removing linear dependent vector 41
18:24 gram_schmidt: Removing linear dependent vector 42
18:24 gram_schmidt: Orthonormalizing vector 31 again
18:24 gram_schmidt: Removing linear dependent vector 32
18:24 gram_schmidt: Removing linear dependent vector 33
18:24 gram_schmidt: Removing linear dependent vector 34
18:24 gram_schmidt: Removing linear dependent vector 35
18:24 gram_schmidt: Removing linear dependent vector 36
18:24 gram_schmidt: Removing linear dependent vector 37
18:24 gram_schmidt: Removing linear dependent vector 38
18:24 gram_schmidt: Removing linear dependent vector 39
18:24 gram_schmidt: Removing linear dependent vector 40
18:24 gram_schmidt: Removing linear dependent vector 41
18:24 gram_schmidt: Removing linear dependent vector 42
</system-err></testcase><testcase classname="src.pymortests.algorithms.gram_schmidt" file="src/pymortests/algorithms/gram_schmidt.py" line="12" name="test_gram_schmidt[0-&lt;lambda&gt;9]" time="0.027141571044921875"><system-err>18:24 gram_schmidt: Removing vector 0 of norm 0.0
18:24 gram_schmidt: Removing vector 1 of norm 0.0
18:24 gram_schmidt: Removing vector 2 of norm 0.0
18:24 gram_schmidt: Removing vector 3 of norm 0.0
18:24 gram_schmidt: Removing vector 4 of norm 0.0
18:24 gram_schmidt: Removing vector 5 of norm 0.0
18:24 gram_schmidt: Removing vector 6 of norm 0.0
18:24 gram_schmidt: Removing vector 7 of norm 0.0
18:24 gram_schmidt: Removing vector 8 of norm 0.0
18:24 gram_schmidt: Removing vector 9 of norm 0.0
18:24 gram_schmidt: Removing vector 10 of norm 0.0
18:24 gram_schmidt: Removing vector 11 of norm 0.0
18:24 gram_schmidt: Removing vector 12 of norm 0.0
18:24 gram_schmidt: Removing vector 13 of norm 0.0
18:24 gram_schmidt: Removing vector 14 of norm 0.0
18:24 gram_schmidt: Removing vector 15 of norm 0.0
18:24 gram_schmidt: Removing vector 16 of norm 0.0
18:24 gram_schmidt: Removing vector 17 of norm 0.0
18:24 gram_schmidt: Removing vector 18 of norm 0.0
18:24 gram_schmidt: Removing vector 19 of norm 0.0
18:24 gram_schmidt: Removing vector 20 of norm 0.0
18:24 gram_schmidt: Removing vector 21 of norm 0.0
18:24 gram_schmidt: Removing vector 22 of norm 0.0
18:24 gram_schmidt: Removing vector 23 of norm 0.0
18:24 gram_schmidt: Removing vector 24 of norm 0.0
18:24 gram_schmidt: Removing vector 25 of norm 0.0
18:24 gram_schmidt: Removing vector 26 of norm 0.0
18:24 gram_schmidt: Removing vector 27 of norm 0.0
18:24 gram_schmidt: Removing vector 28 of norm 0.0
18:24 gram_schmidt: Removing vector 29 of norm 0.0
18:24 gram_schmidt: Removing vector 30 of norm 0.0
18:24 gram_schmidt: Removing vector 31 of norm 0.0
18:24 gram_schmidt: Removing vector 32 of norm 0.0
18:24 gram_schmidt: Removing vector 33 of norm 0.0
18:24 gram_schmidt: Removing vector 34 of norm 0.0
18:24 gram_schmidt: Removing vector 35 of norm 0.0
18:24 gram_schmidt: Removing vector 36 of norm 0.0
18:24 gram_schmidt: Removing vector 37 of norm 0.0
18:24 gram_schmidt: Removing vector 38 of norm 0.0
18:24 gram_schmidt: Removing vector 39 of norm 0.0
18:24 gram_schmidt: Removing vector 40 of norm 0.0
18:24 gram_schmidt: Removing vector 41 of norm 0.0
18:24 gram_schmidt: Removing vector 42 of norm 0.0
18:24 gram_schmidt: Removing vector 43 of norm 0.0
18:24 gram_schmidt: Removing vector 44 of norm 0.0
18:24 gram_schmidt: Removing vector 45 of norm 0.0
18:24 gram_schmidt: Removing vector 46 of norm 0.0
18:24 gram_schmidt: Removing vector 47 of norm 0.0
18:24 gram_schmidt: Removing vector 48 of norm 0.0
18:24 gram_schmidt: Removing vector 49 of norm 0.0
18:24 gram_schmidt: Removing vector 50 of norm 0.0
18:24 gram_schmidt: Removing vector 51 of norm 0.0
18:24 gram_schmidt: Removing vector 52 of norm 0.0
18:24 gram_schmidt: Removing vector 53 of norm 0.0
18:24 gram_schmidt: Removing vector 54 of norm 0.0
18:24 gram_schmidt: Removing vector 55 of norm 0.0
18:24 gram_schmidt: Removing vector 56 of norm 0.0
18:24 gram_schmidt: Removing vector 57 of norm 0.0
18:24 gram_schmidt: Removing vector 58 of norm 0.0
18:24 gram_schmidt: Removing vector 59 of norm 0.0
18:24 gram_schmidt: Removing vector 60 of norm 0.0
18:24 gram_schmidt: Removing vector 61 of norm 0.0
18:24 gram_schmidt: Removing vector 62 of norm 0.0
18:24 gram_schmidt: Removing vector 63 of norm 0.0
18:24 gram_schmidt: Removing vector 64 of norm 0.0
18:24 gram_schmidt: Removing vector 65 of norm 0.0
18:24 gram_schmidt: Removing vector 66 of norm 0.0
18:24 gram_schmidt: Removing vector 67 of norm 0.0
18:24 gram_schmidt: Removing vector 68 of norm 0.0
18:24 gram_schmidt: Removing vector 69 of norm 0.0
18:24 gram_schmidt: Removing vector 70 of norm 0.0
18:24 gram_schmidt: Removing vector 71 of norm 0.0
18:24 gram_schmidt: Removing vector 72 of norm 0.0
18:24 gram_schmidt: Removing vector 73 of norm 0.0
18:24 gram_schmidt: Removing vector 74 of norm 0.0
18:24 gram_schmidt: Removing vector 75 of norm 0.0
18:24 gram_schmidt: Removing vector 76 of norm 0.0
18:24 gram_schmidt: Removing vector 77 of norm 0.0
18:24 gram_schmidt: Removing vector 78 of norm 0.0
18:24 gram_schmidt: Removing vector 79 of norm 0.0
18:24 gram_schmidt: Removing vector 80 of norm 0.0
18:24 gram_schmidt: Removing vector 81 of norm 0.0
18:24 gram_schmidt: Removing vector 82 of norm 0.0
18:24 gram_schmidt: Removing vector 83 of norm 0.0
18:24 gram_schmidt: Removing vector 84 of norm 0.0
18:24 gram_schmidt: Removing vector 85 of norm 0.0
18:24 gram_schmidt: Removing vector 86 of norm 0.0
18:24 gram_schmidt: Removing vector 87 of norm 0.0
18:24 gram_schmidt: Removing vector 88 of norm 0.0
18:24 gram_schmidt: Removing vector 89 of norm 0.0
18:24 gram_schmidt: Removing vector 90 of norm 0.0
18:24 gram_schmidt: Removing vector 91 of norm 0.0
18:24 gram_schmidt: Removing vector 92 of norm 0.0
18:24 gram_schmidt: Removing vector 93 of norm 0.0
18:24 gram_schmidt: Removing vector 94 of norm 0.0
18:24 gram_schmidt: Removing vector 95 of norm 0.0
18:24 gram_schmidt: Removing vector 96 of norm 0.0
18:24 gram_schmidt: Removing vector 97 of norm 0.0
18:24 gram_schmidt: Removing vector 98 of norm 0.0
18:24 gram_schmidt: Removing vector 99 of norm 0.0
18:24 gram_schmidt: Removing vector 100 of norm 0.0
18:24 gram_schmidt: Removing vector 101 of norm 0.0
18:24 gram_schmidt: Removing vector 0 of norm 0.0
18:24 gram_schmidt: Removing vector 1 of norm 0.0
18:24 gram_schmidt: Removing vector 2 of norm 0.0
18:24 gram_schmidt: Removing vector 3 of norm 0.0
18:24 gram_schmidt: Removing vector 4 of norm 0.0
18:24 gram_schmidt: Removing vector 5 of norm 0.0
18:24 gram_schmidt: Removing vector 6 of norm 0.0
18:24 gram_schmidt: Removing vector 7 of norm 0.0
18:24 gram_schmidt: Removing vector 8 of norm 0.0
18:24 gram_schmidt: Removing vector 9 of norm 0.0
18:24 gram_schmidt: Removing vector 10 of norm 0.0
18:24 gram_schmidt: Removing vector 11 of norm 0.0
18:24 gram_schmidt: Removing vector 12 of norm 0.0
18:24 gram_schmidt: Removing vector 13 of norm 0.0
18:24 gram_schmidt: Removing vector 14 of norm 0.0
18:24 gram_schmidt: Removing vector 15 of norm 0.0
18:24 gram_schmidt: Removing vector 16 of norm 0.0
18:24 gram_schmidt: Removing vector 17 of norm 0.0
18:24 gram_schmidt: Removing vector 18 of norm 0.0
18:24 gram_schmidt: Removing vector 19 of norm 0.0
18:24 gram_schmidt: Removing vector 20 of norm 0.0
18:24 gram_schmidt: Removing vector 21 of norm 0.0
18:24 gram_schmidt: Removing vector 22 of norm 0.0
18:24 gram_schmidt: Removing vector 23 of norm 0.0
18:24 gram_schmidt: Removing vector 24 of norm 0.0
18:24 gram_schmidt: Removing vector 25 of norm 0.0
18:24 gram_schmidt: Removing vector 26 of norm 0.0
18:24 gram_schmidt: Removing vector 27 of norm 0.0
18:24 gram_schmidt: Removing vector 28 of norm 0.0
18:24 gram_schmidt: Removing vector 29 of norm 0.0
18:24 gram_schmidt: Removing vector 30 of norm 0.0
18:24 gram_schmidt: Removing vector 31 of norm 0.0
18:24 gram_schmidt: Removing vector 32 of norm 0.0
18:24 gram_schmidt: Removing vector 33 of norm 0.0
18:24 gram_schmidt: Removing vector 34 of norm 0.0
18:24 gram_schmidt: Removing vector 35 of norm 0.0
18:24 gram_schmidt: Removing vector 36 of norm 0.0
18:24 gram_schmidt: Removing vector 37 of norm 0.0
18:24 gram_schmidt: Removing vector 38 of norm 0.0
18:24 gram_schmidt: Removing vector 39 of norm 0.0
18:24 gram_schmidt: Removing vector 40 of norm 0.0
18:24 gram_schmidt: Removing vector 41 of norm 0.0
18:24 gram_schmidt: Removing vector 42 of norm 0.0
18:24 gram_schmidt: Removing vector 43 of norm 0.0
18:24 gram_schmidt: Removing vector 44 of norm 0.0
18:24 gram_schmidt: Removing vector 45 of norm 0.0
18:24 gram_schmidt: Removing vector 46 of norm 0.0
18:24 gram_schmidt: Removing vector 47 of norm 0.0
18:24 gram_schmidt: Removing vector 48 of norm 0.0
18:24 gram_schmidt: Removing vector 49 of norm 0.0
18:24 gram_schmidt: Removing vector 50 of norm 0.0
18:24 gram_schmidt: Removing vector 51 of norm 0.0
18:24 gram_schmidt: Removing vector 52 of norm 0.0
18:24 gram_schmidt: Removing vector 53 of norm 0.0
18:24 gram_schmidt: Removing vector 54 of norm 0.0
18:24 gram_schmidt: Removing vector 55 of norm 0.0
18:24 gram_schmidt: Removing vector 56 of norm 0.0
18:24 gram_schmidt: Removing vector 57 of norm 0.0
18:24 gram_schmidt: Removing vector 58 of norm 0.0
18:24 gram_schmidt: Removing vector 59 of norm 0.0
18:24 gram_schmidt: Removing vector 60 of norm 0.0
18:24 gram_schmidt: Removing vector 61 of norm 0.0
18:24 gram_schmidt: Removing vector 62 of norm 0.0
18:24 gram_schmidt: Removing vector 63 of norm 0.0
18:24 gram_schmidt: Removing vector 64 of norm 0.0
18:24 gram_schmidt: Removing vector 65 of norm 0.0
18:24 gram_schmidt: Removing vector 66 of norm 0.0
18:24 gram_schmidt: Removing vector 67 of norm 0.0
18:24 gram_schmidt: Removing vector 68 of norm 0.0
18:24 gram_schmidt: Removing vector 69 of norm 0.0
18:24 gram_schmidt: Removing vector 70 of norm 0.0
18:24 gram_schmidt: Removing vector 71 of norm 0.0
18:24 gram_schmidt: Removing vector 72 of norm 0.0
18:24 gram_schmidt: Removing vector 73 of norm 0.0
18:24 gram_schmidt: Removing vector 74 of norm 0.0
18:24 gram_schmidt: Removing vector 75 of norm 0.0
18:24 gram_schmidt: Removing vector 76 of norm 0.0
18:24 gram_schmidt: Removing vector 77 of norm 0.0
18:24 gram_schmidt: Removing vector 78 of norm 0.0
18:24 gram_schmidt: Removing vector 79 of norm 0.0
18:24 gram_schmidt: Removing vector 80 of norm 0.0
18:24 gram_schmidt: Removing vector 81 of norm 0.0
18:24 gram_schmidt: Removing vector 82 of norm 0.0
18:24 gram_schmidt: Removing vector 83 of norm 0.0
18:24 gram_schmidt: Removing vector 84 of norm 0.0
18:24 gram_schmidt: Removing vector 85 of norm 0.0
18:24 gram_schmidt: Removing vector 86 of norm 0.0
18:24 gram_schmidt: Removing vector 87 of norm 0.0
18:24 gram_schmidt: Removing vector 88 of norm 0.0
18:24 gram_schmidt: Removing vector 89 of norm 0.0
18:24 gram_schmidt: Removing vector 90 of norm 0.0
18:24 gram_schmidt: Removing vector 91 of norm 0.0
18:24 gram_schmidt: Removing vector 92 of norm 0.0
18:24 gram_schmidt: Removing vector 93 of norm 0.0
18:24 gram_schmidt: Removing vector 94 of norm 0.0
18:24 gram_schmidt: Removing vector 95 of norm 0.0
18:24 gram_schmidt: Removing vector 96 of norm 0.0
18:24 gram_schmidt: Removing vector 97 of norm 0.0
18:24 gram_schmidt: Removing vector 98 of norm 0.0
18:24 gram_schmidt: Removing vector 99 of norm 0.0
18:24 gram_schmidt: Removing vector 100 of norm 0.0
18:24 gram_schmidt: Removing vector 101 of norm 0.0
</system-err></testcase><testcase classname="src.pymortests.algorithms.gram_schmidt" file="src/pymortests/algorithms/gram_schmidt.py" line="12" name="test_gram_schmidt[0-&lt;lambda&gt;10]" time="0.0033020973205566406"></testcase><testcase classname="src.pymortests.algorithms.gram_schmidt" file="src/pymortests/algorithms/gram_schmidt.py" line="12" name="test_gram_schmidt[0-&lt;lambda&gt;11]" time="0.006362199783325195"><system-err>18:24 gram_schmidt: Removing linear dependent vector 3
18:24 gram_schmidt: Removing linear dependent vector 3
</system-err></testcase><testcase classname="src.pymortests.algorithms.gram_schmidt" file="src/pymortests/algorithms/gram_schmidt.py" line="12" name="test_gram_schmidt[0-&lt;lambda&gt;12]" time="0.003633260726928711"><system-err>18:24 gram_schmidt: Removing vector 0 of norm 0.0
18:24 gram_schmidt: Removing vector 1 of norm 0.0
18:24 gram_schmidt: Removing vector 2 of norm 0.0
18:24 gram_schmidt: Removing vector 0 of norm 0.0
18:24 gram_schmidt: Removing vector 1 of norm 0.0
18:24 gram_schmidt: Removing vector 2 of norm 0.0
</system-err></testcase><testcase classname="src.pymortests.algorithms.gram_schmidt" file="src/pymortests/algorithms/gram_schmidt.py" line="12" name="test_gram_schmidt[0-&lt;lambda&gt;13]" time="0.0024127960205078125"></testcase><testcase classname="src.pymortests.algorithms.gram_schmidt" file="src/pymortests/algorithms/gram_schmidt.py" line="12" name="test_gram_schmidt[0-&lt;lambda&gt;14]" time="0.0046329498291015625"></testcase><testcase classname="src.pymortests.algorithms.gram_schmidt" file="src/pymortests/algorithms/gram_schmidt.py" line="12" name="test_gram_schmidt[0-&lt;lambda&gt;15]" time="0.42267441749572754"><system-err>18:25 gram_schmidt: Removing linear dependent vector 36
18:25 gram_schmidt: Removing linear dependent vector 37
18:25 gram_schmidt: Removing linear dependent vector 38
18:25 gram_schmidt: Removing linear dependent vector 39
18:25 gram_schmidt: Removing linear dependent vector 40
18:25 gram_schmidt: Removing linear dependent vector 41
18:25 gram_schmidt: Removing linear dependent vector 42
18:25 gram_schmidt: Removing linear dependent vector 36
18:25 gram_schmidt: Removing linear dependent vector 37
18:25 gram_schmidt: Removing linear dependent vector 38
18:25 gram_schmidt: Removing linear dependent vector 39
18:25 gram_schmidt: Removing linear dependent vector 40
18:25 gram_schmidt: Removing linear dependent vector 41
18:25 gram_schmidt: Removing linear dependent vector 42
</system-err></testcase><testcase classname="src.pymortests.algorithms.gram_schmidt" file="src/pymortests/algorithms/gram_schmidt.py" line="12" name="test_gram_schmidt[0-&lt;lambda&gt;16]" time="0.2166292667388916"><system-err>18:25 gram_schmidt: Removing linear dependent vector 3
18:25 gram_schmidt: Removing linear dependent vector 4
18:25 gram_schmidt: Removing linear dependent vector 5
18:25 gram_schmidt: Removing linear dependent vector 6
18:25 gram_schmidt: Removing linear dependent vector 7
18:25 gram_schmidt: Removing linear dependent vector 8
18:25 gram_schmidt: Removing linear dependent vector 9
18:25 gram_schmidt: Removing linear dependent vector 10
18:25 gram_schmidt: Removing linear dependent vector 11
18:25 gram_schmidt: Removing linear dependent vector 12
18:25 gram_schmidt: Removing linear dependent vector 13
18:25 gram_schmidt: Removing linear dependent vector 14
18:25 gram_schmidt: Removing linear dependent vector 15
18:25 gram_schmidt: Removing linear dependent vector 16
18:25 gram_schmidt: Removing linear dependent vector 17
18:25 gram_schmidt: Removing linear dependent vector 18
18:25 gram_schmidt: Removing linear dependent vector 19
18:25 gram_schmidt: Removing linear dependent vector 20
18:25 gram_schmidt: Removing linear dependent vector 21
18:25 gram_schmidt: Removing linear dependent vector 22
18:25 gram_schmidt: Removing linear dependent vector 23
18:25 gram_schmidt: Removing linear dependent vector 24
18:25 gram_schmidt: Removing linear dependent vector 25
18:25 gram_schmidt: Removing linear dependent vector 26
18:25 gram_schmidt: Removing linear dependent vector 27
18:25 gram_schmidt: Removing linear dependent vector 28
18:25 gram_schmidt: Removing linear dependent vector 29
18:25 gram_schmidt: Removing linear dependent vector 30
18:25 gram_schmidt: Removing linear dependent vector 31
18:25 gram_schmidt: Removing linear dependent vector 32
18:25 gram_schmidt: Removing linear dependent vector 33
18:25 gram_schmidt: Removing linear dependent vector 34
18:25 gram_schmidt: Removing linear dependent vector 35
18:25 gram_schmidt: Removing linear dependent vector 36
18:25 gram_schmidt: Removing linear dependent vector 37
18:25 gram_schmidt: Removing linear dependent vector 38
18:25 gram_schmidt: Removing linear dependent vector 39
18:25 gram_schmidt: Removing linear dependent vector 40
18:25 gram_schmidt: Removing linear dependent vector 41
18:25 gram_schmidt: Removing linear dependent vector 42
18:25 gram_schmidt: Removing linear dependent vector 43
18:25 gram_schmidt: Removing linear dependent vector 44
18:25 gram_schmidt: Removing linear dependent vector 45
18:25 gram_schmidt: Removing linear dependent vector 46
18:25 gram_schmidt: Removing linear dependent vector 47
18:25 gram_schmidt: Removing linear dependent vector 48
18:25 gram_schmidt: Removing linear dependent vector 49
18:25 gram_schmidt: Removing linear dependent vector 50
18:25 gram_schmidt: Removing linear dependent vector 51
18:25 gram_schmidt: Removing linear dependent vector 52
18:25 gram_schmidt: Removing linear dependent vector 53
18:25 gram_schmidt: Removing linear dependent vector 54
18:25 gram_schmidt: Removing linear dependent vector 55
18:25 gram_schmidt: Removing linear dependent vector 56
18:25 gram_schmidt: Removing linear dependent vector 57
18:25 gram_schmidt: Removing linear dependent vector 58
18:25 gram_schmidt: Removing linear dependent vector 59
18:25 gram_schmidt: Removing linear dependent vector 60
18:25 gram_schmidt: Removing linear dependent vector 61
18:25 gram_schmidt: Removing linear dependent vector 62
18:25 gram_schmidt: Removing linear dependent vector 63
18:25 gram_schmidt: Removing linear dependent vector 64
18:25 gram_schmidt: Removing linear dependent vector 65
18:25 gram_schmidt: Removing linear dependent vector 66
18:25 gram_schmidt: Removing linear dependent vector 67
18:25 gram_schmidt: Removing linear dependent vector 68
18:25 gram_schmidt: Removing linear dependent vector 69
18:25 gram_schmidt: Removing linear dependent vector 70
18:25 gram_schmidt: Removing linear dependent vector 71
18:25 gram_schmidt: Removing linear dependent vector 72
18:25 gram_schmidt: Removing linear dependent vector 73
18:25 gram_schmidt: Removing linear dependent vector 74
18:25 gram_schmidt: Removing linear dependent vector 75
18:25 gram_schmidt: Removing linear dependent vector 76
18:25 gram_schmidt: Removing linear dependent vector 77
18:25 gram_schmidt: Removing linear dependent vector 78
18:25 gram_schmidt: Removing linear dependent vector 79
18:25 gram_schmidt: Removing linear dependent vector 80
18:25 gram_schmidt: Removing linear dependent vector 81
18:25 gram_schmidt: Removing linear dependent vector 82
18:25 gram_schmidt: Removing linear dependent vector 83
18:25 gram_schmidt: Removing linear dependent vector 84
18:25 gram_schmidt: Removing linear dependent vector 85
18:25 gram_schmidt: Removing linear dependent vector 86
18:25 gram_schmidt: Removing linear dependent vector 87
18:25 gram_schmidt: Removing linear dependent vector 88
18:25 gram_schmidt: Removing linear dependent vector 89
18:25 gram_schmidt: Removing linear dependent vector 90
18:25 gram_schmidt: Removing linear dependent vector 91
18:25 gram_schmidt: Removing linear dependent vector 92
18:25 gram_schmidt: Removing linear dependent vector 93
18:25 gram_schmidt: Removing linear dependent vector 94
18:25 gram_schmidt: Removing linear dependent vector 95
18:25 gram_schmidt: Removing linear dependent vector 96
18:25 gram_schmidt: Removing linear dependent vector 97
18:25 gram_schmidt: Removing linear dependent vector 98
18:25 gram_schmidt: Removing linear dependent vector 99
18:25 gram_schmidt: Removing linear dependent vector 100
18:25 gram_schmidt: Removing linear dependent vector 101
18:25 gram_schmidt: Removing linear dependent vector 3
18:25 gram_schmidt: Removing linear dependent vector 4
18:25 gram_schmidt: Removing linear dependent vector 5
18:25 gram_schmidt: Removing linear dependent vector 6
18:25 gram_schmidt: Removing linear dependent vector 7
18:25 gram_schmidt: Removing linear dependent vector 8
18:25 gram_schmidt: Removing linear dependent vector 9
18:25 gram_schmidt: Removing linear dependent vector 10
18:25 gram_schmidt: Removing linear dependent vector 11
18:25 gram_schmidt: Removing linear dependent vector 12
18:25 gram_schmidt: Removing linear dependent vector 13
18:25 gram_schmidt: Removing linear dependent vector 14
18:25 gram_schmidt: Removing linear dependent vector 15
18:25 gram_schmidt: Removing linear dependent vector 16
18:25 gram_schmidt: Removing linear dependent vector 17
18:25 gram_schmidt: Removing linear dependent vector 18
18:25 gram_schmidt: Removing linear dependent vector 19
18:25 gram_schmidt: Removing linear dependent vector 20
18:25 gram_schmidt: Removing linear dependent vector 21
18:25 gram_schmidt: Removing linear dependent vector 22
18:25 gram_schmidt: Removing linear dependent vector 23
18:25 gram_schmidt: Removing linear dependent vector 24
18:25 gram_schmidt: Removing linear dependent vector 25
18:25 gram_schmidt: Removing linear dependent vector 26
18:25 gram_schmidt: Removing linear dependent vector 27
18:25 gram_schmidt: Removing linear dependent vector 28
18:25 gram_schmidt: Removing linear dependent vector 29
18:25 gram_schmidt: Removing linear dependent vector 30
18:25 gram_schmidt: Removing linear dependent vector 31
18:25 gram_schmidt: Removing linear dependent vector 32
18:25 gram_schmidt: Removing linear dependent vector 33
18:25 gram_schmidt: Removing linear dependent vector 34
18:25 gram_schmidt: Removing linear dependent vector 35
18:25 gram_schmidt: Removing linear dependent vector 36
18:25 gram_schmidt: Removing linear dependent vector 37
18:25 gram_schmidt: Removing linear dependent vector 38
18:25 gram_schmidt: Removing linear dependent vector 39
18:25 gram_schmidt: Removing linear dependent vector 40
18:25 gram_schmidt: Removing linear dependent vector 41
18:25 gram_schmidt: Removing linear dependent vector 42
18:25 gram_schmidt: Removing linear dependent vector 43
18:25 gram_schmidt: Removing linear dependent vector 44
18:25 gram_schmidt: Removing linear dependent vector 45
18:25 gram_schmidt: Removing linear dependent vector 46
18:25 gram_schmidt: Removing linear dependent vector 47
18:25 gram_schmidt: Removing linear dependent vector 48
18:25 gram_schmidt: Removing linear dependent vector 49
18:25 gram_schmidt: Removing linear dependent vector 50
18:25 gram_schmidt: Removing linear dependent vector 51
18:25 gram_schmidt: Removing linear dependent vector 52
18:25 gram_schmidt: Removing linear dependent vector 53
18:25 gram_schmidt: Removing linear dependent vector 54
18:25 gram_schmidt: Removing linear dependent vector 55
18:25 gram_schmidt: Removing linear dependent vector 56
18:25 gram_schmidt: Removing linear dependent vector 57
18:25 gram_schmidt: Removing linear dependent vector 58
18:25 gram_schmidt: Removing linear dependent vector 59
18:25 gram_schmidt: Removing linear dependent vector 60
18:25 gram_schmidt: Removing linear dependent vector 61
18:25 gram_schmidt: Removing linear dependent vector 62
18:25 gram_schmidt: Removing linear dependent vector 63
18:25 gram_schmidt: Removing linear dependent vector 64
18:25 gram_schmidt: Removing linear dependent vector 65
18:25 gram_schmidt: Removing linear dependent vector 66
18:25 gram_schmidt: Removing linear dependent vector 67
18:25 gram_schmidt: Removing linear dependent vector 68
18:25 gram_schmidt: Removing linear dependent vector 69
18:25 gram_schmidt: Removing linear dependent vector 70
18:25 gram_schmidt: Removing linear dependent vector 71
18:25 gram_schmidt: Removing linear dependent vector 72
18:25 gram_schmidt: Removing linear dependent vector 73
18:25 gram_schmidt: Removing linear dependent vector 74
18:25 gram_schmidt: Removing linear dependent vector 75
18:25 gram_schmidt: Removing linear dependent vector 76
18:25 gram_schmidt: Removing linear dependent vector 77
18:25 gram_schmidt: Removing linear dependent vector 78
18:25 gram_schmidt: Removing linear dependent vector 79
18:25 gram_schmidt: Removing linear dependent vector 80
18:25 gram_schmidt: Removing linear dependent vector 81
18:25 gram_schmidt: Removing linear dependent vector 82
18:25 gram_schmidt: Removing linear dependent vector 83
18:25 gram_schmidt: Removing linear dependent vector 84
18:25 gram_schmidt: Removing linear dependent vector 85
18:25 gram_schmidt: Removing linear dependent vector 86
18:25 gram_schmidt: Removing linear dependent vector 87
18:25 gram_schmidt: Removing linear dependent vector 88
18:25 gram_schmidt: Removing linear dependent vector 89
18:25 gram_schmidt: Removing linear dependent vector 90
18:25 gram_schmidt: Removing linear dependent vector 91
18:25 gram_schmidt: Removing linear dependent vector 92
18:25 gram_schmidt: Removing linear dependent vector 93
18:25 gram_schmidt: Removing linear dependent vector 94
18:25 gram_schmidt: Removing linear dependent vector 95
18:25 gram_schmidt: Removing linear dependent vector 96
18:25 gram_schmidt: Removing linear dependent vector 97
18:25 gram_schmidt: Removing linear dependent vector 98
18:25 gram_schmidt: Removing linear dependent vector 99
18:25 gram_schmidt: Removing linear dependent vector 100
18:25 gram_schmidt: Removing linear dependent vector 101
</system-err></testcase><testcase classname="src.pymortests.algorithms.gram_schmidt" file="src/pymortests/algorithms/gram_schmidt.py" line="12" name="test_gram_schmidt[0-&lt;lambda&gt;17]" time="0.0031709671020507812"></testcase><testcase classname="src.pymortests.algorithms.gram_schmidt" file="src/pymortests/algorithms/gram_schmidt.py" line="12" name="test_gram_schmidt[0-&lt;lambda&gt;18]" time="0.0022423267364501953"></testcase><testcase classname="src.pymortests.algorithms.gram_schmidt" file="src/pymortests/algorithms/gram_schmidt.py" line="12" name="test_gram_schmidt[0-&lt;lambda&gt;19]" time="0.004418611526489258"></testcase><testcase classname="src.pymortests.algorithms.gram_schmidt" file="src/pymortests/algorithms/gram_schmidt.py" line="12" name="test_gram_schmidt[0-&lt;lambda&gt;20]" time="0.2920074462890625"></testcase><testcase classname="src.pymortests.algorithms.gram_schmidt" file="src/pymortests/algorithms/gram_schmidt.py" line="12" name="test_gram_schmidt[0-&lt;lambda&gt;21]" time="1.5336856842041016"></testcase><testcase classname="src.pymortests.algorithms.gram_schmidt" file="src/pymortests/algorithms/gram_schmidt.py" line="12" name="test_gram_schmidt[0-&lt;lambda&gt;22]" time="0.0025806427001953125"></testcase><testcase classname="src.pymortests.algorithms.gram_schmidt" file="src/pymortests/algorithms/gram_schmidt.py" line="12" name="test_gram_schmidt[0-&lt;lambda&gt;23]" time="0.0017058849334716797"></testcase><testcase classname="src.pymortests.algorithms.gram_schmidt" file="src/pymortests/algorithms/gram_schmidt.py" line="12" name="test_gram_schmidt[0-&lt;lambda&gt;24]" time="0.0074503421783447266"></testcase><testcase classname="src.pymortests.algorithms.gram_schmidt" file="src/pymortests/algorithms/gram_schmidt.py" line="12" name="test_gram_schmidt[0-&lt;lambda&gt;25]" time="0.39940881729125977"><system-err>18:27 gram_schmidt: Orthonormalizing vector 31 again
18:27 gram_schmidt: Removing linear dependent vector 32
18:27 gram_schmidt: Removing linear dependent vector 33
18:27 gram_schmidt: Removing linear dependent vector 34
18:27 gram_schmidt: Removing linear dependent vector 35
18:27 gram_schmidt: Removing linear dependent vector 36
18:27 gram_schmidt: Removing linear dependent vector 37
18:27 gram_schmidt: Removing linear dependent vector 38
18:27 gram_schmidt: Removing linear dependent vector 39
18:27 gram_schmidt: Removing linear dependent vector 40
18:27 gram_schmidt: Removing linear dependent vector 41
18:27 gram_schmidt: Removing linear dependent vector 42
18:27 gram_schmidt: Orthonormalizing vector 31 again
18:27 gram_schmidt: Removing linear dependent vector 32
18:27 gram_schmidt: Removing linear dependent vector 33
18:27 gram_schmidt: Removing linear dependent vector 34
18:27 gram_schmidt: Removing linear dependent vector 35
18:27 gram_schmidt: Removing linear dependent vector 36
18:27 gram_schmidt: Removing linear dependent vector 37
18:27 gram_schmidt: Removing linear dependent vector 38
18:27 gram_schmidt: Removing linear dependent vector 39
18:27 gram_schmidt: Removing linear dependent vector 40
18:27 gram_schmidt: Removing linear dependent vector 41
18:27 gram_schmidt: Removing linear dependent vector 42
</system-err></testcase><testcase classname="src.pymortests.algorithms.gram_schmidt" file="src/pymortests/algorithms/gram_schmidt.py" line="12" name="test_gram_schmidt[0-&lt;lambda&gt;26]" time="0.23400545120239258"><system-err>18:27 gram_schmidt: Removing vector 0 of norm 0.0
18:27 gram_schmidt: Removing vector 1 of norm 0.0
18:27 gram_schmidt: Removing vector 2 of norm 0.0
18:27 gram_schmidt: Removing vector 3 of norm 0.0
18:27 gram_schmidt: Removing vector 4 of norm 0.0
18:27 gram_schmidt: Removing vector 5 of norm 0.0
18:27 gram_schmidt: Removing vector 6 of norm 0.0
18:27 gram_schmidt: Removing vector 7 of norm 0.0
18:27 gram_schmidt: Removing vector 8 of norm 0.0
18:27 gram_schmidt: Removing vector 9 of norm 0.0
18:27 gram_schmidt: Removing vector 10 of norm 0.0
18:27 gram_schmidt: Removing vector 11 of norm 0.0
18:27 gram_schmidt: Removing vector 12 of norm 0.0
18:27 gram_schmidt: Removing vector 13 of norm 0.0
18:27 gram_schmidt: Removing vector 14 of norm 0.0
18:27 gram_schmidt: Removing vector 15 of norm 0.0
18:27 gram_schmidt: Removing vector 16 of norm 0.0
18:27 gram_schmidt: Removing vector 17 of norm 0.0
18:27 gram_schmidt: Removing vector 18 of norm 0.0
18:27 gram_schmidt: Removing vector 19 of norm 0.0
18:27 gram_schmidt: Removing vector 20 of norm 0.0
18:27 gram_schmidt: Removing vector 21 of norm 0.0
18:27 gram_schmidt: Removing vector 22 of norm 0.0
18:27 gram_schmidt: Removing vector 23 of norm 0.0
18:27 gram_schmidt: Removing vector 24 of norm 0.0
18:27 gram_schmidt: Removing vector 25 of norm 0.0
18:27 gram_schmidt: Removing vector 26 of norm 0.0
18:27 gram_schmidt: Removing vector 27 of norm 0.0
18:27 gram_schmidt: Removing vector 28 of norm 0.0
18:27 gram_schmidt: Removing vector 29 of norm 0.0
18:27 gram_schmidt: Removing vector 30 of norm 0.0
18:27 gram_schmidt: Removing vector 31 of norm 0.0
18:27 gram_schmidt: Removing vector 32 of norm 0.0
18:27 gram_schmidt: Removing vector 33 of norm 0.0
18:27 gram_schmidt: Removing vector 34 of norm 0.0
18:27 gram_schmidt: Removing vector 35 of norm 0.0
18:27 gram_schmidt: Removing vector 36 of norm 0.0
18:27 gram_schmidt: Removing vector 37 of norm 0.0
18:27 gram_schmidt: Removing vector 38 of norm 0.0
18:27 gram_schmidt: Removing vector 39 of norm 0.0
18:27 gram_schmidt: Removing vector 40 of norm 0.0
18:27 gram_schmidt: Removing vector 41 of norm 0.0
18:27 gram_schmidt: Removing vector 42 of norm 0.0
18:27 gram_schmidt: Removing vector 43 of norm 0.0
18:27 gram_schmidt: Removing vector 44 of norm 0.0
18:27 gram_schmidt: Removing vector 45 of norm 0.0
18:27 gram_schmidt: Removing vector 46 of norm 0.0
18:27 gram_schmidt: Removing vector 47 of norm 0.0
18:27 gram_schmidt: Removing vector 48 of norm 0.0
18:27 gram_schmidt: Removing vector 49 of norm 0.0
18:27 gram_schmidt: Removing vector 50 of norm 0.0
18:27 gram_schmidt: Removing vector 51 of norm 0.0
18:27 gram_schmidt: Removing vector 52 of norm 0.0
18:27 gram_schmidt: Removing vector 53 of norm 0.0
18:27 gram_schmidt: Removing vector 54 of norm 0.0
18:27 gram_schmidt: Removing vector 55 of norm 0.0
18:27 gram_schmidt: Removing vector 56 of norm 0.0
18:27 gram_schmidt: Removing vector 57 of norm 0.0
18:27 gram_schmidt: Removing vector 58 of norm 0.0
18:27 gram_schmidt: Removing vector 59 of norm 0.0
18:27 gram_schmidt: Removing vector 60 of norm 0.0
18:27 gram_schmidt: Removing vector 61 of norm 0.0
18:27 gram_schmidt: Removing vector 62 of norm 0.0
18:27 gram_schmidt: Removing vector 63 of norm 0.0
18:27 gram_schmidt: Removing vector 64 of norm 0.0
18:27 gram_schmidt: Removing vector 65 of norm 0.0
18:27 gram_schmidt: Removing vector 66 of norm 0.0
18:27 gram_schmidt: Removing vector 67 of norm 0.0
18:27 gram_schmidt: Removing vector 68 of norm 0.0
18:27 gram_schmidt: Removing vector 69 of norm 0.0
18:27 gram_schmidt: Removing vector 70 of norm 0.0
18:27 gram_schmidt: Removing vector 71 of norm 0.0
18:27 gram_schmidt: Removing vector 72 of norm 0.0
18:27 gram_schmidt: Removing vector 73 of norm 0.0
18:27 gram_schmidt: Removing vector 74 of norm 0.0
18:27 gram_schmidt: Removing vector 75 of norm 0.0
18:27 gram_schmidt: Removing vector 76 of norm 0.0
18:27 gram_schmidt: Removing vector 77 of norm 0.0
18:27 gram_schmidt: Removing vector 78 of norm 0.0
18:27 gram_schmidt: Removing vector 79 of norm 0.0
18:27 gram_schmidt: Removing vector 80 of norm 0.0
18:27 gram_schmidt: Removing vector 81 of norm 0.0
18:27 gram_schmidt: Removing vector 82 of norm 0.0
18:27 gram_schmidt: Removing vector 83 of norm 0.0
18:27 gram_schmidt: Removing vector 84 of norm 0.0
18:27 gram_schmidt: Removing vector 85 of norm 0.0
18:27 gram_schmidt: Removing vector 86 of norm 0.0
18:27 gram_schmidt: Removing vector 87 of norm 0.0
18:27 gram_schmidt: Removing vector 88 of norm 0.0
18:27 gram_schmidt: Removing vector 89 of norm 0.0
18:27 gram_schmidt: Removing vector 90 of norm 0.0
18:27 gram_schmidt: Removing vector 91 of norm 0.0
18:27 gram_schmidt: Removing vector 92 of norm 0.0
18:27 gram_schmidt: Removing vector 93 of norm 0.0
18:27 gram_schmidt: Removing vector 94 of norm 0.0
18:27 gram_schmidt: Removing vector 95 of norm 0.0
18:27 gram_schmidt: Removing vector 96 of norm 0.0
18:27 gram_schmidt: Removing vector 97 of norm 0.0
18:27 gram_schmidt: Removing vector 98 of norm 0.0
18:27 gram_schmidt: Removing vector 99 of norm 0.0
18:27 gram_schmidt: Removing vector 100 of norm 0.0
18:27 gram_schmidt: Removing vector 101 of norm 0.0
18:28 gram_schmidt: Removing vector 0 of norm 0.0
18:28 gram_schmidt: Removing vector 1 of norm 0.0
18:28 gram_schmidt: Removing vector 2 of norm 0.0
18:28 gram_schmidt: Removing vector 3 of norm 0.0
18:28 gram_schmidt: Removing vector 4 of norm 0.0
18:28 gram_schmidt: Removing vector 5 of norm 0.0
18:28 gram_schmidt: Removing vector 6 of norm 0.0
18:28 gram_schmidt: Removing vector 7 of norm 0.0
18:28 gram_schmidt: Removing vector 8 of norm 0.0
18:28 gram_schmidt: Removing vector 9 of norm 0.0
18:28 gram_schmidt: Removing vector 10 of norm 0.0
18:28 gram_schmidt: Removing vector 11 of norm 0.0
18:28 gram_schmidt: Removing vector 12 of norm 0.0
18:28 gram_schmidt: Removing vector 13 of norm 0.0
18:28 gram_schmidt: Removing vector 14 of norm 0.0
18:28 gram_schmidt: Removing vector 15 of norm 0.0
18:28 gram_schmidt: Removing vector 16 of norm 0.0
18:28 gram_schmidt: Removing vector 17 of norm 0.0
18:28 gram_schmidt: Removing vector 18 of norm 0.0
18:28 gram_schmidt: Removing vector 19 of norm 0.0
18:28 gram_schmidt: Removing vector 20 of norm 0.0
18:28 gram_schmidt: Removing vector 21 of norm 0.0
18:28 gram_schmidt: Removing vector 22 of norm 0.0
18:28 gram_schmidt: Removing vector 23 of norm 0.0
18:28 gram_schmidt: Removing vector 24 of norm 0.0
18:28 gram_schmidt: Removing vector 25 of norm 0.0
18:28 gram_schmidt: Removing vector 26 of norm 0.0
18:28 gram_schmidt: Removing vector 27 of norm 0.0
18:28 gram_schmidt: Removing vector 28 of norm 0.0
18:28 gram_schmidt: Removing vector 29 of norm 0.0
18:28 gram_schmidt: Removing vector 30 of norm 0.0
18:28 gram_schmidt: Removing vector 31 of norm 0.0
18:28 gram_schmidt: Removing vector 32 of norm 0.0
18:28 gram_schmidt: Removing vector 33 of norm 0.0
18:28 gram_schmidt: Removing vector 34 of norm 0.0
18:28 gram_schmidt: Removing vector 35 of norm 0.0
18:28 gram_schmidt: Removing vector 36 of norm 0.0
18:28 gram_schmidt: Removing vector 37 of norm 0.0
18:28 gram_schmidt: Removing vector 38 of norm 0.0
18:28 gram_schmidt: Removing vector 39 of norm 0.0
18:28 gram_schmidt: Removing vector 40 of norm 0.0
18:28 gram_schmidt: Removing vector 41 of norm 0.0
18:28 gram_schmidt: Removing vector 42 of norm 0.0
18:28 gram_schmidt: Removing vector 43 of norm 0.0
18:28 gram_schmidt: Removing vector 44 of norm 0.0
18:28 gram_schmidt: Removing vector 45 of norm 0.0
18:28 gram_schmidt: Removing vector 46 of norm 0.0
18:28 gram_schmidt: Removing vector 47 of norm 0.0
18:28 gram_schmidt: Removing vector 48 of norm 0.0
18:28 gram_schmidt: Removing vector 49 of norm 0.0
18:28 gram_schmidt: Removing vector 50 of norm 0.0
18:28 gram_schmidt: Removing vector 51 of norm 0.0
18:28 gram_schmidt: Removing vector 52 of norm 0.0
18:28 gram_schmidt: Removing vector 53 of norm 0.0
18:28 gram_schmidt: Removing vector 54 of norm 0.0
18:28 gram_schmidt: Removing vector 55 of norm 0.0
18:28 gram_schmidt: Removing vector 56 of norm 0.0
18:28 gram_schmidt: Removing vector 57 of norm 0.0
18:28 gram_schmidt: Removing vector 58 of norm 0.0
18:28 gram_schmidt: Removing vector 59 of norm 0.0
18:28 gram_schmidt: Removing vector 60 of norm 0.0
18:28 gram_schmidt: Removing vector 61 of norm 0.0
18:28 gram_schmidt: Removing vector 62 of norm 0.0
18:28 gram_schmidt: Removing vector 63 of norm 0.0
18:28 gram_schmidt: Removing vector 64 of norm 0.0
18:28 gram_schmidt: Removing vector 65 of norm 0.0
18:28 gram_schmidt: Removing vector 66 of norm 0.0
18:28 gram_schmidt: Removing vector 67 of norm 0.0
18:28 gram_schmidt: Removing vector 68 of norm 0.0
18:28 gram_schmidt: Removing vector 69 of norm 0.0
18:28 gram_schmidt: Removing vector 70 of norm 0.0
18:28 gram_schmidt: Removing vector 71 of norm 0.0
18:28 gram_schmidt: Removing vector 72 of norm 0.0
18:28 gram_schmidt: Removing vector 73 of norm 0.0
18:28 gram_schmidt: Removing vector 74 of norm 0.0
18:28 gram_schmidt: Removing vector 75 of norm 0.0
18:28 gram_schmidt: Removing vector 76 of norm 0.0
18:28 gram_schmidt: Removing vector 77 of norm 0.0
18:28 gram_schmidt: Removing vector 78 of norm 0.0
18:28 gram_schmidt: Removing vector 79 of norm 0.0
18:28 gram_schmidt: Removing vector 80 of norm 0.0
18:28 gram_schmidt: Removing vector 81 of norm 0.0
18:28 gram_schmidt: Removing vector 82 of norm 0.0
18:28 gram_schmidt: Removing vector 83 of norm 0.0
18:28 gram_schmidt: Removing vector 84 of norm 0.0
18:28 gram_schmidt: Removing vector 85 of norm 0.0
18:28 gram_schmidt: Removing vector 86 of norm 0.0
18:28 gram_schmidt: Removing vector 87 of norm 0.0
18:28 gram_schmidt: Removing vector 88 of norm 0.0
18:28 gram_schmidt: Removing vector 89 of norm 0.0
18:28 gram_schmidt: Removing vector 90 of norm 0.0
18:28 gram_schmidt: Removing vector 91 of norm 0.0
18:28 gram_schmidt: Removing vector 92 of norm 0.0
18:28 gram_schmidt: Removing vector 93 of norm 0.0
18:28 gram_schmidt: Removing vector 94 of norm 0.0
18:28 gram_schmidt: Removing vector 95 of norm 0.0
18:28 gram_schmidt: Removing vector 96 of norm 0.0
18:28 gram_schmidt: Removing vector 97 of norm 0.0
18:28 gram_schmidt: Removing vector 98 of norm 0.0
18:28 gram_schmidt: Removing vector 99 of norm 0.0
18:28 gram_schmidt: Removing vector 100 of norm 0.0
18:28 gram_schmidt: Removing vector 101 of norm 0.0
</system-err></testcase><testcase classname="src.pymortests.algorithms.gram_schmidt" file="src/pymortests/algorithms/gram_schmidt.py" line="12" name="test_gram_schmidt[1-&lt;lambda&gt;0]" time="0.0026683807373046875"></testcase><testcase classname="src.pymortests.algorithms.gram_schmidt" file="src/pymortests/algorithms/gram_schmidt.py" line="12" name="test_gram_schmidt[1-&lt;lambda&gt;1]" time="0.0017795562744140625"></testcase><testcase classname="src.pymortests.algorithms.gram_schmidt" file="src/pymortests/algorithms/gram_schmidt.py" line="12" name="test_gram_schmidt[1-&lt;lambda&gt;2]" time="0.001992940902709961"></testcase><testcase classname="src.pymortests.algorithms.gram_schmidt" file="src/pymortests/algorithms/gram_schmidt.py" line="12" name="test_gram_schmidt[1-&lt;lambda&gt;3]" time="0.11661076545715332"><system-err>18:28 gram_schmidt: Orthonormalizing vector 31 again
18:28 gram_schmidt: Removing linear dependent vector 32
18:28 gram_schmidt: Removing linear dependent vector 33
18:28 gram_schmidt: Removing linear dependent vector 34
18:28 gram_schmidt: Removing linear dependent vector 35
18:28 gram_schmidt: Removing linear dependent vector 36
18:28 gram_schmidt: Removing linear dependent vector 37
18:28 gram_schmidt: Removing linear dependent vector 38
18:28 gram_schmidt: Removing linear dependent vector 39
18:28 gram_schmidt: Removing linear dependent vector 40
18:28 gram_schmidt: Removing linear dependent vector 41
18:28 gram_schmidt: Removing linear dependent vector 42
18:28 gram_schmidt: Orthonormalizing vector 31 again
18:28 gram_schmidt: Removing linear dependent vector 32
18:28 gram_schmidt: Removing linear dependent vector 33
18:28 gram_schmidt: Removing linear dependent vector 34
18:28 gram_schmidt: Removing linear dependent vector 35
18:28 gram_schmidt: Removing linear dependent vector 36
18:28 gram_schmidt: Removing linear dependent vector 37
18:28 gram_schmidt: Removing linear dependent vector 38
18:28 gram_schmidt: Removing linear dependent vector 39
18:28 gram_schmidt: Removing linear dependent vector 40
18:28 gram_schmidt: Removing linear dependent vector 41
18:28 gram_schmidt: Removing linear dependent vector 42
</system-err></testcase><testcase classname="src.pymortests.algorithms.gram_schmidt" file="src/pymortests/algorithms/gram_schmidt.py" line="12" name="test_gram_schmidt[1-&lt;lambda&gt;4]" time="0.022056102752685547"><system-err>18:28 gram_schmidt: Removing vector 0 of norm 0.0
18:28 gram_schmidt: Removing vector 1 of norm 0.0
18:28 gram_schmidt: Removing vector 2 of norm 0.0
18:28 gram_schmidt: Removing vector 3 of norm 0.0
18:28 gram_schmidt: Removing vector 4 of norm 0.0
18:28 gram_schmidt: Removing vector 5 of norm 0.0
18:28 gram_schmidt: Removing vector 6 of norm 0.0
18:28 gram_schmidt: Removing vector 7 of norm 0.0
18:28 gram_schmidt: Removing vector 8 of norm 0.0
18:28 gram_schmidt: Removing vector 9 of norm 0.0
18:28 gram_schmidt: Removing vector 10 of norm 0.0
18:28 gram_schmidt: Removing vector 11 of norm 0.0
18:28 gram_schmidt: Removing vector 12 of norm 0.0
18:28 gram_schmidt: Removing vector 13 of norm 0.0
18:28 gram_schmidt: Removing vector 14 of norm 0.0
18:28 gram_schmidt: Removing vector 15 of norm 0.0
18:28 gram_schmidt: Removing vector 16 of norm 0.0
18:28 gram_schmidt: Removing vector 17 of norm 0.0
18:28 gram_schmidt: Removing vector 18 of norm 0.0
18:28 gram_schmidt: Removing vector 19 of norm 0.0
18:28 gram_schmidt: Removing vector 20 of norm 0.0
18:28 gram_schmidt: Removing vector 21 of norm 0.0
18:28 gram_schmidt: Removing vector 22 of norm 0.0
18:28 gram_schmidt: Removing vector 23 of norm 0.0
18:28 gram_schmidt: Removing vector 24 of norm 0.0
18:28 gram_schmidt: Removing vector 25 of norm 0.0
18:28 gram_schmidt: Removing vector 26 of norm 0.0
18:28 gram_schmidt: Removing vector 27 of norm 0.0
18:28 gram_schmidt: Removing vector 28 of norm 0.0
18:28 gram_schmidt: Removing vector 29 of norm 0.0
18:28 gram_schmidt: Removing vector 30 of norm 0.0
18:28 gram_schmidt: Removing vector 31 of norm 0.0
18:28 gram_schmidt: Removing vector 32 of norm 0.0
18:28 gram_schmidt: Removing vector 33 of norm 0.0
18:28 gram_schmidt: Removing vector 34 of norm 0.0
18:28 gram_schmidt: Removing vector 35 of norm 0.0
18:28 gram_schmidt: Removing vector 36 of norm 0.0
18:28 gram_schmidt: Removing vector 37 of norm 0.0
18:28 gram_schmidt: Removing vector 38 of norm 0.0
18:28 gram_schmidt: Removing vector 39 of norm 0.0
18:28 gram_schmidt: Removing vector 40 of norm 0.0
18:28 gram_schmidt: Removing vector 41 of norm 0.0
18:28 gram_schmidt: Removing vector 42 of norm 0.0
18:28 gram_schmidt: Removing vector 43 of norm 0.0
18:28 gram_schmidt: Removing vector 44 of norm 0.0
18:28 gram_schmidt: Removing vector 45 of norm 0.0
18:28 gram_schmidt: Removing vector 46 of norm 0.0
18:28 gram_schmidt: Removing vector 47 of norm 0.0
18:28 gram_schmidt: Removing vector 48 of norm 0.0
18:28 gram_schmidt: Removing vector 49 of norm 0.0
18:28 gram_schmidt: Removing vector 50 of norm 0.0
18:28 gram_schmidt: Removing vector 51 of norm 0.0
18:28 gram_schmidt: Removing vector 52 of norm 0.0
18:28 gram_schmidt: Removing vector 53 of norm 0.0
18:28 gram_schmidt: Removing vector 54 of norm 0.0
18:28 gram_schmidt: Removing vector 55 of norm 0.0
18:28 gram_schmidt: Removing vector 56 of norm 0.0
18:28 gram_schmidt: Removing vector 57 of norm 0.0
18:28 gram_schmidt: Removing vector 58 of norm 0.0
18:28 gram_schmidt: Removing vector 59 of norm 0.0
18:28 gram_schmidt: Removing vector 60 of norm 0.0
18:28 gram_schmidt: Removing vector 61 of norm 0.0
18:28 gram_schmidt: Removing vector 62 of norm 0.0
18:28 gram_schmidt: Removing vector 63 of norm 0.0
18:28 gram_schmidt: Removing vector 64 of norm 0.0
18:28 gram_schmidt: Removing vector 65 of norm 0.0
18:28 gram_schmidt: Removing vector 66 of norm 0.0
18:28 gram_schmidt: Removing vector 67 of norm 0.0
18:28 gram_schmidt: Removing vector 68 of norm 0.0
18:28 gram_schmidt: Removing vector 69 of norm 0.0
18:28 gram_schmidt: Removing vector 70 of norm 0.0
18:28 gram_schmidt: Removing vector 71 of norm 0.0
18:28 gram_schmidt: Removing vector 72 of norm 0.0
18:28 gram_schmidt: Removing vector 73 of norm 0.0
18:28 gram_schmidt: Removing vector 74 of norm 0.0
18:28 gram_schmidt: Removing vector 75 of norm 0.0
18:28 gram_schmidt: Removing vector 76 of norm 0.0
18:28 gram_schmidt: Removing vector 77 of norm 0.0
18:28 gram_schmidt: Removing vector 78 of norm 0.0
18:28 gram_schmidt: Removing vector 79 of norm 0.0
18:28 gram_schmidt: Removing vector 80 of norm 0.0
18:28 gram_schmidt: Removing vector 81 of norm 0.0
18:28 gram_schmidt: Removing vector 82 of norm 0.0
18:28 gram_schmidt: Removing vector 83 of norm 0.0
18:28 gram_schmidt: Removing vector 84 of norm 0.0
18:28 gram_schmidt: Removing vector 85 of norm 0.0
18:28 gram_schmidt: Removing vector 86 of norm 0.0
18:28 gram_schmidt: Removing vector 87 of norm 0.0
18:28 gram_schmidt: Removing vector 88 of norm 0.0
18:28 gram_schmidt: Removing vector 89 of norm 0.0
18:28 gram_schmidt: Removing vector 90 of norm 0.0
18:28 gram_schmidt: Removing vector 91 of norm 0.0
18:28 gram_schmidt: Removing vector 92 of norm 0.0
18:28 gram_schmidt: Removing vector 93 of norm 0.0
18:28 gram_schmidt: Removing vector 94 of norm 0.0
18:28 gram_schmidt: Removing vector 95 of norm 0.0
18:28 gram_schmidt: Removing vector 96 of norm 0.0
18:28 gram_schmidt: Removing vector 97 of norm 0.0
18:28 gram_schmidt: Removing vector 98 of norm 0.0
18:28 gram_schmidt: Removing vector 99 of norm 0.0
18:28 gram_schmidt: Removing vector 100 of norm 0.0
18:28 gram_schmidt: Removing vector 101 of norm 0.0
18:28 gram_schmidt: Removing vector 0 of norm 0.0
18:28 gram_schmidt: Removing vector 1 of norm 0.0
18:28 gram_schmidt: Removing vector 2 of norm 0.0
18:28 gram_schmidt: Removing vector 3 of norm 0.0
18:28 gram_schmidt: Removing vector 4 of norm 0.0
18:28 gram_schmidt: Removing vector 5 of norm 0.0
18:28 gram_schmidt: Removing vector 6 of norm 0.0
18:28 gram_schmidt: Removing vector 7 of norm 0.0
18:28 gram_schmidt: Removing vector 8 of norm 0.0
18:28 gram_schmidt: Removing vector 9 of norm 0.0
18:28 gram_schmidt: Removing vector 10 of norm 0.0
18:28 gram_schmidt: Removing vector 11 of norm 0.0
18:28 gram_schmidt: Removing vector 12 of norm 0.0
18:28 gram_schmidt: Removing vector 13 of norm 0.0
18:28 gram_schmidt: Removing vector 14 of norm 0.0
18:28 gram_schmidt: Removing vector 15 of norm 0.0
18:28 gram_schmidt: Removing vector 16 of norm 0.0
18:28 gram_schmidt: Removing vector 17 of norm 0.0
18:28 gram_schmidt: Removing vector 18 of norm 0.0
18:28 gram_schmidt: Removing vector 19 of norm 0.0
18:28 gram_schmidt: Removing vector 20 of norm 0.0
18:28 gram_schmidt: Removing vector 21 of norm 0.0
18:28 gram_schmidt: Removing vector 22 of norm 0.0
18:28 gram_schmidt: Removing vector 23 of norm 0.0
18:28 gram_schmidt: Removing vector 24 of norm 0.0
18:28 gram_schmidt: Removing vector 25 of norm 0.0
18:28 gram_schmidt: Removing vector 26 of norm 0.0
18:28 gram_schmidt: Removing vector 27 of norm 0.0
18:28 gram_schmidt: Removing vector 28 of norm 0.0
18:28 gram_schmidt: Removing vector 29 of norm 0.0
18:28 gram_schmidt: Removing vector 30 of norm 0.0
18:28 gram_schmidt: Removing vector 31 of norm 0.0
18:28 gram_schmidt: Removing vector 32 of norm 0.0
18:28 gram_schmidt: Removing vector 33 of norm 0.0
18:28 gram_schmidt: Removing vector 34 of norm 0.0
18:28 gram_schmidt: Removing vector 35 of norm 0.0
18:28 gram_schmidt: Removing vector 36 of norm 0.0
18:28 gram_schmidt: Removing vector 37 of norm 0.0
18:28 gram_schmidt: Removing vector 38 of norm 0.0
18:28 gram_schmidt: Removing vector 39 of norm 0.0
18:28 gram_schmidt: Removing vector 40 of norm 0.0
18:28 gram_schmidt: Removing vector 41 of norm 0.0
18:28 gram_schmidt: Removing vector 42 of norm 0.0
18:28 gram_schmidt: Removing vector 43 of norm 0.0
18:28 gram_schmidt: Removing vector 44 of norm 0.0
18:28 gram_schmidt: Removing vector 45 of norm 0.0
18:28 gram_schmidt: Removing vector 46 of norm 0.0
18:28 gram_schmidt: Removing vector 47 of norm 0.0
18:28 gram_schmidt: Removing vector 48 of norm 0.0
18:28 gram_schmidt: Removing vector 49 of norm 0.0
18:28 gram_schmidt: Removing vector 50 of norm 0.0
18:28 gram_schmidt: Removing vector 51 of norm 0.0
18:28 gram_schmidt: Removing vector 52 of norm 0.0
18:28 gram_schmidt: Removing vector 53 of norm 0.0
18:28 gram_schmidt: Removing vector 54 of norm 0.0
18:28 gram_schmidt: Removing vector 55 of norm 0.0
18:28 gram_schmidt: Removing vector 56 of norm 0.0
18:28 gram_schmidt: Removing vector 57 of norm 0.0
18:28 gram_schmidt: Removing vector 58 of norm 0.0
18:28 gram_schmidt: Removing vector 59 of norm 0.0
18:28 gram_schmidt: Removing vector 60 of norm 0.0
18:28 gram_schmidt: Removing vector 61 of norm 0.0
18:28 gram_schmidt: Removing vector 62 of norm 0.0
18:28 gram_schmidt: Removing vector 63 of norm 0.0
18:28 gram_schmidt: Removing vector 64 of norm 0.0
18:28 gram_schmidt: Removing vector 65 of norm 0.0
18:28 gram_schmidt: Removing vector 66 of norm 0.0
18:28 gram_schmidt: Removing vector 67 of norm 0.0
18:28 gram_schmidt: Removing vector 68 of norm 0.0
18:28 gram_schmidt: Removing vector 69 of norm 0.0
18:28 gram_schmidt: Removing vector 70 of norm 0.0
18:28 gram_schmidt: Removing vector 71 of norm 0.0
18:28 gram_schmidt: Removing vector 72 of norm 0.0
18:28 gram_schmidt: Removing vector 73 of norm 0.0
18:28 gram_schmidt: Removing vector 74 of norm 0.0
18:28 gram_schmidt: Removing vector 75 of norm 0.0
18:28 gram_schmidt: Removing vector 76 of norm 0.0
18:28 gram_schmidt: Removing vector 77 of norm 0.0
18:28 gram_schmidt: Removing vector 78 of norm 0.0
18:28 gram_schmidt: Removing vector 79 of norm 0.0
18:28 gram_schmidt: Removing vector 80 of norm 0.0
18:28 gram_schmidt: Removing vector 81 of norm 0.0
18:28 gram_schmidt: Removing vector 82 of norm 0.0
18:28 gram_schmidt: Removing vector 83 of norm 0.0
18:28 gram_schmidt: Removing vector 84 of norm 0.0
18:28 gram_schmidt: Removing vector 85 of norm 0.0
18:28 gram_schmidt: Removing vector 86 of norm 0.0
18:28 gram_schmidt: Removing vector 87 of norm 0.0
18:28 gram_schmidt: Removing vector 88 of norm 0.0
18:28 gram_schmidt: Removing vector 89 of norm 0.0
18:28 gram_schmidt: Removing vector 90 of norm 0.0
18:28 gram_schmidt: Removing vector 91 of norm 0.0
18:28 gram_schmidt: Removing vector 92 of norm 0.0
18:28 gram_schmidt: Removing vector 93 of norm 0.0
18:28 gram_schmidt: Removing vector 94 of norm 0.0
18:28 gram_schmidt: Removing vector 95 of norm 0.0
18:28 gram_schmidt: Removing vector 96 of norm 0.0
18:28 gram_schmidt: Removing vector 97 of norm 0.0
18:28 gram_schmidt: Removing vector 98 of norm 0.0
18:28 gram_schmidt: Removing vector 99 of norm 0.0
18:28 gram_schmidt: Removing vector 100 of norm 0.0
18:28 gram_schmidt: Removing vector 101 of norm 0.0
</system-err></testcase><testcase classname="src.pymortests.algorithms.gram_schmidt" file="src/pymortests/algorithms/gram_schmidt.py" line="12" name="test_gram_schmidt[1-&lt;lambda&gt;5]" time="0.0026121139526367188"></testcase><testcase classname="src.pymortests.algorithms.gram_schmidt" file="src/pymortests/algorithms/gram_schmidt.py" line="12" name="test_gram_schmidt[1-&lt;lambda&gt;6]" time="0.0017979145050048828"></testcase><testcase classname="src.pymortests.algorithms.gram_schmidt" file="src/pymortests/algorithms/gram_schmidt.py" line="12" name="test_gram_schmidt[1-&lt;lambda&gt;7]" time="0.0021970272064208984"></testcase><testcase classname="src.pymortests.algorithms.gram_schmidt" file="src/pymortests/algorithms/gram_schmidt.py" line="12" name="test_gram_schmidt[1-&lt;lambda&gt;8]" time="0.21364235877990723"><system-err>18:28 gram_schmidt: Orthonormalizing vector 31 again
18:28 gram_schmidt: Removing linear dependent vector 32
18:28 gram_schmidt: Removing linear dependent vector 33
18:28 gram_schmidt: Removing linear dependent vector 34
18:28 gram_schmidt: Removing linear dependent vector 35
18:28 gram_schmidt: Removing linear dependent vector 36
18:28 gram_schmidt: Removing linear dependent vector 37
18:28 gram_schmidt: Removing linear dependent vector 38
18:28 gram_schmidt: Removing linear dependent vector 39
18:28 gram_schmidt: Removing linear dependent vector 40
18:28 gram_schmidt: Removing linear dependent vector 41
18:28 gram_schmidt: Removing linear dependent vector 42
18:28 gram_schmidt: Orthonormalizing vector 31 again
18:28 gram_schmidt: Removing linear dependent vector 32
18:28 gram_schmidt: Removing linear dependent vector 33
18:28 gram_schmidt: Removing linear dependent vector 34
18:28 gram_schmidt: Removing linear dependent vector 35
18:28 gram_schmidt: Removing linear dependent vector 36
18:28 gram_schmidt: Removing linear dependent vector 37
18:28 gram_schmidt: Removing linear dependent vector 38
18:28 gram_schmidt: Removing linear dependent vector 39
18:28 gram_schmidt: Removing linear dependent vector 40
18:28 gram_schmidt: Removing linear dependent vector 41
18:28 gram_schmidt: Removing linear dependent vector 42
</system-err></testcase><testcase classname="src.pymortests.algorithms.gram_schmidt" file="src/pymortests/algorithms/gram_schmidt.py" line="12" name="test_gram_schmidt[1-&lt;lambda&gt;9]" time="0.027718544006347656"><system-err>18:28 gram_schmidt: Removing vector 0 of norm 0.0
18:28 gram_schmidt: Removing vector 1 of norm 0.0
18:28 gram_schmidt: Removing vector 2 of norm 0.0
18:28 gram_schmidt: Removing vector 3 of norm 0.0
18:28 gram_schmidt: Removing vector 4 of norm 0.0
18:28 gram_schmidt: Removing vector 5 of norm 0.0
18:28 gram_schmidt: Removing vector 6 of norm 0.0
18:28 gram_schmidt: Removing vector 7 of norm 0.0
18:28 gram_schmidt: Removing vector 8 of norm 0.0
18:28 gram_schmidt: Removing vector 9 of norm 0.0
18:28 gram_schmidt: Removing vector 10 of norm 0.0
18:28 gram_schmidt: Removing vector 11 of norm 0.0
18:28 gram_schmidt: Removing vector 12 of norm 0.0
18:28 gram_schmidt: Removing vector 13 of norm 0.0
18:28 gram_schmidt: Removing vector 14 of norm 0.0
18:28 gram_schmidt: Removing vector 15 of norm 0.0
18:28 gram_schmidt: Removing vector 16 of norm 0.0
18:28 gram_schmidt: Removing vector 17 of norm 0.0
18:28 gram_schmidt: Removing vector 18 of norm 0.0
18:28 gram_schmidt: Removing vector 19 of norm 0.0
18:28 gram_schmidt: Removing vector 20 of norm 0.0
18:28 gram_schmidt: Removing vector 21 of norm 0.0
18:28 gram_schmidt: Removing vector 22 of norm 0.0
18:28 gram_schmidt: Removing vector 23 of norm 0.0
18:28 gram_schmidt: Removing vector 24 of norm 0.0
18:28 gram_schmidt: Removing vector 25 of norm 0.0
18:28 gram_schmidt: Removing vector 26 of norm 0.0
18:28 gram_schmidt: Removing vector 27 of norm 0.0
18:28 gram_schmidt: Removing vector 28 of norm 0.0
18:28 gram_schmidt: Removing vector 29 of norm 0.0
18:28 gram_schmidt: Removing vector 30 of norm 0.0
18:28 gram_schmidt: Removing vector 31 of norm 0.0
18:28 gram_schmidt: Removing vector 32 of norm 0.0
18:28 gram_schmidt: Removing vector 33 of norm 0.0
18:28 gram_schmidt: Removing vector 34 of norm 0.0
18:28 gram_schmidt: Removing vector 35 of norm 0.0
18:28 gram_schmidt: Removing vector 36 of norm 0.0
18:28 gram_schmidt: Removing vector 37 of norm 0.0
18:28 gram_schmidt: Removing vector 38 of norm 0.0
18:28 gram_schmidt: Removing vector 39 of norm 0.0
18:28 gram_schmidt: Removing vector 40 of norm 0.0
18:28 gram_schmidt: Removing vector 41 of norm 0.0
18:28 gram_schmidt: Removing vector 42 of norm 0.0
18:28 gram_schmidt: Removing vector 43 of norm 0.0
18:28 gram_schmidt: Removing vector 44 of norm 0.0
18:28 gram_schmidt: Removing vector 45 of norm 0.0
18:28 gram_schmidt: Removing vector 46 of norm 0.0
18:28 gram_schmidt: Removing vector 47 of norm 0.0
18:28 gram_schmidt: Removing vector 48 of norm 0.0
18:28 gram_schmidt: Removing vector 49 of norm 0.0
18:28 gram_schmidt: Removing vector 50 of norm 0.0
18:28 gram_schmidt: Removing vector 51 of norm 0.0
18:28 gram_schmidt: Removing vector 52 of norm 0.0
18:28 gram_schmidt: Removing vector 53 of norm 0.0
18:28 gram_schmidt: Removing vector 54 of norm 0.0
18:28 gram_schmidt: Removing vector 55 of norm 0.0
18:28 gram_schmidt: Removing vector 56 of norm 0.0
18:28 gram_schmidt: Removing vector 57 of norm 0.0
18:28 gram_schmidt: Removing vector 58 of norm 0.0
18:28 gram_schmidt: Removing vector 59 of norm 0.0
18:28 gram_schmidt: Removing vector 60 of norm 0.0
18:28 gram_schmidt: Removing vector 61 of norm 0.0
18:28 gram_schmidt: Removing vector 62 of norm 0.0
18:28 gram_schmidt: Removing vector 63 of norm 0.0
18:28 gram_schmidt: Removing vector 64 of norm 0.0
18:28 gram_schmidt: Removing vector 65 of norm 0.0
18:28 gram_schmidt: Removing vector 66 of norm 0.0
18:28 gram_schmidt: Removing vector 67 of norm 0.0
18:28 gram_schmidt: Removing vector 68 of norm 0.0
18:28 gram_schmidt: Removing vector 69 of norm 0.0
18:28 gram_schmidt: Removing vector 70 of norm 0.0
18:28 gram_schmidt: Removing vector 71 of norm 0.0
18:28 gram_schmidt: Removing vector 72 of norm 0.0
18:28 gram_schmidt: Removing vector 73 of norm 0.0
18:28 gram_schmidt: Removing vector 74 of norm 0.0
18:28 gram_schmidt: Removing vector 75 of norm 0.0
18:28 gram_schmidt: Removing vector 76 of norm 0.0
18:28 gram_schmidt: Removing vector 77 of norm 0.0
18:28 gram_schmidt: Removing vector 78 of norm 0.0
18:28 gram_schmidt: Removing vector 79 of norm 0.0
18:28 gram_schmidt: Removing vector 80 of norm 0.0
18:28 gram_schmidt: Removing vector 81 of norm 0.0
18:28 gram_schmidt: Removing vector 82 of norm 0.0
18:28 gram_schmidt: Removing vector 83 of norm 0.0
18:28 gram_schmidt: Removing vector 84 of norm 0.0
18:28 gram_schmidt: Removing vector 85 of norm 0.0
18:28 gram_schmidt: Removing vector 86 of norm 0.0
18:28 gram_schmidt: Removing vector 87 of norm 0.0
18:28 gram_schmidt: Removing vector 88 of norm 0.0
18:28 gram_schmidt: Removing vector 89 of norm 0.0
18:28 gram_schmidt: Removing vector 90 of norm 0.0
18:28 gram_schmidt: Removing vector 91 of norm 0.0
18:28 gram_schmidt: Removing vector 92 of norm 0.0
18:28 gram_schmidt: Removing vector 93 of norm 0.0
18:28 gram_schmidt: Removing vector 94 of norm 0.0
18:28 gram_schmidt: Removing vector 95 of norm 0.0
18:28 gram_schmidt: Removing vector 96 of norm 0.0
18:28 gram_schmidt: Removing vector 97 of norm 0.0
18:28 gram_schmidt: Removing vector 98 of norm 0.0
18:28 gram_schmidt: Removing vector 99 of norm 0.0
18:28 gram_schmidt: Removing vector 100 of norm 0.0
18:28 gram_schmidt: Removing vector 101 of norm 0.0
18:28 gram_schmidt: Removing vector 0 of norm 0.0
18:28 gram_schmidt: Removing vector 1 of norm 0.0
18:28 gram_schmidt: Removing vector 2 of norm 0.0
18:28 gram_schmidt: Removing vector 3 of norm 0.0
18:28 gram_schmidt: Removing vector 4 of norm 0.0
18:28 gram_schmidt: Removing vector 5 of norm 0.0
18:28 gram_schmidt: Removing vector 6 of norm 0.0
18:28 gram_schmidt: Removing vector 7 of norm 0.0
18:28 gram_schmidt: Removing vector 8 of norm 0.0
18:28 gram_schmidt: Removing vector 9 of norm 0.0
18:28 gram_schmidt: Removing vector 10 of norm 0.0
18:28 gram_schmidt: Removing vector 11 of norm 0.0
18:28 gram_schmidt: Removing vector 12 of norm 0.0
18:28 gram_schmidt: Removing vector 13 of norm 0.0
18:28 gram_schmidt: Removing vector 14 of norm 0.0
18:28 gram_schmidt: Removing vector 15 of norm 0.0
18:28 gram_schmidt: Removing vector 16 of norm 0.0
18:28 gram_schmidt: Removing vector 17 of norm 0.0
18:28 gram_schmidt: Removing vector 18 of norm 0.0
18:28 gram_schmidt: Removing vector 19 of norm 0.0
18:28 gram_schmidt: Removing vector 20 of norm 0.0
18:28 gram_schmidt: Removing vector 21 of norm 0.0
18:28 gram_schmidt: Removing vector 22 of norm 0.0
18:28 gram_schmidt: Removing vector 23 of norm 0.0
18:28 gram_schmidt: Removing vector 24 of norm 0.0
18:28 gram_schmidt: Removing vector 25 of norm 0.0
18:28 gram_schmidt: Removing vector 26 of norm 0.0
18:28 gram_schmidt: Removing vector 27 of norm 0.0
18:28 gram_schmidt: Removing vector 28 of norm 0.0
18:28 gram_schmidt: Removing vector 29 of norm 0.0
18:28 gram_schmidt: Removing vector 30 of norm 0.0
18:28 gram_schmidt: Removing vector 31 of norm 0.0
18:28 gram_schmidt: Removing vector 32 of norm 0.0
18:28 gram_schmidt: Removing vector 33 of norm 0.0
18:28 gram_schmidt: Removing vector 34 of norm 0.0
18:28 gram_schmidt: Removing vector 35 of norm 0.0
18:28 gram_schmidt: Removing vector 36 of norm 0.0
18:28 gram_schmidt: Removing vector 37 of norm 0.0
18:28 gram_schmidt: Removing vector 38 of norm 0.0
18:28 gram_schmidt: Removing vector 39 of norm 0.0
18:28 gram_schmidt: Removing vector 40 of norm 0.0
18:28 gram_schmidt: Removing vector 41 of norm 0.0
18:28 gram_schmidt: Removing vector 42 of norm 0.0
18:28 gram_schmidt: Removing vector 43 of norm 0.0
18:28 gram_schmidt: Removing vector 44 of norm 0.0
18:28 gram_schmidt: Removing vector 45 of norm 0.0
18:28 gram_schmidt: Removing vector 46 of norm 0.0
18:28 gram_schmidt: Removing vector 47 of norm 0.0
18:28 gram_schmidt: Removing vector 48 of norm 0.0
18:28 gram_schmidt: Removing vector 49 of norm 0.0
18:28 gram_schmidt: Removing vector 50 of norm 0.0
18:28 gram_schmidt: Removing vector 51 of norm 0.0
18:28 gram_schmidt: Removing vector 52 of norm 0.0
18:28 gram_schmidt: Removing vector 53 of norm 0.0
18:28 gram_schmidt: Removing vector 54 of norm 0.0
18:28 gram_schmidt: Removing vector 55 of norm 0.0
18:28 gram_schmidt: Removing vector 56 of norm 0.0
18:28 gram_schmidt: Removing vector 57 of norm 0.0
18:28 gram_schmidt: Removing vector 58 of norm 0.0
18:28 gram_schmidt: Removing vector 59 of norm 0.0
18:28 gram_schmidt: Removing vector 60 of norm 0.0
18:28 gram_schmidt: Removing vector 61 of norm 0.0
18:28 gram_schmidt: Removing vector 62 of norm 0.0
18:28 gram_schmidt: Removing vector 63 of norm 0.0
18:28 gram_schmidt: Removing vector 64 of norm 0.0
18:28 gram_schmidt: Removing vector 65 of norm 0.0
18:28 gram_schmidt: Removing vector 66 of norm 0.0
18:28 gram_schmidt: Removing vector 67 of norm 0.0
18:28 gram_schmidt: Removing vector 68 of norm 0.0
18:28 gram_schmidt: Removing vector 69 of norm 0.0
18:28 gram_schmidt: Removing vector 70 of norm 0.0
18:28 gram_schmidt: Removing vector 71 of norm 0.0
18:28 gram_schmidt: Removing vector 72 of norm 0.0
18:28 gram_schmidt: Removing vector 73 of norm 0.0
18:28 gram_schmidt: Removing vector 74 of norm 0.0
18:28 gram_schmidt: Removing vector 75 of norm 0.0
18:28 gram_schmidt: Removing vector 76 of norm 0.0
18:28 gram_schmidt: Removing vector 77 of norm 0.0
18:28 gram_schmidt: Removing vector 78 of norm 0.0
18:28 gram_schmidt: Removing vector 79 of norm 0.0
18:28 gram_schmidt: Removing vector 80 of norm 0.0
18:28 gram_schmidt: Removing vector 81 of norm 0.0
18:28 gram_schmidt: Removing vector 82 of norm 0.0
18:28 gram_schmidt: Removing vector 83 of norm 0.0
18:28 gram_schmidt: Removing vector 84 of norm 0.0
18:28 gram_schmidt: Removing vector 85 of norm 0.0
18:28 gram_schmidt: Removing vector 86 of norm 0.0
18:28 gram_schmidt: Removing vector 87 of norm 0.0
18:28 gram_schmidt: Removing vector 88 of norm 0.0
18:28 gram_schmidt: Removing vector 89 of norm 0.0
18:28 gram_schmidt: Removing vector 90 of norm 0.0
18:28 gram_schmidt: Removing vector 91 of norm 0.0
18:28 gram_schmidt: Removing vector 92 of norm 0.0
18:28 gram_schmidt: Removing vector 93 of norm 0.0
18:28 gram_schmidt: Removing vector 94 of norm 0.0
18:28 gram_schmidt: Removing vector 95 of norm 0.0
18:28 gram_schmidt: Removing vector 96 of norm 0.0
18:28 gram_schmidt: Removing vector 97 of norm 0.0
18:28 gram_schmidt: Removing vector 98 of norm 0.0
18:28 gram_schmidt: Removing vector 99 of norm 0.0
18:28 gram_schmidt: Removing vector 100 of norm 0.0
18:28 gram_schmidt: Removing vector 101 of norm 0.0
</system-err></testcase><testcase classname="src.pymortests.algorithms.gram_schmidt" file="src/pymortests/algorithms/gram_schmidt.py" line="12" name="test_gram_schmidt[1-&lt;lambda&gt;10]" time="0.0032982826232910156"></testcase><testcase classname="src.pymortests.algorithms.gram_schmidt" file="src/pymortests/algorithms/gram_schmidt.py" line="12" name="test_gram_schmidt[1-&lt;lambda&gt;11]" time="0.006593227386474609"><system-err>18:28 gram_schmidt: Removing linear dependent vector 3
18:28 gram_schmidt: Removing linear dependent vector 3
</system-err></testcase><testcase classname="src.pymortests.algorithms.gram_schmidt" file="src/pymortests/algorithms/gram_schmidt.py" line="12" name="test_gram_schmidt[1-&lt;lambda&gt;12]" time="0.003585338592529297"><system-err>18:28 gram_schmidt: Removing vector 0 of norm 0.0
18:28 gram_schmidt: Removing vector 1 of norm 0.0
18:28 gram_schmidt: Removing vector 2 of norm 0.0
18:28 gram_schmidt: Removing vector 0 of norm 0.0
18:28 gram_schmidt: Removing vector 1 of norm 0.0
18:28 gram_schmidt: Removing vector 2 of norm 0.0
</system-err></testcase><testcase classname="src.pymortests.algorithms.gram_schmidt" file="src/pymortests/algorithms/gram_schmidt.py" line="12" name="test_gram_schmidt[1-&lt;lambda&gt;13]" time="0.002490520477294922"></testcase><testcase classname="src.pymortests.algorithms.gram_schmidt" file="src/pymortests/algorithms/gram_schmidt.py" line="12" name="test_gram_schmidt[1-&lt;lambda&gt;14]" time="0.0049076080322265625"></testcase><testcase classname="src.pymortests.algorithms.gram_schmidt" file="src/pymortests/algorithms/gram_schmidt.py" line="12" name="test_gram_schmidt[1-&lt;lambda&gt;15]" time="0.4278755187988281"><system-err>18:28 gram_schmidt: Removing linear dependent vector 36
18:28 gram_schmidt: Removing linear dependent vector 37
18:28 gram_schmidt: Removing linear dependent vector 38
18:28 gram_schmidt: Removing linear dependent vector 39
18:28 gram_schmidt: Removing linear dependent vector 40
18:28 gram_schmidt: Removing linear dependent vector 41
18:28 gram_schmidt: Removing linear dependent vector 42
18:28 gram_schmidt: Removing linear dependent vector 36
18:28 gram_schmidt: Removing linear dependent vector 37
18:28 gram_schmidt: Removing linear dependent vector 38
18:28 gram_schmidt: Removing linear dependent vector 39
18:28 gram_schmidt: Removing linear dependent vector 40
18:28 gram_schmidt: Removing linear dependent vector 41
18:28 gram_schmidt: Removing linear dependent vector 42
</system-err></testcase><testcase classname="src.pymortests.algorithms.gram_schmidt" file="src/pymortests/algorithms/gram_schmidt.py" line="12" name="test_gram_schmidt[1-&lt;lambda&gt;16]" time="0.22056293487548828"><system-err>18:28 gram_schmidt: Removing linear dependent vector 3
18:28 gram_schmidt: Removing linear dependent vector 4
18:28 gram_schmidt: Removing linear dependent vector 5
18:28 gram_schmidt: Removing linear dependent vector 6
18:28 gram_schmidt: Removing linear dependent vector 7
18:28 gram_schmidt: Removing linear dependent vector 8
18:28 gram_schmidt: Removing linear dependent vector 9
18:28 gram_schmidt: Removing linear dependent vector 10
18:28 gram_schmidt: Removing linear dependent vector 11
18:28 gram_schmidt: Removing linear dependent vector 12
18:28 gram_schmidt: Removing linear dependent vector 13
18:28 gram_schmidt: Removing linear dependent vector 14
18:28 gram_schmidt: Removing linear dependent vector 15
18:28 gram_schmidt: Removing linear dependent vector 16
18:28 gram_schmidt: Removing linear dependent vector 17
18:28 gram_schmidt: Removing linear dependent vector 18
18:28 gram_schmidt: Removing linear dependent vector 19
18:28 gram_schmidt: Removing linear dependent vector 20
18:28 gram_schmidt: Removing linear dependent vector 21
18:28 gram_schmidt: Removing linear dependent vector 22
18:28 gram_schmidt: Removing linear dependent vector 23
18:28 gram_schmidt: Removing linear dependent vector 24
18:28 gram_schmidt: Removing linear dependent vector 25
18:28 gram_schmidt: Removing linear dependent vector 26
18:28 gram_schmidt: Removing linear dependent vector 27
18:28 gram_schmidt: Removing linear dependent vector 28
18:28 gram_schmidt: Removing linear dependent vector 29
18:28 gram_schmidt: Removing linear dependent vector 30
18:28 gram_schmidt: Removing linear dependent vector 31
18:28 gram_schmidt: Removing linear dependent vector 32
18:28 gram_schmidt: Removing linear dependent vector 33
18:28 gram_schmidt: Removing linear dependent vector 34
18:28 gram_schmidt: Removing linear dependent vector 35
18:28 gram_schmidt: Removing linear dependent vector 36
18:28 gram_schmidt: Removing linear dependent vector 37
18:28 gram_schmidt: Removing linear dependent vector 38
18:28 gram_schmidt: Removing linear dependent vector 39
18:28 gram_schmidt: Removing linear dependent vector 40
18:28 gram_schmidt: Removing linear dependent vector 41
18:28 gram_schmidt: Removing linear dependent vector 42
18:28 gram_schmidt: Removing linear dependent vector 43
18:28 gram_schmidt: Removing linear dependent vector 44
18:28 gram_schmidt: Removing linear dependent vector 45
18:28 gram_schmidt: Removing linear dependent vector 46
18:28 gram_schmidt: Removing linear dependent vector 47
18:28 gram_schmidt: Removing linear dependent vector 48
18:28 gram_schmidt: Removing linear dependent vector 49
18:28 gram_schmidt: Removing linear dependent vector 50
18:28 gram_schmidt: Removing linear dependent vector 51
18:29 gram_schmidt: Removing linear dependent vector 52
18:29 gram_schmidt: Removing linear dependent vector 53
18:29 gram_schmidt: Removing linear dependent vector 54
18:29 gram_schmidt: Removing linear dependent vector 55
18:29 gram_schmidt: Removing linear dependent vector 56
18:29 gram_schmidt: Removing linear dependent vector 57
18:29 gram_schmidt: Removing linear dependent vector 58
18:29 gram_schmidt: Removing linear dependent vector 59
18:29 gram_schmidt: Removing linear dependent vector 60
18:29 gram_schmidt: Removing linear dependent vector 61
18:29 gram_schmidt: Removing linear dependent vector 62
18:29 gram_schmidt: Removing linear dependent vector 63
18:29 gram_schmidt: Removing linear dependent vector 64
18:29 gram_schmidt: Removing linear dependent vector 65
18:29 gram_schmidt: Removing linear dependent vector 66
18:29 gram_schmidt: Removing linear dependent vector 67
18:29 gram_schmidt: Removing linear dependent vector 68
18:29 gram_schmidt: Removing linear dependent vector 69
18:29 gram_schmidt: Removing linear dependent vector 70
18:29 gram_schmidt: Removing linear dependent vector 71
18:29 gram_schmidt: Removing linear dependent vector 72
18:29 gram_schmidt: Removing linear dependent vector 73
18:29 gram_schmidt: Removing linear dependent vector 74
18:29 gram_schmidt: Removing linear dependent vector 75
18:29 gram_schmidt: Removing linear dependent vector 76
18:29 gram_schmidt: Removing linear dependent vector 77
18:29 gram_schmidt: Removing linear dependent vector 78
18:29 gram_schmidt: Removing linear dependent vector 79
18:29 gram_schmidt: Removing linear dependent vector 80
18:29 gram_schmidt: Removing linear dependent vector 81
18:29 gram_schmidt: Removing linear dependent vector 82
18:29 gram_schmidt: Removing linear dependent vector 83
18:29 gram_schmidt: Removing linear dependent vector 84
18:29 gram_schmidt: Removing linear dependent vector 85
18:29 gram_schmidt: Removing linear dependent vector 86
18:29 gram_schmidt: Removing linear dependent vector 87
18:29 gram_schmidt: Removing linear dependent vector 88
18:29 gram_schmidt: Removing linear dependent vector 89
18:29 gram_schmidt: Removing linear dependent vector 90
18:29 gram_schmidt: Removing linear dependent vector 91
18:29 gram_schmidt: Removing linear dependent vector 92
18:29 gram_schmidt: Removing linear dependent vector 93
18:29 gram_schmidt: Removing linear dependent vector 94
18:29 gram_schmidt: Removing linear dependent vector 95
18:29 gram_schmidt: Removing linear dependent vector 96
18:29 gram_schmidt: Removing linear dependent vector 97
18:29 gram_schmidt: Removing linear dependent vector 98
18:29 gram_schmidt: Removing linear dependent vector 99
18:29 gram_schmidt: Removing linear dependent vector 100
18:29 gram_schmidt: Removing linear dependent vector 101
18:29 gram_schmidt: Removing linear dependent vector 3
18:29 gram_schmidt: Removing linear dependent vector 4
18:29 gram_schmidt: Removing linear dependent vector 5
18:29 gram_schmidt: Removing linear dependent vector 6
18:29 gram_schmidt: Removing linear dependent vector 7
18:29 gram_schmidt: Removing linear dependent vector 8
18:29 gram_schmidt: Removing linear dependent vector 9
18:29 gram_schmidt: Removing linear dependent vector 10
18:29 gram_schmidt: Removing linear dependent vector 11
18:29 gram_schmidt: Removing linear dependent vector 12
18:29 gram_schmidt: Removing linear dependent vector 13
18:29 gram_schmidt: Removing linear dependent vector 14
18:29 gram_schmidt: Removing linear dependent vector 15
18:29 gram_schmidt: Removing linear dependent vector 16
18:29 gram_schmidt: Removing linear dependent vector 17
18:29 gram_schmidt: Removing linear dependent vector 18
18:29 gram_schmidt: Removing linear dependent vector 19
18:29 gram_schmidt: Removing linear dependent vector 20
18:29 gram_schmidt: Removing linear dependent vector 21
18:29 gram_schmidt: Removing linear dependent vector 22
18:29 gram_schmidt: Removing linear dependent vector 23
18:29 gram_schmidt: Removing linear dependent vector 24
18:29 gram_schmidt: Removing linear dependent vector 25
18:29 gram_schmidt: Removing linear dependent vector 26
18:29 gram_schmidt: Removing linear dependent vector 27
18:29 gram_schmidt: Removing linear dependent vector 28
18:29 gram_schmidt: Removing linear dependent vector 29
18:29 gram_schmidt: Removing linear dependent vector 30
18:29 gram_schmidt: Removing linear dependent vector 31
18:29 gram_schmidt: Removing linear dependent vector 32
18:29 gram_schmidt: Removing linear dependent vector 33
18:29 gram_schmidt: Removing linear dependent vector 34
18:29 gram_schmidt: Removing linear dependent vector 35
18:29 gram_schmidt: Removing linear dependent vector 36
18:29 gram_schmidt: Removing linear dependent vector 37
18:29 gram_schmidt: Removing linear dependent vector 38
18:29 gram_schmidt: Removing linear dependent vector 39
18:29 gram_schmidt: Removing linear dependent vector 40
18:29 gram_schmidt: Removing linear dependent vector 41
18:29 gram_schmidt: Removing linear dependent vector 42
18:29 gram_schmidt: Removing linear dependent vector 43
18:29 gram_schmidt: Removing linear dependent vector 44
18:29 gram_schmidt: Removing linear dependent vector 45
18:29 gram_schmidt: Removing linear dependent vector 46
18:29 gram_schmidt: Removing linear dependent vector 47
18:29 gram_schmidt: Removing linear dependent vector 48
18:29 gram_schmidt: Removing linear dependent vector 49
18:29 gram_schmidt: Removing linear dependent vector 50
18:29 gram_schmidt: Removing linear dependent vector 51
18:29 gram_schmidt: Removing linear dependent vector 52
18:29 gram_schmidt: Removing linear dependent vector 53
18:29 gram_schmidt: Removing linear dependent vector 54
18:29 gram_schmidt: Removing linear dependent vector 55
18:29 gram_schmidt: Removing linear dependent vector 56
18:29 gram_schmidt: Removing linear dependent vector 57
18:29 gram_schmidt: Removing linear dependent vector 58
18:29 gram_schmidt: Removing linear dependent vector 59
18:29 gram_schmidt: Removing linear dependent vector 60
18:29 gram_schmidt: Removing linear dependent vector 61
18:29 gram_schmidt: Removing linear dependent vector 62
18:29 gram_schmidt: Removing linear dependent vector 63
18:29 gram_schmidt: Removing linear dependent vector 64
18:29 gram_schmidt: Removing linear dependent vector 65
18:29 gram_schmidt: Removing linear dependent vector 66
18:29 gram_schmidt: Removing linear dependent vector 67
18:29 gram_schmidt: Removing linear dependent vector 68
18:29 gram_schmidt: Removing linear dependent vector 69
18:29 gram_schmidt: Removing linear dependent vector 70
18:29 gram_schmidt: Removing linear dependent vector 71
18:29 gram_schmidt: Removing linear dependent vector 72
18:29 gram_schmidt: Removing linear dependent vector 73
18:29 gram_schmidt: Removing linear dependent vector 74
18:29 gram_schmidt: Removing linear dependent vector 75
18:29 gram_schmidt: Removing linear dependent vector 76
18:29 gram_schmidt: Removing linear dependent vector 77
18:29 gram_schmidt: Removing linear dependent vector 78
18:29 gram_schmidt: Removing linear dependent vector 79
18:29 gram_schmidt: Removing linear dependent vector 80
18:29 gram_schmidt: Removing linear dependent vector 81
18:29 gram_schmidt: Removing linear dependent vector 82
18:29 gram_schmidt: Removing linear dependent vector 83
18:29 gram_schmidt: Removing linear dependent vector 84
18:29 gram_schmidt: Removing linear dependent vector 85
18:29 gram_schmidt: Removing linear dependent vector 86
18:29 gram_schmidt: Removing linear dependent vector 87
18:29 gram_schmidt: Removing linear dependent vector 88
18:29 gram_schmidt: Removing linear dependent vector 89
18:29 gram_schmidt: Removing linear dependent vector 90
18:29 gram_schmidt: Removing linear dependent vector 91
18:29 gram_schmidt: Removing linear dependent vector 92
18:29 gram_schmidt: Removing linear dependent vector 93
18:29 gram_schmidt: Removing linear dependent vector 94
18:29 gram_schmidt: Removing linear dependent vector 95
18:29 gram_schmidt: Removing linear dependent vector 96
18:29 gram_schmidt: Removing linear dependent vector 97
18:29 gram_schmidt: Removing linear dependent vector 98
18:29 gram_schmidt: Removing linear dependent vector 99
18:29 gram_schmidt: Removing linear dependent vector 100
18:29 gram_schmidt: Removing linear dependent vector 101
</system-err></testcase><testcase classname="src.pymortests.algorithms.gram_schmidt" file="src/pymortests/algorithms/gram_schmidt.py" line="12" name="test_gram_schmidt[1-&lt;lambda&gt;17]" time="0.003180265426635742"></testcase><testcase classname="src.pymortests.algorithms.gram_schmidt" file="src/pymortests/algorithms/gram_schmidt.py" line="12" name="test_gram_schmidt[1-&lt;lambda&gt;18]" time="0.0022149085998535156"></testcase><testcase classname="src.pymortests.algorithms.gram_schmidt" file="src/pymortests/algorithms/gram_schmidt.py" line="12" name="test_gram_schmidt[1-&lt;lambda&gt;19]" time="0.004448413848876953"></testcase><testcase classname="src.pymortests.algorithms.gram_schmidt" file="src/pymortests/algorithms/gram_schmidt.py" line="12" name="test_gram_schmidt[1-&lt;lambda&gt;20]" time="0.28822922706604004"></testcase><testcase classname="src.pymortests.algorithms.gram_schmidt" file="src/pymortests/algorithms/gram_schmidt.py" line="12" name="test_gram_schmidt[1-&lt;lambda&gt;21]" time="1.5429563522338867"></testcase><testcase classname="src.pymortests.algorithms.gram_schmidt" file="src/pymortests/algorithms/gram_schmidt.py" line="12" name="test_gram_schmidt[1-&lt;lambda&gt;22]" time="0.0026268959045410156"></testcase><testcase classname="src.pymortests.algorithms.gram_schmidt" file="src/pymortests/algorithms/gram_schmidt.py" line="12" name="test_gram_schmidt[1-&lt;lambda&gt;23]" time="0.0017960071563720703"></testcase><testcase classname="src.pymortests.algorithms.gram_schmidt" file="src/pymortests/algorithms/gram_schmidt.py" line="12" name="test_gram_schmidt[1-&lt;lambda&gt;24]" time="0.0071926116943359375"></testcase><testcase classname="src.pymortests.algorithms.gram_schmidt" file="src/pymortests/algorithms/gram_schmidt.py" line="12" name="test_gram_schmidt[1-&lt;lambda&gt;25]" time="0.40378308296203613"><system-err>18:31 gram_schmidt: Orthonormalizing vector 31 again
18:31 gram_schmidt: Removing linear dependent vector 32
18:31 gram_schmidt: Removing linear dependent vector 33
18:31 gram_schmidt: Removing linear dependent vector 34
18:31 gram_schmidt: Removing linear dependent vector 35
18:31 gram_schmidt: Removing linear dependent vector 36
18:31 gram_schmidt: Removing linear dependent vector 37
18:31 gram_schmidt: Removing linear dependent vector 38
18:31 gram_schmidt: Removing linear dependent vector 39
18:31 gram_schmidt: Removing linear dependent vector 40
18:31 gram_schmidt: Removing linear dependent vector 41
18:31 gram_schmidt: Removing linear dependent vector 42
18:31 gram_schmidt: Orthonormalizing vector 31 again
18:31 gram_schmidt: Removing linear dependent vector 32
18:31 gram_schmidt: Removing linear dependent vector 33
18:31 gram_schmidt: Removing linear dependent vector 34
18:31 gram_schmidt: Removing linear dependent vector 35
18:31 gram_schmidt: Removing linear dependent vector 36
18:31 gram_schmidt: Removing linear dependent vector 37
18:31 gram_schmidt: Removing linear dependent vector 38
18:31 gram_schmidt: Removing linear dependent vector 39
18:31 gram_schmidt: Removing linear dependent vector 40
18:31 gram_schmidt: Removing linear dependent vector 41
18:31 gram_schmidt: Removing linear dependent vector 42
</system-err></testcase><testcase classname="src.pymortests.algorithms.gram_schmidt" file="src/pymortests/algorithms/gram_schmidt.py" line="12" name="test_gram_schmidt[1-&lt;lambda&gt;26]" time="0.23143291473388672"><system-err>18:31 gram_schmidt: Removing vector 0 of norm 0.0
18:31 gram_schmidt: Removing vector 1 of norm 0.0
18:31 gram_schmidt: Removing vector 2 of norm 0.0
18:31 gram_schmidt: Removing vector 3 of norm 0.0
18:31 gram_schmidt: Removing vector 4 of norm 0.0
18:31 gram_schmidt: Removing vector 5 of norm 0.0
18:31 gram_schmidt: Removing vector 6 of norm 0.0
18:31 gram_schmidt: Removing vector 7 of norm 0.0
18:31 gram_schmidt: Removing vector 8 of norm 0.0
18:31 gram_schmidt: Removing vector 9 of norm 0.0
18:31 gram_schmidt: Removing vector 10 of norm 0.0
18:31 gram_schmidt: Removing vector 11 of norm 0.0
18:31 gram_schmidt: Removing vector 12 of norm 0.0
18:31 gram_schmidt: Removing vector 13 of norm 0.0
18:31 gram_schmidt: Removing vector 14 of norm 0.0
18:31 gram_schmidt: Removing vector 15 of norm 0.0
18:31 gram_schmidt: Removing vector 16 of norm 0.0
18:31 gram_schmidt: Removing vector 17 of norm 0.0
18:31 gram_schmidt: Removing vector 18 of norm 0.0
18:31 gram_schmidt: Removing vector 19 of norm 0.0
18:31 gram_schmidt: Removing vector 20 of norm 0.0
18:31 gram_schmidt: Removing vector 21 of norm 0.0
18:31 gram_schmidt: Removing vector 22 of norm 0.0
18:31 gram_schmidt: Removing vector 23 of norm 0.0
18:31 gram_schmidt: Removing vector 24 of norm 0.0
18:31 gram_schmidt: Removing vector 25 of norm 0.0
18:31 gram_schmidt: Removing vector 26 of norm 0.0
18:31 gram_schmidt: Removing vector 27 of norm 0.0
18:31 gram_schmidt: Removing vector 28 of norm 0.0
18:31 gram_schmidt: Removing vector 29 of norm 0.0
18:31 gram_schmidt: Removing vector 30 of norm 0.0
18:31 gram_schmidt: Removing vector 31 of norm 0.0
18:31 gram_schmidt: Removing vector 32 of norm 0.0
18:31 gram_schmidt: Removing vector 33 of norm 0.0
18:31 gram_schmidt: Removing vector 34 of norm 0.0
18:31 gram_schmidt: Removing vector 35 of norm 0.0
18:31 gram_schmidt: Removing vector 36 of norm 0.0
18:31 gram_schmidt: Removing vector 37 of norm 0.0
18:31 gram_schmidt: Removing vector 38 of norm 0.0
18:31 gram_schmidt: Removing vector 39 of norm 0.0
18:31 gram_schmidt: Removing vector 40 of norm 0.0
18:31 gram_schmidt: Removing vector 41 of norm 0.0
18:31 gram_schmidt: Removing vector 42 of norm 0.0
18:31 gram_schmidt: Removing vector 43 of norm 0.0
18:31 gram_schmidt: Removing vector 44 of norm 0.0
18:31 gram_schmidt: Removing vector 45 of norm 0.0
18:31 gram_schmidt: Removing vector 46 of norm 0.0
18:31 gram_schmidt: Removing vector 47 of norm 0.0
18:31 gram_schmidt: Removing vector 48 of norm 0.0
18:31 gram_schmidt: Removing vector 49 of norm 0.0
18:31 gram_schmidt: Removing vector 50 of norm 0.0
18:31 gram_schmidt: Removing vector 51 of norm 0.0
18:31 gram_schmidt: Removing vector 52 of norm 0.0
18:31 gram_schmidt: Removing vector 53 of norm 0.0
18:31 gram_schmidt: Removing vector 54 of norm 0.0
18:31 gram_schmidt: Removing vector 55 of norm 0.0
18:31 gram_schmidt: Removing vector 56 of norm 0.0
18:31 gram_schmidt: Removing vector 57 of norm 0.0
18:31 gram_schmidt: Removing vector 58 of norm 0.0
18:31 gram_schmidt: Removing vector 59 of norm 0.0
18:31 gram_schmidt: Removing vector 60 of norm 0.0
18:31 gram_schmidt: Removing vector 61 of norm 0.0
18:31 gram_schmidt: Removing vector 62 of norm 0.0
18:31 gram_schmidt: Removing vector 63 of norm 0.0
18:31 gram_schmidt: Removing vector 64 of norm 0.0
18:31 gram_schmidt: Removing vector 65 of norm 0.0
18:31 gram_schmidt: Removing vector 66 of norm 0.0
18:31 gram_schmidt: Removing vector 67 of norm 0.0
18:31 gram_schmidt: Removing vector 68 of norm 0.0
18:31 gram_schmidt: Removing vector 69 of norm 0.0
18:31 gram_schmidt: Removing vector 70 of norm 0.0
18:31 gram_schmidt: Removing vector 71 of norm 0.0
18:31 gram_schmidt: Removing vector 72 of norm 0.0
18:31 gram_schmidt: Removing vector 73 of norm 0.0
18:31 gram_schmidt: Removing vector 74 of norm 0.0
18:31 gram_schmidt: Removing vector 75 of norm 0.0
18:31 gram_schmidt: Removing vector 76 of norm 0.0
18:31 gram_schmidt: Removing vector 77 of norm 0.0
18:31 gram_schmidt: Removing vector 78 of norm 0.0
18:31 gram_schmidt: Removing vector 79 of norm 0.0
18:31 gram_schmidt: Removing vector 80 of norm 0.0
18:31 gram_schmidt: Removing vector 81 of norm 0.0
18:31 gram_schmidt: Removing vector 82 of norm 0.0
18:31 gram_schmidt: Removing vector 83 of norm 0.0
18:31 gram_schmidt: Removing vector 84 of norm 0.0
18:31 gram_schmidt: Removing vector 85 of norm 0.0
18:31 gram_schmidt: Removing vector 86 of norm 0.0
18:31 gram_schmidt: Removing vector 87 of norm 0.0
18:31 gram_schmidt: Removing vector 88 of norm 0.0
18:31 gram_schmidt: Removing vector 89 of norm 0.0
18:31 gram_schmidt: Removing vector 90 of norm 0.0
18:31 gram_schmidt: Removing vector 91 of norm 0.0
18:31 gram_schmidt: Removing vector 92 of norm 0.0
18:31 gram_schmidt: Removing vector 93 of norm 0.0
18:31 gram_schmidt: Removing vector 94 of norm 0.0
18:31 gram_schmidt: Removing vector 95 of norm 0.0
18:31 gram_schmidt: Removing vector 96 of norm 0.0
18:31 gram_schmidt: Removing vector 97 of norm 0.0
18:31 gram_schmidt: Removing vector 98 of norm 0.0
18:31 gram_schmidt: Removing vector 99 of norm 0.0
18:31 gram_schmidt: Removing vector 100 of norm 0.0
18:31 gram_schmidt: Removing vector 101 of norm 0.0
18:31 gram_schmidt: Removing vector 0 of norm 0.0
18:31 gram_schmidt: Removing vector 1 of norm 0.0
18:31 gram_schmidt: Removing vector 2 of norm 0.0
18:31 gram_schmidt: Removing vector 3 of norm 0.0
18:31 gram_schmidt: Removing vector 4 of norm 0.0
18:31 gram_schmidt: Removing vector 5 of norm 0.0
18:31 gram_schmidt: Removing vector 6 of norm 0.0
18:31 gram_schmidt: Removing vector 7 of norm 0.0
18:31 gram_schmidt: Removing vector 8 of norm 0.0
18:31 gram_schmidt: Removing vector 9 of norm 0.0
18:31 gram_schmidt: Removing vector 10 of norm 0.0
18:31 gram_schmidt: Removing vector 11 of norm 0.0
18:31 gram_schmidt: Removing vector 12 of norm 0.0
18:31 gram_schmidt: Removing vector 13 of norm 0.0
18:31 gram_schmidt: Removing vector 14 of norm 0.0
18:31 gram_schmidt: Removing vector 15 of norm 0.0
18:31 gram_schmidt: Removing vector 16 of norm 0.0
18:31 gram_schmidt: Removing vector 17 of norm 0.0
18:31 gram_schmidt: Removing vector 18 of norm 0.0
18:31 gram_schmidt: Removing vector 19 of norm 0.0
18:31 gram_schmidt: Removing vector 20 of norm 0.0
18:31 gram_schmidt: Removing vector 21 of norm 0.0
18:31 gram_schmidt: Removing vector 22 of norm 0.0
18:31 gram_schmidt: Removing vector 23 of norm 0.0
18:31 gram_schmidt: Removing vector 24 of norm 0.0
18:31 gram_schmidt: Removing vector 25 of norm 0.0
18:31 gram_schmidt: Removing vector 26 of norm 0.0
18:31 gram_schmidt: Removing vector 27 of norm 0.0
18:31 gram_schmidt: Removing vector 28 of norm 0.0
18:31 gram_schmidt: Removing vector 29 of norm 0.0
18:31 gram_schmidt: Removing vector 30 of norm 0.0
18:31 gram_schmidt: Removing vector 31 of norm 0.0
18:31 gram_schmidt: Removing vector 32 of norm 0.0
18:31 gram_schmidt: Removing vector 33 of norm 0.0
18:31 gram_schmidt: Removing vector 34 of norm 0.0
18:31 gram_schmidt: Removing vector 35 of norm 0.0
18:31 gram_schmidt: Removing vector 36 of norm 0.0
18:31 gram_schmidt: Removing vector 37 of norm 0.0
18:31 gram_schmidt: Removing vector 38 of norm 0.0
18:31 gram_schmidt: Removing vector 39 of norm 0.0
18:31 gram_schmidt: Removing vector 40 of norm 0.0
18:31 gram_schmidt: Removing vector 41 of norm 0.0
18:31 gram_schmidt: Removing vector 42 of norm 0.0
18:31 gram_schmidt: Removing vector 43 of norm 0.0
18:31 gram_schmidt: Removing vector 44 of norm 0.0
18:31 gram_schmidt: Removing vector 45 of norm 0.0
18:31 gram_schmidt: Removing vector 46 of norm 0.0
18:31 gram_schmidt: Removing vector 47 of norm 0.0
18:31 gram_schmidt: Removing vector 48 of norm 0.0
18:31 gram_schmidt: Removing vector 49 of norm 0.0
18:31 gram_schmidt: Removing vector 50 of norm 0.0
18:31 gram_schmidt: Removing vector 51 of norm 0.0
18:31 gram_schmidt: Removing vector 52 of norm 0.0
18:31 gram_schmidt: Removing vector 53 of norm 0.0
18:31 gram_schmidt: Removing vector 54 of norm 0.0
18:31 gram_schmidt: Removing vector 55 of norm 0.0
18:31 gram_schmidt: Removing vector 56 of norm 0.0
18:31 gram_schmidt: Removing vector 57 of norm 0.0
18:31 gram_schmidt: Removing vector 58 of norm 0.0
18:31 gram_schmidt: Removing vector 59 of norm 0.0
18:31 gram_schmidt: Removing vector 60 of norm 0.0
18:31 gram_schmidt: Removing vector 61 of norm 0.0
18:31 gram_schmidt: Removing vector 62 of norm 0.0
18:31 gram_schmidt: Removing vector 63 of norm 0.0
18:31 gram_schmidt: Removing vector 64 of norm 0.0
18:31 gram_schmidt: Removing vector 65 of norm 0.0
18:31 gram_schmidt: Removing vector 66 of norm 0.0
18:31 gram_schmidt: Removing vector 67 of norm 0.0
18:31 gram_schmidt: Removing vector 68 of norm 0.0
18:31 gram_schmidt: Removing vector 69 of norm 0.0
18:31 gram_schmidt: Removing vector 70 of norm 0.0
18:31 gram_schmidt: Removing vector 71 of norm 0.0
18:31 gram_schmidt: Removing vector 72 of norm 0.0
18:31 gram_schmidt: Removing vector 73 of norm 0.0
18:31 gram_schmidt: Removing vector 74 of norm 0.0
18:31 gram_schmidt: Removing vector 75 of norm 0.0
18:31 gram_schmidt: Removing vector 76 of norm 0.0
18:31 gram_schmidt: Removing vector 77 of norm 0.0
18:31 gram_schmidt: Removing vector 78 of norm 0.0
18:31 gram_schmidt: Removing vector 79 of norm 0.0
18:31 gram_schmidt: Removing vector 80 of norm 0.0
18:31 gram_schmidt: Removing vector 81 of norm 0.0
18:31 gram_schmidt: Removing vector 82 of norm 0.0
18:31 gram_schmidt: Removing vector 83 of norm 0.0
18:31 gram_schmidt: Removing vector 84 of norm 0.0
18:31 gram_schmidt: Removing vector 85 of norm 0.0
18:31 gram_schmidt: Removing vector 86 of norm 0.0
18:31 gram_schmidt: Removing vector 87 of norm 0.0
18:31 gram_schmidt: Removing vector 88 of norm 0.0
18:31 gram_schmidt: Removing vector 89 of norm 0.0
18:31 gram_schmidt: Removing vector 90 of norm 0.0
18:31 gram_schmidt: Removing vector 91 of norm 0.0
18:31 gram_schmidt: Removing vector 92 of norm 0.0
18:31 gram_schmidt: Removing vector 93 of norm 0.0
18:31 gram_schmidt: Removing vector 94 of norm 0.0
18:31 gram_schmidt: Removing vector 95 of norm 0.0
18:31 gram_schmidt: Removing vector 96 of norm 0.0
18:31 gram_schmidt: Removing vector 97 of norm 0.0
18:31 gram_schmidt: Removing vector 98 of norm 0.0
18:31 gram_schmidt: Removing vector 99 of norm 0.0
18:31 gram_schmidt: Removing vector 100 of norm 0.0
18:31 gram_schmidt: Removing vector 101 of norm 0.0
</system-err></testcase><testcase classname="src.pymortests.algorithms.gram_schmidt" file="src/pymortests/algorithms/gram_schmidt.py" line="12" name="test_gram_schmidt[2-&lt;lambda&gt;0]" time="0.002682924270629883"></testcase><testcase classname="src.pymortests.algorithms.gram_schmidt" file="src/pymortests/algorithms/gram_schmidt.py" line="12" name="test_gram_schmidt[2-&lt;lambda&gt;1]" time="0.0017726421356201172"></testcase><testcase classname="src.pymortests.algorithms.gram_schmidt" file="src/pymortests/algorithms/gram_schmidt.py" line="12" name="test_gram_schmidt[2-&lt;lambda&gt;2]" time="0.0020198822021484375"></testcase><testcase classname="src.pymortests.algorithms.gram_schmidt" file="src/pymortests/algorithms/gram_schmidt.py" line="12" name="test_gram_schmidt[2-&lt;lambda&gt;3]" time="0.11620569229125977"><system-err>18:31 gram_schmidt: Orthonormalizing vector 31 again
18:31 gram_schmidt: Removing linear dependent vector 32
18:31 gram_schmidt: Removing linear dependent vector 33
18:31 gram_schmidt: Removing linear dependent vector 34
18:31 gram_schmidt: Removing linear dependent vector 35
18:31 gram_schmidt: Removing linear dependent vector 36
18:31 gram_schmidt: Removing linear dependent vector 37
18:31 gram_schmidt: Removing linear dependent vector 38
18:31 gram_schmidt: Removing linear dependent vector 39
18:31 gram_schmidt: Removing linear dependent vector 40
18:31 gram_schmidt: Removing linear dependent vector 41
18:31 gram_schmidt: Removing linear dependent vector 42
18:31 gram_schmidt: Orthonormalizing vector 31 again
18:31 gram_schmidt: Removing linear dependent vector 32
18:31 gram_schmidt: Removing linear dependent vector 33
18:31 gram_schmidt: Removing linear dependent vector 34
18:31 gram_schmidt: Removing linear dependent vector 35
18:31 gram_schmidt: Removing linear dependent vector 36
18:31 gram_schmidt: Removing linear dependent vector 37
18:31 gram_schmidt: Removing linear dependent vector 38
18:31 gram_schmidt: Removing linear dependent vector 39
18:31 gram_schmidt: Removing linear dependent vector 40
18:31 gram_schmidt: Removing linear dependent vector 41
18:31 gram_schmidt: Removing linear dependent vector 42
</system-err></testcase><testcase classname="src.pymortests.algorithms.gram_schmidt" file="src/pymortests/algorithms/gram_schmidt.py" line="12" name="test_gram_schmidt[2-&lt;lambda&gt;4]" time="0.02238011360168457"><system-err>18:31 gram_schmidt: Removing vector 0 of norm 0.0
18:31 gram_schmidt: Removing vector 1 of norm 0.0
18:31 gram_schmidt: Removing vector 2 of norm 0.0
18:31 gram_schmidt: Removing vector 3 of norm 0.0
18:31 gram_schmidt: Removing vector 4 of norm 0.0
18:31 gram_schmidt: Removing vector 5 of norm 0.0
18:31 gram_schmidt: Removing vector 6 of norm 0.0
18:31 gram_schmidt: Removing vector 7 of norm 0.0
18:31 gram_schmidt: Removing vector 8 of norm 0.0
18:31 gram_schmidt: Removing vector 9 of norm 0.0
18:31 gram_schmidt: Removing vector 10 of norm 0.0
18:31 gram_schmidt: Removing vector 11 of norm 0.0
18:31 gram_schmidt: Removing vector 12 of norm 0.0
18:31 gram_schmidt: Removing vector 13 of norm 0.0
18:31 gram_schmidt: Removing vector 14 of norm 0.0
18:31 gram_schmidt: Removing vector 15 of norm 0.0
18:31 gram_schmidt: Removing vector 16 of norm 0.0
18:31 gram_schmidt: Removing vector 17 of norm 0.0
18:31 gram_schmidt: Removing vector 18 of norm 0.0
18:31 gram_schmidt: Removing vector 19 of norm 0.0
18:31 gram_schmidt: Removing vector 20 of norm 0.0
18:31 gram_schmidt: Removing vector 21 of norm 0.0
18:31 gram_schmidt: Removing vector 22 of norm 0.0
18:31 gram_schmidt: Removing vector 23 of norm 0.0
18:31 gram_schmidt: Removing vector 24 of norm 0.0
18:31 gram_schmidt: Removing vector 25 of norm 0.0
18:31 gram_schmidt: Removing vector 26 of norm 0.0
18:31 gram_schmidt: Removing vector 27 of norm 0.0
18:31 gram_schmidt: Removing vector 28 of norm 0.0
18:31 gram_schmidt: Removing vector 29 of norm 0.0
18:31 gram_schmidt: Removing vector 30 of norm 0.0
18:31 gram_schmidt: Removing vector 31 of norm 0.0
18:31 gram_schmidt: Removing vector 32 of norm 0.0
18:31 gram_schmidt: Removing vector 33 of norm 0.0
18:31 gram_schmidt: Removing vector 34 of norm 0.0
18:31 gram_schmidt: Removing vector 35 of norm 0.0
18:31 gram_schmidt: Removing vector 36 of norm 0.0
18:31 gram_schmidt: Removing vector 37 of norm 0.0
18:31 gram_schmidt: Removing vector 38 of norm 0.0
18:31 gram_schmidt: Removing vector 39 of norm 0.0
18:31 gram_schmidt: Removing vector 40 of norm 0.0
18:31 gram_schmidt: Removing vector 41 of norm 0.0
18:31 gram_schmidt: Removing vector 42 of norm 0.0
18:31 gram_schmidt: Removing vector 43 of norm 0.0
18:31 gram_schmidt: Removing vector 44 of norm 0.0
18:31 gram_schmidt: Removing vector 45 of norm 0.0
18:31 gram_schmidt: Removing vector 46 of norm 0.0
18:31 gram_schmidt: Removing vector 47 of norm 0.0
18:31 gram_schmidt: Removing vector 48 of norm 0.0
18:31 gram_schmidt: Removing vector 49 of norm 0.0
18:31 gram_schmidt: Removing vector 50 of norm 0.0
18:31 gram_schmidt: Removing vector 51 of norm 0.0
18:31 gram_schmidt: Removing vector 52 of norm 0.0
18:31 gram_schmidt: Removing vector 53 of norm 0.0
18:31 gram_schmidt: Removing vector 54 of norm 0.0
18:31 gram_schmidt: Removing vector 55 of norm 0.0
18:31 gram_schmidt: Removing vector 56 of norm 0.0
18:31 gram_schmidt: Removing vector 57 of norm 0.0
18:31 gram_schmidt: Removing vector 58 of norm 0.0
18:31 gram_schmidt: Removing vector 59 of norm 0.0
18:31 gram_schmidt: Removing vector 60 of norm 0.0
18:31 gram_schmidt: Removing vector 61 of norm 0.0
18:31 gram_schmidt: Removing vector 62 of norm 0.0
18:31 gram_schmidt: Removing vector 63 of norm 0.0
18:31 gram_schmidt: Removing vector 64 of norm 0.0
18:31 gram_schmidt: Removing vector 65 of norm 0.0
18:31 gram_schmidt: Removing vector 66 of norm 0.0
18:31 gram_schmidt: Removing vector 67 of norm 0.0
18:31 gram_schmidt: Removing vector 68 of norm 0.0
18:31 gram_schmidt: Removing vector 69 of norm 0.0
18:31 gram_schmidt: Removing vector 70 of norm 0.0
18:31 gram_schmidt: Removing vector 71 of norm 0.0
18:31 gram_schmidt: Removing vector 72 of norm 0.0
18:31 gram_schmidt: Removing vector 73 of norm 0.0
18:31 gram_schmidt: Removing vector 74 of norm 0.0
18:31 gram_schmidt: Removing vector 75 of norm 0.0
18:31 gram_schmidt: Removing vector 76 of norm 0.0
18:31 gram_schmidt: Removing vector 77 of norm 0.0
18:31 gram_schmidt: Removing vector 78 of norm 0.0
18:31 gram_schmidt: Removing vector 79 of norm 0.0
18:31 gram_schmidt: Removing vector 80 of norm 0.0
18:31 gram_schmidt: Removing vector 81 of norm 0.0
18:31 gram_schmidt: Removing vector 82 of norm 0.0
18:31 gram_schmidt: Removing vector 83 of norm 0.0
18:31 gram_schmidt: Removing vector 84 of norm 0.0
18:31 gram_schmidt: Removing vector 85 of norm 0.0
18:31 gram_schmidt: Removing vector 86 of norm 0.0
18:31 gram_schmidt: Removing vector 87 of norm 0.0
18:31 gram_schmidt: Removing vector 88 of norm 0.0
18:31 gram_schmidt: Removing vector 89 of norm 0.0
18:31 gram_schmidt: Removing vector 90 of norm 0.0
18:31 gram_schmidt: Removing vector 91 of norm 0.0
18:31 gram_schmidt: Removing vector 92 of norm 0.0
18:31 gram_schmidt: Removing vector 93 of norm 0.0
18:31 gram_schmidt: Removing vector 94 of norm 0.0
18:31 gram_schmidt: Removing vector 95 of norm 0.0
18:31 gram_schmidt: Removing vector 96 of norm 0.0
18:31 gram_schmidt: Removing vector 97 of norm 0.0
18:31 gram_schmidt: Removing vector 98 of norm 0.0
18:31 gram_schmidt: Removing vector 99 of norm 0.0
18:31 gram_schmidt: Removing vector 100 of norm 0.0
18:31 gram_schmidt: Removing vector 101 of norm 0.0
18:31 gram_schmidt: Removing vector 0 of norm 0.0
18:31 gram_schmidt: Removing vector 1 of norm 0.0
18:31 gram_schmidt: Removing vector 2 of norm 0.0
18:31 gram_schmidt: Removing vector 3 of norm 0.0
18:31 gram_schmidt: Removing vector 4 of norm 0.0
18:31 gram_schmidt: Removing vector 5 of norm 0.0
18:31 gram_schmidt: Removing vector 6 of norm 0.0
18:31 gram_schmidt: Removing vector 7 of norm 0.0
18:31 gram_schmidt: Removing vector 8 of norm 0.0
18:31 gram_schmidt: Removing vector 9 of norm 0.0
18:31 gram_schmidt: Removing vector 10 of norm 0.0
18:31 gram_schmidt: Removing vector 11 of norm 0.0
18:31 gram_schmidt: Removing vector 12 of norm 0.0
18:31 gram_schmidt: Removing vector 13 of norm 0.0
18:31 gram_schmidt: Removing vector 14 of norm 0.0
18:31 gram_schmidt: Removing vector 15 of norm 0.0
18:31 gram_schmidt: Removing vector 16 of norm 0.0
18:31 gram_schmidt: Removing vector 17 of norm 0.0
18:31 gram_schmidt: Removing vector 18 of norm 0.0
18:31 gram_schmidt: Removing vector 19 of norm 0.0
18:31 gram_schmidt: Removing vector 20 of norm 0.0
18:31 gram_schmidt: Removing vector 21 of norm 0.0
18:31 gram_schmidt: Removing vector 22 of norm 0.0
18:31 gram_schmidt: Removing vector 23 of norm 0.0
18:31 gram_schmidt: Removing vector 24 of norm 0.0
18:31 gram_schmidt: Removing vector 25 of norm 0.0
18:31 gram_schmidt: Removing vector 26 of norm 0.0
18:31 gram_schmidt: Removing vector 27 of norm 0.0
18:31 gram_schmidt: Removing vector 28 of norm 0.0
18:31 gram_schmidt: Removing vector 29 of norm 0.0
18:31 gram_schmidt: Removing vector 30 of norm 0.0
18:31 gram_schmidt: Removing vector 31 of norm 0.0
18:31 gram_schmidt: Removing vector 32 of norm 0.0
18:31 gram_schmidt: Removing vector 33 of norm 0.0
18:31 gram_schmidt: Removing vector 34 of norm 0.0
18:31 gram_schmidt: Removing vector 35 of norm 0.0
18:31 gram_schmidt: Removing vector 36 of norm 0.0
18:31 gram_schmidt: Removing vector 37 of norm 0.0
18:31 gram_schmidt: Removing vector 38 of norm 0.0
18:31 gram_schmidt: Removing vector 39 of norm 0.0
18:31 gram_schmidt: Removing vector 40 of norm 0.0
18:31 gram_schmidt: Removing vector 41 of norm 0.0
18:31 gram_schmidt: Removing vector 42 of norm 0.0
18:31 gram_schmidt: Removing vector 43 of norm 0.0
18:31 gram_schmidt: Removing vector 44 of norm 0.0
18:31 gram_schmidt: Removing vector 45 of norm 0.0
18:31 gram_schmidt: Removing vector 46 of norm 0.0
18:31 gram_schmidt: Removing vector 47 of norm 0.0
18:31 gram_schmidt: Removing vector 48 of norm 0.0
18:31 gram_schmidt: Removing vector 49 of norm 0.0
18:31 gram_schmidt: Removing vector 50 of norm 0.0
18:31 gram_schmidt: Removing vector 51 of norm 0.0
18:31 gram_schmidt: Removing vector 52 of norm 0.0
18:31 gram_schmidt: Removing vector 53 of norm 0.0
18:31 gram_schmidt: Removing vector 54 of norm 0.0
18:31 gram_schmidt: Removing vector 55 of norm 0.0
18:31 gram_schmidt: Removing vector 56 of norm 0.0
18:31 gram_schmidt: Removing vector 57 of norm 0.0
18:31 gram_schmidt: Removing vector 58 of norm 0.0
18:31 gram_schmidt: Removing vector 59 of norm 0.0
18:31 gram_schmidt: Removing vector 60 of norm 0.0
18:31 gram_schmidt: Removing vector 61 of norm 0.0
18:31 gram_schmidt: Removing vector 62 of norm 0.0
18:31 gram_schmidt: Removing vector 63 of norm 0.0
18:31 gram_schmidt: Removing vector 64 of norm 0.0
18:31 gram_schmidt: Removing vector 65 of norm 0.0
18:31 gram_schmidt: Removing vector 66 of norm 0.0
18:31 gram_schmidt: Removing vector 67 of norm 0.0
18:31 gram_schmidt: Removing vector 68 of norm 0.0
18:31 gram_schmidt: Removing vector 69 of norm 0.0
18:31 gram_schmidt: Removing vector 70 of norm 0.0
18:31 gram_schmidt: Removing vector 71 of norm 0.0
18:31 gram_schmidt: Removing vector 72 of norm 0.0
18:31 gram_schmidt: Removing vector 73 of norm 0.0
18:31 gram_schmidt: Removing vector 74 of norm 0.0
18:31 gram_schmidt: Removing vector 75 of norm 0.0
18:31 gram_schmidt: Removing vector 76 of norm 0.0
18:31 gram_schmidt: Removing vector 77 of norm 0.0
18:31 gram_schmidt: Removing vector 78 of norm 0.0
18:31 gram_schmidt: Removing vector 79 of norm 0.0
18:31 gram_schmidt: Removing vector 80 of norm 0.0
18:31 gram_schmidt: Removing vector 81 of norm 0.0
18:31 gram_schmidt: Removing vector 82 of norm 0.0
18:31 gram_schmidt: Removing vector 83 of norm 0.0
18:31 gram_schmidt: Removing vector 84 of norm 0.0
18:31 gram_schmidt: Removing vector 85 of norm 0.0
18:31 gram_schmidt: Removing vector 86 of norm 0.0
18:31 gram_schmidt: Removing vector 87 of norm 0.0
18:31 gram_schmidt: Removing vector 88 of norm 0.0
18:31 gram_schmidt: Removing vector 89 of norm 0.0
18:31 gram_schmidt: Removing vector 90 of norm 0.0
18:31 gram_schmidt: Removing vector 91 of norm 0.0
18:31 gram_schmidt: Removing vector 92 of norm 0.0
18:31 gram_schmidt: Removing vector 93 of norm 0.0
18:31 gram_schmidt: Removing vector 94 of norm 0.0
18:31 gram_schmidt: Removing vector 95 of norm 0.0
18:31 gram_schmidt: Removing vector 96 of norm 0.0
18:31 gram_schmidt: Removing vector 97 of norm 0.0
18:31 gram_schmidt: Removing vector 98 of norm 0.0
18:31 gram_schmidt: Removing vector 99 of norm 0.0
18:31 gram_schmidt: Removing vector 100 of norm 0.0
18:31 gram_schmidt: Removing vector 101 of norm 0.0
</system-err></testcase><testcase classname="src.pymortests.algorithms.gram_schmidt" file="src/pymortests/algorithms/gram_schmidt.py" line="12" name="test_gram_schmidt[2-&lt;lambda&gt;5]" time="0.002630472183227539"></testcase><testcase classname="src.pymortests.algorithms.gram_schmidt" file="src/pymortests/algorithms/gram_schmidt.py" line="12" name="test_gram_schmidt[2-&lt;lambda&gt;6]" time="0.0018656253814697266"></testcase><testcase classname="src.pymortests.algorithms.gram_schmidt" file="src/pymortests/algorithms/gram_schmidt.py" line="12" name="test_gram_schmidt[2-&lt;lambda&gt;7]" time="0.002277374267578125"></testcase><testcase classname="src.pymortests.algorithms.gram_schmidt" file="src/pymortests/algorithms/gram_schmidt.py" line="12" name="test_gram_schmidt[2-&lt;lambda&gt;8]" time="0.21623802185058594"><system-err>18:31 gram_schmidt: Orthonormalizing vector 31 again
18:31 gram_schmidt: Removing linear dependent vector 32
18:31 gram_schmidt: Removing linear dependent vector 33
18:31 gram_schmidt: Removing linear dependent vector 34
18:31 gram_schmidt: Removing linear dependent vector 35
18:31 gram_schmidt: Removing linear dependent vector 36
18:31 gram_schmidt: Removing linear dependent vector 37
18:31 gram_schmidt: Removing linear dependent vector 38
18:31 gram_schmidt: Removing linear dependent vector 39
18:31 gram_schmidt: Removing linear dependent vector 40
18:31 gram_schmidt: Removing linear dependent vector 41
18:31 gram_schmidt: Removing linear dependent vector 42
18:32 gram_schmidt: Orthonormalizing vector 31 again
18:32 gram_schmidt: Removing linear dependent vector 32
18:32 gram_schmidt: Removing linear dependent vector 33
18:32 gram_schmidt: Removing linear dependent vector 34
18:32 gram_schmidt: Removing linear dependent vector 35
18:32 gram_schmidt: Removing linear dependent vector 36
18:32 gram_schmidt: Removing linear dependent vector 37
18:32 gram_schmidt: Removing linear dependent vector 38
18:32 gram_schmidt: Removing linear dependent vector 39
18:32 gram_schmidt: Removing linear dependent vector 40
18:32 gram_schmidt: Removing linear dependent vector 41
18:32 gram_schmidt: Removing linear dependent vector 42
</system-err></testcase><testcase classname="src.pymortests.algorithms.gram_schmidt" file="src/pymortests/algorithms/gram_schmidt.py" line="12" name="test_gram_schmidt[2-&lt;lambda&gt;9]" time="0.027923107147216797"><system-err>18:32 gram_schmidt: Removing vector 0 of norm 0.0
18:32 gram_schmidt: Removing vector 1 of norm 0.0
18:32 gram_schmidt: Removing vector 2 of norm 0.0
18:32 gram_schmidt: Removing vector 3 of norm 0.0
18:32 gram_schmidt: Removing vector 4 of norm 0.0
18:32 gram_schmidt: Removing vector 5 of norm 0.0
18:32 gram_schmidt: Removing vector 6 of norm 0.0
18:32 gram_schmidt: Removing vector 7 of norm 0.0
18:32 gram_schmidt: Removing vector 8 of norm 0.0
18:32 gram_schmidt: Removing vector 9 of norm 0.0
18:32 gram_schmidt: Removing vector 10 of norm 0.0
18:32 gram_schmidt: Removing vector 11 of norm 0.0
18:32 gram_schmidt: Removing vector 12 of norm 0.0
18:32 gram_schmidt: Removing vector 13 of norm 0.0
18:32 gram_schmidt: Removing vector 14 of norm 0.0
18:32 gram_schmidt: Removing vector 15 of norm 0.0
18:32 gram_schmidt: Removing vector 16 of norm 0.0
18:32 gram_schmidt: Removing vector 17 of norm 0.0
18:32 gram_schmidt: Removing vector 18 of norm 0.0
18:32 gram_schmidt: Removing vector 19 of norm 0.0
18:32 gram_schmidt: Removing vector 20 of norm 0.0
18:32 gram_schmidt: Removing vector 21 of norm 0.0
18:32 gram_schmidt: Removing vector 22 of norm 0.0
18:32 gram_schmidt: Removing vector 23 of norm 0.0
18:32 gram_schmidt: Removing vector 24 of norm 0.0
18:32 gram_schmidt: Removing vector 25 of norm 0.0
18:32 gram_schmidt: Removing vector 26 of norm 0.0
18:32 gram_schmidt: Removing vector 27 of norm 0.0
18:32 gram_schmidt: Removing vector 28 of norm 0.0
18:32 gram_schmidt: Removing vector 29 of norm 0.0
18:32 gram_schmidt: Removing vector 30 of norm 0.0
18:32 gram_schmidt: Removing vector 31 of norm 0.0
18:32 gram_schmidt: Removing vector 32 of norm 0.0
18:32 gram_schmidt: Removing vector 33 of norm 0.0
18:32 gram_schmidt: Removing vector 34 of norm 0.0
18:32 gram_schmidt: Removing vector 35 of norm 0.0
18:32 gram_schmidt: Removing vector 36 of norm 0.0
18:32 gram_schmidt: Removing vector 37 of norm 0.0
18:32 gram_schmidt: Removing vector 38 of norm 0.0
18:32 gram_schmidt: Removing vector 39 of norm 0.0
18:32 gram_schmidt: Removing vector 40 of norm 0.0
18:32 gram_schmidt: Removing vector 41 of norm 0.0
18:32 gram_schmidt: Removing vector 42 of norm 0.0
18:32 gram_schmidt: Removing vector 43 of norm 0.0
18:32 gram_schmidt: Removing vector 44 of norm 0.0
18:32 gram_schmidt: Removing vector 45 of norm 0.0
18:32 gram_schmidt: Removing vector 46 of norm 0.0
18:32 gram_schmidt: Removing vector 47 of norm 0.0
18:32 gram_schmidt: Removing vector 48 of norm 0.0
18:32 gram_schmidt: Removing vector 49 of norm 0.0
18:32 gram_schmidt: Removing vector 50 of norm 0.0
18:32 gram_schmidt: Removing vector 51 of norm 0.0
18:32 gram_schmidt: Removing vector 52 of norm 0.0
18:32 gram_schmidt: Removing vector 53 of norm 0.0
18:32 gram_schmidt: Removing vector 54 of norm 0.0
18:32 gram_schmidt: Removing vector 55 of norm 0.0
18:32 gram_schmidt: Removing vector 56 of norm 0.0
18:32 gram_schmidt: Removing vector 57 of norm 0.0
18:32 gram_schmidt: Removing vector 58 of norm 0.0
18:32 gram_schmidt: Removing vector 59 of norm 0.0
18:32 gram_schmidt: Removing vector 60 of norm 0.0
18:32 gram_schmidt: Removing vector 61 of norm 0.0
18:32 gram_schmidt: Removing vector 62 of norm 0.0
18:32 gram_schmidt: Removing vector 63 of norm 0.0
18:32 gram_schmidt: Removing vector 64 of norm 0.0
18:32 gram_schmidt: Removing vector 65 of norm 0.0
18:32 gram_schmidt: Removing vector 66 of norm 0.0
18:32 gram_schmidt: Removing vector 67 of norm 0.0
18:32 gram_schmidt: Removing vector 68 of norm 0.0
18:32 gram_schmidt: Removing vector 69 of norm 0.0
18:32 gram_schmidt: Removing vector 70 of norm 0.0
18:32 gram_schmidt: Removing vector 71 of norm 0.0
18:32 gram_schmidt: Removing vector 72 of norm 0.0
18:32 gram_schmidt: Removing vector 73 of norm 0.0
18:32 gram_schmidt: Removing vector 74 of norm 0.0
18:32 gram_schmidt: Removing vector 75 of norm 0.0
18:32 gram_schmidt: Removing vector 76 of norm 0.0
18:32 gram_schmidt: Removing vector 77 of norm 0.0
18:32 gram_schmidt: Removing vector 78 of norm 0.0
18:32 gram_schmidt: Removing vector 79 of norm 0.0
18:32 gram_schmidt: Removing vector 80 of norm 0.0
18:32 gram_schmidt: Removing vector 81 of norm 0.0
18:32 gram_schmidt: Removing vector 82 of norm 0.0
18:32 gram_schmidt: Removing vector 83 of norm 0.0
18:32 gram_schmidt: Removing vector 84 of norm 0.0
18:32 gram_schmidt: Removing vector 85 of norm 0.0
18:32 gram_schmidt: Removing vector 86 of norm 0.0
18:32 gram_schmidt: Removing vector 87 of norm 0.0
18:32 gram_schmidt: Removing vector 88 of norm 0.0
18:32 gram_schmidt: Removing vector 89 of norm 0.0
18:32 gram_schmidt: Removing vector 90 of norm 0.0
18:32 gram_schmidt: Removing vector 91 of norm 0.0
18:32 gram_schmidt: Removing vector 92 of norm 0.0
18:32 gram_schmidt: Removing vector 93 of norm 0.0
18:32 gram_schmidt: Removing vector 94 of norm 0.0
18:32 gram_schmidt: Removing vector 95 of norm 0.0
18:32 gram_schmidt: Removing vector 96 of norm 0.0
18:32 gram_schmidt: Removing vector 97 of norm 0.0
18:32 gram_schmidt: Removing vector 98 of norm 0.0
18:32 gram_schmidt: Removing vector 99 of norm 0.0
18:32 gram_schmidt: Removing vector 100 of norm 0.0
18:32 gram_schmidt: Removing vector 101 of norm 0.0
18:32 gram_schmidt: Removing vector 0 of norm 0.0
18:32 gram_schmidt: Removing vector 1 of norm 0.0
18:32 gram_schmidt: Removing vector 2 of norm 0.0
18:32 gram_schmidt: Removing vector 3 of norm 0.0
18:32 gram_schmidt: Removing vector 4 of norm 0.0
18:32 gram_schmidt: Removing vector 5 of norm 0.0
18:32 gram_schmidt: Removing vector 6 of norm 0.0
18:32 gram_schmidt: Removing vector 7 of norm 0.0
18:32 gram_schmidt: Removing vector 8 of norm 0.0
18:32 gram_schmidt: Removing vector 9 of norm 0.0
18:32 gram_schmidt: Removing vector 10 of norm 0.0
18:32 gram_schmidt: Removing vector 11 of norm 0.0
18:32 gram_schmidt: Removing vector 12 of norm 0.0
18:32 gram_schmidt: Removing vector 13 of norm 0.0
18:32 gram_schmidt: Removing vector 14 of norm 0.0
18:32 gram_schmidt: Removing vector 15 of norm 0.0
18:32 gram_schmidt: Removing vector 16 of norm 0.0
18:32 gram_schmidt: Removing vector 17 of norm 0.0
18:32 gram_schmidt: Removing vector 18 of norm 0.0
18:32 gram_schmidt: Removing vector 19 of norm 0.0
18:32 gram_schmidt: Removing vector 20 of norm 0.0
18:32 gram_schmidt: Removing vector 21 of norm 0.0
18:32 gram_schmidt: Removing vector 22 of norm 0.0
18:32 gram_schmidt: Removing vector 23 of norm 0.0
18:32 gram_schmidt: Removing vector 24 of norm 0.0
18:32 gram_schmidt: Removing vector 25 of norm 0.0
18:32 gram_schmidt: Removing vector 26 of norm 0.0
18:32 gram_schmidt: Removing vector 27 of norm 0.0
18:32 gram_schmidt: Removing vector 28 of norm 0.0
18:32 gram_schmidt: Removing vector 29 of norm 0.0
18:32 gram_schmidt: Removing vector 30 of norm 0.0
18:32 gram_schmidt: Removing vector 31 of norm 0.0
18:32 gram_schmidt: Removing vector 32 of norm 0.0
18:32 gram_schmidt: Removing vector 33 of norm 0.0
18:32 gram_schmidt: Removing vector 34 of norm 0.0
18:32 gram_schmidt: Removing vector 35 of norm 0.0
18:32 gram_schmidt: Removing vector 36 of norm 0.0
18:32 gram_schmidt: Removing vector 37 of norm 0.0
18:32 gram_schmidt: Removing vector 38 of norm 0.0
18:32 gram_schmidt: Removing vector 39 of norm 0.0
18:32 gram_schmidt: Removing vector 40 of norm 0.0
18:32 gram_schmidt: Removing vector 41 of norm 0.0
18:32 gram_schmidt: Removing vector 42 of norm 0.0
18:32 gram_schmidt: Removing vector 43 of norm 0.0
18:32 gram_schmidt: Removing vector 44 of norm 0.0
18:32 gram_schmidt: Removing vector 45 of norm 0.0
18:32 gram_schmidt: Removing vector 46 of norm 0.0
18:32 gram_schmidt: Removing vector 47 of norm 0.0
18:32 gram_schmidt: Removing vector 48 of norm 0.0
18:32 gram_schmidt: Removing vector 49 of norm 0.0
18:32 gram_schmidt: Removing vector 50 of norm 0.0
18:32 gram_schmidt: Removing vector 51 of norm 0.0
18:32 gram_schmidt: Removing vector 52 of norm 0.0
18:32 gram_schmidt: Removing vector 53 of norm 0.0
18:32 gram_schmidt: Removing vector 54 of norm 0.0
18:32 gram_schmidt: Removing vector 55 of norm 0.0
18:32 gram_schmidt: Removing vector 56 of norm 0.0
18:32 gram_schmidt: Removing vector 57 of norm 0.0
18:32 gram_schmidt: Removing vector 58 of norm 0.0
18:32 gram_schmidt: Removing vector 59 of norm 0.0
18:32 gram_schmidt: Removing vector 60 of norm 0.0
18:32 gram_schmidt: Removing vector 61 of norm 0.0
18:32 gram_schmidt: Removing vector 62 of norm 0.0
18:32 gram_schmidt: Removing vector 63 of norm 0.0
18:32 gram_schmidt: Removing vector 64 of norm 0.0
18:32 gram_schmidt: Removing vector 65 of norm 0.0
18:32 gram_schmidt: Removing vector 66 of norm 0.0
18:32 gram_schmidt: Removing vector 67 of norm 0.0
18:32 gram_schmidt: Removing vector 68 of norm 0.0
18:32 gram_schmidt: Removing vector 69 of norm 0.0
18:32 gram_schmidt: Removing vector 70 of norm 0.0
18:32 gram_schmidt: Removing vector 71 of norm 0.0
18:32 gram_schmidt: Removing vector 72 of norm 0.0
18:32 gram_schmidt: Removing vector 73 of norm 0.0
18:32 gram_schmidt: Removing vector 74 of norm 0.0
18:32 gram_schmidt: Removing vector 75 of norm 0.0
18:32 gram_schmidt: Removing vector 76 of norm 0.0
18:32 gram_schmidt: Removing vector 77 of norm 0.0
18:32 gram_schmidt: Removing vector 78 of norm 0.0
18:32 gram_schmidt: Removing vector 79 of norm 0.0
18:32 gram_schmidt: Removing vector 80 of norm 0.0
18:32 gram_schmidt: Removing vector 81 of norm 0.0
18:32 gram_schmidt: Removing vector 82 of norm 0.0
18:32 gram_schmidt: Removing vector 83 of norm 0.0
18:32 gram_schmidt: Removing vector 84 of norm 0.0
18:32 gram_schmidt: Removing vector 85 of norm 0.0
18:32 gram_schmidt: Removing vector 86 of norm 0.0
18:32 gram_schmidt: Removing vector 87 of norm 0.0
18:32 gram_schmidt: Removing vector 88 of norm 0.0
18:32 gram_schmidt: Removing vector 89 of norm 0.0
18:32 gram_schmidt: Removing vector 90 of norm 0.0
18:32 gram_schmidt: Removing vector 91 of norm 0.0
18:32 gram_schmidt: Removing vector 92 of norm 0.0
18:32 gram_schmidt: Removing vector 93 of norm 0.0
18:32 gram_schmidt: Removing vector 94 of norm 0.0
18:32 gram_schmidt: Removing vector 95 of norm 0.0
18:32 gram_schmidt: Removing vector 96 of norm 0.0
18:32 gram_schmidt: Removing vector 97 of norm 0.0
18:32 gram_schmidt: Removing vector 98 of norm 0.0
18:32 gram_schmidt: Removing vector 99 of norm 0.0
18:32 gram_schmidt: Removing vector 100 of norm 0.0
18:32 gram_schmidt: Removing vector 101 of norm 0.0
</system-err></testcase><testcase classname="src.pymortests.algorithms.gram_schmidt" file="src/pymortests/algorithms/gram_schmidt.py" line="12" name="test_gram_schmidt[2-&lt;lambda&gt;10]" time="0.003568887710571289"></testcase><testcase classname="src.pymortests.algorithms.gram_schmidt" file="src/pymortests/algorithms/gram_schmidt.py" line="12" name="test_gram_schmidt[2-&lt;lambda&gt;11]" time="0.006555080413818359"><system-err>18:32 gram_schmidt: Removing linear dependent vector 3
18:32 gram_schmidt: Removing linear dependent vector 3
</system-err></testcase><testcase classname="src.pymortests.algorithms.gram_schmidt" file="src/pymortests/algorithms/gram_schmidt.py" line="12" name="test_gram_schmidt[2-&lt;lambda&gt;12]" time="0.003847360610961914"><system-err>18:32 gram_schmidt: Removing vector 0 of norm 0.0
18:32 gram_schmidt: Removing vector 1 of norm 0.0
18:32 gram_schmidt: Removing vector 2 of norm 0.0
18:32 gram_schmidt: Removing vector 0 of norm 0.0
18:32 gram_schmidt: Removing vector 1 of norm 0.0
18:32 gram_schmidt: Removing vector 2 of norm 0.0
</system-err></testcase><testcase classname="src.pymortests.algorithms.gram_schmidt" file="src/pymortests/algorithms/gram_schmidt.py" line="12" name="test_gram_schmidt[2-&lt;lambda&gt;13]" time="0.0025489330291748047"></testcase><testcase classname="src.pymortests.algorithms.gram_schmidt" file="src/pymortests/algorithms/gram_schmidt.py" line="12" name="test_gram_schmidt[2-&lt;lambda&gt;14]" time="0.0047686100006103516"></testcase><testcase classname="src.pymortests.algorithms.gram_schmidt" file="src/pymortests/algorithms/gram_schmidt.py" line="12" name="test_gram_schmidt[2-&lt;lambda&gt;15]" time="0.4251596927642822"><system-err>18:32 gram_schmidt: Removing linear dependent vector 36
18:32 gram_schmidt: Removing linear dependent vector 37
18:32 gram_schmidt: Removing linear dependent vector 38
18:32 gram_schmidt: Removing linear dependent vector 39
18:32 gram_schmidt: Removing linear dependent vector 40
18:32 gram_schmidt: Removing linear dependent vector 41
18:32 gram_schmidt: Removing linear dependent vector 42
18:32 gram_schmidt: Removing linear dependent vector 36
18:32 gram_schmidt: Removing linear dependent vector 37
18:32 gram_schmidt: Removing linear dependent vector 38
18:32 gram_schmidt: Removing linear dependent vector 39
18:32 gram_schmidt: Removing linear dependent vector 40
18:32 gram_schmidt: Removing linear dependent vector 41
18:32 gram_schmidt: Removing linear dependent vector 42
</system-err></testcase><testcase classname="src.pymortests.algorithms.gram_schmidt" file="src/pymortests/algorithms/gram_schmidt.py" line="12" name="test_gram_schmidt[2-&lt;lambda&gt;16]" time="0.21979022026062012"><system-err>18:32 gram_schmidt: Removing linear dependent vector 3
18:32 gram_schmidt: Removing linear dependent vector 4
18:32 gram_schmidt: Removing linear dependent vector 5
18:32 gram_schmidt: Removing linear dependent vector 6
18:32 gram_schmidt: Removing linear dependent vector 7
18:32 gram_schmidt: Removing linear dependent vector 8
18:32 gram_schmidt: Removing linear dependent vector 9
18:32 gram_schmidt: Removing linear dependent vector 10
18:32 gram_schmidt: Removing linear dependent vector 11
18:32 gram_schmidt: Removing linear dependent vector 12
18:32 gram_schmidt: Removing linear dependent vector 13
18:32 gram_schmidt: Removing linear dependent vector 14
18:32 gram_schmidt: Removing linear dependent vector 15
18:32 gram_schmidt: Removing linear dependent vector 16
18:32 gram_schmidt: Removing linear dependent vector 17
18:32 gram_schmidt: Removing linear dependent vector 18
18:32 gram_schmidt: Removing linear dependent vector 19
18:32 gram_schmidt: Removing linear dependent vector 20
18:32 gram_schmidt: Removing linear dependent vector 21
18:32 gram_schmidt: Removing linear dependent vector 22
18:32 gram_schmidt: Removing linear dependent vector 23
18:32 gram_schmidt: Removing linear dependent vector 24
18:32 gram_schmidt: Removing linear dependent vector 25
18:32 gram_schmidt: Removing linear dependent vector 26
18:32 gram_schmidt: Removing linear dependent vector 27
18:32 gram_schmidt: Removing linear dependent vector 28
18:32 gram_schmidt: Removing linear dependent vector 29
18:32 gram_schmidt: Removing linear dependent vector 30
18:32 gram_schmidt: Removing linear dependent vector 31
18:32 gram_schmidt: Removing linear dependent vector 32
18:32 gram_schmidt: Removing linear dependent vector 33
18:32 gram_schmidt: Removing linear dependent vector 34
18:32 gram_schmidt: Removing linear dependent vector 35
18:32 gram_schmidt: Removing linear dependent vector 36
18:32 gram_schmidt: Removing linear dependent vector 37
18:32 gram_schmidt: Removing linear dependent vector 38
18:32 gram_schmidt: Removing linear dependent vector 39
18:32 gram_schmidt: Removing linear dependent vector 40
18:32 gram_schmidt: Removing linear dependent vector 41
18:32 gram_schmidt: Removing linear dependent vector 42
18:32 gram_schmidt: Removing linear dependent vector 43
18:32 gram_schmidt: Removing linear dependent vector 44
18:32 gram_schmidt: Removing linear dependent vector 45
18:32 gram_schmidt: Removing linear dependent vector 46
18:32 gram_schmidt: Removing linear dependent vector 47
18:32 gram_schmidt: Removing linear dependent vector 48
18:32 gram_schmidt: Removing linear dependent vector 49
18:32 gram_schmidt: Removing linear dependent vector 50
18:32 gram_schmidt: Removing linear dependent vector 51
18:32 gram_schmidt: Removing linear dependent vector 52
18:32 gram_schmidt: Removing linear dependent vector 53
18:32 gram_schmidt: Removing linear dependent vector 54
18:32 gram_schmidt: Removing linear dependent vector 55
18:32 gram_schmidt: Removing linear dependent vector 56
18:32 gram_schmidt: Removing linear dependent vector 57
18:32 gram_schmidt: Removing linear dependent vector 58
18:32 gram_schmidt: Removing linear dependent vector 59
18:32 gram_schmidt: Removing linear dependent vector 60
18:32 gram_schmidt: Removing linear dependent vector 61
18:32 gram_schmidt: Removing linear dependent vector 62
18:32 gram_schmidt: Removing linear dependent vector 63
18:32 gram_schmidt: Removing linear dependent vector 64
18:32 gram_schmidt: Removing linear dependent vector 65
18:32 gram_schmidt: Removing linear dependent vector 66
18:32 gram_schmidt: Removing linear dependent vector 67
18:32 gram_schmidt: Removing linear dependent vector 68
18:32 gram_schmidt: Removing linear dependent vector 69
18:32 gram_schmidt: Removing linear dependent vector 70
18:32 gram_schmidt: Removing linear dependent vector 71
18:32 gram_schmidt: Removing linear dependent vector 72
18:32 gram_schmidt: Removing linear dependent vector 73
18:32 gram_schmidt: Removing linear dependent vector 74
18:32 gram_schmidt: Removing linear dependent vector 75
18:32 gram_schmidt: Removing linear dependent vector 76
18:32 gram_schmidt: Removing linear dependent vector 77
18:32 gram_schmidt: Removing linear dependent vector 78
18:32 gram_schmidt: Removing linear dependent vector 79
18:32 gram_schmidt: Removing linear dependent vector 80
18:32 gram_schmidt: Removing linear dependent vector 81
18:32 gram_schmidt: Removing linear dependent vector 82
18:32 gram_schmidt: Removing linear dependent vector 83
18:32 gram_schmidt: Removing linear dependent vector 84
18:32 gram_schmidt: Removing linear dependent vector 85
18:32 gram_schmidt: Removing linear dependent vector 86
18:32 gram_schmidt: Removing linear dependent vector 87
18:32 gram_schmidt: Removing linear dependent vector 88
18:32 gram_schmidt: Removing linear dependent vector 89
18:32 gram_schmidt: Removing linear dependent vector 90
18:32 gram_schmidt: Removing linear dependent vector 91
18:32 gram_schmidt: Removing linear dependent vector 92
18:32 gram_schmidt: Removing linear dependent vector 93
18:32 gram_schmidt: Removing linear dependent vector 94
18:32 gram_schmidt: Removing linear dependent vector 95
18:32 gram_schmidt: Removing linear dependent vector 96
18:32 gram_schmidt: Removing linear dependent vector 97
18:32 gram_schmidt: Removing linear dependent vector 98
18:32 gram_schmidt: Removing linear dependent vector 99
18:32 gram_schmidt: Removing linear dependent vector 100
18:32 gram_schmidt: Removing linear dependent vector 101
18:32 gram_schmidt: Removing linear dependent vector 3
18:32 gram_schmidt: Removing linear dependent vector 4
18:32 gram_schmidt: Removing linear dependent vector 5
18:32 gram_schmidt: Removing linear dependent vector 6
18:32 gram_schmidt: Removing linear dependent vector 7
18:32 gram_schmidt: Removing linear dependent vector 8
18:32 gram_schmidt: Removing linear dependent vector 9
18:32 gram_schmidt: Removing linear dependent vector 10
18:32 gram_schmidt: Removing linear dependent vector 11
18:32 gram_schmidt: Removing linear dependent vector 12
18:32 gram_schmidt: Removing linear dependent vector 13
18:32 gram_schmidt: Removing linear dependent vector 14
18:32 gram_schmidt: Removing linear dependent vector 15
18:32 gram_schmidt: Removing linear dependent vector 16
18:32 gram_schmidt: Removing linear dependent vector 17
18:32 gram_schmidt: Removing linear dependent vector 18
18:32 gram_schmidt: Removing linear dependent vector 19
18:32 gram_schmidt: Removing linear dependent vector 20
18:32 gram_schmidt: Removing linear dependent vector 21
18:32 gram_schmidt: Removing linear dependent vector 22
18:32 gram_schmidt: Removing linear dependent vector 23
18:32 gram_schmidt: Removing linear dependent vector 24
18:32 gram_schmidt: Removing linear dependent vector 25
18:32 gram_schmidt: Removing linear dependent vector 26
18:32 gram_schmidt: Removing linear dependent vector 27
18:32 gram_schmidt: Removing linear dependent vector 28
18:32 gram_schmidt: Removing linear dependent vector 29
18:32 gram_schmidt: Removing linear dependent vector 30
18:32 gram_schmidt: Removing linear dependent vector 31
18:32 gram_schmidt: Removing linear dependent vector 32
18:32 gram_schmidt: Removing linear dependent vector 33
18:32 gram_schmidt: Removing linear dependent vector 34
18:32 gram_schmidt: Removing linear dependent vector 35
18:32 gram_schmidt: Removing linear dependent vector 36
18:32 gram_schmidt: Removing linear dependent vector 37
18:32 gram_schmidt: Removing linear dependent vector 38
18:32 gram_schmidt: Removing linear dependent vector 39
18:32 gram_schmidt: Removing linear dependent vector 40
18:32 gram_schmidt: Removing linear dependent vector 41
18:32 gram_schmidt: Removing linear dependent vector 42
18:32 gram_schmidt: Removing linear dependent vector 43
18:32 gram_schmidt: Removing linear dependent vector 44
18:32 gram_schmidt: Removing linear dependent vector 45
18:32 gram_schmidt: Removing linear dependent vector 46
18:32 gram_schmidt: Removing linear dependent vector 47
18:32 gram_schmidt: Removing linear dependent vector 48
18:32 gram_schmidt: Removing linear dependent vector 49
18:32 gram_schmidt: Removing linear dependent vector 50
18:32 gram_schmidt: Removing linear dependent vector 51
18:32 gram_schmidt: Removing linear dependent vector 52
18:32 gram_schmidt: Removing linear dependent vector 53
18:32 gram_schmidt: Removing linear dependent vector 54
18:32 gram_schmidt: Removing linear dependent vector 55
18:32 gram_schmidt: Removing linear dependent vector 56
18:32 gram_schmidt: Removing linear dependent vector 57
18:32 gram_schmidt: Removing linear dependent vector 58
18:32 gram_schmidt: Removing linear dependent vector 59
18:32 gram_schmidt: Removing linear dependent vector 60
18:32 gram_schmidt: Removing linear dependent vector 61
18:32 gram_schmidt: Removing linear dependent vector 62
18:32 gram_schmidt: Removing linear dependent vector 63
18:32 gram_schmidt: Removing linear dependent vector 64
18:32 gram_schmidt: Removing linear dependent vector 65
18:32 gram_schmidt: Removing linear dependent vector 66
18:32 gram_schmidt: Removing linear dependent vector 67
18:32 gram_schmidt: Removing linear dependent vector 68
18:32 gram_schmidt: Removing linear dependent vector 69
18:32 gram_schmidt: Removing linear dependent vector 70
18:32 gram_schmidt: Removing linear dependent vector 71
18:32 gram_schmidt: Removing linear dependent vector 72
18:32 gram_schmidt: Removing linear dependent vector 73
18:32 gram_schmidt: Removing linear dependent vector 74
18:32 gram_schmidt: Removing linear dependent vector 75
18:32 gram_schmidt: Removing linear dependent vector 76
18:32 gram_schmidt: Removing linear dependent vector 77
18:32 gram_schmidt: Removing linear dependent vector 78
18:32 gram_schmidt: Removing linear dependent vector 79
18:32 gram_schmidt: Removing linear dependent vector 80
18:32 gram_schmidt: Removing linear dependent vector 81
18:32 gram_schmidt: Removing linear dependent vector 82
18:32 gram_schmidt: Removing linear dependent vector 83
18:32 gram_schmidt: Removing linear dependent vector 84
18:32 gram_schmidt: Removing linear dependent vector 85
18:32 gram_schmidt: Removing linear dependent vector 86
18:32 gram_schmidt: Removing linear dependent vector 87
18:32 gram_schmidt: Removing linear dependent vector 88
18:32 gram_schmidt: Removing linear dependent vector 89
18:32 gram_schmidt: Removing linear dependent vector 90
18:32 gram_schmidt: Removing linear dependent vector 91
18:32 gram_schmidt: Removing linear dependent vector 92
18:32 gram_schmidt: Removing linear dependent vector 93
18:32 gram_schmidt: Removing linear dependent vector 94
18:32 gram_schmidt: Removing linear dependent vector 95
18:32 gram_schmidt: Removing linear dependent vector 96
18:32 gram_schmidt: Removing linear dependent vector 97
18:32 gram_schmidt: Removing linear dependent vector 98
18:32 gram_schmidt: Removing linear dependent vector 99
18:32 gram_schmidt: Removing linear dependent vector 100
18:32 gram_schmidt: Removing linear dependent vector 101
</system-err></testcase><testcase classname="src.pymortests.algorithms.gram_schmidt" file="src/pymortests/algorithms/gram_schmidt.py" line="12" name="test_gram_schmidt[2-&lt;lambda&gt;17]" time="0.0031986236572265625"></testcase><testcase classname="src.pymortests.algorithms.gram_schmidt" file="src/pymortests/algorithms/gram_schmidt.py" line="12" name="test_gram_schmidt[2-&lt;lambda&gt;18]" time="0.002236604690551758"></testcase><testcase classname="src.pymortests.algorithms.gram_schmidt" file="src/pymortests/algorithms/gram_schmidt.py" line="12" name="test_gram_schmidt[2-&lt;lambda&gt;19]" time="0.004596710205078125"></testcase><testcase classname="src.pymortests.algorithms.gram_schmidt" file="src/pymortests/algorithms/gram_schmidt.py" line="12" name="test_gram_schmidt[2-&lt;lambda&gt;20]" time="0.2912139892578125"></testcase><testcase classname="src.pymortests.algorithms.gram_schmidt" file="src/pymortests/algorithms/gram_schmidt.py" line="12" name="test_gram_schmidt[2-&lt;lambda&gt;21]" time="1.5482325553894043"></testcase><testcase classname="src.pymortests.algorithms.gram_schmidt" file="src/pymortests/algorithms/gram_schmidt.py" line="12" name="test_gram_schmidt[2-&lt;lambda&gt;22]" time="0.0026221275329589844"></testcase><testcase classname="src.pymortests.algorithms.gram_schmidt" file="src/pymortests/algorithms/gram_schmidt.py" line="12" name="test_gram_schmidt[2-&lt;lambda&gt;23]" time="0.0019190311431884766"></testcase><testcase classname="src.pymortests.algorithms.gram_schmidt" file="src/pymortests/algorithms/gram_schmidt.py" line="12" name="test_gram_schmidt[2-&lt;lambda&gt;24]" time="0.007460594177246094"></testcase><testcase classname="src.pymortests.algorithms.gram_schmidt" file="src/pymortests/algorithms/gram_schmidt.py" line="12" name="test_gram_schmidt[2-&lt;lambda&gt;25]" time="0.41016697883605957"><system-err>18:34 gram_schmidt: Orthonormalizing vector 31 again
18:34 gram_schmidt: Removing linear dependent vector 32
18:34 gram_schmidt: Removing linear dependent vector 33
18:34 gram_schmidt: Removing linear dependent vector 34
18:34 gram_schmidt: Removing linear dependent vector 35
18:34 gram_schmidt: Removing linear dependent vector 36
18:34 gram_schmidt: Removing linear dependent vector 37
18:34 gram_schmidt: Removing linear dependent vector 38
18:34 gram_schmidt: Removing linear dependent vector 39
18:34 gram_schmidt: Removing linear dependent vector 40
18:34 gram_schmidt: Removing linear dependent vector 41
18:34 gram_schmidt: Removing linear dependent vector 42
18:34 gram_schmidt: Orthonormalizing vector 31 again
18:34 gram_schmidt: Removing linear dependent vector 32
18:34 gram_schmidt: Removing linear dependent vector 33
18:34 gram_schmidt: Removing linear dependent vector 34
18:34 gram_schmidt: Removing linear dependent vector 35
18:34 gram_schmidt: Removing linear dependent vector 36
18:34 gram_schmidt: Removing linear dependent vector 37
18:34 gram_schmidt: Removing linear dependent vector 38
18:34 gram_schmidt: Removing linear dependent vector 39
18:34 gram_schmidt: Removing linear dependent vector 40
18:34 gram_schmidt: Removing linear dependent vector 41
18:35 gram_schmidt: Removing linear dependent vector 42
</system-err></testcase><testcase classname="src.pymortests.algorithms.gram_schmidt" file="src/pymortests/algorithms/gram_schmidt.py" line="12" name="test_gram_schmidt[2-&lt;lambda&gt;26]" time="0.23202204704284668"><system-err>18:35 gram_schmidt: Removing vector 0 of norm 0.0
18:35 gram_schmidt: Removing vector 1 of norm 0.0
18:35 gram_schmidt: Removing vector 2 of norm 0.0
18:35 gram_schmidt: Removing vector 3 of norm 0.0
18:35 gram_schmidt: Removing vector 4 of norm 0.0
18:35 gram_schmidt: Removing vector 5 of norm 0.0
18:35 gram_schmidt: Removing vector 6 of norm 0.0
18:35 gram_schmidt: Removing vector 7 of norm 0.0
18:35 gram_schmidt: Removing vector 8 of norm 0.0
18:35 gram_schmidt: Removing vector 9 of norm 0.0
18:35 gram_schmidt: Removing vector 10 of norm 0.0
18:35 gram_schmidt: Removing vector 11 of norm 0.0
18:35 gram_schmidt: Removing vector 12 of norm 0.0
18:35 gram_schmidt: Removing vector 13 of norm 0.0
18:35 gram_schmidt: Removing vector 14 of norm 0.0
18:35 gram_schmidt: Removing vector 15 of norm 0.0
18:35 gram_schmidt: Removing vector 16 of norm 0.0
18:35 gram_schmidt: Removing vector 17 of norm 0.0
18:35 gram_schmidt: Removing vector 18 of norm 0.0
18:35 gram_schmidt: Removing vector 19 of norm 0.0
18:35 gram_schmidt: Removing vector 20 of norm 0.0
18:35 gram_schmidt: Removing vector 21 of norm 0.0
18:35 gram_schmidt: Removing vector 22 of norm 0.0
18:35 gram_schmidt: Removing vector 23 of norm 0.0
18:35 gram_schmidt: Removing vector 24 of norm 0.0
18:35 gram_schmidt: Removing vector 25 of norm 0.0
18:35 gram_schmidt: Removing vector 26 of norm 0.0
18:35 gram_schmidt: Removing vector 27 of norm 0.0
18:35 gram_schmidt: Removing vector 28 of norm 0.0
18:35 gram_schmidt: Removing vector 29 of norm 0.0
18:35 gram_schmidt: Removing vector 30 of norm 0.0
18:35 gram_schmidt: Removing vector 31 of norm 0.0
18:35 gram_schmidt: Removing vector 32 of norm 0.0
18:35 gram_schmidt: Removing vector 33 of norm 0.0
18:35 gram_schmidt: Removing vector 34 of norm 0.0
18:35 gram_schmidt: Removing vector 35 of norm 0.0
18:35 gram_schmidt: Removing vector 36 of norm 0.0
18:35 gram_schmidt: Removing vector 37 of norm 0.0
18:35 gram_schmidt: Removing vector 38 of norm 0.0
18:35 gram_schmidt: Removing vector 39 of norm 0.0
18:35 gram_schmidt: Removing vector 40 of norm 0.0
18:35 gram_schmidt: Removing vector 41 of norm 0.0
18:35 gram_schmidt: Removing vector 42 of norm 0.0
18:35 gram_schmidt: Removing vector 43 of norm 0.0
18:35 gram_schmidt: Removing vector 44 of norm 0.0
18:35 gram_schmidt: Removing vector 45 of norm 0.0
18:35 gram_schmidt: Removing vector 46 of norm 0.0
18:35 gram_schmidt: Removing vector 47 of norm 0.0
18:35 gram_schmidt: Removing vector 48 of norm 0.0
18:35 gram_schmidt: Removing vector 49 of norm 0.0
18:35 gram_schmidt: Removing vector 50 of norm 0.0
18:35 gram_schmidt: Removing vector 51 of norm 0.0
18:35 gram_schmidt: Removing vector 52 of norm 0.0
18:35 gram_schmidt: Removing vector 53 of norm 0.0
18:35 gram_schmidt: Removing vector 54 of norm 0.0
18:35 gram_schmidt: Removing vector 55 of norm 0.0
18:35 gram_schmidt: Removing vector 56 of norm 0.0
18:35 gram_schmidt: Removing vector 57 of norm 0.0
18:35 gram_schmidt: Removing vector 58 of norm 0.0
18:35 gram_schmidt: Removing vector 59 of norm 0.0
18:35 gram_schmidt: Removing vector 60 of norm 0.0
18:35 gram_schmidt: Removing vector 61 of norm 0.0
18:35 gram_schmidt: Removing vector 62 of norm 0.0
18:35 gram_schmidt: Removing vector 63 of norm 0.0
18:35 gram_schmidt: Removing vector 64 of norm 0.0
18:35 gram_schmidt: Removing vector 65 of norm 0.0
18:35 gram_schmidt: Removing vector 66 of norm 0.0
18:35 gram_schmidt: Removing vector 67 of norm 0.0
18:35 gram_schmidt: Removing vector 68 of norm 0.0
18:35 gram_schmidt: Removing vector 69 of norm 0.0
18:35 gram_schmidt: Removing vector 70 of norm 0.0
18:35 gram_schmidt: Removing vector 71 of norm 0.0
18:35 gram_schmidt: Removing vector 72 of norm 0.0
18:35 gram_schmidt: Removing vector 73 of norm 0.0
18:35 gram_schmidt: Removing vector 74 of norm 0.0
18:35 gram_schmidt: Removing vector 75 of norm 0.0
18:35 gram_schmidt: Removing vector 76 of norm 0.0
18:35 gram_schmidt: Removing vector 77 of norm 0.0
18:35 gram_schmidt: Removing vector 78 of norm 0.0
18:35 gram_schmidt: Removing vector 79 of norm 0.0
18:35 gram_schmidt: Removing vector 80 of norm 0.0
18:35 gram_schmidt: Removing vector 81 of norm 0.0
18:35 gram_schmidt: Removing vector 82 of norm 0.0
18:35 gram_schmidt: Removing vector 83 of norm 0.0
18:35 gram_schmidt: Removing vector 84 of norm 0.0
18:35 gram_schmidt: Removing vector 85 of norm 0.0
18:35 gram_schmidt: Removing vector 86 of norm 0.0
18:35 gram_schmidt: Removing vector 87 of norm 0.0
18:35 gram_schmidt: Removing vector 88 of norm 0.0
18:35 gram_schmidt: Removing vector 89 of norm 0.0
18:35 gram_schmidt: Removing vector 90 of norm 0.0
18:35 gram_schmidt: Removing vector 91 of norm 0.0
18:35 gram_schmidt: Removing vector 92 of norm 0.0
18:35 gram_schmidt: Removing vector 93 of norm 0.0
18:35 gram_schmidt: Removing vector 94 of norm 0.0
18:35 gram_schmidt: Removing vector 95 of norm 0.0
18:35 gram_schmidt: Removing vector 96 of norm 0.0
18:35 gram_schmidt: Removing vector 97 of norm 0.0
18:35 gram_schmidt: Removing vector 98 of norm 0.0
18:35 gram_schmidt: Removing vector 99 of norm 0.0
18:35 gram_schmidt: Removing vector 100 of norm 0.0
18:35 gram_schmidt: Removing vector 101 of norm 0.0
18:35 gram_schmidt: Removing vector 0 of norm 0.0
18:35 gram_schmidt: Removing vector 1 of norm 0.0
18:35 gram_schmidt: Removing vector 2 of norm 0.0
18:35 gram_schmidt: Removing vector 3 of norm 0.0
18:35 gram_schmidt: Removing vector 4 of norm 0.0
18:35 gram_schmidt: Removing vector 5 of norm 0.0
18:35 gram_schmidt: Removing vector 6 of norm 0.0
18:35 gram_schmidt: Removing vector 7 of norm 0.0
18:35 gram_schmidt: Removing vector 8 of norm 0.0
18:35 gram_schmidt: Removing vector 9 of norm 0.0
18:35 gram_schmidt: Removing vector 10 of norm 0.0
18:35 gram_schmidt: Removing vector 11 of norm 0.0
18:35 gram_schmidt: Removing vector 12 of norm 0.0
18:35 gram_schmidt: Removing vector 13 of norm 0.0
18:35 gram_schmidt: Removing vector 14 of norm 0.0
18:35 gram_schmidt: Removing vector 15 of norm 0.0
18:35 gram_schmidt: Removing vector 16 of norm 0.0
18:35 gram_schmidt: Removing vector 17 of norm 0.0
18:35 gram_schmidt: Removing vector 18 of norm 0.0
18:35 gram_schmidt: Removing vector 19 of norm 0.0
18:35 gram_schmidt: Removing vector 20 of norm 0.0
18:35 gram_schmidt: Removing vector 21 of norm 0.0
18:35 gram_schmidt: Removing vector 22 of norm 0.0
18:35 gram_schmidt: Removing vector 23 of norm 0.0
18:35 gram_schmidt: Removing vector 24 of norm 0.0
18:35 gram_schmidt: Removing vector 25 of norm 0.0
18:35 gram_schmidt: Removing vector 26 of norm 0.0
18:35 gram_schmidt: Removing vector 27 of norm 0.0
18:35 gram_schmidt: Removing vector 28 of norm 0.0
18:35 gram_schmidt: Removing vector 29 of norm 0.0
18:35 gram_schmidt: Removing vector 30 of norm 0.0
18:35 gram_schmidt: Removing vector 31 of norm 0.0
18:35 gram_schmidt: Removing vector 32 of norm 0.0
18:35 gram_schmidt: Removing vector 33 of norm 0.0
18:35 gram_schmidt: Removing vector 34 of norm 0.0
18:35 gram_schmidt: Removing vector 35 of norm 0.0
18:35 gram_schmidt: Removing vector 36 of norm 0.0
18:35 gram_schmidt: Removing vector 37 of norm 0.0
18:35 gram_schmidt: Removing vector 38 of norm 0.0
18:35 gram_schmidt: Removing vector 39 of norm 0.0
18:35 gram_schmidt: Removing vector 40 of norm 0.0
18:35 gram_schmidt: Removing vector 41 of norm 0.0
18:35 gram_schmidt: Removing vector 42 of norm 0.0
18:35 gram_schmidt: Removing vector 43 of norm 0.0
18:35 gram_schmidt: Removing vector 44 of norm 0.0
18:35 gram_schmidt: Removing vector 45 of norm 0.0
18:35 gram_schmidt: Removing vector 46 of norm 0.0
18:35 gram_schmidt: Removing vector 47 of norm 0.0
18:35 gram_schmidt: Removing vector 48 of norm 0.0
18:35 gram_schmidt: Removing vector 49 of norm 0.0
18:35 gram_schmidt: Removing vector 50 of norm 0.0
18:35 gram_schmidt: Removing vector 51 of norm 0.0
18:35 gram_schmidt: Removing vector 52 of norm 0.0
18:35 gram_schmidt: Removing vector 53 of norm 0.0
18:35 gram_schmidt: Removing vector 54 of norm 0.0
18:35 gram_schmidt: Removing vector 55 of norm 0.0
18:35 gram_schmidt: Removing vector 56 of norm 0.0
18:35 gram_schmidt: Removing vector 57 of norm 0.0
18:35 gram_schmidt: Removing vector 58 of norm 0.0
18:35 gram_schmidt: Removing vector 59 of norm 0.0
18:35 gram_schmidt: Removing vector 60 of norm 0.0
18:35 gram_schmidt: Removing vector 61 of norm 0.0
18:35 gram_schmidt: Removing vector 62 of norm 0.0
18:35 gram_schmidt: Removing vector 63 of norm 0.0
18:35 gram_schmidt: Removing vector 64 of norm 0.0
18:35 gram_schmidt: Removing vector 65 of norm 0.0
18:35 gram_schmidt: Removing vector 66 of norm 0.0
18:35 gram_schmidt: Removing vector 67 of norm 0.0
18:35 gram_schmidt: Removing vector 68 of norm 0.0
18:35 gram_schmidt: Removing vector 69 of norm 0.0
18:35 gram_schmidt: Removing vector 70 of norm 0.0
18:35 gram_schmidt: Removing vector 71 of norm 0.0
18:35 gram_schmidt: Removing vector 72 of norm 0.0
18:35 gram_schmidt: Removing vector 73 of norm 0.0
18:35 gram_schmidt: Removing vector 74 of norm 0.0
18:35 gram_schmidt: Removing vector 75 of norm 0.0
18:35 gram_schmidt: Removing vector 76 of norm 0.0
18:35 gram_schmidt: Removing vector 77 of norm 0.0
18:35 gram_schmidt: Removing vector 78 of norm 0.0
18:35 gram_schmidt: Removing vector 79 of norm 0.0
18:35 gram_schmidt: Removing vector 80 of norm 0.0
18:35 gram_schmidt: Removing vector 81 of norm 0.0
18:35 gram_schmidt: Removing vector 82 of norm 0.0
18:35 gram_schmidt: Removing vector 83 of norm 0.0
18:35 gram_schmidt: Removing vector 84 of norm 0.0
18:35 gram_schmidt: Removing vector 85 of norm 0.0
18:35 gram_schmidt: Removing vector 86 of norm 0.0
18:35 gram_schmidt: Removing vector 87 of norm 0.0
18:35 gram_schmidt: Removing vector 88 of norm 0.0
18:35 gram_schmidt: Removing vector 89 of norm 0.0
18:35 gram_schmidt: Removing vector 90 of norm 0.0
18:35 gram_schmidt: Removing vector 91 of norm 0.0
18:35 gram_schmidt: Removing vector 92 of norm 0.0
18:35 gram_schmidt: Removing vector 93 of norm 0.0
18:35 gram_schmidt: Removing vector 94 of norm 0.0
18:35 gram_schmidt: Removing vector 95 of norm 0.0
18:35 gram_schmidt: Removing vector 96 of norm 0.0
18:35 gram_schmidt: Removing vector 97 of norm 0.0
18:35 gram_schmidt: Removing vector 98 of norm 0.0
18:35 gram_schmidt: Removing vector 99 of norm 0.0
18:35 gram_schmidt: Removing vector 100 of norm 0.0
18:35 gram_schmidt: Removing vector 101 of norm 0.0
</system-err></testcase><testcase classname="src.pymortests.algorithms.gram_schmidt" file="src/pymortests/algorithms/gram_schmidt.py" line="26" name="test_gram_schmidt_with_product[&lt;lambda&gt;0]" time="0.03694581985473633"><system-err>18:35 DiffusionOperatorP1: Calulate gradients of shape functions transformed by reference map ...
18:35 DiffusionOperatorP1: Calculate all local scalar products beween gradients ...
18:35 DiffusionOperatorP1: Determine global dofs ...
18:35 DiffusionOperatorP1: Boundary treatment ...
18:35 DiffusionOperatorP1: Assemble system matrix ...
18:35 DiffusionOperatorP1: Calulate gradients of shape functions transformed by reference map ...
18:35 DiffusionOperatorP1: Calculate all local scalar products beween gradients ...
18:35 DiffusionOperatorP1: Determine global dofs ...
18:35 DiffusionOperatorP1: Boundary treatment ...
18:35 DiffusionOperatorP1: Assemble system matrix ...
18:35 DiffusionOperatorP1: Calulate gradients of shape functions transformed by reference map ...
18:35 DiffusionOperatorP1: Calculate all local scalar products beween gradients ...
18:35 DiffusionOperatorP1: Determine global dofs ...
18:35 DiffusionOperatorP1: Boundary treatment ...
18:35 DiffusionOperatorP1: Assemble system matrix ...
18:35 DiffusionOperatorP1: Calulate gradients of shape functions transformed by reference map ...
18:35 DiffusionOperatorP1: Calculate all local scalar products beween gradients ...
18:35 DiffusionOperatorP1: Determine global dofs ...
18:35 DiffusionOperatorP1: Boundary treatment ...
18:35 DiffusionOperatorP1: Assemble system matrix ...
18:35 DiffusionOperatorP1: Calulate gradients of shape functions transformed by reference map ...
18:35 DiffusionOperatorP1: Calculate all local scalar products beween gradients ...
18:35 DiffusionOperatorP1: Determine global dofs ...
18:35 DiffusionOperatorP1: Boundary treatment ...
18:35 DiffusionOperatorP1: Assemble system matrix ...
18:35 L2ProductP1: Integrate the products of the shape functions on each element
18:35 L2ProductP1: Determine global dofs ...
18:35 L2ProductP1: Boundary treatment ...
18:35 L2ProductP1: Assemble system matrix ...
18:35 DiffusionOperatorP1: Calulate gradients of shape functions transformed by reference map ...
18:35 DiffusionOperatorP1: Calculate all local scalar products beween gradients ...
18:35 DiffusionOperatorP1: Determine global dofs ...
18:35 DiffusionOperatorP1: Boundary treatment ...
18:35 DiffusionOperatorP1: Assemble system matrix ...
18:35 L2ProductP1: Integrate the products of the shape functions on each element
18:35 L2ProductP1: Determine global dofs ...
18:35 L2ProductP1: Boundary treatment ...
18:35 L2ProductP1: Assemble system matrix ...
18:35 DiffusionOperatorP1: Calulate gradients of shape functions transformed by reference map ...
18:35 DiffusionOperatorP1: Calculate all local scalar products beween gradients ...
18:35 DiffusionOperatorP1: Determine global dofs ...
18:35 DiffusionOperatorP1: Boundary treatment ...
18:35 DiffusionOperatorP1: Assemble system matrix ...
18:35 gram_schmidt: Orthonormalizing vector 3 again
18:35 gram_schmidt: Orthonormalizing vector 4 again
18:35 gram_schmidt: Orthonormalizing vector 3 again
18:35 gram_schmidt: Orthonormalizing vector 4 again
</system-err></testcase><testcase classname="src.pymortests.algorithms.gram_schmidt" file="src/pymortests/algorithms/gram_schmidt.py" line="26" name="test_gram_schmidt_with_product[&lt;lambda&gt;1]" time="0.03466081619262695"><system-err>18:35 DiffusionOperatorP1: Calulate gradients of shape functions transformed by reference map ...
18:35 DiffusionOperatorP1: Calculate all local scalar products beween gradients ...
18:35 DiffusionOperatorP1: Determine global dofs ...
18:35 DiffusionOperatorP1: Boundary treatment ...
18:35 DiffusionOperatorP1: Assemble system matrix ...
18:35 DiffusionOperatorP1: Calulate gradients of shape functions transformed by reference map ...
18:35 DiffusionOperatorP1: Calculate all local scalar products beween gradients ...
18:35 DiffusionOperatorP1: Determine global dofs ...
18:35 DiffusionOperatorP1: Boundary treatment ...
18:35 DiffusionOperatorP1: Assemble system matrix ...
18:35 L2ProductP1: Integrate the products of the shape functions on each element
18:35 L2ProductP1: Determine global dofs ...
18:35 L2ProductP1: Boundary treatment ...
18:35 L2ProductP1: Assemble system matrix ...
18:35 DiffusionOperatorP1: Calulate gradients of shape functions transformed by reference map ...
18:35 DiffusionOperatorP1: Calculate all local scalar products beween gradients ...
18:35 DiffusionOperatorP1: Determine global dofs ...
18:35 DiffusionOperatorP1: Boundary treatment ...
18:35 DiffusionOperatorP1: Assemble system matrix ...
18:35 L2ProductP1: Integrate the products of the shape functions on each element
18:35 L2ProductP1: Determine global dofs ...
18:35 L2ProductP1: Boundary treatment ...
18:35 L2ProductP1: Assemble system matrix ...
18:35 DiffusionOperatorP1: Calulate gradients of shape functions transformed by reference map ...
18:35 DiffusionOperatorP1: Calculate all local scalar products beween gradients ...
18:35 DiffusionOperatorP1: Determine global dofs ...
18:35 DiffusionOperatorP1: Boundary treatment ...
18:35 DiffusionOperatorP1: Assemble system matrix ...
18:35 gram_schmidt: Orthonormalizing vector 1 again
18:35 gram_schmidt: Orthonormalizing vector 2 again
18:35 gram_schmidt: Orthonormalizing vector 3 again
18:35 gram_schmidt: Orthonormalizing vector 4 again
18:35 gram_schmidt: Orthonormalizing vector 1 again
18:35 gram_schmidt: Orthonormalizing vector 2 again
18:35 gram_schmidt: Orthonormalizing vector 3 again
18:35 gram_schmidt: Orthonormalizing vector 4 again
</system-err></testcase><testcase classname="src.pymortests.algorithms.gram_schmidt" file="src/pymortests/algorithms/gram_schmidt.py" line="26" name="test_gram_schmidt_with_product[&lt;lambda&gt;2]" time="0.03883647918701172"><system-err>18:35 DiffusionOperatorP1: Calulate gradients of shape functions transformed by reference map ...
18:35 DiffusionOperatorP1: Calculate all local scalar products beween gradients ...
18:35 DiffusionOperatorP1: Determine global dofs ...
18:35 DiffusionOperatorP1: Boundary treatment ...
18:35 DiffusionOperatorP1: Assemble system matrix ...
18:35 DiffusionOperatorP1: Calulate gradients of shape functions transformed by reference map ...
18:35 DiffusionOperatorP1: Calculate all local scalar products beween gradients ...
18:35 DiffusionOperatorP1: Determine global dofs ...
18:35 DiffusionOperatorP1: Boundary treatment ...
18:35 DiffusionOperatorP1: Assemble system matrix ...
18:35 DiffusionOperatorP1: Calulate gradients of shape functions transformed by reference map ...
18:35 DiffusionOperatorP1: Calculate all local scalar products beween gradients ...
18:35 DiffusionOperatorP1: Determine global dofs ...
18:35 DiffusionOperatorP1: Boundary treatment ...
18:35 DiffusionOperatorP1: Assemble system matrix ...
18:35 DiffusionOperatorP1: Calulate gradients of shape functions transformed by reference map ...
18:35 DiffusionOperatorP1: Calculate all local scalar products beween gradients ...
18:35 DiffusionOperatorP1: Determine global dofs ...
18:35 DiffusionOperatorP1: Boundary treatment ...
18:35 DiffusionOperatorP1: Assemble system matrix ...
18:35 DiffusionOperatorP1: Calulate gradients of shape functions transformed by reference map ...
18:35 DiffusionOperatorP1: Calculate all local scalar products beween gradients ...
18:35 DiffusionOperatorP1: Determine global dofs ...
18:35 DiffusionOperatorP1: Boundary treatment ...
18:35 DiffusionOperatorP1: Assemble system matrix ...
18:35 L2ProductP1: Integrate the products of the shape functions on each element
18:35 L2ProductP1: Determine global dofs ...
18:35 L2ProductP1: Boundary treatment ...
18:35 L2ProductP1: Assemble system matrix ...
18:35 DiffusionOperatorP1: Calulate gradients of shape functions transformed by reference map ...
18:35 DiffusionOperatorP1: Calculate all local scalar products beween gradients ...
18:35 DiffusionOperatorP1: Determine global dofs ...
18:35 DiffusionOperatorP1: Boundary treatment ...
18:35 DiffusionOperatorP1: Assemble system matrix ...
18:35 L2ProductP1: Integrate the products of the shape functions on each element
18:35 L2ProductP1: Determine global dofs ...
18:35 L2ProductP1: Boundary treatment ...
18:35 L2ProductP1: Assemble system matrix ...
18:35 DiffusionOperatorP1: Calulate gradients of shape functions transformed by reference map ...
18:35 DiffusionOperatorP1: Calculate all local scalar products beween gradients ...
18:35 DiffusionOperatorP1: Determine global dofs ...
18:35 DiffusionOperatorP1: Boundary treatment ...
18:35 DiffusionOperatorP1: Assemble system matrix ...
18:35 gram_schmidt: Orthonormalizing vector 3 again
18:35 gram_schmidt: Orthonormalizing vector 4 again
18:35 gram_schmidt: Orthonormalizing vector 3 again
18:35 gram_schmidt: Orthonormalizing vector 4 again
</system-err></testcase><testcase classname="src.pymortests.algorithms.gram_schmidt" file="src/pymortests/algorithms/gram_schmidt.py" line="26" name="test_gram_schmidt_with_product[&lt;lambda&gt;3]" time="0.03500843048095703"><system-err>18:35 DiffusionOperatorP1: Calulate gradients of shape functions transformed by reference map ...
18:35 DiffusionOperatorP1: Calculate all local scalar products beween gradients ...
18:35 DiffusionOperatorP1: Determine global dofs ...
18:35 DiffusionOperatorP1: Boundary treatment ...
18:35 DiffusionOperatorP1: Assemble system matrix ...
18:35 DiffusionOperatorP1: Calulate gradients of shape functions transformed by reference map ...
18:35 DiffusionOperatorP1: Calculate all local scalar products beween gradients ...
18:35 DiffusionOperatorP1: Determine global dofs ...
18:35 DiffusionOperatorP1: Boundary treatment ...
18:35 DiffusionOperatorP1: Assemble system matrix ...
18:35 L2ProductP1: Integrate the products of the shape functions on each element
18:35 L2ProductP1: Determine global dofs ...
18:35 L2ProductP1: Boundary treatment ...
18:35 L2ProductP1: Assemble system matrix ...
18:35 DiffusionOperatorP1: Calulate gradients of shape functions transformed by reference map ...
18:35 DiffusionOperatorP1: Calculate all local scalar products beween gradients ...
18:35 DiffusionOperatorP1: Determine global dofs ...
18:35 DiffusionOperatorP1: Boundary treatment ...
18:35 DiffusionOperatorP1: Assemble system matrix ...
18:35 L2ProductP1: Integrate the products of the shape functions on each element
18:35 L2ProductP1: Determine global dofs ...
18:35 L2ProductP1: Boundary treatment ...
18:35 L2ProductP1: Assemble system matrix ...
18:35 DiffusionOperatorP1: Calulate gradients of shape functions transformed by reference map ...
18:35 DiffusionOperatorP1: Calculate all local scalar products beween gradients ...
18:35 DiffusionOperatorP1: Determine global dofs ...
18:35 DiffusionOperatorP1: Boundary treatment ...
18:35 DiffusionOperatorP1: Assemble system matrix ...
18:35 gram_schmidt: Orthonormalizing vector 1 again
18:35 gram_schmidt: Orthonormalizing vector 2 again
18:35 gram_schmidt: Orthonormalizing vector 3 again
18:35 gram_schmidt: Orthonormalizing vector 4 again
18:35 gram_schmidt: Orthonormalizing vector 1 again
18:35 gram_schmidt: Orthonormalizing vector 2 again
18:35 gram_schmidt: Orthonormalizing vector 3 again
18:35 gram_schmidt: Orthonormalizing vector 4 again
</system-err></testcase><testcase classname="src.pymortests.algorithms.gram_schmidt" file="src/pymortests/algorithms/gram_schmidt.py" line="26" name="test_gram_schmidt_with_product[&lt;lambda&gt;4]" time="0.037374019622802734"><system-err>18:35 DiffusionOperatorP1: Calulate gradients of shape functions transformed by reference map ...
18:35 DiffusionOperatorP1: Calculate all local scalar products beween gradients ...
18:35 DiffusionOperatorP1: Determine global dofs ...
18:35 DiffusionOperatorP1: Boundary treatment ...
18:35 DiffusionOperatorP1: Assemble system matrix ...
18:35 DiffusionOperatorP1: Calulate gradients of shape functions transformed by reference map ...
18:35 DiffusionOperatorP1: Calculate all local scalar products beween gradients ...
18:35 DiffusionOperatorP1: Determine global dofs ...
18:35 DiffusionOperatorP1: Boundary treatment ...
18:35 DiffusionOperatorP1: Assemble system matrix ...
18:35 DiffusionOperatorP1: Calulate gradients of shape functions transformed by reference map ...
18:35 DiffusionOperatorP1: Calculate all local scalar products beween gradients ...
18:35 DiffusionOperatorP1: Determine global dofs ...
18:35 DiffusionOperatorP1: Boundary treatment ...
18:35 DiffusionOperatorP1: Assemble system matrix ...
18:35 DiffusionOperatorP1: Calulate gradients of shape functions transformed by reference map ...
18:35 DiffusionOperatorP1: Calculate all local scalar products beween gradients ...
18:35 DiffusionOperatorP1: Determine global dofs ...
18:35 DiffusionOperatorP1: Boundary treatment ...
18:35 DiffusionOperatorP1: Assemble system matrix ...
18:35 DiffusionOperatorP1: Calulate gradients of shape functions transformed by reference map ...
18:35 DiffusionOperatorP1: Calculate all local scalar products beween gradients ...
18:35 DiffusionOperatorP1: Determine global dofs ...
18:35 DiffusionOperatorP1: Boundary treatment ...
18:35 DiffusionOperatorP1: Assemble system matrix ...
18:35 L2ProductP1: Integrate the products of the shape functions on each element
18:35 L2ProductP1: Determine global dofs ...
18:35 L2ProductP1: Boundary treatment ...
18:35 L2ProductP1: Assemble system matrix ...
18:35 DiffusionOperatorP1: Calulate gradients of shape functions transformed by reference map ...
18:35 DiffusionOperatorP1: Calculate all local scalar products beween gradients ...
18:35 DiffusionOperatorP1: Determine global dofs ...
18:35 DiffusionOperatorP1: Boundary treatment ...
18:35 DiffusionOperatorP1: Assemble system matrix ...
18:35 L2ProductP1: Integrate the products of the shape functions on each element
18:35 L2ProductP1: Determine global dofs ...
18:35 L2ProductP1: Boundary treatment ...
18:35 L2ProductP1: Assemble system matrix ...
18:35 DiffusionOperatorP1: Calulate gradients of shape functions transformed by reference map ...
18:35 DiffusionOperatorP1: Calculate all local scalar products beween gradients ...
18:35 DiffusionOperatorP1: Determine global dofs ...
18:35 DiffusionOperatorP1: Boundary treatment ...
18:35 DiffusionOperatorP1: Assemble system matrix ...
18:35 gram_schmidt: Orthonormalizing vector 3 again
18:35 gram_schmidt: Orthonormalizing vector 4 again
18:35 gram_schmidt: Orthonormalizing vector 3 again
18:35 gram_schmidt: Orthonormalizing vector 4 again
</system-err></testcase><testcase classname="src.pymortests.algorithms.gram_schmidt" file="src/pymortests/algorithms/gram_schmidt.py" line="26" name="test_gram_schmidt_with_product[&lt;lambda&gt;5]" time="0.03470253944396973"><system-err>18:35 DiffusionOperatorP1: Calulate gradients of shape functions transformed by reference map ...
18:35 DiffusionOperatorP1: Calculate all local scalar products beween gradients ...
18:35 DiffusionOperatorP1: Determine global dofs ...
18:35 DiffusionOperatorP1: Boundary treatment ...
18:35 DiffusionOperatorP1: Assemble system matrix ...
18:35 DiffusionOperatorP1: Calulate gradients of shape functions transformed by reference map ...
18:35 DiffusionOperatorP1: Calculate all local scalar products beween gradients ...
18:35 DiffusionOperatorP1: Determine global dofs ...
18:35 DiffusionOperatorP1: Boundary treatment ...
18:35 DiffusionOperatorP1: Assemble system matrix ...
18:35 L2ProductP1: Integrate the products of the shape functions on each element
18:35 L2ProductP1: Determine global dofs ...
18:35 L2ProductP1: Boundary treatment ...
18:35 L2ProductP1: Assemble system matrix ...
18:35 DiffusionOperatorP1: Calulate gradients of shape functions transformed by reference map ...
18:35 DiffusionOperatorP1: Calculate all local scalar products beween gradients ...
18:35 DiffusionOperatorP1: Determine global dofs ...
18:35 DiffusionOperatorP1: Boundary treatment ...
18:35 DiffusionOperatorP1: Assemble system matrix ...
18:35 L2ProductP1: Integrate the products of the shape functions on each element
18:35 L2ProductP1: Determine global dofs ...
18:35 L2ProductP1: Boundary treatment ...
18:35 L2ProductP1: Assemble system matrix ...
18:35 DiffusionOperatorP1: Calulate gradients of shape functions transformed by reference map ...
18:35 DiffusionOperatorP1: Calculate all local scalar products beween gradients ...
18:35 DiffusionOperatorP1: Determine global dofs ...
18:35 DiffusionOperatorP1: Boundary treatment ...
18:35 DiffusionOperatorP1: Assemble system matrix ...
18:35 gram_schmidt: Orthonormalizing vector 1 again
18:35 gram_schmidt: Orthonormalizing vector 2 again
18:35 gram_schmidt: Orthonormalizing vector 3 again
18:35 gram_schmidt: Orthonormalizing vector 4 again
18:35 gram_schmidt: Orthonormalizing vector 1 again
18:35 gram_schmidt: Orthonormalizing vector 2 again
18:35 gram_schmidt: Orthonormalizing vector 3 again
18:35 gram_schmidt: Orthonormalizing vector 4 again
</system-err></testcase><testcase classname="src.pymortests.algorithms.gram_schmidt" file="src/pymortests/algorithms/gram_schmidt.py" line="26" name="test_gram_schmidt_with_product[&lt;lambda&gt;6]" time="0.03732109069824219"><system-err>18:35 DiffusionOperatorP1: Calulate gradients of shape functions transformed by reference map ...
18:35 DiffusionOperatorP1: Calculate all local scalar products beween gradients ...
18:35 DiffusionOperatorP1: Determine global dofs ...
18:35 DiffusionOperatorP1: Boundary treatment ...
18:35 DiffusionOperatorP1: Assemble system matrix ...
18:35 DiffusionOperatorP1: Calulate gradients of shape functions transformed by reference map ...
18:35 DiffusionOperatorP1: Calculate all local scalar products beween gradients ...
18:35 DiffusionOperatorP1: Determine global dofs ...
18:35 DiffusionOperatorP1: Boundary treatment ...
18:35 DiffusionOperatorP1: Assemble system matrix ...
18:35 DiffusionOperatorP1: Calulate gradients of shape functions transformed by reference map ...
18:35 DiffusionOperatorP1: Calculate all local scalar products beween gradients ...
18:35 DiffusionOperatorP1: Determine global dofs ...
18:35 DiffusionOperatorP1: Boundary treatment ...
18:35 DiffusionOperatorP1: Assemble system matrix ...
18:35 DiffusionOperatorP1: Calulate gradients of shape functions transformed by reference map ...
18:35 DiffusionOperatorP1: Calculate all local scalar products beween gradients ...
18:35 DiffusionOperatorP1: Determine global dofs ...
18:35 DiffusionOperatorP1: Boundary treatment ...
18:35 DiffusionOperatorP1: Assemble system matrix ...
18:35 DiffusionOperatorP1: Calulate gradients of shape functions transformed by reference map ...
18:35 DiffusionOperatorP1: Calculate all local scalar products beween gradients ...
18:35 DiffusionOperatorP1: Determine global dofs ...
18:35 DiffusionOperatorP1: Boundary treatment ...
18:35 DiffusionOperatorP1: Assemble system matrix ...
18:35 L2ProductP1: Integrate the products of the shape functions on each element
18:35 L2ProductP1: Determine global dofs ...
18:35 L2ProductP1: Boundary treatment ...
18:35 L2ProductP1: Assemble system matrix ...
18:35 DiffusionOperatorP1: Calulate gradients of shape functions transformed by reference map ...
18:35 DiffusionOperatorP1: Calculate all local scalar products beween gradients ...
18:35 DiffusionOperatorP1: Determine global dofs ...
18:35 DiffusionOperatorP1: Boundary treatment ...
18:35 DiffusionOperatorP1: Assemble system matrix ...
18:35 L2ProductP1: Integrate the products of the shape functions on each element
18:35 L2ProductP1: Determine global dofs ...
18:35 L2ProductP1: Boundary treatment ...
18:35 L2ProductP1: Assemble system matrix ...
18:35 DiffusionOperatorP1: Calulate gradients of shape functions transformed by reference map ...
18:35 DiffusionOperatorP1: Calculate all local scalar products beween gradients ...
18:35 DiffusionOperatorP1: Determine global dofs ...
18:35 DiffusionOperatorP1: Boundary treatment ...
18:35 DiffusionOperatorP1: Assemble system matrix ...
18:35 gram_schmidt: Orthonormalizing vector 3 again
18:35 gram_schmidt: Orthonormalizing vector 4 again
18:35 gram_schmidt: Orthonormalizing vector 3 again
18:35 gram_schmidt: Orthonormalizing vector 4 again
</system-err></testcase><testcase classname="src.pymortests.algorithms.gram_schmidt" file="src/pymortests/algorithms/gram_schmidt.py" line="26" name="test_gram_schmidt_with_product[&lt;lambda&gt;7]" time="0.034594058990478516"><system-err>18:35 DiffusionOperatorP1: Calulate gradients of shape functions transformed by reference map ...
18:35 DiffusionOperatorP1: Calculate all local scalar products beween gradients ...
18:35 DiffusionOperatorP1: Determine global dofs ...
18:35 DiffusionOperatorP1: Boundary treatment ...
18:35 DiffusionOperatorP1: Assemble system matrix ...
18:35 DiffusionOperatorP1: Calulate gradients of shape functions transformed by reference map ...
18:35 DiffusionOperatorP1: Calculate all local scalar products beween gradients ...
18:35 DiffusionOperatorP1: Determine global dofs ...
18:35 DiffusionOperatorP1: Boundary treatment ...
18:35 DiffusionOperatorP1: Assemble system matrix ...
18:35 L2ProductP1: Integrate the products of the shape functions on each element
18:35 L2ProductP1: Determine global dofs ...
18:35 L2ProductP1: Boundary treatment ...
18:35 L2ProductP1: Assemble system matrix ...
18:35 DiffusionOperatorP1: Calulate gradients of shape functions transformed by reference map ...
18:35 DiffusionOperatorP1: Calculate all local scalar products beween gradients ...
18:35 DiffusionOperatorP1: Determine global dofs ...
18:35 DiffusionOperatorP1: Boundary treatment ...
18:35 DiffusionOperatorP1: Assemble system matrix ...
18:35 L2ProductP1: Integrate the products of the shape functions on each element
18:35 L2ProductP1: Determine global dofs ...
18:35 L2ProductP1: Boundary treatment ...
18:35 L2ProductP1: Assemble system matrix ...
18:35 DiffusionOperatorP1: Calulate gradients of shape functions transformed by reference map ...
18:35 DiffusionOperatorP1: Calculate all local scalar products beween gradients ...
18:35 DiffusionOperatorP1: Determine global dofs ...
18:35 DiffusionOperatorP1: Boundary treatment ...
18:35 DiffusionOperatorP1: Assemble system matrix ...
18:35 gram_schmidt: Orthonormalizing vector 1 again
18:35 gram_schmidt: Orthonormalizing vector 2 again
18:35 gram_schmidt: Orthonormalizing vector 3 again
18:35 gram_schmidt: Orthonormalizing vector 4 again
18:35 gram_schmidt: Orthonormalizing vector 1 again
18:35 gram_schmidt: Orthonormalizing vector 2 again
18:35 gram_schmidt: Orthonormalizing vector 3 again
18:35 gram_schmidt: Orthonormalizing vector 4 again
</system-err></testcase><testcase classname="src.pymortests.algorithms.gram_schmidt" file="src/pymortests/algorithms/gram_schmidt.py" line="26" name="test_gram_schmidt_with_product[&lt;lambda&gt;8]" time="0.03789973258972168"><system-err>18:35 DiffusionOperatorP1: Calulate gradients of shape functions transformed by reference map ...
18:35 DiffusionOperatorP1: Calculate all local scalar products beween gradients ...
18:35 DiffusionOperatorP1: Determine global dofs ...
18:35 DiffusionOperatorP1: Boundary treatment ...
18:35 DiffusionOperatorP1: Assemble system matrix ...
18:35 DiffusionOperatorP1: Calulate gradients of shape functions transformed by reference map ...
18:35 DiffusionOperatorP1: Calculate all local scalar products beween gradients ...
18:35 DiffusionOperatorP1: Determine global dofs ...
18:35 DiffusionOperatorP1: Boundary treatment ...
18:35 DiffusionOperatorP1: Assemble system matrix ...
18:35 DiffusionOperatorP1: Calulate gradients of shape functions transformed by reference map ...
18:35 DiffusionOperatorP1: Calculate all local scalar products beween gradients ...
18:35 DiffusionOperatorP1: Determine global dofs ...
18:35 DiffusionOperatorP1: Boundary treatment ...
18:35 DiffusionOperatorP1: Assemble system matrix ...
18:35 DiffusionOperatorP1: Calulate gradients of shape functions transformed by reference map ...
18:35 DiffusionOperatorP1: Calculate all local scalar products beween gradients ...
18:35 DiffusionOperatorP1: Determine global dofs ...
18:35 DiffusionOperatorP1: Boundary treatment ...
18:35 DiffusionOperatorP1: Assemble system matrix ...
18:35 DiffusionOperatorP1: Calulate gradients of shape functions transformed by reference map ...
18:35 DiffusionOperatorP1: Calculate all local scalar products beween gradients ...
18:35 DiffusionOperatorP1: Determine global dofs ...
18:35 DiffusionOperatorP1: Boundary treatment ...
18:35 DiffusionOperatorP1: Assemble system matrix ...
18:35 L2ProductP1: Integrate the products of the shape functions on each element
18:35 L2ProductP1: Determine global dofs ...
18:35 L2ProductP1: Boundary treatment ...
18:35 L2ProductP1: Assemble system matrix ...
18:35 DiffusionOperatorP1: Calulate gradients of shape functions transformed by reference map ...
18:35 DiffusionOperatorP1: Calculate all local scalar products beween gradients ...
18:35 DiffusionOperatorP1: Determine global dofs ...
18:35 DiffusionOperatorP1: Boundary treatment ...
18:35 DiffusionOperatorP1: Assemble system matrix ...
18:35 L2ProductP1: Integrate the products of the shape functions on each element
18:35 L2ProductP1: Determine global dofs ...
18:35 L2ProductP1: Boundary treatment ...
18:35 L2ProductP1: Assemble system matrix ...
18:35 DiffusionOperatorP1: Calulate gradients of shape functions transformed by reference map ...
18:35 DiffusionOperatorP1: Calculate all local scalar products beween gradients ...
18:35 DiffusionOperatorP1: Determine global dofs ...
18:35 DiffusionOperatorP1: Boundary treatment ...
18:35 DiffusionOperatorP1: Assemble system matrix ...
18:35 gram_schmidt: Orthonormalizing vector 3 again
18:35 gram_schmidt: Orthonormalizing vector 4 again
18:35 gram_schmidt: Orthonormalizing vector 3 again
18:35 gram_schmidt: Orthonormalizing vector 4 again
</system-err></testcase><testcase classname="src.pymortests.algorithms.gram_schmidt" file="src/pymortests/algorithms/gram_schmidt.py" line="26" name="test_gram_schmidt_with_product[&lt;lambda&gt;9]" time="0.03542661666870117"><system-err>18:35 DiffusionOperatorP1: Calulate gradients of shape functions transformed by reference map ...
18:35 DiffusionOperatorP1: Calculate all local scalar products beween gradients ...
18:35 DiffusionOperatorP1: Determine global dofs ...
18:35 DiffusionOperatorP1: Boundary treatment ...
18:35 DiffusionOperatorP1: Assemble system matrix ...
18:35 DiffusionOperatorP1: Calulate gradients of shape functions transformed by reference map ...
18:35 DiffusionOperatorP1: Calculate all local scalar products beween gradients ...
18:35 DiffusionOperatorP1: Determine global dofs ...
18:35 DiffusionOperatorP1: Boundary treatment ...
18:35 DiffusionOperatorP1: Assemble system matrix ...
18:35 L2ProductP1: Integrate the products of the shape functions on each element
18:35 L2ProductP1: Determine global dofs ...
18:35 L2ProductP1: Boundary treatment ...
18:35 L2ProductP1: Assemble system matrix ...
18:35 DiffusionOperatorP1: Calulate gradients of shape functions transformed by reference map ...
18:35 DiffusionOperatorP1: Calculate all local scalar products beween gradients ...
18:35 DiffusionOperatorP1: Determine global dofs ...
18:35 DiffusionOperatorP1: Boundary treatment ...
18:35 DiffusionOperatorP1: Assemble system matrix ...
18:35 L2ProductP1: Integrate the products of the shape functions on each element
18:35 L2ProductP1: Determine global dofs ...
18:35 L2ProductP1: Boundary treatment ...
18:35 L2ProductP1: Assemble system matrix ...
18:35 DiffusionOperatorP1: Calulate gradients of shape functions transformed by reference map ...
18:35 DiffusionOperatorP1: Calculate all local scalar products beween gradients ...
18:35 DiffusionOperatorP1: Determine global dofs ...
18:35 DiffusionOperatorP1: Boundary treatment ...
18:35 DiffusionOperatorP1: Assemble system matrix ...
18:35 gram_schmidt: Orthonormalizing vector 1 again
18:35 gram_schmidt: Orthonormalizing vector 2 again
18:35 gram_schmidt: Orthonormalizing vector 3 again
18:35 gram_schmidt: Orthonormalizing vector 4 again
18:35 gram_schmidt: Orthonormalizing vector 1 again
18:35 gram_schmidt: Orthonormalizing vector 2 again
18:35 gram_schmidt: Orthonormalizing vector 3 again
18:35 gram_schmidt: Orthonormalizing vector 4 again
</system-err></testcase><testcase classname="src.pymortests.algorithms.gram_schmidt" file="src/pymortests/algorithms/gram_schmidt.py" line="26" name="test_gram_schmidt_with_product[&lt;lambda&gt;10]" time="0.03724336624145508"><system-err>18:35 DiffusionOperatorP1: Calulate gradients of shape functions transformed by reference map ...
18:35 DiffusionOperatorP1: Calculate all local scalar products beween gradients ...
18:35 DiffusionOperatorP1: Determine global dofs ...
18:35 DiffusionOperatorP1: Boundary treatment ...
18:35 DiffusionOperatorP1: Assemble system matrix ...
18:35 DiffusionOperatorP1: Calulate gradients of shape functions transformed by reference map ...
18:35 DiffusionOperatorP1: Calculate all local scalar products beween gradients ...
18:35 DiffusionOperatorP1: Determine global dofs ...
18:35 DiffusionOperatorP1: Boundary treatment ...
18:35 DiffusionOperatorP1: Assemble system matrix ...
18:35 DiffusionOperatorP1: Calulate gradients of shape functions transformed by reference map ...
18:35 DiffusionOperatorP1: Calculate all local scalar products beween gradients ...
18:35 DiffusionOperatorP1: Determine global dofs ...
18:35 DiffusionOperatorP1: Boundary treatment ...
18:35 DiffusionOperatorP1: Assemble system matrix ...
18:35 DiffusionOperatorP1: Calulate gradients of shape functions transformed by reference map ...
18:35 DiffusionOperatorP1: Calculate all local scalar products beween gradients ...
18:35 DiffusionOperatorP1: Determine global dofs ...
18:35 DiffusionOperatorP1: Boundary treatment ...
18:35 DiffusionOperatorP1: Assemble system matrix ...
18:35 DiffusionOperatorP1: Calulate gradients of shape functions transformed by reference map ...
18:35 DiffusionOperatorP1: Calculate all local scalar products beween gradients ...
18:35 DiffusionOperatorP1: Determine global dofs ...
18:35 DiffusionOperatorP1: Boundary treatment ...
18:35 DiffusionOperatorP1: Assemble system matrix ...
18:35 L2ProductP1: Integrate the products of the shape functions on each element
18:35 L2ProductP1: Determine global dofs ...
18:35 L2ProductP1: Boundary treatment ...
18:35 L2ProductP1: Assemble system matrix ...
18:35 DiffusionOperatorP1: Calulate gradients of shape functions transformed by reference map ...
18:35 DiffusionOperatorP1: Calculate all local scalar products beween gradients ...
18:35 DiffusionOperatorP1: Determine global dofs ...
18:35 DiffusionOperatorP1: Boundary treatment ...
18:35 DiffusionOperatorP1: Assemble system matrix ...
18:35 L2ProductP1: Integrate the products of the shape functions on each element
18:35 L2ProductP1: Determine global dofs ...
18:35 L2ProductP1: Boundary treatment ...
18:35 L2ProductP1: Assemble system matrix ...
18:35 DiffusionOperatorP1: Calulate gradients of shape functions transformed by reference map ...
18:35 DiffusionOperatorP1: Calculate all local scalar products beween gradients ...
18:35 DiffusionOperatorP1: Determine global dofs ...
18:35 DiffusionOperatorP1: Boundary treatment ...
18:35 DiffusionOperatorP1: Assemble system matrix ...
18:35 gram_schmidt: Orthonormalizing vector 3 again
18:35 gram_schmidt: Orthonormalizing vector 4 again
18:35 gram_schmidt: Orthonormalizing vector 3 again
18:35 gram_schmidt: Orthonormalizing vector 4 again
</system-err></testcase><testcase classname="src.pymortests.algorithms.gram_schmidt" file="src/pymortests/algorithms/gram_schmidt.py" line="26" name="test_gram_schmidt_with_product[&lt;lambda&gt;11]" time="0.034447431564331055"><system-err>18:35 DiffusionOperatorP1: Calulate gradients of shape functions transformed by reference map ...
18:35 DiffusionOperatorP1: Calculate all local scalar products beween gradients ...
18:35 DiffusionOperatorP1: Determine global dofs ...
18:35 DiffusionOperatorP1: Boundary treatment ...
18:35 DiffusionOperatorP1: Assemble system matrix ...
18:35 DiffusionOperatorP1: Calulate gradients of shape functions transformed by reference map ...
18:35 DiffusionOperatorP1: Calculate all local scalar products beween gradients ...
18:35 DiffusionOperatorP1: Determine global dofs ...
18:35 DiffusionOperatorP1: Boundary treatment ...
18:35 DiffusionOperatorP1: Assemble system matrix ...
18:35 L2ProductP1: Integrate the products of the shape functions on each element
18:35 L2ProductP1: Determine global dofs ...
18:35 L2ProductP1: Boundary treatment ...
18:35 L2ProductP1: Assemble system matrix ...
18:35 DiffusionOperatorP1: Calulate gradients of shape functions transformed by reference map ...
18:35 DiffusionOperatorP1: Calculate all local scalar products beween gradients ...
18:35 DiffusionOperatorP1: Determine global dofs ...
18:35 DiffusionOperatorP1: Boundary treatment ...
18:35 DiffusionOperatorP1: Assemble system matrix ...
18:35 L2ProductP1: Integrate the products of the shape functions on each element
18:35 L2ProductP1: Determine global dofs ...
18:35 L2ProductP1: Boundary treatment ...
18:35 L2ProductP1: Assemble system matrix ...
18:35 DiffusionOperatorP1: Calulate gradients of shape functions transformed by reference map ...
18:35 DiffusionOperatorP1: Calculate all local scalar products beween gradients ...
18:35 DiffusionOperatorP1: Determine global dofs ...
18:35 DiffusionOperatorP1: Boundary treatment ...
18:35 DiffusionOperatorP1: Assemble system matrix ...
18:35 gram_schmidt: Orthonormalizing vector 1 again
18:35 gram_schmidt: Orthonormalizing vector 2 again
18:35 gram_schmidt: Orthonormalizing vector 3 again
18:35 gram_schmidt: Orthonormalizing vector 4 again
18:35 gram_schmidt: Orthonormalizing vector 1 again
18:35 gram_schmidt: Orthonormalizing vector 2 again
18:35 gram_schmidt: Orthonormalizing vector 3 again
18:35 gram_schmidt: Orthonormalizing vector 4 again
</system-err></testcase><testcase classname="src.pymortests.algorithms.gram_schmidt" file="src/pymortests/algorithms/gram_schmidt.py" line="26" name="test_gram_schmidt_with_product[&lt;lambda&gt;12]" time="0.03721046447753906"><system-err>18:35 DiffusionOperatorP1: Calulate gradients of shape functions transformed by reference map ...
18:35 DiffusionOperatorP1: Calculate all local scalar products beween gradients ...
18:35 DiffusionOperatorP1: Determine global dofs ...
18:35 DiffusionOperatorP1: Boundary treatment ...
18:35 DiffusionOperatorP1: Assemble system matrix ...
18:35 DiffusionOperatorP1: Calulate gradients of shape functions transformed by reference map ...
18:35 DiffusionOperatorP1: Calculate all local scalar products beween gradients ...
18:35 DiffusionOperatorP1: Determine global dofs ...
18:35 DiffusionOperatorP1: Boundary treatment ...
18:35 DiffusionOperatorP1: Assemble system matrix ...
18:35 DiffusionOperatorP1: Calulate gradients of shape functions transformed by reference map ...
18:35 DiffusionOperatorP1: Calculate all local scalar products beween gradients ...
18:35 DiffusionOperatorP1: Determine global dofs ...
18:35 DiffusionOperatorP1: Boundary treatment ...
18:35 DiffusionOperatorP1: Assemble system matrix ...
18:35 DiffusionOperatorP1: Calulate gradients of shape functions transformed by reference map ...
18:35 DiffusionOperatorP1: Calculate all local scalar products beween gradients ...
18:35 DiffusionOperatorP1: Determine global dofs ...
18:35 DiffusionOperatorP1: Boundary treatment ...
18:35 DiffusionOperatorP1: Assemble system matrix ...
18:35 DiffusionOperatorP1: Calulate gradients of shape functions transformed by reference map ...
18:35 DiffusionOperatorP1: Calculate all local scalar products beween gradients ...
18:35 DiffusionOperatorP1: Determine global dofs ...
18:35 DiffusionOperatorP1: Boundary treatment ...
18:35 DiffusionOperatorP1: Assemble system matrix ...
18:35 L2ProductP1: Integrate the products of the shape functions on each element
18:35 L2ProductP1: Determine global dofs ...
18:35 L2ProductP1: Boundary treatment ...
18:35 L2ProductP1: Assemble system matrix ...
18:35 DiffusionOperatorP1: Calulate gradients of shape functions transformed by reference map ...
18:35 DiffusionOperatorP1: Calculate all local scalar products beween gradients ...
18:35 DiffusionOperatorP1: Determine global dofs ...
18:35 DiffusionOperatorP1: Boundary treatment ...
18:35 DiffusionOperatorP1: Assemble system matrix ...
18:35 L2ProductP1: Integrate the products of the shape functions on each element
18:35 L2ProductP1: Determine global dofs ...
18:35 L2ProductP1: Boundary treatment ...
18:35 L2ProductP1: Assemble system matrix ...
18:35 DiffusionOperatorP1: Calulate gradients of shape functions transformed by reference map ...
18:35 DiffusionOperatorP1: Calculate all local scalar products beween gradients ...
18:35 DiffusionOperatorP1: Determine global dofs ...
18:35 DiffusionOperatorP1: Boundary treatment ...
18:35 DiffusionOperatorP1: Assemble system matrix ...
18:35 gram_schmidt: Removing linear dependent vector 5
18:35 gram_schmidt: Removing linear dependent vector 6
18:35 gram_schmidt: Removing linear dependent vector 5
18:35 gram_schmidt: Removing linear dependent vector 6
</system-err></testcase><testcase classname="src.pymortests.algorithms.gram_schmidt" file="src/pymortests/algorithms/gram_schmidt.py" line="26" name="test_gram_schmidt_with_product[&lt;lambda&gt;13]" time="0.03452873229980469"><system-err>18:35 DiffusionOperatorP1: Calulate gradients of shape functions transformed by reference map ...
18:35 DiffusionOperatorP1: Calculate all local scalar products beween gradients ...
18:35 DiffusionOperatorP1: Determine global dofs ...
18:35 DiffusionOperatorP1: Boundary treatment ...
18:35 DiffusionOperatorP1: Assemble system matrix ...
18:35 DiffusionOperatorP1: Calulate gradients of shape functions transformed by reference map ...
18:35 DiffusionOperatorP1: Calculate all local scalar products beween gradients ...
18:35 DiffusionOperatorP1: Determine global dofs ...
18:35 DiffusionOperatorP1: Boundary treatment ...
18:35 DiffusionOperatorP1: Assemble system matrix ...
18:35 L2ProductP1: Integrate the products of the shape functions on each element
18:35 L2ProductP1: Determine global dofs ...
18:35 L2ProductP1: Boundary treatment ...
18:35 L2ProductP1: Assemble system matrix ...
18:35 DiffusionOperatorP1: Calulate gradients of shape functions transformed by reference map ...
18:35 DiffusionOperatorP1: Calculate all local scalar products beween gradients ...
18:35 DiffusionOperatorP1: Determine global dofs ...
18:35 DiffusionOperatorP1: Boundary treatment ...
18:35 DiffusionOperatorP1: Assemble system matrix ...
18:35 L2ProductP1: Integrate the products of the shape functions on each element
18:35 L2ProductP1: Determine global dofs ...
18:35 L2ProductP1: Boundary treatment ...
18:35 L2ProductP1: Assemble system matrix ...
18:35 DiffusionOperatorP1: Calulate gradients of shape functions transformed by reference map ...
18:35 DiffusionOperatorP1: Calculate all local scalar products beween gradients ...
18:35 DiffusionOperatorP1: Determine global dofs ...
18:35 DiffusionOperatorP1: Boundary treatment ...
18:35 DiffusionOperatorP1: Assemble system matrix ...
18:35 gram_schmidt: Orthonormalizing vector 3 again
18:35 gram_schmidt: Removing linear dependent vector 5
18:35 gram_schmidt: Removing linear dependent vector 6
18:35 gram_schmidt: Orthonormalizing vector 3 again
18:35 gram_schmidt: Removing linear dependent vector 5
18:35 gram_schmidt: Removing linear dependent vector 6
</system-err></testcase><testcase classname="src.pymortests.algorithms.gram_schmidt" file="src/pymortests/algorithms/gram_schmidt.py" line="26" name="test_gram_schmidt_with_product[&lt;lambda&gt;14]" time="0.0401611328125"><system-err>18:35 DiffusionOperatorP1: Calulate gradients of shape functions transformed by reference map ...
18:35 DiffusionOperatorP1: Calculate all local scalar products beween gradients ...
18:35 DiffusionOperatorP1: Determine global dofs ...
18:35 DiffusionOperatorP1: Boundary treatment ...
18:35 DiffusionOperatorP1: Assemble system matrix ...
18:35 DiffusionOperatorP1: Calulate gradients of shape functions transformed by reference map ...
18:35 DiffusionOperatorP1: Calculate all local scalar products beween gradients ...
18:35 DiffusionOperatorP1: Determine global dofs ...
18:35 DiffusionOperatorP1: Boundary treatment ...
18:35 DiffusionOperatorP1: Assemble system matrix ...
18:35 DiffusionOperatorP1: Calulate gradients of shape functions transformed by reference map ...
18:35 DiffusionOperatorP1: Calculate all local scalar products beween gradients ...
18:35 DiffusionOperatorP1: Determine global dofs ...
18:35 DiffusionOperatorP1: Boundary treatment ...
18:35 DiffusionOperatorP1: Assemble system matrix ...
18:35 DiffusionOperatorP1: Calulate gradients of shape functions transformed by reference map ...
18:35 DiffusionOperatorP1: Calculate all local scalar products beween gradients ...
18:35 DiffusionOperatorP1: Determine global dofs ...
18:35 DiffusionOperatorP1: Boundary treatment ...
18:35 DiffusionOperatorP1: Assemble system matrix ...
18:35 DiffusionOperatorP1: Calulate gradients of shape functions transformed by reference map ...
18:35 DiffusionOperatorP1: Calculate all local scalar products beween gradients ...
18:35 DiffusionOperatorP1: Determine global dofs ...
18:35 DiffusionOperatorP1: Boundary treatment ...
18:35 DiffusionOperatorP1: Assemble system matrix ...
18:35 L2ProductP1: Integrate the products of the shape functions on each element
18:35 L2ProductP1: Determine global dofs ...
18:35 L2ProductP1: Boundary treatment ...
18:35 L2ProductP1: Assemble system matrix ...
18:35 DiffusionOperatorP1: Calulate gradients of shape functions transformed by reference map ...
18:35 DiffusionOperatorP1: Calculate all local scalar products beween gradients ...
18:35 DiffusionOperatorP1: Determine global dofs ...
18:35 DiffusionOperatorP1: Boundary treatment ...
18:35 DiffusionOperatorP1: Assemble system matrix ...
18:35 L2ProductP1: Integrate the products of the shape functions on each element
18:35 L2ProductP1: Determine global dofs ...
18:35 L2ProductP1: Boundary treatment ...
18:35 L2ProductP1: Assemble system matrix ...
18:35 DiffusionOperatorP1: Calulate gradients of shape functions transformed by reference map ...
18:35 DiffusionOperatorP1: Calculate all local scalar products beween gradients ...
18:35 DiffusionOperatorP1: Determine global dofs ...
18:35 DiffusionOperatorP1: Boundary treatment ...
18:35 DiffusionOperatorP1: Assemble system matrix ...
18:35 gram_schmidt: Orthonormalizing vector 1 again
18:35 gram_schmidt: Orthonormalizing vector 2 again
18:35 gram_schmidt: Orthonormalizing vector 3 again
18:35 gram_schmidt: Orthonormalizing vector 4 again
18:35 gram_schmidt: Removing linear dependent vector 5
18:35 gram_schmidt: Orthonormalizing vector 1 again
18:35 gram_schmidt: Orthonormalizing vector 2 again
18:35 gram_schmidt: Orthonormalizing vector 3 again
18:35 gram_schmidt: Orthonormalizing vector 4 again
18:35 gram_schmidt: Removing linear dependent vector 5
</system-err></testcase><testcase classname="src.pymortests.algorithms.gram_schmidt" file="src/pymortests/algorithms/gram_schmidt.py" line="26" name="test_gram_schmidt_with_product[&lt;lambda&gt;15]" time="0.040526390075683594"><system-err>18:35 DiffusionOperatorP1: Calulate gradients of shape functions transformed by reference map ...
18:35 DiffusionOperatorP1: Calculate all local scalar products beween gradients ...
18:35 DiffusionOperatorP1: Determine global dofs ...
18:35 DiffusionOperatorP1: Boundary treatment ...
18:35 DiffusionOperatorP1: Assemble system matrix ...
18:35 DiffusionOperatorP1: Calulate gradients of shape functions transformed by reference map ...
18:35 DiffusionOperatorP1: Calculate all local scalar products beween gradients ...
18:35 DiffusionOperatorP1: Determine global dofs ...
18:35 DiffusionOperatorP1: Boundary treatment ...
18:35 DiffusionOperatorP1: Assemble system matrix ...
18:35 L2ProductP1: Integrate the products of the shape functions on each element
18:35 L2ProductP1: Determine global dofs ...
18:35 L2ProductP1: Boundary treatment ...
18:35 L2ProductP1: Assemble system matrix ...
18:35 DiffusionOperatorP1: Calulate gradients of shape functions transformed by reference map ...
18:35 DiffusionOperatorP1: Calculate all local scalar products beween gradients ...
18:35 DiffusionOperatorP1: Determine global dofs ...
18:35 DiffusionOperatorP1: Boundary treatment ...
18:35 DiffusionOperatorP1: Assemble system matrix ...
18:35 L2ProductP1: Integrate the products of the shape functions on each element
18:35 L2ProductP1: Determine global dofs ...
18:35 L2ProductP1: Boundary treatment ...
18:35 L2ProductP1: Assemble system matrix ...
18:35 DiffusionOperatorP1: Calulate gradients of shape functions transformed by reference map ...
18:35 DiffusionOperatorP1: Calculate all local scalar products beween gradients ...
18:35 DiffusionOperatorP1: Determine global dofs ...
18:35 DiffusionOperatorP1: Boundary treatment ...
18:35 DiffusionOperatorP1: Assemble system matrix ...
18:35 gram_schmidt: Orthonormalizing vector 1 again
18:35 gram_schmidt: Orthonormalizing vector 2 again
18:35 gram_schmidt: Orthonormalizing vector 3 again
18:35 gram_schmidt: Orthonormalizing vector 4 again
18:35 gram_schmidt: Orthonormalizing vector 5 again
18:35 gram_schmidt: Orthonormalizing vector 1 again
18:35 gram_schmidt: Orthonormalizing vector 2 again
18:35 gram_schmidt: Orthonormalizing vector 3 again
18:35 gram_schmidt: Orthonormalizing vector 4 again
18:35 gram_schmidt: Orthonormalizing vector 5 again
</system-err></testcase><testcase classname="src.pymortests.algorithms.gram_schmidt" file="src/pymortests/algorithms/gram_schmidt.py" line="26" name="test_gram_schmidt_with_product[&lt;lambda&gt;16]" time="0.03536629676818848"><system-err>18:35 DiffusionOperatorP1: Calulate gradients of shape functions transformed by reference map ...
18:35 DiffusionOperatorP1: Calculate all local scalar products beween gradients ...
18:35 DiffusionOperatorP1: Determine global dofs ...
18:35 DiffusionOperatorP1: Boundary treatment ...
18:35 DiffusionOperatorP1: Assemble system matrix ...
18:35 DiffusionOperatorP1: Calulate gradients of shape functions transformed by reference map ...
18:35 DiffusionOperatorP1: Calculate all local scalar products beween gradients ...
18:35 DiffusionOperatorP1: Determine global dofs ...
18:35 DiffusionOperatorP1: Boundary treatment ...
18:35 DiffusionOperatorP1: Assemble system matrix ...
18:35 DiffusionOperatorP1: Calulate gradients of shape functions transformed by reference map ...
18:35 DiffusionOperatorP1: Calculate all local scalar products beween gradients ...
18:35 DiffusionOperatorP1: Determine global dofs ...
18:35 DiffusionOperatorP1: Boundary treatment ...
18:35 DiffusionOperatorP1: Assemble system matrix ...
18:35 DiffusionOperatorP1: Calulate gradients of shape functions transformed by reference map ...
18:35 DiffusionOperatorP1: Calculate all local scalar products beween gradients ...
18:35 DiffusionOperatorP1: Determine global dofs ...
18:35 DiffusionOperatorP1: Boundary treatment ...
18:35 DiffusionOperatorP1: Assemble system matrix ...
18:35 DiffusionOperatorP1: Calulate gradients of shape functions transformed by reference map ...
18:35 DiffusionOperatorP1: Calculate all local scalar products beween gradients ...
18:35 DiffusionOperatorP1: Determine global dofs ...
18:35 DiffusionOperatorP1: Boundary treatment ...
18:35 DiffusionOperatorP1: Assemble system matrix ...
18:35 L2ProductP1: Integrate the products of the shape functions on each element
18:35 L2ProductP1: Determine global dofs ...
18:35 L2ProductP1: Boundary treatment ...
18:35 L2ProductP1: Assemble system matrix ...
18:35 DiffusionOperatorP1: Calulate gradients of shape functions transformed by reference map ...
18:35 DiffusionOperatorP1: Calculate all local scalar products beween gradients ...
18:35 DiffusionOperatorP1: Determine global dofs ...
18:35 DiffusionOperatorP1: Boundary treatment ...
18:35 DiffusionOperatorP1: Assemble system matrix ...
18:35 L2ProductP1: Integrate the products of the shape functions on each element
18:35 L2ProductP1: Determine global dofs ...
18:35 L2ProductP1: Boundary treatment ...
18:35 L2ProductP1: Assemble system matrix ...
18:35 DiffusionOperatorP1: Calulate gradients of shape functions transformed by reference map ...
18:35 DiffusionOperatorP1: Calculate all local scalar products beween gradients ...
18:35 DiffusionOperatorP1: Determine global dofs ...
18:35 DiffusionOperatorP1: Boundary treatment ...
18:35 DiffusionOperatorP1: Assemble system matrix ...
18:35 gram_schmidt: Removing linear dependent vector 1
18:35 gram_schmidt: Removing linear dependent vector 2
18:35 gram_schmidt: Removing linear dependent vector 3
18:35 gram_schmidt: Removing linear dependent vector 4
18:35 gram_schmidt: Removing linear dependent vector 5
18:35 gram_schmidt: Removing linear dependent vector 6
18:35 gram_schmidt: Removing linear dependent vector 1
18:35 gram_schmidt: Removing linear dependent vector 2
18:35 gram_schmidt: Removing linear dependent vector 3
18:35 gram_schmidt: Removing linear dependent vector 4
18:35 gram_schmidt: Removing linear dependent vector 5
18:35 gram_schmidt: Removing linear dependent vector 6
</system-err></testcase><testcase classname="src.pymortests.algorithms.gram_schmidt" file="src/pymortests/algorithms/gram_schmidt.py" line="26" name="test_gram_schmidt_with_product[&lt;lambda&gt;17]" time="0.03139519691467285"><system-err>18:35 DiffusionOperatorP1: Calulate gradients of shape functions transformed by reference map ...
18:35 DiffusionOperatorP1: Calculate all local scalar products beween gradients ...
18:35 DiffusionOperatorP1: Determine global dofs ...
18:35 DiffusionOperatorP1: Boundary treatment ...
18:35 DiffusionOperatorP1: Assemble system matrix ...
18:35 DiffusionOperatorP1: Calulate gradients of shape functions transformed by reference map ...
18:35 DiffusionOperatorP1: Calculate all local scalar products beween gradients ...
18:35 DiffusionOperatorP1: Determine global dofs ...
18:35 DiffusionOperatorP1: Boundary treatment ...
18:35 DiffusionOperatorP1: Assemble system matrix ...
18:35 L2ProductP1: Integrate the products of the shape functions on each element
18:35 L2ProductP1: Determine global dofs ...
18:35 L2ProductP1: Boundary treatment ...
18:35 L2ProductP1: Assemble system matrix ...
18:35 DiffusionOperatorP1: Calulate gradients of shape functions transformed by reference map ...
18:35 DiffusionOperatorP1: Calculate all local scalar products beween gradients ...
18:35 DiffusionOperatorP1: Determine global dofs ...
18:35 DiffusionOperatorP1: Boundary treatment ...
18:35 DiffusionOperatorP1: Assemble system matrix ...
18:35 L2ProductP1: Integrate the products of the shape functions on each element
18:35 L2ProductP1: Determine global dofs ...
18:35 L2ProductP1: Boundary treatment ...
18:35 L2ProductP1: Assemble system matrix ...
18:35 DiffusionOperatorP1: Calulate gradients of shape functions transformed by reference map ...
18:35 DiffusionOperatorP1: Calculate all local scalar products beween gradients ...
18:35 DiffusionOperatorP1: Determine global dofs ...
18:35 DiffusionOperatorP1: Boundary treatment ...
18:35 DiffusionOperatorP1: Assemble system matrix ...
18:35 gram_schmidt: Removing linear dependent vector 1
18:35 gram_schmidt: Removing linear dependent vector 2
18:35 gram_schmidt: Removing linear dependent vector 3
18:35 gram_schmidt: Removing linear dependent vector 4
18:35 gram_schmidt: Removing linear dependent vector 5
18:35 gram_schmidt: Removing linear dependent vector 6
18:35 gram_schmidt: Removing linear dependent vector 1
18:35 gram_schmidt: Removing linear dependent vector 2
18:35 gram_schmidt: Removing linear dependent vector 3
18:35 gram_schmidt: Removing linear dependent vector 4
18:35 gram_schmidt: Removing linear dependent vector 5
18:35 gram_schmidt: Removing linear dependent vector 6
</system-err></testcase><testcase classname="src.pymortests.algorithms.gram_schmidt" file="src/pymortests/algorithms/gram_schmidt.py" line="26" name="test_gram_schmidt_with_product[&lt;lambda&gt;18]" time="0.041025400161743164"><system-err>18:35 DiffusionOperatorP1: Calulate gradients of shape functions transformed by reference map ...
18:35 DiffusionOperatorP1: Calculate all local scalar products beween gradients ...
18:35 DiffusionOperatorP1: Determine global dofs ...
18:35 DiffusionOperatorP1: Boundary treatment ...
18:35 DiffusionOperatorP1: Assemble system matrix ...
18:35 DiffusionOperatorP1: Calulate gradients of shape functions transformed by reference map ...
18:35 DiffusionOperatorP1: Calculate all local scalar products beween gradients ...
18:35 DiffusionOperatorP1: Determine global dofs ...
18:35 DiffusionOperatorP1: Boundary treatment ...
18:35 DiffusionOperatorP1: Assemble system matrix ...
18:35 DiffusionOperatorP1: Calulate gradients of shape functions transformed by reference map ...
18:35 DiffusionOperatorP1: Calculate all local scalar products beween gradients ...
18:35 DiffusionOperatorP1: Determine global dofs ...
18:35 DiffusionOperatorP1: Boundary treatment ...
18:35 DiffusionOperatorP1: Assemble system matrix ...
18:35 DiffusionOperatorP1: Calulate gradients of shape functions transformed by reference map ...
18:35 DiffusionOperatorP1: Calculate all local scalar products beween gradients ...
18:35 DiffusionOperatorP1: Determine global dofs ...
18:35 DiffusionOperatorP1: Boundary treatment ...
18:35 DiffusionOperatorP1: Assemble system matrix ...
18:35 DiffusionOperatorP1: Calulate gradients of shape functions transformed by reference map ...
18:35 DiffusionOperatorP1: Calculate all local scalar products beween gradients ...
18:35 DiffusionOperatorP1: Determine global dofs ...
18:35 DiffusionOperatorP1: Boundary treatment ...
18:35 DiffusionOperatorP1: Assemble system matrix ...
18:35 L2ProductP1: Integrate the products of the shape functions on each element
18:35 L2ProductP1: Determine global dofs ...
18:35 L2ProductP1: Boundary treatment ...
18:35 L2ProductP1: Assemble system matrix ...
18:35 DiffusionOperatorP1: Calulate gradients of shape functions transformed by reference map ...
18:35 DiffusionOperatorP1: Calculate all local scalar products beween gradients ...
18:35 DiffusionOperatorP1: Determine global dofs ...
18:35 DiffusionOperatorP1: Boundary treatment ...
18:35 DiffusionOperatorP1: Assemble system matrix ...
18:35 L2ProductP1: Integrate the products of the shape functions on each element
18:35 L2ProductP1: Determine global dofs ...
18:35 L2ProductP1: Boundary treatment ...
18:35 L2ProductP1: Assemble system matrix ...
18:35 DiffusionOperatorP1: Calulate gradients of shape functions transformed by reference map ...
18:35 DiffusionOperatorP1: Calculate all local scalar products beween gradients ...
18:35 DiffusionOperatorP1: Determine global dofs ...
18:35 DiffusionOperatorP1: Boundary treatment ...
18:35 DiffusionOperatorP1: Assemble system matrix ...
18:35 gram_schmidt: Orthonormalizing vector 1 again
18:35 gram_schmidt: Orthonormalizing vector 2 again
18:35 gram_schmidt: Orthonormalizing vector 3 again
18:36 gram_schmidt: Orthonormalizing vector 4 again
18:36 gram_schmidt: Removing linear dependent vector 5
18:36 gram_schmidt: Orthonormalizing vector 1 again
18:36 gram_schmidt: Orthonormalizing vector 2 again
18:36 gram_schmidt: Orthonormalizing vector 3 again
18:36 gram_schmidt: Orthonormalizing vector 4 again
18:36 gram_schmidt: Removing linear dependent vector 5
</system-err></testcase><testcase classname="src.pymortests.algorithms.gram_schmidt" file="src/pymortests/algorithms/gram_schmidt.py" line="26" name="test_gram_schmidt_with_product[&lt;lambda&gt;19]" time="0.03715038299560547"><system-err>18:36 DiffusionOperatorP1: Calulate gradients of shape functions transformed by reference map ...
18:36 DiffusionOperatorP1: Calculate all local scalar products beween gradients ...
18:36 DiffusionOperatorP1: Determine global dofs ...
18:36 DiffusionOperatorP1: Boundary treatment ...
18:36 DiffusionOperatorP1: Assemble system matrix ...
18:36 DiffusionOperatorP1: Calulate gradients of shape functions transformed by reference map ...
18:36 DiffusionOperatorP1: Calculate all local scalar products beween gradients ...
18:36 DiffusionOperatorP1: Determine global dofs ...
18:36 DiffusionOperatorP1: Boundary treatment ...
18:36 DiffusionOperatorP1: Assemble system matrix ...
18:36 L2ProductP1: Integrate the products of the shape functions on each element
18:36 L2ProductP1: Determine global dofs ...
18:36 L2ProductP1: Boundary treatment ...
18:36 L2ProductP1: Assemble system matrix ...
18:36 DiffusionOperatorP1: Calulate gradients of shape functions transformed by reference map ...
18:36 DiffusionOperatorP1: Calculate all local scalar products beween gradients ...
18:36 DiffusionOperatorP1: Determine global dofs ...
18:36 DiffusionOperatorP1: Boundary treatment ...
18:36 DiffusionOperatorP1: Assemble system matrix ...
18:36 L2ProductP1: Integrate the products of the shape functions on each element
18:36 L2ProductP1: Determine global dofs ...
18:36 L2ProductP1: Boundary treatment ...
18:36 L2ProductP1: Assemble system matrix ...
18:36 DiffusionOperatorP1: Calulate gradients of shape functions transformed by reference map ...
18:36 DiffusionOperatorP1: Calculate all local scalar products beween gradients ...
18:36 DiffusionOperatorP1: Determine global dofs ...
18:36 DiffusionOperatorP1: Boundary treatment ...
18:36 DiffusionOperatorP1: Assemble system matrix ...
18:36 gram_schmidt: Orthonormalizing vector 1 again
18:36 gram_schmidt: Orthonormalizing vector 2 again
18:36 gram_schmidt: Orthonormalizing vector 3 again
18:36 gram_schmidt: Orthonormalizing vector 4 again
18:36 gram_schmidt: Orthonormalizing vector 5 again
18:36 gram_schmidt: Orthonormalizing vector 1 again
18:36 gram_schmidt: Orthonormalizing vector 2 again
18:36 gram_schmidt: Orthonormalizing vector 3 again
18:36 gram_schmidt: Orthonormalizing vector 4 again
18:36 gram_schmidt: Orthonormalizing vector 5 again
</system-err></testcase><testcase classname="src.pymortests.algorithms.gram_schmidt" file="src/pymortests/algorithms/gram_schmidt.py" line="26" name="test_gram_schmidt_with_product[&lt;lambda&gt;20]" time="0.04037642478942871"><system-err>18:36 DiffusionOperatorP1: Calulate gradients of shape functions transformed by reference map ...
18:36 DiffusionOperatorP1: Calculate all local scalar products beween gradients ...
18:36 DiffusionOperatorP1: Determine global dofs ...
18:36 DiffusionOperatorP1: Boundary treatment ...
18:36 DiffusionOperatorP1: Assemble system matrix ...
18:36 DiffusionOperatorP1: Calulate gradients of shape functions transformed by reference map ...
18:36 DiffusionOperatorP1: Calculate all local scalar products beween gradients ...
18:36 DiffusionOperatorP1: Determine global dofs ...
18:36 DiffusionOperatorP1: Boundary treatment ...
18:36 DiffusionOperatorP1: Assemble system matrix ...
18:36 DiffusionOperatorP1: Calulate gradients of shape functions transformed by reference map ...
18:36 DiffusionOperatorP1: Calculate all local scalar products beween gradients ...
18:36 DiffusionOperatorP1: Determine global dofs ...
18:36 DiffusionOperatorP1: Boundary treatment ...
18:36 DiffusionOperatorP1: Assemble system matrix ...
18:36 DiffusionOperatorP1: Calulate gradients of shape functions transformed by reference map ...
18:36 DiffusionOperatorP1: Calculate all local scalar products beween gradients ...
18:36 DiffusionOperatorP1: Determine global dofs ...
18:36 DiffusionOperatorP1: Boundary treatment ...
18:36 DiffusionOperatorP1: Assemble system matrix ...
18:36 DiffusionOperatorP1: Calulate gradients of shape functions transformed by reference map ...
18:36 DiffusionOperatorP1: Calculate all local scalar products beween gradients ...
18:36 DiffusionOperatorP1: Determine global dofs ...
18:36 DiffusionOperatorP1: Boundary treatment ...
18:36 DiffusionOperatorP1: Assemble system matrix ...
18:36 L2ProductP1: Integrate the products of the shape functions on each element
18:36 L2ProductP1: Determine global dofs ...
18:36 L2ProductP1: Boundary treatment ...
18:36 L2ProductP1: Assemble system matrix ...
18:36 DiffusionOperatorP1: Calulate gradients of shape functions transformed by reference map ...
18:36 DiffusionOperatorP1: Calculate all local scalar products beween gradients ...
18:36 DiffusionOperatorP1: Determine global dofs ...
18:36 DiffusionOperatorP1: Boundary treatment ...
18:36 DiffusionOperatorP1: Assemble system matrix ...
18:36 L2ProductP1: Integrate the products of the shape functions on each element
18:36 L2ProductP1: Determine global dofs ...
18:36 L2ProductP1: Boundary treatment ...
18:36 L2ProductP1: Assemble system matrix ...
18:36 DiffusionOperatorP1: Calulate gradients of shape functions transformed by reference map ...
18:36 DiffusionOperatorP1: Calculate all local scalar products beween gradients ...
18:36 DiffusionOperatorP1: Determine global dofs ...
18:36 DiffusionOperatorP1: Boundary treatment ...
18:36 DiffusionOperatorP1: Assemble system matrix ...
18:36 gram_schmidt: Orthonormalizing vector 1 again
18:36 gram_schmidt: Orthonormalizing vector 2 again
18:36 gram_schmidt: Orthonormalizing vector 3 again
18:36 gram_schmidt: Orthonormalizing vector 4 again
18:36 gram_schmidt: Removing linear dependent vector 5
18:36 gram_schmidt: Orthonormalizing vector 1 again
18:36 gram_schmidt: Orthonormalizing vector 2 again
18:36 gram_schmidt: Orthonormalizing vector 3 again
18:36 gram_schmidt: Orthonormalizing vector 4 again
18:36 gram_schmidt: Removing linear dependent vector 5
</system-err></testcase><testcase classname="src.pymortests.algorithms.gram_schmidt" file="src/pymortests/algorithms/gram_schmidt.py" line="26" name="test_gram_schmidt_with_product[&lt;lambda&gt;21]" time="0.03765988349914551"><system-err>18:36 DiffusionOperatorP1: Calulate gradients of shape functions transformed by reference map ...
18:36 DiffusionOperatorP1: Calculate all local scalar products beween gradients ...
18:36 DiffusionOperatorP1: Determine global dofs ...
18:36 DiffusionOperatorP1: Boundary treatment ...
18:36 DiffusionOperatorP1: Assemble system matrix ...
18:36 DiffusionOperatorP1: Calulate gradients of shape functions transformed by reference map ...
18:36 DiffusionOperatorP1: Calculate all local scalar products beween gradients ...
18:36 DiffusionOperatorP1: Determine global dofs ...
18:36 DiffusionOperatorP1: Boundary treatment ...
18:36 DiffusionOperatorP1: Assemble system matrix ...
18:36 L2ProductP1: Integrate the products of the shape functions on each element
18:36 L2ProductP1: Determine global dofs ...
18:36 L2ProductP1: Boundary treatment ...
18:36 L2ProductP1: Assemble system matrix ...
18:36 DiffusionOperatorP1: Calulate gradients of shape functions transformed by reference map ...
18:36 DiffusionOperatorP1: Calculate all local scalar products beween gradients ...
18:36 DiffusionOperatorP1: Determine global dofs ...
18:36 DiffusionOperatorP1: Boundary treatment ...
18:36 DiffusionOperatorP1: Assemble system matrix ...
18:36 L2ProductP1: Integrate the products of the shape functions on each element
18:36 L2ProductP1: Determine global dofs ...
18:36 L2ProductP1: Boundary treatment ...
18:36 L2ProductP1: Assemble system matrix ...
18:36 DiffusionOperatorP1: Calulate gradients of shape functions transformed by reference map ...
18:36 DiffusionOperatorP1: Calculate all local scalar products beween gradients ...
18:36 DiffusionOperatorP1: Determine global dofs ...
18:36 DiffusionOperatorP1: Boundary treatment ...
18:36 DiffusionOperatorP1: Assemble system matrix ...
18:36 gram_schmidt: Orthonormalizing vector 1 again
18:36 gram_schmidt: Orthonormalizing vector 2 again
18:36 gram_schmidt: Orthonormalizing vector 3 again
18:36 gram_schmidt: Orthonormalizing vector 4 again
18:36 gram_schmidt: Orthonormalizing vector 5 again
18:36 gram_schmidt: Orthonormalizing vector 1 again
18:36 gram_schmidt: Orthonormalizing vector 2 again
18:36 gram_schmidt: Orthonormalizing vector 3 again
18:36 gram_schmidt: Orthonormalizing vector 4 again
18:36 gram_schmidt: Orthonormalizing vector 5 again
</system-err></testcase><testcase classname="src.pymortests.algorithms.gram_schmidt" file="src/pymortests/algorithms/gram_schmidt.py" line="26" name="test_gram_schmidt_with_product[&lt;lambda&gt;22]" time="0.03729510307312012"><system-err>18:36 DiffusionOperatorP1: Calulate gradients of shape functions transformed by reference map ...
18:36 DiffusionOperatorP1: Calculate all local scalar products beween gradients ...
18:36 DiffusionOperatorP1: Determine global dofs ...
18:36 DiffusionOperatorP1: Boundary treatment ...
18:36 DiffusionOperatorP1: Assemble system matrix ...
18:36 DiffusionOperatorP1: Calulate gradients of shape functions transformed by reference map ...
18:36 DiffusionOperatorP1: Calculate all local scalar products beween gradients ...
18:36 DiffusionOperatorP1: Determine global dofs ...
18:36 DiffusionOperatorP1: Boundary treatment ...
18:36 DiffusionOperatorP1: Assemble system matrix ...
18:36 DiffusionOperatorP1: Calulate gradients of shape functions transformed by reference map ...
18:36 DiffusionOperatorP1: Calculate all local scalar products beween gradients ...
18:36 DiffusionOperatorP1: Determine global dofs ...
18:36 DiffusionOperatorP1: Boundary treatment ...
18:36 DiffusionOperatorP1: Assemble system matrix ...
18:36 DiffusionOperatorP1: Calulate gradients of shape functions transformed by reference map ...
18:36 DiffusionOperatorP1: Calculate all local scalar products beween gradients ...
18:36 DiffusionOperatorP1: Determine global dofs ...
18:36 DiffusionOperatorP1: Boundary treatment ...
18:36 DiffusionOperatorP1: Assemble system matrix ...
18:36 DiffusionOperatorP1: Calulate gradients of shape functions transformed by reference map ...
18:36 DiffusionOperatorP1: Calculate all local scalar products beween gradients ...
18:36 DiffusionOperatorP1: Determine global dofs ...
18:36 DiffusionOperatorP1: Boundary treatment ...
18:36 DiffusionOperatorP1: Assemble system matrix ...
18:36 L2ProductP1: Integrate the products of the shape functions on each element
18:36 L2ProductP1: Determine global dofs ...
18:36 L2ProductP1: Boundary treatment ...
18:36 L2ProductP1: Assemble system matrix ...
18:36 DiffusionOperatorP1: Calulate gradients of shape functions transformed by reference map ...
18:36 DiffusionOperatorP1: Calculate all local scalar products beween gradients ...
18:36 DiffusionOperatorP1: Determine global dofs ...
18:36 DiffusionOperatorP1: Boundary treatment ...
18:36 DiffusionOperatorP1: Assemble system matrix ...
18:36 L2ProductP1: Integrate the products of the shape functions on each element
18:36 L2ProductP1: Determine global dofs ...
18:36 L2ProductP1: Boundary treatment ...
18:36 L2ProductP1: Assemble system matrix ...
18:36 DiffusionOperatorP1: Calulate gradients of shape functions transformed by reference map ...
18:36 DiffusionOperatorP1: Calculate all local scalar products beween gradients ...
18:36 DiffusionOperatorP1: Determine global dofs ...
18:36 DiffusionOperatorP1: Boundary treatment ...
18:36 DiffusionOperatorP1: Assemble system matrix ...
18:36 gram_schmidt: Orthonormalizing vector 3 again
18:36 gram_schmidt: Orthonormalizing vector 4 again
18:36 gram_schmidt: Orthonormalizing vector 3 again
18:36 gram_schmidt: Orthonormalizing vector 4 again
</system-err></testcase><testcase classname="src.pymortests.algorithms.gram_schmidt" file="src/pymortests/algorithms/gram_schmidt.py" line="26" name="test_gram_schmidt_with_product[&lt;lambda&gt;23]" time="0.034363746643066406"><system-err>18:36 DiffusionOperatorP1: Calulate gradients of shape functions transformed by reference map ...
18:36 DiffusionOperatorP1: Calculate all local scalar products beween gradients ...
18:36 DiffusionOperatorP1: Determine global dofs ...
18:36 DiffusionOperatorP1: Boundary treatment ...
18:36 DiffusionOperatorP1: Assemble system matrix ...
18:36 DiffusionOperatorP1: Calulate gradients of shape functions transformed by reference map ...
18:36 DiffusionOperatorP1: Calculate all local scalar products beween gradients ...
18:36 DiffusionOperatorP1: Determine global dofs ...
18:36 DiffusionOperatorP1: Boundary treatment ...
18:36 DiffusionOperatorP1: Assemble system matrix ...
18:36 L2ProductP1: Integrate the products of the shape functions on each element
18:36 L2ProductP1: Determine global dofs ...
18:36 L2ProductP1: Boundary treatment ...
18:36 L2ProductP1: Assemble system matrix ...
18:36 DiffusionOperatorP1: Calulate gradients of shape functions transformed by reference map ...
18:36 DiffusionOperatorP1: Calculate all local scalar products beween gradients ...
18:36 DiffusionOperatorP1: Determine global dofs ...
18:36 DiffusionOperatorP1: Boundary treatment ...
18:36 DiffusionOperatorP1: Assemble system matrix ...
18:36 L2ProductP1: Integrate the products of the shape functions on each element
18:36 L2ProductP1: Determine global dofs ...
18:36 L2ProductP1: Boundary treatment ...
18:36 L2ProductP1: Assemble system matrix ...
18:36 DiffusionOperatorP1: Calulate gradients of shape functions transformed by reference map ...
18:36 DiffusionOperatorP1: Calculate all local scalar products beween gradients ...
18:36 DiffusionOperatorP1: Determine global dofs ...
18:36 DiffusionOperatorP1: Boundary treatment ...
18:36 DiffusionOperatorP1: Assemble system matrix ...
18:36 gram_schmidt: Orthonormalizing vector 1 again
18:36 gram_schmidt: Orthonormalizing vector 2 again
18:36 gram_schmidt: Orthonormalizing vector 3 again
18:36 gram_schmidt: Orthonormalizing vector 4 again
18:36 gram_schmidt: Orthonormalizing vector 1 again
18:36 gram_schmidt: Orthonormalizing vector 2 again
18:36 gram_schmidt: Orthonormalizing vector 3 again
18:36 gram_schmidt: Orthonormalizing vector 4 again
</system-err></testcase><testcase classname="src.pymortests.algorithms.gram_schmidt" file="src/pymortests/algorithms/gram_schmidt.py" line="26" name="test_gram_schmidt_with_product[&lt;lambda&gt;24]" time="0.009842157363891602"><system-err>18:36 gram_schmidt: Orthonormalizing vector 1 again
18:36 gram_schmidt: Orthonormalizing vector 2 again
18:36 gram_schmidt: Orthonormalizing vector 3 again
18:36 gram_schmidt: Orthonormalizing vector 1 again
18:36 gram_schmidt: Orthonormalizing vector 2 again
18:36 gram_schmidt: Orthonormalizing vector 3 again
</system-err></testcase><testcase classname="src.pymortests.algorithms.gram_schmidt" file="src/pymortests/algorithms/gram_schmidt.py" line="26" name="test_gram_schmidt_with_product[&lt;lambda&gt;25]" time="0.00974893569946289"><system-err>18:36 gram_schmidt: Orthonormalizing vector 1 again
18:36 gram_schmidt: Orthonormalizing vector 2 again
18:36 gram_schmidt: Orthonormalizing vector 3 again
18:36 gram_schmidt: Orthonormalizing vector 1 again
18:36 gram_schmidt: Orthonormalizing vector 2 again
18:36 gram_schmidt: Orthonormalizing vector 3 again
</system-err></testcase><testcase classname="src.pymortests.algorithms.gram_schmidt" file="src/pymortests/algorithms/gram_schmidt.py" line="26" name="test_gram_schmidt_with_product[&lt;lambda&gt;26]" time="0.009844541549682617"><system-err>18:36 gram_schmidt: Orthonormalizing vector 1 again
18:36 gram_schmidt: Orthonormalizing vector 2 again
18:36 gram_schmidt: Orthonormalizing vector 3 again
18:36 gram_schmidt: Orthonormalizing vector 1 again
18:36 gram_schmidt: Orthonormalizing vector 2 again
18:36 gram_schmidt: Orthonormalizing vector 3 again
</system-err></testcase><testcase classname="src.pymortests.algorithms.gram_schmidt" file="src/pymortests/algorithms/gram_schmidt.py" line="26" name="test_gram_schmidt_with_product[&lt;lambda&gt;27]" time="0.006231546401977539"></testcase><testcase classname="src.pymortests.algorithms.gram_schmidt" file="src/pymortests/algorithms/gram_schmidt.py" line="26" name="test_gram_schmidt_with_product[&lt;lambda&gt;28]" time="0.006669282913208008"><system-err>18:36 gram_schmidt: Orthonormalizing vector 1 again
18:36 gram_schmidt: Orthonormalizing vector 2 again
18:36 gram_schmidt: Orthonormalizing vector 1 again
18:36 gram_schmidt: Orthonormalizing vector 2 again
</system-err></testcase><testcase classname="src.pymortests.algorithms.gram_schmidt" file="src/pymortests/algorithms/gram_schmidt.py" line="26" name="test_gram_schmidt_with_product[&lt;lambda&gt;29]" time="0.005771160125732422"><system-err>18:36 gram_schmidt: Orthonormalizing vector 1 again
18:36 gram_schmidt: Orthonormalizing vector 2 again
18:36 gram_schmidt: Orthonormalizing vector 1 again
18:36 gram_schmidt: Orthonormalizing vector 2 again
</system-err></testcase><testcase classname="src.pymortests.algorithms.gram_schmidt" file="src/pymortests/algorithms/gram_schmidt.py" line="26" name="test_gram_schmidt_with_product[&lt;lambda&gt;30]" time="0.005705595016479492"><system-err>18:36 gram_schmidt: Orthonormalizing vector 1 again
18:36 gram_schmidt: Orthonormalizing vector 2 again
18:36 gram_schmidt: Orthonormalizing vector 1 again
18:36 gram_schmidt: Orthonormalizing vector 2 again
</system-err></testcase><testcase classname="src.pymortests.algorithms.gram_schmidt" file="src/pymortests/algorithms/gram_schmidt.py" line="26" name="test_gram_schmidt_with_product[&lt;lambda&gt;31]" time="0.00578761100769043"><system-err>18:36 gram_schmidt: Orthonormalizing vector 1 again
18:36 gram_schmidt: Orthonormalizing vector 2 again
18:36 gram_schmidt: Orthonormalizing vector 1 again
18:36 gram_schmidt: Orthonormalizing vector 2 again
</system-err></testcase><testcase classname="src.pymortests.algorithms.gram_schmidt" file="src/pymortests/algorithms/gram_schmidt.py" line="26" name="test_gram_schmidt_with_product[&lt;lambda&gt;32]" time="0.020338058471679688"><system-err>18:36 gram_schmidt: Orthonormalizing vector 3 again
18:36 gram_schmidt: Orthonormalizing vector 3 again
</system-err></testcase><testcase classname="src.pymortests.algorithms.gram_schmidt" file="src/pymortests/algorithms/gram_schmidt.py" line="26" name="test_gram_schmidt_with_product[&lt;lambda&gt;33]" time="0.016972780227661133"><system-err>18:36 gram_schmidt: Orthonormalizing vector 3 again
18:36 gram_schmidt: Orthonormalizing vector 3 again
</system-err></testcase><testcase classname="src.pymortests.algorithms.gram_schmidt" file="src/pymortests/algorithms/gram_schmidt.py" line="26" name="test_gram_schmidt_with_product[&lt;lambda&gt;34]" time="0.010320425033569336"><system-err>18:36 gram_schmidt: Orthonormalizing vector 1 again
18:36 gram_schmidt: Orthonormalizing vector 2 again
18:36 gram_schmidt: Orthonormalizing vector 3 again
18:36 gram_schmidt: Orthonormalizing vector 1 again
18:36 gram_schmidt: Orthonormalizing vector 2 again
18:36 gram_schmidt: Orthonormalizing vector 3 again
</system-err></testcase><testcase classname="src.pymortests.algorithms.gram_schmidt" file="src/pymortests/algorithms/gram_schmidt.py" line="26" name="test_gram_schmidt_with_product[&lt;lambda&gt;35]" time="0.0183866024017334"><system-err>18:36 gram_schmidt: Orthonormalizing vector 2 again
18:36 gram_schmidt: Orthonormalizing vector 3 again
18:36 gram_schmidt: Orthonormalizing vector 2 again
18:36 gram_schmidt: Orthonormalizing vector 3 again
</system-err></testcase><testcase classname="src.pymortests.algorithms.gram_schmidt" file="src/pymortests/algorithms/gram_schmidt.py" line="26" name="test_gram_schmidt_with_product[&lt;lambda&gt;36]" time="0.010011434555053711"><system-err>18:36 gram_schmidt: Orthonormalizing vector 1 again
18:36 gram_schmidt: Orthonormalizing vector 2 again
18:36 gram_schmidt: Orthonormalizing vector 3 again
18:36 gram_schmidt: Orthonormalizing vector 1 again
18:36 gram_schmidt: Orthonormalizing vector 2 again
18:36 gram_schmidt: Orthonormalizing vector 3 again
</system-err></testcase><testcase classname="src.pymortests.algorithms.gram_schmidt" file="src/pymortests/algorithms/gram_schmidt.py" line="40" name="test_gram_schmidt_biorth[0-&lt;lambda&gt;0]" time="0.00157928466796875"></testcase><testcase classname="src.pymortests.algorithms.gram_schmidt" file="src/pymortests/algorithms/gram_schmidt.py" line="40" name="test_gram_schmidt_biorth[0-&lt;lambda&gt;1]" time="0.0013377666473388672"></testcase><testcase classname="src.pymortests.algorithms.gram_schmidt" file="src/pymortests/algorithms/gram_schmidt.py" line="40" name="test_gram_schmidt_biorth[0-&lt;lambda&gt;2]" time="0.0011076927185058594"></testcase><testcase classname="src.pymortests.algorithms.gram_schmidt" file="src/pymortests/algorithms/gram_schmidt.py" line="40" name="test_gram_schmidt_biorth[0-&lt;lambda&gt;3]" time="0.0603795051574707"></testcase><testcase classname="src.pymortests.algorithms.gram_schmidt" file="src/pymortests/algorithms/gram_schmidt.py" line="40" name="test_gram_schmidt_biorth[0-&lt;lambda&gt;4]" time="0.0016617774963378906"></testcase><testcase classname="src.pymortests.algorithms.gram_schmidt" file="src/pymortests/algorithms/gram_schmidt.py" line="40" name="test_gram_schmidt_biorth[0-&lt;lambda&gt;5]" time="0.0013227462768554688"></testcase><testcase classname="src.pymortests.algorithms.gram_schmidt" file="src/pymortests/algorithms/gram_schmidt.py" line="40" name="test_gram_schmidt_biorth[0-&lt;lambda&gt;6]" time="0.0011951923370361328"></testcase><testcase classname="src.pymortests.algorithms.gram_schmidt" file="src/pymortests/algorithms/gram_schmidt.py" line="40" name="test_gram_schmidt_biorth[0-&lt;lambda&gt;7]" time="0.0014214515686035156"></testcase><testcase classname="src.pymortests.algorithms.gram_schmidt" file="src/pymortests/algorithms/gram_schmidt.py" line="40" name="test_gram_schmidt_biorth[0-&lt;lambda&gt;8]" time="0.1136932373046875"></testcase><testcase classname="src.pymortests.algorithms.gram_schmidt" file="src/pymortests/algorithms/gram_schmidt.py" line="40" name="test_gram_schmidt_biorth[0-&lt;lambda&gt;9]" time="0.0021927356719970703"></testcase><testcase classname="src.pymortests.algorithms.gram_schmidt" file="src/pymortests/algorithms/gram_schmidt.py" line="40" name="test_gram_schmidt_biorth[0-&lt;lambda&gt;10]" time="0.0014019012451171875"></testcase><testcase classname="src.pymortests.algorithms.gram_schmidt" file="src/pymortests/algorithms/gram_schmidt.py" line="40" name="test_gram_schmidt_biorth[0-&lt;lambda&gt;11]" time="0.006221771240234375"></testcase><testcase classname="src.pymortests.algorithms.gram_schmidt" file="src/pymortests/algorithms/gram_schmidt.py" line="40" name="test_gram_schmidt_biorth[0-&lt;lambda&gt;12]" time="0.001249551773071289"></testcase><testcase classname="src.pymortests.algorithms.gram_schmidt" file="src/pymortests/algorithms/gram_schmidt.py" line="40" name="test_gram_schmidt_biorth[0-&lt;lambda&gt;13]" time="0.0013093948364257812"></testcase><testcase classname="src.pymortests.algorithms.gram_schmidt" file="src/pymortests/algorithms/gram_schmidt.py" line="40" name="test_gram_schmidt_biorth[0-&lt;lambda&gt;14]" time="0.004278898239135742"></testcase><testcase classname="src.pymortests.algorithms.gram_schmidt" file="src/pymortests/algorithms/gram_schmidt.py" line="40" name="test_gram_schmidt_biorth[0-&lt;lambda&gt;15]" time="0.22179079055786133"></testcase><testcase classname="src.pymortests.algorithms.gram_schmidt" file="src/pymortests/algorithms/gram_schmidt.py" line="40" name="test_gram_schmidt_biorth[0-&lt;lambda&gt;16]" time="0.0089111328125"></testcase><testcase classname="src.pymortests.algorithms.gram_schmidt" file="src/pymortests/algorithms/gram_schmidt.py" line="40" name="test_gram_schmidt_biorth[0-&lt;lambda&gt;17]" time="0.002836465835571289"></testcase><testcase classname="src.pymortests.algorithms.gram_schmidt" file="src/pymortests/algorithms/gram_schmidt.py" line="40" name="test_gram_schmidt_biorth[0-&lt;lambda&gt;18]" time="0.001943349838256836"></testcase><testcase classname="src.pymortests.algorithms.gram_schmidt" file="src/pymortests/algorithms/gram_schmidt.py" line="40" name="test_gram_schmidt_biorth[0-&lt;lambda&gt;19]" time="0.0032262802124023438"></testcase><testcase classname="src.pymortests.algorithms.gram_schmidt" file="src/pymortests/algorithms/gram_schmidt.py" line="40" name="test_gram_schmidt_biorth[0-&lt;lambda&gt;20]" time="0.1515340805053711"></testcase><testcase classname="src.pymortests.algorithms.gram_schmidt" file="src/pymortests/algorithms/gram_schmidt.py" line="40" name="test_gram_schmidt_biorth[0-&lt;lambda&gt;21]" time="0.7707898616790771"></testcase><testcase classname="src.pymortests.algorithms.gram_schmidt" file="src/pymortests/algorithms/gram_schmidt.py" line="40" name="test_gram_schmidt_biorth[0-&lt;lambda&gt;22]" time="0.0017087459564208984"></testcase><testcase classname="src.pymortests.algorithms.gram_schmidt" file="src/pymortests/algorithms/gram_schmidt.py" line="40" name="test_gram_schmidt_biorth[0-&lt;lambda&gt;23]" time="0.0011560916900634766"></testcase><testcase classname="src.pymortests.algorithms.gram_schmidt" file="src/pymortests/algorithms/gram_schmidt.py" line="40" name="test_gram_schmidt_biorth[0-&lt;lambda&gt;24]" time="0.0019392967224121094"></testcase><testcase classname="src.pymortests.algorithms.gram_schmidt" file="src/pymortests/algorithms/gram_schmidt.py" line="40" name="test_gram_schmidt_biorth[0-&lt;lambda&gt;25]" time="0.30464816093444824"></testcase><testcase classname="src.pymortests.algorithms.gram_schmidt" file="src/pymortests/algorithms/gram_schmidt.py" line="40" name="test_gram_schmidt_biorth[0-&lt;lambda&gt;26]" time="0.05351424217224121"></testcase><testcase classname="src.pymortests.algorithms.gram_schmidt" file="src/pymortests/algorithms/gram_schmidt.py" line="40" name="test_gram_schmidt_biorth[1-&lt;lambda&gt;0]" time="0.0017168521881103516"></testcase><testcase classname="src.pymortests.algorithms.gram_schmidt" file="src/pymortests/algorithms/gram_schmidt.py" line="40" name="test_gram_schmidt_biorth[1-&lt;lambda&gt;1]" time="0.0012269020080566406"></testcase><testcase classname="src.pymortests.algorithms.gram_schmidt" file="src/pymortests/algorithms/gram_schmidt.py" line="40" name="test_gram_schmidt_biorth[1-&lt;lambda&gt;2]" time="0.0011115074157714844"></testcase><testcase classname="src.pymortests.algorithms.gram_schmidt" file="src/pymortests/algorithms/gram_schmidt.py" line="40" name="test_gram_schmidt_biorth[1-&lt;lambda&gt;3]" time="0.06303834915161133"></testcase><testcase classname="src.pymortests.algorithms.gram_schmidt" file="src/pymortests/algorithms/gram_schmidt.py" line="40" name="test_gram_schmidt_biorth[1-&lt;lambda&gt;4]" time="0.0016973018646240234"></testcase><testcase classname="src.pymortests.algorithms.gram_schmidt" file="src/pymortests/algorithms/gram_schmidt.py" line="40" name="test_gram_schmidt_biorth[1-&lt;lambda&gt;5]" time="0.001421213150024414"></testcase><testcase classname="src.pymortests.algorithms.gram_schmidt" file="src/pymortests/algorithms/gram_schmidt.py" line="40" name="test_gram_schmidt_biorth[1-&lt;lambda&gt;6]" time="0.0011851787567138672"></testcase><testcase classname="src.pymortests.algorithms.gram_schmidt" file="src/pymortests/algorithms/gram_schmidt.py" line="40" name="test_gram_schmidt_biorth[1-&lt;lambda&gt;7]" time="0.001216888427734375"></testcase><testcase classname="src.pymortests.algorithms.gram_schmidt" file="src/pymortests/algorithms/gram_schmidt.py" line="40" name="test_gram_schmidt_biorth[1-&lt;lambda&gt;8]" time="0.12595748901367188"></testcase><testcase classname="src.pymortests.algorithms.gram_schmidt" file="src/pymortests/algorithms/gram_schmidt.py" line="40" name="test_gram_schmidt_biorth[1-&lt;lambda&gt;9]" time="0.0027875900268554688"></testcase><testcase classname="src.pymortests.algorithms.gram_schmidt" file="src/pymortests/algorithms/gram_schmidt.py" line="40" name="test_gram_schmidt_biorth[1-&lt;lambda&gt;10]" time="0.001447916030883789"></testcase><testcase classname="src.pymortests.algorithms.gram_schmidt" file="src/pymortests/algorithms/gram_schmidt.py" line="40" name="test_gram_schmidt_biorth[1-&lt;lambda&gt;11]" time="0.0071353912353515625"></testcase><testcase classname="src.pymortests.algorithms.gram_schmidt" file="src/pymortests/algorithms/gram_schmidt.py" line="40" name="test_gram_schmidt_biorth[1-&lt;lambda&gt;12]" time="0.0014286041259765625"></testcase><testcase classname="src.pymortests.algorithms.gram_schmidt" file="src/pymortests/algorithms/gram_schmidt.py" line="40" name="test_gram_schmidt_biorth[1-&lt;lambda&gt;13]" time="0.0013248920440673828"></testcase><testcase classname="src.pymortests.algorithms.gram_schmidt" file="src/pymortests/algorithms/gram_schmidt.py" line="40" name="test_gram_schmidt_biorth[1-&lt;lambda&gt;14]" time="0.005082368850708008"></testcase><testcase classname="src.pymortests.algorithms.gram_schmidt" file="src/pymortests/algorithms/gram_schmidt.py" line="40" name="test_gram_schmidt_biorth[1-&lt;lambda&gt;15]" time="0.2631711959838867"></testcase><testcase classname="src.pymortests.algorithms.gram_schmidt" file="src/pymortests/algorithms/gram_schmidt.py" line="40" name="test_gram_schmidt_biorth[1-&lt;lambda&gt;16]" time="0.009716987609863281"></testcase><testcase classname="src.pymortests.algorithms.gram_schmidt" file="src/pymortests/algorithms/gram_schmidt.py" line="40" name="test_gram_schmidt_biorth[1-&lt;lambda&gt;17]" time="0.0030634403228759766"></testcase><testcase classname="src.pymortests.algorithms.gram_schmidt" file="src/pymortests/algorithms/gram_schmidt.py" line="40" name="test_gram_schmidt_biorth[1-&lt;lambda&gt;18]" time="0.0022411346435546875"></testcase><testcase classname="src.pymortests.algorithms.gram_schmidt" file="src/pymortests/algorithms/gram_schmidt.py" line="40" name="test_gram_schmidt_biorth[1-&lt;lambda&gt;19]" time="0.0034999847412109375"></testcase><testcase classname="src.pymortests.algorithms.gram_schmidt" file="src/pymortests/algorithms/gram_schmidt.py" line="40" name="test_gram_schmidt_biorth[1-&lt;lambda&gt;20]" time="0.17929935455322266"></testcase><testcase classname="src.pymortests.algorithms.gram_schmidt" file="src/pymortests/algorithms/gram_schmidt.py" line="40" name="test_gram_schmidt_biorth[1-&lt;lambda&gt;21]" time="0.8873004913330078"></testcase><testcase classname="src.pymortests.algorithms.gram_schmidt" file="src/pymortests/algorithms/gram_schmidt.py" line="40" name="test_gram_schmidt_biorth[1-&lt;lambda&gt;22]" time="0.002019643783569336"></testcase><testcase classname="src.pymortests.algorithms.gram_schmidt" file="src/pymortests/algorithms/gram_schmidt.py" line="40" name="test_gram_schmidt_biorth[1-&lt;lambda&gt;23]" time="0.001291036605834961"></testcase><testcase classname="src.pymortests.algorithms.gram_schmidt" file="src/pymortests/algorithms/gram_schmidt.py" line="40" name="test_gram_schmidt_biorth[1-&lt;lambda&gt;24]" time="0.002307891845703125"></testcase><testcase classname="src.pymortests.algorithms.gram_schmidt" file="src/pymortests/algorithms/gram_schmidt.py" line="40" name="test_gram_schmidt_biorth[1-&lt;lambda&gt;25]" time="0.32950639724731445"></testcase><testcase classname="src.pymortests.algorithms.gram_schmidt" file="src/pymortests/algorithms/gram_schmidt.py" line="40" name="test_gram_schmidt_biorth[1-&lt;lambda&gt;26]" time="0.05731916427612305"></testcase><testcase classname="src.pymortests.algorithms.gram_schmidt" file="src/pymortests/algorithms/gram_schmidt.py" line="40" name="test_gram_schmidt_biorth[2-&lt;lambda&gt;0]" time="0.0018901824951171875"></testcase><testcase classname="src.pymortests.algorithms.gram_schmidt" file="src/pymortests/algorithms/gram_schmidt.py" line="40" name="test_gram_schmidt_biorth[2-&lt;lambda&gt;1]" time="0.00139617919921875"></testcase><testcase classname="src.pymortests.algorithms.gram_schmidt" file="src/pymortests/algorithms/gram_schmidt.py" line="40" name="test_gram_schmidt_biorth[2-&lt;lambda&gt;2]" time="0.0011811256408691406"></testcase><testcase classname="src.pymortests.algorithms.gram_schmidt" file="src/pymortests/algorithms/gram_schmidt.py" line="40" name="test_gram_schmidt_biorth[2-&lt;lambda&gt;3]" time="0.0657343864440918"></testcase><testcase classname="src.pymortests.algorithms.gram_schmidt" file="src/pymortests/algorithms/gram_schmidt.py" line="40" name="test_gram_schmidt_biorth[2-&lt;lambda&gt;4]" time="0.001722574234008789"></testcase><testcase classname="src.pymortests.algorithms.gram_schmidt" file="src/pymortests/algorithms/gram_schmidt.py" line="40" name="test_gram_schmidt_biorth[2-&lt;lambda&gt;5]" time="0.0013620853424072266"></testcase><testcase classname="src.pymortests.algorithms.gram_schmidt" file="src/pymortests/algorithms/gram_schmidt.py" line="40" name="test_gram_schmidt_biorth[2-&lt;lambda&gt;6]" time="0.0013103485107421875"></testcase><testcase classname="src.pymortests.algorithms.gram_schmidt" file="src/pymortests/algorithms/gram_schmidt.py" line="40" name="test_gram_schmidt_biorth[2-&lt;lambda&gt;7]" time="0.0012836456298828125"></testcase><testcase classname="src.pymortests.algorithms.gram_schmidt" file="src/pymortests/algorithms/gram_schmidt.py" line="40" name="test_gram_schmidt_biorth[2-&lt;lambda&gt;8]" time="0.1235659122467041"></testcase><testcase classname="src.pymortests.algorithms.gram_schmidt" file="src/pymortests/algorithms/gram_schmidt.py" line="40" name="test_gram_schmidt_biorth[2-&lt;lambda&gt;9]" time="0.002886533737182617"></testcase><testcase classname="src.pymortests.algorithms.gram_schmidt" file="src/pymortests/algorithms/gram_schmidt.py" line="40" name="test_gram_schmidt_biorth[2-&lt;lambda&gt;10]" time="0.0014221668243408203"></testcase><testcase classname="src.pymortests.algorithms.gram_schmidt" file="src/pymortests/algorithms/gram_schmidt.py" line="40" name="test_gram_schmidt_biorth[2-&lt;lambda&gt;11]" time="0.006574392318725586"></testcase><testcase classname="src.pymortests.algorithms.gram_schmidt" file="src/pymortests/algorithms/gram_schmidt.py" line="40" name="test_gram_schmidt_biorth[2-&lt;lambda&gt;12]" time="0.0015153884887695312"></testcase><testcase classname="src.pymortests.algorithms.gram_schmidt" file="src/pymortests/algorithms/gram_schmidt.py" line="40" name="test_gram_schmidt_biorth[2-&lt;lambda&gt;13]" time="0.0014035701751708984"></testcase><testcase classname="src.pymortests.algorithms.gram_schmidt" file="src/pymortests/algorithms/gram_schmidt.py" line="40" name="test_gram_schmidt_biorth[2-&lt;lambda&gt;14]" time="0.004972219467163086"></testcase><testcase classname="src.pymortests.algorithms.gram_schmidt" file="src/pymortests/algorithms/gram_schmidt.py" line="40" name="test_gram_schmidt_biorth[2-&lt;lambda&gt;15]" time="0.23909759521484375"></testcase><testcase classname="src.pymortests.algorithms.gram_schmidt" file="src/pymortests/algorithms/gram_schmidt.py" line="40" name="test_gram_schmidt_biorth[2-&lt;lambda&gt;16]" time="0.009336709976196289"></testcase><testcase classname="src.pymortests.algorithms.gram_schmidt" file="src/pymortests/algorithms/gram_schmidt.py" line="40" name="test_gram_schmidt_biorth[2-&lt;lambda&gt;17]" time="0.003016233444213867"></testcase><testcase classname="src.pymortests.algorithms.gram_schmidt" file="src/pymortests/algorithms/gram_schmidt.py" line="40" name="test_gram_schmidt_biorth[2-&lt;lambda&gt;18]" time="0.0022475719451904297"></testcase><testcase classname="src.pymortests.algorithms.gram_schmidt" file="src/pymortests/algorithms/gram_schmidt.py" line="40" name="test_gram_schmidt_biorth[2-&lt;lambda&gt;19]" time="0.0035560131072998047"></testcase><testcase classname="src.pymortests.algorithms.gram_schmidt" file="src/pymortests/algorithms/gram_schmidt.py" line="40" name="test_gram_schmidt_biorth[2-&lt;lambda&gt;20]" time="0.16070771217346191"></testcase><testcase classname="src.pymortests.algorithms.gram_schmidt" file="src/pymortests/algorithms/gram_schmidt.py" line="40" name="test_gram_schmidt_biorth[2-&lt;lambda&gt;21]" time="0.8172376155853271"></testcase><testcase classname="src.pymortests.algorithms.gram_schmidt" file="src/pymortests/algorithms/gram_schmidt.py" line="40" name="test_gram_schmidt_biorth[2-&lt;lambda&gt;22]" time="0.0018830299377441406"></testcase><testcase classname="src.pymortests.algorithms.gram_schmidt" file="src/pymortests/algorithms/gram_schmidt.py" line="40" name="test_gram_schmidt_biorth[2-&lt;lambda&gt;23]" time="0.001325845718383789"></testcase><testcase classname="src.pymortests.algorithms.gram_schmidt" file="src/pymortests/algorithms/gram_schmidt.py" line="40" name="test_gram_schmidt_biorth[2-&lt;lambda&gt;24]" time="0.002248048782348633"></testcase><testcase classname="src.pymortests.algorithms.gram_schmidt" file="src/pymortests/algorithms/gram_schmidt.py" line="40" name="test_gram_schmidt_biorth[2-&lt;lambda&gt;25]" time="0.32947301864624023"></testcase><testcase classname="src.pymortests.algorithms.gram_schmidt" file="src/pymortests/algorithms/gram_schmidt.py" line="40" name="test_gram_schmidt_biorth[2-&lt;lambda&gt;26]" time="0.05658364295959473"></testcase><testcase classname="src.pymortests.algorithms.gram_schmidt" file="src/pymortests/algorithms/gram_schmidt.py" line="68" name="test_gram_schmidt_biorth_with_product[&lt;lambda&gt;0]" time="0.0359654426574707"><system-err>18:42 DiffusionOperatorP1: Calulate gradients of shape functions transformed by reference map ...
18:42 DiffusionOperatorP1: Calculate all local scalar products beween gradients ...
18:42 DiffusionOperatorP1: Determine global dofs ...
18:42 DiffusionOperatorP1: Boundary treatment ...
18:42 DiffusionOperatorP1: Assemble system matrix ...
18:42 DiffusionOperatorP1: Calulate gradients of shape functions transformed by reference map ...
18:42 DiffusionOperatorP1: Calculate all local scalar products beween gradients ...
18:42 DiffusionOperatorP1: Determine global dofs ...
18:42 DiffusionOperatorP1: Boundary treatment ...
18:42 DiffusionOperatorP1: Assemble system matrix ...
18:42 DiffusionOperatorP1: Calulate gradients of shape functions transformed by reference map ...
18:42 DiffusionOperatorP1: Calculate all local scalar products beween gradients ...
18:42 DiffusionOperatorP1: Determine global dofs ...
18:42 DiffusionOperatorP1: Boundary treatment ...
18:42 DiffusionOperatorP1: Assemble system matrix ...
18:42 DiffusionOperatorP1: Calulate gradients of shape functions transformed by reference map ...
18:42 DiffusionOperatorP1: Calculate all local scalar products beween gradients ...
18:42 DiffusionOperatorP1: Determine global dofs ...
18:42 DiffusionOperatorP1: Boundary treatment ...
18:42 DiffusionOperatorP1: Assemble system matrix ...
18:42 DiffusionOperatorP1: Calulate gradients of shape functions transformed by reference map ...
18:42 DiffusionOperatorP1: Calculate all local scalar products beween gradients ...
18:42 DiffusionOperatorP1: Determine global dofs ...
18:42 DiffusionOperatorP1: Boundary treatment ...
18:42 DiffusionOperatorP1: Assemble system matrix ...
18:42 L2ProductP1: Integrate the products of the shape functions on each element
18:42 L2ProductP1: Determine global dofs ...
18:42 L2ProductP1: Boundary treatment ...
18:42 L2ProductP1: Assemble system matrix ...
18:42 DiffusionOperatorP1: Calulate gradients of shape functions transformed by reference map ...
18:42 DiffusionOperatorP1: Calculate all local scalar products beween gradients ...
18:42 DiffusionOperatorP1: Determine global dofs ...
18:42 DiffusionOperatorP1: Boundary treatment ...
18:42 DiffusionOperatorP1: Assemble system matrix ...
18:42 L2ProductP1: Integrate the products of the shape functions on each element
18:42 L2ProductP1: Determine global dofs ...
18:42 L2ProductP1: Boundary treatment ...
18:42 L2ProductP1: Assemble system matrix ...
18:42 DiffusionOperatorP1: Calulate gradients of shape functions transformed by reference map ...
18:42 DiffusionOperatorP1: Calculate all local scalar products beween gradients ...
18:42 DiffusionOperatorP1: Determine global dofs ...
18:42 DiffusionOperatorP1: Boundary treatment ...
18:42 DiffusionOperatorP1: Assemble system matrix ...
</system-err></testcase><testcase classname="src.pymortests.algorithms.gram_schmidt" file="src/pymortests/algorithms/gram_schmidt.py" line="68" name="test_gram_schmidt_biorth_with_product[&lt;lambda&gt;1]" time="0.03265547752380371"><system-err>18:42 DiffusionOperatorP1: Calulate gradients of shape functions transformed by reference map ...
18:42 DiffusionOperatorP1: Calculate all local scalar products beween gradients ...
18:42 DiffusionOperatorP1: Determine global dofs ...
18:42 DiffusionOperatorP1: Boundary treatment ...
18:42 DiffusionOperatorP1: Assemble system matrix ...
18:42 DiffusionOperatorP1: Calulate gradients of shape functions transformed by reference map ...
18:42 DiffusionOperatorP1: Calculate all local scalar products beween gradients ...
18:42 DiffusionOperatorP1: Determine global dofs ...
18:42 DiffusionOperatorP1: Boundary treatment ...
18:42 DiffusionOperatorP1: Assemble system matrix ...
18:42 L2ProductP1: Integrate the products of the shape functions on each element
18:42 L2ProductP1: Determine global dofs ...
18:42 L2ProductP1: Boundary treatment ...
18:42 L2ProductP1: Assemble system matrix ...
18:42 DiffusionOperatorP1: Calulate gradients of shape functions transformed by reference map ...
18:42 DiffusionOperatorP1: Calculate all local scalar products beween gradients ...
18:42 DiffusionOperatorP1: Determine global dofs ...
18:42 DiffusionOperatorP1: Boundary treatment ...
18:42 DiffusionOperatorP1: Assemble system matrix ...
18:42 L2ProductP1: Integrate the products of the shape functions on each element
18:42 L2ProductP1: Determine global dofs ...
18:42 L2ProductP1: Boundary treatment ...
18:42 L2ProductP1: Assemble system matrix ...
18:42 DiffusionOperatorP1: Calulate gradients of shape functions transformed by reference map ...
18:42 DiffusionOperatorP1: Calculate all local scalar products beween gradients ...
18:42 DiffusionOperatorP1: Determine global dofs ...
18:42 DiffusionOperatorP1: Boundary treatment ...
18:42 DiffusionOperatorP1: Assemble system matrix ...
18:42 gram_schmidt_biorth: Projecting vector V[1] again
18:42 gram_schmidt_biorth: Projecting vector W[1] again
18:42 gram_schmidt_biorth: Projecting vector V[1] again
18:42 gram_schmidt_biorth: Projecting vector W[1] again
</system-err></testcase><testcase classname="src.pymortests.algorithms.gram_schmidt" file="src/pymortests/algorithms/gram_schmidt.py" line="68" name="test_gram_schmidt_biorth_with_product[&lt;lambda&gt;2]" time="0.038091182708740234"><system-err>18:42 DiffusionOperatorP1: Calulate gradients of shape functions transformed by reference map ...
18:42 DiffusionOperatorP1: Calculate all local scalar products beween gradients ...
18:42 DiffusionOperatorP1: Determine global dofs ...
18:42 DiffusionOperatorP1: Boundary treatment ...
18:42 DiffusionOperatorP1: Assemble system matrix ...
18:42 DiffusionOperatorP1: Calulate gradients of shape functions transformed by reference map ...
18:42 DiffusionOperatorP1: Calculate all local scalar products beween gradients ...
18:42 DiffusionOperatorP1: Determine global dofs ...
18:42 DiffusionOperatorP1: Boundary treatment ...
18:42 DiffusionOperatorP1: Assemble system matrix ...
18:42 DiffusionOperatorP1: Calulate gradients of shape functions transformed by reference map ...
18:42 DiffusionOperatorP1: Calculate all local scalar products beween gradients ...
18:42 DiffusionOperatorP1: Determine global dofs ...
18:42 DiffusionOperatorP1: Boundary treatment ...
18:42 DiffusionOperatorP1: Assemble system matrix ...
18:42 DiffusionOperatorP1: Calulate gradients of shape functions transformed by reference map ...
18:42 DiffusionOperatorP1: Calculate all local scalar products beween gradients ...
18:42 DiffusionOperatorP1: Determine global dofs ...
18:42 DiffusionOperatorP1: Boundary treatment ...
18:42 DiffusionOperatorP1: Assemble system matrix ...
18:42 DiffusionOperatorP1: Calulate gradients of shape functions transformed by reference map ...
18:42 DiffusionOperatorP1: Calculate all local scalar products beween gradients ...
18:42 DiffusionOperatorP1: Determine global dofs ...
18:42 DiffusionOperatorP1: Boundary treatment ...
18:42 DiffusionOperatorP1: Assemble system matrix ...
18:42 L2ProductP1: Integrate the products of the shape functions on each element
18:42 L2ProductP1: Determine global dofs ...
18:42 L2ProductP1: Boundary treatment ...
18:42 L2ProductP1: Assemble system matrix ...
18:42 DiffusionOperatorP1: Calulate gradients of shape functions transformed by reference map ...
18:42 DiffusionOperatorP1: Calculate all local scalar products beween gradients ...
18:42 DiffusionOperatorP1: Determine global dofs ...
18:42 DiffusionOperatorP1: Boundary treatment ...
18:42 DiffusionOperatorP1: Assemble system matrix ...
18:42 L2ProductP1: Integrate the products of the shape functions on each element
18:42 L2ProductP1: Determine global dofs ...
18:42 L2ProductP1: Boundary treatment ...
18:42 L2ProductP1: Assemble system matrix ...
18:42 DiffusionOperatorP1: Calulate gradients of shape functions transformed by reference map ...
18:42 DiffusionOperatorP1: Calculate all local scalar products beween gradients ...
18:42 DiffusionOperatorP1: Determine global dofs ...
18:42 DiffusionOperatorP1: Boundary treatment ...
18:42 DiffusionOperatorP1: Assemble system matrix ...
</system-err></testcase><testcase classname="src.pymortests.algorithms.gram_schmidt" file="src/pymortests/algorithms/gram_schmidt.py" line="68" name="test_gram_schmidt_biorth_with_product[&lt;lambda&gt;3]" time="0.034403324127197266"><system-err>18:42 DiffusionOperatorP1: Calulate gradients of shape functions transformed by reference map ...
18:42 DiffusionOperatorP1: Calculate all local scalar products beween gradients ...
18:42 DiffusionOperatorP1: Determine global dofs ...
18:42 DiffusionOperatorP1: Boundary treatment ...
18:42 DiffusionOperatorP1: Assemble system matrix ...
18:42 DiffusionOperatorP1: Calulate gradients of shape functions transformed by reference map ...
18:42 DiffusionOperatorP1: Calculate all local scalar products beween gradients ...
18:42 DiffusionOperatorP1: Determine global dofs ...
18:42 DiffusionOperatorP1: Boundary treatment ...
18:42 DiffusionOperatorP1: Assemble system matrix ...
18:42 L2ProductP1: Integrate the products of the shape functions on each element
18:42 L2ProductP1: Determine global dofs ...
18:42 L2ProductP1: Boundary treatment ...
18:42 L2ProductP1: Assemble system matrix ...
18:42 DiffusionOperatorP1: Calulate gradients of shape functions transformed by reference map ...
18:42 DiffusionOperatorP1: Calculate all local scalar products beween gradients ...
18:42 DiffusionOperatorP1: Determine global dofs ...
18:42 DiffusionOperatorP1: Boundary treatment ...
18:42 DiffusionOperatorP1: Assemble system matrix ...
18:42 L2ProductP1: Integrate the products of the shape functions on each element
18:42 L2ProductP1: Determine global dofs ...
18:42 L2ProductP1: Boundary treatment ...
18:42 L2ProductP1: Assemble system matrix ...
18:42 DiffusionOperatorP1: Calulate gradients of shape functions transformed by reference map ...
18:42 DiffusionOperatorP1: Calculate all local scalar products beween gradients ...
18:42 DiffusionOperatorP1: Determine global dofs ...
18:42 DiffusionOperatorP1: Boundary treatment ...
18:42 DiffusionOperatorP1: Assemble system matrix ...
18:42 gram_schmidt_biorth: Projecting vector V[1] again
18:42 gram_schmidt_biorth: Projecting vector W[1] again
18:42 gram_schmidt_biorth: Projecting vector V[1] again
18:42 gram_schmidt_biorth: Projecting vector W[1] again
</system-err></testcase><testcase classname="src.pymortests.algorithms.gram_schmidt" file="src/pymortests/algorithms/gram_schmidt.py" line="68" name="test_gram_schmidt_biorth_with_product[&lt;lambda&gt;4]" time="0.03667593002319336"><system-err>18:42 DiffusionOperatorP1: Calulate gradients of shape functions transformed by reference map ...
18:42 DiffusionOperatorP1: Calculate all local scalar products beween gradients ...
18:42 DiffusionOperatorP1: Determine global dofs ...
18:42 DiffusionOperatorP1: Boundary treatment ...
18:42 DiffusionOperatorP1: Assemble system matrix ...
18:42 DiffusionOperatorP1: Calulate gradients of shape functions transformed by reference map ...
18:42 DiffusionOperatorP1: Calculate all local scalar products beween gradients ...
18:42 DiffusionOperatorP1: Determine global dofs ...
18:42 DiffusionOperatorP1: Boundary treatment ...
18:42 DiffusionOperatorP1: Assemble system matrix ...
18:42 DiffusionOperatorP1: Calulate gradients of shape functions transformed by reference map ...
18:42 DiffusionOperatorP1: Calculate all local scalar products beween gradients ...
18:42 DiffusionOperatorP1: Determine global dofs ...
18:42 DiffusionOperatorP1: Boundary treatment ...
18:42 DiffusionOperatorP1: Assemble system matrix ...
18:42 DiffusionOperatorP1: Calulate gradients of shape functions transformed by reference map ...
18:42 DiffusionOperatorP1: Calculate all local scalar products beween gradients ...
18:42 DiffusionOperatorP1: Determine global dofs ...
18:42 DiffusionOperatorP1: Boundary treatment ...
18:42 DiffusionOperatorP1: Assemble system matrix ...
18:42 DiffusionOperatorP1: Calulate gradients of shape functions transformed by reference map ...
18:42 DiffusionOperatorP1: Calculate all local scalar products beween gradients ...
18:42 DiffusionOperatorP1: Determine global dofs ...
18:42 DiffusionOperatorP1: Boundary treatment ...
18:42 DiffusionOperatorP1: Assemble system matrix ...
18:42 L2ProductP1: Integrate the products of the shape functions on each element
18:42 L2ProductP1: Determine global dofs ...
18:42 L2ProductP1: Boundary treatment ...
18:42 L2ProductP1: Assemble system matrix ...
18:42 DiffusionOperatorP1: Calulate gradients of shape functions transformed by reference map ...
18:42 DiffusionOperatorP1: Calculate all local scalar products beween gradients ...
18:42 DiffusionOperatorP1: Determine global dofs ...
18:42 DiffusionOperatorP1: Boundary treatment ...
18:42 DiffusionOperatorP1: Assemble system matrix ...
18:42 L2ProductP1: Integrate the products of the shape functions on each element
18:42 L2ProductP1: Determine global dofs ...
18:42 L2ProductP1: Boundary treatment ...
18:42 L2ProductP1: Assemble system matrix ...
18:42 DiffusionOperatorP1: Calulate gradients of shape functions transformed by reference map ...
18:42 DiffusionOperatorP1: Calculate all local scalar products beween gradients ...
18:42 DiffusionOperatorP1: Determine global dofs ...
18:42 DiffusionOperatorP1: Boundary treatment ...
18:42 DiffusionOperatorP1: Assemble system matrix ...
</system-err></testcase><testcase classname="src.pymortests.algorithms.gram_schmidt" file="src/pymortests/algorithms/gram_schmidt.py" line="68" name="test_gram_schmidt_biorth_with_product[&lt;lambda&gt;5]" time="0.033524274826049805"><system-err>18:42 DiffusionOperatorP1: Calulate gradients of shape functions transformed by reference map ...
18:42 DiffusionOperatorP1: Calculate all local scalar products beween gradients ...
18:42 DiffusionOperatorP1: Determine global dofs ...
18:42 DiffusionOperatorP1: Boundary treatment ...
18:42 DiffusionOperatorP1: Assemble system matrix ...
18:42 DiffusionOperatorP1: Calulate gradients of shape functions transformed by reference map ...
18:42 DiffusionOperatorP1: Calculate all local scalar products beween gradients ...
18:42 DiffusionOperatorP1: Determine global dofs ...
18:42 DiffusionOperatorP1: Boundary treatment ...
18:42 DiffusionOperatorP1: Assemble system matrix ...
18:42 L2ProductP1: Integrate the products of the shape functions on each element
18:42 L2ProductP1: Determine global dofs ...
18:42 L2ProductP1: Boundary treatment ...
18:42 L2ProductP1: Assemble system matrix ...
18:42 DiffusionOperatorP1: Calulate gradients of shape functions transformed by reference map ...
18:42 DiffusionOperatorP1: Calculate all local scalar products beween gradients ...
18:42 DiffusionOperatorP1: Determine global dofs ...
18:42 DiffusionOperatorP1: Boundary treatment ...
18:42 DiffusionOperatorP1: Assemble system matrix ...
18:42 L2ProductP1: Integrate the products of the shape functions on each element
18:42 L2ProductP1: Determine global dofs ...
18:42 L2ProductP1: Boundary treatment ...
18:42 L2ProductP1: Assemble system matrix ...
18:42 DiffusionOperatorP1: Calulate gradients of shape functions transformed by reference map ...
18:42 DiffusionOperatorP1: Calculate all local scalar products beween gradients ...
18:42 DiffusionOperatorP1: Determine global dofs ...
18:42 DiffusionOperatorP1: Boundary treatment ...
18:42 DiffusionOperatorP1: Assemble system matrix ...
18:42 gram_schmidt_biorth: Projecting vector V[1] again
18:42 gram_schmidt_biorth: Projecting vector W[1] again
18:42 gram_schmidt_biorth: Projecting vector V[1] again
18:42 gram_schmidt_biorth: Projecting vector W[1] again
</system-err></testcase><testcase classname="src.pymortests.algorithms.gram_schmidt" file="src/pymortests/algorithms/gram_schmidt.py" line="68" name="test_gram_schmidt_biorth_with_product[&lt;lambda&gt;6]" time="0.0392305850982666"><system-err>18:42 DiffusionOperatorP1: Calulate gradients of shape functions transformed by reference map ...
18:42 DiffusionOperatorP1: Calculate all local scalar products beween gradients ...
18:42 DiffusionOperatorP1: Determine global dofs ...
18:42 DiffusionOperatorP1: Boundary treatment ...
18:42 DiffusionOperatorP1: Assemble system matrix ...
18:42 DiffusionOperatorP1: Calulate gradients of shape functions transformed by reference map ...
18:42 DiffusionOperatorP1: Calculate all local scalar products beween gradients ...
18:42 DiffusionOperatorP1: Determine global dofs ...
18:42 DiffusionOperatorP1: Boundary treatment ...
18:42 DiffusionOperatorP1: Assemble system matrix ...
18:42 DiffusionOperatorP1: Calulate gradients of shape functions transformed by reference map ...
18:42 DiffusionOperatorP1: Calculate all local scalar products beween gradients ...
18:42 DiffusionOperatorP1: Determine global dofs ...
18:42 DiffusionOperatorP1: Boundary treatment ...
18:42 DiffusionOperatorP1: Assemble system matrix ...
18:42 DiffusionOperatorP1: Calulate gradients of shape functions transformed by reference map ...
18:42 DiffusionOperatorP1: Calculate all local scalar products beween gradients ...
18:42 DiffusionOperatorP1: Determine global dofs ...
18:42 DiffusionOperatorP1: Boundary treatment ...
18:42 DiffusionOperatorP1: Assemble system matrix ...
18:42 DiffusionOperatorP1: Calulate gradients of shape functions transformed by reference map ...
18:42 DiffusionOperatorP1: Calculate all local scalar products beween gradients ...
18:42 DiffusionOperatorP1: Determine global dofs ...
18:42 DiffusionOperatorP1: Boundary treatment ...
18:42 DiffusionOperatorP1: Assemble system matrix ...
18:42 L2ProductP1: Integrate the products of the shape functions on each element
18:42 L2ProductP1: Determine global dofs ...
18:42 L2ProductP1: Boundary treatment ...
18:42 L2ProductP1: Assemble system matrix ...
18:42 DiffusionOperatorP1: Calulate gradients of shape functions transformed by reference map ...
18:42 DiffusionOperatorP1: Calculate all local scalar products beween gradients ...
18:42 DiffusionOperatorP1: Determine global dofs ...
18:42 DiffusionOperatorP1: Boundary treatment ...
18:42 DiffusionOperatorP1: Assemble system matrix ...
18:42 L2ProductP1: Integrate the products of the shape functions on each element
18:42 L2ProductP1: Determine global dofs ...
18:42 L2ProductP1: Boundary treatment ...
18:42 L2ProductP1: Assemble system matrix ...
18:42 DiffusionOperatorP1: Calulate gradients of shape functions transformed by reference map ...
18:42 DiffusionOperatorP1: Calculate all local scalar products beween gradients ...
18:42 DiffusionOperatorP1: Determine global dofs ...
18:42 DiffusionOperatorP1: Boundary treatment ...
18:42 DiffusionOperatorP1: Assemble system matrix ...
</system-err></testcase><testcase classname="src.pymortests.algorithms.gram_schmidt" file="src/pymortests/algorithms/gram_schmidt.py" line="68" name="test_gram_schmidt_biorth_with_product[&lt;lambda&gt;7]" time="0.03281283378601074"><system-err>18:42 DiffusionOperatorP1: Calulate gradients of shape functions transformed by reference map ...
18:42 DiffusionOperatorP1: Calculate all local scalar products beween gradients ...
18:42 DiffusionOperatorP1: Determine global dofs ...
18:42 DiffusionOperatorP1: Boundary treatment ...
18:42 DiffusionOperatorP1: Assemble system matrix ...
18:42 DiffusionOperatorP1: Calulate gradients of shape functions transformed by reference map ...
18:42 DiffusionOperatorP1: Calculate all local scalar products beween gradients ...
18:42 DiffusionOperatorP1: Determine global dofs ...
18:42 DiffusionOperatorP1: Boundary treatment ...
18:42 DiffusionOperatorP1: Assemble system matrix ...
18:42 L2ProductP1: Integrate the products of the shape functions on each element
18:42 L2ProductP1: Determine global dofs ...
18:42 L2ProductP1: Boundary treatment ...
18:42 L2ProductP1: Assemble system matrix ...
18:42 DiffusionOperatorP1: Calulate gradients of shape functions transformed by reference map ...
18:42 DiffusionOperatorP1: Calculate all local scalar products beween gradients ...
18:42 DiffusionOperatorP1: Determine global dofs ...
18:42 DiffusionOperatorP1: Boundary treatment ...
18:42 DiffusionOperatorP1: Assemble system matrix ...
18:42 L2ProductP1: Integrate the products of the shape functions on each element
18:42 L2ProductP1: Determine global dofs ...
18:42 L2ProductP1: Boundary treatment ...
18:42 L2ProductP1: Assemble system matrix ...
18:42 DiffusionOperatorP1: Calulate gradients of shape functions transformed by reference map ...
18:42 DiffusionOperatorP1: Calculate all local scalar products beween gradients ...
18:42 DiffusionOperatorP1: Determine global dofs ...
18:42 DiffusionOperatorP1: Boundary treatment ...
18:42 DiffusionOperatorP1: Assemble system matrix ...
18:42 gram_schmidt_biorth: Projecting vector V[1] again
18:42 gram_schmidt_biorth: Projecting vector W[1] again
18:42 gram_schmidt_biorth: Projecting vector V[1] again
18:42 gram_schmidt_biorth: Projecting vector W[1] again
</system-err></testcase><testcase classname="src.pymortests.algorithms.gram_schmidt" file="src/pymortests/algorithms/gram_schmidt.py" line="68" name="test_gram_schmidt_biorth_with_product[&lt;lambda&gt;8]" time="0.03782916069030762"><system-err>18:42 DiffusionOperatorP1: Calulate gradients of shape functions transformed by reference map ...
18:42 DiffusionOperatorP1: Calculate all local scalar products beween gradients ...
18:42 DiffusionOperatorP1: Determine global dofs ...
18:42 DiffusionOperatorP1: Boundary treatment ...
18:42 DiffusionOperatorP1: Assemble system matrix ...
18:42 DiffusionOperatorP1: Calulate gradients of shape functions transformed by reference map ...
18:42 DiffusionOperatorP1: Calculate all local scalar products beween gradients ...
18:42 DiffusionOperatorP1: Determine global dofs ...
18:42 DiffusionOperatorP1: Boundary treatment ...
18:42 DiffusionOperatorP1: Assemble system matrix ...
18:42 DiffusionOperatorP1: Calulate gradients of shape functions transformed by reference map ...
18:42 DiffusionOperatorP1: Calculate all local scalar products beween gradients ...
18:42 DiffusionOperatorP1: Determine global dofs ...
18:42 DiffusionOperatorP1: Boundary treatment ...
18:42 DiffusionOperatorP1: Assemble system matrix ...
18:42 DiffusionOperatorP1: Calulate gradients of shape functions transformed by reference map ...
18:42 DiffusionOperatorP1: Calculate all local scalar products beween gradients ...
18:42 DiffusionOperatorP1: Determine global dofs ...
18:42 DiffusionOperatorP1: Boundary treatment ...
18:42 DiffusionOperatorP1: Assemble system matrix ...
18:42 DiffusionOperatorP1: Calulate gradients of shape functions transformed by reference map ...
18:42 DiffusionOperatorP1: Calculate all local scalar products beween gradients ...
18:42 DiffusionOperatorP1: Determine global dofs ...
18:42 DiffusionOperatorP1: Boundary treatment ...
18:42 DiffusionOperatorP1: Assemble system matrix ...
18:42 L2ProductP1: Integrate the products of the shape functions on each element
18:42 L2ProductP1: Determine global dofs ...
18:42 L2ProductP1: Boundary treatment ...
18:42 L2ProductP1: Assemble system matrix ...
18:42 DiffusionOperatorP1: Calulate gradients of shape functions transformed by reference map ...
18:42 DiffusionOperatorP1: Calculate all local scalar products beween gradients ...
18:42 DiffusionOperatorP1: Determine global dofs ...
18:42 DiffusionOperatorP1: Boundary treatment ...
18:42 DiffusionOperatorP1: Assemble system matrix ...
18:42 L2ProductP1: Integrate the products of the shape functions on each element
18:42 L2ProductP1: Determine global dofs ...
18:42 L2ProductP1: Boundary treatment ...
18:42 L2ProductP1: Assemble system matrix ...
18:42 DiffusionOperatorP1: Calulate gradients of shape functions transformed by reference map ...
18:42 DiffusionOperatorP1: Calculate all local scalar products beween gradients ...
18:42 DiffusionOperatorP1: Determine global dofs ...
18:42 DiffusionOperatorP1: Boundary treatment ...
18:42 DiffusionOperatorP1: Assemble system matrix ...
</system-err></testcase><testcase classname="src.pymortests.algorithms.gram_schmidt" file="src/pymortests/algorithms/gram_schmidt.py" line="68" name="test_gram_schmidt_biorth_with_product[&lt;lambda&gt;9]" time="0.033653974533081055"><system-err>18:42 DiffusionOperatorP1: Calulate gradients of shape functions transformed by reference map ...
18:42 DiffusionOperatorP1: Calculate all local scalar products beween gradients ...
18:42 DiffusionOperatorP1: Determine global dofs ...
18:42 DiffusionOperatorP1: Boundary treatment ...
18:42 DiffusionOperatorP1: Assemble system matrix ...
18:42 DiffusionOperatorP1: Calulate gradients of shape functions transformed by reference map ...
18:42 DiffusionOperatorP1: Calculate all local scalar products beween gradients ...
18:42 DiffusionOperatorP1: Determine global dofs ...
18:42 DiffusionOperatorP1: Boundary treatment ...
18:42 DiffusionOperatorP1: Assemble system matrix ...
18:42 L2ProductP1: Integrate the products of the shape functions on each element
18:42 L2ProductP1: Determine global dofs ...
18:42 L2ProductP1: Boundary treatment ...
18:42 L2ProductP1: Assemble system matrix ...
18:42 DiffusionOperatorP1: Calulate gradients of shape functions transformed by reference map ...
18:42 DiffusionOperatorP1: Calculate all local scalar products beween gradients ...
18:42 DiffusionOperatorP1: Determine global dofs ...
18:42 DiffusionOperatorP1: Boundary treatment ...
18:42 DiffusionOperatorP1: Assemble system matrix ...
18:42 L2ProductP1: Integrate the products of the shape functions on each element
18:42 L2ProductP1: Determine global dofs ...
18:42 L2ProductP1: Boundary treatment ...
18:42 L2ProductP1: Assemble system matrix ...
18:42 DiffusionOperatorP1: Calulate gradients of shape functions transformed by reference map ...
18:42 DiffusionOperatorP1: Calculate all local scalar products beween gradients ...
18:42 DiffusionOperatorP1: Determine global dofs ...
18:42 DiffusionOperatorP1: Boundary treatment ...
18:42 DiffusionOperatorP1: Assemble system matrix ...
18:42 gram_schmidt_biorth: Projecting vector V[1] again
18:42 gram_schmidt_biorth: Projecting vector W[1] again
18:42 gram_schmidt_biorth: Projecting vector V[1] again
18:42 gram_schmidt_biorth: Projecting vector W[1] again
</system-err></testcase><testcase classname="src.pymortests.algorithms.gram_schmidt" file="src/pymortests/algorithms/gram_schmidt.py" line="68" name="test_gram_schmidt_biorth_with_product[&lt;lambda&gt;10]" time="0.0379030704498291"><system-err>18:42 DiffusionOperatorP1: Calulate gradients of shape functions transformed by reference map ...
18:42 DiffusionOperatorP1: Calculate all local scalar products beween gradients ...
18:42 DiffusionOperatorP1: Determine global dofs ...
18:42 DiffusionOperatorP1: Boundary treatment ...
18:42 DiffusionOperatorP1: Assemble system matrix ...
18:42 DiffusionOperatorP1: Calulate gradients of shape functions transformed by reference map ...
18:42 DiffusionOperatorP1: Calculate all local scalar products beween gradients ...
18:42 DiffusionOperatorP1: Determine global dofs ...
18:42 DiffusionOperatorP1: Boundary treatment ...
18:42 DiffusionOperatorP1: Assemble system matrix ...
18:42 DiffusionOperatorP1: Calulate gradients of shape functions transformed by reference map ...
18:42 DiffusionOperatorP1: Calculate all local scalar products beween gradients ...
18:42 DiffusionOperatorP1: Determine global dofs ...
18:42 DiffusionOperatorP1: Boundary treatment ...
18:42 DiffusionOperatorP1: Assemble system matrix ...
18:42 DiffusionOperatorP1: Calulate gradients of shape functions transformed by reference map ...
18:42 DiffusionOperatorP1: Calculate all local scalar products beween gradients ...
18:42 DiffusionOperatorP1: Determine global dofs ...
18:42 DiffusionOperatorP1: Boundary treatment ...
18:42 DiffusionOperatorP1: Assemble system matrix ...
18:42 DiffusionOperatorP1: Calulate gradients of shape functions transformed by reference map ...
18:42 DiffusionOperatorP1: Calculate all local scalar products beween gradients ...
18:42 DiffusionOperatorP1: Determine global dofs ...
18:42 DiffusionOperatorP1: Boundary treatment ...
18:42 DiffusionOperatorP1: Assemble system matrix ...
18:42 L2ProductP1: Integrate the products of the shape functions on each element
18:42 L2ProductP1: Determine global dofs ...
18:42 L2ProductP1: Boundary treatment ...
18:42 L2ProductP1: Assemble system matrix ...
18:42 DiffusionOperatorP1: Calulate gradients of shape functions transformed by reference map ...
18:42 DiffusionOperatorP1: Calculate all local scalar products beween gradients ...
18:42 DiffusionOperatorP1: Determine global dofs ...
18:42 DiffusionOperatorP1: Boundary treatment ...
18:42 DiffusionOperatorP1: Assemble system matrix ...
18:42 L2ProductP1: Integrate the products of the shape functions on each element
18:42 L2ProductP1: Determine global dofs ...
18:42 L2ProductP1: Boundary treatment ...
18:42 L2ProductP1: Assemble system matrix ...
18:42 DiffusionOperatorP1: Calulate gradients of shape functions transformed by reference map ...
18:42 DiffusionOperatorP1: Calculate all local scalar products beween gradients ...
18:42 DiffusionOperatorP1: Determine global dofs ...
18:42 DiffusionOperatorP1: Boundary treatment ...
18:42 DiffusionOperatorP1: Assemble system matrix ...
</system-err></testcase><testcase classname="src.pymortests.algorithms.gram_schmidt" file="src/pymortests/algorithms/gram_schmidt.py" line="68" name="test_gram_schmidt_biorth_with_product[&lt;lambda&gt;11]" time="0.03508162498474121"><system-err>18:42 DiffusionOperatorP1: Calulate gradients of shape functions transformed by reference map ...
18:42 DiffusionOperatorP1: Calculate all local scalar products beween gradients ...
18:42 DiffusionOperatorP1: Determine global dofs ...
18:42 DiffusionOperatorP1: Boundary treatment ...
18:42 DiffusionOperatorP1: Assemble system matrix ...
18:42 DiffusionOperatorP1: Calulate gradients of shape functions transformed by reference map ...
18:42 DiffusionOperatorP1: Calculate all local scalar products beween gradients ...
18:42 DiffusionOperatorP1: Determine global dofs ...
18:42 DiffusionOperatorP1: Boundary treatment ...
18:42 DiffusionOperatorP1: Assemble system matrix ...
18:42 L2ProductP1: Integrate the products of the shape functions on each element
18:42 L2ProductP1: Determine global dofs ...
18:42 L2ProductP1: Boundary treatment ...
18:42 L2ProductP1: Assemble system matrix ...
18:42 DiffusionOperatorP1: Calulate gradients of shape functions transformed by reference map ...
18:42 DiffusionOperatorP1: Calculate all local scalar products beween gradients ...
18:42 DiffusionOperatorP1: Determine global dofs ...
18:42 DiffusionOperatorP1: Boundary treatment ...
18:42 DiffusionOperatorP1: Assemble system matrix ...
18:42 L2ProductP1: Integrate the products of the shape functions on each element
18:42 L2ProductP1: Determine global dofs ...
18:42 L2ProductP1: Boundary treatment ...
18:42 L2ProductP1: Assemble system matrix ...
18:42 DiffusionOperatorP1: Calulate gradients of shape functions transformed by reference map ...
18:42 DiffusionOperatorP1: Calculate all local scalar products beween gradients ...
18:42 DiffusionOperatorP1: Determine global dofs ...
18:42 DiffusionOperatorP1: Boundary treatment ...
18:42 DiffusionOperatorP1: Assemble system matrix ...
18:42 gram_schmidt_biorth: Projecting vector V[1] again
18:42 gram_schmidt_biorth: Projecting vector W[1] again
18:42 gram_schmidt_biorth: Projecting vector V[1] again
18:42 gram_schmidt_biorth: Projecting vector W[1] again
</system-err></testcase><testcase classname="src.pymortests.algorithms.gram_schmidt" file="src/pymortests/algorithms/gram_schmidt.py" line="68" name="test_gram_schmidt_biorth_with_product[&lt;lambda&gt;12]" time="0.03987741470336914"><system-err>18:42 DiffusionOperatorP1: Calulate gradients of shape functions transformed by reference map ...
18:42 DiffusionOperatorP1: Calculate all local scalar products beween gradients ...
18:42 DiffusionOperatorP1: Determine global dofs ...
18:42 DiffusionOperatorP1: Boundary treatment ...
18:42 DiffusionOperatorP1: Assemble system matrix ...
18:42 DiffusionOperatorP1: Calulate gradients of shape functions transformed by reference map ...
18:42 DiffusionOperatorP1: Calculate all local scalar products beween gradients ...
18:42 DiffusionOperatorP1: Determine global dofs ...
18:42 DiffusionOperatorP1: Boundary treatment ...
18:42 DiffusionOperatorP1: Assemble system matrix ...
18:42 DiffusionOperatorP1: Calulate gradients of shape functions transformed by reference map ...
18:42 DiffusionOperatorP1: Calculate all local scalar products beween gradients ...
18:42 DiffusionOperatorP1: Determine global dofs ...
18:42 DiffusionOperatorP1: Boundary treatment ...
18:42 DiffusionOperatorP1: Assemble system matrix ...
18:42 DiffusionOperatorP1: Calulate gradients of shape functions transformed by reference map ...
18:42 DiffusionOperatorP1: Calculate all local scalar products beween gradients ...
18:42 DiffusionOperatorP1: Determine global dofs ...
18:42 DiffusionOperatorP1: Boundary treatment ...
18:42 DiffusionOperatorP1: Assemble system matrix ...
18:42 DiffusionOperatorP1: Calulate gradients of shape functions transformed by reference map ...
18:42 DiffusionOperatorP1: Calculate all local scalar products beween gradients ...
18:42 DiffusionOperatorP1: Determine global dofs ...
18:42 DiffusionOperatorP1: Boundary treatment ...
18:42 DiffusionOperatorP1: Assemble system matrix ...
18:42 L2ProductP1: Integrate the products of the shape functions on each element
18:42 L2ProductP1: Determine global dofs ...
18:42 L2ProductP1: Boundary treatment ...
18:42 L2ProductP1: Assemble system matrix ...
18:42 DiffusionOperatorP1: Calulate gradients of shape functions transformed by reference map ...
18:42 DiffusionOperatorP1: Calculate all local scalar products beween gradients ...
18:42 DiffusionOperatorP1: Determine global dofs ...
18:42 DiffusionOperatorP1: Boundary treatment ...
18:42 DiffusionOperatorP1: Assemble system matrix ...
18:42 L2ProductP1: Integrate the products of the shape functions on each element
18:42 L2ProductP1: Determine global dofs ...
18:42 L2ProductP1: Boundary treatment ...
18:42 L2ProductP1: Assemble system matrix ...
18:42 DiffusionOperatorP1: Calulate gradients of shape functions transformed by reference map ...
18:42 DiffusionOperatorP1: Calculate all local scalar products beween gradients ...
18:42 DiffusionOperatorP1: Determine global dofs ...
18:42 DiffusionOperatorP1: Boundary treatment ...
18:42 DiffusionOperatorP1: Assemble system matrix ...
</system-err></testcase><testcase classname="src.pymortests.algorithms.gram_schmidt" file="src/pymortests/algorithms/gram_schmidt.py" line="68" name="test_gram_schmidt_biorth_with_product[&lt;lambda&gt;13]" time="0.03410696983337402"><system-err>18:42 DiffusionOperatorP1: Calulate gradients of shape functions transformed by reference map ...
18:42 DiffusionOperatorP1: Calculate all local scalar products beween gradients ...
18:42 DiffusionOperatorP1: Determine global dofs ...
18:42 DiffusionOperatorP1: Boundary treatment ...
18:42 DiffusionOperatorP1: Assemble system matrix ...
18:42 DiffusionOperatorP1: Calulate gradients of shape functions transformed by reference map ...
18:42 DiffusionOperatorP1: Calculate all local scalar products beween gradients ...
18:42 DiffusionOperatorP1: Determine global dofs ...
18:42 DiffusionOperatorP1: Boundary treatment ...
18:42 DiffusionOperatorP1: Assemble system matrix ...
18:42 L2ProductP1: Integrate the products of the shape functions on each element
18:42 L2ProductP1: Determine global dofs ...
18:42 L2ProductP1: Boundary treatment ...
18:42 L2ProductP1: Assemble system matrix ...
18:42 DiffusionOperatorP1: Calulate gradients of shape functions transformed by reference map ...
18:42 DiffusionOperatorP1: Calculate all local scalar products beween gradients ...
18:42 DiffusionOperatorP1: Determine global dofs ...
18:42 DiffusionOperatorP1: Boundary treatment ...
18:42 DiffusionOperatorP1: Assemble system matrix ...
18:42 L2ProductP1: Integrate the products of the shape functions on each element
18:42 L2ProductP1: Determine global dofs ...
18:42 L2ProductP1: Boundary treatment ...
18:42 L2ProductP1: Assemble system matrix ...
18:42 DiffusionOperatorP1: Calulate gradients of shape functions transformed by reference map ...
18:42 DiffusionOperatorP1: Calculate all local scalar products beween gradients ...
18:42 DiffusionOperatorP1: Determine global dofs ...
18:42 DiffusionOperatorP1: Boundary treatment ...
18:42 DiffusionOperatorP1: Assemble system matrix ...
</system-err></testcase><testcase classname="src.pymortests.algorithms.gram_schmidt" file="src/pymortests/algorithms/gram_schmidt.py" line="68" name="test_gram_schmidt_biorth_with_product[&lt;lambda&gt;14]" time="0.03983306884765625"><system-err>18:42 DiffusionOperatorP1: Calulate gradients of shape functions transformed by reference map ...
18:42 DiffusionOperatorP1: Calculate all local scalar products beween gradients ...
18:42 DiffusionOperatorP1: Determine global dofs ...
18:42 DiffusionOperatorP1: Boundary treatment ...
18:42 DiffusionOperatorP1: Assemble system matrix ...
18:42 DiffusionOperatorP1: Calulate gradients of shape functions transformed by reference map ...
18:42 DiffusionOperatorP1: Calculate all local scalar products beween gradients ...
18:42 DiffusionOperatorP1: Determine global dofs ...
18:42 DiffusionOperatorP1: Boundary treatment ...
18:42 DiffusionOperatorP1: Assemble system matrix ...
18:42 DiffusionOperatorP1: Calulate gradients of shape functions transformed by reference map ...
18:42 DiffusionOperatorP1: Calculate all local scalar products beween gradients ...
18:42 DiffusionOperatorP1: Determine global dofs ...
18:42 DiffusionOperatorP1: Boundary treatment ...
18:42 DiffusionOperatorP1: Assemble system matrix ...
18:42 DiffusionOperatorP1: Calulate gradients of shape functions transformed by reference map ...
18:42 DiffusionOperatorP1: Calculate all local scalar products beween gradients ...
18:42 DiffusionOperatorP1: Determine global dofs ...
18:42 DiffusionOperatorP1: Boundary treatment ...
18:42 DiffusionOperatorP1: Assemble system matrix ...
18:42 DiffusionOperatorP1: Calulate gradients of shape functions transformed by reference map ...
18:42 DiffusionOperatorP1: Calculate all local scalar products beween gradients ...
18:42 DiffusionOperatorP1: Determine global dofs ...
18:42 DiffusionOperatorP1: Boundary treatment ...
18:42 DiffusionOperatorP1: Assemble system matrix ...
18:42 L2ProductP1: Integrate the products of the shape functions on each element
18:42 L2ProductP1: Determine global dofs ...
18:42 L2ProductP1: Boundary treatment ...
18:42 L2ProductP1: Assemble system matrix ...
18:42 DiffusionOperatorP1: Calulate gradients of shape functions transformed by reference map ...
18:42 DiffusionOperatorP1: Calculate all local scalar products beween gradients ...
18:42 DiffusionOperatorP1: Determine global dofs ...
18:42 DiffusionOperatorP1: Boundary treatment ...
18:42 DiffusionOperatorP1: Assemble system matrix ...
18:42 L2ProductP1: Integrate the products of the shape functions on each element
18:42 L2ProductP1: Determine global dofs ...
18:42 L2ProductP1: Boundary treatment ...
18:42 L2ProductP1: Assemble system matrix ...
18:42 DiffusionOperatorP1: Calulate gradients of shape functions transformed by reference map ...
18:42 DiffusionOperatorP1: Calculate all local scalar products beween gradients ...
18:42 DiffusionOperatorP1: Determine global dofs ...
18:42 DiffusionOperatorP1: Boundary treatment ...
18:42 DiffusionOperatorP1: Assemble system matrix ...
18:42 gram_schmidt_biorth: Projecting vector V[1] again
18:42 gram_schmidt_biorth: Projecting vector V[2] again
18:42 gram_schmidt_biorth: Projecting vector W[2] again
18:42 gram_schmidt_biorth: Projecting vector V[1] again
18:42 gram_schmidt_biorth: Projecting vector V[2] again
18:42 gram_schmidt_biorth: Projecting vector W[2] again
</system-err></testcase><testcase classname="src.pymortests.algorithms.gram_schmidt" file="src/pymortests/algorithms/gram_schmidt.py" line="68" name="test_gram_schmidt_biorth_with_product[&lt;lambda&gt;15]" time="0.03918933868408203"><system-err>18:42 DiffusionOperatorP1: Calulate gradients of shape functions transformed by reference map ...
18:42 DiffusionOperatorP1: Calculate all local scalar products beween gradients ...
18:42 DiffusionOperatorP1: Determine global dofs ...
18:42 DiffusionOperatorP1: Boundary treatment ...
18:42 DiffusionOperatorP1: Assemble system matrix ...
18:42 DiffusionOperatorP1: Calulate gradients of shape functions transformed by reference map ...
18:42 DiffusionOperatorP1: Calculate all local scalar products beween gradients ...
18:42 DiffusionOperatorP1: Determine global dofs ...
18:42 DiffusionOperatorP1: Boundary treatment ...
18:42 DiffusionOperatorP1: Assemble system matrix ...
18:42 L2ProductP1: Integrate the products of the shape functions on each element
18:42 L2ProductP1: Determine global dofs ...
18:42 L2ProductP1: Boundary treatment ...
18:42 L2ProductP1: Assemble system matrix ...
18:42 DiffusionOperatorP1: Calulate gradients of shape functions transformed by reference map ...
18:42 DiffusionOperatorP1: Calculate all local scalar products beween gradients ...
18:42 DiffusionOperatorP1: Determine global dofs ...
18:42 DiffusionOperatorP1: Boundary treatment ...
18:42 DiffusionOperatorP1: Assemble system matrix ...
18:42 L2ProductP1: Integrate the products of the shape functions on each element
18:42 L2ProductP1: Determine global dofs ...
18:42 L2ProductP1: Boundary treatment ...
18:42 L2ProductP1: Assemble system matrix ...
18:42 DiffusionOperatorP1: Calulate gradients of shape functions transformed by reference map ...
18:42 DiffusionOperatorP1: Calculate all local scalar products beween gradients ...
18:42 DiffusionOperatorP1: Determine global dofs ...
18:42 DiffusionOperatorP1: Boundary treatment ...
18:42 DiffusionOperatorP1: Assemble system matrix ...
18:42 gram_schmidt_biorth: Projecting vector V[1] again
18:42 gram_schmidt_biorth: Projecting vector W[1] again
18:42 gram_schmidt_biorth: Projecting vector V[2] again
18:42 gram_schmidt_biorth: Projecting vector W[2] again
18:42 gram_schmidt_biorth: Projecting vector V[1] again
18:42 gram_schmidt_biorth: Projecting vector W[1] again
18:42 gram_schmidt_biorth: Projecting vector V[2] again
18:42 gram_schmidt_biorth: Projecting vector W[2] again
</system-err></testcase><testcase classname="src.pymortests.algorithms.gram_schmidt" file="src/pymortests/algorithms/gram_schmidt.py" line="68" name="test_gram_schmidt_biorth_with_product[&lt;lambda&gt;16]" time="0.03380703926086426"><system-err>18:42 DiffusionOperatorP1: Calulate gradients of shape functions transformed by reference map ...
18:42 DiffusionOperatorP1: Calculate all local scalar products beween gradients ...
18:42 DiffusionOperatorP1: Determine global dofs ...
18:42 DiffusionOperatorP1: Boundary treatment ...
18:42 DiffusionOperatorP1: Assemble system matrix ...
18:42 DiffusionOperatorP1: Calulate gradients of shape functions transformed by reference map ...
18:42 DiffusionOperatorP1: Calculate all local scalar products beween gradients ...
18:42 DiffusionOperatorP1: Determine global dofs ...
18:42 DiffusionOperatorP1: Boundary treatment ...
18:42 DiffusionOperatorP1: Assemble system matrix ...
18:42 DiffusionOperatorP1: Calulate gradients of shape functions transformed by reference map ...
18:42 DiffusionOperatorP1: Calculate all local scalar products beween gradients ...
18:42 DiffusionOperatorP1: Determine global dofs ...
18:42 DiffusionOperatorP1: Boundary treatment ...
18:42 DiffusionOperatorP1: Assemble system matrix ...
18:42 DiffusionOperatorP1: Calulate gradients of shape functions transformed by reference map ...
18:42 DiffusionOperatorP1: Calculate all local scalar products beween gradients ...
18:42 DiffusionOperatorP1: Determine global dofs ...
18:42 DiffusionOperatorP1: Boundary treatment ...
18:42 DiffusionOperatorP1: Assemble system matrix ...
18:42 DiffusionOperatorP1: Calulate gradients of shape functions transformed by reference map ...
18:42 DiffusionOperatorP1: Calculate all local scalar products beween gradients ...
18:42 DiffusionOperatorP1: Determine global dofs ...
18:42 DiffusionOperatorP1: Boundary treatment ...
18:42 DiffusionOperatorP1: Assemble system matrix ...
18:42 L2ProductP1: Integrate the products of the shape functions on each element
18:42 L2ProductP1: Determine global dofs ...
18:42 L2ProductP1: Boundary treatment ...
18:42 L2ProductP1: Assemble system matrix ...
18:42 DiffusionOperatorP1: Calulate gradients of shape functions transformed by reference map ...
18:42 DiffusionOperatorP1: Calculate all local scalar products beween gradients ...
18:42 DiffusionOperatorP1: Determine global dofs ...
18:42 DiffusionOperatorP1: Boundary treatment ...
18:42 DiffusionOperatorP1: Assemble system matrix ...
18:42 L2ProductP1: Integrate the products of the shape functions on each element
18:42 L2ProductP1: Determine global dofs ...
18:42 L2ProductP1: Boundary treatment ...
18:42 L2ProductP1: Assemble system matrix ...
18:42 DiffusionOperatorP1: Calulate gradients of shape functions transformed by reference map ...
18:42 DiffusionOperatorP1: Calculate all local scalar products beween gradients ...
18:42 DiffusionOperatorP1: Determine global dofs ...
18:42 DiffusionOperatorP1: Boundary treatment ...
18:42 DiffusionOperatorP1: Assemble system matrix ...
</system-err></testcase><testcase classname="src.pymortests.algorithms.gram_schmidt" file="src/pymortests/algorithms/gram_schmidt.py" line="68" name="test_gram_schmidt_biorth_with_product[&lt;lambda&gt;17]" time="0.028407573699951172"><system-err>18:42 DiffusionOperatorP1: Calulate gradients of shape functions transformed by reference map ...
18:42 DiffusionOperatorP1: Calculate all local scalar products beween gradients ...
18:42 DiffusionOperatorP1: Determine global dofs ...
18:42 DiffusionOperatorP1: Boundary treatment ...
18:42 DiffusionOperatorP1: Assemble system matrix ...
18:42 DiffusionOperatorP1: Calulate gradients of shape functions transformed by reference map ...
18:42 DiffusionOperatorP1: Calculate all local scalar products beween gradients ...
18:42 DiffusionOperatorP1: Determine global dofs ...
18:42 DiffusionOperatorP1: Boundary treatment ...
18:42 DiffusionOperatorP1: Assemble system matrix ...
18:42 L2ProductP1: Integrate the products of the shape functions on each element
18:42 L2ProductP1: Determine global dofs ...
18:42 L2ProductP1: Boundary treatment ...
18:42 L2ProductP1: Assemble system matrix ...
18:42 DiffusionOperatorP1: Calulate gradients of shape functions transformed by reference map ...
18:42 DiffusionOperatorP1: Calculate all local scalar products beween gradients ...
18:42 DiffusionOperatorP1: Determine global dofs ...
18:42 DiffusionOperatorP1: Boundary treatment ...
18:42 DiffusionOperatorP1: Assemble system matrix ...
18:42 L2ProductP1: Integrate the products of the shape functions on each element
18:42 L2ProductP1: Determine global dofs ...
18:42 L2ProductP1: Boundary treatment ...
18:42 L2ProductP1: Assemble system matrix ...
18:42 DiffusionOperatorP1: Calulate gradients of shape functions transformed by reference map ...
18:42 DiffusionOperatorP1: Calculate all local scalar products beween gradients ...
18:42 DiffusionOperatorP1: Determine global dofs ...
18:42 DiffusionOperatorP1: Boundary treatment ...
18:42 DiffusionOperatorP1: Assemble system matrix ...
</system-err></testcase><testcase classname="src.pymortests.algorithms.gram_schmidt" file="src/pymortests/algorithms/gram_schmidt.py" line="68" name="test_gram_schmidt_biorth_with_product[&lt;lambda&gt;18]" time="0.04535317420959473"><system-err>18:42 DiffusionOperatorP1: Calulate gradients of shape functions transformed by reference map ...
18:42 DiffusionOperatorP1: Calculate all local scalar products beween gradients ...
18:42 DiffusionOperatorP1: Determine global dofs ...
18:42 DiffusionOperatorP1: Boundary treatment ...
18:42 DiffusionOperatorP1: Assemble system matrix ...
18:42 DiffusionOperatorP1: Calulate gradients of shape functions transformed by reference map ...
18:42 DiffusionOperatorP1: Calculate all local scalar products beween gradients ...
18:42 DiffusionOperatorP1: Determine global dofs ...
18:42 DiffusionOperatorP1: Boundary treatment ...
18:42 DiffusionOperatorP1: Assemble system matrix ...
18:42 DiffusionOperatorP1: Calulate gradients of shape functions transformed by reference map ...
18:42 DiffusionOperatorP1: Calculate all local scalar products beween gradients ...
18:42 DiffusionOperatorP1: Determine global dofs ...
18:42 DiffusionOperatorP1: Boundary treatment ...
18:42 DiffusionOperatorP1: Assemble system matrix ...
18:42 DiffusionOperatorP1: Calulate gradients of shape functions transformed by reference map ...
18:42 DiffusionOperatorP1: Calculate all local scalar products beween gradients ...
18:42 DiffusionOperatorP1: Determine global dofs ...
18:42 DiffusionOperatorP1: Boundary treatment ...
18:42 DiffusionOperatorP1: Assemble system matrix ...
18:42 DiffusionOperatorP1: Calulate gradients of shape functions transformed by reference map ...
18:42 DiffusionOperatorP1: Calculate all local scalar products beween gradients ...
18:42 DiffusionOperatorP1: Determine global dofs ...
18:42 DiffusionOperatorP1: Boundary treatment ...
18:42 DiffusionOperatorP1: Assemble system matrix ...
18:42 L2ProductP1: Integrate the products of the shape functions on each element
18:42 L2ProductP1: Determine global dofs ...
18:42 L2ProductP1: Boundary treatment ...
18:42 L2ProductP1: Assemble system matrix ...
18:42 DiffusionOperatorP1: Calulate gradients of shape functions transformed by reference map ...
18:42 DiffusionOperatorP1: Calculate all local scalar products beween gradients ...
18:42 DiffusionOperatorP1: Determine global dofs ...
18:42 DiffusionOperatorP1: Boundary treatment ...
18:42 DiffusionOperatorP1: Assemble system matrix ...
18:42 L2ProductP1: Integrate the products of the shape functions on each element
18:42 L2ProductP1: Determine global dofs ...
18:42 L2ProductP1: Boundary treatment ...
18:42 L2ProductP1: Assemble system matrix ...
18:42 DiffusionOperatorP1: Calulate gradients of shape functions transformed by reference map ...
18:42 DiffusionOperatorP1: Calculate all local scalar products beween gradients ...
18:42 DiffusionOperatorP1: Determine global dofs ...
18:42 DiffusionOperatorP1: Boundary treatment ...
18:42 DiffusionOperatorP1: Assemble system matrix ...
18:42 gram_schmidt_biorth: Projecting vector V[1] again
18:42 gram_schmidt_biorth: Projecting vector V[2] again
18:42 gram_schmidt_biorth: Projecting vector W[2] again
18:42 gram_schmidt_biorth: Projecting vector V[1] again
18:42 gram_schmidt_biorth: Projecting vector V[2] again
18:42 gram_schmidt_biorth: Projecting vector W[2] again
</system-err></testcase><testcase classname="src.pymortests.algorithms.gram_schmidt" file="src/pymortests/algorithms/gram_schmidt.py" line="68" name="test_gram_schmidt_biorth_with_product[&lt;lambda&gt;19]" time="0.037981271743774414"><system-err>18:42 DiffusionOperatorP1: Calulate gradients of shape functions transformed by reference map ...
18:42 DiffusionOperatorP1: Calculate all local scalar products beween gradients ...
18:42 DiffusionOperatorP1: Determine global dofs ...
18:42 DiffusionOperatorP1: Boundary treatment ...
18:42 DiffusionOperatorP1: Assemble system matrix ...
18:42 DiffusionOperatorP1: Calulate gradients of shape functions transformed by reference map ...
18:42 DiffusionOperatorP1: Calculate all local scalar products beween gradients ...
18:42 DiffusionOperatorP1: Determine global dofs ...
18:42 DiffusionOperatorP1: Boundary treatment ...
18:42 DiffusionOperatorP1: Assemble system matrix ...
18:42 L2ProductP1: Integrate the products of the shape functions on each element
18:42 L2ProductP1: Determine global dofs ...
18:42 L2ProductP1: Boundary treatment ...
18:42 L2ProductP1: Assemble system matrix ...
18:42 DiffusionOperatorP1: Calulate gradients of shape functions transformed by reference map ...
18:42 DiffusionOperatorP1: Calculate all local scalar products beween gradients ...
18:42 DiffusionOperatorP1: Determine global dofs ...
18:42 DiffusionOperatorP1: Boundary treatment ...
18:42 DiffusionOperatorP1: Assemble system matrix ...
18:42 L2ProductP1: Integrate the products of the shape functions on each element
18:42 L2ProductP1: Determine global dofs ...
18:42 L2ProductP1: Boundary treatment ...
18:42 L2ProductP1: Assemble system matrix ...
18:42 DiffusionOperatorP1: Calulate gradients of shape functions transformed by reference map ...
18:42 DiffusionOperatorP1: Calculate all local scalar products beween gradients ...
18:42 DiffusionOperatorP1: Determine global dofs ...
18:42 DiffusionOperatorP1: Boundary treatment ...
18:42 DiffusionOperatorP1: Assemble system matrix ...
18:42 gram_schmidt_biorth: Projecting vector V[1] again
18:42 gram_schmidt_biorth: Projecting vector W[1] again
18:42 gram_schmidt_biorth: Projecting vector V[2] again
18:42 gram_schmidt_biorth: Projecting vector W[2] again
18:42 gram_schmidt_biorth: Projecting vector V[1] again
18:42 gram_schmidt_biorth: Projecting vector W[1] again
18:42 gram_schmidt_biorth: Projecting vector V[2] again
18:42 gram_schmidt_biorth: Projecting vector W[2] again
</system-err></testcase><testcase classname="src.pymortests.algorithms.gram_schmidt" file="src/pymortests/algorithms/gram_schmidt.py" line="68" name="test_gram_schmidt_biorth_with_product[&lt;lambda&gt;20]" time="0.04346466064453125"><system-err>18:42 DiffusionOperatorP1: Calulate gradients of shape functions transformed by reference map ...
18:42 DiffusionOperatorP1: Calculate all local scalar products beween gradients ...
18:42 DiffusionOperatorP1: Determine global dofs ...
18:42 DiffusionOperatorP1: Boundary treatment ...
18:42 DiffusionOperatorP1: Assemble system matrix ...
18:42 DiffusionOperatorP1: Calulate gradients of shape functions transformed by reference map ...
18:42 DiffusionOperatorP1: Calculate all local scalar products beween gradients ...
18:42 DiffusionOperatorP1: Determine global dofs ...
18:42 DiffusionOperatorP1: Boundary treatment ...
18:42 DiffusionOperatorP1: Assemble system matrix ...
18:42 DiffusionOperatorP1: Calulate gradients of shape functions transformed by reference map ...
18:42 DiffusionOperatorP1: Calculate all local scalar products beween gradients ...
18:42 DiffusionOperatorP1: Determine global dofs ...
18:42 DiffusionOperatorP1: Boundary treatment ...
18:42 DiffusionOperatorP1: Assemble system matrix ...
18:42 DiffusionOperatorP1: Calulate gradients of shape functions transformed by reference map ...
18:42 DiffusionOperatorP1: Calculate all local scalar products beween gradients ...
18:42 DiffusionOperatorP1: Determine global dofs ...
18:42 DiffusionOperatorP1: Boundary treatment ...
18:42 DiffusionOperatorP1: Assemble system matrix ...
18:42 DiffusionOperatorP1: Calulate gradients of shape functions transformed by reference map ...
18:42 DiffusionOperatorP1: Calculate all local scalar products beween gradients ...
18:42 DiffusionOperatorP1: Determine global dofs ...
18:42 DiffusionOperatorP1: Boundary treatment ...
18:42 DiffusionOperatorP1: Assemble system matrix ...
18:42 L2ProductP1: Integrate the products of the shape functions on each element
18:42 L2ProductP1: Determine global dofs ...
18:42 L2ProductP1: Boundary treatment ...
18:42 L2ProductP1: Assemble system matrix ...
18:42 DiffusionOperatorP1: Calulate gradients of shape functions transformed by reference map ...
18:42 DiffusionOperatorP1: Calculate all local scalar products beween gradients ...
18:42 DiffusionOperatorP1: Determine global dofs ...
18:42 DiffusionOperatorP1: Boundary treatment ...
18:42 DiffusionOperatorP1: Assemble system matrix ...
18:42 L2ProductP1: Integrate the products of the shape functions on each element
18:42 L2ProductP1: Determine global dofs ...
18:42 L2ProductP1: Boundary treatment ...
18:42 L2ProductP1: Assemble system matrix ...
18:42 DiffusionOperatorP1: Calulate gradients of shape functions transformed by reference map ...
18:42 DiffusionOperatorP1: Calculate all local scalar products beween gradients ...
18:42 DiffusionOperatorP1: Determine global dofs ...
18:42 DiffusionOperatorP1: Boundary treatment ...
18:42 DiffusionOperatorP1: Assemble system matrix ...
18:42 gram_schmidt_biorth: Projecting vector V[1] again
18:42 gram_schmidt_biorth: Projecting vector V[2] again
18:42 gram_schmidt_biorth: Projecting vector W[2] again
18:42 gram_schmidt_biorth: Projecting vector V[1] again
18:42 gram_schmidt_biorth: Projecting vector V[2] again
18:42 gram_schmidt_biorth: Projecting vector W[2] again
</system-err></testcase><testcase classname="src.pymortests.algorithms.gram_schmidt" file="src/pymortests/algorithms/gram_schmidt.py" line="68" name="test_gram_schmidt_biorth_with_product[&lt;lambda&gt;21]" time="0.03889346122741699"><system-err>18:42 DiffusionOperatorP1: Calulate gradients of shape functions transformed by reference map ...
18:42 DiffusionOperatorP1: Calculate all local scalar products beween gradients ...
18:42 DiffusionOperatorP1: Determine global dofs ...
18:42 DiffusionOperatorP1: Boundary treatment ...
18:42 DiffusionOperatorP1: Assemble system matrix ...
18:42 DiffusionOperatorP1: Calulate gradients of shape functions transformed by reference map ...
18:42 DiffusionOperatorP1: Calculate all local scalar products beween gradients ...
18:42 DiffusionOperatorP1: Determine global dofs ...
18:42 DiffusionOperatorP1: Boundary treatment ...
18:42 DiffusionOperatorP1: Assemble system matrix ...
18:42 L2ProductP1: Integrate the products of the shape functions on each element
18:42 L2ProductP1: Determine global dofs ...
18:42 L2ProductP1: Boundary treatment ...
18:42 L2ProductP1: Assemble system matrix ...
18:42 DiffusionOperatorP1: Calulate gradients of shape functions transformed by reference map ...
18:42 DiffusionOperatorP1: Calculate all local scalar products beween gradients ...
18:42 DiffusionOperatorP1: Determine global dofs ...
18:42 DiffusionOperatorP1: Boundary treatment ...
18:42 DiffusionOperatorP1: Assemble system matrix ...
18:42 L2ProductP1: Integrate the products of the shape functions on each element
18:42 L2ProductP1: Determine global dofs ...
18:42 L2ProductP1: Boundary treatment ...
18:42 L2ProductP1: Assemble system matrix ...
18:42 DiffusionOperatorP1: Calulate gradients of shape functions transformed by reference map ...
18:42 DiffusionOperatorP1: Calculate all local scalar products beween gradients ...
18:42 DiffusionOperatorP1: Determine global dofs ...
18:42 DiffusionOperatorP1: Boundary treatment ...
18:42 DiffusionOperatorP1: Assemble system matrix ...
18:42 gram_schmidt_biorth: Projecting vector V[1] again
18:42 gram_schmidt_biorth: Projecting vector W[1] again
18:42 gram_schmidt_biorth: Projecting vector V[2] again
18:42 gram_schmidt_biorth: Projecting vector W[2] again
18:42 gram_schmidt_biorth: Projecting vector V[1] again
18:42 gram_schmidt_biorth: Projecting vector W[1] again
18:42 gram_schmidt_biorth: Projecting vector V[2] again
18:42 gram_schmidt_biorth: Projecting vector W[2] again
</system-err></testcase><testcase classname="src.pymortests.algorithms.gram_schmidt" file="src/pymortests/algorithms/gram_schmidt.py" line="68" name="test_gram_schmidt_biorth_with_product[&lt;lambda&gt;22]" time="0.035541534423828125"><system-err>18:42 DiffusionOperatorP1: Calulate gradients of shape functions transformed by reference map ...
18:42 DiffusionOperatorP1: Calculate all local scalar products beween gradients ...
18:42 DiffusionOperatorP1: Determine global dofs ...
18:42 DiffusionOperatorP1: Boundary treatment ...
18:42 DiffusionOperatorP1: Assemble system matrix ...
18:42 DiffusionOperatorP1: Calulate gradients of shape functions transformed by reference map ...
18:42 DiffusionOperatorP1: Calculate all local scalar products beween gradients ...
18:42 DiffusionOperatorP1: Determine global dofs ...
18:42 DiffusionOperatorP1: Boundary treatment ...
18:42 DiffusionOperatorP1: Assemble system matrix ...
18:42 DiffusionOperatorP1: Calulate gradients of shape functions transformed by reference map ...
18:42 DiffusionOperatorP1: Calculate all local scalar products beween gradients ...
18:42 DiffusionOperatorP1: Determine global dofs ...
18:42 DiffusionOperatorP1: Boundary treatment ...
18:42 DiffusionOperatorP1: Assemble system matrix ...
18:42 DiffusionOperatorP1: Calulate gradients of shape functions transformed by reference map ...
18:42 DiffusionOperatorP1: Calculate all local scalar products beween gradients ...
18:42 DiffusionOperatorP1: Determine global dofs ...
18:42 DiffusionOperatorP1: Boundary treatment ...
18:42 DiffusionOperatorP1: Assemble system matrix ...
18:42 DiffusionOperatorP1: Calulate gradients of shape functions transformed by reference map ...
18:42 DiffusionOperatorP1: Calculate all local scalar products beween gradients ...
18:42 DiffusionOperatorP1: Determine global dofs ...
18:42 DiffusionOperatorP1: Boundary treatment ...
18:42 DiffusionOperatorP1: Assemble system matrix ...
18:42 L2ProductP1: Integrate the products of the shape functions on each element
18:42 L2ProductP1: Determine global dofs ...
18:42 L2ProductP1: Boundary treatment ...
18:42 L2ProductP1: Assemble system matrix ...
18:42 DiffusionOperatorP1: Calulate gradients of shape functions transformed by reference map ...
18:42 DiffusionOperatorP1: Calculate all local scalar products beween gradients ...
18:42 DiffusionOperatorP1: Determine global dofs ...
18:42 DiffusionOperatorP1: Boundary treatment ...
18:42 DiffusionOperatorP1: Assemble system matrix ...
18:42 L2ProductP1: Integrate the products of the shape functions on each element
18:42 L2ProductP1: Determine global dofs ...
18:42 L2ProductP1: Boundary treatment ...
18:42 L2ProductP1: Assemble system matrix ...
18:42 DiffusionOperatorP1: Calulate gradients of shape functions transformed by reference map ...
18:42 DiffusionOperatorP1: Calculate all local scalar products beween gradients ...
18:42 DiffusionOperatorP1: Determine global dofs ...
18:42 DiffusionOperatorP1: Boundary treatment ...
18:42 DiffusionOperatorP1: Assemble system matrix ...
</system-err></testcase><testcase classname="src.pymortests.algorithms.gram_schmidt" file="src/pymortests/algorithms/gram_schmidt.py" line="68" name="test_gram_schmidt_biorth_with_product[&lt;lambda&gt;23]" time="0.034250736236572266"><system-err>18:42 DiffusionOperatorP1: Calulate gradients of shape functions transformed by reference map ...
18:42 DiffusionOperatorP1: Calculate all local scalar products beween gradients ...
18:42 DiffusionOperatorP1: Determine global dofs ...
18:42 DiffusionOperatorP1: Boundary treatment ...
18:42 DiffusionOperatorP1: Assemble system matrix ...
18:42 DiffusionOperatorP1: Calulate gradients of shape functions transformed by reference map ...
18:42 DiffusionOperatorP1: Calculate all local scalar products beween gradients ...
18:42 DiffusionOperatorP1: Determine global dofs ...
18:42 DiffusionOperatorP1: Boundary treatment ...
18:42 DiffusionOperatorP1: Assemble system matrix ...
18:42 L2ProductP1: Integrate the products of the shape functions on each element
18:42 L2ProductP1: Determine global dofs ...
18:42 L2ProductP1: Boundary treatment ...
18:42 L2ProductP1: Assemble system matrix ...
18:42 DiffusionOperatorP1: Calulate gradients of shape functions transformed by reference map ...
18:42 DiffusionOperatorP1: Calculate all local scalar products beween gradients ...
18:42 DiffusionOperatorP1: Determine global dofs ...
18:42 DiffusionOperatorP1: Boundary treatment ...
18:42 DiffusionOperatorP1: Assemble system matrix ...
18:42 L2ProductP1: Integrate the products of the shape functions on each element
18:42 L2ProductP1: Determine global dofs ...
18:42 L2ProductP1: Boundary treatment ...
18:42 L2ProductP1: Assemble system matrix ...
18:42 DiffusionOperatorP1: Calulate gradients of shape functions transformed by reference map ...
18:42 DiffusionOperatorP1: Calculate all local scalar products beween gradients ...
18:42 DiffusionOperatorP1: Determine global dofs ...
18:42 DiffusionOperatorP1: Boundary treatment ...
18:42 DiffusionOperatorP1: Assemble system matrix ...
18:42 gram_schmidt_biorth: Projecting vector V[1] again
18:42 gram_schmidt_biorth: Projecting vector W[1] again
18:42 gram_schmidt_biorth: Projecting vector V[1] again
18:42 gram_schmidt_biorth: Projecting vector W[1] again
</system-err></testcase><testcase classname="src.pymortests.algorithms.gram_schmidt" file="src/pymortests/algorithms/gram_schmidt.py" line="68" name="test_gram_schmidt_biorth_with_product[&lt;lambda&gt;24]" time="0.009552955627441406"><system-err>18:42 gram_schmidt_biorth: Projecting vector V[1] again
18:42 gram_schmidt_biorth: Projecting vector W[1] again
18:42 gram_schmidt_biorth: Projecting vector V[1] again
18:42 gram_schmidt_biorth: Projecting vector W[1] again
</system-err></testcase><testcase classname="src.pymortests.algorithms.gram_schmidt" file="src/pymortests/algorithms/gram_schmidt.py" line="68" name="test_gram_schmidt_biorth_with_product[&lt;lambda&gt;25]" time="0.009375810623168945"><system-err>18:42 gram_schmidt_biorth: Projecting vector V[1] again
18:42 gram_schmidt_biorth: Projecting vector W[1] again
18:42 gram_schmidt_biorth: Projecting vector V[1] again
18:42 gram_schmidt_biorth: Projecting vector W[1] again
</system-err></testcase><testcase classname="src.pymortests.algorithms.gram_schmidt" file="src/pymortests/algorithms/gram_schmidt.py" line="68" name="test_gram_schmidt_biorth_with_product[&lt;lambda&gt;26]" time="0.010116100311279297"><system-err>18:42 gram_schmidt_biorth: Projecting vector V[1] again
18:42 gram_schmidt_biorth: Projecting vector W[1] again
18:42 gram_schmidt_biorth: Projecting vector V[1] again
18:42 gram_schmidt_biorth: Projecting vector W[1] again
</system-err></testcase><testcase classname="src.pymortests.algorithms.gram_schmidt" file="src/pymortests/algorithms/gram_schmidt.py" line="68" name="test_gram_schmidt_biorth_with_product[&lt;lambda&gt;27]" time="0.0061419010162353516"></testcase><testcase classname="src.pymortests.algorithms.gram_schmidt" file="src/pymortests/algorithms/gram_schmidt.py" line="68" name="test_gram_schmidt_biorth_with_product[&lt;lambda&gt;28]" time="0.005216360092163086"></testcase><testcase classname="src.pymortests.algorithms.gram_schmidt" file="src/pymortests/algorithms/gram_schmidt.py" line="68" name="test_gram_schmidt_biorth_with_product[&lt;lambda&gt;29]" time="0.004643917083740234"></testcase><testcase classname="src.pymortests.algorithms.gram_schmidt" file="src/pymortests/algorithms/gram_schmidt.py" line="68" name="test_gram_schmidt_biorth_with_product[&lt;lambda&gt;30]" time="0.0043888092041015625"></testcase><testcase classname="src.pymortests.algorithms.gram_schmidt" file="src/pymortests/algorithms/gram_schmidt.py" line="68" name="test_gram_schmidt_biorth_with_product[&lt;lambda&gt;31]" time="0.0044231414794921875"></testcase><testcase classname="src.pymortests.algorithms.gram_schmidt" file="src/pymortests/algorithms/gram_schmidt.py" line="68" name="test_gram_schmidt_biorth_with_product[&lt;lambda&gt;32]" time="0.017328500747680664"></testcase><testcase classname="src.pymortests.algorithms.gram_schmidt" file="src/pymortests/algorithms/gram_schmidt.py" line="68" name="test_gram_schmidt_biorth_with_product[&lt;lambda&gt;33]" time="0.015317678451538086"></testcase><testcase classname="src.pymortests.algorithms.gram_schmidt" file="src/pymortests/algorithms/gram_schmidt.py" line="68" name="test_gram_schmidt_biorth_with_product[&lt;lambda&gt;34]" time="0.01015162467956543"><system-err>18:43 gram_schmidt_biorth: Projecting vector V[1] again
18:43 gram_schmidt_biorth: Projecting vector W[1] again
18:43 gram_schmidt_biorth: Projecting vector V[1] again
18:43 gram_schmidt_biorth: Projecting vector W[1] again
</system-err></testcase><testcase classname="src.pymortests.algorithms.gram_schmidt" file="src/pymortests/algorithms/gram_schmidt.py" line="68" name="test_gram_schmidt_biorth_with_product[&lt;lambda&gt;35]" time="0.014782190322875977"></testcase><testcase classname="src.pymortests.algorithms.gram_schmidt" file="src/pymortests/algorithms/gram_schmidt.py" line="68" name="test_gram_schmidt_biorth_with_product[&lt;lambda&gt;36]" time="0.010190725326538086"><system-err>18:43 gram_schmidt_biorth: Projecting vector V[1] again
18:43 gram_schmidt_biorth: Projecting vector W[1] again
18:43 gram_schmidt_biorth: Projecting vector V[1] again
18:43 gram_schmidt_biorth: Projecting vector W[1] again
</system-err></testcase><testcase classname="src.pymortests.algorithms.stuff" file="src/pymortests/algorithms/stuff.py" line="20" name="test_newton[1]" time="0.003228902816772461"><system-err>18:43 newton:       Initial Residual: 1.000000e+00
18:43 newton: Iteration  1: Residual: 0.000000e+00,  Reduction: 0.000000e+00, Total Reduction: 0.000000e+00
18:43 newton: Absolute limit of 1e-15 reached. Stopping.
</system-err></testcase><testcase classname="src.pymortests.algorithms.stuff" file="src/pymortests/algorithms/stuff.py" line="20" name="test_newton[2]" time="0.002257108688354492"><system-err>18:43 newton:       Initial Residual: 1.000000e+00
18:43 newton: Iteration  1: Residual: 0.000000e+00,  Reduction: 0.000000e+00, Total Reduction: 0.000000e+00
18:43 newton: Absolute limit of 1e-15 reached. Stopping.
</system-err></testcase><testcase classname="src.pymortests.algorithms.stuff" file="src/pymortests/algorithms/stuff.py" line="20" name="test_newton[3]" time="0.0022330284118652344"><system-err>18:43 newton:       Initial Residual: 1.000000e+00
18:43 newton: Iteration  1: Residual: 0.000000e+00,  Reduction: 0.000000e+00, Total Reduction: 0.000000e+00
18:43 newton: Absolute limit of 1e-15 reached. Stopping.
</system-err></testcase><testcase classname="src.pymortests.algorithms.stuff" file="src/pymortests/algorithms/stuff.py" line="20" name="test_newton[4]" time="0.002474546432495117"><system-err>18:43 newton:       Initial Residual: 1.000000e+00
18:43 newton: Iteration  1: Residual: 0.000000e+00,  Reduction: 0.000000e+00, Total Reduction: 0.000000e+00
18:43 newton: Absolute limit of 1e-15 reached. Stopping.
</system-err></testcase><testcase classname="src.pymortests.algorithms.stuff" file="src/pymortests/algorithms/stuff.py" line="20" name="test_newton[5]" time="0.0020782947540283203"><system-err>18:43 newton:       Initial Residual: 1.000000e+00
18:43 newton: Iteration  1: Residual: 0.000000e+00,  Reduction: 0.000000e+00, Total Reduction: 0.000000e+00
18:43 newton: Absolute limit of 1e-15 reached. Stopping.
</system-err></testcase><testcase classname="src.pymortests.algorithms.stuff" file="src/pymortests/algorithms/stuff.py" line="20" name="test_newton[6]" time="0.0021550655364990234"><system-err>18:43 newton:       Initial Residual: 1.000000e+00
18:43 newton: Iteration  1: Residual: 0.000000e+00,  Reduction: 0.000000e+00, Total Reduction: 0.000000e+00
18:43 newton: Absolute limit of 1e-15 reached. Stopping.
</system-err></testcase><testcase classname="src.pymortests.algorithms.stuff" file="src/pymortests/algorithms/stuff.py" line="20" name="test_newton[7]" time="0.002221345901489258"><system-err>18:43 newton:       Initial Residual: 1.000000e+00
18:43 newton: Iteration  1: Residual: 0.000000e+00,  Reduction: 0.000000e+00, Total Reduction: 0.000000e+00
18:43 newton: Absolute limit of 1e-15 reached. Stopping.
</system-err></testcase><testcase classname="src.pymortests.algorithms.stuff" file="src/pymortests/algorithms/stuff.py" line="26" name="test_newton_fail" time="0.0056688785552978516"><system-err>18:43 newton:       Initial Residual: 1.000000e+00
18:43 newton: Iteration  1: Residual: 1.000000e+00,  Reduction: 1.000000e+00, Total Reduction: 1.000000e+00
18:43 newton: Iteration  2: Residual: 1.000000e+00,  Reduction: 1.000000e+00, Total Reduction: 1.000000e+00
18:43 newton: Iteration  3: Residual: 1.000000e+00,  Reduction: 1.000000e+00, Total Reduction: 1.000000e+00
18:43 newton: Iteration  4: Residual: 1.000000e+00,  Reduction: 1.000000e+00, Total Reduction: 1.000000e+00
18:43 newton: Iteration  5: Residual: 1.000000e+00,  Reduction: 1.000000e+00, Total Reduction: 1.000000e+00
18:43 newton: Iteration  6: Residual: 1.000000e+00,  Reduction: 1.000000e+00, Total Reduction: 1.000000e+00
18:43 newton: Iteration  7: Residual: 1.000000e+00,  Reduction: 1.000000e+00, Total Reduction: 1.000000e+00
18:43 newton: Iteration  8: Residual: 1.000000e+00,  Reduction: 1.000000e+00, Total Reduction: 1.000000e+00
18:43 newton: Iteration  9: Residual: 1.000000e+00,  Reduction: 1.000000e+00, Total Reduction: 1.000000e+00
18:43 newton: Iteration 10: Residual: 1.000000e+00,  Reduction: 1.000000e+00, Total Reduction: 1.000000e+00
</system-err></testcase><testcase classname="src.pymortests.core.config" file="src/pymortests/core/config.py" line="8" name="test_repr" time="0.0170133113861084"></testcase><testcase classname="src.pymortests.core.config" file="src/pymortests/core/config.py" line="12" name="test_entries" time="0.001211404800415039"></testcase><testcase classname="src.pymortests.core.config" file="src/pymortests/core/config.py" line="19" name="test_dir" time="0.0012423992156982422"></testcase><testcase classname="src.pymortests.core.defaults" file="src/pymortests/core/defaults.py" line="14" name="test_defaults" time="0.001558065414428711"></testcase><testcase classname="src.pymortests.core.defaults" file="src/pymortests/core/defaults.py" line="30" name="test_print_defaults" time="0.06264185905456543"><system-out>                                                       defaults affecting state id calcuation                                                       
                                                       ======================================                                                       

path (shortened)                                                       value                                                                  source
---------------------------------------------------------------------  ---------------------------------------------------------------------  ------
basic.almost_equal.atol                                                1e-14                                                                  code  
basic.almost_equal.rtol                                                1e-14                                                                  code  
genericsolvers.apply_inverse.check_finite                              True                                                                   code  
genericsolvers.apply_inverse.default_least_squares_solver              &apos;generic_least_squares_lsmr&apos;                                           code  
genericsolvers.apply_inverse.default_solver                            &apos;generic_lgmres&apos;                                                       code  
genericsolvers.solver_options.least_squares_lsmr_atol                  1e-06                                                                  code  
genericsolvers.solver_options.least_squares_lsmr_btol                  1e-06                                                                  code  
genericsolvers.solver_options.least_squares_lsmr_conlim                100000000.0                                                            code  
genericsolvers.solver_options.least_squares_lsmr_damp                  0.0                                                                    code  
genericsolvers.solver_options.least_squares_lsmr_maxiter               None                                                                   code  
genericsolvers.solver_options.least_squares_lsqr_atol                  1e-06                                                                  code  
genericsolvers.solver_options.least_squares_lsqr_btol                  1e-06                                                                  code  
genericsolvers.solver_options.least_squares_lsqr_conlim                100000000.0                                                            code  
genericsolvers.solver_options.least_squares_lsqr_iter_lim              None                                                                   code  
genericsolvers.solver_options.lgmres_inner_m                           39                                                                     code  
genericsolvers.solver_options.lgmres_maxiter                           1000                                                                   code  
genericsolvers.solver_options.lgmres_outer_k                           3                                                                      code  
genericsolvers.solver_options.lgmres_tol                               1e-05                                                                  code  
gram_schmidt.gram_schmidt.atol                                         1e-13                                                                  code  
gram_schmidt.gram_schmidt.check                                        True                                                                   code  
gram_schmidt.gram_schmidt.check_tol                                    0.001                                                                  code  
gram_schmidt.gram_schmidt.reiterate                                    True                                                                   code  
gram_schmidt.gram_schmidt.reiteration_threshold                        0.1                                                                    code  
gram_schmidt.gram_schmidt.rtol                                         1e-13                                                                  code  
lradi.lyap_lrcf_solver_options.lradi_maxiter                           500                                                                    code  
lradi.lyap_lrcf_solver_options.lradi_shifts                            &apos;projection_shifts&apos;                                                    code  
lradi.lyap_lrcf_solver_options.lradi_tol                               1e-10                                                                  code  
lradi.lyap_lrcf_solver_options.projection_shifts_implicit_subspace     True                                                                   code  
lradi.lyap_lrcf_solver_options.projection_shifts_init_maxiter          20                                                                     code  
lradi.lyap_lrcf_solver_options.projection_shifts_init_seed             None                                                                   code  
lradi.lyap_lrcf_solver_options.projection_shifts_z_columns             1                                                                      code  
lyapunov.mat_eqn_sparse_min_size.value                                 1000                                                                   code  
lyapunov.solve_lyap_dense.default_solver_backend                       &apos;pymess&apos;                                                               code  
lyapunov.solve_lyap_lrcf.default_dense_solver_backend                  &apos;pymess&apos;                                                               code  
lyapunov.solve_lyap_lrcf.default_sparse_solver_backend                 &apos;pymess&apos;                                                               code  
newton.newton.atol                                                     -1.0                                                                   code  
newton.newton.maxiter                                                  100                                                                    code  
newton.newton.miniter                                                  0                                                                      code  
newton.newton.rtol                                                     -1.0                                                                   code  
newton.newton.stagnation_threshold                                     0.9                                                                    code  
newton.newton.stagnation_window                                        3                                                                      code  
pod.pod.atol                                                           0.0                                                                    code  
pod.pod.check                                                          True                                                                   code  
pod.pod.check_tol                                                      1e-10                                                                  code  
pod.pod.l2_err                                                         0.0                                                                    code  
pod.pod.orthonormalize                                                 True                                                                   code  
pod.pod.rtol                                                           4e-08                                                                  code  
pod.pod.symmetrize                                                     False                                                                  code  
riccati.solve_pos_ricc_lrcf.default_dense_solver_backend               &apos;pymess&apos;                                                               code  
riccati.solve_ricc_lrcf.default_dense_solver_backend                   &apos;pymess&apos;                                                               code  
riccati.solve_ricc_lrcf.default_sparse_solver_backend                  &apos;pymess&apos;                                                               code  
text.text_problem.font_name                                            None                                                                   code  
fenics._solver_options.preconditioner                                  &apos;amg&apos;                                                                  code  
fenics._solver_options.solver                                          &apos;bicgstab&apos;                                                             code  
ngsolve.NGSolveMatrixOperator.apply_inverse.default_solver             &apos;&apos;                                                                     code  
pyamg.apply_inverse.check_finite                                       True                                                                   code  
pyamg.apply_inverse.default_solver                                     &apos;pyamg_solve&apos;                                                          code  
pyamg.solver_options.maxiter                                           400                                                                    code  
pyamg.solver_options.rs_CF                                             &apos;RS&apos;                                                                   code  
pyamg.solver_options.rs_accel                                          None                                                                   code  
pyamg.solver_options.rs_coarse_solver                                  &apos;pinv2&apos;                                                                code  
pyamg.solver_options.rs_cycle                                          &apos;V&apos;                                                                    code  
pyamg.solver_options.rs_max_coarse                                     500                                                                    code  
pyamg.solver_options.rs_max_levels                                     10                                                                     code  
pyamg.solver_options.rs_maxiter                                        100                                                                    code  
pyamg.solver_options.rs_postsmoother                                   (&apos;gauss_seidel&apos;, {&apos;sweep&apos;: &apos;symmetric&apos;})                               code  
pyamg.solver_options.rs_strength                                       (&apos;classical&apos;, {&apos;theta&apos;: 0.25})                                         code  
pyamg.solver_options.rs_tol                                            1e-05                                                                  code  
pyamg.solver_options.sa_accel                                          None                                                                   code  
pyamg.solver_options.sa_aggregate                                      &apos;standard&apos;                                                             code  
pyamg.solver_options.sa_coarse_solver                                  &apos;pinv2&apos;                                                                code  
pyamg.solver_options.sa_cycle                                          &apos;V&apos;                                                                    code  
pyamg.solver_options.sa_diagonal_dominance                             False                                                                  code  
pyamg.solver_options.sa_improve_candidates                             ((&apos;block_gauss_seidel&apos;, {&apos;sweep&apos;: &apos;symmetric&apos;, &apos;iterations&apos;: 4}),      code  
                                                                       None)                                                                        
pyamg.solver_options.sa_max_coarse                                     500                                                                    code  
pyamg.solver_options.sa_max_levels                                     10                                                                     code  
pyamg.solver_options.sa_maxiter                                        100                                                                    code  
pyamg.solver_options.sa_postsmoother                                   (&apos;block_gauss_seidel&apos;, {&apos;sweep&apos;: &apos;symmetric&apos;})                         code  
pyamg.solver_options.sa_presmoother                                    (&apos;block_gauss_seidel&apos;, {&apos;sweep&apos;: &apos;symmetric&apos;})                         code  
pyamg.solver_options.sa_smooth                                         (&apos;jacobi&apos;, {&apos;omega&apos;: 1.3333333333333333})                              code  
pyamg.solver_options.sa_strength                                       &apos;symmetric&apos;                                                            code  
pyamg.solver_options.sa_symmetry                                       &apos;hermitian&apos;                                                            code  
pyamg.solver_options.sa_tol                                            1e-05                                                                  code  
pyamg.solver_options.tol                                               1e-05                                                                  code  
pymess.dense_nm_gmpcare_solver_options.absres_tol                      1e-11                                                                  code  
pymess.dense_nm_gmpcare_solver_options.linesearch                      False                                                                  code  
pymess.dense_nm_gmpcare_solver_options.maxit                           50                                                                     code  
pymess.dense_nm_gmpcare_solver_options.nrm                             0                                                                      code  
pymess.dense_nm_gmpcare_solver_options.relres_tol                      1e-12                                                                  code  
pymess.lradi_solver_options.adi_maxit                                  500                                                                    code  
pymess.lradi_solver_options.adi_memory_usage                           1                                                                      code  
pymess.lradi_solver_options.adi_output                                 1                                                                      code  
pymess.lradi_solver_options.adi_rel_change_tol                         1e-10                                                                  code  
pymess.lradi_solver_options.adi_res2_tol                               1e-10                                                                  code  
pymess.lradi_solver_options.adi_res2c_tol                              1e-11                                                                  code  
pymess.lradi_solver_options.adi_shifts_arp_m                           32                                                                     code  
pymess.lradi_solver_options.adi_shifts_arp_p                           48                                                                     code  
pymess.lradi_solver_options.adi_shifts_b0                              None                                                                   code  
pymess.lradi_solver_options.adi_shifts_l0                              16                                                                     code  
pymess.lradi_solver_options.adi_shifts_p                               None                                                                   code  
pymess.lradi_solver_options.adi_shifts_paratype                        3                                                                      code  
pymess.lrnm_solver_options.newton_gstep                                0                                                                      code  
pymess.lrnm_solver_options.newton_k0                                   None                                                                   code  
pymess.lrnm_solver_options.newton_linesearch                           0                                                                      code  
pymess.lrnm_solver_options.newton_maxit                                30                                                                     code  
pymess.lrnm_solver_options.newton_output                               1                                                                      code  
pymess.lrnm_solver_options.newton_res2_tol                             1e-10                                                                  code  
pymess.lrnm_solver_options.newton_singleshifts                         0                                                                      code  
pymess.solve_lyap_lrcf.default_solver                                  None                                                                   code  
pymess.solve_ricc_lrcf.default_solver                                  None                                                                   code  
scipy.apply_inverse.check_finite                                       True                                                                   code  
scipy.apply_inverse.default_least_squares_solver                       &apos;scipy_least_squares_lsmr&apos;                                             code  
scipy.apply_inverse.default_solver                                     &apos;scipy_spsolve&apos;                                                        code  
scipy.solver_options.bicgstab_maxiter                                  None                                                                   code  
scipy.solver_options.bicgstab_tol                                      1e-15                                                                  code  
scipy.solver_options.least_squares_lsmr_atol                           1e-06                                                                  code  
scipy.solver_options.least_squares_lsmr_btol                           1e-06                                                                  code  
scipy.solver_options.least_squares_lsmr_conlim                         100000000.0                                                            code  
scipy.solver_options.least_squares_lsmr_damp                           0.0                                                                    code  
scipy.solver_options.least_squares_lsmr_maxiter                        None                                                                   code  
scipy.solver_options.least_squares_lsqr_atol                           1e-06                                                                  code  
scipy.solver_options.least_squares_lsqr_btol                           1e-06                                                                  code  
scipy.solver_options.least_squares_lsqr_conlim                         100000000.0                                                            code  
scipy.solver_options.least_squares_lsqr_iter_lim                       None                                                                   code  
scipy.solver_options.lgmres_inner_m                                    39                                                                     code  
scipy.solver_options.lgmres_maxiter                                    1000                                                                   code  
scipy.solver_options.lgmres_outer_k                                    3                                                                      code  
scipy.solver_options.lgmres_tol                                        1e-05                                                                  code  
scipy.solver_options.spilu_drop_rule                                   None                                                                   code  
scipy.solver_options.spilu_drop_tol                                    0.0001                                                                 code  
scipy.solver_options.spilu_fill_factor                                 10                                                                     code  
scipy.solver_options.spilu_permc_spec                                  &apos;COLAMD&apos;                                                               code  
scipy.solver_options.spsolve_keep_factorization                        True                                                                   code  
scipy.solver_options.spsolve_permc_spec                                &apos;COLAMD&apos;                                                               code  
constructions.induced_norm.raise_negative                              True                                                                   code  
constructions.induced_norm.tol                                         1e-10                                                                  code  
fv.jacobian_options.delta                                              1e-07                                                                  code  
numpy.NumpyMatrixOperator.apply_inverse.check_finite                   True                                                                   code  
numpy.NumpyMatrixOperator.apply_inverse.default_sparse_solver_backend  &apos;scipy&apos;                                                                code  
default.new_parallel_pool.allow_mpi                                    True                                                                   code  
default.new_parallel_pool.ipython_num_engines                          None                                                                   code  
default.new_parallel_pool.ipython_profile                              None                                                                   code  
floatcmp.float_cmp.atol                                                1e-14                                                                  code  
floatcmp.float_cmp.rtol                                                1e-14                                                                  code  
mpi.event_loop_settings.auto_launch                                    True                                                                   code  
random.new_random_state.seed                                           42                                                                     code  
defaults.func.c                                                        43                                                                     user  
defaults.func.d                                                        3                                                                      code  



                  defaults not affecting state id calculation                   
                  ===========================================                   

path (shortened)                     value                                source
-----------------------------------  -----------------------------------  ------
genericsolvers.solver_options.least  False                                code  
_squares_lsmr_show                                                              
genericsolvers.solver_options.least  False                                code  
_squares_lsqr_show                                                              
pyamg.solver_options.verb            False                                code  
scipy.solver_options.least_squares_  False                                code  
lsmr_show                                                                       
scipy.solver_options.least_squares_  False                                code  
lsqr_show                                                                       
cache.default_regions.disk_max_size  1073741824                           code  
cache.default_regions.disk_path      &apos;/tmp/pymor.cache.pymor&apos;             code  
cache.default_regions.memory_max_ke  1000                                 code  
ys                                                                              
cache.default_regions.persistent_ma  1073741824                           code  
x_size                                                                          
cache.default_regions.persistent_pa  &apos;/tmp/pymor.persistent.cache.pymor&apos;  code  
th                                                                              
logger.getLogger.filename            &apos;&apos;                                   code  
logger.set_log_format.block_timings  False                                code  
logger.set_log_format.indent_blocks  True                                 code  
logger.set_log_format.max_hierarchy  1                                    code  
_level                                                                          
logger.set_log_levels.levels         None                                 code  
gl.colormap_texture.name             &apos;viridis&apos;                            code  
qt.visualize_patch.backend           &apos;gl&apos;                                 code  
pprint.format_array.compact_print    False                                code  

</system-out></testcase><testcase classname="src.pymortests.core.defaults" file="src/pymortests/core/defaults.py" line="34" name="test_write_defaults_to_file" time="0.015178680419921875"><system-out>Written defaults to file /tmp/tmpz24atmyl/defaults.py
</system-out></testcase><testcase classname="src.pymortests.core.defaults" file="src/pymortests/core/defaults.py" line="39" name="test_load_defaults_from_file" time="0.01593923568725586"><system-out>Written defaults to file /tmp/tmpgcec9uen/defaults.py
</system-out></testcase><testcase classname="src.pymortests.core.interface.Test_Interface" file="src/pymortests/core/interface.py" line="18" name="testImplementorlist" time="0.0013473033905029297"></testcase><testcase classname="src.pymortests.core.interface.Test_Interface" file="src/pymortests/core/interface.py" line="24" name="testAbstractMethods" time="0.003644227981567383"></testcase><testcase classname="src.pymortests.core.interface.Test_Interface" file="src/pymortests/core/interface.py" line="56" name="testVersion" time="0.0008628368377685547"></testcase><testcase classname="src.pymortests.core.interface" file="src/pymortests/core/interface.py" line="78" name="test_withcopy_implementors" time="0.011162757873535156"></testcase><testcase classname="src.pymortests.core.logger" file="src/pymortests/core/logger.py" line="20" name="test_logclass[RuleTable]" time="0.001669168472290039"><system-err>18:43 |WARNING|RuleTable: warning -- logger &lt;Logger pymor.algorithms.rules.RuleTable (INFO)&gt;
18:43 |ERROR|RuleTable: error -- logger &lt;Logger pymor.algorithms.rules.RuleTable (INFO)&gt;
18:43 RuleTable: info -- logger &lt;Logger pymor.algorithms.rules.RuleTable (INFO)&gt;
</system-err></testcase><testcase classname="src.pymortests.core.logger" file="src/pymortests/core/logger.py" line="20" name="test_logclass[PatchVisualizer]" time="0.0013332366943359375"><system-err>18:43 |WARNING|PatchVisualizer: warning -- logger &lt;Logger pymor.gui.visualizers.PatchVisualizer (INFO)&gt;
18:43 |ERROR|PatchVisualizer: error -- logger &lt;Logger pymor.gui.visualizers.PatchVisualizer (INFO)&gt;
18:43 PatchVisualizer: info -- logger &lt;Logger pymor.gui.visualizers.PatchVisualizer (INFO)&gt;
</system-err></testcase><testcase classname="src.pymortests.core.logger" file="src/pymortests/core/logger.py" line="20" name="test_logclass[OnedVisualizer]" time="0.001264333724975586"><system-err>18:43 |WARNING|OnedVisualizer: warning -- logger &lt;Logger pymor.gui.visualizers.OnedVisualizer (INFO)&gt;
18:43 |ERROR|OnedVisualizer: error -- logger &lt;Logger pymor.gui.visualizers.OnedVisualizer (INFO)&gt;
18:43 OnedVisualizer: info -- logger &lt;Logger pymor.gui.visualizers.OnedVisualizer (INFO)&gt;
</system-err></testcase><testcase classname="src.pymortests.core.logger" file="src/pymortests/core/logger.py" line="20" name="test_logclass[FenicsVisualizer]" time="0.0013036727905273438"><system-err>18:43 |WARNING|FenicsVisualizer: warning -- logger &lt;Logger pymor.bindings.fenics.FenicsVisualizer (INFO)&gt;
18:43 |ERROR|FenicsVisualizer: error -- logger &lt;Logger pymor.bindings.fenics.FenicsVisualizer (INFO)&gt;
18:43 FenicsVisualizer: info -- logger &lt;Logger pymor.bindings.fenics.FenicsVisualizer (INFO)&gt;
</system-err></testcase><testcase classname="src.pymortests.core.logger" file="src/pymortests/core/logger.py" line="20" name="test_logclass[BoringTestClass]" time="0.0013287067413330078"><system-err>18:43 |WARNING|BoringTestClass: warning -- logger &lt;Logger pymortests.core.dummies.BoringTestClass (INFO)&gt;
18:43 |ERROR|BoringTestClass: error -- logger &lt;Logger pymortests.core.dummies.BoringTestClass (INFO)&gt;
18:43 BoringTestClass: info -- logger &lt;Logger pymortests.core.dummies.BoringTestClass (INFO)&gt;
</system-err></testcase><testcase classname="src.pymortests.core.logger" file="src/pymortests/core/logger.py" line="20" name="test_logclass[RemoteObjectManager]" time="0.0013201236724853516"><system-err>18:43 |WARNING|RemoteObjectManager: warning -- logger &lt;Logger pymor.parallel.manager.RemoteObjectManager (INFO)&gt;
18:43 |ERROR|RemoteObjectManager: error -- logger &lt;Logger pymor.parallel.manager.RemoteObjectManager (INFO)&gt;
18:43 RemoteObjectManager: info -- logger &lt;Logger pymor.parallel.manager.RemoteObjectManager (INFO)&gt;
</system-err></testcase><testcase classname="src.pymortests.core.logger" file="src/pymortests/core/logger.py" line="20" name="test_logclass[AdaptiveSampleSet]" time="0.0012574195861816406"><system-err>18:43 |WARNING|AdaptiveSampleSet: warning -- logger &lt;Logger pymor.algorithms.adaptivegreedy.AdaptiveSampleSet (INFO)&gt;
18:43 |ERROR|AdaptiveSampleSet: error -- logger &lt;Logger pymor.algorithms.adaptivegreedy.AdaptiveSampleSet (INFO)&gt;
18:43 AdaptiveSampleSet: info -- logger &lt;Logger pymor.algorithms.adaptivegreedy.AdaptiveSampleSet (INFO)&gt;
</system-err></testcase><testcase classname="src.pymortests.core.logger" file="src/pymortests/core/logger.py" line="20" name="test_logclass[Tree]" time="0.0014498233795166016"><system-err>18:43 |WARNING|Tree: warning -- logger &lt;Logger pymor.algorithms.hapod.Tree (INFO)&gt;
18:43 |ERROR|Tree: error -- logger &lt;Logger pymor.algorithms.hapod.Tree (INFO)&gt;
18:43 Tree: info -- logger &lt;Logger pymor.algorithms.hapod.Tree (INFO)&gt;
</system-err></testcase><testcase classname="src.pymortests.core.logger" file="src/pymortests/core/logger.py" line="20" name="test_logclass[GenericRBReductor]" time="0.0016207695007324219"><system-err>18:43 |WARNING|GenericRBReductor: warning -- logger &lt;Logger pymor.reductors.basic.GenericRBReductor (INFO)&gt;
18:43 |ERROR|GenericRBReductor: error -- logger &lt;Logger pymor.reductors.basic.GenericRBReductor (INFO)&gt;
18:43 GenericRBReductor: info -- logger &lt;Logger pymor.reductors.basic.GenericRBReductor (INFO)&gt;
</system-err></testcase><testcase classname="src.pymortests.core.logger" file="src/pymortests/core/logger.py" line="20" name="test_logclass[GenericPGReductor]" time="0.0012691020965576172"><system-err>18:43 |WARNING|GenericPGReductor: warning -- logger &lt;Logger pymor.reductors.basic.GenericPGReductor (INFO)&gt;
18:43 |ERROR|GenericPGReductor: error -- logger &lt;Logger pymor.reductors.basic.GenericPGReductor (INFO)&gt;
18:43 GenericPGReductor: info -- logger &lt;Logger pymor.reductors.basic.GenericPGReductor (INFO)&gt;
</system-err></testcase><testcase classname="src.pymortests.core.logger" file="src/pymortests/core/logger.py" line="20" name="test_logclass[GenericBTReductor]" time="0.0013685226440429688"><system-err>18:43 |WARNING|GenericBTReductor: warning -- logger &lt;Logger pymor.reductors.bt.GenericBTReductor (INFO)&gt;
18:43 |ERROR|GenericBTReductor: error -- logger &lt;Logger pymor.reductors.bt.GenericBTReductor (INFO)&gt;
18:43 GenericBTReductor: info -- logger &lt;Logger pymor.reductors.bt.GenericBTReductor (INFO)&gt;
</system-err></testcase><testcase classname="src.pymortests.core.logger" file="src/pymortests/core/logger.py" line="20" name="test_logclass[ResidualReductor]" time="0.0013470649719238281"><system-err>18:43 |WARNING|ResidualReductor: warning -- logger &lt;Logger pymor.reductors.residual.ResidualReductor (INFO)&gt;
18:43 |ERROR|ResidualReductor: error -- logger &lt;Logger pymor.reductors.residual.ResidualReductor (INFO)&gt;
18:43 ResidualReductor: info -- logger &lt;Logger pymor.reductors.residual.ResidualReductor (INFO)&gt;
</system-err></testcase><testcase classname="src.pymortests.core.logger" file="src/pymortests/core/logger.py" line="20" name="test_logclass[ImplicitEulerResidualReductor]" time="0.0012602806091308594"><system-err>18:43 |WARNING|ImplicitEulerResidualReductor: warning -- logger &lt;Logger pymor.reductors.residual.ImplicitEulerResidualReductor (INFO)&gt;
18:43 |ERROR|ImplicitEulerResidualReductor: error -- logger &lt;Logger pymor.reductors.residual.ImplicitEulerResidualReductor (INFO)&gt;
18:43 ImplicitEulerResidualReductor: info -- logger &lt;Logger pymor.reductors.residual.ImplicitEulerResidualReductor (INFO)&gt;
</system-err></testcase><testcase classname="src.pymortests.core.logger" file="src/pymortests/core/logger.py" line="20" name="test_logclass[GenericBHIReductor]" time="0.0013587474822998047"><system-err>18:43 |WARNING|GenericBHIReductor: warning -- logger &lt;Logger pymor.reductors.interpolation.GenericBHIReductor (INFO)&gt;
18:43 |ERROR|GenericBHIReductor: error -- logger &lt;Logger pymor.reductors.interpolation.GenericBHIReductor (INFO)&gt;
18:43 GenericBHIReductor: info -- logger &lt;Logger pymor.reductors.interpolation.GenericBHIReductor (INFO)&gt;
</system-err></testcase><testcase classname="src.pymortests.core.logger" file="src/pymortests/core/logger.py" line="20" name="test_logclass[TFInterpReductor]" time="0.001255035400390625"><system-err>18:43 |WARNING|TFInterpReductor: warning -- logger &lt;Logger pymor.reductors.interpolation.TFInterpReductor (INFO)&gt;
18:43 |ERROR|TFInterpReductor: error -- logger &lt;Logger pymor.reductors.interpolation.TFInterpReductor (INFO)&gt;
18:43 TFInterpReductor: info -- logger &lt;Logger pymor.reductors.interpolation.TFInterpReductor (INFO)&gt;
</system-err></testcase><testcase classname="src.pymortests.core.logger" file="src/pymortests/core/logger.py" line="20" name="test_logclass[IRKAReductor]" time="0.0012197494506835938"><system-err>18:43 |WARNING|IRKAReductor: warning -- logger &lt;Logger pymor.reductors.h2.IRKAReductor (INFO)&gt;
18:43 |ERROR|IRKAReductor: error -- logger &lt;Logger pymor.reductors.h2.IRKAReductor (INFO)&gt;
18:43 IRKAReductor: info -- logger &lt;Logger pymor.reductors.h2.IRKAReductor (INFO)&gt;
</system-err></testcase><testcase classname="src.pymortests.core.logger" file="src/pymortests/core/logger.py" line="20" name="test_logclass[TSIAReductor]" time="0.0012309551239013672"><system-err>18:43 |WARNING|TSIAReductor: warning -- logger &lt;Logger pymor.reductors.h2.TSIAReductor (INFO)&gt;
18:43 |ERROR|TSIAReductor: error -- logger &lt;Logger pymor.reductors.h2.TSIAReductor (INFO)&gt;
18:43 TSIAReductor: info -- logger &lt;Logger pymor.reductors.h2.TSIAReductor (INFO)&gt;
</system-err></testcase><testcase classname="src.pymortests.core.logger" file="src/pymortests/core/logger.py" line="20" name="test_logclass[TF_IRKAReductor]" time="0.0012536048889160156"><system-err>18:43 |WARNING|TF_IRKAReductor: warning -- logger &lt;Logger pymor.reductors.h2.TF_IRKAReductor (INFO)&gt;
18:43 |ERROR|TF_IRKAReductor: error -- logger &lt;Logger pymor.reductors.h2.TF_IRKAReductor (INFO)&gt;
18:43 TF_IRKAReductor: info -- logger &lt;Logger pymor.reductors.h2.TF_IRKAReductor (INFO)&gt;
</system-err></testcase><testcase classname="src.pymortests.core.logger" file="src/pymortests/core/logger.py" line="20" name="test_logclass[GenericSOBTpvReductor]" time="0.0014739036560058594"><system-err>18:43 |WARNING|GenericSOBTpvReductor: warning -- logger &lt;Logger pymor.reductors.sobt.GenericSOBTpvReductor (INFO)&gt;
18:43 |ERROR|GenericSOBTpvReductor: error -- logger &lt;Logger pymor.reductors.sobt.GenericSOBTpvReductor (INFO)&gt;
18:43 GenericSOBTpvReductor: info -- logger &lt;Logger pymor.reductors.sobt.GenericSOBTpvReductor (INFO)&gt;
</system-err></testcase><testcase classname="src.pymortests.core.logger" file="src/pymortests/core/logger.py" line="20" name="test_logclass[SOBTfvReductor]" time="0.0012907981872558594"><system-err>18:43 |WARNING|SOBTfvReductor: warning -- logger &lt;Logger pymor.reductors.sobt.SOBTfvReductor (INFO)&gt;
18:43 |ERROR|SOBTfvReductor: error -- logger &lt;Logger pymor.reductors.sobt.SOBTfvReductor (INFO)&gt;
18:43 SOBTfvReductor: info -- logger &lt;Logger pymor.reductors.sobt.SOBTfvReductor (INFO)&gt;
</system-err></testcase><testcase classname="src.pymortests.core.logger" file="src/pymortests/core/logger.py" line="20" name="test_logclass[SOBTReductor]" time="0.0012674331665039062"><system-err>18:43 |WARNING|SOBTReductor: warning -- logger &lt;Logger pymor.reductors.sobt.SOBTReductor (INFO)&gt;
18:43 |ERROR|SOBTReductor: error -- logger &lt;Logger pymor.reductors.sobt.SOBTReductor (INFO)&gt;
18:43 SOBTReductor: info -- logger &lt;Logger pymor.reductors.sobt.SOBTReductor (INFO)&gt;
</system-err></testcase><testcase classname="src.pymortests.core.logger" file="src/pymortests/core/logger.py" line="20" name="test_logclass[SOR_IRKAReductor]" time="0.0013930797576904297"><system-err>18:43 |WARNING|SOR_IRKAReductor: warning -- logger &lt;Logger pymor.reductors.sor_irka.SOR_IRKAReductor (INFO)&gt;
18:43 |ERROR|SOR_IRKAReductor: error -- logger &lt;Logger pymor.reductors.sor_irka.SOR_IRKAReductor (INFO)&gt;
18:43 SOR_IRKAReductor: info -- logger &lt;Logger pymor.reductors.sor_irka.SOR_IRKAReductor (INFO)&gt;
</system-err></testcase><testcase classname="src.pymortests.core.logger" file="src/pymortests/core/logger.py" line="20" name="test_logclass[new_ipcluster_pool]" time="0.001474618911743164"><system-err>18:43 |WARNING|new_ipcluster_pool: warning -- logger &lt;Logger pymor.parallel.ipython.new_ipcluster_pool (INFO)&gt;
18:43 |ERROR|new_ipcluster_pool: error -- logger &lt;Logger pymor.parallel.ipython.new_ipcluster_pool (INFO)&gt;
18:43 new_ipcluster_pool: info -- logger &lt;Logger pymor.parallel.ipython.new_ipcluster_pool (INFO)&gt;
</system-err></testcase><testcase classname="src.pymortests.core.logger" file="src/pymortests/core/logger.py" line="20" name="test_logclass[StationaryProblem]" time="0.0012674331665039062"><system-err>18:43 |WARNING|StationaryProblem: warning -- logger &lt;Logger pymor.analyticalproblems.elliptic.StationaryProblem (INFO)&gt;
18:43 |ERROR|StationaryProblem: error -- logger &lt;Logger pymor.analyticalproblems.elliptic.StationaryProblem (INFO)&gt;
18:43 StationaryProblem: info -- logger &lt;Logger pymor.analyticalproblems.elliptic.StationaryProblem (INFO)&gt;
</system-err></testcase><testcase classname="src.pymortests.core.logger" file="src/pymortests/core/logger.py" line="20" name="test_logclass[InstationaryProblem]" time="0.0013675689697265625"><system-err>18:43 |WARNING|InstationaryProblem: warning -- logger &lt;Logger pymor.analyticalproblems.instationary.InstationaryProblem (INFO)&gt;
18:43 |ERROR|InstationaryProblem: error -- logger &lt;Logger pymor.analyticalproblems.instationary.InstationaryProblem (INFO)&gt;
18:43 InstationaryProblem: info -- logger &lt;Logger pymor.analyticalproblems.instationary.InstationaryProblem (INFO)&gt;
</system-err></testcase><testcase classname="src.pymortests.core.logger" file="src/pymortests/core/logger.py" line="20" name="test_logclass[InducedNorm]" time="0.0013110637664794922"><system-err>18:43 |WARNING|InducedNorm: warning -- logger &lt;Logger pymor.operators.constructions.InducedNorm (INFO)&gt;
18:43 |ERROR|InducedNorm: error -- logger &lt;Logger pymor.operators.constructions.InducedNorm (INFO)&gt;
18:43 InducedNorm: info -- logger &lt;Logger pymor.operators.constructions.InducedNorm (INFO)&gt;
</system-err></testcase><testcase classname="src.pymortests.core.logger" file="src/pymortests/core/logger.py" line="20" name="test_logclass[NGSolveVisualizer]" time="0.0013070106506347656"><system-err>18:43 |WARNING|NGSolveVisualizer: warning -- logger &lt;Logger pymor.bindings.ngsolve.NGSolveVisualizer (INFO)&gt;
18:43 |ERROR|NGSolveVisualizer: error -- logger &lt;Logger pymor.bindings.ngsolve.NGSolveVisualizer (INFO)&gt;
18:43 NGSolveVisualizer: info -- logger &lt;Logger pymor.bindings.ngsolve.NGSolveVisualizer (INFO)&gt;
</system-err></testcase><testcase classname="src.pymortests.core.logger" file="src/pymortests/core/logger.py" line="20" name="test_logclass[CoerciveRBEstimator]" time="0.001489400863647461"><system-err>18:43 |WARNING|CoerciveRBEstimator: warning -- logger &lt;Logger pymor.reductors.coercive.CoerciveRBEstimator (INFO)&gt;
18:43 |ERROR|CoerciveRBEstimator: error -- logger &lt;Logger pymor.reductors.coercive.CoerciveRBEstimator (INFO)&gt;
18:43 CoerciveRBEstimator: info -- logger &lt;Logger pymor.reductors.coercive.CoerciveRBEstimator (INFO)&gt;
</system-err></testcase><testcase classname="src.pymortests.core.logger" file="src/pymortests/core/logger.py" line="20" name="test_logclass[SimpleCoerciveRBEstimator]" time="0.001302480697631836"><system-err>18:43 |WARNING|SimpleCoerciveRBEstimator: warning -- logger &lt;Logger pymor.reductors.coercive.SimpleCoerciveRBEstimator (INFO)&gt;
18:43 |ERROR|SimpleCoerciveRBEstimator: error -- logger &lt;Logger pymor.reductors.coercive.SimpleCoerciveRBEstimator (INFO)&gt;
18:43 SimpleCoerciveRBEstimator: info -- logger &lt;Logger pymor.reductors.coercive.SimpleCoerciveRBEstimator (INFO)&gt;
</system-err></testcase><testcase classname="src.pymortests.core.logger" file="src/pymortests/core/logger.py" line="20" name="test_logclass[ParabolicRBEstimator]" time="0.0016736984252929688"><system-err>18:43 |WARNING|ParabolicRBEstimator: warning -- logger &lt;Logger pymor.reductors.parabolic.ParabolicRBEstimator (INFO)&gt;
18:43 |ERROR|ParabolicRBEstimator: error -- logger &lt;Logger pymor.reductors.parabolic.ParabolicRBEstimator (INFO)&gt;
18:43 ParabolicRBEstimator: info -- logger &lt;Logger pymor.reductors.parabolic.ParabolicRBEstimator (INFO)&gt;
</system-err></testcase><testcase classname="src.pymortests.core.logger" file="src/pymortests/core/logger.py" line="20" name="test_logclass[MPIVisualizer]" time="0.0012850761413574219"><system-err>18:43 |WARNING|MPIVisualizer: warning -- logger &lt;Logger pymor.discretizations.mpi.MPIVisualizer (INFO)&gt;
18:43 |ERROR|MPIVisualizer: error -- logger &lt;Logger pymor.discretizations.mpi.MPIVisualizer (INFO)&gt;
18:43 MPIVisualizer: info -- logger &lt;Logger pymor.discretizations.mpi.MPIVisualizer (INFO)&gt;
</system-err></testcase><testcase classname="src.pymortests.core.logger" file="src/pymortests/core/logger.py" line="20" name="test_logclass[NumpyVectorArray]" time="0.0014538764953613281"><system-err>18:43 |WARNING|NumpyVectorArray: warning -- logger &lt;Logger pymor.vectorarrays.numpy.NumpyVectorArray (INFO)&gt;
18:43 |ERROR|NumpyVectorArray: error -- logger &lt;Logger pymor.vectorarrays.numpy.NumpyVectorArray (INFO)&gt;
18:43 NumpyVectorArray: info -- logger &lt;Logger pymor.vectorarrays.numpy.NumpyVectorArray (INFO)&gt;
</system-err></testcase><testcase classname="src.pymortests.core.logger" file="src/pymortests/core/logger.py" line="20" name="test_logclass[BlockVectorArray]" time="0.0012958049774169922"><system-err>18:43 |WARNING|BlockVectorArray: warning -- logger &lt;Logger pymor.vectorarrays.block.BlockVectorArray (INFO)&gt;
18:43 |ERROR|BlockVectorArray: error -- logger &lt;Logger pymor.vectorarrays.block.BlockVectorArray (INFO)&gt;
18:43 BlockVectorArray: info -- logger &lt;Logger pymor.vectorarrays.block.BlockVectorArray (INFO)&gt;
</system-err></testcase><testcase classname="src.pymortests.core.logger" file="src/pymortests/core/logger.py" line="20" name="test_logclass[ListVectorArray]" time="0.0012516975402832031"><system-err>18:43 |WARNING|ListVectorArray: warning -- logger &lt;Logger pymor.vectorarrays.list.ListVectorArray (INFO)&gt;
18:43 |ERROR|ListVectorArray: error -- logger &lt;Logger pymor.vectorarrays.list.ListVectorArray (INFO)&gt;
18:43 ListVectorArray: info -- logger &lt;Logger pymor.vectorarrays.list.ListVectorArray (INFO)&gt;
</system-err></testcase><testcase classname="src.pymortests.core.logger" file="src/pymortests/core/logger.py" line="20" name="test_logclass[MPIVectorArray]" time="0.0014126300811767578"><system-err>18:43 |WARNING|MPIVectorArray: warning -- logger &lt;Logger pymor.vectorarrays.mpi.MPIVectorArray (INFO)&gt;
18:43 |ERROR|MPIVectorArray: error -- logger &lt;Logger pymor.vectorarrays.mpi.MPIVectorArray (INFO)&gt;
18:43 MPIVectorArray: info -- logger &lt;Logger pymor.vectorarrays.mpi.MPIVectorArray (INFO)&gt;
</system-err></testcase><testcase classname="src.pymortests.core.logger" file="src/pymortests/core/logger.py" line="20" name="test_logclass[PreAssembleRules]" time="0.0015406608581542969"><system-err>18:43 |WARNING|PreAssembleRules: warning -- logger &lt;Logger pymor.algorithms.preassemble.PreAssembleRules (INFO)&gt;
18:43 |ERROR|PreAssembleRules: error -- logger &lt;Logger pymor.algorithms.preassemble.PreAssembleRules (INFO)&gt;
18:43 PreAssembleRules: info -- logger &lt;Logger pymor.algorithms.preassemble.PreAssembleRules (INFO)&gt;
</system-err></testcase><testcase classname="src.pymortests.core.logger" file="src/pymortests/core/logger.py" line="20" name="test_logclass[ProjectRules]" time="0.0012416839599609375"><system-err>18:43 |WARNING|ProjectRules: warning -- logger &lt;Logger pymor.algorithms.projection.ProjectRules (INFO)&gt;
18:43 |ERROR|ProjectRules: error -- logger &lt;Logger pymor.algorithms.projection.ProjectRules (INFO)&gt;
18:43 ProjectRules: info -- logger &lt;Logger pymor.algorithms.projection.ProjectRules (INFO)&gt;
</system-err></testcase><testcase classname="src.pymortests.core.logger" file="src/pymortests/core/logger.py" line="20" name="test_logclass[ProjectToSubbasisRules]" time="0.0016903877258300781"><system-err>18:43 |WARNING|ProjectToSubbasisRules: warning -- logger &lt;Logger pymor.algorithms.projection.ProjectToSubbasisRules (INFO)&gt;
18:43 |ERROR|ProjectToSubbasisRules: error -- logger &lt;Logger pymor.algorithms.projection.ProjectToSubbasisRules (INFO)&gt;
18:43 ProjectToSubbasisRules: info -- logger &lt;Logger pymor.algorithms.projection.ProjectToSubbasisRules (INFO)&gt;
</system-err></testcase><testcase classname="src.pymortests.core.logger" file="src/pymortests/core/logger.py" line="20" name="test_logclass[ToMatrixRules]" time="0.0012485980987548828"><system-err>18:43 |WARNING|ToMatrixRules: warning -- logger &lt;Logger pymor.algorithms.to_matrix.ToMatrixRules (INFO)&gt;
18:43 |ERROR|ToMatrixRules: error -- logger &lt;Logger pymor.algorithms.to_matrix.ToMatrixRules (INFO)&gt;
18:43 ToMatrixRules: info -- logger &lt;Logger pymor.algorithms.to_matrix.ToMatrixRules (INFO)&gt;
</system-err></testcase><testcase classname="src.pymortests.core.logger" file="src/pymortests/core/logger.py" line="20" name="test_logclass[CollectOperatorRangeRules]" time="0.0013036727905273438"><system-err>18:43 |WARNING|CollectOperatorRangeRules: warning -- logger &lt;Logger pymor.algorithms.image.CollectOperatorRangeRules (INFO)&gt;
18:43 |ERROR|CollectOperatorRangeRules: error -- logger &lt;Logger pymor.algorithms.image.CollectOperatorRangeRules (INFO)&gt;
18:43 CollectOperatorRangeRules: info -- logger &lt;Logger pymor.algorithms.image.CollectOperatorRangeRules (INFO)&gt;
</system-err></testcase><testcase classname="src.pymortests.core.logger" file="src/pymortests/core/logger.py" line="20" name="test_logclass[CollectVectorRangeRules]" time="0.001668691635131836"><system-err>18:43 |WARNING|CollectVectorRangeRules: warning -- logger &lt;Logger pymor.algorithms.image.CollectVectorRangeRules (INFO)&gt;
18:43 |ERROR|CollectVectorRangeRules: error -- logger &lt;Logger pymor.algorithms.image.CollectVectorRangeRules (INFO)&gt;
18:43 CollectVectorRangeRules: info -- logger &lt;Logger pymor.algorithms.image.CollectVectorRangeRules (INFO)&gt;
</system-err></testcase><testcase classname="src.pymortests.core.logger" file="src/pymortests/core/logger.py" line="20" name="test_logclass[CopyOnWriteVector]" time="0.001245260238647461"><system-err>18:43 |WARNING|CopyOnWriteVector: warning -- logger &lt;Logger pymor.vectorarrays.list.CopyOnWriteVector (INFO)&gt;
18:43 |ERROR|CopyOnWriteVector: error -- logger &lt;Logger pymor.vectorarrays.list.CopyOnWriteVector (INFO)&gt;
18:43 CopyOnWriteVector: info -- logger &lt;Logger pymor.vectorarrays.list.CopyOnWriteVector (INFO)&gt;
</system-err></testcase><testcase classname="src.pymortests.core.logger" file="src/pymortests/core/logger.py" line="20" name="test_logclass[AllDirichletBoundaryInfo]" time="0.0012640953063964844"><system-err>18:43 |WARNING|AllDirichletBoundaryInfo: warning -- logger &lt;Logger pymortests.core.dummies.AllDirichletBoundaryInfo (INFO)&gt;
18:43 |ERROR|AllDirichletBoundaryInfo: error -- logger &lt;Logger pymortests.core.dummies.AllDirichletBoundaryInfo (INFO)&gt;
18:43 AllDirichletBoundaryInfo: info -- logger &lt;Logger pymortests.core.dummies.AllDirichletBoundaryInfo (INFO)&gt;
</system-err></testcase><testcase classname="src.pymortests.core.logger" file="src/pymortests/core/logger.py" line="20" name="test_logclass[StupidImplementer]" time="0.0014498233795166016"><system-err>18:43 |WARNING|StupidImplementer: warning -- logger &lt;Logger pymortests.core.dummies.StupidImplementer (INFO)&gt;
18:43 |ERROR|StupidImplementer: error -- logger &lt;Logger pymortests.core.dummies.StupidImplementer (INFO)&gt;
18:43 StupidImplementer: info -- logger &lt;Logger pymortests.core.dummies.StupidImplementer (INFO)&gt;
</system-err></testcase><testcase classname="src.pymortests.core.logger" file="src/pymortests/core/logger.py" line="20" name="test_logclass[AverageImplementer0]" time="0.0013499259948730469"><system-err>18:43 |WARNING|AverageImplementer: warning -- logger &lt;Logger pymortests.core.dummies.AverageImplementer (INFO)&gt;
18:43 |ERROR|AverageImplementer: error -- logger &lt;Logger pymortests.core.dummies.AverageImplementer (INFO)&gt;
18:43 AverageImplementer: info -- logger &lt;Logger pymortests.core.dummies.AverageImplementer (INFO)&gt;
</system-err></testcase><testcase classname="src.pymortests.core.logger" file="src/pymortests/core/logger.py" line="20" name="test_logclass[FailImplementer]" time="0.0013217926025390625"><system-err>18:43 |WARNING|FailImplementer: warning -- logger &lt;Logger pymortests.core.dummies.FailImplementer (INFO)&gt;
18:43 |ERROR|FailImplementer: error -- logger &lt;Logger pymortests.core.dummies.FailImplementer (INFO)&gt;
18:43 FailImplementer: info -- logger &lt;Logger pymortests.core.dummies.FailImplementer (INFO)&gt;
</system-err></testcase><testcase classname="src.pymortests.core.logger" file="src/pymortests/core/logger.py" line="20" name="test_logclass[AverageImplementer1]" time="0.001283884048461914"><system-err>18:43 |WARNING|AverageImplementer: warning -- logger &lt;Logger pymortests.core.dummies.AverageImplementer (INFO)&gt;
18:43 |ERROR|AverageImplementer: error -- logger &lt;Logger pymortests.core.dummies.AverageImplementer (INFO)&gt;
18:43 AverageImplementer: info -- logger &lt;Logger pymortests.core.dummies.AverageImplementer (INFO)&gt;
</system-err></testcase><testcase classname="src.pymortests.core.logger" file="src/pymortests/core/logger.py" line="20" name="test_logclass[DummyPool]" time="0.0013184547424316406"><system-err>18:43 |WARNING|DummyPool: warning -- logger &lt;Logger pymor.parallel.dummy.DummyPool (INFO)&gt;
18:43 |ERROR|DummyPool: error -- logger &lt;Logger pymor.parallel.dummy.DummyPool (INFO)&gt;
18:43 DummyPool: info -- logger &lt;Logger pymor.parallel.dummy.DummyPool (INFO)&gt;
</system-err></testcase><testcase classname="src.pymortests.core.logger" file="src/pymortests/core/logger.py" line="20" name="test_logclass[WorkerPoolBase]" time="0.0012562274932861328"><system-err>18:43 |WARNING|WorkerPoolBase: warning -- logger &lt;Logger pymor.parallel.basic.WorkerPoolBase (INFO)&gt;
18:43 |ERROR|WorkerPoolBase: error -- logger &lt;Logger pymor.parallel.basic.WorkerPoolBase (INFO)&gt;
18:43 WorkerPoolBase: info -- logger &lt;Logger pymor.parallel.basic.WorkerPoolBase (INFO)&gt;
</system-err></testcase><testcase classname="src.pymortests.core.logger" file="src/pymortests/core/logger.py" line="20" name="test_logclass[IncHAPODTree]" time="0.0012385845184326172"><system-err>18:43 |WARNING|IncHAPODTree: warning -- logger &lt;Logger pymor.algorithms.hapod.IncHAPODTree (INFO)&gt;
18:43 |ERROR|IncHAPODTree: error -- logger &lt;Logger pymor.algorithms.hapod.IncHAPODTree (INFO)&gt;
18:43 IncHAPODTree: info -- logger &lt;Logger pymor.algorithms.hapod.IncHAPODTree (INFO)&gt;
</system-err></testcase><testcase classname="src.pymortests.core.logger" file="src/pymortests/core/logger.py" line="20" name="test_logclass[DistHAPODTree]" time="0.0013480186462402344"><system-err>18:43 |WARNING|DistHAPODTree: warning -- logger &lt;Logger pymor.algorithms.hapod.DistHAPODTree (INFO)&gt;
18:43 |ERROR|DistHAPODTree: error -- logger &lt;Logger pymor.algorithms.hapod.DistHAPODTree (INFO)&gt;
18:43 DistHAPODTree: info -- logger &lt;Logger pymor.algorithms.hapod.DistHAPODTree (INFO)&gt;
</system-err></testcase><testcase classname="src.pymortests.core.logger" file="src/pymortests/core/logger.py" line="20" name="test_logclass[CoerciveRBReductor]" time="0.0013043880462646484"><system-err>18:43 |WARNING|CoerciveRBReductor: warning -- logger &lt;Logger pymor.reductors.coercive.CoerciveRBReductor (INFO)&gt;
18:43 |ERROR|CoerciveRBReductor: error -- logger &lt;Logger pymor.reductors.coercive.CoerciveRBReductor (INFO)&gt;
18:43 CoerciveRBReductor: info -- logger &lt;Logger pymor.reductors.coercive.CoerciveRBReductor (INFO)&gt;
</system-err></testcase><testcase classname="src.pymortests.core.logger" file="src/pymortests/core/logger.py" line="20" name="test_logclass[SimpleCoerciveRBReductor]" time="0.0015020370483398438"><system-err>18:43 |WARNING|SimpleCoerciveRBReductor: warning -- logger &lt;Logger pymor.reductors.coercive.SimpleCoerciveRBReductor (INFO)&gt;
18:43 |ERROR|SimpleCoerciveRBReductor: error -- logger &lt;Logger pymor.reductors.coercive.SimpleCoerciveRBReductor (INFO)&gt;
18:43 SimpleCoerciveRBReductor: info -- logger &lt;Logger pymor.reductors.coercive.SimpleCoerciveRBReductor (INFO)&gt;
</system-err></testcase><testcase classname="src.pymortests.core.logger" file="src/pymortests/core/logger.py" line="20" name="test_logclass[ParabolicRBReductor]" time="0.0014865398406982422"><system-err>18:43 |WARNING|ParabolicRBReductor: warning -- logger &lt;Logger pymor.reductors.parabolic.ParabolicRBReductor (INFO)&gt;
18:43 |ERROR|ParabolicRBReductor: error -- logger &lt;Logger pymor.reductors.parabolic.ParabolicRBReductor (INFO)&gt;
18:43 ParabolicRBReductor: info -- logger &lt;Logger pymor.reductors.parabolic.ParabolicRBReductor (INFO)&gt;
</system-err></testcase><testcase classname="src.pymortests.core.logger" file="src/pymortests/core/logger.py" line="20" name="test_logclass[BTReductor]" time="0.0015110969543457031"><system-err>18:43 |WARNING|BTReductor: warning -- logger &lt;Logger pymor.reductors.bt.BTReductor (INFO)&gt;
18:43 |ERROR|BTReductor: error -- logger &lt;Logger pymor.reductors.bt.BTReductor (INFO)&gt;
18:43 BTReductor: info -- logger &lt;Logger pymor.reductors.bt.BTReductor (INFO)&gt;
</system-err></testcase><testcase classname="src.pymortests.core.logger" file="src/pymortests/core/logger.py" line="20" name="test_logclass[LQGBTReductor]" time="0.0014765262603759766"><system-err>18:43 |WARNING|LQGBTReductor: warning -- logger &lt;Logger pymor.reductors.bt.LQGBTReductor (INFO)&gt;
18:43 |ERROR|LQGBTReductor: error -- logger &lt;Logger pymor.reductors.bt.LQGBTReductor (INFO)&gt;
18:43 LQGBTReductor: info -- logger &lt;Logger pymor.reductors.bt.LQGBTReductor (INFO)&gt;
</system-err></testcase><testcase classname="src.pymortests.core.logger" file="src/pymortests/core/logger.py" line="20" name="test_logclass[BRBTReductor]" time="0.0013163089752197266"><system-err>18:43 |WARNING|BRBTReductor: warning -- logger &lt;Logger pymor.reductors.bt.BRBTReductor (INFO)&gt;
18:43 |ERROR|BRBTReductor: error -- logger &lt;Logger pymor.reductors.bt.BRBTReductor (INFO)&gt;
18:43 BRBTReductor: info -- logger &lt;Logger pymor.reductors.bt.BRBTReductor (INFO)&gt;
</system-err></testcase><testcase classname="src.pymortests.core.logger" file="src/pymortests/core/logger.py" line="20" name="test_logclass[LTI_BHIReductor]" time="0.00121307373046875"><system-err>18:43 |WARNING|LTI_BHIReductor: warning -- logger &lt;Logger pymor.reductors.interpolation.LTI_BHIReductor (INFO)&gt;
18:43 |ERROR|LTI_BHIReductor: error -- logger &lt;Logger pymor.reductors.interpolation.LTI_BHIReductor (INFO)&gt;
18:43 LTI_BHIReductor: info -- logger &lt;Logger pymor.reductors.interpolation.LTI_BHIReductor (INFO)&gt;
</system-err></testcase><testcase classname="src.pymortests.core.logger" file="src/pymortests/core/logger.py" line="20" name="test_logclass[SO_BHIReductor]" time="0.0013434886932373047"><system-err>18:43 |WARNING|SO_BHIReductor: warning -- logger &lt;Logger pymor.reductors.interpolation.SO_BHIReductor (INFO)&gt;
18:43 |ERROR|SO_BHIReductor: error -- logger &lt;Logger pymor.reductors.interpolation.SO_BHIReductor (INFO)&gt;
18:43 SO_BHIReductor: info -- logger &lt;Logger pymor.reductors.interpolation.SO_BHIReductor (INFO)&gt;
</system-err></testcase><testcase classname="src.pymortests.core.logger" file="src/pymortests/core/logger.py" line="20" name="test_logclass[DelayBHIReductor]" time="0.0014200210571289062"><system-err>18:43 |WARNING|DelayBHIReductor: warning -- logger &lt;Logger pymor.reductors.interpolation.DelayBHIReductor (INFO)&gt;
18:43 |ERROR|DelayBHIReductor: error -- logger &lt;Logger pymor.reductors.interpolation.DelayBHIReductor (INFO)&gt;
18:43 DelayBHIReductor: info -- logger &lt;Logger pymor.reductors.interpolation.DelayBHIReductor (INFO)&gt;
</system-err></testcase><testcase classname="src.pymortests.core.logger" file="src/pymortests/core/logger.py" line="20" name="test_logclass[SOBTpReductor]" time="0.0012698173522949219"><system-err>18:43 |WARNING|SOBTpReductor: warning -- logger &lt;Logger pymor.reductors.sobt.SOBTpReductor (INFO)&gt;
18:43 |ERROR|SOBTpReductor: error -- logger &lt;Logger pymor.reductors.sobt.SOBTpReductor (INFO)&gt;
18:43 SOBTpReductor: info -- logger &lt;Logger pymor.reductors.sobt.SOBTpReductor (INFO)&gt;
</system-err></testcase><testcase classname="src.pymortests.core.logger" file="src/pymortests/core/logger.py" line="20" name="test_logclass[SOBTvReductor]" time="0.0012345314025878906"><system-err>18:43 |WARNING|SOBTvReductor: warning -- logger &lt;Logger pymor.reductors.sobt.SOBTvReductor (INFO)&gt;
18:43 |ERROR|SOBTvReductor: error -- logger &lt;Logger pymor.reductors.sobt.SOBTvReductor (INFO)&gt;
18:43 SOBTvReductor: info -- logger &lt;Logger pymor.reductors.sobt.SOBTvReductor (INFO)&gt;
</system-err></testcase><testcase classname="src.pymortests.core.logger" file="src/pymortests/core/logger.py" line="20" name="test_logclass[SOBTpvReductor]" time="0.003253936767578125"><system-err>18:43 |WARNING|SOBTpvReductor: warning -- logger &lt;Logger pymor.reductors.sobt.SOBTpvReductor (INFO)&gt;
18:43 |ERROR|SOBTpvReductor: error -- logger &lt;Logger pymor.reductors.sobt.SOBTpvReductor (INFO)&gt;
18:43 SOBTpvReductor: info -- logger &lt;Logger pymor.reductors.sobt.SOBTpvReductor (INFO)&gt;
</system-err></testcase><testcase classname="src.pymortests.core.logger" file="src/pymortests/core/logger.py" line="20" name="test_logclass[SOBTvpReductor]" time="0.0012638568878173828"><system-err>18:43 |WARNING|SOBTvpReductor: warning -- logger &lt;Logger pymor.reductors.sobt.SOBTvpReductor (INFO)&gt;
18:43 |ERROR|SOBTvpReductor: error -- logger &lt;Logger pymor.reductors.sobt.SOBTvpReductor (INFO)&gt;
18:43 SOBTvpReductor: info -- logger &lt;Logger pymor.reductors.sobt.SOBTvpReductor (INFO)&gt;
</system-err></testcase></testsuite>