<?xml version="1.0" encoding="utf-8"?><testsuite errors="0" failures="0" name="pytest" skips="6074" tests="12148" time="1098.175"><testcase classname="src.pymortests.affine_grid" file="src/pymortests/affine_grid.py" line="24" name="test_reference_element_wrong_arguments[&lt;lambda&gt;0]" time="0.0038542747497558594"><skipped message="Suite splitting in effect" type="pytest.skip">src/pymortests/affine_grid.py:24: &lt;py._xmlgen.raw object at 0x7fb29dc90518&gt;</skipped></testcase><testcase classname="src.pymortests.affine_grid" file="src/pymortests/affine_grid.py" line="24" name="test_reference_element_wrong_arguments[&lt;lambda&gt;1]" time="0.0005164146423339844"><skipped message="Suite splitting in effect" type="pytest.skip">src/pymortests/affine_grid.py:24: &lt;py._xmlgen.raw object at 0x7fb29dc9a6d8&gt;</skipped></testcase><testcase classname="src.pymortests.affine_grid" file="src/pymortests/affine_grid.py" line="24" name="test_reference_element_wrong_arguments[&lt;lambda&gt;2]" time="0.0004563331604003906"><skipped message="Suite splitting in effect" type="pytest.skip">src/pymortests/affine_grid.py:24: &lt;py._xmlgen.raw object at 0x7fb29dc9abe0&gt;</skipped></testcase><testcase classname="src.pymortests.affine_grid" file="src/pymortests/affine_grid.py" line="24" name="test_reference_element_wrong_arguments[&lt;lambda&gt;3]" time="0.0004267692565917969"><skipped message="Suite splitting in effect" type="pytest.skip">src/pymortests/affine_grid.py:24: &lt;py._xmlgen.raw object at 0x7fb29dc2f0f0&gt;</skipped></testcase><testcase classname="src.pymortests.affine_grid" file="src/pymortests/affine_grid.py" line="24" name="test_reference_element_wrong_arguments[&lt;lambda&gt;4]" time="0.00047326087951660156"><skipped message="Suite splitting in effect" type="pytest.skip">src/pymortests/affine_grid.py:24: &lt;py._xmlgen.raw object at 0x7fb29dc2f5c0&gt;</skipped></testcase><testcase classname="src.pymortests.affine_grid" file="src/pymortests/affine_grid.py" line="24" name="test_reference_element_wrong_arguments[&lt;lambda&gt;5]" time="0.0004191398620605469"><skipped message="Suite splitting in effect" type="pytest.skip">src/pymortests/affine_grid.py:24: &lt;py._xmlgen.raw object at 0x7fb29dc2fa90&gt;</skipped></testcase><testcase classname="src.pymortests.affine_grid" file="src/pymortests/affine_grid.py" line="24" name="test_reference_element_wrong_arguments[&lt;lambda&gt;6]" time="0.0005939006805419922"><skipped message="Suite splitting in effect" type="pytest.skip">src/pymortests/affine_grid.py:24: &lt;py._xmlgen.raw object at 0x7fb29dc9ac50&gt;</skipped></testcase><testcase classname="src.pymortests.affine_grid" file="src/pymortests/affine_grid.py" line="24" name="test_reference_element_wrong_arguments[&lt;lambda&gt;7]" time="0.0004131793975830078"><skipped message="Suite splitting in effect" type="pytest.skip">src/pymortests/affine_grid.py:24: &lt;py._xmlgen.raw object at 0x7fb29dc9aac8&gt;</skipped></testcase><testcase classname="src.pymortests.affine_grid" file="src/pymortests/affine_grid.py" line="24" name="test_reference_element_wrong_arguments[&lt;lambda&gt;8]" time="0.0004119873046875"><skipped message="Suite splitting in effect" type="pytest.skip">src/pymortests/affine_grid.py:24: &lt;py._xmlgen.raw object at 0x7fb29dc90358&gt;</skipped></testcase><testcase classname="src.pymortests.affine_grid" file="src/pymortests/affine_grid.py" line="24" name="test_reference_element_wrong_arguments[&lt;lambda&gt;9]" time="0.0004200935363769531"><skipped message="Suite splitting in effect" type="pytest.skip">src/pymortests/affine_grid.py:24: &lt;py._xmlgen.raw object at 0x7fb29dc2f8d0&gt;</skipped></testcase><testcase classname="src.pymortests.affine_grid" file="src/pymortests/affine_grid.py" line="24" name="test_reference_element_wrong_arguments[&lt;lambda&gt;10]" time="0.000415802001953125"><skipped message="Suite splitting in effect" type="pytest.skip">src/pymortests/affine_grid.py:24: &lt;py._xmlgen.raw object at 0x7fb29dc2f0b8&gt;</skipped></testcase><testcase classname="src.pymortests.affine_grid" file="src/pymortests/affine_grid.py" line="24" name="test_reference_element_wrong_arguments[&lt;lambda&gt;11]" time="0.0004334449768066406"><skipped message="Suite splitting in effect" type="pytest.skip">src/pymortests/affine_grid.py:24: &lt;py._xmlgen.raw object at 0x7fb29dc1e0b8&gt;</skipped></testcase><testcase classname="src.pymortests.affine_grid" file="src/pymortests/affine_grid.py" line="24" name="test_reference_element_wrong_arguments[&lt;lambda&gt;12]" time="0.0004343986511230469"><skipped message="Suite splitting in effect" type="pytest.skip">src/pymortests/affine_grid.py:24: &lt;py._xmlgen.raw object at 0x7fb29dc1e588&gt;</skipped></testcase><testcase classname="src.pymortests.affine_grid" file="src/pymortests/affine_grid.py" line="24" name="test_reference_element_wrong_arguments[&lt;lambda&gt;13]" time="0.0006754398345947266"><skipped message="Suite splitting in effect" type="pytest.skip">src/pymortests/affine_grid.py:24: &lt;py._xmlgen.raw object at 0x7fb29dc1ea58&gt;</skipped></testcase><testcase classname="src.pymortests.affine_grid" file="src/pymortests/affine_grid.py" line="24" name="test_reference_element_wrong_arguments[&lt;lambda&gt;14]" time="0.00041031837463378906"><skipped message="Suite splitting in effect" type="pytest.skip">src/pymortests/affine_grid.py:24: &lt;py._xmlgen.raw object at 0x7fb29dc2f320&gt;</skipped></testcase><testcase classname="src.pymortests.affine_grid" file="src/pymortests/affine_grid.py" line="24" name="test_reference_element_wrong_arguments[&lt;lambda&gt;15]" time="0.0003952980041503906"><skipped message="Suite splitting in effect" type="pytest.skip">src/pymortests/affine_grid.py:24: &lt;py._xmlgen.raw object at 0x7fb29dc2f7b8&gt;</skipped></testcase><testcase classname="src.pymortests.affine_grid" file="src/pymortests/affine_grid.py" line="24" name="test_reference_element_wrong_arguments[&lt;lambda&gt;16]" time="0.00041747093200683594"><skipped message="Suite splitting in effect" type="pytest.skip">src/pymortests/affine_grid.py:24: &lt;py._xmlgen.raw object at 0x7fb2e3d52d30&gt;</skipped></testcase><testcase classname="src.pymortests.affine_grid" file="src/pymortests/affine_grid.py" line="24" name="test_reference_element_wrong_arguments[&lt;lambda&gt;17]" time="0.0003974437713623047"><skipped message="Suite splitting in effect" type="pytest.skip">src/pymortests/affine_grid.py:24: &lt;py._xmlgen.raw object at 0x7fb29dc9abe0&gt;</skipped></testcase><testcase classname="src.pymortests.affine_grid" file="src/pymortests/affine_grid.py" line="24" name="test_reference_element_wrong_arguments[&lt;lambda&gt;18]" time="0.0004169940948486328"><skipped message="Suite splitting in effect" type="pytest.skip">src/pymortests/affine_grid.py:24: &lt;py._xmlgen.raw object at 0x7fb29dc1e780&gt;</skipped></testcase><testcase classname="src.pymortests.affine_grid" file="src/pymortests/affine_grid.py" line="24" name="test_reference_element_wrong_arguments[&lt;lambda&gt;19]" time="0.00042939186096191406"><skipped message="Suite splitting in effect" type="pytest.skip">src/pymortests/affine_grid.py:24: &lt;py._xmlgen.raw object at 0x7fb29dc1e3c8&gt;</skipped></testcase><testcase classname="src.pymortests.affine_grid" file="src/pymortests/affine_grid.py" line="24" name="test_reference_element_wrong_arguments[&lt;lambda&gt;20]" time="0.0004677772521972656"><skipped message="Suite splitting in effect" type="pytest.skip">src/pymortests/affine_grid.py:24: &lt;py._xmlgen.raw object at 0x7fb29dc1eeb8&gt;</skipped></testcase><testcase classname="src.pymortests.affine_grid" file="src/pymortests/affine_grid.py" line="24" name="test_reference_element_wrong_arguments[&lt;lambda&gt;21]" time="0.0006802082061767578"><skipped message="Suite splitting in effect" type="pytest.skip">src/pymortests/affine_grid.py:24: &lt;py._xmlgen.raw object at 0x7fb29dc23438&gt;</skipped></testcase><testcase classname="src.pymortests.affine_grid" file="src/pymortests/affine_grid.py" line="24" name="test_reference_element_wrong_arguments[&lt;lambda&gt;22]" time="0.00044035911560058594"><skipped message="Suite splitting in effect" type="pytest.skip">src/pymortests/affine_grid.py:24: &lt;py._xmlgen.raw object at 0x7fb29dc1eda0&gt;</skipped></testcase><testcase classname="src.pymortests.affine_grid" file="src/pymortests/affine_grid.py" line="24" name="test_reference_element_wrong_arguments[&lt;lambda&gt;23]" time="0.00040531158447265625"><skipped message="Suite splitting in effect" type="pytest.skip">src/pymortests/affine_grid.py:24: &lt;py._xmlgen.raw object at 0x7fb29dc1e780&gt;</skipped></testcase><testcase classname="src.pymortests.affine_grid" file="src/pymortests/affine_grid.py" line="24" name="test_reference_element_wrong_arguments[&lt;lambda&gt;24]" time="0.00041675567626953125"><skipped message="Suite splitting in effect" type="pytest.skip">src/pymortests/affine_grid.py:24: &lt;py._xmlgen.raw object at 0x7fb29dc9a9e8&gt;</skipped></testcase><testcase classname="src.pymortests.affine_grid" file="src/pymortests/affine_grid.py" line="24" name="test_reference_element_wrong_arguments[&lt;lambda&gt;25]" time="0.0004875659942626953"><skipped message="Suite splitting in effect" type="pytest.skip">src/pymortests/affine_grid.py:24: &lt;py._xmlgen.raw object at 0x7fb29dc902b0&gt;</skipped></testcase><testcase classname="src.pymortests.affine_grid" file="src/pymortests/affine_grid.py" line="24" name="test_reference_element_wrong_arguments[&lt;lambda&gt;26]" time="0.0004322528839111328"><skipped message="Suite splitting in effect" type="pytest.skip">src/pymortests/affine_grid.py:24: &lt;py._xmlgen.raw object at 0x7fb29dc2f6a0&gt;</skipped></testcase><testcase classname="src.pymortests.affine_grid" file="src/pymortests/affine_grid.py" line="24" name="test_reference_element_wrong_arguments[&lt;lambda&gt;27]" time="0.00046515464782714844"><skipped message="Suite splitting in effect" type="pytest.skip">src/pymortests/affine_grid.py:24: &lt;py._xmlgen.raw object at 0x7fb29dc2feb8&gt;</skipped></testcase><testcase classname="src.pymortests.affine_grid" file="src/pymortests/affine_grid.py" line="24" name="test_reference_element_wrong_arguments[&lt;lambda&gt;28]" time="0.00042629241943359375"><skipped message="Suite splitting in effect" type="pytest.skip">src/pymortests/affine_grid.py:24: &lt;py._xmlgen.raw object at 0x7fb29dc23518&gt;</skipped></testcase><testcase classname="src.pymortests.affine_grid" file="src/pymortests/affine_grid.py" line="24" name="test_reference_element_wrong_arguments[&lt;lambda&gt;29]" time="0.0006783008575439453"><skipped message="Suite splitting in effect" type="pytest.skip">src/pymortests/affine_grid.py:24: &lt;py._xmlgen.raw object at 0x7fb29dc23a58&gt;</skipped></testcase><testcase classname="src.pymortests.affine_grid" file="src/pymortests/affine_grid.py" line="24" name="test_reference_element_wrong_arguments[&lt;lambda&gt;30]" time="0.0004143714904785156"><skipped message="Suite splitting in effect" type="pytest.skip">src/pymortests/affine_grid.py:24: &lt;py._xmlgen.raw object at 0x7fb29dc2fdd8&gt;</skipped></testcase><testcase classname="src.pymortests.affine_grid" file="src/pymortests/affine_grid.py" line="24" name="test_reference_element_wrong_arguments[&lt;lambda&gt;31]" time="0.00042939186096191406"><skipped message="Suite splitting in effect" type="pytest.skip">src/pymortests/affine_grid.py:24: &lt;py._xmlgen.raw object at 0x7fb2e3d52898&gt;</skipped></testcase><testcase classname="src.pymortests.affine_grid" file="src/pymortests/affine_grid.py" line="24" name="test_reference_element_wrong_arguments[&lt;lambda&gt;32]" time="0.00039458274841308594"><skipped message="Suite splitting in effect" type="pytest.skip">src/pymortests/affine_grid.py:24: &lt;py._xmlgen.raw object at 0x7fb29dc9a978&gt;</skipped></testcase><testcase classname="src.pymortests.affine_grid" file="src/pymortests/affine_grid.py" line="24" name="test_reference_element_wrong_arguments[&lt;lambda&gt;33]" time="0.0004324913024902344"><skipped message="Suite splitting in effect" type="pytest.skip">src/pymortests/affine_grid.py:24: &lt;py._xmlgen.raw object at 0x7fb29dc1e5f8&gt;</skipped></testcase><testcase classname="src.pymortests.affine_grid" file="src/pymortests/affine_grid.py" line="24" name="test_reference_element_wrong_arguments[&lt;lambda&gt;34]" time="0.0004343986511230469"><skipped message="Suite splitting in effect" type="pytest.skip">src/pymortests/affine_grid.py:24: &lt;py._xmlgen.raw object at 0x7fb29dc1e160&gt;</skipped></testcase><testcase classname="src.pymortests.affine_grid" file="src/pymortests/affine_grid.py" line="24" name="test_reference_element_wrong_arguments[&lt;lambda&gt;35]" time="0.0004086494445800781"><skipped message="Suite splitting in effect" type="pytest.skip">src/pymortests/affine_grid.py:24: &lt;py._xmlgen.raw object at 0x7fb29dc23be0&gt;</skipped></testcase><testcase classname="src.pymortests.affine_grid" file="src/pymortests/affine_grid.py" line="24" name="test_reference_element_wrong_arguments[&lt;lambda&gt;36]" time="0.0004353523254394531"><skipped message="Suite splitting in effect" type="pytest.skip">src/pymortests/affine_grid.py:24: &lt;py._xmlgen.raw object at 0x7fb29dc23198&gt;</skipped></testcase><testcase classname="src.pymortests.affine_grid" file="src/pymortests/affine_grid.py" line="24" name="test_reference_element_wrong_arguments[&lt;lambda&gt;37]" time="0.0004138946533203125"><skipped message="Suite splitting in effect" type="pytest.skip">src/pymortests/affine_grid.py:24: &lt;py._xmlgen.raw object at 0x7fb29dbd60b8&gt;</skipped></testcase><testcase classname="src.pymortests.affine_grid" file="src/pymortests/affine_grid.py" line="24" name="test_reference_element_wrong_arguments[&lt;lambda&gt;38]" time="0.0004222393035888672"><skipped message="Suite splitting in effect" type="pytest.skip">src/pymortests/affine_grid.py:24: &lt;py._xmlgen.raw object at 0x7fb29dc23198&gt;</skipped></testcase><testcase classname="src.pymortests.affine_grid" file="src/pymortests/affine_grid.py" line="24" name="test_reference_element_wrong_arguments[&lt;lambda&gt;39]" time="0.00040268898010253906"><skipped message="Suite splitting in effect" type="pytest.skip">src/pymortests/affine_grid.py:24: &lt;py._xmlgen.raw object at 0x7fb29dc1e780&gt;</skipped></testcase><testcase classname="src.pymortests.affine_grid" file="src/pymortests/affine_grid.py" line="24" name="test_reference_element_wrong_arguments[&lt;lambda&gt;40]" time="0.0004239082336425781"><skipped message="Suite splitting in effect" type="pytest.skip">src/pymortests/affine_grid.py:24: &lt;py._xmlgen.raw object at 0x7fb29dc1e5c0&gt;</skipped></testcase><testcase classname="src.pymortests.affine_grid" file="src/pymortests/affine_grid.py" line="24" name="test_reference_element_wrong_arguments[&lt;lambda&gt;41]" time="0.00041937828063964844"><skipped message="Suite splitting in effect" type="pytest.skip">src/pymortests/affine_grid.py:24: &lt;py._xmlgen.raw object at 0x7fb2e3d636a0&gt;</skipped></testcase><testcase classname="src.pymortests.affine_grid" file="src/pymortests/affine_grid.py" line="24" name="test_reference_element_wrong_arguments[&lt;lambda&gt;42]" time="0.0004286766052246094"><skipped message="Suite splitting in effect" type="pytest.skip">src/pymortests/affine_grid.py:24: &lt;py._xmlgen.raw object at 0x7fb29dc9a240&gt;</skipped></testcase><testcase classname="src.pymortests.affine_grid" file="src/pymortests/affine_grid.py" line="32" name="test_reference_element_type[&lt;lambda&gt;0]" time="0.000484466552734375"><skipped message="Suite splitting in effect" type="pytest.skip">src/pymortests/affine_grid.py:32: &lt;py._xmlgen.raw object at 0x7fb29dc2f7b8&gt;</skipped></testcase><testcase classname="src.pymortests.affine_grid" file="src/pymortests/affine_grid.py" line="32" name="test_reference_element_type[&lt;lambda&gt;1]" time="0.0004253387451171875"><skipped message="Suite splitting in effect" type="pytest.skip">src/pymortests/affine_grid.py:32: &lt;py._xmlgen.raw object at 0x7fb29dc2fc18&gt;</skipped></testcase><testcase classname="src.pymortests.affine_grid" file="src/pymortests/affine_grid.py" line="32" name="test_reference_element_type[&lt;lambda&gt;2]" time="0.0004627704620361328"><skipped message="Suite splitting in effect" type="pytest.skip">src/pymortests/affine_grid.py:32: &lt;py._xmlgen.raw object at 0x7fb29dbd65c0&gt;</skipped></testcase><testcase classname="src.pymortests.affine_grid" file="src/pymortests/affine_grid.py" line="32" name="test_reference_element_type[&lt;lambda&gt;3]" time="0.0004317760467529297"><skipped message="Suite splitting in effect" type="pytest.skip">src/pymortests/affine_grid.py:32: &lt;py._xmlgen.raw object at 0x7fb29dc2f908&gt;</skipped></testcase><testcase classname="src.pymortests.affine_grid" file="src/pymortests/affine_grid.py" line="32" name="test_reference_element_type[&lt;lambda&gt;4]" time="0.0004191398620605469"><skipped message="Suite splitting in effect" type="pytest.skip">src/pymortests/affine_grid.py:32: &lt;py._xmlgen.raw object at 0x7fb29dc9a9e8&gt;</skipped></testcase><testcase classname="src.pymortests.affine_grid" file="src/pymortests/affine_grid.py" line="32" name="test_reference_element_type[&lt;lambda&gt;5]" time="0.00047850608825683594"><skipped message="Suite splitting in effect" type="pytest.skip">src/pymortests/affine_grid.py:32: &lt;py._xmlgen.raw object at 0x7fb2e3d63dd8&gt;</skipped></testcase><testcase classname="src.pymortests.affine_grid" file="src/pymortests/affine_grid.py" line="32" name="test_reference_element_type[&lt;lambda&gt;6]" time="0.0004229545593261719"><skipped message="Suite splitting in effect" type="pytest.skip">src/pymortests/affine_grid.py:32: &lt;py._xmlgen.raw object at 0x7fb29dc1ec50&gt;</skipped></testcase><testcase classname="src.pymortests.affine_grid" file="src/pymortests/affine_grid.py" line="32" name="test_reference_element_type[&lt;lambda&gt;7]" time="0.00039958953857421875"><skipped message="Suite splitting in effect" type="pytest.skip">src/pymortests/affine_grid.py:32: &lt;py._xmlgen.raw object at 0x7fb29dc23358&gt;</skipped></testcase><testcase classname="src.pymortests.affine_grid" file="src/pymortests/affine_grid.py" line="32" name="test_reference_element_type[&lt;lambda&gt;8]" time="0.00042557716369628906"><skipped message="Suite splitting in effect" type="pytest.skip">src/pymortests/affine_grid.py:32: &lt;py._xmlgen.raw object at 0x7fb29dc23e10&gt;</skipped></testcase><testcase classname="src.pymortests.affine_grid" file="src/pymortests/affine_grid.py" line="32" name="test_reference_element_type[&lt;lambda&gt;9]" time="0.00042557716369628906"><skipped message="Suite splitting in effect" type="pytest.skip">src/pymortests/affine_grid.py:32: &lt;py._xmlgen.raw object at 0x7fb29dbd6390&gt;</skipped></testcase><testcase classname="src.pymortests.affine_grid" file="src/pymortests/affine_grid.py" line="32" name="test_reference_element_type[&lt;lambda&gt;10]" time="0.0004153251647949219"><skipped message="Suite splitting in effect" type="pytest.skip">src/pymortests/affine_grid.py:32: &lt;py._xmlgen.raw object at 0x7fb29dbd6b00&gt;</skipped></testcase><testcase classname="src.pymortests.affine_grid" file="src/pymortests/affine_grid.py" line="32" name="test_reference_element_type[&lt;lambda&gt;11]" time="0.0006809234619140625"><skipped message="Suite splitting in effect" type="pytest.skip">src/pymortests/affine_grid.py:32: &lt;py._xmlgen.raw object at 0x7fb29dc23978&gt;</skipped></testcase><testcase classname="src.pymortests.affine_grid" file="src/pymortests/affine_grid.py" line="32" name="test_reference_element_type[&lt;lambda&gt;12]" time="0.00047659873962402344"><skipped message="Suite splitting in effect" type="pytest.skip">src/pymortests/affine_grid.py:32: &lt;py._xmlgen.raw object at 0x7fb29dc1eef0&gt;</skipped></testcase><testcase classname="src.pymortests.affine_grid" file="src/pymortests/affine_grid.py" line="32" name="test_reference_element_type[&lt;lambda&gt;13]" time="0.0004394054412841797"><skipped message="Suite splitting in effect" type="pytest.skip">src/pymortests/affine_grid.py:32: &lt;py._xmlgen.raw object at 0x7fb2e3d63d30&gt;</skipped></testcase><testcase classname="src.pymortests.affine_grid" file="src/pymortests/affine_grid.py" line="32" name="test_reference_element_type[&lt;lambda&gt;14]" time="0.0004818439483642578"><skipped message="Suite splitting in effect" type="pytest.skip">src/pymortests/affine_grid.py:32: &lt;py._xmlgen.raw object at 0x7fb29dc9a9e8&gt;</skipped></testcase><testcase classname="src.pymortests.affine_grid" file="src/pymortests/affine_grid.py" line="32" name="test_reference_element_type[&lt;lambda&gt;15]" time="0.00041365623474121094"><skipped message="Suite splitting in effect" type="pytest.skip">src/pymortests/affine_grid.py:32: &lt;py._xmlgen.raw object at 0x7fb29dc2f208&gt;</skipped></testcase><testcase classname="src.pymortests.affine_grid" file="src/pymortests/affine_grid.py" line="32" name="test_reference_element_type[&lt;lambda&gt;16]" time="0.0003979206085205078"><skipped message="Suite splitting in effect" type="pytest.skip">src/pymortests/affine_grid.py:32: &lt;py._xmlgen.raw object at 0x7fb29dbd6cf8&gt;</skipped></testcase><testcase classname="src.pymortests.affine_grid" file="src/pymortests/affine_grid.py" line="32" name="test_reference_element_type[&lt;lambda&gt;17]" time="0.0004258155822753906"><skipped message="Suite splitting in effect" type="pytest.skip">src/pymortests/affine_grid.py:32: &lt;py._xmlgen.raw object at 0x7fb29dbd6630&gt;</skipped></testcase><testcase classname="src.pymortests.affine_grid" file="src/pymortests/affine_grid.py" line="32" name="test_reference_element_type[&lt;lambda&gt;18]" time="0.0004382133483886719"><skipped message="Suite splitting in effect" type="pytest.skip">src/pymortests/affine_grid.py:32: &lt;py._xmlgen.raw object at 0x7fb29dbe2080&gt;</skipped></testcase><testcase classname="src.pymortests.affine_grid" file="src/pymortests/affine_grid.py" line="32" name="test_reference_element_type[&lt;lambda&gt;19]" time="0.0007481575012207031"><skipped message="Suite splitting in effect" type="pytest.skip">src/pymortests/affine_grid.py:32: &lt;py._xmlgen.raw object at 0x7fb29dbd62b0&gt;</skipped></testcase><testcase classname="src.pymortests.affine_grid" file="src/pymortests/affine_grid.py" line="32" name="test_reference_element_type[&lt;lambda&gt;20]" time="0.0004394054412841797"><skipped message="Suite splitting in effect" type="pytest.skip">src/pymortests/affine_grid.py:32: &lt;py._xmlgen.raw object at 0x7fb29dbd6ba8&gt;</skipped></testcase><testcase classname="src.pymortests.affine_grid" file="src/pymortests/affine_grid.py" line="32" name="test_reference_element_type[&lt;lambda&gt;21]" time="0.0004215240478515625"><skipped message="Suite splitting in effect" type="pytest.skip">src/pymortests/affine_grid.py:32: &lt;py._xmlgen.raw object at 0x7fb29dc2f208&gt;</skipped></testcase><testcase classname="src.pymortests.affine_grid" file="src/pymortests/affine_grid.py" line="32" name="test_reference_element_type[&lt;lambda&gt;22]" time="0.0004811286926269531"><skipped message="Suite splitting in effect" type="pytest.skip">src/pymortests/affine_grid.py:32: &lt;py._xmlgen.raw object at 0x7fb29dc9a0b8&gt;</skipped></testcase><testcase classname="src.pymortests.affine_grid" file="src/pymortests/affine_grid.py" line="32" name="test_reference_element_type[&lt;lambda&gt;23]" time="0.00042128562927246094"><skipped message="Suite splitting in effect" type="pytest.skip">src/pymortests/affine_grid.py:32: &lt;py._xmlgen.raw object at 0x7fb2e3c8a6a0&gt;</skipped></testcase><testcase classname="src.pymortests.affine_grid" file="src/pymortests/affine_grid.py" line="32" name="test_reference_element_type[&lt;lambda&gt;24]" time="0.0004448890686035156"><skipped message="Suite splitting in effect" type="pytest.skip">src/pymortests/affine_grid.py:32: &lt;py._xmlgen.raw object at 0x7fb29dc1eda0&gt;</skipped></testcase><testcase classname="src.pymortests.affine_grid" file="src/pymortests/affine_grid.py" line="32" name="test_reference_element_type[&lt;lambda&gt;25]" time="0.0004189014434814453"><skipped message="Suite splitting in effect" type="pytest.skip">src/pymortests/affine_grid.py:32: &lt;py._xmlgen.raw object at 0x7fb29dbe2240&gt;</skipped></testcase><testcase classname="src.pymortests.affine_grid" file="src/pymortests/affine_grid.py" line="32" name="test_reference_element_type[&lt;lambda&gt;26]" time="0.00045228004455566406"><skipped message="Suite splitting in effect" type="pytest.skip">src/pymortests/affine_grid.py:32: &lt;py._xmlgen.raw object at 0x7fb29dbe2940&gt;</skipped></testcase><testcase classname="src.pymortests.affine_grid" file="src/pymortests/affine_grid.py" line="32" name="test_reference_element_type[&lt;lambda&gt;27]" time="0.0005204677581787109"><skipped message="Suite splitting in effect" type="pytest.skip">src/pymortests/affine_grid.py:32: &lt;py._xmlgen.raw object at 0x7fb2e3d63400&gt;</skipped></testcase><testcase classname="src.pymortests.affine_grid" file="src/pymortests/affine_grid.py" line="32" name="test_reference_element_type[&lt;lambda&gt;28]" time="0.0005059242248535156"><skipped message="Suite splitting in effect" type="pytest.skip">src/pymortests/affine_grid.py:32: &lt;py._xmlgen.raw object at 0x7fb29dbd60b8&gt;</skipped></testcase><testcase classname="src.pymortests.affine_grid" file="src/pymortests/affine_grid.py" line="32" name="test_reference_element_type[&lt;lambda&gt;29]" time="0.00043845176696777344"><skipped message="Suite splitting in effect" type="pytest.skip">src/pymortests/affine_grid.py:32: &lt;py._xmlgen.raw object at 0x7fb2e3c8abe0&gt;</skipped></testcase><testcase classname="src.pymortests.affine_grid" file="src/pymortests/affine_grid.py" line="32" name="test_reference_element_type[&lt;lambda&gt;30]" time="0.00045299530029296875"><skipped message="Suite splitting in effect" type="pytest.skip">src/pymortests/affine_grid.py:32: &lt;py._xmlgen.raw object at 0x7fb29dc23ac8&gt;</skipped></testcase><testcase classname="src.pymortests.affine_grid" file="src/pymortests/affine_grid.py" line="32" name="test_reference_element_type[&lt;lambda&gt;31]" time="0.00044226646423339844"><skipped message="Suite splitting in effect" type="pytest.skip">src/pymortests/affine_grid.py:32: &lt;py._xmlgen.raw object at 0x7fb29dc23438&gt;</skipped></testcase><testcase classname="src.pymortests.affine_grid" file="src/pymortests/affine_grid.py" line="32" name="test_reference_element_type[&lt;lambda&gt;32]" time="0.0004239082336425781"><skipped message="Suite splitting in effect" type="pytest.skip">src/pymortests/affine_grid.py:32: &lt;py._xmlgen.raw object at 0x7fb29dc1e668&gt;</skipped></testcase><testcase classname="src.pymortests.affine_grid" file="src/pymortests/affine_grid.py" line="32" name="test_reference_element_type[&lt;lambda&gt;33]" time="0.00043201446533203125"><skipped message="Suite splitting in effect" type="pytest.skip">src/pymortests/affine_grid.py:32: &lt;py._xmlgen.raw object at 0x7fb2e3d52d30&gt;</skipped></testcase><testcase classname="src.pymortests.affine_grid" file="src/pymortests/affine_grid.py" line="32" name="test_reference_element_type[&lt;lambda&gt;34]" time="0.00041747093200683594"><skipped message="Suite splitting in effect" type="pytest.skip">src/pymortests/affine_grid.py:32: &lt;py._xmlgen.raw object at 0x7fb29dc9a860&gt;</skipped></testcase><testcase classname="src.pymortests.affine_grid" file="src/pymortests/affine_grid.py" line="32" name="test_reference_element_type[&lt;lambda&gt;35]" time="0.0008416175842285156"><skipped message="Suite splitting in effect" type="pytest.skip">src/pymortests/affine_grid.py:32: &lt;py._xmlgen.raw object at 0x7fb29dbe29e8&gt;</skipped></testcase><testcase classname="src.pymortests.affine_grid" file="src/pymortests/affine_grid.py" line="32" name="test_reference_element_type[&lt;lambda&gt;36]" time="0.00044727325439453125"><skipped message="Suite splitting in effect" type="pytest.skip">src/pymortests/affine_grid.py:32: &lt;py._xmlgen.raw object at 0x7fb29dc9aba8&gt;</skipped></testcase><testcase classname="src.pymortests.affine_grid" file="src/pymortests/affine_grid.py" line="32" name="test_reference_element_type[&lt;lambda&gt;37]" time="0.0004181861877441406"><skipped message="Suite splitting in effect" type="pytest.skip">src/pymortests/affine_grid.py:32: &lt;py._xmlgen.raw object at 0x7fb29dc1ea90&gt;</skipped></testcase><testcase classname="src.pymortests.affine_grid" file="src/pymortests/affine_grid.py" line="32" name="test_reference_element_type[&lt;lambda&gt;38]" time="0.00046133995056152344"><skipped message="Suite splitting in effect" type="pytest.skip">src/pymortests/affine_grid.py:32: &lt;py._xmlgen.raw object at 0x7fb29dc2f7b8&gt;</skipped></testcase><testcase classname="src.pymortests.affine_grid" file="src/pymortests/affine_grid.py" line="32" name="test_reference_element_type[&lt;lambda&gt;39]" time="0.0004334449768066406"><skipped message="Suite splitting in effect" type="pytest.skip">src/pymortests/affine_grid.py:32: &lt;py._xmlgen.raw object at 0x7fb29dc23ef0&gt;</skipped></testcase><testcase classname="src.pymortests.affine_grid" file="src/pymortests/affine_grid.py" line="32" name="test_reference_element_type[&lt;lambda&gt;40]" time="0.00040912628173828125"><skipped message="Suite splitting in effect" type="pytest.skip">src/pymortests/affine_grid.py:32: &lt;py._xmlgen.raw object at 0x7fb2e3c8a400&gt;</skipped></testcase><testcase classname="src.pymortests.affine_grid" file="src/pymortests/affine_grid.py" line="32" name="test_reference_element_type[&lt;lambda&gt;41]" time="0.0004324913024902344"><skipped message="Suite splitting in effect" type="pytest.skip">src/pymortests/affine_grid.py:32: &lt;py._xmlgen.raw object at 0x7fb29dbd6860&gt;</skipped></testcase><testcase classname="src.pymortests.affine_grid" file="src/pymortests/affine_grid.py" line="32" name="test_reference_element_type[&lt;lambda&gt;42]" time="0.0004241466522216797"><skipped message="Suite splitting in effect" type="pytest.skip">src/pymortests/affine_grid.py:32: &lt;py._xmlgen.raw object at 0x7fb29dbe2a90&gt;</skipped></testcase><testcase classname="src.pymortests.affine_grid" file="src/pymortests/affine_grid.py" line="38" name="test_reference_element_transitivity[&lt;lambda&gt;0]" time="0.0004229545593261719"><skipped message="Suite splitting in effect" type="pytest.skip">src/pymortests/affine_grid.py:38: &lt;py._xmlgen.raw object at 0x7fb29dbe2278&gt;</skipped></testcase><testcase classname="src.pymortests.affine_grid" file="src/pymortests/affine_grid.py" line="38" name="test_reference_element_transitivity[&lt;lambda&gt;1]" time="0.00043392181396484375"><skipped message="Suite splitting in effect" type="pytest.skip">src/pymortests/affine_grid.py:38: &lt;py._xmlgen.raw object at 0x7fb29dbd6748&gt;</skipped></testcase><testcase classname="src.pymortests.affine_grid" file="src/pymortests/affine_grid.py" line="38" name="test_reference_element_transitivity[&lt;lambda&gt;2]" time="0.0004229545593261719"><skipped message="Suite splitting in effect" type="pytest.skip">src/pymortests/affine_grid.py:38: &lt;py._xmlgen.raw object at 0x7fb2e3c8a358&gt;</skipped></testcase><testcase classname="src.pymortests.affine_grid" file="src/pymortests/affine_grid.py" line="38" name="test_reference_element_transitivity[&lt;lambda&gt;3]" time="0.0004334449768066406"><skipped message="Suite splitting in effect" type="pytest.skip">src/pymortests/affine_grid.py:38: &lt;py._xmlgen.raw object at 0x7fb29dc23860&gt;</skipped></testcase><testcase classname="src.pymortests.affine_grid" file="src/pymortests/affine_grid.py" line="38" name="test_reference_element_transitivity[&lt;lambda&gt;4]" time="0.0004305839538574219"><skipped message="Suite splitting in effect" type="pytest.skip">src/pymortests/affine_grid.py:38: &lt;py._xmlgen.raw object at 0x7fb29dc2f7f0&gt;</skipped></testcase><testcase classname="src.pymortests.affine_grid" file="src/pymortests/affine_grid.py" line="38" name="test_reference_element_transitivity[&lt;lambda&gt;5]" time="0.0004189014434814453"><skipped message="Suite splitting in effect" type="pytest.skip">src/pymortests/affine_grid.py:38: &lt;py._xmlgen.raw object at 0x7fb29dc1ec50&gt;</skipped></testcase><testcase classname="src.pymortests.affine_grid" file="src/pymortests/affine_grid.py" line="38" name="test_reference_element_transitivity[&lt;lambda&gt;6]" time="0.00042510032653808594"><skipped message="Suite splitting in effect" type="pytest.skip">src/pymortests/affine_grid.py:38: &lt;py._xmlgen.raw object at 0x7fb29dc90550&gt;</skipped></testcase><testcase classname="src.pymortests.affine_grid" file="src/pymortests/affine_grid.py" line="38" name="test_reference_element_transitivity[&lt;lambda&gt;7]" time="0.0004162788391113281"><skipped message="Suite splitting in effect" type="pytest.skip">src/pymortests/affine_grid.py:38: &lt;py._xmlgen.raw object at 0x7fb29dbe27f0&gt;</skipped></testcase><testcase classname="src.pymortests.affine_grid" file="src/pymortests/affine_grid.py" line="38" name="test_reference_element_transitivity[&lt;lambda&gt;8]" time="0.0004115104675292969"><skipped message="Suite splitting in effect" type="pytest.skip">src/pymortests/affine_grid.py:38: &lt;py._xmlgen.raw object at 0x7fb29dbed128&gt;</skipped></testcase><testcase classname="src.pymortests.affine_grid" file="src/pymortests/affine_grid.py" line="38" name="test_reference_element_transitivity[&lt;lambda&gt;9]" time="0.0007164478302001953"><skipped message="Suite splitting in effect" type="pytest.skip">src/pymortests/affine_grid.py:38: &lt;py._xmlgen.raw object at 0x7fb29dbe2828&gt;</skipped></testcase><testcase classname="src.pymortests.affine_grid" file="src/pymortests/affine_grid.py" line="38" name="test_reference_element_transitivity[&lt;lambda&gt;10]" time="0.00041484832763671875"><skipped message="Suite splitting in effect" type="pytest.skip">src/pymortests/affine_grid.py:38: &lt;py._xmlgen.raw object at 0x7fb29dc909e8&gt;</skipped></testcase><testcase classname="src.pymortests.affine_grid" file="src/pymortests/affine_grid.py" line="38" name="test_reference_element_transitivity[&lt;lambda&gt;11]" time="0.000438690185546875"><skipped message="Suite splitting in effect" type="pytest.skip">src/pymortests/affine_grid.py:38: &lt;py._xmlgen.raw object at 0x7fb29dc1e8d0&gt;</skipped></testcase><testcase classname="src.pymortests.affine_grid" file="src/pymortests/affine_grid.py" line="38" name="test_reference_element_transitivity[&lt;lambda&gt;12]" time="0.00042176246643066406"><skipped message="Suite splitting in effect" type="pytest.skip">src/pymortests/affine_grid.py:38: &lt;py._xmlgen.raw object at 0x7fb2e3c912b0&gt;</skipped></testcase><testcase classname="src.pymortests.affine_grid" file="src/pymortests/affine_grid.py" line="38" name="test_reference_element_transitivity[&lt;lambda&gt;13]" time="0.00042366981506347656"><skipped message="Suite splitting in effect" type="pytest.skip">src/pymortests/affine_grid.py:38: &lt;py._xmlgen.raw object at 0x7fb2e3c8ac88&gt;</skipped></testcase><testcase classname="src.pymortests.affine_grid" file="src/pymortests/affine_grid.py" line="38" name="test_reference_element_transitivity[&lt;lambda&gt;14]" time="0.0004048347473144531"><skipped message="Suite splitting in effect" type="pytest.skip">src/pymortests/affine_grid.py:38: &lt;py._xmlgen.raw object at 0x7fb2e3d63400&gt;</skipped></testcase><testcase classname="src.pymortests.affine_grid" file="src/pymortests/affine_grid.py" line="38" name="test_reference_element_transitivity[&lt;lambda&gt;15]" time="0.0004286766052246094"><skipped message="Suite splitting in effect" type="pytest.skip">src/pymortests/affine_grid.py:38: &lt;py._xmlgen.raw object at 0x7fb29dbd6828&gt;</skipped></testcase><testcase classname="src.pymortests.affine_grid" file="src/pymortests/affine_grid.py" line="38" name="test_reference_element_transitivity[&lt;lambda&gt;16]" time="0.0004172325134277344"><skipped message="Suite splitting in effect" type="pytest.skip">src/pymortests/affine_grid.py:38: &lt;py._xmlgen.raw object at 0x7fb29dbed668&gt;</skipped></testcase><testcase classname="src.pymortests.affine_grid" file="src/pymortests/affine_grid.py" line="38" name="test_reference_element_transitivity[&lt;lambda&gt;17]" time="0.0007450580596923828"><skipped message="Suite splitting in effect" type="pytest.skip">src/pymortests/affine_grid.py:38: &lt;py._xmlgen.raw object at 0x7fb29dbd62b0&gt;</skipped></testcase><testcase classname="src.pymortests.affine_grid" file="src/pymortests/affine_grid.py" line="38" name="test_reference_element_transitivity[&lt;lambda&gt;18]" time="0.0004112720489501953"><skipped message="Suite splitting in effect" type="pytest.skip">src/pymortests/affine_grid.py:38: &lt;py._xmlgen.raw object at 0x7fb2e3cb0780&gt;</skipped></testcase><testcase classname="src.pymortests.affine_grid" file="src/pymortests/affine_grid.py" line="38" name="test_reference_element_transitivity[&lt;lambda&gt;19]" time="0.00041747093200683594"><skipped message="Suite splitting in effect" type="pytest.skip">src/pymortests/affine_grid.py:38: &lt;py._xmlgen.raw object at 0x7fb29dc23ef0&gt;</skipped></testcase><testcase classname="src.pymortests.affine_grid" file="src/pymortests/affine_grid.py" line="38" name="test_reference_element_transitivity[&lt;lambda&gt;20]" time="0.00045871734619140625"><skipped message="Suite splitting in effect" type="pytest.skip">src/pymortests/affine_grid.py:38: &lt;py._xmlgen.raw object at 0x7fb29dc2f7f0&gt;</skipped></testcase><testcase classname="src.pymortests.affine_grid" file="src/pymortests/affine_grid.py" line="38" name="test_reference_element_transitivity[&lt;lambda&gt;21]" time="0.00044035911560058594"><skipped message="Suite splitting in effect" type="pytest.skip">src/pymortests/affine_grid.py:38: &lt;py._xmlgen.raw object at 0x7fb29dc9a0b8&gt;</skipped></testcase><testcase classname="src.pymortests.affine_grid" file="src/pymortests/affine_grid.py" line="38" name="test_reference_element_transitivity[&lt;lambda&gt;22]" time="0.00045871734619140625"><skipped message="Suite splitting in effect" type="pytest.skip">src/pymortests/affine_grid.py:38: &lt;py._xmlgen.raw object at 0x7fb29dbe2400&gt;</skipped></testcase><testcase classname="src.pymortests.affine_grid" file="src/pymortests/affine_grid.py" line="38" name="test_reference_element_transitivity[&lt;lambda&gt;23]" time="0.0004329681396484375"><skipped message="Suite splitting in effect" type="pytest.skip">src/pymortests/affine_grid.py:38: &lt;py._xmlgen.raw object at 0x7fb29dbed550&gt;</skipped></testcase><testcase classname="src.pymortests.affine_grid" file="src/pymortests/affine_grid.py" line="38" name="test_reference_element_transitivity[&lt;lambda&gt;24]" time="0.0004379749298095703"><skipped message="Suite splitting in effect" type="pytest.skip">src/pymortests/affine_grid.py:38: &lt;py._xmlgen.raw object at 0x7fb29dbedf28&gt;</skipped></testcase><testcase classname="src.pymortests.affine_grid" file="src/pymortests/affine_grid.py" line="38" name="test_reference_element_transitivity[&lt;lambda&gt;25]" time="0.0007328987121582031"><skipped message="Suite splitting in effect" type="pytest.skip">src/pymortests/affine_grid.py:38: &lt;py._xmlgen.raw object at 0x7fb29dbf54a8&gt;</skipped></testcase><testcase classname="src.pymortests.affine_grid" file="src/pymortests/affine_grid.py" line="38" name="test_reference_element_transitivity[&lt;lambda&gt;26]" time="0.0004329681396484375"><skipped message="Suite splitting in effect" type="pytest.skip">src/pymortests/affine_grid.py:38: &lt;py._xmlgen.raw object at 0x7fb29dbed550&gt;</skipped></testcase><testcase classname="src.pymortests.affine_grid" file="src/pymortests/affine_grid.py" line="38" name="test_reference_element_transitivity[&lt;lambda&gt;27]" time="0.00041985511779785156"><skipped message="Suite splitting in effect" type="pytest.skip">src/pymortests/affine_grid.py:38: &lt;py._xmlgen.raw object at 0x7fb29dbe2748&gt;</skipped></testcase><testcase classname="src.pymortests.affine_grid" file="src/pymortests/affine_grid.py" line="38" name="test_reference_element_transitivity[&lt;lambda&gt;28]" time="0.000446319580078125"><skipped message="Suite splitting in effect" type="pytest.skip">src/pymortests/affine_grid.py:38: &lt;py._xmlgen.raw object at 0x7fb29dc1ef98&gt;</skipped></testcase><testcase classname="src.pymortests.affine_grid" file="src/pymortests/affine_grid.py" line="38" name="test_reference_element_transitivity[&lt;lambda&gt;29]" time="0.0004057884216308594"><skipped message="Suite splitting in effect" type="pytest.skip">src/pymortests/affine_grid.py:38: &lt;py._xmlgen.raw object at 0x7fb2e3c8a358&gt;</skipped></testcase><testcase classname="src.pymortests.affine_grid" file="src/pymortests/affine_grid.py" line="38" name="test_reference_element_transitivity[&lt;lambda&gt;30]" time="0.00044918060302734375"><skipped message="Suite splitting in effect" type="pytest.skip">src/pymortests/affine_grid.py:38: &lt;py._xmlgen.raw object at 0x7fb2e3cbf438&gt;</skipped></testcase><testcase classname="src.pymortests.affine_grid" file="src/pymortests/affine_grid.py" line="38" name="test_reference_element_transitivity[&lt;lambda&gt;31]" time="0.0004229545593261719"><skipped message="Suite splitting in effect" type="pytest.skip">src/pymortests/affine_grid.py:38: &lt;py._xmlgen.raw object at 0x7fb29dbd66d8&gt;</skipped></testcase><testcase classname="src.pymortests.affine_grid" file="src/pymortests/affine_grid.py" line="38" name="test_reference_element_transitivity[&lt;lambda&gt;32]" time="0.0004420280456542969"><skipped message="Suite splitting in effect" type="pytest.skip">src/pymortests/affine_grid.py:38: &lt;py._xmlgen.raw object at 0x7fb29dbf5390&gt;</skipped></testcase><testcase classname="src.pymortests.affine_grid" file="src/pymortests/affine_grid.py" line="38" name="test_reference_element_transitivity[&lt;lambda&gt;33]" time="0.0007331371307373047"><skipped message="Suite splitting in effect" type="pytest.skip">src/pymortests/affine_grid.py:38: &lt;py._xmlgen.raw object at 0x7fb29dbf59e8&gt;</skipped></testcase><testcase classname="src.pymortests.affine_grid" file="src/pymortests/affine_grid.py" line="38" name="test_reference_element_transitivity[&lt;lambda&gt;34]" time="0.00042128562927246094"><skipped message="Suite splitting in effect" type="pytest.skip">src/pymortests/affine_grid.py:38: &lt;py._xmlgen.raw object at 0x7fb2e3cbfa20&gt;</skipped></testcase><testcase classname="src.pymortests.affine_grid" file="src/pymortests/affine_grid.py" line="38" name="test_reference_element_transitivity[&lt;lambda&gt;35]" time="0.0004138946533203125"><skipped message="Suite splitting in effect" type="pytest.skip">src/pymortests/affine_grid.py:38: &lt;py._xmlgen.raw object at 0x7fb2e3c8a2b0&gt;</skipped></testcase><testcase classname="src.pymortests.affine_grid" file="src/pymortests/affine_grid.py" line="38" name="test_reference_element_transitivity[&lt;lambda&gt;36]" time="0.0004553794860839844"><skipped message="Suite splitting in effect" type="pytest.skip">src/pymortests/affine_grid.py:38: &lt;py._xmlgen.raw object at 0x7fb2a56887f0&gt;</skipped></testcase><testcase classname="src.pymortests.affine_grid" file="src/pymortests/affine_grid.py" line="38" name="test_reference_element_transitivity[&lt;lambda&gt;37]" time="0.0004210472106933594"><skipped message="Suite splitting in effect" type="pytest.skip">src/pymortests/affine_grid.py:38: &lt;py._xmlgen.raw object at 0x7fb29dbe2748&gt;</skipped></testcase><testcase classname="src.pymortests.affine_grid" file="src/pymortests/affine_grid.py" line="38" name="test_reference_element_transitivity[&lt;lambda&gt;38]" time="0.0004563331604003906"><skipped message="Suite splitting in effect" type="pytest.skip">src/pymortests/affine_grid.py:38: &lt;py._xmlgen.raw object at 0x7fb29dbed550&gt;</skipped></testcase><testcase classname="src.pymortests.affine_grid" file="src/pymortests/affine_grid.py" line="38" name="test_reference_element_transitivity[&lt;lambda&gt;39]" time="0.0004265308380126953"><skipped message="Suite splitting in effect" type="pytest.skip">src/pymortests/affine_grid.py:38: &lt;py._xmlgen.raw object at 0x7fb29dbf5b70&gt;</skipped></testcase><testcase classname="src.pymortests.affine_grid" file="src/pymortests/affine_grid.py" line="38" name="test_reference_element_transitivity[&lt;lambda&gt;40]" time="0.0004184246063232422"><skipped message="Suite splitting in effect" type="pytest.skip">src/pymortests/affine_grid.py:38: &lt;py._xmlgen.raw object at 0x7fb29dbf5160&gt;</skipped></testcase><testcase classname="src.pymortests.affine_grid" file="src/pymortests/affine_grid.py" line="38" name="test_reference_element_transitivity[&lt;lambda&gt;41]" time="0.0004191398620605469"><skipped message="Suite splitting in effect" type="pytest.skip">src/pymortests/affine_grid.py:38: &lt;py._xmlgen.raw object at 0x7fb29dc01048&gt;</skipped></testcase><testcase classname="src.pymortests.affine_grid" file="src/pymortests/affine_grid.py" line="38" name="test_reference_element_transitivity[&lt;lambda&gt;42]" time="0.00044345855712890625"><skipped message="Suite splitting in effect" type="pytest.skip">src/pymortests/affine_grid.py:38: &lt;py._xmlgen.raw object at 0x7fb29dbf5208&gt;</skipped></testcase><testcase classname="src.pymortests.affine_grid" file="src/pymortests/affine_grid.py" line="44" name="test_embeddings_wrong_arguments[&lt;lambda&gt;0]" time="0.00043272972106933594"><skipped message="Suite splitting in effect" type="pytest.skip">src/pymortests/affine_grid.py:44: &lt;py._xmlgen.raw object at 0x7fb29dbedb38&gt;</skipped></testcase><testcase classname="src.pymortests.affine_grid" file="src/pymortests/affine_grid.py" line="44" name="test_embeddings_wrong_arguments[&lt;lambda&gt;1]" time="0.0004417896270751953"><skipped message="Suite splitting in effect" type="pytest.skip">src/pymortests/affine_grid.py:44: &lt;py._xmlgen.raw object at 0x7fb29dbedb70&gt;</skipped></testcase><testcase classname="src.pymortests.affine_grid" file="src/pymortests/affine_grid.py" line="44" name="test_embeddings_wrong_arguments[&lt;lambda&gt;2]" time="0.00041985511779785156"><skipped message="Suite splitting in effect" type="pytest.skip">src/pymortests/affine_grid.py:44: &lt;py._xmlgen.raw object at 0x7fb2e3d526a0&gt;</skipped></testcase><testcase classname="src.pymortests.affine_grid" file="src/pymortests/affine_grid.py" line="44" name="test_embeddings_wrong_arguments[&lt;lambda&gt;3]" time="0.0004215240478515625"><skipped message="Suite splitting in effect" type="pytest.skip">src/pymortests/affine_grid.py:44: &lt;py._xmlgen.raw object at 0x7fb2e3c8ac88&gt;</skipped></testcase><testcase classname="src.pymortests.affine_grid" file="src/pymortests/affine_grid.py" line="44" name="test_embeddings_wrong_arguments[&lt;lambda&gt;4]" time="0.00043010711669921875"><skipped message="Suite splitting in effect" type="pytest.skip">src/pymortests/affine_grid.py:44: &lt;py._xmlgen.raw object at 0x7fb2e3cbf588&gt;</skipped></testcase><testcase classname="src.pymortests.affine_grid" file="src/pymortests/affine_grid.py" line="44" name="test_embeddings_wrong_arguments[&lt;lambda&gt;5]" time="0.00043654441833496094"><skipped message="Suite splitting in effect" type="pytest.skip">src/pymortests/affine_grid.py:44: &lt;py._xmlgen.raw object at 0x7fb29dbd6a20&gt;</skipped></testcase><testcase classname="src.pymortests.affine_grid" file="src/pymortests/affine_grid.py" line="44" name="test_embeddings_wrong_arguments[&lt;lambda&gt;6]" time="0.00041604042053222656"><skipped message="Suite splitting in effect" type="pytest.skip">src/pymortests/affine_grid.py:44: &lt;py._xmlgen.raw object at 0x7fb29dc01550&gt;</skipped></testcase><testcase classname="src.pymortests.affine_grid" file="src/pymortests/affine_grid.py" line="44" name="test_embeddings_wrong_arguments[&lt;lambda&gt;7]" time="0.0007238388061523438"><skipped message="Suite splitting in effect" type="pytest.skip">src/pymortests/affine_grid.py:44: &lt;py._xmlgen.raw object at 0x7fb29dbd6e10&gt;</skipped></testcase><testcase classname="src.pymortests.affine_grid" file="src/pymortests/affine_grid.py" line="44" name="test_embeddings_wrong_arguments[&lt;lambda&gt;8]" time="0.0004291534423828125"><skipped message="Suite splitting in effect" type="pytest.skip">src/pymortests/affine_grid.py:44: &lt;py._xmlgen.raw object at 0x7fb29dc9aba8&gt;</skipped></testcase><testcase classname="src.pymortests.affine_grid" file="src/pymortests/affine_grid.py" line="44" name="test_embeddings_wrong_arguments[&lt;lambda&gt;9]" time="0.00043845176696777344"><skipped message="Suite splitting in effect" type="pytest.skip">src/pymortests/affine_grid.py:44: &lt;py._xmlgen.raw object at 0x7fb29dc1e8d0&gt;</skipped></testcase><testcase classname="src.pymortests.affine_grid" file="src/pymortests/affine_grid.py" line="44" name="test_embeddings_wrong_arguments[&lt;lambda&gt;10]" time="0.0004184246063232422"><skipped message="Suite splitting in effect" type="pytest.skip">src/pymortests/affine_grid.py:44: &lt;py._xmlgen.raw object at 0x7fb29dbeddd8&gt;</skipped></testcase><testcase classname="src.pymortests.affine_grid" file="src/pymortests/affine_grid.py" line="44" name="test_embeddings_wrong_arguments[&lt;lambda&gt;11]" time="0.00042724609375"><skipped message="Suite splitting in effect" type="pytest.skip">src/pymortests/affine_grid.py:44: &lt;py._xmlgen.raw object at 0x7fb29dbf5860&gt;</skipped></testcase><testcase classname="src.pymortests.affine_grid" file="src/pymortests/affine_grid.py" line="44" name="test_embeddings_wrong_arguments[&lt;lambda&gt;12]" time="0.0003972053527832031"><skipped message="Suite splitting in effect" type="pytest.skip">src/pymortests/affine_grid.py:44: &lt;py._xmlgen.raw object at 0x7fb29dbf5cf8&gt;</skipped></testcase><testcase classname="src.pymortests.affine_grid" file="src/pymortests/affine_grid.py" line="44" name="test_embeddings_wrong_arguments[&lt;lambda&gt;13]" time="0.00042366981506347656"><skipped message="Suite splitting in effect" type="pytest.skip">src/pymortests/affine_grid.py:44: &lt;py._xmlgen.raw object at 0x7fb29dc01048&gt;</skipped></testcase><testcase classname="src.pymortests.affine_grid" file="src/pymortests/affine_grid.py" line="44" name="test_embeddings_wrong_arguments[&lt;lambda&gt;14]" time="0.00041484832763671875"><skipped message="Suite splitting in effect" type="pytest.skip">src/pymortests/affine_grid.py:44: &lt;py._xmlgen.raw object at 0x7fb29dc01a90&gt;</skipped></testcase><testcase classname="src.pymortests.affine_grid" file="src/pymortests/affine_grid.py" line="44" name="test_embeddings_wrong_arguments[&lt;lambda&gt;15]" time="0.00072479248046875"><skipped message="Suite splitting in effect" type="pytest.skip">src/pymortests/affine_grid.py:44: &lt;py._xmlgen.raw object at 0x7fb2e3cd03c8&gt;</skipped></testcase><testcase classname="src.pymortests.affine_grid" file="src/pymortests/affine_grid.py" line="44" name="test_embeddings_wrong_arguments[&lt;lambda&gt;16]" time="0.000415802001953125"><skipped message="Suite splitting in effect" type="pytest.skip">src/pymortests/affine_grid.py:44: &lt;py._xmlgen.raw object at 0x7fb29dbf5860&gt;</skipped></testcase><testcase classname="src.pymortests.affine_grid" file="src/pymortests/affine_grid.py" line="44" name="test_embeddings_wrong_arguments[&lt;lambda&gt;17]" time="0.00041747093200683594"><skipped message="Suite splitting in effect" type="pytest.skip">src/pymortests/affine_grid.py:44: &lt;py._xmlgen.raw object at 0x7fb29dbedef0&gt;</skipped></testcase><testcase classname="src.pymortests.affine_grid" file="src/pymortests/affine_grid.py" line="44" name="test_embeddings_wrong_arguments[&lt;lambda&gt;18]" time="0.000415802001953125"><skipped message="Suite splitting in effect" type="pytest.skip">src/pymortests/affine_grid.py:44: &lt;py._xmlgen.raw object at 0x7fb29dc2fe48&gt;</skipped></testcase><testcase classname="src.pymortests.affine_grid" file="src/pymortests/affine_grid.py" line="44" name="test_embeddings_wrong_arguments[&lt;lambda&gt;19]" time="0.0003993511199951172"><skipped message="Suite splitting in effect" type="pytest.skip">src/pymortests/affine_grid.py:44: &lt;py._xmlgen.raw object at 0x7fb2e3cbff60&gt;</skipped></testcase><testcase classname="src.pymortests.affine_grid" file="src/pymortests/affine_grid.py" line="44" name="test_embeddings_wrong_arguments[&lt;lambda&gt;20]" time="0.00044608116149902344"><skipped message="Suite splitting in effect" type="pytest.skip">src/pymortests/affine_grid.py:44: &lt;py._xmlgen.raw object at 0x7fb29dc01080&gt;</skipped></testcase><testcase classname="src.pymortests.affine_grid" file="src/pymortests/affine_grid.py" line="44" name="test_embeddings_wrong_arguments[&lt;lambda&gt;21]" time="0.00044727325439453125"><skipped message="Suite splitting in effect" type="pytest.skip">src/pymortests/affine_grid.py:44: &lt;py._xmlgen.raw object at 0x7fb29dc01630&gt;</skipped></testcase><testcase classname="src.pymortests.affine_grid" file="src/pymortests/affine_grid.py" line="44" name="test_embeddings_wrong_arguments[&lt;lambda&gt;22]" time="0.0004267692565917969"><skipped message="Suite splitting in effect" type="pytest.skip">src/pymortests/affine_grid.py:44: &lt;py._xmlgen.raw object at 0x7fb29dc0a390&gt;</skipped></testcase><testcase classname="src.pymortests.affine_grid" file="src/pymortests/affine_grid.py" line="44" name="test_embeddings_wrong_arguments[&lt;lambda&gt;23]" time="0.00042438507080078125"><skipped message="Suite splitting in effect" type="pytest.skip">src/pymortests/affine_grid.py:44: &lt;py._xmlgen.raw object at 0x7fb29dbd6e10&gt;</skipped></testcase><testcase classname="src.pymortests.affine_grid" file="src/pymortests/affine_grid.py" line="44" name="test_embeddings_wrong_arguments[&lt;lambda&gt;24]" time="0.0004467964172363281"><skipped message="Suite splitting in effect" type="pytest.skip">src/pymortests/affine_grid.py:44: &lt;py._xmlgen.raw object at 0x7fb29dc01be0&gt;</skipped></testcase><testcase classname="src.pymortests.affine_grid" file="src/pymortests/affine_grid.py" line="44" name="test_embeddings_wrong_arguments[&lt;lambda&gt;25]" time="0.0004329681396484375"><skipped message="Suite splitting in effect" type="pytest.skip">src/pymortests/affine_grid.py:44: &lt;py._xmlgen.raw object at 0x7fb2e3ce5940&gt;</skipped></testcase><testcase classname="src.pymortests.affine_grid" file="src/pymortests/affine_grid.py" line="44" name="test_embeddings_wrong_arguments[&lt;lambda&gt;26]" time="0.0004181861877441406"><skipped message="Suite splitting in effect" type="pytest.skip">src/pymortests/affine_grid.py:44: &lt;py._xmlgen.raw object at 0x7fb2e3c915f8&gt;</skipped></testcase><testcase classname="src.pymortests.affine_grid" file="src/pymortests/affine_grid.py" line="44" name="test_embeddings_wrong_arguments[&lt;lambda&gt;27]" time="0.0004291534423828125"><skipped message="Suite splitting in effect" type="pytest.skip">src/pymortests/affine_grid.py:44: &lt;py._xmlgen.raw object at 0x7fb29dbed0f0&gt;</skipped></testcase><testcase classname="src.pymortests.affine_grid" file="src/pymortests/affine_grid.py" line="44" name="test_embeddings_wrong_arguments[&lt;lambda&gt;28]" time="0.0004494190216064453"><skipped message="Suite splitting in effect" type="pytest.skip">src/pymortests/affine_grid.py:44: &lt;py._xmlgen.raw object at 0x7fb29dbf5748&gt;</skipped></testcase><testcase classname="src.pymortests.affine_grid" file="src/pymortests/affine_grid.py" line="44" name="test_embeddings_wrong_arguments[&lt;lambda&gt;29]" time="0.00042939186096191406"><skipped message="Suite splitting in effect" type="pytest.skip">src/pymortests/affine_grid.py:44: &lt;py._xmlgen.raw object at 0x7fb29dc0a128&gt;</skipped></testcase><testcase classname="src.pymortests.affine_grid" file="src/pymortests/affine_grid.py" line="44" name="test_embeddings_wrong_arguments[&lt;lambda&gt;30]" time="0.00044465065002441406"><skipped message="Suite splitting in effect" type="pytest.skip">src/pymortests/affine_grid.py:44: &lt;py._xmlgen.raw object at 0x7fb29dc0ac50&gt;</skipped></testcase><testcase classname="src.pymortests.affine_grid" file="src/pymortests/affine_grid.py" line="44" name="test_embeddings_wrong_arguments[&lt;lambda&gt;31]" time="0.0004246234893798828"><skipped message="Suite splitting in effect" type="pytest.skip">src/pymortests/affine_grid.py:44: &lt;py._xmlgen.raw object at 0x7fb2e3cf60b8&gt;</skipped></testcase><testcase classname="src.pymortests.affine_grid" file="src/pymortests/affine_grid.py" line="44" name="test_embeddings_wrong_arguments[&lt;lambda&gt;32]" time="0.0004203319549560547"><skipped message="Suite splitting in effect" type="pytest.skip">src/pymortests/affine_grid.py:44: &lt;py._xmlgen.raw object at 0x7fb29dc0a160&gt;</skipped></testcase><testcase classname="src.pymortests.affine_grid" file="src/pymortests/affine_grid.py" line="44" name="test_embeddings_wrong_arguments[&lt;lambda&gt;33]" time="0.00043201446533203125"><skipped message="Suite splitting in effect" type="pytest.skip">src/pymortests/affine_grid.py:44: &lt;py._xmlgen.raw object at 0x7fb29dbf5da0&gt;</skipped></testcase><testcase classname="src.pymortests.affine_grid" file="src/pymortests/affine_grid.py" line="44" name="test_embeddings_wrong_arguments[&lt;lambda&gt;34]" time="0.0005228519439697266"><skipped message="Suite splitting in effect" type="pytest.skip">src/pymortests/affine_grid.py:44: &lt;py._xmlgen.raw object at 0x7fb29dbedac8&gt;</skipped></testcase><testcase classname="src.pymortests.affine_grid" file="src/pymortests/affine_grid.py" line="44" name="test_embeddings_wrong_arguments[&lt;lambda&gt;35]" time="0.000484466552734375"><skipped message="Suite splitting in effect" type="pytest.skip">src/pymortests/affine_grid.py:44: &lt;py._xmlgen.raw object at 0x7fb2e3ce5fd0&gt;</skipped></testcase><testcase classname="src.pymortests.affine_grid" file="src/pymortests/affine_grid.py" line="44" name="test_embeddings_wrong_arguments[&lt;lambda&gt;36]" time="0.00045561790466308594"><skipped message="Suite splitting in effect" type="pytest.skip">src/pymortests/affine_grid.py:44: &lt;py._xmlgen.raw object at 0x7fb2e3cbfeb8&gt;</skipped></testcase><testcase classname="src.pymortests.affine_grid" file="src/pymortests/affine_grid.py" line="44" name="test_embeddings_wrong_arguments[&lt;lambda&gt;37]" time="0.00046563148498535156"><skipped message="Suite splitting in effect" type="pytest.skip">src/pymortests/affine_grid.py:44: &lt;py._xmlgen.raw object at 0x7fb29dc01128&gt;</skipped></testcase><testcase classname="src.pymortests.affine_grid" file="src/pymortests/affine_grid.py" line="44" name="test_embeddings_wrong_arguments[&lt;lambda&gt;38]" time="0.0004200935363769531"><skipped message="Suite splitting in effect" type="pytest.skip">src/pymortests/affine_grid.py:44: &lt;py._xmlgen.raw object at 0x7fb29db93550&gt;</skipped></testcase><testcase classname="src.pymortests.affine_grid" file="src/pymortests/affine_grid.py" line="44" name="test_embeddings_wrong_arguments[&lt;lambda&gt;39]" time="0.00041413307189941406"><skipped message="Suite splitting in effect" type="pytest.skip">src/pymortests/affine_grid.py:44: &lt;py._xmlgen.raw object at 0x7fb29db93a90&gt;</skipped></testcase><testcase classname="src.pymortests.affine_grid" file="src/pymortests/affine_grid.py" line="44" name="test_embeddings_wrong_arguments[&lt;lambda&gt;40]" time="0.0005061626434326172"><skipped message="Suite splitting in effect" type="pytest.skip">src/pymortests/affine_grid.py:44: &lt;py._xmlgen.raw object at 0x7fb2e3cf66a0&gt;</skipped></testcase><testcase classname="src.pymortests.affine_grid" file="src/pymortests/affine_grid.py" line="44" name="test_embeddings_wrong_arguments[&lt;lambda&gt;41]" time="0.0004227161407470703"><skipped message="Suite splitting in effect" type="pytest.skip">src/pymortests/affine_grid.py:44: &lt;py._xmlgen.raw object at 0x7fb29dc0a7f0&gt;</skipped></testcase><testcase classname="src.pymortests.affine_grid" file="src/pymortests/affine_grid.py" line="44" name="test_embeddings_wrong_arguments[&lt;lambda&gt;42]" time="0.00041937828063964844"><skipped message="Suite splitting in effect" type="pytest.skip">src/pymortests/affine_grid.py:44: &lt;py._xmlgen.raw object at 0x7fb29dc0aeb8&gt;</skipped></testcase><testcase classname="src.pymortests.affine_grid" file="src/pymortests/affine_grid.py" line="52" name="test_embeddings_shape[&lt;lambda&gt;0]" time="0.0004124641418457031"><skipped message="Suite splitting in effect" type="pytest.skip">src/pymortests/affine_grid.py:52: &lt;py._xmlgen.raw object at 0x7fb2e3ce5940&gt;</skipped></testcase><testcase classname="src.pymortests.affine_grid" file="src/pymortests/affine_grid.py" line="52" name="test_embeddings_shape[&lt;lambda&gt;1]" time="0.00045371055603027344"><skipped message="Suite splitting in effect" type="pytest.skip">src/pymortests/affine_grid.py:52: &lt;py._xmlgen.raw object at 0x7fb29dc018d0&gt;</skipped></testcase><testcase classname="src.pymortests.affine_grid" file="src/pymortests/affine_grid.py" line="52" name="test_embeddings_shape[&lt;lambda&gt;2]" time="0.000423431396484375"><skipped message="Suite splitting in effect" type="pytest.skip">src/pymortests/affine_grid.py:52: &lt;py._xmlgen.raw object at 0x7fb29dc01c88&gt;</skipped></testcase><testcase classname="src.pymortests.affine_grid" file="src/pymortests/affine_grid.py" line="52" name="test_embeddings_shape[&lt;lambda&gt;3]" time="0.0004425048828125"><skipped message="Suite splitting in effect" type="pytest.skip">src/pymortests/affine_grid.py:52: &lt;py._xmlgen.raw object at 0x7fb29dbf56d8&gt;</skipped></testcase><testcase classname="src.pymortests.affine_grid" file="src/pymortests/affine_grid.py" line="52" name="test_embeddings_shape[&lt;lambda&gt;4]" time="0.0004963874816894531"><skipped message="Suite splitting in effect" type="pytest.skip">src/pymortests/affine_grid.py:52: &lt;py._xmlgen.raw object at 0x7fb29dbed710&gt;</skipped></testcase><testcase classname="src.pymortests.affine_grid" file="src/pymortests/affine_grid.py" line="52" name="test_embeddings_shape[&lt;lambda&gt;5]" time="0.0007741451263427734"><skipped message="Suite splitting in effect" type="pytest.skip">src/pymortests/affine_grid.py:52: &lt;py._xmlgen.raw object at 0x7fb29dbf5358&gt;</skipped></testcase><testcase classname="src.pymortests.affine_grid" file="src/pymortests/affine_grid.py" line="52" name="test_embeddings_shape[&lt;lambda&gt;6]" time="0.0004246234893798828"><skipped message="Suite splitting in effect" type="pytest.skip">src/pymortests/affine_grid.py:52: &lt;py._xmlgen.raw object at 0x7fb29dc01da0&gt;</skipped></testcase><testcase classname="src.pymortests.affine_grid" file="src/pymortests/affine_grid.py" line="52" name="test_embeddings_shape[&lt;lambda&gt;7]" time="0.0004267692565917969"><skipped message="Suite splitting in effect" type="pytest.skip">src/pymortests/affine_grid.py:52: &lt;py._xmlgen.raw object at 0x7fb2e3ce5b38&gt;</skipped></testcase><testcase classname="src.pymortests.affine_grid" file="src/pymortests/affine_grid.py" line="52" name="test_embeddings_shape[&lt;lambda&gt;8]" time="0.0004267692565917969"><skipped message="Suite splitting in effect" type="pytest.skip">src/pymortests/affine_grid.py:52: &lt;py._xmlgen.raw object at 0x7fb29dc0a5f8&gt;</skipped></testcase><testcase classname="src.pymortests.affine_grid" file="src/pymortests/affine_grid.py" line="52" name="test_embeddings_shape[&lt;lambda&gt;9]" time="0.0004966259002685547"><skipped message="Suite splitting in effect" type="pytest.skip">src/pymortests/affine_grid.py:52: &lt;py._xmlgen.raw object at 0x7fb29dc0a9e8&gt;</skipped></testcase><testcase classname="src.pymortests.affine_grid" file="src/pymortests/affine_grid.py" line="52" name="test_embeddings_shape[&lt;lambda&gt;10]" time="0.0004477500915527344"><skipped message="Suite splitting in effect" type="pytest.skip">src/pymortests/affine_grid.py:52: &lt;py._xmlgen.raw object at 0x7fb2e3cf6160&gt;</skipped></testcase><testcase classname="src.pymortests.affine_grid" file="src/pymortests/affine_grid.py" line="52" name="test_embeddings_shape[&lt;lambda&gt;11]" time="0.00044536590576171875"><skipped message="Suite splitting in effect" type="pytest.skip">src/pymortests/affine_grid.py:52: &lt;py._xmlgen.raw object at 0x7fb2e3cbfa20&gt;</skipped></testcase><testcase classname="src.pymortests.affine_grid" file="src/pymortests/affine_grid.py" line="52" name="test_embeddings_shape[&lt;lambda&gt;12]" time="0.00043082237243652344"><skipped message="Suite splitting in effect" type="pytest.skip">src/pymortests/affine_grid.py:52: &lt;py._xmlgen.raw object at 0x7fb29dc903c8&gt;</skipped></testcase><testcase classname="src.pymortests.affine_grid" file="src/pymortests/affine_grid.py" line="52" name="test_embeddings_shape[&lt;lambda&gt;13]" time="0.0007643699645996094"><skipped message="Suite splitting in effect" type="pytest.skip">src/pymortests/affine_grid.py:52: &lt;py._xmlgen.raw object at 0x7fb29dbed400&gt;</skipped></testcase><testcase classname="src.pymortests.affine_grid" file="src/pymortests/affine_grid.py" line="52" name="test_embeddings_shape[&lt;lambda&gt;14]" time="0.0004429817199707031"><skipped message="Suite splitting in effect" type="pytest.skip">src/pymortests/affine_grid.py:52: &lt;py._xmlgen.raw object at 0x7fb29dc2f320&gt;</skipped></testcase><testcase classname="src.pymortests.affine_grid" file="src/pymortests/affine_grid.py" line="52" name="test_embeddings_shape[&lt;lambda&gt;15]" time="0.00042438507080078125"><skipped message="Suite splitting in effect" type="pytest.skip">src/pymortests/affine_grid.py:52: &lt;py._xmlgen.raw object at 0x7fb29dc0a4e0&gt;</skipped></testcase><testcase classname="src.pymortests.affine_grid" file="src/pymortests/affine_grid.py" line="52" name="test_embeddings_shape[&lt;lambda&gt;16]" time="0.0004220008850097656"><skipped message="Suite splitting in effect" type="pytest.skip">src/pymortests/affine_grid.py:52: &lt;py._xmlgen.raw object at 0x7fb29dc0a160&gt;</skipped></testcase><testcase classname="src.pymortests.affine_grid" file="src/pymortests/affine_grid.py" line="52" name="test_embeddings_shape[&lt;lambda&gt;17]" time="0.0004448890686035156"><skipped message="Suite splitting in effect" type="pytest.skip">src/pymortests/affine_grid.py:52: &lt;py._xmlgen.raw object at 0x7fb2e3c47ba8&gt;</skipped></testcase><testcase classname="src.pymortests.affine_grid" file="src/pymortests/affine_grid.py" line="52" name="test_embeddings_shape[&lt;lambda&gt;18]" time="0.0004100799560546875"><skipped message="Suite splitting in effect" type="pytest.skip">src/pymortests/affine_grid.py:52: &lt;py._xmlgen.raw object at 0x7fb29dc01518&gt;</skipped></testcase><testcase classname="src.pymortests.affine_grid" file="src/pymortests/affine_grid.py" line="52" name="test_embeddings_shape[&lt;lambda&gt;19]" time="0.0004317760467529297"><skipped message="Suite splitting in effect" type="pytest.skip">src/pymortests/affine_grid.py:52: &lt;py._xmlgen.raw object at 0x7fb29dbe2fd0&gt;</skipped></testcase><testcase classname="src.pymortests.affine_grid" file="src/pymortests/affine_grid.py" line="52" name="test_embeddings_shape[&lt;lambda&gt;20]" time="0.00042176246643066406"><skipped message="Suite splitting in effect" type="pytest.skip">src/pymortests/affine_grid.py:52: &lt;py._xmlgen.raw object at 0x7fb29db933c8&gt;</skipped></testcase><testcase classname="src.pymortests.affine_grid" file="src/pymortests/affine_grid.py" line="52" name="test_embeddings_shape[&lt;lambda&gt;21]" time="0.0007312297821044922"><skipped message="Suite splitting in effect" type="pytest.skip">src/pymortests/affine_grid.py:52: &lt;py._xmlgen.raw object at 0x7fb29db93eb8&gt;</skipped></testcase><testcase classname="src.pymortests.affine_grid" file="src/pymortests/affine_grid.py" line="52" name="test_embeddings_shape[&lt;lambda&gt;22]" time="0.0004134178161621094"><skipped message="Suite splitting in effect" type="pytest.skip">src/pymortests/affine_grid.py:52: &lt;py._xmlgen.raw object at 0x7fb29dc01da0&gt;</skipped></testcase><testcase classname="src.pymortests.affine_grid" file="src/pymortests/affine_grid.py" line="52" name="test_embeddings_shape[&lt;lambda&gt;23]" time="0.0004227161407470703"><skipped message="Suite splitting in effect" type="pytest.skip">src/pymortests/affine_grid.py:52: &lt;py._xmlgen.raw object at 0x7fb2e3c47c50&gt;</skipped></testcase><testcase classname="src.pymortests.affine_grid" file="src/pymortests/affine_grid.py" line="52" name="test_embeddings_shape[&lt;lambda&gt;24]" time="0.0004169940948486328"><skipped message="Suite splitting in effect" type="pytest.skip">src/pymortests/affine_grid.py:52: &lt;py._xmlgen.raw object at 0x7fb29dc0a9b0&gt;</skipped></testcase><testcase classname="src.pymortests.affine_grid" file="src/pymortests/affine_grid.py" line="52" name="test_embeddings_shape[&lt;lambda&gt;25]" time="0.00044083595275878906"><skipped message="Suite splitting in effect" type="pytest.skip">src/pymortests/affine_grid.py:52: &lt;py._xmlgen.raw object at 0x7fb29dc0ac50&gt;</skipped></testcase><testcase classname="src.pymortests.affine_grid" file="src/pymortests/affine_grid.py" line="52" name="test_embeddings_shape[&lt;lambda&gt;26]" time="0.0004260540008544922"><skipped message="Suite splitting in effect" type="pytest.skip">src/pymortests/affine_grid.py:52: &lt;py._xmlgen.raw object at 0x7fb2e3c916a0&gt;</skipped></testcase><testcase classname="src.pymortests.affine_grid" file="src/pymortests/affine_grid.py" line="52" name="test_embeddings_shape[&lt;lambda&gt;27]" time="0.0004286766052246094"><skipped message="Suite splitting in effect" type="pytest.skip">src/pymortests/affine_grid.py:52: &lt;py._xmlgen.raw object at 0x7fb29db93080&gt;</skipped></testcase><testcase classname="src.pymortests.affine_grid" file="src/pymortests/affine_grid.py" line="52" name="test_embeddings_shape[&lt;lambda&gt;28]" time="0.0004355907440185547"><skipped message="Suite splitting in effect" type="pytest.skip">src/pymortests/affine_grid.py:52: &lt;py._xmlgen.raw object at 0x7fb29db93208&gt;</skipped></testcase><testcase classname="src.pymortests.affine_grid" file="src/pymortests/affine_grid.py" line="52" name="test_embeddings_shape[&lt;lambda&gt;29]" time="0.0006985664367675781"><skipped message="Suite splitting in effect" type="pytest.skip">src/pymortests/affine_grid.py:52: &lt;py._xmlgen.raw object at 0x7fb29dba6438&gt;</skipped></testcase><testcase classname="src.pymortests.affine_grid" file="src/pymortests/affine_grid.py" line="52" name="test_embeddings_shape[&lt;lambda&gt;30]" time="0.0004246234893798828"><skipped message="Suite splitting in effect" type="pytest.skip">src/pymortests/affine_grid.py:52: &lt;py._xmlgen.raw object at 0x7fb29db93400&gt;</skipped></testcase><testcase classname="src.pymortests.affine_grid" file="src/pymortests/affine_grid.py" line="52" name="test_embeddings_shape[&lt;lambda&gt;31]" time="0.00048351287841796875"><skipped message="Suite splitting in effect" type="pytest.skip">src/pymortests/affine_grid.py:52: &lt;py._xmlgen.raw object at 0x7fb2e3cf6358&gt;</skipped></testcase><testcase classname="src.pymortests.affine_grid" file="src/pymortests/affine_grid.py" line="52" name="test_embeddings_shape[&lt;lambda&gt;32]" time="0.0004906654357910156"><skipped message="Suite splitting in effect" type="pytest.skip">src/pymortests/affine_grid.py:52: &lt;py._xmlgen.raw object at 0x7fb29dc0aac8&gt;</skipped></testcase><testcase classname="src.pymortests.affine_grid" file="src/pymortests/affine_grid.py" line="52" name="test_embeddings_shape[&lt;lambda&gt;33]" time="0.0004360675811767578"><skipped message="Suite splitting in effect" type="pytest.skip">src/pymortests/affine_grid.py:52: &lt;py._xmlgen.raw object at 0x7fb2e3c5bb00&gt;</skipped></testcase><testcase classname="src.pymortests.affine_grid" file="src/pymortests/affine_grid.py" line="52" name="test_embeddings_shape[&lt;lambda&gt;34]" time="0.00042724609375"><skipped message="Suite splitting in effect" type="pytest.skip">src/pymortests/affine_grid.py:52: &lt;py._xmlgen.raw object at 0x7fb2e3cb0fd0&gt;</skipped></testcase><testcase classname="src.pymortests.affine_grid" file="src/pymortests/affine_grid.py" line="52" name="test_embeddings_shape[&lt;lambda&gt;35]" time="0.0006213188171386719"><skipped message="Suite splitting in effect" type="pytest.skip">src/pymortests/affine_grid.py:52: &lt;py._xmlgen.raw object at 0x7fb29dc01828&gt;</skipped></testcase><testcase classname="src.pymortests.affine_grid" file="src/pymortests/affine_grid.py" line="52" name="test_embeddings_shape[&lt;lambda&gt;36]" time="0.00044274330139160156"><skipped message="Suite splitting in effect" type="pytest.skip">src/pymortests/affine_grid.py:52: &lt;py._xmlgen.raw object at 0x7fb29dba6278&gt;</skipped></testcase><testcase classname="src.pymortests.affine_grid" file="src/pymortests/affine_grid.py" line="52" name="test_embeddings_shape[&lt;lambda&gt;37]" time="0.0004467964172363281"><skipped message="Suite splitting in effect" type="pytest.skip">src/pymortests/affine_grid.py:52: &lt;py._xmlgen.raw object at 0x7fb29dba6a58&gt;</skipped></testcase><testcase classname="src.pymortests.affine_grid" file="src/pymortests/affine_grid.py" line="52" name="test_embeddings_shape[&lt;lambda&gt;38]" time="0.00042319297790527344"><skipped message="Suite splitting in effect" type="pytest.skip">src/pymortests/affine_grid.py:52: &lt;py._xmlgen.raw object at 0x7fb2e3cb0d68&gt;</skipped></testcase><testcase classname="src.pymortests.affine_grid" file="src/pymortests/affine_grid.py" line="52" name="test_embeddings_shape[&lt;lambda&gt;39]" time="0.0004253387451171875"><skipped message="Suite splitting in effect" type="pytest.skip">src/pymortests/affine_grid.py:52: &lt;py._xmlgen.raw object at 0x7fb2e3c5b1d0&gt;</skipped></testcase><testcase classname="src.pymortests.affine_grid" file="src/pymortests/affine_grid.py" line="52" name="test_embeddings_shape[&lt;lambda&gt;40]" time="0.0004210472106933594"><skipped message="Suite splitting in effect" type="pytest.skip">src/pymortests/affine_grid.py:52: &lt;py._xmlgen.raw object at 0x7fb29dc0a9b0&gt;</skipped></testcase><testcase classname="src.pymortests.affine_grid" file="src/pymortests/affine_grid.py" line="52" name="test_embeddings_shape[&lt;lambda&gt;41]" time="0.00044846534729003906"><skipped message="Suite splitting in effect" type="pytest.skip">src/pymortests/affine_grid.py:52: &lt;py._xmlgen.raw object at 0x7fb2e3cf6c18&gt;</skipped></testcase><testcase classname="src.pymortests.affine_grid" file="src/pymortests/affine_grid.py" line="52" name="test_embeddings_shape[&lt;lambda&gt;42]" time="0.00048661231994628906"><skipped message="Suite splitting in effect" type="pytest.skip">src/pymortests/affine_grid.py:52: &lt;py._xmlgen.raw object at 0x7fb29db93cf8&gt;</skipped></testcase><testcase classname="src.pymortests.affine_grid" file="src/pymortests/affine_grid.py" line="62" name="test_embeddings_transitivity[&lt;lambda&gt;0]" time="0.0004558563232421875"><skipped message="Suite splitting in effect" type="pytest.skip">src/pymortests/affine_grid.py:62: &lt;py._xmlgen.raw object at 0x7fb29dba6be0&gt;</skipped></testcase><testcase classname="src.pymortests.affine_grid" file="src/pymortests/affine_grid.py" line="62" name="test_embeddings_transitivity[&lt;lambda&gt;1]" time="0.0004391670227050781"><skipped message="Suite splitting in effect" type="pytest.skip">src/pymortests/affine_grid.py:62: &lt;py._xmlgen.raw object at 0x7fb29dba6358&gt;</skipped></testcase><testcase classname="src.pymortests.affine_grid" file="src/pymortests/affine_grid.py" line="62" name="test_embeddings_transitivity[&lt;lambda&gt;2]" time="0.0004076957702636719"><skipped message="Suite splitting in effect" type="pytest.skip">src/pymortests/affine_grid.py:62: &lt;py._xmlgen.raw object at 0x7fb29dba6f60&gt;</skipped></testcase><testcase classname="src.pymortests.affine_grid" file="src/pymortests/affine_grid.py" line="62" name="test_embeddings_transitivity[&lt;lambda&gt;3]" time="0.0007395744323730469"><skipped message="Suite splitting in effect" type="pytest.skip">src/pymortests/affine_grid.py:62: &lt;py._xmlgen.raw object at 0x7fb29dba6128&gt;</skipped></testcase><testcase classname="src.pymortests.affine_grid" file="src/pymortests/affine_grid.py" line="62" name="test_embeddings_transitivity[&lt;lambda&gt;4]" time="0.00045680999755859375"><skipped message="Suite splitting in effect" type="pytest.skip">src/pymortests/affine_grid.py:62: &lt;py._xmlgen.raw object at 0x7fb29dba6908&gt;</skipped></testcase><testcase classname="src.pymortests.affine_grid" file="src/pymortests/affine_grid.py" line="62" name="test_embeddings_transitivity[&lt;lambda&gt;5]" time="0.0004200935363769531"><skipped message="Suite splitting in effect" type="pytest.skip">src/pymortests/affine_grid.py:62: &lt;py._xmlgen.raw object at 0x7fb29db93588&gt;</skipped></testcase><testcase classname="src.pymortests.affine_grid" file="src/pymortests/affine_grid.py" line="62" name="test_embeddings_transitivity[&lt;lambda&gt;6]" time="0.00039958953857421875"><skipped message="Suite splitting in effect" type="pytest.skip">src/pymortests/affine_grid.py:62: &lt;py._xmlgen.raw object at 0x7fb29dc0a710&gt;</skipped></testcase><testcase classname="src.pymortests.affine_grid" file="src/pymortests/affine_grid.py" line="62" name="test_embeddings_transitivity[&lt;lambda&gt;7]" time="0.00042700767517089844"><skipped message="Suite splitting in effect" type="pytest.skip">src/pymortests/affine_grid.py:62: &lt;py._xmlgen.raw object at 0x7fb2e3ce5160&gt;</skipped></testcase><testcase classname="src.pymortests.affine_grid" file="src/pymortests/affine_grid.py" line="62" name="test_embeddings_transitivity[&lt;lambda&gt;8]" time="0.0004553794860839844"><skipped message="Suite splitting in effect" type="pytest.skip">src/pymortests/affine_grid.py:62: &lt;py._xmlgen.raw object at 0x7fb2e3c5bcf8&gt;</skipped></testcase><testcase classname="src.pymortests.affine_grid" file="src/pymortests/affine_grid.py" line="62" name="test_embeddings_transitivity[&lt;lambda&gt;9]" time="0.0004582405090332031"><skipped message="Suite splitting in effect" type="pytest.skip">src/pymortests/affine_grid.py:62: &lt;py._xmlgen.raw object at 0x7fb29dc01518&gt;</skipped></testcase><testcase classname="src.pymortests.affine_grid" file="src/pymortests/affine_grid.py" line="62" name="test_embeddings_transitivity[&lt;lambda&gt;10]" time="0.0004379749298095703"><skipped message="Suite splitting in effect" type="pytest.skip">src/pymortests/affine_grid.py:62: &lt;py._xmlgen.raw object at 0x7fb29dbae4e0&gt;</skipped></testcase><testcase classname="src.pymortests.affine_grid" file="src/pymortests/affine_grid.py" line="62" name="test_embeddings_transitivity[&lt;lambda&gt;11]" time="0.0007405281066894531"><skipped message="Suite splitting in effect" type="pytest.skip">src/pymortests/affine_grid.py:62: &lt;py._xmlgen.raw object at 0x7fb29dbe2fd0&gt;</skipped></testcase><testcase classname="src.pymortests.affine_grid" file="src/pymortests/affine_grid.py" line="62" name="test_embeddings_transitivity[&lt;lambda&gt;12]" time="0.00040531158447265625"><skipped message="Suite splitting in effect" type="pytest.skip">src/pymortests/affine_grid.py:62: &lt;py._xmlgen.raw object at 0x7fb2e3c5b7b8&gt;</skipped></testcase><testcase classname="src.pymortests.affine_grid" file="src/pymortests/affine_grid.py" line="62" name="test_embeddings_transitivity[&lt;lambda&gt;13]" time="0.0004420280456542969"><skipped message="Suite splitting in effect" type="pytest.skip">src/pymortests/affine_grid.py:62: &lt;py._xmlgen.raw object at 0x7fb29dc0aef0&gt;</skipped></testcase><testcase classname="src.pymortests.affine_grid" file="src/pymortests/affine_grid.py" line="62" name="test_embeddings_transitivity[&lt;lambda&gt;14]" time="0.0004210472106933594"><skipped message="Suite splitting in effect" type="pytest.skip">src/pymortests/affine_grid.py:62: &lt;py._xmlgen.raw object at 0x7fb29db93710&gt;</skipped></testcase><testcase classname="src.pymortests.affine_grid" file="src/pymortests/affine_grid.py" line="62" name="test_embeddings_transitivity[&lt;lambda&gt;15]" time="0.000446319580078125"><skipped message="Suite splitting in effect" type="pytest.skip">src/pymortests/affine_grid.py:62: &lt;py._xmlgen.raw object at 0x7fb29dba6320&gt;</skipped></testcase><testcase classname="src.pymortests.affine_grid" file="src/pymortests/affine_grid.py" line="62" name="test_embeddings_transitivity[&lt;lambda&gt;16]" time="0.0004470348358154297"><skipped message="Suite splitting in effect" type="pytest.skip">src/pymortests/affine_grid.py:62: &lt;py._xmlgen.raw object at 0x7fb29dba6a58&gt;</skipped></testcase><testcase classname="src.pymortests.affine_grid" file="src/pymortests/affine_grid.py" line="62" name="test_embeddings_transitivity[&lt;lambda&gt;17]" time="0.0004074573516845703"><skipped message="Suite splitting in effect" type="pytest.skip">src/pymortests/affine_grid.py:62: &lt;py._xmlgen.raw object at 0x7fb29dbae358&gt;</skipped></testcase><testcase classname="src.pymortests.affine_grid" file="src/pymortests/affine_grid.py" line="62" name="test_embeddings_transitivity[&lt;lambda&gt;18]" time="0.0004286766052246094"><skipped message="Suite splitting in effect" type="pytest.skip">src/pymortests/affine_grid.py:62: &lt;py._xmlgen.raw object at 0x7fb29dbaeda0&gt;</skipped></testcase><testcase classname="src.pymortests.affine_grid" file="src/pymortests/affine_grid.py" line="62" name="test_embeddings_transitivity[&lt;lambda&gt;19]" time="0.0007088184356689453"><skipped message="Suite splitting in effect" type="pytest.skip">src/pymortests/affine_grid.py:62: &lt;py._xmlgen.raw object at 0x7fb29dbb8320&gt;</skipped></testcase><testcase classname="src.pymortests.affine_grid" file="src/pymortests/affine_grid.py" line="62" name="test_embeddings_transitivity[&lt;lambda&gt;20]" time="0.0004286766052246094"><skipped message="Suite splitting in effect" type="pytest.skip">src/pymortests/affine_grid.py:62: &lt;py._xmlgen.raw object at 0x7fb29dbae198&gt;</skipped></testcase><testcase classname="src.pymortests.affine_grid" file="src/pymortests/affine_grid.py" line="62" name="test_embeddings_transitivity[&lt;lambda&gt;21]" time="0.0004146099090576172"><skipped message="Suite splitting in effect" type="pytest.skip">src/pymortests/affine_grid.py:62: &lt;py._xmlgen.raw object at 0x7fb29dba6710&gt;</skipped></testcase><testcase classname="src.pymortests.affine_grid" file="src/pymortests/affine_grid.py" line="62" name="test_embeddings_transitivity[&lt;lambda&gt;22]" time="0.0004200935363769531"><skipped message="Suite splitting in effect" type="pytest.skip">src/pymortests/affine_grid.py:62: &lt;py._xmlgen.raw object at 0x7fb2e3bffac8&gt;</skipped></testcase><testcase classname="src.pymortests.affine_grid" file="src/pymortests/affine_grid.py" line="62" name="test_embeddings_transitivity[&lt;lambda&gt;23]" time="0.00039887428283691406"><skipped message="Suite splitting in effect" type="pytest.skip">src/pymortests/affine_grid.py:62: &lt;py._xmlgen.raw object at 0x7fb2e3c6aeb8&gt;</skipped></testcase><testcase classname="src.pymortests.affine_grid" file="src/pymortests/affine_grid.py" line="62" name="test_embeddings_transitivity[&lt;lambda&gt;24]" time="0.00042510032653808594"><skipped message="Suite splitting in effect" type="pytest.skip">src/pymortests/affine_grid.py:62: &lt;py._xmlgen.raw object at 0x7fb29dc0a080&gt;</skipped></testcase><testcase classname="src.pymortests.affine_grid" file="src/pymortests/affine_grid.py" line="62" name="test_embeddings_transitivity[&lt;lambda&gt;25]" time="0.0004246234893798828"><skipped message="Suite splitting in effect" type="pytest.skip">src/pymortests/affine_grid.py:62: &lt;py._xmlgen.raw object at 0x7fb2e3c5b860&gt;</skipped></testcase><testcase classname="src.pymortests.affine_grid" file="src/pymortests/affine_grid.py" line="62" name="test_embeddings_transitivity[&lt;lambda&gt;26]" time="0.0004725456237792969"><skipped message="Suite splitting in effect" type="pytest.skip">src/pymortests/affine_grid.py:62: &lt;py._xmlgen.raw object at 0x7fb29dbb8198&gt;</skipped></testcase><testcase classname="src.pymortests.affine_grid" file="src/pymortests/affine_grid.py" line="62" name="test_embeddings_transitivity[&lt;lambda&gt;27]" time="0.0007424354553222656"><skipped message="Suite splitting in effect" type="pytest.skip">src/pymortests/affine_grid.py:62: &lt;py._xmlgen.raw object at 0x7fb29dbb8860&gt;</skipped></testcase><testcase classname="src.pymortests.affine_grid" file="src/pymortests/affine_grid.py" line="62" name="test_embeddings_transitivity[&lt;lambda&gt;28]" time="0.0004634857177734375"><skipped message="Suite splitting in effect" type="pytest.skip">src/pymortests/affine_grid.py:62: &lt;py._xmlgen.raw object at 0x7fb29dc0a748&gt;</skipped></testcase><testcase classname="src.pymortests.affine_grid" file="src/pymortests/affine_grid.py" line="62" name="test_embeddings_transitivity[&lt;lambda&gt;29]" time="0.0004496574401855469"><skipped message="Suite splitting in effect" type="pytest.skip">src/pymortests/affine_grid.py:62: &lt;py._xmlgen.raw object at 0x7fb29db93710&gt;</skipped></testcase><testcase classname="src.pymortests.affine_grid" file="src/pymortests/affine_grid.py" line="62" name="test_embeddings_transitivity[&lt;lambda&gt;30]" time="0.00041866302490234375"><skipped message="Suite splitting in effect" type="pytest.skip">src/pymortests/affine_grid.py:62: &lt;py._xmlgen.raw object at 0x7fb2e3bff390&gt;</skipped></testcase><testcase classname="src.pymortests.affine_grid" file="src/pymortests/affine_grid.py" line="62" name="test_embeddings_transitivity[&lt;lambda&gt;31]" time="0.0004515647888183594"><skipped message="Suite splitting in effect" type="pytest.skip">src/pymortests/affine_grid.py:62: &lt;py._xmlgen.raw object at 0x7fb29dba6828&gt;</skipped></testcase><testcase classname="src.pymortests.affine_grid" file="src/pymortests/affine_grid.py" line="62" name="test_embeddings_transitivity[&lt;lambda&gt;32]" time="0.0004074573516845703"><skipped message="Suite splitting in effect" type="pytest.skip">src/pymortests/affine_grid.py:62: &lt;py._xmlgen.raw object at 0x7fb29dbae240&gt;</skipped></testcase><testcase classname="src.pymortests.affine_grid" file="src/pymortests/affine_grid.py" line="62" name="test_embeddings_transitivity[&lt;lambda&gt;33]" time="0.00042557716369628906"><skipped message="Suite splitting in effect" type="pytest.skip">src/pymortests/affine_grid.py:62: &lt;py._xmlgen.raw object at 0x7fb29dbb8908&gt;</skipped></testcase><testcase classname="src.pymortests.affine_grid" file="src/pymortests/affine_grid.py" line="62" name="test_embeddings_transitivity[&lt;lambda&gt;34]" time="0.00045609474182128906"><skipped message="Suite splitting in effect" type="pytest.skip">src/pymortests/affine_grid.py:62: &lt;py._xmlgen.raw object at 0x7fb29dbb8240&gt;</skipped></testcase><testcase classname="src.pymortests.affine_grid" file="src/pymortests/affine_grid.py" line="62" name="test_embeddings_transitivity[&lt;lambda&gt;35]" time="0.0004215240478515625"><skipped message="Suite splitting in effect" type="pytest.skip">src/pymortests/affine_grid.py:62: &lt;py._xmlgen.raw object at 0x7fb29dbb8e80&gt;</skipped></testcase><testcase classname="src.pymortests.affine_grid" file="src/pymortests/affine_grid.py" line="62" name="test_embeddings_transitivity[&lt;lambda&gt;36]" time="0.00041985511779785156"><skipped message="Suite splitting in effect" type="pytest.skip">src/pymortests/affine_grid.py:62: &lt;py._xmlgen.raw object at 0x7fb29dbae160&gt;</skipped></testcase><testcase classname="src.pymortests.affine_grid" file="src/pymortests/affine_grid.py" line="62" name="test_embeddings_transitivity[&lt;lambda&gt;37]" time="0.00044083595275878906"><skipped message="Suite splitting in effect" type="pytest.skip">src/pymortests/affine_grid.py:62: &lt;py._xmlgen.raw object at 0x7fb29dba60b8&gt;</skipped></testcase><testcase classname="src.pymortests.affine_grid" file="src/pymortests/affine_grid.py" line="62" name="test_embeddings_transitivity[&lt;lambda&gt;38]" time="0.00041985511779785156"><skipped message="Suite splitting in effect" type="pytest.skip">src/pymortests/affine_grid.py:62: &lt;py._xmlgen.raw object at 0x7fb2e3c6a4a8&gt;</skipped></testcase><testcase classname="src.pymortests.affine_grid" file="src/pymortests/affine_grid.py" line="62" name="test_embeddings_transitivity[&lt;lambda&gt;39]" time="0.00040721893310546875"><skipped message="Suite splitting in effect" type="pytest.skip">src/pymortests/affine_grid.py:62: &lt;py._xmlgen.raw object at 0x7fb29db936a0&gt;</skipped></testcase><testcase classname="src.pymortests.affine_grid" file="src/pymortests/affine_grid.py" line="62" name="test_embeddings_transitivity[&lt;lambda&gt;40]" time="0.0004324913024902344"><skipped message="Suite splitting in effect" type="pytest.skip">src/pymortests/affine_grid.py:62: &lt;py._xmlgen.raw object at 0x7fb2e3c5bba8&gt;</skipped></testcase><testcase classname="src.pymortests.affine_grid" file="src/pymortests/affine_grid.py" line="62" name="test_embeddings_transitivity[&lt;lambda&gt;41]" time="0.0004253387451171875"><skipped message="Suite splitting in effect" type="pytest.skip">src/pymortests/affine_grid.py:62: &lt;py._xmlgen.raw object at 0x7fb29dbb8b38&gt;</skipped></testcase><testcase classname="src.pymortests.affine_grid" file="src/pymortests/affine_grid.py" line="62" name="test_embeddings_transitivity[&lt;lambda&gt;42]" time="0.00047850608825683594"><skipped message="Suite splitting in effect" type="pytest.skip">src/pymortests/affine_grid.py:62: &lt;py._xmlgen.raw object at 0x7fb29dbb8748&gt;</skipped></testcase><testcase classname="src.pymortests.affine_grid" file="src/pymortests/affine_grid.py" line="75" name="test_jacobian_inverse_transposed_wrong_arguments[&lt;lambda&gt;0]" time="0.00048732757568359375"><skipped message="Suite splitting in effect" type="pytest.skip">src/pymortests/affine_grid.py:75: &lt;py._xmlgen.raw object at 0x7fb29dbc33c8&gt;</skipped></testcase><testcase classname="src.pymortests.affine_grid" file="src/pymortests/affine_grid.py" line="75" name="test_jacobian_inverse_transposed_wrong_arguments[&lt;lambda&gt;1]" time="0.00043582916259765625"><skipped message="Suite splitting in effect" type="pytest.skip">src/pymortests/affine_grid.py:75: &lt;py._xmlgen.raw object at 0x7fb29dbb85c0&gt;</skipped></testcase><testcase classname="src.pymortests.affine_grid" file="src/pymortests/affine_grid.py" line="75" name="test_jacobian_inverse_transposed_wrong_arguments[&lt;lambda&gt;2]" time="0.0004668235778808594"><skipped message="Suite splitting in effect" type="pytest.skip">src/pymortests/affine_grid.py:75: &lt;py._xmlgen.raw object at 0x7fb29dc0a160&gt;</skipped></testcase><testcase classname="src.pymortests.affine_grid" file="src/pymortests/affine_grid.py" line="75" name="test_jacobian_inverse_transposed_wrong_arguments[&lt;lambda&gt;3]" time="0.0004506111145019531"><skipped message="Suite splitting in effect" type="pytest.skip">src/pymortests/affine_grid.py:75: &lt;py._xmlgen.raw object at 0x7fb2e3d74f28&gt;</skipped></testcase><testcase classname="src.pymortests.affine_grid" file="src/pymortests/affine_grid.py" line="75" name="test_jacobian_inverse_transposed_wrong_arguments[&lt;lambda&gt;4]" time="0.00042319297790527344"><skipped message="Suite splitting in effect" type="pytest.skip">src/pymortests/affine_grid.py:75: &lt;py._xmlgen.raw object at 0x7fb2e3c6afd0&gt;</skipped></testcase><testcase classname="src.pymortests.affine_grid" file="src/pymortests/affine_grid.py" line="75" name="test_jacobian_inverse_transposed_wrong_arguments[&lt;lambda&gt;5]" time="0.00042724609375"><skipped message="Suite splitting in effect" type="pytest.skip">src/pymortests/affine_grid.py:75: &lt;py._xmlgen.raw object at 0x7fb29dba6b38&gt;</skipped></testcase><testcase classname="src.pymortests.affine_grid" file="src/pymortests/affine_grid.py" line="75" name="test_jacobian_inverse_transposed_wrong_arguments[&lt;lambda&gt;6]" time="0.0004210472106933594"><skipped message="Suite splitting in effect" type="pytest.skip">src/pymortests/affine_grid.py:75: &lt;py._xmlgen.raw object at 0x7fb29dbae198&gt;</skipped></testcase><testcase classname="src.pymortests.affine_grid" file="src/pymortests/affine_grid.py" line="75" name="test_jacobian_inverse_transposed_wrong_arguments[&lt;lambda&gt;7]" time="0.0004870891571044922"><skipped message="Suite splitting in effect" type="pytest.skip">src/pymortests/affine_grid.py:75: &lt;py._xmlgen.raw object at 0x7fb29dbc3080&gt;</skipped></testcase><testcase classname="src.pymortests.affine_grid" file="src/pymortests/affine_grid.py" line="75" name="test_jacobian_inverse_transposed_wrong_arguments[&lt;lambda&gt;8]" time="0.0004334449768066406"><skipped message="Suite splitting in effect" type="pytest.skip">src/pymortests/affine_grid.py:75: &lt;py._xmlgen.raw object at 0x7fb29dbc3908&gt;</skipped></testcase><testcase classname="src.pymortests.affine_grid" file="src/pymortests/affine_grid.py" line="75" name="test_jacobian_inverse_transposed_wrong_arguments[&lt;lambda&gt;9]" time="0.0010616779327392578"><skipped message="Suite splitting in effect" type="pytest.skip">src/pymortests/affine_grid.py:75: &lt;py._xmlgen.raw object at 0x7fb2e3c6a4a8&gt;</skipped></testcase><testcase classname="src.pymortests.affine_grid" file="src/pymortests/affine_grid.py" line="75" name="test_jacobian_inverse_transposed_wrong_arguments[&lt;lambda&gt;10]" time="0.000423431396484375"><skipped message="Suite splitting in effect" type="pytest.skip">src/pymortests/affine_grid.py:75: &lt;py._xmlgen.raw object at 0x7fb29dc0a748&gt;</skipped></testcase><testcase classname="src.pymortests.affine_grid" file="src/pymortests/affine_grid.py" line="75" name="test_jacobian_inverse_transposed_wrong_arguments[&lt;lambda&gt;11]" time="0.0004303455352783203"><skipped message="Suite splitting in effect" type="pytest.skip">src/pymortests/affine_grid.py:75: &lt;py._xmlgen.raw object at 0x7fb29dbb8438&gt;</skipped></testcase><testcase classname="src.pymortests.affine_grid" file="src/pymortests/affine_grid.py" line="75" name="test_jacobian_inverse_transposed_wrong_arguments[&lt;lambda&gt;12]" time="0.00041794776916503906"><skipped message="Suite splitting in effect" type="pytest.skip">src/pymortests/affine_grid.py:75: &lt;py._xmlgen.raw object at 0x7fb29dbb8ac8&gt;</skipped></testcase><testcase classname="src.pymortests.affine_grid" file="src/pymortests/affine_grid.py" line="75" name="test_jacobian_inverse_transposed_wrong_arguments[&lt;lambda&gt;13]" time="0.00041747093200683594"><skipped message="Suite splitting in effect" type="pytest.skip">src/pymortests/affine_grid.py:75: &lt;py._xmlgen.raw object at 0x7fb29dbaec88&gt;</skipped></testcase><testcase classname="src.pymortests.affine_grid" file="src/pymortests/affine_grid.py" line="75" name="test_jacobian_inverse_transposed_wrong_arguments[&lt;lambda&gt;14]" time="0.0004317760467529297"><skipped message="Suite splitting in effect" type="pytest.skip">src/pymortests/affine_grid.py:75: &lt;py._xmlgen.raw object at 0x7fb29dbae6d8&gt;</skipped></testcase><testcase classname="src.pymortests.affine_grid" file="src/pymortests/affine_grid.py" line="75" name="test_jacobian_inverse_transposed_wrong_arguments[&lt;lambda&gt;15]" time="0.0006716251373291016"><skipped message="Suite splitting in effect" type="pytest.skip">src/pymortests/affine_grid.py:75: &lt;py._xmlgen.raw object at 0x7fb29dba6470&gt;</skipped></testcase><testcase classname="src.pymortests.affine_grid" file="src/pymortests/affine_grid.py" line="75" name="test_jacobian_inverse_transposed_wrong_arguments[&lt;lambda&gt;16]" time="0.00042176246643066406"><skipped message="Suite splitting in effect" type="pytest.skip">src/pymortests/affine_grid.py:75: &lt;py._xmlgen.raw object at 0x7fb29dbeda20&gt;</skipped></testcase><testcase classname="src.pymortests.affine_grid" file="src/pymortests/affine_grid.py" line="75" name="test_jacobian_inverse_transposed_wrong_arguments[&lt;lambda&gt;17]" time="0.0004267692565917969"><skipped message="Suite splitting in effect" type="pytest.skip">src/pymortests/affine_grid.py:75: &lt;py._xmlgen.raw object at 0x7fb29dbe2550&gt;</skipped></testcase><testcase classname="src.pymortests.affine_grid" file="src/pymortests/affine_grid.py" line="75" name="test_jacobian_inverse_transposed_wrong_arguments[&lt;lambda&gt;18]" time="0.0004506111145019531"><skipped message="Suite splitting in effect" type="pytest.skip">src/pymortests/affine_grid.py:75: &lt;py._xmlgen.raw object at 0x7fb29dba6470&gt;</skipped></testcase><testcase classname="src.pymortests.affine_grid" file="src/pymortests/affine_grid.py" line="75" name="test_jacobian_inverse_transposed_wrong_arguments[&lt;lambda&gt;19]" time="0.0004150867462158203"><skipped message="Suite splitting in effect" type="pytest.skip">src/pymortests/affine_grid.py:75: &lt;py._xmlgen.raw object at 0x7fb29dbaef98&gt;</skipped></testcase><testcase classname="src.pymortests.affine_grid" file="src/pymortests/affine_grid.py" line="75" name="test_jacobian_inverse_transposed_wrong_arguments[&lt;lambda&gt;20]" time="0.00042819976806640625"><skipped message="Suite splitting in effect" type="pytest.skip">src/pymortests/affine_grid.py:75: &lt;py._xmlgen.raw object at 0x7fb29dbb8860&gt;</skipped></testcase><testcase classname="src.pymortests.affine_grid" file="src/pymortests/affine_grid.py" line="75" name="test_jacobian_inverse_transposed_wrong_arguments[&lt;lambda&gt;21]" time="0.0004706382751464844"><skipped message="Suite splitting in effect" type="pytest.skip">src/pymortests/affine_grid.py:75: &lt;py._xmlgen.raw object at 0x7fb29dbb8ef0&gt;</skipped></testcase><testcase classname="src.pymortests.affine_grid" file="src/pymortests/affine_grid.py" line="75" name="test_jacobian_inverse_transposed_wrong_arguments[&lt;lambda&gt;22]" time="0.0004074573516845703"><skipped message="Suite splitting in effect" type="pytest.skip">src/pymortests/affine_grid.py:75: &lt;py._xmlgen.raw object at 0x7fb29dc0a080&gt;</skipped></testcase><testcase classname="src.pymortests.affine_grid" file="src/pymortests/affine_grid.py" line="75" name="test_jacobian_inverse_transposed_wrong_arguments[&lt;lambda&gt;23]" time="0.00044274330139160156"><skipped message="Suite splitting in effect" type="pytest.skip">src/pymortests/affine_grid.py:75: &lt;py._xmlgen.raw object at 0x7fb2e3c108d0&gt;</skipped></testcase><testcase classname="src.pymortests.affine_grid" file="src/pymortests/affine_grid.py" line="75" name="test_jacobian_inverse_transposed_wrong_arguments[&lt;lambda&gt;24]" time="0.0004401206970214844"><skipped message="Suite splitting in effect" type="pytest.skip">src/pymortests/affine_grid.py:75: &lt;py._xmlgen.raw object at 0x7fb29dbc38d0&gt;</skipped></testcase><testcase classname="src.pymortests.affine_grid" file="src/pymortests/affine_grid.py" line="75" name="test_jacobian_inverse_transposed_wrong_arguments[&lt;lambda&gt;25]" time="0.0007550716400146484"><skipped message="Suite splitting in effect" type="pytest.skip">src/pymortests/affine_grid.py:75: &lt;py._xmlgen.raw object at 0x7fb29dbc3470&gt;</skipped></testcase><testcase classname="src.pymortests.affine_grid" file="src/pymortests/affine_grid.py" line="75" name="test_jacobian_inverse_transposed_wrong_arguments[&lt;lambda&gt;26]" time="0.0004115104675292969"><skipped message="Suite splitting in effect" type="pytest.skip">src/pymortests/affine_grid.py:75: &lt;py._xmlgen.raw object at 0x7fb2e3c10a20&gt;</skipped></testcase><testcase classname="src.pymortests.affine_grid" file="src/pymortests/affine_grid.py" line="75" name="test_jacobian_inverse_transposed_wrong_arguments[&lt;lambda&gt;27]" time="0.0005538463592529297"><skipped message="Suite splitting in effect" type="pytest.skip">src/pymortests/affine_grid.py:75: &lt;py._xmlgen.raw object at 0x7fb29dbb8cf8&gt;</skipped></testcase><testcase classname="src.pymortests.affine_grid" file="src/pymortests/affine_grid.py" line="75" name="test_jacobian_inverse_transposed_wrong_arguments[&lt;lambda&gt;28]" time="0.0004432201385498047"><skipped message="Suite splitting in effect" type="pytest.skip">src/pymortests/affine_grid.py:75: &lt;py._xmlgen.raw object at 0x7fb29dbb8860&gt;</skipped></testcase><testcase classname="src.pymortests.affine_grid" file="src/pymortests/affine_grid.py" line="75" name="test_jacobian_inverse_transposed_wrong_arguments[&lt;lambda&gt;29]" time="0.0004942417144775391"><skipped message="Suite splitting in effect" type="pytest.skip">src/pymortests/affine_grid.py:75: &lt;py._xmlgen.raw object at 0x7fb29dbae9b0&gt;</skipped></testcase><testcase classname="src.pymortests.affine_grid" file="src/pymortests/affine_grid.py" line="75" name="test_jacobian_inverse_transposed_wrong_arguments[&lt;lambda&gt;30]" time="0.00044083595275878906"><skipped message="Suite splitting in effect" type="pytest.skip">src/pymortests/affine_grid.py:75: &lt;py._xmlgen.raw object at 0x7fb29dbedac8&gt;</skipped></testcase><testcase classname="src.pymortests.affine_grid" file="src/pymortests/affine_grid.py" line="75" name="test_jacobian_inverse_transposed_wrong_arguments[&lt;lambda&gt;31]" time="0.0004515647888183594"><skipped message="Suite splitting in effect" type="pytest.skip">src/pymortests/affine_grid.py:75: &lt;py._xmlgen.raw object at 0x7fb29dbe2550&gt;</skipped></testcase><testcase classname="src.pymortests.affine_grid" file="src/pymortests/affine_grid.py" line="75" name="test_jacobian_inverse_transposed_wrong_arguments[&lt;lambda&gt;32]" time="0.00041222572326660156"><skipped message="Suite splitting in effect" type="pytest.skip">src/pymortests/affine_grid.py:75: &lt;py._xmlgen.raw object at 0x7fb29dbc3240&gt;</skipped></testcase><testcase classname="src.pymortests.affine_grid" file="src/pymortests/affine_grid.py" line="75" name="test_jacobian_inverse_transposed_wrong_arguments[&lt;lambda&gt;33]" time="0.0004222393035888672"><skipped message="Suite splitting in effect" type="pytest.skip">src/pymortests/affine_grid.py:75: &lt;py._xmlgen.raw object at 0x7fb29db54048&gt;</skipped></testcase><testcase classname="src.pymortests.affine_grid" file="src/pymortests/affine_grid.py" line="75" name="test_jacobian_inverse_transposed_wrong_arguments[&lt;lambda&gt;34]" time="0.00048232078552246094"><skipped message="Suite splitting in effect" type="pytest.skip">src/pymortests/affine_grid.py:75: &lt;py._xmlgen.raw object at 0x7fb29dbc3a58&gt;</skipped></testcase><testcase classname="src.pymortests.affine_grid" file="src/pymortests/affine_grid.py" line="75" name="test_jacobian_inverse_transposed_wrong_arguments[&lt;lambda&gt;35]" time="0.0004494190216064453"><skipped message="Suite splitting in effect" type="pytest.skip">src/pymortests/affine_grid.py:75: &lt;py._xmlgen.raw object at 0x7fb2e3c330b8&gt;</skipped></testcase><testcase classname="src.pymortests.affine_grid" file="src/pymortests/affine_grid.py" line="75" name="test_jacobian_inverse_transposed_wrong_arguments[&lt;lambda&gt;36]" time="0.0004494190216064453"><skipped message="Suite splitting in effect" type="pytest.skip">src/pymortests/affine_grid.py:75: &lt;py._xmlgen.raw object at 0x7fb29dba6128&gt;</skipped></testcase><testcase classname="src.pymortests.affine_grid" file="src/pymortests/affine_grid.py" line="75" name="test_jacobian_inverse_transposed_wrong_arguments[&lt;lambda&gt;37]" time="0.0004286766052246094"><skipped message="Suite splitting in effect" type="pytest.skip">src/pymortests/affine_grid.py:75: &lt;py._xmlgen.raw object at 0x7fb29dbae128&gt;</skipped></testcase><testcase classname="src.pymortests.affine_grid" file="src/pymortests/affine_grid.py" line="75" name="test_jacobian_inverse_transposed_wrong_arguments[&lt;lambda&gt;38]" time="0.00044155120849609375"><skipped message="Suite splitting in effect" type="pytest.skip">src/pymortests/affine_grid.py:75: &lt;py._xmlgen.raw object at 0x7fb29dbb8f60&gt;</skipped></testcase><testcase classname="src.pymortests.affine_grid" file="src/pymortests/affine_grid.py" line="75" name="test_jacobian_inverse_transposed_wrong_arguments[&lt;lambda&gt;39]" time="0.00047278404235839844"><skipped message="Suite splitting in effect" type="pytest.skip">src/pymortests/affine_grid.py:75: &lt;py._xmlgen.raw object at 0x7fb2e3c21898&gt;</skipped></testcase><testcase classname="src.pymortests.affine_grid" file="src/pymortests/affine_grid.py" line="75" name="test_jacobian_inverse_transposed_wrong_arguments[&lt;lambda&gt;40]" time="0.0004100799560546875"><skipped message="Suite splitting in effect" type="pytest.skip">src/pymortests/affine_grid.py:75: &lt;py._xmlgen.raw object at 0x7fb29dbf5e80&gt;</skipped></testcase><testcase classname="src.pymortests.affine_grid" file="src/pymortests/affine_grid.py" line="75" name="test_jacobian_inverse_transposed_wrong_arguments[&lt;lambda&gt;41]" time="0.0004303455352783203"><skipped message="Suite splitting in effect" type="pytest.skip">src/pymortests/affine_grid.py:75: &lt;py._xmlgen.raw object at 0x7fb29db54550&gt;</skipped></testcase><testcase classname="src.pymortests.affine_grid" file="src/pymortests/affine_grid.py" line="75" name="test_jacobian_inverse_transposed_wrong_arguments[&lt;lambda&gt;42]" time="0.0007915496826171875"><skipped message="Suite splitting in effect" type="pytest.skip">src/pymortests/affine_grid.py:75: &lt;py._xmlgen.raw object at 0x7fb29dbf5e80&gt;</skipped></testcase><testcase classname="src.pymortests.affine_grid" file="src/pymortests/affine_grid.py" line="85" name="test_jacobian_inverse_transposed_shape[&lt;lambda&gt;0]" time="0.0004508495330810547"><skipped message="Suite splitting in effect" type="pytest.skip">src/pymortests/affine_grid.py:85: &lt;py._xmlgen.raw object at 0x7fb29dbb8630&gt;</skipped></testcase><testcase classname="src.pymortests.affine_grid" file="src/pymortests/affine_grid.py" line="85" name="test_jacobian_inverse_transposed_shape[&lt;lambda&gt;1]" time="0.00041556358337402344"><skipped message="Suite splitting in effect" type="pytest.skip">src/pymortests/affine_grid.py:85: &lt;py._xmlgen.raw object at 0x7fb29dbae128&gt;</skipped></testcase><testcase classname="src.pymortests.affine_grid" file="src/pymortests/affine_grid.py" line="85" name="test_jacobian_inverse_transposed_shape[&lt;lambda&gt;2]" time="0.00045800209045410156"><skipped message="Suite splitting in effect" type="pytest.skip">src/pymortests/affine_grid.py:85: &lt;py._xmlgen.raw object at 0x7fb29dbedac8&gt;</skipped></testcase><testcase classname="src.pymortests.affine_grid" file="src/pymortests/affine_grid.py" line="85" name="test_jacobian_inverse_transposed_shape[&lt;lambda&gt;3]" time="0.00040411949157714844"><skipped message="Suite splitting in effect" type="pytest.skip">src/pymortests/affine_grid.py:85: &lt;py._xmlgen.raw object at 0x7fb29dbc3c50&gt;</skipped></testcase><testcase classname="src.pymortests.affine_grid" file="src/pymortests/affine_grid.py" line="85" name="test_jacobian_inverse_transposed_shape[&lt;lambda&gt;4]" time="0.0004787445068359375"><skipped message="Suite splitting in effect" type="pytest.skip">src/pymortests/affine_grid.py:85: &lt;py._xmlgen.raw object at 0x7fb29dbc3cf8&gt;</skipped></testcase><testcase classname="src.pymortests.affine_grid" file="src/pymortests/affine_grid.py" line="85" name="test_jacobian_inverse_transposed_shape[&lt;lambda&gt;5]" time="0.00046181678771972656"><skipped message="Suite splitting in effect" type="pytest.skip">src/pymortests/affine_grid.py:85: &lt;py._xmlgen.raw object at 0x7fb29db54048&gt;</skipped></testcase><testcase classname="src.pymortests.affine_grid" file="src/pymortests/affine_grid.py" line="85" name="test_jacobian_inverse_transposed_shape[&lt;lambda&gt;6]" time="0.00043010711669921875"><skipped message="Suite splitting in effect" type="pytest.skip">src/pymortests/affine_grid.py:85: &lt;py._xmlgen.raw object at 0x7fb29db54a90&gt;</skipped></testcase><testcase classname="src.pymortests.affine_grid" file="src/pymortests/affine_grid.py" line="85" name="test_jacobian_inverse_transposed_shape[&lt;lambda&gt;7]" time="0.0006985664367675781"><skipped message="Suite splitting in effect" type="pytest.skip">src/pymortests/affine_grid.py:85: &lt;py._xmlgen.raw object at 0x7fb29dbc3d68&gt;</skipped></testcase><testcase classname="src.pymortests.affine_grid" file="src/pymortests/affine_grid.py" line="85" name="test_jacobian_inverse_transposed_shape[&lt;lambda&gt;8]" time="0.0004246234893798828"><skipped message="Suite splitting in effect" type="pytest.skip">src/pymortests/affine_grid.py:85: &lt;py._xmlgen.raw object at 0x7fb2e3c33dd8&gt;</skipped></testcase><testcase classname="src.pymortests.affine_grid" file="src/pymortests/affine_grid.py" line="85" name="test_jacobian_inverse_transposed_shape[&lt;lambda&gt;9]" time="0.0004572868347167969"><skipped message="Suite splitting in effect" type="pytest.skip">src/pymortests/affine_grid.py:85: &lt;py._xmlgen.raw object at 0x7fb29dba6c88&gt;</skipped></testcase><testcase classname="src.pymortests.affine_grid" file="src/pymortests/affine_grid.py" line="85" name="test_jacobian_inverse_transposed_shape[&lt;lambda&gt;10]" time="0.0004553794860839844"><skipped message="Suite splitting in effect" type="pytest.skip">src/pymortests/affine_grid.py:85: &lt;py._xmlgen.raw object at 0x7fb29dbb8fd0&gt;</skipped></testcase><testcase classname="src.pymortests.affine_grid" file="src/pymortests/affine_grid.py" line="85" name="test_jacobian_inverse_transposed_shape[&lt;lambda&gt;11]" time="0.0004515647888183594"><skipped message="Suite splitting in effect" type="pytest.skip">src/pymortests/affine_grid.py:85: &lt;py._xmlgen.raw object at 0x7fb2e3c21898&gt;</skipped></testcase><testcase classname="src.pymortests.affine_grid" file="src/pymortests/affine_grid.py" line="85" name="test_jacobian_inverse_transposed_shape[&lt;lambda&gt;12]" time="0.0004711151123046875"><skipped message="Suite splitting in effect" type="pytest.skip">src/pymortests/affine_grid.py:85: &lt;py._xmlgen.raw object at 0x7fb29db54080&gt;</skipped></testcase><testcase classname="src.pymortests.affine_grid" file="src/pymortests/affine_grid.py" line="85" name="test_jacobian_inverse_transposed_shape[&lt;lambda&gt;13]" time="0.00043129920959472656"><skipped message="Suite splitting in effect" type="pytest.skip">src/pymortests/affine_grid.py:85: &lt;py._xmlgen.raw object at 0x7fb29db54630&gt;</skipped></testcase><testcase classname="src.pymortests.affine_grid" file="src/pymortests/affine_grid.py" line="85" name="test_jacobian_inverse_transposed_shape[&lt;lambda&gt;14]" time="0.00043654441833496094"><skipped message="Suite splitting in effect" type="pytest.skip">src/pymortests/affine_grid.py:85: &lt;py._xmlgen.raw object at 0x7fb29db5f390&gt;</skipped></testcase><testcase classname="src.pymortests.affine_grid" file="src/pymortests/affine_grid.py" line="85" name="test_jacobian_inverse_transposed_shape[&lt;lambda&gt;15]" time="0.0007328987121582031"><skipped message="Suite splitting in effect" type="pytest.skip">src/pymortests/affine_grid.py:85: &lt;py._xmlgen.raw object at 0x7fb29db5f8d0&gt;</skipped></testcase><testcase classname="src.pymortests.affine_grid" file="src/pymortests/affine_grid.py" line="85" name="test_jacobian_inverse_transposed_shape[&lt;lambda&gt;16]" time="0.0004253387451171875"><skipped message="Suite splitting in effect" type="pytest.skip">src/pymortests/affine_grid.py:85: &lt;py._xmlgen.raw object at 0x7fb29db541d0&gt;</skipped></testcase><testcase classname="src.pymortests.affine_grid" file="src/pymortests/affine_grid.py" line="85" name="test_jacobian_inverse_transposed_shape[&lt;lambda&gt;17]" time="0.0004069805145263672"><skipped message="Suite splitting in effect" type="pytest.skip">src/pymortests/affine_grid.py:85: &lt;py._xmlgen.raw object at 0x7fb2e24cb588&gt;</skipped></testcase><testcase classname="src.pymortests.affine_grid" file="src/pymortests/affine_grid.py" line="85" name="test_jacobian_inverse_transposed_shape[&lt;lambda&gt;18]" time="0.00044155120849609375"><skipped message="Suite splitting in effect" type="pytest.skip">src/pymortests/affine_grid.py:85: &lt;py._xmlgen.raw object at 0x7fb29dbaebe0&gt;</skipped></testcase><testcase classname="src.pymortests.affine_grid" file="src/pymortests/affine_grid.py" line="85" name="test_jacobian_inverse_transposed_shape[&lt;lambda&gt;19]" time="0.0004239082336425781"><skipped message="Suite splitting in effect" type="pytest.skip">src/pymortests/affine_grid.py:85: &lt;py._xmlgen.raw object at 0x7fb2e3c337f0&gt;</skipped></testcase><testcase classname="src.pymortests.affine_grid" file="src/pymortests/affine_grid.py" line="85" name="test_jacobian_inverse_transposed_shape[&lt;lambda&gt;20]" time="0.0004470348358154297"><skipped message="Suite splitting in effect" type="pytest.skip">src/pymortests/affine_grid.py:85: &lt;py._xmlgen.raw object at 0x7fb29dbc3c50&gt;</skipped></testcase><testcase classname="src.pymortests.affine_grid" file="src/pymortests/affine_grid.py" line="85" name="test_jacobian_inverse_transposed_shape[&lt;lambda&gt;21]" time="0.0004875659942626953"><skipped message="Suite splitting in effect" type="pytest.skip">src/pymortests/affine_grid.py:85: &lt;py._xmlgen.raw object at 0x7fb29db5f4a8&gt;</skipped></testcase><testcase classname="src.pymortests.affine_grid" file="src/pymortests/affine_grid.py" line="85" name="test_jacobian_inverse_transposed_shape[&lt;lambda&gt;22]" time="0.0004410743713378906"><skipped message="Suite splitting in effect" type="pytest.skip">src/pymortests/affine_grid.py:85: &lt;py._xmlgen.raw object at 0x7fb29db5f240&gt;</skipped></testcase><testcase classname="src.pymortests.affine_grid" file="src/pymortests/affine_grid.py" line="85" name="test_jacobian_inverse_transposed_shape[&lt;lambda&gt;23]" time="0.0007793903350830078"><skipped message="Suite splitting in effect" type="pytest.skip">src/pymortests/affine_grid.py:85: &lt;py._xmlgen.raw object at 0x7fb29db5fe10&gt;</skipped></testcase><testcase classname="src.pymortests.affine_grid" file="src/pymortests/affine_grid.py" line="85" name="test_jacobian_inverse_transposed_shape[&lt;lambda&gt;24]" time="0.0004291534423828125"><skipped message="Suite splitting in effect" type="pytest.skip">src/pymortests/affine_grid.py:85: &lt;py._xmlgen.raw object at 0x7fb2e24e3ba8&gt;</skipped></testcase><testcase classname="src.pymortests.affine_grid" file="src/pymortests/affine_grid.py" line="85" name="test_jacobian_inverse_transposed_shape[&lt;lambda&gt;25]" time="0.0004401206970214844"><skipped message="Suite splitting in effect" type="pytest.skip">src/pymortests/affine_grid.py:85: &lt;py._xmlgen.raw object at 0x7fb2e3c33fd0&gt;</skipped></testcase><testcase classname="src.pymortests.affine_grid" file="src/pymortests/affine_grid.py" line="85" name="test_jacobian_inverse_transposed_shape[&lt;lambda&gt;26]" time="0.0004475116729736328"><skipped message="Suite splitting in effect" type="pytest.skip">src/pymortests/affine_grid.py:85: &lt;py._xmlgen.raw object at 0x7fb29dbb8630&gt;</skipped></testcase><testcase classname="src.pymortests.affine_grid" file="src/pymortests/affine_grid.py" line="85" name="test_jacobian_inverse_transposed_shape[&lt;lambda&gt;27]" time="0.0004558563232421875"><skipped message="Suite splitting in effect" type="pytest.skip">src/pymortests/affine_grid.py:85: &lt;py._xmlgen.raw object at 0x7fb29db54048&gt;</skipped></testcase><testcase classname="src.pymortests.affine_grid" file="src/pymortests/affine_grid.py" line="85" name="test_jacobian_inverse_transposed_shape[&lt;lambda&gt;28]" time="0.00041604042053222656"><skipped message="Suite splitting in effect" type="pytest.skip">src/pymortests/affine_grid.py:85: &lt;py._xmlgen.raw object at 0x7fb29db54630&gt;</skipped></testcase><testcase classname="src.pymortests.affine_grid" file="src/pymortests/affine_grid.py" line="85" name="test_jacobian_inverse_transposed_shape[&lt;lambda&gt;29]" time="0.000431060791015625"><skipped message="Suite splitting in effect" type="pytest.skip">src/pymortests/affine_grid.py:85: &lt;py._xmlgen.raw object at 0x7fb29db5fc18&gt;</skipped></testcase><testcase classname="src.pymortests.affine_grid" file="src/pymortests/affine_grid.py" line="85" name="test_jacobian_inverse_transposed_shape[&lt;lambda&gt;30]" time="0.00042629241943359375"><skipped message="Suite splitting in effect" type="pytest.skip">src/pymortests/affine_grid.py:85: &lt;py._xmlgen.raw object at 0x7fb29db5f5f8&gt;</skipped></testcase><testcase classname="src.pymortests.affine_grid" file="src/pymortests/affine_grid.py" line="85" name="test_jacobian_inverse_transposed_shape[&lt;lambda&gt;31]" time="0.00046253204345703125"><skipped message="Suite splitting in effect" type="pytest.skip">src/pymortests/affine_grid.py:85: &lt;py._xmlgen.raw object at 0x7fb29db69470&gt;</skipped></testcase><testcase classname="src.pymortests.affine_grid" file="src/pymortests/affine_grid.py" line="85" name="test_jacobian_inverse_transposed_shape[&lt;lambda&gt;32]" time="0.00043129920959472656"><skipped message="Suite splitting in effect" type="pytest.skip">src/pymortests/affine_grid.py:85: &lt;py._xmlgen.raw object at 0x7fb29db5f0b8&gt;</skipped></testcase><testcase classname="src.pymortests.affine_grid" file="src/pymortests/affine_grid.py" line="85" name="test_jacobian_inverse_transposed_shape[&lt;lambda&gt;33]" time="0.00042057037353515625"><skipped message="Suite splitting in effect" type="pytest.skip">src/pymortests/affine_grid.py:85: &lt;py._xmlgen.raw object at 0x7fb29dbf59b0&gt;</skipped></testcase><testcase classname="src.pymortests.affine_grid" file="src/pymortests/affine_grid.py" line="85" name="test_jacobian_inverse_transposed_shape[&lt;lambda&gt;34]" time="0.0004010200500488281"><skipped message="Suite splitting in effect" type="pytest.skip">src/pymortests/affine_grid.py:85: &lt;py._xmlgen.raw object at 0x7fb29db54828&gt;</skipped></testcase><testcase classname="src.pymortests.affine_grid" file="src/pymortests/affine_grid.py" line="85" name="test_jacobian_inverse_transposed_shape[&lt;lambda&gt;35]" time="0.0004582405090332031"><skipped message="Suite splitting in effect" type="pytest.skip">src/pymortests/affine_grid.py:85: &lt;py._xmlgen.raw object at 0x7fb29dbae8d0&gt;</skipped></testcase><testcase classname="src.pymortests.affine_grid" file="src/pymortests/affine_grid.py" line="85" name="test_jacobian_inverse_transposed_shape[&lt;lambda&gt;36]" time="0.00045561790466308594"><skipped message="Suite splitting in effect" type="pytest.skip">src/pymortests/affine_grid.py:85: &lt;py._xmlgen.raw object at 0x7fb2e3c33fd0&gt;</skipped></testcase><testcase classname="src.pymortests.affine_grid" file="src/pymortests/affine_grid.py" line="85" name="test_jacobian_inverse_transposed_shape[&lt;lambda&gt;37]" time="0.00042629241943359375"><skipped message="Suite splitting in effect" type="pytest.skip">src/pymortests/affine_grid.py:85: &lt;py._xmlgen.raw object at 0x7fb29dbc35f8&gt;</skipped></testcase><testcase classname="src.pymortests.affine_grid" file="src/pymortests/affine_grid.py" line="85" name="test_jacobian_inverse_transposed_shape[&lt;lambda&gt;38]" time="0.0004448890686035156"><skipped message="Suite splitting in effect" type="pytest.skip">src/pymortests/affine_grid.py:85: &lt;py._xmlgen.raw object at 0x7fb29db69048&gt;</skipped></testcase><testcase classname="src.pymortests.affine_grid" file="src/pymortests/affine_grid.py" line="85" name="test_jacobian_inverse_transposed_shape[&lt;lambda&gt;39]" time="0.0004966259002685547"><skipped message="Suite splitting in effect" type="pytest.skip">src/pymortests/affine_grid.py:85: &lt;py._xmlgen.raw object at 0x7fb29db69978&gt;</skipped></testcase><testcase classname="src.pymortests.affine_grid" file="src/pymortests/affine_grid.py" line="85" name="test_jacobian_inverse_transposed_shape[&lt;lambda&gt;40]" time="0.0007634162902832031"><skipped message="Suite splitting in effect" type="pytest.skip">src/pymortests/affine_grid.py:85: &lt;py._xmlgen.raw object at 0x7fb2e24e3a58&gt;</skipped></testcase><testcase classname="src.pymortests.affine_grid" file="src/pymortests/affine_grid.py" line="85" name="test_jacobian_inverse_transposed_shape[&lt;lambda&gt;41]" time="0.00044608116149902344"><skipped message="Suite splitting in effect" type="pytest.skip">src/pymortests/affine_grid.py:85: &lt;py._xmlgen.raw object at 0x7fb29dbae668&gt;</skipped></testcase><testcase classname="src.pymortests.affine_grid" file="src/pymortests/affine_grid.py" line="85" name="test_jacobian_inverse_transposed_shape[&lt;lambda&gt;42]" time="0.0004203319549560547"><skipped message="Suite splitting in effect" type="pytest.skip">src/pymortests/affine_grid.py:85: &lt;py._xmlgen.raw object at 0x7fb29db54048&gt;</skipped></testcase><testcase classname="src.pymortests.affine_grid" file="src/pymortests/affine_grid.py" line="91" name="test_jacobian_inverse_transposed_values[&lt;lambda&gt;0]" time="0.0004210472106933594"><skipped message="Suite splitting in effect" type="pytest.skip">src/pymortests/affine_grid.py:91: &lt;py._xmlgen.raw object at 0x7fb2e24f2860&gt;</skipped></testcase><testcase classname="src.pymortests.affine_grid" file="src/pymortests/affine_grid.py" line="91" name="test_jacobian_inverse_transposed_values[&lt;lambda&gt;1]" time="0.00045609474182128906"><skipped message="Suite splitting in effect" type="pytest.skip">src/pymortests/affine_grid.py:91: &lt;py._xmlgen.raw object at 0x7fb29db5f4e0&gt;</skipped></testcase><testcase classname="src.pymortests.affine_grid" file="src/pymortests/affine_grid.py" line="91" name="test_jacobian_inverse_transposed_values[&lt;lambda&gt;2]" time="0.0004661083221435547"><skipped message="Suite splitting in effect" type="pytest.skip">src/pymortests/affine_grid.py:91: &lt;py._xmlgen.raw object at 0x7fb29db69a90&gt;</skipped></testcase><testcase classname="src.pymortests.affine_grid" file="src/pymortests/affine_grid.py" line="91" name="test_jacobian_inverse_transposed_values[&lt;lambda&gt;3]" time="0.00044155120849609375"><skipped message="Suite splitting in effect" type="pytest.skip">src/pymortests/affine_grid.py:91: &lt;py._xmlgen.raw object at 0x7fb29db69128&gt;</skipped></testcase><testcase classname="src.pymortests.affine_grid" file="src/pymortests/affine_grid.py" line="91" name="test_jacobian_inverse_transposed_values[&lt;lambda&gt;4]" time="0.00040721893310546875"><skipped message="Suite splitting in effect" type="pytest.skip">src/pymortests/affine_grid.py:91: &lt;py._xmlgen.raw object at 0x7fb29db69eb8&gt;</skipped></testcase><testcase classname="src.pymortests.affine_grid" file="src/pymortests/affine_grid.py" line="91" name="test_jacobian_inverse_transposed_values[&lt;lambda&gt;5]" time="0.0007092952728271484"><skipped message="Suite splitting in effect" type="pytest.skip">src/pymortests/affine_grid.py:91: &lt;py._xmlgen.raw object at 0x7fb29db69eb8&gt;</skipped></testcase><testcase classname="src.pymortests.affine_grid" file="src/pymortests/affine_grid.py" line="91" name="test_jacobian_inverse_transposed_values[&lt;lambda&gt;6]" time="0.00042557716369628906"><skipped message="Suite splitting in effect" type="pytest.skip">src/pymortests/affine_grid.py:91: &lt;py._xmlgen.raw object at 0x7fb29db69748&gt;</skipped></testcase><testcase classname="src.pymortests.affine_grid" file="src/pymortests/affine_grid.py" line="91" name="test_jacobian_inverse_transposed_values[&lt;lambda&gt;7]" time="0.00045013427734375"><skipped message="Suite splitting in effect" type="pytest.skip">src/pymortests/affine_grid.py:91: &lt;py._xmlgen.raw object at 0x7fb29db5ffd0&gt;</skipped></testcase><testcase classname="src.pymortests.affine_grid" file="src/pymortests/affine_grid.py" line="91" name="test_jacobian_inverse_transposed_values[&lt;lambda&gt;8]" time="0.0004029273986816406"><skipped message="Suite splitting in effect" type="pytest.skip">src/pymortests/affine_grid.py:91: &lt;py._xmlgen.raw object at 0x7fb2e24f2dd8&gt;</skipped></testcase><testcase classname="src.pymortests.affine_grid" file="src/pymortests/affine_grid.py" line="91" name="test_jacobian_inverse_transposed_values[&lt;lambda&gt;9]" time="0.00044536590576171875"><skipped message="Suite splitting in effect" type="pytest.skip">src/pymortests/affine_grid.py:91: &lt;py._xmlgen.raw object at 0x7fb29db545c0&gt;</skipped></testcase><testcase classname="src.pymortests.affine_grid" file="src/pymortests/affine_grid.py" line="91" name="test_jacobian_inverse_transposed_values[&lt;lambda&gt;10]" time="0.00043845176696777344"><skipped message="Suite splitting in effect" type="pytest.skip">src/pymortests/affine_grid.py:91: &lt;py._xmlgen.raw object at 0x7fb29dbae128&gt;</skipped></testcase><testcase classname="src.pymortests.affine_grid" file="src/pymortests/affine_grid.py" line="91" name="test_jacobian_inverse_transposed_values[&lt;lambda&gt;11]" time="0.0004355907440185547"><skipped message="Suite splitting in effect" type="pytest.skip">src/pymortests/affine_grid.py:91: &lt;py._xmlgen.raw object at 0x7fb2e24e33c8&gt;</skipped></testcase><testcase classname="src.pymortests.affine_grid" file="src/pymortests/affine_grid.py" line="91" name="test_jacobian_inverse_transposed_values[&lt;lambda&gt;12]" time="0.0004513263702392578"><skipped message="Suite splitting in effect" type="pytest.skip">src/pymortests/affine_grid.py:91: &lt;py._xmlgen.raw object at 0x7fb29dc277b8&gt;</skipped></testcase><testcase classname="src.pymortests.affine_grid" file="src/pymortests/affine_grid.py" line="91" name="test_jacobian_inverse_transposed_values[&lt;lambda&gt;13]" time="0.00047969818115234375"><skipped message="Suite splitting in effect" type="pytest.skip">src/pymortests/affine_grid.py:91: &lt;py._xmlgen.raw object at 0x7fb2e3c33fd0&gt;</skipped></testcase><testcase classname="src.pymortests.affine_grid" file="src/pymortests/affine_grid.py" line="91" name="test_jacobian_inverse_transposed_values[&lt;lambda&gt;14]" time="0.00042057037353515625"><skipped message="Suite splitting in effect" type="pytest.skip">src/pymortests/affine_grid.py:91: &lt;py._xmlgen.raw object at 0x7fb29dbb8ac8&gt;</skipped></testcase><testcase classname="src.pymortests.affine_grid" file="src/pymortests/affine_grid.py" line="91" name="test_jacobian_inverse_transposed_values[&lt;lambda&gt;15]" time="0.000446319580078125"><skipped message="Suite splitting in effect" type="pytest.skip">src/pymortests/affine_grid.py:91: &lt;py._xmlgen.raw object at 0x7fb2e24f29b0&gt;</skipped></testcase><testcase classname="src.pymortests.affine_grid" file="src/pymortests/affine_grid.py" line="91" name="test_jacobian_inverse_transposed_values[&lt;lambda&gt;16]" time="0.0004062652587890625"><skipped message="Suite splitting in effect" type="pytest.skip">src/pymortests/affine_grid.py:91: &lt;py._xmlgen.raw object at 0x7fb29db5f4a8&gt;</skipped></testcase><testcase classname="src.pymortests.affine_grid" file="src/pymortests/affine_grid.py" line="91" name="test_jacobian_inverse_transposed_values[&lt;lambda&gt;17]" time="0.0004360675811767578"><skipped message="Suite splitting in effect" type="pytest.skip">src/pymortests/affine_grid.py:91: &lt;py._xmlgen.raw object at 0x7fb29db697b8&gt;</skipped></testcase><testcase classname="src.pymortests.affine_grid" file="src/pymortests/affine_grid.py" line="91" name="test_jacobian_inverse_transposed_values[&lt;lambda&gt;18]" time="0.00043654441833496094"><skipped message="Suite splitting in effect" type="pytest.skip">src/pymortests/affine_grid.py:91: &lt;py._xmlgen.raw object at 0x7fb29db69a20&gt;</skipped></testcase><testcase classname="src.pymortests.affine_grid" file="src/pymortests/affine_grid.py" line="91" name="test_jacobian_inverse_transposed_values[&lt;lambda&gt;19]" time="0.0004317760467529297"><skipped message="Suite splitting in effect" type="pytest.skip">src/pymortests/affine_grid.py:91: &lt;py._xmlgen.raw object at 0x7fb29dc27630&gt;</skipped></testcase><testcase classname="src.pymortests.affine_grid" file="src/pymortests/affine_grid.py" line="91" name="test_jacobian_inverse_transposed_values[&lt;lambda&gt;20]" time="0.0004246234893798828"><skipped message="Suite splitting in effect" type="pytest.skip">src/pymortests/affine_grid.py:91: &lt;py._xmlgen.raw object at 0x7fb29db7b0b8&gt;</skipped></testcase><testcase classname="src.pymortests.affine_grid" file="src/pymortests/affine_grid.py" line="91" name="test_jacobian_inverse_transposed_values[&lt;lambda&gt;21]" time="0.0004963874816894531"><skipped message="Suite splitting in effect" type="pytest.skip">src/pymortests/affine_grid.py:91: &lt;py._xmlgen.raw object at 0x7fb2e2483cc0&gt;</skipped></testcase><testcase classname="src.pymortests.affine_grid" file="src/pymortests/affine_grid.py" line="91" name="test_jacobian_inverse_transposed_values[&lt;lambda&gt;22]" time="0.00045680999755859375"><skipped message="Suite splitting in effect" type="pytest.skip">src/pymortests/affine_grid.py:91: &lt;py._xmlgen.raw object at 0x7fb2e3cd0fd0&gt;</skipped></testcase><testcase classname="src.pymortests.affine_grid" file="src/pymortests/affine_grid.py" line="91" name="test_jacobian_inverse_transposed_values[&lt;lambda&gt;23]" time="0.0004317760467529297"><skipped message="Suite splitting in effect" type="pytest.skip">src/pymortests/affine_grid.py:91: &lt;py._xmlgen.raw object at 0x7fb29db69748&gt;</skipped></testcase><testcase classname="src.pymortests.affine_grid" file="src/pymortests/affine_grid.py" line="91" name="test_jacobian_inverse_transposed_values[&lt;lambda&gt;24]" time="0.0004277229309082031"><skipped message="Suite splitting in effect" type="pytest.skip">src/pymortests/affine_grid.py:91: &lt;py._xmlgen.raw object at 0x7fb29dc27da0&gt;</skipped></testcase><testcase classname="src.pymortests.affine_grid" file="src/pymortests/affine_grid.py" line="91" name="test_jacobian_inverse_transposed_values[&lt;lambda&gt;25]" time="0.0004298686981201172"><skipped message="Suite splitting in effect" type="pytest.skip">src/pymortests/affine_grid.py:91: &lt;py._xmlgen.raw object at 0x7fb29dc274a8&gt;</skipped></testcase><testcase classname="src.pymortests.affine_grid" file="src/pymortests/affine_grid.py" line="91" name="test_jacobian_inverse_transposed_values[&lt;lambda&gt;26]" time="0.00045108795166015625"><skipped message="Suite splitting in effect" type="pytest.skip">src/pymortests/affine_grid.py:91: &lt;py._xmlgen.raw object at 0x7fb29dc271d0&gt;</skipped></testcase><testcase classname="src.pymortests.affine_grid" file="src/pymortests/affine_grid.py" line="91" name="test_jacobian_inverse_transposed_values[&lt;lambda&gt;27]" time="0.00042700767517089844"><skipped message="Suite splitting in effect" type="pytest.skip">src/pymortests/affine_grid.py:91: &lt;py._xmlgen.raw object at 0x7fb29db5f358&gt;</skipped></testcase><testcase classname="src.pymortests.affine_grid" file="src/pymortests/affine_grid.py" line="91" name="test_jacobian_inverse_transposed_values[&lt;lambda&gt;28]" time="0.0004112720489501953"><skipped message="Suite splitting in effect" type="pytest.skip">src/pymortests/affine_grid.py:91: &lt;py._xmlgen.raw object at 0x7fb2e24e35c0&gt;</skipped></testcase><testcase classname="src.pymortests.affine_grid" file="src/pymortests/affine_grid.py" line="91" name="test_jacobian_inverse_transposed_values[&lt;lambda&gt;29]" time="0.00044155120849609375"><skipped message="Suite splitting in effect" type="pytest.skip">src/pymortests/affine_grid.py:91: &lt;py._xmlgen.raw object at 0x7fb29db54e10&gt;</skipped></testcase><testcase classname="src.pymortests.affine_grid" file="src/pymortests/affine_grid.py" line="91" name="test_jacobian_inverse_transposed_values[&lt;lambda&gt;30]" time="0.0007233619689941406"><skipped message="Suite splitting in effect" type="pytest.skip">src/pymortests/affine_grid.py:91: &lt;py._xmlgen.raw object at 0x7fb29db54cf8&gt;</skipped></testcase><testcase classname="src.pymortests.affine_grid" file="src/pymortests/affine_grid.py" line="91" name="test_jacobian_inverse_transposed_values[&lt;lambda&gt;31]" time="0.00042057037353515625"><skipped message="Suite splitting in effect" type="pytest.skip">src/pymortests/affine_grid.py:91: &lt;py._xmlgen.raw object at 0x7fb29db5fe10&gt;</skipped></testcase><testcase classname="src.pymortests.affine_grid" file="src/pymortests/affine_grid.py" line="91" name="test_jacobian_inverse_transposed_values[&lt;lambda&gt;32]" time="0.0004298686981201172"><skipped message="Suite splitting in effect" type="pytest.skip">src/pymortests/affine_grid.py:91: &lt;py._xmlgen.raw object at 0x7fb29dc271d0&gt;</skipped></testcase><testcase classname="src.pymortests.affine_grid" file="src/pymortests/affine_grid.py" line="91" name="test_jacobian_inverse_transposed_values[&lt;lambda&gt;33]" time="0.0004119873046875"><skipped message="Suite splitting in effect" type="pytest.skip">src/pymortests/affine_grid.py:91: &lt;py._xmlgen.raw object at 0x7fb29dc27438&gt;</skipped></testcase><testcase classname="src.pymortests.affine_grid" file="src/pymortests/affine_grid.py" line="91" name="test_jacobian_inverse_transposed_values[&lt;lambda&gt;34]" time="0.0004222393035888672"><skipped message="Suite splitting in effect" type="pytest.skip">src/pymortests/affine_grid.py:91: &lt;py._xmlgen.raw object at 0x7fb29db697b8&gt;</skipped></testcase><testcase classname="src.pymortests.affine_grid" file="src/pymortests/affine_grid.py" line="91" name="test_jacobian_inverse_transposed_values[&lt;lambda&gt;35]" time="0.00043010711669921875"><skipped message="Suite splitting in effect" type="pytest.skip">src/pymortests/affine_grid.py:91: &lt;py._xmlgen.raw object at 0x7fb2e3cd0fd0&gt;</skipped></testcase><testcase classname="src.pymortests.affine_grid" file="src/pymortests/affine_grid.py" line="91" name="test_jacobian_inverse_transposed_values[&lt;lambda&gt;36]" time="0.0004394054412841797"><skipped message="Suite splitting in effect" type="pytest.skip">src/pymortests/affine_grid.py:91: &lt;py._xmlgen.raw object at 0x7fb2e2496240&gt;</skipped></testcase><testcase classname="src.pymortests.affine_grid" file="src/pymortests/affine_grid.py" line="91" name="test_jacobian_inverse_transposed_values[&lt;lambda&gt;37]" time="0.0004508495330810547"><skipped message="Suite splitting in effect" type="pytest.skip">src/pymortests/affine_grid.py:91: &lt;py._xmlgen.raw object at 0x7fb29dbc3240&gt;</skipped></testcase><testcase classname="src.pymortests.affine_grid" file="src/pymortests/affine_grid.py" line="91" name="test_jacobian_inverse_transposed_values[&lt;lambda&gt;38]" time="0.0007004737854003906"><skipped message="Suite splitting in effect" type="pytest.skip">src/pymortests/affine_grid.py:91: &lt;py._xmlgen.raw object at 0x7fb29dbc3240&gt;</skipped></testcase><testcase classname="src.pymortests.affine_grid" file="src/pymortests/affine_grid.py" line="91" name="test_jacobian_inverse_transposed_values[&lt;lambda&gt;39]" time="0.0005257129669189453"><skipped message="Suite splitting in effect" type="pytest.skip">src/pymortests/affine_grid.py:91: &lt;py._xmlgen.raw object at 0x7fb2e2496b70&gt;</skipped></testcase><testcase classname="src.pymortests.affine_grid" file="src/pymortests/affine_grid.py" line="91" name="test_jacobian_inverse_transposed_values[&lt;lambda&gt;40]" time="0.00043129920959472656"><skipped message="Suite splitting in effect" type="pytest.skip">src/pymortests/affine_grid.py:91: &lt;py._xmlgen.raw object at 0x7fb29dc900b8&gt;</skipped></testcase><testcase classname="src.pymortests.affine_grid" file="src/pymortests/affine_grid.py" line="91" name="test_jacobian_inverse_transposed_values[&lt;lambda&gt;41]" time="0.00041985511779785156"><skipped message="Suite splitting in effect" type="pytest.skip">src/pymortests/affine_grid.py:91: &lt;py._xmlgen.raw object at 0x7fb29db69cf8&gt;</skipped></testcase><testcase classname="src.pymortests.affine_grid" file="src/pymortests/affine_grid.py" line="91" name="test_jacobian_inverse_transposed_values[&lt;lambda&gt;42]" time="0.0004506111145019531"><skipped message="Suite splitting in effect" type="pytest.skip">src/pymortests/affine_grid.py:91: &lt;py._xmlgen.raw object at 0x7fb29dc27470&gt;</skipped></testcase><testcase classname="src.pymortests.affine_grid" file="src/pymortests/affine_grid.py" line="100" name="test_integration_elements_wrong_arguments[&lt;lambda&gt;0]" time="0.0004508495330810547"><skipped message="Suite splitting in effect" type="pytest.skip">src/pymortests/affine_grid.py:100: &lt;py._xmlgen.raw object at 0x7fb2e3cb0828&gt;</skipped></testcase><testcase classname="src.pymortests.affine_grid" file="src/pymortests/affine_grid.py" line="100" name="test_integration_elements_wrong_arguments[&lt;lambda&gt;1]" time="0.0004284381866455078"><skipped message="Suite splitting in effect" type="pytest.skip">src/pymortests/affine_grid.py:100: &lt;py._xmlgen.raw object at 0x7fb29db540f0&gt;</skipped></testcase><testcase classname="src.pymortests.affine_grid" file="src/pymortests/affine_grid.py" line="100" name="test_integration_elements_wrong_arguments[&lt;lambda&gt;2]" time="0.000423431396484375"><skipped message="Suite splitting in effect" type="pytest.skip">src/pymortests/affine_grid.py:100: &lt;py._xmlgen.raw object at 0x7fb29db7b198&gt;</skipped></testcase><testcase classname="src.pymortests.affine_grid" file="src/pymortests/affine_grid.py" line="100" name="test_integration_elements_wrong_arguments[&lt;lambda&gt;3]" time="0.0007429122924804688"><skipped message="Suite splitting in effect" type="pytest.skip">src/pymortests/affine_grid.py:100: &lt;py._xmlgen.raw object at 0x7fb29db7b940&gt;</skipped></testcase><testcase classname="src.pymortests.affine_grid" file="src/pymortests/affine_grid.py" line="100" name="test_integration_elements_wrong_arguments[&lt;lambda&gt;4]" time="0.0003955364227294922"><skipped message="Suite splitting in effect" type="pytest.skip">src/pymortests/affine_grid.py:100: &lt;py._xmlgen.raw object at 0x7fb29db5f080&gt;</skipped></testcase><testcase classname="src.pymortests.affine_grid" file="src/pymortests/affine_grid.py" line="100" name="test_integration_elements_wrong_arguments[&lt;lambda&gt;5]" time="0.0004200935363769531"><skipped message="Suite splitting in effect" type="pytest.skip">src/pymortests/affine_grid.py:100: &lt;py._xmlgen.raw object at 0x7fb2e24e3668&gt;</skipped></testcase><testcase classname="src.pymortests.affine_grid" file="src/pymortests/affine_grid.py" line="100" name="test_integration_elements_wrong_arguments[&lt;lambda&gt;6]" time="0.0004000663757324219"><skipped message="Suite splitting in effect" type="pytest.skip">src/pymortests/affine_grid.py:100: &lt;py._xmlgen.raw object at 0x7fb29dc27b38&gt;</skipped></testcase><testcase classname="src.pymortests.affine_grid" file="src/pymortests/affine_grid.py" line="100" name="test_integration_elements_wrong_arguments[&lt;lambda&gt;7]" time="0.00043773651123046875"><skipped message="Suite splitting in effect" type="pytest.skip">src/pymortests/affine_grid.py:100: &lt;py._xmlgen.raw object at 0x7fb29db69d68&gt;</skipped></testcase><testcase classname="src.pymortests.affine_grid" file="src/pymortests/affine_grid.py" line="100" name="test_integration_elements_wrong_arguments[&lt;lambda&gt;8]" time="0.00042176246643066406"><skipped message="Suite splitting in effect" type="pytest.skip">src/pymortests/affine_grid.py:100: &lt;py._xmlgen.raw object at 0x7fb2e3c10438&gt;</skipped></testcase><testcase classname="src.pymortests.affine_grid" file="src/pymortests/affine_grid.py" line="100" name="test_integration_elements_wrong_arguments[&lt;lambda&gt;9]" time="0.00041866302490234375"><skipped message="Suite splitting in effect" type="pytest.skip">src/pymortests/affine_grid.py:100: &lt;py._xmlgen.raw object at 0x7fb29dc0aa58&gt;</skipped></testcase><testcase classname="src.pymortests.affine_grid" file="src/pymortests/affine_grid.py" line="100" name="test_integration_elements_wrong_arguments[&lt;lambda&gt;10]" time="0.00045752525329589844"><skipped message="Suite splitting in effect" type="pytest.skip">src/pymortests/affine_grid.py:100: &lt;py._xmlgen.raw object at 0x7fb29db7b518&gt;</skipped></testcase><testcase classname="src.pymortests.affine_grid" file="src/pymortests/affine_grid.py" line="100" name="test_integration_elements_wrong_arguments[&lt;lambda&gt;11]" time="0.0007407665252685547"><skipped message="Suite splitting in effect" type="pytest.skip">src/pymortests/affine_grid.py:100: &lt;py._xmlgen.raw object at 0x7fb29db7be80&gt;</skipped></testcase><testcase classname="src.pymortests.affine_grid" file="src/pymortests/affine_grid.py" line="100" name="test_integration_elements_wrong_arguments[&lt;lambda&gt;12]" time="0.0004258155822753906"><skipped message="Suite splitting in effect" type="pytest.skip">src/pymortests/affine_grid.py:100: &lt;py._xmlgen.raw object at 0x7fb29db7b198&gt;</skipped></testcase><testcase classname="src.pymortests.affine_grid" file="src/pymortests/affine_grid.py" line="100" name="test_integration_elements_wrong_arguments[&lt;lambda&gt;13]" time="0.00042819976806640625"><skipped message="Suite splitting in effect" type="pytest.skip">src/pymortests/affine_grid.py:100: &lt;py._xmlgen.raw object at 0x7fb2e2496630&gt;</skipped></testcase><testcase classname="src.pymortests.affine_grid" file="src/pymortests/affine_grid.py" line="100" name="test_integration_elements_wrong_arguments[&lt;lambda&gt;14]" time="0.00044727325439453125"><skipped message="Suite splitting in effect" type="pytest.skip">src/pymortests/affine_grid.py:100: &lt;py._xmlgen.raw object at 0x7fb2e24a6390&gt;</skipped></testcase><testcase classname="src.pymortests.affine_grid" file="src/pymortests/affine_grid.py" line="100" name="test_integration_elements_wrong_arguments[&lt;lambda&gt;15]" time="0.0004532337188720703"><skipped message="Suite splitting in effect" type="pytest.skip">src/pymortests/affine_grid.py:100: &lt;py._xmlgen.raw object at 0x7fb29dc27390&gt;</skipped></testcase><testcase classname="src.pymortests.affine_grid" file="src/pymortests/affine_grid.py" line="100" name="test_integration_elements_wrong_arguments[&lt;lambda&gt;16]" time="0.0004062652587890625"><skipped message="Suite splitting in effect" type="pytest.skip">src/pymortests/affine_grid.py:100: &lt;py._xmlgen.raw object at 0x7fb2e24e3320&gt;</skipped></testcase><testcase classname="src.pymortests.affine_grid" file="src/pymortests/affine_grid.py" line="100" name="test_integration_elements_wrong_arguments[&lt;lambda&gt;17]" time="0.000431060791015625"><skipped message="Suite splitting in effect" type="pytest.skip">src/pymortests/affine_grid.py:100: &lt;py._xmlgen.raw object at 0x7fb2e24ac6a0&gt;</skipped></testcase><testcase classname="src.pymortests.affine_grid" file="src/pymortests/affine_grid.py" line="100" name="test_integration_elements_wrong_arguments[&lt;lambda&gt;18]" time="0.0004401206970214844"><skipped message="Suite splitting in effect" type="pytest.skip">src/pymortests/affine_grid.py:100: &lt;py._xmlgen.raw object at 0x7fb29dbe2550&gt;</skipped></testcase><testcase classname="src.pymortests.affine_grid" file="src/pymortests/affine_grid.py" line="100" name="test_integration_elements_wrong_arguments[&lt;lambda&gt;19]" time="0.00042128562927246094"><skipped message="Suite splitting in effect" type="pytest.skip">src/pymortests/affine_grid.py:100: &lt;py._xmlgen.raw object at 0x7fb29db8c4e0&gt;</skipped></testcase><testcase classname="src.pymortests.affine_grid" file="src/pymortests/affine_grid.py" line="100" name="test_integration_elements_wrong_arguments[&lt;lambda&gt;20]" time="0.0004646778106689453"><skipped message="Suite splitting in effect" type="pytest.skip">src/pymortests/affine_grid.py:100: &lt;py._xmlgen.raw object at 0x7fb29db5f898&gt;</skipped></testcase><testcase classname="src.pymortests.affine_grid" file="src/pymortests/affine_grid.py" line="100" name="test_integration_elements_wrong_arguments[&lt;lambda&gt;21]" time="0.00048422813415527344"><skipped message="Suite splitting in effect" type="pytest.skip">src/pymortests/affine_grid.py:100: &lt;py._xmlgen.raw object at 0x7fb2e24e3320&gt;</skipped></testcase><testcase classname="src.pymortests.affine_grid" file="src/pymortests/affine_grid.py" line="100" name="test_integration_elements_wrong_arguments[&lt;lambda&gt;22]" time="0.00042510032653808594"><skipped message="Suite splitting in effect" type="pytest.skip">src/pymortests/affine_grid.py:100: &lt;py._xmlgen.raw object at 0x7fb29db69dd8&gt;</skipped></testcase><testcase classname="src.pymortests.affine_grid" file="src/pymortests/affine_grid.py" line="100" name="test_integration_elements_wrong_arguments[&lt;lambda&gt;23]" time="0.00043082237243652344"><skipped message="Suite splitting in effect" type="pytest.skip">src/pymortests/affine_grid.py:100: &lt;py._xmlgen.raw object at 0x7fb2e3cd0fd0&gt;</skipped></testcase><testcase classname="src.pymortests.affine_grid" file="src/pymortests/affine_grid.py" line="100" name="test_integration_elements_wrong_arguments[&lt;lambda&gt;24]" time="0.00041413307189941406"><skipped message="Suite splitting in effect" type="pytest.skip">src/pymortests/affine_grid.py:100: &lt;py._xmlgen.raw object at 0x7fb29db7bd68&gt;</skipped></testcase><testcase classname="src.pymortests.affine_grid" file="src/pymortests/affine_grid.py" line="100" name="test_integration_elements_wrong_arguments[&lt;lambda&gt;25]" time="0.00040149688720703125"><skipped message="Suite splitting in effect" type="pytest.skip">src/pymortests/affine_grid.py:100: &lt;py._xmlgen.raw object at 0x7fb29db7bba8&gt;</skipped></testcase><testcase classname="src.pymortests.affine_grid" file="src/pymortests/affine_grid.py" line="100" name="test_integration_elements_wrong_arguments[&lt;lambda&gt;26]" time="0.0004279613494873047"><skipped message="Suite splitting in effect" type="pytest.skip">src/pymortests/affine_grid.py:100: &lt;py._xmlgen.raw object at 0x7fb29db8c240&gt;</skipped></testcase><testcase classname="src.pymortests.affine_grid" file="src/pymortests/affine_grid.py" line="100" name="test_integration_elements_wrong_arguments[&lt;lambda&gt;27]" time="0.0004413127899169922"><skipped message="Suite splitting in effect" type="pytest.skip">src/pymortests/affine_grid.py:100: &lt;py._xmlgen.raw object at 0x7fb29db8c9e8&gt;</skipped></testcase><testcase classname="src.pymortests.affine_grid" file="src/pymortests/affine_grid.py" line="100" name="test_integration_elements_wrong_arguments[&lt;lambda&gt;28]" time="0.0007243156433105469"><skipped message="Suite splitting in effect" type="pytest.skip">src/pymortests/affine_grid.py:100: &lt;py._xmlgen.raw object at 0x7fb29db7bf98&gt;</skipped></testcase><testcase classname="src.pymortests.affine_grid" file="src/pymortests/affine_grid.py" line="100" name="test_integration_elements_wrong_arguments[&lt;lambda&gt;29]" time="0.0003952980041503906"><skipped message="Suite splitting in effect" type="pytest.skip">src/pymortests/affine_grid.py:100: &lt;py._xmlgen.raw object at 0x7fb2e24966d8&gt;</skipped></testcase><testcase classname="src.pymortests.affine_grid" file="src/pymortests/affine_grid.py" line="100" name="test_integration_elements_wrong_arguments[&lt;lambda&gt;30]" time="0.0004303455352783203"><skipped message="Suite splitting in effect" type="pytest.skip">src/pymortests/affine_grid.py:100: &lt;py._xmlgen.raw object at 0x7fb29db697b8&gt;</skipped></testcase><testcase classname="src.pymortests.affine_grid" file="src/pymortests/affine_grid.py" line="100" name="test_integration_elements_wrong_arguments[&lt;lambda&gt;31]" time="0.0004475116729736328"><skipped message="Suite splitting in effect" type="pytest.skip">src/pymortests/affine_grid.py:100: &lt;py._xmlgen.raw object at 0x7fb29dbf59b0&gt;</skipped></testcase><testcase classname="src.pymortests.affine_grid" file="src/pymortests/affine_grid.py" line="100" name="test_integration_elements_wrong_arguments[&lt;lambda&gt;32]" time="0.0004432201385498047"><skipped message="Suite splitting in effect" type="pytest.skip">src/pymortests/affine_grid.py:100: &lt;py._xmlgen.raw object at 0x7fb29db5f4e0&gt;</skipped></testcase><testcase classname="src.pymortests.affine_grid" file="src/pymortests/affine_grid.py" line="100" name="test_integration_elements_wrong_arguments[&lt;lambda&gt;33]" time="0.00042438507080078125"><skipped message="Suite splitting in effect" type="pytest.skip">src/pymortests/affine_grid.py:100: &lt;py._xmlgen.raw object at 0x7fb29db8cbe0&gt;</skipped></testcase><testcase classname="src.pymortests.affine_grid" file="src/pymortests/affine_grid.py" line="100" name="test_integration_elements_wrong_arguments[&lt;lambda&gt;34]" time="0.0004451274871826172"><skipped message="Suite splitting in effect" type="pytest.skip">src/pymortests/affine_grid.py:100: &lt;py._xmlgen.raw object at 0x7fb29db8c630&gt;</skipped></testcase><testcase classname="src.pymortests.affine_grid" file="src/pymortests/affine_grid.py" line="100" name="test_integration_elements_wrong_arguments[&lt;lambda&gt;35]" time="0.0004284381866455078"><skipped message="Suite splitting in effect" type="pytest.skip">src/pymortests/affine_grid.py:100: &lt;py._xmlgen.raw object at 0x7fb29db8cf28&gt;</skipped></testcase><testcase classname="src.pymortests.affine_grid" file="src/pymortests/affine_grid.py" line="100" name="test_integration_elements_wrong_arguments[&lt;lambda&gt;36]" time="0.0007183551788330078"><skipped message="Suite splitting in effect" type="pytest.skip">src/pymortests/affine_grid.py:100: &lt;py._xmlgen.raw object at 0x7fb29db54c88&gt;</skipped></testcase><testcase classname="src.pymortests.affine_grid" file="src/pymortests/affine_grid.py" line="100" name="test_integration_elements_wrong_arguments[&lt;lambda&gt;37]" time="0.0004706382751464844"><skipped message="Suite splitting in effect" type="pytest.skip">src/pymortests/affine_grid.py:100: &lt;py._xmlgen.raw object at 0x7fb29db8c550&gt;</skipped></testcase><testcase classname="src.pymortests.affine_grid" file="src/pymortests/affine_grid.py" line="100" name="test_integration_elements_wrong_arguments[&lt;lambda&gt;38]" time="0.00040793418884277344"><skipped message="Suite splitting in effect" type="pytest.skip">src/pymortests/affine_grid.py:100: &lt;py._xmlgen.raw object at 0x7fb2e3c21d30&gt;</skipped></testcase><testcase classname="src.pymortests.affine_grid" file="src/pymortests/affine_grid.py" line="100" name="test_integration_elements_wrong_arguments[&lt;lambda&gt;39]" time="0.0004208087921142578"><skipped message="Suite splitting in effect" type="pytest.skip">src/pymortests/affine_grid.py:100: &lt;py._xmlgen.raw object at 0x7fb2e3ce5160&gt;</skipped></testcase><testcase classname="src.pymortests.affine_grid" file="src/pymortests/affine_grid.py" line="100" name="test_integration_elements_wrong_arguments[&lt;lambda&gt;40]" time="0.00043082237243652344"><skipped message="Suite splitting in effect" type="pytest.skip">src/pymortests/affine_grid.py:100: &lt;py._xmlgen.raw object at 0x7fb29db69278&gt;</skipped></testcase><testcase classname="src.pymortests.affine_grid" file="src/pymortests/affine_grid.py" line="100" name="test_integration_elements_wrong_arguments[&lt;lambda&gt;41]" time="0.00045299530029296875"><skipped message="Suite splitting in effect" type="pytest.skip">src/pymortests/affine_grid.py:100: &lt;py._xmlgen.raw object at 0x7fb29dbc3240&gt;</skipped></testcase><testcase classname="src.pymortests.affine_grid" file="src/pymortests/affine_grid.py" line="100" name="test_integration_elements_wrong_arguments[&lt;lambda&gt;42]" time="0.0004696846008300781"><skipped message="Suite splitting in effect" type="pytest.skip">src/pymortests/affine_grid.py:100: &lt;py._xmlgen.raw object at 0x7fb29db7bf98&gt;</skipped></testcase><testcase classname="src.pymortests.affine_grid" file="src/pymortests/affine_grid.py" line="108" name="test_integration_elements_shape[&lt;lambda&gt;0]" time="0.0005486011505126953"><skipped message="Suite splitting in effect" type="pytest.skip">src/pymortests/affine_grid.py:108: &lt;py._xmlgen.raw object at 0x7fb29db16828&gt;</skipped></testcase><testcase classname="src.pymortests.affine_grid" file="src/pymortests/affine_grid.py" line="108" name="test_integration_elements_shape[&lt;lambda&gt;1]" time="0.0007281303405761719"><skipped message="Suite splitting in effect" type="pytest.skip">src/pymortests/affine_grid.py:108: &lt;py._xmlgen.raw object at 0x7fb29db16d68&gt;</skipped></testcase><testcase classname="src.pymortests.affine_grid" file="src/pymortests/affine_grid.py" line="108" name="test_integration_elements_shape[&lt;lambda&gt;2]" time="0.0004553794860839844"><skipped message="Suite splitting in effect" type="pytest.skip">src/pymortests/affine_grid.py:108: &lt;py._xmlgen.raw object at 0x7fb2e244ceb8&gt;</skipped></testcase><testcase classname="src.pymortests.affine_grid" file="src/pymortests/affine_grid.py" line="108" name="test_integration_elements_shape[&lt;lambda&gt;3]" time="0.00047206878662109375"><skipped message="Suite splitting in effect" type="pytest.skip">src/pymortests/affine_grid.py:108: &lt;py._xmlgen.raw object at 0x7fb2e3c5b320&gt;</skipped></testcase><testcase classname="src.pymortests.affine_grid" file="src/pymortests/affine_grid.py" line="108" name="test_integration_elements_shape[&lt;lambda&gt;4]" time="0.00043129920959472656"><skipped message="Suite splitting in effect" type="pytest.skip">src/pymortests/affine_grid.py:108: &lt;py._xmlgen.raw object at 0x7fb2e24ac2b0&gt;</skipped></testcase><testcase classname="src.pymortests.affine_grid" file="src/pymortests/affine_grid.py" line="108" name="test_integration_elements_shape[&lt;lambda&gt;5]" time="0.0004839897155761719"><skipped message="Suite splitting in effect" type="pytest.skip">src/pymortests/affine_grid.py:108: &lt;py._xmlgen.raw object at 0x7fb29db8c7f0&gt;</skipped></testcase><testcase classname="src.pymortests.affine_grid" file="src/pymortests/affine_grid.py" line="108" name="test_integration_elements_shape[&lt;lambda&gt;6]" time="0.0005087852478027344"><skipped message="Suite splitting in effect" type="pytest.skip">src/pymortests/affine_grid.py:108: &lt;py._xmlgen.raw object at 0x7fb29db8cc88&gt;</skipped></testcase><testcase classname="src.pymortests.affine_grid" file="src/pymortests/affine_grid.py" line="108" name="test_integration_elements_shape[&lt;lambda&gt;7]" time="0.00045561790466308594"><skipped message="Suite splitting in effect" type="pytest.skip">src/pymortests/affine_grid.py:108: &lt;py._xmlgen.raw object at 0x7fb29db16b00&gt;</skipped></testcase><testcase classname="src.pymortests.affine_grid" file="src/pymortests/affine_grid.py" line="108" name="test_integration_elements_shape[&lt;lambda&gt;8]" time="0.0004558563232421875"><skipped message="Suite splitting in effect" type="pytest.skip">src/pymortests/affine_grid.py:108: &lt;py._xmlgen.raw object at 0x7fb29db16128&gt;</skipped></testcase><testcase classname="src.pymortests.affine_grid" file="src/pymortests/affine_grid.py" line="108" name="test_integration_elements_shape[&lt;lambda&gt;9]" time="0.0007214546203613281"><skipped message="Suite splitting in effect" type="pytest.skip">src/pymortests/affine_grid.py:108: &lt;py._xmlgen.raw object at 0x7fb29db202e8&gt;</skipped></testcase><testcase classname="src.pymortests.affine_grid" file="src/pymortests/affine_grid.py" line="108" name="test_integration_elements_shape[&lt;lambda&gt;10]" time="0.00046515464782714844"><skipped message="Suite splitting in effect" type="pytest.skip">src/pymortests/affine_grid.py:108: &lt;py._xmlgen.raw object at 0x7fb29db16550&gt;</skipped></testcase><testcase classname="src.pymortests.affine_grid" file="src/pymortests/affine_grid.py" line="108" name="test_integration_elements_shape[&lt;lambda&gt;11]" time="0.0004100799560546875"><skipped message="Suite splitting in effect" type="pytest.skip">src/pymortests/affine_grid.py:108: &lt;py._xmlgen.raw object at 0x7fb29db5f080&gt;</skipped></testcase><testcase classname="src.pymortests.affine_grid" file="src/pymortests/affine_grid.py" line="108" name="test_integration_elements_shape[&lt;lambda&gt;12]" time="0.0004248619079589844"><skipped message="Suite splitting in effect" type="pytest.skip">src/pymortests/affine_grid.py:108: &lt;py._xmlgen.raw object at 0x7fb29db8c2e8&gt;</skipped></testcase><testcase classname="src.pymortests.affine_grid" file="src/pymortests/affine_grid.py" line="108" name="test_integration_elements_shape[&lt;lambda&gt;13]" time="0.000431060791015625"><skipped message="Suite splitting in effect" type="pytest.skip">src/pymortests/affine_grid.py:108: &lt;py._xmlgen.raw object at 0x7fb29dc27898&gt;</skipped></testcase><testcase classname="src.pymortests.affine_grid" file="src/pymortests/affine_grid.py" line="108" name="test_integration_elements_shape[&lt;lambda&gt;14]" time="0.0004413127899169922"><skipped message="Suite splitting in effect" type="pytest.skip">src/pymortests/affine_grid.py:108: &lt;py._xmlgen.raw object at 0x7fb2e244c5f8&gt;</skipped></testcase><testcase classname="src.pymortests.affine_grid" file="src/pymortests/affine_grid.py" line="108" name="test_integration_elements_shape[&lt;lambda&gt;15]" time="0.0004558563232421875"><skipped message="Suite splitting in effect" type="pytest.skip">src/pymortests/affine_grid.py:108: &lt;py._xmlgen.raw object at 0x7fb2e2496cc0&gt;</skipped></testcase><testcase classname="src.pymortests.affine_grid" file="src/pymortests/affine_grid.py" line="108" name="test_integration_elements_shape[&lt;lambda&gt;16]" time="0.0004553794860839844"><skipped message="Suite splitting in effect" type="pytest.skip">src/pymortests/affine_grid.py:108: &lt;py._xmlgen.raw object at 0x7fb29db20128&gt;</skipped></testcase><testcase classname="src.pymortests.affine_grid" file="src/pymortests/affine_grid.py" line="108" name="test_integration_elements_shape[&lt;lambda&gt;17]" time="0.0004322528839111328"><skipped message="Suite splitting in effect" type="pytest.skip">src/pymortests/affine_grid.py:108: &lt;py._xmlgen.raw object at 0x7fb29db20908&gt;</skipped></testcase><testcase classname="src.pymortests.affine_grid" file="src/pymortests/affine_grid.py" line="108" name="test_integration_elements_shape[&lt;lambda&gt;18]" time="0.0004258155822753906"><skipped message="Suite splitting in effect" type="pytest.skip">src/pymortests/affine_grid.py:108: &lt;py._xmlgen.raw object at 0x7fb2e2496780&gt;</skipped></testcase><testcase classname="src.pymortests.affine_grid" file="src/pymortests/affine_grid.py" line="108" name="test_integration_elements_shape[&lt;lambda&gt;19]" time="0.0004248619079589844"><skipped message="Suite splitting in effect" type="pytest.skip">src/pymortests/affine_grid.py:108: &lt;py._xmlgen.raw object at 0x7fb2e244c898&gt;</skipped></testcase><testcase classname="src.pymortests.affine_grid" file="src/pymortests/affine_grid.py" line="108" name="test_integration_elements_shape[&lt;lambda&gt;20]" time="0.0004181861877441406"><skipped message="Suite splitting in effect" type="pytest.skip">src/pymortests/affine_grid.py:108: &lt;py._xmlgen.raw object at 0x7fb2e24e3320&gt;</skipped></testcase><testcase classname="src.pymortests.affine_grid" file="src/pymortests/affine_grid.py" line="108" name="test_integration_elements_shape[&lt;lambda&gt;21]" time="0.00045561790466308594"><skipped message="Suite splitting in effect" type="pytest.skip">src/pymortests/affine_grid.py:108: &lt;py._xmlgen.raw object at 0x7fb29db8c550&gt;</skipped></testcase><testcase classname="src.pymortests.affine_grid" file="src/pymortests/affine_grid.py" line="108" name="test_integration_elements_shape[&lt;lambda&gt;22]" time="0.00043582916259765625"><skipped message="Suite splitting in effect" type="pytest.skip">src/pymortests/affine_grid.py:108: &lt;py._xmlgen.raw object at 0x7fb29db16dd8&gt;</skipped></testcase><testcase classname="src.pymortests.affine_grid" file="src/pymortests/affine_grid.py" line="108" name="test_integration_elements_shape[&lt;lambda&gt;23]" time="0.00044417381286621094"><skipped message="Suite splitting in effect" type="pytest.skip">src/pymortests/affine_grid.py:108: &lt;py._xmlgen.raw object at 0x7fb29db20828&gt;</skipped></testcase><testcase classname="src.pymortests.affine_grid" file="src/pymortests/affine_grid.py" line="108" name="test_integration_elements_shape[&lt;lambda&gt;24]" time="0.00045037269592285156"><skipped message="Suite splitting in effect" type="pytest.skip">src/pymortests/affine_grid.py:108: &lt;py._xmlgen.raw object at 0x7fb29db20128&gt;</skipped></testcase><testcase classname="src.pymortests.affine_grid" file="src/pymortests/affine_grid.py" line="108" name="test_integration_elements_shape[&lt;lambda&gt;25]" time="0.0004241466522216797"><skipped message="Suite splitting in effect" type="pytest.skip">src/pymortests/affine_grid.py:108: &lt;py._xmlgen.raw object at 0x7fb29db20e10&gt;</skipped></testcase><testcase classname="src.pymortests.affine_grid" file="src/pymortests/affine_grid.py" line="108" name="test_integration_elements_shape[&lt;lambda&gt;26]" time="0.00045871734619140625"><skipped message="Suite splitting in effect" type="pytest.skip">src/pymortests/affine_grid.py:108: &lt;py._xmlgen.raw object at 0x7fb29db20c18&gt;</skipped></testcase><testcase classname="src.pymortests.affine_grid" file="src/pymortests/affine_grid.py" line="108" name="test_integration_elements_shape[&lt;lambda&gt;27]" time="0.0004291534423828125"><skipped message="Suite splitting in effect" type="pytest.skip">src/pymortests/affine_grid.py:108: &lt;py._xmlgen.raw object at 0x7fb29db20a58&gt;</skipped></testcase><testcase classname="src.pymortests.affine_grid" file="src/pymortests/affine_grid.py" line="108" name="test_integration_elements_shape[&lt;lambda&gt;28]" time="0.00043010711669921875"><skipped message="Suite splitting in effect" type="pytest.skip">src/pymortests/affine_grid.py:108: &lt;py._xmlgen.raw object at 0x7fb29db16dd8&gt;</skipped></testcase><testcase classname="src.pymortests.affine_grid" file="src/pymortests/affine_grid.py" line="108" name="test_integration_elements_shape[&lt;lambda&gt;29]" time="0.0004897117614746094"><skipped message="Suite splitting in effect" type="pytest.skip">src/pymortests/affine_grid.py:108: &lt;py._xmlgen.raw object at 0x7fb29db8ca20&gt;</skipped></testcase><testcase classname="src.pymortests.affine_grid" file="src/pymortests/affine_grid.py" line="108" name="test_integration_elements_shape[&lt;lambda&gt;30]" time="0.0004875659942626953"><skipped message="Suite splitting in effect" type="pytest.skip">src/pymortests/affine_grid.py:108: &lt;py._xmlgen.raw object at 0x7fb29dc27a58&gt;</skipped></testcase><testcase classname="src.pymortests.affine_grid" file="src/pymortests/affine_grid.py" line="108" name="test_integration_elements_shape[&lt;lambda&gt;31]" time="0.00043201446533203125"><skipped message="Suite splitting in effect" type="pytest.skip">src/pymortests/affine_grid.py:108: &lt;py._xmlgen.raw object at 0x7fb2e246f320&gt;</skipped></testcase><testcase classname="src.pymortests.affine_grid" file="src/pymortests/affine_grid.py" line="108" name="test_integration_elements_shape[&lt;lambda&gt;32]" time="0.0004723072052001953"><skipped message="Suite splitting in effect" type="pytest.skip">src/pymortests/affine_grid.py:108: &lt;py._xmlgen.raw object at 0x7fb2e245ba58&gt;</skipped></testcase><testcase classname="src.pymortests.affine_grid" file="src/pymortests/affine_grid.py" line="108" name="test_integration_elements_shape[&lt;lambda&gt;33]" time="0.0004315376281738281"><skipped message="Suite splitting in effect" type="pytest.skip">src/pymortests/affine_grid.py:108: &lt;py._xmlgen.raw object at 0x7fb29db2c390&gt;</skipped></testcase><testcase classname="src.pymortests.affine_grid" file="src/pymortests/affine_grid.py" line="108" name="test_integration_elements_shape[&lt;lambda&gt;34]" time="0.0010738372802734375"><skipped message="Suite splitting in effect" type="pytest.skip">src/pymortests/affine_grid.py:108: &lt;py._xmlgen.raw object at 0x7fb2e246f320&gt;</skipped></testcase><testcase classname="src.pymortests.affine_grid" file="src/pymortests/affine_grid.py" line="108" name="test_integration_elements_shape[&lt;lambda&gt;35]" time="0.0004322528839111328"><skipped message="Suite splitting in effect" type="pytest.skip">src/pymortests/affine_grid.py:108: &lt;py._xmlgen.raw object at 0x7fb2e24aca90&gt;</skipped></testcase><testcase classname="src.pymortests.affine_grid" file="src/pymortests/affine_grid.py" line="108" name="test_integration_elements_shape[&lt;lambda&gt;36]" time="0.00042510032653808594"><skipped message="Suite splitting in effect" type="pytest.skip">src/pymortests/affine_grid.py:108: &lt;py._xmlgen.raw object at 0x7fb29db20630&gt;</skipped></testcase><testcase classname="src.pymortests.affine_grid" file="src/pymortests/affine_grid.py" line="108" name="test_integration_elements_shape[&lt;lambda&gt;37]" time="0.0004496574401855469"><skipped message="Suite splitting in effect" type="pytest.skip">src/pymortests/affine_grid.py:108: &lt;py._xmlgen.raw object at 0x7fb29db20470&gt;</skipped></testcase><testcase classname="src.pymortests.affine_grid" file="src/pymortests/affine_grid.py" line="108" name="test_integration_elements_shape[&lt;lambda&gt;38]" time="0.0004642009735107422"><skipped message="Suite splitting in effect" type="pytest.skip">src/pymortests/affine_grid.py:108: &lt;py._xmlgen.raw object at 0x7fb29db8ccf8&gt;</skipped></testcase><testcase classname="src.pymortests.affine_grid" file="src/pymortests/affine_grid.py" line="108" name="test_integration_elements_shape[&lt;lambda&gt;39]" time="0.0004410743713378906"><skipped message="Suite splitting in effect" type="pytest.skip">src/pymortests/affine_grid.py:108: &lt;py._xmlgen.raw object at 0x7fb29db16518&gt;</skipped></testcase><testcase classname="src.pymortests.affine_grid" file="src/pymortests/affine_grid.py" line="108" name="test_integration_elements_shape[&lt;lambda&gt;40]" time="0.0004184246063232422"><skipped message="Suite splitting in effect" type="pytest.skip">src/pymortests/affine_grid.py:108: &lt;py._xmlgen.raw object at 0x7fb2e244c898&gt;</skipped></testcase><testcase classname="src.pymortests.affine_grid" file="src/pymortests/affine_grid.py" line="108" name="test_integration_elements_shape[&lt;lambda&gt;41]" time="0.0004050731658935547"><skipped message="Suite splitting in effect" type="pytest.skip">src/pymortests/affine_grid.py:108: &lt;py._xmlgen.raw object at 0x7fb29db7b9b0&gt;</skipped></testcase><testcase classname="src.pymortests.affine_grid" file="src/pymortests/affine_grid.py" line="108" name="test_integration_elements_shape[&lt;lambda&gt;42]" time="0.0004677772521972656"><skipped message="Suite splitting in effect" type="pytest.skip">src/pymortests/affine_grid.py:108: &lt;py._xmlgen.raw object at 0x7fb29db7be48&gt;</skipped></testcase><testcase classname="src.pymortests.affine_grid" file="src/pymortests/affine_grid.py" line="114" name="test_integration_elements_values[&lt;lambda&gt;0]" time="0.000438690185546875"><skipped message="Suite splitting in effect" type="pytest.skip">src/pymortests/affine_grid.py:114: &lt;py._xmlgen.raw object at 0x7fb29db16e48&gt;</skipped></testcase><testcase classname="src.pymortests.affine_grid" file="src/pymortests/affine_grid.py" line="114" name="test_integration_elements_values[&lt;lambda&gt;1]" time="0.00042057037353515625"><skipped message="Suite splitting in effect" type="pytest.skip">src/pymortests/affine_grid.py:114: &lt;py._xmlgen.raw object at 0x7fb29db169b0&gt;</skipped></testcase><testcase classname="src.pymortests.affine_grid" file="src/pymortests/affine_grid.py" line="114" name="test_integration_elements_values[&lt;lambda&gt;2]" time="0.00040984153747558594"><skipped message="Suite splitting in effect" type="pytest.skip">src/pymortests/affine_grid.py:114: &lt;py._xmlgen.raw object at 0x7fb29db8c518&gt;</skipped></testcase><testcase classname="src.pymortests.affine_grid" file="src/pymortests/affine_grid.py" line="114" name="test_integration_elements_values[&lt;lambda&gt;3]" time="0.0004181861877441406"><skipped message="Suite splitting in effect" type="pytest.skip">src/pymortests/affine_grid.py:114: &lt;py._xmlgen.raw object at 0x7fb29db20a90&gt;</skipped></testcase><testcase classname="src.pymortests.affine_grid" file="src/pymortests/affine_grid.py" line="114" name="test_integration_elements_values[&lt;lambda&gt;4]" time="0.0004258155822753906"><skipped message="Suite splitting in effect" type="pytest.skip">src/pymortests/affine_grid.py:114: &lt;py._xmlgen.raw object at 0x7fb29dc27d68&gt;</skipped></testcase><testcase classname="src.pymortests.affine_grid" file="src/pymortests/affine_grid.py" line="114" name="test_integration_elements_values[&lt;lambda&gt;5]" time="0.00045490264892578125"><skipped message="Suite splitting in effect" type="pytest.skip">src/pymortests/affine_grid.py:114: &lt;py._xmlgen.raw object at 0x7fb2e246f908&gt;</skipped></testcase><testcase classname="src.pymortests.affine_grid" file="src/pymortests/affine_grid.py" line="114" name="test_integration_elements_values[&lt;lambda&gt;6]" time="0.00042700767517089844"><skipped message="Suite splitting in effect" type="pytest.skip">src/pymortests/affine_grid.py:114: &lt;py._xmlgen.raw object at 0x7fb29db54e10&gt;</skipped></testcase><testcase classname="src.pymortests.affine_grid" file="src/pymortests/affine_grid.py" line="114" name="test_integration_elements_values[&lt;lambda&gt;7]" time="0.0007007122039794922"><skipped message="Suite splitting in effect" type="pytest.skip">src/pymortests/affine_grid.py:114: &lt;py._xmlgen.raw object at 0x7fb29db2c208&gt;</skipped></testcase><testcase classname="src.pymortests.affine_grid" file="src/pymortests/affine_grid.py" line="114" name="test_integration_elements_values[&lt;lambda&gt;8]" time="0.000423431396484375"><skipped message="Suite splitting in effect" type="pytest.skip">src/pymortests/affine_grid.py:114: &lt;py._xmlgen.raw object at 0x7fb2e246f1d0&gt;</skipped></testcase><testcase classname="src.pymortests.affine_grid" file="src/pymortests/affine_grid.py" line="114" name="test_integration_elements_values[&lt;lambda&gt;9]" time="0.0004260540008544922"><skipped message="Suite splitting in effect" type="pytest.skip">src/pymortests/affine_grid.py:114: &lt;py._xmlgen.raw object at 0x7fb29db207b8&gt;</skipped></testcase><testcase classname="src.pymortests.affine_grid" file="src/pymortests/affine_grid.py" line="114" name="test_integration_elements_values[&lt;lambda&gt;10]" time="0.00044226646423339844"><skipped message="Suite splitting in effect" type="pytest.skip">src/pymortests/affine_grid.py:114: &lt;py._xmlgen.raw object at 0x7fb29db20b00&gt;</skipped></testcase><testcase classname="src.pymortests.affine_grid" file="src/pymortests/affine_grid.py" line="114" name="test_integration_elements_values[&lt;lambda&gt;11]" time="0.00040459632873535156"><skipped message="Suite splitting in effect" type="pytest.skip">src/pymortests/affine_grid.py:114: &lt;py._xmlgen.raw object at 0x7fb2e2480320&gt;</skipped></testcase><testcase classname="src.pymortests.affine_grid" file="src/pymortests/affine_grid.py" line="114" name="test_integration_elements_values[&lt;lambda&gt;12]" time="0.00042366981506347656"><skipped message="Suite splitting in effect" type="pytest.skip">src/pymortests/affine_grid.py:114: &lt;py._xmlgen.raw object at 0x7fb29db16240&gt;</skipped></testcase><testcase classname="src.pymortests.affine_grid" file="src/pymortests/affine_grid.py" line="114" name="test_integration_elements_values[&lt;lambda&gt;13]" time="0.00040030479431152344"><skipped message="Suite splitting in effect" type="pytest.skip">src/pymortests/affine_grid.py:114: &lt;py._xmlgen.raw object at 0x7fb29db7bbe0&gt;</skipped></testcase><testcase classname="src.pymortests.affine_grid" file="src/pymortests/affine_grid.py" line="114" name="test_integration_elements_values[&lt;lambda&gt;14]" time="0.0004222393035888672"><skipped message="Suite splitting in effect" type="pytest.skip">src/pymortests/affine_grid.py:114: &lt;py._xmlgen.raw object at 0x7fb29db2c390&gt;</skipped></testcase><testcase classname="src.pymortests.affine_grid" file="src/pymortests/affine_grid.py" line="114" name="test_integration_elements_values[&lt;lambda&gt;15]" time="0.0004200935363769531"><skipped message="Suite splitting in effect" type="pytest.skip">src/pymortests/affine_grid.py:114: &lt;py._xmlgen.raw object at 0x7fb29db2ca90&gt;</skipped></testcase><testcase classname="src.pymortests.affine_grid" file="src/pymortests/affine_grid.py" line="114" name="test_integration_elements_values[&lt;lambda&gt;16]" time="0.0005199909210205078"><skipped message="Suite splitting in effect" type="pytest.skip">src/pymortests/affine_grid.py:114: &lt;py._xmlgen.raw object at 0x7fb29db16400&gt;</skipped></testcase><testcase classname="src.pymortests.affine_grid" file="src/pymortests/affine_grid.py" line="114" name="test_integration_elements_values[&lt;lambda&gt;17]" time="0.0005400180816650391"><skipped message="Suite splitting in effect" type="pytest.skip">src/pymortests/affine_grid.py:114: &lt;py._xmlgen.raw object at 0x7fb2dcd27240&gt;</skipped></testcase><testcase classname="src.pymortests.affine_grid" file="src/pymortests/affine_grid.py" line="114" name="test_integration_elements_values[&lt;lambda&gt;18]" time="0.0004222393035888672"><skipped message="Suite splitting in effect" type="pytest.skip">src/pymortests/affine_grid.py:114: &lt;py._xmlgen.raw object at 0x7fb2e2480320&gt;</skipped></testcase><testcase classname="src.pymortests.affine_grid" file="src/pymortests/affine_grid.py" line="114" name="test_integration_elements_values[&lt;lambda&gt;19]" time="0.0004215240478515625"><skipped message="Suite splitting in effect" type="pytest.skip">src/pymortests/affine_grid.py:114: &lt;py._xmlgen.raw object at 0x7fb29db20f28&gt;</skipped></testcase><testcase classname="src.pymortests.affine_grid" file="src/pymortests/affine_grid.py" line="114" name="test_integration_elements_values[&lt;lambda&gt;20]" time="0.00041937828063964844"><skipped message="Suite splitting in effect" type="pytest.skip">src/pymortests/affine_grid.py:114: &lt;py._xmlgen.raw object at 0x7fb2e246f1d0&gt;</skipped></testcase><testcase classname="src.pymortests.affine_grid" file="src/pymortests/affine_grid.py" line="114" name="test_integration_elements_values[&lt;lambda&gt;21]" time="0.000446319580078125"><skipped message="Suite splitting in effect" type="pytest.skip">src/pymortests/affine_grid.py:114: &lt;py._xmlgen.raw object at 0x7fb29db2cba8&gt;</skipped></testcase><testcase classname="src.pymortests.affine_grid" file="src/pymortests/affine_grid.py" line="114" name="test_integration_elements_values[&lt;lambda&gt;22]" time="0.00042319297790527344"><skipped message="Suite splitting in effect" type="pytest.skip">src/pymortests/affine_grid.py:114: &lt;py._xmlgen.raw object at 0x7fb29db2c080&gt;</skipped></testcase><testcase classname="src.pymortests.affine_grid" file="src/pymortests/affine_grid.py" line="114" name="test_integration_elements_values[&lt;lambda&gt;23]" time="0.0004227161407470703"><skipped message="Suite splitting in effect" type="pytest.skip">src/pymortests/affine_grid.py:114: &lt;py._xmlgen.raw object at 0x7fb29db2cf98&gt;</skipped></testcase><testcase classname="src.pymortests.affine_grid" file="src/pymortests/affine_grid.py" line="114" name="test_integration_elements_values[&lt;lambda&gt;24]" time="0.000720977783203125"><skipped message="Suite splitting in effect" type="pytest.skip">src/pymortests/affine_grid.py:114: &lt;py._xmlgen.raw object at 0x7fb29db2ce10&gt;</skipped></testcase><testcase classname="src.pymortests.affine_grid" file="src/pymortests/affine_grid.py" line="114" name="test_integration_elements_values[&lt;lambda&gt;25]" time="0.0004665851593017578"><skipped message="Suite splitting in effect" type="pytest.skip">src/pymortests/affine_grid.py:114: &lt;py._xmlgen.raw object at 0x7fb29db54f98&gt;</skipped></testcase><testcase classname="src.pymortests.affine_grid" file="src/pymortests/affine_grid.py" line="114" name="test_integration_elements_values[&lt;lambda&gt;26]" time="0.0004489421844482422"><skipped message="Suite splitting in effect" type="pytest.skip">src/pymortests/affine_grid.py:114: &lt;py._xmlgen.raw object at 0x7fb2e246f3c8&gt;</skipped></testcase><testcase classname="src.pymortests.affine_grid" file="src/pymortests/affine_grid.py" line="114" name="test_integration_elements_values[&lt;lambda&gt;27]" time="0.00041961669921875"><skipped message="Suite splitting in effect" type="pytest.skip">src/pymortests/affine_grid.py:114: &lt;py._xmlgen.raw object at 0x7fb29db20f60&gt;</skipped></testcase><testcase classname="src.pymortests.affine_grid" file="src/pymortests/affine_grid.py" line="114" name="test_integration_elements_values[&lt;lambda&gt;28]" time="0.0004558563232421875"><skipped message="Suite splitting in effect" type="pytest.skip">src/pymortests/affine_grid.py:114: &lt;py._xmlgen.raw object at 0x7fb2dcd27fd0&gt;</skipped></testcase><testcase classname="src.pymortests.affine_grid" file="src/pymortests/affine_grid.py" line="114" name="test_integration_elements_values[&lt;lambda&gt;29]" time="0.00043582916259765625"><skipped message="Suite splitting in effect" type="pytest.skip">src/pymortests/affine_grid.py:114: &lt;py._xmlgen.raw object at 0x7fb29db16e48&gt;</skipped></testcase><testcase classname="src.pymortests.affine_grid" file="src/pymortests/affine_grid.py" line="114" name="test_integration_elements_values[&lt;lambda&gt;30]" time="0.0004184246063232422"><skipped message="Suite splitting in effect" type="pytest.skip">src/pymortests/affine_grid.py:114: &lt;py._xmlgen.raw object at 0x7fb2e244c5f8&gt;</skipped></testcase><testcase classname="src.pymortests.affine_grid" file="src/pymortests/affine_grid.py" line="114" name="test_integration_elements_values[&lt;lambda&gt;31]" time="0.0004208087921142578"><skipped message="Suite splitting in effect" type="pytest.skip">src/pymortests/affine_grid.py:114: &lt;py._xmlgen.raw object at 0x7fb29db39518&gt;</skipped></testcase><testcase classname="src.pymortests.affine_grid" file="src/pymortests/affine_grid.py" line="114" name="test_integration_elements_values[&lt;lambda&gt;32]" time="0.0007669925689697266"><skipped message="Suite splitting in effect" type="pytest.skip">src/pymortests/affine_grid.py:114: &lt;py._xmlgen.raw object at 0x7fb29db7bd30&gt;</skipped></testcase><testcase classname="src.pymortests.affine_grid" file="src/pymortests/affine_grid.py" line="114" name="test_integration_elements_values[&lt;lambda&gt;33]" time="0.0004286766052246094"><skipped message="Suite splitting in effect" type="pytest.skip">src/pymortests/affine_grid.py:114: &lt;py._xmlgen.raw object at 0x7fb2dcd27198&gt;</skipped></testcase><testcase classname="src.pymortests.affine_grid" file="src/pymortests/affine_grid.py" line="114" name="test_integration_elements_values[&lt;lambda&gt;34]" time="0.00044035911560058594"><skipped message="Suite splitting in effect" type="pytest.skip">src/pymortests/affine_grid.py:114: &lt;py._xmlgen.raw object at 0x7fb29dc27128&gt;</skipped></testcase><testcase classname="src.pymortests.affine_grid" file="src/pymortests/affine_grid.py" line="114" name="test_integration_elements_values[&lt;lambda&gt;35]" time="0.0004127025604248047"><skipped message="Suite splitting in effect" type="pytest.skip">src/pymortests/affine_grid.py:114: &lt;py._xmlgen.raw object at 0x7fb2e246f1d0&gt;</skipped></testcase><testcase classname="src.pymortests.affine_grid" file="src/pymortests/affine_grid.py" line="114" name="test_integration_elements_values[&lt;lambda&gt;36]" time="0.0004162788391113281"><skipped message="Suite splitting in effect" type="pytest.skip">src/pymortests/affine_grid.py:114: &lt;py._xmlgen.raw object at 0x7fb2dcd374e0&gt;</skipped></testcase><testcase classname="src.pymortests.affine_grid" file="src/pymortests/affine_grid.py" line="114" name="test_integration_elements_values[&lt;lambda&gt;37]" time="0.0004611015319824219"><skipped message="Suite splitting in effect" type="pytest.skip">src/pymortests/affine_grid.py:114: &lt;py._xmlgen.raw object at 0x7fb29db2c940&gt;</skipped></testcase><testcase classname="src.pymortests.affine_grid" file="src/pymortests/affine_grid.py" line="114" name="test_integration_elements_values[&lt;lambda&gt;38]" time="0.0004525184631347656"><skipped message="Suite splitting in effect" type="pytest.skip">src/pymortests/affine_grid.py:114: &lt;py._xmlgen.raw object at 0x7fb29db39390&gt;</skipped></testcase><testcase classname="src.pymortests.affine_grid" file="src/pymortests/affine_grid.py" line="114" name="test_integration_elements_values[&lt;lambda&gt;39]" time="0.00041937828063964844"><skipped message="Suite splitting in effect" type="pytest.skip">src/pymortests/affine_grid.py:114: &lt;py._xmlgen.raw object at 0x7fb29db39dd8&gt;</skipped></testcase><testcase classname="src.pymortests.affine_grid" file="src/pymortests/affine_grid.py" line="114" name="test_integration_elements_values[&lt;lambda&gt;40]" time="0.0007455348968505859"><skipped message="Suite splitting in effect" type="pytest.skip">src/pymortests/affine_grid.py:114: &lt;py._xmlgen.raw object at 0x7fb29db42358&gt;</skipped></testcase><testcase classname="src.pymortests.affine_grid" file="src/pymortests/affine_grid.py" line="114" name="test_integration_elements_values[&lt;lambda&gt;41]" time="0.00042557716369628906"><skipped message="Suite splitting in effect" type="pytest.skip">src/pymortests/affine_grid.py:114: &lt;py._xmlgen.raw object at 0x7fb29db39a58&gt;</skipped></testcase><testcase classname="src.pymortests.affine_grid" file="src/pymortests/affine_grid.py" line="114" name="test_integration_elements_values[&lt;lambda&gt;42]" time="0.00043845176696777344"><skipped message="Suite splitting in effect" type="pytest.skip">src/pymortests/affine_grid.py:114: &lt;py._xmlgen.raw object at 0x7fb29db2cc18&gt;</skipped></testcase><testcase classname="src.pymortests.affine_grid" file="src/pymortests/affine_grid.py" line="124" name="test_volumes_wrong_arguments[&lt;lambda&gt;0]" time="0.0005047321319580078"><skipped message="Suite splitting in effect" type="pytest.skip">src/pymortests/affine_grid.py:124: &lt;py._xmlgen.raw object at 0x7fb29db545c0&gt;</skipped></testcase><testcase classname="src.pymortests.affine_grid" file="src/pymortests/affine_grid.py" line="124" name="test_volumes_wrong_arguments[&lt;lambda&gt;1]" time="0.00042247772216796875"><skipped message="Suite splitting in effect" type="pytest.skip">src/pymortests/affine_grid.py:124: &lt;py._xmlgen.raw object at 0x7fb2e246ff98&gt;</skipped></testcase><testcase classname="src.pymortests.affine_grid" file="src/pymortests/affine_grid.py" line="124" name="test_volumes_wrong_arguments[&lt;lambda&gt;2]" time="0.00040411949157714844"><skipped message="Suite splitting in effect" type="pytest.skip">src/pymortests/affine_grid.py:124: &lt;py._xmlgen.raw object at 0x7fb29db8c748&gt;</skipped></testcase><testcase classname="src.pymortests.affine_grid" file="src/pymortests/affine_grid.py" line="124" name="test_volumes_wrong_arguments[&lt;lambda&gt;3]" time="0.0004291534423828125"><skipped message="Suite splitting in effect" type="pytest.skip">src/pymortests/affine_grid.py:124: &lt;py._xmlgen.raw object at 0x7fb2dcd27b70&gt;</skipped></testcase><testcase classname="src.pymortests.affine_grid" file="src/pymortests/affine_grid.py" line="124" name="test_volumes_wrong_arguments[&lt;lambda&gt;4]" time="0.0004210472106933594"><skipped message="Suite splitting in effect" type="pytest.skip">src/pymortests/affine_grid.py:124: &lt;py._xmlgen.raw object at 0x7fb29db42208&gt;</skipped></testcase><testcase classname="src.pymortests.affine_grid" file="src/pymortests/affine_grid.py" line="124" name="test_volumes_wrong_arguments[&lt;lambda&gt;5]" time="0.0007352828979492188"><skipped message="Suite splitting in effect" type="pytest.skip">src/pymortests/affine_grid.py:124: &lt;py._xmlgen.raw object at 0x7fb29db42898&gt;</skipped></testcase><testcase classname="src.pymortests.affine_grid" file="src/pymortests/affine_grid.py" line="124" name="test_volumes_wrong_arguments[&lt;lambda&gt;6]" time="0.0004172325134277344"><skipped message="Suite splitting in effect" type="pytest.skip">src/pymortests/affine_grid.py:124: &lt;py._xmlgen.raw object at 0x7fb2dcd27b70&gt;</skipped></testcase><testcase classname="src.pymortests.affine_grid" file="src/pymortests/affine_grid.py" line="124" name="test_volumes_wrong_arguments[&lt;lambda&gt;7]" time="0.00041604042053222656"><skipped message="Suite splitting in effect" type="pytest.skip">src/pymortests/affine_grid.py:124: &lt;py._xmlgen.raw object at 0x7fb29db20c18&gt;</skipped></testcase><testcase classname="src.pymortests.affine_grid" file="src/pymortests/affine_grid.py" line="124" name="test_volumes_wrong_arguments[&lt;lambda&gt;8]" time="0.0004181861877441406"><skipped message="Suite splitting in effect" type="pytest.skip">src/pymortests/affine_grid.py:124: &lt;py._xmlgen.raw object at 0x7fb2dcd37438&gt;</skipped></testcase><testcase classname="src.pymortests.affine_grid" file="src/pymortests/affine_grid.py" line="124" name="test_volumes_wrong_arguments[&lt;lambda&gt;9]" time="0.00042176246643066406"><skipped message="Suite splitting in effect" type="pytest.skip">src/pymortests/affine_grid.py:124: &lt;py._xmlgen.raw object at 0x7fb29db2cd30&gt;</skipped></testcase><testcase classname="src.pymortests.affine_grid" file="src/pymortests/affine_grid.py" line="124" name="test_volumes_wrong_arguments[&lt;lambda&gt;10]" time="0.0004508495330810547"><skipped message="Suite splitting in effect" type="pytest.skip">src/pymortests/affine_grid.py:124: &lt;py._xmlgen.raw object at 0x7fb29db395f8&gt;</skipped></testcase><testcase classname="src.pymortests.affine_grid" file="src/pymortests/affine_grid.py" line="124" name="test_volumes_wrong_arguments[&lt;lambda&gt;11]" time="0.00040459632873535156"><skipped message="Suite splitting in effect" type="pytest.skip">src/pymortests/affine_grid.py:124: &lt;py._xmlgen.raw object at 0x7fb29db42978&gt;</skipped></testcase><testcase classname="src.pymortests.affine_grid" file="src/pymortests/affine_grid.py" line="124" name="test_volumes_wrong_arguments[&lt;lambda&gt;12]" time="0.0004291534423828125"><skipped message="Suite splitting in effect" type="pytest.skip">src/pymortests/affine_grid.py:124: &lt;py._xmlgen.raw object at 0x7fb29db42048&gt;</skipped></testcase><testcase classname="src.pymortests.affine_grid" file="src/pymortests/affine_grid.py" line="124" name="test_volumes_wrong_arguments[&lt;lambda&gt;13]" time="0.0004520416259765625"><skipped message="Suite splitting in effect" type="pytest.skip">src/pymortests/affine_grid.py:124: &lt;py._xmlgen.raw object at 0x7fb29db42eb8&gt;</skipped></testcase><testcase classname="src.pymortests.affine_grid" file="src/pymortests/affine_grid.py" line="124" name="test_volumes_wrong_arguments[&lt;lambda&gt;14]" time="0.0004425048828125"><skipped message="Suite splitting in effect" type="pytest.skip">src/pymortests/affine_grid.py:124: &lt;py._xmlgen.raw object at 0x7fb29db42cf8&gt;</skipped></testcase><testcase classname="src.pymortests.affine_grid" file="src/pymortests/affine_grid.py" line="124" name="test_volumes_wrong_arguments[&lt;lambda&gt;15]" time="0.0004253387451171875"><skipped message="Suite splitting in effect" type="pytest.skip">src/pymortests/affine_grid.py:124: &lt;py._xmlgen.raw object at 0x7fb29db42940&gt;</skipped></testcase><testcase classname="src.pymortests.affine_grid" file="src/pymortests/affine_grid.py" line="124" name="test_volumes_wrong_arguments[&lt;lambda&gt;16]" time="0.0006515979766845703"><skipped message="Suite splitting in effect" type="pytest.skip">src/pymortests/affine_grid.py:124: &lt;py._xmlgen.raw object at 0x7fb29db395f8&gt;</skipped></testcase><testcase classname="src.pymortests.affine_grid" file="src/pymortests/affine_grid.py" line="124" name="test_volumes_wrong_arguments[&lt;lambda&gt;17]" time="0.0004277229309082031"><skipped message="Suite splitting in effect" type="pytest.skip">src/pymortests/affine_grid.py:124: &lt;py._xmlgen.raw object at 0x7fb29db2c2b0&gt;</skipped></testcase><testcase classname="src.pymortests.affine_grid" file="src/pymortests/affine_grid.py" line="124" name="test_volumes_wrong_arguments[&lt;lambda&gt;18]" time="0.00042629241943359375"><skipped message="Suite splitting in effect" type="pytest.skip">src/pymortests/affine_grid.py:124: &lt;py._xmlgen.raw object at 0x7fb2dcd37f98&gt;</skipped></testcase><testcase classname="src.pymortests.affine_grid" file="src/pymortests/affine_grid.py" line="124" name="test_volumes_wrong_arguments[&lt;lambda&gt;19]" time="0.0004086494445800781"><skipped message="Suite splitting in effect" type="pytest.skip">src/pymortests/affine_grid.py:124: &lt;py._xmlgen.raw object at 0x7fb29db20940&gt;</skipped></testcase><testcase classname="src.pymortests.affine_grid" file="src/pymortests/affine_grid.py" line="124" name="test_volumes_wrong_arguments[&lt;lambda&gt;20]" time="0.00043702125549316406"><skipped message="Suite splitting in effect" type="pytest.skip">src/pymortests/affine_grid.py:124: &lt;py._xmlgen.raw object at 0x7fb2dcd27b70&gt;</skipped></testcase><testcase classname="src.pymortests.affine_grid" file="src/pymortests/affine_grid.py" line="124" name="test_volumes_wrong_arguments[&lt;lambda&gt;21]" time="0.00045299530029296875"><skipped message="Suite splitting in effect" type="pytest.skip">src/pymortests/affine_grid.py:124: &lt;py._xmlgen.raw object at 0x7fb29dad0400&gt;</skipped></testcase><testcase classname="src.pymortests.affine_grid" file="src/pymortests/affine_grid.py" line="124" name="test_volumes_wrong_arguments[&lt;lambda&gt;22]" time="0.0007493495941162109"><skipped message="Suite splitting in effect" type="pytest.skip">src/pymortests/affine_grid.py:124: &lt;py._xmlgen.raw object at 0x7fb29db16d68&gt;</skipped></testcase><testcase classname="src.pymortests.affine_grid" file="src/pymortests/affine_grid.py" line="124" name="test_volumes_wrong_arguments[&lt;lambda&gt;23]" time="0.00040078163146972656"><skipped message="Suite splitting in effect" type="pytest.skip">src/pymortests/affine_grid.py:124: &lt;py._xmlgen.raw object at 0x7fb2dcd37780&gt;</skipped></testcase><testcase classname="src.pymortests.affine_grid" file="src/pymortests/affine_grid.py" line="124" name="test_volumes_wrong_arguments[&lt;lambda&gt;24]" time="0.0004429817199707031"><skipped message="Suite splitting in effect" type="pytest.skip">src/pymortests/affine_grid.py:124: &lt;py._xmlgen.raw object at 0x7fb29db54e48&gt;</skipped></testcase><testcase classname="src.pymortests.affine_grid" file="src/pymortests/affine_grid.py" line="124" name="test_volumes_wrong_arguments[&lt;lambda&gt;25]" time="0.0004277229309082031"><skipped message="Suite splitting in effect" type="pytest.skip">src/pymortests/affine_grid.py:124: &lt;py._xmlgen.raw object at 0x7fb29db39a90&gt;</skipped></testcase><testcase classname="src.pymortests.affine_grid" file="src/pymortests/affine_grid.py" line="124" name="test_volumes_wrong_arguments[&lt;lambda&gt;26]" time="0.0004930496215820312"><skipped message="Suite splitting in effect" type="pytest.skip">src/pymortests/affine_grid.py:124: &lt;py._xmlgen.raw object at 0x7fb29db42978&gt;</skipped></testcase><testcase classname="src.pymortests.affine_grid" file="src/pymortests/affine_grid.py" line="124" name="test_volumes_wrong_arguments[&lt;lambda&gt;27]" time="0.0004394054412841797"><skipped message="Suite splitting in effect" type="pytest.skip">src/pymortests/affine_grid.py:124: &lt;py._xmlgen.raw object at 0x7fb29db42cf8&gt;</skipped></testcase><testcase classname="src.pymortests.affine_grid" file="src/pymortests/affine_grid.py" line="124" name="test_volumes_wrong_arguments[&lt;lambda&gt;28]" time="0.0004317760467529297"><skipped message="Suite splitting in effect" type="pytest.skip">src/pymortests/affine_grid.py:124: &lt;py._xmlgen.raw object at 0x7fb29dad00f0&gt;</skipped></testcase><testcase classname="src.pymortests.affine_grid" file="src/pymortests/affine_grid.py" line="124" name="test_volumes_wrong_arguments[&lt;lambda&gt;29]" time="0.00043773651123046875"><skipped message="Suite splitting in effect" type="pytest.skip">src/pymortests/affine_grid.py:124: &lt;py._xmlgen.raw object at 0x7fb29dad0940&gt;</skipped></testcase><testcase classname="src.pymortests.affine_grid" file="src/pymortests/affine_grid.py" line="124" name="test_volumes_wrong_arguments[&lt;lambda&gt;30]" time="0.0007910728454589844"><skipped message="Suite splitting in effect" type="pytest.skip">src/pymortests/affine_grid.py:124: &lt;py._xmlgen.raw object at 0x7fb29db42908&gt;</skipped></testcase><testcase classname="src.pymortests.affine_grid" file="src/pymortests/affine_grid.py" line="124" name="test_volumes_wrong_arguments[&lt;lambda&gt;31]" time="0.00043129920959472656"><skipped message="Suite splitting in effect" type="pytest.skip">src/pymortests/affine_grid.py:124: &lt;py._xmlgen.raw object at 0x7fb2dccdcd30&gt;</skipped></testcase><testcase classname="src.pymortests.affine_grid" file="src/pymortests/affine_grid.py" line="124" name="test_volumes_wrong_arguments[&lt;lambda&gt;32]" time="0.00044274330139160156"><skipped message="Suite splitting in effect" type="pytest.skip">src/pymortests/affine_grid.py:124: &lt;py._xmlgen.raw object at 0x7fb29db39ba8&gt;</skipped></testcase><testcase classname="src.pymortests.affine_grid" file="src/pymortests/affine_grid.py" line="124" name="test_volumes_wrong_arguments[&lt;lambda&gt;33]" time="0.0004177093505859375"><skipped message="Suite splitting in effect" type="pytest.skip">src/pymortests/affine_grid.py:124: &lt;py._xmlgen.raw object at 0x7fb29dbc3080&gt;</skipped></testcase><testcase classname="src.pymortests.affine_grid" file="src/pymortests/affine_grid.py" line="124" name="test_volumes_wrong_arguments[&lt;lambda&gt;34]" time="0.00041961669921875"><skipped message="Suite splitting in effect" type="pytest.skip">src/pymortests/affine_grid.py:124: &lt;py._xmlgen.raw object at 0x7fb29db207b8&gt;</skipped></testcase><testcase classname="src.pymortests.affine_grid" file="src/pymortests/affine_grid.py" line="124" name="test_volumes_wrong_arguments[&lt;lambda&gt;35]" time="0.0004494190216064453"><skipped message="Suite splitting in effect" type="pytest.skip">src/pymortests/affine_grid.py:124: &lt;py._xmlgen.raw object at 0x7fb29dad09e8&gt;</skipped></testcase><testcase classname="src.pymortests.affine_grid" file="src/pymortests/affine_grid.py" line="124" name="test_volumes_wrong_arguments[&lt;lambda&gt;36]" time="0.00041937828063964844"><skipped message="Suite splitting in effect" type="pytest.skip">src/pymortests/affine_grid.py:124: &lt;py._xmlgen.raw object at 0x7fb29dad0588&gt;</skipped></testcase><testcase classname="src.pymortests.affine_grid" file="src/pymortests/affine_grid.py" line="124" name="test_volumes_wrong_arguments[&lt;lambda&gt;37]" time="0.000423431396484375"><skipped message="Suite splitting in effect" type="pytest.skip">src/pymortests/affine_grid.py:124: &lt;py._xmlgen.raw object at 0x7fb29dad7240&gt;</skipped></testcase><testcase classname="src.pymortests.affine_grid" file="src/pymortests/affine_grid.py" line="124" name="test_volumes_wrong_arguments[&lt;lambda&gt;38]" time="0.00042748451232910156"><skipped message="Suite splitting in effect" type="pytest.skip">src/pymortests/affine_grid.py:124: &lt;py._xmlgen.raw object at 0x7fb29dad0f28&gt;</skipped></testcase><testcase classname="src.pymortests.affine_grid" file="src/pymortests/affine_grid.py" line="124" name="test_volumes_wrong_arguments[&lt;lambda&gt;39]" time="0.00043010711669921875"><skipped message="Suite splitting in effect" type="pytest.skip">src/pymortests/affine_grid.py:124: &lt;py._xmlgen.raw object at 0x7fb29dad06a0&gt;</skipped></testcase><testcase classname="src.pymortests.affine_grid" file="src/pymortests/affine_grid.py" line="124" name="test_volumes_wrong_arguments[&lt;lambda&gt;40]" time="0.0008006095886230469"><skipped message="Suite splitting in effect" type="pytest.skip">src/pymortests/affine_grid.py:124: &lt;py._xmlgen.raw object at 0x7fb29db207b8&gt;</skipped></testcase><testcase classname="src.pymortests.affine_grid" file="src/pymortests/affine_grid.py" line="124" name="test_volumes_wrong_arguments[&lt;lambda&gt;41]" time="0.00047397613525390625"><skipped message="Suite splitting in effect" type="pytest.skip">src/pymortests/affine_grid.py:124: &lt;py._xmlgen.raw object at 0x7fb29db54f98&gt;</skipped></testcase><testcase classname="src.pymortests.affine_grid" file="src/pymortests/affine_grid.py" line="124" name="test_volumes_wrong_arguments[&lt;lambda&gt;42]" time="0.0004172325134277344"><skipped message="Suite splitting in effect" type="pytest.skip">src/pymortests/affine_grid.py:124: &lt;py._xmlgen.raw object at 0x7fb2dccdce80&gt;</skipped></testcase><testcase classname="src.pymortests.affine_grid" file="src/pymortests/affine_grid.py" line="132" name="test_volumes_shape[&lt;lambda&gt;0]" time="0.0004150867462158203"><skipped message="Suite splitting in effect" type="pytest.skip">src/pymortests/affine_grid.py:132: &lt;py._xmlgen.raw object at 0x7fb29db42668&gt;</skipped></testcase><testcase classname="src.pymortests.affine_grid" file="src/pymortests/affine_grid.py" line="132" name="test_volumes_shape[&lt;lambda&gt;1]" time="0.0004048347473144531"><skipped message="Suite splitting in effect" type="pytest.skip">src/pymortests/affine_grid.py:132: &lt;py._xmlgen.raw object at 0x7fb29dad7048&gt;</skipped></testcase><testcase classname="src.pymortests.affine_grid" file="src/pymortests/affine_grid.py" line="132" name="test_volumes_shape[&lt;lambda&gt;2]" time="0.00040435791015625"><skipped message="Suite splitting in effect" type="pytest.skip">src/pymortests/affine_grid.py:132: &lt;py._xmlgen.raw object at 0x7fb29dad7b00&gt;</skipped></testcase><testcase classname="src.pymortests.affine_grid" file="src/pymortests/affine_grid.py" line="132" name="test_volumes_shape[&lt;lambda&gt;3]" time="0.000431060791015625"><skipped message="Suite splitting in effect" type="pytest.skip">src/pymortests/affine_grid.py:132: &lt;py._xmlgen.raw object at 0x7fb2dccdcdd8&gt;</skipped></testcase><testcase classname="src.pymortests.affine_grid" file="src/pymortests/affine_grid.py" line="132" name="test_volumes_shape[&lt;lambda&gt;4]" time="0.00041866302490234375"><skipped message="Suite splitting in effect" type="pytest.skip">src/pymortests/affine_grid.py:132: &lt;py._xmlgen.raw object at 0x7fb2dcd48fd0&gt;</skipped></testcase><testcase classname="src.pymortests.affine_grid" file="src/pymortests/affine_grid.py" line="132" name="test_volumes_shape[&lt;lambda&gt;5]" time="0.0003924369812011719"><skipped message="Suite splitting in effect" type="pytest.skip">src/pymortests/affine_grid.py:132: &lt;py._xmlgen.raw object at 0x7fb29dad7be0&gt;</skipped></testcase><testcase classname="src.pymortests.affine_grid" file="src/pymortests/affine_grid.py" line="132" name="test_volumes_shape[&lt;lambda&gt;6]" time="0.00038743019104003906"><skipped message="Suite splitting in effect" type="pytest.skip">src/pymortests/affine_grid.py:132: &lt;py._xmlgen.raw object at 0x7fb29dad7390&gt;</skipped></testcase><testcase classname="src.pymortests.affine_grid" file="src/pymortests/affine_grid.py" line="132" name="test_volumes_shape[&lt;lambda&gt;7]" time="0.0004203319549560547"><skipped message="Suite splitting in effect" type="pytest.skip">src/pymortests/affine_grid.py:132: &lt;py._xmlgen.raw object at 0x7fb29dad0518&gt;</skipped></testcase><testcase classname="src.pymortests.affine_grid" file="src/pymortests/affine_grid.py" line="132" name="test_volumes_shape[&lt;lambda&gt;8]" time="0.00042939186096191406"><skipped message="Suite splitting in effect" type="pytest.skip">src/pymortests/affine_grid.py:132: &lt;py._xmlgen.raw object at 0x7fb29dad0f28&gt;</skipped></testcase><testcase classname="src.pymortests.affine_grid" file="src/pymortests/affine_grid.py" line="132" name="test_volumes_shape[&lt;lambda&gt;9]" time="0.0004019737243652344"><skipped message="Suite splitting in effect" type="pytest.skip">src/pymortests/affine_grid.py:132: &lt;py._xmlgen.raw object at 0x7fb29db42630&gt;</skipped></testcase><testcase classname="src.pymortests.affine_grid" file="src/pymortests/affine_grid.py" line="132" name="test_volumes_shape[&lt;lambda&gt;10]" time="0.00039696693420410156"><skipped message="Suite splitting in effect" type="pytest.skip">src/pymortests/affine_grid.py:132: &lt;py._xmlgen.raw object at 0x7fb29db42390&gt;</skipped></testcase><testcase classname="src.pymortests.affine_grid" file="src/pymortests/affine_grid.py" line="132" name="test_volumes_shape[&lt;lambda&gt;11]" time="0.0004229545593261719"><skipped message="Suite splitting in effect" type="pytest.skip">src/pymortests/affine_grid.py:132: &lt;py._xmlgen.raw object at 0x7fb29db39eb8&gt;</skipped></testcase><testcase classname="src.pymortests.affine_grid" file="src/pymortests/affine_grid.py" line="132" name="test_volumes_shape[&lt;lambda&gt;12]" time="0.0007388591766357422"><skipped message="Suite splitting in effect" type="pytest.skip">src/pymortests/affine_grid.py:132: &lt;py._xmlgen.raw object at 0x7fb29db42d30&gt;</skipped></testcase><testcase classname="src.pymortests.affine_grid" file="src/pymortests/affine_grid.py" line="132" name="test_volumes_shape[&lt;lambda&gt;13]" time="0.0004146099090576172"><skipped message="Suite splitting in effect" type="pytest.skip">src/pymortests/affine_grid.py:132: &lt;py._xmlgen.raw object at 0x7fb29dad0208&gt;</skipped></testcase><testcase classname="src.pymortests.affine_grid" file="src/pymortests/affine_grid.py" line="132" name="test_volumes_shape[&lt;lambda&gt;14]" time="0.0003979206085205078"><skipped message="Suite splitting in effect" type="pytest.skip">src/pymortests/affine_grid.py:132: &lt;py._xmlgen.raw object at 0x7fb2e246fe48&gt;</skipped></testcase><testcase classname="src.pymortests.affine_grid" file="src/pymortests/affine_grid.py" line="132" name="test_volumes_shape[&lt;lambda&gt;15]" time="0.0003924369812011719"><skipped message="Suite splitting in effect" type="pytest.skip">src/pymortests/affine_grid.py:132: &lt;py._xmlgen.raw object at 0x7fb29dad7630&gt;</skipped></testcase><testcase classname="src.pymortests.affine_grid" file="src/pymortests/affine_grid.py" line="132" name="test_volumes_shape[&lt;lambda&gt;16]" time="0.00037932395935058594"><skipped message="Suite splitting in effect" type="pytest.skip">src/pymortests/affine_grid.py:132: &lt;py._xmlgen.raw object at 0x7fb29dad7710&gt;</skipped></testcase><testcase classname="src.pymortests.affine_grid" file="src/pymortests/affine_grid.py" line="132" name="test_volumes_shape[&lt;lambda&gt;17]" time="0.0003859996795654297"><skipped message="Suite splitting in effect" type="pytest.skip">src/pymortests/affine_grid.py:132: &lt;py._xmlgen.raw object at 0x7fb2dcd48f28&gt;</skipped></testcase><testcase classname="src.pymortests.affine_grid" file="src/pymortests/affine_grid.py" line="132" name="test_volumes_shape[&lt;lambda&gt;18]" time="0.0004336833953857422"><skipped message="Suite splitting in effect" type="pytest.skip">src/pymortests/affine_grid.py:132: &lt;py._xmlgen.raw object at 0x7fb29db397b8&gt;</skipped></testcase><testcase classname="src.pymortests.affine_grid" file="src/pymortests/affine_grid.py" line="132" name="test_volumes_shape[&lt;lambda&gt;19]" time="0.00039196014404296875"><skipped message="Suite splitting in effect" type="pytest.skip">src/pymortests/affine_grid.py:132: &lt;py._xmlgen.raw object at 0x7fb29db2c080&gt;</skipped></testcase><testcase classname="src.pymortests.affine_grid" file="src/pymortests/affine_grid.py" line="132" name="test_volumes_shape[&lt;lambda&gt;20]" time="0.0007307529449462891"><skipped message="Suite splitting in effect" type="pytest.skip">src/pymortests/affine_grid.py:132: &lt;py._xmlgen.raw object at 0x7fb29db2c080&gt;</skipped></testcase><testcase classname="src.pymortests.affine_grid" file="src/pymortests/affine_grid.py" line="132" name="test_volumes_shape[&lt;lambda&gt;21]" time="0.0003795623779296875"><skipped message="Suite splitting in effect" type="pytest.skip">src/pymortests/affine_grid.py:132: &lt;py._xmlgen.raw object at 0x7fb2dccdc400&gt;</skipped></testcase><testcase classname="src.pymortests.affine_grid" file="src/pymortests/affine_grid.py" line="132" name="test_volumes_shape[&lt;lambda&gt;22]" time="0.0004191398620605469"><skipped message="Suite splitting in effect" type="pytest.skip">src/pymortests/affine_grid.py:132: &lt;py._xmlgen.raw object at 0x7fb2dcd01c50&gt;</skipped></testcase><testcase classname="src.pymortests.affine_grid" file="src/pymortests/affine_grid.py" line="132" name="test_volumes_shape[&lt;lambda&gt;23]" time="0.00041747093200683594"><skipped message="Suite splitting in effect" type="pytest.skip">src/pymortests/affine_grid.py:132: &lt;py._xmlgen.raw object at 0x7fb29dad77f0&gt;</skipped></testcase><testcase classname="src.pymortests.affine_grid" file="src/pymortests/affine_grid.py" line="132" name="test_volumes_shape[&lt;lambda&gt;24]" time="0.00038743019104003906"><skipped message="Suite splitting in effect" type="pytest.skip">src/pymortests/affine_grid.py:132: &lt;py._xmlgen.raw object at 0x7fb2dccec4a8&gt;</skipped></testcase><testcase classname="src.pymortests.affine_grid" file="src/pymortests/affine_grid.py" line="132" name="test_volumes_shape[&lt;lambda&gt;25]" time="0.0004124641418457031"><skipped message="Suite splitting in effect" type="pytest.skip">src/pymortests/affine_grid.py:132: &lt;py._xmlgen.raw object at 0x7fb29dad0278&gt;</skipped></testcase><testcase classname="src.pymortests.affine_grid" file="src/pymortests/affine_grid.py" line="132" name="test_volumes_shape[&lt;lambda&gt;26]" time="0.00042557716369628906"><skipped message="Suite splitting in effect" type="pytest.skip">src/pymortests/affine_grid.py:132: &lt;py._xmlgen.raw object at 0x7fb29db42470&gt;</skipped></testcase><testcase classname="src.pymortests.affine_grid" file="src/pymortests/affine_grid.py" line="132" name="test_volumes_shape[&lt;lambda&gt;27]" time="0.0003876686096191406"><skipped message="Suite splitting in effect" type="pytest.skip">src/pymortests/affine_grid.py:132: &lt;py._xmlgen.raw object at 0x7fb2e2496630&gt;</skipped></testcase><testcase classname="src.pymortests.affine_grid" file="src/pymortests/affine_grid.py" line="132" name="test_volumes_shape[&lt;lambda&gt;28]" time="0.0008072853088378906"><skipped message="Suite splitting in effect" type="pytest.skip">src/pymortests/affine_grid.py:132: &lt;py._xmlgen.raw object at 0x7fb29dae73c8&gt;</skipped></testcase><testcase classname="src.pymortests.affine_grid" file="src/pymortests/affine_grid.py" line="132" name="test_volumes_shape[&lt;lambda&gt;29]" time="0.0005061626434326172"><skipped message="Suite splitting in effect" type="pytest.skip">src/pymortests/affine_grid.py:132: &lt;py._xmlgen.raw object at 0x7fb29db425f8&gt;</skipped></testcase><testcase classname="src.pymortests.affine_grid" file="src/pymortests/affine_grid.py" line="132" name="test_volumes_shape[&lt;lambda&gt;30]" time="0.00039505958557128906"><skipped message="Suite splitting in effect" type="pytest.skip">src/pymortests/affine_grid.py:132: &lt;py._xmlgen.raw object at 0x7fb29dad0da0&gt;</skipped></testcase><testcase classname="src.pymortests.affine_grid" file="src/pymortests/affine_grid.py" line="132" name="test_volumes_shape[&lt;lambda&gt;31]" time="0.0004265308380126953"><skipped message="Suite splitting in effect" type="pytest.skip">src/pymortests/affine_grid.py:132: &lt;py._xmlgen.raw object at 0x7fb2dcd13128&gt;</skipped></testcase><testcase classname="src.pymortests.affine_grid" file="src/pymortests/affine_grid.py" line="132" name="test_volumes_shape[&lt;lambda&gt;32]" time="0.00041794776916503906"><skipped message="Suite splitting in effect" type="pytest.skip">src/pymortests/affine_grid.py:132: &lt;py._xmlgen.raw object at 0x7fb29dad7048&gt;</skipped></testcase><testcase classname="src.pymortests.affine_grid" file="src/pymortests/affine_grid.py" line="132" name="test_volumes_shape[&lt;lambda&gt;33]" time="0.00039005279541015625"><skipped message="Suite splitting in effect" type="pytest.skip">src/pymortests/affine_grid.py:132: &lt;py._xmlgen.raw object at 0x7fb2dcd01da0&gt;</skipped></testcase><testcase classname="src.pymortests.affine_grid" file="src/pymortests/affine_grid.py" line="132" name="test_volumes_shape[&lt;lambda&gt;34]" time="0.0004930496215820312"><skipped message="Suite splitting in effect" type="pytest.skip">src/pymortests/affine_grid.py:132: &lt;py._xmlgen.raw object at 0x7fb29db39908&gt;</skipped></testcase><testcase classname="src.pymortests.affine_grid" file="src/pymortests/affine_grid.py" line="132" name="test_volumes_shape[&lt;lambda&gt;35]" time="0.00042057037353515625"><skipped message="Suite splitting in effect" type="pytest.skip">src/pymortests/affine_grid.py:132: &lt;py._xmlgen.raw object at 0x7fb29dae7278&gt;</skipped></testcase><testcase classname="src.pymortests.affine_grid" file="src/pymortests/affine_grid.py" line="132" name="test_volumes_shape[&lt;lambda&gt;36]" time="0.0007314682006835938"><skipped message="Suite splitting in effect" type="pytest.skip">src/pymortests/affine_grid.py:132: &lt;py._xmlgen.raw object at 0x7fb29dae7908&gt;</skipped></testcase><testcase classname="src.pymortests.affine_grid" file="src/pymortests/affine_grid.py" line="132" name="test_volumes_shape[&lt;lambda&gt;37]" time="0.0004305839538574219"><skipped message="Suite splitting in effect" type="pytest.skip">src/pymortests/affine_grid.py:132: &lt;py._xmlgen.raw object at 0x7fb29db39828&gt;</skipped></testcase><testcase classname="src.pymortests.affine_grid" file="src/pymortests/affine_grid.py" line="132" name="test_volumes_shape[&lt;lambda&gt;38]" time="0.0003795623779296875"><skipped message="Suite splitting in effect" type="pytest.skip">src/pymortests/affine_grid.py:132: &lt;py._xmlgen.raw object at 0x7fb29dad77b8&gt;</skipped></testcase><testcase classname="src.pymortests.affine_grid" file="src/pymortests/affine_grid.py" line="132" name="test_volumes_shape[&lt;lambda&gt;39]" time="0.0004055500030517578"><skipped message="Suite splitting in effect" type="pytest.skip">src/pymortests/affine_grid.py:132: &lt;py._xmlgen.raw object at 0x7fb2dccec4a8&gt;</skipped></testcase><testcase classname="src.pymortests.affine_grid" file="src/pymortests/affine_grid.py" line="132" name="test_volumes_shape[&lt;lambda&gt;40]" time="0.0004291534423828125"><skipped message="Suite splitting in effect" type="pytest.skip">src/pymortests/affine_grid.py:132: &lt;py._xmlgen.raw object at 0x7fb29dad07f0&gt;</skipped></testcase><testcase classname="src.pymortests.affine_grid" file="src/pymortests/affine_grid.py" line="132" name="test_volumes_shape[&lt;lambda&gt;41]" time="0.00041747093200683594"><skipped message="Suite splitting in effect" type="pytest.skip">src/pymortests/affine_grid.py:132: &lt;py._xmlgen.raw object at 0x7fb29db420b8&gt;</skipped></testcase><testcase classname="src.pymortests.affine_grid" file="src/pymortests/affine_grid.py" line="132" name="test_volumes_shape[&lt;lambda&gt;42]" time="0.0003960132598876953"><skipped message="Suite splitting in effect" type="pytest.skip">src/pymortests/affine_grid.py:132: &lt;py._xmlgen.raw object at 0x7fb29dae7a20&gt;</skipped></testcase><testcase classname="src.pymortests.affine_grid" file="src/pymortests/affine_grid.py" line="138" name="test_volumes_values[&lt;lambda&gt;0]" time="0.000396728515625"><skipped message="Suite splitting in effect" type="pytest.skip">src/pymortests/affine_grid.py:138: &lt;py._xmlgen.raw object at 0x7fb29dae7048&gt;</skipped></testcase><testcase classname="src.pymortests.affine_grid" file="src/pymortests/affine_grid.py" line="138" name="test_volumes_values[&lt;lambda&gt;1]" time="0.0004279613494873047"><skipped message="Suite splitting in effect" type="pytest.skip">src/pymortests/affine_grid.py:138: &lt;py._xmlgen.raw object at 0x7fb29dae7f28&gt;</skipped></testcase><testcase classname="src.pymortests.affine_grid" file="src/pymortests/affine_grid.py" line="138" name="test_volumes_values[&lt;lambda&gt;2]" time="0.00043654441833496094"><skipped message="Suite splitting in effect" type="pytest.skip">src/pymortests/affine_grid.py:138: &lt;py._xmlgen.raw object at 0x7fb29dae7ac8&gt;</skipped></testcase><testcase classname="src.pymortests.affine_grid" file="src/pymortests/affine_grid.py" line="138" name="test_volumes_values[&lt;lambda&gt;3]" time="0.00041556358337402344"><skipped message="Suite splitting in effect" type="pytest.skip">src/pymortests/affine_grid.py:138: &lt;py._xmlgen.raw object at 0x7fb29db16390&gt;</skipped></testcase><testcase classname="src.pymortests.affine_grid" file="src/pymortests/affine_grid.py" line="138" name="test_volumes_values[&lt;lambda&gt;4]" time="0.0003783702850341797"><skipped message="Suite splitting in effect" type="pytest.skip">src/pymortests/affine_grid.py:138: &lt;py._xmlgen.raw object at 0x7fb29dad0748&gt;</skipped></testcase><testcase classname="src.pymortests.affine_grid" file="src/pymortests/affine_grid.py" line="138" name="test_volumes_values[&lt;lambda&gt;5]" time="0.00042247772216796875"><skipped message="Suite splitting in effect" type="pytest.skip">src/pymortests/affine_grid.py:138: &lt;py._xmlgen.raw object at 0x7fb2dcd13cf8&gt;</skipped></testcase><testcase classname="src.pymortests.affine_grid" file="src/pymortests/affine_grid.py" line="138" name="test_volumes_values[&lt;lambda&gt;6]" time="0.0004184246063232422"><skipped message="Suite splitting in effect" type="pytest.skip">src/pymortests/affine_grid.py:138: &lt;py._xmlgen.raw object at 0x7fb29dad7668&gt;</skipped></testcase><testcase classname="src.pymortests.affine_grid" file="src/pymortests/affine_grid.py" line="138" name="test_volumes_values[&lt;lambda&gt;7]" time="0.00038814544677734375"><skipped message="Suite splitting in effect" type="pytest.skip">src/pymortests/affine_grid.py:138: &lt;py._xmlgen.raw object at 0x7fb2dcd01fd0&gt;</skipped></testcase><testcase classname="src.pymortests.affine_grid" file="src/pymortests/affine_grid.py" line="138" name="test_volumes_values[&lt;lambda&gt;8]" time="0.00041794776916503906"><skipped message="Suite splitting in effect" type="pytest.skip">src/pymortests/affine_grid.py:138: &lt;py._xmlgen.raw object at 0x7fb29db39860&gt;</skipped></testcase><testcase classname="src.pymortests.affine_grid" file="src/pymortests/affine_grid.py" line="138" name="test_volumes_values[&lt;lambda&gt;9]" time="0.0004036426544189453"><skipped message="Suite splitting in effect" type="pytest.skip">src/pymortests/affine_grid.py:138: &lt;py._xmlgen.raw object at 0x7fb29daf1470&gt;</skipped></testcase><testcase classname="src.pymortests.affine_grid" file="src/pymortests/affine_grid.py" line="138" name="test_volumes_values[&lt;lambda&gt;10]" time="0.0007302761077880859"><skipped message="Suite splitting in effect" type="pytest.skip">src/pymortests/affine_grid.py:138: &lt;py._xmlgen.raw object at 0x7fb29db39828&gt;</skipped></testcase><testcase classname="src.pymortests.affine_grid" file="src/pymortests/affine_grid.py" line="138" name="test_volumes_values[&lt;lambda&gt;11]" time="0.0004184246063232422"><skipped message="Suite splitting in effect" type="pytest.skip">src/pymortests/affine_grid.py:138: &lt;py._xmlgen.raw object at 0x7fb29dad7668&gt;</skipped></testcase><testcase classname="src.pymortests.affine_grid" file="src/pymortests/affine_grid.py" line="138" name="test_volumes_values[&lt;lambda&gt;12]" time="0.0003905296325683594"><skipped message="Suite splitting in effect" type="pytest.skip">src/pymortests/affine_grid.py:138: &lt;py._xmlgen.raw object at 0x7fb2e246fef0&gt;</skipped></testcase><testcase classname="src.pymortests.affine_grid" file="src/pymortests/affine_grid.py" line="138" name="test_volumes_values[&lt;lambda&gt;13]" time="0.0004134178161621094"><skipped message="Suite splitting in effect" type="pytest.skip">src/pymortests/affine_grid.py:138: &lt;py._xmlgen.raw object at 0x7fb29dad05c0&gt;</skipped></testcase><testcase classname="src.pymortests.affine_grid" file="src/pymortests/affine_grid.py" line="138" name="test_volumes_values[&lt;lambda&gt;14]" time="0.00042366981506347656"><skipped message="Suite splitting in effect" type="pytest.skip">src/pymortests/affine_grid.py:138: &lt;py._xmlgen.raw object at 0x7fb29dae75f8&gt;</skipped></testcase><testcase classname="src.pymortests.affine_grid" file="src/pymortests/affine_grid.py" line="138" name="test_volumes_values[&lt;lambda&gt;15]" time="0.00038886070251464844"><skipped message="Suite splitting in effect" type="pytest.skip">src/pymortests/affine_grid.py:138: &lt;py._xmlgen.raw object at 0x7fb29dae7c18&gt;</skipped></testcase><testcase classname="src.pymortests.affine_grid" file="src/pymortests/affine_grid.py" line="138" name="test_volumes_values[&lt;lambda&gt;16]" time="0.0004165172576904297"><skipped message="Suite splitting in effect" type="pytest.skip">src/pymortests/affine_grid.py:138: &lt;py._xmlgen.raw object at 0x7fb29daf1198&gt;</skipped></testcase><testcase classname="src.pymortests.affine_grid" file="src/pymortests/affine_grid.py" line="138" name="test_volumes_values[&lt;lambda&gt;17]" time="0.0004107952117919922"><skipped message="Suite splitting in effect" type="pytest.skip">src/pymortests/affine_grid.py:138: &lt;py._xmlgen.raw object at 0x7fb29daf19b0&gt;</skipped></testcase><testcase classname="src.pymortests.affine_grid" file="src/pymortests/affine_grid.py" line="138" name="test_volumes_values[&lt;lambda&gt;18]" time="0.0007236003875732422"><skipped message="Suite splitting in effect" type="pytest.skip">src/pymortests/affine_grid.py:138: &lt;py._xmlgen.raw object at 0x7fb29dae7828&gt;</skipped></testcase><testcase classname="src.pymortests.affine_grid" file="src/pymortests/affine_grid.py" line="138" name="test_volumes_values[&lt;lambda&gt;19]" time="0.0003795623779296875"><skipped message="Suite splitting in effect" type="pytest.skip">src/pymortests/affine_grid.py:138: &lt;py._xmlgen.raw object at 0x7fb29db16d68&gt;</skipped></testcase><testcase classname="src.pymortests.affine_grid" file="src/pymortests/affine_grid.py" line="138" name="test_volumes_values[&lt;lambda&gt;20]" time="0.0003879070281982422"><skipped message="Suite splitting in effect" type="pytest.skip">src/pymortests/affine_grid.py:138: &lt;py._xmlgen.raw object at 0x7fb29dad0c50&gt;</skipped></testcase><testcase classname="src.pymortests.affine_grid" file="src/pymortests/affine_grid.py" line="138" name="test_volumes_values[&lt;lambda&gt;21]" time="0.0004105567932128906"><skipped message="Suite splitting in effect" type="pytest.skip">src/pymortests/affine_grid.py:138: &lt;py._xmlgen.raw object at 0x7fb2dcd13ba8&gt;</skipped></testcase><testcase classname="src.pymortests.affine_grid" file="src/pymortests/affine_grid.py" line="138" name="test_volumes_values[&lt;lambda&gt;22]" time="0.0003859996795654297"><skipped message="Suite splitting in effect" type="pytest.skip">src/pymortests/affine_grid.py:138: &lt;py._xmlgen.raw object at 0x7fb2dcd015c0&gt;</skipped></testcase><testcase classname="src.pymortests.affine_grid" file="src/pymortests/affine_grid.py" line="138" name="test_volumes_values[&lt;lambda&gt;23]" time="0.00040793418884277344"><skipped message="Suite splitting in effect" type="pytest.skip">src/pymortests/affine_grid.py:138: &lt;py._xmlgen.raw object at 0x7fb29daf19e8&gt;</skipped></testcase><testcase classname="src.pymortests.affine_grid" file="src/pymortests/affine_grid.py" line="138" name="test_volumes_values[&lt;lambda&gt;24]" time="0.0003829002380371094"><skipped message="Suite splitting in effect" type="pytest.skip">src/pymortests/affine_grid.py:138: &lt;py._xmlgen.raw object at 0x7fb29daf1668&gt;</skipped></testcase><testcase classname="src.pymortests.affine_grid" file="src/pymortests/affine_grid.py" line="138" name="test_volumes_values[&lt;lambda&gt;25]" time="0.0003917217254638672"><skipped message="Suite splitting in effect" type="pytest.skip">src/pymortests/affine_grid.py:138: &lt;py._xmlgen.raw object at 0x7fb29dafa2b0&gt;</skipped></testcase><testcase classname="src.pymortests.affine_grid" file="src/pymortests/affine_grid.py" line="138" name="test_volumes_values[&lt;lambda&gt;26]" time="0.0007092952728271484"><skipped message="Suite splitting in effect" type="pytest.skip">src/pymortests/affine_grid.py:138: &lt;py._xmlgen.raw object at 0x7fb29dafa7f0&gt;</skipped></testcase><testcase classname="src.pymortests.affine_grid" file="src/pymortests/affine_grid.py" line="138" name="test_volumes_values[&lt;lambda&gt;27]" time="0.0003859996795654297"><skipped message="Suite splitting in effect" type="pytest.skip">src/pymortests/affine_grid.py:138: &lt;py._xmlgen.raw object at 0x7fb29daf1898&gt;</skipped></testcase><testcase classname="src.pymortests.affine_grid" file="src/pymortests/affine_grid.py" line="138" name="test_volumes_values[&lt;lambda&gt;28]" time="0.00041174888610839844"><skipped message="Suite splitting in effect" type="pytest.skip">src/pymortests/affine_grid.py:138: &lt;py._xmlgen.raw object at 0x7fb2dccec208&gt;</skipped></testcase><testcase classname="src.pymortests.affine_grid" file="src/pymortests/affine_grid.py" line="138" name="test_volumes_values[&lt;lambda&gt;29]" time="0.0004162788391113281"><skipped message="Suite splitting in effect" type="pytest.skip">src/pymortests/affine_grid.py:138: &lt;py._xmlgen.raw object at 0x7fb2e246fef0&gt;</skipped></testcase><testcase classname="src.pymortests.affine_grid" file="src/pymortests/affine_grid.py" line="138" name="test_volumes_values[&lt;lambda&gt;30]" time="0.0004086494445800781"><skipped message="Suite splitting in effect" type="pytest.skip">src/pymortests/affine_grid.py:138: &lt;py._xmlgen.raw object at 0x7fb29db420b8&gt;</skipped></testcase><testcase classname="src.pymortests.affine_grid" file="src/pymortests/affine_grid.py" line="138" name="test_volumes_values[&lt;lambda&gt;31]" time="0.000400543212890625"><skipped message="Suite splitting in effect" type="pytest.skip">src/pymortests/affine_grid.py:138: &lt;py._xmlgen.raw object at 0x7fb29dae77b8&gt;</skipped></testcase><testcase classname="src.pymortests.affine_grid" file="src/pymortests/affine_grid.py" line="138" name="test_volumes_values[&lt;lambda&gt;32]" time="0.00041413307189941406"><skipped message="Suite splitting in effect" type="pytest.skip">src/pymortests/affine_grid.py:138: &lt;py._xmlgen.raw object at 0x7fb29dafa400&gt;</skipped></testcase><testcase classname="src.pymortests.affine_grid" file="src/pymortests/affine_grid.py" line="138" name="test_volumes_values[&lt;lambda&gt;33]" time="0.0004200935363769531"><skipped message="Suite splitting in effect" type="pytest.skip">src/pymortests/affine_grid.py:138: &lt;py._xmlgen.raw object at 0x7fb29dafa128&gt;</skipped></testcase><testcase classname="src.pymortests.affine_grid" file="src/pymortests/affine_grid.py" line="138" name="test_volumes_values[&lt;lambda&gt;34]" time="0.0007357597351074219"><skipped message="Suite splitting in effect" type="pytest.skip">src/pymortests/affine_grid.py:138: &lt;py._xmlgen.raw object at 0x7fb29dafad30&gt;</skipped></testcase><testcase classname="src.pymortests.affine_grid" file="src/pymortests/affine_grid.py" line="138" name="test_volumes_values[&lt;lambda&gt;35]" time="0.0004620552062988281"><skipped message="Suite splitting in effect" type="pytest.skip">src/pymortests/affine_grid.py:138: &lt;py._xmlgen.raw object at 0x7fb2dcca1e10&gt;</skipped></testcase><testcase classname="src.pymortests.affine_grid" file="src/pymortests/affine_grid.py" line="138" name="test_volumes_values[&lt;lambda&gt;36]" time="0.0004544258117675781"><skipped message="Suite splitting in effect" type="pytest.skip">src/pymortests/affine_grid.py:138: &lt;py._xmlgen.raw object at 0x7fb2dccb4240&gt;</skipped></testcase><testcase classname="src.pymortests.affine_grid" file="src/pymortests/affine_grid.py" line="138" name="test_volumes_values[&lt;lambda&gt;37]" time="0.0005109310150146484"><skipped message="Suite splitting in effect" type="pytest.skip">src/pymortests/affine_grid.py:138: &lt;py._xmlgen.raw object at 0x7fb2dcd13710&gt;</skipped></testcase><testcase classname="src.pymortests.affine_grid" file="src/pymortests/affine_grid.py" line="138" name="test_volumes_values[&lt;lambda&gt;38]" time="0.00047588348388671875"><skipped message="Suite splitting in effect" type="pytest.skip">src/pymortests/affine_grid.py:138: &lt;py._xmlgen.raw object at 0x7fb29daf1828&gt;</skipped></testcase><testcase classname="src.pymortests.affine_grid" file="src/pymortests/affine_grid.py" line="138" name="test_volumes_values[&lt;lambda&gt;39]" time="0.00043845176696777344"><skipped message="Suite splitting in effect" type="pytest.skip">src/pymortests/affine_grid.py:138: &lt;py._xmlgen.raw object at 0x7fb29daf1048&gt;</skipped></testcase><testcase classname="src.pymortests.affine_grid" file="src/pymortests/affine_grid.py" line="138" name="test_volumes_values[&lt;lambda&gt;40]" time="0.0004208087921142578"><skipped message="Suite splitting in effect" type="pytest.skip">src/pymortests/affine_grid.py:138: &lt;py._xmlgen.raw object at 0x7fb29dafab00&gt;</skipped></testcase><testcase classname="src.pymortests.affine_grid" file="src/pymortests/affine_grid.py" line="138" name="test_volumes_values[&lt;lambda&gt;41]" time="0.0003979206085205078"><skipped message="Suite splitting in effect" type="pytest.skip">src/pymortests/affine_grid.py:138: &lt;py._xmlgen.raw object at 0x7fb29dafa588&gt;</skipped></testcase><testcase classname="src.pymortests.affine_grid" file="src/pymortests/affine_grid.py" line="138" name="test_volumes_values[&lt;lambda&gt;42]" time="0.0004189014434814453"><skipped message="Suite splitting in effect" type="pytest.skip">src/pymortests/affine_grid.py:138: &lt;py._xmlgen.raw object at 0x7fb29db05390&gt;</skipped></testcase><testcase classname="src.pymortests.affine_grid" file="src/pymortests/affine_grid.py" line="146" name="test_volumes_inverse_wrong_arguments[&lt;lambda&gt;0]" time="0.0003941059112548828"><skipped message="Suite splitting in effect" type="pytest.skip">src/pymortests/affine_grid.py:146: &lt;py._xmlgen.raw object at 0x7fb29dafa358&gt;</skipped></testcase><testcase classname="src.pymortests.affine_grid" file="src/pymortests/affine_grid.py" line="146" name="test_volumes_inverse_wrong_arguments[&lt;lambda&gt;1]" time="0.0006093978881835938"><skipped message="Suite splitting in effect" type="pytest.skip">src/pymortests/affine_grid.py:146: &lt;py._xmlgen.raw object at 0x7fb29daf1518&gt;</skipped></testcase><testcase classname="src.pymortests.affine_grid" file="src/pymortests/affine_grid.py" line="146" name="test_volumes_inverse_wrong_arguments[&lt;lambda&gt;2]" time="0.00042176246643066406"><skipped message="Suite splitting in effect" type="pytest.skip">src/pymortests/affine_grid.py:146: &lt;py._xmlgen.raw object at 0x7fb2dccec0b8&gt;</skipped></testcase><testcase classname="src.pymortests.affine_grid" file="src/pymortests/affine_grid.py" line="146" name="test_volumes_inverse_wrong_arguments[&lt;lambda&gt;3]" time="0.0004279613494873047"><skipped message="Suite splitting in effect" type="pytest.skip">src/pymortests/affine_grid.py:146: &lt;py._xmlgen.raw object at 0x7fb2dcd01c50&gt;</skipped></testcase><testcase classname="src.pymortests.affine_grid" file="src/pymortests/affine_grid.py" line="146" name="test_volumes_inverse_wrong_arguments[&lt;lambda&gt;4]" time="0.0003910064697265625"><skipped message="Suite splitting in effect" type="pytest.skip">src/pymortests/affine_grid.py:146: &lt;py._xmlgen.raw object at 0x7fb2dccb4fd0&gt;</skipped></testcase><testcase classname="src.pymortests.affine_grid" file="src/pymortests/affine_grid.py" line="146" name="test_volumes_inverse_wrong_arguments[&lt;lambda&gt;5]" time="0.0004222393035888672"><skipped message="Suite splitting in effect" type="pytest.skip">src/pymortests/affine_grid.py:146: &lt;py._xmlgen.raw object at 0x7fb29dae7588&gt;</skipped></testcase><testcase classname="src.pymortests.affine_grid" file="src/pymortests/affine_grid.py" line="146" name="test_volumes_inverse_wrong_arguments[&lt;lambda&gt;6]" time="0.00042748451232910156"><skipped message="Suite splitting in effect" type="pytest.skip">src/pymortests/affine_grid.py:146: &lt;py._xmlgen.raw object at 0x7fb29db050f0&gt;</skipped></testcase><testcase classname="src.pymortests.affine_grid" file="src/pymortests/affine_grid.py" line="146" name="test_volumes_inverse_wrong_arguments[&lt;lambda&gt;7]" time="0.0003910064697265625"><skipped message="Suite splitting in effect" type="pytest.skip">src/pymortests/affine_grid.py:146: &lt;py._xmlgen.raw object at 0x7fb29db05898&gt;</skipped></testcase><testcase classname="src.pymortests.affine_grid" file="src/pymortests/affine_grid.py" line="146" name="test_volumes_inverse_wrong_arguments[&lt;lambda&gt;8]" time="0.0004031658172607422"><skipped message="Suite splitting in effect" type="pytest.skip">src/pymortests/affine_grid.py:146: &lt;py._xmlgen.raw object at 0x7fb2dccc4198&gt;</skipped></testcase><testcase classname="src.pymortests.affine_grid" file="src/pymortests/affine_grid.py" line="146" name="test_volumes_inverse_wrong_arguments[&lt;lambda&gt;9]" time="0.00038623809814453125"><skipped message="Suite splitting in effect" type="pytest.skip">src/pymortests/affine_grid.py:146: &lt;py._xmlgen.raw object at 0x7fb29dad0da0&gt;</skipped></testcase><testcase classname="src.pymortests.affine_grid" file="src/pymortests/affine_grid.py" line="146" name="test_volumes_inverse_wrong_arguments[&lt;lambda&gt;10]" time="0.00041675567626953125"><skipped message="Suite splitting in effect" type="pytest.skip">src/pymortests/affine_grid.py:146: &lt;py._xmlgen.raw object at 0x7fb2dccec0b8&gt;</skipped></testcase><testcase classname="src.pymortests.affine_grid" file="src/pymortests/affine_grid.py" line="146" name="test_volumes_inverse_wrong_arguments[&lt;lambda&gt;11]" time="0.0003864765167236328"><skipped message="Suite splitting in effect" type="pytest.skip">src/pymortests/affine_grid.py:146: &lt;py._xmlgen.raw object at 0x7fb2dcc597f0&gt;</skipped></testcase><testcase classname="src.pymortests.affine_grid" file="src/pymortests/affine_grid.py" line="146" name="test_volumes_inverse_wrong_arguments[&lt;lambda&gt;12]" time="0.00039005279541015625"><skipped message="Suite splitting in effect" type="pytest.skip">src/pymortests/affine_grid.py:146: &lt;py._xmlgen.raw object at 0x7fb29dafaa20&gt;</skipped></testcase><testcase classname="src.pymortests.affine_grid" file="src/pymortests/affine_grid.py" line="146" name="test_volumes_inverse_wrong_arguments[&lt;lambda&gt;13]" time="0.0004165172576904297"><skipped message="Suite splitting in effect" type="pytest.skip">src/pymortests/affine_grid.py:146: &lt;py._xmlgen.raw object at 0x7fb29db059b0&gt;</skipped></testcase><testcase classname="src.pymortests.affine_grid" file="src/pymortests/affine_grid.py" line="146" name="test_volumes_inverse_wrong_arguments[&lt;lambda&gt;14]" time="0.00038361549377441406"><skipped message="Suite splitting in effect" type="pytest.skip">src/pymortests/affine_grid.py:146: &lt;py._xmlgen.raw object at 0x7fb29db05128&gt;</skipped></testcase><testcase classname="src.pymortests.affine_grid" file="src/pymortests/affine_grid.py" line="146" name="test_volumes_inverse_wrong_arguments[&lt;lambda&gt;15]" time="0.0003943443298339844"><skipped message="Suite splitting in effect" type="pytest.skip">src/pymortests/affine_grid.py:146: &lt;py._xmlgen.raw object at 0x7fb29db05dd8&gt;</skipped></testcase><testcase classname="src.pymortests.affine_grid" file="src/pymortests/affine_grid.py" line="146" name="test_volumes_inverse_wrong_arguments[&lt;lambda&gt;16]" time="0.0012471675872802734"><skipped message="Suite splitting in effect" type="pytest.skip">src/pymortests/affine_grid.py:146: &lt;py._xmlgen.raw object at 0x7fb29db05ba8&gt;</skipped></testcase><testcase classname="src.pymortests.affine_grid" file="src/pymortests/affine_grid.py" line="146" name="test_volumes_inverse_wrong_arguments[&lt;lambda&gt;17]" time="0.0004265308380126953"><skipped message="Suite splitting in effect" type="pytest.skip">src/pymortests/affine_grid.py:146: &lt;py._xmlgen.raw object at 0x7fb29db05898&gt;</skipped></testcase><testcase classname="src.pymortests.affine_grid" file="src/pymortests/affine_grid.py" line="146" name="test_volumes_inverse_wrong_arguments[&lt;lambda&gt;18]" time="0.0003952980041503906"><skipped message="Suite splitting in effect" type="pytest.skip">src/pymortests/affine_grid.py:146: &lt;py._xmlgen.raw object at 0x7fb2dcd13128&gt;</skipped></testcase><testcase classname="src.pymortests.affine_grid" file="src/pymortests/affine_grid.py" line="146" name="test_volumes_inverse_wrong_arguments[&lt;lambda&gt;19]" time="0.00042176246643066406"><skipped message="Suite splitting in effect" type="pytest.skip">src/pymortests/affine_grid.py:146: &lt;py._xmlgen.raw object at 0x7fb2dccc4438&gt;</skipped></testcase><testcase classname="src.pymortests.affine_grid" file="src/pymortests/affine_grid.py" line="146" name="test_volumes_inverse_wrong_arguments[&lt;lambda&gt;20]" time="0.0004169940948486328"><skipped message="Suite splitting in effect" type="pytest.skip">src/pymortests/affine_grid.py:146: &lt;py._xmlgen.raw object at 0x7fb29dafaa58&gt;</skipped></testcase><testcase classname="src.pymortests.affine_grid" file="src/pymortests/affine_grid.py" line="146" name="test_volumes_inverse_wrong_arguments[&lt;lambda&gt;21]" time="0.0003924369812011719"><skipped message="Suite splitting in effect" type="pytest.skip">src/pymortests/affine_grid.py:146: &lt;py._xmlgen.raw object at 0x7fb2dccb4eb8&gt;</skipped></testcase><testcase classname="src.pymortests.affine_grid" file="src/pymortests/affine_grid.py" line="146" name="test_volumes_inverse_wrong_arguments[&lt;lambda&gt;22]" time="0.0004208087921142578"><skipped message="Suite splitting in effect" type="pytest.skip">src/pymortests/affine_grid.py:146: &lt;py._xmlgen.raw object at 0x7fb29daf19b0&gt;</skipped></testcase><testcase classname="src.pymortests.affine_grid" file="src/pymortests/affine_grid.py" line="146" name="test_volumes_inverse_wrong_arguments[&lt;lambda&gt;23]" time="0.00045680999755859375"><skipped message="Suite splitting in effect" type="pytest.skip">src/pymortests/affine_grid.py:146: &lt;py._xmlgen.raw object at 0x7fb2dccdc2b0&gt;</skipped></testcase><testcase classname="src.pymortests.affine_grid" file="src/pymortests/affine_grid.py" line="146" name="test_volumes_inverse_wrong_arguments[&lt;lambda&gt;24]" time="0.00043129920959472656"><skipped message="Suite splitting in effect" type="pytest.skip">src/pymortests/affine_grid.py:146: &lt;py._xmlgen.raw object at 0x7fb2dccdcc88&gt;</skipped></testcase><testcase classname="src.pymortests.affine_grid" file="src/pymortests/affine_grid.py" line="146" name="test_volumes_inverse_wrong_arguments[&lt;lambda&gt;25]" time="0.00045800209045410156"><skipped message="Suite splitting in effect" type="pytest.skip">src/pymortests/affine_grid.py:146: &lt;py._xmlgen.raw object at 0x7fb29daf1f60&gt;</skipped></testcase><testcase classname="src.pymortests.affine_grid" file="src/pymortests/affine_grid.py" line="146" name="test_volumes_inverse_wrong_arguments[&lt;lambda&gt;26]" time="0.00042700767517089844"><skipped message="Suite splitting in effect" type="pytest.skip">src/pymortests/affine_grid.py:146: &lt;py._xmlgen.raw object at 0x7fb29dafab00&gt;</skipped></testcase><testcase classname="src.pymortests.affine_grid" file="src/pymortests/affine_grid.py" line="146" name="test_volumes_inverse_wrong_arguments[&lt;lambda&gt;27]" time="0.00043702125549316406"><skipped message="Suite splitting in effect" type="pytest.skip">src/pymortests/affine_grid.py:146: &lt;py._xmlgen.raw object at 0x7fb29dafa128&gt;</skipped></testcase><testcase classname="src.pymortests.affine_grid" file="src/pymortests/affine_grid.py" line="146" name="test_volumes_inverse_wrong_arguments[&lt;lambda&gt;28]" time="0.0004153251647949219"><skipped message="Suite splitting in effect" type="pytest.skip">src/pymortests/affine_grid.py:146: &lt;py._xmlgen.raw object at 0x7fb2dcd135c0&gt;</skipped></testcase><testcase classname="src.pymortests.affine_grid" file="src/pymortests/affine_grid.py" line="146" name="test_volumes_inverse_wrong_arguments[&lt;lambda&gt;29]" time="0.0003864765167236328"><skipped message="Suite splitting in effect" type="pytest.skip">src/pymortests/affine_grid.py:146: &lt;py._xmlgen.raw object at 0x7fb29db056d8&gt;</skipped></testcase><testcase classname="src.pymortests.affine_grid" file="src/pymortests/affine_grid.py" line="146" name="test_volumes_inverse_wrong_arguments[&lt;lambda&gt;30]" time="0.0004451274871826172"><skipped message="Suite splitting in effect" type="pytest.skip">src/pymortests/affine_grid.py:146: &lt;py._xmlgen.raw object at 0x7fb29db05b70&gt;</skipped></testcase><testcase classname="src.pymortests.affine_grid" file="src/pymortests/affine_grid.py" line="146" name="test_volumes_inverse_wrong_arguments[&lt;lambda&gt;31]" time="0.0004253387451171875"><skipped message="Suite splitting in effect" type="pytest.skip">src/pymortests/affine_grid.py:146: &lt;py._xmlgen.raw object at 0x7fb29db2ceb8&gt;</skipped></testcase><testcase classname="src.pymortests.affine_grid" file="src/pymortests/affine_grid.py" line="146" name="test_volumes_inverse_wrong_arguments[&lt;lambda&gt;32]" time="0.0007259845733642578"><skipped message="Suite splitting in effect" type="pytest.skip">src/pymortests/affine_grid.py:146: &lt;py._xmlgen.raw object at 0x7fb29db42b70&gt;</skipped></testcase><testcase classname="src.pymortests.affine_grid" file="src/pymortests/affine_grid.py" line="146" name="test_volumes_inverse_wrong_arguments[&lt;lambda&gt;33]" time="0.00043845176696777344"><skipped message="Suite splitting in effect" type="pytest.skip">src/pymortests/affine_grid.py:146: &lt;py._xmlgen.raw object at 0x7fb29db2c208&gt;</skipped></testcase><testcase classname="src.pymortests.affine_grid" file="src/pymortests/affine_grid.py" line="146" name="test_volumes_inverse_wrong_arguments[&lt;lambda&gt;34]" time="0.00042057037353515625"><skipped message="Suite splitting in effect" type="pytest.skip">src/pymortests/affine_grid.py:146: &lt;py._xmlgen.raw object at 0x7fb29db052b0&gt;</skipped></testcase><testcase classname="src.pymortests.affine_grid" file="src/pymortests/affine_grid.py" line="146" name="test_volumes_inverse_wrong_arguments[&lt;lambda&gt;35]" time="0.0003998279571533203"><skipped message="Suite splitting in effect" type="pytest.skip">src/pymortests/affine_grid.py:146: &lt;py._xmlgen.raw object at 0x7fb2dcc59550&gt;</skipped></testcase><testcase classname="src.pymortests.affine_grid" file="src/pymortests/affine_grid.py" line="146" name="test_volumes_inverse_wrong_arguments[&lt;lambda&gt;36]" time="0.00046706199645996094"><skipped message="Suite splitting in effect" type="pytest.skip">src/pymortests/affine_grid.py:146: &lt;py._xmlgen.raw object at 0x7fb2dccb4438&gt;</skipped></testcase><testcase classname="src.pymortests.affine_grid" file="src/pymortests/affine_grid.py" line="146" name="test_volumes_inverse_wrong_arguments[&lt;lambda&gt;37]" time="0.0004189014434814453"><skipped message="Suite splitting in effect" type="pytest.skip">src/pymortests/affine_grid.py:146: &lt;py._xmlgen.raw object at 0x7fb29dafa4e0&gt;</skipped></testcase><testcase classname="src.pymortests.affine_grid" file="src/pymortests/affine_grid.py" line="146" name="test_volumes_inverse_wrong_arguments[&lt;lambda&gt;38]" time="0.00040841102600097656"><skipped message="Suite splitting in effect" type="pytest.skip">src/pymortests/affine_grid.py:146: &lt;py._xmlgen.raw object at 0x7fb29daf16a0&gt;</skipped></testcase><testcase classname="src.pymortests.affine_grid" file="src/pymortests/affine_grid.py" line="146" name="test_volumes_inverse_wrong_arguments[&lt;lambda&gt;39]" time="0.0004203319549560547"><skipped message="Suite splitting in effect" type="pytest.skip">src/pymortests/affine_grid.py:146: &lt;py._xmlgen.raw object at 0x7fb2dccdc550&gt;</skipped></testcase><testcase classname="src.pymortests.affine_grid" file="src/pymortests/affine_grid.py" line="146" name="test_volumes_inverse_wrong_arguments[&lt;lambda&gt;40]" time="0.00045299530029296875"><skipped message="Suite splitting in effect" type="pytest.skip">src/pymortests/affine_grid.py:146: &lt;py._xmlgen.raw object at 0x7fb29da8e518&gt;</skipped></testcase><testcase classname="src.pymortests.affine_grid" file="src/pymortests/affine_grid.py" line="146" name="test_volumes_inverse_wrong_arguments[&lt;lambda&gt;41]" time="0.0004017353057861328"><skipped message="Suite splitting in effect" type="pytest.skip">src/pymortests/affine_grid.py:146: &lt;py._xmlgen.raw object at 0x7fb29daf1e80&gt;</skipped></testcase><testcase classname="src.pymortests.affine_grid" file="src/pymortests/affine_grid.py" line="146" name="test_volumes_inverse_wrong_arguments[&lt;lambda&gt;42]" time="0.00042700767517089844"><skipped message="Suite splitting in effect" type="pytest.skip">src/pymortests/affine_grid.py:146: &lt;py._xmlgen.raw object at 0x7fb29dafa358&gt;</skipped></testcase><testcase classname="src.pymortests.affine_grid" file="src/pymortests/affine_grid.py" line="154" name="test_volumes_inverse_shape[&lt;lambda&gt;0]" time="0.0003914833068847656"><skipped message="Suite splitting in effect" type="pytest.skip">src/pymortests/affine_grid.py:154: &lt;py._xmlgen.raw object at 0x7fb2dccc4438&gt;</skipped></testcase><testcase classname="src.pymortests.affine_grid" file="src/pymortests/affine_grid.py" line="154" name="test_volumes_inverse_shape[&lt;lambda&gt;1]" time="0.00038933753967285156"><skipped message="Suite splitting in effect" type="pytest.skip">src/pymortests/affine_grid.py:154: &lt;py._xmlgen.raw object at 0x7fb2dcc59fd0&gt;</skipped></testcase><testcase classname="src.pymortests.affine_grid" file="src/pymortests/affine_grid.py" line="154" name="test_volumes_inverse_shape[&lt;lambda&gt;2]" time="0.00041937828063964844"><skipped message="Suite splitting in effect" type="pytest.skip">src/pymortests/affine_grid.py:154: &lt;py._xmlgen.raw object at 0x7fb29db05ba8&gt;</skipped></testcase><testcase classname="src.pymortests.affine_grid" file="src/pymortests/affine_grid.py" line="154" name="test_volumes_inverse_shape[&lt;lambda&gt;3]" time="0.0004069805145263672"><skipped message="Suite splitting in effect" type="pytest.skip">src/pymortests/affine_grid.py:154: &lt;py._xmlgen.raw object at 0x7fb29db39908&gt;</skipped></testcase><testcase classname="src.pymortests.affine_grid" file="src/pymortests/affine_grid.py" line="154" name="test_volumes_inverse_shape[&lt;lambda&gt;4]" time="0.00040650367736816406"><skipped message="Suite splitting in effect" type="pytest.skip">src/pymortests/affine_grid.py:154: &lt;py._xmlgen.raw object at 0x7fb29da8e278&gt;</skipped></testcase><testcase classname="src.pymortests.affine_grid" file="src/pymortests/affine_grid.py" line="154" name="test_volumes_inverse_shape[&lt;lambda&gt;5]" time="0.00042557716369628906"><skipped message="Suite splitting in effect" type="pytest.skip">src/pymortests/affine_grid.py:154: &lt;py._xmlgen.raw object at 0x7fb29da8ea20&gt;</skipped></testcase><testcase classname="src.pymortests.affine_grid" file="src/pymortests/affine_grid.py" line="154" name="test_volumes_inverse_shape[&lt;lambda&gt;6]" time="0.0007448196411132812"><skipped message="Suite splitting in effect" type="pytest.skip">src/pymortests/affine_grid.py:154: &lt;py._xmlgen.raw object at 0x7fb29db429b0&gt;</skipped></testcase><testcase classname="src.pymortests.affine_grid" file="src/pymortests/affine_grid.py" line="154" name="test_volumes_inverse_shape[&lt;lambda&gt;7]" time="0.0003972053527832031"><skipped message="Suite splitting in effect" type="pytest.skip">src/pymortests/affine_grid.py:154: &lt;py._xmlgen.raw object at 0x7fb29dad0cc0&gt;</skipped></testcase><testcase classname="src.pymortests.affine_grid" file="src/pymortests/affine_grid.py" line="154" name="test_volumes_inverse_shape[&lt;lambda&gt;8]" time="0.0004153251647949219"><skipped message="Suite splitting in effect" type="pytest.skip">src/pymortests/affine_grid.py:154: &lt;py._xmlgen.raw object at 0x7fb2dcc7ada0&gt;</skipped></testcase><testcase classname="src.pymortests.affine_grid" file="src/pymortests/affine_grid.py" line="154" name="test_volumes_inverse_shape[&lt;lambda&gt;9]" time="0.00042510032653808594"><skipped message="Suite splitting in effect" type="pytest.skip">src/pymortests/affine_grid.py:154: &lt;py._xmlgen.raw object at 0x7fb29dafab38&gt;</skipped></testcase><testcase classname="src.pymortests.affine_grid" file="src/pymortests/affine_grid.py" line="154" name="test_volumes_inverse_shape[&lt;lambda&gt;10]" time="0.000400543212890625"><skipped message="Suite splitting in effect" type="pytest.skip">src/pymortests/affine_grid.py:154: &lt;py._xmlgen.raw object at 0x7fb2dccdcc88&gt;</skipped></testcase><testcase classname="src.pymortests.affine_grid" file="src/pymortests/affine_grid.py" line="154" name="test_volumes_inverse_shape[&lt;lambda&gt;11]" time="0.0004181861877441406"><skipped message="Suite splitting in effect" type="pytest.skip">src/pymortests/affine_grid.py:154: &lt;py._xmlgen.raw object at 0x7fb29da8ec18&gt;</skipped></testcase><testcase classname="src.pymortests.affine_grid" file="src/pymortests/affine_grid.py" line="154" name="test_volumes_inverse_shape[&lt;lambda&gt;12]" time="0.0004153251647949219"><skipped message="Suite splitting in effect" type="pytest.skip">src/pymortests/affine_grid.py:154: &lt;py._xmlgen.raw object at 0x7fb29da8e668&gt;</skipped></testcase><testcase classname="src.pymortests.affine_grid" file="src/pymortests/affine_grid.py" line="154" name="test_volumes_inverse_shape[&lt;lambda&gt;13]" time="0.0004267692565917969"><skipped message="Suite splitting in effect" type="pytest.skip">src/pymortests/affine_grid.py:154: &lt;py._xmlgen.raw object at 0x7fb29da8ef60&gt;</skipped></testcase><testcase classname="src.pymortests.affine_grid" file="src/pymortests/affine_grid.py" line="154" name="test_volumes_inverse_shape[&lt;lambda&gt;14]" time="0.0007445812225341797"><skipped message="Suite splitting in effect" type="pytest.skip">src/pymortests/affine_grid.py:154: &lt;py._xmlgen.raw object at 0x7fb29da8e518&gt;</skipped></testcase><testcase classname="src.pymortests.affine_grid" file="src/pymortests/affine_grid.py" line="154" name="test_volumes_inverse_shape[&lt;lambda&gt;15]" time="0.00044083595275878906"><skipped message="Suite splitting in effect" type="pytest.skip">src/pymortests/affine_grid.py:154: &lt;py._xmlgen.raw object at 0x7fb29da8e8d0&gt;</skipped></testcase><testcase classname="src.pymortests.affine_grid" file="src/pymortests/affine_grid.py" line="154" name="test_volumes_inverse_shape[&lt;lambda&gt;16]" time="0.000568389892578125"><skipped message="Suite splitting in effect" type="pytest.skip">src/pymortests/affine_grid.py:154: &lt;py._xmlgen.raw object at 0x7fb29daf1cf8&gt;</skipped></testcase><testcase classname="src.pymortests.affine_grid" file="src/pymortests/affine_grid.py" line="154" name="test_volumes_inverse_shape[&lt;lambda&gt;17]" time="0.0003840923309326172"><skipped message="Suite splitting in effect" type="pytest.skip">src/pymortests/affine_grid.py:154: &lt;py._xmlgen.raw object at 0x7fb2dcc6d6a0&gt;</skipped></testcase><testcase classname="src.pymortests.affine_grid" file="src/pymortests/affine_grid.py" line="154" name="test_volumes_inverse_shape[&lt;lambda&gt;18]" time="0.0004150867462158203"><skipped message="Suite splitting in effect" type="pytest.skip">src/pymortests/affine_grid.py:154: &lt;py._xmlgen.raw object at 0x7fb2dcc7a198&gt;</skipped></testcase><testcase classname="src.pymortests.affine_grid" file="src/pymortests/affine_grid.py" line="154" name="test_volumes_inverse_shape[&lt;lambda&gt;19]" time="0.0004172325134277344"><skipped message="Suite splitting in effect" type="pytest.skip">src/pymortests/affine_grid.py:154: &lt;py._xmlgen.raw object at 0x7fb29dae73c8&gt;</skipped></testcase><testcase classname="src.pymortests.affine_grid" file="src/pymortests/affine_grid.py" line="154" name="test_volumes_inverse_shape[&lt;lambda&gt;20]" time="0.0003845691680908203"><skipped message="Suite splitting in effect" type="pytest.skip">src/pymortests/affine_grid.py:154: &lt;py._xmlgen.raw object at 0x7fb29da9e0f0&gt;</skipped></testcase><testcase classname="src.pymortests.affine_grid" file="src/pymortests/affine_grid.py" line="154" name="test_volumes_inverse_shape[&lt;lambda&gt;21]" time="0.0004184246063232422"><skipped message="Suite splitting in effect" type="pytest.skip">src/pymortests/affine_grid.py:154: &lt;py._xmlgen.raw object at 0x7fb29da9e860&gt;</skipped></testcase><testcase classname="src.pymortests.affine_grid" file="src/pymortests/affine_grid.py" line="154" name="test_volumes_inverse_shape[&lt;lambda&gt;22]" time="0.0007615089416503906"><skipped message="Suite splitting in effect" type="pytest.skip">src/pymortests/affine_grid.py:154: &lt;py._xmlgen.raw object at 0x7fb29da9eda0&gt;</skipped></testcase><testcase classname="src.pymortests.affine_grid" file="src/pymortests/affine_grid.py" line="154" name="test_volumes_inverse_shape[&lt;lambda&gt;23]" time="0.00043272972106933594"><skipped message="Suite splitting in effect" type="pytest.skip">src/pymortests/affine_grid.py:154: &lt;py._xmlgen.raw object at 0x7fb29dad7358&gt;</skipped></testcase><testcase classname="src.pymortests.affine_grid" file="src/pymortests/affine_grid.py" line="154" name="test_volumes_inverse_shape[&lt;lambda&gt;24]" time="0.00045609474182128906"><skipped message="Suite splitting in effect" type="pytest.skip">src/pymortests/affine_grid.py:154: &lt;py._xmlgen.raw object at 0x7fb29dafad30&gt;</skipped></testcase><testcase classname="src.pymortests.affine_grid" file="src/pymortests/affine_grid.py" line="154" name="test_volumes_inverse_shape[&lt;lambda&gt;25]" time="0.0004649162292480469"><skipped message="Suite splitting in effect" type="pytest.skip">src/pymortests/affine_grid.py:154: &lt;py._xmlgen.raw object at 0x7fb2dcc8f860&gt;</skipped></testcase><testcase classname="src.pymortests.affine_grid" file="src/pymortests/affine_grid.py" line="154" name="test_volumes_inverse_shape[&lt;lambda&gt;26]" time="0.0004191398620605469"><skipped message="Suite splitting in effect" type="pytest.skip">src/pymortests/affine_grid.py:154: &lt;py._xmlgen.raw object at 0x7fb29daf1f60&gt;</skipped></testcase><testcase classname="src.pymortests.affine_grid" file="src/pymortests/affine_grid.py" line="154" name="test_volumes_inverse_shape[&lt;lambda&gt;27]" time="0.0004220008850097656"><skipped message="Suite splitting in effect" type="pytest.skip">src/pymortests/affine_grid.py:154: &lt;py._xmlgen.raw object at 0x7fb29da8e630&gt;</skipped></testcase><testcase classname="src.pymortests.affine_grid" file="src/pymortests/affine_grid.py" line="154" name="test_volumes_inverse_shape[&lt;lambda&gt;28]" time="0.00039386749267578125"><skipped message="Suite splitting in effect" type="pytest.skip">src/pymortests/affine_grid.py:154: &lt;py._xmlgen.raw object at 0x7fb29da9eba8&gt;</skipped></testcase><testcase classname="src.pymortests.affine_grid" file="src/pymortests/affine_grid.py" line="154" name="test_volumes_inverse_shape[&lt;lambda&gt;29]" time="0.000408172607421875"><skipped message="Suite splitting in effect" type="pytest.skip">src/pymortests/affine_grid.py:154: &lt;py._xmlgen.raw object at 0x7fb29da9e080&gt;</skipped></testcase><testcase classname="src.pymortests.affine_grid" file="src/pymortests/affine_grid.py" line="154" name="test_volumes_inverse_shape[&lt;lambda&gt;30]" time="0.0009064674377441406"><skipped message="Suite splitting in effect" type="pytest.skip">src/pymortests/affine_grid.py:154: &lt;py._xmlgen.raw object at 0x7fb29daa8320&gt;</skipped></testcase><testcase classname="src.pymortests.affine_grid" file="src/pymortests/affine_grid.py" line="154" name="test_volumes_inverse_shape[&lt;lambda&gt;31]" time="0.0004291534423828125"><skipped message="Suite splitting in effect" type="pytest.skip">src/pymortests/affine_grid.py:154: &lt;py._xmlgen.raw object at 0x7fb29da9e898&gt;</skipped></testcase><testcase classname="src.pymortests.affine_grid" file="src/pymortests/affine_grid.py" line="154" name="test_volumes_inverse_shape[&lt;lambda&gt;32]" time="0.00038242340087890625"><skipped message="Suite splitting in effect" type="pytest.skip">src/pymortests/affine_grid.py:154: &lt;py._xmlgen.raw object at 0x7fb29da8e668&gt;</skipped></testcase><testcase classname="src.pymortests.affine_grid" file="src/pymortests/affine_grid.py" line="154" name="test_volumes_inverse_shape[&lt;lambda&gt;33]" time="0.0003924369812011719"><skipped message="Suite splitting in effect" type="pytest.skip">src/pymortests/affine_grid.py:154: &lt;py._xmlgen.raw object at 0x7fb29daf16a0&gt;</skipped></testcase><testcase classname="src.pymortests.affine_grid" file="src/pymortests/affine_grid.py" line="154" name="test_volumes_inverse_shape[&lt;lambda&gt;34]" time="0.0004458427429199219"><skipped message="Suite splitting in effect" type="pytest.skip">src/pymortests/affine_grid.py:154: &lt;py._xmlgen.raw object at 0x7fb2dcc8f7b8&gt;</skipped></testcase><testcase classname="src.pymortests.affine_grid" file="src/pymortests/affine_grid.py" line="154" name="test_volumes_inverse_shape[&lt;lambda&gt;35]" time="0.0003921985626220703"><skipped message="Suite splitting in effect" type="pytest.skip">src/pymortests/affine_grid.py:154: &lt;py._xmlgen.raw object at 0x7fb29dafa710&gt;</skipped></testcase><testcase classname="src.pymortests.affine_grid" file="src/pymortests/affine_grid.py" line="154" name="test_volumes_inverse_shape[&lt;lambda&gt;36]" time="0.0003972053527832031"><skipped message="Suite splitting in effect" type="pytest.skip">src/pymortests/affine_grid.py:154: &lt;py._xmlgen.raw object at 0x7fb29db05c18&gt;</skipped></testcase><testcase classname="src.pymortests.affine_grid" file="src/pymortests/affine_grid.py" line="154" name="test_volumes_inverse_shape[&lt;lambda&gt;37]" time="0.00043082237243652344"><skipped message="Suite splitting in effect" type="pytest.skip">src/pymortests/affine_grid.py:154: &lt;py._xmlgen.raw object at 0x7fb29daa8160&gt;</skipped></testcase><testcase classname="src.pymortests.affine_grid" file="src/pymortests/affine_grid.py" line="154" name="test_volumes_inverse_shape[&lt;lambda&gt;38]" time="0.00040984153747558594"><skipped message="Suite splitting in effect" type="pytest.skip">src/pymortests/affine_grid.py:154: &lt;py._xmlgen.raw object at 0x7fb29daa8940&gt;</skipped></testcase><testcase classname="src.pymortests.affine_grid" file="src/pymortests/affine_grid.py" line="154" name="test_volumes_inverse_shape[&lt;lambda&gt;39]" time="0.00042748451232910156"><skipped message="Suite splitting in effect" type="pytest.skip">src/pymortests/affine_grid.py:154: &lt;py._xmlgen.raw object at 0x7fb29dad7358&gt;</skipped></testcase><testcase classname="src.pymortests.affine_grid" file="src/pymortests/affine_grid.py" line="154" name="test_volumes_inverse_shape[&lt;lambda&gt;40]" time="0.00037980079650878906"><skipped message="Suite splitting in effect" type="pytest.skip">src/pymortests/affine_grid.py:154: &lt;py._xmlgen.raw object at 0x7fb2dcc6d6a0&gt;</skipped></testcase><testcase classname="src.pymortests.affine_grid" file="src/pymortests/affine_grid.py" line="154" name="test_volumes_inverse_shape[&lt;lambda&gt;41]" time="0.00042176246643066406"><skipped message="Suite splitting in effect" type="pytest.skip">src/pymortests/affine_grid.py:154: &lt;py._xmlgen.raw object at 0x7fb2dcc211d0&gt;</skipped></testcase><testcase classname="src.pymortests.affine_grid" file="src/pymortests/affine_grid.py" line="154" name="test_volumes_inverse_shape[&lt;lambda&gt;42]" time="0.0004372596740722656"><skipped message="Suite splitting in effect" type="pytest.skip">src/pymortests/affine_grid.py:154: &lt;py._xmlgen.raw object at 0x7fb29da8ec18&gt;</skipped></testcase><testcase classname="src.pymortests.affine_grid" file="src/pymortests/affine_grid.py" line="160" name="test_volumes_inverse_values[&lt;lambda&gt;0]" time="0.0003886222839355469"><skipped message="Suite splitting in effect" type="pytest.skip">src/pymortests/affine_grid.py:160: &lt;py._xmlgen.raw object at 0x7fb29da9ea90&gt;</skipped></testcase><testcase classname="src.pymortests.affine_grid" file="src/pymortests/affine_grid.py" line="160" name="test_volumes_inverse_values[&lt;lambda&gt;1]" time="0.0003867149353027344"><skipped message="Suite splitting in effect" type="pytest.skip">src/pymortests/affine_grid.py:160: &lt;py._xmlgen.raw object at 0x7fb29daa8a58&gt;</skipped></testcase><testcase classname="src.pymortests.affine_grid" file="src/pymortests/affine_grid.py" line="160" name="test_volumes_inverse_values[&lt;lambda&gt;2]" time="0.0004189014434814453"><skipped message="Suite splitting in effect" type="pytest.skip">src/pymortests/affine_grid.py:160: &lt;py._xmlgen.raw object at 0x7fb29daa8198&gt;</skipped></testcase><testcase classname="src.pymortests.affine_grid" file="src/pymortests/affine_grid.py" line="160" name="test_volumes_inverse_values[&lt;lambda&gt;3]" time="0.0004241466522216797"><skipped message="Suite splitting in effect" type="pytest.skip">src/pymortests/affine_grid.py:160: &lt;py._xmlgen.raw object at 0x7fb29daa8e48&gt;</skipped></testcase><testcase classname="src.pymortests.affine_grid" file="src/pymortests/affine_grid.py" line="160" name="test_volumes_inverse_values[&lt;lambda&gt;4]" time="0.0007300376892089844"><skipped message="Suite splitting in effect" type="pytest.skip">src/pymortests/affine_grid.py:160: &lt;py._xmlgen.raw object at 0x7fb29daa8c18&gt;</skipped></testcase><testcase classname="src.pymortests.affine_grid" file="src/pymortests/affine_grid.py" line="160" name="test_volumes_inverse_values[&lt;lambda&gt;5]" time="0.0005724430084228516"><skipped message="Suite splitting in effect" type="pytest.skip">src/pymortests/affine_grid.py:160: &lt;py._xmlgen.raw object at 0x7fb29daa87f0&gt;</skipped></testcase><testcase classname="src.pymortests.affine_grid" file="src/pymortests/affine_grid.py" line="160" name="test_volumes_inverse_values[&lt;lambda&gt;6]" time="0.0003876686096191406"><skipped message="Suite splitting in effect" type="pytest.skip">src/pymortests/affine_grid.py:160: &lt;py._xmlgen.raw object at 0x7fb29da9e0f0&gt;</skipped></testcase><testcase classname="src.pymortests.affine_grid" file="src/pymortests/affine_grid.py" line="160" name="test_volumes_inverse_values[&lt;lambda&gt;7]" time="0.0004177093505859375"><skipped message="Suite splitting in effect" type="pytest.skip">src/pymortests/affine_grid.py:160: &lt;py._xmlgen.raw object at 0x7fb29da8ec18&gt;</skipped></testcase><testcase classname="src.pymortests.affine_grid" file="src/pymortests/affine_grid.py" line="160" name="test_volumes_inverse_values[&lt;lambda&gt;8]" time="0.00042176246643066406"><skipped message="Suite splitting in effect" type="pytest.skip">src/pymortests/affine_grid.py:160: &lt;py._xmlgen.raw object at 0x7fb2dcc21470&gt;</skipped></testcase><testcase classname="src.pymortests.affine_grid" file="src/pymortests/affine_grid.py" line="160" name="test_volumes_inverse_values[&lt;lambda&gt;9]" time="0.0003898143768310547"><skipped message="Suite splitting in effect" type="pytest.skip">src/pymortests/affine_grid.py:160: &lt;py._xmlgen.raw object at 0x7fb2dccb4630&gt;</skipped></testcase><testcase classname="src.pymortests.affine_grid" file="src/pymortests/affine_grid.py" line="160" name="test_volumes_inverse_values[&lt;lambda&gt;10]" time="0.0004329681396484375"><skipped message="Suite splitting in effect" type="pytest.skip">src/pymortests/affine_grid.py:160: &lt;py._xmlgen.raw object at 0x7fb29db056d8&gt;</skipped></testcase><testcase classname="src.pymortests.affine_grid" file="src/pymortests/affine_grid.py" line="160" name="test_volumes_inverse_values[&lt;lambda&gt;11]" time="0.0004012584686279297"><skipped message="Suite splitting in effect" type="pytest.skip">src/pymortests/affine_grid.py:160: &lt;py._xmlgen.raw object at 0x7fb29dab33c8&gt;</skipped></testcase><testcase classname="src.pymortests.affine_grid" file="src/pymortests/affine_grid.py" line="160" name="test_volumes_inverse_values[&lt;lambda&gt;12]" time="0.0007131099700927734"><skipped message="Suite splitting in effect" type="pytest.skip">src/pymortests/affine_grid.py:160: &lt;py._xmlgen.raw object at 0x7fb2dcc6d6a0&gt;</skipped></testcase><testcase classname="src.pymortests.affine_grid" file="src/pymortests/affine_grid.py" line="160" name="test_volumes_inverse_values[&lt;lambda&gt;13]" time="0.0004143714904785156"><skipped message="Suite splitting in effect" type="pytest.skip">src/pymortests/affine_grid.py:160: &lt;py._xmlgen.raw object at 0x7fb2dcc8f3c8&gt;</skipped></testcase><testcase classname="src.pymortests.affine_grid" file="src/pymortests/affine_grid.py" line="160" name="test_volumes_inverse_values[&lt;lambda&gt;14]" time="0.0003886222839355469"><skipped message="Suite splitting in effect" type="pytest.skip">src/pymortests/affine_grid.py:160: &lt;py._xmlgen.raw object at 0x7fb2dcc21710&gt;</skipped></testcase><testcase classname="src.pymortests.affine_grid" file="src/pymortests/affine_grid.py" line="160" name="test_volumes_inverse_values[&lt;lambda&gt;15]" time="0.0003821849822998047"><skipped message="Suite splitting in effect" type="pytest.skip">src/pymortests/affine_grid.py:160: &lt;py._xmlgen.raw object at 0x7fb29da9e668&gt;</skipped></testcase><testcase classname="src.pymortests.affine_grid" file="src/pymortests/affine_grid.py" line="160" name="test_volumes_inverse_values[&lt;lambda&gt;16]" time="0.0004215240478515625"><skipped message="Suite splitting in effect" type="pytest.skip">src/pymortests/affine_grid.py:160: &lt;py._xmlgen.raw object at 0x7fb2dcc338d0&gt;</skipped></testcase><testcase classname="src.pymortests.affine_grid" file="src/pymortests/affine_grid.py" line="160" name="test_volumes_inverse_values[&lt;lambda&gt;17]" time="0.00038123130798339844"><skipped message="Suite splitting in effect" type="pytest.skip">src/pymortests/affine_grid.py:160: &lt;py._xmlgen.raw object at 0x7fb29daa89e8&gt;</skipped></testcase><testcase classname="src.pymortests.affine_grid" file="src/pymortests/affine_grid.py" line="160" name="test_volumes_inverse_values[&lt;lambda&gt;18]" time="0.0003895759582519531"><skipped message="Suite splitting in effect" type="pytest.skip">src/pymortests/affine_grid.py:160: &lt;py._xmlgen.raw object at 0x7fb29dab3208&gt;</skipped></testcase><testcase classname="src.pymortests.affine_grid" file="src/pymortests/affine_grid.py" line="160" name="test_volumes_inverse_values[&lt;lambda&gt;19]" time="0.0003910064697265625"><skipped message="Suite splitting in effect" type="pytest.skip">src/pymortests/affine_grid.py:160: &lt;py._xmlgen.raw object at 0x7fb29dab3c88&gt;</skipped></testcase><testcase classname="src.pymortests.affine_grid" file="src/pymortests/affine_grid.py" line="160" name="test_volumes_inverse_values[&lt;lambda&gt;20]" time="0.00041103363037109375"><skipped message="Suite splitting in effect" type="pytest.skip">src/pymortests/affine_grid.py:160: &lt;py._xmlgen.raw object at 0x7fb29dab3c88&gt;</skipped></testcase><testcase classname="src.pymortests.affine_grid" file="src/pymortests/affine_grid.py" line="160" name="test_volumes_inverse_values[&lt;lambda&gt;21]" time="0.00040340423583984375"><skipped message="Suite splitting in effect" type="pytest.skip">src/pymortests/affine_grid.py:160: &lt;py._xmlgen.raw object at 0x7fb29dab3400&gt;</skipped></testcase><testcase classname="src.pymortests.affine_grid" file="src/pymortests/affine_grid.py" line="160" name="test_volumes_inverse_values[&lt;lambda&gt;22]" time="0.0004143714904785156"><skipped message="Suite splitting in effect" type="pytest.skip">src/pymortests/affine_grid.py:160: &lt;py._xmlgen.raw object at 0x7fb29daa8a20&gt;</skipped></testcase><testcase classname="src.pymortests.affine_grid" file="src/pymortests/affine_grid.py" line="160" name="test_volumes_inverse_values[&lt;lambda&gt;23]" time="0.0003826618194580078"><skipped message="Suite splitting in effect" type="pytest.skip">src/pymortests/affine_grid.py:160: &lt;py._xmlgen.raw object at 0x7fb29da9e550&gt;</skipped></testcase><testcase classname="src.pymortests.affine_grid" file="src/pymortests/affine_grid.py" line="160" name="test_volumes_inverse_values[&lt;lambda&gt;24]" time="0.00041961669921875"><skipped message="Suite splitting in effect" type="pytest.skip">src/pymortests/affine_grid.py:160: &lt;py._xmlgen.raw object at 0x7fb29da8e208&gt;</skipped></testcase><testcase classname="src.pymortests.affine_grid" file="src/pymortests/affine_grid.py" line="160" name="test_volumes_inverse_values[&lt;lambda&gt;25]" time="0.00041484832763671875"><skipped message="Suite splitting in effect" type="pytest.skip">src/pymortests/affine_grid.py:160: &lt;py._xmlgen.raw object at 0x7fb2dcc8fcf8&gt;</skipped></testcase><testcase classname="src.pymortests.affine_grid" file="src/pymortests/affine_grid.py" line="160" name="test_volumes_inverse_values[&lt;lambda&gt;26]" time="0.0003952980041503906"><skipped message="Suite splitting in effect" type="pytest.skip">src/pymortests/affine_grid.py:160: &lt;py._xmlgen.raw object at 0x7fb29dad7550&gt;</skipped></testcase><testcase classname="src.pymortests.affine_grid" file="src/pymortests/affine_grid.py" line="160" name="test_volumes_inverse_values[&lt;lambda&gt;27]" time="0.000415802001953125"><skipped message="Suite splitting in effect" type="pytest.skip">src/pymortests/affine_grid.py:160: &lt;py._xmlgen.raw object at 0x7fb29dabd588&gt;</skipped></testcase><testcase classname="src.pymortests.affine_grid" file="src/pymortests/affine_grid.py" line="160" name="test_volumes_inverse_values[&lt;lambda&gt;28]" time="0.0004458427429199219"><skipped message="Suite splitting in effect" type="pytest.skip">src/pymortests/affine_grid.py:160: &lt;py._xmlgen.raw object at 0x7fb29dad7550&gt;</skipped></testcase><testcase classname="src.pymortests.affine_grid" file="src/pymortests/affine_grid.py" line="160" name="test_volumes_inverse_values[&lt;lambda&gt;29]" time="0.00042891502380371094"><skipped message="Suite splitting in effect" type="pytest.skip">src/pymortests/affine_grid.py:160: &lt;py._xmlgen.raw object at 0x7fb2dcc21278&gt;</skipped></testcase><testcase classname="src.pymortests.affine_grid" file="src/pymortests/affine_grid.py" line="160" name="test_volumes_inverse_values[&lt;lambda&gt;30]" time="0.0004150867462158203"><skipped message="Suite splitting in effect" type="pytest.skip">src/pymortests/affine_grid.py:160: &lt;py._xmlgen.raw object at 0x7fb29dab32e8&gt;</skipped></testcase><testcase classname="src.pymortests.affine_grid" file="src/pymortests/affine_grid.py" line="160" name="test_volumes_inverse_values[&lt;lambda&gt;31]" time="0.0003921985626220703"><skipped message="Suite splitting in effect" type="pytest.skip">src/pymortests/affine_grid.py:160: &lt;py._xmlgen.raw object at 0x7fb29dab3860&gt;</skipped></testcase><testcase classname="src.pymortests.affine_grid" file="src/pymortests/affine_grid.py" line="160" name="test_volumes_inverse_values[&lt;lambda&gt;32]" time="0.0004754066467285156"><skipped message="Suite splitting in effect" type="pytest.skip">src/pymortests/affine_grid.py:160: &lt;py._xmlgen.raw object at 0x7fb29dab3748&gt;</skipped></testcase><testcase classname="src.pymortests.affine_grid" file="src/pymortests/affine_grid.py" line="160" name="test_volumes_inverse_values[&lt;lambda&gt;33]" time="0.0004248619079589844"><skipped message="Suite splitting in effect" type="pytest.skip">src/pymortests/affine_grid.py:160: &lt;py._xmlgen.raw object at 0x7fb29daa8c88&gt;</skipped></testcase><testcase classname="src.pymortests.affine_grid" file="src/pymortests/affine_grid.py" line="160" name="test_volumes_inverse_values[&lt;lambda&gt;34]" time="0.00038361549377441406"><skipped message="Suite splitting in effect" type="pytest.skip">src/pymortests/affine_grid.py:160: &lt;py._xmlgen.raw object at 0x7fb29daa8e10&gt;</skipped></testcase><testcase classname="src.pymortests.affine_grid" file="src/pymortests/affine_grid.py" line="160" name="test_volumes_inverse_values[&lt;lambda&gt;35]" time="0.0003876686096191406"><skipped message="Suite splitting in effect" type="pytest.skip">src/pymortests/affine_grid.py:160: &lt;py._xmlgen.raw object at 0x7fb29da8efd0&gt;</skipped></testcase><testcase classname="src.pymortests.affine_grid" file="src/pymortests/affine_grid.py" line="160" name="test_volumes_inverse_values[&lt;lambda&gt;36]" time="0.00042438507080078125"><skipped message="Suite splitting in effect" type="pytest.skip">src/pymortests/affine_grid.py:160: &lt;py._xmlgen.raw object at 0x7fb29da9e278&gt;</skipped></testcase><testcase classname="src.pymortests.affine_grid" file="src/pymortests/affine_grid.py" line="160" name="test_volumes_inverse_values[&lt;lambda&gt;37]" time="0.1899089813232422"><skipped message="Suite splitting in effect" type="pytest.skip">src/pymortests/affine_grid.py:160: &lt;py._xmlgen.raw object at 0x7fb29da9eda0&gt;</skipped></testcase><testcase classname="src.pymortests.affine_grid" file="src/pymortests/affine_grid.py" line="160" name="test_volumes_inverse_values[&lt;lambda&gt;38]" time="0.0004451274871826172"><skipped message="Suite splitting in effect" type="pytest.skip">src/pymortests/affine_grid.py:160: &lt;py._xmlgen.raw object at 0x7fb29daa8be0&gt;</skipped></testcase><testcase classname="src.pymortests.affine_grid" file="src/pymortests/affine_grid.py" line="160" name="test_volumes_inverse_values[&lt;lambda&gt;39]" time="0.00040721893310546875"><skipped message="Suite splitting in effect" type="pytest.skip">src/pymortests/affine_grid.py:160: &lt;py._xmlgen.raw object at 0x7fb29dab3240&gt;</skipped></testcase><testcase classname="src.pymortests.affine_grid" file="src/pymortests/affine_grid.py" line="160" name="test_volumes_inverse_values[&lt;lambda&gt;40]" time="0.00043010711669921875"><skipped message="Suite splitting in effect" type="pytest.skip">src/pymortests/affine_grid.py:160: &lt;py._xmlgen.raw object at 0x7fb29dab39b0&gt;</skipped></testcase><testcase classname="src.pymortests.affine_grid" file="src/pymortests/affine_grid.py" line="160" name="test_volumes_inverse_values[&lt;lambda&gt;41]" time="0.0004279613494873047"><skipped message="Suite splitting in effect" type="pytest.skip">src/pymortests/affine_grid.py:160: &lt;py._xmlgen.raw object at 0x7fb2dcc45c18&gt;</skipped></testcase><testcase classname="src.pymortests.affine_grid" file="src/pymortests/affine_grid.py" line="160" name="test_volumes_inverse_values[&lt;lambda&gt;42]" time="0.00039505958557128906"><skipped message="Suite splitting in effect" type="pytest.skip">src/pymortests/affine_grid.py:160: &lt;py._xmlgen.raw object at 0x7fb2dcc45ac8&gt;</skipped></testcase><testcase classname="src.pymortests.affine_grid" file="src/pymortests/affine_grid.py" line="168" name="test_unit_outer_normals_shape[&lt;lambda&gt;0]" time="0.0004074573516845703"><skipped message="Suite splitting in effect" type="pytest.skip">src/pymortests/affine_grid.py:168: &lt;py._xmlgen.raw object at 0x7fb29dab3fd0&gt;</skipped></testcase><testcase classname="src.pymortests.affine_grid" file="src/pymortests/affine_grid.py" line="168" name="test_unit_outer_normals_shape[&lt;lambda&gt;1]" time="0.00040149688720703125"><skipped message="Suite splitting in effect" type="pytest.skip">src/pymortests/affine_grid.py:168: &lt;py._xmlgen.raw object at 0x7fb2dcc33e10&gt;</skipped></testcase><testcase classname="src.pymortests.affine_grid" file="src/pymortests/affine_grid.py" line="168" name="test_unit_outer_normals_shape[&lt;lambda&gt;2]" time="0.0003857612609863281"><skipped message="Suite splitting in effect" type="pytest.skip">src/pymortests/affine_grid.py:168: &lt;py._xmlgen.raw object at 0x7fb29daa8518&gt;</skipped></testcase><testcase classname="src.pymortests.affine_grid" file="src/pymortests/affine_grid.py" line="168" name="test_unit_outer_normals_shape[&lt;lambda&gt;3]" time="0.0004334449768066406"><skipped message="Suite splitting in effect" type="pytest.skip">src/pymortests/affine_grid.py:168: &lt;py._xmlgen.raw object at 0x7fb2dcc8fcf8&gt;</skipped></testcase><testcase classname="src.pymortests.affine_grid" file="src/pymortests/affine_grid.py" line="168" name="test_unit_outer_normals_shape[&lt;lambda&gt;4]" time="0.0003914833068847656"><skipped message="Suite splitting in effect" type="pytest.skip">src/pymortests/affine_grid.py:168: &lt;py._xmlgen.raw object at 0x7fb29db05518&gt;</skipped></testcase><testcase classname="src.pymortests.affine_grid" file="src/pymortests/affine_grid.py" line="168" name="test_unit_outer_normals_shape[&lt;lambda&gt;5]" time="0.00043702125549316406"><skipped message="Suite splitting in effect" type="pytest.skip">src/pymortests/affine_grid.py:168: &lt;py._xmlgen.raw object at 0x7fb29dad7c88&gt;</skipped></testcase><testcase classname="src.pymortests.affine_grid" file="src/pymortests/affine_grid.py" line="168" name="test_unit_outer_normals_shape[&lt;lambda&gt;6]" time="0.0007038116455078125"><skipped message="Suite splitting in effect" type="pytest.skip">src/pymortests/affine_grid.py:168: &lt;py._xmlgen.raw object at 0x7fb29db69780&gt;</skipped></testcase><testcase classname="src.pymortests.affine_grid" file="src/pymortests/affine_grid.py" line="168" name="test_unit_outer_normals_shape[&lt;lambda&gt;7]" time="0.0003769397735595703"><skipped message="Suite splitting in effect" type="pytest.skip">src/pymortests/affine_grid.py:168: &lt;py._xmlgen.raw object at 0x7fb29db05c18&gt;</skipped></testcase><testcase classname="src.pymortests.affine_grid" file="src/pymortests/affine_grid.py" line="168" name="test_unit_outer_normals_shape[&lt;lambda&gt;8]" time="0.0003788471221923828"><skipped message="Suite splitting in effect" type="pytest.skip">src/pymortests/affine_grid.py:168: &lt;py._xmlgen.raw object at 0x7fb29da8edd8&gt;</skipped></testcase><testcase classname="src.pymortests.affine_grid" file="src/pymortests/affine_grid.py" line="168" name="test_unit_outer_normals_shape[&lt;lambda&gt;9]" time="0.000408172607421875"><skipped message="Suite splitting in effect" type="pytest.skip">src/pymortests/affine_grid.py:168: &lt;py._xmlgen.raw object at 0x7fb29daf1f60&gt;</skipped></testcase><testcase classname="src.pymortests.affine_grid" file="src/pymortests/affine_grid.py" line="168" name="test_unit_outer_normals_shape[&lt;lambda&gt;10]" time="0.0003962516784667969"><skipped message="Suite splitting in effect" type="pytest.skip">src/pymortests/affine_grid.py:168: &lt;py._xmlgen.raw object at 0x7fb2dcc334e0&gt;</skipped></testcase><testcase classname="src.pymortests.affine_grid" file="src/pymortests/affine_grid.py" line="168" name="test_unit_outer_normals_shape[&lt;lambda&gt;11]" time="0.0003879070281982422"><skipped message="Suite splitting in effect" type="pytest.skip">src/pymortests/affine_grid.py:168: &lt;py._xmlgen.raw object at 0x7fb29dab3390&gt;</skipped></testcase><testcase classname="src.pymortests.affine_grid" file="src/pymortests/affine_grid.py" line="168" name="test_unit_outer_normals_shape[&lt;lambda&gt;12]" time="0.0004215240478515625"><skipped message="Suite splitting in effect" type="pytest.skip">src/pymortests/affine_grid.py:168: &lt;py._xmlgen.raw object at 0x7fb2dcc6d9e8&gt;</skipped></testcase><testcase classname="src.pymortests.affine_grid" file="src/pymortests/affine_grid.py" line="168" name="test_unit_outer_normals_shape[&lt;lambda&gt;13]" time="0.0003809928894042969"><skipped message="Suite splitting in effect" type="pytest.skip">src/pymortests/affine_grid.py:168: &lt;py._xmlgen.raw object at 0x7fb29dbae978&gt;</skipped></testcase><testcase classname="src.pymortests.affine_grid" file="src/pymortests/affine_grid.py" line="168" name="test_unit_outer_normals_shape[&lt;lambda&gt;14]" time="0.0007081031799316406"><skipped message="Suite splitting in effect" type="pytest.skip">src/pymortests/affine_grid.py:168: &lt;py._xmlgen.raw object at 0x7fb29db937b8&gt;</skipped></testcase><testcase classname="src.pymortests.affine_grid" file="src/pymortests/affine_grid.py" line="168" name="test_unit_outer_normals_shape[&lt;lambda&gt;15]" time="0.00041985511779785156"><skipped message="Suite splitting in effect" type="pytest.skip">src/pymortests/affine_grid.py:168: &lt;py._xmlgen.raw object at 0x7fb29db7b358&gt;</skipped></testcase><testcase classname="src.pymortests.affine_grid" file="src/pymortests/affine_grid.py" line="168" name="test_unit_outer_normals_shape[&lt;lambda&gt;16]" time="0.0004105567932128906"><skipped message="Suite splitting in effect" type="pytest.skip">src/pymortests/affine_grid.py:168: &lt;py._xmlgen.raw object at 0x7fb29dab3ac8&gt;</skipped></testcase><testcase classname="src.pymortests.affine_grid" file="src/pymortests/affine_grid.py" line="168" name="test_unit_outer_normals_shape[&lt;lambda&gt;17]" time="0.0004372596740722656"><skipped message="Suite splitting in effect" type="pytest.skip">src/pymortests/affine_grid.py:168: &lt;py._xmlgen.raw object at 0x7fb2dcc33588&gt;</skipped></testcase><testcase classname="src.pymortests.affine_grid" file="src/pymortests/affine_grid.py" line="168" name="test_unit_outer_normals_shape[&lt;lambda&gt;18]" time="0.0004582405090332031"><skipped message="Suite splitting in effect" type="pytest.skip">src/pymortests/affine_grid.py:168: &lt;py._xmlgen.raw object at 0x7fb2dcc8fe48&gt;</skipped></testcase><testcase classname="src.pymortests.affine_grid" file="src/pymortests/affine_grid.py" line="168" name="test_unit_outer_normals_shape[&lt;lambda&gt;19]" time="0.00045418739318847656"><skipped message="Suite splitting in effect" type="pytest.skip">src/pymortests/affine_grid.py:168: &lt;py._xmlgen.raw object at 0x7fb2dcbeb400&gt;</skipped></testcase><testcase classname="src.pymortests.affine_grid" file="src/pymortests/affine_grid.py" line="168" name="test_unit_outer_normals_shape[&lt;lambda&gt;20]" time="0.0004611015319824219"><skipped message="Suite splitting in effect" type="pytest.skip">src/pymortests/affine_grid.py:168: &lt;py._xmlgen.raw object at 0x7fb2e3c5b320&gt;</skipped></testcase><testcase classname="src.pymortests.affine_grid" file="src/pymortests/affine_grid.py" line="168" name="test_unit_outer_normals_shape[&lt;lambda&gt;21]" time="0.0003864765167236328"><skipped message="Suite splitting in effect" type="pytest.skip">src/pymortests/affine_grid.py:168: &lt;py._xmlgen.raw object at 0x7fb29db93828&gt;</skipped></testcase><testcase classname="src.pymortests.affine_grid" file="src/pymortests/affine_grid.py" line="168" name="test_unit_outer_normals_shape[&lt;lambda&gt;22]" time="0.0007619857788085938"><skipped message="Suite splitting in effect" type="pytest.skip">src/pymortests/affine_grid.py:168: &lt;py._xmlgen.raw object at 0x7fb2a5753e80&gt;</skipped></testcase><testcase classname="src.pymortests.affine_grid" file="src/pymortests/affine_grid.py" line="168" name="test_unit_outer_normals_shape[&lt;lambda&gt;23]" time="0.0004291534423828125"><skipped message="Suite splitting in effect" type="pytest.skip">src/pymortests/affine_grid.py:168: &lt;py._xmlgen.raw object at 0x7fb29db93828&gt;</skipped></testcase><testcase classname="src.pymortests.affine_grid" file="src/pymortests/affine_grid.py" line="168" name="test_unit_outer_normals_shape[&lt;lambda&gt;24]" time="0.0003838539123535156"><skipped message="Suite splitting in effect" type="pytest.skip">src/pymortests/affine_grid.py:168: &lt;py._xmlgen.raw object at 0x7fb29db05358&gt;</skipped></testcase><testcase classname="src.pymortests.affine_grid" file="src/pymortests/affine_grid.py" line="168" name="test_unit_outer_normals_shape[&lt;lambda&gt;25]" time="0.00041222572326660156"><skipped message="Suite splitting in effect" type="pytest.skip">src/pymortests/affine_grid.py:168: &lt;py._xmlgen.raw object at 0x7fb2dcbeba90&gt;</skipped></testcase><testcase classname="src.pymortests.affine_grid" file="src/pymortests/affine_grid.py" line="168" name="test_unit_outer_normals_shape[&lt;lambda&gt;26]" time="0.00042366981506347656"><skipped message="Suite splitting in effect" type="pytest.skip">src/pymortests/affine_grid.py:168: &lt;py._xmlgen.raw object at 0x7fb29daa8f60&gt;</skipped></testcase><testcase classname="src.pymortests.affine_grid" file="src/pymortests/affine_grid.py" line="168" name="test_unit_outer_normals_shape[&lt;lambda&gt;27]" time="0.00039768218994140625"><skipped message="Suite splitting in effect" type="pytest.skip">src/pymortests/affine_grid.py:168: &lt;py._xmlgen.raw object at 0x7fb29dab3550&gt;</skipped></testcase><testcase classname="src.pymortests.affine_grid" file="src/pymortests/affine_grid.py" line="168" name="test_unit_outer_normals_shape[&lt;lambda&gt;28]" time="0.00042319297790527344"><skipped message="Suite splitting in effect" type="pytest.skip">src/pymortests/affine_grid.py:168: &lt;py._xmlgen.raw object at 0x7fb2dcd13128&gt;</skipped></testcase><testcase classname="src.pymortests.affine_grid" file="src/pymortests/affine_grid.py" line="168" name="test_unit_outer_normals_shape[&lt;lambda&gt;29]" time="0.00044035911560058594"><skipped message="Suite splitting in effect" type="pytest.skip">src/pymortests/affine_grid.py:168: &lt;py._xmlgen.raw object at 0x7fb29db7b470&gt;</skipped></testcase><testcase classname="src.pymortests.affine_grid" file="src/pymortests/affine_grid.py" line="168" name="test_unit_outer_normals_shape[&lt;lambda&gt;30]" time="0.00039958953857421875"><skipped message="Suite splitting in effect" type="pytest.skip">src/pymortests/affine_grid.py:168: &lt;py._xmlgen.raw object at 0x7fb29db42908&gt;</skipped></testcase><testcase classname="src.pymortests.affine_grid" file="src/pymortests/affine_grid.py" line="168" name="test_unit_outer_normals_shape[&lt;lambda&gt;31]" time="0.0004265308380126953"><skipped message="Suite splitting in effect" type="pytest.skip">src/pymortests/affine_grid.py:168: &lt;py._xmlgen.raw object at 0x7fb2e3ce5400&gt;</skipped></testcase><testcase classname="src.pymortests.affine_grid" file="src/pymortests/affine_grid.py" line="168" name="test_unit_outer_normals_shape[&lt;lambda&gt;32]" time="0.0004134178161621094"><skipped message="Suite splitting in effect" type="pytest.skip">src/pymortests/affine_grid.py:168: &lt;py._xmlgen.raw object at 0x7fb2dcc45f60&gt;</skipped></testcase><testcase classname="src.pymortests.affine_grid" file="src/pymortests/affine_grid.py" line="168" name="test_unit_outer_normals_shape[&lt;lambda&gt;33]" time="0.0003902912139892578"><skipped message="Suite splitting in effect" type="pytest.skip">src/pymortests/affine_grid.py:168: &lt;py._xmlgen.raw object at 0x7fb29dab3630&gt;</skipped></testcase><testcase classname="src.pymortests.affine_grid" file="src/pymortests/affine_grid.py" line="168" name="test_unit_outer_normals_shape[&lt;lambda&gt;34]" time="0.0004241466522216797"><skipped message="Suite splitting in effect" type="pytest.skip">src/pymortests/affine_grid.py:168: &lt;py._xmlgen.raw object at 0x7fb29daf1438&gt;</skipped></testcase><testcase classname="src.pymortests.affine_grid" file="src/pymortests/affine_grid.py" line="168" name="test_unit_outer_normals_shape[&lt;lambda&gt;35]" time="0.00041675567626953125"><skipped message="Suite splitting in effect" type="pytest.skip">src/pymortests/affine_grid.py:168: &lt;py._xmlgen.raw object at 0x7fb29da8e208&gt;</skipped></testcase><testcase classname="src.pymortests.affine_grid" file="src/pymortests/affine_grid.py" line="168" name="test_unit_outer_normals_shape[&lt;lambda&gt;36]" time="0.0004222393035888672"><skipped message="Suite splitting in effect" type="pytest.skip">src/pymortests/affine_grid.py:168: &lt;py._xmlgen.raw object at 0x7fb29dad7ef0&gt;</skipped></testcase><testcase classname="src.pymortests.affine_grid" file="src/pymortests/affine_grid.py" line="168" name="test_unit_outer_normals_shape[&lt;lambda&gt;37]" time="0.00041747093200683594"><skipped message="Suite splitting in effect" type="pytest.skip">src/pymortests/affine_grid.py:168: &lt;py._xmlgen.raw object at 0x7fb29db93860&gt;</skipped></testcase><testcase classname="src.pymortests.affine_grid" file="src/pymortests/affine_grid.py" line="168" name="test_unit_outer_normals_shape[&lt;lambda&gt;38]" time="0.0004229545593261719"><skipped message="Suite splitting in effect" type="pytest.skip">src/pymortests/affine_grid.py:168: &lt;py._xmlgen.raw object at 0x7fb29dabd780&gt;</skipped></testcase><testcase classname="src.pymortests.affine_grid" file="src/pymortests/affine_grid.py" line="168" name="test_unit_outer_normals_shape[&lt;lambda&gt;39]" time="0.0004260540008544922"><skipped message="Suite splitting in effect" type="pytest.skip">src/pymortests/affine_grid.py:168: &lt;py._xmlgen.raw object at 0x7fb29dbe2ac8&gt;</skipped></testcase><testcase classname="src.pymortests.affine_grid" file="src/pymortests/affine_grid.py" line="168" name="test_unit_outer_normals_shape[&lt;lambda&gt;40]" time="0.0004017353057861328"><skipped message="Suite splitting in effect" type="pytest.skip">src/pymortests/affine_grid.py:168: &lt;py._xmlgen.raw object at 0x7fb29db05e10&gt;</skipped></testcase><testcase classname="src.pymortests.affine_grid" file="src/pymortests/affine_grid.py" line="168" name="test_unit_outer_normals_shape[&lt;lambda&gt;41]" time="0.0004165172576904297"><skipped message="Suite splitting in effect" type="pytest.skip">src/pymortests/affine_grid.py:168: &lt;py._xmlgen.raw object at 0x7fb2dcbeb9e8&gt;</skipped></testcase><testcase classname="src.pymortests.affine_grid" file="src/pymortests/affine_grid.py" line="168" name="test_unit_outer_normals_shape[&lt;lambda&gt;42]" time="0.0003845691680908203"><skipped message="Suite splitting in effect" type="pytest.skip">src/pymortests/affine_grid.py:168: &lt;py._xmlgen.raw object at 0x7fb2dcc33eb8&gt;</skipped></testcase><testcase classname="src.pymortests.affine_grid" file="src/pymortests/affine_grid.py" line="174" name="test_unit_outer_normals_normed[&lt;lambda&gt;0]" time="0.0003879070281982422"><skipped message="Suite splitting in effect" type="pytest.skip">src/pymortests/affine_grid.py:174: &lt;py._xmlgen.raw object at 0x7fb2dcbfb5f8&gt;</skipped></testcase><testcase classname="src.pymortests.affine_grid" file="src/pymortests/affine_grid.py" line="174" name="test_unit_outer_normals_normed[&lt;lambda&gt;1]" time="0.0004215240478515625"><skipped message="Suite splitting in effect" type="pytest.skip">src/pymortests/affine_grid.py:174: &lt;py._xmlgen.raw object at 0x7fb29dbae978&gt;</skipped></testcase><testcase classname="src.pymortests.affine_grid" file="src/pymortests/affine_grid.py" line="174" name="test_unit_outer_normals_normed[&lt;lambda&gt;2]" time="0.0003838539123535156"><skipped message="Suite splitting in effect" type="pytest.skip">src/pymortests/affine_grid.py:174: &lt;py._xmlgen.raw object at 0x7fb29dabd908&gt;</skipped></testcase><testcase classname="src.pymortests.affine_grid" file="src/pymortests/affine_grid.py" line="174" name="test_unit_outer_normals_normed[&lt;lambda&gt;3]" time="0.0003972053527832031"><skipped message="Suite splitting in effect" type="pytest.skip">src/pymortests/affine_grid.py:174: &lt;py._xmlgen.raw object at 0x7fb29dabd2e8&gt;</skipped></testcase><testcase classname="src.pymortests.affine_grid" file="src/pymortests/affine_grid.py" line="174" name="test_unit_outer_normals_normed[&lt;lambda&gt;4]" time="0.0007708072662353516"><skipped message="Suite splitting in effect" type="pytest.skip">src/pymortests/affine_grid.py:174: &lt;py._xmlgen.raw object at 0x7fb2dccdc9e8&gt;</skipped></testcase><testcase classname="src.pymortests.affine_grid" file="src/pymortests/affine_grid.py" line="174" name="test_unit_outer_normals_normed[&lt;lambda&gt;5]" time="0.00038313865661621094"><skipped message="Suite splitting in effect" type="pytest.skip">src/pymortests/affine_grid.py:174: &lt;py._xmlgen.raw object at 0x7fb2dcc6db38&gt;</skipped></testcase><testcase classname="src.pymortests.affine_grid" file="src/pymortests/affine_grid.py" line="174" name="test_unit_outer_normals_normed[&lt;lambda&gt;6]" time="0.0004782676696777344"><skipped message="Suite splitting in effect" type="pytest.skip">src/pymortests/affine_grid.py:174: &lt;py._xmlgen.raw object at 0x7fb29daa8518&gt;</skipped></testcase><testcase classname="src.pymortests.affine_grid" file="src/pymortests/affine_grid.py" line="174" name="test_unit_outer_normals_normed[&lt;lambda&gt;7]" time="0.0004150867462158203"><skipped message="Suite splitting in effect" type="pytest.skip">src/pymortests/affine_grid.py:174: &lt;py._xmlgen.raw object at 0x7fb2dcbeb400&gt;</skipped></testcase><testcase classname="src.pymortests.affine_grid" file="src/pymortests/affine_grid.py" line="174" name="test_unit_outer_normals_normed[&lt;lambda&gt;8]" time="0.0003867149353027344"><skipped message="Suite splitting in effect" type="pytest.skip">src/pymortests/affine_grid.py:174: &lt;py._xmlgen.raw object at 0x7fb29db69048&gt;</skipped></testcase><testcase classname="src.pymortests.affine_grid" file="src/pymortests/affine_grid.py" line="174" name="test_unit_outer_normals_normed[&lt;lambda&gt;9]" time="0.0004220008850097656"><skipped message="Suite splitting in effect" type="pytest.skip">src/pymortests/affine_grid.py:174: &lt;py._xmlgen.raw object at 0x7fb29dae7be0&gt;</skipped></testcase><testcase classname="src.pymortests.affine_grid" file="src/pymortests/affine_grid.py" line="174" name="test_unit_outer_normals_normed[&lt;lambda&gt;10]" time="0.0003993511199951172"><skipped message="Suite splitting in effect" type="pytest.skip">src/pymortests/affine_grid.py:174: &lt;py._xmlgen.raw object at 0x7fb29dabda90&gt;</skipped></testcase><testcase classname="src.pymortests.affine_grid" file="src/pymortests/affine_grid.py" line="174" name="test_unit_outer_normals_normed[&lt;lambda&gt;11]" time="0.00039315223693847656"><skipped message="Suite splitting in effect" type="pytest.skip">src/pymortests/affine_grid.py:174: &lt;py._xmlgen.raw object at 0x7fb29dabdd30&gt;</skipped></testcase><testcase classname="src.pymortests.affine_grid" file="src/pymortests/affine_grid.py" line="174" name="test_unit_outer_normals_normed[&lt;lambda&gt;12]" time="0.0007786750793457031"><skipped message="Suite splitting in effect" type="pytest.skip">src/pymortests/affine_grid.py:174: &lt;py._xmlgen.raw object at 0x7fb29dabdd30&gt;</skipped></testcase><testcase classname="src.pymortests.affine_grid" file="src/pymortests/affine_grid.py" line="174" name="test_unit_outer_normals_normed[&lt;lambda&gt;13]" time="0.00040078163146972656"><skipped message="Suite splitting in effect" type="pytest.skip">src/pymortests/affine_grid.py:174: &lt;py._xmlgen.raw object at 0x7fb29dabd390&gt;</skipped></testcase><testcase classname="src.pymortests.affine_grid" file="src/pymortests/affine_grid.py" line="174" name="test_unit_outer_normals_normed[&lt;lambda&gt;14]" time="0.0004096031188964844"><skipped message="Suite splitting in effect" type="pytest.skip">src/pymortests/affine_grid.py:174: &lt;py._xmlgen.raw object at 0x7fb29dbe2be0&gt;</skipped></testcase><testcase classname="src.pymortests.affine_grid" file="src/pymortests/affine_grid.py" line="174" name="test_unit_outer_normals_normed[&lt;lambda&gt;15]" time="0.0004239082336425781"><skipped message="Suite splitting in effect" type="pytest.skip">src/pymortests/affine_grid.py:174: &lt;py._xmlgen.raw object at 0x7fb2dcbeb748&gt;</skipped></testcase><testcase classname="src.pymortests.affine_grid" file="src/pymortests/affine_grid.py" line="174" name="test_unit_outer_normals_normed[&lt;lambda&gt;16]" time="0.0003845691680908203"><skipped message="Suite splitting in effect" type="pytest.skip">src/pymortests/affine_grid.py:174: &lt;py._xmlgen.raw object at 0x7fb29dab3a58&gt;</skipped></testcase><testcase classname="src.pymortests.affine_grid" file="src/pymortests/affine_grid.py" line="174" name="test_unit_outer_normals_normed[&lt;lambda&gt;17]" time="0.00039577484130859375"><skipped message="Suite splitting in effect" type="pytest.skip">src/pymortests/affine_grid.py:174: &lt;py._xmlgen.raw object at 0x7fb2dcc0e9b0&gt;</skipped></testcase><testcase classname="src.pymortests.affine_grid" file="src/pymortests/affine_grid.py" line="174" name="test_unit_outer_normals_normed[&lt;lambda&gt;18]" time="0.00045680999755859375"><skipped message="Suite splitting in effect" type="pytest.skip">src/pymortests/affine_grid.py:174: &lt;py._xmlgen.raw object at 0x7fb29dc27f98&gt;</skipped></testcase><testcase classname="src.pymortests.affine_grid" file="src/pymortests/affine_grid.py" line="174" name="test_unit_outer_normals_normed[&lt;lambda&gt;19]" time="0.0004286766052246094"><skipped message="Suite splitting in effect" type="pytest.skip">src/pymortests/affine_grid.py:174: &lt;py._xmlgen.raw object at 0x7fb29da55630&gt;</skipped></testcase><testcase classname="src.pymortests.affine_grid" file="src/pymortests/affine_grid.py" line="174" name="test_unit_outer_normals_normed[&lt;lambda&gt;20]" time="0.0003921985626220703"><skipped message="Suite splitting in effect" type="pytest.skip">src/pymortests/affine_grid.py:174: &lt;py._xmlgen.raw object at 0x7fb29db2c128&gt;</skipped></testcase><testcase classname="src.pymortests.affine_grid" file="src/pymortests/affine_grid.py" line="174" name="test_unit_outer_normals_normed[&lt;lambda&gt;21]" time="0.0004229545593261719"><skipped message="Suite splitting in effect" type="pytest.skip">src/pymortests/affine_grid.py:174: &lt;py._xmlgen.raw object at 0x7fb2dcc0ef98&gt;</skipped></testcase><testcase classname="src.pymortests.affine_grid" file="src/pymortests/affine_grid.py" line="174" name="test_unit_outer_normals_normed[&lt;lambda&gt;22]" time="0.00038695335388183594"><skipped message="Suite splitting in effect" type="pytest.skip">src/pymortests/affine_grid.py:174: &lt;py._xmlgen.raw object at 0x7fb29da9e1d0&gt;</skipped></testcase><testcase classname="src.pymortests.affine_grid" file="src/pymortests/affine_grid.py" line="174" name="test_unit_outer_normals_normed[&lt;lambda&gt;23]" time="0.0004277229309082031"><skipped message="Suite splitting in effect" type="pytest.skip">src/pymortests/affine_grid.py:174: &lt;py._xmlgen.raw object at 0x7fb29dad7f28&gt;</skipped></testcase><testcase classname="src.pymortests.affine_grid" file="src/pymortests/affine_grid.py" line="174" name="test_unit_outer_normals_normed[&lt;lambda&gt;24]" time="0.0004191398620605469"><skipped message="Suite splitting in effect" type="pytest.skip">src/pymortests/affine_grid.py:174: &lt;py._xmlgen.raw object at 0x7fb2a5728a20&gt;</skipped></testcase><testcase classname="src.pymortests.affine_grid" file="src/pymortests/affine_grid.py" line="174" name="test_unit_outer_normals_normed[&lt;lambda&gt;25]" time="0.0003883838653564453"><skipped message="Suite splitting in effect" type="pytest.skip">src/pymortests/affine_grid.py:174: &lt;py._xmlgen.raw object at 0x7fb29dabda90&gt;</skipped></testcase><testcase classname="src.pymortests.affine_grid" file="src/pymortests/affine_grid.py" line="174" name="test_unit_outer_normals_normed[&lt;lambda&gt;26]" time="0.00041556358337402344"><skipped message="Suite splitting in effect" type="pytest.skip">src/pymortests/affine_grid.py:174: &lt;py._xmlgen.raw object at 0x7fb29da55470&gt;</skipped></testcase><testcase classname="src.pymortests.affine_grid" file="src/pymortests/affine_grid.py" line="174" name="test_unit_outer_normals_normed[&lt;lambda&gt;27]" time="0.0004096031188964844"><skipped message="Suite splitting in effect" type="pytest.skip">src/pymortests/affine_grid.py:174: &lt;py._xmlgen.raw object at 0x7fb29da55ef0&gt;</skipped></testcase><testcase classname="src.pymortests.affine_grid" file="src/pymortests/affine_grid.py" line="174" name="test_unit_outer_normals_normed[&lt;lambda&gt;28]" time="0.00041604042053222656"><skipped message="Suite splitting in effect" type="pytest.skip">src/pymortests/affine_grid.py:174: &lt;py._xmlgen.raw object at 0x7fb29da55eb8&gt;</skipped></testcase><testcase classname="src.pymortests.affine_grid" file="src/pymortests/affine_grid.py" line="174" name="test_unit_outer_normals_normed[&lt;lambda&gt;29]" time="0.0004684925079345703"><skipped message="Suite splitting in effect" type="pytest.skip">src/pymortests/affine_grid.py:174: &lt;py._xmlgen.raw object at 0x7fb29da55320&gt;</skipped></testcase><testcase classname="src.pymortests.affine_grid" file="src/pymortests/affine_grid.py" line="174" name="test_unit_outer_normals_normed[&lt;lambda&gt;30]" time="0.00044846534729003906"><skipped message="Suite splitting in effect" type="pytest.skip">src/pymortests/affine_grid.py:174: &lt;py._xmlgen.raw object at 0x7fb29dabdb70&gt;</skipped></testcase><testcase classname="src.pymortests.affine_grid" file="src/pymortests/affine_grid.py" line="174" name="test_unit_outer_normals_normed[&lt;lambda&gt;31]" time="0.00045371055603027344"><skipped message="Suite splitting in effect" type="pytest.skip">src/pymortests/affine_grid.py:174: &lt;py._xmlgen.raw object at 0x7fb29dad7da0&gt;</skipped></testcase><testcase classname="src.pymortests.affine_grid" file="src/pymortests/affine_grid.py" line="174" name="test_unit_outer_normals_normed[&lt;lambda&gt;32]" time="0.00047206878662109375"><skipped message="Suite splitting in effect" type="pytest.skip">src/pymortests/affine_grid.py:174: &lt;py._xmlgen.raw object at 0x7fb29dab3ac8&gt;</skipped></testcase><testcase classname="src.pymortests.affine_grid" file="src/pymortests/affine_grid.py" line="174" name="test_unit_outer_normals_normed[&lt;lambda&gt;33]" time="0.00045371055603027344"><skipped message="Suite splitting in effect" type="pytest.skip">src/pymortests/affine_grid.py:174: &lt;py._xmlgen.raw object at 0x7fb2dcba0470&gt;</skipped></testcase><testcase classname="src.pymortests.affine_grid" file="src/pymortests/affine_grid.py" line="174" name="test_unit_outer_normals_normed[&lt;lambda&gt;34]" time="0.00038623809814453125"><skipped message="Suite splitting in effect" type="pytest.skip">src/pymortests/affine_grid.py:174: &lt;py._xmlgen.raw object at 0x7fb29db7b470&gt;</skipped></testcase><testcase classname="src.pymortests.affine_grid" file="src/pymortests/affine_grid.py" line="174" name="test_unit_outer_normals_normed[&lt;lambda&gt;35]" time="0.00040531158447265625"><skipped message="Suite splitting in effect" type="pytest.skip">src/pymortests/affine_grid.py:174: &lt;py._xmlgen.raw object at 0x7fb29da5b7f0&gt;</skipped></testcase><testcase classname="src.pymortests.affine_grid" file="src/pymortests/affine_grid.py" line="174" name="test_unit_outer_normals_normed[&lt;lambda&gt;36]" time="0.000408172607421875"><skipped message="Suite splitting in effect" type="pytest.skip">src/pymortests/affine_grid.py:174: &lt;py._xmlgen.raw object at 0x7fb29da5bd30&gt;</skipped></testcase><testcase classname="src.pymortests.affine_grid" file="src/pymortests/affine_grid.py" line="174" name="test_unit_outer_normals_normed[&lt;lambda&gt;37]" time="0.0008084774017333984"><skipped message="Suite splitting in effect" type="pytest.skip">src/pymortests/affine_grid.py:174: &lt;py._xmlgen.raw object at 0x7fb2dcc0e710&gt;</skipped></testcase><testcase classname="src.pymortests.affine_grid" file="src/pymortests/affine_grid.py" line="174" name="test_unit_outer_normals_normed[&lt;lambda&gt;38]" time="0.0005471706390380859"><skipped message="Suite splitting in effect" type="pytest.skip">src/pymortests/affine_grid.py:174: &lt;py._xmlgen.raw object at 0x7fb2e245bc50&gt;</skipped></testcase><testcase classname="src.pymortests.affine_grid" file="src/pymortests/affine_grid.py" line="174" name="test_unit_outer_normals_normed[&lt;lambda&gt;39]" time="0.000461578369140625"><skipped message="Suite splitting in effect" type="pytest.skip">src/pymortests/affine_grid.py:174: &lt;py._xmlgen.raw object at 0x7fb2e3d63748&gt;</skipped></testcase><testcase classname="src.pymortests.affine_grid" file="src/pymortests/affine_grid.py" line="174" name="test_unit_outer_normals_normed[&lt;lambda&gt;40]" time="0.0004901885986328125"><skipped message="Suite splitting in effect" type="pytest.skip">src/pymortests/affine_grid.py:174: &lt;py._xmlgen.raw object at 0x7fb29dabd240&gt;</skipped></testcase><testcase classname="src.pymortests.affine_grid" file="src/pymortests/affine_grid.py" line="174" name="test_unit_outer_normals_normed[&lt;lambda&gt;41]" time="0.0004379749298095703"><skipped message="Suite splitting in effect" type="pytest.skip">src/pymortests/affine_grid.py:174: &lt;py._xmlgen.raw object at 0x7fb29da55438&gt;</skipped></testcase><testcase classname="src.pymortests.affine_grid" file="src/pymortests/affine_grid.py" line="174" name="test_unit_outer_normals_normed[&lt;lambda&gt;42]" time="0.0005023479461669922"><skipped message="Suite splitting in effect" type="pytest.skip">src/pymortests/affine_grid.py:174: &lt;py._xmlgen.raw object at 0x7fb29da5b550&gt;</skipped></testcase><testcase classname="src.pymortests.affine_grid" file="src/pymortests/affine_grid.py" line="180" name="test_unit_outer_normals_normal[&lt;lambda&gt;0]" time="0.00045180320739746094"><skipped message="Suite splitting in effect" type="pytest.skip">src/pymortests/affine_grid.py:180: &lt;py._xmlgen.raw object at 0x7fb29da660f0&gt;</skipped></testcase><testcase classname="src.pymortests.affine_grid" file="src/pymortests/affine_grid.py" line="180" name="test_unit_outer_normals_normal[&lt;lambda&gt;1]" time="0.0013647079467773438"><skipped message="Suite splitting in effect" type="pytest.skip">src/pymortests/affine_grid.py:180: &lt;py._xmlgen.raw object at 0x7fb29da66630&gt;</skipped></testcase><testcase classname="src.pymortests.affine_grid" file="src/pymortests/affine_grid.py" line="180" name="test_unit_outer_normals_normal[&lt;lambda&gt;2]" time="0.00044274330139160156"><skipped message="Suite splitting in effect" type="pytest.skip">src/pymortests/affine_grid.py:180: &lt;py._xmlgen.raw object at 0x7fb29db05630&gt;</skipped></testcase><testcase classname="src.pymortests.affine_grid" file="src/pymortests/affine_grid.py" line="180" name="test_unit_outer_normals_normal[&lt;lambda&gt;3]" time="0.00041985511779785156"><skipped message="Suite splitting in effect" type="pytest.skip">src/pymortests/affine_grid.py:180: &lt;py._xmlgen.raw object at 0x7fb29da5bfd0&gt;</skipped></testcase><testcase classname="src.pymortests.affine_grid" file="src/pymortests/affine_grid.py" line="180" name="test_unit_outer_normals_normal[&lt;lambda&gt;4]" time="0.0004436969757080078"><skipped message="Suite splitting in effect" type="pytest.skip">src/pymortests/affine_grid.py:180: &lt;py._xmlgen.raw object at 0x7fb29da5b8d0&gt;</skipped></testcase><testcase classname="src.pymortests.affine_grid" file="src/pymortests/affine_grid.py" line="180" name="test_unit_outer_normals_normal[&lt;lambda&gt;5]" time="0.0004482269287109375"><skipped message="Suite splitting in effect" type="pytest.skip">src/pymortests/affine_grid.py:180: &lt;py._xmlgen.raw object at 0x7fb29da5b198&gt;</skipped></testcase><testcase classname="src.pymortests.affine_grid" file="src/pymortests/affine_grid.py" line="180" name="test_unit_outer_normals_normal[&lt;lambda&gt;6]" time="0.0004374980926513672"><skipped message="Suite splitting in effect" type="pytest.skip">src/pymortests/affine_grid.py:180: &lt;py._xmlgen.raw object at 0x7fb2dcba09b0&gt;</skipped></testcase><testcase classname="src.pymortests.affine_grid" file="src/pymortests/affine_grid.py" line="180" name="test_unit_outer_normals_normal[&lt;lambda&gt;7]" time="0.0004076957702636719"><skipped message="Suite splitting in effect" type="pytest.skip">src/pymortests/affine_grid.py:180: &lt;py._xmlgen.raw object at 0x7fb29dabdc18&gt;</skipped></testcase><testcase classname="src.pymortests.affine_grid" file="src/pymortests/affine_grid.py" line="180" name="test_unit_outer_normals_normal[&lt;lambda&gt;8]" time="0.0004355907440185547"><skipped message="Suite splitting in effect" type="pytest.skip">src/pymortests/affine_grid.py:180: &lt;py._xmlgen.raw object at 0x7fb29da55438&gt;</skipped></testcase><testcase classname="src.pymortests.affine_grid" file="src/pymortests/affine_grid.py" line="180" name="test_unit_outer_normals_normal[&lt;lambda&gt;9]" time="0.0004324913024902344"><skipped message="Suite splitting in effect" type="pytest.skip">src/pymortests/affine_grid.py:180: &lt;py._xmlgen.raw object at 0x7fb29da559b0&gt;</skipped></testcase><testcase classname="src.pymortests.affine_grid" file="src/pymortests/affine_grid.py" line="180" name="test_unit_outer_normals_normal[&lt;lambda&gt;10]" time="0.0007987022399902344"><skipped message="Suite splitting in effect" type="pytest.skip">src/pymortests/affine_grid.py:180: &lt;py._xmlgen.raw object at 0x7fb29da557b8&gt;</skipped></testcase><testcase classname="src.pymortests.affine_grid" file="src/pymortests/affine_grid.py" line="180" name="test_unit_outer_normals_normal[&lt;lambda&gt;11]" time="0.00046706199645996094"><skipped message="Suite splitting in effect" type="pytest.skip">src/pymortests/affine_grid.py:180: &lt;py._xmlgen.raw object at 0x7fb29dabd780&gt;</skipped></testcase><testcase classname="src.pymortests.affine_grid" file="src/pymortests/affine_grid.py" line="180" name="test_unit_outer_normals_normal[&lt;lambda&gt;12]" time="0.0004401206970214844"><skipped message="Suite splitting in effect" type="pytest.skip">src/pymortests/affine_grid.py:180: &lt;py._xmlgen.raw object at 0x7fb2dcba0128&gt;</skipped></testcase><testcase classname="src.pymortests.affine_grid" file="src/pymortests/affine_grid.py" line="180" name="test_unit_outer_normals_normal[&lt;lambda&gt;13]" time="0.0004019737243652344"><skipped message="Suite splitting in effect" type="pytest.skip">src/pymortests/affine_grid.py:180: &lt;py._xmlgen.raw object at 0x7fb29da5b2b0&gt;</skipped></testcase><testcase classname="src.pymortests.affine_grid" file="src/pymortests/affine_grid.py" line="180" name="test_unit_outer_normals_normal[&lt;lambda&gt;14]" time="0.00042819976806640625"><skipped message="Suite splitting in effect" type="pytest.skip">src/pymortests/affine_grid.py:180: &lt;py._xmlgen.raw object at 0x7fb29da5b8d0&gt;</skipped></testcase><testcase classname="src.pymortests.affine_grid" file="src/pymortests/affine_grid.py" line="180" name="test_unit_outer_normals_normal[&lt;lambda&gt;15]" time="0.0005066394805908203"><skipped message="Suite splitting in effect" type="pytest.skip">src/pymortests/affine_grid.py:180: &lt;py._xmlgen.raw object at 0x7fb2e3bffe10&gt;</skipped></testcase><testcase classname="src.pymortests.affine_grid" file="src/pymortests/affine_grid.py" line="180" name="test_unit_outer_normals_normal[&lt;lambda&gt;16]" time="0.0004341602325439453"><skipped message="Suite splitting in effect" type="pytest.skip">src/pymortests/affine_grid.py:180: &lt;py._xmlgen.raw object at 0x7fb29daa8cf8&gt;</skipped></testcase><testcase classname="src.pymortests.affine_grid" file="src/pymortests/affine_grid.py" line="180" name="test_unit_outer_normals_normal[&lt;lambda&gt;17]" time="0.0004069805145263672"><skipped message="Suite splitting in effect" type="pytest.skip">src/pymortests/affine_grid.py:180: &lt;py._xmlgen.raw object at 0x7fb2dcd378d0&gt;</skipped></testcase><testcase classname="src.pymortests.affine_grid" file="src/pymortests/affine_grid.py" line="180" name="test_unit_outer_normals_normal[&lt;lambda&gt;18]" time="0.0007522106170654297"><skipped message="Suite splitting in effect" type="pytest.skip">src/pymortests/affine_grid.py:180: &lt;py._xmlgen.raw object at 0x7fb2dcd378d0&gt;</skipped></testcase><testcase classname="src.pymortests.affine_grid" file="src/pymortests/affine_grid.py" line="180" name="test_unit_outer_normals_normal[&lt;lambda&gt;19]" time="0.0004153251647949219"><skipped message="Suite splitting in effect" type="pytest.skip">src/pymortests/affine_grid.py:180: &lt;py._xmlgen.raw object at 0x7fb29db05dd8&gt;</skipped></testcase><testcase classname="src.pymortests.affine_grid" file="src/pymortests/affine_grid.py" line="180" name="test_unit_outer_normals_normal[&lt;lambda&gt;20]" time="0.0003883838653564453"><skipped message="Suite splitting in effect" type="pytest.skip">src/pymortests/affine_grid.py:180: &lt;py._xmlgen.raw object at 0x7fb29da5b668&gt;</skipped></testcase><testcase classname="src.pymortests.affine_grid" file="src/pymortests/affine_grid.py" line="180" name="test_unit_outer_normals_normal[&lt;lambda&gt;21]" time="0.0004413127899169922"><skipped message="Suite splitting in effect" type="pytest.skip">src/pymortests/affine_grid.py:180: &lt;py._xmlgen.raw object at 0x7fb29da5ba58&gt;</skipped></testcase><testcase classname="src.pymortests.affine_grid" file="src/pymortests/affine_grid.py" line="180" name="test_unit_outer_normals_normal[&lt;lambda&gt;22]" time="0.0004284381866455078"><skipped message="Suite splitting in effect" type="pytest.skip">src/pymortests/affine_grid.py:180: &lt;py._xmlgen.raw object at 0x7fb29dabdfd0&gt;</skipped></testcase><testcase classname="src.pymortests.affine_grid" file="src/pymortests/affine_grid.py" line="180" name="test_unit_outer_normals_normal[&lt;lambda&gt;23]" time="0.0004169940948486328"><skipped message="Suite splitting in effect" type="pytest.skip">src/pymortests/affine_grid.py:180: &lt;py._xmlgen.raw object at 0x7fb2dcbc46d8&gt;</skipped></testcase><testcase classname="src.pymortests.affine_grid" file="src/pymortests/affine_grid.py" line="180" name="test_unit_outer_normals_normal[&lt;lambda&gt;24]" time="0.0004222393035888672"><skipped message="Suite splitting in effect" type="pytest.skip">src/pymortests/affine_grid.py:180: &lt;py._xmlgen.raw object at 0x7fb29da551d0&gt;</skipped></testcase><testcase classname="src.pymortests.affine_grid" file="src/pymortests/affine_grid.py" line="180" name="test_unit_outer_normals_normal[&lt;lambda&gt;25]" time="0.0004258155822753906"><skipped message="Suite splitting in effect" type="pytest.skip">src/pymortests/affine_grid.py:180: &lt;py._xmlgen.raw object at 0x7fb2dcc21518&gt;</skipped></testcase><testcase classname="src.pymortests.affine_grid" file="src/pymortests/affine_grid.py" line="180" name="test_unit_outer_normals_normal[&lt;lambda&gt;26]" time="0.0007662773132324219"><skipped message="Suite splitting in effect" type="pytest.skip">src/pymortests/affine_grid.py:180: &lt;py._xmlgen.raw object at 0x7fb29da666d8&gt;</skipped></testcase><testcase classname="src.pymortests.affine_grid" file="src/pymortests/affine_grid.py" line="180" name="test_unit_outer_normals_normal[&lt;lambda&gt;27]" time="0.0003981590270996094"><skipped message="Suite splitting in effect" type="pytest.skip">src/pymortests/affine_grid.py:180: &lt;py._xmlgen.raw object at 0x7fb29da55a20&gt;</skipped></testcase><testcase classname="src.pymortests.affine_grid" file="src/pymortests/affine_grid.py" line="180" name="test_unit_outer_normals_normal[&lt;lambda&gt;28]" time="0.0003910064697265625"><skipped message="Suite splitting in effect" type="pytest.skip">src/pymortests/affine_grid.py:180: &lt;py._xmlgen.raw object at 0x7fb2dcbc4ac8&gt;</skipped></testcase><testcase classname="src.pymortests.affine_grid" file="src/pymortests/affine_grid.py" line="180" name="test_unit_outer_normals_normal[&lt;lambda&gt;29]" time="0.0004241466522216797"><skipped message="Suite splitting in effect" type="pytest.skip">src/pymortests/affine_grid.py:180: &lt;py._xmlgen.raw object at 0x7fb2dcba0908&gt;</skipped></testcase><testcase classname="src.pymortests.affine_grid" file="src/pymortests/affine_grid.py" line="180" name="test_unit_outer_normals_normal[&lt;lambda&gt;30]" time="0.0004031658172607422"><skipped message="Suite splitting in effect" type="pytest.skip">src/pymortests/affine_grid.py:180: &lt;py._xmlgen.raw object at 0x7fb29da5b588&gt;</skipped></testcase><testcase classname="src.pymortests.affine_grid" file="src/pymortests/affine_grid.py" line="180" name="test_unit_outer_normals_normal[&lt;lambda&gt;31]" time="0.0003960132598876953"><skipped message="Suite splitting in effect" type="pytest.skip">src/pymortests/affine_grid.py:180: &lt;py._xmlgen.raw object at 0x7fb29da5bf28&gt;</skipped></testcase><testcase classname="src.pymortests.affine_grid" file="src/pymortests/affine_grid.py" line="180" name="test_unit_outer_normals_normal[&lt;lambda&gt;32]" time="0.0004239082336425781"><skipped message="Suite splitting in effect" type="pytest.skip">src/pymortests/affine_grid.py:180: &lt;py._xmlgen.raw object at 0x7fb2e2480470&gt;</skipped></testcase><testcase classname="src.pymortests.affine_grid" file="src/pymortests/affine_grid.py" line="180" name="test_unit_outer_normals_normal[&lt;lambda&gt;33]" time="0.00038313865661621094"><skipped message="Suite splitting in effect" type="pytest.skip">src/pymortests/affine_grid.py:180: &lt;py._xmlgen.raw object at 0x7fb29da66550&gt;</skipped></testcase><testcase classname="src.pymortests.affine_grid" file="src/pymortests/affine_grid.py" line="180" name="test_unit_outer_normals_normal[&lt;lambda&gt;34]" time="0.0010209083557128906"><skipped message="Suite splitting in effect" type="pytest.skip">src/pymortests/affine_grid.py:180: &lt;py._xmlgen.raw object at 0x7fb29da66c18&gt;</skipped></testcase><testcase classname="src.pymortests.affine_grid" file="src/pymortests/affine_grid.py" line="180" name="test_unit_outer_normals_normal[&lt;lambda&gt;35]" time="0.0003886222839355469"><skipped message="Suite splitting in effect" type="pytest.skip">src/pymortests/affine_grid.py:180: &lt;py._xmlgen.raw object at 0x7fb2dcbb1e10&gt;</skipped></testcase><testcase classname="src.pymortests.affine_grid" file="src/pymortests/affine_grid.py" line="180" name="test_unit_outer_normals_normal[&lt;lambda&gt;36]" time="0.0004131793975830078"><skipped message="Suite splitting in effect" type="pytest.skip">src/pymortests/affine_grid.py:180: &lt;py._xmlgen.raw object at 0x7fb29da5ba58&gt;</skipped></testcase><testcase classname="src.pymortests.affine_grid" file="src/pymortests/affine_grid.py" line="180" name="test_unit_outer_normals_normal[&lt;lambda&gt;37]" time="0.00038170814514160156"><skipped message="Suite splitting in effect" type="pytest.skip">src/pymortests/affine_grid.py:180: &lt;py._xmlgen.raw object at 0x7fb2dcba0f98&gt;</skipped></testcase><testcase classname="src.pymortests.affine_grid" file="src/pymortests/affine_grid.py" line="180" name="test_unit_outer_normals_normal[&lt;lambda&gt;38]" time="0.00038313865661621094"><skipped message="Suite splitting in effect" type="pytest.skip">src/pymortests/affine_grid.py:180: &lt;py._xmlgen.raw object at 0x7fb2dcbc4e10&gt;</skipped></testcase><testcase classname="src.pymortests.affine_grid" file="src/pymortests/affine_grid.py" line="180" name="test_unit_outer_normals_normal[&lt;lambda&gt;39]" time="0.0004146099090576172"><skipped message="Suite splitting in effect" type="pytest.skip">src/pymortests/affine_grid.py:180: &lt;py._xmlgen.raw object at 0x7fb29db69d68&gt;</skipped></testcase><testcase classname="src.pymortests.affine_grid" file="src/pymortests/affine_grid.py" line="180" name="test_unit_outer_normals_normal[&lt;lambda&gt;40]" time="0.0003917217254638672"><skipped message="Suite splitting in effect" type="pytest.skip">src/pymortests/affine_grid.py:180: &lt;py._xmlgen.raw object at 0x7fb29da66908&gt;</skipped></testcase><testcase classname="src.pymortests.affine_grid" file="src/pymortests/affine_grid.py" line="180" name="test_unit_outer_normals_normal[&lt;lambda&gt;41]" time="0.00039958953857421875"><skipped message="Suite splitting in effect" type="pytest.skip">src/pymortests/affine_grid.py:180: &lt;py._xmlgen.raw object at 0x7fb29da663c8&gt;</skipped></testcase><testcase classname="src.pymortests.affine_grid" file="src/pymortests/affine_grid.py" line="180" name="test_unit_outer_normals_normal[&lt;lambda&gt;42]" time="0.0004115104675292969"><skipped message="Suite splitting in effect" type="pytest.skip">src/pymortests/affine_grid.py:180: &lt;py._xmlgen.raw object at 0x7fb29da73278&gt;</skipped></testcase><testcase classname="src.pymortests.affine_grid" file="src/pymortests/affine_grid.py" line="189" name="test_unit_outer_normals_neighbours[&lt;lambda&gt;0]" time="0.0004296302795410156"><skipped message="Suite splitting in effect" type="pytest.skip">src/pymortests/affine_grid.py:189: &lt;py._xmlgen.raw object at 0x7fb29da66a90&gt;</skipped></testcase><testcase classname="src.pymortests.affine_grid" file="src/pymortests/affine_grid.py" line="189" name="test_unit_outer_normals_neighbours[&lt;lambda&gt;1]" time="0.000377655029296875"><skipped message="Suite splitting in effect" type="pytest.skip">src/pymortests/affine_grid.py:189: &lt;py._xmlgen.raw object at 0x7fb29da55860&gt;</skipped></testcase><testcase classname="src.pymortests.affine_grid" file="src/pymortests/affine_grid.py" line="189" name="test_unit_outer_normals_neighbours[&lt;lambda&gt;2]" time="0.0003857612609863281"><skipped message="Suite splitting in effect" type="pytest.skip">src/pymortests/affine_grid.py:189: &lt;py._xmlgen.raw object at 0x7fb2dcbc4978&gt;</skipped></testcase><testcase classname="src.pymortests.affine_grid" file="src/pymortests/affine_grid.py" line="189" name="test_unit_outer_normals_neighbours[&lt;lambda&gt;3]" time="0.0004246234893798828"><skipped message="Suite splitting in effect" type="pytest.skip">src/pymortests/affine_grid.py:189: &lt;py._xmlgen.raw object at 0x7fb2dcba0a58&gt;</skipped></testcase><testcase classname="src.pymortests.affine_grid" file="src/pymortests/affine_grid.py" line="189" name="test_unit_outer_normals_neighbours[&lt;lambda&gt;4]" time="0.000396728515625"><skipped message="Suite splitting in effect" type="pytest.skip">src/pymortests/affine_grid.py:189: &lt;py._xmlgen.raw object at 0x7fb29da5bba8&gt;</skipped></testcase><testcase classname="src.pymortests.affine_grid" file="src/pymortests/affine_grid.py" line="189" name="test_unit_outer_normals_neighbours[&lt;lambda&gt;5]" time="0.0003905296325683594"><skipped message="Suite splitting in effect" type="pytest.skip">src/pymortests/affine_grid.py:189: &lt;py._xmlgen.raw object at 0x7fb2dcbb1fd0&gt;</skipped></testcase><testcase classname="src.pymortests.affine_grid" file="src/pymortests/affine_grid.py" line="189" name="test_unit_outer_normals_neighbours[&lt;lambda&gt;6]" time="0.0004143714904785156"><skipped message="Suite splitting in effect" type="pytest.skip">src/pymortests/affine_grid.py:189: &lt;py._xmlgen.raw object at 0x7fb29da73438&gt;</skipped></testcase><testcase classname="src.pymortests.affine_grid" file="src/pymortests/affine_grid.py" line="189" name="test_unit_outer_normals_neighbours[&lt;lambda&gt;7]" time="0.0003924369812011719"><skipped message="Suite splitting in effect" type="pytest.skip">src/pymortests/affine_grid.py:189: &lt;py._xmlgen.raw object at 0x7fb29da73780&gt;</skipped></testcase><testcase classname="src.pymortests.affine_grid" file="src/pymortests/affine_grid.py" line="189" name="test_unit_outer_normals_neighbours[&lt;lambda&gt;8]" time="0.0007677078247070312"><skipped message="Suite splitting in effect" type="pytest.skip">src/pymortests/affine_grid.py:189: &lt;py._xmlgen.raw object at 0x7fb2dcd378d0&gt;</skipped></testcase><testcase classname="src.pymortests.affine_grid" file="src/pymortests/affine_grid.py" line="189" name="test_unit_outer_normals_neighbours[&lt;lambda&gt;9]" time="0.00037550926208496094"><skipped message="Suite splitting in effect" type="pytest.skip">src/pymortests/affine_grid.py:189: &lt;py._xmlgen.raw object at 0x7fb29da5b7b8&gt;</skipped></testcase><testcase classname="src.pymortests.affine_grid" file="src/pymortests/affine_grid.py" line="189" name="test_unit_outer_normals_neighbours[&lt;lambda&gt;10]" time="0.0004100799560546875"><skipped message="Suite splitting in effect" type="pytest.skip">src/pymortests/affine_grid.py:189: &lt;py._xmlgen.raw object at 0x7fb2dcbc4fd0&gt;</skipped></testcase><testcase classname="src.pymortests.affine_grid" file="src/pymortests/affine_grid.py" line="189" name="test_unit_outer_normals_neighbours[&lt;lambda&gt;11]" time="0.0004107952117919922"><skipped message="Suite splitting in effect" type="pytest.skip">src/pymortests/affine_grid.py:189: &lt;py._xmlgen.raw object at 0x7fb2dcb68b38&gt;</skipped></testcase><testcase classname="src.pymortests.affine_grid" file="src/pymortests/affine_grid.py" line="189" name="test_unit_outer_normals_neighbours[&lt;lambda&gt;12]" time="0.00039267539978027344"><skipped message="Suite splitting in effect" type="pytest.skip">src/pymortests/affine_grid.py:189: &lt;py._xmlgen.raw object at 0x7fb29da66a58&gt;</skipped></testcase><testcase classname="src.pymortests.affine_grid" file="src/pymortests/affine_grid.py" line="189" name="test_unit_outer_normals_neighbours[&lt;lambda&gt;13]" time="0.0004074573516845703"><skipped message="Suite splitting in effect" type="pytest.skip">src/pymortests/affine_grid.py:189: &lt;py._xmlgen.raw object at 0x7fb29da66fd0&gt;</skipped></testcase><testcase classname="src.pymortests.affine_grid" file="src/pymortests/affine_grid.py" line="189" name="test_unit_outer_normals_neighbours[&lt;lambda&gt;14]" time="0.00041937828063964844"><skipped message="Suite splitting in effect" type="pytest.skip">src/pymortests/affine_grid.py:189: &lt;py._xmlgen.raw object at 0x7fb29da73588&gt;</skipped></testcase><testcase classname="src.pymortests.affine_grid" file="src/pymortests/affine_grid.py" line="189" name="test_unit_outer_normals_neighbours[&lt;lambda&gt;15]" time="0.00042247772216796875"><skipped message="Suite splitting in effect" type="pytest.skip">src/pymortests/affine_grid.py:189: &lt;py._xmlgen.raw object at 0x7fb29da73cc0&gt;</skipped></testcase><testcase classname="src.pymortests.affine_grid" file="src/pymortests/affine_grid.py" line="189" name="test_unit_outer_normals_neighbours[&lt;lambda&gt;16]" time="0.0006957054138183594"><skipped message="Suite splitting in effect" type="pytest.skip">src/pymortests/affine_grid.py:189: &lt;py._xmlgen.raw object at 0x7fb29da73cc0&gt;</skipped></testcase><testcase classname="src.pymortests.affine_grid" file="src/pymortests/affine_grid.py" line="189" name="test_unit_outer_normals_neighbours[&lt;lambda&gt;17]" time="0.00039887428283691406"><skipped message="Suite splitting in effect" type="pytest.skip">src/pymortests/affine_grid.py:189: &lt;py._xmlgen.raw object at 0x7fb29da73828&gt;</skipped></testcase><testcase classname="src.pymortests.affine_grid" file="src/pymortests/affine_grid.py" line="189" name="test_unit_outer_normals_neighbours[&lt;lambda&gt;18]" time="0.0004067420959472656"><skipped message="Suite splitting in effect" type="pytest.skip">src/pymortests/affine_grid.py:189: &lt;py._xmlgen.raw object at 0x7fb29da66dd8&gt;</skipped></testcase><testcase classname="src.pymortests.affine_grid" file="src/pymortests/affine_grid.py" line="189" name="test_unit_outer_normals_neighbours[&lt;lambda&gt;19]" time="0.00038433074951171875"><skipped message="Suite splitting in effect" type="pytest.skip">src/pymortests/affine_grid.py:189: &lt;py._xmlgen.raw object at 0x7fb2dcb68fd0&gt;</skipped></testcase><testcase classname="src.pymortests.affine_grid" file="src/pymortests/affine_grid.py" line="189" name="test_unit_outer_normals_neighbours[&lt;lambda&gt;20]" time="0.00042557716369628906"><skipped message="Suite splitting in effect" type="pytest.skip">src/pymortests/affine_grid.py:189: &lt;py._xmlgen.raw object at 0x7fb2dcbc44e0&gt;</skipped></testcase><testcase classname="src.pymortests.affine_grid" file="src/pymortests/affine_grid.py" line="189" name="test_unit_outer_normals_neighbours[&lt;lambda&gt;21]" time="0.0004227161407470703"><skipped message="Suite splitting in effect" type="pytest.skip">src/pymortests/affine_grid.py:189: &lt;py._xmlgen.raw object at 0x7fb2e3bfff60&gt;</skipped></testcase><testcase classname="src.pymortests.affine_grid" file="src/pymortests/affine_grid.py" line="189" name="test_unit_outer_normals_neighbours[&lt;lambda&gt;22]" time="0.00040650367736816406"><skipped message="Suite splitting in effect" type="pytest.skip">src/pymortests/affine_grid.py:189: &lt;py._xmlgen.raw object at 0x7fb2dcbceba8&gt;</skipped></testcase><testcase classname="src.pymortests.affine_grid" file="src/pymortests/affine_grid.py" line="189" name="test_unit_outer_normals_neighbours[&lt;lambda&gt;23]" time="0.00039768218994140625"><skipped message="Suite splitting in effect" type="pytest.skip">src/pymortests/affine_grid.py:189: &lt;py._xmlgen.raw object at 0x7fb29da7d5c0&gt;</skipped></testcase><testcase classname="src.pymortests.affine_grid" file="src/pymortests/affine_grid.py" line="189" name="test_unit_outer_normals_neighbours[&lt;lambda&gt;24]" time="0.0007398128509521484"><skipped message="Suite splitting in effect" type="pytest.skip">src/pymortests/affine_grid.py:189: &lt;py._xmlgen.raw object at 0x7fb29da7db00&gt;</skipped></testcase><testcase classname="src.pymortests.affine_grid" file="src/pymortests/affine_grid.py" line="189" name="test_unit_outer_normals_neighbours[&lt;lambda&gt;25]" time="0.0004317760467529297"><skipped message="Suite splitting in effect" type="pytest.skip">src/pymortests/affine_grid.py:189: &lt;py._xmlgen.raw object at 0x7fb2dcba0a58&gt;</skipped></testcase><testcase classname="src.pymortests.affine_grid" file="src/pymortests/affine_grid.py" line="189" name="test_unit_outer_normals_neighbours[&lt;lambda&gt;26]" time="0.00038695335388183594"><skipped message="Suite splitting in effect" type="pytest.skip">src/pymortests/affine_grid.py:189: &lt;py._xmlgen.raw object at 0x7fb2dcc45c18&gt;</skipped></testcase><testcase classname="src.pymortests.affine_grid" file="src/pymortests/affine_grid.py" line="189" name="test_unit_outer_normals_neighbours[&lt;lambda&gt;27]" time="0.00042057037353515625"><skipped message="Suite splitting in effect" type="pytest.skip">src/pymortests/affine_grid.py:189: &lt;py._xmlgen.raw object at 0x7fb29da66358&gt;</skipped></testcase><testcase classname="src.pymortests.affine_grid" file="src/pymortests/affine_grid.py" line="189" name="test_unit_outer_normals_neighbours[&lt;lambda&gt;28]" time="0.00041365623474121094"><skipped message="Suite splitting in effect" type="pytest.skip">src/pymortests/affine_grid.py:189: &lt;py._xmlgen.raw object at 0x7fb2dcb784a8&gt;</skipped></testcase><testcase classname="src.pymortests.affine_grid" file="src/pymortests/affine_grid.py" line="189" name="test_unit_outer_normals_neighbours[&lt;lambda&gt;29]" time="0.00039196014404296875"><skipped message="Suite splitting in effect" type="pytest.skip">src/pymortests/affine_grid.py:189: &lt;py._xmlgen.raw object at 0x7fb29da733c8&gt;</skipped></testcase><testcase classname="src.pymortests.affine_grid" file="src/pymortests/affine_grid.py" line="189" name="test_unit_outer_normals_neighbours[&lt;lambda&gt;30]" time="0.0004062652587890625"><skipped message="Suite splitting in effect" type="pytest.skip">src/pymortests/affine_grid.py:189: &lt;py._xmlgen.raw object at 0x7fb29da7d7b8&gt;</skipped></testcase><testcase classname="src.pymortests.affine_grid" file="src/pymortests/affine_grid.py" line="189" name="test_unit_outer_normals_neighbours[&lt;lambda&gt;31]" time="0.0004189014434814453"><skipped message="Suite splitting in effect" type="pytest.skip">src/pymortests/affine_grid.py:189: &lt;py._xmlgen.raw object at 0x7fb29da7d470&gt;</skipped></testcase><testcase classname="src.pymortests.affine_grid" file="src/pymortests/affine_grid.py" line="189" name="test_unit_outer_normals_neighbours[&lt;lambda&gt;32]" time="0.0007250308990478516"><skipped message="Suite splitting in effect" type="pytest.skip">src/pymortests/affine_grid.py:189: &lt;py._xmlgen.raw object at 0x7fb29da87080&gt;</skipped></testcase><testcase classname="src.pymortests.affine_grid" file="src/pymortests/affine_grid.py" line="189" name="test_unit_outer_normals_neighbours[&lt;lambda&gt;33]" time="0.0003833770751953125"><skipped message="Suite splitting in effect" type="pytest.skip">src/pymortests/affine_grid.py:189: &lt;py._xmlgen.raw object at 0x7fb29da7d6a0&gt;</skipped></testcase><testcase classname="src.pymortests.affine_grid" file="src/pymortests/affine_grid.py" line="189" name="test_unit_outer_normals_neighbours[&lt;lambda&gt;34]" time="0.0004057884216308594"><skipped message="Suite splitting in effect" type="pytest.skip">src/pymortests/affine_grid.py:189: &lt;py._xmlgen.raw object at 0x7fb29da73630&gt;</skipped></testcase><testcase classname="src.pymortests.affine_grid" file="src/pymortests/affine_grid.py" line="189" name="test_unit_outer_normals_neighbours[&lt;lambda&gt;35]" time="0.00037980079650878906"><skipped message="Suite splitting in effect" type="pytest.skip">src/pymortests/affine_grid.py:189: &lt;py._xmlgen.raw object at 0x7fb2dcb78a90&gt;</skipped></testcase><testcase classname="src.pymortests.affine_grid" file="src/pymortests/affine_grid.py" line="189" name="test_unit_outer_normals_neighbours[&lt;lambda&gt;36]" time="0.0003876686096191406"><skipped message="Suite splitting in effect" type="pytest.skip">src/pymortests/affine_grid.py:189: &lt;py._xmlgen.raw object at 0x7fb29da66d30&gt;</skipped></testcase><testcase classname="src.pymortests.affine_grid" file="src/pymortests/affine_grid.py" line="189" name="test_unit_outer_normals_neighbours[&lt;lambda&gt;37]" time="0.0004227161407470703"><skipped message="Suite splitting in effect" type="pytest.skip">src/pymortests/affine_grid.py:189: &lt;py._xmlgen.raw object at 0x7fb2dcb68f28&gt;</skipped></testcase><testcase classname="src.pymortests.affine_grid" file="src/pymortests/affine_grid.py" line="189" name="test_unit_outer_normals_neighbours[&lt;lambda&gt;38]" time="0.0003941059112548828"><skipped message="Suite splitting in effect" type="pytest.skip">src/pymortests/affine_grid.py:189: &lt;py._xmlgen.raw object at 0x7fb29dabd128&gt;</skipped></testcase><testcase classname="src.pymortests.affine_grid" file="src/pymortests/affine_grid.py" line="189" name="test_unit_outer_normals_neighbours[&lt;lambda&gt;39]" time="0.00039577484130859375"><skipped message="Suite splitting in effect" type="pytest.skip">src/pymortests/affine_grid.py:189: &lt;py._xmlgen.raw object at 0x7fb29da87198&gt;</skipped></testcase><testcase classname="src.pymortests.affine_grid" file="src/pymortests/affine_grid.py" line="189" name="test_unit_outer_normals_neighbours[&lt;lambda&gt;40]" time="0.0004405975341796875"><skipped message="Suite splitting in effect" type="pytest.skip">src/pymortests/affine_grid.py:189: &lt;py._xmlgen.raw object at 0x7fb29da876a0&gt;</skipped></testcase><testcase classname="src.pymortests.affine_grid" file="src/pymortests/affine_grid.py" line="189" name="test_unit_outer_normals_neighbours[&lt;lambda&gt;41]" time="0.0004019737243652344"><skipped message="Suite splitting in effect" type="pytest.skip">src/pymortests/affine_grid.py:189: &lt;py._xmlgen.raw object at 0x7fb2dcbc44e0&gt;</skipped></testcase><testcase classname="src.pymortests.affine_grid" file="src/pymortests/affine_grid.py" line="189" name="test_unit_outer_normals_neighbours[&lt;lambda&gt;42]" time="0.00038361549377441406"><skipped message="Suite splitting in effect" type="pytest.skip">src/pymortests/affine_grid.py:189: &lt;py._xmlgen.raw object at 0x7fb2dcb68898&gt;</skipped></testcase><testcase classname="src.pymortests.affine_grid" file="src/pymortests/affine_grid.py" line="202" name="test_centers_wrong_arguments[&lt;lambda&gt;0]" time="0.00042247772216796875"><skipped message="Suite splitting in effect" type="pytest.skip">src/pymortests/affine_grid.py:202: &lt;py._xmlgen.raw object at 0x7fb2dcb78e80&gt;</skipped></testcase><testcase classname="src.pymortests.affine_grid" file="src/pymortests/affine_grid.py" line="202" name="test_centers_wrong_arguments[&lt;lambda&gt;1]" time="0.00038313865661621094"><skipped message="Suite splitting in effect" type="pytest.skip">src/pymortests/affine_grid.py:202: &lt;py._xmlgen.raw object at 0x7fb29da73cc0&gt;</skipped></testcase><testcase classname="src.pymortests.affine_grid" file="src/pymortests/affine_grid.py" line="202" name="test_centers_wrong_arguments[&lt;lambda&gt;2]" time="0.0003895759582519531"><skipped message="Suite splitting in effect" type="pytest.skip">src/pymortests/affine_grid.py:202: &lt;py._xmlgen.raw object at 0x7fb29da7d8d0&gt;</skipped></testcase><testcase classname="src.pymortests.affine_grid" file="src/pymortests/affine_grid.py" line="202" name="test_centers_wrong_arguments[&lt;lambda&gt;3]" time="0.000423431396484375"><skipped message="Suite splitting in effect" type="pytest.skip">src/pymortests/affine_grid.py:202: &lt;py._xmlgen.raw object at 0x7fb29da7dbe0&gt;</skipped></testcase><testcase classname="src.pymortests.affine_grid" file="src/pymortests/affine_grid.py" line="202" name="test_centers_wrong_arguments[&lt;lambda&gt;4]" time="0.0004076957702636719"><skipped message="Suite splitting in effect" type="pytest.skip">src/pymortests/affine_grid.py:202: &lt;py._xmlgen.raw object at 0x7fb29da87518&gt;</skipped></testcase><testcase classname="src.pymortests.affine_grid" file="src/pymortests/affine_grid.py" line="202" name="test_centers_wrong_arguments[&lt;lambda&gt;5]" time="0.00038242340087890625"><skipped message="Suite splitting in effect" type="pytest.skip">src/pymortests/affine_grid.py:202: &lt;py._xmlgen.raw object at 0x7fb29da87ba8&gt;</skipped></testcase><testcase classname="src.pymortests.affine_grid" file="src/pymortests/affine_grid.py" line="202" name="test_centers_wrong_arguments[&lt;lambda&gt;6]" time="0.0003981590270996094"><skipped message="Suite splitting in effect" type="pytest.skip">src/pymortests/affine_grid.py:202: &lt;py._xmlgen.raw object at 0x7fb29da7dcf8&gt;</skipped></testcase><testcase classname="src.pymortests.affine_grid" file="src/pymortests/affine_grid.py" line="202" name="test_centers_wrong_arguments[&lt;lambda&gt;7]" time="0.0003974437713623047"><skipped message="Suite splitting in effect" type="pytest.skip">src/pymortests/affine_grid.py:202: &lt;py._xmlgen.raw object at 0x7fb29da73588&gt;</skipped></testcase><testcase classname="src.pymortests.affine_grid" file="src/pymortests/affine_grid.py" line="202" name="test_centers_wrong_arguments[&lt;lambda&gt;8]" time="0.00038933753967285156"><skipped message="Suite splitting in effect" type="pytest.skip">src/pymortests/affine_grid.py:202: &lt;py._xmlgen.raw object at 0x7fb29da66358&gt;</skipped></testcase><testcase classname="src.pymortests.affine_grid" file="src/pymortests/affine_grid.py" line="202" name="test_centers_wrong_arguments[&lt;lambda&gt;9]" time="0.00038242340087890625"><skipped message="Suite splitting in effect" type="pytest.skip">src/pymortests/affine_grid.py:202: &lt;py._xmlgen.raw object at 0x7fb2dcba0a58&gt;</skipped></testcase><testcase classname="src.pymortests.affine_grid" file="src/pymortests/affine_grid.py" line="202" name="test_centers_wrong_arguments[&lt;lambda&gt;10]" time="0.0004220008850097656"><skipped message="Suite splitting in effect" type="pytest.skip">src/pymortests/affine_grid.py:202: &lt;py._xmlgen.raw object at 0x7fb29db2c128&gt;</skipped></testcase><testcase classname="src.pymortests.affine_grid" file="src/pymortests/affine_grid.py" line="202" name="test_centers_wrong_arguments[&lt;lambda&gt;11]" time="0.0003814697265625"><skipped message="Suite splitting in effect" type="pytest.skip">src/pymortests/affine_grid.py:202: &lt;py._xmlgen.raw object at 0x7fb29da87b70&gt;</skipped></testcase><testcase classname="src.pymortests.affine_grid" file="src/pymortests/affine_grid.py" line="202" name="test_centers_wrong_arguments[&lt;lambda&gt;12]" time="0.0003871917724609375"><skipped message="Suite splitting in effect" type="pytest.skip">src/pymortests/affine_grid.py:202: &lt;py._xmlgen.raw object at 0x7fb29da877b8&gt;</skipped></testcase><testcase classname="src.pymortests.affine_grid" file="src/pymortests/affine_grid.py" line="202" name="test_centers_wrong_arguments[&lt;lambda&gt;13]" time="0.00042128562927246094"><skipped message="Suite splitting in effect" type="pytest.skip">src/pymortests/affine_grid.py:202: &lt;py._xmlgen.raw object at 0x7fb29da15128&gt;</skipped></testcase><testcase classname="src.pymortests.affine_grid" file="src/pymortests/affine_grid.py" line="202" name="test_centers_wrong_arguments[&lt;lambda&gt;14]" time="0.0011844635009765625"><skipped message="Suite splitting in effect" type="pytest.skip">src/pymortests/affine_grid.py:202: &lt;py._xmlgen.raw object at 0x7fb2dcba0a58&gt;</skipped></testcase><testcase classname="src.pymortests.affine_grid" file="src/pymortests/affine_grid.py" line="202" name="test_centers_wrong_arguments[&lt;lambda&gt;15]" time="0.0003979206085205078"><skipped message="Suite splitting in effect" type="pytest.skip">src/pymortests/affine_grid.py:202: &lt;py._xmlgen.raw object at 0x7fb2dcb1d668&gt;</skipped></testcase><testcase classname="src.pymortests.affine_grid" file="src/pymortests/affine_grid.py" line="202" name="test_centers_wrong_arguments[&lt;lambda&gt;16]" time="0.00038242340087890625"><skipped message="Suite splitting in effect" type="pytest.skip">src/pymortests/affine_grid.py:202: &lt;py._xmlgen.raw object at 0x7fb29da87f60&gt;</skipped></testcase><testcase classname="src.pymortests.affine_grid" file="src/pymortests/affine_grid.py" line="202" name="test_centers_wrong_arguments[&lt;lambda&gt;17]" time="0.0004200935363769531"><skipped message="Suite splitting in effect" type="pytest.skip">src/pymortests/affine_grid.py:202: &lt;py._xmlgen.raw object at 0x7fb29da87c50&gt;</skipped></testcase><testcase classname="src.pymortests.affine_grid" file="src/pymortests/affine_grid.py" line="202" name="test_centers_wrong_arguments[&lt;lambda&gt;18]" time="0.00038051605224609375"><skipped message="Suite splitting in effect" type="pytest.skip">src/pymortests/affine_grid.py:202: &lt;py._xmlgen.raw object at 0x7fb29da734a8&gt;</skipped></testcase><testcase classname="src.pymortests.affine_grid" file="src/pymortests/affine_grid.py" line="202" name="test_centers_wrong_arguments[&lt;lambda&gt;19]" time="0.0003981590270996094"><skipped message="Suite splitting in effect" type="pytest.skip">src/pymortests/affine_grid.py:202: &lt;py._xmlgen.raw object at 0x7fb29da7d8d0&gt;</skipped></testcase><testcase classname="src.pymortests.affine_grid" file="src/pymortests/affine_grid.py" line="202" name="test_centers_wrong_arguments[&lt;lambda&gt;20]" time="0.00041961669921875"><skipped message="Suite splitting in effect" type="pytest.skip">src/pymortests/affine_grid.py:202: &lt;py._xmlgen.raw object at 0x7fb29da7db38&gt;</skipped></testcase><testcase classname="src.pymortests.affine_grid" file="src/pymortests/affine_grid.py" line="202" name="test_centers_wrong_arguments[&lt;lambda&gt;21]" time="0.0003859996795654297"><skipped message="Suite splitting in effect" type="pytest.skip">src/pymortests/affine_grid.py:202: &lt;py._xmlgen.raw object at 0x7fb29da669b0&gt;</skipped></testcase><testcase classname="src.pymortests.affine_grid" file="src/pymortests/affine_grid.py" line="202" name="test_centers_wrong_arguments[&lt;lambda&gt;22]" time="0.0004394054412841797"><skipped message="Suite splitting in effect" type="pytest.skip">src/pymortests/affine_grid.py:202: &lt;py._xmlgen.raw object at 0x7fb29da660f0&gt;</skipped></testcase><testcase classname="src.pymortests.affine_grid" file="src/pymortests/affine_grid.py" line="202" name="test_centers_wrong_arguments[&lt;lambda&gt;23]" time="0.00041604042053222656"><skipped message="Suite splitting in effect" type="pytest.skip">src/pymortests/affine_grid.py:202: &lt;py._xmlgen.raw object at 0x7fb29da7dbe0&gt;</skipped></testcase><testcase classname="src.pymortests.affine_grid" file="src/pymortests/affine_grid.py" line="202" name="test_centers_wrong_arguments[&lt;lambda&gt;24]" time="0.0003962516784667969"><skipped message="Suite splitting in effect" type="pytest.skip">src/pymortests/affine_grid.py:202: &lt;py._xmlgen.raw object at 0x7fb29da73f28&gt;</skipped></testcase><testcase classname="src.pymortests.affine_grid" file="src/pymortests/affine_grid.py" line="202" name="test_centers_wrong_arguments[&lt;lambda&gt;25]" time="0.0004100799560546875"><skipped message="Suite splitting in effect" type="pytest.skip">src/pymortests/affine_grid.py:202: &lt;py._xmlgen.raw object at 0x7fb29da87080&gt;</skipped></testcase><testcase classname="src.pymortests.affine_grid" file="src/pymortests/affine_grid.py" line="202" name="test_centers_wrong_arguments[&lt;lambda&gt;26]" time="0.00041103363037109375"><skipped message="Suite splitting in effect" type="pytest.skip">src/pymortests/affine_grid.py:202: &lt;py._xmlgen.raw object at 0x7fb29da87f98&gt;</skipped></testcase><testcase classname="src.pymortests.affine_grid" file="src/pymortests/affine_grid.py" line="202" name="test_centers_wrong_arguments[&lt;lambda&gt;27]" time="0.000423431396484375"><skipped message="Suite splitting in effect" type="pytest.skip">src/pymortests/affine_grid.py:202: &lt;py._xmlgen.raw object at 0x7fb2dcb1d7b8&gt;</skipped></testcase><testcase classname="src.pymortests.affine_grid" file="src/pymortests/affine_grid.py" line="202" name="test_centers_wrong_arguments[&lt;lambda&gt;28]" time="0.00040721893310546875"><skipped message="Suite splitting in effect" type="pytest.skip">src/pymortests/affine_grid.py:202: &lt;py._xmlgen.raw object at 0x7fb29dab3f60&gt;</skipped></testcase><testcase classname="src.pymortests.affine_grid" file="src/pymortests/affine_grid.py" line="202" name="test_centers_wrong_arguments[&lt;lambda&gt;29]" time="0.00043487548828125"><skipped message="Suite splitting in effect" type="pytest.skip">src/pymortests/affine_grid.py:202: &lt;py._xmlgen.raw object at 0x7fb29da55ba8&gt;</skipped></testcase><testcase classname="src.pymortests.affine_grid" file="src/pymortests/affine_grid.py" line="202" name="test_centers_wrong_arguments[&lt;lambda&gt;30]" time="0.0007565021514892578"><skipped message="Suite splitting in effect" type="pytest.skip">src/pymortests/affine_grid.py:202: &lt;py._xmlgen.raw object at 0x7fb29da150f0&gt;</skipped></testcase><testcase classname="src.pymortests.affine_grid" file="src/pymortests/affine_grid.py" line="202" name="test_centers_wrong_arguments[&lt;lambda&gt;31]" time="0.0003762245178222656"><skipped message="Suite splitting in effect" type="pytest.skip">src/pymortests/affine_grid.py:202: &lt;py._xmlgen.raw object at 0x7fb29db93668&gt;</skipped></testcase><testcase classname="src.pymortests.affine_grid" file="src/pymortests/affine_grid.py" line="202" name="test_centers_wrong_arguments[&lt;lambda&gt;32]" time="0.00037980079650878906"><skipped message="Suite splitting in effect" type="pytest.skip">src/pymortests/affine_grid.py:202: &lt;py._xmlgen.raw object at 0x7fb2dcb784a8&gt;</skipped></testcase><testcase classname="src.pymortests.affine_grid" file="src/pymortests/affine_grid.py" line="202" name="test_centers_wrong_arguments[&lt;lambda&gt;33]" time="0.00039577484130859375"><skipped message="Suite splitting in effect" type="pytest.skip">src/pymortests/affine_grid.py:202: &lt;py._xmlgen.raw object at 0x7fb2dcb1d908&gt;</skipped></testcase><testcase classname="src.pymortests.affine_grid" file="src/pymortests/affine_grid.py" line="202" name="test_centers_wrong_arguments[&lt;lambda&gt;34]" time="0.0003790855407714844"><skipped message="Suite splitting in effect" type="pytest.skip">src/pymortests/affine_grid.py:202: &lt;py._xmlgen.raw object at 0x7fb29da87a90&gt;</skipped></testcase><testcase classname="src.pymortests.affine_grid" file="src/pymortests/affine_grid.py" line="202" name="test_centers_wrong_arguments[&lt;lambda&gt;35]" time="0.00038313865661621094"><skipped message="Suite splitting in effect" type="pytest.skip">src/pymortests/affine_grid.py:202: &lt;py._xmlgen.raw object at 0x7fb29da739b0&gt;</skipped></testcase><testcase classname="src.pymortests.affine_grid" file="src/pymortests/affine_grid.py" line="202" name="test_centers_wrong_arguments[&lt;lambda&gt;36]" time="0.00041413307189941406"><skipped message="Suite splitting in effect" type="pytest.skip">src/pymortests/affine_grid.py:202: &lt;py._xmlgen.raw object at 0x7fb29da7d438&gt;</skipped></testcase><testcase classname="src.pymortests.affine_grid" file="src/pymortests/affine_grid.py" line="202" name="test_centers_wrong_arguments[&lt;lambda&gt;37]" time="0.0003783702850341797"><skipped message="Suite splitting in effect" type="pytest.skip">src/pymortests/affine_grid.py:202: &lt;py._xmlgen.raw object at 0x7fb29da153c8&gt;</skipped></testcase><testcase classname="src.pymortests.affine_grid" file="src/pymortests/affine_grid.py" line="202" name="test_centers_wrong_arguments[&lt;lambda&gt;38]" time="0.0003991127014160156"><skipped message="Suite splitting in effect" type="pytest.skip">src/pymortests/affine_grid.py:202: &lt;py._xmlgen.raw object at 0x7fb29da15828&gt;</skipped></testcase><testcase classname="src.pymortests.affine_grid" file="src/pymortests/affine_grid.py" line="202" name="test_centers_wrong_arguments[&lt;lambda&gt;39]" time="0.00038504600524902344"><skipped message="Suite splitting in effect" type="pytest.skip">src/pymortests/affine_grid.py:202: &lt;py._xmlgen.raw object at 0x7fb29da7d198&gt;</skipped></testcase><testcase classname="src.pymortests.affine_grid" file="src/pymortests/affine_grid.py" line="202" name="test_centers_wrong_arguments[&lt;lambda&gt;40]" time="0.00040411949157714844"><skipped message="Suite splitting in effect" type="pytest.skip">src/pymortests/affine_grid.py:202: &lt;py._xmlgen.raw object at 0x7fb29da73320&gt;</skipped></testcase><testcase classname="src.pymortests.affine_grid" file="src/pymortests/affine_grid.py" line="202" name="test_centers_wrong_arguments[&lt;lambda&gt;41]" time="0.000377655029296875"><skipped message="Suite splitting in effect" type="pytest.skip">src/pymortests/affine_grid.py:202: &lt;py._xmlgen.raw object at 0x7fb29da87e80&gt;</skipped></testcase><testcase classname="src.pymortests.affine_grid" file="src/pymortests/affine_grid.py" line="202" name="test_centers_wrong_arguments[&lt;lambda&gt;42]" time="0.0003902912139892578"><skipped message="Suite splitting in effect" type="pytest.skip">src/pymortests/affine_grid.py:202: &lt;py._xmlgen.raw object at 0x7fb29dc01978&gt;</skipped></testcase><testcase classname="src.pymortests.affine_grid" file="src/pymortests/affine_grid.py" line="210" name="test_centers_shape[&lt;lambda&gt;0]" time="0.00040912628173828125"><skipped message="Suite splitting in effect" type="pytest.skip">src/pymortests/affine_grid.py:210: &lt;py._xmlgen.raw object at 0x7fb2dcb2f9b0&gt;</skipped></testcase><testcase classname="src.pymortests.affine_grid" file="src/pymortests/affine_grid.py" line="210" name="test_centers_shape[&lt;lambda&gt;1]" time="0.00038623809814453125"><skipped message="Suite splitting in effect" type="pytest.skip">src/pymortests/affine_grid.py:210: &lt;py._xmlgen.raw object at 0x7fb29da55518&gt;</skipped></testcase><testcase classname="src.pymortests.affine_grid" file="src/pymortests/affine_grid.py" line="210" name="test_centers_shape[&lt;lambda&gt;2]" time="0.0003910064697265625"><skipped message="Suite splitting in effect" type="pytest.skip">src/pymortests/affine_grid.py:210: &lt;py._xmlgen.raw object at 0x7fb29da15630&gt;</skipped></testcase><testcase classname="src.pymortests.affine_grid" file="src/pymortests/affine_grid.py" line="210" name="test_centers_shape[&lt;lambda&gt;3]" time="0.00040221214294433594"><skipped message="Suite splitting in effect" type="pytest.skip">src/pymortests/affine_grid.py:210: &lt;py._xmlgen.raw object at 0x7fb29da15d30&gt;</skipped></testcase><testcase classname="src.pymortests.affine_grid" file="src/pymortests/affine_grid.py" line="210" name="test_centers_shape[&lt;lambda&gt;4]" time="0.0007073879241943359"><skipped message="Suite splitting in effect" type="pytest.skip">src/pymortests/affine_grid.py:210: &lt;py._xmlgen.raw object at 0x7fb2dcb2fc88&gt;</skipped></testcase><testcase classname="src.pymortests.affine_grid" file="src/pymortests/affine_grid.py" line="210" name="test_centers_shape[&lt;lambda&gt;5]" time="0.00041174888610839844"><skipped message="Suite splitting in effect" type="pytest.skip">src/pymortests/affine_grid.py:210: &lt;py._xmlgen.raw object at 0x7fb29dabdc18&gt;</skipped></testcase><testcase classname="src.pymortests.affine_grid" file="src/pymortests/affine_grid.py" line="210" name="test_centers_shape[&lt;lambda&gt;6]" time="0.00041222572326660156"><skipped message="Suite splitting in effect" type="pytest.skip">src/pymortests/affine_grid.py:210: &lt;py._xmlgen.raw object at 0x7fb29da878d0&gt;</skipped></testcase><testcase classname="src.pymortests.affine_grid" file="src/pymortests/affine_grid.py" line="210" name="test_centers_shape[&lt;lambda&gt;7]" time="0.000415802001953125"><skipped message="Suite splitting in effect" type="pytest.skip">src/pymortests/affine_grid.py:210: &lt;py._xmlgen.raw object at 0x7fb29da73630&gt;</skipped></testcase><testcase classname="src.pymortests.affine_grid" file="src/pymortests/affine_grid.py" line="210" name="test_centers_shape[&lt;lambda&gt;8]" time="0.00038170814514160156"><skipped message="Suite splitting in effect" type="pytest.skip">src/pymortests/affine_grid.py:210: &lt;py._xmlgen.raw object at 0x7fb29da7d128&gt;</skipped></testcase><testcase classname="src.pymortests.affine_grid" file="src/pymortests/affine_grid.py" line="210" name="test_centers_shape[&lt;lambda&gt;9]" time="0.00041103363037109375"><skipped message="Suite splitting in effect" type="pytest.skip">src/pymortests/affine_grid.py:210: &lt;py._xmlgen.raw object at 0x7fb29da15eb8&gt;</skipped></testcase><testcase classname="src.pymortests.affine_grid" file="src/pymortests/affine_grid.py" line="210" name="test_centers_shape[&lt;lambda&gt;10]" time="0.00041174888610839844"><skipped message="Suite splitting in effect" type="pytest.skip">src/pymortests/affine_grid.py:210: &lt;py._xmlgen.raw object at 0x7fb29da152b0&gt;</skipped></testcase><testcase classname="src.pymortests.affine_grid" file="src/pymortests/affine_grid.py" line="210" name="test_centers_shape[&lt;lambda&gt;11]" time="0.00041675567626953125"><skipped message="Suite splitting in effect" type="pytest.skip">src/pymortests/affine_grid.py:210: &lt;py._xmlgen.raw object at 0x7fb29da212b0&gt;</skipped></testcase><testcase classname="src.pymortests.affine_grid" file="src/pymortests/affine_grid.py" line="210" name="test_centers_shape[&lt;lambda&gt;12]" time="0.0007264614105224609"><skipped message="Suite splitting in effect" type="pytest.skip">src/pymortests/affine_grid.py:210: &lt;py._xmlgen.raw object at 0x7fb29dad7f28&gt;</skipped></testcase><testcase classname="src.pymortests.affine_grid" file="src/pymortests/affine_grid.py" line="210" name="test_centers_shape[&lt;lambda&gt;13]" time="0.00038242340087890625"><skipped message="Suite splitting in effect" type="pytest.skip">src/pymortests/affine_grid.py:210: &lt;py._xmlgen.raw object at 0x7fb29da15c18&gt;</skipped></testcase><testcase classname="src.pymortests.affine_grid" file="src/pymortests/affine_grid.py" line="210" name="test_centers_shape[&lt;lambda&gt;14]" time="0.0004222393035888672"><skipped message="Suite splitting in effect" type="pytest.skip">src/pymortests/affine_grid.py:210: &lt;py._xmlgen.raw object at 0x7fb29da7dac8&gt;</skipped></testcase><testcase classname="src.pymortests.affine_grid" file="src/pymortests/affine_grid.py" line="210" name="test_centers_shape[&lt;lambda&gt;15]" time="0.00042510032653808594"><skipped message="Suite splitting in effect" type="pytest.skip">src/pymortests/affine_grid.py:210: &lt;py._xmlgen.raw object at 0x7fb29da87f98&gt;</skipped></testcase><testcase classname="src.pymortests.affine_grid" file="src/pymortests/affine_grid.py" line="210" name="test_centers_shape[&lt;lambda&gt;16]" time="0.0003898143768310547"><skipped message="Suite splitting in effect" type="pytest.skip">src/pymortests/affine_grid.py:210: &lt;py._xmlgen.raw object at 0x7fb29dab3f60&gt;</skipped></testcase><testcase classname="src.pymortests.affine_grid" file="src/pymortests/affine_grid.py" line="210" name="test_centers_shape[&lt;lambda&gt;17]" time="0.00041866302490234375"><skipped message="Suite splitting in effect" type="pytest.skip">src/pymortests/affine_grid.py:210: &lt;py._xmlgen.raw object at 0x7fb2dcb78a90&gt;</skipped></testcase><testcase classname="src.pymortests.affine_grid" file="src/pymortests/affine_grid.py" line="210" name="test_centers_shape[&lt;lambda&gt;18]" time="0.00041294097900390625"><skipped message="Suite splitting in effect" type="pytest.skip">src/pymortests/affine_grid.py:210: &lt;py._xmlgen.raw object at 0x7fb29da210f0&gt;</skipped></testcase><testcase classname="src.pymortests.affine_grid" file="src/pymortests/affine_grid.py" line="210" name="test_centers_shape[&lt;lambda&gt;19]" time="0.00039124488830566406"><skipped message="Suite splitting in effect" type="pytest.skip">src/pymortests/affine_grid.py:210: &lt;py._xmlgen.raw object at 0x7fb29da21b70&gt;</skipped></testcase><testcase classname="src.pymortests.affine_grid" file="src/pymortests/affine_grid.py" line="210" name="test_centers_shape[&lt;lambda&gt;20]" time="0.0009691715240478516"><skipped message="Suite splitting in effect" type="pytest.skip">src/pymortests/affine_grid.py:210: &lt;py._xmlgen.raw object at 0x7fb29da290f0&gt;</skipped></testcase><testcase classname="src.pymortests.affine_grid" file="src/pymortests/affine_grid.py" line="210" name="test_centers_shape[&lt;lambda&gt;21]" time="0.00042057037353515625"><skipped message="Suite splitting in effect" type="pytest.skip">src/pymortests/affine_grid.py:210: &lt;py._xmlgen.raw object at 0x7fb29da21828&gt;</skipped></testcase><testcase classname="src.pymortests.affine_grid" file="src/pymortests/affine_grid.py" line="210" name="test_centers_shape[&lt;lambda&gt;22]" time="0.0003807544708251953"><skipped message="Suite splitting in effect" type="pytest.skip">src/pymortests/affine_grid.py:210: &lt;py._xmlgen.raw object at 0x7fb2dcb2f5c0&gt;</skipped></testcase><testcase classname="src.pymortests.affine_grid" file="src/pymortests/affine_grid.py" line="210" name="test_centers_shape[&lt;lambda&gt;23]" time="0.0003972053527832031"><skipped message="Suite splitting in effect" type="pytest.skip">src/pymortests/affine_grid.py:210: &lt;py._xmlgen.raw object at 0x7fb2dcb40eb8&gt;</skipped></testcase><testcase classname="src.pymortests.affine_grid" file="src/pymortests/affine_grid.py" line="210" name="test_centers_shape[&lt;lambda&gt;24]" time="0.0004222393035888672"><skipped message="Suite splitting in effect" type="pytest.skip">src/pymortests/affine_grid.py:210: &lt;py._xmlgen.raw object at 0x7fb2dcb1d9b0&gt;</skipped></testcase><testcase classname="src.pymortests.affine_grid" file="src/pymortests/affine_grid.py" line="210" name="test_centers_shape[&lt;lambda&gt;25]" time="0.0003917217254638672"><skipped message="Suite splitting in effect" type="pytest.skip">src/pymortests/affine_grid.py:210: &lt;py._xmlgen.raw object at 0x7fb29da73630&gt;</skipped></testcase><testcase classname="src.pymortests.affine_grid" file="src/pymortests/affine_grid.py" line="210" name="test_centers_shape[&lt;lambda&gt;26]" time="0.00039005279541015625"><skipped message="Suite splitting in effect" type="pytest.skip">src/pymortests/affine_grid.py:210: &lt;py._xmlgen.raw object at 0x7fb29da15550&gt;</skipped></testcase><testcase classname="src.pymortests.affine_grid" file="src/pymortests/affine_grid.py" line="210" name="test_centers_shape[&lt;lambda&gt;27]" time="0.00041556358337402344"><skipped message="Suite splitting in effect" type="pytest.skip">src/pymortests/affine_grid.py:210: &lt;py._xmlgen.raw object at 0x7fb29dad7e80&gt;</skipped></testcase><testcase classname="src.pymortests.affine_grid" file="src/pymortests/affine_grid.py" line="210" name="test_centers_shape[&lt;lambda&gt;28]" time="0.0007050037384033203"><skipped message="Suite splitting in effect" type="pytest.skip">src/pymortests/affine_grid.py:210: &lt;py._xmlgen.raw object at 0x7fb29da29630&gt;</skipped></testcase><testcase classname="src.pymortests.affine_grid" file="src/pymortests/affine_grid.py" line="210" name="test_centers_shape[&lt;lambda&gt;29]" time="0.0003979206085205078"><skipped message="Suite splitting in effect" type="pytest.skip">src/pymortests/affine_grid.py:210: &lt;py._xmlgen.raw object at 0x7fb29da15d30&gt;</skipped></testcase><testcase classname="src.pymortests.affine_grid" file="src/pymortests/affine_grid.py" line="210" name="test_centers_shape[&lt;lambda&gt;30]" time="0.0003802776336669922"><skipped message="Suite splitting in effect" type="pytest.skip">src/pymortests/affine_grid.py:210: &lt;py._xmlgen.raw object at 0x7fb29da879b0&gt;</skipped></testcase><testcase classname="src.pymortests.affine_grid" file="src/pymortests/affine_grid.py" line="210" name="test_centers_shape[&lt;lambda&gt;31]" time="0.00041675567626953125"><skipped message="Suite splitting in effect" type="pytest.skip">src/pymortests/affine_grid.py:210: &lt;py._xmlgen.raw object at 0x7fb2dcb40a20&gt;</skipped></testcase><testcase classname="src.pymortests.affine_grid" file="src/pymortests/affine_grid.py" line="210" name="test_centers_shape[&lt;lambda&gt;32]" time="0.0003840923309326172"><skipped message="Suite splitting in effect" type="pytest.skip">src/pymortests/affine_grid.py:210: &lt;py._xmlgen.raw object at 0x7fb2dcb50438&gt;</skipped></testcase><testcase classname="src.pymortests.affine_grid" file="src/pymortests/affine_grid.py" line="210" name="test_centers_shape[&lt;lambda&gt;33]" time="0.00037860870361328125"><skipped message="Suite splitting in effect" type="pytest.skip">src/pymortests/affine_grid.py:210: &lt;py._xmlgen.raw object at 0x7fb29da21198&gt;</skipped></testcase><testcase classname="src.pymortests.affine_grid" file="src/pymortests/affine_grid.py" line="210" name="test_centers_shape[&lt;lambda&gt;34]" time="0.00040078163146972656"><skipped message="Suite splitting in effect" type="pytest.skip">src/pymortests/affine_grid.py:210: &lt;py._xmlgen.raw object at 0x7fb29da21c50&gt;</skipped></testcase><testcase classname="src.pymortests.affine_grid" file="src/pymortests/affine_grid.py" line="210" name="test_centers_shape[&lt;lambda&gt;35]" time="0.00037932395935058594"><skipped message="Suite splitting in effect" type="pytest.skip">src/pymortests/affine_grid.py:210: &lt;py._xmlgen.raw object at 0x7fb29da294e0&gt;</skipped></testcase><testcase classname="src.pymortests.affine_grid" file="src/pymortests/affine_grid.py" line="210" name="test_centers_shape[&lt;lambda&gt;36]" time="0.0003876686096191406"><skipped message="Suite splitting in effect" type="pytest.skip">src/pymortests/affine_grid.py:210: &lt;py._xmlgen.raw object at 0x7fb29da29c50&gt;</skipped></testcase><testcase classname="src.pymortests.affine_grid" file="src/pymortests/affine_grid.py" line="210" name="test_centers_shape[&lt;lambda&gt;37]" time="0.0003972053527832031"><skipped message="Suite splitting in effect" type="pytest.skip">src/pymortests/affine_grid.py:210: &lt;py._xmlgen.raw object at 0x7fb29da21cf8&gt;</skipped></testcase><testcase classname="src.pymortests.affine_grid" file="src/pymortests/affine_grid.py" line="210" name="test_centers_shape[&lt;lambda&gt;38]" time="0.000396728515625"><skipped message="Suite splitting in effect" type="pytest.skip">src/pymortests/affine_grid.py:210: &lt;py._xmlgen.raw object at 0x7fb2dcb50c18&gt;</skipped></testcase><testcase classname="src.pymortests.affine_grid" file="src/pymortests/affine_grid.py" line="210" name="test_centers_shape[&lt;lambda&gt;39]" time="0.0003998279571533203"><skipped message="Suite splitting in effect" type="pytest.skip">src/pymortests/affine_grid.py:210: &lt;py._xmlgen.raw object at 0x7fb2dcb40a20&gt;</skipped></testcase><testcase classname="src.pymortests.affine_grid" file="src/pymortests/affine_grid.py" line="210" name="test_centers_shape[&lt;lambda&gt;40]" time="0.00038552284240722656"><skipped message="Suite splitting in effect" type="pytest.skip">src/pymortests/affine_grid.py:210: &lt;py._xmlgen.raw object at 0x7fb29da87c50&gt;</skipped></testcase><testcase classname="src.pymortests.affine_grid" file="src/pymortests/affine_grid.py" line="210" name="test_centers_shape[&lt;lambda&gt;41]" time="0.0004177093505859375"><skipped message="Suite splitting in effect" type="pytest.skip">src/pymortests/affine_grid.py:210: &lt;py._xmlgen.raw object at 0x7fb29da15b38&gt;</skipped></testcase><testcase classname="src.pymortests.affine_grid" file="src/pymortests/affine_grid.py" line="210" name="test_centers_shape[&lt;lambda&gt;42]" time="0.00038909912109375"><skipped message="Suite splitting in effect" type="pytest.skip">src/pymortests/affine_grid.py:210: &lt;py._xmlgen.raw object at 0x7fb29da29cf8&gt;</skipped></testcase><testcase classname="src.pymortests.affine_grid" file="src/pymortests/affine_grid.py" line="216" name="test_centers_values[&lt;lambda&gt;0]" time="0.0003998279571533203"><skipped message="Suite splitting in effect" type="pytest.skip">src/pymortests/affine_grid.py:216: &lt;py._xmlgen.raw object at 0x7fb29da29550&gt;</skipped></testcase><testcase classname="src.pymortests.affine_grid" file="src/pymortests/affine_grid.py" line="216" name="test_centers_values[&lt;lambda&gt;1]" time="0.0004162788391113281"><skipped message="Suite splitting in effect" type="pytest.skip">src/pymortests/affine_grid.py:216: &lt;py._xmlgen.raw object at 0x7fb29da34198&gt;</skipped></testcase><testcase classname="src.pymortests.affine_grid" file="src/pymortests/affine_grid.py" line="216" name="test_centers_values[&lt;lambda&gt;2]" time="0.0006864070892333984"><skipped message="Suite splitting in effect" type="pytest.skip">src/pymortests/affine_grid.py:216: &lt;py._xmlgen.raw object at 0x7fb29da29f28&gt;</skipped></testcase><testcase classname="src.pymortests.affine_grid" file="src/pymortests/affine_grid.py" line="216" name="test_centers_values[&lt;lambda&gt;3]" time="0.0003921985626220703"><skipped message="Suite splitting in effect" type="pytest.skip">src/pymortests/affine_grid.py:216: &lt;py._xmlgen.raw object at 0x7fb29da29860&gt;</skipped></testcase><testcase classname="src.pymortests.affine_grid" file="src/pymortests/affine_grid.py" line="216" name="test_centers_values[&lt;lambda&gt;4]" time="0.00044274330139160156"><skipped message="Suite splitting in effect" type="pytest.skip">src/pymortests/affine_grid.py:216: &lt;py._xmlgen.raw object at 0x7fb29da158d0&gt;</skipped></testcase><testcase classname="src.pymortests.affine_grid" file="src/pymortests/affine_grid.py" line="216" name="test_centers_values[&lt;lambda&gt;5]" time="0.00040793418884277344"><skipped message="Suite splitting in effect" type="pytest.skip">src/pymortests/affine_grid.py:216: &lt;py._xmlgen.raw object at 0x7fb2dcb1d9b0&gt;</skipped></testcase><testcase classname="src.pymortests.affine_grid" file="src/pymortests/affine_grid.py" line="216" name="test_centers_values[&lt;lambda&gt;6]" time="0.0003952980041503906"><skipped message="Suite splitting in effect" type="pytest.skip">src/pymortests/affine_grid.py:216: &lt;py._xmlgen.raw object at 0x7fb2dcb50438&gt;</skipped></testcase><testcase classname="src.pymortests.affine_grid" file="src/pymortests/affine_grid.py" line="216" name="test_centers_values[&lt;lambda&gt;7]" time="0.00041484832763671875"><skipped message="Suite splitting in effect" type="pytest.skip">src/pymortests/affine_grid.py:216: &lt;py._xmlgen.raw object at 0x7fb29da21d68&gt;</skipped></testcase><testcase classname="src.pymortests.affine_grid" file="src/pymortests/affine_grid.py" line="216" name="test_centers_values[&lt;lambda&gt;8]" time="0.0004203319549560547"><skipped message="Suite splitting in effect" type="pytest.skip">src/pymortests/affine_grid.py:216: &lt;py._xmlgen.raw object at 0x7fb29da340b8&gt;</skipped></testcase><testcase classname="src.pymortests.affine_grid" file="src/pymortests/affine_grid.py" line="216" name="test_centers_values[&lt;lambda&gt;9]" time="0.0003955364227294922"><skipped message="Suite splitting in effect" type="pytest.skip">src/pymortests/affine_grid.py:216: &lt;py._xmlgen.raw object at 0x7fb29da346d8&gt;</skipped></testcase><testcase classname="src.pymortests.affine_grid" file="src/pymortests/affine_grid.py" line="216" name="test_centers_values[&lt;lambda&gt;10]" time="0.00074005126953125"><skipped message="Suite splitting in effect" type="pytest.skip">src/pymortests/affine_grid.py:216: &lt;py._xmlgen.raw object at 0x7fb2dcb784a8&gt;</skipped></testcase><testcase classname="src.pymortests.affine_grid" file="src/pymortests/affine_grid.py" line="216" name="test_centers_values[&lt;lambda&gt;11]" time="0.0004012584686279297"><skipped message="Suite splitting in effect" type="pytest.skip">src/pymortests/affine_grid.py:216: &lt;py._xmlgen.raw object at 0x7fb2dcb8a0b8&gt;</skipped></testcase><testcase classname="src.pymortests.affine_grid" file="src/pymortests/affine_grid.py" line="216" name="test_centers_values[&lt;lambda&gt;12]" time="0.0003857612609863281"><skipped message="Suite splitting in effect" type="pytest.skip">src/pymortests/affine_grid.py:216: &lt;py._xmlgen.raw object at 0x7fb29da55048&gt;</skipped></testcase><testcase classname="src.pymortests.affine_grid" file="src/pymortests/affine_grid.py" line="216" name="test_centers_values[&lt;lambda&gt;13]" time="0.00041413307189941406"><skipped message="Suite splitting in effect" type="pytest.skip">src/pymortests/affine_grid.py:216: &lt;py._xmlgen.raw object at 0x7fb29da15fd0&gt;</skipped></testcase><testcase classname="src.pymortests.affine_grid" file="src/pymortests/affine_grid.py" line="216" name="test_centers_values[&lt;lambda&gt;14]" time="0.0003771781921386719"><skipped message="Suite splitting in effect" type="pytest.skip">src/pymortests/affine_grid.py:216: &lt;py._xmlgen.raw object at 0x7fb29da29748&gt;</skipped></testcase><testcase classname="src.pymortests.affine_grid" file="src/pymortests/affine_grid.py" line="216" name="test_centers_values[&lt;lambda&gt;15]" time="0.0004317760467529297"><skipped message="Suite splitting in effect" type="pytest.skip">src/pymortests/affine_grid.py:216: &lt;py._xmlgen.raw object at 0x7fb29da29ef0&gt;</skipped></testcase><testcase classname="src.pymortests.affine_grid" file="src/pymortests/affine_grid.py" line="216" name="test_centers_values[&lt;lambda&gt;16]" time="0.00041294097900390625"><skipped message="Suite splitting in effect" type="pytest.skip">src/pymortests/affine_grid.py:216: &lt;py._xmlgen.raw object at 0x7fb29da34198&gt;</skipped></testcase><testcase classname="src.pymortests.affine_grid" file="src/pymortests/affine_grid.py" line="216" name="test_centers_values[&lt;lambda&gt;17]" time="0.0004107952117919922"><skipped message="Suite splitting in effect" type="pytest.skip">src/pymortests/affine_grid.py:216: &lt;py._xmlgen.raw object at 0x7fb29da34f98&gt;</skipped></testcase><testcase classname="src.pymortests.affine_grid" file="src/pymortests/affine_grid.py" line="216" name="test_centers_values[&lt;lambda&gt;18]" time="0.00042819976806640625"><skipped message="Suite splitting in effect" type="pytest.skip">src/pymortests/affine_grid.py:216: &lt;py._xmlgen.raw object at 0x7fb29da34c88&gt;</skipped></testcase><testcase classname="src.pymortests.affine_grid" file="src/pymortests/affine_grid.py" line="216" name="test_centers_values[&lt;lambda&gt;19]" time="0.0004153251647949219"><skipped message="Suite splitting in effect" type="pytest.skip">src/pymortests/affine_grid.py:216: &lt;py._xmlgen.raw object at 0x7fb29da344a8&gt;</skipped></testcase><testcase classname="src.pymortests.affine_grid" file="src/pymortests/affine_grid.py" line="216" name="test_centers_values[&lt;lambda&gt;20]" time="0.000423431396484375"><skipped message="Suite splitting in effect" type="pytest.skip">src/pymortests/affine_grid.py:216: &lt;py._xmlgen.raw object at 0x7fb29da299e8&gt;</skipped></testcase><testcase classname="src.pymortests.affine_grid" file="src/pymortests/affine_grid.py" line="216" name="test_centers_values[&lt;lambda&gt;21]" time="0.0004038810729980469"><skipped message="Suite splitting in effect" type="pytest.skip">src/pymortests/affine_grid.py:216: &lt;py._xmlgen.raw object at 0x7fb2dcaf6358&gt;</skipped></testcase><testcase classname="src.pymortests.affine_grid" file="src/pymortests/affine_grid.py" line="216" name="test_centers_values[&lt;lambda&gt;22]" time="0.0003905296325683594"><skipped message="Suite splitting in effect" type="pytest.skip">src/pymortests/affine_grid.py:216: &lt;py._xmlgen.raw object at 0x7fb2dcb1d518&gt;</skipped></testcase><testcase classname="src.pymortests.affine_grid" file="src/pymortests/affine_grid.py" line="216" name="test_centers_values[&lt;lambda&gt;23]" time="0.0004143714904785156"><skipped message="Suite splitting in effect" type="pytest.skip">src/pymortests/affine_grid.py:216: &lt;py._xmlgen.raw object at 0x7fb29da21c50&gt;</skipped></testcase><testcase classname="src.pymortests.affine_grid" file="src/pymortests/affine_grid.py" line="216" name="test_centers_values[&lt;lambda&gt;24]" time="0.0003993511199951172"><skipped message="Suite splitting in effect" type="pytest.skip">src/pymortests/affine_grid.py:216: &lt;py._xmlgen.raw object at 0x7fb29da3f128&gt;</skipped></testcase><testcase classname="src.pymortests.affine_grid" file="src/pymortests/affine_grid.py" line="216" name="test_centers_values[&lt;lambda&gt;25]" time="0.0003864765167236328"><skipped message="Suite splitting in effect" type="pytest.skip">src/pymortests/affine_grid.py:216: &lt;py._xmlgen.raw object at 0x7fb29da3f898&gt;</skipped></testcase><testcase classname="src.pymortests.affine_grid" file="src/pymortests/affine_grid.py" line="216" name="test_centers_values[&lt;lambda&gt;26]" time="0.0004317760467529297"><skipped message="Suite splitting in effect" type="pytest.skip">src/pymortests/affine_grid.py:216: &lt;py._xmlgen.raw object at 0x7fb2dcb2fc88&gt;</skipped></testcase><testcase classname="src.pymortests.affine_grid" file="src/pymortests/affine_grid.py" line="216" name="test_centers_values[&lt;lambda&gt;27]" time="0.0004851818084716797"><skipped message="Suite splitting in effect" type="pytest.skip">src/pymortests/affine_grid.py:216: &lt;py._xmlgen.raw object at 0x7fb2dcaf6dd8&gt;</skipped></testcase><testcase classname="src.pymortests.affine_grid" file="src/pymortests/affine_grid.py" line="216" name="test_centers_values[&lt;lambda&gt;28]" time="0.0004143714904785156"><skipped message="Suite splitting in effect" type="pytest.skip">src/pymortests/affine_grid.py:216: &lt;py._xmlgen.raw object at 0x7fb29da34d68&gt;</skipped></testcase><testcase classname="src.pymortests.affine_grid" file="src/pymortests/affine_grid.py" line="216" name="test_centers_values[&lt;lambda&gt;29]" time="0.00037550926208496094"><skipped message="Suite splitting in effect" type="pytest.skip">src/pymortests/affine_grid.py:216: &lt;py._xmlgen.raw object at 0x7fb29da34be0&gt;</skipped></testcase><testcase classname="src.pymortests.affine_grid" file="src/pymortests/affine_grid.py" line="216" name="test_centers_values[&lt;lambda&gt;30]" time="0.0003972053527832031"><skipped message="Suite splitting in effect" type="pytest.skip">src/pymortests/affine_grid.py:216: &lt;py._xmlgen.raw object at 0x7fb29da29f28&gt;</skipped></testcase><testcase classname="src.pymortests.affine_grid" file="src/pymortests/affine_grid.py" line="216" name="test_centers_values[&lt;lambda&gt;31]" time="0.0004172325134277344"><skipped message="Suite splitting in effect" type="pytest.skip">src/pymortests/affine_grid.py:216: &lt;py._xmlgen.raw object at 0x7fb29da292e8&gt;</skipped></testcase><testcase classname="src.pymortests.affine_grid" file="src/pymortests/affine_grid.py" line="216" name="test_centers_values[&lt;lambda&gt;32]" time="0.00037980079650878906"><skipped message="Suite splitting in effect" type="pytest.skip">src/pymortests/affine_grid.py:216: &lt;py._xmlgen.raw object at 0x7fb29da21be0&gt;</skipped></testcase><testcase classname="src.pymortests.affine_grid" file="src/pymortests/affine_grid.py" line="216" name="test_centers_values[&lt;lambda&gt;33]" time="0.0004208087921142578"><skipped message="Suite splitting in effect" type="pytest.skip">src/pymortests/affine_grid.py:216: &lt;py._xmlgen.raw object at 0x7fb2dcb40ac8&gt;</skipped></testcase><testcase classname="src.pymortests.affine_grid" file="src/pymortests/affine_grid.py" line="216" name="test_centers_values[&lt;lambda&gt;34]" time="0.0003795623779296875"><skipped message="Suite splitting in effect" type="pytest.skip">src/pymortests/affine_grid.py:216: &lt;py._xmlgen.raw object at 0x7fb29da15390&gt;</skipped></testcase><testcase classname="src.pymortests.affine_grid" file="src/pymortests/affine_grid.py" line="216" name="test_centers_values[&lt;lambda&gt;35]" time="0.0007348060607910156"><skipped message="Suite splitting in effect" type="pytest.skip">src/pymortests/affine_grid.py:216: &lt;py._xmlgen.raw object at 0x7fb2a5753f60&gt;</skipped></testcase><testcase classname="src.pymortests.affine_grid" file="src/pymortests/affine_grid.py" line="216" name="test_centers_values[&lt;lambda&gt;36]" time="0.0004143714904785156"><skipped message="Suite splitting in effect" type="pytest.skip">src/pymortests/affine_grid.py:216: &lt;py._xmlgen.raw object at 0x7fb29da21fd0&gt;</skipped></testcase><testcase classname="src.pymortests.affine_grid" file="src/pymortests/affine_grid.py" line="216" name="test_centers_values[&lt;lambda&gt;37]" time="0.0003750324249267578"><skipped message="Suite splitting in effect" type="pytest.skip">src/pymortests/affine_grid.py:216: &lt;py._xmlgen.raw object at 0x7fb29da29f60&gt;</skipped></testcase><testcase classname="src.pymortests.affine_grid" file="src/pymortests/affine_grid.py" line="216" name="test_centers_values[&lt;lambda&gt;38]" time="0.00041794776916503906"><skipped message="Suite splitting in effect" type="pytest.skip">src/pymortests/affine_grid.py:216: &lt;py._xmlgen.raw object at 0x7fb29da34978&gt;</skipped></testcase><testcase classname="src.pymortests.affine_grid" file="src/pymortests/affine_grid.py" line="216" name="test_centers_values[&lt;lambda&gt;39]" time="0.0004298686981201172"><skipped message="Suite splitting in effect" type="pytest.skip">src/pymortests/affine_grid.py:216: &lt;py._xmlgen.raw object at 0x7fb29da340b8&gt;</skipped></testcase><testcase classname="src.pymortests.affine_grid" file="src/pymortests/affine_grid.py" line="216" name="test_centers_values[&lt;lambda&gt;40]" time="0.0003848075866699219"><skipped message="Suite splitting in effect" type="pytest.skip">src/pymortests/affine_grid.py:216: &lt;py._xmlgen.raw object at 0x7fb2dcaf6898&gt;</skipped></testcase><testcase classname="src.pymortests.affine_grid" file="src/pymortests/affine_grid.py" line="216" name="test_centers_values[&lt;lambda&gt;41]" time="0.0004296302795410156"><skipped message="Suite splitting in effect" type="pytest.skip">src/pymortests/affine_grid.py:216: &lt;py._xmlgen.raw object at 0x7fb2dcb50fd0&gt;</skipped></testcase><testcase classname="src.pymortests.affine_grid" file="src/pymortests/affine_grid.py" line="216" name="test_centers_values[&lt;lambda&gt;42]" time="0.0004322528839111328"><skipped message="Suite splitting in effect" type="pytest.skip">src/pymortests/affine_grid.py:216: &lt;py._xmlgen.raw object at 0x7fb29da66710&gt;</skipped></testcase><testcase classname="src.pymortests.affine_grid" file="src/pymortests/affine_grid.py" line="223" name="test_diameters_wrong_arguments[&lt;lambda&gt;0]" time="0.0007441043853759766"><skipped message="Suite splitting in effect" type="pytest.skip">src/pymortests/affine_grid.py:223: &lt;py._xmlgen.raw object at 0x7fb2dcb2fc88&gt;</skipped></testcase><testcase classname="src.pymortests.affine_grid" file="src/pymortests/affine_grid.py" line="223" name="test_diameters_wrong_arguments[&lt;lambda&gt;1]" time="0.000396728515625"><skipped message="Suite splitting in effect" type="pytest.skip">src/pymortests/affine_grid.py:223: &lt;py._xmlgen.raw object at 0x7fb29da87f60&gt;</skipped></testcase><testcase classname="src.pymortests.affine_grid" file="src/pymortests/affine_grid.py" line="223" name="test_diameters_wrong_arguments[&lt;lambda&gt;2]" time="0.0004096031188964844"><skipped message="Suite splitting in effect" type="pytest.skip">src/pymortests/affine_grid.py:223: &lt;py._xmlgen.raw object at 0x7fb2dcb08400&gt;</skipped></testcase><testcase classname="src.pymortests.affine_grid" file="src/pymortests/affine_grid.py" line="223" name="test_diameters_wrong_arguments[&lt;lambda&gt;3]" time="0.00041365623474121094"><skipped message="Suite splitting in effect" type="pytest.skip">src/pymortests/affine_grid.py:223: &lt;py._xmlgen.raw object at 0x7fb29da34ba8&gt;</skipped></testcase><testcase classname="src.pymortests.affine_grid" file="src/pymortests/affine_grid.py" line="223" name="test_diameters_wrong_arguments[&lt;lambda&gt;4]" time="0.00037932395935058594"><skipped message="Suite splitting in effect" type="pytest.skip">src/pymortests/affine_grid.py:223: &lt;py._xmlgen.raw object at 0x7fb29da29da0&gt;</skipped></testcase><testcase classname="src.pymortests.affine_grid" file="src/pymortests/affine_grid.py" line="223" name="test_diameters_wrong_arguments[&lt;lambda&gt;5]" time="0.0003848075866699219"><skipped message="Suite splitting in effect" type="pytest.skip">src/pymortests/affine_grid.py:223: &lt;py._xmlgen.raw object at 0x7fb29da21f98&gt;</skipped></testcase><testcase classname="src.pymortests.affine_grid" file="src/pymortests/affine_grid.py" line="223" name="test_diameters_wrong_arguments[&lt;lambda&gt;6]" time="0.0003993511199951172"><skipped message="Suite splitting in effect" type="pytest.skip">src/pymortests/affine_grid.py:223: &lt;py._xmlgen.raw object at 0x7fb2dcb40828&gt;</skipped></testcase><testcase classname="src.pymortests.affine_grid" file="src/pymortests/affine_grid.py" line="223" name="test_diameters_wrong_arguments[&lt;lambda&gt;7]" time="0.0003819465637207031"><skipped message="Suite splitting in effect" type="pytest.skip">src/pymortests/affine_grid.py:223: &lt;py._xmlgen.raw object at 0x7fb29da3f1d0&gt;</skipped></testcase><testcase classname="src.pymortests.affine_grid" file="src/pymortests/affine_grid.py" line="223" name="test_diameters_wrong_arguments[&lt;lambda&gt;8]" time="0.0007507801055908203"><skipped message="Suite splitting in effect" type="pytest.skip">src/pymortests/affine_grid.py:223: &lt;py._xmlgen.raw object at 0x7fb29d9d0160&gt;</skipped></testcase><testcase classname="src.pymortests.affine_grid" file="src/pymortests/affine_grid.py" line="223" name="test_diameters_wrong_arguments[&lt;lambda&gt;9]" time="0.0003752708435058594"><skipped message="Suite splitting in effect" type="pytest.skip">src/pymortests/affine_grid.py:223: &lt;py._xmlgen.raw object at 0x7fb29da3f6a0&gt;</skipped></testcase><testcase classname="src.pymortests.affine_grid" file="src/pymortests/affine_grid.py" line="223" name="test_diameters_wrong_arguments[&lt;lambda&gt;10]" time="0.0004107952117919922"><skipped message="Suite splitting in effect" type="pytest.skip">src/pymortests/affine_grid.py:223: &lt;py._xmlgen.raw object at 0x7fb29da215f8&gt;</skipped></testcase><testcase classname="src.pymortests.affine_grid" file="src/pymortests/affine_grid.py" line="223" name="test_diameters_wrong_arguments[&lt;lambda&gt;11]" time="0.0004143714904785156"><skipped message="Suite splitting in effect" type="pytest.skip">src/pymortests/affine_grid.py:223: &lt;py._xmlgen.raw object at 0x7fb29da29f98&gt;</skipped></testcase><testcase classname="src.pymortests.affine_grid" file="src/pymortests/affine_grid.py" line="223" name="test_diameters_wrong_arguments[&lt;lambda&gt;12]" time="0.00040531158447265625"><skipped message="Suite splitting in effect" type="pytest.skip">src/pymortests/affine_grid.py:223: &lt;py._xmlgen.raw object at 0x7fb29da34320&gt;</skipped></testcase><testcase classname="src.pymortests.affine_grid" file="src/pymortests/affine_grid.py" line="223" name="test_diameters_wrong_arguments[&lt;lambda&gt;13]" time="0.0004096031188964844"><skipped message="Suite splitting in effect" type="pytest.skip">src/pymortests/affine_grid.py:223: &lt;py._xmlgen.raw object at 0x7fb2dcb08208&gt;</skipped></testcase><testcase classname="src.pymortests.affine_grid" file="src/pymortests/affine_grid.py" line="223" name="test_diameters_wrong_arguments[&lt;lambda&gt;14]" time="0.0004143714904785156"><skipped message="Suite splitting in effect" type="pytest.skip">src/pymortests/affine_grid.py:223: &lt;py._xmlgen.raw object at 0x7fb2dca99908&gt;</skipped></testcase><testcase classname="src.pymortests.affine_grid" file="src/pymortests/affine_grid.py" line="223" name="test_diameters_wrong_arguments[&lt;lambda&gt;15]" time="0.0004177093505859375"><skipped message="Suite splitting in effect" type="pytest.skip">src/pymortests/affine_grid.py:223: &lt;py._xmlgen.raw object at 0x7fb29d9d0080&gt;</skipped></testcase><testcase classname="src.pymortests.affine_grid" file="src/pymortests/affine_grid.py" line="223" name="test_diameters_wrong_arguments[&lt;lambda&gt;16]" time="0.0007138252258300781"><skipped message="Suite splitting in effect" type="pytest.skip">src/pymortests/affine_grid.py:223: &lt;py._xmlgen.raw object at 0x7fb29d9d06a0&gt;</skipped></testcase><testcase classname="src.pymortests.affine_grid" file="src/pymortests/affine_grid.py" line="223" name="test_diameters_wrong_arguments[&lt;lambda&gt;17]" time="0.00041985511779785156"><skipped message="Suite splitting in effect" type="pytest.skip">src/pymortests/affine_grid.py:223: &lt;py._xmlgen.raw object at 0x7fb2dca99c50&gt;</skipped></testcase><testcase classname="src.pymortests.affine_grid" file="src/pymortests/affine_grid.py" line="223" name="test_diameters_wrong_arguments[&lt;lambda&gt;18]" time="0.00037980079650878906"><skipped message="Suite splitting in effect" type="pytest.skip">src/pymortests/affine_grid.py:223: &lt;py._xmlgen.raw object at 0x7fb2dcaf6dd8&gt;</skipped></testcase><testcase classname="src.pymortests.affine_grid" file="src/pymortests/affine_grid.py" line="223" name="test_diameters_wrong_arguments[&lt;lambda&gt;19]" time="0.00039267539978027344"><skipped message="Suite splitting in effect" type="pytest.skip">src/pymortests/affine_grid.py:223: &lt;py._xmlgen.raw object at 0x7fb29da34a20&gt;</skipped></testcase><testcase classname="src.pymortests.affine_grid" file="src/pymortests/affine_grid.py" line="223" name="test_diameters_wrong_arguments[&lt;lambda&gt;20]" time="0.0004277229309082031"><skipped message="Suite splitting in effect" type="pytest.skip">src/pymortests/affine_grid.py:223: &lt;py._xmlgen.raw object at 0x7fb29da29e80&gt;</skipped></testcase><testcase classname="src.pymortests.affine_grid" file="src/pymortests/affine_grid.py" line="223" name="test_diameters_wrong_arguments[&lt;lambda&gt;21]" time="0.00037860870361328125"><skipped message="Suite splitting in effect" type="pytest.skip">src/pymortests/affine_grid.py:223: &lt;py._xmlgen.raw object at 0x7fb29da3f080&gt;</skipped></testcase><testcase classname="src.pymortests.affine_grid" file="src/pymortests/affine_grid.py" line="223" name="test_diameters_wrong_arguments[&lt;lambda&gt;22]" time="0.0004105567932128906"><skipped message="Suite splitting in effect" type="pytest.skip">src/pymortests/affine_grid.py:223: &lt;py._xmlgen.raw object at 0x7fb29da3f278&gt;</skipped></testcase><testcase classname="src.pymortests.affine_grid" file="src/pymortests/affine_grid.py" line="223" name="test_diameters_wrong_arguments[&lt;lambda&gt;23]" time="0.0004143714904785156"><skipped message="Suite splitting in effect" type="pytest.skip">src/pymortests/affine_grid.py:223: &lt;py._xmlgen.raw object at 0x7fb29d9d0208&gt;</skipped></testcase><testcase classname="src.pymortests.affine_grid" file="src/pymortests/affine_grid.py" line="223" name="test_diameters_wrong_arguments[&lt;lambda&gt;24]" time="0.000400543212890625"><skipped message="Suite splitting in effect" type="pytest.skip">src/pymortests/affine_grid.py:223: &lt;py._xmlgen.raw object at 0x7fb29d9d0cc0&gt;</skipped></testcase><testcase classname="src.pymortests.affine_grid" file="src/pymortests/affine_grid.py" line="223" name="test_diameters_wrong_arguments[&lt;lambda&gt;25]" time="0.00038170814514160156"><skipped message="Suite splitting in effect" type="pytest.skip">src/pymortests/affine_grid.py:223: &lt;py._xmlgen.raw object at 0x7fb29da3f748&gt;</skipped></testcase><testcase classname="src.pymortests.affine_grid" file="src/pymortests/affine_grid.py" line="223" name="test_diameters_wrong_arguments[&lt;lambda&gt;26]" time="0.0004076957702636719"><skipped message="Suite splitting in effect" type="pytest.skip">src/pymortests/affine_grid.py:223: &lt;py._xmlgen.raw object at 0x7fb29da29a90&gt;</skipped></testcase><testcase classname="src.pymortests.affine_grid" file="src/pymortests/affine_grid.py" line="223" name="test_diameters_wrong_arguments[&lt;lambda&gt;27]" time="0.0003757476806640625"><skipped message="Suite splitting in effect" type="pytest.skip">src/pymortests/affine_grid.py:223: &lt;py._xmlgen.raw object at 0x7fb29da344e0&gt;</skipped></testcase><testcase classname="src.pymortests.affine_grid" file="src/pymortests/affine_grid.py" line="223" name="test_diameters_wrong_arguments[&lt;lambda&gt;28]" time="0.0004184246063232422"><skipped message="Suite splitting in effect" type="pytest.skip">src/pymortests/affine_grid.py:223: &lt;py._xmlgen.raw object at 0x7fb2dca99908&gt;</skipped></testcase><testcase classname="src.pymortests.affine_grid" file="src/pymortests/affine_grid.py" line="223" name="test_diameters_wrong_arguments[&lt;lambda&gt;29]" time="0.0004165172576904297"><skipped message="Suite splitting in effect" type="pytest.skip">src/pymortests/affine_grid.py:223: &lt;py._xmlgen.raw object at 0x7fb29da7dcf8&gt;</skipped></testcase><testcase classname="src.pymortests.affine_grid" file="src/pymortests/affine_grid.py" line="223" name="test_diameters_wrong_arguments[&lt;lambda&gt;30]" time="0.0003800392150878906"><skipped message="Suite splitting in effect" type="pytest.skip">src/pymortests/affine_grid.py:223: &lt;py._xmlgen.raw object at 0x7fb29d9d0cf8&gt;</skipped></testcase><testcase classname="src.pymortests.affine_grid" file="src/pymortests/affine_grid.py" line="223" name="test_diameters_wrong_arguments[&lt;lambda&gt;31]" time="0.0004076957702636719"><skipped message="Suite splitting in effect" type="pytest.skip">src/pymortests/affine_grid.py:223: &lt;py._xmlgen.raw object at 0x7fb29d9d0390&gt;</skipped></testcase><testcase classname="src.pymortests.affine_grid" file="src/pymortests/affine_grid.py" line="223" name="test_diameters_wrong_arguments[&lt;lambda&gt;32]" time="0.0004208087921142578"><skipped message="Suite splitting in effect" type="pytest.skip">src/pymortests/affine_grid.py:223: &lt;py._xmlgen.raw object at 0x7fb29d9da208&gt;</skipped></testcase><testcase classname="src.pymortests.affine_grid" file="src/pymortests/affine_grid.py" line="223" name="test_diameters_wrong_arguments[&lt;lambda&gt;33]" time="0.0007317066192626953"><skipped message="Suite splitting in effect" type="pytest.skip">src/pymortests/affine_grid.py:223: &lt;py._xmlgen.raw object at 0x7fb29d9d0f98&gt;</skipped></testcase><testcase classname="src.pymortests.affine_grid" file="src/pymortests/affine_grid.py" line="223" name="test_diameters_wrong_arguments[&lt;lambda&gt;34]" time="0.00038433074951171875"><skipped message="Suite splitting in effect" type="pytest.skip">src/pymortests/affine_grid.py:223: &lt;py._xmlgen.raw object at 0x7fb29d9d0048&gt;</skipped></testcase><testcase classname="src.pymortests.affine_grid" file="src/pymortests/affine_grid.py" line="223" name="test_diameters_wrong_arguments[&lt;lambda&gt;35]" time="0.00040435791015625"><skipped message="Suite splitting in effect" type="pytest.skip">src/pymortests/affine_grid.py:223: &lt;py._xmlgen.raw object at 0x7fb2dcaab470&gt;</skipped></testcase><testcase classname="src.pymortests.affine_grid" file="src/pymortests/affine_grid.py" line="223" name="test_diameters_wrong_arguments[&lt;lambda&gt;36]" time="0.000415802001953125"><skipped message="Suite splitting in effect" type="pytest.skip">src/pymortests/affine_grid.py:223: &lt;py._xmlgen.raw object at 0x7fb2dcaf6dd8&gt;</skipped></testcase><testcase classname="src.pymortests.affine_grid" file="src/pymortests/affine_grid.py" line="223" name="test_diameters_wrong_arguments[&lt;lambda&gt;37]" time="0.00038361549377441406"><skipped message="Suite splitting in effect" type="pytest.skip">src/pymortests/affine_grid.py:223: &lt;py._xmlgen.raw object at 0x7fb29da15b00&gt;</skipped></testcase><testcase classname="src.pymortests.affine_grid" file="src/pymortests/affine_grid.py" line="223" name="test_diameters_wrong_arguments[&lt;lambda&gt;38]" time="0.0004239082336425781"><skipped message="Suite splitting in effect" type="pytest.skip">src/pymortests/affine_grid.py:223: &lt;py._xmlgen.raw object at 0x7fb29da21908&gt;</skipped></testcase><testcase classname="src.pymortests.affine_grid" file="src/pymortests/affine_grid.py" line="223" name="test_diameters_wrong_arguments[&lt;lambda&gt;39]" time="0.0004031658172607422"><skipped message="Suite splitting in effect" type="pytest.skip">src/pymortests/affine_grid.py:223: &lt;py._xmlgen.raw object at 0x7fb29d9da320&gt;</skipped></testcase><testcase classname="src.pymortests.affine_grid" file="src/pymortests/affine_grid.py" line="223" name="test_diameters_wrong_arguments[&lt;lambda&gt;40]" time="0.00039577484130859375"><skipped message="Suite splitting in effect" type="pytest.skip">src/pymortests/affine_grid.py:223: &lt;py._xmlgen.raw object at 0x7fb29d9da748&gt;</skipped></testcase><testcase classname="src.pymortests.affine_grid" file="src/pymortests/affine_grid.py" line="223" name="test_diameters_wrong_arguments[&lt;lambda&gt;41]" time="0.0007369518280029297"><skipped message="Suite splitting in effect" type="pytest.skip">src/pymortests/affine_grid.py:223: &lt;py._xmlgen.raw object at 0x7fb29da3ffd0&gt;</skipped></testcase><testcase classname="src.pymortests.affine_grid" file="src/pymortests/affine_grid.py" line="223" name="test_diameters_wrong_arguments[&lt;lambda&gt;42]" time="0.0003840923309326172"><skipped message="Suite splitting in effect" type="pytest.skip">src/pymortests/affine_grid.py:223: &lt;py._xmlgen.raw object at 0x7fb29da299b0&gt;</skipped></testcase><testcase classname="src.pymortests.affine_grid" file="src/pymortests/affine_grid.py" line="231" name="test_diameters_shape[&lt;lambda&gt;0]" time="0.0003871917724609375"><skipped message="Suite splitting in effect" type="pytest.skip">src/pymortests/affine_grid.py:231: &lt;py._xmlgen.raw object at 0x7fb29da34390&gt;</skipped></testcase><testcase classname="src.pymortests.affine_grid" file="src/pymortests/affine_grid.py" line="231" name="test_diameters_shape[&lt;lambda&gt;1]" time="0.0004200935363769531"><skipped message="Suite splitting in effect" type="pytest.skip">src/pymortests/affine_grid.py:231: &lt;py._xmlgen.raw object at 0x7fb2dcaab908&gt;</skipped></testcase><testcase classname="src.pymortests.affine_grid" file="src/pymortests/affine_grid.py" line="231" name="test_diameters_shape[&lt;lambda&gt;2]" time="0.0003876686096191406"><skipped message="Suite splitting in effect" type="pytest.skip">src/pymortests/affine_grid.py:231: &lt;py._xmlgen.raw object at 0x7fb29d9d0ac8&gt;</skipped></testcase><testcase classname="src.pymortests.affine_grid" file="src/pymortests/affine_grid.py" line="231" name="test_diameters_shape[&lt;lambda&gt;3]" time="0.0004017353057861328"><skipped message="Suite splitting in effect" type="pytest.skip">src/pymortests/affine_grid.py:231: &lt;py._xmlgen.raw object at 0x7fb29d9d0f60&gt;</skipped></testcase><testcase classname="src.pymortests.affine_grid" file="src/pymortests/affine_grid.py" line="231" name="test_diameters_shape[&lt;lambda&gt;4]" time="0.00042748451232910156"><skipped message="Suite splitting in effect" type="pytest.skip">src/pymortests/affine_grid.py:231: &lt;py._xmlgen.raw object at 0x7fb29d9da080&gt;</skipped></testcase><testcase classname="src.pymortests.affine_grid" file="src/pymortests/affine_grid.py" line="231" name="test_diameters_shape[&lt;lambda&gt;5]" time="0.00039124488830566406"><skipped message="Suite splitting in effect" type="pytest.skip">src/pymortests/affine_grid.py:231: &lt;py._xmlgen.raw object at 0x7fb29d9e3048&gt;</skipped></testcase><testcase classname="src.pymortests.affine_grid" file="src/pymortests/affine_grid.py" line="231" name="test_diameters_shape[&lt;lambda&gt;6]" time="0.0007724761962890625"><skipped message="Suite splitting in effect" type="pytest.skip">src/pymortests/affine_grid.py:231: &lt;py._xmlgen.raw object at 0x7fb29d9e3588&gt;</skipped></testcase><testcase classname="src.pymortests.affine_grid" file="src/pymortests/affine_grid.py" line="231" name="test_diameters_shape[&lt;lambda&gt;7]" time="0.0003795623779296875"><skipped message="Suite splitting in effect" type="pytest.skip">src/pymortests/affine_grid.py:231: &lt;py._xmlgen.raw object at 0x7fb29d9da780&gt;</skipped></testcase><testcase classname="src.pymortests.affine_grid" file="src/pymortests/affine_grid.py" line="231" name="test_diameters_shape[&lt;lambda&gt;8]" time="0.00038313865661621094"><skipped message="Suite splitting in effect" type="pytest.skip">src/pymortests/affine_grid.py:231: &lt;py._xmlgen.raw object at 0x7fb29d9d0ba8&gt;</skipped></testcase><testcase classname="src.pymortests.affine_grid" file="src/pymortests/affine_grid.py" line="231" name="test_diameters_shape[&lt;lambda&gt;9]" time="0.00041985511779785156"><skipped message="Suite splitting in effect" type="pytest.skip">src/pymortests/affine_grid.py:231: &lt;py._xmlgen.raw object at 0x7fb2dcaab3c8&gt;</skipped></testcase><testcase classname="src.pymortests.affine_grid" file="src/pymortests/affine_grid.py" line="231" name="test_diameters_shape[&lt;lambda&gt;10]" time="0.00038504600524902344"><skipped message="Suite splitting in effect" type="pytest.skip">src/pymortests/affine_grid.py:231: &lt;py._xmlgen.raw object at 0x7fb2dcb08d68&gt;</skipped></testcase><testcase classname="src.pymortests.affine_grid" file="src/pymortests/affine_grid.py" line="231" name="test_diameters_shape[&lt;lambda&gt;11]" time="0.0004031658172607422"><skipped message="Suite splitting in effect" type="pytest.skip">src/pymortests/affine_grid.py:231: &lt;py._xmlgen.raw object at 0x7fb29da292e8&gt;</skipped></testcase><testcase classname="src.pymortests.affine_grid" file="src/pymortests/affine_grid.py" line="231" name="test_diameters_shape[&lt;lambda&gt;12]" time="0.00041866302490234375"><skipped message="Suite splitting in effect" type="pytest.skip">src/pymortests/affine_grid.py:231: &lt;py._xmlgen.raw object at 0x7fb29da3f390&gt;</skipped></testcase><testcase classname="src.pymortests.affine_grid" file="src/pymortests/affine_grid.py" line="231" name="test_diameters_shape[&lt;lambda&gt;13]" time="0.0003867149353027344"><skipped message="Suite splitting in effect" type="pytest.skip">src/pymortests/affine_grid.py:231: &lt;py._xmlgen.raw object at 0x7fb29d9e3208&gt;</skipped></testcase><testcase classname="src.pymortests.affine_grid" file="src/pymortests/affine_grid.py" line="231" name="test_diameters_shape[&lt;lambda&gt;14]" time="0.0007519721984863281"><skipped message="Suite splitting in effect" type="pytest.skip">src/pymortests/affine_grid.py:231: &lt;py._xmlgen.raw object at 0x7fb29d9e3ac8&gt;</skipped></testcase><testcase classname="src.pymortests.affine_grid" file="src/pymortests/affine_grid.py" line="231" name="test_diameters_shape[&lt;lambda&gt;15]" time="0.0004191398620605469"><skipped message="Suite splitting in effect" type="pytest.skip">src/pymortests/affine_grid.py:231: &lt;py._xmlgen.raw object at 0x7fb29da29630&gt;</skipped></testcase><testcase classname="src.pymortests.affine_grid" file="src/pymortests/affine_grid.py" line="231" name="test_diameters_shape[&lt;lambda&gt;16]" time="0.00039696693420410156"><skipped message="Suite splitting in effect" type="pytest.skip">src/pymortests/affine_grid.py:231: &lt;py._xmlgen.raw object at 0x7fb2dca99e48&gt;</skipped></testcase><testcase classname="src.pymortests.affine_grid" file="src/pymortests/affine_grid.py" line="231" name="test_diameters_shape[&lt;lambda&gt;17]" time="0.0004181861877441406"><skipped message="Suite splitting in effect" type="pytest.skip">src/pymortests/affine_grid.py:231: &lt;py._xmlgen.raw object at 0x7fb2dcad06d8&gt;</skipped></testcase><testcase classname="src.pymortests.affine_grid" file="src/pymortests/affine_grid.py" line="231" name="test_diameters_shape[&lt;lambda&gt;18]" time="0.00041365623474121094"><skipped message="Suite splitting in effect" type="pytest.skip">src/pymortests/affine_grid.py:231: &lt;py._xmlgen.raw object at 0x7fb29d9d0b38&gt;</skipped></testcase><testcase classname="src.pymortests.affine_grid" file="src/pymortests/affine_grid.py" line="231" name="test_diameters_shape[&lt;lambda&gt;19]" time="0.0004239082336425781"><skipped message="Suite splitting in effect" type="pytest.skip">src/pymortests/affine_grid.py:231: &lt;py._xmlgen.raw object at 0x7fb29d9dada0&gt;</skipped></testcase><testcase classname="src.pymortests.affine_grid" file="src/pymortests/affine_grid.py" line="231" name="test_diameters_shape[&lt;lambda&gt;20]" time="0.000408172607421875"><skipped message="Suite splitting in effect" type="pytest.skip">src/pymortests/affine_grid.py:231: &lt;py._xmlgen.raw object at 0x7fb29d9e37b8&gt;</skipped></testcase><testcase classname="src.pymortests.affine_grid" file="src/pymortests/affine_grid.py" line="231" name="test_diameters_shape[&lt;lambda&gt;21]" time="0.0003845691680908203"><skipped message="Suite splitting in effect" type="pytest.skip">src/pymortests/affine_grid.py:231: &lt;py._xmlgen.raw object at 0x7fb29d9e3320&gt;</skipped></testcase><testcase classname="src.pymortests.affine_grid" file="src/pymortests/affine_grid.py" line="231" name="test_diameters_shape[&lt;lambda&gt;22]" time="0.0004165172576904297"><skipped message="Suite splitting in effect" type="pytest.skip">src/pymortests/affine_grid.py:231: &lt;py._xmlgen.raw object at 0x7fb29d9ef128&gt;</skipped></testcase><testcase classname="src.pymortests.affine_grid" file="src/pymortests/affine_grid.py" line="231" name="test_diameters_shape[&lt;lambda&gt;23]" time="0.0012059211730957031"><skipped message="Suite splitting in effect" type="pytest.skip">src/pymortests/affine_grid.py:231: &lt;py._xmlgen.raw object at 0x7fb29d9e3978&gt;</skipped></testcase><testcase classname="src.pymortests.affine_grid" file="src/pymortests/affine_grid.py" line="231" name="test_diameters_shape[&lt;lambda&gt;24]" time="0.0006020069122314453"><skipped message="Suite splitting in effect" type="pytest.skip">src/pymortests/affine_grid.py:231: &lt;py._xmlgen.raw object at 0x7fb29d9da518&gt;</skipped></testcase><testcase classname="src.pymortests.affine_grid" file="src/pymortests/affine_grid.py" line="231" name="test_diameters_shape[&lt;lambda&gt;25]" time="0.0005204677581787109"><skipped message="Suite splitting in effect" type="pytest.skip">src/pymortests/affine_grid.py:231: &lt;py._xmlgen.raw object at 0x7fb29d9da7b8&gt;</skipped></testcase><testcase classname="src.pymortests.affine_grid" file="src/pymortests/affine_grid.py" line="231" name="test_diameters_shape[&lt;lambda&gt;26]" time="0.00046634674072265625"><skipped message="Suite splitting in effect" type="pytest.skip">src/pymortests/affine_grid.py:231: &lt;py._xmlgen.raw object at 0x7fb2dcad0cc0&gt;</skipped></testcase><testcase classname="src.pymortests.affine_grid" file="src/pymortests/affine_grid.py" line="231" name="test_diameters_shape[&lt;lambda&gt;27]" time="0.0005016326904296875"><skipped message="Suite splitting in effect" type="pytest.skip">src/pymortests/affine_grid.py:231: &lt;py._xmlgen.raw object at 0x7fb2dcaabda0&gt;</skipped></testcase><testcase classname="src.pymortests.affine_grid" file="src/pymortests/affine_grid.py" line="231" name="test_diameters_shape[&lt;lambda&gt;28]" time="0.0004100799560546875"><skipped message="Suite splitting in effect" type="pytest.skip">src/pymortests/affine_grid.py:231: &lt;py._xmlgen.raw object at 0x7fb29da34a20&gt;</skipped></testcase><testcase classname="src.pymortests.affine_grid" file="src/pymortests/affine_grid.py" line="231" name="test_diameters_shape[&lt;lambda&gt;29]" time="0.0004589557647705078"><skipped message="Suite splitting in effect" type="pytest.skip">src/pymortests/affine_grid.py:231: &lt;py._xmlgen.raw object at 0x7fb29d9ef278&gt;</skipped></testcase><testcase classname="src.pymortests.affine_grid" file="src/pymortests/affine_grid.py" line="231" name="test_diameters_shape[&lt;lambda&gt;30]" time="0.0004227161407470703"><skipped message="Suite splitting in effect" type="pytest.skip">src/pymortests/affine_grid.py:231: &lt;py._xmlgen.raw object at 0x7fb29d9ef630&gt;</skipped></testcase><testcase classname="src.pymortests.affine_grid" file="src/pymortests/affine_grid.py" line="231" name="test_diameters_shape[&lt;lambda&gt;31]" time="0.0005147457122802734"><skipped message="Suite splitting in effect" type="pytest.skip">src/pymortests/affine_grid.py:231: &lt;py._xmlgen.raw object at 0x7fb29da15b00&gt;</skipped></testcase><testcase classname="src.pymortests.affine_grid" file="src/pymortests/affine_grid.py" line="231" name="test_diameters_shape[&lt;lambda&gt;32]" time="0.0004374980926513672"><skipped message="Suite splitting in effect" type="pytest.skip">src/pymortests/affine_grid.py:231: &lt;py._xmlgen.raw object at 0x7fb2dca61390&gt;</skipped></testcase><testcase classname="src.pymortests.affine_grid" file="src/pymortests/affine_grid.py" line="231" name="test_diameters_shape[&lt;lambda&gt;33]" time="0.00041675567626953125"><skipped message="Suite splitting in effect" type="pytest.skip">src/pymortests/affine_grid.py:231: &lt;py._xmlgen.raw object at 0x7fb2dcad0fd0&gt;</skipped></testcase><testcase classname="src.pymortests.affine_grid" file="src/pymortests/affine_grid.py" line="231" name="test_diameters_shape[&lt;lambda&gt;34]" time="0.0004220008850097656"><skipped message="Suite splitting in effect" type="pytest.skip">src/pymortests/affine_grid.py:231: &lt;py._xmlgen.raw object at 0x7fb29d9dadd8&gt;</skipped></testcase><testcase classname="src.pymortests.affine_grid" file="src/pymortests/affine_grid.py" line="231" name="test_diameters_shape[&lt;lambda&gt;35]" time="0.00044155120849609375"><skipped message="Suite splitting in effect" type="pytest.skip">src/pymortests/affine_grid.py:231: &lt;py._xmlgen.raw object at 0x7fb29d9e3cf8&gt;</skipped></testcase><testcase classname="src.pymortests.affine_grid" file="src/pymortests/affine_grid.py" line="231" name="test_diameters_shape[&lt;lambda&gt;36]" time="0.00047135353088378906"><skipped message="Suite splitting in effect" type="pytest.skip">src/pymortests/affine_grid.py:231: &lt;py._xmlgen.raw object at 0x7fb29d9e3ef0&gt;</skipped></testcase><testcase classname="src.pymortests.affine_grid" file="src/pymortests/affine_grid.py" line="231" name="test_diameters_shape[&lt;lambda&gt;37]" time="0.0004494190216064453"><skipped message="Suite splitting in effect" type="pytest.skip">src/pymortests/affine_grid.py:231: &lt;py._xmlgen.raw object at 0x7fb29d9ef438&gt;</skipped></testcase><testcase classname="src.pymortests.affine_grid" file="src/pymortests/affine_grid.py" line="231" name="test_diameters_shape[&lt;lambda&gt;38]" time="0.0004417896270751953"><skipped message="Suite splitting in effect" type="pytest.skip">src/pymortests/affine_grid.py:231: &lt;py._xmlgen.raw object at 0x7fb29d9efb70&gt;</skipped></testcase><testcase classname="src.pymortests.affine_grid" file="src/pymortests/affine_grid.py" line="231" name="test_diameters_shape[&lt;lambda&gt;39]" time="0.0010898113250732422"><skipped message="Suite splitting in effect" type="pytest.skip">src/pymortests/affine_grid.py:231: &lt;py._xmlgen.raw object at 0x7fb2dca61780&gt;</skipped></testcase><testcase classname="src.pymortests.affine_grid" file="src/pymortests/affine_grid.py" line="231" name="test_diameters_shape[&lt;lambda&gt;40]" time="0.0004036426544189453"><skipped message="Suite splitting in effect" type="pytest.skip">src/pymortests/affine_grid.py:231: &lt;py._xmlgen.raw object at 0x7fb2dcaab518&gt;</skipped></testcase><testcase classname="src.pymortests.affine_grid" file="src/pymortests/affine_grid.py" line="231" name="test_diameters_shape[&lt;lambda&gt;41]" time="0.0004677772521972656"><skipped message="Suite splitting in effect" type="pytest.skip">src/pymortests/affine_grid.py:231: &lt;py._xmlgen.raw object at 0x7fb29d9e36d8&gt;</skipped></testcase><testcase classname="src.pymortests.affine_grid" file="src/pymortests/affine_grid.py" line="231" name="test_diameters_shape[&lt;lambda&gt;42]" time="0.0004284381866455078"><skipped message="Suite splitting in effect" type="pytest.skip">src/pymortests/affine_grid.py:231: &lt;py._xmlgen.raw object at 0x7fb29d9e3550&gt;</skipped></testcase><testcase classname="src.pymortests.affine_grid" file="src/pymortests/affine_grid.py" line="237" name="test_diameters_non_negative[&lt;lambda&gt;0]" time="0.0004608631134033203"><skipped message="Suite splitting in effect" type="pytest.skip">src/pymortests/affine_grid.py:237: &lt;py._xmlgen.raw object at 0x7fb29d9daba8&gt;</skipped></testcase><testcase classname="src.pymortests.affine_grid" file="src/pymortests/affine_grid.py" line="237" name="test_diameters_non_negative[&lt;lambda&gt;1]" time="0.000415802001953125"><skipped message="Suite splitting in effect" type="pytest.skip">src/pymortests/affine_grid.py:237: &lt;py._xmlgen.raw object at 0x7fb29da87f60&gt;</skipped></testcase><testcase classname="src.pymortests.affine_grid" file="src/pymortests/affine_grid.py" line="237" name="test_diameters_non_negative[&lt;lambda&gt;2]" time="0.00040340423583984375"><skipped message="Suite splitting in effect" type="pytest.skip">src/pymortests/affine_grid.py:237: &lt;py._xmlgen.raw object at 0x7fb29d9d0668&gt;</skipped></testcase><testcase classname="src.pymortests.affine_grid" file="src/pymortests/affine_grid.py" line="237" name="test_diameters_non_negative[&lt;lambda&gt;3]" time="0.0004956722259521484"><skipped message="Suite splitting in effect" type="pytest.skip">src/pymortests/affine_grid.py:237: &lt;py._xmlgen.raw object at 0x7fb29da3f3c8&gt;</skipped></testcase><testcase classname="src.pymortests.affine_grid" file="src/pymortests/affine_grid.py" line="237" name="test_diameters_non_negative[&lt;lambda&gt;4]" time="0.0005166530609130859"><skipped message="Suite splitting in effect" type="pytest.skip">src/pymortests/affine_grid.py:237: &lt;py._xmlgen.raw object at 0x7fb2dcaf6a90&gt;</skipped></testcase><testcase classname="src.pymortests.affine_grid" file="src/pymortests/affine_grid.py" line="237" name="test_diameters_non_negative[&lt;lambda&gt;5]" time="0.00046753883361816406"><skipped message="Suite splitting in effect" type="pytest.skip">src/pymortests/affine_grid.py:237: &lt;py._xmlgen.raw object at 0x7fb29d9d06d8&gt;</skipped></testcase><testcase classname="src.pymortests.affine_grid" file="src/pymortests/affine_grid.py" line="237" name="test_diameters_non_negative[&lt;lambda&gt;6]" time="0.0004496574401855469"><skipped message="Suite splitting in effect" type="pytest.skip">src/pymortests/affine_grid.py:237: &lt;py._xmlgen.raw object at 0x7fb29d9da8d0&gt;</skipped></testcase><testcase classname="src.pymortests.affine_grid" file="src/pymortests/affine_grid.py" line="237" name="test_diameters_non_negative[&lt;lambda&gt;7]" time="0.0004458427429199219"><skipped message="Suite splitting in effect" type="pytest.skip">src/pymortests/affine_grid.py:237: &lt;py._xmlgen.raw object at 0x7fb29d9da518&gt;</skipped></testcase><testcase classname="src.pymortests.affine_grid" file="src/pymortests/affine_grid.py" line="237" name="test_diameters_non_negative[&lt;lambda&gt;8]" time="0.000446319580078125"><skipped message="Suite splitting in effect" type="pytest.skip">src/pymortests/affine_grid.py:237: &lt;py._xmlgen.raw object at 0x7fb29d9e3780&gt;</skipped></testcase><testcase classname="src.pymortests.affine_grid" file="src/pymortests/affine_grid.py" line="237" name="test_diameters_non_negative[&lt;lambda&gt;9]" time="0.0004115104675292969"><skipped message="Suite splitting in effect" type="pytest.skip">src/pymortests/affine_grid.py:237: &lt;py._xmlgen.raw object at 0x7fb2dcaab518&gt;</skipped></testcase><testcase classname="src.pymortests.affine_grid" file="src/pymortests/affine_grid.py" line="237" name="test_diameters_non_negative[&lt;lambda&gt;10]" time="0.00046753883361816406"><skipped message="Suite splitting in effect" type="pytest.skip">src/pymortests/affine_grid.py:237: &lt;py._xmlgen.raw object at 0x7fb2dca61588&gt;</skipped></testcase><testcase classname="src.pymortests.affine_grid" file="src/pymortests/affine_grid.py" line="237" name="test_diameters_non_negative[&lt;lambda&gt;11]" time="0.00041794776916503906"><skipped message="Suite splitting in effect" type="pytest.skip">src/pymortests/affine_grid.py:237: &lt;py._xmlgen.raw object at 0x7fb29d9ef898&gt;</skipped></testcase><testcase classname="src.pymortests.affine_grid" file="src/pymortests/affine_grid.py" line="237" name="test_diameters_non_negative[&lt;lambda&gt;12]" time="0.0007758140563964844"><skipped message="Suite splitting in effect" type="pytest.skip">src/pymortests/affine_grid.py:237: &lt;py._xmlgen.raw object at 0x7fb29d9ef320&gt;</skipped></testcase><testcase classname="src.pymortests.affine_grid" file="src/pymortests/affine_grid.py" line="237" name="test_diameters_non_negative[&lt;lambda&gt;13]" time="0.0005087852478027344"><skipped message="Suite splitting in effect" type="pytest.skip">src/pymortests/affine_grid.py:237: &lt;py._xmlgen.raw object at 0x7fb2dcb086a0&gt;</skipped></testcase><testcase classname="src.pymortests.affine_grid" file="src/pymortests/affine_grid.py" line="237" name="test_diameters_non_negative[&lt;lambda&gt;14]" time="0.0004036426544189453"><skipped message="Suite splitting in effect" type="pytest.skip">src/pymortests/affine_grid.py:237: &lt;py._xmlgen.raw object at 0x7fb29d9e30f0&gt;</skipped></testcase><testcase classname="src.pymortests.affine_grid" file="src/pymortests/affine_grid.py" line="237" name="test_diameters_non_negative[&lt;lambda&gt;15]" time="0.0004248619079589844"><skipped message="Suite splitting in effect" type="pytest.skip">src/pymortests/affine_grid.py:237: &lt;py._xmlgen.raw object at 0x7fb29d9daf28&gt;</skipped></testcase><testcase classname="src.pymortests.affine_grid" file="src/pymortests/affine_grid.py" line="237" name="test_diameters_non_negative[&lt;lambda&gt;16]" time="0.0004215240478515625"><skipped message="Suite splitting in effect" type="pytest.skip">src/pymortests/affine_grid.py:237: &lt;py._xmlgen.raw object at 0x7fb29d9d09b0&gt;</skipped></testcase><testcase classname="src.pymortests.affine_grid" file="src/pymortests/affine_grid.py" line="237" name="test_diameters_non_negative[&lt;lambda&gt;17]" time="0.0004508495330810547"><skipped message="Suite splitting in effect" type="pytest.skip">src/pymortests/affine_grid.py:237: &lt;py._xmlgen.raw object at 0x7fb2dca73a90&gt;</skipped></testcase><testcase classname="src.pymortests.affine_grid" file="src/pymortests/affine_grid.py" line="237" name="test_diameters_non_negative[&lt;lambda&gt;18]" time="0.0004601478576660156"><skipped message="Suite splitting in effect" type="pytest.skip">src/pymortests/affine_grid.py:237: &lt;py._xmlgen.raw object at 0x7fb29d9efba8&gt;</skipped></testcase><testcase classname="src.pymortests.affine_grid" file="src/pymortests/affine_grid.py" line="237" name="test_diameters_non_negative[&lt;lambda&gt;19]" time="0.00045299530029296875"><skipped message="Suite splitting in effect" type="pytest.skip">src/pymortests/affine_grid.py:237: &lt;py._xmlgen.raw object at 0x7fb29d9efd68&gt;</skipped></testcase><testcase classname="src.pymortests.affine_grid" file="src/pymortests/affine_grid.py" line="237" name="test_diameters_non_negative[&lt;lambda&gt;20]" time="0.0005295276641845703"><skipped message="Suite splitting in effect" type="pytest.skip">src/pymortests/affine_grid.py:237: &lt;py._xmlgen.raw object at 0x7fb29d9fe2b0&gt;</skipped></testcase><testcase classname="src.pymortests.affine_grid" file="src/pymortests/affine_grid.py" line="237" name="test_diameters_non_negative[&lt;lambda&gt;21]" time="0.0004470348358154297"><skipped message="Suite splitting in effect" type="pytest.skip">src/pymortests/affine_grid.py:237: &lt;py._xmlgen.raw object at 0x7fb29d9ef8d0&gt;</skipped></testcase><testcase classname="src.pymortests.affine_grid" file="src/pymortests/affine_grid.py" line="237" name="test_diameters_non_negative[&lt;lambda&gt;22]" time="0.00042366981506347656"><skipped message="Suite splitting in effect" type="pytest.skip">src/pymortests/affine_grid.py:237: &lt;py._xmlgen.raw object at 0x7fb29da3ffd0&gt;</skipped></testcase><testcase classname="src.pymortests.affine_grid" file="src/pymortests/affine_grid.py" line="237" name="test_diameters_non_negative[&lt;lambda&gt;23]" time="0.00043272972106933594"><skipped message="Suite splitting in effect" type="pytest.skip">src/pymortests/affine_grid.py:237: &lt;py._xmlgen.raw object at 0x7fb29d9d0080&gt;</skipped></testcase><testcase classname="src.pymortests.affine_grid" file="src/pymortests/affine_grid.py" line="237" name="test_diameters_non_negative[&lt;lambda&gt;24]" time="0.0003960132598876953"><skipped message="Suite splitting in effect" type="pytest.skip">src/pymortests/affine_grid.py:237: &lt;py._xmlgen.raw object at 0x7fb29d9daf28&gt;</skipped></testcase><testcase classname="src.pymortests.affine_grid" file="src/pymortests/affine_grid.py" line="237" name="test_diameters_non_negative[&lt;lambda&gt;25]" time="0.000415802001953125"><skipped message="Suite splitting in effect" type="pytest.skip">src/pymortests/affine_grid.py:237: &lt;py._xmlgen.raw object at 0x7fb29d9e3c88&gt;</skipped></testcase><testcase classname="src.pymortests.affine_grid" file="src/pymortests/affine_grid.py" line="237" name="test_diameters_non_negative[&lt;lambda&gt;26]" time="0.00044465065002441406"><skipped message="Suite splitting in effect" type="pytest.skip">src/pymortests/affine_grid.py:237: &lt;py._xmlgen.raw object at 0x7fb2dca614e0&gt;</skipped></testcase><testcase classname="src.pymortests.affine_grid" file="src/pymortests/affine_grid.py" line="237" name="test_diameters_non_negative[&lt;lambda&gt;27]" time="0.00045943260192871094"><skipped message="Suite splitting in effect" type="pytest.skip">src/pymortests/affine_grid.py:237: &lt;py._xmlgen.raw object at 0x7fb29d9fe278&gt;</skipped></testcase><testcase classname="src.pymortests.affine_grid" file="src/pymortests/affine_grid.py" line="237" name="test_diameters_non_negative[&lt;lambda&gt;28]" time="0.0004153251647949219"><skipped message="Suite splitting in effect" type="pytest.skip">src/pymortests/affine_grid.py:237: &lt;py._xmlgen.raw object at 0x7fb29d9fe7b8&gt;</skipped></testcase><testcase classname="src.pymortests.affine_grid" file="src/pymortests/affine_grid.py" line="237" name="test_diameters_non_negative[&lt;lambda&gt;29]" time="0.0007853507995605469"><skipped message="Suite splitting in effect" type="pytest.skip">src/pymortests/affine_grid.py:237: &lt;py._xmlgen.raw object at 0x7fb2dca99ba8&gt;</skipped></testcase><testcase classname="src.pymortests.affine_grid" file="src/pymortests/affine_grid.py" line="237" name="test_diameters_non_negative[&lt;lambda&gt;30]" time="0.00042438507080078125"><skipped message="Suite splitting in effect" type="pytest.skip">src/pymortests/affine_grid.py:237: &lt;py._xmlgen.raw object at 0x7fb2dca85940&gt;</skipped></testcase><testcase classname="src.pymortests.affine_grid" file="src/pymortests/affine_grid.py" line="237" name="test_diameters_non_negative[&lt;lambda&gt;31]" time="0.0004222393035888672"><skipped message="Suite splitting in effect" type="pytest.skip">src/pymortests/affine_grid.py:237: &lt;py._xmlgen.raw object at 0x7fb29d9da1d0&gt;</skipped></testcase><testcase classname="src.pymortests.affine_grid" file="src/pymortests/affine_grid.py" line="237" name="test_diameters_non_negative[&lt;lambda&gt;32]" time="0.00041103363037109375"><skipped message="Suite splitting in effect" type="pytest.skip">src/pymortests/affine_grid.py:237: &lt;py._xmlgen.raw object at 0x7fb2dca73940&gt;</skipped></testcase><testcase classname="src.pymortests.affine_grid" file="src/pymortests/affine_grid.py" line="237" name="test_diameters_non_negative[&lt;lambda&gt;33]" time="0.00041294097900390625"><skipped message="Suite splitting in effect" type="pytest.skip">src/pymortests/affine_grid.py:237: &lt;py._xmlgen.raw object at 0x7fb29da3f1d0&gt;</skipped></testcase><testcase classname="src.pymortests.affine_grid" file="src/pymortests/affine_grid.py" line="237" name="test_diameters_non_negative[&lt;lambda&gt;34]" time="0.0004355907440185547"><skipped message="Suite splitting in effect" type="pytest.skip">src/pymortests/affine_grid.py:237: &lt;py._xmlgen.raw object at 0x7fb29d9efcf8&gt;</skipped></testcase><testcase classname="src.pymortests.affine_grid" file="src/pymortests/affine_grid.py" line="237" name="test_diameters_non_negative[&lt;lambda&gt;35]" time="0.0004208087921142578"><skipped message="Suite splitting in effect" type="pytest.skip">src/pymortests/affine_grid.py:237: &lt;py._xmlgen.raw object at 0x7fb29d9fe5f8&gt;</skipped></testcase><testcase classname="src.pymortests.affine_grid" file="src/pymortests/affine_grid.py" line="237" name="test_diameters_non_negative[&lt;lambda&gt;36]" time="0.0004298686981201172"><skipped message="Suite splitting in effect" type="pytest.skip">src/pymortests/affine_grid.py:237: &lt;py._xmlgen.raw object at 0x7fb29d9fecf8&gt;</skipped></testcase><testcase classname="src.pymortests.affine_grid" file="src/pymortests/affine_grid.py" line="237" name="test_diameters_non_negative[&lt;lambda&gt;37]" time="0.0007011890411376953"><skipped message="Suite splitting in effect" type="pytest.skip">src/pymortests/affine_grid.py:237: &lt;py._xmlgen.raw object at 0x7fb29d9fecf8&gt;</skipped></testcase><testcase classname="src.pymortests.affine_grid" file="src/pymortests/affine_grid.py" line="237" name="test_diameters_non_negative[&lt;lambda&gt;38]" time="0.00044417381286621094"><skipped message="Suite splitting in effect" type="pytest.skip">src/pymortests/affine_grid.py:237: &lt;py._xmlgen.raw object at 0x7fb29d9fe860&gt;</skipped></testcase><testcase classname="src.pymortests.affine_grid" file="src/pymortests/affine_grid.py" line="237" name="test_diameters_non_negative[&lt;lambda&gt;39]" time="0.00042819976806640625"><skipped message="Suite splitting in effect" type="pytest.skip">src/pymortests/affine_grid.py:237: &lt;py._xmlgen.raw object at 0x7fb29d9ef4e0&gt;</skipped></testcase><testcase classname="src.pymortests.affine_grid" file="src/pymortests/affine_grid.py" line="237" name="test_diameters_non_negative[&lt;lambda&gt;40]" time="0.0004317760467529297"><skipped message="Suite splitting in effect" type="pytest.skip">src/pymortests/affine_grid.py:237: &lt;py._xmlgen.raw object at 0x7fb2dca73f28&gt;</skipped></testcase><testcase classname="src.pymortests.affine_grid" file="src/pymortests/affine_grid.py" line="237" name="test_diameters_non_negative[&lt;lambda&gt;41]" time="0.0004410743713378906"><skipped message="Suite splitting in effect" type="pytest.skip">src/pymortests/affine_grid.py:237: &lt;py._xmlgen.raw object at 0x7fb29d9daac8&gt;</skipped></testcase><testcase classname="src.pymortests.affine_grid" file="src/pymortests/affine_grid.py" line="237" name="test_diameters_non_negative[&lt;lambda&gt;42]" time="0.00044417381286621094"><skipped message="Suite splitting in effect" type="pytest.skip">src/pymortests/affine_grid.py:237: &lt;py._xmlgen.raw object at 0x7fb2dca85208&gt;</skipped></testcase><testcase classname="src.pymortests.affine_grid" file="src/pymortests/affine_grid.py" line="243" name="test_diameters_values[&lt;lambda&gt;0]" time="0.0004565715789794922"><skipped message="Suite splitting in effect" type="pytest.skip">src/pymortests/affine_grid.py:243: &lt;py._xmlgen.raw object at 0x7fb29d9e3f28&gt;</skipped></testcase><testcase classname="src.pymortests.affine_grid" file="src/pymortests/affine_grid.py" line="243" name="test_diameters_values[&lt;lambda&gt;1]" time="0.0004246234893798828"><skipped message="Suite splitting in effect" type="pytest.skip">src/pymortests/affine_grid.py:243: &lt;py._xmlgen.raw object at 0x7fb29da085f8&gt;</skipped></testcase><testcase classname="src.pymortests.affine_grid" file="src/pymortests/affine_grid.py" line="243" name="test_diameters_values[&lt;lambda&gt;2]" time="0.0007431507110595703"><skipped message="Suite splitting in effect" type="pytest.skip">src/pymortests/affine_grid.py:243: &lt;py._xmlgen.raw object at 0x7fb29da08b38&gt;</skipped></testcase><testcase classname="src.pymortests.affine_grid" file="src/pymortests/affine_grid.py" line="243" name="test_diameters_values[&lt;lambda&gt;3]" time="0.00043582916259765625"><skipped message="Suite splitting in effect" type="pytest.skip">src/pymortests/affine_grid.py:243: &lt;py._xmlgen.raw object at 0x7fb2dca85208&gt;</skipped></testcase><testcase classname="src.pymortests.affine_grid" file="src/pymortests/affine_grid.py" line="243" name="test_diameters_values[&lt;lambda&gt;4]" time="0.00041604042053222656"><skipped message="Suite splitting in effect" type="pytest.skip">src/pymortests/affine_grid.py:243: &lt;py._xmlgen.raw object at 0x7fb29d9d0a90&gt;</skipped></testcase><testcase classname="src.pymortests.affine_grid" file="src/pymortests/affine_grid.py" line="243" name="test_diameters_values[&lt;lambda&gt;5]" time="0.00044608116149902344"><skipped message="Suite splitting in effect" type="pytest.skip">src/pymortests/affine_grid.py:243: &lt;py._xmlgen.raw object at 0x7fb29da3f748&gt;</skipped></testcase><testcase classname="src.pymortests.affine_grid" file="src/pymortests/affine_grid.py" line="243" name="test_diameters_values[&lt;lambda&gt;6]" time="0.0004374980926513672"><skipped message="Suite splitting in effect" type="pytest.skip">src/pymortests/affine_grid.py:243: &lt;py._xmlgen.raw object at 0x7fb29d9ef9e8&gt;</skipped></testcase><testcase classname="src.pymortests.affine_grid" file="src/pymortests/affine_grid.py" line="243" name="test_diameters_values[&lt;lambda&gt;7]" time="0.0009927749633789062"><skipped message="Suite splitting in effect" type="pytest.skip">src/pymortests/affine_grid.py:243: &lt;py._xmlgen.raw object at 0x7fb29d9fedd8&gt;</skipped></testcase><testcase classname="src.pymortests.affine_grid" file="src/pymortests/affine_grid.py" line="243" name="test_diameters_values[&lt;lambda&gt;8]" time="0.0006868839263916016"><skipped message="Suite splitting in effect" type="pytest.skip">src/pymortests/affine_grid.py:243: &lt;py._xmlgen.raw object at 0x7fb29da08898&gt;</skipped></testcase><testcase classname="src.pymortests.affine_grid" file="src/pymortests/affine_grid.py" line="243" name="test_diameters_values[&lt;lambda&gt;9]" time="0.0007045269012451172"><skipped message="Suite splitting in effect" type="pytest.skip">src/pymortests/affine_grid.py:243: &lt;py._xmlgen.raw object at 0x7fb29da084e0&gt;</skipped></testcase><testcase classname="src.pymortests.affine_grid" file="src/pymortests/affine_grid.py" line="243" name="test_diameters_values[&lt;lambda&gt;10]" time="0.0011496543884277344"><skipped message="Suite splitting in effect" type="pytest.skip">src/pymortests/affine_grid.py:243: &lt;py._xmlgen.raw object at 0x7fb29d9910b8&gt;</skipped></testcase><testcase classname="src.pymortests.affine_grid" file="src/pymortests/affine_grid.py" line="243" name="test_diameters_values[&lt;lambda&gt;11]" time="0.0008523464202880859"><skipped message="Suite splitting in effect" type="pytest.skip">src/pymortests/affine_grid.py:243: &lt;py._xmlgen.raw object at 0x7fb29da086a0&gt;</skipped></testcase><testcase classname="src.pymortests.affine_grid" file="src/pymortests/affine_grid.py" line="243" name="test_diameters_values[&lt;lambda&gt;12]" time="0.0006072521209716797"><skipped message="Suite splitting in effect" type="pytest.skip">src/pymortests/affine_grid.py:243: &lt;py._xmlgen.raw object at 0x7fb29d9fea20&gt;</skipped></testcase><testcase classname="src.pymortests.affine_grid" file="src/pymortests/affine_grid.py" line="243" name="test_diameters_values[&lt;lambda&gt;13]" time="0.0005688667297363281"><skipped message="Suite splitting in effect" type="pytest.skip">src/pymortests/affine_grid.py:243: &lt;py._xmlgen.raw object at 0x7fb2dca162b0&gt;</skipped></testcase><testcase classname="src.pymortests.affine_grid" file="src/pymortests/affine_grid.py" line="243" name="test_diameters_values[&lt;lambda&gt;14]" time="0.00042510032653808594"><skipped message="Suite splitting in effect" type="pytest.skip">src/pymortests/affine_grid.py:243: &lt;py._xmlgen.raw object at 0x7fb29da3fe48&gt;</skipped></testcase><testcase classname="src.pymortests.affine_grid" file="src/pymortests/affine_grid.py" line="243" name="test_diameters_values[&lt;lambda&gt;15]" time="0.0004253387451171875"><skipped message="Suite splitting in effect" type="pytest.skip">src/pymortests/affine_grid.py:243: &lt;py._xmlgen.raw object at 0x7fb29d9da8d0&gt;</skipped></testcase><testcase classname="src.pymortests.affine_grid" file="src/pymortests/affine_grid.py" line="243" name="test_diameters_values[&lt;lambda&gt;16]" time="0.00043201446533203125"><skipped message="Suite splitting in effect" type="pytest.skip">src/pymortests/affine_grid.py:243: &lt;py._xmlgen.raw object at 0x7fb2dca2a470&gt;</skipped></testcase><testcase classname="src.pymortests.affine_grid" file="src/pymortests/affine_grid.py" line="243" name="test_diameters_values[&lt;lambda&gt;17]" time="0.0004322528839111328"><skipped message="Suite splitting in effect" type="pytest.skip">src/pymortests/affine_grid.py:243: &lt;py._xmlgen.raw object at 0x7fb29d9911d0&gt;</skipped></testcase><testcase classname="src.pymortests.affine_grid" file="src/pymortests/affine_grid.py" line="243" name="test_diameters_values[&lt;lambda&gt;18]" time="0.0004134178161621094"><skipped message="Suite splitting in effect" type="pytest.skip">src/pymortests/affine_grid.py:243: &lt;py._xmlgen.raw object at 0x7fb29d9916d8&gt;</skipped></testcase><testcase classname="src.pymortests.affine_grid" file="src/pymortests/affine_grid.py" line="243" name="test_diameters_values[&lt;lambda&gt;19]" time="0.00043272972106933594"><skipped message="Suite splitting in effect" type="pytest.skip">src/pymortests/affine_grid.py:243: &lt;py._xmlgen.raw object at 0x7fb2dca2a128&gt;</skipped></testcase><testcase classname="src.pymortests.affine_grid" file="src/pymortests/affine_grid.py" line="243" name="test_diameters_values[&lt;lambda&gt;20]" time="0.0003960132598876953"><skipped message="Suite splitting in effect" type="pytest.skip">src/pymortests/affine_grid.py:243: &lt;py._xmlgen.raw object at 0x7fb2dcb50c18&gt;</skipped></testcase><testcase classname="src.pymortests.affine_grid" file="src/pymortests/affine_grid.py" line="243" name="test_diameters_values[&lt;lambda&gt;21]" time="0.0004305839538574219"><skipped message="Suite splitting in effect" type="pytest.skip">src/pymortests/affine_grid.py:243: &lt;py._xmlgen.raw object at 0x7fb29d9ef710&gt;</skipped></testcase><testcase classname="src.pymortests.affine_grid" file="src/pymortests/affine_grid.py" line="243" name="test_diameters_values[&lt;lambda&gt;22]" time="0.00042891502380371094"><skipped message="Suite splitting in effect" type="pytest.skip">src/pymortests/affine_grid.py:243: &lt;py._xmlgen.raw object at 0x7fb29d9fe2e8&gt;</skipped></testcase><testcase classname="src.pymortests.affine_grid" file="src/pymortests/affine_grid.py" line="243" name="test_diameters_values[&lt;lambda&gt;23]" time="0.0004665851593017578"><skipped message="Suite splitting in effect" type="pytest.skip">src/pymortests/affine_grid.py:243: &lt;py._xmlgen.raw object at 0x7fb29da08828&gt;</skipped></testcase><testcase classname="src.pymortests.affine_grid" file="src/pymortests/affine_grid.py" line="243" name="test_diameters_values[&lt;lambda&gt;24]" time="0.0004296302795410156"><skipped message="Suite splitting in effect" type="pytest.skip">src/pymortests/affine_grid.py:243: &lt;py._xmlgen.raw object at 0x7fb29da08f60&gt;</skipped></testcase><testcase classname="src.pymortests.affine_grid" file="src/pymortests/affine_grid.py" line="243" name="test_diameters_values[&lt;lambda&gt;25]" time="0.00042700767517089844"><skipped message="Suite splitting in effect" type="pytest.skip">src/pymortests/affine_grid.py:243: &lt;py._xmlgen.raw object at 0x7fb29d9914e0&gt;</skipped></testcase><testcase classname="src.pymortests.affine_grid" file="src/pymortests/affine_grid.py" line="243" name="test_diameters_values[&lt;lambda&gt;26]" time="0.00042438507080078125"><skipped message="Suite splitting in effect" type="pytest.skip">src/pymortests/affine_grid.py:243: &lt;py._xmlgen.raw object at 0x7fb29d991be0&gt;</skipped></testcase><testcase classname="src.pymortests.affine_grid" file="src/pymortests/affine_grid.py" line="243" name="test_diameters_values[&lt;lambda&gt;27]" time="0.0007381439208984375"><skipped message="Suite splitting in effect" type="pytest.skip">src/pymortests/affine_grid.py:243: &lt;py._xmlgen.raw object at 0x7fb29da08d68&gt;</skipped></testcase><testcase classname="src.pymortests.affine_grid" file="src/pymortests/affine_grid.py" line="243" name="test_diameters_values[&lt;lambda&gt;28]" time="0.0004181861877441406"><skipped message="Suite splitting in effect" type="pytest.skip">src/pymortests/affine_grid.py:243: &lt;py._xmlgen.raw object at 0x7fb29d9fe0f0&gt;</skipped></testcase><testcase classname="src.pymortests.affine_grid" file="src/pymortests/affine_grid.py" line="243" name="test_diameters_values[&lt;lambda&gt;29]" time="0.0004239082336425781"><skipped message="Suite splitting in effect" type="pytest.skip">src/pymortests/affine_grid.py:243: &lt;py._xmlgen.raw object at 0x7fb29d9ef6d8&gt;</skipped></testcase><testcase classname="src.pymortests.affine_grid" file="src/pymortests/affine_grid.py" line="243" name="test_diameters_values[&lt;lambda&gt;30]" time="0.0004286766052246094"><skipped message="Suite splitting in effect" type="pytest.skip">src/pymortests/affine_grid.py:243: &lt;py._xmlgen.raw object at 0x7fb2dca85c88&gt;</skipped></testcase><testcase classname="src.pymortests.affine_grid" file="src/pymortests/affine_grid.py" line="243" name="test_diameters_values[&lt;lambda&gt;31]" time="0.0005490779876708984"><skipped message="Suite splitting in effect" type="pytest.skip">src/pymortests/affine_grid.py:243: &lt;py._xmlgen.raw object at 0x7fb2dca2a1d0&gt;</skipped></testcase><testcase classname="src.pymortests.affine_grid" file="src/pymortests/affine_grid.py" line="243" name="test_diameters_values[&lt;lambda&gt;32]" time="0.00042057037353515625"><skipped message="Suite splitting in effect" type="pytest.skip">src/pymortests/affine_grid.py:243: &lt;py._xmlgen.raw object at 0x7fb29d991d68&gt;</skipped></testcase><testcase classname="src.pymortests.affine_grid" file="src/pymortests/affine_grid.py" line="243" name="test_diameters_values[&lt;lambda&gt;33]" time="0.00044417381286621094"><skipped message="Suite splitting in effect" type="pytest.skip">src/pymortests/affine_grid.py:243: &lt;py._xmlgen.raw object at 0x7fb29d991278&gt;</skipped></testcase><testcase classname="src.pymortests.affine_grid" file="src/pymortests/affine_grid.py" line="243" name="test_diameters_values[&lt;lambda&gt;34]" time="0.00043511390686035156"><skipped message="Suite splitting in effect" type="pytest.skip">src/pymortests/affine_grid.py:243: &lt;py._xmlgen.raw object at 0x7fb29d99d160&gt;</skipped></testcase><testcase classname="src.pymortests.affine_grid" file="src/pymortests/affine_grid.py" line="243" name="test_diameters_values[&lt;lambda&gt;35]" time="0.0007181167602539062"><skipped message="Suite splitting in effect" type="pytest.skip">src/pymortests/affine_grid.py:243: &lt;py._xmlgen.raw object at 0x7fb29d991e48&gt;</skipped></testcase><testcase classname="src.pymortests.affine_grid" file="src/pymortests/affine_grid.py" line="243" name="test_diameters_values[&lt;lambda&gt;36]" time="0.0004367828369140625"><skipped message="Suite splitting in effect" type="pytest.skip">src/pymortests/affine_grid.py:243: &lt;py._xmlgen.raw object at 0x7fb29d9915c0&gt;</skipped></testcase><testcase classname="src.pymortests.affine_grid" file="src/pymortests/affine_grid.py" line="243" name="test_diameters_values[&lt;lambda&gt;37]" time="0.0004284381866455078"><skipped message="Suite splitting in effect" type="pytest.skip">src/pymortests/affine_grid.py:243: &lt;py._xmlgen.raw object at 0x7fb2dca2a9b0&gt;</skipped></testcase><testcase classname="src.pymortests.affine_grid" file="src/pymortests/affine_grid.py" line="243" name="test_diameters_values[&lt;lambda&gt;38]" time="0.000446319580078125"><skipped message="Suite splitting in effect" type="pytest.skip">src/pymortests/affine_grid.py:243: &lt;py._xmlgen.raw object at 0x7fb29d9d0400&gt;</skipped></testcase><testcase classname="src.pymortests.affine_grid" file="src/pymortests/affine_grid.py" line="243" name="test_diameters_values[&lt;lambda&gt;39]" time="0.0004317760467529297"><skipped message="Suite splitting in effect" type="pytest.skip">src/pymortests/affine_grid.py:243: &lt;py._xmlgen.raw object at 0x7fb2dca3c860&gt;</skipped></testcase><testcase classname="src.pymortests.affine_grid" file="src/pymortests/affine_grid.py" line="243" name="test_diameters_values[&lt;lambda&gt;40]" time="0.0004298686981201172"><skipped message="Suite splitting in effect" type="pytest.skip">src/pymortests/affine_grid.py:243: &lt;py._xmlgen.raw object at 0x7fb29d9fe048&gt;</skipped></testcase><testcase classname="src.pymortests.affine_grid" file="src/pymortests/affine_grid.py" line="243" name="test_diameters_values[&lt;lambda&gt;41]" time="0.00043702125549316406"><skipped message="Suite splitting in effect" type="pytest.skip">src/pymortests/affine_grid.py:243: &lt;py._xmlgen.raw object at 0x7fb29d99d128&gt;</skipped></testcase><testcase classname="src.pymortests.affine_grid" file="src/pymortests/affine_grid.py" line="243" name="test_diameters_values[&lt;lambda&gt;42]" time="0.0004811286926269531"><skipped message="Suite splitting in effect" type="pytest.skip">src/pymortests/affine_grid.py:243: &lt;py._xmlgen.raw object at 0x7fb29d99da20&gt;</skipped></testcase><testcase classname="src.pymortests.affine_grid" file="src/pymortests/affine_grid.py" line="250" name="test_quadrature_points_wrong_arguments[&lt;lambda&gt;0]" time="0.00042128562927246094"><skipped message="Suite splitting in effect" type="pytest.skip">src/pymortests/affine_grid.py:250: &lt;py._xmlgen.raw object at 0x7fb29da08dd8&gt;</skipped></testcase><testcase classname="src.pymortests.affine_grid" file="src/pymortests/affine_grid.py" line="250" name="test_quadrature_points_wrong_arguments[&lt;lambda&gt;1]" time="0.0004482269287109375"><skipped message="Suite splitting in effect" type="pytest.skip">src/pymortests/affine_grid.py:250: &lt;py._xmlgen.raw object at 0x7fb2dca3cf28&gt;</skipped></testcase><testcase classname="src.pymortests.affine_grid" file="src/pymortests/affine_grid.py" line="250" name="test_quadrature_points_wrong_arguments[&lt;lambda&gt;2]" time="0.0004343986511230469"><skipped message="Suite splitting in effect" type="pytest.skip">src/pymortests/affine_grid.py:250: &lt;py._xmlgen.raw object at 0x7fb29d9ef240&gt;</skipped></testcase><testcase classname="src.pymortests.affine_grid" file="src/pymortests/affine_grid.py" line="250" name="test_quadrature_points_wrong_arguments[&lt;lambda&gt;3]" time="0.0004112720489501953"><skipped message="Suite splitting in effect" type="pytest.skip">src/pymortests/affine_grid.py:250: &lt;py._xmlgen.raw object at 0x7fb2dca2acf8&gt;</skipped></testcase><testcase classname="src.pymortests.affine_grid" file="src/pymortests/affine_grid.py" line="250" name="test_quadrature_points_wrong_arguments[&lt;lambda&gt;4]" time="0.0004067420959472656"><skipped message="Suite splitting in effect" type="pytest.skip">src/pymortests/affine_grid.py:250: &lt;py._xmlgen.raw object at 0x7fb29d991fd0&gt;</skipped></testcase><testcase classname="src.pymortests.affine_grid" file="src/pymortests/affine_grid.py" line="250" name="test_quadrature_points_wrong_arguments[&lt;lambda&gt;5]" time="0.00042057037353515625"><skipped message="Suite splitting in effect" type="pytest.skip">src/pymortests/affine_grid.py:250: &lt;py._xmlgen.raw object at 0x7fb29d9912b0&gt;</skipped></testcase><testcase classname="src.pymortests.affine_grid" file="src/pymortests/affine_grid.py" line="250" name="test_quadrature_points_wrong_arguments[&lt;lambda&gt;6]" time="0.00043845176696777344"><skipped message="Suite splitting in effect" type="pytest.skip">src/pymortests/affine_grid.py:250: &lt;py._xmlgen.raw object at 0x7fb29d99d048&gt;</skipped></testcase><testcase classname="src.pymortests.affine_grid" file="src/pymortests/affine_grid.py" line="250" name="test_quadrature_points_wrong_arguments[&lt;lambda&gt;7]" time="0.0004596710205078125"><skipped message="Suite splitting in effect" type="pytest.skip">src/pymortests/affine_grid.py:250: &lt;py._xmlgen.raw object at 0x7fb29d9a5320&gt;</skipped></testcase><testcase classname="src.pymortests.affine_grid" file="src/pymortests/affine_grid.py" line="250" name="test_quadrature_points_wrong_arguments[&lt;lambda&gt;8]" time="0.0004286766052246094"><skipped message="Suite splitting in effect" type="pytest.skip">src/pymortests/affine_grid.py:250: &lt;py._xmlgen.raw object at 0x7fb29d9e3780&gt;</skipped></testcase><testcase classname="src.pymortests.affine_grid" file="src/pymortests/affine_grid.py" line="250" name="test_quadrature_points_wrong_arguments[&lt;lambda&gt;9]" time="0.0004296302795410156"><skipped message="Suite splitting in effect" type="pytest.skip">src/pymortests/affine_grid.py:250: &lt;py._xmlgen.raw object at 0x7fb2dca73f28&gt;</skipped></testcase><testcase classname="src.pymortests.affine_grid" file="src/pymortests/affine_grid.py" line="250" name="test_quadrature_points_wrong_arguments[&lt;lambda&gt;10]" time="0.00044655799865722656"><skipped message="Suite splitting in effect" type="pytest.skip">src/pymortests/affine_grid.py:250: &lt;py._xmlgen.raw object at 0x7fb2dca3c1d0&gt;</skipped></testcase><testcase classname="src.pymortests.affine_grid" file="src/pymortests/affine_grid.py" line="250" name="test_quadrature_points_wrong_arguments[&lt;lambda&gt;11]" time="0.00043654441833496094"><skipped message="Suite splitting in effect" type="pytest.skip">src/pymortests/affine_grid.py:250: &lt;py._xmlgen.raw object at 0x7fb29d99d7b8&gt;</skipped></testcase><testcase classname="src.pymortests.affine_grid" file="src/pymortests/affine_grid.py" line="250" name="test_quadrature_points_wrong_arguments[&lt;lambda&gt;12]" time="0.00041866302490234375"><skipped message="Suite splitting in effect" type="pytest.skip">src/pymortests/affine_grid.py:250: &lt;py._xmlgen.raw object at 0x7fb29d99d400&gt;</skipped></testcase><testcase classname="src.pymortests.affine_grid" file="src/pymortests/affine_grid.py" line="250" name="test_quadrature_points_wrong_arguments[&lt;lambda&gt;13]" time="0.00042700767517089844"><skipped message="Suite splitting in effect" type="pytest.skip">src/pymortests/affine_grid.py:250: &lt;py._xmlgen.raw object at 0x7fb29d991940&gt;</skipped></testcase><testcase classname="src.pymortests.affine_grid" file="src/pymortests/affine_grid.py" line="250" name="test_quadrature_points_wrong_arguments[&lt;lambda&gt;14]" time="0.00043582916259765625"><skipped message="Suite splitting in effect" type="pytest.skip">src/pymortests/affine_grid.py:250: &lt;py._xmlgen.raw object at 0x7fb2dca160b8&gt;</skipped></testcase><testcase classname="src.pymortests.affine_grid" file="src/pymortests/affine_grid.py" line="250" name="test_quadrature_points_wrong_arguments[&lt;lambda&gt;15]" time="0.0004017353057861328"><skipped message="Suite splitting in effect" type="pytest.skip">src/pymortests/affine_grid.py:250: &lt;py._xmlgen.raw object at 0x7fb29da082b0&gt;</skipped></testcase><testcase classname="src.pymortests.affine_grid" file="src/pymortests/affine_grid.py" line="250" name="test_quadrature_points_wrong_arguments[&lt;lambda&gt;16]" time="0.0004642009735107422"><skipped message="Suite splitting in effect" type="pytest.skip">src/pymortests/affine_grid.py:250: &lt;py._xmlgen.raw object at 0x7fb29da08080&gt;</skipped></testcase><testcase classname="src.pymortests.affine_grid" file="src/pymortests/affine_grid.py" line="250" name="test_quadrature_points_wrong_arguments[&lt;lambda&gt;17]" time="0.0007517337799072266"><skipped message="Suite splitting in effect" type="pytest.skip">src/pymortests/affine_grid.py:250: &lt;py._xmlgen.raw object at 0x7fb29da08ba8&gt;</skipped></testcase><testcase classname="src.pymortests.affine_grid" file="src/pymortests/affine_grid.py" line="250" name="test_quadrature_points_wrong_arguments[&lt;lambda&gt;18]" time="0.0004260540008544922"><skipped message="Suite splitting in effect" type="pytest.skip">src/pymortests/affine_grid.py:250: &lt;py._xmlgen.raw object at 0x7fb2dc9e0438&gt;</skipped></testcase><testcase classname="src.pymortests.affine_grid" file="src/pymortests/affine_grid.py" line="250" name="test_quadrature_points_wrong_arguments[&lt;lambda&gt;19]" time="0.00041604042053222656"><skipped message="Suite splitting in effect" type="pytest.skip">src/pymortests/affine_grid.py:250: &lt;py._xmlgen.raw object at 0x7fb29d991940&gt;</skipped></testcase><testcase classname="src.pymortests.affine_grid" file="src/pymortests/affine_grid.py" line="250" name="test_quadrature_points_wrong_arguments[&lt;lambda&gt;20]" time="0.0004324913024902344"><skipped message="Suite splitting in effect" type="pytest.skip">src/pymortests/affine_grid.py:250: &lt;py._xmlgen.raw object at 0x7fb29d99d438&gt;</skipped></testcase><testcase classname="src.pymortests.affine_grid" file="src/pymortests/affine_grid.py" line="250" name="test_quadrature_points_wrong_arguments[&lt;lambda&gt;21]" time="0.00043654441833496094"><skipped message="Suite splitting in effect" type="pytest.skip">src/pymortests/affine_grid.py:250: &lt;py._xmlgen.raw object at 0x7fb29d99df98&gt;</skipped></testcase><testcase classname="src.pymortests.affine_grid" file="src/pymortests/affine_grid.py" line="250" name="test_quadrature_points_wrong_arguments[&lt;lambda&gt;22]" time="0.0004551410675048828"><skipped message="Suite splitting in effect" type="pytest.skip">src/pymortests/affine_grid.py:250: &lt;py._xmlgen.raw object at 0x7fb2dca4cf60&gt;</skipped></testcase><testcase classname="src.pymortests.affine_grid" file="src/pymortests/affine_grid.py" line="250" name="test_quadrature_points_wrong_arguments[&lt;lambda&gt;23]" time="0.0004279613494873047"><skipped message="Suite splitting in effect" type="pytest.skip">src/pymortests/affine_grid.py:250: &lt;py._xmlgen.raw object at 0x7fb2dca2aef0&gt;</skipped></testcase><testcase classname="src.pymortests.affine_grid" file="src/pymortests/affine_grid.py" line="250" name="test_quadrature_points_wrong_arguments[&lt;lambda&gt;24]" time="0.00046539306640625"><skipped message="Suite splitting in effect" type="pytest.skip">src/pymortests/affine_grid.py:250: &lt;py._xmlgen.raw object at 0x7fb29d9ef710&gt;</skipped></testcase><testcase classname="src.pymortests.affine_grid" file="src/pymortests/affine_grid.py" line="250" name="test_quadrature_points_wrong_arguments[&lt;lambda&gt;25]" time="0.0007565021514892578"><skipped message="Suite splitting in effect" type="pytest.skip">src/pymortests/affine_grid.py:250: &lt;py._xmlgen.raw object at 0x7fb29da34a20&gt;</skipped></testcase><testcase classname="src.pymortests.affine_grid" file="src/pymortests/affine_grid.py" line="250" name="test_quadrature_points_wrong_arguments[&lt;lambda&gt;26]" time="0.00041556358337402344"><skipped message="Suite splitting in effect" type="pytest.skip">src/pymortests/affine_grid.py:250: &lt;py._xmlgen.raw object at 0x7fb2dca2af98&gt;</skipped></testcase><testcase classname="src.pymortests.affine_grid" file="src/pymortests/affine_grid.py" line="250" name="test_quadrature_points_wrong_arguments[&lt;lambda&gt;27]" time="0.00042176246643066406"><skipped message="Suite splitting in effect" type="pytest.skip">src/pymortests/affine_grid.py:250: &lt;py._xmlgen.raw object at 0x7fb2dcaabef0&gt;</skipped></testcase><testcase classname="src.pymortests.affine_grid" file="src/pymortests/affine_grid.py" line="250" name="test_quadrature_points_wrong_arguments[&lt;lambda&gt;28]" time="0.0004222393035888672"><skipped message="Suite splitting in effect" type="pytest.skip">src/pymortests/affine_grid.py:250: &lt;py._xmlgen.raw object at 0x7fb29d99dc18&gt;</skipped></testcase><testcase classname="src.pymortests.affine_grid" file="src/pymortests/affine_grid.py" line="250" name="test_quadrature_points_wrong_arguments[&lt;lambda&gt;29]" time="0.00043463706970214844"><skipped message="Suite splitting in effect" type="pytest.skip">src/pymortests/affine_grid.py:250: &lt;py._xmlgen.raw object at 0x7fb29d991940&gt;</skipped></testcase><testcase classname="src.pymortests.affine_grid" file="src/pymortests/affine_grid.py" line="250" name="test_quadrature_points_wrong_arguments[&lt;lambda&gt;30]" time="0.00044989585876464844"><skipped message="Suite splitting in effect" type="pytest.skip">src/pymortests/affine_grid.py:250: &lt;py._xmlgen.raw object at 0x7fb2dc9e00f0&gt;</skipped></testcase><testcase classname="src.pymortests.affine_grid" file="src/pymortests/affine_grid.py" line="250" name="test_quadrature_points_wrong_arguments[&lt;lambda&gt;31]" time="0.00043702125549316406"><skipped message="Suite splitting in effect" type="pytest.skip">src/pymortests/affine_grid.py:250: &lt;py._xmlgen.raw object at 0x7fb29da08f98&gt;</skipped></testcase><testcase classname="src.pymortests.affine_grid" file="src/pymortests/affine_grid.py" line="250" name="test_quadrature_points_wrong_arguments[&lt;lambda&gt;32]" time="0.0004703998565673828"><skipped message="Suite splitting in effect" type="pytest.skip">src/pymortests/affine_grid.py:250: &lt;py._xmlgen.raw object at 0x7fb29d9a5048&gt;</skipped></testcase><testcase classname="src.pymortests.affine_grid" file="src/pymortests/affine_grid.py" line="250" name="test_quadrature_points_wrong_arguments[&lt;lambda&gt;33]" time="0.0007143020629882812"><skipped message="Suite splitting in effect" type="pytest.skip">src/pymortests/affine_grid.py:250: &lt;py._xmlgen.raw object at 0x7fb29d9a5ba8&gt;</skipped></testcase><testcase classname="src.pymortests.affine_grid" file="src/pymortests/affine_grid.py" line="250" name="test_quadrature_points_wrong_arguments[&lt;lambda&gt;34]" time="0.000438690185546875"><skipped message="Suite splitting in effect" type="pytest.skip">src/pymortests/affine_grid.py:250: &lt;py._xmlgen.raw object at 0x7fb29d9fe2e8&gt;</skipped></testcase><testcase classname="src.pymortests.affine_grid" file="src/pymortests/affine_grid.py" line="250" name="test_quadrature_points_wrong_arguments[&lt;lambda&gt;35]" time="0.00041031837463378906"><skipped message="Suite splitting in effect" type="pytest.skip">src/pymortests/affine_grid.py:250: &lt;py._xmlgen.raw object at 0x7fb29d991358&gt;</skipped></testcase><testcase classname="src.pymortests.affine_grid" file="src/pymortests/affine_grid.py" line="250" name="test_quadrature_points_wrong_arguments[&lt;lambda&gt;36]" time="0.00043463706970214844"><skipped message="Suite splitting in effect" type="pytest.skip">src/pymortests/affine_grid.py:250: &lt;py._xmlgen.raw object at 0x7fb29d99d470&gt;</skipped></testcase><testcase classname="src.pymortests.affine_grid" file="src/pymortests/affine_grid.py" line="250" name="test_quadrature_points_wrong_arguments[&lt;lambda&gt;37]" time="0.0005004405975341797"><skipped message="Suite splitting in effect" type="pytest.skip">src/pymortests/affine_grid.py:250: &lt;py._xmlgen.raw object at 0x7fb29d99df28&gt;</skipped></testcase><testcase classname="src.pymortests.affine_grid" file="src/pymortests/affine_grid.py" line="250" name="test_quadrature_points_wrong_arguments[&lt;lambda&gt;38]" time="0.0004990100860595703"><skipped message="Suite splitting in effect" type="pytest.skip">src/pymortests/affine_grid.py:250: &lt;py._xmlgen.raw object at 0x7fb2dca61b70&gt;</skipped></testcase><testcase classname="src.pymortests.affine_grid" file="src/pymortests/affine_grid.py" line="250" name="test_quadrature_points_wrong_arguments[&lt;lambda&gt;39]" time="0.000423431396484375"><skipped message="Suite splitting in effect" type="pytest.skip">src/pymortests/affine_grid.py:250: &lt;py._xmlgen.raw object at 0x7fb29d9a5ac8&gt;</skipped></testcase><testcase classname="src.pymortests.affine_grid" file="src/pymortests/affine_grid.py" line="250" name="test_quadrature_points_wrong_arguments[&lt;lambda&gt;40]" time="0.00045037269592285156"><skipped message="Suite splitting in effect" type="pytest.skip">src/pymortests/affine_grid.py:250: &lt;py._xmlgen.raw object at 0x7fb29d9a5828&gt;</skipped></testcase><testcase classname="src.pymortests.affine_grid" file="src/pymortests/affine_grid.py" line="250" name="test_quadrature_points_wrong_arguments[&lt;lambda&gt;41]" time="0.0006954669952392578"><skipped message="Suite splitting in effect" type="pytest.skip">src/pymortests/affine_grid.py:250: &lt;py._xmlgen.raw object at 0x7fb29d9b4128&gt;</skipped></testcase><testcase classname="src.pymortests.affine_grid" file="src/pymortests/affine_grid.py" line="250" name="test_quadrature_points_wrong_arguments[&lt;lambda&gt;42]" time="0.0004322528839111328"><skipped message="Suite splitting in effect" type="pytest.skip">src/pymortests/affine_grid.py:250: &lt;py._xmlgen.raw object at 0x7fb29d9a5a20&gt;</skipped></testcase><testcase classname="src.pymortests.affine_grid" file="src/pymortests/affine_grid.py" line="265" name="test_quadrature_points_shape[&lt;lambda&gt;0]" time="0.0004286766052246094"><skipped message="Suite splitting in effect" type="pytest.skip">src/pymortests/affine_grid.py:265: &lt;py._xmlgen.raw object at 0x7fb29da34e48&gt;</skipped></testcase><testcase classname="src.pymortests.affine_grid" file="src/pymortests/affine_grid.py" line="265" name="test_quadrature_points_shape[&lt;lambda&gt;1]" time="0.00042247772216796875"><skipped message="Suite splitting in effect" type="pytest.skip">src/pymortests/affine_grid.py:265: &lt;py._xmlgen.raw object at 0x7fb2dca4cac8&gt;</skipped></testcase><testcase classname="src.pymortests.affine_grid" file="src/pymortests/affine_grid.py" line="265" name="test_quadrature_points_shape[&lt;lambda&gt;2]" time="0.0003955364227294922"><skipped message="Suite splitting in effect" type="pytest.skip">src/pymortests/affine_grid.py:265: &lt;py._xmlgen.raw object at 0x7fb29d99d748&gt;</skipped></testcase><testcase classname="src.pymortests.affine_grid" file="src/pymortests/affine_grid.py" line="265" name="test_quadrature_points_shape[&lt;lambda&gt;3]" time="0.0004291534423828125"><skipped message="Suite splitting in effect" type="pytest.skip">src/pymortests/affine_grid.py:265: &lt;py._xmlgen.raw object at 0x7fb29d991ef0&gt;</skipped></testcase><testcase classname="src.pymortests.affine_grid" file="src/pymortests/affine_grid.py" line="265" name="test_quadrature_points_shape[&lt;lambda&gt;4]" time="0.0004260540008544922"><skipped message="Suite splitting in effect" type="pytest.skip">src/pymortests/affine_grid.py:265: &lt;py._xmlgen.raw object at 0x7fb29da55a58&gt;</skipped></testcase><testcase classname="src.pymortests.affine_grid" file="src/pymortests/affine_grid.py" line="265" name="test_quadrature_points_shape[&lt;lambda&gt;5]" time="0.0004203319549560547"><skipped message="Suite splitting in effect" type="pytest.skip">src/pymortests/affine_grid.py:265: &lt;py._xmlgen.raw object at 0x7fb29d9b4240&gt;</skipped></testcase><testcase classname="src.pymortests.affine_grid" file="src/pymortests/affine_grid.py" line="265" name="test_quadrature_points_shape[&lt;lambda&gt;6]" time="0.00044035911560058594"><skipped message="Suite splitting in effect" type="pytest.skip">src/pymortests/affine_grid.py:265: &lt;py._xmlgen.raw object at 0x7fb29d9b4748&gt;</skipped></testcase><testcase classname="src.pymortests.affine_grid" file="src/pymortests/affine_grid.py" line="265" name="test_quadrature_points_shape[&lt;lambda&gt;7]" time="0.0004558563232421875"><skipped message="Suite splitting in effect" type="pytest.skip">src/pymortests/affine_grid.py:265: &lt;py._xmlgen.raw object at 0x7fb29da55a58&gt;</skipped></testcase><testcase classname="src.pymortests.affine_grid" file="src/pymortests/affine_grid.py" line="265" name="test_quadrature_points_shape[&lt;lambda&gt;8]" time="0.00042057037353515625"><skipped message="Suite splitting in effect" type="pytest.skip">src/pymortests/affine_grid.py:265: &lt;py._xmlgen.raw object at 0x7fb29d991e48&gt;</skipped></testcase><testcase classname="src.pymortests.affine_grid" file="src/pymortests/affine_grid.py" line="265" name="test_quadrature_points_shape[&lt;lambda&gt;9]" time="0.0004277229309082031"><skipped message="Suite splitting in effect" type="pytest.skip">src/pymortests/affine_grid.py:265: &lt;py._xmlgen.raw object at 0x7fb29d99dd30&gt;</skipped></testcase><testcase classname="src.pymortests.affine_grid" file="src/pymortests/affine_grid.py" line="265" name="test_quadrature_points_shape[&lt;lambda&gt;10]" time="0.00042366981506347656"><skipped message="Suite splitting in effect" type="pytest.skip">src/pymortests/affine_grid.py:265: &lt;py._xmlgen.raw object at 0x7fb2dca3c908&gt;</skipped></testcase><testcase classname="src.pymortests.affine_grid" file="src/pymortests/affine_grid.py" line="265" name="test_quadrature_points_shape[&lt;lambda&gt;11]" time="0.00041961669921875"><skipped message="Suite splitting in effect" type="pytest.skip">src/pymortests/affine_grid.py:265: &lt;py._xmlgen.raw object at 0x7fb29d9a59b0&gt;</skipped></testcase><testcase classname="src.pymortests.affine_grid" file="src/pymortests/affine_grid.py" line="265" name="test_quadrature_points_shape[&lt;lambda&gt;12]" time="0.0004324913024902344"><skipped message="Suite splitting in effect" type="pytest.skip">src/pymortests/affine_grid.py:265: &lt;py._xmlgen.raw object at 0x7fb29d9a5c88&gt;</skipped></testcase><testcase classname="src.pymortests.affine_grid" file="src/pymortests/affine_grid.py" line="265" name="test_quadrature_points_shape[&lt;lambda&gt;13]" time="0.0004291534423828125"><skipped message="Suite splitting in effect" type="pytest.skip">src/pymortests/affine_grid.py:265: &lt;py._xmlgen.raw object at 0x7fb29d9b4550&gt;</skipped></testcase><testcase classname="src.pymortests.affine_grid" file="src/pymortests/affine_grid.py" line="265" name="test_quadrature_points_shape[&lt;lambda&gt;14]" time="0.0004413127899169922"><skipped message="Suite splitting in effect" type="pytest.skip">src/pymortests/affine_grid.py:265: &lt;py._xmlgen.raw object at 0x7fb29d9b4c50&gt;</skipped></testcase><testcase classname="src.pymortests.affine_grid" file="src/pymortests/affine_grid.py" line="265" name="test_quadrature_points_shape[&lt;lambda&gt;15]" time="0.0007560253143310547"><skipped message="Suite splitting in effect" type="pytest.skip">src/pymortests/affine_grid.py:265: &lt;py._xmlgen.raw object at 0x7fb29d9a58d0&gt;</skipped></testcase><testcase classname="src.pymortests.affine_grid" file="src/pymortests/affine_grid.py" line="265" name="test_quadrature_points_shape[&lt;lambda&gt;16]" time="0.00041413307189941406"><skipped message="Suite splitting in effect" type="pytest.skip">src/pymortests/affine_grid.py:265: &lt;py._xmlgen.raw object at 0x7fb2dca3c908&gt;</skipped></testcase><testcase classname="src.pymortests.affine_grid" file="src/pymortests/affine_grid.py" line="265" name="test_quadrature_points_shape[&lt;lambda&gt;17]" time="0.0006656646728515625"><skipped message="Suite splitting in effect" type="pytest.skip">src/pymortests/affine_grid.py:265: &lt;py._xmlgen.raw object at 0x7fb2dca075f8&gt;</skipped></testcase><testcase classname="src.pymortests.affine_grid" file="src/pymortests/affine_grid.py" line="265" name="test_quadrature_points_shape[&lt;lambda&gt;18]" time="0.0006365776062011719"><skipped message="Suite splitting in effect" type="pytest.skip">src/pymortests/affine_grid.py:265: &lt;py._xmlgen.raw object at 0x7fb29d9910f0&gt;</skipped></testcase><testcase classname="src.pymortests.affine_grid" file="src/pymortests/affine_grid.py" line="265" name="test_quadrature_points_shape[&lt;lambda&gt;19]" time="0.00047850608825683594"><skipped message="Suite splitting in effect" type="pytest.skip">src/pymortests/affine_grid.py:265: &lt;py._xmlgen.raw object at 0x7fb29da55a90&gt;</skipped></testcase><testcase classname="src.pymortests.affine_grid" file="src/pymortests/affine_grid.py" line="265" name="test_quadrature_points_shape[&lt;lambda&gt;20]" time="0.0005030632019042969"><skipped message="Suite splitting in effect" type="pytest.skip">src/pymortests/affine_grid.py:265: &lt;py._xmlgen.raw object at 0x7fb29d9b4dd8&gt;</skipped></testcase><testcase classname="src.pymortests.affine_grid" file="src/pymortests/affine_grid.py" line="265" name="test_quadrature_points_shape[&lt;lambda&gt;21]" time="0.0006413459777832031"><skipped message="Suite splitting in effect" type="pytest.skip">src/pymortests/affine_grid.py:265: &lt;py._xmlgen.raw object at 0x7fb29d9b42e8&gt;</skipped></testcase><testcase classname="src.pymortests.affine_grid" file="src/pymortests/affine_grid.py" line="265" name="test_quadrature_points_shape[&lt;lambda&gt;22]" time="0.0005567073822021484"><skipped message="Suite splitting in effect" type="pytest.skip">src/pymortests/affine_grid.py:265: &lt;py._xmlgen.raw object at 0x7fb29d9bf1d0&gt;</skipped></testcase><testcase classname="src.pymortests.affine_grid" file="src/pymortests/affine_grid.py" line="265" name="test_quadrature_points_shape[&lt;lambda&gt;23]" time="0.0008783340454101562"><skipped message="Suite splitting in effect" type="pytest.skip">src/pymortests/affine_grid.py:265: &lt;py._xmlgen.raw object at 0x7fb29da082b0&gt;</skipped></testcase><testcase classname="src.pymortests.affine_grid" file="src/pymortests/affine_grid.py" line="265" name="test_quadrature_points_shape[&lt;lambda&gt;24]" time="0.0004627704620361328"><skipped message="Suite splitting in effect" type="pytest.skip">src/pymortests/affine_grid.py:265: &lt;py._xmlgen.raw object at 0x7fb29d9b4b00&gt;</skipped></testcase><testcase classname="src.pymortests.affine_grid" file="src/pymortests/affine_grid.py" line="265" name="test_quadrature_points_shape[&lt;lambda&gt;25]" time="0.00045299530029296875"><skipped message="Suite splitting in effect" type="pytest.skip">src/pymortests/affine_grid.py:265: &lt;py._xmlgen.raw object at 0x7fb2dca61b70&gt;</skipped></testcase><testcase classname="src.pymortests.affine_grid" file="src/pymortests/affine_grid.py" line="265" name="test_quadrature_points_shape[&lt;lambda&gt;26]" time="0.0004184246063232422"><skipped message="Suite splitting in effect" type="pytest.skip">src/pymortests/affine_grid.py:265: &lt;py._xmlgen.raw object at 0x7fb29d99da58&gt;</skipped></testcase><testcase classname="src.pymortests.affine_grid" file="src/pymortests/affine_grid.py" line="265" name="test_quadrature_points_shape[&lt;lambda&gt;27]" time="0.00044035911560058594"><skipped message="Suite splitting in effect" type="pytest.skip">src/pymortests/affine_grid.py:265: &lt;py._xmlgen.raw object at 0x7fb2dca07400&gt;</skipped></testcase><testcase classname="src.pymortests.affine_grid" file="src/pymortests/affine_grid.py" line="265" name="test_quadrature_points_shape[&lt;lambda&gt;28]" time="0.00044155120849609375"><skipped message="Suite splitting in effect" type="pytest.skip">src/pymortests/affine_grid.py:265: &lt;py._xmlgen.raw object at 0x7fb2dca85e80&gt;</skipped></testcase><testcase classname="src.pymortests.affine_grid" file="src/pymortests/affine_grid.py" line="265" name="test_quadrature_points_shape[&lt;lambda&gt;29]" time="0.00044918060302734375"><skipped message="Suite splitting in effect" type="pytest.skip">src/pymortests/affine_grid.py:265: &lt;py._xmlgen.raw object at 0x7fb29d9bf1d0&gt;</skipped></testcase><testcase classname="src.pymortests.affine_grid" file="src/pymortests/affine_grid.py" line="265" name="test_quadrature_points_shape[&lt;lambda&gt;30]" time="0.00042819976806640625"><skipped message="Suite splitting in effect" type="pytest.skip">src/pymortests/affine_grid.py:265: &lt;py._xmlgen.raw object at 0x7fb29d9bfa90&gt;</skipped></testcase><testcase classname="src.pymortests.affine_grid" file="src/pymortests/affine_grid.py" line="265" name="test_quadrature_points_shape[&lt;lambda&gt;31]" time="0.0009598731994628906"><skipped message="Suite splitting in effect" type="pytest.skip">src/pymortests/affine_grid.py:265: &lt;py._xmlgen.raw object at 0x7fb29d9bffd0&gt;</skipped></testcase><testcase classname="src.pymortests.affine_grid" file="src/pymortests/affine_grid.py" line="265" name="test_quadrature_points_shape[&lt;lambda&gt;32]" time="0.00041747093200683594"><skipped message="Suite splitting in effect" type="pytest.skip">src/pymortests/affine_grid.py:265: &lt;py._xmlgen.raw object at 0x7fb29d9bfeb8&gt;</skipped></testcase><testcase classname="src.pymortests.affine_grid" file="src/pymortests/affine_grid.py" line="265" name="test_quadrature_points_shape[&lt;lambda&gt;33]" time="0.00047779083251953125"><skipped message="Suite splitting in effect" type="pytest.skip">src/pymortests/affine_grid.py:265: &lt;py._xmlgen.raw object at 0x7fb29d9bf320&gt;</skipped></testcase><testcase classname="src.pymortests.affine_grid" file="src/pymortests/affine_grid.py" line="265" name="test_quadrature_points_shape[&lt;lambda&gt;34]" time="0.0005037784576416016"><skipped message="Suite splitting in effect" type="pytest.skip">src/pymortests/affine_grid.py:265: &lt;py._xmlgen.raw object at 0x7fb2dca07be0&gt;</skipped></testcase><testcase classname="src.pymortests.affine_grid" file="src/pymortests/affine_grid.py" line="265" name="test_quadrature_points_shape[&lt;lambda&gt;35]" time="0.0004723072052001953"><skipped message="Suite splitting in effect" type="pytest.skip">src/pymortests/affine_grid.py:265: &lt;py._xmlgen.raw object at 0x7fb29d99da58&gt;</skipped></testcase><testcase classname="src.pymortests.affine_grid" file="src/pymortests/affine_grid.py" line="265" name="test_quadrature_points_shape[&lt;lambda&gt;36]" time="0.0004291534423828125"><skipped message="Suite splitting in effect" type="pytest.skip">src/pymortests/affine_grid.py:265: &lt;py._xmlgen.raw object at 0x7fb2dc9975f8&gt;</skipped></testcase><testcase classname="src.pymortests.affine_grid" file="src/pymortests/affine_grid.py" line="265" name="test_quadrature_points_shape[&lt;lambda&gt;37]" time="0.0004456043243408203"><skipped message="Suite splitting in effect" type="pytest.skip">src/pymortests/affine_grid.py:265: &lt;py._xmlgen.raw object at 0x7fb29d9b4e48&gt;</skipped></testcase><testcase classname="src.pymortests.affine_grid" file="src/pymortests/affine_grid.py" line="265" name="test_quadrature_points_shape[&lt;lambda&gt;38]" time="0.0004210472106933594"><skipped message="Suite splitting in effect" type="pytest.skip">src/pymortests/affine_grid.py:265: &lt;py._xmlgen.raw object at 0x7fb29da08208&gt;</skipped></testcase><testcase classname="src.pymortests.affine_grid" file="src/pymortests/affine_grid.py" line="265" name="test_quadrature_points_shape[&lt;lambda&gt;39]" time="0.0007903575897216797"><skipped message="Suite splitting in effect" type="pytest.skip">src/pymortests/affine_grid.py:265: &lt;py._xmlgen.raw object at 0x7fb29d9c7550&gt;</skipped></testcase><testcase classname="src.pymortests.affine_grid" file="src/pymortests/affine_grid.py" line="265" name="test_quadrature_points_shape[&lt;lambda&gt;40]" time="0.0004901885986328125"><skipped message="Suite splitting in effect" type="pytest.skip">src/pymortests/affine_grid.py:265: &lt;py._xmlgen.raw object at 0x7fb29d9b4898&gt;</skipped></testcase><testcase classname="src.pymortests.affine_grid" file="src/pymortests/affine_grid.py" line="265" name="test_quadrature_points_shape[&lt;lambda&gt;41]" time="0.0005137920379638672"><skipped message="Suite splitting in effect" type="pytest.skip">src/pymortests/affine_grid.py:265: &lt;py._xmlgen.raw object at 0x7fb2dc997b38&gt;</skipped></testcase><testcase classname="src.pymortests.affine_grid" file="src/pymortests/affine_grid.py" line="265" name="test_quadrature_points_shape[&lt;lambda&gt;42]" time="0.00045609474182128906"><skipped message="Suite splitting in effect" type="pytest.skip">src/pymortests/affine_grid.py:265: &lt;py._xmlgen.raw object at 0x7fb29d99dd68&gt;</skipped></testcase><testcase classname="src.pymortests.affine_grid" file="src/pymortests/affine_grid.py" line="275" name="test_quadrature_points_values[&lt;lambda&gt;0]" time="0.0004601478576660156"><skipped message="Suite splitting in effect" type="pytest.skip">src/pymortests/affine_grid.py:275: &lt;py._xmlgen.raw object at 0x7fb29d9e3400&gt;</skipped></testcase><testcase classname="src.pymortests.affine_grid" file="src/pymortests/affine_grid.py" line="275" name="test_quadrature_points_values[&lt;lambda&gt;1]" time="0.00047898292541503906"><skipped message="Suite splitting in effect" type="pytest.skip">src/pymortests/affine_grid.py:275: &lt;py._xmlgen.raw object at 0x7fb29d9bf898&gt;</skipped></testcase><testcase classname="src.pymortests.affine_grid" file="src/pymortests/affine_grid.py" line="275" name="test_quadrature_points_values[&lt;lambda&gt;2]" time="0.0004267692565917969"><skipped message="Suite splitting in effect" type="pytest.skip">src/pymortests/affine_grid.py:275: &lt;py._xmlgen.raw object at 0x7fb29d9a59b0&gt;</skipped></testcase><testcase classname="src.pymortests.affine_grid" file="src/pymortests/affine_grid.py" line="275" name="test_quadrature_points_values[&lt;lambda&gt;3]" time="0.00041222572326660156"><skipped message="Suite splitting in effect" type="pytest.skip">src/pymortests/affine_grid.py:275: &lt;py._xmlgen.raw object at 0x7fb29d9c7400&gt;</skipped></testcase><testcase classname="src.pymortests.affine_grid" file="src/pymortests/affine_grid.py" line="275" name="test_quadrature_points_values[&lt;lambda&gt;4]" time="0.0004162788391113281"><skipped message="Suite splitting in effect" type="pytest.skip">src/pymortests/affine_grid.py:275: &lt;py._xmlgen.raw object at 0x7fb29d9c7b70&gt;</skipped></testcase><testcase classname="src.pymortests.affine_grid" file="src/pymortests/affine_grid.py" line="275" name="test_quadrature_points_values[&lt;lambda&gt;5]" time="0.0004477500915527344"><skipped message="Suite splitting in effect" type="pytest.skip">src/pymortests/affine_grid.py:275: &lt;py._xmlgen.raw object at 0x7fb29d9bfef0&gt;</skipped></testcase><testcase classname="src.pymortests.affine_grid" file="src/pymortests/affine_grid.py" line="275" name="test_quadrature_points_values[&lt;lambda&gt;6]" time="0.00039958953857421875"><skipped message="Suite splitting in effect" type="pytest.skip">src/pymortests/affine_grid.py:275: &lt;py._xmlgen.raw object at 0x7fb29d9e3e80&gt;</skipped></testcase><testcase classname="src.pymortests.affine_grid" file="src/pymortests/affine_grid.py" line="275" name="test_quadrature_points_values[&lt;lambda&gt;7]" time="0.00041556358337402344"><skipped message="Suite splitting in effect" type="pytest.skip">src/pymortests/affine_grid.py:275: &lt;py._xmlgen.raw object at 0x7fb29d991d68&gt;</skipped></testcase><testcase classname="src.pymortests.affine_grid" file="src/pymortests/affine_grid.py" line="275" name="test_quadrature_points_values[&lt;lambda&gt;8]" time="0.00040721893310546875"><skipped message="Suite splitting in effect" type="pytest.skip">src/pymortests/affine_grid.py:275: &lt;py._xmlgen.raw object at 0x7fb2dc9e0fd0&gt;</skipped></testcase><testcase classname="src.pymortests.affine_grid" file="src/pymortests/affine_grid.py" line="275" name="test_quadrature_points_values[&lt;lambda&gt;9]" time="0.0004725456237792969"><skipped message="Suite splitting in effect" type="pytest.skip">src/pymortests/affine_grid.py:275: &lt;py._xmlgen.raw object at 0x7fb29d9b4b00&gt;</skipped></testcase><testcase classname="src.pymortests.affine_grid" file="src/pymortests/affine_grid.py" line="275" name="test_quadrature_points_values[&lt;lambda&gt;10]" time="0.000492095947265625"><skipped message="Suite splitting in effect" type="pytest.skip">src/pymortests/affine_grid.py:275: &lt;py._xmlgen.raw object at 0x7fb29d9c7ba8&gt;</skipped></testcase><testcase classname="src.pymortests.affine_grid" file="src/pymortests/affine_grid.py" line="275" name="test_quadrature_points_values[&lt;lambda&gt;11]" time="0.000461578369140625"><skipped message="Suite splitting in effect" type="pytest.skip">src/pymortests/affine_grid.py:275: &lt;py._xmlgen.raw object at 0x7fb29d9c75c0&gt;</skipped></testcase><testcase classname="src.pymortests.affine_grid" file="src/pymortests/affine_grid.py" line="275" name="test_quadrature_points_values[&lt;lambda&gt;12]" time="0.00042700767517089844"><skipped message="Suite splitting in effect" type="pytest.skip">src/pymortests/affine_grid.py:275: &lt;py._xmlgen.raw object at 0x7fb29d9540b8&gt;</skipped></testcase><testcase classname="src.pymortests.affine_grid" file="src/pymortests/affine_grid.py" line="275" name="test_quadrature_points_values[&lt;lambda&gt;13]" time="0.0005013942718505859"><skipped message="Suite splitting in effect" type="pytest.skip">src/pymortests/affine_grid.py:275: &lt;py._xmlgen.raw object at 0x7fb29d9c7ef0&gt;</skipped></testcase><testcase classname="src.pymortests.affine_grid" file="src/pymortests/affine_grid.py" line="275" name="test_quadrature_points_values[&lt;lambda&gt;14]" time="0.0006771087646484375"><skipped message="Suite splitting in effect" type="pytest.skip">src/pymortests/affine_grid.py:275: &lt;py._xmlgen.raw object at 0x7fb29d9c7b70&gt;</skipped></testcase><testcase classname="src.pymortests.affine_grid" file="src/pymortests/affine_grid.py" line="275" name="test_quadrature_points_values[&lt;lambda&gt;15]" time="0.00046753883361816406"><skipped message="Suite splitting in effect" type="pytest.skip">src/pymortests/affine_grid.py:275: &lt;py._xmlgen.raw object at 0x7fb29d9b4470&gt;</skipped></testcase><testcase classname="src.pymortests.affine_grid" file="src/pymortests/affine_grid.py" line="275" name="test_quadrature_points_values[&lt;lambda&gt;16]" time="0.0005104541778564453"><skipped message="Suite splitting in effect" type="pytest.skip">src/pymortests/affine_grid.py:275: &lt;py._xmlgen.raw object at 0x7fb2dc9974a8&gt;</skipped></testcase><testcase classname="src.pymortests.affine_grid" file="src/pymortests/affine_grid.py" line="275" name="test_quadrature_points_values[&lt;lambda&gt;17]" time="0.00048470497131347656"><skipped message="Suite splitting in effect" type="pytest.skip">src/pymortests/affine_grid.py:275: &lt;py._xmlgen.raw object at 0x7fb2dca2a860&gt;</skipped></testcase><testcase classname="src.pymortests.affine_grid" file="src/pymortests/affine_grid.py" line="275" name="test_quadrature_points_values[&lt;lambda&gt;18]" time="0.00043511390686035156"><skipped message="Suite splitting in effect" type="pytest.skip">src/pymortests/affine_grid.py:275: &lt;py._xmlgen.raw object at 0x7fb29d9bf7f0&gt;</skipped></testcase><testcase classname="src.pymortests.affine_grid" file="src/pymortests/affine_grid.py" line="275" name="test_quadrature_points_values[&lt;lambda&gt;19]" time="0.0004909038543701172"><skipped message="Suite splitting in effect" type="pytest.skip">src/pymortests/affine_grid.py:275: &lt;py._xmlgen.raw object at 0x7fb29d954208&gt;</skipped></testcase><testcase classname="src.pymortests.affine_grid" file="src/pymortests/affine_grid.py" line="275" name="test_quadrature_points_values[&lt;lambda&gt;20]" time="0.0004553794860839844"><skipped message="Suite splitting in effect" type="pytest.skip">src/pymortests/affine_grid.py:275: &lt;py._xmlgen.raw object at 0x7fb29d9545f8&gt;</skipped></testcase><testcase classname="src.pymortests.affine_grid" file="src/pymortests/affine_grid.py" line="275" name="test_quadrature_points_values[&lt;lambda&gt;21]" time="0.00110626220703125"><skipped message="Suite splitting in effect" type="pytest.skip">src/pymortests/affine_grid.py:275: &lt;py._xmlgen.raw object at 0x7fb29d991ba8&gt;</skipped></testcase><testcase classname="src.pymortests.affine_grid" file="src/pymortests/affine_grid.py" line="275" name="test_quadrature_points_values[&lt;lambda&gt;22]" time="0.00044727325439453125"><skipped message="Suite splitting in effect" type="pytest.skip">src/pymortests/affine_grid.py:275: &lt;py._xmlgen.raw object at 0x7fb2dc9bb5c0&gt;</skipped></testcase><testcase classname="src.pymortests.affine_grid" file="src/pymortests/affine_grid.py" line="275" name="test_quadrature_points_values[&lt;lambda&gt;23]" time="0.0004591941833496094"><skipped message="Suite splitting in effect" type="pytest.skip">src/pymortests/affine_grid.py:275: &lt;py._xmlgen.raw object at 0x7fb29d9c7cc0&gt;</skipped></testcase><testcase classname="src.pymortests.affine_grid" file="src/pymortests/affine_grid.py" line="275" name="test_quadrature_points_values[&lt;lambda&gt;24]" time="0.0004673004150390625"><skipped message="Suite splitting in effect" type="pytest.skip">src/pymortests/affine_grid.py:275: &lt;py._xmlgen.raw object at 0x7fb29d9c7f98&gt;</skipped></testcase><testcase classname="src.pymortests.affine_grid" file="src/pymortests/affine_grid.py" line="275" name="test_quadrature_points_values[&lt;lambda&gt;25]" time="0.00045680999755859375"><skipped message="Suite splitting in effect" type="pytest.skip">src/pymortests/affine_grid.py:275: &lt;py._xmlgen.raw object at 0x7fb29d9bf780&gt;</skipped></testcase><testcase classname="src.pymortests.affine_grid" file="src/pymortests/affine_grid.py" line="275" name="test_quadrature_points_values[&lt;lambda&gt;26]" time="0.0004432201385498047"><skipped message="Suite splitting in effect" type="pytest.skip">src/pymortests/affine_grid.py:275: &lt;py._xmlgen.raw object at 0x7fb29d9bf400&gt;</skipped></testcase><testcase classname="src.pymortests.affine_grid" file="src/pymortests/affine_grid.py" line="275" name="test_quadrature_points_values[&lt;lambda&gt;27]" time="0.00041675567626953125"><skipped message="Suite splitting in effect" type="pytest.skip">src/pymortests/affine_grid.py:275: &lt;py._xmlgen.raw object at 0x7fb29d9b4a20&gt;</skipped></testcase><testcase classname="src.pymortests.affine_grid" file="src/pymortests/affine_grid.py" line="275" name="test_quadrature_points_values[&lt;lambda&gt;28]" time="0.00041484832763671875"><skipped message="Suite splitting in effect" type="pytest.skip">src/pymortests/affine_grid.py:275: &lt;py._xmlgen.raw object at 0x7fb29d9a50f0&gt;</skipped></testcase><testcase classname="src.pymortests.affine_grid" file="src/pymortests/affine_grid.py" line="275" name="test_quadrature_points_values[&lt;lambda&gt;29]" time="0.00045680999755859375"><skipped message="Suite splitting in effect" type="pytest.skip">src/pymortests/affine_grid.py:275: &lt;py._xmlgen.raw object at 0x7fb29d9a5c18&gt;</skipped></testcase><testcase classname="src.pymortests.affine_grid" file="src/pymortests/affine_grid.py" line="275" name="test_quadrature_points_values[&lt;lambda&gt;30]" time="0.00043892860412597656"><skipped message="Suite splitting in effect" type="pytest.skip">src/pymortests/affine_grid.py:275: &lt;py._xmlgen.raw object at 0x7fb29d9b4f28&gt;</skipped></testcase><testcase classname="src.pymortests.affine_grid" file="src/pymortests/affine_grid.py" line="275" name="test_quadrature_points_values[&lt;lambda&gt;31]" time="0.0004520416259765625"><skipped message="Suite splitting in effect" type="pytest.skip">src/pymortests/affine_grid.py:275: &lt;py._xmlgen.raw object at 0x7fb29d9bfbe0&gt;</skipped></testcase><testcase classname="src.pymortests.affine_grid" file="src/pymortests/affine_grid.py" line="275" name="test_quadrature_points_values[&lt;lambda&gt;32]" time="0.00043129920959472656"><skipped message="Suite splitting in effect" type="pytest.skip">src/pymortests/affine_grid.py:275: &lt;py._xmlgen.raw object at 0x7fb29d9fe0f0&gt;</skipped></testcase><testcase classname="src.pymortests.affine_grid" file="src/pymortests/affine_grid.py" line="275" name="test_quadrature_points_values[&lt;lambda&gt;33]" time="0.0004239082336425781"><skipped message="Suite splitting in effect" type="pytest.skip">src/pymortests/affine_grid.py:275: &lt;py._xmlgen.raw object at 0x7fb29d9c71d0&gt;</skipped></testcase><testcase classname="src.pymortests.affine_grid" file="src/pymortests/affine_grid.py" line="275" name="test_quadrature_points_values[&lt;lambda&gt;34]" time="0.00043272972106933594"><skipped message="Suite splitting in effect" type="pytest.skip">src/pymortests/affine_grid.py:275: &lt;py._xmlgen.raw object at 0x7fb2dc9bb278&gt;</skipped></testcase><testcase classname="src.pymortests.affine_grid" file="src/pymortests/affine_grid.py" line="275" name="test_quadrature_points_values[&lt;lambda&gt;35]" time="0.0004210472106933594"><skipped message="Suite splitting in effect" type="pytest.skip">src/pymortests/affine_grid.py:275: &lt;py._xmlgen.raw object at 0x7fb2dca075f8&gt;</skipped></testcase><testcase classname="src.pymortests.affine_grid" file="src/pymortests/affine_grid.py" line="275" name="test_quadrature_points_values[&lt;lambda&gt;36]" time="0.0004425048828125"><skipped message="Suite splitting in effect" type="pytest.skip">src/pymortests/affine_grid.py:275: &lt;py._xmlgen.raw object at 0x7fb29d954748&gt;</skipped></testcase><testcase classname="src.pymortests.affine_grid" file="src/pymortests/affine_grid.py" line="275" name="test_quadrature_points_values[&lt;lambda&gt;37]" time="0.0008015632629394531"><skipped message="Suite splitting in effect" type="pytest.skip">src/pymortests/affine_grid.py:275: &lt;py._xmlgen.raw object at 0x7fb29d9540b8&gt;</skipped></testcase><testcase classname="src.pymortests.affine_grid" file="src/pymortests/affine_grid.py" line="275" name="test_quadrature_points_values[&lt;lambda&gt;38]" time="0.00041794776916503906"><skipped message="Suite splitting in effect" type="pytest.skip">src/pymortests/affine_grid.py:275: &lt;py._xmlgen.raw object at 0x7fb29d99dd68&gt;</skipped></testcase><testcase classname="src.pymortests.affine_grid" file="src/pymortests/affine_grid.py" line="275" name="test_quadrature_points_values[&lt;lambda&gt;39]" time="0.00042629241943359375"><skipped message="Suite splitting in effect" type="pytest.skip">src/pymortests/affine_grid.py:275: &lt;py._xmlgen.raw object at 0x7fb2dc9bbc50&gt;</skipped></testcase><testcase classname="src.pymortests.affine_grid" file="src/pymortests/affine_grid.py" line="275" name="test_quadrature_points_values[&lt;lambda&gt;40]" time="0.0004203319549560547"><skipped message="Suite splitting in effect" type="pytest.skip">src/pymortests/affine_grid.py:275: &lt;py._xmlgen.raw object at 0x7fb29d9c7ef0&gt;</skipped></testcase><testcase classname="src.pymortests.affine_grid" file="src/pymortests/affine_grid.py" line="275" name="test_quadrature_points_values[&lt;lambda&gt;41]" time="0.00042319297790527344"><skipped message="Suite splitting in effect" type="pytest.skip">src/pymortests/affine_grid.py:275: &lt;py._xmlgen.raw object at 0x7fb29d9fe9b0&gt;</skipped></testcase><testcase classname="src.pymortests.affine_grid" file="src/pymortests/affine_grid.py" line="275" name="test_quadrature_points_values[&lt;lambda&gt;42]" time="0.0004258155822753906"><skipped message="Suite splitting in effect" type="pytest.skip">src/pymortests/affine_grid.py:275: &lt;py._xmlgen.raw object at 0x7fb29d9bfcf8&gt;</skipped></testcase><testcase classname="src.pymortests.affine_grid" file="src/pymortests/affine_grid.py" line="288" name="test_bounding_box[&lt;lambda&gt;0]" time="0.00044274330139160156"><skipped message="Suite splitting in effect" type="pytest.skip">src/pymortests/affine_grid.py:288: &lt;py._xmlgen.raw object at 0x7fb29d9a5208&gt;</skipped></testcase><testcase classname="src.pymortests.affine_grid" file="src/pymortests/affine_grid.py" line="288" name="test_bounding_box[&lt;lambda&gt;1]" time="0.00044918060302734375"><skipped message="Suite splitting in effect" type="pytest.skip">src/pymortests/affine_grid.py:288: &lt;py._xmlgen.raw object at 0x7fb29d954160&gt;</skipped></testcase><testcase classname="src.pymortests.affine_grid" file="src/pymortests/affine_grid.py" line="288" name="test_bounding_box[&lt;lambda&gt;2]" time="0.00044274330139160156"><skipped message="Suite splitting in effect" type="pytest.skip">src/pymortests/affine_grid.py:288: &lt;py._xmlgen.raw object at 0x7fb29d954cf8&gt;</skipped></testcase><testcase classname="src.pymortests.affine_grid" file="src/pymortests/affine_grid.py" line="288" name="test_bounding_box[&lt;lambda&gt;3]" time="0.00045561790466308594"><skipped message="Suite splitting in effect" type="pytest.skip">src/pymortests/affine_grid.py:288: &lt;py._xmlgen.raw object at 0x7fb29d9b4748&gt;</skipped></testcase><testcase classname="src.pymortests.affine_grid" file="src/pymortests/affine_grid.py" line="288" name="test_bounding_box[&lt;lambda&gt;4]" time="0.0004177093505859375"><skipped message="Suite splitting in effect" type="pytest.skip">src/pymortests/affine_grid.py:288: &lt;py._xmlgen.raw object at 0x7fb29d9bfdd8&gt;</skipped></testcase><testcase classname="src.pymortests.affine_grid" file="src/pymortests/affine_grid.py" line="288" name="test_bounding_box[&lt;lambda&gt;5]" time="0.0004203319549560547"><skipped message="Suite splitting in effect" type="pytest.skip">src/pymortests/affine_grid.py:288: &lt;py._xmlgen.raw object at 0x7fb29d9c7ef0&gt;</skipped></testcase><testcase classname="src.pymortests.affine_grid" file="src/pymortests/affine_grid.py" line="288" name="test_bounding_box[&lt;lambda&gt;6]" time="0.0006015300750732422"><skipped message="Suite splitting in effect" type="pytest.skip">src/pymortests/affine_grid.py:288: &lt;py._xmlgen.raw object at 0x7fb2dc9bb128&gt;</skipped></testcase><testcase classname="src.pymortests.affine_grid" file="src/pymortests/affine_grid.py" line="288" name="test_bounding_box[&lt;lambda&gt;7]" time="0.0004436969757080078"><skipped message="Suite splitting in effect" type="pytest.skip">src/pymortests/affine_grid.py:288: &lt;py._xmlgen.raw object at 0x7fb2dca07f28&gt;</skipped></testcase><testcase classname="src.pymortests.affine_grid" file="src/pymortests/affine_grid.py" line="288" name="test_bounding_box[&lt;lambda&gt;8]" time="0.0004534721374511719"><skipped message="Suite splitting in effect" type="pytest.skip">src/pymortests/affine_grid.py:288: &lt;py._xmlgen.raw object at 0x7fb29d954dd8&gt;</skipped></testcase><testcase classname="src.pymortests.affine_grid" file="src/pymortests/affine_grid.py" line="288" name="test_bounding_box[&lt;lambda&gt;9]" time="0.00044035911560058594"><skipped message="Suite splitting in effect" type="pytest.skip">src/pymortests/affine_grid.py:288: &lt;py._xmlgen.raw object at 0x7fb29d954860&gt;</skipped></testcase><testcase classname="src.pymortests.affine_grid" file="src/pymortests/affine_grid.py" line="288" name="test_bounding_box[&lt;lambda&gt;10]" time="0.0004830360412597656"><skipped message="Suite splitting in effect" type="pytest.skip">src/pymortests/affine_grid.py:288: &lt;py._xmlgen.raw object at 0x7fb29d964240&gt;</skipped></testcase><testcase classname="src.pymortests.affine_grid" file="src/pymortests/affine_grid.py" line="288" name="test_bounding_box[&lt;lambda&gt;11]" time="0.0007236003875732422"><skipped message="Suite splitting in effect" type="pytest.skip">src/pymortests/affine_grid.py:288: &lt;py._xmlgen.raw object at 0x7fb29d954f60&gt;</skipped></testcase><testcase classname="src.pymortests.affine_grid" file="src/pymortests/affine_grid.py" line="288" name="test_bounding_box[&lt;lambda&gt;12]" time="0.0004737377166748047"><skipped message="Suite splitting in effect" type="pytest.skip">src/pymortests/affine_grid.py:288: &lt;py._xmlgen.raw object at 0x7fb29d954e48&gt;</skipped></testcase><testcase classname="src.pymortests.affine_grid" file="src/pymortests/affine_grid.py" line="288" name="test_bounding_box[&lt;lambda&gt;13]" time="0.0005071163177490234"><skipped message="Suite splitting in effect" type="pytest.skip">src/pymortests/affine_grid.py:288: &lt;py._xmlgen.raw object at 0x7fb2dc9bbc50&gt;</skipped></testcase><testcase classname="src.pymortests.affine_grid" file="src/pymortests/affine_grid.py" line="288" name="test_bounding_box[&lt;lambda&gt;14]" time="0.0004210472106933594"><skipped message="Suite splitting in effect" type="pytest.skip">src/pymortests/affine_grid.py:288: &lt;py._xmlgen.raw object at 0x7fb29d9c7da0&gt;</skipped></testcase><testcase classname="src.pymortests.affine_grid" file="src/pymortests/affine_grid.py" line="288" name="test_bounding_box[&lt;lambda&gt;15]" time="0.00041937828063964844"><skipped message="Suite splitting in effect" type="pytest.skip">src/pymortests/affine_grid.py:288: &lt;py._xmlgen.raw object at 0x7fb29d9bfcf8&gt;</skipped></testcase><testcase classname="src.pymortests.affine_grid" file="src/pymortests/affine_grid.py" line="288" name="test_bounding_box[&lt;lambda&gt;16]" time="0.0004241466522216797"><skipped message="Suite splitting in effect" type="pytest.skip">src/pymortests/affine_grid.py:288: &lt;py._xmlgen.raw object at 0x7fb2dc95e2e8&gt;</skipped></testcase><testcase classname="src.pymortests.affine_grid" file="src/pymortests/affine_grid.py" line="288" name="test_bounding_box[&lt;lambda&gt;17]" time="0.00043010711669921875"><skipped message="Suite splitting in effect" type="pytest.skip">src/pymortests/affine_grid.py:288: &lt;py._xmlgen.raw object at 0x7fb29d964438&gt;</skipped></testcase><testcase classname="src.pymortests.affine_grid" file="src/pymortests/affine_grid.py" line="288" name="test_bounding_box[&lt;lambda&gt;18]" time="0.00043964385986328125"><skipped message="Suite splitting in effect" type="pytest.skip">src/pymortests/affine_grid.py:288: &lt;py._xmlgen.raw object at 0x7fb29d964780&gt;</skipped></testcase><testcase classname="src.pymortests.affine_grid" file="src/pymortests/affine_grid.py" line="288" name="test_bounding_box[&lt;lambda&gt;19]" time="0.0006823539733886719"><skipped message="Suite splitting in effect" type="pytest.skip">src/pymortests/affine_grid.py:288: &lt;py._xmlgen.raw object at 0x7fb29d9b4748&gt;</skipped></testcase><testcase classname="src.pymortests.affine_grid" file="src/pymortests/affine_grid.py" line="288" name="test_bounding_box[&lt;lambda&gt;20]" time="0.0004668235778808594"><skipped message="Suite splitting in effect" type="pytest.skip">src/pymortests/affine_grid.py:288: &lt;py._xmlgen.raw object at 0x7fb2dc95e6d8&gt;</skipped></testcase><testcase classname="src.pymortests.affine_grid" file="src/pymortests/affine_grid.py" line="288" name="test_bounding_box[&lt;lambda&gt;21]" time="0.00044846534729003906"><skipped message="Suite splitting in effect" type="pytest.skip">src/pymortests/affine_grid.py:288: &lt;py._xmlgen.raw object at 0x7fb29d9bf7b8&gt;</skipped></testcase><testcase classname="src.pymortests.affine_grid" file="src/pymortests/affine_grid.py" line="288" name="test_bounding_box[&lt;lambda&gt;22]" time="0.0004162788391113281"><skipped message="Suite splitting in effect" type="pytest.skip">src/pymortests/affine_grid.py:288: &lt;py._xmlgen.raw object at 0x7fb2dc9bbcf8&gt;</skipped></testcase><testcase classname="src.pymortests.affine_grid" file="src/pymortests/affine_grid.py" line="288" name="test_bounding_box[&lt;lambda&gt;23]" time="0.0004630088806152344"><skipped message="Suite splitting in effect" type="pytest.skip">src/pymortests/affine_grid.py:288: &lt;py._xmlgen.raw object at 0x7fb29d954860&gt;</skipped></testcase><testcase classname="src.pymortests.affine_grid" file="src/pymortests/affine_grid.py" line="288" name="test_bounding_box[&lt;lambda&gt;24]" time="0.00045108795166015625"><skipped message="Suite splitting in effect" type="pytest.skip">src/pymortests/affine_grid.py:288: &lt;py._xmlgen.raw object at 0x7fb29d954358&gt;</skipped></testcase><testcase classname="src.pymortests.affine_grid" file="src/pymortests/affine_grid.py" line="288" name="test_bounding_box[&lt;lambda&gt;25]" time="0.0004391670227050781"><skipped message="Suite splitting in effect" type="pytest.skip">src/pymortests/affine_grid.py:288: &lt;py._xmlgen.raw object at 0x7fb29d9640b8&gt;</skipped></testcase><testcase classname="src.pymortests.affine_grid" file="src/pymortests/affine_grid.py" line="288" name="test_bounding_box[&lt;lambda&gt;26]" time="0.00041604042053222656"><skipped message="Suite splitting in effect" type="pytest.skip">src/pymortests/affine_grid.py:288: &lt;py._xmlgen.raw object at 0x7fb29d96c080&gt;</skipped></testcase><testcase classname="src.pymortests.affine_grid" file="src/pymortests/affine_grid.py" line="288" name="test_bounding_box[&lt;lambda&gt;27]" time="0.000713348388671875"><skipped message="Suite splitting in effect" type="pytest.skip">src/pymortests/affine_grid.py:288: &lt;py._xmlgen.raw object at 0x7fb29d96c5c0&gt;</skipped></testcase><testcase classname="src.pymortests.affine_grid" file="src/pymortests/affine_grid.py" line="288" name="test_bounding_box[&lt;lambda&gt;28]" time="0.0004355907440185547"><skipped message="Suite splitting in effect" type="pytest.skip">src/pymortests/affine_grid.py:288: &lt;py._xmlgen.raw object at 0x7fb29d9644a8&gt;</skipped></testcase><testcase classname="src.pymortests.affine_grid" file="src/pymortests/affine_grid.py" line="288" name="test_bounding_box[&lt;lambda&gt;29]" time="0.0004391670227050781"><skipped message="Suite splitting in effect" type="pytest.skip">src/pymortests/affine_grid.py:288: &lt;py._xmlgen.raw object at 0x7fb29d954ac8&gt;</skipped></testcase><testcase classname="src.pymortests.affine_grid" file="src/pymortests/affine_grid.py" line="288" name="test_bounding_box[&lt;lambda&gt;30]" time="0.00043582916259765625"><skipped message="Suite splitting in effect" type="pytest.skip">src/pymortests/affine_grid.py:288: &lt;py._xmlgen.raw object at 0x7fb29d99dd68&gt;</skipped></testcase><testcase classname="src.pymortests.affine_grid" file="src/pymortests/affine_grid.py" line="288" name="test_bounding_box[&lt;lambda&gt;31]" time="0.00044345855712890625"><skipped message="Suite splitting in effect" type="pytest.skip">src/pymortests/affine_grid.py:288: &lt;py._xmlgen.raw object at 0x7fb29d9c79e8&gt;</skipped></testcase><testcase classname="src.pymortests.affine_grid" file="src/pymortests/affine_grid.py" line="288" name="test_bounding_box[&lt;lambda&gt;32]" time="0.00039649009704589844"><skipped message="Suite splitting in effect" type="pytest.skip">src/pymortests/affine_grid.py:288: &lt;py._xmlgen.raw object at 0x7fb2dc9970b8&gt;</skipped></testcase><testcase classname="src.pymortests.affine_grid" file="src/pymortests/affine_grid.py" line="288" name="test_bounding_box[&lt;lambda&gt;33]" time="0.0004191398620605469"><skipped message="Suite splitting in effect" type="pytest.skip">src/pymortests/affine_grid.py:288: &lt;py._xmlgen.raw object at 0x7fb29d9a5e80&gt;</skipped></testcase><testcase classname="src.pymortests.affine_grid" file="src/pymortests/affine_grid.py" line="288" name="test_bounding_box[&lt;lambda&gt;34]" time="0.0004699230194091797"><skipped message="Suite splitting in effect" type="pytest.skip">src/pymortests/affine_grid.py:288: &lt;py._xmlgen.raw object at 0x7fb29d96c0b8&gt;</skipped></testcase><testcase classname="src.pymortests.affine_grid" file="src/pymortests/affine_grid.py" line="288" name="test_bounding_box[&lt;lambda&gt;35]" time="0.0007297992706298828"><skipped message="Suite splitting in effect" type="pytest.skip">src/pymortests/affine_grid.py:288: &lt;py._xmlgen.raw object at 0x7fb29d96cb00&gt;</skipped></testcase><testcase classname="src.pymortests.affine_grid" file="src/pymortests/affine_grid.py" line="288" name="test_bounding_box[&lt;lambda&gt;36]" time="0.00041985511779785156"><skipped message="Suite splitting in effect" type="pytest.skip">src/pymortests/affine_grid.py:288: &lt;py._xmlgen.raw object at 0x7fb29d9fe828&gt;</skipped></testcase><testcase classname="src.pymortests.affine_grid" file="src/pymortests/affine_grid.py" line="288" name="test_bounding_box[&lt;lambda&gt;37]" time="0.0004508495330810547"><skipped message="Suite splitting in effect" type="pytest.skip">src/pymortests/affine_grid.py:288: &lt;py._xmlgen.raw object at 0x7fb29d9c7940&gt;</skipped></testcase><testcase classname="src.pymortests.affine_grid" file="src/pymortests/affine_grid.py" line="288" name="test_bounding_box[&lt;lambda&gt;38]" time="0.00044226646423339844"><skipped message="Suite splitting in effect" type="pytest.skip">src/pymortests/affine_grid.py:288: &lt;py._xmlgen.raw object at 0x7fb2dc970588&gt;</skipped></testcase><testcase classname="src.pymortests.affine_grid" file="src/pymortests/affine_grid.py" line="288" name="test_bounding_box[&lt;lambda&gt;39]" time="0.0004107952117919922"><skipped message="Suite splitting in effect" type="pytest.skip">src/pymortests/affine_grid.py:288: &lt;py._xmlgen.raw object at 0x7fb29d954f60&gt;</skipped></testcase><testcase classname="src.pymortests.affine_grid" file="src/pymortests/affine_grid.py" line="288" name="test_bounding_box[&lt;lambda&gt;40]" time="0.0004353523254394531"><skipped message="Suite splitting in effect" type="pytest.skip">src/pymortests/affine_grid.py:288: &lt;py._xmlgen.raw object at 0x7fb29d964e80&gt;</skipped></testcase><testcase classname="src.pymortests.affine_grid" file="src/pymortests/affine_grid.py" line="288" name="test_bounding_box[&lt;lambda&gt;41]" time="0.0004119873046875"><skipped message="Suite splitting in effect" type="pytest.skip">src/pymortests/affine_grid.py:288: &lt;py._xmlgen.raw object at 0x7fb29d96c7f0&gt;</skipped></testcase><testcase classname="src.pymortests.affine_grid" file="src/pymortests/affine_grid.py" line="288" name="test_bounding_box[&lt;lambda&gt;42]" time="0.00042629241943359375"><skipped message="Suite splitting in effect" type="pytest.skip">src/pymortests/affine_grid.py:288: &lt;py._xmlgen.raw object at 0x7fb29d96c3c8&gt;</skipped></testcase><testcase classname="src.pymortests.affine_grid" file="src/pymortests/affine_grid.py" line="297" name="test_orthogonal_centers[&lt;lambda&gt;0]" time="0.0004227161407470703"><skipped message="Suite splitting in effect" type="pytest.skip">src/pymortests/affine_grid.py:297: &lt;py._xmlgen.raw object at 0x7fb29d975160&gt;</skipped></testcase><testcase classname="src.pymortests.affine_grid" file="src/pymortests/affine_grid.py" line="297" name="test_orthogonal_centers[&lt;lambda&gt;1]" time="0.0004425048828125"><skipped message="Suite splitting in effect" type="pytest.skip">src/pymortests/affine_grid.py:297: &lt;py._xmlgen.raw object at 0x7fb29d96c9b0&gt;</skipped></testcase><testcase classname="src.pymortests.affine_grid" file="src/pymortests/affine_grid.py" line="297" name="test_orthogonal_centers[&lt;lambda&gt;2]" time="0.0004506111145019531"><skipped message="Suite splitting in effect" type="pytest.skip">src/pymortests/affine_grid.py:297: &lt;py._xmlgen.raw object at 0x7fb29d96c630&gt;</skipped></testcase><testcase classname="src.pymortests.affine_grid" file="src/pymortests/affine_grid.py" line="297" name="test_orthogonal_centers[&lt;lambda&gt;3]" time="0.0004010200500488281"><skipped message="Suite splitting in effect" type="pytest.skip">src/pymortests/affine_grid.py:297: &lt;py._xmlgen.raw object at 0x7fb29d9644e0&gt;</skipped></testcase><testcase classname="src.pymortests.affine_grid" file="src/pymortests/affine_grid.py" line="297" name="test_orthogonal_centers[&lt;lambda&gt;4]" time="0.00042319297790527344"><skipped message="Suite splitting in effect" type="pytest.skip">src/pymortests/affine_grid.py:297: &lt;py._xmlgen.raw object at 0x7fb2dc9cb5c0&gt;</skipped></testcase><testcase classname="src.pymortests.affine_grid" file="src/pymortests/affine_grid.py" line="297" name="test_orthogonal_centers[&lt;lambda&gt;5]" time="0.0004210472106933594"><skipped message="Suite splitting in effect" type="pytest.skip">src/pymortests/affine_grid.py:297: &lt;py._xmlgen.raw object at 0x7fb29d9c7668&gt;</skipped></testcase><testcase classname="src.pymortests.affine_grid" file="src/pymortests/affine_grid.py" line="297" name="test_orthogonal_centers[&lt;lambda&gt;6]" time="0.00041937828063964844"><skipped message="Suite splitting in effect" type="pytest.skip">src/pymortests/affine_grid.py:297: &lt;py._xmlgen.raw object at 0x7fb29d9bfac8&gt;</skipped></testcase><testcase classname="src.pymortests.affine_grid" file="src/pymortests/affine_grid.py" line="297" name="test_orthogonal_centers[&lt;lambda&gt;7]" time="0.00041031837463378906"><skipped message="Suite splitting in effect" type="pytest.skip">src/pymortests/affine_grid.py:297: &lt;py._xmlgen.raw object at 0x7fb29d9752b0&gt;</skipped></testcase><testcase classname="src.pymortests.affine_grid" file="src/pymortests/affine_grid.py" line="297" name="test_orthogonal_centers[&lt;lambda&gt;8]" time="0.0004267692565917969"><skipped message="Suite splitting in effect" type="pytest.skip">src/pymortests/affine_grid.py:297: &lt;py._xmlgen.raw object at 0x7fb29d975668&gt;</skipped></testcase><testcase classname="src.pymortests.affine_grid" file="src/pymortests/affine_grid.py" line="297" name="test_orthogonal_centers[&lt;lambda&gt;9]" time="0.0007016658782958984"><skipped message="Suite splitting in effect" type="pytest.skip">src/pymortests/affine_grid.py:297: &lt;py._xmlgen.raw object at 0x7fb29da15b00&gt;</skipped></testcase><testcase classname="src.pymortests.affine_grid" file="src/pymortests/affine_grid.py" line="297" name="test_orthogonal_centers[&lt;lambda&gt;10]" time="0.0004436969757080078"><skipped message="Suite splitting in effect" type="pytest.skip">src/pymortests/affine_grid.py:297: &lt;py._xmlgen.raw object at 0x7fb2dc970828&gt;</skipped></testcase><testcase classname="src.pymortests.affine_grid" file="src/pymortests/affine_grid.py" line="297" name="test_orthogonal_centers[&lt;lambda&gt;11]" time="0.00040411949157714844"><skipped message="Suite splitting in effect" type="pytest.skip">src/pymortests/affine_grid.py:297: &lt;py._xmlgen.raw object at 0x7fb29d9547f0&gt;</skipped></testcase><testcase classname="src.pymortests.affine_grid" file="src/pymortests/affine_grid.py" line="297" name="test_orthogonal_centers[&lt;lambda&gt;12]" time="0.00047588348388671875"><skipped message="Suite splitting in effect" type="pytest.skip">src/pymortests/affine_grid.py:297: &lt;py._xmlgen.raw object at 0x7fb29d9644a8&gt;</skipped></testcase><testcase classname="src.pymortests.affine_grid" file="src/pymortests/affine_grid.py" line="297" name="test_orthogonal_centers[&lt;lambda&gt;13]" time="0.0004897117614746094"><skipped message="Suite splitting in effect" type="pytest.skip">src/pymortests/affine_grid.py:297: &lt;py._xmlgen.raw object at 0x7fb29d96c160&gt;</skipped></testcase><testcase classname="src.pymortests.affine_grid" file="src/pymortests/affine_grid.py" line="297" name="test_orthogonal_centers[&lt;lambda&gt;14]" time="0.0004401206970214844"><skipped message="Suite splitting in effect" type="pytest.skip">src/pymortests/affine_grid.py:297: &lt;py._xmlgen.raw object at 0x7fb29d96ceb8&gt;</skipped></testcase><testcase classname="src.pymortests.affine_grid" file="src/pymortests/affine_grid.py" line="297" name="test_orthogonal_centers[&lt;lambda&gt;15]" time="0.00041961669921875"><skipped message="Suite splitting in effect" type="pytest.skip">src/pymortests/affine_grid.py:297: &lt;py._xmlgen.raw object at 0x7fb29d975400&gt;</skipped></testcase><testcase classname="src.pymortests.affine_grid" file="src/pymortests/affine_grid.py" line="297" name="test_orthogonal_centers[&lt;lambda&gt;16]" time="0.00042366981506347656"><skipped message="Suite splitting in effect" type="pytest.skip">src/pymortests/affine_grid.py:297: &lt;py._xmlgen.raw object at 0x7fb29d975ba8&gt;</skipped></testcase><testcase classname="src.pymortests.affine_grid" file="src/pymortests/affine_grid.py" line="297" name="test_orthogonal_centers[&lt;lambda&gt;17]" time="0.0008337497711181641"><skipped message="Suite splitting in effect" type="pytest.skip">src/pymortests/affine_grid.py:297: &lt;py._xmlgen.raw object at 0x7fb29d975ba8&gt;</skipped></testcase><testcase classname="src.pymortests.analyticalproblem" file="src/pymortests/analyticalproblem.py" line="8" name="test_pickle[analytical_problem0]" time="0.0005121231079101562"><skipped message="Suite splitting in effect" type="pytest.skip">src/pymortests/analyticalproblem.py:8: &lt;py._xmlgen.raw object at 0x7fb29d975630&gt;</skipped></testcase><testcase classname="src.pymortests.analyticalproblem" file="src/pymortests/analyticalproblem.py" line="8" name="test_pickle[analytical_problem1]" time="0.0004429817199707031"><skipped message="Suite splitting in effect" type="pytest.skip">src/pymortests/analyticalproblem.py:8: &lt;py._xmlgen.raw object at 0x7fb29d96c9b0&gt;</skipped></testcase><testcase classname="src.pymortests.analyticalproblem" file="src/pymortests/analyticalproblem.py" line="8" name="test_pickle[analytical_problem2]" time="0.00045037269592285156"><skipped message="Suite splitting in effect" type="pytest.skip">src/pymortests/analyticalproblem.py:8: &lt;py._xmlgen.raw object at 0x7fb2dc97e940&gt;</skipped></testcase><testcase classname="src.pymortests.analyticalproblem" file="src/pymortests/analyticalproblem.py" line="8" name="test_pickle[analytical_problem3]" time="0.00045228004455566406"><skipped message="Suite splitting in effect" type="pytest.skip">src/pymortests/analyticalproblem.py:8: &lt;py._xmlgen.raw object at 0x7fb29d964eb8&gt;</skipped></testcase><testcase classname="src.pymortests.analyticalproblem" file="src/pymortests/analyticalproblem.py" line="8" name="test_pickle[analytical_problem4]" time="0.0004436969757080078"><skipped message="Suite splitting in effect" type="pytest.skip">src/pymortests/analyticalproblem.py:8: &lt;py._xmlgen.raw object at 0x7fb29d9bf470&gt;</skipped></testcase><testcase classname="src.pymortests.analyticalproblem" file="src/pymortests/analyticalproblem.py" line="8" name="test_pickle[analytical_problem5]" time="0.000476837158203125"><skipped message="Suite splitting in effect" type="pytest.skip">src/pymortests/analyticalproblem.py:8: &lt;py._xmlgen.raw object at 0x7fb2dc9bbf98&gt;</skipped></testcase><testcase classname="src.pymortests.analyticalproblem" file="src/pymortests/analyticalproblem.py" line="8" name="test_pickle[analytical_problem6]" time="0.0004496574401855469"><skipped message="Suite splitting in effect" type="pytest.skip">src/pymortests/analyticalproblem.py:8: &lt;py._xmlgen.raw object at 0x7fb29d9824e0&gt;</skipped></testcase><testcase classname="src.pymortests.analyticalproblem" file="src/pymortests/analyticalproblem.py" line="8" name="test_pickle[analytical_problem7]" time="0.0004477500915527344"><skipped message="Suite splitting in effect" type="pytest.skip">src/pymortests/analyticalproblem.py:8: &lt;py._xmlgen.raw object at 0x7fb2dc970d68&gt;</skipped></testcase><testcase classname="src.pymortests.analyticalproblem" file="src/pymortests/analyticalproblem.py" line="8" name="test_pickle[analytical_problem8]" time="0.000484466552734375"><skipped message="Suite splitting in effect" type="pytest.skip">src/pymortests/analyticalproblem.py:8: &lt;py._xmlgen.raw object at 0x7fb29d9bfac8&gt;</skipped></testcase><testcase classname="src.pymortests.analyticalproblem" file="src/pymortests/analyticalproblem.py" line="8" name="test_pickle[analytical_problem9]" time="0.0004680156707763672"><skipped message="Suite splitting in effect" type="pytest.skip">src/pymortests/analyticalproblem.py:8: &lt;py._xmlgen.raw object at 0x7fb2dc97ed30&gt;</skipped></testcase><testcase classname="src.pymortests.analyticalproblem" file="src/pymortests/analyticalproblem.py" line="8" name="test_pickle[analytical_problem10]" time="0.000476837158203125"><skipped message="Suite splitting in effect" type="pytest.skip">src/pymortests/analyticalproblem.py:8: &lt;py._xmlgen.raw object at 0x7fb29d96c048&gt;</skipped></testcase><testcase classname="src.pymortests.analyticalproblem" file="src/pymortests/analyticalproblem.py" line="8" name="test_pickle[analytical_problem11]" time="0.0004551410675048828"><skipped message="Suite splitting in effect" type="pytest.skip">src/pymortests/analyticalproblem.py:8: &lt;py._xmlgen.raw object at 0x7fb29d96cfd0&gt;</skipped></testcase><testcase classname="src.pymortests.analyticalproblem" file="src/pymortests/analyticalproblem.py" line="8" name="test_pickle[analytical_problem12]" time="0.0004487037658691406"><skipped message="Suite splitting in effect" type="pytest.skip">src/pymortests/analyticalproblem.py:8: &lt;py._xmlgen.raw object at 0x7fb29d9756d8&gt;</skipped></testcase><testcase classname="src.pymortests.analyticalproblem" file="src/pymortests/analyticalproblem.py" line="8" name="test_pickle[analytical_problem13]" time="0.0005004405975341797"><skipped message="Suite splitting in effect" type="pytest.skip">src/pymortests/analyticalproblem.py:8: &lt;py._xmlgen.raw object at 0x7fb29d982358&gt;</skipped></testcase><testcase classname="src.pymortests.analyticalproblem" file="src/pymortests/analyticalproblem.py" line="8" name="test_pickle[analytical_problem14]" time="0.0004684925079345703"><skipped message="Suite splitting in effect" type="pytest.skip">src/pymortests/analyticalproblem.py:8: &lt;py._xmlgen.raw object at 0x7fb29d982da0&gt;</skipped></testcase><testcase classname="src.pymortests.analyticalproblem" file="src/pymortests/analyticalproblem.py" line="8" name="test_pickle[analytical_problem15]" time="0.0005304813385009766"><skipped message="Suite splitting in effect" type="pytest.skip">src/pymortests/analyticalproblem.py:8: &lt;py._xmlgen.raw object at 0x7fb2d5073c88&gt;</skipped></testcase><testcase classname="src.pymortests.analyticalproblem" file="src/pymortests/analyticalproblem.py" line="12" name="test_pickle_without_dumps_function[picklable_analytical_problem0]" time="0.0004677772521972656"><skipped message="Suite splitting in effect" type="pytest.skip">src/pymortests/analyticalproblem.py:12: &lt;py._xmlgen.raw object at 0x7fb29d9bf1d0&gt;</skipped></testcase><testcase classname="src.pymortests.analyticalproblem" file="src/pymortests/analyticalproblem.py" line="12" name="test_pickle_without_dumps_function[picklable_analytical_problem1]" time="0.0004589557647705078"><skipped message="Suite splitting in effect" type="pytest.skip">src/pymortests/analyticalproblem.py:12: &lt;py._xmlgen.raw object at 0x7fb29d9c79e8&gt;</skipped></testcase><testcase classname="src.pymortests.analyticalproblem" file="src/pymortests/analyticalproblem.py" line="12" name="test_pickle_without_dumps_function[picklable_analytical_problem2]" time="0.0004544258117675781"><skipped message="Suite splitting in effect" type="pytest.skip">src/pymortests/analyticalproblem.py:12: &lt;py._xmlgen.raw object at 0x7fb29d982160&gt;</skipped></testcase><testcase classname="src.pymortests.analyticalproblem" file="src/pymortests/analyticalproblem.py" line="12" name="test_pickle_without_dumps_function[picklable_analytical_problem3]" time="0.0004487037658691406"><skipped message="Suite splitting in effect" type="pytest.skip">src/pymortests/analyticalproblem.py:12: &lt;py._xmlgen.raw object at 0x7fb29d9827b8&gt;</skipped></testcase><testcase classname="src.pymortests.analyticalproblem" file="src/pymortests/analyticalproblem.py" line="12" name="test_pickle_without_dumps_function[picklable_analytical_problem4]" time="0.00047969818115234375"><skipped message="Suite splitting in effect" type="pytest.skip">src/pymortests/analyticalproblem.py:12: &lt;py._xmlgen.raw object at 0x7fb29d975a58&gt;</skipped></testcase><testcase classname="src.pymortests.analyticalproblem" file="src/pymortests/analyticalproblem.py" line="12" name="test_pickle_without_dumps_function[picklable_analytical_problem5]" time="0.0004341602325439453"><skipped message="Suite splitting in effect" type="pytest.skip">src/pymortests/analyticalproblem.py:12: &lt;py._xmlgen.raw object at 0x7fb29d975fd0&gt;</skipped></testcase><testcase classname="src.pymortests.analyticalproblem" file="src/pymortests/analyticalproblem.py" line="12" name="test_pickle_without_dumps_function[picklable_analytical_problem6]" time="0.0004324913024902344"><skipped message="Suite splitting in effect" type="pytest.skip">src/pymortests/analyticalproblem.py:12: &lt;py._xmlgen.raw object at 0x7fb29d96c940&gt;</skipped></testcase><testcase classname="src.pymortests.analyticalproblem" file="src/pymortests/analyticalproblem.py" line="12" name="test_pickle_without_dumps_function[picklable_analytical_problem7]" time="0.00044226646423339844"><skipped message="Suite splitting in effect" type="pytest.skip">src/pymortests/analyticalproblem.py:12: &lt;py._xmlgen.raw object at 0x7fb29d9640b8&gt;</skipped></testcase><testcase classname="src.pymortests.analyticalproblem" file="src/pymortests/analyticalproblem.py" line="12" name="test_pickle_without_dumps_function[picklable_analytical_problem8]" time="0.0007669925689697266"><skipped message="Suite splitting in effect" type="pytest.skip">src/pymortests/analyticalproblem.py:12: &lt;py._xmlgen.raw object at 0x7fb29d96c7f0&gt;</skipped></testcase><testcase classname="src.pymortests.analyticalproblem" file="src/pymortests/analyticalproblem.py" line="12" name="test_pickle_without_dumps_function[picklable_analytical_problem9]" time="0.0004413127899169922"><skipped message="Suite splitting in effect" type="pytest.skip">src/pymortests/analyticalproblem.py:12: &lt;py._xmlgen.raw object at 0x7fb29d9757b8&gt;</skipped></testcase><testcase classname="src.pymortests.analyticalproblem" file="src/pymortests/analyticalproblem.py" line="12" name="test_pickle_without_dumps_function[picklable_analytical_problem10]" time="0.00048613548278808594"><skipped message="Suite splitting in effect" type="pytest.skip">src/pymortests/analyticalproblem.py:12: &lt;py._xmlgen.raw object at 0x7fb2d5086710&gt;</skipped></testcase><testcase classname="src.pymortests.analyticalproblem" file="src/pymortests/analyticalproblem.py" line="12" name="test_pickle_without_dumps_function[picklable_analytical_problem11]" time="0.0004787445068359375"><skipped message="Suite splitting in effect" type="pytest.skip">src/pymortests/analyticalproblem.py:12: &lt;py._xmlgen.raw object at 0x7fb29d982320&gt;</skipped></testcase><testcase classname="src.pymortests.basic" file="src/pymortests/basic.py" line="6" name="test_importable" time="0.0005548000335693359"><skipped message="Suite splitting in effect" type="pytest.skip">src/pymortests/basic.py:6: &lt;py._xmlgen.raw object at 0x7fb29d982ba8&gt;</skipped></testcase><testcase classname="src.pymortests.block" file="src/pymortests/block.py" line="13" name="test_apply" time="0.0004928112030029297"><skipped message="Suite splitting in effect" type="pytest.skip">src/pymortests/block.py:13: &lt;py._xmlgen.raw object at 0x7fb2dc97e6a0&gt;</skipped></testcase><testcase classname="src.pymortests.block" file="src/pymortests/block.py" line="39" name="test_apply_adjoint" time="0.0004947185516357422"><skipped message="Suite splitting in effect" type="pytest.skip">src/pymortests/block.py:39: &lt;py._xmlgen.raw object at 0x7fb29d964f60&gt;</skipped></testcase><testcase classname="src.pymortests.block" file="src/pymortests/block.py" line="65" name="test_block_diagonal" time="0.00044155120849609375"><skipped message="Suite splitting in effect" type="pytest.skip">src/pymortests/block.py:65: &lt;py._xmlgen.raw object at 0x7fb29da08048&gt;</skipped></testcase><testcase classname="src.pymortests.block" file="src/pymortests/block.py" line="76" name="test_blk_diag_apply_inverse" time="0.0011451244354248047"><skipped message="Suite splitting in effect" type="pytest.skip">src/pymortests/block.py:76: &lt;py._xmlgen.raw object at 0x7fb29d964908&gt;</skipped></testcase><testcase classname="src.pymortests.block" file="src/pymortests/block.py" line="98" name="test_blk_diag_apply_inverse_adjoint" time="0.0004661083221435547"><skipped message="Suite splitting in effect" type="pytest.skip">src/pymortests/block.py:98: &lt;py._xmlgen.raw object at 0x7fb2d5073f60&gt;</skipped></testcase><testcase classname="src.pymortests.cache.TestCache" file="src/pymortests/cache.py" line="57" name="test_runtime" time="0.0005772113800048828"><skipped message="Suite splitting in effect" type="pytest.skip">src/pymortests/cache.py:57: &lt;py._xmlgen.raw object at 0x7fb2dc9e00f0&gt;</skipped></testcase><testcase classname="src.pymortests.cache.TestCache" file="src/pymortests/cache.py" line="83" name="test_region_api" time="0.00046706199645996094"><skipped message="Suite splitting in effect" type="pytest.skip">src/pymortests/cache.py:83: &lt;py._xmlgen.raw object at 0x7fb29d982208&gt;</skipped></testcase><testcase classname="src.pymortests.complex_values" file="src/pymortests/complex_values.py" line="11" name="test_complex" time="0.0005192756652832031"><skipped message="Suite splitting in effect" type="pytest.skip">src/pymortests/complex_values.py:11: &lt;py._xmlgen.raw object at 0x7fb2d5086710&gt;</skipped></testcase><testcase classname="src.pymortests.complex_values" file="src/pymortests/complex_values.py" line="65" name="test_real_imag" time="0.0004241466522216797"><skipped message="Suite splitting in effect" type="pytest.skip">src/pymortests/complex_values.py:65: &lt;py._xmlgen.raw object at 0x7fb29d975160&gt;</skipped></testcase><testcase classname="src.pymortests.complex_values" file="src/pymortests/complex_values.py" line="82" name="test_scal" time="0.00044608116149902344"><skipped message="Suite splitting in effect" type="pytest.skip">src/pymortests/complex_values.py:82: &lt;py._xmlgen.raw object at 0x7fb29d954ef0&gt;</skipped></testcase><testcase classname="src.pymortests.complex_values" file="src/pymortests/complex_values.py" line="95" name="test_axpy" time="0.0005166530609130859"><skipped message="Suite splitting in effect" type="pytest.skip">src/pymortests/complex_values.py:95: &lt;py._xmlgen.raw object at 0x7fb29da3f748&gt;</skipped></testcase><testcase classname="src.pymortests.complex_values" file="src/pymortests/complex_values.py" line="107" name="test_dot" time="0.00048661231994628906"><skipped message="Suite splitting in effect" type="pytest.skip">src/pymortests/complex_values.py:107: &lt;py._xmlgen.raw object at 0x7fb29d98c748&gt;</skipped></testcase><testcase classname="src.pymortests.complex_values" file="src/pymortests/complex_values.py" line="114" name="test_pairwise_dot" time="0.0004622936248779297"><skipped message="Suite splitting in effect" type="pytest.skip">src/pymortests/complex_values.py:114: &lt;py._xmlgen.raw object at 0x7fb2dc95ea20&gt;</skipped></testcase><testcase classname="src.pymortests.demos" file="src/pymortests/demos.py" line="159" name="test_demos[elliptic:&apos;0 0 0 0&apos;]" time="0.0005307197570800781"><skipped message="Suite splitting in effect" type="pytest.skip">src/pymortests/demos.py:159: &lt;py._xmlgen.raw object at 0x7fb29d9752b0&gt;</skipped></testcase><testcase classname="src.pymortests.demos" file="src/pymortests/demos.py" line="159" name="test_demos[elliptic:&apos;1 2 0 3&apos;]" time="0.00044155120849609375"><skipped message="Suite splitting in effect" type="pytest.skip">src/pymortests/demos.py:159: &lt;py._xmlgen.raw object at 0x7fb29d982668&gt;</skipped></testcase><testcase classname="src.pymortests.demos" file="src/pymortests/demos.py" line="159" name="test_demos[elliptic:&apos;--rect 1 2 0 3&apos;]" time="0.00040984153747558594"><skipped message="Suite splitting in effect" type="pytest.skip">src/pymortests/demos.py:159: &lt;py._xmlgen.raw object at 0x7fb29d982e48&gt;</skipped></testcase><testcase classname="src.pymortests.demos" file="src/pymortests/demos.py" line="159" name="test_demos[elliptic:&apos;0 0 2 1&apos;]" time="0.0004830360412597656"><skipped message="Suite splitting in effect" type="pytest.skip">src/pymortests/demos.py:159: &lt;py._xmlgen.raw object at 0x7fb2d50e3cc0&gt;</skipped></testcase><testcase classname="src.pymortests.demos" file="src/pymortests/demos.py" line="159" name="test_demos[elliptic:&apos;--fv 0 0 0 0&apos;]" time="0.00045680999755859375"><skipped message="Suite splitting in effect" type="pytest.skip">src/pymortests/demos.py:159: &lt;py._xmlgen.raw object at 0x7fb29d964eb8&gt;</skipped></testcase><testcase classname="src.pymortests.demos" file="src/pymortests/demos.py" line="159" name="test_demos[elliptic:&apos;--fv 1 2 0 3&apos;]" time="0.0005011558532714844"><skipped message="Suite splitting in effect" type="pytest.skip">src/pymortests/demos.py:159: &lt;py._xmlgen.raw object at 0x7fb29d98cb00&gt;</skipped></testcase><testcase classname="src.pymortests.demos" file="src/pymortests/demos.py" line="159" name="test_demos[elliptic:&apos;--fv --rect 1 2 0 3&apos;]" time="0.0007348060607910156"><skipped message="Suite splitting in effect" type="pytest.skip">src/pymortests/demos.py:159: &lt;py._xmlgen.raw object at 0x7fb29d916080&gt;</skipped></testcase><testcase classname="src.pymortests.demos" file="src/pymortests/demos.py" line="159" name="test_demos[elliptic:&apos;--fv 0 0 2 1&apos;]" time="0.0004475116729736328"><skipped message="Suite splitting in effect" type="pytest.skip">src/pymortests/demos.py:159: &lt;py._xmlgen.raw object at 0x7fb29d98c7f0&gt;</skipped></testcase><testcase classname="src.pymortests.demos" file="src/pymortests/demos.py" line="159" name="test_demos[elliptic2:&apos;1 20&apos;]" time="0.0005004405975341797"><skipped message="Suite splitting in effect" type="pytest.skip">src/pymortests/demos.py:159: &lt;py._xmlgen.raw object at 0x7fb29d964e10&gt;</skipped></testcase><testcase classname="src.pymortests.demos" file="src/pymortests/demos.py" line="159" name="test_demos[elliptic2:&apos;--fv 1 20&apos;]" time="0.0004570484161376953"><skipped message="Suite splitting in effect" type="pytest.skip">src/pymortests/demos.py:159: &lt;py._xmlgen.raw object at 0x7fb2dc9704e0&gt;</skipped></testcase><testcase classname="src.pymortests.demos" file="src/pymortests/demos.py" line="159" name="test_demos[elliptic_oned:&apos;1 20&apos;]" time="0.0004515647888183594"><skipped message="Suite splitting in effect" type="pytest.skip">src/pymortests/demos.py:159: &lt;py._xmlgen.raw object at 0x7fb29d982da0&gt;</skipped></testcase><testcase classname="src.pymortests.demos" file="src/pymortests/demos.py" line="159" name="test_demos[elliptic_oned:&apos;--fv 1 20&apos;]" time="0.0004410743713378906"><skipped message="Suite splitting in effect" type="pytest.skip">src/pymortests/demos.py:159: &lt;py._xmlgen.raw object at 0x7fb2d50d4198&gt;</skipped></testcase><testcase classname="src.pymortests.demos" file="src/pymortests/demos.py" line="159" name="test_demos[burgers:&apos;--num-flux=lax_friedrichs 0.1&apos;]" time="0.00044417381286621094"><skipped message="Suite splitting in effect" type="pytest.skip">src/pymortests/demos.py:159: &lt;py._xmlgen.raw object at 0x7fb29da3f748&gt;</skipped></testcase><testcase classname="src.pymortests.demos" file="src/pymortests/demos.py" line="159" name="test_demos[burgers:&apos;--num-flux=engquist_osher 0.1&apos;]" time="0.00046062469482421875"><skipped message="Suite splitting in effect" type="pytest.skip">src/pymortests/demos.py:159: &lt;py._xmlgen.raw object at 0x7fb29d916198&gt;</skipped></testcase><testcase classname="src.pymortests.demos" file="src/pymortests/demos.py" line="159" name="test_demos[burgers:&apos;--num-flux=simplified_engquist_osher 0.1&apos;]" time="0.0004191398620605469"><skipped message="Suite splitting in effect" type="pytest.skip">src/pymortests/demos.py:159: &lt;py._xmlgen.raw object at 0x7fb29d9166a0&gt;</skipped></testcase><testcase classname="src.pymortests.demos" file="src/pymortests/demos.py" line="159" name="test_demos[parabolic:&apos;heat 1&apos;]" time="0.00046324729919433594"><skipped message="Suite splitting in effect" type="pytest.skip">src/pymortests/demos.py:159: &lt;py._xmlgen.raw object at 0x7fb29da3f748&gt;</skipped></testcase><testcase classname="src.pymortests.demos" file="src/pymortests/demos.py" line="159" name="test_demos[parabolic:&apos;heat --rect 1&apos;]" time="0.0004878044128417969"><skipped message="Suite splitting in effect" type="pytest.skip">src/pymortests/demos.py:159: &lt;py._xmlgen.raw object at 0x7fb2d50869b0&gt;</skipped></testcase><testcase classname="src.pymortests.demos" file="src/pymortests/demos.py" line="159" name="test_demos[parabolic:&apos;heat --fv 1&apos;]" time="0.00043773651123046875"><skipped message="Suite splitting in effect" type="pytest.skip">src/pymortests/demos.py:159: &lt;py._xmlgen.raw object at 0x7fb29d982550&gt;</skipped></testcase><testcase classname="src.pymortests.demos" file="src/pymortests/demos.py" line="159" name="test_demos[parabolic:&apos;heat --rect --fv 1&apos;]" time="0.00044655799865722656"><skipped message="Suite splitting in effect" type="pytest.skip">src/pymortests/demos.py:159: &lt;py._xmlgen.raw object at 0x7fb29d964a90&gt;</skipped></testcase><testcase classname="src.pymortests.demos" file="src/pymortests/demos.py" line="159" name="test_demos[parabolic:&apos;dar 1&apos;]" time="0.0004355907440185547"><skipped message="Suite splitting in effect" type="pytest.skip">src/pymortests/demos.py:159: &lt;py._xmlgen.raw object at 0x7fb29d98c2e8&gt;</skipped></testcase><testcase classname="src.pymortests.demos" file="src/pymortests/demos.py" line="159" name="test_demos[parabolic:&apos;dar --rect 1&apos;]" time="0.0004150867462158203"><skipped message="Suite splitting in effect" type="pytest.skip">src/pymortests/demos.py:159: &lt;py._xmlgen.raw object at 0x7fb29d98ce80&gt;</skipped></testcase><testcase classname="src.pymortests.demos" file="src/pymortests/demos.py" line="159" name="test_demos[elliptic_unstructured:&apos;6.0 16 0.1&apos;]" time="0.000423431396484375"><skipped message="Suite splitting in effect" type="pytest.skip">src/pymortests/demos.py:159: &lt;py._xmlgen.raw object at 0x7fb29d9164a8&gt;</skipped></testcase><testcase classname="src.pymortests.demos" file="src/pymortests/demos.py" line="159" name="test_demos[thermalblock:&apos;--plot-solutions --plot-err --plot-error-sequence 2 2 3 5&apos;]" time="0.00041794776916503906"><skipped message="Suite splitting in effect" type="pytest.skip">src/pymortests/demos.py:159: &lt;py._xmlgen.raw object at 0x7fb29d916ba8&gt;</skipped></testcase><testcase classname="src.pymortests.demos" file="src/pymortests/demos.py" line="159" name="test_demos[thermalblock:&apos;--fenics 2 2 3 5&apos;]" time="0.0007607936859130859"><skipped message="Suite splitting in effect" type="pytest.skip">src/pymortests/demos.py:159: &lt;py._xmlgen.raw object at 0x7fb29d98c7f0&gt;</skipped></testcase><testcase classname="src.pymortests.demos" file="src/pymortests/demos.py" line="159" name="test_demos[thermalblock:&apos;--greedy-without-estimator 3 1 2 5&apos;]" time="0.0004355907440185547"><skipped message="Suite splitting in effect" type="pytest.skip">src/pymortests/demos.py:159: &lt;py._xmlgen.raw object at 0x7fb2d5073c88&gt;</skipped></testcase><testcase classname="src.pymortests.demos" file="src/pymortests/demos.py" line="159" name="test_demos[thermalblock:&apos;--alg=pod 2 2 3 5&apos;]" time="0.0004684925079345703"><skipped message="Suite splitting in effect" type="pytest.skip">src/pymortests/demos.py:159: &lt;py._xmlgen.raw object at 0x7fb2dc970438&gt;</skipped></testcase><testcase classname="src.pymortests.demos" file="src/pymortests/demos.py" line="159" name="test_demos[thermalblock:&apos;--alg=adaptive_greedy 2 2 10 30&apos;]" time="0.00043654441833496094"><skipped message="Suite splitting in effect" type="pytest.skip">src/pymortests/demos.py:159: &lt;py._xmlgen.raw object at 0x7fb2d50d4470&gt;</skipped></testcase><testcase classname="src.pymortests.demos" file="src/pymortests/demos.py" line="159" name="test_demos[thermalblock:&apos;--alg=naive --reductor=traditional 2 2 10 5&apos;]" time="0.0004353523254394531"><skipped message="Suite splitting in effect" type="pytest.skip">src/pymortests/demos.py:159: &lt;py._xmlgen.raw object at 0x7fb29d975630&gt;</skipped></testcase><testcase classname="src.pymortests.demos" file="src/pymortests/demos.py" line="159" name="test_demos[thermalblock_adaptive:&apos;10&apos;]" time="0.0004267692565917969"><skipped message="Suite splitting in effect" type="pytest.skip">src/pymortests/demos.py:159: &lt;py._xmlgen.raw object at 0x7fb29d916d30&gt;</skipped></testcase><testcase classname="src.pymortests.demos" file="src/pymortests/demos.py" line="159" name="test_demos[thermalblock_adaptive:&apos;--visualize-refinement 10&apos;]" time="0.0004734992980957031"><skipped message="Suite splitting in effect" type="pytest.skip">src/pymortests/demos.py:159: &lt;py._xmlgen.raw object at 0x7fb29d916240&gt;</skipped></testcase><testcase classname="src.pymortests.demos" file="src/pymortests/demos.py" line="159" name="test_demos[thermalblock_simple:&apos;pymor naive 2 10 10&apos;]" time="0.0004334449768066406"><skipped message="Suite splitting in effect" type="pytest.skip">src/pymortests/demos.py:159: &lt;py._xmlgen.raw object at 0x7fb29d920128&gt;</skipped></testcase><testcase classname="src.pymortests.demos" file="src/pymortests/demos.py" line="159" name="test_demos[thermalblock_simple:&apos;fenics greedy 2 10 10&apos;]" time="0.0007424354553222656"><skipped message="Suite splitting in effect" type="pytest.skip">src/pymortests/demos.py:159: &lt;py._xmlgen.raw object at 0x7fb2dc95ed68&gt;</skipped></testcase><testcase classname="src.pymortests.demos" file="src/pymortests/demos.py" line="159" name="test_demos[thermalblock_simple:&apos;ngsolve greedy 2 10 10&apos;]" time="0.0004792213439941406"><skipped message="Suite splitting in effect" type="pytest.skip">src/pymortests/demos.py:159: &lt;py._xmlgen.raw object at 0x7fb29d9167b8&gt;</skipped></testcase><testcase classname="src.pymortests.demos" file="src/pymortests/demos.py" line="159" name="test_demos[thermalblock_simple:&apos;pymor-text adaptive_greedy -1 3 3&apos;]" time="0.00043702125549316406"><skipped message="Suite splitting in effect" type="pytest.skip">src/pymortests/demos.py:159: &lt;py._xmlgen.raw object at 0x7fb29d954278&gt;</skipped></testcase><testcase classname="src.pymortests.demos" file="src/pymortests/demos.py" line="159" name="test_demos[thermalblock_gui:&apos;--testing 2 2 3 5&apos;]" time="0.00046753883361816406"><skipped message="Suite splitting in effect" type="pytest.skip">src/pymortests/demos.py:159: &lt;py._xmlgen.raw object at 0x7fb2d50d4828&gt;</skipped></testcase><testcase classname="src.pymortests.demos" file="src/pymortests/demos.py" line="159" name="test_demos[burgers_ei:&apos;1 2 2 5 2 5 --plot-ei-err&apos;]" time="0.0004398822784423828"><skipped message="Suite splitting in effect" type="pytest.skip">src/pymortests/demos.py:159: &lt;py._xmlgen.raw object at 0x7fb2d50e3cc0&gt;</skipped></testcase><testcase classname="src.pymortests.demos" file="src/pymortests/demos.py" line="159" name="test_demos[burgers_ei:&apos;1 2 2 5 2 5 --ei-alg=deim&apos;]" time="0.0004744529724121094"><skipped message="Suite splitting in effect" type="pytest.skip">src/pymortests/demos.py:159: &lt;py._xmlgen.raw object at 0x7fb2c77b0b00&gt;</skipped></testcase><testcase classname="src.pymortests.demos" file="src/pymortests/demos.py" line="159" name="test_demos[parabolic_mor:&apos;pymor greedy 2 3 1&apos;]" time="0.0004668235778808594"><skipped message="Suite splitting in effect" type="pytest.skip">src/pymortests/demos.py:159: &lt;py._xmlgen.raw object at 0x7fb29d9202e8&gt;</skipped></testcase><testcase classname="src.pymortests.demos" file="src/pymortests/demos.py" line="159" name="test_demos[parabolic_mor:&apos;pymor pod 2 3 1&apos;]" time="0.00046253204345703125"><skipped message="Suite splitting in effect" type="pytest.skip">src/pymortests/demos.py:159: &lt;py._xmlgen.raw object at 0x7fb29d9209e8&gt;</skipped></testcase><testcase classname="src.pymortests.demos" file="src/pymortests/demos.py" line="159" name="test_demos[parabolic_mor:&apos;fenics adaptive_greedy 2 3 1&apos;]" time="0.00043511390686035156"><skipped message="Suite splitting in effect" type="pytest.skip">src/pymortests/demos.py:159: &lt;py._xmlgen.raw object at 0x7fb29d98c8d0&gt;</skipped></testcase><testcase classname="src.pymortests.demos" file="src/pymortests/demos.py" line="159" name="test_demos[heat:&apos;&apos;]" time="0.0004813671112060547"><skipped message="Suite splitting in effect" type="pytest.skip">src/pymortests/demos.py:159: &lt;py._xmlgen.raw object at 0x7fb2dc97e898&gt;</skipped></testcase><testcase classname="src.pymortests.demos" file="src/pymortests/demos.py" line="159" name="test_demos[delay:&apos;&apos;]" time="0.00043320655822753906"><skipped message="Suite splitting in effect" type="pytest.skip">src/pymortests/demos.py:159: &lt;py._xmlgen.raw object at 0x7fb2d50d4470&gt;</skipped></testcase><testcase classname="src.pymortests.demos" file="src/pymortests/demos.py" line="159" name="test_demos[string_equation:&apos;&apos;]" time="0.0004949569702148438"><skipped message="Suite splitting in effect" type="pytest.skip">src/pymortests/demos.py:159: &lt;py._xmlgen.raw object at 0x7fb2c77be7b8&gt;</skipped></testcase><testcase classname="src.pymortests.demos" file="src/pymortests/demos.py" line="165" name="test_analyze_pickle1" time="0.0004353523254394531"><skipped message="Suite splitting in effect" type="pytest.skip">src/pymortests/demos.py:165: &lt;py._xmlgen.raw object at 0x7fb29d916a90&gt;</skipped></testcase><testcase classname="src.pymortests.demos" file="src/pymortests/demos.py" line="175" name="test_analyze_pickle2" time="0.00044465065002441406"><skipped message="Suite splitting in effect" type="pytest.skip">src/pymortests/demos.py:175: &lt;py._xmlgen.raw object at 0x7fb29d9a5be0&gt;</skipped></testcase><testcase classname="src.pymortests.demos" file="src/pymortests/demos.py" line="186" name="test_analyze_pickle3" time="0.00048470497131347656"><skipped message="Suite splitting in effect" type="pytest.skip">src/pymortests/demos.py:186: &lt;py._xmlgen.raw object at 0x7fb29d920898&gt;</skipped></testcase><testcase classname="src.pymortests.demos" file="src/pymortests/demos.py" line="197" name="test_analyze_pickle4" time="0.00044155120849609375"><skipped message="Suite splitting in effect" type="pytest.skip">src/pymortests/demos.py:197: &lt;py._xmlgen.raw object at 0x7fb29d92d2e8&gt;</skipped></testcase><testcase classname="src.pymortests.demos" file="src/pymortests/demos.py" line="207" name="test_thermalblock_ipython[elliptic:&apos;0 0 0 0&apos;]" time="0.0004630088806152344"><skipped message="Suite splitting in effect" type="pytest.skip">src/pymortests/demos.py:207: &lt;py._xmlgen.raw object at 0x7fb29d920ef0&gt;</skipped></testcase><testcase classname="src.pymortests.demos" file="src/pymortests/demos.py" line="207" name="test_thermalblock_ipython[elliptic:&apos;1 2 0 3&apos;]" time="0.0004980564117431641"><skipped message="Suite splitting in effect" type="pytest.skip">src/pymortests/demos.py:207: &lt;py._xmlgen.raw object at 0x7fb29d9a5be0&gt;</skipped></testcase><testcase classname="src.pymortests.demos" file="src/pymortests/demos.py" line="207" name="test_thermalblock_ipython[elliptic:&apos;--rect 1 2 0 3&apos;]" time="0.0004596710205078125"><skipped message="Suite splitting in effect" type="pytest.skip">src/pymortests/demos.py:207: &lt;py._xmlgen.raw object at 0x7fb29d916a90&gt;</skipped></testcase><testcase classname="src.pymortests.demos" file="src/pymortests/demos.py" line="207" name="test_thermalblock_ipython[elliptic:&apos;0 0 2 1&apos;]" time="0.000484466552734375"><skipped message="Suite splitting in effect" type="pytest.skip">src/pymortests/demos.py:207: &lt;py._xmlgen.raw object at 0x7fb29d975630&gt;</skipped></testcase><testcase classname="src.pymortests.demos" file="src/pymortests/demos.py" line="207" name="test_thermalblock_ipython[elliptic:&apos;--fv 0 0 0 0&apos;]" time="0.0004496574401855469"><skipped message="Suite splitting in effect" type="pytest.skip">src/pymortests/demos.py:207: &lt;py._xmlgen.raw object at 0x7fb2dc970b70&gt;</skipped></testcase><testcase classname="src.pymortests.demos" file="src/pymortests/demos.py" line="207" name="test_thermalblock_ipython[elliptic:&apos;--fv 1 2 0 3&apos;]" time="0.00046181678771972656"><skipped message="Suite splitting in effect" type="pytest.skip">src/pymortests/demos.py:207: &lt;py._xmlgen.raw object at 0x7fb2c77b0ef0&gt;</skipped></testcase><testcase classname="src.pymortests.demos" file="src/pymortests/demos.py" line="207" name="test_thermalblock_ipython[elliptic:&apos;--fv --rect 1 2 0 3&apos;]" time="0.00042748451232910156"><skipped message="Suite splitting in effect" type="pytest.skip">src/pymortests/demos.py:207: &lt;py._xmlgen.raw object at 0x7fb29d92d048&gt;</skipped></testcase><testcase classname="src.pymortests.demos" file="src/pymortests/demos.py" line="207" name="test_thermalblock_ipython[elliptic:&apos;--fv 0 0 2 1&apos;]" time="0.00044608116149902344"><skipped message="Suite splitting in effect" type="pytest.skip">src/pymortests/demos.py:207: &lt;py._xmlgen.raw object at 0x7fb29d92dba8&gt;</skipped></testcase><testcase classname="src.pymortests.demos" file="src/pymortests/demos.py" line="207" name="test_thermalblock_ipython[elliptic2:&apos;1 20&apos;]" time="0.0004551410675048828"><skipped message="Suite splitting in effect" type="pytest.skip">src/pymortests/demos.py:207: &lt;py._xmlgen.raw object at 0x7fb29d939128&gt;</skipped></testcase><testcase classname="src.pymortests.demos" file="src/pymortests/demos.py" line="207" name="test_thermalblock_ipython[elliptic2:&apos;--fv 1 20&apos;]" time="0.00043201446533203125"><skipped message="Suite splitting in effect" type="pytest.skip">src/pymortests/demos.py:207: &lt;py._xmlgen.raw object at 0x7fb29d9827f0&gt;</skipped></testcase><testcase classname="src.pymortests.demos" file="src/pymortests/demos.py" line="207" name="test_thermalblock_ipython[elliptic_oned:&apos;1 20&apos;]" time="0.00044417381286621094"><skipped message="Suite splitting in effect" type="pytest.skip">src/pymortests/demos.py:207: &lt;py._xmlgen.raw object at 0x7fb29d975ac8&gt;</skipped></testcase><testcase classname="src.pymortests.demos" file="src/pymortests/demos.py" line="207" name="test_thermalblock_ipython[elliptic_oned:&apos;--fv 1 20&apos;]" time="0.0004673004150390625"><skipped message="Suite splitting in effect" type="pytest.skip">src/pymortests/demos.py:207: &lt;py._xmlgen.raw object at 0x7fb29d9166a0&gt;</skipped></testcase><testcase classname="src.pymortests.demos" file="src/pymortests/demos.py" line="207" name="test_thermalblock_ipython[burgers:&apos;--num-flux=lax_friedrichs 0.1&apos;]" time="0.0004439353942871094"><skipped message="Suite splitting in effect" type="pytest.skip">src/pymortests/demos.py:207: &lt;py._xmlgen.raw object at 0x7fb2c77cbe80&gt;</skipped></testcase><testcase classname="src.pymortests.demos" file="src/pymortests/demos.py" line="207" name="test_thermalblock_ipython[burgers:&apos;--num-flux=engquist_osher 0.1&apos;]" time="0.00046133995056152344"><skipped message="Suite splitting in effect" type="pytest.skip">src/pymortests/demos.py:207: &lt;py._xmlgen.raw object at 0x7fb29d92da90&gt;</skipped></testcase><testcase classname="src.pymortests.demos" file="src/pymortests/demos.py" line="207" name="test_thermalblock_ipython[burgers:&apos;--num-flux=simplified_engquist_osher 0.1&apos;]" time="0.0005095005035400391"><skipped message="Suite splitting in effect" type="pytest.skip">src/pymortests/demos.py:207: &lt;py._xmlgen.raw object at 0x7fb29d920710&gt;</skipped></testcase><testcase classname="src.pymortests.demos" file="src/pymortests/demos.py" line="207" name="test_thermalblock_ipython[parabolic:&apos;heat 1&apos;]" time="0.0005421638488769531"><skipped message="Suite splitting in effect" type="pytest.skip">src/pymortests/demos.py:207: &lt;py._xmlgen.raw object at 0x7fb29d9394a8&gt;</skipped></testcase><testcase classname="src.pymortests.demos" file="src/pymortests/demos.py" line="207" name="test_thermalblock_ipython[parabolic:&apos;heat --rect 1&apos;]" time="0.0008115768432617188"><skipped message="Suite splitting in effect" type="pytest.skip">src/pymortests/demos.py:207: &lt;py._xmlgen.raw object at 0x7fb29d9399e8&gt;</skipped></testcase><testcase classname="src.pymortests.demos" file="src/pymortests/demos.py" line="207" name="test_thermalblock_ipython[parabolic:&apos;heat --fv 1&apos;]" time="0.00045871734619140625"><skipped message="Suite splitting in effect" type="pytest.skip">src/pymortests/demos.py:207: &lt;py._xmlgen.raw object at 0x7fb29d92d080&gt;</skipped></testcase><testcase classname="src.pymortests.demos" file="src/pymortests/demos.py" line="207" name="test_thermalblock_ipython[parabolic:&apos;heat --rect --fv 1&apos;]" time="0.0004527568817138672"><skipped message="Suite splitting in effect" type="pytest.skip">src/pymortests/demos.py:207: &lt;py._xmlgen.raw object at 0x7fb29d9d09b0&gt;</skipped></testcase><testcase classname="src.pymortests.demos" file="src/pymortests/demos.py" line="207" name="test_thermalblock_ipython[parabolic:&apos;dar 1&apos;]" time="0.0004916191101074219"><skipped message="Suite splitting in effect" type="pytest.skip">src/pymortests/demos.py:207: &lt;py._xmlgen.raw object at 0x7fb29d916c88&gt;</skipped></testcase><testcase classname="src.pymortests.demos" file="src/pymortests/demos.py" line="207" name="test_thermalblock_ipython[parabolic:&apos;dar --rect 1&apos;]" time="0.00045299530029296875"><skipped message="Suite splitting in effect" type="pytest.skip">src/pymortests/demos.py:207: &lt;py._xmlgen.raw object at 0x7fb2c77e2160&gt;</skipped></testcase><testcase classname="src.pymortests.demos" file="src/pymortests/demos.py" line="207" name="test_thermalblock_ipython[elliptic_unstructured:&apos;6.0 16 0.1&apos;]" time="0.00045990943908691406"><skipped message="Suite splitting in effect" type="pytest.skip">src/pymortests/demos.py:207: &lt;py._xmlgen.raw object at 0x7fb2c77b0320&gt;</skipped></testcase><testcase classname="src.pymortests.demos" file="src/pymortests/demos.py" line="207" name="test_thermalblock_ipython[thermalblock:&apos;--plot-solutions --plot-err --plot-error-sequence 2 2 3 5&apos;]" time="0.00046706199645996094"><skipped message="Suite splitting in effect" type="pytest.skip">src/pymortests/demos.py:207: &lt;py._xmlgen.raw object at 0x7fb29d939780&gt;</skipped></testcase><testcase classname="src.pymortests.demos" file="src/pymortests/demos.py" line="207" name="test_thermalblock_ipython[thermalblock:&apos;--fenics 2 2 3 5&apos;]" time="0.0006363391876220703"><skipped message="Suite splitting in effect" type="pytest.skip">src/pymortests/demos.py:207: &lt;py._xmlgen.raw object at 0x7fb29d939ac8&gt;</skipped></testcase><testcase classname="src.pymortests.demos" file="src/pymortests/demos.py" line="207" name="test_thermalblock_ipython[thermalblock:&apos;--greedy-without-estimator 3 1 2 5&apos;]" time="0.0011835098266601562"><skipped message="Suite splitting in effect" type="pytest.skip">src/pymortests/demos.py:207: &lt;py._xmlgen.raw object at 0x7fb29d942048&gt;</skipped></testcase><testcase classname="src.pymortests.demos" file="src/pymortests/demos.py" line="207" name="test_thermalblock_ipython[thermalblock:&apos;--alg=pod 2 2 3 5&apos;]" time="0.0004608631134033203"><skipped message="Suite splitting in effect" type="pytest.skip">src/pymortests/demos.py:207: &lt;py._xmlgen.raw object at 0x7fb2c77e2898&gt;</skipped></testcase><testcase classname="src.pymortests.demos" file="src/pymortests/demos.py" line="207" name="test_thermalblock_ipython[thermalblock:&apos;--alg=adaptive_greedy 2 2 10 30&apos;]" time="0.0004992485046386719"><skipped message="Suite splitting in effect" type="pytest.skip">src/pymortests/demos.py:207: &lt;py._xmlgen.raw object at 0x7fb29d939dd8&gt;</skipped></testcase><testcase classname="src.pymortests.demos" file="src/pymortests/demos.py" line="207" name="test_thermalblock_ipython[thermalblock:&apos;--alg=naive --reductor=traditional 2 2 10 5&apos;]" time="0.00045418739318847656"><skipped message="Suite splitting in effect" type="pytest.skip">src/pymortests/demos.py:207: &lt;py._xmlgen.raw object at 0x7fb29d9392e8&gt;</skipped></testcase><testcase classname="src.pymortests.demos" file="src/pymortests/demos.py" line="207" name="test_thermalblock_ipython[thermalblock_adaptive:&apos;10&apos;]" time="0.00045180320739746094"><skipped message="Suite splitting in effect" type="pytest.skip">src/pymortests/demos.py:207: &lt;py._xmlgen.raw object at 0x7fb29d92dbe0&gt;</skipped></testcase><testcase classname="src.pymortests.demos" file="src/pymortests/demos.py" line="207" name="test_thermalblock_ipython[thermalblock_adaptive:&apos;--visualize-refinement 10&apos;]" time="0.00042366981506347656"><skipped message="Suite splitting in effect" type="pytest.skip">src/pymortests/demos.py:207: &lt;py._xmlgen.raw object at 0x7fb29d92de10&gt;</skipped></testcase><testcase classname="src.pymortests.demos" file="src/pymortests/demos.py" line="207" name="test_thermalblock_ipython[thermalblock_simple:&apos;pymor naive 2 10 10&apos;]" time="0.0005106925964355469"><skipped message="Suite splitting in effect" type="pytest.skip">src/pymortests/demos.py:207: &lt;py._xmlgen.raw object at 0x7fb29d92d710&gt;</skipped></testcase><testcase classname="src.pymortests.demos" file="src/pymortests/demos.py" line="207" name="test_thermalblock_ipython[thermalblock_simple:&apos;fenics greedy 2 10 10&apos;]" time="0.00043654441833496094"><skipped message="Suite splitting in effect" type="pytest.skip">src/pymortests/demos.py:207: &lt;py._xmlgen.raw object at 0x7fb29d9202e8&gt;</skipped></testcase><testcase classname="src.pymortests.demos" file="src/pymortests/demos.py" line="207" name="test_thermalblock_ipython[thermalblock_simple:&apos;ngsolve greedy 2 10 10&apos;]" time="0.00047135353088378906"><skipped message="Suite splitting in effect" type="pytest.skip">src/pymortests/demos.py:207: &lt;py._xmlgen.raw object at 0x7fb29d920cf8&gt;</skipped></testcase><testcase classname="src.pymortests.demos" file="src/pymortests/demos.py" line="207" name="test_thermalblock_ipython[thermalblock_simple:&apos;pymor-text adaptive_greedy -1 3 3&apos;]" time="0.0007703304290771484"><skipped message="Suite splitting in effect" type="pytest.skip">src/pymortests/demos.py:207: &lt;py._xmlgen.raw object at 0x7fb29d92dcf8&gt;</skipped></testcase><testcase classname="src.pymortests.demos" file="src/pymortests/demos.py" line="207" name="test_thermalblock_ipython[thermalblock_gui:&apos;--testing 2 2 3 5&apos;]" time="0.0004379749298095703"><skipped message="Suite splitting in effect" type="pytest.skip">src/pymortests/demos.py:207: &lt;py._xmlgen.raw object at 0x7fb29d92db70&gt;</skipped></testcase><testcase classname="src.pymortests.demos" file="src/pymortests/demos.py" line="207" name="test_thermalblock_ipython[burgers_ei:&apos;1 2 2 5 2 5 --plot-ei-err&apos;]" time="0.0004451274871826172"><skipped message="Suite splitting in effect" type="pytest.skip">src/pymortests/demos.py:207: &lt;py._xmlgen.raw object at 0x7fb29d9396d8&gt;</skipped></testcase><testcase classname="src.pymortests.demos" file="src/pymortests/demos.py" line="207" name="test_thermalblock_ipython[burgers_ei:&apos;1 2 2 5 2 5 --ei-alg=deim&apos;]" time="0.000461578369140625"><skipped message="Suite splitting in effect" type="pytest.skip">src/pymortests/demos.py:207: &lt;py._xmlgen.raw object at 0x7fb29d939898&gt;</skipped></testcase><testcase classname="src.pymortests.demos" file="src/pymortests/demos.py" line="207" name="test_thermalblock_ipython[parabolic_mor:&apos;pymor greedy 2 3 1&apos;]" time="0.0004429817199707031"><skipped message="Suite splitting in effect" type="pytest.skip">src/pymortests/demos.py:207: &lt;py._xmlgen.raw object at 0x7fb2c77e26a0&gt;</skipped></testcase><testcase classname="src.pymortests.demos" file="src/pymortests/demos.py" line="207" name="test_thermalblock_ipython[parabolic_mor:&apos;pymor pod 2 3 1&apos;]" time="0.0004563331604003906"><skipped message="Suite splitting in effect" type="pytest.skip">src/pymortests/demos.py:207: &lt;py._xmlgen.raw object at 0x7fb29d975630&gt;</skipped></testcase><testcase classname="src.pymortests.demos" file="src/pymortests/demos.py" line="207" name="test_thermalblock_ipython[parabolic_mor:&apos;fenics adaptive_greedy 2 3 1&apos;]" time="0.0004642009735107422"><skipped message="Suite splitting in effect" type="pytest.skip">src/pymortests/demos.py:207: &lt;py._xmlgen.raw object at 0x7fb29d9209b0&gt;</skipped></testcase><testcase classname="src.pymortests.demos" file="src/pymortests/demos.py" line="207" name="test_thermalblock_ipython[heat:&apos;&apos;]" time="0.0004401206970214844"><skipped message="Suite splitting in effect" type="pytest.skip">src/pymortests/demos.py:207: &lt;py._xmlgen.raw object at 0x7fb29d9167b8&gt;</skipped></testcase><testcase classname="src.pymortests.demos" file="src/pymortests/demos.py" line="207" name="test_thermalblock_ipython[delay:&apos;&apos;]" time="0.00046324729919433594"><skipped message="Suite splitting in effect" type="pytest.skip">src/pymortests/demos.py:207: &lt;py._xmlgen.raw object at 0x7fb29d916908&gt;</skipped></testcase><testcase classname="src.pymortests.demos" file="src/pymortests/demos.py" line="207" name="test_thermalblock_ipython[string_equation:&apos;&apos;]" time="0.00045418739318847656"><skipped message="Suite splitting in effect" type="pytest.skip">src/pymortests/demos.py:207: &lt;py._xmlgen.raw object at 0x7fb29d920320&gt;</skipped></testcase><testcase classname="src.pymortests.demos" file="src/pymortests/demos.py" line="221" name="test_thermalblock_results[thermalblock:&apos;--plot-solutions --plot-err --plot-error-sequence 2 2 3 5&apos;]" time="0.000453948974609375"><skipped message="Suite splitting in effect" type="pytest.skip">src/pymortests/demos.py:221: &lt;py._xmlgen.raw object at 0x7fb2c77e27f0&gt;</skipped></testcase><testcase classname="src.pymortests.demos" file="src/pymortests/demos.py" line="221" name="test_thermalblock_results[thermalblock:&apos;--fenics 2 2 3 5&apos;]" time="0.0004265308380126953"><skipped message="Suite splitting in effect" type="pytest.skip">src/pymortests/demos.py:221: &lt;py._xmlgen.raw object at 0x7fb29d9a5860&gt;</skipped></testcase><testcase classname="src.pymortests.demos" file="src/pymortests/demos.py" line="221" name="test_thermalblock_results[thermalblock:&apos;--greedy-without-estimator 3 1 2 5&apos;]" time="0.00047898292541503906"><skipped message="Suite splitting in effect" type="pytest.skip">src/pymortests/demos.py:221: &lt;py._xmlgen.raw object at 0x7fb29d939208&gt;</skipped></testcase><testcase classname="src.pymortests.demos" file="src/pymortests/demos.py" line="221" name="test_thermalblock_results[thermalblock:&apos;--alg=pod 2 2 3 5&apos;]" time="0.00047659873962402344"><skipped message="Suite splitting in effect" type="pytest.skip">src/pymortests/demos.py:221: &lt;py._xmlgen.raw object at 0x7fb29d92d978&gt;</skipped></testcase><testcase classname="src.pymortests.demos" file="src/pymortests/demos.py" line="221" name="test_thermalblock_results[thermalblock:&apos;--alg=adaptive_greedy 2 2 10 30&apos;]" time="0.000453948974609375"><skipped message="Suite splitting in effect" type="pytest.skip">src/pymortests/demos.py:221: &lt;py._xmlgen.raw object at 0x7fb29d92ddd8&gt;</skipped></testcase><testcase classname="src.pymortests.demos" file="src/pymortests/demos.py" line="221" name="test_thermalblock_results[thermalblock:&apos;--alg=naive --reductor=traditional 2 2 10 5&apos;]" time="0.00042366981506347656"><skipped message="Suite splitting in effect" type="pytest.skip">src/pymortests/demos.py:221: &lt;py._xmlgen.raw object at 0x7fb29d98c358&gt;</skipped></testcase><testcase classname="src.pymortests.demos" file="src/pymortests/demos.py" line="234" name="test_burgers_ei_results" time="0.0008151531219482422"><skipped message="Suite splitting in effect" type="pytest.skip">src/pymortests/demos.py:234: &lt;py._xmlgen.raw object at 0x7fb29d964eb8&gt;</skipped></testcase><testcase classname="src.pymortests.demos" file="src/pymortests/demos.py" line="243" name="test_parabolic_mor_results" time="0.0004277229309082031"><skipped message="Suite splitting in effect" type="pytest.skip">src/pymortests/demos.py:243: &lt;py._xmlgen.raw object at 0x7fb29d98cda0&gt;</skipped></testcase><testcase classname="src.pymortests.discretization" file="src/pymortests/discretization.py" line="13" name="test_pickle[&lt;lambda&gt;0]" time="0.0005481243133544922"><skipped message="Suite splitting in effect" type="pytest.skip">src/pymortests/discretization.py:13: &lt;py._xmlgen.raw object at 0x7fb29d92d400&gt;</skipped></testcase><testcase classname="src.pymortests.discretization" file="src/pymortests/discretization.py" line="13" name="test_pickle[&lt;lambda&gt;1]" time="0.0004639625549316406"><skipped message="Suite splitting in effect" type="pytest.skip">src/pymortests/discretization.py:13: &lt;py._xmlgen.raw object at 0x7fb29d9395f8&gt;</skipped></testcase><testcase classname="src.pymortests.discretization" file="src/pymortests/discretization.py" line="13" name="test_pickle[&lt;lambda&gt;2]" time="0.0004711151123046875"><skipped message="Suite splitting in effect" type="pytest.skip">src/pymortests/discretization.py:13: &lt;py._xmlgen.raw object at 0x7fb29d939a90&gt;</skipped></testcase><testcase classname="src.pymortests.discretization" file="src/pymortests/discretization.py" line="13" name="test_pickle[&lt;lambda&gt;3]" time="0.00043082237243652344"><skipped message="Suite splitting in effect" type="pytest.skip">src/pymortests/discretization.py:13: &lt;py._xmlgen.raw object at 0x7fb2c77e2898&gt;</skipped></testcase><testcase classname="src.pymortests.discretization" file="src/pymortests/discretization.py" line="13" name="test_pickle[&lt;lambda&gt;4]" time="0.0004668235778808594"><skipped message="Suite splitting in effect" type="pytest.skip">src/pymortests/discretization.py:13: &lt;py._xmlgen.raw object at 0x7fb29d920da0&gt;</skipped></testcase><testcase classname="src.pymortests.discretization" file="src/pymortests/discretization.py" line="13" name="test_pickle[&lt;lambda&gt;5]" time="0.0004456043243408203"><skipped message="Suite splitting in effect" type="pytest.skip">src/pymortests/discretization.py:13: &lt;py._xmlgen.raw object at 0x7fb29d9167b8&gt;</skipped></testcase><testcase classname="src.pymortests.discretization" file="src/pymortests/discretization.py" line="13" name="test_pickle[&lt;lambda&gt;6]" time="0.0007736682891845703"><skipped message="Suite splitting in effect" type="pytest.skip">src/pymortests/discretization.py:13: &lt;py._xmlgen.raw object at 0x7fb29d96c588&gt;</skipped></testcase><testcase classname="src.pymortests.discretization" file="src/pymortests/discretization.py" line="13" name="test_pickle[&lt;lambda&gt;7]" time="0.0004515647888183594"><skipped message="Suite splitting in effect" type="pytest.skip">src/pymortests/discretization.py:13: &lt;py._xmlgen.raw object at 0x7fb29d920cc0&gt;</skipped></testcase><testcase classname="src.pymortests.discretization" file="src/pymortests/discretization.py" line="13" name="test_pickle[&lt;lambda&gt;8]" time="0.00042510032653808594"><skipped message="Suite splitting in effect" type="pytest.skip">src/pymortests/discretization.py:13: &lt;py._xmlgen.raw object at 0x7fb29d982828&gt;</skipped></testcase><testcase classname="src.pymortests.discretization" file="src/pymortests/discretization.py" line="13" name="test_pickle[&lt;lambda&gt;9]" time="0.0004839897155761719"><skipped message="Suite splitting in effect" type="pytest.skip">src/pymortests/discretization.py:13: &lt;py._xmlgen.raw object at 0x7fb2c776f5f8&gt;</skipped></testcase><testcase classname="src.pymortests.discretization" file="src/pymortests/discretization.py" line="13" name="test_pickle[&lt;lambda&gt;10]" time="0.0004189014434814453"><skipped message="Suite splitting in effect" type="pytest.skip">src/pymortests/discretization.py:13: &lt;py._xmlgen.raw object at 0x7fb29d939d30&gt;</skipped></testcase><testcase classname="src.pymortests.discretization" file="src/pymortests/discretization.py" line="13" name="test_pickle[&lt;lambda&gt;11]" time="0.0004899501800537109"><skipped message="Suite splitting in effect" type="pytest.skip">src/pymortests/discretization.py:13: &lt;py._xmlgen.raw object at 0x7fb29d92d390&gt;</skipped></testcase><testcase classname="src.pymortests.discretization" file="src/pymortests/discretization.py" line="13" name="test_pickle[&lt;lambda&gt;12]" time="0.00043129920959472656"><skipped message="Suite splitting in effect" type="pytest.skip">src/pymortests/discretization.py:13: &lt;py._xmlgen.raw object at 0x7fb29d964b00&gt;</skipped></testcase><testcase classname="src.pymortests.discretization" file="src/pymortests/discretization.py" line="13" name="test_pickle[&lt;lambda&gt;13]" time="0.00043773651123046875"><skipped message="Suite splitting in effect" type="pytest.skip">src/pymortests/discretization.py:13: &lt;py._xmlgen.raw object at 0x7fb29d98c470&gt;</skipped></testcase><testcase classname="src.pymortests.discretization" file="src/pymortests/discretization.py" line="13" name="test_pickle[&lt;lambda&gt;14]" time="0.0004355907440185547"><skipped message="Suite splitting in effect" type="pytest.skip">src/pymortests/discretization.py:13: &lt;py._xmlgen.raw object at 0x7fb29d942588&gt;</skipped></testcase><testcase classname="src.pymortests.discretization" file="src/pymortests/discretization.py" line="13" name="test_pickle[&lt;lambda&gt;15]" time="0.0005121231079101562"><skipped message="Suite splitting in effect" type="pytest.skip">src/pymortests/discretization.py:13: &lt;py._xmlgen.raw object at 0x7fb29d98c588&gt;</skipped></testcase><testcase classname="src.pymortests.discretization" file="src/pymortests/discretization.py" line="13" name="test_pickle[&lt;lambda&gt;16]" time="0.0004379749298095703"><skipped message="Suite splitting in effect" type="pytest.skip">src/pymortests/discretization.py:13: &lt;py._xmlgen.raw object at 0x7fb2c7766fd0&gt;</skipped></testcase><testcase classname="src.pymortests.discretization" file="src/pymortests/discretization.py" line="13" name="test_pickle[&lt;lambda&gt;17]" time="0.00041365623474121094"><skipped message="Suite splitting in effect" type="pytest.skip">src/pymortests/discretization.py:13: &lt;py._xmlgen.raw object at 0x7fb29d939048&gt;</skipped></testcase><testcase classname="src.pymortests.discretization" file="src/pymortests/discretization.py" line="13" name="test_pickle[&lt;lambda&gt;18]" time="0.00044655799865722656"><skipped message="Suite splitting in effect" type="pytest.skip">src/pymortests/discretization.py:13: &lt;py._xmlgen.raw object at 0x7fb2c77e2208&gt;</skipped></testcase><testcase classname="src.pymortests.discretization" file="src/pymortests/discretization.py" line="13" name="test_pickle[&lt;lambda&gt;19]" time="0.0006358623504638672"><skipped message="Suite splitting in effect" type="pytest.skip">src/pymortests/discretization.py:13: &lt;py._xmlgen.raw object at 0x7fb29d920518&gt;</skipped></testcase><testcase classname="src.pymortests.discretization" file="src/pymortests/discretization.py" line="13" name="test_pickle[&lt;lambda&gt;20]" time="0.0004558563232421875"><skipped message="Suite splitting in effect" type="pytest.skip">src/pymortests/discretization.py:13: &lt;py._xmlgen.raw object at 0x7fb29d954f98&gt;</skipped></testcase><testcase classname="src.pymortests.discretization" file="src/pymortests/discretization.py" line="13" name="test_pickle[&lt;lambda&gt;21]" time="0.0004456043243408203"><skipped message="Suite splitting in effect" type="pytest.skip">src/pymortests/discretization.py:13: &lt;py._xmlgen.raw object at 0x7fb29d9422e8&gt;</skipped></testcase><testcase classname="src.pymortests.discretization" file="src/pymortests/discretization.py" line="13" name="test_pickle[&lt;lambda&gt;22]" time="0.0005393028259277344"><skipped message="Suite splitting in effect" type="pytest.skip">src/pymortests/discretization.py:13: &lt;py._xmlgen.raw object at 0x7fb29d942a90&gt;</skipped></testcase><testcase classname="src.pymortests.discretization" file="src/pymortests/discretization.py" line="13" name="test_pickle[&lt;lambda&gt;23]" time="0.0007672309875488281"><skipped message="Suite splitting in effect" type="pytest.skip">src/pymortests/discretization.py:13: &lt;py._xmlgen.raw object at 0x7fb29d920550&gt;</skipped></testcase><testcase classname="src.pymortests.discretization" file="src/pymortests/discretization.py" line="17" name="test_pickle_without_dumps_function[&lt;lambda&gt;0]" time="0.0004489421844482422"><skipped message="Suite splitting in effect" type="pytest.skip">src/pymortests/discretization.py:17: &lt;py._xmlgen.raw object at 0x7fb2dc970b70&gt;</skipped></testcase><testcase classname="src.pymortests.discretization" file="src/pymortests/discretization.py" line="17" name="test_pickle_without_dumps_function[&lt;lambda&gt;1]" time="0.0004839897155761719"><skipped message="Suite splitting in effect" type="pytest.skip">src/pymortests/discretization.py:17: &lt;py._xmlgen.raw object at 0x7fb29d939208&gt;</skipped></testcase><testcase classname="src.pymortests.discretization" file="src/pymortests/discretization.py" line="17" name="test_pickle_without_dumps_function[&lt;lambda&gt;2]" time="0.00045680999755859375"><skipped message="Suite splitting in effect" type="pytest.skip">src/pymortests/discretization.py:17: &lt;py._xmlgen.raw object at 0x7fb29d92d2e8&gt;</skipped></testcase><testcase classname="src.pymortests.discretization" file="src/pymortests/discretization.py" line="17" name="test_pickle_without_dumps_function[&lt;lambda&gt;3]" time="0.000469207763671875"><skipped message="Suite splitting in effect" type="pytest.skip">src/pymortests/discretization.py:17: &lt;py._xmlgen.raw object at 0x7fb2dca61198&gt;</skipped></testcase><testcase classname="src.pymortests.discretization" file="src/pymortests/discretization.py" line="17" name="test_pickle_without_dumps_function[&lt;lambda&gt;4]" time="0.0004391670227050781"><skipped message="Suite splitting in effect" type="pytest.skip">src/pymortests/discretization.py:17: &lt;py._xmlgen.raw object at 0x7fb29d942c88&gt;</skipped></testcase><testcase classname="src.pymortests.discretization" file="src/pymortests/discretization.py" line="17" name="test_pickle_without_dumps_function[&lt;lambda&gt;5]" time="0.0004782676696777344"><skipped message="Suite splitting in effect" type="pytest.skip">src/pymortests/discretization.py:17: &lt;py._xmlgen.raw object at 0x7fb29d9426d8&gt;</skipped></testcase><testcase classname="src.pymortests.discretization" file="src/pymortests/discretization.py" line="17" name="test_pickle_without_dumps_function[&lt;lambda&gt;6]" time="0.0005052089691162109"><skipped message="Suite splitting in effect" type="pytest.skip">src/pymortests/discretization.py:17: &lt;py._xmlgen.raw object at 0x7fb29d942fd0&gt;</skipped></testcase><testcase classname="src.pymortests.discretization" file="src/pymortests/discretization.py" line="17" name="test_pickle_without_dumps_function[&lt;lambda&gt;7]" time="0.0007648468017578125"><skipped message="Suite splitting in effect" type="pytest.skip">src/pymortests/discretization.py:17: &lt;py._xmlgen.raw object at 0x7fb29d942cf8&gt;</skipped></testcase><testcase classname="src.pymortests.discretization" file="src/pymortests/discretization.py" line="17" name="test_pickle_without_dumps_function[&lt;lambda&gt;8]" time="0.0005834102630615234"><skipped message="Suite splitting in effect" type="pytest.skip">src/pymortests/discretization.py:17: &lt;py._xmlgen.raw object at 0x7fb29d942978&gt;</skipped></testcase><testcase classname="src.pymortests.discretization" file="src/pymortests/discretization.py" line="17" name="test_pickle_without_dumps_function[&lt;lambda&gt;9]" time="0.00046539306640625"><skipped message="Suite splitting in effect" type="pytest.skip">src/pymortests/discretization.py:17: &lt;py._xmlgen.raw object at 0x7fb29da3f748&gt;</skipped></testcase><testcase classname="src.pymortests.discretization" file="src/pymortests/discretization.py" line="17" name="test_pickle_without_dumps_function[&lt;lambda&gt;10]" time="0.0004742145538330078"><skipped message="Suite splitting in effect" type="pytest.skip">src/pymortests/discretization.py:17: &lt;py._xmlgen.raw object at 0x7fb29d92d550&gt;</skipped></testcase><testcase classname="src.pymortests.discretization" file="src/pymortests/discretization.py" line="17" name="test_pickle_without_dumps_function[&lt;lambda&gt;11]" time="0.00046634674072265625"><skipped message="Suite splitting in effect" type="pytest.skip">src/pymortests/discretization.py:17: &lt;py._xmlgen.raw object at 0x7fb29d9a5860&gt;</skipped></testcase><testcase classname="src.pymortests.discretization" file="src/pymortests/discretization.py" line="17" name="test_pickle_without_dumps_function[&lt;lambda&gt;12]" time="0.0004673004150390625"><skipped message="Suite splitting in effect" type="pytest.skip">src/pymortests/discretization.py:17: &lt;py._xmlgen.raw object at 0x7fb29d982da0&gt;</skipped></testcase><testcase classname="src.pymortests.discretization" file="src/pymortests/discretization.py" line="17" name="test_pickle_without_dumps_function[&lt;lambda&gt;13]" time="0.00043654441833496094"><skipped message="Suite splitting in effect" type="pytest.skip">src/pymortests/discretization.py:17: &lt;py._xmlgen.raw object at 0x7fb29d8d30f0&gt;</skipped></testcase><testcase classname="src.pymortests.discretization" file="src/pymortests/discretization.py" line="17" name="test_pickle_without_dumps_function[&lt;lambda&gt;14]" time="0.00045609474182128906"><skipped message="Suite splitting in effect" type="pytest.skip">src/pymortests/discretization.py:17: &lt;py._xmlgen.raw object at 0x7fb29d8d38d0&gt;</skipped></testcase><testcase classname="src.pymortests.discretization" file="src/pymortests/discretization.py" line="17" name="test_pickle_without_dumps_function[&lt;lambda&gt;15]" time="0.0008015632629394531"><skipped message="Suite splitting in effect" type="pytest.skip">src/pymortests/discretization.py:17: &lt;py._xmlgen.raw object at 0x7fb29d8d3e10&gt;</skipped></testcase><testcase classname="src.pymortests.discretization" file="src/pymortests/discretization.py" line="17" name="test_pickle_without_dumps_function[&lt;lambda&gt;16]" time="0.0004336833953857422"><skipped message="Suite splitting in effect" type="pytest.skip">src/pymortests/discretization.py:17: &lt;py._xmlgen.raw object at 0x7fb29d939f28&gt;</skipped></testcase><testcase classname="src.pymortests.discretization" file="src/pymortests/discretization.py" line="17" name="test_pickle_without_dumps_function[&lt;lambda&gt;17]" time="0.0004298686981201172"><skipped message="Suite splitting in effect" type="pytest.skip">src/pymortests/discretization.py:17: &lt;py._xmlgen.raw object at 0x7fb29d92db70&gt;</skipped></testcase><testcase classname="src.pymortests.discretization" file="src/pymortests/discretization.py" line="17" name="test_pickle_without_dumps_function[&lt;lambda&gt;18]" time="0.00044989585876464844"><skipped message="Suite splitting in effect" type="pytest.skip">src/pymortests/discretization.py:17: &lt;py._xmlgen.raw object at 0x7fb2c761d908&gt;</skipped></testcase><testcase classname="src.pymortests.discretization" file="src/pymortests/discretization.py" line="17" name="test_pickle_without_dumps_function[&lt;lambda&gt;19]" time="0.0004372596740722656"><skipped message="Suite splitting in effect" type="pytest.skip">src/pymortests/discretization.py:17: &lt;py._xmlgen.raw object at 0x7fb29d98c710&gt;</skipped></testcase><testcase classname="src.pymortests.discretization" file="src/pymortests/discretization.py" line="17" name="test_pickle_without_dumps_function[&lt;lambda&gt;20]" time="0.0004439353942871094"><skipped message="Suite splitting in effect" type="pytest.skip">src/pymortests/discretization.py:17: &lt;py._xmlgen.raw object at 0x7fb29d942208&gt;</skipped></testcase><testcase classname="src.pymortests.discretization" file="src/pymortests/discretization.py" line="17" name="test_pickle_without_dumps_function[&lt;lambda&gt;21]" time="0.0004317760467529297"><skipped message="Suite splitting in effect" type="pytest.skip">src/pymortests/discretization.py:17: &lt;py._xmlgen.raw object at 0x7fb29d8d3c18&gt;</skipped></testcase><testcase classname="src.pymortests.discretization" file="src/pymortests/discretization.py" line="21" name="test_pickle_by_solving[&lt;lambda&gt;0]" time="0.0005254745483398438"><skipped message="Suite splitting in effect" type="pytest.skip">src/pymortests/discretization.py:21: &lt;py._xmlgen.raw object at 0x7fb29d8d3160&gt;</skipped></testcase><testcase classname="src.pymortests.discretization" file="src/pymortests/discretization.py" line="21" name="test_pickle_by_solving[&lt;lambda&gt;1]" time="0.0006892681121826172"><skipped message="Suite splitting in effect" type="pytest.skip">src/pymortests/discretization.py:21: &lt;py._xmlgen.raw object at 0x7fb29d8de390&gt;</skipped></testcase><testcase classname="src.pymortests.discretization" file="src/pymortests/discretization.py" line="21" name="test_pickle_by_solving[&lt;lambda&gt;2]" time="0.0004787445068359375"><skipped message="Suite splitting in effect" type="pytest.skip">src/pymortests/discretization.py:21: &lt;py._xmlgen.raw object at 0x7fb29d8d3be0&gt;</skipped></testcase><testcase classname="src.pymortests.discretization" file="src/pymortests/discretization.py" line="21" name="test_pickle_by_solving[&lt;lambda&gt;3]" time="0.00046181678771972656"><skipped message="Suite splitting in effect" type="pytest.skip">src/pymortests/discretization.py:21: &lt;py._xmlgen.raw object at 0x7fb29d9427f0&gt;</skipped></testcase><testcase classname="src.pymortests.discretization" file="src/pymortests/discretization.py" line="21" name="test_pickle_by_solving[&lt;lambda&gt;4]" time="0.0004432201385498047"><skipped message="Suite splitting in effect" type="pytest.skip">src/pymortests/discretization.py:21: &lt;py._xmlgen.raw object at 0x7fb29d98c710&gt;</skipped></testcase><testcase classname="src.pymortests.discretization" file="src/pymortests/discretization.py" line="21" name="test_pickle_by_solving[&lt;lambda&gt;5]" time="0.00041604042053222656"><skipped message="Suite splitting in effect" type="pytest.skip">src/pymortests/discretization.py:21: &lt;py._xmlgen.raw object at 0x7fb2c760a128&gt;</skipped></testcase><testcase classname="src.pymortests.discretization" file="src/pymortests/discretization.py" line="21" name="test_pickle_by_solving[&lt;lambda&gt;6]" time="0.0004513263702392578"><skipped message="Suite splitting in effect" type="pytest.skip">src/pymortests/discretization.py:21: &lt;py._xmlgen.raw object at 0x7fb2c7766ef0&gt;</skipped></testcase><testcase classname="src.pymortests.discretization" file="src/pymortests/discretization.py" line="21" name="test_pickle_by_solving[&lt;lambda&gt;7]" time="0.0004286766052246094"><skipped message="Suite splitting in effect" type="pytest.skip">src/pymortests/discretization.py:21: &lt;py._xmlgen.raw object at 0x7fb29d9b4dd8&gt;</skipped></testcase><testcase classname="src.pymortests.discretization" file="src/pymortests/discretization.py" line="21" name="test_pickle_by_solving[&lt;lambda&gt;8]" time="0.000461578369140625"><skipped message="Suite splitting in effect" type="pytest.skip">src/pymortests/discretization.py:21: &lt;py._xmlgen.raw object at 0x7fb29d8de1d0&gt;</skipped></testcase><testcase classname="src.pymortests.discretization" file="src/pymortests/discretization.py" line="21" name="test_pickle_by_solving[&lt;lambda&gt;9]" time="0.0004153251647949219"><skipped message="Suite splitting in effect" type="pytest.skip">src/pymortests/discretization.py:21: &lt;py._xmlgen.raw object at 0x7fb29d8de9b0&gt;</skipped></testcase><testcase classname="src.pymortests.discretization" file="src/pymortests/discretization.py" line="21" name="test_pickle_by_solving[&lt;lambda&gt;10]" time="0.00048160552978515625"><skipped message="Suite splitting in effect" type="pytest.skip">src/pymortests/discretization.py:21: &lt;py._xmlgen.raw object at 0x7fb29d9392b0&gt;</skipped></testcase><testcase classname="src.pymortests.discretization" file="src/pymortests/discretization.py" line="21" name="test_pickle_by_solving[&lt;lambda&gt;11]" time="0.0004470348358154297"><skipped message="Suite splitting in effect" type="pytest.skip">src/pymortests/discretization.py:21: &lt;py._xmlgen.raw object at 0x7fb2c760a518&gt;</skipped></testcase><testcase classname="src.pymortests.discretization" file="src/pymortests/discretization.py" line="21" name="test_pickle_by_solving[&lt;lambda&gt;12]" time="0.0004444122314453125"><skipped message="Suite splitting in effect" type="pytest.skip">src/pymortests/discretization.py:21: &lt;py._xmlgen.raw object at 0x7fb29da3f748&gt;</skipped></testcase><testcase classname="src.pymortests.discretization" file="src/pymortests/discretization.py" line="21" name="test_pickle_by_solving[&lt;lambda&gt;13]" time="0.00044918060302734375"><skipped message="Suite splitting in effect" type="pytest.skip">src/pymortests/discretization.py:21: &lt;py._xmlgen.raw object at 0x7fb2c7730dd8&gt;</skipped></testcase><testcase classname="src.pymortests.discretization" file="src/pymortests/discretization.py" line="21" name="test_pickle_by_solving[&lt;lambda&gt;14]" time="0.000461578369140625"><skipped message="Suite splitting in effect" type="pytest.skip">src/pymortests/discretization.py:21: &lt;py._xmlgen.raw object at 0x7fb29d8d3d30&gt;</skipped></testcase><testcase classname="src.pymortests.discretization" file="src/pymortests/discretization.py" line="21" name="test_pickle_by_solving[&lt;lambda&gt;15]" time="0.00043964385986328125"><skipped message="Suite splitting in effect" type="pytest.skip">src/pymortests/discretization.py:21: &lt;py._xmlgen.raw object at 0x7fb29d8dea90&gt;</skipped></testcase><testcase classname="src.pymortests.discretization" file="src/pymortests/discretization.py" line="21" name="test_pickle_by_solving[&lt;lambda&gt;16]" time="0.0004723072052001953"><skipped message="Suite splitting in effect" type="pytest.skip">src/pymortests/discretization.py:21: &lt;py._xmlgen.raw object at 0x7fb29d8de470&gt;</skipped></testcase><testcase classname="src.pymortests.discretization" file="src/pymortests/discretization.py" line="21" name="test_pickle_by_solving[&lt;lambda&gt;17]" time="0.0004661083221435547"><skipped message="Suite splitting in effect" type="pytest.skip">src/pymortests/discretization.py:21: &lt;py._xmlgen.raw object at 0x7fb29d8deeb8&gt;</skipped></testcase><testcase classname="src.pymortests.discretization" file="src/pymortests/discretization.py" line="21" name="test_pickle_by_solving[&lt;lambda&gt;18]" time="0.0004317760467529297"><skipped message="Suite splitting in effect" type="pytest.skip">src/pymortests/discretization.py:21: &lt;py._xmlgen.raw object at 0x7fb29d8ded30&gt;</skipped></testcase><testcase classname="src.pymortests.discretization" file="src/pymortests/discretization.py" line="21" name="test_pickle_by_solving[&lt;lambda&gt;19]" time="0.00043463706970214844"><skipped message="Suite splitting in effect" type="pytest.skip">src/pymortests/discretization.py:21: &lt;py._xmlgen.raw object at 0x7fb29d8dea58&gt;</skipped></testcase><testcase classname="src.pymortests.discretization" file="src/pymortests/discretization.py" line="21" name="test_pickle_by_solving[&lt;lambda&gt;20]" time="0.0004551410675048828"><skipped message="Suite splitting in effect" type="pytest.skip">src/pymortests/discretization.py:21: &lt;py._xmlgen.raw object at 0x7fb29d8d30b8&gt;</skipped></testcase><testcase classname="src.pymortests.discretization" file="src/pymortests/discretization.py" line="21" name="test_pickle_by_solving[&lt;lambda&gt;21]" time="0.00047326087951660156"><skipped message="Suite splitting in effect" type="pytest.skip">src/pymortests/discretization.py:21: &lt;py._xmlgen.raw object at 0x7fb29d942be0&gt;</skipped></testcase><testcase classname="src.pymortests.discretization" file="src/pymortests/discretization.py" line="21" name="test_pickle_by_solving[&lt;lambda&gt;22]" time="0.0004668235778808594"><skipped message="Suite splitting in effect" type="pytest.skip">src/pymortests/discretization.py:21: &lt;py._xmlgen.raw object at 0x7fb29d98cf60&gt;</skipped></testcase><testcase classname="src.pymortests.discretization" file="src/pymortests/discretization.py" line="21" name="test_pickle_by_solving[&lt;lambda&gt;23]" time="0.0004203319549560547"><skipped message="Suite splitting in effect" type="pytest.skip">src/pymortests/discretization.py:21: &lt;py._xmlgen.raw object at 0x7fb2c760a710&gt;</skipped></testcase><testcase classname="src.pymortests.function" file="src/pymortests/function.py" line="26" name="test_evaluate[function0]" time="0.0005013942718505859"><skipped message="Suite splitting in effect" type="pytest.skip">src/pymortests/function.py:26: &lt;py._xmlgen.raw object at 0x7fb29d939f28&gt;</skipped></testcase><testcase classname="src.pymortests.function" file="src/pymortests/function.py" line="26" name="test_evaluate[function1]" time="0.00046062469482421875"><skipped message="Suite splitting in effect" type="pytest.skip">src/pymortests/function.py:26: &lt;py._xmlgen.raw object at 0x7fb29d8e7470&gt;</skipped></testcase><testcase classname="src.pymortests.function" file="src/pymortests/function.py" line="26" name="test_evaluate[function2]" time="0.0011229515075683594"><skipped message="Suite splitting in effect" type="pytest.skip">src/pymortests/function.py:26: &lt;py._xmlgen.raw object at 0x7fb2c7766ef0&gt;</skipped></testcase><testcase classname="src.pymortests.function" file="src/pymortests/function.py" line="26" name="test_evaluate[function3]" time="0.0004563331604003906"><skipped message="Suite splitting in effect" type="pytest.skip">src/pymortests/function.py:26: &lt;py._xmlgen.raw object at 0x7fb2c77306a0&gt;</skipped></testcase><testcase classname="src.pymortests.function" file="src/pymortests/function.py" line="26" name="test_evaluate[function4]" time="0.0005857944488525391"><skipped message="Suite splitting in effect" type="pytest.skip">src/pymortests/function.py:26: &lt;py._xmlgen.raw object at 0x7fb29d8dec50&gt;</skipped></testcase><testcase classname="src.pymortests.function" file="src/pymortests/function.py" line="26" name="test_evaluate[function5]" time="0.0004494190216064453"><skipped message="Suite splitting in effect" type="pytest.skip">src/pymortests/function.py:26: &lt;py._xmlgen.raw object at 0x7fb29d8de6d8&gt;</skipped></testcase><testcase classname="src.pymortests.function" file="src/pymortests/function.py" line="26" name="test_evaluate[function6]" time="0.0004839897155761719"><skipped message="Suite splitting in effect" type="pytest.skip">src/pymortests/function.py:26: &lt;py._xmlgen.raw object at 0x7fb29d942e10&gt;</skipped></testcase><testcase classname="src.pymortests.function" file="src/pymortests/function.py" line="26" name="test_evaluate[function7]" time="0.000537872314453125"><skipped message="Suite splitting in effect" type="pytest.skip">src/pymortests/function.py:26: &lt;py._xmlgen.raw object at 0x7fb29d8d3a20&gt;</skipped></testcase><testcase classname="src.pymortests.function" file="src/pymortests/function.py" line="26" name="test_evaluate[function8]" time="0.000453948974609375"><skipped message="Suite splitting in effect" type="pytest.skip">src/pymortests/function.py:26: &lt;py._xmlgen.raw object at 0x7fb29d8d3390&gt;</skipped></testcase><testcase classname="src.pymortests.function" file="src/pymortests/function.py" line="26" name="test_evaluate[function9]" time="0.0004832744598388672"><skipped message="Suite splitting in effect" type="pytest.skip">src/pymortests/function.py:26: &lt;py._xmlgen.raw object at 0x7fb29d9647b8&gt;</skipped></testcase><testcase classname="src.pymortests.function" file="src/pymortests/function.py" line="26" name="test_evaluate[function10]" time="0.00042557716369628906"><skipped message="Suite splitting in effect" type="pytest.skip">src/pymortests/function.py:26: &lt;py._xmlgen.raw object at 0x7fb29d964ac8&gt;</skipped></testcase><testcase classname="src.pymortests.function" file="src/pymortests/function.py" line="26" name="test_evaluate[function11]" time="0.0004987716674804688"><skipped message="Suite splitting in effect" type="pytest.skip">src/pymortests/function.py:26: &lt;py._xmlgen.raw object at 0x7fb29d8d3c18&gt;</skipped></testcase><testcase classname="src.pymortests.function" file="src/pymortests/function.py" line="35" name="test_lincomb_function" time="0.0004563331604003906"><skipped message="Suite splitting in effect" type="pytest.skip">src/pymortests/function.py:35: &lt;py._xmlgen.raw object at 0x7fb29d942cc0&gt;</skipped></testcase><testcase classname="src.pymortests.function" file="src/pymortests/function.py" line="60" name="test_pickle[function0]" time="0.00045943260192871094"><skipped message="Suite splitting in effect" type="pytest.skip">src/pymortests/function.py:60: &lt;py._xmlgen.raw object at 0x7fb2c7739160&gt;</skipped></testcase><testcase classname="src.pymortests.function" file="src/pymortests/function.py" line="60" name="test_pickle[function1]" time="0.00045990943908691406"><skipped message="Suite splitting in effect" type="pytest.skip">src/pymortests/function.py:60: &lt;py._xmlgen.raw object at 0x7fb29d8de278&gt;</skipped></testcase><testcase classname="src.pymortests.function" file="src/pymortests/function.py" line="60" name="test_pickle[function2]" time="0.00045490264892578125"><skipped message="Suite splitting in effect" type="pytest.skip">src/pymortests/function.py:60: &lt;py._xmlgen.raw object at 0x7fb2c7756390&gt;</skipped></testcase><testcase classname="src.pymortests.function" file="src/pymortests/function.py" line="60" name="test_pickle[function3]" time="0.0004355907440185547"><skipped message="Suite splitting in effect" type="pytest.skip">src/pymortests/function.py:60: &lt;py._xmlgen.raw object at 0x7fb2c760a7b8&gt;</skipped></testcase><testcase classname="src.pymortests.function" file="src/pymortests/function.py" line="60" name="test_pickle[function4]" time="0.00043582916259765625"><skipped message="Suite splitting in effect" type="pytest.skip">src/pymortests/function.py:60: &lt;py._xmlgen.raw object at 0x7fb2c77b0da0&gt;</skipped></testcase><testcase classname="src.pymortests.function" file="src/pymortests/function.py" line="60" name="test_pickle[function5]" time="0.0007808208465576172"><skipped message="Suite splitting in effect" type="pytest.skip">src/pymortests/function.py:60: &lt;py._xmlgen.raw object at 0x7fb29d8e7320&gt;</skipped></testcase><testcase classname="src.pymortests.function" file="src/pymortests/function.py" line="60" name="test_pickle[function6]" time="0.0004553794860839844"><skipped message="Suite splitting in effect" type="pytest.skip">src/pymortests/function.py:60: &lt;py._xmlgen.raw object at 0x7fb29d98cda0&gt;</skipped></testcase><testcase classname="src.pymortests.function" file="src/pymortests/function.py" line="60" name="test_pickle[function7]" time="0.0004582405090332031"><skipped message="Suite splitting in effect" type="pytest.skip">src/pymortests/function.py:60: &lt;py._xmlgen.raw object at 0x7fb2c7745828&gt;</skipped></testcase><testcase classname="src.pymortests.function" file="src/pymortests/function.py" line="60" name="test_pickle[function8]" time="0.0004382133483886719"><skipped message="Suite splitting in effect" type="pytest.skip">src/pymortests/function.py:60: &lt;py._xmlgen.raw object at 0x7fb29d8ded30&gt;</skipped></testcase><testcase classname="src.pymortests.function" file="src/pymortests/function.py" line="60" name="test_pickle[function9]" time="0.00045800209045410156"><skipped message="Suite splitting in effect" type="pytest.skip">src/pymortests/function.py:60: &lt;py._xmlgen.raw object at 0x7fb29d942c18&gt;</skipped></testcase><testcase classname="src.pymortests.function" file="src/pymortests/function.py" line="60" name="test_pickle[function10]" time="0.0004341602325439453"><skipped message="Suite splitting in effect" type="pytest.skip">src/pymortests/function.py:60: &lt;py._xmlgen.raw object at 0x7fb29d8d3940&gt;</skipped></testcase><testcase classname="src.pymortests.function" file="src/pymortests/function.py" line="60" name="test_pickle[function11]" time="0.0004279613494873047"><skipped message="Suite splitting in effect" type="pytest.skip">src/pymortests/function.py:60: &lt;py._xmlgen.raw object at 0x7fb29da08e10&gt;</skipped></testcase><testcase classname="src.pymortests.function" file="src/pymortests/function.py" line="64" name="test_pickle_without_dumps_function[picklable_function0]" time="0.0004458427429199219"><skipped message="Suite splitting in effect" type="pytest.skip">src/pymortests/function.py:64: &lt;py._xmlgen.raw object at 0x7fb29d8e7128&gt;</skipped></testcase><testcase classname="src.pymortests.function" file="src/pymortests/function.py" line="64" name="test_pickle_without_dumps_function[picklable_function1]" time="0.0006260871887207031"><skipped message="Suite splitting in effect" type="pytest.skip">src/pymortests/function.py:64: &lt;py._xmlgen.raw object at 0x7fb29d8e7b70&gt;</skipped></testcase><testcase classname="src.pymortests.function" file="src/pymortests/function.py" line="64" name="test_pickle_without_dumps_function[picklable_function2]" time="0.00046896934509277344"><skipped message="Suite splitting in effect" type="pytest.skip">src/pymortests/function.py:64: &lt;py._xmlgen.raw object at 0x7fb29d8d3550&gt;</skipped></testcase><testcase classname="src.pymortests.function" file="src/pymortests/function.py" line="64" name="test_pickle_without_dumps_function[picklable_function3]" time="0.00040650367736816406"><skipped message="Suite splitting in effect" type="pytest.skip">src/pymortests/function.py:64: &lt;py._xmlgen.raw object at 0x7fb29d9420b8&gt;</skipped></testcase><testcase classname="src.pymortests.function" file="src/pymortests/function.py" line="64" name="test_pickle_without_dumps_function[picklable_function4]" time="0.0004570484161376953"><skipped message="Suite splitting in effect" type="pytest.skip">src/pymortests/function.py:64: &lt;py._xmlgen.raw object at 0x7fb29d8de7f0&gt;</skipped></testcase><testcase classname="src.pymortests.function" file="src/pymortests/function.py" line="64" name="test_pickle_without_dumps_function[picklable_function5]" time="0.0004496574401855469"><skipped message="Suite splitting in effect" type="pytest.skip">src/pymortests/function.py:64: &lt;py._xmlgen.raw object at 0x7fb2c7745828&gt;</skipped></testcase><testcase classname="src.pymortests.function" file="src/pymortests/function.py" line="64" name="test_pickle_without_dumps_function[picklable_function6]" time="0.0004413127899169922"><skipped message="Suite splitting in effect" type="pytest.skip">src/pymortests/function.py:64: &lt;py._xmlgen.raw object at 0x7fb2c77be518&gt;</skipped></testcase><testcase classname="src.pymortests.function" file="src/pymortests/function.py" line="64" name="test_pickle_without_dumps_function[picklable_function7]" time="0.00044918060302734375"><skipped message="Suite splitting in effect" type="pytest.skip">src/pymortests/function.py:64: &lt;py._xmlgen.raw object at 0x7fb29d8e7cf8&gt;</skipped></testcase><testcase classname="src.pymortests.function" file="src/pymortests/function.py" line="68" name="test_pickle_by_evaluation[function0]" time="0.0004146099090576172"><skipped message="Suite splitting in effect" type="pytest.skip">src/pymortests/function.py:68: &lt;py._xmlgen.raw object at 0x7fb29d8e76d8&gt;</skipped></testcase><testcase classname="src.pymortests.function" file="src/pymortests/function.py" line="68" name="test_pickle_by_evaluation[function1]" time="0.00046062469482421875"><skipped message="Suite splitting in effect" type="pytest.skip">src/pymortests/function.py:68: &lt;py._xmlgen.raw object at 0x7fb29d8f30b8&gt;</skipped></testcase><testcase classname="src.pymortests.function" file="src/pymortests/function.py" line="68" name="test_pickle_by_evaluation[function2]" time="0.0007414817810058594"><skipped message="Suite splitting in effect" type="pytest.skip">src/pymortests/function.py:68: &lt;py._xmlgen.raw object at 0x7fb29d8e7da0&gt;</skipped></testcase><testcase classname="src.pymortests.function" file="src/pymortests/function.py" line="68" name="test_pickle_by_evaluation[function3]" time="0.0004229545593261719"><skipped message="Suite splitting in effect" type="pytest.skip">src/pymortests/function.py:68: &lt;py._xmlgen.raw object at 0x7fb29d8e7a20&gt;</skipped></testcase><testcase classname="src.pymortests.function" file="src/pymortests/function.py" line="68" name="test_pickle_by_evaluation[function4]" time="0.00042176246643066406"><skipped message="Suite splitting in effect" type="pytest.skip">src/pymortests/function.py:68: &lt;py._xmlgen.raw object at 0x7fb2c7730748&gt;</skipped></testcase><testcase classname="src.pymortests.function" file="src/pymortests/function.py" line="68" name="test_pickle_by_evaluation[function5]" time="0.0004298686981201172"><skipped message="Suite splitting in effect" type="pytest.skip">src/pymortests/function.py:68: &lt;py._xmlgen.raw object at 0x7fb2c7745ba8&gt;</skipped></testcase><testcase classname="src.pymortests.function" file="src/pymortests/function.py" line="68" name="test_pickle_by_evaluation[function6]" time="0.0004487037658691406"><skipped message="Suite splitting in effect" type="pytest.skip">src/pymortests/function.py:68: &lt;py._xmlgen.raw object at 0x7fb29d8de3c8&gt;</skipped></testcase><testcase classname="src.pymortests.function" file="src/pymortests/function.py" line="68" name="test_pickle_by_evaluation[function7]" time="0.00046324729919433594"><skipped message="Suite splitting in effect" type="pytest.skip">src/pymortests/function.py:68: &lt;py._xmlgen.raw object at 0x7fb29d942160&gt;</skipped></testcase><testcase classname="src.pymortests.function" file="src/pymortests/function.py" line="68" name="test_pickle_by_evaluation[function8]" time="0.0004487037658691406"><skipped message="Suite splitting in effect" type="pytest.skip">src/pymortests/function.py:68: &lt;py._xmlgen.raw object at 0x7fb29d8d38d0&gt;</skipped></testcase><testcase classname="src.pymortests.function" file="src/pymortests/function.py" line="68" name="test_pickle_by_evaluation[function9]" time="0.00043272972106933594"><skipped message="Suite splitting in effect" type="pytest.skip">src/pymortests/function.py:68: &lt;py._xmlgen.raw object at 0x7fb29d8f35f8&gt;</skipped></testcase><testcase classname="src.pymortests.function" file="src/pymortests/function.py" line="68" name="test_pickle_by_evaluation[function10]" time="0.0007033348083496094"><skipped message="Suite splitting in effect" type="pytest.skip">src/pymortests/function.py:68: &lt;py._xmlgen.raw object at 0x7fb29d8d33c8&gt;</skipped></testcase><testcase classname="src.pymortests.function" file="src/pymortests/function.py" line="68" name="test_pickle_by_evaluation[function11]" time="0.0004475116729736328"><skipped message="Suite splitting in effect" type="pytest.skip">src/pymortests/function.py:68: &lt;py._xmlgen.raw object at 0x7fb29d9420b8&gt;</skipped></testcase><testcase classname="src.pymortests.grid" file="src/pymortests/grid.py" line="28" name="test_dim[&lt;lambda&gt;0]" time="0.0005002021789550781"><skipped message="Suite splitting in effect" type="pytest.skip">src/pymortests/grid.py:28: &lt;py._xmlgen.raw object at 0x7fb2c7745e10&gt;</skipped></testcase><testcase classname="src.pymortests.grid" file="src/pymortests/grid.py" line="28" name="test_dim[&lt;lambda&gt;1]" time="0.0004165172576904297"><skipped message="Suite splitting in effect" type="pytest.skip">src/pymortests/grid.py:28: &lt;py._xmlgen.raw object at 0x7fb2c77b0908&gt;</skipped></testcase><testcase classname="src.pymortests.grid" file="src/pymortests/grid.py" line="28" name="test_dim[&lt;lambda&gt;2]" time="0.00043582916259765625"><skipped message="Suite splitting in effect" type="pytest.skip">src/pymortests/grid.py:28: &lt;py._xmlgen.raw object at 0x7fb29d8e7940&gt;</skipped></testcase><testcase classname="src.pymortests.grid" file="src/pymortests/grid.py" line="28" name="test_dim[&lt;lambda&gt;3]" time="0.0004162788391113281"><skipped message="Suite splitting in effect" type="pytest.skip">src/pymortests/grid.py:28: &lt;py._xmlgen.raw object at 0x7fb29d8e7e10&gt;</skipped></testcase><testcase classname="src.pymortests.grid" file="src/pymortests/grid.py" line="28" name="test_dim[&lt;lambda&gt;4]" time="0.0004658699035644531"><skipped message="Suite splitting in effect" type="pytest.skip">src/pymortests/grid.py:28: &lt;py._xmlgen.raw object at 0x7fb29d8f34e0&gt;</skipped></testcase><testcase classname="src.pymortests.grid" file="src/pymortests/grid.py" line="28" name="test_dim[&lt;lambda&gt;5]" time="0.00043082237243652344"><skipped message="Suite splitting in effect" type="pytest.skip">src/pymortests/grid.py:28: &lt;py._xmlgen.raw object at 0x7fb29d8f3eb8&gt;</skipped></testcase><testcase classname="src.pymortests.grid" file="src/pymortests/grid.py" line="28" name="test_dim[&lt;lambda&gt;6]" time="0.0004515647888183594"><skipped message="Suite splitting in effect" type="pytest.skip">src/pymortests/grid.py:28: &lt;py._xmlgen.raw object at 0x7fb29d8fe438&gt;</skipped></testcase><testcase classname="src.pymortests.grid" file="src/pymortests/grid.py" line="28" name="test_dim[&lt;lambda&gt;7]" time="0.0004227161407470703"><skipped message="Suite splitting in effect" type="pytest.skip">src/pymortests/grid.py:28: &lt;py._xmlgen.raw object at 0x7fb29d8f3630&gt;</skipped></testcase><testcase classname="src.pymortests.grid" file="src/pymortests/grid.py" line="28" name="test_dim[&lt;lambda&gt;8]" time="0.0004973411560058594"><skipped message="Suite splitting in effect" type="pytest.skip">src/pymortests/grid.py:28: &lt;py._xmlgen.raw object at 0x7fb29d8e74e0&gt;</skipped></testcase><testcase classname="src.pymortests.grid" file="src/pymortests/grid.py" line="28" name="test_dim[&lt;lambda&gt;9]" time="0.0004513263702392578"><skipped message="Suite splitting in effect" type="pytest.skip">src/pymortests/grid.py:28: &lt;py._xmlgen.raw object at 0x7fb2c7760a90&gt;</skipped></testcase><testcase classname="src.pymortests.grid" file="src/pymortests/grid.py" line="28" name="test_dim[&lt;lambda&gt;10]" time="0.00042557716369628906"><skipped message="Suite splitting in effect" type="pytest.skip">src/pymortests/grid.py:28: &lt;py._xmlgen.raw object at 0x7fb2c761d128&gt;</skipped></testcase><testcase classname="src.pymortests.grid" file="src/pymortests/grid.py" line="28" name="test_dim[&lt;lambda&gt;11]" time="0.00043082237243652344"><skipped message="Suite splitting in effect" type="pytest.skip">src/pymortests/grid.py:28: &lt;py._xmlgen.raw object at 0x7fb29d8de6d8&gt;</skipped></testcase><testcase classname="src.pymortests.grid" file="src/pymortests/grid.py" line="28" name="test_dim[&lt;lambda&gt;12]" time="0.0004825592041015625"><skipped message="Suite splitting in effect" type="pytest.skip">src/pymortests/grid.py:28: &lt;py._xmlgen.raw object at 0x7fb29d8d3128&gt;</skipped></testcase><testcase classname="src.pymortests.grid" file="src/pymortests/grid.py" line="28" name="test_dim[&lt;lambda&gt;13]" time="0.0004394054412841797"><skipped message="Suite splitting in effect" type="pytest.skip">src/pymortests/grid.py:28: &lt;py._xmlgen.raw object at 0x7fb29d8fe7b8&gt;</skipped></testcase><testcase classname="src.pymortests.grid" file="src/pymortests/grid.py" line="28" name="test_dim[&lt;lambda&gt;14]" time="0.0007870197296142578"><skipped message="Suite splitting in effect" type="pytest.skip">src/pymortests/grid.py:28: &lt;py._xmlgen.raw object at 0x7fb29d8fecf8&gt;</skipped></testcase><testcase classname="src.pymortests.grid" file="src/pymortests/grid.py" line="28" name="test_dim[&lt;lambda&gt;15]" time="0.00044918060302734375"><skipped message="Suite splitting in effect" type="pytest.skip">src/pymortests/grid.py:28: &lt;py._xmlgen.raw object at 0x7fb29d8deeb8&gt;</skipped></testcase><testcase classname="src.pymortests.grid" file="src/pymortests/grid.py" line="28" name="test_dim[&lt;lambda&gt;16]" time="0.00046253204345703125"><skipped message="Suite splitting in effect" type="pytest.skip">src/pymortests/grid.py:28: &lt;py._xmlgen.raw object at 0x7fb2c77be1d0&gt;</skipped></testcase><testcase classname="src.pymortests.grid" file="src/pymortests/grid.py" line="28" name="test_dim[&lt;lambda&gt;17]" time="0.0004181861877441406"><skipped message="Suite splitting in effect" type="pytest.skip">src/pymortests/grid.py:28: &lt;py._xmlgen.raw object at 0x7fb2c7530fd0&gt;</skipped></testcase><testcase classname="src.pymortests.grid" file="src/pymortests/grid.py" line="28" name="test_dim[&lt;lambda&gt;18]" time="0.00044846534729003906"><skipped message="Suite splitting in effect" type="pytest.skip">src/pymortests/grid.py:28: &lt;py._xmlgen.raw object at 0x7fb29d8e74e0&gt;</skipped></testcase><testcase classname="src.pymortests.grid" file="src/pymortests/grid.py" line="28" name="test_dim[&lt;lambda&gt;19]" time="0.0004582405090332031"><skipped message="Suite splitting in effect" type="pytest.skip">src/pymortests/grid.py:28: &lt;py._xmlgen.raw object at 0x7fb29d8f3eb8&gt;</skipped></testcase><testcase classname="src.pymortests.grid" file="src/pymortests/grid.py" line="28" name="test_dim[&lt;lambda&gt;20]" time="0.0004787445068359375"><skipped message="Suite splitting in effect" type="pytest.skip">src/pymortests/grid.py:28: &lt;py._xmlgen.raw object at 0x7fb29d8fea58&gt;</skipped></testcase><testcase classname="src.pymortests.grid" file="src/pymortests/grid.py" line="28" name="test_dim[&lt;lambda&gt;21]" time="0.00045752525329589844"><skipped message="Suite splitting in effect" type="pytest.skip">src/pymortests/grid.py:28: &lt;py._xmlgen.raw object at 0x7fb29d8fe6d8&gt;</skipped></testcase><testcase classname="src.pymortests.grid" file="src/pymortests/grid.py" line="28" name="test_dim[&lt;lambda&gt;22]" time="0.0004661083221435547"><skipped message="Suite splitting in effect" type="pytest.skip">src/pymortests/grid.py:28: &lt;py._xmlgen.raw object at 0x7fb29d906358&gt;</skipped></testcase><testcase classname="src.pymortests.grid" file="src/pymortests/grid.py" line="28" name="test_dim[&lt;lambda&gt;23]" time="0.0004456043243408203"><skipped message="Suite splitting in effect" type="pytest.skip">src/pymortests/grid.py:28: &lt;py._xmlgen.raw object at 0x7fb29d8fe5c0&gt;</skipped></testcase><testcase classname="src.pymortests.grid" file="src/pymortests/grid.py" line="28" name="test_dim[&lt;lambda&gt;24]" time="0.0004696846008300781"><skipped message="Suite splitting in effect" type="pytest.skip">src/pymortests/grid.py:28: &lt;py._xmlgen.raw object at 0x7fb29d8f3c18&gt;</skipped></testcase><testcase classname="src.pymortests.grid" file="src/pymortests/grid.py" line="28" name="test_dim[&lt;lambda&gt;25]" time="0.0004942417144775391"><skipped message="Suite splitting in effect" type="pytest.skip">src/pymortests/grid.py:28: &lt;py._xmlgen.raw object at 0x7fb29d8e7438&gt;</skipped></testcase><testcase classname="src.pymortests.grid" file="src/pymortests/grid.py" line="28" name="test_dim[&lt;lambda&gt;26]" time="0.00043511390686035156"><skipped message="Suite splitting in effect" type="pytest.skip">src/pymortests/grid.py:28: &lt;py._xmlgen.raw object at 0x7fb2c77562e8&gt;</skipped></testcase><testcase classname="src.pymortests.grid" file="src/pymortests/grid.py" line="28" name="test_dim[&lt;lambda&gt;27]" time="0.0005321502685546875"><skipped message="Suite splitting in effect" type="pytest.skip">src/pymortests/grid.py:28: &lt;py._xmlgen.raw object at 0x7fb29d964eb8&gt;</skipped></testcase><testcase classname="src.pymortests.grid" file="src/pymortests/grid.py" line="28" name="test_dim[&lt;lambda&gt;28]" time="0.0004324913024902344"><skipped message="Suite splitting in effect" type="pytest.skip">src/pymortests/grid.py:28: &lt;py._xmlgen.raw object at 0x7fb29d96c898&gt;</skipped></testcase><testcase classname="src.pymortests.grid" file="src/pymortests/grid.py" line="28" name="test_dim[&lt;lambda&gt;29]" time="0.00045418739318847656"><skipped message="Suite splitting in effect" type="pytest.skip">src/pymortests/grid.py:28: &lt;py._xmlgen.raw object at 0x7fb29d9060b8&gt;</skipped></testcase><testcase classname="src.pymortests.grid" file="src/pymortests/grid.py" line="28" name="test_dim[&lt;lambda&gt;30]" time="0.0005066394805908203"><skipped message="Suite splitting in effect" type="pytest.skip">src/pymortests/grid.py:28: &lt;py._xmlgen.raw object at 0x7fb29d906860&gt;</skipped></testcase><testcase classname="src.pymortests.grid" file="src/pymortests/grid.py" line="28" name="test_dim[&lt;lambda&gt;31]" time="0.00046753883361816406"><skipped message="Suite splitting in effect" type="pytest.skip">src/pymortests/grid.py:28: &lt;py._xmlgen.raw object at 0x7fb29d8de518&gt;</skipped></testcase><testcase classname="src.pymortests.grid" file="src/pymortests/grid.py" line="28" name="test_dim[&lt;lambda&gt;32]" time="0.0004930496215820312"><skipped message="Suite splitting in effect" type="pytest.skip">src/pymortests/grid.py:28: &lt;py._xmlgen.raw object at 0x7fb2c7760828&gt;</skipped></testcase><testcase classname="src.pymortests.grid" file="src/pymortests/grid.py" line="28" name="test_dim[&lt;lambda&gt;33]" time="0.0004456043243408203"><skipped message="Suite splitting in effect" type="pytest.skip">src/pymortests/grid.py:28: &lt;py._xmlgen.raw object at 0x7fb2c7549128&gt;</skipped></testcase><testcase classname="src.pymortests.grid" file="src/pymortests/grid.py" line="28" name="test_dim[&lt;lambda&gt;34]" time="0.0004582405090332031"><skipped message="Suite splitting in effect" type="pytest.skip">src/pymortests/grid.py:28: &lt;py._xmlgen.raw object at 0x7fb29d8f36a0&gt;</skipped></testcase><testcase classname="src.pymortests.grid" file="src/pymortests/grid.py" line="28" name="test_dim[&lt;lambda&gt;35]" time="0.00041675567626953125"><skipped message="Suite splitting in effect" type="pytest.skip">src/pymortests/grid.py:28: &lt;py._xmlgen.raw object at 0x7fb29d8fedd8&gt;</skipped></testcase><testcase classname="src.pymortests.grid" file="src/pymortests/grid.py" line="28" name="test_dim[&lt;lambda&gt;36]" time="0.0004374980926513672"><skipped message="Suite splitting in effect" type="pytest.skip">src/pymortests/grid.py:28: &lt;py._xmlgen.raw object at 0x7fb29d9069e8&gt;</skipped></testcase><testcase classname="src.pymortests.grid" file="src/pymortests/grid.py" line="28" name="test_dim[&lt;lambda&gt;37]" time="0.00043010711669921875"><skipped message="Suite splitting in effect" type="pytest.skip">src/pymortests/grid.py:28: &lt;py._xmlgen.raw object at 0x7fb29d906128&gt;</skipped></testcase><testcase classname="src.pymortests.grid" file="src/pymortests/grid.py" line="28" name="test_dim[&lt;lambda&gt;38]" time="0.0004684925079345703"><skipped message="Suite splitting in effect" type="pytest.skip">src/pymortests/grid.py:28: &lt;py._xmlgen.raw object at 0x7fb29d906da0&gt;</skipped></testcase><testcase classname="src.pymortests.grid" file="src/pymortests/grid.py" line="28" name="test_dim[&lt;lambda&gt;39]" time="0.0007205009460449219"><skipped message="Suite splitting in effect" type="pytest.skip">src/pymortests/grid.py:28: &lt;py._xmlgen.raw object at 0x7fb29d906b70&gt;</skipped></testcase><testcase classname="src.pymortests.grid" file="src/pymortests/grid.py" line="28" name="test_dim[&lt;lambda&gt;40]" time="0.0004990100860595703"><skipped message="Suite splitting in effect" type="pytest.skip">src/pymortests/grid.py:28: &lt;py._xmlgen.raw object at 0x7fb29d906278&gt;</skipped></testcase><testcase classname="src.pymortests.grid" file="src/pymortests/grid.py" line="28" name="test_dim[&lt;lambda&gt;41]" time="0.0004143714904785156"><skipped message="Suite splitting in effect" type="pytest.skip">src/pymortests/grid.py:28: &lt;py._xmlgen.raw object at 0x7fb29d8fea58&gt;</skipped></testcase><testcase classname="src.pymortests.grid" file="src/pymortests/grid.py" line="28" name="test_dim[&lt;lambda&gt;42]" time="0.00042366981506347656"><skipped message="Suite splitting in effect" type="pytest.skip">src/pymortests/grid.py:28: &lt;py._xmlgen.raw object at 0x7fb29d8f3160&gt;</skipped></testcase><testcase classname="src.pymortests.grid" file="src/pymortests/grid.py" line="34" name="test_size[&lt;lambda&gt;0]" time="0.00045013427734375"><skipped message="Suite splitting in effect" type="pytest.skip">src/pymortests/grid.py:34: &lt;py._xmlgen.raw object at 0x7fb2c7549390&gt;</skipped></testcase><testcase classname="src.pymortests.grid" file="src/pymortests/grid.py" line="34" name="test_size[&lt;lambda&gt;1]" time="0.0004374980926513672"><skipped message="Suite splitting in effect" type="pytest.skip">src/pymortests/grid.py:34: &lt;py._xmlgen.raw object at 0x7fb2c7745ba8&gt;</skipped></testcase><testcase classname="src.pymortests.grid" file="src/pymortests/grid.py" line="34" name="test_size[&lt;lambda&gt;2]" time="0.00044155120849609375"><skipped message="Suite splitting in effect" type="pytest.skip">src/pymortests/grid.py:34: &lt;py._xmlgen.raw object at 0x7fb29d96cc50&gt;</skipped></testcase><testcase classname="src.pymortests.grid" file="src/pymortests/grid.py" line="34" name="test_size[&lt;lambda&gt;3]" time="0.0004565715789794922"><skipped message="Suite splitting in effect" type="pytest.skip">src/pymortests/grid.py:34: &lt;py._xmlgen.raw object at 0x7fb29d891320&gt;</skipped></testcase><testcase classname="src.pymortests.grid" file="src/pymortests/grid.py" line="34" name="test_size[&lt;lambda&gt;4]" time="0.0007121562957763672"><skipped message="Suite splitting in effect" type="pytest.skip">src/pymortests/grid.py:34: &lt;py._xmlgen.raw object at 0x7fb29d954240&gt;</skipped></testcase><testcase classname="src.pymortests.grid" file="src/pymortests/grid.py" line="34" name="test_size[&lt;lambda&gt;5]" time="0.00042438507080078125"><skipped message="Suite splitting in effect" type="pytest.skip">src/pymortests/grid.py:34: &lt;py._xmlgen.raw object at 0x7fb2c7745ba8&gt;</skipped></testcase><testcase classname="src.pymortests.grid" file="src/pymortests/grid.py" line="34" name="test_size[&lt;lambda&gt;6]" time="0.00041747093200683594"><skipped message="Suite splitting in effect" type="pytest.skip">src/pymortests/grid.py:34: &lt;py._xmlgen.raw object at 0x7fb2c75b4780&gt;</skipped></testcase><testcase classname="src.pymortests.grid" file="src/pymortests/grid.py" line="34" name="test_size[&lt;lambda&gt;7]" time="0.0004143714904785156"><skipped message="Suite splitting in effect" type="pytest.skip">src/pymortests/grid.py:34: &lt;py._xmlgen.raw object at 0x7fb29d8f3d68&gt;</skipped></testcase><testcase classname="src.pymortests.grid" file="src/pymortests/grid.py" line="34" name="test_size[&lt;lambda&gt;8]" time="0.0004134178161621094"><skipped message="Suite splitting in effect" type="pytest.skip">src/pymortests/grid.py:34: &lt;py._xmlgen.raw object at 0x7fb29d8feeb8&gt;</skipped></testcase><testcase classname="src.pymortests.grid" file="src/pymortests/grid.py" line="34" name="test_size[&lt;lambda&gt;9]" time="0.00043702125549316406"><skipped message="Suite splitting in effect" type="pytest.skip">src/pymortests/grid.py:34: &lt;py._xmlgen.raw object at 0x7fb29d906588&gt;</skipped></testcase><testcase classname="src.pymortests.grid" file="src/pymortests/grid.py" line="34" name="test_size[&lt;lambda&gt;10]" time="0.0004138946533203125"><skipped message="Suite splitting in effect" type="pytest.skip">src/pymortests/grid.py:34: &lt;py._xmlgen.raw object at 0x7fb29d891160&gt;</skipped></testcase><testcase classname="src.pymortests.grid" file="src/pymortests/grid.py" line="34" name="test_size[&lt;lambda&gt;11]" time="0.00045561790466308594"><skipped message="Suite splitting in effect" type="pytest.skip">src/pymortests/grid.py:34: &lt;py._xmlgen.raw object at 0x7fb29d891be0&gt;</skipped></testcase><testcase classname="src.pymortests.grid" file="src/pymortests/grid.py" line="34" name="test_size[&lt;lambda&gt;12]" time="0.00047135353088378906"><skipped message="Suite splitting in effect" type="pytest.skip">src/pymortests/grid.py:34: &lt;py._xmlgen.raw object at 0x7fb2c75b4128&gt;</skipped></testcase><testcase classname="src.pymortests.grid" file="src/pymortests/grid.py" line="34" name="test_size[&lt;lambda&gt;13]" time="0.0004391670227050781"><skipped message="Suite splitting in effect" type="pytest.skip">src/pymortests/grid.py:34: &lt;py._xmlgen.raw object at 0x7fb29d942160&gt;</skipped></testcase><testcase classname="src.pymortests.grid" file="src/pymortests/grid.py" line="34" name="test_size[&lt;lambda&gt;14]" time="0.00046372413635253906"><skipped message="Suite splitting in effect" type="pytest.skip">src/pymortests/grid.py:34: &lt;py._xmlgen.raw object at 0x7fb29d8de0b8&gt;</skipped></testcase><testcase classname="src.pymortests.grid" file="src/pymortests/grid.py" line="34" name="test_size[&lt;lambda&gt;15]" time="0.0004611015319824219"><skipped message="Suite splitting in effect" type="pytest.skip">src/pymortests/grid.py:34: &lt;py._xmlgen.raw object at 0x7fb29d891240&gt;</skipped></testcase><testcase classname="src.pymortests.grid" file="src/pymortests/grid.py" line="34" name="test_size[&lt;lambda&gt;16]" time="0.00045752525329589844"><skipped message="Suite splitting in effect" type="pytest.skip">src/pymortests/grid.py:34: &lt;py._xmlgen.raw object at 0x7fb29d8916d8&gt;</skipped></testcase><testcase classname="src.pymortests.grid" file="src/pymortests/grid.py" line="34" name="test_size[&lt;lambda&gt;17]" time="0.000461578369140625"><skipped message="Suite splitting in effect" type="pytest.skip">src/pymortests/grid.py:34: &lt;py._xmlgen.raw object at 0x7fb29d906cc0&gt;</skipped></testcase><testcase classname="src.pymortests.grid" file="src/pymortests/grid.py" line="34" name="test_size[&lt;lambda&gt;18]" time="0.0004451274871826172"><skipped message="Suite splitting in effect" type="pytest.skip">src/pymortests/grid.py:34: &lt;py._xmlgen.raw object at 0x7fb29d8fe7b8&gt;</skipped></testcase><testcase classname="src.pymortests.grid" file="src/pymortests/grid.py" line="34" name="test_size[&lt;lambda&gt;19]" time="0.0004329681396484375"><skipped message="Suite splitting in effect" type="pytest.skip">src/pymortests/grid.py:34: &lt;py._xmlgen.raw object at 0x7fb29d8fe438&gt;</skipped></testcase><testcase classname="src.pymortests.grid" file="src/pymortests/grid.py" line="34" name="test_size[&lt;lambda&gt;20]" time="0.0004496574401855469"><skipped message="Suite splitting in effect" type="pytest.skip">src/pymortests/grid.py:34: &lt;py._xmlgen.raw object at 0x7fb29d8f3e10&gt;</skipped></testcase><testcase classname="src.pymortests.grid" file="src/pymortests/grid.py" line="34" name="test_size[&lt;lambda&gt;21]" time="0.00043010711669921875"><skipped message="Suite splitting in effect" type="pytest.skip">src/pymortests/grid.py:34: &lt;py._xmlgen.raw object at 0x7fb29d8fedd8&gt;</skipped></testcase><testcase classname="src.pymortests.grid" file="src/pymortests/grid.py" line="34" name="test_size[&lt;lambda&gt;22]" time="0.0006368160247802734"><skipped message="Suite splitting in effect" type="pytest.skip">src/pymortests/grid.py:34: &lt;py._xmlgen.raw object at 0x7fb29d906e10&gt;</skipped></testcase><testcase classname="src.pymortests.grid" file="src/pymortests/grid.py" line="34" name="test_size[&lt;lambda&gt;23]" time="0.0004429817199707031"><skipped message="Suite splitting in effect" type="pytest.skip">src/pymortests/grid.py:34: &lt;py._xmlgen.raw object at 0x7fb29d9065f8&gt;</skipped></testcase><testcase classname="src.pymortests.grid" file="src/pymortests/grid.py" line="34" name="test_size[&lt;lambda&gt;24]" time="0.0004582405090332031"><skipped message="Suite splitting in effect" type="pytest.skip">src/pymortests/grid.py:34: &lt;py._xmlgen.raw object at 0x7fb29d8914a8&gt;</skipped></testcase><testcase classname="src.pymortests.grid" file="src/pymortests/grid.py" line="34" name="test_size[&lt;lambda&gt;25]" time="0.00046563148498535156"><skipped message="Suite splitting in effect" type="pytest.skip">src/pymortests/grid.py:34: &lt;py._xmlgen.raw object at 0x7fb2c7530668&gt;</skipped></testcase><testcase classname="src.pymortests.grid" file="src/pymortests/grid.py" line="34" name="test_size[&lt;lambda&gt;26]" time="0.0004901885986328125"><skipped message="Suite splitting in effect" type="pytest.skip">src/pymortests/grid.py:34: &lt;py._xmlgen.raw object at 0x7fb29d964eb8&gt;</skipped></testcase><testcase classname="src.pymortests.grid" file="src/pymortests/grid.py" line="34" name="test_size[&lt;lambda&gt;27]" time="0.0004477500915527344"><skipped message="Suite splitting in effect" type="pytest.skip">src/pymortests/grid.py:34: &lt;py._xmlgen.raw object at 0x7fb29d8f31d0&gt;</skipped></testcase><testcase classname="src.pymortests.grid" file="src/pymortests/grid.py" line="34" name="test_size[&lt;lambda&gt;28]" time="0.0004687309265136719"><skipped message="Suite splitting in effect" type="pytest.skip">src/pymortests/grid.py:34: &lt;py._xmlgen.raw object at 0x7fb2c7760a90&gt;</skipped></testcase><testcase classname="src.pymortests.grid" file="src/pymortests/grid.py" line="34" name="test_size[&lt;lambda&gt;29]" time="0.0007987022399902344"><skipped message="Suite splitting in effect" type="pytest.skip">src/pymortests/grid.py:34: &lt;py._xmlgen.raw object at 0x7fb29d8f3978&gt;</skipped></testcase><testcase classname="src.pymortests.grid" file="src/pymortests/grid.py" line="34" name="test_size[&lt;lambda&gt;30]" time="0.0004477500915527344"><skipped message="Suite splitting in effect" type="pytest.skip">src/pymortests/grid.py:34: &lt;py._xmlgen.raw object at 0x7fb2c7549ba8&gt;</skipped></testcase><testcase classname="src.pymortests.grid" file="src/pymortests/grid.py" line="34" name="test_size[&lt;lambda&gt;31]" time="0.000469207763671875"><skipped message="Suite splitting in effect" type="pytest.skip">src/pymortests/grid.py:34: &lt;py._xmlgen.raw object at 0x7fb2c7530b00&gt;</skipped></testcase><testcase classname="src.pymortests.grid" file="src/pymortests/grid.py" line="34" name="test_size[&lt;lambda&gt;32]" time="0.0004432201385498047"><skipped message="Suite splitting in effect" type="pytest.skip">src/pymortests/grid.py:34: &lt;py._xmlgen.raw object at 0x7fb29d891518&gt;</skipped></testcase><testcase classname="src.pymortests.grid" file="src/pymortests/grid.py" line="34" name="test_size[&lt;lambda&gt;33]" time="0.0004265308380126953"><skipped message="Suite splitting in effect" type="pytest.skip">src/pymortests/grid.py:34: &lt;py._xmlgen.raw object at 0x7fb29d906ac8&gt;</skipped></testcase><testcase classname="src.pymortests.grid" file="src/pymortests/grid.py" line="34" name="test_size[&lt;lambda&gt;34]" time="0.00044727325439453125"><skipped message="Suite splitting in effect" type="pytest.skip">src/pymortests/grid.py:34: &lt;py._xmlgen.raw object at 0x7fb2c7686710&gt;</skipped></testcase><testcase classname="src.pymortests.grid" file="src/pymortests/grid.py" line="34" name="test_size[&lt;lambda&gt;35]" time="0.00044536590576171875"><skipped message="Suite splitting in effect" type="pytest.skip">src/pymortests/grid.py:34: &lt;py._xmlgen.raw object at 0x7fb29d8fedd8&gt;</skipped></testcase><testcase classname="src.pymortests.grid" file="src/pymortests/grid.py" line="34" name="test_size[&lt;lambda&gt;36]" time="0.00042438507080078125"><skipped message="Suite splitting in effect" type="pytest.skip">src/pymortests/grid.py:34: &lt;py._xmlgen.raw object at 0x7fb29d8e7d68&gt;</skipped></testcase><testcase classname="src.pymortests.grid" file="src/pymortests/grid.py" line="34" name="test_size[&lt;lambda&gt;37]" time="0.0007607936859130859"><skipped message="Suite splitting in effect" type="pytest.skip">src/pymortests/grid.py:34: &lt;py._xmlgen.raw object at 0x7fb29d8e7710&gt;</skipped></testcase><testcase classname="src.pymortests.grid" file="src/pymortests/grid.py" line="34" name="test_size[&lt;lambda&gt;38]" time="0.00046062469482421875"><skipped message="Suite splitting in effect" type="pytest.skip">src/pymortests/grid.py:34: &lt;py._xmlgen.raw object at 0x7fb29d8febe0&gt;</skipped></testcase><testcase classname="src.pymortests.grid" file="src/pymortests/grid.py" line="34" name="test_size[&lt;lambda&gt;39]" time="0.0004191398620605469"><skipped message="Suite splitting in effect" type="pytest.skip">src/pymortests/grid.py:34: &lt;py._xmlgen.raw object at 0x7fb29d9062b0&gt;</skipped></testcase><testcase classname="src.pymortests.grid" file="src/pymortests/grid.py" line="34" name="test_size[&lt;lambda&gt;40]" time="0.0004391670227050781"><skipped message="Suite splitting in effect" type="pytest.skip">src/pymortests/grid.py:34: &lt;py._xmlgen.raw object at 0x7fb29d8de0b8&gt;</skipped></testcase><testcase classname="src.pymortests.grid" file="src/pymortests/grid.py" line="34" name="test_size[&lt;lambda&gt;41]" time="0.0004487037658691406"><skipped message="Suite splitting in effect" type="pytest.skip">src/pymortests/grid.py:34: &lt;py._xmlgen.raw object at 0x7fb29d891be0&gt;</skipped></testcase><testcase classname="src.pymortests.grid" file="src/pymortests/grid.py" line="34" name="test_size[&lt;lambda&gt;42]" time="0.00048804283142089844"><skipped message="Suite splitting in effect" type="pytest.skip">src/pymortests/grid.py:34: &lt;py._xmlgen.raw object at 0x7fb29d964eb8&gt;</skipped></testcase><testcase classname="src.pymortests.grid" file="src/pymortests/grid.py" line="44" name="test_subentities_wrong_arguments[&lt;lambda&gt;0]" time="0.0004360675811767578"><skipped message="Suite splitting in effect" type="pytest.skip">src/pymortests/grid.py:44: &lt;py._xmlgen.raw object at 0x7fb29d8f3a20&gt;</skipped></testcase><testcase classname="src.pymortests.grid" file="src/pymortests/grid.py" line="44" name="test_subentities_wrong_arguments[&lt;lambda&gt;1]" time="0.00042700767517089844"><skipped message="Suite splitting in effect" type="pytest.skip">src/pymortests/grid.py:44: &lt;py._xmlgen.raw object at 0x7fb29d89a4a8&gt;</skipped></testcase><testcase classname="src.pymortests.grid" file="src/pymortests/grid.py" line="44" name="test_subentities_wrong_arguments[&lt;lambda&gt;2]" time="0.0007314682006835938"><skipped message="Suite splitting in effect" type="pytest.skip">src/pymortests/grid.py:44: &lt;py._xmlgen.raw object at 0x7fb29d89a9e8&gt;</skipped></testcase><testcase classname="src.pymortests.grid" file="src/pymortests/grid.py" line="44" name="test_subentities_wrong_arguments[&lt;lambda&gt;3]" time="0.0004248619079589844"><skipped message="Suite splitting in effect" type="pytest.skip">src/pymortests/grid.py:44: &lt;py._xmlgen.raw object at 0x7fb2c75497f0&gt;</skipped></testcase><testcase classname="src.pymortests.grid" file="src/pymortests/grid.py" line="44" name="test_subentities_wrong_arguments[&lt;lambda&gt;4]" time="0.0004317760467529297"><skipped message="Suite splitting in effect" type="pytest.skip">src/pymortests/grid.py:44: &lt;py._xmlgen.raw object at 0x7fb29d891828&gt;</skipped></testcase><testcase classname="src.pymortests.grid" file="src/pymortests/grid.py" line="44" name="test_subentities_wrong_arguments[&lt;lambda&gt;5]" time="0.00044155120849609375"><skipped message="Suite splitting in effect" type="pytest.skip">src/pymortests/grid.py:44: &lt;py._xmlgen.raw object at 0x7fb29d906f60&gt;</skipped></testcase><testcase classname="src.pymortests.grid" file="src/pymortests/grid.py" line="44" name="test_subentities_wrong_arguments[&lt;lambda&gt;6]" time="0.0004916191101074219"><skipped message="Suite splitting in effect" type="pytest.skip">src/pymortests/grid.py:44: &lt;py._xmlgen.raw object at 0x7fb2c7686cc0&gt;</skipped></testcase><testcase classname="src.pymortests.grid" file="src/pymortests/grid.py" line="44" name="test_subentities_wrong_arguments[&lt;lambda&gt;7]" time="0.0004794597625732422"><skipped message="Suite splitting in effect" type="pytest.skip">src/pymortests/grid.py:44: &lt;py._xmlgen.raw object at 0x7fb29d8fe438&gt;</skipped></testcase><testcase classname="src.pymortests.grid" file="src/pymortests/grid.py" line="44" name="test_subentities_wrong_arguments[&lt;lambda&gt;8]" time="0.0004508495330810547"><skipped message="Suite splitting in effect" type="pytest.skip">src/pymortests/grid.py:44: &lt;py._xmlgen.raw object at 0x7fb29d89a550&gt;</skipped></testcase><testcase classname="src.pymortests.grid" file="src/pymortests/grid.py" line="44" name="test_subentities_wrong_arguments[&lt;lambda&gt;9]" time="0.0004322528839111328"><skipped message="Suite splitting in effect" type="pytest.skip">src/pymortests/grid.py:44: &lt;py._xmlgen.raw object at 0x7fb29d89a358&gt;</skipped></testcase><testcase classname="src.pymortests.grid" file="src/pymortests/grid.py" line="44" name="test_subentities_wrong_arguments[&lt;lambda&gt;10]" time="0.0007944107055664062"><skipped message="Suite splitting in effect" type="pytest.skip">src/pymortests/grid.py:44: &lt;py._xmlgen.raw object at 0x7fb29d89af28&gt;</skipped></testcase><testcase classname="src.pymortests.grid" file="src/pymortests/grid.py" line="44" name="test_subentities_wrong_arguments[&lt;lambda&gt;11]" time="0.0004267692565917969"><skipped message="Suite splitting in effect" type="pytest.skip">src/pymortests/grid.py:44: &lt;py._xmlgen.raw object at 0x7fb29d89add8&gt;</skipped></testcase><testcase classname="src.pymortests.grid" file="src/pymortests/grid.py" line="44" name="test_subentities_wrong_arguments[&lt;lambda&gt;12]" time="0.0004363059997558594"><skipped message="Suite splitting in effect" type="pytest.skip">src/pymortests/grid.py:44: &lt;py._xmlgen.raw object at 0x7fb29d89a748&gt;</skipped></testcase><testcase classname="src.pymortests.grid" file="src/pymortests/grid.py" line="44" name="test_subentities_wrong_arguments[&lt;lambda&gt;13]" time="0.0004317760467529297"><skipped message="Suite splitting in effect" type="pytest.skip">src/pymortests/grid.py:44: &lt;py._xmlgen.raw object at 0x7fb2c76565c0&gt;</skipped></testcase><testcase classname="src.pymortests.grid" file="src/pymortests/grid.py" line="44" name="test_subentities_wrong_arguments[&lt;lambda&gt;14]" time="0.00046181678771972656"><skipped message="Suite splitting in effect" type="pytest.skip">src/pymortests/grid.py:44: &lt;py._xmlgen.raw object at 0x7fb29d906a90&gt;</skipped></testcase><testcase classname="src.pymortests.grid" file="src/pymortests/grid.py" line="44" name="test_subentities_wrong_arguments[&lt;lambda&gt;15]" time="0.00046896934509277344"><skipped message="Suite splitting in effect" type="pytest.skip">src/pymortests/grid.py:44: &lt;py._xmlgen.raw object at 0x7fb29d891898&gt;</skipped></testcase><testcase classname="src.pymortests.grid" file="src/pymortests/grid.py" line="44" name="test_subentities_wrong_arguments[&lt;lambda&gt;16]" time="0.0004401206970214844"><skipped message="Suite splitting in effect" type="pytest.skip">src/pymortests/grid.py:44: &lt;py._xmlgen.raw object at 0x7fb29d964eb8&gt;</skipped></testcase><testcase classname="src.pymortests.grid" file="src/pymortests/grid.py" line="44" name="test_subentities_wrong_arguments[&lt;lambda&gt;17]" time="0.0004658699035644531"><skipped message="Suite splitting in effect" type="pytest.skip">src/pymortests/grid.py:44: &lt;py._xmlgen.raw object at 0x7fb29d8af048&gt;</skipped></testcase><testcase classname="src.pymortests.grid" file="src/pymortests/grid.py" line="44" name="test_subentities_wrong_arguments[&lt;lambda&gt;18]" time="0.0004897117614746094"><skipped message="Suite splitting in effect" type="pytest.skip">src/pymortests/grid.py:44: &lt;py._xmlgen.raw object at 0x7fb29d8af588&gt;</skipped></testcase><testcase classname="src.pymortests.grid" file="src/pymortests/grid.py" line="44" name="test_subentities_wrong_arguments[&lt;lambda&gt;19]" time="0.0004405975341796875"><skipped message="Suite splitting in effect" type="pytest.skip">src/pymortests/grid.py:44: &lt;py._xmlgen.raw object at 0x7fb2c7697f98&gt;</skipped></testcase><testcase classname="src.pymortests.grid" file="src/pymortests/grid.py" line="44" name="test_subentities_wrong_arguments[&lt;lambda&gt;20]" time="0.0004448890686035156"><skipped message="Suite splitting in effect" type="pytest.skip">src/pymortests/grid.py:44: &lt;py._xmlgen.raw object at 0x7fb29d9062b0&gt;</skipped></testcase><testcase classname="src.pymortests.grid" file="src/pymortests/grid.py" line="44" name="test_subentities_wrong_arguments[&lt;lambda&gt;21]" time="0.0004138946533203125"><skipped message="Suite splitting in effect" type="pytest.skip">src/pymortests/grid.py:44: &lt;py._xmlgen.raw object at 0x7fb2c7686ac8&gt;</skipped></testcase><testcase classname="src.pymortests.grid" file="src/pymortests/grid.py" line="44" name="test_subentities_wrong_arguments[&lt;lambda&gt;22]" time="0.0004439353942871094"><skipped message="Suite splitting in effect" type="pytest.skip">src/pymortests/grid.py:44: &lt;py._xmlgen.raw object at 0x7fb29d8fe438&gt;</skipped></testcase><testcase classname="src.pymortests.grid" file="src/pymortests/grid.py" line="44" name="test_subentities_wrong_arguments[&lt;lambda&gt;23]" time="0.00042438507080078125"><skipped message="Suite splitting in effect" type="pytest.skip">src/pymortests/grid.py:44: &lt;py._xmlgen.raw object at 0x7fb29d89a4e0&gt;</skipped></testcase><testcase classname="src.pymortests.grid" file="src/pymortests/grid.py" line="44" name="test_subentities_wrong_arguments[&lt;lambda&gt;24]" time="0.00048232078552246094"><skipped message="Suite splitting in effect" type="pytest.skip">src/pymortests/grid.py:44: &lt;py._xmlgen.raw object at 0x7fb29d8e72e8&gt;</skipped></testcase><testcase classname="src.pymortests.grid" file="src/pymortests/grid.py" line="44" name="test_subentities_wrong_arguments[&lt;lambda&gt;25]" time="0.00046181678771972656"><skipped message="Suite splitting in effect" type="pytest.skip">src/pymortests/grid.py:44: &lt;py._xmlgen.raw object at 0x7fb29d8af390&gt;</skipped></testcase><testcase classname="src.pymortests.grid" file="src/pymortests/grid.py" line="44" name="test_subentities_wrong_arguments[&lt;lambda&gt;26]" time="0.0004317760467529297"><skipped message="Suite splitting in effect" type="pytest.skip">src/pymortests/grid.py:44: &lt;py._xmlgen.raw object at 0x7fb29d8afa90&gt;</skipped></testcase><testcase classname="src.pymortests.grid" file="src/pymortests/grid.py" line="44" name="test_subentities_wrong_arguments[&lt;lambda&gt;27]" time="0.0007956027984619141"><skipped message="Suite splitting in effect" type="pytest.skip">src/pymortests/grid.py:44: &lt;py._xmlgen.raw object at 0x7fb29d89a898&gt;</skipped></testcase><testcase classname="src.pymortests.grid" file="src/pymortests/grid.py" line="44" name="test_subentities_wrong_arguments[&lt;lambda&gt;28]" time="0.0004172325134277344"><skipped message="Suite splitting in effect" type="pytest.skip">src/pymortests/grid.py:44: &lt;py._xmlgen.raw object at 0x7fb29d8fed30&gt;</skipped></testcase><testcase classname="src.pymortests.grid" file="src/pymortests/grid.py" line="44" name="test_subentities_wrong_arguments[&lt;lambda&gt;29]" time="0.0004258155822753906"><skipped message="Suite splitting in effect" type="pytest.skip">src/pymortests/grid.py:44: &lt;py._xmlgen.raw object at 0x7fb2c76863c8&gt;</skipped></testcase><testcase classname="src.pymortests.grid" file="src/pymortests/grid.py" line="44" name="test_subentities_wrong_arguments[&lt;lambda&gt;30]" time="0.0004169940948486328"><skipped message="Suite splitting in effect" type="pytest.skip">src/pymortests/grid.py:44: &lt;py._xmlgen.raw object at 0x7fb29d906dd8&gt;</skipped></testcase><testcase classname="src.pymortests.grid" file="src/pymortests/grid.py" line="44" name="test_subentities_wrong_arguments[&lt;lambda&gt;31]" time="0.0004394054412841797"><skipped message="Suite splitting in effect" type="pytest.skip">src/pymortests/grid.py:44: &lt;py._xmlgen.raw object at 0x7fb2c7697a90&gt;</skipped></testcase><testcase classname="src.pymortests.grid" file="src/pymortests/grid.py" line="44" name="test_subentities_wrong_arguments[&lt;lambda&gt;32]" time="0.00042748451232910156"><skipped message="Suite splitting in effect" type="pytest.skip">src/pymortests/grid.py:44: &lt;py._xmlgen.raw object at 0x7fb29d8afd30&gt;</skipped></testcase><testcase classname="src.pymortests.grid" file="src/pymortests/grid.py" line="44" name="test_subentities_wrong_arguments[&lt;lambda&gt;33]" time="0.0004336833953857422"><skipped message="Suite splitting in effect" type="pytest.skip">src/pymortests/grid.py:44: &lt;py._xmlgen.raw object at 0x7fb29d8af390&gt;</skipped></testcase><testcase classname="src.pymortests.grid" file="src/pymortests/grid.py" line="44" name="test_subentities_wrong_arguments[&lt;lambda&gt;34]" time="0.0005204677581787109"><skipped message="Suite splitting in effect" type="pytest.skip">src/pymortests/grid.py:44: &lt;py._xmlgen.raw object at 0x7fb29d8b6080&gt;</skipped></testcase><testcase classname="src.pymortests.grid" file="src/pymortests/grid.py" line="44" name="test_subentities_wrong_arguments[&lt;lambda&gt;35]" time="0.0007407665252685547"><skipped message="Suite splitting in effect" type="pytest.skip">src/pymortests/grid.py:44: &lt;py._xmlgen.raw object at 0x7fb29d8f38d0&gt;</skipped></testcase><testcase classname="src.pymortests.grid" file="src/pymortests/grid.py" line="44" name="test_subentities_wrong_arguments[&lt;lambda&gt;36]" time="0.00041031837463378906"><skipped message="Suite splitting in effect" type="pytest.skip">src/pymortests/grid.py:44: &lt;py._xmlgen.raw object at 0x7fb29d8af438&gt;</skipped></testcase><testcase classname="src.pymortests.grid" file="src/pymortests/grid.py" line="44" name="test_subentities_wrong_arguments[&lt;lambda&gt;37]" time="0.0004220008850097656"><skipped message="Suite splitting in effect" type="pytest.skip">src/pymortests/grid.py:44: &lt;py._xmlgen.raw object at 0x7fb29d964eb8&gt;</skipped></testcase><testcase classname="src.pymortests.grid" file="src/pymortests/grid.py" line="44" name="test_subentities_wrong_arguments[&lt;lambda&gt;38]" time="0.00042748451232910156"><skipped message="Suite splitting in effect" type="pytest.skip">src/pymortests/grid.py:44: &lt;py._xmlgen.raw object at 0x7fb2c7543240&gt;</skipped></testcase><testcase classname="src.pymortests.grid" file="src/pymortests/grid.py" line="44" name="test_subentities_wrong_arguments[&lt;lambda&gt;39]" time="0.00044536590576171875"><skipped message="Suite splitting in effect" type="pytest.skip">src/pymortests/grid.py:44: &lt;py._xmlgen.raw object at 0x7fb2c76863c8&gt;</skipped></testcase><testcase classname="src.pymortests.grid" file="src/pymortests/grid.py" line="44" name="test_subentities_wrong_arguments[&lt;lambda&gt;40]" time="0.00044798851013183594"><skipped message="Suite splitting in effect" type="pytest.skip">src/pymortests/grid.py:44: &lt;py._xmlgen.raw object at 0x7fb29d8fecf8&gt;</skipped></testcase><testcase classname="src.pymortests.grid" file="src/pymortests/grid.py" line="44" name="test_subentities_wrong_arguments[&lt;lambda&gt;41]" time="0.0004267692565917969"><skipped message="Suite splitting in effect" type="pytest.skip">src/pymortests/grid.py:44: &lt;py._xmlgen.raw object at 0x7fb29d8b61d0&gt;</skipped></testcase><testcase classname="src.pymortests.grid" file="src/pymortests/grid.py" line="44" name="test_subentities_wrong_arguments[&lt;lambda&gt;42]" time="0.00044274330139160156"><skipped message="Suite splitting in effect" type="pytest.skip">src/pymortests/grid.py:44: &lt;py._xmlgen.raw object at 0x7fb29d8b68d0&gt;</skipped></testcase><testcase classname="src.pymortests.grid" file="src/pymortests/grid.py" line="57" name="test_subentities_shape[&lt;lambda&gt;0]" time="0.0007083415985107422"><skipped message="Suite splitting in effect" type="pytest.skip">src/pymortests/grid.py:57: &lt;py._xmlgen.raw object at 0x7fb29d8b6e10&gt;</skipped></testcase><testcase classname="src.pymortests.grid" file="src/pymortests/grid.py" line="57" name="test_subentities_shape[&lt;lambda&gt;1]" time="0.0004146099090576172"><skipped message="Suite splitting in effect" type="pytest.skip">src/pymortests/grid.py:57: &lt;py._xmlgen.raw object at 0x7fb2c7656908&gt;</skipped></testcase><testcase classname="src.pymortests.grid" file="src/pymortests/grid.py" line="57" name="test_subentities_shape[&lt;lambda&gt;2]" time="0.0004627704620361328"><skipped message="Suite splitting in effect" type="pytest.skip">src/pymortests/grid.py:57: &lt;py._xmlgen.raw object at 0x7fb29d906c50&gt;</skipped></testcase><testcase classname="src.pymortests.grid" file="src/pymortests/grid.py" line="57" name="test_subentities_shape[&lt;lambda&gt;3]" time="0.000446319580078125"><skipped message="Suite splitting in effect" type="pytest.skip">src/pymortests/grid.py:57: &lt;py._xmlgen.raw object at 0x7fb2c75430b8&gt;</skipped></testcase><testcase classname="src.pymortests.grid" file="src/pymortests/grid.py" line="57" name="test_subentities_shape[&lt;lambda&gt;4]" time="0.0004329681396484375"><skipped message="Suite splitting in effect" type="pytest.skip">src/pymortests/grid.py:57: &lt;py._xmlgen.raw object at 0x7fb29d8af9b0&gt;</skipped></testcase><testcase classname="src.pymortests.grid" file="src/pymortests/grid.py" line="57" name="test_subentities_shape[&lt;lambda&gt;5]" time="0.00042939186096191406"><skipped message="Suite splitting in effect" type="pytest.skip">src/pymortests/grid.py:57: &lt;py._xmlgen.raw object at 0x7fb29d8afe48&gt;</skipped></testcase><testcase classname="src.pymortests.grid" file="src/pymortests/grid.py" line="57" name="test_subentities_shape[&lt;lambda&gt;6]" time="0.00045180320739746094"><skipped message="Suite splitting in effect" type="pytest.skip">src/pymortests/grid.py:57: &lt;py._xmlgen.raw object at 0x7fb29d8b6c18&gt;</skipped></testcase><testcase classname="src.pymortests.grid" file="src/pymortests/grid.py" line="57" name="test_subentities_shape[&lt;lambda&gt;7]" time="0.0004661083221435547"><skipped message="Suite splitting in effect" type="pytest.skip">src/pymortests/grid.py:57: &lt;py._xmlgen.raw object at 0x7fb29d8b6588&gt;</skipped></testcase><testcase classname="src.pymortests.grid" file="src/pymortests/grid.py" line="57" name="test_subentities_shape[&lt;lambda&gt;8]" time="0.0007824897766113281"><skipped message="Suite splitting in effect" type="pytest.skip">src/pymortests/grid.py:57: &lt;py._xmlgen.raw object at 0x7fb29d8c1390&gt;</skipped></testcase><testcase classname="src.pymortests.grid" file="src/pymortests/grid.py" line="57" name="test_subentities_shape[&lt;lambda&gt;9]" time="0.0004749298095703125"><skipped message="Suite splitting in effect" type="pytest.skip">src/pymortests/grid.py:57: &lt;py._xmlgen.raw object at 0x7fb29d8b66d8&gt;</skipped></testcase><testcase classname="src.pymortests.grid" file="src/pymortests/grid.py" line="57" name="test_subentities_shape[&lt;lambda&gt;10]" time="0.00042176246643066406"><skipped message="Suite splitting in effect" type="pytest.skip">src/pymortests/grid.py:57: &lt;py._xmlgen.raw object at 0x7fb2c7697c18&gt;</skipped></testcase><testcase classname="src.pymortests.grid" file="src/pymortests/grid.py" line="57" name="test_subentities_shape[&lt;lambda&gt;11]" time="0.0004248619079589844"><skipped message="Suite splitting in effect" type="pytest.skip">src/pymortests/grid.py:57: &lt;py._xmlgen.raw object at 0x7fb29d8afd68&gt;</skipped></testcase><testcase classname="src.pymortests.grid" file="src/pymortests/grid.py" line="57" name="test_subentities_shape[&lt;lambda&gt;12]" time="0.0004489421844482422"><skipped message="Suite splitting in effect" type="pytest.skip">src/pymortests/grid.py:57: &lt;py._xmlgen.raw object at 0x7fb2c7543d30&gt;</skipped></testcase><testcase classname="src.pymortests.grid" file="src/pymortests/grid.py" line="57" name="test_subentities_shape[&lt;lambda&gt;13]" time="0.00043010711669921875"><skipped message="Suite splitting in effect" type="pytest.skip">src/pymortests/grid.py:57: &lt;py._xmlgen.raw object at 0x7fb2c76562e8&gt;</skipped></testcase><testcase classname="src.pymortests.grid" file="src/pymortests/grid.py" line="57" name="test_subentities_shape[&lt;lambda&gt;14]" time="0.0004367828369140625"><skipped message="Suite splitting in effect" type="pytest.skip">src/pymortests/grid.py:57: &lt;py._xmlgen.raw object at 0x7fb29d89aac8&gt;</skipped></testcase><testcase classname="src.pymortests.grid" file="src/pymortests/grid.py" line="57" name="test_subentities_shape[&lt;lambda&gt;15]" time="0.0004169940948486328"><skipped message="Suite splitting in effect" type="pytest.skip">src/pymortests/grid.py:57: &lt;py._xmlgen.raw object at 0x7fb29d8c11d0&gt;</skipped></testcase><testcase classname="src.pymortests.grid" file="src/pymortests/grid.py" line="57" name="test_subentities_shape[&lt;lambda&gt;16]" time="0.0004220008850097656"><skipped message="Suite splitting in effect" type="pytest.skip">src/pymortests/grid.py:57: &lt;py._xmlgen.raw object at 0x7fb29d8c19b0&gt;</skipped></testcase><testcase classname="src.pymortests.grid" file="src/pymortests/grid.py" line="57" name="test_subentities_shape[&lt;lambda&gt;17]" time="0.0004432201385498047"><skipped message="Suite splitting in effect" type="pytest.skip">src/pymortests/grid.py:57: &lt;py._xmlgen.raw object at 0x7fb29d906ac8&gt;</skipped></testcase><testcase classname="src.pymortests.grid" file="src/pymortests/grid.py" line="57" name="test_subentities_shape[&lt;lambda&gt;18]" time="0.00045800209045410156"><skipped message="Suite splitting in effect" type="pytest.skip">src/pymortests/grid.py:57: &lt;py._xmlgen.raw object at 0x7fb2c7543470&gt;</skipped></testcase><testcase classname="src.pymortests.grid" file="src/pymortests/grid.py" line="57" name="test_subentities_shape[&lt;lambda&gt;19]" time="0.00042700767517089844"><skipped message="Suite splitting in effect" type="pytest.skip">src/pymortests/grid.py:57: &lt;py._xmlgen.raw object at 0x7fb29d8afda0&gt;</skipped></testcase><testcase classname="src.pymortests.grid" file="src/pymortests/grid.py" line="57" name="test_subentities_shape[&lt;lambda&gt;20]" time="0.0004298686981201172"><skipped message="Suite splitting in effect" type="pytest.skip">src/pymortests/grid.py:57: &lt;py._xmlgen.raw object at 0x7fb2c76436a0&gt;</skipped></testcase><testcase classname="src.pymortests.grid" file="src/pymortests/grid.py" line="57" name="test_subentities_shape[&lt;lambda&gt;21]" time="0.0006015300750732422"><skipped message="Suite splitting in effect" type="pytest.skip">src/pymortests/grid.py:57: &lt;py._xmlgen.raw object at 0x7fb29d8b6b38&gt;</skipped></testcase><testcase classname="src.pymortests.grid" file="src/pymortests/grid.py" line="57" name="test_subentities_shape[&lt;lambda&gt;22]" time="0.0004563331604003906"><skipped message="Suite splitting in effect" type="pytest.skip">src/pymortests/grid.py:57: &lt;py._xmlgen.raw object at 0x7fb29d8c1b00&gt;</skipped></testcase><testcase classname="src.pymortests.grid" file="src/pymortests/grid.py" line="57" name="test_subentities_shape[&lt;lambda&gt;23]" time="0.000461578369140625"><skipped message="Suite splitting in effect" type="pytest.skip">src/pymortests/grid.py:57: &lt;py._xmlgen.raw object at 0x7fb29d8c12e8&gt;</skipped></testcase><testcase classname="src.pymortests.grid" file="src/pymortests/grid.py" line="57" name="test_subentities_shape[&lt;lambda&gt;24]" time="0.0004458427429199219"><skipped message="Suite splitting in effect" type="pytest.skip">src/pymortests/grid.py:57: &lt;py._xmlgen.raw object at 0x7fb29d8c1eb8&gt;</skipped></testcase><testcase classname="src.pymortests.grid" file="src/pymortests/grid.py" line="57" name="test_subentities_shape[&lt;lambda&gt;25]" time="0.0004878044128417969"><skipped message="Suite splitting in effect" type="pytest.skip">src/pymortests/grid.py:57: &lt;py._xmlgen.raw object at 0x7fb29da08048&gt;</skipped></testcase><testcase classname="src.pymortests.grid" file="src/pymortests/grid.py" line="57" name="test_subentities_shape[&lt;lambda&gt;26]" time="0.00045228004455566406"><skipped message="Suite splitting in effect" type="pytest.skip">src/pymortests/grid.py:57: &lt;py._xmlgen.raw object at 0x7fb29d906c50&gt;</skipped></testcase><testcase classname="src.pymortests.grid" file="src/pymortests/grid.py" line="57" name="test_subentities_shape[&lt;lambda&gt;27]" time="0.0004706382751464844"><skipped message="Suite splitting in effect" type="pytest.skip">src/pymortests/grid.py:57: &lt;py._xmlgen.raw object at 0x7fb29d8c1128&gt;</skipped></testcase><testcase classname="src.pymortests.grid" file="src/pymortests/grid.py" line="57" name="test_subentities_shape[&lt;lambda&gt;28]" time="0.00042629241943359375"><skipped message="Suite splitting in effect" type="pytest.skip">src/pymortests/grid.py:57: &lt;py._xmlgen.raw object at 0x7fb29d8c17f0&gt;</skipped></testcase><testcase classname="src.pymortests.grid" file="src/pymortests/grid.py" line="57" name="test_subentities_shape[&lt;lambda&gt;29]" time="0.00045418739318847656"><skipped message="Suite splitting in effect" type="pytest.skip">src/pymortests/grid.py:57: &lt;py._xmlgen.raw object at 0x7fb29d8af0b8&gt;</skipped></testcase><testcase classname="src.pymortests.grid" file="src/pymortests/grid.py" line="57" name="test_subentities_shape[&lt;lambda&gt;30]" time="0.0004589557647705078"><skipped message="Suite splitting in effect" type="pytest.skip">src/pymortests/grid.py:57: &lt;py._xmlgen.raw object at 0x7fb29d8b6ef0&gt;</skipped></testcase><testcase classname="src.pymortests.grid" file="src/pymortests/grid.py" line="57" name="test_subentities_shape[&lt;lambda&gt;31]" time="0.0004515647888183594"><skipped message="Suite splitting in effect" type="pytest.skip">src/pymortests/grid.py:57: &lt;py._xmlgen.raw object at 0x7fb29d8b6f98&gt;</skipped></testcase><testcase classname="src.pymortests.grid" file="src/pymortests/grid.py" line="57" name="test_subentities_shape[&lt;lambda&gt;32]" time="0.0004687309265136719"><skipped message="Suite splitting in effect" type="pytest.skip">src/pymortests/grid.py:57: &lt;py._xmlgen.raw object at 0x7fb29d8e7438&gt;</skipped></testcase><testcase classname="src.pymortests.grid" file="src/pymortests/grid.py" line="57" name="test_subentities_shape[&lt;lambda&gt;33]" time="0.0007662773132324219"><skipped message="Suite splitting in effect" type="pytest.skip">src/pymortests/grid.py:57: &lt;py._xmlgen.raw object at 0x7fb29d8b63c8&gt;</skipped></testcase><testcase classname="src.pymortests.grid" file="src/pymortests/grid.py" line="57" name="test_subentities_shape[&lt;lambda&gt;34]" time="0.0004038810729980469"><skipped message="Suite splitting in effect" type="pytest.skip">src/pymortests/grid.py:57: &lt;py._xmlgen.raw object at 0x7fb29d942160&gt;</skipped></testcase><testcase classname="src.pymortests.grid" file="src/pymortests/grid.py" line="57" name="test_subentities_shape[&lt;lambda&gt;35]" time="0.00044035911560058594"><skipped message="Suite splitting in effect" type="pytest.skip">src/pymortests/grid.py:57: &lt;py._xmlgen.raw object at 0x7fb29d8fecf8&gt;</skipped></testcase><testcase classname="src.pymortests.grid" file="src/pymortests/grid.py" line="57" name="test_subentities_shape[&lt;lambda&gt;36]" time="0.0004341602325439453"><skipped message="Suite splitting in effect" type="pytest.skip">src/pymortests/grid.py:57: &lt;py._xmlgen.raw object at 0x7fb29d8c1828&gt;</skipped></testcase><testcase classname="src.pymortests.grid" file="src/pymortests/grid.py" line="57" name="test_subentities_shape[&lt;lambda&gt;37]" time="0.00043773651123046875"><skipped message="Suite splitting in effect" type="pytest.skip">src/pymortests/grid.py:57: &lt;py._xmlgen.raw object at 0x7fb2c7647978&gt;</skipped></testcase><testcase classname="src.pymortests.grid" file="src/pymortests/grid.py" line="57" name="test_subentities_shape[&lt;lambda&gt;38]" time="0.0004515647888183594"><skipped message="Suite splitting in effect" type="pytest.skip">src/pymortests/grid.py:57: &lt;py._xmlgen.raw object at 0x7fb29d8919b0&gt;</skipped></testcase><testcase classname="src.pymortests.grid" file="src/pymortests/grid.py" line="57" name="test_subentities_shape[&lt;lambda&gt;39]" time="0.0004227161407470703"><skipped message="Suite splitting in effect" type="pytest.skip">src/pymortests/grid.py:57: &lt;py._xmlgen.raw object at 0x7fb2c7697a90&gt;</skipped></testcase><testcase classname="src.pymortests.grid" file="src/pymortests/grid.py" line="57" name="test_subentities_shape[&lt;lambda&gt;40]" time="0.0004448890686035156"><skipped message="Suite splitting in effect" type="pytest.skip">src/pymortests/grid.py:57: &lt;py._xmlgen.raw object at 0x7fb2c7766da0&gt;</skipped></testcase><testcase classname="src.pymortests.grid" file="src/pymortests/grid.py" line="57" name="test_subentities_shape[&lt;lambda&gt;41]" time="0.00044035911560058594"><skipped message="Suite splitting in effect" type="pytest.skip">src/pymortests/grid.py:57: &lt;py._xmlgen.raw object at 0x7fb29d96c5f8&gt;</skipped></testcase><testcase classname="src.pymortests.grid" file="src/pymortests/grid.py" line="57" name="test_subentities_shape[&lt;lambda&gt;42]" time="0.00041675567626953125"><skipped message="Suite splitting in effect" type="pytest.skip">src/pymortests/grid.py:57: &lt;py._xmlgen.raw object at 0x7fb2c7643160&gt;</skipped></testcase><testcase classname="src.pymortests.grid" file="src/pymortests/grid.py" line="65" name="test_subentities_dtype[&lt;lambda&gt;0]" time="0.00045943260192871094"><skipped message="Suite splitting in effect" type="pytest.skip">src/pymortests/grid.py:65: &lt;py._xmlgen.raw object at 0x7fb2c7543d30&gt;</skipped></testcase><testcase classname="src.pymortests.grid" file="src/pymortests/grid.py" line="65" name="test_subentities_dtype[&lt;lambda&gt;1]" time="0.00044536590576171875"><skipped message="Suite splitting in effect" type="pytest.skip">src/pymortests/grid.py:65: &lt;py._xmlgen.raw object at 0x7fb29d8c12b0&gt;</skipped></testcase><testcase classname="src.pymortests.grid" file="src/pymortests/grid.py" line="65" name="test_subentities_dtype[&lt;lambda&gt;2]" time="0.00045037269592285156"><skipped message="Suite splitting in effect" type="pytest.skip">src/pymortests/grid.py:65: &lt;py._xmlgen.raw object at 0x7fb29d8c1400&gt;</skipped></testcase><testcase classname="src.pymortests.grid" file="src/pymortests/grid.py" line="65" name="test_subentities_dtype[&lt;lambda&gt;3]" time="0.00042510032653808594"><skipped message="Suite splitting in effect" type="pytest.skip">src/pymortests/grid.py:65: &lt;py._xmlgen.raw object at 0x7fb29d942160&gt;</skipped></testcase><testcase classname="src.pymortests.grid" file="src/pymortests/grid.py" line="65" name="test_subentities_dtype[&lt;lambda&gt;4]" time="0.0004742145538330078"><skipped message="Suite splitting in effect" type="pytest.skip">src/pymortests/grid.py:65: &lt;py._xmlgen.raw object at 0x7fb29d8b6940&gt;</skipped></testcase><testcase classname="src.pymortests.grid" file="src/pymortests/grid.py" line="65" name="test_subentities_dtype[&lt;lambda&gt;5]" time="0.0004367828369140625"><skipped message="Suite splitting in effect" type="pytest.skip">src/pymortests/grid.py:65: &lt;py._xmlgen.raw object at 0x7fb29d84f0b8&gt;</skipped></testcase><testcase classname="src.pymortests.grid" file="src/pymortests/grid.py" line="65" name="test_subentities_dtype[&lt;lambda&gt;6]" time="0.0007734298706054688"><skipped message="Suite splitting in effect" type="pytest.skip">src/pymortests/grid.py:65: &lt;py._xmlgen.raw object at 0x7fb29d84f5f8&gt;</skipped></testcase><testcase classname="src.pymortests.grid" file="src/pymortests/grid.py" line="65" name="test_subentities_dtype[&lt;lambda&gt;7]" time="0.00042748451232910156"><skipped message="Suite splitting in effect" type="pytest.skip">src/pymortests/grid.py:65: &lt;py._xmlgen.raw object at 0x7fb29d8b6f98&gt;</skipped></testcase><testcase classname="src.pymortests.grid" file="src/pymortests/grid.py" line="65" name="test_subentities_dtype[&lt;lambda&gt;8]" time="0.00048422813415527344"><skipped message="Suite splitting in effect" type="pytest.skip">src/pymortests/grid.py:65: &lt;py._xmlgen.raw object at 0x7fb29d8af9b0&gt;</skipped></testcase><testcase classname="src.pymortests.grid" file="src/pymortests/grid.py" line="65" name="test_subentities_dtype[&lt;lambda&gt;9]" time="0.0004470348358154297"><skipped message="Suite splitting in effect" type="pytest.skip">src/pymortests/grid.py:65: &lt;py._xmlgen.raw object at 0x7fb29d8c1c50&gt;</skipped></testcase><testcase classname="src.pymortests.grid" file="src/pymortests/grid.py" line="65" name="test_subentities_dtype[&lt;lambda&gt;10]" time="0.00042319297790527344"><skipped message="Suite splitting in effect" type="pytest.skip">src/pymortests/grid.py:65: &lt;py._xmlgen.raw object at 0x7fb2c7656940&gt;</skipped></testcase><testcase classname="src.pymortests.grid" file="src/pymortests/grid.py" line="65" name="test_subentities_dtype[&lt;lambda&gt;11]" time="0.0004298686981201172"><skipped message="Suite splitting in effect" type="pytest.skip">src/pymortests/grid.py:65: &lt;py._xmlgen.raw object at 0x7fb2c7643160&gt;</skipped></testcase><testcase classname="src.pymortests.grid" file="src/pymortests/grid.py" line="65" name="test_subentities_dtype[&lt;lambda&gt;12]" time="0.00042629241943359375"><skipped message="Suite splitting in effect" type="pytest.skip">src/pymortests/grid.py:65: &lt;py._xmlgen.raw object at 0x7fb2c7686e10&gt;</skipped></testcase><testcase classname="src.pymortests.grid" file="src/pymortests/grid.py" line="65" name="test_subentities_dtype[&lt;lambda&gt;13]" time="0.0004208087921142578"><skipped message="Suite splitting in effect" type="pytest.skip">src/pymortests/grid.py:65: &lt;py._xmlgen.raw object at 0x7fb29d84f4e0&gt;</skipped></testcase><testcase classname="src.pymortests.grid" file="src/pymortests/grid.py" line="65" name="test_subentities_dtype[&lt;lambda&gt;14]" time="0.00043845176696777344"><skipped message="Suite splitting in effect" type="pytest.skip">src/pymortests/grid.py:65: &lt;py._xmlgen.raw object at 0x7fb29d84fb38&gt;</skipped></testcase><testcase classname="src.pymortests.grid" file="src/pymortests/grid.py" line="65" name="test_subentities_dtype[&lt;lambda&gt;15]" time="0.00044155120849609375"><skipped message="Suite splitting in effect" type="pytest.skip">src/pymortests/grid.py:65: &lt;py._xmlgen.raw object at 0x7fb29d89af60&gt;</skipped></testcase><testcase classname="src.pymortests.grid" file="src/pymortests/grid.py" line="65" name="test_subentities_dtype[&lt;lambda&gt;16]" time="0.00045371055603027344"><skipped message="Suite splitting in effect" type="pytest.skip">src/pymortests/grid.py:65: &lt;py._xmlgen.raw object at 0x7fb2c7656940&gt;</skipped></testcase><testcase classname="src.pymortests.grid" file="src/pymortests/grid.py" line="65" name="test_subentities_dtype[&lt;lambda&gt;17]" time="0.0004200935363769531"><skipped message="Suite splitting in effect" type="pytest.skip">src/pymortests/grid.py:65: &lt;py._xmlgen.raw object at 0x7fb29d8c1668&gt;</skipped></testcase><testcase classname="src.pymortests.grid" file="src/pymortests/grid.py" line="65" name="test_subentities_dtype[&lt;lambda&gt;18]" time="0.0004227161407470703"><skipped message="Suite splitting in effect" type="pytest.skip">src/pymortests/grid.py:65: &lt;py._xmlgen.raw object at 0x7fb2c766d908&gt;</skipped></testcase><testcase classname="src.pymortests.grid" file="src/pymortests/grid.py" line="65" name="test_subentities_dtype[&lt;lambda&gt;19]" time="0.00043654441833496094"><skipped message="Suite splitting in effect" type="pytest.skip">src/pymortests/grid.py:65: &lt;py._xmlgen.raw object at 0x7fb29d8b67b8&gt;</skipped></testcase><testcase classname="src.pymortests.grid" file="src/pymortests/grid.py" line="65" name="test_subentities_dtype[&lt;lambda&gt;20]" time="0.00041604042053222656"><skipped message="Suite splitting in effect" type="pytest.skip">src/pymortests/grid.py:65: &lt;py._xmlgen.raw object at 0x7fb29d84f550&gt;</skipped></testcase><testcase classname="src.pymortests.grid" file="src/pymortests/grid.py" line="65" name="test_subentities_dtype[&lt;lambda&gt;21]" time="0.00044608116149902344"><skipped message="Suite splitting in effect" type="pytest.skip">src/pymortests/grid.py:65: &lt;py._xmlgen.raw object at 0x7fb29d84f710&gt;</skipped></testcase><testcase classname="src.pymortests.grid" file="src/pymortests/grid.py" line="65" name="test_subentities_dtype[&lt;lambda&gt;22]" time="0.0004220008850097656"><skipped message="Suite splitting in effect" type="pytest.skip">src/pymortests/grid.py:65: &lt;py._xmlgen.raw object at 0x7fb29d85a080&gt;</skipped></testcase><testcase classname="src.pymortests.grid" file="src/pymortests/grid.py" line="65" name="test_subentities_dtype[&lt;lambda&gt;23]" time="0.0007576942443847656"><skipped message="Suite splitting in effect" type="pytest.skip">src/pymortests/grid.py:65: &lt;py._xmlgen.raw object at 0x7fb29d84ff28&gt;</skipped></testcase><testcase classname="src.pymortests.grid" file="src/pymortests/grid.py" line="65" name="test_subentities_dtype[&lt;lambda&gt;24]" time="0.0004258155822753906"><skipped message="Suite splitting in effect" type="pytest.skip">src/pymortests/grid.py:65: &lt;py._xmlgen.raw object at 0x7fb29d8b6f98&gt;</skipped></testcase><testcase classname="src.pymortests.grid" file="src/pymortests/grid.py" line="65" name="test_subentities_dtype[&lt;lambda&gt;25]" time="0.0004088878631591797"><skipped message="Suite splitting in effect" type="pytest.skip">src/pymortests/grid.py:65: &lt;py._xmlgen.raw object at 0x7fb2c766dc50&gt;</skipped></testcase><testcase classname="src.pymortests.grid" file="src/pymortests/grid.py" line="65" name="test_subentities_dtype[&lt;lambda&gt;26]" time="0.0004951953887939453"><skipped message="Suite splitting in effect" type="pytest.skip">src/pymortests/grid.py:65: &lt;py._xmlgen.raw object at 0x7fb29d8af6a0&gt;</skipped></testcase><testcase classname="src.pymortests.grid" file="src/pymortests/grid.py" line="65" name="test_subentities_dtype[&lt;lambda&gt;27]" time="0.0005049705505371094"><skipped message="Suite splitting in effect" type="pytest.skip">src/pymortests/grid.py:65: &lt;py._xmlgen.raw object at 0x7fb29d8c12e8&gt;</skipped></testcase><testcase classname="src.pymortests.grid" file="src/pymortests/grid.py" line="65" name="test_subentities_dtype[&lt;lambda&gt;28]" time="0.0004258155822753906"><skipped message="Suite splitting in effect" type="pytest.skip">src/pymortests/grid.py:65: &lt;py._xmlgen.raw object at 0x7fb2c7643320&gt;</skipped></testcase><testcase classname="src.pymortests.grid" file="src/pymortests/grid.py" line="65" name="test_subentities_dtype[&lt;lambda&gt;29]" time="0.0004515647888183594"><skipped message="Suite splitting in effect" type="pytest.skip">src/pymortests/grid.py:65: &lt;py._xmlgen.raw object at 0x7fb29d89ac50&gt;</skipped></testcase><testcase classname="src.pymortests.grid" file="src/pymortests/grid.py" line="65" name="test_subentities_dtype[&lt;lambda&gt;30]" time="0.00041961669921875"><skipped message="Suite splitting in effect" type="pytest.skip">src/pymortests/grid.py:65: &lt;py._xmlgen.raw object at 0x7fb29d85a5c0&gt;</skipped></testcase><testcase classname="src.pymortests.grid" file="src/pymortests/grid.py" line="65" name="test_subentities_dtype[&lt;lambda&gt;31]" time="0.0007688999176025391"><skipped message="Suite splitting in effect" type="pytest.skip">src/pymortests/grid.py:65: &lt;py._xmlgen.raw object at 0x7fb2c7766e48&gt;</skipped></testcase><testcase classname="src.pymortests.grid" file="src/pymortests/grid.py" line="65" name="test_subentities_dtype[&lt;lambda&gt;32]" time="0.00043892860412597656"><skipped message="Suite splitting in effect" type="pytest.skip">src/pymortests/grid.py:65: &lt;py._xmlgen.raw object at 0x7fb2c7643320&gt;</skipped></testcase><testcase classname="src.pymortests.grid" file="src/pymortests/grid.py" line="65" name="test_subentities_dtype[&lt;lambda&gt;33]" time="0.0004489421844482422"><skipped message="Suite splitting in effect" type="pytest.skip">src/pymortests/grid.py:65: &lt;py._xmlgen.raw object at 0x7fb29d8c1780&gt;</skipped></testcase><testcase classname="src.pymortests.grid" file="src/pymortests/grid.py" line="65" name="test_subentities_dtype[&lt;lambda&gt;34]" time="0.00044035911560058594"><skipped message="Suite splitting in effect" type="pytest.skip">src/pymortests/grid.py:65: &lt;py._xmlgen.raw object at 0x7fb2c766d278&gt;</skipped></testcase><testcase classname="src.pymortests.grid" file="src/pymortests/grid.py" line="65" name="test_subentities_dtype[&lt;lambda&gt;35]" time="0.0004668235778808594"><skipped message="Suite splitting in effect" type="pytest.skip">src/pymortests/grid.py:65: &lt;py._xmlgen.raw object at 0x7fb29d8b67b8&gt;</skipped></testcase><testcase classname="src.pymortests.grid" file="src/pymortests/grid.py" line="65" name="test_subentities_dtype[&lt;lambda&gt;36]" time="0.00042819976806640625"><skipped message="Suite splitting in effect" type="pytest.skip">src/pymortests/grid.py:65: &lt;py._xmlgen.raw object at 0x7fb29d84fc50&gt;</skipped></testcase><testcase classname="src.pymortests.grid" file="src/pymortests/grid.py" line="65" name="test_subentities_dtype[&lt;lambda&gt;37]" time="0.0004372596740722656"><skipped message="Suite splitting in effect" type="pytest.skip">src/pymortests/grid.py:65: &lt;py._xmlgen.raw object at 0x7fb29d85a4a8&gt;</skipped></testcase><testcase classname="src.pymortests.grid" file="src/pymortests/grid.py" line="65" name="test_subentities_dtype[&lt;lambda&gt;38]" time="0.0004401206970214844"><skipped message="Suite splitting in effect" type="pytest.skip">src/pymortests/grid.py:65: &lt;py._xmlgen.raw object at 0x7fb29d85ae80&gt;</skipped></testcase><testcase classname="src.pymortests.grid" file="src/pymortests/grid.py" line="65" name="test_subentities_dtype[&lt;lambda&gt;39]" time="0.0006928443908691406"><skipped message="Suite splitting in effect" type="pytest.skip">src/pymortests/grid.py:65: &lt;py._xmlgen.raw object at 0x7fb29d864400&gt;</skipped></testcase><testcase classname="src.pymortests.grid" file="src/pymortests/grid.py" line="65" name="test_subentities_dtype[&lt;lambda&gt;40]" time="0.00045037269592285156"><skipped message="Suite splitting in effect" type="pytest.skip">src/pymortests/grid.py:65: &lt;py._xmlgen.raw object at 0x7fb29d85a1d0&gt;</skipped></testcase><testcase classname="src.pymortests.grid" file="src/pymortests/grid.py" line="65" name="test_subentities_dtype[&lt;lambda&gt;41]" time="0.0004208087921142578"><skipped message="Suite splitting in effect" type="pytest.skip">src/pymortests/grid.py:65: &lt;py._xmlgen.raw object at 0x7fb29d84f358&gt;</skipped></testcase><testcase classname="src.pymortests.grid" file="src/pymortests/grid.py" line="65" name="test_subentities_dtype[&lt;lambda&gt;42]" time="0.0004191398620605469"><skipped message="Suite splitting in effect" type="pytest.skip">src/pymortests/grid.py:65: &lt;py._xmlgen.raw object at 0x7fb29d8b67b8&gt;</skipped></testcase><testcase classname="src.pymortests.grid" file="src/pymortests/grid.py" line="72" name="test_subentities_entry_value_range[&lt;lambda&gt;0]" time="0.0004172325134277344"><skipped message="Suite splitting in effect" type="pytest.skip">src/pymortests/grid.py:72: &lt;py._xmlgen.raw object at 0x7fb29d8afb00&gt;</skipped></testcase><testcase classname="src.pymortests.grid" file="src/pymortests/grid.py" line="72" name="test_subentities_entry_value_range[&lt;lambda&gt;1]" time="0.0004165172576904297"><skipped message="Suite splitting in effect" type="pytest.skip">src/pymortests/grid.py:72: &lt;py._xmlgen.raw object at 0x7fb2c7643320&gt;</skipped></testcase><testcase classname="src.pymortests.grid" file="src/pymortests/grid.py" line="72" name="test_subentities_entry_value_range[&lt;lambda&gt;2]" time="0.0004010200500488281"><skipped message="Suite splitting in effect" type="pytest.skip">src/pymortests/grid.py:72: &lt;py._xmlgen.raw object at 0x7fb29d89ae48&gt;</skipped></testcase><testcase classname="src.pymortests.grid" file="src/pymortests/grid.py" line="72" name="test_subentities_entry_value_range[&lt;lambda&gt;3]" time="0.0004260540008544922"><skipped message="Suite splitting in effect" type="pytest.skip">src/pymortests/grid.py:72: &lt;py._xmlgen.raw object at 0x7fb29d8642b0&gt;</skipped></testcase><testcase classname="src.pymortests.grid" file="src/pymortests/grid.py" line="72" name="test_subentities_entry_value_range[&lt;lambda&gt;4]" time="0.0008053779602050781"><skipped message="Suite splitting in effect" type="pytest.skip">src/pymortests/grid.py:72: &lt;py._xmlgen.raw object at 0x7fb29d864940&gt;</skipped></testcase><testcase classname="src.pymortests.grid" file="src/pymortests/grid.py" line="72" name="test_subentities_entry_value_range[&lt;lambda&gt;5]" time="0.0004773139953613281"><skipped message="Suite splitting in effect" type="pytest.skip">src/pymortests/grid.py:72: &lt;py._xmlgen.raw object at 0x7fb2c75ce470&gt;</skipped></testcase><testcase classname="src.pymortests.grid" file="src/pymortests/grid.py" line="72" name="test_subentities_entry_value_range[&lt;lambda&gt;6]" time="0.0004215240478515625"><skipped message="Suite splitting in effect" type="pytest.skip">src/pymortests/grid.py:72: &lt;py._xmlgen.raw object at 0x7fb2c76439b0&gt;</skipped></testcase><testcase classname="src.pymortests.grid" file="src/pymortests/grid.py" line="72" name="test_subentities_entry_value_range[&lt;lambda&gt;7]" time="0.0004162788391113281"><skipped message="Suite splitting in effect" type="pytest.skip">src/pymortests/grid.py:72: &lt;py._xmlgen.raw object at 0x7fb29d942160&gt;</skipped></testcase><testcase classname="src.pymortests.grid" file="src/pymortests/grid.py" line="72" name="test_subentities_entry_value_range[&lt;lambda&gt;8]" time="0.0004069805145263672"><skipped message="Suite splitting in effect" type="pytest.skip">src/pymortests/grid.py:72: &lt;py._xmlgen.raw object at 0x7fb29d84fa58&gt;</skipped></testcase><testcase classname="src.pymortests.grid" file="src/pymortests/grid.py" line="72" name="test_subentities_entry_value_range[&lt;lambda&gt;9]" time="0.00041937828063964844"><skipped message="Suite splitting in effect" type="pytest.skip">src/pymortests/grid.py:72: &lt;py._xmlgen.raw object at 0x7fb29d85a4a8&gt;</skipped></testcase><testcase classname="src.pymortests.grid" file="src/pymortests/grid.py" line="72" name="test_subentities_entry_value_range[&lt;lambda&gt;10]" time="0.0004127025604248047"><skipped message="Suite splitting in effect" type="pytest.skip">src/pymortests/grid.py:72: &lt;py._xmlgen.raw object at 0x7fb29d8645c0&gt;</skipped></testcase><testcase classname="src.pymortests.grid" file="src/pymortests/grid.py" line="72" name="test_subentities_entry_value_range[&lt;lambda&gt;11]" time="0.0004849433898925781"><skipped message="Suite splitting in effect" type="pytest.skip">src/pymortests/grid.py:72: &lt;py._xmlgen.raw object at 0x7fb29d8640f0&gt;</skipped></testcase><testcase classname="src.pymortests.grid" file="src/pymortests/grid.py" line="72" name="test_subentities_entry_value_range[&lt;lambda&gt;12]" time="0.0004482269287109375"><skipped message="Suite splitting in effect" type="pytest.skip">src/pymortests/grid.py:72: &lt;py._xmlgen.raw object at 0x7fb29d864f60&gt;</skipped></testcase><testcase classname="src.pymortests.grid" file="src/pymortests/grid.py" line="72" name="test_subentities_entry_value_range[&lt;lambda&gt;13]" time="0.00048661231994628906"><skipped message="Suite splitting in effect" type="pytest.skip">src/pymortests/grid.py:72: &lt;py._xmlgen.raw object at 0x7fb29d864b38&gt;</skipped></testcase><testcase classname="src.pymortests.grid" file="src/pymortests/grid.py" line="72" name="test_subentities_entry_value_range[&lt;lambda&gt;14]" time="0.00041484832763671875"><skipped message="Suite splitting in effect" type="pytest.skip">src/pymortests/grid.py:72: &lt;py._xmlgen.raw object at 0x7fb29d85ab70&gt;</skipped></testcase><testcase classname="src.pymortests.grid" file="src/pymortests/grid.py" line="72" name="test_subentities_entry_value_range[&lt;lambda&gt;15]" time="0.00045228004455566406"><skipped message="Suite splitting in effect" type="pytest.skip">src/pymortests/grid.py:72: &lt;py._xmlgen.raw object at 0x7fb29d85a0b8&gt;</skipped></testcase><testcase classname="src.pymortests.grid" file="src/pymortests/grid.py" line="72" name="test_subentities_entry_value_range[&lt;lambda&gt;16]" time="0.0004329681396484375"><skipped message="Suite splitting in effect" type="pytest.skip">src/pymortests/grid.py:72: &lt;py._xmlgen.raw object at 0x7fb29d8f38d0&gt;</skipped></testcase><testcase classname="src.pymortests.grid" file="src/pymortests/grid.py" line="72" name="test_subentities_entry_value_range[&lt;lambda&gt;17]" time="0.0004971027374267578"><skipped message="Suite splitting in effect" type="pytest.skip">src/pymortests/grid.py:72: &lt;py._xmlgen.raw object at 0x7fb2c7643320&gt;</skipped></testcase><testcase classname="src.pymortests.grid" file="src/pymortests/grid.py" line="72" name="test_subentities_entry_value_range[&lt;lambda&gt;18]" time="0.0004181861877441406"><skipped message="Suite splitting in effect" type="pytest.skip">src/pymortests/grid.py:72: &lt;py._xmlgen.raw object at 0x7fb2c75ac160&gt;</skipped></testcase><testcase classname="src.pymortests.grid" file="src/pymortests/grid.py" line="72" name="test_subentities_entry_value_range[&lt;lambda&gt;19]" time="0.00046133995056152344"><skipped message="Suite splitting in effect" type="pytest.skip">src/pymortests/grid.py:72: &lt;py._xmlgen.raw object at 0x7fb2c75ce470&gt;</skipped></testcase><testcase classname="src.pymortests.grid" file="src/pymortests/grid.py" line="72" name="test_subentities_entry_value_range[&lt;lambda&gt;20]" time="0.0006299018859863281"><skipped message="Suite splitting in effect" type="pytest.skip">src/pymortests/grid.py:72: &lt;py._xmlgen.raw object at 0x7fb29d86d4a8&gt;</skipped></testcase><testcase classname="src.pymortests.grid" file="src/pymortests/grid.py" line="72" name="test_subentities_entry_value_range[&lt;lambda&gt;21]" time="0.0007836818695068359"><skipped message="Suite splitting in effect" type="pytest.skip">src/pymortests/grid.py:72: &lt;py._xmlgen.raw object at 0x7fb2c75acdd8&gt;</skipped></testcase><testcase classname="src.pymortests.grid" file="src/pymortests/grid.py" line="72" name="test_subentities_entry_value_range[&lt;lambda&gt;22]" time="0.0004329681396484375"><skipped message="Suite splitting in effect" type="pytest.skip">src/pymortests/grid.py:72: &lt;py._xmlgen.raw object at 0x7fb2c7643320&gt;</skipped></testcase><testcase classname="src.pymortests.grid" file="src/pymortests/grid.py" line="72" name="test_subentities_entry_value_range[&lt;lambda&gt;23]" time="0.0004267692565917969"><skipped message="Suite splitting in effect" type="pytest.skip">src/pymortests/grid.py:72: &lt;py._xmlgen.raw object at 0x7fb29d84f908&gt;</skipped></testcase><testcase classname="src.pymortests.grid" file="src/pymortests/grid.py" line="72" name="test_subentities_entry_value_range[&lt;lambda&gt;24]" time="0.00042891502380371094"><skipped message="Suite splitting in effect" type="pytest.skip">src/pymortests/grid.py:72: &lt;py._xmlgen.raw object at 0x7fb29d85a5f8&gt;</skipped></testcase><testcase classname="src.pymortests.grid" file="src/pymortests/grid.py" line="72" name="test_subentities_entry_value_range[&lt;lambda&gt;25]" time="0.0004734992980957031"><skipped message="Suite splitting in effect" type="pytest.skip">src/pymortests/grid.py:72: &lt;py._xmlgen.raw object at 0x7fb29d864ba8&gt;</skipped></testcase><testcase classname="src.pymortests.grid" file="src/pymortests/grid.py" line="72" name="test_subentities_entry_value_range[&lt;lambda&gt;26]" time="0.0004782676696777344"><skipped message="Suite splitting in effect" type="pytest.skip">src/pymortests/grid.py:72: &lt;py._xmlgen.raw object at 0x7fb29d864c88&gt;</skipped></testcase><testcase classname="src.pymortests.grid" file="src/pymortests/grid.py" line="72" name="test_subentities_entry_value_range[&lt;lambda&gt;27]" time="0.0004868507385253906"><skipped message="Suite splitting in effect" type="pytest.skip">src/pymortests/grid.py:72: &lt;py._xmlgen.raw object at 0x7fb29d86d1d0&gt;</skipped></testcase><testcase classname="src.pymortests.grid" file="src/pymortests/grid.py" line="72" name="test_subentities_entry_value_range[&lt;lambda&gt;28]" time="0.0004436969757080078"><skipped message="Suite splitting in effect" type="pytest.skip">src/pymortests/grid.py:72: &lt;py._xmlgen.raw object at 0x7fb29d86d9e8&gt;</skipped></testcase><testcase classname="src.pymortests.grid" file="src/pymortests/grid.py" line="72" name="test_subentities_entry_value_range[&lt;lambda&gt;29]" time="0.000835418701171875"><skipped message="Suite splitting in effect" type="pytest.skip">src/pymortests/grid.py:72: &lt;py._xmlgen.raw object at 0x7fb29d864cf8&gt;</skipped></testcase><testcase classname="src.pymortests.grid" file="src/pymortests/grid.py" line="72" name="test_subentities_entry_value_range[&lt;lambda&gt;30]" time="0.0004904270172119141"><skipped message="Suite splitting in effect" type="pytest.skip">src/pymortests/grid.py:72: &lt;py._xmlgen.raw object at 0x7fb29d85a4e0&gt;</skipped></testcase><testcase classname="src.pymortests.grid" file="src/pymortests/grid.py" line="72" name="test_subentities_entry_value_range[&lt;lambda&gt;31]" time="0.00048422813415527344"><skipped message="Suite splitting in effect" type="pytest.skip">src/pymortests/grid.py:72: &lt;py._xmlgen.raw object at 0x7fb2c7631a20&gt;</skipped></testcase><testcase classname="src.pymortests.grid" file="src/pymortests/grid.py" line="72" name="test_subentities_entry_value_range[&lt;lambda&gt;32]" time="0.00041747093200683594"><skipped message="Suite splitting in effect" type="pytest.skip">src/pymortests/grid.py:72: &lt;py._xmlgen.raw object at 0x7fb29d84f710&gt;</skipped></testcase><testcase classname="src.pymortests.grid" file="src/pymortests/grid.py" line="72" name="test_subentities_entry_value_range[&lt;lambda&gt;33]" time="0.0004260540008544922"><skipped message="Suite splitting in effect" type="pytest.skip">src/pymortests/grid.py:72: &lt;py._xmlgen.raw object at 0x7fb29d8c1390&gt;</skipped></testcase><testcase classname="src.pymortests.grid" file="src/pymortests/grid.py" line="72" name="test_subentities_entry_value_range[&lt;lambda&gt;34]" time="0.0004394054412841797"><skipped message="Suite splitting in effect" type="pytest.skip">src/pymortests/grid.py:72: &lt;py._xmlgen.raw object at 0x7fb29d86da20&gt;</skipped></testcase><testcase classname="src.pymortests.grid" file="src/pymortests/grid.py" line="72" name="test_subentities_entry_value_range[&lt;lambda&gt;35]" time="0.00044727325439453125"><skipped message="Suite splitting in effect" type="pytest.skip">src/pymortests/grid.py:72: &lt;py._xmlgen.raw object at 0x7fb29d86d748&gt;</skipped></testcase><testcase classname="src.pymortests.grid" file="src/pymortests/grid.py" line="72" name="test_subentities_entry_value_range[&lt;lambda&gt;36]" time="0.0004551410675048828"><skipped message="Suite splitting in effect" type="pytest.skip">src/pymortests/grid.py:72: &lt;py._xmlgen.raw object at 0x7fb29d8782e8&gt;</skipped></testcase><testcase classname="src.pymortests.grid" file="src/pymortests/grid.py" line="72" name="test_subentities_entry_value_range[&lt;lambda&gt;37]" time="0.0005161762237548828"><skipped message="Suite splitting in effect" type="pytest.skip">src/pymortests/grid.py:72: &lt;py._xmlgen.raw object at 0x7fb2c76432b0&gt;</skipped></testcase><testcase classname="src.pymortests.grid" file="src/pymortests/grid.py" line="72" name="test_subentities_entry_value_range[&lt;lambda&gt;38]" time="0.0004470348358154297"><skipped message="Suite splitting in effect" type="pytest.skip">src/pymortests/grid.py:72: &lt;py._xmlgen.raw object at 0x7fb2c7631cc0&gt;</skipped></testcase><testcase classname="src.pymortests.grid" file="src/pymortests/grid.py" line="72" name="test_subentities_entry_value_range[&lt;lambda&gt;39]" time="0.0004584789276123047"><skipped message="Suite splitting in effect" type="pytest.skip">src/pymortests/grid.py:72: &lt;py._xmlgen.raw object at 0x7fb29d86d5c0&gt;</skipped></testcase><testcase classname="src.pymortests.grid" file="src/pymortests/grid.py" line="72" name="test_subentities_entry_value_range[&lt;lambda&gt;40]" time="0.00047087669372558594"><skipped message="Suite splitting in effect" type="pytest.skip">src/pymortests/grid.py:72: &lt;py._xmlgen.raw object at 0x7fb29d86dba8&gt;</skipped></testcase><testcase classname="src.pymortests.grid" file="src/pymortests/grid.py" line="72" name="test_subentities_entry_value_range[&lt;lambda&gt;41]" time="0.00042557716369628906"><skipped message="Suite splitting in effect" type="pytest.skip">src/pymortests/grid.py:72: &lt;py._xmlgen.raw object at 0x7fb2c75ced30&gt;</skipped></testcase><testcase classname="src.pymortests.grid" file="src/pymortests/grid.py" line="72" name="test_subentities_entry_value_range[&lt;lambda&gt;42]" time="0.0004208087921142578"><skipped message="Suite splitting in effect" type="pytest.skip">src/pymortests/grid.py:72: &lt;py._xmlgen.raw object at 0x7fb29d864748&gt;</skipped></testcase><testcase classname="src.pymortests.grid" file="src/pymortests/grid.py" line="80" name="test_subentities_entry_values_unique[&lt;lambda&gt;0]" time="0.0004360675811767578"><skipped message="Suite splitting in effect" type="pytest.skip">src/pymortests/grid.py:80: &lt;py._xmlgen.raw object at 0x7fb29d85ad68&gt;</skipped></testcase><testcase classname="src.pymortests.grid" file="src/pymortests/grid.py" line="80" name="test_subentities_entry_values_unique[&lt;lambda&gt;1]" time="0.0004181861877441406"><skipped message="Suite splitting in effect" type="pytest.skip">src/pymortests/grid.py:80: &lt;py._xmlgen.raw object at 0x7fb29d85a898&gt;</skipped></testcase><testcase classname="src.pymortests.grid" file="src/pymortests/grid.py" line="80" name="test_subentities_entry_values_unique[&lt;lambda&gt;2]" time="0.00044417381286621094"><skipped message="Suite splitting in effect" type="pytest.skip">src/pymortests/grid.py:80: &lt;py._xmlgen.raw object at 0x7fb29d84fda0&gt;</skipped></testcase><testcase classname="src.pymortests.grid" file="src/pymortests/grid.py" line="80" name="test_subentities_entry_values_unique[&lt;lambda&gt;3]" time="0.0004742145538330078"><skipped message="Suite splitting in effect" type="pytest.skip">src/pymortests/grid.py:80: &lt;py._xmlgen.raw object at 0x7fb29d85a828&gt;</skipped></testcase><testcase classname="src.pymortests.grid" file="src/pymortests/grid.py" line="80" name="test_subentities_entry_values_unique[&lt;lambda&gt;4]" time="0.0004820823669433594"><skipped message="Suite splitting in effect" type="pytest.skip">src/pymortests/grid.py:80: &lt;py._xmlgen.raw object at 0x7fb29d85a0b8&gt;</skipped></testcase><testcase classname="src.pymortests.grid" file="src/pymortests/grid.py" line="80" name="test_subentities_entry_values_unique[&lt;lambda&gt;5]" time="0.0004909038543701172"><skipped message="Suite splitting in effect" type="pytest.skip">src/pymortests/grid.py:80: &lt;py._xmlgen.raw object at 0x7fb29d864630&gt;</skipped></testcase><testcase classname="src.pymortests.grid" file="src/pymortests/grid.py" line="80" name="test_subentities_entry_values_unique[&lt;lambda&gt;6]" time="0.00042629241943359375"><skipped message="Suite splitting in effect" type="pytest.skip">src/pymortests/grid.py:80: &lt;py._xmlgen.raw object at 0x7fb2c75ce860&gt;</skipped></testcase><testcase classname="src.pymortests.grid" file="src/pymortests/grid.py" line="80" name="test_subentities_entry_values_unique[&lt;lambda&gt;7]" time="0.0004222393035888672"><skipped message="Suite splitting in effect" type="pytest.skip">src/pymortests/grid.py:80: &lt;py._xmlgen.raw object at 0x7fb29d86d358&gt;</skipped></testcase><testcase classname="src.pymortests.grid" file="src/pymortests/grid.py" line="80" name="test_subentities_entry_values_unique[&lt;lambda&gt;8]" time="0.0003979206085205078"><skipped message="Suite splitting in effect" type="pytest.skip">src/pymortests/grid.py:80: &lt;py._xmlgen.raw object at 0x7fb2c766dc50&gt;</skipped></testcase><testcase classname="src.pymortests.grid" file="src/pymortests/grid.py" line="80" name="test_subentities_entry_values_unique[&lt;lambda&gt;9]" time="0.0004260540008544922"><skipped message="Suite splitting in effect" type="pytest.skip">src/pymortests/grid.py:80: &lt;py._xmlgen.raw object at 0x7fb2c7631a20&gt;</skipped></testcase><testcase classname="src.pymortests.grid" file="src/pymortests/grid.py" line="80" name="test_subentities_entry_values_unique[&lt;lambda&gt;10]" time="0.0004177093505859375"><skipped message="Suite splitting in effect" type="pytest.skip">src/pymortests/grid.py:80: &lt;py._xmlgen.raw object at 0x7fb29d916080&gt;</skipped></testcase><testcase classname="src.pymortests.grid" file="src/pymortests/grid.py" line="80" name="test_subentities_entry_values_unique[&lt;lambda&gt;11]" time="0.0007731914520263672"><skipped message="Suite splitting in effect" type="pytest.skip">src/pymortests/grid.py:80: &lt;py._xmlgen.raw object at 0x7fb29d9160b8&gt;</skipped></testcase><testcase classname="src.pymortests.grid" file="src/pymortests/grid.py" line="80" name="test_subentities_entry_values_unique[&lt;lambda&gt;12]" time="0.0004107952117919922"><skipped message="Suite splitting in effect" type="pytest.skip">src/pymortests/grid.py:80: &lt;py._xmlgen.raw object at 0x7fb2c766df98&gt;</skipped></testcase><testcase classname="src.pymortests.grid" file="src/pymortests/grid.py" line="80" name="test_subentities_entry_values_unique[&lt;lambda&gt;13]" time="0.00041675567626953125"><skipped message="Suite splitting in effect" type="pytest.skip">src/pymortests/grid.py:80: &lt;py._xmlgen.raw object at 0x7fb29d86d6d8&gt;</skipped></testcase><testcase classname="src.pymortests.grid" file="src/pymortests/grid.py" line="80" name="test_subentities_entry_values_unique[&lt;lambda&gt;14]" time="0.0004622936248779297"><skipped message="Suite splitting in effect" type="pytest.skip">src/pymortests/grid.py:80: &lt;py._xmlgen.raw object at 0x7fb2c75ace80&gt;</skipped></testcase><testcase classname="src.pymortests.grid" file="src/pymortests/grid.py" line="80" name="test_subentities_entry_values_unique[&lt;lambda&gt;15]" time="0.0004744529724121094"><skipped message="Suite splitting in effect" type="pytest.skip">src/pymortests/grid.py:80: &lt;py._xmlgen.raw object at 0x7fb29d864cf8&gt;</skipped></testcase><testcase classname="src.pymortests.grid" file="src/pymortests/grid.py" line="80" name="test_subentities_entry_values_unique[&lt;lambda&gt;16]" time="0.0004248619079589844"><skipped message="Suite splitting in effect" type="pytest.skip">src/pymortests/grid.py:80: &lt;py._xmlgen.raw object at 0x7fb29d85a898&gt;</skipped></testcase><testcase classname="src.pymortests.grid" file="src/pymortests/grid.py" line="80" name="test_subentities_entry_values_unique[&lt;lambda&gt;17]" time="0.0004429817199707031"><skipped message="Suite splitting in effect" type="pytest.skip">src/pymortests/grid.py:80: &lt;py._xmlgen.raw object at 0x7fb29d84f860&gt;</skipped></testcase><testcase classname="src.pymortests.grid" file="src/pymortests/grid.py" line="80" name="test_subentities_entry_values_unique[&lt;lambda&gt;18]" time="0.0004944801330566406"><skipped message="Suite splitting in effect" type="pytest.skip">src/pymortests/grid.py:80: &lt;py._xmlgen.raw object at 0x7fb29d8b6400&gt;</skipped></testcase><testcase classname="src.pymortests.grid" file="src/pymortests/grid.py" line="80" name="test_subentities_entry_values_unique[&lt;lambda&gt;19]" time="0.0010685920715332031"><skipped message="Suite splitting in effect" type="pytest.skip">src/pymortests/grid.py:80: &lt;py._xmlgen.raw object at 0x7fb29d8e7e10&gt;</skipped></testcase><testcase classname="src.pymortests.grid" file="src/pymortests/grid.py" line="80" name="test_subentities_entry_values_unique[&lt;lambda&gt;20]" time="0.0004901885986328125"><skipped message="Suite splitting in effect" type="pytest.skip">src/pymortests/grid.py:80: &lt;py._xmlgen.raw object at 0x7fb2c764fbe0&gt;</skipped></testcase><testcase classname="src.pymortests.grid" file="src/pymortests/grid.py" line="80" name="test_subentities_entry_values_unique[&lt;lambda&gt;21]" time="0.0004162788391113281"><skipped message="Suite splitting in effect" type="pytest.skip">src/pymortests/grid.py:80: &lt;py._xmlgen.raw object at 0x7fb29d85a9b0&gt;</skipped></testcase><testcase classname="src.pymortests.grid" file="src/pymortests/grid.py" line="80" name="test_subentities_entry_values_unique[&lt;lambda&gt;22]" time="0.000431060791015625"><skipped message="Suite splitting in effect" type="pytest.skip">src/pymortests/grid.py:80: &lt;py._xmlgen.raw object at 0x7fb29d864748&gt;</skipped></testcase><testcase classname="src.pymortests.grid" file="src/pymortests/grid.py" line="80" name="test_subentities_entry_values_unique[&lt;lambda&gt;23]" time="0.0004208087921142578"><skipped message="Suite splitting in effect" type="pytest.skip">src/pymortests/grid.py:80: &lt;py._xmlgen.raw object at 0x7fb29d86dd68&gt;</skipped></testcase><testcase classname="src.pymortests.grid" file="src/pymortests/grid.py" line="80" name="test_subentities_entry_values_unique[&lt;lambda&gt;24]" time="0.0005114078521728516"><skipped message="Suite splitting in effect" type="pytest.skip">src/pymortests/grid.py:80: &lt;py._xmlgen.raw object at 0x7fb2c766d278&gt;</skipped></testcase><testcase classname="src.pymortests.grid" file="src/pymortests/grid.py" line="80" name="test_subentities_entry_values_unique[&lt;lambda&gt;25]" time="0.0004687309265136719"><skipped message="Suite splitting in effect" type="pytest.skip">src/pymortests/grid.py:80: &lt;py._xmlgen.raw object at 0x7fb29d916080&gt;</skipped></testcase><testcase classname="src.pymortests.grid" file="src/pymortests/grid.py" line="80" name="test_subentities_entry_values_unique[&lt;lambda&gt;26]" time="0.0004119873046875"><skipped message="Suite splitting in effect" type="pytest.skip">src/pymortests/grid.py:80: &lt;py._xmlgen.raw object at 0x7fb29d878b70&gt;</skipped></testcase><testcase classname="src.pymortests.grid" file="src/pymortests/grid.py" line="80" name="test_subentities_entry_values_unique[&lt;lambda&gt;27]" time="0.0007615089416503906"><skipped message="Suite splitting in effect" type="pytest.skip">src/pymortests/grid.py:80: &lt;py._xmlgen.raw object at 0x7fb29d8850f0&gt;</skipped></testcase><testcase classname="src.pymortests.grid" file="src/pymortests/grid.py" line="80" name="test_subentities_entry_values_unique[&lt;lambda&gt;28]" time="0.0004086494445800781"><skipped message="Suite splitting in effect" type="pytest.skip">src/pymortests/grid.py:80: &lt;py._xmlgen.raw object at 0x7fb29d878898&gt;</skipped></testcase><testcase classname="src.pymortests.grid" file="src/pymortests/grid.py" line="80" name="test_subentities_entry_values_unique[&lt;lambda&gt;29]" time="0.00041937828063964844"><skipped message="Suite splitting in effect" type="pytest.skip">src/pymortests/grid.py:80: &lt;py._xmlgen.raw object at 0x7fb2c7631a20&gt;</skipped></testcase><testcase classname="src.pymortests.grid" file="src/pymortests/grid.py" line="80" name="test_subentities_entry_values_unique[&lt;lambda&gt;30]" time="0.0004265308380126953"><skipped message="Suite splitting in effect" type="pytest.skip">src/pymortests/grid.py:80: &lt;py._xmlgen.raw object at 0x7fb29d86d898&gt;</skipped></testcase><testcase classname="src.pymortests.grid" file="src/pymortests/grid.py" line="80" name="test_subentities_entry_values_unique[&lt;lambda&gt;31]" time="0.0004177093505859375"><skipped message="Suite splitting in effect" type="pytest.skip">src/pymortests/grid.py:80: &lt;py._xmlgen.raw object at 0x7fb2c75acac8&gt;</skipped></testcase><testcase classname="src.pymortests.grid" file="src/pymortests/grid.py" line="80" name="test_subentities_entry_values_unique[&lt;lambda&gt;32]" time="0.00043702125549316406"><skipped message="Suite splitting in effect" type="pytest.skip">src/pymortests/grid.py:80: &lt;py._xmlgen.raw object at 0x7fb29d85ac50&gt;</skipped></testcase><testcase classname="src.pymortests.grid" file="src/pymortests/grid.py" line="80" name="test_subentities_entry_values_unique[&lt;lambda&gt;33]" time="0.00045418739318847656"><skipped message="Suite splitting in effect" type="pytest.skip">src/pymortests/grid.py:80: &lt;py._xmlgen.raw object at 0x7fb2c764fbe0&gt;</skipped></testcase><testcase classname="src.pymortests.grid" file="src/pymortests/grid.py" line="80" name="test_subentities_entry_values_unique[&lt;lambda&gt;34]" time="0.0004334449768066406"><skipped message="Suite splitting in effect" type="pytest.skip">src/pymortests/grid.py:80: &lt;py._xmlgen.raw object at 0x7fb29d8e7e10&gt;</skipped></testcase><testcase classname="src.pymortests.grid" file="src/pymortests/grid.py" line="80" name="test_subentities_entry_values_unique[&lt;lambda&gt;35]" time="0.0007143020629882812"><skipped message="Suite splitting in effect" type="pytest.skip">src/pymortests/grid.py:80: &lt;py._xmlgen.raw object at 0x7fb29d885630&gt;</skipped></testcase><testcase classname="src.pymortests.grid" file="src/pymortests/grid.py" line="80" name="test_subentities_entry_values_unique[&lt;lambda&gt;36]" time="0.0004341602325439453"><skipped message="Suite splitting in effect" type="pytest.skip">src/pymortests/grid.py:80: &lt;py._xmlgen.raw object at 0x7fb2c764ffd0&gt;</skipped></testcase><testcase classname="src.pymortests.grid" file="src/pymortests/grid.py" line="80" name="test_subentities_entry_values_unique[&lt;lambda&gt;37]" time="0.00043845176696777344"><skipped message="Suite splitting in effect" type="pytest.skip">src/pymortests/grid.py:80: &lt;py._xmlgen.raw object at 0x7fb29d8642b0&gt;</skipped></testcase><testcase classname="src.pymortests.grid" file="src/pymortests/grid.py" line="80" name="test_subentities_entry_values_unique[&lt;lambda&gt;38]" time="0.00044345855712890625"><skipped message="Suite splitting in effect" type="pytest.skip">src/pymortests/grid.py:80: &lt;py._xmlgen.raw object at 0x7fb29d89a4e0&gt;</skipped></testcase><testcase classname="src.pymortests.grid" file="src/pymortests/grid.py" line="80" name="test_subentities_entry_values_unique[&lt;lambda&gt;39]" time="0.00047659873962402344"><skipped message="Suite splitting in effect" type="pytest.skip">src/pymortests/grid.py:80: &lt;py._xmlgen.raw object at 0x7fb29d8c1390&gt;</skipped></testcase><testcase classname="src.pymortests.grid" file="src/pymortests/grid.py" line="80" name="test_subentities_entry_values_unique[&lt;lambda&gt;40]" time="0.0004360675811767578"><skipped message="Suite splitting in effect" type="pytest.skip">src/pymortests/grid.py:80: &lt;py._xmlgen.raw object at 0x7fb29d878e10&gt;</skipped></testcase><testcase classname="src.pymortests.grid" file="src/pymortests/grid.py" line="80" name="test_subentities_entry_values_unique[&lt;lambda&gt;41]" time="0.0004267692565917969"><skipped message="Suite splitting in effect" type="pytest.skip">src/pymortests/grid.py:80: &lt;py._xmlgen.raw object at 0x7fb29d878fd0&gt;</skipped></testcase><testcase classname="src.pymortests.grid" file="src/pymortests/grid.py" line="80" name="test_subentities_entry_values_unique[&lt;lambda&gt;42]" time="0.0004203319549560547"><skipped message="Suite splitting in effect" type="pytest.skip">src/pymortests/grid.py:80: &lt;py._xmlgen.raw object at 0x7fb29d885518&gt;</skipped></testcase><testcase classname="src.pymortests.grid" file="src/pymortests/grid.py" line="89" name="test_subentities_codim_d_codim_d[&lt;lambda&gt;0]" time="0.0004215240478515625"><skipped message="Suite splitting in effect" type="pytest.skip">src/pymortests/grid.py:89: &lt;py._xmlgen.raw object at 0x7fb29d885c50&gt;</skipped></testcase><testcase classname="src.pymortests.grid" file="src/pymortests/grid.py" line="89" name="test_subentities_codim_d_codim_d[&lt;lambda&gt;1]" time="0.00043702125549316406"><skipped message="Suite splitting in effect" type="pytest.skip">src/pymortests/grid.py:89: &lt;py._xmlgen.raw object at 0x7fb29d878ef0&gt;</skipped></testcase><testcase classname="src.pymortests.grid" file="src/pymortests/grid.py" line="89" name="test_subentities_codim_d_codim_d[&lt;lambda&gt;2]" time="0.000469207763671875"><skipped message="Suite splitting in effect" type="pytest.skip">src/pymortests/grid.py:89: &lt;py._xmlgen.raw object at 0x7fb2c76316d8&gt;</skipped></testcase><testcase classname="src.pymortests.grid" file="src/pymortests/grid.py" line="89" name="test_subentities_codim_d_codim_d[&lt;lambda&gt;3]" time="0.0004303455352783203"><skipped message="Suite splitting in effect" type="pytest.skip">src/pymortests/grid.py:89: &lt;py._xmlgen.raw object at 0x7fb2c7656b70&gt;</skipped></testcase><testcase classname="src.pymortests.grid" file="src/pymortests/grid.py" line="89" name="test_subentities_codim_d_codim_d[&lt;lambda&gt;4]" time="0.00044989585876464844"><skipped message="Suite splitting in effect" type="pytest.skip">src/pymortests/grid.py:89: &lt;py._xmlgen.raw object at 0x7fb29d864ac8&gt;</skipped></testcase><testcase classname="src.pymortests.grid" file="src/pymortests/grid.py" line="89" name="test_subentities_codim_d_codim_d[&lt;lambda&gt;5]" time="0.0004341602325439453"><skipped message="Suite splitting in effect" type="pytest.skip">src/pymortests/grid.py:89: &lt;py._xmlgen.raw object at 0x7fb29d84fda0&gt;</skipped></testcase><testcase classname="src.pymortests.grid" file="src/pymortests/grid.py" line="89" name="test_subentities_codim_d_codim_d[&lt;lambda&gt;6]" time="0.0004687309265136719"><skipped message="Suite splitting in effect" type="pytest.skip">src/pymortests/grid.py:89: &lt;py._xmlgen.raw object at 0x7fb29d885d30&gt;</skipped></testcase><testcase classname="src.pymortests.grid" file="src/pymortests/grid.py" line="89" name="test_subentities_codim_d_codim_d[&lt;lambda&gt;7]" time="0.0004584789276123047"><skipped message="Suite splitting in effect" type="pytest.skip">src/pymortests/grid.py:89: &lt;py._xmlgen.raw object at 0x7fb29d885588&gt;</skipped></testcase><testcase classname="src.pymortests.grid" file="src/pymortests/grid.py" line="89" name="test_subentities_codim_d_codim_d[&lt;lambda&gt;8]" time="0.0004260540008544922"><skipped message="Suite splitting in effect" type="pytest.skip">src/pymortests/grid.py:89: &lt;py._xmlgen.raw object at 0x7fb29d812198&gt;</skipped></testcase><testcase classname="src.pymortests.grid" file="src/pymortests/grid.py" line="89" name="test_subentities_codim_d_codim_d[&lt;lambda&gt;9]" time="0.0007607936859130859"><skipped message="Suite splitting in effect" type="pytest.skip">src/pymortests/grid.py:89: &lt;py._xmlgen.raw object at 0x7fb29d8857f0&gt;</skipped></testcase><testcase classname="src.pymortests.grid" file="src/pymortests/grid.py" line="89" name="test_subentities_codim_d_codim_d[&lt;lambda&gt;10]" time="0.0004253387451171875"><skipped message="Suite splitting in effect" type="pytest.skip">src/pymortests/grid.py:89: &lt;py._xmlgen.raw object at 0x7fb2c764fd30&gt;</skipped></testcase><testcase classname="src.pymortests.grid" file="src/pymortests/grid.py" line="89" name="test_subentities_codim_d_codim_d[&lt;lambda&gt;11]" time="0.000438690185546875"><skipped message="Suite splitting in effect" type="pytest.skip">src/pymortests/grid.py:89: &lt;py._xmlgen.raw object at 0x7fb29d864f98&gt;</skipped></testcase><testcase classname="src.pymortests.grid" file="src/pymortests/grid.py" line="89" name="test_subentities_codim_d_codim_d[&lt;lambda&gt;12]" time="0.00044655799865722656"><skipped message="Suite splitting in effect" type="pytest.skip">src/pymortests/grid.py:89: &lt;py._xmlgen.raw object at 0x7fb2c7656b70&gt;</skipped></testcase><testcase classname="src.pymortests.grid" file="src/pymortests/grid.py" line="89" name="test_subentities_codim_d_codim_d[&lt;lambda&gt;13]" time="0.00041556358337402344"><skipped message="Suite splitting in effect" type="pytest.skip">src/pymortests/grid.py:89: &lt;py._xmlgen.raw object at 0x7fb2c76ae0b8&gt;</skipped></testcase><testcase classname="src.pymortests.grid" file="src/pymortests/grid.py" line="89" name="test_subentities_codim_d_codim_d[&lt;lambda&gt;14]" time="0.00043129920959472656"><skipped message="Suite splitting in effect" type="pytest.skip">src/pymortests/grid.py:89: &lt;py._xmlgen.raw object at 0x7fb2c76dd860&gt;</skipped></testcase><testcase classname="src.pymortests.grid" file="src/pymortests/grid.py" line="89" name="test_subentities_codim_d_codim_d[&lt;lambda&gt;15]" time="0.0004191398620605469"><skipped message="Suite splitting in effect" type="pytest.skip">src/pymortests/grid.py:89: &lt;py._xmlgen.raw object at 0x7fb29d812358&gt;</skipped></testcase><testcase classname="src.pymortests.grid" file="src/pymortests/grid.py" line="89" name="test_subentities_codim_d_codim_d[&lt;lambda&gt;16]" time="0.00044608116149902344"><skipped message="Suite splitting in effect" type="pytest.skip">src/pymortests/grid.py:89: &lt;py._xmlgen.raw object at 0x7fb29d8126d8&gt;</skipped></testcase><testcase classname="src.pymortests.grid" file="src/pymortests/grid.py" line="89" name="test_subentities_codim_d_codim_d[&lt;lambda&gt;17]" time="0.0007004737854003906"><skipped message="Suite splitting in effect" type="pytest.skip">src/pymortests/grid.py:89: &lt;py._xmlgen.raw object at 0x7fb29d878c18&gt;</skipped></testcase><testcase classname="src.pymortests.grid" file="src/pymortests/grid.py" line="89" name="test_subentities_codim_d_codim_d[&lt;lambda&gt;18]" time="0.0006530284881591797"><skipped message="Suite splitting in effect" type="pytest.skip">src/pymortests/grid.py:89: &lt;py._xmlgen.raw object at 0x7fb2c76ddba8&gt;</skipped></testcase><testcase classname="src.pymortests.grid" file="src/pymortests/grid.py" line="89" name="test_subentities_codim_d_codim_d[&lt;lambda&gt;19]" time="0.0005202293395996094"><skipped message="Suite splitting in effect" type="pytest.skip">src/pymortests/grid.py:89: &lt;py._xmlgen.raw object at 0x7fb29d86dd68&gt;</skipped></testcase><testcase classname="src.pymortests.grid" file="src/pymortests/grid.py" line="89" name="test_subentities_codim_d_codim_d[&lt;lambda&gt;20]" time="0.00043892860412597656"><skipped message="Suite splitting in effect" type="pytest.skip">src/pymortests/grid.py:89: &lt;py._xmlgen.raw object at 0x7fb29d864ac8&gt;</skipped></testcase><testcase classname="src.pymortests.grid" file="src/pymortests/grid.py" line="89" name="test_subentities_codim_d_codim_d[&lt;lambda&gt;21]" time="0.0004773139953613281"><skipped message="Suite splitting in effect" type="pytest.skip">src/pymortests/grid.py:89: &lt;py._xmlgen.raw object at 0x7fb2c764f160&gt;</skipped></testcase><testcase classname="src.pymortests.grid" file="src/pymortests/grid.py" line="89" name="test_subentities_codim_d_codim_d[&lt;lambda&gt;22]" time="0.00043892860412597656"><skipped message="Suite splitting in effect" type="pytest.skip">src/pymortests/grid.py:89: &lt;py._xmlgen.raw object at 0x7fb29d885a58&gt;</skipped></testcase><testcase classname="src.pymortests.grid" file="src/pymortests/grid.py" line="89" name="test_subentities_codim_d_codim_d[&lt;lambda&gt;23]" time="0.0004279613494873047"><skipped message="Suite splitting in effect" type="pytest.skip">src/pymortests/grid.py:89: &lt;py._xmlgen.raw object at 0x7fb29d812278&gt;</skipped></testcase><testcase classname="src.pymortests.grid" file="src/pymortests/grid.py" line="89" name="test_subentities_codim_d_codim_d[&lt;lambda&gt;24]" time="0.0004930496215820312"><skipped message="Suite splitting in effect" type="pytest.skip">src/pymortests/grid.py:89: &lt;py._xmlgen.raw object at 0x7fb29d812fd0&gt;</skipped></testcase><testcase classname="src.pymortests.grid" file="src/pymortests/grid.py" line="89" name="test_subentities_codim_d_codim_d[&lt;lambda&gt;25]" time="0.0007982254028320312"><skipped message="Suite splitting in effect" type="pytest.skip">src/pymortests/grid.py:89: &lt;py._xmlgen.raw object at 0x7fb29d81b518&gt;</skipped></testcase><testcase classname="src.pymortests.grid" file="src/pymortests/grid.py" line="89" name="test_subentities_codim_d_codim_d[&lt;lambda&gt;26]" time="0.0004119873046875"><skipped message="Suite splitting in effect" type="pytest.skip">src/pymortests/grid.py:89: &lt;py._xmlgen.raw object at 0x7fb29d8126d8&gt;</skipped></testcase><testcase classname="src.pymortests.grid" file="src/pymortests/grid.py" line="89" name="test_subentities_codim_d_codim_d[&lt;lambda&gt;27]" time="0.0004761219024658203"><skipped message="Suite splitting in effect" type="pytest.skip">src/pymortests/grid.py:89: &lt;py._xmlgen.raw object at 0x7fb29d885048&gt;</skipped></testcase><testcase classname="src.pymortests.grid" file="src/pymortests/grid.py" line="89" name="test_subentities_codim_d_codim_d[&lt;lambda&gt;28]" time="0.0004248619079589844"><skipped message="Suite splitting in effect" type="pytest.skip">src/pymortests/grid.py:89: &lt;py._xmlgen.raw object at 0x7fb2c764f550&gt;</skipped></testcase><testcase classname="src.pymortests.grid" file="src/pymortests/grid.py" line="89" name="test_subentities_codim_d_codim_d[&lt;lambda&gt;29]" time="0.00045228004455566406"><skipped message="Suite splitting in effect" type="pytest.skip">src/pymortests/grid.py:89: &lt;py._xmlgen.raw object at 0x7fb29d8c1390&gt;</skipped></testcase><testcase classname="src.pymortests.grid" file="src/pymortests/grid.py" line="89" name="test_subentities_codim_d_codim_d[&lt;lambda&gt;30]" time="0.0004200935363769531"><skipped message="Suite splitting in effect" type="pytest.skip">src/pymortests/grid.py:89: &lt;py._xmlgen.raw object at 0x7fb2c76c5390&gt;</skipped></testcase><testcase classname="src.pymortests.grid" file="src/pymortests/grid.py" line="89" name="test_subentities_codim_d_codim_d[&lt;lambda&gt;31]" time="0.00043845176696777344"><skipped message="Suite splitting in effect" type="pytest.skip">src/pymortests/grid.py:89: &lt;py._xmlgen.raw object at 0x7fb29d878c88&gt;</skipped></testcase><testcase classname="src.pymortests.grid" file="src/pymortests/grid.py" line="89" name="test_subentities_codim_d_codim_d[&lt;lambda&gt;32]" time="0.00043320655822753906"><skipped message="Suite splitting in effect" type="pytest.skip">src/pymortests/grid.py:89: &lt;py._xmlgen.raw object at 0x7fb29d81b438&gt;</skipped></testcase><testcase classname="src.pymortests.grid" file="src/pymortests/grid.py" line="89" name="test_subentities_codim_d_codim_d[&lt;lambda&gt;33]" time="0.0007674694061279297"><skipped message="Suite splitting in effect" type="pytest.skip">src/pymortests/grid.py:89: &lt;py._xmlgen.raw object at 0x7fb29d81ba58&gt;</skipped></testcase><testcase classname="src.pymortests.grid" file="src/pymortests/grid.py" line="89" name="test_subentities_codim_d_codim_d[&lt;lambda&gt;34]" time="0.00046062469482421875"><skipped message="Suite splitting in effect" type="pytest.skip">src/pymortests/grid.py:89: &lt;py._xmlgen.raw object at 0x7fb2c76ae9e8&gt;</skipped></testcase><testcase classname="src.pymortests.grid" file="src/pymortests/grid.py" line="89" name="test_subentities_codim_d_codim_d[&lt;lambda&gt;35]" time="0.0004589557647705078"><skipped message="Suite splitting in effect" type="pytest.skip">src/pymortests/grid.py:89: &lt;py._xmlgen.raw object at 0x7fb29d86def0&gt;</skipped></testcase><testcase classname="src.pymortests.grid" file="src/pymortests/grid.py" line="89" name="test_subentities_codim_d_codim_d[&lt;lambda&gt;36]" time="0.0004215240478515625"><skipped message="Suite splitting in effect" type="pytest.skip">src/pymortests/grid.py:89: &lt;py._xmlgen.raw object at 0x7fb29d8b62b0&gt;</skipped></testcase><testcase classname="src.pymortests.grid" file="src/pymortests/grid.py" line="89" name="test_subentities_codim_d_codim_d[&lt;lambda&gt;37]" time="0.0004496574401855469"><skipped message="Suite splitting in effect" type="pytest.skip">src/pymortests/grid.py:89: &lt;py._xmlgen.raw object at 0x7fb29d8851d0&gt;</skipped></testcase><testcase classname="src.pymortests.grid" file="src/pymortests/grid.py" line="89" name="test_subentities_codim_d_codim_d[&lt;lambda&gt;38]" time="0.0004646778106689453"><skipped message="Suite splitting in effect" type="pytest.skip">src/pymortests/grid.py:89: &lt;py._xmlgen.raw object at 0x7fb29d812c18&gt;</skipped></testcase><testcase classname="src.pymortests.grid" file="src/pymortests/grid.py" line="89" name="test_subentities_codim_d_codim_d[&lt;lambda&gt;39]" time="0.0004482269287109375"><skipped message="Suite splitting in effect" type="pytest.skip">src/pymortests/grid.py:89: &lt;py._xmlgen.raw object at 0x7fb29d81bc18&gt;</skipped></testcase><testcase classname="src.pymortests.grid" file="src/pymortests/grid.py" line="89" name="test_subentities_codim_d_codim_d[&lt;lambda&gt;40]" time="0.0004277229309082031"><skipped message="Suite splitting in effect" type="pytest.skip">src/pymortests/grid.py:89: &lt;py._xmlgen.raw object at 0x7fb29d81b278&gt;</skipped></testcase><testcase classname="src.pymortests.grid" file="src/pymortests/grid.py" line="89" name="test_subentities_codim_d_codim_d[&lt;lambda&gt;41]" time="0.00043392181396484375"><skipped message="Suite splitting in effect" type="pytest.skip">src/pymortests/grid.py:89: &lt;py._xmlgen.raw object at 0x7fb29d8260b8&gt;</skipped></testcase><testcase classname="src.pymortests.grid" file="src/pymortests/grid.py" line="89" name="test_subentities_codim_d_codim_d[&lt;lambda&gt;42]" time="0.0004444122314453125"><skipped message="Suite splitting in effect" type="pytest.skip">src/pymortests/grid.py:89: &lt;py._xmlgen.raw object at 0x7fb29d81bf98&gt;</skipped></testcase><testcase classname="src.pymortests.grid" file="src/pymortests/grid.py" line="96" name="test_subentities_transitivity[&lt;lambda&gt;0]" time="0.00044536590576171875"><skipped message="Suite splitting in effect" type="pytest.skip">src/pymortests/grid.py:96: &lt;py._xmlgen.raw object at 0x7fb29d81b9b0&gt;</skipped></testcase><testcase classname="src.pymortests.grid" file="src/pymortests/grid.py" line="96" name="test_subentities_transitivity[&lt;lambda&gt;1]" time="0.00043272972106933594"><skipped message="Suite splitting in effect" type="pytest.skip">src/pymortests/grid.py:96: &lt;py._xmlgen.raw object at 0x7fb29d8120b8&gt;</skipped></testcase><testcase classname="src.pymortests.grid" file="src/pymortests/grid.py" line="96" name="test_subentities_transitivity[&lt;lambda&gt;2]" time="0.000507354736328125"><skipped message="Suite splitting in effect" type="pytest.skip">src/pymortests/grid.py:96: &lt;py._xmlgen.raw object at 0x7fb29d885d30&gt;</skipped></testcase><testcase classname="src.pymortests.grid" file="src/pymortests/grid.py" line="96" name="test_subentities_transitivity[&lt;lambda&gt;3]" time="0.0004885196685791016"><skipped message="Suite splitting in effect" type="pytest.skip">src/pymortests/grid.py:96: &lt;py._xmlgen.raw object at 0x7fb29d864ac8&gt;</skipped></testcase><testcase classname="src.pymortests.grid" file="src/pymortests/grid.py" line="96" name="test_subentities_transitivity[&lt;lambda&gt;4]" time="0.00041484832763671875"><skipped message="Suite splitting in effect" type="pytest.skip">src/pymortests/grid.py:96: &lt;py._xmlgen.raw object at 0x7fb2c76ae2b0&gt;</skipped></testcase><testcase classname="src.pymortests.grid" file="src/pymortests/grid.py" line="96" name="test_subentities_transitivity[&lt;lambda&gt;5]" time="0.00041413307189941406"><skipped message="Suite splitting in effect" type="pytest.skip">src/pymortests/grid.py:96: &lt;py._xmlgen.raw object at 0x7fb2c76ddb00&gt;</skipped></testcase><testcase classname="src.pymortests.grid" file="src/pymortests/grid.py" line="96" name="test_subentities_transitivity[&lt;lambda&gt;6]" time="0.00043082237243652344"><skipped message="Suite splitting in effect" type="pytest.skip">src/pymortests/grid.py:96: &lt;py._xmlgen.raw object at 0x7fb29d8265c0&gt;</skipped></testcase><testcase classname="src.pymortests.grid" file="src/pymortests/grid.py" line="96" name="test_subentities_transitivity[&lt;lambda&gt;7]" time="0.0004572868347167969"><skipped message="Suite splitting in effect" type="pytest.skip">src/pymortests/grid.py:96: &lt;py._xmlgen.raw object at 0x7fb2c75ce1d0&gt;</skipped></testcase><testcase classname="src.pymortests.grid" file="src/pymortests/grid.py" line="96" name="test_subentities_transitivity[&lt;lambda&gt;8]" time="0.0004355907440185547"><skipped message="Suite splitting in effect" type="pytest.skip">src/pymortests/grid.py:96: &lt;py._xmlgen.raw object at 0x7fb29d81bb70&gt;</skipped></testcase><testcase classname="src.pymortests.grid" file="src/pymortests/grid.py" line="96" name="test_subentities_transitivity[&lt;lambda&gt;9]" time="0.0004649162292480469"><skipped message="Suite splitting in effect" type="pytest.skip">src/pymortests/grid.py:96: &lt;py._xmlgen.raw object at 0x7fb29d81b8d0&gt;</skipped></testcase><testcase classname="src.pymortests.grid" file="src/pymortests/grid.py" line="96" name="test_subentities_transitivity[&lt;lambda&gt;10]" time="0.00039649009704589844"><skipped message="Suite splitting in effect" type="pytest.skip">src/pymortests/grid.py:96: &lt;py._xmlgen.raw object at 0x7fb2c76c5470&gt;</skipped></testcase><testcase classname="src.pymortests.grid" file="src/pymortests/grid.py" line="96" name="test_subentities_transitivity[&lt;lambda&gt;11]" time="0.0004756450653076172"><skipped message="Suite splitting in effect" type="pytest.skip">src/pymortests/grid.py:96: &lt;py._xmlgen.raw object at 0x7fb29d812550&gt;</skipped></testcase><testcase classname="src.pymortests.grid" file="src/pymortests/grid.py" line="96" name="test_subentities_transitivity[&lt;lambda&gt;12]" time="0.0004172325134277344"><skipped message="Suite splitting in effect" type="pytest.skip">src/pymortests/grid.py:96: &lt;py._xmlgen.raw object at 0x7fb29d8129b0&gt;</skipped></testcase><testcase classname="src.pymortests.grid" file="src/pymortests/grid.py" line="96" name="test_subentities_transitivity[&lt;lambda&gt;13]" time="0.0004432201385498047"><skipped message="Suite splitting in effect" type="pytest.skip">src/pymortests/grid.py:96: &lt;py._xmlgen.raw object at 0x7fb29d885400&gt;</skipped></testcase><testcase classname="src.pymortests.grid" file="src/pymortests/grid.py" line="96" name="test_subentities_transitivity[&lt;lambda&gt;14]" time="0.0004374980926513672"><skipped message="Suite splitting in effect" type="pytest.skip">src/pymortests/grid.py:96: &lt;py._xmlgen.raw object at 0x7fb29d878fd0&gt;</skipped></testcase><testcase classname="src.pymortests.grid" file="src/pymortests/grid.py" line="96" name="test_subentities_transitivity[&lt;lambda&gt;15]" time="0.0007474422454833984"><skipped message="Suite splitting in effect" type="pytest.skip">src/pymortests/grid.py:96: &lt;py._xmlgen.raw object at 0x7fb29d8850f0&gt;</skipped></testcase><testcase classname="src.pymortests.grid" file="src/pymortests/grid.py" line="96" name="test_subentities_transitivity[&lt;lambda&gt;16]" time="0.00042748451232910156"><skipped message="Suite splitting in effect" type="pytest.skip">src/pymortests/grid.py:96: &lt;py._xmlgen.raw object at 0x7fb29d8121d0&gt;</skipped></testcase><testcase classname="src.pymortests.grid" file="src/pymortests/grid.py" line="96" name="test_subentities_transitivity[&lt;lambda&gt;17]" time="0.00044918060302734375"><skipped message="Suite splitting in effect" type="pytest.skip">src/pymortests/grid.py:96: &lt;py._xmlgen.raw object at 0x7fb2c76c5828&gt;</skipped></testcase><testcase classname="src.pymortests.grid" file="src/pymortests/grid.py" line="96" name="test_subentities_transitivity[&lt;lambda&gt;18]" time="0.0004336833953857422"><skipped message="Suite splitting in effect" type="pytest.skip">src/pymortests/grid.py:96: &lt;py._xmlgen.raw object at 0x7fb29d81be80&gt;</skipped></testcase><testcase classname="src.pymortests.grid" file="src/pymortests/grid.py" line="96" name="test_subentities_transitivity[&lt;lambda&gt;19]" time="0.00041961669921875"><skipped message="Suite splitting in effect" type="pytest.skip">src/pymortests/grid.py:96: &lt;py._xmlgen.raw object at 0x7fb29d84f860&gt;</skipped></testcase><testcase classname="src.pymortests.grid" file="src/pymortests/grid.py" line="96" name="test_subentities_transitivity[&lt;lambda&gt;20]" time="0.00043082237243652344"><skipped message="Suite splitting in effect" type="pytest.skip">src/pymortests/grid.py:96: &lt;py._xmlgen.raw object at 0x7fb2c76a8b38&gt;</skipped></testcase><testcase classname="src.pymortests.grid" file="src/pymortests/grid.py" line="96" name="test_subentities_transitivity[&lt;lambda&gt;21]" time="0.00044274330139160156"><skipped message="Suite splitting in effect" type="pytest.skip">src/pymortests/grid.py:96: &lt;py._xmlgen.raw object at 0x7fb2c7661fd0&gt;</skipped></testcase><testcase classname="src.pymortests.grid" file="src/pymortests/grid.py" line="96" name="test_subentities_transitivity[&lt;lambda&gt;22]" time="0.0004200935363769531"><skipped message="Suite splitting in effect" type="pytest.skip">src/pymortests/grid.py:96: &lt;py._xmlgen.raw object at 0x7fb29d9d0860&gt;</skipped></testcase><testcase classname="src.pymortests.grid" file="src/pymortests/grid.py" line="96" name="test_subentities_transitivity[&lt;lambda&gt;23]" time="0.0004677772521972656"><skipped message="Suite splitting in effect" type="pytest.skip">src/pymortests/grid.py:96: &lt;py._xmlgen.raw object at 0x7fb29d89add8&gt;</skipped></testcase><testcase classname="src.pymortests.grid" file="src/pymortests/grid.py" line="96" name="test_subentities_transitivity[&lt;lambda&gt;24]" time="0.00041294097900390625"><skipped message="Suite splitting in effect" type="pytest.skip">src/pymortests/grid.py:96: &lt;py._xmlgen.raw object at 0x7fb2c75ce1d0&gt;</skipped></testcase><testcase classname="src.pymortests.grid" file="src/pymortests/grid.py" line="96" name="test_subentities_transitivity[&lt;lambda&gt;25]" time="0.000423431396484375"><skipped message="Suite splitting in effect" type="pytest.skip">src/pymortests/grid.py:96: &lt;py._xmlgen.raw object at 0x7fb2c7580780&gt;</skipped></testcase><testcase classname="src.pymortests.grid" file="src/pymortests/grid.py" line="96" name="test_subentities_transitivity[&lt;lambda&gt;26]" time="0.00042891502380371094"><skipped message="Suite splitting in effect" type="pytest.skip">src/pymortests/grid.py:96: &lt;py._xmlgen.raw object at 0x7fb29d81bb38&gt;</skipped></testcase><testcase classname="src.pymortests.grid" file="src/pymortests/grid.py" line="96" name="test_subentities_transitivity[&lt;lambda&gt;27]" time="0.00042247772216796875"><skipped message="Suite splitting in effect" type="pytest.skip">src/pymortests/grid.py:96: &lt;py._xmlgen.raw object at 0x7fb29d81bda0&gt;</skipped></testcase><testcase classname="src.pymortests.grid" file="src/pymortests/grid.py" line="96" name="test_subentities_transitivity[&lt;lambda&gt;28]" time="0.0004279613494873047"><skipped message="Suite splitting in effect" type="pytest.skip">src/pymortests/grid.py:96: &lt;py._xmlgen.raw object at 0x7fb29d812e10&gt;</skipped></testcase><testcase classname="src.pymortests.grid" file="src/pymortests/grid.py" line="96" name="test_subentities_transitivity[&lt;lambda&gt;29]" time="0.0004165172576904297"><skipped message="Suite splitting in effect" type="pytest.skip">src/pymortests/grid.py:96: &lt;py._xmlgen.raw object at 0x7fb29d885588&gt;</skipped></testcase><testcase classname="src.pymortests.grid" file="src/pymortests/grid.py" line="96" name="test_subentities_transitivity[&lt;lambda&gt;30]" time="0.00046825408935546875"><skipped message="Suite splitting in effect" type="pytest.skip">src/pymortests/grid.py:96: &lt;py._xmlgen.raw object at 0x7fb29d826208&gt;</skipped></testcase><testcase classname="src.pymortests.grid" file="src/pymortests/grid.py" line="96" name="test_subentities_transitivity[&lt;lambda&gt;31]" time="0.0007243156433105469"><skipped message="Suite splitting in effect" type="pytest.skip">src/pymortests/grid.py:96: &lt;py._xmlgen.raw object at 0x7fb29d826cc0&gt;</skipped></testcase><testcase classname="src.pymortests.grid" file="src/pymortests/grid.py" line="96" name="test_subentities_transitivity[&lt;lambda&gt;32]" time="0.00045299530029296875"><skipped message="Suite splitting in effect" type="pytest.skip">src/pymortests/grid.py:96: &lt;py._xmlgen.raw object at 0x7fb29d812dd8&gt;</skipped></testcase><testcase classname="src.pymortests.grid" file="src/pymortests/grid.py" line="96" name="test_subentities_transitivity[&lt;lambda&gt;33]" time="0.0004372596740722656"><skipped message="Suite splitting in effect" type="pytest.skip">src/pymortests/grid.py:96: &lt;py._xmlgen.raw object at 0x7fb2c7585240&gt;</skipped></testcase><testcase classname="src.pymortests.grid" file="src/pymortests/grid.py" line="96" name="test_subentities_transitivity[&lt;lambda&gt;34]" time="0.0004112720489501953"><skipped message="Suite splitting in effect" type="pytest.skip">src/pymortests/grid.py:96: &lt;py._xmlgen.raw object at 0x7fb29d81b898&gt;</skipped></testcase><testcase classname="src.pymortests.grid" file="src/pymortests/grid.py" line="96" name="test_subentities_transitivity[&lt;lambda&gt;35]" time="0.0004012584686279297"><skipped message="Suite splitting in effect" type="pytest.skip">src/pymortests/grid.py:96: &lt;py._xmlgen.raw object at 0x7fb2c7580e10&gt;</skipped></testcase><testcase classname="src.pymortests.grid" file="src/pymortests/grid.py" line="96" name="test_subentities_transitivity[&lt;lambda&gt;36]" time="0.0004200935363769531"><skipped message="Suite splitting in effect" type="pytest.skip">src/pymortests/grid.py:96: &lt;py._xmlgen.raw object at 0x7fb29d878780&gt;</skipped></testcase><testcase classname="src.pymortests.grid" file="src/pymortests/grid.py" line="96" name="test_subentities_transitivity[&lt;lambda&gt;37]" time="0.0004324913024902344"><skipped message="Suite splitting in effect" type="pytest.skip">src/pymortests/grid.py:96: &lt;py._xmlgen.raw object at 0x7fb29d826940&gt;</skipped></testcase><testcase classname="src.pymortests.grid" file="src/pymortests/grid.py" line="96" name="test_subentities_transitivity[&lt;lambda&gt;38]" time="0.0004439353942871094"><skipped message="Suite splitting in effect" type="pytest.skip">src/pymortests/grid.py:96: &lt;py._xmlgen.raw object at 0x7fb29d826358&gt;</skipped></testcase><testcase classname="src.pymortests.grid" file="src/pymortests/grid.py" line="96" name="test_subentities_transitivity[&lt;lambda&gt;39]" time="0.0004119873046875"><skipped message="Suite splitting in effect" type="pytest.skip">src/pymortests/grid.py:96: &lt;py._xmlgen.raw object at 0x7fb29d835240&gt;</skipped></testcase><testcase classname="src.pymortests.grid" file="src/pymortests/grid.py" line="96" name="test_subentities_transitivity[&lt;lambda&gt;40]" time="0.0004897117614746094"><skipped message="Suite splitting in effect" type="pytest.skip">src/pymortests/grid.py:96: &lt;py._xmlgen.raw object at 0x7fb29d826358&gt;</skipped></testcase><testcase classname="src.pymortests.grid" file="src/pymortests/grid.py" line="96" name="test_subentities_transitivity[&lt;lambda&gt;41]" time="0.0004703998565673828"><skipped message="Suite splitting in effect" type="pytest.skip">src/pymortests/grid.py:96: &lt;py._xmlgen.raw object at 0x7fb29d8783c8&gt;</skipped></testcase><testcase classname="src.pymortests.grid" file="src/pymortests/grid.py" line="96" name="test_subentities_transitivity[&lt;lambda&gt;42]" time="0.0004363059997558594"><skipped message="Suite splitting in effect" type="pytest.skip">src/pymortests/grid.py:96: &lt;py._xmlgen.raw object at 0x7fb2c7580780&gt;</skipped></testcase><testcase classname="src.pymortests.grid" file="src/pymortests/grid.py" line="110" name="test_superentities_wrong_arguments[&lt;lambda&gt;0]" time="0.0004458427429199219"><skipped message="Suite splitting in effect" type="pytest.skip">src/pymortests/grid.py:110: &lt;py._xmlgen.raw object at 0x7fb29d81b898&gt;</skipped></testcase><testcase classname="src.pymortests.grid" file="src/pymortests/grid.py" line="110" name="test_superentities_wrong_arguments[&lt;lambda&gt;1]" time="0.0004220008850097656"><skipped message="Suite splitting in effect" type="pytest.skip">src/pymortests/grid.py:110: &lt;py._xmlgen.raw object at 0x7fb2c7585c18&gt;</skipped></testcase><testcase classname="src.pymortests.grid" file="src/pymortests/grid.py" line="110" name="test_superentities_wrong_arguments[&lt;lambda&gt;2]" time="0.00044918060302734375"><skipped message="Suite splitting in effect" type="pytest.skip">src/pymortests/grid.py:110: &lt;py._xmlgen.raw object at 0x7fb29d812fd0&gt;</skipped></testcase><testcase classname="src.pymortests.grid" file="src/pymortests/grid.py" line="110" name="test_superentities_wrong_arguments[&lt;lambda&gt;3]" time="0.00042176246643066406"><skipped message="Suite splitting in effect" type="pytest.skip">src/pymortests/grid.py:110: &lt;py._xmlgen.raw object at 0x7fb29d835320&gt;</skipped></testcase><testcase classname="src.pymortests.grid" file="src/pymortests/grid.py" line="110" name="test_superentities_wrong_arguments[&lt;lambda&gt;4]" time="0.0004360675811767578"><skipped message="Suite splitting in effect" type="pytest.skip">src/pymortests/grid.py:110: &lt;py._xmlgen.raw object at 0x7fb29d835748&gt;</skipped></testcase><testcase classname="src.pymortests.grid" file="src/pymortests/grid.py" line="110" name="test_superentities_wrong_arguments[&lt;lambda&gt;5]" time="0.0007295608520507812"><skipped message="Suite splitting in effect" type="pytest.skip">src/pymortests/grid.py:110: &lt;py._xmlgen.raw object at 0x7fb29d8124a8&gt;</skipped></testcase><testcase classname="src.pymortests.grid" file="src/pymortests/grid.py" line="110" name="test_superentities_wrong_arguments[&lt;lambda&gt;6]" time="0.0004324913024902344"><skipped message="Suite splitting in effect" type="pytest.skip">src/pymortests/grid.py:110: &lt;py._xmlgen.raw object at 0x7fb2c76c5b70&gt;</skipped></testcase><testcase classname="src.pymortests.grid" file="src/pymortests/grid.py" line="110" name="test_superentities_wrong_arguments[&lt;lambda&gt;7]" time="0.0004668235778808594"><skipped message="Suite splitting in effect" type="pytest.skip">src/pymortests/grid.py:110: &lt;py._xmlgen.raw object at 0x7fb29d81b9b0&gt;</skipped></testcase><testcase classname="src.pymortests.grid" file="src/pymortests/grid.py" line="110" name="test_superentities_wrong_arguments[&lt;lambda&gt;8]" time="0.0004534721374511719"><skipped message="Suite splitting in effect" type="pytest.skip">src/pymortests/grid.py:110: &lt;py._xmlgen.raw object at 0x7fb2c7580780&gt;</skipped></testcase><testcase classname="src.pymortests.grid" file="src/pymortests/grid.py" line="110" name="test_superentities_wrong_arguments[&lt;lambda&gt;9]" time="0.00041556358337402344"><skipped message="Suite splitting in effect" type="pytest.skip">src/pymortests/grid.py:110: &lt;py._xmlgen.raw object at 0x7fb29d826978&gt;</skipped></testcase><testcase classname="src.pymortests.grid" file="src/pymortests/grid.py" line="110" name="test_superentities_wrong_arguments[&lt;lambda&gt;10]" time="0.00043082237243652344"><skipped message="Suite splitting in effect" type="pytest.skip">src/pymortests/grid.py:110: &lt;py._xmlgen.raw object at 0x7fb29d826f28&gt;</skipped></testcase><testcase classname="src.pymortests.grid" file="src/pymortests/grid.py" line="110" name="test_superentities_wrong_arguments[&lt;lambda&gt;11]" time="0.0004162788391113281"><skipped message="Suite splitting in effect" type="pytest.skip">src/pymortests/grid.py:110: &lt;py._xmlgen.raw object at 0x7fb29d835550&gt;</skipped></testcase><testcase classname="src.pymortests.grid" file="src/pymortests/grid.py" line="110" name="test_superentities_wrong_arguments[&lt;lambda&gt;12]" time="0.0004315376281738281"><skipped message="Suite splitting in effect" type="pytest.skip">src/pymortests/grid.py:110: &lt;py._xmlgen.raw object at 0x7fb29d835c88&gt;</skipped></testcase><testcase classname="src.pymortests.grid" file="src/pymortests/grid.py" line="110" name="test_superentities_wrong_arguments[&lt;lambda&gt;13]" time="0.0007426738739013672"><skipped message="Suite splitting in effect" type="pytest.skip">src/pymortests/grid.py:110: &lt;py._xmlgen.raw object at 0x7fb29d835cc0&gt;</skipped></testcase><testcase classname="src.pymortests.grid" file="src/pymortests/grid.py" line="110" name="test_superentities_wrong_arguments[&lt;lambda&gt;14]" time="0.0004551410675048828"><skipped message="Suite splitting in effect" type="pytest.skip">src/pymortests/grid.py:110: &lt;py._xmlgen.raw object at 0x7fb29d835898&gt;</skipped></testcase><testcase classname="src.pymortests.grid" file="src/pymortests/grid.py" line="110" name="test_superentities_wrong_arguments[&lt;lambda&gt;15]" time="0.00043582916259765625"><skipped message="Suite splitting in effect" type="pytest.skip">src/pymortests/grid.py:110: &lt;py._xmlgen.raw object at 0x7fb29d826630&gt;</skipped></testcase><testcase classname="src.pymortests.grid" file="src/pymortests/grid.py" line="110" name="test_superentities_wrong_arguments[&lt;lambda&gt;16]" time="0.00045418739318847656"><skipped message="Suite splitting in effect" type="pytest.skip">src/pymortests/grid.py:110: &lt;py._xmlgen.raw object at 0x7fb29d89a668&gt;</skipped></testcase><testcase classname="src.pymortests.grid" file="src/pymortests/grid.py" line="110" name="test_superentities_wrong_arguments[&lt;lambda&gt;17]" time="0.00044727325439453125"><skipped message="Suite splitting in effect" type="pytest.skip">src/pymortests/grid.py:110: &lt;py._xmlgen.raw object at 0x7fb2c76a8b38&gt;</skipped></testcase><testcase classname="src.pymortests.grid" file="src/pymortests/grid.py" line="110" name="test_superentities_wrong_arguments[&lt;lambda&gt;18]" time="0.00043320655822753906"><skipped message="Suite splitting in effect" type="pytest.skip">src/pymortests/grid.py:110: &lt;py._xmlgen.raw object at 0x7fb2c75858d0&gt;</skipped></testcase><testcase classname="src.pymortests.grid" file="src/pymortests/grid.py" line="110" name="test_superentities_wrong_arguments[&lt;lambda&gt;19]" time="0.0004448890686035156"><skipped message="Suite splitting in effect" type="pytest.skip">src/pymortests/grid.py:110: &lt;py._xmlgen.raw object at 0x7fb29d8129b0&gt;</skipped></testcase><testcase classname="src.pymortests.grid" file="src/pymortests/grid.py" line="110" name="test_superentities_wrong_arguments[&lt;lambda&gt;20]" time="0.00044417381286621094"><skipped message="Suite splitting in effect" type="pytest.skip">src/pymortests/grid.py:110: &lt;py._xmlgen.raw object at 0x7fb29d83e588&gt;</skipped></testcase><testcase classname="src.pymortests.grid" file="src/pymortests/grid.py" line="110" name="test_superentities_wrong_arguments[&lt;lambda&gt;21]" time="0.0011017322540283203"><skipped message="Suite splitting in effect" type="pytest.skip">src/pymortests/grid.py:110: &lt;py._xmlgen.raw object at 0x7fb29d83eac8&gt;</skipped></testcase><testcase classname="src.pymortests.grid" file="src/pymortests/grid.py" line="110" name="test_superentities_wrong_arguments[&lt;lambda&gt;22]" time="0.0004324913024902344"><skipped message="Suite splitting in effect" type="pytest.skip">src/pymortests/grid.py:110: &lt;py._xmlgen.raw object at 0x7fb2c76c5828&gt;</skipped></testcase><testcase classname="src.pymortests.grid" file="src/pymortests/grid.py" line="110" name="test_superentities_wrong_arguments[&lt;lambda&gt;23]" time="0.0004930496215820312"><skipped message="Suite splitting in effect" type="pytest.skip">src/pymortests/grid.py:110: &lt;py._xmlgen.raw object at 0x7fb2c76aeb38&gt;</skipped></testcase><testcase classname="src.pymortests.grid" file="src/pymortests/grid.py" line="110" name="test_superentities_wrong_arguments[&lt;lambda&gt;24]" time="0.00043845176696777344"><skipped message="Suite splitting in effect" type="pytest.skip">src/pymortests/grid.py:110: &lt;py._xmlgen.raw object at 0x7fb29d826be0&gt;</skipped></testcase><testcase classname="src.pymortests.grid" file="src/pymortests/grid.py" line="110" name="test_superentities_wrong_arguments[&lt;lambda&gt;25]" time="0.00045418739318847656"><skipped message="Suite splitting in effect" type="pytest.skip">src/pymortests/grid.py:110: &lt;py._xmlgen.raw object at 0x7fb2c72a06a0&gt;</skipped></testcase><testcase classname="src.pymortests.grid" file="src/pymortests/grid.py" line="110" name="test_superentities_wrong_arguments[&lt;lambda&gt;26]" time="0.00045299530029296875"><skipped message="Suite splitting in effect" type="pytest.skip">src/pymortests/grid.py:110: &lt;py._xmlgen.raw object at 0x7fb29d835ac8&gt;</skipped></testcase><testcase classname="src.pymortests.grid" file="src/pymortests/grid.py" line="110" name="test_superentities_wrong_arguments[&lt;lambda&gt;27]" time="0.00047326087951660156"><skipped message="Suite splitting in effect" type="pytest.skip">src/pymortests/grid.py:110: &lt;py._xmlgen.raw object at 0x7fb29d83e828&gt;</skipped></testcase><testcase classname="src.pymortests.grid" file="src/pymortests/grid.py" line="110" name="test_superentities_wrong_arguments[&lt;lambda&gt;28]" time="0.0004372596740722656"><skipped message="Suite splitting in effect" type="pytest.skip">src/pymortests/grid.py:110: &lt;py._xmlgen.raw object at 0x7fb29d83e470&gt;</skipped></testcase><testcase classname="src.pymortests.grid" file="src/pymortests/grid.py" line="110" name="test_superentities_wrong_arguments[&lt;lambda&gt;29]" time="0.0007433891296386719"><skipped message="Suite splitting in effect" type="pytest.skip">src/pymortests/grid.py:110: &lt;py._xmlgen.raw object at 0x7fb29d848048&gt;</skipped></testcase><testcase classname="src.pymortests.grid" file="src/pymortests/grid.py" line="110" name="test_superentities_wrong_arguments[&lt;lambda&gt;30]" time="0.00047326087951660156"><skipped message="Suite splitting in effect" type="pytest.skip">src/pymortests/grid.py:110: &lt;py._xmlgen.raw object at 0x7fb29d83e7b8&gt;</skipped></testcase><testcase classname="src.pymortests.grid" file="src/pymortests/grid.py" line="110" name="test_superentities_wrong_arguments[&lt;lambda&gt;31]" time="0.00047326087951660156"><skipped message="Suite splitting in effect" type="pytest.skip">src/pymortests/grid.py:110: &lt;py._xmlgen.raw object at 0x7fb29d835588&gt;</skipped></testcase><testcase classname="src.pymortests.grid" file="src/pymortests/grid.py" line="110" name="test_superentities_wrong_arguments[&lt;lambda&gt;32]" time="0.00045228004455566406"><skipped message="Suite splitting in effect" type="pytest.skip">src/pymortests/grid.py:110: &lt;py._xmlgen.raw object at 0x7fb2c72a0d30&gt;</skipped></testcase><testcase classname="src.pymortests.grid" file="src/pymortests/grid.py" line="110" name="test_superentities_wrong_arguments[&lt;lambda&gt;33]" time="0.0004146099090576172"><skipped message="Suite splitting in effect" type="pytest.skip">src/pymortests/grid.py:110: &lt;py._xmlgen.raw object at 0x7fb29d826b00&gt;</skipped></testcase><testcase classname="src.pymortests.grid" file="src/pymortests/grid.py" line="110" name="test_superentities_wrong_arguments[&lt;lambda&gt;34]" time="0.00046372413635253906"><skipped message="Suite splitting in effect" type="pytest.skip">src/pymortests/grid.py:110: &lt;py._xmlgen.raw object at 0x7fb29d878c88&gt;</skipped></testcase><testcase classname="src.pymortests.grid" file="src/pymortests/grid.py" line="110" name="test_superentities_wrong_arguments[&lt;lambda&gt;35]" time="0.00043487548828125"><skipped message="Suite splitting in effect" type="pytest.skip">src/pymortests/grid.py:110: &lt;py._xmlgen.raw object at 0x7fb2c76c5ac8&gt;</skipped></testcase><testcase classname="src.pymortests.grid" file="src/pymortests/grid.py" line="110" name="test_superentities_wrong_arguments[&lt;lambda&gt;36]" time="0.00044417381286621094"><skipped message="Suite splitting in effect" type="pytest.skip">src/pymortests/grid.py:110: &lt;py._xmlgen.raw object at 0x7fb29d848160&gt;</skipped></testcase><testcase classname="src.pymortests.grid" file="src/pymortests/grid.py" line="110" name="test_superentities_wrong_arguments[&lt;lambda&gt;37]" time="0.0004398822784423828"><skipped message="Suite splitting in effect" type="pytest.skip">src/pymortests/grid.py:110: &lt;py._xmlgen.raw object at 0x7fb29d848668&gt;</skipped></testcase><testcase classname="src.pymortests.grid" file="src/pymortests/grid.py" line="110" name="test_superentities_wrong_arguments[&lt;lambda&gt;38]" time="0.00045108795166015625"><skipped message="Suite splitting in effect" type="pytest.skip">src/pymortests/grid.py:110: &lt;py._xmlgen.raw object at 0x7fb2c76c5ba8&gt;</skipped></testcase><testcase classname="src.pymortests.grid" file="src/pymortests/grid.py" line="110" name="test_superentities_wrong_arguments[&lt;lambda&gt;39]" time="0.0004267692565917969"><skipped message="Suite splitting in effect" type="pytest.skip">src/pymortests/grid.py:110: &lt;py._xmlgen.raw object at 0x7fb29d86d898&gt;</skipped></testcase><testcase classname="src.pymortests.grid" file="src/pymortests/grid.py" line="110" name="test_superentities_wrong_arguments[&lt;lambda&gt;40]" time="0.00044083595275878906"><skipped message="Suite splitting in effect" type="pytest.skip">src/pymortests/grid.py:110: &lt;py._xmlgen.raw object at 0x7fb2c72a0208&gt;</skipped></testcase><testcase classname="src.pymortests.grid" file="src/pymortests/grid.py" line="110" name="test_superentities_wrong_arguments[&lt;lambda&gt;41]" time="0.0004589557647705078"><skipped message="Suite splitting in effect" type="pytest.skip">src/pymortests/grid.py:110: &lt;py._xmlgen.raw object at 0x7fb29d835cc0&gt;</skipped></testcase><testcase classname="src.pymortests.grid" file="src/pymortests/grid.py" line="110" name="test_superentities_wrong_arguments[&lt;lambda&gt;42]" time="0.00045108795166015625"><skipped message="Suite splitting in effect" type="pytest.skip">src/pymortests/grid.py:110: &lt;py._xmlgen.raw object at 0x7fb29d83e358&gt;</skipped></testcase><testcase classname="src.pymortests.grid" file="src/pymortests/grid.py" line="125" name="test_superentities_shape[&lt;lambda&gt;0]" time="0.000431060791015625"><skipped message="Suite splitting in effect" type="pytest.skip">src/pymortests/grid.py:125: &lt;py._xmlgen.raw object at 0x7fb29d83eef0&gt;</skipped></testcase><testcase classname="src.pymortests.grid" file="src/pymortests/grid.py" line="125" name="test_superentities_shape[&lt;lambda&gt;1]" time="0.00045871734619140625"><skipped message="Suite splitting in effect" type="pytest.skip">src/pymortests/grid.py:125: &lt;py._xmlgen.raw object at 0x7fb29d8484a8&gt;</skipped></testcase><testcase classname="src.pymortests.grid" file="src/pymortests/grid.py" line="125" name="test_superentities_shape[&lt;lambda&gt;2]" time="0.0004544258117675781"><skipped message="Suite splitting in effect" type="pytest.skip">src/pymortests/grid.py:125: &lt;py._xmlgen.raw object at 0x7fb29d848b70&gt;</skipped></testcase><testcase classname="src.pymortests.grid" file="src/pymortests/grid.py" line="125" name="test_superentities_shape[&lt;lambda&gt;3]" time="0.0007462501525878906"><skipped message="Suite splitting in effect" type="pytest.skip">src/pymortests/grid.py:125: &lt;py._xmlgen.raw object at 0x7fb29d83ef60&gt;</skipped></testcase><testcase classname="src.pymortests.grid" file="src/pymortests/grid.py" line="125" name="test_superentities_shape[&lt;lambda&gt;4]" time="0.00042891502380371094"><skipped message="Suite splitting in effect" type="pytest.skip">src/pymortests/grid.py:125: &lt;py._xmlgen.raw object at 0x7fb29d835748&gt;</skipped></testcase><testcase classname="src.pymortests.grid" file="src/pymortests/grid.py" line="125" name="test_superentities_shape[&lt;lambda&gt;5]" time="0.00045561790466308594"><skipped message="Suite splitting in effect" type="pytest.skip">src/pymortests/grid.py:125: &lt;py._xmlgen.raw object at 0x7fb29d864ac8&gt;</skipped></testcase><testcase classname="src.pymortests.grid" file="src/pymortests/grid.py" line="125" name="test_superentities_shape[&lt;lambda&gt;6]" time="0.00042748451232910156"><skipped message="Suite splitting in effect" type="pytest.skip">src/pymortests/grid.py:125: &lt;py._xmlgen.raw object at 0x7fb2c766d278&gt;</skipped></testcase><testcase classname="src.pymortests.grid" file="src/pymortests/grid.py" line="125" name="test_superentities_shape[&lt;lambda&gt;7]" time="0.00045228004455566406"><skipped message="Suite splitting in effect" type="pytest.skip">src/pymortests/grid.py:125: &lt;py._xmlgen.raw object at 0x7fb2c72ae2b0&gt;</skipped></testcase><testcase classname="src.pymortests.grid" file="src/pymortests/grid.py" line="125" name="test_superentities_shape[&lt;lambda&gt;8]" time="0.0004258155822753906"><skipped message="Suite splitting in effect" type="pytest.skip">src/pymortests/grid.py:125: &lt;py._xmlgen.raw object at 0x7fb29d848e10&gt;</skipped></testcase><testcase classname="src.pymortests.grid" file="src/pymortests/grid.py" line="125" name="test_superentities_shape[&lt;lambda&gt;9]" time="0.0003979206085205078"><skipped message="Suite splitting in effect" type="pytest.skip">src/pymortests/grid.py:125: &lt;py._xmlgen.raw object at 0x7fb29d8484a8&gt;</skipped></testcase><testcase classname="src.pymortests.grid" file="src/pymortests/grid.py" line="125" name="test_superentities_shape[&lt;lambda&gt;10]" time="0.0004863739013671875"><skipped message="Suite splitting in effect" type="pytest.skip">src/pymortests/grid.py:125: &lt;py._xmlgen.raw object at 0x7fb29d7d60f0&gt;</skipped></testcase><testcase classname="src.pymortests.grid" file="src/pymortests/grid.py" line="125" name="test_superentities_shape[&lt;lambda&gt;11]" time="0.000743865966796875"><skipped message="Suite splitting in effect" type="pytest.skip">src/pymortests/grid.py:125: &lt;py._xmlgen.raw object at 0x7fb2c7585c18&gt;</skipped></testcase><testcase classname="src.pymortests.grid" file="src/pymortests/grid.py" line="125" name="test_superentities_shape[&lt;lambda&gt;12]" time="0.0004055500030517578"><skipped message="Suite splitting in effect" type="pytest.skip">src/pymortests/grid.py:125: &lt;py._xmlgen.raw object at 0x7fb29d8484a8&gt;</skipped></testcase><testcase classname="src.pymortests.grid" file="src/pymortests/grid.py" line="125" name="test_superentities_shape[&lt;lambda&gt;13]" time="0.0004515647888183594"><skipped message="Suite splitting in effect" type="pytest.skip">src/pymortests/grid.py:125: &lt;py._xmlgen.raw object at 0x7fb29d81beb8&gt;</skipped></testcase><testcase classname="src.pymortests.grid" file="src/pymortests/grid.py" line="125" name="test_superentities_shape[&lt;lambda&gt;14]" time="0.0004401206970214844"><skipped message="Suite splitting in effect" type="pytest.skip">src/pymortests/grid.py:125: &lt;py._xmlgen.raw object at 0x7fb2c7580e10&gt;</skipped></testcase><testcase classname="src.pymortests.grid" file="src/pymortests/grid.py" line="125" name="test_superentities_shape[&lt;lambda&gt;15]" time="0.00041675567626953125"><skipped message="Suite splitting in effect" type="pytest.skip">src/pymortests/grid.py:125: &lt;py._xmlgen.raw object at 0x7fb2c72a02b0&gt;</skipped></testcase><testcase classname="src.pymortests.grid" file="src/pymortests/grid.py" line="125" name="test_superentities_shape[&lt;lambda&gt;16]" time="0.0004315376281738281"><skipped message="Suite splitting in effect" type="pytest.skip">src/pymortests/grid.py:125: &lt;py._xmlgen.raw object at 0x7fb29d835470&gt;</skipped></testcase><testcase classname="src.pymortests.grid" file="src/pymortests/grid.py" line="125" name="test_superentities_shape[&lt;lambda&gt;17]" time="0.0004036426544189453"><skipped message="Suite splitting in effect" type="pytest.skip">src/pymortests/grid.py:125: &lt;py._xmlgen.raw object at 0x7fb29d7d61d0&gt;</skipped></testcase><testcase classname="src.pymortests.grid" file="src/pymortests/grid.py" line="125" name="test_superentities_shape[&lt;lambda&gt;18]" time="0.0004892349243164062"><skipped message="Suite splitting in effect" type="pytest.skip">src/pymortests/grid.py:125: &lt;py._xmlgen.raw object at 0x7fb29d7d69b0&gt;</skipped></testcase><testcase classname="src.pymortests.grid" file="src/pymortests/grid.py" line="125" name="test_superentities_shape[&lt;lambda&gt;19]" time="0.000446319580078125"><skipped message="Suite splitting in effect" type="pytest.skip">src/pymortests/grid.py:125: &lt;py._xmlgen.raw object at 0x7fb2c7580e10&gt;</skipped></testcase><testcase classname="src.pymortests.grid" file="src/pymortests/grid.py" line="125" name="test_superentities_shape[&lt;lambda&gt;20]" time="0.00045108795166015625"><skipped message="Suite splitting in effect" type="pytest.skip">src/pymortests/grid.py:125: &lt;py._xmlgen.raw object at 0x7fb2c72c2ba8&gt;</skipped></testcase><testcase classname="src.pymortests.grid" file="src/pymortests/grid.py" line="125" name="test_superentities_shape[&lt;lambda&gt;21]" time="0.00042366981506347656"><skipped message="Suite splitting in effect" type="pytest.skip">src/pymortests/grid.py:125: &lt;py._xmlgen.raw object at 0x7fb29d848198&gt;</skipped></testcase><testcase classname="src.pymortests.grid" file="src/pymortests/grid.py" line="125" name="test_superentities_shape[&lt;lambda&gt;22]" time="0.0004935264587402344"><skipped message="Suite splitting in effect" type="pytest.skip">src/pymortests/grid.py:125: &lt;py._xmlgen.raw object at 0x7fb29d848668&gt;</skipped></testcase><testcase classname="src.pymortests.grid" file="src/pymortests/grid.py" line="125" name="test_superentities_shape[&lt;lambda&gt;23]" time="0.0005013942718505859"><skipped message="Suite splitting in effect" type="pytest.skip">src/pymortests/grid.py:125: &lt;py._xmlgen.raw object at 0x7fb2c72a0550&gt;</skipped></testcase><testcase classname="src.pymortests.grid" file="src/pymortests/grid.py" line="125" name="test_superentities_shape[&lt;lambda&gt;24]" time="0.0004439353942871094"><skipped message="Suite splitting in effect" type="pytest.skip">src/pymortests/grid.py:125: &lt;py._xmlgen.raw object at 0x7fb29d835f28&gt;</skipped></testcase><testcase classname="src.pymortests.grid" file="src/pymortests/grid.py" line="125" name="test_superentities_shape[&lt;lambda&gt;25]" time="0.0004363059997558594"><skipped message="Suite splitting in effect" type="pytest.skip">src/pymortests/grid.py:125: &lt;py._xmlgen.raw object at 0x7fb29d83e4a8&gt;</skipped></testcase><testcase classname="src.pymortests.grid" file="src/pymortests/grid.py" line="125" name="test_superentities_shape[&lt;lambda&gt;26]" time="0.00042176246643066406"><skipped message="Suite splitting in effect" type="pytest.skip">src/pymortests/grid.py:125: &lt;py._xmlgen.raw object at 0x7fb29d89a278&gt;</skipped></testcase><testcase classname="src.pymortests.grid" file="src/pymortests/grid.py" line="125" name="test_superentities_shape[&lt;lambda&gt;27]" time="0.00042176246643066406"><skipped message="Suite splitting in effect" type="pytest.skip">src/pymortests/grid.py:125: &lt;py._xmlgen.raw object at 0x7fb29d878c88&gt;</skipped></testcase><testcase classname="src.pymortests.grid" file="src/pymortests/grid.py" line="125" name="test_superentities_shape[&lt;lambda&gt;28]" time="0.00044846534729003906"><skipped message="Suite splitting in effect" type="pytest.skip">src/pymortests/grid.py:125: &lt;py._xmlgen.raw object at 0x7fb2c7643320&gt;</skipped></testcase><testcase classname="src.pymortests.grid" file="src/pymortests/grid.py" line="125" name="test_superentities_shape[&lt;lambda&gt;29]" time="0.000431060791015625"><skipped message="Suite splitting in effect" type="pytest.skip">src/pymortests/grid.py:125: &lt;py._xmlgen.raw object at 0x7fb29d83e0f0&gt;</skipped></testcase><testcase classname="src.pymortests.grid" file="src/pymortests/grid.py" line="125" name="test_superentities_shape[&lt;lambda&gt;30]" time="0.0004191398620605469"><skipped message="Suite splitting in effect" type="pytest.skip">src/pymortests/grid.py:125: &lt;py._xmlgen.raw object at 0x7fb29d835eb8&gt;</skipped></testcase><testcase classname="src.pymortests.grid" file="src/pymortests/grid.py" line="125" name="test_superentities_shape[&lt;lambda&gt;31]" time="0.0004947185516357422"><skipped message="Suite splitting in effect" type="pytest.skip">src/pymortests/grid.py:125: &lt;py._xmlgen.raw object at 0x7fb2c72a0c88&gt;</skipped></testcase><testcase classname="src.pymortests.grid" file="src/pymortests/grid.py" line="125" name="test_superentities_shape[&lt;lambda&gt;32]" time="0.00043320655822753906"><skipped message="Suite splitting in effect" type="pytest.skip">src/pymortests/grid.py:125: &lt;py._xmlgen.raw object at 0x7fb29d848e80&gt;</skipped></testcase><testcase classname="src.pymortests.grid" file="src/pymortests/grid.py" line="125" name="test_superentities_shape[&lt;lambda&gt;33]" time="0.00044155120849609375"><skipped message="Suite splitting in effect" type="pytest.skip">src/pymortests/grid.py:125: &lt;py._xmlgen.raw object at 0x7fb2c72c2518&gt;</skipped></testcase><testcase classname="src.pymortests.grid" file="src/pymortests/grid.py" line="125" name="test_superentities_shape[&lt;lambda&gt;34]" time="0.0003998279571533203"><skipped message="Suite splitting in effect" type="pytest.skip">src/pymortests/grid.py:125: &lt;py._xmlgen.raw object at 0x7fb2c75a1f28&gt;</skipped></testcase><testcase classname="src.pymortests.grid" file="src/pymortests/grid.py" line="125" name="test_superentities_shape[&lt;lambda&gt;35]" time="0.00048732757568359375"><skipped message="Suite splitting in effect" type="pytest.skip">src/pymortests/grid.py:125: &lt;py._xmlgen.raw object at 0x7fb29d885f28&gt;</skipped></testcase><testcase classname="src.pymortests.grid" file="src/pymortests/grid.py" line="125" name="test_superentities_shape[&lt;lambda&gt;36]" time="0.0007135868072509766"><skipped message="Suite splitting in effect" type="pytest.skip">src/pymortests/grid.py:125: &lt;py._xmlgen.raw object at 0x7fb29d885f28&gt;</skipped></testcase><testcase classname="src.pymortests.grid" file="src/pymortests/grid.py" line="125" name="test_superentities_shape[&lt;lambda&gt;37]" time="0.0004153251647949219"><skipped message="Suite splitting in effect" type="pytest.skip">src/pymortests/grid.py:125: &lt;py._xmlgen.raw object at 0x7fb2c72c23c8&gt;</skipped></testcase><testcase classname="src.pymortests.grid" file="src/pymortests/grid.py" line="125" name="test_superentities_shape[&lt;lambda&gt;38]" time="0.0004482269287109375"><skipped message="Suite splitting in effect" type="pytest.skip">src/pymortests/grid.py:125: &lt;py._xmlgen.raw object at 0x7fb29d848be0&gt;</skipped></testcase><testcase classname="src.pymortests.grid" file="src/pymortests/grid.py" line="125" name="test_superentities_shape[&lt;lambda&gt;39]" time="0.0004966259002685547"><skipped message="Suite splitting in effect" type="pytest.skip">src/pymortests/grid.py:125: &lt;py._xmlgen.raw object at 0x7fb29d835828&gt;</skipped></testcase><testcase classname="src.pymortests.grid" file="src/pymortests/grid.py" line="125" name="test_superentities_shape[&lt;lambda&gt;40]" time="0.00039887428283691406"><skipped message="Suite splitting in effect" type="pytest.skip">src/pymortests/grid.py:125: &lt;py._xmlgen.raw object at 0x7fb2c72d2710&gt;</skipped></testcase><testcase classname="src.pymortests.grid" file="src/pymortests/grid.py" line="125" name="test_superentities_shape[&lt;lambda&gt;41]" time="0.0004227161407470703"><skipped message="Suite splitting in effect" type="pytest.skip">src/pymortests/grid.py:125: &lt;py._xmlgen.raw object at 0x7fb29d83e358&gt;</skipped></testcase><testcase classname="src.pymortests.grid" file="src/pymortests/grid.py" line="125" name="test_superentities_shape[&lt;lambda&gt;42]" time="0.00044083595275878906"><skipped message="Suite splitting in effect" type="pytest.skip">src/pymortests/grid.py:125: &lt;py._xmlgen.raw object at 0x7fb29d826ba8&gt;</skipped></testcase><testcase classname="src.pymortests.grid" file="src/pymortests/grid.py" line="135" name="test_superentities_dtype[&lt;lambda&gt;0]" time="0.00040531158447265625"><skipped message="Suite splitting in effect" type="pytest.skip">src/pymortests/grid.py:135: &lt;py._xmlgen.raw object at 0x7fb29d7d67b8&gt;</skipped></testcase><testcase classname="src.pymortests.grid" file="src/pymortests/grid.py" line="135" name="test_superentities_dtype[&lt;lambda&gt;1]" time="0.0007073879241943359"><skipped message="Suite splitting in effect" type="pytest.skip">src/pymortests/grid.py:135: &lt;py._xmlgen.raw object at 0x7fb29d826be0&gt;</skipped></testcase><testcase classname="src.pymortests.grid" file="src/pymortests/grid.py" line="135" name="test_superentities_dtype[&lt;lambda&gt;2]" time="0.0004391670227050781"><skipped message="Suite splitting in effect" type="pytest.skip">src/pymortests/grid.py:135: &lt;py._xmlgen.raw object at 0x7fb29d83e320&gt;</skipped></testcase><testcase classname="src.pymortests.grid" file="src/pymortests/grid.py" line="135" name="test_superentities_dtype[&lt;lambda&gt;3]" time="0.00042128562927246094"><skipped message="Suite splitting in effect" type="pytest.skip">src/pymortests/grid.py:135: &lt;py._xmlgen.raw object at 0x7fb2c72d2668&gt;</skipped></testcase><testcase classname="src.pymortests.grid" file="src/pymortests/grid.py" line="135" name="test_superentities_dtype[&lt;lambda&gt;4]" time="0.00041365623474121094"><skipped message="Suite splitting in effect" type="pytest.skip">src/pymortests/grid.py:135: &lt;py._xmlgen.raw object at 0x7fb2c72a0d30&gt;</skipped></testcase><testcase classname="src.pymortests.grid" file="src/pymortests/grid.py" line="135" name="test_superentities_dtype[&lt;lambda&gt;5]" time="0.00043272972106933594"><skipped message="Suite splitting in effect" type="pytest.skip">src/pymortests/grid.py:135: &lt;py._xmlgen.raw object at 0x7fb29d848a58&gt;</skipped></testcase><testcase classname="src.pymortests.grid" file="src/pymortests/grid.py" line="135" name="test_superentities_dtype[&lt;lambda&gt;6]" time="0.0004353523254394531"><skipped message="Suite splitting in effect" type="pytest.skip">src/pymortests/grid.py:135: &lt;py._xmlgen.raw object at 0x7fb2c72c2f98&gt;</skipped></testcase><testcase classname="src.pymortests.grid" file="src/pymortests/grid.py" line="135" name="test_superentities_dtype[&lt;lambda&gt;7]" time="0.0004329681396484375"><skipped message="Suite splitting in effect" type="pytest.skip">src/pymortests/grid.py:135: &lt;py._xmlgen.raw object at 0x7fb29d7d69e8&gt;</skipped></testcase><testcase classname="src.pymortests.grid" file="src/pymortests/grid.py" line="135" name="test_superentities_dtype[&lt;lambda&gt;8]" time="0.0004100799560546875"><skipped message="Suite splitting in effect" type="pytest.skip">src/pymortests/grid.py:135: &lt;py._xmlgen.raw object at 0x7fb29d7e8278&gt;</skipped></testcase><testcase classname="src.pymortests.grid" file="src/pymortests/grid.py" line="135" name="test_superentities_dtype[&lt;lambda&gt;9]" time="0.0007505416870117188"><skipped message="Suite splitting in effect" type="pytest.skip">src/pymortests/grid.py:135: &lt;py._xmlgen.raw object at 0x7fb29d7e87b8&gt;</skipped></testcase><testcase classname="src.pymortests.grid" file="src/pymortests/grid.py" line="135" name="test_superentities_dtype[&lt;lambda&gt;10]" time="0.0004436969757080078"><skipped message="Suite splitting in effect" type="pytest.skip">src/pymortests/grid.py:135: &lt;py._xmlgen.raw object at 0x7fb29d8853c8&gt;</skipped></testcase><testcase classname="src.pymortests.grid" file="src/pymortests/grid.py" line="135" name="test_superentities_dtype[&lt;lambda&gt;11]" time="0.00042176246643066406"><skipped message="Suite splitting in effect" type="pytest.skip">src/pymortests/grid.py:135: &lt;py._xmlgen.raw object at 0x7fb29d8481d0&gt;</skipped></testcase><testcase classname="src.pymortests.grid" file="src/pymortests/grid.py" line="135" name="test_superentities_dtype[&lt;lambda&gt;12]" time="0.0004162788391113281"><skipped message="Suite splitting in effect" type="pytest.skip">src/pymortests/grid.py:135: &lt;py._xmlgen.raw object at 0x7fb2c7585b70&gt;</skipped></testcase><testcase classname="src.pymortests.grid" file="src/pymortests/grid.py" line="135" name="test_superentities_dtype[&lt;lambda&gt;13]" time="0.00043129920959472656"><skipped message="Suite splitting in effect" type="pytest.skip">src/pymortests/grid.py:135: &lt;py._xmlgen.raw object at 0x7fb2c7260ac8&gt;</skipped></testcase><testcase classname="src.pymortests.grid" file="src/pymortests/grid.py" line="135" name="test_superentities_dtype[&lt;lambda&gt;14]" time="0.0004031658172607422"><skipped message="Suite splitting in effect" type="pytest.skip">src/pymortests/grid.py:135: &lt;py._xmlgen.raw object at 0x7fb29d83ee48&gt;</skipped></testcase><testcase classname="src.pymortests.grid" file="src/pymortests/grid.py" line="135" name="test_superentities_dtype[&lt;lambda&gt;15]" time="0.00039768218994140625"><skipped message="Suite splitting in effect" type="pytest.skip">src/pymortests/grid.py:135: &lt;py._xmlgen.raw object at 0x7fb29d7e8710&gt;</skipped></testcase><testcase classname="src.pymortests.grid" file="src/pymortests/grid.py" line="135" name="test_superentities_dtype[&lt;lambda&gt;16]" time="0.0004191398620605469"><skipped message="Suite splitting in effect" type="pytest.skip">src/pymortests/grid.py:135: &lt;py._xmlgen.raw object at 0x7fb29d7e8128&gt;</skipped></testcase><testcase classname="src.pymortests.grid" file="src/pymortests/grid.py" line="135" name="test_superentities_dtype[&lt;lambda&gt;17]" time="0.0009243488311767578"><skipped message="Suite splitting in effect" type="pytest.skip">src/pymortests/grid.py:135: &lt;py._xmlgen.raw object at 0x7fb29d7e8cf8&gt;</skipped></testcase><testcase classname="src.pymortests.grid" file="src/pymortests/grid.py" line="135" name="test_superentities_dtype[&lt;lambda&gt;18]" time="0.00041484832763671875"><skipped message="Suite splitting in effect" type="pytest.skip">src/pymortests/grid.py:135: &lt;py._xmlgen.raw object at 0x7fb2c72d2fd0&gt;</skipped></testcase><testcase classname="src.pymortests.grid" file="src/pymortests/grid.py" line="135" name="test_superentities_dtype[&lt;lambda&gt;19]" time="0.0004057884216308594"><skipped message="Suite splitting in effect" type="pytest.skip">src/pymortests/grid.py:135: &lt;py._xmlgen.raw object at 0x7fb29d835860&gt;</skipped></testcase><testcase classname="src.pymortests.grid" file="src/pymortests/grid.py" line="135" name="test_superentities_dtype[&lt;lambda&gt;20]" time="0.0004138946533203125"><skipped message="Suite splitting in effect" type="pytest.skip">src/pymortests/grid.py:135: &lt;py._xmlgen.raw object at 0x7fb29d8486d8&gt;</skipped></testcase><testcase classname="src.pymortests.grid" file="src/pymortests/grid.py" line="135" name="test_superentities_dtype[&lt;lambda&gt;21]" time="0.00044155120849609375"><skipped message="Suite splitting in effect" type="pytest.skip">src/pymortests/grid.py:135: &lt;py._xmlgen.raw object at 0x7fb2c72c27b8&gt;</skipped></testcase><testcase classname="src.pymortests.grid" file="src/pymortests/grid.py" line="135" name="test_superentities_dtype[&lt;lambda&gt;22]" time="0.00044798851013183594"><skipped message="Suite splitting in effect" type="pytest.skip">src/pymortests/grid.py:135: &lt;py._xmlgen.raw object at 0x7fb29d7d6898&gt;</skipped></testcase><testcase classname="src.pymortests.grid" file="src/pymortests/grid.py" line="135" name="test_superentities_dtype[&lt;lambda&gt;23]" time="0.00045180320739746094"><skipped message="Suite splitting in effect" type="pytest.skip">src/pymortests/grid.py:135: &lt;py._xmlgen.raw object at 0x7fb29d7e8ac8&gt;</skipped></testcase><testcase classname="src.pymortests.grid" file="src/pymortests/grid.py" line="135" name="test_superentities_dtype[&lt;lambda&gt;24]" time="0.0004229545593261719"><skipped message="Suite splitting in effect" type="pytest.skip">src/pymortests/grid.py:135: &lt;py._xmlgen.raw object at 0x7fb29d7e84e0&gt;</skipped></testcase><testcase classname="src.pymortests.grid" file="src/pymortests/grid.py" line="135" name="test_superentities_dtype[&lt;lambda&gt;25]" time="0.00044035911560058594"><skipped message="Suite splitting in effect" type="pytest.skip">src/pymortests/grid.py:135: &lt;py._xmlgen.raw object at 0x7fb29d7ef358&gt;</skipped></testcase><testcase classname="src.pymortests.grid" file="src/pymortests/grid.py" line="135" name="test_superentities_dtype[&lt;lambda&gt;26]" time="0.00041937828063964844"><skipped message="Suite splitting in effect" type="pytest.skip">src/pymortests/grid.py:135: &lt;py._xmlgen.raw object at 0x7fb29d7e86d8&gt;</skipped></testcase><testcase classname="src.pymortests.grid" file="src/pymortests/grid.py" line="135" name="test_superentities_dtype[&lt;lambda&gt;27]" time="0.0004177093505859375"><skipped message="Suite splitting in effect" type="pytest.skip">src/pymortests/grid.py:135: &lt;py._xmlgen.raw object at 0x7fb29d7d6e48&gt;</skipped></testcase><testcase classname="src.pymortests.grid" file="src/pymortests/grid.py" line="135" name="test_superentities_dtype[&lt;lambda&gt;28]" time="0.00040912628173828125"><skipped message="Suite splitting in effect" type="pytest.skip">src/pymortests/grid.py:135: &lt;py._xmlgen.raw object at 0x7fb29d81b9b0&gt;</skipped></testcase><testcase classname="src.pymortests.grid" file="src/pymortests/grid.py" line="135" name="test_superentities_dtype[&lt;lambda&gt;29]" time="0.0004601478576660156"><skipped message="Suite splitting in effect" type="pytest.skip">src/pymortests/grid.py:135: &lt;py._xmlgen.raw object at 0x7fb2c7274ac8&gt;</skipped></testcase><testcase classname="src.pymortests.grid" file="src/pymortests/grid.py" line="135" name="test_superentities_dtype[&lt;lambda&gt;30]" time="0.0004210472106933594"><skipped message="Suite splitting in effect" type="pytest.skip">src/pymortests/grid.py:135: &lt;py._xmlgen.raw object at 0x7fb2c7260d68&gt;</skipped></testcase><testcase classname="src.pymortests.grid" file="src/pymortests/grid.py" line="135" name="test_superentities_dtype[&lt;lambda&gt;31]" time="0.0004203319549560547"><skipped message="Suite splitting in effect" type="pytest.skip">src/pymortests/grid.py:135: &lt;py._xmlgen.raw object at 0x7fb29d83eb38&gt;</skipped></testcase><testcase classname="src.pymortests.grid" file="src/pymortests/grid.py" line="135" name="test_superentities_dtype[&lt;lambda&gt;32]" time="0.0004451274871826172"><skipped message="Suite splitting in effect" type="pytest.skip">src/pymortests/grid.py:135: &lt;py._xmlgen.raw object at 0x7fb29d7ef048&gt;</skipped></testcase><testcase classname="src.pymortests.grid" file="src/pymortests/grid.py" line="135" name="test_superentities_dtype[&lt;lambda&gt;33]" time="0.0004782676696777344"><skipped message="Suite splitting in effect" type="pytest.skip">src/pymortests/grid.py:135: &lt;py._xmlgen.raw object at 0x7fb29d7ef860&gt;</skipped></testcase><testcase classname="src.pymortests.grid" file="src/pymortests/grid.py" line="135" name="test_superentities_dtype[&lt;lambda&gt;34]" time="0.0007250308990478516"><skipped message="Suite splitting in effect" type="pytest.skip">src/pymortests/grid.py:135: &lt;py._xmlgen.raw object at 0x7fb29d835320&gt;</skipped></testcase><testcase classname="src.pymortests.grid" file="src/pymortests/grid.py" line="135" name="test_superentities_dtype[&lt;lambda&gt;35]" time="0.00043129920959472656"><skipped message="Suite splitting in effect" type="pytest.skip">src/pymortests/grid.py:135: &lt;py._xmlgen.raw object at 0x7fb2c7274588&gt;</skipped></testcase><testcase classname="src.pymortests.grid" file="src/pymortests/grid.py" line="135" name="test_superentities_dtype[&lt;lambda&gt;36]" time="0.0004737377166748047"><skipped message="Suite splitting in effect" type="pytest.skip">src/pymortests/grid.py:135: &lt;py._xmlgen.raw object at 0x7fb29d848f98&gt;</skipped></testcase><testcase classname="src.pymortests.grid" file="src/pymortests/grid.py" line="135" name="test_superentities_dtype[&lt;lambda&gt;37]" time="0.0004558563232421875"><skipped message="Suite splitting in effect" type="pytest.skip">src/pymortests/grid.py:135: &lt;py._xmlgen.raw object at 0x7fb29d7d66a0&gt;</skipped></testcase><testcase classname="src.pymortests.grid" file="src/pymortests/grid.py" line="135" name="test_superentities_dtype[&lt;lambda&gt;38]" time="0.0005285739898681641"><skipped message="Suite splitting in effect" type="pytest.skip">src/pymortests/grid.py:135: &lt;py._xmlgen.raw object at 0x7fb29d7e8da0&gt;</skipped></testcase><testcase classname="src.pymortests.grid" file="src/pymortests/grid.py" line="135" name="test_superentities_dtype[&lt;lambda&gt;39]" time="0.0004417896270751953"><skipped message="Suite splitting in effect" type="pytest.skip">src/pymortests/grid.py:135: &lt;py._xmlgen.raw object at 0x7fb29d7ef9e8&gt;</skipped></testcase><testcase classname="src.pymortests.grid" file="src/pymortests/grid.py" line="135" name="test_superentities_dtype[&lt;lambda&gt;40]" time="0.0006425380706787109"><skipped message="Suite splitting in effect" type="pytest.skip">src/pymortests/grid.py:135: &lt;py._xmlgen.raw object at 0x7fb29d7ef780&gt;</skipped></testcase><testcase classname="src.pymortests.grid" file="src/pymortests/grid.py" line="135" name="test_superentities_dtype[&lt;lambda&gt;41]" time="0.000461578369140625"><skipped message="Suite splitting in effect" type="pytest.skip">src/pymortests/grid.py:135: &lt;py._xmlgen.raw object at 0x7fb29d7efda0&gt;</skipped></testcase><testcase classname="src.pymortests.grid" file="src/pymortests/grid.py" line="135" name="test_superentities_dtype[&lt;lambda&gt;42]" time="0.0007348060607910156"><skipped message="Suite splitting in effect" type="pytest.skip">src/pymortests/grid.py:135: &lt;py._xmlgen.raw object at 0x7fb29d7efdd8&gt;</skipped></testcase><testcase classname="src.pymortests.grid" file="src/pymortests/grid.py" line="142" name="test_superentities_entry_value_range[&lt;lambda&gt;0]" time="0.0004985332489013672"><skipped message="Suite splitting in effect" type="pytest.skip">src/pymortests/grid.py:142: &lt;py._xmlgen.raw object at 0x7fb29d7ef278&gt;</skipped></testcase><testcase classname="src.pymortests.grid" file="src/pymortests/grid.py" line="142" name="test_superentities_entry_value_range[&lt;lambda&gt;1]" time="0.0004489421844482422"><skipped message="Suite splitting in effect" type="pytest.skip">src/pymortests/grid.py:142: &lt;py._xmlgen.raw object at 0x7fb29d7e8438&gt;</skipped></testcase><testcase classname="src.pymortests.grid" file="src/pymortests/grid.py" line="142" name="test_superentities_entry_value_range[&lt;lambda&gt;2]" time="0.00042176246643066406"><skipped message="Suite splitting in effect" type="pytest.skip">src/pymortests/grid.py:142: &lt;py._xmlgen.raw object at 0x7fb2c76ae208&gt;</skipped></testcase><testcase classname="src.pymortests.grid" file="src/pymortests/grid.py" line="142" name="test_superentities_entry_value_range[&lt;lambda&gt;3]" time="0.0004277229309082031"><skipped message="Suite splitting in effect" type="pytest.skip">src/pymortests/grid.py:142: &lt;py._xmlgen.raw object at 0x7fb2c72842e8&gt;</skipped></testcase><testcase classname="src.pymortests.grid" file="src/pymortests/grid.py" line="142" name="test_superentities_entry_value_range[&lt;lambda&gt;4]" time="0.0006487369537353516"><skipped message="Suite splitting in effect" type="pytest.skip">src/pymortests/grid.py:142: &lt;py._xmlgen.raw object at 0x7fb29d8e77f0&gt;</skipped></testcase><testcase classname="src.pymortests.grid" file="src/pymortests/grid.py" line="142" name="test_superentities_entry_value_range[&lt;lambda&gt;5]" time="0.00044536590576171875"><skipped message="Suite splitting in effect" type="pytest.skip">src/pymortests/grid.py:142: &lt;py._xmlgen.raw object at 0x7fb29d835668&gt;</skipped></testcase><testcase classname="src.pymortests.grid" file="src/pymortests/grid.py" line="142" name="test_superentities_entry_value_range[&lt;lambda&gt;6]" time="0.00041675567626953125"><skipped message="Suite splitting in effect" type="pytest.skip">src/pymortests/grid.py:142: &lt;py._xmlgen.raw object at 0x7fb29d7f86a0&gt;</skipped></testcase><testcase classname="src.pymortests.grid" file="src/pymortests/grid.py" line="142" name="test_superentities_entry_value_range[&lt;lambda&gt;7]" time="0.0007495880126953125"><skipped message="Suite splitting in effect" type="pytest.skip">src/pymortests/grid.py:142: &lt;py._xmlgen.raw object at 0x7fb29d7f8be0&gt;</skipped></testcase><testcase classname="src.pymortests.grid" file="src/pymortests/grid.py" line="142" name="test_superentities_entry_value_range[&lt;lambda&gt;8]" time="0.0005366802215576172"><skipped message="Suite splitting in effect" type="pytest.skip">src/pymortests/grid.py:142: &lt;py._xmlgen.raw object at 0x7fb29d848940&gt;</skipped></testcase><testcase classname="src.pymortests.grid" file="src/pymortests/grid.py" line="142" name="test_superentities_entry_value_range[&lt;lambda&gt;9]" time="0.0006732940673828125"><skipped message="Suite splitting in effect" type="pytest.skip">src/pymortests/grid.py:142: &lt;py._xmlgen.raw object at 0x7fb2c7284588&gt;</skipped></testcase><testcase classname="src.pymortests.grid" file="src/pymortests/grid.py" line="142" name="test_superentities_entry_value_range[&lt;lambda&gt;10]" time="0.00045490264892578125"><skipped message="Suite splitting in effect" type="pytest.skip">src/pymortests/grid.py:142: &lt;py._xmlgen.raw object at 0x7fb2c75a1f28&gt;</skipped></testcase><testcase classname="src.pymortests.grid" file="src/pymortests/grid.py" line="142" name="test_superentities_entry_value_range[&lt;lambda&gt;11]" time="0.00044989585876464844"><skipped message="Suite splitting in effect" type="pytest.skip">src/pymortests/grid.py:142: &lt;py._xmlgen.raw object at 0x7fb29d7e8358&gt;</skipped></testcase><testcase classname="src.pymortests.grid" file="src/pymortests/grid.py" line="142" name="test_superentities_entry_value_range[&lt;lambda&gt;12]" time="0.00040602684020996094"><skipped message="Suite splitting in effect" type="pytest.skip">src/pymortests/grid.py:142: &lt;py._xmlgen.raw object at 0x7fb29d7efc50&gt;</skipped></testcase><testcase classname="src.pymortests.grid" file="src/pymortests/grid.py" line="142" name="test_superentities_entry_value_range[&lt;lambda&gt;13]" time="0.0004382133483886719"><skipped message="Suite splitting in effect" type="pytest.skip">src/pymortests/grid.py:142: &lt;py._xmlgen.raw object at 0x7fb29d7f8748&gt;</skipped></testcase><testcase classname="src.pymortests.grid" file="src/pymortests/grid.py" line="142" name="test_superentities_entry_value_range[&lt;lambda&gt;14]" time="0.0004019737243652344"><skipped message="Suite splitting in effect" type="pytest.skip">src/pymortests/grid.py:142: &lt;py._xmlgen.raw object at 0x7fb29d7f8550&gt;</skipped></testcase><testcase classname="src.pymortests.grid" file="src/pymortests/grid.py" line="142" name="test_superentities_entry_value_range[&lt;lambda&gt;15]" time="0.0008122920989990234"><skipped message="Suite splitting in effect" type="pytest.skip">src/pymortests/grid.py:142: &lt;py._xmlgen.raw object at 0x7fb29d804160&gt;</skipped></testcase><testcase classname="src.pymortests.grid" file="src/pymortests/grid.py" line="142" name="test_superentities_entry_value_range[&lt;lambda&gt;16]" time="0.0004105567932128906"><skipped message="Suite splitting in effect" type="pytest.skip">src/pymortests/grid.py:142: &lt;py._xmlgen.raw object at 0x7fb29d7f86a0&gt;</skipped></testcase><testcase classname="src.pymortests.grid" file="src/pymortests/grid.py" line="142" name="test_superentities_entry_value_range[&lt;lambda&gt;17]" time="0.0004200935363769531"><skipped message="Suite splitting in effect" type="pytest.skip">src/pymortests/grid.py:142: &lt;py._xmlgen.raw object at 0x7fb29d7efc88&gt;</skipped></testcase><testcase classname="src.pymortests.grid" file="src/pymortests/grid.py" line="142" name="test_superentities_entry_value_range[&lt;lambda&gt;18]" time="0.0007069110870361328"><skipped message="Suite splitting in effect" type="pytest.skip">src/pymortests/grid.py:142: &lt;py._xmlgen.raw object at 0x7fb29d7e81d0&gt;</skipped></testcase><testcase classname="src.pymortests.grid" file="src/pymortests/grid.py" line="142" name="test_superentities_entry_value_range[&lt;lambda&gt;19]" time="0.0005006790161132812"><skipped message="Suite splitting in effect" type="pytest.skip">src/pymortests/grid.py:142: &lt;py._xmlgen.raw object at 0x7fb2c72c2f98&gt;</skipped></testcase><testcase classname="src.pymortests.grid" file="src/pymortests/grid.py" line="142" name="test_superentities_entry_value_range[&lt;lambda&gt;20]" time="0.0004322528839111328"><skipped message="Suite splitting in effect" type="pytest.skip">src/pymortests/grid.py:142: &lt;py._xmlgen.raw object at 0x7fb2c7284240&gt;</skipped></testcase><testcase classname="src.pymortests.grid" file="src/pymortests/grid.py" line="142" name="test_superentities_entry_value_range[&lt;lambda&gt;21]" time="0.0006837844848632812"><skipped message="Suite splitting in effect" type="pytest.skip">src/pymortests/grid.py:142: &lt;py._xmlgen.raw object at 0x7fb29d8488d0&gt;</skipped></testcase><testcase classname="src.pymortests.grid" file="src/pymortests/grid.py" line="142" name="test_superentities_entry_value_range[&lt;lambda&gt;22]" time="0.0004360675811767578"><skipped message="Suite splitting in effect" type="pytest.skip">src/pymortests/grid.py:142: &lt;py._xmlgen.raw object at 0x7fb29d8042e8&gt;</skipped></testcase><testcase classname="src.pymortests.grid" file="src/pymortests/grid.py" line="142" name="test_superentities_entry_value_range[&lt;lambda&gt;23]" time="0.0004417896270751953"><skipped message="Suite splitting in effect" type="pytest.skip">src/pymortests/grid.py:142: &lt;py._xmlgen.raw object at 0x7fb29d804780&gt;</skipped></testcase><testcase classname="src.pymortests.grid" file="src/pymortests/grid.py" line="142" name="test_superentities_entry_value_range[&lt;lambda&gt;24]" time="0.0004553794860839844"><skipped message="Suite splitting in effect" type="pytest.skip">src/pymortests/grid.py:142: &lt;py._xmlgen.raw object at 0x7fb29d848550&gt;</skipped></testcase><testcase classname="src.pymortests.grid" file="src/pymortests/grid.py" line="142" name="test_superentities_entry_value_range[&lt;lambda&gt;25]" time="0.000461578369140625"><skipped message="Suite splitting in effect" type="pytest.skip">src/pymortests/grid.py:142: &lt;py._xmlgen.raw object at 0x7fb2c7297c88&gt;</skipped></testcase><testcase classname="src.pymortests.grid" file="src/pymortests/grid.py" line="142" name="test_superentities_entry_value_range[&lt;lambda&gt;26]" time="0.0004353523254394531"><skipped message="Suite splitting in effect" type="pytest.skip">src/pymortests/grid.py:142: &lt;py._xmlgen.raw object at 0x7fb29d7e8ac8&gt;</skipped></testcase><testcase classname="src.pymortests.grid" file="src/pymortests/grid.py" line="142" name="test_superentities_entry_value_range[&lt;lambda&gt;27]" time="0.0004546642303466797"><skipped message="Suite splitting in effect" type="pytest.skip">src/pymortests/grid.py:142: &lt;py._xmlgen.raw object at 0x7fb29d7eff28&gt;</skipped></testcase><testcase classname="src.pymortests.grid" file="src/pymortests/grid.py" line="142" name="test_superentities_entry_value_range[&lt;lambda&gt;28]" time="0.0004482269287109375"><skipped message="Suite splitting in effect" type="pytest.skip">src/pymortests/grid.py:142: &lt;py._xmlgen.raw object at 0x7fb29d7f8748&gt;</skipped></testcase><testcase classname="src.pymortests.grid" file="src/pymortests/grid.py" line="142" name="test_superentities_entry_value_range[&lt;lambda&gt;29]" time="0.000431060791015625"><skipped message="Suite splitting in effect" type="pytest.skip">src/pymortests/grid.py:142: &lt;py._xmlgen.raw object at 0x7fb29d7f8588&gt;</skipped></testcase><testcase classname="src.pymortests.grid" file="src/pymortests/grid.py" line="142" name="test_superentities_entry_value_range[&lt;lambda&gt;30]" time="0.000431060791015625"><skipped message="Suite splitting in effect" type="pytest.skip">src/pymortests/grid.py:142: &lt;py._xmlgen.raw object at 0x7fb29d804630&gt;</skipped></testcase><testcase classname="src.pymortests.grid" file="src/pymortests/grid.py" line="142" name="test_superentities_entry_value_range[&lt;lambda&gt;31]" time="0.00045180320739746094"><skipped message="Suite splitting in effect" type="pytest.skip">src/pymortests/grid.py:142: &lt;py._xmlgen.raw object at 0x7fb29d804c88&gt;</skipped></testcase><testcase classname="src.pymortests.grid" file="src/pymortests/grid.py" line="142" name="test_superentities_entry_value_range[&lt;lambda&gt;32]" time="0.0004990100860595703"><skipped message="Suite splitting in effect" type="pytest.skip">src/pymortests/grid.py:142: &lt;py._xmlgen.raw object at 0x7fb2c7297c88&gt;</skipped></testcase><testcase classname="src.pymortests.grid" file="src/pymortests/grid.py" line="142" name="test_superentities_entry_value_range[&lt;lambda&gt;33]" time="0.0004227161407470703"><skipped message="Suite splitting in effect" type="pytest.skip">src/pymortests/grid.py:142: &lt;py._xmlgen.raw object at 0x7fb2c7274630&gt;</skipped></testcase><testcase classname="src.pymortests.grid" file="src/pymortests/grid.py" line="142" name="test_superentities_entry_value_range[&lt;lambda&gt;34]" time="0.000431060791015625"><skipped message="Suite splitting in effect" type="pytest.skip">src/pymortests/grid.py:142: &lt;py._xmlgen.raw object at 0x7fb29d7ef9b0&gt;</skipped></testcase><testcase classname="src.pymortests.grid" file="src/pymortests/grid.py" line="142" name="test_superentities_entry_value_range[&lt;lambda&gt;35]" time="0.0004253387451171875"><skipped message="Suite splitting in effect" type="pytest.skip">src/pymortests/grid.py:142: &lt;py._xmlgen.raw object at 0x7fb29d7f8278&gt;</skipped></testcase><testcase classname="src.pymortests.grid" file="src/pymortests/grid.py" line="142" name="test_superentities_entry_value_range[&lt;lambda&gt;36]" time="0.0004425048828125"><skipped message="Suite splitting in effect" type="pytest.skip">src/pymortests/grid.py:142: &lt;py._xmlgen.raw object at 0x7fb29d7f8be0&gt;</skipped></testcase><testcase classname="src.pymortests.grid" file="src/pymortests/grid.py" line="142" name="test_superentities_entry_value_range[&lt;lambda&gt;37]" time="0.0004630088806152344"><skipped message="Suite splitting in effect" type="pytest.skip">src/pymortests/grid.py:142: &lt;py._xmlgen.raw object at 0x7fb29d7e8c50&gt;</skipped></testcase><testcase classname="src.pymortests.grid" file="src/pymortests/grid.py" line="142" name="test_superentities_entry_value_range[&lt;lambda&gt;38]" time="0.00043582916259765625"><skipped message="Suite splitting in effect" type="pytest.skip">src/pymortests/grid.py:142: &lt;py._xmlgen.raw object at 0x7fb29d83e588&gt;</skipped></testcase><testcase classname="src.pymortests.grid" file="src/pymortests/grid.py" line="142" name="test_superentities_entry_value_range[&lt;lambda&gt;39]" time="0.0004525184631347656"><skipped message="Suite splitting in effect" type="pytest.skip">src/pymortests/grid.py:142: &lt;py._xmlgen.raw object at 0x7fb29d7d6048&gt;</skipped></testcase><testcase classname="src.pymortests.grid" file="src/pymortests/grid.py" line="142" name="test_superentities_entry_value_range[&lt;lambda&gt;40]" time="0.0007548332214355469"><skipped message="Suite splitting in effect" type="pytest.skip">src/pymortests/grid.py:142: &lt;py._xmlgen.raw object at 0x7fb29d7d61d0&gt;</skipped></testcase><testcase classname="src.pymortests.grid" file="src/pymortests/grid.py" line="142" name="test_superentities_entry_value_range[&lt;lambda&gt;41]" time="0.00043892860412597656"><skipped message="Suite splitting in effect" type="pytest.skip">src/pymortests/grid.py:142: &lt;py._xmlgen.raw object at 0x7fb29d7e8d30&gt;</skipped></testcase><testcase classname="src.pymortests.grid" file="src/pymortests/grid.py" line="142" name="test_superentities_entry_value_range[&lt;lambda&gt;42]" time="0.0004429817199707031"><skipped message="Suite splitting in effect" type="pytest.skip">src/pymortests/grid.py:142: &lt;py._xmlgen.raw object at 0x7fb29d7f8be0&gt;</skipped></testcase><testcase classname="src.pymortests.grid" file="src/pymortests/grid.py" line="150" name="test_superentities_entry_values_unique[&lt;lambda&gt;0]" time="0.0004851818084716797"><skipped message="Suite splitting in effect" type="pytest.skip">src/pymortests/grid.py:150: &lt;py._xmlgen.raw object at 0x7fb29d8488d0&gt;</skipped></testcase><testcase classname="src.pymortests.grid" file="src/pymortests/grid.py" line="150" name="test_superentities_entry_values_unique[&lt;lambda&gt;1]" time="0.0004239082336425781"><skipped message="Suite splitting in effect" type="pytest.skip">src/pymortests/grid.py:150: &lt;py._xmlgen.raw object at 0x7fb29d7efb38&gt;</skipped></testcase><testcase classname="src.pymortests.grid" file="src/pymortests/grid.py" line="150" name="test_superentities_entry_values_unique[&lt;lambda&gt;2]" time="0.0004279613494873047"><skipped message="Suite splitting in effect" type="pytest.skip">src/pymortests/grid.py:150: &lt;py._xmlgen.raw object at 0x7fb2c72275f8&gt;</skipped></testcase><testcase classname="src.pymortests.grid" file="src/pymortests/grid.py" line="150" name="test_superentities_entry_values_unique[&lt;lambda&gt;3]" time="0.000431060791015625"><skipped message="Suite splitting in effect" type="pytest.skip">src/pymortests/grid.py:150: &lt;py._xmlgen.raw object at 0x7fb2c7297748&gt;</skipped></testcase><testcase classname="src.pymortests.grid" file="src/pymortests/grid.py" line="150" name="test_superentities_entry_values_unique[&lt;lambda&gt;4]" time="0.0004546642303466797"><skipped message="Suite splitting in effect" type="pytest.skip">src/pymortests/grid.py:150: &lt;py._xmlgen.raw object at 0x7fb29d804dd8&gt;</skipped></testcase><testcase classname="src.pymortests.grid" file="src/pymortests/grid.py" line="150" name="test_superentities_entry_values_unique[&lt;lambda&gt;5]" time="0.0004639625549316406"><skipped message="Suite splitting in effect" type="pytest.skip">src/pymortests/grid.py:150: &lt;py._xmlgen.raw object at 0x7fb2c72ae160&gt;</skipped></testcase><testcase classname="src.pymortests.grid" file="src/pymortests/grid.py" line="150" name="test_superentities_entry_values_unique[&lt;lambda&gt;6]" time="0.00045037269592285156"><skipped message="Suite splitting in effect" type="pytest.skip">src/pymortests/grid.py:150: &lt;py._xmlgen.raw object at 0x7fb2c72c2f98&gt;</skipped></testcase><testcase classname="src.pymortests.grid" file="src/pymortests/grid.py" line="150" name="test_superentities_entry_values_unique[&lt;lambda&gt;7]" time="0.0004558563232421875"><skipped message="Suite splitting in effect" type="pytest.skip">src/pymortests/grid.py:150: &lt;py._xmlgen.raw object at 0x7fb2c7274198&gt;</skipped></testcase><testcase classname="src.pymortests.grid" file="src/pymortests/grid.py" line="150" name="test_superentities_entry_values_unique[&lt;lambda&gt;8]" time="0.0004172325134277344"><skipped message="Suite splitting in effect" type="pytest.skip">src/pymortests/grid.py:150: &lt;py._xmlgen.raw object at 0x7fb29d7ef9b0&gt;</skipped></testcase><testcase classname="src.pymortests.grid" file="src/pymortests/grid.py" line="150" name="test_superentities_entry_values_unique[&lt;lambda&gt;9]" time="0.00041985511779785156"><skipped message="Suite splitting in effect" type="pytest.skip">src/pymortests/grid.py:150: &lt;py._xmlgen.raw object at 0x7fb29d7f8c88&gt;</skipped></testcase><testcase classname="src.pymortests.grid" file="src/pymortests/grid.py" line="150" name="test_superentities_entry_values_unique[&lt;lambda&gt;10]" time="0.0003972053527832031"><skipped message="Suite splitting in effect" type="pytest.skip">src/pymortests/grid.py:150: &lt;py._xmlgen.raw object at 0x7fb29d7e8f60&gt;</skipped></testcase><testcase classname="src.pymortests.grid" file="src/pymortests/grid.py" line="150" name="test_superentities_entry_values_unique[&lt;lambda&gt;11]" time="0.0006048679351806641"><skipped message="Suite splitting in effect" type="pytest.skip">src/pymortests/grid.py:150: &lt;py._xmlgen.raw object at 0x7fb29d804c88&gt;</skipped></testcase><testcase classname="src.pymortests.grid" file="src/pymortests/grid.py" line="150" name="test_superentities_entry_values_unique[&lt;lambda&gt;12]" time="0.0004284381866455078"><skipped message="Suite splitting in effect" type="pytest.skip">src/pymortests/grid.py:150: &lt;py._xmlgen.raw object at 0x7fb29d804198&gt;</skipped></testcase><testcase classname="src.pymortests.grid" file="src/pymortests/grid.py" line="150" name="test_superentities_entry_values_unique[&lt;lambda&gt;13]" time="0.0007486343383789062"><skipped message="Suite splitting in effect" type="pytest.skip">src/pymortests/grid.py:150: &lt;py._xmlgen.raw object at 0x7fb29d7943c8&gt;</skipped></testcase><testcase classname="src.pymortests.grid" file="src/pymortests/grid.py" line="150" name="test_superentities_entry_values_unique[&lt;lambda&gt;14]" time="0.0004515647888183594"><skipped message="Suite splitting in effect" type="pytest.skip">src/pymortests/grid.py:150: &lt;py._xmlgen.raw object at 0x7fb2c7260b70&gt;</skipped></testcase><testcase classname="src.pymortests.grid" file="src/pymortests/grid.py" line="150" name="test_superentities_entry_values_unique[&lt;lambda&gt;15]" time="0.0004508495330810547"><skipped message="Suite splitting in effect" type="pytest.skip">src/pymortests/grid.py:150: &lt;py._xmlgen.raw object at 0x7fb29d7f8cf8&gt;</skipped></testcase><testcase classname="src.pymortests.grid" file="src/pymortests/grid.py" line="150" name="test_superentities_entry_values_unique[&lt;lambda&gt;16]" time="0.00045490264892578125"><skipped message="Suite splitting in effect" type="pytest.skip">src/pymortests/grid.py:150: &lt;py._xmlgen.raw object at 0x7fb29d7efeb8&gt;</skipped></testcase><testcase classname="src.pymortests.grid" file="src/pymortests/grid.py" line="150" name="test_superentities_entry_values_unique[&lt;lambda&gt;17]" time="0.0005047321319580078"><skipped message="Suite splitting in effect" type="pytest.skip">src/pymortests/grid.py:150: &lt;py._xmlgen.raw object at 0x7fb2c7227400&gt;</skipped></testcase><testcase classname="src.pymortests.grid" file="src/pymortests/grid.py" line="150" name="test_superentities_entry_values_unique[&lt;lambda&gt;18]" time="0.00046706199645996094"><skipped message="Suite splitting in effect" type="pytest.skip">src/pymortests/grid.py:150: &lt;py._xmlgen.raw object at 0x7fb2c7284240&gt;</skipped></testcase><testcase classname="src.pymortests.grid" file="src/pymortests/grid.py" line="150" name="test_superentities_entry_values_unique[&lt;lambda&gt;19]" time="0.00042557716369628906"><skipped message="Suite splitting in effect" type="pytest.skip">src/pymortests/grid.py:150: &lt;py._xmlgen.raw object at 0x7fb29d804780&gt;</skipped></testcase><testcase classname="src.pymortests.grid" file="src/pymortests/grid.py" line="150" name="test_superentities_entry_values_unique[&lt;lambda&gt;20]" time="0.0004298686981201172"><skipped message="Suite splitting in effect" type="pytest.skip">src/pymortests/grid.py:150: &lt;py._xmlgen.raw object at 0x7fb29d794198&gt;</skipped></testcase><testcase classname="src.pymortests.grid" file="src/pymortests/grid.py" line="150" name="test_superentities_entry_values_unique[&lt;lambda&gt;21]" time="0.0004303455352783203"><skipped message="Suite splitting in effect" type="pytest.skip">src/pymortests/grid.py:150: &lt;py._xmlgen.raw object at 0x7fb29d794908&gt;</skipped></testcase><testcase classname="src.pymortests.grid" file="src/pymortests/grid.py" line="150" name="test_superentities_entry_values_unique[&lt;lambda&gt;22]" time="0.0004956722259521484"><skipped message="Suite splitting in effect" type="pytest.skip">src/pymortests/grid.py:150: &lt;py._xmlgen.raw object at 0x7fb29d804f60&gt;</skipped></testcase><testcase classname="src.pymortests.grid" file="src/pymortests/grid.py" line="150" name="test_superentities_entry_values_unique[&lt;lambda&gt;23]" time="0.00040459632873535156"><skipped message="Suite splitting in effect" type="pytest.skip">src/pymortests/grid.py:150: &lt;py._xmlgen.raw object at 0x7fb2c72742e8&gt;</skipped></testcase><testcase classname="src.pymortests.grid" file="src/pymortests/grid.py" line="150" name="test_superentities_entry_values_unique[&lt;lambda&gt;24]" time="0.0004246234893798828"><skipped message="Suite splitting in effect" type="pytest.skip">src/pymortests/grid.py:150: &lt;py._xmlgen.raw object at 0x7fb29d7ef240&gt;</skipped></testcase><testcase classname="src.pymortests.grid" file="src/pymortests/grid.py" line="150" name="test_superentities_entry_values_unique[&lt;lambda&gt;25]" time="0.0004177093505859375"><skipped message="Suite splitting in effect" type="pytest.skip">src/pymortests/grid.py:150: &lt;py._xmlgen.raw object at 0x7fb29d7f8cf8&gt;</skipped></testcase><testcase classname="src.pymortests.grid" file="src/pymortests/grid.py" line="150" name="test_superentities_entry_values_unique[&lt;lambda&gt;26]" time="0.0004546642303466797"><skipped message="Suite splitting in effect" type="pytest.skip">src/pymortests/grid.py:150: &lt;py._xmlgen.raw object at 0x7fb2c724b668&gt;</skipped></testcase><testcase classname="src.pymortests.grid" file="src/pymortests/grid.py" line="150" name="test_superentities_entry_values_unique[&lt;lambda&gt;27]" time="0.00039958953857421875"><skipped message="Suite splitting in effect" type="pytest.skip">src/pymortests/grid.py:150: &lt;py._xmlgen.raw object at 0x7fb29d794550&gt;</skipped></testcase><testcase classname="src.pymortests.grid" file="src/pymortests/grid.py" line="150" name="test_superentities_entry_values_unique[&lt;lambda&gt;28]" time="0.00042748451232910156"><skipped message="Suite splitting in effect" type="pytest.skip">src/pymortests/grid.py:150: &lt;py._xmlgen.raw object at 0x7fb29d7945c0&gt;</skipped></testcase><testcase classname="src.pymortests.grid" file="src/pymortests/grid.py" line="150" name="test_superentities_entry_values_unique[&lt;lambda&gt;29]" time="0.0004515647888183594"><skipped message="Suite splitting in effect" type="pytest.skip">src/pymortests/grid.py:150: &lt;py._xmlgen.raw object at 0x7fb29d794e10&gt;</skipped></testcase><testcase classname="src.pymortests.grid" file="src/pymortests/grid.py" line="150" name="test_superentities_entry_values_unique[&lt;lambda&gt;30]" time="0.0007419586181640625"><skipped message="Suite splitting in effect" type="pytest.skip">src/pymortests/grid.py:150: &lt;py._xmlgen.raw object at 0x7fb29d794c50&gt;</skipped></testcase><testcase classname="src.pymortests.grid" file="src/pymortests/grid.py" line="150" name="test_superentities_entry_values_unique[&lt;lambda&gt;31]" time="0.0004363059997558594"><skipped message="Suite splitting in effect" type="pytest.skip">src/pymortests/grid.py:150: &lt;py._xmlgen.raw object at 0x7fb29d794a58&gt;</skipped></testcase><testcase classname="src.pymortests.grid" file="src/pymortests/grid.py" line="150" name="test_superentities_entry_values_unique[&lt;lambda&gt;32]" time="0.00044846534729003906"><skipped message="Suite splitting in effect" type="pytest.skip">src/pymortests/grid.py:150: &lt;py._xmlgen.raw object at 0x7fb2c724bda0&gt;</skipped></testcase><testcase classname="src.pymortests.grid" file="src/pymortests/grid.py" line="150" name="test_superentities_entry_values_unique[&lt;lambda&gt;33]" time="0.0004177093505859375"><skipped message="Suite splitting in effect" type="pytest.skip">src/pymortests/grid.py:150: &lt;py._xmlgen.raw object at 0x7fb29d7f80b8&gt;</skipped></testcase><testcase classname="src.pymortests.grid" file="src/pymortests/grid.py" line="150" name="test_superentities_entry_values_unique[&lt;lambda&gt;34]" time="0.00044417381286621094"><skipped message="Suite splitting in effect" type="pytest.skip">src/pymortests/grid.py:150: &lt;py._xmlgen.raw object at 0x7fb2c7236ef0&gt;</skipped></testcase><testcase classname="src.pymortests.grid" file="src/pymortests/grid.py" line="150" name="test_superentities_entry_values_unique[&lt;lambda&gt;35]" time="0.0004265308380126953"><skipped message="Suite splitting in effect" type="pytest.skip">src/pymortests/grid.py:150: &lt;py._xmlgen.raw object at 0x7fb2c7585b70&gt;</skipped></testcase><testcase classname="src.pymortests.grid" file="src/pymortests/grid.py" line="150" name="test_superentities_entry_values_unique[&lt;lambda&gt;36]" time="0.0004227161407470703"><skipped message="Suite splitting in effect" type="pytest.skip">src/pymortests/grid.py:150: &lt;py._xmlgen.raw object at 0x7fb29d8043c8&gt;</skipped></testcase><testcase classname="src.pymortests.grid" file="src/pymortests/grid.py" line="150" name="test_superentities_entry_values_unique[&lt;lambda&gt;37]" time="0.0004172325134277344"><skipped message="Suite splitting in effect" type="pytest.skip">src/pymortests/grid.py:150: &lt;py._xmlgen.raw object at 0x7fb29d79a390&gt;</skipped></testcase><testcase classname="src.pymortests.grid" file="src/pymortests/grid.py" line="150" name="test_superentities_entry_values_unique[&lt;lambda&gt;38]" time="0.0008053779602050781"><skipped message="Suite splitting in effect" type="pytest.skip">src/pymortests/grid.py:150: &lt;py._xmlgen.raw object at 0x7fb2c7297940&gt;</skipped></testcase><testcase classname="src.pymortests.grid" file="src/pymortests/grid.py" line="150" name="test_superentities_entry_values_unique[&lt;lambda&gt;39]" time="0.00045990943908691406"><skipped message="Suite splitting in effect" type="pytest.skip">src/pymortests/grid.py:150: &lt;py._xmlgen.raw object at 0x7fb2c72279e8&gt;</skipped></testcase><testcase classname="src.pymortests.grid" file="src/pymortests/grid.py" line="150" name="test_superentities_entry_values_unique[&lt;lambda&gt;40]" time="0.00042819976806640625"><skipped message="Suite splitting in effect" type="pytest.skip">src/pymortests/grid.py:150: &lt;py._xmlgen.raw object at 0x7fb29d7ef048&gt;</skipped></testcase><testcase classname="src.pymortests.grid" file="src/pymortests/grid.py" line="150" name="test_superentities_entry_values_unique[&lt;lambda&gt;41]" time="0.0004165172576904297"><skipped message="Suite splitting in effect" type="pytest.skip">src/pymortests/grid.py:150: &lt;py._xmlgen.raw object at 0x7fb2c724b3c8&gt;</skipped></testcase><testcase classname="src.pymortests.grid" file="src/pymortests/grid.py" line="150" name="test_superentities_entry_values_unique[&lt;lambda&gt;42]" time="0.00047326087951660156"><skipped message="Suite splitting in effect" type="pytest.skip">src/pymortests/grid.py:150: &lt;py._xmlgen.raw object at 0x7fb29d7e8630&gt;</skipped></testcase><testcase classname="src.pymortests.grid" file="src/pymortests/grid.py" line="159" name="test_superentities_entries_sorted[&lt;lambda&gt;0]" time="0.00044035911560058594"><skipped message="Suite splitting in effect" type="pytest.skip">src/pymortests/grid.py:159: &lt;py._xmlgen.raw object at 0x7fb29d794668&gt;</skipped></testcase><testcase classname="src.pymortests.grid" file="src/pymortests/grid.py" line="159" name="test_superentities_entries_sorted[&lt;lambda&gt;1]" time="0.000415802001953125"><skipped message="Suite splitting in effect" type="pytest.skip">src/pymortests/grid.py:159: &lt;py._xmlgen.raw object at 0x7fb29d79a1d0&gt;</skipped></testcase><testcase classname="src.pymortests.grid" file="src/pymortests/grid.py" line="159" name="test_superentities_entries_sorted[&lt;lambda&gt;2]" time="0.0004341602325439453"><skipped message="Suite splitting in effect" type="pytest.skip">src/pymortests/grid.py:159: &lt;py._xmlgen.raw object at 0x7fb29d79ac50&gt;</skipped></testcase><testcase classname="src.pymortests.grid" file="src/pymortests/grid.py" line="159" name="test_superentities_entries_sorted[&lt;lambda&gt;3]" time="0.0008492469787597656"><skipped message="Suite splitting in effect" type="pytest.skip">src/pymortests/grid.py:159: &lt;py._xmlgen.raw object at 0x7fb29d7a51d0&gt;</skipped></testcase><testcase classname="src.pymortests.grid" file="src/pymortests/grid.py" line="159" name="test_superentities_entries_sorted[&lt;lambda&gt;4]" time="0.0004863739013671875"><skipped message="Suite splitting in effect" type="pytest.skip">src/pymortests/grid.py:159: &lt;py._xmlgen.raw object at 0x7fb29d79a9e8&gt;</skipped></testcase><testcase classname="src.pymortests.grid" file="src/pymortests/grid.py" line="159" name="test_superentities_entries_sorted[&lt;lambda&gt;5]" time="0.00042128562927246094"><skipped message="Suite splitting in effect" type="pytest.skip">src/pymortests/grid.py:159: &lt;py._xmlgen.raw object at 0x7fb29d7947b8&gt;</skipped></testcase><testcase classname="src.pymortests.grid" file="src/pymortests/grid.py" line="159" name="test_superentities_entries_sorted[&lt;lambda&gt;6]" time="0.0004305839538574219"><skipped message="Suite splitting in effect" type="pytest.skip">src/pymortests/grid.py:159: &lt;py._xmlgen.raw object at 0x7fb29d7e87b8&gt;</skipped></testcase><testcase classname="src.pymortests.grid" file="src/pymortests/grid.py" line="159" name="test_superentities_entries_sorted[&lt;lambda&gt;7]" time="0.0004334449768066406"><skipped message="Suite splitting in effect" type="pytest.skip">src/pymortests/grid.py:159: &lt;py._xmlgen.raw object at 0x7fb2c724b320&gt;</skipped></testcase><testcase classname="src.pymortests.grid" file="src/pymortests/grid.py" line="159" name="test_superentities_entries_sorted[&lt;lambda&gt;8]" time="0.00041294097900390625"><skipped message="Suite splitting in effect" type="pytest.skip">src/pymortests/grid.py:159: &lt;py._xmlgen.raw object at 0x7fb2c7236c50&gt;</skipped></testcase><testcase classname="src.pymortests.grid" file="src/pymortests/grid.py" line="159" name="test_superentities_entries_sorted[&lt;lambda&gt;9]" time="0.0004150867462158203"><skipped message="Suite splitting in effect" type="pytest.skip">src/pymortests/grid.py:159: &lt;py._xmlgen.raw object at 0x7fb2c7227be0&gt;</skipped></testcase><testcase classname="src.pymortests.grid" file="src/pymortests/grid.py" line="159" name="test_superentities_entries_sorted[&lt;lambda&gt;10]" time="0.00043892860412597656"><skipped message="Suite splitting in effect" type="pytest.skip">src/pymortests/grid.py:159: &lt;py._xmlgen.raw object at 0x7fb29d7a5080&gt;</skipped></testcase><testcase classname="src.pymortests.grid" file="src/pymortests/grid.py" line="159" name="test_superentities_entries_sorted[&lt;lambda&gt;11]" time="0.0009074211120605469"><skipped message="Suite splitting in effect" type="pytest.skip">src/pymortests/grid.py:159: &lt;py._xmlgen.raw object at 0x7fb29d7a5710&gt;</skipped></testcase><testcase classname="src.pymortests.grid" file="src/pymortests/grid.py" line="159" name="test_superentities_entries_sorted[&lt;lambda&gt;12]" time="0.0004277229309082031"><skipped message="Suite splitting in effect" type="pytest.skip">src/pymortests/grid.py:159: &lt;py._xmlgen.raw object at 0x7fb2c725a278&gt;</skipped></testcase><testcase classname="src.pymortests.grid" file="src/pymortests/grid.py" line="159" name="test_superentities_entries_sorted[&lt;lambda&gt;13]" time="0.00040340423583984375"><skipped message="Suite splitting in effect" type="pytest.skip">src/pymortests/grid.py:159: &lt;py._xmlgen.raw object at 0x7fb29d7f8240&gt;</skipped></testcase><testcase classname="src.pymortests.grid" file="src/pymortests/grid.py" line="159" name="test_superentities_entries_sorted[&lt;lambda&gt;14]" time="0.00046181678771972656"><skipped message="Suite splitting in effect" type="pytest.skip">src/pymortests/grid.py:159: &lt;py._xmlgen.raw object at 0x7fb29d7e8630&gt;</skipped></testcase><testcase classname="src.pymortests.grid" file="src/pymortests/grid.py" line="159" name="test_superentities_entries_sorted[&lt;lambda&gt;15]" time="0.0004267692565917969"><skipped message="Suite splitting in effect" type="pytest.skip">src/pymortests/grid.py:159: &lt;py._xmlgen.raw object at 0x7fb2c71ecc18&gt;</skipped></testcase><testcase classname="src.pymortests.grid" file="src/pymortests/grid.py" line="159" name="test_superentities_entries_sorted[&lt;lambda&gt;16]" time="0.0004305839538574219"><skipped message="Suite splitting in effect" type="pytest.skip">src/pymortests/grid.py:159: &lt;py._xmlgen.raw object at 0x7fb29d79aa90&gt;</skipped></testcase><testcase classname="src.pymortests.grid" file="src/pymortests/grid.py" line="159" name="test_superentities_entries_sorted[&lt;lambda&gt;17]" time="0.0004374980926513672"><skipped message="Suite splitting in effect" type="pytest.skip">src/pymortests/grid.py:159: &lt;py._xmlgen.raw object at 0x7fb29d79ac50&gt;</skipped></testcase><testcase classname="src.pymortests.grid" file="src/pymortests/grid.py" line="159" name="test_superentities_entries_sorted[&lt;lambda&gt;18]" time="0.0004363059997558594"><skipped message="Suite splitting in effect" type="pytest.skip">src/pymortests/grid.py:159: &lt;py._xmlgen.raw object at 0x7fb29d7a52b0&gt;</skipped></testcase><testcase classname="src.pymortests.grid" file="src/pymortests/grid.py" line="159" name="test_superentities_entries_sorted[&lt;lambda&gt;19]" time="0.0005009174346923828"><skipped message="Suite splitting in effect" type="pytest.skip">src/pymortests/grid.py:159: &lt;py._xmlgen.raw object at 0x7fb29d7a5d30&gt;</skipped></testcase><testcase classname="src.pymortests.grid" file="src/pymortests/grid.py" line="159" name="test_superentities_entries_sorted[&lt;lambda&gt;20]" time="0.00044608116149902344"><skipped message="Suite splitting in effect" type="pytest.skip">src/pymortests/grid.py:159: &lt;py._xmlgen.raw object at 0x7fb29d79a518&gt;</skipped></testcase><testcase classname="src.pymortests.grid" file="src/pymortests/grid.py" line="159" name="test_superentities_entries_sorted[&lt;lambda&gt;21]" time="0.0004553794860839844"><skipped message="Suite splitting in effect" type="pytest.skip">src/pymortests/grid.py:159: &lt;py._xmlgen.raw object at 0x7fb2c71ecc18&gt;</skipped></testcase><testcase classname="src.pymortests.grid" file="src/pymortests/grid.py" line="159" name="test_superentities_entries_sorted[&lt;lambda&gt;22]" time="0.00041103363037109375"><skipped message="Suite splitting in effect" type="pytest.skip">src/pymortests/grid.py:159: &lt;py._xmlgen.raw object at 0x7fb29d83ef28&gt;</skipped></testcase><testcase classname="src.pymortests.grid" file="src/pymortests/grid.py" line="159" name="test_superentities_entries_sorted[&lt;lambda&gt;23]" time="0.000484466552734375"><skipped message="Suite splitting in effect" type="pytest.skip">src/pymortests/grid.py:159: &lt;py._xmlgen.raw object at 0x7fb29d885f60&gt;</skipped></testcase><testcase classname="src.pymortests.grid" file="src/pymortests/grid.py" line="159" name="test_superentities_entries_sorted[&lt;lambda&gt;24]" time="0.0004277229309082031"><skipped message="Suite splitting in effect" type="pytest.skip">src/pymortests/grid.py:159: &lt;py._xmlgen.raw object at 0x7fb2c725a1d0&gt;</skipped></testcase><testcase classname="src.pymortests.grid" file="src/pymortests/grid.py" line="159" name="test_superentities_entries_sorted[&lt;lambda&gt;25]" time="0.00046896934509277344"><skipped message="Suite splitting in effect" type="pytest.skip">src/pymortests/grid.py:159: &lt;py._xmlgen.raw object at 0x7fb29d7a5d68&gt;</skipped></testcase><testcase classname="src.pymortests.grid" file="src/pymortests/grid.py" line="159" name="test_superentities_entries_sorted[&lt;lambda&gt;26]" time="0.0004329681396484375"><skipped message="Suite splitting in effect" type="pytest.skip">src/pymortests/grid.py:159: &lt;py._xmlgen.raw object at 0x7fb29d7a5438&gt;</skipped></testcase><testcase classname="src.pymortests.grid" file="src/pymortests/grid.py" line="159" name="test_superentities_entries_sorted[&lt;lambda&gt;27]" time="0.00045609474182128906"><skipped message="Suite splitting in effect" type="pytest.skip">src/pymortests/grid.py:159: &lt;py._xmlgen.raw object at 0x7fb29d7b1278&gt;</skipped></testcase><testcase classname="src.pymortests.grid" file="src/pymortests/grid.py" line="159" name="test_superentities_entries_sorted[&lt;lambda&gt;28]" time="0.0008637905120849609"><skipped message="Suite splitting in effect" type="pytest.skip">src/pymortests/grid.py:159: &lt;py._xmlgen.raw object at 0x7fb29d7a54e0&gt;</skipped></testcase><testcase classname="src.pymortests.grid" file="src/pymortests/grid.py" line="159" name="test_superentities_entries_sorted[&lt;lambda&gt;29]" time="0.0004191398620605469"><skipped message="Suite splitting in effect" type="pytest.skip">src/pymortests/grid.py:159: &lt;py._xmlgen.raw object at 0x7fb2c7227be0&gt;</skipped></testcase><testcase classname="src.pymortests.grid" file="src/pymortests/grid.py" line="159" name="test_superentities_entries_sorted[&lt;lambda&gt;30]" time="0.00042247772216796875"><skipped message="Suite splitting in effect" type="pytest.skip">src/pymortests/grid.py:159: &lt;py._xmlgen.raw object at 0x7fb29d885f60&gt;</skipped></testcase><testcase classname="src.pymortests.grid" file="src/pymortests/grid.py" line="159" name="test_superentities_entries_sorted[&lt;lambda&gt;31]" time="0.00045418739318847656"><skipped message="Suite splitting in effect" type="pytest.skip">src/pymortests/grid.py:159: &lt;py._xmlgen.raw object at 0x7fb29d794748&gt;</skipped></testcase><testcase classname="src.pymortests.grid" file="src/pymortests/grid.py" line="159" name="test_superentities_entries_sorted[&lt;lambda&gt;32]" time="0.0004260540008544922"><skipped message="Suite splitting in effect" type="pytest.skip">src/pymortests/grid.py:159: &lt;py._xmlgen.raw object at 0x7fb2c71fe0f0&gt;</skipped></testcase><testcase classname="src.pymortests.grid" file="src/pymortests/grid.py" line="159" name="test_superentities_entries_sorted[&lt;lambda&gt;33]" time="0.0004360675811767578"><skipped message="Suite splitting in effect" type="pytest.skip">src/pymortests/grid.py:159: &lt;py._xmlgen.raw object at 0x7fb29d79aa90&gt;</skipped></testcase><testcase classname="src.pymortests.grid" file="src/pymortests/grid.py" line="159" name="test_superentities_entries_sorted[&lt;lambda&gt;34]" time="0.00042319297790527344"><skipped message="Suite splitting in effect" type="pytest.skip">src/pymortests/grid.py:159: &lt;py._xmlgen.raw object at 0x7fb29d7b1358&gt;</skipped></testcase><testcase classname="src.pymortests.grid" file="src/pymortests/grid.py" line="159" name="test_superentities_entries_sorted[&lt;lambda&gt;35]" time="0.0004334449768066406"><skipped message="Suite splitting in effect" type="pytest.skip">src/pymortests/grid.py:159: &lt;py._xmlgen.raw object at 0x7fb29d7b17b8&gt;</skipped></testcase><testcase classname="src.pymortests.grid" file="src/pymortests/grid.py" line="159" name="test_superentities_entries_sorted[&lt;lambda&gt;36]" time="0.0007283687591552734"><skipped message="Suite splitting in effect" type="pytest.skip">src/pymortests/grid.py:159: &lt;py._xmlgen.raw object at 0x7fb29d79ae80&gt;</skipped></testcase><testcase classname="src.pymortests.grid" file="src/pymortests/grid.py" line="159" name="test_superentities_entries_sorted[&lt;lambda&gt;37]" time="0.0004341602325439453"><skipped message="Suite splitting in effect" type="pytest.skip">src/pymortests/grid.py:159: &lt;py._xmlgen.raw object at 0x7fb2c71ecc18&gt;</skipped></testcase><testcase classname="src.pymortests.grid" file="src/pymortests/grid.py" line="159" name="test_superentities_entries_sorted[&lt;lambda&gt;38]" time="0.0004754066467285156"><skipped message="Suite splitting in effect" type="pytest.skip">src/pymortests/grid.py:159: &lt;py._xmlgen.raw object at 0x7fb29d794a90&gt;</skipped></testcase><testcase classname="src.pymortests.grid" file="src/pymortests/grid.py" line="159" name="test_superentities_entries_sorted[&lt;lambda&gt;39]" time="0.0004978179931640625"><skipped message="Suite splitting in effect" type="pytest.skip">src/pymortests/grid.py:159: &lt;py._xmlgen.raw object at 0x7fb2c724b3c8&gt;</skipped></testcase><testcase classname="src.pymortests.grid" file="src/pymortests/grid.py" line="159" name="test_superentities_entries_sorted[&lt;lambda&gt;40]" time="0.00042724609375"><skipped message="Suite splitting in effect" type="pytest.skip">src/pymortests/grid.py:159: &lt;py._xmlgen.raw object at 0x7fb29d7a5588&gt;</skipped></testcase><testcase classname="src.pymortests.grid" file="src/pymortests/grid.py" line="159" name="test_superentities_entries_sorted[&lt;lambda&gt;41]" time="0.0004456043243408203"><skipped message="Suite splitting in effect" type="pytest.skip">src/pymortests/grid.py:159: &lt;py._xmlgen.raw object at 0x7fb29d7a54e0&gt;</skipped></testcase><testcase classname="src.pymortests.grid" file="src/pymortests/grid.py" line="159" name="test_superentities_entries_sorted[&lt;lambda&gt;42]" time="0.0004782676696777344"><skipped message="Suite splitting in effect" type="pytest.skip">src/pymortests/grid.py:159: &lt;py._xmlgen.raw object at 0x7fb29d7b12e8&gt;</skipped></testcase><testcase classname="src.pymortests.grid" file="src/pymortests/grid.py" line="172" name="test_superentities_codim_d_codim_d[&lt;lambda&gt;0]" time="0.0004241466522216797"><skipped message="Suite splitting in effect" type="pytest.skip">src/pymortests/grid.py:172: &lt;py._xmlgen.raw object at 0x7fb29d7ba0b8&gt;</skipped></testcase><testcase classname="src.pymortests.grid" file="src/pymortests/grid.py" line="172" name="test_superentities_codim_d_codim_d[&lt;lambda&gt;1]" time="0.00046443939208984375"><skipped message="Suite splitting in effect" type="pytest.skip">src/pymortests/grid.py:172: &lt;py._xmlgen.raw object at 0x7fb29d7ef978&gt;</skipped></testcase><testcase classname="src.pymortests.grid" file="src/pymortests/grid.py" line="172" name="test_superentities_codim_d_codim_d[&lt;lambda&gt;2]" time="0.0004398822784423828"><skipped message="Suite splitting in effect" type="pytest.skip">src/pymortests/grid.py:172: &lt;py._xmlgen.raw object at 0x7fb2c71fecc0&gt;</skipped></testcase><testcase classname="src.pymortests.grid" file="src/pymortests/grid.py" line="172" name="test_superentities_codim_d_codim_d[&lt;lambda&gt;3]" time="0.0004367828369140625"><skipped message="Suite splitting in effect" type="pytest.skip">src/pymortests/grid.py:172: &lt;py._xmlgen.raw object at 0x7fb2c71ecd68&gt;</skipped></testcase><testcase classname="src.pymortests.grid" file="src/pymortests/grid.py" line="172" name="test_superentities_codim_d_codim_d[&lt;lambda&gt;4]" time="0.0004858970642089844"><skipped message="Suite splitting in effect" type="pytest.skip">src/pymortests/grid.py:172: &lt;py._xmlgen.raw object at 0x7fb29d7b12e8&gt;</skipped></testcase><testcase classname="src.pymortests.grid" file="src/pymortests/grid.py" line="172" name="test_superentities_codim_d_codim_d[&lt;lambda&gt;5]" time="0.00044083595275878906"><skipped message="Suite splitting in effect" type="pytest.skip">src/pymortests/grid.py:172: &lt;py._xmlgen.raw object at 0x7fb29d7b1a90&gt;</skipped></testcase><testcase classname="src.pymortests.grid" file="src/pymortests/grid.py" line="172" name="test_superentities_codim_d_codim_d[&lt;lambda&gt;6]" time="0.0004305839538574219"><skipped message="Suite splitting in effect" type="pytest.skip">src/pymortests/grid.py:172: &lt;py._xmlgen.raw object at 0x7fb29d7a5d68&gt;</skipped></testcase><testcase classname="src.pymortests.grid" file="src/pymortests/grid.py" line="172" name="test_superentities_codim_d_codim_d[&lt;lambda&gt;7]" time="0.00041866302490234375"><skipped message="Suite splitting in effect" type="pytest.skip">src/pymortests/grid.py:172: &lt;py._xmlgen.raw object at 0x7fb29d79ab00&gt;</skipped></testcase><testcase classname="src.pymortests.grid" file="src/pymortests/grid.py" line="172" name="test_superentities_codim_d_codim_d[&lt;lambda&gt;8]" time="0.0004146099090576172"><skipped message="Suite splitting in effect" type="pytest.skip">src/pymortests/grid.py:172: &lt;py._xmlgen.raw object at 0x7fb29d79a668&gt;</skipped></testcase><testcase classname="src.pymortests.grid" file="src/pymortests/grid.py" line="172" name="test_superentities_codim_d_codim_d[&lt;lambda&gt;9]" time="0.00048232078552246094"><skipped message="Suite splitting in effect" type="pytest.skip">src/pymortests/grid.py:172: &lt;py._xmlgen.raw object at 0x7fb29d794e48&gt;</skipped></testcase><testcase classname="src.pymortests.grid" file="src/pymortests/grid.py" line="172" name="test_superentities_codim_d_codim_d[&lt;lambda&gt;10]" time="0.000461578369140625"><skipped message="Suite splitting in effect" type="pytest.skip">src/pymortests/grid.py:172: &lt;py._xmlgen.raw object at 0x7fb29d794f28&gt;</skipped></testcase><testcase classname="src.pymortests.grid" file="src/pymortests/grid.py" line="172" name="test_superentities_codim_d_codim_d[&lt;lambda&gt;11]" time="0.0004146099090576172"><skipped message="Suite splitting in effect" type="pytest.skip">src/pymortests/grid.py:172: &lt;py._xmlgen.raw object at 0x7fb29d79ab38&gt;</skipped></testcase><testcase classname="src.pymortests.grid" file="src/pymortests/grid.py" line="172" name="test_superentities_codim_d_codim_d[&lt;lambda&gt;12]" time="0.0004436969757080078"><skipped message="Suite splitting in effect" type="pytest.skip">src/pymortests/grid.py:172: &lt;py._xmlgen.raw object at 0x7fb29d7a5358&gt;</skipped></testcase><testcase classname="src.pymortests.grid" file="src/pymortests/grid.py" line="172" name="test_superentities_codim_d_codim_d[&lt;lambda&gt;13]" time="0.00043201446533203125"><skipped message="Suite splitting in effect" type="pytest.skip">src/pymortests/grid.py:172: &lt;py._xmlgen.raw object at 0x7fb29d7b1b00&gt;</skipped></testcase><testcase classname="src.pymortests.grid" file="src/pymortests/grid.py" line="172" name="test_superentities_codim_d_codim_d[&lt;lambda&gt;14]" time="0.00043201446533203125"><skipped message="Suite splitting in effect" type="pytest.skip">src/pymortests/grid.py:172: &lt;py._xmlgen.raw object at 0x7fb29d7b1d68&gt;</skipped></testcase><testcase classname="src.pymortests.grid" file="src/pymortests/grid.py" line="172" name="test_superentities_codim_d_codim_d[&lt;lambda&gt;15]" time="0.0004038810729980469"><skipped message="Suite splitting in effect" type="pytest.skip">src/pymortests/grid.py:172: &lt;py._xmlgen.raw object at 0x7fb2c71fe4e0&gt;</skipped></testcase><testcase classname="src.pymortests.grid" file="src/pymortests/grid.py" line="172" name="test_superentities_codim_d_codim_d[&lt;lambda&gt;16]" time="0.000431060791015625"><skipped message="Suite splitting in effect" type="pytest.skip">src/pymortests/grid.py:172: &lt;py._xmlgen.raw object at 0x7fb29d83ef28&gt;</skipped></testcase><testcase classname="src.pymortests.grid" file="src/pymortests/grid.py" line="172" name="test_superentities_codim_d_codim_d[&lt;lambda&gt;17]" time="0.000408172607421875"><skipped message="Suite splitting in effect" type="pytest.skip">src/pymortests/grid.py:172: &lt;py._xmlgen.raw object at 0x7fb29d8043c8&gt;</skipped></testcase><testcase classname="src.pymortests.grid" file="src/pymortests/grid.py" line="172" name="test_superentities_codim_d_codim_d[&lt;lambda&gt;18]" time="0.0007843971252441406"><skipped message="Suite splitting in effect" type="pytest.skip">src/pymortests/grid.py:172: &lt;py._xmlgen.raw object at 0x7fb29d83eef0&gt;</skipped></testcase><testcase classname="src.pymortests.grid" file="src/pymortests/grid.py" line="172" name="test_superentities_codim_d_codim_d[&lt;lambda&gt;19]" time="0.0004475116729736328"><skipped message="Suite splitting in effect" type="pytest.skip">src/pymortests/grid.py:172: &lt;py._xmlgen.raw object at 0x7fb2c71fe0f0&gt;</skipped></testcase><testcase classname="src.pymortests.grid" file="src/pymortests/grid.py" line="172" name="test_superentities_codim_d_codim_d[&lt;lambda&gt;20]" time="0.0004470348358154297"><skipped message="Suite splitting in effect" type="pytest.skip">src/pymortests/grid.py:172: &lt;py._xmlgen.raw object at 0x7fb29d7b10f0&gt;</skipped></testcase><testcase classname="src.pymortests.grid" file="src/pymortests/grid.py" line="172" name="test_superentities_codim_d_codim_d[&lt;lambda&gt;21]" time="0.0004487037658691406"><skipped message="Suite splitting in effect" type="pytest.skip">src/pymortests/grid.py:172: &lt;py._xmlgen.raw object at 0x7fb29d7a5240&gt;</skipped></testcase><testcase classname="src.pymortests.grid" file="src/pymortests/grid.py" line="172" name="test_superentities_codim_d_codim_d[&lt;lambda&gt;22]" time="0.0004131793975830078"><skipped message="Suite splitting in effect" type="pytest.skip">src/pymortests/grid.py:172: &lt;py._xmlgen.raw object at 0x7fb29d79a7f0&gt;</skipped></testcase><testcase classname="src.pymortests.grid" file="src/pymortests/grid.py" line="172" name="test_superentities_codim_d_codim_d[&lt;lambda&gt;23]" time="0.0004119873046875"><skipped message="Suite splitting in effect" type="pytest.skip">src/pymortests/grid.py:172: &lt;py._xmlgen.raw object at 0x7fb2c71a2550&gt;</skipped></testcase><testcase classname="src.pymortests.grid" file="src/pymortests/grid.py" line="172" name="test_superentities_codim_d_codim_d[&lt;lambda&gt;24]" time="0.00042057037353515625"><skipped message="Suite splitting in effect" type="pytest.skip">src/pymortests/grid.py:172: &lt;py._xmlgen.raw object at 0x7fb29d7941d0&gt;</skipped></testcase><testcase classname="src.pymortests.grid" file="src/pymortests/grid.py" line="172" name="test_superentities_codim_d_codim_d[&lt;lambda&gt;25]" time="0.0004787445068359375"><skipped message="Suite splitting in effect" type="pytest.skip">src/pymortests/grid.py:172: &lt;py._xmlgen.raw object at 0x7fb29d7d6160&gt;</skipped></testcase><testcase classname="src.pymortests.grid" file="src/pymortests/grid.py" line="172" name="test_superentities_codim_d_codim_d[&lt;lambda&gt;26]" time="0.0007276535034179688"><skipped message="Suite splitting in effect" type="pytest.skip">src/pymortests/grid.py:172: &lt;py._xmlgen.raw object at 0x7fb29d7d6160&gt;</skipped></testcase><testcase classname="src.pymortests.grid" file="src/pymortests/grid.py" line="172" name="test_superentities_codim_d_codim_d[&lt;lambda&gt;27]" time="0.0004363059997558594"><skipped message="Suite splitting in effect" type="pytest.skip">src/pymortests/grid.py:172: &lt;py._xmlgen.raw object at 0x7fb29d794b70&gt;</skipped></testcase><testcase classname="src.pymortests.grid" file="src/pymortests/grid.py" line="172" name="test_superentities_codim_d_codim_d[&lt;lambda&gt;28]" time="0.0004680156707763672"><skipped message="Suite splitting in effect" type="pytest.skip">src/pymortests/grid.py:172: &lt;py._xmlgen.raw object at 0x7fb29d79aa20&gt;</skipped></testcase><testcase classname="src.pymortests.grid" file="src/pymortests/grid.py" line="172" name="test_superentities_codim_d_codim_d[&lt;lambda&gt;29]" time="0.000446319580078125"><skipped message="Suite splitting in effect" type="pytest.skip">src/pymortests/grid.py:172: &lt;py._xmlgen.raw object at 0x7fb29d7a5c18&gt;</skipped></testcase><testcase classname="src.pymortests.grid" file="src/pymortests/grid.py" line="172" name="test_superentities_codim_d_codim_d[&lt;lambda&gt;30]" time="0.0004355907440185547"><skipped message="Suite splitting in effect" type="pytest.skip">src/pymortests/grid.py:172: &lt;py._xmlgen.raw object at 0x7fb29d7b1588&gt;</skipped></testcase><testcase classname="src.pymortests.grid" file="src/pymortests/grid.py" line="172" name="test_superentities_codim_d_codim_d[&lt;lambda&gt;31]" time="0.0004172325134277344"><skipped message="Suite splitting in effect" type="pytest.skip">src/pymortests/grid.py:172: &lt;py._xmlgen.raw object at 0x7fb2c71fe780&gt;</skipped></testcase><testcase classname="src.pymortests.grid" file="src/pymortests/grid.py" line="172" name="test_superentities_codim_d_codim_d[&lt;lambda&gt;32]" time="0.00041365623474121094"><skipped message="Suite splitting in effect" type="pytest.skip">src/pymortests/grid.py:172: &lt;py._xmlgen.raw object at 0x7fb29d826d30&gt;</skipped></testcase><testcase classname="src.pymortests.grid" file="src/pymortests/grid.py" line="172" name="test_superentities_codim_d_codim_d[&lt;lambda&gt;33]" time="0.0004496574401855469"><skipped message="Suite splitting in effect" type="pytest.skip">src/pymortests/grid.py:172: &lt;py._xmlgen.raw object at 0x7fb29d7ba940&gt;</skipped></testcase><testcase classname="src.pymortests.grid" file="src/pymortests/grid.py" line="172" name="test_superentities_codim_d_codim_d[&lt;lambda&gt;34]" time="0.0007481575012207031"><skipped message="Suite splitting in effect" type="pytest.skip">src/pymortests/grid.py:172: &lt;py._xmlgen.raw object at 0x7fb29d7bae80&gt;</skipped></testcase><testcase classname="src.pymortests.grid" file="src/pymortests/grid.py" line="172" name="test_superentities_codim_d_codim_d[&lt;lambda&gt;35]" time="0.00040435791015625"><skipped message="Suite splitting in effect" type="pytest.skip">src/pymortests/grid.py:172: &lt;py._xmlgen.raw object at 0x7fb2c71fe438&gt;</skipped></testcase><testcase classname="src.pymortests.grid" file="src/pymortests/grid.py" line="172" name="test_superentities_codim_d_codim_d[&lt;lambda&gt;36]" time="0.0004374980926513672"><skipped message="Suite splitting in effect" type="pytest.skip">src/pymortests/grid.py:172: &lt;py._xmlgen.raw object at 0x7fb29d7b1438&gt;</skipped></testcase><testcase classname="src.pymortests.grid" file="src/pymortests/grid.py" line="172" name="test_superentities_codim_d_codim_d[&lt;lambda&gt;37]" time="0.0004353523254394531"><skipped message="Suite splitting in effect" type="pytest.skip">src/pymortests/grid.py:172: &lt;py._xmlgen.raw object at 0x7fb29d79a390&gt;</skipped></testcase><testcase classname="src.pymortests.grid" file="src/pymortests/grid.py" line="172" name="test_superentities_codim_d_codim_d[&lt;lambda&gt;38]" time="0.0004177093505859375"><skipped message="Suite splitting in effect" type="pytest.skip">src/pymortests/grid.py:172: &lt;py._xmlgen.raw object at 0x7fb2c71a2a90&gt;</skipped></testcase><testcase classname="src.pymortests.grid" file="src/pymortests/grid.py" line="172" name="test_superentities_codim_d_codim_d[&lt;lambda&gt;39]" time="0.0004482269287109375"><skipped message="Suite splitting in effect" type="pytest.skip">src/pymortests/grid.py:172: &lt;py._xmlgen.raw object at 0x7fb29d8049e8&gt;</skipped></testcase><testcase classname="src.pymortests.grid" file="src/pymortests/grid.py" line="172" name="test_superentities_codim_d_codim_d[&lt;lambda&gt;40]" time="0.0004191398620605469"><skipped message="Suite splitting in effect" type="pytest.skip">src/pymortests/grid.py:172: &lt;py._xmlgen.raw object at 0x7fb29d7babe0&gt;</skipped></testcase><testcase classname="src.pymortests.grid" file="src/pymortests/grid.py" line="172" name="test_superentities_codim_d_codim_d[&lt;lambda&gt;41]" time="0.00046634674072265625"><skipped message="Suite splitting in effect" type="pytest.skip">src/pymortests/grid.py:172: &lt;py._xmlgen.raw object at 0x7fb29d7ba828&gt;</skipped></testcase><testcase classname="src.pymortests.grid" file="src/pymortests/grid.py" line="172" name="test_superentities_codim_d_codim_d[&lt;lambda&gt;42]" time="0.0007395744323730469"><skipped message="Suite splitting in effect" type="pytest.skip">src/pymortests/grid.py:172: &lt;py._xmlgen.raw object at 0x7fb29d7cc400&gt;</skipped></testcase><testcase classname="src.pymortests.grid" file="src/pymortests/grid.py" line="179" name="test_superentities_each_entry_superentity[&lt;lambda&gt;0]" time="0.0004420280456542969"><skipped message="Suite splitting in effect" type="pytest.skip">src/pymortests/grid.py:179: &lt;py._xmlgen.raw object at 0x7fb29d7bacc0&gt;</skipped></testcase><testcase classname="src.pymortests.grid" file="src/pymortests/grid.py" line="179" name="test_superentities_each_entry_superentity[&lt;lambda&gt;1]" time="0.0004601478576660156"><skipped message="Suite splitting in effect" type="pytest.skip">src/pymortests/grid.py:179: &lt;py._xmlgen.raw object at 0x7fb29d794e10&gt;</skipped></testcase><testcase classname="src.pymortests.grid" file="src/pymortests/grid.py" line="179" name="test_superentities_each_entry_superentity[&lt;lambda&gt;2]" time="0.0004620552062988281"><skipped message="Suite splitting in effect" type="pytest.skip">src/pymortests/grid.py:179: &lt;py._xmlgen.raw object at 0x7fb29d79aef0&gt;</skipped></testcase><testcase classname="src.pymortests.grid" file="src/pymortests/grid.py" line="179" name="test_superentities_each_entry_superentity[&lt;lambda&gt;3]" time="0.00042176246643066406"><skipped message="Suite splitting in effect" type="pytest.skip">src/pymortests/grid.py:179: &lt;py._xmlgen.raw object at 0x7fb29d7a5f60&gt;</skipped></testcase><testcase classname="src.pymortests.grid" file="src/pymortests/grid.py" line="179" name="test_superentities_each_entry_superentity[&lt;lambda&gt;4]" time="0.00046706199645996094"><skipped message="Suite splitting in effect" type="pytest.skip">src/pymortests/grid.py:179: &lt;py._xmlgen.raw object at 0x7fb29d7b14e0&gt;</skipped></testcase><testcase classname="src.pymortests.grid" file="src/pymortests/grid.py" line="179" name="test_superentities_each_entry_superentity[&lt;lambda&gt;5]" time="0.0004265308380126953"><skipped message="Suite splitting in effect" type="pytest.skip">src/pymortests/grid.py:179: &lt;py._xmlgen.raw object at 0x7fb2c71ec588&gt;</skipped></testcase><testcase classname="src.pymortests.grid" file="src/pymortests/grid.py" line="179" name="test_superentities_each_entry_superentity[&lt;lambda&gt;6]" time="0.0004286766052246094"><skipped message="Suite splitting in effect" type="pytest.skip">src/pymortests/grid.py:179: &lt;py._xmlgen.raw object at 0x7fb29d7cc240&gt;</skipped></testcase><testcase classname="src.pymortests.grid" file="src/pymortests/grid.py" line="179" name="test_superentities_each_entry_superentity[&lt;lambda&gt;7]" time="0.0004303455352783203"><skipped message="Suite splitting in effect" type="pytest.skip">src/pymortests/grid.py:179: &lt;py._xmlgen.raw object at 0x7fb29d7cca20&gt;</skipped></testcase><testcase classname="src.pymortests.grid" file="src/pymortests/grid.py" line="179" name="test_superentities_each_entry_superentity[&lt;lambda&gt;8]" time="0.0004444122314453125"><skipped message="Suite splitting in effect" type="pytest.skip">src/pymortests/grid.py:179: &lt;py._xmlgen.raw object at 0x7fb2c71eccc0&gt;</skipped></testcase><testcase classname="src.pymortests.grid" file="src/pymortests/grid.py" line="179" name="test_superentities_each_entry_superentity[&lt;lambda&gt;9]" time="0.0004775524139404297"><skipped message="Suite splitting in effect" type="pytest.skip">src/pymortests/grid.py:179: &lt;py._xmlgen.raw object at 0x7fb29d7a5860&gt;</skipped></testcase><testcase classname="src.pymortests.grid" file="src/pymortests/grid.py" line="179" name="test_superentities_each_entry_superentity[&lt;lambda&gt;10]" time="0.0004019737243652344"><skipped message="Suite splitting in effect" type="pytest.skip">src/pymortests/grid.py:179: &lt;py._xmlgen.raw object at 0x7fb2c71a2400&gt;</skipped></testcase><testcase classname="src.pymortests.grid" file="src/pymortests/grid.py" line="179" name="test_superentities_each_entry_superentity[&lt;lambda&gt;11]" time="0.0004322528839111328"><skipped message="Suite splitting in effect" type="pytest.skip">src/pymortests/grid.py:179: &lt;py._xmlgen.raw object at 0x7fb2c71c2668&gt;</skipped></testcase><testcase classname="src.pymortests.grid" file="src/pymortests/grid.py" line="179" name="test_superentities_each_entry_superentity[&lt;lambda&gt;12]" time="0.007567405700683594"><skipped message="Suite splitting in effect" type="pytest.skip">src/pymortests/grid.py:179: &lt;py._xmlgen.raw object at 0x7fb29d7babe0&gt;</skipped></testcase><testcase classname="src.pymortests.grid" file="src/pymortests/grid.py" line="179" name="test_superentities_each_entry_superentity[&lt;lambda&gt;13]" time="0.0005278587341308594"><skipped message="Suite splitting in effect" type="pytest.skip">src/pymortests/grid.py:179: &lt;py._xmlgen.raw object at 0x7fb29d7ccac8&gt;</skipped></testcase><testcase classname="src.pymortests.grid" file="src/pymortests/grid.py" line="179" name="test_superentities_each_entry_superentity[&lt;lambda&gt;14]" time="0.0004611015319824219"><skipped message="Suite splitting in effect" type="pytest.skip">src/pymortests/grid.py:179: &lt;py._xmlgen.raw object at 0x7fb29d7cc080&gt;</skipped></testcase><testcase classname="src.pymortests.grid" file="src/pymortests/grid.py" line="179" name="test_superentities_each_entry_superentity[&lt;lambda&gt;15]" time="0.00044846534729003906"><skipped message="Suite splitting in effect" type="pytest.skip">src/pymortests/grid.py:179: &lt;py._xmlgen.raw object at 0x7fb29d7ccf28&gt;</skipped></testcase><testcase classname="src.pymortests.grid" file="src/pymortests/grid.py" line="179" name="test_superentities_each_entry_superentity[&lt;lambda&gt;16]" time="0.0007412433624267578"><skipped message="Suite splitting in effect" type="pytest.skip">src/pymortests/grid.py:179: &lt;py._xmlgen.raw object at 0x7fb29d7ccda0&gt;</skipped></testcase><testcase classname="src.pymortests.grid" file="src/pymortests/grid.py" line="179" name="test_superentities_each_entry_superentity[&lt;lambda&gt;17]" time="0.00043463706970214844"><skipped message="Suite splitting in effect" type="pytest.skip">src/pymortests/grid.py:179: &lt;py._xmlgen.raw object at 0x7fb29d7ba860&gt;</skipped></testcase><testcase classname="src.pymortests.grid" file="src/pymortests/grid.py" line="179" name="test_superentities_each_entry_superentity[&lt;lambda&gt;18]" time="0.0004863739013671875"><skipped message="Suite splitting in effect" type="pytest.skip">src/pymortests/grid.py:179: &lt;py._xmlgen.raw object at 0x7fb29d804b70&gt;</skipped></testcase><testcase classname="src.pymortests.grid" file="src/pymortests/grid.py" line="179" name="test_superentities_each_entry_superentity[&lt;lambda&gt;19]" time="0.0004487037658691406"><skipped message="Suite splitting in effect" type="pytest.skip">src/pymortests/grid.py:179: &lt;py._xmlgen.raw object at 0x7fb2c71c2ba8&gt;</skipped></testcase><testcase classname="src.pymortests.grid" file="src/pymortests/grid.py" line="179" name="test_superentities_each_entry_superentity[&lt;lambda&gt;20]" time="0.00048065185546875"><skipped message="Suite splitting in effect" type="pytest.skip">src/pymortests/grid.py:179: &lt;py._xmlgen.raw object at 0x7fb29d79aa20&gt;</skipped></testcase><testcase classname="src.pymortests.grid" file="src/pymortests/grid.py" line="179" name="test_superentities_each_entry_superentity[&lt;lambda&gt;21]" time="0.00045108795166015625"><skipped message="Suite splitting in effect" type="pytest.skip">src/pymortests/grid.py:179: &lt;py._xmlgen.raw object at 0x7fb29d7b1438&gt;</skipped></testcase><testcase classname="src.pymortests.grid" file="src/pymortests/grid.py" line="179" name="test_superentities_each_entry_superentity[&lt;lambda&gt;22]" time="0.0005233287811279297"><skipped message="Suite splitting in effect" type="pytest.skip">src/pymortests/grid.py:179: &lt;py._xmlgen.raw object at 0x7fb2c71eccc0&gt;</skipped></testcase><testcase classname="src.pymortests.grid" file="src/pymortests/grid.py" line="179" name="test_superentities_each_entry_superentity[&lt;lambda&gt;23]" time="0.0004589557647705078"><skipped message="Suite splitting in effect" type="pytest.skip">src/pymortests/grid.py:179: &lt;py._xmlgen.raw object at 0x7fb29d7564a8&gt;</skipped></testcase><testcase classname="src.pymortests.grid" file="src/pymortests/grid.py" line="179" name="test_superentities_each_entry_superentity[&lt;lambda&gt;24]" time="0.0007004737854003906"><skipped message="Suite splitting in effect" type="pytest.skip">src/pymortests/grid.py:179: &lt;py._xmlgen.raw object at 0x7fb2c71fe438&gt;</skipped></testcase><testcase classname="src.pymortests.grid" file="src/pymortests/grid.py" line="179" name="test_superentities_each_entry_superentity[&lt;lambda&gt;25]" time="0.0004572868347167969"><skipped message="Suite splitting in effect" type="pytest.skip">src/pymortests/grid.py:179: &lt;py._xmlgen.raw object at 0x7fb29d7b1c50&gt;</skipped></testcase><testcase classname="src.pymortests.grid" file="src/pymortests/grid.py" line="179" name="test_superentities_each_entry_superentity[&lt;lambda&gt;26]" time="0.0004794597625732422"><skipped message="Suite splitting in effect" type="pytest.skip">src/pymortests/grid.py:179: &lt;py._xmlgen.raw object at 0x7fb29d79a2b0&gt;</skipped></testcase><testcase classname="src.pymortests.grid" file="src/pymortests/grid.py" line="179" name="test_superentities_each_entry_superentity[&lt;lambda&gt;27]" time="0.0005767345428466797"><skipped message="Suite splitting in effect" type="pytest.skip">src/pymortests/grid.py:179: &lt;py._xmlgen.raw object at 0x7fb2c71c2f98&gt;</skipped></testcase><testcase classname="src.pymortests.grid" file="src/pymortests/grid.py" line="179" name="test_superentities_each_entry_superentity[&lt;lambda&gt;28]" time="0.0005893707275390625"><skipped message="Suite splitting in effect" type="pytest.skip">src/pymortests/grid.py:179: &lt;py._xmlgen.raw object at 0x7fb29d7bafd0&gt;</skipped></testcase><testcase classname="src.pymortests.grid" file="src/pymortests/grid.py" line="179" name="test_superentities_each_entry_superentity[&lt;lambda&gt;29]" time="0.0004258155822753906"><skipped message="Suite splitting in effect" type="pytest.skip">src/pymortests/grid.py:179: &lt;py._xmlgen.raw object at 0x7fb29d7cc6d8&gt;</skipped></testcase><testcase classname="src.pymortests.grid" file="src/pymortests/grid.py" line="179" name="test_superentities_each_entry_superentity[&lt;lambda&gt;30]" time="0.0005712509155273438"><skipped message="Suite splitting in effect" type="pytest.skip">src/pymortests/grid.py:179: &lt;py._xmlgen.raw object at 0x7fb29d756320&gt;</skipped></testcase><testcase classname="src.pymortests.grid" file="src/pymortests/grid.py" line="179" name="test_superentities_each_entry_superentity[&lt;lambda&gt;31]" time="0.0004324913024902344"><skipped message="Suite splitting in effect" type="pytest.skip">src/pymortests/grid.py:179: &lt;py._xmlgen.raw object at 0x7fb29d756d68&gt;</skipped></testcase><testcase classname="src.pymortests.grid" file="src/pymortests/grid.py" line="179" name="test_superentities_each_entry_superentity[&lt;lambda&gt;32]" time="0.0007894039154052734"><skipped message="Suite splitting in effect" type="pytest.skip">src/pymortests/grid.py:179: &lt;py._xmlgen.raw object at 0x7fb29d7602e8&gt;</skipped></testcase><testcase classname="src.pymortests.grid" file="src/pymortests/grid.py" line="179" name="test_superentities_each_entry_superentity[&lt;lambda&gt;33]" time="0.0005962848663330078"><skipped message="Suite splitting in effect" type="pytest.skip">src/pymortests/grid.py:179: &lt;py._xmlgen.raw object at 0x7fb29d756c88&gt;</skipped></testcase><testcase classname="src.pymortests.grid" file="src/pymortests/grid.py" line="179" name="test_superentities_each_entry_superentity[&lt;lambda&gt;34]" time="0.0004923343658447266"><skipped message="Suite splitting in effect" type="pytest.skip">src/pymortests/grid.py:179: &lt;py._xmlgen.raw object at 0x7fb29d7cc198&gt;</skipped></testcase><testcase classname="src.pymortests.grid" file="src/pymortests/grid.py" line="179" name="test_superentities_each_entry_superentity[&lt;lambda&gt;35]" time="0.0006301403045654297"><skipped message="Suite splitting in effect" type="pytest.skip">src/pymortests/grid.py:179: &lt;py._xmlgen.raw object at 0x7fb29d7ba0f0&gt;</skipped></testcase><testcase classname="src.pymortests.grid" file="src/pymortests/grid.py" line="179" name="test_superentities_each_entry_superentity[&lt;lambda&gt;36]" time="0.0004980564117431641"><skipped message="Suite splitting in effect" type="pytest.skip">src/pymortests/grid.py:179: &lt;py._xmlgen.raw object at 0x7fb29d794400&gt;</skipped></testcase><testcase classname="src.pymortests.grid" file="src/pymortests/grid.py" line="179" name="test_superentities_each_entry_superentity[&lt;lambda&gt;37]" time="0.0004878044128417969"><skipped message="Suite splitting in effect" type="pytest.skip">src/pymortests/grid.py:179: &lt;py._xmlgen.raw object at 0x7fb2c71d49b0&gt;</skipped></testcase><testcase classname="src.pymortests.grid" file="src/pymortests/grid.py" line="179" name="test_superentities_each_entry_superentity[&lt;lambda&gt;38]" time="0.0006368160247802734"><skipped message="Suite splitting in effect" type="pytest.skip">src/pymortests/grid.py:179: &lt;py._xmlgen.raw object at 0x7fb29d7b1c50&gt;</skipped></testcase><testcase classname="src.pymortests.grid" file="src/pymortests/grid.py" line="179" name="test_superentities_each_entry_superentity[&lt;lambda&gt;39]" time="0.0004336833953857422"><skipped message="Suite splitting in effect" type="pytest.skip">src/pymortests/grid.py:179: &lt;py._xmlgen.raw object at 0x7fb29d760160&gt;</skipped></testcase><testcase classname="src.pymortests.grid" file="src/pymortests/grid.py" line="179" name="test_superentities_each_entry_superentity[&lt;lambda&gt;40]" time="0.0008833408355712891"><skipped message="Suite splitting in effect" type="pytest.skip">src/pymortests/grid.py:179: &lt;py._xmlgen.raw object at 0x7fb29d760828&gt;</skipped></testcase><testcase classname="src.pymortests.grid" file="src/pymortests/grid.py" line="179" name="test_superentities_each_entry_superentity[&lt;lambda&gt;41]" time="0.0004563331604003906"><skipped message="Suite splitting in effect" type="pytest.skip">src/pymortests/grid.py:179: &lt;py._xmlgen.raw object at 0x7fb2c71d4278&gt;</skipped></testcase><testcase classname="src.pymortests.grid" file="src/pymortests/grid.py" line="179" name="test_superentities_each_entry_superentity[&lt;lambda&gt;42]" time="0.0004527568817138672"><skipped message="Suite splitting in effect" type="pytest.skip">src/pymortests/grid.py:179: &lt;py._xmlgen.raw object at 0x7fb2c71a2b38&gt;</skipped></testcase><testcase classname="src.pymortests.grid" file="src/pymortests/grid.py" line="191" name="test_superentities_each_superentity_has_entry[&lt;lambda&gt;0]" time="0.0004134178161621094"><skipped message="Suite splitting in effect" type="pytest.skip">src/pymortests/grid.py:191: &lt;py._xmlgen.raw object at 0x7fb2c71c2a58&gt;</skipped></testcase><testcase classname="src.pymortests.grid" file="src/pymortests/grid.py" line="191" name="test_superentities_each_superentity_has_entry[&lt;lambda&gt;1]" time="0.0005433559417724609"><skipped message="Suite splitting in effect" type="pytest.skip">src/pymortests/grid.py:191: &lt;py._xmlgen.raw object at 0x7fb29d7ccda0&gt;</skipped></testcase><testcase classname="src.pymortests.grid" file="src/pymortests/grid.py" line="191" name="test_superentities_each_superentity_has_entry[&lt;lambda&gt;2]" time="0.0004715919494628906"><skipped message="Suite splitting in effect" type="pytest.skip">src/pymortests/grid.py:191: &lt;py._xmlgen.raw object at 0x7fb29d7561d0&gt;</skipped></testcase><testcase classname="src.pymortests.grid" file="src/pymortests/grid.py" line="191" name="test_superentities_each_superentity_has_entry[&lt;lambda&gt;3]" time="0.0004367828369140625"><skipped message="Suite splitting in effect" type="pytest.skip">src/pymortests/grid.py:191: &lt;py._xmlgen.raw object at 0x7fb29d760470&gt;</skipped></testcase><testcase classname="src.pymortests.grid" file="src/pymortests/grid.py" line="191" name="test_superentities_each_superentity_has_entry[&lt;lambda&gt;4]" time="0.0004551410675048828"><skipped message="Suite splitting in effect" type="pytest.skip">src/pymortests/grid.py:191: &lt;py._xmlgen.raw object at 0x7fb29d760160&gt;</skipped></testcase><testcase classname="src.pymortests.grid" file="src/pymortests/grid.py" line="191" name="test_superentities_each_superentity_has_entry[&lt;lambda&gt;5]" time="0.0004258155822753906"><skipped message="Suite splitting in effect" type="pytest.skip">src/pymortests/grid.py:191: &lt;py._xmlgen.raw object at 0x7fb29d760e48&gt;</skipped></testcase><testcase classname="src.pymortests.grid" file="src/pymortests/grid.py" line="191" name="test_superentities_each_superentity_has_entry[&lt;lambda&gt;6]" time="0.0006208419799804688"><skipped message="Suite splitting in effect" type="pytest.skip">src/pymortests/grid.py:191: &lt;py._xmlgen.raw object at 0x7fb29d7561d0&gt;</skipped></testcase><testcase classname="src.pymortests.grid" file="src/pymortests/grid.py" line="191" name="test_superentities_each_superentity_has_entry[&lt;lambda&gt;7]" time="0.0004899501800537109"><skipped message="Suite splitting in effect" type="pytest.skip">src/pymortests/grid.py:191: &lt;py._xmlgen.raw object at 0x7fb29d7baa58&gt;</skipped></testcase><testcase classname="src.pymortests.grid" file="src/pymortests/grid.py" line="191" name="test_superentities_each_superentity_has_entry[&lt;lambda&gt;8]" time="0.000514984130859375"><skipped message="Suite splitting in effect" type="pytest.skip">src/pymortests/grid.py:191: &lt;py._xmlgen.raw object at 0x7fb2c71c2ef0&gt;</skipped></testcase><testcase classname="src.pymortests.grid" file="src/pymortests/grid.py" line="191" name="test_superentities_each_superentity_has_entry[&lt;lambda&gt;9]" time="0.0005424022674560547"><skipped message="Suite splitting in effect" type="pytest.skip">src/pymortests/grid.py:191: &lt;py._xmlgen.raw object at 0x7fb2c71d41d0&gt;</skipped></testcase><testcase classname="src.pymortests.grid" file="src/pymortests/grid.py" line="191" name="test_superentities_each_superentity_has_entry[&lt;lambda&gt;10]" time="0.00044536590576171875"><skipped message="Suite splitting in effect" type="pytest.skip">src/pymortests/grid.py:191: &lt;py._xmlgen.raw object at 0x7fb29d7a5080&gt;</skipped></testcase><testcase classname="src.pymortests.grid" file="src/pymortests/grid.py" line="191" name="test_superentities_each_superentity_has_entry[&lt;lambda&gt;11]" time="0.0005183219909667969"><skipped message="Suite splitting in effect" type="pytest.skip">src/pymortests/grid.py:191: &lt;py._xmlgen.raw object at 0x7fb29d760048&gt;</skipped></testcase><testcase classname="src.pymortests.grid" file="src/pymortests/grid.py" line="191" name="test_superentities_each_superentity_has_entry[&lt;lambda&gt;12]" time="0.00046563148498535156"><skipped message="Suite splitting in effect" type="pytest.skip">src/pymortests/grid.py:191: &lt;py._xmlgen.raw object at 0x7fb29d760710&gt;</skipped></testcase><testcase classname="src.pymortests.grid" file="src/pymortests/grid.py" line="191" name="test_superentities_each_superentity_has_entry[&lt;lambda&gt;13]" time="0.00044989585876464844"><skipped message="Suite splitting in effect" type="pytest.skip">src/pymortests/grid.py:191: &lt;py._xmlgen.raw object at 0x7fb29d769390&gt;</skipped></testcase><testcase classname="src.pymortests.grid" file="src/pymortests/grid.py" line="191" name="test_superentities_each_superentity_has_entry[&lt;lambda&gt;14]" time="0.000492095947265625"><skipped message="Suite splitting in effect" type="pytest.skip">src/pymortests/grid.py:191: &lt;py._xmlgen.raw object at 0x7fb2c71d4cf8&gt;</skipped></testcase><testcase classname="src.pymortests.grid" file="src/pymortests/grid.py" line="191" name="test_superentities_each_superentity_has_entry[&lt;lambda&gt;15]" time="0.0004589557647705078"><skipped message="Suite splitting in effect" type="pytest.skip">src/pymortests/grid.py:191: &lt;py._xmlgen.raw object at 0x7fb2c7163f60&gt;</skipped></testcase><testcase classname="src.pymortests.grid" file="src/pymortests/grid.py" line="191" name="test_superentities_each_superentity_has_entry[&lt;lambda&gt;16]" time="0.0004267692565917969"><skipped message="Suite splitting in effect" type="pytest.skip">src/pymortests/grid.py:191: &lt;py._xmlgen.raw object at 0x7fb29d760748&gt;</skipped></testcase><testcase classname="src.pymortests.grid" file="src/pymortests/grid.py" line="191" name="test_superentities_each_superentity_has_entry[&lt;lambda&gt;17]" time="0.0005266666412353516"><skipped message="Suite splitting in effect" type="pytest.skip">src/pymortests/grid.py:191: &lt;py._xmlgen.raw object at 0x7fb29d760ac8&gt;</skipped></testcase><testcase classname="src.pymortests.grid" file="src/pymortests/grid.py" line="191" name="test_superentities_each_superentity_has_entry[&lt;lambda&gt;18]" time="0.0004494190216064453"><skipped message="Suite splitting in effect" type="pytest.skip">src/pymortests/grid.py:191: &lt;py._xmlgen.raw object at 0x7fb29d756668&gt;</skipped></testcase><testcase classname="src.pymortests.grid" file="src/pymortests/grid.py" line="191" name="test_superentities_each_superentity_has_entry[&lt;lambda&gt;19]" time="0.000461578369140625"><skipped message="Suite splitting in effect" type="pytest.skip">src/pymortests/grid.py:191: &lt;py._xmlgen.raw object at 0x7fb29d756198&gt;</skipped></testcase><testcase classname="src.pymortests.grid" file="src/pymortests/grid.py" line="191" name="test_superentities_each_superentity_has_entry[&lt;lambda&gt;20]" time="0.0004813671112060547"><skipped message="Suite splitting in effect" type="pytest.skip">src/pymortests/grid.py:191: &lt;py._xmlgen.raw object at 0x7fb29d7cc828&gt;</skipped></testcase><testcase classname="src.pymortests.grid" file="src/pymortests/grid.py" line="191" name="test_superentities_each_superentity_has_entry[&lt;lambda&gt;21]" time="0.00048041343688964844"><skipped message="Suite splitting in effect" type="pytest.skip">src/pymortests/grid.py:191: &lt;py._xmlgen.raw object at 0x7fb29d794748&gt;</skipped></testcase><testcase classname="src.pymortests.grid" file="src/pymortests/grid.py" line="191" name="test_superentities_each_superentity_has_entry[&lt;lambda&gt;22]" time="0.0009410381317138672"><skipped message="Suite splitting in effect" type="pytest.skip">src/pymortests/grid.py:191: &lt;py._xmlgen.raw object at 0x7fb29d7cccc0&gt;</skipped></testcase><testcase classname="src.pymortests.grid" file="src/pymortests/grid.py" line="191" name="test_superentities_each_superentity_has_entry[&lt;lambda&gt;23]" time="0.0004620552062988281"><skipped message="Suite splitting in effect" type="pytest.skip">src/pymortests/grid.py:191: &lt;py._xmlgen.raw object at 0x7fb29d7568d0&gt;</skipped></testcase><testcase classname="src.pymortests.grid" file="src/pymortests/grid.py" line="191" name="test_superentities_each_superentity_has_entry[&lt;lambda&gt;24]" time="0.00044798851013183594"><skipped message="Suite splitting in effect" type="pytest.skip">src/pymortests/grid.py:191: &lt;py._xmlgen.raw object at 0x7fb29d756668&gt;</skipped></testcase><testcase classname="src.pymortests.grid" file="src/pymortests/grid.py" line="191" name="test_superentities_each_superentity_has_entry[&lt;lambda&gt;25]" time="0.0004885196685791016"><skipped message="Suite splitting in effect" type="pytest.skip">src/pymortests/grid.py:191: &lt;py._xmlgen.raw object at 0x7fb29d760390&gt;</skipped></testcase><testcase classname="src.pymortests.grid" file="src/pymortests/grid.py" line="191" name="test_superentities_each_superentity_has_entry[&lt;lambda&gt;26]" time="0.000499725341796875"><skipped message="Suite splitting in effect" type="pytest.skip">src/pymortests/grid.py:191: &lt;py._xmlgen.raw object at 0x7fb2c7179978&gt;</skipped></testcase><testcase classname="src.pymortests.grid" file="src/pymortests/grid.py" line="191" name="test_superentities_each_superentity_has_entry[&lt;lambda&gt;27]" time="0.00048279762268066406"><skipped message="Suite splitting in effect" type="pytest.skip">src/pymortests/grid.py:191: &lt;py._xmlgen.raw object at 0x7fb2c71a2550&gt;</skipped></testcase><testcase classname="src.pymortests.grid" file="src/pymortests/grid.py" line="191" name="test_superentities_each_superentity_has_entry[&lt;lambda&gt;28]" time="0.0004723072052001953"><skipped message="Suite splitting in effect" type="pytest.skip">src/pymortests/grid.py:191: &lt;py._xmlgen.raw object at 0x7fb29d7a5080&gt;</skipped></testcase><testcase classname="src.pymortests.grid" file="src/pymortests/grid.py" line="191" name="test_superentities_each_superentity_has_entry[&lt;lambda&gt;29]" time="0.00043654441833496094"><skipped message="Suite splitting in effect" type="pytest.skip">src/pymortests/grid.py:191: &lt;py._xmlgen.raw object at 0x7fb29d7baa58&gt;</skipped></testcase><testcase classname="src.pymortests.grid" file="src/pymortests/grid.py" line="191" name="test_superentities_each_superentity_has_entry[&lt;lambda&gt;30]" time="0.000579833984375"><skipped message="Suite splitting in effect" type="pytest.skip">src/pymortests/grid.py:191: &lt;py._xmlgen.raw object at 0x7fb29d7d6e80&gt;</skipped></testcase><testcase classname="src.pymortests.grid" file="src/pymortests/grid.py" line="191" name="test_superentities_each_superentity_has_entry[&lt;lambda&gt;31]" time="0.00043654441833496094"><skipped message="Suite splitting in effect" type="pytest.skip">src/pymortests/grid.py:191: &lt;py._xmlgen.raw object at 0x7fb2c71d4ba8&gt;</skipped></testcase><testcase classname="src.pymortests.grid" file="src/pymortests/grid.py" line="191" name="test_superentities_each_superentity_has_entry[&lt;lambda&gt;32]" time="0.00045299530029296875"><skipped message="Suite splitting in effect" type="pytest.skip">src/pymortests/grid.py:191: &lt;py._xmlgen.raw object at 0x7fb29d79a390&gt;</skipped></testcase><testcase classname="src.pymortests.grid" file="src/pymortests/grid.py" line="191" name="test_superentities_each_superentity_has_entry[&lt;lambda&gt;33]" time="0.00045943260192871094"><skipped message="Suite splitting in effect" type="pytest.skip">src/pymortests/grid.py:191: &lt;py._xmlgen.raw object at 0x7fb29d760ba8&gt;</skipped></testcase><testcase classname="src.pymortests.grid" file="src/pymortests/grid.py" line="191" name="test_superentities_each_superentity_has_entry[&lt;lambda&gt;34]" time="0.00044465065002441406"><skipped message="Suite splitting in effect" type="pytest.skip">src/pymortests/grid.py:191: &lt;py._xmlgen.raw object at 0x7fb29d760160&gt;</skipped></testcase><testcase classname="src.pymortests.grid" file="src/pymortests/grid.py" line="191" name="test_superentities_each_superentity_has_entry[&lt;lambda&gt;35]" time="0.0006136894226074219"><skipped message="Suite splitting in effect" type="pytest.skip">src/pymortests/grid.py:191: &lt;py._xmlgen.raw object at 0x7fb29d756da0&gt;</skipped></testcase><testcase classname="src.pymortests.grid" file="src/pymortests/grid.py" line="191" name="test_superentities_each_superentity_has_entry[&lt;lambda&gt;36]" time="0.0004413127899169922"><skipped message="Suite splitting in effect" type="pytest.skip">src/pymortests/grid.py:191: &lt;py._xmlgen.raw object at 0x7fb29d7cc8d0&gt;</skipped></testcase><testcase classname="src.pymortests.grid" file="src/pymortests/grid.py" line="191" name="test_superentities_each_superentity_has_entry[&lt;lambda&gt;37]" time="0.00043272972106933594"><skipped message="Suite splitting in effect" type="pytest.skip">src/pymortests/grid.py:191: &lt;py._xmlgen.raw object at 0x7fb29d769278&gt;</skipped></testcase><testcase classname="src.pymortests.grid" file="src/pymortests/grid.py" line="191" name="test_superentities_each_superentity_has_entry[&lt;lambda&gt;38]" time="0.0007259845733642578"><skipped message="Suite splitting in effect" type="pytest.skip">src/pymortests/grid.py:191: &lt;py._xmlgen.raw object at 0x7fb29d769a90&gt;</skipped></testcase><testcase classname="src.pymortests.grid" file="src/pymortests/grid.py" line="191" name="test_superentities_each_superentity_has_entry[&lt;lambda&gt;39]" time="0.0004684925079345703"><skipped message="Suite splitting in effect" type="pytest.skip">src/pymortests/grid.py:191: &lt;py._xmlgen.raw object at 0x7fb29d7567f0&gt;</skipped></testcase><testcase classname="src.pymortests.grid" file="src/pymortests/grid.py" line="191" name="test_superentities_each_superentity_has_entry[&lt;lambda&gt;40]" time="0.0004222393035888672"><skipped message="Suite splitting in effect" type="pytest.skip">src/pymortests/grid.py:191: &lt;py._xmlgen.raw object at 0x7fb29d760160&gt;</skipped></testcase><testcase classname="src.pymortests.grid" file="src/pymortests/grid.py" line="191" name="test_superentities_each_superentity_has_entry[&lt;lambda&gt;41]" time="0.0004904270172119141"><skipped message="Suite splitting in effect" type="pytest.skip">src/pymortests/grid.py:191: &lt;py._xmlgen.raw object at 0x7fb2c7179b70&gt;</skipped></testcase><testcase classname="src.pymortests.grid" file="src/pymortests/grid.py" line="191" name="test_superentities_each_superentity_has_entry[&lt;lambda&gt;42]" time="0.0004410743713378906"><skipped message="Suite splitting in effect" type="pytest.skip">src/pymortests/grid.py:191: &lt;py._xmlgen.raw object at 0x7fb2c71890f0&gt;</skipped></testcase><testcase classname="src.pymortests.grid" file="src/pymortests/grid.py" line="203" name="test_superentity_indices_wrong_arguments[&lt;lambda&gt;0]" time="0.0004353523254394531"><skipped message="Suite splitting in effect" type="pytest.skip">src/pymortests/grid.py:203: &lt;py._xmlgen.raw object at 0x7fb29d7baa58&gt;</skipped></testcase><testcase classname="src.pymortests.grid" file="src/pymortests/grid.py" line="203" name="test_superentity_indices_wrong_arguments[&lt;lambda&gt;1]" time="0.0004699230194091797"><skipped message="Suite splitting in effect" type="pytest.skip">src/pymortests/grid.py:203: &lt;py._xmlgen.raw object at 0x7fb29d769710&gt;</skipped></testcase><testcase classname="src.pymortests.grid" file="src/pymortests/grid.py" line="203" name="test_superentity_indices_wrong_arguments[&lt;lambda&gt;2]" time="0.00043082237243652344"><skipped message="Suite splitting in effect" type="pytest.skip">src/pymortests/grid.py:203: &lt;py._xmlgen.raw object at 0x7fb29d769080&gt;</skipped></testcase><testcase classname="src.pymortests.grid" file="src/pymortests/grid.py" line="203" name="test_superentity_indices_wrong_arguments[&lt;lambda&gt;3]" time="0.00042819976806640625"><skipped message="Suite splitting in effect" type="pytest.skip">src/pymortests/grid.py:203: &lt;py._xmlgen.raw object at 0x7fb29d776080&gt;</skipped></testcase><testcase classname="src.pymortests.grid" file="src/pymortests/grid.py" line="203" name="test_superentity_indices_wrong_arguments[&lt;lambda&gt;4]" time="0.00046896934509277344"><skipped message="Suite splitting in effect" type="pytest.skip">src/pymortests/grid.py:203: &lt;py._xmlgen.raw object at 0x7fb29d769cf8&gt;</skipped></testcase><testcase classname="src.pymortests.grid" file="src/pymortests/grid.py" line="203" name="test_superentity_indices_wrong_arguments[&lt;lambda&gt;5]" time="0.0004115104675292969"><skipped message="Suite splitting in effect" type="pytest.skip">src/pymortests/grid.py:203: &lt;py._xmlgen.raw object at 0x7fb29d7695c0&gt;</skipped></testcase><testcase classname="src.pymortests.grid" file="src/pymortests/grid.py" line="203" name="test_superentity_indices_wrong_arguments[&lt;lambda&gt;6]" time="0.0004391670227050781"><skipped message="Suite splitting in effect" type="pytest.skip">src/pymortests/grid.py:203: &lt;py._xmlgen.raw object at 0x7fb29d7a5f98&gt;</skipped></testcase><testcase classname="src.pymortests.grid" file="src/pymortests/grid.py" line="203" name="test_superentity_indices_wrong_arguments[&lt;lambda&gt;7]" time="0.0004124641418457031"><skipped message="Suite splitting in effect" type="pytest.skip">src/pymortests/grid.py:203: &lt;py._xmlgen.raw object at 0x7fb2c7189780&gt;</skipped></testcase><testcase classname="src.pymortests.grid" file="src/pymortests/grid.py" line="203" name="test_superentity_indices_wrong_arguments[&lt;lambda&gt;8]" time="0.00045180320739746094"><skipped message="Suite splitting in effect" type="pytest.skip">src/pymortests/grid.py:203: &lt;py._xmlgen.raw object at 0x7fb29d760d30&gt;</skipped></testcase><testcase classname="src.pymortests.grid" file="src/pymortests/grid.py" line="203" name="test_superentity_indices_wrong_arguments[&lt;lambda&gt;9]" time="0.0004444122314453125"><skipped message="Suite splitting in effect" type="pytest.skip">src/pymortests/grid.py:203: &lt;py._xmlgen.raw object at 0x7fb29d756668&gt;</skipped></testcase><testcase classname="src.pymortests.grid" file="src/pymortests/grid.py" line="203" name="test_superentity_indices_wrong_arguments[&lt;lambda&gt;10]" time="0.0004546642303466797"><skipped message="Suite splitting in effect" type="pytest.skip">src/pymortests/grid.py:203: &lt;py._xmlgen.raw object at 0x7fb29d7cc7b8&gt;</skipped></testcase><testcase classname="src.pymortests.grid" file="src/pymortests/grid.py" line="203" name="test_superentity_indices_wrong_arguments[&lt;lambda&gt;11]" time="0.0005688667297363281"><skipped message="Suite splitting in effect" type="pytest.skip">src/pymortests/grid.py:203: &lt;py._xmlgen.raw object at 0x7fb29d776518&gt;</skipped></testcase><testcase classname="src.pymortests.grid" file="src/pymortests/grid.py" line="203" name="test_superentity_indices_wrong_arguments[&lt;lambda&gt;12]" time="0.0007855892181396484"><skipped message="Suite splitting in effect" type="pytest.skip">src/pymortests/grid.py:203: &lt;py._xmlgen.raw object at 0x7fb29d7568d0&gt;</skipped></testcase><testcase classname="src.pymortests.grid" file="src/pymortests/grid.py" line="203" name="test_superentity_indices_wrong_arguments[&lt;lambda&gt;13]" time="0.0004773139953613281"><skipped message="Suite splitting in effect" type="pytest.skip">src/pymortests/grid.py:203: &lt;py._xmlgen.raw object at 0x7fb29d760630&gt;</skipped></testcase><testcase classname="src.pymortests.grid" file="src/pymortests/grid.py" line="203" name="test_superentity_indices_wrong_arguments[&lt;lambda&gt;14]" time="0.00041556358337402344"><skipped message="Suite splitting in effect" type="pytest.skip">src/pymortests/grid.py:203: &lt;py._xmlgen.raw object at 0x7fb2c71896d8&gt;</skipped></testcase><testcase classname="src.pymortests.grid" file="src/pymortests/grid.py" line="203" name="test_superentity_indices_wrong_arguments[&lt;lambda&gt;15]" time="0.0004203319549560547"><skipped message="Suite splitting in effect" type="pytest.skip">src/pymortests/grid.py:203: &lt;py._xmlgen.raw object at 0x7fb2c711bc88&gt;</skipped></testcase><testcase classname="src.pymortests.grid" file="src/pymortests/grid.py" line="203" name="test_superentity_indices_wrong_arguments[&lt;lambda&gt;16]" time="0.0004153251647949219"><skipped message="Suite splitting in effect" type="pytest.skip">src/pymortests/grid.py:203: &lt;py._xmlgen.raw object at 0x7fb29d769c18&gt;</skipped></testcase><testcase classname="src.pymortests.grid" file="src/pymortests/grid.py" line="203" name="test_superentity_indices_wrong_arguments[&lt;lambda&gt;17]" time="0.00046062469482421875"><skipped message="Suite splitting in effect" type="pytest.skip">src/pymortests/grid.py:203: &lt;py._xmlgen.raw object at 0x7fb29d769940&gt;</skipped></testcase><testcase classname="src.pymortests.grid" file="src/pymortests/grid.py" line="203" name="test_superentity_indices_wrong_arguments[&lt;lambda&gt;18]" time="0.0004487037658691406"><skipped message="Suite splitting in effect" type="pytest.skip">src/pymortests/grid.py:203: &lt;py._xmlgen.raw object at 0x7fb29d776128&gt;</skipped></testcase><testcase classname="src.pymortests.grid" file="src/pymortests/grid.py" line="203" name="test_superentity_indices_wrong_arguments[&lt;lambda&gt;19]" time="0.0003936290740966797"><skipped message="Suite splitting in effect" type="pytest.skip">src/pymortests/grid.py:203: &lt;py._xmlgen.raw object at 0x7fb29d776a58&gt;</skipped></testcase><testcase classname="src.pymortests.grid" file="src/pymortests/grid.py" line="203" name="test_superentity_indices_wrong_arguments[&lt;lambda&gt;20]" time="0.0007958412170410156"><skipped message="Suite splitting in effect" type="pytest.skip">src/pymortests/grid.py:203: &lt;py._xmlgen.raw object at 0x7fb29d7696d8&gt;</skipped></testcase><testcase classname="src.pymortests.grid" file="src/pymortests/grid.py" line="203" name="test_superentity_indices_wrong_arguments[&lt;lambda&gt;21]" time="0.0004673004150390625"><skipped message="Suite splitting in effect" type="pytest.skip">src/pymortests/grid.py:203: &lt;py._xmlgen.raw object at 0x7fb2c71af2b0&gt;</skipped></testcase><testcase classname="src.pymortests.grid" file="src/pymortests/grid.py" line="203" name="test_superentity_indices_wrong_arguments[&lt;lambda&gt;22]" time="0.0004696846008300781"><skipped message="Suite splitting in effect" type="pytest.skip">src/pymortests/grid.py:203: &lt;py._xmlgen.raw object at 0x7fb29d7baf98&gt;</skipped></testcase><testcase classname="src.pymortests.grid" file="src/pymortests/grid.py" line="203" name="test_superentity_indices_wrong_arguments[&lt;lambda&gt;23]" time="0.0004439353942871094"><skipped message="Suite splitting in effect" type="pytest.skip">src/pymortests/grid.py:203: &lt;py._xmlgen.raw object at 0x7fb2c7189198&gt;</skipped></testcase><testcase classname="src.pymortests.grid" file="src/pymortests/grid.py" line="203" name="test_superentity_indices_wrong_arguments[&lt;lambda&gt;24]" time="0.0004150867462158203"><skipped message="Suite splitting in effect" type="pytest.skip">src/pymortests/grid.py:203: &lt;py._xmlgen.raw object at 0x7fb29d760a20&gt;</skipped></testcase><testcase classname="src.pymortests.grid" file="src/pymortests/grid.py" line="203" name="test_superentity_indices_wrong_arguments[&lt;lambda&gt;25]" time="0.0005323886871337891"><skipped message="Suite splitting in effect" type="pytest.skip">src/pymortests/grid.py:203: &lt;py._xmlgen.raw object at 0x7fb29d776a58&gt;</skipped></testcase><testcase classname="src.pymortests.grid" file="src/pymortests/grid.py" line="203" name="test_superentity_indices_wrong_arguments[&lt;lambda&gt;26]" time="0.0004508495330810547"><skipped message="Suite splitting in effect" type="pytest.skip">src/pymortests/grid.py:203: &lt;py._xmlgen.raw object at 0x7fb29d776208&gt;</skipped></testcase><testcase classname="src.pymortests.grid" file="src/pymortests/grid.py" line="203" name="test_superentity_indices_wrong_arguments[&lt;lambda&gt;27]" time="0.00045943260192871094"><skipped message="Suite splitting in effect" type="pytest.skip">src/pymortests/grid.py:203: &lt;py._xmlgen.raw object at 0x7fb29d784358&gt;</skipped></testcase><testcase classname="src.pymortests.grid" file="src/pymortests/grid.py" line="203" name="test_superentity_indices_wrong_arguments[&lt;lambda&gt;28]" time="0.0007340908050537109"><skipped message="Suite splitting in effect" type="pytest.skip">src/pymortests/grid.py:203: &lt;py._xmlgen.raw object at 0x7fb29d784898&gt;</skipped></testcase><testcase classname="src.pymortests.grid" file="src/pymortests/grid.py" line="203" name="test_superentity_indices_wrong_arguments[&lt;lambda&gt;29]" time="0.0004343986511230469"><skipped message="Suite splitting in effect" type="pytest.skip">src/pymortests/grid.py:203: &lt;py._xmlgen.raw object at 0x7fb29d7762b0&gt;</skipped></testcase><testcase classname="src.pymortests.grid" file="src/pymortests/grid.py" line="203" name="test_superentity_indices_wrong_arguments[&lt;lambda&gt;30]" time="0.0004105567932128906"><skipped message="Suite splitting in effect" type="pytest.skip">src/pymortests/grid.py:203: &lt;py._xmlgen.raw object at 0x7fb2c7179978&gt;</skipped></testcase><testcase classname="src.pymortests.grid" file="src/pymortests/grid.py" line="203" name="test_superentity_indices_wrong_arguments[&lt;lambda&gt;31]" time="0.000415802001953125"><skipped message="Suite splitting in effect" type="pytest.skip">src/pymortests/grid.py:203: &lt;py._xmlgen.raw object at 0x7fb2c71d4ba8&gt;</skipped></testcase><testcase classname="src.pymortests.grid" file="src/pymortests/grid.py" line="203" name="test_superentity_indices_wrong_arguments[&lt;lambda&gt;32]" time="0.0004487037658691406"><skipped message="Suite splitting in effect" type="pytest.skip">src/pymortests/grid.py:203: &lt;py._xmlgen.raw object at 0x7fb29d7d6fd0&gt;</skipped></testcase><testcase classname="src.pymortests.grid" file="src/pymortests/grid.py" line="203" name="test_superentity_indices_wrong_arguments[&lt;lambda&gt;33]" time="0.00043773651123046875"><skipped message="Suite splitting in effect" type="pytest.skip">src/pymortests/grid.py:203: &lt;py._xmlgen.raw object at 0x7fb29d769278&gt;</skipped></testcase><testcase classname="src.pymortests.grid" file="src/pymortests/grid.py" line="203" name="test_superentity_indices_wrong_arguments[&lt;lambda&gt;34]" time="0.0004267692565917969"><skipped message="Suite splitting in effect" type="pytest.skip">src/pymortests/grid.py:203: &lt;py._xmlgen.raw object at 0x7fb29d7845c0&gt;</skipped></testcase><testcase classname="src.pymortests.grid" file="src/pymortests/grid.py" line="203" name="test_superentity_indices_wrong_arguments[&lt;lambda&gt;35]" time="0.0004229545593261719"><skipped message="Suite splitting in effect" type="pytest.skip">src/pymortests/grid.py:203: &lt;py._xmlgen.raw object at 0x7fb29d784208&gt;</skipped></testcase><testcase classname="src.pymortests.grid" file="src/pymortests/grid.py" line="203" name="test_superentity_indices_wrong_arguments[&lt;lambda&gt;36]" time="0.0007190704345703125"><skipped message="Suite splitting in effect" type="pytest.skip">src/pymortests/grid.py:203: &lt;py._xmlgen.raw object at 0x7fb29d784dd8&gt;</skipped></testcase><testcase classname="src.pymortests.grid" file="src/pymortests/grid.py" line="203" name="test_superentity_indices_wrong_arguments[&lt;lambda&gt;37]" time="0.0004448890686035156"><skipped message="Suite splitting in effect" type="pytest.skip">src/pymortests/grid.py:203: &lt;py._xmlgen.raw object at 0x7fb2c712aa90&gt;</skipped></testcase><testcase classname="src.pymortests.grid" file="src/pymortests/grid.py" line="203" name="test_superentity_indices_wrong_arguments[&lt;lambda&gt;38]" time="0.0004227161407470703"><skipped message="Suite splitting in effect" type="pytest.skip">src/pymortests/grid.py:203: &lt;py._xmlgen.raw object at 0x7fb2c711b898&gt;</skipped></testcase><testcase classname="src.pymortests.grid" file="src/pymortests/grid.py" line="203" name="test_superentity_indices_wrong_arguments[&lt;lambda&gt;39]" time="0.00045037269592285156"><skipped message="Suite splitting in effect" type="pytest.skip">src/pymortests/grid.py:203: &lt;py._xmlgen.raw object at 0x7fb29d79acf8&gt;</skipped></testcase><testcase classname="src.pymortests.grid" file="src/pymortests/grid.py" line="203" name="test_superentity_indices_wrong_arguments[&lt;lambda&gt;40]" time="0.00043773651123046875"><skipped message="Suite splitting in effect" type="pytest.skip">src/pymortests/grid.py:203: &lt;py._xmlgen.raw object at 0x7fb29d776978&gt;</skipped></testcase><testcase classname="src.pymortests.grid" file="src/pymortests/grid.py" line="203" name="test_superentity_indices_wrong_arguments[&lt;lambda&gt;41]" time="0.00042819976806640625"><skipped message="Suite splitting in effect" type="pytest.skip">src/pymortests/grid.py:203: &lt;py._xmlgen.raw object at 0x7fb29d776b38&gt;</skipped></testcase><testcase classname="src.pymortests.grid" file="src/pymortests/grid.py" line="203" name="test_superentity_indices_wrong_arguments[&lt;lambda&gt;42]" time="0.0004153251647949219"><skipped message="Suite splitting in effect" type="pytest.skip">src/pymortests/grid.py:203: &lt;py._xmlgen.raw object at 0x7fb29d784be0&gt;</skipped></testcase><testcase classname="src.pymortests.grid" file="src/pymortests/grid.py" line="218" name="test_superentity_indices_shape[&lt;lambda&gt;0]" time="0.0004794597625732422"><skipped message="Suite splitting in effect" type="pytest.skip">src/pymortests/grid.py:218: &lt;py._xmlgen.raw object at 0x7fb29d784780&gt;</skipped></testcase><testcase classname="src.pymortests.grid" file="src/pymortests/grid.py" line="218" name="test_superentity_indices_shape[&lt;lambda&gt;1]" time="0.000469207763671875"><skipped message="Suite splitting in effect" type="pytest.skip">src/pymortests/grid.py:218: &lt;py._xmlgen.raw object at 0x7fb29d70e438&gt;</skipped></testcase><testcase classname="src.pymortests.grid" file="src/pymortests/grid.py" line="218" name="test_superentity_indices_shape[&lt;lambda&gt;2]" time="0.0004467964172363281"><skipped message="Suite splitting in effect" type="pytest.skip">src/pymortests/grid.py:218: &lt;py._xmlgen.raw object at 0x7fb29d784390&gt;</skipped></testcase><testcase classname="src.pymortests.grid" file="src/pymortests/grid.py" line="218" name="test_superentity_indices_shape[&lt;lambda&gt;3]" time="0.0004279613494873047"><skipped message="Suite splitting in effect" type="pytest.skip">src/pymortests/grid.py:218: &lt;py._xmlgen.raw object at 0x7fb29d7f82e8&gt;</skipped></testcase><testcase classname="src.pymortests.grid" file="src/pymortests/grid.py" line="218" name="test_superentity_indices_shape[&lt;lambda&gt;4]" time="0.0004494190216064453"><skipped message="Suite splitting in effect" type="pytest.skip">src/pymortests/grid.py:218: &lt;py._xmlgen.raw object at 0x7fb29d760630&gt;</skipped></testcase><testcase classname="src.pymortests.grid" file="src/pymortests/grid.py" line="218" name="test_superentity_indices_shape[&lt;lambda&gt;5]" time="0.00044846534729003906"><skipped message="Suite splitting in effect" type="pytest.skip">src/pymortests/grid.py:218: &lt;py._xmlgen.raw object at 0x7fb2c71d4ba8&gt;</skipped></testcase><testcase classname="src.pymortests.grid" file="src/pymortests/grid.py" line="218" name="test_superentity_indices_shape[&lt;lambda&gt;6]" time="0.0004470348358154297"><skipped message="Suite splitting in effect" type="pytest.skip">src/pymortests/grid.py:218: &lt;py._xmlgen.raw object at 0x7fb2c712afd0&gt;</skipped></testcase><testcase classname="src.pymortests.grid" file="src/pymortests/grid.py" line="218" name="test_superentity_indices_shape[&lt;lambda&gt;7]" time="0.00042891502380371094"><skipped message="Suite splitting in effect" type="pytest.skip">src/pymortests/grid.py:218: &lt;py._xmlgen.raw object at 0x7fb29d7692e8&gt;</skipped></testcase><testcase classname="src.pymortests.grid" file="src/pymortests/grid.py" line="218" name="test_superentity_indices_shape[&lt;lambda&gt;8]" time="0.00042057037353515625"><skipped message="Suite splitting in effect" type="pytest.skip">src/pymortests/grid.py:218: &lt;py._xmlgen.raw object at 0x7fb29d70e048&gt;</skipped></testcase><testcase classname="src.pymortests.grid" file="src/pymortests/grid.py" line="218" name="test_superentity_indices_shape[&lt;lambda&gt;9]" time="0.0004134178161621094"><skipped message="Suite splitting in effect" type="pytest.skip">src/pymortests/grid.py:218: &lt;py._xmlgen.raw object at 0x7fb29d70e940&gt;</skipped></testcase><testcase classname="src.pymortests.grid" file="src/pymortests/grid.py" line="218" name="test_superentity_indices_shape[&lt;lambda&gt;10]" time="0.0007574558258056641"><skipped message="Suite splitting in effect" type="pytest.skip">src/pymortests/grid.py:218: &lt;py._xmlgen.raw object at 0x7fb2c712a6a0&gt;</skipped></testcase><testcase classname="src.pymortests.grid" file="src/pymortests/grid.py" line="218" name="test_superentity_indices_shape[&lt;lambda&gt;11]" time="0.0004227161407470703"><skipped message="Suite splitting in effect" type="pytest.skip">src/pymortests/grid.py:218: &lt;py._xmlgen.raw object at 0x7fb29d7d6e48&gt;</skipped></testcase><testcase classname="src.pymortests.grid" file="src/pymortests/grid.py" line="218" name="test_superentity_indices_shape[&lt;lambda&gt;12]" time="0.0004494190216064453"><skipped message="Suite splitting in effect" type="pytest.skip">src/pymortests/grid.py:218: &lt;py._xmlgen.raw object at 0x7fb29d760710&gt;</skipped></testcase><testcase classname="src.pymortests.grid" file="src/pymortests/grid.py" line="218" name="test_superentity_indices_shape[&lt;lambda&gt;13]" time="0.00043964385986328125"><skipped message="Suite splitting in effect" type="pytest.skip">src/pymortests/grid.py:218: &lt;py._xmlgen.raw object at 0x7fb29d776940&gt;</skipped></testcase><testcase classname="src.pymortests.grid" file="src/pymortests/grid.py" line="218" name="test_superentity_indices_shape[&lt;lambda&gt;14]" time="0.0003998279571533203"><skipped message="Suite splitting in effect" type="pytest.skip">src/pymortests/grid.py:218: &lt;py._xmlgen.raw object at 0x7fb29d784f98&gt;</skipped></testcase><testcase classname="src.pymortests.grid" file="src/pymortests/grid.py" line="218" name="test_superentity_indices_shape[&lt;lambda&gt;15]" time="0.0004138946533203125"><skipped message="Suite splitting in effect" type="pytest.skip">src/pymortests/grid.py:218: &lt;py._xmlgen.raw object at 0x7fb29d70eb00&gt;</skipped></testcase><testcase classname="src.pymortests.grid" file="src/pymortests/grid.py" line="218" name="test_superentity_indices_shape[&lt;lambda&gt;16]" time="0.00042319297790527344"><skipped message="Suite splitting in effect" type="pytest.skip">src/pymortests/grid.py:218: &lt;py._xmlgen.raw object at 0x7fb29d70e1d0&gt;</skipped></testcase><testcase classname="src.pymortests.grid" file="src/pymortests/grid.py" line="218" name="test_superentity_indices_shape[&lt;lambda&gt;17]" time="0.00041031837463378906"><skipped message="Suite splitting in effect" type="pytest.skip">src/pymortests/grid.py:218: &lt;py._xmlgen.raw object at 0x7fb29d70ee80&gt;</skipped></testcase><testcase classname="src.pymortests.grid" file="src/pymortests/grid.py" line="218" name="test_superentity_indices_shape[&lt;lambda&gt;18]" time="0.0006940364837646484"><skipped message="Suite splitting in effect" type="pytest.skip">src/pymortests/grid.py:218: &lt;py._xmlgen.raw object at 0x7fb29d70eeb8&gt;</skipped></testcase><testcase classname="src.pymortests.grid" file="src/pymortests/grid.py" line="218" name="test_superentity_indices_shape[&lt;lambda&gt;19]" time="0.0004744529724121094"><skipped message="Suite splitting in effect" type="pytest.skip">src/pymortests/grid.py:218: &lt;py._xmlgen.raw object at 0x7fb29d70e710&gt;</skipped></testcase><testcase classname="src.pymortests.grid" file="src/pymortests/grid.py" line="218" name="test_superentity_indices_shape[&lt;lambda&gt;20]" time="0.0004489421844482422"><skipped message="Suite splitting in effect" type="pytest.skip">src/pymortests/grid.py:218: &lt;py._xmlgen.raw object at 0x7fb29d784a20&gt;</skipped></testcase><testcase classname="src.pymortests.grid" file="src/pymortests/grid.py" line="218" name="test_superentity_indices_shape[&lt;lambda&gt;21]" time="0.0004315376281738281"><skipped message="Suite splitting in effect" type="pytest.skip">src/pymortests/grid.py:218: &lt;py._xmlgen.raw object at 0x7fb29d776550&gt;</skipped></testcase><testcase classname="src.pymortests.grid" file="src/pymortests/grid.py" line="218" name="test_superentity_indices_shape[&lt;lambda&gt;22]" time="0.0004246234893798828"><skipped message="Suite splitting in effect" type="pytest.skip">src/pymortests/grid.py:218: &lt;py._xmlgen.raw object at 0x7fb2c71d4128&gt;</skipped></testcase><testcase classname="src.pymortests.grid" file="src/pymortests/grid.py" line="218" name="test_superentity_indices_shape[&lt;lambda&gt;23]" time="0.0004439353942871094"><skipped message="Suite splitting in effect" type="pytest.skip">src/pymortests/grid.py:218: &lt;py._xmlgen.raw object at 0x7fb2c714e5c0&gt;</skipped></testcase><testcase classname="src.pymortests.grid" file="src/pymortests/grid.py" line="218" name="test_superentity_indices_shape[&lt;lambda&gt;24]" time="0.0004181861877441406"><skipped message="Suite splitting in effect" type="pytest.skip">src/pymortests/grid.py:218: &lt;py._xmlgen.raw object at 0x7fb2c712a2b0&gt;</skipped></testcase><testcase classname="src.pymortests.grid" file="src/pymortests/grid.py" line="218" name="test_superentity_indices_shape[&lt;lambda&gt;25]" time="0.00045609474182128906"><skipped message="Suite splitting in effect" type="pytest.skip">src/pymortests/grid.py:218: &lt;py._xmlgen.raw object at 0x7fb29d715780&gt;</skipped></testcase><testcase classname="src.pymortests.grid" file="src/pymortests/grid.py" line="218" name="test_superentity_indices_shape[&lt;lambda&gt;26]" time="0.0004572868347167969"><skipped message="Suite splitting in effect" type="pytest.skip">src/pymortests/grid.py:218: &lt;py._xmlgen.raw object at 0x7fb2c711b748&gt;</skipped></testcase><testcase classname="src.pymortests.grid" file="src/pymortests/grid.py" line="218" name="test_superentity_indices_shape[&lt;lambda&gt;27]" time="0.00042366981506347656"><skipped message="Suite splitting in effect" type="pytest.skip">src/pymortests/grid.py:218: &lt;py._xmlgen.raw object at 0x7fb29d70e748&gt;</skipped></testcase><testcase classname="src.pymortests.grid" file="src/pymortests/grid.py" line="218" name="test_superentity_indices_shape[&lt;lambda&gt;28]" time="0.0004210472106933594"><skipped message="Suite splitting in effect" type="pytest.skip">src/pymortests/grid.py:218: &lt;py._xmlgen.raw object at 0x7fb29d70efd0&gt;</skipped></testcase><testcase classname="src.pymortests.grid" file="src/pymortests/grid.py" line="218" name="test_superentity_indices_shape[&lt;lambda&gt;29]" time="0.00042939186096191406"><skipped message="Suite splitting in effect" type="pytest.skip">src/pymortests/grid.py:218: &lt;py._xmlgen.raw object at 0x7fb2c714e128&gt;</skipped></testcase><testcase classname="src.pymortests.grid" file="src/pymortests/grid.py" line="218" name="test_superentity_indices_shape[&lt;lambda&gt;30]" time="0.0004279613494873047"><skipped message="Suite splitting in effect" type="pytest.skip">src/pymortests/grid.py:218: &lt;py._xmlgen.raw object at 0x7fb29d784a20&gt;</skipped></testcase><testcase classname="src.pymortests.grid" file="src/pymortests/grid.py" line="218" name="test_superentity_indices_shape[&lt;lambda&gt;31]" time="0.0004374980926513672"><skipped message="Suite splitting in effect" type="pytest.skip">src/pymortests/grid.py:218: &lt;py._xmlgen.raw object at 0x7fb2c712add8&gt;</skipped></testcase><testcase classname="src.pymortests.grid" file="src/pymortests/grid.py" line="218" name="test_superentity_indices_shape[&lt;lambda&gt;32]" time="0.0004646778106689453"><skipped message="Suite splitting in effect" type="pytest.skip">src/pymortests/grid.py:218: &lt;py._xmlgen.raw object at 0x7fb29d776cc0&gt;</skipped></testcase><testcase classname="src.pymortests.grid" file="src/pymortests/grid.py" line="218" name="test_superentity_indices_shape[&lt;lambda&gt;33]" time="0.0004382133483886719"><skipped message="Suite splitting in effect" type="pytest.skip">src/pymortests/grid.py:218: &lt;py._xmlgen.raw object at 0x7fb29d7690f0&gt;</skipped></testcase><testcase classname="src.pymortests.grid" file="src/pymortests/grid.py" line="218" name="test_superentity_indices_shape[&lt;lambda&gt;34]" time="0.0004336833953857422"><skipped message="Suite splitting in effect" type="pytest.skip">src/pymortests/grid.py:218: &lt;py._xmlgen.raw object at 0x7fb2c7227be0&gt;</skipped></testcase><testcase classname="src.pymortests.grid" file="src/pymortests/grid.py" line="218" name="test_superentity_indices_shape[&lt;lambda&gt;35]" time="0.00044727325439453125"><skipped message="Suite splitting in effect" type="pytest.skip">src/pymortests/grid.py:218: &lt;py._xmlgen.raw object at 0x7fb29d7ef278&gt;</skipped></testcase><testcase classname="src.pymortests.grid" file="src/pymortests/grid.py" line="218" name="test_superentity_indices_shape[&lt;lambda&gt;36]" time="0.00042700767517089844"><skipped message="Suite splitting in effect" type="pytest.skip">src/pymortests/grid.py:218: &lt;py._xmlgen.raw object at 0x7fb29d776e80&gt;</skipped></testcase><testcase classname="src.pymortests.grid" file="src/pymortests/grid.py" line="218" name="test_superentity_indices_shape[&lt;lambda&gt;37]" time="0.00041294097900390625"><skipped message="Suite splitting in effect" type="pytest.skip">src/pymortests/grid.py:218: &lt;py._xmlgen.raw object at 0x7fb2c712af28&gt;</skipped></testcase><testcase classname="src.pymortests.grid" file="src/pymortests/grid.py" line="218" name="test_superentity_indices_shape[&lt;lambda&gt;38]" time="0.00045013427734375"><skipped message="Suite splitting in effect" type="pytest.skip">src/pymortests/grid.py:218: &lt;py._xmlgen.raw object at 0x7fb29d7842b0&gt;</skipped></testcase><testcase classname="src.pymortests.grid" file="src/pymortests/grid.py" line="218" name="test_superentity_indices_shape[&lt;lambda&gt;39]" time="0.00042819976806640625"><skipped message="Suite splitting in effect" type="pytest.skip">src/pymortests/grid.py:218: &lt;py._xmlgen.raw object at 0x7fb2c714e128&gt;</skipped></testcase><testcase classname="src.pymortests.grid" file="src/pymortests/grid.py" line="218" name="test_superentity_indices_shape[&lt;lambda&gt;40]" time="0.0004153251647949219"><skipped message="Suite splitting in effect" type="pytest.skip">src/pymortests/grid.py:218: &lt;py._xmlgen.raw object at 0x7fb29d70ee80&gt;</skipped></testcase><testcase classname="src.pymortests.grid" file="src/pymortests/grid.py" line="218" name="test_superentity_indices_shape[&lt;lambda&gt;41]" time="0.00041365623474121094"><skipped message="Suite splitting in effect" type="pytest.skip">src/pymortests/grid.py:218: &lt;py._xmlgen.raw object at 0x7fb29d70ecc0&gt;</skipped></testcase><testcase classname="src.pymortests.grid" file="src/pymortests/grid.py" line="218" name="test_superentity_indices_shape[&lt;lambda&gt;42]" time="0.0004124641418457031"><skipped message="Suite splitting in effect" type="pytest.skip">src/pymortests/grid.py:218: &lt;py._xmlgen.raw object at 0x7fb29d84f860&gt;</skipped></testcase><testcase classname="src.pymortests.grid" file="src/pymortests/grid.py" line="225" name="test_superentity_indices_dtype[&lt;lambda&gt;0]" time="0.0007171630859375"><skipped message="Suite splitting in effect" type="pytest.skip">src/pymortests/grid.py:225: &lt;py._xmlgen.raw object at 0x7fb29d70e4e0&gt;</skipped></testcase><testcase classname="src.pymortests.grid" file="src/pymortests/grid.py" line="225" name="test_superentity_indices_dtype[&lt;lambda&gt;1]" time="0.00040531158447265625"><skipped message="Suite splitting in effect" type="pytest.skip">src/pymortests/grid.py:225: &lt;py._xmlgen.raw object at 0x7fb2c713a0b8&gt;</skipped></testcase><testcase classname="src.pymortests.grid" file="src/pymortests/grid.py" line="225" name="test_superentity_indices_dtype[&lt;lambda&gt;2]" time="0.0004138946533203125"><skipped message="Suite splitting in effect" type="pytest.skip">src/pymortests/grid.py:225: &lt;py._xmlgen.raw object at 0x7fb29d784cc0&gt;</skipped></testcase><testcase classname="src.pymortests.grid" file="src/pymortests/grid.py" line="225" name="test_superentity_indices_dtype[&lt;lambda&gt;3]" time="0.0004317760467529297"><skipped message="Suite splitting in effect" type="pytest.skip">src/pymortests/grid.py:225: &lt;py._xmlgen.raw object at 0x7fb2c70de908&gt;</skipped></testcase><testcase classname="src.pymortests.grid" file="src/pymortests/grid.py" line="225" name="test_superentity_indices_dtype[&lt;lambda&gt;4]" time="0.0004246234893798828"><skipped message="Suite splitting in effect" type="pytest.skip">src/pymortests/grid.py:225: &lt;py._xmlgen.raw object at 0x7fb29d769cf8&gt;</skipped></testcase><testcase classname="src.pymortests.grid" file="src/pymortests/grid.py" line="225" name="test_superentity_indices_dtype[&lt;lambda&gt;5]" time="0.0004334449768066406"><skipped message="Suite splitting in effect" type="pytest.skip">src/pymortests/grid.py:225: &lt;py._xmlgen.raw object at 0x7fb29d776eb8&gt;</skipped></testcase><testcase classname="src.pymortests.grid" file="src/pymortests/grid.py" line="225" name="test_superentity_indices_dtype[&lt;lambda&gt;6]" time="0.0004324913024902344"><skipped message="Suite splitting in effect" type="pytest.skip">src/pymortests/grid.py:225: &lt;py._xmlgen.raw object at 0x7fb2c7179b70&gt;</skipped></testcase><testcase classname="src.pymortests.grid" file="src/pymortests/grid.py" line="225" name="test_superentity_indices_dtype[&lt;lambda&gt;7]" time="0.0004153251647949219"><skipped message="Suite splitting in effect" type="pytest.skip">src/pymortests/grid.py:225: &lt;py._xmlgen.raw object at 0x7fb29d715358&gt;</skipped></testcase><testcase classname="src.pymortests.grid" file="src/pymortests/grid.py" line="225" name="test_superentity_indices_dtype[&lt;lambda&gt;8]" time="0.0008044242858886719"><skipped message="Suite splitting in effect" type="pytest.skip">src/pymortests/grid.py:225: &lt;py._xmlgen.raw object at 0x7fb29d7cc828&gt;</skipped></testcase><testcase classname="src.pymortests.grid" file="src/pymortests/grid.py" line="225" name="test_superentity_indices_dtype[&lt;lambda&gt;9]" time="0.0004374980926513672"><skipped message="Suite splitting in effect" type="pytest.skip">src/pymortests/grid.py:225: &lt;py._xmlgen.raw object at 0x7fb29d776128&gt;</skipped></testcase><testcase classname="src.pymortests.grid" file="src/pymortests/grid.py" line="225" name="test_superentity_indices_dtype[&lt;lambda&gt;10]" time="0.0004889965057373047"><skipped message="Suite splitting in effect" type="pytest.skip">src/pymortests/grid.py:225: &lt;py._xmlgen.raw object at 0x7fb2c712a2b0&gt;</skipped></testcase><testcase classname="src.pymortests.grid" file="src/pymortests/grid.py" line="225" name="test_superentity_indices_dtype[&lt;lambda&gt;11]" time="0.0004475116729736328"><skipped message="Suite splitting in effect" type="pytest.skip">src/pymortests/grid.py:225: &lt;py._xmlgen.raw object at 0x7fb29d784438&gt;</skipped></testcase><testcase classname="src.pymortests.grid" file="src/pymortests/grid.py" line="225" name="test_superentity_indices_dtype[&lt;lambda&gt;12]" time="0.00047206878662109375"><skipped message="Suite splitting in effect" type="pytest.skip">src/pymortests/grid.py:225: &lt;py._xmlgen.raw object at 0x7fb29d7605f8&gt;</skipped></testcase><testcase classname="src.pymortests.grid" file="src/pymortests/grid.py" line="225" name="test_superentity_indices_dtype[&lt;lambda&gt;13]" time="0.00040149688720703125"><skipped message="Suite splitting in effect" type="pytest.skip">src/pymortests/grid.py:225: &lt;py._xmlgen.raw object at 0x7fb29d70e198&gt;</skipped></testcase><testcase classname="src.pymortests.grid" file="src/pymortests/grid.py" line="225" name="test_superentity_indices_dtype[&lt;lambda&gt;14]" time="0.0004286766052246094"><skipped message="Suite splitting in effect" type="pytest.skip">src/pymortests/grid.py:225: &lt;py._xmlgen.raw object at 0x7fb29d715c18&gt;</skipped></testcase><testcase classname="src.pymortests.grid" file="src/pymortests/grid.py" line="225" name="test_superentity_indices_dtype[&lt;lambda&gt;15]" time="0.00042247772216796875"><skipped message="Suite splitting in effect" type="pytest.skip">src/pymortests/grid.py:225: &lt;py._xmlgen.raw object at 0x7fb29d72a048&gt;</skipped></testcase><testcase classname="src.pymortests.grid" file="src/pymortests/grid.py" line="225" name="test_superentity_indices_dtype[&lt;lambda&gt;16]" time="0.0007610321044921875"><skipped message="Suite splitting in effect" type="pytest.skip">src/pymortests/grid.py:225: &lt;py._xmlgen.raw object at 0x7fb29d72a588&gt;</skipped></testcase><testcase classname="src.pymortests.grid" file="src/pymortests/grid.py" line="225" name="test_superentity_indices_dtype[&lt;lambda&gt;17]" time="0.0005071163177490234"><skipped message="Suite splitting in effect" type="pytest.skip">src/pymortests/grid.py:225: &lt;py._xmlgen.raw object at 0x7fb29d715518&gt;</skipped></testcase><testcase classname="src.pymortests.grid" file="src/pymortests/grid.py" line="225" name="test_superentity_indices_dtype[&lt;lambda&gt;18]" time="0.00044155120849609375"><skipped message="Suite splitting in effect" type="pytest.skip">src/pymortests/grid.py:225: &lt;py._xmlgen.raw object at 0x7fb2c70f1e10&gt;</skipped></testcase><testcase classname="src.pymortests.grid" file="src/pymortests/grid.py" line="225" name="test_superentity_indices_dtype[&lt;lambda&gt;19]" time="0.0004229545593261719"><skipped message="Suite splitting in effect" type="pytest.skip">src/pymortests/grid.py:225: &lt;py._xmlgen.raw object at 0x7fb2c714e5c0&gt;</skipped></testcase><testcase classname="src.pymortests.grid" file="src/pymortests/grid.py" line="225" name="test_superentity_indices_dtype[&lt;lambda&gt;20]" time="0.0004143714904785156"><skipped message="Suite splitting in effect" type="pytest.skip">src/pymortests/grid.py:225: &lt;py._xmlgen.raw object at 0x7fb29d7842b0&gt;</skipped></testcase><testcase classname="src.pymortests.grid" file="src/pymortests/grid.py" line="225" name="test_superentity_indices_dtype[&lt;lambda&gt;21]" time="0.0003993511199951172"><skipped message="Suite splitting in effect" type="pytest.skip">src/pymortests/grid.py:225: &lt;py._xmlgen.raw object at 0x7fb29d7762b0&gt;</skipped></testcase><testcase classname="src.pymortests.grid" file="src/pymortests/grid.py" line="225" name="test_superentity_indices_dtype[&lt;lambda&gt;22]" time="0.0004513263702392578"><skipped message="Suite splitting in effect" type="pytest.skip">src/pymortests/grid.py:225: &lt;py._xmlgen.raw object at 0x7fb2c7179390&gt;</skipped></testcase><testcase classname="src.pymortests.grid" file="src/pymortests/grid.py" line="225" name="test_superentity_indices_dtype[&lt;lambda&gt;23]" time="0.0004467964172363281"><skipped message="Suite splitting in effect" type="pytest.skip">src/pymortests/grid.py:225: &lt;py._xmlgen.raw object at 0x7fb29d72a0b8&gt;</skipped></testcase><testcase classname="src.pymortests.grid" file="src/pymortests/grid.py" line="225" name="test_superentity_indices_dtype[&lt;lambda&gt;24]" time="0.0008082389831542969"><skipped message="Suite splitting in effect" type="pytest.skip">src/pymortests/grid.py:225: &lt;py._xmlgen.raw object at 0x7fb29d72aac8&gt;</skipped></testcase><testcase classname="src.pymortests.grid" file="src/pymortests/grid.py" line="225" name="test_superentity_indices_dtype[&lt;lambda&gt;25]" time="0.0004642009735107422"><skipped message="Suite splitting in effect" type="pytest.skip">src/pymortests/grid.py:225: &lt;py._xmlgen.raw object at 0x7fb29d769ef0&gt;</skipped></testcase><testcase classname="src.pymortests.grid" file="src/pymortests/grid.py" line="225" name="test_superentity_indices_dtype[&lt;lambda&gt;26]" time="0.00041413307189941406"><skipped message="Suite splitting in effect" type="pytest.skip">src/pymortests/grid.py:225: &lt;py._xmlgen.raw object at 0x7fb29d784cc0&gt;</skipped></testcase><testcase classname="src.pymortests.grid" file="src/pymortests/grid.py" line="225" name="test_superentity_indices_dtype[&lt;lambda&gt;27]" time="0.00041604042053222656"><skipped message="Suite splitting in effect" type="pytest.skip">src/pymortests/grid.py:225: &lt;py._xmlgen.raw object at 0x7fb2c70f16d8&gt;</skipped></testcase><testcase classname="src.pymortests.grid" file="src/pymortests/grid.py" line="225" name="test_superentity_indices_dtype[&lt;lambda&gt;28]" time="0.0004489421844482422"><skipped message="Suite splitting in effect" type="pytest.skip">src/pymortests/grid.py:225: &lt;py._xmlgen.raw object at 0x7fb29d70ec50&gt;</skipped></testcase><testcase classname="src.pymortests.grid" file="src/pymortests/grid.py" line="225" name="test_superentity_indices_dtype[&lt;lambda&gt;29]" time="0.0004589557647705078"><skipped message="Suite splitting in effect" type="pytest.skip">src/pymortests/grid.py:225: &lt;py._xmlgen.raw object at 0x7fb29d715c50&gt;</skipped></testcase><testcase classname="src.pymortests.grid" file="src/pymortests/grid.py" line="225" name="test_superentity_indices_dtype[&lt;lambda&gt;30]" time="0.00042176246643066406"><skipped message="Suite splitting in effect" type="pytest.skip">src/pymortests/grid.py:225: &lt;py._xmlgen.raw object at 0x7fb29d72a208&gt;</skipped></testcase><testcase classname="src.pymortests.grid" file="src/pymortests/grid.py" line="225" name="test_superentity_indices_dtype[&lt;lambda&gt;31]" time="0.0004413127899169922"><skipped message="Suite splitting in effect" type="pytest.skip">src/pymortests/grid.py:225: &lt;py._xmlgen.raw object at 0x7fb29d72a390&gt;</skipped></testcase><testcase classname="src.pymortests.grid" file="src/pymortests/grid.py" line="225" name="test_superentity_indices_dtype[&lt;lambda&gt;32]" time="0.0004208087921142578"><skipped message="Suite splitting in effect" type="pytest.skip">src/pymortests/grid.py:225: &lt;py._xmlgen.raw object at 0x7fb29d732128&gt;</skipped></testcase><testcase classname="src.pymortests.grid" file="src/pymortests/grid.py" line="225" name="test_superentity_indices_dtype[&lt;lambda&gt;33]" time="0.00044083595275878906"><skipped message="Suite splitting in effect" type="pytest.skip">src/pymortests/grid.py:225: &lt;py._xmlgen.raw object at 0x7fb29d72a390&gt;</skipped></testcase><testcase classname="src.pymortests.grid" file="src/pymortests/grid.py" line="225" name="test_superentity_indices_dtype[&lt;lambda&gt;34]" time="0.0004177093505859375"><skipped message="Suite splitting in effect" type="pytest.skip">src/pymortests/grid.py:225: &lt;py._xmlgen.raw object at 0x7fb29d7157b8&gt;</skipped></testcase><testcase classname="src.pymortests.grid" file="src/pymortests/grid.py" line="225" name="test_superentity_indices_dtype[&lt;lambda&gt;35]" time="0.0004220008850097656"><skipped message="Suite splitting in effect" type="pytest.skip">src/pymortests/grid.py:225: &lt;py._xmlgen.raw object at 0x7fb2c71024e0&gt;</skipped></testcase><testcase classname="src.pymortests.grid" file="src/pymortests/grid.py" line="225" name="test_superentity_indices_dtype[&lt;lambda&gt;36]" time="0.0004470348358154297"><skipped message="Suite splitting in effect" type="pytest.skip">src/pymortests/grid.py:225: &lt;py._xmlgen.raw object at 0x7fb29d70ecf8&gt;</skipped></testcase><testcase classname="src.pymortests.grid" file="src/pymortests/grid.py" line="225" name="test_superentity_indices_dtype[&lt;lambda&gt;37]" time="0.00041866302490234375"><skipped message="Suite splitting in effect" type="pytest.skip">src/pymortests/grid.py:225: &lt;py._xmlgen.raw object at 0x7fb2c712ad30&gt;</skipped></testcase><testcase classname="src.pymortests.grid" file="src/pymortests/grid.py" line="225" name="test_superentity_indices_dtype[&lt;lambda&gt;38]" time="0.0004794597625732422"><skipped message="Suite splitting in effect" type="pytest.skip">src/pymortests/grid.py:225: &lt;py._xmlgen.raw object at 0x7fb29d769ac8&gt;</skipped></testcase><testcase classname="src.pymortests.grid" file="src/pymortests/grid.py" line="225" name="test_superentity_indices_dtype[&lt;lambda&gt;39]" time="0.00043320655822753906"><skipped message="Suite splitting in effect" type="pytest.skip">src/pymortests/grid.py:225: &lt;py._xmlgen.raw object at 0x7fb29d7322e8&gt;</skipped></testcase><testcase classname="src.pymortests.grid" file="src/pymortests/grid.py" line="225" name="test_superentity_indices_dtype[&lt;lambda&gt;40]" time="0.00047278404235839844"><skipped message="Suite splitting in effect" type="pytest.skip">src/pymortests/grid.py:225: &lt;py._xmlgen.raw object at 0x7fb29d732630&gt;</skipped></testcase><testcase classname="src.pymortests.grid" file="src/pymortests/grid.py" line="225" name="test_superentity_indices_dtype[&lt;lambda&gt;41]" time="0.0007679462432861328"><skipped message="Suite splitting in effect" type="pytest.skip">src/pymortests/grid.py:225: &lt;py._xmlgen.raw object at 0x7fb29d769cf8&gt;</skipped></testcase><testcase classname="src.pymortests.grid" file="src/pymortests/grid.py" line="225" name="test_superentity_indices_dtype[&lt;lambda&gt;42]" time="0.00044727325439453125"><skipped message="Suite splitting in effect" type="pytest.skip">src/pymortests/grid.py:225: &lt;py._xmlgen.raw object at 0x7fb2c71af400&gt;</skipped></testcase><testcase classname="src.pymortests.grid" file="src/pymortests/grid.py" line="232" name="test_superentity_indices_valid_entries[&lt;lambda&gt;0]" time="0.0004467964172363281"><skipped message="Suite splitting in effect" type="pytest.skip">src/pymortests/grid.py:232: &lt;py._xmlgen.raw object at 0x7fb29d70e4a8&gt;</skipped></testcase><testcase classname="src.pymortests.grid" file="src/pymortests/grid.py" line="232" name="test_superentity_indices_valid_entries[&lt;lambda&gt;1]" time="0.0004096031188964844"><skipped message="Suite splitting in effect" type="pytest.skip">src/pymortests/grid.py:232: &lt;py._xmlgen.raw object at 0x7fb29d715860&gt;</skipped></testcase><testcase classname="src.pymortests.grid" file="src/pymortests/grid.py" line="232" name="test_superentity_indices_valid_entries[&lt;lambda&gt;2]" time="0.00043463706970214844"><skipped message="Suite splitting in effect" type="pytest.skip">src/pymortests/grid.py:232: &lt;py._xmlgen.raw object at 0x7fb29d72a160&gt;</skipped></testcase><testcase classname="src.pymortests.grid" file="src/pymortests/grid.py" line="232" name="test_superentity_indices_valid_entries[&lt;lambda&gt;3]" time="0.0004470348358154297"><skipped message="Suite splitting in effect" type="pytest.skip">src/pymortests/grid.py:232: &lt;py._xmlgen.raw object at 0x7fb29d72ae10&gt;</skipped></testcase><testcase classname="src.pymortests.grid" file="src/pymortests/grid.py" line="232" name="test_superentity_indices_valid_entries[&lt;lambda&gt;4]" time="0.00043845176696777344"><skipped message="Suite splitting in effect" type="pytest.skip">src/pymortests/grid.py:232: &lt;py._xmlgen.raw object at 0x7fb29d7323c8&gt;</skipped></testcase><testcase classname="src.pymortests.grid" file="src/pymortests/grid.py" line="232" name="test_superentity_indices_valid_entries[&lt;lambda&gt;5]" time="0.0004277229309082031"><skipped message="Suite splitting in effect" type="pytest.skip">src/pymortests/grid.py:232: &lt;py._xmlgen.raw object at 0x7fb29d732b70&gt;</skipped></testcase><testcase classname="src.pymortests.grid" file="src/pymortests/grid.py" line="232" name="test_superentity_indices_valid_entries[&lt;lambda&gt;6]" time="0.0007257461547851562"><skipped message="Suite splitting in effect" type="pytest.skip">src/pymortests/grid.py:232: &lt;py._xmlgen.raw object at 0x7fb29d732be0&gt;</skipped></testcase><testcase classname="src.pymortests.grid" file="src/pymortests/grid.py" line="232" name="test_superentity_indices_valid_entries[&lt;lambda&gt;7]" time="0.00041961669921875"><skipped message="Suite splitting in effect" type="pytest.skip">src/pymortests/grid.py:232: &lt;py._xmlgen.raw object at 0x7fb29d7326d8&gt;</skipped></testcase><testcase classname="src.pymortests.grid" file="src/pymortests/grid.py" line="232" name="test_superentity_indices_valid_entries[&lt;lambda&gt;8]" time="0.0004131793975830078"><skipped message="Suite splitting in effect" type="pytest.skip">src/pymortests/grid.py:232: &lt;py._xmlgen.raw object at 0x7fb29d72a9e8&gt;</skipped></testcase><testcase classname="src.pymortests.grid" file="src/pymortests/grid.py" line="232" name="test_superentity_indices_valid_entries[&lt;lambda&gt;9]" time="0.00044727325439453125"><skipped message="Suite splitting in effect" type="pytest.skip">src/pymortests/grid.py:232: &lt;py._xmlgen.raw object at 0x7fb29d715eb8&gt;</skipped></testcase><testcase classname="src.pymortests.grid" file="src/pymortests/grid.py" line="232" name="test_superentity_indices_valid_entries[&lt;lambda&gt;10]" time="0.0004208087921142578"><skipped message="Suite splitting in effect" type="pytest.skip">src/pymortests/grid.py:232: &lt;py._xmlgen.raw object at 0x7fb2c7102b70&gt;</skipped></testcase><testcase classname="src.pymortests.grid" file="src/pymortests/grid.py" line="232" name="test_superentity_indices_valid_entries[&lt;lambda&gt;11]" time="0.00045013427734375"><skipped message="Suite splitting in effect" type="pytest.skip">src/pymortests/grid.py:232: &lt;py._xmlgen.raw object at 0x7fb2c714eb00&gt;</skipped></testcase><testcase classname="src.pymortests.grid" file="src/pymortests/grid.py" line="232" name="test_superentity_indices_valid_entries[&lt;lambda&gt;12]" time="0.00043201446533203125"><skipped message="Suite splitting in effect" type="pytest.skip">src/pymortests/grid.py:232: &lt;py._xmlgen.raw object at 0x7fb29d7cc748&gt;</skipped></testcase><testcase classname="src.pymortests.grid" file="src/pymortests/grid.py" line="232" name="test_superentity_indices_valid_entries[&lt;lambda&gt;13]" time="0.00042700767517089844"><skipped message="Suite splitting in effect" type="pytest.skip">src/pymortests/grid.py:232: &lt;py._xmlgen.raw object at 0x7fb29d73c470&gt;</skipped></testcase><testcase classname="src.pymortests.grid" file="src/pymortests/grid.py" line="232" name="test_superentity_indices_valid_entries[&lt;lambda&gt;14]" time="0.0008015632629394531"><skipped message="Suite splitting in effect" type="pytest.skip">src/pymortests/grid.py:232: &lt;py._xmlgen.raw object at 0x7fb29d73c9b0&gt;</skipped></testcase><testcase classname="src.pymortests.grid" file="src/pymortests/grid.py" line="232" name="test_superentity_indices_valid_entries[&lt;lambda&gt;15]" time="0.00044798851013183594"><skipped message="Suite splitting in effect" type="pytest.skip">src/pymortests/grid.py:232: &lt;py._xmlgen.raw object at 0x7fb2c70f1a20&gt;</skipped></testcase><testcase classname="src.pymortests.grid" file="src/pymortests/grid.py" line="232" name="test_superentity_indices_valid_entries[&lt;lambda&gt;16]" time="0.00041747093200683594"><skipped message="Suite splitting in effect" type="pytest.skip">src/pymortests/grid.py:232: &lt;py._xmlgen.raw object at 0x7fb2c7102e10&gt;</skipped></testcase><testcase classname="src.pymortests.grid" file="src/pymortests/grid.py" line="232" name="test_superentity_indices_valid_entries[&lt;lambda&gt;17]" time="0.00041103363037109375"><skipped message="Suite splitting in effect" type="pytest.skip">src/pymortests/grid.py:232: &lt;py._xmlgen.raw object at 0x7fb29d72a160&gt;</skipped></testcase><testcase classname="src.pymortests.grid" file="src/pymortests/grid.py" line="232" name="test_superentity_indices_valid_entries[&lt;lambda&gt;18]" time="0.0004639625549316406"><skipped message="Suite splitting in effect" type="pytest.skip">src/pymortests/grid.py:232: &lt;py._xmlgen.raw object at 0x7fb2c70a46a0&gt;</skipped></testcase><testcase classname="src.pymortests.grid" file="src/pymortests/grid.py" line="232" name="test_superentity_indices_valid_entries[&lt;lambda&gt;19]" time="0.00043201446533203125"><skipped message="Suite splitting in effect" type="pytest.skip">src/pymortests/grid.py:232: &lt;py._xmlgen.raw object at 0x7fb29d7329b0&gt;</skipped></testcase><testcase classname="src.pymortests.grid" file="src/pymortests/grid.py" line="232" name="test_superentity_indices_valid_entries[&lt;lambda&gt;20]" time="0.000438690185546875"><skipped message="Suite splitting in effect" type="pytest.skip">src/pymortests/grid.py:232: &lt;py._xmlgen.raw object at 0x7fb29d73c518&gt;</skipped></testcase><testcase classname="src.pymortests.grid" file="src/pymortests/grid.py" line="232" name="test_superentity_indices_valid_entries[&lt;lambda&gt;21]" time="0.00043845176696777344"><skipped message="Suite splitting in effect" type="pytest.skip">src/pymortests/grid.py:232: &lt;py._xmlgen.raw object at 0x7fb29d73c320&gt;</skipped></testcase><testcase classname="src.pymortests.grid" file="src/pymortests/grid.py" line="232" name="test_superentity_indices_valid_entries[&lt;lambda&gt;22]" time="0.0007317066192626953"><skipped message="Suite splitting in effect" type="pytest.skip">src/pymortests/grid.py:232: &lt;py._xmlgen.raw object at 0x7fb29d73cef0&gt;</skipped></testcase><testcase classname="src.pymortests.grid" file="src/pymortests/grid.py" line="232" name="test_superentity_indices_valid_entries[&lt;lambda&gt;23]" time="0.0004489421844482422"><skipped message="Suite splitting in effect" type="pytest.skip">src/pymortests/grid.py:232: &lt;py._xmlgen.raw object at 0x7fb29d73c588&gt;</skipped></testcase><testcase classname="src.pymortests.grid" file="src/pymortests/grid.py" line="232" name="test_superentity_indices_valid_entries[&lt;lambda&gt;24]" time="0.0004630088806152344"><skipped message="Suite splitting in effect" type="pytest.skip">src/pymortests/grid.py:232: &lt;py._xmlgen.raw object at 0x7fb29d732128&gt;</skipped></testcase><testcase classname="src.pymortests.grid" file="src/pymortests/grid.py" line="232" name="test_superentity_indices_valid_entries[&lt;lambda&gt;25]" time="0.0004432201385498047"><skipped message="Suite splitting in effect" type="pytest.skip">src/pymortests/grid.py:232: &lt;py._xmlgen.raw object at 0x7fb2c70a4d30&gt;</skipped></testcase><testcase classname="src.pymortests.grid" file="src/pymortests/grid.py" line="232" name="test_superentity_indices_valid_entries[&lt;lambda&gt;26]" time="0.0004248619079589844"><skipped message="Suite splitting in effect" type="pytest.skip">src/pymortests/grid.py:232: &lt;py._xmlgen.raw object at 0x7fb29d715898&gt;</skipped></testcase><testcase classname="src.pymortests.grid" file="src/pymortests/grid.py" line="232" name="test_superentity_indices_valid_entries[&lt;lambda&gt;27]" time="0.0004134178161621094"><skipped message="Suite splitting in effect" type="pytest.skip">src/pymortests/grid.py:232: &lt;py._xmlgen.raw object at 0x7fb29d72ae48&gt;</skipped></testcase><testcase classname="src.pymortests.grid" file="src/pymortests/grid.py" line="232" name="test_superentity_indices_valid_entries[&lt;lambda&gt;28]" time="0.0004754066467285156"><skipped message="Suite splitting in effect" type="pytest.skip">src/pymortests/grid.py:232: &lt;py._xmlgen.raw object at 0x7fb29d70e198&gt;</skipped></testcase><testcase classname="src.pymortests.grid" file="src/pymortests/grid.py" line="232" name="test_superentity_indices_valid_entries[&lt;lambda&gt;29]" time="0.0004737377166748047"><skipped message="Suite splitting in effect" type="pytest.skip">src/pymortests/grid.py:232: &lt;py._xmlgen.raw object at 0x7fb29d748080&gt;</skipped></testcase><testcase classname="src.pymortests.grid" file="src/pymortests/grid.py" line="232" name="test_superentity_indices_valid_entries[&lt;lambda&gt;30]" time="0.0004553794860839844"><skipped message="Suite splitting in effect" type="pytest.skip">src/pymortests/grid.py:232: &lt;py._xmlgen.raw object at 0x7fb29d748550&gt;</skipped></testcase><testcase classname="src.pymortests.grid" file="src/pymortests/grid.py" line="232" name="test_superentity_indices_valid_entries[&lt;lambda&gt;31]" time="0.00043845176696777344"><skipped message="Suite splitting in effect" type="pytest.skip">src/pymortests/grid.py:232: &lt;py._xmlgen.raw object at 0x7fb2c70b3208&gt;</skipped></testcase><testcase classname="src.pymortests.grid" file="src/pymortests/grid.py" line="232" name="test_superentity_indices_valid_entries[&lt;lambda&gt;32]" time="0.0004436969757080078"><skipped message="Suite splitting in effect" type="pytest.skip">src/pymortests/grid.py:232: &lt;py._xmlgen.raw object at 0x7fb29d72a908&gt;</skipped></testcase><testcase classname="src.pymortests.grid" file="src/pymortests/grid.py" line="232" name="test_superentity_indices_valid_entries[&lt;lambda&gt;33]" time="0.0004220008850097656"><skipped message="Suite splitting in effect" type="pytest.skip">src/pymortests/grid.py:232: &lt;py._xmlgen.raw object at 0x7fb29d715860&gt;</skipped></testcase><testcase classname="src.pymortests.grid" file="src/pymortests/grid.py" line="232" name="test_superentity_indices_valid_entries[&lt;lambda&gt;34]" time="0.0004124641418457031"><skipped message="Suite splitting in effect" type="pytest.skip">src/pymortests/grid.py:232: &lt;py._xmlgen.raw object at 0x7fb29d732b70&gt;</skipped></testcase><testcase classname="src.pymortests.grid" file="src/pymortests/grid.py" line="232" name="test_superentity_indices_valid_entries[&lt;lambda&gt;35]" time="0.00041413307189941406"><skipped message="Suite splitting in effect" type="pytest.skip">src/pymortests/grid.py:232: &lt;py._xmlgen.raw object at 0x7fb29d73c048&gt;</skipped></testcase><testcase classname="src.pymortests.grid" file="src/pymortests/grid.py" line="232" name="test_superentity_indices_valid_entries[&lt;lambda&gt;36]" time="0.0004334449768066406"><skipped message="Suite splitting in effect" type="pytest.skip">src/pymortests/grid.py:232: &lt;py._xmlgen.raw object at 0x7fb29d73cd68&gt;</skipped></testcase><testcase classname="src.pymortests.grid" file="src/pymortests/grid.py" line="232" name="test_superentity_indices_valid_entries[&lt;lambda&gt;37]" time="0.00042510032653808594"><skipped message="Suite splitting in effect" type="pytest.skip">src/pymortests/grid.py:232: &lt;py._xmlgen.raw object at 0x7fb29d748390&gt;</skipped></testcase><testcase classname="src.pymortests.grid" file="src/pymortests/grid.py" line="232" name="test_superentity_indices_valid_entries[&lt;lambda&gt;38]" time="0.00045490264892578125"><skipped message="Suite splitting in effect" type="pytest.skip">src/pymortests/grid.py:232: &lt;py._xmlgen.raw object at 0x7fb29d748a58&gt;</skipped></testcase><testcase classname="src.pymortests.grid" file="src/pymortests/grid.py" line="232" name="test_superentity_indices_valid_entries[&lt;lambda&gt;39]" time="0.00045299530029296875"><skipped message="Suite splitting in effect" type="pytest.skip">src/pymortests/grid.py:232: &lt;py._xmlgen.raw object at 0x7fb29d7605f8&gt;</skipped></testcase><testcase classname="src.pymortests.grid" file="src/pymortests/grid.py" line="232" name="test_superentity_indices_valid_entries[&lt;lambda&gt;40]" time="0.0004553794860839844"><skipped message="Suite splitting in effect" type="pytest.skip">src/pymortests/grid.py:232: &lt;py._xmlgen.raw object at 0x7fb29d73c470&gt;</skipped></testcase><testcase classname="src.pymortests.grid" file="src/pymortests/grid.py" line="232" name="test_superentity_indices_valid_entries[&lt;lambda&gt;41]" time="0.00044345855712890625"><skipped message="Suite splitting in effect" type="pytest.skip">src/pymortests/grid.py:232: &lt;py._xmlgen.raw object at 0x7fb29d73c4e0&gt;</skipped></testcase><testcase classname="src.pymortests.grid" file="src/pymortests/grid.py" line="232" name="test_superentity_indices_valid_entries[&lt;lambda&gt;42]" time="0.0004100799560546875"><skipped message="Suite splitting in effect" type="pytest.skip">src/pymortests/grid.py:232: &lt;py._xmlgen.raw object at 0x7fb2c70a4d30&gt;</skipped></testcase><testcase classname="src.pymortests.grid" file="src/pymortests/grid.py" line="244" name="test_neighbours_wrong_arguments[&lt;lambda&gt;0]" time="0.0004191398620605469"><skipped message="Suite splitting in effect" type="pytest.skip">src/pymortests/grid.py:244: &lt;py._xmlgen.raw object at 0x7fb29d7327b8&gt;</skipped></testcase><testcase classname="src.pymortests.grid" file="src/pymortests/grid.py" line="244" name="test_neighbours_wrong_arguments[&lt;lambda&gt;1]" time="0.0003991127014160156"><skipped message="Suite splitting in effect" type="pytest.skip">src/pymortests/grid.py:244: &lt;py._xmlgen.raw object at 0x7fb29d72af98&gt;</skipped></testcase><testcase classname="src.pymortests.grid" file="src/pymortests/grid.py" line="244" name="test_neighbours_wrong_arguments[&lt;lambda&gt;2]" time="0.0004210472106933594"><skipped message="Suite splitting in effect" type="pytest.skip">src/pymortests/grid.py:244: &lt;py._xmlgen.raw object at 0x7fb2c724b320&gt;</skipped></testcase><testcase classname="src.pymortests.grid" file="src/pymortests/grid.py" line="244" name="test_neighbours_wrong_arguments[&lt;lambda&gt;3]" time="0.00041556358337402344"><skipped message="Suite splitting in effect" type="pytest.skip">src/pymortests/grid.py:244: &lt;py._xmlgen.raw object at 0x7fb29d715e10&gt;</skipped></testcase><testcase classname="src.pymortests.grid" file="src/pymortests/grid.py" line="244" name="test_neighbours_wrong_arguments[&lt;lambda&gt;4]" time="0.000911712646484375"><skipped message="Suite splitting in effect" type="pytest.skip">src/pymortests/grid.py:244: &lt;py._xmlgen.raw object at 0x7fb29d70e978&gt;</skipped></testcase><testcase classname="src.pymortests.grid" file="src/pymortests/grid.py" line="244" name="test_neighbours_wrong_arguments[&lt;lambda&gt;5]" time="0.0004093647003173828"><skipped message="Suite splitting in effect" type="pytest.skip">src/pymortests/grid.py:244: &lt;py._xmlgen.raw object at 0x7fb29d7d64e0&gt;</skipped></testcase><testcase classname="src.pymortests.grid" file="src/pymortests/grid.py" line="244" name="test_neighbours_wrong_arguments[&lt;lambda&gt;6]" time="0.0004298686981201172"><skipped message="Suite splitting in effect" type="pytest.skip">src/pymortests/grid.py:244: &lt;py._xmlgen.raw object at 0x7fb29d732400&gt;</skipped></testcase><testcase classname="src.pymortests.grid" file="src/pymortests/grid.py" line="244" name="test_neighbours_wrong_arguments[&lt;lambda&gt;7]" time="0.0004284381866455078"><skipped message="Suite splitting in effect" type="pytest.skip">src/pymortests/grid.py:244: &lt;py._xmlgen.raw object at 0x7fb2c70a4e80&gt;</skipped></testcase><testcase classname="src.pymortests.grid" file="src/pymortests/grid.py" line="244" name="test_neighbours_wrong_arguments[&lt;lambda&gt;8]" time="0.00041866302490234375"><skipped message="Suite splitting in effect" type="pytest.skip">src/pymortests/grid.py:244: &lt;py._xmlgen.raw object at 0x7fb29d73c5f8&gt;</skipped></testcase><testcase classname="src.pymortests.grid" file="src/pymortests/grid.py" line="244" name="test_neighbours_wrong_arguments[&lt;lambda&gt;9]" time="0.00048542022705078125"><skipped message="Suite splitting in effect" type="pytest.skip">src/pymortests/grid.py:244: &lt;py._xmlgen.raw object at 0x7fb2c70de278&gt;</skipped></testcase><testcase classname="src.pymortests.grid" file="src/pymortests/grid.py" line="244" name="test_neighbours_wrong_arguments[&lt;lambda&gt;10]" time="0.0004515647888183594"><skipped message="Suite splitting in effect" type="pytest.skip">src/pymortests/grid.py:244: &lt;py._xmlgen.raw object at 0x7fb29d715198&gt;</skipped></testcase><testcase classname="src.pymortests.grid" file="src/pymortests/grid.py" line="244" name="test_neighbours_wrong_arguments[&lt;lambda&gt;11]" time="0.0004553794860839844"><skipped message="Suite splitting in effect" type="pytest.skip">src/pymortests/grid.py:244: &lt;py._xmlgen.raw object at 0x7fb29d748be0&gt;</skipped></testcase><testcase classname="src.pymortests.grid" file="src/pymortests/grid.py" line="244" name="test_neighbours_wrong_arguments[&lt;lambda&gt;12]" time="0.00040984153747558594"><skipped message="Suite splitting in effect" type="pytest.skip">src/pymortests/grid.py:244: &lt;py._xmlgen.raw object at 0x7fb29d804a90&gt;</skipped></testcase><testcase classname="src.pymortests.grid" file="src/pymortests/grid.py" line="244" name="test_neighbours_wrong_arguments[&lt;lambda&gt;13]" time="0.00045228004455566406"><skipped message="Suite splitting in effect" type="pytest.skip">src/pymortests/grid.py:244: &lt;py._xmlgen.raw object at 0x7fb2c70b3748&gt;</skipped></testcase><testcase classname="src.pymortests.grid" file="src/pymortests/grid.py" line="244" name="test_neighbours_wrong_arguments[&lt;lambda&gt;14]" time="0.00041222572326660156"><skipped message="Suite splitting in effect" type="pytest.skip">src/pymortests/grid.py:244: &lt;py._xmlgen.raw object at 0x7fb29d73c0b8&gt;</skipped></testcase><testcase classname="src.pymortests.grid" file="src/pymortests/grid.py" line="244" name="test_neighbours_wrong_arguments[&lt;lambda&gt;15]" time="0.00044846534729003906"><skipped message="Suite splitting in effect" type="pytest.skip">src/pymortests/grid.py:244: &lt;py._xmlgen.raw object at 0x7fb2c7179828&gt;</skipped></testcase><testcase classname="src.pymortests.grid" file="src/pymortests/grid.py" line="244" name="test_neighbours_wrong_arguments[&lt;lambda&gt;16]" time="0.0004277229309082031"><skipped message="Suite splitting in effect" type="pytest.skip">src/pymortests/grid.py:244: &lt;py._xmlgen.raw object at 0x7fb29d732e80&gt;</skipped></testcase><testcase classname="src.pymortests.grid" file="src/pymortests/grid.py" line="244" name="test_neighbours_wrong_arguments[&lt;lambda&gt;17]" time="0.00040411949157714844"><skipped message="Suite splitting in effect" type="pytest.skip">src/pymortests/grid.py:244: &lt;py._xmlgen.raw object at 0x7fb2c70c6a58&gt;</skipped></testcase><testcase classname="src.pymortests.grid" file="src/pymortests/grid.py" line="244" name="test_neighbours_wrong_arguments[&lt;lambda&gt;18]" time="0.0004363059997558594"><skipped message="Suite splitting in effect" type="pytest.skip">src/pymortests/grid.py:244: &lt;py._xmlgen.raw object at 0x7fb29d70e978&gt;</skipped></testcase><testcase classname="src.pymortests.grid" file="src/pymortests/grid.py" line="244" name="test_neighbours_wrong_arguments[&lt;lambda&gt;19]" time="0.00042319297790527344"><skipped message="Suite splitting in effect" type="pytest.skip">src/pymortests/grid.py:244: &lt;py._xmlgen.raw object at 0x7fb29d748128&gt;</skipped></testcase><testcase classname="src.pymortests.grid" file="src/pymortests/grid.py" line="244" name="test_neighbours_wrong_arguments[&lt;lambda&gt;20]" time="0.0008001327514648438"><skipped message="Suite splitting in effect" type="pytest.skip">src/pymortests/grid.py:244: &lt;py._xmlgen.raw object at 0x7fb29d6d5198&gt;</skipped></testcase><testcase classname="src.pymortests.grid" file="src/pymortests/grid.py" line="244" name="test_neighbours_wrong_arguments[&lt;lambda&gt;21]" time="0.0004544258117675781"><skipped message="Suite splitting in effect" type="pytest.skip">src/pymortests/grid.py:244: &lt;py._xmlgen.raw object at 0x7fb2c70c6860&gt;</skipped></testcase><testcase classname="src.pymortests.grid" file="src/pymortests/grid.py" line="244" name="test_neighbours_wrong_arguments[&lt;lambda&gt;22]" time="0.00043487548828125"><skipped message="Suite splitting in effect" type="pytest.skip">src/pymortests/grid.py:244: &lt;py._xmlgen.raw object at 0x7fb29d732a20&gt;</skipped></testcase><testcase classname="src.pymortests.grid" file="src/pymortests/grid.py" line="244" name="test_neighbours_wrong_arguments[&lt;lambda&gt;23]" time="0.00042748451232910156"><skipped message="Suite splitting in effect" type="pytest.skip">src/pymortests/grid.py:244: &lt;py._xmlgen.raw object at 0x7fb29d784c18&gt;</skipped></testcase><testcase classname="src.pymortests.grid" file="src/pymortests/grid.py" line="244" name="test_neighbours_wrong_arguments[&lt;lambda&gt;24]" time="0.0005402565002441406"><skipped message="Suite splitting in effect" type="pytest.skip">src/pymortests/grid.py:244: &lt;py._xmlgen.raw object at 0x7fb29d73c4a8&gt;</skipped></testcase><testcase classname="src.pymortests.grid" file="src/pymortests/grid.py" line="244" name="test_neighbours_wrong_arguments[&lt;lambda&gt;25]" time="0.0004544258117675781"><skipped message="Suite splitting in effect" type="pytest.skip">src/pymortests/grid.py:244: &lt;py._xmlgen.raw object at 0x7fb2c70b35f8&gt;</skipped></testcase><testcase classname="src.pymortests.grid" file="src/pymortests/grid.py" line="244" name="test_neighbours_wrong_arguments[&lt;lambda&gt;26]" time="0.0004096031188964844"><skipped message="Suite splitting in effect" type="pytest.skip">src/pymortests/grid.py:244: &lt;py._xmlgen.raw object at 0x7fb29d748d30&gt;</skipped></testcase><testcase classname="src.pymortests.grid" file="src/pymortests/grid.py" line="244" name="test_neighbours_wrong_arguments[&lt;lambda&gt;27]" time="0.00041294097900390625"><skipped message="Suite splitting in effect" type="pytest.skip">src/pymortests/grid.py:244: &lt;py._xmlgen.raw object at 0x7fb29d6d5278&gt;</skipped></testcase><testcase classname="src.pymortests.grid" file="src/pymortests/grid.py" line="244" name="test_neighbours_wrong_arguments[&lt;lambda&gt;28]" time="0.0004398822784423828"><skipped message="Suite splitting in effect" type="pytest.skip">src/pymortests/grid.py:244: &lt;py._xmlgen.raw object at 0x7fb29d6d56d8&gt;</skipped></testcase><testcase classname="src.pymortests.grid" file="src/pymortests/grid.py" line="244" name="test_neighbours_wrong_arguments[&lt;lambda&gt;29]" time="0.0004875659942626953"><skipped message="Suite splitting in effect" type="pytest.skip">src/pymortests/grid.py:244: &lt;py._xmlgen.raw object at 0x7fb29d7483c8&gt;</skipped></testcase><testcase classname="src.pymortests.grid" file="src/pymortests/grid.py" line="244" name="test_neighbours_wrong_arguments[&lt;lambda&gt;30]" time="0.000400543212890625"><skipped message="Suite splitting in effect" type="pytest.skip">src/pymortests/grid.py:244: &lt;py._xmlgen.raw object at 0x7fb29d715080&gt;</skipped></testcase><testcase classname="src.pymortests.grid" file="src/pymortests/grid.py" line="244" name="test_neighbours_wrong_arguments[&lt;lambda&gt;31]" time="0.0004451274871826172"><skipped message="Suite splitting in effect" type="pytest.skip">src/pymortests/grid.py:244: &lt;py._xmlgen.raw object at 0x7fb29d73cfd0&gt;</skipped></testcase><testcase classname="src.pymortests.grid" file="src/pymortests/grid.py" line="244" name="test_neighbours_wrong_arguments[&lt;lambda&gt;32]" time="0.0004241466522216797"><skipped message="Suite splitting in effect" type="pytest.skip">src/pymortests/grid.py:244: &lt;py._xmlgen.raw object at 0x7fb2c70d6860&gt;</skipped></testcase><testcase classname="src.pymortests.grid" file="src/pymortests/grid.py" line="244" name="test_neighbours_wrong_arguments[&lt;lambda&gt;33]" time="0.0004382133483886719"><skipped message="Suite splitting in effect" type="pytest.skip">src/pymortests/grid.py:244: &lt;py._xmlgen.raw object at 0x7fb29d732128&gt;</skipped></testcase><testcase classname="src.pymortests.grid" file="src/pymortests/grid.py" line="244" name="test_neighbours_wrong_arguments[&lt;lambda&gt;34]" time="0.0004239082336425781"><skipped message="Suite splitting in effect" type="pytest.skip">src/pymortests/grid.py:244: &lt;py._xmlgen.raw object at 0x7fb29d72ae48&gt;</skipped></testcase><testcase classname="src.pymortests.grid" file="src/pymortests/grid.py" line="244" name="test_neighbours_wrong_arguments[&lt;lambda&gt;35]" time="0.0004322528839111328"><skipped message="Suite splitting in effect" type="pytest.skip">src/pymortests/grid.py:244: &lt;py._xmlgen.raw object at 0x7fb29d6d54e0&gt;</skipped></testcase><testcase classname="src.pymortests.grid" file="src/pymortests/grid.py" line="244" name="test_neighbours_wrong_arguments[&lt;lambda&gt;36]" time="0.00041222572326660156"><skipped message="Suite splitting in effect" type="pytest.skip">src/pymortests/grid.py:244: &lt;py._xmlgen.raw object at 0x7fb29d6d5be0&gt;</skipped></testcase><testcase classname="src.pymortests.grid" file="src/pymortests/grid.py" line="244" name="test_neighbours_wrong_arguments[&lt;lambda&gt;37]" time="0.000743865966796875"><skipped message="Suite splitting in effect" type="pytest.skip">src/pymortests/grid.py:244: &lt;py._xmlgen.raw object at 0x7fb2c70c6cf8&gt;</skipped></testcase><testcase classname="src.pymortests.grid" file="src/pymortests/grid.py" line="244" name="test_neighbours_wrong_arguments[&lt;lambda&gt;38]" time="0.0004286766052246094"><skipped message="Suite splitting in effect" type="pytest.skip">src/pymortests/grid.py:244: &lt;py._xmlgen.raw object at 0x7fb2c70a4208&gt;</skipped></testcase><testcase classname="src.pymortests.grid" file="src/pymortests/grid.py" line="244" name="test_neighbours_wrong_arguments[&lt;lambda&gt;39]" time="0.00042629241943359375"><skipped message="Suite splitting in effect" type="pytest.skip">src/pymortests/grid.py:244: &lt;py._xmlgen.raw object at 0x7fb29d784710&gt;</skipped></testcase><testcase classname="src.pymortests.grid" file="src/pymortests/grid.py" line="244" name="test_neighbours_wrong_arguments[&lt;lambda&gt;40]" time="0.0004317760467529297"><skipped message="Suite splitting in effect" type="pytest.skip">src/pymortests/grid.py:244: &lt;py._xmlgen.raw object at 0x7fb29d715c50&gt;</skipped></testcase><testcase classname="src.pymortests.grid" file="src/pymortests/grid.py" line="244" name="test_neighbours_wrong_arguments[&lt;lambda&gt;41]" time="0.0004329681396484375"><skipped message="Suite splitting in effect" type="pytest.skip">src/pymortests/grid.py:244: &lt;py._xmlgen.raw object at 0x7fb29d748080&gt;</skipped></testcase><testcase classname="src.pymortests.grid" file="src/pymortests/grid.py" line="244" name="test_neighbours_wrong_arguments[&lt;lambda&gt;42]" time="0.0004227161407470703"><skipped message="Suite splitting in effect" type="pytest.skip">src/pymortests/grid.py:244: &lt;py._xmlgen.raw object at 0x7fb29d6d5e80&gt;</skipped></testcase><testcase classname="src.pymortests.grid" file="src/pymortests/grid.py" line="266" name="test_neighbours_shape[&lt;lambda&gt;0]" time="0.0004220008850097656"><skipped message="Suite splitting in effect" type="pytest.skip">src/pymortests/grid.py:266: &lt;py._xmlgen.raw object at 0x7fb29d6d54e0&gt;</skipped></testcase><testcase classname="src.pymortests.grid" file="src/pymortests/grid.py" line="266" name="test_neighbours_shape[&lt;lambda&gt;1]" time="0.0004749298095703125"><skipped message="Suite splitting in effect" type="pytest.skip">src/pymortests/grid.py:266: &lt;py._xmlgen.raw object at 0x7fb29d6e1160&gt;</skipped></testcase><testcase classname="src.pymortests.grid" file="src/pymortests/grid.py" line="266" name="test_neighbours_shape[&lt;lambda&gt;2]" time="0.0007891654968261719"><skipped message="Suite splitting in effect" type="pytest.skip">src/pymortests/grid.py:266: &lt;py._xmlgen.raw object at 0x7fb29d6d5358&gt;</skipped></testcase><testcase classname="src.pymortests.grid" file="src/pymortests/grid.py" line="266" name="test_neighbours_shape[&lt;lambda&gt;3]" time="0.0004661083221435547"><skipped message="Suite splitting in effect" type="pytest.skip">src/pymortests/grid.py:266: &lt;py._xmlgen.raw object at 0x7fb29d6d5908&gt;</skipped></testcase><testcase classname="src.pymortests.grid" file="src/pymortests/grid.py" line="266" name="test_neighbours_shape[&lt;lambda&gt;4]" time="0.0004215240478515625"><skipped message="Suite splitting in effect" type="pytest.skip">src/pymortests/grid.py:266: &lt;py._xmlgen.raw object at 0x7fb29d748588&gt;</skipped></testcase><testcase classname="src.pymortests.grid" file="src/pymortests/grid.py" line="266" name="test_neighbours_shape[&lt;lambda&gt;5]" time="0.0004584789276123047"><skipped message="Suite splitting in effect" type="pytest.skip">src/pymortests/grid.py:266: &lt;py._xmlgen.raw object at 0x7fb2c7067550&gt;</skipped></testcase><testcase classname="src.pymortests.grid" file="src/pymortests/grid.py" line="266" name="test_neighbours_shape[&lt;lambda&gt;6]" time="0.00040030479431152344"><skipped message="Suite splitting in effect" type="pytest.skip">src/pymortests/grid.py:266: &lt;py._xmlgen.raw object at 0x7fb2c70d6fd0&gt;</skipped></testcase><testcase classname="src.pymortests.grid" file="src/pymortests/grid.py" line="266" name="test_neighbours_shape[&lt;lambda&gt;7]" time="0.0004341602325439453"><skipped message="Suite splitting in effect" type="pytest.skip">src/pymortests/grid.py:266: &lt;py._xmlgen.raw object at 0x7fb29d732668&gt;</skipped></testcase><testcase classname="src.pymortests.grid" file="src/pymortests/grid.py" line="266" name="test_neighbours_shape[&lt;lambda&gt;8]" time="0.0004687309265136719"><skipped message="Suite splitting in effect" type="pytest.skip">src/pymortests/grid.py:266: &lt;py._xmlgen.raw object at 0x7fb29d6e11d0&gt;</skipped></testcase><testcase classname="src.pymortests.grid" file="src/pymortests/grid.py" line="266" name="test_neighbours_shape[&lt;lambda&gt;9]" time="0.00045680999755859375"><skipped message="Suite splitting in effect" type="pytest.skip">src/pymortests/grid.py:266: &lt;py._xmlgen.raw object at 0x7fb29d6e1a20&gt;</skipped></testcase><testcase classname="src.pymortests.grid" file="src/pymortests/grid.py" line="266" name="test_neighbours_shape[&lt;lambda&gt;10]" time="0.0007026195526123047"><skipped message="Suite splitting in effect" type="pytest.skip">src/pymortests/grid.py:266: &lt;py._xmlgen.raw object at 0x7fb29d6e1f60&gt;</skipped></testcase><testcase classname="src.pymortests.grid" file="src/pymortests/grid.py" line="266" name="test_neighbours_shape[&lt;lambda&gt;11]" time="0.00042366981506347656"><skipped message="Suite splitting in effect" type="pytest.skip">src/pymortests/grid.py:266: &lt;py._xmlgen.raw object at 0x7fb29d6e1da0&gt;</skipped></testcase><testcase classname="src.pymortests.grid" file="src/pymortests/grid.py" line="266" name="test_neighbours_shape[&lt;lambda&gt;12]" time="0.00039315223693847656"><skipped message="Suite splitting in effect" type="pytest.skip">src/pymortests/grid.py:266: &lt;py._xmlgen.raw object at 0x7fb29d6e16d8&gt;</skipped></testcase><testcase classname="src.pymortests.grid" file="src/pymortests/grid.py" line="266" name="test_neighbours_shape[&lt;lambda&gt;13]" time="0.0004258155822753906"><skipped message="Suite splitting in effect" type="pytest.skip">src/pymortests/grid.py:266: &lt;py._xmlgen.raw object at 0x7fb2c70d67b8&gt;</skipped></testcase><testcase classname="src.pymortests.grid" file="src/pymortests/grid.py" line="266" name="test_neighbours_shape[&lt;lambda&gt;14]" time="0.00044918060302734375"><skipped message="Suite splitting in effect" type="pytest.skip">src/pymortests/grid.py:266: &lt;py._xmlgen.raw object at 0x7fb2c7067128&gt;</skipped></testcase><testcase classname="src.pymortests.grid" file="src/pymortests/grid.py" line="266" name="test_neighbours_shape[&lt;lambda&gt;15]" time="0.0004239082336425781"><skipped message="Suite splitting in effect" type="pytest.skip">src/pymortests/grid.py:266: &lt;py._xmlgen.raw object at 0x7fb29d748cc0&gt;</skipped></testcase><testcase classname="src.pymortests.grid" file="src/pymortests/grid.py" line="266" name="test_neighbours_shape[&lt;lambda&gt;16]" time="0.0004227161407470703"><skipped message="Suite splitting in effect" type="pytest.skip">src/pymortests/grid.py:266: &lt;py._xmlgen.raw object at 0x7fb29d6d5860&gt;</skipped></testcase><testcase classname="src.pymortests.grid" file="src/pymortests/grid.py" line="266" name="test_neighbours_shape[&lt;lambda&gt;17]" time="0.000423431396484375"><skipped message="Suite splitting in effect" type="pytest.skip">src/pymortests/grid.py:266: &lt;py._xmlgen.raw object at 0x7fb29d6d5eb8&gt;</skipped></testcase><testcase classname="src.pymortests.grid" file="src/pymortests/grid.py" line="266" name="test_neighbours_shape[&lt;lambda&gt;18]" time="0.0007576942443847656"><skipped message="Suite splitting in effect" type="pytest.skip">src/pymortests/grid.py:266: &lt;py._xmlgen.raw object at 0x7fb29d6e84e0&gt;</skipped></testcase><testcase classname="src.pymortests.grid" file="src/pymortests/grid.py" line="266" name="test_neighbours_shape[&lt;lambda&gt;19]" time="0.00041222572326660156"><skipped message="Suite splitting in effect" type="pytest.skip">src/pymortests/grid.py:266: &lt;py._xmlgen.raw object at 0x7fb2c707ba20&gt;</skipped></testcase><testcase classname="src.pymortests.grid" file="src/pymortests/grid.py" line="266" name="test_neighbours_shape[&lt;lambda&gt;20]" time="0.00040984153747558594"><skipped message="Suite splitting in effect" type="pytest.skip">src/pymortests/grid.py:266: &lt;py._xmlgen.raw object at 0x7fb2c7102e10&gt;</skipped></testcase><testcase classname="src.pymortests.grid" file="src/pymortests/grid.py" line="266" name="test_neighbours_shape[&lt;lambda&gt;21]" time="0.00044798851013183594"><skipped message="Suite splitting in effect" type="pytest.skip">src/pymortests/grid.py:266: &lt;py._xmlgen.raw object at 0x7fb29d73c4e0&gt;</skipped></testcase><testcase classname="src.pymortests.grid" file="src/pymortests/grid.py" line="266" name="test_neighbours_shape[&lt;lambda&gt;22]" time="0.00044655799865722656"><skipped message="Suite splitting in effect" type="pytest.skip">src/pymortests/grid.py:266: &lt;py._xmlgen.raw object at 0x7fb2c70d6fd0&gt;</skipped></testcase><testcase classname="src.pymortests.grid" file="src/pymortests/grid.py" line="266" name="test_neighbours_shape[&lt;lambda&gt;23]" time="0.000457763671875"><skipped message="Suite splitting in effect" type="pytest.skip">src/pymortests/grid.py:266: &lt;py._xmlgen.raw object at 0x7fb29d6e1b38&gt;</skipped></testcase><testcase classname="src.pymortests.grid" file="src/pymortests/grid.py" line="266" name="test_neighbours_shape[&lt;lambda&gt;24]" time="0.00046181678771972656"><skipped message="Suite splitting in effect" type="pytest.skip">src/pymortests/grid.py:266: &lt;py._xmlgen.raw object at 0x7fb29d6e1c88&gt;</skipped></testcase><testcase classname="src.pymortests.grid" file="src/pymortests/grid.py" line="266" name="test_neighbours_shape[&lt;lambda&gt;25]" time="0.00040340423583984375"><skipped message="Suite splitting in effect" type="pytest.skip">src/pymortests/grid.py:266: &lt;py._xmlgen.raw object at 0x7fb29d6e8390&gt;</skipped></testcase><testcase classname="src.pymortests.grid" file="src/pymortests/grid.py" line="266" name="test_neighbours_shape[&lt;lambda&gt;26]" time="0.0004138946533203125"><skipped message="Suite splitting in effect" type="pytest.skip">src/pymortests/grid.py:266: &lt;py._xmlgen.raw object at 0x7fb29d6e8b00&gt;</skipped></testcase><testcase classname="src.pymortests.grid" file="src/pymortests/grid.py" line="266" name="test_neighbours_shape[&lt;lambda&gt;27]" time="0.00045299530029296875"><skipped message="Suite splitting in effect" type="pytest.skip">src/pymortests/grid.py:266: &lt;py._xmlgen.raw object at 0x7fb29d6e18d0&gt;</skipped></testcase><testcase classname="src.pymortests.grid" file="src/pymortests/grid.py" line="266" name="test_neighbours_shape[&lt;lambda&gt;28]" time="0.0004646778106689453"><skipped message="Suite splitting in effect" type="pytest.skip">src/pymortests/grid.py:266: &lt;py._xmlgen.raw object at 0x7fb29d732cc0&gt;</skipped></testcase><testcase classname="src.pymortests.grid" file="src/pymortests/grid.py" line="266" name="test_neighbours_shape[&lt;lambda&gt;29]" time="0.00043010711669921875"><skipped message="Suite splitting in effect" type="pytest.skip">src/pymortests/grid.py:266: &lt;py._xmlgen.raw object at 0x7fb2c7067128&gt;</skipped></testcase><testcase classname="src.pymortests.grid" file="src/pymortests/grid.py" line="266" name="test_neighbours_shape[&lt;lambda&gt;30]" time="0.00045943260192871094"><skipped message="Suite splitting in effect" type="pytest.skip">src/pymortests/grid.py:266: &lt;py._xmlgen.raw object at 0x7fb2c707beb8&gt;</skipped></testcase><testcase classname="src.pymortests.grid" file="src/pymortests/grid.py" line="266" name="test_neighbours_shape[&lt;lambda&gt;31]" time="0.00040602684020996094"><skipped message="Suite splitting in effect" type="pytest.skip">src/pymortests/grid.py:266: &lt;py._xmlgen.raw object at 0x7fb29d6d54e0&gt;</skipped></testcase><testcase classname="src.pymortests.grid" file="src/pymortests/grid.py" line="266" name="test_neighbours_shape[&lt;lambda&gt;32]" time="0.0004172325134277344"><skipped message="Suite splitting in effect" type="pytest.skip">src/pymortests/grid.py:266: &lt;py._xmlgen.raw object at 0x7fb29d6e8be0&gt;</skipped></testcase><testcase classname="src.pymortests.grid" file="src/pymortests/grid.py" line="266" name="test_neighbours_shape[&lt;lambda&gt;33]" time="0.0004317760467529297"><skipped message="Suite splitting in effect" type="pytest.skip">src/pymortests/grid.py:266: &lt;py._xmlgen.raw object at 0x7fb29d6e85f8&gt;</skipped></testcase><testcase classname="src.pymortests.grid" file="src/pymortests/grid.py" line="266" name="test_neighbours_shape[&lt;lambda&gt;34]" time="0.00041484832763671875"><skipped message="Suite splitting in effect" type="pytest.skip">src/pymortests/grid.py:266: &lt;py._xmlgen.raw object at 0x7fb29d6f4048&gt;</skipped></testcase><testcase classname="src.pymortests.grid" file="src/pymortests/grid.py" line="266" name="test_neighbours_shape[&lt;lambda&gt;35]" time="0.0007796287536621094"><skipped message="Suite splitting in effect" type="pytest.skip">src/pymortests/grid.py:266: &lt;py._xmlgen.raw object at 0x7fb29d6e81d0&gt;</skipped></testcase><testcase classname="src.pymortests.grid" file="src/pymortests/grid.py" line="266" name="test_neighbours_shape[&lt;lambda&gt;36]" time="0.0004658699035644531"><skipped message="Suite splitting in effect" type="pytest.skip">src/pymortests/grid.py:266: &lt;py._xmlgen.raw object at 0x7fb29d6d59b0&gt;</skipped></testcase><testcase classname="src.pymortests.grid" file="src/pymortests/grid.py" line="266" name="test_neighbours_shape[&lt;lambda&gt;37]" time="0.0005156993865966797"><skipped message="Suite splitting in effect" type="pytest.skip">src/pymortests/grid.py:266: &lt;py._xmlgen.raw object at 0x7fb2c707b588&gt;</skipped></testcase><testcase classname="src.pymortests.grid" file="src/pymortests/grid.py" line="266" name="test_neighbours_shape[&lt;lambda&gt;38]" time="0.0004391670227050781"><skipped message="Suite splitting in effect" type="pytest.skip">src/pymortests/grid.py:266: &lt;py._xmlgen.raw object at 0x7fb29d748940&gt;</skipped></testcase><testcase classname="src.pymortests.grid" file="src/pymortests/grid.py" line="266" name="test_neighbours_shape[&lt;lambda&gt;39]" time="0.0004508495330810547"><skipped message="Suite splitting in effect" type="pytest.skip">src/pymortests/grid.py:266: &lt;py._xmlgen.raw object at 0x7fb2c70d6c50&gt;</skipped></testcase><testcase classname="src.pymortests.grid" file="src/pymortests/grid.py" line="266" name="test_neighbours_shape[&lt;lambda&gt;40]" time="0.0004279613494873047"><skipped message="Suite splitting in effect" type="pytest.skip">src/pymortests/grid.py:266: &lt;py._xmlgen.raw object at 0x7fb2c70c6cf8&gt;</skipped></testcase><testcase classname="src.pymortests.grid" file="src/pymortests/grid.py" line="266" name="test_neighbours_shape[&lt;lambda&gt;41]" time="0.0004482269287109375"><skipped message="Suite splitting in effect" type="pytest.skip">src/pymortests/grid.py:266: &lt;py._xmlgen.raw object at 0x7fb29d6e1c88&gt;</skipped></testcase><testcase classname="src.pymortests.grid" file="src/pymortests/grid.py" line="266" name="test_neighbours_shape[&lt;lambda&gt;42]" time="0.0004305839538574219"><skipped message="Suite splitting in effect" type="pytest.skip">src/pymortests/grid.py:266: &lt;py._xmlgen.raw object at 0x7fb29d6f4588&gt;</skipped></testcase><testcase classname="src.pymortests.grid" file="src/pymortests/grid.py" line="274" name="test_neighbours_dtype[&lt;lambda&gt;0]" time="0.0006701946258544922"><skipped message="Suite splitting in effect" type="pytest.skip">src/pymortests/grid.py:274: &lt;py._xmlgen.raw object at 0x7fb29d6e1da0&gt;</skipped></testcase><testcase classname="src.pymortests.grid" file="src/pymortests/grid.py" line="274" name="test_neighbours_dtype[&lt;lambda&gt;1]" time="0.0004849433898925781"><skipped message="Suite splitting in effect" type="pytest.skip">src/pymortests/grid.py:274: &lt;py._xmlgen.raw object at 0x7fb2c7089978&gt;</skipped></testcase><testcase classname="src.pymortests.grid" file="src/pymortests/grid.py" line="274" name="test_neighbours_dtype[&lt;lambda&gt;2]" time="0.0004086494445800781"><skipped message="Suite splitting in effect" type="pytest.skip">src/pymortests/grid.py:274: &lt;py._xmlgen.raw object at 0x7fb29d7329b0&gt;</skipped></testcase><testcase classname="src.pymortests.grid" file="src/pymortests/grid.py" line="274" name="test_neighbours_dtype[&lt;lambda&gt;3]" time="0.0004184246063232422"><skipped message="Suite splitting in effect" type="pytest.skip">src/pymortests/grid.py:274: &lt;py._xmlgen.raw object at 0x7fb2c707beb8&gt;</skipped></testcase><testcase classname="src.pymortests.grid" file="src/pymortests/grid.py" line="274" name="test_neighbours_dtype[&lt;lambda&gt;4]" time="0.000423431396484375"><skipped message="Suite splitting in effect" type="pytest.skip">src/pymortests/grid.py:274: &lt;py._xmlgen.raw object at 0x7fb29d6d54e0&gt;</skipped></testcase><testcase classname="src.pymortests.grid" file="src/pymortests/grid.py" line="274" name="test_neighbours_dtype[&lt;lambda&gt;5]" time="0.0005662441253662109"><skipped message="Suite splitting in effect" type="pytest.skip">src/pymortests/grid.py:274: &lt;py._xmlgen.raw object at 0x7fb29d6e8c88&gt;</skipped></testcase><testcase classname="src.pymortests.grid" file="src/pymortests/grid.py" line="274" name="test_neighbours_dtype[&lt;lambda&gt;6]" time="0.0004208087921142578"><skipped message="Suite splitting in effect" type="pytest.skip">src/pymortests/grid.py:274: &lt;py._xmlgen.raw object at 0x7fb29d6f4470&gt;</skipped></testcase><testcase classname="src.pymortests.grid" file="src/pymortests/grid.py" line="274" name="test_neighbours_dtype[&lt;lambda&gt;7]" time="0.0005362033843994141"><skipped message="Suite splitting in effect" type="pytest.skip">src/pymortests/grid.py:274: &lt;py._xmlgen.raw object at 0x7fb29d6f4e48&gt;</skipped></testcase><testcase classname="src.pymortests.grid" file="src/pymortests/grid.py" line="274" name="test_neighbours_dtype[&lt;lambda&gt;8]" time="0.00042557716369628906"><skipped message="Suite splitting in effect" type="pytest.skip">src/pymortests/grid.py:274: &lt;py._xmlgen.raw object at 0x7fb2c707b630&gt;</skipped></testcase><testcase classname="src.pymortests.grid" file="src/pymortests/grid.py" line="274" name="test_neighbours_dtype[&lt;lambda&gt;9]" time="0.0004017353057861328"><skipped message="Suite splitting in effect" type="pytest.skip">src/pymortests/grid.py:274: &lt;py._xmlgen.raw object at 0x7fb29d73cf28&gt;</skipped></testcase><testcase classname="src.pymortests.grid" file="src/pymortests/grid.py" line="274" name="test_neighbours_dtype[&lt;lambda&gt;10]" time="0.0004673004150390625"><skipped message="Suite splitting in effect" type="pytest.skip">src/pymortests/grid.py:274: &lt;py._xmlgen.raw object at 0x7fb2c7089390&gt;</skipped></testcase><testcase classname="src.pymortests.grid" file="src/pymortests/grid.py" line="274" name="test_neighbours_dtype[&lt;lambda&gt;11]" time="0.00043582916259765625"><skipped message="Suite splitting in effect" type="pytest.skip">src/pymortests/grid.py:274: &lt;py._xmlgen.raw object at 0x7fb29d6f4cc0&gt;</skipped></testcase><testcase classname="src.pymortests.grid" file="src/pymortests/grid.py" line="274" name="test_neighbours_dtype[&lt;lambda&gt;12]" time="0.00044655799865722656"><skipped message="Suite splitting in effect" type="pytest.skip">src/pymortests/grid.py:274: &lt;py._xmlgen.raw object at 0x7fb29d6f4240&gt;</skipped></testcase><testcase classname="src.pymortests.grid" file="src/pymortests/grid.py" line="274" name="test_neighbours_dtype[&lt;lambda&gt;13]" time="0.0004596710205078125"><skipped message="Suite splitting in effect" type="pytest.skip">src/pymortests/grid.py:274: &lt;py._xmlgen.raw object at 0x7fb29d6e8c50&gt;</skipped></testcase><testcase classname="src.pymortests.grid" file="src/pymortests/grid.py" line="274" name="test_neighbours_dtype[&lt;lambda&gt;14]" time="0.0004124641418457031"><skipped message="Suite splitting in effect" type="pytest.skip">src/pymortests/grid.py:274: &lt;py._xmlgen.raw object at 0x7fb29d6e8e48&gt;</skipped></testcase><testcase classname="src.pymortests.grid" file="src/pymortests/grid.py" line="274" name="test_neighbours_dtype[&lt;lambda&gt;15]" time="0.00041413307189941406"><skipped message="Suite splitting in effect" type="pytest.skip">src/pymortests/grid.py:274: &lt;py._xmlgen.raw object at 0x7fb29d6e1da0&gt;</skipped></testcase><testcase classname="src.pymortests.grid" file="src/pymortests/grid.py" line="274" name="test_neighbours_dtype[&lt;lambda&gt;16]" time="0.0004143714904785156"><skipped message="Suite splitting in effect" type="pytest.skip">src/pymortests/grid.py:274: &lt;py._xmlgen.raw object at 0x7fb29d6d5390&gt;</skipped></testcase><testcase classname="src.pymortests.grid" file="src/pymortests/grid.py" line="274" name="test_neighbours_dtype[&lt;lambda&gt;17]" time="0.00043392181396484375"><skipped message="Suite splitting in effect" type="pytest.skip">src/pymortests/grid.py:274: &lt;py._xmlgen.raw object at 0x7fb29d6e1400&gt;</skipped></testcase><testcase classname="src.pymortests.grid" file="src/pymortests/grid.py" line="274" name="test_neighbours_dtype[&lt;lambda&gt;18]" time="0.0004229545593261719"><skipped message="Suite splitting in effect" type="pytest.skip">src/pymortests/grid.py:274: &lt;py._xmlgen.raw object at 0x7fb29d6e85c0&gt;</skipped></testcase><testcase classname="src.pymortests.grid" file="src/pymortests/grid.py" line="274" name="test_neighbours_dtype[&lt;lambda&gt;19]" time="0.0004570484161376953"><skipped message="Suite splitting in effect" type="pytest.skip">src/pymortests/grid.py:274: &lt;py._xmlgen.raw object at 0x7fb29d6f44a8&gt;</skipped></testcase><testcase classname="src.pymortests.grid" file="src/pymortests/grid.py" line="274" name="test_neighbours_dtype[&lt;lambda&gt;20]" time="0.00041484832763671875"><skipped message="Suite splitting in effect" type="pytest.skip">src/pymortests/grid.py:274: &lt;py._xmlgen.raw object at 0x7fb29d6f46a0&gt;</skipped></testcase><testcase classname="src.pymortests.grid" file="src/pymortests/grid.py" line="274" name="test_neighbours_dtype[&lt;lambda&gt;21]" time="0.0004813671112060547"><skipped message="Suite splitting in effect" type="pytest.skip">src/pymortests/grid.py:274: &lt;py._xmlgen.raw object at 0x7fb2c70c6a58&gt;</skipped></testcase><testcase classname="src.pymortests.grid" file="src/pymortests/grid.py" line="274" name="test_neighbours_dtype[&lt;lambda&gt;22]" time="0.00040340423583984375"><skipped message="Suite splitting in effect" type="pytest.skip">src/pymortests/grid.py:274: &lt;py._xmlgen.raw object at 0x7fb2c701b9e8&gt;</skipped></testcase><testcase classname="src.pymortests.grid" file="src/pymortests/grid.py" line="274" name="test_neighbours_dtype[&lt;lambda&gt;23]" time="0.0004227161407470703"><skipped message="Suite splitting in effect" type="pytest.skip">src/pymortests/grid.py:274: &lt;py._xmlgen.raw object at 0x7fb2c707bd68&gt;</skipped></testcase><testcase classname="src.pymortests.grid" file="src/pymortests/grid.py" line="274" name="test_neighbours_dtype[&lt;lambda&gt;24]" time="0.00040435791015625"><skipped message="Suite splitting in effect" type="pytest.skip">src/pymortests/grid.py:274: &lt;py._xmlgen.raw object at 0x7fb29d748940&gt;</skipped></testcase><testcase classname="src.pymortests.grid" file="src/pymortests/grid.py" line="274" name="test_neighbours_dtype[&lt;lambda&gt;25]" time="0.0007472038269042969"><skipped message="Suite splitting in effect" type="pytest.skip">src/pymortests/grid.py:274: &lt;py._xmlgen.raw object at 0x7fb2c70671d0&gt;</skipped></testcase><testcase classname="src.pymortests.grid" file="src/pymortests/grid.py" line="274" name="test_neighbours_dtype[&lt;lambda&gt;26]" time="0.0004601478576660156"><skipped message="Suite splitting in effect" type="pytest.skip">src/pymortests/grid.py:274: &lt;py._xmlgen.raw object at 0x7fb2c701bdd8&gt;</skipped></testcase><testcase classname="src.pymortests.grid" file="src/pymortests/grid.py" line="274" name="test_neighbours_dtype[&lt;lambda&gt;27]" time="0.00043702125549316406"><skipped message="Suite splitting in effect" type="pytest.skip">src/pymortests/grid.py:274: &lt;py._xmlgen.raw object at 0x7fb29d6f4f98&gt;</skipped></testcase><testcase classname="src.pymortests.grid" file="src/pymortests/grid.py" line="274" name="test_neighbours_dtype[&lt;lambda&gt;28]" time="0.00041174888610839844"><skipped message="Suite splitting in effect" type="pytest.skip">src/pymortests/grid.py:274: &lt;py._xmlgen.raw object at 0x7fb29d6f4358&gt;</skipped></testcase><testcase classname="src.pymortests.grid" file="src/pymortests/grid.py" line="274" name="test_neighbours_dtype[&lt;lambda&gt;29]" time="0.00041675567626953125"><skipped message="Suite splitting in effect" type="pytest.skip">src/pymortests/grid.py:274: &lt;py._xmlgen.raw object at 0x7fb29d6e85c0&gt;</skipped></testcase><testcase classname="src.pymortests.grid" file="src/pymortests/grid.py" line="274" name="test_neighbours_dtype[&lt;lambda&gt;30]" time="0.00041866302490234375"><skipped message="Suite splitting in effect" type="pytest.skip">src/pymortests/grid.py:274: &lt;py._xmlgen.raw object at 0x7fb2c702f160&gt;</skipped></testcase><testcase classname="src.pymortests.grid" file="src/pymortests/grid.py" line="274" name="test_neighbours_dtype[&lt;lambda&gt;31]" time="0.0004210472106933594"><skipped message="Suite splitting in effect" type="pytest.skip">src/pymortests/grid.py:274: &lt;py._xmlgen.raw object at 0x7fb29d6e1550&gt;</skipped></testcase><testcase classname="src.pymortests.grid" file="src/pymortests/grid.py" line="274" name="test_neighbours_dtype[&lt;lambda&gt;32]" time="0.0004127025604248047"><skipped message="Suite splitting in effect" type="pytest.skip">src/pymortests/grid.py:274: &lt;py._xmlgen.raw object at 0x7fb29d72ae48&gt;</skipped></testcase><testcase classname="src.pymortests.grid" file="src/pymortests/grid.py" line="274" name="test_neighbours_dtype[&lt;lambda&gt;33]" time="0.0007469654083251953"><skipped message="Suite splitting in effect" type="pytest.skip">src/pymortests/grid.py:274: &lt;py._xmlgen.raw object at 0x7fb29d72ab00&gt;</skipped></testcase><testcase classname="src.pymortests.grid" file="src/pymortests/grid.py" line="274" name="test_neighbours_dtype[&lt;lambda&gt;34]" time="0.0004127025604248047"><skipped message="Suite splitting in effect" type="pytest.skip">src/pymortests/grid.py:274: &lt;py._xmlgen.raw object at 0x7fb29d6e1a20&gt;</skipped></testcase><testcase classname="src.pymortests.grid" file="src/pymortests/grid.py" line="274" name="test_neighbours_dtype[&lt;lambda&gt;35]" time="0.00044083595275878906"><skipped message="Suite splitting in effect" type="pytest.skip">src/pymortests/grid.py:274: &lt;py._xmlgen.raw object at 0x7fb2c702f9e8&gt;</skipped></testcase><testcase classname="src.pymortests.grid" file="src/pymortests/grid.py" line="274" name="test_neighbours_dtype[&lt;lambda&gt;36]" time="0.0004181861877441406"><skipped message="Suite splitting in effect" type="pytest.skip">src/pymortests/grid.py:274: &lt;py._xmlgen.raw object at 0x7fb29d6e8898&gt;</skipped></testcase><testcase classname="src.pymortests.grid" file="src/pymortests/grid.py" line="274" name="test_neighbours_dtype[&lt;lambda&gt;37]" time="0.0004715919494628906"><skipped message="Suite splitting in effect" type="pytest.skip">src/pymortests/grid.py:274: &lt;py._xmlgen.raw object at 0x7fb29d6f4710&gt;</skipped></testcase><testcase classname="src.pymortests.grid" file="src/pymortests/grid.py" line="274" name="test_neighbours_dtype[&lt;lambda&gt;38]" time="0.00045371055603027344"><skipped message="Suite splitting in effect" type="pytest.skip">src/pymortests/grid.py:274: &lt;py._xmlgen.raw object at 0x7fb2c7089630&gt;</skipped></testcase><testcase classname="src.pymortests.grid" file="src/pymortests/grid.py" line="274" name="test_neighbours_dtype[&lt;lambda&gt;39]" time="0.0004394054412841797"><skipped message="Suite splitting in effect" type="pytest.skip">src/pymortests/grid.py:274: &lt;py._xmlgen.raw object at 0x7fb29d732fd0&gt;</skipped></testcase><testcase classname="src.pymortests.grid" file="src/pymortests/grid.py" line="274" name="test_neighbours_dtype[&lt;lambda&gt;40]" time="0.0004086494445800781"><skipped message="Suite splitting in effect" type="pytest.skip">src/pymortests/grid.py:274: &lt;py._xmlgen.raw object at 0x7fb29d6fe710&gt;</skipped></testcase><testcase classname="src.pymortests.grid" file="src/pymortests/grid.py" line="274" name="test_neighbours_dtype[&lt;lambda&gt;41]" time="0.0008060932159423828"><skipped message="Suite splitting in effect" type="pytest.skip">src/pymortests/grid.py:274: &lt;py._xmlgen.raw object at 0x7fb29d6fec50&gt;</skipped></testcase><testcase classname="src.pymortests.grid" file="src/pymortests/grid.py" line="274" name="test_neighbours_dtype[&lt;lambda&gt;42]" time="0.0004544258117675781"><skipped message="Suite splitting in effect" type="pytest.skip">src/pymortests/grid.py:274: &lt;py._xmlgen.raw object at 0x7fb29d6d59e8&gt;</skipped></testcase><testcase classname="src.pymortests.grid" file="src/pymortests/grid.py" line="281" name="test_neighbours_entry_value_range[&lt;lambda&gt;0]" time="0.0004565715789794922"><skipped message="Suite splitting in effect" type="pytest.skip">src/pymortests/grid.py:281: &lt;py._xmlgen.raw object at 0x7fb29d6f4588&gt;</skipped></testcase><testcase classname="src.pymortests.grid" file="src/pymortests/grid.py" line="281" name="test_neighbours_entry_value_range[&lt;lambda&gt;1]" time="0.000457763671875"><skipped message="Suite splitting in effect" type="pytest.skip">src/pymortests/grid.py:281: &lt;py._xmlgen.raw object at 0x7fb29d6e8940&gt;</skipped></testcase><testcase classname="src.pymortests.grid" file="src/pymortests/grid.py" line="281" name="test_neighbours_entry_value_range[&lt;lambda&gt;2]" time="0.00049591064453125"><skipped message="Suite splitting in effect" type="pytest.skip">src/pymortests/grid.py:281: &lt;py._xmlgen.raw object at 0x7fb2c702fd30&gt;</skipped></testcase><testcase classname="src.pymortests.grid" file="src/pymortests/grid.py" line="281" name="test_neighbours_entry_value_range[&lt;lambda&gt;3]" time="0.00046062469482421875"><skipped message="Suite splitting in effect" type="pytest.skip">src/pymortests/grid.py:281: &lt;py._xmlgen.raw object at 0x7fb29d6e17b8&gt;</skipped></testcase><testcase classname="src.pymortests.grid" file="src/pymortests/grid.py" line="281" name="test_neighbours_entry_value_range[&lt;lambda&gt;4]" time="0.00044417381286621094"><skipped message="Suite splitting in effect" type="pytest.skip">src/pymortests/grid.py:281: &lt;py._xmlgen.raw object at 0x7fb29d6fe9b0&gt;</skipped></testcase><testcase classname="src.pymortests.grid" file="src/pymortests/grid.py" line="281" name="test_neighbours_entry_value_range[&lt;lambda&gt;5]" time="0.0004334449768066406"><skipped message="Suite splitting in effect" type="pytest.skip">src/pymortests/grid.py:281: &lt;py._xmlgen.raw object at 0x7fb29d6fe5f8&gt;</skipped></testcase><testcase classname="src.pymortests.grid" file="src/pymortests/grid.py" line="281" name="test_neighbours_entry_value_range[&lt;lambda&gt;6]" time="0.0007135868072509766"><skipped message="Suite splitting in effect" type="pytest.skip">src/pymortests/grid.py:281: &lt;py._xmlgen.raw object at 0x7fb29d6901d0&gt;</skipped></testcase><testcase classname="src.pymortests.grid" file="src/pymortests/grid.py" line="281" name="test_neighbours_entry_value_range[&lt;lambda&gt;7]" time="0.00041294097900390625"><skipped message="Suite splitting in effect" type="pytest.skip">src/pymortests/grid.py:281: &lt;py._xmlgen.raw object at 0x7fb29d6fe780&gt;</skipped></testcase><testcase classname="src.pymortests.grid" file="src/pymortests/grid.py" line="281" name="test_neighbours_entry_value_range[&lt;lambda&gt;8]" time="0.0004305839538574219"><skipped message="Suite splitting in effect" type="pytest.skip">src/pymortests/grid.py:281: &lt;py._xmlgen.raw object at 0x7fb2c70513c8&gt;</skipped></testcase><testcase classname="src.pymortests.grid" file="src/pymortests/grid.py" line="281" name="test_neighbours_entry_value_range[&lt;lambda&gt;9]" time="0.00047516822814941406"><skipped message="Suite splitting in effect" type="pytest.skip">src/pymortests/grid.py:281: &lt;py._xmlgen.raw object at 0x7fb29d748860&gt;</skipped></testcase><testcase classname="src.pymortests.grid" file="src/pymortests/grid.py" line="281" name="test_neighbours_entry_value_range[&lt;lambda&gt;10]" time="0.0004734992980957031"><skipped message="Suite splitting in effect" type="pytest.skip">src/pymortests/grid.py:281: &lt;py._xmlgen.raw object at 0x7fb2c702f940&gt;</skipped></testcase><testcase classname="src.pymortests.grid" file="src/pymortests/grid.py" line="281" name="test_neighbours_entry_value_range[&lt;lambda&gt;11]" time="0.0004417896270751953"><skipped message="Suite splitting in effect" type="pytest.skip">src/pymortests/grid.py:281: &lt;py._xmlgen.raw object at 0x7fb29d6f4240&gt;</skipped></testcase><testcase classname="src.pymortests.grid" file="src/pymortests/grid.py" line="281" name="test_neighbours_entry_value_range[&lt;lambda&gt;12]" time="0.0004286766052246094"><skipped message="Suite splitting in effect" type="pytest.skip">src/pymortests/grid.py:281: &lt;py._xmlgen.raw object at 0x7fb2c703d160&gt;</skipped></testcase><testcase classname="src.pymortests.grid" file="src/pymortests/grid.py" line="281" name="test_neighbours_entry_value_range[&lt;lambda&gt;13]" time="0.00045561790466308594"><skipped message="Suite splitting in effect" type="pytest.skip">src/pymortests/grid.py:281: &lt;py._xmlgen.raw object at 0x7fb29d690390&gt;</skipped></testcase><testcase classname="src.pymortests.grid" file="src/pymortests/grid.py" line="281" name="test_neighbours_entry_value_range[&lt;lambda&gt;14]" time="0.00043272972106933594"><skipped message="Suite splitting in effect" type="pytest.skip">src/pymortests/grid.py:281: &lt;py._xmlgen.raw object at 0x7fb29d6907f0&gt;</skipped></testcase><testcase classname="src.pymortests.grid" file="src/pymortests/grid.py" line="281" name="test_neighbours_entry_value_range[&lt;lambda&gt;15]" time="0.00043129920959472656"><skipped message="Suite splitting in effect" type="pytest.skip">src/pymortests/grid.py:281: &lt;py._xmlgen.raw object at 0x7fb29d6d59e8&gt;</skipped></testcase><testcase classname="src.pymortests.grid" file="src/pymortests/grid.py" line="281" name="test_neighbours_entry_value_range[&lt;lambda&gt;16]" time="0.000461578369140625"><skipped message="Suite splitting in effect" type="pytest.skip">src/pymortests/grid.py:281: &lt;py._xmlgen.raw object at 0x7fb29d6e8978&gt;</skipped></testcase><testcase classname="src.pymortests.grid" file="src/pymortests/grid.py" line="281" name="test_neighbours_entry_value_range[&lt;lambda&gt;17]" time="0.0004360675811767578"><skipped message="Suite splitting in effect" type="pytest.skip">src/pymortests/grid.py:281: &lt;py._xmlgen.raw object at 0x7fb29d748438&gt;</skipped></testcase><testcase classname="src.pymortests.grid" file="src/pymortests/grid.py" line="281" name="test_neighbours_entry_value_range[&lt;lambda&gt;18]" time="0.0004680156707763672"><skipped message="Suite splitting in effect" type="pytest.skip">src/pymortests/grid.py:281: &lt;py._xmlgen.raw object at 0x7fb2c70519b0&gt;</skipped></testcase><testcase classname="src.pymortests.grid" file="src/pymortests/grid.py" line="281" name="test_neighbours_entry_value_range[&lt;lambda&gt;19]" time="0.0004305839538574219"><skipped message="Suite splitting in effect" type="pytest.skip">src/pymortests/grid.py:281: &lt;py._xmlgen.raw object at 0x7fb29d6fe828&gt;</skipped></testcase><testcase classname="src.pymortests.grid" file="src/pymortests/grid.py" line="281" name="test_neighbours_entry_value_range[&lt;lambda&gt;20]" time="0.0004191398620605469"><skipped message="Suite splitting in effect" type="pytest.skip">src/pymortests/grid.py:281: &lt;py._xmlgen.raw object at 0x7fb29d72ae48&gt;</skipped></testcase><testcase classname="src.pymortests.grid" file="src/pymortests/grid.py" line="281" name="test_neighbours_entry_value_range[&lt;lambda&gt;21]" time="0.00042057037353515625"><skipped message="Suite splitting in effect" type="pytest.skip">src/pymortests/grid.py:281: &lt;py._xmlgen.raw object at 0x7fb29d6906a0&gt;</skipped></testcase><testcase classname="src.pymortests.grid" file="src/pymortests/grid.py" line="281" name="test_neighbours_entry_value_range[&lt;lambda&gt;22]" time="0.00042557716369628906"><skipped message="Suite splitting in effect" type="pytest.skip">src/pymortests/grid.py:281: &lt;py._xmlgen.raw object at 0x7fb29d690cf8&gt;</skipped></testcase><testcase classname="src.pymortests.grid" file="src/pymortests/grid.py" line="281" name="test_neighbours_entry_value_range[&lt;lambda&gt;23]" time="0.0007634162902832031"><skipped message="Suite splitting in effect" type="pytest.skip">src/pymortests/grid.py:281: &lt;py._xmlgen.raw object at 0x7fb29d6feef0&gt;</skipped></testcase><testcase classname="src.pymortests.grid" file="src/pymortests/grid.py" line="281" name="test_neighbours_entry_value_range[&lt;lambda&gt;24]" time="0.00045561790466308594"><skipped message="Suite splitting in effect" type="pytest.skip">src/pymortests/grid.py:281: &lt;py._xmlgen.raw object at 0x7fb2c7051668&gt;</skipped></testcase><testcase classname="src.pymortests.grid" file="src/pymortests/grid.py" line="281" name="test_neighbours_entry_value_range[&lt;lambda&gt;25]" time="0.0004417896270751953"><skipped message="Suite splitting in effect" type="pytest.skip">src/pymortests/grid.py:281: &lt;py._xmlgen.raw object at 0x7fb29d748438&gt;</skipped></testcase><testcase classname="src.pymortests.grid" file="src/pymortests/grid.py" line="281" name="test_neighbours_entry_value_range[&lt;lambda&gt;26]" time="0.00041365623474121094"><skipped message="Suite splitting in effect" type="pytest.skip">src/pymortests/grid.py:281: &lt;py._xmlgen.raw object at 0x7fb2c70c6a58&gt;</skipped></testcase><testcase classname="src.pymortests.grid" file="src/pymortests/grid.py" line="281" name="test_neighbours_entry_value_range[&lt;lambda&gt;27]" time="0.000423431396484375"><skipped message="Suite splitting in effect" type="pytest.skip">src/pymortests/grid.py:281: &lt;py._xmlgen.raw object at 0x7fb2c707b6d8&gt;</skipped></testcase><testcase classname="src.pymortests.grid" file="src/pymortests/grid.py" line="281" name="test_neighbours_entry_value_range[&lt;lambda&gt;28]" time="0.0004150867462158203"><skipped message="Suite splitting in effect" type="pytest.skip">src/pymortests/grid.py:281: &lt;py._xmlgen.raw object at 0x7fb29d690dd8&gt;</skipped></testcase><testcase classname="src.pymortests.grid" file="src/pymortests/grid.py" line="281" name="test_neighbours_entry_value_range[&lt;lambda&gt;29]" time="0.0004220008850097656"><skipped message="Suite splitting in effect" type="pytest.skip">src/pymortests/grid.py:281: &lt;py._xmlgen.raw object at 0x7fb29d690978&gt;</skipped></testcase><testcase classname="src.pymortests.grid" file="src/pymortests/grid.py" line="281" name="test_neighbours_entry_value_range[&lt;lambda&gt;30]" time="0.0004410743713378906"><skipped message="Suite splitting in effect" type="pytest.skip">src/pymortests/grid.py:281: &lt;py._xmlgen.raw object at 0x7fb29d69b278&gt;</skipped></testcase><testcase classname="src.pymortests.grid" file="src/pymortests/grid.py" line="281" name="test_neighbours_entry_value_range[&lt;lambda&gt;31]" time="0.0007340908050537109"><skipped message="Suite splitting in effect" type="pytest.skip">src/pymortests/grid.py:281: &lt;py._xmlgen.raw object at 0x7fb2c703d358&gt;</skipped></testcase><testcase classname="src.pymortests.grid" file="src/pymortests/grid.py" line="281" name="test_neighbours_entry_value_range[&lt;lambda&gt;32]" time="0.00046372413635253906"><skipped message="Suite splitting in effect" type="pytest.skip">src/pymortests/grid.py:281: &lt;py._xmlgen.raw object at 0x7fb29d690a90&gt;</skipped></testcase><testcase classname="src.pymortests.grid" file="src/pymortests/grid.py" line="281" name="test_neighbours_entry_value_range[&lt;lambda&gt;33]" time="0.0004391670227050781"><skipped message="Suite splitting in effect" type="pytest.skip">src/pymortests/grid.py:281: &lt;py._xmlgen.raw object at 0x7fb2c6fe1320&gt;</skipped></testcase><testcase classname="src.pymortests.grid" file="src/pymortests/grid.py" line="281" name="test_neighbours_entry_value_range[&lt;lambda&gt;34]" time="0.0004382133483886719"><skipped message="Suite splitting in effect" type="pytest.skip">src/pymortests/grid.py:281: &lt;py._xmlgen.raw object at 0x7fb29d6e86a0&gt;</skipped></testcase><testcase classname="src.pymortests.grid" file="src/pymortests/grid.py" line="281" name="test_neighbours_entry_value_range[&lt;lambda&gt;35]" time="0.0004260540008544922"><skipped message="Suite splitting in effect" type="pytest.skip">src/pymortests/grid.py:281: &lt;py._xmlgen.raw object at 0x7fb29d6e1710&gt;</skipped></testcase><testcase classname="src.pymortests.grid" file="src/pymortests/grid.py" line="281" name="test_neighbours_entry_value_range[&lt;lambda&gt;36]" time="0.00042819976806640625"><skipped message="Suite splitting in effect" type="pytest.skip">src/pymortests/grid.py:281: &lt;py._xmlgen.raw object at 0x7fb29d6fee10&gt;</skipped></testcase><testcase classname="src.pymortests.grid" file="src/pymortests/grid.py" line="281" name="test_neighbours_entry_value_range[&lt;lambda&gt;37]" time="0.0003974437713623047"><skipped message="Suite splitting in effect" type="pytest.skip">src/pymortests/grid.py:281: &lt;py._xmlgen.raw object at 0x7fb29d69b0b8&gt;</skipped></testcase><testcase classname="src.pymortests.grid" file="src/pymortests/grid.py" line="281" name="test_neighbours_entry_value_range[&lt;lambda&gt;38]" time="0.00047397613525390625"><skipped message="Suite splitting in effect" type="pytest.skip">src/pymortests/grid.py:281: &lt;py._xmlgen.raw object at 0x7fb29d69bb38&gt;</skipped></testcase><testcase classname="src.pymortests.grid" file="src/pymortests/grid.py" line="281" name="test_neighbours_entry_value_range[&lt;lambda&gt;39]" time="0.0007359981536865234"><skipped message="Suite splitting in effect" type="pytest.skip">src/pymortests/grid.py:281: &lt;py._xmlgen.raw object at 0x7fb29d6a20b8&gt;</skipped></testcase><testcase classname="src.pymortests.grid" file="src/pymortests/grid.py" line="281" name="test_neighbours_entry_value_range[&lt;lambda&gt;40]" time="0.0004181861877441406"><skipped message="Suite splitting in effect" type="pytest.skip">src/pymortests/grid.py:281: &lt;py._xmlgen.raw object at 0x7fb29d69b278&gt;</skipped></testcase><testcase classname="src.pymortests.grid" file="src/pymortests/grid.py" line="281" name="test_neighbours_entry_value_range[&lt;lambda&gt;41]" time="0.00044417381286621094"><skipped message="Suite splitting in effect" type="pytest.skip">src/pymortests/grid.py:281: &lt;py._xmlgen.raw object at 0x7fb29d6fe400&gt;</skipped></testcase><testcase classname="src.pymortests.grid" file="src/pymortests/grid.py" line="281" name="test_neighbours_entry_value_range[&lt;lambda&gt;42]" time="0.00042724609375"><skipped message="Suite splitting in effect" type="pytest.skip">src/pymortests/grid.py:281: &lt;py._xmlgen.raw object at 0x7fb29d748438&gt;</skipped></testcase><testcase classname="src.pymortests.grid" file="src/pymortests/grid.py" line="289" name="test_neighbours_entry_values_unique[&lt;lambda&gt;0]" time="0.00043272972106933594"><skipped message="Suite splitting in effect" type="pytest.skip">src/pymortests/grid.py:289: &lt;py._xmlgen.raw object at 0x7fb29d6e85c0&gt;</skipped></testcase><testcase classname="src.pymortests.grid" file="src/pymortests/grid.py" line="289" name="test_neighbours_entry_values_unique[&lt;lambda&gt;1]" time="0.00044536590576171875"><skipped message="Suite splitting in effect" type="pytest.skip">src/pymortests/grid.py:289: &lt;py._xmlgen.raw object at 0x7fb2c6fe1710&gt;</skipped></testcase><testcase classname="src.pymortests.grid" file="src/pymortests/grid.py" line="289" name="test_neighbours_entry_values_unique[&lt;lambda&gt;2]" time="0.0004189014434814453"><skipped message="Suite splitting in effect" type="pytest.skip">src/pymortests/grid.py:289: &lt;py._xmlgen.raw object at 0x7fb29d690128&gt;</skipped></testcase><testcase classname="src.pymortests.grid" file="src/pymortests/grid.py" line="289" name="test_neighbours_entry_values_unique[&lt;lambda&gt;3]" time="0.000438690185546875"><skipped message="Suite splitting in effect" type="pytest.skip">src/pymortests/grid.py:289: &lt;py._xmlgen.raw object at 0x7fb2c703d358&gt;</skipped></testcase><testcase classname="src.pymortests.grid" file="src/pymortests/grid.py" line="289" name="test_neighbours_entry_values_unique[&lt;lambda&gt;4]" time="0.0006940364837646484"><skipped message="Suite splitting in effect" type="pytest.skip">src/pymortests/grid.py:289: &lt;py._xmlgen.raw object at 0x7fb29d6a25f8&gt;</skipped></testcase><testcase classname="src.pymortests.grid" file="src/pymortests/grid.py" line="289" name="test_neighbours_entry_values_unique[&lt;lambda&gt;5]" time="0.00041961669921875"><skipped message="Suite splitting in effect" type="pytest.skip">src/pymortests/grid.py:289: &lt;py._xmlgen.raw object at 0x7fb29d690f98&gt;</skipped></testcase><testcase classname="src.pymortests.grid" file="src/pymortests/grid.py" line="289" name="test_neighbours_entry_values_unique[&lt;lambda&gt;6]" time="0.00041222572326660156"><skipped message="Suite splitting in effect" type="pytest.skip">src/pymortests/grid.py:289: &lt;py._xmlgen.raw object at 0x7fb2c6fe1710&gt;</skipped></testcase><testcase classname="src.pymortests.grid" file="src/pymortests/grid.py" line="289" name="test_neighbours_entry_values_unique[&lt;lambda&gt;7]" time="0.00041294097900390625"><skipped message="Suite splitting in effect" type="pytest.skip">src/pymortests/grid.py:289: &lt;py._xmlgen.raw object at 0x7fb29d6e1710&gt;</skipped></testcase><testcase classname="src.pymortests.grid" file="src/pymortests/grid.py" line="289" name="test_neighbours_entry_values_unique[&lt;lambda&gt;8]" time="0.0004382133483886719"><skipped message="Suite splitting in effect" type="pytest.skip">src/pymortests/grid.py:289: &lt;py._xmlgen.raw object at 0x7fb2c70513c8&gt;</skipped></testcase><testcase classname="src.pymortests.grid" file="src/pymortests/grid.py" line="289" name="test_neighbours_entry_values_unique[&lt;lambda&gt;9]" time="0.0003993511199951172"><skipped message="Suite splitting in effect" type="pytest.skip">src/pymortests/grid.py:289: &lt;py._xmlgen.raw object at 0x7fb29d69b9b0&gt;</skipped></testcase><testcase classname="src.pymortests.grid" file="src/pymortests/grid.py" line="289" name="test_neighbours_entry_values_unique[&lt;lambda&gt;10]" time="0.0004172325134277344"><skipped message="Suite splitting in effect" type="pytest.skip">src/pymortests/grid.py:289: &lt;py._xmlgen.raw object at 0x7fb29d69bf98&gt;</skipped></testcase><testcase classname="src.pymortests.grid" file="src/pymortests/grid.py" line="289" name="test_neighbours_entry_values_unique[&lt;lambda&gt;11]" time="0.0004475116729736328"><skipped message="Suite splitting in effect" type="pytest.skip">src/pymortests/grid.py:289: &lt;py._xmlgen.raw object at 0x7fb29d6a24a8&gt;</skipped></testcase><testcase classname="src.pymortests.grid" file="src/pymortests/grid.py" line="289" name="test_neighbours_entry_values_unique[&lt;lambda&gt;12]" time="0.0004215240478515625"><skipped message="Suite splitting in effect" type="pytest.skip">src/pymortests/grid.py:289: &lt;py._xmlgen.raw object at 0x7fb29d6a2c18&gt;</skipped></testcase><testcase classname="src.pymortests.grid" file="src/pymortests/grid.py" line="289" name="test_neighbours_entry_values_unique[&lt;lambda&gt;13]" time="0.0004112720489501953"><skipped message="Suite splitting in effect" type="pytest.skip">src/pymortests/grid.py:289: &lt;py._xmlgen.raw object at 0x7fb29d69bbe0&gt;</skipped></testcase><testcase classname="src.pymortests.grid" file="src/pymortests/grid.py" line="289" name="test_neighbours_entry_values_unique[&lt;lambda&gt;14]" time="0.000415802001953125"><skipped message="Suite splitting in effect" type="pytest.skip">src/pymortests/grid.py:289: &lt;py._xmlgen.raw object at 0x7fb2c7227208&gt;</skipped></testcase><testcase classname="src.pymortests.grid" file="src/pymortests/grid.py" line="289" name="test_neighbours_entry_values_unique[&lt;lambda&gt;15]" time="0.0004398822784423828"><skipped message="Suite splitting in effect" type="pytest.skip">src/pymortests/grid.py:289: &lt;py._xmlgen.raw object at 0x7fb29d6f4be0&gt;</skipped></testcase><testcase classname="src.pymortests.grid" file="src/pymortests/grid.py" line="289" name="test_neighbours_entry_values_unique[&lt;lambda&gt;16]" time="0.00044345855712890625"><skipped message="Suite splitting in effect" type="pytest.skip">src/pymortests/grid.py:289: &lt;py._xmlgen.raw object at 0x7fb2c701b9e8&gt;</skipped></testcase><testcase classname="src.pymortests.grid" file="src/pymortests/grid.py" line="289" name="test_neighbours_entry_values_unique[&lt;lambda&gt;17]" time="0.000415802001953125"><skipped message="Suite splitting in effect" type="pytest.skip">src/pymortests/grid.py:289: &lt;py._xmlgen.raw object at 0x7fb29d690f60&gt;</skipped></testcase><testcase classname="src.pymortests.grid" file="src/pymortests/grid.py" line="289" name="test_neighbours_entry_values_unique[&lt;lambda&gt;18]" time="0.0004317760467529297"><skipped message="Suite splitting in effect" type="pytest.skip">src/pymortests/grid.py:289: &lt;py._xmlgen.raw object at 0x7fb29d6a2c88&gt;</skipped></testcase><testcase classname="src.pymortests.grid" file="src/pymortests/grid.py" line="289" name="test_neighbours_entry_values_unique[&lt;lambda&gt;19]" time="0.00042748451232910156"><skipped message="Suite splitting in effect" type="pytest.skip">src/pymortests/grid.py:289: &lt;py._xmlgen.raw object at 0x7fb29d6a2780&gt;</skipped></testcase><testcase classname="src.pymortests.grid" file="src/pymortests/grid.py" line="289" name="test_neighbours_entry_values_unique[&lt;lambda&gt;20]" time="0.0004584789276123047"><skipped message="Suite splitting in effect" type="pytest.skip">src/pymortests/grid.py:289: &lt;py._xmlgen.raw object at 0x7fb29d6ae160&gt;</skipped></testcase><testcase classname="src.pymortests.grid" file="src/pymortests/grid.py" line="289" name="test_neighbours_entry_values_unique[&lt;lambda&gt;21]" time="0.00047087669372558594"><skipped message="Suite splitting in effect" type="pytest.skip">src/pymortests/grid.py:289: &lt;py._xmlgen.raw object at 0x7fb29d6f49b0&gt;</skipped></testcase><testcase classname="src.pymortests.grid" file="src/pymortests/grid.py" line="289" name="test_neighbours_entry_values_unique[&lt;lambda&gt;22]" time="0.0004162788391113281"><skipped message="Suite splitting in effect" type="pytest.skip">src/pymortests/grid.py:289: &lt;py._xmlgen.raw object at 0x7fb2c7003630&gt;</skipped></testcase><testcase classname="src.pymortests.grid" file="src/pymortests/grid.py" line="289" name="test_neighbours_entry_values_unique[&lt;lambda&gt;23]" time="0.0004935264587402344"><skipped message="Suite splitting in effect" type="pytest.skip">src/pymortests/grid.py:289: &lt;py._xmlgen.raw object at 0x7fb29d6a29b0&gt;</skipped></testcase><testcase classname="src.pymortests.grid" file="src/pymortests/grid.py" line="289" name="test_neighbours_entry_values_unique[&lt;lambda&gt;24]" time="0.0004165172576904297"><skipped message="Suite splitting in effect" type="pytest.skip">src/pymortests/grid.py:289: &lt;py._xmlgen.raw object at 0x7fb29d6a2b38&gt;</skipped></testcase><testcase classname="src.pymortests.grid" file="src/pymortests/grid.py" line="289" name="test_neighbours_entry_values_unique[&lt;lambda&gt;25]" time="0.00041604042053222656"><skipped message="Suite splitting in effect" type="pytest.skip">src/pymortests/grid.py:289: &lt;py._xmlgen.raw object at 0x7fb29d69bba8&gt;</skipped></testcase><testcase classname="src.pymortests.grid" file="src/pymortests/grid.py" line="289" name="test_neighbours_entry_values_unique[&lt;lambda&gt;26]" time="0.0004239082336425781"><skipped message="Suite splitting in effect" type="pytest.skip">src/pymortests/grid.py:289: &lt;py._xmlgen.raw object at 0x7fb29d69b940&gt;</skipped></testcase><testcase classname="src.pymortests.grid" file="src/pymortests/grid.py" line="289" name="test_neighbours_entry_values_unique[&lt;lambda&gt;27]" time="0.0004773139953613281"><skipped message="Suite splitting in effect" type="pytest.skip">src/pymortests/grid.py:289: &lt;py._xmlgen.raw object at 0x7fb29d690a58&gt;</skipped></testcase><testcase classname="src.pymortests.grid" file="src/pymortests/grid.py" line="289" name="test_neighbours_entry_values_unique[&lt;lambda&gt;28]" time="0.0004475116729736328"><skipped message="Suite splitting in effect" type="pytest.skip">src/pymortests/grid.py:289: &lt;py._xmlgen.raw object at 0x7fb29d6fef98&gt;</skipped></testcase><testcase classname="src.pymortests.grid" file="src/pymortests/grid.py" line="289" name="test_neighbours_entry_values_unique[&lt;lambda&gt;29]" time="0.0007686614990234375"><skipped message="Suite splitting in effect" type="pytest.skip">src/pymortests/grid.py:289: &lt;py._xmlgen.raw object at 0x7fb29d690eb8&gt;</skipped></testcase><testcase classname="src.pymortests.grid" file="src/pymortests/grid.py" line="289" name="test_neighbours_entry_values_unique[&lt;lambda&gt;30]" time="0.0004200935363769531"><skipped message="Suite splitting in effect" type="pytest.skip">src/pymortests/grid.py:289: &lt;py._xmlgen.raw object at 0x7fb29d69b908&gt;</skipped></testcase><testcase classname="src.pymortests.grid" file="src/pymortests/grid.py" line="289" name="test_neighbours_entry_values_unique[&lt;lambda&gt;31]" time="0.00042700767517089844"><skipped message="Suite splitting in effect" type="pytest.skip">src/pymortests/grid.py:289: &lt;py._xmlgen.raw object at 0x7fb29d6a2860&gt;</skipped></testcase><testcase classname="src.pymortests.grid" file="src/pymortests/grid.py" line="289" name="test_neighbours_entry_values_unique[&lt;lambda&gt;32]" time="0.0004279613494873047"><skipped message="Suite splitting in effect" type="pytest.skip">src/pymortests/grid.py:289: &lt;py._xmlgen.raw object at 0x7fb29d6a2a58&gt;</skipped></testcase><testcase classname="src.pymortests.grid" file="src/pymortests/grid.py" line="289" name="test_neighbours_entry_values_unique[&lt;lambda&gt;33]" time="0.00041604042053222656"><skipped message="Suite splitting in effect" type="pytest.skip">src/pymortests/grid.py:289: &lt;py._xmlgen.raw object at 0x7fb2c7003978&gt;</skipped></testcase><testcase classname="src.pymortests.grid" file="src/pymortests/grid.py" line="289" name="test_neighbours_entry_values_unique[&lt;lambda&gt;34]" time="0.00044989585876464844"><skipped message="Suite splitting in effect" type="pytest.skip">src/pymortests/grid.py:289: &lt;py._xmlgen.raw object at 0x7fb2c7051668&gt;</skipped></testcase><testcase classname="src.pymortests.grid" file="src/pymortests/grid.py" line="289" name="test_neighbours_entry_values_unique[&lt;lambda&gt;35]" time="0.00046253204345703125"><skipped message="Suite splitting in effect" type="pytest.skip">src/pymortests/grid.py:289: &lt;py._xmlgen.raw object at 0x7fb2c6fe1b00&gt;</skipped></testcase><testcase classname="src.pymortests.grid" file="src/pymortests/grid.py" line="289" name="test_neighbours_entry_values_unique[&lt;lambda&gt;36]" time="0.00044798851013183594"><skipped message="Suite splitting in effect" type="pytest.skip">src/pymortests/grid.py:289: &lt;py._xmlgen.raw object at 0x7fb29d72ab00&gt;</skipped></testcase><testcase classname="src.pymortests.grid" file="src/pymortests/grid.py" line="289" name="test_neighbours_entry_values_unique[&lt;lambda&gt;37]" time="0.000476837158203125"><skipped message="Suite splitting in effect" type="pytest.skip">src/pymortests/grid.py:289: &lt;py._xmlgen.raw object at 0x7fb29d715240&gt;</skipped></testcase><testcase classname="src.pymortests.grid" file="src/pymortests/grid.py" line="289" name="test_neighbours_entry_values_unique[&lt;lambda&gt;38]" time="0.00049591064453125"><skipped message="Suite splitting in effect" type="pytest.skip">src/pymortests/grid.py:289: &lt;py._xmlgen.raw object at 0x7fb2c707b6d8&gt;</skipped></testcase><testcase classname="src.pymortests.grid" file="src/pymortests/grid.py" line="289" name="test_neighbours_entry_values_unique[&lt;lambda&gt;39]" time="0.00045871734619140625"><skipped message="Suite splitting in effect" type="pytest.skip">src/pymortests/grid.py:289: &lt;py._xmlgen.raw object at 0x7fb2c702f9e8&gt;</skipped></testcase><testcase classname="src.pymortests.grid" file="src/pymortests/grid.py" line="289" name="test_neighbours_entry_values_unique[&lt;lambda&gt;40]" time="0.00047278404235839844"><skipped message="Suite splitting in effect" type="pytest.skip">src/pymortests/grid.py:289: &lt;py._xmlgen.raw object at 0x7fb2c70034e0&gt;</skipped></testcase><testcase classname="src.pymortests.grid" file="src/pymortests/grid.py" line="289" name="test_neighbours_entry_values_unique[&lt;lambda&gt;41]" time="0.00045943260192871094"><skipped message="Suite splitting in effect" type="pytest.skip">src/pymortests/grid.py:289: &lt;py._xmlgen.raw object at 0x7fb29d6a2b38&gt;</skipped></testcase><testcase classname="src.pymortests.grid" file="src/pymortests/grid.py" line="289" name="test_neighbours_entry_values_unique[&lt;lambda&gt;42]" time="0.00044536590576171875"><skipped message="Suite splitting in effect" type="pytest.skip">src/pymortests/grid.py:289: &lt;py._xmlgen.raw object at 0x7fb29d69b518&gt;</skipped></testcase><testcase classname="src.pymortests.grid" file="src/pymortests/grid.py" line="298" name="test_neighbours_each_entry_neighbour[&lt;lambda&gt;0]" time="0.0004417896270751953"><skipped message="Suite splitting in effect" type="pytest.skip">src/pymortests/grid.py:298: &lt;py._xmlgen.raw object at 0x7fb29d69b198&gt;</skipped></testcase><testcase classname="src.pymortests.grid" file="src/pymortests/grid.py" line="298" name="test_neighbours_each_entry_neighbour[&lt;lambda&gt;1]" time="0.0005118846893310547"><skipped message="Suite splitting in effect" type="pytest.skip">src/pymortests/grid.py:298: &lt;py._xmlgen.raw object at 0x7fb29d6ae048&gt;</skipped></testcase><testcase classname="src.pymortests.grid" file="src/pymortests/grid.py" line="298" name="test_neighbours_each_entry_neighbour[&lt;lambda&gt;2]" time="0.0007607936859130859"><skipped message="Suite splitting in effect" type="pytest.skip">src/pymortests/grid.py:298: &lt;py._xmlgen.raw object at 0x7fb29d6ae860&gt;</skipped></testcase><testcase classname="src.pymortests.grid" file="src/pymortests/grid.py" line="298" name="test_neighbours_each_entry_neighbour[&lt;lambda&gt;3]" time="0.0004506111145019531"><skipped message="Suite splitting in effect" type="pytest.skip">src/pymortests/grid.py:298: &lt;py._xmlgen.raw object at 0x7fb29d69b630&gt;</skipped></testcase><testcase classname="src.pymortests.grid" file="src/pymortests/grid.py" line="298" name="test_neighbours_each_entry_neighbour[&lt;lambda&gt;4]" time="0.0005500316619873047"><skipped message="Suite splitting in effect" type="pytest.skip">src/pymortests/grid.py:298: &lt;py._xmlgen.raw object at 0x7fb29d6a2eb8&gt;</skipped></testcase><testcase classname="src.pymortests.grid" file="src/pymortests/grid.py" line="298" name="test_neighbours_each_entry_neighbour[&lt;lambda&gt;5]" time="0.0004432201385498047"><skipped message="Suite splitting in effect" type="pytest.skip">src/pymortests/grid.py:298: &lt;py._xmlgen.raw object at 0x7fb2c6ff0ac8&gt;</skipped></testcase><testcase classname="src.pymortests.grid" file="src/pymortests/grid.py" line="298" name="test_neighbours_each_entry_neighbour[&lt;lambda&gt;6]" time="0.0004436969757080078"><skipped message="Suite splitting in effect" type="pytest.skip">src/pymortests/grid.py:298: &lt;py._xmlgen.raw object at 0x7fb2c701bdd8&gt;</skipped></testcase><testcase classname="src.pymortests.grid" file="src/pymortests/grid.py" line="298" name="test_neighbours_each_entry_neighbour[&lt;lambda&gt;7]" time="0.0004341602325439453"><skipped message="Suite splitting in effect" type="pytest.skip">src/pymortests/grid.py:298: &lt;py._xmlgen.raw object at 0x7fb29d6fef28&gt;</skipped></testcase><testcase classname="src.pymortests.grid" file="src/pymortests/grid.py" line="298" name="test_neighbours_each_entry_neighbour[&lt;lambda&gt;8]" time="0.0004420280456542969"><skipped message="Suite splitting in effect" type="pytest.skip">src/pymortests/grid.py:298: &lt;py._xmlgen.raw object at 0x7fb29d6ae4a8&gt;</skipped></testcase><testcase classname="src.pymortests.grid" file="src/pymortests/grid.py" line="298" name="test_neighbours_each_entry_neighbour[&lt;lambda&gt;9]" time="0.0004134178161621094"><skipped message="Suite splitting in effect" type="pytest.skip">src/pymortests/grid.py:298: &lt;py._xmlgen.raw object at 0x7fb29d6ae048&gt;</skipped></testcase><testcase classname="src.pymortests.grid" file="src/pymortests/grid.py" line="298" name="test_neighbours_each_entry_neighbour[&lt;lambda&gt;10]" time="0.0004413127899169922"><skipped message="Suite splitting in effect" type="pytest.skip">src/pymortests/grid.py:298: &lt;py._xmlgen.raw object at 0x7fb29d6aeda0&gt;</skipped></testcase><testcase classname="src.pymortests.grid" file="src/pymortests/grid.py" line="298" name="test_neighbours_each_entry_neighbour[&lt;lambda&gt;11]" time="0.00043511390686035156"><skipped message="Suite splitting in effect" type="pytest.skip">src/pymortests/grid.py:298: &lt;py._xmlgen.raw object at 0x7fb29d6fef98&gt;</skipped></testcase><testcase classname="src.pymortests.grid" file="src/pymortests/grid.py" line="298" name="test_neighbours_each_entry_neighbour[&lt;lambda&gt;12]" time="0.0004367828369140625"><skipped message="Suite splitting in effect" type="pytest.skip">src/pymortests/grid.py:298: &lt;py._xmlgen.raw object at 0x7fb2c7003d68&gt;</skipped></testcase><testcase classname="src.pymortests.grid" file="src/pymortests/grid.py" line="298" name="test_neighbours_each_entry_neighbour[&lt;lambda&gt;13]" time="0.000457763671875"><skipped message="Suite splitting in effect" type="pytest.skip">src/pymortests/grid.py:298: &lt;py._xmlgen.raw object at 0x7fb29d6a2f98&gt;</skipped></testcase><testcase classname="src.pymortests.grid" file="src/pymortests/grid.py" line="298" name="test_neighbours_each_entry_neighbour[&lt;lambda&gt;14]" time="0.00044274330139160156"><skipped message="Suite splitting in effect" type="pytest.skip">src/pymortests/grid.py:298: &lt;py._xmlgen.raw object at 0x7fb2c6fa3898&gt;</skipped></testcase><testcase classname="src.pymortests.grid" file="src/pymortests/grid.py" line="298" name="test_neighbours_each_entry_neighbour[&lt;lambda&gt;15]" time="0.00044417381286621094"><skipped message="Suite splitting in effect" type="pytest.skip">src/pymortests/grid.py:298: &lt;py._xmlgen.raw object at 0x7fb29d69b630&gt;</skipped></testcase><testcase classname="src.pymortests.grid" file="src/pymortests/grid.py" line="298" name="test_neighbours_each_entry_neighbour[&lt;lambda&gt;16]" time="0.0004177093505859375"><skipped message="Suite splitting in effect" type="pytest.skip">src/pymortests/grid.py:298: &lt;py._xmlgen.raw object at 0x7fb29d6aeda0&gt;</skipped></testcase><testcase classname="src.pymortests.grid" file="src/pymortests/grid.py" line="298" name="test_neighbours_each_entry_neighbour[&lt;lambda&gt;17]" time="0.00042128562927246094"><skipped message="Suite splitting in effect" type="pytest.skip">src/pymortests/grid.py:298: &lt;py._xmlgen.raw object at 0x7fb29d6ae668&gt;</skipped></testcase><testcase classname="src.pymortests.grid" file="src/pymortests/grid.py" line="298" name="test_neighbours_each_entry_neighbour[&lt;lambda&gt;18]" time="0.00044155120849609375"><skipped message="Suite splitting in effect" type="pytest.skip">src/pymortests/grid.py:298: &lt;py._xmlgen.raw object at 0x7fb29d6bf2e8&gt;</skipped></testcase><testcase classname="src.pymortests.grid" file="src/pymortests/grid.py" line="298" name="test_neighbours_each_entry_neighbour[&lt;lambda&gt;19]" time="0.000736236572265625"><skipped message="Suite splitting in effect" type="pytest.skip">src/pymortests/grid.py:298: &lt;py._xmlgen.raw object at 0x7fb29d6aecc0&gt;</skipped></testcase><testcase classname="src.pymortests.grid" file="src/pymortests/grid.py" line="298" name="test_neighbours_each_entry_neighbour[&lt;lambda&gt;20]" time="0.0004096031188964844"><skipped message="Suite splitting in effect" type="pytest.skip">src/pymortests/grid.py:298: &lt;py._xmlgen.raw object at 0x7fb29d69b198&gt;</skipped></testcase><testcase classname="src.pymortests.grid" file="src/pymortests/grid.py" line="298" name="test_neighbours_each_entry_neighbour[&lt;lambda&gt;21]" time="0.00043845176696777344"><skipped message="Suite splitting in effect" type="pytest.skip">src/pymortests/grid.py:298: &lt;py._xmlgen.raw object at 0x7fb2c6fa3550&gt;</skipped></testcase><testcase classname="src.pymortests.grid" file="src/pymortests/grid.py" line="298" name="test_neighbours_each_entry_neighbour[&lt;lambda&gt;22]" time="0.0004172325134277344"><skipped message="Suite splitting in effect" type="pytest.skip">src/pymortests/grid.py:298: &lt;py._xmlgen.raw object at 0x7fb29d6a2f28&gt;</skipped></testcase><testcase classname="src.pymortests.grid" file="src/pymortests/grid.py" line="298" name="test_neighbours_each_entry_neighbour[&lt;lambda&gt;23]" time="0.0004029273986816406"><skipped message="Suite splitting in effect" type="pytest.skip">src/pymortests/grid.py:298: &lt;py._xmlgen.raw object at 0x7fb2c7003d68&gt;</skipped></testcase><testcase classname="src.pymortests.grid" file="src/pymortests/grid.py" line="298" name="test_neighbours_each_entry_neighbour[&lt;lambda&gt;24]" time="0.0004680156707763672"><skipped message="Suite splitting in effect" type="pytest.skip">src/pymortests/grid.py:298: &lt;py._xmlgen.raw object at 0x7fb2c6fe1908&gt;</skipped></testcase><testcase classname="src.pymortests.grid" file="src/pymortests/grid.py" line="298" name="test_neighbours_each_entry_neighbour[&lt;lambda&gt;25]" time="0.00040984153747558594"><skipped message="Suite splitting in effect" type="pytest.skip">src/pymortests/grid.py:298: &lt;py._xmlgen.raw object at 0x7fb29d6bf358&gt;</skipped></testcase><testcase classname="src.pymortests.grid" file="src/pymortests/grid.py" line="298" name="test_neighbours_each_entry_neighbour[&lt;lambda&gt;26]" time="0.00044035911560058594"><skipped message="Suite splitting in effect" type="pytest.skip">src/pymortests/grid.py:298: &lt;py._xmlgen.raw object at 0x7fb29d6bf828&gt;</skipped></testcase><testcase classname="src.pymortests.grid" file="src/pymortests/grid.py" line="298" name="test_neighbours_each_entry_neighbour[&lt;lambda&gt;27]" time="0.0007009506225585938"><skipped message="Suite splitting in effect" type="pytest.skip">src/pymortests/grid.py:298: &lt;py._xmlgen.raw object at 0x7fb29d72ae48&gt;</skipped></testcase><testcase classname="src.pymortests.grid" file="src/pymortests/grid.py" line="298" name="test_neighbours_each_entry_neighbour[&lt;lambda&gt;28]" time="0.00042819976806640625"><skipped message="Suite splitting in effect" type="pytest.skip">src/pymortests/grid.py:298: &lt;py._xmlgen.raw object at 0x7fb2c702f4a8&gt;</skipped></testcase><testcase classname="src.pymortests.grid" file="src/pymortests/grid.py" line="298" name="test_neighbours_each_entry_neighbour[&lt;lambda&gt;29]" time="0.0004763603210449219"><skipped message="Suite splitting in effect" type="pytest.skip">src/pymortests/grid.py:298: &lt;py._xmlgen.raw object at 0x7fb29d6a2a58&gt;</skipped></testcase><testcase classname="src.pymortests.grid" file="src/pymortests/grid.py" line="298" name="test_neighbours_each_entry_neighbour[&lt;lambda&gt;30]" time="0.0004227161407470703"><skipped message="Suite splitting in effect" type="pytest.skip">src/pymortests/grid.py:298: &lt;py._xmlgen.raw object at 0x7fb2c6fa3748&gt;</skipped></testcase><testcase classname="src.pymortests.grid" file="src/pymortests/grid.py" line="298" name="test_neighbours_each_entry_neighbour[&lt;lambda&gt;31]" time="0.00041556358337402344"><skipped message="Suite splitting in effect" type="pytest.skip">src/pymortests/grid.py:298: &lt;py._xmlgen.raw object at 0x7fb29d69b198&gt;</skipped></testcase><testcase classname="src.pymortests.grid" file="src/pymortests/grid.py" line="298" name="test_neighbours_each_entry_neighbour[&lt;lambda&gt;32]" time="0.00044846534729003906"><skipped message="Suite splitting in effect" type="pytest.skip">src/pymortests/grid.py:298: &lt;py._xmlgen.raw object at 0x7fb29d6bf128&gt;</skipped></testcase><testcase classname="src.pymortests.grid" file="src/pymortests/grid.py" line="298" name="test_neighbours_each_entry_neighbour[&lt;lambda&gt;33]" time="0.00041866302490234375"><skipped message="Suite splitting in effect" type="pytest.skip">src/pymortests/grid.py:298: &lt;py._xmlgen.raw object at 0x7fb29d6bf358&gt;</skipped></testcase><testcase classname="src.pymortests.grid" file="src/pymortests/grid.py" line="298" name="test_neighbours_each_entry_neighbour[&lt;lambda&gt;34]" time="0.0004298686981201172"><skipped message="Suite splitting in effect" type="pytest.skip">src/pymortests/grid.py:298: &lt;py._xmlgen.raw object at 0x7fb29d6c8128&gt;</skipped></testcase><testcase classname="src.pymortests.grid" file="src/pymortests/grid.py" line="298" name="test_neighbours_each_entry_neighbour[&lt;lambda&gt;35]" time="0.0007314682006835938"><skipped message="Suite splitting in effect" type="pytest.skip">src/pymortests/grid.py:298: &lt;py._xmlgen.raw object at 0x7fb29d6c8668&gt;</skipped></testcase><testcase classname="src.pymortests.grid" file="src/pymortests/grid.py" line="298" name="test_neighbours_each_entry_neighbour[&lt;lambda&gt;36]" time="0.0004317760467529297"><skipped message="Suite splitting in effect" type="pytest.skip">src/pymortests/grid.py:298: &lt;py._xmlgen.raw object at 0x7fb29d6bf5f8&gt;</skipped></testcase><testcase classname="src.pymortests.grid" file="src/pymortests/grid.py" line="298" name="test_neighbours_each_entry_neighbour[&lt;lambda&gt;37]" time="0.0004048347473144531"><skipped message="Suite splitting in effect" type="pytest.skip">src/pymortests/grid.py:298: &lt;py._xmlgen.raw object at 0x7fb29d6aecf8&gt;</skipped></testcase><testcase classname="src.pymortests.grid" file="src/pymortests/grid.py" line="298" name="test_neighbours_each_entry_neighbour[&lt;lambda&gt;38]" time="0.0004241466522216797"><skipped message="Suite splitting in effect" type="pytest.skip">src/pymortests/grid.py:298: &lt;py._xmlgen.raw object at 0x7fb2c6fa3b38&gt;</skipped></testcase><testcase classname="src.pymortests.grid" file="src/pymortests/grid.py" line="298" name="test_neighbours_each_entry_neighbour[&lt;lambda&gt;39]" time="0.0004134178161621094"><skipped message="Suite splitting in effect" type="pytest.skip">src/pymortests/grid.py:298: &lt;py._xmlgen.raw object at 0x7fb29d6a2a58&gt;</skipped></testcase><testcase classname="src.pymortests.grid" file="src/pymortests/grid.py" line="298" name="test_neighbours_each_entry_neighbour[&lt;lambda&gt;40]" time="0.0004029273986816406"><skipped message="Suite splitting in effect" type="pytest.skip">src/pymortests/grid.py:298: &lt;py._xmlgen.raw object at 0x7fb2c6fb4748&gt;</skipped></testcase><testcase classname="src.pymortests.grid" file="src/pymortests/grid.py" line="298" name="test_neighbours_each_entry_neighbour[&lt;lambda&gt;41]" time="0.00041961669921875"><skipped message="Suite splitting in effect" type="pytest.skip">src/pymortests/grid.py:298: &lt;py._xmlgen.raw object at 0x7fb29d6fec50&gt;</skipped></testcase><testcase classname="src.pymortests.grid" file="src/pymortests/grid.py" line="298" name="test_neighbours_each_entry_neighbour[&lt;lambda&gt;42]" time="0.00042247772216796875"><skipped message="Suite splitting in effect" type="pytest.skip">src/pymortests/grid.py:298: &lt;py._xmlgen.raw object at 0x7fb29d6c8160&gt;</skipped></testcase><testcase classname="src.pymortests.grid" file="src/pymortests/grid.py" line="314" name="test_neighbours_each_neighbour_has_entry[&lt;lambda&gt;0]" time="0.0007569789886474609"><skipped message="Suite splitting in effect" type="pytest.skip">src/pymortests/grid.py:314: &lt;py._xmlgen.raw object at 0x7fb29d6c8ba8&gt;</skipped></testcase><testcase classname="src.pymortests.grid" file="src/pymortests/grid.py" line="314" name="test_neighbours_each_neighbour_has_entry[&lt;lambda&gt;1]" time="0.0004582405090332031"><skipped message="Suite splitting in effect" type="pytest.skip">src/pymortests/grid.py:314: &lt;py._xmlgen.raw object at 0x7fb2c702f9e8&gt;</skipped></testcase><testcase classname="src.pymortests.grid" file="src/pymortests/grid.py" line="314" name="test_neighbours_each_neighbour_has_entry[&lt;lambda&gt;2]" time="0.0004558563232421875"><skipped message="Suite splitting in effect" type="pytest.skip">src/pymortests/grid.py:314: &lt;py._xmlgen.raw object at 0x7fb29d6a2b38&gt;</skipped></testcase><testcase classname="src.pymortests.grid" file="src/pymortests/grid.py" line="314" name="test_neighbours_each_neighbour_has_entry[&lt;lambda&gt;3]" time="0.00040221214294433594"><skipped message="Suite splitting in effect" type="pytest.skip">src/pymortests/grid.py:314: &lt;py._xmlgen.raw object at 0x7fb29d69b518&gt;</skipped></testcase><testcase classname="src.pymortests.grid" file="src/pymortests/grid.py" line="314" name="test_neighbours_each_neighbour_has_entry[&lt;lambda&gt;4]" time="0.0004189014434814453"><skipped message="Suite splitting in effect" type="pytest.skip">src/pymortests/grid.py:314: &lt;py._xmlgen.raw object at 0x7fb29d6ae2b0&gt;</skipped></testcase><testcase classname="src.pymortests.grid" file="src/pymortests/grid.py" line="314" name="test_neighbours_each_neighbour_has_entry[&lt;lambda&gt;5]" time="0.00045108795166015625"><skipped message="Suite splitting in effect" type="pytest.skip">src/pymortests/grid.py:314: &lt;py._xmlgen.raw object at 0x7fb29d6bff28&gt;</skipped></testcase><testcase classname="src.pymortests.grid" file="src/pymortests/grid.py" line="314" name="test_neighbours_each_neighbour_has_entry[&lt;lambda&gt;6]" time="0.00043654441833496094"><skipped message="Suite splitting in effect" type="pytest.skip">src/pymortests/grid.py:314: &lt;py._xmlgen.raw object at 0x7fb29d6c8898&gt;</skipped></testcase><testcase classname="src.pymortests.grid" file="src/pymortests/grid.py" line="314" name="test_neighbours_each_neighbour_has_entry[&lt;lambda&gt;7]" time="0.00044083595275878906"><skipped message="Suite splitting in effect" type="pytest.skip">src/pymortests/grid.py:314: &lt;py._xmlgen.raw object at 0x7fb29d6c84a8&gt;</skipped></testcase><testcase classname="src.pymortests.grid" file="src/pymortests/grid.py" line="314" name="test_neighbours_each_neighbour_has_entry[&lt;lambda&gt;8]" time="0.0004284381866455078"><skipped message="Suite splitting in effect" type="pytest.skip">src/pymortests/grid.py:314: &lt;py._xmlgen.raw object at 0x7fb29d651208&gt;</skipped></testcase><testcase classname="src.pymortests.grid" file="src/pymortests/grid.py" line="314" name="test_neighbours_each_neighbour_has_entry[&lt;lambda&gt;9]" time="0.00044035911560058594"><skipped message="Suite splitting in effect" type="pytest.skip">src/pymortests/grid.py:314: &lt;py._xmlgen.raw object at 0x7fb29d6c8780&gt;</skipped></testcase><testcase classname="src.pymortests.grid" file="src/pymortests/grid.py" line="314" name="test_neighbours_each_neighbour_has_entry[&lt;lambda&gt;10]" time="0.00040030479431152344"><skipped message="Suite splitting in effect" type="pytest.skip">src/pymortests/grid.py:314: &lt;py._xmlgen.raw object at 0x7fb29d6bf550&gt;</skipped></testcase><testcase classname="src.pymortests.grid" file="src/pymortests/grid.py" line="314" name="test_neighbours_each_neighbour_has_entry[&lt;lambda&gt;11]" time="0.0004291534423828125"><skipped message="Suite splitting in effect" type="pytest.skip">src/pymortests/grid.py:314: &lt;py._xmlgen.raw object at 0x7fb29d6aea90&gt;</skipped></testcase><testcase classname="src.pymortests.grid" file="src/pymortests/grid.py" line="314" name="test_neighbours_each_neighbour_has_entry[&lt;lambda&gt;12]" time="0.0004143714904785156"><skipped message="Suite splitting in effect" type="pytest.skip">src/pymortests/grid.py:314: &lt;py._xmlgen.raw object at 0x7fb2c6fa3748&gt;</skipped></testcase><testcase classname="src.pymortests.grid" file="src/pymortests/grid.py" line="314" name="test_neighbours_each_neighbour_has_entry[&lt;lambda&gt;13]" time="0.0005927085876464844"><skipped message="Suite splitting in effect" type="pytest.skip">src/pymortests/grid.py:314: &lt;py._xmlgen.raw object at 0x7fb2c6fc4da0&gt;</skipped></testcase><testcase classname="src.pymortests.grid" file="src/pymortests/grid.py" line="314" name="test_neighbours_each_neighbour_has_entry[&lt;lambda&gt;14]" time="0.00042128562927246094"><skipped message="Suite splitting in effect" type="pytest.skip">src/pymortests/grid.py:314: &lt;py._xmlgen.raw object at 0x7fb2c702f4a8&gt;</skipped></testcase><testcase classname="src.pymortests.grid" file="src/pymortests/grid.py" line="314" name="test_neighbours_each_neighbour_has_entry[&lt;lambda&gt;15]" time="0.00041294097900390625"><skipped message="Suite splitting in effect" type="pytest.skip">src/pymortests/grid.py:314: &lt;py._xmlgen.raw object at 0x7fb29d6512e8&gt;</skipped></testcase><testcase classname="src.pymortests.grid" file="src/pymortests/grid.py" line="314" name="test_neighbours_each_neighbour_has_entry[&lt;lambda&gt;16]" time="0.0003941059112548828"><skipped message="Suite splitting in effect" type="pytest.skip">src/pymortests/grid.py:314: &lt;py._xmlgen.raw object at 0x7fb29d651710&gt;</skipped></testcase><testcase classname="src.pymortests.grid" file="src/pymortests/grid.py" line="314" name="test_neighbours_each_neighbour_has_entry[&lt;lambda&gt;17]" time="0.0007550716400146484"><skipped message="Suite splitting in effect" type="pytest.skip">src/pymortests/grid.py:314: &lt;py._xmlgen.raw object at 0x7fb2c702fd30&gt;</skipped></testcase><testcase classname="src.pymortests.grid" file="src/pymortests/grid.py" line="314" name="test_neighbours_each_neighbour_has_entry[&lt;lambda&gt;18]" time="0.0004487037658691406"><skipped message="Suite splitting in effect" type="pytest.skip">src/pymortests/grid.py:314: &lt;py._xmlgen.raw object at 0x7fb2c6fc49b0&gt;</skipped></testcase><testcase classname="src.pymortests.grid" file="src/pymortests/grid.py" line="314" name="test_neighbours_each_neighbour_has_entry[&lt;lambda&gt;19]" time="0.0004215240478515625"><skipped message="Suite splitting in effect" type="pytest.skip">src/pymortests/grid.py:314: &lt;py._xmlgen.raw object at 0x7fb29d69b6d8&gt;</skipped></testcase><testcase classname="src.pymortests.grid" file="src/pymortests/grid.py" line="314" name="test_neighbours_each_neighbour_has_entry[&lt;lambda&gt;20]" time="0.0004169940948486328"><skipped message="Suite splitting in effect" type="pytest.skip">src/pymortests/grid.py:314: &lt;py._xmlgen.raw object at 0x7fb29d6bf9e8&gt;</skipped></testcase><testcase classname="src.pymortests.grid" file="src/pymortests/grid.py" line="314" name="test_neighbours_each_neighbour_has_entry[&lt;lambda&gt;21]" time="0.00043511390686035156"><skipped message="Suite splitting in effect" type="pytest.skip">src/pymortests/grid.py:314: &lt;py._xmlgen.raw object at 0x7fb29d6c8898&gt;</skipped></testcase><testcase classname="src.pymortests.grid" file="src/pymortests/grid.py" line="314" name="test_neighbours_each_neighbour_has_entry[&lt;lambda&gt;22]" time="0.0004265308380126953"><skipped message="Suite splitting in effect" type="pytest.skip">src/pymortests/grid.py:314: &lt;py._xmlgen.raw object at 0x7fb29d6c8f98&gt;</skipped></testcase><testcase classname="src.pymortests.grid" file="src/pymortests/grid.py" line="314" name="test_neighbours_each_neighbour_has_entry[&lt;lambda&gt;23]" time="0.000446319580078125"><skipped message="Suite splitting in effect" type="pytest.skip">src/pymortests/grid.py:314: &lt;py._xmlgen.raw object at 0x7fb29d6514e0&gt;</skipped></testcase><testcase classname="src.pymortests.grid" file="src/pymortests/grid.py" line="314" name="test_neighbours_each_neighbour_has_entry[&lt;lambda&gt;24]" time="0.0004341602325439453"><skipped message="Suite splitting in effect" type="pytest.skip">src/pymortests/grid.py:314: &lt;py._xmlgen.raw object at 0x7fb29d651c50&gt;</skipped></testcase><testcase classname="src.pymortests.grid" file="src/pymortests/grid.py" line="314" name="test_neighbours_each_neighbour_has_entry[&lt;lambda&gt;25]" time="0.0007040500640869141"><skipped message="Suite splitting in effect" type="pytest.skip">src/pymortests/grid.py:314: &lt;py._xmlgen.raw object at 0x7fb29d651c88&gt;</skipped></testcase><testcase classname="src.pymortests.grid" file="src/pymortests/grid.py" line="314" name="test_neighbours_each_neighbour_has_entry[&lt;lambda&gt;26]" time="0.00041484832763671875"><skipped message="Suite splitting in effect" type="pytest.skip">src/pymortests/grid.py:314: &lt;py._xmlgen.raw object at 0x7fb29d651828&gt;</skipped></testcase><testcase classname="src.pymortests.grid" file="src/pymortests/grid.py" line="314" name="test_neighbours_each_neighbour_has_entry[&lt;lambda&gt;27]" time="0.0004570484161376953"><skipped message="Suite splitting in effect" type="pytest.skip">src/pymortests/grid.py:314: &lt;py._xmlgen.raw object at 0x7fb29d6c89e8&gt;</skipped></testcase><testcase classname="src.pymortests.grid" file="src/pymortests/grid.py" line="314" name="test_neighbours_each_neighbour_has_entry[&lt;lambda&gt;28]" time="0.0004296302795410156"><skipped message="Suite splitting in effect" type="pytest.skip">src/pymortests/grid.py:314: &lt;py._xmlgen.raw object at 0x7fb29d6bf128&gt;</skipped></testcase><testcase classname="src.pymortests.grid" file="src/pymortests/grid.py" line="314" name="test_neighbours_each_neighbour_has_entry[&lt;lambda&gt;29]" time="0.0004241466522216797"><skipped message="Suite splitting in effect" type="pytest.skip">src/pymortests/grid.py:314: &lt;py._xmlgen.raw object at 0x7fb2c6fa35f8&gt;</skipped></testcase><testcase classname="src.pymortests.grid" file="src/pymortests/grid.py" line="314" name="test_neighbours_each_neighbour_has_entry[&lt;lambda&gt;30]" time="0.00043964385986328125"><skipped message="Suite splitting in effect" type="pytest.skip">src/pymortests/grid.py:314: &lt;py._xmlgen.raw object at 0x7fb2c6fc4cf8&gt;</skipped></testcase><testcase classname="src.pymortests.grid" file="src/pymortests/grid.py" line="314" name="test_neighbours_each_neighbour_has_entry[&lt;lambda&gt;31]" time="0.00041556358337402344"><skipped message="Suite splitting in effect" type="pytest.skip">src/pymortests/grid.py:314: &lt;py._xmlgen.raw object at 0x7fb29d748780&gt;</skipped></testcase><testcase classname="src.pymortests.grid" file="src/pymortests/grid.py" line="314" name="test_neighbours_each_neighbour_has_entry[&lt;lambda&gt;32]" time="0.00041866302490234375"><skipped message="Suite splitting in effect" type="pytest.skip">src/pymortests/grid.py:314: &lt;py._xmlgen.raw object at 0x7fb29d65c550&gt;</skipped></testcase><testcase classname="src.pymortests.grid" file="src/pymortests/grid.py" line="314" name="test_neighbours_each_neighbour_has_entry[&lt;lambda&gt;33]" time="0.0004222393035888672"><skipped message="Suite splitting in effect" type="pytest.skip">src/pymortests/grid.py:314: &lt;py._xmlgen.raw object at 0x7fb29d6a27f0&gt;</skipped></testcase><testcase classname="src.pymortests.grid" file="src/pymortests/grid.py" line="314" name="test_neighbours_each_neighbour_has_entry[&lt;lambda&gt;34]" time="0.0004162788391113281"><skipped message="Suite splitting in effect" type="pytest.skip">src/pymortests/grid.py:314: &lt;py._xmlgen.raw object at 0x7fb2c6fd9320&gt;</skipped></testcase><testcase classname="src.pymortests.grid" file="src/pymortests/grid.py" line="314" name="test_neighbours_each_neighbour_has_entry[&lt;lambda&gt;35]" time="0.0004334449768066406"><skipped message="Suite splitting in effect" type="pytest.skip">src/pymortests/grid.py:314: &lt;py._xmlgen.raw object at 0x7fb29d651a90&gt;</skipped></testcase><testcase classname="src.pymortests.grid" file="src/pymortests/grid.py" line="314" name="test_neighbours_each_neighbour_has_entry[&lt;lambda&gt;36]" time="0.00043964385986328125"><skipped message="Suite splitting in effect" type="pytest.skip">src/pymortests/grid.py:314: &lt;py._xmlgen.raw object at 0x7fb29d651ef0&gt;</skipped></testcase><testcase classname="src.pymortests.grid" file="src/pymortests/grid.py" line="314" name="test_neighbours_each_neighbour_has_entry[&lt;lambda&gt;37]" time="0.0004134178161621094"><skipped message="Suite splitting in effect" type="pytest.skip">src/pymortests/grid.py:314: &lt;py._xmlgen.raw object at 0x7fb29d6c8f60&gt;</skipped></testcase><testcase classname="src.pymortests.grid" file="src/pymortests/grid.py" line="314" name="test_neighbours_each_neighbour_has_entry[&lt;lambda&gt;38]" time="0.0004258155822753906"><skipped message="Suite splitting in effect" type="pytest.skip">src/pymortests/grid.py:314: &lt;py._xmlgen.raw object at 0x7fb29d6c8668&gt;</skipped></testcase><testcase classname="src.pymortests.grid" file="src/pymortests/grid.py" line="314" name="test_neighbours_each_neighbour_has_entry[&lt;lambda&gt;39]" time="0.0004265308380126953"><skipped message="Suite splitting in effect" type="pytest.skip">src/pymortests/grid.py:314: &lt;py._xmlgen.raw object at 0x7fb29d6bf710&gt;</skipped></testcase><testcase classname="src.pymortests.grid" file="src/pymortests/grid.py" line="314" name="test_neighbours_each_neighbour_has_entry[&lt;lambda&gt;40]" time="0.0004305839538574219"><skipped message="Suite splitting in effect" type="pytest.skip">src/pymortests/grid.py:314: &lt;py._xmlgen.raw object at 0x7fb29d6aecf8&gt;</skipped></testcase><testcase classname="src.pymortests.grid" file="src/pymortests/grid.py" line="314" name="test_neighbours_each_neighbour_has_entry[&lt;lambda&gt;41]" time="0.0004553794860839844"><skipped message="Suite splitting in effect" type="pytest.skip">src/pymortests/grid.py:314: &lt;py._xmlgen.raw object at 0x7fb29d756ef0&gt;</skipped></testcase><testcase classname="src.pymortests.grid" file="src/pymortests/grid.py" line="314" name="test_neighbours_each_neighbour_has_entry[&lt;lambda&gt;42]" time="0.00041866302490234375"><skipped message="Suite splitting in effect" type="pytest.skip">src/pymortests/grid.py:314: &lt;py._xmlgen.raw object at 0x7fb29d6ae898&gt;</skipped></testcase><testcase classname="src.pymortests.grid" file="src/pymortests/grid.py" line="335" name="test_neighbours_not_neighbour_of_itself[&lt;lambda&gt;0]" time="0.0004401206970214844"><skipped message="Suite splitting in effect" type="pytest.skip">src/pymortests/grid.py:335: &lt;py._xmlgen.raw object at 0x7fb29d6bf748&gt;</skipped></testcase><testcase classname="src.pymortests.grid" file="src/pymortests/grid.py" line="335" name="test_neighbours_not_neighbour_of_itself[&lt;lambda&gt;1]" time="0.0004420280456542969"><skipped message="Suite splitting in effect" type="pytest.skip">src/pymortests/grid.py:335: &lt;py._xmlgen.raw object at 0x7fb2c6f69278&gt;</skipped></testcase><testcase classname="src.pymortests.grid" file="src/pymortests/grid.py" line="335" name="test_neighbours_not_neighbour_of_itself[&lt;lambda&gt;2]" time="0.00045490264892578125"><skipped message="Suite splitting in effect" type="pytest.skip">src/pymortests/grid.py:335: &lt;py._xmlgen.raw object at 0x7fb29d6c8f98&gt;</skipped></testcase><testcase classname="src.pymortests.grid" file="src/pymortests/grid.py" line="335" name="test_neighbours_not_neighbour_of_itself[&lt;lambda&gt;3]" time="0.00042748451232910156"><skipped message="Suite splitting in effect" type="pytest.skip">src/pymortests/grid.py:335: &lt;py._xmlgen.raw object at 0x7fb29d651f28&gt;</skipped></testcase><testcase classname="src.pymortests.grid" file="src/pymortests/grid.py" line="335" name="test_neighbours_not_neighbour_of_itself[&lt;lambda&gt;4]" time="0.00042128562927246094"><skipped message="Suite splitting in effect" type="pytest.skip">src/pymortests/grid.py:335: &lt;py._xmlgen.raw object at 0x7fb29d651358&gt;</skipped></testcase><testcase classname="src.pymortests.grid" file="src/pymortests/grid.py" line="335" name="test_neighbours_not_neighbour_of_itself[&lt;lambda&gt;5]" time="0.000423431396484375"><skipped message="Suite splitting in effect" type="pytest.skip">src/pymortests/grid.py:335: &lt;py._xmlgen.raw object at 0x7fb2c6fd9a58&gt;</skipped></testcase><testcase classname="src.pymortests.grid" file="src/pymortests/grid.py" line="335" name="test_neighbours_not_neighbour_of_itself[&lt;lambda&gt;6]" time="0.00043320655822753906"><skipped message="Suite splitting in effect" type="pytest.skip">src/pymortests/grid.py:335: &lt;py._xmlgen.raw object at 0x7fb29d6fec50&gt;</skipped></testcase><testcase classname="src.pymortests.grid" file="src/pymortests/grid.py" line="335" name="test_neighbours_not_neighbour_of_itself[&lt;lambda&gt;7]" time="0.0007550716400146484"><skipped message="Suite splitting in effect" type="pytest.skip">src/pymortests/grid.py:335: &lt;py._xmlgen.raw object at 0x7fb2c6fa3208&gt;</skipped></testcase><testcase classname="src.pymortests.grid" file="src/pymortests/grid.py" line="335" name="test_neighbours_not_neighbour_of_itself[&lt;lambda&gt;8]" time="0.00041413307189941406"><skipped message="Suite splitting in effect" type="pytest.skip">src/pymortests/grid.py:335: &lt;py._xmlgen.raw object at 0x7fb29d651978&gt;</skipped></testcase><testcase classname="src.pymortests.grid" file="src/pymortests/grid.py" line="335" name="test_neighbours_not_neighbour_of_itself[&lt;lambda&gt;9]" time="0.0004336833953857422"><skipped message="Suite splitting in effect" type="pytest.skip">src/pymortests/grid.py:335: &lt;py._xmlgen.raw object at 0x7fb2c6f7c588&gt;</skipped></testcase><testcase classname="src.pymortests.grid" file="src/pymortests/grid.py" line="335" name="test_neighbours_not_neighbour_of_itself[&lt;lambda&gt;10]" time="0.0004131793975830078"><skipped message="Suite splitting in effect" type="pytest.skip">src/pymortests/grid.py:335: &lt;py._xmlgen.raw object at 0x7fb29d6c8cc0&gt;</skipped></testcase><testcase classname="src.pymortests.grid" file="src/pymortests/grid.py" line="335" name="test_neighbours_not_neighbour_of_itself[&lt;lambda&gt;11]" time="0.0004425048828125"><skipped message="Suite splitting in effect" type="pytest.skip">src/pymortests/grid.py:335: &lt;py._xmlgen.raw object at 0x7fb2c6fb44a8&gt;</skipped></testcase><testcase classname="src.pymortests.grid" file="src/pymortests/grid.py" line="335" name="test_neighbours_not_neighbour_of_itself[&lt;lambda&gt;12]" time="0.00047707557678222656"><skipped message="Suite splitting in effect" type="pytest.skip">src/pymortests/grid.py:335: &lt;py._xmlgen.raw object at 0x7fb29d6bfb70&gt;</skipped></testcase><testcase classname="src.pymortests.grid" file="src/pymortests/grid.py" line="335" name="test_neighbours_not_neighbour_of_itself[&lt;lambda&gt;13]" time="0.00042557716369628906"><skipped message="Suite splitting in effect" type="pytest.skip">src/pymortests/grid.py:335: &lt;py._xmlgen.raw object at 0x7fb29d6ae860&gt;</skipped></testcase><testcase classname="src.pymortests.grid" file="src/pymortests/grid.py" line="335" name="test_neighbours_not_neighbour_of_itself[&lt;lambda&gt;14]" time="0.0004570484161376953"><skipped message="Suite splitting in effect" type="pytest.skip">src/pymortests/grid.py:335: &lt;py._xmlgen.raw object at 0x7fb29d65c9e8&gt;</skipped></testcase><testcase classname="src.pymortests.grid" file="src/pymortests/grid.py" line="335" name="test_neighbours_not_neighbour_of_itself[&lt;lambda&gt;15]" time="0.0007266998291015625"><skipped message="Suite splitting in effect" type="pytest.skip">src/pymortests/grid.py:335: &lt;py._xmlgen.raw object at 0x7fb29d690828&gt;</skipped></testcase><testcase classname="src.pymortests.grid" file="src/pymortests/grid.py" line="335" name="test_neighbours_not_neighbour_of_itself[&lt;lambda&gt;16]" time="0.0004572868347167969"><skipped message="Suite splitting in effect" type="pytest.skip">src/pymortests/grid.py:335: &lt;py._xmlgen.raw object at 0x7fb29d6ae668&gt;</skipped></testcase><testcase classname="src.pymortests.grid" file="src/pymortests/grid.py" line="335" name="test_neighbours_not_neighbour_of_itself[&lt;lambda&gt;17]" time="0.0004496574401855469"><skipped message="Suite splitting in effect" type="pytest.skip">src/pymortests/grid.py:335: &lt;py._xmlgen.raw object at 0x7fb2c6fb4a90&gt;</skipped></testcase><testcase classname="src.pymortests.grid" file="src/pymortests/grid.py" line="335" name="test_neighbours_not_neighbour_of_itself[&lt;lambda&gt;18]" time="0.0004379749298095703"><skipped message="Suite splitting in effect" type="pytest.skip">src/pymortests/grid.py:335: &lt;py._xmlgen.raw object at 0x7fb29d6c84e0&gt;</skipped></testcase><testcase classname="src.pymortests.grid" file="src/pymortests/grid.py" line="335" name="test_neighbours_not_neighbour_of_itself[&lt;lambda&gt;19]" time="0.00042891502380371094"><skipped message="Suite splitting in effect" type="pytest.skip">src/pymortests/grid.py:335: &lt;py._xmlgen.raw object at 0x7fb2c6f7c6d8&gt;</skipped></testcase><testcase classname="src.pymortests.grid" file="src/pymortests/grid.py" line="335" name="test_neighbours_not_neighbour_of_itself[&lt;lambda&gt;20]" time="0.0004780292510986328"><skipped message="Suite splitting in effect" type="pytest.skip">src/pymortests/grid.py:335: &lt;py._xmlgen.raw object at 0x7fb29d651828&gt;</skipped></testcase><testcase classname="src.pymortests.grid" file="src/pymortests/grid.py" line="335" name="test_neighbours_not_neighbour_of_itself[&lt;lambda&gt;21]" time="0.0004923343658447266"><skipped message="Suite splitting in effect" type="pytest.skip">src/pymortests/grid.py:335: &lt;py._xmlgen.raw object at 0x7fb29d65c588&gt;</skipped></testcase><testcase classname="src.pymortests.grid" file="src/pymortests/grid.py" line="335" name="test_neighbours_not_neighbour_of_itself[&lt;lambda&gt;22]" time="0.00043320655822753906"><skipped message="Suite splitting in effect" type="pytest.skip">src/pymortests/grid.py:335: &lt;py._xmlgen.raw object at 0x7fb29d65cdd8&gt;</skipped></testcase><testcase classname="src.pymortests.grid" file="src/pymortests/grid.py" line="335" name="test_neighbours_not_neighbour_of_itself[&lt;lambda&gt;23]" time="0.0007672309875488281"><skipped message="Suite splitting in effect" type="pytest.skip">src/pymortests/grid.py:335: &lt;py._xmlgen.raw object at 0x7fb29d66d358&gt;</skipped></testcase><testcase classname="src.pymortests.grid" file="src/pymortests/grid.py" line="335" name="test_neighbours_not_neighbour_of_itself[&lt;lambda&gt;24]" time="0.0004284381866455078"><skipped message="Suite splitting in effect" type="pytest.skip">src/pymortests/grid.py:335: &lt;py._xmlgen.raw object at 0x7fb29d65ca90&gt;</skipped></testcase><testcase classname="src.pymortests.grid" file="src/pymortests/grid.py" line="335" name="test_neighbours_not_neighbour_of_itself[&lt;lambda&gt;25]" time="0.00045752525329589844"><skipped message="Suite splitting in effect" type="pytest.skip">src/pymortests/grid.py:335: &lt;py._xmlgen.raw object at 0x7fb29d651128&gt;</skipped></testcase><testcase classname="src.pymortests.grid" file="src/pymortests/grid.py" line="335" name="test_neighbours_not_neighbour_of_itself[&lt;lambda&gt;26]" time="0.0004124641418457031"><skipped message="Suite splitting in effect" type="pytest.skip">src/pymortests/grid.py:335: &lt;py._xmlgen.raw object at 0x7fb2c6f7c588&gt;</skipped></testcase><testcase classname="src.pymortests.grid" file="src/pymortests/grid.py" line="335" name="test_neighbours_not_neighbour_of_itself[&lt;lambda&gt;27]" time="0.0004639625549316406"><skipped message="Suite splitting in effect" type="pytest.skip">src/pymortests/grid.py:335: &lt;py._xmlgen.raw object at 0x7fb29d6c8c18&gt;</skipped></testcase><testcase classname="src.pymortests.grid" file="src/pymortests/grid.py" line="335" name="test_neighbours_not_neighbour_of_itself[&lt;lambda&gt;28]" time="0.00040411949157714844"><skipped message="Suite splitting in effect" type="pytest.skip">src/pymortests/grid.py:335: &lt;py._xmlgen.raw object at 0x7fb29d6bf240&gt;</skipped></testcase><testcase classname="src.pymortests.grid" file="src/pymortests/grid.py" line="335" name="test_neighbours_not_neighbour_of_itself[&lt;lambda&gt;29]" time="0.00041866302490234375"><skipped message="Suite splitting in effect" type="pytest.skip">src/pymortests/grid.py:335: &lt;py._xmlgen.raw object at 0x7fb29d6ae6d8&gt;</skipped></testcase><testcase classname="src.pymortests.grid" file="src/pymortests/grid.py" line="335" name="test_neighbours_not_neighbour_of_itself[&lt;lambda&gt;30]" time="0.0004169940948486328"><skipped message="Suite splitting in effect" type="pytest.skip">src/pymortests/grid.py:335: &lt;py._xmlgen.raw object at 0x7fb29d66d208&gt;</skipped></testcase><testcase classname="src.pymortests.grid" file="src/pymortests/grid.py" line="335" name="test_neighbours_not_neighbour_of_itself[&lt;lambda&gt;31]" time="0.0007305145263671875"><skipped message="Suite splitting in effect" type="pytest.skip">src/pymortests/grid.py:335: &lt;py._xmlgen.raw object at 0x7fb29d66d898&gt;</skipped></testcase><testcase classname="src.pymortests.grid" file="src/pymortests/grid.py" line="335" name="test_neighbours_not_neighbour_of_itself[&lt;lambda&gt;32]" time="0.00040435791015625"><skipped message="Suite splitting in effect" type="pytest.skip">src/pymortests/grid.py:335: &lt;py._xmlgen.raw object at 0x7fb29d6bfb00&gt;</skipped></testcase><testcase classname="src.pymortests.grid" file="src/pymortests/grid.py" line="335" name="test_neighbours_not_neighbour_of_itself[&lt;lambda&gt;33]" time="0.000453948974609375"><skipped message="Suite splitting in effect" type="pytest.skip">src/pymortests/grid.py:335: &lt;py._xmlgen.raw object at 0x7fb29d6c8748&gt;</skipped></testcase><testcase classname="src.pymortests.grid" file="src/pymortests/grid.py" line="335" name="test_neighbours_not_neighbour_of_itself[&lt;lambda&gt;34]" time="0.0004305839538574219"><skipped message="Suite splitting in effect" type="pytest.skip">src/pymortests/grid.py:335: &lt;py._xmlgen.raw object at 0x7fb2c6f7c8d0&gt;</skipped></testcase><testcase classname="src.pymortests.grid" file="src/pymortests/grid.py" line="335" name="test_neighbours_not_neighbour_of_itself[&lt;lambda&gt;35]" time="0.00046634674072265625"><skipped message="Suite splitting in effect" type="pytest.skip">src/pymortests/grid.py:335: &lt;py._xmlgen.raw object at 0x7fb29d6514e0&gt;</skipped></testcase><testcase classname="src.pymortests.grid" file="src/pymortests/grid.py" line="335" name="test_neighbours_not_neighbour_of_itself[&lt;lambda&gt;36]" time="0.0004189014434814453"><skipped message="Suite splitting in effect" type="pytest.skip">src/pymortests/grid.py:335: &lt;py._xmlgen.raw object at 0x7fb29d65ccc0&gt;</skipped></testcase><testcase classname="src.pymortests.grid" file="src/pymortests/grid.py" line="335" name="test_neighbours_not_neighbour_of_itself[&lt;lambda&gt;37]" time="0.0004448890686035156"><skipped message="Suite splitting in effect" type="pytest.skip">src/pymortests/grid.py:335: &lt;py._xmlgen.raw object at 0x7fb29d66d9b0&gt;</skipped></testcase><testcase classname="src.pymortests.grid" file="src/pymortests/grid.py" line="335" name="test_neighbours_not_neighbour_of_itself[&lt;lambda&gt;38]" time="0.0004980564117431641"><skipped message="Suite splitting in effect" type="pytest.skip">src/pymortests/grid.py:335: &lt;py._xmlgen.raw object at 0x7fb29d66d048&gt;</skipped></testcase><testcase classname="src.pymortests.grid" file="src/pymortests/grid.py" line="335" name="test_neighbours_not_neighbour_of_itself[&lt;lambda&gt;39]" time="0.0004582405090332031"><skipped message="Suite splitting in effect" type="pytest.skip">src/pymortests/grid.py:335: &lt;py._xmlgen.raw object at 0x7fb29d66deb8&gt;</skipped></testcase><testcase classname="src.pymortests.grid" file="src/pymortests/grid.py" line="335" name="test_neighbours_not_neighbour_of_itself[&lt;lambda&gt;40]" time="0.0004715919494628906"><skipped message="Suite splitting in effect" type="pytest.skip">src/pymortests/grid.py:335: &lt;py._xmlgen.raw object at 0x7fb29d66dda0&gt;</skipped></testcase><testcase classname="src.pymortests.grid" file="src/pymortests/grid.py" line="335" name="test_neighbours_not_neighbour_of_itself[&lt;lambda&gt;41]" time="0.00048804283142089844"><skipped message="Suite splitting in effect" type="pytest.skip">src/pymortests/grid.py:335: &lt;py._xmlgen.raw object at 0x7fb29d65cac8&gt;</skipped></testcase><testcase classname="src.pymortests.grid" file="src/pymortests/grid.py" line="335" name="test_neighbours_not_neighbour_of_itself[&lt;lambda&gt;42]" time="0.0004773139953613281"><skipped message="Suite splitting in effect" type="pytest.skip">src/pymortests/grid.py:335: &lt;py._xmlgen.raw object at 0x7fb2c6f8eac8&gt;</skipped></testcase><testcase classname="src.pymortests.grid" file="src/pymortests/grid.py" line="345" name="test_boundary_mask_wrong_arguments[&lt;lambda&gt;0]" time="0.0004723072052001953"><skipped message="Suite splitting in effect" type="pytest.skip">src/pymortests/grid.py:345: &lt;py._xmlgen.raw object at 0x7fb29d6518d0&gt;</skipped></testcase><testcase classname="src.pymortests.grid" file="src/pymortests/grid.py" line="345" name="test_boundary_mask_wrong_arguments[&lt;lambda&gt;1]" time="0.00048542022705078125"><skipped message="Suite splitting in effect" type="pytest.skip">src/pymortests/grid.py:345: &lt;py._xmlgen.raw object at 0x7fb2c6fd9da0&gt;</skipped></testcase><testcase classname="src.pymortests.grid" file="src/pymortests/grid.py" line="345" name="test_boundary_mask_wrong_arguments[&lt;lambda&gt;2]" time="0.0004165172576904297"><skipped message="Suite splitting in effect" type="pytest.skip">src/pymortests/grid.py:345: &lt;py._xmlgen.raw object at 0x7fb29d6c84e0&gt;</skipped></testcase><testcase classname="src.pymortests.grid" file="src/pymortests/grid.py" line="345" name="test_boundary_mask_wrong_arguments[&lt;lambda&gt;3]" time="0.0004241466522216797"><skipped message="Suite splitting in effect" type="pytest.skip">src/pymortests/grid.py:345: &lt;py._xmlgen.raw object at 0x7fb29d690f60&gt;</skipped></testcase><testcase classname="src.pymortests.grid" file="src/pymortests/grid.py" line="345" name="test_boundary_mask_wrong_arguments[&lt;lambda&gt;4]" time="0.00044989585876464844"><skipped message="Suite splitting in effect" type="pytest.skip">src/pymortests/grid.py:345: &lt;py._xmlgen.raw object at 0x7fb29d675400&gt;</skipped></testcase><testcase classname="src.pymortests.grid" file="src/pymortests/grid.py" line="345" name="test_boundary_mask_wrong_arguments[&lt;lambda&gt;5]" time="0.0007159709930419922"><skipped message="Suite splitting in effect" type="pytest.skip">src/pymortests/grid.py:345: &lt;py._xmlgen.raw object at 0x7fb29d6bf240&gt;</skipped></testcase><testcase classname="src.pymortests.grid" file="src/pymortests/grid.py" line="345" name="test_boundary_mask_wrong_arguments[&lt;lambda&gt;6]" time="0.0004544258117675781"><skipped message="Suite splitting in effect" type="pytest.skip">src/pymortests/grid.py:345: &lt;py._xmlgen.raw object at 0x7fb2c6fd9860&gt;</skipped></testcase><testcase classname="src.pymortests.grid" file="src/pymortests/grid.py" line="345" name="test_boundary_mask_wrong_arguments[&lt;lambda&gt;7]" time="0.00044345855712890625"><skipped message="Suite splitting in effect" type="pytest.skip">src/pymortests/grid.py:345: &lt;py._xmlgen.raw object at 0x7fb29d651860&gt;</skipped></testcase><testcase classname="src.pymortests.grid" file="src/pymortests/grid.py" line="345" name="test_boundary_mask_wrong_arguments[&lt;lambda&gt;8]" time="0.0004222393035888672"><skipped message="Suite splitting in effect" type="pytest.skip">src/pymortests/grid.py:345: &lt;py._xmlgen.raw object at 0x7fb2c6f8ea20&gt;</skipped></testcase><testcase classname="src.pymortests.grid" file="src/pymortests/grid.py" line="345" name="test_boundary_mask_wrong_arguments[&lt;lambda&gt;9]" time="0.0004372596740722656"><skipped message="Suite splitting in effect" type="pytest.skip">src/pymortests/grid.py:345: &lt;py._xmlgen.raw object at 0x7fb29d66d668&gt;</skipped></testcase><testcase classname="src.pymortests.grid" file="src/pymortests/grid.py" line="345" name="test_boundary_mask_wrong_arguments[&lt;lambda&gt;10]" time="0.0004260540008544922"><skipped message="Suite splitting in effect" type="pytest.skip">src/pymortests/grid.py:345: &lt;py._xmlgen.raw object at 0x7fb29d66db38&gt;</skipped></testcase><testcase classname="src.pymortests.grid" file="src/pymortests/grid.py" line="345" name="test_boundary_mask_wrong_arguments[&lt;lambda&gt;11]" time="0.0004215240478515625"><skipped message="Suite splitting in effect" type="pytest.skip">src/pymortests/grid.py:345: &lt;py._xmlgen.raw object at 0x7fb29d675400&gt;</skipped></testcase><testcase classname="src.pymortests.grid" file="src/pymortests/grid.py" line="345" name="test_boundary_mask_wrong_arguments[&lt;lambda&gt;12]" time="0.00041794776916503906"><skipped message="Suite splitting in effect" type="pytest.skip">src/pymortests/grid.py:345: &lt;py._xmlgen.raw object at 0x7fb29d675940&gt;</skipped></testcase><testcase classname="src.pymortests.grid" file="src/pymortests/grid.py" line="345" name="test_boundary_mask_wrong_arguments[&lt;lambda&gt;13]" time="0.0007138252258300781"><skipped message="Suite splitting in effect" type="pytest.skip">src/pymortests/grid.py:345: &lt;py._xmlgen.raw object at 0x7fb29d66d0f0&gt;</skipped></testcase><testcase classname="src.pymortests.grid" file="src/pymortests/grid.py" line="345" name="test_boundary_mask_wrong_arguments[&lt;lambda&gt;14]" time="0.0004284381866455078"><skipped message="Suite splitting in effect" type="pytest.skip">src/pymortests/grid.py:345: &lt;py._xmlgen.raw object at 0x7fb29d66db00&gt;</skipped></testcase><testcase classname="src.pymortests.grid" file="src/pymortests/grid.py" line="345" name="test_boundary_mask_wrong_arguments[&lt;lambda&gt;15]" time="0.0004012584686279297"><skipped message="Suite splitting in effect" type="pytest.skip">src/pymortests/grid.py:345: &lt;py._xmlgen.raw object at 0x7fb2c6f8e828&gt;</skipped></testcase><testcase classname="src.pymortests.grid" file="src/pymortests/grid.py" line="345" name="test_boundary_mask_wrong_arguments[&lt;lambda&gt;16]" time="0.00044536590576171875"><skipped message="Suite splitting in effect" type="pytest.skip">src/pymortests/grid.py:345: &lt;py._xmlgen.raw object at 0x7fb2c6f7cfd0&gt;</skipped></testcase><testcase classname="src.pymortests.grid" file="src/pymortests/grid.py" line="345" name="test_boundary_mask_wrong_arguments[&lt;lambda&gt;17]" time="0.00043320655822753906"><skipped message="Suite splitting in effect" type="pytest.skip">src/pymortests/grid.py:345: &lt;py._xmlgen.raw object at 0x7fb2c6f1bdd8&gt;</skipped></testcase><testcase classname="src.pymortests.grid" file="src/pymortests/grid.py" line="345" name="test_boundary_mask_wrong_arguments[&lt;lambda&gt;18]" time="0.00044035911560058594"><skipped message="Suite splitting in effect" type="pytest.skip">src/pymortests/grid.py:345: &lt;py._xmlgen.raw object at 0x7fb29d675a20&gt;</skipped></testcase><testcase classname="src.pymortests.grid" file="src/pymortests/grid.py" line="345" name="test_boundary_mask_wrong_arguments[&lt;lambda&gt;19]" time="0.00042629241943359375"><skipped message="Suite splitting in effect" type="pytest.skip">src/pymortests/grid.py:345: &lt;py._xmlgen.raw object at 0x7fb29d675550&gt;</skipped></testcase><testcase classname="src.pymortests.grid" file="src/pymortests/grid.py" line="345" name="test_boundary_mask_wrong_arguments[&lt;lambda&gt;20]" time="0.00044083595275878906"><skipped message="Suite splitting in effect" type="pytest.skip">src/pymortests/grid.py:345: &lt;py._xmlgen.raw object at 0x7fb29d683240&gt;</skipped></testcase><testcase classname="src.pymortests.grid" file="src/pymortests/grid.py" line="345" name="test_boundary_mask_wrong_arguments[&lt;lambda&gt;21]" time="0.0007784366607666016"><skipped message="Suite splitting in effect" type="pytest.skip">src/pymortests/grid.py:345: &lt;py._xmlgen.raw object at 0x7fb29d683780&gt;</skipped></testcase><testcase classname="src.pymortests.grid" file="src/pymortests/grid.py" line="345" name="test_boundary_mask_wrong_arguments[&lt;lambda&gt;22]" time="0.0004127025604248047"><skipped message="Suite splitting in effect" type="pytest.skip">src/pymortests/grid.py:345: &lt;py._xmlgen.raw object at 0x7fb29d675748&gt;</skipped></testcase><testcase classname="src.pymortests.grid" file="src/pymortests/grid.py" line="345" name="test_boundary_mask_wrong_arguments[&lt;lambda&gt;23]" time="0.00047087669372558594"><skipped message="Suite splitting in effect" type="pytest.skip">src/pymortests/grid.py:345: &lt;py._xmlgen.raw object at 0x7fb2c6fd97b8&gt;</skipped></testcase><testcase classname="src.pymortests.grid" file="src/pymortests/grid.py" line="345" name="test_boundary_mask_wrong_arguments[&lt;lambda&gt;24]" time="0.00046133995056152344"><skipped message="Suite splitting in effect" type="pytest.skip">src/pymortests/grid.py:345: &lt;py._xmlgen.raw object at 0x7fb2c6f7cfd0&gt;</skipped></testcase><testcase classname="src.pymortests.grid" file="src/pymortests/grid.py" line="345" name="test_boundary_mask_wrong_arguments[&lt;lambda&gt;25]" time="0.0004487037658691406"><skipped message="Suite splitting in effect" type="pytest.skip">src/pymortests/grid.py:345: &lt;py._xmlgen.raw object at 0x7fb29d65c0b8&gt;</skipped></testcase><testcase classname="src.pymortests.grid" file="src/pymortests/grid.py" line="345" name="test_boundary_mask_wrong_arguments[&lt;lambda&gt;26]" time="0.0004553794860839844"><skipped message="Suite splitting in effect" type="pytest.skip">src/pymortests/grid.py:345: &lt;py._xmlgen.raw object at 0x7fb29d66d160&gt;</skipped></testcase><testcase classname="src.pymortests.grid" file="src/pymortests/grid.py" line="345" name="test_boundary_mask_wrong_arguments[&lt;lambda&gt;27]" time="0.0004203319549560547"><skipped message="Suite splitting in effect" type="pytest.skip">src/pymortests/grid.py:345: &lt;py._xmlgen.raw object at 0x7fb29d6833c8&gt;</skipped></testcase><testcase classname="src.pymortests.grid" file="src/pymortests/grid.py" line="345" name="test_boundary_mask_wrong_arguments[&lt;lambda&gt;28]" time="0.00041794776916503906"><skipped message="Suite splitting in effect" type="pytest.skip">src/pymortests/grid.py:345: &lt;py._xmlgen.raw object at 0x7fb29d6830b8&gt;</skipped></testcase><testcase classname="src.pymortests.grid" file="src/pymortests/grid.py" line="345" name="test_boundary_mask_wrong_arguments[&lt;lambda&gt;29]" time="0.0007562637329101562"><skipped message="Suite splitting in effect" type="pytest.skip">src/pymortests/grid.py:345: &lt;py._xmlgen.raw object at 0x7fb29d683cc0&gt;</skipped></testcase><testcase classname="src.pymortests.grid" file="src/pymortests/grid.py" line="345" name="test_boundary_mask_wrong_arguments[&lt;lambda&gt;30]" time="0.0004303455352783203"><skipped message="Suite splitting in effect" type="pytest.skip">src/pymortests/grid.py:345: &lt;py._xmlgen.raw object at 0x7fb2c6f2dbe0&gt;</skipped></testcase><testcase classname="src.pymortests.grid" file="src/pymortests/grid.py" line="345" name="test_boundary_mask_wrong_arguments[&lt;lambda&gt;31]" time="0.0004329681396484375"><skipped message="Suite splitting in effect" type="pytest.skip">src/pymortests/grid.py:345: &lt;py._xmlgen.raw object at 0x7fb2c6f8eac8&gt;</skipped></testcase><testcase classname="src.pymortests.grid" file="src/pymortests/grid.py" line="345" name="test_boundary_mask_wrong_arguments[&lt;lambda&gt;32]" time="0.00042724609375"><skipped message="Suite splitting in effect" type="pytest.skip">src/pymortests/grid.py:345: &lt;py._xmlgen.raw object at 0x7fb2c6f1bdd8&gt;</skipped></testcase><testcase classname="src.pymortests.grid" file="src/pymortests/grid.py" line="345" name="test_boundary_mask_wrong_arguments[&lt;lambda&gt;33]" time="0.0004200935363769531"><skipped message="Suite splitting in effect" type="pytest.skip">src/pymortests/grid.py:345: &lt;py._xmlgen.raw object at 0x7fb29d675e48&gt;</skipped></testcase><testcase classname="src.pymortests.grid" file="src/pymortests/grid.py" line="345" name="test_boundary_mask_wrong_arguments[&lt;lambda&gt;34]" time="0.0003933906555175781"><skipped message="Suite splitting in effect" type="pytest.skip">src/pymortests/grid.py:345: &lt;py._xmlgen.raw object at 0x7fb29d675f28&gt;</skipped></testcase><testcase classname="src.pymortests.grid" file="src/pymortests/grid.py" line="345" name="test_boundary_mask_wrong_arguments[&lt;lambda&gt;35]" time="0.0004928112030029297"><skipped message="Suite splitting in effect" type="pytest.skip">src/pymortests/grid.py:345: &lt;py._xmlgen.raw object at 0x7fb29d683a58&gt;</skipped></testcase><testcase classname="src.pymortests.grid" file="src/pymortests/grid.py" line="345" name="test_boundary_mask_wrong_arguments[&lt;lambda&gt;36]" time="0.00041675567626953125"><skipped message="Suite splitting in effect" type="pytest.skip">src/pymortests/grid.py:345: &lt;py._xmlgen.raw object at 0x7fb29d683278&gt;</skipped></testcase><testcase classname="src.pymortests.grid" file="src/pymortests/grid.py" line="345" name="test_boundary_mask_wrong_arguments[&lt;lambda&gt;37]" time="0.0005431175231933594"><skipped message="Suite splitting in effect" type="pytest.skip">src/pymortests/grid.py:345: &lt;py._xmlgen.raw object at 0x7fb29d68c320&gt;</skipped></testcase><testcase classname="src.pymortests.grid" file="src/pymortests/grid.py" line="345" name="test_boundary_mask_wrong_arguments[&lt;lambda&gt;38]" time="0.00042176246643066406"><skipped message="Suite splitting in effect" type="pytest.skip">src/pymortests/grid.py:345: &lt;py._xmlgen.raw object at 0x7fb29d6830b8&gt;</skipped></testcase><testcase classname="src.pymortests.grid" file="src/pymortests/grid.py" line="345" name="test_boundary_mask_wrong_arguments[&lt;lambda&gt;39]" time="0.00042939186096191406"><skipped message="Suite splitting in effect" type="pytest.skip">src/pymortests/grid.py:345: &lt;py._xmlgen.raw object at 0x7fb29d6839b0&gt;</skipped></testcase><testcase classname="src.pymortests.grid" file="src/pymortests/grid.py" line="345" name="test_boundary_mask_wrong_arguments[&lt;lambda&gt;40]" time="0.000457763671875"><skipped message="Suite splitting in effect" type="pytest.skip">src/pymortests/grid.py:345: &lt;py._xmlgen.raw object at 0x7fb29d675860&gt;</skipped></testcase><testcase classname="src.pymortests.grid" file="src/pymortests/grid.py" line="345" name="test_boundary_mask_wrong_arguments[&lt;lambda&gt;41]" time="0.00042724609375"><skipped message="Suite splitting in effect" type="pytest.skip">src/pymortests/grid.py:345: &lt;py._xmlgen.raw object at 0x7fb29d6518d0&gt;</skipped></testcase><testcase classname="src.pymortests.grid" file="src/pymortests/grid.py" line="345" name="test_boundary_mask_wrong_arguments[&lt;lambda&gt;42]" time="0.00046706199645996094"><skipped message="Suite splitting in effect" type="pytest.skip">src/pymortests/grid.py:345: &lt;py._xmlgen.raw object at 0x7fb2c6f8e240&gt;</skipped></testcase><testcase classname="src.pymortests.grid" file="src/pymortests/grid.py" line="353" name="test_boundary_mask_shape[&lt;lambda&gt;0]" time="0.00041961669921875"><skipped message="Suite splitting in effect" type="pytest.skip">src/pymortests/grid.py:353: &lt;py._xmlgen.raw object at 0x7fb29d66dfd0&gt;</skipped></testcase><testcase classname="src.pymortests.grid" file="src/pymortests/grid.py" line="353" name="test_boundary_mask_shape[&lt;lambda&gt;1]" time="0.00047707557678222656"><skipped message="Suite splitting in effect" type="pytest.skip">src/pymortests/grid.py:353: &lt;py._xmlgen.raw object at 0x7fb29d68c048&gt;</skipped></testcase><testcase classname="src.pymortests.grid" file="src/pymortests/grid.py" line="353" name="test_boundary_mask_shape[&lt;lambda&gt;2]" time="0.0004343986511230469"><skipped message="Suite splitting in effect" type="pytest.skip">src/pymortests/grid.py:353: &lt;py._xmlgen.raw object at 0x7fb29d68c828&gt;</skipped></testcase><testcase classname="src.pymortests.grid" file="src/pymortests/grid.py" line="353" name="test_boundary_mask_shape[&lt;lambda&gt;3]" time="0.0004658699035644531"><skipped message="Suite splitting in effect" type="pytest.skip">src/pymortests/grid.py:353: &lt;py._xmlgen.raw object at 0x7fb2c6fb44a8&gt;</skipped></testcase><testcase classname="src.pymortests.grid" file="src/pymortests/grid.py" line="353" name="test_boundary_mask_shape[&lt;lambda&gt;4]" time="0.0004210472106933594"><skipped message="Suite splitting in effect" type="pytest.skip">src/pymortests/grid.py:353: &lt;py._xmlgen.raw object at 0x7fb29d683668&gt;</skipped></testcase><testcase classname="src.pymortests.grid" file="src/pymortests/grid.py" line="353" name="test_boundary_mask_shape[&lt;lambda&gt;5]" time="0.0004315376281738281"><skipped message="Suite splitting in effect" type="pytest.skip">src/pymortests/grid.py:353: &lt;py._xmlgen.raw object at 0x7fb29d683550&gt;</skipped></testcase><testcase classname="src.pymortests.grid" file="src/pymortests/grid.py" line="353" name="test_boundary_mask_shape[&lt;lambda&gt;6]" time="0.0004444122314453125"><skipped message="Suite splitting in effect" type="pytest.skip">src/pymortests/grid.py:353: &lt;py._xmlgen.raw object at 0x7fb2c6f2d7f0&gt;</skipped></testcase><testcase classname="src.pymortests.grid" file="src/pymortests/grid.py" line="353" name="test_boundary_mask_shape[&lt;lambda&gt;7]" time="0.0004355907440185547"><skipped message="Suite splitting in effect" type="pytest.skip">src/pymortests/grid.py:353: &lt;py._xmlgen.raw object at 0x7fb29d675710&gt;</skipped></testcase><testcase classname="src.pymortests.grid" file="src/pymortests/grid.py" line="353" name="test_boundary_mask_shape[&lt;lambda&gt;8]" time="0.0004298686981201172"><skipped message="Suite splitting in effect" type="pytest.skip">src/pymortests/grid.py:353: &lt;py._xmlgen.raw object at 0x7fb29d675cc0&gt;</skipped></testcase><testcase classname="src.pymortests.grid" file="src/pymortests/grid.py" line="353" name="test_boundary_mask_shape[&lt;lambda&gt;9]" time="0.00045490264892578125"><skipped message="Suite splitting in effect" type="pytest.skip">src/pymortests/grid.py:353: &lt;py._xmlgen.raw object at 0x7fb29d66d668&gt;</skipped></testcase><testcase classname="src.pymortests.grid" file="src/pymortests/grid.py" line="353" name="test_boundary_mask_shape[&lt;lambda&gt;10]" time="0.0004315376281738281"><skipped message="Suite splitting in effect" type="pytest.skip">src/pymortests/grid.py:353: &lt;py._xmlgen.raw object at 0x7fb29d65cf98&gt;</skipped></testcase><testcase classname="src.pymortests.grid" file="src/pymortests/grid.py" line="353" name="test_boundary_mask_shape[&lt;lambda&gt;11]" time="0.0007228851318359375"><skipped message="Suite splitting in effect" type="pytest.skip">src/pymortests/grid.py:353: &lt;py._xmlgen.raw object at 0x7fb29d6ae6d8&gt;</skipped></testcase><testcase classname="src.pymortests.grid" file="src/pymortests/grid.py" line="353" name="test_boundary_mask_shape[&lt;lambda&gt;12]" time="0.000431060791015625"><skipped message="Suite splitting in effect" type="pytest.skip">src/pymortests/grid.py:353: &lt;py._xmlgen.raw object at 0x7fb29d6752e8&gt;</skipped></testcase><testcase classname="src.pymortests.grid" file="src/pymortests/grid.py" line="353" name="test_boundary_mask_shape[&lt;lambda&gt;13]" time="0.00043010711669921875"><skipped message="Suite splitting in effect" type="pytest.skip">src/pymortests/grid.py:353: &lt;py._xmlgen.raw object at 0x7fb2c6f2dbe0&gt;</skipped></testcase><testcase classname="src.pymortests.grid" file="src/pymortests/grid.py" line="353" name="test_boundary_mask_shape[&lt;lambda&gt;14]" time="0.00041103363037109375"><skipped message="Suite splitting in effect" type="pytest.skip">src/pymortests/grid.py:353: &lt;py._xmlgen.raw object at 0x7fb29d683cf8&gt;</skipped></testcase><testcase classname="src.pymortests.grid" file="src/pymortests/grid.py" line="353" name="test_boundary_mask_shape[&lt;lambda&gt;15]" time="0.0004363059997558594"><skipped message="Suite splitting in effect" type="pytest.skip">src/pymortests/grid.py:353: &lt;py._xmlgen.raw object at 0x7fb29d683f28&gt;</skipped></testcase><testcase classname="src.pymortests.grid" file="src/pymortests/grid.py" line="353" name="test_boundary_mask_shape[&lt;lambda&gt;16]" time="0.00042700767517089844"><skipped message="Suite splitting in effect" type="pytest.skip">src/pymortests/grid.py:353: &lt;py._xmlgen.raw object at 0x7fb2c6f52b00&gt;</skipped></testcase><testcase classname="src.pymortests.grid" file="src/pymortests/grid.py" line="353" name="test_boundary_mask_shape[&lt;lambda&gt;17]" time="0.0004570484161376953"><skipped message="Suite splitting in effect" type="pytest.skip">src/pymortests/grid.py:353: &lt;py._xmlgen.raw object at 0x7fb2c6f1bfd0&gt;</skipped></testcase><testcase classname="src.pymortests.grid" file="src/pymortests/grid.py" line="353" name="test_boundary_mask_shape[&lt;lambda&gt;18]" time="0.0004456043243408203"><skipped message="Suite splitting in effect" type="pytest.skip">src/pymortests/grid.py:353: &lt;py._xmlgen.raw object at 0x7fb29d6a2a58&gt;</skipped></testcase><testcase classname="src.pymortests.grid" file="src/pymortests/grid.py" line="353" name="test_boundary_mask_shape[&lt;lambda&gt;19]" time="0.00044465065002441406"><skipped message="Suite splitting in effect" type="pytest.skip">src/pymortests/grid.py:353: &lt;py._xmlgen.raw object at 0x7fb29d6d54e0&gt;</skipped></testcase><testcase classname="src.pymortests.grid" file="src/pymortests/grid.py" line="353" name="test_boundary_mask_shape[&lt;lambda&gt;20]" time="0.00041747093200683594"><skipped message="Suite splitting in effect" type="pytest.skip">src/pymortests/grid.py:353: &lt;py._xmlgen.raw object at 0x7fb2c6f8e390&gt;</skipped></testcase><testcase classname="src.pymortests.grid" file="src/pymortests/grid.py" line="353" name="test_boundary_mask_shape[&lt;lambda&gt;21]" time="0.00047087669372558594"><skipped message="Suite splitting in effect" type="pytest.skip">src/pymortests/grid.py:353: &lt;py._xmlgen.raw object at 0x7fb2c6f3f358&gt;</skipped></testcase><testcase classname="src.pymortests.grid" file="src/pymortests/grid.py" line="353" name="test_boundary_mask_shape[&lt;lambda&gt;22]" time="0.0005319118499755859"><skipped message="Suite splitting in effect" type="pytest.skip">src/pymortests/grid.py:353: &lt;py._xmlgen.raw object at 0x7fb29d683ef0&gt;</skipped></testcase><testcase classname="src.pymortests.grid" file="src/pymortests/grid.py" line="353" name="test_boundary_mask_shape[&lt;lambda&gt;23]" time="0.00045371055603027344"><skipped message="Suite splitting in effect" type="pytest.skip">src/pymortests/grid.py:353: &lt;py._xmlgen.raw object at 0x7fb29d683fd0&gt;</skipped></testcase><testcase classname="src.pymortests.grid" file="src/pymortests/grid.py" line="353" name="test_boundary_mask_shape[&lt;lambda&gt;24]" time="0.000431060791015625"><skipped message="Suite splitting in effect" type="pytest.skip">src/pymortests/grid.py:353: &lt;py._xmlgen.raw object at 0x7fb29d675e48&gt;</skipped></testcase><testcase classname="src.pymortests.grid" file="src/pymortests/grid.py" line="353" name="test_boundary_mask_shape[&lt;lambda&gt;25]" time="0.00043320655822753906"><skipped message="Suite splitting in effect" type="pytest.skip">src/pymortests/grid.py:353: &lt;py._xmlgen.raw object at 0x7fb29d66d128&gt;</skipped></testcase><testcase classname="src.pymortests.grid" file="src/pymortests/grid.py" line="353" name="test_boundary_mask_shape[&lt;lambda&gt;26]" time="0.00041675567626953125"><skipped message="Suite splitting in effect" type="pytest.skip">src/pymortests/grid.py:353: &lt;py._xmlgen.raw object at 0x7fb29d68c518&gt;</skipped></testcase><testcase classname="src.pymortests.grid" file="src/pymortests/grid.py" line="353" name="test_boundary_mask_shape[&lt;lambda&gt;27]" time="0.0007708072662353516"><skipped message="Suite splitting in effect" type="pytest.skip">src/pymortests/grid.py:353: &lt;py._xmlgen.raw object at 0x7fb29d68cf28&gt;</skipped></testcase><testcase classname="src.pymortests.grid" file="src/pymortests/grid.py" line="353" name="test_boundary_mask_shape[&lt;lambda&gt;28]" time="0.0004401206970214844"><skipped message="Suite splitting in effect" type="pytest.skip">src/pymortests/grid.py:353: &lt;py._xmlgen.raw object at 0x7fb29d675e48&gt;</skipped></testcase><testcase classname="src.pymortests.grid" file="src/pymortests/grid.py" line="353" name="test_boundary_mask_shape[&lt;lambda&gt;29]" time="0.0004563331604003906"><skipped message="Suite splitting in effect" type="pytest.skip">src/pymortests/grid.py:353: &lt;py._xmlgen.raw object at 0x7fb2c6ee11d0&gt;</skipped></testcase><testcase classname="src.pymortests.grid" file="src/pymortests/grid.py" line="353" name="test_boundary_mask_shape[&lt;lambda&gt;30]" time="0.00044274330139160156"><skipped message="Suite splitting in effect" type="pytest.skip">src/pymortests/grid.py:353: &lt;py._xmlgen.raw object at 0x7fb29d683cc0&gt;</skipped></testcase><testcase classname="src.pymortests.grid" file="src/pymortests/grid.py" line="353" name="test_boundary_mask_shape[&lt;lambda&gt;31]" time="0.0004172325134277344"><skipped message="Suite splitting in effect" type="pytest.skip">src/pymortests/grid.py:353: &lt;py._xmlgen.raw object at 0x7fb2c6f52fd0&gt;</skipped></testcase><testcase classname="src.pymortests.grid" file="src/pymortests/grid.py" line="353" name="test_boundary_mask_shape[&lt;lambda&gt;32]" time="0.0004353523254394531"><skipped message="Suite splitting in effect" type="pytest.skip">src/pymortests/grid.py:353: &lt;py._xmlgen.raw object at 0x7fb29d65cc18&gt;</skipped></testcase><testcase classname="src.pymortests.grid" file="src/pymortests/grid.py" line="353" name="test_boundary_mask_shape[&lt;lambda&gt;33]" time="0.0004169940948486328"><skipped message="Suite splitting in effect" type="pytest.skip">src/pymortests/grid.py:353: &lt;py._xmlgen.raw object at 0x7fb29d68cc88&gt;</skipped></testcase><testcase classname="src.pymortests.grid" file="src/pymortests/grid.py" line="353" name="test_boundary_mask_shape[&lt;lambda&gt;34]" time="0.0004520416259765625"><skipped message="Suite splitting in effect" type="pytest.skip">src/pymortests/grid.py:353: &lt;py._xmlgen.raw object at 0x7fb29d68c668&gt;</skipped></testcase><testcase classname="src.pymortests.grid" file="src/pymortests/grid.py" line="353" name="test_boundary_mask_shape[&lt;lambda&gt;35]" time="0.0004277229309082031"><skipped message="Suite splitting in effect" type="pytest.skip">src/pymortests/grid.py:353: &lt;py._xmlgen.raw object at 0x7fb29d61d4a8&gt;</skipped></testcase><testcase classname="src.pymortests.grid" file="src/pymortests/grid.py" line="353" name="test_boundary_mask_shape[&lt;lambda&gt;36]" time="0.0004794597625732422"><skipped message="Suite splitting in effect" type="pytest.skip">src/pymortests/grid.py:353: &lt;py._xmlgen.raw object at 0x7fb29d68c160&gt;</skipped></testcase><testcase classname="src.pymortests.grid" file="src/pymortests/grid.py" line="353" name="test_boundary_mask_shape[&lt;lambda&gt;37]" time="0.00043654441833496094"><skipped message="Suite splitting in effect" type="pytest.skip">src/pymortests/grid.py:353: &lt;py._xmlgen.raw object at 0x7fb2c6f8e0f0&gt;</skipped></testcase><testcase classname="src.pymortests.grid" file="src/pymortests/grid.py" line="353" name="test_boundary_mask_shape[&lt;lambda&gt;38]" time="0.00041174888610839844"><skipped message="Suite splitting in effect" type="pytest.skip">src/pymortests/grid.py:353: &lt;py._xmlgen.raw object at 0x7fb2c6f3f160&gt;</skipped></testcase><testcase classname="src.pymortests.grid" file="src/pymortests/grid.py" line="353" name="test_boundary_mask_shape[&lt;lambda&gt;39]" time="0.0004343986511230469"><skipped message="Suite splitting in effect" type="pytest.skip">src/pymortests/grid.py:353: &lt;py._xmlgen.raw object at 0x7fb29d683940&gt;</skipped></testcase><testcase classname="src.pymortests.grid" file="src/pymortests/grid.py" line="353" name="test_boundary_mask_shape[&lt;lambda&gt;40]" time="0.0003952980041503906"><skipped message="Suite splitting in effect" type="pytest.skip">src/pymortests/grid.py:353: &lt;py._xmlgen.raw object at 0x7fb2c6ee15c0&gt;</skipped></testcase><testcase classname="src.pymortests.grid" file="src/pymortests/grid.py" line="353" name="test_boundary_mask_shape[&lt;lambda&gt;41]" time="0.0004177093505859375"><skipped message="Suite splitting in effect" type="pytest.skip">src/pymortests/grid.py:353: &lt;py._xmlgen.raw object at 0x7fb29d66d908&gt;</skipped></testcase><testcase classname="src.pymortests.grid" file="src/pymortests/grid.py" line="353" name="test_boundary_mask_shape[&lt;lambda&gt;42]" time="0.0004856586456298828"><skipped message="Suite splitting in effect" type="pytest.skip">src/pymortests/grid.py:353: &lt;py._xmlgen.raw object at 0x7fb29d61d208&gt;</skipped></testcase><testcase classname="src.pymortests.grid" file="src/pymortests/grid.py" line="359" name="test_boundary_mask_dtype[&lt;lambda&gt;0]" time="0.00043892860412597656"><skipped message="Suite splitting in effect" type="pytest.skip">src/pymortests/grid.py:359: &lt;py._xmlgen.raw object at 0x7fb29d61d9b0&gt;</skipped></testcase><testcase classname="src.pymortests.grid" file="src/pymortests/grid.py" line="359" name="test_boundary_mask_dtype[&lt;lambda&gt;1]" time="0.0008101463317871094"><skipped message="Suite splitting in effect" type="pytest.skip">src/pymortests/grid.py:359: &lt;py._xmlgen.raw object at 0x7fb29d6752e8&gt;</skipped></testcase><testcase classname="src.pymortests.grid" file="src/pymortests/grid.py" line="359" name="test_boundary_mask_dtype[&lt;lambda&gt;2]" time="0.00043082237243652344"><skipped message="Suite splitting in effect" type="pytest.skip">src/pymortests/grid.py:359: &lt;py._xmlgen.raw object at 0x7fb2c6f2dbe0&gt;</skipped></testcase><testcase classname="src.pymortests.grid" file="src/pymortests/grid.py" line="359" name="test_boundary_mask_dtype[&lt;lambda&gt;3]" time="0.0004520416259765625"><skipped message="Suite splitting in effect" type="pytest.skip">src/pymortests/grid.py:359: &lt;py._xmlgen.raw object at 0x7fb29d683828&gt;</skipped></testcase><testcase classname="src.pymortests.grid" file="src/pymortests/grid.py" line="359" name="test_boundary_mask_dtype[&lt;lambda&gt;4]" time="0.0004553794860839844"><skipped message="Suite splitting in effect" type="pytest.skip">src/pymortests/grid.py:359: &lt;py._xmlgen.raw object at 0x7fb2c6f8e828&gt;</skipped></testcase><testcase classname="src.pymortests.grid" file="src/pymortests/grid.py" line="359" name="test_boundary_mask_dtype[&lt;lambda&gt;5]" time="0.0004189014434814453"><skipped message="Suite splitting in effect" type="pytest.skip">src/pymortests/grid.py:359: &lt;py._xmlgen.raw object at 0x7fb29d68ccc0&gt;</skipped></testcase><testcase classname="src.pymortests.grid" file="src/pymortests/grid.py" line="359" name="test_boundary_mask_dtype[&lt;lambda&gt;6]" time="0.0004773139953613281"><skipped message="Suite splitting in effect" type="pytest.skip">src/pymortests/grid.py:359: &lt;py._xmlgen.raw object at 0x7fb29d61da58&gt;</skipped></testcase><testcase classname="src.pymortests.grid" file="src/pymortests/grid.py" line="359" name="test_boundary_mask_dtype[&lt;lambda&gt;7]" time="0.0004565715789794922"><skipped message="Suite splitting in effect" type="pytest.skip">src/pymortests/grid.py:359: &lt;py._xmlgen.raw object at 0x7fb29d61d208&gt;</skipped></testcase><testcase classname="src.pymortests.grid" file="src/pymortests/grid.py" line="359" name="test_boundary_mask_dtype[&lt;lambda&gt;8]" time="0.0004634857177734375"><skipped message="Suite splitting in effect" type="pytest.skip">src/pymortests/grid.py:359: &lt;py._xmlgen.raw object at 0x7fb29d61def0&gt;</skipped></testcase><testcase classname="src.pymortests.grid" file="src/pymortests/grid.py" line="359" name="test_boundary_mask_dtype[&lt;lambda&gt;9]" time="0.0007252693176269531"><skipped message="Suite splitting in effect" type="pytest.skip">src/pymortests/grid.py:359: &lt;py._xmlgen.raw object at 0x7fb29d61def0&gt;</skipped></testcase><testcase classname="src.pymortests.grid" file="src/pymortests/grid.py" line="359" name="test_boundary_mask_dtype[&lt;lambda&gt;10]" time="0.0004220008850097656"><skipped message="Suite splitting in effect" type="pytest.skip">src/pymortests/grid.py:359: &lt;py._xmlgen.raw object at 0x7fb29d61d7f0&gt;</skipped></testcase><testcase classname="src.pymortests.grid" file="src/pymortests/grid.py" line="359" name="test_boundary_mask_dtype[&lt;lambda&gt;11]" time="0.0004534721374511719"><skipped message="Suite splitting in effect" type="pytest.skip">src/pymortests/grid.py:359: &lt;py._xmlgen.raw object at 0x7fb29d68cac8&gt;</skipped></testcase><testcase classname="src.pymortests.grid" file="src/pymortests/grid.py" line="359" name="test_boundary_mask_dtype[&lt;lambda&gt;12]" time="0.0004954338073730469"><skipped message="Suite splitting in effect" type="pytest.skip">src/pymortests/grid.py:359: &lt;py._xmlgen.raw object at 0x7fb2c6f8e390&gt;</skipped></testcase><testcase classname="src.pymortests.grid" file="src/pymortests/grid.py" line="359" name="test_boundary_mask_dtype[&lt;lambda&gt;13]" time="0.0004546642303466797"><skipped message="Suite splitting in effect" type="pytest.skip">src/pymortests/grid.py:359: &lt;py._xmlgen.raw object at 0x7fb29d683128&gt;</skipped></testcase><testcase classname="src.pymortests.grid" file="src/pymortests/grid.py" line="359" name="test_boundary_mask_dtype[&lt;lambda&gt;14]" time="0.0004379749298095703"><skipped message="Suite splitting in effect" type="pytest.skip">src/pymortests/grid.py:359: &lt;py._xmlgen.raw object at 0x7fb2c6ef0cc0&gt;</skipped></testcase><testcase classname="src.pymortests.grid" file="src/pymortests/grid.py" line="359" name="test_boundary_mask_dtype[&lt;lambda&gt;15]" time="0.00044536590576171875"><skipped message="Suite splitting in effect" type="pytest.skip">src/pymortests/grid.py:359: &lt;py._xmlgen.raw object at 0x7fb29d6752e8&gt;</skipped></testcase><testcase classname="src.pymortests.grid" file="src/pymortests/grid.py" line="359" name="test_boundary_mask_dtype[&lt;lambda&gt;16]" time="0.000446319580078125"><skipped message="Suite splitting in effect" type="pytest.skip">src/pymortests/grid.py:359: &lt;py._xmlgen.raw object at 0x7fb29d6277f0&gt;</skipped></testcase><testcase classname="src.pymortests.grid" file="src/pymortests/grid.py" line="359" name="test_boundary_mask_dtype[&lt;lambda&gt;17]" time="0.0007205009460449219"><skipped message="Suite splitting in effect" type="pytest.skip">src/pymortests/grid.py:359: &lt;py._xmlgen.raw object at 0x7fb29d627d30&gt;</skipped></testcase><testcase classname="src.pymortests.grid" file="src/pymortests/grid.py" line="359" name="test_boundary_mask_dtype[&lt;lambda&gt;18]" time="0.0003981590270996094"><skipped message="Suite splitting in effect" type="pytest.skip">src/pymortests/grid.py:359: &lt;py._xmlgen.raw object at 0x7fb2c6ef0b70&gt;</skipped></testcase><testcase classname="src.pymortests.grid" file="src/pymortests/grid.py" line="359" name="test_boundary_mask_dtype[&lt;lambda&gt;19]" time="0.00042891502380371094"><skipped message="Suite splitting in effect" type="pytest.skip">src/pymortests/grid.py:359: &lt;py._xmlgen.raw object at 0x7fb2c6f3f208&gt;</skipped></testcase><testcase classname="src.pymortests.grid" file="src/pymortests/grid.py" line="359" name="test_boundary_mask_dtype[&lt;lambda&gt;20]" time="0.0004048347473144531"><skipped message="Suite splitting in effect" type="pytest.skip">src/pymortests/grid.py:359: &lt;py._xmlgen.raw object at 0x7fb29d68c358&gt;</skipped></testcase><testcase classname="src.pymortests.grid" file="src/pymortests/grid.py" line="359" name="test_boundary_mask_dtype[&lt;lambda&gt;21]" time="0.000457763671875"><skipped message="Suite splitting in effect" type="pytest.skip">src/pymortests/grid.py:359: &lt;py._xmlgen.raw object at 0x7fb2c6f042e8&gt;</skipped></testcase><testcase classname="src.pymortests.grid" file="src/pymortests/grid.py" line="359" name="test_boundary_mask_dtype[&lt;lambda&gt;22]" time="0.0004467964172363281"><skipped message="Suite splitting in effect" type="pytest.skip">src/pymortests/grid.py:359: &lt;py._xmlgen.raw object at 0x7fb29d61dc88&gt;</skipped></testcase><testcase classname="src.pymortests.grid" file="src/pymortests/grid.py" line="359" name="test_boundary_mask_dtype[&lt;lambda&gt;23]" time="0.0004775524139404297"><skipped message="Suite splitting in effect" type="pytest.skip">src/pymortests/grid.py:359: &lt;py._xmlgen.raw object at 0x7fb29d627b00&gt;</skipped></testcase><testcase classname="src.pymortests.grid" file="src/pymortests/grid.py" line="359" name="test_boundary_mask_dtype[&lt;lambda&gt;24]" time="0.0004119873046875"><skipped message="Suite splitting in effect" type="pytest.skip">src/pymortests/grid.py:359: &lt;py._xmlgen.raw object at 0x7fb29d627128&gt;</skipped></testcase><testcase classname="src.pymortests.grid" file="src/pymortests/grid.py" line="359" name="test_boundary_mask_dtype[&lt;lambda&gt;25]" time="0.0007693767547607422"><skipped message="Suite splitting in effect" type="pytest.skip">src/pymortests/grid.py:359: &lt;py._xmlgen.raw object at 0x7fb29d6322b0&gt;</skipped></testcase><testcase classname="src.pymortests.grid" file="src/pymortests/grid.py" line="359" name="test_boundary_mask_dtype[&lt;lambda&gt;26]" time="0.0004215240478515625"><skipped message="Suite splitting in effect" type="pytest.skip">src/pymortests/grid.py:359: &lt;py._xmlgen.raw object at 0x7fb29d627668&gt;</skipped></testcase><testcase classname="src.pymortests.grid" file="src/pymortests/grid.py" line="359" name="test_boundary_mask_dtype[&lt;lambda&gt;27]" time="0.0004677772521972656"><skipped message="Suite splitting in effect" type="pytest.skip">src/pymortests/grid.py:359: &lt;py._xmlgen.raw object at 0x7fb29d61d0f0&gt;</skipped></testcase><testcase classname="src.pymortests.grid" file="src/pymortests/grid.py" line="359" name="test_boundary_mask_dtype[&lt;lambda&gt;28]" time="0.0004284381866455078"><skipped message="Suite splitting in effect" type="pytest.skip">src/pymortests/grid.py:359: &lt;py._xmlgen.raw object at 0x7fb2c6f04a20&gt;</skipped></testcase><testcase classname="src.pymortests.grid" file="src/pymortests/grid.py" line="359" name="test_boundary_mask_dtype[&lt;lambda&gt;29]" time="0.00041937828063964844"><skipped message="Suite splitting in effect" type="pytest.skip">src/pymortests/grid.py:359: &lt;py._xmlgen.raw object at 0x7fb29d68cc18&gt;</skipped></testcase><testcase classname="src.pymortests.grid" file="src/pymortests/grid.py" line="359" name="test_boundary_mask_dtype[&lt;lambda&gt;30]" time="0.00044798851013183594"><skipped message="Suite splitting in effect" type="pytest.skip">src/pymortests/grid.py:359: &lt;py._xmlgen.raw object at 0x7fb29d683cc0&gt;</skipped></testcase><testcase classname="src.pymortests.grid" file="src/pymortests/grid.py" line="359" name="test_boundary_mask_dtype[&lt;lambda&gt;31]" time="0.00044798851013183594"><skipped message="Suite splitting in effect" type="pytest.skip">src/pymortests/grid.py:359: &lt;py._xmlgen.raw object at 0x7fb2c6ee1860&gt;</skipped></testcase><testcase classname="src.pymortests.grid" file="src/pymortests/grid.py" line="359" name="test_boundary_mask_dtype[&lt;lambda&gt;32]" time="0.0004315376281738281"><skipped message="Suite splitting in effect" type="pytest.skip">src/pymortests/grid.py:359: &lt;py._xmlgen.raw object at 0x7fb29d6320f0&gt;</skipped></testcase><testcase classname="src.pymortests.grid" file="src/pymortests/grid.py" line="359" name="test_boundary_mask_dtype[&lt;lambda&gt;33]" time="0.00043964385986328125"><skipped message="Suite splitting in effect" type="pytest.skip">src/pymortests/grid.py:359: &lt;py._xmlgen.raw object at 0x7fb29d6328d0&gt;</skipped></testcase><testcase classname="src.pymortests.grid" file="src/pymortests/grid.py" line="359" name="test_boundary_mask_dtype[&lt;lambda&gt;34]" time="0.00044918060302734375"><skipped message="Suite splitting in effect" type="pytest.skip">src/pymortests/grid.py:359: &lt;py._xmlgen.raw object at 0x7fb2c6ee1e48&gt;</skipped></testcase><testcase classname="src.pymortests.grid" file="src/pymortests/grid.py" line="359" name="test_boundary_mask_dtype[&lt;lambda&gt;35]" time="0.0004150867462158203"><skipped message="Suite splitting in effect" type="pytest.skip">src/pymortests/grid.py:359: &lt;py._xmlgen.raw object at 0x7fb2c6f3f160&gt;</skipped></testcase><testcase classname="src.pymortests.grid" file="src/pymortests/grid.py" line="359" name="test_boundary_mask_dtype[&lt;lambda&gt;36]" time="0.0004265308380126953"><skipped message="Suite splitting in effect" type="pytest.skip">src/pymortests/grid.py:359: &lt;py._xmlgen.raw object at 0x7fb2c6f042e8&gt;</skipped></testcase><testcase classname="src.pymortests.grid" file="src/pymortests/grid.py" line="359" name="test_boundary_mask_dtype[&lt;lambda&gt;37]" time="0.0004291534423828125"><skipped message="Suite splitting in effect" type="pytest.skip">src/pymortests/grid.py:359: &lt;py._xmlgen.raw object at 0x7fb29d61d5c0&gt;</skipped></testcase><testcase classname="src.pymortests.grid" file="src/pymortests/grid.py" line="359" name="test_boundary_mask_dtype[&lt;lambda&gt;38]" time="0.0004298686981201172"><skipped message="Suite splitting in effect" type="pytest.skip">src/pymortests/grid.py:359: &lt;py._xmlgen.raw object at 0x7fb29d627978&gt;</skipped></testcase><testcase classname="src.pymortests.grid" file="src/pymortests/grid.py" line="359" name="test_boundary_mask_dtype[&lt;lambda&gt;39]" time="0.0004191398620605469"><skipped message="Suite splitting in effect" type="pytest.skip">src/pymortests/grid.py:359: &lt;py._xmlgen.raw object at 0x7fb29d632518&gt;</skipped></testcase><testcase classname="src.pymortests.grid" file="src/pymortests/grid.py" line="359" name="test_boundary_mask_dtype[&lt;lambda&gt;40]" time="0.0004456043243408203"><skipped message="Suite splitting in effect" type="pytest.skip">src/pymortests/grid.py:359: &lt;py._xmlgen.raw object at 0x7fb29d632160&gt;</skipped></testcase><testcase classname="src.pymortests.grid" file="src/pymortests/grid.py" line="359" name="test_boundary_mask_dtype[&lt;lambda&gt;41]" time="0.0004336833953857422"><skipped message="Suite splitting in effect" type="pytest.skip">src/pymortests/grid.py:359: &lt;py._xmlgen.raw object at 0x7fb29d632dd8&gt;</skipped></testcase><testcase classname="src.pymortests.grid" file="src/pymortests/grid.py" line="359" name="test_boundary_mask_dtype[&lt;lambda&gt;42]" time="0.0008213520050048828"><skipped message="Suite splitting in effect" type="pytest.skip">src/pymortests/grid.py:359: &lt;py._xmlgen.raw object at 0x7fb29d632be0&gt;</skipped></testcase><testcase classname="src.pymortests.grid" file="src/pymortests/grid.py" line="365" name="test_boundary_mask_entries_codim1[&lt;lambda&gt;0]" time="0.0004630088806152344"><skipped message="Suite splitting in effect" type="pytest.skip">src/pymortests/grid.py:365: &lt;py._xmlgen.raw object at 0x7fb29d6328d0&gt;</skipped></testcase><testcase classname="src.pymortests.grid" file="src/pymortests/grid.py" line="365" name="test_boundary_mask_entries_codim1[&lt;lambda&gt;1]" time="0.0004742145538330078"><skipped message="Suite splitting in effect" type="pytest.skip">src/pymortests/grid.py:365: &lt;py._xmlgen.raw object at 0x7fb29d627978&gt;</skipped></testcase><testcase classname="src.pymortests.grid" file="src/pymortests/grid.py" line="365" name="test_boundary_mask_entries_codim1[&lt;lambda&gt;2]" time="0.0004382133483886719"><skipped message="Suite splitting in effect" type="pytest.skip">src/pymortests/grid.py:365: &lt;py._xmlgen.raw object at 0x7fb29d61d860&gt;</skipped></testcase><testcase classname="src.pymortests.grid" file="src/pymortests/grid.py" line="365" name="test_boundary_mask_entries_codim1[&lt;lambda&gt;3]" time="0.0005009174346923828"><skipped message="Suite splitting in effect" type="pytest.skip">src/pymortests/grid.py:365: &lt;py._xmlgen.raw object at 0x7fb29d68c160&gt;</skipped></testcase><testcase classname="src.pymortests.grid" file="src/pymortests/grid.py" line="365" name="test_boundary_mask_entries_codim1[&lt;lambda&gt;4]" time="0.00046539306640625"><skipped message="Suite splitting in effect" type="pytest.skip">src/pymortests/grid.py:365: &lt;py._xmlgen.raw object at 0x7fb29d65c048&gt;</skipped></testcase><testcase classname="src.pymortests.grid" file="src/pymortests/grid.py" line="365" name="test_boundary_mask_entries_codim1[&lt;lambda&gt;5]" time="0.0004515647888183594"><skipped message="Suite splitting in effect" type="pytest.skip">src/pymortests/grid.py:365: &lt;py._xmlgen.raw object at 0x7fb2c6f52518&gt;</skipped></testcase><testcase classname="src.pymortests.grid" file="src/pymortests/grid.py" line="365" name="test_boundary_mask_entries_codim1[&lt;lambda&gt;6]" time="0.00042247772216796875"><skipped message="Suite splitting in effect" type="pytest.skip">src/pymortests/grid.py:365: &lt;py._xmlgen.raw object at 0x7fb29d63a358&gt;</skipped></testcase><testcase classname="src.pymortests.grid" file="src/pymortests/grid.py" line="365" name="test_boundary_mask_entries_codim1[&lt;lambda&gt;7]" time="0.0008420944213867188"><skipped message="Suite splitting in effect" type="pytest.skip">src/pymortests/grid.py:365: &lt;py._xmlgen.raw object at 0x7fb2c6f52da0&gt;</skipped></testcase><testcase classname="src.pymortests.grid" file="src/pymortests/grid.py" line="365" name="test_boundary_mask_entries_codim1[&lt;lambda&gt;8]" time="0.00040435791015625"><skipped message="Suite splitting in effect" type="pytest.skip">src/pymortests/grid.py:365: &lt;py._xmlgen.raw object at 0x7fb29d683eb8&gt;</skipped></testcase><testcase classname="src.pymortests.grid" file="src/pymortests/grid.py" line="365" name="test_boundary_mask_entries_codim1[&lt;lambda&gt;9]" time="0.0004658699035644531"><skipped message="Suite splitting in effect" type="pytest.skip">src/pymortests/grid.py:365: &lt;py._xmlgen.raw object at 0x7fb2c6f04240&gt;</skipped></testcase><testcase classname="src.pymortests.grid" file="src/pymortests/grid.py" line="365" name="test_boundary_mask_entries_codim1[&lt;lambda&gt;10]" time="0.00042939186096191406"><skipped message="Suite splitting in effect" type="pytest.skip">src/pymortests/grid.py:365: &lt;py._xmlgen.raw object at 0x7fb2c6ea5898&gt;</skipped></testcase><testcase classname="src.pymortests.grid" file="src/pymortests/grid.py" line="365" name="test_boundary_mask_entries_codim1[&lt;lambda&gt;11]" time="0.0004329681396484375"><skipped message="Suite splitting in effect" type="pytest.skip">src/pymortests/grid.py:365: &lt;py._xmlgen.raw object at 0x7fb29d627828&gt;</skipped></testcase><testcase classname="src.pymortests.grid" file="src/pymortests/grid.py" line="365" name="test_boundary_mask_entries_codim1[&lt;lambda&gt;12]" time="0.0004134178161621094"><skipped message="Suite splitting in effect" type="pytest.skip">src/pymortests/grid.py:365: &lt;py._xmlgen.raw object at 0x7fb29d632048&gt;</skipped></testcase><testcase classname="src.pymortests.grid" file="src/pymortests/grid.py" line="365" name="test_boundary_mask_entries_codim1[&lt;lambda&gt;13]" time="0.0004246234893798828"><skipped message="Suite splitting in effect" type="pytest.skip">src/pymortests/grid.py:365: &lt;py._xmlgen.raw object at 0x7fb29d63a198&gt;</skipped></testcase><testcase classname="src.pymortests.grid" file="src/pymortests/grid.py" line="365" name="test_boundary_mask_entries_codim1[&lt;lambda&gt;14]" time="0.0004439353942871094"><skipped message="Suite splitting in effect" type="pytest.skip">src/pymortests/grid.py:365: &lt;py._xmlgen.raw object at 0x7fb29d63ac18&gt;</skipped></testcase><testcase classname="src.pymortests.grid" file="src/pymortests/grid.py" line="365" name="test_boundary_mask_entries_codim1[&lt;lambda&gt;15]" time="0.0004489421844482422"><skipped message="Suite splitting in effect" type="pytest.skip">src/pymortests/grid.py:365: &lt;py._xmlgen.raw object at 0x7fb2c6ea5b38&gt;</skipped></testcase><testcase classname="src.pymortests.grid" file="src/pymortests/grid.py" line="365" name="test_boundary_mask_entries_codim1[&lt;lambda&gt;16]" time="0.0004391670227050781"><skipped message="Suite splitting in effect" type="pytest.skip">src/pymortests/grid.py:365: &lt;py._xmlgen.raw object at 0x7fb2c6f139b0&gt;</skipped></testcase><testcase classname="src.pymortests.grid" file="src/pymortests/grid.py" line="365" name="test_boundary_mask_entries_codim1[&lt;lambda&gt;17]" time="0.00042510032653808594"><skipped message="Suite splitting in effect" type="pytest.skip">src/pymortests/grid.py:365: &lt;py._xmlgen.raw object at 0x7fb29d63aa20&gt;</skipped></testcase><testcase classname="src.pymortests.grid" file="src/pymortests/grid.py" line="365" name="test_boundary_mask_entries_codim1[&lt;lambda&gt;18]" time="0.0004544258117675781"><skipped message="Suite splitting in effect" type="pytest.skip">src/pymortests/grid.py:365: &lt;py._xmlgen.raw object at 0x7fb29d63a5c0&gt;</skipped></testcase><testcase classname="src.pymortests.grid" file="src/pymortests/grid.py" line="365" name="test_boundary_mask_entries_codim1[&lt;lambda&gt;19]" time="0.00041675567626953125"><skipped message="Suite splitting in effect" type="pytest.skip">src/pymortests/grid.py:365: &lt;py._xmlgen.raw object at 0x7fb29d632518&gt;</skipped></testcase><testcase classname="src.pymortests.grid" file="src/pymortests/grid.py" line="365" name="test_boundary_mask_entries_codim1[&lt;lambda&gt;20]" time="0.00040030479431152344"><skipped message="Suite splitting in effect" type="pytest.skip">src/pymortests/grid.py:365: &lt;py._xmlgen.raw object at 0x7fb29d632208&gt;</skipped></testcase><testcase classname="src.pymortests.grid" file="src/pymortests/grid.py" line="365" name="test_boundary_mask_entries_codim1[&lt;lambda&gt;21]" time="0.0004477500915527344"><skipped message="Suite splitting in effect" type="pytest.skip">src/pymortests/grid.py:365: &lt;py._xmlgen.raw object at 0x7fb29d61d160&gt;</skipped></testcase><testcase classname="src.pymortests.grid" file="src/pymortests/grid.py" line="365" name="test_boundary_mask_entries_codim1[&lt;lambda&gt;22]" time="0.0004711151123046875"><skipped message="Suite splitting in effect" type="pytest.skip">src/pymortests/grid.py:365: &lt;py._xmlgen.raw object at 0x7fb29d627dd8&gt;</skipped></testcase><testcase classname="src.pymortests.grid" file="src/pymortests/grid.py" line="365" name="test_boundary_mask_entries_codim1[&lt;lambda&gt;23]" time="0.00042748451232910156"><skipped message="Suite splitting in effect" type="pytest.skip">src/pymortests/grid.py:365: &lt;py._xmlgen.raw object at 0x7fb29d675cc0&gt;</skipped></testcase><testcase classname="src.pymortests.grid" file="src/pymortests/grid.py" line="365" name="test_boundary_mask_entries_codim1[&lt;lambda&gt;24]" time="0.00042939186096191406"><skipped message="Suite splitting in effect" type="pytest.skip">src/pymortests/grid.py:365: &lt;py._xmlgen.raw object at 0x7fb29d627240&gt;</skipped></testcase><testcase classname="src.pymortests.grid" file="src/pymortests/grid.py" line="365" name="test_boundary_mask_entries_codim1[&lt;lambda&gt;25]" time="0.0004367828369140625"><skipped message="Suite splitting in effect" type="pytest.skip">src/pymortests/grid.py:365: &lt;py._xmlgen.raw object at 0x7fb2c6f048d0&gt;</skipped></testcase><testcase classname="src.pymortests.grid" file="src/pymortests/grid.py" line="365" name="test_boundary_mask_entries_codim1[&lt;lambda&gt;26]" time="0.00039649009704589844"><skipped message="Suite splitting in effect" type="pytest.skip">src/pymortests/grid.py:365: &lt;py._xmlgen.raw object at 0x7fb29d6322b0&gt;</skipped></testcase><testcase classname="src.pymortests.grid" file="src/pymortests/grid.py" line="365" name="test_boundary_mask_entries_codim1[&lt;lambda&gt;27]" time="0.0004181861877441406"><skipped message="Suite splitting in effect" type="pytest.skip">src/pymortests/grid.py:365: &lt;py._xmlgen.raw object at 0x7fb29d632a58&gt;</skipped></testcase><testcase classname="src.pymortests.grid" file="src/pymortests/grid.py" line="365" name="test_boundary_mask_entries_codim1[&lt;lambda&gt;28]" time="0.00041556358337402344"><skipped message="Suite splitting in effect" type="pytest.skip">src/pymortests/grid.py:365: &lt;py._xmlgen.raw object at 0x7fb29d63a5c0&gt;</skipped></testcase><testcase classname="src.pymortests.grid" file="src/pymortests/grid.py" line="365" name="test_boundary_mask_entries_codim1[&lt;lambda&gt;29]" time="0.0004107952117919922"><skipped message="Suite splitting in effect" type="pytest.skip">src/pymortests/grid.py:365: &lt;py._xmlgen.raw object at 0x7fb29d63ac18&gt;</skipped></testcase><testcase classname="src.pymortests.grid" file="src/pymortests/grid.py" line="365" name="test_boundary_mask_entries_codim1[&lt;lambda&gt;30]" time="0.0004391670227050781"><skipped message="Suite splitting in effect" type="pytest.skip">src/pymortests/grid.py:365: &lt;py._xmlgen.raw object at 0x7fb2c6f13240&gt;</skipped></testcase><testcase classname="src.pymortests.grid" file="src/pymortests/grid.py" line="365" name="test_boundary_mask_entries_codim1[&lt;lambda&gt;31]" time="0.0004138946533203125"><skipped message="Suite splitting in effect" type="pytest.skip">src/pymortests/grid.py:365: &lt;py._xmlgen.raw object at 0x7fb29d68c5f8&gt;</skipped></testcase><testcase classname="src.pymortests.grid" file="src/pymortests/grid.py" line="365" name="test_boundary_mask_entries_codim1[&lt;lambda&gt;32]" time="0.0007116794586181641"><skipped message="Suite splitting in effect" type="pytest.skip">src/pymortests/grid.py:365: &lt;py._xmlgen.raw object at 0x7fb29d6830b8&gt;</skipped></testcase><testcase classname="src.pymortests.grid" file="src/pymortests/grid.py" line="365" name="test_boundary_mask_entries_codim1[&lt;lambda&gt;33]" time="0.00043463706970214844"><skipped message="Suite splitting in effect" type="pytest.skip">src/pymortests/grid.py:365: &lt;py._xmlgen.raw object at 0x7fb29d63a1d0&gt;</skipped></testcase><testcase classname="src.pymortests.grid" file="src/pymortests/grid.py" line="365" name="test_boundary_mask_entries_codim1[&lt;lambda&gt;34]" time="0.0004456043243408203"><skipped message="Suite splitting in effect" type="pytest.skip">src/pymortests/grid.py:365: &lt;py._xmlgen.raw object at 0x7fb29d6325f8&gt;</skipped></testcase><testcase classname="src.pymortests.grid" file="src/pymortests/grid.py" line="365" name="test_boundary_mask_entries_codim1[&lt;lambda&gt;35]" time="0.00047326087951660156"><skipped message="Suite splitting in effect" type="pytest.skip">src/pymortests/grid.py:365: &lt;py._xmlgen.raw object at 0x7fb29d6322e8&gt;</skipped></testcase><testcase classname="src.pymortests.grid" file="src/pymortests/grid.py" line="365" name="test_boundary_mask_entries_codim1[&lt;lambda&gt;36]" time="0.0004191398620605469"><skipped message="Suite splitting in effect" type="pytest.skip">src/pymortests/grid.py:365: &lt;py._xmlgen.raw object at 0x7fb2c6eb7748&gt;</skipped></testcase><testcase classname="src.pymortests.grid" file="src/pymortests/grid.py" line="365" name="test_boundary_mask_entries_codim1[&lt;lambda&gt;37]" time="0.0004353523254394531"><skipped message="Suite splitting in effect" type="pytest.skip">src/pymortests/grid.py:365: &lt;py._xmlgen.raw object at 0x7fb29d627048&gt;</skipped></testcase><testcase classname="src.pymortests.grid" file="src/pymortests/grid.py" line="365" name="test_boundary_mask_entries_codim1[&lt;lambda&gt;38]" time="0.00041174888610839844"><skipped message="Suite splitting in effect" type="pytest.skip">src/pymortests/grid.py:365: &lt;py._xmlgen.raw object at 0x7fb29d68c208&gt;</skipped></testcase><testcase classname="src.pymortests.grid" file="src/pymortests/grid.py" line="365" name="test_boundary_mask_entries_codim1[&lt;lambda&gt;39]" time="0.000457763671875"><skipped message="Suite splitting in effect" type="pytest.skip">src/pymortests/grid.py:365: &lt;py._xmlgen.raw object at 0x7fb29d66d390&gt;</skipped></testcase><testcase classname="src.pymortests.grid" file="src/pymortests/grid.py" line="365" name="test_boundary_mask_entries_codim1[&lt;lambda&gt;40]" time="0.0006973743438720703"><skipped message="Suite splitting in effect" type="pytest.skip">src/pymortests/grid.py:365: &lt;py._xmlgen.raw object at 0x7fb29d66d908&gt;</skipped></testcase><testcase classname="src.pymortests.grid" file="src/pymortests/grid.py" line="365" name="test_boundary_mask_entries_codim1[&lt;lambda&gt;41]" time="0.000438690185546875"><skipped message="Suite splitting in effect" type="pytest.skip">src/pymortests/grid.py:365: &lt;py._xmlgen.raw object at 0x7fb29d627f60&gt;</skipped></testcase><testcase classname="src.pymortests.grid" file="src/pymortests/grid.py" line="365" name="test_boundary_mask_entries_codim1[&lt;lambda&gt;42]" time="0.0004146099090576172"><skipped message="Suite splitting in effect" type="pytest.skip">src/pymortests/grid.py:365: &lt;py._xmlgen.raw object at 0x7fb29d675cc0&gt;</skipped></testcase><testcase classname="src.pymortests.grid" file="src/pymortests/grid.py" line="374" name="test_boundary_mask_entries_codim0[&lt;lambda&gt;0]" time="0.00043845176696777344"><skipped message="Suite splitting in effect" type="pytest.skip">src/pymortests/grid.py:374: &lt;py._xmlgen.raw object at 0x7fb29d61d5f8&gt;</skipped></testcase><testcase classname="src.pymortests.grid" file="src/pymortests/grid.py" line="374" name="test_boundary_mask_entries_codim0[&lt;lambda&gt;1]" time="0.0004208087921142578"><skipped message="Suite splitting in effect" type="pytest.skip">src/pymortests/grid.py:374: &lt;py._xmlgen.raw object at 0x7fb29d632d30&gt;</skipped></testcase><testcase classname="src.pymortests.grid" file="src/pymortests/grid.py" line="374" name="test_boundary_mask_entries_codim0[&lt;lambda&gt;2]" time="0.0004172325134277344"><skipped message="Suite splitting in effect" type="pytest.skip">src/pymortests/grid.py:374: &lt;py._xmlgen.raw object at 0x7fb29d63a5c0&gt;</skipped></testcase><testcase classname="src.pymortests.grid" file="src/pymortests/grid.py" line="374" name="test_boundary_mask_entries_codim0[&lt;lambda&gt;3]" time="0.0004181861877441406"><skipped message="Suite splitting in effect" type="pytest.skip">src/pymortests/grid.py:374: &lt;py._xmlgen.raw object at 0x7fb2c6f7cc18&gt;</skipped></testcase><testcase classname="src.pymortests.grid" file="src/pymortests/grid.py" line="374" name="test_boundary_mask_entries_codim0[&lt;lambda&gt;4]" time="0.0004398822784423828"><skipped message="Suite splitting in effect" type="pytest.skip">src/pymortests/grid.py:374: &lt;py._xmlgen.raw object at 0x7fb29d6444e0&gt;</skipped></testcase><testcase classname="src.pymortests.grid" file="src/pymortests/grid.py" line="374" name="test_boundary_mask_entries_codim0[&lt;lambda&gt;5]" time="0.0008080005645751953"><skipped message="Suite splitting in effect" type="pytest.skip">src/pymortests/grid.py:374: &lt;py._xmlgen.raw object at 0x7fb29d644a20&gt;</skipped></testcase><testcase classname="src.pymortests.grid" file="src/pymortests/grid.py" line="374" name="test_boundary_mask_entries_codim0[&lt;lambda&gt;6]" time="0.00041961669921875"><skipped message="Suite splitting in effect" type="pytest.skip">src/pymortests/grid.py:374: &lt;py._xmlgen.raw object at 0x7fb29d63a1d0&gt;</skipped></testcase><testcase classname="src.pymortests.grid" file="src/pymortests/grid.py" line="374" name="test_boundary_mask_entries_codim0[&lt;lambda&gt;7]" time="0.00047588348388671875"><skipped message="Suite splitting in effect" type="pytest.skip">src/pymortests/grid.py:374: &lt;py._xmlgen.raw object at 0x7fb29d6325c0&gt;</skipped></testcase><testcase classname="src.pymortests.grid" file="src/pymortests/grid.py" line="374" name="test_boundary_mask_entries_codim0[&lt;lambda&gt;8]" time="0.00043463706970214844"><skipped message="Suite splitting in effect" type="pytest.skip">src/pymortests/grid.py:374: &lt;py._xmlgen.raw object at 0x7fb2c6eb7208&gt;</skipped></testcase><testcase classname="src.pymortests.grid" file="src/pymortests/grid.py" line="374" name="test_boundary_mask_entries_codim0[&lt;lambda&gt;9]" time="0.00046181678771972656"><skipped message="Suite splitting in effect" type="pytest.skip">src/pymortests/grid.py:374: &lt;py._xmlgen.raw object at 0x7fb2c6f046d8&gt;</skipped></testcase><testcase classname="src.pymortests.grid" file="src/pymortests/grid.py" line="374" name="test_boundary_mask_entries_codim0[&lt;lambda&gt;10]" time="0.00043964385986328125"><skipped message="Suite splitting in effect" type="pytest.skip">src/pymortests/grid.py:374: &lt;py._xmlgen.raw object at 0x7fb29d68c4a8&gt;</skipped></testcase><testcase classname="src.pymortests.grid" file="src/pymortests/grid.py" line="374" name="test_boundary_mask_entries_codim0[&lt;lambda&gt;11]" time="0.0004885196685791016"><skipped message="Suite splitting in effect" type="pytest.skip">src/pymortests/grid.py:374: &lt;py._xmlgen.raw object at 0x7fb29d644588&gt;</skipped></testcase><testcase classname="src.pymortests.grid" file="src/pymortests/grid.py" line="374" name="test_boundary_mask_entries_codim0[&lt;lambda&gt;12]" time="0.0004169940948486328"><skipped message="Suite splitting in effect" type="pytest.skip">src/pymortests/grid.py:374: &lt;py._xmlgen.raw object at 0x7fb29d644390&gt;</skipped></testcase><testcase classname="src.pymortests.grid" file="src/pymortests/grid.py" line="374" name="test_boundary_mask_entries_codim0[&lt;lambda&gt;13]" time="0.0007288455963134766"><skipped message="Suite splitting in effect" type="pytest.skip">src/pymortests/grid.py:374: &lt;py._xmlgen.raw object at 0x7fb29d644f60&gt;</skipped></testcase><testcase classname="src.pymortests.grid" file="src/pymortests/grid.py" line="374" name="test_boundary_mask_entries_codim0[&lt;lambda&gt;14]" time="0.0004448890686035156"><skipped message="Suite splitting in effect" type="pytest.skip">src/pymortests/grid.py:374: &lt;py._xmlgen.raw object at 0x7fb29d644b38&gt;</skipped></testcase><testcase classname="src.pymortests.grid" file="src/pymortests/grid.py" line="374" name="test_boundary_mask_entries_codim0[&lt;lambda&gt;15]" time="0.0004379749298095703"><skipped message="Suite splitting in effect" type="pytest.skip">src/pymortests/grid.py:374: &lt;py._xmlgen.raw object at 0x7fb29d644128&gt;</skipped></testcase><testcase classname="src.pymortests.grid" file="src/pymortests/grid.py" line="374" name="test_boundary_mask_entries_codim0[&lt;lambda&gt;16]" time="0.0004265308380126953"><skipped message="Suite splitting in effect" type="pytest.skip">src/pymortests/grid.py:374: &lt;py._xmlgen.raw object at 0x7fb29d6272b0&gt;</skipped></testcase><testcase classname="src.pymortests.grid" file="src/pymortests/grid.py" line="374" name="test_boundary_mask_entries_codim0[&lt;lambda&gt;17]" time="0.00045013427734375"><skipped message="Suite splitting in effect" type="pytest.skip">src/pymortests/grid.py:374: &lt;py._xmlgen.raw object at 0x7fb2c6eb7208&gt;</skipped></testcase><testcase classname="src.pymortests.grid" file="src/pymortests/grid.py" line="374" name="test_boundary_mask_entries_codim0[&lt;lambda&gt;18]" time="0.00041031837463378906"><skipped message="Suite splitting in effect" type="pytest.skip">src/pymortests/grid.py:374: &lt;py._xmlgen.raw object at 0x7fb29d632d30&gt;</skipped></testcase><testcase classname="src.pymortests.grid" file="src/pymortests/grid.py" line="374" name="test_boundary_mask_entries_codim0[&lt;lambda&gt;19]" time="0.00042319297790527344"><skipped message="Suite splitting in effect" type="pytest.skip">src/pymortests/grid.py:374: &lt;py._xmlgen.raw object at 0x7fb2c6f130f0&gt;</skipped></testcase><testcase classname="src.pymortests.grid" file="src/pymortests/grid.py" line="374" name="test_boundary_mask_entries_codim0[&lt;lambda&gt;20]" time="0.0004458427429199219"><skipped message="Suite splitting in effect" type="pytest.skip">src/pymortests/grid.py:374: &lt;py._xmlgen.raw object at 0x7fb29d5d9080&gt;</skipped></testcase><testcase classname="src.pymortests.grid" file="src/pymortests/grid.py" line="374" name="test_boundary_mask_entries_codim0[&lt;lambda&gt;21]" time="0.0004987716674804688"><skipped message="Suite splitting in effect" type="pytest.skip">src/pymortests/grid.py:374: &lt;py._xmlgen.raw object at 0x7fb29d5d95c0&gt;</skipped></testcase><testcase classname="src.pymortests.grid" file="src/pymortests/grid.py" line="374" name="test_boundary_mask_entries_codim0[&lt;lambda&gt;22]" time="0.0004620552062988281"><skipped message="Suite splitting in effect" type="pytest.skip">src/pymortests/grid.py:374: &lt;py._xmlgen.raw object at 0x7fb2c6f13630&gt;</skipped></testcase><testcase classname="src.pymortests.grid" file="src/pymortests/grid.py" line="374" name="test_boundary_mask_entries_codim0[&lt;lambda&gt;23]" time="0.0004246234893798828"><skipped message="Suite splitting in effect" type="pytest.skip">src/pymortests/grid.py:374: &lt;py._xmlgen.raw object at 0x7fb29d61d5f8&gt;</skipped></testcase><testcase classname="src.pymortests.grid" file="src/pymortests/grid.py" line="374" name="test_boundary_mask_entries_codim0[&lt;lambda&gt;24]" time="0.00041794776916503906"><skipped message="Suite splitting in effect" type="pytest.skip">src/pymortests/grid.py:374: &lt;py._xmlgen.raw object at 0x7fb2c6eb7d30&gt;</skipped></testcase><testcase classname="src.pymortests.grid" file="src/pymortests/grid.py" line="374" name="test_boundary_mask_entries_codim0[&lt;lambda&gt;25]" time="0.0004649162292480469"><skipped message="Suite splitting in effect" type="pytest.skip">src/pymortests/grid.py:374: &lt;py._xmlgen.raw object at 0x7fb29d627048&gt;</skipped></testcase><testcase classname="src.pymortests.grid" file="src/pymortests/grid.py" line="374" name="test_boundary_mask_entries_codim0[&lt;lambda&gt;26]" time="0.0004532337188720703"><skipped message="Suite splitting in effect" type="pytest.skip">src/pymortests/grid.py:374: &lt;py._xmlgen.raw object at 0x7fb29d644550&gt;</skipped></testcase><testcase classname="src.pymortests.grid" file="src/pymortests/grid.py" line="374" name="test_boundary_mask_entries_codim0[&lt;lambda&gt;27]" time="0.00044465065002441406"><skipped message="Suite splitting in effect" type="pytest.skip">src/pymortests/grid.py:374: &lt;py._xmlgen.raw object at 0x7fb29d644d68&gt;</skipped></testcase><testcase classname="src.pymortests.grid" file="src/pymortests/grid.py" line="374" name="test_boundary_mask_entries_codim0[&lt;lambda&gt;28]" time="0.00043654441833496094"><skipped message="Suite splitting in effect" type="pytest.skip">src/pymortests/grid.py:374: &lt;py._xmlgen.raw object at 0x7fb29d5d93c8&gt;</skipped></testcase><testcase classname="src.pymortests.grid" file="src/pymortests/grid.py" line="374" name="test_boundary_mask_entries_codim0[&lt;lambda&gt;29]" time="0.0004241466522216797"><skipped message="Suite splitting in effect" type="pytest.skip">src/pymortests/grid.py:374: &lt;py._xmlgen.raw object at 0x7fb29d5d9ac8&gt;</skipped></testcase><testcase classname="src.pymortests.grid" file="src/pymortests/grid.py" line="374" name="test_boundary_mask_entries_codim0[&lt;lambda&gt;30]" time="0.0007581710815429688"><skipped message="Suite splitting in effect" type="pytest.skip">src/pymortests/grid.py:374: &lt;py._xmlgen.raw object at 0x7fb29d644908&gt;</skipped></testcase><testcase classname="src.pymortests.grid" file="src/pymortests/grid.py" line="374" name="test_boundary_mask_entries_codim0[&lt;lambda&gt;31]" time="0.0004057884216308594"><skipped message="Suite splitting in effect" type="pytest.skip">src/pymortests/grid.py:374: &lt;py._xmlgen.raw object at 0x7fb2c6f048d0&gt;</skipped></testcase><testcase classname="src.pymortests.grid" file="src/pymortests/grid.py" line="374" name="test_boundary_mask_entries_codim0[&lt;lambda&gt;32]" time="0.0004405975341796875"><skipped message="Suite splitting in effect" type="pytest.skip">src/pymortests/grid.py:374: &lt;py._xmlgen.raw object at 0x7fb2c6ed9ef0&gt;</skipped></testcase><testcase classname="src.pymortests.grid" file="src/pymortests/grid.py" line="374" name="test_boundary_mask_entries_codim0[&lt;lambda&gt;33]" time="0.00044345855712890625"><skipped message="Suite splitting in effect" type="pytest.skip">src/pymortests/grid.py:374: &lt;py._xmlgen.raw object at 0x7fb2c6ec5f98&gt;</skipped></testcase><testcase classname="src.pymortests.grid" file="src/pymortests/grid.py" line="374" name="test_boundary_mask_entries_codim0[&lt;lambda&gt;34]" time="0.0004634857177734375"><skipped message="Suite splitting in effect" type="pytest.skip">src/pymortests/grid.py:374: &lt;py._xmlgen.raw object at 0x7fb2c6f13198&gt;</skipped></testcase><testcase classname="src.pymortests.grid" file="src/pymortests/grid.py" line="374" name="test_boundary_mask_entries_codim0[&lt;lambda&gt;35]" time="0.00043010711669921875"><skipped message="Suite splitting in effect" type="pytest.skip">src/pymortests/grid.py:374: &lt;py._xmlgen.raw object at 0x7fb29d5d9d68&gt;</skipped></testcase><testcase classname="src.pymortests.grid" file="src/pymortests/grid.py" line="374" name="test_boundary_mask_entries_codim0[&lt;lambda&gt;36]" time="0.0004329681396484375"><skipped message="Suite splitting in effect" type="pytest.skip">src/pymortests/grid.py:374: &lt;py._xmlgen.raw object at 0x7fb29d5d93c8&gt;</skipped></testcase><testcase classname="src.pymortests.grid" file="src/pymortests/grid.py" line="374" name="test_boundary_mask_entries_codim0[&lt;lambda&gt;37]" time="0.0004343986511230469"><skipped message="Suite splitting in effect" type="pytest.skip">src/pymortests/grid.py:374: &lt;py._xmlgen.raw object at 0x7fb29d5e2080&gt;</skipped></testcase><testcase classname="src.pymortests.grid" file="src/pymortests/grid.py" line="374" name="test_boundary_mask_entries_codim0[&lt;lambda&gt;38]" time="0.0007293224334716797"><skipped message="Suite splitting in effect" type="pytest.skip">src/pymortests/grid.py:374: &lt;py._xmlgen.raw object at 0x7fb29d5d9198&gt;</skipped></testcase><testcase classname="src.pymortests.grid" file="src/pymortests/grid.py" line="374" name="test_boundary_mask_entries_codim0[&lt;lambda&gt;39]" time="0.0004153251647949219"><skipped message="Suite splitting in effect" type="pytest.skip">src/pymortests/grid.py:374: &lt;py._xmlgen.raw object at 0x7fb29d5d99e8&gt;</skipped></testcase><testcase classname="src.pymortests.grid" file="src/pymortests/grid.py" line="374" name="test_boundary_mask_entries_codim0[&lt;lambda&gt;40]" time="0.0004303455352783203"><skipped message="Suite splitting in effect" type="pytest.skip">src/pymortests/grid.py:374: &lt;py._xmlgen.raw object at 0x7fb2c6f13198&gt;</skipped></testcase><testcase classname="src.pymortests.grid" file="src/pymortests/grid.py" line="374" name="test_boundary_mask_entries_codim0[&lt;lambda&gt;41]" time="0.0004260540008544922"><skipped message="Suite splitting in effect" type="pytest.skip">src/pymortests/grid.py:374: &lt;py._xmlgen.raw object at 0x7fb2c6ed99b0&gt;</skipped></testcase><testcase classname="src.pymortests.grid" file="src/pymortests/grid.py" line="374" name="test_boundary_mask_entries_codim0[&lt;lambda&gt;42]" time="0.00047326087951660156"><skipped message="Suite splitting in effect" type="pytest.skip">src/pymortests/grid.py:374: &lt;py._xmlgen.raw object at 0x7fb2c6e6a128&gt;</skipped></testcase><testcase classname="src.pymortests.grid" file="src/pymortests/grid.py" line="384" name="test_boundary_mask_entries_codim_d[&lt;lambda&gt;0]" time="0.00044155120849609375"><skipped message="Suite splitting in effect" type="pytest.skip">src/pymortests/grid.py:384: &lt;py._xmlgen.raw object at 0x7fb29d68c978&gt;</skipped></testcase><testcase classname="src.pymortests.grid" file="src/pymortests/grid.py" line="384" name="test_boundary_mask_entries_codim_d[&lt;lambda&gt;1]" time="0.0004165172576904297"><skipped message="Suite splitting in effect" type="pytest.skip">src/pymortests/grid.py:384: &lt;py._xmlgen.raw object at 0x7fb29d5e2128&gt;</skipped></testcase><testcase classname="src.pymortests.grid" file="src/pymortests/grid.py" line="384" name="test_boundary_mask_entries_codim_d[&lt;lambda&gt;2]" time="0.00043654441833496094"><skipped message="Suite splitting in effect" type="pytest.skip">src/pymortests/grid.py:384: &lt;py._xmlgen.raw object at 0x7fb29d5e2908&gt;</skipped></testcase><testcase classname="src.pymortests.grid" file="src/pymortests/grid.py" line="384" name="test_boundary_mask_entries_codim_d[&lt;lambda&gt;3]" time="0.0007407665252685547"><skipped message="Suite splitting in effect" type="pytest.skip">src/pymortests/grid.py:384: &lt;py._xmlgen.raw object at 0x7fb29d5e2e48&gt;</skipped></testcase><testcase classname="src.pymortests.grid" file="src/pymortests/grid.py" line="384" name="test_boundary_mask_entries_codim_d[&lt;lambda&gt;4]" time="0.00044655799865722656"><skipped message="Suite splitting in effect" type="pytest.skip">src/pymortests/grid.py:384: &lt;py._xmlgen.raw object at 0x7fb29d6272e8&gt;</skipped></testcase><testcase classname="src.pymortests.grid" file="src/pymortests/grid.py" line="384" name="test_boundary_mask_entries_codim_d[&lt;lambda&gt;5]" time="0.0004696846008300781"><skipped message="Suite splitting in effect" type="pytest.skip">src/pymortests/grid.py:384: &lt;py._xmlgen.raw object at 0x7fb2c6e6a668&gt;</skipped></testcase><testcase classname="src.pymortests.grid" file="src/pymortests/grid.py" line="384" name="test_boundary_mask_entries_codim_d[&lt;lambda&gt;6]" time="0.0004305839538574219"><skipped message="Suite splitting in effect" type="pytest.skip">src/pymortests/grid.py:384: &lt;py._xmlgen.raw object at 0x7fb29d632a58&gt;</skipped></testcase><testcase classname="src.pymortests.grid" file="src/pymortests/grid.py" line="384" name="test_boundary_mask_entries_codim_d[&lt;lambda&gt;7]" time="0.0004181861877441406"><skipped message="Suite splitting in effect" type="pytest.skip">src/pymortests/grid.py:384: &lt;py._xmlgen.raw object at 0x7fb29d63a1d0&gt;</skipped></testcase><testcase classname="src.pymortests.grid" file="src/pymortests/grid.py" line="384" name="test_boundary_mask_entries_codim_d[&lt;lambda&gt;8]" time="0.00043511390686035156"><skipped message="Suite splitting in effect" type="pytest.skip">src/pymortests/grid.py:384: &lt;py._xmlgen.raw object at 0x7fb29d5d9470&gt;</skipped></testcase><testcase classname="src.pymortests.grid" file="src/pymortests/grid.py" line="384" name="test_boundary_mask_entries_codim_d[&lt;lambda&gt;9]" time="0.0003936290740966797"><skipped message="Suite splitting in effect" type="pytest.skip">src/pymortests/grid.py:384: &lt;py._xmlgen.raw object at 0x7fb29d5e2c50&gt;</skipped></testcase><testcase classname="src.pymortests.grid" file="src/pymortests/grid.py" line="384" name="test_boundary_mask_entries_codim_d[&lt;lambda&gt;10]" time="0.0005285739898681641"><skipped message="Suite splitting in effect" type="pytest.skip">src/pymortests/grid.py:384: &lt;py._xmlgen.raw object at 0x7fb29d5e25c0&gt;</skipped></testcase><testcase classname="src.pymortests.grid" file="src/pymortests/grid.py" line="384" name="test_boundary_mask_entries_codim_d[&lt;lambda&gt;11]" time="0.0007078647613525391"><skipped message="Suite splitting in effect" type="pytest.skip">src/pymortests/grid.py:384: &lt;py._xmlgen.raw object at 0x7fb29d5eb3c8&gt;</skipped></testcase><testcase classname="src.pymortests.grid" file="src/pymortests/grid.py" line="384" name="test_boundary_mask_entries_codim_d[&lt;lambda&gt;12]" time="0.0004229545593261719"><skipped message="Suite splitting in effect" type="pytest.skip">src/pymortests/grid.py:384: &lt;py._xmlgen.raw object at 0x7fb29d5e2c88&gt;</skipped></testcase><testcase classname="src.pymortests.grid" file="src/pymortests/grid.py" line="384" name="test_boundary_mask_entries_codim_d[&lt;lambda&gt;13]" time="0.00044798851013183594"><skipped message="Suite splitting in effect" type="pytest.skip">src/pymortests/grid.py:384: &lt;py._xmlgen.raw object at 0x7fb29d5d9f28&gt;</skipped></testcase><testcase classname="src.pymortests.grid" file="src/pymortests/grid.py" line="384" name="test_boundary_mask_entries_codim_d[&lt;lambda&gt;14]" time="0.00045037269592285156"><skipped message="Suite splitting in effect" type="pytest.skip">src/pymortests/grid.py:384: &lt;py._xmlgen.raw object at 0x7fb29d63ac18&gt;</skipped></testcase><testcase classname="src.pymortests.grid" file="src/pymortests/grid.py" line="384" name="test_boundary_mask_entries_codim_d[&lt;lambda&gt;15]" time="0.0004470348358154297"><skipped message="Suite splitting in effect" type="pytest.skip">src/pymortests/grid.py:384: &lt;py._xmlgen.raw object at 0x7fb2c6ed9a58&gt;</skipped></testcase><testcase classname="src.pymortests.grid" file="src/pymortests/grid.py" line="384" name="test_boundary_mask_entries_codim_d[&lt;lambda&gt;16]" time="0.0004413127899169922"><skipped message="Suite splitting in effect" type="pytest.skip">src/pymortests/grid.py:384: &lt;py._xmlgen.raw object at 0x7fb29d627e48&gt;</skipped></testcase><testcase classname="src.pymortests.grid" file="src/pymortests/grid.py" line="384" name="test_boundary_mask_entries_codim_d[&lt;lambda&gt;17]" time="0.00042891502380371094"><skipped message="Suite splitting in effect" type="pytest.skip">src/pymortests/grid.py:384: &lt;py._xmlgen.raw object at 0x7fb29d644e10&gt;</skipped></testcase><testcase classname="src.pymortests.grid" file="src/pymortests/grid.py" line="384" name="test_boundary_mask_entries_codim_d[&lt;lambda&gt;18]" time="0.00041413307189941406"><skipped message="Suite splitting in effect" type="pytest.skip">src/pymortests/grid.py:384: &lt;py._xmlgen.raw object at 0x7fb29d5eb208&gt;</skipped></testcase><testcase classname="src.pymortests.grid" file="src/pymortests/grid.py" line="384" name="test_boundary_mask_entries_codim_d[&lt;lambda&gt;19]" time="0.0004277229309082031"><skipped message="Suite splitting in effect" type="pytest.skip">src/pymortests/grid.py:384: &lt;py._xmlgen.raw object at 0x7fb29d5eb9e8&gt;</skipped></testcase><testcase classname="src.pymortests.grid" file="src/pymortests/grid.py" line="384" name="test_boundary_mask_entries_codim_d[&lt;lambda&gt;20]" time="0.0004394054412841797"><skipped message="Suite splitting in effect" type="pytest.skip">src/pymortests/grid.py:384: &lt;py._xmlgen.raw object at 0x7fb2c6e7b828&gt;</skipped></testcase><testcase classname="src.pymortests.grid" file="src/pymortests/grid.py" line="384" name="test_boundary_mask_entries_codim_d[&lt;lambda&gt;21]" time="0.0004107952117919922"><skipped message="Suite splitting in effect" type="pytest.skip">src/pymortests/grid.py:384: &lt;py._xmlgen.raw object at 0x7fb2c6e6a3c8&gt;</skipped></testcase><testcase classname="src.pymortests.grid" file="src/pymortests/grid.py" line="384" name="test_boundary_mask_entries_codim_d[&lt;lambda&gt;22]" time="0.0004200935363769531"><skipped message="Suite splitting in effect" type="pytest.skip">src/pymortests/grid.py:384: &lt;py._xmlgen.raw object at 0x7fb29d63a0f0&gt;</skipped></testcase><testcase classname="src.pymortests.grid" file="src/pymortests/grid.py" line="384" name="test_boundary_mask_entries_codim_d[&lt;lambda&gt;23]" time="0.00040841102600097656"><skipped message="Suite splitting in effect" type="pytest.skip">src/pymortests/grid.py:384: &lt;py._xmlgen.raw object at 0x7fb29d5d96a0&gt;</skipped></testcase><testcase classname="src.pymortests.grid" file="src/pymortests/grid.py" line="384" name="test_boundary_mask_entries_codim_d[&lt;lambda&gt;24]" time="0.00045418739318847656"><skipped message="Suite splitting in effect" type="pytest.skip">src/pymortests/grid.py:384: &lt;py._xmlgen.raw object at 0x7fb29d5e2da0&gt;</skipped></testcase><testcase classname="src.pymortests.grid" file="src/pymortests/grid.py" line="384" name="test_boundary_mask_entries_codim_d[&lt;lambda&gt;25]" time="0.0004329681396484375"><skipped message="Suite splitting in effect" type="pytest.skip">src/pymortests/grid.py:384: &lt;py._xmlgen.raw object at 0x7fb29d5ebb00&gt;</skipped></testcase><testcase classname="src.pymortests.grid" file="src/pymortests/grid.py" line="384" name="test_boundary_mask_entries_codim_d[&lt;lambda&gt;26]" time="0.0004379749298095703"><skipped message="Suite splitting in effect" type="pytest.skip">src/pymortests/grid.py:384: &lt;py._xmlgen.raw object at 0x7fb29d5eb4a8&gt;</skipped></testcase><testcase classname="src.pymortests.grid" file="src/pymortests/grid.py" line="384" name="test_boundary_mask_entries_codim_d[&lt;lambda&gt;27]" time="0.000457763671875"><skipped message="Suite splitting in effect" type="pytest.skip">src/pymortests/grid.py:384: &lt;py._xmlgen.raw object at 0x7fb29d5ebef0&gt;</skipped></testcase><testcase classname="src.pymortests.grid" file="src/pymortests/grid.py" line="384" name="test_boundary_mask_entries_codim_d[&lt;lambda&gt;28]" time="0.0004444122314453125"><skipped message="Suite splitting in effect" type="pytest.skip">src/pymortests/grid.py:384: &lt;py._xmlgen.raw object at 0x7fb2c6ed9668&gt;</skipped></testcase><testcase classname="src.pymortests.grid" file="src/pymortests/grid.py" line="384" name="test_boundary_mask_entries_codim_d[&lt;lambda&gt;29]" time="0.00041604042053222656"><skipped message="Suite splitting in effect" type="pytest.skip">src/pymortests/grid.py:384: &lt;py._xmlgen.raw object at 0x7fb2c6e8c4e0&gt;</skipped></testcase><testcase classname="src.pymortests.grid" file="src/pymortests/grid.py" line="384" name="test_boundary_mask_entries_codim_d[&lt;lambda&gt;30]" time="0.00040984153747558594"><skipped message="Suite splitting in effect" type="pytest.skip">src/pymortests/grid.py:384: &lt;py._xmlgen.raw object at 0x7fb29d5ebf60&gt;</skipped></testcase><testcase classname="src.pymortests.grid" file="src/pymortests/grid.py" line="384" name="test_boundary_mask_entries_codim_d[&lt;lambda&gt;31]" time="0.000408172607421875"><skipped message="Suite splitting in effect" type="pytest.skip">src/pymortests/grid.py:384: &lt;py._xmlgen.raw object at 0x7fb29d5eb7f0&gt;</skipped></testcase><testcase classname="src.pymortests.grid" file="src/pymortests/grid.py" line="384" name="test_boundary_mask_entries_codim_d[&lt;lambda&gt;32]" time="0.0004107952117919922"><skipped message="Suite splitting in effect" type="pytest.skip">src/pymortests/grid.py:384: &lt;py._xmlgen.raw object at 0x7fb29d5d97f0&gt;</skipped></testcase><testcase classname="src.pymortests.grid" file="src/pymortests/grid.py" line="384" name="test_boundary_mask_entries_codim_d[&lt;lambda&gt;33]" time="0.0004057884216308594"><skipped message="Suite splitting in effect" type="pytest.skip">src/pymortests/grid.py:384: &lt;py._xmlgen.raw object at 0x7fb29d5e24e0&gt;</skipped></testcase><testcase classname="src.pymortests.grid" file="src/pymortests/grid.py" line="384" name="test_boundary_mask_entries_codim_d[&lt;lambda&gt;34]" time="0.00042724609375"><skipped message="Suite splitting in effect" type="pytest.skip">src/pymortests/grid.py:384: &lt;py._xmlgen.raw object at 0x7fb29d5e2fd0&gt;</skipped></testcase><testcase classname="src.pymortests.grid" file="src/pymortests/grid.py" line="384" name="test_boundary_mask_entries_codim_d[&lt;lambda&gt;35]" time="0.0004420280456542969"><skipped message="Suite splitting in effect" type="pytest.skip">src/pymortests/grid.py:384: &lt;py._xmlgen.raw object at 0x7fb29d644550&gt;</skipped></testcase><testcase classname="src.pymortests.grid" file="src/pymortests/grid.py" line="384" name="test_boundary_mask_entries_codim_d[&lt;lambda&gt;36]" time="0.0007250308990478516"><skipped message="Suite splitting in effect" type="pytest.skip">src/pymortests/grid.py:384: &lt;py._xmlgen.raw object at 0x7fb29d5e27b8&gt;</skipped></testcase><testcase classname="src.pymortests.grid" file="src/pymortests/grid.py" line="384" name="test_boundary_mask_entries_codim_d[&lt;lambda&gt;37]" time="0.00044155120849609375"><skipped message="Suite splitting in effect" type="pytest.skip">src/pymortests/grid.py:384: &lt;py._xmlgen.raw object at 0x7fb29d5d99e8&gt;</skipped></testcase><testcase classname="src.pymortests.grid" file="src/pymortests/grid.py" line="384" name="test_boundary_mask_entries_codim_d[&lt;lambda&gt;38]" time="0.0004973411560058594"><skipped message="Suite splitting in effect" type="pytest.skip">src/pymortests/grid.py:384: &lt;py._xmlgen.raw object at 0x7fb29d5eb400&gt;</skipped></testcase><testcase classname="src.pymortests.grid" file="src/pymortests/grid.py" line="384" name="test_boundary_mask_entries_codim_d[&lt;lambda&gt;39]" time="0.0003991127014160156"><skipped message="Suite splitting in effect" type="pytest.skip">src/pymortests/grid.py:384: &lt;py._xmlgen.raw object at 0x7fb29d5ebd30&gt;</skipped></testcase><testcase classname="src.pymortests.grid" file="src/pymortests/grid.py" line="384" name="test_boundary_mask_entries_codim_d[&lt;lambda&gt;40]" time="0.0004181861877441406"><skipped message="Suite splitting in effect" type="pytest.skip">src/pymortests/grid.py:384: &lt;py._xmlgen.raw object at 0x7fb2c6e8c630&gt;</skipped></testcase><testcase classname="src.pymortests.grid" file="src/pymortests/grid.py" line="384" name="test_boundary_mask_entries_codim_d[&lt;lambda&gt;41]" time="0.00043702125549316406"><skipped message="Suite splitting in effect" type="pytest.skip">src/pymortests/grid.py:384: &lt;py._xmlgen.raw object at 0x7fb29d632d30&gt;</skipped></testcase><testcase classname="src.pymortests.grid" file="src/pymortests/grid.py" line="384" name="test_boundary_mask_entries_codim_d[&lt;lambda&gt;42]" time="0.0004885196685791016"><skipped message="Suite splitting in effect" type="pytest.skip">src/pymortests/grid.py:384: &lt;py._xmlgen.raw object at 0x7fb29d644dd8&gt;</skipped></testcase><testcase classname="src.pymortests.grid" file="src/pymortests/grid.py" line="395" name="test_boundaries_wrong_arguments[&lt;lambda&gt;0]" time="0.0004627704620361328"><skipped message="Suite splitting in effect" type="pytest.skip">src/pymortests/grid.py:395: &lt;py._xmlgen.raw object at 0x7fb29d627dd8&gt;</skipped></testcase><testcase classname="src.pymortests.grid" file="src/pymortests/grid.py" line="395" name="test_boundaries_wrong_arguments[&lt;lambda&gt;1]" time="0.00042319297790527344"><skipped message="Suite splitting in effect" type="pytest.skip">src/pymortests/grid.py:395: &lt;py._xmlgen.raw object at 0x7fb29d66d8d0&gt;</skipped></testcase><testcase classname="src.pymortests.grid" file="src/pymortests/grid.py" line="395" name="test_boundaries_wrong_arguments[&lt;lambda&gt;2]" time="0.00046133995056152344"><skipped message="Suite splitting in effect" type="pytest.skip">src/pymortests/grid.py:395: &lt;py._xmlgen.raw object at 0x7fb2c6f13630&gt;</skipped></testcase><testcase classname="src.pymortests.grid" file="src/pymortests/grid.py" line="395" name="test_boundaries_wrong_arguments[&lt;lambda&gt;3]" time="0.0005362033843994141"><skipped message="Suite splitting in effect" type="pytest.skip">src/pymortests/grid.py:395: &lt;py._xmlgen.raw object at 0x7fb2c6eb7dd8&gt;</skipped></testcase><testcase classname="src.pymortests.grid" file="src/pymortests/grid.py" line="395" name="test_boundaries_wrong_arguments[&lt;lambda&gt;4]" time="0.0004374980926513672"><skipped message="Suite splitting in effect" type="pytest.skip">src/pymortests/grid.py:395: &lt;py._xmlgen.raw object at 0x7fb2c6e8ccc0&gt;</skipped></testcase><testcase classname="src.pymortests.grid" file="src/pymortests/grid.py" line="395" name="test_boundaries_wrong_arguments[&lt;lambda&gt;5]" time="0.00045418739318847656"><skipped message="Suite splitting in effect" type="pytest.skip">src/pymortests/grid.py:395: &lt;py._xmlgen.raw object at 0x7fb29d5eb2e8&gt;</skipped></testcase><testcase classname="src.pymortests.grid" file="src/pymortests/grid.py" line="395" name="test_boundaries_wrong_arguments[&lt;lambda&gt;6]" time="0.0004646778106689453"><skipped message="Suite splitting in effect" type="pytest.skip">src/pymortests/grid.py:395: &lt;py._xmlgen.raw object at 0x7fb29d5d9278&gt;</skipped></testcase><testcase classname="src.pymortests.grid" file="src/pymortests/grid.py" line="395" name="test_boundaries_wrong_arguments[&lt;lambda&gt;7]" time="0.00045871734619140625"><skipped message="Suite splitting in effect" type="pytest.skip">src/pymortests/grid.py:395: &lt;py._xmlgen.raw object at 0x7fb29d5e2668&gt;</skipped></testcase><testcase classname="src.pymortests.grid" file="src/pymortests/grid.py" line="395" name="test_boundaries_wrong_arguments[&lt;lambda&gt;8]" time="0.0004525184631347656"><skipped message="Suite splitting in effect" type="pytest.skip">src/pymortests/grid.py:395: &lt;py._xmlgen.raw object at 0x7fb29d5fc0f0&gt;</skipped></testcase><testcase classname="src.pymortests.grid" file="src/pymortests/grid.py" line="395" name="test_boundaries_wrong_arguments[&lt;lambda&gt;9]" time="0.0007646083831787109"><skipped message="Suite splitting in effect" type="pytest.skip">src/pymortests/grid.py:395: &lt;py._xmlgen.raw object at 0x7fb29d5fc630&gt;</skipped></testcase><testcase classname="src.pymortests.grid" file="src/pymortests/grid.py" line="395" name="test_boundaries_wrong_arguments[&lt;lambda&gt;10]" time="0.000415802001953125"><skipped message="Suite splitting in effect" type="pytest.skip">src/pymortests/grid.py:395: &lt;py._xmlgen.raw object at 0x7fb29d5e2550&gt;</skipped></testcase><testcase classname="src.pymortests.grid" file="src/pymortests/grid.py" line="395" name="test_boundaries_wrong_arguments[&lt;lambda&gt;11]" time="0.0004570484161376953"><skipped message="Suite splitting in effect" type="pytest.skip">src/pymortests/grid.py:395: &lt;py._xmlgen.raw object at 0x7fb2c6e7b6d8&gt;</skipped></testcase><testcase classname="src.pymortests.grid" file="src/pymortests/grid.py" line="395" name="test_boundaries_wrong_arguments[&lt;lambda&gt;12]" time="0.0004324913024902344"><skipped message="Suite splitting in effect" type="pytest.skip">src/pymortests/grid.py:395: &lt;py._xmlgen.raw object at 0x7fb29d5ebe10&gt;</skipped></testcase><testcase classname="src.pymortests.grid" file="src/pymortests/grid.py" line="395" name="test_boundaries_wrong_arguments[&lt;lambda&gt;13]" time="0.0004286766052246094"><skipped message="Suite splitting in effect" type="pytest.skip">src/pymortests/grid.py:395: &lt;py._xmlgen.raw object at 0x7fb2c6e6a3c8&gt;</skipped></testcase><testcase classname="src.pymortests.grid" file="src/pymortests/grid.py" line="395" name="test_boundaries_wrong_arguments[&lt;lambda&gt;14]" time="0.00044417381286621094"><skipped message="Suite splitting in effect" type="pytest.skip">src/pymortests/grid.py:395: &lt;py._xmlgen.raw object at 0x7fb2c6e1df28&gt;</skipped></testcase><testcase classname="src.pymortests.grid" file="src/pymortests/grid.py" line="395" name="test_boundaries_wrong_arguments[&lt;lambda&gt;15]" time="0.00043129920959472656"><skipped message="Suite splitting in effect" type="pytest.skip">src/pymortests/grid.py:395: &lt;py._xmlgen.raw object at 0x7fb2c6f52e48&gt;</skipped></testcase><testcase classname="src.pymortests.grid" file="src/pymortests/grid.py" line="395" name="test_boundaries_wrong_arguments[&lt;lambda&gt;16]" time="0.00043320655822753906"><skipped message="Suite splitting in effect" type="pytest.skip">src/pymortests/grid.py:395: &lt;py._xmlgen.raw object at 0x7fb29d5fc518&gt;</skipped></testcase><testcase classname="src.pymortests.grid" file="src/pymortests/grid.py" line="395" name="test_boundaries_wrong_arguments[&lt;lambda&gt;17]" time="0.0004210472106933594"><skipped message="Suite splitting in effect" type="pytest.skip">src/pymortests/grid.py:395: &lt;py._xmlgen.raw object at 0x7fb29d5fcb70&gt;</skipped></testcase><testcase classname="src.pymortests.grid" file="src/pymortests/grid.py" line="395" name="test_boundaries_wrong_arguments[&lt;lambda&gt;18]" time="0.00043964385986328125"><skipped message="Suite splitting in effect" type="pytest.skip">src/pymortests/grid.py:395: &lt;py._xmlgen.raw object at 0x7fb29d644a58&gt;</skipped></testcase><testcase classname="src.pymortests.grid" file="src/pymortests/grid.py" line="395" name="test_boundaries_wrong_arguments[&lt;lambda&gt;19]" time="0.0004482269287109375"><skipped message="Suite splitting in effect" type="pytest.skip">src/pymortests/grid.py:395: &lt;py._xmlgen.raw object at 0x7fb2c6e8c630&gt;</skipped></testcase><testcase classname="src.pymortests.grid" file="src/pymortests/grid.py" line="395" name="test_boundaries_wrong_arguments[&lt;lambda&gt;20]" time="0.0004718303680419922"><skipped message="Suite splitting in effect" type="pytest.skip">src/pymortests/grid.py:395: &lt;py._xmlgen.raw object at 0x7fb29d5ebac8&gt;</skipped></testcase><testcase classname="src.pymortests.grid" file="src/pymortests/grid.py" line="395" name="test_boundaries_wrong_arguments[&lt;lambda&gt;21]" time="0.00047659873962402344"><skipped message="Suite splitting in effect" type="pytest.skip">src/pymortests/grid.py:395: &lt;py._xmlgen.raw object at 0x7fb29d5d95f8&gt;</skipped></testcase><testcase classname="src.pymortests.grid" file="src/pymortests/grid.py" line="395" name="test_boundaries_wrong_arguments[&lt;lambda&gt;22]" time="0.00047779083251953125"><skipped message="Suite splitting in effect" type="pytest.skip">src/pymortests/grid.py:395: &lt;py._xmlgen.raw object at 0x7fb29d5e2668&gt;</skipped></testcase><testcase classname="src.pymortests.grid" file="src/pymortests/grid.py" line="395" name="test_boundaries_wrong_arguments[&lt;lambda&gt;23]" time="0.00043511390686035156"><skipped message="Suite splitting in effect" type="pytest.skip">src/pymortests/grid.py:395: &lt;py._xmlgen.raw object at 0x7fb29d5fc588&gt;</skipped></testcase><testcase classname="src.pymortests.grid" file="src/pymortests/grid.py" line="395" name="test_boundaries_wrong_arguments[&lt;lambda&gt;24]" time="0.00046253204345703125"><skipped message="Suite splitting in effect" type="pytest.skip">src/pymortests/grid.py:395: &lt;py._xmlgen.raw object at 0x7fb29d5fc748&gt;</skipped></testcase><testcase classname="src.pymortests.grid" file="src/pymortests/grid.py" line="395" name="test_boundaries_wrong_arguments[&lt;lambda&gt;25]" time="0.0004222393035888672"><skipped message="Suite splitting in effect" type="pytest.skip">src/pymortests/grid.py:395: &lt;py._xmlgen.raw object at 0x7fb29d6040b8&gt;</skipped></testcase><testcase classname="src.pymortests.grid" file="src/pymortests/grid.py" line="395" name="test_boundaries_wrong_arguments[&lt;lambda&gt;26]" time="0.0008032321929931641"><skipped message="Suite splitting in effect" type="pytest.skip">src/pymortests/grid.py:395: &lt;py._xmlgen.raw object at 0x7fb29d5fce48&gt;</skipped></testcase><testcase classname="src.pymortests.grid" file="src/pymortests/grid.py" line="395" name="test_boundaries_wrong_arguments[&lt;lambda&gt;27]" time="0.0004317760467529297"><skipped message="Suite splitting in effect" type="pytest.skip">src/pymortests/grid.py:395: &lt;py._xmlgen.raw object at 0x7fb29d5fcc50&gt;</skipped></testcase><testcase classname="src.pymortests.grid" file="src/pymortests/grid.py" line="395" name="test_boundaries_wrong_arguments[&lt;lambda&gt;28]" time="0.0004374980926513672"><skipped message="Suite splitting in effect" type="pytest.skip">src/pymortests/grid.py:395: &lt;py._xmlgen.raw object at 0x7fb2c6e2fa90&gt;</skipped></testcase><testcase classname="src.pymortests.grid" file="src/pymortests/grid.py" line="395" name="test_boundaries_wrong_arguments[&lt;lambda&gt;29]" time="0.0004146099090576172"><skipped message="Suite splitting in effect" type="pytest.skip">src/pymortests/grid.py:395: &lt;py._xmlgen.raw object at 0x7fb29d5d94e0&gt;</skipped></testcase><testcase classname="src.pymortests.grid" file="src/pymortests/grid.py" line="395" name="test_boundaries_wrong_arguments[&lt;lambda&gt;30]" time="0.0004208087921142578"><skipped message="Suite splitting in effect" type="pytest.skip">src/pymortests/grid.py:395: &lt;py._xmlgen.raw object at 0x7fb2c6e8ceb8&gt;</skipped></testcase><testcase classname="src.pymortests.grid" file="src/pymortests/grid.py" line="395" name="test_boundaries_wrong_arguments[&lt;lambda&gt;31]" time="0.0004134178161621094"><skipped message="Suite splitting in effect" type="pytest.skip">src/pymortests/grid.py:395: &lt;py._xmlgen.raw object at 0x7fb2c6eb72b0&gt;</skipped></testcase><testcase classname="src.pymortests.grid" file="src/pymortests/grid.py" line="395" name="test_boundaries_wrong_arguments[&lt;lambda&gt;32]" time="0.0004360675811767578"><skipped message="Suite splitting in effect" type="pytest.skip">src/pymortests/grid.py:395: &lt;py._xmlgen.raw object at 0x7fb29d6448d0&gt;</skipped></testcase><testcase classname="src.pymortests.grid" file="src/pymortests/grid.py" line="395" name="test_boundaries_wrong_arguments[&lt;lambda&gt;33]" time="0.0004677772521972656"><skipped message="Suite splitting in effect" type="pytest.skip">src/pymortests/grid.py:395: &lt;py._xmlgen.raw object at 0x7fb29d6045f8&gt;</skipped></testcase><testcase classname="src.pymortests.grid" file="src/pymortests/grid.py" line="395" name="test_boundaries_wrong_arguments[&lt;lambda&gt;34]" time="0.000762939453125"><skipped message="Suite splitting in effect" type="pytest.skip">src/pymortests/grid.py:395: &lt;py._xmlgen.raw object at 0x7fb29d627390&gt;</skipped></testcase><testcase classname="src.pymortests.grid" file="src/pymortests/grid.py" line="395" name="test_boundaries_wrong_arguments[&lt;lambda&gt;35]" time="0.0004208087921142578"><skipped message="Suite splitting in effect" type="pytest.skip">src/pymortests/grid.py:395: &lt;py._xmlgen.raw object at 0x7fb2c6e8cac8&gt;</skipped></testcase><testcase classname="src.pymortests.grid" file="src/pymortests/grid.py" line="395" name="test_boundaries_wrong_arguments[&lt;lambda&gt;36]" time="0.0004405975341796875"><skipped message="Suite splitting in effect" type="pytest.skip">src/pymortests/grid.py:395: &lt;py._xmlgen.raw object at 0x7fb29d5ebac8&gt;</skipped></testcase><testcase classname="src.pymortests.grid" file="src/pymortests/grid.py" line="395" name="test_boundaries_wrong_arguments[&lt;lambda&gt;37]" time="0.000461578369140625"><skipped message="Suite splitting in effect" type="pytest.skip">src/pymortests/grid.py:395: &lt;py._xmlgen.raw object at 0x7fb29d5e2da0&gt;</skipped></testcase><testcase classname="src.pymortests.grid" file="src/pymortests/grid.py" line="395" name="test_boundaries_wrong_arguments[&lt;lambda&gt;38]" time="0.00047278404235839844"><skipped message="Suite splitting in effect" type="pytest.skip">src/pymortests/grid.py:395: &lt;py._xmlgen.raw object at 0x7fb29d5fc320&gt;</skipped></testcase><testcase classname="src.pymortests.grid" file="src/pymortests/grid.py" line="395" name="test_boundaries_wrong_arguments[&lt;lambda&gt;39]" time="0.0004169940948486328"><skipped message="Suite splitting in effect" type="pytest.skip">src/pymortests/grid.py:395: &lt;py._xmlgen.raw object at 0x7fb29d5fc128&gt;</skipped></testcase><testcase classname="src.pymortests.grid" file="src/pymortests/grid.py" line="395" name="test_boundaries_wrong_arguments[&lt;lambda&gt;40]" time="0.00044798851013183594"><skipped message="Suite splitting in effect" type="pytest.skip">src/pymortests/grid.py:395: &lt;py._xmlgen.raw object at 0x7fb29d6044e0&gt;</skipped></testcase><testcase classname="src.pymortests.grid" file="src/pymortests/grid.py" line="395" name="test_boundaries_wrong_arguments[&lt;lambda&gt;41]" time="0.00043487548828125"><skipped message="Suite splitting in effect" type="pytest.skip">src/pymortests/grid.py:395: &lt;py._xmlgen.raw object at 0x7fb29d604eb8&gt;</skipped></testcase><testcase classname="src.pymortests.grid" file="src/pymortests/grid.py" line="395" name="test_boundaries_wrong_arguments[&lt;lambda&gt;42]" time="0.0007662773132324219"><skipped message="Suite splitting in effect" type="pytest.skip">src/pymortests/grid.py:395: &lt;py._xmlgen.raw object at 0x7fb29d60c438&gt;</skipped></testcase><testcase classname="src.pymortests.grid" file="src/pymortests/grid.py" line="403" name="test_boundaries_shape[&lt;lambda&gt;0]" time="0.0004067420959472656"><skipped message="Suite splitting in effect" type="pytest.skip">src/pymortests/grid.py:403: &lt;py._xmlgen.raw object at 0x7fb29d604518&gt;</skipped></testcase><testcase classname="src.pymortests.grid" file="src/pymortests/grid.py" line="403" name="test_boundaries_shape[&lt;lambda&gt;1]" time="0.0004253387451171875"><skipped message="Suite splitting in effect" type="pytest.skip">src/pymortests/grid.py:403: &lt;py._xmlgen.raw object at 0x7fb29d5fcf98&gt;</skipped></testcase><testcase classname="src.pymortests.grid" file="src/pymortests/grid.py" line="403" name="test_boundaries_shape[&lt;lambda&gt;2]" time="0.00044035911560058594"><skipped message="Suite splitting in effect" type="pytest.skip">src/pymortests/grid.py:403: &lt;py._xmlgen.raw object at 0x7fb2c6e2f2b0&gt;</skipped></testcase><testcase classname="src.pymortests.grid" file="src/pymortests/grid.py" line="403" name="test_boundaries_shape[&lt;lambda&gt;3]" time="0.0004570484161376953"><skipped message="Suite splitting in effect" type="pytest.skip">src/pymortests/grid.py:403: &lt;py._xmlgen.raw object at 0x7fb29d5d94e0&gt;</skipped></testcase><testcase classname="src.pymortests.grid" file="src/pymortests/grid.py" line="403" name="test_boundaries_shape[&lt;lambda&gt;4]" time="0.0004355907440185547"><skipped message="Suite splitting in effect" type="pytest.skip">src/pymortests/grid.py:403: &lt;py._xmlgen.raw object at 0x7fb29d5ebd68&gt;</skipped></testcase><testcase classname="src.pymortests.grid" file="src/pymortests/grid.py" line="403" name="test_boundaries_shape[&lt;lambda&gt;5]" time="0.00045013427734375"><skipped message="Suite splitting in effect" type="pytest.skip">src/pymortests/grid.py:403: &lt;py._xmlgen.raw object at 0x7fb29d644550&gt;</skipped></testcase><testcase classname="src.pymortests.grid" file="src/pymortests/grid.py" line="403" name="test_boundaries_shape[&lt;lambda&gt;6]" time="0.00044083595275878906"><skipped message="Suite splitting in effect" type="pytest.skip">src/pymortests/grid.py:403: &lt;py._xmlgen.raw object at 0x7fb29d60c2e8&gt;</skipped></testcase><testcase classname="src.pymortests.grid" file="src/pymortests/grid.py" line="403" name="test_boundaries_shape[&lt;lambda&gt;7]" time="0.0007245540618896484"><skipped message="Suite splitting in effect" type="pytest.skip">src/pymortests/grid.py:403: &lt;py._xmlgen.raw object at 0x7fb29d60c978&gt;</skipped></testcase><testcase classname="src.pymortests.grid" file="src/pymortests/grid.py" line="403" name="test_boundaries_shape[&lt;lambda&gt;8]" time="0.0004177093505859375"><skipped message="Suite splitting in effect" type="pytest.skip">src/pymortests/grid.py:403: &lt;py._xmlgen.raw object at 0x7fb29d5eb6a0&gt;</skipped></testcase><testcase classname="src.pymortests.grid" file="src/pymortests/grid.py" line="403" name="test_boundaries_shape[&lt;lambda&gt;9]" time="0.00043654441833496094"><skipped message="Suite splitting in effect" type="pytest.skip">src/pymortests/grid.py:403: &lt;py._xmlgen.raw object at 0x7fb29d5e2550&gt;</skipped></testcase><testcase classname="src.pymortests.grid" file="src/pymortests/grid.py" line="403" name="test_boundaries_shape[&lt;lambda&gt;10]" time="0.0004520416259765625"><skipped message="Suite splitting in effect" type="pytest.skip">src/pymortests/grid.py:403: &lt;py._xmlgen.raw object at 0x7fb2c6e2fbe0&gt;</skipped></testcase><testcase classname="src.pymortests.grid" file="src/pymortests/grid.py" line="403" name="test_boundaries_shape[&lt;lambda&gt;11]" time="0.00046634674072265625"><skipped message="Suite splitting in effect" type="pytest.skip">src/pymortests/grid.py:403: &lt;py._xmlgen.raw object at 0x7fb29d5fc748&gt;</skipped></testcase><testcase classname="src.pymortests.grid" file="src/pymortests/grid.py" line="403" name="test_boundaries_shape[&lt;lambda&gt;12]" time="0.00043964385986328125"><skipped message="Suite splitting in effect" type="pytest.skip">src/pymortests/grid.py:403: &lt;py._xmlgen.raw object at 0x7fb29d6044e0&gt;</skipped></testcase><testcase classname="src.pymortests.grid" file="src/pymortests/grid.py" line="403" name="test_boundaries_shape[&lt;lambda&gt;13]" time="0.000461578369140625"><skipped message="Suite splitting in effect" type="pytest.skip">src/pymortests/grid.py:403: &lt;py._xmlgen.raw object at 0x7fb29d60cb00&gt;</skipped></testcase><testcase classname="src.pymortests.grid" file="src/pymortests/grid.py" line="403" name="test_boundaries_shape[&lt;lambda&gt;14]" time="0.0004458427429199219"><skipped message="Suite splitting in effect" type="pytest.skip">src/pymortests/grid.py:403: &lt;py._xmlgen.raw object at 0x7fb29d60c160&gt;</skipped></testcase><testcase classname="src.pymortests.grid" file="src/pymortests/grid.py" line="403" name="test_boundaries_shape[&lt;lambda&gt;15]" time="0.00043702125549316406"><skipped message="Suite splitting in effect" type="pytest.skip">src/pymortests/grid.py:403: &lt;py._xmlgen.raw object at 0x7fb29d60cfd0&gt;</skipped></testcase><testcase classname="src.pymortests.grid" file="src/pymortests/grid.py" line="403" name="test_boundaries_shape[&lt;lambda&gt;16]" time="0.0004177093505859375"><skipped message="Suite splitting in effect" type="pytest.skip">src/pymortests/grid.py:403: &lt;py._xmlgen.raw object at 0x7fb29d60c208&gt;</skipped></testcase><testcase classname="src.pymortests.grid" file="src/pymortests/grid.py" line="403" name="test_boundaries_shape[&lt;lambda&gt;17]" time="0.000408172607421875"><skipped message="Suite splitting in effect" type="pytest.skip">src/pymortests/grid.py:403: &lt;py._xmlgen.raw object at 0x7fb29d604f28&gt;</skipped></testcase><testcase classname="src.pymortests.grid" file="src/pymortests/grid.py" line="403" name="test_boundaries_shape[&lt;lambda&gt;18]" time="0.0004184246063232422"><skipped message="Suite splitting in effect" type="pytest.skip">src/pymortests/grid.py:403: &lt;py._xmlgen.raw object at 0x7fb29d6045f8&gt;</skipped></testcase><testcase classname="src.pymortests.grid" file="src/pymortests/grid.py" line="403" name="test_boundaries_shape[&lt;lambda&gt;19]" time="0.0004191398620605469"><skipped message="Suite splitting in effect" type="pytest.skip">src/pymortests/grid.py:403: &lt;py._xmlgen.raw object at 0x7fb2c6e51e48&gt;</skipped></testcase><testcase classname="src.pymortests.grid" file="src/pymortests/grid.py" line="403" name="test_boundaries_shape[&lt;lambda&gt;20]" time="0.00043773651123046875"><skipped message="Suite splitting in effect" type="pytest.skip">src/pymortests/grid.py:403: &lt;py._xmlgen.raw object at 0x7fb2c6e2f748&gt;</skipped></testcase><testcase classname="src.pymortests.grid" file="src/pymortests/grid.py" line="403" name="test_boundaries_shape[&lt;lambda&gt;21]" time="0.00042366981506347656"><skipped message="Suite splitting in effect" type="pytest.skip">src/pymortests/grid.py:403: &lt;py._xmlgen.raw object at 0x7fb29d5ebd68&gt;</skipped></testcase><testcase classname="src.pymortests.grid" file="src/pymortests/grid.py" line="403" name="test_boundaries_shape[&lt;lambda&gt;22]" time="0.0004374980926513672"><skipped message="Suite splitting in effect" type="pytest.skip">src/pymortests/grid.py:403: &lt;py._xmlgen.raw object at 0x7fb29d644dd8&gt;</skipped></testcase><testcase classname="src.pymortests.grid" file="src/pymortests/grid.py" line="403" name="test_boundaries_shape[&lt;lambda&gt;23]" time="0.0004553794860839844"><skipped message="Suite splitting in effect" type="pytest.skip">src/pymortests/grid.py:403: &lt;py._xmlgen.raw object at 0x7fb29d59a4e0&gt;</skipped></testcase><testcase classname="src.pymortests.grid" file="src/pymortests/grid.py" line="403" name="test_boundaries_shape[&lt;lambda&gt;24]" time="0.0007987022399902344"><skipped message="Suite splitting in effect" type="pytest.skip">src/pymortests/grid.py:403: &lt;py._xmlgen.raw object at 0x7fb29d5eb2e8&gt;</skipped></testcase><testcase classname="src.pymortests.grid" file="src/pymortests/grid.py" line="403" name="test_boundaries_shape[&lt;lambda&gt;25]" time="0.0004220008850097656"><skipped message="Suite splitting in effect" type="pytest.skip">src/pymortests/grid.py:403: &lt;py._xmlgen.raw object at 0x7fb2c6e2ff28&gt;</skipped></testcase><testcase classname="src.pymortests.grid" file="src/pymortests/grid.py" line="403" name="test_boundaries_shape[&lt;lambda&gt;26]" time="0.0004277229309082031"><skipped message="Suite splitting in effect" type="pytest.skip">src/pymortests/grid.py:403: &lt;py._xmlgen.raw object at 0x7fb29d5fc978&gt;</skipped></testcase><testcase classname="src.pymortests.grid" file="src/pymortests/grid.py" line="403" name="test_boundaries_shape[&lt;lambda&gt;27]" time="0.0004444122314453125"><skipped message="Suite splitting in effect" type="pytest.skip">src/pymortests/grid.py:403: &lt;py._xmlgen.raw object at 0x7fb29d6045f8&gt;</skipped></testcase><testcase classname="src.pymortests.grid" file="src/pymortests/grid.py" line="403" name="test_boundaries_shape[&lt;lambda&gt;28]" time="0.0004630088806152344"><skipped message="Suite splitting in effect" type="pytest.skip">src/pymortests/grid.py:403: &lt;py._xmlgen.raw object at 0x7fb29d60ca90&gt;</skipped></testcase><testcase classname="src.pymortests.grid" file="src/pymortests/grid.py" line="403" name="test_boundaries_shape[&lt;lambda&gt;29]" time="0.00047278404235839844"><skipped message="Suite splitting in effect" type="pytest.skip">src/pymortests/grid.py:403: &lt;py._xmlgen.raw object at 0x7fb29d60cef0&gt;</skipped></testcase><testcase classname="src.pymortests.grid" file="src/pymortests/grid.py" line="403" name="test_boundaries_shape[&lt;lambda&gt;30]" time="0.0004191398620605469"><skipped message="Suite splitting in effect" type="pytest.skip">src/pymortests/grid.py:403: &lt;py._xmlgen.raw object at 0x7fb29d59a198&gt;</skipped></testcase><testcase classname="src.pymortests.grid" file="src/pymortests/grid.py" line="403" name="test_boundaries_shape[&lt;lambda&gt;31]" time="0.0004172325134277344"><skipped message="Suite splitting in effect" type="pytest.skip">src/pymortests/grid.py:403: &lt;py._xmlgen.raw object at 0x7fb29d59aa20&gt;</skipped></testcase><testcase classname="src.pymortests.grid" file="src/pymortests/grid.py" line="403" name="test_boundaries_shape[&lt;lambda&gt;32]" time="0.0007140636444091797"><skipped message="Suite splitting in effect" type="pytest.skip">src/pymortests/grid.py:403: &lt;py._xmlgen.raw object at 0x7fb29d60cda0&gt;</skipped></testcase><testcase classname="src.pymortests.grid" file="src/pymortests/grid.py" line="403" name="test_boundaries_shape[&lt;lambda&gt;33]" time="0.00041031837463378906"><skipped message="Suite splitting in effect" type="pytest.skip">src/pymortests/grid.py:403: &lt;py._xmlgen.raw object at 0x7fb2c6de3908&gt;</skipped></testcase><testcase classname="src.pymortests.grid" file="src/pymortests/grid.py" line="403" name="test_boundaries_shape[&lt;lambda&gt;34]" time="0.0005075931549072266"><skipped message="Suite splitting in effect" type="pytest.skip">src/pymortests/grid.py:403: &lt;py._xmlgen.raw object at 0x7fb29d604cc0&gt;</skipped></testcase><testcase classname="src.pymortests.grid" file="src/pymortests/grid.py" line="403" name="test_boundaries_shape[&lt;lambda&gt;35]" time="0.0004382133483886719"><skipped message="Suite splitting in effect" type="pytest.skip">src/pymortests/grid.py:403: &lt;py._xmlgen.raw object at 0x7fb29d5fcc88&gt;</skipped></testcase><testcase classname="src.pymortests.grid" file="src/pymortests/grid.py" line="403" name="test_boundaries_shape[&lt;lambda&gt;36]" time="0.0004658699035644531"><skipped message="Suite splitting in effect" type="pytest.skip">src/pymortests/grid.py:403: &lt;py._xmlgen.raw object at 0x7fb2c6e405f8&gt;</skipped></testcase><testcase classname="src.pymortests.grid" file="src/pymortests/grid.py" line="403" name="test_boundaries_shape[&lt;lambda&gt;37]" time="0.00042510032653808594"><skipped message="Suite splitting in effect" type="pytest.skip">src/pymortests/grid.py:403: &lt;py._xmlgen.raw object at 0x7fb29d59aa20&gt;</skipped></testcase><testcase classname="src.pymortests.grid" file="src/pymortests/grid.py" line="403" name="test_boundaries_shape[&lt;lambda&gt;38]" time="0.0004477500915527344"><skipped message="Suite splitting in effect" type="pytest.skip">src/pymortests/grid.py:403: &lt;py._xmlgen.raw object at 0x7fb29d59a1d0&gt;</skipped></testcase><testcase classname="src.pymortests.grid" file="src/pymortests/grid.py" line="403" name="test_boundaries_shape[&lt;lambda&gt;39]" time="0.00044226646423339844"><skipped message="Suite splitting in effect" type="pytest.skip">src/pymortests/grid.py:403: &lt;py._xmlgen.raw object at 0x7fb29d5a6320&gt;</skipped></testcase><testcase classname="src.pymortests.grid" file="src/pymortests/grid.py" line="403" name="test_boundaries_shape[&lt;lambda&gt;40]" time="0.00048470497131347656"><skipped message="Suite splitting in effect" type="pytest.skip">src/pymortests/grid.py:403: &lt;py._xmlgen.raw object at 0x7fb29d5ebd68&gt;</skipped></testcase><testcase classname="src.pymortests.grid" file="src/pymortests/grid.py" line="403" name="test_boundaries_shape[&lt;lambda&gt;41]" time="0.0004544258117675781"><skipped message="Suite splitting in effect" type="pytest.skip">src/pymortests/grid.py:403: &lt;py._xmlgen.raw object at 0x7fb2c6e51710&gt;</skipped></testcase><testcase classname="src.pymortests.grid" file="src/pymortests/grid.py" line="403" name="test_boundaries_shape[&lt;lambda&gt;42]" time="0.00042319297790527344"><skipped message="Suite splitting in effect" type="pytest.skip">src/pymortests/grid.py:403: &lt;py._xmlgen.raw object at 0x7fb29d59af28&gt;</skipped></testcase><testcase classname="src.pymortests.grid" file="src/pymortests/grid.py" line="409" name="test_boundaries_dtype[&lt;lambda&gt;0]" time="0.0004260540008544922"><skipped message="Suite splitting in effect" type="pytest.skip">src/pymortests/grid.py:409: &lt;py._xmlgen.raw object at 0x7fb29d59a898&gt;</skipped></testcase><testcase classname="src.pymortests.grid" file="src/pymortests/grid.py" line="409" name="test_boundaries_dtype[&lt;lambda&gt;1]" time="0.00043702125549316406"><skipped message="Suite splitting in effect" type="pytest.skip">src/pymortests/grid.py:409: &lt;py._xmlgen.raw object at 0x7fb2c6eb72b0&gt;</skipped></testcase><testcase classname="src.pymortests.grid" file="src/pymortests/grid.py" line="409" name="test_boundaries_dtype[&lt;lambda&gt;2]" time="0.00046253204345703125"><skipped message="Suite splitting in effect" type="pytest.skip">src/pymortests/grid.py:409: &lt;py._xmlgen.raw object at 0x7fb29d60c630&gt;</skipped></testcase><testcase classname="src.pymortests.grid" file="src/pymortests/grid.py" line="409" name="test_boundaries_dtype[&lt;lambda&gt;3]" time="0.00045680999755859375"><skipped message="Suite splitting in effect" type="pytest.skip">src/pymortests/grid.py:409: &lt;py._xmlgen.raw object at 0x7fb29d604ba8&gt;</skipped></testcase><testcase classname="src.pymortests.grid" file="src/pymortests/grid.py" line="409" name="test_boundaries_dtype[&lt;lambda&gt;4]" time="0.00042247772216796875"><skipped message="Suite splitting in effect" type="pytest.skip">src/pymortests/grid.py:409: &lt;py._xmlgen.raw object at 0x7fb29d604940&gt;</skipped></testcase><testcase classname="src.pymortests.grid" file="src/pymortests/grid.py" line="409" name="test_boundaries_dtype[&lt;lambda&gt;5]" time="0.0004200935363769531"><skipped message="Suite splitting in effect" type="pytest.skip">src/pymortests/grid.py:409: &lt;py._xmlgen.raw object at 0x7fb29d5fc6d8&gt;</skipped></testcase><testcase classname="src.pymortests.grid" file="src/pymortests/grid.py" line="409" name="test_boundaries_dtype[&lt;lambda&gt;6]" time="0.00046443939208984375"><skipped message="Suite splitting in effect" type="pytest.skip">src/pymortests/grid.py:409: &lt;py._xmlgen.raw object at 0x7fb29d5fc978&gt;</skipped></testcase><testcase classname="src.pymortests.grid" file="src/pymortests/grid.py" line="409" name="test_boundaries_dtype[&lt;lambda&gt;7]" time="0.00044536590576171875"><skipped message="Suite splitting in effect" type="pytest.skip">src/pymortests/grid.py:409: &lt;py._xmlgen.raw object at 0x7fb29d6046a0&gt;</skipped></testcase><testcase classname="src.pymortests.grid" file="src/pymortests/grid.py" line="409" name="test_boundaries_dtype[&lt;lambda&gt;8]" time="0.0004525184631347656"><skipped message="Suite splitting in effect" type="pytest.skip">src/pymortests/grid.py:409: &lt;py._xmlgen.raw object at 0x7fb29d60c358&gt;</skipped></testcase><testcase classname="src.pymortests.grid" file="src/pymortests/grid.py" line="409" name="test_boundaries_dtype[&lt;lambda&gt;9]" time="0.0005164146423339844"><skipped message="Suite splitting in effect" type="pytest.skip">src/pymortests/grid.py:409: &lt;py._xmlgen.raw object at 0x7fb2c6df2eb8&gt;</skipped></testcase><testcase classname="src.pymortests.grid" file="src/pymortests/grid.py" line="409" name="test_boundaries_dtype[&lt;lambda&gt;10]" time="0.00044226646423339844"><skipped message="Suite splitting in effect" type="pytest.skip">src/pymortests/grid.py:409: &lt;py._xmlgen.raw object at 0x7fb29d59a160&gt;</skipped></testcase><testcase classname="src.pymortests.grid" file="src/pymortests/grid.py" line="409" name="test_boundaries_dtype[&lt;lambda&gt;11]" time="0.00043392181396484375"><skipped message="Suite splitting in effect" type="pytest.skip">src/pymortests/grid.py:409: &lt;py._xmlgen.raw object at 0x7fb2c6de3fd0&gt;</skipped></testcase><testcase classname="src.pymortests.grid" file="src/pymortests/grid.py" line="409" name="test_boundaries_dtype[&lt;lambda&gt;12]" time="0.0004303455352783203"><skipped message="Suite splitting in effect" type="pytest.skip">src/pymortests/grid.py:409: &lt;py._xmlgen.raw object at 0x7fb2c6e51cf8&gt;</skipped></testcase><testcase classname="src.pymortests.grid" file="src/pymortests/grid.py" line="409" name="test_boundaries_dtype[&lt;lambda&gt;13]" time="0.00045871734619140625"><skipped message="Suite splitting in effect" type="pytest.skip">src/pymortests/grid.py:409: &lt;py._xmlgen.raw object at 0x7fb29d6900f0&gt;</skipped></testcase><testcase classname="src.pymortests.grid" file="src/pymortests/grid.py" line="409" name="test_boundaries_dtype[&lt;lambda&gt;14]" time="0.0007328987121582031"><skipped message="Suite splitting in effect" type="pytest.skip">src/pymortests/grid.py:409: &lt;py._xmlgen.raw object at 0x7fb2c6e51c50&gt;</skipped></testcase><testcase classname="src.pymortests.grid" file="src/pymortests/grid.py" line="409" name="test_boundaries_dtype[&lt;lambda&gt;15]" time="0.00043845176696777344"><skipped message="Suite splitting in effect" type="pytest.skip">src/pymortests/grid.py:409: &lt;py._xmlgen.raw object at 0x7fb2c6de3fd0&gt;</skipped></testcase><testcase classname="src.pymortests.grid" file="src/pymortests/grid.py" line="409" name="test_boundaries_dtype[&lt;lambda&gt;16]" time="0.0004355907440185547"><skipped message="Suite splitting in effect" type="pytest.skip">src/pymortests/grid.py:409: &lt;py._xmlgen.raw object at 0x7fb29d59a5f8&gt;</skipped></testcase><testcase classname="src.pymortests.grid" file="src/pymortests/grid.py" line="409" name="test_boundaries_dtype[&lt;lambda&gt;17]" time="0.0004649162292480469"><skipped message="Suite splitting in effect" type="pytest.skip">src/pymortests/grid.py:409: &lt;py._xmlgen.raw object at 0x7fb29d60cef0&gt;</skipped></testcase><testcase classname="src.pymortests.grid" file="src/pymortests/grid.py" line="409" name="test_boundaries_dtype[&lt;lambda&gt;18]" time="0.0004241466522216797"><skipped message="Suite splitting in effect" type="pytest.skip">src/pymortests/grid.py:409: &lt;py._xmlgen.raw object at 0x7fb29d63a6d8&gt;</skipped></testcase><testcase classname="src.pymortests.grid" file="src/pymortests/grid.py" line="409" name="test_boundaries_dtype[&lt;lambda&gt;19]" time="0.00047588348388671875"><skipped message="Suite splitting in effect" type="pytest.skip">src/pymortests/grid.py:409: &lt;py._xmlgen.raw object at 0x7fb2c6e07828&gt;</skipped></testcase><testcase classname="src.pymortests.grid" file="src/pymortests/grid.py" line="409" name="test_boundaries_dtype[&lt;lambda&gt;20]" time="0.0004012584686279297"><skipped message="Suite splitting in effect" type="pytest.skip">src/pymortests/grid.py:409: &lt;py._xmlgen.raw object at 0x7fb29d5fc6a0&gt;</skipped></testcase><testcase classname="src.pymortests.grid" file="src/pymortests/grid.py" line="409" name="test_boundaries_dtype[&lt;lambda&gt;21]" time="0.0004241466522216797"><skipped message="Suite splitting in effect" type="pytest.skip">src/pymortests/grid.py:409: &lt;py._xmlgen.raw object at 0x7fb29d5e2438&gt;</skipped></testcase><testcase classname="src.pymortests.grid" file="src/pymortests/grid.py" line="409" name="test_boundaries_dtype[&lt;lambda&gt;22]" time="0.0007317066192626953"><skipped message="Suite splitting in effect" type="pytest.skip">src/pymortests/grid.py:409: &lt;py._xmlgen.raw object at 0x7fb29d5e2470&gt;</skipped></testcase><testcase classname="src.pymortests.grid" file="src/pymortests/grid.py" line="409" name="test_boundaries_dtype[&lt;lambda&gt;23]" time="0.00045228004455566406"><skipped message="Suite splitting in effect" type="pytest.skip">src/pymortests/grid.py:409: &lt;py._xmlgen.raw object at 0x7fb29d5fc6a0&gt;</skipped></testcase><testcase classname="src.pymortests.grid" file="src/pymortests/grid.py" line="409" name="test_boundaries_dtype[&lt;lambda&gt;24]" time="0.0004146099090576172"><skipped message="Suite splitting in effect" type="pytest.skip">src/pymortests/grid.py:409: &lt;py._xmlgen.raw object at 0x7fb29d6047b8&gt;</skipped></testcase><testcase classname="src.pymortests.grid" file="src/pymortests/grid.py" line="409" name="test_boundaries_dtype[&lt;lambda&gt;25]" time="0.0004832744598388672"><skipped message="Suite splitting in effect" type="pytest.skip">src/pymortests/grid.py:409: &lt;py._xmlgen.raw object at 0x7fb29d60ca20&gt;</skipped></testcase><testcase classname="src.pymortests.grid" file="src/pymortests/grid.py" line="409" name="test_boundaries_dtype[&lt;lambda&gt;26]" time="0.0004029273986816406"><skipped message="Suite splitting in effect" type="pytest.skip">src/pymortests/grid.py:409: &lt;py._xmlgen.raw object at 0x7fb29d59a710&gt;</skipped></testcase><testcase classname="src.pymortests.grid" file="src/pymortests/grid.py" line="409" name="test_boundaries_dtype[&lt;lambda&gt;27]" time="0.00045228004455566406"><skipped message="Suite splitting in effect" type="pytest.skip">src/pymortests/grid.py:409: &lt;py._xmlgen.raw object at 0x7fb2c6e402b0&gt;</skipped></testcase><testcase classname="src.pymortests.grid" file="src/pymortests/grid.py" line="409" name="test_boundaries_dtype[&lt;lambda&gt;28]" time="0.0004413127899169922"><skipped message="Suite splitting in effect" type="pytest.skip">src/pymortests/grid.py:409: &lt;py._xmlgen.raw object at 0x7fb2c6e51c50&gt;</skipped></testcase><testcase classname="src.pymortests.grid" file="src/pymortests/grid.py" line="409" name="test_boundaries_dtype[&lt;lambda&gt;29]" time="0.0004329681396484375"><skipped message="Suite splitting in effect" type="pytest.skip">src/pymortests/grid.py:409: &lt;py._xmlgen.raw object at 0x7fb29d5a6ba8&gt;</skipped></testcase><testcase classname="src.pymortests.grid" file="src/pymortests/grid.py" line="409" name="test_boundaries_dtype[&lt;lambda&gt;30]" time="0.0007634162902832031"><skipped message="Suite splitting in effect" type="pytest.skip">src/pymortests/grid.py:409: &lt;py._xmlgen.raw object at 0x7fb29d5b5128&gt;</skipped></testcase><testcase classname="src.pymortests.grid" file="src/pymortests/grid.py" line="409" name="test_boundaries_dtype[&lt;lambda&gt;31]" time="0.0004496574401855469"><skipped message="Suite splitting in effect" type="pytest.skip">src/pymortests/grid.py:409: &lt;py._xmlgen.raw object at 0x7fb29d5a6208&gt;</skipped></testcase><testcase classname="src.pymortests.grid" file="src/pymortests/grid.py" line="409" name="test_boundaries_dtype[&lt;lambda&gt;32]" time="0.0004627704620361328"><skipped message="Suite splitting in effect" type="pytest.skip">src/pymortests/grid.py:409: &lt;py._xmlgen.raw object at 0x7fb2c6de3320&gt;</skipped></testcase><testcase classname="src.pymortests.grid" file="src/pymortests/grid.py" line="409" name="test_boundaries_dtype[&lt;lambda&gt;33]" time="0.0004570484161376953"><skipped message="Suite splitting in effect" type="pytest.skip">src/pymortests/grid.py:409: &lt;py._xmlgen.raw object at 0x7fb29d59a518&gt;</skipped></testcase><testcase classname="src.pymortests.grid" file="src/pymortests/grid.py" line="409" name="test_boundaries_dtype[&lt;lambda&gt;34]" time="0.0004208087921142578"><skipped message="Suite splitting in effect" type="pytest.skip">src/pymortests/grid.py:409: &lt;py._xmlgen.raw object at 0x7fb29d60c780&gt;</skipped></testcase><testcase classname="src.pymortests.grid" file="src/pymortests/grid.py" line="409" name="test_boundaries_dtype[&lt;lambda&gt;35]" time="0.0004680156707763672"><skipped message="Suite splitting in effect" type="pytest.skip">src/pymortests/grid.py:409: &lt;py._xmlgen.raw object at 0x7fb29d604f60&gt;</skipped></testcase><testcase classname="src.pymortests.grid" file="src/pymortests/grid.py" line="409" name="test_boundaries_dtype[&lt;lambda&gt;36]" time="0.0005636215209960938"><skipped message="Suite splitting in effect" type="pytest.skip">src/pymortests/grid.py:409: &lt;py._xmlgen.raw object at 0x7fb2c6ea5b38&gt;</skipped></testcase><testcase classname="src.pymortests.grid" file="src/pymortests/grid.py" line="409" name="test_boundaries_dtype[&lt;lambda&gt;37]" time="0.0004520416259765625"><skipped message="Suite splitting in effect" type="pytest.skip">src/pymortests/grid.py:409: &lt;py._xmlgen.raw object at 0x7fb29d5b5048&gt;</skipped></testcase><testcase classname="src.pymortests.grid" file="src/pymortests/grid.py" line="409" name="test_boundaries_dtype[&lt;lambda&gt;38]" time="0.0007753372192382812"><skipped message="Suite splitting in effect" type="pytest.skip">src/pymortests/grid.py:409: &lt;py._xmlgen.raw object at 0x7fb29d5b5668&gt;</skipped></testcase><testcase classname="src.pymortests.grid" file="src/pymortests/grid.py" line="409" name="test_boundaries_dtype[&lt;lambda&gt;39]" time="0.0004820823669433594"><skipped message="Suite splitting in effect" type="pytest.skip">src/pymortests/grid.py:409: &lt;py._xmlgen.raw object at 0x7fb2c6e07438&gt;</skipped></testcase><testcase classname="src.pymortests.grid" file="src/pymortests/grid.py" line="409" name="test_boundaries_dtype[&lt;lambda&gt;40]" time="0.0004439353942871094"><skipped message="Suite splitting in effect" type="pytest.skip">src/pymortests/grid.py:409: &lt;py._xmlgen.raw object at 0x7fb29d60c9b0&gt;</skipped></testcase><testcase classname="src.pymortests.grid" file="src/pymortests/grid.py" line="409" name="test_boundaries_dtype[&lt;lambda&gt;41]" time="0.00039839744567871094"><skipped message="Suite splitting in effect" type="pytest.skip">src/pymortests/grid.py:409: &lt;py._xmlgen.raw object at 0x7fb29d59a710&gt;</skipped></testcase><testcase classname="src.pymortests.grid" file="src/pymortests/grid.py" line="409" name="test_boundaries_dtype[&lt;lambda&gt;42]" time="0.00045108795166015625"><skipped message="Suite splitting in effect" type="pytest.skip">src/pymortests/grid.py:409: &lt;py._xmlgen.raw object at 0x7fb2c6de3320&gt;</skipped></testcase><testcase classname="src.pymortests.grid" file="src/pymortests/grid.py" line="415" name="test_boundaries_entry_value_range[&lt;lambda&gt;0]" time="0.0004711151123046875"><skipped message="Suite splitting in effect" type="pytest.skip">src/pymortests/grid.py:415: &lt;py._xmlgen.raw object at 0x7fb29d5a6e48&gt;</skipped></testcase><testcase classname="src.pymortests.grid" file="src/pymortests/grid.py" line="415" name="test_boundaries_entry_value_range[&lt;lambda&gt;1]" time="0.00041937828063964844"><skipped message="Suite splitting in effect" type="pytest.skip">src/pymortests/grid.py:415: &lt;py._xmlgen.raw object at 0x7fb29d5a6c88&gt;</skipped></testcase><testcase classname="src.pymortests.grid" file="src/pymortests/grid.py" line="415" name="test_boundaries_entry_value_range[&lt;lambda&gt;2]" time="0.0004324913024902344"><skipped message="Suite splitting in effect" type="pytest.skip">src/pymortests/grid.py:415: &lt;py._xmlgen.raw object at 0x7fb29d5b5588&gt;</skipped></testcase><testcase classname="src.pymortests.grid" file="src/pymortests/grid.py" line="415" name="test_boundaries_entry_value_range[&lt;lambda&gt;3]" time="0.00043773651123046875"><skipped message="Suite splitting in effect" type="pytest.skip">src/pymortests/grid.py:415: &lt;py._xmlgen.raw object at 0x7fb29d5b5c88&gt;</skipped></testcase><testcase classname="src.pymortests.grid" file="src/pymortests/grid.py" line="415" name="test_boundaries_entry_value_range[&lt;lambda&gt;4]" time="0.00041031837463378906"><skipped message="Suite splitting in effect" type="pytest.skip">src/pymortests/grid.py:415: &lt;py._xmlgen.raw object at 0x7fb29d5a6f28&gt;</skipped></testcase><testcase classname="src.pymortests.grid" file="src/pymortests/grid.py" line="415" name="test_boundaries_entry_value_range[&lt;lambda&gt;5]" time="0.0004990100860595703"><skipped message="Suite splitting in effect" type="pytest.skip">src/pymortests/grid.py:415: &lt;py._xmlgen.raw object at 0x7fb2c6e40550&gt;</skipped></testcase><testcase classname="src.pymortests.grid" file="src/pymortests/grid.py" line="415" name="test_boundaries_entry_value_range[&lt;lambda&gt;6]" time="0.0004096031188964844"><skipped message="Suite splitting in effect" type="pytest.skip">src/pymortests/grid.py:415: &lt;py._xmlgen.raw object at 0x7fb29d59a710&gt;</skipped></testcase><testcase classname="src.pymortests.grid" file="src/pymortests/grid.py" line="415" name="test_boundaries_entry_value_range[&lt;lambda&gt;7]" time="0.0004367828369140625"><skipped message="Suite splitting in effect" type="pytest.skip">src/pymortests/grid.py:415: &lt;py._xmlgen.raw object at 0x7fb29d604978&gt;</skipped></testcase><testcase classname="src.pymortests.grid" file="src/pymortests/grid.py" line="415" name="test_boundaries_entry_value_range[&lt;lambda&gt;8]" time="0.00043487548828125"><skipped message="Suite splitting in effect" type="pytest.skip">src/pymortests/grid.py:415: &lt;py._xmlgen.raw object at 0x7fb29d5fc9e8&gt;</skipped></testcase><testcase classname="src.pymortests.grid" file="src/pymortests/grid.py" line="415" name="test_boundaries_entry_value_range[&lt;lambda&gt;9]" time="0.0004172325134277344"><skipped message="Suite splitting in effect" type="pytest.skip">src/pymortests/grid.py:415: &lt;py._xmlgen.raw object at 0x7fb29d5b5cf8&gt;</skipped></testcase><testcase classname="src.pymortests.grid" file="src/pymortests/grid.py" line="415" name="test_boundaries_entry_value_range[&lt;lambda&gt;10]" time="0.0004184246063232422"><skipped message="Suite splitting in effect" type="pytest.skip">src/pymortests/grid.py:415: &lt;py._xmlgen.raw object at 0x7fb29d5b5828&gt;</skipped></testcase><testcase classname="src.pymortests.grid" file="src/pymortests/grid.py" line="415" name="test_boundaries_entry_value_range[&lt;lambda&gt;11]" time="0.0004341602325439453"><skipped message="Suite splitting in effect" type="pytest.skip">src/pymortests/grid.py:415: &lt;py._xmlgen.raw object at 0x7fb29d5be1d0&gt;</skipped></testcase><testcase classname="src.pymortests.grid" file="src/pymortests/grid.py" line="415" name="test_boundaries_entry_value_range[&lt;lambda&gt;12]" time="0.0007724761962890625"><skipped message="Suite splitting in effect" type="pytest.skip">src/pymortests/grid.py:415: &lt;py._xmlgen.raw object at 0x7fb29d5b5f98&gt;</skipped></testcase><testcase classname="src.pymortests.grid" file="src/pymortests/grid.py" line="415" name="test_boundaries_entry_value_range[&lt;lambda&gt;13]" time="0.0004124641418457031"><skipped message="Suite splitting in effect" type="pytest.skip">src/pymortests/grid.py:415: &lt;py._xmlgen.raw object at 0x7fb29d5b5e48&gt;</skipped></testcase><testcase classname="src.pymortests.grid" file="src/pymortests/grid.py" line="415" name="test_boundaries_entry_value_range[&lt;lambda&gt;14]" time="0.0004620552062988281"><skipped message="Suite splitting in effect" type="pytest.skip">src/pymortests/grid.py:415: &lt;py._xmlgen.raw object at 0x7fb29d6047b8&gt;</skipped></testcase><testcase classname="src.pymortests.grid" file="src/pymortests/grid.py" line="415" name="test_boundaries_entry_value_range[&lt;lambda&gt;15]" time="0.0004241466522216797"><skipped message="Suite splitting in effect" type="pytest.skip">src/pymortests/grid.py:415: &lt;py._xmlgen.raw object at 0x7fb29d59a8d0&gt;</skipped></testcase><testcase classname="src.pymortests.grid" file="src/pymortests/grid.py" line="415" name="test_boundaries_entry_value_range[&lt;lambda&gt;16]" time="0.0005810260772705078"><skipped message="Suite splitting in effect" type="pytest.skip">src/pymortests/grid.py:415: &lt;py._xmlgen.raw object at 0x7fb2c6e168d0&gt;</skipped></testcase><testcase classname="src.pymortests.grid" file="src/pymortests/grid.py" line="415" name="test_boundaries_entry_value_range[&lt;lambda&gt;17]" time="0.00043463706970214844"><skipped message="Suite splitting in effect" type="pytest.skip">src/pymortests/grid.py:415: &lt;py._xmlgen.raw object at 0x7fb2c6da76a0&gt;</skipped></testcase><testcase classname="src.pymortests.grid" file="src/pymortests/grid.py" line="415" name="test_boundaries_entry_value_range[&lt;lambda&gt;18]" time="0.00044727325439453125"><skipped message="Suite splitting in effect" type="pytest.skip">src/pymortests/grid.py:415: &lt;py._xmlgen.raw object at 0x7fb29d5be320&gt;</skipped></testcase><testcase classname="src.pymortests.grid" file="src/pymortests/grid.py" line="415" name="test_boundaries_entry_value_range[&lt;lambda&gt;19]" time="0.0004241466522216797"><skipped message="Suite splitting in effect" type="pytest.skip">src/pymortests/grid.py:415: &lt;py._xmlgen.raw object at 0x7fb29d5be710&gt;</skipped></testcase><testcase classname="src.pymortests.grid" file="src/pymortests/grid.py" line="415" name="test_boundaries_entry_value_range[&lt;lambda&gt;20]" time="0.0007512569427490234"><skipped message="Suite splitting in effect" type="pytest.skip">src/pymortests/grid.py:415: &lt;py._xmlgen.raw object at 0x7fb29d5a6c88&gt;</skipped></testcase><testcase classname="src.pymortests.grid" file="src/pymortests/grid.py" line="415" name="test_boundaries_entry_value_range[&lt;lambda&gt;21]" time="0.0004220008850097656"><skipped message="Suite splitting in effect" type="pytest.skip">src/pymortests/grid.py:415: &lt;py._xmlgen.raw object at 0x7fb2c6da7c88&gt;</skipped></testcase><testcase classname="src.pymortests.grid" file="src/pymortests/grid.py" line="415" name="test_boundaries_entry_value_range[&lt;lambda&gt;22]" time="0.0004711151123046875"><skipped message="Suite splitting in effect" type="pytest.skip">src/pymortests/grid.py:415: &lt;py._xmlgen.raw object at 0x7fb29d59a710&gt;</skipped></testcase><testcase classname="src.pymortests.grid" file="src/pymortests/grid.py" line="415" name="test_boundaries_entry_value_range[&lt;lambda&gt;23]" time="0.00041222572326660156"><skipped message="Suite splitting in effect" type="pytest.skip">src/pymortests/grid.py:415: &lt;py._xmlgen.raw object at 0x7fb29d60cef0&gt;</skipped></testcase><testcase classname="src.pymortests.grid" file="src/pymortests/grid.py" line="415" name="test_boundaries_entry_value_range[&lt;lambda&gt;24]" time="0.0004258155822753906"><skipped message="Suite splitting in effect" type="pytest.skip">src/pymortests/grid.py:415: &lt;py._xmlgen.raw object at 0x7fb29d5b5ac8&gt;</skipped></testcase><testcase classname="src.pymortests.grid" file="src/pymortests/grid.py" line="415" name="test_boundaries_entry_value_range[&lt;lambda&gt;25]" time="0.0004401206970214844"><skipped message="Suite splitting in effect" type="pytest.skip">src/pymortests/grid.py:415: &lt;py._xmlgen.raw object at 0x7fb29d5b5390&gt;</skipped></testcase><testcase classname="src.pymortests.grid" file="src/pymortests/grid.py" line="415" name="test_boundaries_entry_value_range[&lt;lambda&gt;26]" time="0.0004405975341796875"><skipped message="Suite splitting in effect" type="pytest.skip">src/pymortests/grid.py:415: &lt;py._xmlgen.raw object at 0x7fb29d5be3c8&gt;</skipped></testcase><testcase classname="src.pymortests.grid" file="src/pymortests/grid.py" line="415" name="test_boundaries_entry_value_range[&lt;lambda&gt;27]" time="0.00042510032653808594"><skipped message="Suite splitting in effect" type="pytest.skip">src/pymortests/grid.py:415: &lt;py._xmlgen.raw object at 0x7fb29d5c8048&gt;</skipped></testcase><testcase classname="src.pymortests.grid" file="src/pymortests/grid.py" line="415" name="test_boundaries_entry_value_range[&lt;lambda&gt;28]" time="0.0008187294006347656"><skipped message="Suite splitting in effect" type="pytest.skip">src/pymortests/grid.py:415: &lt;py._xmlgen.raw object at 0x7fb29d5c8550&gt;</skipped></testcase><testcase classname="src.pymortests.grid" file="src/pymortests/grid.py" line="415" name="test_boundaries_entry_value_range[&lt;lambda&gt;29]" time="0.0004210472106933594"><skipped message="Suite splitting in effect" type="pytest.skip">src/pymortests/grid.py:415: &lt;py._xmlgen.raw object at 0x7fb29d5be898&gt;</skipped></testcase><testcase classname="src.pymortests.grid" file="src/pymortests/grid.py" line="415" name="test_boundaries_entry_value_range[&lt;lambda&gt;30]" time="0.0004189014434814453"><skipped message="Suite splitting in effect" type="pytest.skip">src/pymortests/grid.py:415: &lt;py._xmlgen.raw object at 0x7fb29d5b5a90&gt;</skipped></testcase><testcase classname="src.pymortests.grid" file="src/pymortests/grid.py" line="415" name="test_boundaries_entry_value_range[&lt;lambda&gt;31]" time="0.00040650367736816406"><skipped message="Suite splitting in effect" type="pytest.skip">src/pymortests/grid.py:415: &lt;py._xmlgen.raw object at 0x7fb29d604cc0&gt;</skipped></testcase><testcase classname="src.pymortests.grid" file="src/pymortests/grid.py" line="415" name="test_boundaries_entry_value_range[&lt;lambda&gt;32]" time="0.0004973411560058594"><skipped message="Suite splitting in effect" type="pytest.skip">src/pymortests/grid.py:415: &lt;py._xmlgen.raw object at 0x7fb29d59a860&gt;</skipped></testcase><testcase classname="src.pymortests.grid" file="src/pymortests/grid.py" line="415" name="test_boundaries_entry_value_range[&lt;lambda&gt;33]" time="0.0004012584686279297"><skipped message="Suite splitting in effect" type="pytest.skip">src/pymortests/grid.py:415: &lt;py._xmlgen.raw object at 0x7fb2c6dba5f8&gt;</skipped></testcase><testcase classname="src.pymortests.grid" file="src/pymortests/grid.py" line="415" name="test_boundaries_entry_value_range[&lt;lambda&gt;34]" time="0.0004630088806152344"><skipped message="Suite splitting in effect" type="pytest.skip">src/pymortests/grid.py:415: &lt;py._xmlgen.raw object at 0x7fb29d5a6f28&gt;</skipped></testcase><testcase classname="src.pymortests.grid" file="src/pymortests/grid.py" line="415" name="test_boundaries_entry_value_range[&lt;lambda&gt;35]" time="0.0004279613494873047"><skipped message="Suite splitting in effect" type="pytest.skip">src/pymortests/grid.py:415: &lt;py._xmlgen.raw object at 0x7fb29d5c80f0&gt;</skipped></testcase><testcase classname="src.pymortests.grid" file="src/pymortests/grid.py" line="415" name="test_boundaries_entry_value_range[&lt;lambda&gt;36]" time="0.00075531005859375"><skipped message="Suite splitting in effect" type="pytest.skip">src/pymortests/grid.py:415: &lt;py._xmlgen.raw object at 0x7fb29d5c8a90&gt;</skipped></testcase><testcase classname="src.pymortests.grid" file="src/pymortests/grid.py" line="415" name="test_boundaries_entry_value_range[&lt;lambda&gt;37]" time="0.0005257129669189453"><skipped message="Suite splitting in effect" type="pytest.skip">src/pymortests/grid.py:415: &lt;py._xmlgen.raw object at 0x7fb2c6e16630&gt;</skipped></testcase><testcase classname="src.pymortests.grid" file="src/pymortests/grid.py" line="415" name="test_boundaries_entry_value_range[&lt;lambda&gt;38]" time="0.00057220458984375"><skipped message="Suite splitting in effect" type="pytest.skip">src/pymortests/grid.py:415: &lt;py._xmlgen.raw object at 0x7fb2c6de3cf8&gt;</skipped></testcase><testcase classname="src.pymortests.grid" file="src/pymortests/grid.py" line="415" name="test_boundaries_entry_value_range[&lt;lambda&gt;39]" time="0.00045800209045410156"><skipped message="Suite splitting in effect" type="pytest.skip">src/pymortests/grid.py:415: &lt;py._xmlgen.raw object at 0x7fb29d5fca20&gt;</skipped></testcase><testcase classname="src.pymortests.grid" file="src/pymortests/grid.py" line="415" name="test_boundaries_entry_value_range[&lt;lambda&gt;40]" time="0.00045108795166015625"><skipped message="Suite splitting in effect" type="pytest.skip">src/pymortests/grid.py:415: &lt;py._xmlgen.raw object at 0x7fb29d5b5908&gt;</skipped></testcase><testcase classname="src.pymortests.grid" file="src/pymortests/grid.py" line="415" name="test_boundaries_entry_value_range[&lt;lambda&gt;41]" time="0.0004239082336425781"><skipped message="Suite splitting in effect" type="pytest.skip">src/pymortests/grid.py:415: &lt;py._xmlgen.raw object at 0x7fb29d5be7f0&gt;</skipped></testcase><testcase classname="src.pymortests.grid" file="src/pymortests/grid.py" line="415" name="test_boundaries_entry_value_range[&lt;lambda&gt;42]" time="0.0004601478576660156"><skipped message="Suite splitting in effect" type="pytest.skip">src/pymortests/grid.py:415: &lt;py._xmlgen.raw object at 0x7fb29d5c8c50&gt;</skipped></testcase><testcase classname="src.pymortests.grid" file="src/pymortests/grid.py" line="422" name="test_boundaries_entries[&lt;lambda&gt;0]" time="0.0004372596740722656"><skipped message="Suite splitting in effect" type="pytest.skip">src/pymortests/grid.py:422: &lt;py._xmlgen.raw object at 0x7fb29d5c82e8&gt;</skipped></testcase><testcase classname="src.pymortests.grid" file="src/pymortests/grid.py" line="422" name="test_boundaries_entries[&lt;lambda&gt;1]" time="0.00044345855712890625"><skipped message="Suite splitting in effect" type="pytest.skip">src/pymortests/grid.py:422: &lt;py._xmlgen.raw object at 0x7fb29d5530f0&gt;</skipped></testcase><testcase classname="src.pymortests.grid" file="src/pymortests/grid.py" line="422" name="test_boundaries_entries[&lt;lambda&gt;2]" time="0.0004265308380126953"><skipped message="Suite splitting in effect" type="pytest.skip">src/pymortests/grid.py:422: &lt;py._xmlgen.raw object at 0x7fb29d5c82e8&gt;</skipped></testcase><testcase classname="src.pymortests.grid" file="src/pymortests/grid.py" line="422" name="test_boundaries_entries[&lt;lambda&gt;3]" time="0.00047588348388671875"><skipped message="Suite splitting in effect" type="pytest.skip">src/pymortests/grid.py:422: &lt;py._xmlgen.raw object at 0x7fb29d5bee80&gt;</skipped></testcase><testcase classname="src.pymortests.grid" file="src/pymortests/grid.py" line="422" name="test_boundaries_entries[&lt;lambda&gt;4]" time="0.0004379749298095703"><skipped message="Suite splitting in effect" type="pytest.skip">src/pymortests/grid.py:422: &lt;py._xmlgen.raw object at 0x7fb29d5be0f0&gt;</skipped></testcase><testcase classname="src.pymortests.grid" file="src/pymortests/grid.py" line="422" name="test_boundaries_entries[&lt;lambda&gt;5]" time="0.00045108795166015625"><skipped message="Suite splitting in effect" type="pytest.skip">src/pymortests/grid.py:422: &lt;py._xmlgen.raw object at 0x7fb29d5b5470&gt;</skipped></testcase><testcase classname="src.pymortests.grid" file="src/pymortests/grid.py" line="422" name="test_boundaries_entries[&lt;lambda&gt;6]" time="0.0004811286926269531"><skipped message="Suite splitting in effect" type="pytest.skip">src/pymortests/grid.py:422: &lt;py._xmlgen.raw object at 0x7fb29d60c048&gt;</skipped></testcase><testcase classname="src.pymortests.grid" file="src/pymortests/grid.py" line="422" name="test_boundaries_entries[&lt;lambda&gt;7]" time="0.0005309581756591797"><skipped message="Suite splitting in effect" type="pytest.skip">src/pymortests/grid.py:422: &lt;py._xmlgen.raw object at 0x7fb2c6dba208&gt;</skipped></testcase><testcase classname="src.pymortests.grid" file="src/pymortests/grid.py" line="422" name="test_boundaries_entries[&lt;lambda&gt;8]" time="0.00044155120849609375"><skipped message="Suite splitting in effect" type="pytest.skip">src/pymortests/grid.py:422: &lt;py._xmlgen.raw object at 0x7fb29d553048&gt;</skipped></testcase><testcase classname="src.pymortests.grid" file="src/pymortests/grid.py" line="422" name="test_boundaries_entries[&lt;lambda&gt;9]" time="0.0004363059997558594"><skipped message="Suite splitting in effect" type="pytest.skip">src/pymortests/grid.py:422: &lt;py._xmlgen.raw object at 0x7fb29d5535f8&gt;</skipped></testcase><testcase classname="src.pymortests.grid" file="src/pymortests/grid.py" line="422" name="test_boundaries_entries[&lt;lambda&gt;10]" time="0.0004734992980957031"><skipped message="Suite splitting in effect" type="pytest.skip">src/pymortests/grid.py:422: &lt;py._xmlgen.raw object at 0x7fb2c6de3c50&gt;</skipped></testcase><testcase classname="src.pymortests.grid" file="src/pymortests/grid.py" line="422" name="test_boundaries_entries[&lt;lambda&gt;11]" time="0.000431060791015625"><skipped message="Suite splitting in effect" type="pytest.skip">src/pymortests/grid.py:422: &lt;py._xmlgen.raw object at 0x7fb2c6d5d470&gt;</skipped></testcase><testcase classname="src.pymortests.grid" file="src/pymortests/grid.py" line="422" name="test_boundaries_entries[&lt;lambda&gt;12]" time="0.00045037269592285156"><skipped message="Suite splitting in effect" type="pytest.skip">src/pymortests/grid.py:422: &lt;py._xmlgen.raw object at 0x7fb29d5c81d0&gt;</skipped></testcase><testcase classname="src.pymortests.grid" file="src/pymortests/grid.py" line="422" name="test_boundaries_entries[&lt;lambda&gt;13]" time="0.00043201446533203125"><skipped message="Suite splitting in effect" type="pytest.skip">src/pymortests/grid.py:422: &lt;py._xmlgen.raw object at 0x7fb29d5c8e80&gt;</skipped></testcase><testcase classname="src.pymortests.grid" file="src/pymortests/grid.py" line="422" name="test_boundaries_entries[&lt;lambda&gt;14]" time="0.00047326087951660156"><skipped message="Suite splitting in effect" type="pytest.skip">src/pymortests/grid.py:422: &lt;py._xmlgen.raw object at 0x7fb29d5bec18&gt;</skipped></testcase><testcase classname="src.pymortests.grid" file="src/pymortests/grid.py" line="422" name="test_boundaries_entries[&lt;lambda&gt;15]" time="0.00047087669372558594"><skipped message="Suite splitting in effect" type="pytest.skip">src/pymortests/grid.py:422: &lt;py._xmlgen.raw object at 0x7fb29d5bea58&gt;</skipped></testcase><testcase classname="src.pymortests.grid" file="src/pymortests/grid.py" line="422" name="test_boundaries_entries[&lt;lambda&gt;16]" time="0.0004782676696777344"><skipped message="Suite splitting in effect" type="pytest.skip">src/pymortests/grid.py:422: &lt;py._xmlgen.raw object at 0x7fb29d5b5f98&gt;</skipped></testcase><testcase classname="src.pymortests.grid" file="src/pymortests/grid.py" line="422" name="test_boundaries_entries[&lt;lambda&gt;17]" time="0.0004508495330810547"><skipped message="Suite splitting in effect" type="pytest.skip">src/pymortests/grid.py:422: &lt;py._xmlgen.raw object at 0x7fb2c6e07198&gt;</skipped></testcase><testcase classname="src.pymortests.grid" file="src/pymortests/grid.py" line="422" name="test_boundaries_entries[&lt;lambda&gt;18]" time="0.0007257461547851562"><skipped message="Suite splitting in effect" type="pytest.skip">src/pymortests/grid.py:422: &lt;py._xmlgen.raw object at 0x7fb29d5b5240&gt;</skipped></testcase><testcase classname="src.pymortests.grid" file="src/pymortests/grid.py" line="422" name="test_boundaries_entries[&lt;lambda&gt;19]" time="0.0004482269287109375"><skipped message="Suite splitting in effect" type="pytest.skip">src/pymortests/grid.py:422: &lt;py._xmlgen.raw object at 0x7fb29d5bea58&gt;</skipped></testcase><testcase classname="src.pymortests.grid" file="src/pymortests/grid.py" line="422" name="test_boundaries_entries[&lt;lambda&gt;20]" time="0.0004444122314453125"><skipped message="Suite splitting in effect" type="pytest.skip">src/pymortests/grid.py:422: &lt;py._xmlgen.raw object at 0x7fb2c6da7940&gt;</skipped></testcase><testcase classname="src.pymortests.grid" file="src/pymortests/grid.py" line="422" name="test_boundaries_entries[&lt;lambda&gt;21]" time="0.00039839744567871094"><skipped message="Suite splitting in effect" type="pytest.skip">src/pymortests/grid.py:422: &lt;py._xmlgen.raw object at 0x7fb29d5c8630&gt;</skipped></testcase><testcase classname="src.pymortests.grid" file="src/pymortests/grid.py" line="422" name="test_boundaries_entries[&lt;lambda&gt;22]" time="0.0004260540008544922"><skipped message="Suite splitting in effect" type="pytest.skip">src/pymortests/grid.py:422: &lt;py._xmlgen.raw object at 0x7fb2c6d5db00&gt;</skipped></testcase><testcase classname="src.pymortests.grid" file="src/pymortests/grid.py" line="422" name="test_boundaries_entries[&lt;lambda&gt;23]" time="0.0004448890686035156"><skipped message="Suite splitting in effect" type="pytest.skip">src/pymortests/grid.py:422: &lt;py._xmlgen.raw object at 0x7fb2c6ed9518&gt;</skipped></testcase><testcase classname="src.pymortests.grid" file="src/pymortests/grid.py" line="422" name="test_boundaries_entries[&lt;lambda&gt;24]" time="0.000431060791015625"><skipped message="Suite splitting in effect" type="pytest.skip">src/pymortests/grid.py:422: &lt;py._xmlgen.raw object at 0x7fb2c6dbafd0&gt;</skipped></testcase><testcase classname="src.pymortests.grid" file="src/pymortests/grid.py" line="422" name="test_boundaries_entries[&lt;lambda&gt;25]" time="0.0004317760467529297"><skipped message="Suite splitting in effect" type="pytest.skip">src/pymortests/grid.py:422: &lt;py._xmlgen.raw object at 0x7fb29d5a61d0&gt;</skipped></testcase><testcase classname="src.pymortests.grid" file="src/pymortests/grid.py" line="422" name="test_boundaries_entries[&lt;lambda&gt;26]" time="0.0004298686981201172"><skipped message="Suite splitting in effect" type="pytest.skip">src/pymortests/grid.py:422: &lt;py._xmlgen.raw object at 0x7fb2c6e7b6d8&gt;</skipped></testcase><testcase classname="src.pymortests.grid" file="src/pymortests/grid.py" line="422" name="test_boundaries_entries[&lt;lambda&gt;27]" time="0.0004153251647949219"><skipped message="Suite splitting in effect" type="pytest.skip">src/pymortests/grid.py:422: &lt;py._xmlgen.raw object at 0x7fb2c6e16588&gt;</skipped></testcase><testcase classname="src.pymortests.grid" file="src/pymortests/grid.py" line="422" name="test_boundaries_entries[&lt;lambda&gt;28]" time="0.00043392181396484375"><skipped message="Suite splitting in effect" type="pytest.skip">src/pymortests/grid.py:422: &lt;py._xmlgen.raw object at 0x7fb2c6d5def0&gt;</skipped></testcase><testcase classname="src.pymortests.grid" file="src/pymortests/grid.py" line="422" name="test_boundaries_entries[&lt;lambda&gt;29]" time="0.000431060791015625"><skipped message="Suite splitting in effect" type="pytest.skip">src/pymortests/grid.py:422: &lt;py._xmlgen.raw object at 0x7fb29d5c82e8&gt;</skipped></testcase><testcase classname="src.pymortests.grid" file="src/pymortests/grid.py" line="422" name="test_boundaries_entries[&lt;lambda&gt;30]" time="0.0004849433898925781"><skipped message="Suite splitting in effect" type="pytest.skip">src/pymortests/grid.py:422: &lt;py._xmlgen.raw object at 0x7fb29d5c8e48&gt;</skipped></testcase><testcase classname="src.pymortests.grid" file="src/pymortests/grid.py" line="422" name="test_boundaries_entries[&lt;lambda&gt;31]" time="0.00043582916259765625"><skipped message="Suite splitting in effect" type="pytest.skip">src/pymortests/grid.py:422: &lt;py._xmlgen.raw object at 0x7fb29d5be7f0&gt;</skipped></testcase><testcase classname="src.pymortests.grid" file="src/pymortests/grid.py" line="422" name="test_boundaries_entries[&lt;lambda&gt;32]" time="0.00047516822814941406"><skipped message="Suite splitting in effect" type="pytest.skip">src/pymortests/grid.py:422: &lt;py._xmlgen.raw object at 0x7fb29d5b5470&gt;</skipped></testcase><testcase classname="src.pymortests.grid" file="src/pymortests/grid.py" line="422" name="test_boundaries_entries[&lt;lambda&gt;33]" time="0.00043201446533203125"><skipped message="Suite splitting in effect" type="pytest.skip">src/pymortests/grid.py:422: &lt;py._xmlgen.raw object at 0x7fb29d553278&gt;</skipped></testcase><testcase classname="src.pymortests.grid" file="src/pymortests/grid.py" line="422" name="test_boundaries_entries[&lt;lambda&gt;34]" time="0.0007891654968261719"><skipped message="Suite splitting in effect" type="pytest.skip">src/pymortests/grid.py:422: &lt;py._xmlgen.raw object at 0x7fb29d553cf8&gt;</skipped></testcase><testcase classname="src.pymortests.grid" file="src/pymortests/grid.py" line="422" name="test_boundaries_entries[&lt;lambda&gt;35]" time="0.0004525184631347656"><skipped message="Suite splitting in effect" type="pytest.skip">src/pymortests/grid.py:422: &lt;py._xmlgen.raw object at 0x7fb29d5be780&gt;</skipped></testcase><testcase classname="src.pymortests.grid" file="src/pymortests/grid.py" line="422" name="test_boundaries_entries[&lt;lambda&gt;36]" time="0.00045609474182128906"><skipped message="Suite splitting in effect" type="pytest.skip">src/pymortests/grid.py:422: &lt;py._xmlgen.raw object at 0x7fb29d5c8b70&gt;</skipped></testcase><testcase classname="src.pymortests.grid" file="src/pymortests/grid.py" line="422" name="test_boundaries_entries[&lt;lambda&gt;37]" time="0.006300926208496094"><skipped message="Suite splitting in effect" type="pytest.skip">src/pymortests/grid.py:422: &lt;py._xmlgen.raw object at 0x7fb2c6d5dcf8&gt;</skipped></testcase><testcase classname="src.pymortests.grid" file="src/pymortests/grid.py" line="422" name="test_boundaries_entries[&lt;lambda&gt;38]" time="0.0004794597625732422"><skipped message="Suite splitting in effect" type="pytest.skip">src/pymortests/grid.py:422: &lt;py._xmlgen.raw object at 0x7fb29d5ebf60&gt;</skipped></testcase><testcase classname="src.pymortests.grid" file="src/pymortests/grid.py" line="422" name="test_boundaries_entries[&lt;lambda&gt;39]" time="0.0005047321319580078"><skipped message="Suite splitting in effect" type="pytest.skip">src/pymortests/grid.py:422: &lt;py._xmlgen.raw object at 0x7fb2c6de3320&gt;</skipped></testcase><testcase classname="src.pymortests.grid" file="src/pymortests/grid.py" line="422" name="test_boundaries_entries[&lt;lambda&gt;40]" time="0.00044155120849609375"><skipped message="Suite splitting in effect" type="pytest.skip">src/pymortests/grid.py:422: &lt;py._xmlgen.raw object at 0x7fb29d553978&gt;</skipped></testcase><testcase classname="src.pymortests.grid" file="src/pymortests/grid.py" line="422" name="test_boundaries_entries[&lt;lambda&gt;41]" time="0.00047135353088378906"><skipped message="Suite splitting in effect" type="pytest.skip">src/pymortests/grid.py:422: &lt;py._xmlgen.raw object at 0x7fb29d5533c8&gt;</skipped></testcase><testcase classname="src.pymortests.grid" file="src/pymortests/grid.py" line="422" name="test_boundaries_entries[&lt;lambda&gt;42]" time="0.0004341602325439453"><skipped message="Suite splitting in effect" type="pytest.skip">src/pymortests/grid.py:422: &lt;py._xmlgen.raw object at 0x7fb29d561278&gt;</skipped></testcase><testcase classname="src.pymortests.grid" file="src/pymortests/grid.py" line="428" name="test_pickle[&lt;lambda&gt;0]" time="0.0004513263702392578"><skipped message="Suite splitting in effect" type="pytest.skip">src/pymortests/grid.py:428: &lt;py._xmlgen.raw object at 0x7fb29d553dd8&gt;</skipped></testcase><testcase classname="src.pymortests.grid" file="src/pymortests/grid.py" line="428" name="test_pickle[&lt;lambda&gt;1]" time="0.00045299530029296875"><skipped message="Suite splitting in effect" type="pytest.skip">src/pymortests/grid.py:428: &lt;py._xmlgen.raw object at 0x7fb29d5a61d0&gt;</skipped></testcase><testcase classname="src.pymortests.grid" file="src/pymortests/grid.py" line="428" name="test_pickle[&lt;lambda&gt;2]" time="0.0004544258117675781"><skipped message="Suite splitting in effect" type="pytest.skip">src/pymortests/grid.py:428: &lt;py._xmlgen.raw object at 0x7fb29d5ebf60&gt;</skipped></testcase><testcase classname="src.pymortests.grid" file="src/pymortests/grid.py" line="428" name="test_pickle[&lt;lambda&gt;3]" time="0.00042438507080078125"><skipped message="Suite splitting in effect" type="pytest.skip">src/pymortests/grid.py:428: &lt;py._xmlgen.raw object at 0x7fb2c6d5def0&gt;</skipped></testcase><testcase classname="src.pymortests.grid" file="src/pymortests/grid.py" line="428" name="test_pickle[&lt;lambda&gt;4]" time="0.0004353523254394531"><skipped message="Suite splitting in effect" type="pytest.skip">src/pymortests/grid.py:428: &lt;py._xmlgen.raw object at 0x7fb29d5c8630&gt;</skipped></testcase><testcase classname="src.pymortests.grid" file="src/pymortests/grid.py" line="428" name="test_pickle[&lt;lambda&gt;5]" time="0.0004341602325439453"><skipped message="Suite splitting in effect" type="pytest.skip">src/pymortests/grid.py:428: &lt;py._xmlgen.raw object at 0x7fb29d5be518&gt;</skipped></testcase><testcase classname="src.pymortests.grid" file="src/pymortests/grid.py" line="428" name="test_pickle[&lt;lambda&gt;6]" time="0.0004405975341796875"><skipped message="Suite splitting in effect" type="pytest.skip">src/pymortests/grid.py:428: &lt;py._xmlgen.raw object at 0x7fb29d561470&gt;</skipped></testcase><testcase classname="src.pymortests.grid" file="src/pymortests/grid.py" line="428" name="test_pickle[&lt;lambda&gt;7]" time="0.0004544258117675781"><skipped message="Suite splitting in effect" type="pytest.skip">src/pymortests/grid.py:428: &lt;py._xmlgen.raw object at 0x7fb29d561780&gt;</skipped></testcase><testcase classname="src.pymortests.grid" file="src/pymortests/grid.py" line="428" name="test_pickle[&lt;lambda&gt;8]" time="0.0007562637329101562"><skipped message="Suite splitting in effect" type="pytest.skip">src/pymortests/grid.py:428: &lt;py._xmlgen.raw object at 0x7fb29d5be780&gt;</skipped></testcase><testcase classname="src.pymortests.grid" file="src/pymortests/grid.py" line="428" name="test_pickle[&lt;lambda&gt;9]" time="0.00045371055603027344"><skipped message="Suite splitting in effect" type="pytest.skip">src/pymortests/grid.py:428: &lt;py._xmlgen.raw object at 0x7fb29d5c8588&gt;</skipped></testcase><testcase classname="src.pymortests.grid" file="src/pymortests/grid.py" line="428" name="test_pickle[&lt;lambda&gt;10]" time="0.0004985332489013672"><skipped message="Suite splitting in effect" type="pytest.skip">src/pymortests/grid.py:428: &lt;py._xmlgen.raw object at 0x7fb2c6d6b3c8&gt;</skipped></testcase><testcase classname="src.pymortests.grid" file="src/pymortests/grid.py" line="428" name="test_pickle[&lt;lambda&gt;11]" time="0.000431060791015625"><skipped message="Suite splitting in effect" type="pytest.skip">src/pymortests/grid.py:428: &lt;py._xmlgen.raw object at 0x7fb2c6d7dc88&gt;</skipped></testcase><testcase classname="src.pymortests.grid" file="src/pymortests/grid.py" line="428" name="test_pickle[&lt;lambda&gt;12]" time="0.0004565715789794922"><skipped message="Suite splitting in effect" type="pytest.skip">src/pymortests/grid.py:428: &lt;py._xmlgen.raw object at 0x7fb29d553898&gt;</skipped></testcase><testcase classname="src.pymortests.grid" file="src/pymortests/grid.py" line="428" name="test_pickle[&lt;lambda&gt;13]" time="0.00048160552978515625"><skipped message="Suite splitting in effect" type="pytest.skip">src/pymortests/grid.py:428: &lt;py._xmlgen.raw object at 0x7fb29d553fd0&gt;</skipped></testcase><testcase classname="src.pymortests.grid" file="src/pymortests/grid.py" line="428" name="test_pickle[&lt;lambda&gt;14]" time="0.0004947185516357422"><skipped message="Suite splitting in effect" type="pytest.skip">src/pymortests/grid.py:428: &lt;py._xmlgen.raw object at 0x7fb29d5615c0&gt;</skipped></testcase><testcase classname="src.pymortests.grid" file="src/pymortests/grid.py" line="428" name="test_pickle[&lt;lambda&gt;15]" time="0.0004558563232421875"><skipped message="Suite splitting in effect" type="pytest.skip">src/pymortests/grid.py:428: &lt;py._xmlgen.raw object at 0x7fb29d561cc0&gt;</skipped></testcase><testcase classname="src.pymortests.grid" file="src/pymortests/grid.py" line="428" name="test_pickle[&lt;lambda&gt;16]" time="0.0007474422454833984"><skipped message="Suite splitting in effect" type="pytest.skip">src/pymortests/grid.py:428: &lt;py._xmlgen.raw object at 0x7fb29d561cf8&gt;</skipped></testcase><testcase classname="src.pymortests.grid" file="src/pymortests/grid.py" line="428" name="test_pickle[&lt;lambda&gt;17]" time="0.0004532337188720703"><skipped message="Suite splitting in effect" type="pytest.skip">src/pymortests/grid.py:428: &lt;py._xmlgen.raw object at 0x7fb29d5610f0&gt;</skipped></testcase><testcase classname="src.pymortests.grid" file="src/pymortests/grid.py" line="428" name="test_pickle[&lt;lambda&gt;18]" time="0.00043201446533203125"><skipped message="Suite splitting in effect" type="pytest.skip">src/pymortests/grid.py:428: &lt;py._xmlgen.raw object at 0x7fb29d553828&gt;</skipped></testcase><testcase classname="src.pymortests.grid" file="src/pymortests/grid.py" line="428" name="test_pickle[&lt;lambda&gt;19]" time="0.0005192756652832031"><skipped message="Suite splitting in effect" type="pytest.skip">src/pymortests/grid.py:428: &lt;py._xmlgen.raw object at 0x7fb29d5a6320&gt;</skipped></testcase><testcase classname="src.pymortests.grid" file="src/pymortests/grid.py" line="428" name="test_pickle[&lt;lambda&gt;20]" time="0.0004546642303466797"><skipped message="Suite splitting in effect" type="pytest.skip">src/pymortests/grid.py:428: &lt;py._xmlgen.raw object at 0x7fb2c6e16630&gt;</skipped></testcase><testcase classname="src.pymortests.grid" file="src/pymortests/grid.py" line="428" name="test_pickle[&lt;lambda&gt;21]" time="0.00046634674072265625"><skipped message="Suite splitting in effect" type="pytest.skip">src/pymortests/grid.py:428: &lt;py._xmlgen.raw object at 0x7fb29d5c87b8&gt;</skipped></testcase><testcase classname="src.pymortests.grid" file="src/pymortests/grid.py" line="428" name="test_pickle[&lt;lambda&gt;22]" time="0.000438690185546875"><skipped message="Suite splitting in effect" type="pytest.skip">src/pymortests/grid.py:428: &lt;py._xmlgen.raw object at 0x7fb29d5be518&gt;</skipped></testcase><testcase classname="src.pymortests.grid" file="src/pymortests/grid.py" line="428" name="test_pickle[&lt;lambda&gt;23]" time="0.00045228004455566406"><skipped message="Suite splitting in effect" type="pytest.skip">src/pymortests/grid.py:428: &lt;py._xmlgen.raw object at 0x7fb29d56c5c0&gt;</skipped></testcase><testcase classname="src.pymortests.grid" file="src/pymortests/grid.py" line="428" name="test_pickle[&lt;lambda&gt;24]" time="0.0008084774017333984"><skipped message="Suite splitting in effect" type="pytest.skip">src/pymortests/grid.py:428: &lt;py._xmlgen.raw object at 0x7fb29d56cb00&gt;</skipped></testcase><testcase classname="src.pymortests.grid" file="src/pymortests/grid.py" line="428" name="test_pickle[&lt;lambda&gt;25]" time="0.00044536590576171875"><skipped message="Suite splitting in effect" type="pytest.skip">src/pymortests/grid.py:428: &lt;py._xmlgen.raw object at 0x7fb2c6d6b5c0&gt;</skipped></testcase><testcase classname="src.pymortests.grid" file="src/pymortests/grid.py" line="428" name="test_pickle[&lt;lambda&gt;26]" time="0.0004184246063232422"><skipped message="Suite splitting in effect" type="pytest.skip">src/pymortests/grid.py:428: &lt;py._xmlgen.raw object at 0x7fb2c6dbafd0&gt;</skipped></testcase><testcase classname="src.pymortests.grid" file="src/pymortests/grid.py" line="428" name="test_pickle[&lt;lambda&gt;27]" time="0.0004405975341796875"><skipped message="Suite splitting in effect" type="pytest.skip">src/pymortests/grid.py:428: &lt;py._xmlgen.raw object at 0x7fb29d553c50&gt;</skipped></testcase><testcase classname="src.pymortests.grid" file="src/pymortests/grid.py" line="428" name="test_pickle[&lt;lambda&gt;28]" time="0.0004143714904785156"><skipped message="Suite splitting in effect" type="pytest.skip">src/pymortests/grid.py:428: &lt;py._xmlgen.raw object at 0x7fb2c6d90550&gt;</skipped></testcase><testcase classname="src.pymortests.grid" file="src/pymortests/grid.py" line="428" name="test_pickle[&lt;lambda&gt;29]" time="0.0004436969757080078"><skipped message="Suite splitting in effect" type="pytest.skip">src/pymortests/grid.py:428: &lt;py._xmlgen.raw object at 0x7fb29d561b00&gt;</skipped></testcase><testcase classname="src.pymortests.grid" file="src/pymortests/grid.py" line="428" name="test_pickle[&lt;lambda&gt;30]" time="0.0004496574401855469"><skipped message="Suite splitting in effect" type="pytest.skip">src/pymortests/grid.py:428: &lt;py._xmlgen.raw object at 0x7fb29d56c860&gt;</skipped></testcase><testcase classname="src.pymortests.grid" file="src/pymortests/grid.py" line="428" name="test_pickle[&lt;lambda&gt;31]" time="0.00044846534729003906"><skipped message="Suite splitting in effect" type="pytest.skip">src/pymortests/grid.py:428: &lt;py._xmlgen.raw object at 0x7fb29d56c4a8&gt;</skipped></testcase><testcase classname="src.pymortests.grid" file="src/pymortests/grid.py" line="428" name="test_pickle[&lt;lambda&gt;32]" time="0.0007879734039306641"><skipped message="Suite splitting in effect" type="pytest.skip">src/pymortests/grid.py:428: &lt;py._xmlgen.raw object at 0x7fb29d575080&gt;</skipped></testcase><testcase classname="src.pymortests.grid" file="src/pymortests/grid.py" line="428" name="test_pickle[&lt;lambda&gt;33]" time="0.00046324729919433594"><skipped message="Suite splitting in effect" type="pytest.skip">src/pymortests/grid.py:428: &lt;py._xmlgen.raw object at 0x7fb29d56c7f0&gt;</skipped></testcase><testcase classname="src.pymortests.grid" file="src/pymortests/grid.py" line="428" name="test_pickle[&lt;lambda&gt;34]" time="0.0004200935363769531"><skipped message="Suite splitting in effect" type="pytest.skip">src/pymortests/grid.py:428: &lt;py._xmlgen.raw object at 0x7fb29d5612e8&gt;</skipped></testcase><testcase classname="src.pymortests.grid" file="src/pymortests/grid.py" line="428" name="test_pickle[&lt;lambda&gt;35]" time="0.0004546642303466797"><skipped message="Suite splitting in effect" type="pytest.skip">src/pymortests/grid.py:428: &lt;py._xmlgen.raw object at 0x7fb2c6d90c88&gt;</skipped></testcase><testcase classname="src.pymortests.grid" file="src/pymortests/grid.py" line="428" name="test_pickle[&lt;lambda&gt;36]" time="0.0004024505615234375"><skipped message="Suite splitting in effect" type="pytest.skip">src/pymortests/grid.py:428: &lt;py._xmlgen.raw object at 0x7fb29d553eb8&gt;</skipped></testcase><testcase classname="src.pymortests.grid" file="src/pymortests/grid.py" line="428" name="test_pickle[&lt;lambda&gt;37]" time="0.00042176246643066406"><skipped message="Suite splitting in effect" type="pytest.skip">src/pymortests/grid.py:428: &lt;py._xmlgen.raw object at 0x7fb2c6d7d898&gt;</skipped></testcase><testcase classname="src.pymortests.grid" file="src/pymortests/grid.py" line="428" name="test_pickle[&lt;lambda&gt;38]" time="0.00046944618225097656"><skipped message="Suite splitting in effect" type="pytest.skip">src/pymortests/grid.py:428: &lt;py._xmlgen.raw object at 0x7fb2c6d6b278&gt;</skipped></testcase><testcase classname="src.pymortests.grid" file="src/pymortests/grid.py" line="428" name="test_pickle[&lt;lambda&gt;39]" time="0.000522613525390625"><skipped message="Suite splitting in effect" type="pytest.skip">src/pymortests/grid.py:428: &lt;py._xmlgen.raw object at 0x7fb29d575198&gt;</skipped></testcase><testcase classname="src.pymortests.grid" file="src/pymortests/grid.py" line="428" name="test_pickle[&lt;lambda&gt;40]" time="0.0005009174346923828"><skipped message="Suite splitting in effect" type="pytest.skip">src/pymortests/grid.py:428: &lt;py._xmlgen.raw object at 0x7fb29d5756a0&gt;</skipped></testcase><testcase classname="src.pymortests.grid" file="src/pymortests/grid.py" line="428" name="test_pickle[&lt;lambda&gt;41]" time="0.0004782676696777344"><skipped message="Suite splitting in effect" type="pytest.skip">src/pymortests/grid.py:428: &lt;py._xmlgen.raw object at 0x7fb2c6d5d128&gt;</skipped></testcase><testcase classname="src.pymortests.grid" file="src/pymortests/grid.py" line="428" name="test_pickle[&lt;lambda&gt;42]" time="0.0004799365997314453"><skipped message="Suite splitting in effect" type="pytest.skip">src/pymortests/grid.py:428: &lt;py._xmlgen.raw object at 0x7fb29d5a6518&gt;</skipped></testcase><testcase classname="src.pymortests.grid" file="src/pymortests/grid.py" line="432" name="test_visualize[&lt;lambda&gt;0]" time="0.0004982948303222656"><skipped message="Suite splitting in effect" type="pytest.skip">src/pymortests/grid.py:432: &lt;py._xmlgen.raw object at 0x7fb2c6d90f28&gt;</skipped></testcase><testcase classname="src.pymortests.grid" file="src/pymortests/grid.py" line="432" name="test_visualize[&lt;lambda&gt;1]" time="0.00046324729919433594"><skipped message="Suite splitting in effect" type="pytest.skip">src/pymortests/grid.py:432: &lt;py._xmlgen.raw object at 0x7fb29d561cc0&gt;</skipped></testcase><testcase classname="src.pymortests.grid" file="src/pymortests/grid.py" line="432" name="test_visualize[&lt;lambda&gt;2]" time="0.0004367828369140625"><skipped message="Suite splitting in effect" type="pytest.skip">src/pymortests/grid.py:432: &lt;py._xmlgen.raw object at 0x7fb29d56c390&gt;</skipped></testcase><testcase classname="src.pymortests.grid" file="src/pymortests/grid.py" line="432" name="test_visualize[&lt;lambda&gt;3]" time="0.0004582405090332031"><skipped message="Suite splitting in effect" type="pytest.skip">src/pymortests/grid.py:432: &lt;py._xmlgen.raw object at 0x7fb29d56cf28&gt;</skipped></testcase><testcase classname="src.pymortests.grid" file="src/pymortests/grid.py" line="432" name="test_visualize[&lt;lambda&gt;4]" time="0.00047397613525390625"><skipped message="Suite splitting in effect" type="pytest.skip">src/pymortests/grid.py:432: &lt;py._xmlgen.raw object at 0x7fb29d5754e0&gt;</skipped></testcase><testcase classname="src.pymortests.grid" file="src/pymortests/grid.py" line="432" name="test_visualize[&lt;lambda&gt;5]" time="0.00046181678771972656"><skipped message="Suite splitting in effect" type="pytest.skip">src/pymortests/grid.py:432: &lt;py._xmlgen.raw object at 0x7fb29d575ba8&gt;</skipped></testcase><testcase classname="src.pymortests.grid" file="src/pymortests/grid.py" line="432" name="test_visualize[&lt;lambda&gt;6]" time="0.0007576942443847656"><skipped message="Suite splitting in effect" type="pytest.skip">src/pymortests/grid.py:432: &lt;py._xmlgen.raw object at 0x7fb29d56cd30&gt;</skipped></testcase><testcase classname="src.pymortests.grid" file="src/pymortests/grid.py" line="432" name="test_visualize[&lt;lambda&gt;7]" time="0.00044727325439453125"><skipped message="Suite splitting in effect" type="pytest.skip">src/pymortests/grid.py:432: &lt;py._xmlgen.raw object at 0x7fb29d561b00&gt;</skipped></testcase><testcase classname="src.pymortests.grid" file="src/pymortests/grid.py" line="432" name="test_visualize[&lt;lambda&gt;8]" time="0.0004374980926513672"><skipped message="Suite splitting in effect" type="pytest.skip">src/pymortests/grid.py:432: &lt;py._xmlgen.raw object at 0x7fb29d553828&gt;</skipped></testcase><testcase classname="src.pymortests.grid" file="src/pymortests/grid.py" line="432" name="test_visualize[&lt;lambda&gt;9]" time="0.0004508495330810547"><skipped message="Suite splitting in effect" type="pytest.skip">src/pymortests/grid.py:432: &lt;py._xmlgen.raw object at 0x7fb2c6dbab38&gt;</skipped></testcase><testcase classname="src.pymortests.grid" file="src/pymortests/grid.py" line="432" name="test_visualize[&lt;lambda&gt;10]" time="0.0005233287811279297"><skipped message="Suite splitting in effect" type="pytest.skip">src/pymortests/grid.py:432: &lt;py._xmlgen.raw object at 0x7fb2c6d1e2b0&gt;</skipped></testcase><testcase classname="src.pymortests.grid" file="src/pymortests/grid.py" line="432" name="test_visualize[&lt;lambda&gt;11]" time="0.00042247772216796875"><skipped message="Suite splitting in effect" type="pytest.skip">src/pymortests/grid.py:432: &lt;py._xmlgen.raw object at 0x7fb29d575e48&gt;</skipped></testcase><testcase classname="src.pymortests.grid" file="src/pymortests/grid.py" line="432" name="test_visualize[&lt;lambda&gt;12]" time="0.0004596710205078125"><skipped message="Suite splitting in effect" type="pytest.skip">src/pymortests/grid.py:432: &lt;py._xmlgen.raw object at 0x7fb29d5754e0&gt;</skipped></testcase><testcase classname="src.pymortests.grid" file="src/pymortests/grid.py" line="432" name="test_visualize[&lt;lambda&gt;13]" time="0.0004401206970214844"><skipped message="Suite splitting in effect" type="pytest.skip">src/pymortests/grid.py:432: &lt;py._xmlgen.raw object at 0x7fb29d582128&gt;</skipped></testcase><testcase classname="src.pymortests.grid" file="src/pymortests/grid.py" line="432" name="test_visualize[&lt;lambda&gt;14]" time="0.0007328987121582031"><skipped message="Suite splitting in effect" type="pytest.skip">src/pymortests/grid.py:432: &lt;py._xmlgen.raw object at 0x7fb29d5c8630&gt;</skipped></testcase><testcase classname="src.pymortests.grid" file="src/pymortests/grid.py" line="432" name="test_visualize[&lt;lambda&gt;15]" time="0.0003962516784667969"><skipped message="Suite splitting in effect" type="pytest.skip">src/pymortests/grid.py:432: &lt;py._xmlgen.raw object at 0x7fb29d575978&gt;</skipped></testcase><testcase classname="src.pymortests.grid" file="src/pymortests/grid.py" line="432" name="test_visualize[&lt;lambda&gt;16]" time="0.0004971027374267578"><skipped message="Suite splitting in effect" type="pytest.skip">src/pymortests/grid.py:432: &lt;py._xmlgen.raw object at 0x7fb2c6d5dfd0&gt;</skipped></testcase><testcase classname="src.pymortests.grid" file="src/pymortests/grid.py" line="432" name="test_visualize[&lt;lambda&gt;17]" time="0.00044918060302734375"><skipped message="Suite splitting in effect" type="pytest.skip">src/pymortests/grid.py:432: &lt;py._xmlgen.raw object at 0x7fb2c6d7d940&gt;</skipped></testcase><testcase classname="src.pymortests.grid" file="src/pymortests/grid.py" line="432" name="test_visualize[&lt;lambda&gt;18]" time="0.0004837512969970703"><skipped message="Suite splitting in effect" type="pytest.skip">src/pymortests/grid.py:432: &lt;py._xmlgen.raw object at 0x7fb2c6d90c88&gt;</skipped></testcase><testcase classname="src.pymortests.grid" file="src/pymortests/grid.py" line="432" name="test_visualize[&lt;lambda&gt;19]" time="0.00042176246643066406"><skipped message="Suite splitting in effect" type="pytest.skip">src/pymortests/grid.py:432: &lt;py._xmlgen.raw object at 0x7fb29d561e48&gt;</skipped></testcase><testcase classname="src.pymortests.grid" file="src/pymortests/grid.py" line="432" name="test_visualize[&lt;lambda&gt;20]" time="0.00043129920959472656"><skipped message="Suite splitting in effect" type="pytest.skip">src/pymortests/grid.py:432: &lt;py._xmlgen.raw object at 0x7fb29d582320&gt;</skipped></testcase><testcase classname="src.pymortests.grid" file="src/pymortests/grid.py" line="432" name="test_visualize[&lt;lambda&gt;21]" time="0.00041484832763671875"><skipped message="Suite splitting in effect" type="pytest.skip">src/pymortests/grid.py:432: &lt;py._xmlgen.raw object at 0x7fb29d5829e8&gt;</skipped></testcase><testcase classname="src.pymortests.grid" file="src/pymortests/grid.py" line="432" name="test_visualize[&lt;lambda&gt;22]" time="0.0004773139953613281"><skipped message="Suite splitting in effect" type="pytest.skip">src/pymortests/grid.py:432: &lt;py._xmlgen.raw object at 0x7fb2c6d30550&gt;</skipped></testcase><testcase classname="src.pymortests.grid" file="src/pymortests/grid.py" line="432" name="test_visualize[&lt;lambda&gt;23]" time="0.0004494190216064453"><skipped message="Suite splitting in effect" type="pytest.skip">src/pymortests/grid.py:432: &lt;py._xmlgen.raw object at 0x7fb2c6d5de48&gt;</skipped></testcase><testcase classname="src.pymortests.grid" file="src/pymortests/grid.py" line="432" name="test_visualize[&lt;lambda&gt;24]" time="0.00043463706970214844"><skipped message="Suite splitting in effect" type="pytest.skip">src/pymortests/grid.py:432: &lt;py._xmlgen.raw object at 0x7fb29d575a90&gt;</skipped></testcase><testcase classname="src.pymortests.grid" file="src/pymortests/grid.py" line="432" name="test_visualize[&lt;lambda&gt;25]" time="0.0004680156707763672"><skipped message="Suite splitting in effect" type="pytest.skip">src/pymortests/grid.py:432: &lt;py._xmlgen.raw object at 0x7fb29d575b00&gt;</skipped></testcase><testcase classname="src.pymortests.grid" file="src/pymortests/grid.py" line="432" name="test_visualize[&lt;lambda&gt;26]" time="0.00044083595275878906"><skipped message="Suite splitting in effect" type="pytest.skip">src/pymortests/grid.py:432: &lt;py._xmlgen.raw object at 0x7fb2c6d907f0&gt;</skipped></testcase><testcase classname="src.pymortests.grid" file="src/pymortests/grid.py" line="432" name="test_visualize[&lt;lambda&gt;27]" time="0.00044345855712890625"><skipped message="Suite splitting in effect" type="pytest.skip">src/pymortests/grid.py:432: &lt;py._xmlgen.raw object at 0x7fb29d561f60&gt;</skipped></testcase><testcase classname="src.pymortests.grid" file="src/pymortests/grid.py" line="432" name="test_visualize[&lt;lambda&gt;28]" time="0.00043082237243652344"><skipped message="Suite splitting in effect" type="pytest.skip">src/pymortests/grid.py:432: &lt;py._xmlgen.raw object at 0x7fb29d56cf60&gt;</skipped></testcase><testcase classname="src.pymortests.grid" file="src/pymortests/grid.py" line="432" name="test_visualize[&lt;lambda&gt;29]" time="0.00041604042053222656"><skipped message="Suite splitting in effect" type="pytest.skip">src/pymortests/grid.py:432: &lt;py._xmlgen.raw object at 0x7fb29d68c208&gt;</skipped></testcase><testcase classname="src.pymortests.grid" file="src/pymortests/grid.py" line="432" name="test_visualize[&lt;lambda&gt;30]" time="0.00045490264892578125"><skipped message="Suite splitting in effect" type="pytest.skip">src/pymortests/grid.py:432: &lt;py._xmlgen.raw object at 0x7fb29d5b5908&gt;</skipped></testcase><testcase classname="src.pymortests.gui" file="src/pymortests/gui.py" line="26" name="test_visualize_patch[backend_gridtype0]" time="0.0005445480346679688"><skipped message="Suite splitting in effect" type="pytest.skip">src/pymortests/gui.py:26: &lt;py._xmlgen.raw object at 0x7fb29d5537b8&gt;</skipped></testcase><testcase classname="src.pymortests.gui" file="src/pymortests/gui.py" line="26" name="test_visualize_patch[backend_gridtype1]" time="0.0004360675811767578"><skipped message="Suite splitting in effect" type="pytest.skip">src/pymortests/gui.py:26: &lt;py._xmlgen.raw object at 0x7fb29d56c9e8&gt;</skipped></testcase><testcase classname="src.pymortests.gui" file="src/pymortests/gui.py" line="26" name="test_visualize_patch[backend_gridtype2]" time="0.000507354736328125"><skipped message="Suite splitting in effect" type="pytest.skip">src/pymortests/gui.py:26: &lt;py._xmlgen.raw object at 0x7fb29d561f60&gt;</skipped></testcase><testcase classname="src.pymortests.la" file="src/pymortests/la.py" line="13" name="test_induced" time="0.0005311965942382812"><skipped message="Suite splitting in effect" type="pytest.skip">src/pymortests/la.py:13: &lt;py._xmlgen.raw object at 0x7fb2c6d90550&gt;</skipped></testcase><testcase classname="src.pymortests.lyapunov" file="src/pymortests/lyapunov.py" line="72" name="test_cgf_dense[scipy-1-200]" time="0.0005776882171630859"><skipped message="Suite splitting in effect" type="pytest.skip">src/pymortests/lyapunov.py:72: &lt;py._xmlgen.raw object at 0x7fb29d575828&gt;</skipped></testcase><testcase classname="src.pymortests.lyapunov" file="src/pymortests/lyapunov.py" line="72" name="test_cgf_dense[scipy-1-300]" time="0.00041985511779785156"><skipped message="Suite splitting in effect" type="pytest.skip">src/pymortests/lyapunov.py:72: &lt;py._xmlgen.raw object at 0x7fb2c6e16630&gt;</skipped></testcase><testcase classname="src.pymortests.lyapunov" file="src/pymortests/lyapunov.py" line="72" name="test_cgf_dense[scipy-2-200]" time="0.0004634857177734375"><skipped message="Suite splitting in effect" type="pytest.skip">src/pymortests/lyapunov.py:72: &lt;py._xmlgen.raw object at 0x7fb2c6d30748&gt;</skipped></testcase><testcase classname="src.pymortests.lyapunov" file="src/pymortests/lyapunov.py" line="72" name="test_cgf_dense[scipy-2-300]" time="0.0004487037658691406"><skipped message="Suite splitting in effect" type="pytest.skip">src/pymortests/lyapunov.py:72: &lt;py._xmlgen.raw object at 0x7fb29d5e2470&gt;</skipped></testcase><testcase classname="src.pymortests.lyapunov" file="src/pymortests/lyapunov.py" line="72" name="test_cgf_dense[slycot-1-200]" time="0.000766754150390625"><skipped message="Suite splitting in effect" type="pytest.skip">src/pymortests/lyapunov.py:72: &lt;py._xmlgen.raw object at 0x7fb2c6d1e160&gt;</skipped></testcase><testcase classname="src.pymortests.lyapunov" file="src/pymortests/lyapunov.py" line="72" name="test_cgf_dense[slycot-1-300]" time="0.00043964385986328125"><skipped message="Suite splitting in effect" type="pytest.skip">src/pymortests/lyapunov.py:72: &lt;py._xmlgen.raw object at 0x7fb2c3885710&gt;</skipped></testcase><testcase classname="src.pymortests.lyapunov" file="src/pymortests/lyapunov.py" line="72" name="test_cgf_dense[slycot-2-200]" time="0.0004673004150390625"><skipped message="Suite splitting in effect" type="pytest.skip">src/pymortests/lyapunov.py:72: &lt;py._xmlgen.raw object at 0x7fb29d575828&gt;</skipped></testcase><testcase classname="src.pymortests.lyapunov" file="src/pymortests/lyapunov.py" line="72" name="test_cgf_dense[slycot-2-300]" time="0.0004608631134033203"><skipped message="Suite splitting in effect" type="pytest.skip">src/pymortests/lyapunov.py:72: &lt;py._xmlgen.raw object at 0x7fb29d5be7f0&gt;</skipped></testcase><testcase classname="src.pymortests.lyapunov" file="src/pymortests/lyapunov.py" line="72" name="test_cgf_dense[pymess_lyap-1-200]" time="0.00045680999755859375"><skipped message="Suite splitting in effect" type="pytest.skip">src/pymortests/lyapunov.py:72: &lt;py._xmlgen.raw object at 0x7fb29d690c50&gt;</skipped></testcase><testcase classname="src.pymortests.lyapunov" file="src/pymortests/lyapunov.py" line="72" name="test_cgf_dense[pymess_lyap-1-300]" time="0.0005128383636474609"><skipped message="Suite splitting in effect" type="pytest.skip">src/pymortests/lyapunov.py:72: &lt;py._xmlgen.raw object at 0x7fb29d56c080&gt;</skipped></testcase><testcase classname="src.pymortests.lyapunov" file="src/pymortests/lyapunov.py" line="72" name="test_cgf_dense[pymess_lyap-2-200]" time="0.0005340576171875"><skipped message="Suite splitting in effect" type="pytest.skip">src/pymortests/lyapunov.py:72: &lt;py._xmlgen.raw object at 0x7fb29d5537b8&gt;</skipped></testcase><testcase classname="src.pymortests.lyapunov" file="src/pymortests/lyapunov.py" line="72" name="test_cgf_dense[pymess_lyap-2-300]" time="0.00044465065002441406"><skipped message="Suite splitting in effect" type="pytest.skip">src/pymortests/lyapunov.py:72: &lt;py._xmlgen.raw object at 0x7fb29d5828d0&gt;</skipped></testcase><testcase classname="src.pymortests.lyapunov" file="src/pymortests/lyapunov.py" line="72" name="test_cgf_dense[pymess_lradi-1-200]" time="0.0007584095001220703"><skipped message="Suite splitting in effect" type="pytest.skip">src/pymortests/lyapunov.py:72: &lt;py._xmlgen.raw object at 0x7fb29d5b5b00&gt;</skipped></testcase><testcase classname="src.pymortests.lyapunov" file="src/pymortests/lyapunov.py" line="72" name="test_cgf_dense[pymess_lradi-1-300]" time="0.0004839897155761719"><skipped message="Suite splitting in effect" type="pytest.skip">src/pymortests/lyapunov.py:72: &lt;py._xmlgen.raw object at 0x7fb29d56c2b0&gt;</skipped></testcase><testcase classname="src.pymortests.lyapunov" file="src/pymortests/lyapunov.py" line="72" name="test_cgf_dense[pymess_lradi-2-200]" time="0.0004839897155761719"><skipped message="Suite splitting in effect" type="pytest.skip">src/pymortests/lyapunov.py:72: &lt;py._xmlgen.raw object at 0x7fb29d561f60&gt;</skipped></testcase><testcase classname="src.pymortests.lyapunov" file="src/pymortests/lyapunov.py" line="72" name="test_cgf_dense[pymess_lradi-2-300]" time="0.0004944801330566406"><skipped message="Suite splitting in effect" type="pytest.skip">src/pymortests/lyapunov.py:72: &lt;py._xmlgen.raw object at 0x7fb2c38a2160&gt;</skipped></testcase><testcase classname="src.pymortests.lyapunov" file="src/pymortests/lyapunov.py" line="72" name="test_cgf_dense[lradi-1-200]" time="0.00046896934509277344"><skipped message="Suite splitting in effect" type="pytest.skip">src/pymortests/lyapunov.py:72: &lt;py._xmlgen.raw object at 0x7fb29d575cc0&gt;</skipped></testcase><testcase classname="src.pymortests.lyapunov" file="src/pymortests/lyapunov.py" line="72" name="test_cgf_dense[lradi-1-300]" time="0.0006427764892578125"><skipped message="Suite splitting in effect" type="pytest.skip">src/pymortests/lyapunov.py:72: &lt;py._xmlgen.raw object at 0x7fb2c6d5dfd0&gt;</skipped></testcase><testcase classname="src.pymortests.lyapunov" file="src/pymortests/lyapunov.py" line="72" name="test_cgf_dense[lradi-2-200]" time="0.0005452632904052734"><skipped message="Suite splitting in effect" type="pytest.skip">src/pymortests/lyapunov.py:72: &lt;py._xmlgen.raw object at 0x7fb29d5822b0&gt;</skipped></testcase><testcase classname="src.pymortests.lyapunov" file="src/pymortests/lyapunov.py" line="72" name="test_cgf_dense[lradi-2-300]" time="0.00048613548278808594"><skipped message="Suite splitting in effect" type="pytest.skip">src/pymortests/lyapunov.py:72: &lt;py._xmlgen.raw object at 0x7fb29d513390&gt;</skipped></testcase><testcase classname="src.pymortests.lyapunov" file="src/pymortests/lyapunov.py" line="92" name="test_cgf_dense_E[slycot-1-200]" time="0.0008549690246582031"><skipped message="Suite splitting in effect" type="pytest.skip">src/pymortests/lyapunov.py:92: &lt;py._xmlgen.raw object at 0x7fb29d5138d0&gt;</skipped></testcase><testcase classname="src.pymortests.lyapunov" file="src/pymortests/lyapunov.py" line="92" name="test_cgf_dense_E[slycot-1-300]" time="0.0004901885986328125"><skipped message="Suite splitting in effect" type="pytest.skip">src/pymortests/lyapunov.py:92: &lt;py._xmlgen.raw object at 0x7fb2c6dba2b0&gt;</skipped></testcase><testcase classname="src.pymortests.lyapunov" file="src/pymortests/lyapunov.py" line="92" name="test_cgf_dense_E[slycot-2-200]" time="0.0005257129669189453"><skipped message="Suite splitting in effect" type="pytest.skip">src/pymortests/lyapunov.py:92: &lt;py._xmlgen.raw object at 0x7fb29d575cc0&gt;</skipped></testcase><testcase classname="src.pymortests.lyapunov" file="src/pymortests/lyapunov.py" line="92" name="test_cgf_dense_E[slycot-2-300]" time="0.0004878044128417969"><skipped message="Suite splitting in effect" type="pytest.skip">src/pymortests/lyapunov.py:92: &lt;py._xmlgen.raw object at 0x7fb2c6d90550&gt;</skipped></testcase><testcase classname="src.pymortests.lyapunov" file="src/pymortests/lyapunov.py" line="92" name="test_cgf_dense_E[pymess_lyap-1-200]" time="0.0005230903625488281"><skipped message="Suite splitting in effect" type="pytest.skip">src/pymortests/lyapunov.py:92: &lt;py._xmlgen.raw object at 0x7fb29d561438&gt;</skipped></testcase><testcase classname="src.pymortests.lyapunov" file="src/pymortests/lyapunov.py" line="92" name="test_cgf_dense_E[pymess_lyap-1-300]" time="0.00047850608825683594"><skipped message="Suite splitting in effect" type="pytest.skip">src/pymortests/lyapunov.py:92: &lt;py._xmlgen.raw object at 0x7fb29d56ce48&gt;</skipped></testcase><testcase classname="src.pymortests.lyapunov" file="src/pymortests/lyapunov.py" line="92" name="test_cgf_dense_E[pymess_lyap-2-200]" time="0.0004405975341796875"><skipped message="Suite splitting in effect" type="pytest.skip">src/pymortests/lyapunov.py:92: &lt;py._xmlgen.raw object at 0x7fb29d5134a8&gt;</skipped></testcase><testcase classname="src.pymortests.lyapunov" file="src/pymortests/lyapunov.py" line="92" name="test_cgf_dense_E[pymess_lyap-2-300]" time="0.00045371055603027344"><skipped message="Suite splitting in effect" type="pytest.skip">src/pymortests/lyapunov.py:92: &lt;py._xmlgen.raw object at 0x7fb29d513240&gt;</skipped></testcase><testcase classname="src.pymortests.lyapunov" file="src/pymortests/lyapunov.py" line="92" name="test_cgf_dense_E[pymess_lradi-1-200]" time="0.0007679462432861328"><skipped message="Suite splitting in effect" type="pytest.skip">src/pymortests/lyapunov.py:92: &lt;py._xmlgen.raw object at 0x7fb29d513e10&gt;</skipped></testcase><testcase classname="src.pymortests.lyapunov" file="src/pymortests/lyapunov.py" line="92" name="test_cgf_dense_E[pymess_lradi-1-300]" time="0.0004353523254394531"><skipped message="Suite splitting in effect" type="pytest.skip">src/pymortests/lyapunov.py:92: &lt;py._xmlgen.raw object at 0x7fb29d56ce48&gt;</skipped></testcase><testcase classname="src.pymortests.lyapunov" file="src/pymortests/lyapunov.py" line="92" name="test_cgf_dense_E[pymess_lradi-2-200]" time="0.00047659873962402344"><skipped message="Suite splitting in effect" type="pytest.skip">src/pymortests/lyapunov.py:92: &lt;py._xmlgen.raw object at 0x7fb2c38a24a8&gt;</skipped></testcase><testcase classname="src.pymortests.lyapunov" file="src/pymortests/lyapunov.py" line="92" name="test_cgf_dense_E[pymess_lradi-2-300]" time="0.0005414485931396484"><skipped message="Suite splitting in effect" type="pytest.skip">src/pymortests/lyapunov.py:92: &lt;py._xmlgen.raw object at 0x7fb29d575b00&gt;</skipped></testcase><testcase classname="src.pymortests.lyapunov" file="src/pymortests/lyapunov.py" line="92" name="test_cgf_dense_E[lradi-1-200]" time="0.0004711151123046875"><skipped message="Suite splitting in effect" type="pytest.skip">src/pymortests/lyapunov.py:92: &lt;py._xmlgen.raw object at 0x7fb2c6d30748&gt;</skipped></testcase><testcase classname="src.pymortests.lyapunov" file="src/pymortests/lyapunov.py" line="92" name="test_cgf_dense_E[lradi-1-300]" time="0.00048041343688964844"><skipped message="Suite splitting in effect" type="pytest.skip">src/pymortests/lyapunov.py:92: &lt;py._xmlgen.raw object at 0x7fb29d5828d0&gt;</skipped></testcase><testcase classname="src.pymortests.lyapunov" file="src/pymortests/lyapunov.py" line="92" name="test_cgf_dense_E[lradi-2-200]" time="0.000453948974609375"><skipped message="Suite splitting in effect" type="pytest.skip">src/pymortests/lyapunov.py:92: &lt;py._xmlgen.raw object at 0x7fb29d513c18&gt;</skipped></testcase><testcase classname="src.pymortests.lyapunov" file="src/pymortests/lyapunov.py" line="92" name="test_cgf_dense_E[lradi-2-300]" time="0.0004410743713378906"><skipped message="Suite splitting in effect" type="pytest.skip">src/pymortests/lyapunov.py:92: &lt;py._xmlgen.raw object at 0x7fb29d5135f8&gt;</skipped></testcase><testcase classname="src.pymortests.lyapunov" file="src/pymortests/lyapunov.py" line="120" name="test_cgf_sparse[scipy-1-200]" time="0.00046825408935546875"><skipped message="Suite splitting in effect" type="pytest.skip">src/pymortests/lyapunov.py:120: &lt;py._xmlgen.raw object at 0x7fb29d51a470&gt;</skipped></testcase><testcase classname="src.pymortests.lyapunov" file="src/pymortests/lyapunov.py" line="120" name="test_cgf_sparse[scipy-1-300]" time="0.00044989585876464844"><skipped message="Suite splitting in effect" type="pytest.skip">src/pymortests/lyapunov.py:120: &lt;py._xmlgen.raw object at 0x7fb29d513080&gt;</skipped></testcase><testcase classname="src.pymortests.lyapunov" file="src/pymortests/lyapunov.py" line="120" name="test_cgf_sparse[scipy-2-200]" time="0.0004410743713378906"><skipped message="Suite splitting in effect" type="pytest.skip">src/pymortests/lyapunov.py:120: &lt;py._xmlgen.raw object at 0x7fb29d582f60&gt;</skipped></testcase><testcase classname="src.pymortests.lyapunov" file="src/pymortests/lyapunov.py" line="120" name="test_cgf_sparse[scipy-2-300]" time="0.0004322528839111328"><skipped message="Suite splitting in effect" type="pytest.skip">src/pymortests/lyapunov.py:120: &lt;py._xmlgen.raw object at 0x7fb2c6d304a8&gt;</skipped></testcase><testcase classname="src.pymortests.lyapunov" file="src/pymortests/lyapunov.py" line="120" name="test_cgf_sparse[slycot-1-200]" time="0.0004341602325439453"><skipped message="Suite splitting in effect" type="pytest.skip">src/pymortests/lyapunov.py:120: &lt;py._xmlgen.raw object at 0x7fb2c3830518&gt;</skipped></testcase><testcase classname="src.pymortests.lyapunov" file="src/pymortests/lyapunov.py" line="120" name="test_cgf_sparse[slycot-1-300]" time="0.0004429817199707031"><skipped message="Suite splitting in effect" type="pytest.skip">src/pymortests/lyapunov.py:120: &lt;py._xmlgen.raw object at 0x7fb2c38a2cf8&gt;</skipped></testcase><testcase classname="src.pymortests.lyapunov" file="src/pymortests/lyapunov.py" line="120" name="test_cgf_sparse[slycot-2-200]" time="0.0005235671997070312"><skipped message="Suite splitting in effect" type="pytest.skip">src/pymortests/lyapunov.py:120: &lt;py._xmlgen.raw object at 0x7fb29d56ce48&gt;</skipped></testcase><testcase classname="src.pymortests.lyapunov" file="src/pymortests/lyapunov.py" line="120" name="test_cgf_sparse[slycot-2-300]" time="0.0005497932434082031"><skipped message="Suite splitting in effect" type="pytest.skip">src/pymortests/lyapunov.py:120: &lt;py._xmlgen.raw object at 0x7fb29d51a048&gt;</skipped></testcase><testcase classname="src.pymortests.lyapunov" file="src/pymortests/lyapunov.py" line="120" name="test_cgf_sparse[pymess_lyap-1-200]" time="0.0005936622619628906"><skipped message="Suite splitting in effect" type="pytest.skip">src/pymortests/lyapunov.py:120: &lt;py._xmlgen.raw object at 0x7fb29d51a978&gt;</skipped></testcase><testcase classname="src.pymortests.lyapunov" file="src/pymortests/lyapunov.py" line="120" name="test_cgf_sparse[pymess_lyap-1-300]" time="0.0007948875427246094"><skipped message="Suite splitting in effect" type="pytest.skip">src/pymortests/lyapunov.py:120: &lt;py._xmlgen.raw object at 0x7fb29d56c320&gt;</skipped></testcase><testcase classname="src.pymortests.lyapunov" file="src/pymortests/lyapunov.py" line="120" name="test_cgf_sparse[pymess_lyap-2-200]" time="0.0004372596740722656"><skipped message="Suite splitting in effect" type="pytest.skip">src/pymortests/lyapunov.py:120: &lt;py._xmlgen.raw object at 0x7fb2c3830710&gt;</skipped></testcase><testcase classname="src.pymortests.lyapunov" file="src/pymortests/lyapunov.py" line="120" name="test_cgf_sparse[pymess_lyap-2-300]" time="0.0004627704620361328"><skipped message="Suite splitting in effect" type="pytest.skip">src/pymortests/lyapunov.py:120: &lt;py._xmlgen.raw object at 0x7fb2c6d304a8&gt;</skipped></testcase><testcase classname="src.pymortests.lyapunov" file="src/pymortests/lyapunov.py" line="120" name="test_cgf_sparse[pymess_lradi-1-200]" time="0.0004494190216064453"><skipped message="Suite splitting in effect" type="pytest.skip">src/pymortests/lyapunov.py:120: &lt;py._xmlgen.raw object at 0x7fb2c3840a90&gt;</skipped></testcase><testcase classname="src.pymortests.lyapunov" file="src/pymortests/lyapunov.py" line="120" name="test_cgf_sparse[pymess_lradi-1-300]" time="0.00044536590576171875"><skipped message="Suite splitting in effect" type="pytest.skip">src/pymortests/lyapunov.py:120: &lt;py._xmlgen.raw object at 0x7fb29d513b00&gt;</skipped></testcase><testcase classname="src.pymortests.lyapunov" file="src/pymortests/lyapunov.py" line="120" name="test_cgf_sparse[pymess_lradi-2-200]" time="0.00042247772216796875"><skipped message="Suite splitting in effect" type="pytest.skip">src/pymortests/lyapunov.py:120: &lt;py._xmlgen.raw object at 0x7fb29d51aa90&gt;</skipped></testcase><testcase classname="src.pymortests.lyapunov" file="src/pymortests/lyapunov.py" line="120" name="test_cgf_sparse[pymess_lradi-2-300]" time="0.0004341602325439453"><skipped message="Suite splitting in effect" type="pytest.skip">src/pymortests/lyapunov.py:120: &lt;py._xmlgen.raw object at 0x7fb29d51a128&gt;</skipped></testcase><testcase classname="src.pymortests.lyapunov" file="src/pymortests/lyapunov.py" line="120" name="test_cgf_sparse[lradi-1-200]" time="0.0004222393035888672"><skipped message="Suite splitting in effect" type="pytest.skip">src/pymortests/lyapunov.py:120: &lt;py._xmlgen.raw object at 0x7fb29d51aeb8&gt;</skipped></testcase><testcase classname="src.pymortests.lyapunov" file="src/pymortests/lyapunov.py" line="120" name="test_cgf_sparse[lradi-1-300]" time="0.0007779598236083984"><skipped message="Suite splitting in effect" type="pytest.skip">src/pymortests/lyapunov.py:120: &lt;py._xmlgen.raw object at 0x7fb29d51aeb8&gt;</skipped></testcase><testcase classname="src.pymortests.lyapunov" file="src/pymortests/lyapunov.py" line="120" name="test_cgf_sparse[lradi-2-200]" time="0.0004482269287109375"><skipped message="Suite splitting in effect" type="pytest.skip">src/pymortests/lyapunov.py:120: &lt;py._xmlgen.raw object at 0x7fb29d51a748&gt;</skipped></testcase><testcase classname="src.pymortests.lyapunov" file="src/pymortests/lyapunov.py" line="120" name="test_cgf_sparse[lradi-2-300]" time="0.0005009174346923828"><skipped message="Suite splitting in effect" type="pytest.skip">src/pymortests/lyapunov.py:120: &lt;py._xmlgen.raw object at 0x7fb29d513438&gt;</skipped></testcase><testcase classname="src.pymortests.lyapunov" file="src/pymortests/lyapunov.py" line="141" name="test_cgf_sparse_E[slycot-1-200]" time="0.0004603862762451172"><skipped message="Suite splitting in effect" type="pytest.skip">src/pymortests/lyapunov.py:141: &lt;py._xmlgen.raw object at 0x7fb2c3840748&gt;</skipped></testcase><testcase classname="src.pymortests.lyapunov" file="src/pymortests/lyapunov.py" line="141" name="test_cgf_sparse_E[slycot-1-300]" time="0.0004749298095703125"><skipped message="Suite splitting in effect" type="pytest.skip">src/pymortests/lyapunov.py:141: &lt;py._xmlgen.raw object at 0x7fb29d582f60&gt;</skipped></testcase><testcase classname="src.pymortests.lyapunov" file="src/pymortests/lyapunov.py" line="141" name="test_cgf_sparse_E[slycot-2-200]" time="0.00046539306640625"><skipped message="Suite splitting in effect" type="pytest.skip">src/pymortests/lyapunov.py:141: &lt;py._xmlgen.raw object at 0x7fb2c3830860&gt;</skipped></testcase><testcase classname="src.pymortests.lyapunov" file="src/pymortests/lyapunov.py" line="141" name="test_cgf_sparse_E[slycot-2-300]" time="0.00045013427734375"><skipped message="Suite splitting in effect" type="pytest.skip">src/pymortests/lyapunov.py:141: &lt;py._xmlgen.raw object at 0x7fb29d56c0f0&gt;</skipped></testcase><testcase classname="src.pymortests.lyapunov" file="src/pymortests/lyapunov.py" line="141" name="test_cgf_sparse_E[pymess_lyap-1-200]" time="0.0004527568817138672"><skipped message="Suite splitting in effect" type="pytest.skip">src/pymortests/lyapunov.py:141: &lt;py._xmlgen.raw object at 0x7fb29d5247b8&gt;</skipped></testcase><testcase classname="src.pymortests.lyapunov" file="src/pymortests/lyapunov.py" line="141" name="test_cgf_sparse_E[pymess_lyap-1-300]" time="0.0007824897766113281"><skipped message="Suite splitting in effect" type="pytest.skip">src/pymortests/lyapunov.py:141: &lt;py._xmlgen.raw object at 0x7fb29d524cf8&gt;</skipped></testcase><testcase classname="src.pymortests.lyapunov" file="src/pymortests/lyapunov.py" line="141" name="test_cgf_sparse_E[pymess_lyap-2-200]" time="0.00043511390686035156"><skipped message="Suite splitting in effect" type="pytest.skip">src/pymortests/lyapunov.py:141: &lt;py._xmlgen.raw object at 0x7fb29d575cc0&gt;</skipped></testcase><testcase classname="src.pymortests.lyapunov" file="src/pymortests/lyapunov.py" line="141" name="test_cgf_sparse_E[pymess_lyap-2-300]" time="0.0004737377166748047"><skipped message="Suite splitting in effect" type="pytest.skip">src/pymortests/lyapunov.py:141: &lt;py._xmlgen.raw object at 0x7fb29d582ac8&gt;</skipped></testcase><testcase classname="src.pymortests.lyapunov" file="src/pymortests/lyapunov.py" line="141" name="test_cgf_sparse_E[pymess_lradi-1-200]" time="0.00041794776916503906"><skipped message="Suite splitting in effect" type="pytest.skip">src/pymortests/lyapunov.py:141: &lt;py._xmlgen.raw object at 0x7fb29d513940&gt;</skipped></testcase><testcase classname="src.pymortests.lyapunov" file="src/pymortests/lyapunov.py" line="141" name="test_cgf_sparse_E[pymess_lradi-1-300]" time="0.0004825592041015625"><skipped message="Suite splitting in effect" type="pytest.skip">src/pymortests/lyapunov.py:141: &lt;py._xmlgen.raw object at 0x7fb2c38529b0&gt;</skipped></testcase><testcase classname="src.pymortests.lyapunov" file="src/pymortests/lyapunov.py" line="141" name="test_cgf_sparse_E[pymess_lradi-2-200]" time="0.00044035911560058594"><skipped message="Suite splitting in effect" type="pytest.skip">src/pymortests/lyapunov.py:141: &lt;py._xmlgen.raw object at 0x7fb29d51acf8&gt;</skipped></testcase><testcase classname="src.pymortests.lyapunov" file="src/pymortests/lyapunov.py" line="141" name="test_cgf_sparse_E[pymess_lradi-2-300]" time="0.00045418739318847656"><skipped message="Suite splitting in effect" type="pytest.skip">src/pymortests/lyapunov.py:141: &lt;py._xmlgen.raw object at 0x7fb29d524a58&gt;</skipped></testcase><testcase classname="src.pymortests.lyapunov" file="src/pymortests/lyapunov.py" line="141" name="test_cgf_sparse_E[lradi-1-200]" time="0.0004394054412841797"><skipped message="Suite splitting in effect" type="pytest.skip">src/pymortests/lyapunov.py:141: &lt;py._xmlgen.raw object at 0x7fb29d5246a0&gt;</skipped></testcase><testcase classname="src.pymortests.lyapunov" file="src/pymortests/lyapunov.py" line="141" name="test_cgf_sparse_E[lradi-1-300]" time="0.0007581710815429688"><skipped message="Suite splitting in effect" type="pytest.skip">src/pymortests/lyapunov.py:141: &lt;py._xmlgen.raw object at 0x7fb29d52e278&gt;</skipped></testcase><testcase classname="src.pymortests.lyapunov" file="src/pymortests/lyapunov.py" line="141" name="test_cgf_sparse_E[lradi-2-200]" time="0.00047135353088378906"><skipped message="Suite splitting in effect" type="pytest.skip">src/pymortests/lyapunov.py:141: &lt;py._xmlgen.raw object at 0x7fb29d524470&gt;</skipped></testcase><testcase classname="src.pymortests.lyapunov" file="src/pymortests/lyapunov.py" line="141" name="test_cgf_sparse_E[lradi-2-300]" time="0.00047898292541503906"><skipped message="Suite splitting in effect" type="pytest.skip">src/pymortests/lyapunov.py:141: &lt;py._xmlgen.raw object at 0x7fb29d51aa58&gt;</skipped></testcase><testcase classname="src.pymortests.lyapunov" file="src/pymortests/lyapunov.py" line="169" name="test_ogf_dense[scipy-1-200]" time="0.00045371055603027344"><skipped message="Suite splitting in effect" type="pytest.skip">src/pymortests/lyapunov.py:169: &lt;py._xmlgen.raw object at 0x7fb2c3852f98&gt;</skipped></testcase><testcase classname="src.pymortests.lyapunov" file="src/pymortests/lyapunov.py" line="169" name="test_ogf_dense[scipy-1-300]" time="0.0004343986511230469"><skipped message="Suite splitting in effect" type="pytest.skip">src/pymortests/lyapunov.py:169: &lt;py._xmlgen.raw object at 0x7fb29d513780&gt;</skipped></testcase><testcase classname="src.pymortests.lyapunov" file="src/pymortests/lyapunov.py" line="169" name="test_ogf_dense[scipy-2-200]" time="0.0004355907440185547"><skipped message="Suite splitting in effect" type="pytest.skip">src/pymortests/lyapunov.py:169: &lt;py._xmlgen.raw object at 0x7fb29d582748&gt;</skipped></testcase><testcase classname="src.pymortests.lyapunov" file="src/pymortests/lyapunov.py" line="169" name="test_ogf_dense[scipy-2-300]" time="0.0004649162292480469"><skipped message="Suite splitting in effect" type="pytest.skip">src/pymortests/lyapunov.py:169: &lt;py._xmlgen.raw object at 0x7fb29d561438&gt;</skipped></testcase><testcase classname="src.pymortests.lyapunov" file="src/pymortests/lyapunov.py" line="169" name="test_ogf_dense[slycot-1-200]" time="0.00044727325439453125"><skipped message="Suite splitting in effect" type="pytest.skip">src/pymortests/lyapunov.py:169: &lt;py._xmlgen.raw object at 0x7fb29d52e0b8&gt;</skipped></testcase><testcase classname="src.pymortests.lyapunov" file="src/pymortests/lyapunov.py" line="169" name="test_ogf_dense[slycot-1-300]" time="0.0004494190216064453"><skipped message="Suite splitting in effect" type="pytest.skip">src/pymortests/lyapunov.py:169: &lt;py._xmlgen.raw object at 0x7fb29d52e898&gt;</skipped></testcase><testcase classname="src.pymortests.lyapunov" file="src/pymortests/lyapunov.py" line="169" name="test_ogf_dense[slycot-2-200]" time="0.00044345855712890625"><skipped message="Suite splitting in effect" type="pytest.skip">src/pymortests/lyapunov.py:169: &lt;py._xmlgen.raw object at 0x7fb29d575f28&gt;</skipped></testcase><testcase classname="src.pymortests.lyapunov" file="src/pymortests/lyapunov.py" line="169" name="test_ogf_dense[slycot-2-300]" time="0.0005121231079101562"><skipped message="Suite splitting in effect" type="pytest.skip">src/pymortests/lyapunov.py:169: &lt;py._xmlgen.raw object at 0x7fb29d513978&gt;</skipped></testcase><testcase classname="src.pymortests.lyapunov" file="src/pymortests/lyapunov.py" line="169" name="test_ogf_dense[pymess_lyap-1-200]" time="0.000438690185546875"><skipped message="Suite splitting in effect" type="pytest.skip">src/pymortests/lyapunov.py:169: &lt;py._xmlgen.raw object at 0x7fb2c3852fd0&gt;</skipped></testcase><testcase classname="src.pymortests.lyapunov" file="src/pymortests/lyapunov.py" line="169" name="test_ogf_dense[pymess_lyap-1-300]" time="0.0004420280456542969"><skipped message="Suite splitting in effect" type="pytest.skip">src/pymortests/lyapunov.py:169: &lt;py._xmlgen.raw object at 0x7fb29d51aa58&gt;</skipped></testcase><testcase classname="src.pymortests.lyapunov" file="src/pymortests/lyapunov.py" line="169" name="test_ogf_dense[pymess_lyap-2-200]" time="0.0004482269287109375"><skipped message="Suite splitting in effect" type="pytest.skip">src/pymortests/lyapunov.py:169: &lt;py._xmlgen.raw object at 0x7fb29d524a90&gt;</skipped></testcase><testcase classname="src.pymortests.lyapunov" file="src/pymortests/lyapunov.py" line="169" name="test_ogf_dense[pymess_lyap-2-300]" time="0.000438690185546875"><skipped message="Suite splitting in effect" type="pytest.skip">src/pymortests/lyapunov.py:169: &lt;py._xmlgen.raw object at 0x7fb29d52e4a8&gt;</skipped></testcase><testcase classname="src.pymortests.lyapunov" file="src/pymortests/lyapunov.py" line="169" name="test_ogf_dense[pymess_lradi-1-200]" time="0.00046181678771972656"><skipped message="Suite splitting in effect" type="pytest.skip">src/pymortests/lyapunov.py:169: &lt;py._xmlgen.raw object at 0x7fb29d52e080&gt;</skipped></testcase><testcase classname="src.pymortests.lyapunov" file="src/pymortests/lyapunov.py" line="169" name="test_ogf_dense[pymess_lradi-1-300]" time="0.0004398822784423828"><skipped message="Suite splitting in effect" type="pytest.skip">src/pymortests/lyapunov.py:169: &lt;py._xmlgen.raw object at 0x7fb29d52eda0&gt;</skipped></testcase><testcase classname="src.pymortests.lyapunov" file="src/pymortests/lyapunov.py" line="169" name="test_ogf_dense[pymess_lradi-2-200]" time="0.0004601478576660156"><skipped message="Suite splitting in effect" type="pytest.skip">src/pymortests/lyapunov.py:169: &lt;py._xmlgen.raw object at 0x7fb2c3852fd0&gt;</skipped></testcase><testcase classname="src.pymortests.lyapunov" file="src/pymortests/lyapunov.py" line="169" name="test_ogf_dense[pymess_lradi-2-300]" time="0.0004444122314453125"><skipped message="Suite splitting in effect" type="pytest.skip">src/pymortests/lyapunov.py:169: &lt;py._xmlgen.raw object at 0x7fb2c38a2748&gt;</skipped></testcase><testcase classname="src.pymortests.lyapunov" file="src/pymortests/lyapunov.py" line="169" name="test_ogf_dense[lradi-1-200]" time="0.0004405975341796875"><skipped message="Suite splitting in effect" type="pytest.skip">src/pymortests/lyapunov.py:169: &lt;py._xmlgen.raw object at 0x7fb29d51a0f0&gt;</skipped></testcase><testcase classname="src.pymortests.lyapunov" file="src/pymortests/lyapunov.py" line="169" name="test_ogf_dense[lradi-1-300]" time="0.00045871734619140625"><skipped message="Suite splitting in effect" type="pytest.skip">src/pymortests/lyapunov.py:169: &lt;py._xmlgen.raw object at 0x7fb29d524470&gt;</skipped></testcase><testcase classname="src.pymortests.lyapunov" file="src/pymortests/lyapunov.py" line="169" name="test_ogf_dense[lradi-2-200]" time="0.0004398822784423828"><skipped message="Suite splitting in effect" type="pytest.skip">src/pymortests/lyapunov.py:169: &lt;py._xmlgen.raw object at 0x7fb29d524cf8&gt;</skipped></testcase><testcase classname="src.pymortests.lyapunov" file="src/pymortests/lyapunov.py" line="169" name="test_ogf_dense[lradi-2-300]" time="0.00045680999755859375"><skipped message="Suite splitting in effect" type="pytest.skip">src/pymortests/lyapunov.py:169: &lt;py._xmlgen.raw object at 0x7fb29d5b5668&gt;</skipped></testcase><testcase classname="src.pymortests.lyapunov" file="src/pymortests/lyapunov.py" line="189" name="test_ogf_dense_E[slycot-1-200]" time="0.0004277229309082031"><skipped message="Suite splitting in effect" type="pytest.skip">src/pymortests/lyapunov.py:189: &lt;py._xmlgen.raw object at 0x7fb29d5138d0&gt;</skipped></testcase><testcase classname="src.pymortests.lyapunov" file="src/pymortests/lyapunov.py" line="189" name="test_ogf_dense_E[slycot-1-300]" time="0.0004584789276123047"><skipped message="Suite splitting in effect" type="pytest.skip">src/pymortests/lyapunov.py:189: &lt;py._xmlgen.raw object at 0x7fb29d582588&gt;</skipped></testcase><testcase classname="src.pymortests.lyapunov" file="src/pymortests/lyapunov.py" line="189" name="test_ogf_dense_E[slycot-2-200]" time="0.0007731914520263672"><skipped message="Suite splitting in effect" type="pytest.skip">src/pymortests/lyapunov.py:189: &lt;py._xmlgen.raw object at 0x7fb29d582630&gt;</skipped></testcase><testcase classname="src.pymortests.lyapunov" file="src/pymortests/lyapunov.py" line="189" name="test_ogf_dense_E[slycot-2-300]" time="0.000446319580078125"><skipped message="Suite splitting in effect" type="pytest.skip">src/pymortests/lyapunov.py:189: &lt;py._xmlgen.raw object at 0x7fb29d5b5668&gt;</skipped></testcase><testcase classname="src.pymortests.lyapunov" file="src/pymortests/lyapunov.py" line="189" name="test_ogf_dense_E[pymess_lyap-1-200]" time="0.0005071163177490234"><skipped message="Suite splitting in effect" type="pytest.skip">src/pymortests/lyapunov.py:189: &lt;py._xmlgen.raw object at 0x7fb29d524d68&gt;</skipped></testcase><testcase classname="src.pymortests.lyapunov" file="src/pymortests/lyapunov.py" line="189" name="test_ogf_dense_E[pymess_lyap-1-300]" time="0.0004911422729492188"><skipped message="Suite splitting in effect" type="pytest.skip">src/pymortests/lyapunov.py:189: &lt;py._xmlgen.raw object at 0x7fb29d56c080&gt;</skipped></testcase><testcase classname="src.pymortests.lyapunov" file="src/pymortests/lyapunov.py" line="189" name="test_ogf_dense_E[pymess_lyap-2-200]" time="0.000476837158203125"><skipped message="Suite splitting in effect" type="pytest.skip">src/pymortests/lyapunov.py:189: &lt;py._xmlgen.raw object at 0x7fb29d51ac50&gt;</skipped></testcase><testcase classname="src.pymortests.lyapunov" file="src/pymortests/lyapunov.py" line="189" name="test_ogf_dense_E[pymess_lyap-2-300]" time="0.00047016143798828125"><skipped message="Suite splitting in effect" type="pytest.skip">src/pymortests/lyapunov.py:189: &lt;py._xmlgen.raw object at 0x7fb2c3840dd8&gt;</skipped></testcase><testcase classname="src.pymortests.lyapunov" file="src/pymortests/lyapunov.py" line="189" name="test_ogf_dense_E[pymess_lradi-1-200]" time="0.0004820823669433594"><skipped message="Suite splitting in effect" type="pytest.skip">src/pymortests/lyapunov.py:189: &lt;py._xmlgen.raw object at 0x7fb2c37ef4a8&gt;</skipped></testcase><testcase classname="src.pymortests.lyapunov" file="src/pymortests/lyapunov.py" line="189" name="test_ogf_dense_E[pymess_lradi-1-300]" time="0.0004940032958984375"><skipped message="Suite splitting in effect" type="pytest.skip">src/pymortests/lyapunov.py:189: &lt;py._xmlgen.raw object at 0x7fb29d52ee48&gt;</skipped></testcase><testcase classname="src.pymortests.lyapunov" file="src/pymortests/lyapunov.py" line="189" name="test_ogf_dense_E[pymess_lradi-2-200]" time="0.0004553794860839844"><skipped message="Suite splitting in effect" type="pytest.skip">src/pymortests/lyapunov.py:189: &lt;py._xmlgen.raw object at 0x7fb29d5a6390&gt;</skipped></testcase><testcase classname="src.pymortests.lyapunov" file="src/pymortests/lyapunov.py" line="189" name="test_ogf_dense_E[pymess_lradi-2-300]" time="0.000484466552734375"><skipped message="Suite splitting in effect" type="pytest.skip">src/pymortests/lyapunov.py:189: &lt;py._xmlgen.raw object at 0x7fb2c3852f98&gt;</skipped></testcase><testcase classname="src.pymortests.lyapunov" file="src/pymortests/lyapunov.py" line="189" name="test_ogf_dense_E[lradi-1-200]" time="0.0005042552947998047"><skipped message="Suite splitting in effect" type="pytest.skip">src/pymortests/lyapunov.py:189: &lt;py._xmlgen.raw object at 0x7fb29d51a048&gt;</skipped></testcase><testcase classname="src.pymortests.lyapunov" file="src/pymortests/lyapunov.py" line="189" name="test_ogf_dense_E[lradi-1-300]" time="0.0004582405090332031"><skipped message="Suite splitting in effect" type="pytest.skip">src/pymortests/lyapunov.py:189: &lt;py._xmlgen.raw object at 0x7fb2c37ff5c0&gt;</skipped></testcase><testcase classname="src.pymortests.lyapunov" file="src/pymortests/lyapunov.py" line="189" name="test_ogf_dense_E[lradi-2-200]" time="0.0004508495330810547"><skipped message="Suite splitting in effect" type="pytest.skip">src/pymortests/lyapunov.py:189: &lt;py._xmlgen.raw object at 0x7fb29d524cf8&gt;</skipped></testcase><testcase classname="src.pymortests.lyapunov" file="src/pymortests/lyapunov.py" line="189" name="test_ogf_dense_E[lradi-2-300]" time="0.0004611015319824219"><skipped message="Suite splitting in effect" type="pytest.skip">src/pymortests/lyapunov.py:189: &lt;py._xmlgen.raw object at 0x7fb29d513be0&gt;</skipped></testcase><testcase classname="src.pymortests.lyapunov" file="src/pymortests/lyapunov.py" line="217" name="test_ogf_sparse[scipy-1-200]" time="0.00046062469482421875"><skipped message="Suite splitting in effect" type="pytest.skip">src/pymortests/lyapunov.py:217: &lt;py._xmlgen.raw object at 0x7fb29d52ea20&gt;</skipped></testcase><testcase classname="src.pymortests.lyapunov" file="src/pymortests/lyapunov.py" line="217" name="test_ogf_sparse[scipy-1-300]" time="0.0004885196685791016"><skipped message="Suite splitting in effect" type="pytest.skip">src/pymortests/lyapunov.py:217: &lt;py._xmlgen.raw object at 0x7fb29d52e278&gt;</skipped></testcase><testcase classname="src.pymortests.lyapunov" file="src/pymortests/lyapunov.py" line="217" name="test_ogf_sparse[scipy-2-200]" time="0.0008289813995361328"><skipped message="Suite splitting in effect" type="pytest.skip">src/pymortests/lyapunov.py:217: &lt;py._xmlgen.raw object at 0x7fb29d53f4e0&gt;</skipped></testcase><testcase classname="src.pymortests.lyapunov" file="src/pymortests/lyapunov.py" line="217" name="test_ogf_sparse[scipy-2-300]" time="0.00042247772216796875"><skipped message="Suite splitting in effect" type="pytest.skip">src/pymortests/lyapunov.py:217: &lt;py._xmlgen.raw object at 0x7fb29d5b5668&gt;</skipped></testcase><testcase classname="src.pymortests.lyapunov" file="src/pymortests/lyapunov.py" line="217" name="test_ogf_sparse[slycot-1-200]" time="0.0004494190216064453"><skipped message="Suite splitting in effect" type="pytest.skip">src/pymortests/lyapunov.py:217: &lt;py._xmlgen.raw object at 0x7fb29d524780&gt;</skipped></testcase><testcase classname="src.pymortests.lyapunov" file="src/pymortests/lyapunov.py" line="217" name="test_ogf_sparse[slycot-1-300]" time="0.0004496574401855469"><skipped message="Suite splitting in effect" type="pytest.skip">src/pymortests/lyapunov.py:217: &lt;py._xmlgen.raw object at 0x7fb2c6d90550&gt;</skipped></testcase><testcase classname="src.pymortests.lyapunov" file="src/pymortests/lyapunov.py" line="217" name="test_ogf_sparse[slycot-2-200]" time="0.00047278404235839844"><skipped message="Suite splitting in effect" type="pytest.skip">src/pymortests/lyapunov.py:217: &lt;py._xmlgen.raw object at 0x7fb29d51a710&gt;</skipped></testcase><testcase classname="src.pymortests.lyapunov" file="src/pymortests/lyapunov.py" line="217" name="test_ogf_sparse[slycot-2-300]" time="0.0004832744598388672"><skipped message="Suite splitting in effect" type="pytest.skip">src/pymortests/lyapunov.py:217: &lt;py._xmlgen.raw object at 0x7fb2c37ef4a8&gt;</skipped></testcase><testcase classname="src.pymortests.lyapunov" file="src/pymortests/lyapunov.py" line="217" name="test_ogf_sparse[pymess_lyap-1-200]" time="0.0004436969757080078"><skipped message="Suite splitting in effect" type="pytest.skip">src/pymortests/lyapunov.py:217: &lt;py._xmlgen.raw object at 0x7fb29d52e978&gt;</skipped></testcase><testcase classname="src.pymortests.lyapunov" file="src/pymortests/lyapunov.py" line="217" name="test_ogf_sparse[pymess_lyap-1-300]" time="0.0004506111145019531"><skipped message="Suite splitting in effect" type="pytest.skip">src/pymortests/lyapunov.py:217: &lt;py._xmlgen.raw object at 0x7fb29d53f320&gt;</skipped></testcase><testcase classname="src.pymortests.lyapunov" file="src/pymortests/lyapunov.py" line="217" name="test_ogf_sparse[pymess_lyap-2-200]" time="0.0004565715789794922"><skipped message="Suite splitting in effect" type="pytest.skip">src/pymortests/lyapunov.py:217: &lt;py._xmlgen.raw object at 0x7fb29d53fa20&gt;</skipped></testcase><testcase classname="src.pymortests.lyapunov" file="src/pymortests/lyapunov.py" line="217" name="test_ogf_sparse[pymess_lyap-2-300]" time="0.00048160552978515625"><skipped message="Suite splitting in effect" type="pytest.skip">src/pymortests/lyapunov.py:217: &lt;py._xmlgen.raw object at 0x7fb29d52e630&gt;</skipped></testcase><testcase classname="src.pymortests.lyapunov" file="src/pymortests/lyapunov.py" line="217" name="test_ogf_sparse[pymess_lradi-1-200]" time="0.00047326087951660156"><skipped message="Suite splitting in effect" type="pytest.skip">src/pymortests/lyapunov.py:217: &lt;py._xmlgen.raw object at 0x7fb29d51add8&gt;</skipped></testcase><testcase classname="src.pymortests.lyapunov" file="src/pymortests/lyapunov.py" line="217" name="test_ogf_sparse[pymess_lradi-1-300]" time="0.0004730224609375"><skipped message="Suite splitting in effect" type="pytest.skip">src/pymortests/lyapunov.py:217: &lt;py._xmlgen.raw object at 0x7fb29d561c18&gt;</skipped></testcase><testcase classname="src.pymortests.lyapunov" file="src/pymortests/lyapunov.py" line="217" name="test_ogf_sparse[pymess_lradi-2-200]" time="0.0004634857177734375"><skipped message="Suite splitting in effect" type="pytest.skip">src/pymortests/lyapunov.py:217: &lt;py._xmlgen.raw object at 0x7fb29d524518&gt;</skipped></testcase><testcase classname="src.pymortests.lyapunov" file="src/pymortests/lyapunov.py" line="217" name="test_ogf_sparse[pymess_lradi-2-300]" time="0.0004684925079345703"><skipped message="Suite splitting in effect" type="pytest.skip">src/pymortests/lyapunov.py:217: &lt;py._xmlgen.raw object at 0x7fb29d644240&gt;</skipped></testcase><testcase classname="src.pymortests.lyapunov" file="src/pymortests/lyapunov.py" line="217" name="test_ogf_sparse[lradi-1-200]" time="0.0004754066467285156"><skipped message="Suite splitting in effect" type="pytest.skip">src/pymortests/lyapunov.py:217: &lt;py._xmlgen.raw object at 0x7fb29d53fba8&gt;</skipped></testcase><testcase classname="src.pymortests.lyapunov" file="src/pymortests/lyapunov.py" line="217" name="test_ogf_sparse[lradi-1-300]" time="0.0004487037658691406"><skipped message="Suite splitting in effect" type="pytest.skip">src/pymortests/lyapunov.py:217: &lt;py._xmlgen.raw object at 0x7fb29d53f588&gt;</skipped></testcase><testcase classname="src.pymortests.lyapunov" file="src/pymortests/lyapunov.py" line="217" name="test_ogf_sparse[lradi-2-200]" time="0.0004801750183105469"><skipped message="Suite splitting in effect" type="pytest.skip">src/pymortests/lyapunov.py:217: &lt;py._xmlgen.raw object at 0x7fb29d53ff28&gt;</skipped></testcase><testcase classname="src.pymortests.lyapunov" file="src/pymortests/lyapunov.py" line="217" name="test_ogf_sparse[lradi-2-300]" time="0.0008487701416015625"><skipped message="Suite splitting in effect" type="pytest.skip">src/pymortests/lyapunov.py:217: &lt;py._xmlgen.raw object at 0x7fb29d53fb70&gt;</skipped></testcase><testcase classname="src.pymortests.lyapunov" file="src/pymortests/lyapunov.py" line="238" name="test_ogf_sparse_E[slycot-1-200]" time="0.0004622936248779297"><skipped message="Suite splitting in effect" type="pytest.skip">src/pymortests/lyapunov.py:238: &lt;py._xmlgen.raw object at 0x7fb29d53f6a0&gt;</skipped></testcase><testcase classname="src.pymortests.lyapunov" file="src/pymortests/lyapunov.py" line="238" name="test_ogf_sparse_E[slycot-1-300]" time="0.0005919933319091797"><skipped message="Suite splitting in effect" type="pytest.skip">src/pymortests/lyapunov.py:238: &lt;py._xmlgen.raw object at 0x7fb2c380bdd8&gt;</skipped></testcase><testcase classname="src.pymortests.lyapunov" file="src/pymortests/lyapunov.py" line="238" name="test_ogf_sparse_E[slycot-2-200]" time="0.0005402565002441406"><skipped message="Suite splitting in effect" type="pytest.skip">src/pymortests/lyapunov.py:238: &lt;py._xmlgen.raw object at 0x7fb29d5240b8&gt;</skipped></testcase><testcase classname="src.pymortests.lyapunov" file="src/pymortests/lyapunov.py" line="238" name="test_ogf_sparse_E[slycot-2-300]" time="0.0005366802215576172"><skipped message="Suite splitting in effect" type="pytest.skip">src/pymortests/lyapunov.py:238: &lt;py._xmlgen.raw object at 0x7fb2c6d90550&gt;</skipped></testcase><testcase classname="src.pymortests.lyapunov" file="src/pymortests/lyapunov.py" line="238" name="test_ogf_sparse_E[pymess_lyap-1-200]" time="0.0005092620849609375"><skipped message="Suite splitting in effect" type="pytest.skip">src/pymortests/lyapunov.py:238: &lt;py._xmlgen.raw object at 0x7fb2c37ef208&gt;</skipped></testcase><testcase classname="src.pymortests.lyapunov" file="src/pymortests/lyapunov.py" line="238" name="test_ogf_sparse_E[pymess_lyap-1-300]" time="0.00044655799865722656"><skipped message="Suite splitting in effect" type="pytest.skip">src/pymortests/lyapunov.py:238: &lt;py._xmlgen.raw object at 0x7fb29d52e978&gt;</skipped></testcase><testcase classname="src.pymortests.lyapunov" file="src/pymortests/lyapunov.py" line="238" name="test_ogf_sparse_E[pymess_lyap-2-200]" time="0.00043010711669921875"><skipped message="Suite splitting in effect" type="pytest.skip">src/pymortests/lyapunov.py:238: &lt;py._xmlgen.raw object at 0x7fb29d5474a8&gt;</skipped></testcase><testcase classname="src.pymortests.lyapunov" file="src/pymortests/lyapunov.py" line="238" name="test_ogf_sparse_E[pymess_lyap-2-300]" time="0.0007681846618652344"><skipped message="Suite splitting in effect" type="pytest.skip">src/pymortests/lyapunov.py:238: &lt;py._xmlgen.raw object at 0x7fb29d52ee80&gt;</skipped></testcase><testcase classname="src.pymortests.lyapunov" file="src/pymortests/lyapunov.py" line="238" name="test_ogf_sparse_E[pymess_lradi-1-200]" time="0.0004305839538574219"><skipped message="Suite splitting in effect" type="pytest.skip">src/pymortests/lyapunov.py:238: &lt;py._xmlgen.raw object at 0x7fb29d51a438&gt;</skipped></testcase><testcase classname="src.pymortests.lyapunov" file="src/pymortests/lyapunov.py" line="238" name="test_ogf_sparse_E[pymess_lradi-1-300]" time="0.0004546642303466797"><skipped message="Suite splitting in effect" type="pytest.skip">src/pymortests/lyapunov.py:238: &lt;py._xmlgen.raw object at 0x7fb2c38409e8&gt;</skipped></testcase><testcase classname="src.pymortests.lyapunov" file="src/pymortests/lyapunov.py" line="238" name="test_ogf_sparse_E[pymess_lradi-2-200]" time="0.00046753883361816406"><skipped message="Suite splitting in effect" type="pytest.skip">src/pymortests/lyapunov.py:238: &lt;py._xmlgen.raw object at 0x7fb2c380bd30&gt;</skipped></testcase><testcase classname="src.pymortests.lyapunov" file="src/pymortests/lyapunov.py" line="238" name="test_ogf_sparse_E[pymess_lradi-2-300]" time="0.0005009174346923828"><skipped message="Suite splitting in effect" type="pytest.skip">src/pymortests/lyapunov.py:238: &lt;py._xmlgen.raw object at 0x7fb2c381b320&gt;</skipped></testcase><testcase classname="src.pymortests.lyapunov" file="src/pymortests/lyapunov.py" line="238" name="test_ogf_sparse_E[lradi-1-200]" time="0.00045228004455566406"><skipped message="Suite splitting in effect" type="pytest.skip">src/pymortests/lyapunov.py:238: &lt;py._xmlgen.raw object at 0x7fb29d53f7f0&gt;</skipped></testcase><testcase classname="src.pymortests.lyapunov" file="src/pymortests/lyapunov.py" line="238" name="test_ogf_sparse_E[lradi-1-300]" time="0.0005059242248535156"><skipped message="Suite splitting in effect" type="pytest.skip">src/pymortests/lyapunov.py:238: &lt;py._xmlgen.raw object at 0x7fb29d5472e8&gt;</skipped></testcase><testcase classname="src.pymortests.lyapunov" file="src/pymortests/lyapunov.py" line="238" name="test_ogf_sparse_E[lradi-2-200]" time="0.0004584789276123047"><skipped message="Suite splitting in effect" type="pytest.skip">src/pymortests/lyapunov.py:238: &lt;py._xmlgen.raw object at 0x7fb29d547d68&gt;</skipped></testcase><testcase classname="src.pymortests.lyapunov" file="src/pymortests/lyapunov.py" line="238" name="test_ogf_sparse_E[lradi-2-300]" time="0.0008499622344970703"><skipped message="Suite splitting in effect" type="pytest.skip">src/pymortests/lyapunov.py:238: &lt;py._xmlgen.raw object at 0x7fb29d4d12e8&gt;</skipped></testcase><testcase classname="src.pymortests.operators" file="src/pymortests/operators.py" line="21" name="test_selection_op" time="0.00048232078552246094"><skipped message="Suite splitting in effect" type="pytest.skip">src/pymortests/operators.py:21: &lt;py._xmlgen.raw object at 0x7fb29d547390&gt;</skipped></testcase><testcase classname="src.pymortests.operators" file="src/pymortests/operators.py" line="53" name="test_lincomb_op" time="0.00046944618225097656"><skipped message="Suite splitting in effect" type="pytest.skip">src/pymortests/operators.py:53: &lt;py._xmlgen.raw object at 0x7fb29d53fcf8&gt;</skipped></testcase><testcase classname="src.pymortests.operators" file="src/pymortests/operators.py" line="77" name="test_pickle[&lt;lambda&gt;0]" time="0.0004622936248779297"><skipped message="Suite splitting in effect" type="pytest.skip">src/pymortests/operators.py:77: &lt;py._xmlgen.raw object at 0x7fb29d5b5668&gt;</skipped></testcase><testcase classname="src.pymortests.operators" file="src/pymortests/operators.py" line="77" name="test_pickle[&lt;lambda&gt;1]" time="0.00047659873962402344"><skipped message="Suite splitting in effect" type="pytest.skip">src/pymortests/operators.py:77: &lt;py._xmlgen.raw object at 0x7fb2c380b748&gt;</skipped></testcase><testcase classname="src.pymortests.operators" file="src/pymortests/operators.py" line="77" name="test_pickle[&lt;lambda&gt;2]" time="0.0004677772521972656"><skipped message="Suite splitting in effect" type="pytest.skip">src/pymortests/operators.py:77: &lt;py._xmlgen.raw object at 0x7fb2c37ff470&gt;</skipped></testcase><testcase classname="src.pymortests.operators" file="src/pymortests/operators.py" line="77" name="test_pickle[&lt;lambda&gt;3]" time="0.00045371055603027344"><skipped message="Suite splitting in effect" type="pytest.skip">src/pymortests/operators.py:77: &lt;py._xmlgen.raw object at 0x7fb2c385f320&gt;</skipped></testcase><testcase classname="src.pymortests.operators" file="src/pymortests/operators.py" line="77" name="test_pickle[&lt;lambda&gt;4]" time="0.00043392181396484375"><skipped message="Suite splitting in effect" type="pytest.skip">src/pymortests/operators.py:77: &lt;py._xmlgen.raw object at 0x7fb29d4d11d0&gt;</skipped></testcase><testcase classname="src.pymortests.operators" file="src/pymortests/operators.py" line="77" name="test_pickle[&lt;lambda&gt;5]" time="0.0009136199951171875"><skipped message="Suite splitting in effect" type="pytest.skip">src/pymortests/operators.py:77: &lt;py._xmlgen.raw object at 0x7fb29d4d1860&gt;</skipped></testcase><testcase classname="src.pymortests.operators" file="src/pymortests/operators.py" line="77" name="test_pickle[&lt;lambda&gt;6]" time="0.0004906654357910156"><skipped message="Suite splitting in effect" type="pytest.skip">src/pymortests/operators.py:77: &lt;py._xmlgen.raw object at 0x7fb2c37ef4a8&gt;</skipped></testcase><testcase classname="src.pymortests.operators" file="src/pymortests/operators.py" line="77" name="test_pickle[&lt;lambda&gt;7]" time="0.00046634674072265625"><skipped message="Suite splitting in effect" type="pytest.skip">src/pymortests/operators.py:77: &lt;py._xmlgen.raw object at 0x7fb29d5750f0&gt;</skipped></testcase><testcase classname="src.pymortests.operators" file="src/pymortests/operators.py" line="77" name="test_pickle[&lt;lambda&gt;8]" time="0.0004646778106689453"><skipped message="Suite splitting in effect" type="pytest.skip">src/pymortests/operators.py:77: &lt;py._xmlgen.raw object at 0x7fb2c381be48&gt;</skipped></testcase><testcase classname="src.pymortests.operators" file="src/pymortests/operators.py" line="77" name="test_pickle[&lt;lambda&gt;9]" time="0.0004658699035644531"><skipped message="Suite splitting in effect" type="pytest.skip">src/pymortests/operators.py:77: &lt;py._xmlgen.raw object at 0x7fb29d53f0f0&gt;</skipped></testcase><testcase classname="src.pymortests.operators" file="src/pymortests/operators.py" line="77" name="test_pickle[&lt;lambda&gt;10]" time="0.00043845176696777344"><skipped message="Suite splitting in effect" type="pytest.skip">src/pymortests/operators.py:77: &lt;py._xmlgen.raw object at 0x7fb29d5471d0&gt;</skipped></testcase><testcase classname="src.pymortests.operators" file="src/pymortests/operators.py" line="77" name="test_pickle[&lt;lambda&gt;11]" time="0.0004792213439941406"><skipped message="Suite splitting in effect" type="pytest.skip">src/pymortests/operators.py:77: &lt;py._xmlgen.raw object at 0x7fb29d4d1908&gt;</skipped></testcase><testcase classname="src.pymortests.operators" file="src/pymortests/operators.py" line="77" name="test_pickle[&lt;lambda&gt;12]" time="0.0004200935363769531"><skipped message="Suite splitting in effect" type="pytest.skip">src/pymortests/operators.py:77: &lt;py._xmlgen.raw object at 0x7fb29d4d1048&gt;</skipped></testcase><testcase classname="src.pymortests.operators" file="src/pymortests/operators.py" line="77" name="test_pickle[&lt;lambda&gt;13]" time="0.0004363059997558594"><skipped message="Suite splitting in effect" type="pytest.skip">src/pymortests/operators.py:77: &lt;py._xmlgen.raw object at 0x7fb29d4d1e80&gt;</skipped></testcase><testcase classname="src.pymortests.operators" file="src/pymortests/operators.py" line="77" name="test_pickle[&lt;lambda&gt;14]" time="0.0005476474761962891"><skipped message="Suite splitting in effect" type="pytest.skip">src/pymortests/operators.py:77: &lt;py._xmlgen.raw object at 0x7fb29d4d1c88&gt;</skipped></testcase><testcase classname="src.pymortests.operators" file="src/pymortests/operators.py" line="77" name="test_pickle[&lt;lambda&gt;15]" time="0.0005474090576171875"><skipped message="Suite splitting in effect" type="pytest.skip">src/pymortests/operators.py:77: &lt;py._xmlgen.raw object at 0x7fb29d4d1438&gt;</skipped></testcase><testcase classname="src.pymortests.operators" file="src/pymortests/operators.py" line="77" name="test_pickle[&lt;lambda&gt;16]" time="0.0004928112030029297"><skipped message="Suite splitting in effect" type="pytest.skip">src/pymortests/operators.py:77: &lt;py._xmlgen.raw object at 0x7fb29d547a58&gt;</skipped></testcase><testcase classname="src.pymortests.operators" file="src/pymortests/operators.py" line="77" name="test_pickle[&lt;lambda&gt;17]" time="0.0004787445068359375"><skipped message="Suite splitting in effect" type="pytest.skip">src/pymortests/operators.py:77: &lt;py._xmlgen.raw object at 0x7fb29d53fda0&gt;</skipped></testcase><testcase classname="src.pymortests.operators" file="src/pymortests/operators.py" line="77" name="test_pickle[&lt;lambda&gt;18]" time="0.0004494190216064453"><skipped message="Suite splitting in effect" type="pytest.skip">src/pymortests/operators.py:77: &lt;py._xmlgen.raw object at 0x7fb2c381bc50&gt;</skipped></testcase><testcase classname="src.pymortests.operators" file="src/pymortests/operators.py" line="77" name="test_pickle[&lt;lambda&gt;19]" time="0.0004391670227050781"><skipped message="Suite splitting in effect" type="pytest.skip">src/pymortests/operators.py:77: &lt;py._xmlgen.raw object at 0x7fb29d524518&gt;</skipped></testcase><testcase classname="src.pymortests.operators" file="src/pymortests/operators.py" line="77" name="test_pickle[&lt;lambda&gt;20]" time="0.00045299530029296875"><skipped message="Suite splitting in effect" type="pytest.skip">src/pymortests/operators.py:77: &lt;py._xmlgen.raw object at 0x7fb29d52e5c0&gt;</skipped></testcase><testcase classname="src.pymortests.operators" file="src/pymortests/operators.py" line="77" name="test_pickle[&lt;lambda&gt;21]" time="0.0004355907440185547"><skipped message="Suite splitting in effect" type="pytest.skip">src/pymortests/operators.py:77: &lt;py._xmlgen.raw object at 0x7fb29d4db3c8&gt;</skipped></testcase><testcase classname="src.pymortests.operators" file="src/pymortests/operators.py" line="77" name="test_pickle[&lt;lambda&gt;22]" time="0.0007727146148681641"><skipped message="Suite splitting in effect" type="pytest.skip">src/pymortests/operators.py:77: &lt;py._xmlgen.raw object at 0x7fb29d51aa58&gt;</skipped></testcase><testcase classname="src.pymortests.operators" file="src/pymortests/operators.py" line="77" name="test_pickle[&lt;lambda&gt;23]" time="0.00043654441833496094"><skipped message="Suite splitting in effect" type="pytest.skip">src/pymortests/operators.py:77: &lt;py._xmlgen.raw object at 0x7fb2bfa5bda0&gt;</skipped></testcase><testcase classname="src.pymortests.operators" file="src/pymortests/operators.py" line="77" name="test_pickle[&lt;lambda&gt;24]" time="0.0004315376281738281"><skipped message="Suite splitting in effect" type="pytest.skip">src/pymortests/operators.py:77: &lt;py._xmlgen.raw object at 0x7fb29d53f780&gt;</skipped></testcase><testcase classname="src.pymortests.operators" file="src/pymortests/operators.py" line="77" name="test_pickle[&lt;lambda&gt;25]" time="0.00043392181396484375"><skipped message="Suite splitting in effect" type="pytest.skip">src/pymortests/operators.py:77: &lt;py._xmlgen.raw object at 0x7fb29d547518&gt;</skipped></testcase><testcase classname="src.pymortests.operators" file="src/pymortests/operators.py" line="77" name="test_pickle[&lt;lambda&gt;26]" time="0.0004611015319824219"><skipped message="Suite splitting in effect" type="pytest.skip">src/pymortests/operators.py:77: &lt;py._xmlgen.raw object at 0x7fb29d4d1208&gt;</skipped></testcase><testcase classname="src.pymortests.operators" file="src/pymortests/operators.py" line="77" name="test_pickle[&lt;lambda&gt;27]" time="0.0004210472106933594"><skipped message="Suite splitting in effect" type="pytest.skip">src/pymortests/operators.py:77: &lt;py._xmlgen.raw object at 0x7fb29d4d1cc0&gt;</skipped></testcase><testcase classname="src.pymortests.operators" file="src/pymortests/operators.py" line="77" name="test_pickle[&lt;lambda&gt;28]" time="0.0004923343658447266"><skipped message="Suite splitting in effect" type="pytest.skip">src/pymortests/operators.py:77: &lt;py._xmlgen.raw object at 0x7fb29d4db0b8&gt;</skipped></testcase><testcase classname="src.pymortests.operators" file="src/pymortests/operators.py" line="77" name="test_pickle[&lt;lambda&gt;29]" time="0.0004336833953857422"><skipped message="Suite splitting in effect" type="pytest.skip">src/pymortests/operators.py:77: &lt;py._xmlgen.raw object at 0x7fb29d4db908&gt;</skipped></testcase><testcase classname="src.pymortests.operators" file="src/pymortests/operators.py" line="77" name="test_pickle[&lt;lambda&gt;30]" time="0.0007443428039550781"><skipped message="Suite splitting in effect" type="pytest.skip">src/pymortests/operators.py:77: &lt;py._xmlgen.raw object at 0x7fb29d4d1b70&gt;</skipped></testcase><testcase classname="src.pymortests.operators" file="src/pymortests/operators.py" line="77" name="test_pickle[&lt;lambda&gt;31]" time="0.00041866302490234375"><skipped message="Suite splitting in effect" type="pytest.skip">src/pymortests/operators.py:77: &lt;py._xmlgen.raw object at 0x7fb2c382c128&gt;</skipped></testcase><testcase classname="src.pymortests.operators" file="src/pymortests/operators.py" line="77" name="test_pickle[&lt;lambda&gt;32]" time="0.00043082237243652344"><skipped message="Suite splitting in effect" type="pytest.skip">src/pymortests/operators.py:77: &lt;py._xmlgen.raw object at 0x7fb29d547da0&gt;</skipped></testcase><testcase classname="src.pymortests.operators" file="src/pymortests/operators.py" line="77" name="test_pickle[&lt;lambda&gt;33]" time="0.0004372596740722656"><skipped message="Suite splitting in effect" type="pytest.skip">src/pymortests/operators.py:77: &lt;py._xmlgen.raw object at 0x7fb2c381b860&gt;</skipped></testcase><testcase classname="src.pymortests.operators" file="src/pymortests/operators.py" line="77" name="test_pickle[&lt;lambda&gt;34]" time="0.0004680156707763672"><skipped message="Suite splitting in effect" type="pytest.skip">src/pymortests/operators.py:77: &lt;py._xmlgen.raw object at 0x7fb2a88f1fd0&gt;</skipped></testcase><testcase classname="src.pymortests.operators" file="src/pymortests/operators.py" line="77" name="test_pickle[&lt;lambda&gt;35]" time="0.0004315376281738281"><skipped message="Suite splitting in effect" type="pytest.skip">src/pymortests/operators.py:77: &lt;py._xmlgen.raw object at 0x7fb29d4db9e8&gt;</skipped></testcase><testcase classname="src.pymortests.operators" file="src/pymortests/operators.py" line="77" name="test_pickle[&lt;lambda&gt;36]" time="0.0004801750183105469"><skipped message="Suite splitting in effect" type="pytest.skip">src/pymortests/operators.py:77: &lt;py._xmlgen.raw object at 0x7fb29d4db550&gt;</skipped></testcase><testcase classname="src.pymortests.operators" file="src/pymortests/operators.py" line="77" name="test_pickle[&lt;lambda&gt;37]" time="0.00046753883361816406"><skipped message="Suite splitting in effect" type="pytest.skip">src/pymortests/operators.py:77: &lt;py._xmlgen.raw object at 0x7fb29d4e7208&gt;</skipped></testcase><testcase classname="src.pymortests.operators" file="src/pymortests/operators.py" line="77" name="test_pickle[&lt;lambda&gt;38]" time="0.00045013427734375"><skipped message="Suite splitting in effect" type="pytest.skip">src/pymortests/operators.py:77: &lt;py._xmlgen.raw object at 0x7fb29d5240b8&gt;</skipped></testcase><testcase classname="src.pymortests.operators" file="src/pymortests/operators.py" line="77" name="test_pickle[&lt;lambda&gt;39]" time="0.00043654441833496094"><skipped message="Suite splitting in effect" type="pytest.skip">src/pymortests/operators.py:77: &lt;py._xmlgen.raw object at 0x7fb2a8904fd0&gt;</skipped></testcase><testcase classname="src.pymortests.operators" file="src/pymortests/operators.py" line="77" name="test_pickle[&lt;lambda&gt;40]" time="0.0004258155822753906"><skipped message="Suite splitting in effect" type="pytest.skip">src/pymortests/operators.py:77: &lt;py._xmlgen.raw object at 0x7fb29d4dbdd8&gt;</skipped></testcase><testcase classname="src.pymortests.operators" file="src/pymortests/operators.py" line="81" name="test_pickle_without_dumps_function[&lt;lambda&gt;0]" time="0.0004699230194091797"><skipped message="Suite splitting in effect" type="pytest.skip">src/pymortests/operators.py:81: &lt;py._xmlgen.raw object at 0x7fb29d4db7b8&gt;</skipped></testcase><testcase classname="src.pymortests.operators" file="src/pymortests/operators.py" line="81" name="test_pickle_without_dumps_function[&lt;lambda&gt;1]" time="0.0004570484161376953"><skipped message="Suite splitting in effect" type="pytest.skip">src/pymortests/operators.py:81: &lt;py._xmlgen.raw object at 0x7fb29d4dbcf8&gt;</skipped></testcase><testcase classname="src.pymortests.operators" file="src/pymortests/operators.py" line="81" name="test_pickle_without_dumps_function[&lt;lambda&gt;2]" time="0.00044655799865722656"><skipped message="Suite splitting in effect" type="pytest.skip">src/pymortests/operators.py:81: &lt;py._xmlgen.raw object at 0x7fb29d4d19b0&gt;</skipped></testcase><testcase classname="src.pymortests.operators" file="src/pymortests/operators.py" line="81" name="test_pickle_without_dumps_function[&lt;lambda&gt;3]" time="0.0004241466522216797"><skipped message="Suite splitting in effect" type="pytest.skip">src/pymortests/operators.py:81: &lt;py._xmlgen.raw object at 0x7fb29d547ef0&gt;</skipped></testcase><testcase classname="src.pymortests.operators" file="src/pymortests/operators.py" line="81" name="test_pickle_without_dumps_function[&lt;lambda&gt;4]" time="0.0004341602325439453"><skipped message="Suite splitting in effect" type="pytest.skip">src/pymortests/operators.py:81: &lt;py._xmlgen.raw object at 0x7fb29d547828&gt;</skipped></testcase><testcase classname="src.pymortests.operators" file="src/pymortests/operators.py" line="81" name="test_pickle_without_dumps_function[&lt;lambda&gt;5]" time="0.00044083595275878906"><skipped message="Suite splitting in effect" type="pytest.skip">src/pymortests/operators.py:81: &lt;py._xmlgen.raw object at 0x7fb2c385f128&gt;</skipped></testcase><testcase classname="src.pymortests.operators" file="src/pymortests/operators.py" line="81" name="test_pickle_without_dumps_function[&lt;lambda&gt;6]" time="0.00043773651123046875"><skipped message="Suite splitting in effect" type="pytest.skip">src/pymortests/operators.py:81: &lt;py._xmlgen.raw object at 0x7fb29d547748&gt;</skipped></testcase><testcase classname="src.pymortests.operators" file="src/pymortests/operators.py" line="81" name="test_pickle_without_dumps_function[&lt;lambda&gt;7]" time="0.00047588348388671875"><skipped message="Suite splitting in effect" type="pytest.skip">src/pymortests/operators.py:81: &lt;py._xmlgen.raw object at 0x7fb2a88a6160&gt;</skipped></testcase><testcase classname="src.pymortests.operators" file="src/pymortests/operators.py" line="81" name="test_pickle_without_dumps_function[&lt;lambda&gt;8]" time="0.0004749298095703125"><skipped message="Suite splitting in effect" type="pytest.skip">src/pymortests/operators.py:81: &lt;py._xmlgen.raw object at 0x7fb29d4d19b0&gt;</skipped></testcase><testcase classname="src.pymortests.operators" file="src/pymortests/operators.py" line="81" name="test_pickle_without_dumps_function[&lt;lambda&gt;9]" time="0.00041675567626953125"><skipped message="Suite splitting in effect" type="pytest.skip">src/pymortests/operators.py:81: &lt;py._xmlgen.raw object at 0x7fb29d4dbe80&gt;</skipped></testcase><testcase classname="src.pymortests.operators" file="src/pymortests/operators.py" line="81" name="test_pickle_without_dumps_function[&lt;lambda&gt;10]" time="0.00040602684020996094"><skipped message="Suite splitting in effect" type="pytest.skip">src/pymortests/operators.py:81: &lt;py._xmlgen.raw object at 0x7fb29d4db2e8&gt;</skipped></testcase><testcase classname="src.pymortests.operators" file="src/pymortests/operators.py" line="81" name="test_pickle_without_dumps_function[&lt;lambda&gt;11]" time="0.00047659873962402344"><skipped message="Suite splitting in effect" type="pytest.skip">src/pymortests/operators.py:81: &lt;py._xmlgen.raw object at 0x7fb2a8904ba8&gt;</skipped></testcase><testcase classname="src.pymortests.operators" file="src/pymortests/operators.py" line="81" name="test_pickle_without_dumps_function[&lt;lambda&gt;12]" time="0.0004208087921142578"><skipped message="Suite splitting in effect" type="pytest.skip">src/pymortests/operators.py:81: &lt;py._xmlgen.raw object at 0x7fb2c381b860&gt;</skipped></testcase><testcase classname="src.pymortests.operators" file="src/pymortests/operators.py" line="81" name="test_pickle_without_dumps_function[&lt;lambda&gt;13]" time="0.00042319297790527344"><skipped message="Suite splitting in effect" type="pytest.skip">src/pymortests/operators.py:81: &lt;py._xmlgen.raw object at 0x7fb29d52ec50&gt;</skipped></testcase><testcase classname="src.pymortests.operators" file="src/pymortests/operators.py" line="81" name="test_pickle_without_dumps_function[&lt;lambda&gt;14]" time="0.0009539127349853516"><skipped message="Suite splitting in effect" type="pytest.skip">src/pymortests/operators.py:81: &lt;py._xmlgen.raw object at 0x7fb29d52e978&gt;</skipped></testcase><testcase classname="src.pymortests.operators" file="src/pymortests/operators.py" line="81" name="test_pickle_without_dumps_function[&lt;lambda&gt;15]" time="0.0004470348358154297"><skipped message="Suite splitting in effect" type="pytest.skip">src/pymortests/operators.py:81: &lt;py._xmlgen.raw object at 0x7fb2a8904470&gt;</skipped></testcase><testcase classname="src.pymortests.operators" file="src/pymortests/operators.py" line="81" name="test_pickle_without_dumps_function[&lt;lambda&gt;16]" time="0.0004892349243164062"><skipped message="Suite splitting in effect" type="pytest.skip">src/pymortests/operators.py:81: &lt;py._xmlgen.raw object at 0x7fb29d4db4e0&gt;</skipped></testcase><testcase classname="src.pymortests.operators" file="src/pymortests/operators.py" line="81" name="test_pickle_without_dumps_function[&lt;lambda&gt;17]" time="0.0004203319549560547"><skipped message="Suite splitting in effect" type="pytest.skip">src/pymortests/operators.py:81: &lt;py._xmlgen.raw object at 0x7fb29d4d1e80&gt;</skipped></testcase><testcase classname="src.pymortests.operators" file="src/pymortests/operators.py" line="81" name="test_pickle_without_dumps_function[&lt;lambda&gt;18]" time="0.00043082237243652344"><skipped message="Suite splitting in effect" type="pytest.skip">src/pymortests/operators.py:81: &lt;py._xmlgen.raw object at 0x7fb29d4d1320&gt;</skipped></testcase><testcase classname="src.pymortests.operators" file="src/pymortests/operators.py" line="81" name="test_pickle_without_dumps_function[&lt;lambda&gt;19]" time="0.00044465065002441406"><skipped message="Suite splitting in effect" type="pytest.skip">src/pymortests/operators.py:81: &lt;py._xmlgen.raw object at 0x7fb29d547630&gt;</skipped></testcase><testcase classname="src.pymortests.operators" file="src/pymortests/operators.py" line="81" name="test_pickle_without_dumps_function[&lt;lambda&gt;20]" time="0.00043201446533203125"><skipped message="Suite splitting in effect" type="pytest.skip">src/pymortests/operators.py:81: &lt;py._xmlgen.raw object at 0x7fb29d53f0f0&gt;</skipped></testcase><testcase classname="src.pymortests.operators" file="src/pymortests/operators.py" line="81" name="test_pickle_without_dumps_function[&lt;lambda&gt;21]" time="0.00045371055603027344"><skipped message="Suite splitting in effect" type="pytest.skip">src/pymortests/operators.py:81: &lt;py._xmlgen.raw object at 0x7fb29d582438&gt;</skipped></testcase><testcase classname="src.pymortests.operators" file="src/pymortests/operators.py" line="81" name="test_pickle_without_dumps_function[&lt;lambda&gt;22]" time="0.0010402202606201172"><skipped message="Suite splitting in effect" type="pytest.skip">src/pymortests/operators.py:81: &lt;py._xmlgen.raw object at 0x7fb29d582438&gt;</skipped></testcase><testcase classname="src.pymortests.operators" file="src/pymortests/operators.py" line="81" name="test_pickle_without_dumps_function[&lt;lambda&gt;23]" time="0.0004417896270751953"><skipped message="Suite splitting in effect" type="pytest.skip">src/pymortests/operators.py:81: &lt;py._xmlgen.raw object at 0x7fb29d5479e8&gt;</skipped></testcase><testcase classname="src.pymortests.operators" file="src/pymortests/operators.py" line="81" name="test_pickle_without_dumps_function[&lt;lambda&gt;24]" time="0.00046253204345703125"><skipped message="Suite splitting in effect" type="pytest.skip">src/pymortests/operators.py:81: &lt;py._xmlgen.raw object at 0x7fb2a88a66a0&gt;</skipped></testcase><testcase classname="src.pymortests.operators" file="src/pymortests/operators.py" line="81" name="test_pickle_without_dumps_function[&lt;lambda&gt;25]" time="0.00041675567626953125"><skipped message="Suite splitting in effect" type="pytest.skip">src/pymortests/operators.py:81: &lt;py._xmlgen.raw object at 0x7fb29d4d15c0&gt;</skipped></testcase><testcase classname="src.pymortests.operators" file="src/pymortests/operators.py" line="81" name="test_pickle_without_dumps_function[&lt;lambda&gt;26]" time="0.00043201446533203125"><skipped message="Suite splitting in effect" type="pytest.skip">src/pymortests/operators.py:81: &lt;py._xmlgen.raw object at 0x7fb29d4db7b8&gt;</skipped></testcase><testcase classname="src.pymortests.operators" file="src/pymortests/operators.py" line="81" name="test_pickle_without_dumps_function[&lt;lambda&gt;27]" time="0.00042438507080078125"><skipped message="Suite splitting in effect" type="pytest.skip">src/pymortests/operators.py:81: &lt;py._xmlgen.raw object at 0x7fb2a8904518&gt;</skipped></testcase><testcase classname="src.pymortests.operators" file="src/pymortests/operators.py" line="81" name="test_pickle_without_dumps_function[&lt;lambda&gt;28]" time="0.0004284381866455078"><skipped message="Suite splitting in effect" type="pytest.skip">src/pymortests/operators.py:81: &lt;py._xmlgen.raw object at 0x7fb29d52eb70&gt;</skipped></testcase><testcase classname="src.pymortests.operators" file="src/pymortests/operators.py" line="81" name="test_pickle_without_dumps_function[&lt;lambda&gt;29]" time="0.00045800209045410156"><skipped message="Suite splitting in effect" type="pytest.skip">src/pymortests/operators.py:81: &lt;py._xmlgen.raw object at 0x7fb29d4e7a90&gt;</skipped></testcase><testcase classname="src.pymortests.operators" file="src/pymortests/operators.py" line="81" name="test_pickle_without_dumps_function[&lt;lambda&gt;30]" time="0.0007920265197753906"><skipped message="Suite splitting in effect" type="pytest.skip">src/pymortests/operators.py:81: &lt;py._xmlgen.raw object at 0x7fb29d4e7fd0&gt;</skipped></testcase><testcase classname="src.pymortests.operators" file="src/pymortests/operators.py" line="81" name="test_pickle_without_dumps_function[&lt;lambda&gt;31]" time="0.00043702125549316406"><skipped message="Suite splitting in effect" type="pytest.skip">src/pymortests/operators.py:81: &lt;py._xmlgen.raw object at 0x7fb29d4e7748&gt;</skipped></testcase><testcase classname="src.pymortests.operators" file="src/pymortests/operators.py" line="81" name="test_pickle_without_dumps_function[&lt;lambda&gt;32]" time="0.0004673004150390625"><skipped message="Suite splitting in effect" type="pytest.skip">src/pymortests/operators.py:81: &lt;py._xmlgen.raw object at 0x7fb2a88f1f98&gt;</skipped></testcase><testcase classname="src.pymortests.operators" file="src/pymortests/operators.py" line="81" name="test_pickle_without_dumps_function[&lt;lambda&gt;33]" time="0.00041413307189941406"><skipped message="Suite splitting in effect" type="pytest.skip">src/pymortests/operators.py:81: &lt;py._xmlgen.raw object at 0x7fb2c381b860&gt;</skipped></testcase><testcase classname="src.pymortests.operators" file="src/pymortests/operators.py" line="81" name="test_pickle_without_dumps_function[&lt;lambda&gt;34]" time="0.0004515647888183594"><skipped message="Suite splitting in effect" type="pytest.skip">src/pymortests/operators.py:81: &lt;py._xmlgen.raw object at 0x7fb2c37ef898&gt;</skipped></testcase><testcase classname="src.pymortests.operators" file="src/pymortests/operators.py" line="81" name="test_pickle_without_dumps_function[&lt;lambda&gt;35]" time="0.0004208087921142578"><skipped message="Suite splitting in effect" type="pytest.skip">src/pymortests/operators.py:81: &lt;py._xmlgen.raw object at 0x7fb2a88a6208&gt;</skipped></testcase><testcase classname="src.pymortests.operators" file="src/pymortests/operators.py" line="81" name="test_pickle_without_dumps_function[&lt;lambda&gt;36]" time="0.0005407333374023438"><skipped message="Suite splitting in effect" type="pytest.skip">src/pymortests/operators.py:81: &lt;py._xmlgen.raw object at 0x7fb29d547710&gt;</skipped></testcase><testcase classname="src.pymortests.operators" file="src/pymortests/operators.py" line="81" name="test_pickle_without_dumps_function[&lt;lambda&gt;37]" time="0.0005011558532714844"><skipped message="Suite splitting in effect" type="pytest.skip">src/pymortests/operators.py:81: &lt;py._xmlgen.raw object at 0x7fb29d582710&gt;</skipped></testcase><testcase classname="src.pymortests.operators" file="src/pymortests/operators.py" line="81" name="test_pickle_without_dumps_function[&lt;lambda&gt;38]" time="0.0008246898651123047"><skipped message="Suite splitting in effect" type="pytest.skip">src/pymortests/operators.py:81: &lt;py._xmlgen.raw object at 0x7fb29d4f6550&gt;</skipped></testcase><testcase classname="src.pymortests.operators" file="src/pymortests/operators.py" line="81" name="test_pickle_without_dumps_function[&lt;lambda&gt;39]" time="0.0004525184631347656"><skipped message="Suite splitting in effect" type="pytest.skip">src/pymortests/operators.py:81: &lt;py._xmlgen.raw object at 0x7fb29d547f98&gt;</skipped></testcase><testcase classname="src.pymortests.operators" file="src/pymortests/operators.py" line="85" name="test_apply[&lt;lambda&gt;0]" time="0.00044918060302734375"><skipped message="Suite splitting in effect" type="pytest.skip">src/pymortests/operators.py:85: &lt;py._xmlgen.raw object at 0x7fb29d4d1ba8&gt;</skipped></testcase><testcase classname="src.pymortests.operators" file="src/pymortests/operators.py" line="85" name="test_apply[&lt;lambda&gt;1]" time="0.000423431396484375"><skipped message="Suite splitting in effect" type="pytest.skip">src/pymortests/operators.py:85: &lt;py._xmlgen.raw object at 0x7fb29d4db240&gt;</skipped></testcase><testcase classname="src.pymortests.operators" file="src/pymortests/operators.py" line="85" name="test_apply[&lt;lambda&gt;2]" time="0.0004506111145019531"><skipped message="Suite splitting in effect" type="pytest.skip">src/pymortests/operators.py:85: &lt;py._xmlgen.raw object at 0x7fb2a88b55f8&gt;</skipped></testcase><testcase classname="src.pymortests.operators" file="src/pymortests/operators.py" line="85" name="test_apply[&lt;lambda&gt;3]" time="0.00043392181396484375"><skipped message="Suite splitting in effect" type="pytest.skip">src/pymortests/operators.py:85: &lt;py._xmlgen.raw object at 0x7fb29d4e78d0&gt;</skipped></testcase><testcase classname="src.pymortests.operators" file="src/pymortests/operators.py" line="85" name="test_apply[&lt;lambda&gt;4]" time="0.00043201446533203125"><skipped message="Suite splitting in effect" type="pytest.skip">src/pymortests/operators.py:85: &lt;py._xmlgen.raw object at 0x7fb29d4e7b70&gt;</skipped></testcase><testcase classname="src.pymortests.operators" file="src/pymortests/operators.py" line="85" name="test_apply[&lt;lambda&gt;5]" time="0.000423431396484375"><skipped message="Suite splitting in effect" type="pytest.skip">src/pymortests/operators.py:85: &lt;py._xmlgen.raw object at 0x7fb29d4f6400&gt;</skipped></testcase><testcase classname="src.pymortests.operators" file="src/pymortests/operators.py" line="85" name="test_apply[&lt;lambda&gt;6]" time="0.0004279613494873047"><skipped message="Suite splitting in effect" type="pytest.skip">src/pymortests/operators.py:85: &lt;py._xmlgen.raw object at 0x7fb29d4f6b70&gt;</skipped></testcase><testcase classname="src.pymortests.operators" file="src/pymortests/operators.py" line="85" name="test_apply[&lt;lambda&gt;7]" time="0.00046253204345703125"><skipped message="Suite splitting in effect" type="pytest.skip">src/pymortests/operators.py:85: &lt;py._xmlgen.raw object at 0x7fb29d4e76a0&gt;</skipped></testcase><testcase classname="src.pymortests.operators" file="src/pymortests/operators.py" line="85" name="test_apply[&lt;lambda&gt;8]" time="0.0004496574401855469"><skipped message="Suite splitting in effect" type="pytest.skip">src/pymortests/operators.py:85: &lt;py._xmlgen.raw object at 0x7fb2a8904a58&gt;</skipped></testcase><testcase classname="src.pymortests.operators" file="src/pymortests/operators.py" line="85" name="test_apply[&lt;lambda&gt;9]" time="0.000423431396484375"><skipped message="Suite splitting in effect" type="pytest.skip">src/pymortests/operators.py:85: &lt;py._xmlgen.raw object at 0x7fb29d4db470&gt;</skipped></testcase><testcase classname="src.pymortests.operators" file="src/pymortests/operators.py" line="85" name="test_apply[&lt;lambda&gt;10]" time="0.0004601478576660156"><skipped message="Suite splitting in effect" type="pytest.skip">src/pymortests/operators.py:85: &lt;py._xmlgen.raw object at 0x7fb2c6e07cc0&gt;</skipped></testcase><testcase classname="src.pymortests.operators" file="src/pymortests/operators.py" line="85" name="test_apply[&lt;lambda&gt;11]" time="0.0004177093505859375"><skipped message="Suite splitting in effect" type="pytest.skip">src/pymortests/operators.py:85: &lt;py._xmlgen.raw object at 0x7fb29d53f5f8&gt;</skipped></testcase><testcase classname="src.pymortests.operators" file="src/pymortests/operators.py" line="85" name="test_apply[&lt;lambda&gt;12]" time="0.0004405975341796875"><skipped message="Suite splitting in effect" type="pytest.skip">src/pymortests/operators.py:85: &lt;py._xmlgen.raw object at 0x7fb29d4f6c18&gt;</skipped></testcase><testcase classname="src.pymortests.operators" file="src/pymortests/operators.py" line="85" name="test_apply[&lt;lambda&gt;13]" time="0.0004267692565917969"><skipped message="Suite splitting in effect" type="pytest.skip">src/pymortests/operators.py:85: &lt;py._xmlgen.raw object at 0x7fb29d4f6470&gt;</skipped></testcase><testcase classname="src.pymortests.operators" file="src/pymortests/operators.py" line="85" name="test_apply[&lt;lambda&gt;14]" time="0.00044035911560058594"><skipped message="Suite splitting in effect" type="pytest.skip">src/pymortests/operators.py:85: &lt;py._xmlgen.raw object at 0x7fb29d5010b8&gt;</skipped></testcase><testcase classname="src.pymortests.operators" file="src/pymortests/operators.py" line="85" name="test_apply[&lt;lambda&gt;15]" time="0.0007526874542236328"><skipped message="Suite splitting in effect" type="pytest.skip">src/pymortests/operators.py:85: &lt;py._xmlgen.raw object at 0x7fb29d4f6e10&gt;</skipped></testcase><testcase classname="src.pymortests.operators" file="src/pymortests/operators.py" line="85" name="test_apply[&lt;lambda&gt;16]" time="0.0004096031188964844"><skipped message="Suite splitting in effect" type="pytest.skip">src/pymortests/operators.py:85: &lt;py._xmlgen.raw object at 0x7fb29d4f6c50&gt;</skipped></testcase><testcase classname="src.pymortests.operators" file="src/pymortests/operators.py" line="85" name="test_apply[&lt;lambda&gt;17]" time="0.0004355907440185547"><skipped message="Suite splitting in effect" type="pytest.skip">src/pymortests/operators.py:85: &lt;py._xmlgen.raw object at 0x7fb29d4d1ba8&gt;</skipped></testcase><testcase classname="src.pymortests.operators" file="src/pymortests/operators.py" line="85" name="test_apply[&lt;lambda&gt;18]" time="0.0004200935363769531"><skipped message="Suite splitting in effect" type="pytest.skip">src/pymortests/operators.py:85: &lt;py._xmlgen.raw object at 0x7fb29d4db3c8&gt;</skipped></testcase><testcase classname="src.pymortests.operators" file="src/pymortests/operators.py" line="85" name="test_apply[&lt;lambda&gt;19]" time="0.0004975795745849609"><skipped message="Suite splitting in effect" type="pytest.skip">src/pymortests/operators.py:85: &lt;py._xmlgen.raw object at 0x7fb2a88b5550&gt;</skipped></testcase><testcase classname="src.pymortests.operators" file="src/pymortests/operators.py" line="85" name="test_apply[&lt;lambda&gt;20]" time="0.0005326271057128906"><skipped message="Suite splitting in effect" type="pytest.skip">src/pymortests/operators.py:85: &lt;py._xmlgen.raw object at 0x7fb2a8904da0&gt;</skipped></testcase><testcase classname="src.pymortests.operators" file="src/pymortests/operators.py" line="85" name="test_apply[&lt;lambda&gt;21]" time="0.00043582916259765625"><skipped message="Suite splitting in effect" type="pytest.skip">src/pymortests/operators.py:85: &lt;py._xmlgen.raw object at 0x7fb29d4e7ef0&gt;</skipped></testcase><testcase classname="src.pymortests.operators" file="src/pymortests/operators.py" line="85" name="test_apply[&lt;lambda&gt;22]" time="0.0004329681396484375"><skipped message="Suite splitting in effect" type="pytest.skip">src/pymortests/operators.py:85: &lt;py._xmlgen.raw object at 0x7fb29d5015f8&gt;</skipped></testcase><testcase classname="src.pymortests.operators" file="src/pymortests/operators.py" line="85" name="test_apply[&lt;lambda&gt;23]" time="0.0007865428924560547"><skipped message="Suite splitting in effect" type="pytest.skip">src/pymortests/operators.py:85: &lt;py._xmlgen.raw object at 0x7fb29d4e7ef0&gt;</skipped></testcase><testcase classname="src.pymortests.operators" file="src/pymortests/operators.py" line="85" name="test_apply[&lt;lambda&gt;24]" time="0.0004658699035644531"><skipped message="Suite splitting in effect" type="pytest.skip">src/pymortests/operators.py:85: &lt;py._xmlgen.raw object at 0x7fb2c37ff1d0&gt;</skipped></testcase><testcase classname="src.pymortests.operators" file="src/pymortests/operators.py" line="85" name="test_apply[&lt;lambda&gt;25]" time="0.00044417381286621094"><skipped message="Suite splitting in effect" type="pytest.skip">src/pymortests/operators.py:85: &lt;py._xmlgen.raw object at 0x7fb2a88a6c88&gt;</skipped></testcase><testcase classname="src.pymortests.operators" file="src/pymortests/operators.py" line="85" name="test_apply[&lt;lambda&gt;26]" time="0.000431060791015625"><skipped message="Suite splitting in effect" type="pytest.skip">src/pymortests/operators.py:85: &lt;py._xmlgen.raw object at 0x7fb2a88571d0&gt;</skipped></testcase><testcase classname="src.pymortests.operators" file="src/pymortests/operators.py" line="85" name="test_apply[&lt;lambda&gt;27]" time="0.0004909038543701172"><skipped message="Suite splitting in effect" type="pytest.skip">src/pymortests/operators.py:85: &lt;py._xmlgen.raw object at 0x7fb29d4f6f60&gt;</skipped></testcase><testcase classname="src.pymortests.operators" file="src/pymortests/operators.py" line="85" name="test_apply[&lt;lambda&gt;28]" time="0.00042724609375"><skipped message="Suite splitting in effect" type="pytest.skip">src/pymortests/operators.py:85: &lt;py._xmlgen.raw object at 0x7fb29d4f6ef0&gt;</skipped></testcase><testcase classname="src.pymortests.operators" file="src/pymortests/operators.py" line="85" name="test_apply[&lt;lambda&gt;29]" time="0.0004189014434814453"><skipped message="Suite splitting in effect" type="pytest.skip">src/pymortests/operators.py:85: &lt;py._xmlgen.raw object at 0x7fb29d5014e0&gt;</skipped></testcase><testcase classname="src.pymortests.operators" file="src/pymortests/operators.py" line="85" name="test_apply[&lt;lambda&gt;30]" time="0.00043964385986328125"><skipped message="Suite splitting in effect" type="pytest.skip">src/pymortests/operators.py:85: &lt;py._xmlgen.raw object at 0x7fb29d501eb8&gt;</skipped></testcase><testcase classname="src.pymortests.operators" file="src/pymortests/operators.py" line="85" name="test_apply[&lt;lambda&gt;31]" time="0.0007143020629882812"><skipped message="Suite splitting in effect" type="pytest.skip">src/pymortests/operators.py:85: &lt;py._xmlgen.raw object at 0x7fb29d509438&gt;</skipped></testcase><testcase classname="src.pymortests.operators" file="src/pymortests/operators.py" line="85" name="test_apply[&lt;lambda&gt;32]" time="0.00039315223693847656"><skipped message="Suite splitting in effect" type="pytest.skip">src/pymortests/operators.py:85: &lt;py._xmlgen.raw object at 0x7fb29d501240&gt;</skipped></testcase><testcase classname="src.pymortests.operators" file="src/pymortests/operators.py" line="85" name="test_apply[&lt;lambda&gt;33]" time="0.00045418739318847656"><skipped message="Suite splitting in effect" type="pytest.skip">src/pymortests/operators.py:85: &lt;py._xmlgen.raw object at 0x7fb29d4f6f28&gt;</skipped></testcase><testcase classname="src.pymortests.operators" file="src/pymortests/operators.py" line="85" name="test_apply[&lt;lambda&gt;34]" time="0.0004017353057861328"><skipped message="Suite splitting in effect" type="pytest.skip">src/pymortests/operators.py:85: &lt;py._xmlgen.raw object at 0x7fb29d4d1ba8&gt;</skipped></testcase><testcase classname="src.pymortests.operators" file="src/pymortests/operators.py" line="85" name="test_apply[&lt;lambda&gt;35]" time="0.0004265308380126953"><skipped message="Suite splitting in effect" type="pytest.skip">src/pymortests/operators.py:85: &lt;py._xmlgen.raw object at 0x7fb2a8857860&gt;</skipped></testcase><testcase classname="src.pymortests.operators" file="src/pymortests/operators.py" line="85" name="test_apply[&lt;lambda&gt;36]" time="0.00043773651123046875"><skipped message="Suite splitting in effect" type="pytest.skip">src/pymortests/operators.py:85: &lt;py._xmlgen.raw object at 0x7fb2a8846ba8&gt;</skipped></testcase><testcase classname="src.pymortests.operators" file="src/pymortests/operators.py" line="85" name="test_apply[&lt;lambda&gt;37]" time="0.0004150867462158203"><skipped message="Suite splitting in effect" type="pytest.skip">src/pymortests/operators.py:85: &lt;py._xmlgen.raw object at 0x7fb29d4e7eb8&gt;</skipped></testcase><testcase classname="src.pymortests.operators" file="src/pymortests/operators.py" line="85" name="test_apply[&lt;lambda&gt;38]" time="0.0004146099090576172"><skipped message="Suite splitting in effect" type="pytest.skip">src/pymortests/operators.py:85: &lt;py._xmlgen.raw object at 0x7fb29d5092b0&gt;</skipped></testcase><testcase classname="src.pymortests.operators" file="src/pymortests/operators.py" line="85" name="test_apply[&lt;lambda&gt;39]" time="0.0006983280181884766"><skipped message="Suite splitting in effect" type="pytest.skip">src/pymortests/operators.py:85: &lt;py._xmlgen.raw object at 0x7fb29d509978&gt;</skipped></testcase><testcase classname="src.pymortests.operators" file="src/pymortests/operators.py" line="85" name="test_apply[&lt;lambda&gt;40]" time="0.0004222393035888672"><skipped message="Suite splitting in effect" type="pytest.skip">src/pymortests/operators.py:85: &lt;py._xmlgen.raw object at 0x7fb2a88b50b8&gt;</skipped></testcase><testcase classname="src.pymortests.operators" file="src/pymortests/operators.py" line="96" name="test_mul[&lt;lambda&gt;0]" time="0.00041747093200683594"><skipped message="Suite splitting in effect" type="pytest.skip">src/pymortests/operators.py:96: &lt;py._xmlgen.raw object at 0x7fb29d4db3c8&gt;</skipped></testcase><testcase classname="src.pymortests.operators" file="src/pymortests/operators.py" line="96" name="test_mul[&lt;lambda&gt;1]" time="0.00042176246643066406"><skipped message="Suite splitting in effect" type="pytest.skip">src/pymortests/operators.py:96: &lt;py._xmlgen.raw object at 0x7fb29d4d12e8&gt;</skipped></testcase><testcase classname="src.pymortests.operators" file="src/pymortests/operators.py" line="96" name="test_mul[&lt;lambda&gt;2]" time="0.0004353523254394531"><skipped message="Suite splitting in effect" type="pytest.skip">src/pymortests/operators.py:96: &lt;py._xmlgen.raw object at 0x7fb29d4f6908&gt;</skipped></testcase><testcase classname="src.pymortests.operators" file="src/pymortests/operators.py" line="96" name="test_mul[&lt;lambda&gt;3]" time="0.00041937828063964844"><skipped message="Suite splitting in effect" type="pytest.skip">src/pymortests/operators.py:96: &lt;py._xmlgen.raw object at 0x7fb29d5014e0&gt;</skipped></testcase><testcase classname="src.pymortests.operators" file="src/pymortests/operators.py" line="96" name="test_mul[&lt;lambda&gt;4]" time="0.000423431396484375"><skipped message="Suite splitting in effect" type="pytest.skip">src/pymortests/operators.py:96: &lt;py._xmlgen.raw object at 0x7fb29d509ac8&gt;</skipped></testcase><testcase classname="src.pymortests.operators" file="src/pymortests/operators.py" line="96" name="test_mul[&lt;lambda&gt;5]" time="0.00041675567626953125"><skipped message="Suite splitting in effect" type="pytest.skip">src/pymortests/operators.py:96: &lt;py._xmlgen.raw object at 0x7fb29d509128&gt;</skipped></testcase><testcase classname="src.pymortests.operators" file="src/pymortests/operators.py" line="96" name="test_mul[&lt;lambda&gt;6]" time="0.0004405975341796875"><skipped message="Suite splitting in effect" type="pytest.skip">src/pymortests/operators.py:96: &lt;py._xmlgen.raw object at 0x7fb29d509f98&gt;</skipped></testcase><testcase classname="src.pymortests.operators" file="src/pymortests/operators.py" line="96" name="test_mul[&lt;lambda&gt;7]" time="0.00041866302490234375"><skipped message="Suite splitting in effect" type="pytest.skip">src/pymortests/operators.py:96: &lt;py._xmlgen.raw object at 0x7fb29d509198&gt;</skipped></testcase><testcase classname="src.pymortests.operators" file="src/pymortests/operators.py" line="96" name="test_mul[&lt;lambda&gt;8]" time="0.000431060791015625"><skipped message="Suite splitting in effect" type="pytest.skip">src/pymortests/operators.py:96: &lt;py._xmlgen.raw object at 0x7fb29d501b70&gt;</skipped></testcase><testcase classname="src.pymortests.operators" file="src/pymortests/operators.py" line="96" name="test_mul[&lt;lambda&gt;9]" time="0.0004260540008544922"><skipped message="Suite splitting in effect" type="pytest.skip">src/pymortests/operators.py:96: &lt;py._xmlgen.raw object at 0x7fb29d5010f0&gt;</skipped></testcase><testcase classname="src.pymortests.operators" file="src/pymortests/operators.py" line="96" name="test_mul[&lt;lambda&gt;10]" time="0.00039958953857421875"><skipped message="Suite splitting in effect" type="pytest.skip">src/pymortests/operators.py:96: &lt;py._xmlgen.raw object at 0x7fb29d4f6860&gt;</skipped></testcase><testcase classname="src.pymortests.operators" file="src/pymortests/operators.py" line="96" name="test_mul[&lt;lambda&gt;11]" time="0.0004162788391113281"><skipped message="Suite splitting in effect" type="pytest.skip">src/pymortests/operators.py:96: &lt;py._xmlgen.raw object at 0x7fb2a8857470&gt;</skipped></testcase><testcase classname="src.pymortests.operators" file="src/pymortests/operators.py" line="96" name="test_mul[&lt;lambda&gt;12]" time="0.0004336833953857422"><skipped message="Suite splitting in effect" type="pytest.skip">src/pymortests/operators.py:96: &lt;py._xmlgen.raw object at 0x7fb29d4db278&gt;</skipped></testcase><testcase classname="src.pymortests.operators" file="src/pymortests/operators.py" line="96" name="test_mul[&lt;lambda&gt;13]" time="0.0004439353942871094"><skipped message="Suite splitting in effect" type="pytest.skip">src/pymortests/operators.py:96: &lt;py._xmlgen.raw object at 0x7fb29d4e7828&gt;</skipped></testcase><testcase classname="src.pymortests.operators" file="src/pymortests/operators.py" line="96" name="test_mul[&lt;lambda&gt;14]" time="0.0004792213439941406"><skipped message="Suite splitting in effect" type="pytest.skip">src/pymortests/operators.py:96: &lt;py._xmlgen.raw object at 0x7fb29d4964e0&gt;</skipped></testcase><testcase classname="src.pymortests.operators" file="src/pymortests/operators.py" line="96" name="test_mul[&lt;lambda&gt;15]" time="0.00047898292541503906"><skipped message="Suite splitting in effect" type="pytest.skip">src/pymortests/operators.py:96: &lt;py._xmlgen.raw object at 0x7fb2a8846ba8&gt;</skipped></testcase><testcase classname="src.pymortests.operators" file="src/pymortests/operators.py" line="96" name="test_mul[&lt;lambda&gt;16]" time="0.00042057037353515625"><skipped message="Suite splitting in effect" type="pytest.skip">src/pymortests/operators.py:96: &lt;py._xmlgen.raw object at 0x7fb2a8857ba8&gt;</skipped></testcase><testcase classname="src.pymortests.operators" file="src/pymortests/operators.py" line="96" name="test_mul[&lt;lambda&gt;17]" time="0.0004162788391113281"><skipped message="Suite splitting in effect" type="pytest.skip">src/pymortests/operators.py:96: &lt;py._xmlgen.raw object at 0x7fb29d509860&gt;</skipped></testcase><testcase classname="src.pymortests.operators" file="src/pymortests/operators.py" line="96" name="test_mul[&lt;lambda&gt;18]" time="0.0004138946533203125"><skipped message="Suite splitting in effect" type="pytest.skip">src/pymortests/operators.py:96: &lt;py._xmlgen.raw object at 0x7fb29d509630&gt;</skipped></testcase><testcase classname="src.pymortests.operators" file="src/pymortests/operators.py" line="96" name="test_mul[&lt;lambda&gt;19]" time="0.0004277229309082031"><skipped message="Suite splitting in effect" type="pytest.skip">src/pymortests/operators.py:96: &lt;py._xmlgen.raw object at 0x7fb29d5010b8&gt;</skipped></testcase><testcase classname="src.pymortests.operators" file="src/pymortests/operators.py" line="96" name="test_mul[&lt;lambda&gt;20]" time="0.00042748451232910156"><skipped message="Suite splitting in effect" type="pytest.skip">src/pymortests/operators.py:96: &lt;py._xmlgen.raw object at 0x7fb29d501860&gt;</skipped></testcase><testcase classname="src.pymortests.operators" file="src/pymortests/operators.py" line="96" name="test_mul[&lt;lambda&gt;21]" time="0.00043392181396484375"><skipped message="Suite splitting in effect" type="pytest.skip">src/pymortests/operators.py:96: &lt;py._xmlgen.raw object at 0x7fb29d4f6128&gt;</skipped></testcase><testcase classname="src.pymortests.operators" file="src/pymortests/operators.py" line="96" name="test_mul[&lt;lambda&gt;22]" time="0.0004436969757080078"><skipped message="Suite splitting in effect" type="pytest.skip">src/pymortests/operators.py:96: &lt;py._xmlgen.raw object at 0x7fb29d547208&gt;</skipped></testcase><testcase classname="src.pymortests.operators" file="src/pymortests/operators.py" line="96" name="test_mul[&lt;lambda&gt;23]" time="0.001085042953491211"><skipped message="Suite splitting in effect" type="pytest.skip">src/pymortests/operators.py:96: &lt;py._xmlgen.raw object at 0x7fb29d4f6550&gt;</skipped></testcase><testcase classname="src.pymortests.operators" file="src/pymortests/operators.py" line="96" name="test_mul[&lt;lambda&gt;24]" time="0.00043201446533203125"><skipped message="Suite splitting in effect" type="pytest.skip">src/pymortests/operators.py:96: &lt;py._xmlgen.raw object at 0x7fb29d501898&gt;</skipped></testcase><testcase classname="src.pymortests.operators" file="src/pymortests/operators.py" line="96" name="test_mul[&lt;lambda&gt;25]" time="0.00042629241943359375"><skipped message="Suite splitting in effect" type="pytest.skip">src/pymortests/operators.py:96: &lt;py._xmlgen.raw object at 0x7fb2a887bb00&gt;</skipped></testcase><testcase classname="src.pymortests.operators" file="src/pymortests/operators.py" line="96" name="test_mul[&lt;lambda&gt;26]" time="0.0004355907440185547"><skipped message="Suite splitting in effect" type="pytest.skip">src/pymortests/operators.py:96: &lt;py._xmlgen.raw object at 0x7fb29d5099b0&gt;</skipped></testcase><testcase classname="src.pymortests.operators" file="src/pymortests/operators.py" line="96" name="test_mul[&lt;lambda&gt;27]" time="0.00044035911560058594"><skipped message="Suite splitting in effect" type="pytest.skip">src/pymortests/operators.py:96: &lt;py._xmlgen.raw object at 0x7fb29d509198&gt;</skipped></testcase><testcase classname="src.pymortests.operators" file="src/pymortests/operators.py" line="96" name="test_mul[&lt;lambda&gt;28]" time="0.00045299530029296875"><skipped message="Suite splitting in effect" type="pytest.skip">src/pymortests/operators.py:96: &lt;py._xmlgen.raw object at 0x7fb2a8868da0&gt;</skipped></testcase><testcase classname="src.pymortests.operators" file="src/pymortests/operators.py" line="96" name="test_mul[&lt;lambda&gt;29]" time="0.0004208087921142578"><skipped message="Suite splitting in effect" type="pytest.skip">src/pymortests/operators.py:96: &lt;py._xmlgen.raw object at 0x7fb2a88f1f98&gt;</skipped></testcase><testcase classname="src.pymortests.operators" file="src/pymortests/operators.py" line="96" name="test_mul[&lt;lambda&gt;30]" time="0.00042319297790527344"><skipped message="Suite splitting in effect" type="pytest.skip">src/pymortests/operators.py:96: &lt;py._xmlgen.raw object at 0x7fb29d4e7208&gt;</skipped></testcase><testcase classname="src.pymortests.operators" file="src/pymortests/operators.py" line="96" name="test_mul[&lt;lambda&gt;31]" time="0.00040721893310546875"><skipped message="Suite splitting in effect" type="pytest.skip">src/pymortests/operators.py:96: &lt;py._xmlgen.raw object at 0x7fb2c37ff9b0&gt;</skipped></testcase><testcase classname="src.pymortests.operators" file="src/pymortests/operators.py" line="96" name="test_mul[&lt;lambda&gt;32]" time="0.00044274330139160156"><skipped message="Suite splitting in effect" type="pytest.skip">src/pymortests/operators.py:96: &lt;py._xmlgen.raw object at 0x7fb2a8846b00&gt;</skipped></testcase><testcase classname="src.pymortests.operators" file="src/pymortests/operators.py" line="96" name="test_mul[&lt;lambda&gt;33]" time="0.0004010200500488281"><skipped message="Suite splitting in effect" type="pytest.skip">src/pymortests/operators.py:96: &lt;py._xmlgen.raw object at 0x7fb29d4db7b8&gt;</skipped></testcase><testcase classname="src.pymortests.operators" file="src/pymortests/operators.py" line="96" name="test_mul[&lt;lambda&gt;34]" time="0.0004200935363769531"><skipped message="Suite splitting in effect" type="pytest.skip">src/pymortests/operators.py:96: &lt;py._xmlgen.raw object at 0x7fb29d509710&gt;</skipped></testcase><testcase classname="src.pymortests.operators" file="src/pymortests/operators.py" line="96" name="test_mul[&lt;lambda&gt;35]" time="0.0004525184631347656"><skipped message="Suite splitting in effect" type="pytest.skip">src/pymortests/operators.py:96: &lt;py._xmlgen.raw object at 0x7fb2a887b5c0&gt;</skipped></testcase><testcase classname="src.pymortests.operators" file="src/pymortests/operators.py" line="96" name="test_mul[&lt;lambda&gt;36]" time="0.0004374980926513672"><skipped message="Suite splitting in effect" type="pytest.skip">src/pymortests/operators.py:96: &lt;py._xmlgen.raw object at 0x7fb29d5013c8&gt;</skipped></testcase><testcase classname="src.pymortests.operators" file="src/pymortests/operators.py" line="96" name="test_mul[&lt;lambda&gt;37]" time="0.00046372413635253906"><skipped message="Suite splitting in effect" type="pytest.skip">src/pymortests/operators.py:96: &lt;py._xmlgen.raw object at 0x7fb29d4f69b0&gt;</skipped></testcase><testcase classname="src.pymortests.operators" file="src/pymortests/operators.py" line="96" name="test_mul[&lt;lambda&gt;38]" time="0.0004754066467285156"><skipped message="Suite splitting in effect" type="pytest.skip">src/pymortests/operators.py:96: &lt;py._xmlgen.raw object at 0x7fb29d4960f0&gt;</skipped></testcase><testcase classname="src.pymortests.operators" file="src/pymortests/operators.py" line="96" name="test_mul[&lt;lambda&gt;39]" time="0.0007770061492919922"><skipped message="Suite splitting in effect" type="pytest.skip">src/pymortests/operators.py:96: &lt;py._xmlgen.raw object at 0x7fb29d496be0&gt;</skipped></testcase><testcase classname="src.pymortests.operators" file="src/pymortests/operators.py" line="96" name="test_mul[&lt;lambda&gt;40]" time="0.0004622936248779297"><skipped message="Suite splitting in effect" type="pytest.skip">src/pymortests/operators.py:96: &lt;py._xmlgen.raw object at 0x7fb29d501cf8&gt;</skipped></testcase><testcase classname="src.pymortests.operators" file="src/pymortests/operators.py" line="103" name="test_rmul[&lt;lambda&gt;0]" time="0.0004203319549560547"><skipped message="Suite splitting in effect" type="pytest.skip">src/pymortests/operators.py:103: &lt;py._xmlgen.raw object at 0x7fb2a887be48&gt;</skipped></testcase><testcase classname="src.pymortests.operators" file="src/pymortests/operators.py" line="103" name="test_rmul[&lt;lambda&gt;1]" time="0.0004241466522216797"><skipped message="Suite splitting in effect" type="pytest.skip">src/pymortests/operators.py:103: &lt;py._xmlgen.raw object at 0x7fb29d5092b0&gt;</skipped></testcase><testcase classname="src.pymortests.operators" file="src/pymortests/operators.py" line="103" name="test_rmul[&lt;lambda&gt;2]" time="0.00042748451232910156"><skipped message="Suite splitting in effect" type="pytest.skip">src/pymortests/operators.py:103: &lt;py._xmlgen.raw object at 0x7fb2a8857e48&gt;</skipped></testcase><testcase classname="src.pymortests.operators" file="src/pymortests/operators.py" line="103" name="test_rmul[&lt;lambda&gt;3]" time="0.00042819976806640625"><skipped message="Suite splitting in effect" type="pytest.skip">src/pymortests/operators.py:103: &lt;py._xmlgen.raw object at 0x7fb29d4e7b70&gt;</skipped></testcase><testcase classname="src.pymortests.operators" file="src/pymortests/operators.py" line="103" name="test_rmul[&lt;lambda&gt;4]" time="0.0004265308380126953"><skipped message="Suite splitting in effect" type="pytest.skip">src/pymortests/operators.py:103: &lt;py._xmlgen.raw object at 0x7fb29d496c50&gt;</skipped></testcase><testcase classname="src.pymortests.operators" file="src/pymortests/operators.py" line="103" name="test_rmul[&lt;lambda&gt;5]" time="0.0004088878631591797"><skipped message="Suite splitting in effect" type="pytest.skip">src/pymortests/operators.py:103: &lt;py._xmlgen.raw object at 0x7fb29d496160&gt;</skipped></testcase><testcase classname="src.pymortests.operators" file="src/pymortests/operators.py" line="103" name="test_rmul[&lt;lambda&gt;6]" time="0.00041866302490234375"><skipped message="Suite splitting in effect" type="pytest.skip">src/pymortests/operators.py:103: &lt;py._xmlgen.raw object at 0x7fb29d4a4160&gt;</skipped></testcase><testcase classname="src.pymortests.operators" file="src/pymortests/operators.py" line="103" name="test_rmul[&lt;lambda&gt;7]" time="0.0004436969757080078"><skipped message="Suite splitting in effect" type="pytest.skip">src/pymortests/operators.py:103: &lt;py._xmlgen.raw object at 0x7fb29d4962b0&gt;</skipped></testcase><testcase classname="src.pymortests.operators" file="src/pymortests/operators.py" line="103" name="test_rmul[&lt;lambda&gt;8]" time="0.0004382133483886719"><skipped message="Suite splitting in effect" type="pytest.skip">src/pymortests/operators.py:103: &lt;py._xmlgen.raw object at 0x7fb29d4e7358&gt;</skipped></testcase><testcase classname="src.pymortests.operators" file="src/pymortests/operators.py" line="103" name="test_rmul[&lt;lambda&gt;9]" time="0.0004100799560546875"><skipped message="Suite splitting in effect" type="pytest.skip">src/pymortests/operators.py:103: &lt;py._xmlgen.raw object at 0x7fb2a88a60b8&gt;</skipped></testcase><testcase classname="src.pymortests.operators" file="src/pymortests/operators.py" line="103" name="test_rmul[&lt;lambda&gt;10]" time="0.0004150867462158203"><skipped message="Suite splitting in effect" type="pytest.skip">src/pymortests/operators.py:103: &lt;py._xmlgen.raw object at 0x7fb2a8809710&gt;</skipped></testcase><testcase classname="src.pymortests.operators" file="src/pymortests/operators.py" line="103" name="test_rmul[&lt;lambda&gt;11]" time="0.000400543212890625"><skipped message="Suite splitting in effect" type="pytest.skip">src/pymortests/operators.py:103: &lt;py._xmlgen.raw object at 0x7fb29d5095f8&gt;</skipped></testcase><testcase classname="src.pymortests.operators" file="src/pymortests/operators.py" line="103" name="test_rmul[&lt;lambda&gt;12]" time="0.0004315376281738281"><skipped message="Suite splitting in effect" type="pytest.skip">src/pymortests/operators.py:103: &lt;py._xmlgen.raw object at 0x7fb29d501a20&gt;</skipped></testcase><testcase classname="src.pymortests.operators" file="src/pymortests/operators.py" line="103" name="test_rmul[&lt;lambda&gt;13]" time="0.00042819976806640625"><skipped message="Suite splitting in effect" type="pytest.skip">src/pymortests/operators.py:103: &lt;py._xmlgen.raw object at 0x7fb29d4a42b0&gt;</skipped></testcase><testcase classname="src.pymortests.operators" file="src/pymortests/operators.py" line="103" name="test_rmul[&lt;lambda&gt;14]" time="0.00042057037353515625"><skipped message="Suite splitting in effect" type="pytest.skip">src/pymortests/operators.py:103: &lt;py._xmlgen.raw object at 0x7fb29d4a4668&gt;</skipped></testcase><testcase classname="src.pymortests.operators" file="src/pymortests/operators.py" line="103" name="test_rmul[&lt;lambda&gt;15]" time="0.0007708072662353516"><skipped message="Suite splitting in effect" type="pytest.skip">src/pymortests/operators.py:103: &lt;py._xmlgen.raw object at 0x7fb29d501ac8&gt;</skipped></testcase><testcase classname="src.pymortests.operators" file="src/pymortests/operators.py" line="103" name="test_rmul[&lt;lambda&gt;16]" time="0.00041413307189941406"><skipped message="Suite splitting in effect" type="pytest.skip">src/pymortests/operators.py:103: &lt;py._xmlgen.raw object at 0x7fb29d509278&gt;</skipped></testcase><testcase classname="src.pymortests.operators" file="src/pymortests/operators.py" line="103" name="test_rmul[&lt;lambda&gt;17]" time="0.0004482269287109375"><skipped message="Suite splitting in effect" type="pytest.skip">src/pymortests/operators.py:103: &lt;py._xmlgen.raw object at 0x7fb2a881d908&gt;</skipped></testcase><testcase classname="src.pymortests.operators" file="src/pymortests/operators.py" line="103" name="test_rmul[&lt;lambda&gt;18]" time="0.0004360675811767578"><skipped message="Suite splitting in effect" type="pytest.skip">src/pymortests/operators.py:103: &lt;py._xmlgen.raw object at 0x7fb2a88b52b0&gt;</skipped></testcase><testcase classname="src.pymortests.operators" file="src/pymortests/operators.py" line="103" name="test_rmul[&lt;lambda&gt;19]" time="0.00042057037353515625"><skipped message="Suite splitting in effect" type="pytest.skip">src/pymortests/operators.py:103: &lt;py._xmlgen.raw object at 0x7fb29d496d30&gt;</skipped></testcase><testcase classname="src.pymortests.operators" file="src/pymortests/operators.py" line="103" name="test_rmul[&lt;lambda&gt;20]" time="0.00041365623474121094"><skipped message="Suite splitting in effect" type="pytest.skip">src/pymortests/operators.py:103: &lt;py._xmlgen.raw object at 0x7fb29d496e48&gt;</skipped></testcase><testcase classname="src.pymortests.operators" file="src/pymortests/operators.py" line="103" name="test_rmul[&lt;lambda&gt;21]" time="0.0004162788391113281"><skipped message="Suite splitting in effect" type="pytest.skip">src/pymortests/operators.py:103: &lt;py._xmlgen.raw object at 0x7fb29d4a4400&gt;</skipped></testcase><testcase classname="src.pymortests.operators" file="src/pymortests/operators.py" line="103" name="test_rmul[&lt;lambda&gt;22]" time="0.0004165172576904297"><skipped message="Suite splitting in effect" type="pytest.skip">src/pymortests/operators.py:103: &lt;py._xmlgen.raw object at 0x7fb29d4a4ba8&gt;</skipped></testcase><testcase classname="src.pymortests.operators" file="src/pymortests/operators.py" line="103" name="test_rmul[&lt;lambda&gt;23]" time="0.000701904296875"><skipped message="Suite splitting in effect" type="pytest.skip">src/pymortests/operators.py:103: &lt;py._xmlgen.raw object at 0x7fb29d4a4be0&gt;</skipped></testcase><testcase classname="src.pymortests.operators" file="src/pymortests/operators.py" line="103" name="test_rmul[&lt;lambda&gt;24]" time="0.0004405975341796875"><skipped message="Suite splitting in effect" type="pytest.skip">src/pymortests/operators.py:103: &lt;py._xmlgen.raw object at 0x7fb29d4a4860&gt;</skipped></testcase><testcase classname="src.pymortests.operators" file="src/pymortests/operators.py" line="103" name="test_rmul[&lt;lambda&gt;25]" time="0.00041866302490234375"><skipped message="Suite splitting in effect" type="pytest.skip">src/pymortests/operators.py:103: &lt;py._xmlgen.raw object at 0x7fb29d4968d0&gt;</skipped></testcase><testcase classname="src.pymortests.operators" file="src/pymortests/operators.py" line="103" name="test_rmul[&lt;lambda&gt;26]" time="0.00042247772216796875"><skipped message="Suite splitting in effect" type="pytest.skip">src/pymortests/operators.py:103: &lt;py._xmlgen.raw object at 0x7fb29d4e7048&gt;</skipped></testcase><testcase classname="src.pymortests.operators" file="src/pymortests/operators.py" line="103" name="test_rmul[&lt;lambda&gt;27]" time="0.00044345855712890625"><skipped message="Suite splitting in effect" type="pytest.skip">src/pymortests/operators.py:103: &lt;py._xmlgen.raw object at 0x7fb2a8809668&gt;</skipped></testcase><testcase classname="src.pymortests.operators" file="src/pymortests/operators.py" line="103" name="test_rmul[&lt;lambda&gt;28]" time="0.00041222572326660156"><skipped message="Suite splitting in effect" type="pytest.skip">src/pymortests/operators.py:103: &lt;py._xmlgen.raw object at 0x7fb2a887b278&gt;</skipped></testcase><testcase classname="src.pymortests.operators" file="src/pymortests/operators.py" line="103" name="test_rmul[&lt;lambda&gt;29]" time="0.00041961669921875"><skipped message="Suite splitting in effect" type="pytest.skip">src/pymortests/operators.py:103: &lt;py._xmlgen.raw object at 0x7fb29d5014a8&gt;</skipped></testcase><testcase classname="src.pymortests.operators" file="src/pymortests/operators.py" line="103" name="test_rmul[&lt;lambda&gt;30]" time="0.0004343986511230469"><skipped message="Suite splitting in effect" type="pytest.skip">src/pymortests/operators.py:103: &lt;py._xmlgen.raw object at 0x7fb29d4af4a8&gt;</skipped></testcase><testcase classname="src.pymortests.operators" file="src/pymortests/operators.py" line="103" name="test_rmul[&lt;lambda&gt;31]" time="0.0007443428039550781"><skipped message="Suite splitting in effect" type="pytest.skip">src/pymortests/operators.py:103: &lt;py._xmlgen.raw object at 0x7fb29d4af9e8&gt;</skipped></testcase><testcase classname="src.pymortests.operators" file="src/pymortests/operators.py" line="103" name="test_rmul[&lt;lambda&gt;32]" time="0.00043129920959472656"><skipped message="Suite splitting in effect" type="pytest.skip">src/pymortests/operators.py:103: &lt;py._xmlgen.raw object at 0x7fb2a881df98&gt;</skipped></testcase><testcase classname="src.pymortests.operators" file="src/pymortests/operators.py" line="103" name="test_rmul[&lt;lambda&gt;33]" time="0.00042510032653808594"><skipped message="Suite splitting in effect" type="pytest.skip">src/pymortests/operators.py:103: &lt;py._xmlgen.raw object at 0x7fb2a8857e48&gt;</skipped></testcase><testcase classname="src.pymortests.operators" file="src/pymortests/operators.py" line="103" name="test_rmul[&lt;lambda&gt;34]" time="0.0004112720489501953"><skipped message="Suite splitting in effect" type="pytest.skip">src/pymortests/operators.py:103: &lt;py._xmlgen.raw object at 0x7fb29d4960b8&gt;</skipped></testcase><testcase classname="src.pymortests.operators" file="src/pymortests/operators.py" line="103" name="test_rmul[&lt;lambda&gt;35]" time="0.0004489421844482422"><skipped message="Suite splitting in effect" type="pytest.skip">src/pymortests/operators.py:103: &lt;py._xmlgen.raw object at 0x7fb2a882d7b8&gt;</skipped></testcase><testcase classname="src.pymortests.operators" file="src/pymortests/operators.py" line="103" name="test_rmul[&lt;lambda&gt;36]" time="0.00042748451232910156"><skipped message="Suite splitting in effect" type="pytest.skip">src/pymortests/operators.py:103: &lt;py._xmlgen.raw object at 0x7fb29d4a4cc0&gt;</skipped></testcase><testcase classname="src.pymortests.operators" file="src/pymortests/operators.py" line="103" name="test_rmul[&lt;lambda&gt;37]" time="0.00041794776916503906"><skipped message="Suite splitting in effect" type="pytest.skip">src/pymortests/operators.py:103: &lt;py._xmlgen.raw object at 0x7fb29d4af748&gt;</skipped></testcase><testcase classname="src.pymortests.operators" file="src/pymortests/operators.py" line="103" name="test_rmul[&lt;lambda&gt;38]" time="0.0005176067352294922"><skipped message="Suite splitting in effect" type="pytest.skip">src/pymortests/operators.py:103: &lt;py._xmlgen.raw object at 0x7fb29d4af390&gt;</skipped></testcase><testcase classname="src.pymortests.operators" file="src/pymortests/operators.py" line="103" name="test_rmul[&lt;lambda&gt;39]" time="0.0007355213165283203"><skipped message="Suite splitting in effect" type="pytest.skip">src/pymortests/operators.py:103: &lt;py._xmlgen.raw object at 0x7fb29d4aff28&gt;</skipped></testcase><testcase classname="src.pymortests.operators" file="src/pymortests/operators.py" line="103" name="test_rmul[&lt;lambda&gt;40]" time="0.0004336833953857422"><skipped message="Suite splitting in effect" type="pytest.skip">src/pymortests/operators.py:103: &lt;py._xmlgen.raw object at 0x7fb29d4af4e0&gt;</skipped></testcase><testcase classname="src.pymortests.operators" file="src/pymortests/operators.py" line="110" name="test_neg[&lt;lambda&gt;0]" time="0.0004825592041015625"><skipped message="Suite splitting in effect" type="pytest.skip">src/pymortests/operators.py:110: &lt;py._xmlgen.raw object at 0x7fb29d4a4518&gt;</skipped></testcase><testcase classname="src.pymortests.operators" file="src/pymortests/operators.py" line="110" name="test_neg[&lt;lambda&gt;1]" time="0.0004482269287109375"><skipped message="Suite splitting in effect" type="pytest.skip">src/pymortests/operators.py:110: &lt;py._xmlgen.raw object at 0x7fb2a882dfd0&gt;</skipped></testcase><testcase classname="src.pymortests.operators" file="src/pymortests/operators.py" line="110" name="test_neg[&lt;lambda&gt;2]" time="0.0005123615264892578"><skipped message="Suite splitting in effect" type="pytest.skip">src/pymortests/operators.py:110: &lt;py._xmlgen.raw object at 0x7fb29d496ac8&gt;</skipped></testcase><testcase classname="src.pymortests.operators" file="src/pymortests/operators.py" line="110" name="test_neg[&lt;lambda&gt;3]" time="0.00043463706970214844"><skipped message="Suite splitting in effect" type="pytest.skip">src/pymortests/operators.py:110: &lt;py._xmlgen.raw object at 0x7fb29d4e7cc0&gt;</skipped></testcase><testcase classname="src.pymortests.operators" file="src/pymortests/operators.py" line="110" name="test_neg[&lt;lambda&gt;4]" time="0.0004470348358154297"><skipped message="Suite splitting in effect" type="pytest.skip">src/pymortests/operators.py:110: &lt;py._xmlgen.raw object at 0x7fb2a881def0&gt;</skipped></testcase><testcase classname="src.pymortests.operators" file="src/pymortests/operators.py" line="110" name="test_neg[&lt;lambda&gt;5]" time="0.00044608116149902344"><skipped message="Suite splitting in effect" type="pytest.skip">src/pymortests/operators.py:110: &lt;py._xmlgen.raw object at 0x7fb29d4bb048&gt;</skipped></testcase><testcase classname="src.pymortests.operators" file="src/pymortests/operators.py" line="110" name="test_neg[&lt;lambda&gt;6]" time="0.00042724609375"><skipped message="Suite splitting in effect" type="pytest.skip">src/pymortests/operators.py:110: &lt;py._xmlgen.raw object at 0x7fb29d4bb588&gt;</skipped></testcase><testcase classname="src.pymortests.operators" file="src/pymortests/operators.py" line="110" name="test_neg[&lt;lambda&gt;7]" time="0.0004897117614746094"><skipped message="Suite splitting in effect" type="pytest.skip">src/pymortests/operators.py:110: &lt;py._xmlgen.raw object at 0x7fb2a88095c0&gt;</skipped></testcase><testcase classname="src.pymortests.operators" file="src/pymortests/operators.py" line="110" name="test_neg[&lt;lambda&gt;8]" time="0.0004367828369140625"><skipped message="Suite splitting in effect" type="pytest.skip">src/pymortests/operators.py:110: &lt;py._xmlgen.raw object at 0x7fb2c37ff470&gt;</skipped></testcase><testcase classname="src.pymortests.operators" file="src/pymortests/operators.py" line="110" name="test_neg[&lt;lambda&gt;9]" time="0.00041222572326660156"><skipped message="Suite splitting in effect" type="pytest.skip">src/pymortests/operators.py:110: &lt;py._xmlgen.raw object at 0x7fb2a882d710&gt;</skipped></testcase><testcase classname="src.pymortests.operators" file="src/pymortests/operators.py" line="110" name="test_neg[&lt;lambda&gt;10]" time="0.0004870891571044922"><skipped message="Suite splitting in effect" type="pytest.skip">src/pymortests/operators.py:110: &lt;py._xmlgen.raw object at 0x7fb29d4a4b70&gt;</skipped></testcase><testcase classname="src.pymortests.operators" file="src/pymortests/operators.py" line="110" name="test_neg[&lt;lambda&gt;11]" time="0.00048422813415527344"><skipped message="Suite splitting in effect" type="pytest.skip">src/pymortests/operators.py:110: &lt;py._xmlgen.raw object at 0x7fb29d4afb38&gt;</skipped></testcase><testcase classname="src.pymortests.operators" file="src/pymortests/operators.py" line="110" name="test_neg[&lt;lambda&gt;12]" time="0.000438690185546875"><skipped message="Suite splitting in effect" type="pytest.skip">src/pymortests/operators.py:110: &lt;py._xmlgen.raw object at 0x7fb29d4afd68&gt;</skipped></testcase><testcase classname="src.pymortests.operators" file="src/pymortests/operators.py" line="110" name="test_neg[&lt;lambda&gt;13]" time="0.0004372596740722656"><skipped message="Suite splitting in effect" type="pytest.skip">src/pymortests/operators.py:110: &lt;py._xmlgen.raw object at 0x7fb29d4bb390&gt;</skipped></testcase><testcase classname="src.pymortests.operators" file="src/pymortests/operators.py" line="110" name="test_neg[&lt;lambda&gt;14]" time="0.0004222393035888672"><skipped message="Suite splitting in effect" type="pytest.skip">src/pymortests/operators.py:110: &lt;py._xmlgen.raw object at 0x7fb29d4bba90&gt;</skipped></testcase><testcase classname="src.pymortests.operators" file="src/pymortests/operators.py" line="110" name="test_neg[&lt;lambda&gt;15]" time="0.0007410049438476562"><skipped message="Suite splitting in effect" type="pytest.skip">src/pymortests/operators.py:110: &lt;py._xmlgen.raw object at 0x7fb29d4af470&gt;</skipped></testcase><testcase classname="src.pymortests.operators" file="src/pymortests/operators.py" line="110" name="test_neg[&lt;lambda&gt;16]" time="0.0004229545593261719"><skipped message="Suite splitting in effect" type="pytest.skip">src/pymortests/operators.py:110: &lt;py._xmlgen.raw object at 0x7fb2a883aba8&gt;</skipped></testcase><testcase classname="src.pymortests.operators" file="src/pymortests/operators.py" line="110" name="test_neg[&lt;lambda&gt;17]" time="0.00040221214294433594"><skipped message="Suite splitting in effect" type="pytest.skip">src/pymortests/operators.py:110: &lt;py._xmlgen.raw object at 0x7fb2a882d518&gt;</skipped></testcase><testcase classname="src.pymortests.operators" file="src/pymortests/operators.py" line="110" name="test_neg[&lt;lambda&gt;18]" time="0.0005052089691162109"><skipped message="Suite splitting in effect" type="pytest.skip">src/pymortests/operators.py:110: &lt;py._xmlgen.raw object at 0x7fb29d4969e8&gt;</skipped></testcase><testcase classname="src.pymortests.operators" file="src/pymortests/operators.py" line="110" name="test_neg[&lt;lambda&gt;19]" time="0.00040411949157714844"><skipped message="Suite splitting in effect" type="pytest.skip">src/pymortests/operators.py:110: &lt;py._xmlgen.raw object at 0x7fb2a88099e8&gt;</skipped></testcase><testcase classname="src.pymortests.operators" file="src/pymortests/operators.py" line="110" name="test_neg[&lt;lambda&gt;20]" time="0.00044465065002441406"><skipped message="Suite splitting in effect" type="pytest.skip">src/pymortests/operators.py:110: &lt;py._xmlgen.raw object at 0x7fb29d4bbc88&gt;</skipped></testcase><testcase classname="src.pymortests.operators" file="src/pymortests/operators.py" line="110" name="test_neg[&lt;lambda&gt;21]" time="0.0004191398620605469"><skipped message="Suite splitting in effect" type="pytest.skip">src/pymortests/operators.py:110: &lt;py._xmlgen.raw object at 0x7fb29d4bb5f8&gt;</skipped></testcase><testcase classname="src.pymortests.operators" file="src/pymortests/operators.py" line="110" name="test_neg[&lt;lambda&gt;22]" time="0.0004508495330810547"><skipped message="Suite splitting in effect" type="pytest.skip">src/pymortests/operators.py:110: &lt;py._xmlgen.raw object at 0x7fb29d4bbfd0&gt;</skipped></testcase><testcase classname="src.pymortests.operators" file="src/pymortests/operators.py" line="110" name="test_neg[&lt;lambda&gt;23]" time="0.0007748603820800781"><skipped message="Suite splitting in effect" type="pytest.skip">src/pymortests/operators.py:110: &lt;py._xmlgen.raw object at 0x7fb2a887b710&gt;</skipped></testcase><testcase classname="src.pymortests.operators" file="src/pymortests/operators.py" line="110" name="test_neg[&lt;lambda&gt;24]" time="0.0004220008850097656"><skipped message="Suite splitting in effect" type="pytest.skip">src/pymortests/operators.py:110: &lt;py._xmlgen.raw object at 0x7fb29d4bb860&gt;</skipped></testcase><testcase classname="src.pymortests.operators" file="src/pymortests/operators.py" line="110" name="test_neg[&lt;lambda&gt;25]" time="0.0004153251647949219"><skipped message="Suite splitting in effect" type="pytest.skip">src/pymortests/operators.py:110: &lt;py._xmlgen.raw object at 0x7fb2a88a60b8&gt;</skipped></testcase><testcase classname="src.pymortests.operators" file="src/pymortests/operators.py" line="110" name="test_neg[&lt;lambda&gt;26]" time="0.0004241466522216797"><skipped message="Suite splitting in effect" type="pytest.skip">src/pymortests/operators.py:110: &lt;py._xmlgen.raw object at 0x7fb29d496978&gt;</skipped></testcase><testcase classname="src.pymortests.operators" file="src/pymortests/operators.py" line="110" name="test_neg[&lt;lambda&gt;27]" time="0.0004279613494873047"><skipped message="Suite splitting in effect" type="pytest.skip">src/pymortests/operators.py:110: &lt;py._xmlgen.raw object at 0x7fb29d4a4518&gt;</skipped></testcase><testcase classname="src.pymortests.operators" file="src/pymortests/operators.py" line="110" name="test_neg[&lt;lambda&gt;28]" time="0.00041866302490234375"><skipped message="Suite splitting in effect" type="pytest.skip">src/pymortests/operators.py:110: &lt;py._xmlgen.raw object at 0x7fb2a883ab00&gt;</skipped></testcase><testcase classname="src.pymortests.operators" file="src/pymortests/operators.py" line="110" name="test_neg[&lt;lambda&gt;29]" time="0.0004296302795410156"><skipped message="Suite splitting in effect" type="pytest.skip">src/pymortests/operators.py:110: &lt;py._xmlgen.raw object at 0x7fb29d4c30f0&gt;</skipped></testcase><testcase classname="src.pymortests.operators" file="src/pymortests/operators.py" line="110" name="test_neg[&lt;lambda&gt;30]" time="0.00043964385986328125"><skipped message="Suite splitting in effect" type="pytest.skip">src/pymortests/operators.py:110: &lt;py._xmlgen.raw object at 0x7fb29d4c38d0&gt;</skipped></testcase><testcase classname="src.pymortests.operators" file="src/pymortests/operators.py" line="110" name="test_neg[&lt;lambda&gt;31]" time="0.00042819976806640625"><skipped message="Suite splitting in effect" type="pytest.skip">src/pymortests/operators.py:110: &lt;py._xmlgen.raw object at 0x7fb2a883ab00&gt;</skipped></testcase><testcase classname="src.pymortests.operators" file="src/pymortests/operators.py" line="110" name="test_neg[&lt;lambda&gt;32]" time="0.0004534721374511719"><skipped message="Suite splitting in effect" type="pytest.skip">src/pymortests/operators.py:110: &lt;py._xmlgen.raw object at 0x7fb29d4bb978&gt;</skipped></testcase><testcase classname="src.pymortests.operators" file="src/pymortests/operators.py" line="110" name="test_neg[&lt;lambda&gt;33]" time="0.0004410743713378906"><skipped message="Suite splitting in effect" type="pytest.skip">src/pymortests/operators.py:110: &lt;py._xmlgen.raw object at 0x7fb29d4bb630&gt;</skipped></testcase><testcase classname="src.pymortests.operators" file="src/pymortests/operators.py" line="110" name="test_neg[&lt;lambda&gt;34]" time="0.0004684925079345703"><skipped message="Suite splitting in effect" type="pytest.skip">src/pymortests/operators.py:110: &lt;py._xmlgen.raw object at 0x7fb2a87cf860&gt;</skipped></testcase><testcase classname="src.pymortests.operators" file="src/pymortests/operators.py" line="110" name="test_neg[&lt;lambda&gt;35]" time="0.00040340423583984375"><skipped message="Suite splitting in effect" type="pytest.skip">src/pymortests/operators.py:110: &lt;py._xmlgen.raw object at 0x7fb29d4af1d0&gt;</skipped></testcase><testcase classname="src.pymortests.operators" file="src/pymortests/operators.py" line="110" name="test_neg[&lt;lambda&gt;36]" time="0.00043582916259765625"><skipped message="Suite splitting in effect" type="pytest.skip">src/pymortests/operators.py:110: &lt;py._xmlgen.raw object at 0x7fb2a882d470&gt;</skipped></testcase><testcase classname="src.pymortests.operators" file="src/pymortests/operators.py" line="110" name="test_neg[&lt;lambda&gt;37]" time="0.0005230903625488281"><skipped message="Suite splitting in effect" type="pytest.skip">src/pymortests/operators.py:110: &lt;py._xmlgen.raw object at 0x7fb29d4a4e10&gt;</skipped></testcase><testcase classname="src.pymortests.operators" file="src/pymortests/operators.py" line="110" name="test_neg[&lt;lambda&gt;38]" time="0.0004355907440185547"><skipped message="Suite splitting in effect" type="pytest.skip">src/pymortests/operators.py:110: &lt;py._xmlgen.raw object at 0x7fb29d52e668&gt;</skipped></testcase><testcase classname="src.pymortests.operators" file="src/pymortests/operators.py" line="110" name="test_neg[&lt;lambda&gt;39]" time="0.00043511390686035156"><skipped message="Suite splitting in effect" type="pytest.skip">src/pymortests/operators.py:110: &lt;py._xmlgen.raw object at 0x7fb29d4e7cc0&gt;</skipped></testcase><testcase classname="src.pymortests.operators" file="src/pymortests/operators.py" line="110" name="test_neg[&lt;lambda&gt;40]" time="0.0004448890686035156"><skipped message="Suite splitting in effect" type="pytest.skip">src/pymortests/operators.py:110: &lt;py._xmlgen.raw object at 0x7fb29d496ba8&gt;</skipped></testcase><testcase classname="src.pymortests.operators" file="src/pymortests/operators.py" line="116" name="test_apply2[&lt;lambda&gt;0]" time="0.0004143714904785156"><skipped message="Suite splitting in effect" type="pytest.skip">src/pymortests/operators.py:116: &lt;py._xmlgen.raw object at 0x7fb29d4a4cf8&gt;</skipped></testcase><testcase classname="src.pymortests.operators" file="src/pymortests/operators.py" line="116" name="test_apply2[&lt;lambda&gt;1]" time="0.0004436969757080078"><skipped message="Suite splitting in effect" type="pytest.skip">src/pymortests/operators.py:116: &lt;py._xmlgen.raw object at 0x7fb29d4afa20&gt;</skipped></testcase><testcase classname="src.pymortests.operators" file="src/pymortests/operators.py" line="116" name="test_apply2[&lt;lambda&gt;2]" time="0.00039458274841308594"><skipped message="Suite splitting in effect" type="pytest.skip">src/pymortests/operators.py:116: &lt;py._xmlgen.raw object at 0x7fb29d4afcc0&gt;</skipped></testcase><testcase classname="src.pymortests.operators" file="src/pymortests/operators.py" line="116" name="test_apply2[&lt;lambda&gt;3]" time="0.0004374980926513672"><skipped message="Suite splitting in effect" type="pytest.skip">src/pymortests/operators.py:116: &lt;py._xmlgen.raw object at 0x7fb2a89041d0&gt;</skipped></testcase><testcase classname="src.pymortests.operators" file="src/pymortests/operators.py" line="116" name="test_apply2[&lt;lambda&gt;4]" time="0.0004379749298095703"><skipped message="Suite splitting in effect" type="pytest.skip">src/pymortests/operators.py:116: &lt;py._xmlgen.raw object at 0x7fb29d4bb5c0&gt;</skipped></testcase><testcase classname="src.pymortests.operators" file="src/pymortests/operators.py" line="116" name="test_apply2[&lt;lambda&gt;5]" time="0.0004856586456298828"><skipped message="Suite splitting in effect" type="pytest.skip">src/pymortests/operators.py:116: &lt;py._xmlgen.raw object at 0x7fb2a881d860&gt;</skipped></testcase><testcase classname="src.pymortests.operators" file="src/pymortests/operators.py" line="116" name="test_apply2[&lt;lambda&gt;6]" time="0.00047707557678222656"><skipped message="Suite splitting in effect" type="pytest.skip">src/pymortests/operators.py:116: &lt;py._xmlgen.raw object at 0x7fb29d524898&gt;</skipped></testcase><testcase classname="src.pymortests.operators" file="src/pymortests/operators.py" line="116" name="test_apply2[&lt;lambda&gt;7]" time="0.0007426738739013672"><skipped message="Suite splitting in effect" type="pytest.skip">src/pymortests/operators.py:116: &lt;py._xmlgen.raw object at 0x7fb29d4f6c50&gt;</skipped></testcase><testcase classname="src.pymortests.operators" file="src/pymortests/operators.py" line="116" name="test_apply2[&lt;lambda&gt;8]" time="0.00039768218994140625"><skipped message="Suite splitting in effect" type="pytest.skip">src/pymortests/operators.py:116: &lt;py._xmlgen.raw object at 0x7fb29d4bbe48&gt;</skipped></testcase><testcase classname="src.pymortests.operators" file="src/pymortests/operators.py" line="116" name="test_apply2[&lt;lambda&gt;9]" time="0.0005185604095458984"><skipped message="Suite splitting in effect" type="pytest.skip">src/pymortests/operators.py:116: &lt;py._xmlgen.raw object at 0x7fb2a87cf3c8&gt;</skipped></testcase><testcase classname="src.pymortests.operators" file="src/pymortests/operators.py" line="116" name="test_apply2[&lt;lambda&gt;10]" time="0.0005548000335693359"><skipped message="Suite splitting in effect" type="pytest.skip">src/pymortests/operators.py:116: &lt;py._xmlgen.raw object at 0x7fb29d4afb38&gt;</skipped></testcase><testcase classname="src.pymortests.operators" file="src/pymortests/operators.py" line="116" name="test_apply2[&lt;lambda&gt;11]" time="0.0004203319549560547"><skipped message="Suite splitting in effect" type="pytest.skip">src/pymortests/operators.py:116: &lt;py._xmlgen.raw object at 0x7fb2a882d1d0&gt;</skipped></testcase><testcase classname="src.pymortests.operators" file="src/pymortests/operators.py" line="116" name="test_apply2[&lt;lambda&gt;12]" time="0.00041604042053222656"><skipped message="Suite splitting in effect" type="pytest.skip">src/pymortests/operators.py:116: &lt;py._xmlgen.raw object at 0x7fb29d4a4a20&gt;</skipped></testcase><testcase classname="src.pymortests.operators" file="src/pymortests/operators.py" line="116" name="test_apply2[&lt;lambda&gt;13]" time="0.00042557716369628906"><skipped message="Suite splitting in effect" type="pytest.skip">src/pymortests/operators.py:116: &lt;py._xmlgen.raw object at 0x7fb29d496a58&gt;</skipped></testcase><testcase classname="src.pymortests.operators" file="src/pymortests/operators.py" line="116" name="test_apply2[&lt;lambda&gt;14]" time="0.000446319580078125"><skipped message="Suite splitting in effect" type="pytest.skip">src/pymortests/operators.py:116: &lt;py._xmlgen.raw object at 0x7fb29d4c36d8&gt;</skipped></testcase><testcase classname="src.pymortests.operators" file="src/pymortests/operators.py" line="116" name="test_apply2[&lt;lambda&gt;15]" time="0.0007174015045166016"><skipped message="Suite splitting in effect" type="pytest.skip">src/pymortests/operators.py:116: &lt;py._xmlgen.raw object at 0x7fb29d496a58&gt;</skipped></testcase><testcase classname="src.pymortests.operators" file="src/pymortests/operators.py" line="116" name="test_apply2[&lt;lambda&gt;16]" time="0.0004444122314453125"><skipped message="Suite splitting in effect" type="pytest.skip">src/pymortests/operators.py:116: &lt;py._xmlgen.raw object at 0x7fb29d4a4f60&gt;</skipped></testcase><testcase classname="src.pymortests.operators" file="src/pymortests/operators.py" line="116" name="test_apply2[&lt;lambda&gt;17]" time="0.00041604042053222656"><skipped message="Suite splitting in effect" type="pytest.skip">src/pymortests/operators.py:116: &lt;py._xmlgen.raw object at 0x7fb29d4af358&gt;</skipped></testcase><testcase classname="src.pymortests.operators" file="src/pymortests/operators.py" line="116" name="test_apply2[&lt;lambda&gt;18]" time="0.0004291534423828125"><skipped message="Suite splitting in effect" type="pytest.skip">src/pymortests/operators.py:116: &lt;py._xmlgen.raw object at 0x7fb2a87cf710&gt;</skipped></testcase><testcase classname="src.pymortests.operators" file="src/pymortests/operators.py" line="116" name="test_apply2[&lt;lambda&gt;19]" time="0.00041675567626953125"><skipped message="Suite splitting in effect" type="pytest.skip">src/pymortests/operators.py:116: &lt;py._xmlgen.raw object at 0x7fb29d509438&gt;</skipped></testcase><testcase classname="src.pymortests.operators" file="src/pymortests/operators.py" line="116" name="test_apply2[&lt;lambda&gt;20]" time="0.0004074573516845703"><skipped message="Suite splitting in effect" type="pytest.skip">src/pymortests/operators.py:116: &lt;py._xmlgen.raw object at 0x7fb2a881d470&gt;</skipped></testcase><testcase classname="src.pymortests.operators" file="src/pymortests/operators.py" line="116" name="test_apply2[&lt;lambda&gt;21]" time="0.0004172325134277344"><skipped message="Suite splitting in effect" type="pytest.skip">src/pymortests/operators.py:116: &lt;py._xmlgen.raw object at 0x7fb29d4c38d0&gt;</skipped></testcase><testcase classname="src.pymortests.operators" file="src/pymortests/operators.py" line="116" name="test_apply2[&lt;lambda&gt;22]" time="0.0004150867462158203"><skipped message="Suite splitting in effect" type="pytest.skip">src/pymortests/operators.py:116: &lt;py._xmlgen.raw object at 0x7fb29d454198&gt;</skipped></testcase><testcase classname="src.pymortests.operators" file="src/pymortests/operators.py" line="116" name="test_apply2[&lt;lambda&gt;23]" time="0.0007257461547851562"><skipped message="Suite splitting in effect" type="pytest.skip">src/pymortests/operators.py:116: &lt;py._xmlgen.raw object at 0x7fb29d4546d8&gt;</skipped></testcase><testcase classname="src.pymortests.operators" file="src/pymortests/operators.py" line="116" name="test_apply2[&lt;lambda&gt;24]" time="0.0004508495330810547"><skipped message="Suite splitting in effect" type="pytest.skip">src/pymortests/operators.py:116: &lt;py._xmlgen.raw object at 0x7fb29d4c36a0&gt;</skipped></testcase><testcase classname="src.pymortests.operators" file="src/pymortests/operators.py" line="116" name="test_apply2[&lt;lambda&gt;25]" time="0.00048041343688964844"><skipped message="Suite splitting in effect" type="pytest.skip">src/pymortests/operators.py:116: &lt;py._xmlgen.raw object at 0x7fb29d4bb5c0&gt;</skipped></testcase><testcase classname="src.pymortests.operators" file="src/pymortests/operators.py" line="116" name="test_apply2[&lt;lambda&gt;26]" time="0.0004169940948486328"><skipped message="Suite splitting in effect" type="pytest.skip">src/pymortests/operators.py:116: &lt;py._xmlgen.raw object at 0x7fb2a87cf1d0&gt;</skipped></testcase><testcase classname="src.pymortests.operators" file="src/pymortests/operators.py" line="116" name="test_apply2[&lt;lambda&gt;27]" time="0.0004341602325439453"><skipped message="Suite splitting in effect" type="pytest.skip">src/pymortests/operators.py:116: &lt;py._xmlgen.raw object at 0x7fb2a87f2668&gt;</skipped></testcase><testcase classname="src.pymortests.operators" file="src/pymortests/operators.py" line="116" name="test_apply2[&lt;lambda&gt;28]" time="0.0004177093505859375"><skipped message="Suite splitting in effect" type="pytest.skip">src/pymortests/operators.py:116: &lt;py._xmlgen.raw object at 0x7fb29d4a47b8&gt;</skipped></testcase><testcase classname="src.pymortests.operators" file="src/pymortests/operators.py" line="116" name="test_apply2[&lt;lambda&gt;29]" time="0.00044918060302734375"><skipped message="Suite splitting in effect" type="pytest.skip">src/pymortests/operators.py:116: &lt;py._xmlgen.raw object at 0x7fb29d496be0&gt;</skipped></testcase><testcase classname="src.pymortests.operators" file="src/pymortests/operators.py" line="116" name="test_apply2[&lt;lambda&gt;30]" time="0.0004456043243408203"><skipped message="Suite splitting in effect" type="pytest.skip">src/pymortests/operators.py:116: &lt;py._xmlgen.raw object at 0x7fb29d454048&gt;</skipped></testcase><testcase classname="src.pymortests.operators" file="src/pymortests/operators.py" line="116" name="test_apply2[&lt;lambda&gt;31]" time="0.0007407665252685547"><skipped message="Suite splitting in effect" type="pytest.skip">src/pymortests/operators.py:116: &lt;py._xmlgen.raw object at 0x7fb29d454c18&gt;</skipped></testcase><testcase classname="src.pymortests.operators" file="src/pymortests/operators.py" line="116" name="test_apply2[&lt;lambda&gt;32]" time="0.0004260540008544922"><skipped message="Suite splitting in effect" type="pytest.skip">src/pymortests/operators.py:116: &lt;py._xmlgen.raw object at 0x7fb29d547748&gt;</skipped></testcase><testcase classname="src.pymortests.operators" file="src/pymortests/operators.py" line="116" name="test_apply2[&lt;lambda&gt;33]" time="0.00041961669921875"><skipped message="Suite splitting in effect" type="pytest.skip">src/pymortests/operators.py:116: &lt;py._xmlgen.raw object at 0x7fb2a87f2da0&gt;</skipped></testcase><testcase classname="src.pymortests.operators" file="src/pymortests/operators.py" line="116" name="test_apply2[&lt;lambda&gt;34]" time="0.0004513263702392578"><skipped message="Suite splitting in effect" type="pytest.skip">src/pymortests/operators.py:116: &lt;py._xmlgen.raw object at 0x7fb2a87cf1d0&gt;</skipped></testcase><testcase classname="src.pymortests.operators" file="src/pymortests/operators.py" line="116" name="test_apply2[&lt;lambda&gt;35]" time="0.00045680999755859375"><skipped message="Suite splitting in effect" type="pytest.skip">src/pymortests/operators.py:116: &lt;py._xmlgen.raw object at 0x7fb29d4bb5c0&gt;</skipped></testcase><testcase classname="src.pymortests.operators" file="src/pymortests/operators.py" line="116" name="test_apply2[&lt;lambda&gt;36]" time="0.0004267692565917969"><skipped message="Suite splitting in effect" type="pytest.skip">src/pymortests/operators.py:116: &lt;py._xmlgen.raw object at 0x7fb29d4c3d68&gt;</skipped></testcase><testcase classname="src.pymortests.operators" file="src/pymortests/operators.py" line="116" name="test_apply2[&lt;lambda&gt;37]" time="0.0004379749298095703"><skipped message="Suite splitting in effect" type="pytest.skip">src/pymortests/operators.py:116: &lt;py._xmlgen.raw object at 0x7fb29d4545f8&gt;</skipped></testcase><testcase classname="src.pymortests.operators" file="src/pymortests/operators.py" line="116" name="test_apply2[&lt;lambda&gt;38]" time="0.00042939186096191406"><skipped message="Suite splitting in effect" type="pytest.skip">src/pymortests/operators.py:116: &lt;py._xmlgen.raw object at 0x7fb29d454588&gt;</skipped></testcase><testcase classname="src.pymortests.operators" file="src/pymortests/operators.py" line="116" name="test_apply2[&lt;lambda&gt;39]" time="0.0004451274871826172"><skipped message="Suite splitting in effect" type="pytest.skip">src/pymortests/operators.py:116: &lt;py._xmlgen.raw object at 0x7fb29d45d278&gt;</skipped></testcase><testcase classname="src.pymortests.operators" file="src/pymortests/operators.py" line="116" name="test_apply2[&lt;lambda&gt;40]" time="0.0004508495330810547"><skipped message="Suite splitting in effect" type="pytest.skip">src/pymortests/operators.py:116: &lt;py._xmlgen.raw object at 0x7fb29d454b00&gt;</skipped></testcase><testcase classname="src.pymortests.operators" file="src/pymortests/operators.py" line="126" name="test_pairwise_apply2[&lt;lambda&gt;0]" time="0.00043654441833496094"><skipped message="Suite splitting in effect" type="pytest.skip">src/pymortests/operators.py:126: &lt;py._xmlgen.raw object at 0x7fb29d4c35c0&gt;</skipped></testcase><testcase classname="src.pymortests.operators" file="src/pymortests/operators.py" line="126" name="test_pairwise_apply2[&lt;lambda&gt;1]" time="0.00043702125549316406"><skipped message="Suite splitting in effect" type="pytest.skip">src/pymortests/operators.py:126: &lt;py._xmlgen.raw object at 0x7fb29d4bb828&gt;</skipped></testcase><testcase classname="src.pymortests.operators" file="src/pymortests/operators.py" line="126" name="test_pairwise_apply2[&lt;lambda&gt;2]" time="0.00043463706970214844"><skipped message="Suite splitting in effect" type="pytest.skip">src/pymortests/operators.py:126: &lt;py._xmlgen.raw object at 0x7fb2a8801128&gt;</skipped></testcase><testcase classname="src.pymortests.operators" file="src/pymortests/operators.py" line="126" name="test_pairwise_apply2[&lt;lambda&gt;3]" time="0.0004546642303466797"><skipped message="Suite splitting in effect" type="pytest.skip">src/pymortests/operators.py:126: &lt;py._xmlgen.raw object at 0x7fb2a87f2b00&gt;</skipped></testcase><testcase classname="src.pymortests.operators" file="src/pymortests/operators.py" line="126" name="test_pairwise_apply2[&lt;lambda&gt;4]" time="0.00043845176696777344"><skipped message="Suite splitting in effect" type="pytest.skip">src/pymortests/operators.py:126: &lt;py._xmlgen.raw object at 0x7fb2c37ff470&gt;</skipped></testcase><testcase classname="src.pymortests.operators" file="src/pymortests/operators.py" line="126" name="test_pairwise_apply2[&lt;lambda&gt;5]" time="0.0004265308380126953"><skipped message="Suite splitting in effect" type="pytest.skip">src/pymortests/operators.py:126: &lt;py._xmlgen.raw object at 0x7fb29d45d438&gt;</skipped></testcase><testcase classname="src.pymortests.operators" file="src/pymortests/operators.py" line="126" name="test_pairwise_apply2[&lt;lambda&gt;6]" time="0.0004413127899169922"><skipped message="Suite splitting in effect" type="pytest.skip">src/pymortests/operators.py:126: &lt;py._xmlgen.raw object at 0x7fb29d45d780&gt;</skipped></testcase><testcase classname="src.pymortests.operators" file="src/pymortests/operators.py" line="126" name="test_pairwise_apply2[&lt;lambda&gt;7]" time="0.0007202625274658203"><skipped message="Suite splitting in effect" type="pytest.skip">src/pymortests/operators.py:126: &lt;py._xmlgen.raw object at 0x7fb2c37ff470&gt;</skipped></testcase><testcase classname="src.pymortests.operators" file="src/pymortests/operators.py" line="126" name="test_pairwise_apply2[&lt;lambda&gt;8]" time="0.0004124641418457031"><skipped message="Suite splitting in effect" type="pytest.skip">src/pymortests/operators.py:126: &lt;py._xmlgen.raw object at 0x7fb29d509438&gt;</skipped></testcase><testcase classname="src.pymortests.operators" file="src/pymortests/operators.py" line="126" name="test_pairwise_apply2[&lt;lambda&gt;9]" time="0.00045990943908691406"><skipped message="Suite splitting in effect" type="pytest.skip">src/pymortests/operators.py:126: &lt;py._xmlgen.raw object at 0x7fb2a8801278&gt;</skipped></testcase><testcase classname="src.pymortests.operators" file="src/pymortests/operators.py" line="126" name="test_pairwise_apply2[&lt;lambda&gt;10]" time="0.0004334449768066406"><skipped message="Suite splitting in effect" type="pytest.skip">src/pymortests/operators.py:126: &lt;py._xmlgen.raw object at 0x7fb29d4c34e0&gt;</skipped></testcase><testcase classname="src.pymortests.operators" file="src/pymortests/operators.py" line="126" name="test_pairwise_apply2[&lt;lambda&gt;11]" time="0.0004241466522216797"><skipped message="Suite splitting in effect" type="pytest.skip">src/pymortests/operators.py:126: &lt;py._xmlgen.raw object at 0x7fb29d4545f8&gt;</skipped></testcase><testcase classname="src.pymortests.operators" file="src/pymortests/operators.py" line="126" name="test_pairwise_apply2[&lt;lambda&gt;12]" time="0.0005185604095458984"><skipped message="Suite splitting in effect" type="pytest.skip">src/pymortests/operators.py:126: &lt;py._xmlgen.raw object at 0x7fb29d454fd0&gt;</skipped></testcase><testcase classname="src.pymortests.operators" file="src/pymortests/operators.py" line="126" name="test_pairwise_apply2[&lt;lambda&gt;13]" time="0.0004169940948486328"><skipped message="Suite splitting in effect" type="pytest.skip">src/pymortests/operators.py:126: &lt;py._xmlgen.raw object at 0x7fb29d45d588&gt;</skipped></testcase><testcase classname="src.pymortests.operators" file="src/pymortests/operators.py" line="126" name="test_pairwise_apply2[&lt;lambda&gt;14]" time="0.0004553794860839844"><skipped message="Suite splitting in effect" type="pytest.skip">src/pymortests/operators.py:126: &lt;py._xmlgen.raw object at 0x7fb29d45dcc0&gt;</skipped></testcase><testcase classname="src.pymortests.operators" file="src/pymortests/operators.py" line="126" name="test_pairwise_apply2[&lt;lambda&gt;15]" time="0.0006778240203857422"><skipped message="Suite splitting in effect" type="pytest.skip">src/pymortests/operators.py:126: &lt;py._xmlgen.raw object at 0x7fb29d45dcf8&gt;</skipped></testcase><testcase classname="src.pymortests.operators" file="src/pymortests/operators.py" line="126" name="test_pairwise_apply2[&lt;lambda&gt;16]" time="0.00045180320739746094"><skipped message="Suite splitting in effect" type="pytest.skip">src/pymortests/operators.py:126: &lt;py._xmlgen.raw object at 0x7fb29d45d860&gt;</skipped></testcase><testcase classname="src.pymortests.operators" file="src/pymortests/operators.py" line="126" name="test_pairwise_apply2[&lt;lambda&gt;17]" time="0.000396728515625"><skipped message="Suite splitting in effect" type="pytest.skip">src/pymortests/operators.py:126: &lt;py._xmlgen.raw object at 0x7fb29d454048&gt;</skipped></testcase><testcase classname="src.pymortests.operators" file="src/pymortests/operators.py" line="126" name="test_pairwise_apply2[&lt;lambda&gt;18]" time="0.00044798851013183594"><skipped message="Suite splitting in effect" type="pytest.skip">src/pymortests/operators.py:126: &lt;py._xmlgen.raw object at 0x7fb29d4c35c0&gt;</skipped></testcase><testcase classname="src.pymortests.operators" file="src/pymortests/operators.py" line="126" name="test_pairwise_apply2[&lt;lambda&gt;19]" time="0.0004303455352783203"><skipped message="Suite splitting in effect" type="pytest.skip">src/pymortests/operators.py:126: &lt;py._xmlgen.raw object at 0x7fb29d4bb710&gt;</skipped></testcase><testcase classname="src.pymortests.operators" file="src/pymortests/operators.py" line="126" name="test_pairwise_apply2[&lt;lambda&gt;20]" time="0.0004661083221435547"><skipped message="Suite splitting in effect" type="pytest.skip">src/pymortests/operators.py:126: &lt;py._xmlgen.raw object at 0x7fb2a882dfd0&gt;</skipped></testcase><testcase classname="src.pymortests.operators" file="src/pymortests/operators.py" line="126" name="test_pairwise_apply2[&lt;lambda&gt;21]" time="0.0004534721374511719"><skipped message="Suite splitting in effect" type="pytest.skip">src/pymortests/operators.py:126: &lt;py._xmlgen.raw object at 0x7fb29d4afd30&gt;</skipped></testcase><testcase classname="src.pymortests.operators" file="src/pymortests/operators.py" line="126" name="test_pairwise_apply2[&lt;lambda&gt;22]" time="0.0004374980926513672"><skipped message="Suite splitting in effect" type="pytest.skip">src/pymortests/operators.py:126: &lt;py._xmlgen.raw object at 0x7fb29d4675c0&gt;</skipped></testcase><testcase classname="src.pymortests.operators" file="src/pymortests/operators.py" line="126" name="test_pairwise_apply2[&lt;lambda&gt;23]" time="0.000751495361328125"><skipped message="Suite splitting in effect" type="pytest.skip">src/pymortests/operators.py:126: &lt;py._xmlgen.raw object at 0x7fb29d467b00&gt;</skipped></testcase><testcase classname="src.pymortests.operators" file="src/pymortests/operators.py" line="126" name="test_pairwise_apply2[&lt;lambda&gt;24]" time="0.0004994869232177734"><skipped message="Suite splitting in effect" type="pytest.skip">src/pymortests/operators.py:126: &lt;py._xmlgen.raw object at 0x7fb2a8801278&gt;</skipped></testcase><testcase classname="src.pymortests.operators" file="src/pymortests/operators.py" line="126" name="test_pairwise_apply2[&lt;lambda&gt;25]" time="0.0004260540008544922"><skipped message="Suite splitting in effect" type="pytest.skip">src/pymortests/operators.py:126: &lt;py._xmlgen.raw object at 0x7fb2a8792ba8&gt;</skipped></testcase><testcase classname="src.pymortests.operators" file="src/pymortests/operators.py" line="126" name="test_pairwise_apply2[&lt;lambda&gt;26]" time="0.00044035911560058594"><skipped message="Suite splitting in effect" type="pytest.skip">src/pymortests/operators.py:126: &lt;py._xmlgen.raw object at 0x7fb29d454240&gt;</skipped></testcase><testcase classname="src.pymortests.operators" file="src/pymortests/operators.py" line="126" name="test_pairwise_apply2[&lt;lambda&gt;27]" time="0.0004546642303466797"><skipped message="Suite splitting in effect" type="pytest.skip">src/pymortests/operators.py:126: &lt;py._xmlgen.raw object at 0x7fb2a87a45c0&gt;</skipped></testcase><testcase classname="src.pymortests.operators" file="src/pymortests/operators.py" line="126" name="test_pairwise_apply2[&lt;lambda&gt;28]" time="0.00043487548828125"><skipped message="Suite splitting in effect" type="pytest.skip">src/pymortests/operators.py:126: &lt;py._xmlgen.raw object at 0x7fb29d45d320&gt;</skipped></testcase><testcase classname="src.pymortests.operators" file="src/pymortests/operators.py" line="126" name="test_pairwise_apply2[&lt;lambda&gt;29]" time="0.00045561790466308594"><skipped message="Suite splitting in effect" type="pytest.skip">src/pymortests/operators.py:126: &lt;py._xmlgen.raw object at 0x7fb29d4677b8&gt;</skipped></testcase><testcase classname="src.pymortests.operators" file="src/pymortests/operators.py" line="126" name="test_pairwise_apply2[&lt;lambda&gt;30]" time="0.00046181678771972656"><skipped message="Suite splitting in effect" type="pytest.skip">src/pymortests/operators.py:126: &lt;py._xmlgen.raw object at 0x7fb29d467470&gt;</skipped></testcase><testcase classname="src.pymortests.operators" file="src/pymortests/operators.py" line="126" name="test_pairwise_apply2[&lt;lambda&gt;31]" time="0.0007510185241699219"><skipped message="Suite splitting in effect" type="pytest.skip">src/pymortests/operators.py:126: &lt;py._xmlgen.raw object at 0x7fb29d471080&gt;</skipped></testcase><testcase classname="src.pymortests.operators" file="src/pymortests/operators.py" line="126" name="test_pairwise_apply2[&lt;lambda&gt;32]" time="0.00042319297790527344"><skipped message="Suite splitting in effect" type="pytest.skip">src/pymortests/operators.py:126: &lt;py._xmlgen.raw object at 0x7fb29d4676a0&gt;</skipped></testcase><testcase classname="src.pymortests.operators" file="src/pymortests/operators.py" line="126" name="test_pairwise_apply2[&lt;lambda&gt;33]" time="0.0004115104675292969"><skipped message="Suite splitting in effect" type="pytest.skip">src/pymortests/operators.py:126: &lt;py._xmlgen.raw object at 0x7fb29d45d3c8&gt;</skipped></testcase><testcase classname="src.pymortests.operators" file="src/pymortests/operators.py" line="126" name="test_pairwise_apply2[&lt;lambda&gt;34]" time="0.00044035911560058594"><skipped message="Suite splitting in effect" type="pytest.skip">src/pymortests/operators.py:126: &lt;py._xmlgen.raw object at 0x7fb2a87a4ba8&gt;</skipped></testcase><testcase classname="src.pymortests.operators" file="src/pymortests/operators.py" line="126" name="test_pairwise_apply2[&lt;lambda&gt;35]" time="0.000396728515625"><skipped message="Suite splitting in effect" type="pytest.skip">src/pymortests/operators.py:126: &lt;py._xmlgen.raw object at 0x7fb29d4f6dd8&gt;</skipped></testcase><testcase classname="src.pymortests.operators" file="src/pymortests/operators.py" line="126" name="test_pairwise_apply2[&lt;lambda&gt;36]" time="0.00041937828063964844"><skipped message="Suite splitting in effect" type="pytest.skip">src/pymortests/operators.py:126: &lt;py._xmlgen.raw object at 0x7fb29d4bb5f8&gt;</skipped></testcase><testcase classname="src.pymortests.operators" file="src/pymortests/operators.py" line="126" name="test_pairwise_apply2[&lt;lambda&gt;37]" time="0.0004971027374267578"><skipped message="Suite splitting in effect" type="pytest.skip">src/pymortests/operators.py:126: &lt;py._xmlgen.raw object at 0x7fb2a8801470&gt;</skipped></testcase><testcase classname="src.pymortests.operators" file="src/pymortests/operators.py" line="126" name="test_pairwise_apply2[&lt;lambda&gt;38]" time="0.00043201446533203125"><skipped message="Suite splitting in effect" type="pytest.skip">src/pymortests/operators.py:126: &lt;py._xmlgen.raw object at 0x7fb29d471198&gt;</skipped></testcase><testcase classname="src.pymortests.operators" file="src/pymortests/operators.py" line="126" name="test_pairwise_apply2[&lt;lambda&gt;39]" time="0.0004172325134277344"><skipped message="Suite splitting in effect" type="pytest.skip">src/pymortests/operators.py:126: &lt;py._xmlgen.raw object at 0x7fb29d4716a0&gt;</skipped></testcase><testcase classname="src.pymortests.operators" file="src/pymortests/operators.py" line="126" name="test_pairwise_apply2[&lt;lambda&gt;40]" time="0.00048065185546875"><skipped message="Suite splitting in effect" type="pytest.skip">src/pymortests/operators.py:126: &lt;py._xmlgen.raw object at 0x7fb2a8792860&gt;</skipped></testcase><testcase classname="src.pymortests.operators" file="src/pymortests/operators.py" line="135" name="test_apply_adjoint[&lt;lambda&gt;0]" time="0.0003936290740966797"><skipped message="Suite splitting in effect" type="pytest.skip">src/pymortests/operators.py:135: &lt;py._xmlgen.raw object at 0x7fb29d454a20&gt;</skipped></testcase><testcase classname="src.pymortests.operators" file="src/pymortests/operators.py" line="135" name="test_apply_adjoint[&lt;lambda&gt;1]" time="0.0004215240478515625"><skipped message="Suite splitting in effect" type="pytest.skip">src/pymortests/operators.py:135: &lt;py._xmlgen.raw object at 0x7fb2a87a4ef0&gt;</skipped></testcase><testcase classname="src.pymortests.operators" file="src/pymortests/operators.py" line="135" name="test_apply_adjoint[&lt;lambda&gt;2]" time="0.0004150867462158203"><skipped message="Suite splitting in effect" type="pytest.skip">src/pymortests/operators.py:135: &lt;py._xmlgen.raw object at 0x7fb29d45dcc0&gt;</skipped></testcase><testcase classname="src.pymortests.operators" file="src/pymortests/operators.py" line="135" name="test_apply_adjoint[&lt;lambda&gt;3]" time="0.00044918060302734375"><skipped message="Suite splitting in effect" type="pytest.skip">src/pymortests/operators.py:135: &lt;py._xmlgen.raw object at 0x7fb29d4678d0&gt;</skipped></testcase><testcase classname="src.pymortests.operators" file="src/pymortests/operators.py" line="135" name="test_apply_adjoint[&lt;lambda&gt;4]" time="0.0004334449768066406"><skipped message="Suite splitting in effect" type="pytest.skip">src/pymortests/operators.py:135: &lt;py._xmlgen.raw object at 0x7fb29d467be0&gt;</skipped></testcase><testcase classname="src.pymortests.operators" file="src/pymortests/operators.py" line="135" name="test_apply_adjoint[&lt;lambda&gt;5]" time="0.00043964385986328125"><skipped message="Suite splitting in effect" type="pytest.skip">src/pymortests/operators.py:135: &lt;py._xmlgen.raw object at 0x7fb29d471518&gt;</skipped></testcase><testcase classname="src.pymortests.operators" file="src/pymortests/operators.py" line="135" name="test_apply_adjoint[&lt;lambda&gt;6]" time="0.0004353523254394531"><skipped message="Suite splitting in effect" type="pytest.skip">src/pymortests/operators.py:135: &lt;py._xmlgen.raw object at 0x7fb29d471ba8&gt;</skipped></testcase><testcase classname="src.pymortests.operators" file="src/pymortests/operators.py" line="135" name="test_apply_adjoint[&lt;lambda&gt;7]" time="0.00047516822814941406"><skipped message="Suite splitting in effect" type="pytest.skip">src/pymortests/operators.py:135: &lt;py._xmlgen.raw object at 0x7fb2a87b4e48&gt;</skipped></testcase><testcase classname="src.pymortests.operators" file="src/pymortests/operators.py" line="135" name="test_apply_adjoint[&lt;lambda&gt;8]" time="0.00047850608825683594"><skipped message="Suite splitting in effect" type="pytest.skip">src/pymortests/operators.py:135: &lt;py._xmlgen.raw object at 0x7fb2c37ff1d0&gt;</skipped></testcase><testcase classname="src.pymortests.operators" file="src/pymortests/operators.py" line="135" name="test_apply_adjoint[&lt;lambda&gt;9]" time="0.0004210472106933594"><skipped message="Suite splitting in effect" type="pytest.skip">src/pymortests/operators.py:135: &lt;py._xmlgen.raw object at 0x7fb29d45dc88&gt;</skipped></testcase><testcase classname="src.pymortests.operators" file="src/pymortests/operators.py" line="135" name="test_apply_adjoint[&lt;lambda&gt;10]" time="0.0004801750183105469"><skipped message="Suite splitting in effect" type="pytest.skip">src/pymortests/operators.py:135: &lt;py._xmlgen.raw object at 0x7fb29d467e10&gt;</skipped></testcase><testcase classname="src.pymortests.operators" file="src/pymortests/operators.py" line="135" name="test_apply_adjoint[&lt;lambda&gt;11]" time="0.0004401206970214844"><skipped message="Suite splitting in effect" type="pytest.skip">src/pymortests/operators.py:135: &lt;py._xmlgen.raw object at 0x7fb29d4678d0&gt;</skipped></testcase><testcase classname="src.pymortests.operators" file="src/pymortests/operators.py" line="135" name="test_apply_adjoint[&lt;lambda&gt;12]" time="0.0004298686981201172"><skipped message="Suite splitting in effect" type="pytest.skip">src/pymortests/operators.py:135: &lt;py._xmlgen.raw object at 0x7fb29d52eda0&gt;</skipped></testcase><testcase classname="src.pymortests.operators" file="src/pymortests/operators.py" line="135" name="test_apply_adjoint[&lt;lambda&gt;13]" time="0.0004286766052246094"><skipped message="Suite splitting in effect" type="pytest.skip">src/pymortests/operators.py:135: &lt;py._xmlgen.raw object at 0x7fb2a8809710&gt;</skipped></testcase><testcase classname="src.pymortests.operators" file="src/pymortests/operators.py" line="135" name="test_apply_adjoint[&lt;lambda&gt;14]" time="0.0003993511199951172"><skipped message="Suite splitting in effect" type="pytest.skip">src/pymortests/operators.py:135: &lt;py._xmlgen.raw object at 0x7fb29d4c3320&gt;</skipped></testcase><testcase classname="src.pymortests.operators" file="src/pymortests/operators.py" line="135" name="test_apply_adjoint[&lt;lambda&gt;15]" time="0.0007708072662353516"><skipped message="Suite splitting in effect" type="pytest.skip">src/pymortests/operators.py:135: &lt;py._xmlgen.raw object at 0x7fb29d4c3278&gt;</skipped></testcase><testcase classname="src.pymortests.operators" file="src/pymortests/operators.py" line="135" name="test_apply_adjoint[&lt;lambda&gt;16]" time="0.0004208087921142578"><skipped message="Suite splitting in effect" type="pytest.skip">src/pymortests/operators.py:135: &lt;py._xmlgen.raw object at 0x7fb29d52e518&gt;</skipped></testcase><testcase classname="src.pymortests.operators" file="src/pymortests/operators.py" line="135" name="test_apply_adjoint[&lt;lambda&gt;17]" time="0.00042319297790527344"><skipped message="Suite splitting in effect" type="pytest.skip">src/pymortests/operators.py:135: &lt;py._xmlgen.raw object at 0x7fb29d4676a0&gt;</skipped></testcase><testcase classname="src.pymortests.operators" file="src/pymortests/operators.py" line="135" name="test_apply_adjoint[&lt;lambda&gt;18]" time="0.0004200935363769531"><skipped message="Suite splitting in effect" type="pytest.skip">src/pymortests/operators.py:135: &lt;py._xmlgen.raw object at 0x7fb29d45dbe0&gt;</skipped></testcase><testcase classname="src.pymortests.operators" file="src/pymortests/operators.py" line="135" name="test_apply_adjoint[&lt;lambda&gt;19]" time="0.0005002021789550781"><skipped message="Suite splitting in effect" type="pytest.skip">src/pymortests/operators.py:135: &lt;py._xmlgen.raw object at 0x7fb29d4afd30&gt;</skipped></testcase><testcase classname="src.pymortests.operators" file="src/pymortests/operators.py" line="135" name="test_apply_adjoint[&lt;lambda&gt;20]" time="0.0004394054412841797"><skipped message="Suite splitting in effect" type="pytest.skip">src/pymortests/operators.py:135: &lt;py._xmlgen.raw object at 0x7fb2a87b4da0&gt;</skipped></testcase><testcase classname="src.pymortests.operators" file="src/pymortests/operators.py" line="135" name="test_apply_adjoint[&lt;lambda&gt;21]" time="0.00043272972106933594"><skipped message="Suite splitting in effect" type="pytest.skip">src/pymortests/operators.py:135: &lt;py._xmlgen.raw object at 0x7fb2a87a4cf8&gt;</skipped></testcase><testcase classname="src.pymortests.operators" file="src/pymortests/operators.py" line="135" name="test_apply_adjoint[&lt;lambda&gt;22]" time="0.00041985511779785156"><skipped message="Suite splitting in effect" type="pytest.skip">src/pymortests/operators.py:135: &lt;py._xmlgen.raw object at 0x7fb29d4717f0&gt;</skipped></testcase><testcase classname="src.pymortests.operators" file="src/pymortests/operators.py" line="135" name="test_apply_adjoint[&lt;lambda&gt;23]" time="0.0004639625549316406"><skipped message="Suite splitting in effect" type="pytest.skip">src/pymortests/operators.py:135: &lt;py._xmlgen.raw object at 0x7fb29d524518&gt;</skipped></testcase><testcase classname="src.pymortests.operators" file="src/pymortests/operators.py" line="135" name="test_apply_adjoint[&lt;lambda&gt;24]" time="0.0004291534423828125"><skipped message="Suite splitting in effect" type="pytest.skip">src/pymortests/operators.py:135: &lt;py._xmlgen.raw object at 0x7fb2a87477b8&gt;</skipped></testcase><testcase classname="src.pymortests.operators" file="src/pymortests/operators.py" line="135" name="test_apply_adjoint[&lt;lambda&gt;25]" time="0.000415802001953125"><skipped message="Suite splitting in effect" type="pytest.skip">src/pymortests/operators.py:135: &lt;py._xmlgen.raw object at 0x7fb29d4bb5f8&gt;</skipped></testcase><testcase classname="src.pymortests.operators" file="src/pymortests/operators.py" line="135" name="test_apply_adjoint[&lt;lambda&gt;26]" time="0.0004489421844482422"><skipped message="Suite splitting in effect" type="pytest.skip">src/pymortests/operators.py:135: &lt;py._xmlgen.raw object at 0x7fb29d45dc88&gt;</skipped></testcase><testcase classname="src.pymortests.operators" file="src/pymortests/operators.py" line="135" name="test_apply_adjoint[&lt;lambda&gt;27]" time="0.0004410743713378906"><skipped message="Suite splitting in effect" type="pytest.skip">src/pymortests/operators.py:135: &lt;py._xmlgen.raw object at 0x7fb29d4679e8&gt;</skipped></testcase><testcase classname="src.pymortests.operators" file="src/pymortests/operators.py" line="135" name="test_apply_adjoint[&lt;lambda&gt;28]" time="0.0005309581756591797"><skipped message="Suite splitting in effect" type="pytest.skip">src/pymortests/operators.py:135: &lt;py._xmlgen.raw object at 0x7fb29d4542b0&gt;</skipped></testcase><testcase classname="src.pymortests.operators" file="src/pymortests/operators.py" line="135" name="test_apply_adjoint[&lt;lambda&gt;29]" time="0.00048232078552246094"><skipped message="Suite splitting in effect" type="pytest.skip">src/pymortests/operators.py:135: &lt;py._xmlgen.raw object at 0x7fb29d471be0&gt;</skipped></testcase><testcase classname="src.pymortests.operators" file="src/pymortests/operators.py" line="135" name="test_apply_adjoint[&lt;lambda&gt;30]" time="0.0004715919494628906"><skipped message="Suite splitting in effect" type="pytest.skip">src/pymortests/operators.py:135: &lt;py._xmlgen.raw object at 0x7fb29d471080&gt;</skipped></testcase><testcase classname="src.pymortests.operators" file="src/pymortests/operators.py" line="135" name="test_apply_adjoint[&lt;lambda&gt;31]" time="0.0009810924530029297"><skipped message="Suite splitting in effect" type="pytest.skip">src/pymortests/operators.py:135: &lt;py._xmlgen.raw object at 0x7fb29d47e2e8&gt;</skipped></testcase><testcase classname="src.pymortests.operators" file="src/pymortests/operators.py" line="135" name="test_apply_adjoint[&lt;lambda&gt;32]" time="0.0003960132598876953"><skipped message="Suite splitting in effect" type="pytest.skip">src/pymortests/operators.py:135: &lt;py._xmlgen.raw object at 0x7fb29d467940&gt;</skipped></testcase><testcase classname="src.pymortests.operators" file="src/pymortests/operators.py" line="135" name="test_apply_adjoint[&lt;lambda&gt;33]" time="0.0004105567932128906"><skipped message="Suite splitting in effect" type="pytest.skip">src/pymortests/operators.py:135: &lt;py._xmlgen.raw object at 0x7fb29d467f28&gt;</skipped></testcase><testcase classname="src.pymortests.operators" file="src/pymortests/operators.py" line="135" name="test_apply_adjoint[&lt;lambda&gt;34]" time="0.0004467964172363281"><skipped message="Suite splitting in effect" type="pytest.skip">src/pymortests/operators.py:135: &lt;py._xmlgen.raw object at 0x7fb2a87f23c8&gt;</skipped></testcase><testcase classname="src.pymortests.operators" file="src/pymortests/operators.py" line="135" name="test_apply_adjoint[&lt;lambda&gt;35]" time="0.0004134178161621094"><skipped message="Suite splitting in effect" type="pytest.skip">src/pymortests/operators.py:135: &lt;py._xmlgen.raw object at 0x7fb2a87a4e48&gt;</skipped></testcase><testcase classname="src.pymortests.operators" file="src/pymortests/operators.py" line="135" name="test_apply_adjoint[&lt;lambda&gt;36]" time="0.00046896934509277344"><skipped message="Suite splitting in effect" type="pytest.skip">src/pymortests/operators.py:135: &lt;py._xmlgen.raw object at 0x7fb2a87477b8&gt;</skipped></testcase><testcase classname="src.pymortests.operators" file="src/pymortests/operators.py" line="135" name="test_apply_adjoint[&lt;lambda&gt;37]" time="0.0004467964172363281"><skipped message="Suite splitting in effect" type="pytest.skip">src/pymortests/operators.py:135: &lt;py._xmlgen.raw object at 0x7fb29d471cc0&gt;</skipped></testcase><testcase classname="src.pymortests.operators" file="src/pymortests/operators.py" line="135" name="test_apply_adjoint[&lt;lambda&gt;38]" time="0.00042247772216796875"><skipped message="Suite splitting in effect" type="pytest.skip">src/pymortests/operators.py:135: &lt;py._xmlgen.raw object at 0x7fb29d47e0b8&gt;</skipped></testcase><testcase classname="src.pymortests.operators" file="src/pymortests/operators.py" line="135" name="test_apply_adjoint[&lt;lambda&gt;39]" time="0.00041961669921875"><skipped message="Suite splitting in effect" type="pytest.skip">src/pymortests/operators.py:135: &lt;py._xmlgen.raw object at 0x7fb29d47e828&gt;</skipped></testcase><testcase classname="src.pymortests.operators" file="src/pymortests/operators.py" line="135" name="test_apply_adjoint[&lt;lambda&gt;40]" time="0.0004191398620605469"><skipped message="Suite splitting in effect" type="pytest.skip">src/pymortests/operators.py:135: &lt;py._xmlgen.raw object at 0x7fb29d471ef0&gt;</skipped></testcase><testcase classname="src.pymortests.operators" file="src/pymortests/operators.py" line="151" name="test_apply_adjoint_2[&lt;lambda&gt;0]" time="0.0004391670227050781"><skipped message="Suite splitting in effect" type="pytest.skip">src/pymortests/operators.py:151: &lt;py._xmlgen.raw object at 0x7fb2a87471d0&gt;</skipped></testcase><testcase classname="src.pymortests.operators" file="src/pymortests/operators.py" line="151" name="test_apply_adjoint_2[&lt;lambda&gt;1]" time="0.0004684925079345703"><skipped message="Suite splitting in effect" type="pytest.skip">src/pymortests/operators.py:151: &lt;py._xmlgen.raw object at 0x7fb2a87f2a58&gt;</skipped></testcase><testcase classname="src.pymortests.operators" file="src/pymortests/operators.py" line="151" name="test_apply_adjoint_2[&lt;lambda&gt;2]" time="0.00040221214294433594"><skipped message="Suite splitting in effect" type="pytest.skip">src/pymortests/operators.py:151: &lt;py._xmlgen.raw object at 0x7fb29d467080&gt;</skipped></testcase><testcase classname="src.pymortests.operators" file="src/pymortests/operators.py" line="151" name="test_apply_adjoint_2[&lt;lambda&gt;3]" time="0.00044417381286621094"><skipped message="Suite splitting in effect" type="pytest.skip">src/pymortests/operators.py:151: &lt;py._xmlgen.raw object at 0x7fb2a8756710&gt;</skipped></testcase><testcase classname="src.pymortests.operators" file="src/pymortests/operators.py" line="151" name="test_apply_adjoint_2[&lt;lambda&gt;4]" time="0.0004208087921142578"><skipped message="Suite splitting in effect" type="pytest.skip">src/pymortests/operators.py:151: &lt;py._xmlgen.raw object at 0x7fb29d454d30&gt;</skipped></testcase><testcase classname="src.pymortests.operators" file="src/pymortests/operators.py" line="151" name="test_apply_adjoint_2[&lt;lambda&gt;5]" time="0.0004706382751464844"><skipped message="Suite splitting in effect" type="pytest.skip">src/pymortests/operators.py:151: &lt;py._xmlgen.raw object at 0x7fb29d47e6d8&gt;</skipped></testcase><testcase classname="src.pymortests.operators" file="src/pymortests/operators.py" line="151" name="test_apply_adjoint_2[&lt;lambda&gt;6]" time="0.0004496574401855469"><skipped message="Suite splitting in effect" type="pytest.skip">src/pymortests/operators.py:151: &lt;py._xmlgen.raw object at 0x7fb29d47ed30&gt;</skipped></testcase><testcase classname="src.pymortests.operators" file="src/pymortests/operators.py" line="151" name="test_apply_adjoint_2[&lt;lambda&gt;7]" time="0.0007698535919189453"><skipped message="Suite splitting in effect" type="pytest.skip">src/pymortests/operators.py:151: &lt;py._xmlgen.raw object at 0x7fb2a8756320&gt;</skipped></testcase><testcase classname="src.pymortests.operators" file="src/pymortests/operators.py" line="151" name="test_apply_adjoint_2[&lt;lambda&gt;8]" time="0.0005004405975341797"><skipped message="Suite splitting in effect" type="pytest.skip">src/pymortests/operators.py:151: &lt;py._xmlgen.raw object at 0x7fb2a8768710&gt;</skipped></testcase><testcase classname="src.pymortests.operators" file="src/pymortests/operators.py" line="151" name="test_apply_adjoint_2[&lt;lambda&gt;9]" time="0.0005052089691162109"><skipped message="Suite splitting in effect" type="pytest.skip">src/pymortests/operators.py:151: &lt;py._xmlgen.raw object at 0x7fb2a87f2a58&gt;</skipped></testcase><testcase classname="src.pymortests.operators" file="src/pymortests/operators.py" line="151" name="test_apply_adjoint_2[&lt;lambda&gt;10]" time="0.00040721893310546875"><skipped message="Suite splitting in effect" type="pytest.skip">src/pymortests/operators.py:151: &lt;py._xmlgen.raw object at 0x7fb29d4f6c50&gt;</skipped></testcase><testcase classname="src.pymortests.operators" file="src/pymortests/operators.py" line="151" name="test_apply_adjoint_2[&lt;lambda&gt;11]" time="0.00048041343688964844"><skipped message="Suite splitting in effect" type="pytest.skip">src/pymortests/operators.py:151: &lt;py._xmlgen.raw object at 0x7fb29d471f98&gt;</skipped></testcase><testcase classname="src.pymortests.operators" file="src/pymortests/operators.py" line="151" name="test_apply_adjoint_2[&lt;lambda&gt;12]" time="0.0004489421844482422"><skipped message="Suite splitting in effect" type="pytest.skip">src/pymortests/operators.py:151: &lt;py._xmlgen.raw object at 0x7fb29d47ecf8&gt;</skipped></testcase><testcase classname="src.pymortests.operators" file="src/pymortests/operators.py" line="151" name="test_apply_adjoint_2[&lt;lambda&gt;13]" time="0.00045752525329589844"><skipped message="Suite splitting in effect" type="pytest.skip">src/pymortests/operators.py:151: &lt;py._xmlgen.raw object at 0x7fb29d47e908&gt;</skipped></testcase><testcase classname="src.pymortests.operators" file="src/pymortests/operators.py" line="151" name="test_apply_adjoint_2[&lt;lambda&gt;14]" time="0.00044989585876464844"><skipped message="Suite splitting in effect" type="pytest.skip">src/pymortests/operators.py:151: &lt;py._xmlgen.raw object at 0x7fb29d48c2b0&gt;</skipped></testcase><testcase classname="src.pymortests.operators" file="src/pymortests/operators.py" line="151" name="test_apply_adjoint_2[&lt;lambda&gt;15]" time="0.0007138252258300781"><skipped message="Suite splitting in effect" type="pytest.skip">src/pymortests/operators.py:151: &lt;py._xmlgen.raw object at 0x7fb29d47e438&gt;</skipped></testcase><testcase classname="src.pymortests.operators" file="src/pymortests/operators.py" line="151" name="test_apply_adjoint_2[&lt;lambda&gt;16]" time="0.0004754066467285156"><skipped message="Suite splitting in effect" type="pytest.skip">src/pymortests/operators.py:151: &lt;py._xmlgen.raw object at 0x7fb29d47ee48&gt;</skipped></testcase><testcase classname="src.pymortests.operators" file="src/pymortests/operators.py" line="151" name="test_apply_adjoint_2[&lt;lambda&gt;17]" time="0.00042891502380371094"><skipped message="Suite splitting in effect" type="pytest.skip">src/pymortests/operators.py:151: &lt;py._xmlgen.raw object at 0x7fb2a8747278&gt;</skipped></testcase><testcase classname="src.pymortests.operators" file="src/pymortests/operators.py" line="151" name="test_apply_adjoint_2[&lt;lambda&gt;18]" time="0.00041961669921875"><skipped message="Suite splitting in effect" type="pytest.skip">src/pymortests/operators.py:151: &lt;py._xmlgen.raw object at 0x7fb2a87a4e48&gt;</skipped></testcase><testcase classname="src.pymortests.operators" file="src/pymortests/operators.py" line="151" name="test_apply_adjoint_2[&lt;lambda&gt;19]" time="0.00045299530029296875"><skipped message="Suite splitting in effect" type="pytest.skip">src/pymortests/operators.py:151: &lt;py._xmlgen.raw object at 0x7fb2a8768e48&gt;</skipped></testcase><testcase classname="src.pymortests.operators" file="src/pymortests/operators.py" line="151" name="test_apply_adjoint_2[&lt;lambda&gt;20]" time="0.0003991127014160156"><skipped message="Suite splitting in effect" type="pytest.skip">src/pymortests/operators.py:151: &lt;py._xmlgen.raw object at 0x7fb29d467e10&gt;</skipped></testcase><testcase classname="src.pymortests.operators" file="src/pymortests/operators.py" line="151" name="test_apply_adjoint_2[&lt;lambda&gt;21]" time="0.0004248619079589844"><skipped message="Suite splitting in effect" type="pytest.skip">src/pymortests/operators.py:151: &lt;py._xmlgen.raw object at 0x7fb29d48c0f0&gt;</skipped></testcase><testcase classname="src.pymortests.operators" file="src/pymortests/operators.py" line="151" name="test_apply_adjoint_2[&lt;lambda&gt;22]" time="0.00044465065002441406"><skipped message="Suite splitting in effect" type="pytest.skip">src/pymortests/operators.py:151: &lt;py._xmlgen.raw object at 0x7fb29d48cb70&gt;</skipped></testcase><testcase classname="src.pymortests.operators" file="src/pymortests/operators.py" line="151" name="test_apply_adjoint_2[&lt;lambda&gt;23]" time="0.0007460117340087891"><skipped message="Suite splitting in effect" type="pytest.skip">src/pymortests/operators.py:151: &lt;py._xmlgen.raw object at 0x7fb29d4120f0&gt;</skipped></testcase><testcase classname="src.pymortests.operators" file="src/pymortests/operators.py" line="151" name="test_apply_adjoint_2[&lt;lambda&gt;24]" time="0.0004229545593261719"><skipped message="Suite splitting in effect" type="pytest.skip">src/pymortests/operators.py:151: &lt;py._xmlgen.raw object at 0x7fb29d48cf60&gt;</skipped></testcase><testcase classname="src.pymortests.operators" file="src/pymortests/operators.py" line="151" name="test_apply_adjoint_2[&lt;lambda&gt;25]" time="0.00042438507080078125"><skipped message="Suite splitting in effect" type="pytest.skip">src/pymortests/operators.py:151: &lt;py._xmlgen.raw object at 0x7fb29d48c128&gt;</skipped></testcase><testcase classname="src.pymortests.operators" file="src/pymortests/operators.py" line="151" name="test_apply_adjoint_2[&lt;lambda&gt;26]" time="0.00046443939208984375"><skipped message="Suite splitting in effect" type="pytest.skip">src/pymortests/operators.py:151: &lt;py._xmlgen.raw object at 0x7fb2a8768a58&gt;</skipped></testcase><testcase classname="src.pymortests.operators" file="src/pymortests/operators.py" line="151" name="test_apply_adjoint_2[&lt;lambda&gt;27]" time="0.0004100799560546875"><skipped message="Suite splitting in effect" type="pytest.skip">src/pymortests/operators.py:151: &lt;py._xmlgen.raw object at 0x7fb29d45df98&gt;</skipped></testcase><testcase classname="src.pymortests.operators" file="src/pymortests/operators.py" line="151" name="test_apply_adjoint_2[&lt;lambda&gt;28]" time="0.0004222393035888672"><skipped message="Suite splitting in effect" type="pytest.skip">src/pymortests/operators.py:151: &lt;py._xmlgen.raw object at 0x7fb2a8747ef0&gt;</skipped></testcase><testcase classname="src.pymortests.operators" file="src/pymortests/operators.py" line="151" name="test_apply_adjoint_2[&lt;lambda&gt;29]" time="0.0004942417144775391"><skipped message="Suite splitting in effect" type="pytest.skip">src/pymortests/operators.py:151: &lt;py._xmlgen.raw object at 0x7fb29d47ea58&gt;</skipped></testcase><testcase classname="src.pymortests.operators" file="src/pymortests/operators.py" line="151" name="test_apply_adjoint_2[&lt;lambda&gt;30]" time="0.000499725341796875"><skipped message="Suite splitting in effect" type="pytest.skip">src/pymortests/operators.py:151: &lt;py._xmlgen.raw object at 0x7fb29d47efd0&gt;</skipped></testcase><testcase classname="src.pymortests.operators" file="src/pymortests/operators.py" line="151" name="test_apply_adjoint_2[&lt;lambda&gt;31]" time="0.0008752346038818359"><skipped message="Suite splitting in effect" type="pytest.skip">src/pymortests/operators.py:151: &lt;py._xmlgen.raw object at 0x7fb29d412630&gt;</skipped></testcase><testcase classname="src.pymortests.operators" file="src/pymortests/operators.py" line="151" name="test_apply_adjoint_2[&lt;lambda&gt;32]" time="0.0004634857177734375"><skipped message="Suite splitting in effect" type="pytest.skip">src/pymortests/operators.py:151: &lt;py._xmlgen.raw object at 0x7fb29d471f98&gt;</skipped></testcase><testcase classname="src.pymortests.operators" file="src/pymortests/operators.py" line="151" name="test_apply_adjoint_2[&lt;lambda&gt;33]" time="0.0004222393035888672"><skipped message="Suite splitting in effect" type="pytest.skip">src/pymortests/operators.py:151: &lt;py._xmlgen.raw object at 0x7fb2a87a4ef0&gt;</skipped></testcase><testcase classname="src.pymortests.operators" file="src/pymortests/operators.py" line="151" name="test_apply_adjoint_2[&lt;lambda&gt;34]" time="0.0004303455352783203"><skipped message="Suite splitting in effect" type="pytest.skip">src/pymortests/operators.py:151: &lt;py._xmlgen.raw object at 0x7fb2a8768cf8&gt;</skipped></testcase><testcase classname="src.pymortests.operators" file="src/pymortests/operators.py" line="151" name="test_apply_adjoint_2[&lt;lambda&gt;35]" time="0.00042438507080078125"><skipped message="Suite splitting in effect" type="pytest.skip">src/pymortests/operators.py:151: &lt;py._xmlgen.raw object at 0x7fb2a8779710&gt;</skipped></testcase><testcase classname="src.pymortests.operators" file="src/pymortests/operators.py" line="151" name="test_apply_adjoint_2[&lt;lambda&gt;36]" time="0.0004246234893798828"><skipped message="Suite splitting in effect" type="pytest.skip">src/pymortests/operators.py:151: &lt;py._xmlgen.raw object at 0x7fb29d48c860&gt;</skipped></testcase><testcase classname="src.pymortests.operators" file="src/pymortests/operators.py" line="151" name="test_apply_adjoint_2[&lt;lambda&gt;37]" time="0.0004143714904785156"><skipped message="Suite splitting in effect" type="pytest.skip">src/pymortests/operators.py:151: &lt;py._xmlgen.raw object at 0x7fb2a8756a90&gt;</skipped></testcase><testcase classname="src.pymortests.operators" file="src/pymortests/operators.py" line="151" name="test_apply_adjoint_2[&lt;lambda&gt;38]" time="0.00042438507080078125"><skipped message="Suite splitting in effect" type="pytest.skip">src/pymortests/operators.py:151: &lt;py._xmlgen.raw object at 0x7fb29d4124e0&gt;</skipped></testcase><testcase classname="src.pymortests.operators" file="src/pymortests/operators.py" line="151" name="test_apply_adjoint_2[&lt;lambda&gt;39]" time="0.00046896934509277344"><skipped message="Suite splitting in effect" type="pytest.skip">src/pymortests/operators.py:151: &lt;py._xmlgen.raw object at 0x7fb29d412c50&gt;</skipped></testcase><testcase classname="src.pymortests.operators" file="src/pymortests/operators.py" line="151" name="test_apply_adjoint_2[&lt;lambda&gt;40]" time="0.00042557716369628906"><skipped message="Suite splitting in effect" type="pytest.skip">src/pymortests/operators.py:151: &lt;py._xmlgen.raw object at 0x7fb29d48c780&gt;</skipped></testcase><testcase classname="src.pymortests.operators" file="src/pymortests/operators.py" line="162" name="test_H[&lt;lambda&gt;0]" time="0.00042557716369628906"><skipped message="Suite splitting in effect" type="pytest.skip">src/pymortests/operators.py:162: &lt;py._xmlgen.raw object at 0x7fb29d467ba8&gt;</skipped></testcase><testcase classname="src.pymortests.operators" file="src/pymortests/operators.py" line="162" name="test_H[&lt;lambda&gt;1]" time="0.0004203319549560547"><skipped message="Suite splitting in effect" type="pytest.skip">src/pymortests/operators.py:162: &lt;py._xmlgen.raw object at 0x7fb29d45d668&gt;</skipped></testcase><testcase classname="src.pymortests.operators" file="src/pymortests/operators.py" line="162" name="test_H[&lt;lambda&gt;2]" time="0.00048828125"><skipped message="Suite splitting in effect" type="pytest.skip">src/pymortests/operators.py:162: &lt;py._xmlgen.raw object at 0x7fb2a8747278&gt;</skipped></testcase><testcase classname="src.pymortests.operators" file="src/pymortests/operators.py" line="162" name="test_H[&lt;lambda&gt;3]" time="0.0004680156707763672"><skipped message="Suite splitting in effect" type="pytest.skip">src/pymortests/operators.py:162: &lt;py._xmlgen.raw object at 0x7fb29d47edd8&gt;</skipped></testcase><testcase classname="src.pymortests.operators" file="src/pymortests/operators.py" line="162" name="test_H[&lt;lambda&gt;4]" time="0.00044798851013183594"><skipped message="Suite splitting in effect" type="pytest.skip">src/pymortests/operators.py:162: &lt;py._xmlgen.raw object at 0x7fb29d412c18&gt;</skipped></testcase><testcase classname="src.pymortests.operators" file="src/pymortests/operators.py" line="162" name="test_H[&lt;lambda&gt;5]" time="0.0004527568817138672"><skipped message="Suite splitting in effect" type="pytest.skip">src/pymortests/operators.py:162: &lt;py._xmlgen.raw object at 0x7fb29d412748&gt;</skipped></testcase><testcase classname="src.pymortests.operators" file="src/pymortests/operators.py" line="162" name="test_H[&lt;lambda&gt;6]" time="0.00042057037353515625"><skipped message="Suite splitting in effect" type="pytest.skip">src/pymortests/operators.py:162: &lt;py._xmlgen.raw object at 0x7fb29d41e198&gt;</skipped></testcase><testcase classname="src.pymortests.operators" file="src/pymortests/operators.py" line="162" name="test_H[&lt;lambda&gt;7]" time="0.0007681846618652344"><skipped message="Suite splitting in effect" type="pytest.skip">src/pymortests/operators.py:162: &lt;py._xmlgen.raw object at 0x7fb29d412748&gt;</skipped></testcase><testcase classname="src.pymortests.operators" file="src/pymortests/operators.py" line="162" name="test_H[&lt;lambda&gt;8]" time="0.0004284381866455078"><skipped message="Suite splitting in effect" type="pytest.skip">src/pymortests/operators.py:162: &lt;py._xmlgen.raw object at 0x7fb29d47ebe0&gt;</skipped></testcase><testcase classname="src.pymortests.operators" file="src/pymortests/operators.py" line="162" name="test_H[&lt;lambda&gt;9]" time="0.0004467964172363281"><skipped message="Suite splitting in effect" type="pytest.skip">src/pymortests/operators.py:162: &lt;py._xmlgen.raw object at 0x7fb29d471f98&gt;</skipped></testcase><testcase classname="src.pymortests.operators" file="src/pymortests/operators.py" line="162" name="test_H[&lt;lambda&gt;10]" time="0.0004863739013671875"><skipped message="Suite splitting in effect" type="pytest.skip">src/pymortests/operators.py:162: &lt;py._xmlgen.raw object at 0x7fb2a87f2a58&gt;</skipped></testcase><testcase classname="src.pymortests.operators" file="src/pymortests/operators.py" line="162" name="test_H[&lt;lambda&gt;11]" time="0.0004410743713378906"><skipped message="Suite splitting in effect" type="pytest.skip">src/pymortests/operators.py:162: &lt;py._xmlgen.raw object at 0x7fb2a8706ba8&gt;</skipped></testcase><testcase classname="src.pymortests.operators" file="src/pymortests/operators.py" line="162" name="test_H[&lt;lambda&gt;12]" time="0.0004544258117675781"><skipped message="Suite splitting in effect" type="pytest.skip">src/pymortests/operators.py:162: &lt;py._xmlgen.raw object at 0x7fb29d48ca58&gt;</skipped></testcase><testcase classname="src.pymortests.operators" file="src/pymortests/operators.py" line="162" name="test_H[&lt;lambda&gt;13]" time="0.0004451274871826172"><skipped message="Suite splitting in effect" type="pytest.skip">src/pymortests/operators.py:162: &lt;py._xmlgen.raw object at 0x7fb29d41e0b8&gt;</skipped></testcase><testcase classname="src.pymortests.operators" file="src/pymortests/operators.py" line="162" name="test_H[&lt;lambda&gt;14]" time="0.00043010711669921875"><skipped message="Suite splitting in effect" type="pytest.skip">src/pymortests/operators.py:162: &lt;py._xmlgen.raw object at 0x7fb29d41e6d8&gt;</skipped></testcase><testcase classname="src.pymortests.operators" file="src/pymortests/operators.py" line="162" name="test_H[&lt;lambda&gt;15]" time="0.0007536411285400391"><skipped message="Suite splitting in effect" type="pytest.skip">src/pymortests/operators.py:162: &lt;py._xmlgen.raw object at 0x7fb2a881def0&gt;</skipped></testcase><testcase classname="src.pymortests.operators" file="src/pymortests/operators.py" line="162" name="test_H[&lt;lambda&gt;16]" time="0.0004267692565917969"><skipped message="Suite splitting in effect" type="pytest.skip">src/pymortests/operators.py:162: &lt;py._xmlgen.raw object at 0x7fb29d467ba8&gt;</skipped></testcase><testcase classname="src.pymortests.operators" file="src/pymortests/operators.py" line="162" name="test_H[&lt;lambda&gt;17]" time="0.00044536590576171875"><skipped message="Suite splitting in effect" type="pytest.skip">src/pymortests/operators.py:162: &lt;py._xmlgen.raw object at 0x7fb2a8779320&gt;</skipped></testcase><testcase classname="src.pymortests.operators" file="src/pymortests/operators.py" line="162" name="test_H[&lt;lambda&gt;18]" time="0.0004191398620605469"><skipped message="Suite splitting in effect" type="pytest.skip">src/pymortests/operators.py:162: &lt;py._xmlgen.raw object at 0x7fb2a87a4e48&gt;</skipped></testcase><testcase classname="src.pymortests.operators" file="src/pymortests/operators.py" line="162" name="test_H[&lt;lambda&gt;19]" time="0.0004968643188476562"><skipped message="Suite splitting in effect" type="pytest.skip">src/pymortests/operators.py:162: &lt;py._xmlgen.raw object at 0x7fb29d47ec18&gt;</skipped></testcase><testcase classname="src.pymortests.operators" file="src/pymortests/operators.py" line="162" name="test_H[&lt;lambda&gt;20]" time="0.0004470348358154297"><skipped message="Suite splitting in effect" type="pytest.skip">src/pymortests/operators.py:162: &lt;py._xmlgen.raw object at 0x7fb29d4126a0&gt;</skipped></testcase><testcase classname="src.pymortests.operators" file="src/pymortests/operators.py" line="162" name="test_H[&lt;lambda&gt;21]" time="0.0004496574401855469"><skipped message="Suite splitting in effect" type="pytest.skip">src/pymortests/operators.py:162: &lt;py._xmlgen.raw object at 0x7fb29d41e198&gt;</skipped></testcase><testcase classname="src.pymortests.operators" file="src/pymortests/operators.py" line="162" name="test_H[&lt;lambda&gt;22]" time="0.0004405975341796875"><skipped message="Suite splitting in effect" type="pytest.skip">src/pymortests/operators.py:162: &lt;py._xmlgen.raw object at 0x7fb29d41ef98&gt;</skipped></testcase><testcase classname="src.pymortests.operators" file="src/pymortests/operators.py" line="162" name="test_H[&lt;lambda&gt;23]" time="0.0004436969757080078"><skipped message="Suite splitting in effect" type="pytest.skip">src/pymortests/operators.py:162: &lt;py._xmlgen.raw object at 0x7fb2a8801b00&gt;</skipped></testcase><testcase classname="src.pymortests.operators" file="src/pymortests/operators.py" line="162" name="test_H[&lt;lambda&gt;24]" time="0.0004565715789794922"><skipped message="Suite splitting in effect" type="pytest.skip">src/pymortests/operators.py:162: &lt;py._xmlgen.raw object at 0x7fb2a87799b0&gt;</skipped></testcase><testcase classname="src.pymortests.operators" file="src/pymortests/operators.py" line="162" name="test_H[&lt;lambda&gt;25]" time="0.0004451274871826172"><skipped message="Suite splitting in effect" type="pytest.skip">src/pymortests/operators.py:162: &lt;py._xmlgen.raw object at 0x7fb29d41ef60&gt;</skipped></testcase><testcase classname="src.pymortests.operators" file="src/pymortests/operators.py" line="162" name="test_H[&lt;lambda&gt;26]" time="0.0004837512969970703"><skipped message="Suite splitting in effect" type="pytest.skip">src/pymortests/operators.py:162: &lt;py._xmlgen.raw object at 0x7fb29d41e080&gt;</skipped></testcase><testcase classname="src.pymortests.operators" file="src/pymortests/operators.py" line="162" name="test_H[&lt;lambda&gt;27]" time="0.0004229545593261719"><skipped message="Suite splitting in effect" type="pytest.skip">src/pymortests/operators.py:162: &lt;py._xmlgen.raw object at 0x7fb29d41ea20&gt;</skipped></testcase><testcase classname="src.pymortests.operators" file="src/pymortests/operators.py" line="162" name="test_H[&lt;lambda&gt;28]" time="0.00041866302490234375"><skipped message="Suite splitting in effect" type="pytest.skip">src/pymortests/operators.py:162: &lt;py._xmlgen.raw object at 0x7fb29d412c88&gt;</skipped></testcase><testcase classname="src.pymortests.operators" file="src/pymortests/operators.py" line="162" name="test_H[&lt;lambda&gt;29]" time="0.0004169940948486328"><skipped message="Suite splitting in effect" type="pytest.skip">src/pymortests/operators.py:162: &lt;py._xmlgen.raw object at 0x7fb29d4120b8&gt;</skipped></testcase><testcase classname="src.pymortests.operators" file="src/pymortests/operators.py" line="162" name="test_H[&lt;lambda&gt;30]" time="0.0004303455352783203"><skipped message="Suite splitting in effect" type="pytest.skip">src/pymortests/operators.py:162: &lt;py._xmlgen.raw object at 0x7fb29d48c8d0&gt;</skipped></testcase><testcase classname="src.pymortests.operators" file="src/pymortests/operators.py" line="162" name="test_H[&lt;lambda&gt;31]" time="0.0005221366882324219"><skipped message="Suite splitting in effect" type="pytest.skip">src/pymortests/operators.py:162: &lt;py._xmlgen.raw object at 0x7fb29d47e710&gt;</skipped></testcase><testcase classname="src.pymortests.operators" file="src/pymortests/operators.py" line="162" name="test_H[&lt;lambda&gt;32]" time="0.00044035911560058594"><skipped message="Suite splitting in effect" type="pytest.skip">src/pymortests/operators.py:162: &lt;py._xmlgen.raw object at 0x7fb29d48cf98&gt;</skipped></testcase><testcase classname="src.pymortests.operators" file="src/pymortests/operators.py" line="162" name="test_H[&lt;lambda&gt;33]" time="0.00048422813415527344"><skipped message="Suite splitting in effect" type="pytest.skip">src/pymortests/operators.py:162: &lt;py._xmlgen.raw object at 0x7fb29d412e80&gt;</skipped></testcase><testcase classname="src.pymortests.operators" file="src/pymortests/operators.py" line="162" name="test_H[&lt;lambda&gt;34]" time="0.0005238056182861328"><skipped message="Suite splitting in effect" type="pytest.skip">src/pymortests/operators.py:162: &lt;py._xmlgen.raw object at 0x7fb29d4129b0&gt;</skipped></testcase><testcase classname="src.pymortests.operators" file="src/pymortests/operators.py" line="162" name="test_H[&lt;lambda&gt;35]" time="0.0004315376281738281"><skipped message="Suite splitting in effect" type="pytest.skip">src/pymortests/operators.py:162: &lt;py._xmlgen.raw object at 0x7fb29d41e860&gt;</skipped></testcase><testcase classname="src.pymortests.operators" file="src/pymortests/operators.py" line="162" name="test_H[&lt;lambda&gt;36]" time="0.0004992485046386719"><skipped message="Suite splitting in effect" type="pytest.skip">src/pymortests/operators.py:162: &lt;py._xmlgen.raw object at 0x7fb29d41efd0&gt;</skipped></testcase><testcase classname="src.pymortests.operators" file="src/pymortests/operators.py" line="162" name="test_H[&lt;lambda&gt;37]" time="0.0004355907440185547"><skipped message="Suite splitting in effect" type="pytest.skip">src/pymortests/operators.py:162: &lt;py._xmlgen.raw object at 0x7fb2a871d128&gt;</skipped></testcase><testcase classname="src.pymortests.operators" file="src/pymortests/operators.py" line="162" name="test_H[&lt;lambda&gt;38]" time="0.0004253387451171875"><skipped message="Suite splitting in effect" type="pytest.skip">src/pymortests/operators.py:162: &lt;py._xmlgen.raw object at 0x7fb2a8768a58&gt;</skipped></testcase><testcase classname="src.pymortests.operators" file="src/pymortests/operators.py" line="162" name="test_H[&lt;lambda&gt;39]" time="0.0004138946533203125"><skipped message="Suite splitting in effect" type="pytest.skip">src/pymortests/operators.py:162: &lt;py._xmlgen.raw object at 0x7fb2a8747fd0&gt;</skipped></testcase><testcase classname="src.pymortests.operators" file="src/pymortests/operators.py" line="162" name="test_H[&lt;lambda&gt;40]" time="0.0007393360137939453"><skipped message="Suite splitting in effect" type="pytest.skip">src/pymortests/operators.py:162: &lt;py._xmlgen.raw object at 0x7fb29d45d7b8&gt;</skipped></testcase><testcase classname="src.pymortests.operators" file="src/pymortests/operators.py" line="173" name="test_apply_inverse[&lt;lambda&gt;0]" time="0.00045228004455566406"><skipped message="Suite splitting in effect" type="pytest.skip">src/pymortests/operators.py:173: &lt;py._xmlgen.raw object at 0x7fb2a871dcf8&gt;</skipped></testcase><testcase classname="src.pymortests.operators" file="src/pymortests/operators.py" line="173" name="test_apply_inverse[&lt;lambda&gt;1]" time="0.0004405975341796875"><skipped message="Suite splitting in effect" type="pytest.skip">src/pymortests/operators.py:173: &lt;py._xmlgen.raw object at 0x7fb29d41e940&gt;</skipped></testcase><testcase classname="src.pymortests.operators" file="src/pymortests/operators.py" line="173" name="test_apply_inverse[&lt;lambda&gt;2]" time="0.0004839897155761719"><skipped message="Suite splitting in effect" type="pytest.skip">src/pymortests/operators.py:173: &lt;py._xmlgen.raw object at 0x7fb29d41e4e0&gt;</skipped></testcase><testcase classname="src.pymortests.operators" file="src/pymortests/operators.py" line="173" name="test_apply_inverse[&lt;lambda&gt;3]" time="0.0004572868347167969"><skipped message="Suite splitting in effect" type="pytest.skip">src/pymortests/operators.py:173: &lt;py._xmlgen.raw object at 0x7fb29d412f98&gt;</skipped></testcase><testcase classname="src.pymortests.operators" file="src/pymortests/operators.py" line="173" name="test_apply_inverse[&lt;lambda&gt;4]" time="0.0005166530609130859"><skipped message="Suite splitting in effect" type="pytest.skip">src/pymortests/operators.py:173: &lt;py._xmlgen.raw object at 0x7fb29d4546a0&gt;</skipped></testcase><testcase classname="src.pymortests.operators" file="src/pymortests/operators.py" line="173" name="test_apply_inverse[&lt;lambda&gt;5]" time="0.000499725341796875"><skipped message="Suite splitting in effect" type="pytest.skip">src/pymortests/operators.py:173: &lt;py._xmlgen.raw object at 0x7fb29d48c630&gt;</skipped></testcase><testcase classname="src.pymortests.operators" file="src/pymortests/operators.py" line="173" name="test_apply_inverse[&lt;lambda&gt;6]" time="0.0004723072052001953"><skipped message="Suite splitting in effect" type="pytest.skip">src/pymortests/operators.py:173: &lt;py._xmlgen.raw object at 0x7fb2a883ab00&gt;</skipped></testcase><testcase classname="src.pymortests.operators" file="src/pymortests/operators.py" line="173" name="test_apply_inverse[&lt;lambda&gt;7]" time="0.0007681846618652344"><skipped message="Suite splitting in effect" type="pytest.skip">src/pymortests/operators.py:173: &lt;py._xmlgen.raw object at 0x7fb29d471ef0&gt;</skipped></testcase><testcase classname="src.pymortests.operators" file="src/pymortests/operators.py" line="173" name="test_apply_inverse[&lt;lambda&gt;8]" time="0.00047278404235839844"><skipped message="Suite splitting in effect" type="pytest.skip">src/pymortests/operators.py:173: &lt;py._xmlgen.raw object at 0x7fb29d48c358&gt;</skipped></testcase><testcase classname="src.pymortests.operators" file="src/pymortests/operators.py" line="173" name="test_apply_inverse[&lt;lambda&gt;9]" time="0.0004248619079589844"><skipped message="Suite splitting in effect" type="pytest.skip">src/pymortests/operators.py:173: &lt;py._xmlgen.raw object at 0x7fb29d412898&gt;</skipped></testcase><testcase classname="src.pymortests.operators" file="src/pymortests/operators.py" line="173" name="test_apply_inverse[&lt;lambda&gt;10]" time="0.0004372596740722656"><skipped message="Suite splitting in effect" type="pytest.skip">src/pymortests/operators.py:173: &lt;py._xmlgen.raw object at 0x7fb2a873e518&gt;</skipped></testcase><testcase classname="src.pymortests.operators" file="src/pymortests/operators.py" line="173" name="test_apply_inverse[&lt;lambda&gt;11]" time="0.0004317760467529297"><skipped message="Suite splitting in effect" type="pytest.skip">src/pymortests/operators.py:173: &lt;py._xmlgen.raw object at 0x7fb29d41e240&gt;</skipped></testcase><testcase classname="src.pymortests.operators" file="src/pymortests/operators.py" line="173" name="test_apply_inverse[&lt;lambda&gt;12]" time="0.00041747093200683594"><skipped message="Suite splitting in effect" type="pytest.skip">src/pymortests/operators.py:173: &lt;py._xmlgen.raw object at 0x7fb2a8706f98&gt;</skipped></testcase><testcase classname="src.pymortests.operators" file="src/pymortests/operators.py" line="173" name="test_apply_inverse[&lt;lambda&gt;13]" time="0.0004405975341796875"><skipped message="Suite splitting in effect" type="pytest.skip">src/pymortests/operators.py:173: &lt;py._xmlgen.raw object at 0x7fb2a8779320&gt;</skipped></testcase><testcase classname="src.pymortests.operators" file="src/pymortests/operators.py" line="173" name="test_apply_inverse[&lt;lambda&gt;14]" time="0.00041985511779785156"><skipped message="Suite splitting in effect" type="pytest.skip">src/pymortests/operators.py:173: &lt;py._xmlgen.raw object at 0x7fb29d42b860&gt;</skipped></testcase><testcase classname="src.pymortests.operators" file="src/pymortests/operators.py" line="173" name="test_apply_inverse[&lt;lambda&gt;15]" time="0.0007236003875732422"><skipped message="Suite splitting in effect" type="pytest.skip">src/pymortests/operators.py:173: &lt;py._xmlgen.raw object at 0x7fb29d42bda0&gt;</skipped></testcase><testcase classname="src.pymortests.operators" file="src/pymortests/operators.py" line="173" name="test_apply_inverse[&lt;lambda&gt;16]" time="0.00044846534729003906"><skipped message="Suite splitting in effect" type="pytest.skip">src/pymortests/operators.py:173: &lt;py._xmlgen.raw object at 0x7fb29d47e978&gt;</skipped></testcase><testcase classname="src.pymortests.operators" file="src/pymortests/operators.py" line="173" name="test_apply_inverse[&lt;lambda&gt;17]" time="0.00041985511779785156"><skipped message="Suite splitting in effect" type="pytest.skip">src/pymortests/operators.py:173: &lt;py._xmlgen.raw object at 0x7fb29d41eda0&gt;</skipped></testcase><testcase classname="src.pymortests.operators" file="src/pymortests/operators.py" line="173" name="test_apply_inverse[&lt;lambda&gt;18]" time="0.0004379749298095703"><skipped message="Suite splitting in effect" type="pytest.skip">src/pymortests/operators.py:173: &lt;py._xmlgen.raw object at 0x7fb29d412710&gt;</skipped></testcase><testcase classname="src.pymortests.operators" file="src/pymortests/operators.py" line="173" name="test_apply_inverse[&lt;lambda&gt;19]" time="0.0004191398620605469"><skipped message="Suite splitting in effect" type="pytest.skip">src/pymortests/operators.py:173: &lt;py._xmlgen.raw object at 0x7fb29d454fd0&gt;</skipped></testcase><testcase classname="src.pymortests.operators" file="src/pymortests/operators.py" line="173" name="test_apply_inverse[&lt;lambda&gt;20]" time="0.00045990943908691406"><skipped message="Suite splitting in effect" type="pytest.skip">src/pymortests/operators.py:173: &lt;py._xmlgen.raw object at 0x7fb2a883ab00&gt;</skipped></testcase><testcase classname="src.pymortests.operators" file="src/pymortests/operators.py" line="173" name="test_apply_inverse[&lt;lambda&gt;21]" time="0.00045943260192871094"><skipped message="Suite splitting in effect" type="pytest.skip">src/pymortests/operators.py:173: &lt;py._xmlgen.raw object at 0x7fb29d42bb00&gt;</skipped></testcase><testcase classname="src.pymortests.operators" file="src/pymortests/operators.py" line="173" name="test_apply_inverse[&lt;lambda&gt;22]" time="0.0004258155822753906"><skipped message="Suite splitting in effect" type="pytest.skip">src/pymortests/operators.py:173: &lt;py._xmlgen.raw object at 0x7fb29d42b748&gt;</skipped></testcase><testcase classname="src.pymortests.operators" file="src/pymortests/operators.py" line="173" name="test_apply_inverse[&lt;lambda&gt;23]" time="0.0007295608520507812"><skipped message="Suite splitting in effect" type="pytest.skip">src/pymortests/operators.py:173: &lt;py._xmlgen.raw object at 0x7fb29d43d320&gt;</skipped></testcase><testcase classname="src.pymortests.operators" file="src/pymortests/operators.py" line="173" name="test_apply_inverse[&lt;lambda&gt;24]" time="0.0004911422729492188"><skipped message="Suite splitting in effect" type="pytest.skip">src/pymortests/operators.py:173: &lt;py._xmlgen.raw object at 0x7fb29d42b940&gt;</skipped></testcase><testcase classname="src.pymortests.operators" file="src/pymortests/operators.py" line="173" name="test_apply_inverse[&lt;lambda&gt;25]" time="0.0004355907440185547"><skipped message="Suite splitting in effect" type="pytest.skip">src/pymortests/operators.py:173: &lt;py._xmlgen.raw object at 0x7fb29d4a4898&gt;</skipped></testcase><testcase classname="src.pymortests.operators" file="src/pymortests/operators.py" line="173" name="test_apply_inverse[&lt;lambda&gt;26]" time="0.0004267692565917969"><skipped message="Suite splitting in effect" type="pytest.skip">src/pymortests/operators.py:173: &lt;py._xmlgen.raw object at 0x7fb29d4c3278&gt;</skipped></testcase><testcase classname="src.pymortests.operators" file="src/pymortests/operators.py" line="173" name="test_apply_inverse[&lt;lambda&gt;27]" time="0.00044274330139160156"><skipped message="Suite splitting in effect" type="pytest.skip">src/pymortests/operators.py:173: &lt;py._xmlgen.raw object at 0x7fb2a873e518&gt;</skipped></testcase><testcase classname="src.pymortests.operators" file="src/pymortests/operators.py" line="173" name="test_apply_inverse[&lt;lambda&gt;28]" time="0.000457763671875"><skipped message="Suite splitting in effect" type="pytest.skip">src/pymortests/operators.py:173: &lt;py._xmlgen.raw object at 0x7fb29d41e0b8&gt;</skipped></testcase><testcase classname="src.pymortests.operators" file="src/pymortests/operators.py" line="173" name="test_apply_inverse[&lt;lambda&gt;29]" time="0.0004954338073730469"><skipped message="Suite splitting in effect" type="pytest.skip">src/pymortests/operators.py:173: &lt;py._xmlgen.raw object at 0x7fb2a871dba8&gt;</skipped></testcase><testcase classname="src.pymortests.operators" file="src/pymortests/operators.py" line="173" name="test_apply_inverse[&lt;lambda&gt;30]" time="0.00042510032653808594"><skipped message="Suite splitting in effect" type="pytest.skip">src/pymortests/operators.py:173: &lt;py._xmlgen.raw object at 0x7fb29d43d160&gt;</skipped></testcase><testcase classname="src.pymortests.operators" file="src/pymortests/operators.py" line="173" name="test_apply_inverse[&lt;lambda&gt;31]" time="0.0004565715789794922"><skipped message="Suite splitting in effect" type="pytest.skip">src/pymortests/operators.py:173: &lt;py._xmlgen.raw object at 0x7fb29d43d940&gt;</skipped></testcase><testcase classname="src.pymortests.operators" file="src/pymortests/operators.py" line="173" name="test_apply_inverse[&lt;lambda&gt;32]" time="0.0005884170532226562"><skipped message="Suite splitting in effect" type="pytest.skip">src/pymortests/operators.py:173: &lt;py._xmlgen.raw object at 0x7fb2a871d7b8&gt;</skipped></testcase><testcase classname="src.pymortests.operators" file="src/pymortests/operators.py" line="173" name="test_apply_inverse[&lt;lambda&gt;33]" time="0.0005223751068115234"><skipped message="Suite splitting in effect" type="pytest.skip">src/pymortests/operators.py:173: &lt;py._xmlgen.raw object at 0x7fb2a873e860&gt;</skipped></testcase><testcase classname="src.pymortests.operators" file="src/pymortests/operators.py" line="173" name="test_apply_inverse[&lt;lambda&gt;34]" time="0.0004987716674804688"><skipped message="Suite splitting in effect" type="pytest.skip">src/pymortests/operators.py:173: &lt;py._xmlgen.raw object at 0x7fb2a872b518&gt;</skipped></testcase><testcase classname="src.pymortests.operators" file="src/pymortests/operators.py" line="173" name="test_apply_inverse[&lt;lambda&gt;35]" time="0.00044918060302734375"><skipped message="Suite splitting in effect" type="pytest.skip">src/pymortests/operators.py:173: &lt;py._xmlgen.raw object at 0x7fb29d471978&gt;</skipped></testcase><testcase classname="src.pymortests.operators" file="src/pymortests/operators.py" line="173" name="test_apply_inverse[&lt;lambda&gt;36]" time="0.0004024505615234375"><skipped message="Suite splitting in effect" type="pytest.skip">src/pymortests/operators.py:173: &lt;py._xmlgen.raw object at 0x7fb29d42b470&gt;</skipped></testcase><testcase classname="src.pymortests.operators" file="src/pymortests/operators.py" line="173" name="test_apply_inverse[&lt;lambda&gt;37]" time="0.0004780292510986328"><skipped message="Suite splitting in effect" type="pytest.skip">src/pymortests/operators.py:173: &lt;py._xmlgen.raw object at 0x7fb29d43da58&gt;</skipped></testcase><testcase classname="src.pymortests.operators" file="src/pymortests/operators.py" line="173" name="test_apply_inverse[&lt;lambda&gt;38]" time="0.0004298686981201172"><skipped message="Suite splitting in effect" type="pytest.skip">src/pymortests/operators.py:173: &lt;py._xmlgen.raw object at 0x7fb29d43d198&gt;</skipped></testcase><testcase classname="src.pymortests.operators" file="src/pymortests/operators.py" line="173" name="test_apply_inverse[&lt;lambda&gt;39]" time="0.0004703998565673828"><skipped message="Suite splitting in effect" type="pytest.skip">src/pymortests/operators.py:173: &lt;py._xmlgen.raw object at 0x7fb29d43de48&gt;</skipped></testcase><testcase classname="src.pymortests.operators" file="src/pymortests/operators.py" line="173" name="test_apply_inverse[&lt;lambda&gt;40]" time="0.0008246898651123047"><skipped message="Suite splitting in effect" type="pytest.skip">src/pymortests/operators.py:173: &lt;py._xmlgen.raw object at 0x7fb29d43dc88&gt;</skipped></testcase><testcase classname="src.pymortests.operators" file="src/pymortests/operators.py" line="186" name="test_apply_inverse_adjoint[&lt;lambda&gt;0]" time="0.0004994869232177734"><skipped message="Suite splitting in effect" type="pytest.skip">src/pymortests/operators.py:186: &lt;py._xmlgen.raw object at 0x7fb29d43d9b0&gt;</skipped></testcase><testcase classname="src.pymortests.operators" file="src/pymortests/operators.py" line="186" name="test_apply_inverse_adjoint[&lt;lambda&gt;1]" time="0.0004956722259521484"><skipped message="Suite splitting in effect" type="pytest.skip">src/pymortests/operators.py:186: &lt;py._xmlgen.raw object at 0x7fb29d42ba58&gt;</skipped></testcase><testcase classname="src.pymortests.operators" file="src/pymortests/operators.py" line="186" name="test_apply_inverse_adjoint[&lt;lambda&gt;2]" time="0.0004515647888183594"><skipped message="Suite splitting in effect" type="pytest.skip">src/pymortests/operators.py:186: &lt;py._xmlgen.raw object at 0x7fb29d48c278&gt;</skipped></testcase><testcase classname="src.pymortests.operators" file="src/pymortests/operators.py" line="186" name="test_apply_inverse_adjoint[&lt;lambda&gt;3]" time="0.0005030632019042969"><skipped message="Suite splitting in effect" type="pytest.skip">src/pymortests/operators.py:186: &lt;py._xmlgen.raw object at 0x7fb29d412f98&gt;</skipped></testcase><testcase classname="src.pymortests.operators" file="src/pymortests/operators.py" line="186" name="test_apply_inverse_adjoint[&lt;lambda&gt;4]" time="0.0004093647003173828"><skipped message="Suite splitting in effect" type="pytest.skip">src/pymortests/operators.py:186: &lt;py._xmlgen.raw object at 0x7fb29d41e470&gt;</skipped></testcase><testcase classname="src.pymortests.operators" file="src/pymortests/operators.py" line="186" name="test_apply_inverse_adjoint[&lt;lambda&gt;5]" time="0.0004181861877441406"><skipped message="Suite splitting in effect" type="pytest.skip">src/pymortests/operators.py:186: &lt;py._xmlgen.raw object at 0x7fb29d47e978&gt;</skipped></testcase><testcase classname="src.pymortests.operators" file="src/pymortests/operators.py" line="186" name="test_apply_inverse_adjoint[&lt;lambda&gt;6]" time="0.0004780292510986328"><skipped message="Suite splitting in effect" type="pytest.skip">src/pymortests/operators.py:186: &lt;py._xmlgen.raw object at 0x7fb29d4433c8&gt;</skipped></testcase><testcase classname="src.pymortests.operators" file="src/pymortests/operators.py" line="186" name="test_apply_inverse_adjoint[&lt;lambda&gt;7]" time="0.0007658004760742188"><skipped message="Suite splitting in effect" type="pytest.skip">src/pymortests/operators.py:186: &lt;py._xmlgen.raw object at 0x7fb2a87f2a58&gt;</skipped></testcase><testcase classname="src.pymortests.operators" file="src/pymortests/operators.py" line="186" name="test_apply_inverse_adjoint[&lt;lambda&gt;8]" time="0.00044345855712890625"><skipped message="Suite splitting in effect" type="pytest.skip">src/pymortests/operators.py:186: &lt;py._xmlgen.raw object at 0x7fb2a873eda0&gt;</skipped></testcase><testcase classname="src.pymortests.operators" file="src/pymortests/operators.py" line="186" name="test_apply_inverse_adjoint[&lt;lambda&gt;9]" time="0.0004830360412597656"><skipped message="Suite splitting in effect" type="pytest.skip">src/pymortests/operators.py:186: &lt;py._xmlgen.raw object at 0x7fb2a883ab00&gt;</skipped></testcase><testcase classname="src.pymortests.operators" file="src/pymortests/operators.py" line="186" name="test_apply_inverse_adjoint[&lt;lambda&gt;10]" time="0.0004100799560546875"><skipped message="Suite splitting in effect" type="pytest.skip">src/pymortests/operators.py:186: &lt;py._xmlgen.raw object at 0x7fb29d42b940&gt;</skipped></testcase><testcase classname="src.pymortests.operators" file="src/pymortests/operators.py" line="186" name="test_apply_inverse_adjoint[&lt;lambda&gt;11]" time="0.0004172325134277344"><skipped message="Suite splitting in effect" type="pytest.skip">src/pymortests/operators.py:186: &lt;py._xmlgen.raw object at 0x7fb2a86cd3c8&gt;</skipped></testcase><testcase classname="src.pymortests.operators" file="src/pymortests/operators.py" line="186" name="test_apply_inverse_adjoint[&lt;lambda&gt;12]" time="0.0004036426544189453"><skipped message="Suite splitting in effect" type="pytest.skip">src/pymortests/operators.py:186: &lt;py._xmlgen.raw object at 0x7fb29d43d6d8&gt;</skipped></testcase><testcase classname="src.pymortests.operators" file="src/pymortests/operators.py" line="186" name="test_apply_inverse_adjoint[&lt;lambda&gt;13]" time="0.00044536590576171875"><skipped message="Suite splitting in effect" type="pytest.skip">src/pymortests/operators.py:186: &lt;py._xmlgen.raw object at 0x7fb29d443208&gt;</skipped></testcase><testcase classname="src.pymortests.operators" file="src/pymortests/operators.py" line="186" name="test_apply_inverse_adjoint[&lt;lambda&gt;14]" time="0.0004982948303222656"><skipped message="Suite splitting in effect" type="pytest.skip">src/pymortests/operators.py:186: &lt;py._xmlgen.raw object at 0x7fb29d443c88&gt;</skipped></testcase><testcase classname="src.pymortests.operators" file="src/pymortests/operators.py" line="186" name="test_apply_inverse_adjoint[&lt;lambda&gt;15]" time="0.0007519721984863281"><skipped message="Suite splitting in effect" type="pytest.skip">src/pymortests/operators.py:186: &lt;py._xmlgen.raw object at 0x7fb29d44d208&gt;</skipped></testcase><testcase classname="src.pymortests.operators" file="src/pymortests/operators.py" line="186" name="test_apply_inverse_adjoint[&lt;lambda&gt;16]" time="0.00043582916259765625"><skipped message="Suite splitting in effect" type="pytest.skip">src/pymortests/operators.py:186: &lt;py._xmlgen.raw object at 0x7fb29d443a58&gt;</skipped></testcase><testcase classname="src.pymortests.operators" file="src/pymortests/operators.py" line="186" name="test_apply_inverse_adjoint[&lt;lambda&gt;17]" time="0.00044155120849609375"><skipped message="Suite splitting in effect" type="pytest.skip">src/pymortests/operators.py:186: &lt;py._xmlgen.raw object at 0x7fb29d43d7f0&gt;</skipped></testcase><testcase classname="src.pymortests.operators" file="src/pymortests/operators.py" line="186" name="test_apply_inverse_adjoint[&lt;lambda&gt;18]" time="0.0004317760467529297"><skipped message="Suite splitting in effect" type="pytest.skip">src/pymortests/operators.py:186: &lt;py._xmlgen.raw object at 0x7fb2a86cd128&gt;</skipped></testcase><testcase classname="src.pymortests.operators" file="src/pymortests/operators.py" line="186" name="test_apply_inverse_adjoint[&lt;lambda&gt;19]" time="0.0004787445068359375"><skipped message="Suite splitting in effect" type="pytest.skip">src/pymortests/operators.py:186: &lt;py._xmlgen.raw object at 0x7fb29d42b550&gt;</skipped></testcase><testcase classname="src.pymortests.operators" file="src/pymortests/operators.py" line="186" name="test_apply_inverse_adjoint[&lt;lambda&gt;20]" time="0.0004467964172363281"><skipped message="Suite splitting in effect" type="pytest.skip">src/pymortests/operators.py:186: &lt;py._xmlgen.raw object at 0x7fb2a883ab00&gt;</skipped></testcase><testcase classname="src.pymortests.operators" file="src/pymortests/operators.py" line="186" name="test_apply_inverse_adjoint[&lt;lambda&gt;21]" time="0.0004286766052246094"><skipped message="Suite splitting in effect" type="pytest.skip">src/pymortests/operators.py:186: &lt;py._xmlgen.raw object at 0x7fb29d41eb38&gt;</skipped></testcase><testcase classname="src.pymortests.operators" file="src/pymortests/operators.py" line="186" name="test_apply_inverse_adjoint[&lt;lambda&gt;22]" time="0.0004601478576660156"><skipped message="Suite splitting in effect" type="pytest.skip">src/pymortests/operators.py:186: &lt;py._xmlgen.raw object at 0x7fb29d44d080&gt;</skipped></testcase><testcase classname="src.pymortests.operators" file="src/pymortests/operators.py" line="186" name="test_apply_inverse_adjoint[&lt;lambda&gt;23]" time="0.0010120868682861328"><skipped message="Suite splitting in effect" type="pytest.skip">src/pymortests/operators.py:186: &lt;py._xmlgen.raw object at 0x7fb29d44d748&gt;</skipped></testcase><testcase classname="src.pymortests.operators" file="src/pymortests/operators.py" line="186" name="test_apply_inverse_adjoint[&lt;lambda&gt;24]" time="0.0004298686981201172"><skipped message="Suite splitting in effect" type="pytest.skip">src/pymortests/operators.py:186: &lt;py._xmlgen.raw object at 0x7fb29d412978&gt;</skipped></testcase><testcase classname="src.pymortests.operators" file="src/pymortests/operators.py" line="186" name="test_apply_inverse_adjoint[&lt;lambda&gt;25]" time="0.00044035911560058594"><skipped message="Suite splitting in effect" type="pytest.skip">src/pymortests/operators.py:186: &lt;py._xmlgen.raw object at 0x7fb2a86ddc50&gt;</skipped></testcase><testcase classname="src.pymortests.operators" file="src/pymortests/operators.py" line="186" name="test_apply_inverse_adjoint[&lt;lambda&gt;26]" time="0.0004360675811767578"><skipped message="Suite splitting in effect" type="pytest.skip">src/pymortests/operators.py:186: &lt;py._xmlgen.raw object at 0x7fb2a86cd320&gt;</skipped></testcase><testcase classname="src.pymortests.operators" file="src/pymortests/operators.py" line="186" name="test_apply_inverse_adjoint[&lt;lambda&gt;27]" time="0.0004260540008544922"><skipped message="Suite splitting in effect" type="pytest.skip">src/pymortests/operators.py:186: &lt;py._xmlgen.raw object at 0x7fb2a86f3908&gt;</skipped></testcase><testcase classname="src.pymortests.operators" file="src/pymortests/operators.py" line="186" name="test_apply_inverse_adjoint[&lt;lambda&gt;28]" time="0.0004458427429199219"><skipped message="Suite splitting in effect" type="pytest.skip">src/pymortests/operators.py:186: &lt;py._xmlgen.raw object at 0x7fb29d443518&gt;</skipped></testcase><testcase classname="src.pymortests.operators" file="src/pymortests/operators.py" line="186" name="test_apply_inverse_adjoint[&lt;lambda&gt;29]" time="0.0004012584686279297"><skipped message="Suite splitting in effect" type="pytest.skip">src/pymortests/operators.py:186: &lt;py._xmlgen.raw object at 0x7fb29d4439b0&gt;</skipped></testcase><testcase classname="src.pymortests.operators" file="src/pymortests/operators.py" line="186" name="test_apply_inverse_adjoint[&lt;lambda&gt;30]" time="0.0004303455352783203"><skipped message="Suite splitting in effect" type="pytest.skip">src/pymortests/operators.py:186: &lt;py._xmlgen.raw object at 0x7fb29d44d3c8&gt;</skipped></testcase><testcase classname="src.pymortests.operators" file="src/pymortests/operators.py" line="186" name="test_apply_inverse_adjoint[&lt;lambda&gt;31]" time="0.00042438507080078125"><skipped message="Suite splitting in effect" type="pytest.skip">src/pymortests/operators.py:186: &lt;py._xmlgen.raw object at 0x7fb29d44dd68&gt;</skipped></testcase><testcase classname="src.pymortests.operators" file="src/pymortests/operators.py" line="186" name="test_apply_inverse_adjoint[&lt;lambda&gt;32]" time="0.00045037269592285156"><skipped message="Suite splitting in effect" type="pytest.skip">src/pymortests/operators.py:186: &lt;py._xmlgen.raw object at 0x7fb29d443908&gt;</skipped></testcase><testcase classname="src.pymortests.operators" file="src/pymortests/operators.py" line="186" name="test_apply_inverse_adjoint[&lt;lambda&gt;33]" time="0.00042724609375"><skipped message="Suite splitting in effect" type="pytest.skip">src/pymortests/operators.py:186: &lt;py._xmlgen.raw object at 0x7fb29d43d630&gt;</skipped></testcase><testcase classname="src.pymortests.operators" file="src/pymortests/operators.py" line="186" name="test_apply_inverse_adjoint[&lt;lambda&gt;34]" time="0.0004057884216308594"><skipped message="Suite splitting in effect" type="pytest.skip">src/pymortests/operators.py:186: &lt;py._xmlgen.raw object at 0x7fb2a87b4e48&gt;</skipped></testcase><testcase classname="src.pymortests.operators" file="src/pymortests/operators.py" line="186" name="test_apply_inverse_adjoint[&lt;lambda&gt;35]" time="0.0004227161407470703"><skipped message="Suite splitting in effect" type="pytest.skip">src/pymortests/operators.py:186: &lt;py._xmlgen.raw object at 0x7fb2a872b128&gt;</skipped></testcase><testcase classname="src.pymortests.operators" file="src/pymortests/operators.py" line="186" name="test_apply_inverse_adjoint[&lt;lambda&gt;36]" time="0.0004177093505859375"><skipped message="Suite splitting in effect" type="pytest.skip">src/pymortests/operators.py:186: &lt;py._xmlgen.raw object at 0x7fb29d41e748&gt;</skipped></testcase><testcase classname="src.pymortests.operators" file="src/pymortests/operators.py" line="186" name="test_apply_inverse_adjoint[&lt;lambda&gt;37]" time="0.0004260540008544922"><skipped message="Suite splitting in effect" type="pytest.skip">src/pymortests/operators.py:186: &lt;py._xmlgen.raw object at 0x7fb29d44d9b0&gt;</skipped></testcase><testcase classname="src.pymortests.operators" file="src/pymortests/operators.py" line="186" name="test_apply_inverse_adjoint[&lt;lambda&gt;38]" time="0.000431060791015625"><skipped message="Suite splitting in effect" type="pytest.skip">src/pymortests/operators.py:186: &lt;py._xmlgen.raw object at 0x7fb29d44d400&gt;</skipped></testcase><testcase classname="src.pymortests.operators" file="src/pymortests/operators.py" line="186" name="test_apply_inverse_adjoint[&lt;lambda&gt;39]" time="0.0004410743713378906"><skipped message="Suite splitting in effect" type="pytest.skip">src/pymortests/operators.py:186: &lt;py._xmlgen.raw object at 0x7fb29d3db2b0&gt;</skipped></testcase><testcase classname="src.pymortests.operators" file="src/pymortests/operators.py" line="186" name="test_apply_inverse_adjoint[&lt;lambda&gt;40]" time="0.00048804283142089844"><skipped message="Suite splitting in effect" type="pytest.skip">src/pymortests/operators.py:186: &lt;py._xmlgen.raw object at 0x7fb2a86ddda0&gt;</skipped></testcase><testcase classname="src.pymortests.operators" file="src/pymortests/operators.py" line="204" name="test_project[&lt;lambda&gt;0]" time="0.000461578369140625"><skipped message="Suite splitting in effect" type="pytest.skip">src/pymortests/operators.py:204: &lt;py._xmlgen.raw object at 0x7fb2a86f35c0&gt;</skipped></testcase><testcase classname="src.pymortests.operators" file="src/pymortests/operators.py" line="204" name="test_project[&lt;lambda&gt;1]" time="0.0005328655242919922"><skipped message="Suite splitting in effect" type="pytest.skip">src/pymortests/operators.py:204: &lt;py._xmlgen.raw object at 0x7fb29d44dbe0&gt;</skipped></testcase><testcase classname="src.pymortests.operators" file="src/pymortests/operators.py" line="204" name="test_project[&lt;lambda&gt;2]" time="0.0004591941833496094"><skipped message="Suite splitting in effect" type="pytest.skip">src/pymortests/operators.py:204: &lt;py._xmlgen.raw object at 0x7fb29d44d0b8&gt;</skipped></testcase><testcase classname="src.pymortests.operators" file="src/pymortests/operators.py" line="204" name="test_project[&lt;lambda&gt;3]" time="0.00043964385986328125"><skipped message="Suite splitting in effect" type="pytest.skip">src/pymortests/operators.py:204: &lt;py._xmlgen.raw object at 0x7fb29d443240&gt;</skipped></testcase><testcase classname="src.pymortests.operators" file="src/pymortests/operators.py" line="204" name="test_project[&lt;lambda&gt;4]" time="0.0004329681396484375"><skipped message="Suite splitting in effect" type="pytest.skip">src/pymortests/operators.py:204: &lt;py._xmlgen.raw object at 0x7fb29d443eb8&gt;</skipped></testcase><testcase classname="src.pymortests.operators" file="src/pymortests/operators.py" line="204" name="test_project[&lt;lambda&gt;5]" time="0.00042724609375"><skipped message="Suite splitting in effect" type="pytest.skip">src/pymortests/operators.py:204: &lt;py._xmlgen.raw object at 0x7fb29d43d9e8&gt;</skipped></testcase><testcase classname="src.pymortests.operators" file="src/pymortests/operators.py" line="204" name="test_project[&lt;lambda&gt;6]" time="0.0004420280456542969"><skipped message="Suite splitting in effect" type="pytest.skip">src/pymortests/operators.py:204: &lt;py._xmlgen.raw object at 0x7fb2a87791d0&gt;</skipped></testcase><testcase classname="src.pymortests.operators" file="src/pymortests/operators.py" line="204" name="test_project[&lt;lambda&gt;7]" time="0.0007622241973876953"><skipped message="Suite splitting in effect" type="pytest.skip">src/pymortests/operators.py:204: &lt;py._xmlgen.raw object at 0x7fb29d43d390&gt;</skipped></testcase><testcase classname="src.pymortests.operators" file="src/pymortests/operators.py" line="204" name="test_project[&lt;lambda&gt;8]" time="0.0004222393035888672"><skipped message="Suite splitting in effect" type="pytest.skip">src/pymortests/operators.py:204: &lt;py._xmlgen.raw object at 0x7fb29d443668&gt;</skipped></testcase><testcase classname="src.pymortests.operators" file="src/pymortests/operators.py" line="204" name="test_project[&lt;lambda&gt;9]" time="0.0004222393035888672"><skipped message="Suite splitting in effect" type="pytest.skip">src/pymortests/operators.py:204: &lt;py._xmlgen.raw object at 0x7fb29d4433c8&gt;</skipped></testcase><testcase classname="src.pymortests.operators" file="src/pymortests/operators.py" line="204" name="test_project[&lt;lambda&gt;10]" time="0.0004558563232421875"><skipped message="Suite splitting in effect" type="pytest.skip">src/pymortests/operators.py:204: &lt;py._xmlgen.raw object at 0x7fb29d44d0b8&gt;</skipped></testcase><testcase classname="src.pymortests.operators" file="src/pymortests/operators.py" line="204" name="test_project[&lt;lambda&gt;11]" time="0.00044465065002441406"><skipped message="Suite splitting in effect" type="pytest.skip">src/pymortests/operators.py:204: &lt;py._xmlgen.raw object at 0x7fb29d44df98&gt;</skipped></testcase><testcase classname="src.pymortests.operators" file="src/pymortests/operators.py" line="204" name="test_project[&lt;lambda&gt;12]" time="0.0004172325134277344"><skipped message="Suite splitting in effect" type="pytest.skip">src/pymortests/operators.py:204: &lt;py._xmlgen.raw object at 0x7fb2a86f3908&gt;</skipped></testcase><testcase classname="src.pymortests.operators" file="src/pymortests/operators.py" line="204" name="test_project[&lt;lambda&gt;13]" time="0.00042891502380371094"><skipped message="Suite splitting in effect" type="pytest.skip">src/pymortests/operators.py:204: &lt;py._xmlgen.raw object at 0x7fb29d48c860&gt;</skipped></testcase><testcase classname="src.pymortests.operators" file="src/pymortests/operators.py" line="204" name="test_project[&lt;lambda&gt;14]" time="0.0004260540008544922"><skipped message="Suite splitting in effect" type="pytest.skip">src/pymortests/operators.py:204: &lt;py._xmlgen.raw object at 0x7fb29d42b9b0&gt;</skipped></testcase><testcase classname="src.pymortests.operators" file="src/pymortests/operators.py" line="204" name="test_project[&lt;lambda&gt;15]" time="0.0006411075592041016"><skipped message="Suite splitting in effect" type="pytest.skip">src/pymortests/operators.py:204: &lt;py._xmlgen.raw object at 0x7fb2a87f2a58&gt;</skipped></testcase><testcase classname="src.pymortests.operators" file="src/pymortests/operators.py" line="204" name="test_project[&lt;lambda&gt;16]" time="0.00043129920959472656"><skipped message="Suite splitting in effect" type="pytest.skip">src/pymortests/operators.py:204: &lt;py._xmlgen.raw object at 0x7fb2a8701f98&gt;</skipped></testcase><testcase classname="src.pymortests.operators" file="src/pymortests/operators.py" line="204" name="test_project[&lt;lambda&gt;17]" time="0.0004513263702392578"><skipped message="Suite splitting in effect" type="pytest.skip">src/pymortests/operators.py:204: &lt;py._xmlgen.raw object at 0x7fb2a86f31d0&gt;</skipped></testcase><testcase classname="src.pymortests.operators" file="src/pymortests/operators.py" line="204" name="test_project[&lt;lambda&gt;18]" time="0.00048232078552246094"><skipped message="Suite splitting in effect" type="pytest.skip">src/pymortests/operators.py:204: &lt;py._xmlgen.raw object at 0x7fb29d44dc18&gt;</skipped></testcase><testcase classname="src.pymortests.operators" file="src/pymortests/operators.py" line="204" name="test_project[&lt;lambda&gt;19]" time="0.0005009174346923828"><skipped message="Suite splitting in effect" type="pytest.skip">src/pymortests/operators.py:204: &lt;py._xmlgen.raw object at 0x7fb29d443cf8&gt;</skipped></testcase><testcase classname="src.pymortests.operators" file="src/pymortests/operators.py" line="204" name="test_project[&lt;lambda&gt;20]" time="0.00044083595275878906"><skipped message="Suite splitting in effect" type="pytest.skip">src/pymortests/operators.py:204: &lt;py._xmlgen.raw object at 0x7fb2a8694860&gt;</skipped></testcase><testcase classname="src.pymortests.operators" file="src/pymortests/operators.py" line="204" name="test_project[&lt;lambda&gt;21]" time="0.00044035911560058594"><skipped message="Suite splitting in effect" type="pytest.skip">src/pymortests/operators.py:204: &lt;py._xmlgen.raw object at 0x7fb29d43d9b0&gt;</skipped></testcase><testcase classname="src.pymortests.operators" file="src/pymortests/operators.py" line="204" name="test_project[&lt;lambda&gt;22]" time="0.0004055500030517578"><skipped message="Suite splitting in effect" type="pytest.skip">src/pymortests/operators.py:204: &lt;py._xmlgen.raw object at 0x7fb29d3db198&gt;</skipped></testcase><testcase classname="src.pymortests.operators" file="src/pymortests/operators.py" line="204" name="test_project[&lt;lambda&gt;23]" time="0.0007708072662353516"><skipped message="Suite splitting in effect" type="pytest.skip">src/pymortests/operators.py:204: &lt;py._xmlgen.raw object at 0x7fb29d3db9b0&gt;</skipped></testcase><testcase classname="src.pymortests.operators" file="src/pymortests/operators.py" line="204" name="test_project[&lt;lambda&gt;24]" time="0.00044226646423339844"><skipped message="Suite splitting in effect" type="pytest.skip">src/pymortests/operators.py:204: &lt;py._xmlgen.raw object at 0x7fb2a8694518&gt;</skipped></testcase><testcase classname="src.pymortests.operators" file="src/pymortests/operators.py" line="204" name="test_project[&lt;lambda&gt;25]" time="0.0004429817199707031"><skipped message="Suite splitting in effect" type="pytest.skip">src/pymortests/operators.py:204: &lt;py._xmlgen.raw object at 0x7fb29d443e80&gt;</skipped></testcase><testcase classname="src.pymortests.operators" file="src/pymortests/operators.py" line="204" name="test_project[&lt;lambda&gt;26]" time="0.00048279762268066406"><skipped message="Suite splitting in effect" type="pytest.skip">src/pymortests/operators.py:204: &lt;py._xmlgen.raw object at 0x7fb29d44dbe0&gt;</skipped></testcase><testcase classname="src.pymortests.operators" file="src/pymortests/operators.py" line="204" name="test_project[&lt;lambda&gt;27]" time="0.00042510032653808594"><skipped message="Suite splitting in effect" type="pytest.skip">src/pymortests/operators.py:204: &lt;py._xmlgen.raw object at 0x7fb2a86cd320&gt;</skipped></testcase><testcase classname="src.pymortests.operators" file="src/pymortests/operators.py" line="204" name="test_project[&lt;lambda&gt;28]" time="0.00046181678771972656"><skipped message="Suite splitting in effect" type="pytest.skip">src/pymortests/operators.py:204: &lt;py._xmlgen.raw object at 0x7fb29d42ba58&gt;</skipped></testcase><testcase classname="src.pymortests.operators" file="src/pymortests/operators.py" line="204" name="test_project[&lt;lambda&gt;29]" time="0.0004150867462158203"><skipped message="Suite splitting in effect" type="pytest.skip">src/pymortests/operators.py:204: &lt;py._xmlgen.raw object at 0x7fb29d3db0b8&gt;</skipped></testcase><testcase classname="src.pymortests.operators" file="src/pymortests/operators.py" line="204" name="test_project[&lt;lambda&gt;30]" time="0.0004706382751464844"><skipped message="Suite splitting in effect" type="pytest.skip">src/pymortests/operators.py:204: &lt;py._xmlgen.raw object at 0x7fb29d3db470&gt;</skipped></testcase><testcase classname="src.pymortests.operators" file="src/pymortests/operators.py" line="204" name="test_project[&lt;lambda&gt;31]" time="0.0005218982696533203"><skipped message="Suite splitting in effect" type="pytest.skip">src/pymortests/operators.py:204: &lt;py._xmlgen.raw object at 0x7fb29d3dbef0&gt;</skipped></testcase><testcase classname="src.pymortests.operators" file="src/pymortests/operators.py" line="204" name="test_project[&lt;lambda&gt;32]" time="0.0005037784576416016"><skipped message="Suite splitting in effect" type="pytest.skip">src/pymortests/operators.py:204: &lt;py._xmlgen.raw object at 0x7fb29d3dbeb8&gt;</skipped></testcase><testcase classname="src.pymortests.operators" file="src/pymortests/operators.py" line="204" name="test_project[&lt;lambda&gt;33]" time="0.0005085468292236328"><skipped message="Suite splitting in effect" type="pytest.skip">src/pymortests/operators.py:204: &lt;py._xmlgen.raw object at 0x7fb29d3db668&gt;</skipped></testcase><testcase classname="src.pymortests.operators" file="src/pymortests/operators.py" line="204" name="test_project[&lt;lambda&gt;34]" time="0.0004901885986328125"><skipped message="Suite splitting in effect" type="pytest.skip">src/pymortests/operators.py:204: &lt;py._xmlgen.raw object at 0x7fb29d42bc18&gt;</skipped></testcase><testcase classname="src.pymortests.operators" file="src/pymortests/operators.py" line="204" name="test_project[&lt;lambda&gt;35]" time="0.0004246234893798828"><skipped message="Suite splitting in effect" type="pytest.skip">src/pymortests/operators.py:204: &lt;py._xmlgen.raw object at 0x7fb2a883ab00&gt;</skipped></testcase><testcase classname="src.pymortests.operators" file="src/pymortests/operators.py" line="204" name="test_project[&lt;lambda&gt;36]" time="0.00046133995056152344"><skipped message="Suite splitting in effect" type="pytest.skip">src/pymortests/operators.py:204: &lt;py._xmlgen.raw object at 0x7fb29d44dc50&gt;</skipped></testcase><testcase classname="src.pymortests.operators" file="src/pymortests/operators.py" line="204" name="test_project[&lt;lambda&gt;37]" time="0.0004010200500488281"><skipped message="Suite splitting in effect" type="pytest.skip">src/pymortests/operators.py:204: &lt;py._xmlgen.raw object at 0x7fb29d43de48&gt;</skipped></testcase><testcase classname="src.pymortests.operators" file="src/pymortests/operators.py" line="204" name="test_project[&lt;lambda&gt;38]" time="0.00043654441833496094"><skipped message="Suite splitting in effect" type="pytest.skip">src/pymortests/operators.py:204: &lt;py._xmlgen.raw object at 0x7fb2a8694518&gt;</skipped></testcase><testcase classname="src.pymortests.operators" file="src/pymortests/operators.py" line="204" name="test_project[&lt;lambda&gt;39]" time="0.0004024505615234375"><skipped message="Suite splitting in effect" type="pytest.skip">src/pymortests/operators.py:204: &lt;py._xmlgen.raw object at 0x7fb29d3eb438&gt;</skipped></testcase><testcase classname="src.pymortests.operators" file="src/pymortests/operators.py" line="204" name="test_project[&lt;lambda&gt;40]" time="0.0008003711700439453"><skipped message="Suite splitting in effect" type="pytest.skip">src/pymortests/operators.py:204: &lt;py._xmlgen.raw object at 0x7fb29d43df98&gt;</skipped></testcase><testcase classname="src.pymortests.operators" file="src/pymortests/operators.py" line="214" name="test_project_2[&lt;lambda&gt;0]" time="0.0004267692565917969"><skipped message="Suite splitting in effect" type="pytest.skip">src/pymortests/operators.py:214: &lt;py._xmlgen.raw object at 0x7fb29d44d1d0&gt;</skipped></testcase><testcase classname="src.pymortests.operators" file="src/pymortests/operators.py" line="214" name="test_project_2[&lt;lambda&gt;1]" time="0.00041985511779785156"><skipped message="Suite splitting in effect" type="pytest.skip">src/pymortests/operators.py:214: &lt;py._xmlgen.raw object at 0x7fb2a86f3ef0&gt;</skipped></testcase><testcase classname="src.pymortests.operators" file="src/pymortests/operators.py" line="214" name="test_project_2[&lt;lambda&gt;2]" time="0.0004343986511230469"><skipped message="Suite splitting in effect" type="pytest.skip">src/pymortests/operators.py:214: &lt;py._xmlgen.raw object at 0x7fb29d3db1d0&gt;</skipped></testcase><testcase classname="src.pymortests.operators" file="src/pymortests/operators.py" line="214" name="test_project_2[&lt;lambda&gt;3]" time="0.0005075931549072266"><skipped message="Suite splitting in effect" type="pytest.skip">src/pymortests/operators.py:214: &lt;py._xmlgen.raw object at 0x7fb29d3dbda0&gt;</skipped></testcase><testcase classname="src.pymortests.operators" file="src/pymortests/operators.py" line="214" name="test_project_2[&lt;lambda&gt;4]" time="0.00042176246643066406"><skipped message="Suite splitting in effect" type="pytest.skip">src/pymortests/operators.py:214: &lt;py._xmlgen.raw object at 0x7fb29d48c748&gt;</skipped></testcase><testcase classname="src.pymortests.operators" file="src/pymortests/operators.py" line="214" name="test_project_2[&lt;lambda&gt;5]" time="0.00044846534729003906"><skipped message="Suite splitting in effect" type="pytest.skip">src/pymortests/operators.py:214: &lt;py._xmlgen.raw object at 0x7fb29d3eb128&gt;</skipped></testcase><testcase classname="src.pymortests.operators" file="src/pymortests/operators.py" line="214" name="test_project_2[&lt;lambda&gt;6]" time="0.00042176246643066406"><skipped message="Suite splitting in effect" type="pytest.skip">src/pymortests/operators.py:214: &lt;py._xmlgen.raw object at 0x7fb29d3eb978&gt;</skipped></testcase><testcase classname="src.pymortests.operators" file="src/pymortests/operators.py" line="214" name="test_project_2[&lt;lambda&gt;7]" time="0.0007569789886474609"><skipped message="Suite splitting in effect" type="pytest.skip">src/pymortests/operators.py:214: &lt;py._xmlgen.raw object at 0x7fb29d4c3e10&gt;</skipped></testcase><testcase classname="src.pymortests.operators" file="src/pymortests/operators.py" line="214" name="test_project_2[&lt;lambda&gt;8]" time="0.0004913806915283203"><skipped message="Suite splitting in effect" type="pytest.skip">src/pymortests/operators.py:214: &lt;py._xmlgen.raw object at 0x7fb29d42be10&gt;</skipped></testcase><testcase classname="src.pymortests.operators" file="src/pymortests/operators.py" line="214" name="test_project_2[&lt;lambda&gt;9]" time="0.0004525184631347656"><skipped message="Suite splitting in effect" type="pytest.skip">src/pymortests/operators.py:214: &lt;py._xmlgen.raw object at 0x7fb29d3dba20&gt;</skipped></testcase><testcase classname="src.pymortests.operators" file="src/pymortests/operators.py" line="214" name="test_project_2[&lt;lambda&gt;10]" time="0.0004742145538330078"><skipped message="Suite splitting in effect" type="pytest.skip">src/pymortests/operators.py:214: &lt;py._xmlgen.raw object at 0x7fb29d412198&gt;</skipped></testcase><testcase classname="src.pymortests.operators" file="src/pymortests/operators.py" line="214" name="test_project_2[&lt;lambda&gt;11]" time="0.0004475116729736328"><skipped message="Suite splitting in effect" type="pytest.skip">src/pymortests/operators.py:214: &lt;py._xmlgen.raw object at 0x7fb29d443240&gt;</skipped></testcase><testcase classname="src.pymortests.operators" file="src/pymortests/operators.py" line="214" name="test_project_2[&lt;lambda&gt;12]" time="0.0004477500915527344"><skipped message="Suite splitting in effect" type="pytest.skip">src/pymortests/operators.py:214: &lt;py._xmlgen.raw object at 0x7fb29d3eb940&gt;</skipped></testcase><testcase classname="src.pymortests.operators" file="src/pymortests/operators.py" line="214" name="test_project_2[&lt;lambda&gt;13]" time="0.0004322528839111328"><skipped message="Suite splitting in effect" type="pytest.skip">src/pymortests/operators.py:214: &lt;py._xmlgen.raw object at 0x7fb29d3eb080&gt;</skipped></testcase><testcase classname="src.pymortests.operators" file="src/pymortests/operators.py" line="214" name="test_project_2[&lt;lambda&gt;14]" time="0.000438690185546875"><skipped message="Suite splitting in effect" type="pytest.skip">src/pymortests/operators.py:214: &lt;py._xmlgen.raw object at 0x7fb29d3f2278&gt;</skipped></testcase><testcase classname="src.pymortests.operators" file="src/pymortests/operators.py" line="214" name="test_project_2[&lt;lambda&gt;15]" time="0.0007851123809814453"><skipped message="Suite splitting in effect" type="pytest.skip">src/pymortests/operators.py:214: &lt;py._xmlgen.raw object at 0x7fb29d3f27b8&gt;</skipped></testcase><testcase classname="src.pymortests.operators" file="src/pymortests/operators.py" line="214" name="test_project_2[&lt;lambda&gt;16]" time="0.00044345855712890625"><skipped message="Suite splitting in effect" type="pytest.skip">src/pymortests/operators.py:214: &lt;py._xmlgen.raw object at 0x7fb29d3eb208&gt;</skipped></testcase><testcase classname="src.pymortests.operators" file="src/pymortests/operators.py" line="214" name="test_project_2[&lt;lambda&gt;17]" time="0.0004241466522216797"><skipped message="Suite splitting in effect" type="pytest.skip">src/pymortests/operators.py:214: &lt;py._xmlgen.raw object at 0x7fb29d443908&gt;</skipped></testcase><testcase classname="src.pymortests.operators" file="src/pymortests/operators.py" line="214" name="test_project_2[&lt;lambda&gt;18]" time="0.00047969818115234375"><skipped message="Suite splitting in effect" type="pytest.skip">src/pymortests/operators.py:214: &lt;py._xmlgen.raw object at 0x7fb2a86f3c50&gt;</skipped></testcase><testcase classname="src.pymortests.operators" file="src/pymortests/operators.py" line="214" name="test_project_2[&lt;lambda&gt;19]" time="0.0004329681396484375"><skipped message="Suite splitting in effect" type="pytest.skip">src/pymortests/operators.py:214: &lt;py._xmlgen.raw object at 0x7fb29d3dbc50&gt;</skipped></testcase><testcase classname="src.pymortests.operators" file="src/pymortests/operators.py" line="214" name="test_project_2[&lt;lambda&gt;20]" time="0.0004260540008544922"><skipped message="Suite splitting in effect" type="pytest.skip">src/pymortests/operators.py:214: &lt;py._xmlgen.raw object at 0x7fb2a86b55c0&gt;</skipped></testcase><testcase classname="src.pymortests.operators" file="src/pymortests/operators.py" line="214" name="test_project_2[&lt;lambda&gt;21]" time="0.0004391670227050781"><skipped message="Suite splitting in effect" type="pytest.skip">src/pymortests/operators.py:214: &lt;py._xmlgen.raw object at 0x7fb29d3f26d8&gt;</skipped></testcase><testcase classname="src.pymortests.operators" file="src/pymortests/operators.py" line="214" name="test_project_2[&lt;lambda&gt;22]" time="0.0004227161407470703"><skipped message="Suite splitting in effect" type="pytest.skip">src/pymortests/operators.py:214: &lt;py._xmlgen.raw object at 0x7fb29d3f2128&gt;</skipped></testcase><testcase classname="src.pymortests.operators" file="src/pymortests/operators.py" line="214" name="test_project_2[&lt;lambda&gt;23]" time="0.0007641315460205078"><skipped message="Suite splitting in effect" type="pytest.skip">src/pymortests/operators.py:214: &lt;py._xmlgen.raw object at 0x7fb29d3f2cf8&gt;</skipped></testcase><testcase classname="src.pymortests.operators" file="src/pymortests/operators.py" line="214" name="test_project_2[&lt;lambda&gt;24]" time="0.00044274330139160156"><skipped message="Suite splitting in effect" type="pytest.skip">src/pymortests/operators.py:214: &lt;py._xmlgen.raw object at 0x7fb2a86b55c0&gt;</skipped></testcase><testcase classname="src.pymortests.operators" file="src/pymortests/operators.py" line="214" name="test_project_2[&lt;lambda&gt;25]" time="0.00041985511779785156"><skipped message="Suite splitting in effect" type="pytest.skip">src/pymortests/operators.py:214: &lt;py._xmlgen.raw object at 0x7fb29d3db0b8&gt;</skipped></testcase><testcase classname="src.pymortests.operators" file="src/pymortests/operators.py" line="214" name="test_project_2[&lt;lambda&gt;26]" time="0.0004520416259765625"><skipped message="Suite splitting in effect" type="pytest.skip">src/pymortests/operators.py:214: &lt;py._xmlgen.raw object at 0x7fb29d44d518&gt;</skipped></testcase><testcase classname="src.pymortests.operators" file="src/pymortests/operators.py" line="214" name="test_project_2[&lt;lambda&gt;27]" time="0.0004146099090576172"><skipped message="Suite splitting in effect" type="pytest.skip">src/pymortests/operators.py:214: &lt;py._xmlgen.raw object at 0x7fb29d3eb320&gt;</skipped></testcase><testcase classname="src.pymortests.operators" file="src/pymortests/operators.py" line="214" name="test_project_2[&lt;lambda&gt;28]" time="0.0004506111145019531"><skipped message="Suite splitting in effect" type="pytest.skip">src/pymortests/operators.py:214: &lt;py._xmlgen.raw object at 0x7fb29d3eb518&gt;</skipped></testcase><testcase classname="src.pymortests.operators" file="src/pymortests/operators.py" line="214" name="test_project_2[&lt;lambda&gt;29]" time="0.00042629241943359375"><skipped message="Suite splitting in effect" type="pytest.skip">src/pymortests/operators.py:214: &lt;py._xmlgen.raw object at 0x7fb29d3f2a90&gt;</skipped></testcase><testcase classname="src.pymortests.operators" file="src/pymortests/operators.py" line="214" name="test_project_2[&lt;lambda&gt;30]" time="0.0004336833953857422"><skipped message="Suite splitting in effect" type="pytest.skip">src/pymortests/operators.py:214: &lt;py._xmlgen.raw object at 0x7fb29d3f24a8&gt;</skipped></testcase><testcase classname="src.pymortests.operators" file="src/pymortests/operators.py" line="214" name="test_project_2[&lt;lambda&gt;31]" time="0.0004260540008544922"><skipped message="Suite splitting in effect" type="pytest.skip">src/pymortests/operators.py:214: &lt;py._xmlgen.raw object at 0x7fb29d3fc358&gt;</skipped></testcase><testcase classname="src.pymortests.operators" file="src/pymortests/operators.py" line="214" name="test_project_2[&lt;lambda&gt;32]" time="0.00048041343688964844"><skipped message="Suite splitting in effect" type="pytest.skip">src/pymortests/operators.py:214: &lt;py._xmlgen.raw object at 0x7fb29d3f2668&gt;</skipped></testcase><testcase classname="src.pymortests.operators" file="src/pymortests/operators.py" line="214" name="test_project_2[&lt;lambda&gt;33]" time="0.0004184246063232422"><skipped message="Suite splitting in effect" type="pytest.skip">src/pymortests/operators.py:214: &lt;py._xmlgen.raw object at 0x7fb29d3ebef0&gt;</skipped></testcase><testcase classname="src.pymortests.operators" file="src/pymortests/operators.py" line="214" name="test_project_2[&lt;lambda&gt;34]" time="0.0004668235778808594"><skipped message="Suite splitting in effect" type="pytest.skip">src/pymortests/operators.py:214: &lt;py._xmlgen.raw object at 0x7fb29d443710&gt;</skipped></testcase><testcase classname="src.pymortests.operators" file="src/pymortests/operators.py" line="214" name="test_project_2[&lt;lambda&gt;35]" time="0.0004973411560058594"><skipped message="Suite splitting in effect" type="pytest.skip">src/pymortests/operators.py:214: &lt;py._xmlgen.raw object at 0x7fb2a86f3cf8&gt;</skipped></testcase><testcase classname="src.pymortests.operators" file="src/pymortests/operators.py" line="214" name="test_project_2[&lt;lambda&gt;36]" time="0.00046539306640625"><skipped message="Suite splitting in effect" type="pytest.skip">src/pymortests/operators.py:214: &lt;py._xmlgen.raw object at 0x7fb29d3dbba8&gt;</skipped></testcase><testcase classname="src.pymortests.operators" file="src/pymortests/operators.py" line="214" name="test_project_2[&lt;lambda&gt;37]" time="0.00044536590576171875"><skipped message="Suite splitting in effect" type="pytest.skip">src/pymortests/operators.py:214: &lt;py._xmlgen.raw object at 0x7fb2a86b5908&gt;</skipped></testcase><testcase classname="src.pymortests.operators" file="src/pymortests/operators.py" line="214" name="test_project_2[&lt;lambda&gt;38]" time="0.00043654441833496094"><skipped message="Suite splitting in effect" type="pytest.skip">src/pymortests/operators.py:214: &lt;py._xmlgen.raw object at 0x7fb29d3fc080&gt;</skipped></testcase><testcase classname="src.pymortests.operators" file="src/pymortests/operators.py" line="214" name="test_project_2[&lt;lambda&gt;39]" time="0.00043845176696777344"><skipped message="Suite splitting in effect" type="pytest.skip">src/pymortests/operators.py:214: &lt;py._xmlgen.raw object at 0x7fb29d3fc860&gt;</skipped></testcase><testcase classname="src.pymortests.operators" file="src/pymortests/operators.py" line="214" name="test_project_2[&lt;lambda&gt;40]" time="0.0008034706115722656"><skipped message="Suite splitting in effect" type="pytest.skip">src/pymortests/operators.py:214: &lt;py._xmlgen.raw object at 0x7fb2a86b5cf8&gt;</skipped></testcase><testcase classname="src.pymortests.operators" file="src/pymortests/operators.py" line="230" name="test_project_with_product[&lt;lambda&gt;0]" time="0.00043892860412597656"><skipped message="Suite splitting in effect" type="pytest.skip">src/pymortests/operators.py:230: &lt;py._xmlgen.raw object at 0x7fb2a8646860&gt;</skipped></testcase><testcase classname="src.pymortests.operators" file="src/pymortests/operators.py" line="230" name="test_project_with_product[&lt;lambda&gt;1]" time="0.0004677772521972656"><skipped message="Suite splitting in effect" type="pytest.skip">src/pymortests/operators.py:230: &lt;py._xmlgen.raw object at 0x7fb29d44d518&gt;</skipped></testcase><testcase classname="src.pymortests.operators" file="src/pymortests/operators.py" line="230" name="test_project_with_product[&lt;lambda&gt;2]" time="0.0004355907440185547"><skipped message="Suite splitting in effect" type="pytest.skip">src/pymortests/operators.py:230: &lt;py._xmlgen.raw object at 0x7fb29d3ebac8&gt;</skipped></testcase><testcase classname="src.pymortests.operators" file="src/pymortests/operators.py" line="230" name="test_project_with_product[&lt;lambda&gt;3]" time="0.00041413307189941406"><skipped message="Suite splitting in effect" type="pytest.skip">src/pymortests/operators.py:230: &lt;py._xmlgen.raw object at 0x7fb29d3f2e48&gt;</skipped></testcase><testcase classname="src.pymortests.operators" file="src/pymortests/operators.py" line="230" name="test_project_with_product[&lt;lambda&gt;4]" time="0.0004284381866455078"><skipped message="Suite splitting in effect" type="pytest.skip">src/pymortests/operators.py:230: &lt;py._xmlgen.raw object at 0x7fb29d3f25c0&gt;</skipped></testcase><testcase classname="src.pymortests.operators" file="src/pymortests/operators.py" line="230" name="test_project_with_product[&lt;lambda&gt;5]" time="0.00042629241943359375"><skipped message="Suite splitting in effect" type="pytest.skip">src/pymortests/operators.py:230: &lt;py._xmlgen.raw object at 0x7fb29d3fc748&gt;</skipped></testcase><testcase classname="src.pymortests.operators" file="src/pymortests/operators.py" line="230" name="test_project_with_product[&lt;lambda&gt;6]" time="0.0003993511199951172"><skipped message="Suite splitting in effect" type="pytest.skip">src/pymortests/operators.py:230: &lt;py._xmlgen.raw object at 0x7fb29d3fcda0&gt;</skipped></testcase><testcase classname="src.pymortests.operators" file="src/pymortests/operators.py" line="230" name="test_project_with_product[&lt;lambda&gt;7]" time="0.0006861686706542969"><skipped message="Suite splitting in effect" type="pytest.skip">src/pymortests/operators.py:230: &lt;py._xmlgen.raw object at 0x7fb29d3fcda0&gt;</skipped></testcase><testcase classname="src.pymortests.operators" file="src/pymortests/operators.py" line="230" name="test_project_with_product[&lt;lambda&gt;8]" time="0.00044155120849609375"><skipped message="Suite splitting in effect" type="pytest.skip">src/pymortests/operators.py:230: &lt;py._xmlgen.raw object at 0x7fb29d3fc550&gt;</skipped></testcase><testcase classname="src.pymortests.operators" file="src/pymortests/operators.py" line="230" name="test_project_with_product[&lt;lambda&gt;9]" time="0.0005779266357421875"><skipped message="Suite splitting in effect" type="pytest.skip">src/pymortests/operators.py:230: &lt;py._xmlgen.raw object at 0x7fb29d3f26d8&gt;</skipped></testcase><testcase classname="src.pymortests.operators" file="src/pymortests/operators.py" line="230" name="test_project_with_product[&lt;lambda&gt;10]" time="0.00046372413635253906"><skipped message="Suite splitting in effect" type="pytest.skip">src/pymortests/operators.py:230: &lt;py._xmlgen.raw object at 0x7fb29d3ebef0&gt;</skipped></testcase><testcase classname="src.pymortests.operators" file="src/pymortests/operators.py" line="230" name="test_project_with_product[&lt;lambda&gt;11]" time="0.00043654441833496094"><skipped message="Suite splitting in effect" type="pytest.skip">src/pymortests/operators.py:230: &lt;py._xmlgen.raw object at 0x7fb2a8655ef0&gt;</skipped></testcase><testcase classname="src.pymortests.operators" file="src/pymortests/operators.py" line="230" name="test_project_with_product[&lt;lambda&gt;12]" time="0.00044608116149902344"><skipped message="Suite splitting in effect" type="pytest.skip">src/pymortests/operators.py:230: &lt;py._xmlgen.raw object at 0x7fb29d3dbc50&gt;</skipped></testcase><testcase classname="src.pymortests.operators" file="src/pymortests/operators.py" line="230" name="test_project_with_product[&lt;lambda&gt;13]" time="0.00047397613525390625"><skipped message="Suite splitting in effect" type="pytest.skip">src/pymortests/operators.py:230: &lt;py._xmlgen.raw object at 0x7fb2a86b5908&gt;</skipped></testcase><testcase classname="src.pymortests.operators" file="src/pymortests/operators.py" line="230" name="test_project_with_product[&lt;lambda&gt;14]" time="0.0004296302795410156"><skipped message="Suite splitting in effect" type="pytest.skip">src/pymortests/operators.py:230: &lt;py._xmlgen.raw object at 0x7fb29d4066a0&gt;</skipped></testcase><testcase classname="src.pymortests.operators" file="src/pymortests/operators.py" line="230" name="test_project_with_product[&lt;lambda&gt;15]" time="0.0004417896270751953"><skipped message="Suite splitting in effect" type="pytest.skip">src/pymortests/operators.py:230: &lt;py._xmlgen.raw object at 0x7fb2a86469b0&gt;</skipped></testcase><testcase classname="src.pymortests.operators" file="src/pymortests/operators.py" line="230" name="test_project_with_product[&lt;lambda&gt;16]" time="0.0004215240478515625"><skipped message="Suite splitting in effect" type="pytest.skip">src/pymortests/operators.py:230: &lt;py._xmlgen.raw object at 0x7fb2a8655da0&gt;</skipped></testcase><testcase classname="src.pymortests.operators" file="src/pymortests/operators.py" line="230" name="test_project_with_product[&lt;lambda&gt;17]" time="0.0004253387451171875"><skipped message="Suite splitting in effect" type="pytest.skip">src/pymortests/operators.py:230: &lt;py._xmlgen.raw object at 0x7fb29d3fc8d0&gt;</skipped></testcase><testcase classname="src.pymortests.operators" file="src/pymortests/operators.py" line="230" name="test_project_with_product[&lt;lambda&gt;18]" time="0.0004506111145019531"><skipped message="Suite splitting in effect" type="pytest.skip">src/pymortests/operators.py:230: &lt;py._xmlgen.raw object at 0x7fb29d3fc748&gt;</skipped></testcase><testcase classname="src.pymortests.operators" file="src/pymortests/operators.py" line="230" name="test_project_with_product[&lt;lambda&gt;19]" time="0.0004467964172363281"><skipped message="Suite splitting in effect" type="pytest.skip">src/pymortests/operators.py:230: &lt;py._xmlgen.raw object at 0x7fb2a86a37b8&gt;</skipped></testcase><testcase classname="src.pymortests.operators" file="src/pymortests/operators.py" line="230" name="test_project_with_product[&lt;lambda&gt;20]" time="0.0004343986511230469"><skipped message="Suite splitting in effect" type="pytest.skip">src/pymortests/operators.py:230: &lt;py._xmlgen.raw object at 0x7fb29d3f2278&gt;</skipped></testcase><testcase classname="src.pymortests.operators" file="src/pymortests/operators.py" line="230" name="test_project_with_product[&lt;lambda&gt;21]" time="0.0004696846008300781"><skipped message="Suite splitting in effect" type="pytest.skip">src/pymortests/operators.py:230: &lt;py._xmlgen.raw object at 0x7fb29d3ebe80&gt;</skipped></testcase><testcase classname="src.pymortests.operators" file="src/pymortests/operators.py" line="230" name="test_project_with_product[&lt;lambda&gt;22]" time="0.00045037269592285156"><skipped message="Suite splitting in effect" type="pytest.skip">src/pymortests/operators.py:230: &lt;py._xmlgen.raw object at 0x7fb29d3dbda0&gt;</skipped></testcase><testcase classname="src.pymortests.operators" file="src/pymortests/operators.py" line="230" name="test_project_with_product[&lt;lambda&gt;23]" time="0.0004172325134277344"><skipped message="Suite splitting in effect" type="pytest.skip">src/pymortests/operators.py:230: &lt;py._xmlgen.raw object at 0x7fb29d47ea90&gt;</skipped></testcase><testcase classname="src.pymortests.operators" file="src/pymortests/operators.py" line="230" name="test_project_with_product[&lt;lambda&gt;24]" time="0.0004773139953613281"><skipped message="Suite splitting in effect" type="pytest.skip">src/pymortests/operators.py:230: &lt;py._xmlgen.raw object at 0x7fb29d3dbd68&gt;</skipped></testcase><testcase classname="src.pymortests.operators" file="src/pymortests/operators.py" line="230" name="test_project_with_product[&lt;lambda&gt;25]" time="0.00042510032653808594"><skipped message="Suite splitting in effect" type="pytest.skip">src/pymortests/operators.py:230: &lt;py._xmlgen.raw object at 0x7fb29d3ebe80&gt;</skipped></testcase><testcase classname="src.pymortests.operators" file="src/pymortests/operators.py" line="230" name="test_project_with_product[&lt;lambda&gt;26]" time="0.0004711151123046875"><skipped message="Suite splitting in effect" type="pytest.skip">src/pymortests/operators.py:230: &lt;py._xmlgen.raw object at 0x7fb29d3f2eb8&gt;</skipped></testcase><testcase classname="src.pymortests.operators" file="src/pymortests/operators.py" line="230" name="test_project_with_product[&lt;lambda&gt;27]" time="0.0004742145538330078"><skipped message="Suite splitting in effect" type="pytest.skip">src/pymortests/operators.py:230: &lt;py._xmlgen.raw object at 0x7fb2a866ab00&gt;</skipped></testcase><testcase classname="src.pymortests.operators" file="src/pymortests/operators.py" line="230" name="test_project_with_product[&lt;lambda&gt;28]" time="0.0004718303680419922"><skipped message="Suite splitting in effect" type="pytest.skip">src/pymortests/operators.py:230: &lt;py._xmlgen.raw object at 0x7fb29d3fc978&gt;</skipped></testcase><testcase classname="src.pymortests.operators" file="src/pymortests/operators.py" line="230" name="test_project_with_product[&lt;lambda&gt;29]" time="0.0004177093505859375"><skipped message="Suite splitting in effect" type="pytest.skip">src/pymortests/operators.py:230: &lt;py._xmlgen.raw object at 0x7fb29d3fc198&gt;</skipped></testcase><testcase classname="src.pymortests.operators" file="src/pymortests/operators.py" line="230" name="test_project_with_product[&lt;lambda&gt;30]" time="0.00045800209045410156"><skipped message="Suite splitting in effect" type="pytest.skip">src/pymortests/operators.py:230: &lt;py._xmlgen.raw object at 0x7fb2a8646ef0&gt;</skipped></testcase><testcase classname="src.pymortests.operators" file="src/pymortests/operators.py" line="230" name="test_project_with_product[&lt;lambda&gt;31]" time="0.0004227161407470703"><skipped message="Suite splitting in effect" type="pytest.skip">src/pymortests/operators.py:230: &lt;py._xmlgen.raw object at 0x7fb2a8694f98&gt;</skipped></testcase><testcase classname="src.pymortests.operators" file="src/pymortests/operators.py" line="230" name="test_project_with_product[&lt;lambda&gt;32]" time="0.0008406639099121094"><skipped message="Suite splitting in effect" type="pytest.skip">src/pymortests/operators.py:230: &lt;py._xmlgen.raw object at 0x7fb2a8646278&gt;</skipped></testcase><testcase classname="src.pymortests.operators" file="src/pymortests/operators.py" line="230" name="test_project_with_product[&lt;lambda&gt;33]" time="0.00045490264892578125"><skipped message="Suite splitting in effect" type="pytest.skip">src/pymortests/operators.py:230: &lt;py._xmlgen.raw object at 0x7fb29d3fc198&gt;</skipped></testcase><testcase classname="src.pymortests.operators" file="src/pymortests/operators.py" line="230" name="test_project_with_product[&lt;lambda&gt;34]" time="0.0004322528839111328"><skipped message="Suite splitting in effect" type="pytest.skip">src/pymortests/operators.py:230: &lt;py._xmlgen.raw object at 0x7fb2a866aef0&gt;</skipped></testcase><testcase classname="src.pymortests.operators" file="src/pymortests/operators.py" line="230" name="test_project_with_product[&lt;lambda&gt;35]" time="0.0005016326904296875"><skipped message="Suite splitting in effect" type="pytest.skip">src/pymortests/operators.py:230: &lt;py._xmlgen.raw object at 0x7fb2a86a3128&gt;</skipped></testcase><testcase classname="src.pymortests.operators" file="src/pymortests/operators.py" line="230" name="test_project_with_product[&lt;lambda&gt;36]" time="0.0004172325134277344"><skipped message="Suite splitting in effect" type="pytest.skip">src/pymortests/operators.py:230: &lt;py._xmlgen.raw object at 0x7fb29d3f2e10&gt;</skipped></testcase><testcase classname="src.pymortests.operators" file="src/pymortests/operators.py" line="240" name="test_project_with_product_2[&lt;lambda&gt;0]" time="0.0004558563232421875"><skipped message="Suite splitting in effect" type="pytest.skip">src/pymortests/operators.py:240: &lt;py._xmlgen.raw object at 0x7fb29d3ebb70&gt;</skipped></testcase><testcase classname="src.pymortests.operators" file="src/pymortests/operators.py" line="240" name="test_project_with_product_2[&lt;lambda&gt;1]" time="0.000438690185546875"><skipped message="Suite splitting in effect" type="pytest.skip">src/pymortests/operators.py:240: &lt;py._xmlgen.raw object at 0x7fb2a8706ba8&gt;</skipped></testcase><testcase classname="src.pymortests.operators" file="src/pymortests/operators.py" line="240" name="test_project_with_product_2[&lt;lambda&gt;2]" time="0.00041604042053222656"><skipped message="Suite splitting in effect" type="pytest.skip">src/pymortests/operators.py:240: &lt;py._xmlgen.raw object at 0x7fb29d406390&gt;</skipped></testcase><testcase classname="src.pymortests.operators" file="src/pymortests/operators.py" line="240" name="test_project_with_product_2[&lt;lambda&gt;3]" time="0.0006906986236572266"><skipped message="Suite splitting in effect" type="pytest.skip">src/pymortests/operators.py:240: &lt;py._xmlgen.raw object at 0x7fb29d43def0&gt;</skipped></testcase><testcase classname="src.pymortests.operators" file="src/pymortests/operators.py" line="240" name="test_project_with_product_2[&lt;lambda&gt;4]" time="0.0004184246063232422"><skipped message="Suite splitting in effect" type="pytest.skip">src/pymortests/operators.py:240: &lt;py._xmlgen.raw object at 0x7fb29d3ebd68&gt;</skipped></testcase><testcase classname="src.pymortests.operators" file="src/pymortests/operators.py" line="240" name="test_project_with_product_2[&lt;lambda&gt;5]" time="0.00045013427734375"><skipped message="Suite splitting in effect" type="pytest.skip">src/pymortests/operators.py:240: &lt;py._xmlgen.raw object at 0x7fb29d3f2ef0&gt;</skipped></testcase><testcase classname="src.pymortests.operators" file="src/pymortests/operators.py" line="240" name="test_project_with_product_2[&lt;lambda&gt;6]" time="0.00041484832763671875"><skipped message="Suite splitting in effect" type="pytest.skip">src/pymortests/operators.py:240: &lt;py._xmlgen.raw object at 0x7fb2a866a278&gt;</skipped></testcase><testcase classname="src.pymortests.operators" file="src/pymortests/operators.py" line="240" name="test_project_with_product_2[&lt;lambda&gt;7]" time="0.0004487037658691406"><skipped message="Suite splitting in effect" type="pytest.skip">src/pymortests/operators.py:240: &lt;py._xmlgen.raw object at 0x7fb29d3fcc18&gt;</skipped></testcase><testcase classname="src.pymortests.operators" file="src/pymortests/operators.py" line="240" name="test_project_with_product_2[&lt;lambda&gt;8]" time="0.00045371055603027344"><skipped message="Suite splitting in effect" type="pytest.skip">src/pymortests/operators.py:240: &lt;py._xmlgen.raw object at 0x7fb29d44d1d0&gt;</skipped></testcase><testcase classname="src.pymortests.operators" file="src/pymortests/operators.py" line="240" name="test_project_with_product_2[&lt;lambda&gt;9]" time="0.00045680999755859375"><skipped message="Suite splitting in effect" type="pytest.skip">src/pymortests/operators.py:240: &lt;py._xmlgen.raw object at 0x7fb29d4067f0&gt;</skipped></testcase><testcase classname="src.pymortests.operators" file="src/pymortests/operators.py" line="240" name="test_project_with_product_2[&lt;lambda&gt;10]" time="0.00043845176696777344"><skipped message="Suite splitting in effect" type="pytest.skip">src/pymortests/operators.py:240: &lt;py._xmlgen.raw object at 0x7fb29d406f28&gt;</skipped></testcase><testcase classname="src.pymortests.operators" file="src/pymortests/operators.py" line="240" name="test_project_with_product_2[&lt;lambda&gt;11]" time="0.0007925033569335938"><skipped message="Suite splitting in effect" type="pytest.skip">src/pymortests/operators.py:240: &lt;py._xmlgen.raw object at 0x7fb29d39a4a8&gt;</skipped></testcase><testcase classname="src.pymortests.operators" file="src/pymortests/operators.py" line="240" name="test_project_with_product_2[&lt;lambda&gt;12]" time="0.0004513263702392578"><skipped message="Suite splitting in effect" type="pytest.skip">src/pymortests/operators.py:240: &lt;py._xmlgen.raw object at 0x7fb29d406e10&gt;</skipped></testcase><testcase classname="src.pymortests.operators" file="src/pymortests/operators.py" line="240" name="test_project_with_product_2[&lt;lambda&gt;13]" time="0.0004379749298095703"><skipped message="Suite splitting in effect" type="pytest.skip">src/pymortests/operators.py:240: &lt;py._xmlgen.raw object at 0x7fb29d3fc978&gt;</skipped></testcase><testcase classname="src.pymortests.operators" file="src/pymortests/operators.py" line="240" name="test_project_with_product_2[&lt;lambda&gt;14]" time="0.0004410743713378906"><skipped message="Suite splitting in effect" type="pytest.skip">src/pymortests/operators.py:240: &lt;py._xmlgen.raw object at 0x7fb2a8679f98&gt;</skipped></testcase><testcase classname="src.pymortests.operators" file="src/pymortests/operators.py" line="240" name="test_project_with_product_2[&lt;lambda&gt;15]" time="0.0004267692565917969"><skipped message="Suite splitting in effect" type="pytest.skip">src/pymortests/operators.py:240: &lt;py._xmlgen.raw object at 0x7fb2a866a320&gt;</skipped></testcase><testcase classname="src.pymortests.operators" file="src/pymortests/operators.py" line="240" name="test_project_with_product_2[&lt;lambda&gt;16]" time="0.0004482269287109375"><skipped message="Suite splitting in effect" type="pytest.skip">src/pymortests/operators.py:240: &lt;py._xmlgen.raw object at 0x7fb29d3f2160&gt;</skipped></testcase><testcase classname="src.pymortests.operators" file="src/pymortests/operators.py" line="240" name="test_project_with_product_2[&lt;lambda&gt;17]" time="0.0004832744598388672"><skipped message="Suite splitting in effect" type="pytest.skip">src/pymortests/operators.py:240: &lt;py._xmlgen.raw object at 0x7fb29d41e748&gt;</skipped></testcase><testcase classname="src.pymortests.operators" file="src/pymortests/operators.py" line="240" name="test_project_with_product_2[&lt;lambda&gt;18]" time="0.0004734992980957031"><skipped message="Suite splitting in effect" type="pytest.skip">src/pymortests/operators.py:240: &lt;py._xmlgen.raw object at 0x7fb29d39a390&gt;</skipped></testcase><testcase classname="src.pymortests.operators" file="src/pymortests/operators.py" line="240" name="test_project_with_product_2[&lt;lambda&gt;19]" time="0.0007677078247070312"><skipped message="Suite splitting in effect" type="pytest.skip">src/pymortests/operators.py:240: &lt;py._xmlgen.raw object at 0x7fb29d39a9e8&gt;</skipped></testcase><testcase classname="src.pymortests.operators" file="src/pymortests/operators.py" line="240" name="test_project_with_product_2[&lt;lambda&gt;20]" time="0.0004410743713378906"><skipped message="Suite splitting in effect" type="pytest.skip">src/pymortests/operators.py:240: &lt;py._xmlgen.raw object at 0x7fb29d3ebd68&gt;</skipped></testcase><testcase classname="src.pymortests.operators" file="src/pymortests/operators.py" line="240" name="test_project_with_product_2[&lt;lambda&gt;21]" time="0.0004210472106933594"><skipped message="Suite splitting in effect" type="pytest.skip">src/pymortests/operators.py:240: &lt;py._xmlgen.raw object at 0x7fb2a86a3be0&gt;</skipped></testcase><testcase classname="src.pymortests.operators" file="src/pymortests/operators.py" line="240" name="test_project_with_product_2[&lt;lambda&gt;22]" time="0.00043272972106933594"><skipped message="Suite splitting in effect" type="pytest.skip">src/pymortests/operators.py:240: &lt;py._xmlgen.raw object at 0x7fb2a8679f98&gt;</skipped></testcase><testcase classname="src.pymortests.operators" file="src/pymortests/operators.py" line="240" name="test_project_with_product_2[&lt;lambda&gt;23]" time="0.00045418739318847656"><skipped message="Suite splitting in effect" type="pytest.skip">src/pymortests/operators.py:240: &lt;py._xmlgen.raw object at 0x7fb29d443710&gt;</skipped></testcase><testcase classname="src.pymortests.operators" file="src/pymortests/operators.py" line="240" name="test_project_with_product_2[&lt;lambda&gt;24]" time="0.0004248619079589844"><skipped message="Suite splitting in effect" type="pytest.skip">src/pymortests/operators.py:240: &lt;py._xmlgen.raw object at 0x7fb29d406f28&gt;</skipped></testcase><testcase classname="src.pymortests.operators" file="src/pymortests/operators.py" line="240" name="test_project_with_product_2[&lt;lambda&gt;25]" time="0.0004620552062988281"><skipped message="Suite splitting in effect" type="pytest.skip">src/pymortests/operators.py:240: &lt;py._xmlgen.raw object at 0x7fb29d39ab70&gt;</skipped></testcase><testcase classname="src.pymortests.operators" file="src/pymortests/operators.py" line="240" name="test_project_with_product_2[&lt;lambda&gt;26]" time="0.000400543212890625"><skipped message="Suite splitting in effect" type="pytest.skip">src/pymortests/operators.py:240: &lt;py._xmlgen.raw object at 0x7fb29d39a160&gt;</skipped></testcase><testcase classname="src.pymortests.operators" file="src/pymortests/operators.py" line="240" name="test_project_with_product_2[&lt;lambda&gt;27]" time="0.0004382133483886719"><skipped message="Suite splitting in effect" type="pytest.skip">src/pymortests/operators.py:240: &lt;py._xmlgen.raw object at 0x7fb29d3a0048&gt;</skipped></testcase><testcase classname="src.pymortests.operators" file="src/pymortests/operators.py" line="240" name="test_project_with_product_2[&lt;lambda&gt;28]" time="0.0004589557647705078"><skipped message="Suite splitting in effect" type="pytest.skip">src/pymortests/operators.py:240: &lt;py._xmlgen.raw object at 0x7fb29d39ae10&gt;</skipped></testcase><testcase classname="src.pymortests.operators" file="src/pymortests/operators.py" line="240" name="test_project_with_product_2[&lt;lambda&gt;29]" time="0.0004451274871826172"><skipped message="Suite splitting in effect" type="pytest.skip">src/pymortests/operators.py:240: &lt;py._xmlgen.raw object at 0x7fb29d39a7f0&gt;</skipped></testcase><testcase classname="src.pymortests.operators" file="src/pymortests/operators.py" line="240" name="test_project_with_product_2[&lt;lambda&gt;30]" time="0.0004525184631347656"><skipped message="Suite splitting in effect" type="pytest.skip">src/pymortests/operators.py:240: &lt;py._xmlgen.raw object at 0x7fb29d406470&gt;</skipped></testcase><testcase classname="src.pymortests.operators" file="src/pymortests/operators.py" line="240" name="test_project_with_product_2[&lt;lambda&gt;31]" time="0.0004181861877441406"><skipped message="Suite splitting in effect" type="pytest.skip">src/pymortests/operators.py:240: &lt;py._xmlgen.raw object at 0x7fb29d3fcc18&gt;</skipped></testcase><testcase classname="src.pymortests.operators" file="src/pymortests/operators.py" line="240" name="test_project_with_product_2[&lt;lambda&gt;32]" time="0.0004146099090576172"><skipped message="Suite splitting in effect" type="pytest.skip">src/pymortests/operators.py:240: &lt;py._xmlgen.raw object at 0x7fb2a8679da0&gt;</skipped></testcase><testcase classname="src.pymortests.operators" file="src/pymortests/operators.py" line="240" name="test_project_with_product_2[&lt;lambda&gt;33]" time="0.0004737377166748047"><skipped message="Suite splitting in effect" type="pytest.skip">src/pymortests/operators.py:240: &lt;py._xmlgen.raw object at 0x7fb29d3f2ef0&gt;</skipped></testcase><testcase classname="src.pymortests.operators" file="src/pymortests/operators.py" line="240" name="test_project_with_product_2[&lt;lambda&gt;34]" time="0.0004482269287109375"><skipped message="Suite splitting in effect" type="pytest.skip">src/pymortests/operators.py:240: &lt;py._xmlgen.raw object at 0x7fb29d43d9b0&gt;</skipped></testcase><testcase classname="src.pymortests.operators" file="src/pymortests/operators.py" line="240" name="test_project_with_product_2[&lt;lambda&gt;35]" time="0.0004668235778808594"><skipped message="Suite splitting in effect" type="pytest.skip">src/pymortests/operators.py:240: &lt;py._xmlgen.raw object at 0x7fb29d3a0550&gt;</skipped></testcase><testcase classname="src.pymortests.operators" file="src/pymortests/operators.py" line="240" name="test_project_with_product_2[&lt;lambda&gt;36]" time="0.0007350444793701172"><skipped message="Suite splitting in effect" type="pytest.skip">src/pymortests/operators.py:240: &lt;py._xmlgen.raw object at 0x7fb29d3ebda0&gt;</skipped></testcase><testcase classname="src.pymortests.operators" file="src/pymortests/operators.py" line="256" name="test_jacobian[&lt;lambda&gt;0]" time="0.0004534721374511719"><skipped message="Suite splitting in effect" type="pytest.skip">src/pymortests/operators.py:256: &lt;py._xmlgen.raw object at 0x7fb2a866ada0&gt;</skipped></testcase><testcase classname="src.pymortests.operators" file="src/pymortests/operators.py" line="256" name="test_jacobian[&lt;lambda&gt;1]" time="0.0004467964172363281"><skipped message="Suite splitting in effect" type="pytest.skip">src/pymortests/operators.py:256: &lt;py._xmlgen.raw object at 0x7fb29d443c50&gt;</skipped></testcase><testcase classname="src.pymortests.operators" file="src/pymortests/operators.py" line="256" name="test_jacobian[&lt;lambda&gt;2]" time="0.0004241466522216797"><skipped message="Suite splitting in effect" type="pytest.skip">src/pymortests/operators.py:256: &lt;py._xmlgen.raw object at 0x7fb29d406d30&gt;</skipped></testcase><testcase classname="src.pymortests.operators" file="src/pymortests/operators.py" line="256" name="test_jacobian[&lt;lambda&gt;3]" time="0.0004265308380126953"><skipped message="Suite splitting in effect" type="pytest.skip">src/pymortests/operators.py:256: &lt;py._xmlgen.raw object at 0x7fb29d39acc0&gt;</skipped></testcase><testcase classname="src.pymortests.operators" file="src/pymortests/operators.py" line="256" name="test_jacobian[&lt;lambda&gt;4]" time="0.0004470348358154297"><skipped message="Suite splitting in effect" type="pytest.skip">src/pymortests/operators.py:256: &lt;py._xmlgen.raw object at 0x7fb29d39ae48&gt;</skipped></testcase><testcase classname="src.pymortests.operators" file="src/pymortests/operators.py" line="256" name="test_jacobian[&lt;lambda&gt;5]" time="0.0004057884216308594"><skipped message="Suite splitting in effect" type="pytest.skip">src/pymortests/operators.py:256: &lt;py._xmlgen.raw object at 0x7fb29d3a0048&gt;</skipped></testcase><testcase classname="src.pymortests.operators" file="src/pymortests/operators.py" line="256" name="test_jacobian[&lt;lambda&gt;6]" time="0.0004258155822753906"><skipped message="Suite splitting in effect" type="pytest.skip">src/pymortests/operators.py:256: &lt;py._xmlgen.raw object at 0x7fb29d3a0a90&gt;</skipped></testcase><testcase classname="src.pymortests.operators" file="src/pymortests/operators.py" line="256" name="test_jacobian[&lt;lambda&gt;7]" time="0.000701904296875"><skipped message="Suite splitting in effect" type="pytest.skip">src/pymortests/operators.py:256: &lt;py._xmlgen.raw object at 0x7fb29d39afd0&gt;</skipped></testcase><testcase classname="src.pymortests.operators" file="src/pymortests/operators.py" line="256" name="test_jacobian[&lt;lambda&gt;8]" time="0.0004603862762451172"><skipped message="Suite splitting in effect" type="pytest.skip">src/pymortests/operators.py:256: &lt;py._xmlgen.raw object at 0x7fb2d50ca5c0&gt;</skipped></testcase><testcase classname="src.pymortests.operators" file="src/pymortests/operators.py" line="256" name="test_jacobian[&lt;lambda&gt;9]" time="0.00043702125549316406"><skipped message="Suite splitting in effect" type="pytest.skip">src/pymortests/operators.py:256: &lt;py._xmlgen.raw object at 0x7fb29d406ef0&gt;</skipped></testcase><testcase classname="src.pymortests.operators" file="src/pymortests/operators.py" line="256" name="test_jacobian[&lt;lambda&gt;10]" time="0.0004401206970214844"><skipped message="Suite splitting in effect" type="pytest.skip">src/pymortests/operators.py:256: &lt;py._xmlgen.raw object at 0x7fb2a860e978&gt;</skipped></testcase><testcase classname="src.pymortests.operators" file="src/pymortests/operators.py" line="256" name="test_jacobian[&lt;lambda&gt;11]" time="0.0004050731658935547"><skipped message="Suite splitting in effect" type="pytest.skip">src/pymortests/operators.py:256: &lt;py._xmlgen.raw object at 0x7fb29d3f2940&gt;</skipped></testcase><testcase classname="src.pymortests.operators" file="src/pymortests/operators.py" line="256" name="test_jacobian[&lt;lambda&gt;12]" time="0.0004589557647705078"><skipped message="Suite splitting in effect" type="pytest.skip">src/pymortests/operators.py:256: &lt;py._xmlgen.raw object at 0x7fb29d3a0080&gt;</skipped></testcase><testcase classname="src.pymortests.operators" file="src/pymortests/operators.py" line="256" name="test_jacobian[&lt;lambda&gt;13]" time="0.000392913818359375"><skipped message="Suite splitting in effect" type="pytest.skip">src/pymortests/operators.py:256: &lt;py._xmlgen.raw object at 0x7fb29d3a0630&gt;</skipped></testcase><testcase classname="src.pymortests.operators" file="src/pymortests/operators.py" line="256" name="test_jacobian[&lt;lambda&gt;14]" time="0.0004210472106933594"><skipped message="Suite splitting in effect" type="pytest.skip">src/pymortests/operators.py:256: &lt;py._xmlgen.raw object at 0x7fb29d3ad390&gt;</skipped></testcase><testcase classname="src.pymortests.operators" file="src/pymortests/operators.py" line="256" name="test_jacobian[&lt;lambda&gt;15]" time="0.0007860660552978516"><skipped message="Suite splitting in effect" type="pytest.skip">src/pymortests/operators.py:256: &lt;py._xmlgen.raw object at 0x7fb29d3ad8d0&gt;</skipped></testcase><testcase classname="src.pymortests.operators" file="src/pymortests/operators.py" line="256" name="test_jacobian[&lt;lambda&gt;16]" time="0.00045800209045410156"><skipped message="Suite splitting in effect" type="pytest.skip">src/pymortests/operators.py:256: &lt;py._xmlgen.raw object at 0x7fb29d3a01d0&gt;</skipped></testcase><testcase classname="src.pymortests.operators" file="src/pymortests/operators.py" line="256" name="test_jacobian[&lt;lambda&gt;17]" time="0.00044989585876464844"><skipped message="Suite splitting in effect" type="pytest.skip">src/pymortests/operators.py:256: &lt;py._xmlgen.raw object at 0x7fb29d47e438&gt;</skipped></testcase><testcase classname="src.pymortests.operators" file="src/pymortests/operators.py" line="256" name="test_jacobian[&lt;lambda&gt;18]" time="0.0004425048828125"><skipped message="Suite splitting in effect" type="pytest.skip">src/pymortests/operators.py:256: &lt;py._xmlgen.raw object at 0x7fb29d3fc828&gt;</skipped></testcase><testcase classname="src.pymortests.operators" file="src/pymortests/operators.py" line="256" name="test_jacobian[&lt;lambda&gt;19]" time="0.0004639625549316406"><skipped message="Suite splitting in effect" type="pytest.skip">src/pymortests/operators.py:256: &lt;py._xmlgen.raw object at 0x7fb2a862c550&gt;</skipped></testcase><testcase classname="src.pymortests.operators" file="src/pymortests/operators.py" line="256" name="test_jacobian[&lt;lambda&gt;20]" time="0.0004343986511230469"><skipped message="Suite splitting in effect" type="pytest.skip">src/pymortests/operators.py:256: &lt;py._xmlgen.raw object at 0x7fb29d39aef0&gt;</skipped></testcase><testcase classname="src.pymortests.operators" file="src/pymortests/operators.py" line="256" name="test_jacobian[&lt;lambda&gt;21]" time="0.0004773139953613281"><skipped message="Suite splitting in effect" type="pytest.skip">src/pymortests/operators.py:256: &lt;py._xmlgen.raw object at 0x7fb29d3ad5f8&gt;</skipped></testcase><testcase classname="src.pymortests.operators" file="src/pymortests/operators.py" line="256" name="test_jacobian[&lt;lambda&gt;22]" time="0.0004191398620605469"><skipped message="Suite splitting in effect" type="pytest.skip">src/pymortests/operators.py:256: &lt;py._xmlgen.raw object at 0x7fb29d3ad208&gt;</skipped></testcase><testcase classname="src.pymortests.operators" file="src/pymortests/operators.py" line="256" name="test_jacobian[&lt;lambda&gt;23]" time="0.0007467269897460938"><skipped message="Suite splitting in effect" type="pytest.skip">src/pymortests/operators.py:256: &lt;py._xmlgen.raw object at 0x7fb29d3ade10&gt;</skipped></testcase><testcase classname="src.pymortests.operators" file="src/pymortests/operators.py" line="256" name="test_jacobian[&lt;lambda&gt;24]" time="0.0003936290740966797"><skipped message="Suite splitting in effect" type="pytest.skip">src/pymortests/operators.py:256: &lt;py._xmlgen.raw object at 0x7fb2a8646c50&gt;</skipped></testcase><testcase classname="src.pymortests.operators" file="src/pymortests/operators.py" line="256" name="test_jacobian[&lt;lambda&gt;25]" time="0.0005261898040771484"><skipped message="Suite splitting in effect" type="pytest.skip">src/pymortests/operators.py:256: &lt;py._xmlgen.raw object at 0x7fb2a862c358&gt;</skipped></testcase><testcase classname="src.pymortests.operators" file="src/pymortests/operators.py" line="256" name="test_jacobian[&lt;lambda&gt;26]" time="0.0006771087646484375"><skipped message="Suite splitting in effect" type="pytest.skip">src/pymortests/operators.py:256: &lt;py._xmlgen.raw object at 0x7fb2a860e978&gt;</skipped></testcase><testcase classname="src.pymortests.operators" file="src/pymortests/operators.py" line="256" name="test_jacobian[&lt;lambda&gt;27]" time="0.0006203651428222656"><skipped message="Suite splitting in effect" type="pytest.skip">src/pymortests/operators.py:256: &lt;py._xmlgen.raw object at 0x7fb29d3a0128&gt;</skipped></testcase><testcase classname="src.pymortests.operators" file="src/pymortests/operators.py" line="256" name="test_jacobian[&lt;lambda&gt;28]" time="0.00046181678771972656"><skipped message="Suite splitting in effect" type="pytest.skip">src/pymortests/operators.py:256: &lt;py._xmlgen.raw object at 0x7fb29d3a0630&gt;</skipped></testcase><testcase classname="src.pymortests.operators" file="src/pymortests/operators.py" line="256" name="test_jacobian[&lt;lambda&gt;29]" time="0.00047016143798828125"><skipped message="Suite splitting in effect" type="pytest.skip">src/pymortests/operators.py:256: &lt;py._xmlgen.raw object at 0x7fb29d3adc18&gt;</skipped></testcase><testcase classname="src.pymortests.operators" file="src/pymortests/operators.py" line="256" name="test_jacobian[&lt;lambda&gt;30]" time="0.0004482269287109375"><skipped message="Suite splitting in effect" type="pytest.skip">src/pymortests/operators.py:256: &lt;py._xmlgen.raw object at 0x7fb29d3ad5c0&gt;</skipped></testcase><testcase classname="src.pymortests.operators" file="src/pymortests/operators.py" line="256" name="test_jacobian[&lt;lambda&gt;31]" time="0.0004508495330810547"><skipped message="Suite splitting in effect" type="pytest.skip">src/pymortests/operators.py:256: &lt;py._xmlgen.raw object at 0x7fb29d3b6470&gt;</skipped></testcase><testcase classname="src.pymortests.operators" file="src/pymortests/operators.py" line="256" name="test_jacobian[&lt;lambda&gt;32]" time="0.0004665851593017578"><skipped message="Suite splitting in effect" type="pytest.skip">src/pymortests/operators.py:256: &lt;py._xmlgen.raw object at 0x7fb29d3ad0b8&gt;</skipped></testcase><testcase classname="src.pymortests.operators" file="src/pymortests/operators.py" line="256" name="test_jacobian[&lt;lambda&gt;33]" time="0.0004775524139404297"><skipped message="Suite splitting in effect" type="pytest.skip">src/pymortests/operators.py:256: &lt;py._xmlgen.raw object at 0x7fb29d3a0630&gt;</skipped></testcase><testcase classname="src.pymortests.operators" file="src/pymortests/operators.py" line="256" name="test_jacobian[&lt;lambda&gt;34]" time="0.0004627704620361328"><skipped message="Suite splitting in effect" type="pytest.skip">src/pymortests/operators.py:256: &lt;py._xmlgen.raw object at 0x7fb2a866a9b0&gt;</skipped></testcase><testcase classname="src.pymortests.operators" file="src/pymortests/operators.py" line="256" name="test_jacobian[&lt;lambda&gt;35]" time="0.0004057884216308594"><skipped message="Suite splitting in effect" type="pytest.skip">src/pymortests/operators.py:256: &lt;py._xmlgen.raw object at 0x7fb29d443710&gt;</skipped></testcase><testcase classname="src.pymortests.operators" file="src/pymortests/operators.py" line="256" name="test_jacobian[&lt;lambda&gt;36]" time="0.000461578369140625"><skipped message="Suite splitting in effect" type="pytest.skip">src/pymortests/operators.py:256: &lt;py._xmlgen.raw object at 0x7fb2a86469b0&gt;</skipped></testcase><testcase classname="src.pymortests.operators" file="src/pymortests/operators.py" line="256" name="test_jacobian[&lt;lambda&gt;37]" time="0.00045037269592285156"><skipped message="Suite splitting in effect" type="pytest.skip">src/pymortests/operators.py:256: &lt;py._xmlgen.raw object at 0x7fb29d39afd0&gt;</skipped></testcase><testcase classname="src.pymortests.operators" file="src/pymortests/operators.py" line="256" name="test_jacobian[&lt;lambda&gt;38]" time="0.0004456043243408203"><skipped message="Suite splitting in effect" type="pytest.skip">src/pymortests/operators.py:256: &lt;py._xmlgen.raw object at 0x7fb29d3b61d0&gt;</skipped></testcase><testcase classname="src.pymortests.operators" file="src/pymortests/operators.py" line="256" name="test_jacobian[&lt;lambda&gt;39]" time="0.0004439353942871094"><skipped message="Suite splitting in effect" type="pytest.skip">src/pymortests/operators.py:256: &lt;py._xmlgen.raw object at 0x7fb29d3b6978&gt;</skipped></testcase><testcase classname="src.pymortests.operators" file="src/pymortests/operators.py" line="256" name="test_jacobian[&lt;lambda&gt;40]" time="0.0005190372467041016"><skipped message="Suite splitting in effect" type="pytest.skip">src/pymortests/operators.py:256: &lt;py._xmlgen.raw object at 0x7fb2a862c550&gt;</skipped></testcase><testcase classname="src.pymortests.operators" file="src/pymortests/operators.py" line="269" name="test_assemble[&lt;lambda&gt;0]" time="0.00043845176696777344"><skipped message="Suite splitting in effect" type="pytest.skip">src/pymortests/operators.py:269: &lt;py._xmlgen.raw object at 0x7fb29d3f2be0&gt;</skipped></testcase><testcase classname="src.pymortests.operators" file="src/pymortests/operators.py" line="269" name="test_assemble[&lt;lambda&gt;1]" time="0.0004856586456298828"><skipped message="Suite splitting in effect" type="pytest.skip">src/pymortests/operators.py:269: &lt;py._xmlgen.raw object at 0x7fb29d3adf98&gt;</skipped></testcase><testcase classname="src.pymortests.operators" file="src/pymortests/operators.py" line="269" name="test_assemble[&lt;lambda&gt;2]" time="0.0004367828369140625"><skipped message="Suite splitting in effect" type="pytest.skip">src/pymortests/operators.py:269: &lt;py._xmlgen.raw object at 0x7fb29d3ad438&gt;</skipped></testcase><testcase classname="src.pymortests.operators" file="src/pymortests/operators.py" line="269" name="test_assemble[&lt;lambda&gt;3]" time="0.0004379749298095703"><skipped message="Suite splitting in effect" type="pytest.skip">src/pymortests/operators.py:269: &lt;py._xmlgen.raw object at 0x7fb29d3a0be0&gt;</skipped></testcase><testcase classname="src.pymortests.operators" file="src/pymortests/operators.py" line="269" name="test_assemble[&lt;lambda&gt;4]" time="0.00044918060302734375"><skipped message="Suite splitting in effect" type="pytest.skip">src/pymortests/operators.py:269: &lt;py._xmlgen.raw object at 0x7fb29d3a0e80&gt;</skipped></testcase><testcase classname="src.pymortests.operators" file="src/pymortests/operators.py" line="269" name="test_assemble[&lt;lambda&gt;5]" time="0.00044226646423339844"><skipped message="Suite splitting in effect" type="pytest.skip">src/pymortests/operators.py:269: &lt;py._xmlgen.raw object at 0x7fb29d39ae48&gt;</skipped></testcase><testcase classname="src.pymortests.operators" file="src/pymortests/operators.py" line="269" name="test_assemble[&lt;lambda&gt;6]" time="0.00047659873962402344"><skipped message="Suite splitting in effect" type="pytest.skip">src/pymortests/operators.py:269: &lt;py._xmlgen.raw object at 0x7fb29d406ef0&gt;</skipped></testcase><testcase classname="src.pymortests.operators" file="src/pymortests/operators.py" line="269" name="test_assemble[&lt;lambda&gt;7]" time="0.0008342266082763672"><skipped message="Suite splitting in effect" type="pytest.skip">src/pymortests/operators.py:269: &lt;py._xmlgen.raw object at 0x7fb29d41e748&gt;</skipped></testcase><testcase classname="src.pymortests.operators" file="src/pymortests/operators.py" line="269" name="test_assemble[&lt;lambda&gt;8]" time="0.0004413127899169922"><skipped message="Suite splitting in effect" type="pytest.skip">src/pymortests/operators.py:269: &lt;py._xmlgen.raw object at 0x7fb29d3a01d0&gt;</skipped></testcase><testcase classname="src.pymortests.operators" file="src/pymortests/operators.py" line="269" name="test_assemble[&lt;lambda&gt;9]" time="0.00046634674072265625"><skipped message="Suite splitting in effect" type="pytest.skip">src/pymortests/operators.py:269: &lt;py._xmlgen.raw object at 0x7fb2a85cbb38&gt;</skipped></testcase><testcase classname="src.pymortests.operators" file="src/pymortests/operators.py" line="269" name="test_assemble[&lt;lambda&gt;10]" time="0.00042510032653808594"><skipped message="Suite splitting in effect" type="pytest.skip">src/pymortests/operators.py:269: &lt;py._xmlgen.raw object at 0x7fb29d3ade48&gt;</skipped></testcase><testcase classname="src.pymortests.operators" file="src/pymortests/operators.py" line="269" name="test_assemble[&lt;lambda&gt;11]" time="0.0004394054412841797"><skipped message="Suite splitting in effect" type="pytest.skip">src/pymortests/operators.py:269: &lt;py._xmlgen.raw object at 0x7fb29d3adf98&gt;</skipped></testcase><testcase classname="src.pymortests.operators" file="src/pymortests/operators.py" line="269" name="test_assemble[&lt;lambda&gt;12]" time="0.00047516822814941406"><skipped message="Suite splitting in effect" type="pytest.skip">src/pymortests/operators.py:269: &lt;py._xmlgen.raw object at 0x7fb2a862cfd0&gt;</skipped></testcase><testcase classname="src.pymortests.operators" file="src/pymortests/operators.py" line="269" name="test_assemble[&lt;lambda&gt;13]" time="0.00042700767517089844"><skipped message="Suite splitting in effect" type="pytest.skip">src/pymortests/operators.py:269: &lt;py._xmlgen.raw object at 0x7fb2a863b0b8&gt;</skipped></testcase><testcase classname="src.pymortests.operators" file="src/pymortests/operators.py" line="269" name="test_assemble[&lt;lambda&gt;14]" time="0.00044608116149902344"><skipped message="Suite splitting in effect" type="pytest.skip">src/pymortests/operators.py:269: &lt;py._xmlgen.raw object at 0x7fb2a86947b8&gt;</skipped></testcase><testcase classname="src.pymortests.operators" file="src/pymortests/operators.py" line="269" name="test_assemble[&lt;lambda&gt;15]" time="0.00043892860412597656"><skipped message="Suite splitting in effect" type="pytest.skip">src/pymortests/operators.py:269: &lt;py._xmlgen.raw object at 0x7fb2a85df0b8&gt;</skipped></testcase><testcase classname="src.pymortests.operators" file="src/pymortests/operators.py" line="269" name="test_assemble[&lt;lambda&gt;16]" time="0.00045561790466308594"><skipped message="Suite splitting in effect" type="pytest.skip">src/pymortests/operators.py:269: &lt;py._xmlgen.raw object at 0x7fb2a863b6a0&gt;</skipped></testcase><testcase classname="src.pymortests.operators" file="src/pymortests/operators.py" line="269" name="test_assemble[&lt;lambda&gt;17]" time="0.00045680999755859375"><skipped message="Suite splitting in effect" type="pytest.skip">src/pymortests/operators.py:269: &lt;py._xmlgen.raw object at 0x7fb29d3fcdd8&gt;</skipped></testcase><testcase classname="src.pymortests.operators" file="src/pymortests/operators.py" line="269" name="test_assemble[&lt;lambda&gt;18]" time="0.00046181678771972656"><skipped message="Suite splitting in effect" type="pytest.skip">src/pymortests/operators.py:269: &lt;py._xmlgen.raw object at 0x7fb29d3ada20&gt;</skipped></testcase><testcase classname="src.pymortests.operators" file="src/pymortests/operators.py" line="269" name="test_assemble[&lt;lambda&gt;19]" time="0.0004153251647949219"><skipped message="Suite splitting in effect" type="pytest.skip">src/pymortests/operators.py:269: &lt;py._xmlgen.raw object at 0x7fb2a85cbe80&gt;</skipped></testcase><testcase classname="src.pymortests.operators" file="src/pymortests/operators.py" line="269" name="test_assemble[&lt;lambda&gt;20]" time="0.0005974769592285156"><skipped message="Suite splitting in effect" type="pytest.skip">src/pymortests/operators.py:269: &lt;py._xmlgen.raw object at 0x7fb29d3a0f28&gt;</skipped></testcase><testcase classname="src.pymortests.operators" file="src/pymortests/operators.py" line="269" name="test_assemble[&lt;lambda&gt;21]" time="0.0006320476531982422"><skipped message="Suite splitting in effect" type="pytest.skip">src/pymortests/operators.py:269: &lt;py._xmlgen.raw object at 0x7fb2a8747fd0&gt;</skipped></testcase><testcase classname="src.pymortests.operators" file="src/pymortests/operators.py" line="269" name="test_assemble[&lt;lambda&gt;22]" time="0.0004413127899169922"><skipped message="Suite splitting in effect" type="pytest.skip">src/pymortests/operators.py:269: &lt;py._xmlgen.raw object at 0x7fb29d3b6470&gt;</skipped></testcase><testcase classname="src.pymortests.operators" file="src/pymortests/operators.py" line="269" name="test_assemble[&lt;lambda&gt;23]" time="0.0007350444793701172"><skipped message="Suite splitting in effect" type="pytest.skip">src/pymortests/operators.py:269: &lt;py._xmlgen.raw object at 0x7fb29d3c50b8&gt;</skipped></testcase><testcase classname="src.pymortests.operators" file="src/pymortests/operators.py" line="269" name="test_assemble[&lt;lambda&gt;24]" time="0.00044035911560058594"><skipped message="Suite splitting in effect" type="pytest.skip">src/pymortests/operators.py:269: &lt;py._xmlgen.raw object at 0x7fb29d3a0f28&gt;</skipped></testcase><testcase classname="src.pymortests.operators" file="src/pymortests/operators.py" line="269" name="test_assemble[&lt;lambda&gt;25]" time="0.00041413307189941406"><skipped message="Suite splitting in effect" type="pytest.skip">src/pymortests/operators.py:269: &lt;py._xmlgen.raw object at 0x7fb2a866afd0&gt;</skipped></testcase><testcase classname="src.pymortests.operators" file="src/pymortests/operators.py" line="269" name="test_assemble[&lt;lambda&gt;26]" time="0.0005960464477539062"><skipped message="Suite splitting in effect" type="pytest.skip">src/pymortests/operators.py:269: &lt;py._xmlgen.raw object at 0x7fb29d3ad898&gt;</skipped></testcase><testcase classname="src.pymortests.operators" file="src/pymortests/operators.py" line="269" name="test_assemble[&lt;lambda&gt;27]" time="0.0004172325134277344"><skipped message="Suite splitting in effect" type="pytest.skip">src/pymortests/operators.py:269: &lt;py._xmlgen.raw object at 0x7fb29d406438&gt;</skipped></testcase><testcase classname="src.pymortests.operators" file="src/pymortests/operators.py" line="269" name="test_assemble[&lt;lambda&gt;28]" time="0.00042128562927246094"><skipped message="Suite splitting in effect" type="pytest.skip">src/pymortests/operators.py:269: &lt;py._xmlgen.raw object at 0x7fb29d3b6cc0&gt;</skipped></testcase><testcase classname="src.pymortests.operators" file="src/pymortests/operators.py" line="269" name="test_assemble[&lt;lambda&gt;29]" time="0.00044536590576171875"><skipped message="Suite splitting in effect" type="pytest.skip">src/pymortests/operators.py:269: &lt;py._xmlgen.raw object at 0x7fb29d3b6080&gt;</skipped></testcase><testcase classname="src.pymortests.operators" file="src/pymortests/operators.py" line="269" name="test_assemble[&lt;lambda&gt;30]" time="0.0004639625549316406"><skipped message="Suite splitting in effect" type="pytest.skip">src/pymortests/operators.py:269: &lt;py._xmlgen.raw object at 0x7fb2a85df208&gt;</skipped></testcase><testcase classname="src.pymortests.operators" file="src/pymortests/operators.py" line="269" name="test_assemble[&lt;lambda&gt;31]" time="0.00047016143798828125"><skipped message="Suite splitting in effect" type="pytest.skip">src/pymortests/operators.py:269: &lt;py._xmlgen.raw object at 0x7fb29d3c55f8&gt;</skipped></testcase><testcase classname="src.pymortests.operators" file="src/pymortests/operators.py" line="269" name="test_assemble[&lt;lambda&gt;32]" time="0.00043773651123046875"><skipped message="Suite splitting in effect" type="pytest.skip">src/pymortests/operators.py:269: &lt;py._xmlgen.raw object at 0x7fb29d3b6860&gt;</skipped></testcase><testcase classname="src.pymortests.operators" file="src/pymortests/operators.py" line="269" name="test_assemble[&lt;lambda&gt;33]" time="0.000415802001953125"><skipped message="Suite splitting in effect" type="pytest.skip">src/pymortests/operators.py:269: &lt;py._xmlgen.raw object at 0x7fb29d3b6cc0&gt;</skipped></testcase><testcase classname="src.pymortests.operators" file="src/pymortests/operators.py" line="269" name="test_assemble[&lt;lambda&gt;34]" time="0.00043010711669921875"><skipped message="Suite splitting in effect" type="pytest.skip">src/pymortests/operators.py:269: &lt;py._xmlgen.raw object at 0x7fb2a862ca90&gt;</skipped></testcase><testcase classname="src.pymortests.operators" file="src/pymortests/operators.py" line="269" name="test_assemble[&lt;lambda&gt;35]" time="0.0004363059997558594"><skipped message="Suite splitting in effect" type="pytest.skip">src/pymortests/operators.py:269: &lt;py._xmlgen.raw object at 0x7fb29d3ada58&gt;</skipped></testcase><testcase classname="src.pymortests.operators" file="src/pymortests/operators.py" line="269" name="test_assemble[&lt;lambda&gt;36]" time="0.00044655799865722656"><skipped message="Suite splitting in effect" type="pytest.skip">src/pymortests/operators.py:269: &lt;py._xmlgen.raw object at 0x7fb2a861e828&gt;</skipped></testcase><testcase classname="src.pymortests.operators" file="src/pymortests/operators.py" line="269" name="test_assemble[&lt;lambda&gt;37]" time="0.00046062469482421875"><skipped message="Suite splitting in effect" type="pytest.skip">src/pymortests/operators.py:269: &lt;py._xmlgen.raw object at 0x7fb29d3a06a0&gt;</skipped></testcase><testcase classname="src.pymortests.operators" file="src/pymortests/operators.py" line="269" name="test_assemble[&lt;lambda&gt;38]" time="0.0004265308380126953"><skipped message="Suite splitting in effect" type="pytest.skip">src/pymortests/operators.py:269: &lt;py._xmlgen.raw object at 0x7fb29d3c5358&gt;</skipped></testcase><testcase classname="src.pymortests.operators" file="src/pymortests/operators.py" line="269" name="test_assemble[&lt;lambda&gt;39]" time="0.0004987716674804688"><skipped message="Suite splitting in effect" type="pytest.skip">src/pymortests/operators.py:269: &lt;py._xmlgen.raw object at 0x7fb29d3c5b00&gt;</skipped></testcase><testcase classname="src.pymortests.operators" file="src/pymortests/operators.py" line="269" name="test_assemble[&lt;lambda&gt;40]" time="0.0007443428039550781"><skipped message="Suite splitting in effect" type="pytest.skip">src/pymortests/operators.py:269: &lt;py._xmlgen.raw object at 0x7fb29d3a0cf8&gt;</skipped></testcase><testcase classname="src.pymortests.operators" file="src/pymortests/operators.py" line="298" name="test_restricted[&lt;lambda&gt;0]" time="0.0004265308380126953"><skipped message="Suite splitting in effect" type="pytest.skip">src/pymortests/operators.py:298: &lt;py._xmlgen.raw object at 0x7fb29d406f28&gt;</skipped></testcase><testcase classname="src.pymortests.operators" file="src/pymortests/operators.py" line="298" name="test_restricted[&lt;lambda&gt;1]" time="0.00041365623474121094"><skipped message="Suite splitting in effect" type="pytest.skip">src/pymortests/operators.py:298: &lt;py._xmlgen.raw object at 0x7fb2a862cbe0&gt;</skipped></testcase><testcase classname="src.pymortests.operators" file="src/pymortests/operators.py" line="298" name="test_restricted[&lt;lambda&gt;2]" time="0.0004439353942871094"><skipped message="Suite splitting in effect" type="pytest.skip">src/pymortests/operators.py:298: &lt;py._xmlgen.raw object at 0x7fb29d3b6ac8&gt;</skipped></testcase><testcase classname="src.pymortests.operators" file="src/pymortests/operators.py" line="298" name="test_restricted[&lt;lambda&gt;3]" time="0.0006833076477050781"><skipped message="Suite splitting in effect" type="pytest.skip">src/pymortests/operators.py:298: &lt;py._xmlgen.raw object at 0x7fb2a85dff28&gt;</skipped></testcase><testcase classname="src.pymortests.operators" file="src/pymortests/operators.py" line="298" name="test_restricted[&lt;lambda&gt;4]" time="0.0004413127899169922"><skipped message="Suite splitting in effect" type="pytest.skip">src/pymortests/operators.py:298: &lt;py._xmlgen.raw object at 0x7fb29d3c5cf8&gt;</skipped></testcase><testcase classname="src.pymortests.operators" file="src/pymortests/operators.py" line="298" name="test_restricted[&lt;lambda&gt;5]" time="0.00045609474182128906"><skipped message="Suite splitting in effect" type="pytest.skip">src/pymortests/operators.py:298: &lt;py._xmlgen.raw object at 0x7fb29d3c5748&gt;</skipped></testcase><testcase classname="src.pymortests.operators" file="src/pymortests/operators.py" line="298" name="test_restricted[&lt;lambda&gt;6]" time="0.0007741451263427734"><skipped message="Suite splitting in effect" type="pytest.skip">src/pymortests/operators.py:298: &lt;py._xmlgen.raw object at 0x7fb29d34f080&gt;</skipped></testcase><testcase classname="src.pymortests.operators" file="src/pymortests/operators.py" line="298" name="test_restricted[&lt;lambda&gt;7]" time="0.0008690357208251953"><skipped message="Suite splitting in effect" type="pytest.skip">src/pymortests/operators.py:298: &lt;py._xmlgen.raw object at 0x7fb29d3c55f8&gt;</skipped></testcase><testcase classname="src.pymortests.operators" file="src/pymortests/operators.py" line="298" name="test_restricted[&lt;lambda&gt;8]" time="0.000423431396484375"><skipped message="Suite splitting in effect" type="pytest.skip">src/pymortests/operators.py:298: &lt;py._xmlgen.raw object at 0x7fb29d3c5940&gt;</skipped></testcase><testcase classname="src.pymortests.operators" file="src/pymortests/operators.py" line="298" name="test_restricted[&lt;lambda&gt;9]" time="0.0008273124694824219"><skipped message="Suite splitting in effect" type="pytest.skip">src/pymortests/operators.py:298: &lt;py._xmlgen.raw object at 0x7fb2a85df6a0&gt;</skipped></testcase><testcase classname="src.pymortests.operators" file="src/pymortests/operators.py" line="298" name="test_restricted[&lt;lambda&gt;10]" time="0.00045180320739746094"><skipped message="Suite splitting in effect" type="pytest.skip">src/pymortests/operators.py:298: &lt;py._xmlgen.raw object at 0x7fb29d3b6ef0&gt;</skipped></testcase><testcase classname="src.pymortests.operators" file="src/pymortests/operators.py" line="298" name="test_restricted[&lt;lambda&gt;11]" time="0.0004317760467529297"><skipped message="Suite splitting in effect" type="pytest.skip">src/pymortests/operators.py:298: &lt;py._xmlgen.raw object at 0x7fb29d3ad208&gt;</skipped></testcase><testcase classname="src.pymortests.operators" file="src/pymortests/operators.py" line="298" name="test_restricted[&lt;lambda&gt;12]" time="0.0005350112915039062"><skipped message="Suite splitting in effect" type="pytest.skip">src/pymortests/operators.py:298: &lt;py._xmlgen.raw object at 0x7fb2a8679f98&gt;</skipped></testcase><testcase classname="src.pymortests.operators" file="src/pymortests/operators.py" line="298" name="test_restricted[&lt;lambda&gt;13]" time="0.00045371055603027344"><skipped message="Suite splitting in effect" type="pytest.skip">src/pymortests/operators.py:298: &lt;py._xmlgen.raw object at 0x7fb29d34f240&gt;</skipped></testcase><testcase classname="src.pymortests.operators" file="src/pymortests/operators.py" line="298" name="test_restricted[&lt;lambda&gt;14]" time="0.00046634674072265625"><skipped message="Suite splitting in effect" type="pytest.skip">src/pymortests/operators.py:298: &lt;py._xmlgen.raw object at 0x7fb29d34f940&gt;</skipped></testcase><testcase classname="src.pymortests.operators" file="src/pymortests/operators.py" line="298" name="test_restricted[&lt;lambda&gt;15]" time="0.0007801055908203125"><skipped message="Suite splitting in effect" type="pytest.skip">src/pymortests/operators.py:298: &lt;py._xmlgen.raw object at 0x7fb29d34fe80&gt;</skipped></testcase><testcase classname="src.pymortests.operators" file="src/pymortests/operators.py" line="298" name="test_restricted[&lt;lambda&gt;16]" time="0.00043201446533203125"><skipped message="Suite splitting in effect" type="pytest.skip">src/pymortests/operators.py:298: &lt;py._xmlgen.raw object at 0x7fb2a85edf28&gt;</skipped></testcase><testcase classname="src.pymortests.operators" file="src/pymortests/operators.py" line="298" name="test_restricted[&lt;lambda&gt;17]" time="0.00045299530029296875"><skipped message="Suite splitting in effect" type="pytest.skip">src/pymortests/operators.py:298: &lt;py._xmlgen.raw object at 0x7fb2a863b160&gt;</skipped></testcase><testcase classname="src.pymortests.operators" file="src/pymortests/operators.py" line="298" name="test_restricted[&lt;lambda&gt;18]" time="0.0005173683166503906"><skipped message="Suite splitting in effect" type="pytest.skip">src/pymortests/operators.py:298: &lt;py._xmlgen.raw object at 0x7fb2a85dffd0&gt;</skipped></testcase><testcase classname="src.pymortests.operators" file="src/pymortests/operators.py" line="298" name="test_restricted[&lt;lambda&gt;19]" time="0.0008397102355957031"><skipped message="Suite splitting in effect" type="pytest.skip">src/pymortests/operators.py:298: &lt;py._xmlgen.raw object at 0x7fb2a8600400&gt;</skipped></testcase><testcase classname="src.pymortests.operators" file="src/pymortests/operators.py" line="298" name="test_restricted[&lt;lambda&gt;20]" time="0.0004706382751464844"><skipped message="Suite splitting in effect" type="pytest.skip">src/pymortests/operators.py:298: &lt;py._xmlgen.raw object at 0x7fb29d3c5358&gt;</skipped></testcase><testcase classname="src.pymortests.operators" file="src/pymortests/operators.py" line="298" name="test_restricted[&lt;lambda&gt;21]" time="0.0004904270172119141"><skipped message="Suite splitting in effect" type="pytest.skip">src/pymortests/operators.py:298: &lt;py._xmlgen.raw object at 0x7fb29d34fcc0&gt;</skipped></testcase><testcase classname="src.pymortests.operators" file="src/pymortests/operators.py" line="298" name="test_restricted[&lt;lambda&gt;22]" time="0.0005145072937011719"><skipped message="Suite splitting in effect" type="pytest.skip">src/pymortests/operators.py:298: &lt;py._xmlgen.raw object at 0x7fb29d34f048&gt;</skipped></testcase><testcase classname="src.pymortests.operators" file="src/pymortests/operators.py" line="298" name="test_restricted[&lt;lambda&gt;23]" time="0.0007479190826416016"><skipped message="Suite splitting in effect" type="pytest.skip">src/pymortests/operators.py:298: &lt;py._xmlgen.raw object at 0x7fb29d35a400&gt;</skipped></testcase><testcase classname="src.pymortests.operators" file="src/pymortests/operators.py" line="298" name="test_restricted[&lt;lambda&gt;24]" time="0.00042438507080078125"><skipped message="Suite splitting in effect" type="pytest.skip">src/pymortests/operators.py:298: &lt;py._xmlgen.raw object at 0x7fb29d34fcc0&gt;</skipped></testcase><testcase classname="src.pymortests.operators" file="src/pymortests/operators.py" line="298" name="test_restricted[&lt;lambda&gt;25]" time="0.0005023479461669922"><skipped message="Suite splitting in effect" type="pytest.skip">src/pymortests/operators.py:298: &lt;py._xmlgen.raw object at 0x7fb29d3c52e8&gt;</skipped></testcase><testcase classname="src.pymortests.operators" file="src/pymortests/operators.py" line="298" name="test_restricted[&lt;lambda&gt;26]" time="0.0004665851593017578"><skipped message="Suite splitting in effect" type="pytest.skip">src/pymortests/operators.py:298: &lt;py._xmlgen.raw object at 0x7fb2a8600400&gt;</skipped></testcase><testcase classname="src.pymortests.operators" file="src/pymortests/operators.py" line="298" name="test_restricted[&lt;lambda&gt;27]" time="0.0004673004150390625"><skipped message="Suite splitting in effect" type="pytest.skip">src/pymortests/operators.py:298: &lt;py._xmlgen.raw object at 0x7fb29d3b6ef0&gt;</skipped></testcase><testcase classname="src.pymortests.operators" file="src/pymortests/operators.py" line="298" name="test_restricted[&lt;lambda&gt;28]" time="0.0004258155822753906"><skipped message="Suite splitting in effect" type="pytest.skip">src/pymortests/operators.py:298: &lt;py._xmlgen.raw object at 0x7fb29d3ad5f8&gt;</skipped></testcase><testcase classname="src.pymortests.operators" file="src/pymortests/operators.py" line="298" name="test_restricted[&lt;lambda&gt;29]" time="0.0004341602325439453"><skipped message="Suite splitting in effect" type="pytest.skip">src/pymortests/operators.py:298: &lt;py._xmlgen.raw object at 0x7fb2a866a9b0&gt;</skipped></testcase><testcase classname="src.pymortests.operators" file="src/pymortests/operators.py" line="298" name="test_restricted[&lt;lambda&gt;30]" time="0.0004715919494628906"><skipped message="Suite splitting in effect" type="pytest.skip">src/pymortests/operators.py:298: &lt;py._xmlgen.raw object at 0x7fb29d35a240&gt;</skipped></testcase><testcase classname="src.pymortests.operators" file="src/pymortests/operators.py" line="298" name="test_restricted[&lt;lambda&gt;31]" time="0.0004343986511230469"><skipped message="Suite splitting in effect" type="pytest.skip">src/pymortests/operators.py:298: &lt;py._xmlgen.raw object at 0x7fb29d35aa20&gt;</skipped></testcase><testcase classname="src.pymortests.operators" file="src/pymortests/operators.py" line="298" name="test_restricted[&lt;lambda&gt;32]" time="0.00051116943359375"><skipped message="Suite splitting in effect" type="pytest.skip">src/pymortests/operators.py:298: &lt;py._xmlgen.raw object at 0x7fb29d3addd8&gt;</skipped></testcase><testcase classname="src.pymortests.operators" file="src/pymortests/operators.py" line="298" name="test_restricted[&lt;lambda&gt;33]" time="0.0004982948303222656"><skipped message="Suite splitting in effect" type="pytest.skip">src/pymortests/operators.py:298: &lt;py._xmlgen.raw object at 0x7fb29d3b6278&gt;</skipped></testcase><testcase classname="src.pymortests.operators" file="src/pymortests/operators.py" line="298" name="test_restricted[&lt;lambda&gt;34]" time="0.0004429817199707031"><skipped message="Suite splitting in effect" type="pytest.skip">src/pymortests/operators.py:298: &lt;py._xmlgen.raw object at 0x7fb2a8600940&gt;</skipped></testcase><testcase classname="src.pymortests.operators" file="src/pymortests/operators.py" line="298" name="test_restricted[&lt;lambda&gt;35]" time="0.00046706199645996094"><skipped message="Suite splitting in effect" type="pytest.skip">src/pymortests/operators.py:298: &lt;py._xmlgen.raw object at 0x7fb29d3c5ba8&gt;</skipped></testcase><testcase classname="src.pymortests.operators" file="src/pymortests/operators.py" line="298" name="test_restricted[&lt;lambda&gt;36]" time="0.0004124641418457031"><skipped message="Suite splitting in effect" type="pytest.skip">src/pymortests/operators.py:298: &lt;py._xmlgen.raw object at 0x7fb29d34fcf8&gt;</skipped></testcase><testcase classname="src.pymortests.operators" file="src/pymortests/operators.py" line="298" name="test_restricted[&lt;lambda&gt;37]" time="0.0004544258117675781"><skipped message="Suite splitting in effect" type="pytest.skip">src/pymortests/operators.py:298: &lt;py._xmlgen.raw object at 0x7fb29d35ab00&gt;</skipped></testcase><testcase classname="src.pymortests.operators" file="src/pymortests/operators.py" line="298" name="test_restricted[&lt;lambda&gt;38]" time="0.0004630088806152344"><skipped message="Suite splitting in effect" type="pytest.skip">src/pymortests/operators.py:298: &lt;py._xmlgen.raw object at 0x7fb29d35a320&gt;</skipped></testcase><testcase classname="src.pymortests.operators" file="src/pymortests/operators.py" line="298" name="test_restricted[&lt;lambda&gt;39]" time="0.00046825408935546875"><skipped message="Suite splitting in effect" type="pytest.skip">src/pymortests/operators.py:298: &lt;py._xmlgen.raw object at 0x7fb29d35af28&gt;</skipped></testcase><testcase classname="src.pymortests.operators" file="src/pymortests/operators.py" line="298" name="test_restricted[&lt;lambda&gt;40]" time="0.001047372817993164"><skipped message="Suite splitting in effect" type="pytest.skip">src/pymortests/operators.py:298: &lt;py._xmlgen.raw object at 0x7fb29d35add8&gt;</skipped></testcase><testcase classname="src.pymortests.operators" file="src/pymortests/operators.py" line="314" name="test_InverseOperator[&lt;lambda&gt;0]" time="0.0004565715789794922"><skipped message="Suite splitting in effect" type="pytest.skip">src/pymortests/operators.py:314: &lt;py._xmlgen.raw object at 0x7fb29d34f128&gt;</skipped></testcase><testcase classname="src.pymortests.operators" file="src/pymortests/operators.py" line="314" name="test_InverseOperator[&lt;lambda&gt;1]" time="0.0004899501800537109"><skipped message="Suite splitting in effect" type="pytest.skip">src/pymortests/operators.py:314: &lt;py._xmlgen.raw object at 0x7fb29d34f048&gt;</skipped></testcase><testcase classname="src.pymortests.operators" file="src/pymortests/operators.py" line="314" name="test_InverseOperator[&lt;lambda&gt;2]" time="0.00043845176696777344"><skipped message="Suite splitting in effect" type="pytest.skip">src/pymortests/operators.py:314: &lt;py._xmlgen.raw object at 0x7fb2a8600c88&gt;</skipped></testcase><testcase classname="src.pymortests.operators" file="src/pymortests/operators.py" line="314" name="test_InverseOperator[&lt;lambda&gt;3]" time="0.0004792213439941406"><skipped message="Suite splitting in effect" type="pytest.skip">src/pymortests/operators.py:314: &lt;py._xmlgen.raw object at 0x7fb29d3b6d30&gt;</skipped></testcase><testcase classname="src.pymortests.operators" file="src/pymortests/operators.py" line="314" name="test_InverseOperator[&lt;lambda&gt;4]" time="0.00043320655822753906"><skipped message="Suite splitting in effect" type="pytest.skip">src/pymortests/operators.py:314: &lt;py._xmlgen.raw object at 0x7fb2a86947b8&gt;</skipped></testcase><testcase classname="src.pymortests.operators" file="src/pymortests/operators.py" line="314" name="test_InverseOperator[&lt;lambda&gt;5]" time="0.0004372596740722656"><skipped message="Suite splitting in effect" type="pytest.skip">src/pymortests/operators.py:314: &lt;py._xmlgen.raw object at 0x7fb29d39aef0&gt;</skipped></testcase><testcase classname="src.pymortests.operators" file="src/pymortests/operators.py" line="314" name="test_InverseOperator[&lt;lambda&gt;6]" time="0.0004532337188720703"><skipped message="Suite splitting in effect" type="pytest.skip">src/pymortests/operators.py:314: &lt;py._xmlgen.raw object at 0x7fb29d3644a8&gt;</skipped></testcase><testcase classname="src.pymortests.operators" file="src/pymortests/operators.py" line="314" name="test_InverseOperator[&lt;lambda&gt;7]" time="0.0007114410400390625"><skipped message="Suite splitting in effect" type="pytest.skip">src/pymortests/operators.py:314: &lt;py._xmlgen.raw object at 0x7fb29d39a9e8&gt;</skipped></testcase><testcase classname="src.pymortests.operators" file="src/pymortests/operators.py" line="314" name="test_InverseOperator[&lt;lambda&gt;8]" time="0.00041413307189941406"><skipped message="Suite splitting in effect" type="pytest.skip">src/pymortests/operators.py:314: &lt;py._xmlgen.raw object at 0x7fb2a8590358&gt;</skipped></testcase><testcase classname="src.pymortests.operators" file="src/pymortests/operators.py" line="314" name="test_InverseOperator[&lt;lambda&gt;9]" time="0.00042891502380371094"><skipped message="Suite splitting in effect" type="pytest.skip">src/pymortests/operators.py:314: &lt;py._xmlgen.raw object at 0x7fb2a86009e8&gt;</skipped></testcase><testcase classname="src.pymortests.operators" file="src/pymortests/operators.py" line="314" name="test_InverseOperator[&lt;lambda&gt;10]" time="0.00044918060302734375"><skipped message="Suite splitting in effect" type="pytest.skip">src/pymortests/operators.py:314: &lt;py._xmlgen.raw object at 0x7fb2a85a3b38&gt;</skipped></testcase><testcase classname="src.pymortests.operators" file="src/pymortests/operators.py" line="314" name="test_InverseOperator[&lt;lambda&gt;11]" time="0.0004980564117431641"><skipped message="Suite splitting in effect" type="pytest.skip">src/pymortests/operators.py:314: &lt;py._xmlgen.raw object at 0x7fb29d34fcf8&gt;</skipped></testcase><testcase classname="src.pymortests.operators" file="src/pymortests/operators.py" line="314" name="test_InverseOperator[&lt;lambda&gt;12]" time="0.0004413127899169922"><skipped message="Suite splitting in effect" type="pytest.skip">src/pymortests/operators.py:314: &lt;py._xmlgen.raw object at 0x7fb29d35aa58&gt;</skipped></testcase><testcase classname="src.pymortests.operators" file="src/pymortests/operators.py" line="314" name="test_InverseOperator[&lt;lambda&gt;13]" time="0.00045871734619140625"><skipped message="Suite splitting in effect" type="pytest.skip">src/pymortests/operators.py:314: &lt;py._xmlgen.raw object at 0x7fb29d3642e8&gt;</skipped></testcase><testcase classname="src.pymortests.operators" file="src/pymortests/operators.py" line="314" name="test_InverseOperator[&lt;lambda&gt;14]" time="0.0004620552062988281"><skipped message="Suite splitting in effect" type="pytest.skip">src/pymortests/operators.py:314: &lt;py._xmlgen.raw object at 0x7fb29d364d68&gt;</skipped></testcase><testcase classname="src.pymortests.operators" file="src/pymortests/operators.py" line="314" name="test_InverseOperator[&lt;lambda&gt;15]" time="0.0004487037658691406"><skipped message="Suite splitting in effect" type="pytest.skip">src/pymortests/operators.py:314: &lt;py._xmlgen.raw object at 0x7fb2a85a37f0&gt;</skipped></testcase><testcase classname="src.pymortests.operators" file="src/pymortests/operators.py" line="314" name="test_InverseOperator[&lt;lambda&gt;16]" time="0.0004582405090332031"><skipped message="Suite splitting in effect" type="pytest.skip">src/pymortests/operators.py:314: &lt;py._xmlgen.raw object at 0x7fb29d3adb38&gt;</skipped></testcase><testcase classname="src.pymortests.operators" file="src/pymortests/operators.py" line="314" name="test_InverseOperator[&lt;lambda&gt;17]" time="0.0004410743713378906"><skipped message="Suite splitting in effect" type="pytest.skip">src/pymortests/operators.py:314: &lt;py._xmlgen.raw object at 0x7fb29d364c50&gt;</skipped></testcase><testcase classname="src.pymortests.operators" file="src/pymortests/operators.py" line="314" name="test_InverseOperator[&lt;lambda&gt;18]" time="0.0004208087921142578"><skipped message="Suite splitting in effect" type="pytest.skip">src/pymortests/operators.py:314: &lt;py._xmlgen.raw object at 0x7fb29d3646a0&gt;</skipped></testcase><testcase classname="src.pymortests.operators" file="src/pymortests/operators.py" line="314" name="test_InverseOperator[&lt;lambda&gt;19]" time="0.0004897117614746094"><skipped message="Suite splitting in effect" type="pytest.skip">src/pymortests/operators.py:314: &lt;py._xmlgen.raw object at 0x7fb29d35a828&gt;</skipped></testcase><testcase classname="src.pymortests.operators" file="src/pymortests/operators.py" line="314" name="test_InverseOperator[&lt;lambda&gt;20]" time="0.00045871734619140625"><skipped message="Suite splitting in effect" type="pytest.skip">src/pymortests/operators.py:314: &lt;py._xmlgen.raw object at 0x7fb29d35a400&gt;</skipped></testcase><testcase classname="src.pymortests.operators" file="src/pymortests/operators.py" line="314" name="test_InverseOperator[&lt;lambda&gt;21]" time="0.0004239082336425781"><skipped message="Suite splitting in effect" type="pytest.skip">src/pymortests/operators.py:314: &lt;py._xmlgen.raw object at 0x7fb29d34f7f0&gt;</skipped></testcase><testcase classname="src.pymortests.operators" file="src/pymortests/operators.py" line="314" name="test_InverseOperator[&lt;lambda&gt;22]" time="0.00043272972106933594"><skipped message="Suite splitting in effect" type="pytest.skip">src/pymortests/operators.py:314: &lt;py._xmlgen.raw object at 0x7fb2a85ed0b8&gt;</skipped></testcase><testcase classname="src.pymortests.operators" file="src/pymortests/operators.py" line="314" name="test_InverseOperator[&lt;lambda&gt;23]" time="0.0004227161407470703"><skipped message="Suite splitting in effect" type="pytest.skip">src/pymortests/operators.py:314: &lt;py._xmlgen.raw object at 0x7fb29d3c5ba8&gt;</skipped></testcase><testcase classname="src.pymortests.operators" file="src/pymortests/operators.py" line="314" name="test_InverseOperator[&lt;lambda&gt;24]" time="0.0005166530609130859"><skipped message="Suite splitting in effect" type="pytest.skip">src/pymortests/operators.py:314: &lt;py._xmlgen.raw object at 0x7fb29d34f198&gt;</skipped></testcase><testcase classname="src.pymortests.operators" file="src/pymortests/operators.py" line="314" name="test_InverseOperator[&lt;lambda&gt;25]" time="0.0003936290740966797"><skipped message="Suite splitting in effect" type="pytest.skip">src/pymortests/operators.py:314: &lt;py._xmlgen.raw object at 0x7fb2a8600c88&gt;</skipped></testcase><testcase classname="src.pymortests.operators" file="src/pymortests/operators.py" line="314" name="test_InverseOperator[&lt;lambda&gt;26]" time="0.00041294097900390625"><skipped message="Suite splitting in effect" type="pytest.skip">src/pymortests/operators.py:314: &lt;py._xmlgen.raw object at 0x7fb29d35a898&gt;</skipped></testcase><testcase classname="src.pymortests.operators" file="src/pymortests/operators.py" line="314" name="test_InverseOperator[&lt;lambda&gt;27]" time="0.0004401206970214844"><skipped message="Suite splitting in effect" type="pytest.skip">src/pymortests/operators.py:314: &lt;py._xmlgen.raw object at 0x7fb29d364780&gt;</skipped></testcase><testcase classname="src.pymortests.operators" file="src/pymortests/operators.py" line="314" name="test_InverseOperator[&lt;lambda&gt;28]" time="0.0005300045013427734"><skipped message="Suite splitting in effect" type="pytest.skip">src/pymortests/operators.py:314: &lt;py._xmlgen.raw object at 0x7fb29d364198&gt;</skipped></testcase><testcase classname="src.pymortests.operators" file="src/pymortests/operators.py" line="314" name="test_InverseOperator[&lt;lambda&gt;29]" time="0.00045299530029296875"><skipped message="Suite splitting in effect" type="pytest.skip">src/pymortests/operators.py:314: &lt;py._xmlgen.raw object at 0x7fb2a866afd0&gt;</skipped></testcase><testcase classname="src.pymortests.operators" file="src/pymortests/operators.py" line="314" name="test_InverseOperator[&lt;lambda&gt;30]" time="0.00043582916259765625"><skipped message="Suite splitting in effect" type="pytest.skip">src/pymortests/operators.py:314: &lt;py._xmlgen.raw object at 0x7fb29d3c5f60&gt;</skipped></testcase><testcase classname="src.pymortests.operators" file="src/pymortests/operators.py" line="314" name="test_InverseOperator[&lt;lambda&gt;31]" time="0.0004355907440185547"><skipped message="Suite splitting in effect" type="pytest.skip">src/pymortests/operators.py:314: &lt;py._xmlgen.raw object at 0x7fb2a85df748&gt;</skipped></testcase><testcase classname="src.pymortests.operators" file="src/pymortests/operators.py" line="314" name="test_InverseOperator[&lt;lambda&gt;32]" time="0.0011622905731201172"><skipped message="Suite splitting in effect" type="pytest.skip">src/pymortests/operators.py:314: &lt;py._xmlgen.raw object at 0x7fb29d3c5860&gt;</skipped></testcase><testcase classname="src.pymortests.operators" file="src/pymortests/operators.py" line="314" name="test_InverseOperator[&lt;lambda&gt;33]" time="0.0006854534149169922"><skipped message="Suite splitting in effect" type="pytest.skip">src/pymortests/operators.py:314: &lt;py._xmlgen.raw object at 0x7fb2a862ca90&gt;</skipped></testcase><testcase classname="src.pymortests.operators" file="src/pymortests/operators.py" line="314" name="test_InverseOperator[&lt;lambda&gt;34]" time="0.0005033016204833984"><skipped message="Suite splitting in effect" type="pytest.skip">src/pymortests/operators.py:314: &lt;py._xmlgen.raw object at 0x7fb29d364748&gt;</skipped></testcase><testcase classname="src.pymortests.operators" file="src/pymortests/operators.py" line="314" name="test_InverseOperator[&lt;lambda&gt;35]" time="0.0005626678466796875"><skipped message="Suite splitting in effect" type="pytest.skip">src/pymortests/operators.py:314: &lt;py._xmlgen.raw object at 0x7fb2a85b5748&gt;</skipped></testcase><testcase classname="src.pymortests.operators" file="src/pymortests/operators.py" line="314" name="test_InverseOperator[&lt;lambda&gt;36]" time="0.0004448890686035156"><skipped message="Suite splitting in effect" type="pytest.skip">src/pymortests/operators.py:314: &lt;py._xmlgen.raw object at 0x7fb29d35a828&gt;</skipped></testcase><testcase classname="src.pymortests.operators" file="src/pymortests/operators.py" line="314" name="test_InverseOperator[&lt;lambda&gt;37]" time="0.0004305839538574219"><skipped message="Suite splitting in effect" type="pytest.skip">src/pymortests/operators.py:314: &lt;py._xmlgen.raw object at 0x7fb29d3a0e48&gt;</skipped></testcase><testcase classname="src.pymortests.operators" file="src/pymortests/operators.py" line="314" name="test_InverseOperator[&lt;lambda&gt;38]" time="0.00044274330139160156"><skipped message="Suite splitting in effect" type="pytest.skip">src/pymortests/operators.py:314: &lt;py._xmlgen.raw object at 0x7fb29d34fcf8&gt;</skipped></testcase><testcase classname="src.pymortests.operators" file="src/pymortests/operators.py" line="314" name="test_InverseOperator[&lt;lambda&gt;39]" time="0.00044536590576171875"><skipped message="Suite splitting in effect" type="pytest.skip">src/pymortests/operators.py:314: &lt;py._xmlgen.raw object at 0x7fb29d3b6710&gt;</skipped></testcase><testcase classname="src.pymortests.operators" file="src/pymortests/operators.py" line="314" name="test_InverseOperator[&lt;lambda&gt;40]" time="0.0007042884826660156"><skipped message="Suite splitting in effect" type="pytest.skip">src/pymortests/operators.py:314: &lt;py._xmlgen.raw object at 0x7fb29d3b6710&gt;</skipped></testcase><testcase classname="src.pymortests.operators" file="src/pymortests/operators.py" line="339" name="test_InverseAdjointOperator[&lt;lambda&gt;0]" time="0.00046825408935546875"><skipped message="Suite splitting in effect" type="pytest.skip">src/pymortests/operators.py:339: &lt;py._xmlgen.raw object at 0x7fb29d34f9e8&gt;</skipped></testcase><testcase classname="src.pymortests.operators" file="src/pymortests/operators.py" line="339" name="test_InverseAdjointOperator[&lt;lambda&gt;1]" time="0.00044226646423339844"><skipped message="Suite splitting in effect" type="pytest.skip">src/pymortests/operators.py:339: &lt;py._xmlgen.raw object at 0x7fb29d35a780&gt;</skipped></testcase><testcase classname="src.pymortests.operators" file="src/pymortests/operators.py" line="339" name="test_InverseAdjointOperator[&lt;lambda&gt;2]" time="0.00043392181396484375"><skipped message="Suite splitting in effect" type="pytest.skip">src/pymortests/operators.py:339: &lt;py._xmlgen.raw object at 0x7fb2a85b5400&gt;</skipped></testcase><testcase classname="src.pymortests.operators" file="src/pymortests/operators.py" line="339" name="test_InverseAdjointOperator[&lt;lambda&gt;3]" time="0.0004634857177734375"><skipped message="Suite splitting in effect" type="pytest.skip">src/pymortests/operators.py:339: &lt;py._xmlgen.raw object at 0x7fb29d3642b0&gt;</skipped></testcase><testcase classname="src.pymortests.operators" file="src/pymortests/operators.py" line="339" name="test_InverseAdjointOperator[&lt;lambda&gt;4]" time="0.0004451274871826172"><skipped message="Suite splitting in effect" type="pytest.skip">src/pymortests/operators.py:339: &lt;py._xmlgen.raw object at 0x7fb29d3ada58&gt;</skipped></testcase><testcase classname="src.pymortests.operators" file="src/pymortests/operators.py" line="339" name="test_InverseAdjointOperator[&lt;lambda&gt;5]" time="0.0004718303680419922"><skipped message="Suite splitting in effect" type="pytest.skip">src/pymortests/operators.py:339: &lt;py._xmlgen.raw object at 0x7fb29d3c51d0&gt;</skipped></testcase><testcase classname="src.pymortests.operators" file="src/pymortests/operators.py" line="339" name="test_InverseAdjointOperator[&lt;lambda&gt;6]" time="0.00045228004455566406"><skipped message="Suite splitting in effect" type="pytest.skip">src/pymortests/operators.py:339: &lt;py._xmlgen.raw object at 0x7fb29d36f630&gt;</skipped></testcase><testcase classname="src.pymortests.operators" file="src/pymortests/operators.py" line="339" name="test_InverseAdjointOperator[&lt;lambda&gt;7]" time="0.000888824462890625"><skipped message="Suite splitting in effect" type="pytest.skip">src/pymortests/operators.py:339: &lt;py._xmlgen.raw object at 0x7fb29d36fb70&gt;</skipped></testcase><testcase classname="src.pymortests.operators" file="src/pymortests/operators.py" line="339" name="test_InverseAdjointOperator[&lt;lambda&gt;8]" time="0.00043272972106933594"><skipped message="Suite splitting in effect" type="pytest.skip">src/pymortests/operators.py:339: &lt;py._xmlgen.raw object at 0x7fb29d41eb38&gt;</skipped></testcase><testcase classname="src.pymortests.operators" file="src/pymortests/operators.py" line="339" name="test_InverseAdjointOperator[&lt;lambda&gt;9]" time="0.00043964385986328125"><skipped message="Suite splitting in effect" type="pytest.skip">src/pymortests/operators.py:339: &lt;py._xmlgen.raw object at 0x7fb29d3642e8&gt;</skipped></testcase><testcase classname="src.pymortests.operators" file="src/pymortests/operators.py" line="339" name="test_InverseAdjointOperator[&lt;lambda&gt;10]" time="0.00046896934509277344"><skipped message="Suite splitting in effect" type="pytest.skip">src/pymortests/operators.py:339: &lt;py._xmlgen.raw object at 0x7fb29d35aef0&gt;</skipped></testcase><testcase classname="src.pymortests.operators" file="src/pymortests/operators.py" line="339" name="test_InverseAdjointOperator[&lt;lambda&gt;11]" time="0.00043010711669921875"><skipped message="Suite splitting in effect" type="pytest.skip">src/pymortests/operators.py:339: &lt;py._xmlgen.raw object at 0x7fb2a86009e8&gt;</skipped></testcase><testcase classname="src.pymortests.operators" file="src/pymortests/operators.py" line="339" name="test_InverseAdjointOperator[&lt;lambda&gt;12]" time="0.00043463706970214844"><skipped message="Suite splitting in effect" type="pytest.skip">src/pymortests/operators.py:339: &lt;py._xmlgen.raw object at 0x7fb29d34fb70&gt;</skipped></testcase><testcase classname="src.pymortests.operators" file="src/pymortests/operators.py" line="339" name="test_InverseAdjointOperator[&lt;lambda&gt;13]" time="0.00045680999755859375"><skipped message="Suite splitting in effect" type="pytest.skip">src/pymortests/operators.py:339: &lt;py._xmlgen.raw object at 0x7fb29d36f828&gt;</skipped></testcase><testcase classname="src.pymortests.operators" file="src/pymortests/operators.py" line="339" name="test_InverseAdjointOperator[&lt;lambda&gt;14]" time="0.0004703998565673828"><skipped message="Suite splitting in effect" type="pytest.skip">src/pymortests/operators.py:339: &lt;py._xmlgen.raw object at 0x7fb29d36f4e0&gt;</skipped></testcase><testcase classname="src.pymortests.operators" file="src/pymortests/operators.py" line="339" name="test_InverseAdjointOperator[&lt;lambda&gt;15]" time="0.0007641315460205078"><skipped message="Suite splitting in effect" type="pytest.skip">src/pymortests/operators.py:339: &lt;py._xmlgen.raw object at 0x7fb29d3800f0&gt;</skipped></testcase><testcase classname="src.pymortests.operators" file="src/pymortests/operators.py" line="339" name="test_InverseAdjointOperator[&lt;lambda&gt;16]" time="0.0004208087921142578"><skipped message="Suite splitting in effect" type="pytest.skip">src/pymortests/operators.py:339: &lt;py._xmlgen.raw object at 0x7fb29d36f710&gt;</skipped></testcase><testcase classname="src.pymortests.operators" file="src/pymortests/operators.py" line="339" name="test_InverseAdjointOperator[&lt;lambda&gt;17]" time="0.0004100799560546875"><skipped message="Suite splitting in effect" type="pytest.skip">src/pymortests/operators.py:339: &lt;py._xmlgen.raw object at 0x7fb29d3b69b0&gt;</skipped></testcase><testcase classname="src.pymortests.operators" file="src/pymortests/operators.py" line="339" name="test_InverseAdjointOperator[&lt;lambda&gt;18]" time="0.00048661231994628906"><skipped message="Suite splitting in effect" type="pytest.skip">src/pymortests/operators.py:339: &lt;py._xmlgen.raw object at 0x7fb29d34f3c8&gt;</skipped></testcase><testcase classname="src.pymortests.operators" file="src/pymortests/operators.py" line="339" name="test_InverseAdjointOperator[&lt;lambda&gt;19]" time="0.0004334449768066406"><skipped message="Suite splitting in effect" type="pytest.skip">src/pymortests/operators.py:339: &lt;py._xmlgen.raw object at 0x7fb29d35a518&gt;</skipped></testcase><testcase classname="src.pymortests.operators" file="src/pymortests/operators.py" line="339" name="test_InverseAdjointOperator[&lt;lambda&gt;20]" time="0.00046324729919433594"><skipped message="Suite splitting in effect" type="pytest.skip">src/pymortests/operators.py:339: &lt;py._xmlgen.raw object at 0x7fb29d364390&gt;</skipped></testcase><testcase classname="src.pymortests.operators" file="src/pymortests/operators.py" line="339" name="test_InverseAdjointOperator[&lt;lambda&gt;21]" time="0.00045418739318847656"><skipped message="Suite splitting in effect" type="pytest.skip">src/pymortests/operators.py:339: &lt;py._xmlgen.raw object at 0x7fb2a8556208&gt;</skipped></testcase><testcase classname="src.pymortests.operators" file="src/pymortests/operators.py" line="339" name="test_InverseAdjointOperator[&lt;lambda&gt;22]" time="0.0004258155822753906"><skipped message="Suite splitting in effect" type="pytest.skip">src/pymortests/operators.py:339: &lt;py._xmlgen.raw object at 0x7fb29d380208&gt;</skipped></testcase><testcase classname="src.pymortests.operators" file="src/pymortests/operators.py" line="339" name="test_InverseAdjointOperator[&lt;lambda&gt;23]" time="0.0004367828369140625"><skipped message="Suite splitting in effect" type="pytest.skip">src/pymortests/operators.py:339: &lt;py._xmlgen.raw object at 0x7fb29d380710&gt;</skipped></testcase><testcase classname="src.pymortests.operators" file="src/pymortests/operators.py" line="339" name="test_InverseAdjointOperator[&lt;lambda&gt;24]" time="0.0004477500915527344"><skipped message="Suite splitting in effect" type="pytest.skip">src/pymortests/operators.py:339: &lt;py._xmlgen.raw object at 0x7fb2a8556a90&gt;</skipped></testcase><testcase classname="src.pymortests.operators" file="src/pymortests/operators.py" line="339" name="test_InverseAdjointOperator[&lt;lambda&gt;25]" time="0.0005593299865722656"><skipped message="Suite splitting in effect" type="pytest.skip">src/pymortests/operators.py:339: &lt;py._xmlgen.raw object at 0x7fb29d364c18&gt;</skipped></testcase><testcase classname="src.pymortests.operators" file="src/pymortests/operators.py" line="339" name="test_InverseAdjointOperator[&lt;lambda&gt;26]" time="0.0004506111145019531"><skipped message="Suite splitting in effect" type="pytest.skip">src/pymortests/operators.py:339: &lt;py._xmlgen.raw object at 0x7fb29d35acf8&gt;</skipped></testcase><testcase classname="src.pymortests.operators" file="src/pymortests/operators.py" line="339" name="test_InverseAdjointOperator[&lt;lambda&gt;27]" time="0.0004420280456542969"><skipped message="Suite splitting in effect" type="pytest.skip">src/pymortests/operators.py:339: &lt;py._xmlgen.raw object at 0x7fb29d34f3c8&gt;</skipped></testcase><testcase classname="src.pymortests.operators" file="src/pymortests/operators.py" line="339" name="test_InverseAdjointOperator[&lt;lambda&gt;28]" time="0.000438690185546875"><skipped message="Suite splitting in effect" type="pytest.skip">src/pymortests/operators.py:339: &lt;py._xmlgen.raw object at 0x7fb29d36fcc0&gt;</skipped></testcase><testcase classname="src.pymortests.operators" file="src/pymortests/operators.py" line="339" name="test_InverseAdjointOperator[&lt;lambda&gt;29]" time="0.0007216930389404297"><skipped message="Suite splitting in effect" type="pytest.skip">src/pymortests/operators.py:339: &lt;py._xmlgen.raw object at 0x7fb29d36ff98&gt;</skipped></testcase><testcase classname="src.pymortests.operators" file="src/pymortests/operators.py" line="339" name="test_InverseAdjointOperator[&lt;lambda&gt;30]" time="0.00047898292541503906"><skipped message="Suite splitting in effect" type="pytest.skip">src/pymortests/operators.py:339: &lt;py._xmlgen.raw object at 0x7fb29d380518&gt;</skipped></testcase><testcase classname="src.pymortests.operators" file="src/pymortests/operators.py" line="339" name="test_InverseAdjointOperator[&lt;lambda&gt;31]" time="0.00046539306640625"><skipped message="Suite splitting in effect" type="pytest.skip">src/pymortests/operators.py:339: &lt;py._xmlgen.raw object at 0x7fb29d380c18&gt;</skipped></testcase><testcase classname="src.pymortests.operators" file="src/pymortests/operators.py" line="339" name="test_InverseAdjointOperator[&lt;lambda&gt;32]" time="0.0007486343383789062"><skipped message="Suite splitting in effect" type="pytest.skip">src/pymortests/operators.py:339: &lt;py._xmlgen.raw object at 0x7fb29d36ff98&gt;</skipped></testcase><testcase classname="src.pymortests.operators" file="src/pymortests/operators.py" line="339" name="test_InverseAdjointOperator[&lt;lambda&gt;33]" time="0.0004544258117675781"><skipped message="Suite splitting in effect" type="pytest.skip">src/pymortests/operators.py:339: &lt;py._xmlgen.raw object at 0x7fb29d34f9e8&gt;</skipped></testcase><testcase classname="src.pymortests.operators" file="src/pymortests/operators.py" line="339" name="test_InverseAdjointOperator[&lt;lambda&gt;34]" time="0.0004258155822753906"><skipped message="Suite splitting in effect" type="pytest.skip">src/pymortests/operators.py:339: &lt;py._xmlgen.raw object at 0x7fb2a85cbc88&gt;</skipped></testcase><testcase classname="src.pymortests.operators" file="src/pymortests/operators.py" line="339" name="test_InverseAdjointOperator[&lt;lambda&gt;35]" time="0.0004494190216064453"><skipped message="Suite splitting in effect" type="pytest.skip">src/pymortests/operators.py:339: &lt;py._xmlgen.raw object at 0x7fb2a85b59e8&gt;</skipped></testcase><testcase classname="src.pymortests.operators" file="src/pymortests/operators.py" line="339" name="test_InverseAdjointOperator[&lt;lambda&gt;36]" time="0.0004525184631347656"><skipped message="Suite splitting in effect" type="pytest.skip">src/pymortests/operators.py:339: &lt;py._xmlgen.raw object at 0x7fb2a85564a8&gt;</skipped></testcase><testcase classname="src.pymortests.operators" file="src/pymortests/operators.py" line="339" name="test_InverseAdjointOperator[&lt;lambda&gt;37]" time="0.0004200935363769531"><skipped message="Suite splitting in effect" type="pytest.skip">src/pymortests/operators.py:339: &lt;py._xmlgen.raw object at 0x7fb29d380da0&gt;</skipped></testcase><testcase classname="src.pymortests.operators" file="src/pymortests/operators.py" line="339" name="test_InverseAdjointOperator[&lt;lambda&gt;38]" time="0.0004596710205078125"><skipped message="Suite splitting in effect" type="pytest.skip">src/pymortests/operators.py:339: &lt;py._xmlgen.raw object at 0x7fb29d3802b0&gt;</skipped></testcase><testcase classname="src.pymortests.operators" file="src/pymortests/operators.py" line="339" name="test_InverseAdjointOperator[&lt;lambda&gt;39]" time="0.00045037269592285156"><skipped message="Suite splitting in effect" type="pytest.skip">src/pymortests/operators.py:339: &lt;py._xmlgen.raw object at 0x7fb29d38a198&gt;</skipped></testcase><testcase classname="src.pymortests.operators" file="src/pymortests/operators.py" line="339" name="test_InverseAdjointOperator[&lt;lambda&gt;40]" time="0.0008473396301269531"><skipped message="Suite splitting in effect" type="pytest.skip">src/pymortests/operators.py:339: &lt;py._xmlgen.raw object at 0x7fb2a85a3e80&gt;</skipped></testcase><testcase classname="src.pymortests.parameters" file="src/pymortests/parameters.py" line="18" name="test_uniform" time="0.0005104541778564453"><skipped message="Suite splitting in effect" type="pytest.skip">src/pymortests/parameters.py:18: &lt;py._xmlgen.raw object at 0x7fb29d380a20&gt;</skipped></testcase><testcase classname="src.pymortests.parameters" file="src/pymortests/parameters.py" line="25" name="test_randomly" time="0.00042891502380371094"><skipped message="Suite splitting in effect" type="pytest.skip">src/pymortests/parameters.py:25: &lt;py._xmlgen.raw object at 0x7fb2a85569e8&gt;</skipped></testcase><testcase classname="src.pymortests.playground" file="src/pymortests/playground.py" line="12" name="test_eval" time="0.0004875659942626953"><skipped message="Suite splitting in effect" type="pytest.skip">src/pymortests/playground.py:12: &lt;py._xmlgen.raw object at 0x7fb29d364a90&gt;</skipped></testcase><testcase classname="src.pymortests.riccati" file="src/pymortests/riccati.py" line="49" name="test_scipy[1-1-10]" time="0.0005290508270263672"><skipped message="Suite splitting in effect" type="pytest.skip">src/pymortests/riccati.py:49: &lt;py._xmlgen.raw object at 0x7fb29d35a518&gt;</skipped></testcase><testcase classname="src.pymortests.riccati" file="src/pymortests/riccati.py" line="49" name="test_scipy[1-1-100]" time="0.0005044937133789062"><skipped message="Suite splitting in effect" type="pytest.skip">src/pymortests/riccati.py:49: &lt;py._xmlgen.raw object at 0x7fb29d36f8d0&gt;</skipped></testcase><testcase classname="src.pymortests.riccati" file="src/pymortests/riccati.py" line="49" name="test_scipy[1-2-10]" time="0.0004265308380126953"><skipped message="Suite splitting in effect" type="pytest.skip">src/pymortests/riccati.py:49: &lt;py._xmlgen.raw object at 0x7fb29d38a080&gt;</skipped></testcase><testcase classname="src.pymortests.riccati" file="src/pymortests/riccati.py" line="49" name="test_scipy[1-2-100]" time="0.0005447864532470703"><skipped message="Suite splitting in effect" type="pytest.skip">src/pymortests/riccati.py:49: &lt;py._xmlgen.raw object at 0x7fb29d38ab00&gt;</skipped></testcase><testcase classname="src.pymortests.riccati" file="src/pymortests/riccati.py" line="49" name="test_scipy[2-1-10]" time="0.0005018711090087891"><skipped message="Suite splitting in effect" type="pytest.skip">src/pymortests/riccati.py:49: &lt;py._xmlgen.raw object at 0x7fb29d311080&gt;</skipped></testcase><testcase classname="src.pymortests.riccati" file="src/pymortests/riccati.py" line="49" name="test_scipy[2-1-100]" time="0.00043964385986328125"><skipped message="Suite splitting in effect" type="pytest.skip">src/pymortests/riccati.py:49: &lt;py._xmlgen.raw object at 0x7fb29d38a0b8&gt;</skipped></testcase><testcase classname="src.pymortests.riccati" file="src/pymortests/riccati.py" line="49" name="test_scipy[2-2-10]" time="0.0004203319549560547"><skipped message="Suite splitting in effect" type="pytest.skip">src/pymortests/riccati.py:49: &lt;py._xmlgen.raw object at 0x7fb29d36f208&gt;</skipped></testcase><testcase classname="src.pymortests.riccati" file="src/pymortests/riccati.py" line="49" name="test_scipy[2-2-100]" time="0.0005772113800048828"><skipped message="Suite splitting in effect" type="pytest.skip">src/pymortests/riccati.py:49: &lt;py._xmlgen.raw object at 0x7fb2a85c4c88&gt;</skipped></testcase><testcase classname="src.pymortests.riccati" file="src/pymortests/riccati.py" line="78" name="test_scipy_trans[1-1-10]" time="0.0004603862762451172"><skipped message="Suite splitting in effect" type="pytest.skip">src/pymortests/riccati.py:78: &lt;py._xmlgen.raw object at 0x7fb29d364080&gt;</skipped></testcase><testcase classname="src.pymortests.riccati" file="src/pymortests/riccati.py" line="78" name="test_scipy_trans[1-1-100]" time="0.0005283355712890625"><skipped message="Suite splitting in effect" type="pytest.skip">src/pymortests/riccati.py:78: &lt;py._xmlgen.raw object at 0x7fb29d380c18&gt;</skipped></testcase><testcase classname="src.pymortests.riccati" file="src/pymortests/riccati.py" line="78" name="test_scipy_trans[1-2-10]" time="0.0007152557373046875"><skipped message="Suite splitting in effect" type="pytest.skip">src/pymortests/riccati.py:78: &lt;py._xmlgen.raw object at 0x7fb29d3802b0&gt;</skipped></testcase><testcase classname="src.pymortests.riccati" file="src/pymortests/riccati.py" line="78" name="test_scipy_trans[1-2-100]" time="0.0004451274871826172"><skipped message="Suite splitting in effect" type="pytest.skip">src/pymortests/riccati.py:78: &lt;py._xmlgen.raw object at 0x7fb29d311400&gt;</skipped></testcase><testcase classname="src.pymortests.riccati" file="src/pymortests/riccati.py" line="78" name="test_scipy_trans[2-1-10]" time="0.0008511543273925781"><skipped message="Suite splitting in effect" type="pytest.skip">src/pymortests/riccati.py:78: &lt;py._xmlgen.raw object at 0x7fb29d311940&gt;</skipped></testcase><testcase classname="src.pymortests.riccati" file="src/pymortests/riccati.py" line="78" name="test_scipy_trans[2-1-100]" time="0.0004696846008300781"><skipped message="Suite splitting in effect" type="pytest.skip">src/pymortests/riccati.py:78: &lt;py._xmlgen.raw object at 0x7fb29d380fd0&gt;</skipped></testcase><testcase classname="src.pymortests.riccati" file="src/pymortests/riccati.py" line="78" name="test_scipy_trans[2-2-10]" time="0.0005517005920410156"><skipped message="Suite splitting in effect" type="pytest.skip">src/pymortests/riccati.py:78: &lt;py._xmlgen.raw object at 0x7fb29d3c56d8&gt;</skipped></testcase><testcase classname="src.pymortests.riccati" file="src/pymortests/riccati.py" line="78" name="test_scipy_trans[2-2-100]" time="0.0006108283996582031"><skipped message="Suite splitting in effect" type="pytest.skip">src/pymortests/riccati.py:78: &lt;py._xmlgen.raw object at 0x7fb2a85c4dd8&gt;</skipped></testcase><testcase classname="src.pymortests.riccati" file="src/pymortests/riccati.py" line="107" name="test_pymess[pymess_care-1-1-1000]" time="0.00044536590576171875"><skipped message="Suite splitting in effect" type="pytest.skip">src/pymortests/riccati.py:107: &lt;py._xmlgen.raw object at 0x7fb2a85659b0&gt;</skipped></testcase><testcase classname="src.pymortests.riccati" file="src/pymortests/riccati.py" line="107" name="test_pymess[pymess_care-1-2-1000]" time="0.0004489421844482422"><skipped message="Suite splitting in effect" type="pytest.skip">src/pymortests/riccati.py:107: &lt;py._xmlgen.raw object at 0x7fb29d38ab00&gt;</skipped></testcase><testcase classname="src.pymortests.riccati" file="src/pymortests/riccati.py" line="107" name="test_pymess[pymess_care-2-1-1000]" time="0.00045013427734375"><skipped message="Suite splitting in effect" type="pytest.skip">src/pymortests/riccati.py:107: &lt;py._xmlgen.raw object at 0x7fb29d3116d8&gt;</skipped></testcase><testcase classname="src.pymortests.riccati" file="src/pymortests/riccati.py" line="107" name="test_pymess[pymess_care-2-2-1000]" time="0.0004911422729492188"><skipped message="Suite splitting in effect" type="pytest.skip">src/pymortests/riccati.py:107: &lt;py._xmlgen.raw object at 0x7fb29d311a20&gt;</skipped></testcase><testcase classname="src.pymortests.riccati" file="src/pymortests/riccati.py" line="107" name="test_pymess[pymess_lrnm-1-1-1000]" time="0.0008182525634765625"><skipped message="Suite splitting in effect" type="pytest.skip">src/pymortests/riccati.py:107: &lt;py._xmlgen.raw object at 0x7fb29d311f60&gt;</skipped></testcase><testcase classname="src.pymortests.riccati" file="src/pymortests/riccati.py" line="107" name="test_pymess[pymess_lrnm-1-2-1000]" time="0.00048279762268066406"><skipped message="Suite splitting in effect" type="pytest.skip">src/pymortests/riccati.py:107: &lt;py._xmlgen.raw object at 0x7fb29d311a58&gt;</skipped></testcase><testcase classname="src.pymortests.riccati" file="src/pymortests/riccati.py" line="107" name="test_pymess[pymess_lrnm-2-1-1000]" time="0.0004940032958984375"><skipped message="Suite splitting in effect" type="pytest.skip">src/pymortests/riccati.py:107: &lt;py._xmlgen.raw object at 0x7fb29d3119b0&gt;</skipped></testcase><testcase classname="src.pymortests.riccati" file="src/pymortests/riccati.py" line="107" name="test_pymess[pymess_lrnm-2-2-1000]" time="0.0004305839538574219"><skipped message="Suite splitting in effect" type="pytest.skip">src/pymortests/riccati.py:107: &lt;py._xmlgen.raw object at 0x7fb29d38a0b8&gt;</skipped></testcase><testcase classname="src.pymortests.riccati" file="src/pymortests/riccati.py" line="133" name="test_pymess_trans[pymess_care-1-1-1000]" time="0.00044918060302734375"><skipped message="Suite splitting in effect" type="pytest.skip">src/pymortests/riccati.py:133: &lt;py._xmlgen.raw object at 0x7fb29d36fe48&gt;</skipped></testcase><testcase classname="src.pymortests.riccati" file="src/pymortests/riccati.py" line="133" name="test_pymess_trans[pymess_care-1-2-1000]" time="0.0004527568817138672"><skipped message="Suite splitting in effect" type="pytest.skip">src/pymortests/riccati.py:133: &lt;py._xmlgen.raw object at 0x7fb2a85b59e8&gt;</skipped></testcase><testcase classname="src.pymortests.riccati" file="src/pymortests/riccati.py" line="133" name="test_pymess_trans[pymess_care-2-1-1000]" time="0.0004620552062988281"><skipped message="Suite splitting in effect" type="pytest.skip">src/pymortests/riccati.py:133: &lt;py._xmlgen.raw object at 0x7fb29d380d68&gt;</skipped></testcase><testcase classname="src.pymortests.riccati" file="src/pymortests/riccati.py" line="133" name="test_pymess_trans[pymess_care-2-2-1000]" time="0.00044465065002441406"><skipped message="Suite splitting in effect" type="pytest.skip">src/pymortests/riccati.py:133: &lt;py._xmlgen.raw object at 0x7fb29d318080&gt;</skipped></testcase><testcase classname="src.pymortests.riccati" file="src/pymortests/riccati.py" line="133" name="test_pymess_trans[pymess_lrnm-1-1-1000]" time="0.00044989585876464844"><skipped message="Suite splitting in effect" type="pytest.skip">src/pymortests/riccati.py:133: &lt;py._xmlgen.raw object at 0x7fb29d3185c0&gt;</skipped></testcase><testcase classname="src.pymortests.riccati" file="src/pymortests/riccati.py" line="133" name="test_pymess_trans[pymess_lrnm-1-2-1000]" time="0.00043392181396484375"><skipped message="Suite splitting in effect" type="pytest.skip">src/pymortests/riccati.py:133: &lt;py._xmlgen.raw object at 0x7fb2a85b59e8&gt;</skipped></testcase><testcase classname="src.pymortests.riccati" file="src/pymortests/riccati.py" line="133" name="test_pymess_trans[pymess_lrnm-2-1-1000]" time="0.0004649162292480469"><skipped message="Suite splitting in effect" type="pytest.skip">src/pymortests/riccati.py:133: &lt;py._xmlgen.raw object at 0x7fb2a85268d0&gt;</skipped></testcase><testcase classname="src.pymortests.riccati" file="src/pymortests/riccati.py" line="133" name="test_pymess_trans[pymess_lrnm-2-2-1000]" time="0.0006103515625"><skipped message="Suite splitting in effect" type="pytest.skip">src/pymortests/riccati.py:133: &lt;py._xmlgen.raw object at 0x7fb29d311198&gt;</skipped></testcase><testcase classname="src.pymortests.riccati" file="src/pymortests/riccati.py" line="159" name="test_pymess_E[pymess_care-1-1-1000]" time="0.0004734992980957031"><skipped message="Suite splitting in effect" type="pytest.skip">src/pymortests/riccati.py:159: &lt;py._xmlgen.raw object at 0x7fb29d311cf8&gt;</skipped></testcase><testcase classname="src.pymortests.riccati" file="src/pymortests/riccati.py" line="159" name="test_pymess_E[pymess_care-1-2-1000]" time="0.0007295608520507812"><skipped message="Suite splitting in effect" type="pytest.skip">src/pymortests/riccati.py:159: &lt;py._xmlgen.raw object at 0x7fb2a85659b0&gt;</skipped></testcase><testcase classname="src.pymortests.riccati" file="src/pymortests/riccati.py" line="159" name="test_pymess_E[pymess_care-2-1-1000]" time="0.00043845176696777344"><skipped message="Suite splitting in effect" type="pytest.skip">src/pymortests/riccati.py:159: &lt;py._xmlgen.raw object at 0x7fb29d38ad68&gt;</skipped></testcase><testcase classname="src.pymortests.riccati" file="src/pymortests/riccati.py" line="159" name="test_pymess_E[pymess_care-2-2-1000]" time="0.00046062469482421875"><skipped message="Suite splitting in effect" type="pytest.skip">src/pymortests/riccati.py:159: &lt;py._xmlgen.raw object at 0x7fb29d380828&gt;</skipped></testcase><testcase classname="src.pymortests.riccati" file="src/pymortests/riccati.py" line="159" name="test_pymess_E[pymess_lrnm-1-1-1000]" time="0.0004553794860839844"><skipped message="Suite splitting in effect" type="pytest.skip">src/pymortests/riccati.py:159: &lt;py._xmlgen.raw object at 0x7fb2a8590208&gt;</skipped></testcase><testcase classname="src.pymortests.riccati" file="src/pymortests/riccati.py" line="159" name="test_pymess_E[pymess_lrnm-1-2-1000]" time="0.001470327377319336"><skipped message="Suite splitting in effect" type="pytest.skip">src/pymortests/riccati.py:159: &lt;py._xmlgen.raw object at 0x7fb29d380a20&gt;</skipped></testcase><testcase classname="src.pymortests.riccati" file="src/pymortests/riccati.py" line="159" name="test_pymess_E[pymess_lrnm-2-1-1000]" time="0.0004420280456542969"><skipped message="Suite splitting in effect" type="pytest.skip">src/pymortests/riccati.py:159: &lt;py._xmlgen.raw object at 0x7fb29d38a860&gt;</skipped></testcase><testcase classname="src.pymortests.riccati" file="src/pymortests/riccati.py" line="159" name="test_pymess_E[pymess_lrnm-2-2-1000]" time="0.0004677772521972656"><skipped message="Suite splitting in effect" type="pytest.skip">src/pymortests/riccati.py:159: &lt;py._xmlgen.raw object at 0x7fb29d311240&gt;</skipped></testcase><testcase classname="src.pymortests.riccati" file="src/pymortests/riccati.py" line="189" name="test_pymess_E_trans[pymess_care-1-1-1000]" time="0.0004737377166748047"><skipped message="Suite splitting in effect" type="pytest.skip">src/pymortests/riccati.py:189: &lt;py._xmlgen.raw object at 0x7fb29d3117f0&gt;</skipped></testcase><testcase classname="src.pymortests.riccati" file="src/pymortests/riccati.py" line="189" name="test_pymess_E_trans[pymess_care-1-2-1000]" time="0.0004296302795410156"><skipped message="Suite splitting in effect" type="pytest.skip">src/pymortests/riccati.py:189: &lt;py._xmlgen.raw object at 0x7fb2a8526cc0&gt;</skipped></testcase><testcase classname="src.pymortests.riccati" file="src/pymortests/riccati.py" line="189" name="test_pymess_E_trans[pymess_care-2-1-1000]" time="0.0004801750183105469"><skipped message="Suite splitting in effect" type="pytest.skip">src/pymortests/riccati.py:189: &lt;py._xmlgen.raw object at 0x7fb2a85b59e8&gt;</skipped></testcase><testcase classname="src.pymortests.riccati" file="src/pymortests/riccati.py" line="189" name="test_pymess_E_trans[pymess_care-2-2-1000]" time="0.00041556358337402344"><skipped message="Suite splitting in effect" type="pytest.skip">src/pymortests/riccati.py:189: &lt;py._xmlgen.raw object at 0x7fb2a8556550&gt;</skipped></testcase><testcase classname="src.pymortests.riccati" file="src/pymortests/riccati.py" line="189" name="test_pymess_E_trans[pymess_lrnm-1-1-1000]" time="0.0004436969757080078"><skipped message="Suite splitting in effect" type="pytest.skip">src/pymortests/riccati.py:189: &lt;py._xmlgen.raw object at 0x7fb29d3b6d30&gt;</skipped></testcase><testcase classname="src.pymortests.riccati" file="src/pymortests/riccati.py" line="189" name="test_pymess_E_trans[pymess_lrnm-1-2-1000]" time="0.0007333755493164062"><skipped message="Suite splitting in effect" type="pytest.skip">src/pymortests/riccati.py:189: &lt;py._xmlgen.raw object at 0x7fb29d3b6c18&gt;</skipped></testcase><testcase classname="src.pymortests.riccati" file="src/pymortests/riccati.py" line="189" name="test_pymess_E_trans[pymess_lrnm-2-1-1000]" time="0.000446319580078125"><skipped message="Suite splitting in effect" type="pytest.skip">src/pymortests/riccati.py:189: &lt;py._xmlgen.raw object at 0x7fb2a8556c88&gt;</skipped></testcase><testcase classname="src.pymortests.riccati" file="src/pymortests/riccati.py" line="189" name="test_pymess_E_trans[pymess_lrnm-2-2-1000]" time="0.0004315376281738281"><skipped message="Suite splitting in effect" type="pytest.skip">src/pymortests/riccati.py:189: &lt;py._xmlgen.raw object at 0x7fb2a852d9e8&gt;</skipped></testcase><testcase classname="src.pymortests.riccati" file="src/pymortests/riccati.py" line="219" name="test_slycot[False-1-1-10]" time="0.0004489421844482422"><skipped message="Suite splitting in effect" type="pytest.skip">src/pymortests/riccati.py:219: &lt;py._xmlgen.raw object at 0x7fb29d311320&gt;</skipped></testcase><testcase classname="src.pymortests.riccati" file="src/pymortests/riccati.py" line="219" name="test_slycot[False-1-1-100]" time="0.00047779083251953125"><skipped message="Suite splitting in effect" type="pytest.skip">src/pymortests/riccati.py:219: &lt;py._xmlgen.raw object at 0x7fb2a84b59b0&gt;</skipped></testcase><testcase classname="src.pymortests.riccati" file="src/pymortests/riccati.py" line="219" name="test_slycot[False-1-2-10]" time="0.00047659873962402344"><skipped message="Suite splitting in effect" type="pytest.skip">src/pymortests/riccati.py:219: &lt;py._xmlgen.raw object at 0x7fb29d38a9e8&gt;</skipped></testcase><testcase classname="src.pymortests.riccati" file="src/pymortests/riccati.py" line="219" name="test_slycot[False-1-2-100]" time="0.0004305839538574219"><skipped message="Suite splitting in effect" type="pytest.skip">src/pymortests/riccati.py:219: &lt;py._xmlgen.raw object at 0x7fb29d380828&gt;</skipped></testcase><testcase classname="src.pymortests.riccati" file="src/pymortests/riccati.py" line="219" name="test_slycot[False-2-1-10]" time="0.0004444122314453125"><skipped message="Suite splitting in effect" type="pytest.skip">src/pymortests/riccati.py:219: &lt;py._xmlgen.raw object at 0x7fb29d318588&gt;</skipped></testcase><testcase classname="src.pymortests.riccati" file="src/pymortests/riccati.py" line="219" name="test_slycot[False-2-1-100]" time="0.0007355213165283203"><skipped message="Suite splitting in effect" type="pytest.skip">src/pymortests/riccati.py:219: &lt;py._xmlgen.raw object at 0x7fb29d318828&gt;</skipped></testcase><testcase classname="src.pymortests.riccati" file="src/pymortests/riccati.py" line="219" name="test_slycot[False-2-2-10]" time="0.00044989585876464844"><skipped message="Suite splitting in effect" type="pytest.skip">src/pymortests/riccati.py:219: &lt;py._xmlgen.raw object at 0x7fb29d38ae80&gt;</skipped></testcase><testcase classname="src.pymortests.riccati" file="src/pymortests/riccati.py" line="219" name="test_slycot[False-2-2-100]" time="0.00045752525329589844"><skipped message="Suite splitting in effect" type="pytest.skip">src/pymortests/riccati.py:219: &lt;py._xmlgen.raw object at 0x7fb2a84b5048&gt;</skipped></testcase><testcase classname="src.pymortests.riccati" file="src/pymortests/riccati.py" line="219" name="test_slycot[True-1-1-10]" time="0.0004284381866455078"><skipped message="Suite splitting in effect" type="pytest.skip">src/pymortests/riccati.py:219: &lt;py._xmlgen.raw object at 0x7fb29d311dd8&gt;</skipped></testcase><testcase classname="src.pymortests.riccati" file="src/pymortests/riccati.py" line="219" name="test_slycot[True-1-1-100]" time="0.0004909038543701172"><skipped message="Suite splitting in effect" type="pytest.skip">src/pymortests/riccati.py:219: &lt;py._xmlgen.raw object at 0x7fb2a8526860&gt;</skipped></testcase><testcase classname="src.pymortests.riccati" file="src/pymortests/riccati.py" line="219" name="test_slycot[True-1-2-10]" time="0.00047087669372558594"><skipped message="Suite splitting in effect" type="pytest.skip">src/pymortests/riccati.py:219: &lt;py._xmlgen.raw object at 0x7fb2a8556550&gt;</skipped></testcase><testcase classname="src.pymortests.riccati" file="src/pymortests/riccati.py" line="219" name="test_slycot[True-1-2-100]" time="0.0004622936248779297"><skipped message="Suite splitting in effect" type="pytest.skip">src/pymortests/riccati.py:219: &lt;py._xmlgen.raw object at 0x7fb29d3b6940&gt;</skipped></testcase><testcase classname="src.pymortests.riccati" file="src/pymortests/riccati.py" line="219" name="test_slycot[True-2-1-10]" time="0.0004374980926513672"><skipped message="Suite splitting in effect" type="pytest.skip">src/pymortests/riccati.py:219: &lt;py._xmlgen.raw object at 0x7fb29d318710&gt;</skipped></testcase><testcase classname="src.pymortests.riccati" file="src/pymortests/riccati.py" line="219" name="test_slycot[True-2-1-100]" time="0.000751495361328125"><skipped message="Suite splitting in effect" type="pytest.skip">src/pymortests/riccati.py:219: &lt;py._xmlgen.raw object at 0x7fb29d318d68&gt;</skipped></testcase><testcase classname="src.pymortests.riccati" file="src/pymortests/riccati.py" line="219" name="test_slycot[True-2-2-10]" time="0.0004630088806152344"><skipped message="Suite splitting in effect" type="pytest.skip">src/pymortests/riccati.py:219: &lt;py._xmlgen.raw object at 0x7fb2a8556c88&gt;</skipped></testcase><testcase classname="src.pymortests.riccati" file="src/pymortests/riccati.py" line="219" name="test_slycot[True-2-2-100]" time="0.0004315376281738281"><skipped message="Suite splitting in effect" type="pytest.skip">src/pymortests/riccati.py:219: &lt;py._xmlgen.raw object at 0x7fb2a8441c88&gt;</skipped></testcase><testcase classname="src.pymortests.riccati" file="src/pymortests/riccati.py" line="252" name="test_slycot_trans[False-1-1-10]" time="0.0004298686981201172"><skipped message="Suite splitting in effect" type="pytest.skip">src/pymortests/riccati.py:252: &lt;py._xmlgen.raw object at 0x7fb29d311128&gt;</skipped></testcase><testcase classname="src.pymortests.riccati" file="src/pymortests/riccati.py" line="252" name="test_slycot_trans[False-1-1-100]" time="0.000457763671875"><skipped message="Suite splitting in effect" type="pytest.skip">src/pymortests/riccati.py:252: &lt;py._xmlgen.raw object at 0x7fb29d38a3c8&gt;</skipped></testcase><testcase classname="src.pymortests.riccati" file="src/pymortests/riccati.py" line="252" name="test_slycot_trans[False-1-2-10]" time="0.00045180320739746094"><skipped message="Suite splitting in effect" type="pytest.skip">src/pymortests/riccati.py:252: &lt;py._xmlgen.raw object at 0x7fb2a85655f8&gt;</skipped></testcase><testcase classname="src.pymortests.riccati" file="src/pymortests/riccati.py" line="252" name="test_slycot_trans[False-1-2-100]" time="0.00048351287841796875"><skipped message="Suite splitting in effect" type="pytest.skip">src/pymortests/riccati.py:252: &lt;py._xmlgen.raw object at 0x7fb29d318a20&gt;</skipped></testcase><testcase classname="src.pymortests.riccati" file="src/pymortests/riccati.py" line="252" name="test_slycot_trans[False-2-1-10]" time="0.00045990943908691406"><skipped message="Suite splitting in effect" type="pytest.skip">src/pymortests/riccati.py:252: &lt;py._xmlgen.raw object at 0x7fb29d3182b0&gt;</skipped></testcase><testcase classname="src.pymortests.riccati" file="src/pymortests/riccati.py" line="252" name="test_slycot_trans[False-2-1-100]" time="0.0004596710205078125"><skipped message="Suite splitting in effect" type="pytest.skip">src/pymortests/riccati.py:252: &lt;py._xmlgen.raw object at 0x7fb29d32f3c8&gt;</skipped></testcase><testcase classname="src.pymortests.riccati" file="src/pymortests/riccati.py" line="252" name="test_slycot_trans[False-2-2-10]" time="0.0004374980926513672"><skipped message="Suite splitting in effect" type="pytest.skip">src/pymortests/riccati.py:252: &lt;py._xmlgen.raw object at 0x7fb29d318630&gt;</skipped></testcase><testcase classname="src.pymortests.riccati" file="src/pymortests/riccati.py" line="252" name="test_slycot_trans[False-2-2-100]" time="0.0005087852478027344"><skipped message="Suite splitting in effect" type="pytest.skip">src/pymortests/riccati.py:252: &lt;py._xmlgen.raw object at 0x7fb2a85df160&gt;</skipped></testcase><testcase classname="src.pymortests.riccati" file="src/pymortests/riccati.py" line="252" name="test_slycot_trans[True-1-1-10]" time="0.0004334449768066406"><skipped message="Suite splitting in effect" type="pytest.skip">src/pymortests/riccati.py:252: &lt;py._xmlgen.raw object at 0x7fb29d38a2b0&gt;</skipped></testcase><testcase classname="src.pymortests.riccati" file="src/pymortests/riccati.py" line="252" name="test_slycot_trans[True-1-1-100]" time="0.0004515647888183594"><skipped message="Suite splitting in effect" type="pytest.skip">src/pymortests/riccati.py:252: &lt;py._xmlgen.raw object at 0x7fb29d311198&gt;</skipped></testcase><testcase classname="src.pymortests.riccati" file="src/pymortests/riccati.py" line="252" name="test_slycot_trans[True-1-2-10]" time="0.00043463706970214844"><skipped message="Suite splitting in effect" type="pytest.skip">src/pymortests/riccati.py:252: &lt;py._xmlgen.raw object at 0x7fb29d364c18&gt;</skipped></testcase><testcase classname="src.pymortests.riccati" file="src/pymortests/riccati.py" line="252" name="test_slycot_trans[True-1-2-100]" time="0.00047087669372558594"><skipped message="Suite splitting in effect" type="pytest.skip">src/pymortests/riccati.py:252: &lt;py._xmlgen.raw object at 0x7fb2a851f4a8&gt;</skipped></testcase><testcase classname="src.pymortests.riccati" file="src/pymortests/riccati.py" line="252" name="test_slycot_trans[True-2-1-10]" time="0.0005269050598144531"><skipped message="Suite splitting in effect" type="pytest.skip">src/pymortests/riccati.py:252: &lt;py._xmlgen.raw object at 0x7fb29d32f048&gt;</skipped></testcase><testcase classname="src.pymortests.riccati" file="src/pymortests/riccati.py" line="252" name="test_slycot_trans[True-2-1-100]" time="0.00047898292541503906"><skipped message="Suite splitting in effect" type="pytest.skip">src/pymortests/riccati.py:252: &lt;py._xmlgen.raw object at 0x7fb29d32f8d0&gt;</skipped></testcase><testcase classname="src.pymortests.riccati" file="src/pymortests/riccati.py" line="252" name="test_slycot_trans[True-2-2-10]" time="0.0007643699645996094"><skipped message="Suite splitting in effect" type="pytest.skip">src/pymortests/riccati.py:252: &lt;py._xmlgen.raw object at 0x7fb2a8556c88&gt;</skipped></testcase><testcase classname="src.pymortests.riccati" file="src/pymortests/riccati.py" line="252" name="test_slycot_trans[True-2-2-100]" time="0.0004360675811767578"><skipped message="Suite splitting in effect" type="pytest.skip">src/pymortests/riccati.py:252: &lt;py._xmlgen.raw object at 0x7fb2a85a3748&gt;</skipped></testcase><testcase classname="src.pymortests.riccati" file="src/pymortests/riccati.py" line="285" name="test_slycot_E[False-1-1-10]" time="0.00043845176696777344"><skipped message="Suite splitting in effect" type="pytest.skip">src/pymortests/riccati.py:285: &lt;py._xmlgen.raw object at 0x7fb2a84b5da0&gt;</skipped></testcase><testcase classname="src.pymortests.riccati" file="src/pymortests/riccati.py" line="285" name="test_slycot_E[False-1-1-100]" time="0.0004482269287109375"><skipped message="Suite splitting in effect" type="pytest.skip">src/pymortests/riccati.py:285: &lt;py._xmlgen.raw object at 0x7fb2a85458d0&gt;</skipped></testcase><testcase classname="src.pymortests.riccati" file="src/pymortests/riccati.py" line="285" name="test_slycot_E[False-1-2-10]" time="0.0004494190216064453"><skipped message="Suite splitting in effect" type="pytest.skip">src/pymortests/riccati.py:285: &lt;py._xmlgen.raw object at 0x7fb29d318e10&gt;</skipped></testcase><testcase classname="src.pymortests.riccati" file="src/pymortests/riccati.py" line="285" name="test_slycot_E[False-1-2-100]" time="0.0004315376281738281"><skipped message="Suite splitting in effect" type="pytest.skip">src/pymortests/riccati.py:285: &lt;py._xmlgen.raw object at 0x7fb29d32f208&gt;</skipped></testcase><testcase classname="src.pymortests.riccati" file="src/pymortests/riccati.py" line="285" name="test_slycot_E[False-2-1-10]" time="0.00047278404235839844"><skipped message="Suite splitting in effect" type="pytest.skip">src/pymortests/riccati.py:285: &lt;py._xmlgen.raw object at 0x7fb29d32f160&gt;</skipped></testcase><testcase classname="src.pymortests.riccati" file="src/pymortests/riccati.py" line="285" name="test_slycot_E[False-2-1-100]" time="0.0004878044128417969"><skipped message="Suite splitting in effect" type="pytest.skip">src/pymortests/riccati.py:285: &lt;py._xmlgen.raw object at 0x7fb29d32fe10&gt;</skipped></testcase><testcase classname="src.pymortests.riccati" file="src/pymortests/riccati.py" line="285" name="test_slycot_E[False-2-2-10]" time="0.0007600784301757812"><skipped message="Suite splitting in effect" type="pytest.skip">src/pymortests/riccati.py:285: &lt;py._xmlgen.raw object at 0x7fb29d32fe10&gt;</skipped></testcase><testcase classname="src.pymortests.riccati" file="src/pymortests/riccati.py" line="285" name="test_slycot_E[False-2-2-100]" time="0.0004336833953857422"><skipped message="Suite splitting in effect" type="pytest.skip">src/pymortests/riccati.py:285: &lt;py._xmlgen.raw object at 0x7fb29d32f5f8&gt;</skipped></testcase><testcase classname="src.pymortests.riccati" file="src/pymortests/riccati.py" line="285" name="test_slycot_E[True-1-1-10]" time="0.0004520416259765625"><skipped message="Suite splitting in effect" type="pytest.skip">src/pymortests/riccati.py:285: &lt;py._xmlgen.raw object at 0x7fb29d318390&gt;</skipped></testcase><testcase classname="src.pymortests.riccati" file="src/pymortests/riccati.py" line="285" name="test_slycot_E[True-1-1-100]" time="0.00042510032653808594"><skipped message="Suite splitting in effect" type="pytest.skip">src/pymortests/riccati.py:285: &lt;py._xmlgen.raw object at 0x7fb29d3183c8&gt;</skipped></testcase><testcase classname="src.pymortests.riccati" file="src/pymortests/riccati.py" line="285" name="test_slycot_E[True-1-2-10]" time="0.0004649162292480469"><skipped message="Suite splitting in effect" type="pytest.skip">src/pymortests/riccati.py:285: &lt;py._xmlgen.raw object at 0x7fb2a85655f8&gt;</skipped></testcase><testcase classname="src.pymortests.riccati" file="src/pymortests/riccati.py" line="285" name="test_slycot_E[True-1-2-100]" time="0.0004305839538574219"><skipped message="Suite splitting in effect" type="pytest.skip">src/pymortests/riccati.py:285: &lt;py._xmlgen.raw object at 0x7fb29d311320&gt;</skipped></testcase><testcase classname="src.pymortests.riccati" file="src/pymortests/riccati.py" line="285" name="test_slycot_E[True-2-1-10]" time="0.00045871734619140625"><skipped message="Suite splitting in effect" type="pytest.skip">src/pymortests/riccati.py:285: &lt;py._xmlgen.raw object at 0x7fb2a83caf60&gt;</skipped></testcase><testcase classname="src.pymortests.riccati" file="src/pymortests/riccati.py" line="285" name="test_slycot_E[True-2-1-100]" time="0.0004546642303466797"><skipped message="Suite splitting in effect" type="pytest.skip">src/pymortests/riccati.py:285: &lt;py._xmlgen.raw object at 0x7fb29d338710&gt;</skipped></testcase><testcase classname="src.pymortests.riccati" file="src/pymortests/riccati.py" line="285" name="test_slycot_E[True-2-2-10]" time="0.0007722377777099609"><skipped message="Suite splitting in effect" type="pytest.skip">src/pymortests/riccati.py:285: &lt;py._xmlgen.raw object at 0x7fb29d338c50&gt;</skipped></testcase><testcase classname="src.pymortests.riccati" file="src/pymortests/riccati.py" line="285" name="test_slycot_E[True-2-2-100]" time="0.0004203319549560547"><skipped message="Suite splitting in effect" type="pytest.skip">src/pymortests/riccati.py:285: &lt;py._xmlgen.raw object at 0x7fb29d3c5630&gt;</skipped></testcase><testcase classname="src.pymortests.riccati" file="src/pymortests/riccati.py" line="322" name="test_slycot_E_trans[False-1-1-10]" time="0.0004494190216064453"><skipped message="Suite splitting in effect" type="pytest.skip">src/pymortests/riccati.py:322: &lt;py._xmlgen.raw object at 0x7fb29d38a470&gt;</skipped></testcase><testcase classname="src.pymortests.riccati" file="src/pymortests/riccati.py" line="322" name="test_slycot_E_trans[False-1-1-100]" time="0.0004923343658447266"><skipped message="Suite splitting in effect" type="pytest.skip">src/pymortests/riccati.py:322: &lt;py._xmlgen.raw object at 0x7fb29d318c88&gt;</skipped></testcase><testcase classname="src.pymortests.riccati" file="src/pymortests/riccati.py" line="322" name="test_slycot_E_trans[False-1-2-10]" time="0.0004343986511230469"><skipped message="Suite splitting in effect" type="pytest.skip">src/pymortests/riccati.py:322: &lt;py._xmlgen.raw object at 0x7fb2a8423320&gt;</skipped></testcase><testcase classname="src.pymortests.riccati" file="src/pymortests/riccati.py" line="322" name="test_slycot_E_trans[False-1-2-100]" time="0.0004391670227050781"><skipped message="Suite splitting in effect" type="pytest.skip">src/pymortests/riccati.py:322: &lt;py._xmlgen.raw object at 0x7fb29d32f0b8&gt;</skipped></testcase><testcase classname="src.pymortests.riccati" file="src/pymortests/riccati.py" line="322" name="test_slycot_E_trans[False-2-1-10]" time="0.00045990943908691406"><skipped message="Suite splitting in effect" type="pytest.skip">src/pymortests/riccati.py:322: &lt;py._xmlgen.raw object at 0x7fb29d338908&gt;</skipped></testcase><testcase classname="src.pymortests.riccati" file="src/pymortests/riccati.py" line="322" name="test_slycot_E_trans[False-2-1-100]" time="0.0004208087921142578"><skipped message="Suite splitting in effect" type="pytest.skip">src/pymortests/riccati.py:322: &lt;py._xmlgen.raw object at 0x7fb29d3385c0&gt;</skipped></testcase><testcase classname="src.pymortests.riccati" file="src/pymortests/riccati.py" line="322" name="test_slycot_E_trans[False-2-2-10]" time="0.0007817745208740234"><skipped message="Suite splitting in effect" type="pytest.skip">src/pymortests/riccati.py:322: &lt;py._xmlgen.raw object at 0x7fb29d3421d0&gt;</skipped></testcase><testcase classname="src.pymortests.riccati" file="src/pymortests/riccati.py" line="322" name="test_slycot_E_trans[False-2-2-100]" time="0.0004444122314453125"><skipped message="Suite splitting in effect" type="pytest.skip">src/pymortests/riccati.py:322: &lt;py._xmlgen.raw object at 0x7fb29d338438&gt;</skipped></testcase><testcase classname="src.pymortests.riccati" file="src/pymortests/riccati.py" line="322" name="test_slycot_E_trans[True-1-1-10]" time="0.00042891502380371094"><skipped message="Suite splitting in effect" type="pytest.skip">src/pymortests/riccati.py:322: &lt;py._xmlgen.raw object at 0x7fb29d32fe48&gt;</skipped></testcase><testcase classname="src.pymortests.riccati" file="src/pymortests/riccati.py" line="322" name="test_slycot_E_trans[True-1-1-100]" time="0.0005021095275878906"><skipped message="Suite splitting in effect" type="pytest.skip">src/pymortests/riccati.py:322: &lt;py._xmlgen.raw object at 0x7fb2a8424668&gt;</skipped></testcase><testcase classname="src.pymortests.riccati" file="src/pymortests/riccati.py" line="322" name="test_slycot_E_trans[True-1-2-10]" time="0.00045800209045410156"><skipped message="Suite splitting in effect" type="pytest.skip">src/pymortests/riccati.py:322: &lt;py._xmlgen.raw object at 0x7fb29d3189b0&gt;</skipped></testcase><testcase classname="src.pymortests.riccati" file="src/pymortests/riccati.py" line="322" name="test_slycot_E_trans[True-1-2-100]" time="0.00047278404235839844"><skipped message="Suite splitting in effect" type="pytest.skip">src/pymortests/riccati.py:322: &lt;py._xmlgen.raw object at 0x7fb29d380b00&gt;</skipped></testcase><testcase classname="src.pymortests.riccati" file="src/pymortests/riccati.py" line="322" name="test_slycot_E_trans[True-2-1-10]" time="0.00047278404235839844"><skipped message="Suite splitting in effect" type="pytest.skip">src/pymortests/riccati.py:322: &lt;py._xmlgen.raw object at 0x7fb2a85266a0&gt;</skipped></testcase><testcase classname="src.pymortests.riccati" file="src/pymortests/riccati.py" line="322" name="test_slycot_E_trans[True-2-1-100]" time="0.00041866302490234375"><skipped message="Suite splitting in effect" type="pytest.skip">src/pymortests/riccati.py:322: &lt;py._xmlgen.raw object at 0x7fb29d342358&gt;</skipped></testcase><testcase classname="src.pymortests.riccati" file="src/pymortests/riccati.py" line="322" name="test_slycot_E_trans[True-2-2-10]" time="0.0004305839538574219"><skipped message="Suite splitting in effect" type="pytest.skip">src/pymortests/riccati.py:322: &lt;py._xmlgen.raw object at 0x7fb29d3427f0&gt;</skipped></testcase><testcase classname="src.pymortests.riccati" file="src/pymortests/riccati.py" line="322" name="test_slycot_E_trans[True-2-2-100]" time="0.0004642009735107422"><skipped message="Suite splitting in effect" type="pytest.skip">src/pymortests/riccati.py:322: &lt;py._xmlgen.raw object at 0x7fb29d311710&gt;</skipped></testcase><testcase classname="src.pymortests.solver" file="src/pymortests/solver.py" line="48" name="test_generic_solvers[generic_lgmres]" time="0.0005056858062744141"><skipped message="Suite splitting in effect" type="pytest.skip">src/pymortests/solver.py:48: &lt;py._xmlgen.raw object at 0x7fb29d318f28&gt;</skipped></testcase><testcase classname="src.pymortests.solver" file="src/pymortests/solver.py" line="48" name="test_generic_solvers[generic_least_squares_lsmr]" time="0.00041961669921875"><skipped message="Suite splitting in effect" type="pytest.skip">src/pymortests/solver.py:48: &lt;py._xmlgen.raw object at 0x7fb2a8424c18&gt;</skipped></testcase><testcase classname="src.pymortests.solver" file="src/pymortests/solver.py" line="48" name="test_generic_solvers[generic_least_squares_lsqr]" time="0.0004165172576904297"><skipped message="Suite splitting in effect" type="pytest.skip">src/pymortests/solver.py:48: &lt;py._xmlgen.raw object at 0x7fb29d32fa20&gt;</skipped></testcase><testcase classname="src.pymortests.solver" file="src/pymortests/solver.py" line="55" name="test_numpy_dense_solvers" time="0.0004305839538574219"><skipped message="Suite splitting in effect" type="pytest.skip">src/pymortests/solver.py:55: &lt;py._xmlgen.raw object at 0x7fb29d338f28&gt;</skipped></testcase><testcase classname="src.pymortests.solver" file="src/pymortests/solver.py" line="62" name="test_numpy_sparse_solvers[generic_least_squares_lsqr]" time="0.00043773651123046875"><skipped message="Suite splitting in effect" type="pytest.skip">src/pymortests/solver.py:62: &lt;py._xmlgen.raw object at 0x7fb29d338a90&gt;</skipped></testcase><testcase classname="src.pymortests.solver" file="src/pymortests/solver.py" line="62" name="test_numpy_sparse_solvers[scipy_spsolve]" time="0.0004189014434814453"><skipped message="Suite splitting in effect" type="pytest.skip">src/pymortests/solver.py:62: &lt;py._xmlgen.raw object at 0x7fb29d3420b8&gt;</skipped></testcase><testcase classname="src.pymortests.solver" file="src/pymortests/solver.py" line="62" name="test_numpy_sparse_solvers[scipy_lgmres]" time="0.0007929801940917969"><skipped message="Suite splitting in effect" type="pytest.skip">src/pymortests/solver.py:62: &lt;py._xmlgen.raw object at 0x7fb29d342d30&gt;</skipped></testcase><testcase classname="src.pymortests.solver" file="src/pymortests/solver.py" line="62" name="test_numpy_sparse_solvers[scipy_least_squares_lsmr]" time="0.00040602684020996094"><skipped message="Suite splitting in effect" type="pytest.skip">src/pymortests/solver.py:62: &lt;py._xmlgen.raw object at 0x7fb29d338f28&gt;</skipped></testcase><testcase classname="src.pymortests.solver" file="src/pymortests/solver.py" line="62" name="test_numpy_sparse_solvers[scipy_bicgstab_spilu]" time="0.0004317760467529297"><skipped message="Suite splitting in effect" type="pytest.skip">src/pymortests/solver.py:62: &lt;py._xmlgen.raw object at 0x7fb29d32f6d8&gt;</skipped></testcase><testcase classname="src.pymortests.solver" file="src/pymortests/solver.py" line="62" name="test_numpy_sparse_solvers[scipy_least_squares_lsqr]" time="0.00047278404235839844"><skipped message="Suite splitting in effect" type="pytest.skip">src/pymortests/solver.py:62: &lt;py._xmlgen.raw object at 0x7fb2a8423320&gt;</skipped></testcase><testcase classname="src.pymortests.solver" file="src/pymortests/solver.py" line="62" name="test_numpy_sparse_solvers[pyamg_rs]" time="0.0005087852478027344"><skipped message="Suite splitting in effect" type="pytest.skip">src/pymortests/solver.py:62: &lt;py._xmlgen.raw object at 0x7fb29d3189b0&gt;</skipped></testcase><testcase classname="src.pymortests.solver" file="src/pymortests/solver.py" line="62" name="test_numpy_sparse_solvers[pyamg_solve]" time="0.00047206878662109375"><skipped message="Suite splitting in effect" type="pytest.skip">src/pymortests/solver.py:62: &lt;py._xmlgen.raw object at 0x7fb29d364c18&gt;</skipped></testcase><testcase classname="src.pymortests.solver" file="src/pymortests/solver.py" line="62" name="test_numpy_sparse_solvers[generic_lgmres]" time="0.00044536590576171875"><skipped message="Suite splitting in effect" type="pytest.skip">src/pymortests/solver.py:62: &lt;py._xmlgen.raw object at 0x7fb29d3429e8&gt;</skipped></testcase><testcase classname="src.pymortests.solver" file="src/pymortests/solver.py" line="62" name="test_numpy_sparse_solvers[generic_least_squares_lsmr]" time="0.0004456043243408203"><skipped message="Suite splitting in effect" type="pytest.skip">src/pymortests/solver.py:62: &lt;py._xmlgen.raw object at 0x7fb29d3425c0&gt;</skipped></testcase><testcase classname="src.pymortests.solver" file="src/pymortests/solver.py" line="62" name="test_numpy_sparse_solvers[pyamg_sa]" time="0.0004343986511230469"><skipped message="Suite splitting in effect" type="pytest.skip">src/pymortests/solver.py:62: &lt;py._xmlgen.raw object at 0x7fb29d34c3c8&gt;</skipped></testcase><testcase classname="src.pymortests.solver" file="src/pymortests/solver.py" line="62" name="test_numpy_sparse_solvers[scipy_bicgstab]" time="0.0004444122314453125"><skipped message="Suite splitting in effect" type="pytest.skip">src/pymortests/solver.py:62: &lt;py._xmlgen.raw object at 0x7fb2a85659b0&gt;</skipped></testcase><testcase classname="src.pymortests.sylvester" file="src/pymortests/sylvester.py" line="47" name="test_sylv_schur_V[1-1-100]" time="0.0005207061767578125"><skipped message="Suite splitting in effect" type="pytest.skip">src/pymortests/sylvester.py:47: &lt;py._xmlgen.raw object at 0x7fb2a8424f28&gt;</skipped></testcase><testcase classname="src.pymortests.sylvester" file="src/pymortests/sylvester.py" line="47" name="test_sylv_schur_V[1-1-1000]" time="0.0004756450653076172"><skipped message="Suite splitting in effect" type="pytest.skip">src/pymortests/sylvester.py:47: &lt;py._xmlgen.raw object at 0x7fb29d342898&gt;</skipped></testcase><testcase classname="src.pymortests.sylvester" file="src/pymortests/sylvester.py" line="47" name="test_sylv_schur_V[1-10-100]" time="0.0004730224609375"><skipped message="Suite splitting in effect" type="pytest.skip">src/pymortests/sylvester.py:47: &lt;py._xmlgen.raw object at 0x7fb29d342278&gt;</skipped></testcase><testcase classname="src.pymortests.sylvester" file="src/pymortests/sylvester.py" line="47" name="test_sylv_schur_V[1-10-1000]" time="0.0004630088806152344"><skipped message="Suite splitting in effect" type="pytest.skip">src/pymortests/sylvester.py:47: &lt;py._xmlgen.raw object at 0x7fb29d32f6d8&gt;</skipped></testcase><testcase classname="src.pymortests.sylvester" file="src/pymortests/sylvester.py" line="47" name="test_sylv_schur_V[1-20-100]" time="0.0004703998565673828"><skipped message="Suite splitting in effect" type="pytest.skip">src/pymortests/sylvester.py:47: &lt;py._xmlgen.raw object at 0x7fb29d3383c8&gt;</skipped></testcase><testcase classname="src.pymortests.sylvester" file="src/pymortests/sylvester.py" line="47" name="test_sylv_schur_V[1-20-1000]" time="0.0004916191101074219"><skipped message="Suite splitting in effect" type="pytest.skip">src/pymortests/sylvester.py:47: &lt;py._xmlgen.raw object at 0x7fb29d338080&gt;</skipped></testcase><testcase classname="src.pymortests.sylvester" file="src/pymortests/sylvester.py" line="47" name="test_sylv_schur_V[2-1-100]" time="0.0004506111145019531"><skipped message="Suite splitting in effect" type="pytest.skip">src/pymortests/sylvester.py:47: &lt;py._xmlgen.raw object at 0x7fb29d318d30&gt;</skipped></testcase><testcase classname="src.pymortests.sylvester" file="src/pymortests/sylvester.py" line="47" name="test_sylv_schur_V[2-1-1000]" time="0.0008559226989746094"><skipped message="Suite splitting in effect" type="pytest.skip">src/pymortests/sylvester.py:47: &lt;py._xmlgen.raw object at 0x7fb29d3381d0&gt;</skipped></testcase><testcase classname="src.pymortests.sylvester" file="src/pymortests/sylvester.py" line="47" name="test_sylv_schur_V[2-10-100]" time="0.0004603862762451172"><skipped message="Suite splitting in effect" type="pytest.skip">src/pymortests/sylvester.py:47: &lt;py._xmlgen.raw object at 0x7fb29d3383c8&gt;</skipped></testcase><testcase classname="src.pymortests.sylvester" file="src/pymortests/sylvester.py" line="47" name="test_sylv_schur_V[2-10-1000]" time="0.0004630088806152344"><skipped message="Suite splitting in effect" type="pytest.skip">src/pymortests/sylvester.py:47: &lt;py._xmlgen.raw object at 0x7fb2a83c6978&gt;</skipped></testcase><testcase classname="src.pymortests.sylvester" file="src/pymortests/sylvester.py" line="47" name="test_sylv_schur_V[2-20-100]" time="0.000438690185546875"><skipped message="Suite splitting in effect" type="pytest.skip">src/pymortests/sylvester.py:47: &lt;py._xmlgen.raw object at 0x7fb29d342dd8&gt;</skipped></testcase><testcase classname="src.pymortests.sylvester" file="src/pymortests/sylvester.py" line="47" name="test_sylv_schur_V[2-20-1000]" time="0.000453948974609375"><skipped message="Suite splitting in effect" type="pytest.skip">src/pymortests/sylvester.py:47: &lt;py._xmlgen.raw object at 0x7fb29d342ba8&gt;</skipped></testcase><testcase classname="src.pymortests.sylvester" file="src/pymortests/sylvester.py" line="75" name="test_sylv_schur_V_E[1-1-100]" time="0.00046706199645996094"><skipped message="Suite splitting in effect" type="pytest.skip">src/pymortests/sylvester.py:75: &lt;py._xmlgen.raw object at 0x7fb2a84d6e10&gt;</skipped></testcase><testcase classname="src.pymortests.sylvester" file="src/pymortests/sylvester.py" line="75" name="test_sylv_schur_V_E[1-1-1000]" time="0.0006844997406005859"><skipped message="Suite splitting in effect" type="pytest.skip">src/pymortests/sylvester.py:75: &lt;py._xmlgen.raw object at 0x7fb29d364898&gt;</skipped></testcase><testcase classname="src.pymortests.sylvester" file="src/pymortests/sylvester.py" line="75" name="test_sylv_schur_V_E[1-10-100]" time="0.00045037269592285156"><skipped message="Suite splitting in effect" type="pytest.skip">src/pymortests/sylvester.py:75: &lt;py._xmlgen.raw object at 0x7fb2a8646518&gt;</skipped></testcase><testcase classname="src.pymortests.sylvester" file="src/pymortests/sylvester.py" line="75" name="test_sylv_schur_V_E[1-10-1000]" time="0.0004885196685791016"><skipped message="Suite splitting in effect" type="pytest.skip">src/pymortests/sylvester.py:75: &lt;py._xmlgen.raw object at 0x7fb2a8646e48&gt;</skipped></testcase><testcase classname="src.pymortests.sylvester" file="src/pymortests/sylvester.py" line="75" name="test_sylv_schur_V_E[1-20-100]" time="0.0004405975341796875"><skipped message="Suite splitting in effect" type="pytest.skip">src/pymortests/sylvester.py:75: &lt;py._xmlgen.raw object at 0x7fb29d38a978&gt;</skipped></testcase><testcase classname="src.pymortests.sylvester" file="src/pymortests/sylvester.py" line="75" name="test_sylv_schur_V_E[1-20-1000]" time="0.0004322528839111328"><skipped message="Suite splitting in effect" type="pytest.skip">src/pymortests/sylvester.py:75: &lt;py._xmlgen.raw object at 0x7fb2a84233c8&gt;</skipped></testcase><testcase classname="src.pymortests.sylvester" file="src/pymortests/sylvester.py" line="75" name="test_sylv_schur_V_E[2-1-100]" time="0.0005660057067871094"><skipped message="Suite splitting in effect" type="pytest.skip">src/pymortests/sylvester.py:75: &lt;py._xmlgen.raw object at 0x7fb29d3427b8&gt;</skipped></testcase><testcase classname="src.pymortests.sylvester" file="src/pymortests/sylvester.py" line="75" name="test_sylv_schur_V_E[2-1-1000]" time="0.0004711151123046875"><skipped message="Suite splitting in effect" type="pytest.skip">src/pymortests/sylvester.py:75: &lt;py._xmlgen.raw object at 0x7fb2a83c62b0&gt;</skipped></testcase><testcase classname="src.pymortests.sylvester" file="src/pymortests/sylvester.py" line="75" name="test_sylv_schur_V_E[2-10-100]" time="0.00043082237243652344"><skipped message="Suite splitting in effect" type="pytest.skip">src/pymortests/sylvester.py:75: &lt;py._xmlgen.raw object at 0x7fb29d32fe48&gt;</skipped></testcase><testcase classname="src.pymortests.sylvester" file="src/pymortests/sylvester.py" line="75" name="test_sylv_schur_V_E[2-10-1000]" time="0.0005886554718017578"><skipped message="Suite splitting in effect" type="pytest.skip">src/pymortests/sylvester.py:75: &lt;py._xmlgen.raw object at 0x7fb29d3382b0&gt;</skipped></testcase><testcase classname="src.pymortests.sylvester" file="src/pymortests/sylvester.py" line="75" name="test_sylv_schur_V_E[2-20-100]" time="0.0004608631134033203"><skipped message="Suite splitting in effect" type="pytest.skip">src/pymortests/sylvester.py:75: &lt;py._xmlgen.raw object at 0x7fb29d34c1d0&gt;</skipped></testcase><testcase classname="src.pymortests.sylvester" file="src/pymortests/sylvester.py" line="75" name="test_sylv_schur_V_E[2-20-1000]" time="0.0011355876922607422"><skipped message="Suite splitting in effect" type="pytest.skip">src/pymortests/sylvester.py:75: &lt;py._xmlgen.raw object at 0x7fb29d34c9e8&gt;</skipped></testcase><testcase classname="src.pymortests.sylvester" file="src/pymortests/sylvester.py" line="108" name="test_sylv_schur_W[1-1-100]" time="0.0004527568817138672"><skipped message="Suite splitting in effect" type="pytest.skip">src/pymortests/sylvester.py:108: &lt;py._xmlgen.raw object at 0x7fb29d338898&gt;</skipped></testcase><testcase classname="src.pymortests.sylvester" file="src/pymortests/sylvester.py" line="108" name="test_sylv_schur_W[1-1-1000]" time="0.0004565715789794922"><skipped message="Suite splitting in effect" type="pytest.skip">src/pymortests/sylvester.py:108: &lt;py._xmlgen.raw object at 0x7fb2a742bcf8&gt;</skipped></testcase><testcase classname="src.pymortests.sylvester" file="src/pymortests/sylvester.py" line="108" name="test_sylv_schur_W[1-10-100]" time="0.00046539306640625"><skipped message="Suite splitting in effect" type="pytest.skip">src/pymortests/sylvester.py:108: &lt;py._xmlgen.raw object at 0x7fb29d342ba8&gt;</skipped></testcase><testcase classname="src.pymortests.sylvester" file="src/pymortests/sylvester.py" line="108" name="test_sylv_schur_W[1-10-1000]" time="0.0005300045013427734"><skipped message="Suite splitting in effect" type="pytest.skip">src/pymortests/sylvester.py:108: &lt;py._xmlgen.raw object at 0x7fb2a84d6eb8&gt;</skipped></testcase><testcase classname="src.pymortests.sylvester" file="src/pymortests/sylvester.py" line="108" name="test_sylv_schur_W[1-20-100]" time="0.00046515464782714844"><skipped message="Suite splitting in effect" type="pytest.skip">src/pymortests/sylvester.py:108: &lt;py._xmlgen.raw object at 0x7fb29d36f320&gt;</skipped></testcase><testcase classname="src.pymortests.sylvester" file="src/pymortests/sylvester.py" line="108" name="test_sylv_schur_W[1-20-1000]" time="0.0004627704620361328"><skipped message="Suite splitting in effect" type="pytest.skip">src/pymortests/sylvester.py:108: &lt;py._xmlgen.raw object at 0x7fb29d34ca58&gt;</skipped></testcase><testcase classname="src.pymortests.sylvester" file="src/pymortests/sylvester.py" line="108" name="test_sylv_schur_W[2-1-100]" time="0.0004475116729736328"><skipped message="Suite splitting in effect" type="pytest.skip">src/pymortests/sylvester.py:108: &lt;py._xmlgen.raw object at 0x7fb29d34c390&gt;</skipped></testcase><testcase classname="src.pymortests.sylvester" file="src/pymortests/sylvester.py" line="108" name="test_sylv_schur_W[2-1-1000]" time="0.0005297660827636719"><skipped message="Suite splitting in effect" type="pytest.skip">src/pymortests/sylvester.py:108: &lt;py._xmlgen.raw object at 0x7fb29d34cf28&gt;</skipped></testcase><testcase classname="src.pymortests.sylvester" file="src/pymortests/sylvester.py" line="108" name="test_sylv_schur_W[2-10-100]" time="0.0004658699035644531"><skipped message="Suite splitting in effect" type="pytest.skip">src/pymortests/sylvester.py:108: &lt;py._xmlgen.raw object at 0x7fb29d34c5f8&gt;</skipped></testcase><testcase classname="src.pymortests.sylvester" file="src/pymortests/sylvester.py" line="108" name="test_sylv_schur_W[2-10-1000]" time="0.0004658699035644531"><skipped message="Suite splitting in effect" type="pytest.skip">src/pymortests/sylvester.py:108: &lt;py._xmlgen.raw object at 0x7fb29d34c2e8&gt;</skipped></testcase><testcase classname="src.pymortests.sylvester" file="src/pymortests/sylvester.py" line="108" name="test_sylv_schur_W[2-20-100]" time="0.00047969818115234375"><skipped message="Suite splitting in effect" type="pytest.skip">src/pymortests/sylvester.py:108: &lt;py._xmlgen.raw object at 0x7fb2a8465c18&gt;</skipped></testcase><testcase classname="src.pymortests.sylvester" file="src/pymortests/sylvester.py" line="108" name="test_sylv_schur_W[2-20-1000]" time="0.000446319580078125"><skipped message="Suite splitting in effect" type="pytest.skip">src/pymortests/sylvester.py:108: &lt;py._xmlgen.raw object at 0x7fb2a83d7978&gt;</skipped></testcase><testcase classname="src.pymortests.sylvester" file="src/pymortests/sylvester.py" line="136" name="test_sylv_schur_W_E[1-1-100]" time="0.0004913806915283203"><skipped message="Suite splitting in effect" type="pytest.skip">src/pymortests/sylvester.py:136: &lt;py._xmlgen.raw object at 0x7fb29d342c18&gt;</skipped></testcase><testcase classname="src.pymortests.sylvester" file="src/pymortests/sylvester.py" line="136" name="test_sylv_schur_W_E[1-1-1000]" time="0.00046181678771972656"><skipped message="Suite splitting in effect" type="pytest.skip">src/pymortests/sylvester.py:136: &lt;py._xmlgen.raw object at 0x7fb29d32fcc0&gt;</skipped></testcase><testcase classname="src.pymortests.sylvester" file="src/pymortests/sylvester.py" line="136" name="test_sylv_schur_W_E[1-10-100]" time="0.000720977783203125"><skipped message="Suite splitting in effect" type="pytest.skip">src/pymortests/sylvester.py:136: &lt;py._xmlgen.raw object at 0x7fb29d338eb8&gt;</skipped></testcase><testcase classname="src.pymortests.sylvester" file="src/pymortests/sylvester.py" line="136" name="test_sylv_schur_W_E[1-10-1000]" time="0.0004639625549316406"><skipped message="Suite splitting in effect" type="pytest.skip">src/pymortests/sylvester.py:136: &lt;py._xmlgen.raw object at 0x7fb29d2dc470&gt;</skipped></testcase><testcase classname="src.pymortests.sylvester" file="src/pymortests/sylvester.py" line="136" name="test_sylv_schur_W_E[1-20-100]" time="0.0007996559143066406"><skipped message="Suite splitting in effect" type="pytest.skip">src/pymortests/sylvester.py:136: &lt;py._xmlgen.raw object at 0x7fb29d3380f0&gt;</skipped></testcase><testcase classname="src.pymortests.sylvester" file="src/pymortests/sylvester.py" line="136" name="test_sylv_schur_W_E[1-20-1000]" time="0.00046896934509277344"><skipped message="Suite splitting in effect" type="pytest.skip">src/pymortests/sylvester.py:136: &lt;py._xmlgen.raw object at 0x7fb2a83fd470&gt;</skipped></testcase><testcase classname="src.pymortests.sylvester" file="src/pymortests/sylvester.py" line="136" name="test_sylv_schur_W_E[2-1-100]" time="0.00045561790466308594"><skipped message="Suite splitting in effect" type="pytest.skip">src/pymortests/sylvester.py:136: &lt;py._xmlgen.raw object at 0x7fb2a83d7630&gt;</skipped></testcase><testcase classname="src.pymortests.sylvester" file="src/pymortests/sylvester.py" line="136" name="test_sylv_schur_W_E[2-1-1000]" time="0.00044226646423339844"><skipped message="Suite splitting in effect" type="pytest.skip">src/pymortests/sylvester.py:136: &lt;py._xmlgen.raw object at 0x7fb29d36fb70&gt;</skipped></testcase><testcase classname="src.pymortests.sylvester" file="src/pymortests/sylvester.py" line="136" name="test_sylv_schur_W_E[2-10-100]" time="0.0004634857177734375"><skipped message="Suite splitting in effect" type="pytest.skip">src/pymortests/sylvester.py:136: &lt;py._xmlgen.raw object at 0x7fb29d34cb38&gt;</skipped></testcase><testcase classname="src.pymortests.sylvester" file="src/pymortests/sylvester.py" line="136" name="test_sylv_schur_W_E[2-10-1000]" time="0.00044727325439453125"><skipped message="Suite splitting in effect" type="pytest.skip">src/pymortests/sylvester.py:136: &lt;py._xmlgen.raw object at 0x7fb29d34c278&gt;</skipped></testcase><testcase classname="src.pymortests.sylvester" file="src/pymortests/sylvester.py" line="136" name="test_sylv_schur_W_E[2-20-100]" time="0.00045371055603027344"><skipped message="Suite splitting in effect" type="pytest.skip">src/pymortests/sylvester.py:136: &lt;py._xmlgen.raw object at 0x7fb29d2dc198&gt;</skipped></testcase><testcase classname="src.pymortests.sylvester" file="src/pymortests/sylvester.py" line="136" name="test_sylv_schur_W_E[2-20-1000]" time="0.0004425048828125"><skipped message="Suite splitting in effect" type="pytest.skip">src/pymortests/sylvester.py:136: &lt;py._xmlgen.raw object at 0x7fb29d2dc9b0&gt;</skipped></testcase><testcase classname="src.pymortests.to_matrix" file="src/pymortests/to_matrix.py" line="34" name="test_to_matrix_NumpyMatrixOperator" time="0.0009572505950927734"><skipped message="Suite splitting in effect" type="pytest.skip">src/pymortests/to_matrix.py:34: &lt;py._xmlgen.raw object at 0x7fb29d34cf98&gt;</skipped></testcase><testcase classname="src.pymortests.to_matrix" file="src/pymortests/to_matrix.py" line="45" name="test_to_matrix_BlockOperator" time="0.0004620552062988281"><skipped message="Suite splitting in effect" type="pytest.skip">src/pymortests/to_matrix.py:45: &lt;py._xmlgen.raw object at 0x7fb29d38a470&gt;</skipped></testcase><testcase classname="src.pymortests.to_matrix" file="src/pymortests/to_matrix.py" line="68" name="test_to_matrix_BlockDiagonalOperator" time="0.0004737377166748047"><skipped message="Suite splitting in effect" type="pytest.skip">src/pymortests/to_matrix.py:68: &lt;py._xmlgen.raw object at 0x7fb2a8441710&gt;</skipped></testcase><testcase classname="src.pymortests.to_matrix" file="src/pymortests/to_matrix.py" line="86" name="test_to_matrix_AdjointOperator" time="0.00045943260192871094"><skipped message="Suite splitting in effect" type="pytest.skip">src/pymortests/to_matrix.py:86: &lt;py._xmlgen.raw object at 0x7fb29d342048&gt;</skipped></testcase><testcase classname="src.pymortests.to_matrix" file="src/pymortests/to_matrix.py" line="127" name="test_to_matrix_ComponentProjection" time="0.0004754066467285156"><skipped message="Suite splitting in effect" type="pytest.skip">src/pymortests/to_matrix.py:127: &lt;py._xmlgen.raw object at 0x7fb2a83c6160&gt;</skipped></testcase><testcase classname="src.pymortests.to_matrix" file="src/pymortests/to_matrix.py" line="138" name="test_to_matrix_Concatenation" time="0.00046443939208984375"><skipped message="Suite splitting in effect" type="pytest.skip">src/pymortests/to_matrix.py:138: &lt;py._xmlgen.raw object at 0x7fb29d2dc9e8&gt;</skipped></testcase><testcase classname="src.pymortests.to_matrix" file="src/pymortests/to_matrix.py" line="165" name="test_to_matrix_IdentityOperator" time="0.0004425048828125"><skipped message="Suite splitting in effect" type="pytest.skip">src/pymortests/to_matrix.py:165: &lt;py._xmlgen.raw object at 0x7fb29d2dc668&gt;</skipped></testcase><testcase classname="src.pymortests.to_matrix" file="src/pymortests/to_matrix.py" line="173" name="test_to_matrix_LincombOperator" time="0.0004620552062988281"><skipped message="Suite splitting in effect" type="pytest.skip">src/pymortests/to_matrix.py:173: &lt;py._xmlgen.raw object at 0x7fb29d2e52e8&gt;</skipped></testcase><testcase classname="src.pymortests.to_matrix" file="src/pymortests/to_matrix.py" line="202" name="test_to_matrix_VectorArrayOperator" time="0.0008041858673095703"><skipped message="Suite splitting in effect" type="pytest.skip">src/pymortests/to_matrix.py:202: &lt;py._xmlgen.raw object at 0x7fb29d2e5828&gt;</skipped></testcase><testcase classname="src.pymortests.to_matrix" file="src/pymortests/to_matrix.py" line="214" name="test_to_matrix_ZeroOperator" time="0.0004749298095703125"><skipped message="Suite splitting in effect" type="pytest.skip">src/pymortests/to_matrix.py:214: &lt;py._xmlgen.raw object at 0x7fb29d2dc2e8&gt;</skipped></testcase><testcase classname="src.pymortests.tools.TestGaussQuadrature" file="src/pymortests/tools.py" line="27" name="test_polynomials" time="0.0005710124969482422"><skipped message="Suite splitting in effect" type="pytest.skip">src/pymortests/tools.py:27: &lt;py._xmlgen.raw object at 0x7fb2a742bcf8&gt;</skipped></testcase><testcase classname="src.pymortests.tools.TestGaussQuadrature" file="src/pymortests/tools.py" line="38" name="test_other_functions" time="0.0004811286926269531"><skipped message="Suite splitting in effect" type="pytest.skip">src/pymortests/tools.py:38: &lt;py._xmlgen.raw object at 0x7fb2a85458d0&gt;</skipped></testcase><testcase classname="src.pymortests.tools.TestGaussQuadrature" file="src/pymortests/tools.py" line="46" name="test_weights" time="0.0004875659942626953"><skipped message="Suite splitting in effect" type="pytest.skip">src/pymortests/tools.py:46: &lt;py._xmlgen.raw object at 0x7fb2a8441710&gt;</skipped></testcase><testcase classname="src.pymortests.tools.TestGaussQuadrature" file="src/pymortests/tools.py" line="51" name="test_points" time="0.0004811286926269531"><skipped message="Suite splitting in effect" type="pytest.skip">src/pymortests/tools.py:51: &lt;py._xmlgen.raw object at 0x7fb29d34cc50&gt;</skipped></testcase><testcase classname="src.pymortests.tools.TestCmp" file="src/pymortests/tools.py" line="61" name="test_props" time="0.0004439353942871094"><skipped message="Suite splitting in effect" type="pytest.skip">src/pymortests/tools.py:61: &lt;py._xmlgen.raw object at 0x7fb29d2e5550&gt;</skipped></testcase><testcase classname="src.pymortests.tools" file="src/pymortests/tools.py" line="87" name="test_vtkio[&lt;lambda&gt;0]" time="0.00045680999755859375"><skipped message="Suite splitting in effect" type="pytest.skip">src/pymortests/tools.py:87: &lt;py._xmlgen.raw object at 0x7fb29d2e51d0&gt;</skipped></testcase><testcase classname="src.pymortests.tools" file="src/pymortests/tools.py" line="87" name="test_vtkio[&lt;lambda&gt;1]" time="0.0008196830749511719"><skipped message="Suite splitting in effect" type="pytest.skip">src/pymortests/tools.py:87: &lt;py._xmlgen.raw object at 0x7fb29d2e5da0&gt;</skipped></testcase><testcase classname="src.pymortests.tools" file="src/pymortests/tools.py" line="87" name="test_vtkio[&lt;lambda&gt;2]" time="0.0004451274871826172"><skipped message="Suite splitting in effect" type="pytest.skip">src/pymortests/tools.py:87: &lt;py._xmlgen.raw object at 0x7fb29d36fb70&gt;</skipped></testcase><testcase classname="src.pymortests.tools" file="src/pymortests/tools.py" line="87" name="test_vtkio[&lt;lambda&gt;3]" time="0.0004267692565917969"><skipped message="Suite splitting in effect" type="pytest.skip">src/pymortests/tools.py:87: &lt;py._xmlgen.raw object at 0x7fb29d342048&gt;</skipped></testcase><testcase classname="src.pymortests.tools" file="src/pymortests/tools.py" line="87" name="test_vtkio[&lt;lambda&gt;4]" time="0.0004646778106689453"><skipped message="Suite splitting in effect" type="pytest.skip">src/pymortests/tools.py:87: &lt;py._xmlgen.raw object at 0x7fb2a7411e48&gt;</skipped></testcase><testcase classname="src.pymortests.tools" file="src/pymortests/tools.py" line="87" name="test_vtkio[&lt;lambda&gt;5]" time="0.0005414485931396484"><skipped message="Suite splitting in effect" type="pytest.skip">src/pymortests/tools.py:87: &lt;py._xmlgen.raw object at 0x7fb2a845ab00&gt;</skipped></testcase><testcase classname="src.pymortests.tools" file="src/pymortests/tools.py" line="87" name="test_vtkio[&lt;lambda&gt;6]" time="0.0006320476531982422"><skipped message="Suite splitting in effect" type="pytest.skip">src/pymortests/tools.py:87: &lt;py._xmlgen.raw object at 0x7fb29d2dc5f8&gt;</skipped></testcase><testcase classname="src.pymortests.tools" file="src/pymortests/tools.py" line="87" name="test_vtkio[&lt;lambda&gt;7]" time="0.0005173683166503906"><skipped message="Suite splitting in effect" type="pytest.skip">src/pymortests/tools.py:87: &lt;py._xmlgen.raw object at 0x7fb29d2e5b70&gt;</skipped></testcase><testcase classname="src.pymortests.tools" file="src/pymortests/tools.py" line="87" name="test_vtkio[&lt;lambda&gt;8]" time="0.0004646778106689453"><skipped message="Suite splitting in effect" type="pytest.skip">src/pymortests/tools.py:87: &lt;py._xmlgen.raw object at 0x7fb29d2e5400&gt;</skipped></testcase><testcase classname="src.pymortests.tools" file="src/pymortests/tools.py" line="87" name="test_vtkio[&lt;lambda&gt;9]" time="0.000644683837890625"><skipped message="Suite splitting in effect" type="pytest.skip">src/pymortests/tools.py:87: &lt;py._xmlgen.raw object at 0x7fb29d2ee400&gt;</skipped></testcase><testcase classname="src.pymortests.tools" file="src/pymortests/tools.py" line="87" name="test_vtkio[&lt;lambda&gt;10]" time="0.00046706199645996094"><skipped message="Suite splitting in effect" type="pytest.skip">src/pymortests/tools.py:87: &lt;py._xmlgen.raw object at 0x7fb29d2e52b0&gt;</skipped></testcase><testcase classname="src.pymortests.tools" file="src/pymortests/tools.py" line="87" name="test_vtkio[&lt;lambda&gt;11]" time="0.0004525184631347656"><skipped message="Suite splitting in effect" type="pytest.skip">src/pymortests/tools.py:87: &lt;py._xmlgen.raw object at 0x7fb29d2dc668&gt;</skipped></testcase><testcase classname="src.pymortests.tools" file="src/pymortests/tools.py" line="87" name="test_vtkio[&lt;lambda&gt;12]" time="0.0006303787231445312"><skipped message="Suite splitting in effect" type="pytest.skip">src/pymortests/tools.py:87: &lt;py._xmlgen.raw object at 0x7fb2a845ab00&gt;</skipped></testcase><testcase classname="src.pymortests.tools" file="src/pymortests/tools.py" line="87" name="test_vtkio[&lt;lambda&gt;13]" time="0.00044155120849609375"><skipped message="Suite splitting in effect" type="pytest.skip">src/pymortests/tools.py:87: &lt;py._xmlgen.raw object at 0x7fb2a74115c0&gt;</skipped></testcase><testcase classname="src.pymortests.tools" file="src/pymortests/tools.py" line="87" name="test_vtkio[&lt;lambda&gt;14]" time="0.0005958080291748047"><skipped message="Suite splitting in effect" type="pytest.skip">src/pymortests/tools.py:87: &lt;py._xmlgen.raw object at 0x7fb2a8441710&gt;</skipped></testcase><testcase classname="src.pymortests.tools" file="src/pymortests/tools.py" line="87" name="test_vtkio[&lt;lambda&gt;15]" time="0.00045871734619140625"><skipped message="Suite splitting in effect" type="pytest.skip">src/pymortests/tools.py:87: &lt;py._xmlgen.raw object at 0x7fb29d34c1d0&gt;</skipped></testcase><testcase classname="src.pymortests.tools" file="src/pymortests/tools.py" line="87" name="test_vtkio[&lt;lambda&gt;16]" time="0.00045418739318847656"><skipped message="Suite splitting in effect" type="pytest.skip">src/pymortests/tools.py:87: &lt;py._xmlgen.raw object at 0x7fb29d2ee0b8&gt;</skipped></testcase><testcase classname="src.pymortests.tools" file="src/pymortests/tools.py" line="87" name="test_vtkio[&lt;lambda&gt;17]" time="0.00045609474182128906"><skipped message="Suite splitting in effect" type="pytest.skip">src/pymortests/tools.py:87: &lt;py._xmlgen.raw object at 0x7fb29d2ee908&gt;</skipped></testcase><testcase classname="src.pymortests.tools" file="src/pymortests/tools.py" line="87" name="test_vtkio[&lt;lambda&gt;18]" time="0.0007550716400146484"><skipped message="Suite splitting in effect" type="pytest.skip">src/pymortests/tools.py:87: &lt;py._xmlgen.raw object at 0x7fb29d34cf28&gt;</skipped></testcase><testcase classname="src.pymortests.tools" file="src/pymortests/tools.py" line="87" name="test_vtkio[&lt;lambda&gt;19]" time="0.0005042552947998047"><skipped message="Suite splitting in effect" type="pytest.skip">src/pymortests/tools.py:87: &lt;py._xmlgen.raw object at 0x7fb2a74117f0&gt;</skipped></testcase><testcase classname="src.pymortests.tools" file="src/pymortests/tools.py" line="87" name="test_vtkio[&lt;lambda&gt;20]" time="0.0004451274871826172"><skipped message="Suite splitting in effect" type="pytest.skip">src/pymortests/tools.py:87: &lt;py._xmlgen.raw object at 0x7fb2a845a860&gt;</skipped></testcase><testcase classname="src.pymortests.tools" file="src/pymortests/tools.py" line="87" name="test_vtkio[&lt;lambda&gt;21]" time="0.0004515647888183594"><skipped message="Suite splitting in effect" type="pytest.skip">src/pymortests/tools.py:87: &lt;py._xmlgen.raw object at 0x7fb29d2dc710&gt;</skipped></testcase><testcase classname="src.pymortests.tools" file="src/pymortests/tools.py" line="87" name="test_vtkio[&lt;lambda&gt;22]" time="0.00044417381286621094"><skipped message="Suite splitting in effect" type="pytest.skip">src/pymortests/tools.py:87: &lt;py._xmlgen.raw object at 0x7fb29d2e5ef0&gt;</skipped></testcase><testcase classname="src.pymortests.tools" file="src/pymortests/tools.py" line="87" name="test_vtkio[&lt;lambda&gt;23]" time="0.0004737377166748047"><skipped message="Suite splitting in effect" type="pytest.skip">src/pymortests/tools.py:87: &lt;py._xmlgen.raw object at 0x7fb29d2eea58&gt;</skipped></testcase><testcase classname="src.pymortests.tools.TestTiming" file="src/pymortests/tools.py" line="102" name="testTimingContext" time="0.0004799365997314453"><skipped message="Suite splitting in effect" type="pytest.skip">src/pymortests/tools.py:102: &lt;py._xmlgen.raw object at 0x7fb29d2ee160&gt;</skipped></testcase><testcase classname="src.pymortests.tools.TestTiming" file="src/pymortests/tools.py" line="112" name="testTimingDecorator" time="0.0004763603210449219"><skipped message="Suite splitting in effect" type="pytest.skip">src/pymortests/tools.py:112: &lt;py._xmlgen.raw object at 0x7fb29d2eeeb8&gt;</skipped></testcase><testcase classname="src.pymortests.tools.TestTiming" file="src/pymortests/tools.py" line="115" name="testTiming" time="0.0007631778717041016"><skipped message="Suite splitting in effect" type="pytest.skip">src/pymortests/tools.py:115: &lt;py._xmlgen.raw object at 0x7fb29d2eeeb8&gt;</skipped></testcase><testcase classname="src.pymortests.tools" file="src/pymortests/tools.py" line="123" name="testDeprecated" time="0.00047850608825683594"><skipped message="Suite splitting in effect" type="pytest.skip">src/pymortests/tools.py:123: &lt;py._xmlgen.raw object at 0x7fb29d2ee630&gt;</skipped></testcase><testcase classname="src.pymortests.vectorarray" file="src/pymortests/vectorarray.py" line="152" name="test_empty[0-&lt;lambda&gt;0]" time="0.0008690357208251953"><skipped message="Suite splitting in effect" type="pytest.skip">src/pymortests/vectorarray.py:152: &lt;py._xmlgen.raw object at 0x7fb29d2e56d8&gt;</skipped></testcase><testcase classname="src.pymortests.vectorarray" file="src/pymortests/vectorarray.py" line="152" name="test_empty[0-&lt;lambda&gt;1]" time="0.00044989585876464844"><skipped message="Suite splitting in effect" type="pytest.skip">src/pymortests/vectorarray.py:152: &lt;py._xmlgen.raw object at 0x7fb29d2dc668&gt;</skipped></testcase><testcase classname="src.pymortests.vectorarray" file="src/pymortests/vectorarray.py" line="152" name="test_empty[0-&lt;lambda&gt;2]" time="0.00045180320739746094"><skipped message="Suite splitting in effect" type="pytest.skip">src/pymortests/vectorarray.py:152: &lt;py._xmlgen.raw object at 0x7fb2a83ebb70&gt;</skipped></testcase><testcase classname="src.pymortests.vectorarray" file="src/pymortests/vectorarray.py" line="152" name="test_empty[0-&lt;lambda&gt;3]" time="0.0007648468017578125"><skipped message="Suite splitting in effect" type="pytest.skip">src/pymortests/vectorarray.py:152: &lt;py._xmlgen.raw object at 0x7fb29d311240&gt;</skipped></testcase><testcase classname="src.pymortests.vectorarray" file="src/pymortests/vectorarray.py" line="152" name="test_empty[0-&lt;lambda&gt;4]" time="0.00048160552978515625"><skipped message="Suite splitting in effect" type="pytest.skip">src/pymortests/vectorarray.py:152: &lt;py._xmlgen.raw object at 0x7fb29d34cf28&gt;</skipped></testcase><testcase classname="src.pymortests.vectorarray" file="src/pymortests/vectorarray.py" line="152" name="test_empty[0-&lt;lambda&gt;5]" time="0.0004916191101074219"><skipped message="Suite splitting in effect" type="pytest.skip">src/pymortests/vectorarray.py:152: &lt;py._xmlgen.raw object at 0x7fb29d2f8780&gt;</skipped></testcase><testcase classname="src.pymortests.vectorarray" file="src/pymortests/vectorarray.py" line="152" name="test_empty[0-&lt;lambda&gt;6]" time="0.00045299530029296875"><skipped message="Suite splitting in effect" type="pytest.skip">src/pymortests/vectorarray.py:152: &lt;py._xmlgen.raw object at 0x7fb29d342f98&gt;</skipped></testcase><testcase classname="src.pymortests.vectorarray" file="src/pymortests/vectorarray.py" line="152" name="test_empty[0-&lt;lambda&gt;7]" time="0.0004782676696777344"><skipped message="Suite splitting in effect" type="pytest.skip">src/pymortests/vectorarray.py:152: &lt;py._xmlgen.raw object at 0x7fb2a73f17f0&gt;</skipped></testcase><testcase classname="src.pymortests.vectorarray" file="src/pymortests/vectorarray.py" line="152" name="test_empty[0-&lt;lambda&gt;8]" time="0.0004992485046386719"><skipped message="Suite splitting in effect" type="pytest.skip">src/pymortests/vectorarray.py:152: &lt;py._xmlgen.raw object at 0x7fb29d2ee5c0&gt;</skipped></testcase><testcase classname="src.pymortests.vectorarray" file="src/pymortests/vectorarray.py" line="152" name="test_empty[0-&lt;lambda&gt;9]" time="0.0006299018859863281"><skipped message="Suite splitting in effect" type="pytest.skip">src/pymortests/vectorarray.py:152: &lt;py._xmlgen.raw object at 0x7fb29d2ee320&gt;</skipped></testcase><testcase classname="src.pymortests.vectorarray" file="src/pymortests/vectorarray.py" line="152" name="test_empty[0-&lt;lambda&gt;10]" time="0.0004553794860839844"><skipped message="Suite splitting in effect" type="pytest.skip">src/pymortests/vectorarray.py:152: &lt;py._xmlgen.raw object at 0x7fb29d2e5320&gt;</skipped></testcase><testcase classname="src.pymortests.vectorarray" file="src/pymortests/vectorarray.py" line="152" name="test_empty[0-&lt;lambda&gt;11]" time="0.00047016143798828125"><skipped message="Suite splitting in effect" type="pytest.skip">src/pymortests/vectorarray.py:152: &lt;py._xmlgen.raw object at 0x7fb29d2e57f0&gt;</skipped></testcase><testcase classname="src.pymortests.vectorarray" file="src/pymortests/vectorarray.py" line="152" name="test_empty[0-&lt;lambda&gt;12]" time="0.0004410743713378906"><skipped message="Suite splitting in effect" type="pytest.skip">src/pymortests/vectorarray.py:152: &lt;py._xmlgen.raw object at 0x7fb29d2dc550&gt;</skipped></testcase><testcase classname="src.pymortests.vectorarray" file="src/pymortests/vectorarray.py" line="152" name="test_empty[0-&lt;lambda&gt;13]" time="0.0008809566497802734"><skipped message="Suite splitting in effect" type="pytest.skip">src/pymortests/vectorarray.py:152: &lt;py._xmlgen.raw object at 0x7fb29d34ce48&gt;</skipped></testcase><testcase classname="src.pymortests.vectorarray" file="src/pymortests/vectorarray.py" line="152" name="test_empty[0-&lt;lambda&gt;14]" time="0.0004432201385498047"><skipped message="Suite splitting in effect" type="pytest.skip">src/pymortests/vectorarray.py:152: &lt;py._xmlgen.raw object at 0x7fb29d380ac8&gt;</skipped></testcase><testcase classname="src.pymortests.vectorarray" file="src/pymortests/vectorarray.py" line="152" name="test_empty[0-&lt;lambda&gt;15]" time="0.0005617141723632812"><skipped message="Suite splitting in effect" type="pytest.skip">src/pymortests/vectorarray.py:152: &lt;py._xmlgen.raw object at 0x7fb29d34c8d0&gt;</skipped></testcase><testcase classname="src.pymortests.vectorarray" file="src/pymortests/vectorarray.py" line="152" name="test_empty[0-&lt;lambda&gt;16]" time="0.0004711151123046875"><skipped message="Suite splitting in effect" type="pytest.skip">src/pymortests/vectorarray.py:152: &lt;py._xmlgen.raw object at 0x7fb29d2dc6a0&gt;</skipped></testcase><testcase classname="src.pymortests.vectorarray" file="src/pymortests/vectorarray.py" line="152" name="test_empty[0-&lt;lambda&gt;17]" time="0.0004658699035644531"><skipped message="Suite splitting in effect" type="pytest.skip">src/pymortests/vectorarray.py:152: &lt;py._xmlgen.raw object at 0x7fb29d2e56d8&gt;</skipped></testcase><testcase classname="src.pymortests.vectorarray" file="src/pymortests/vectorarray.py" line="152" name="test_empty[0-&lt;lambda&gt;18]" time="0.0005810260772705078"><skipped message="Suite splitting in effect" type="pytest.skip">src/pymortests/vectorarray.py:152: &lt;py._xmlgen.raw object at 0x7fb29d2eeef0&gt;</skipped></testcase><testcase classname="src.pymortests.vectorarray" file="src/pymortests/vectorarray.py" line="152" name="test_empty[0-&lt;lambda&gt;19]" time="0.0005271434783935547"><skipped message="Suite splitting in effect" type="pytest.skip">src/pymortests/vectorarray.py:152: &lt;py._xmlgen.raw object at 0x7fb29d2ee5c0&gt;</skipped></testcase><testcase classname="src.pymortests.vectorarray" file="src/pymortests/vectorarray.py" line="152" name="test_empty[0-&lt;lambda&gt;20]" time="0.0004756450653076172"><skipped message="Suite splitting in effect" type="pytest.skip">src/pymortests/vectorarray.py:152: &lt;py._xmlgen.raw object at 0x7fb2a73f1a90&gt;</skipped></testcase><testcase classname="src.pymortests.vectorarray" file="src/pymortests/vectorarray.py" line="152" name="test_empty[0-&lt;lambda&gt;21]" time="0.0004496574401855469"><skipped message="Suite splitting in effect" type="pytest.skip">src/pymortests/vectorarray.py:152: &lt;py._xmlgen.raw object at 0x7fb2a7411e80&gt;</skipped></testcase><testcase classname="src.pymortests.vectorarray" file="src/pymortests/vectorarray.py" line="152" name="test_empty[0-&lt;lambda&gt;22]" time="0.0004451274871826172"><skipped message="Suite splitting in effect" type="pytest.skip">src/pymortests/vectorarray.py:152: &lt;py._xmlgen.raw object at 0x7fb2a851f4a8&gt;</skipped></testcase><testcase classname="src.pymortests.vectorarray" file="src/pymortests/vectorarray.py" line="152" name="test_empty[0-&lt;lambda&gt;23]" time="0.0008053779602050781"><skipped message="Suite splitting in effect" type="pytest.skip">src/pymortests/vectorarray.py:152: &lt;py._xmlgen.raw object at 0x7fb29d342f98&gt;</skipped></testcase><testcase classname="src.pymortests.vectorarray" file="src/pymortests/vectorarray.py" line="152" name="test_empty[0-&lt;lambda&gt;24]" time="0.00043272972106933594"><skipped message="Suite splitting in effect" type="pytest.skip">src/pymortests/vectorarray.py:152: &lt;py._xmlgen.raw object at 0x7fb2a83eb550&gt;</skipped></testcase><testcase classname="src.pymortests.vectorarray" file="src/pymortests/vectorarray.py" line="152" name="test_empty[0-&lt;lambda&gt;25]" time="0.0004792213439941406"><skipped message="Suite splitting in effect" type="pytest.skip">src/pymortests/vectorarray.py:152: &lt;py._xmlgen.raw object at 0x7fb2a73af9e8&gt;</skipped></testcase><testcase classname="src.pymortests.vectorarray" file="src/pymortests/vectorarray.py" line="152" name="test_empty[0-&lt;lambda&gt;26]" time="0.0005888938903808594"><skipped message="Suite splitting in effect" type="pytest.skip">src/pymortests/vectorarray.py:152: &lt;py._xmlgen.raw object at 0x7fb29d2eed68&gt;</skipped></testcase><testcase classname="src.pymortests.vectorarray" file="src/pymortests/vectorarray.py" line="152" name="test_empty[1-&lt;lambda&gt;0]" time="0.00044536590576171875"><skipped message="Suite splitting in effect" type="pytest.skip">src/pymortests/vectorarray.py:152: &lt;py._xmlgen.raw object at 0x7fb29d2e5828&gt;</skipped></testcase><testcase classname="src.pymortests.vectorarray" file="src/pymortests/vectorarray.py" line="152" name="test_empty[1-&lt;lambda&gt;1]" time="0.00046634674072265625"><skipped message="Suite splitting in effect" type="pytest.skip">src/pymortests/vectorarray.py:152: &lt;py._xmlgen.raw object at 0x7fb29d2dcda0&gt;</skipped></testcase><testcase classname="src.pymortests.vectorarray" file="src/pymortests/vectorarray.py" line="152" name="test_empty[1-&lt;lambda&gt;2]" time="0.00045418739318847656"><skipped message="Suite splitting in effect" type="pytest.skip">src/pymortests/vectorarray.py:152: &lt;py._xmlgen.raw object at 0x7fb29d380e80&gt;</skipped></testcase><testcase classname="src.pymortests.vectorarray" file="src/pymortests/vectorarray.py" line="152" name="test_empty[1-&lt;lambda&gt;3]" time="0.00044465065002441406"><skipped message="Suite splitting in effect" type="pytest.skip">src/pymortests/vectorarray.py:152: &lt;py._xmlgen.raw object at 0x7fb29d2f8438&gt;</skipped></testcase><testcase classname="src.pymortests.vectorarray" file="src/pymortests/vectorarray.py" line="152" name="test_empty[1-&lt;lambda&gt;4]" time="0.0007693767547607422"><skipped message="Suite splitting in effect" type="pytest.skip">src/pymortests/vectorarray.py:152: &lt;py._xmlgen.raw object at 0x7fb29d318198&gt;</skipped></testcase><testcase classname="src.pymortests.vectorarray" file="src/pymortests/vectorarray.py" line="152" name="test_empty[1-&lt;lambda&gt;5]" time="0.00046515464782714844"><skipped message="Suite splitting in effect" type="pytest.skip">src/pymortests/vectorarray.py:152: &lt;py._xmlgen.raw object at 0x7fb29d2dcda0&gt;</skipped></testcase><testcase classname="src.pymortests.vectorarray" file="src/pymortests/vectorarray.py" line="152" name="test_empty[1-&lt;lambda&gt;6]" time="0.00046753883361816406"><skipped message="Suite splitting in effect" type="pytest.skip">src/pymortests/vectorarray.py:152: &lt;py._xmlgen.raw object at 0x7fb29d2e5c18&gt;</skipped></testcase><testcase classname="src.pymortests.vectorarray" file="src/pymortests/vectorarray.py" line="152" name="test_empty[1-&lt;lambda&gt;7]" time="0.000438690185546875"><skipped message="Suite splitting in effect" type="pytest.skip">src/pymortests/vectorarray.py:152: &lt;py._xmlgen.raw object at 0x7fb29d2ee4a8&gt;</skipped></testcase><testcase classname="src.pymortests.vectorarray" file="src/pymortests/vectorarray.py" line="152" name="test_empty[1-&lt;lambda&gt;8]" time="0.0005252361297607422"><skipped message="Suite splitting in effect" type="pytest.skip">src/pymortests/vectorarray.py:152: &lt;py._xmlgen.raw object at 0x7fb2a83eb9b0&gt;</skipped></testcase><testcase classname="src.pymortests.vectorarray" file="src/pymortests/vectorarray.py" line="152" name="test_empty[1-&lt;lambda&gt;9]" time="0.0004985332489013672"><skipped message="Suite splitting in effect" type="pytest.skip">src/pymortests/vectorarray.py:152: &lt;py._xmlgen.raw object at 0x7fb2a73ee400&gt;</skipped></testcase><testcase classname="src.pymortests.vectorarray" file="src/pymortests/vectorarray.py" line="152" name="test_empty[1-&lt;lambda&gt;10]" time="0.00043654441833496094"><skipped message="Suite splitting in effect" type="pytest.skip">src/pymortests/vectorarray.py:152: &lt;py._xmlgen.raw object at 0x7fb29d2f8860&gt;</skipped></testcase><testcase classname="src.pymortests.vectorarray" file="src/pymortests/vectorarray.py" line="152" name="test_empty[1-&lt;lambda&gt;11]" time="0.000446319580078125"><skipped message="Suite splitting in effect" type="pytest.skip">src/pymortests/vectorarray.py:152: &lt;py._xmlgen.raw object at 0x7fb29d30a048&gt;</skipped></testcase><testcase classname="src.pymortests.vectorarray" file="src/pymortests/vectorarray.py" line="152" name="test_empty[1-&lt;lambda&gt;12]" time="0.0007326602935791016"><skipped message="Suite splitting in effect" type="pytest.skip">src/pymortests/vectorarray.py:152: &lt;py._xmlgen.raw object at 0x7fb29d30a588&gt;</skipped></testcase><testcase classname="src.pymortests.vectorarray" file="src/pymortests/vectorarray.py" line="152" name="test_empty[1-&lt;lambda&gt;13]" time="0.00045490264892578125"><skipped message="Suite splitting in effect" type="pytest.skip">src/pymortests/vectorarray.py:152: &lt;py._xmlgen.raw object at 0x7fb29d2f8be0&gt;</skipped></testcase><testcase classname="src.pymortests.vectorarray" file="src/pymortests/vectorarray.py" line="152" name="test_empty[1-&lt;lambda&gt;14]" time="0.00046062469482421875"><skipped message="Suite splitting in effect" type="pytest.skip">src/pymortests/vectorarray.py:152: &lt;py._xmlgen.raw object at 0x7fb2a73ee160&gt;</skipped></testcase><testcase classname="src.pymortests.vectorarray" file="src/pymortests/vectorarray.py" line="152" name="test_empty[1-&lt;lambda&gt;15]" time="0.0004620552062988281"><skipped message="Suite splitting in effect" type="pytest.skip">src/pymortests/vectorarray.py:152: &lt;py._xmlgen.raw object at 0x7fb2a73f1b38&gt;</skipped></testcase><testcase classname="src.pymortests.vectorarray" file="src/pymortests/vectorarray.py" line="152" name="test_empty[1-&lt;lambda&gt;16]" time="0.0004582405090332031"><skipped message="Suite splitting in effect" type="pytest.skip">src/pymortests/vectorarray.py:152: &lt;py._xmlgen.raw object at 0x7fb29d2ee160&gt;</skipped></testcase><testcase classname="src.pymortests.vectorarray" file="src/pymortests/vectorarray.py" line="152" name="test_empty[1-&lt;lambda&gt;17]" time="0.0004467964172363281"><skipped message="Suite splitting in effect" type="pytest.skip">src/pymortests/vectorarray.py:152: &lt;py._xmlgen.raw object at 0x7fb29d2dcf98&gt;</skipped></testcase><testcase classname="src.pymortests.vectorarray" file="src/pymortests/vectorarray.py" line="152" name="test_empty[1-&lt;lambda&gt;18]" time="0.0004603862762451172"><skipped message="Suite splitting in effect" type="pytest.skip">src/pymortests/vectorarray.py:152: &lt;py._xmlgen.raw object at 0x7fb29d380e80&gt;</skipped></testcase><testcase classname="src.pymortests.vectorarray" file="src/pymortests/vectorarray.py" line="152" name="test_empty[1-&lt;lambda&gt;19]" time="0.00048661231994628906"><skipped message="Suite splitting in effect" type="pytest.skip">src/pymortests/vectorarray.py:152: &lt;py._xmlgen.raw object at 0x7fb29d30a080&gt;</skipped></testcase><testcase classname="src.pymortests.vectorarray" file="src/pymortests/vectorarray.py" line="152" name="test_empty[1-&lt;lambda&gt;20]" time="0.0007908344268798828"><skipped message="Suite splitting in effect" type="pytest.skip">src/pymortests/vectorarray.py:152: &lt;py._xmlgen.raw object at 0x7fb29d30aac8&gt;</skipped></testcase><testcase classname="src.pymortests.vectorarray" file="src/pymortests/vectorarray.py" line="152" name="test_empty[1-&lt;lambda&gt;21]" time="0.0005202293395996094"><skipped message="Suite splitting in effect" type="pytest.skip">src/pymortests/vectorarray.py:152: &lt;py._xmlgen.raw object at 0x7fb2a74582b0&gt;</skipped></testcase><testcase classname="src.pymortests.vectorarray" file="src/pymortests/vectorarray.py" line="152" name="test_empty[1-&lt;lambda&gt;22]" time="0.0004372596740722656"><skipped message="Suite splitting in effect" type="pytest.skip">src/pymortests/vectorarray.py:152: &lt;py._xmlgen.raw object at 0x7fb2a742bcf8&gt;</skipped></testcase><testcase classname="src.pymortests.vectorarray" file="src/pymortests/vectorarray.py" line="152" name="test_empty[1-&lt;lambda&gt;23]" time="0.00043511390686035156"><skipped message="Suite splitting in effect" type="pytest.skip">src/pymortests/vectorarray.py:152: &lt;py._xmlgen.raw object at 0x7fb2a73f1b38&gt;</skipped></testcase><testcase classname="src.pymortests.vectorarray" file="src/pymortests/vectorarray.py" line="152" name="test_empty[1-&lt;lambda&gt;24]" time="0.00043487548828125"><skipped message="Suite splitting in effect" type="pytest.skip">src/pymortests/vectorarray.py:152: &lt;py._xmlgen.raw object at 0x7fb2a73ee0b8&gt;</skipped></testcase><testcase classname="src.pymortests.vectorarray" file="src/pymortests/vectorarray.py" line="152" name="test_empty[1-&lt;lambda&gt;25]" time="0.0004336833953857422"><skipped message="Suite splitting in effect" type="pytest.skip">src/pymortests/vectorarray.py:152: &lt;py._xmlgen.raw object at 0x7fb29d2f8be0&gt;</skipped></testcase><testcase classname="src.pymortests.vectorarray" file="src/pymortests/vectorarray.py" line="152" name="test_empty[1-&lt;lambda&gt;26]" time="0.00046372413635253906"><skipped message="Suite splitting in effect" type="pytest.skip">src/pymortests/vectorarray.py:152: &lt;py._xmlgen.raw object at 0x7fb29d30a7b8&gt;</skipped></testcase><testcase classname="src.pymortests.vectorarray" file="src/pymortests/vectorarray.py" line="152" name="test_empty[2-&lt;lambda&gt;0]" time="0.00047326087951660156"><skipped message="Suite splitting in effect" type="pytest.skip">src/pymortests/vectorarray.py:152: &lt;py._xmlgen.raw object at 0x7fb29d30a358&gt;</skipped></testcase><testcase classname="src.pymortests.vectorarray" file="src/pymortests/vectorarray.py" line="152" name="test_empty[2-&lt;lambda&gt;1]" time="0.00044274330139160156"><skipped message="Suite splitting in effect" type="pytest.skip">src/pymortests/vectorarray.py:152: &lt;py._xmlgen.raw object at 0x7fb29d292128&gt;</skipped></testcase><testcase classname="src.pymortests.vectorarray" file="src/pymortests/vectorarray.py" line="152" name="test_empty[2-&lt;lambda&gt;2]" time="0.0005285739898681641"><skipped message="Suite splitting in effect" type="pytest.skip">src/pymortests/vectorarray.py:152: &lt;py._xmlgen.raw object at 0x7fb29d30a390&gt;</skipped></testcase><testcase classname="src.pymortests.vectorarray" file="src/pymortests/vectorarray.py" line="152" name="test_empty[2-&lt;lambda&gt;3]" time="0.0004820823669433594"><skipped message="Suite splitting in effect" type="pytest.skip">src/pymortests/vectorarray.py:152: &lt;py._xmlgen.raw object at 0x7fb2a85266a0&gt;</skipped></testcase><testcase classname="src.pymortests.vectorarray" file="src/pymortests/vectorarray.py" line="152" name="test_empty[2-&lt;lambda&gt;4]" time="0.00046706199645996094"><skipped message="Suite splitting in effect" type="pytest.skip">src/pymortests/vectorarray.py:152: &lt;py._xmlgen.raw object at 0x7fb29d2f8438&gt;</skipped></testcase><testcase classname="src.pymortests.vectorarray" file="src/pymortests/vectorarray.py" line="152" name="test_empty[2-&lt;lambda&gt;5]" time="0.00048828125"><skipped message="Suite splitting in effect" type="pytest.skip">src/pymortests/vectorarray.py:152: &lt;py._xmlgen.raw object at 0x7fb2a83eb550&gt;</skipped></testcase><testcase classname="src.pymortests.vectorarray" file="src/pymortests/vectorarray.py" line="152" name="test_empty[2-&lt;lambda&gt;6]" time="0.0004572868347167969"><skipped message="Suite splitting in effect" type="pytest.skip">src/pymortests/vectorarray.py:152: &lt;py._xmlgen.raw object at 0x7fb2a8694b00&gt;</skipped></testcase><testcase classname="src.pymortests.vectorarray" file="src/pymortests/vectorarray.py" line="152" name="test_empty[2-&lt;lambda&gt;7]" time="0.0004467964172363281"><skipped message="Suite splitting in effect" type="pytest.skip">src/pymortests/vectorarray.py:152: &lt;py._xmlgen.raw object at 0x7fb2a7458208&gt;</skipped></testcase><testcase classname="src.pymortests.vectorarray" file="src/pymortests/vectorarray.py" line="152" name="test_empty[2-&lt;lambda&gt;8]" time="0.00044083595275878906"><skipped message="Suite splitting in effect" type="pytest.skip">src/pymortests/vectorarray.py:152: &lt;py._xmlgen.raw object at 0x7fb29d380208&gt;</skipped></testcase><testcase classname="src.pymortests.vectorarray" file="src/pymortests/vectorarray.py" line="152" name="test_empty[2-&lt;lambda&gt;9]" time="0.0004754066467285156"><skipped message="Suite splitting in effect" type="pytest.skip">src/pymortests/vectorarray.py:152: &lt;py._xmlgen.raw object at 0x7fb29d292630&gt;</skipped></testcase><testcase classname="src.pymortests.vectorarray" file="src/pymortests/vectorarray.py" line="152" name="test_empty[2-&lt;lambda&gt;10]" time="0.0008294582366943359"><skipped message="Suite splitting in effect" type="pytest.skip">src/pymortests/vectorarray.py:152: &lt;py._xmlgen.raw object at 0x7fb2a85659b0&gt;</skipped></testcase><testcase classname="src.pymortests.vectorarray" file="src/pymortests/vectorarray.py" line="152" name="test_empty[2-&lt;lambda&gt;11]" time="0.00043082237243652344"><skipped message="Suite splitting in effect" type="pytest.skip">src/pymortests/vectorarray.py:152: &lt;py._xmlgen.raw object at 0x7fb2a8694b00&gt;</skipped></testcase><testcase classname="src.pymortests.vectorarray" file="src/pymortests/vectorarray.py" line="152" name="test_empty[2-&lt;lambda&gt;12]" time="0.00048422813415527344"><skipped message="Suite splitting in effect" type="pytest.skip">src/pymortests/vectorarray.py:152: &lt;py._xmlgen.raw object at 0x7fb2a83fd630&gt;</skipped></testcase><testcase classname="src.pymortests.vectorarray" file="src/pymortests/vectorarray.py" line="152" name="test_empty[2-&lt;lambda&gt;13]" time="0.0004897117614746094"><skipped message="Suite splitting in effect" type="pytest.skip">src/pymortests/vectorarray.py:152: &lt;py._xmlgen.raw object at 0x7fb29d2f8fd0&gt;</skipped></testcase><testcase classname="src.pymortests.vectorarray" file="src/pymortests/vectorarray.py" line="152" name="test_empty[2-&lt;lambda&gt;14]" time="0.0004410743713378906"><skipped message="Suite splitting in effect" type="pytest.skip">src/pymortests/vectorarray.py:152: &lt;py._xmlgen.raw object at 0x7fb29d30a080&gt;</skipped></testcase><testcase classname="src.pymortests.vectorarray" file="src/pymortests/vectorarray.py" line="152" name="test_empty[2-&lt;lambda&gt;15]" time="0.0004355907440185547"><skipped message="Suite splitting in effect" type="pytest.skip">src/pymortests/vectorarray.py:152: &lt;py._xmlgen.raw object at 0x7fb29d30ae10&gt;</skipped></testcase><testcase classname="src.pymortests.vectorarray" file="src/pymortests/vectorarray.py" line="152" name="test_empty[2-&lt;lambda&gt;16]" time="0.00045013427734375"><skipped message="Suite splitting in effect" type="pytest.skip">src/pymortests/vectorarray.py:152: &lt;py._xmlgen.raw object at 0x7fb29d292390&gt;</skipped></testcase><testcase classname="src.pymortests.vectorarray" file="src/pymortests/vectorarray.py" line="152" name="test_empty[2-&lt;lambda&gt;17]" time="0.00046706199645996094"><skipped message="Suite splitting in effect" type="pytest.skip">src/pymortests/vectorarray.py:152: &lt;py._xmlgen.raw object at 0x7fb29d292b70&gt;</skipped></testcase><testcase classname="src.pymortests.vectorarray" file="src/pymortests/vectorarray.py" line="152" name="test_empty[2-&lt;lambda&gt;18]" time="0.0008068084716796875"><skipped message="Suite splitting in effect" type="pytest.skip">src/pymortests/vectorarray.py:152: &lt;py._xmlgen.raw object at 0x7fb29d30a780&gt;</skipped></testcase><testcase classname="src.pymortests.vectorarray" file="src/pymortests/vectorarray.py" line="152" name="test_empty[2-&lt;lambda&gt;19]" time="0.00047516822814941406"><skipped message="Suite splitting in effect" type="pytest.skip">src/pymortests/vectorarray.py:152: &lt;py._xmlgen.raw object at 0x7fb29d30a630&gt;</skipped></testcase><testcase classname="src.pymortests.vectorarray" file="src/pymortests/vectorarray.py" line="152" name="test_empty[2-&lt;lambda&gt;20]" time="0.00044608116149902344"><skipped message="Suite splitting in effect" type="pytest.skip">src/pymortests/vectorarray.py:152: &lt;py._xmlgen.raw object at 0x7fb29d2f8e10&gt;</skipped></testcase><testcase classname="src.pymortests.vectorarray" file="src/pymortests/vectorarray.py" line="152" name="test_empty[2-&lt;lambda&gt;21]" time="0.00044798851013183594"><skipped message="Suite splitting in effect" type="pytest.skip">src/pymortests/vectorarray.py:152: &lt;py._xmlgen.raw object at 0x7fb29d2ee160&gt;</skipped></testcase><testcase classname="src.pymortests.vectorarray" file="src/pymortests/vectorarray.py" line="152" name="test_empty[2-&lt;lambda&gt;22]" time="0.0004372596740722656"><skipped message="Suite splitting in effect" type="pytest.skip">src/pymortests/vectorarray.py:152: &lt;py._xmlgen.raw object at 0x7fb2a7458748&gt;</skipped></testcase><testcase classname="src.pymortests.vectorarray" file="src/pymortests/vectorarray.py" line="152" name="test_empty[2-&lt;lambda&gt;23]" time="0.00044608116149902344"><skipped message="Suite splitting in effect" type="pytest.skip">src/pymortests/vectorarray.py:152: &lt;py._xmlgen.raw object at 0x7fb29d292278&gt;</skipped></testcase><testcase classname="src.pymortests.vectorarray" file="src/pymortests/vectorarray.py" line="152" name="test_empty[2-&lt;lambda&gt;24]" time="0.00045490264892578125"><skipped message="Suite splitting in effect" type="pytest.skip">src/pymortests/vectorarray.py:152: &lt;py._xmlgen.raw object at 0x7fb29d2926d8&gt;</skipped></testcase><testcase classname="src.pymortests.vectorarray" file="src/pymortests/vectorarray.py" line="152" name="test_empty[2-&lt;lambda&gt;25]" time="0.00045228004455566406"><skipped message="Suite splitting in effect" type="pytest.skip">src/pymortests/vectorarray.py:152: &lt;py._xmlgen.raw object at 0x7fb29d29d470&gt;</skipped></testcase><testcase classname="src.pymortests.vectorarray" file="src/pymortests/vectorarray.py" line="152" name="test_empty[2-&lt;lambda&gt;26]" time="0.0008018016815185547"><skipped message="Suite splitting in effect" type="pytest.skip">src/pymortests/vectorarray.py:152: &lt;py._xmlgen.raw object at 0x7fb29d29d9b0&gt;</skipped></testcase><testcase classname="src.pymortests.vectorarray" file="src/pymortests/vectorarray.py" line="165" name="test_zeros[0-&lt;lambda&gt;0]" time="0.0004489421844482422"><skipped message="Suite splitting in effect" type="pytest.skip">src/pymortests/vectorarray.py:165: &lt;py._xmlgen.raw object at 0x7fb29d292898&gt;</skipped></testcase><testcase classname="src.pymortests.vectorarray" file="src/pymortests/vectorarray.py" line="165" name="test_zeros[0-&lt;lambda&gt;1]" time="0.0004677772521972656"><skipped message="Suite splitting in effect" type="pytest.skip">src/pymortests/vectorarray.py:165: &lt;py._xmlgen.raw object at 0x7fb29d2e54e0&gt;</skipped></testcase><testcase classname="src.pymortests.vectorarray" file="src/pymortests/vectorarray.py" line="165" name="test_zeros[0-&lt;lambda&gt;2]" time="0.0004425048828125"><skipped message="Suite splitting in effect" type="pytest.skip">src/pymortests/vectorarray.py:165: &lt;py._xmlgen.raw object at 0x7fb2a73ee7f0&gt;</skipped></testcase><testcase classname="src.pymortests.vectorarray" file="src/pymortests/vectorarray.py" line="165" name="test_zeros[0-&lt;lambda&gt;3]" time="0.0004718303680419922"><skipped message="Suite splitting in effect" type="pytest.skip">src/pymortests/vectorarray.py:165: &lt;py._xmlgen.raw object at 0x7fb2a743dcc0&gt;</skipped></testcase><testcase classname="src.pymortests.vectorarray" file="src/pymortests/vectorarray.py" line="165" name="test_zeros[0-&lt;lambda&gt;4]" time="0.0004630088806152344"><skipped message="Suite splitting in effect" type="pytest.skip">src/pymortests/vectorarray.py:165: &lt;py._xmlgen.raw object at 0x7fb29d30a860&gt;</skipped></testcase><testcase classname="src.pymortests.vectorarray" file="src/pymortests/vectorarray.py" line="165" name="test_zeros[0-&lt;lambda&gt;5]" time="0.0004572868347167969"><skipped message="Suite splitting in effect" type="pytest.skip">src/pymortests/vectorarray.py:165: &lt;py._xmlgen.raw object at 0x7fb29d29d048&gt;</skipped></testcase><testcase classname="src.pymortests.vectorarray" file="src/pymortests/vectorarray.py" line="165" name="test_zeros[0-&lt;lambda&gt;6]" time="0.0004439353942871094"><skipped message="Suite splitting in effect" type="pytest.skip">src/pymortests/vectorarray.py:165: &lt;py._xmlgen.raw object at 0x7fb29d29d2e8&gt;</skipped></testcase><testcase classname="src.pymortests.vectorarray" file="src/pymortests/vectorarray.py" line="165" name="test_zeros[0-&lt;lambda&gt;7]" time="0.0007956027984619141"><skipped message="Suite splitting in effect" type="pytest.skip">src/pymortests/vectorarray.py:165: &lt;py._xmlgen.raw object at 0x7fb29d29def0&gt;</skipped></testcase><testcase classname="src.pymortests.vectorarray" file="src/pymortests/vectorarray.py" line="165" name="test_zeros[0-&lt;lambda&gt;8]" time="0.0004608631134033203"><skipped message="Suite splitting in effect" type="pytest.skip">src/pymortests/vectorarray.py:165: &lt;py._xmlgen.raw object at 0x7fb29d29d550&gt;</skipped></testcase><testcase classname="src.pymortests.vectorarray" file="src/pymortests/vectorarray.py" line="165" name="test_zeros[0-&lt;lambda&gt;9]" time="0.0004515647888183594"><skipped message="Suite splitting in effect" type="pytest.skip">src/pymortests/vectorarray.py:165: &lt;py._xmlgen.raw object at 0x7fb2a73a9390&gt;</skipped></testcase><testcase classname="src.pymortests.vectorarray" file="src/pymortests/vectorarray.py" line="165" name="test_zeros[0-&lt;lambda&gt;10]" time="0.0004215240478515625"><skipped message="Suite splitting in effect" type="pytest.skip">src/pymortests/vectorarray.py:165: &lt;py._xmlgen.raw object at 0x7fb29d30ae48&gt;</skipped></testcase><testcase classname="src.pymortests.vectorarray" file="src/pymortests/vectorarray.py" line="165" name="test_zeros[0-&lt;lambda&gt;11]" time="0.000469207763671875"><skipped message="Suite splitting in effect" type="pytest.skip">src/pymortests/vectorarray.py:165: &lt;py._xmlgen.raw object at 0x7fb29d2f8fd0&gt;</skipped></testcase><testcase classname="src.pymortests.vectorarray" file="src/pymortests/vectorarray.py" line="165" name="test_zeros[0-&lt;lambda&gt;12]" time="0.0004706382751464844"><skipped message="Suite splitting in effect" type="pytest.skip">src/pymortests/vectorarray.py:165: &lt;py._xmlgen.raw object at 0x7fb2a83d7978&gt;</skipped></testcase><testcase classname="src.pymortests.vectorarray" file="src/pymortests/vectorarray.py" line="165" name="test_zeros[0-&lt;lambda&gt;13]" time="0.00048160552978515625"><skipped message="Suite splitting in effect" type="pytest.skip">src/pymortests/vectorarray.py:165: &lt;py._xmlgen.raw object at 0x7fb29d292c18&gt;</skipped></testcase><testcase classname="src.pymortests.vectorarray" file="src/pymortests/vectorarray.py" line="165" name="test_zeros[0-&lt;lambda&gt;14]" time="0.00044989585876464844"><skipped message="Suite splitting in effect" type="pytest.skip">src/pymortests/vectorarray.py:165: &lt;py._xmlgen.raw object at 0x7fb29d292940&gt;</skipped></testcase><testcase classname="src.pymortests.vectorarray" file="src/pymortests/vectorarray.py" line="165" name="test_zeros[0-&lt;lambda&gt;15]" time="0.0004215240478515625"><skipped message="Suite splitting in effect" type="pytest.skip">src/pymortests/vectorarray.py:165: &lt;py._xmlgen.raw object at 0x7fb29d2aa550&gt;</skipped></testcase><testcase classname="src.pymortests.vectorarray" file="src/pymortests/vectorarray.py" line="165" name="test_zeros[0-&lt;lambda&gt;16]" time="0.0004172325134277344"><skipped message="Suite splitting in effect" type="pytest.skip">src/pymortests/vectorarray.py:165: &lt;py._xmlgen.raw object at 0x7fb29d292780&gt;</skipped></testcase><testcase classname="src.pymortests.vectorarray" file="src/pymortests/vectorarray.py" line="165" name="test_zeros[0-&lt;lambda&gt;17]" time="0.0004153251647949219"><skipped message="Suite splitting in effect" type="pytest.skip">src/pymortests/vectorarray.py:165: &lt;py._xmlgen.raw object at 0x7fb2a73eeb38&gt;</skipped></testcase><testcase classname="src.pymortests.vectorarray" file="src/pymortests/vectorarray.py" line="165" name="test_zeros[0-&lt;lambda&gt;18]" time="0.0004191398620605469"><skipped message="Suite splitting in effect" type="pytest.skip">src/pymortests/vectorarray.py:165: &lt;py._xmlgen.raw object at 0x7fb2a743d438&gt;</skipped></testcase><testcase classname="src.pymortests.vectorarray" file="src/pymortests/vectorarray.py" line="165" name="test_zeros[0-&lt;lambda&gt;19]" time="0.00043773651123046875"><skipped message="Suite splitting in effect" type="pytest.skip">src/pymortests/vectorarray.py:165: &lt;py._xmlgen.raw object at 0x7fb29d311630&gt;</skipped></testcase><testcase classname="src.pymortests.vectorarray" file="src/pymortests/vectorarray.py" line="165" name="test_zeros[0-&lt;lambda&gt;20]" time="0.0004904270172119141"><skipped message="Suite splitting in effect" type="pytest.skip">src/pymortests/vectorarray.py:165: &lt;py._xmlgen.raw object at 0x7fb29d29db00&gt;</skipped></testcase><testcase classname="src.pymortests.vectorarray" file="src/pymortests/vectorarray.py" line="165" name="test_zeros[0-&lt;lambda&gt;21]" time="0.0004849433898925781"><skipped message="Suite splitting in effect" type="pytest.skip">src/pymortests/vectorarray.py:165: &lt;py._xmlgen.raw object at 0x7fb29d29dcf8&gt;</skipped></testcase><testcase classname="src.pymortests.vectorarray" file="src/pymortests/vectorarray.py" line="165" name="test_zeros[0-&lt;lambda&gt;22]" time="0.00041294097900390625"><skipped message="Suite splitting in effect" type="pytest.skip">src/pymortests/vectorarray.py:165: &lt;py._xmlgen.raw object at 0x7fb29d2aa358&gt;</skipped></testcase><testcase classname="src.pymortests.vectorarray" file="src/pymortests/vectorarray.py" line="165" name="test_zeros[0-&lt;lambda&gt;23]" time="0.0004146099090576172"><skipped message="Suite splitting in effect" type="pytest.skip">src/pymortests/vectorarray.py:165: &lt;py._xmlgen.raw object at 0x7fb29d2aaa58&gt;</skipped></testcase><testcase classname="src.pymortests.vectorarray" file="src/pymortests/vectorarray.py" line="165" name="test_zeros[0-&lt;lambda&gt;24]" time="0.0004634857177734375"><skipped message="Suite splitting in effect" type="pytest.skip">src/pymortests/vectorarray.py:165: &lt;py._xmlgen.raw object at 0x7fb2a743d320&gt;</skipped></testcase><testcase classname="src.pymortests.vectorarray" file="src/pymortests/vectorarray.py" line="165" name="test_zeros[0-&lt;lambda&gt;25]" time="0.00046825408935546875"><skipped message="Suite splitting in effect" type="pytest.skip">src/pymortests/vectorarray.py:165: &lt;py._xmlgen.raw object at 0x7fb2a73f1b38&gt;</skipped></testcase><testcase classname="src.pymortests.vectorarray" file="src/pymortests/vectorarray.py" line="165" name="test_zeros[0-&lt;lambda&gt;26]" time="0.00042319297790527344"><skipped message="Suite splitting in effect" type="pytest.skip">src/pymortests/vectorarray.py:165: &lt;py._xmlgen.raw object at 0x7fb29d29d898&gt;</skipped></testcase><testcase classname="src.pymortests.vectorarray" file="src/pymortests/vectorarray.py" line="165" name="test_zeros[1-&lt;lambda&gt;0]" time="0.0004470348358154297"><skipped message="Suite splitting in effect" type="pytest.skip">src/pymortests/vectorarray.py:165: &lt;py._xmlgen.raw object at 0x7fb29d29deb8&gt;</skipped></testcase><testcase classname="src.pymortests.vectorarray" file="src/pymortests/vectorarray.py" line="165" name="test_zeros[1-&lt;lambda&gt;1]" time="0.0004355907440185547"><skipped message="Suite splitting in effect" type="pytest.skip">src/pymortests/vectorarray.py:165: &lt;py._xmlgen.raw object at 0x7fb29d2929e8&gt;</skipped></testcase><testcase classname="src.pymortests.vectorarray" file="src/pymortests/vectorarray.py" line="165" name="test_zeros[1-&lt;lambda&gt;2]" time="0.00043702125549316406"><skipped message="Suite splitting in effect" type="pytest.skip">src/pymortests/vectorarray.py:165: &lt;py._xmlgen.raw object at 0x7fb2a84b5160&gt;</skipped></testcase><testcase classname="src.pymortests.vectorarray" file="src/pymortests/vectorarray.py" line="165" name="test_zeros[1-&lt;lambda&gt;3]" time="0.00043201446533203125"><skipped message="Suite splitting in effect" type="pytest.skip">src/pymortests/vectorarray.py:165: &lt;py._xmlgen.raw object at 0x7fb29d30af60&gt;</skipped></testcase><testcase classname="src.pymortests.vectorarray" file="src/pymortests/vectorarray.py" line="165" name="test_zeros[1-&lt;lambda&gt;4]" time="0.0004506111145019531"><skipped message="Suite splitting in effect" type="pytest.skip">src/pymortests/vectorarray.py:165: &lt;py._xmlgen.raw object at 0x7fb29d2f8fd0&gt;</skipped></testcase><testcase classname="src.pymortests.vectorarray" file="src/pymortests/vectorarray.py" line="165" name="test_zeros[1-&lt;lambda&gt;5]" time="0.0007684230804443359"><skipped message="Suite splitting in effect" type="pytest.skip">src/pymortests/vectorarray.py:165: &lt;py._xmlgen.raw object at 0x7fb29d30aac8&gt;</skipped></testcase><testcase classname="src.pymortests.vectorarray" file="src/pymortests/vectorarray.py" line="165" name="test_zeros[1-&lt;lambda&gt;6]" time="0.00045800209045410156"><skipped message="Suite splitting in effect" type="pytest.skip">src/pymortests/vectorarray.py:165: &lt;py._xmlgen.raw object at 0x7fb2a73ba198&gt;</skipped></testcase><testcase classname="src.pymortests.vectorarray" file="src/pymortests/vectorarray.py" line="165" name="test_zeros[1-&lt;lambda&gt;7]" time="0.00044465065002441406"><skipped message="Suite splitting in effect" type="pytest.skip">src/pymortests/vectorarray.py:165: &lt;py._xmlgen.raw object at 0x7fb29d292240&gt;</skipped></testcase><testcase classname="src.pymortests.vectorarray" file="src/pymortests/vectorarray.py" line="165" name="test_zeros[1-&lt;lambda&gt;8]" time="0.00044226646423339844"><skipped message="Suite splitting in effect" type="pytest.skip">src/pymortests/vectorarray.py:165: &lt;py._xmlgen.raw object at 0x7fb29d29df60&gt;</skipped></testcase><testcase classname="src.pymortests.vectorarray" file="src/pymortests/vectorarray.py" line="165" name="test_zeros[1-&lt;lambda&gt;9]" time="0.0004363059997558594"><skipped message="Suite splitting in effect" type="pytest.skip">src/pymortests/vectorarray.py:165: &lt;py._xmlgen.raw object at 0x7fb2a74584a8&gt;</skipped></testcase><testcase classname="src.pymortests.vectorarray" file="src/pymortests/vectorarray.py" line="165" name="test_zeros[1-&lt;lambda&gt;10]" time="0.0004324913024902344"><skipped message="Suite splitting in effect" type="pytest.skip">src/pymortests/vectorarray.py:165: &lt;py._xmlgen.raw object at 0x7fb2a743d4e0&gt;</skipped></testcase><testcase classname="src.pymortests.vectorarray" file="src/pymortests/vectorarray.py" line="165" name="test_zeros[1-&lt;lambda&gt;11]" time="0.0004172325134277344"><skipped message="Suite splitting in effect" type="pytest.skip">src/pymortests/vectorarray.py:165: &lt;py._xmlgen.raw object at 0x7fb29d311630&gt;</skipped></testcase><testcase classname="src.pymortests.vectorarray" file="src/pymortests/vectorarray.py" line="165" name="test_zeros[1-&lt;lambda&gt;12]" time="0.0005156993865966797"><skipped message="Suite splitting in effect" type="pytest.skip">src/pymortests/vectorarray.py:165: &lt;py._xmlgen.raw object at 0x7fb29d338eb8&gt;</skipped></testcase><testcase classname="src.pymortests.vectorarray" file="src/pymortests/vectorarray.py" line="165" name="test_zeros[1-&lt;lambda&gt;13]" time="0.00043845176696777344"><skipped message="Suite splitting in effect" type="pytest.skip">src/pymortests/vectorarray.py:165: &lt;py._xmlgen.raw object at 0x7fb2a851f4e0&gt;</skipped></testcase><testcase classname="src.pymortests.vectorarray" file="src/pymortests/vectorarray.py" line="165" name="test_zeros[1-&lt;lambda&gt;14]" time="0.0004951953887939453"><skipped message="Suite splitting in effect" type="pytest.skip">src/pymortests/vectorarray.py:165: &lt;py._xmlgen.raw object at 0x7fb2a73a9588&gt;</skipped></testcase><testcase classname="src.pymortests.vectorarray" file="src/pymortests/vectorarray.py" line="165" name="test_zeros[1-&lt;lambda&gt;15]" time="0.00044274330139160156"><skipped message="Suite splitting in effect" type="pytest.skip">src/pymortests/vectorarray.py:165: &lt;py._xmlgen.raw object at 0x7fb2a7458c88&gt;</skipped></testcase><testcase classname="src.pymortests.vectorarray" file="src/pymortests/vectorarray.py" line="165" name="test_zeros[1-&lt;lambda&gt;16]" time="0.0005087852478027344"><skipped message="Suite splitting in effect" type="pytest.skip">src/pymortests/vectorarray.py:165: &lt;py._xmlgen.raw object at 0x7fb29d29d748&gt;</skipped></testcase><testcase classname="src.pymortests.vectorarray" file="src/pymortests/vectorarray.py" line="165" name="test_zeros[1-&lt;lambda&gt;17]" time="0.0005059242248535156"><skipped message="Suite splitting in effect" type="pytest.skip">src/pymortests/vectorarray.py:165: &lt;py._xmlgen.raw object at 0x7fb29d292cf8&gt;</skipped></testcase><testcase classname="src.pymortests.vectorarray" file="src/pymortests/vectorarray.py" line="165" name="test_zeros[1-&lt;lambda&gt;18]" time="0.00045609474182128906"><skipped message="Suite splitting in effect" type="pytest.skip">src/pymortests/vectorarray.py:165: &lt;py._xmlgen.raw object at 0x7fb2a73ba0f0&gt;</skipped></testcase><testcase classname="src.pymortests.vectorarray" file="src/pymortests/vectorarray.py" line="165" name="test_zeros[1-&lt;lambda&gt;19]" time="0.00043582916259765625"><skipped message="Suite splitting in effect" type="pytest.skip">src/pymortests/vectorarray.py:165: &lt;py._xmlgen.raw object at 0x7fb29d30ab00&gt;</skipped></testcase><testcase classname="src.pymortests.vectorarray" file="src/pymortests/vectorarray.py" line="165" name="test_zeros[1-&lt;lambda&gt;20]" time="0.00046706199645996094"><skipped message="Suite splitting in effect" type="pytest.skip">src/pymortests/vectorarray.py:165: &lt;py._xmlgen.raw object at 0x7fb29d2aa128&gt;</skipped></testcase><testcase classname="src.pymortests.vectorarray" file="src/pymortests/vectorarray.py" line="165" name="test_zeros[1-&lt;lambda&gt;21]" time="0.0007112026214599609"><skipped message="Suite splitting in effect" type="pytest.skip">src/pymortests/vectorarray.py:165: &lt;py._xmlgen.raw object at 0x7fb29d2b6198&gt;</skipped></testcase><testcase classname="src.pymortests.vectorarray" file="src/pymortests/vectorarray.py" line="165" name="test_zeros[1-&lt;lambda&gt;22]" time="0.0004620552062988281"><skipped message="Suite splitting in effect" type="pytest.skip">src/pymortests/vectorarray.py:165: &lt;py._xmlgen.raw object at 0x7fb2a73ba4e0&gt;</skipped></testcase><testcase classname="src.pymortests.vectorarray" file="src/pymortests/vectorarray.py" line="165" name="test_zeros[1-&lt;lambda&gt;23]" time="0.00043463706970214844"><skipped message="Suite splitting in effect" type="pytest.skip">src/pymortests/vectorarray.py:165: &lt;py._xmlgen.raw object at 0x7fb29d292cf8&gt;</skipped></testcase><testcase classname="src.pymortests.vectorarray" file="src/pymortests/vectorarray.py" line="165" name="test_zeros[1-&lt;lambda&gt;24]" time="0.0004093647003173828"><skipped message="Suite splitting in effect" type="pytest.skip">src/pymortests/vectorarray.py:165: &lt;py._xmlgen.raw object at 0x7fb29d29d4a8&gt;</skipped></testcase><testcase classname="src.pymortests.vectorarray" file="src/pymortests/vectorarray.py" line="165" name="test_zeros[1-&lt;lambda&gt;25]" time="0.00042700767517089844"><skipped message="Suite splitting in effect" type="pytest.skip">src/pymortests/vectorarray.py:165: &lt;py._xmlgen.raw object at 0x7fb29d2ee780&gt;</skipped></testcase><testcase classname="src.pymortests.vectorarray" file="src/pymortests/vectorarray.py" line="165" name="test_zeros[1-&lt;lambda&gt;26]" time="0.00041937828063964844"><skipped message="Suite splitting in effect" type="pytest.skip">src/pymortests/vectorarray.py:165: &lt;py._xmlgen.raw object at 0x7fb2a73a9cc0&gt;</skipped></testcase><testcase classname="src.pymortests.vectorarray" file="src/pymortests/vectorarray.py" line="165" name="test_zeros[2-&lt;lambda&gt;0]" time="0.000499725341796875"><skipped message="Suite splitting in effect" type="pytest.skip">src/pymortests/vectorarray.py:165: &lt;py._xmlgen.raw object at 0x7fb29d2aafd0&gt;</skipped></testcase><testcase classname="src.pymortests.vectorarray" file="src/pymortests/vectorarray.py" line="165" name="test_zeros[2-&lt;lambda&gt;1]" time="0.0004181861877441406"><skipped message="Suite splitting in effect" type="pytest.skip">src/pymortests/vectorarray.py:165: &lt;py._xmlgen.raw object at 0x7fb29d2b6240&gt;</skipped></testcase><testcase classname="src.pymortests.vectorarray" file="src/pymortests/vectorarray.py" line="165" name="test_zeros[2-&lt;lambda&gt;2]" time="0.0004398822784423828"><skipped message="Suite splitting in effect" type="pytest.skip">src/pymortests/vectorarray.py:165: &lt;py._xmlgen.raw object at 0x7fb29d2b66d8&gt;</skipped></testcase><testcase classname="src.pymortests.vectorarray" file="src/pymortests/vectorarray.py" line="165" name="test_zeros[2-&lt;lambda&gt;3]" time="0.00045800209045410156"><skipped message="Suite splitting in effect" type="pytest.skip">src/pymortests/vectorarray.py:165: &lt;py._xmlgen.raw object at 0x7fb29d2aa208&gt;</skipped></testcase><testcase classname="src.pymortests.vectorarray" file="src/pymortests/vectorarray.py" line="165" name="test_zeros[2-&lt;lambda&gt;4]" time="0.00047135353088378906"><skipped message="Suite splitting in effect" type="pytest.skip">src/pymortests/vectorarray.py:165: &lt;py._xmlgen.raw object at 0x7fb2a73a9c18&gt;</skipped></testcase><testcase classname="src.pymortests.vectorarray" file="src/pymortests/vectorarray.py" line="165" name="test_zeros[2-&lt;lambda&gt;5]" time="0.00047898292541503906"><skipped message="Suite splitting in effect" type="pytest.skip">src/pymortests/vectorarray.py:165: &lt;py._xmlgen.raw object at 0x7fb2a73cb390&gt;</skipped></testcase><testcase classname="src.pymortests.vectorarray" file="src/pymortests/vectorarray.py" line="165" name="test_zeros[2-&lt;lambda&gt;6]" time="0.0004329681396484375"><skipped message="Suite splitting in effect" type="pytest.skip">src/pymortests/vectorarray.py:165: &lt;py._xmlgen.raw object at 0x7fb29d29df28&gt;</skipped></testcase><testcase classname="src.pymortests.vectorarray" file="src/pymortests/vectorarray.py" line="165" name="test_zeros[2-&lt;lambda&gt;7]" time="0.0004448890686035156"><skipped message="Suite splitting in effect" type="pytest.skip">src/pymortests/vectorarray.py:165: &lt;py._xmlgen.raw object at 0x7fb2a73ba0f0&gt;</skipped></testcase><testcase classname="src.pymortests.vectorarray" file="src/pymortests/vectorarray.py" line="165" name="test_zeros[2-&lt;lambda&gt;8]" time="0.00046253204345703125"><skipped message="Suite splitting in effect" type="pytest.skip">src/pymortests/vectorarray.py:165: &lt;py._xmlgen.raw object at 0x7fb29d30a940&gt;</skipped></testcase><testcase classname="src.pymortests.vectorarray" file="src/pymortests/vectorarray.py" line="165" name="test_zeros[2-&lt;lambda&gt;9]" time="0.0004942417144775391"><skipped message="Suite splitting in effect" type="pytest.skip">src/pymortests/vectorarray.py:165: &lt;py._xmlgen.raw object at 0x7fb29d2b64e0&gt;</skipped></testcase><testcase classname="src.pymortests.vectorarray" file="src/pymortests/vectorarray.py" line="165" name="test_zeros[2-&lt;lambda&gt;10]" time="0.00042700767517089844"><skipped message="Suite splitting in effect" type="pytest.skip">src/pymortests/vectorarray.py:165: &lt;py._xmlgen.raw object at 0x7fb29d2b6be0&gt;</skipped></testcase><testcase classname="src.pymortests.vectorarray" file="src/pymortests/vectorarray.py" line="165" name="test_zeros[2-&lt;lambda&gt;11]" time="0.0008149147033691406"><skipped message="Suite splitting in effect" type="pytest.skip">src/pymortests/vectorarray.py:165: &lt;py._xmlgen.raw object at 0x7fb2a73ba198&gt;</skipped></testcase><testcase classname="src.pymortests.vectorarray" file="src/pymortests/vectorarray.py" line="165" name="test_zeros[2-&lt;lambda&gt;12]" time="0.0004360675811767578"><skipped message="Suite splitting in effect" type="pytest.skip">src/pymortests/vectorarray.py:165: &lt;py._xmlgen.raw object at 0x7fb29d29dd68&gt;</skipped></testcase><testcase classname="src.pymortests.vectorarray" file="src/pymortests/vectorarray.py" line="165" name="test_zeros[2-&lt;lambda&gt;13]" time="0.00043320655822753906"><skipped message="Suite splitting in effect" type="pytest.skip">src/pymortests/vectorarray.py:165: &lt;py._xmlgen.raw object at 0x7fb2a73cb630&gt;</skipped></testcase><testcase classname="src.pymortests.vectorarray" file="src/pymortests/vectorarray.py" line="165" name="test_zeros[2-&lt;lambda&gt;14]" time="0.0004451274871826172"><skipped message="Suite splitting in effect" type="pytest.skip">src/pymortests/vectorarray.py:165: &lt;py._xmlgen.raw object at 0x7fb2a73a9ac8&gt;</skipped></testcase><testcase classname="src.pymortests.vectorarray" file="src/pymortests/vectorarray.py" line="165" name="test_zeros[2-&lt;lambda&gt;15]" time="0.00041794776916503906"><skipped message="Suite splitting in effect" type="pytest.skip">src/pymortests/vectorarray.py:165: &lt;py._xmlgen.raw object at 0x7fb29d2aaeb8&gt;</skipped></testcase><testcase classname="src.pymortests.vectorarray" file="src/pymortests/vectorarray.py" line="165" name="test_zeros[2-&lt;lambda&gt;16]" time="0.00044417381286621094"><skipped message="Suite splitting in effect" type="pytest.skip">src/pymortests/vectorarray.py:165: &lt;py._xmlgen.raw object at 0x7fb29d2b6d68&gt;</skipped></testcase><testcase classname="src.pymortests.vectorarray" file="src/pymortests/vectorarray.py" line="165" name="test_zeros[2-&lt;lambda&gt;17]" time="0.0004508495330810547"><skipped message="Suite splitting in effect" type="pytest.skip">src/pymortests/vectorarray.py:165: &lt;py._xmlgen.raw object at 0x7fb29d2b6048&gt;</skipped></testcase><testcase classname="src.pymortests.vectorarray" file="src/pymortests/vectorarray.py" line="165" name="test_zeros[2-&lt;lambda&gt;18]" time="0.0004482269287109375"><skipped message="Suite splitting in effect" type="pytest.skip">src/pymortests/vectorarray.py:165: &lt;py._xmlgen.raw object at 0x7fb29d2c0160&gt;</skipped></testcase><testcase classname="src.pymortests.vectorarray" file="src/pymortests/vectorarray.py" line="165" name="test_zeros[2-&lt;lambda&gt;19]" time="0.0007932186126708984"><skipped message="Suite splitting in effect" type="pytest.skip">src/pymortests/vectorarray.py:165: &lt;py._xmlgen.raw object at 0x7fb29d2b6400&gt;</skipped></testcase><testcase classname="src.pymortests.vectorarray" file="src/pymortests/vectorarray.py" line="165" name="test_zeros[2-&lt;lambda&gt;20]" time="0.0004413127899169922"><skipped message="Suite splitting in effect" type="pytest.skip">src/pymortests/vectorarray.py:165: &lt;py._xmlgen.raw object at 0x7fb29d2b6908&gt;</skipped></testcase><testcase classname="src.pymortests.vectorarray" file="src/pymortests/vectorarray.py" line="165" name="test_zeros[2-&lt;lambda&gt;21]" time="0.0004246234893798828"><skipped message="Suite splitting in effect" type="pytest.skip">src/pymortests/vectorarray.py:165: &lt;py._xmlgen.raw object at 0x7fb29d2aa358&gt;</skipped></testcase><testcase classname="src.pymortests.vectorarray" file="src/pymortests/vectorarray.py" line="165" name="test_zeros[2-&lt;lambda&gt;22]" time="0.00045013427734375"><skipped message="Suite splitting in effect" type="pytest.skip">src/pymortests/vectorarray.py:165: &lt;py._xmlgen.raw object at 0x7fb29d2ee160&gt;</skipped></testcase><testcase classname="src.pymortests.vectorarray" file="src/pymortests/vectorarray.py" line="165" name="test_zeros[2-&lt;lambda&gt;23]" time="0.0004353523254394531"><skipped message="Suite splitting in effect" type="pytest.skip">src/pymortests/vectorarray.py:165: &lt;py._xmlgen.raw object at 0x7fb2a73cbb70&gt;</skipped></testcase><testcase classname="src.pymortests.vectorarray" file="src/pymortests/vectorarray.py" line="165" name="test_zeros[2-&lt;lambda&gt;24]" time="0.0004687309265136719"><skipped message="Suite splitting in effect" type="pytest.skip">src/pymortests/vectorarray.py:165: &lt;py._xmlgen.raw object at 0x7fb29d292dd8&gt;</skipped></testcase><testcase classname="src.pymortests.vectorarray" file="src/pymortests/vectorarray.py" line="165" name="test_zeros[2-&lt;lambda&gt;25]" time="0.0004322528839111328"><skipped message="Suite splitting in effect" type="pytest.skip">src/pymortests/vectorarray.py:165: &lt;py._xmlgen.raw object at 0x7fb29d2c0128&gt;</skipped></testcase><testcase classname="src.pymortests.vectorarray" file="src/pymortests/vectorarray.py" line="165" name="test_zeros[2-&lt;lambda&gt;26]" time="0.00041985511779785156"><skipped message="Suite splitting in effect" type="pytest.skip">src/pymortests/vectorarray.py:165: &lt;py._xmlgen.raw object at 0x7fb29d2c0a20&gt;</skipped></testcase><testcase classname="src.pymortests.vectorarray" file="src/pymortests/vectorarray.py" line="182" name="test_from_numpy[0-&lt;lambda&gt;0]" time="0.0007495880126953125"><skipped message="Suite splitting in effect" type="pytest.skip">src/pymortests/vectorarray.py:182: &lt;py._xmlgen.raw object at 0x7fb29d2c0f60&gt;</skipped></testcase><testcase classname="src.pymortests.vectorarray" file="src/pymortests/vectorarray.py" line="182" name="test_from_numpy[0-&lt;lambda&gt;1]" time="0.00044083595275878906"><skipped message="Suite splitting in effect" type="pytest.skip">src/pymortests/vectorarray.py:182: &lt;py._xmlgen.raw object at 0x7fb29d29d4a8&gt;</skipped></testcase><testcase classname="src.pymortests.vectorarray" file="src/pymortests/vectorarray.py" line="182" name="test_from_numpy[0-&lt;lambda&gt;2]" time="0.00041937828063964844"><skipped message="Suite splitting in effect" type="pytest.skip">src/pymortests/vectorarray.py:182: &lt;py._xmlgen.raw object at 0x7fb2a73cb4e0&gt;</skipped></testcase><testcase classname="src.pymortests.vectorarray" file="src/pymortests/vectorarray.py" line="182" name="test_from_numpy[0-&lt;lambda&gt;3]" time="0.0004277229309082031"><skipped message="Suite splitting in effect" type="pytest.skip">src/pymortests/vectorarray.py:182: &lt;py._xmlgen.raw object at 0x7fb2a73db5f8&gt;</skipped></testcase><testcase classname="src.pymortests.vectorarray" file="src/pymortests/vectorarray.py" line="182" name="test_from_numpy[0-&lt;lambda&gt;4]" time="0.00045871734619140625"><skipped message="Suite splitting in effect" type="pytest.skip">src/pymortests/vectorarray.py:182: &lt;py._xmlgen.raw object at 0x7fb29d2aaef0&gt;</skipped></testcase><testcase classname="src.pymortests.vectorarray" file="src/pymortests/vectorarray.py" line="182" name="test_from_numpy[0-&lt;lambda&gt;5]" time="0.00045943260192871094"><skipped message="Suite splitting in effect" type="pytest.skip">src/pymortests/vectorarray.py:182: &lt;py._xmlgen.raw object at 0x7fb29d2b6828&gt;</skipped></testcase><testcase classname="src.pymortests.vectorarray" file="src/pymortests/vectorarray.py" line="182" name="test_from_numpy[0-&lt;lambda&gt;6]" time="0.00045180320739746094"><skipped message="Suite splitting in effect" type="pytest.skip">src/pymortests/vectorarray.py:182: &lt;py._xmlgen.raw object at 0x7fb29d2c0da0&gt;</skipped></testcase><testcase classname="src.pymortests.vectorarray" file="src/pymortests/vectorarray.py" line="182" name="test_from_numpy[0-&lt;lambda&gt;7]" time="0.0004451274871826172"><skipped message="Suite splitting in effect" type="pytest.skip">src/pymortests/vectorarray.py:182: &lt;py._xmlgen.raw object at 0x7fb29d2c0198&gt;</skipped></testcase><testcase classname="src.pymortests.vectorarray" file="src/pymortests/vectorarray.py" line="182" name="test_from_numpy[0-&lt;lambda&gt;8]" time="0.000751495361328125"><skipped message="Suite splitting in effect" type="pytest.skip">src/pymortests/vectorarray.py:182: &lt;py._xmlgen.raw object at 0x7fb29d2cb4e0&gt;</skipped></testcase><testcase classname="src.pymortests.vectorarray" file="src/pymortests/vectorarray.py" line="182" name="test_from_numpy[0-&lt;lambda&gt;9]" time="0.000423431396484375"><skipped message="Suite splitting in effect" type="pytest.skip">src/pymortests/vectorarray.py:182: &lt;py._xmlgen.raw object at 0x7fb29d2c0b70&gt;</skipped></testcase><testcase classname="src.pymortests.vectorarray" file="src/pymortests/vectorarray.py" line="182" name="test_from_numpy[0-&lt;lambda&gt;10]" time="0.00041937828063964844"><skipped message="Suite splitting in effect" type="pytest.skip">src/pymortests/vectorarray.py:182: &lt;py._xmlgen.raw object at 0x7fb29d2b6ba8&gt;</skipped></testcase><testcase classname="src.pymortests.vectorarray" file="src/pymortests/vectorarray.py" line="182" name="test_from_numpy[0-&lt;lambda&gt;11]" time="0.00045680999755859375"><skipped message="Suite splitting in effect" type="pytest.skip">src/pymortests/vectorarray.py:182: &lt;py._xmlgen.raw object at 0x7fb29d2aa358&gt;</skipped></testcase><testcase classname="src.pymortests.vectorarray" file="src/pymortests/vectorarray.py" line="182" name="test_from_numpy[0-&lt;lambda&gt;12]" time="0.00044345855712890625"><skipped message="Suite splitting in effect" type="pytest.skip">src/pymortests/vectorarray.py:182: &lt;py._xmlgen.raw object at 0x7fb29d2f8400&gt;</skipped></testcase><testcase classname="src.pymortests.vectorarray" file="src/pymortests/vectorarray.py" line="182" name="test_from_numpy[0-&lt;lambda&gt;13]" time="0.00046324729919433594"><skipped message="Suite splitting in effect" type="pytest.skip">src/pymortests/vectorarray.py:182: &lt;py._xmlgen.raw object at 0x7fb2a73cbe10&gt;</skipped></testcase><testcase classname="src.pymortests.vectorarray" file="src/pymortests/vectorarray.py" line="182" name="test_from_numpy[0-&lt;lambda&gt;14]" time="0.00044345855712890625"><skipped message="Suite splitting in effect" type="pytest.skip">src/pymortests/vectorarray.py:182: &lt;py._xmlgen.raw object at 0x7fb2a73bafd0&gt;</skipped></testcase><testcase classname="src.pymortests.vectorarray" file="src/pymortests/vectorarray.py" line="182" name="test_from_numpy[0-&lt;lambda&gt;15]" time="0.00043892860412597656"><skipped message="Suite splitting in effect" type="pytest.skip">src/pymortests/vectorarray.py:182: &lt;py._xmlgen.raw object at 0x7fb29d2cb390&gt;</skipped></testcase><testcase classname="src.pymortests.vectorarray" file="src/pymortests/vectorarray.py" line="182" name="test_from_numpy[0-&lt;lambda&gt;16]" time="0.0004897117614746094"><skipped message="Suite splitting in effect" type="pytest.skip">src/pymortests/vectorarray.py:182: &lt;py._xmlgen.raw object at 0x7fb29d2cbb00&gt;</skipped></testcase><testcase classname="src.pymortests.vectorarray" file="src/pymortests/vectorarray.py" line="182" name="test_from_numpy[0-&lt;lambda&gt;17]" time="0.0004863739013671875"><skipped message="Suite splitting in effect" type="pytest.skip">src/pymortests/vectorarray.py:182: &lt;py._xmlgen.raw object at 0x7fb29d292dd8&gt;</skipped></testcase><testcase classname="src.pymortests.vectorarray" file="src/pymortests/vectorarray.py" line="182" name="test_from_numpy[0-&lt;lambda&gt;18]" time="0.00042247772216796875"><skipped message="Suite splitting in effect" type="pytest.skip">src/pymortests/vectorarray.py:182: &lt;py._xmlgen.raw object at 0x7fb2a73813c8&gt;</skipped></testcase><testcase classname="src.pymortests.vectorarray" file="src/pymortests/vectorarray.py" line="182" name="test_from_numpy[0-&lt;lambda&gt;19]" time="0.00041604042053222656"><skipped message="Suite splitting in effect" type="pytest.skip">src/pymortests/vectorarray.py:182: &lt;py._xmlgen.raw object at 0x7fb29d338240&gt;</skipped></testcase><testcase classname="src.pymortests.vectorarray" file="src/pymortests/vectorarray.py" line="182" name="test_from_numpy[0-&lt;lambda&gt;20]" time="0.0004119873046875"><skipped message="Suite splitting in effect" type="pytest.skip">src/pymortests/vectorarray.py:182: &lt;py._xmlgen.raw object at 0x7fb29d2b6dd8&gt;</skipped></testcase><testcase classname="src.pymortests.vectorarray" file="src/pymortests/vectorarray.py" line="182" name="test_from_numpy[0-&lt;lambda&gt;21]" time="0.0004699230194091797"><skipped message="Suite splitting in effect" type="pytest.skip">src/pymortests/vectorarray.py:182: &lt;py._xmlgen.raw object at 0x7fb29d2c0908&gt;</skipped></testcase><testcase classname="src.pymortests.vectorarray" file="src/pymortests/vectorarray.py" line="182" name="test_from_numpy[0-&lt;lambda&gt;22]" time="0.0004394054412841797"><skipped message="Suite splitting in effect" type="pytest.skip">src/pymortests/vectorarray.py:182: &lt;py._xmlgen.raw object at 0x7fb29d2cbac8&gt;</skipped></testcase><testcase classname="src.pymortests.vectorarray" file="src/pymortests/vectorarray.py" line="182" name="test_from_numpy[0-&lt;lambda&gt;23]" time="0.00043702125549316406"><skipped message="Suite splitting in effect" type="pytest.skip">src/pymortests/vectorarray.py:182: &lt;py._xmlgen.raw object at 0x7fb29d2cb5f8&gt;</skipped></testcase><testcase classname="src.pymortests.vectorarray" file="src/pymortests/vectorarray.py" line="182" name="test_from_numpy[0-&lt;lambda&gt;24]" time="0.00046324729919433594"><skipped message="Suite splitting in effect" type="pytest.skip">src/pymortests/vectorarray.py:182: &lt;py._xmlgen.raw object at 0x7fb29d255048&gt;</skipped></testcase><testcase classname="src.pymortests.vectorarray" file="src/pymortests/vectorarray.py" line="182" name="test_from_numpy[0-&lt;lambda&gt;25]" time="0.0007340908050537109"><skipped message="Suite splitting in effect" type="pytest.skip">src/pymortests/vectorarray.py:182: &lt;py._xmlgen.raw object at 0x7fb29d2cb1d0&gt;</skipped></testcase><testcase classname="src.pymortests.vectorarray" file="src/pymortests/vectorarray.py" line="182" name="test_from_numpy[0-&lt;lambda&gt;26]" time="0.0004189014434814453"><skipped message="Suite splitting in effect" type="pytest.skip">src/pymortests/vectorarray.py:182: &lt;py._xmlgen.raw object at 0x7fb29d2c0c88&gt;</skipped></testcase><testcase classname="src.pymortests.vectorarray" file="src/pymortests/vectorarray.py" line="182" name="test_from_numpy[1-&lt;lambda&gt;0]" time="0.0004634857177734375"><skipped message="Suite splitting in effect" type="pytest.skip">src/pymortests/vectorarray.py:182: &lt;py._xmlgen.raw object at 0x7fb29d2b6be0&gt;</skipped></testcase><testcase classname="src.pymortests.vectorarray" file="src/pymortests/vectorarray.py" line="182" name="test_from_numpy[1-&lt;lambda&gt;1]" time="0.0004680156707763672"><skipped message="Suite splitting in effect" type="pytest.skip">src/pymortests/vectorarray.py:182: &lt;py._xmlgen.raw object at 0x7fb29d2aa518&gt;</skipped></testcase><testcase classname="src.pymortests.vectorarray" file="src/pymortests/vectorarray.py" line="182" name="test_from_numpy[1-&lt;lambda&gt;2]" time="0.0004374980926513672"><skipped message="Suite splitting in effect" type="pytest.skip">src/pymortests/vectorarray.py:182: &lt;py._xmlgen.raw object at 0x7fb2a7381908&gt;</skipped></testcase><testcase classname="src.pymortests.vectorarray" file="src/pymortests/vectorarray.py" line="182" name="test_from_numpy[1-&lt;lambda&gt;3]" time="0.0004513263702392578"><skipped message="Suite splitting in effect" type="pytest.skip">src/pymortests/vectorarray.py:182: &lt;py._xmlgen.raw object at 0x7fb2a73cbac8&gt;</skipped></testcase><testcase classname="src.pymortests.vectorarray" file="src/pymortests/vectorarray.py" line="182" name="test_from_numpy[1-&lt;lambda&gt;4]" time="0.0004601478576660156"><skipped message="Suite splitting in effect" type="pytest.skip">src/pymortests/vectorarray.py:182: &lt;py._xmlgen.raw object at 0x7fb29d29da90&gt;</skipped></testcase><testcase classname="src.pymortests.vectorarray" file="src/pymortests/vectorarray.py" line="182" name="test_from_numpy[1-&lt;lambda&gt;5]" time="0.00046706199645996094"><skipped message="Suite splitting in effect" type="pytest.skip">src/pymortests/vectorarray.py:182: &lt;py._xmlgen.raw object at 0x7fb29d255588&gt;</skipped></testcase><testcase classname="src.pymortests.vectorarray" file="src/pymortests/vectorarray.py" line="182" name="test_from_numpy[1-&lt;lambda&gt;6]" time="0.0007557868957519531"><skipped message="Suite splitting in effect" type="pytest.skip">src/pymortests/vectorarray.py:182: &lt;py._xmlgen.raw object at 0x7fb2a73ba0f0&gt;</skipped></testcase><testcase classname="src.pymortests.vectorarray" file="src/pymortests/vectorarray.py" line="182" name="test_from_numpy[1-&lt;lambda&gt;7]" time="0.00039649009704589844"><skipped message="Suite splitting in effect" type="pytest.skip">src/pymortests/vectorarray.py:182: &lt;py._xmlgen.raw object at 0x7fb2a73cbe10&gt;</skipped></testcase><testcase classname="src.pymortests.vectorarray" file="src/pymortests/vectorarray.py" line="182" name="test_from_numpy[1-&lt;lambda&gt;8]" time="0.00046944618225097656"><skipped message="Suite splitting in effect" type="pytest.skip">src/pymortests/vectorarray.py:182: &lt;py._xmlgen.raw object at 0x7fb2a7381710&gt;</skipped></testcase><testcase classname="src.pymortests.vectorarray" file="src/pymortests/vectorarray.py" line="182" name="test_from_numpy[1-&lt;lambda&gt;9]" time="0.0004456043243408203"><skipped message="Suite splitting in effect" type="pytest.skip">src/pymortests/vectorarray.py:182: &lt;py._xmlgen.raw object at 0x7fb29d2b6ba8&gt;</skipped></testcase><testcase classname="src.pymortests.vectorarray" file="src/pymortests/vectorarray.py" line="182" name="test_from_numpy[1-&lt;lambda&gt;10]" time="0.00044083595275878906"><skipped message="Suite splitting in effect" type="pytest.skip">src/pymortests/vectorarray.py:182: &lt;py._xmlgen.raw object at 0x7fb29d2c0748&gt;</skipped></testcase><testcase classname="src.pymortests.vectorarray" file="src/pymortests/vectorarray.py" line="182" name="test_from_numpy[1-&lt;lambda&gt;11]" time="0.0004296302795410156"><skipped message="Suite splitting in effect" type="pytest.skip">src/pymortests/vectorarray.py:182: &lt;py._xmlgen.raw object at 0x7fb29d2cb710&gt;</skipped></testcase><testcase classname="src.pymortests.vectorarray" file="src/pymortests/vectorarray.py" line="182" name="test_from_numpy[1-&lt;lambda&gt;12]" time="0.0004761219024658203"><skipped message="Suite splitting in effect" type="pytest.skip">src/pymortests/vectorarray.py:182: &lt;py._xmlgen.raw object at 0x7fb29d255438&gt;</skipped></testcase><testcase classname="src.pymortests.vectorarray" file="src/pymortests/vectorarray.py" line="182" name="test_from_numpy[1-&lt;lambda&gt;13]" time="0.00047969818115234375"><skipped message="Suite splitting in effect" type="pytest.skip">src/pymortests/vectorarray.py:182: &lt;py._xmlgen.raw object at 0x7fb29d255e48&gt;</skipped></testcase><testcase classname="src.pymortests.vectorarray" file="src/pymortests/vectorarray.py" line="182" name="test_from_numpy[1-&lt;lambda&gt;14]" time="0.0006439685821533203"><skipped message="Suite splitting in effect" type="pytest.skip">src/pymortests/vectorarray.py:182: &lt;py._xmlgen.raw object at 0x7fb2a7392128&gt;</skipped></testcase><testcase classname="src.pymortests.vectorarray" file="src/pymortests/vectorarray.py" line="182" name="test_from_numpy[1-&lt;lambda&gt;15]" time="0.0007116794586181641"><skipped message="Suite splitting in effect" type="pytest.skip">src/pymortests/vectorarray.py:182: &lt;py._xmlgen.raw object at 0x7fb2a744cfd0&gt;</skipped></testcase><testcase classname="src.pymortests.vectorarray" file="src/pymortests/vectorarray.py" line="182" name="test_from_numpy[1-&lt;lambda&gt;16]" time="0.000518798828125"><skipped message="Suite splitting in effect" type="pytest.skip">src/pymortests/vectorarray.py:182: &lt;py._xmlgen.raw object at 0x7fb29d255f98&gt;</skipped></testcase><testcase classname="src.pymortests.vectorarray" file="src/pymortests/vectorarray.py" line="182" name="test_from_numpy[1-&lt;lambda&gt;17]" time="0.0006196498870849609"><skipped message="Suite splitting in effect" type="pytest.skip">src/pymortests/vectorarray.py:182: &lt;py._xmlgen.raw object at 0x7fb29d255400&gt;</skipped></testcase><testcase classname="src.pymortests.vectorarray" file="src/pymortests/vectorarray.py" line="182" name="test_from_numpy[1-&lt;lambda&gt;18]" time="0.0004787445068359375"><skipped message="Suite splitting in effect" type="pytest.skip">src/pymortests/vectorarray.py:182: &lt;py._xmlgen.raw object at 0x7fb29d255898&gt;</skipped></testcase><testcase classname="src.pymortests.vectorarray" file="src/pymortests/vectorarray.py" line="182" name="test_from_numpy[1-&lt;lambda&gt;19]" time="0.0005314350128173828"><skipped message="Suite splitting in effect" type="pytest.skip">src/pymortests/vectorarray.py:182: &lt;py._xmlgen.raw object at 0x7fb29d2cb6a0&gt;</skipped></testcase><testcase classname="src.pymortests.vectorarray" file="src/pymortests/vectorarray.py" line="182" name="test_from_numpy[1-&lt;lambda&gt;20]" time="0.00045037269592285156"><skipped message="Suite splitting in effect" type="pytest.skip">src/pymortests/vectorarray.py:182: &lt;py._xmlgen.raw object at 0x7fb2a73ba978&gt;</skipped></testcase><testcase classname="src.pymortests.vectorarray" file="src/pymortests/vectorarray.py" line="182" name="test_from_numpy[1-&lt;lambda&gt;21]" time="0.00042939186096191406"><skipped message="Suite splitting in effect" type="pytest.skip">src/pymortests/vectorarray.py:182: &lt;py._xmlgen.raw object at 0x7fb29d2c0f60&gt;</skipped></testcase><testcase classname="src.pymortests.vectorarray" file="src/pymortests/vectorarray.py" line="182" name="test_from_numpy[1-&lt;lambda&gt;22]" time="0.00047469139099121094"><skipped message="Suite splitting in effect" type="pytest.skip">src/pymortests/vectorarray.py:182: &lt;py._xmlgen.raw object at 0x7fb29d2b69b0&gt;</skipped></testcase><testcase classname="src.pymortests.vectorarray" file="src/pymortests/vectorarray.py" line="182" name="test_from_numpy[1-&lt;lambda&gt;23]" time="0.00041174888610839844"><skipped message="Suite splitting in effect" type="pytest.skip">src/pymortests/vectorarray.py:182: &lt;py._xmlgen.raw object at 0x7fb29d2c0ac8&gt;</skipped></testcase><testcase classname="src.pymortests.vectorarray" file="src/pymortests/vectorarray.py" line="182" name="test_from_numpy[1-&lt;lambda&gt;24]" time="0.00044727325439453125"><skipped message="Suite splitting in effect" type="pytest.skip">src/pymortests/vectorarray.py:182: &lt;py._xmlgen.raw object at 0x7fb29d2cbda0&gt;</skipped></testcase><testcase classname="src.pymortests.vectorarray" file="src/pymortests/vectorarray.py" line="182" name="test_from_numpy[1-&lt;lambda&gt;25]" time="0.0004909038543701172"><skipped message="Suite splitting in effect" type="pytest.skip">src/pymortests/vectorarray.py:182: &lt;py._xmlgen.raw object at 0x7fb29d2551d0&gt;</skipped></testcase><testcase classname="src.pymortests.vectorarray" file="src/pymortests/vectorarray.py" line="182" name="test_from_numpy[1-&lt;lambda&gt;26]" time="0.0007135868072509766"><skipped message="Suite splitting in effect" type="pytest.skip">src/pymortests/vectorarray.py:182: &lt;py._xmlgen.raw object at 0x7fb29d255208&gt;</skipped></testcase><testcase classname="src.pymortests.vectorarray" file="src/pymortests/vectorarray.py" line="182" name="test_from_numpy[2-&lt;lambda&gt;0]" time="0.0004830360412597656"><skipped message="Suite splitting in effect" type="pytest.skip">src/pymortests/vectorarray.py:182: &lt;py._xmlgen.raw object at 0x7fb29d29dfd0&gt;</skipped></testcase><testcase classname="src.pymortests.vectorarray" file="src/pymortests/vectorarray.py" line="182" name="test_from_numpy[2-&lt;lambda&gt;1]" time="0.00048613548278808594"><skipped message="Suite splitting in effect" type="pytest.skip">src/pymortests/vectorarray.py:182: &lt;py._xmlgen.raw object at 0x7fb2a736dc50&gt;</skipped></testcase><testcase classname="src.pymortests.vectorarray" file="src/pymortests/vectorarray.py" line="182" name="test_from_numpy[2-&lt;lambda&gt;2]" time="0.00086212158203125"><skipped message="Suite splitting in effect" type="pytest.skip">src/pymortests/vectorarray.py:182: &lt;py._xmlgen.raw object at 0x7fb2a73921d0&gt;</skipped></testcase><testcase classname="src.pymortests.vectorarray" file="src/pymortests/vectorarray.py" line="182" name="test_from_numpy[2-&lt;lambda&gt;3]" time="0.00045228004455566406"><skipped message="Suite splitting in effect" type="pytest.skip">src/pymortests/vectorarray.py:182: &lt;py._xmlgen.raw object at 0x7fb29d2aa358&gt;</skipped></testcase><testcase classname="src.pymortests.vectorarray" file="src/pymortests/vectorarray.py" line="182" name="test_from_numpy[2-&lt;lambda&gt;4]" time="0.0007266998291015625"><skipped message="Suite splitting in effect" type="pytest.skip">src/pymortests/vectorarray.py:182: &lt;py._xmlgen.raw object at 0x7fb2a73db198&gt;</skipped></testcase><testcase classname="src.pymortests.vectorarray" file="src/pymortests/vectorarray.py" line="182" name="test_from_numpy[2-&lt;lambda&gt;5]" time="0.0004324913024902344"><skipped message="Suite splitting in effect" type="pytest.skip">src/pymortests/vectorarray.py:182: &lt;py._xmlgen.raw object at 0x7fb2a7381ef0&gt;</skipped></testcase><testcase classname="src.pymortests.vectorarray" file="src/pymortests/vectorarray.py" line="182" name="test_from_numpy[2-&lt;lambda&gt;6]" time="0.0004687309265136719"><skipped message="Suite splitting in effect" type="pytest.skip">src/pymortests/vectorarray.py:182: &lt;py._xmlgen.raw object at 0x7fb29d2557b8&gt;</skipped></testcase><testcase classname="src.pymortests.vectorarray" file="src/pymortests/vectorarray.py" line="182" name="test_from_numpy[2-&lt;lambda&gt;7]" time="0.0004677772521972656"><skipped message="Suite splitting in effect" type="pytest.skip">src/pymortests/vectorarray.py:182: &lt;py._xmlgen.raw object at 0x7fb29d2552b0&gt;</skipped></testcase><testcase classname="src.pymortests.vectorarray" file="src/pymortests/vectorarray.py" line="182" name="test_from_numpy[2-&lt;lambda&gt;8]" time="0.0005266666412353516"><skipped message="Suite splitting in effect" type="pytest.skip">src/pymortests/vectorarray.py:182: &lt;py._xmlgen.raw object at 0x7fb29d2cbe80&gt;</skipped></testcase><testcase classname="src.pymortests.vectorarray" file="src/pymortests/vectorarray.py" line="182" name="test_from_numpy[2-&lt;lambda&gt;9]" time="0.00042557716369628906"><skipped message="Suite splitting in effect" type="pytest.skip">src/pymortests/vectorarray.py:182: &lt;py._xmlgen.raw object at 0x7fb29d36f630&gt;</skipped></testcase><testcase classname="src.pymortests.vectorarray" file="src/pymortests/vectorarray.py" line="182" name="test_from_numpy[2-&lt;lambda&gt;10]" time="0.00041747093200683594"><skipped message="Suite splitting in effect" type="pytest.skip">src/pymortests/vectorarray.py:182: &lt;py._xmlgen.raw object at 0x7fb29d2c0f98&gt;</skipped></testcase><testcase classname="src.pymortests.vectorarray" file="src/pymortests/vectorarray.py" line="182" name="test_from_numpy[2-&lt;lambda&gt;11]" time="0.0004222393035888672"><skipped message="Suite splitting in effect" type="pytest.skip">src/pymortests/vectorarray.py:182: &lt;py._xmlgen.raw object at 0x7fb29d30a940&gt;</skipped></testcase><testcase classname="src.pymortests.vectorarray" file="src/pymortests/vectorarray.py" line="182" name="test_from_numpy[2-&lt;lambda&gt;12]" time="0.0008699893951416016"><skipped message="Suite splitting in effect" type="pytest.skip">src/pymortests/vectorarray.py:182: &lt;py._xmlgen.raw object at 0x7fb29d30a940&gt;</skipped></testcase><testcase classname="src.pymortests.vectorarray" file="src/pymortests/vectorarray.py" line="182" name="test_from_numpy[2-&lt;lambda&gt;13]" time="0.00042939186096191406"><skipped message="Suite splitting in effect" type="pytest.skip">src/pymortests/vectorarray.py:182: &lt;py._xmlgen.raw object at 0x7fb29d2c0e48&gt;</skipped></testcase><testcase classname="src.pymortests.vectorarray" file="src/pymortests/vectorarray.py" line="182" name="test_from_numpy[2-&lt;lambda&gt;14]" time="0.000484466552734375"><skipped message="Suite splitting in effect" type="pytest.skip">src/pymortests/vectorarray.py:182: &lt;py._xmlgen.raw object at 0x7fb29d2cbd68&gt;</skipped></testcase><testcase classname="src.pymortests.vectorarray" file="src/pymortests/vectorarray.py" line="182" name="test_from_numpy[2-&lt;lambda&gt;15]" time="0.0004291534423828125"><skipped message="Suite splitting in effect" type="pytest.skip">src/pymortests/vectorarray.py:182: &lt;py._xmlgen.raw object at 0x7fb29d2551d0&gt;</skipped></testcase><testcase classname="src.pymortests.vectorarray" file="src/pymortests/vectorarray.py" line="182" name="test_from_numpy[2-&lt;lambda&gt;16]" time="0.00043845176696777344"><skipped message="Suite splitting in effect" type="pytest.skip">src/pymortests/vectorarray.py:182: &lt;py._xmlgen.raw object at 0x7fb2a73a0668&gt;</skipped></testcase><testcase classname="src.pymortests.vectorarray" file="src/pymortests/vectorarray.py" line="182" name="test_from_numpy[2-&lt;lambda&gt;17]" time="0.0004706382751464844"><skipped message="Suite splitting in effect" type="pytest.skip">src/pymortests/vectorarray.py:182: &lt;py._xmlgen.raw object at 0x7fb2a7381908&gt;</skipped></testcase><testcase classname="src.pymortests.vectorarray" file="src/pymortests/vectorarray.py" line="182" name="test_from_numpy[2-&lt;lambda&gt;18]" time="0.0006744861602783203"><skipped message="Suite splitting in effect" type="pytest.skip">src/pymortests/vectorarray.py:182: &lt;py._xmlgen.raw object at 0x7fb2a7392128&gt;</skipped></testcase><testcase classname="src.pymortests.vectorarray" file="src/pymortests/vectorarray.py" line="182" name="test_from_numpy[2-&lt;lambda&gt;19]" time="0.0004558563232421875"><skipped message="Suite splitting in effect" type="pytest.skip">src/pymortests/vectorarray.py:182: &lt;py._xmlgen.raw object at 0x7fb29d261710&gt;</skipped></testcase><testcase classname="src.pymortests.vectorarray" file="src/pymortests/vectorarray.py" line="182" name="test_from_numpy[2-&lt;lambda&gt;20]" time="0.0007936954498291016"><skipped message="Suite splitting in effect" type="pytest.skip">src/pymortests/vectorarray.py:182: &lt;py._xmlgen.raw object at 0x7fb29d261c50&gt;</skipped></testcase><testcase classname="src.pymortests.vectorarray" file="src/pymortests/vectorarray.py" line="182" name="test_from_numpy[2-&lt;lambda&gt;21]" time="0.0004901885986328125"><skipped message="Suite splitting in effect" type="pytest.skip">src/pymortests/vectorarray.py:182: &lt;py._xmlgen.raw object at 0x7fb29d29d4a8&gt;</skipped></testcase><testcase classname="src.pymortests.vectorarray" file="src/pymortests/vectorarray.py" line="182" name="test_from_numpy[2-&lt;lambda&gt;22]" time="0.000453948974609375"><skipped message="Suite splitting in effect" type="pytest.skip">src/pymortests/vectorarray.py:182: &lt;py._xmlgen.raw object at 0x7fb29d255b38&gt;</skipped></testcase><testcase classname="src.pymortests.vectorarray" file="src/pymortests/vectorarray.py" line="182" name="test_from_numpy[2-&lt;lambda&gt;23]" time="0.0004620552062988281"><skipped message="Suite splitting in effect" type="pytest.skip">src/pymortests/vectorarray.py:182: &lt;py._xmlgen.raw object at 0x7fb29d255160&gt;</skipped></testcase><testcase classname="src.pymortests.vectorarray" file="src/pymortests/vectorarray.py" line="182" name="test_from_numpy[2-&lt;lambda&gt;24]" time="0.0004305839538574219"><skipped message="Suite splitting in effect" type="pytest.skip">src/pymortests/vectorarray.py:182: &lt;py._xmlgen.raw object at 0x7fb29d2cbfd0&gt;</skipped></testcase><testcase classname="src.pymortests.vectorarray" file="src/pymortests/vectorarray.py" line="182" name="test_from_numpy[2-&lt;lambda&gt;25]" time="0.0004401206970214844"><skipped message="Suite splitting in effect" type="pytest.skip">src/pymortests/vectorarray.py:182: &lt;py._xmlgen.raw object at 0x7fb29d2aa358&gt;</skipped></testcase><testcase classname="src.pymortests.vectorarray" file="src/pymortests/vectorarray.py" line="182" name="test_from_numpy[2-&lt;lambda&gt;26]" time="0.0005183219909667969"><skipped message="Suite splitting in effect" type="pytest.skip">src/pymortests/vectorarray.py:182: &lt;py._xmlgen.raw object at 0x7fb29d261908&gt;</skipped></testcase><testcase classname="src.pymortests.vectorarray" file="src/pymortests/vectorarray.py" line="194" name="test_shape[0-&lt;lambda&gt;0]" time="0.0004143714904785156"><skipped message="Suite splitting in effect" type="pytest.skip">src/pymortests/vectorarray.py:194: &lt;py._xmlgen.raw object at 0x7fb29d2615c0&gt;</skipped></testcase><testcase classname="src.pymortests.vectorarray" file="src/pymortests/vectorarray.py" line="194" name="test_shape[0-&lt;lambda&gt;1]" time="0.0007669925689697266"><skipped message="Suite splitting in effect" type="pytest.skip">src/pymortests/vectorarray.py:194: &lt;py._xmlgen.raw object at 0x7fb29d26f1d0&gt;</skipped></testcase><testcase classname="src.pymortests.vectorarray" file="src/pymortests/vectorarray.py" line="194" name="test_shape[0-&lt;lambda&gt;2]" time="0.0004267692565917969"><skipped message="Suite splitting in effect" type="pytest.skip">src/pymortests/vectorarray.py:194: &lt;py._xmlgen.raw object at 0x7fb29d2616d8&gt;</skipped></testcase><testcase classname="src.pymortests.vectorarray" file="src/pymortests/vectorarray.py" line="194" name="test_shape[0-&lt;lambda&gt;3]" time="0.00046372413635253906"><skipped message="Suite splitting in effect" type="pytest.skip">src/pymortests/vectorarray.py:194: &lt;py._xmlgen.raw object at 0x7fb29d2aaa20&gt;</skipped></testcase><testcase classname="src.pymortests.vectorarray" file="src/pymortests/vectorarray.py" line="194" name="test_shape[0-&lt;lambda&gt;4]" time="0.00044465065002441406"><skipped message="Suite splitting in effect" type="pytest.skip">src/pymortests/vectorarray.py:194: &lt;py._xmlgen.raw object at 0x7fb29d2f80f0&gt;</skipped></testcase><testcase classname="src.pymortests.vectorarray" file="src/pymortests/vectorarray.py" line="194" name="test_shape[0-&lt;lambda&gt;5]" time="0.00044727325439453125"><skipped message="Suite splitting in effect" type="pytest.skip">src/pymortests/vectorarray.py:194: &lt;py._xmlgen.raw object at 0x7fb29d255f98&gt;</skipped></testcase><testcase classname="src.pymortests.vectorarray" file="src/pymortests/vectorarray.py" line="194" name="test_shape[0-&lt;lambda&gt;6]" time="0.0004291534423828125"><skipped message="Suite splitting in effect" type="pytest.skip">src/pymortests/vectorarray.py:194: &lt;py._xmlgen.raw object at 0x7fb2a7381c50&gt;</skipped></testcase><testcase classname="src.pymortests.vectorarray" file="src/pymortests/vectorarray.py" line="194" name="test_shape[0-&lt;lambda&gt;7]" time="0.0004367828369140625"><skipped message="Suite splitting in effect" type="pytest.skip">src/pymortests/vectorarray.py:194: &lt;py._xmlgen.raw object at 0x7fb2a736def0&gt;</skipped></testcase><testcase classname="src.pymortests.vectorarray" file="src/pymortests/vectorarray.py" line="194" name="test_shape[0-&lt;lambda&gt;8]" time="0.0004267692565917969"><skipped message="Suite splitting in effect" type="pytest.skip">src/pymortests/vectorarray.py:194: &lt;py._xmlgen.raw object at 0x7fb29d26f358&gt;</skipped></testcase><testcase classname="src.pymortests.vectorarray" file="src/pymortests/vectorarray.py" line="194" name="test_shape[0-&lt;lambda&gt;9]" time="0.0003993511199951172"><skipped message="Suite splitting in effect" type="pytest.skip">src/pymortests/vectorarray.py:194: &lt;py._xmlgen.raw object at 0x7fb29d26f7f0&gt;</skipped></testcase><testcase classname="src.pymortests.vectorarray" file="src/pymortests/vectorarray.py" line="194" name="test_shape[0-&lt;lambda&gt;10]" time="0.00042724609375"><skipped message="Suite splitting in effect" type="pytest.skip">src/pymortests/vectorarray.py:194: &lt;py._xmlgen.raw object at 0x7fb29d29de10&gt;</skipped></testcase><testcase classname="src.pymortests.vectorarray" file="src/pymortests/vectorarray.py" line="194" name="test_shape[0-&lt;lambda&gt;11]" time="0.0004138946533203125"><skipped message="Suite splitting in effect" type="pytest.skip">src/pymortests/vectorarray.py:194: &lt;py._xmlgen.raw object at 0x7fb29d255978&gt;</skipped></testcase><testcase classname="src.pymortests.vectorarray" file="src/pymortests/vectorarray.py" line="194" name="test_shape[0-&lt;lambda&gt;12]" time="0.0004780292510986328"><skipped message="Suite splitting in effect" type="pytest.skip">src/pymortests/vectorarray.py:194: &lt;py._xmlgen.raw object at 0x7fb2a73ba0f0&gt;</skipped></testcase><testcase classname="src.pymortests.vectorarray" file="src/pymortests/vectorarray.py" line="194" name="test_shape[0-&lt;lambda&gt;13]" time="0.00041985511779785156"><skipped message="Suite splitting in effect" type="pytest.skip">src/pymortests/vectorarray.py:194: &lt;py._xmlgen.raw object at 0x7fb29d2aaa20&gt;</skipped></testcase><testcase classname="src.pymortests.vectorarray" file="src/pymortests/vectorarray.py" line="194" name="test_shape[0-&lt;lambda&gt;14]" time="0.00040793418884277344"><skipped message="Suite splitting in effect" type="pytest.skip">src/pymortests/vectorarray.py:194: &lt;py._xmlgen.raw object at 0x7fb29d261400&gt;</skipped></testcase><testcase classname="src.pymortests.vectorarray" file="src/pymortests/vectorarray.py" line="194" name="test_shape[0-&lt;lambda&gt;15]" time="0.00041794776916503906"><skipped message="Suite splitting in effect" type="pytest.skip">src/pymortests/vectorarray.py:194: &lt;py._xmlgen.raw object at 0x7fb29d261d30&gt;</skipped></testcase><testcase classname="src.pymortests.vectorarray" file="src/pymortests/vectorarray.py" line="194" name="test_shape[0-&lt;lambda&gt;16]" time="0.0004737377166748047"><skipped message="Suite splitting in effect" type="pytest.skip">src/pymortests/vectorarray.py:194: &lt;py._xmlgen.raw object at 0x7fb29d26f668&gt;</skipped></testcase><testcase classname="src.pymortests.vectorarray" file="src/pymortests/vectorarray.py" line="194" name="test_shape[0-&lt;lambda&gt;17]" time="0.0004520416259765625"><skipped message="Suite splitting in effect" type="pytest.skip">src/pymortests/vectorarray.py:194: &lt;py._xmlgen.raw object at 0x7fb29d26fcf8&gt;</skipped></testcase><testcase classname="src.pymortests.vectorarray" file="src/pymortests/vectorarray.py" line="194" name="test_shape[0-&lt;lambda&gt;18]" time="0.0008749961853027344"><skipped message="Suite splitting in effect" type="pytest.skip">src/pymortests/vectorarray.py:194: &lt;py._xmlgen.raw object at 0x7fb29d261e48&gt;</skipped></testcase><testcase classname="src.pymortests.vectorarray" file="src/pymortests/vectorarray.py" line="194" name="test_shape[0-&lt;lambda&gt;19]" time="0.0004410743713378906"><skipped message="Suite splitting in effect" type="pytest.skip">src/pymortests/vectorarray.py:194: &lt;py._xmlgen.raw object at 0x7fb2a73487f0&gt;</skipped></testcase><testcase classname="src.pymortests.vectorarray" file="src/pymortests/vectorarray.py" line="194" name="test_shape[0-&lt;lambda&gt;20]" time="0.0004928112030029297"><skipped message="Suite splitting in effect" type="pytest.skip">src/pymortests/vectorarray.py:194: &lt;py._xmlgen.raw object at 0x7fb2a73ba0f0&gt;</skipped></testcase><testcase classname="src.pymortests.vectorarray" file="src/pymortests/vectorarray.py" line="194" name="test_shape[0-&lt;lambda&gt;21]" time="0.0004885196685791016"><skipped message="Suite splitting in effect" type="pytest.skip">src/pymortests/vectorarray.py:194: &lt;py._xmlgen.raw object at 0x7fb29d2556d8&gt;</skipped></testcase><testcase classname="src.pymortests.vectorarray" file="src/pymortests/vectorarray.py" line="194" name="test_shape[0-&lt;lambda&gt;22]" time="0.0004496574401855469"><skipped message="Suite splitting in effect" type="pytest.skip">src/pymortests/vectorarray.py:194: &lt;py._xmlgen.raw object at 0x7fb2a73cbe10&gt;</skipped></testcase><testcase classname="src.pymortests.vectorarray" file="src/pymortests/vectorarray.py" line="194" name="test_shape[0-&lt;lambda&gt;23]" time="0.0004527568817138672"><skipped message="Suite splitting in effect" type="pytest.skip">src/pymortests/vectorarray.py:194: &lt;py._xmlgen.raw object at 0x7fb29d26fda0&gt;</skipped></testcase><testcase classname="src.pymortests.vectorarray" file="src/pymortests/vectorarray.py" line="194" name="test_shape[0-&lt;lambda&gt;24]" time="0.00042629241943359375"><skipped message="Suite splitting in effect" type="pytest.skip">src/pymortests/vectorarray.py:194: &lt;py._xmlgen.raw object at 0x7fb29d26f940&gt;</skipped></testcase><testcase classname="src.pymortests.vectorarray" file="src/pymortests/vectorarray.py" line="194" name="test_shape[0-&lt;lambda&gt;25]" time="0.0004932880401611328"><skipped message="Suite splitting in effect" type="pytest.skip">src/pymortests/vectorarray.py:194: &lt;py._xmlgen.raw object at 0x7fb29d27b278&gt;</skipped></testcase><testcase classname="src.pymortests.vectorarray" file="src/pymortests/vectorarray.py" line="194" name="test_shape[0-&lt;lambda&gt;26]" time="0.0007383823394775391"><skipped message="Suite splitting in effect" type="pytest.skip">src/pymortests/vectorarray.py:194: &lt;py._xmlgen.raw object at 0x7fb29d26ff60&gt;</skipped></testcase><testcase classname="src.pymortests.vectorarray" file="src/pymortests/vectorarray.py" line="194" name="test_shape[1-&lt;lambda&gt;0]" time="0.0004477500915527344"><skipped message="Suite splitting in effect" type="pytest.skip">src/pymortests/vectorarray.py:194: &lt;py._xmlgen.raw object at 0x7fb29d26fda0&gt;</skipped></testcase><testcase classname="src.pymortests.vectorarray" file="src/pymortests/vectorarray.py" line="194" name="test_shape[1-&lt;lambda&gt;1]" time="0.0004467964172363281"><skipped message="Suite splitting in effect" type="pytest.skip">src/pymortests/vectorarray.py:194: &lt;py._xmlgen.raw object at 0x7fb2a73a01d0&gt;</skipped></testcase><testcase classname="src.pymortests.vectorarray" file="src/pymortests/vectorarray.py" line="194" name="test_shape[1-&lt;lambda&gt;2]" time="0.0004401206970214844"><skipped message="Suite splitting in effect" type="pytest.skip">src/pymortests/vectorarray.py:194: &lt;py._xmlgen.raw object at 0x7fb29d2cbfd0&gt;</skipped></testcase><testcase classname="src.pymortests.vectorarray" file="src/pymortests/vectorarray.py" line="194" name="test_shape[1-&lt;lambda&gt;3]" time="0.00044035911560058594"><skipped message="Suite splitting in effect" type="pytest.skip">src/pymortests/vectorarray.py:194: &lt;py._xmlgen.raw object at 0x7fb29d2c04e0&gt;</skipped></testcase><testcase classname="src.pymortests.vectorarray" file="src/pymortests/vectorarray.py" line="194" name="test_shape[1-&lt;lambda&gt;4]" time="0.00047135353088378906"><skipped message="Suite splitting in effect" type="pytest.skip">src/pymortests/vectorarray.py:194: &lt;py._xmlgen.raw object at 0x7fb29d261ac8&gt;</skipped></testcase><testcase classname="src.pymortests.vectorarray" file="src/pymortests/vectorarray.py" line="194" name="test_shape[1-&lt;lambda&gt;5]" time="0.00045418739318847656"><skipped message="Suite splitting in effect" type="pytest.skip">src/pymortests/vectorarray.py:194: &lt;py._xmlgen.raw object at 0x7fb29d27b0b8&gt;</skipped></testcase><testcase classname="src.pymortests.vectorarray" file="src/pymortests/vectorarray.py" line="194" name="test_shape[1-&lt;lambda&gt;6]" time="0.0004730224609375"><skipped message="Suite splitting in effect" type="pytest.skip">src/pymortests/vectorarray.py:194: &lt;py._xmlgen.raw object at 0x7fb29d27bb38&gt;</skipped></testcase><testcase classname="src.pymortests.vectorarray" file="src/pymortests/vectorarray.py" line="194" name="test_shape[1-&lt;lambda&gt;7]" time="0.0007612705230712891"><skipped message="Suite splitting in effect" type="pytest.skip">src/pymortests/vectorarray.py:194: &lt;py._xmlgen.raw object at 0x7fb29d2810b8&gt;</skipped></testcase><testcase classname="src.pymortests.vectorarray" file="src/pymortests/vectorarray.py" line="194" name="test_shape[1-&lt;lambda&gt;8]" time="0.0004298686981201172"><skipped message="Suite splitting in effect" type="pytest.skip">src/pymortests/vectorarray.py:194: &lt;py._xmlgen.raw object at 0x7fb29d27b7f0&gt;</skipped></testcase><testcase classname="src.pymortests.vectorarray" file="src/pymortests/vectorarray.py" line="194" name="test_shape[1-&lt;lambda&gt;9]" time="0.0004487037658691406"><skipped message="Suite splitting in effect" type="pytest.skip">src/pymortests/vectorarray.py:194: &lt;py._xmlgen.raw object at 0x7fb29d261e80&gt;</skipped></testcase><testcase classname="src.pymortests.vectorarray" file="src/pymortests/vectorarray.py" line="194" name="test_shape[1-&lt;lambda&gt;10]" time="0.00046515464782714844"><skipped message="Suite splitting in effect" type="pytest.skip">src/pymortests/vectorarray.py:194: &lt;py._xmlgen.raw object at 0x7fb2a735a9e8&gt;</skipped></testcase><testcase classname="src.pymortests.vectorarray" file="src/pymortests/vectorarray.py" line="194" name="test_shape[1-&lt;lambda&gt;11]" time="0.00040721893310546875"><skipped message="Suite splitting in effect" type="pytest.skip">src/pymortests/vectorarray.py:194: &lt;py._xmlgen.raw object at 0x7fb29d2c0550&gt;</skipped></testcase><testcase classname="src.pymortests.vectorarray" file="src/pymortests/vectorarray.py" line="194" name="test_shape[1-&lt;lambda&gt;12]" time="0.0005083084106445312"><skipped message="Suite splitting in effect" type="pytest.skip">src/pymortests/vectorarray.py:194: &lt;py._xmlgen.raw object at 0x7fb2a7392fd0&gt;</skipped></testcase><testcase classname="src.pymortests.vectorarray" file="src/pymortests/vectorarray.py" line="194" name="test_shape[1-&lt;lambda&gt;13]" time="0.0004067420959472656"><skipped message="Suite splitting in effect" type="pytest.skip">src/pymortests/vectorarray.py:194: &lt;py._xmlgen.raw object at 0x7fb29d26fcf8&gt;</skipped></testcase><testcase classname="src.pymortests.vectorarray" file="src/pymortests/vectorarray.py" line="194" name="test_shape[1-&lt;lambda&gt;14]" time="0.0004737377166748047"><skipped message="Suite splitting in effect" type="pytest.skip">src/pymortests/vectorarray.py:194: &lt;py._xmlgen.raw object at 0x7fb29d26f908&gt;</skipped></testcase><testcase classname="src.pymortests.vectorarray" file="src/pymortests/vectorarray.py" line="194" name="test_shape[1-&lt;lambda&gt;15]" time="0.000978708267211914"><skipped message="Suite splitting in effect" type="pytest.skip">src/pymortests/vectorarray.py:194: &lt;py._xmlgen.raw object at 0x7fb29d2815f8&gt;</skipped></testcase><testcase classname="src.pymortests.vectorarray" file="src/pymortests/vectorarray.py" line="194" name="test_shape[1-&lt;lambda&gt;16]" time="0.0004622936248779297"><skipped message="Suite splitting in effect" type="pytest.skip">src/pymortests/vectorarray.py:194: &lt;py._xmlgen.raw object at 0x7fb2a73cbe10&gt;</skipped></testcase><testcase classname="src.pymortests.vectorarray" file="src/pymortests/vectorarray.py" line="194" name="test_shape[1-&lt;lambda&gt;17]" time="0.0004298686981201172"><skipped message="Suite splitting in effect" type="pytest.skip">src/pymortests/vectorarray.py:194: &lt;py._xmlgen.raw object at 0x7fb29d255e80&gt;</skipped></testcase><testcase classname="src.pymortests.vectorarray" file="src/pymortests/vectorarray.py" line="194" name="test_shape[1-&lt;lambda&gt;18]" time="0.00043773651123046875"><skipped message="Suite splitting in effect" type="pytest.skip">src/pymortests/vectorarray.py:194: &lt;py._xmlgen.raw object at 0x7fb29d2c0550&gt;</skipped></testcase><testcase classname="src.pymortests.vectorarray" file="src/pymortests/vectorarray.py" line="194" name="test_shape[1-&lt;lambda&gt;19]" time="0.00043654441833496094"><skipped message="Suite splitting in effect" type="pytest.skip">src/pymortests/vectorarray.py:194: &lt;py._xmlgen.raw object at 0x7fb2a735a748&gt;</skipped></testcase><testcase classname="src.pymortests.vectorarray" file="src/pymortests/vectorarray.py" line="194" name="test_shape[1-&lt;lambda&gt;20]" time="0.00040268898010253906"><skipped message="Suite splitting in effect" type="pytest.skip">src/pymortests/vectorarray.py:194: &lt;py._xmlgen.raw object at 0x7fb29d27b160&gt;</skipped></testcase><testcase classname="src.pymortests.vectorarray" file="src/pymortests/vectorarray.py" line="194" name="test_shape[1-&lt;lambda&gt;21]" time="0.00043511390686035156"><skipped message="Suite splitting in effect" type="pytest.skip">src/pymortests/vectorarray.py:194: &lt;py._xmlgen.raw object at 0x7fb29d27bc18&gt;</skipped></testcase><testcase classname="src.pymortests.vectorarray" file="src/pymortests/vectorarray.py" line="194" name="test_shape[1-&lt;lambda&gt;22]" time="0.0003993511199951172"><skipped message="Suite splitting in effect" type="pytest.skip">src/pymortests/vectorarray.py:194: &lt;py._xmlgen.raw object at 0x7fb29d2814a8&gt;</skipped></testcase><testcase classname="src.pymortests.vectorarray" file="src/pymortests/vectorarray.py" line="194" name="test_shape[1-&lt;lambda&gt;23]" time="0.0004601478576660156"><skipped message="Suite splitting in effect" type="pytest.skip">src/pymortests/vectorarray.py:194: &lt;py._xmlgen.raw object at 0x7fb29d281c18&gt;</skipped></testcase><testcase classname="src.pymortests.vectorarray" file="src/pymortests/vectorarray.py" line="194" name="test_shape[1-&lt;lambda&gt;24]" time="0.00047087669372558594"><skipped message="Suite splitting in effect" type="pytest.skip">src/pymortests/vectorarray.py:194: &lt;py._xmlgen.raw object at 0x7fb29d27bf98&gt;</skipped></testcase><testcase classname="src.pymortests.vectorarray" file="src/pymortests/vectorarray.py" line="194" name="test_shape[1-&lt;lambda&gt;25]" time="0.0004417896270751953"><skipped message="Suite splitting in effect" type="pytest.skip">src/pymortests/vectorarray.py:194: &lt;py._xmlgen.raw object at 0x7fb2a735af28&gt;</skipped></testcase><testcase classname="src.pymortests.vectorarray" file="src/pymortests/vectorarray.py" line="194" name="test_shape[1-&lt;lambda&gt;26]" time="0.000469207763671875"><skipped message="Suite splitting in effect" type="pytest.skip">src/pymortests/vectorarray.py:194: &lt;py._xmlgen.raw object at 0x7fb29d2aa828&gt;</skipped></testcase><testcase classname="src.pymortests.vectorarray" file="src/pymortests/vectorarray.py" line="194" name="test_shape[2-&lt;lambda&gt;0]" time="0.0004565715789794922"><skipped message="Suite splitting in effect" type="pytest.skip">src/pymortests/vectorarray.py:194: &lt;py._xmlgen.raw object at 0x7fb2a73a09b0&gt;</skipped></testcase><testcase classname="src.pymortests.vectorarray" file="src/pymortests/vectorarray.py" line="194" name="test_shape[2-&lt;lambda&gt;1]" time="0.0004305839538574219"><skipped message="Suite splitting in effect" type="pytest.skip">src/pymortests/vectorarray.py:194: &lt;py._xmlgen.raw object at 0x7fb29d26fcf8&gt;</skipped></testcase><testcase classname="src.pymortests.vectorarray" file="src/pymortests/vectorarray.py" line="194" name="test_shape[2-&lt;lambda&gt;2]" time="0.0004515647888183594"><skipped message="Suite splitting in effect" type="pytest.skip">src/pymortests/vectorarray.py:194: &lt;py._xmlgen.raw object at 0x7fb29d281c50&gt;</skipped></testcase><testcase classname="src.pymortests.vectorarray" file="src/pymortests/vectorarray.py" line="194" name="test_shape[2-&lt;lambda&gt;3]" time="0.0004591941833496094"><skipped message="Suite splitting in effect" type="pytest.skip">src/pymortests/vectorarray.py:194: &lt;py._xmlgen.raw object at 0x7fb29d281668&gt;</skipped></testcase><testcase classname="src.pymortests.vectorarray" file="src/pymortests/vectorarray.py" line="194" name="test_shape[2-&lt;lambda&gt;4]" time="0.00046634674072265625"><skipped message="Suite splitting in effect" type="pytest.skip">src/pymortests/vectorarray.py:194: &lt;py._xmlgen.raw object at 0x7fb29d20f160&gt;</skipped></testcase><testcase classname="src.pymortests.vectorarray" file="src/pymortests/vectorarray.py" line="194" name="test_shape[2-&lt;lambda&gt;5]" time="0.0004775524139404297"><skipped message="Suite splitting in effect" type="pytest.skip">src/pymortests/vectorarray.py:194: &lt;py._xmlgen.raw object at 0x7fb2a73a01d0&gt;</skipped></testcase><testcase classname="src.pymortests.vectorarray" file="src/pymortests/vectorarray.py" line="194" name="test_shape[2-&lt;lambda&gt;6]" time="0.0004699230194091797"><skipped message="Suite splitting in effect" type="pytest.skip">src/pymortests/vectorarray.py:194: &lt;py._xmlgen.raw object at 0x7fb29d2cbf28&gt;</skipped></testcase><testcase classname="src.pymortests.vectorarray" file="src/pymortests/vectorarray.py" line="194" name="test_shape[2-&lt;lambda&gt;7]" time="0.00044083595275878906"><skipped message="Suite splitting in effect" type="pytest.skip">src/pymortests/vectorarray.py:194: &lt;py._xmlgen.raw object at 0x7fb29d281a20&gt;</skipped></testcase><testcase classname="src.pymortests.vectorarray" file="src/pymortests/vectorarray.py" line="194" name="test_shape[2-&lt;lambda&gt;8]" time="0.0004420280456542969"><skipped message="Suite splitting in effect" type="pytest.skip">src/pymortests/vectorarray.py:194: &lt;py._xmlgen.raw object at 0x7fb29d2815c0&gt;</skipped></testcase><testcase classname="src.pymortests.vectorarray" file="src/pymortests/vectorarray.py" line="194" name="test_shape[2-&lt;lambda&gt;9]" time="0.0004897117614746094"><skipped message="Suite splitting in effect" type="pytest.skip">src/pymortests/vectorarray.py:194: &lt;py._xmlgen.raw object at 0x7fb29d27b0f0&gt;</skipped></testcase><testcase classname="src.pymortests.vectorarray" file="src/pymortests/vectorarray.py" line="194" name="test_shape[2-&lt;lambda&gt;10]" time="0.00047206878662109375"><skipped message="Suite splitting in effect" type="pytest.skip">src/pymortests/vectorarray.py:194: &lt;py._xmlgen.raw object at 0x7fb29d27bc18&gt;</skipped></testcase><testcase classname="src.pymortests.vectorarray" file="src/pymortests/vectorarray.py" line="194" name="test_shape[2-&lt;lambda&gt;11]" time="0.0004241466522216797"><skipped message="Suite splitting in effect" type="pytest.skip">src/pymortests/vectorarray.py:194: &lt;py._xmlgen.raw object at 0x7fb29d26f0b8&gt;</skipped></testcase><testcase classname="src.pymortests.vectorarray" file="src/pymortests/vectorarray.py" line="194" name="test_shape[2-&lt;lambda&gt;12]" time="0.0004138946533203125"><skipped message="Suite splitting in effect" type="pytest.skip">src/pymortests/vectorarray.py:194: &lt;py._xmlgen.raw object at 0x7fb29d2617f0&gt;</skipped></testcase><testcase classname="src.pymortests.vectorarray" file="src/pymortests/vectorarray.py" line="194" name="test_shape[2-&lt;lambda&gt;13]" time="0.0007567405700683594"><skipped message="Suite splitting in effect" type="pytest.skip">src/pymortests/vectorarray.py:194: &lt;py._xmlgen.raw object at 0x7fb29d26f1d0&gt;</skipped></testcase><testcase classname="src.pymortests.vectorarray" file="src/pymortests/vectorarray.py" line="194" name="test_shape[2-&lt;lambda&gt;14]" time="0.0004203319549560547"><skipped message="Suite splitting in effect" type="pytest.skip">src/pymortests/vectorarray.py:194: &lt;py._xmlgen.raw object at 0x7fb29d27b9e8&gt;</skipped></testcase><testcase classname="src.pymortests.vectorarray" file="src/pymortests/vectorarray.py" line="194" name="test_shape[2-&lt;lambda&gt;15]" time="0.0004787445068359375"><skipped message="Suite splitting in effect" type="pytest.skip">src/pymortests/vectorarray.py:194: &lt;py._xmlgen.raw object at 0x7fb2a735ae80&gt;</skipped></testcase><testcase classname="src.pymortests.vectorarray" file="src/pymortests/vectorarray.py" line="194" name="test_shape[2-&lt;lambda&gt;16]" time="0.00044608116149902344"><skipped message="Suite splitting in effect" type="pytest.skip">src/pymortests/vectorarray.py:194: &lt;py._xmlgen.raw object at 0x7fb29d2817b8&gt;</skipped></testcase><testcase classname="src.pymortests.vectorarray" file="src/pymortests/vectorarray.py" line="194" name="test_shape[2-&lt;lambda&gt;17]" time="0.000484466552734375"><skipped message="Suite splitting in effect" type="pytest.skip">src/pymortests/vectorarray.py:194: &lt;py._xmlgen.raw object at 0x7fb29d2811d0&gt;</skipped></testcase><testcase classname="src.pymortests.vectorarray" file="src/pymortests/vectorarray.py" line="194" name="test_shape[2-&lt;lambda&gt;18]" time="0.0004897117614746094"><skipped message="Suite splitting in effect" type="pytest.skip">src/pymortests/vectorarray.py:194: &lt;py._xmlgen.raw object at 0x7fb2a73a0da0&gt;</skipped></testcase><testcase classname="src.pymortests.vectorarray" file="src/pymortests/vectorarray.py" line="194" name="test_shape[2-&lt;lambda&gt;19]" time="0.0005180835723876953"><skipped message="Suite splitting in effect" type="pytest.skip">src/pymortests/vectorarray.py:194: &lt;py._xmlgen.raw object at 0x7fb2a72ea2b0&gt;</skipped></testcase><testcase classname="src.pymortests.vectorarray" file="src/pymortests/vectorarray.py" line="194" name="test_shape[2-&lt;lambda&gt;20]" time="0.00042819976806640625"><skipped message="Suite splitting in effect" type="pytest.skip">src/pymortests/vectorarray.py:194: &lt;py._xmlgen.raw object at 0x7fb29d2ee160&gt;</skipped></testcase><testcase classname="src.pymortests.vectorarray" file="src/pymortests/vectorarray.py" line="194" name="test_shape[2-&lt;lambda&gt;21]" time="0.0004279613494873047"><skipped message="Suite splitting in effect" type="pytest.skip">src/pymortests/vectorarray.py:194: &lt;py._xmlgen.raw object at 0x7fb29d30a748&gt;</skipped></testcase><testcase classname="src.pymortests.vectorarray" file="src/pymortests/vectorarray.py" line="194" name="test_shape[2-&lt;lambda&gt;22]" time="0.00041794776916503906"><skipped message="Suite splitting in effect" type="pytest.skip">src/pymortests/vectorarray.py:194: &lt;py._xmlgen.raw object at 0x7fb2a72eabe0&gt;</skipped></testcase><testcase classname="src.pymortests.vectorarray" file="src/pymortests/vectorarray.py" line="194" name="test_shape[2-&lt;lambda&gt;23]" time="0.00042891502380371094"><skipped message="Suite splitting in effect" type="pytest.skip">src/pymortests/vectorarray.py:194: &lt;py._xmlgen.raw object at 0x7fb29d255e80&gt;</skipped></testcase><testcase classname="src.pymortests.vectorarray" file="src/pymortests/vectorarray.py" line="194" name="test_shape[2-&lt;lambda&gt;24]" time="0.0004177093505859375"><skipped message="Suite splitting in effect" type="pytest.skip">src/pymortests/vectorarray.py:194: &lt;py._xmlgen.raw object at 0x7fb29d281e80&gt;</skipped></testcase><testcase classname="src.pymortests.vectorarray" file="src/pymortests/vectorarray.py" line="194" name="test_shape[2-&lt;lambda&gt;25]" time="0.0004668235778808594"><skipped message="Suite splitting in effect" type="pytest.skip">src/pymortests/vectorarray.py:194: &lt;py._xmlgen.raw object at 0x7fb2a735add8&gt;</skipped></testcase><testcase classname="src.pymortests.vectorarray" file="src/pymortests/vectorarray.py" line="194" name="test_shape[2-&lt;lambda&gt;26]" time="0.0004451274871826172"><skipped message="Suite splitting in effect" type="pytest.skip">src/pymortests/vectorarray.py:194: &lt;py._xmlgen.raw object at 0x7fb29d27bcc0&gt;</skipped></testcase><testcase classname="src.pymortests.vectorarray" file="src/pymortests/vectorarray.py" line="204" name="test_space[0-&lt;lambda&gt;0]" time="0.00048065185546875"><skipped message="Suite splitting in effect" type="pytest.skip">src/pymortests/vectorarray.py:204: &lt;py._xmlgen.raw object at 0x7fb29d26f048&gt;</skipped></testcase><testcase classname="src.pymortests.vectorarray" file="src/pymortests/vectorarray.py" line="204" name="test_space[0-&lt;lambda&gt;1]" time="0.0004324913024902344"><skipped message="Suite splitting in effect" type="pytest.skip">src/pymortests/vectorarray.py:204: &lt;py._xmlgen.raw object at 0x7fb29d20f048&gt;</skipped></testcase><testcase classname="src.pymortests.vectorarray" file="src/pymortests/vectorarray.py" line="204" name="test_space[0-&lt;lambda&gt;2]" time="0.0007529258728027344"><skipped message="Suite splitting in effect" type="pytest.skip">src/pymortests/vectorarray.py:204: &lt;py._xmlgen.raw object at 0x7fb29d20f860&gt;</skipped></testcase><testcase classname="src.pymortests.vectorarray" file="src/pymortests/vectorarray.py" line="204" name="test_space[0-&lt;lambda&gt;3]" time="0.0004436969757080078"><skipped message="Suite splitting in effect" type="pytest.skip">src/pymortests/vectorarray.py:204: &lt;py._xmlgen.raw object at 0x7fb29d27bf98&gt;</skipped></testcase><testcase classname="src.pymortests.vectorarray" file="src/pymortests/vectorarray.py" line="204" name="test_space[0-&lt;lambda&gt;4]" time="0.0004546642303466797"><skipped message="Suite splitting in effect" type="pytest.skip">src/pymortests/vectorarray.py:204: &lt;py._xmlgen.raw object at 0x7fb2a735ac88&gt;</skipped></testcase><testcase classname="src.pymortests.vectorarray" file="src/pymortests/vectorarray.py" line="204" name="test_space[0-&lt;lambda&gt;5]" time="0.0006968975067138672"><skipped message="Suite splitting in effect" type="pytest.skip">src/pymortests/vectorarray.py:204: &lt;py._xmlgen.raw object at 0x7fb29d2814a8&gt;</skipped></testcase><testcase classname="src.pymortests.vectorarray" file="src/pymortests/vectorarray.py" line="204" name="test_space[0-&lt;lambda&gt;6]" time="0.0004661083221435547"><skipped message="Suite splitting in effect" type="pytest.skip">src/pymortests/vectorarray.py:204: &lt;py._xmlgen.raw object at 0x7fb29d255be0&gt;</skipped></testcase><testcase classname="src.pymortests.vectorarray" file="src/pymortests/vectorarray.py" line="204" name="test_space[0-&lt;lambda&gt;7]" time="0.0004429817199707031"><skipped message="Suite splitting in effect" type="pytest.skip">src/pymortests/vectorarray.py:204: &lt;py._xmlgen.raw object at 0x7fb2a72ea550&gt;</skipped></testcase><testcase classname="src.pymortests.vectorarray" file="src/pymortests/vectorarray.py" line="204" name="test_space[0-&lt;lambda&gt;8]" time="0.00044798851013183594"><skipped message="Suite splitting in effect" type="pytest.skip">src/pymortests/vectorarray.py:204: &lt;py._xmlgen.raw object at 0x7fb29d30a748&gt;</skipped></testcase><testcase classname="src.pymortests.vectorarray" file="src/pymortests/vectorarray.py" line="204" name="test_space[0-&lt;lambda&gt;9]" time="0.0004870891571044922"><skipped message="Suite splitting in effect" type="pytest.skip">src/pymortests/vectorarray.py:204: &lt;py._xmlgen.raw object at 0x7fb29d20f048&gt;</skipped></testcase><testcase classname="src.pymortests.vectorarray" file="src/pymortests/vectorarray.py" line="204" name="test_space[0-&lt;lambda&gt;10]" time="0.0004429817199707031"><skipped message="Suite splitting in effect" type="pytest.skip">src/pymortests/vectorarray.py:204: &lt;py._xmlgen.raw object at 0x7fb29d20fda0&gt;</skipped></testcase><testcase classname="src.pymortests.vectorarray" file="src/pymortests/vectorarray.py" line="204" name="test_space[0-&lt;lambda&gt;11]" time="0.0005128383636474609"><skipped message="Suite splitting in effect" type="pytest.skip">src/pymortests/vectorarray.py:204: &lt;py._xmlgen.raw object at 0x7fb2a72eaa90&gt;</skipped></testcase><testcase classname="src.pymortests.vectorarray" file="src/pymortests/vectorarray.py" line="204" name="test_space[0-&lt;lambda&gt;12]" time="0.0005621910095214844"><skipped message="Suite splitting in effect" type="pytest.skip">src/pymortests/vectorarray.py:204: &lt;py._xmlgen.raw object at 0x7fb2a7348dd8&gt;</skipped></testcase><testcase classname="src.pymortests.vectorarray" file="src/pymortests/vectorarray.py" line="204" name="test_space[0-&lt;lambda&gt;13]" time="0.0006275177001953125"><skipped message="Suite splitting in effect" type="pytest.skip">src/pymortests/vectorarray.py:204: &lt;py._xmlgen.raw object at 0x7fb29d2810b8&gt;</skipped></testcase><testcase classname="src.pymortests.vectorarray" file="src/pymortests/vectorarray.py" line="204" name="test_space[0-&lt;lambda&gt;14]" time="0.0004456043243408203"><skipped message="Suite splitting in effect" type="pytest.skip">src/pymortests/vectorarray.py:204: &lt;py._xmlgen.raw object at 0x7fb2a73066d8&gt;</skipped></testcase><testcase classname="src.pymortests.vectorarray" file="src/pymortests/vectorarray.py" line="204" name="test_space[0-&lt;lambda&gt;15]" time="0.0004520416259765625"><skipped message="Suite splitting in effect" type="pytest.skip">src/pymortests/vectorarray.py:204: &lt;py._xmlgen.raw object at 0x7fb29d27b978&gt;</skipped></testcase><testcase classname="src.pymortests.vectorarray" file="src/pymortests/vectorarray.py" line="204" name="test_space[0-&lt;lambda&gt;16]" time="0.0007059574127197266"><skipped message="Suite splitting in effect" type="pytest.skip">src/pymortests/vectorarray.py:204: &lt;py._xmlgen.raw object at 0x7fb29d20fda0&gt;</skipped></testcase><testcase classname="src.pymortests.vectorarray" file="src/pymortests/vectorarray.py" line="204" name="test_space[0-&lt;lambda&gt;17]" time="0.00043845176696777344"><skipped message="Suite splitting in effect" type="pytest.skip">src/pymortests/vectorarray.py:204: &lt;py._xmlgen.raw object at 0x7fb29d20f5f8&gt;</skipped></testcase><testcase classname="src.pymortests.vectorarray" file="src/pymortests/vectorarray.py" line="204" name="test_space[0-&lt;lambda&gt;18]" time="0.0006208419799804688"><skipped message="Suite splitting in effect" type="pytest.skip">src/pymortests/vectorarray.py:204: &lt;py._xmlgen.raw object at 0x7fb29d21d2e8&gt;</skipped></testcase><testcase classname="src.pymortests.vectorarray" file="src/pymortests/vectorarray.py" line="204" name="test_space[0-&lt;lambda&gt;19]" time="0.0008516311645507812"><skipped message="Suite splitting in effect" type="pytest.skip">src/pymortests/vectorarray.py:204: &lt;py._xmlgen.raw object at 0x7fb29d20fbe0&gt;</skipped></testcase><testcase classname="src.pymortests.vectorarray" file="src/pymortests/vectorarray.py" line="204" name="test_space[0-&lt;lambda&gt;20]" time="0.0004475116729736328"><skipped message="Suite splitting in effect" type="pytest.skip">src/pymortests/vectorarray.py:204: &lt;py._xmlgen.raw object at 0x7fb29d27b748&gt;</skipped></testcase><testcase classname="src.pymortests.vectorarray" file="src/pymortests/vectorarray.py" line="204" name="test_space[0-&lt;lambda&gt;21]" time="0.0004734992980957031"><skipped message="Suite splitting in effect" type="pytest.skip">src/pymortests/vectorarray.py:204: &lt;py._xmlgen.raw object at 0x7fb2a73062e8&gt;</skipped></testcase><testcase classname="src.pymortests.vectorarray" file="src/pymortests/vectorarray.py" line="204" name="test_space[0-&lt;lambda&gt;22]" time="0.0004317760467529297"><skipped message="Suite splitting in effect" type="pytest.skip">src/pymortests/vectorarray.py:204: &lt;py._xmlgen.raw object at 0x7fb2a72f9358&gt;</skipped></testcase><testcase classname="src.pymortests.vectorarray" file="src/pymortests/vectorarray.py" line="204" name="test_space[0-&lt;lambda&gt;23]" time="0.0004937648773193359"><skipped message="Suite splitting in effect" type="pytest.skip">src/pymortests/vectorarray.py:204: &lt;py._xmlgen.raw object at 0x7fb2a7348e80&gt;</skipped></testcase><testcase classname="src.pymortests.vectorarray" file="src/pymortests/vectorarray.py" line="204" name="test_space[0-&lt;lambda&gt;24]" time="0.0004756450653076172"><skipped message="Suite splitting in effect" type="pytest.skip">src/pymortests/vectorarray.py:204: &lt;py._xmlgen.raw object at 0x7fb29d2aa0b8&gt;</skipped></testcase><testcase classname="src.pymortests.vectorarray" file="src/pymortests/vectorarray.py" line="204" name="test_space[0-&lt;lambda&gt;25]" time="0.0006592273712158203"><skipped message="Suite splitting in effect" type="pytest.skip">src/pymortests/vectorarray.py:204: &lt;py._xmlgen.raw object at 0x7fb29d21d2b0&gt;</skipped></testcase><testcase classname="src.pymortests.vectorarray" file="src/pymortests/vectorarray.py" line="204" name="test_space[0-&lt;lambda&gt;26]" time="0.0004324913024902344"><skipped message="Suite splitting in effect" type="pytest.skip">src/pymortests/vectorarray.py:204: &lt;py._xmlgen.raw object at 0x7fb29d21d828&gt;</skipped></testcase><testcase classname="src.pymortests.vectorarray" file="src/pymortests/vectorarray.py" line="204" name="test_space[1-&lt;lambda&gt;0]" time="0.0009577274322509766"><skipped message="Suite splitting in effect" type="pytest.skip">src/pymortests/vectorarray.py:204: &lt;py._xmlgen.raw object at 0x7fb2a72eaa90&gt;</skipped></testcase><testcase classname="src.pymortests.vectorarray" file="src/pymortests/vectorarray.py" line="204" name="test_space[1-&lt;lambda&gt;1]" time="0.00046181678771972656"><skipped message="Suite splitting in effect" type="pytest.skip">src/pymortests/vectorarray.py:204: &lt;py._xmlgen.raw object at 0x7fb29d261dd8&gt;</skipped></testcase><testcase classname="src.pymortests.vectorarray" file="src/pymortests/vectorarray.py" line="204" name="test_space[1-&lt;lambda&gt;2]" time="0.00042629241943359375"><skipped message="Suite splitting in effect" type="pytest.skip">src/pymortests/vectorarray.py:204: &lt;py._xmlgen.raw object at 0x7fb2a735add8&gt;</skipped></testcase><testcase classname="src.pymortests.vectorarray" file="src/pymortests/vectorarray.py" line="204" name="test_space[1-&lt;lambda&gt;3]" time="0.0006868839263916016"><skipped message="Suite splitting in effect" type="pytest.skip">src/pymortests/vectorarray.py:204: &lt;py._xmlgen.raw object at 0x7fb2a73060f0&gt;</skipped></testcase><testcase classname="src.pymortests.vectorarray" file="src/pymortests/vectorarray.py" line="204" name="test_space[1-&lt;lambda&gt;4]" time="0.00045871734619140625"><skipped message="Suite splitting in effect" type="pytest.skip">src/pymortests/vectorarray.py:204: &lt;py._xmlgen.raw object at 0x7fb29d20f278&gt;</skipped></testcase><testcase classname="src.pymortests.vectorarray" file="src/pymortests/vectorarray.py" line="204" name="test_space[1-&lt;lambda&gt;5]" time="0.000591278076171875"><skipped message="Suite splitting in effect" type="pytest.skip">src/pymortests/vectorarray.py:204: &lt;py._xmlgen.raw object at 0x7fb29d21d0f0&gt;</skipped></testcase><testcase classname="src.pymortests.vectorarray" file="src/pymortests/vectorarray.py" line="204" name="test_space[1-&lt;lambda&gt;6]" time="0.0005497932434082031"><skipped message="Suite splitting in effect" type="pytest.skip">src/pymortests/vectorarray.py:204: &lt;py._xmlgen.raw object at 0x7fb29d21d2b0&gt;</skipped></testcase><testcase classname="src.pymortests.vectorarray" file="src/pymortests/vectorarray.py" line="204" name="test_space[1-&lt;lambda&gt;7]" time="0.00043392181396484375"><skipped message="Suite splitting in effect" type="pytest.skip">src/pymortests/vectorarray.py:204: &lt;py._xmlgen.raw object at 0x7fb29d227128&gt;</skipped></testcase><testcase classname="src.pymortests.vectorarray" file="src/pymortests/vectorarray.py" line="204" name="test_space[1-&lt;lambda&gt;8]" time="0.0009369850158691406"><skipped message="Suite splitting in effect" type="pytest.skip">src/pymortests/vectorarray.py:204: &lt;py._xmlgen.raw object at 0x7fb29d227668&gt;</skipped></testcase><testcase classname="src.pymortests.vectorarray" file="src/pymortests/vectorarray.py" line="204" name="test_space[1-&lt;lambda&gt;9]" time="0.00041794776916503906"><skipped message="Suite splitting in effect" type="pytest.skip">src/pymortests/vectorarray.py:204: &lt;py._xmlgen.raw object at 0x7fb29d21d588&gt;</skipped></testcase><testcase classname="src.pymortests.vectorarray" file="src/pymortests/vectorarray.py" line="204" name="test_space[1-&lt;lambda&gt;10]" time="0.00047206878662109375"><skipped message="Suite splitting in effect" type="pytest.skip">src/pymortests/vectorarray.py:204: &lt;py._xmlgen.raw object at 0x7fb29d20fef0&gt;</skipped></testcase><testcase classname="src.pymortests.vectorarray" file="src/pymortests/vectorarray.py" line="204" name="test_space[1-&lt;lambda&gt;11]" time="0.0004210472106933594"><skipped message="Suite splitting in effect" type="pytest.skip">src/pymortests/vectorarray.py:204: &lt;py._xmlgen.raw object at 0x7fb2a7306cc0&gt;</skipped></testcase><testcase classname="src.pymortests.vectorarray" file="src/pymortests/vectorarray.py" line="204" name="test_space[1-&lt;lambda&gt;12]" time="0.0004858970642089844"><skipped message="Suite splitting in effect" type="pytest.skip">src/pymortests/vectorarray.py:204: &lt;py._xmlgen.raw object at 0x7fb29d2816d8&gt;</skipped></testcase><testcase classname="src.pymortests.vectorarray" file="src/pymortests/vectorarray.py" line="204" name="test_space[1-&lt;lambda&gt;13]" time="0.0004885196685791016"><skipped message="Suite splitting in effect" type="pytest.skip">src/pymortests/vectorarray.py:204: &lt;py._xmlgen.raw object at 0x7fb2a72b1390&gt;</skipped></testcase><testcase classname="src.pymortests.vectorarray" file="src/pymortests/vectorarray.py" line="204" name="test_space[1-&lt;lambda&gt;14]" time="0.00042176246643066406"><skipped message="Suite splitting in effect" type="pytest.skip">src/pymortests/vectorarray.py:204: &lt;py._xmlgen.raw object at 0x7fb2a72ea0b8&gt;</skipped></testcase><testcase classname="src.pymortests.vectorarray" file="src/pymortests/vectorarray.py" line="204" name="test_space[1-&lt;lambda&gt;15]" time="0.0005002021789550781"><skipped message="Suite splitting in effect" type="pytest.skip">src/pymortests/vectorarray.py:204: &lt;py._xmlgen.raw object at 0x7fb29d227160&gt;</skipped></testcase><testcase classname="src.pymortests.vectorarray" file="src/pymortests/vectorarray.py" line="204" name="test_space[1-&lt;lambda&gt;16]" time="0.0007221698760986328"><skipped message="Suite splitting in effect" type="pytest.skip">src/pymortests/vectorarray.py:204: &lt;py._xmlgen.raw object at 0x7fb29d227ba8&gt;</skipped></testcase><testcase classname="src.pymortests.vectorarray" file="src/pymortests/vectorarray.py" line="204" name="test_space[1-&lt;lambda&gt;17]" time="0.0004417896270751953"><skipped message="Suite splitting in effect" type="pytest.skip">src/pymortests/vectorarray.py:204: &lt;py._xmlgen.raw object at 0x7fb2a72b1ac8&gt;</skipped></testcase><testcase classname="src.pymortests.vectorarray" file="src/pymortests/vectorarray.py" line="204" name="test_space[1-&lt;lambda&gt;18]" time="0.00046443939208984375"><skipped message="Suite splitting in effect" type="pytest.skip">src/pymortests/vectorarray.py:204: &lt;py._xmlgen.raw object at 0x7fb29d2816d8&gt;</skipped></testcase><testcase classname="src.pymortests.vectorarray" file="src/pymortests/vectorarray.py" line="204" name="test_space[1-&lt;lambda&gt;19]" time="0.0004642009735107422"><skipped message="Suite splitting in effect" type="pytest.skip">src/pymortests/vectorarray.py:204: &lt;py._xmlgen.raw object at 0x7fb29d27b748&gt;</skipped></testcase><testcase classname="src.pymortests.vectorarray" file="src/pymortests/vectorarray.py" line="204" name="test_space[1-&lt;lambda&gt;20]" time="0.0004298686981201172"><skipped message="Suite splitting in effect" type="pytest.skip">src/pymortests/vectorarray.py:204: &lt;py._xmlgen.raw object at 0x7fb29d20fba8&gt;</skipped></testcase><testcase classname="src.pymortests.vectorarray" file="src/pymortests/vectorarray.py" line="204" name="test_space[1-&lt;lambda&gt;21]" time="0.00044727325439453125"><skipped message="Suite splitting in effect" type="pytest.skip">src/pymortests/vectorarray.py:204: &lt;py._xmlgen.raw object at 0x7fb29d21df28&gt;</skipped></testcase><testcase classname="src.pymortests.vectorarray" file="src/pymortests/vectorarray.py" line="204" name="test_space[1-&lt;lambda&gt;22]" time="0.0004177093505859375"><skipped message="Suite splitting in effect" type="pytest.skip">src/pymortests/vectorarray.py:204: &lt;py._xmlgen.raw object at 0x7fb29d227898&gt;</skipped></testcase><testcase classname="src.pymortests.vectorarray" file="src/pymortests/vectorarray.py" line="204" name="test_space[1-&lt;lambda&gt;23]" time="0.000423431396484375"><skipped message="Suite splitting in effect" type="pytest.skip">src/pymortests/vectorarray.py:204: &lt;py._xmlgen.raw object at 0x7fb29d227470&gt;</skipped></testcase><testcase classname="src.pymortests.vectorarray" file="src/pymortests/vectorarray.py" line="204" name="test_space[1-&lt;lambda&gt;24]" time="0.00042319297790527344"><skipped message="Suite splitting in effect" type="pytest.skip">src/pymortests/vectorarray.py:204: &lt;py._xmlgen.raw object at 0x7fb29d22f208&gt;</skipped></testcase><testcase classname="src.pymortests.vectorarray" file="src/pymortests/vectorarray.py" line="204" name="test_space[1-&lt;lambda&gt;25]" time="0.00044083595275878906"><skipped message="Suite splitting in effect" type="pytest.skip">src/pymortests/vectorarray.py:204: &lt;py._xmlgen.raw object at 0x7fb29d227940&gt;</skipped></testcase><testcase classname="src.pymortests.vectorarray" file="src/pymortests/vectorarray.py" line="204" name="test_space[1-&lt;lambda&gt;26]" time="0.0004699230194091797"><skipped message="Suite splitting in effect" type="pytest.skip">src/pymortests/vectorarray.py:204: &lt;py._xmlgen.raw object at 0x7fb29d21d6a0&gt;</skipped></testcase><testcase classname="src.pymortests.vectorarray" file="src/pymortests/vectorarray.py" line="204" name="test_space[2-&lt;lambda&gt;0]" time="0.00044274330139160156"><skipped message="Suite splitting in effect" type="pytest.skip">src/pymortests/vectorarray.py:204: &lt;py._xmlgen.raw object at 0x7fb29d21d630&gt;</skipped></testcase><testcase classname="src.pymortests.vectorarray" file="src/pymortests/vectorarray.py" line="204" name="test_space[2-&lt;lambda&gt;1]" time="0.0004360675811767578"><skipped message="Suite splitting in effect" type="pytest.skip">src/pymortests/vectorarray.py:204: &lt;py._xmlgen.raw object at 0x7fb29d27bcc0&gt;</skipped></testcase><testcase classname="src.pymortests.vectorarray" file="src/pymortests/vectorarray.py" line="204" name="test_space[2-&lt;lambda&gt;2]" time="0.00046563148498535156"><skipped message="Suite splitting in effect" type="pytest.skip">src/pymortests/vectorarray.py:204: &lt;py._xmlgen.raw object at 0x7fb29d2810b8&gt;</skipped></testcase><testcase classname="src.pymortests.vectorarray" file="src/pymortests/vectorarray.py" line="204" name="test_space[2-&lt;lambda&gt;3]" time="0.00047326087951660156"><skipped message="Suite splitting in effect" type="pytest.skip">src/pymortests/vectorarray.py:204: &lt;py._xmlgen.raw object at 0x7fb2a72b1c18&gt;</skipped></testcase><testcase classname="src.pymortests.vectorarray" file="src/pymortests/vectorarray.py" line="204" name="test_space[2-&lt;lambda&gt;4]" time="0.0004737377166748047"><skipped message="Suite splitting in effect" type="pytest.skip">src/pymortests/vectorarray.py:204: &lt;py._xmlgen.raw object at 0x7fb29d22f2b0&gt;</skipped></testcase><testcase classname="src.pymortests.vectorarray" file="src/pymortests/vectorarray.py" line="204" name="test_space[2-&lt;lambda&gt;5]" time="0.0004527568817138672"><skipped message="Suite splitting in effect" type="pytest.skip">src/pymortests/vectorarray.py:204: &lt;py._xmlgen.raw object at 0x7fb29d22f710&gt;</skipped></testcase><testcase classname="src.pymortests.vectorarray" file="src/pymortests/vectorarray.py" line="204" name="test_space[2-&lt;lambda&gt;6]" time="0.0007390975952148438"><skipped message="Suite splitting in effect" type="pytest.skip">src/pymortests/vectorarray.py:204: &lt;py._xmlgen.raw object at 0x7fb2a72b1978&gt;</skipped></testcase><testcase classname="src.pymortests.vectorarray" file="src/pymortests/vectorarray.py" line="204" name="test_space[2-&lt;lambda&gt;7]" time="0.0006058216094970703"><skipped message="Suite splitting in effect" type="pytest.skip">src/pymortests/vectorarray.py:204: &lt;py._xmlgen.raw object at 0x7fb2a7306ac8&gt;</skipped></testcase><testcase classname="src.pymortests.vectorarray" file="src/pymortests/vectorarray.py" line="204" name="test_space[2-&lt;lambda&gt;8]" time="0.0004527568817138672"><skipped message="Suite splitting in effect" type="pytest.skip">src/pymortests/vectorarray.py:204: &lt;py._xmlgen.raw object at 0x7fb29d20f320&gt;</skipped></testcase><testcase classname="src.pymortests.vectorarray" file="src/pymortests/vectorarray.py" line="204" name="test_space[2-&lt;lambda&gt;9]" time="0.0008726119995117188"><skipped message="Suite splitting in effect" type="pytest.skip">src/pymortests/vectorarray.py:204: &lt;py._xmlgen.raw object at 0x7fb29d21def0&gt;</skipped></testcase><testcase classname="src.pymortests.vectorarray" file="src/pymortests/vectorarray.py" line="204" name="test_space[2-&lt;lambda&gt;10]" time="0.0004968643188476562"><skipped message="Suite splitting in effect" type="pytest.skip">src/pymortests/vectorarray.py:204: &lt;py._xmlgen.raw object at 0x7fb29d227860&gt;</skipped></testcase><testcase classname="src.pymortests.vectorarray" file="src/pymortests/vectorarray.py" line="204" name="test_space[2-&lt;lambda&gt;11]" time="0.0005259513854980469"><skipped message="Suite splitting in effect" type="pytest.skip">src/pymortests/vectorarray.py:204: &lt;py._xmlgen.raw object at 0x7fb29d227f60&gt;</skipped></testcase><testcase classname="src.pymortests.vectorarray" file="src/pymortests/vectorarray.py" line="204" name="test_space[2-&lt;lambda&gt;12]" time="0.0005309581756591797"><skipped message="Suite splitting in effect" type="pytest.skip">src/pymortests/vectorarray.py:204: &lt;py._xmlgen.raw object at 0x7fb29d22f4e0&gt;</skipped></testcase><testcase classname="src.pymortests.vectorarray" file="src/pymortests/vectorarray.py" line="204" name="test_space[2-&lt;lambda&gt;13]" time="0.0004489421844482422"><skipped message="Suite splitting in effect" type="pytest.skip">src/pymortests/vectorarray.py:204: &lt;py._xmlgen.raw object at 0x7fb29d22fc50&gt;</skipped></testcase><testcase classname="src.pymortests.vectorarray" file="src/pymortests/vectorarray.py" line="204" name="test_space[2-&lt;lambda&gt;14]" time="0.0010304450988769531"><skipped message="Suite splitting in effect" type="pytest.skip">src/pymortests/vectorarray.py:204: &lt;py._xmlgen.raw object at 0x7fb29d22fc50&gt;</skipped></testcase><testcase classname="src.pymortests.vectorarray" file="src/pymortests/vectorarray.py" line="204" name="test_space[2-&lt;lambda&gt;15]" time="0.0004754066467285156"><skipped message="Suite splitting in effect" type="pytest.skip">src/pymortests/vectorarray.py:204: &lt;py._xmlgen.raw object at 0x7fb29d22f7b8&gt;</skipped></testcase><testcase classname="src.pymortests.vectorarray" file="src/pymortests/vectorarray.py" line="204" name="test_space[2-&lt;lambda&gt;16]" time="0.0004429817199707031"><skipped message="Suite splitting in effect" type="pytest.skip">src/pymortests/vectorarray.py:204: &lt;py._xmlgen.raw object at 0x7fb29d227940&gt;</skipped></testcase><testcase classname="src.pymortests.vectorarray" file="src/pymortests/vectorarray.py" line="204" name="test_space[2-&lt;lambda&gt;17]" time="0.00047969818115234375"><skipped message="Suite splitting in effect" type="pytest.skip">src/pymortests/vectorarray.py:204: &lt;py._xmlgen.raw object at 0x7fb2a72c1438&gt;</skipped></testcase><testcase classname="src.pymortests.vectorarray" file="src/pymortests/vectorarray.py" line="204" name="test_space[2-&lt;lambda&gt;18]" time="0.0004622936248779297"><skipped message="Suite splitting in effect" type="pytest.skip">src/pymortests/vectorarray.py:204: &lt;py._xmlgen.raw object at 0x7fb29d21df28&gt;</skipped></testcase><testcase classname="src.pymortests.vectorarray" file="src/pymortests/vectorarray.py" line="204" name="test_space[2-&lt;lambda&gt;19]" time="0.0005085468292236328"><skipped message="Suite splitting in effect" type="pytest.skip">src/pymortests/vectorarray.py:204: &lt;py._xmlgen.raw object at 0x7fb2a72f9ba8&gt;</skipped></testcase><testcase classname="src.pymortests.vectorarray" file="src/pymortests/vectorarray.py" line="204" name="test_space[2-&lt;lambda&gt;20]" time="0.0004489421844482422"><skipped message="Suite splitting in effect" type="pytest.skip">src/pymortests/vectorarray.py:204: &lt;py._xmlgen.raw object at 0x7fb2a72b1c18&gt;</skipped></testcase><testcase classname="src.pymortests.vectorarray" file="src/pymortests/vectorarray.py" line="204" name="test_space[2-&lt;lambda&gt;21]" time="0.0004363059997558594"><skipped message="Suite splitting in effect" type="pytest.skip">src/pymortests/vectorarray.py:204: &lt;py._xmlgen.raw object at 0x7fb29d23b550&gt;</skipped></testcase><testcase classname="src.pymortests.vectorarray" file="src/pymortests/vectorarray.py" line="204" name="test_space[2-&lt;lambda&gt;22]" time="0.0004749298095703125"><skipped message="Suite splitting in effect" type="pytest.skip">src/pymortests/vectorarray.py:204: &lt;py._xmlgen.raw object at 0x7fb2a73062e8&gt;</skipped></testcase><testcase classname="src.pymortests.vectorarray" file="src/pymortests/vectorarray.py" line="204" name="test_space[2-&lt;lambda&gt;23]" time="0.00048232078552246094"><skipped message="Suite splitting in effect" type="pytest.skip">src/pymortests/vectorarray.py:204: &lt;py._xmlgen.raw object at 0x7fb2a72c1b70&gt;</skipped></testcase><testcase classname="src.pymortests.vectorarray" file="src/pymortests/vectorarray.py" line="204" name="test_space[2-&lt;lambda&gt;24]" time="0.00046563148498535156"><skipped message="Suite splitting in effect" type="pytest.skip">src/pymortests/vectorarray.py:204: &lt;py._xmlgen.raw object at 0x7fb29d22fa90&gt;</skipped></testcase><testcase classname="src.pymortests.vectorarray" file="src/pymortests/vectorarray.py" line="204" name="test_space[2-&lt;lambda&gt;25]" time="0.00044155120849609375"><skipped message="Suite splitting in effect" type="pytest.skip">src/pymortests/vectorarray.py:204: &lt;py._xmlgen.raw object at 0x7fb29d22ff28&gt;</skipped></testcase><testcase classname="src.pymortests.vectorarray" file="src/pymortests/vectorarray.py" line="204" name="test_space[2-&lt;lambda&gt;26]" time="0.0005095005035400391"><skipped message="Suite splitting in effect" type="pytest.skip">src/pymortests/vectorarray.py:204: &lt;py._xmlgen.raw object at 0x7fb29d227438&gt;</skipped></testcase><testcase classname="src.pymortests.vectorarray" file="src/pymortests/vectorarray.py" line="210" name="test_getitem_repeated[0-&lt;lambda&gt;0]" time="0.00043892860412597656"><skipped message="Suite splitting in effect" type="pytest.skip">src/pymortests/vectorarray.py:210: &lt;py._xmlgen.raw object at 0x7fb2a72b1438&gt;</skipped></testcase><testcase classname="src.pymortests.vectorarray" file="src/pymortests/vectorarray.py" line="210" name="test_getitem_repeated[0-&lt;lambda&gt;1]" time="0.0004303455352783203"><skipped message="Suite splitting in effect" type="pytest.skip">src/pymortests/vectorarray.py:210: &lt;py._xmlgen.raw object at 0x7fb29d21de48&gt;</skipped></testcase><testcase classname="src.pymortests.vectorarray" file="src/pymortests/vectorarray.py" line="210" name="test_getitem_repeated[0-&lt;lambda&gt;2]" time="0.00045180320739746094"><skipped message="Suite splitting in effect" type="pytest.skip">src/pymortests/vectorarray.py:210: &lt;py._xmlgen.raw object at 0x7fb29d20f320&gt;</skipped></testcase><testcase classname="src.pymortests.vectorarray" file="src/pymortests/vectorarray.py" line="210" name="test_getitem_repeated[0-&lt;lambda&gt;3]" time="0.00043010711669921875"><skipped message="Suite splitting in effect" type="pytest.skip">src/pymortests/vectorarray.py:210: &lt;py._xmlgen.raw object at 0x7fb29d34cf98&gt;</skipped></testcase><testcase classname="src.pymortests.vectorarray" file="src/pymortests/vectorarray.py" line="210" name="test_getitem_repeated[0-&lt;lambda&gt;4]" time="0.00044083595275878906"><skipped message="Suite splitting in effect" type="pytest.skip">src/pymortests/vectorarray.py:210: &lt;py._xmlgen.raw object at 0x7fb29d20f898&gt;</skipped></testcase><testcase classname="src.pymortests.vectorarray" file="src/pymortests/vectorarray.py" line="210" name="test_getitem_repeated[0-&lt;lambda&gt;5]" time="0.00042128562927246094"><skipped message="Suite splitting in effect" type="pytest.skip">src/pymortests/vectorarray.py:210: &lt;py._xmlgen.raw object at 0x7fb29d21dc18&gt;</skipped></testcase><testcase classname="src.pymortests.vectorarray" file="src/pymortests/vectorarray.py" line="210" name="test_getitem_repeated[0-&lt;lambda&gt;6]" time="0.00043892860412597656"><skipped message="Suite splitting in effect" type="pytest.skip">src/pymortests/vectorarray.py:210: &lt;py._xmlgen.raw object at 0x7fb2a72b1438&gt;</skipped></testcase><testcase classname="src.pymortests.vectorarray" file="src/pymortests/vectorarray.py" line="210" name="test_getitem_repeated[0-&lt;lambda&gt;7]" time="0.0004360675811767578"><skipped message="Suite splitting in effect" type="pytest.skip">src/pymortests/vectorarray.py:210: &lt;py._xmlgen.raw object at 0x7fb29d227438&gt;</skipped></testcase><testcase classname="src.pymortests.vectorarray" file="src/pymortests/vectorarray.py" line="210" name="test_getitem_repeated[0-&lt;lambda&gt;8]" time="0.00042629241943359375"><skipped message="Suite splitting in effect" type="pytest.skip">src/pymortests/vectorarray.py:210: &lt;py._xmlgen.raw object at 0x7fb29d22f518&gt;</skipped></testcase><testcase classname="src.pymortests.vectorarray" file="src/pymortests/vectorarray.py" line="210" name="test_getitem_repeated[0-&lt;lambda&gt;9]" time="0.00047016143798828125"><skipped message="Suite splitting in effect" type="pytest.skip">src/pymortests/vectorarray.py:210: &lt;py._xmlgen.raw object at 0x7fb29d22f3c8&gt;</skipped></testcase><testcase classname="src.pymortests.vectorarray" file="src/pymortests/vectorarray.py" line="210" name="test_getitem_repeated[0-&lt;lambda&gt;10]" time="0.0004923343658447266"><skipped message="Suite splitting in effect" type="pytest.skip">src/pymortests/vectorarray.py:210: &lt;py._xmlgen.raw object at 0x7fb2a72c1780&gt;</skipped></testcase><testcase classname="src.pymortests.vectorarray" file="src/pymortests/vectorarray.py" line="210" name="test_getitem_repeated[0-&lt;lambda&gt;11]" time="0.0004706382751464844"><skipped message="Suite splitting in effect" type="pytest.skip">src/pymortests/vectorarray.py:210: &lt;py._xmlgen.raw object at 0x7fb29d261ac8&gt;</skipped></testcase><testcase classname="src.pymortests.vectorarray" file="src/pymortests/vectorarray.py" line="210" name="test_getitem_repeated[0-&lt;lambda&gt;12]" time="0.0007283687591552734"><skipped message="Suite splitting in effect" type="pytest.skip">src/pymortests/vectorarray.py:210: &lt;py._xmlgen.raw object at 0x7fb29d261cf8&gt;</skipped></testcase><testcase classname="src.pymortests.vectorarray" file="src/pymortests/vectorarray.py" line="210" name="test_getitem_repeated[0-&lt;lambda&gt;13]" time="0.00045180320739746094"><skipped message="Suite splitting in effect" type="pytest.skip">src/pymortests/vectorarray.py:210: &lt;py._xmlgen.raw object at 0x7fb2a72cf6a0&gt;</skipped></testcase><testcase classname="src.pymortests.vectorarray" file="src/pymortests/vectorarray.py" line="210" name="test_getitem_repeated[0-&lt;lambda&gt;14]" time="0.00040841102600097656"><skipped message="Suite splitting in effect" type="pytest.skip">src/pymortests/vectorarray.py:210: &lt;py._xmlgen.raw object at 0x7fb29d22f400&gt;</skipped></testcase><testcase classname="src.pymortests.vectorarray" file="src/pymortests/vectorarray.py" line="210" name="test_getitem_repeated[0-&lt;lambda&gt;15]" time="0.0004534721374511719"><skipped message="Suite splitting in effect" type="pytest.skip">src/pymortests/vectorarray.py:210: &lt;py._xmlgen.raw object at 0x7fb29d227e80&gt;</skipped></testcase><testcase classname="src.pymortests.vectorarray" file="src/pymortests/vectorarray.py" line="210" name="test_getitem_repeated[0-&lt;lambda&gt;16]" time="0.0004527568817138672"><skipped message="Suite splitting in effect" type="pytest.skip">src/pymortests/vectorarray.py:210: &lt;py._xmlgen.raw object at 0x7fb2a72ea748&gt;</skipped></testcase><testcase classname="src.pymortests.vectorarray" file="src/pymortests/vectorarray.py" line="210" name="test_getitem_repeated[0-&lt;lambda&gt;17]" time="0.00047016143798828125"><skipped message="Suite splitting in effect" type="pytest.skip">src/pymortests/vectorarray.py:210: &lt;py._xmlgen.raw object at 0x7fb29d21da90&gt;</skipped></testcase><testcase classname="src.pymortests.vectorarray" file="src/pymortests/vectorarray.py" line="210" name="test_getitem_repeated[0-&lt;lambda&gt;18]" time="0.0004677772521972656"><skipped message="Suite splitting in effect" type="pytest.skip">src/pymortests/vectorarray.py:210: &lt;py._xmlgen.raw object at 0x7fb29d20fc88&gt;</skipped></testcase><testcase classname="src.pymortests.vectorarray" file="src/pymortests/vectorarray.py" line="210" name="test_getitem_repeated[0-&lt;lambda&gt;19]" time="0.00044274330139160156"><skipped message="Suite splitting in effect" type="pytest.skip">src/pymortests/vectorarray.py:210: &lt;py._xmlgen.raw object at 0x7fb29d23b9b0&gt;</skipped></testcase><testcase classname="src.pymortests.vectorarray" file="src/pymortests/vectorarray.py" line="210" name="test_getitem_repeated[0-&lt;lambda&gt;20]" time="0.0008242130279541016"><skipped message="Suite splitting in effect" type="pytest.skip">src/pymortests/vectorarray.py:210: &lt;py._xmlgen.raw object at 0x7fb29d26fe10&gt;</skipped></testcase><testcase classname="src.pymortests.vectorarray" file="src/pymortests/vectorarray.py" line="210" name="test_getitem_repeated[0-&lt;lambda&gt;21]" time="0.0004448890686035156"><skipped message="Suite splitting in effect" type="pytest.skip">src/pymortests/vectorarray.py:210: &lt;py._xmlgen.raw object at 0x7fb29d2aa748&gt;</skipped></testcase><testcase classname="src.pymortests.vectorarray" file="src/pymortests/vectorarray.py" line="210" name="test_getitem_repeated[0-&lt;lambda&gt;22]" time="0.0004458427429199219"><skipped message="Suite splitting in effect" type="pytest.skip">src/pymortests/vectorarray.py:210: &lt;py._xmlgen.raw object at 0x7fb2a72ea550&gt;</skipped></testcase><testcase classname="src.pymortests.vectorarray" file="src/pymortests/vectorarray.py" line="210" name="test_getitem_repeated[0-&lt;lambda&gt;23]" time="0.0004286766052246094"><skipped message="Suite splitting in effect" type="pytest.skip">src/pymortests/vectorarray.py:210: &lt;py._xmlgen.raw object at 0x7fb29d2278d0&gt;</skipped></testcase><testcase classname="src.pymortests.vectorarray" file="src/pymortests/vectorarray.py" line="210" name="test_getitem_repeated[0-&lt;lambda&gt;24]" time="0.0004467964172363281"><skipped message="Suite splitting in effect" type="pytest.skip">src/pymortests/vectorarray.py:210: &lt;py._xmlgen.raw object at 0x7fb29d22fe80&gt;</skipped></testcase><testcase classname="src.pymortests.vectorarray" file="src/pymortests/vectorarray.py" line="210" name="test_getitem_repeated[0-&lt;lambda&gt;25]" time="0.0004448890686035156"><skipped message="Suite splitting in effect" type="pytest.skip">src/pymortests/vectorarray.py:210: &lt;py._xmlgen.raw object at 0x7fb2a7392128&gt;</skipped></testcase><testcase classname="src.pymortests.vectorarray" file="src/pymortests/vectorarray.py" line="210" name="test_getitem_repeated[0-&lt;lambda&gt;26]" time="0.0004189014434814453"><skipped message="Suite splitting in effect" type="pytest.skip">src/pymortests/vectorarray.py:210: &lt;py._xmlgen.raw object at 0x7fb29d23b128&gt;</skipped></testcase><testcase classname="src.pymortests.vectorarray" file="src/pymortests/vectorarray.py" line="210" name="test_getitem_repeated[1-&lt;lambda&gt;0]" time="0.0004496574401855469"><skipped message="Suite splitting in effect" type="pytest.skip">src/pymortests/vectorarray.py:210: &lt;py._xmlgen.raw object at 0x7fb29d23bdd8&gt;</skipped></testcase><testcase classname="src.pymortests.vectorarray" file="src/pymortests/vectorarray.py" line="210" name="test_getitem_repeated[1-&lt;lambda&gt;1]" time="0.0007481575012207031"><skipped message="Suite splitting in effect" type="pytest.skip">src/pymortests/vectorarray.py:210: &lt;py._xmlgen.raw object at 0x7fb29d24a358&gt;</skipped></testcase><testcase classname="src.pymortests.vectorarray" file="src/pymortests/vectorarray.py" line="210" name="test_getitem_repeated[1-&lt;lambda&gt;2]" time="0.000453948974609375"><skipped message="Suite splitting in effect" type="pytest.skip">src/pymortests/vectorarray.py:210: &lt;py._xmlgen.raw object at 0x7fb29d23b518&gt;</skipped></testcase><testcase classname="src.pymortests.vectorarray" file="src/pymortests/vectorarray.py" line="210" name="test_getitem_repeated[1-&lt;lambda&gt;3]" time="0.0004611015319824219"><skipped message="Suite splitting in effect" type="pytest.skip">src/pymortests/vectorarray.py:210: &lt;py._xmlgen.raw object at 0x7fb2a7276da0&gt;</skipped></testcase><testcase classname="src.pymortests.vectorarray" file="src/pymortests/vectorarray.py" line="210" name="test_getitem_repeated[1-&lt;lambda&gt;4]" time="0.00044465065002441406"><skipped message="Suite splitting in effect" type="pytest.skip">src/pymortests/vectorarray.py:210: &lt;py._xmlgen.raw object at 0x7fb29d22fb38&gt;</skipped></testcase><testcase classname="src.pymortests.vectorarray" file="src/pymortests/vectorarray.py" line="210" name="test_getitem_repeated[1-&lt;lambda&gt;5]" time="0.00047135353088378906"><skipped message="Suite splitting in effect" type="pytest.skip">src/pymortests/vectorarray.py:210: &lt;py._xmlgen.raw object at 0x7fb29d227e80&gt;</skipped></testcase><testcase classname="src.pymortests.vectorarray" file="src/pymortests/vectorarray.py" line="210" name="test_getitem_repeated[1-&lt;lambda&gt;6]" time="0.00045800209045410156"><skipped message="Suite splitting in effect" type="pytest.skip">src/pymortests/vectorarray.py:210: &lt;py._xmlgen.raw object at 0x7fb29d21df28&gt;</skipped></testcase><testcase classname="src.pymortests.vectorarray" file="src/pymortests/vectorarray.py" line="210" name="test_getitem_repeated[1-&lt;lambda&gt;7]" time="0.0004553794860839844"><skipped message="Suite splitting in effect" type="pytest.skip">src/pymortests/vectorarray.py:210: &lt;py._xmlgen.raw object at 0x7fb29d20f278&gt;</skipped></testcase><testcase classname="src.pymortests.vectorarray" file="src/pymortests/vectorarray.py" line="210" name="test_getitem_repeated[1-&lt;lambda&gt;8]" time="0.00043010711669921875"><skipped message="Suite splitting in effect" type="pytest.skip">src/pymortests/vectorarray.py:210: &lt;py._xmlgen.raw object at 0x7fb29d24a208&gt;</skipped></testcase><testcase classname="src.pymortests.vectorarray" file="src/pymortests/vectorarray.py" line="210" name="test_getitem_repeated[1-&lt;lambda&gt;9]" time="0.0007665157318115234"><skipped message="Suite splitting in effect" type="pytest.skip">src/pymortests/vectorarray.py:210: &lt;py._xmlgen.raw object at 0x7fb29d24a898&gt;</skipped></testcase><testcase classname="src.pymortests.vectorarray" file="src/pymortests/vectorarray.py" line="210" name="test_getitem_repeated[1-&lt;lambda&gt;10]" time="0.0004227161407470703"><skipped message="Suite splitting in effect" type="pytest.skip">src/pymortests/vectorarray.py:210: &lt;py._xmlgen.raw object at 0x7fb2a72b1eb8&gt;</skipped></testcase><testcase classname="src.pymortests.vectorarray" file="src/pymortests/vectorarray.py" line="210" name="test_getitem_repeated[1-&lt;lambda&gt;11]" time="0.00045943260192871094"><skipped message="Suite splitting in effect" type="pytest.skip">src/pymortests/vectorarray.py:210: &lt;py._xmlgen.raw object at 0x7fb29d227438&gt;</skipped></testcase><testcase classname="src.pymortests.vectorarray" file="src/pymortests/vectorarray.py" line="210" name="test_getitem_repeated[1-&lt;lambda&gt;12]" time="0.0004544258117675781"><skipped message="Suite splitting in effect" type="pytest.skip">src/pymortests/vectorarray.py:210: &lt;py._xmlgen.raw object at 0x7fb29d22f9e8&gt;</skipped></testcase><testcase classname="src.pymortests.vectorarray" file="src/pymortests/vectorarray.py" line="210" name="test_getitem_repeated[1-&lt;lambda&gt;13]" time="0.0004904270172119141"><skipped message="Suite splitting in effect" type="pytest.skip">src/pymortests/vectorarray.py:210: &lt;py._xmlgen.raw object at 0x7fb2a72763c8&gt;</skipped></testcase><testcase classname="src.pymortests.vectorarray" file="src/pymortests/vectorarray.py" line="210" name="test_getitem_repeated[1-&lt;lambda&gt;14]" time="0.0005016326904296875"><skipped message="Suite splitting in effect" type="pytest.skip">src/pymortests/vectorarray.py:210: &lt;py._xmlgen.raw object at 0x7fb29d23bf28&gt;</skipped></testcase><testcase classname="src.pymortests.vectorarray" file="src/pymortests/vectorarray.py" line="210" name="test_getitem_repeated[1-&lt;lambda&gt;15]" time="0.00040030479431152344"><skipped message="Suite splitting in effect" type="pytest.skip">src/pymortests/vectorarray.py:210: &lt;py._xmlgen.raw object at 0x7fb29d24a978&gt;</skipped></testcase><testcase classname="src.pymortests.vectorarray" file="src/pymortests/vectorarray.py" line="210" name="test_getitem_repeated[1-&lt;lambda&gt;16]" time="0.0004420280456542969"><skipped message="Suite splitting in effect" type="pytest.skip">src/pymortests/vectorarray.py:210: &lt;py._xmlgen.raw object at 0x7fb29d24a048&gt;</skipped></testcase><testcase classname="src.pymortests.vectorarray" file="src/pymortests/vectorarray.py" line="210" name="test_getitem_repeated[1-&lt;lambda&gt;17]" time="0.0004334449768066406"><skipped message="Suite splitting in effect" type="pytest.skip">src/pymortests/vectorarray.py:210: &lt;py._xmlgen.raw object at 0x7fb29d24aeb8&gt;</skipped></testcase><testcase classname="src.pymortests.vectorarray" file="src/pymortests/vectorarray.py" line="210" name="test_getitem_repeated[1-&lt;lambda&gt;18]" time="0.000446319580078125"><skipped message="Suite splitting in effect" type="pytest.skip">src/pymortests/vectorarray.py:210: &lt;py._xmlgen.raw object at 0x7fb29d24ad68&gt;</skipped></testcase><testcase classname="src.pymortests.vectorarray" file="src/pymortests/vectorarray.py" line="210" name="test_getitem_repeated[1-&lt;lambda&gt;19]" time="0.00048470497131347656"><skipped message="Suite splitting in effect" type="pytest.skip">src/pymortests/vectorarray.py:210: &lt;py._xmlgen.raw object at 0x7fb29d23b5c0&gt;</skipped></testcase><testcase classname="src.pymortests.vectorarray" file="src/pymortests/vectorarray.py" line="210" name="test_getitem_repeated[1-&lt;lambda&gt;20]" time="0.0004248619079589844"><skipped message="Suite splitting in effect" type="pytest.skip">src/pymortests/vectorarray.py:210: &lt;py._xmlgen.raw object at 0x7fb2a72c1eb8&gt;</skipped></testcase><testcase classname="src.pymortests.vectorarray" file="src/pymortests/vectorarray.py" line="210" name="test_getitem_repeated[1-&lt;lambda&gt;21]" time="0.00043582916259765625"><skipped message="Suite splitting in effect" type="pytest.skip">src/pymortests/vectorarray.py:210: &lt;py._xmlgen.raw object at 0x7fb2a72767b8&gt;</skipped></testcase><testcase classname="src.pymortests.vectorarray" file="src/pymortests/vectorarray.py" line="210" name="test_getitem_repeated[1-&lt;lambda&gt;22]" time="0.0004360675811767578"><skipped message="Suite splitting in effect" type="pytest.skip">src/pymortests/vectorarray.py:210: &lt;py._xmlgen.raw object at 0x7fb29d227e80&gt;</skipped></testcase><testcase classname="src.pymortests.vectorarray" file="src/pymortests/vectorarray.py" line="210" name="test_getitem_repeated[1-&lt;lambda&gt;23]" time="0.0004189014434814453"><skipped message="Suite splitting in effect" type="pytest.skip">src/pymortests/vectorarray.py:210: &lt;py._xmlgen.raw object at 0x7fb2a72e3c50&gt;</skipped></testcase><testcase classname="src.pymortests.vectorarray" file="src/pymortests/vectorarray.py" line="210" name="test_getitem_repeated[1-&lt;lambda&gt;24]" time="0.0004191398620605469"><skipped message="Suite splitting in effect" type="pytest.skip">src/pymortests/vectorarray.py:210: &lt;py._xmlgen.raw object at 0x7fb29d20fe80&gt;</skipped></testcase><testcase classname="src.pymortests.vectorarray" file="src/pymortests/vectorarray.py" line="210" name="test_getitem_repeated[1-&lt;lambda&gt;25]" time="0.0004153251647949219"><skipped message="Suite splitting in effect" type="pytest.skip">src/pymortests/vectorarray.py:210: &lt;py._xmlgen.raw object at 0x7fb29d1d6400&gt;</skipped></testcase><testcase classname="src.pymortests.vectorarray" file="src/pymortests/vectorarray.py" line="210" name="test_getitem_repeated[1-&lt;lambda&gt;26]" time="0.0007541179656982422"><skipped message="Suite splitting in effect" type="pytest.skip">src/pymortests/vectorarray.py:210: &lt;py._xmlgen.raw object at 0x7fb2a72893c8&gt;</skipped></testcase><testcase classname="src.pymortests.vectorarray" file="src/pymortests/vectorarray.py" line="210" name="test_getitem_repeated[2-&lt;lambda&gt;0]" time="0.00041556358337402344"><skipped message="Suite splitting in effect" type="pytest.skip">src/pymortests/vectorarray.py:210: &lt;py._xmlgen.raw object at 0x7fb29d338240&gt;</skipped></testcase><testcase classname="src.pymortests.vectorarray" file="src/pymortests/vectorarray.py" line="210" name="test_getitem_repeated[2-&lt;lambda&gt;1]" time="0.00041604042053222656"><skipped message="Suite splitting in effect" type="pytest.skip">src/pymortests/vectorarray.py:210: &lt;py._xmlgen.raw object at 0x7fb2a72cf0f0&gt;</skipped></testcase><testcase classname="src.pymortests.vectorarray" file="src/pymortests/vectorarray.py" line="210" name="test_getitem_repeated[2-&lt;lambda&gt;2]" time="0.0004189014434814453"><skipped message="Suite splitting in effect" type="pytest.skip">src/pymortests/vectorarray.py:210: &lt;py._xmlgen.raw object at 0x7fb2a72c1eb8&gt;</skipped></testcase><testcase classname="src.pymortests.vectorarray" file="src/pymortests/vectorarray.py" line="210" name="test_getitem_repeated[2-&lt;lambda&gt;3]" time="0.0004296302795410156"><skipped message="Suite splitting in effect" type="pytest.skip">src/pymortests/vectorarray.py:210: &lt;py._xmlgen.raw object at 0x7fb29d24a5f8&gt;</skipped></testcase><testcase classname="src.pymortests.vectorarray" file="src/pymortests/vectorarray.py" line="210" name="test_getitem_repeated[2-&lt;lambda&gt;4]" time="0.0004508495330810547"><skipped message="Suite splitting in effect" type="pytest.skip">src/pymortests/vectorarray.py:210: &lt;py._xmlgen.raw object at 0x7fb29d24afd0&gt;</skipped></testcase><testcase classname="src.pymortests.vectorarray" file="src/pymortests/vectorarray.py" line="210" name="test_getitem_repeated[2-&lt;lambda&gt;5]" time="0.0005235671997070312"><skipped message="Suite splitting in effect" type="pytest.skip">src/pymortests/vectorarray.py:210: &lt;py._xmlgen.raw object at 0x7fb29d1d60f0&gt;</skipped></testcase><testcase classname="src.pymortests.vectorarray" file="src/pymortests/vectorarray.py" line="210" name="test_getitem_repeated[2-&lt;lambda&gt;6]" time="0.0004317760467529297"><skipped message="Suite splitting in effect" type="pytest.skip">src/pymortests/vectorarray.py:210: &lt;py._xmlgen.raw object at 0x7fb29d1d6940&gt;</skipped></testcase><testcase classname="src.pymortests.vectorarray" file="src/pymortests/vectorarray.py" line="210" name="test_getitem_repeated[2-&lt;lambda&gt;7]" time="0.0007064342498779297"><skipped message="Suite splitting in effect" type="pytest.skip">src/pymortests/vectorarray.py:210: &lt;py._xmlgen.raw object at 0x7fb29d24aba8&gt;</skipped></testcase><testcase classname="src.pymortests.vectorarray" file="src/pymortests/vectorarray.py" line="210" name="test_getitem_repeated[2-&lt;lambda&gt;8]" time="0.0004215240478515625"><skipped message="Suite splitting in effect" type="pytest.skip">src/pymortests/vectorarray.py:210: &lt;py._xmlgen.raw object at 0x7fb29d24a048&gt;</skipped></testcase><testcase classname="src.pymortests.vectorarray" file="src/pymortests/vectorarray.py" line="210" name="test_getitem_repeated[2-&lt;lambda&gt;9]" time="0.00045108795166015625"><skipped message="Suite splitting in effect" type="pytest.skip">src/pymortests/vectorarray.py:210: &lt;py._xmlgen.raw object at 0x7fb2a7276668&gt;</skipped></testcase><testcase classname="src.pymortests.vectorarray" file="src/pymortests/vectorarray.py" line="210" name="test_getitem_repeated[2-&lt;lambda&gt;10]" time="0.00042891502380371094"><skipped message="Suite splitting in effect" type="pytest.skip">src/pymortests/vectorarray.py:210: &lt;py._xmlgen.raw object at 0x7fb29d22fda0&gt;</skipped></testcase><testcase classname="src.pymortests.vectorarray" file="src/pymortests/vectorarray.py" line="210" name="test_getitem_repeated[2-&lt;lambda&gt;11]" time="0.00048279762268066406"><skipped message="Suite splitting in effect" type="pytest.skip">src/pymortests/vectorarray.py:210: &lt;py._xmlgen.raw object at 0x7fb29d21d438&gt;</skipped></testcase><testcase classname="src.pymortests.vectorarray" file="src/pymortests/vectorarray.py" line="210" name="test_getitem_repeated[2-&lt;lambda&gt;12]" time="0.00041413307189941406"><skipped message="Suite splitting in effect" type="pytest.skip">src/pymortests/vectorarray.py:210: &lt;py._xmlgen.raw object at 0x7fb29d1d69e8&gt;</skipped></testcase><testcase classname="src.pymortests.vectorarray" file="src/pymortests/vectorarray.py" line="210" name="test_getitem_repeated[2-&lt;lambda&gt;13]" time="0.00040602684020996094"><skipped message="Suite splitting in effect" type="pytest.skip">src/pymortests/vectorarray.py:210: &lt;py._xmlgen.raw object at 0x7fb29d1d6588&gt;</skipped></testcase><testcase classname="src.pymortests.vectorarray" file="src/pymortests/vectorarray.py" line="210" name="test_getitem_repeated[2-&lt;lambda&gt;14]" time="0.0004611015319824219"><skipped message="Suite splitting in effect" type="pytest.skip">src/pymortests/vectorarray.py:210: &lt;py._xmlgen.raw object at 0x7fb29d1e0240&gt;</skipped></testcase><testcase classname="src.pymortests.vectorarray" file="src/pymortests/vectorarray.py" line="210" name="test_getitem_repeated[2-&lt;lambda&gt;15]" time="0.0008478164672851562"><skipped message="Suite splitting in effect" type="pytest.skip">src/pymortests/vectorarray.py:210: &lt;py._xmlgen.raw object at 0x7fb29d1e0780&gt;</skipped></testcase><testcase classname="src.pymortests.vectorarray" file="src/pymortests/vectorarray.py" line="210" name="test_getitem_repeated[2-&lt;lambda&gt;16]" time="0.00046944618225097656"><skipped message="Suite splitting in effect" type="pytest.skip">src/pymortests/vectorarray.py:210: &lt;py._xmlgen.raw object at 0x7fb29d1d6278&gt;</skipped></testcase><testcase classname="src.pymortests.vectorarray" file="src/pymortests/vectorarray.py" line="210" name="test_getitem_repeated[2-&lt;lambda&gt;17]" time="0.00044465065002441406"><skipped message="Suite splitting in effect" type="pytest.skip">src/pymortests/vectorarray.py:210: &lt;py._xmlgen.raw object at 0x7fb29d21da90&gt;</skipped></testcase><testcase classname="src.pymortests.vectorarray" file="src/pymortests/vectorarray.py" line="210" name="test_getitem_repeated[2-&lt;lambda&gt;18]" time="0.0004239082336425781"><skipped message="Suite splitting in effect" type="pytest.skip">src/pymortests/vectorarray.py:210: &lt;py._xmlgen.raw object at 0x7fb2a72c1438&gt;</skipped></testcase><testcase classname="src.pymortests.vectorarray" file="src/pymortests/vectorarray.py" line="210" name="test_getitem_repeated[2-&lt;lambda&gt;19]" time="0.0004341602325439453"><skipped message="Suite splitting in effect" type="pytest.skip">src/pymortests/vectorarray.py:210: &lt;py._xmlgen.raw object at 0x7fb29d23bbe0&gt;</skipped></testcase><testcase classname="src.pymortests.vectorarray" file="src/pymortests/vectorarray.py" line="210" name="test_getitem_repeated[2-&lt;lambda&gt;20]" time="0.0004036426544189453"><skipped message="Suite splitting in effect" type="pytest.skip">src/pymortests/vectorarray.py:210: &lt;py._xmlgen.raw object at 0x7fb29d24a588&gt;</skipped></testcase><testcase classname="src.pymortests.vectorarray" file="src/pymortests/vectorarray.py" line="210" name="test_getitem_repeated[2-&lt;lambda&gt;21]" time="0.0004432201385498047"><skipped message="Suite splitting in effect" type="pytest.skip">src/pymortests/vectorarray.py:210: &lt;py._xmlgen.raw object at 0x7fb29d24aba8&gt;</skipped></testcase><testcase classname="src.pymortests.vectorarray" file="src/pymortests/vectorarray.py" line="210" name="test_getitem_repeated[2-&lt;lambda&gt;22]" time="0.0004949569702148438"><skipped message="Suite splitting in effect" type="pytest.skip">src/pymortests/vectorarray.py:210: &lt;py._xmlgen.raw object at 0x7fb29d1e00b8&gt;</skipped></testcase><testcase classname="src.pymortests.vectorarray" file="src/pymortests/vectorarray.py" line="210" name="test_getitem_repeated[2-&lt;lambda&gt;23]" time="0.000858306884765625"><skipped message="Suite splitting in effect" type="pytest.skip">src/pymortests/vectorarray.py:210: &lt;py._xmlgen.raw object at 0x7fb29d1e0cc0&gt;</skipped></testcase><testcase classname="src.pymortests.vectorarray" file="src/pymortests/vectorarray.py" line="210" name="test_getitem_repeated[2-&lt;lambda&gt;24]" time="0.0004563331604003906"><skipped message="Suite splitting in effect" type="pytest.skip">src/pymortests/vectorarray.py:210: &lt;py._xmlgen.raw object at 0x7fb2a72971d0&gt;</skipped></testcase><testcase classname="src.pymortests.vectorarray" file="src/pymortests/vectorarray.py" line="210" name="test_getitem_repeated[2-&lt;lambda&gt;25]" time="0.000423431396484375"><skipped message="Suite splitting in effect" type="pytest.skip">src/pymortests/vectorarray.py:210: &lt;py._xmlgen.raw object at 0x7fb2a7276b00&gt;</skipped></testcase><testcase classname="src.pymortests.vectorarray" file="src/pymortests/vectorarray.py" line="210" name="test_getitem_repeated[2-&lt;lambda&gt;26]" time="0.0004191398620605469"><skipped message="Suite splitting in effect" type="pytest.skip">src/pymortests/vectorarray.py:210: &lt;py._xmlgen.raw object at 0x7fb2a72e3c50&gt;</skipped></testcase><testcase classname="src.pymortests.vectorarray" file="src/pymortests/vectorarray.py" line="221" name="test_copy[0-&lt;lambda&gt;0]" time="0.0004856586456298828"><skipped message="Suite splitting in effect" type="pytest.skip">src/pymortests/vectorarray.py:221: &lt;py._xmlgen.raw object at 0x7fb2a7289860&gt;</skipped></testcase><testcase classname="src.pymortests.vectorarray" file="src/pymortests/vectorarray.py" line="221" name="test_copy[0-&lt;lambda&gt;1]" time="0.0004096031188964844"><skipped message="Suite splitting in effect" type="pytest.skip">src/pymortests/vectorarray.py:221: &lt;py._xmlgen.raw object at 0x7fb29d1d6da0&gt;</skipped></testcase><testcase classname="src.pymortests.vectorarray" file="src/pymortests/vectorarray.py" line="221" name="test_copy[0-&lt;lambda&gt;2]" time="0.0004754066467285156"><skipped message="Suite splitting in effect" type="pytest.skip">src/pymortests/vectorarray.py:221: &lt;py._xmlgen.raw object at 0x7fb29d1e0a20&gt;</skipped></testcase><testcase classname="src.pymortests.vectorarray" file="src/pymortests/vectorarray.py" line="221" name="test_copy[0-&lt;lambda&gt;3]" time="0.0004436969757080078"><skipped message="Suite splitting in effect" type="pytest.skip">src/pymortests/vectorarray.py:221: &lt;py._xmlgen.raw object at 0x7fb29d1e0208&gt;</skipped></testcase><testcase classname="src.pymortests.vectorarray" file="src/pymortests/vectorarray.py" line="221" name="test_copy[0-&lt;lambda&gt;4]" time="0.00045990943908691406"><skipped message="Suite splitting in effect" type="pytest.skip">src/pymortests/vectorarray.py:221: &lt;py._xmlgen.raw object at 0x7fb29d1ea320&gt;</skipped></testcase><testcase classname="src.pymortests.vectorarray" file="src/pymortests/vectorarray.py" line="221" name="test_copy[0-&lt;lambda&gt;5]" time="0.0004734992980957031"><skipped message="Suite splitting in effect" type="pytest.skip">src/pymortests/vectorarray.py:221: &lt;py._xmlgen.raw object at 0x7fb29d1e0550&gt;</skipped></testcase><testcase classname="src.pymortests.vectorarray" file="src/pymortests/vectorarray.py" line="221" name="test_copy[0-&lt;lambda&gt;6]" time="0.0004367828369140625"><skipped message="Suite splitting in effect" type="pytest.skip">src/pymortests/vectorarray.py:221: &lt;py._xmlgen.raw object at 0x7fb2a7229198&gt;</skipped></testcase><testcase classname="src.pymortests.vectorarray" file="src/pymortests/vectorarray.py" line="221" name="test_copy[0-&lt;lambda&gt;7]" time="0.0004124641418457031"><skipped message="Suite splitting in effect" type="pytest.skip">src/pymortests/vectorarray.py:221: &lt;py._xmlgen.raw object at 0x7fb29d1d6fd0&gt;</skipped></testcase><testcase classname="src.pymortests.vectorarray" file="src/pymortests/vectorarray.py" line="221" name="test_copy[0-&lt;lambda&gt;8]" time="0.0004742145538330078"><skipped message="Suite splitting in effect" type="pytest.skip">src/pymortests/vectorarray.py:221: &lt;py._xmlgen.raw object at 0x7fb2a72e3ba8&gt;</skipped></testcase><testcase classname="src.pymortests.vectorarray" file="src/pymortests/vectorarray.py" line="221" name="test_copy[0-&lt;lambda&gt;9]" time="0.0004596710205078125"><skipped message="Suite splitting in effect" type="pytest.skip">src/pymortests/vectorarray.py:221: &lt;py._xmlgen.raw object at 0x7fb2a72763c8&gt;</skipped></testcase><testcase classname="src.pymortests.vectorarray" file="src/pymortests/vectorarray.py" line="221" name="test_copy[0-&lt;lambda&gt;10]" time="0.0004456043243408203"><skipped message="Suite splitting in effect" type="pytest.skip">src/pymortests/vectorarray.py:221: &lt;py._xmlgen.raw object at 0x7fb29d24aba8&gt;</skipped></testcase><testcase classname="src.pymortests.vectorarray" file="src/pymortests/vectorarray.py" line="221" name="test_copy[0-&lt;lambda&gt;11]" time="0.0004429817199707031"><skipped message="Suite splitting in effect" type="pytest.skip">src/pymortests/vectorarray.py:221: &lt;py._xmlgen.raw object at 0x7fb29d1ea080&gt;</skipped></testcase><testcase classname="src.pymortests.vectorarray" file="src/pymortests/vectorarray.py" line="221" name="test_copy[0-&lt;lambda&gt;12]" time="0.00042939186096191406"><skipped message="Suite splitting in effect" type="pytest.skip">src/pymortests/vectorarray.py:221: &lt;py._xmlgen.raw object at 0x7fb29d1ea828&gt;</skipped></testcase><testcase classname="src.pymortests.vectorarray" file="src/pymortests/vectorarray.py" line="221" name="test_copy[0-&lt;lambda&gt;13]" time="0.0004868507385253906"><skipped message="Suite splitting in effect" type="pytest.skip">src/pymortests/vectorarray.py:221: &lt;py._xmlgen.raw object at 0x7fb2a72ea748&gt;</skipped></testcase><testcase classname="src.pymortests.vectorarray" file="src/pymortests/vectorarray.py" line="221" name="test_copy[0-&lt;lambda&gt;14]" time="0.0004153251647949219"><skipped message="Suite splitting in effect" type="pytest.skip">src/pymortests/vectorarray.py:221: &lt;py._xmlgen.raw object at 0x7fb29d1e08d0&gt;</skipped></testcase><testcase classname="src.pymortests.vectorarray" file="src/pymortests/vectorarray.py" line="221" name="test_copy[0-&lt;lambda&gt;15]" time="0.0004401206970214844"><skipped message="Suite splitting in effect" type="pytest.skip">src/pymortests/vectorarray.py:221: &lt;py._xmlgen.raw object at 0x7fb29d1e0080&gt;</skipped></testcase><testcase classname="src.pymortests.vectorarray" file="src/pymortests/vectorarray.py" line="221" name="test_copy[0-&lt;lambda&gt;16]" time="0.00040078163146972656"><skipped message="Suite splitting in effect" type="pytest.skip">src/pymortests/vectorarray.py:221: &lt;py._xmlgen.raw object at 0x7fb2a72971d0&gt;</skipped></testcase><testcase classname="src.pymortests.vectorarray" file="src/pymortests/vectorarray.py" line="221" name="test_copy[0-&lt;lambda&gt;17]" time="0.00041866302490234375"><skipped message="Suite splitting in effect" type="pytest.skip">src/pymortests/vectorarray.py:221: &lt;py._xmlgen.raw object at 0x7fb29d1d6630&gt;</skipped></testcase><testcase classname="src.pymortests.vectorarray" file="src/pymortests/vectorarray.py" line="221" name="test_copy[0-&lt;lambda&gt;18]" time="0.0004169940948486328"><skipped message="Suite splitting in effect" type="pytest.skip">src/pymortests/vectorarray.py:221: &lt;py._xmlgen.raw object at 0x7fb2a7289c50&gt;</skipped></testcase><testcase classname="src.pymortests.vectorarray" file="src/pymortests/vectorarray.py" line="221" name="test_copy[0-&lt;lambda&gt;19]" time="0.0004596710205078125"><skipped message="Suite splitting in effect" type="pytest.skip">src/pymortests/vectorarray.py:221: &lt;py._xmlgen.raw object at 0x7fb29d24a898&gt;</skipped></testcase><testcase classname="src.pymortests.vectorarray" file="src/pymortests/vectorarray.py" line="221" name="test_copy[0-&lt;lambda&gt;20]" time="0.00042319297790527344"><skipped message="Suite splitting in effect" type="pytest.skip">src/pymortests/vectorarray.py:221: &lt;py._xmlgen.raw object at 0x7fb29d23bb00&gt;</skipped></testcase><testcase classname="src.pymortests.vectorarray" file="src/pymortests/vectorarray.py" line="221" name="test_copy[0-&lt;lambda&gt;21]" time="0.0007314682006835938"><skipped message="Suite splitting in effect" type="pytest.skip">src/pymortests/vectorarray.py:221: &lt;py._xmlgen.raw object at 0x7fb29d24a8d0&gt;</skipped></testcase><testcase classname="src.pymortests.vectorarray" file="src/pymortests/vectorarray.py" line="221" name="test_copy[0-&lt;lambda&gt;22]" time="0.0004286766052246094"><skipped message="Suite splitting in effect" type="pytest.skip">src/pymortests/vectorarray.py:221: &lt;py._xmlgen.raw object at 0x7fb2a72899b0&gt;</skipped></testcase><testcase classname="src.pymortests.vectorarray" file="src/pymortests/vectorarray.py" line="221" name="test_copy[0-&lt;lambda&gt;23]" time="0.00043654441833496094"><skipped message="Suite splitting in effect" type="pytest.skip">src/pymortests/vectorarray.py:221: &lt;py._xmlgen.raw object at 0x7fb29d1d6518&gt;</skipped></testcase><testcase classname="src.pymortests.vectorarray" file="src/pymortests/vectorarray.py" line="221" name="test_copy[0-&lt;lambda&gt;24]" time="0.00045561790466308594"><skipped message="Suite splitting in effect" type="pytest.skip">src/pymortests/vectorarray.py:221: &lt;py._xmlgen.raw object at 0x7fb2a7297860&gt;</skipped></testcase><testcase classname="src.pymortests.vectorarray" file="src/pymortests/vectorarray.py" line="221" name="test_copy[0-&lt;lambda&gt;25]" time="0.00044727325439453125"><skipped message="Suite splitting in effect" type="pytest.skip">src/pymortests/vectorarray.py:221: &lt;py._xmlgen.raw object at 0x7fb29d1e0fd0&gt;</skipped></testcase><testcase classname="src.pymortests.vectorarray" file="src/pymortests/vectorarray.py" line="221" name="test_copy[0-&lt;lambda&gt;26]" time="0.0004200935363769531"><skipped message="Suite splitting in effect" type="pytest.skip">src/pymortests/vectorarray.py:221: &lt;py._xmlgen.raw object at 0x7fb2a723dd30&gt;</skipped></testcase><testcase classname="src.pymortests.vectorarray" file="src/pymortests/vectorarray.py" line="221" name="test_copy[1-&lt;lambda&gt;0]" time="0.0004229545593261719"><skipped message="Suite splitting in effect" type="pytest.skip">src/pymortests/vectorarray.py:221: &lt;py._xmlgen.raw object at 0x7fb29d23b320&gt;</skipped></testcase><testcase classname="src.pymortests.vectorarray" file="src/pymortests/vectorarray.py" line="221" name="test_copy[1-&lt;lambda&gt;1]" time="0.0004200935363769531"><skipped message="Suite splitting in effect" type="pytest.skip">src/pymortests/vectorarray.py:221: &lt;py._xmlgen.raw object at 0x7fb2a72761d0&gt;</skipped></testcase><testcase classname="src.pymortests.vectorarray" file="src/pymortests/vectorarray.py" line="221" name="test_copy[1-&lt;lambda&gt;2]" time="0.0004673004150390625"><skipped message="Suite splitting in effect" type="pytest.skip">src/pymortests/vectorarray.py:221: &lt;py._xmlgen.raw object at 0x7fb2a73062e8&gt;</skipped></testcase><testcase classname="src.pymortests.vectorarray" file="src/pymortests/vectorarray.py" line="221" name="test_copy[1-&lt;lambda&gt;3]" time="0.0004482269287109375"><skipped message="Suite splitting in effect" type="pytest.skip">src/pymortests/vectorarray.py:221: &lt;py._xmlgen.raw object at 0x7fb29d21da90&gt;</skipped></testcase><testcase classname="src.pymortests.vectorarray" file="src/pymortests/vectorarray.py" line="221" name="test_copy[1-&lt;lambda&gt;4]" time="0.0004458427429199219"><skipped message="Suite splitting in effect" type="pytest.skip">src/pymortests/vectorarray.py:221: &lt;py._xmlgen.raw object at 0x7fb29d2aaeb8&gt;</skipped></testcase><testcase classname="src.pymortests.vectorarray" file="src/pymortests/vectorarray.py" line="221" name="test_copy[1-&lt;lambda&gt;5]" time="0.0004086494445800781"><skipped message="Suite splitting in effect" type="pytest.skip">src/pymortests/vectorarray.py:221: &lt;py._xmlgen.raw object at 0x7fb29d1e05c0&gt;</skipped></testcase><testcase classname="src.pymortests.vectorarray" file="src/pymortests/vectorarray.py" line="221" name="test_copy[1-&lt;lambda&gt;6]" time="0.00042319297790527344"><skipped message="Suite splitting in effect" type="pytest.skip">src/pymortests/vectorarray.py:221: &lt;py._xmlgen.raw object at 0x7fb29d1d6908&gt;</skipped></testcase><testcase classname="src.pymortests.vectorarray" file="src/pymortests/vectorarray.py" line="221" name="test_copy[1-&lt;lambda&gt;7]" time="0.0004215240478515625"><skipped message="Suite splitting in effect" type="pytest.skip">src/pymortests/vectorarray.py:221: &lt;py._xmlgen.raw object at 0x7fb2a72506a0&gt;</skipped></testcase><testcase classname="src.pymortests.vectorarray" file="src/pymortests/vectorarray.py" line="221" name="test_copy[1-&lt;lambda&gt;8]" time="0.00046896934509277344"><skipped message="Suite splitting in effect" type="pytest.skip">src/pymortests/vectorarray.py:221: &lt;py._xmlgen.raw object at 0x7fb29d24a470&gt;</skipped></testcase><testcase classname="src.pymortests.vectorarray" file="src/pymortests/vectorarray.py" line="221" name="test_copy[1-&lt;lambda&gt;9]" time="0.0004153251647949219"><skipped message="Suite splitting in effect" type="pytest.skip">src/pymortests/vectorarray.py:221: &lt;py._xmlgen.raw object at 0x7fb29d1ea4e0&gt;</skipped></testcase><testcase classname="src.pymortests.vectorarray" file="src/pymortests/vectorarray.py" line="221" name="test_copy[1-&lt;lambda&gt;10]" time="0.0007505416870117188"><skipped message="Suite splitting in effect" type="pytest.skip">src/pymortests/vectorarray.py:221: &lt;py._xmlgen.raw object at 0x7fb29d1eaf28&gt;</skipped></testcase><testcase classname="src.pymortests.vectorarray" file="src/pymortests/vectorarray.py" line="221" name="test_copy[1-&lt;lambda&gt;11]" time="0.0004296302795410156"><skipped message="Suite splitting in effect" type="pytest.skip">src/pymortests/vectorarray.py:221: &lt;py._xmlgen.raw object at 0x7fb2a72500b8&gt;</skipped></testcase><testcase classname="src.pymortests.vectorarray" file="src/pymortests/vectorarray.py" line="221" name="test_copy[1-&lt;lambda&gt;12]" time="0.00042939186096191406"><skipped message="Suite splitting in effect" type="pytest.skip">src/pymortests/vectorarray.py:221: &lt;py._xmlgen.raw object at 0x7fb29d1d67b8&gt;</skipped></testcase><testcase classname="src.pymortests.vectorarray" file="src/pymortests/vectorarray.py" line="221" name="test_copy[1-&lt;lambda&gt;13]" time="0.00041365623474121094"><skipped message="Suite splitting in effect" type="pytest.skip">src/pymortests/vectorarray.py:221: &lt;py._xmlgen.raw object at 0x7fb29d1e04a8&gt;</skipped></testcase><testcase classname="src.pymortests.vectorarray" file="src/pymortests/vectorarray.py" line="221" name="test_copy[1-&lt;lambda&gt;14]" time="0.00041413307189941406"><skipped message="Suite splitting in effect" type="pytest.skip">src/pymortests/vectorarray.py:221: &lt;py._xmlgen.raw object at 0x7fb2a72e3ba8&gt;</skipped></testcase><testcase classname="src.pymortests.vectorarray" file="src/pymortests/vectorarray.py" line="221" name="test_copy[1-&lt;lambda&gt;15]" time="0.00046443939208984375"><skipped message="Suite splitting in effect" type="pytest.skip">src/pymortests/vectorarray.py:221: &lt;py._xmlgen.raw object at 0x7fb29d23bef0&gt;</skipped></testcase><testcase classname="src.pymortests.vectorarray" file="src/pymortests/vectorarray.py" line="221" name="test_copy[1-&lt;lambda&gt;16]" time="0.0004956722259521484"><skipped message="Suite splitting in effect" type="pytest.skip">src/pymortests/vectorarray.py:221: &lt;py._xmlgen.raw object at 0x7fb29d1eabe0&gt;</skipped></testcase><testcase classname="src.pymortests.vectorarray" file="src/pymortests/vectorarray.py" line="221" name="test_copy[1-&lt;lambda&gt;17]" time="0.0004634857177734375"><skipped message="Suite splitting in effect" type="pytest.skip">src/pymortests/vectorarray.py:221: &lt;py._xmlgen.raw object at 0x7fb29d1ea080&gt;</skipped></testcase><testcase classname="src.pymortests.vectorarray" file="src/pymortests/vectorarray.py" line="221" name="test_copy[1-&lt;lambda&gt;18]" time="0.00040435791015625"><skipped message="Suite splitting in effect" type="pytest.skip">src/pymortests/vectorarray.py:221: &lt;py._xmlgen.raw object at 0x7fb29d1f84a8&gt;</skipped></testcase><testcase classname="src.pymortests.vectorarray" file="src/pymortests/vectorarray.py" line="221" name="test_copy[1-&lt;lambda&gt;19]" time="0.0004553794860839844"><skipped message="Suite splitting in effect" type="pytest.skip">src/pymortests/vectorarray.py:221: &lt;py._xmlgen.raw object at 0x7fb29d1ea630&gt;</skipped></testcase><testcase classname="src.pymortests.vectorarray" file="src/pymortests/vectorarray.py" line="221" name="test_copy[1-&lt;lambda&gt;20]" time="0.0004210472106933594"><skipped message="Suite splitting in effect" type="pytest.skip">src/pymortests/vectorarray.py:221: &lt;py._xmlgen.raw object at 0x7fb2a725f2b0&gt;</skipped></testcase><testcase classname="src.pymortests.vectorarray" file="src/pymortests/vectorarray.py" line="221" name="test_copy[1-&lt;lambda&gt;21]" time="0.0004303455352783203"><skipped message="Suite splitting in effect" type="pytest.skip">src/pymortests/vectorarray.py:221: &lt;py._xmlgen.raw object at 0x7fb2a72e3ba8&gt;</skipped></testcase><testcase classname="src.pymortests.vectorarray" file="src/pymortests/vectorarray.py" line="221" name="test_copy[1-&lt;lambda&gt;22]" time="0.00042939186096191406"><skipped message="Suite splitting in effect" type="pytest.skip">src/pymortests/vectorarray.py:221: &lt;py._xmlgen.raw object at 0x7fb2a7297518&gt;</skipped></testcase><testcase classname="src.pymortests.vectorarray" file="src/pymortests/vectorarray.py" line="221" name="test_copy[1-&lt;lambda&gt;23]" time="0.0004324913024902344"><skipped message="Suite splitting in effect" type="pytest.skip">src/pymortests/vectorarray.py:221: &lt;py._xmlgen.raw object at 0x7fb29d1d65f8&gt;</skipped></testcase><testcase classname="src.pymortests.vectorarray" file="src/pymortests/vectorarray.py" line="221" name="test_copy[1-&lt;lambda&gt;24]" time="0.00045013427734375"><skipped message="Suite splitting in effect" type="pytest.skip">src/pymortests/vectorarray.py:221: &lt;py._xmlgen.raw object at 0x7fb2a72504a8&gt;</skipped></testcase><testcase classname="src.pymortests.vectorarray" file="src/pymortests/vectorarray.py" line="221" name="test_copy[1-&lt;lambda&gt;25]" time="0.0004105567932128906"><skipped message="Suite splitting in effect" type="pytest.skip">src/pymortests/vectorarray.py:221: &lt;py._xmlgen.raw object at 0x7fb29d1f8160&gt;</skipped></testcase><testcase classname="src.pymortests.vectorarray" file="src/pymortests/vectorarray.py" line="221" name="test_copy[1-&lt;lambda&gt;26]" time="0.0004372596740722656"><skipped message="Suite splitting in effect" type="pytest.skip">src/pymortests/vectorarray.py:221: &lt;py._xmlgen.raw object at 0x7fb29d1f89b0&gt;</skipped></testcase><testcase classname="src.pymortests.vectorarray" file="src/pymortests/vectorarray.py" line="221" name="test_copy[2-&lt;lambda&gt;0]" time="0.000736236572265625"><skipped message="Suite splitting in effect" type="pytest.skip">src/pymortests/vectorarray.py:221: &lt;py._xmlgen.raw object at 0x7fb2a72505f8&gt;</skipped></testcase><testcase classname="src.pymortests.vectorarray" file="src/pymortests/vectorarray.py" line="221" name="test_copy[2-&lt;lambda&gt;1]" time="0.000431060791015625"><skipped message="Suite splitting in effect" type="pytest.skip">src/pymortests/vectorarray.py:221: &lt;py._xmlgen.raw object at 0x7fb2a7297908&gt;</skipped></testcase><testcase classname="src.pymortests.vectorarray" file="src/pymortests/vectorarray.py" line="221" name="test_copy[2-&lt;lambda&gt;2]" time="0.0004665851593017578"><skipped message="Suite splitting in effect" type="pytest.skip">src/pymortests/vectorarray.py:221: &lt;py._xmlgen.raw object at 0x7fb2a723da90&gt;</skipped></testcase><testcase classname="src.pymortests.vectorarray" file="src/pymortests/vectorarray.py" line="221" name="test_copy[2-&lt;lambda&gt;3]" time="0.0004031658172607422"><skipped message="Suite splitting in effect" type="pytest.skip">src/pymortests/vectorarray.py:221: &lt;py._xmlgen.raw object at 0x7fb2a725f160&gt;</skipped></testcase><testcase classname="src.pymortests.vectorarray" file="src/pymortests/vectorarray.py" line="221" name="test_copy[2-&lt;lambda&gt;4]" time="0.0004303455352783203"><skipped message="Suite splitting in effect" type="pytest.skip">src/pymortests/vectorarray.py:221: &lt;py._xmlgen.raw object at 0x7fb29d1eae48&gt;</skipped></testcase><testcase classname="src.pymortests.vectorarray" file="src/pymortests/vectorarray.py" line="221" name="test_copy[2-&lt;lambda&gt;5]" time="0.00044608116149902344"><skipped message="Suite splitting in effect" type="pytest.skip">src/pymortests/vectorarray.py:221: &lt;py._xmlgen.raw object at 0x7fb29d1f84a8&gt;</skipped></testcase><testcase classname="src.pymortests.vectorarray" file="src/pymortests/vectorarray.py" line="221" name="test_copy[2-&lt;lambda&gt;6]" time="0.00042724609375"><skipped message="Suite splitting in effect" type="pytest.skip">src/pymortests/vectorarray.py:221: &lt;py._xmlgen.raw object at 0x7fb29d1f8160&gt;</skipped></testcase><testcase classname="src.pymortests.vectorarray" file="src/pymortests/vectorarray.py" line="221" name="test_copy[2-&lt;lambda&gt;7]" time="0.0004303455352783203"><skipped message="Suite splitting in effect" type="pytest.skip">src/pymortests/vectorarray.py:221: &lt;py._xmlgen.raw object at 0x7fb29d1f8ef0&gt;</skipped></testcase><testcase classname="src.pymortests.vectorarray" file="src/pymortests/vectorarray.py" line="221" name="test_copy[2-&lt;lambda&gt;8]" time="0.0007445812225341797"><skipped message="Suite splitting in effect" type="pytest.skip">src/pymortests/vectorarray.py:221: &lt;py._xmlgen.raw object at 0x7fb29d1f8ef0&gt;</skipped></testcase><testcase classname="src.pymortests.vectorarray" file="src/pymortests/vectorarray.py" line="221" name="test_copy[2-&lt;lambda&gt;9]" time="0.0004000663757324219"><skipped message="Suite splitting in effect" type="pytest.skip">src/pymortests/vectorarray.py:221: &lt;py._xmlgen.raw object at 0x7fb29d1f87b8&gt;</skipped></testcase><testcase classname="src.pymortests.vectorarray" file="src/pymortests/vectorarray.py" line="221" name="test_copy[2-&lt;lambda&gt;10]" time="0.0004448890686035156"><skipped message="Suite splitting in effect" type="pytest.skip">src/pymortests/vectorarray.py:221: &lt;py._xmlgen.raw object at 0x7fb29d1eada0&gt;</skipped></testcase><testcase classname="src.pymortests.vectorarray" file="src/pymortests/vectorarray.py" line="221" name="test_copy[2-&lt;lambda&gt;11]" time="0.00041961669921875"><skipped message="Suite splitting in effect" type="pytest.skip">src/pymortests/vectorarray.py:221: &lt;py._xmlgen.raw object at 0x7fb29d227588&gt;</skipped></testcase><testcase classname="src.pymortests.vectorarray" file="src/pymortests/vectorarray.py" line="221" name="test_copy[2-&lt;lambda&gt;12]" time="0.00043964385986328125"><skipped message="Suite splitting in effect" type="pytest.skip">src/pymortests/vectorarray.py:221: &lt;py._xmlgen.raw object at 0x7fb2a723de80&gt;</skipped></testcase><testcase classname="src.pymortests.vectorarray" file="src/pymortests/vectorarray.py" line="221" name="test_copy[2-&lt;lambda&gt;13]" time="0.0004448890686035156"><skipped message="Suite splitting in effect" type="pytest.skip">src/pymortests/vectorarray.py:221: &lt;py._xmlgen.raw object at 0x7fb2a72979b0&gt;</skipped></testcase><testcase classname="src.pymortests.vectorarray" file="src/pymortests/vectorarray.py" line="221" name="test_copy[2-&lt;lambda&gt;14]" time="0.0004265308380126953"><skipped message="Suite splitting in effect" type="pytest.skip">src/pymortests/vectorarray.py:221: &lt;py._xmlgen.raw object at 0x7fb2a7250d30&gt;</skipped></testcase><testcase classname="src.pymortests.vectorarray" file="src/pymortests/vectorarray.py" line="221" name="test_copy[2-&lt;lambda&gt;15]" time="0.0004227161407470703"><skipped message="Suite splitting in effect" type="pytest.skip">src/pymortests/vectorarray.py:221: &lt;py._xmlgen.raw object at 0x7fb29d2027f0&gt;</skipped></testcase><testcase classname="src.pymortests.vectorarray" file="src/pymortests/vectorarray.py" line="221" name="test_copy[2-&lt;lambda&gt;16]" time="0.0008742809295654297"><skipped message="Suite splitting in effect" type="pytest.skip">src/pymortests/vectorarray.py:221: &lt;py._xmlgen.raw object at 0x7fb29d202d30&gt;</skipped></testcase><testcase classname="src.pymortests.vectorarray" file="src/pymortests/vectorarray.py" line="221" name="test_copy[2-&lt;lambda&gt;17]" time="0.0004482269287109375"><skipped message="Suite splitting in effect" type="pytest.skip">src/pymortests/vectorarray.py:221: &lt;py._xmlgen.raw object at 0x7fb29d1e0b70&gt;</skipped></testcase><testcase classname="src.pymortests.vectorarray" file="src/pymortests/vectorarray.py" line="221" name="test_copy[2-&lt;lambda&gt;18]" time="0.0004584789276123047"><skipped message="Suite splitting in effect" type="pytest.skip">src/pymortests/vectorarray.py:221: &lt;py._xmlgen.raw object at 0x7fb2a725f160&gt;</skipped></testcase><testcase classname="src.pymortests.vectorarray" file="src/pymortests/vectorarray.py" line="221" name="test_copy[2-&lt;lambda&gt;19]" time="0.0004432201385498047"><skipped message="Suite splitting in effect" type="pytest.skip">src/pymortests/vectorarray.py:221: &lt;py._xmlgen.raw object at 0x7fb29d23bb00&gt;</skipped></testcase><testcase classname="src.pymortests.vectorarray" file="src/pymortests/vectorarray.py" line="221" name="test_copy[2-&lt;lambda&gt;20]" time="0.0004353523254394531"><skipped message="Suite splitting in effect" type="pytest.skip">src/pymortests/vectorarray.py:221: &lt;py._xmlgen.raw object at 0x7fb29d1ea128&gt;</skipped></testcase><testcase classname="src.pymortests.vectorarray" file="src/pymortests/vectorarray.py" line="221" name="test_copy[2-&lt;lambda&gt;21]" time="0.00044417381286621094"><skipped message="Suite splitting in effect" type="pytest.skip">src/pymortests/vectorarray.py:221: &lt;py._xmlgen.raw object at 0x7fb29d1f8d30&gt;</skipped></testcase><testcase classname="src.pymortests.vectorarray" file="src/pymortests/vectorarray.py" line="221" name="test_copy[2-&lt;lambda&gt;22]" time="0.0004329681396484375"><skipped message="Suite splitting in effect" type="pytest.skip">src/pymortests/vectorarray.py:221: &lt;py._xmlgen.raw object at 0x7fb29d202ac8&gt;</skipped></testcase><testcase classname="src.pymortests.vectorarray" file="src/pymortests/vectorarray.py" line="221" name="test_copy[2-&lt;lambda&gt;23]" time="0.0004482269287109375"><skipped message="Suite splitting in effect" type="pytest.skip">src/pymortests/vectorarray.py:221: &lt;py._xmlgen.raw object at 0x7fb29d2020f0&gt;</skipped></testcase><testcase classname="src.pymortests.vectorarray" file="src/pymortests/vectorarray.py" line="221" name="test_copy[2-&lt;lambda&gt;24]" time="0.0007586479187011719"><skipped message="Suite splitting in effect" type="pytest.skip">src/pymortests/vectorarray.py:221: &lt;py._xmlgen.raw object at 0x7fb29d20c2b0&gt;</skipped></testcase><testcase classname="src.pymortests.vectorarray" file="src/pymortests/vectorarray.py" line="221" name="test_copy[2-&lt;lambda&gt;25]" time="0.0004570484161376953"><skipped message="Suite splitting in effect" type="pytest.skip">src/pymortests/vectorarray.py:221: &lt;py._xmlgen.raw object at 0x7fb29d2025f8&gt;</skipped></testcase><testcase classname="src.pymortests.vectorarray" file="src/pymortests/vectorarray.py" line="221" name="test_copy[2-&lt;lambda&gt;26]" time="0.0004620552062988281"><skipped message="Suite splitting in effect" type="pytest.skip">src/pymortests/vectorarray.py:221: &lt;py._xmlgen.raw object at 0x7fb29d1f8208&gt;</skipped></testcase><testcase classname="src.pymortests.vectorarray" file="src/pymortests/vectorarray.py" line="242" name="test_copy_repeated_index[0-&lt;lambda&gt;0]" time="0.00043892860412597656"><skipped message="Suite splitting in effect" type="pytest.skip">src/pymortests/vectorarray.py:242: &lt;py._xmlgen.raw object at 0x7fb29d1eacf8&gt;</skipped></testcase><testcase classname="src.pymortests.vectorarray" file="src/pymortests/vectorarray.py" line="242" name="test_copy_repeated_index[0-&lt;lambda&gt;1]" time="0.0004355907440185547"><skipped message="Suite splitting in effect" type="pytest.skip">src/pymortests/vectorarray.py:242: &lt;py._xmlgen.raw object at 0x7fb2a71ef9e8&gt;</skipped></testcase><testcase classname="src.pymortests.vectorarray" file="src/pymortests/vectorarray.py" line="242" name="test_copy_repeated_index[0-&lt;lambda&gt;2]" time="0.0004336833953857422"><skipped message="Suite splitting in effect" type="pytest.skip">src/pymortests/vectorarray.py:242: &lt;py._xmlgen.raw object at 0x7fb2a725f898&gt;</skipped></testcase><testcase classname="src.pymortests.vectorarray" file="src/pymortests/vectorarray.py" line="242" name="test_copy_repeated_index[0-&lt;lambda&gt;3]" time="0.00045371055603027344"><skipped message="Suite splitting in effect" type="pytest.skip">src/pymortests/vectorarray.py:242: &lt;py._xmlgen.raw object at 0x7fb29d1d66a0&gt;</skipped></testcase><testcase classname="src.pymortests.vectorarray" file="src/pymortests/vectorarray.py" line="242" name="test_copy_repeated_index[0-&lt;lambda&gt;4]" time="0.0004773139953613281"><skipped message="Suite splitting in effect" type="pytest.skip">src/pymortests/vectorarray.py:242: &lt;py._xmlgen.raw object at 0x7fb29d20c0f0&gt;</skipped></testcase><testcase classname="src.pymortests.vectorarray" file="src/pymortests/vectorarray.py" line="242" name="test_copy_repeated_index[0-&lt;lambda&gt;5]" time="0.0004286766052246094"><skipped message="Suite splitting in effect" type="pytest.skip">src/pymortests/vectorarray.py:242: &lt;py._xmlgen.raw object at 0x7fb29d20c8d0&gt;</skipped></testcase><testcase classname="src.pymortests.vectorarray" file="src/pymortests/vectorarray.py" line="242" name="test_copy_repeated_index[0-&lt;lambda&gt;6]" time="0.00047707557678222656"><skipped message="Suite splitting in effect" type="pytest.skip">src/pymortests/vectorarray.py:242: &lt;py._xmlgen.raw object at 0x7fb29d1d6588&gt;</skipped></testcase><testcase classname="src.pymortests.vectorarray" file="src/pymortests/vectorarray.py" line="242" name="test_copy_repeated_index[0-&lt;lambda&gt;7]" time="0.0004649162292480469"><skipped message="Suite splitting in effect" type="pytest.skip">src/pymortests/vectorarray.py:242: &lt;py._xmlgen.raw object at 0x7fb2a71ef400&gt;</skipped></testcase><testcase classname="src.pymortests.vectorarray" file="src/pymortests/vectorarray.py" line="242" name="test_copy_repeated_index[0-&lt;lambda&gt;8]" time="0.0004825592041015625"><skipped message="Suite splitting in effect" type="pytest.skip">src/pymortests/vectorarray.py:242: &lt;py._xmlgen.raw object at 0x7fb29d1ea6d8&gt;</skipped></testcase><testcase classname="src.pymortests.vectorarray" file="src/pymortests/vectorarray.py" line="242" name="test_copy_repeated_index[0-&lt;lambda&gt;9]" time="0.0004527568817138672"><skipped message="Suite splitting in effect" type="pytest.skip">src/pymortests/vectorarray.py:242: &lt;py._xmlgen.raw object at 0x7fb29d1f8630&gt;</skipped></testcase><testcase classname="src.pymortests.vectorarray" file="src/pymortests/vectorarray.py" line="242" name="test_copy_repeated_index[0-&lt;lambda&gt;10]" time="0.0004303455352783203"><skipped message="Suite splitting in effect" type="pytest.skip">src/pymortests/vectorarray.py:242: &lt;py._xmlgen.raw object at 0x7fb29d202e80&gt;</skipped></testcase><testcase classname="src.pymortests.vectorarray" file="src/pymortests/vectorarray.py" line="242" name="test_copy_repeated_index[0-&lt;lambda&gt;11]" time="0.0004353523254394531"><skipped message="Suite splitting in effect" type="pytest.skip">src/pymortests/vectorarray.py:242: &lt;py._xmlgen.raw object at 0x7fb29d20c4e0&gt;</skipped></testcase><testcase classname="src.pymortests.vectorarray" file="src/pymortests/vectorarray.py" line="242" name="test_copy_repeated_index[0-&lt;lambda&gt;12]" time="0.0004680156707763672"><skipped message="Suite splitting in effect" type="pytest.skip">src/pymortests/vectorarray.py:242: &lt;py._xmlgen.raw object at 0x7fb29d20c0b8&gt;</skipped></testcase><testcase classname="src.pymortests.vectorarray" file="src/pymortests/vectorarray.py" line="242" name="test_copy_repeated_index[0-&lt;lambda&gt;13]" time="0.0004553794860839844"><skipped message="Suite splitting in effect" type="pytest.skip">src/pymortests/vectorarray.py:242: &lt;py._xmlgen.raw object at 0x7fb29d20cdd8&gt;</skipped></testcase><testcase classname="src.pymortests.vectorarray" file="src/pymortests/vectorarray.py" line="242" name="test_copy_repeated_index[0-&lt;lambda&gt;14]" time="0.0008101463317871094"><skipped message="Suite splitting in effect" type="pytest.skip">src/pymortests/vectorarray.py:242: &lt;py._xmlgen.raw object at 0x7fb29d20cba8&gt;</skipped></testcase><testcase classname="src.pymortests.vectorarray" file="src/pymortests/vectorarray.py" line="242" name="test_copy_repeated_index[0-&lt;lambda&gt;15]" time="0.0004374980926513672"><skipped message="Suite splitting in effect" type="pytest.skip">src/pymortests/vectorarray.py:242: &lt;py._xmlgen.raw object at 0x7fb29d20c908&gt;</skipped></testcase><testcase classname="src.pymortests.vectorarray" file="src/pymortests/vectorarray.py" line="242" name="test_copy_repeated_index[0-&lt;lambda&gt;16]" time="0.00045228004455566406"><skipped message="Suite splitting in effect" type="pytest.skip">src/pymortests/vectorarray.py:242: &lt;py._xmlgen.raw object at 0x7fb29d202e80&gt;</skipped></testcase><testcase classname="src.pymortests.vectorarray" file="src/pymortests/vectorarray.py" line="242" name="test_copy_repeated_index[0-&lt;lambda&gt;17]" time="0.0004322528839111328"><skipped message="Suite splitting in effect" type="pytest.skip">src/pymortests/vectorarray.py:242: &lt;py._xmlgen.raw object at 0x7fb29d1f86a0&gt;</skipped></testcase><testcase classname="src.pymortests.vectorarray" file="src/pymortests/vectorarray.py" line="242" name="test_copy_repeated_index[0-&lt;lambda&gt;18]" time="0.0004603862762451172"><skipped message="Suite splitting in effect" type="pytest.skip">src/pymortests/vectorarray.py:242: &lt;py._xmlgen.raw object at 0x7fb2a71ef898&gt;</skipped></testcase><testcase classname="src.pymortests.vectorarray" file="src/pymortests/vectorarray.py" line="242" name="test_copy_repeated_index[0-&lt;lambda&gt;19]" time="0.00042700767517089844"><skipped message="Suite splitting in effect" type="pytest.skip">src/pymortests/vectorarray.py:242: &lt;py._xmlgen.raw object at 0x7fb2a72166d8&gt;</skipped></testcase><testcase classname="src.pymortests.vectorarray" file="src/pymortests/vectorarray.py" line="242" name="test_copy_repeated_index[0-&lt;lambda&gt;20]" time="0.00044465065002441406"><skipped message="Suite splitting in effect" type="pytest.skip">src/pymortests/vectorarray.py:242: &lt;py._xmlgen.raw object at 0x7fb29d24a6a0&gt;</skipped></testcase><testcase classname="src.pymortests.vectorarray" file="src/pymortests/vectorarray.py" line="242" name="test_copy_repeated_index[0-&lt;lambda&gt;21]" time="0.00045680999755859375"><skipped message="Suite splitting in effect" type="pytest.skip">src/pymortests/vectorarray.py:242: &lt;py._xmlgen.raw object at 0x7fb29d197358&gt;</skipped></testcase><testcase classname="src.pymortests.vectorarray" file="src/pymortests/vectorarray.py" line="242" name="test_copy_repeated_index[0-&lt;lambda&gt;22]" time="0.0007383823394775391"><skipped message="Suite splitting in effect" type="pytest.skip">src/pymortests/vectorarray.py:242: &lt;py._xmlgen.raw object at 0x7fb29d1e0dd8&gt;</skipped></testcase><testcase classname="src.pymortests.vectorarray" file="src/pymortests/vectorarray.py" line="242" name="test_copy_repeated_index[0-&lt;lambda&gt;23]" time="0.0004420280456542969"><skipped message="Suite splitting in effect" type="pytest.skip">src/pymortests/vectorarray.py:242: &lt;py._xmlgen.raw object at 0x7fb2a72168d0&gt;</skipped></testcase><testcase classname="src.pymortests.vectorarray" file="src/pymortests/vectorarray.py" line="242" name="test_copy_repeated_index[0-&lt;lambda&gt;24]" time="0.0004248619079589844"><skipped message="Suite splitting in effect" type="pytest.skip">src/pymortests/vectorarray.py:242: &lt;py._xmlgen.raw object at 0x7fb29d1ea128&gt;</skipped></testcase><testcase classname="src.pymortests.vectorarray" file="src/pymortests/vectorarray.py" line="242" name="test_copy_repeated_index[0-&lt;lambda&gt;25]" time="0.0004544258117675781"><skipped message="Suite splitting in effect" type="pytest.skip">src/pymortests/vectorarray.py:242: &lt;py._xmlgen.raw object at 0x7fb29d1f85c0&gt;</skipped></testcase><testcase classname="src.pymortests.vectorarray" file="src/pymortests/vectorarray.py" line="242" name="test_copy_repeated_index[0-&lt;lambda&gt;26]" time="0.00042438507080078125"><skipped message="Suite splitting in effect" type="pytest.skip">src/pymortests/vectorarray.py:242: &lt;py._xmlgen.raw object at 0x7fb29d202e10&gt;</skipped></testcase><testcase classname="src.pymortests.vectorarray" file="src/pymortests/vectorarray.py" line="242" name="test_copy_repeated_index[1-&lt;lambda&gt;0]" time="0.0004203319549560547"><skipped message="Suite splitting in effect" type="pytest.skip">src/pymortests/vectorarray.py:242: &lt;py._xmlgen.raw object at 0x7fb29d20c9b0&gt;</skipped></testcase><testcase classname="src.pymortests.vectorarray" file="src/pymortests/vectorarray.py" line="242" name="test_copy_repeated_index[1-&lt;lambda&gt;1]" time="0.00048041343688964844"><skipped message="Suite splitting in effect" type="pytest.skip">src/pymortests/vectorarray.py:242: &lt;py._xmlgen.raw object at 0x7fb29d197198&gt;</skipped></testcase><testcase classname="src.pymortests.vectorarray" file="src/pymortests/vectorarray.py" line="242" name="test_copy_repeated_index[1-&lt;lambda&gt;2]" time="0.0004220008850097656"><skipped message="Suite splitting in effect" type="pytest.skip">src/pymortests/vectorarray.py:242: &lt;py._xmlgen.raw object at 0x7fb29d197c18&gt;</skipped></testcase><testcase classname="src.pymortests.vectorarray" file="src/pymortests/vectorarray.py" line="242" name="test_copy_repeated_index[1-&lt;lambda&gt;3]" time="0.0004215240478515625"><skipped message="Suite splitting in effect" type="pytest.skip">src/pymortests/vectorarray.py:242: &lt;py._xmlgen.raw object at 0x7fb29d21da90&gt;</skipped></testcase><testcase classname="src.pymortests.vectorarray" file="src/pymortests/vectorarray.py" line="242" name="test_copy_repeated_index[1-&lt;lambda&gt;4]" time="0.0004315376281738281"><skipped message="Suite splitting in effect" type="pytest.skip">src/pymortests/vectorarray.py:242: &lt;py._xmlgen.raw object at 0x7fb29d1e0cf8&gt;</skipped></testcase><testcase classname="src.pymortests.vectorarray" file="src/pymortests/vectorarray.py" line="242" name="test_copy_repeated_index[1-&lt;lambda&gt;5]" time="0.0004360675811767578"><skipped message="Suite splitting in effect" type="pytest.skip">src/pymortests/vectorarray.py:242: &lt;py._xmlgen.raw object at 0x7fb29d197d68&gt;</skipped></testcase><testcase classname="src.pymortests.vectorarray" file="src/pymortests/vectorarray.py" line="242" name="test_copy_repeated_index[1-&lt;lambda&gt;6]" time="0.0004391670227050781"><skipped message="Suite splitting in effect" type="pytest.skip">src/pymortests/vectorarray.py:242: &lt;py._xmlgen.raw object at 0x7fb29d1971d0&gt;</skipped></testcase><testcase classname="src.pymortests.vectorarray" file="src/pymortests/vectorarray.py" line="242" name="test_copy_repeated_index[1-&lt;lambda&gt;7]" time="0.00040793418884277344"><skipped message="Suite splitting in effect" type="pytest.skip">src/pymortests/vectorarray.py:242: &lt;py._xmlgen.raw object at 0x7fb29d197780&gt;</skipped></testcase><testcase classname="src.pymortests.vectorarray" file="src/pymortests/vectorarray.py" line="242" name="test_copy_repeated_index[1-&lt;lambda&gt;8]" time="0.00046563148498535156"><skipped message="Suite splitting in effect" type="pytest.skip">src/pymortests/vectorarray.py:242: &lt;py._xmlgen.raw object at 0x7fb29d20c438&gt;</skipped></testcase><testcase classname="src.pymortests.vectorarray" file="src/pymortests/vectorarray.py" line="242" name="test_copy_repeated_index[1-&lt;lambda&gt;9]" time="0.0004291534423828125"><skipped message="Suite splitting in effect" type="pytest.skip">src/pymortests/vectorarray.py:242: &lt;py._xmlgen.raw object at 0x7fb29d1f8d30&gt;</skipped></testcase><testcase classname="src.pymortests.vectorarray" file="src/pymortests/vectorarray.py" line="242" name="test_copy_repeated_index[1-&lt;lambda&gt;10]" time="0.0004291534423828125"><skipped message="Suite splitting in effect" type="pytest.skip">src/pymortests/vectorarray.py:242: &lt;py._xmlgen.raw object at 0x7fb29d2024a8&gt;</skipped></testcase><testcase classname="src.pymortests.vectorarray" file="src/pymortests/vectorarray.py" line="242" name="test_copy_repeated_index[1-&lt;lambda&gt;11]" time="0.00046181678771972656"><skipped message="Suite splitting in effect" type="pytest.skip">src/pymortests/vectorarray.py:242: &lt;py._xmlgen.raw object at 0x7fb2a7250b38&gt;</skipped></testcase><testcase classname="src.pymortests.vectorarray" file="src/pymortests/vectorarray.py" line="242" name="test_copy_repeated_index[1-&lt;lambda&gt;12]" time="0.0004858970642089844"><skipped message="Suite splitting in effect" type="pytest.skip">src/pymortests/vectorarray.py:242: &lt;py._xmlgen.raw object at 0x7fb29d2022e8&gt;</skipped></testcase><testcase classname="src.pymortests.vectorarray" file="src/pymortests/vectorarray.py" line="242" name="test_copy_repeated_index[1-&lt;lambda&gt;13]" time="0.0004589557647705078"><skipped message="Suite splitting in effect" type="pytest.skip">src/pymortests/vectorarray.py:242: &lt;py._xmlgen.raw object at 0x7fb29d1f8d30&gt;</skipped></testcase><testcase classname="src.pymortests.vectorarray" file="src/pymortests/vectorarray.py" line="242" name="test_copy_repeated_index[1-&lt;lambda&gt;14]" time="0.0004448890686035156"><skipped message="Suite splitting in effect" type="pytest.skip">src/pymortests/vectorarray.py:242: &lt;py._xmlgen.raw object at 0x7fb29d20c9b0&gt;</skipped></testcase><testcase classname="src.pymortests.vectorarray" file="src/pymortests/vectorarray.py" line="242" name="test_copy_repeated_index[1-&lt;lambda&gt;15]" time="0.0004749298095703125"><skipped message="Suite splitting in effect" type="pytest.skip">src/pymortests/vectorarray.py:242: &lt;py._xmlgen.raw object at 0x7fb29d1974a8&gt;</skipped></testcase><testcase classname="src.pymortests.vectorarray" file="src/pymortests/vectorarray.py" line="242" name="test_copy_repeated_index[1-&lt;lambda&gt;16]" time="0.00045561790466308594"><skipped message="Suite splitting in effect" type="pytest.skip">src/pymortests/vectorarray.py:242: &lt;py._xmlgen.raw object at 0x7fb29d197ac8&gt;</skipped></testcase><testcase classname="src.pymortests.vectorarray" file="src/pymortests/vectorarray.py" line="242" name="test_copy_repeated_index[1-&lt;lambda&gt;17]" time="0.00046133995056152344"><skipped message="Suite splitting in effect" type="pytest.skip">src/pymortests/vectorarray.py:242: &lt;py._xmlgen.raw object at 0x7fb29d1e0cf8&gt;</skipped></testcase><testcase classname="src.pymortests.vectorarray" file="src/pymortests/vectorarray.py" line="242" name="test_copy_repeated_index[1-&lt;lambda&gt;18]" time="0.00042819976806640625"><skipped message="Suite splitting in effect" type="pytest.skip">src/pymortests/vectorarray.py:242: &lt;py._xmlgen.raw object at 0x7fb2a71a6a20&gt;</skipped></testcase><testcase classname="src.pymortests.vectorarray" file="src/pymortests/vectorarray.py" line="242" name="test_copy_repeated_index[1-&lt;lambda&gt;19]" time="0.00043702125549316406"><skipped message="Suite splitting in effect" type="pytest.skip">src/pymortests/vectorarray.py:242: &lt;py._xmlgen.raw object at 0x7fb29d1ea4e0&gt;</skipped></testcase><testcase classname="src.pymortests.vectorarray" file="src/pymortests/vectorarray.py" line="242" name="test_copy_repeated_index[1-&lt;lambda&gt;20]" time="0.0007407665252685547"><skipped message="Suite splitting in effect" type="pytest.skip">src/pymortests/vectorarray.py:242: &lt;py._xmlgen.raw object at 0x7fb29d227588&gt;</skipped></testcase><testcase classname="src.pymortests.vectorarray" file="src/pymortests/vectorarray.py" line="242" name="test_copy_repeated_index[1-&lt;lambda&gt;21]" time="0.0004546642303466797"><skipped message="Suite splitting in effect" type="pytest.skip">src/pymortests/vectorarray.py:242: &lt;py._xmlgen.raw object at 0x7fb2a7216198&gt;</skipped></testcase><testcase classname="src.pymortests.vectorarray" file="src/pymortests/vectorarray.py" line="242" name="test_copy_repeated_index[1-&lt;lambda&gt;22]" time="0.0004432201385498047"><skipped message="Suite splitting in effect" type="pytest.skip">src/pymortests/vectorarray.py:242: &lt;py._xmlgen.raw object at 0x7fb29d197278&gt;</skipped></testcase><testcase classname="src.pymortests.vectorarray" file="src/pymortests/vectorarray.py" line="242" name="test_copy_repeated_index[1-&lt;lambda&gt;23]" time="0.0004189014434814453"><skipped message="Suite splitting in effect" type="pytest.skip">src/pymortests/vectorarray.py:242: &lt;py._xmlgen.raw object at 0x7fb29d197780&gt;</skipped></testcase><testcase classname="src.pymortests.vectorarray" file="src/pymortests/vectorarray.py" line="242" name="test_copy_repeated_index[1-&lt;lambda&gt;24]" time="0.0004966259002685547"><skipped message="Suite splitting in effect" type="pytest.skip">src/pymortests/vectorarray.py:242: &lt;py._xmlgen.raw object at 0x7fb29d20c278&gt;</skipped></testcase><testcase classname="src.pymortests.vectorarray" file="src/pymortests/vectorarray.py" line="242" name="test_copy_repeated_index[1-&lt;lambda&gt;25]" time="0.0004246234893798828"><skipped message="Suite splitting in effect" type="pytest.skip">src/pymortests/vectorarray.py:242: &lt;py._xmlgen.raw object at 0x7fb2a7250b38&gt;</skipped></testcase><testcase classname="src.pymortests.vectorarray" file="src/pymortests/vectorarray.py" line="242" name="test_copy_repeated_index[1-&lt;lambda&gt;26]" time="0.0004374980926513672"><skipped message="Suite splitting in effect" type="pytest.skip">src/pymortests/vectorarray.py:242: &lt;py._xmlgen.raw object at 0x7fb29d2021d0&gt;</skipped></testcase><testcase classname="src.pymortests.vectorarray" file="src/pymortests/vectorarray.py" line="242" name="test_copy_repeated_index[2-&lt;lambda&gt;0]" time="0.0004932880401611328"><skipped message="Suite splitting in effect" type="pytest.skip">src/pymortests/vectorarray.py:242: &lt;py._xmlgen.raw object at 0x7fb29d1d65f8&gt;</skipped></testcase><testcase classname="src.pymortests.vectorarray" file="src/pymortests/vectorarray.py" line="242" name="test_copy_repeated_index[2-&lt;lambda&gt;1]" time="0.0007350444793701172"><skipped message="Suite splitting in effect" type="pytest.skip">src/pymortests/vectorarray.py:242: &lt;py._xmlgen.raw object at 0x7fb29d24af98&gt;</skipped></testcase><testcase classname="src.pymortests.vectorarray" file="src/pymortests/vectorarray.py" line="242" name="test_copy_repeated_index[2-&lt;lambda&gt;2]" time="0.00043201446533203125"><skipped message="Suite splitting in effect" type="pytest.skip">src/pymortests/vectorarray.py:242: &lt;py._xmlgen.raw object at 0x7fb29d202b70&gt;</skipped></testcase><testcase classname="src.pymortests.vectorarray" file="src/pymortests/vectorarray.py" line="242" name="test_copy_repeated_index[2-&lt;lambda&gt;3]" time="0.0004687309265136719"><skipped message="Suite splitting in effect" type="pytest.skip">src/pymortests/vectorarray.py:242: &lt;py._xmlgen.raw object at 0x7fb2a72504a8&gt;</skipped></testcase><testcase classname="src.pymortests.vectorarray" file="src/pymortests/vectorarray.py" line="242" name="test_copy_repeated_index[2-&lt;lambda&gt;4]" time="0.00041604042053222656"><skipped message="Suite splitting in effect" type="pytest.skip">src/pymortests/vectorarray.py:242: &lt;py._xmlgen.raw object at 0x7fb29d20cc50&gt;</skipped></testcase><testcase classname="src.pymortests.vectorarray" file="src/pymortests/vectorarray.py" line="242" name="test_copy_repeated_index[2-&lt;lambda&gt;5]" time="0.0004687309265136719"><skipped message="Suite splitting in effect" type="pytest.skip">src/pymortests/vectorarray.py:242: &lt;py._xmlgen.raw object at 0x7fb29d1975c0&gt;</skipped></testcase><testcase classname="src.pymortests.vectorarray" file="src/pymortests/vectorarray.py" line="242" name="test_copy_repeated_index[2-&lt;lambda&gt;6]" time="0.0004456043243408203"><skipped message="Suite splitting in effect" type="pytest.skip">src/pymortests/vectorarray.py:242: &lt;py._xmlgen.raw object at 0x7fb2a7216b70&gt;</skipped></testcase><testcase classname="src.pymortests.vectorarray" file="src/pymortests/vectorarray.py" line="242" name="test_copy_repeated_index[2-&lt;lambda&gt;7]" time="0.0004475116729736328"><skipped message="Suite splitting in effect" type="pytest.skip">src/pymortests/vectorarray.py:242: &lt;py._xmlgen.raw object at 0x7fb2a725fe80&gt;</skipped></testcase><testcase classname="src.pymortests.vectorarray" file="src/pymortests/vectorarray.py" line="242" name="test_copy_repeated_index[2-&lt;lambda&gt;8]" time="0.0005078315734863281"><skipped message="Suite splitting in effect" type="pytest.skip">src/pymortests/vectorarray.py:242: &lt;py._xmlgen.raw object at 0x7fb29d1a54e0&gt;</skipped></testcase><testcase classname="src.pymortests.vectorarray" file="src/pymortests/vectorarray.py" line="242" name="test_copy_repeated_index[2-&lt;lambda&gt;9]" time="0.0007719993591308594"><skipped message="Suite splitting in effect" type="pytest.skip">src/pymortests/vectorarray.py:242: &lt;py._xmlgen.raw object at 0x7fb29d1a5a20&gt;</skipped></testcase><testcase classname="src.pymortests.vectorarray" file="src/pymortests/vectorarray.py" line="242" name="test_copy_repeated_index[2-&lt;lambda&gt;10]" time="0.0004622936248779297"><skipped message="Suite splitting in effect" type="pytest.skip">src/pymortests/vectorarray.py:242: &lt;py._xmlgen.raw object at 0x7fb2a72166d8&gt;</skipped></testcase><testcase classname="src.pymortests.vectorarray" file="src/pymortests/vectorarray.py" line="242" name="test_copy_repeated_index[2-&lt;lambda&gt;11]" time="0.00043272972106933594"><skipped message="Suite splitting in effect" type="pytest.skip">src/pymortests/vectorarray.py:242: &lt;py._xmlgen.raw object at 0x7fb29d197b00&gt;</skipped></testcase><testcase classname="src.pymortests.vectorarray" file="src/pymortests/vectorarray.py" line="242" name="test_copy_repeated_index[2-&lt;lambda&gt;12]" time="0.00042629241943359375"><skipped message="Suite splitting in effect" type="pytest.skip">src/pymortests/vectorarray.py:242: &lt;py._xmlgen.raw object at 0x7fb29d20c400&gt;</skipped></testcase><testcase classname="src.pymortests.vectorarray" file="src/pymortests/vectorarray.py" line="242" name="test_copy_repeated_index[2-&lt;lambda&gt;13]" time="0.0004258155822753906"><skipped message="Suite splitting in effect" type="pytest.skip">src/pymortests/vectorarray.py:242: &lt;py._xmlgen.raw object at 0x7fb29d1f82e8&gt;</skipped></testcase><testcase classname="src.pymortests.vectorarray" file="src/pymortests/vectorarray.py" line="242" name="test_copy_repeated_index[2-&lt;lambda&gt;14]" time="0.0004074573516845703"><skipped message="Suite splitting in effect" type="pytest.skip">src/pymortests/vectorarray.py:242: &lt;py._xmlgen.raw object at 0x7fb29d2022e8&gt;</skipped></testcase><testcase classname="src.pymortests.vectorarray" file="src/pymortests/vectorarray.py" line="242" name="test_copy_repeated_index[2-&lt;lambda&gt;15]" time="0.0004432201385498047"><skipped message="Suite splitting in effect" type="pytest.skip">src/pymortests/vectorarray.py:242: &lt;py._xmlgen.raw object at 0x7fb29d1a56d8&gt;</skipped></testcase><testcase classname="src.pymortests.vectorarray" file="src/pymortests/vectorarray.py" line="242" name="test_copy_repeated_index[2-&lt;lambda&gt;16]" time="0.0005040168762207031"><skipped message="Suite splitting in effect" type="pytest.skip">src/pymortests/vectorarray.py:242: &lt;py._xmlgen.raw object at 0x7fb29d1a5390&gt;</skipped></testcase><testcase classname="src.pymortests.vectorarray" file="src/pymortests/vectorarray.py" line="242" name="test_copy_repeated_index[2-&lt;lambda&gt;17]" time="0.0008358955383300781"><skipped message="Suite splitting in effect" type="pytest.skip">src/pymortests/vectorarray.py:242: &lt;py._xmlgen.raw object at 0x7fb29d1a5f60&gt;</skipped></testcase><testcase classname="src.pymortests.vectorarray" file="src/pymortests/vectorarray.py" line="242" name="test_copy_repeated_index[2-&lt;lambda&gt;18]" time="0.0004756450653076172"><skipped message="Suite splitting in effect" type="pytest.skip">src/pymortests/vectorarray.py:242: &lt;py._xmlgen.raw object at 0x7fb29d1a5b00&gt;</skipped></testcase><testcase classname="src.pymortests.vectorarray" file="src/pymortests/vectorarray.py" line="242" name="test_copy_repeated_index[2-&lt;lambda&gt;19]" time="0.0004839897155761719"><skipped message="Suite splitting in effect" type="pytest.skip">src/pymortests/vectorarray.py:242: &lt;py._xmlgen.raw object at 0x7fb29d1a50f0&gt;</skipped></testcase><testcase classname="src.pymortests.vectorarray" file="src/pymortests/vectorarray.py" line="242" name="test_copy_repeated_index[2-&lt;lambda&gt;20]" time="0.0004513263702392578"><skipped message="Suite splitting in effect" type="pytest.skip">src/pymortests/vectorarray.py:242: &lt;py._xmlgen.raw object at 0x7fb29d202160&gt;</skipped></testcase><testcase classname="src.pymortests.vectorarray" file="src/pymortests/vectorarray.py" line="242" name="test_copy_repeated_index[2-&lt;lambda&gt;21]" time="0.0004718303680419922"><skipped message="Suite splitting in effect" type="pytest.skip">src/pymortests/vectorarray.py:242: &lt;py._xmlgen.raw object at 0x7fb29d20c2e8&gt;</skipped></testcase><testcase classname="src.pymortests.vectorarray" file="src/pymortests/vectorarray.py" line="242" name="test_copy_repeated_index[2-&lt;lambda&gt;22]" time="0.00040221214294433594"><skipped message="Suite splitting in effect" type="pytest.skip">src/pymortests/vectorarray.py:242: &lt;py._xmlgen.raw object at 0x7fb2a71b8198&gt;</skipped></testcase><testcase classname="src.pymortests.vectorarray" file="src/pymortests/vectorarray.py" line="242" name="test_copy_repeated_index[2-&lt;lambda&gt;23]" time="0.00043320655822753906"><skipped message="Suite splitting in effect" type="pytest.skip">src/pymortests/vectorarray.py:242: &lt;py._xmlgen.raw object at 0x7fb2a7216a20&gt;</skipped></testcase><testcase classname="src.pymortests.vectorarray" file="src/pymortests/vectorarray.py" line="242" name="test_copy_repeated_index[2-&lt;lambda&gt;24]" time="0.00043392181396484375"><skipped message="Suite splitting in effect" type="pytest.skip">src/pymortests/vectorarray.py:242: &lt;py._xmlgen.raw object at 0x7fb29d1b6080&gt;</skipped></testcase><testcase classname="src.pymortests.vectorarray" file="src/pymortests/vectorarray.py" line="242" name="test_copy_repeated_index[2-&lt;lambda&gt;25]" time="0.00047016143798828125"><skipped message="Suite splitting in effect" type="pytest.skip">src/pymortests/vectorarray.py:242: &lt;py._xmlgen.raw object at 0x7fb29d1b65c0&gt;</skipped></testcase><testcase classname="src.pymortests.vectorarray" file="src/pymortests/vectorarray.py" line="242" name="test_copy_repeated_index[2-&lt;lambda&gt;26]" time="0.00046133995056152344"><skipped message="Suite splitting in effect" type="pytest.skip">src/pymortests/vectorarray.py:242: &lt;py._xmlgen.raw object at 0x7fb2a7216a20&gt;</skipped></testcase><testcase classname="src.pymortests.vectorarray" file="src/pymortests/vectorarray.py" line="264" name="test_append[compatible_vector_array_pair0-&lt;lambda&gt;0]" time="0.00043845176696777344"><skipped message="Suite splitting in effect" type="pytest.skip">src/pymortests/vectorarray.py:264: &lt;py._xmlgen.raw object at 0x7fb2a71b8c18&gt;</skipped></testcase><testcase classname="src.pymortests.vectorarray" file="src/pymortests/vectorarray.py" line="264" name="test_append[compatible_vector_array_pair0-&lt;lambda&gt;1]" time="0.0004279613494873047"><skipped message="Suite splitting in effect" type="pytest.skip">src/pymortests/vectorarray.py:264: &lt;py._xmlgen.raw object at 0x7fb29d1f8780&gt;</skipped></testcase><testcase classname="src.pymortests.vectorarray" file="src/pymortests/vectorarray.py" line="264" name="test_append[compatible_vector_array_pair0-&lt;lambda&gt;2]" time="0.0004534721374511719"><skipped message="Suite splitting in effect" type="pytest.skip">src/pymortests/vectorarray.py:264: &lt;py._xmlgen.raw object at 0x7fb2a71c79b0&gt;</skipped></testcase><testcase classname="src.pymortests.vectorarray" file="src/pymortests/vectorarray.py" line="264" name="test_append[compatible_vector_array_pair0-&lt;lambda&gt;3]" time="0.0004210472106933594"><skipped message="Suite splitting in effect" type="pytest.skip">src/pymortests/vectorarray.py:264: &lt;py._xmlgen.raw object at 0x7fb29d1a51d0&gt;</skipped></testcase><testcase classname="src.pymortests.vectorarray" file="src/pymortests/vectorarray.py" line="264" name="test_append[compatible_vector_array_pair0-&lt;lambda&gt;4]" time="0.0004284381866455078"><skipped message="Suite splitting in effect" type="pytest.skip">src/pymortests/vectorarray.py:264: &lt;py._xmlgen.raw object at 0x7fb29d1a5cc0&gt;</skipped></testcase><testcase classname="src.pymortests.vectorarray" file="src/pymortests/vectorarray.py" line="264" name="test_append[compatible_vector_array_pair0-&lt;lambda&gt;5]" time="0.00044798851013183594"><skipped message="Suite splitting in effect" type="pytest.skip">src/pymortests/vectorarray.py:264: &lt;py._xmlgen.raw object at 0x7fb29d1b63c8&gt;</skipped></testcase><testcase classname="src.pymortests.vectorarray" file="src/pymortests/vectorarray.py" line="264" name="test_append[compatible_vector_array_pair0-&lt;lambda&gt;6]" time="0.0004477500915527344"><skipped message="Suite splitting in effect" type="pytest.skip">src/pymortests/vectorarray.py:264: &lt;py._xmlgen.raw object at 0x7fb29d1b6ac8&gt;</skipped></testcase><testcase classname="src.pymortests.vectorarray" file="src/pymortests/vectorarray.py" line="264" name="test_append[compatible_vector_array_pair0-&lt;lambda&gt;7]" time="0.00107574462890625"><skipped message="Suite splitting in effect" type="pytest.skip">src/pymortests/vectorarray.py:264: &lt;py._xmlgen.raw object at 0x7fb29d1a57f0&gt;</skipped></testcase><testcase classname="src.pymortests.vectorarray" file="src/pymortests/vectorarray.py" line="264" name="test_append[compatible_vector_array_pair0-&lt;lambda&gt;8]" time="0.00042819976806640625"><skipped message="Suite splitting in effect" type="pytest.skip">src/pymortests/vectorarray.py:264: &lt;py._xmlgen.raw object at 0x7fb2a71c7240&gt;</skipped></testcase><testcase classname="src.pymortests.vectorarray" file="src/pymortests/vectorarray.py" line="264" name="test_append[compatible_vector_array_pair0-&lt;lambda&gt;9]" time="0.00045180320739746094"><skipped message="Suite splitting in effect" type="pytest.skip">src/pymortests/vectorarray.py:264: &lt;py._xmlgen.raw object at 0x7fb29d1f8f60&gt;</skipped></testcase><testcase classname="src.pymortests.vectorarray" file="src/pymortests/vectorarray.py" line="264" name="test_append[compatible_vector_array_pair0-&lt;lambda&gt;10]" time="0.0005023479461669922"><skipped message="Suite splitting in effect" type="pytest.skip">src/pymortests/vectorarray.py:264: &lt;py._xmlgen.raw object at 0x7fb2a71b88d0&gt;</skipped></testcase><testcase classname="src.pymortests.vectorarray" file="src/pymortests/vectorarray.py" line="264" name="test_append[compatible_vector_array_pair0-&lt;lambda&gt;11]" time="0.00044846534729003906"><skipped message="Suite splitting in effect" type="pytest.skip">src/pymortests/vectorarray.py:264: &lt;py._xmlgen.raw object at 0x7fb2a7216b70&gt;</skipped></testcase><testcase classname="src.pymortests.vectorarray" file="src/pymortests/vectorarray.py" line="264" name="test_append[compatible_vector_array_pair0-&lt;lambda&gt;12]" time="0.00043320655822753906"><skipped message="Suite splitting in effect" type="pytest.skip">src/pymortests/vectorarray.py:264: &lt;py._xmlgen.raw object at 0x7fb29d1b6c50&gt;</skipped></testcase><testcase classname="src.pymortests.vectorarray" file="src/pymortests/vectorarray.py" line="264" name="test_append[compatible_vector_array_pair0-&lt;lambda&gt;13]" time="0.0004475116729736328"><skipped message="Suite splitting in effect" type="pytest.skip">src/pymortests/vectorarray.py:264: &lt;py._xmlgen.raw object at 0x7fb29d1b6160&gt;</skipped></testcase><testcase classname="src.pymortests.vectorarray" file="src/pymortests/vectorarray.py" line="264" name="test_append[compatible_vector_array_pair0-&lt;lambda&gt;14]" time="0.0004608631134033203"><skipped message="Suite splitting in effect" type="pytest.skip">src/pymortests/vectorarray.py:264: &lt;py._xmlgen.raw object at 0x7fb29d1a1048&gt;</skipped></testcase><testcase classname="src.pymortests.vectorarray" file="src/pymortests/vectorarray.py" line="264" name="test_append[compatible_vector_array_pair0-&lt;lambda&gt;15]" time="0.0008182525634765625"><skipped message="Suite splitting in effect" type="pytest.skip">src/pymortests/vectorarray.py:264: &lt;py._xmlgen.raw object at 0x7fb29d1e06a0&gt;</skipped></testcase><testcase classname="src.pymortests.vectorarray" file="src/pymortests/vectorarray.py" line="264" name="test_append[compatible_vector_array_pair0-&lt;lambda&gt;16]" time="0.0004398822784423828"><skipped message="Suite splitting in effect" type="pytest.skip">src/pymortests/vectorarray.py:264: &lt;py._xmlgen.raw object at 0x7fb29d1b68d0&gt;</skipped></testcase><testcase classname="src.pymortests.vectorarray" file="src/pymortests/vectorarray.py" line="264" name="test_append[compatible_vector_array_pair0-&lt;lambda&gt;17]" time="0.0004534721374511719"><skipped message="Suite splitting in effect" type="pytest.skip">src/pymortests/vectorarray.py:264: &lt;py._xmlgen.raw object at 0x7fb2a7216a20&gt;</skipped></testcase><testcase classname="src.pymortests.vectorarray" file="src/pymortests/vectorarray.py" line="264" name="test_append[compatible_vector_array_pair0-&lt;lambda&gt;18]" time="0.00042366981506347656"><skipped message="Suite splitting in effect" type="pytest.skip">src/pymortests/vectorarray.py:264: &lt;py._xmlgen.raw object at 0x7fb2a71b8438&gt;</skipped></testcase><testcase classname="src.pymortests.vectorarray" file="src/pymortests/vectorarray.py" line="264" name="test_append[compatible_vector_array_pair0-&lt;lambda&gt;19]" time="0.0004553794860839844"><skipped message="Suite splitting in effect" type="pytest.skip">src/pymortests/vectorarray.py:264: &lt;py._xmlgen.raw object at 0x7fb29d202160&gt;</skipped></testcase><testcase classname="src.pymortests.vectorarray" file="src/pymortests/vectorarray.py" line="264" name="test_append[compatible_vector_array_pair0-&lt;lambda&gt;20]" time="0.0004878044128417969"><skipped message="Suite splitting in effect" type="pytest.skip">src/pymortests/vectorarray.py:264: &lt;py._xmlgen.raw object at 0x7fb2a71c7828&gt;</skipped></testcase><testcase classname="src.pymortests.vectorarray" file="src/pymortests/vectorarray.py" line="264" name="test_append[compatible_vector_array_pair0-&lt;lambda&gt;21]" time="0.0005812644958496094"><skipped message="Suite splitting in effect" type="pytest.skip">src/pymortests/vectorarray.py:264: &lt;py._xmlgen.raw object at 0x7fb29d1a10f0&gt;</skipped></testcase><testcase classname="src.pymortests.vectorarray" file="src/pymortests/vectorarray.py" line="264" name="test_append[compatible_vector_array_pair0-&lt;lambda&gt;22]" time="0.0005235671997070312"><skipped message="Suite splitting in effect" type="pytest.skip">src/pymortests/vectorarray.py:264: &lt;py._xmlgen.raw object at 0x7fb29d1a1908&gt;</skipped></testcase><testcase classname="src.pymortests.vectorarray" file="src/pymortests/vectorarray.py" line="264" name="test_append[compatible_vector_array_pair0-&lt;lambda&gt;23]" time="0.0007140636444091797"><skipped message="Suite splitting in effect" type="pytest.skip">src/pymortests/vectorarray.py:264: &lt;py._xmlgen.raw object at 0x7fb29d1a1e48&gt;</skipped></testcase><testcase classname="src.pymortests.vectorarray" file="src/pymortests/vectorarray.py" line="264" name="test_append[compatible_vector_array_pair0-&lt;lambda&gt;24]" time="0.0004367828369140625"><skipped message="Suite splitting in effect" type="pytest.skip">src/pymortests/vectorarray.py:264: &lt;py._xmlgen.raw object at 0x7fb2a71a2a58&gt;</skipped></testcase><testcase classname="src.pymortests.vectorarray" file="src/pymortests/vectorarray.py" line="264" name="test_append[compatible_vector_array_pair0-&lt;lambda&gt;25]" time="0.0004851818084716797"><skipped message="Suite splitting in effect" type="pytest.skip">src/pymortests/vectorarray.py:264: &lt;py._xmlgen.raw object at 0x7fb29d1f8d30&gt;</skipped></testcase><testcase classname="src.pymortests.vectorarray" file="src/pymortests/vectorarray.py" line="264" name="test_append[compatible_vector_array_pair0-&lt;lambda&gt;26]" time="0.0004379749298095703"><skipped message="Suite splitting in effect" type="pytest.skip">src/pymortests/vectorarray.py:264: &lt;py._xmlgen.raw object at 0x7fb29d197320&gt;</skipped></testcase><testcase classname="src.pymortests.vectorarray" file="src/pymortests/vectorarray.py" line="264" name="test_append[compatible_vector_array_pair0-&lt;lambda&gt;27]" time="0.00043964385986328125"><skipped message="Suite splitting in effect" type="pytest.skip">src/pymortests/vectorarray.py:264: &lt;py._xmlgen.raw object at 0x7fb29d1b6ac8&gt;</skipped></testcase><testcase classname="src.pymortests.vectorarray" file="src/pymortests/vectorarray.py" line="264" name="test_append[compatible_vector_array_pair0-&lt;lambda&gt;28]" time="0.0004515647888183594"><skipped message="Suite splitting in effect" type="pytest.skip">src/pymortests/vectorarray.py:264: &lt;py._xmlgen.raw object at 0x7fb29d1b6668&gt;</skipped></testcase><testcase classname="src.pymortests.vectorarray" file="src/pymortests/vectorarray.py" line="264" name="test_append[compatible_vector_array_pair0-&lt;lambda&gt;29]" time="0.00042819976806640625"><skipped message="Suite splitting in effect" type="pytest.skip">src/pymortests/vectorarray.py:264: &lt;py._xmlgen.raw object at 0x7fb29d1a1c50&gt;</skipped></testcase><testcase classname="src.pymortests.vectorarray" file="src/pymortests/vectorarray.py" line="264" name="test_append[compatible_vector_array_pair1-&lt;lambda&gt;0]" time="0.0004239082336425781"><skipped message="Suite splitting in effect" type="pytest.skip">src/pymortests/vectorarray.py:264: &lt;py._xmlgen.raw object at 0x7fb29d1a1128&gt;</skipped></testcase><testcase classname="src.pymortests.vectorarray" file="src/pymortests/vectorarray.py" line="264" name="test_append[compatible_vector_array_pair1-&lt;lambda&gt;1]" time="0.000751495361328125"><skipped message="Suite splitting in effect" type="pytest.skip">src/pymortests/vectorarray.py:264: &lt;py._xmlgen.raw object at 0x7fb29d1ca3c8&gt;</skipped></testcase><testcase classname="src.pymortests.vectorarray" file="src/pymortests/vectorarray.py" line="264" name="test_append[compatible_vector_array_pair1-&lt;lambda&gt;2]" time="0.0004444122314453125"><skipped message="Suite splitting in effect" type="pytest.skip">src/pymortests/vectorarray.py:264: &lt;py._xmlgen.raw object at 0x7fb29d1a1c18&gt;</skipped></testcase><testcase classname="src.pymortests.vectorarray" file="src/pymortests/vectorarray.py" line="264" name="test_append[compatible_vector_array_pair1-&lt;lambda&gt;3]" time="0.0004937648773193359"><skipped message="Suite splitting in effect" type="pytest.skip">src/pymortests/vectorarray.py:264: &lt;py._xmlgen.raw object at 0x7fb29d1b6c18&gt;</skipped></testcase><testcase classname="src.pymortests.vectorarray" file="src/pymortests/vectorarray.py" line="264" name="test_append[compatible_vector_array_pair1-&lt;lambda&gt;4]" time="0.0004622936248779297"><skipped message="Suite splitting in effect" type="pytest.skip">src/pymortests/vectorarray.py:264: &lt;py._xmlgen.raw object at 0x7fb2a71a68d0&gt;</skipped></testcase><testcase classname="src.pymortests.vectorarray" file="src/pymortests/vectorarray.py" line="264" name="test_append[compatible_vector_array_pair1-&lt;lambda&gt;5]" time="0.0005145072937011719"><skipped message="Suite splitting in effect" type="pytest.skip">src/pymortests/vectorarray.py:264: &lt;py._xmlgen.raw object at 0x7fb29d20c400&gt;</skipped></testcase><testcase classname="src.pymortests.vectorarray" file="src/pymortests/vectorarray.py" line="264" name="test_append[compatible_vector_array_pair1-&lt;lambda&gt;6]" time="0.0005021095275878906"><skipped message="Suite splitting in effect" type="pytest.skip">src/pymortests/vectorarray.py:264: &lt;py._xmlgen.raw object at 0x7fb2a7133470&gt;</skipped></testcase><testcase classname="src.pymortests.vectorarray" file="src/pymortests/vectorarray.py" line="264" name="test_append[compatible_vector_array_pair1-&lt;lambda&gt;7]" time="0.00042366981506347656"><skipped message="Suite splitting in effect" type="pytest.skip">src/pymortests/vectorarray.py:264: &lt;py._xmlgen.raw object at 0x7fb29d1a5b00&gt;</skipped></testcase><testcase classname="src.pymortests.vectorarray" file="src/pymortests/vectorarray.py" line="264" name="test_append[compatible_vector_array_pair1-&lt;lambda&gt;8]" time="0.0004477500915527344"><skipped message="Suite splitting in effect" type="pytest.skip">src/pymortests/vectorarray.py:264: &lt;py._xmlgen.raw object at 0x7fb29d1ca208&gt;</skipped></testcase><testcase classname="src.pymortests.vectorarray" file="src/pymortests/vectorarray.py" line="264" name="test_append[compatible_vector_array_pair1-&lt;lambda&gt;9]" time="0.0004527568817138672"><skipped message="Suite splitting in effect" type="pytest.skip">src/pymortests/vectorarray.py:264: &lt;py._xmlgen.raw object at 0x7fb29d1ca9e8&gt;</skipped></testcase><testcase classname="src.pymortests.vectorarray" file="src/pymortests/vectorarray.py" line="264" name="test_append[compatible_vector_array_pair1-&lt;lambda&gt;10]" time="0.00045990943908691406"><skipped message="Suite splitting in effect" type="pytest.skip">src/pymortests/vectorarray.py:264: &lt;py._xmlgen.raw object at 0x7fb29d1a5b00&gt;</skipped></testcase><testcase classname="src.pymortests.vectorarray" file="src/pymortests/vectorarray.py" line="264" name="test_append[compatible_vector_array_pair1-&lt;lambda&gt;11]" time="0.0004162788391113281"><skipped message="Suite splitting in effect" type="pytest.skip">src/pymortests/vectorarray.py:264: &lt;py._xmlgen.raw object at 0x7fb2a7133908&gt;</skipped></testcase><testcase classname="src.pymortests.vectorarray" file="src/pymortests/vectorarray.py" line="264" name="test_append[compatible_vector_array_pair1-&lt;lambda&gt;12]" time="0.0004665851593017578"><skipped message="Suite splitting in effect" type="pytest.skip">src/pymortests/vectorarray.py:264: &lt;py._xmlgen.raw object at 0x7fb29d197320&gt;</skipped></testcase><testcase classname="src.pymortests.vectorarray" file="src/pymortests/vectorarray.py" line="264" name="test_append[compatible_vector_array_pair1-&lt;lambda&gt;13]" time="0.0004787445068359375"><skipped message="Suite splitting in effect" type="pytest.skip">src/pymortests/vectorarray.py:264: &lt;py._xmlgen.raw object at 0x7fb29d1b65f8&gt;</skipped></testcase><testcase classname="src.pymortests.vectorarray" file="src/pymortests/vectorarray.py" line="264" name="test_append[compatible_vector_array_pair1-&lt;lambda&gt;14]" time="0.0004341602325439453"><skipped message="Suite splitting in effect" type="pytest.skip">src/pymortests/vectorarray.py:264: &lt;py._xmlgen.raw object at 0x7fb29d1a1d68&gt;</skipped></testcase><testcase classname="src.pymortests.vectorarray" file="src/pymortests/vectorarray.py" line="264" name="test_append[compatible_vector_array_pair1-&lt;lambda&gt;15]" time="0.00045680999755859375"><skipped message="Suite splitting in effect" type="pytest.skip">src/pymortests/vectorarray.py:264: &lt;py._xmlgen.raw object at 0x7fb29d1caac8&gt;</skipped></testcase><testcase classname="src.pymortests.vectorarray" file="src/pymortests/vectorarray.py" line="264" name="test_append[compatible_vector_array_pair1-&lt;lambda&gt;16]" time="0.00046706199645996094"><skipped message="Suite splitting in effect" type="pytest.skip">src/pymortests/vectorarray.py:264: &lt;py._xmlgen.raw object at 0x7fb29d1ca4a8&gt;</skipped></testcase><testcase classname="src.pymortests.vectorarray" file="src/pymortests/vectorarray.py" line="264" name="test_append[compatible_vector_array_pair1-&lt;lambda&gt;17]" time="0.0005040168762207031"><skipped message="Suite splitting in effect" type="pytest.skip">src/pymortests/vectorarray.py:264: &lt;py._xmlgen.raw object at 0x7fb29d1caef0&gt;</skipped></testcase><testcase classname="src.pymortests.vectorarray" file="src/pymortests/vectorarray.py" line="264" name="test_append[compatible_vector_array_pair1-&lt;lambda&gt;18]" time="0.0005013942718505859"><skipped message="Suite splitting in effect" type="pytest.skip">src/pymortests/vectorarray.py:264: &lt;py._xmlgen.raw object at 0x7fb29d197780&gt;</skipped></testcase><testcase classname="src.pymortests.vectorarray" file="src/pymortests/vectorarray.py" line="264" name="test_append[compatible_vector_array_pair1-&lt;lambda&gt;19]" time="0.0004723072052001953"><skipped message="Suite splitting in effect" type="pytest.skip">src/pymortests/vectorarray.py:264: &lt;py._xmlgen.raw object at 0x7fb2a7133320&gt;</skipped></testcase><testcase classname="src.pymortests.vectorarray" file="src/pymortests/vectorarray.py" line="264" name="test_append[compatible_vector_array_pair1-&lt;lambda&gt;20]" time="0.00045561790466308594"><skipped message="Suite splitting in effect" type="pytest.skip">src/pymortests/vectorarray.py:264: &lt;py._xmlgen.raw object at 0x7fb29d1cac50&gt;</skipped></testcase><testcase classname="src.pymortests.vectorarray" file="src/pymortests/vectorarray.py" line="264" name="test_append[compatible_vector_array_pair1-&lt;lambda&gt;21]" time="0.0004162788391113281"><skipped message="Suite splitting in effect" type="pytest.skip">src/pymortests/vectorarray.py:264: &lt;py._xmlgen.raw object at 0x7fb29d1ca2b0&gt;</skipped></testcase><testcase classname="src.pymortests.vectorarray" file="src/pymortests/vectorarray.py" line="264" name="test_append[compatible_vector_array_pair1-&lt;lambda&gt;22]" time="0.0004329681396484375"><skipped message="Suite splitting in effect" type="pytest.skip">src/pymortests/vectorarray.py:264: &lt;py._xmlgen.raw object at 0x7fb29d1b65f8&gt;</skipped></testcase><testcase classname="src.pymortests.vectorarray" file="src/pymortests/vectorarray.py" line="264" name="test_append[compatible_vector_array_pair1-&lt;lambda&gt;23]" time="0.0004429817199707031"><skipped message="Suite splitting in effect" type="pytest.skip">src/pymortests/vectorarray.py:264: &lt;py._xmlgen.raw object at 0x7fb29d1a16a0&gt;</skipped></testcase><testcase classname="src.pymortests.vectorarray" file="src/pymortests/vectorarray.py" line="264" name="test_append[compatible_vector_array_pair1-&lt;lambda&gt;24]" time="0.00047135353088378906"><skipped message="Suite splitting in effect" type="pytest.skip">src/pymortests/vectorarray.py:264: &lt;py._xmlgen.raw object at 0x7fb29d1a1160&gt;</skipped></testcase><testcase classname="src.pymortests.vectorarray" file="src/pymortests/vectorarray.py" line="264" name="test_append[compatible_vector_array_pair1-&lt;lambda&gt;25]" time="0.0004725456237792969"><skipped message="Suite splitting in effect" type="pytest.skip">src/pymortests/vectorarray.py:264: &lt;py._xmlgen.raw object at 0x7fb29d1a5ac8&gt;</skipped></testcase><testcase classname="src.pymortests.vectorarray" file="src/pymortests/vectorarray.py" line="264" name="test_append[compatible_vector_array_pair1-&lt;lambda&gt;26]" time="0.00075531005859375"><skipped message="Suite splitting in effect" type="pytest.skip">src/pymortests/vectorarray.py:264: &lt;py._xmlgen.raw object at 0x7fb29d1a1320&gt;</skipped></testcase><testcase classname="src.pymortests.vectorarray" file="src/pymortests/vectorarray.py" line="264" name="test_append[compatible_vector_array_pair1-&lt;lambda&gt;27]" time="0.0004284381866455078"><skipped message="Suite splitting in effect" type="pytest.skip">src/pymortests/vectorarray.py:264: &lt;py._xmlgen.raw object at 0x7fb2a7306f60&gt;</skipped></testcase><testcase classname="src.pymortests.vectorarray" file="src/pymortests/vectorarray.py" line="264" name="test_append[compatible_vector_array_pair1-&lt;lambda&gt;28]" time="0.0005309581756591797"><skipped message="Suite splitting in effect" type="pytest.skip">src/pymortests/vectorarray.py:264: &lt;py._xmlgen.raw object at 0x7fb2a71c7828&gt;</skipped></testcase><testcase classname="src.pymortests.vectorarray" file="src/pymortests/vectorarray.py" line="264" name="test_append[compatible_vector_array_pair1-&lt;lambda&gt;29]" time="0.00043845176696777344"><skipped message="Suite splitting in effect" type="pytest.skip">src/pymortests/vectorarray.py:264: &lt;py._xmlgen.raw object at 0x7fb29d1ca780&gt;</skipped></testcase><testcase classname="src.pymortests.vectorarray" file="src/pymortests/vectorarray.py" line="264" name="test_append[compatible_vector_array_pair2-&lt;lambda&gt;0]" time="0.00044989585876464844"><skipped message="Suite splitting in effect" type="pytest.skip">src/pymortests/vectorarray.py:264: &lt;py._xmlgen.raw object at 0x7fb2a7133ba8&gt;</skipped></testcase><testcase classname="src.pymortests.vectorarray" file="src/pymortests/vectorarray.py" line="264" name="test_append[compatible_vector_array_pair2-&lt;lambda&gt;1]" time="0.0004744529724121094"><skipped message="Suite splitting in effect" type="pytest.skip">src/pymortests/vectorarray.py:264: &lt;py._xmlgen.raw object at 0x7fb2a7144a58&gt;</skipped></testcase><testcase classname="src.pymortests.vectorarray" file="src/pymortests/vectorarray.py" line="264" name="test_append[compatible_vector_array_pair2-&lt;lambda&gt;2]" time="0.0004315376281738281"><skipped message="Suite splitting in effect" type="pytest.skip">src/pymortests/vectorarray.py:264: &lt;py._xmlgen.raw object at 0x7fb2a71b8fd0&gt;</skipped></testcase><testcase classname="src.pymortests.vectorarray" file="src/pymortests/vectorarray.py" line="264" name="test_append[compatible_vector_array_pair2-&lt;lambda&gt;3]" time="0.0004696846008300781"><skipped message="Suite splitting in effect" type="pytest.skip">src/pymortests/vectorarray.py:264: &lt;py._xmlgen.raw object at 0x7fb2a71a6eb8&gt;</skipped></testcase><testcase classname="src.pymortests.vectorarray" file="src/pymortests/vectorarray.py" line="264" name="test_append[compatible_vector_array_pair2-&lt;lambda&gt;4]" time="0.0004551410675048828"><skipped message="Suite splitting in effect" type="pytest.skip">src/pymortests/vectorarray.py:264: &lt;py._xmlgen.raw object at 0x7fb29d1ea940&gt;</skipped></testcase><testcase classname="src.pymortests.vectorarray" file="src/pymortests/vectorarray.py" line="264" name="test_append[compatible_vector_array_pair2-&lt;lambda&gt;5]" time="0.00044155120849609375"><skipped message="Suite splitting in effect" type="pytest.skip">src/pymortests/vectorarray.py:264: &lt;py._xmlgen.raw object at 0x7fb2a7216b70&gt;</skipped></testcase><testcase classname="src.pymortests.vectorarray" file="src/pymortests/vectorarray.py" line="264" name="test_append[compatible_vector_array_pair2-&lt;lambda&gt;6]" time="0.0004429817199707031"><skipped message="Suite splitting in effect" type="pytest.skip">src/pymortests/vectorarray.py:264: &lt;py._xmlgen.raw object at 0x7fb29d197b00&gt;</skipped></testcase><testcase classname="src.pymortests.vectorarray" file="src/pymortests/vectorarray.py" line="264" name="test_append[compatible_vector_array_pair2-&lt;lambda&gt;7]" time="0.0004584789276123047"><skipped message="Suite splitting in effect" type="pytest.skip">src/pymortests/vectorarray.py:264: &lt;py._xmlgen.raw object at 0x7fb29d1cabe0&gt;</skipped></testcase><testcase classname="src.pymortests.vectorarray" file="src/pymortests/vectorarray.py" line="264" name="test_append[compatible_vector_array_pair2-&lt;lambda&gt;8]" time="0.00042510032653808594"><skipped message="Suite splitting in effect" type="pytest.skip">src/pymortests/vectorarray.py:264: &lt;py._xmlgen.raw object at 0x7fb29d1caa20&gt;</skipped></testcase><testcase classname="src.pymortests.vectorarray" file="src/pymortests/vectorarray.py" line="264" name="test_append[compatible_vector_array_pair2-&lt;lambda&gt;9]" time="0.0004818439483642578"><skipped message="Suite splitting in effect" type="pytest.skip">src/pymortests/vectorarray.py:264: &lt;py._xmlgen.raw object at 0x7fb29d1b6a90&gt;</skipped></testcase><testcase classname="src.pymortests.vectorarray" file="src/pymortests/vectorarray.py" line="264" name="test_append[compatible_vector_array_pair2-&lt;lambda&gt;10]" time="0.0004425048828125"><skipped message="Suite splitting in effect" type="pytest.skip">src/pymortests/vectorarray.py:264: &lt;py._xmlgen.raw object at 0x7fb29d1a16d8&gt;</skipped></testcase><testcase classname="src.pymortests.vectorarray" file="src/pymortests/vectorarray.py" line="264" name="test_append[compatible_vector_array_pair2-&lt;lambda&gt;11]" time="0.000461578369140625"><skipped message="Suite splitting in effect" type="pytest.skip">src/pymortests/vectorarray.py:264: &lt;py._xmlgen.raw object at 0x7fb29d1590f0&gt;</skipped></testcase><testcase classname="src.pymortests.vectorarray" file="src/pymortests/vectorarray.py" line="264" name="test_append[compatible_vector_array_pair2-&lt;lambda&gt;12]" time="0.0007767677307128906"><skipped message="Suite splitting in effect" type="pytest.skip">src/pymortests/vectorarray.py:264: &lt;py._xmlgen.raw object at 0x7fb29d159630&gt;</skipped></testcase><testcase classname="src.pymortests.vectorarray" file="src/pymortests/vectorarray.py" line="264" name="test_append[compatible_vector_array_pair2-&lt;lambda&gt;13]" time="0.0004429817199707031"><skipped message="Suite splitting in effect" type="pytest.skip">src/pymortests/vectorarray.py:264: &lt;py._xmlgen.raw object at 0x7fb29d1a1eb8&gt;</skipped></testcase><testcase classname="src.pymortests.vectorarray" file="src/pymortests/vectorarray.py" line="264" name="test_append[compatible_vector_array_pair2-&lt;lambda&gt;14]" time="0.0004489421844482422"><skipped message="Suite splitting in effect" type="pytest.skip">src/pymortests/vectorarray.py:264: &lt;py._xmlgen.raw object at 0x7fb29d1f8d30&gt;</skipped></testcase><testcase classname="src.pymortests.vectorarray" file="src/pymortests/vectorarray.py" line="264" name="test_append[compatible_vector_array_pair2-&lt;lambda&gt;15]" time="0.00046539306640625"><skipped message="Suite splitting in effect" type="pytest.skip">src/pymortests/vectorarray.py:264: &lt;py._xmlgen.raw object at 0x7fb29d1cafd0&gt;</skipped></testcase><testcase classname="src.pymortests.vectorarray" file="src/pymortests/vectorarray.py" line="264" name="test_append[compatible_vector_array_pair2-&lt;lambda&gt;16]" time="0.0004200935363769531"><skipped message="Suite splitting in effect" type="pytest.skip">src/pymortests/vectorarray.py:264: &lt;py._xmlgen.raw object at 0x7fb2a7133860&gt;</skipped></testcase><testcase classname="src.pymortests.vectorarray" file="src/pymortests/vectorarray.py" line="264" name="test_append[compatible_vector_array_pair2-&lt;lambda&gt;17]" time="0.00040268898010253906"><skipped message="Suite splitting in effect" type="pytest.skip">src/pymortests/vectorarray.py:264: &lt;py._xmlgen.raw object at 0x7fb29d20c400&gt;</skipped></testcase><testcase classname="src.pymortests.vectorarray" file="src/pymortests/vectorarray.py" line="264" name="test_append[compatible_vector_array_pair2-&lt;lambda&gt;18]" time="0.00046896934509277344"><skipped message="Suite splitting in effect" type="pytest.skip">src/pymortests/vectorarray.py:264: &lt;py._xmlgen.raw object at 0x7fb29d26fe10&gt;</skipped></testcase><testcase classname="src.pymortests.vectorarray" file="src/pymortests/vectorarray.py" line="264" name="test_append[compatible_vector_array_pair2-&lt;lambda&gt;19]" time="0.00044035911560058594"><skipped message="Suite splitting in effect" type="pytest.skip">src/pymortests/vectorarray.py:264: &lt;py._xmlgen.raw object at 0x7fb29d159518&gt;</skipped></testcase><testcase classname="src.pymortests.vectorarray" file="src/pymortests/vectorarray.py" line="264" name="test_append[compatible_vector_array_pair2-&lt;lambda&gt;20]" time="0.00042438507080078125"><skipped message="Suite splitting in effect" type="pytest.skip">src/pymortests/vectorarray.py:264: &lt;py._xmlgen.raw object at 0x7fb29d159b70&gt;</skipped></testcase><testcase classname="src.pymortests.vectorarray" file="src/pymortests/vectorarray.py" line="264" name="test_append[compatible_vector_array_pair2-&lt;lambda&gt;21]" time="0.0004470348358154297"><skipped message="Suite splitting in effect" type="pytest.skip">src/pymortests/vectorarray.py:264: &lt;py._xmlgen.raw object at 0x7fb29d1a5a20&gt;</skipped></testcase><testcase classname="src.pymortests.vectorarray" file="src/pymortests/vectorarray.py" line="264" name="test_append[compatible_vector_array_pair2-&lt;lambda&gt;22]" time="0.0005304813385009766"><skipped message="Suite splitting in effect" type="pytest.skip">src/pymortests/vectorarray.py:264: &lt;py._xmlgen.raw object at 0x7fb2a7133908&gt;</skipped></testcase><testcase classname="src.pymortests.vectorarray" file="src/pymortests/vectorarray.py" line="264" name="test_append[compatible_vector_array_pair2-&lt;lambda&gt;23]" time="0.00045561790466308594"><skipped message="Suite splitting in effect" type="pytest.skip">src/pymortests/vectorarray.py:264: &lt;py._xmlgen.raw object at 0x7fb2a72763c8&gt;</skipped></testcase><testcase classname="src.pymortests.vectorarray" file="src/pymortests/vectorarray.py" line="264" name="test_append[compatible_vector_array_pair2-&lt;lambda&gt;24]" time="0.0004520416259765625"><skipped message="Suite splitting in effect" type="pytest.skip">src/pymortests/vectorarray.py:264: &lt;py._xmlgen.raw object at 0x7fb29d1caac8&gt;</skipped></testcase><testcase classname="src.pymortests.vectorarray" file="src/pymortests/vectorarray.py" line="264" name="test_append[compatible_vector_array_pair2-&lt;lambda&gt;25]" time="0.0004425048828125"><skipped message="Suite splitting in effect" type="pytest.skip">src/pymortests/vectorarray.py:264: &lt;py._xmlgen.raw object at 0x7fb29d1a1b70&gt;</skipped></testcase><testcase classname="src.pymortests.vectorarray" file="src/pymortests/vectorarray.py" line="264" name="test_append[compatible_vector_array_pair2-&lt;lambda&gt;26]" time="0.0004189014434814453"><skipped message="Suite splitting in effect" type="pytest.skip">src/pymortests/vectorarray.py:264: &lt;py._xmlgen.raw object at 0x7fb29d159c50&gt;</skipped></testcase><testcase classname="src.pymortests.vectorarray" file="src/pymortests/vectorarray.py" line="264" name="test_append[compatible_vector_array_pair2-&lt;lambda&gt;27]" time="0.0004899501800537109"><skipped message="Suite splitting in effect" type="pytest.skip">src/pymortests/vectorarray.py:264: &lt;py._xmlgen.raw object at 0x7fb29d1596d8&gt;</skipped></testcase><testcase classname="src.pymortests.vectorarray" file="src/pymortests/vectorarray.py" line="264" name="test_append[compatible_vector_array_pair2-&lt;lambda&gt;28]" time="0.0004458427429199219"><skipped message="Suite splitting in effect" type="pytest.skip">src/pymortests/vectorarray.py:264: &lt;py._xmlgen.raw object at 0x7fb29d1620b8&gt;</skipped></testcase><testcase classname="src.pymortests.vectorarray" file="src/pymortests/vectorarray.py" line="264" name="test_append[compatible_vector_array_pair2-&lt;lambda&gt;29]" time="0.0008513927459716797"><skipped message="Suite splitting in effect" type="pytest.skip">src/pymortests/vectorarray.py:264: &lt;py._xmlgen.raw object at 0x7fb29d159f60&gt;</skipped></testcase><testcase classname="src.pymortests.vectorarray" file="src/pymortests/vectorarray.py" line="264" name="test_append[compatible_vector_array_pair3-&lt;lambda&gt;0]" time="0.0004086494445800781"><skipped message="Suite splitting in effect" type="pytest.skip">src/pymortests/vectorarray.py:264: &lt;py._xmlgen.raw object at 0x7fb29d1a1e10&gt;</skipped></testcase><testcase classname="src.pymortests.vectorarray" file="src/pymortests/vectorarray.py" line="264" name="test_append[compatible_vector_array_pair3-&lt;lambda&gt;1]" time="0.00046324729919433594"><skipped message="Suite splitting in effect" type="pytest.skip">src/pymortests/vectorarray.py:264: &lt;py._xmlgen.raw object at 0x7fb29d1b6a90&gt;</skipped></testcase><testcase classname="src.pymortests.vectorarray" file="src/pymortests/vectorarray.py" line="264" name="test_append[compatible_vector_array_pair3-&lt;lambda&gt;2]" time="0.00043129920959472656"><skipped message="Suite splitting in effect" type="pytest.skip">src/pymortests/vectorarray.py:264: &lt;py._xmlgen.raw object at 0x7fb29d1cab70&gt;</skipped></testcase><testcase classname="src.pymortests.vectorarray" file="src/pymortests/vectorarray.py" line="264" name="test_append[compatible_vector_array_pair3-&lt;lambda&gt;3]" time="0.0004401206970214844"><skipped message="Suite splitting in effect" type="pytest.skip">src/pymortests/vectorarray.py:264: &lt;py._xmlgen.raw object at 0x7fb2a71551d0&gt;</skipped></testcase><testcase classname="src.pymortests.vectorarray" file="src/pymortests/vectorarray.py" line="264" name="test_append[compatible_vector_array_pair3-&lt;lambda&gt;4]" time="0.00044918060302734375"><skipped message="Suite splitting in effect" type="pytest.skip">src/pymortests/vectorarray.py:264: &lt;py._xmlgen.raw object at 0x7fb2a7144320&gt;</skipped></testcase><testcase classname="src.pymortests.vectorarray" file="src/pymortests/vectorarray.py" line="264" name="test_append[compatible_vector_array_pair3-&lt;lambda&gt;5]" time="0.00047016143798828125"><skipped message="Suite splitting in effect" type="pytest.skip">src/pymortests/vectorarray.py:264: &lt;py._xmlgen.raw object at 0x7fb29d1a50f0&gt;</skipped></testcase><testcase classname="src.pymortests.vectorarray" file="src/pymortests/vectorarray.py" line="264" name="test_append[compatible_vector_array_pair3-&lt;lambda&gt;6]" time="0.0004177093505859375"><skipped message="Suite splitting in effect" type="pytest.skip">src/pymortests/vectorarray.py:264: &lt;py._xmlgen.raw object at 0x7fb29d1625f8&gt;</skipped></testcase><testcase classname="src.pymortests.vectorarray" file="src/pymortests/vectorarray.py" line="264" name="test_append[compatible_vector_array_pair3-&lt;lambda&gt;7]" time="0.0008015632629394531"><skipped message="Suite splitting in effect" type="pytest.skip">src/pymortests/vectorarray.py:264: &lt;py._xmlgen.raw object at 0x7fb29d1e06a0&gt;</skipped></testcase><testcase classname="src.pymortests.vectorarray" file="src/pymortests/vectorarray.py" line="264" name="test_append[compatible_vector_array_pair3-&lt;lambda&gt;8]" time="0.0004553794860839844"><skipped message="Suite splitting in effect" type="pytest.skip">src/pymortests/vectorarray.py:264: &lt;py._xmlgen.raw object at 0x7fb2a7133cf8&gt;</skipped></testcase><testcase classname="src.pymortests.vectorarray" file="src/pymortests/vectorarray.py" line="264" name="test_append[compatible_vector_array_pair3-&lt;lambda&gt;9]" time="0.0004191398620605469"><skipped message="Suite splitting in effect" type="pytest.skip">src/pymortests/vectorarray.py:264: &lt;py._xmlgen.raw object at 0x7fb2a71c79b0&gt;</skipped></testcase><testcase classname="src.pymortests.vectorarray" file="src/pymortests/vectorarray.py" line="264" name="test_append[compatible_vector_array_pair3-&lt;lambda&gt;10]" time="0.000461578369140625"><skipped message="Suite splitting in effect" type="pytest.skip">src/pymortests/vectorarray.py:264: &lt;py._xmlgen.raw object at 0x7fb2a70e6128&gt;</skipped></testcase><testcase classname="src.pymortests.vectorarray" file="src/pymortests/vectorarray.py" line="264" name="test_append[compatible_vector_array_pair3-&lt;lambda&gt;11]" time="0.00045013427734375"><skipped message="Suite splitting in effect" type="pytest.skip">src/pymortests/vectorarray.py:264: &lt;py._xmlgen.raw object at 0x7fb29d1a16a0&gt;</skipped></testcase><testcase classname="src.pymortests.vectorarray" file="src/pymortests/vectorarray.py" line="264" name="test_append[compatible_vector_array_pair3-&lt;lambda&gt;12]" time="0.0004138946533203125"><skipped message="Suite splitting in effect" type="pytest.skip">src/pymortests/vectorarray.py:264: &lt;py._xmlgen.raw object at 0x7fb29d159710&gt;</skipped></testcase><testcase classname="src.pymortests.vectorarray" file="src/pymortests/vectorarray.py" line="264" name="test_append[compatible_vector_array_pair3-&lt;lambda&gt;13]" time="0.00046515464782714844"><skipped message="Suite splitting in effect" type="pytest.skip">src/pymortests/vectorarray.py:264: &lt;py._xmlgen.raw object at 0x7fb29d1624e0&gt;</skipped></testcase><testcase classname="src.pymortests.vectorarray" file="src/pymortests/vectorarray.py" line="264" name="test_append[compatible_vector_array_pair3-&lt;lambda&gt;14]" time="0.0004775524139404297"><skipped message="Suite splitting in effect" type="pytest.skip">src/pymortests/vectorarray.py:264: &lt;py._xmlgen.raw object at 0x7fb29d162eb8&gt;</skipped></testcase><testcase classname="src.pymortests.vectorarray" file="src/pymortests/vectorarray.py" line="264" name="test_append[compatible_vector_array_pair3-&lt;lambda&gt;15]" time="0.0009565353393554688"><skipped message="Suite splitting in effect" type="pytest.skip">src/pymortests/vectorarray.py:264: &lt;py._xmlgen.raw object at 0x7fb29d16b438&gt;</skipped></testcase><testcase classname="src.pymortests.vectorarray" file="src/pymortests/vectorarray.py" line="264" name="test_append[compatible_vector_array_pair3-&lt;lambda&gt;16]" time="0.00044226646423339844"><skipped message="Suite splitting in effect" type="pytest.skip">src/pymortests/vectorarray.py:264: &lt;py._xmlgen.raw object at 0x7fb29d162240&gt;</skipped></testcase><testcase classname="src.pymortests.vectorarray" file="src/pymortests/vectorarray.py" line="264" name="test_append[compatible_vector_array_pair3-&lt;lambda&gt;17]" time="0.00044417381286621094"><skipped message="Suite splitting in effect" type="pytest.skip">src/pymortests/vectorarray.py:264: &lt;py._xmlgen.raw object at 0x7fb29d159978&gt;</skipped></testcase><testcase classname="src.pymortests.vectorarray" file="src/pymortests/vectorarray.py" line="264" name="test_append[compatible_vector_array_pair3-&lt;lambda&gt;18]" time="0.0004558563232421875"><skipped message="Suite splitting in effect" type="pytest.skip">src/pymortests/vectorarray.py:264: &lt;py._xmlgen.raw object at 0x7fb29d1a14a8&gt;</skipped></testcase><testcase classname="src.pymortests.vectorarray" file="src/pymortests/vectorarray.py" line="264" name="test_append[compatible_vector_array_pair3-&lt;lambda&gt;19]" time="0.0004172325134277344"><skipped message="Suite splitting in effect" type="pytest.skip">src/pymortests/vectorarray.py:264: &lt;py._xmlgen.raw object at 0x7fb2a70e6470&gt;</skipped></testcase><testcase classname="src.pymortests.vectorarray" file="src/pymortests/vectorarray.py" line="264" name="test_append[compatible_vector_array_pair3-&lt;lambda&gt;20]" time="0.00045800209045410156"><skipped message="Suite splitting in effect" type="pytest.skip">src/pymortests/vectorarray.py:264: &lt;py._xmlgen.raw object at 0x7fb2a7155e48&gt;</skipped></testcase><testcase classname="src.pymortests.vectorarray" file="src/pymortests/vectorarray.py" line="264" name="test_append[compatible_vector_array_pair3-&lt;lambda&gt;21]" time="0.0004527568817138672"><skipped message="Suite splitting in effect" type="pytest.skip">src/pymortests/vectorarray.py:264: &lt;py._xmlgen.raw object at 0x7fb29d1a5a20&gt;</skipped></testcase><testcase classname="src.pymortests.vectorarray" file="src/pymortests/vectorarray.py" line="264" name="test_append[compatible_vector_array_pair3-&lt;lambda&gt;22]" time="0.0004525184631347656"><skipped message="Suite splitting in effect" type="pytest.skip">src/pymortests/vectorarray.py:264: &lt;py._xmlgen.raw object at 0x7fb29d16b2e8&gt;</skipped></testcase><testcase classname="src.pymortests.vectorarray" file="src/pymortests/vectorarray.py" line="264" name="test_append[compatible_vector_array_pair3-&lt;lambda&gt;23]" time="0.0008313655853271484"><skipped message="Suite splitting in effect" type="pytest.skip">src/pymortests/vectorarray.py:264: &lt;py._xmlgen.raw object at 0x7fb29d16b978&gt;</skipped></testcase><testcase classname="src.pymortests.vectorarray" file="src/pymortests/vectorarray.py" line="264" name="test_append[compatible_vector_array_pair3-&lt;lambda&gt;24]" time="0.0004425048828125"><skipped message="Suite splitting in effect" type="pytest.skip">src/pymortests/vectorarray.py:264: &lt;py._xmlgen.raw object at 0x7fb2a7144320&gt;</skipped></testcase><testcase classname="src.pymortests.vectorarray" file="src/pymortests/vectorarray.py" line="264" name="test_append[compatible_vector_array_pair3-&lt;lambda&gt;25]" time="0.00041675567626953125"><skipped message="Suite splitting in effect" type="pytest.skip">src/pymortests/vectorarray.py:264: &lt;py._xmlgen.raw object at 0x7fb2a725fb38&gt;</skipped></testcase><testcase classname="src.pymortests.vectorarray" file="src/pymortests/vectorarray.py" line="264" name="test_append[compatible_vector_array_pair3-&lt;lambda&gt;26]" time="0.00043487548828125"><skipped message="Suite splitting in effect" type="pytest.skip">src/pymortests/vectorarray.py:264: &lt;py._xmlgen.raw object at 0x7fb29d1a1940&gt;</skipped></testcase><testcase classname="src.pymortests.vectorarray" file="src/pymortests/vectorarray.py" line="264" name="test_append[compatible_vector_array_pair3-&lt;lambda&gt;27]" time="0.0004506111145019531"><skipped message="Suite splitting in effect" type="pytest.skip">src/pymortests/vectorarray.py:264: &lt;py._xmlgen.raw object at 0x7fb29d1596d8&gt;</skipped></testcase><testcase classname="src.pymortests.vectorarray" file="src/pymortests/vectorarray.py" line="264" name="test_append[compatible_vector_array_pair3-&lt;lambda&gt;28]" time="0.0004324913024902344"><skipped message="Suite splitting in effect" type="pytest.skip">src/pymortests/vectorarray.py:264: &lt;py._xmlgen.raw object at 0x7fb29d1624e0&gt;</skipped></testcase><testcase classname="src.pymortests.vectorarray" file="src/pymortests/vectorarray.py" line="264" name="test_append[compatible_vector_array_pair3-&lt;lambda&gt;29]" time="0.0004515647888183594"><skipped message="Suite splitting in effect" type="pytest.skip">src/pymortests/vectorarray.py:264: &lt;py._xmlgen.raw object at 0x7fb29d16bac8&gt;</skipped></testcase><testcase classname="src.pymortests.vectorarray" file="src/pymortests/vectorarray.py" line="264" name="test_append[compatible_vector_array_pair4-&lt;lambda&gt;0]" time="0.000423431396484375"><skipped message="Suite splitting in effect" type="pytest.skip">src/pymortests/vectorarray.py:264: &lt;py._xmlgen.raw object at 0x7fb29d16b048&gt;</skipped></testcase><testcase classname="src.pymortests.vectorarray" file="src/pymortests/vectorarray.py" line="264" name="test_append[compatible_vector_array_pair4-&lt;lambda&gt;1]" time="0.0004088878631591797"><skipped message="Suite splitting in effect" type="pytest.skip">src/pymortests/vectorarray.py:264: &lt;py._xmlgen.raw object at 0x7fb29d16bf98&gt;</skipped></testcase><testcase classname="src.pymortests.vectorarray" file="src/pymortests/vectorarray.py" line="264" name="test_append[compatible_vector_array_pair4-&lt;lambda&gt;2]" time="0.0004432201385498047"><skipped message="Suite splitting in effect" type="pytest.skip">src/pymortests/vectorarray.py:264: &lt;py._xmlgen.raw object at 0x7fb29d16b1d0&gt;</skipped></testcase><testcase classname="src.pymortests.vectorarray" file="src/pymortests/vectorarray.py" line="264" name="test_append[compatible_vector_array_pair4-&lt;lambda&gt;3]" time="0.0004520416259765625"><skipped message="Suite splitting in effect" type="pytest.skip">src/pymortests/vectorarray.py:264: &lt;py._xmlgen.raw object at 0x7fb29d162c18&gt;</skipped></testcase><testcase classname="src.pymortests.vectorarray" file="src/pymortests/vectorarray.py" line="264" name="test_append[compatible_vector_array_pair4-&lt;lambda&gt;4]" time="0.00044727325439453125"><skipped message="Suite splitting in effect" type="pytest.skip">src/pymortests/vectorarray.py:264: &lt;py._xmlgen.raw object at 0x7fb29d162f98&gt;</skipped></testcase><testcase classname="src.pymortests.vectorarray" file="src/pymortests/vectorarray.py" line="264" name="test_append[compatible_vector_array_pair4-&lt;lambda&gt;5]" time="0.000453948974609375"><skipped message="Suite splitting in effect" type="pytest.skip">src/pymortests/vectorarray.py:264: &lt;py._xmlgen.raw object at 0x7fb29d21da90&gt;</skipped></testcase><testcase classname="src.pymortests.vectorarray" file="src/pymortests/vectorarray.py" line="264" name="test_append[compatible_vector_array_pair4-&lt;lambda&gt;6]" time="0.0004253387451171875"><skipped message="Suite splitting in effect" type="pytest.skip">src/pymortests/vectorarray.py:264: &lt;py._xmlgen.raw object at 0x7fb2a70e6ba8&gt;</skipped></testcase><testcase classname="src.pymortests.vectorarray" file="src/pymortests/vectorarray.py" line="264" name="test_append[compatible_vector_array_pair4-&lt;lambda&gt;7]" time="0.00042366981506347656"><skipped message="Suite splitting in effect" type="pytest.skip">src/pymortests/vectorarray.py:264: &lt;py._xmlgen.raw object at 0x7fb2a7155f98&gt;</skipped></testcase><testcase classname="src.pymortests.vectorarray" file="src/pymortests/vectorarray.py" line="264" name="test_append[compatible_vector_array_pair4-&lt;lambda&gt;8]" time="0.0004215240478515625"><skipped message="Suite splitting in effect" type="pytest.skip">src/pymortests/vectorarray.py:264: &lt;py._xmlgen.raw object at 0x7fb2a7144470&gt;</skipped></testcase><testcase classname="src.pymortests.vectorarray" file="src/pymortests/vectorarray.py" line="264" name="test_append[compatible_vector_array_pair4-&lt;lambda&gt;9]" time="0.00044798851013183594"><skipped message="Suite splitting in effect" type="pytest.skip">src/pymortests/vectorarray.py:264: &lt;py._xmlgen.raw object at 0x7fb29d1784e0&gt;</skipped></testcase><testcase classname="src.pymortests.vectorarray" file="src/pymortests/vectorarray.py" line="264" name="test_append[compatible_vector_array_pair4-&lt;lambda&gt;10]" time="0.0006821155548095703"><skipped message="Suite splitting in effect" type="pytest.skip">src/pymortests/vectorarray.py:264: &lt;py._xmlgen.raw object at 0x7fb2a7155da0&gt;</skipped></testcase><testcase classname="src.pymortests.vectorarray" file="src/pymortests/vectorarray.py" line="264" name="test_append[compatible_vector_array_pair4-&lt;lambda&gt;11]" time="0.00045990943908691406"><skipped message="Suite splitting in effect" type="pytest.skip">src/pymortests/vectorarray.py:264: &lt;py._xmlgen.raw object at 0x7fb2a70f53c8&gt;</skipped></testcase><testcase classname="src.pymortests.vectorarray" file="src/pymortests/vectorarray.py" line="264" name="test_append[compatible_vector_array_pair4-&lt;lambda&gt;12]" time="0.00045108795166015625"><skipped message="Suite splitting in effect" type="pytest.skip">src/pymortests/vectorarray.py:264: &lt;py._xmlgen.raw object at 0x7fb29d1599b0&gt;</skipped></testcase><testcase classname="src.pymortests.vectorarray" file="src/pymortests/vectorarray.py" line="264" name="test_append[compatible_vector_array_pair4-&lt;lambda&gt;13]" time="0.0005538463592529297"><skipped message="Suite splitting in effect" type="pytest.skip">src/pymortests/vectorarray.py:264: &lt;py._xmlgen.raw object at 0x7fb29d1620b8&gt;</skipped></testcase><testcase classname="src.pymortests.vectorarray" file="src/pymortests/vectorarray.py" line="264" name="test_append[compatible_vector_array_pair4-&lt;lambda&gt;14]" time="0.0004172325134277344"><skipped message="Suite splitting in effect" type="pytest.skip">src/pymortests/vectorarray.py:264: &lt;py._xmlgen.raw object at 0x7fb29d16b7b8&gt;</skipped></testcase><testcase classname="src.pymortests.vectorarray" file="src/pymortests/vectorarray.py" line="264" name="test_append[compatible_vector_array_pair4-&lt;lambda&gt;15]" time="0.0004298686981201172"><skipped message="Suite splitting in effect" type="pytest.skip">src/pymortests/vectorarray.py:264: &lt;py._xmlgen.raw object at 0x7fb29d16beb8&gt;</skipped></testcase><testcase classname="src.pymortests.vectorarray" file="src/pymortests/vectorarray.py" line="264" name="test_append[compatible_vector_array_pair4-&lt;lambda&gt;16]" time="0.0004508495330810547"><skipped message="Suite splitting in effect" type="pytest.skip">src/pymortests/vectorarray.py:264: &lt;py._xmlgen.raw object at 0x7fb29d1780b8&gt;</skipped></testcase><testcase classname="src.pymortests.vectorarray" file="src/pymortests/vectorarray.py" line="264" name="test_append[compatible_vector_array_pair4-&lt;lambda&gt;17]" time="0.0004961490631103516"><skipped message="Suite splitting in effect" type="pytest.skip">src/pymortests/vectorarray.py:264: &lt;py._xmlgen.raw object at 0x7fb29d178a20&gt;</skipped></testcase><testcase classname="src.pymortests.vectorarray" file="src/pymortests/vectorarray.py" line="264" name="test_append[compatible_vector_array_pair4-&lt;lambda&gt;18]" time="0.0007317066192626953"><skipped message="Suite splitting in effect" type="pytest.skip">src/pymortests/vectorarray.py:264: &lt;py._xmlgen.raw object at 0x7fb29d16bdd8&gt;</skipped></testcase><testcase classname="src.pymortests.vectorarray" file="src/pymortests/vectorarray.py" line="264" name="test_append[compatible_vector_array_pair4-&lt;lambda&gt;19]" time="0.0008046627044677734"><skipped message="Suite splitting in effect" type="pytest.skip">src/pymortests/vectorarray.py:264: &lt;py._xmlgen.raw object at 0x7fb29d1b6668&gt;</skipped></testcase><testcase classname="src.pymortests.vectorarray" file="src/pymortests/vectorarray.py" line="264" name="test_append[compatible_vector_array_pair4-&lt;lambda&gt;20]" time="0.00043392181396484375"><skipped message="Suite splitting in effect" type="pytest.skip">src/pymortests/vectorarray.py:264: &lt;py._xmlgen.raw object at 0x7fb29d162390&gt;</skipped></testcase><testcase classname="src.pymortests.vectorarray" file="src/pymortests/vectorarray.py" line="264" name="test_append[compatible_vector_array_pair4-&lt;lambda&gt;21]" time="0.0004265308380126953"><skipped message="Suite splitting in effect" type="pytest.skip">src/pymortests/vectorarray.py:264: &lt;py._xmlgen.raw object at 0x7fb2a70e6da0&gt;</skipped></testcase><testcase classname="src.pymortests.vectorarray" file="src/pymortests/vectorarray.py" line="264" name="test_append[compatible_vector_array_pair4-&lt;lambda&gt;22]" time="0.00042557716369628906"><skipped message="Suite splitting in effect" type="pytest.skip">src/pymortests/vectorarray.py:264: &lt;py._xmlgen.raw object at 0x7fb2a70f5518&gt;</skipped></testcase><testcase classname="src.pymortests.vectorarray" file="src/pymortests/vectorarray.py" line="264" name="test_append[compatible_vector_array_pair4-&lt;lambda&gt;23]" time="0.00044465065002441406"><skipped message="Suite splitting in effect" type="pytest.skip">src/pymortests/vectorarray.py:264: &lt;py._xmlgen.raw object at 0x7fb29d178a20&gt;</skipped></testcase><testcase classname="src.pymortests.vectorarray" file="src/pymortests/vectorarray.py" line="264" name="test_append[compatible_vector_array_pair4-&lt;lambda&gt;24]" time="0.0004444122314453125"><skipped message="Suite splitting in effect" type="pytest.skip">src/pymortests/vectorarray.py:264: &lt;py._xmlgen.raw object at 0x7fb29d178668&gt;</skipped></testcase><testcase classname="src.pymortests.vectorarray" file="src/pymortests/vectorarray.py" line="264" name="test_append[compatible_vector_array_pair4-&lt;lambda&gt;25]" time="0.0004017353057861328"><skipped message="Suite splitting in effect" type="pytest.skip">src/pymortests/vectorarray.py:264: &lt;py._xmlgen.raw object at 0x7fb29d182320&gt;</skipped></testcase><testcase classname="src.pymortests.vectorarray" file="src/pymortests/vectorarray.py" line="264" name="test_append[compatible_vector_array_pair4-&lt;lambda&gt;26]" time="0.0004527568817138672"><skipped message="Suite splitting in effect" type="pytest.skip">src/pymortests/vectorarray.py:264: &lt;py._xmlgen.raw object at 0x7fb2a7155518&gt;</skipped></testcase><testcase classname="src.pymortests.vectorarray" file="src/pymortests/vectorarray.py" line="264" name="test_append[compatible_vector_array_pair4-&lt;lambda&gt;27]" time="0.0004363059997558594"><skipped message="Suite splitting in effect" type="pytest.skip">src/pymortests/vectorarray.py:264: &lt;py._xmlgen.raw object at 0x7fb2a725fb38&gt;</skipped></testcase><testcase classname="src.pymortests.vectorarray" file="src/pymortests/vectorarray.py" line="264" name="test_append[compatible_vector_array_pair4-&lt;lambda&gt;28]" time="0.00041294097900390625"><skipped message="Suite splitting in effect" type="pytest.skip">src/pymortests/vectorarray.py:264: &lt;py._xmlgen.raw object at 0x7fb2a71c79b0&gt;</skipped></testcase><testcase classname="src.pymortests.vectorarray" file="src/pymortests/vectorarray.py" line="264" name="test_append[compatible_vector_array_pair4-&lt;lambda&gt;29]" time="0.00045752525329589844"><skipped message="Suite splitting in effect" type="pytest.skip">src/pymortests/vectorarray.py:264: &lt;py._xmlgen.raw object at 0x7fb29d178630&gt;</skipped></testcase><testcase classname="src.pymortests.vectorarray" file="src/pymortests/vectorarray.py" line="264" name="test_append[compatible_vector_array_pair5-&lt;lambda&gt;0]" time="0.0004189014434814453"><skipped message="Suite splitting in effect" type="pytest.skip">src/pymortests/vectorarray.py:264: &lt;py._xmlgen.raw object at 0x7fb29d178e48&gt;</skipped></testcase><testcase classname="src.pymortests.vectorarray" file="src/pymortests/vectorarray.py" line="264" name="test_append[compatible_vector_array_pair5-&lt;lambda&gt;1]" time="0.0004744529724121094"><skipped message="Suite splitting in effect" type="pytest.skip">src/pymortests/vectorarray.py:264: &lt;py._xmlgen.raw object at 0x7fb29d16bba8&gt;</skipped></testcase><testcase classname="src.pymortests.vectorarray" file="src/pymortests/vectorarray.py" line="264" name="test_append[compatible_vector_array_pair5-&lt;lambda&gt;2]" time="0.0004162788391113281"><skipped message="Suite splitting in effect" type="pytest.skip">src/pymortests/vectorarray.py:264: &lt;py._xmlgen.raw object at 0x7fb29d1625f8&gt;</skipped></testcase><testcase classname="src.pymortests.vectorarray" file="src/pymortests/vectorarray.py" line="264" name="test_append[compatible_vector_array_pair5-&lt;lambda&gt;3]" time="0.00045418739318847656"><skipped message="Suite splitting in effect" type="pytest.skip">src/pymortests/vectorarray.py:264: &lt;py._xmlgen.raw object at 0x7fb29d1629b0&gt;</skipped></testcase><testcase classname="src.pymortests.vectorarray" file="src/pymortests/vectorarray.py" line="264" name="test_append[compatible_vector_array_pair5-&lt;lambda&gt;4]" time="0.0004162788391113281"><skipped message="Suite splitting in effect" type="pytest.skip">src/pymortests/vectorarray.py:264: &lt;py._xmlgen.raw object at 0x7fb29d159e10&gt;</skipped></testcase><testcase classname="src.pymortests.vectorarray" file="src/pymortests/vectorarray.py" line="264" name="test_append[compatible_vector_array_pair5-&lt;lambda&gt;5]" time="0.00043511390686035156"><skipped message="Suite splitting in effect" type="pytest.skip">src/pymortests/vectorarray.py:264: &lt;py._xmlgen.raw object at 0x7fb2a72899b0&gt;</skipped></testcase><testcase classname="src.pymortests.vectorarray" file="src/pymortests/vectorarray.py" line="264" name="test_append[compatible_vector_array_pair5-&lt;lambda&gt;6]" time="0.00040531158447265625"><skipped message="Suite splitting in effect" type="pytest.skip">src/pymortests/vectorarray.py:264: &lt;py._xmlgen.raw object at 0x7fb29d1624a8&gt;</skipped></testcase><testcase classname="src.pymortests.vectorarray" file="src/pymortests/vectorarray.py" line="264" name="test_append[compatible_vector_array_pair5-&lt;lambda&gt;7]" time="0.0004665851593017578"><skipped message="Suite splitting in effect" type="pytest.skip">src/pymortests/vectorarray.py:264: &lt;py._xmlgen.raw object at 0x7fb29d16b710&gt;</skipped></testcase><testcase classname="src.pymortests.vectorarray" file="src/pymortests/vectorarray.py" line="264" name="test_append[compatible_vector_array_pair5-&lt;lambda&gt;8]" time="0.0004181861877441406"><skipped message="Suite splitting in effect" type="pytest.skip">src/pymortests/vectorarray.py:264: &lt;py._xmlgen.raw object at 0x7fb29d178a20&gt;</skipped></testcase><testcase classname="src.pymortests.vectorarray" file="src/pymortests/vectorarray.py" line="264" name="test_append[compatible_vector_array_pair5-&lt;lambda&gt;9]" time="0.00042700767517089844"><skipped message="Suite splitting in effect" type="pytest.skip">src/pymortests/vectorarray.py:264: &lt;py._xmlgen.raw object at 0x7fb29d178278&gt;</skipped></testcase><testcase classname="src.pymortests.vectorarray" file="src/pymortests/vectorarray.py" line="264" name="test_append[compatible_vector_array_pair5-&lt;lambda&gt;10]" time="0.00048470497131347656"><skipped message="Suite splitting in effect" type="pytest.skip">src/pymortests/vectorarray.py:264: &lt;py._xmlgen.raw object at 0x7fb2a7106518&gt;</skipped></testcase><testcase classname="src.pymortests.vectorarray" file="src/pymortests/vectorarray.py" line="264" name="test_append[compatible_vector_array_pair5-&lt;lambda&gt;11]" time="0.0004227161407470703"><skipped message="Suite splitting in effect" type="pytest.skip">src/pymortests/vectorarray.py:264: &lt;py._xmlgen.raw object at 0x7fb2a70f5f98&gt;</skipped></testcase><testcase classname="src.pymortests.vectorarray" file="src/pymortests/vectorarray.py" line="264" name="test_append[compatible_vector_array_pair5-&lt;lambda&gt;12]" time="0.0004892349243164062"><skipped message="Suite splitting in effect" type="pytest.skip">src/pymortests/vectorarray.py:264: &lt;py._xmlgen.raw object at 0x7fb29d23b9e8&gt;</skipped></testcase><testcase classname="src.pymortests.vectorarray" file="src/pymortests/vectorarray.py" line="264" name="test_append[compatible_vector_array_pair5-&lt;lambda&gt;13]" time="0.0007894039154052734"><skipped message="Suite splitting in effect" type="pytest.skip">src/pymortests/vectorarray.py:264: &lt;py._xmlgen.raw object at 0x7fb2a7144e48&gt;</skipped></testcase><testcase classname="src.pymortests.vectorarray" file="src/pymortests/vectorarray.py" line="264" name="test_append[compatible_vector_array_pair5-&lt;lambda&gt;14]" time="0.0004451274871826172"><skipped message="Suite splitting in effect" type="pytest.skip">src/pymortests/vectorarray.py:264: &lt;py._xmlgen.raw object at 0x7fb2a70e67b8&gt;</skipped></testcase><testcase classname="src.pymortests.vectorarray" file="src/pymortests/vectorarray.py" line="264" name="test_append[compatible_vector_array_pair5-&lt;lambda&gt;15]" time="0.0004334449768066406"><skipped message="Suite splitting in effect" type="pytest.skip">src/pymortests/vectorarray.py:264: &lt;py._xmlgen.raw object at 0x7fb2a71067b8&gt;</skipped></testcase><testcase classname="src.pymortests.vectorarray" file="src/pymortests/vectorarray.py" line="264" name="test_append[compatible_vector_array_pair5-&lt;lambda&gt;16]" time="0.0004165172576904297"><skipped message="Suite splitting in effect" type="pytest.skip">src/pymortests/vectorarray.py:264: &lt;py._xmlgen.raw object at 0x7fb29d178668&gt;</skipped></testcase><testcase classname="src.pymortests.vectorarray" file="src/pymortests/vectorarray.py" line="264" name="test_append[compatible_vector_array_pair5-&lt;lambda&gt;17]" time="0.00044155120849609375"><skipped message="Suite splitting in effect" type="pytest.skip">src/pymortests/vectorarray.py:264: &lt;py._xmlgen.raw object at 0x7fb29d16b668&gt;</skipped></testcase><testcase classname="src.pymortests.vectorarray" file="src/pymortests/vectorarray.py" line="264" name="test_append[compatible_vector_array_pair5-&lt;lambda&gt;18]" time="0.00042939186096191406"><skipped message="Suite splitting in effect" type="pytest.skip">src/pymortests/vectorarray.py:264: &lt;py._xmlgen.raw object at 0x7fb29d1624e0&gt;</skipped></testcase><testcase classname="src.pymortests.vectorarray" file="src/pymortests/vectorarray.py" line="264" name="test_append[compatible_vector_array_pair5-&lt;lambda&gt;19]" time="0.00044417381286621094"><skipped message="Suite splitting in effect" type="pytest.skip">src/pymortests/vectorarray.py:264: &lt;py._xmlgen.raw object at 0x7fb29d159e48&gt;</skipped></testcase><testcase classname="src.pymortests.vectorarray" file="src/pymortests/vectorarray.py" line="264" name="test_append[compatible_vector_array_pair5-&lt;lambda&gt;20]" time="0.00041937828063964844"><skipped message="Suite splitting in effect" type="pytest.skip">src/pymortests/vectorarray.py:264: &lt;py._xmlgen.raw object at 0x7fb2a71a2f98&gt;</skipped></testcase><testcase classname="src.pymortests.vectorarray" file="src/pymortests/vectorarray.py" line="264" name="test_append[compatible_vector_array_pair5-&lt;lambda&gt;21]" time="0.0007596015930175781"><skipped message="Suite splitting in effect" type="pytest.skip">src/pymortests/vectorarray.py:264: &lt;py._xmlgen.raw object at 0x7fb29d1a5c18&gt;</skipped></testcase><testcase classname="src.pymortests.vectorarray" file="src/pymortests/vectorarray.py" line="264" name="test_append[compatible_vector_array_pair5-&lt;lambda&gt;22]" time="0.0003955364227294922"><skipped message="Suite splitting in effect" type="pytest.skip">src/pymortests/vectorarray.py:264: &lt;py._xmlgen.raw object at 0x7fb29d1621d0&gt;</skipped></testcase><testcase classname="src.pymortests.vectorarray" file="src/pymortests/vectorarray.py" line="264" name="test_append[compatible_vector_array_pair5-&lt;lambda&gt;23]" time="0.00041961669921875"><skipped message="Suite splitting in effect" type="pytest.skip">src/pymortests/vectorarray.py:264: &lt;py._xmlgen.raw object at 0x7fb29d16b940&gt;</skipped></testcase><testcase classname="src.pymortests.vectorarray" file="src/pymortests/vectorarray.py" line="264" name="test_append[compatible_vector_array_pair5-&lt;lambda&gt;24]" time="0.00044083595275878906"><skipped message="Suite splitting in effect" type="pytest.skip">src/pymortests/vectorarray.py:264: &lt;py._xmlgen.raw object at 0x7fb29d178a20&gt;</skipped></testcase><testcase classname="src.pymortests.vectorarray" file="src/pymortests/vectorarray.py" line="264" name="test_append[compatible_vector_array_pair5-&lt;lambda&gt;25]" time="0.0004458427429199219"><skipped message="Suite splitting in effect" type="pytest.skip">src/pymortests/vectorarray.py:264: &lt;py._xmlgen.raw object at 0x7fb2a7117470&gt;</skipped></testcase><testcase classname="src.pymortests.vectorarray" file="src/pymortests/vectorarray.py" line="264" name="test_append[compatible_vector_array_pair5-&lt;lambda&gt;26]" time="0.00043463706970214844"><skipped message="Suite splitting in effect" type="pytest.skip">src/pymortests/vectorarray.py:264: &lt;py._xmlgen.raw object at 0x7fb2a70e65c0&gt;</skipped></testcase><testcase classname="src.pymortests.vectorarray" file="src/pymortests/vectorarray.py" line="264" name="test_append[compatible_vector_array_pair5-&lt;lambda&gt;27]" time="0.0004343986511230469"><skipped message="Suite splitting in effect" type="pytest.skip">src/pymortests/vectorarray.py:264: &lt;py._xmlgen.raw object at 0x7fb2a7144470&gt;</skipped></testcase><testcase classname="src.pymortests.vectorarray" file="src/pymortests/vectorarray.py" line="264" name="test_append[compatible_vector_array_pair5-&lt;lambda&gt;28]" time="0.0004572868347167969"><skipped message="Suite splitting in effect" type="pytest.skip">src/pymortests/vectorarray.py:264: &lt;py._xmlgen.raw object at 0x7fb29d182ba8&gt;</skipped></testcase><testcase classname="src.pymortests.vectorarray" file="src/pymortests/vectorarray.py" line="264" name="test_append[compatible_vector_array_pair5-&lt;lambda&gt;29]" time="0.0007641315460205078"><skipped message="Suite splitting in effect" type="pytest.skip">src/pymortests/vectorarray.py:264: &lt;py._xmlgen.raw object at 0x7fb29d113128&gt;</skipped></testcase><testcase classname="src.pymortests.vectorarray" file="src/pymortests/vectorarray.py" line="264" name="test_append[compatible_vector_array_pair6-&lt;lambda&gt;0]" time="0.00039887428283691406"><skipped message="Suite splitting in effect" type="pytest.skip">src/pymortests/vectorarray.py:264: &lt;py._xmlgen.raw object at 0x7fb29d182908&gt;</skipped></testcase><testcase classname="src.pymortests.vectorarray" file="src/pymortests/vectorarray.py" line="264" name="test_append[compatible_vector_array_pair6-&lt;lambda&gt;1]" time="0.00042819976806640625"><skipped message="Suite splitting in effect" type="pytest.skip">src/pymortests/vectorarray.py:264: &lt;py._xmlgen.raw object at 0x7fb29d1ca7b8&gt;</skipped></testcase><testcase classname="src.pymortests.vectorarray" file="src/pymortests/vectorarray.py" line="264" name="test_append[compatible_vector_array_pair6-&lt;lambda&gt;2]" time="0.00045680999755859375"><skipped message="Suite splitting in effect" type="pytest.skip">src/pymortests/vectorarray.py:264: &lt;py._xmlgen.raw object at 0x7fb29d2021d0&gt;</skipped></testcase><testcase classname="src.pymortests.vectorarray" file="src/pymortests/vectorarray.py" line="264" name="test_append[compatible_vector_array_pair6-&lt;lambda&gt;3]" time="0.0004570484161376953"><skipped message="Suite splitting in effect" type="pytest.skip">src/pymortests/vectorarray.py:264: &lt;py._xmlgen.raw object at 0x7fb29d178198&gt;</skipped></testcase><testcase classname="src.pymortests.vectorarray" file="src/pymortests/vectorarray.py" line="264" name="test_append[compatible_vector_array_pair6-&lt;lambda&gt;4]" time="0.00045561790466308594"><skipped message="Suite splitting in effect" type="pytest.skip">src/pymortests/vectorarray.py:264: &lt;py._xmlgen.raw object at 0x7fb29d16b9e8&gt;</skipped></testcase><testcase classname="src.pymortests.vectorarray" file="src/pymortests/vectorarray.py" line="264" name="test_append[compatible_vector_array_pair6-&lt;lambda&gt;5]" time="0.0004506111145019531"><skipped message="Suite splitting in effect" type="pytest.skip">src/pymortests/vectorarray.py:264: &lt;py._xmlgen.raw object at 0x7fb29d1627f0&gt;</skipped></testcase><testcase classname="src.pymortests.vectorarray" file="src/pymortests/vectorarray.py" line="264" name="test_append[compatible_vector_array_pair6-&lt;lambda&gt;6]" time="0.00042176246643066406"><skipped message="Suite splitting in effect" type="pytest.skip">src/pymortests/vectorarray.py:264: &lt;py._xmlgen.raw object at 0x7fb29d1a5c18&gt;</skipped></testcase><testcase classname="src.pymortests.vectorarray" file="src/pymortests/vectorarray.py" line="264" name="test_append[compatible_vector_array_pair6-&lt;lambda&gt;7]" time="0.0007398128509521484"><skipped message="Suite splitting in effect" type="pytest.skip">src/pymortests/vectorarray.py:264: &lt;py._xmlgen.raw object at 0x7fb29d113668&gt;</skipped></testcase><testcase classname="src.pymortests.vectorarray" file="src/pymortests/vectorarray.py" line="264" name="test_append[compatible_vector_array_pair6-&lt;lambda&gt;8]" time="0.0004107952117919922"><skipped message="Suite splitting in effect" type="pytest.skip">src/pymortests/vectorarray.py:264: &lt;py._xmlgen.raw object at 0x7fb29d1629e8&gt;</skipped></testcase><testcase classname="src.pymortests.vectorarray" file="src/pymortests/vectorarray.py" line="264" name="test_append[compatible_vector_array_pair6-&lt;lambda&gt;9]" time="0.0004203319549560547"><skipped message="Suite splitting in effect" type="pytest.skip">src/pymortests/vectorarray.py:264: &lt;py._xmlgen.raw object at 0x7fb29d178d30&gt;</skipped></testcase><testcase classname="src.pymortests.vectorarray" file="src/pymortests/vectorarray.py" line="264" name="test_append[compatible_vector_array_pair6-&lt;lambda&gt;10]" time="0.0004200935363769531"><skipped message="Suite splitting in effect" type="pytest.skip">src/pymortests/vectorarray.py:264: &lt;py._xmlgen.raw object at 0x7fb2a7117908&gt;</skipped></testcase><testcase classname="src.pymortests.vectorarray" file="src/pymortests/vectorarray.py" line="264" name="test_append[compatible_vector_array_pair6-&lt;lambda&gt;11]" time="0.0004715919494628906"><skipped message="Suite splitting in effect" type="pytest.skip">src/pymortests/vectorarray.py:264: &lt;py._xmlgen.raw object at 0x7fb2a7106710&gt;</skipped></testcase><testcase classname="src.pymortests.vectorarray" file="src/pymortests/vectorarray.py" line="264" name="test_append[compatible_vector_array_pair6-&lt;lambda&gt;12]" time="0.00041174888610839844"><skipped message="Suite splitting in effect" type="pytest.skip">src/pymortests/vectorarray.py:264: &lt;py._xmlgen.raw object at 0x7fb29d182898&gt;</skipped></testcase><testcase classname="src.pymortests.vectorarray" file="src/pymortests/vectorarray.py" line="264" name="test_append[compatible_vector_array_pair6-&lt;lambda&gt;13]" time="0.00042891502380371094"><skipped message="Suite splitting in effect" type="pytest.skip">src/pymortests/vectorarray.py:264: &lt;py._xmlgen.raw object at 0x7fb29d182b70&gt;</skipped></testcase><testcase classname="src.pymortests.vectorarray" file="src/pymortests/vectorarray.py" line="264" name="test_append[compatible_vector_array_pair6-&lt;lambda&gt;14]" time="0.0004532337188720703"><skipped message="Suite splitting in effect" type="pytest.skip">src/pymortests/vectorarray.py:264: &lt;py._xmlgen.raw object at 0x7fb29d113550&gt;</skipped></testcase><testcase classname="src.pymortests.vectorarray" file="src/pymortests/vectorarray.py" line="264" name="test_append[compatible_vector_array_pair6-&lt;lambda&gt;15]" time="0.0004298686981201172"><skipped message="Suite splitting in effect" type="pytest.skip">src/pymortests/vectorarray.py:264: &lt;py._xmlgen.raw object at 0x7fb29d113c88&gt;</skipped></testcase><testcase classname="src.pymortests.vectorarray" file="src/pymortests/vectorarray.py" line="264" name="test_append[compatible_vector_array_pair6-&lt;lambda&gt;16]" time="0.0014286041259765625"><skipped message="Suite splitting in effect" type="pytest.skip">src/pymortests/vectorarray.py:264: &lt;py._xmlgen.raw object at 0x7fb29d182a90&gt;</skipped></testcase><testcase classname="src.pymortests.vectorarray" file="src/pymortests/vectorarray.py" line="264" name="test_append[compatible_vector_array_pair6-&lt;lambda&gt;17]" time="0.0004978179931640625"><skipped message="Suite splitting in effect" type="pytest.skip">src/pymortests/vectorarray.py:264: &lt;py._xmlgen.raw object at 0x7fb2a7133cf8&gt;</skipped></testcase><testcase classname="src.pymortests.vectorarray" file="src/pymortests/vectorarray.py" line="264" name="test_append[compatible_vector_array_pair6-&lt;lambda&gt;18]" time="0.00044226646423339844"><skipped message="Suite splitting in effect" type="pytest.skip">src/pymortests/vectorarray.py:264: &lt;py._xmlgen.raw object at 0x7fb29d178898&gt;</skipped></testcase><testcase classname="src.pymortests.vectorarray" file="src/pymortests/vectorarray.py" line="264" name="test_append[compatible_vector_array_pair6-&lt;lambda&gt;19]" time="0.0004420280456542969"><skipped message="Suite splitting in effect" type="pytest.skip">src/pymortests/vectorarray.py:264: &lt;py._xmlgen.raw object at 0x7fb2a70a77b8&gt;</skipped></testcase><testcase classname="src.pymortests.vectorarray" file="src/pymortests/vectorarray.py" line="264" name="test_append[compatible_vector_array_pair6-&lt;lambda&gt;20]" time="0.0004184246063232422"><skipped message="Suite splitting in effect" type="pytest.skip">src/pymortests/vectorarray.py:264: &lt;py._xmlgen.raw object at 0x7fb29d159a58&gt;</skipped></testcase><testcase classname="src.pymortests.vectorarray" file="src/pymortests/vectorarray.py" line="264" name="test_append[compatible_vector_array_pair6-&lt;lambda&gt;21]" time="0.00044155120849609375"><skipped message="Suite splitting in effect" type="pytest.skip">src/pymortests/vectorarray.py:264: &lt;py._xmlgen.raw object at 0x7fb29d113c50&gt;</skipped></testcase><testcase classname="src.pymortests.vectorarray" file="src/pymortests/vectorarray.py" line="264" name="test_append[compatible_vector_array_pair6-&lt;lambda&gt;22]" time="0.00045609474182128906"><skipped message="Suite splitting in effect" type="pytest.skip">src/pymortests/vectorarray.py:264: &lt;py._xmlgen.raw object at 0x7fb29d113208&gt;</skipped></testcase><testcase classname="src.pymortests.vectorarray" file="src/pymortests/vectorarray.py" line="264" name="test_append[compatible_vector_array_pair6-&lt;lambda&gt;23]" time="0.0004169940948486328"><skipped message="Suite splitting in effect" type="pytest.skip">src/pymortests/vectorarray.py:264: &lt;py._xmlgen.raw object at 0x7fb29d11e1d0&gt;</skipped></testcase><testcase classname="src.pymortests.vectorarray" file="src/pymortests/vectorarray.py" line="264" name="test_append[compatible_vector_array_pair6-&lt;lambda&gt;24]" time="0.0007157325744628906"><skipped message="Suite splitting in effect" type="pytest.skip">src/pymortests/vectorarray.py:264: &lt;py._xmlgen.raw object at 0x7fb29d1137f0&gt;</skipped></testcase><testcase classname="src.pymortests.vectorarray" file="src/pymortests/vectorarray.py" line="264" name="test_append[compatible_vector_array_pair6-&lt;lambda&gt;25]" time="0.00044417381286621094"><skipped message="Suite splitting in effect" type="pytest.skip">src/pymortests/vectorarray.py:264: &lt;py._xmlgen.raw object at 0x7fb29d1624e0&gt;</skipped></testcase><testcase classname="src.pymortests.vectorarray" file="src/pymortests/vectorarray.py" line="264" name="test_append[compatible_vector_array_pair6-&lt;lambda&gt;26]" time="0.00041413307189941406"><skipped message="Suite splitting in effect" type="pytest.skip">src/pymortests/vectorarray.py:264: &lt;py._xmlgen.raw object at 0x7fb2a70a79b0&gt;</skipped></testcase><testcase classname="src.pymortests.vectorarray" file="src/pymortests/vectorarray.py" line="264" name="test_append[compatible_vector_array_pair6-&lt;lambda&gt;27]" time="0.00041866302490234375"><skipped message="Suite splitting in effect" type="pytest.skip">src/pymortests/vectorarray.py:264: &lt;py._xmlgen.raw object at 0x7fb29d16b400&gt;</skipped></testcase><testcase classname="src.pymortests.vectorarray" file="src/pymortests/vectorarray.py" line="264" name="test_append[compatible_vector_array_pair6-&lt;lambda&gt;28]" time="0.0004181861877441406"><skipped message="Suite splitting in effect" type="pytest.skip">src/pymortests/vectorarray.py:264: &lt;py._xmlgen.raw object at 0x7fb2a7117b00&gt;</skipped></testcase><testcase classname="src.pymortests.vectorarray" file="src/pymortests/vectorarray.py" line="264" name="test_append[compatible_vector_array_pair6-&lt;lambda&gt;29]" time="0.00042557716369628906"><skipped message="Suite splitting in effect" type="pytest.skip">src/pymortests/vectorarray.py:264: &lt;py._xmlgen.raw object at 0x7fb2a725f400&gt;</skipped></testcase><testcase classname="src.pymortests.vectorarray" file="src/pymortests/vectorarray.py" line="264" name="test_append[compatible_vector_array_pair7-&lt;lambda&gt;0]" time="0.0004706382751464844"><skipped message="Suite splitting in effect" type="pytest.skip">src/pymortests/vectorarray.py:264: &lt;py._xmlgen.raw object at 0x7fb29d11e358&gt;</skipped></testcase><testcase classname="src.pymortests.vectorarray" file="src/pymortests/vectorarray.py" line="264" name="test_append[compatible_vector_array_pair7-&lt;lambda&gt;1]" time="0.0004379749298095703"><skipped message="Suite splitting in effect" type="pytest.skip">src/pymortests/vectorarray.py:264: &lt;py._xmlgen.raw object at 0x7fb29d11e710&gt;</skipped></testcase><testcase classname="src.pymortests.vectorarray" file="src/pymortests/vectorarray.py" line="264" name="test_append[compatible_vector_array_pair7-&lt;lambda&gt;2]" time="0.0007269382476806641"><skipped message="Suite splitting in effect" type="pytest.skip">src/pymortests/vectorarray.py:264: &lt;py._xmlgen.raw object at 0x7fb29d182ef0&gt;</skipped></testcase><testcase classname="src.pymortests.vectorarray" file="src/pymortests/vectorarray.py" line="264" name="test_append[compatible_vector_array_pair7-&lt;lambda&gt;3]" time="0.0004513263702392578"><skipped message="Suite splitting in effect" type="pytest.skip">src/pymortests/vectorarray.py:264: &lt;py._xmlgen.raw object at 0x7fb2a7106470&gt;</skipped></testcase><testcase classname="src.pymortests.vectorarray" file="src/pymortests/vectorarray.py" line="264" name="test_append[compatible_vector_array_pair7-&lt;lambda&gt;4]" time="0.0004150867462158203"><skipped message="Suite splitting in effect" type="pytest.skip">src/pymortests/vectorarray.py:264: &lt;py._xmlgen.raw object at 0x7fb29d178208&gt;</skipped></testcase><testcase classname="src.pymortests.vectorarray" file="src/pymortests/vectorarray.py" line="264" name="test_append[compatible_vector_array_pair7-&lt;lambda&gt;5]" time="0.0004363059997558594"><skipped message="Suite splitting in effect" type="pytest.skip">src/pymortests/vectorarray.py:264: &lt;py._xmlgen.raw object at 0x7fb2a70a7668&gt;</skipped></testcase><testcase classname="src.pymortests.vectorarray" file="src/pymortests/vectorarray.py" line="264" name="test_append[compatible_vector_array_pair7-&lt;lambda&gt;6]" time="0.0004487037658691406"><skipped message="Suite splitting in effect" type="pytest.skip">src/pymortests/vectorarray.py:264: &lt;py._xmlgen.raw object at 0x7fb29d162c50&gt;</skipped></testcase><testcase classname="src.pymortests.vectorarray" file="src/pymortests/vectorarray.py" line="264" name="test_append[compatible_vector_array_pair7-&lt;lambda&gt;7]" time="0.000614166259765625"><skipped message="Suite splitting in effect" type="pytest.skip">src/pymortests/vectorarray.py:264: &lt;py._xmlgen.raw object at 0x7fb29d113278&gt;</skipped></testcase><testcase classname="src.pymortests.vectorarray" file="src/pymortests/vectorarray.py" line="264" name="test_append[compatible_vector_array_pair7-&lt;lambda&gt;8]" time="0.0004489421844482422"><skipped message="Suite splitting in effect" type="pytest.skip">src/pymortests/vectorarray.py:264: &lt;py._xmlgen.raw object at 0x7fb29d11e048&gt;</skipped></testcase><testcase classname="src.pymortests.vectorarray" file="src/pymortests/vectorarray.py" line="264" name="test_append[compatible_vector_array_pair7-&lt;lambda&gt;9]" time="0.0004630088806152344"><skipped message="Suite splitting in effect" type="pytest.skip">src/pymortests/vectorarray.py:264: &lt;py._xmlgen.raw object at 0x7fb29d11efd0&gt;</skipped></testcase><testcase classname="src.pymortests.vectorarray" file="src/pymortests/vectorarray.py" line="264" name="test_append[compatible_vector_array_pair7-&lt;lambda&gt;10]" time="0.0007691383361816406"><skipped message="Suite splitting in effect" type="pytest.skip">src/pymortests/vectorarray.py:264: &lt;py._xmlgen.raw object at 0x7fb29d12a550&gt;</skipped></testcase><testcase classname="src.pymortests.vectorarray" file="src/pymortests/vectorarray.py" line="264" name="test_append[compatible_vector_array_pair7-&lt;lambda&gt;11]" time="0.00042939186096191406"><skipped message="Suite splitting in effect" type="pytest.skip">src/pymortests/vectorarray.py:264: &lt;py._xmlgen.raw object at 0x7fb29d11e780&gt;</skipped></testcase><testcase classname="src.pymortests.vectorarray" file="src/pymortests/vectorarray.py" line="264" name="test_append[compatible_vector_array_pair7-&lt;lambda&gt;12]" time="0.0004801750183105469"><skipped message="Suite splitting in effect" type="pytest.skip">src/pymortests/vectorarray.py:264: &lt;py._xmlgen.raw object at 0x7fb29d113828&gt;</skipped></testcase><testcase classname="src.pymortests.vectorarray" file="src/pymortests/vectorarray.py" line="264" name="test_append[compatible_vector_array_pair7-&lt;lambda&gt;13]" time="0.00041365623474121094"><skipped message="Suite splitting in effect" type="pytest.skip">src/pymortests/vectorarray.py:264: &lt;py._xmlgen.raw object at 0x7fb29d162978&gt;</skipped></testcase><testcase classname="src.pymortests.vectorarray" file="src/pymortests/vectorarray.py" line="264" name="test_append[compatible_vector_array_pair7-&lt;lambda&gt;14]" time="0.00043964385986328125"><skipped message="Suite splitting in effect" type="pytest.skip">src/pymortests/vectorarray.py:264: &lt;py._xmlgen.raw object at 0x7fb2a7117b00&gt;</skipped></testcase><testcase classname="src.pymortests.vectorarray" file="src/pymortests/vectorarray.py" line="264" name="test_append[compatible_vector_array_pair7-&lt;lambda&gt;15]" time="0.0004208087921142578"><skipped message="Suite splitting in effect" type="pytest.skip">src/pymortests/vectorarray.py:264: &lt;py._xmlgen.raw object at 0x7fb2a70b7710&gt;</skipped></testcase><testcase classname="src.pymortests.vectorarray" file="src/pymortests/vectorarray.py" line="264" name="test_append[compatible_vector_array_pair7-&lt;lambda&gt;16]" time="0.00045371055603027344"><skipped message="Suite splitting in effect" type="pytest.skip">src/pymortests/vectorarray.py:264: &lt;py._xmlgen.raw object at 0x7fb29d182c18&gt;</skipped></testcase><testcase classname="src.pymortests.vectorarray" file="src/pymortests/vectorarray.py" line="264" name="test_append[compatible_vector_array_pair7-&lt;lambda&gt;17]" time="0.00044345855712890625"><skipped message="Suite splitting in effect" type="pytest.skip">src/pymortests/vectorarray.py:264: &lt;py._xmlgen.raw object at 0x7fb29d12a0b8&gt;</skipped></testcase><testcase classname="src.pymortests.vectorarray" file="src/pymortests/vectorarray.py" line="264" name="test_append[compatible_vector_array_pair7-&lt;lambda&gt;18]" time="0.0007898807525634766"><skipped message="Suite splitting in effect" type="pytest.skip">src/pymortests/vectorarray.py:264: &lt;py._xmlgen.raw object at 0x7fb29d12aa90&gt;</skipped></testcase><testcase classname="src.pymortests.vectorarray" file="src/pymortests/vectorarray.py" line="264" name="test_append[compatible_vector_array_pair7-&lt;lambda&gt;19]" time="0.00043272972106933594"><skipped message="Suite splitting in effect" type="pytest.skip">src/pymortests/vectorarray.py:264: &lt;py._xmlgen.raw object at 0x7fb29d1a1940&gt;</skipped></testcase><testcase classname="src.pymortests.vectorarray" file="src/pymortests/vectorarray.py" line="264" name="test_append[compatible_vector_array_pair7-&lt;lambda&gt;20]" time="0.0004394054412841797"><skipped message="Suite splitting in effect" type="pytest.skip">src/pymortests/vectorarray.py:264: &lt;py._xmlgen.raw object at 0x7fb2a71179b0&gt;</skipped></testcase><testcase classname="src.pymortests.vectorarray" file="src/pymortests/vectorarray.py" line="264" name="test_append[compatible_vector_array_pair7-&lt;lambda&gt;21]" time="0.00039124488830566406"><skipped message="Suite splitting in effect" type="pytest.skip">src/pymortests/vectorarray.py:264: &lt;py._xmlgen.raw object at 0x7fb2a71a27b8&gt;</skipped></testcase><testcase classname="src.pymortests.vectorarray" file="src/pymortests/vectorarray.py" line="264" name="test_append[compatible_vector_array_pair7-&lt;lambda&gt;22]" time="0.0005085468292236328"><skipped message="Suite splitting in effect" type="pytest.skip">src/pymortests/vectorarray.py:264: &lt;py._xmlgen.raw object at 0x7fb29d1133c8&gt;</skipped></testcase><testcase classname="src.pymortests.vectorarray" file="src/pymortests/vectorarray.py" line="264" name="test_append[compatible_vector_array_pair7-&lt;lambda&gt;23]" time="0.000621795654296875"><skipped message="Suite splitting in effect" type="pytest.skip">src/pymortests/vectorarray.py:264: &lt;py._xmlgen.raw object at 0x7fb29d11efd0&gt;</skipped></testcase><testcase classname="src.pymortests.vectorarray" file="src/pymortests/vectorarray.py" line="264" name="test_append[compatible_vector_array_pair7-&lt;lambda&gt;24]" time="0.0004303455352783203"><skipped message="Suite splitting in effect" type="pytest.skip">src/pymortests/vectorarray.py:264: &lt;py._xmlgen.raw object at 0x7fb29d12a780&gt;</skipped></testcase><testcase classname="src.pymortests.vectorarray" file="src/pymortests/vectorarray.py" line="264" name="test_append[compatible_vector_array_pair7-&lt;lambda&gt;25]" time="0.0004341602325439453"><skipped message="Suite splitting in effect" type="pytest.skip">src/pymortests/vectorarray.py:264: &lt;py._xmlgen.raw object at 0x7fb29d12a2b0&gt;</skipped></testcase><testcase classname="src.pymortests.vectorarray" file="src/pymortests/vectorarray.py" line="264" name="test_append[compatible_vector_array_pair7-&lt;lambda&gt;26]" time="0.0004627704620361328"><skipped message="Suite splitting in effect" type="pytest.skip">src/pymortests/vectorarray.py:264: &lt;py._xmlgen.raw object at 0x7fb29d1330f0&gt;</skipped></testcase><testcase classname="src.pymortests.vectorarray" file="src/pymortests/vectorarray.py" line="264" name="test_append[compatible_vector_array_pair7-&lt;lambda&gt;27]" time="0.00043511390686035156"><skipped message="Suite splitting in effect" type="pytest.skip">src/pymortests/vectorarray.py:264: &lt;py._xmlgen.raw object at 0x7fb29d12a208&gt;</skipped></testcase><testcase classname="src.pymortests.vectorarray" file="src/pymortests/vectorarray.py" line="264" name="test_append[compatible_vector_array_pair7-&lt;lambda&gt;28]" time="0.0004813671112060547"><skipped message="Suite splitting in effect" type="pytest.skip">src/pymortests/vectorarray.py:264: &lt;py._xmlgen.raw object at 0x7fb29d12ab70&gt;</skipped></testcase><testcase classname="src.pymortests.vectorarray" file="src/pymortests/vectorarray.py" line="264" name="test_append[compatible_vector_array_pair7-&lt;lambda&gt;29]" time="0.00046253204345703125"><skipped message="Suite splitting in effect" type="pytest.skip">src/pymortests/vectorarray.py:264: &lt;py._xmlgen.raw object at 0x7fb29d11e6d8&gt;</skipped></testcase><testcase classname="src.pymortests.vectorarray" file="src/pymortests/vectorarray.py" line="264" name="test_append[compatible_vector_array_pair8-&lt;lambda&gt;0]" time="0.0004191398620605469"><skipped message="Suite splitting in effect" type="pytest.skip">src/pymortests/vectorarray.py:264: &lt;py._xmlgen.raw object at 0x7fb29d159e10&gt;</skipped></testcase><testcase classname="src.pymortests.vectorarray" file="src/pymortests/vectorarray.py" line="264" name="test_append[compatible_vector_array_pair8-&lt;lambda&gt;1]" time="0.0004336833953857422"><skipped message="Suite splitting in effect" type="pytest.skip">src/pymortests/vectorarray.py:264: &lt;py._xmlgen.raw object at 0x7fb29d16b2e8&gt;</skipped></testcase><testcase classname="src.pymortests.vectorarray" file="src/pymortests/vectorarray.py" line="264" name="test_append[compatible_vector_array_pair8-&lt;lambda&gt;2]" time="0.00041031837463378906"><skipped message="Suite splitting in effect" type="pytest.skip">src/pymortests/vectorarray.py:264: &lt;py._xmlgen.raw object at 0x7fb2a7106c50&gt;</skipped></testcase><testcase classname="src.pymortests.vectorarray" file="src/pymortests/vectorarray.py" line="264" name="test_append[compatible_vector_array_pair8-&lt;lambda&gt;3]" time="0.00045180320739746094"><skipped message="Suite splitting in effect" type="pytest.skip">src/pymortests/vectorarray.py:264: &lt;py._xmlgen.raw object at 0x7fb2a7144518&gt;</skipped></testcase><testcase classname="src.pymortests.vectorarray" file="src/pymortests/vectorarray.py" line="264" name="test_append[compatible_vector_array_pair8-&lt;lambda&gt;4]" time="0.0004124641418457031"><skipped message="Suite splitting in effect" type="pytest.skip">src/pymortests/vectorarray.py:264: &lt;py._xmlgen.raw object at 0x7fb29d1335f8&gt;</skipped></testcase><testcase classname="src.pymortests.vectorarray" file="src/pymortests/vectorarray.py" line="264" name="test_append[compatible_vector_array_pair8-&lt;lambda&gt;5]" time="0.0004425048828125"><skipped message="Suite splitting in effect" type="pytest.skip">src/pymortests/vectorarray.py:264: &lt;py._xmlgen.raw object at 0x7fb2a70a75c0&gt;</skipped></testcase><testcase classname="src.pymortests.vectorarray" file="src/pymortests/vectorarray.py" line="264" name="test_append[compatible_vector_array_pair8-&lt;lambda&gt;6]" time="0.00044345855712890625"><skipped message="Suite splitting in effect" type="pytest.skip">src/pymortests/vectorarray.py:264: &lt;py._xmlgen.raw object at 0x7fb29d12a908&gt;</skipped></testcase><testcase classname="src.pymortests.vectorarray" file="src/pymortests/vectorarray.py" line="264" name="test_append[compatible_vector_array_pair8-&lt;lambda&gt;7]" time="0.00042724609375"><skipped message="Suite splitting in effect" type="pytest.skip">src/pymortests/vectorarray.py:264: &lt;py._xmlgen.raw object at 0x7fb29d12a940&gt;</skipped></testcase><testcase classname="src.pymortests.vectorarray" file="src/pymortests/vectorarray.py" line="264" name="test_append[compatible_vector_array_pair8-&lt;lambda&gt;8]" time="0.0004630088806152344"><skipped message="Suite splitting in effect" type="pytest.skip">src/pymortests/vectorarray.py:264: &lt;py._xmlgen.raw object at 0x7fb29d12a550&gt;</skipped></testcase><testcase classname="src.pymortests.vectorarray" file="src/pymortests/vectorarray.py" line="264" name="test_append[compatible_vector_array_pair8-&lt;lambda&gt;9]" time="0.00045490264892578125"><skipped message="Suite splitting in effect" type="pytest.skip">src/pymortests/vectorarray.py:264: &lt;py._xmlgen.raw object at 0x7fb29d11e860&gt;</skipped></testcase><testcase classname="src.pymortests.vectorarray" file="src/pymortests/vectorarray.py" line="264" name="test_append[compatible_vector_array_pair8-&lt;lambda&gt;10]" time="0.00042438507080078125"><skipped message="Suite splitting in effect" type="pytest.skip">src/pymortests/vectorarray.py:264: &lt;py._xmlgen.raw object at 0x7fb29d11e9b0&gt;</skipped></testcase><testcase classname="src.pymortests.vectorarray" file="src/pymortests/vectorarray.py" line="264" name="test_append[compatible_vector_array_pair8-&lt;lambda&gt;11]" time="0.0004439353942871094"><skipped message="Suite splitting in effect" type="pytest.skip">src/pymortests/vectorarray.py:264: &lt;py._xmlgen.raw object at 0x7fb29d113358&gt;</skipped></testcase><testcase classname="src.pymortests.vectorarray" file="src/pymortests/vectorarray.py" line="264" name="test_append[compatible_vector_array_pair8-&lt;lambda&gt;12]" time="0.0005331039428710938"><skipped message="Suite splitting in effect" type="pytest.skip">src/pymortests/vectorarray.py:264: &lt;py._xmlgen.raw object at 0x7fb2a71a2ef0&gt;</skipped></testcase><testcase classname="src.pymortests.vectorarray" file="src/pymortests/vectorarray.py" line="264" name="test_append[compatible_vector_array_pair8-&lt;lambda&gt;13]" time="0.0007205009460449219"><skipped message="Suite splitting in effect" type="pytest.skip">src/pymortests/vectorarray.py:264: &lt;py._xmlgen.raw object at 0x7fb29d113668&gt;</skipped></testcase><testcase classname="src.pymortests.vectorarray" file="src/pymortests/vectorarray.py" line="264" name="test_append[compatible_vector_array_pair8-&lt;lambda&gt;14]" time="0.0004382133483886719"><skipped message="Suite splitting in effect" type="pytest.skip">src/pymortests/vectorarray.py:264: &lt;py._xmlgen.raw object at 0x7fb29d11e2e8&gt;</skipped></testcase><testcase classname="src.pymortests.vectorarray" file="src/pymortests/vectorarray.py" line="264" name="test_append[compatible_vector_array_pair8-&lt;lambda&gt;15]" time="0.00043892860412597656"><skipped message="Suite splitting in effect" type="pytest.skip">src/pymortests/vectorarray.py:264: &lt;py._xmlgen.raw object at 0x7fb2a70b7c50&gt;</skipped></testcase><testcase classname="src.pymortests.vectorarray" file="src/pymortests/vectorarray.py" line="264" name="test_append[compatible_vector_array_pair8-&lt;lambda&gt;16]" time="0.0006124973297119141"><skipped message="Suite splitting in effect" type="pytest.skip">src/pymortests/vectorarray.py:264: &lt;py._xmlgen.raw object at 0x7fb29d12ae10&gt;</skipped></testcase><testcase classname="src.pymortests.vectorarray" file="src/pymortests/vectorarray.py" line="264" name="test_append[compatible_vector_array_pair8-&lt;lambda&gt;17]" time="0.0004341602325439453"><skipped message="Suite splitting in effect" type="pytest.skip">src/pymortests/vectorarray.py:264: &lt;py._xmlgen.raw object at 0x7fb29d12acc0&gt;</skipped></testcase><testcase classname="src.pymortests.vectorarray" file="src/pymortests/vectorarray.py" line="264" name="test_append[compatible_vector_array_pair8-&lt;lambda&gt;18]" time="0.0004630088806152344"><skipped message="Suite splitting in effect" type="pytest.skip">src/pymortests/vectorarray.py:264: &lt;py._xmlgen.raw object at 0x7fb2a70ca710&gt;</skipped></testcase><testcase classname="src.pymortests.vectorarray" file="src/pymortests/vectorarray.py" line="264" name="test_append[compatible_vector_array_pair8-&lt;lambda&gt;19]" time="0.00047969818115234375"><skipped message="Suite splitting in effect" type="pytest.skip">src/pymortests/vectorarray.py:264: &lt;py._xmlgen.raw object at 0x7fb2a70a7b00&gt;</skipped></testcase><testcase classname="src.pymortests.vectorarray" file="src/pymortests/vectorarray.py" line="264" name="test_append[compatible_vector_array_pair8-&lt;lambda&gt;20]" time="0.0004208087921142578"><skipped message="Suite splitting in effect" type="pytest.skip">src/pymortests/vectorarray.py:264: &lt;py._xmlgen.raw object at 0x7fb29d182160&gt;</skipped></testcase><testcase classname="src.pymortests.vectorarray" file="src/pymortests/vectorarray.py" line="264" name="test_append[compatible_vector_array_pair8-&lt;lambda&gt;21]" time="0.00041365623474121094"><skipped message="Suite splitting in effect" type="pytest.skip">src/pymortests/vectorarray.py:264: &lt;py._xmlgen.raw object at 0x7fb29d20ffd0&gt;</skipped></testcase><testcase classname="src.pymortests.vectorarray" file="src/pymortests/vectorarray.py" line="264" name="test_append[compatible_vector_array_pair8-&lt;lambda&gt;22]" time="0.0004489421844482422"><skipped message="Suite splitting in effect" type="pytest.skip">src/pymortests/vectorarray.py:264: &lt;py._xmlgen.raw object at 0x7fb29d178198&gt;</skipped></testcase><testcase classname="src.pymortests.vectorarray" file="src/pymortests/vectorarray.py" line="264" name="test_append[compatible_vector_array_pair8-&lt;lambda&gt;23]" time="0.0004203319549560547"><skipped message="Suite splitting in effect" type="pytest.skip">src/pymortests/vectorarray.py:264: &lt;py._xmlgen.raw object at 0x7fb2a70ca710&gt;</skipped></testcase><testcase classname="src.pymortests.vectorarray" file="src/pymortests/vectorarray.py" line="264" name="test_append[compatible_vector_array_pair8-&lt;lambda&gt;24]" time="0.0004394054412841797"><skipped message="Suite splitting in effect" type="pytest.skip">src/pymortests/vectorarray.py:264: &lt;py._xmlgen.raw object at 0x7fb29d12a940&gt;</skipped></testcase><testcase classname="src.pymortests.vectorarray" file="src/pymortests/vectorarray.py" line="264" name="test_append[compatible_vector_array_pair8-&lt;lambda&gt;25]" time="0.00039958953857421875"><skipped message="Suite splitting in effect" type="pytest.skip">src/pymortests/vectorarray.py:264: &lt;py._xmlgen.raw object at 0x7fb29d12ada0&gt;</skipped></testcase><testcase classname="src.pymortests.vectorarray" file="src/pymortests/vectorarray.py" line="264" name="test_append[compatible_vector_array_pair8-&lt;lambda&gt;26]" time="0.00044035911560058594"><skipped message="Suite splitting in effect" type="pytest.skip">src/pymortests/vectorarray.py:264: &lt;py._xmlgen.raw object at 0x7fb29d11e860&gt;</skipped></testcase><testcase classname="src.pymortests.vectorarray" file="src/pymortests/vectorarray.py" line="264" name="test_append[compatible_vector_array_pair8-&lt;lambda&gt;27]" time="0.0004551410675048828"><skipped message="Suite splitting in effect" type="pytest.skip">src/pymortests/vectorarray.py:264: &lt;py._xmlgen.raw object at 0x7fb29d1138d0&gt;</skipped></testcase><testcase classname="src.pymortests.vectorarray" file="src/pymortests/vectorarray.py" line="264" name="test_append[compatible_vector_array_pair8-&lt;lambda&gt;28]" time="0.0004374980926513672"><skipped message="Suite splitting in effect" type="pytest.skip">src/pymortests/vectorarray.py:264: &lt;py._xmlgen.raw object at 0x7fb29d133240&gt;</skipped></testcase><testcase classname="src.pymortests.vectorarray" file="src/pymortests/vectorarray.py" line="264" name="test_append[compatible_vector_array_pair8-&lt;lambda&gt;29]" time="0.0007615089416503906"><skipped message="Suite splitting in effect" type="pytest.skip">src/pymortests/vectorarray.py:264: &lt;py._xmlgen.raw object at 0x7fb29d133cf8&gt;</skipped></testcase><testcase classname="src.pymortests.vectorarray" file="src/pymortests/vectorarray.py" line="290" name="test_append_self[0-&lt;lambda&gt;0]" time="0.0004687309265136719"><skipped message="Suite splitting in effect" type="pytest.skip">src/pymortests/vectorarray.py:290: &lt;py._xmlgen.raw object at 0x7fb29d11e860&gt;</skipped></testcase><testcase classname="src.pymortests.vectorarray" file="src/pymortests/vectorarray.py" line="290" name="test_append_self[0-&lt;lambda&gt;1]" time="0.00040221214294433594"><skipped message="Suite splitting in effect" type="pytest.skip">src/pymortests/vectorarray.py:290: &lt;py._xmlgen.raw object at 0x7fb29d12a0b8&gt;</skipped></testcase><testcase classname="src.pymortests.vectorarray" file="src/pymortests/vectorarray.py" line="290" name="test_append_self[0-&lt;lambda&gt;2]" time="0.00042247772216796875"><skipped message="Suite splitting in effect" type="pytest.skip">src/pymortests/vectorarray.py:290: &lt;py._xmlgen.raw object at 0x7fb29d12a470&gt;</skipped></testcase><testcase classname="src.pymortests.vectorarray" file="src/pymortests/vectorarray.py" line="290" name="test_append_self[0-&lt;lambda&gt;3]" time="0.0004241466522216797"><skipped message="Suite splitting in effect" type="pytest.skip">src/pymortests/vectorarray.py:290: &lt;py._xmlgen.raw object at 0x7fb2a70ca710&gt;</skipped></testcase><testcase classname="src.pymortests.vectorarray" file="src/pymortests/vectorarray.py" line="290" name="test_append_self[0-&lt;lambda&gt;4]" time="0.00044846534729003906"><skipped message="Suite splitting in effect" type="pytest.skip">src/pymortests/vectorarray.py:290: &lt;py._xmlgen.raw object at 0x7fb29d182320&gt;</skipped></testcase><testcase classname="src.pymortests.vectorarray" file="src/pymortests/vectorarray.py" line="290" name="test_append_self[0-&lt;lambda&gt;5]" time="0.00041556358337402344"><skipped message="Suite splitting in effect" type="pytest.skip">src/pymortests/vectorarray.py:290: &lt;py._xmlgen.raw object at 0x7fb29d133d68&gt;</skipped></testcase><testcase classname="src.pymortests.vectorarray" file="src/pymortests/vectorarray.py" line="290" name="test_append_self[0-&lt;lambda&gt;6]" time="0.00048542022705078125"><skipped message="Suite splitting in effect" type="pytest.skip">src/pymortests/vectorarray.py:290: &lt;py._xmlgen.raw object at 0x7fb29d133390&gt;</skipped></testcase><testcase classname="src.pymortests.vectorarray" file="src/pymortests/vectorarray.py" line="290" name="test_append_self[0-&lt;lambda&gt;7]" time="0.000438690185546875"><skipped message="Suite splitting in effect" type="pytest.skip">src/pymortests/vectorarray.py:290: &lt;py._xmlgen.raw object at 0x7fb29d143278&gt;</skipped></testcase><testcase classname="src.pymortests.vectorarray" file="src/pymortests/vectorarray.py" line="290" name="test_append_self[0-&lt;lambda&gt;8]" time="0.0004355907440185547"><skipped message="Suite splitting in effect" type="pytest.skip">src/pymortests/vectorarray.py:290: &lt;py._xmlgen.raw object at 0x7fb29d133a58&gt;</skipped></testcase><testcase classname="src.pymortests.vectorarray" file="src/pymortests/vectorarray.py" line="290" name="test_append_self[0-&lt;lambda&gt;9]" time="0.00043892860412597656"><skipped message="Suite splitting in effect" type="pytest.skip">src/pymortests/vectorarray.py:290: &lt;py._xmlgen.raw object at 0x7fb2a70da5c0&gt;</skipped></testcase><testcase classname="src.pymortests.vectorarray" file="src/pymortests/vectorarray.py" line="290" name="test_append_self[0-&lt;lambda&gt;10]" time="0.0005249977111816406"><skipped message="Suite splitting in effect" type="pytest.skip">src/pymortests/vectorarray.py:290: &lt;py._xmlgen.raw object at 0x7fb29d1822e8&gt;</skipped></testcase><testcase classname="src.pymortests.vectorarray" file="src/pymortests/vectorarray.py" line="290" name="test_append_self[0-&lt;lambda&gt;11]" time="0.0004482269287109375"><skipped message="Suite splitting in effect" type="pytest.skip">src/pymortests/vectorarray.py:290: &lt;py._xmlgen.raw object at 0x7fb2a70f5908&gt;</skipped></testcase><testcase classname="src.pymortests.vectorarray" file="src/pymortests/vectorarray.py" line="290" name="test_append_self[0-&lt;lambda&gt;12]" time="0.00043010711669921875"><skipped message="Suite splitting in effect" type="pytest.skip">src/pymortests/vectorarray.py:290: &lt;py._xmlgen.raw object at 0x7fb29d12af60&gt;</skipped></testcase><testcase classname="src.pymortests.vectorarray" file="src/pymortests/vectorarray.py" line="290" name="test_append_self[0-&lt;lambda&gt;13]" time="0.0004832744598388672"><skipped message="Suite splitting in effect" type="pytest.skip">src/pymortests/vectorarray.py:290: &lt;py._xmlgen.raw object at 0x7fb29d11ed30&gt;</skipped></testcase><testcase classname="src.pymortests.vectorarray" file="src/pymortests/vectorarray.py" line="290" name="test_append_self[0-&lt;lambda&gt;14]" time="0.0004603862762451172"><skipped message="Suite splitting in effect" type="pytest.skip">src/pymortests/vectorarray.py:290: &lt;py._xmlgen.raw object at 0x7fb29d143438&gt;</skipped></testcase><testcase classname="src.pymortests.vectorarray" file="src/pymortests/vectorarray.py" line="290" name="test_append_self[0-&lt;lambda&gt;15]" time="0.0004200935363769531"><skipped message="Suite splitting in effect" type="pytest.skip">src/pymortests/vectorarray.py:290: &lt;py._xmlgen.raw object at 0x7fb29d143780&gt;</skipped></testcase><testcase classname="src.pymortests.vectorarray" file="src/pymortests/vectorarray.py" line="290" name="test_append_self[0-&lt;lambda&gt;16]" time="0.0008096694946289062"><skipped message="Suite splitting in effect" type="pytest.skip">src/pymortests/vectorarray.py:290: &lt;py._xmlgen.raw object at 0x7fb29d11e860&gt;</skipped></testcase><testcase classname="src.pymortests.vectorarray" file="src/pymortests/vectorarray.py" line="290" name="test_append_self[0-&lt;lambda&gt;17]" time="0.0006144046783447266"><skipped message="Suite splitting in effect" type="pytest.skip">src/pymortests/vectorarray.py:290: &lt;py._xmlgen.raw object at 0x7fb29d12a438&gt;</skipped></testcase><testcase classname="src.pymortests.vectorarray" file="src/pymortests/vectorarray.py" line="290" name="test_append_self[0-&lt;lambda&gt;18]" time="0.0004696846008300781"><skipped message="Suite splitting in effect" type="pytest.skip">src/pymortests/vectorarray.py:290: &lt;py._xmlgen.raw object at 0x7fb2a70caa58&gt;</skipped></testcase><testcase classname="src.pymortests.vectorarray" file="src/pymortests/vectorarray.py" line="290" name="test_append_self[0-&lt;lambda&gt;19]" time="0.00044798851013183594"><skipped message="Suite splitting in effect" type="pytest.skip">src/pymortests/vectorarray.py:290: &lt;py._xmlgen.raw object at 0x7fb2a70da128&gt;</skipped></testcase><testcase classname="src.pymortests.vectorarray" file="src/pymortests/vectorarray.py" line="290" name="test_append_self[0-&lt;lambda&gt;20]" time="0.00040411949157714844"><skipped message="Suite splitting in effect" type="pytest.skip">src/pymortests/vectorarray.py:290: &lt;py._xmlgen.raw object at 0x7fb29d1333c8&gt;</skipped></testcase><testcase classname="src.pymortests.vectorarray" file="src/pymortests/vectorarray.py" line="290" name="test_append_self[0-&lt;lambda&gt;21]" time="0.00044417381286621094"><skipped message="Suite splitting in effect" type="pytest.skip">src/pymortests/vectorarray.py:290: &lt;py._xmlgen.raw object at 0x7fb29d133f98&gt;</skipped></testcase><testcase classname="src.pymortests.vectorarray" file="src/pymortests/vectorarray.py" line="290" name="test_append_self[0-&lt;lambda&gt;22]" time="0.0004305839538574219"><skipped message="Suite splitting in effect" type="pytest.skip">src/pymortests/vectorarray.py:290: &lt;py._xmlgen.raw object at 0x7fb29d143588&gt;</skipped></testcase><testcase classname="src.pymortests.vectorarray" file="src/pymortests/vectorarray.py" line="290" name="test_append_self[0-&lt;lambda&gt;23]" time="0.0004382133483886719"><skipped message="Suite splitting in effect" type="pytest.skip">src/pymortests/vectorarray.py:290: &lt;py._xmlgen.raw object at 0x7fb29d143cc0&gt;</skipped></testcase><testcase classname="src.pymortests.vectorarray" file="src/pymortests/vectorarray.py" line="290" name="test_append_self[0-&lt;lambda&gt;24]" time="0.0007948875427246094"><skipped message="Suite splitting in effect" type="pytest.skip">src/pymortests/vectorarray.py:290: &lt;py._xmlgen.raw object at 0x7fb29d143cc0&gt;</skipped></testcase><testcase classname="src.pymortests.vectorarray" file="src/pymortests/vectorarray.py" line="290" name="test_append_self[0-&lt;lambda&gt;25]" time="0.0004558563232421875"><skipped message="Suite splitting in effect" type="pytest.skip">src/pymortests/vectorarray.py:290: &lt;py._xmlgen.raw object at 0x7fb29d143828&gt;</skipped></testcase><testcase classname="src.pymortests.vectorarray" file="src/pymortests/vectorarray.py" line="290" name="test_append_self[0-&lt;lambda&gt;26]" time="0.0004601478576660156"><skipped message="Suite splitting in effect" type="pytest.skip">src/pymortests/vectorarray.py:290: &lt;py._xmlgen.raw object at 0x7fb29d133ba8&gt;</skipped></testcase><testcase classname="src.pymortests.vectorarray" file="src/pymortests/vectorarray.py" line="290" name="test_append_self[1-&lt;lambda&gt;0]" time="0.0005197525024414062"><skipped message="Suite splitting in effect" type="pytest.skip">src/pymortests/vectorarray.py:290: &lt;py._xmlgen.raw object at 0x7fb2a707f4a8&gt;</skipped></testcase><testcase classname="src.pymortests.vectorarray" file="src/pymortests/vectorarray.py" line="290" name="test_append_self[1-&lt;lambda&gt;1]" time="0.00041747093200683594"><skipped message="Suite splitting in effect" type="pytest.skip">src/pymortests/vectorarray.py:290: &lt;py._xmlgen.raw object at 0x7fb29d1824e0&gt;</skipped></testcase><testcase classname="src.pymortests.vectorarray" file="src/pymortests/vectorarray.py" line="290" name="test_append_self[1-&lt;lambda&gt;2]" time="0.0004146099090576172"><skipped message="Suite splitting in effect" type="pytest.skip">src/pymortests/vectorarray.py:290: &lt;py._xmlgen.raw object at 0x7fb2a70b7128&gt;</skipped></testcase><testcase classname="src.pymortests.vectorarray" file="src/pymortests/vectorarray.py" line="290" name="test_append_self[1-&lt;lambda&gt;3]" time="0.0006282329559326172"><skipped message="Suite splitting in effect" type="pytest.skip">src/pymortests/vectorarray.py:290: &lt;py._xmlgen.raw object at 0x7fb29d11efd0&gt;</skipped></testcase><testcase classname="src.pymortests.vectorarray" file="src/pymortests/vectorarray.py" line="290" name="test_append_self[1-&lt;lambda&gt;4]" time="0.00046944618225097656"><skipped message="Suite splitting in effect" type="pytest.skip">src/pymortests/vectorarray.py:290: &lt;py._xmlgen.raw object at 0x7fb29d0ce5c0&gt;</skipped></testcase><testcase classname="src.pymortests.vectorarray" file="src/pymortests/vectorarray.py" line="290" name="test_append_self[1-&lt;lambda&gt;5]" time="0.0007672309875488281"><skipped message="Suite splitting in effect" type="pytest.skip">src/pymortests/vectorarray.py:290: &lt;py._xmlgen.raw object at 0x7fb29d0ceb00&gt;</skipped></testcase><testcase classname="src.pymortests.vectorarray" file="src/pymortests/vectorarray.py" line="290" name="test_append_self[1-&lt;lambda&gt;6]" time="0.00047206878662109375"><skipped message="Suite splitting in effect" type="pytest.skip">src/pymortests/vectorarray.py:290: &lt;py._xmlgen.raw object at 0x7fb2a70b7908&gt;</skipped></testcase><testcase classname="src.pymortests.vectorarray" file="src/pymortests/vectorarray.py" line="290" name="test_append_self[1-&lt;lambda&gt;7]" time="0.00043392181396484375"><skipped message="Suite splitting in effect" type="pytest.skip">src/pymortests/vectorarray.py:290: &lt;py._xmlgen.raw object at 0x7fb2a7106470&gt;</skipped></testcase><testcase classname="src.pymortests.vectorarray" file="src/pymortests/vectorarray.py" line="290" name="test_append_self[1-&lt;lambda&gt;8]" time="0.00046133995056152344"><skipped message="Suite splitting in effect" type="pytest.skip">src/pymortests/vectorarray.py:290: &lt;py._xmlgen.raw object at 0x7fb2a707fdd8&gt;</skipped></testcase><testcase classname="src.pymortests.vectorarray" file="src/pymortests/vectorarray.py" line="290" name="test_append_self[1-&lt;lambda&gt;9]" time="0.00044155120849609375"><skipped message="Suite splitting in effect" type="pytest.skip">src/pymortests/vectorarray.py:290: &lt;py._xmlgen.raw object at 0x7fb29d133780&gt;</skipped></testcase><testcase classname="src.pymortests.vectorarray" file="src/pymortests/vectorarray.py" line="290" name="test_append_self[1-&lt;lambda&gt;10]" time="0.0004229545593261719"><skipped message="Suite splitting in effect" type="pytest.skip">src/pymortests/vectorarray.py:290: &lt;py._xmlgen.raw object at 0x7fb29d1433c8&gt;</skipped></testcase><testcase classname="src.pymortests.vectorarray" file="src/pymortests/vectorarray.py" line="290" name="test_append_self[1-&lt;lambda&gt;11]" time="0.00043892860412597656"><skipped message="Suite splitting in effect" type="pytest.skip">src/pymortests/vectorarray.py:290: &lt;py._xmlgen.raw object at 0x7fb29d0ce860&gt;</skipped></testcase><testcase classname="src.pymortests.vectorarray" file="src/pymortests/vectorarray.py" line="290" name="test_append_self[1-&lt;lambda&gt;12]" time="0.0004265308380126953"><skipped message="Suite splitting in effect" type="pytest.skip">src/pymortests/vectorarray.py:290: &lt;py._xmlgen.raw object at 0x7fb29d0ce4a8&gt;</skipped></testcase><testcase classname="src.pymortests.vectorarray" file="src/pymortests/vectorarray.py" line="290" name="test_append_self[1-&lt;lambda&gt;13]" time="0.0007579326629638672"><skipped message="Suite splitting in effect" type="pytest.skip">src/pymortests/vectorarray.py:290: &lt;py._xmlgen.raw object at 0x7fb29d0d7080&gt;</skipped></testcase><testcase classname="src.pymortests.vectorarray" file="src/pymortests/vectorarray.py" line="290" name="test_append_self[1-&lt;lambda&gt;14]" time="0.00048804283142089844"><skipped message="Suite splitting in effect" type="pytest.skip">src/pymortests/vectorarray.py:290: &lt;py._xmlgen.raw object at 0x7fb29d0ce668&gt;</skipped></testcase><testcase classname="src.pymortests.vectorarray" file="src/pymortests/vectorarray.py" line="290" name="test_append_self[1-&lt;lambda&gt;15]" time="0.0004181861877441406"><skipped message="Suite splitting in effect" type="pytest.skip">src/pymortests/vectorarray.py:290: &lt;py._xmlgen.raw object at 0x7fb29d1439e8&gt;</skipped></testcase><testcase classname="src.pymortests.vectorarray" file="src/pymortests/vectorarray.py" line="290" name="test_append_self[1-&lt;lambda&gt;16]" time="0.0004413127899169922"><skipped message="Suite splitting in effect" type="pytest.skip">src/pymortests/vectorarray.py:290: &lt;py._xmlgen.raw object at 0x7fb29d133ba8&gt;</skipped></testcase><testcase classname="src.pymortests.vectorarray" file="src/pymortests/vectorarray.py" line="290" name="test_append_self[1-&lt;lambda&gt;17]" time="0.0005543231964111328"><skipped message="Suite splitting in effect" type="pytest.skip">src/pymortests/vectorarray.py:290: &lt;py._xmlgen.raw object at 0x7fb2a707fc88&gt;</skipped></testcase><testcase classname="src.pymortests.vectorarray" file="src/pymortests/vectorarray.py" line="290" name="test_append_self[1-&lt;lambda&gt;18]" time="0.0004444122314453125"><skipped message="Suite splitting in effect" type="pytest.skip">src/pymortests/vectorarray.py:290: &lt;py._xmlgen.raw object at 0x7fb29d162978&gt;</skipped></testcase><testcase classname="src.pymortests.vectorarray" file="src/pymortests/vectorarray.py" line="290" name="test_append_self[1-&lt;lambda&gt;19]" time="0.0004353523254394531"><skipped message="Suite splitting in effect" type="pytest.skip">src/pymortests/vectorarray.py:290: &lt;py._xmlgen.raw object at 0x7fb2a708f4a8&gt;</skipped></testcase><testcase classname="src.pymortests.vectorarray" file="src/pymortests/vectorarray.py" line="290" name="test_append_self[1-&lt;lambda&gt;20]" time="0.0004611015319824219"><skipped message="Suite splitting in effect" type="pytest.skip">src/pymortests/vectorarray.py:290: &lt;py._xmlgen.raw object at 0x7fb29d0d7198&gt;</skipped></testcase><testcase classname="src.pymortests.vectorarray" file="src/pymortests/vectorarray.py" line="290" name="test_append_self[1-&lt;lambda&gt;21]" time="0.0004341602325439453"><skipped message="Suite splitting in effect" type="pytest.skip">src/pymortests/vectorarray.py:290: &lt;py._xmlgen.raw object at 0x7fb29d0d76a0&gt;</skipped></testcase><testcase classname="src.pymortests.vectorarray" file="src/pymortests/vectorarray.py" line="290" name="test_append_self[1-&lt;lambda&gt;22]" time="0.0004248619079589844"><skipped message="Suite splitting in effect" type="pytest.skip">src/pymortests/vectorarray.py:290: &lt;py._xmlgen.raw object at 0x7fb2a70b7668&gt;</skipped></testcase><testcase classname="src.pymortests.vectorarray" file="src/pymortests/vectorarray.py" line="290" name="test_append_self[1-&lt;lambda&gt;23]" time="0.0004875659942626953"><skipped message="Suite splitting in effect" type="pytest.skip">src/pymortests/vectorarray.py:290: &lt;py._xmlgen.raw object at 0x7fb29d1824e0&gt;</skipped></testcase><testcase classname="src.pymortests.vectorarray" file="src/pymortests/vectorarray.py" line="290" name="test_append_self[1-&lt;lambda&gt;24]" time="0.0005147457122802734"><skipped message="Suite splitting in effect" type="pytest.skip">src/pymortests/vectorarray.py:290: &lt;py._xmlgen.raw object at 0x7fb29d133b00&gt;</skipped></testcase><testcase classname="src.pymortests.vectorarray" file="src/pymortests/vectorarray.py" line="290" name="test_append_self[1-&lt;lambda&gt;25]" time="0.00043272972106933594"><skipped message="Suite splitting in effect" type="pytest.skip">src/pymortests/vectorarray.py:290: &lt;py._xmlgen.raw object at 0x7fb29d143a58&gt;</skipped></testcase><testcase classname="src.pymortests.vectorarray" file="src/pymortests/vectorarray.py" line="290" name="test_append_self[1-&lt;lambda&gt;26]" time="0.0004024505615234375"><skipped message="Suite splitting in effect" type="pytest.skip">src/pymortests/vectorarray.py:290: &lt;py._xmlgen.raw object at 0x7fb29d0ce7f0&gt;</skipped></testcase><testcase classname="src.pymortests.vectorarray" file="src/pymortests/vectorarray.py" line="290" name="test_append_self[2-&lt;lambda&gt;0]" time="0.00044608116149902344"><skipped message="Suite splitting in effect" type="pytest.skip">src/pymortests/vectorarray.py:290: &lt;py._xmlgen.raw object at 0x7fb29d0cef28&gt;</skipped></testcase><testcase classname="src.pymortests.vectorarray" file="src/pymortests/vectorarray.py" line="290" name="test_append_self[2-&lt;lambda&gt;1]" time="0.0004410743713378906"><skipped message="Suite splitting in effect" type="pytest.skip">src/pymortests/vectorarray.py:290: &lt;py._xmlgen.raw object at 0x7fb29d0d74e0&gt;</skipped></testcase><testcase classname="src.pymortests.vectorarray" file="src/pymortests/vectorarray.py" line="290" name="test_append_self[2-&lt;lambda&gt;2]" time="0.0004534721374511719"><skipped message="Suite splitting in effect" type="pytest.skip">src/pymortests/vectorarray.py:290: &lt;py._xmlgen.raw object at 0x7fb29d0d7ba8&gt;</skipped></testcase><testcase classname="src.pymortests.vectorarray" file="src/pymortests/vectorarray.py" line="290" name="test_append_self[2-&lt;lambda&gt;3]" time="0.0007936954498291016"><skipped message="Suite splitting in effect" type="pytest.skip">src/pymortests/vectorarray.py:290: &lt;py._xmlgen.raw object at 0x7fb29d0ce5c0&gt;</skipped></testcase><testcase classname="src.pymortests.vectorarray" file="src/pymortests/vectorarray.py" line="290" name="test_append_self[2-&lt;lambda&gt;4]" time="0.0004627704620361328"><skipped message="Suite splitting in effect" type="pytest.skip">src/pymortests/vectorarray.py:290: &lt;py._xmlgen.raw object at 0x7fb29d1439e8&gt;</skipped></testcase><testcase classname="src.pymortests.vectorarray" file="src/pymortests/vectorarray.py" line="290" name="test_append_self[2-&lt;lambda&gt;5]" time="0.0004124641418457031"><skipped message="Suite splitting in effect" type="pytest.skip">src/pymortests/vectorarray.py:290: &lt;py._xmlgen.raw object at 0x7fb29d133f60&gt;</skipped></testcase><testcase classname="src.pymortests.vectorarray" file="src/pymortests/vectorarray.py" line="290" name="test_append_self[2-&lt;lambda&gt;6]" time="0.00047278404235839844"><skipped message="Suite splitting in effect" type="pytest.skip">src/pymortests/vectorarray.py:290: &lt;py._xmlgen.raw object at 0x7fb2a70cafd0&gt;</skipped></testcase><testcase classname="src.pymortests.vectorarray" file="src/pymortests/vectorarray.py" line="290" name="test_append_self[2-&lt;lambda&gt;7]" time="0.00041556358337402344"><skipped message="Suite splitting in effect" type="pytest.skip">src/pymortests/vectorarray.py:290: &lt;py._xmlgen.raw object at 0x7fb2a70b71d0&gt;</skipped></testcase><testcase classname="src.pymortests.vectorarray" file="src/pymortests/vectorarray.py" line="290" name="test_append_self[2-&lt;lambda&gt;8]" time="0.00042939186096191406"><skipped message="Suite splitting in effect" type="pytest.skip">src/pymortests/vectorarray.py:290: &lt;py._xmlgen.raw object at 0x7fb29d0d7d30&gt;</skipped></testcase><testcase classname="src.pymortests.vectorarray" file="src/pymortests/vectorarray.py" line="290" name="test_append_self[2-&lt;lambda&gt;9]" time="0.00044083595275878906"><skipped message="Suite splitting in effect" type="pytest.skip">src/pymortests/vectorarray.py:290: &lt;py._xmlgen.raw object at 0x7fb29d0d7240&gt;</skipped></testcase><testcase classname="src.pymortests.vectorarray" file="src/pymortests/vectorarray.py" line="290" name="test_append_self[2-&lt;lambda&gt;10]" time="0.00044655799865722656"><skipped message="Suite splitting in effect" type="pytest.skip">src/pymortests/vectorarray.py:290: &lt;py._xmlgen.raw object at 0x7fb29d0e2128&gt;</skipped></testcase><testcase classname="src.pymortests.vectorarray" file="src/pymortests/vectorarray.py" line="290" name="test_append_self[2-&lt;lambda&gt;11]" time="0.0009551048278808594"><skipped message="Suite splitting in effect" type="pytest.skip">src/pymortests/vectorarray.py:290: &lt;py._xmlgen.raw object at 0x7fb29d0d7390&gt;</skipped></testcase><testcase classname="src.pymortests.vectorarray" file="src/pymortests/vectorarray.py" line="290" name="test_append_self[2-&lt;lambda&gt;12]" time="0.0004506111145019531"><skipped message="Suite splitting in effect" type="pytest.skip">src/pymortests/vectorarray.py:290: &lt;py._xmlgen.raw object at 0x7fb29d0d7a20&gt;</skipped></testcase><testcase classname="src.pymortests.vectorarray" file="src/pymortests/vectorarray.py" line="290" name="test_append_self[2-&lt;lambda&gt;13]" time="0.0004639625549316406"><skipped message="Suite splitting in effect" type="pytest.skip">src/pymortests/vectorarray.py:290: &lt;py._xmlgen.raw object at 0x7fb2a70b71d0&gt;</skipped></testcase><testcase classname="src.pymortests.vectorarray" file="src/pymortests/vectorarray.py" line="290" name="test_append_self[2-&lt;lambda&gt;14]" time="0.0005006790161132812"><skipped message="Suite splitting in effect" type="pytest.skip">src/pymortests/vectorarray.py:290: &lt;py._xmlgen.raw object at 0x7fb2a707f0b8&gt;</skipped></testcase><testcase classname="src.pymortests.vectorarray" file="src/pymortests/vectorarray.py" line="290" name="test_append_self[2-&lt;lambda&gt;15]" time="0.00042247772216796875"><skipped message="Suite splitting in effect" type="pytest.skip">src/pymortests/vectorarray.py:290: &lt;py._xmlgen.raw object at 0x7fb29d133630&gt;</skipped></testcase><testcase classname="src.pymortests.vectorarray" file="src/pymortests/vectorarray.py" line="290" name="test_append_self[2-&lt;lambda&gt;16]" time="0.0004668235778808594"><skipped message="Suite splitting in effect" type="pytest.skip">src/pymortests/vectorarray.py:290: &lt;py._xmlgen.raw object at 0x7fb29d143e10&gt;</skipped></testcase><testcase classname="src.pymortests.vectorarray" file="src/pymortests/vectorarray.py" line="290" name="test_append_self[2-&lt;lambda&gt;17]" time="0.0004658699035644531"><skipped message="Suite splitting in effect" type="pytest.skip">src/pymortests/vectorarray.py:290: &lt;py._xmlgen.raw object at 0x7fb29d0e22e8&gt;</skipped></testcase><testcase classname="src.pymortests.vectorarray" file="src/pymortests/vectorarray.py" line="290" name="test_append_self[2-&lt;lambda&gt;18]" time="0.0005028247833251953"><skipped message="Suite splitting in effect" type="pytest.skip">src/pymortests/vectorarray.py:290: &lt;py._xmlgen.raw object at 0x7fb29d0e29e8&gt;</skipped></testcase><testcase classname="src.pymortests.vectorarray" file="src/pymortests/vectorarray.py" line="290" name="test_append_self[2-&lt;lambda&gt;19]" time="0.0005137920379638672"><skipped message="Suite splitting in effect" type="pytest.skip">src/pymortests/vectorarray.py:290: &lt;py._xmlgen.raw object at 0x7fb2a707fe80&gt;</skipped></testcase><testcase classname="src.pymortests.vectorarray" file="src/pymortests/vectorarray.py" line="290" name="test_append_self[2-&lt;lambda&gt;20]" time="0.0006265640258789062"><skipped message="Suite splitting in effect" type="pytest.skip">src/pymortests/vectorarray.py:290: &lt;py._xmlgen.raw object at 0x7fb29d12ab70&gt;</skipped></testcase><testcase classname="src.pymortests.vectorarray" file="src/pymortests/vectorarray.py" line="290" name="test_append_self[2-&lt;lambda&gt;21]" time="0.0004894733428955078"><skipped message="Suite splitting in effect" type="pytest.skip">src/pymortests/vectorarray.py:290: &lt;py._xmlgen.raw object at 0x7fb2a709f208&gt;</skipped></testcase><testcase classname="src.pymortests.vectorarray" file="src/pymortests/vectorarray.py" line="290" name="test_append_self[2-&lt;lambda&gt;22]" time="0.0004992485046386719"><skipped message="Suite splitting in effect" type="pytest.skip">src/pymortests/vectorarray.py:290: &lt;py._xmlgen.raw object at 0x7fb29d0d7748&gt;</skipped></testcase><testcase classname="src.pymortests.vectorarray" file="src/pymortests/vectorarray.py" line="290" name="test_append_self[2-&lt;lambda&gt;23]" time="0.0004565715789794922"><skipped message="Suite splitting in effect" type="pytest.skip">src/pymortests/vectorarray.py:290: &lt;py._xmlgen.raw object at 0x7fb29d11ed30&gt;</skipped></testcase><testcase classname="src.pymortests.vectorarray" file="src/pymortests/vectorarray.py" line="290" name="test_append_self[2-&lt;lambda&gt;24]" time="0.00046563148498535156"><skipped message="Suite splitting in effect" type="pytest.skip">src/pymortests/vectorarray.py:290: &lt;py._xmlgen.raw object at 0x7fb29d143f98&gt;</skipped></testcase><testcase classname="src.pymortests.vectorarray" file="src/pymortests/vectorarray.py" line="290" name="test_append_self[2-&lt;lambda&gt;25]" time="0.00048732757568359375"><skipped message="Suite splitting in effect" type="pytest.skip">src/pymortests/vectorarray.py:290: &lt;py._xmlgen.raw object at 0x7fb29d0ce240&gt;</skipped></testcase><testcase classname="src.pymortests.vectorarray" file="src/pymortests/vectorarray.py" line="290" name="test_append_self[2-&lt;lambda&gt;26]" time="0.0004487037658691406"><skipped message="Suite splitting in effect" type="pytest.skip">src/pymortests/vectorarray.py:290: &lt;py._xmlgen.raw object at 0x7fb2a7155e48&gt;</skipped></testcase><testcase classname="src.pymortests.vectorarray" file="src/pymortests/vectorarray.py" line="306" name="test_del[0-&lt;lambda&gt;0]" time="0.0004513263702392578"><skipped message="Suite splitting in effect" type="pytest.skip">src/pymortests/vectorarray.py:306: &lt;py._xmlgen.raw object at 0x7fb29d113588&gt;</skipped></testcase><testcase classname="src.pymortests.vectorarray" file="src/pymortests/vectorarray.py" line="306" name="test_del[0-&lt;lambda&gt;1]" time="0.00046753883361816406"><skipped message="Suite splitting in effect" type="pytest.skip">src/pymortests/vectorarray.py:306: &lt;py._xmlgen.raw object at 0x7fb2a7155e48&gt;</skipped></testcase><testcase classname="src.pymortests.vectorarray" file="src/pymortests/vectorarray.py" line="306" name="test_del[0-&lt;lambda&gt;2]" time="0.0004820823669433594"><skipped message="Suite splitting in effect" type="pytest.skip">src/pymortests/vectorarray.py:306: &lt;py._xmlgen.raw object at 0x7fb29d0cedd8&gt;</skipped></testcase><testcase classname="src.pymortests.vectorarray" file="src/pymortests/vectorarray.py" line="306" name="test_del[0-&lt;lambda&gt;3]" time="0.0004646778106689453"><skipped message="Suite splitting in effect" type="pytest.skip">src/pymortests/vectorarray.py:306: &lt;py._xmlgen.raw object at 0x7fb29d143470&gt;</skipped></testcase><testcase classname="src.pymortests.vectorarray" file="src/pymortests/vectorarray.py" line="306" name="test_del[0-&lt;lambda&gt;4]" time="0.00046253204345703125"><skipped message="Suite splitting in effect" type="pytest.skip">src/pymortests/vectorarray.py:306: &lt;py._xmlgen.raw object at 0x7fb29d0d7f60&gt;</skipped></testcase><testcase classname="src.pymortests.vectorarray" file="src/pymortests/vectorarray.py" line="306" name="test_del[0-&lt;lambda&gt;5]" time="0.0004360675811767578"><skipped message="Suite splitting in effect" type="pytest.skip">src/pymortests/vectorarray.py:306: &lt;py._xmlgen.raw object at 0x7fb29d0d7a58&gt;</skipped></testcase><testcase classname="src.pymortests.vectorarray" file="src/pymortests/vectorarray.py" line="306" name="test_del[0-&lt;lambda&gt;6]" time="0.00044226646423339844"><skipped message="Suite splitting in effect" type="pytest.skip">src/pymortests/vectorarray.py:306: &lt;py._xmlgen.raw object at 0x7fb29d12aeb8&gt;</skipped></testcase><testcase classname="src.pymortests.vectorarray" file="src/pymortests/vectorarray.py" line="306" name="test_del[0-&lt;lambda&gt;7]" time="0.0004918575286865234"><skipped message="Suite splitting in effect" type="pytest.skip">src/pymortests/vectorarray.py:306: &lt;py._xmlgen.raw object at 0x7fb2a707f5f8&gt;</skipped></testcase><testcase classname="src.pymortests.vectorarray" file="src/pymortests/vectorarray.py" line="306" name="test_del[0-&lt;lambda&gt;8]" time="0.00046634674072265625"><skipped message="Suite splitting in effect" type="pytest.skip">src/pymortests/vectorarray.py:306: &lt;py._xmlgen.raw object at 0x7fb2a71a2ef0&gt;</skipped></testcase><testcase classname="src.pymortests.vectorarray" file="src/pymortests/vectorarray.py" line="306" name="test_del[0-&lt;lambda&gt;9]" time="0.0008919239044189453"><skipped message="Suite splitting in effect" type="pytest.skip">src/pymortests/vectorarray.py:306: &lt;py._xmlgen.raw object at 0x7fb29d182c18&gt;</skipped></testcase><testcase classname="src.pymortests.vectorarray" file="src/pymortests/vectorarray.py" line="306" name="test_del[0-&lt;lambda&gt;10]" time="0.00045609474182128906"><skipped message="Suite splitting in effect" type="pytest.skip">src/pymortests/vectorarray.py:306: &lt;py._xmlgen.raw object at 0x7fb29d12aeb8&gt;</skipped></testcase><testcase classname="src.pymortests.vectorarray" file="src/pymortests/vectorarray.py" line="306" name="test_del[0-&lt;lambda&gt;11]" time="0.0005273818969726562"><skipped message="Suite splitting in effect" type="pytest.skip">src/pymortests/vectorarray.py:306: &lt;py._xmlgen.raw object at 0x7fb29d0d79e8&gt;</skipped></testcase><testcase classname="src.pymortests.vectorarray" file="src/pymortests/vectorarray.py" line="306" name="test_del[0-&lt;lambda&gt;12]" time="0.0004551410675048828"><skipped message="Suite splitting in effect" type="pytest.skip">src/pymortests/vectorarray.py:306: &lt;py._xmlgen.raw object at 0x7fb29d0d7080&gt;</skipped></testcase><testcase classname="src.pymortests.vectorarray" file="src/pymortests/vectorarray.py" line="306" name="test_del[0-&lt;lambda&gt;13]" time="0.0004553794860839844"><skipped message="Suite splitting in effect" type="pytest.skip">src/pymortests/vectorarray.py:306: &lt;py._xmlgen.raw object at 0x7fb29d143e48&gt;</skipped></testcase><testcase classname="src.pymortests.vectorarray" file="src/pymortests/vectorarray.py" line="306" name="test_del[0-&lt;lambda&gt;14]" time="0.0004782676696777344"><skipped message="Suite splitting in effect" type="pytest.skip">src/pymortests/vectorarray.py:306: &lt;py._xmlgen.raw object at 0x7fb29d0ce0f0&gt;</skipped></testcase><testcase classname="src.pymortests.vectorarray" file="src/pymortests/vectorarray.py" line="306" name="test_del[0-&lt;lambda&gt;15]" time="0.0005283355712890625"><skipped message="Suite splitting in effect" type="pytest.skip">src/pymortests/vectorarray.py:306: &lt;py._xmlgen.raw object at 0x7fb29d1333c8&gt;</skipped></testcase><testcase classname="src.pymortests.vectorarray" file="src/pymortests/vectorarray.py" line="306" name="test_del[0-&lt;lambda&gt;16]" time="0.0005342960357666016"><skipped message="Suite splitting in effect" type="pytest.skip">src/pymortests/vectorarray.py:306: &lt;py._xmlgen.raw object at 0x7fb29d0e27f0&gt;</skipped></testcase><testcase classname="src.pymortests.vectorarray" file="src/pymortests/vectorarray.py" line="306" name="test_del[0-&lt;lambda&gt;17]" time="0.0008831024169921875"><skipped message="Suite splitting in effect" type="pytest.skip">src/pymortests/vectorarray.py:306: &lt;py._xmlgen.raw object at 0x7fb29d159dd8&gt;</skipped></testcase><testcase classname="src.pymortests.vectorarray" file="src/pymortests/vectorarray.py" line="306" name="test_del[0-&lt;lambda&gt;18]" time="0.0004563331604003906"><skipped message="Suite splitting in effect" type="pytest.skip">src/pymortests/vectorarray.py:306: &lt;py._xmlgen.raw object at 0x7fb29d0ce0b8&gt;</skipped></testcase><testcase classname="src.pymortests.vectorarray" file="src/pymortests/vectorarray.py" line="306" name="test_del[0-&lt;lambda&gt;19]" time="0.0005269050598144531"><skipped message="Suite splitting in effect" type="pytest.skip">src/pymortests/vectorarray.py:306: &lt;py._xmlgen.raw object at 0x7fb29d143860&gt;</skipped></testcase><testcase classname="src.pymortests.vectorarray" file="src/pymortests/vectorarray.py" line="306" name="test_del[0-&lt;lambda&gt;20]" time="0.0004737377166748047"><skipped message="Suite splitting in effect" type="pytest.skip">src/pymortests/vectorarray.py:306: &lt;py._xmlgen.raw object at 0x7fb29d0d7fd0&gt;</skipped></testcase><testcase classname="src.pymortests.vectorarray" file="src/pymortests/vectorarray.py" line="306" name="test_del[0-&lt;lambda&gt;21]" time="0.0004456043243408203"><skipped message="Suite splitting in effect" type="pytest.skip">src/pymortests/vectorarray.py:306: &lt;py._xmlgen.raw object at 0x7fb2a709f400&gt;</skipped></testcase><testcase classname="src.pymortests.vectorarray" file="src/pymortests/vectorarray.py" line="306" name="test_del[0-&lt;lambda&gt;22]" time="0.00045418739318847656"><skipped message="Suite splitting in effect" type="pytest.skip">src/pymortests/vectorarray.py:306: &lt;py._xmlgen.raw object at 0x7fb2a708fe80&gt;</skipped></testcase><testcase classname="src.pymortests.vectorarray" file="src/pymortests/vectorarray.py" line="306" name="test_del[0-&lt;lambda&gt;23]" time="0.0004444122314453125"><skipped message="Suite splitting in effect" type="pytest.skip">src/pymortests/vectorarray.py:306: &lt;py._xmlgen.raw object at 0x7fb29d0e29e8&gt;</skipped></testcase><testcase classname="src.pymortests.vectorarray" file="src/pymortests/vectorarray.py" line="306" name="test_del[0-&lt;lambda&gt;24]" time="0.0004324913024902344"><skipped message="Suite splitting in effect" type="pytest.skip">src/pymortests/vectorarray.py:306: &lt;py._xmlgen.raw object at 0x7fb29d0f92b0&gt;</skipped></testcase><testcase classname="src.pymortests.vectorarray" file="src/pymortests/vectorarray.py" line="306" name="test_del[0-&lt;lambda&gt;25]" time="0.0007579326629638672"><skipped message="Suite splitting in effect" type="pytest.skip">src/pymortests/vectorarray.py:306: &lt;py._xmlgen.raw object at 0x7fb29d0f97f0&gt;</skipped></testcase><testcase classname="src.pymortests.vectorarray" file="src/pymortests/vectorarray.py" line="306" name="test_del[0-&lt;lambda&gt;26]" time="0.00047898292541503906"><skipped message="Suite splitting in effect" type="pytest.skip">src/pymortests/vectorarray.py:306: &lt;py._xmlgen.raw object at 0x7fb2a707f0b8&gt;</skipped></testcase><testcase classname="src.pymortests.vectorarray" file="src/pymortests/vectorarray.py" line="306" name="test_del[1-&lt;lambda&gt;0]" time="0.0004398822784423828"><skipped message="Suite splitting in effect" type="pytest.skip">src/pymortests/vectorarray.py:306: &lt;py._xmlgen.raw object at 0x7fb2a709f4a8&gt;</skipped></testcase><testcase classname="src.pymortests.vectorarray" file="src/pymortests/vectorarray.py" line="306" name="test_del[1-&lt;lambda&gt;1]" time="0.0005033016204833984"><skipped message="Suite splitting in effect" type="pytest.skip">src/pymortests/vectorarray.py:306: &lt;py._xmlgen.raw object at 0x7fb29d0d78d0&gt;</skipped></testcase><testcase classname="src.pymortests.vectorarray" file="src/pymortests/vectorarray.py" line="306" name="test_del[1-&lt;lambda&gt;2]" time="0.0004532337188720703"><skipped message="Suite splitting in effect" type="pytest.skip">src/pymortests/vectorarray.py:306: &lt;py._xmlgen.raw object at 0x7fb29d143e10&gt;</skipped></testcase><testcase classname="src.pymortests.vectorarray" file="src/pymortests/vectorarray.py" line="306" name="test_del[1-&lt;lambda&gt;3]" time="0.0004296302795410156"><skipped message="Suite splitting in effect" type="pytest.skip">src/pymortests/vectorarray.py:306: &lt;py._xmlgen.raw object at 0x7fb29d0ce320&gt;</skipped></testcase><testcase classname="src.pymortests.vectorarray" file="src/pymortests/vectorarray.py" line="306" name="test_del[1-&lt;lambda&gt;4]" time="0.0005464553833007812"><skipped message="Suite splitting in effect" type="pytest.skip">src/pymortests/vectorarray.py:306: &lt;py._xmlgen.raw object at 0x7fb29d0f9400&gt;</skipped></testcase><testcase classname="src.pymortests.vectorarray" file="src/pymortests/vectorarray.py" line="306" name="test_del[1-&lt;lambda&gt;5]" time="0.00046443939208984375"><skipped message="Suite splitting in effect" type="pytest.skip">src/pymortests/vectorarray.py:306: &lt;py._xmlgen.raw object at 0x7fb29d0f9160&gt;</skipped></testcase><testcase classname="src.pymortests.vectorarray" file="src/pymortests/vectorarray.py" line="306" name="test_del[1-&lt;lambda&gt;6]" time="0.0007865428924560547"><skipped message="Suite splitting in effect" type="pytest.skip">src/pymortests/vectorarray.py:306: &lt;py._xmlgen.raw object at 0x7fb29d0f9d30&gt;</skipped></testcase><testcase classname="src.pymortests.vectorarray" file="src/pymortests/vectorarray.py" line="306" name="test_del[1-&lt;lambda&gt;7]" time="0.0004372596740722656"><skipped message="Suite splitting in effect" type="pytest.skip">src/pymortests/vectorarray.py:306: &lt;py._xmlgen.raw object at 0x7fb2a7057b70&gt;</skipped></testcase><testcase classname="src.pymortests.vectorarray" file="src/pymortests/vectorarray.py" line="306" name="test_del[1-&lt;lambda&gt;8]" time="0.0004131793975830078"><skipped message="Suite splitting in effect" type="pytest.skip">src/pymortests/vectorarray.py:306: &lt;py._xmlgen.raw object at 0x7fb29d143b70&gt;</skipped></testcase><testcase classname="src.pymortests.vectorarray" file="src/pymortests/vectorarray.py" line="306" name="test_del[1-&lt;lambda&gt;9]" time="0.0004620552062988281"><skipped message="Suite splitting in effect" type="pytest.skip">src/pymortests/vectorarray.py:306: &lt;py._xmlgen.raw object at 0x7fb29d0d77b8&gt;</skipped></testcase><testcase classname="src.pymortests.vectorarray" file="src/pymortests/vectorarray.py" line="306" name="test_del[1-&lt;lambda&gt;10]" time="0.0004184246063232422"><skipped message="Suite splitting in effect" type="pytest.skip">src/pymortests/vectorarray.py:306: &lt;py._xmlgen.raw object at 0x7fb2a708fe80&gt;</skipped></testcase><testcase classname="src.pymortests.vectorarray" file="src/pymortests/vectorarray.py" line="306" name="test_del[1-&lt;lambda&gt;11]" time="0.0004563331604003906"><skipped message="Suite splitting in effect" type="pytest.skip">src/pymortests/vectorarray.py:306: &lt;py._xmlgen.raw object at 0x7fb29d0e26a0&gt;</skipped></testcase><testcase classname="src.pymortests.vectorarray" file="src/pymortests/vectorarray.py" line="306" name="test_del[1-&lt;lambda&gt;12]" time="0.0004265308380126953"><skipped message="Suite splitting in effect" type="pytest.skip">src/pymortests/vectorarray.py:306: &lt;py._xmlgen.raw object at 0x7fb29d0f9b00&gt;</skipped></testcase><testcase classname="src.pymortests.vectorarray" file="src/pymortests/vectorarray.py" line="306" name="test_del[1-&lt;lambda&gt;13]" time="0.0004286766052246094"><skipped message="Suite splitting in effect" type="pytest.skip">src/pymortests/vectorarray.py:306: &lt;py._xmlgen.raw object at 0x7fb29d0f95c0&gt;</skipped></testcase><testcase classname="src.pymortests.vectorarray" file="src/pymortests/vectorarray.py" line="306" name="test_del[1-&lt;lambda&gt;14]" time="0.0004763603210449219"><skipped message="Suite splitting in effect" type="pytest.skip">src/pymortests/vectorarray.py:306: &lt;py._xmlgen.raw object at 0x7fb29d100390&gt;</skipped></testcase><testcase classname="src.pymortests.vectorarray" file="src/pymortests/vectorarray.py" line="306" name="test_del[1-&lt;lambda&gt;15]" time="0.00043773651123046875"><skipped message="Suite splitting in effect" type="pytest.skip">src/pymortests/vectorarray.py:306: &lt;py._xmlgen.raw object at 0x7fb29d0f9358&gt;</skipped></testcase><testcase classname="src.pymortests.vectorarray" file="src/pymortests/vectorarray.py" line="306" name="test_del[1-&lt;lambda&gt;16]" time="0.0004107952117919922"><skipped message="Suite splitting in effect" type="pytest.skip">src/pymortests/vectorarray.py:306: &lt;py._xmlgen.raw object at 0x7fb29d12aeb8&gt;</skipped></testcase><testcase classname="src.pymortests.vectorarray" file="src/pymortests/vectorarray.py" line="306" name="test_del[1-&lt;lambda&gt;17]" time="0.0004475116729736328"><skipped message="Suite splitting in effect" type="pytest.skip">src/pymortests/vectorarray.py:306: &lt;py._xmlgen.raw object at 0x7fb2a708f4a8&gt;</skipped></testcase><testcase classname="src.pymortests.vectorarray" file="src/pymortests/vectorarray.py" line="306" name="test_del[1-&lt;lambda&gt;18]" time="0.0004470348358154297"><skipped message="Suite splitting in effect" type="pytest.skip">src/pymortests/vectorarray.py:306: &lt;py._xmlgen.raw object at 0x7fb29d0d7eb8&gt;</skipped></testcase><testcase classname="src.pymortests.vectorarray" file="src/pymortests/vectorarray.py" line="306" name="test_del[1-&lt;lambda&gt;19]" time="0.0004334449768066406"><skipped message="Suite splitting in effect" type="pytest.skip">src/pymortests/vectorarray.py:306: &lt;py._xmlgen.raw object at 0x7fb2a7030470&gt;</skipped></testcase><testcase classname="src.pymortests.vectorarray" file="src/pymortests/vectorarray.py" line="306" name="test_del[1-&lt;lambda&gt;20]" time="0.0004451274871826172"><skipped message="Suite splitting in effect" type="pytest.skip">src/pymortests/vectorarray.py:306: &lt;py._xmlgen.raw object at 0x7fb29d0ceda0&gt;</skipped></testcase><testcase classname="src.pymortests.vectorarray" file="src/pymortests/vectorarray.py" line="306" name="test_del[1-&lt;lambda&gt;21]" time="0.0005216598510742188"><skipped message="Suite splitting in effect" type="pytest.skip">src/pymortests/vectorarray.py:306: &lt;py._xmlgen.raw object at 0x7fb29d1000b8&gt;</skipped></testcase><testcase classname="src.pymortests.vectorarray" file="src/pymortests/vectorarray.py" line="306" name="test_del[1-&lt;lambda&gt;22]" time="0.00044918060302734375"><skipped message="Suite splitting in effect" type="pytest.skip">src/pymortests/vectorarray.py:306: &lt;py._xmlgen.raw object at 0x7fb29d100898&gt;</skipped></testcase><testcase classname="src.pymortests.vectorarray" file="src/pymortests/vectorarray.py" line="306" name="test_del[1-&lt;lambda&gt;23]" time="0.0008041858673095703"><skipped message="Suite splitting in effect" type="pytest.skip">src/pymortests/vectorarray.py:306: &lt;py._xmlgen.raw object at 0x7fb2a7057978&gt;</skipped></testcase><testcase classname="src.pymortests.vectorarray" file="src/pymortests/vectorarray.py" line="306" name="test_del[1-&lt;lambda&gt;24]" time="0.0004405975341796875"><skipped message="Suite splitting in effect" type="pytest.skip">src/pymortests/vectorarray.py:306: &lt;py._xmlgen.raw object at 0x7fb29d0d7dd8&gt;</skipped></testcase><testcase classname="src.pymortests.vectorarray" file="src/pymortests/vectorarray.py" line="306" name="test_del[1-&lt;lambda&gt;25]" time="0.0004220008850097656"><skipped message="Suite splitting in effect" type="pytest.skip">src/pymortests/vectorarray.py:306: &lt;py._xmlgen.raw object at 0x7fb2a708fd30&gt;</skipped></testcase><testcase classname="src.pymortests.vectorarray" file="src/pymortests/vectorarray.py" line="306" name="test_del[1-&lt;lambda&gt;26]" time="0.0004150867462158203"><skipped message="Suite splitting in effect" type="pytest.skip">src/pymortests/vectorarray.py:306: &lt;py._xmlgen.raw object at 0x7fb2a6fe7978&gt;</skipped></testcase><testcase classname="src.pymortests.vectorarray" file="src/pymortests/vectorarray.py" line="306" name="test_del[2-&lt;lambda&gt;0]" time="0.00044083595275878906"><skipped message="Suite splitting in effect" type="pytest.skip">src/pymortests/vectorarray.py:306: &lt;py._xmlgen.raw object at 0x7fb29d0f9eb8&gt;</skipped></testcase><testcase classname="src.pymortests.vectorarray" file="src/pymortests/vectorarray.py" line="306" name="test_del[2-&lt;lambda&gt;1]" time="0.0004563331604003906"><skipped message="Suite splitting in effect" type="pytest.skip">src/pymortests/vectorarray.py:306: &lt;py._xmlgen.raw object at 0x7fb29d1001d0&gt;</skipped></testcase><testcase classname="src.pymortests.vectorarray" file="src/pymortests/vectorarray.py" line="306" name="test_del[2-&lt;lambda&gt;2]" time="0.0004398822784423828"><skipped message="Suite splitting in effect" type="pytest.skip">src/pymortests/vectorarray.py:306: &lt;py._xmlgen.raw object at 0x7fb29d100128&gt;</skipped></testcase><testcase classname="src.pymortests.vectorarray" file="src/pymortests/vectorarray.py" line="306" name="test_del[2-&lt;lambda&gt;3]" time="0.00042438507080078125"><skipped message="Suite splitting in effect" type="pytest.skip">src/pymortests/vectorarray.py:306: &lt;py._xmlgen.raw object at 0x7fb29d100dd8&gt;</skipped></testcase><testcase classname="src.pymortests.vectorarray" file="src/pymortests/vectorarray.py" line="306" name="test_del[2-&lt;lambda&gt;4]" time="0.0007722377777099609"><skipped message="Suite splitting in effect" type="pytest.skip">src/pymortests/vectorarray.py:306: &lt;py._xmlgen.raw object at 0x7fb29d100dd8&gt;</skipped></testcase><testcase classname="src.pymortests.vectorarray" file="src/pymortests/vectorarray.py" line="306" name="test_del[2-&lt;lambda&gt;5]" time="0.00041866302490234375"><skipped message="Suite splitting in effect" type="pytest.skip">src/pymortests/vectorarray.py:306: &lt;py._xmlgen.raw object at 0x7fb29d1005c0&gt;</skipped></testcase><testcase classname="src.pymortests.vectorarray" file="src/pymortests/vectorarray.py" line="306" name="test_del[2-&lt;lambda&gt;6]" time="0.0004329681396484375"><skipped message="Suite splitting in effect" type="pytest.skip">src/pymortests/vectorarray.py:306: &lt;py._xmlgen.raw object at 0x7fb29d0f9ef0&gt;</skipped></testcase><testcase classname="src.pymortests.vectorarray" file="src/pymortests/vectorarray.py" line="306" name="test_del[2-&lt;lambda&gt;7]" time="0.00047206878662109375"><skipped message="Suite splitting in effect" type="pytest.skip">src/pymortests/vectorarray.py:306: &lt;py._xmlgen.raw object at 0x7fb2a6fe7c18&gt;</skipped></testcase><testcase classname="src.pymortests.vectorarray" file="src/pymortests/vectorarray.py" line="306" name="test_del[2-&lt;lambda&gt;8]" time="0.0004494190216064453"><skipped message="Suite splitting in effect" type="pytest.skip">src/pymortests/vectorarray.py:306: &lt;py._xmlgen.raw object at 0x7fb29d0e2b38&gt;</skipped></testcase><testcase classname="src.pymortests.vectorarray" file="src/pymortests/vectorarray.py" line="306" name="test_del[2-&lt;lambda&gt;9]" time="0.0004303455352783203"><skipped message="Suite splitting in effect" type="pytest.skip">src/pymortests/vectorarray.py:306: &lt;py._xmlgen.raw object at 0x7fb29d0d7a90&gt;</skipped></testcase><testcase classname="src.pymortests.vectorarray" file="src/pymortests/vectorarray.py" line="306" name="test_del[2-&lt;lambda&gt;10]" time="0.0004248619079589844"><skipped message="Suite splitting in effect" type="pytest.skip">src/pymortests/vectorarray.py:306: &lt;py._xmlgen.raw object at 0x7fb2a70572e8&gt;</skipped></testcase><testcase classname="src.pymortests.vectorarray" file="src/pymortests/vectorarray.py" line="306" name="test_del[2-&lt;lambda&gt;11]" time="0.0004374980926513672"><skipped message="Suite splitting in effect" type="pytest.skip">src/pymortests/vectorarray.py:306: &lt;py._xmlgen.raw object at 0x7fb29d1096d8&gt;</skipped></testcase><testcase classname="src.pymortests.vectorarray" file="src/pymortests/vectorarray.py" line="306" name="test_del[2-&lt;lambda&gt;12]" time="0.0007894039154052734"><skipped message="Suite splitting in effect" type="pytest.skip">src/pymortests/vectorarray.py:306: &lt;py._xmlgen.raw object at 0x7fb29d109c18&gt;</skipped></testcase><testcase classname="src.pymortests.vectorarray" file="src/pymortests/vectorarray.py" line="306" name="test_del[2-&lt;lambda&gt;13]" time="0.0004286766052246094"><skipped message="Suite splitting in effect" type="pytest.skip">src/pymortests/vectorarray.py:306: &lt;py._xmlgen.raw object at 0x7fb2a709f0b8&gt;</skipped></testcase><testcase classname="src.pymortests.vectorarray" file="src/pymortests/vectorarray.py" line="306" name="test_del[2-&lt;lambda&gt;14]" time="0.0004267692565917969"><skipped message="Suite splitting in effect" type="pytest.skip">src/pymortests/vectorarray.py:306: &lt;py._xmlgen.raw object at 0x7fb29d0e2668&gt;</skipped></testcase><testcase classname="src.pymortests.vectorarray" file="src/pymortests/vectorarray.py" line="306" name="test_del[2-&lt;lambda&gt;15]" time="0.00041556358337402344"><skipped message="Suite splitting in effect" type="pytest.skip">src/pymortests/vectorarray.py:306: &lt;py._xmlgen.raw object at 0x7fb29d0f9da0&gt;</skipped></testcase><testcase classname="src.pymortests.vectorarray" file="src/pymortests/vectorarray.py" line="306" name="test_del[2-&lt;lambda&gt;16]" time="0.00047326087951660156"><skipped message="Suite splitting in effect" type="pytest.skip">src/pymortests/vectorarray.py:306: &lt;py._xmlgen.raw object at 0x7fb29d0f98d0&gt;</skipped></testcase><testcase classname="src.pymortests.vectorarray" file="src/pymortests/vectorarray.py" line="306" name="test_del[2-&lt;lambda&gt;17]" time="0.000507354736328125"><skipped message="Suite splitting in effect" type="pytest.skip">src/pymortests/vectorarray.py:306: &lt;py._xmlgen.raw object at 0x7fb29d100550&gt;</skipped></testcase><testcase classname="src.pymortests.vectorarray" file="src/pymortests/vectorarray.py" line="306" name="test_del[2-&lt;lambda&gt;18]" time="0.0004355907440185547"><skipped message="Suite splitting in effect" type="pytest.skip">src/pymortests/vectorarray.py:306: &lt;py._xmlgen.raw object at 0x7fb29d1098d0&gt;</skipped></testcase><testcase classname="src.pymortests.vectorarray" file="src/pymortests/vectorarray.py" line="306" name="test_del[2-&lt;lambda&gt;19]" time="0.000438690185546875"><skipped message="Suite splitting in effect" type="pytest.skip">src/pymortests/vectorarray.py:306: &lt;py._xmlgen.raw object at 0x7fb29d109588&gt;</skipped></testcase><testcase classname="src.pymortests.vectorarray" file="src/pymortests/vectorarray.py" line="306" name="test_del[2-&lt;lambda&gt;20]" time="0.0008382797241210938"><skipped message="Suite splitting in effect" type="pytest.skip">src/pymortests/vectorarray.py:306: &lt;py._xmlgen.raw object at 0x7fb29d093198&gt;</skipped></testcase><testcase classname="src.pymortests.vectorarray" file="src/pymortests/vectorarray.py" line="306" name="test_del[2-&lt;lambda&gt;21]" time="0.00042700767517089844"><skipped message="Suite splitting in effect" type="pytest.skip">src/pymortests/vectorarray.py:306: &lt;py._xmlgen.raw object at 0x7fb29d1093c8&gt;</skipped></testcase><testcase classname="src.pymortests.vectorarray" file="src/pymortests/vectorarray.py" line="306" name="test_del[2-&lt;lambda&gt;22]" time="0.0004477500915527344"><skipped message="Suite splitting in effect" type="pytest.skip">src/pymortests/vectorarray.py:306: &lt;py._xmlgen.raw object at 0x7fb29d1008d0&gt;</skipped></testcase><testcase classname="src.pymortests.vectorarray" file="src/pymortests/vectorarray.py" line="306" name="test_del[2-&lt;lambda&gt;23]" time="0.0004189014434814453"><skipped message="Suite splitting in effect" type="pytest.skip">src/pymortests/vectorarray.py:306: &lt;py._xmlgen.raw object at 0x7fb29d0f9a58&gt;</skipped></testcase><testcase classname="src.pymortests.vectorarray" file="src/pymortests/vectorarray.py" line="306" name="test_del[2-&lt;lambda&gt;24]" time="0.0004208087921142578"><skipped message="Suite splitting in effect" type="pytest.skip">src/pymortests/vectorarray.py:306: &lt;py._xmlgen.raw object at 0x7fb2a6fe76d8&gt;</skipped></testcase><testcase classname="src.pymortests.vectorarray" file="src/pymortests/vectorarray.py" line="306" name="test_del[2-&lt;lambda&gt;25]" time="0.0004208087921142578"><skipped message="Suite splitting in effect" type="pytest.skip">src/pymortests/vectorarray.py:306: &lt;py._xmlgen.raw object at 0x7fb29d113630&gt;</skipped></testcase><testcase classname="src.pymortests.vectorarray" file="src/pymortests/vectorarray.py" line="306" name="test_del[2-&lt;lambda&gt;26]" time="0.0004944801330566406"><skipped message="Suite splitting in effect" type="pytest.skip">src/pymortests/vectorarray.py:306: &lt;py._xmlgen.raw object at 0x7fb2a7057198&gt;</skipped></testcase><testcase classname="src.pymortests.vectorarray" file="src/pymortests/vectorarray.py" line="323" name="test_scal[0-&lt;lambda&gt;0]" time="0.0005195140838623047"><skipped message="Suite splitting in effect" type="pytest.skip">src/pymortests/vectorarray.py:323: &lt;py._xmlgen.raw object at 0x7fb29d093208&gt;</skipped></testcase><testcase classname="src.pymortests.vectorarray" file="src/pymortests/vectorarray.py" line="323" name="test_scal[0-&lt;lambda&gt;1]" time="0.0004265308380126953"><skipped message="Suite splitting in effect" type="pytest.skip">src/pymortests/vectorarray.py:323: &lt;py._xmlgen.raw object at 0x7fb29d0937b8&gt;</skipped></testcase><testcase classname="src.pymortests.vectorarray" file="src/pymortests/vectorarray.py" line="323" name="test_scal[0-&lt;lambda&gt;2]" time="0.0004413127899169922"><skipped message="Suite splitting in effect" type="pytest.skip">src/pymortests/vectorarray.py:323: &lt;py._xmlgen.raw object at 0x7fb2a707fdd8&gt;</skipped></testcase><testcase classname="src.pymortests.vectorarray" file="src/pymortests/vectorarray.py" line="323" name="test_scal[0-&lt;lambda&gt;3]" time="0.00044465065002441406"><skipped message="Suite splitting in effect" type="pytest.skip">src/pymortests/vectorarray.py:323: &lt;py._xmlgen.raw object at 0x7fb2a6ff7c18&gt;</skipped></testcase><testcase classname="src.pymortests.vectorarray" file="src/pymortests/vectorarray.py" line="323" name="test_scal[0-&lt;lambda&gt;4]" time="0.0004088878631591797"><skipped message="Suite splitting in effect" type="pytest.skip">src/pymortests/vectorarray.py:323: &lt;py._xmlgen.raw object at 0x7fb29d0f92e8&gt;</skipped></testcase><testcase classname="src.pymortests.vectorarray" file="src/pymortests/vectorarray.py" line="323" name="test_scal[0-&lt;lambda&gt;5]" time="0.0004608631134033203"><skipped message="Suite splitting in effect" type="pytest.skip">src/pymortests/vectorarray.py:323: &lt;py._xmlgen.raw object at 0x7fb29d1001d0&gt;</skipped></testcase><testcase classname="src.pymortests.vectorarray" file="src/pymortests/vectorarray.py" line="323" name="test_scal[0-&lt;lambda&gt;6]" time="0.0004429817199707031"><skipped message="Suite splitting in effect" type="pytest.skip">src/pymortests/vectorarray.py:323: &lt;py._xmlgen.raw object at 0x7fb29d109d68&gt;</skipped></testcase><testcase classname="src.pymortests.vectorarray" file="src/pymortests/vectorarray.py" line="323" name="test_scal[0-&lt;lambda&gt;7]" time="0.0004200935363769531"><skipped message="Suite splitting in effect" type="pytest.skip">src/pymortests/vectorarray.py:323: &lt;py._xmlgen.raw object at 0x7fb29d109588&gt;</skipped></testcase><testcase classname="src.pymortests.vectorarray" file="src/pymortests/vectorarray.py" line="323" name="test_scal[0-&lt;lambda&gt;8]" time="0.00046753883361816406"><skipped message="Suite splitting in effect" type="pytest.skip">src/pymortests/vectorarray.py:323: &lt;py._xmlgen.raw object at 0x7fb29d093668&gt;</skipped></testcase><testcase classname="src.pymortests.vectorarray" file="src/pymortests/vectorarray.py" line="323" name="test_scal[0-&lt;lambda&gt;9]" time="0.0004527568817138672"><skipped message="Suite splitting in effect" type="pytest.skip">src/pymortests/vectorarray.py:323: &lt;py._xmlgen.raw object at 0x7fb29d093cc0&gt;</skipped></testcase><testcase classname="src.pymortests.vectorarray" file="src/pymortests/vectorarray.py" line="323" name="test_scal[0-&lt;lambda&gt;10]" time="0.00045418739318847656"><skipped message="Suite splitting in effect" type="pytest.skip">src/pymortests/vectorarray.py:323: &lt;py._xmlgen.raw object at 0x7fb2a7044e10&gt;</skipped></testcase><testcase classname="src.pymortests.vectorarray" file="src/pymortests/vectorarray.py" line="323" name="test_scal[0-&lt;lambda&gt;11]" time="0.0004184246063232422"><skipped message="Suite splitting in effect" type="pytest.skip">src/pymortests/vectorarray.py:323: &lt;py._xmlgen.raw object at 0x7fb2a7057198&gt;</skipped></testcase><testcase classname="src.pymortests.vectorarray" file="src/pymortests/vectorarray.py" line="323" name="test_scal[0-&lt;lambda&gt;12]" time="0.0004458427429199219"><skipped message="Suite splitting in effect" type="pytest.skip">src/pymortests/vectorarray.py:323: &lt;py._xmlgen.raw object at 0x7fb29d1000b8&gt;</skipped></testcase><testcase classname="src.pymortests.vectorarray" file="src/pymortests/vectorarray.py" line="323" name="test_scal[0-&lt;lambda&gt;13]" time="0.00042176246643066406"><skipped message="Suite splitting in effect" type="pytest.skip">src/pymortests/vectorarray.py:323: &lt;py._xmlgen.raw object at 0x7fb29d109748&gt;</skipped></testcase><testcase classname="src.pymortests.vectorarray" file="src/pymortests/vectorarray.py" line="323" name="test_scal[0-&lt;lambda&gt;14]" time="0.0004253387451171875"><skipped message="Suite splitting in effect" type="pytest.skip">src/pymortests/vectorarray.py:323: &lt;py._xmlgen.raw object at 0x7fb29d109c18&gt;</skipped></testcase><testcase classname="src.pymortests.vectorarray" file="src/pymortests/vectorarray.py" line="323" name="test_scal[0-&lt;lambda&gt;15]" time="0.0004343986511230469"><skipped message="Suite splitting in effect" type="pytest.skip">src/pymortests/vectorarray.py:323: &lt;py._xmlgen.raw object at 0x7fb29d0f9630&gt;</skipped></testcase><testcase classname="src.pymortests.vectorarray" file="src/pymortests/vectorarray.py" line="323" name="test_scal[0-&lt;lambda&gt;16]" time="0.0004105567932128906"><skipped message="Suite splitting in effect" type="pytest.skip">src/pymortests/vectorarray.py:323: &lt;py._xmlgen.raw object at 0x7fb29d0ce710&gt;</skipped></testcase><testcase classname="src.pymortests.vectorarray" file="src/pymortests/vectorarray.py" line="323" name="test_scal[0-&lt;lambda&gt;17]" time="0.0004494190216064453"><skipped message="Suite splitting in effect" type="pytest.skip">src/pymortests/vectorarray.py:323: &lt;py._xmlgen.raw object at 0x7fb29d0e2438&gt;</skipped></testcase><testcase classname="src.pymortests.vectorarray" file="src/pymortests/vectorarray.py" line="323" name="test_scal[0-&lt;lambda&gt;18]" time="0.0007615089416503906"><skipped message="Suite splitting in effect" type="pytest.skip">src/pymortests/vectorarray.py:323: &lt;py._xmlgen.raw object at 0x7fb29d0e22e8&gt;</skipped></testcase><testcase classname="src.pymortests.vectorarray" file="src/pymortests/vectorarray.py" line="323" name="test_scal[0-&lt;lambda&gt;19]" time="0.0004649162292480469"><skipped message="Suite splitting in effect" type="pytest.skip">src/pymortests/vectorarray.py:323: &lt;py._xmlgen.raw object at 0x7fb29d0f9630&gt;</skipped></testcase><testcase classname="src.pymortests.vectorarray" file="src/pymortests/vectorarray.py" line="323" name="test_scal[0-&lt;lambda&gt;20]" time="0.0004551410675048828"><skipped message="Suite splitting in effect" type="pytest.skip">src/pymortests/vectorarray.py:323: &lt;py._xmlgen.raw object at 0x7fb29d109f60&gt;</skipped></testcase><testcase classname="src.pymortests.vectorarray" file="src/pymortests/vectorarray.py" line="323" name="test_scal[0-&lt;lambda&gt;21]" time="0.00042939186096191406"><skipped message="Suite splitting in effect" type="pytest.skip">src/pymortests/vectorarray.py:323: &lt;py._xmlgen.raw object at 0x7fb29d143860&gt;</skipped></testcase><testcase classname="src.pymortests.vectorarray" file="src/pymortests/vectorarray.py" line="323" name="test_scal[0-&lt;lambda&gt;22]" time="0.00043511390686035156"><skipped message="Suite splitting in effect" type="pytest.skip">src/pymortests/vectorarray.py:323: &lt;py._xmlgen.raw object at 0x7fb29d1008d0&gt;</skipped></testcase><testcase classname="src.pymortests.vectorarray" file="src/pymortests/vectorarray.py" line="323" name="test_scal[0-&lt;lambda&gt;23]" time="0.0005140304565429688"><skipped message="Suite splitting in effect" type="pytest.skip">src/pymortests/vectorarray.py:323: &lt;py._xmlgen.raw object at 0x7fb2a6ff7780&gt;</skipped></testcase><testcase classname="src.pymortests.vectorarray" file="src/pymortests/vectorarray.py" line="323" name="test_scal[0-&lt;lambda&gt;24]" time="0.00047206878662109375"><skipped message="Suite splitting in effect" type="pytest.skip">src/pymortests/vectorarray.py:323: &lt;py._xmlgen.raw object at 0x7fb2a701e978&gt;</skipped></testcase><testcase classname="src.pymortests.vectorarray" file="src/pymortests/vectorarray.py" line="323" name="test_scal[0-&lt;lambda&gt;25]" time="0.00048065185546875"><skipped message="Suite splitting in effect" type="pytest.skip">src/pymortests/vectorarray.py:323: &lt;py._xmlgen.raw object at 0x7fb29d093be0&gt;</skipped></testcase><testcase classname="src.pymortests.vectorarray" file="src/pymortests/vectorarray.py" line="323" name="test_scal[0-&lt;lambda&gt;26]" time="0.0004646778106689453"><skipped message="Suite splitting in effect" type="pytest.skip">src/pymortests/vectorarray.py:323: &lt;py._xmlgen.raw object at 0x7fb29d11ed30&gt;</skipped></testcase><testcase classname="src.pymortests.vectorarray" file="src/pymortests/vectorarray.py" line="323" name="test_scal[1-&lt;lambda&gt;0]" time="0.0005309581756591797"><skipped message="Suite splitting in effect" type="pytest.skip">src/pymortests/vectorarray.py:323: &lt;py._xmlgen.raw object at 0x7fb2a701ed68&gt;</skipped></testcase><testcase classname="src.pymortests.vectorarray" file="src/pymortests/vectorarray.py" line="323" name="test_scal[1-&lt;lambda&gt;1]" time="0.00045228004455566406"><skipped message="Suite splitting in effect" type="pytest.skip">src/pymortests/vectorarray.py:323: &lt;py._xmlgen.raw object at 0x7fb2a7057198&gt;</skipped></testcase><testcase classname="src.pymortests.vectorarray" file="src/pymortests/vectorarray.py" line="323" name="test_scal[1-&lt;lambda&gt;2]" time="0.00043773651123046875"><skipped message="Suite splitting in effect" type="pytest.skip">src/pymortests/vectorarray.py:323: &lt;py._xmlgen.raw object at 0x7fb2a6faf438&gt;</skipped></testcase><testcase classname="src.pymortests.vectorarray" file="src/pymortests/vectorarray.py" line="323" name="test_scal[1-&lt;lambda&gt;3]" time="0.0004200935363769531"><skipped message="Suite splitting in effect" type="pytest.skip">src/pymortests/vectorarray.py:323: &lt;py._xmlgen.raw object at 0x7fb29d109780&gt;</skipped></testcase><testcase classname="src.pymortests.vectorarray" file="src/pymortests/vectorarray.py" line="323" name="test_scal[1-&lt;lambda&gt;4]" time="0.0004439353942871094"><skipped message="Suite splitting in effect" type="pytest.skip">src/pymortests/vectorarray.py:323: &lt;py._xmlgen.raw object at 0x7fb29d0f97f0&gt;</skipped></testcase><testcase classname="src.pymortests.vectorarray" file="src/pymortests/vectorarray.py" line="323" name="test_scal[1-&lt;lambda&gt;5]" time="0.0005245208740234375"><skipped message="Suite splitting in effect" type="pytest.skip">src/pymortests/vectorarray.py:323: &lt;py._xmlgen.raw object at 0x7fb29d093e10&gt;</skipped></testcase><testcase classname="src.pymortests.vectorarray" file="src/pymortests/vectorarray.py" line="323" name="test_scal[1-&lt;lambda&gt;6]" time="0.0004911422729492188"><skipped message="Suite splitting in effect" type="pytest.skip">src/pymortests/vectorarray.py:323: &lt;py._xmlgen.raw object at 0x7fb29d093198&gt;</skipped></testcase><testcase classname="src.pymortests.vectorarray" file="src/pymortests/vectorarray.py" line="323" name="test_scal[1-&lt;lambda&gt;7]" time="0.0007956027984619141"><skipped message="Suite splitting in effect" type="pytest.skip">src/pymortests/vectorarray.py:323: &lt;py._xmlgen.raw object at 0x7fb29d0a6400&gt;</skipped></testcase><testcase classname="src.pymortests.vectorarray" file="src/pymortests/vectorarray.py" line="323" name="test_scal[1-&lt;lambda&gt;8]" time="0.0004584789276123047"><skipped message="Suite splitting in effect" type="pytest.skip">src/pymortests/vectorarray.py:323: &lt;py._xmlgen.raw object at 0x7fb29d133208&gt;</skipped></testcase><testcase classname="src.pymortests.vectorarray" file="src/pymortests/vectorarray.py" line="323" name="test_scal[1-&lt;lambda&gt;9]" time="0.00042247772216796875"><skipped message="Suite splitting in effect" type="pytest.skip">src/pymortests/vectorarray.py:323: &lt;py._xmlgen.raw object at 0x7fb29d109eb8&gt;</skipped></testcase><testcase classname="src.pymortests.vectorarray" file="src/pymortests/vectorarray.py" line="323" name="test_scal[1-&lt;lambda&gt;10]" time="0.0004279613494873047"><skipped message="Suite splitting in effect" type="pytest.skip">src/pymortests/vectorarray.py:323: &lt;py._xmlgen.raw object at 0x7fb29d100c88&gt;</skipped></testcase><testcase classname="src.pymortests.vectorarray" file="src/pymortests/vectorarray.py" line="323" name="test_scal[1-&lt;lambda&gt;11]" time="0.000423431396484375"><skipped message="Suite splitting in effect" type="pytest.skip">src/pymortests/vectorarray.py:323: &lt;py._xmlgen.raw object at 0x7fb2a6ff76d8&gt;</skipped></testcase><testcase classname="src.pymortests.vectorarray" file="src/pymortests/vectorarray.py" line="323" name="test_scal[1-&lt;lambda&gt;12]" time="0.0004475116729736328"><skipped message="Suite splitting in effect" type="pytest.skip">src/pymortests/vectorarray.py:323: &lt;py._xmlgen.raw object at 0x7fb2a701e978&gt;</skipped></testcase><testcase classname="src.pymortests.vectorarray" file="src/pymortests/vectorarray.py" line="323" name="test_scal[1-&lt;lambda&gt;13]" time="0.0004031658172607422"><skipped message="Suite splitting in effect" type="pytest.skip">src/pymortests/vectorarray.py:323: &lt;py._xmlgen.raw object at 0x7fb29d0934a8&gt;</skipped></testcase><testcase classname="src.pymortests.vectorarray" file="src/pymortests/vectorarray.py" line="323" name="test_scal[1-&lt;lambda&gt;14]" time="0.0004985332489013672"><skipped message="Suite splitting in effect" type="pytest.skip">src/pymortests/vectorarray.py:323: &lt;py._xmlgen.raw object at 0x7fb29d0a61d0&gt;</skipped></testcase><testcase classname="src.pymortests.vectorarray" file="src/pymortests/vectorarray.py" line="323" name="test_scal[1-&lt;lambda&gt;15]" time="0.00040268898010253906"><skipped message="Suite splitting in effect" type="pytest.skip">src/pymortests/vectorarray.py:323: &lt;py._xmlgen.raw object at 0x7fb29d0a6940&gt;</skipped></testcase><testcase classname="src.pymortests.vectorarray" file="src/pymortests/vectorarray.py" line="323" name="test_scal[1-&lt;lambda&gt;16]" time="0.0004932880401611328"><skipped message="Suite splitting in effect" type="pytest.skip">src/pymortests/vectorarray.py:323: &lt;py._xmlgen.raw object at 0x7fb29d093198&gt;</skipped></testcase><testcase classname="src.pymortests.vectorarray" file="src/pymortests/vectorarray.py" line="323" name="test_scal[1-&lt;lambda&gt;17]" time="0.0004897117614746094"><skipped message="Suite splitting in effect" type="pytest.skip">src/pymortests/vectorarray.py:323: &lt;py._xmlgen.raw object at 0x7fb2a6ff7978&gt;</skipped></testcase><testcase classname="src.pymortests.vectorarray" file="src/pymortests/vectorarray.py" line="323" name="test_scal[1-&lt;lambda&gt;18]" time="0.00045609474182128906"><skipped message="Suite splitting in effect" type="pytest.skip">src/pymortests/vectorarray.py:323: &lt;py._xmlgen.raw object at 0x7fb29d100fd0&gt;</skipped></testcase><testcase classname="src.pymortests.vectorarray" file="src/pymortests/vectorarray.py" line="323" name="test_scal[1-&lt;lambda&gt;19]" time="0.0004801750183105469"><skipped message="Suite splitting in effect" type="pytest.skip">src/pymortests/vectorarray.py:323: &lt;py._xmlgen.raw object at 0x7fb2a6faf438&gt;</skipped></testcase><testcase classname="src.pymortests.vectorarray" file="src/pymortests/vectorarray.py" line="323" name="test_scal[1-&lt;lambda&gt;20]" time="0.0004315376281738281"><skipped message="Suite splitting in effect" type="pytest.skip">src/pymortests/vectorarray.py:323: &lt;py._xmlgen.raw object at 0x7fb2a71179b0&gt;</skipped></testcase><testcase classname="src.pymortests.vectorarray" file="src/pymortests/vectorarray.py" line="323" name="test_scal[1-&lt;lambda&gt;21]" time="0.0004687309265136719"><skipped message="Suite splitting in effect" type="pytest.skip">src/pymortests/vectorarray.py:323: &lt;py._xmlgen.raw object at 0x7fb29d0a6a90&gt;</skipped></testcase><testcase classname="src.pymortests.vectorarray" file="src/pymortests/vectorarray.py" line="323" name="test_scal[1-&lt;lambda&gt;22]" time="0.00044274330139160156"><skipped message="Suite splitting in effect" type="pytest.skip">src/pymortests/vectorarray.py:323: &lt;py._xmlgen.raw object at 0x7fb29d0a6198&gt;</skipped></testcase><testcase classname="src.pymortests.vectorarray" file="src/pymortests/vectorarray.py" line="323" name="test_scal[1-&lt;lambda&gt;23]" time="0.0004265308380126953"><skipped message="Suite splitting in effect" type="pytest.skip">src/pymortests/vectorarray.py:323: &lt;py._xmlgen.raw object at 0x7fb29d0a6e48&gt;</skipped></testcase><testcase classname="src.pymortests.vectorarray" file="src/pymortests/vectorarray.py" line="323" name="test_scal[1-&lt;lambda&gt;24]" time="0.0007631778717041016"><skipped message="Suite splitting in effect" type="pytest.skip">src/pymortests/vectorarray.py:323: &lt;py._xmlgen.raw object at 0x7fb29d0a6c88&gt;</skipped></testcase><testcase classname="src.pymortests.vectorarray" file="src/pymortests/vectorarray.py" line="323" name="test_scal[1-&lt;lambda&gt;25]" time="0.0004382133483886719"><skipped message="Suite splitting in effect" type="pytest.skip">src/pymortests/vectorarray.py:323: &lt;py._xmlgen.raw object at 0x7fb29d0a6a58&gt;</skipped></testcase><testcase classname="src.pymortests.vectorarray" file="src/pymortests/vectorarray.py" line="323" name="test_scal[1-&lt;lambda&gt;26]" time="0.0004258155822753906"><skipped message="Suite splitting in effect" type="pytest.skip">src/pymortests/vectorarray.py:323: &lt;py._xmlgen.raw object at 0x7fb29d109198&gt;</skipped></testcase><testcase classname="src.pymortests.vectorarray" file="src/pymortests/vectorarray.py" line="323" name="test_scal[2-&lt;lambda&gt;0]" time="0.0004546642303466797"><skipped message="Suite splitting in effect" type="pytest.skip">src/pymortests/vectorarray.py:323: &lt;py._xmlgen.raw object at 0x7fb2a6fafd68&gt;</skipped></testcase><testcase classname="src.pymortests.vectorarray" file="src/pymortests/vectorarray.py" line="323" name="test_scal[2-&lt;lambda&gt;1]" time="0.0004429817199707031"><skipped message="Suite splitting in effect" type="pytest.skip">src/pymortests/vectorarray.py:323: &lt;py._xmlgen.raw object at 0x7fb29d0d7940&gt;</skipped></testcase><testcase classname="src.pymortests.vectorarray" file="src/pymortests/vectorarray.py" line="323" name="test_scal[2-&lt;lambda&gt;2]" time="0.0004444122314453125"><skipped message="Suite splitting in effect" type="pytest.skip">src/pymortests/vectorarray.py:323: &lt;py._xmlgen.raw object at 0x7fb2a701ecc0&gt;</skipped></testcase><testcase classname="src.pymortests.vectorarray" file="src/pymortests/vectorarray.py" line="323" name="test_scal[2-&lt;lambda&gt;3]" time="0.00042510032653808594"><skipped message="Suite splitting in effect" type="pytest.skip">src/pymortests/vectorarray.py:323: &lt;py._xmlgen.raw object at 0x7fb29d0936a0&gt;</skipped></testcase><testcase classname="src.pymortests.vectorarray" file="src/pymortests/vectorarray.py" line="323" name="test_scal[2-&lt;lambda&gt;4]" time="0.00044155120849609375"><skipped message="Suite splitting in effect" type="pytest.skip">src/pymortests/vectorarray.py:323: &lt;py._xmlgen.raw object at 0x7fb29d0ac3c8&gt;</skipped></testcase><testcase classname="src.pymortests.vectorarray" file="src/pymortests/vectorarray.py" line="323" name="test_scal[2-&lt;lambda&gt;5]" time="0.0007426738739013672"><skipped message="Suite splitting in effect" type="pytest.skip">src/pymortests/vectorarray.py:323: &lt;py._xmlgen.raw object at 0x7fb2a71a2ef0&gt;</skipped></testcase><testcase classname="src.pymortests.vectorarray" file="src/pymortests/vectorarray.py" line="323" name="test_scal[2-&lt;lambda&gt;6]" time="0.00042057037353515625"><skipped message="Suite splitting in effect" type="pytest.skip">src/pymortests/vectorarray.py:323: &lt;py._xmlgen.raw object at 0x7fb2a6fe7e10&gt;</skipped></testcase><testcase classname="src.pymortests.vectorarray" file="src/pymortests/vectorarray.py" line="323" name="test_scal[2-&lt;lambda&gt;7]" time="0.0004525184631347656"><skipped message="Suite splitting in effect" type="pytest.skip">src/pymortests/vectorarray.py:323: &lt;py._xmlgen.raw object at 0x7fb2a6fbc630&gt;</skipped></testcase><testcase classname="src.pymortests.vectorarray" file="src/pymortests/vectorarray.py" line="323" name="test_scal[2-&lt;lambda&gt;8]" time="0.0004322528839111328"><skipped message="Suite splitting in effect" type="pytest.skip">src/pymortests/vectorarray.py:323: &lt;py._xmlgen.raw object at 0x7fb29d109128&gt;</skipped></testcase><testcase classname="src.pymortests.vectorarray" file="src/pymortests/vectorarray.py" line="323" name="test_scal[2-&lt;lambda&gt;9]" time="0.00040602684020996094"><skipped message="Suite splitting in effect" type="pytest.skip">src/pymortests/vectorarray.py:323: &lt;py._xmlgen.raw object at 0x7fb29d0f9f60&gt;</skipped></testcase><testcase classname="src.pymortests.vectorarray" file="src/pymortests/vectorarray.py" line="323" name="test_scal[2-&lt;lambda&gt;10]" time="0.00045037269592285156"><skipped message="Suite splitting in effect" type="pytest.skip">src/pymortests/vectorarray.py:323: &lt;py._xmlgen.raw object at 0x7fb29d0a66a0&gt;</skipped></testcase><testcase classname="src.pymortests.vectorarray" file="src/pymortests/vectorarray.py" line="323" name="test_scal[2-&lt;lambda&gt;11]" time="0.0004305839538574219"><skipped message="Suite splitting in effect" type="pytest.skip">src/pymortests/vectorarray.py:323: &lt;py._xmlgen.raw object at 0x7fb29d0ac208&gt;</skipped></testcase><testcase classname="src.pymortests.vectorarray" file="src/pymortests/vectorarray.py" line="323" name="test_scal[2-&lt;lambda&gt;12]" time="0.0004317760467529297"><skipped message="Suite splitting in effect" type="pytest.skip">src/pymortests/vectorarray.py:323: &lt;py._xmlgen.raw object at 0x7fb29d0acc88&gt;</skipped></testcase><testcase classname="src.pymortests.vectorarray" file="src/pymortests/vectorarray.py" line="323" name="test_scal[2-&lt;lambda&gt;13]" time="0.0007688999176025391"><skipped message="Suite splitting in effect" type="pytest.skip">src/pymortests/vectorarray.py:323: &lt;py._xmlgen.raw object at 0x7fb29d0ed208&gt;</skipped></testcase><testcase classname="src.pymortests.vectorarray" file="src/pymortests/vectorarray.py" line="323" name="test_scal[2-&lt;lambda&gt;14]" time="0.00048041343688964844"><skipped message="Suite splitting in effect" type="pytest.skip">src/pymortests/vectorarray.py:323: &lt;py._xmlgen.raw object at 0x7fb29d0acac8&gt;</skipped></testcase><testcase classname="src.pymortests.vectorarray" file="src/pymortests/vectorarray.py" line="323" name="test_scal[2-&lt;lambda&gt;15]" time="0.00044918060302734375"><skipped message="Suite splitting in effect" type="pytest.skip">src/pymortests/vectorarray.py:323: &lt;py._xmlgen.raw object at 0x7fb29d0a6c50&gt;</skipped></testcase><testcase classname="src.pymortests.vectorarray" file="src/pymortests/vectorarray.py" line="323" name="test_scal[2-&lt;lambda&gt;16]" time="0.0004525184631347656"><skipped message="Suite splitting in effect" type="pytest.skip">src/pymortests/vectorarray.py:323: &lt;py._xmlgen.raw object at 0x7fb29d0f9278&gt;</skipped></testcase><testcase classname="src.pymortests.vectorarray" file="src/pymortests/vectorarray.py" line="323" name="test_scal[2-&lt;lambda&gt;17]" time="0.0004487037658691406"><skipped message="Suite splitting in effect" type="pytest.skip">src/pymortests/vectorarray.py:323: &lt;py._xmlgen.raw object at 0x7fb2a6fafb70&gt;</skipped></testcase><testcase classname="src.pymortests.vectorarray" file="src/pymortests/vectorarray.py" line="323" name="test_scal[2-&lt;lambda&gt;18]" time="0.0004420280456542969"><skipped message="Suite splitting in effect" type="pytest.skip">src/pymortests/vectorarray.py:323: &lt;py._xmlgen.raw object at 0x7fb2a6fbc978&gt;</skipped></testcase><testcase classname="src.pymortests.vectorarray" file="src/pymortests/vectorarray.py" line="323" name="test_scal[2-&lt;lambda&gt;19]" time="0.0004923343658447266"><skipped message="Suite splitting in effect" type="pytest.skip">src/pymortests/vectorarray.py:323: &lt;py._xmlgen.raw object at 0x7fb2a701e4e0&gt;</skipped></testcase><testcase classname="src.pymortests.vectorarray" file="src/pymortests/vectorarray.py" line="323" name="test_scal[2-&lt;lambda&gt;20]" time="0.00046563148498535156"><skipped message="Suite splitting in effect" type="pytest.skip">src/pymortests/vectorarray.py:323: &lt;py._xmlgen.raw object at 0x7fb29d0ed0b8&gt;</skipped></testcase><testcase classname="src.pymortests.vectorarray" file="src/pymortests/vectorarray.py" line="323" name="test_scal[2-&lt;lambda&gt;21]" time="0.0007791519165039062"><skipped message="Suite splitting in effect" type="pytest.skip">src/pymortests/vectorarray.py:323: &lt;py._xmlgen.raw object at 0x7fb29d0ed748&gt;</skipped></testcase><testcase classname="src.pymortests.vectorarray" file="src/pymortests/vectorarray.py" line="323" name="test_scal[2-&lt;lambda&gt;22]" time="0.0004298686981201172"><skipped message="Suite splitting in effect" type="pytest.skip">src/pymortests/vectorarray.py:323: &lt;py._xmlgen.raw object at 0x7fb29d100c88&gt;</skipped></testcase><testcase classname="src.pymortests.vectorarray" file="src/pymortests/vectorarray.py" line="323" name="test_scal[2-&lt;lambda&gt;23]" time="0.0004944801330566406"><skipped message="Suite splitting in effect" type="pytest.skip">src/pymortests/vectorarray.py:323: &lt;py._xmlgen.raw object at 0x7fb2a6fbcd68&gt;</skipped></testcase><testcase classname="src.pymortests.vectorarray" file="src/pymortests/vectorarray.py" line="323" name="test_scal[2-&lt;lambda&gt;24]" time="0.0004680156707763672"><skipped message="Suite splitting in effect" type="pytest.skip">src/pymortests/vectorarray.py:323: &lt;py._xmlgen.raw object at 0x7fb29d0f9cf8&gt;</skipped></testcase><testcase classname="src.pymortests.vectorarray" file="src/pymortests/vectorarray.py" line="323" name="test_scal[2-&lt;lambda&gt;25]" time="0.0004291534423828125"><skipped message="Suite splitting in effect" type="pytest.skip">src/pymortests/vectorarray.py:323: &lt;py._xmlgen.raw object at 0x7fb2a6fce780&gt;</skipped></testcase><testcase classname="src.pymortests.vectorarray" file="src/pymortests/vectorarray.py" line="323" name="test_scal[2-&lt;lambda&gt;26]" time="0.0004582405090332031"><skipped message="Suite splitting in effect" type="pytest.skip">src/pymortests/vectorarray.py:323: &lt;py._xmlgen.raw object at 0x7fb29d0ac588&gt;</skipped></testcase><testcase classname="src.pymortests.vectorarray" file="src/pymortests/vectorarray.py" line="361" name="test_axpy[compatible_vector_array_pair0-&lt;lambda&gt;0]" time="0.0004730224609375"><skipped message="Suite splitting in effect" type="pytest.skip">src/pymortests/vectorarray.py:361: &lt;py._xmlgen.raw object at 0x7fb29d0ac940&gt;</skipped></testcase><testcase classname="src.pymortests.vectorarray" file="src/pymortests/vectorarray.py" line="361" name="test_axpy[compatible_vector_array_pair0-&lt;lambda&gt;1]" time="0.0004887580871582031"><skipped message="Suite splitting in effect" type="pytest.skip">src/pymortests/vectorarray.py:361: &lt;py._xmlgen.raw object at 0x7fb29d0ed3c8&gt;</skipped></testcase><testcase classname="src.pymortests.vectorarray" file="src/pymortests/vectorarray.py" line="361" name="test_axpy[compatible_vector_array_pair0-&lt;lambda&gt;2]" time="0.00042629241943359375"><skipped message="Suite splitting in effect" type="pytest.skip">src/pymortests/vectorarray.py:361: &lt;py._xmlgen.raw object at 0x7fb29d0edd68&gt;</skipped></testcase><testcase classname="src.pymortests.vectorarray" file="src/pymortests/vectorarray.py" line="361" name="test_axpy[compatible_vector_array_pair0-&lt;lambda&gt;3]" time="0.0004451274871826172"><skipped message="Suite splitting in effect" type="pytest.skip">src/pymortests/vectorarray.py:361: &lt;py._xmlgen.raw object at 0x7fb29d0aca90&gt;</skipped></testcase><testcase classname="src.pymortests.vectorarray" file="src/pymortests/vectorarray.py" line="361" name="test_axpy[compatible_vector_array_pair0-&lt;lambda&gt;4]" time="0.00047135353088378906"><skipped message="Suite splitting in effect" type="pytest.skip">src/pymortests/vectorarray.py:361: &lt;py._xmlgen.raw object at 0x7fb29d0a66d8&gt;</skipped></testcase><testcase classname="src.pymortests.vectorarray" file="src/pymortests/vectorarray.py" line="361" name="test_axpy[compatible_vector_array_pair0-&lt;lambda&gt;5]" time="0.00045561790466308594"><skipped message="Suite splitting in effect" type="pytest.skip">src/pymortests/vectorarray.py:361: &lt;py._xmlgen.raw object at 0x7fb29d109c88&gt;</skipped></testcase><testcase classname="src.pymortests.vectorarray" file="src/pymortests/vectorarray.py" line="361" name="test_axpy[compatible_vector_array_pair0-&lt;lambda&gt;6]" time="0.0004546642303466797"><skipped message="Suite splitting in effect" type="pytest.skip">src/pymortests/vectorarray.py:361: &lt;py._xmlgen.raw object at 0x7fb2a6fbc2e8&gt;</skipped></testcase><testcase classname="src.pymortests.vectorarray" file="src/pymortests/vectorarray.py" line="361" name="test_axpy[compatible_vector_array_pair0-&lt;lambda&gt;7]" time="0.0004582405090332031"><skipped message="Suite splitting in effect" type="pytest.skip">src/pymortests/vectorarray.py:361: &lt;py._xmlgen.raw object at 0x7fb29d1000b8&gt;</skipped></testcase><testcase classname="src.pymortests.vectorarray" file="src/pymortests/vectorarray.py" line="361" name="test_axpy[compatible_vector_array_pair0-&lt;lambda&gt;8]" time="0.0004832744598388672"><skipped message="Suite splitting in effect" type="pytest.skip">src/pymortests/vectorarray.py:361: &lt;py._xmlgen.raw object at 0x7fb29d0edd68&gt;</skipped></testcase><testcase classname="src.pymortests.vectorarray" file="src/pymortests/vectorarray.py" line="361" name="test_axpy[compatible_vector_array_pair0-&lt;lambda&gt;9]" time="0.0005090236663818359"><skipped message="Suite splitting in effect" type="pytest.skip">src/pymortests/vectorarray.py:361: &lt;py._xmlgen.raw object at 0x7fb29d0ed320&gt;</skipped></testcase><testcase classname="src.pymortests.vectorarray" file="src/pymortests/vectorarray.py" line="361" name="test_axpy[compatible_vector_array_pair0-&lt;lambda&gt;10]" time="0.00045943260192871094"><skipped message="Suite splitting in effect" type="pytest.skip">src/pymortests/vectorarray.py:361: &lt;py._xmlgen.raw object at 0x7fb29d0c12b0&gt;</skipped></testcase><testcase classname="src.pymortests.vectorarray" file="src/pymortests/vectorarray.py" line="361" name="test_axpy[compatible_vector_array_pair0-&lt;lambda&gt;11]" time="0.0008382797241210938"><skipped message="Suite splitting in effect" type="pytest.skip">src/pymortests/vectorarray.py:361: &lt;py._xmlgen.raw object at 0x7fb29d0ed518&gt;</skipped></testcase><testcase classname="src.pymortests.vectorarray" file="src/pymortests/vectorarray.py" line="361" name="test_axpy[compatible_vector_array_pair0-&lt;lambda&gt;12]" time="0.00041484832763671875"><skipped message="Suite splitting in effect" type="pytest.skip">src/pymortests/vectorarray.py:361: &lt;py._xmlgen.raw object at 0x7fb29d0ed860&gt;</skipped></testcase><testcase classname="src.pymortests.vectorarray" file="src/pymortests/vectorarray.py" line="361" name="test_axpy[compatible_vector_array_pair0-&lt;lambda&gt;13]" time="0.000476837158203125"><skipped message="Suite splitting in effect" type="pytest.skip">src/pymortests/vectorarray.py:361: &lt;py._xmlgen.raw object at 0x7fb2a6fbcfd0&gt;</skipped></testcase><testcase classname="src.pymortests.vectorarray" file="src/pymortests/vectorarray.py" line="361" name="test_axpy[compatible_vector_array_pair0-&lt;lambda&gt;14]" time="0.0004162788391113281"><skipped message="Suite splitting in effect" type="pytest.skip">src/pymortests/vectorarray.py:361: &lt;py._xmlgen.raw object at 0x7fb29d0f98d0&gt;</skipped></testcase><testcase classname="src.pymortests.vectorarray" file="src/pymortests/vectorarray.py" line="361" name="test_axpy[compatible_vector_array_pair0-&lt;lambda&gt;15]" time="0.0004744529724121094"><skipped message="Suite splitting in effect" type="pytest.skip">src/pymortests/vectorarray.py:361: &lt;py._xmlgen.raw object at 0x7fb2a6fa5c18&gt;</skipped></testcase><testcase classname="src.pymortests.vectorarray" file="src/pymortests/vectorarray.py" line="361" name="test_axpy[compatible_vector_array_pair0-&lt;lambda&gt;16]" time="0.00041747093200683594"><skipped message="Suite splitting in effect" type="pytest.skip">src/pymortests/vectorarray.py:361: &lt;py._xmlgen.raw object at 0x7fb29d0ac3c8&gt;</skipped></testcase><testcase classname="src.pymortests.vectorarray" file="src/pymortests/vectorarray.py" line="361" name="test_axpy[compatible_vector_array_pair0-&lt;lambda&gt;17]" time="0.0004487037658691406"><skipped message="Suite splitting in effect" type="pytest.skip">src/pymortests/vectorarray.py:361: &lt;py._xmlgen.raw object at 0x7fb29d0c1470&gt;</skipped></testcase><testcase classname="src.pymortests.vectorarray" file="src/pymortests/vectorarray.py" line="361" name="test_axpy[compatible_vector_array_pair0-&lt;lambda&gt;18]" time="0.0004382133483886719"><skipped message="Suite splitting in effect" type="pytest.skip">src/pymortests/vectorarray.py:361: &lt;py._xmlgen.raw object at 0x7fb29d0c17f0&gt;</skipped></testcase><testcase classname="src.pymortests.vectorarray" file="src/pymortests/vectorarray.py" line="361" name="test_axpy[compatible_vector_array_pair0-&lt;lambda&gt;19]" time="0.0007266998291015625"><skipped message="Suite splitting in effect" type="pytest.skip">src/pymortests/vectorarray.py:361: &lt;py._xmlgen.raw object at 0x7fb29d0ac940&gt;</skipped></testcase><testcase classname="src.pymortests.vectorarray" file="src/pymortests/vectorarray.py" line="361" name="test_axpy[compatible_vector_array_pair0-&lt;lambda&gt;20]" time="0.0004420280456542969"><skipped message="Suite splitting in effect" type="pytest.skip">src/pymortests/vectorarray.py:361: &lt;py._xmlgen.raw object at 0x7fb2a6fce828&gt;</skipped></testcase><testcase classname="src.pymortests.vectorarray" file="src/pymortests/vectorarray.py" line="361" name="test_axpy[compatible_vector_array_pair0-&lt;lambda&gt;21]" time="0.00042247772216796875"><skipped message="Suite splitting in effect" type="pytest.skip">src/pymortests/vectorarray.py:361: &lt;py._xmlgen.raw object at 0x7fb29d0f98d0&gt;</skipped></testcase><testcase classname="src.pymortests.vectorarray" file="src/pymortests/vectorarray.py" line="361" name="test_axpy[compatible_vector_array_pair0-&lt;lambda&gt;22]" time="0.0004024505615234375"><skipped message="Suite splitting in effect" type="pytest.skip">src/pymortests/vectorarray.py:361: &lt;py._xmlgen.raw object at 0x7fb2a6fbc2e8&gt;</skipped></testcase><testcase classname="src.pymortests.vectorarray" file="src/pymortests/vectorarray.py" line="361" name="test_axpy[compatible_vector_array_pair0-&lt;lambda&gt;23]" time="0.00048661231994628906"><skipped message="Suite splitting in effect" type="pytest.skip">src/pymortests/vectorarray.py:361: &lt;py._xmlgen.raw object at 0x7fb29d0edc18&gt;</skipped></testcase><testcase classname="src.pymortests.vectorarray" file="src/pymortests/vectorarray.py" line="361" name="test_axpy[compatible_vector_array_pair0-&lt;lambda&gt;24]" time="0.0004055500030517578"><skipped message="Suite splitting in effect" type="pytest.skip">src/pymortests/vectorarray.py:361: &lt;py._xmlgen.raw object at 0x7fb29d0ed518&gt;</skipped></testcase><testcase classname="src.pymortests.vectorarray" file="src/pymortests/vectorarray.py" line="361" name="test_axpy[compatible_vector_array_pair0-&lt;lambda&gt;25]" time="0.00046539306640625"><skipped message="Suite splitting in effect" type="pytest.skip">src/pymortests/vectorarray.py:361: &lt;py._xmlgen.raw object at 0x7fb29d0c1278&gt;</skipped></testcase><testcase classname="src.pymortests.vectorarray" file="src/pymortests/vectorarray.py" line="361" name="test_axpy[compatible_vector_array_pair0-&lt;lambda&gt;26]" time="0.0004525184631347656"><skipped message="Suite splitting in effect" type="pytest.skip">src/pymortests/vectorarray.py:361: &lt;py._xmlgen.raw object at 0x7fb29d0cd0f0&gt;</skipped></testcase><testcase classname="src.pymortests.vectorarray" file="src/pymortests/vectorarray.py" line="361" name="test_axpy[compatible_vector_array_pair0-&lt;lambda&gt;27]" time="0.000499725341796875"><skipped message="Suite splitting in effect" type="pytest.skip">src/pymortests/vectorarray.py:361: &lt;py._xmlgen.raw object at 0x7fb2a6f3a8d0&gt;</skipped></testcase><testcase classname="src.pymortests.vectorarray" file="src/pymortests/vectorarray.py" line="361" name="test_axpy[compatible_vector_array_pair0-&lt;lambda&gt;28]" time="0.0004742145538330078"><skipped message="Suite splitting in effect" type="pytest.skip">src/pymortests/vectorarray.py:361: &lt;py._xmlgen.raw object at 0x7fb2a6faf198&gt;</skipped></testcase><testcase classname="src.pymortests.vectorarray" file="src/pymortests/vectorarray.py" line="361" name="test_axpy[compatible_vector_array_pair0-&lt;lambda&gt;29]" time="0.0004794597625732422"><skipped message="Suite splitting in effect" type="pytest.skip">src/pymortests/vectorarray.py:361: &lt;py._xmlgen.raw object at 0x7fb29d0c1cc0&gt;</skipped></testcase><testcase classname="src.pymortests.vectorarray" file="src/pymortests/vectorarray.py" line="361" name="test_axpy[compatible_vector_array_pair1-&lt;lambda&gt;0]" time="0.0004436969757080078"><skipped message="Suite splitting in effect" type="pytest.skip">src/pymortests/vectorarray.py:361: &lt;py._xmlgen.raw object at 0x7fb29d0c1198&gt;</skipped></testcase><testcase classname="src.pymortests.vectorarray" file="src/pymortests/vectorarray.py" line="361" name="test_axpy[compatible_vector_array_pair1-&lt;lambda&gt;1]" time="0.0005025863647460938"><skipped message="Suite splitting in effect" type="pytest.skip">src/pymortests/vectorarray.py:361: &lt;py._xmlgen.raw object at 0x7fb29d0c1b70&gt;</skipped></testcase><testcase classname="src.pymortests.vectorarray" file="src/pymortests/vectorarray.py" line="361" name="test_axpy[compatible_vector_array_pair1-&lt;lambda&gt;2]" time="0.0004565715789794922"><skipped message="Suite splitting in effect" type="pytest.skip">src/pymortests/vectorarray.py:361: &lt;py._xmlgen.raw object at 0x7fb29d0ed2b0&gt;</skipped></testcase><testcase classname="src.pymortests.vectorarray" file="src/pymortests/vectorarray.py" line="361" name="test_axpy[compatible_vector_array_pair1-&lt;lambda&gt;3]" time="0.0004565715789794922"><skipped message="Suite splitting in effect" type="pytest.skip">src/pymortests/vectorarray.py:361: &lt;py._xmlgen.raw object at 0x7fb29d0ac048&gt;</skipped></testcase><testcase classname="src.pymortests.vectorarray" file="src/pymortests/vectorarray.py" line="361" name="test_axpy[compatible_vector_array_pair1-&lt;lambda&gt;4]" time="0.0004911422729492188"><skipped message="Suite splitting in effect" type="pytest.skip">src/pymortests/vectorarray.py:361: &lt;py._xmlgen.raw object at 0x7fb29d0ac710&gt;</skipped></testcase><testcase classname="src.pymortests.vectorarray" file="src/pymortests/vectorarray.py" line="361" name="test_axpy[compatible_vector_array_pair1-&lt;lambda&gt;5]" time="0.00044155120849609375"><skipped message="Suite splitting in effect" type="pytest.skip">src/pymortests/vectorarray.py:361: &lt;py._xmlgen.raw object at 0x7fb29d0a6e10&gt;</skipped></testcase><testcase classname="src.pymortests.vectorarray" file="src/pymortests/vectorarray.py" line="361" name="test_axpy[compatible_vector_array_pair1-&lt;lambda&gt;6]" time="0.0005178451538085938"><skipped message="Suite splitting in effect" type="pytest.skip">src/pymortests/vectorarray.py:361: &lt;py._xmlgen.raw object at 0x7fb29d0ac4e0&gt;</skipped></testcase><testcase classname="src.pymortests.vectorarray" file="src/pymortests/vectorarray.py" line="361" name="test_axpy[compatible_vector_array_pair1-&lt;lambda&gt;7]" time="0.00046181678771972656"><skipped message="Suite splitting in effect" type="pytest.skip">src/pymortests/vectorarray.py:361: &lt;py._xmlgen.raw object at 0x7fb29d0ed2b0&gt;</skipped></testcase><testcase classname="src.pymortests.vectorarray" file="src/pymortests/vectorarray.py" line="361" name="test_axpy[compatible_vector_array_pair1-&lt;lambda&gt;8]" time="0.0004401206970214844"><skipped message="Suite splitting in effect" type="pytest.skip">src/pymortests/vectorarray.py:361: &lt;py._xmlgen.raw object at 0x7fb29d0c1d68&gt;</skipped></testcase><testcase classname="src.pymortests.vectorarray" file="src/pymortests/vectorarray.py" line="361" name="test_axpy[compatible_vector_array_pair1-&lt;lambda&gt;9]" time="0.00042128562927246094"><skipped message="Suite splitting in effect" type="pytest.skip">src/pymortests/vectorarray.py:361: &lt;py._xmlgen.raw object at 0x7fb29d0c1f28&gt;</skipped></testcase><testcase classname="src.pymortests.vectorarray" file="src/pymortests/vectorarray.py" line="361" name="test_axpy[compatible_vector_array_pair1-&lt;lambda&gt;10]" time="0.0004608631134033203"><skipped message="Suite splitting in effect" type="pytest.skip">src/pymortests/vectorarray.py:361: &lt;py._xmlgen.raw object at 0x7fb2a6fce828&gt;</skipped></testcase><testcase classname="src.pymortests.vectorarray" file="src/pymortests/vectorarray.py" line="361" name="test_axpy[compatible_vector_array_pair1-&lt;lambda&gt;11]" time="0.00049591064453125"><skipped message="Suite splitting in effect" type="pytest.skip">src/pymortests/vectorarray.py:361: &lt;py._xmlgen.raw object at 0x7fb2a6f3a240&gt;</skipped></testcase><testcase classname="src.pymortests.vectorarray" file="src/pymortests/vectorarray.py" line="361" name="test_axpy[compatible_vector_array_pair1-&lt;lambda&gt;12]" time="0.0004718303680419922"><skipped message="Suite splitting in effect" type="pytest.skip">src/pymortests/vectorarray.py:361: &lt;py._xmlgen.raw object at 0x7fb29d0a6e80&gt;</skipped></testcase><testcase classname="src.pymortests.vectorarray" file="src/pymortests/vectorarray.py" line="361" name="test_axpy[compatible_vector_array_pair1-&lt;lambda&gt;13]" time="0.0004532337188720703"><skipped message="Suite splitting in effect" type="pytest.skip">src/pymortests/vectorarray.py:361: &lt;py._xmlgen.raw object at 0x7fb29d093780&gt;</skipped></testcase><testcase classname="src.pymortests.vectorarray" file="src/pymortests/vectorarray.py" line="361" name="test_axpy[compatible_vector_array_pair1-&lt;lambda&gt;14]" time="0.0008051395416259766"><skipped message="Suite splitting in effect" type="pytest.skip">src/pymortests/vectorarray.py:361: &lt;py._xmlgen.raw object at 0x7fb29d0a6e10&gt;</skipped></testcase><testcase classname="src.pymortests.vectorarray" file="src/pymortests/vectorarray.py" line="361" name="test_axpy[compatible_vector_array_pair1-&lt;lambda&gt;15]" time="0.00045228004455566406"><skipped message="Suite splitting in effect" type="pytest.skip">src/pymortests/vectorarray.py:361: &lt;py._xmlgen.raw object at 0x7fb2a6f3a4e0&gt;</skipped></testcase><testcase classname="src.pymortests.vectorarray" file="src/pymortests/vectorarray.py" line="361" name="test_axpy[compatible_vector_array_pair1-&lt;lambda&gt;16]" time="0.0004596710205078125"><skipped message="Suite splitting in effect" type="pytest.skip">src/pymortests/vectorarray.py:361: &lt;py._xmlgen.raw object at 0x7fb29d0c10b8&gt;</skipped></testcase><testcase classname="src.pymortests.vectorarray" file="src/pymortests/vectorarray.py" line="361" name="test_axpy[compatible_vector_array_pair1-&lt;lambda&gt;17]" time="0.00043129920959472656"><skipped message="Suite splitting in effect" type="pytest.skip">src/pymortests/vectorarray.py:361: &lt;py._xmlgen.raw object at 0x7fb29d0c1198&gt;</skipped></testcase><testcase classname="src.pymortests.vectorarray" file="src/pymortests/vectorarray.py" line="361" name="test_axpy[compatible_vector_array_pair1-&lt;lambda&gt;18]" time="0.00046515464782714844"><skipped message="Suite splitting in effect" type="pytest.skip">src/pymortests/vectorarray.py:361: &lt;py._xmlgen.raw object at 0x7fb29d0ed2b0&gt;</skipped></testcase><testcase classname="src.pymortests.vectorarray" file="src/pymortests/vectorarray.py" line="361" name="test_axpy[compatible_vector_array_pair1-&lt;lambda&gt;19]" time="0.00043082237243652344"><skipped message="Suite splitting in effect" type="pytest.skip">src/pymortests/vectorarray.py:361: &lt;py._xmlgen.raw object at 0x7fb29d0acfd0&gt;</skipped></testcase><testcase classname="src.pymortests.vectorarray" file="src/pymortests/vectorarray.py" line="361" name="test_axpy[compatible_vector_array_pair1-&lt;lambda&gt;20]" time="0.0004372596740722656"><skipped message="Suite splitting in effect" type="pytest.skip">src/pymortests/vectorarray.py:361: &lt;py._xmlgen.raw object at 0x7fb29d0acac8&gt;</skipped></testcase><testcase classname="src.pymortests.vectorarray" file="src/pymortests/vectorarray.py" line="361" name="test_axpy[compatible_vector_array_pair1-&lt;lambda&gt;21]" time="0.0004138946533203125"><skipped message="Suite splitting in effect" type="pytest.skip">src/pymortests/vectorarray.py:361: &lt;py._xmlgen.raw object at 0x7fb29d113400&gt;</skipped></testcase><testcase classname="src.pymortests.vectorarray" file="src/pymortests/vectorarray.py" line="361" name="test_axpy[compatible_vector_array_pair1-&lt;lambda&gt;22]" time="0.0007786750793457031"><skipped message="Suite splitting in effect" type="pytest.skip">src/pymortests/vectorarray.py:361: &lt;py._xmlgen.raw object at 0x7fb29d113400&gt;</skipped></testcase><testcase classname="src.pymortests.vectorarray" file="src/pymortests/vectorarray.py" line="361" name="test_axpy[compatible_vector_array_pair1-&lt;lambda&gt;23]" time="0.0004620552062988281"><skipped message="Suite splitting in effect" type="pytest.skip">src/pymortests/vectorarray.py:361: &lt;py._xmlgen.raw object at 0x7fb29d0ac780&gt;</skipped></testcase><testcase classname="src.pymortests.vectorarray" file="src/pymortests/vectorarray.py" line="361" name="test_axpy[compatible_vector_array_pair1-&lt;lambda&gt;24]" time="0.00043392181396484375"><skipped message="Suite splitting in effect" type="pytest.skip">src/pymortests/vectorarray.py:361: &lt;py._xmlgen.raw object at 0x7fb2a6f4b588&gt;</skipped></testcase><testcase classname="src.pymortests.vectorarray" file="src/pymortests/vectorarray.py" line="361" name="test_axpy[compatible_vector_array_pair1-&lt;lambda&gt;25]" time="0.0004317760467529297"><skipped message="Suite splitting in effect" type="pytest.skip">src/pymortests/vectorarray.py:361: &lt;py._xmlgen.raw object at 0x7fb29d0ed0b8&gt;</skipped></testcase><testcase classname="src.pymortests.vectorarray" file="src/pymortests/vectorarray.py" line="361" name="test_axpy[compatible_vector_array_pair1-&lt;lambda&gt;26]" time="0.0004317760467529297"><skipped message="Suite splitting in effect" type="pytest.skip">src/pymortests/vectorarray.py:361: &lt;py._xmlgen.raw object at 0x7fb29d0c14e0&gt;</skipped></testcase><testcase classname="src.pymortests.vectorarray" file="src/pymortests/vectorarray.py" line="361" name="test_axpy[compatible_vector_array_pair1-&lt;lambda&gt;27]" time="0.0004801750183105469"><skipped message="Suite splitting in effect" type="pytest.skip">src/pymortests/vectorarray.py:361: &lt;py._xmlgen.raw object at 0x7fb2a6fbcc18&gt;</skipped></testcase><testcase classname="src.pymortests.vectorarray" file="src/pymortests/vectorarray.py" line="361" name="test_axpy[compatible_vector_array_pair1-&lt;lambda&gt;28]" time="0.0004858970642089844"><skipped message="Suite splitting in effect" type="pytest.skip">src/pymortests/vectorarray.py:361: &lt;py._xmlgen.raw object at 0x7fb29d0a6ac8&gt;</skipped></testcase><testcase classname="src.pymortests.vectorarray" file="src/pymortests/vectorarray.py" line="361" name="test_axpy[compatible_vector_array_pair1-&lt;lambda&gt;29]" time="0.00043964385986328125"><skipped message="Suite splitting in effect" type="pytest.skip">src/pymortests/vectorarray.py:361: &lt;py._xmlgen.raw object at 0x7fb29d0cd978&gt;</skipped></testcase><testcase classname="src.pymortests.vectorarray" file="src/pymortests/vectorarray.py" line="361" name="test_axpy[compatible_vector_array_pair2-&lt;lambda&gt;0]" time="0.0008952617645263672"><skipped message="Suite splitting in effect" type="pytest.skip">src/pymortests/vectorarray.py:361: &lt;py._xmlgen.raw object at 0x7fb29d0cdeb8&gt;</skipped></testcase><testcase classname="src.pymortests.vectorarray" file="src/pymortests/vectorarray.py" line="361" name="test_axpy[compatible_vector_array_pair2-&lt;lambda&gt;1]" time="0.0004715919494628906"><skipped message="Suite splitting in effect" type="pytest.skip">src/pymortests/vectorarray.py:361: &lt;py._xmlgen.raw object at 0x7fb2a6fafe10&gt;</skipped></testcase><testcase classname="src.pymortests.vectorarray" file="src/pymortests/vectorarray.py" line="361" name="test_axpy[compatible_vector_array_pair2-&lt;lambda&gt;2]" time="0.0004363059997558594"><skipped message="Suite splitting in effect" type="pytest.skip">src/pymortests/vectorarray.py:361: &lt;py._xmlgen.raw object at 0x7fb29d0c1f98&gt;</skipped></testcase><testcase classname="src.pymortests.vectorarray" file="src/pymortests/vectorarray.py" line="361" name="test_axpy[compatible_vector_array_pair2-&lt;lambda&gt;3]" time="0.00043463706970214844"><skipped message="Suite splitting in effect" type="pytest.skip">src/pymortests/vectorarray.py:361: &lt;py._xmlgen.raw object at 0x7fb29d0ed470&gt;</skipped></testcase><testcase classname="src.pymortests.vectorarray" file="src/pymortests/vectorarray.py" line="361" name="test_axpy[compatible_vector_array_pair2-&lt;lambda&gt;4]" time="0.00045680999755859375"><skipped message="Suite splitting in effect" type="pytest.skip">src/pymortests/vectorarray.py:361: &lt;py._xmlgen.raw object at 0x7fb2a6f4bb70&gt;</skipped></testcase><testcase classname="src.pymortests.vectorarray" file="src/pymortests/vectorarray.py" line="361" name="test_axpy[compatible_vector_array_pair2-&lt;lambda&gt;5]" time="0.00047659873962402344"><skipped message="Suite splitting in effect" type="pytest.skip">src/pymortests/vectorarray.py:361: &lt;py._xmlgen.raw object at 0x7fb29d0936a0&gt;</skipped></testcase><testcase classname="src.pymortests.vectorarray" file="src/pymortests/vectorarray.py" line="361" name="test_axpy[compatible_vector_array_pair2-&lt;lambda&gt;6]" time="0.0004489421844482422"><skipped message="Suite splitting in effect" type="pytest.skip">src/pymortests/vectorarray.py:361: &lt;py._xmlgen.raw object at 0x7fb29d0cdc18&gt;</skipped></testcase><testcase classname="src.pymortests.vectorarray" file="src/pymortests/vectorarray.py" line="361" name="test_axpy[compatible_vector_array_pair2-&lt;lambda&gt;7]" time="0.0004985332489013672"><skipped message="Suite splitting in effect" type="pytest.skip">src/pymortests/vectorarray.py:361: &lt;py._xmlgen.raw object at 0x7fb29d0cd860&gt;</skipped></testcase><testcase classname="src.pymortests.vectorarray" file="src/pymortests/vectorarray.py" line="361" name="test_axpy[compatible_vector_array_pair2-&lt;lambda&gt;8]" time="0.0007758140563964844"><skipped message="Suite splitting in effect" type="pytest.skip">src/pymortests/vectorarray.py:361: &lt;py._xmlgen.raw object at 0x7fb29d05f438&gt;</skipped></testcase><testcase classname="src.pymortests.vectorarray" file="src/pymortests/vectorarray.py" line="361" name="test_axpy[compatible_vector_array_pair2-&lt;lambda&gt;9]" time="0.0004451274871826172"><skipped message="Suite splitting in effect" type="pytest.skip">src/pymortests/vectorarray.py:361: &lt;py._xmlgen.raw object at 0x7fb29d0cdc50&gt;</skipped></testcase><testcase classname="src.pymortests.vectorarray" file="src/pymortests/vectorarray.py" line="361" name="test_axpy[compatible_vector_array_pair2-&lt;lambda&gt;10]" time="0.0004343986511230469"><skipped message="Suite splitting in effect" type="pytest.skip">src/pymortests/vectorarray.py:361: &lt;py._xmlgen.raw object at 0x7fb29d0ac7f0&gt;</skipped></testcase><testcase classname="src.pymortests.vectorarray" file="src/pymortests/vectorarray.py" line="361" name="test_axpy[compatible_vector_array_pair2-&lt;lambda&gt;11]" time="0.00046443939208984375"><skipped message="Suite splitting in effect" type="pytest.skip">src/pymortests/vectorarray.py:361: &lt;py._xmlgen.raw object at 0x7fb2a6f4bcc0&gt;</skipped></testcase><testcase classname="src.pymortests.vectorarray" file="src/pymortests/vectorarray.py" line="361" name="test_axpy[compatible_vector_array_pair2-&lt;lambda&gt;12]" time="0.0007052421569824219"><skipped message="Suite splitting in effect" type="pytest.skip">src/pymortests/vectorarray.py:361: &lt;py._xmlgen.raw object at 0x7fb2a6fa5f60&gt;</skipped></testcase><testcase classname="src.pymortests.vectorarray" file="src/pymortests/vectorarray.py" line="361" name="test_axpy[compatible_vector_array_pair2-&lt;lambda&gt;13]" time="0.0005123615264892578"><skipped message="Suite splitting in effect" type="pytest.skip">src/pymortests/vectorarray.py:361: &lt;py._xmlgen.raw object at 0x7fb2a6f5b8d0&gt;</skipped></testcase><testcase classname="src.pymortests.vectorarray" file="src/pymortests/vectorarray.py" line="361" name="test_axpy[compatible_vector_array_pair2-&lt;lambda&gt;14]" time="0.0005099773406982422"><skipped message="Suite splitting in effect" type="pytest.skip">src/pymortests/vectorarray.py:361: &lt;py._xmlgen.raw object at 0x7fb2a6f3aeb8&gt;</skipped></testcase><testcase classname="src.pymortests.vectorarray" file="src/pymortests/vectorarray.py" line="361" name="test_axpy[compatible_vector_array_pair2-&lt;lambda&gt;15]" time="0.00044989585876464844"><skipped message="Suite splitting in effect" type="pytest.skip">src/pymortests/vectorarray.py:361: &lt;py._xmlgen.raw object at 0x7fb29d05f278&gt;</skipped></testcase><testcase classname="src.pymortests.vectorarray" file="src/pymortests/vectorarray.py" line="361" name="test_axpy[compatible_vector_array_pair2-&lt;lambda&gt;16]" time="0.0004341602325439453"><skipped message="Suite splitting in effect" type="pytest.skip">src/pymortests/vectorarray.py:361: &lt;py._xmlgen.raw object at 0x7fb29d05fa58&gt;</skipped></testcase><testcase classname="src.pymortests.vectorarray" file="src/pymortests/vectorarray.py" line="361" name="test_axpy[compatible_vector_array_pair2-&lt;lambda&gt;17]" time="0.00046443939208984375"><skipped message="Suite splitting in effect" type="pytest.skip">src/pymortests/vectorarray.py:361: &lt;py._xmlgen.raw object at 0x7fb2a6f5b978&gt;</skipped></testcase><testcase classname="src.pymortests.vectorarray" file="src/pymortests/vectorarray.py" line="361" name="test_axpy[compatible_vector_array_pair2-&lt;lambda&gt;18]" time="0.00045943260192871094"><skipped message="Suite splitting in effect" type="pytest.skip">src/pymortests/vectorarray.py:361: &lt;py._xmlgen.raw object at 0x7fb29d0c1cf8&gt;</skipped></testcase><testcase classname="src.pymortests.vectorarray" file="src/pymortests/vectorarray.py" line="361" name="test_axpy[compatible_vector_array_pair2-&lt;lambda&gt;19]" time="0.0004627704620361328"><skipped message="Suite splitting in effect" type="pytest.skip">src/pymortests/vectorarray.py:361: &lt;py._xmlgen.raw object at 0x7fb2a6f4beb8&gt;</skipped></testcase><testcase classname="src.pymortests.vectorarray" file="src/pymortests/vectorarray.py" line="361" name="test_axpy[compatible_vector_array_pair2-&lt;lambda&gt;20]" time="0.0004124641418457031"><skipped message="Suite splitting in effect" type="pytest.skip">src/pymortests/vectorarray.py:361: &lt;py._xmlgen.raw object at 0x7fb29d0ac6d8&gt;</skipped></testcase><testcase classname="src.pymortests.vectorarray" file="src/pymortests/vectorarray.py" line="361" name="test_axpy[compatible_vector_array_pair2-&lt;lambda&gt;21]" time="0.0004425048828125"><skipped message="Suite splitting in effect" type="pytest.skip">src/pymortests/vectorarray.py:361: &lt;py._xmlgen.raw object at 0x7fb29d0cdac8&gt;</skipped></testcase><testcase classname="src.pymortests.vectorarray" file="src/pymortests/vectorarray.py" line="361" name="test_axpy[compatible_vector_array_pair2-&lt;lambda&gt;22]" time="0.0004508495330810547"><skipped message="Suite splitting in effect" type="pytest.skip">src/pymortests/vectorarray.py:361: &lt;py._xmlgen.raw object at 0x7fb29d05fbe0&gt;</skipped></testcase><testcase classname="src.pymortests.vectorarray" file="src/pymortests/vectorarray.py" line="361" name="test_axpy[compatible_vector_array_pair2-&lt;lambda&gt;23]" time="0.00044155120849609375"><skipped message="Suite splitting in effect" type="pytest.skip">src/pymortests/vectorarray.py:361: &lt;py._xmlgen.raw object at 0x7fb29d05f358&gt;</skipped></testcase><testcase classname="src.pymortests.vectorarray" file="src/pymortests/vectorarray.py" line="361" name="test_axpy[compatible_vector_array_pair2-&lt;lambda&gt;24]" time="0.00047850608825683594"><skipped message="Suite splitting in effect" type="pytest.skip">src/pymortests/vectorarray.py:361: &lt;py._xmlgen.raw object at 0x7fb29d05ff60&gt;</skipped></testcase><testcase classname="src.pymortests.vectorarray" file="src/pymortests/vectorarray.py" line="361" name="test_axpy[compatible_vector_array_pair2-&lt;lambda&gt;25]" time="0.0007686614990234375"><skipped message="Suite splitting in effect" type="pytest.skip">src/pymortests/vectorarray.py:361: &lt;py._xmlgen.raw object at 0x7fb29d05fe48&gt;</skipped></testcase><testcase classname="src.pymortests.vectorarray" file="src/pymortests/vectorarray.py" line="361" name="test_axpy[compatible_vector_array_pair2-&lt;lambda&gt;26]" time="0.0004069805145263672"><skipped message="Suite splitting in effect" type="pytest.skip">src/pymortests/vectorarray.py:361: &lt;py._xmlgen.raw object at 0x7fb29d113400&gt;</skipped></testcase><testcase classname="src.pymortests.vectorarray" file="src/pymortests/vectorarray.py" line="361" name="test_axpy[compatible_vector_array_pair2-&lt;lambda&gt;27]" time="0.0004527568817138672"><skipped message="Suite splitting in effect" type="pytest.skip">src/pymortests/vectorarray.py:361: &lt;py._xmlgen.raw object at 0x7fb29d093b38&gt;</skipped></testcase><testcase classname="src.pymortests.vectorarray" file="src/pymortests/vectorarray.py" line="361" name="test_axpy[compatible_vector_array_pair2-&lt;lambda&gt;28]" time="0.00044083595275878906"><skipped message="Suite splitting in effect" type="pytest.skip">src/pymortests/vectorarray.py:361: &lt;py._xmlgen.raw object at 0x7fb2a6f4b2e8&gt;</skipped></testcase><testcase classname="src.pymortests.vectorarray" file="src/pymortests/vectorarray.py" line="361" name="test_axpy[compatible_vector_array_pair2-&lt;lambda&gt;29]" time="0.0004513263702392578"><skipped message="Suite splitting in effect" type="pytest.skip">src/pymortests/vectorarray.py:361: &lt;py._xmlgen.raw object at 0x7fb29d0ed8d0&gt;</skipped></testcase><testcase classname="src.pymortests.vectorarray" file="src/pymortests/vectorarray.py" line="361" name="test_axpy[compatible_vector_array_pair3-&lt;lambda&gt;0]" time="0.0004169940948486328"><skipped message="Suite splitting in effect" type="pytest.skip">src/pymortests/vectorarray.py:361: &lt;py._xmlgen.raw object at 0x7fb2a6f5bcc0&gt;</skipped></testcase><testcase classname="src.pymortests.vectorarray" file="src/pymortests/vectorarray.py" line="361" name="test_axpy[compatible_vector_array_pair3-&lt;lambda&gt;1]" time="0.00043773651123046875"><skipped message="Suite splitting in effect" type="pytest.skip">src/pymortests/vectorarray.py:361: &lt;py._xmlgen.raw object at 0x7fb29d0a6b70&gt;</skipped></testcase><testcase classname="src.pymortests.vectorarray" file="src/pymortests/vectorarray.py" line="361" name="test_axpy[compatible_vector_array_pair3-&lt;lambda&gt;2]" time="0.0004968643188476562"><skipped message="Suite splitting in effect" type="pytest.skip">src/pymortests/vectorarray.py:361: &lt;py._xmlgen.raw object at 0x7fb29d0694e0&gt;</skipped></testcase><testcase classname="src.pymortests.vectorarray" file="src/pymortests/vectorarray.py" line="361" name="test_axpy[compatible_vector_array_pair3-&lt;lambda&gt;3]" time="0.0008072853088378906"><skipped message="Suite splitting in effect" type="pytest.skip">src/pymortests/vectorarray.py:361: &lt;py._xmlgen.raw object at 0x7fb29d0a6b70&gt;</skipped></testcase><testcase classname="src.pymortests.vectorarray" file="src/pymortests/vectorarray.py" line="361" name="test_axpy[compatible_vector_array_pair3-&lt;lambda&gt;4]" time="0.00048279762268066406"><skipped message="Suite splitting in effect" type="pytest.skip">src/pymortests/vectorarray.py:361: &lt;py._xmlgen.raw object at 0x7fb2a6f5b0f0&gt;</skipped></testcase><testcase classname="src.pymortests.vectorarray" file="src/pymortests/vectorarray.py" line="361" name="test_axpy[compatible_vector_array_pair3-&lt;lambda&gt;5]" time="0.0004267692565917969"><skipped message="Suite splitting in effect" type="pytest.skip">src/pymortests/vectorarray.py:361: &lt;py._xmlgen.raw object at 0x7fb2a6f4b630&gt;</skipped></testcase><testcase classname="src.pymortests.vectorarray" file="src/pymortests/vectorarray.py" line="361" name="test_axpy[compatible_vector_array_pair3-&lt;lambda&gt;6]" time="0.0004470348358154297"><skipped message="Suite splitting in effect" type="pytest.skip">src/pymortests/vectorarray.py:361: &lt;py._xmlgen.raw object at 0x7fb29d0cdd68&gt;</skipped></testcase><testcase classname="src.pymortests.vectorarray" file="src/pymortests/vectorarray.py" line="361" name="test_axpy[compatible_vector_array_pair3-&lt;lambda&gt;7]" time="0.0004703998565673828"><skipped message="Suite splitting in effect" type="pytest.skip">src/pymortests/vectorarray.py:361: &lt;py._xmlgen.raw object at 0x7fb2a6eeb588&gt;</skipped></testcase><testcase classname="src.pymortests.vectorarray" file="src/pymortests/vectorarray.py" line="361" name="test_axpy[compatible_vector_array_pair3-&lt;lambda&gt;8]" time="0.00042366981506347656"><skipped message="Suite splitting in effect" type="pytest.skip">src/pymortests/vectorarray.py:361: &lt;py._xmlgen.raw object at 0x7fb29d05fa20&gt;</skipped></testcase><testcase classname="src.pymortests.vectorarray" file="src/pymortests/vectorarray.py" line="361" name="test_axpy[compatible_vector_array_pair3-&lt;lambda&gt;9]" time="0.00043272972106933594"><skipped message="Suite splitting in effect" type="pytest.skip">src/pymortests/vectorarray.py:361: &lt;py._xmlgen.raw object at 0x7fb29d069358&gt;</skipped></testcase><testcase classname="src.pymortests.vectorarray" file="src/pymortests/vectorarray.py" line="361" name="test_axpy[compatible_vector_array_pair3-&lt;lambda&gt;10]" time="0.00043845176696777344"><skipped message="Suite splitting in effect" type="pytest.skip">src/pymortests/vectorarray.py:361: &lt;py._xmlgen.raw object at 0x7fb29d069da0&gt;</skipped></testcase><testcase classname="src.pymortests.vectorarray" file="src/pymortests/vectorarray.py" line="361" name="test_axpy[compatible_vector_array_pair3-&lt;lambda&gt;11]" time="0.0007662773132324219"><skipped message="Suite splitting in effect" type="pytest.skip">src/pymortests/vectorarray.py:361: &lt;py._xmlgen.raw object at 0x7fb29d073320&gt;</skipped></testcase><testcase classname="src.pymortests.vectorarray" file="src/pymortests/vectorarray.py" line="361" name="test_axpy[compatible_vector_array_pair3-&lt;lambda&gt;12]" time="0.0004870891571044922"><skipped message="Suite splitting in effect" type="pytest.skip">src/pymortests/vectorarray.py:361: &lt;py._xmlgen.raw object at 0x7fb29d069198&gt;</skipped></testcase><testcase classname="src.pymortests.vectorarray" file="src/pymortests/vectorarray.py" line="361" name="test_axpy[compatible_vector_array_pair3-&lt;lambda&gt;13]" time="0.0004220008850097656"><skipped message="Suite splitting in effect" type="pytest.skip">src/pymortests/vectorarray.py:361: &lt;py._xmlgen.raw object at 0x7fb29d05fa20&gt;</skipped></testcase><testcase classname="src.pymortests.vectorarray" file="src/pymortests/vectorarray.py" line="361" name="test_axpy[compatible_vector_array_pair3-&lt;lambda&gt;14]" time="0.0004572868347167969"><skipped message="Suite splitting in effect" type="pytest.skip">src/pymortests/vectorarray.py:361: &lt;py._xmlgen.raw object at 0x7fb2a6eeb390&gt;</skipped></testcase><testcase classname="src.pymortests.vectorarray" file="src/pymortests/vectorarray.py" line="361" name="test_axpy[compatible_vector_array_pair3-&lt;lambda&gt;15]" time="0.00047659873962402344"><skipped message="Suite splitting in effect" type="pytest.skip">src/pymortests/vectorarray.py:361: &lt;py._xmlgen.raw object at 0x7fb29d0ac748&gt;</skipped></testcase><testcase classname="src.pymortests.vectorarray" file="src/pymortests/vectorarray.py" line="361" name="test_axpy[compatible_vector_array_pair3-&lt;lambda&gt;16]" time="0.00047397613525390625"><skipped message="Suite splitting in effect" type="pytest.skip">src/pymortests/vectorarray.py:361: &lt;py._xmlgen.raw object at 0x7fb2a7057ac8&gt;</skipped></testcase><testcase classname="src.pymortests.vectorarray" file="src/pymortests/vectorarray.py" line="361" name="test_axpy[compatible_vector_array_pair3-&lt;lambda&gt;17]" time="0.000461578369140625"><skipped message="Suite splitting in effect" type="pytest.skip">src/pymortests/vectorarray.py:361: &lt;py._xmlgen.raw object at 0x7fb2a6f5bf60&gt;</skipped></testcase><testcase classname="src.pymortests.vectorarray" file="src/pymortests/vectorarray.py" line="361" name="test_axpy[compatible_vector_array_pair3-&lt;lambda&gt;18]" time="0.0004444122314453125"><skipped message="Suite splitting in effect" type="pytest.skip">src/pymortests/vectorarray.py:361: &lt;py._xmlgen.raw object at 0x7fb29d073198&gt;</skipped></testcase><testcase classname="src.pymortests.vectorarray" file="src/pymortests/vectorarray.py" line="361" name="test_axpy[compatible_vector_array_pair3-&lt;lambda&gt;19]" time="0.0008902549743652344"><skipped message="Suite splitting in effect" type="pytest.skip">src/pymortests/vectorarray.py:361: &lt;py._xmlgen.raw object at 0x7fb29d073860&gt;</skipped></testcase><testcase classname="src.pymortests.vectorarray" file="src/pymortests/vectorarray.py" line="361" name="test_axpy[compatible_vector_array_pair3-&lt;lambda&gt;20]" time="0.00044989585876464844"><skipped message="Suite splitting in effect" type="pytest.skip">src/pymortests/vectorarray.py:361: &lt;py._xmlgen.raw object at 0x7fb29d0c1198&gt;</skipped></testcase><testcase classname="src.pymortests.vectorarray" file="src/pymortests/vectorarray.py" line="361" name="test_axpy[compatible_vector_array_pair3-&lt;lambda&gt;21]" time="0.0006611347198486328"><skipped message="Suite splitting in effect" type="pytest.skip">src/pymortests/vectorarray.py:361: &lt;py._xmlgen.raw object at 0x7fb2a6f4bd68&gt;</skipped></testcase><testcase classname="src.pymortests.vectorarray" file="src/pymortests/vectorarray.py" line="361" name="test_axpy[compatible_vector_array_pair3-&lt;lambda&gt;22]" time="0.0004496574401855469"><skipped message="Suite splitting in effect" type="pytest.skip">src/pymortests/vectorarray.py:361: &lt;py._xmlgen.raw object at 0x7fb2a6eebfd0&gt;</skipped></testcase><testcase classname="src.pymortests.vectorarray" file="src/pymortests/vectorarray.py" line="361" name="test_axpy[compatible_vector_array_pair3-&lt;lambda&gt;23]" time="0.0005218982696533203"><skipped message="Suite splitting in effect" type="pytest.skip">src/pymortests/vectorarray.py:361: &lt;py._xmlgen.raw object at 0x7fb29d05fd68&gt;</skipped></testcase><testcase classname="src.pymortests.vectorarray" file="src/pymortests/vectorarray.py" line="361" name="test_axpy[compatible_vector_array_pair3-&lt;lambda&gt;24]" time="0.0005869865417480469"><skipped message="Suite splitting in effect" type="pytest.skip">src/pymortests/vectorarray.py:361: &lt;py._xmlgen.raw object at 0x7fb29d069240&gt;</skipped></testcase><testcase classname="src.pymortests.vectorarray" file="src/pymortests/vectorarray.py" line="361" name="test_axpy[compatible_vector_array_pair3-&lt;lambda&gt;25]" time="0.0004832744598388672"><skipped message="Suite splitting in effect" type="pytest.skip">src/pymortests/vectorarray.py:361: &lt;py._xmlgen.raw object at 0x7fb29d073908&gt;</skipped></testcase><testcase classname="src.pymortests.vectorarray" file="src/pymortests/vectorarray.py" line="361" name="test_axpy[compatible_vector_array_pair3-&lt;lambda&gt;26]" time="0.000431060791015625"><skipped message="Suite splitting in effect" type="pytest.skip">src/pymortests/vectorarray.py:361: &lt;py._xmlgen.raw object at 0x7fb29d073240&gt;</skipped></testcase><testcase classname="src.pymortests.vectorarray" file="src/pymortests/vectorarray.py" line="361" name="test_axpy[compatible_vector_array_pair3-&lt;lambda&gt;27]" time="0.0005609989166259766"><skipped message="Suite splitting in effect" type="pytest.skip">src/pymortests/vectorarray.py:361: &lt;py._xmlgen.raw object at 0x7fb29d073e80&gt;</skipped></testcase><testcase classname="src.pymortests.vectorarray" file="src/pymortests/vectorarray.py" line="361" name="test_axpy[compatible_vector_array_pair3-&lt;lambda&gt;28]" time="0.0004851818084716797"><skipped message="Suite splitting in effect" type="pytest.skip">src/pymortests/vectorarray.py:361: &lt;py._xmlgen.raw object at 0x7fb29d0695c0&gt;</skipped></testcase><testcase classname="src.pymortests.vectorarray" file="src/pymortests/vectorarray.py" line="361" name="test_axpy[compatible_vector_array_pair3-&lt;lambda&gt;29]" time="0.1070103645324707"><system-out> set global mesh
 set global mesh
 Update mesh topology
 Update edges 
 Update faces 
 Update clusters
</system-out></testcase><testcase classname="src.pymortests.vectorarray" file="src/pymortests/vectorarray.py" line="361" name="test_axpy[compatible_vector_array_pair4-&lt;lambda&gt;0]" time="0.01900649070739746"></testcase><testcase classname="src.pymortests.vectorarray" file="src/pymortests/vectorarray.py" line="361" name="test_axpy[compatible_vector_array_pair4-&lt;lambda&gt;1]" time="0.005289554595947266"></testcase><testcase classname="src.pymortests.vectorarray" file="src/pymortests/vectorarray.py" line="361" name="test_axpy[compatible_vector_array_pair4-&lt;lambda&gt;2]" time="0.027142763137817383"></testcase><testcase classname="src.pymortests.vectorarray" file="src/pymortests/vectorarray.py" line="361" name="test_axpy[compatible_vector_array_pair4-&lt;lambda&gt;3]" time="0.02978062629699707"></testcase><testcase classname="src.pymortests.vectorarray" file="src/pymortests/vectorarray.py" line="361" name="test_axpy[compatible_vector_array_pair4-&lt;lambda&gt;4]" time="0.03115081787109375"></testcase><testcase classname="src.pymortests.vectorarray" file="src/pymortests/vectorarray.py" line="361" name="test_axpy[compatible_vector_array_pair4-&lt;lambda&gt;5]" time="0.04256176948547363"></testcase><testcase classname="src.pymortests.vectorarray" file="src/pymortests/vectorarray.py" line="361" name="test_axpy[compatible_vector_array_pair4-&lt;lambda&gt;6]" time="0.015264034271240234"></testcase><testcase classname="src.pymortests.vectorarray" file="src/pymortests/vectorarray.py" line="361" name="test_axpy[compatible_vector_array_pair4-&lt;lambda&gt;7]" time="0.004853487014770508"></testcase><testcase classname="src.pymortests.vectorarray" file="src/pymortests/vectorarray.py" line="361" name="test_axpy[compatible_vector_array_pair4-&lt;lambda&gt;8]" time="0.0681612491607666"></testcase><testcase classname="src.pymortests.vectorarray" file="src/pymortests/vectorarray.py" line="361" name="test_axpy[compatible_vector_array_pair4-&lt;lambda&gt;9]" time="0.11672782897949219"></testcase><testcase classname="src.pymortests.vectorarray" file="src/pymortests/vectorarray.py" line="361" name="test_axpy[compatible_vector_array_pair4-&lt;lambda&gt;10]" time="0.29106736183166504"></testcase><testcase classname="src.pymortests.vectorarray" file="src/pymortests/vectorarray.py" line="361" name="test_axpy[compatible_vector_array_pair4-&lt;lambda&gt;11]" time="0.05189704895019531"></testcase><testcase classname="src.pymortests.vectorarray" file="src/pymortests/vectorarray.py" line="361" name="test_axpy[compatible_vector_array_pair4-&lt;lambda&gt;12]" time="0.03464508056640625"></testcase><testcase classname="src.pymortests.vectorarray" file="src/pymortests/vectorarray.py" line="361" name="test_axpy[compatible_vector_array_pair4-&lt;lambda&gt;13]" time="0.009502410888671875"></testcase><testcase classname="src.pymortests.vectorarray" file="src/pymortests/vectorarray.py" line="361" name="test_axpy[compatible_vector_array_pair4-&lt;lambda&gt;14]" time="0.04100608825683594"></testcase><testcase classname="src.pymortests.vectorarray" file="src/pymortests/vectorarray.py" line="361" name="test_axpy[compatible_vector_array_pair4-&lt;lambda&gt;15]" time="0.06899881362915039"></testcase><testcase classname="src.pymortests.vectorarray" file="src/pymortests/vectorarray.py" line="361" name="test_axpy[compatible_vector_array_pair4-&lt;lambda&gt;16]" time="0.07506632804870605"></testcase><testcase classname="src.pymortests.vectorarray" file="src/pymortests/vectorarray.py" line="361" name="test_axpy[compatible_vector_array_pair4-&lt;lambda&gt;17]" time="0.0794517993927002"></testcase><testcase classname="src.pymortests.vectorarray" file="src/pymortests/vectorarray.py" line="361" name="test_axpy[compatible_vector_array_pair4-&lt;lambda&gt;18]" time="0.05242133140563965"></testcase><testcase classname="src.pymortests.vectorarray" file="src/pymortests/vectorarray.py" line="361" name="test_axpy[compatible_vector_array_pair4-&lt;lambda&gt;19]" time="0.009072303771972656"></testcase><testcase classname="src.pymortests.vectorarray" file="src/pymortests/vectorarray.py" line="361" name="test_axpy[compatible_vector_array_pair4-&lt;lambda&gt;20]" time="0.26915884017944336"></testcase><testcase classname="src.pymortests.vectorarray" file="src/pymortests/vectorarray.py" line="361" name="test_axpy[compatible_vector_array_pair4-&lt;lambda&gt;21]" time="0.22420883178710938"></testcase><testcase classname="src.pymortests.vectorarray" file="src/pymortests/vectorarray.py" line="361" name="test_axpy[compatible_vector_array_pair4-&lt;lambda&gt;22]" time="0.5783984661102295"></testcase><testcase classname="src.pymortests.vectorarray" file="src/pymortests/vectorarray.py" line="361" name="test_axpy[compatible_vector_array_pair4-&lt;lambda&gt;23]" time="0.10760498046875"></testcase><testcase classname="src.pymortests.vectorarray" file="src/pymortests/vectorarray.py" line="361" name="test_axpy[compatible_vector_array_pair4-&lt;lambda&gt;24]" time="0.01718902587890625"><system-out> set global mesh
 set global mesh
 Update mesh topology
 Update edges 
 Update faces 
 Update clusters
</system-out></testcase><testcase classname="src.pymortests.vectorarray" file="src/pymortests/vectorarray.py" line="361" name="test_axpy[compatible_vector_array_pair4-&lt;lambda&gt;25]" time="0.00642848014831543"><system-out> set global mesh
 set global mesh
 Update mesh topology
 Update edges 
 Update faces 
 Update clusters
</system-out></testcase><testcase classname="src.pymortests.vectorarray" file="src/pymortests/vectorarray.py" line="361" name="test_axpy[compatible_vector_array_pair4-&lt;lambda&gt;26]" time="0.20394158363342285"><system-out> set global mesh
 set global mesh
 Update mesh topology
 Update edges 
 Update faces 
 Update clusters
</system-out></testcase><testcase classname="src.pymortests.vectorarray" file="src/pymortests/vectorarray.py" line="361" name="test_axpy[compatible_vector_array_pair4-&lt;lambda&gt;27]" time="0.3619527816772461"><system-out> set global mesh
 set global mesh
 Update mesh topology
 Update edges 
 Update faces 
 Update clusters
</system-out></testcase><testcase classname="src.pymortests.vectorarray" file="src/pymortests/vectorarray.py" line="361" name="test_axpy[compatible_vector_array_pair4-&lt;lambda&gt;28]" time="1.0914623737335205"><system-out> set global mesh
 set global mesh
 Update mesh topology
 Update edges 
 Update faces 
 Update clusters
</system-out></testcase><testcase classname="src.pymortests.vectorarray" file="src/pymortests/vectorarray.py" line="361" name="test_axpy[compatible_vector_array_pair4-&lt;lambda&gt;29]" time="0.09994673728942871"></testcase><testcase classname="src.pymortests.vectorarray" file="src/pymortests/vectorarray.py" line="361" name="test_axpy[compatible_vector_array_pair5-&lt;lambda&gt;0]" time="0.01861739158630371"></testcase><testcase classname="src.pymortests.vectorarray" file="src/pymortests/vectorarray.py" line="361" name="test_axpy[compatible_vector_array_pair5-&lt;lambda&gt;1]" time="0.005056619644165039"></testcase><testcase classname="src.pymortests.vectorarray" file="src/pymortests/vectorarray.py" line="361" name="test_axpy[compatible_vector_array_pair5-&lt;lambda&gt;2]" time="0.02764129638671875"></testcase><testcase classname="src.pymortests.vectorarray" file="src/pymortests/vectorarray.py" line="361" name="test_axpy[compatible_vector_array_pair5-&lt;lambda&gt;3]" time="0.030478239059448242"></testcase><testcase classname="src.pymortests.vectorarray" file="src/pymortests/vectorarray.py" line="361" name="test_axpy[compatible_vector_array_pair5-&lt;lambda&gt;4]" time="0.03187918663024902"></testcase><testcase classname="src.pymortests.vectorarray" file="src/pymortests/vectorarray.py" line="361" name="test_axpy[compatible_vector_array_pair5-&lt;lambda&gt;5]" time="0.04471540451049805"></testcase><testcase classname="src.pymortests.vectorarray" file="src/pymortests/vectorarray.py" line="361" name="test_axpy[compatible_vector_array_pair5-&lt;lambda&gt;6]" time="0.017252206802368164"></testcase><testcase classname="src.pymortests.vectorarray" file="src/pymortests/vectorarray.py" line="361" name="test_axpy[compatible_vector_array_pair5-&lt;lambda&gt;7]" time="0.004781246185302734"></testcase><testcase classname="src.pymortests.vectorarray" file="src/pymortests/vectorarray.py" line="361" name="test_axpy[compatible_vector_array_pair5-&lt;lambda&gt;8]" time="0.06690263748168945"></testcase><testcase classname="src.pymortests.vectorarray" file="src/pymortests/vectorarray.py" line="361" name="test_axpy[compatible_vector_array_pair5-&lt;lambda&gt;9]" time="0.11246705055236816"></testcase><testcase classname="src.pymortests.vectorarray" file="src/pymortests/vectorarray.py" line="361" name="test_axpy[compatible_vector_array_pair5-&lt;lambda&gt;10]" time="0.28659772872924805"></testcase><testcase classname="src.pymortests.vectorarray" file="src/pymortests/vectorarray.py" line="361" name="test_axpy[compatible_vector_array_pair5-&lt;lambda&gt;11]" time="0.04887247085571289"></testcase><testcase classname="src.pymortests.vectorarray" file="src/pymortests/vectorarray.py" line="361" name="test_axpy[compatible_vector_array_pair5-&lt;lambda&gt;12]" time="0.03411531448364258"></testcase><testcase classname="src.pymortests.vectorarray" file="src/pymortests/vectorarray.py" line="361" name="test_axpy[compatible_vector_array_pair5-&lt;lambda&gt;13]" time="0.009356021881103516"></testcase><testcase classname="src.pymortests.vectorarray" file="src/pymortests/vectorarray.py" line="361" name="test_axpy[compatible_vector_array_pair5-&lt;lambda&gt;14]" time="0.04121661186218262"></testcase><testcase classname="src.pymortests.vectorarray" file="src/pymortests/vectorarray.py" line="361" name="test_axpy[compatible_vector_array_pair5-&lt;lambda&gt;15]" time="0.06973671913146973"></testcase><testcase classname="src.pymortests.vectorarray" file="src/pymortests/vectorarray.py" line="361" name="test_axpy[compatible_vector_array_pair5-&lt;lambda&gt;16]" time="0.07575416564941406"></testcase><testcase classname="src.pymortests.vectorarray" file="src/pymortests/vectorarray.py" line="361" name="test_axpy[compatible_vector_array_pair5-&lt;lambda&gt;17]" time="0.07916545867919922"></testcase><testcase classname="src.pymortests.vectorarray" file="src/pymortests/vectorarray.py" line="361" name="test_axpy[compatible_vector_array_pair5-&lt;lambda&gt;18]" time="0.05168318748474121"></testcase><testcase classname="src.pymortests.vectorarray" file="src/pymortests/vectorarray.py" line="361" name="test_axpy[compatible_vector_array_pair5-&lt;lambda&gt;19]" time="0.009510278701782227"></testcase><testcase classname="src.pymortests.vectorarray" file="src/pymortests/vectorarray.py" line="361" name="test_axpy[compatible_vector_array_pair5-&lt;lambda&gt;20]" time="0.26311326026916504"></testcase><testcase classname="src.pymortests.vectorarray" file="src/pymortests/vectorarray.py" line="361" name="test_axpy[compatible_vector_array_pair5-&lt;lambda&gt;21]" time="0.21988344192504883"></testcase><testcase classname="src.pymortests.vectorarray" file="src/pymortests/vectorarray.py" line="361" name="test_axpy[compatible_vector_array_pair5-&lt;lambda&gt;22]" time="0.5733804702758789"></testcase><testcase classname="src.pymortests.vectorarray" file="src/pymortests/vectorarray.py" line="361" name="test_axpy[compatible_vector_array_pair5-&lt;lambda&gt;23]" time="0.10648226737976074"></testcase><testcase classname="src.pymortests.vectorarray" file="src/pymortests/vectorarray.py" line="361" name="test_axpy[compatible_vector_array_pair5-&lt;lambda&gt;24]" time="0.016572952270507812"></testcase><testcase classname="src.pymortests.vectorarray" file="src/pymortests/vectorarray.py" line="361" name="test_axpy[compatible_vector_array_pair5-&lt;lambda&gt;25]" time="0.005913972854614258"></testcase><testcase classname="src.pymortests.vectorarray" file="src/pymortests/vectorarray.py" line="361" name="test_axpy[compatible_vector_array_pair5-&lt;lambda&gt;26]" time="0.22529864311218262"></testcase><testcase classname="src.pymortests.vectorarray" file="src/pymortests/vectorarray.py" line="361" name="test_axpy[compatible_vector_array_pair5-&lt;lambda&gt;27]" time="0.3889937400817871"></testcase><testcase classname="src.pymortests.vectorarray" file="src/pymortests/vectorarray.py" line="361" name="test_axpy[compatible_vector_array_pair5-&lt;lambda&gt;28]" time="1.2367634773254395"></testcase><testcase classname="src.pymortests.vectorarray" file="src/pymortests/vectorarray.py" line="361" name="test_axpy[compatible_vector_array_pair5-&lt;lambda&gt;29]" time="0.10867094993591309"></testcase><testcase classname="src.pymortests.vectorarray" file="src/pymortests/vectorarray.py" line="361" name="test_axpy[compatible_vector_array_pair6-&lt;lambda&gt;0]" time="0.018505334854125977"></testcase><testcase classname="src.pymortests.vectorarray" file="src/pymortests/vectorarray.py" line="361" name="test_axpy[compatible_vector_array_pair6-&lt;lambda&gt;1]" time="0.005261659622192383"></testcase><testcase classname="src.pymortests.vectorarray" file="src/pymortests/vectorarray.py" line="361" name="test_axpy[compatible_vector_array_pair6-&lt;lambda&gt;2]" time="0.0272824764251709"></testcase><testcase classname="src.pymortests.vectorarray" file="src/pymortests/vectorarray.py" line="361" name="test_axpy[compatible_vector_array_pair6-&lt;lambda&gt;3]" time="0.030591726303100586"></testcase><testcase classname="src.pymortests.vectorarray" file="src/pymortests/vectorarray.py" line="361" name="test_axpy[compatible_vector_array_pair6-&lt;lambda&gt;4]" time="0.03101515769958496"></testcase><testcase classname="src.pymortests.vectorarray" file="src/pymortests/vectorarray.py" line="361" name="test_axpy[compatible_vector_array_pair6-&lt;lambda&gt;5]" time="0.04587602615356445"></testcase><testcase classname="src.pymortests.vectorarray" file="src/pymortests/vectorarray.py" line="361" name="test_axpy[compatible_vector_array_pair6-&lt;lambda&gt;6]" time="0.015613317489624023"></testcase><testcase classname="src.pymortests.vectorarray" file="src/pymortests/vectorarray.py" line="361" name="test_axpy[compatible_vector_array_pair6-&lt;lambda&gt;7]" time="0.004821300506591797"></testcase><testcase classname="src.pymortests.vectorarray" file="src/pymortests/vectorarray.py" line="361" name="test_axpy[compatible_vector_array_pair6-&lt;lambda&gt;8]" time="0.0686652660369873"></testcase><testcase classname="src.pymortests.vectorarray" file="src/pymortests/vectorarray.py" line="361" name="test_axpy[compatible_vector_array_pair6-&lt;lambda&gt;9]" time="0.11458587646484375"></testcase><testcase classname="src.pymortests.vectorarray" file="src/pymortests/vectorarray.py" line="361" name="test_axpy[compatible_vector_array_pair6-&lt;lambda&gt;10]" time="0.28771400451660156"></testcase><testcase classname="src.pymortests.vectorarray" file="src/pymortests/vectorarray.py" line="361" name="test_axpy[compatible_vector_array_pair6-&lt;lambda&gt;11]" time="0.052290916442871094"></testcase><testcase classname="src.pymortests.vectorarray" file="src/pymortests/vectorarray.py" line="361" name="test_axpy[compatible_vector_array_pair6-&lt;lambda&gt;12]" time="0.036524057388305664"></testcase><testcase classname="src.pymortests.vectorarray" file="src/pymortests/vectorarray.py" line="361" name="test_axpy[compatible_vector_array_pair6-&lt;lambda&gt;13]" time="0.009388923645019531"></testcase><testcase classname="src.pymortests.vectorarray" file="src/pymortests/vectorarray.py" line="361" name="test_axpy[compatible_vector_array_pair6-&lt;lambda&gt;14]" time="0.04133915901184082"></testcase><testcase classname="src.pymortests.vectorarray" file="src/pymortests/vectorarray.py" line="361" name="test_axpy[compatible_vector_array_pair6-&lt;lambda&gt;15]" time="0.07129478454589844"></testcase><testcase classname="src.pymortests.vectorarray" file="src/pymortests/vectorarray.py" line="361" name="test_axpy[compatible_vector_array_pair6-&lt;lambda&gt;16]" time="0.07450151443481445"></testcase><testcase classname="src.pymortests.vectorarray" file="src/pymortests/vectorarray.py" line="361" name="test_axpy[compatible_vector_array_pair6-&lt;lambda&gt;17]" time="0.08056902885437012"></testcase><testcase classname="src.pymortests.vectorarray" file="src/pymortests/vectorarray.py" line="361" name="test_axpy[compatible_vector_array_pair6-&lt;lambda&gt;18]" time="0.05249619483947754"></testcase><testcase classname="src.pymortests.vectorarray" file="src/pymortests/vectorarray.py" line="361" name="test_axpy[compatible_vector_array_pair6-&lt;lambda&gt;19]" time="0.00921630859375"></testcase><testcase classname="src.pymortests.vectorarray" file="src/pymortests/vectorarray.py" line="361" name="test_axpy[compatible_vector_array_pair6-&lt;lambda&gt;20]" time="0.27927613258361816"></testcase><testcase classname="src.pymortests.vectorarray" file="src/pymortests/vectorarray.py" line="361" name="test_axpy[compatible_vector_array_pair6-&lt;lambda&gt;21]" time="0.23688960075378418"></testcase><testcase classname="src.pymortests.vectorarray" file="src/pymortests/vectorarray.py" line="361" name="test_axpy[compatible_vector_array_pair6-&lt;lambda&gt;22]" time="0.5733742713928223"></testcase><testcase classname="src.pymortests.vectorarray" file="src/pymortests/vectorarray.py" line="361" name="test_axpy[compatible_vector_array_pair6-&lt;lambda&gt;23]" time="0.10974550247192383"></testcase><testcase classname="src.pymortests.vectorarray" file="src/pymortests/vectorarray.py" line="361" name="test_axpy[compatible_vector_array_pair6-&lt;lambda&gt;24]" time="0.017516613006591797"></testcase><testcase classname="src.pymortests.vectorarray" file="src/pymortests/vectorarray.py" line="361" name="test_axpy[compatible_vector_array_pair6-&lt;lambda&gt;25]" time="0.006269693374633789"></testcase><testcase classname="src.pymortests.vectorarray" file="src/pymortests/vectorarray.py" line="361" name="test_axpy[compatible_vector_array_pair6-&lt;lambda&gt;26]" time="0.2693827152252197"></testcase><testcase classname="src.pymortests.vectorarray" file="src/pymortests/vectorarray.py" line="361" name="test_axpy[compatible_vector_array_pair6-&lt;lambda&gt;27]" time="0.44144749641418457"></testcase><testcase classname="src.pymortests.vectorarray" file="src/pymortests/vectorarray.py" line="361" name="test_axpy[compatible_vector_array_pair6-&lt;lambda&gt;28]" time="1.3601319789886475"></testcase><testcase classname="src.pymortests.vectorarray" file="src/pymortests/vectorarray.py" line="361" name="test_axpy[compatible_vector_array_pair6-&lt;lambda&gt;29]" time="0.1162269115447998"></testcase><testcase classname="src.pymortests.vectorarray" file="src/pymortests/vectorarray.py" line="361" name="test_axpy[compatible_vector_array_pair7-&lt;lambda&gt;0]" time="0.018546581268310547"></testcase><testcase classname="src.pymortests.vectorarray" file="src/pymortests/vectorarray.py" line="361" name="test_axpy[compatible_vector_array_pair7-&lt;lambda&gt;1]" time="0.0062143802642822266"></testcase><testcase classname="src.pymortests.vectorarray" file="src/pymortests/vectorarray.py" line="361" name="test_axpy[compatible_vector_array_pair7-&lt;lambda&gt;2]" time="0.028439998626708984"></testcase><testcase classname="src.pymortests.vectorarray" file="src/pymortests/vectorarray.py" line="361" name="test_axpy[compatible_vector_array_pair7-&lt;lambda&gt;3]" time="0.029179811477661133"></testcase><testcase classname="src.pymortests.vectorarray" file="src/pymortests/vectorarray.py" line="361" name="test_axpy[compatible_vector_array_pair7-&lt;lambda&gt;4]" time="0.03087782859802246"></testcase><testcase classname="src.pymortests.vectorarray" file="src/pymortests/vectorarray.py" line="361" name="test_axpy[compatible_vector_array_pair7-&lt;lambda&gt;5]" time="0.042363882064819336"></testcase><testcase classname="src.pymortests.vectorarray" file="src/pymortests/vectorarray.py" line="361" name="test_axpy[compatible_vector_array_pair7-&lt;lambda&gt;6]" time="0.01479339599609375"></testcase><testcase classname="src.pymortests.vectorarray" file="src/pymortests/vectorarray.py" line="361" name="test_axpy[compatible_vector_array_pair7-&lt;lambda&gt;7]" time="0.0047490596771240234"></testcase><testcase classname="src.pymortests.vectorarray" file="src/pymortests/vectorarray.py" line="361" name="test_axpy[compatible_vector_array_pair7-&lt;lambda&gt;8]" time="0.06707930564880371"></testcase><testcase classname="src.pymortests.vectorarray" file="src/pymortests/vectorarray.py" line="361" name="test_axpy[compatible_vector_array_pair7-&lt;lambda&gt;9]" time="0.1197061538696289"></testcase><testcase classname="src.pymortests.vectorarray" file="src/pymortests/vectorarray.py" line="361" name="test_axpy[compatible_vector_array_pair7-&lt;lambda&gt;10]" time="0.2854301929473877"></testcase><testcase classname="src.pymortests.vectorarray" file="src/pymortests/vectorarray.py" line="361" name="test_axpy[compatible_vector_array_pair7-&lt;lambda&gt;11]" time="0.049239158630371094"></testcase><testcase classname="src.pymortests.vectorarray" file="src/pymortests/vectorarray.py" line="361" name="test_axpy[compatible_vector_array_pair7-&lt;lambda&gt;12]" time="0.036159515380859375"></testcase><testcase classname="src.pymortests.vectorarray" file="src/pymortests/vectorarray.py" line="361" name="test_axpy[compatible_vector_array_pair7-&lt;lambda&gt;13]" time="0.009681224822998047"></testcase><testcase classname="src.pymortests.vectorarray" file="src/pymortests/vectorarray.py" line="361" name="test_axpy[compatible_vector_array_pair7-&lt;lambda&gt;14]" time="0.043215036392211914"></testcase><testcase classname="src.pymortests.vectorarray" file="src/pymortests/vectorarray.py" line="361" name="test_axpy[compatible_vector_array_pair7-&lt;lambda&gt;15]" time="0.0699458122253418"></testcase><testcase classname="src.pymortests.vectorarray" file="src/pymortests/vectorarray.py" line="361" name="test_axpy[compatible_vector_array_pair7-&lt;lambda&gt;16]" time="0.08075475692749023"></testcase><testcase classname="src.pymortests.vectorarray" file="src/pymortests/vectorarray.py" line="361" name="test_axpy[compatible_vector_array_pair7-&lt;lambda&gt;17]" time="0.08022618293762207"></testcase><testcase classname="src.pymortests.vectorarray" file="src/pymortests/vectorarray.py" line="361" name="test_axpy[compatible_vector_array_pair7-&lt;lambda&gt;18]" time="0.058313846588134766"></testcase><testcase classname="src.pymortests.vectorarray" file="src/pymortests/vectorarray.py" line="361" name="test_axpy[compatible_vector_array_pair7-&lt;lambda&gt;19]" time="0.009211540222167969"></testcase><testcase classname="src.pymortests.vectorarray" file="src/pymortests/vectorarray.py" line="361" name="test_axpy[compatible_vector_array_pair7-&lt;lambda&gt;20]" time="0.2620275020599365"></testcase><testcase classname="src.pymortests.vectorarray" file="src/pymortests/vectorarray.py" line="361" name="test_axpy[compatible_vector_array_pair7-&lt;lambda&gt;21]" time="0.21945881843566895"></testcase><testcase classname="src.pymortests.vectorarray" file="src/pymortests/vectorarray.py" line="361" name="test_axpy[compatible_vector_array_pair7-&lt;lambda&gt;22]" time="0.5663080215454102"></testcase><testcase classname="src.pymortests.vectorarray" file="src/pymortests/vectorarray.py" line="361" name="test_axpy[compatible_vector_array_pair7-&lt;lambda&gt;23]" time="0.1082754135131836"></testcase><testcase classname="src.pymortests.vectorarray" file="src/pymortests/vectorarray.py" line="361" name="test_axpy[compatible_vector_array_pair7-&lt;lambda&gt;24]" time="0.01681828498840332"></testcase><testcase classname="src.pymortests.vectorarray" file="src/pymortests/vectorarray.py" line="361" name="test_axpy[compatible_vector_array_pair7-&lt;lambda&gt;25]" time="0.006018400192260742"></testcase><testcase classname="src.pymortests.vectorarray" file="src/pymortests/vectorarray.py" line="361" name="test_axpy[compatible_vector_array_pair7-&lt;lambda&gt;26]" time="0.2830922603607178"></testcase><testcase classname="src.pymortests.vectorarray" file="src/pymortests/vectorarray.py" line="361" name="test_axpy[compatible_vector_array_pair7-&lt;lambda&gt;27]" time="0.4970712661743164"></testcase><testcase classname="src.pymortests.vectorarray" file="src/pymortests/vectorarray.py" line="361" name="test_axpy[compatible_vector_array_pair7-&lt;lambda&gt;28]" time="1.4670965671539307"></testcase><testcase classname="src.pymortests.vectorarray" file="src/pymortests/vectorarray.py" line="361" name="test_axpy[compatible_vector_array_pair7-&lt;lambda&gt;29]" time="0.12559914588928223"></testcase><testcase classname="src.pymortests.vectorarray" file="src/pymortests/vectorarray.py" line="361" name="test_axpy[compatible_vector_array_pair8-&lt;lambda&gt;0]" time="0.019006729125976562"></testcase><testcase classname="src.pymortests.vectorarray" file="src/pymortests/vectorarray.py" line="361" name="test_axpy[compatible_vector_array_pair8-&lt;lambda&gt;1]" time="0.0054628849029541016"></testcase><testcase classname="src.pymortests.vectorarray" file="src/pymortests/vectorarray.py" line="361" name="test_axpy[compatible_vector_array_pair8-&lt;lambda&gt;2]" time="0.0273897647857666"></testcase><testcase classname="src.pymortests.vectorarray" file="src/pymortests/vectorarray.py" line="361" name="test_axpy[compatible_vector_array_pair8-&lt;lambda&gt;3]" time="0.03002333641052246"></testcase><testcase classname="src.pymortests.vectorarray" file="src/pymortests/vectorarray.py" line="361" name="test_axpy[compatible_vector_array_pair8-&lt;lambda&gt;4]" time="0.03263068199157715"></testcase><testcase classname="src.pymortests.vectorarray" file="src/pymortests/vectorarray.py" line="361" name="test_axpy[compatible_vector_array_pair8-&lt;lambda&gt;5]" time="0.04368162155151367"></testcase><testcase classname="src.pymortests.vectorarray" file="src/pymortests/vectorarray.py" line="361" name="test_axpy[compatible_vector_array_pair8-&lt;lambda&gt;6]" time="0.015034198760986328"></testcase><testcase classname="src.pymortests.vectorarray" file="src/pymortests/vectorarray.py" line="361" name="test_axpy[compatible_vector_array_pair8-&lt;lambda&gt;7]" time="0.004742622375488281"></testcase><testcase classname="src.pymortests.vectorarray" file="src/pymortests/vectorarray.py" line="361" name="test_axpy[compatible_vector_array_pair8-&lt;lambda&gt;8]" time="0.07231879234313965"></testcase><testcase classname="src.pymortests.vectorarray" file="src/pymortests/vectorarray.py" line="361" name="test_axpy[compatible_vector_array_pair8-&lt;lambda&gt;9]" time="0.11450004577636719"></testcase><testcase classname="src.pymortests.vectorarray" file="src/pymortests/vectorarray.py" line="361" name="test_axpy[compatible_vector_array_pair8-&lt;lambda&gt;10]" time="0.29178285598754883"></testcase><testcase classname="src.pymortests.vectorarray" file="src/pymortests/vectorarray.py" line="361" name="test_axpy[compatible_vector_array_pair8-&lt;lambda&gt;11]" time="0.0497891902923584"></testcase><testcase classname="src.pymortests.vectorarray" file="src/pymortests/vectorarray.py" line="361" name="test_axpy[compatible_vector_array_pair8-&lt;lambda&gt;12]" time="0.03445744514465332"></testcase><testcase classname="src.pymortests.vectorarray" file="src/pymortests/vectorarray.py" line="361" name="test_axpy[compatible_vector_array_pair8-&lt;lambda&gt;13]" time="0.009180068969726562"></testcase><testcase classname="src.pymortests.vectorarray" file="src/pymortests/vectorarray.py" line="361" name="test_axpy[compatible_vector_array_pair8-&lt;lambda&gt;14]" time="0.04124641418457031"></testcase><testcase classname="src.pymortests.vectorarray" file="src/pymortests/vectorarray.py" line="361" name="test_axpy[compatible_vector_array_pair8-&lt;lambda&gt;15]" time="0.06861519813537598"></testcase><testcase classname="src.pymortests.vectorarray" file="src/pymortests/vectorarray.py" line="361" name="test_axpy[compatible_vector_array_pair8-&lt;lambda&gt;16]" time="0.07795143127441406"></testcase><testcase classname="src.pymortests.vectorarray" file="src/pymortests/vectorarray.py" line="361" name="test_axpy[compatible_vector_array_pair8-&lt;lambda&gt;17]" time="0.07951235771179199"></testcase><testcase classname="src.pymortests.vectorarray" file="src/pymortests/vectorarray.py" line="361" name="test_axpy[compatible_vector_array_pair8-&lt;lambda&gt;18]" time="0.051419973373413086"></testcase><testcase classname="src.pymortests.vectorarray" file="src/pymortests/vectorarray.py" line="361" name="test_axpy[compatible_vector_array_pair8-&lt;lambda&gt;19]" time="0.008826732635498047"></testcase><testcase classname="src.pymortests.vectorarray" file="src/pymortests/vectorarray.py" line="361" name="test_axpy[compatible_vector_array_pair8-&lt;lambda&gt;20]" time="0.2580544948577881"></testcase><testcase classname="src.pymortests.vectorarray" file="src/pymortests/vectorarray.py" line="361" name="test_axpy[compatible_vector_array_pair8-&lt;lambda&gt;21]" time="0.2175312042236328"></testcase><testcase classname="src.pymortests.vectorarray" file="src/pymortests/vectorarray.py" line="361" name="test_axpy[compatible_vector_array_pair8-&lt;lambda&gt;22]" time="0.5652492046356201"></testcase><testcase classname="src.pymortests.vectorarray" file="src/pymortests/vectorarray.py" line="361" name="test_axpy[compatible_vector_array_pair8-&lt;lambda&gt;23]" time="0.11223435401916504"></testcase><testcase classname="src.pymortests.vectorarray" file="src/pymortests/vectorarray.py" line="361" name="test_axpy[compatible_vector_array_pair8-&lt;lambda&gt;24]" time="0.01712942123413086"></testcase><testcase classname="src.pymortests.vectorarray" file="src/pymortests/vectorarray.py" line="361" name="test_axpy[compatible_vector_array_pair8-&lt;lambda&gt;25]" time="0.006355762481689453"></testcase><testcase classname="src.pymortests.vectorarray" file="src/pymortests/vectorarray.py" line="361" name="test_axpy[compatible_vector_array_pair8-&lt;lambda&gt;26]" time="0.3238208293914795"></testcase><testcase classname="src.pymortests.vectorarray" file="src/pymortests/vectorarray.py" line="361" name="test_axpy[compatible_vector_array_pair8-&lt;lambda&gt;27]" time="0.539339542388916"></testcase><testcase classname="src.pymortests.vectorarray" file="src/pymortests/vectorarray.py" line="361" name="test_axpy[compatible_vector_array_pair8-&lt;lambda&gt;28]" time="1.6567366123199463"></testcase><testcase classname="src.pymortests.vectorarray" file="src/pymortests/vectorarray.py" line="361" name="test_axpy[compatible_vector_array_pair8-&lt;lambda&gt;29]" time="0.1298224925994873"></testcase><testcase classname="src.pymortests.vectorarray" file="src/pymortests/vectorarray.py" line="409" name="test_axpy_one_x[compatible_vector_array_pair0-&lt;lambda&gt;0]" time="0.052581787109375"></testcase><testcase classname="src.pymortests.vectorarray" file="src/pymortests/vectorarray.py" line="409" name="test_axpy_one_x[compatible_vector_array_pair0-&lt;lambda&gt;1]" time="0.13736844062805176"></testcase><testcase classname="src.pymortests.vectorarray" file="src/pymortests/vectorarray.py" line="409" name="test_axpy_one_x[compatible_vector_array_pair0-&lt;lambda&gt;2]" time="0.10319781303405762"></testcase><testcase classname="src.pymortests.vectorarray" file="src/pymortests/vectorarray.py" line="409" name="test_axpy_one_x[compatible_vector_array_pair0-&lt;lambda&gt;3]" time="0.1235504150390625"></testcase><testcase classname="src.pymortests.vectorarray" file="src/pymortests/vectorarray.py" line="409" name="test_axpy_one_x[compatible_vector_array_pair0-&lt;lambda&gt;4]" time="0.12931513786315918"></testcase><testcase classname="src.pymortests.vectorarray" file="src/pymortests/vectorarray.py" line="409" name="test_axpy_one_x[compatible_vector_array_pair0-&lt;lambda&gt;5]" time="0.10155677795410156"></testcase><testcase classname="src.pymortests.vectorarray" file="src/pymortests/vectorarray.py" line="409" name="test_axpy_one_x[compatible_vector_array_pair0-&lt;lambda&gt;6]" time="0.04039168357849121"></testcase><testcase classname="src.pymortests.vectorarray" file="src/pymortests/vectorarray.py" line="409" name="test_axpy_one_x[compatible_vector_array_pair0-&lt;lambda&gt;7]" time="0.1204674243927002"></testcase><testcase classname="src.pymortests.vectorarray" file="src/pymortests/vectorarray.py" line="409" name="test_axpy_one_x[compatible_vector_array_pair0-&lt;lambda&gt;8]" time="0.2832527160644531"></testcase><testcase classname="src.pymortests.vectorarray" file="src/pymortests/vectorarray.py" line="409" name="test_axpy_one_x[compatible_vector_array_pair0-&lt;lambda&gt;9]" time="0.5693528652191162"></testcase><testcase classname="src.pymortests.vectorarray" file="src/pymortests/vectorarray.py" line="409" name="test_axpy_one_x[compatible_vector_array_pair0-&lt;lambda&gt;10]" time="1.5670626163482666"></testcase><testcase classname="src.pymortests.vectorarray" file="src/pymortests/vectorarray.py" line="409" name="test_axpy_one_x[compatible_vector_array_pair0-&lt;lambda&gt;11]" time="0.12759065628051758"></testcase><testcase classname="src.pymortests.vectorarray" file="src/pymortests/vectorarray.py" line="409" name="test_axpy_one_x[compatible_vector_array_pair0-&lt;lambda&gt;12]" time="0.10483098030090332"></testcase><testcase classname="src.pymortests.vectorarray" file="src/pymortests/vectorarray.py" line="409" name="test_axpy_one_x[compatible_vector_array_pair0-&lt;lambda&gt;13]" time="0.2972147464752197"></testcase><testcase classname="src.pymortests.vectorarray" file="src/pymortests/vectorarray.py" line="409" name="test_axpy_one_x[compatible_vector_array_pair0-&lt;lambda&gt;14]" time="0.15919899940490723"></testcase><testcase classname="src.pymortests.vectorarray" file="src/pymortests/vectorarray.py" line="409" name="test_axpy_one_x[compatible_vector_array_pair0-&lt;lambda&gt;15]" time="0.28394412994384766"></testcase><testcase classname="src.pymortests.vectorarray" file="src/pymortests/vectorarray.py" line="409" name="test_axpy_one_x[compatible_vector_array_pair0-&lt;lambda&gt;16]" time="0.3268015384674072"></testcase><testcase classname="src.pymortests.vectorarray" file="src/pymortests/vectorarray.py" line="409" name="test_axpy_one_x[compatible_vector_array_pair0-&lt;lambda&gt;17]" time="0.360156774520874"></testcase><testcase classname="src.pymortests.vectorarray" file="src/pymortests/vectorarray.py" line="409" name="test_axpy_one_x[compatible_vector_array_pair0-&lt;lambda&gt;18]" time="0.1498095989227295"></testcase><testcase classname="src.pymortests.vectorarray" file="src/pymortests/vectorarray.py" line="409" name="test_axpy_one_x[compatible_vector_array_pair0-&lt;lambda&gt;19]" time="0.32080769538879395"></testcase><testcase classname="src.pymortests.vectorarray" file="src/pymortests/vectorarray.py" line="409" name="test_axpy_one_x[compatible_vector_array_pair0-&lt;lambda&gt;20]" time="1.0382611751556396"></testcase><testcase classname="src.pymortests.vectorarray" file="src/pymortests/vectorarray.py" line="409" name="test_axpy_one_x[compatible_vector_array_pair0-&lt;lambda&gt;21]" time="1.0419421195983887"></testcase><testcase classname="src.pymortests.vectorarray" file="src/pymortests/vectorarray.py" line="409" name="test_axpy_one_x[compatible_vector_array_pair0-&lt;lambda&gt;22]" time="2.861546277999878"></testcase><testcase classname="src.pymortests.vectorarray" file="src/pymortests/vectorarray.py" line="409" name="test_axpy_one_x[compatible_vector_array_pair0-&lt;lambda&gt;23]" time="0.2706170082092285"></testcase><testcase classname="src.pymortests.vectorarray" file="src/pymortests/vectorarray.py" line="409" name="test_axpy_one_x[compatible_vector_array_pair0-&lt;lambda&gt;24]" time="0.045220136642456055"></testcase><testcase classname="src.pymortests.vectorarray" file="src/pymortests/vectorarray.py" line="409" name="test_axpy_one_x[compatible_vector_array_pair0-&lt;lambda&gt;25]" time="0.2097642421722412"></testcase><testcase classname="src.pymortests.vectorarray" file="src/pymortests/vectorarray.py" line="409" name="test_axpy_one_x[compatible_vector_array_pair0-&lt;lambda&gt;26]" time="1.5389044284820557"></testcase><testcase classname="src.pymortests.vectorarray" file="src/pymortests/vectorarray.py" line="409" name="test_axpy_one_x[compatible_vector_array_pair0-&lt;lambda&gt;27]" time="2.8834798336029053"></testcase><testcase classname="src.pymortests.vectorarray" file="src/pymortests/vectorarray.py" line="409" name="test_axpy_one_x[compatible_vector_array_pair0-&lt;lambda&gt;28]" time="12.209285736083984"></testcase><testcase classname="src.pymortests.vectorarray" file="src/pymortests/vectorarray.py" line="409" name="test_axpy_one_x[compatible_vector_array_pair0-&lt;lambda&gt;29]" time="0.5149564743041992"></testcase><testcase classname="src.pymortests.vectorarray" file="src/pymortests/vectorarray.py" line="409" name="test_axpy_one_x[compatible_vector_array_pair1-&lt;lambda&gt;0]" time="0.06329202651977539"></testcase><testcase classname="src.pymortests.vectorarray" file="src/pymortests/vectorarray.py" line="409" name="test_axpy_one_x[compatible_vector_array_pair1-&lt;lambda&gt;1]" time="0.16719317436218262"></testcase><testcase classname="src.pymortests.vectorarray" file="src/pymortests/vectorarray.py" line="409" name="test_axpy_one_x[compatible_vector_array_pair1-&lt;lambda&gt;2]" time="0.14516186714172363"></testcase><testcase classname="src.pymortests.vectorarray" file="src/pymortests/vectorarray.py" line="409" name="test_axpy_one_x[compatible_vector_array_pair1-&lt;lambda&gt;3]" time="0.1700429916381836"></testcase><testcase classname="src.pymortests.vectorarray" file="src/pymortests/vectorarray.py" line="409" name="test_axpy_one_x[compatible_vector_array_pair1-&lt;lambda&gt;4]" time="0.17597246170043945"></testcase><testcase classname="src.pymortests.vectorarray" file="src/pymortests/vectorarray.py" line="409" name="test_axpy_one_x[compatible_vector_array_pair1-&lt;lambda&gt;5]" time="0.14007306098937988"></testcase><testcase classname="src.pymortests.vectorarray" file="src/pymortests/vectorarray.py" line="409" name="test_axpy_one_x[compatible_vector_array_pair1-&lt;lambda&gt;6]" time="0.056787729263305664"></testcase><testcase classname="src.pymortests.vectorarray" file="src/pymortests/vectorarray.py" line="409" name="test_axpy_one_x[compatible_vector_array_pair1-&lt;lambda&gt;7]" time="0.17291498184204102"></testcase><testcase classname="src.pymortests.vectorarray" file="src/pymortests/vectorarray.py" line="409" name="test_axpy_one_x[compatible_vector_array_pair1-&lt;lambda&gt;8]" time="0.4073026180267334"></testcase><testcase classname="src.pymortests.vectorarray" file="src/pymortests/vectorarray.py" line="409" name="test_axpy_one_x[compatible_vector_array_pair1-&lt;lambda&gt;9]" time="0.7639029026031494"></testcase><testcase classname="src.pymortests.vectorarray" file="src/pymortests/vectorarray.py" line="409" name="test_axpy_one_x[compatible_vector_array_pair1-&lt;lambda&gt;10]" time="2.108560800552368"></testcase><testcase classname="src.pymortests.vectorarray" file="src/pymortests/vectorarray.py" line="409" name="test_axpy_one_x[compatible_vector_array_pair1-&lt;lambda&gt;11]" time="0.18523120880126953"></testcase><testcase classname="src.pymortests.vectorarray" file="src/pymortests/vectorarray.py" line="409" name="test_axpy_one_x[compatible_vector_array_pair1-&lt;lambda&gt;12]" time="0.14687442779541016"></testcase><testcase classname="src.pymortests.vectorarray" file="src/pymortests/vectorarray.py" line="409" name="test_axpy_one_x[compatible_vector_array_pair1-&lt;lambda&gt;13]" time="0.43800783157348633"></testcase><testcase classname="src.pymortests.vectorarray" file="src/pymortests/vectorarray.py" line="409" name="test_axpy_one_x[compatible_vector_array_pair1-&lt;lambda&gt;14]" time="0.24661922454833984"></testcase><testcase classname="src.pymortests.vectorarray" file="src/pymortests/vectorarray.py" line="409" name="test_axpy_one_x[compatible_vector_array_pair1-&lt;lambda&gt;15]" time="0.4288461208343506"></testcase><testcase classname="src.pymortests.vectorarray" file="src/pymortests/vectorarray.py" line="409" name="test_axpy_one_x[compatible_vector_array_pair1-&lt;lambda&gt;16]" time="0.47805285453796387"></testcase><testcase classname="src.pymortests.vectorarray" file="src/pymortests/vectorarray.py" line="409" name="test_axpy_one_x[compatible_vector_array_pair1-&lt;lambda&gt;17]" time="0.39997196197509766"></testcase><testcase classname="src.pymortests.vectorarray" file="src/pymortests/vectorarray.py" line="409" name="test_axpy_one_x[compatible_vector_array_pair1-&lt;lambda&gt;18]" time="0.1640794277191162"></testcase><testcase classname="src.pymortests.vectorarray" file="src/pymortests/vectorarray.py" line="409" name="test_axpy_one_x[compatible_vector_array_pair1-&lt;lambda&gt;19]" time="0.36400341987609863"></testcase><testcase classname="src.pymortests.vectorarray" file="src/pymortests/vectorarray.py" line="409" name="test_axpy_one_x[compatible_vector_array_pair1-&lt;lambda&gt;20]" time="1.420846939086914"></testcase><testcase classname="src.pymortests.vectorarray" file="src/pymortests/vectorarray.py" line="409" name="test_axpy_one_x[compatible_vector_array_pair1-&lt;lambda&gt;21]" time="1.0482544898986816"></testcase><testcase classname="src.pymortests.vectorarray" file="src/pymortests/vectorarray.py" line="409" name="test_axpy_one_x[compatible_vector_array_pair1-&lt;lambda&gt;22]" time="2.9638328552246094"></testcase><testcase classname="src.pymortests.vectorarray" file="src/pymortests/vectorarray.py" line="409" name="test_axpy_one_x[compatible_vector_array_pair1-&lt;lambda&gt;23]" time="0.26991891860961914"></testcase><testcase classname="src.pymortests.vectorarray" file="src/pymortests/vectorarray.py" line="409" name="test_axpy_one_x[compatible_vector_array_pair1-&lt;lambda&gt;24]" time="0.04275321960449219"></testcase><testcase classname="src.pymortests.vectorarray" file="src/pymortests/vectorarray.py" line="409" name="test_axpy_one_x[compatible_vector_array_pair1-&lt;lambda&gt;25]" time="0.23339438438415527"></testcase><testcase classname="src.pymortests.vectorarray" file="src/pymortests/vectorarray.py" line="409" name="test_axpy_one_x[compatible_vector_array_pair1-&lt;lambda&gt;26]" time="2.2922139167785645"></testcase><testcase classname="src.pymortests.vectorarray" file="src/pymortests/vectorarray.py" line="409" name="test_axpy_one_x[compatible_vector_array_pair1-&lt;lambda&gt;27]" time="4.1628806591033936"></testcase><testcase classname="src.pymortests.vectorarray" file="src/pymortests/vectorarray.py" line="409" name="test_axpy_one_x[compatible_vector_array_pair1-&lt;lambda&gt;28]" time="16.418275117874146"></testcase><testcase classname="src.pymortests.vectorarray" file="src/pymortests/vectorarray.py" line="409" name="test_axpy_one_x[compatible_vector_array_pair1-&lt;lambda&gt;29]" time="0.49515366554260254"></testcase><testcase classname="src.pymortests.vectorarray" file="src/pymortests/vectorarray.py" line="409" name="test_axpy_one_x[compatible_vector_array_pair2-&lt;lambda&gt;0]" time="0.05085039138793945"></testcase><testcase classname="src.pymortests.vectorarray" file="src/pymortests/vectorarray.py" line="409" name="test_axpy_one_x[compatible_vector_array_pair2-&lt;lambda&gt;1]" time="0.13184380531311035"></testcase><testcase classname="src.pymortests.vectorarray" file="src/pymortests/vectorarray.py" line="409" name="test_axpy_one_x[compatible_vector_array_pair2-&lt;lambda&gt;2]" time="0.10199594497680664"></testcase><testcase classname="src.pymortests.vectorarray" file="src/pymortests/vectorarray.py" line="409" name="test_axpy_one_x[compatible_vector_array_pair2-&lt;lambda&gt;3]" time="0.11721158027648926"></testcase><testcase classname="src.pymortests.vectorarray" file="src/pymortests/vectorarray.py" line="409" name="test_axpy_one_x[compatible_vector_array_pair2-&lt;lambda&gt;4]" time="0.12651658058166504"></testcase><testcase classname="src.pymortests.vectorarray" file="src/pymortests/vectorarray.py" line="409" name="test_axpy_one_x[compatible_vector_array_pair2-&lt;lambda&gt;5]" time="0.11556172370910645"></testcase><testcase classname="src.pymortests.vectorarray" file="src/pymortests/vectorarray.py" line="409" name="test_axpy_one_x[compatible_vector_array_pair2-&lt;lambda&gt;6]" time="0.040276288986206055"></testcase><testcase classname="src.pymortests.vectorarray" file="src/pymortests/vectorarray.py" line="409" name="test_axpy_one_x[compatible_vector_array_pair2-&lt;lambda&gt;7]" time="0.1293778419494629"></testcase><testcase classname="src.pymortests.vectorarray" file="src/pymortests/vectorarray.py" line="409" name="test_axpy_one_x[compatible_vector_array_pair2-&lt;lambda&gt;8]" time="0.27860164642333984"></testcase><testcase classname="src.pymortests.vectorarray" file="src/pymortests/vectorarray.py" line="409" name="test_axpy_one_x[compatible_vector_array_pair2-&lt;lambda&gt;9]" time="0.5449120998382568"></testcase><testcase classname="src.pymortests.vectorarray" file="src/pymortests/vectorarray.py" line="409" name="test_axpy_one_x[compatible_vector_array_pair2-&lt;lambda&gt;10]" time="1.514371395111084"></testcase><testcase classname="src.pymortests.vectorarray" file="src/pymortests/vectorarray.py" line="409" name="test_axpy_one_x[compatible_vector_array_pair2-&lt;lambda&gt;11]" time="0.11954832077026367"></testcase><testcase classname="src.pymortests.vectorarray" file="src/pymortests/vectorarray.py" line="409" name="test_axpy_one_x[compatible_vector_array_pair2-&lt;lambda&gt;12]" time="0.09552907943725586"></testcase><testcase classname="src.pymortests.vectorarray" file="src/pymortests/vectorarray.py" line="409" name="test_axpy_one_x[compatible_vector_array_pair2-&lt;lambda&gt;13]" time="0.2886226177215576"></testcase><testcase classname="src.pymortests.vectorarray" file="src/pymortests/vectorarray.py" line="409" name="test_axpy_one_x[compatible_vector_array_pair2-&lt;lambda&gt;14]" time="0.16432619094848633"></testcase><testcase classname="src.pymortests.vectorarray" file="src/pymortests/vectorarray.py" line="409" name="test_axpy_one_x[compatible_vector_array_pair2-&lt;lambda&gt;15]" time="0.27800989151000977"></testcase><testcase classname="src.pymortests.vectorarray" file="src/pymortests/vectorarray.py" line="409" name="test_axpy_one_x[compatible_vector_array_pair2-&lt;lambda&gt;16]" time="0.3243138790130615"></testcase><testcase classname="src.pymortests.vectorarray" file="src/pymortests/vectorarray.py" line="409" name="test_axpy_one_x[compatible_vector_array_pair2-&lt;lambda&gt;17]" time="0.34981489181518555"></testcase><testcase classname="src.pymortests.vectorarray" file="src/pymortests/vectorarray.py" line="409" name="test_axpy_one_x[compatible_vector_array_pair2-&lt;lambda&gt;18]" time="0.14437007904052734"></testcase><testcase classname="src.pymortests.vectorarray" file="src/pymortests/vectorarray.py" line="409" name="test_axpy_one_x[compatible_vector_array_pair2-&lt;lambda&gt;19]" time="0.30258774757385254"></testcase><testcase classname="src.pymortests.vectorarray" file="src/pymortests/vectorarray.py" line="409" name="test_axpy_one_x[compatible_vector_array_pair2-&lt;lambda&gt;20]" time="1.0101969242095947"></testcase><testcase classname="src.pymortests.vectorarray" file="src/pymortests/vectorarray.py" line="409" name="test_axpy_one_x[compatible_vector_array_pair2-&lt;lambda&gt;21]" time="0.9986710548400879"></testcase><testcase classname="src.pymortests.vectorarray" file="src/pymortests/vectorarray.py" line="409" name="test_axpy_one_x[compatible_vector_array_pair2-&lt;lambda&gt;22]" time="2.811040163040161"></testcase><testcase classname="src.pymortests.vectorarray" file="src/pymortests/vectorarray.py" line="409" name="test_axpy_one_x[compatible_vector_array_pair2-&lt;lambda&gt;23]" time="0.260282039642334"></testcase><testcase classname="src.pymortests.vectorarray" file="src/pymortests/vectorarray.py" line="409" name="test_axpy_one_x[compatible_vector_array_pair2-&lt;lambda&gt;24]" time="0.04404401779174805"></testcase><testcase classname="src.pymortests.vectorarray" file="src/pymortests/vectorarray.py" line="409" name="test_axpy_one_x[compatible_vector_array_pair2-&lt;lambda&gt;25]" time="0.25094079971313477"></testcase><testcase classname="src.pymortests.vectorarray" file="src/pymortests/vectorarray.py" line="409" name="test_axpy_one_x[compatible_vector_array_pair2-&lt;lambda&gt;26]" time="2.8497002124786377"></testcase><testcase classname="src.pymortests.vectorarray" file="src/pymortests/vectorarray.py" line="409" name="test_axpy_one_x[compatible_vector_array_pair2-&lt;lambda&gt;27]" time="5.110353708267212"></testcase><testcase classname="src.pymortests.vectorarray" file="src/pymortests/vectorarray.py" line="409" name="test_axpy_one_x[compatible_vector_array_pair2-&lt;lambda&gt;28]" time="19.34781312942505"></testcase><testcase classname="src.pymortests.vectorarray" file="src/pymortests/vectorarray.py" line="409" name="test_axpy_one_x[compatible_vector_array_pair2-&lt;lambda&gt;29]" time="0.5614125728607178"></testcase><testcase classname="src.pymortests.vectorarray" file="src/pymortests/vectorarray.py" line="409" name="test_axpy_one_x[compatible_vector_array_pair3-&lt;lambda&gt;0]" time="0.05325722694396973"></testcase><testcase classname="src.pymortests.vectorarray" file="src/pymortests/vectorarray.py" line="409" name="test_axpy_one_x[compatible_vector_array_pair3-&lt;lambda&gt;1]" time="0.13963890075683594"></testcase><testcase classname="src.pymortests.vectorarray" file="src/pymortests/vectorarray.py" line="409" name="test_axpy_one_x[compatible_vector_array_pair3-&lt;lambda&gt;2]" time="0.11238837242126465"></testcase><testcase classname="src.pymortests.vectorarray" file="src/pymortests/vectorarray.py" line="409" name="test_axpy_one_x[compatible_vector_array_pair3-&lt;lambda&gt;3]" time="0.12045478820800781"></testcase><testcase classname="src.pymortests.vectorarray" file="src/pymortests/vectorarray.py" line="409" name="test_axpy_one_x[compatible_vector_array_pair3-&lt;lambda&gt;4]" time="0.12342476844787598"></testcase><testcase classname="src.pymortests.vectorarray" file="src/pymortests/vectorarray.py" line="409" name="test_axpy_one_x[compatible_vector_array_pair3-&lt;lambda&gt;5]" time="0.10158777236938477"></testcase><testcase classname="src.pymortests.vectorarray" file="src/pymortests/vectorarray.py" line="409" name="test_axpy_one_x[compatible_vector_array_pair3-&lt;lambda&gt;6]" time="0.04020094871520996"></testcase><testcase classname="src.pymortests.vectorarray" file="src/pymortests/vectorarray.py" line="409" name="test_axpy_one_x[compatible_vector_array_pair3-&lt;lambda&gt;7]" time="0.11965107917785645"></testcase><testcase classname="src.pymortests.vectorarray" file="src/pymortests/vectorarray.py" line="409" name="test_axpy_one_x[compatible_vector_array_pair3-&lt;lambda&gt;8]" time="0.27903246879577637"></testcase><testcase classname="src.pymortests.vectorarray" file="src/pymortests/vectorarray.py" line="409" name="test_axpy_one_x[compatible_vector_array_pair3-&lt;lambda&gt;9]" time="0.5584220886230469"></testcase><testcase classname="src.pymortests.vectorarray" file="src/pymortests/vectorarray.py" line="409" name="test_axpy_one_x[compatible_vector_array_pair3-&lt;lambda&gt;10]" time="1.5896286964416504"></testcase><testcase classname="src.pymortests.vectorarray" file="src/pymortests/vectorarray.py" line="409" name="test_axpy_one_x[compatible_vector_array_pair3-&lt;lambda&gt;11]" time="0.13188576698303223"></testcase><testcase classname="src.pymortests.vectorarray" file="src/pymortests/vectorarray.py" line="409" name="test_axpy_one_x[compatible_vector_array_pair3-&lt;lambda&gt;12]" time="0.09969544410705566"></testcase><testcase classname="src.pymortests.vectorarray" file="src/pymortests/vectorarray.py" line="409" name="test_axpy_one_x[compatible_vector_array_pair3-&lt;lambda&gt;13]" time="0.28838419914245605"></testcase><testcase classname="src.pymortests.vectorarray" file="src/pymortests/vectorarray.py" line="409" name="test_axpy_one_x[compatible_vector_array_pair3-&lt;lambda&gt;14]" time="0.16340136528015137"></testcase><testcase classname="src.pymortests.vectorarray" file="src/pymortests/vectorarray.py" line="409" name="test_axpy_one_x[compatible_vector_array_pair3-&lt;lambda&gt;15]" time="0.30133056640625"></testcase><testcase classname="src.pymortests.vectorarray" file="src/pymortests/vectorarray.py" line="409" name="test_axpy_one_x[compatible_vector_array_pair3-&lt;lambda&gt;16]" time="0.33693909645080566"></testcase><testcase classname="src.pymortests.vectorarray" file="src/pymortests/vectorarray.py" line="409" name="test_axpy_one_x[compatible_vector_array_pair3-&lt;lambda&gt;17]" time="0.36436963081359863"></testcase><testcase classname="src.pymortests.vectorarray" file="src/pymortests/vectorarray.py" line="409" name="test_axpy_one_x[compatible_vector_array_pair3-&lt;lambda&gt;18]" time="0.15800833702087402"></testcase><testcase classname="src.pymortests.vectorarray" file="src/pymortests/vectorarray.py" line="409" name="test_axpy_one_x[compatible_vector_array_pair3-&lt;lambda&gt;19]" time="0.32187485694885254"></testcase><testcase classname="src.pymortests.vectorarray" file="src/pymortests/vectorarray.py" line="409" name="test_axpy_one_x[compatible_vector_array_pair3-&lt;lambda&gt;20]" time="1.0846588611602783"></testcase><testcase classname="src.pymortests.vectorarray" file="src/pymortests/vectorarray.py" line="409" name="test_axpy_one_x[compatible_vector_array_pair3-&lt;lambda&gt;21]" time="1.0536413192749023"></testcase><testcase classname="src.pymortests.vectorarray" file="src/pymortests/vectorarray.py" line="409" name="test_axpy_one_x[compatible_vector_array_pair3-&lt;lambda&gt;22]" time="2.9480302333831787"></testcase><testcase classname="src.pymortests.vectorarray" file="src/pymortests/vectorarray.py" line="409" name="test_axpy_one_x[compatible_vector_array_pair3-&lt;lambda&gt;23]" time="0.27307820320129395"></testcase><testcase classname="src.pymortests.vectorarray" file="src/pymortests/vectorarray.py" line="409" name="test_axpy_one_x[compatible_vector_array_pair3-&lt;lambda&gt;24]" time="0.04624342918395996"></testcase><testcase classname="src.pymortests.vectorarray" file="src/pymortests/vectorarray.py" line="409" name="test_axpy_one_x[compatible_vector_array_pair3-&lt;lambda&gt;25]" time="0.28827929496765137"></testcase><testcase classname="src.pymortests.vectorarray" file="src/pymortests/vectorarray.py" line="409" name="test_axpy_one_x[compatible_vector_array_pair3-&lt;lambda&gt;26]" time="3.5787644386291504"></testcase><testcase classname="src.pymortests.vectorarray" file="src/pymortests/vectorarray.py" line="409" name="test_axpy_one_x[compatible_vector_array_pair3-&lt;lambda&gt;27]" time="6.231424331665039"></testcase><testcase classname="src.pymortests.vectorarray" file="src/pymortests/vectorarray.py" line="409" name="test_axpy_one_x[compatible_vector_array_pair3-&lt;lambda&gt;28]" time="23.090596675872803"></testcase><testcase classname="src.pymortests.vectorarray" file="src/pymortests/vectorarray.py" line="409" name="test_axpy_one_x[compatible_vector_array_pair3-&lt;lambda&gt;29]" time="0.6350929737091064"></testcase><testcase classname="src.pymortests.vectorarray" file="src/pymortests/vectorarray.py" line="409" name="test_axpy_one_x[compatible_vector_array_pair4-&lt;lambda&gt;0]" time="0.04930567741394043"></testcase><testcase classname="src.pymortests.vectorarray" file="src/pymortests/vectorarray.py" line="409" name="test_axpy_one_x[compatible_vector_array_pair4-&lt;lambda&gt;1]" time="0.13216733932495117"></testcase><testcase classname="src.pymortests.vectorarray" file="src/pymortests/vectorarray.py" line="409" name="test_axpy_one_x[compatible_vector_array_pair4-&lt;lambda&gt;2]" time="0.09910130500793457"></testcase><testcase classname="src.pymortests.vectorarray" file="src/pymortests/vectorarray.py" line="409" name="test_axpy_one_x[compatible_vector_array_pair4-&lt;lambda&gt;3]" time="0.11594510078430176"></testcase><testcase classname="src.pymortests.vectorarray" file="src/pymortests/vectorarray.py" line="409" name="test_axpy_one_x[compatible_vector_array_pair4-&lt;lambda&gt;4]" time="0.12639093399047852"></testcase><testcase classname="src.pymortests.vectorarray" file="src/pymortests/vectorarray.py" line="409" name="test_axpy_one_x[compatible_vector_array_pair4-&lt;lambda&gt;5]" time="0.09970664978027344"></testcase><testcase classname="src.pymortests.vectorarray" file="src/pymortests/vectorarray.py" line="409" name="test_axpy_one_x[compatible_vector_array_pair4-&lt;lambda&gt;6]" time="0.03798317909240723"></testcase><testcase classname="src.pymortests.vectorarray" file="src/pymortests/vectorarray.py" line="409" name="test_axpy_one_x[compatible_vector_array_pair4-&lt;lambda&gt;7]" time="0.11590909957885742"></testcase><testcase classname="src.pymortests.vectorarray" file="src/pymortests/vectorarray.py" line="409" name="test_axpy_one_x[compatible_vector_array_pair4-&lt;lambda&gt;8]" time="0.27054262161254883"></testcase><testcase classname="src.pymortests.vectorarray" file="src/pymortests/vectorarray.py" line="409" name="test_axpy_one_x[compatible_vector_array_pair4-&lt;lambda&gt;9]" time="0.5453870296478271"></testcase><testcase classname="src.pymortests.vectorarray" file="src/pymortests/vectorarray.py" line="409" name="test_axpy_one_x[compatible_vector_array_pair4-&lt;lambda&gt;10]" time="1.4984853267669678"></testcase><testcase classname="src.pymortests.vectorarray" file="src/pymortests/vectorarray.py" line="409" name="test_axpy_one_x[compatible_vector_array_pair4-&lt;lambda&gt;11]" time="0.11657881736755371"></testcase><testcase classname="src.pymortests.vectorarray" file="src/pymortests/vectorarray.py" line="409" name="test_axpy_one_x[compatible_vector_array_pair4-&lt;lambda&gt;12]" time="0.09539532661437988"></testcase><testcase classname="src.pymortests.vectorarray" file="src/pymortests/vectorarray.py" line="409" name="test_axpy_one_x[compatible_vector_array_pair4-&lt;lambda&gt;13]" time="0.2814958095550537"></testcase><testcase classname="src.pymortests.vectorarray" file="src/pymortests/vectorarray.py" line="409" name="test_axpy_one_x[compatible_vector_array_pair4-&lt;lambda&gt;14]" time="0.15449094772338867"></testcase><testcase classname="src.pymortests.vectorarray" file="src/pymortests/vectorarray.py" line="409" name="test_axpy_one_x[compatible_vector_array_pair4-&lt;lambda&gt;15]" time="0.27049922943115234"></testcase><testcase classname="src.pymortests.vectorarray" file="src/pymortests/vectorarray.py" line="409" name="test_axpy_one_x[compatible_vector_array_pair4-&lt;lambda&gt;16]" time="0.3176867961883545"></testcase><testcase classname="src.pymortests.vectorarray" file="src/pymortests/vectorarray.py" line="409" name="test_axpy_one_x[compatible_vector_array_pair4-&lt;lambda&gt;17]" time="0.3531019687652588"></testcase><testcase classname="src.pymortests.vectorarray" file="src/pymortests/vectorarray.py" line="409" name="test_axpy_one_x[compatible_vector_array_pair4-&lt;lambda&gt;18]" time="0.1383075714111328"></testcase><testcase classname="src.pymortests.vectorarray" file="src/pymortests/vectorarray.py" line="409" name="test_axpy_one_x[compatible_vector_array_pair4-&lt;lambda&gt;19]" time="0.28900909423828125"></testcase><testcase classname="src.pymortests.vectorarray" file="src/pymortests/vectorarray.py" line="409" name="test_axpy_one_x[compatible_vector_array_pair4-&lt;lambda&gt;20]" time="0.9871077537536621"></testcase><testcase classname="src.pymortests.vectorarray" file="src/pymortests/vectorarray.py" line="409" name="test_axpy_one_x[compatible_vector_array_pair4-&lt;lambda&gt;21]" time="0.957859992980957"></testcase><testcase classname="src.pymortests.vectorarray" file="src/pymortests/vectorarray.py" line="409" name="test_axpy_one_x[compatible_vector_array_pair4-&lt;lambda&gt;22]" time="2.707995653152466"></testcase><testcase classname="src.pymortests.vectorarray" file="src/pymortests/vectorarray.py" line="409" name="test_axpy_one_x[compatible_vector_array_pair4-&lt;lambda&gt;23]" time="0.25397610664367676"></testcase><testcase classname="src.pymortests.vectorarray" file="src/pymortests/vectorarray.py" line="409" name="test_axpy_one_x[compatible_vector_array_pair4-&lt;lambda&gt;24]" time="0.043875694274902344"></testcase><testcase classname="src.pymortests.vectorarray" file="src/pymortests/vectorarray.py" line="409" name="test_axpy_one_x[compatible_vector_array_pair4-&lt;lambda&gt;25]" time="0.2903001308441162"></testcase><testcase classname="src.pymortests.vectorarray" file="src/pymortests/vectorarray.py" line="409" name="test_axpy_one_x[compatible_vector_array_pair4-&lt;lambda&gt;26]" time="3.894930601119995"></testcase><testcase classname="src.pymortests.vectorarray" file="src/pymortests/vectorarray.py" line="409" name="test_axpy_one_x[compatible_vector_array_pair4-&lt;lambda&gt;27]" time="6.911030054092407"></testcase><testcase classname="src.pymortests.vectorarray" file="src/pymortests/vectorarray.py" line="409" name="test_axpy_one_x[compatible_vector_array_pair4-&lt;lambda&gt;28]" time="26.48238778114319"></testcase><testcase classname="src.pymortests.vectorarray" file="src/pymortests/vectorarray.py" line="409" name="test_axpy_one_x[compatible_vector_array_pair4-&lt;lambda&gt;29]" time="0.6953046321868896"></testcase><testcase classname="src.pymortests.vectorarray" file="src/pymortests/vectorarray.py" line="409" name="test_axpy_one_x[compatible_vector_array_pair5-&lt;lambda&gt;0]" time="0.04938459396362305"></testcase><testcase classname="src.pymortests.vectorarray" file="src/pymortests/vectorarray.py" line="409" name="test_axpy_one_x[compatible_vector_array_pair5-&lt;lambda&gt;1]" time="0.13735485076904297"></testcase><testcase classname="src.pymortests.vectorarray" file="src/pymortests/vectorarray.py" line="409" name="test_axpy_one_x[compatible_vector_array_pair5-&lt;lambda&gt;2]" time="0.09810614585876465"></testcase><testcase classname="src.pymortests.vectorarray" file="src/pymortests/vectorarray.py" line="409" name="test_axpy_one_x[compatible_vector_array_pair5-&lt;lambda&gt;3]" time="0.11392831802368164"></testcase><testcase classname="src.pymortests.vectorarray" file="src/pymortests/vectorarray.py" line="409" name="test_axpy_one_x[compatible_vector_array_pair5-&lt;lambda&gt;4]" time="0.11995172500610352"></testcase><testcase classname="src.pymortests.vectorarray" file="src/pymortests/vectorarray.py" line="409" name="test_axpy_one_x[compatible_vector_array_pair5-&lt;lambda&gt;5]" time="0.09613656997680664"></testcase><testcase classname="src.pymortests.vectorarray" file="src/pymortests/vectorarray.py" line="409" name="test_axpy_one_x[compatible_vector_array_pair5-&lt;lambda&gt;6]" time="0.038366079330444336"></testcase><testcase classname="src.pymortests.vectorarray" file="src/pymortests/vectorarray.py" line="409" name="test_axpy_one_x[compatible_vector_array_pair5-&lt;lambda&gt;7]" time="0.11980986595153809"></testcase><testcase classname="src.pymortests.vectorarray" file="src/pymortests/vectorarray.py" line="409" name="test_axpy_one_x[compatible_vector_array_pair5-&lt;lambda&gt;8]" time="0.2925682067871094"></testcase><testcase classname="src.pymortests.vectorarray" file="src/pymortests/vectorarray.py" line="409" name="test_axpy_one_x[compatible_vector_array_pair5-&lt;lambda&gt;9]" time="0.5559360980987549"></testcase><testcase classname="src.pymortests.vectorarray" file="src/pymortests/vectorarray.py" line="409" name="test_axpy_one_x[compatible_vector_array_pair5-&lt;lambda&gt;10]" time="1.5329139232635498"></testcase><testcase classname="src.pymortests.vectorarray" file="src/pymortests/vectorarray.py" line="409" name="test_axpy_one_x[compatible_vector_array_pair5-&lt;lambda&gt;11]" time="0.11647725105285645"></testcase><testcase classname="src.pymortests.vectorarray" file="src/pymortests/vectorarray.py" line="409" name="test_axpy_one_x[compatible_vector_array_pair5-&lt;lambda&gt;12]" time="0.09391188621520996"></testcase><testcase classname="src.pymortests.vectorarray" file="src/pymortests/vectorarray.py" line="409" name="test_axpy_one_x[compatible_vector_array_pair5-&lt;lambda&gt;13]" time="0.2767510414123535"></testcase><testcase classname="src.pymortests.vectorarray" file="src/pymortests/vectorarray.py" line="409" name="test_axpy_one_x[compatible_vector_array_pair5-&lt;lambda&gt;14]" time="0.15329480171203613"></testcase><testcase classname="src.pymortests.vectorarray" file="src/pymortests/vectorarray.py" line="409" name="test_axpy_one_x[compatible_vector_array_pair5-&lt;lambda&gt;15]" time="0.27146267890930176"></testcase><testcase classname="src.pymortests.vectorarray" file="src/pymortests/vectorarray.py" line="409" name="test_axpy_one_x[compatible_vector_array_pair5-&lt;lambda&gt;16]" time="0.3112046718597412"></testcase><testcase classname="src.pymortests.vectorarray" file="src/pymortests/vectorarray.py" line="409" name="test_axpy_one_x[compatible_vector_array_pair5-&lt;lambda&gt;17]" time="0.33805108070373535"></testcase><testcase classname="src.pymortests.vectorarray" file="src/pymortests/vectorarray.py" line="409" name="test_axpy_one_x[compatible_vector_array_pair5-&lt;lambda&gt;18]" time="0.1383342742919922"></testcase><testcase classname="src.pymortests.vectorarray" file="src/pymortests/vectorarray.py" line="409" name="test_axpy_one_x[compatible_vector_array_pair5-&lt;lambda&gt;19]" time="0.30479860305786133"></testcase><testcase classname="src.pymortests.vectorarray" file="src/pymortests/vectorarray.py" line="409" name="test_axpy_one_x[compatible_vector_array_pair5-&lt;lambda&gt;20]" time="1.0603148937225342"></testcase><testcase classname="src.pymortests.vectorarray" file="src/pymortests/vectorarray.py" line="409" name="test_axpy_one_x[compatible_vector_array_pair5-&lt;lambda&gt;21]" time="0.9751217365264893"></testcase><testcase classname="src.pymortests.vectorarray" file="src/pymortests/vectorarray.py" line="409" name="test_axpy_one_x[compatible_vector_array_pair5-&lt;lambda&gt;22]" time="2.8023853302001953"></testcase><testcase classname="src.pymortests.vectorarray" file="src/pymortests/vectorarray.py" line="409" name="test_axpy_one_x[compatible_vector_array_pair5-&lt;lambda&gt;23]" time="0.26869630813598633"></testcase><testcase classname="src.pymortests.vectorarray" file="src/pymortests/vectorarray.py" line="409" name="test_axpy_one_x[compatible_vector_array_pair5-&lt;lambda&gt;24]" time="0.04535365104675293"></testcase><testcase classname="src.pymortests.vectorarray" file="src/pymortests/vectorarray.py" line="409" name="test_axpy_one_x[compatible_vector_array_pair5-&lt;lambda&gt;25]" time="0.32898688316345215"></testcase><testcase classname="src.pymortests.vectorarray" file="src/pymortests/vectorarray.py" line="409" name="test_axpy_one_x[compatible_vector_array_pair5-&lt;lambda&gt;26]" time="4.609267711639404"></testcase><testcase classname="src.pymortests.vectorarray" file="src/pymortests/vectorarray.py" line="409" name="test_axpy_one_x[compatible_vector_array_pair5-&lt;lambda&gt;27]" time="7.910043478012085"></testcase><testcase classname="src.pymortests.vectorarray" file="src/pymortests/vectorarray.py" line="409" name="test_axpy_one_x[compatible_vector_array_pair5-&lt;lambda&gt;28]" time="29.60859727859497"></testcase><testcase classname="src.pymortests.vectorarray" file="src/pymortests/vectorarray.py" line="409" name="test_axpy_one_x[compatible_vector_array_pair5-&lt;lambda&gt;29]" time="0.7480554580688477"></testcase><testcase classname="src.pymortests.vectorarray" file="src/pymortests/vectorarray.py" line="409" name="test_axpy_one_x[compatible_vector_array_pair6-&lt;lambda&gt;0]" time="0.0491788387298584"></testcase><testcase classname="src.pymortests.vectorarray" file="src/pymortests/vectorarray.py" line="409" name="test_axpy_one_x[compatible_vector_array_pair6-&lt;lambda&gt;1]" time="0.13117456436157227"></testcase><testcase classname="src.pymortests.vectorarray" file="src/pymortests/vectorarray.py" line="409" name="test_axpy_one_x[compatible_vector_array_pair6-&lt;lambda&gt;2]" time="0.09961533546447754"></testcase><testcase classname="src.pymortests.vectorarray" file="src/pymortests/vectorarray.py" line="409" name="test_axpy_one_x[compatible_vector_array_pair6-&lt;lambda&gt;3]" time="0.11565303802490234"></testcase><testcase classname="src.pymortests.vectorarray" file="src/pymortests/vectorarray.py" line="409" name="test_axpy_one_x[compatible_vector_array_pair6-&lt;lambda&gt;4]" time="0.12322473526000977"></testcase><testcase classname="src.pymortests.vectorarray" file="src/pymortests/vectorarray.py" line="409" name="test_axpy_one_x[compatible_vector_array_pair6-&lt;lambda&gt;5]" time="0.10239362716674805"></testcase><testcase classname="src.pymortests.vectorarray" file="src/pymortests/vectorarray.py" line="409" name="test_axpy_one_x[compatible_vector_array_pair6-&lt;lambda&gt;6]" time="0.04008293151855469"></testcase><testcase classname="src.pymortests.vectorarray" file="src/pymortests/vectorarray.py" line="409" name="test_axpy_one_x[compatible_vector_array_pair6-&lt;lambda&gt;7]" time="0.12079429626464844"></testcase><testcase classname="src.pymortests.vectorarray" file="src/pymortests/vectorarray.py" line="409" name="test_axpy_one_x[compatible_vector_array_pair6-&lt;lambda&gt;8]" time="0.2794663906097412"></testcase><testcase classname="src.pymortests.vectorarray" file="src/pymortests/vectorarray.py" line="409" name="test_axpy_one_x[compatible_vector_array_pair6-&lt;lambda&gt;9]" time="0.5404007434844971"></testcase><testcase classname="src.pymortests.vectorarray" file="src/pymortests/vectorarray.py" line="409" name="test_axpy_one_x[compatible_vector_array_pair6-&lt;lambda&gt;10]" time="1.4746460914611816"></testcase><testcase classname="src.pymortests.vectorarray" file="src/pymortests/vectorarray.py" line="409" name="test_axpy_one_x[compatible_vector_array_pair6-&lt;lambda&gt;11]" time="0.11469793319702148"></testcase><testcase classname="src.pymortests.vectorarray" file="src/pymortests/vectorarray.py" line="409" name="test_axpy_one_x[compatible_vector_array_pair6-&lt;lambda&gt;12]" time="0.0932762622833252"></testcase><testcase classname="src.pymortests.vectorarray" file="src/pymortests/vectorarray.py" line="409" name="test_axpy_one_x[compatible_vector_array_pair6-&lt;lambda&gt;13]" time="0.27234625816345215"></testcase><testcase classname="src.pymortests.vectorarray" file="src/pymortests/vectorarray.py" line="409" name="test_axpy_one_x[compatible_vector_array_pair6-&lt;lambda&gt;14]" time="0.15167951583862305"></testcase><testcase classname="src.pymortests.vectorarray" file="src/pymortests/vectorarray.py" line="409" name="test_axpy_one_x[compatible_vector_array_pair6-&lt;lambda&gt;15]" time="0.27019524574279785"></testcase><testcase classname="src.pymortests.vectorarray" file="src/pymortests/vectorarray.py" line="409" name="test_axpy_one_x[compatible_vector_array_pair6-&lt;lambda&gt;16]" time="0.30826497077941895"></testcase><testcase classname="src.pymortests.vectorarray" file="src/pymortests/vectorarray.py" line="409" name="test_axpy_one_x[compatible_vector_array_pair6-&lt;lambda&gt;17]" time="0.3477463722229004"></testcase><testcase classname="src.pymortests.vectorarray" file="src/pymortests/vectorarray.py" line="409" name="test_axpy_one_x[compatible_vector_array_pair6-&lt;lambda&gt;18]" time="0.138350248336792"></testcase><testcase classname="src.pymortests.vectorarray" file="src/pymortests/vectorarray.py" line="409" name="test_axpy_one_x[compatible_vector_array_pair6-&lt;lambda&gt;19]" time="0.29329848289489746"></testcase><testcase classname="src.pymortests.vectorarray" file="src/pymortests/vectorarray.py" line="409" name="test_axpy_one_x[compatible_vector_array_pair6-&lt;lambda&gt;20]" time="0.9924905300140381"></testcase><testcase classname="src.pymortests.vectorarray" file="src/pymortests/vectorarray.py" line="409" name="test_axpy_one_x[compatible_vector_array_pair6-&lt;lambda&gt;21]" time="0.9651858806610107"></testcase><testcase classname="src.pymortests.vectorarray" file="src/pymortests/vectorarray.py" line="409" name="test_axpy_one_x[compatible_vector_array_pair6-&lt;lambda&gt;22]" time="2.718864679336548"></testcase><testcase classname="src.pymortests.vectorarray" file="src/pymortests/vectorarray.py" line="409" name="test_axpy_one_x[compatible_vector_array_pair6-&lt;lambda&gt;23]" time="0.25052404403686523"></testcase><testcase classname="src.pymortests.vectorarray" file="src/pymortests/vectorarray.py" line="409" name="test_axpy_one_x[compatible_vector_array_pair6-&lt;lambda&gt;24]" time="0.04290914535522461"></testcase><testcase classname="src.pymortests.vectorarray" file="src/pymortests/vectorarray.py" line="409" name="test_axpy_one_x[compatible_vector_array_pair6-&lt;lambda&gt;25]" time="0.3357961177825928"></testcase><testcase classname="src.pymortests.vectorarray" file="src/pymortests/vectorarray.py" line="409" name="test_axpy_one_x[compatible_vector_array_pair6-&lt;lambda&gt;26]" time="4.992474555969238"></testcase><testcase classname="src.pymortests.vectorarray" file="src/pymortests/vectorarray.py" line="409" name="test_axpy_one_x[compatible_vector_array_pair6-&lt;lambda&gt;27]" time="8.911284923553467"></testcase><testcase classname="src.pymortests.vectorarray" file="src/pymortests/vectorarray.py" line="409" name="test_axpy_one_x[compatible_vector_array_pair6-&lt;lambda&gt;28]" time="33.16257071495056"></testcase><testcase classname="src.pymortests.vectorarray" file="src/pymortests/vectorarray.py" line="409" name="test_axpy_one_x[compatible_vector_array_pair6-&lt;lambda&gt;29]" time="0.8219428062438965"></testcase><testcase classname="src.pymortests.vectorarray" file="src/pymortests/vectorarray.py" line="409" name="test_axpy_one_x[compatible_vector_array_pair7-&lt;lambda&gt;0]" time="0.04914450645446777"></testcase><testcase classname="src.pymortests.vectorarray" file="src/pymortests/vectorarray.py" line="409" name="test_axpy_one_x[compatible_vector_array_pair7-&lt;lambda&gt;1]" time="0.1279752254486084"></testcase><testcase classname="src.pymortests.vectorarray" file="src/pymortests/vectorarray.py" line="409" name="test_axpy_one_x[compatible_vector_array_pair7-&lt;lambda&gt;2]" time="0.10031390190124512"></testcase><testcase classname="src.pymortests.vectorarray" file="src/pymortests/vectorarray.py" line="409" name="test_axpy_one_x[compatible_vector_array_pair7-&lt;lambda&gt;3]" time="0.1172487735748291"></testcase><testcase classname="src.pymortests.vectorarray" file="src/pymortests/vectorarray.py" line="409" name="test_axpy_one_x[compatible_vector_array_pair7-&lt;lambda&gt;4]" time="0.12041902542114258"></testcase><testcase classname="src.pymortests.vectorarray" file="src/pymortests/vectorarray.py" line="409" name="test_axpy_one_x[compatible_vector_array_pair7-&lt;lambda&gt;5]" time="0.09540367126464844"></testcase><testcase classname="src.pymortests.vectorarray" file="src/pymortests/vectorarray.py" line="409" name="test_axpy_one_x[compatible_vector_array_pair7-&lt;lambda&gt;6]" time="0.03630709648132324"></testcase><testcase classname="src.pymortests.vectorarray" file="src/pymortests/vectorarray.py" line="409" name="test_axpy_one_x[compatible_vector_array_pair7-&lt;lambda&gt;7]" time="0.11225223541259766"></testcase><testcase classname="src.pymortests.vectorarray" file="src/pymortests/vectorarray.py" line="409" name="test_axpy_one_x[compatible_vector_array_pair7-&lt;lambda&gt;8]" time="0.2828953266143799"></testcase><testcase classname="src.pymortests.vectorarray" file="src/pymortests/vectorarray.py" line="409" name="test_axpy_one_x[compatible_vector_array_pair7-&lt;lambda&gt;9]" time="0.5317628383636475"></testcase><testcase classname="src.pymortests.vectorarray" file="src/pymortests/vectorarray.py" line="409" name="test_axpy_one_x[compatible_vector_array_pair7-&lt;lambda&gt;10]" time="1.476794719696045"></testcase><testcase classname="src.pymortests.vectorarray" file="src/pymortests/vectorarray.py" line="409" name="test_axpy_one_x[compatible_vector_array_pair7-&lt;lambda&gt;11]" time="0.11420345306396484"></testcase><testcase classname="src.pymortests.vectorarray" file="src/pymortests/vectorarray.py" line="409" name="test_axpy_one_x[compatible_vector_array_pair7-&lt;lambda&gt;12]" time="0.09453439712524414"></testcase><testcase classname="src.pymortests.vectorarray" file="src/pymortests/vectorarray.py" line="409" name="test_axpy_one_x[compatible_vector_array_pair7-&lt;lambda&gt;13]" time="0.2765216827392578"></testcase><testcase classname="src.pymortests.vectorarray" file="src/pymortests/vectorarray.py" line="409" name="test_axpy_one_x[compatible_vector_array_pair7-&lt;lambda&gt;14]" time="0.15305519104003906"></testcase><testcase classname="src.pymortests.vectorarray" file="src/pymortests/vectorarray.py" line="409" name="test_axpy_one_x[compatible_vector_array_pair7-&lt;lambda&gt;15]" time="0.2724742889404297"></testcase><testcase classname="src.pymortests.vectorarray" file="src/pymortests/vectorarray.py" line="409" name="test_axpy_one_x[compatible_vector_array_pair7-&lt;lambda&gt;16]" time="0.3233950138092041"></testcase><testcase classname="src.pymortests.vectorarray" file="src/pymortests/vectorarray.py" line="409" name="test_axpy_one_x[compatible_vector_array_pair7-&lt;lambda&gt;17]" time="0.3368408679962158"></testcase><testcase classname="src.pymortests.vectorarray" file="src/pymortests/vectorarray.py" line="409" name="test_axpy_one_x[compatible_vector_array_pair7-&lt;lambda&gt;18]" time="0.1370387077331543"></testcase><testcase classname="src.pymortests.vectorarray" file="src/pymortests/vectorarray.py" line="409" name="test_axpy_one_x[compatible_vector_array_pair7-&lt;lambda&gt;19]" time="0.2877354621887207"></testcase><testcase classname="src.pymortests.vectorarray" file="src/pymortests/vectorarray.py" line="409" name="test_axpy_one_x[compatible_vector_array_pair7-&lt;lambda&gt;20]" time="0.9947750568389893"></testcase><testcase classname="src.pymortests.vectorarray" file="src/pymortests/vectorarray.py" line="409" name="test_axpy_one_x[compatible_vector_array_pair7-&lt;lambda&gt;21]" time="0.9510493278503418"></testcase><testcase classname="src.pymortests.vectorarray" file="src/pymortests/vectorarray.py" line="409" name="test_axpy_one_x[compatible_vector_array_pair7-&lt;lambda&gt;22]" time="2.702263355255127"></testcase><testcase classname="src.pymortests.vectorarray" file="src/pymortests/vectorarray.py" line="409" name="test_axpy_one_x[compatible_vector_array_pair7-&lt;lambda&gt;23]" time="0.24835538864135742"></testcase><testcase classname="src.pymortests.vectorarray" file="src/pymortests/vectorarray.py" line="409" name="test_axpy_one_x[compatible_vector_array_pair7-&lt;lambda&gt;24]" time="0.04271745681762695"></testcase><testcase classname="src.pymortests.vectorarray" file="src/pymortests/vectorarray.py" line="409" name="test_axpy_one_x[compatible_vector_array_pair7-&lt;lambda&gt;25]" time="0.3591272830963135"></testcase><testcase classname="src.pymortests.vectorarray" file="src/pymortests/vectorarray.py" line="409" name="test_axpy_one_x[compatible_vector_array_pair7-&lt;lambda&gt;26]" time="5.501084566116333"></testcase><testcase classname="src.pymortests.vectorarray" file="src/pymortests/vectorarray.py" line="409" name="test_axpy_one_x[compatible_vector_array_pair7-&lt;lambda&gt;27]" time="9.972813606262207"></testcase><testcase classname="src.pymortests.vectorarray" file="src/pymortests/vectorarray.py" line="409" name="test_axpy_one_x[compatible_vector_array_pair7-&lt;lambda&gt;28]" time="39.30060124397278"></testcase><testcase classname="src.pymortests.vectorarray" file="src/pymortests/vectorarray.py" line="409" name="test_axpy_one_x[compatible_vector_array_pair7-&lt;lambda&gt;29]" time="0.9203677177429199"></testcase><testcase classname="src.pymortests.vectorarray" file="src/pymortests/vectorarray.py" line="409" name="test_axpy_one_x[compatible_vector_array_pair8-&lt;lambda&gt;0]" time="0.04984545707702637"></testcase><testcase classname="src.pymortests.vectorarray" file="src/pymortests/vectorarray.py" line="409" name="test_axpy_one_x[compatible_vector_array_pair8-&lt;lambda&gt;1]" time="0.13141345977783203"></testcase><testcase classname="src.pymortests.vectorarray" file="src/pymortests/vectorarray.py" line="409" name="test_axpy_one_x[compatible_vector_array_pair8-&lt;lambda&gt;2]" time="0.10024571418762207"></testcase><testcase classname="src.pymortests.vectorarray" file="src/pymortests/vectorarray.py" line="409" name="test_axpy_one_x[compatible_vector_array_pair8-&lt;lambda&gt;3]" time="0.11667394638061523"></testcase><testcase classname="src.pymortests.vectorarray" file="src/pymortests/vectorarray.py" line="409" name="test_axpy_one_x[compatible_vector_array_pair8-&lt;lambda&gt;4]" time="0.12208294868469238"></testcase><testcase classname="src.pymortests.vectorarray" file="src/pymortests/vectorarray.py" line="409" name="test_axpy_one_x[compatible_vector_array_pair8-&lt;lambda&gt;5]" time="0.09679245948791504"></testcase><testcase classname="src.pymortests.vectorarray" file="src/pymortests/vectorarray.py" line="409" name="test_axpy_one_x[compatible_vector_array_pair8-&lt;lambda&gt;6]" time="0.03642535209655762"></testcase><testcase classname="src.pymortests.vectorarray" file="src/pymortests/vectorarray.py" line="409" name="test_axpy_one_x[compatible_vector_array_pair8-&lt;lambda&gt;7]" time="0.11299848556518555"></testcase><testcase classname="src.pymortests.vectorarray" file="src/pymortests/vectorarray.py" line="409" name="test_axpy_one_x[compatible_vector_array_pair8-&lt;lambda&gt;8]" time="0.26617884635925293"></testcase><testcase classname="src.pymortests.vectorarray" file="src/pymortests/vectorarray.py" line="409" name="test_axpy_one_x[compatible_vector_array_pair8-&lt;lambda&gt;9]" time="0.5320699214935303"></testcase><testcase classname="src.pymortests.vectorarray" file="src/pymortests/vectorarray.py" line="409" name="test_axpy_one_x[compatible_vector_array_pair8-&lt;lambda&gt;10]" time="1.4778356552124023"></testcase><testcase classname="src.pymortests.vectorarray" file="src/pymortests/vectorarray.py" line="409" name="test_axpy_one_x[compatible_vector_array_pair8-&lt;lambda&gt;11]" time="0.1142878532409668"></testcase><testcase classname="src.pymortests.vectorarray" file="src/pymortests/vectorarray.py" line="409" name="test_axpy_one_x[compatible_vector_array_pair8-&lt;lambda&gt;12]" time="0.0937354564666748"></testcase><testcase classname="src.pymortests.vectorarray" file="src/pymortests/vectorarray.py" line="409" name="test_axpy_one_x[compatible_vector_array_pair8-&lt;lambda&gt;13]" time="0.276106595993042"></testcase><testcase classname="src.pymortests.vectorarray" file="src/pymortests/vectorarray.py" line="409" name="test_axpy_one_x[compatible_vector_array_pair8-&lt;lambda&gt;14]" time="0.15332865715026855"></testcase><testcase classname="src.pymortests.vectorarray" file="src/pymortests/vectorarray.py" line="409" name="test_axpy_one_x[compatible_vector_array_pair8-&lt;lambda&gt;15]" time="0.2773318290710449"></testcase><testcase classname="src.pymortests.vectorarray" file="src/pymortests/vectorarray.py" line="409" name="test_axpy_one_x[compatible_vector_array_pair8-&lt;lambda&gt;16]" time="0.3089914321899414"></testcase><testcase classname="src.pymortests.vectorarray" file="src/pymortests/vectorarray.py" line="409" name="test_axpy_one_x[compatible_vector_array_pair8-&lt;lambda&gt;17]" time="0.3383336067199707"></testcase><testcase classname="src.pymortests.vectorarray" file="src/pymortests/vectorarray.py" line="409" name="test_axpy_one_x[compatible_vector_array_pair8-&lt;lambda&gt;18]" time="0.13910722732543945"></testcase><testcase classname="src.pymortests.vectorarray" file="src/pymortests/vectorarray.py" line="409" name="test_axpy_one_x[compatible_vector_array_pair8-&lt;lambda&gt;19]" time="0.28607845306396484"></testcase><testcase classname="src.pymortests.vectorarray" file="src/pymortests/vectorarray.py" line="409" name="test_axpy_one_x[compatible_vector_array_pair8-&lt;lambda&gt;20]" time="1.029505968093872"></testcase><testcase classname="src.pymortests.vectorarray" file="src/pymortests/vectorarray.py" line="409" name="test_axpy_one_x[compatible_vector_array_pair8-&lt;lambda&gt;21]" time="0.982022762298584"></testcase><testcase classname="src.pymortests.vectorarray" file="src/pymortests/vectorarray.py" line="409" name="test_axpy_one_x[compatible_vector_array_pair8-&lt;lambda&gt;22]" time="2.7606282234191895"></testcase><testcase classname="src.pymortests.vectorarray" file="src/pymortests/vectorarray.py" line="409" name="test_axpy_one_x[compatible_vector_array_pair8-&lt;lambda&gt;23]" time="0.25713157653808594"></testcase><testcase classname="src.pymortests.vectorarray" file="src/pymortests/vectorarray.py" line="409" name="test_axpy_one_x[compatible_vector_array_pair8-&lt;lambda&gt;24]" time="0.04345965385437012"></testcase><testcase classname="src.pymortests.vectorarray" file="src/pymortests/vectorarray.py" line="409" name="test_axpy_one_x[compatible_vector_array_pair8-&lt;lambda&gt;25]" time="0.38468289375305176"></testcase><testcase classname="src.pymortests.vectorarray" file="src/pymortests/vectorarray.py" line="409" name="test_axpy_one_x[compatible_vector_array_pair8-&lt;lambda&gt;26]" time="6.186397314071655"></testcase><testcase classname="src.pymortests.vectorarray" file="src/pymortests/vectorarray.py" line="409" name="test_axpy_one_x[compatible_vector_array_pair8-&lt;lambda&gt;27]" time="10.878329515457153"></testcase><testcase classname="src.pymortests.vectorarray" file="src/pymortests/vectorarray.py" line="409" name="test_axpy_one_x[compatible_vector_array_pair8-&lt;lambda&gt;28]" time="39.99085259437561"><system-err>no more timer available, reusing last one
</system-err></testcase><testcase classname="src.pymortests.vectorarray" file="src/pymortests/vectorarray.py" line="409" name="test_axpy_one_x[compatible_vector_array_pair8-&lt;lambda&gt;29]" time="0.9867751598358154"></testcase><testcase classname="src.pymortests.vectorarray" file="src/pymortests/vectorarray.py" line="457" name="test_axpy_self[0-&lt;lambda&gt;0]" time="0.017380237579345703"></testcase><testcase classname="src.pymortests.vectorarray" file="src/pymortests/vectorarray.py" line="457" name="test_axpy_self[0-&lt;lambda&gt;1]" time="0.01819133758544922"></testcase><testcase classname="src.pymortests.vectorarray" file="src/pymortests/vectorarray.py" line="457" name="test_axpy_self[0-&lt;lambda&gt;2]" time="0.035520076751708984"></testcase><testcase classname="src.pymortests.vectorarray" file="src/pymortests/vectorarray.py" line="457" name="test_axpy_self[0-&lt;lambda&gt;3]" time="0.03864169120788574"></testcase><testcase classname="src.pymortests.vectorarray" file="src/pymortests/vectorarray.py" line="457" name="test_axpy_self[0-&lt;lambda&gt;4]" time="0.03843522071838379"></testcase><testcase classname="src.pymortests.vectorarray" file="src/pymortests/vectorarray.py" line="457" name="test_axpy_self[0-&lt;lambda&gt;5]" time="0.014291763305664062"></testcase><testcase classname="src.pymortests.vectorarray" file="src/pymortests/vectorarray.py" line="457" name="test_axpy_self[0-&lt;lambda&gt;6]" time="0.014331817626953125"></testcase><testcase classname="src.pymortests.vectorarray" file="src/pymortests/vectorarray.py" line="457" name="test_axpy_self[0-&lt;lambda&gt;7]" time="0.03680777549743652"></testcase><testcase classname="src.pymortests.vectorarray" file="src/pymortests/vectorarray.py" line="457" name="test_axpy_self[0-&lt;lambda&gt;8]" time="0.21441268920898438"></testcase><testcase classname="src.pymortests.vectorarray" file="src/pymortests/vectorarray.py" line="457" name="test_axpy_self[0-&lt;lambda&gt;9]" time="0.4166080951690674"></testcase><testcase classname="src.pymortests.vectorarray" file="src/pymortests/vectorarray.py" line="457" name="test_axpy_self[0-&lt;lambda&gt;10]" time="0.03398418426513672"></testcase><testcase classname="src.pymortests.vectorarray" file="src/pymortests/vectorarray.py" line="457" name="test_axpy_self[0-&lt;lambda&gt;11]" time="0.06498503684997559"></testcase><testcase classname="src.pymortests.vectorarray" file="src/pymortests/vectorarray.py" line="457" name="test_axpy_self[0-&lt;lambda&gt;12]" time="0.06741476058959961"></testcase><testcase classname="src.pymortests.vectorarray" file="src/pymortests/vectorarray.py" line="457" name="test_axpy_self[0-&lt;lambda&gt;13]" time="0.05619168281555176"></testcase><testcase classname="src.pymortests.vectorarray" file="src/pymortests/vectorarray.py" line="457" name="test_axpy_self[0-&lt;lambda&gt;14]" time="0.07704758644104004"></testcase><testcase classname="src.pymortests.vectorarray" file="src/pymortests/vectorarray.py" line="457" name="test_axpy_self[0-&lt;lambda&gt;15]" time="0.10783624649047852"></testcase><testcase classname="src.pymortests.vectorarray" file="src/pymortests/vectorarray.py" line="457" name="test_axpy_self[0-&lt;lambda&gt;16]" time="0.11702442169189453"></testcase><testcase classname="src.pymortests.vectorarray" file="src/pymortests/vectorarray.py" line="457" name="test_axpy_self[0-&lt;lambda&gt;17]" time="0.05276131629943848"></testcase><testcase classname="src.pymortests.vectorarray" file="src/pymortests/vectorarray.py" line="457" name="test_axpy_self[0-&lt;lambda&gt;18]" time="0.05236673355102539"></testcase><testcase classname="src.pymortests.vectorarray" file="src/pymortests/vectorarray.py" line="457" name="test_axpy_self[0-&lt;lambda&gt;19]" time="0.14934206008911133"></testcase><testcase classname="src.pymortests.vectorarray" file="src/pymortests/vectorarray.py" line="457" name="test_axpy_self[0-&lt;lambda&gt;20]" time="0.4176008701324463"></testcase><testcase classname="src.pymortests.vectorarray" file="src/pymortests/vectorarray.py" line="457" name="test_axpy_self[0-&lt;lambda&gt;21]" time="0.9250607490539551"></testcase><testcase classname="src.pymortests.vectorarray" file="src/pymortests/vectorarray.py" line="457" name="test_axpy_self[0-&lt;lambda&gt;22]" time="0.01729559898376465"></testcase><testcase classname="src.pymortests.vectorarray" file="src/pymortests/vectorarray.py" line="457" name="test_axpy_self[0-&lt;lambda&gt;23]" time="0.01741647720336914"></testcase><testcase classname="src.pymortests.vectorarray" file="src/pymortests/vectorarray.py" line="457" name="test_axpy_self[0-&lt;lambda&gt;24]" time="0.18019843101501465"></testcase><testcase classname="src.pymortests.vectorarray" file="src/pymortests/vectorarray.py" line="457" name="test_axpy_self[0-&lt;lambda&gt;25]" time="4.7574851512908936"></testcase><testcase classname="src.pymortests.vectorarray" file="src/pymortests/vectorarray.py" line="457" name="test_axpy_self[0-&lt;lambda&gt;26]" time="11.0567045211792"></testcase><testcase classname="src.pymortests.vectorarray" file="src/pymortests/vectorarray.py" line="457" name="test_axpy_self[1-&lt;lambda&gt;0]" time="0.01987433433532715"></testcase><testcase classname="src.pymortests.vectorarray" file="src/pymortests/vectorarray.py" line="457" name="test_axpy_self[1-&lt;lambda&gt;1]" time="0.020043373107910156"></testcase><testcase classname="src.pymortests.vectorarray" file="src/pymortests/vectorarray.py" line="457" name="test_axpy_self[1-&lt;lambda&gt;2]" time="0.03861594200134277"></testcase><testcase classname="src.pymortests.vectorarray" file="src/pymortests/vectorarray.py" line="457" name="test_axpy_self[1-&lt;lambda&gt;3]" time="0.04082822799682617"></testcase><testcase classname="src.pymortests.vectorarray" file="src/pymortests/vectorarray.py" line="457" name="test_axpy_self[1-&lt;lambda&gt;4]" time="0.04056382179260254"></testcase><testcase classname="src.pymortests.vectorarray" file="src/pymortests/vectorarray.py" line="457" name="test_axpy_self[1-&lt;lambda&gt;5]" time="0.015963077545166016"></testcase><testcase classname="src.pymortests.vectorarray" file="src/pymortests/vectorarray.py" line="457" name="test_axpy_self[1-&lt;lambda&gt;6]" time="0.015987157821655273"></testcase><testcase classname="src.pymortests.vectorarray" file="src/pymortests/vectorarray.py" line="457" name="test_axpy_self[1-&lt;lambda&gt;7]" time="0.03766441345214844"></testcase><testcase classname="src.pymortests.vectorarray" file="src/pymortests/vectorarray.py" line="457" name="test_axpy_self[1-&lt;lambda&gt;8]" time="0.2171773910522461"></testcase><testcase classname="src.pymortests.vectorarray" file="src/pymortests/vectorarray.py" line="457" name="test_axpy_self[1-&lt;lambda&gt;9]" time="0.4317662715911865"></testcase><testcase classname="src.pymortests.vectorarray" file="src/pymortests/vectorarray.py" line="457" name="test_axpy_self[1-&lt;lambda&gt;10]" time="0.033977508544921875"></testcase><testcase classname="src.pymortests.vectorarray" file="src/pymortests/vectorarray.py" line="457" name="test_axpy_self[1-&lt;lambda&gt;11]" time="0.06805586814880371"></testcase><testcase classname="src.pymortests.vectorarray" file="src/pymortests/vectorarray.py" line="457" name="test_axpy_self[1-&lt;lambda&gt;12]" time="0.06970763206481934"></testcase><testcase classname="src.pymortests.vectorarray" file="src/pymortests/vectorarray.py" line="457" name="test_axpy_self[1-&lt;lambda&gt;13]" time="0.05754971504211426"></testcase><testcase classname="src.pymortests.vectorarray" file="src/pymortests/vectorarray.py" line="457" name="test_axpy_self[1-&lt;lambda&gt;14]" time="0.0747537612915039"></testcase><testcase classname="src.pymortests.vectorarray" file="src/pymortests/vectorarray.py" line="457" name="test_axpy_self[1-&lt;lambda&gt;15]" time="0.10888981819152832"></testcase><testcase classname="src.pymortests.vectorarray" file="src/pymortests/vectorarray.py" line="457" name="test_axpy_self[1-&lt;lambda&gt;16]" time="0.11767435073852539"></testcase><testcase classname="src.pymortests.vectorarray" file="src/pymortests/vectorarray.py" line="457" name="test_axpy_self[1-&lt;lambda&gt;17]" time="0.05204916000366211"></testcase><testcase classname="src.pymortests.vectorarray" file="src/pymortests/vectorarray.py" line="457" name="test_axpy_self[1-&lt;lambda&gt;18]" time="0.0515141487121582"></testcase><testcase classname="src.pymortests.vectorarray" file="src/pymortests/vectorarray.py" line="457" name="test_axpy_self[1-&lt;lambda&gt;19]" time="0.15192890167236328"></testcase><testcase classname="src.pymortests.vectorarray" file="src/pymortests/vectorarray.py" line="457" name="test_axpy_self[1-&lt;lambda&gt;20]" time="0.41767144203186035"></testcase><testcase classname="src.pymortests.vectorarray" file="src/pymortests/vectorarray.py" line="457" name="test_axpy_self[1-&lt;lambda&gt;21]" time="0.933774471282959"></testcase><testcase classname="src.pymortests.vectorarray" file="src/pymortests/vectorarray.py" line="457" name="test_axpy_self[1-&lt;lambda&gt;22]" time="0.017541885375976562"></testcase><testcase classname="src.pymortests.vectorarray" file="src/pymortests/vectorarray.py" line="457" name="test_axpy_self[1-&lt;lambda&gt;23]" time="0.0177459716796875"></testcase><testcase classname="src.pymortests.vectorarray" file="src/pymortests/vectorarray.py" line="457" name="test_axpy_self[1-&lt;lambda&gt;24]" time="0.1842021942138672"></testcase><testcase classname="src.pymortests.vectorarray" file="src/pymortests/vectorarray.py" line="457" name="test_axpy_self[1-&lt;lambda&gt;25]" time="4.772115707397461"></testcase><testcase classname="src.pymortests.vectorarray" file="src/pymortests/vectorarray.py" line="457" name="test_axpy_self[1-&lt;lambda&gt;26]" time="11.46857500076294"></testcase><testcase classname="src.pymortests.vectorarray" file="src/pymortests/vectorarray.py" line="457" name="test_axpy_self[2-&lt;lambda&gt;0]" time="0.019873857498168945"></testcase><testcase classname="src.pymortests.vectorarray" file="src/pymortests/vectorarray.py" line="457" name="test_axpy_self[2-&lt;lambda&gt;1]" time="0.018662452697753906"></testcase><testcase classname="src.pymortests.vectorarray" file="src/pymortests/vectorarray.py" line="457" name="test_axpy_self[2-&lt;lambda&gt;2]" time="0.03746438026428223"></testcase><testcase classname="src.pymortests.vectorarray" file="src/pymortests/vectorarray.py" line="457" name="test_axpy_self[2-&lt;lambda&gt;3]" time="0.04282426834106445"></testcase><testcase classname="src.pymortests.vectorarray" file="src/pymortests/vectorarray.py" line="457" name="test_axpy_self[2-&lt;lambda&gt;4]" time="0.039060115814208984"></testcase><testcase classname="src.pymortests.vectorarray" file="src/pymortests/vectorarray.py" line="457" name="test_axpy_self[2-&lt;lambda&gt;5]" time="0.01508951187133789"></testcase><testcase classname="src.pymortests.vectorarray" file="src/pymortests/vectorarray.py" line="457" name="test_axpy_self[2-&lt;lambda&gt;6]" time="0.014385223388671875"></testcase><testcase classname="src.pymortests.vectorarray" file="src/pymortests/vectorarray.py" line="457" name="test_axpy_self[2-&lt;lambda&gt;7]" time="0.04134249687194824"></testcase><testcase classname="src.pymortests.vectorarray" file="src/pymortests/vectorarray.py" line="457" name="test_axpy_self[2-&lt;lambda&gt;8]" time="0.21769237518310547"></testcase><testcase classname="src.pymortests.vectorarray" file="src/pymortests/vectorarray.py" line="457" name="test_axpy_self[2-&lt;lambda&gt;9]" time="0.4213261604309082"></testcase><testcase classname="src.pymortests.vectorarray" file="src/pymortests/vectorarray.py" line="457" name="test_axpy_self[2-&lt;lambda&gt;10]" time="0.03342747688293457"></testcase><testcase classname="src.pymortests.vectorarray" file="src/pymortests/vectorarray.py" line="457" name="test_axpy_self[2-&lt;lambda&gt;11]" time="0.06957554817199707"></testcase><testcase classname="src.pymortests.vectorarray" file="src/pymortests/vectorarray.py" line="457" name="test_axpy_self[2-&lt;lambda&gt;12]" time="0.07353806495666504"></testcase><testcase classname="src.pymortests.vectorarray" file="src/pymortests/vectorarray.py" line="457" name="test_axpy_self[2-&lt;lambda&gt;13]" time="0.053038597106933594"></testcase><testcase classname="src.pymortests.vectorarray" file="src/pymortests/vectorarray.py" line="457" name="test_axpy_self[2-&lt;lambda&gt;14]" time="0.07059264183044434"></testcase><testcase classname="src.pymortests.vectorarray" file="src/pymortests/vectorarray.py" line="457" name="test_axpy_self[2-&lt;lambda&gt;15]" time="0.10173606872558594"></testcase><testcase classname="src.pymortests.vectorarray" file="src/pymortests/vectorarray.py" line="457" name="test_axpy_self[2-&lt;lambda&gt;16]" time="0.11091804504394531"></testcase><testcase classname="src.pymortests.vectorarray" file="src/pymortests/vectorarray.py" line="457" name="test_axpy_self[2-&lt;lambda&gt;17]" time="0.04943394660949707"></testcase><testcase classname="src.pymortests.vectorarray" file="src/pymortests/vectorarray.py" line="457" name="test_axpy_self[2-&lt;lambda&gt;18]" time="0.049028635025024414"></testcase><testcase classname="src.pymortests.vectorarray" file="src/pymortests/vectorarray.py" line="457" name="test_axpy_self[2-&lt;lambda&gt;19]" time="0.143263578414917"></testcase><testcase classname="src.pymortests.vectorarray" file="src/pymortests/vectorarray.py" line="457" name="test_axpy_self[2-&lt;lambda&gt;20]" time="0.4311330318450928"></testcase><testcase classname="src.pymortests.vectorarray" file="src/pymortests/vectorarray.py" line="457" name="test_axpy_self[2-&lt;lambda&gt;21]" time="0.9402692317962646"></testcase><testcase classname="src.pymortests.vectorarray" file="src/pymortests/vectorarray.py" line="457" name="test_axpy_self[2-&lt;lambda&gt;22]" time="0.01750802993774414"></testcase><testcase classname="src.pymortests.vectorarray" file="src/pymortests/vectorarray.py" line="457" name="test_axpy_self[2-&lt;lambda&gt;23]" time="0.01771831512451172"></testcase><testcase classname="src.pymortests.vectorarray" file="src/pymortests/vectorarray.py" line="457" name="test_axpy_self[2-&lt;lambda&gt;24]" time="0.18772268295288086"></testcase><testcase classname="src.pymortests.vectorarray" file="src/pymortests/vectorarray.py" line="457" name="test_axpy_self[2-&lt;lambda&gt;25]" time="4.890588760375977"></testcase><testcase classname="src.pymortests.vectorarray" file="src/pymortests/vectorarray.py" line="457" name="test_axpy_self[2-&lt;lambda&gt;26]" time="11.35762357711792"></testcase><testcase classname="src.pymortests.vectorarray" file="src/pymortests/vectorarray.py" line="513" name="test_pairwise_dot[compatible_vector_array_pair0-&lt;lambda&gt;0]" time="0.003881216049194336"></testcase><testcase classname="src.pymortests.vectorarray" file="src/pymortests/vectorarray.py" line="513" name="test_pairwise_dot[compatible_vector_array_pair0-&lt;lambda&gt;1]" time="0.0016255378723144531"></testcase><testcase classname="src.pymortests.vectorarray" file="src/pymortests/vectorarray.py" line="513" name="test_pairwise_dot[compatible_vector_array_pair0-&lt;lambda&gt;2]" time="0.0041391849517822266"></testcase><testcase classname="src.pymortests.vectorarray" file="src/pymortests/vectorarray.py" line="513" name="test_pairwise_dot[compatible_vector_array_pair0-&lt;lambda&gt;3]" time="0.00422978401184082"></testcase><testcase classname="src.pymortests.vectorarray" file="src/pymortests/vectorarray.py" line="513" name="test_pairwise_dot[compatible_vector_array_pair0-&lt;lambda&gt;4]" time="0.006453514099121094"></testcase><testcase classname="src.pymortests.vectorarray" file="src/pymortests/vectorarray.py" line="513" name="test_pairwise_dot[compatible_vector_array_pair0-&lt;lambda&gt;5]" time="0.005234241485595703"></testcase><testcase classname="src.pymortests.vectorarray" file="src/pymortests/vectorarray.py" line="513" name="test_pairwise_dot[compatible_vector_array_pair0-&lt;lambda&gt;6]" time="0.0025293827056884766"></testcase><testcase classname="src.pymortests.vectorarray" file="src/pymortests/vectorarray.py" line="513" name="test_pairwise_dot[compatible_vector_array_pair0-&lt;lambda&gt;7]" time="0.001589059829711914"></testcase><testcase classname="src.pymortests.vectorarray" file="src/pymortests/vectorarray.py" line="513" name="test_pairwise_dot[compatible_vector_array_pair0-&lt;lambda&gt;8]" time="0.00566411018371582"></testcase><testcase classname="src.pymortests.vectorarray" file="src/pymortests/vectorarray.py" line="513" name="test_pairwise_dot[compatible_vector_array_pair0-&lt;lambda&gt;9]" time="0.007231950759887695"></testcase><testcase classname="src.pymortests.vectorarray" file="src/pymortests/vectorarray.py" line="513" name="test_pairwise_dot[compatible_vector_array_pair0-&lt;lambda&gt;10]" time="0.022007226943969727"></testcase><testcase classname="src.pymortests.vectorarray" file="src/pymortests/vectorarray.py" line="513" name="test_pairwise_dot[compatible_vector_array_pair0-&lt;lambda&gt;11]" time="0.0066220760345458984"></testcase><testcase classname="src.pymortests.vectorarray" file="src/pymortests/vectorarray.py" line="513" name="test_pairwise_dot[compatible_vector_array_pair0-&lt;lambda&gt;12]" time="0.0047075748443603516"></testcase><testcase classname="src.pymortests.vectorarray" file="src/pymortests/vectorarray.py" line="513" name="test_pairwise_dot[compatible_vector_array_pair0-&lt;lambda&gt;13]" time="0.002407073974609375"></testcase><testcase classname="src.pymortests.vectorarray" file="src/pymortests/vectorarray.py" line="513" name="test_pairwise_dot[compatible_vector_array_pair0-&lt;lambda&gt;14]" time="0.00547480583190918"></testcase><testcase classname="src.pymortests.vectorarray" file="src/pymortests/vectorarray.py" line="513" name="test_pairwise_dot[compatible_vector_array_pair0-&lt;lambda&gt;15]" time="0.008532524108886719"></testcase><testcase classname="src.pymortests.vectorarray" file="src/pymortests/vectorarray.py" line="513" name="test_pairwise_dot[compatible_vector_array_pair0-&lt;lambda&gt;16]" time="0.009000301361083984"></testcase><testcase classname="src.pymortests.vectorarray" file="src/pymortests/vectorarray.py" line="513" name="test_pairwise_dot[compatible_vector_array_pair0-&lt;lambda&gt;17]" time="0.014922857284545898"></testcase><testcase classname="src.pymortests.vectorarray" file="src/pymortests/vectorarray.py" line="513" name="test_pairwise_dot[compatible_vector_array_pair0-&lt;lambda&gt;18]" time="0.008416175842285156"></testcase><testcase classname="src.pymortests.vectorarray" file="src/pymortests/vectorarray.py" line="513" name="test_pairwise_dot[compatible_vector_array_pair0-&lt;lambda&gt;19]" time="0.002504110336303711"></testcase><testcase classname="src.pymortests.vectorarray" file="src/pymortests/vectorarray.py" line="513" name="test_pairwise_dot[compatible_vector_array_pair0-&lt;lambda&gt;20]" time="0.05087757110595703"></testcase><testcase classname="src.pymortests.vectorarray" file="src/pymortests/vectorarray.py" line="513" name="test_pairwise_dot[compatible_vector_array_pair0-&lt;lambda&gt;21]" time="0.024195194244384766"></testcase><testcase classname="src.pymortests.vectorarray" file="src/pymortests/vectorarray.py" line="513" name="test_pairwise_dot[compatible_vector_array_pair0-&lt;lambda&gt;22]" time="0.08524227142333984"></testcase><testcase classname="src.pymortests.vectorarray" file="src/pymortests/vectorarray.py" line="513" name="test_pairwise_dot[compatible_vector_array_pair0-&lt;lambda&gt;23]" time="0.009161233901977539"></testcase><testcase classname="src.pymortests.vectorarray" file="src/pymortests/vectorarray.py" line="513" name="test_pairwise_dot[compatible_vector_array_pair0-&lt;lambda&gt;24]" time="0.002812623977661133"></testcase><testcase classname="src.pymortests.vectorarray" file="src/pymortests/vectorarray.py" line="513" name="test_pairwise_dot[compatible_vector_array_pair0-&lt;lambda&gt;25]" time="0.0031044483184814453"></testcase><testcase classname="src.pymortests.vectorarray" file="src/pymortests/vectorarray.py" line="513" name="test_pairwise_dot[compatible_vector_array_pair0-&lt;lambda&gt;26]" time="0.03134965896606445"></testcase><testcase classname="src.pymortests.vectorarray" file="src/pymortests/vectorarray.py" line="513" name="test_pairwise_dot[compatible_vector_array_pair0-&lt;lambda&gt;27]" time="0.03840517997741699"></testcase><testcase classname="src.pymortests.vectorarray" file="src/pymortests/vectorarray.py" line="513" name="test_pairwise_dot[compatible_vector_array_pair0-&lt;lambda&gt;28]" time="0.1357557773590088"></testcase><testcase classname="src.pymortests.vectorarray" file="src/pymortests/vectorarray.py" line="513" name="test_pairwise_dot[compatible_vector_array_pair0-&lt;lambda&gt;29]" time="0.01036381721496582"></testcase><testcase classname="src.pymortests.vectorarray" file="src/pymortests/vectorarray.py" line="513" name="test_pairwise_dot[compatible_vector_array_pair1-&lt;lambda&gt;0]" time="0.003361940383911133"></testcase><testcase classname="src.pymortests.vectorarray" file="src/pymortests/vectorarray.py" line="513" name="test_pairwise_dot[compatible_vector_array_pair1-&lt;lambda&gt;1]" time="0.0018069744110107422"></testcase><testcase classname="src.pymortests.vectorarray" file="src/pymortests/vectorarray.py" line="513" name="test_pairwise_dot[compatible_vector_array_pair1-&lt;lambda&gt;2]" time="0.00439453125"></testcase><testcase classname="src.pymortests.vectorarray" file="src/pymortests/vectorarray.py" line="513" name="test_pairwise_dot[compatible_vector_array_pair1-&lt;lambda&gt;3]" time="0.004595041275024414"></testcase><testcase classname="src.pymortests.vectorarray" file="src/pymortests/vectorarray.py" line="513" name="test_pairwise_dot[compatible_vector_array_pair1-&lt;lambda&gt;4]" time="0.006604194641113281"></testcase><testcase classname="src.pymortests.vectorarray" file="src/pymortests/vectorarray.py" line="513" name="test_pairwise_dot[compatible_vector_array_pair1-&lt;lambda&gt;5]" time="0.005716562271118164"></testcase><testcase classname="src.pymortests.vectorarray" file="src/pymortests/vectorarray.py" line="513" name="test_pairwise_dot[compatible_vector_array_pair1-&lt;lambda&gt;6]" time="0.002773761749267578"></testcase><testcase classname="src.pymortests.vectorarray" file="src/pymortests/vectorarray.py" line="513" name="test_pairwise_dot[compatible_vector_array_pair1-&lt;lambda&gt;7]" time="0.0017809867858886719"></testcase><testcase classname="src.pymortests.vectorarray" file="src/pymortests/vectorarray.py" line="513" name="test_pairwise_dot[compatible_vector_array_pair1-&lt;lambda&gt;8]" time="0.006284475326538086"></testcase><testcase classname="src.pymortests.vectorarray" file="src/pymortests/vectorarray.py" line="513" name="test_pairwise_dot[compatible_vector_array_pair1-&lt;lambda&gt;9]" time="0.007622957229614258"></testcase><testcase classname="src.pymortests.vectorarray" file="src/pymortests/vectorarray.py" line="513" name="test_pairwise_dot[compatible_vector_array_pair1-&lt;lambda&gt;10]" time="0.022979021072387695"></testcase><testcase classname="src.pymortests.vectorarray" file="src/pymortests/vectorarray.py" line="513" name="test_pairwise_dot[compatible_vector_array_pair1-&lt;lambda&gt;11]" time="0.006107330322265625"></testcase><testcase classname="src.pymortests.vectorarray" file="src/pymortests/vectorarray.py" line="513" name="test_pairwise_dot[compatible_vector_array_pair1-&lt;lambda&gt;12]" time="0.005087137222290039"></testcase><testcase classname="src.pymortests.vectorarray" file="src/pymortests/vectorarray.py" line="513" name="test_pairwise_dot[compatible_vector_array_pair1-&lt;lambda&gt;13]" time="0.0024399757385253906"></testcase><testcase classname="src.pymortests.vectorarray" file="src/pymortests/vectorarray.py" line="513" name="test_pairwise_dot[compatible_vector_array_pair1-&lt;lambda&gt;14]" time="0.005649566650390625"></testcase><testcase classname="src.pymortests.vectorarray" file="src/pymortests/vectorarray.py" line="513" name="test_pairwise_dot[compatible_vector_array_pair1-&lt;lambda&gt;15]" time="0.00933384895324707"></testcase><testcase classname="src.pymortests.vectorarray" file="src/pymortests/vectorarray.py" line="513" name="test_pairwise_dot[compatible_vector_array_pair1-&lt;lambda&gt;16]" time="0.009888172149658203"></testcase><testcase classname="src.pymortests.vectorarray" file="src/pymortests/vectorarray.py" line="513" name="test_pairwise_dot[compatible_vector_array_pair1-&lt;lambda&gt;17]" time="0.014713764190673828"></testcase><testcase classname="src.pymortests.vectorarray" file="src/pymortests/vectorarray.py" line="513" name="test_pairwise_dot[compatible_vector_array_pair1-&lt;lambda&gt;18]" time="0.008168935775756836"></testcase><testcase classname="src.pymortests.vectorarray" file="src/pymortests/vectorarray.py" line="513" name="test_pairwise_dot[compatible_vector_array_pair1-&lt;lambda&gt;19]" time="0.0029611587524414062"></testcase><testcase classname="src.pymortests.vectorarray" file="src/pymortests/vectorarray.py" line="513" name="test_pairwise_dot[compatible_vector_array_pair1-&lt;lambda&gt;20]" time="0.05528831481933594"></testcase><testcase classname="src.pymortests.vectorarray" file="src/pymortests/vectorarray.py" line="513" name="test_pairwise_dot[compatible_vector_array_pair1-&lt;lambda&gt;21]" time="0.02329087257385254"></testcase><testcase classname="src.pymortests.vectorarray" file="src/pymortests/vectorarray.py" line="513" name="test_pairwise_dot[compatible_vector_array_pair1-&lt;lambda&gt;22]" time="0.08649659156799316"></testcase><testcase classname="src.pymortests.vectorarray" file="src/pymortests/vectorarray.py" line="513" name="test_pairwise_dot[compatible_vector_array_pair1-&lt;lambda&gt;23]" time="0.01027059555053711"></testcase><testcase classname="src.pymortests.vectorarray" file="src/pymortests/vectorarray.py" line="513" name="test_pairwise_dot[compatible_vector_array_pair1-&lt;lambda&gt;24]" time="0.002856731414794922"></testcase><testcase classname="src.pymortests.vectorarray" file="src/pymortests/vectorarray.py" line="513" name="test_pairwise_dot[compatible_vector_array_pair1-&lt;lambda&gt;25]" time="0.0042572021484375"></testcase><testcase classname="src.pymortests.vectorarray" file="src/pymortests/vectorarray.py" line="513" name="test_pairwise_dot[compatible_vector_array_pair1-&lt;lambda&gt;26]" time="0.05369281768798828"></testcase><testcase classname="src.pymortests.vectorarray" file="src/pymortests/vectorarray.py" line="513" name="test_pairwise_dot[compatible_vector_array_pair1-&lt;lambda&gt;27]" time="0.04445242881774902"></testcase><testcase classname="src.pymortests.vectorarray" file="src/pymortests/vectorarray.py" line="513" name="test_pairwise_dot[compatible_vector_array_pair1-&lt;lambda&gt;28]" time="0.1946568489074707"></testcase><testcase classname="src.pymortests.vectorarray" file="src/pymortests/vectorarray.py" line="513" name="test_pairwise_dot[compatible_vector_array_pair1-&lt;lambda&gt;29]" time="0.011555910110473633"></testcase><testcase classname="src.pymortests.vectorarray" file="src/pymortests/vectorarray.py" line="513" name="test_pairwise_dot[compatible_vector_array_pair2-&lt;lambda&gt;0]" time="0.002951383590698242"></testcase><testcase classname="src.pymortests.vectorarray" file="src/pymortests/vectorarray.py" line="513" name="test_pairwise_dot[compatible_vector_array_pair2-&lt;lambda&gt;1]" time="0.001650094985961914"></testcase><testcase classname="src.pymortests.vectorarray" file="src/pymortests/vectorarray.py" line="513" name="test_pairwise_dot[compatible_vector_array_pair2-&lt;lambda&gt;2]" time="0.004210948944091797"></testcase><testcase classname="src.pymortests.vectorarray" file="src/pymortests/vectorarray.py" line="513" name="test_pairwise_dot[compatible_vector_array_pair2-&lt;lambda&gt;3]" time="0.004528045654296875"></testcase><testcase classname="src.pymortests.vectorarray" file="src/pymortests/vectorarray.py" line="513" name="test_pairwise_dot[compatible_vector_array_pair2-&lt;lambda&gt;4]" time="0.006478309631347656"></testcase><testcase classname="src.pymortests.vectorarray" file="src/pymortests/vectorarray.py" line="513" name="test_pairwise_dot[compatible_vector_array_pair2-&lt;lambda&gt;5]" time="0.0058591365814208984"></testcase><testcase classname="src.pymortests.vectorarray" file="src/pymortests/vectorarray.py" line="513" name="test_pairwise_dot[compatible_vector_array_pair2-&lt;lambda&gt;6]" time="0.0026874542236328125"></testcase><testcase classname="src.pymortests.vectorarray" file="src/pymortests/vectorarray.py" line="513" name="test_pairwise_dot[compatible_vector_array_pair2-&lt;lambda&gt;7]" time="0.0017006397247314453"></testcase><testcase classname="src.pymortests.vectorarray" file="src/pymortests/vectorarray.py" line="513" name="test_pairwise_dot[compatible_vector_array_pair2-&lt;lambda&gt;8]" time="0.0062503814697265625"></testcase><testcase classname="src.pymortests.vectorarray" file="src/pymortests/vectorarray.py" line="513" name="test_pairwise_dot[compatible_vector_array_pair2-&lt;lambda&gt;9]" time="0.008345365524291992"></testcase><testcase classname="src.pymortests.vectorarray" file="src/pymortests/vectorarray.py" line="513" name="test_pairwise_dot[compatible_vector_array_pair2-&lt;lambda&gt;10]" time="0.023004531860351562"></testcase><testcase classname="src.pymortests.vectorarray" file="src/pymortests/vectorarray.py" line="513" name="test_pairwise_dot[compatible_vector_array_pair2-&lt;lambda&gt;11]" time="0.006632089614868164"></testcase><testcase classname="src.pymortests.vectorarray" file="src/pymortests/vectorarray.py" line="513" name="test_pairwise_dot[compatible_vector_array_pair2-&lt;lambda&gt;12]" time="0.00462651252746582"></testcase><testcase classname="src.pymortests.vectorarray" file="src/pymortests/vectorarray.py" line="513" name="test_pairwise_dot[compatible_vector_array_pair2-&lt;lambda&gt;13]" time="0.0022428035736083984"></testcase><testcase classname="src.pymortests.vectorarray" file="src/pymortests/vectorarray.py" line="513" name="test_pairwise_dot[compatible_vector_array_pair2-&lt;lambda&gt;14]" time="0.005230426788330078"></testcase><testcase classname="src.pymortests.vectorarray" file="src/pymortests/vectorarray.py" line="513" name="test_pairwise_dot[compatible_vector_array_pair2-&lt;lambda&gt;15]" time="0.008652925491333008"></testcase><testcase classname="src.pymortests.vectorarray" file="src/pymortests/vectorarray.py" line="513" name="test_pairwise_dot[compatible_vector_array_pair2-&lt;lambda&gt;16]" time="0.00955510139465332"></testcase><testcase classname="src.pymortests.vectorarray" file="src/pymortests/vectorarray.py" line="513" name="test_pairwise_dot[compatible_vector_array_pair2-&lt;lambda&gt;17]" time="0.014656305313110352"></testcase><testcase classname="src.pymortests.vectorarray" file="src/pymortests/vectorarray.py" line="513" name="test_pairwise_dot[compatible_vector_array_pair2-&lt;lambda&gt;18]" time="0.008903980255126953"></testcase><testcase classname="src.pymortests.vectorarray" file="src/pymortests/vectorarray.py" line="513" name="test_pairwise_dot[compatible_vector_array_pair2-&lt;lambda&gt;19]" time="0.003544330596923828"></testcase><testcase classname="src.pymortests.vectorarray" file="src/pymortests/vectorarray.py" line="513" name="test_pairwise_dot[compatible_vector_array_pair2-&lt;lambda&gt;20]" time="0.0631561279296875"></testcase><testcase classname="src.pymortests.vectorarray" file="src/pymortests/vectorarray.py" line="513" name="test_pairwise_dot[compatible_vector_array_pair2-&lt;lambda&gt;21]" time="0.025423526763916016"></testcase><testcase classname="src.pymortests.vectorarray" file="src/pymortests/vectorarray.py" line="513" name="test_pairwise_dot[compatible_vector_array_pair2-&lt;lambda&gt;22]" time="0.08568477630615234"></testcase><testcase classname="src.pymortests.vectorarray" file="src/pymortests/vectorarray.py" line="513" name="test_pairwise_dot[compatible_vector_array_pair2-&lt;lambda&gt;23]" time="0.00853419303894043"></testcase><testcase classname="src.pymortests.vectorarray" file="src/pymortests/vectorarray.py" line="513" name="test_pairwise_dot[compatible_vector_array_pair2-&lt;lambda&gt;24]" time="0.002687692642211914"></testcase><testcase classname="src.pymortests.vectorarray" file="src/pymortests/vectorarray.py" line="513" name="test_pairwise_dot[compatible_vector_array_pair2-&lt;lambda&gt;25]" time="0.003923654556274414"></testcase><testcase classname="src.pymortests.vectorarray" file="src/pymortests/vectorarray.py" line="513" name="test_pairwise_dot[compatible_vector_array_pair2-&lt;lambda&gt;26]" time="0.04985857009887695"></testcase><testcase classname="src.pymortests.vectorarray" file="src/pymortests/vectorarray.py" line="513" name="test_pairwise_dot[compatible_vector_array_pair2-&lt;lambda&gt;27]" time="0.044312477111816406"></testcase><testcase classname="src.pymortests.vectorarray" file="src/pymortests/vectorarray.py" line="513" name="test_pairwise_dot[compatible_vector_array_pair2-&lt;lambda&gt;28]" time="0.1956803798675537"></testcase><testcase classname="src.pymortests.vectorarray" file="src/pymortests/vectorarray.py" line="513" name="test_pairwise_dot[compatible_vector_array_pair2-&lt;lambda&gt;29]" time="0.011692285537719727"></testcase><testcase classname="src.pymortests.vectorarray" file="src/pymortests/vectorarray.py" line="513" name="test_pairwise_dot[compatible_vector_array_pair3-&lt;lambda&gt;0]" time="0.004243135452270508"></testcase><testcase classname="src.pymortests.vectorarray" file="src/pymortests/vectorarray.py" line="513" name="test_pairwise_dot[compatible_vector_array_pair3-&lt;lambda&gt;1]" time="0.0017735958099365234"></testcase><testcase classname="src.pymortests.vectorarray" file="src/pymortests/vectorarray.py" line="513" name="test_pairwise_dot[compatible_vector_array_pair3-&lt;lambda&gt;2]" time="0.0045261383056640625"></testcase><testcase classname="src.pymortests.vectorarray" file="src/pymortests/vectorarray.py" line="513" name="test_pairwise_dot[compatible_vector_array_pair3-&lt;lambda&gt;3]" time="0.004557132720947266"></testcase><testcase classname="src.pymortests.vectorarray" file="src/pymortests/vectorarray.py" line="513" name="test_pairwise_dot[compatible_vector_array_pair3-&lt;lambda&gt;4]" time="0.006768941879272461"></testcase><testcase classname="src.pymortests.vectorarray" file="src/pymortests/vectorarray.py" line="513" name="test_pairwise_dot[compatible_vector_array_pair3-&lt;lambda&gt;5]" time="0.005216360092163086"></testcase><testcase classname="src.pymortests.vectorarray" file="src/pymortests/vectorarray.py" line="513" name="test_pairwise_dot[compatible_vector_array_pair3-&lt;lambda&gt;6]" time="0.002664327621459961"></testcase><testcase classname="src.pymortests.vectorarray" file="src/pymortests/vectorarray.py" line="513" name="test_pairwise_dot[compatible_vector_array_pair3-&lt;lambda&gt;7]" time="0.0015633106231689453"></testcase><testcase classname="src.pymortests.vectorarray" file="src/pymortests/vectorarray.py" line="513" name="test_pairwise_dot[compatible_vector_array_pair3-&lt;lambda&gt;8]" time="0.00623631477355957"></testcase><testcase classname="src.pymortests.vectorarray" file="src/pymortests/vectorarray.py" line="513" name="test_pairwise_dot[compatible_vector_array_pair3-&lt;lambda&gt;9]" time="0.008135795593261719"></testcase><testcase classname="src.pymortests.vectorarray" file="src/pymortests/vectorarray.py" line="513" name="test_pairwise_dot[compatible_vector_array_pair3-&lt;lambda&gt;10]" time="0.022716999053955078"></testcase><testcase classname="src.pymortests.vectorarray" file="src/pymortests/vectorarray.py" line="513" name="test_pairwise_dot[compatible_vector_array_pair3-&lt;lambda&gt;11]" time="0.007240772247314453"></testcase><testcase classname="src.pymortests.vectorarray" file="src/pymortests/vectorarray.py" line="513" name="test_pairwise_dot[compatible_vector_array_pair3-&lt;lambda&gt;12]" time="0.005114078521728516"></testcase><testcase classname="src.pymortests.vectorarray" file="src/pymortests/vectorarray.py" line="513" name="test_pairwise_dot[compatible_vector_array_pair3-&lt;lambda&gt;13]" time="0.0024242401123046875"></testcase><testcase classname="src.pymortests.vectorarray" file="src/pymortests/vectorarray.py" line="513" name="test_pairwise_dot[compatible_vector_array_pair3-&lt;lambda&gt;14]" time="0.00575709342956543"></testcase><testcase classname="src.pymortests.vectorarray" file="src/pymortests/vectorarray.py" line="513" name="test_pairwise_dot[compatible_vector_array_pair3-&lt;lambda&gt;15]" time="0.008850812911987305"></testcase><testcase classname="src.pymortests.vectorarray" file="src/pymortests/vectorarray.py" line="513" name="test_pairwise_dot[compatible_vector_array_pair3-&lt;lambda&gt;16]" time="0.0101165771484375"></testcase><testcase classname="src.pymortests.vectorarray" file="src/pymortests/vectorarray.py" line="513" name="test_pairwise_dot[compatible_vector_array_pair3-&lt;lambda&gt;17]" time="0.014867544174194336"></testcase><testcase classname="src.pymortests.vectorarray" file="src/pymortests/vectorarray.py" line="513" name="test_pairwise_dot[compatible_vector_array_pair3-&lt;lambda&gt;18]" time="0.007849931716918945"></testcase><testcase classname="src.pymortests.vectorarray" file="src/pymortests/vectorarray.py" line="513" name="test_pairwise_dot[compatible_vector_array_pair3-&lt;lambda&gt;19]" time="0.0026764869689941406"></testcase><testcase classname="src.pymortests.vectorarray" file="src/pymortests/vectorarray.py" line="513" name="test_pairwise_dot[compatible_vector_array_pair3-&lt;lambda&gt;20]" time="0.0504612922668457"></testcase><testcase classname="src.pymortests.vectorarray" file="src/pymortests/vectorarray.py" line="513" name="test_pairwise_dot[compatible_vector_array_pair3-&lt;lambda&gt;21]" time="0.024539709091186523"></testcase><testcase classname="src.pymortests.vectorarray" file="src/pymortests/vectorarray.py" line="513" name="test_pairwise_dot[compatible_vector_array_pair3-&lt;lambda&gt;22]" time="0.07927846908569336"></testcase><testcase classname="src.pymortests.vectorarray" file="src/pymortests/vectorarray.py" line="513" name="test_pairwise_dot[compatible_vector_array_pair3-&lt;lambda&gt;23]" time="0.00930476188659668"></testcase><testcase classname="src.pymortests.vectorarray" file="src/pymortests/vectorarray.py" line="513" name="test_pairwise_dot[compatible_vector_array_pair3-&lt;lambda&gt;24]" time="0.004010200500488281"></testcase><testcase classname="src.pymortests.vectorarray" file="src/pymortests/vectorarray.py" line="513" name="test_pairwise_dot[compatible_vector_array_pair3-&lt;lambda&gt;25]" time="0.002763986587524414"></testcase><testcase classname="src.pymortests.vectorarray" file="src/pymortests/vectorarray.py" line="513" name="test_pairwise_dot[compatible_vector_array_pair3-&lt;lambda&gt;26]" time="0.029737472534179688"></testcase><testcase classname="src.pymortests.vectorarray" file="src/pymortests/vectorarray.py" line="513" name="test_pairwise_dot[compatible_vector_array_pair3-&lt;lambda&gt;27]" time="0.06943273544311523"></testcase><testcase classname="src.pymortests.vectorarray" file="src/pymortests/vectorarray.py" line="513" name="test_pairwise_dot[compatible_vector_array_pair3-&lt;lambda&gt;28]" time="0.2002718448638916"></testcase><testcase classname="src.pymortests.vectorarray" file="src/pymortests/vectorarray.py" line="513" name="test_pairwise_dot[compatible_vector_array_pair3-&lt;lambda&gt;29]" time="0.01260828971862793"></testcase><testcase classname="src.pymortests.vectorarray" file="src/pymortests/vectorarray.py" line="513" name="test_pairwise_dot[compatible_vector_array_pair4-&lt;lambda&gt;0]" time="0.004003047943115234"></testcase><testcase classname="src.pymortests.vectorarray" file="src/pymortests/vectorarray.py" line="513" name="test_pairwise_dot[compatible_vector_array_pair4-&lt;lambda&gt;1]" time="0.0016829967498779297"></testcase><testcase classname="src.pymortests.vectorarray" file="src/pymortests/vectorarray.py" line="513" name="test_pairwise_dot[compatible_vector_array_pair4-&lt;lambda&gt;2]" time="0.004410982131958008"></testcase><testcase classname="src.pymortests.vectorarray" file="src/pymortests/vectorarray.py" line="513" name="test_pairwise_dot[compatible_vector_array_pair4-&lt;lambda&gt;3]" time="0.004790306091308594"></testcase><testcase classname="src.pymortests.vectorarray" file="src/pymortests/vectorarray.py" line="513" name="test_pairwise_dot[compatible_vector_array_pair4-&lt;lambda&gt;4]" time="0.006894588470458984"></testcase><testcase classname="src.pymortests.vectorarray" file="src/pymortests/vectorarray.py" line="513" name="test_pairwise_dot[compatible_vector_array_pair4-&lt;lambda&gt;5]" time="0.005723237991333008"></testcase><testcase classname="src.pymortests.vectorarray" file="src/pymortests/vectorarray.py" line="513" name="test_pairwise_dot[compatible_vector_array_pair4-&lt;lambda&gt;6]" time="0.002749919891357422"></testcase><testcase classname="src.pymortests.vectorarray" file="src/pymortests/vectorarray.py" line="513" name="test_pairwise_dot[compatible_vector_array_pair4-&lt;lambda&gt;7]" time="0.0016934871673583984"></testcase><testcase classname="src.pymortests.vectorarray" file="src/pymortests/vectorarray.py" line="513" name="test_pairwise_dot[compatible_vector_array_pair4-&lt;lambda&gt;8]" time="0.006388187408447266"></testcase><testcase classname="src.pymortests.vectorarray" file="src/pymortests/vectorarray.py" line="513" name="test_pairwise_dot[compatible_vector_array_pair4-&lt;lambda&gt;9]" time="0.008100509643554688"></testcase><testcase classname="src.pymortests.vectorarray" file="src/pymortests/vectorarray.py" line="513" name="test_pairwise_dot[compatible_vector_array_pair4-&lt;lambda&gt;10]" time="0.02485513687133789"></testcase><testcase classname="src.pymortests.vectorarray" file="src/pymortests/vectorarray.py" line="513" name="test_pairwise_dot[compatible_vector_array_pair4-&lt;lambda&gt;11]" time="0.006761312484741211"></testcase><testcase classname="src.pymortests.vectorarray" file="src/pymortests/vectorarray.py" line="513" name="test_pairwise_dot[compatible_vector_array_pair4-&lt;lambda&gt;12]" time="0.005093812942504883"></testcase><testcase classname="src.pymortests.vectorarray" file="src/pymortests/vectorarray.py" line="513" name="test_pairwise_dot[compatible_vector_array_pair4-&lt;lambda&gt;13]" time="0.0023386478424072266"></testcase><testcase classname="src.pymortests.vectorarray" file="src/pymortests/vectorarray.py" line="513" name="test_pairwise_dot[compatible_vector_array_pair4-&lt;lambda&gt;14]" time="0.005551815032958984"></testcase><testcase classname="src.pymortests.vectorarray" file="src/pymortests/vectorarray.py" line="513" name="test_pairwise_dot[compatible_vector_array_pair4-&lt;lambda&gt;15]" time="0.00903630256652832"></testcase><testcase classname="src.pymortests.vectorarray" file="src/pymortests/vectorarray.py" line="513" name="test_pairwise_dot[compatible_vector_array_pair4-&lt;lambda&gt;16]" time="0.009638071060180664"></testcase><testcase classname="src.pymortests.vectorarray" file="src/pymortests/vectorarray.py" line="513" name="test_pairwise_dot[compatible_vector_array_pair4-&lt;lambda&gt;17]" time="0.016276121139526367"></testcase><testcase classname="src.pymortests.vectorarray" file="src/pymortests/vectorarray.py" line="513" name="test_pairwise_dot[compatible_vector_array_pair4-&lt;lambda&gt;18]" time="0.008020401000976562"></testcase><testcase classname="src.pymortests.vectorarray" file="src/pymortests/vectorarray.py" line="513" name="test_pairwise_dot[compatible_vector_array_pair4-&lt;lambda&gt;19]" time="0.0026273727416992188"></testcase><testcase classname="src.pymortests.vectorarray" file="src/pymortests/vectorarray.py" line="513" name="test_pairwise_dot[compatible_vector_array_pair4-&lt;lambda&gt;20]" time="0.04989981651306152"></testcase><testcase classname="src.pymortests.vectorarray" file="src/pymortests/vectorarray.py" line="513" name="test_pairwise_dot[compatible_vector_array_pair4-&lt;lambda&gt;21]" time="0.023392915725708008"></testcase><testcase classname="src.pymortests.vectorarray" file="src/pymortests/vectorarray.py" line="513" name="test_pairwise_dot[compatible_vector_array_pair4-&lt;lambda&gt;22]" time="0.08189105987548828"></testcase><testcase classname="src.pymortests.vectorarray" file="src/pymortests/vectorarray.py" line="513" name="test_pairwise_dot[compatible_vector_array_pair4-&lt;lambda&gt;23]" time="0.009334564208984375"></testcase><testcase classname="src.pymortests.vectorarray" file="src/pymortests/vectorarray.py" line="513" name="test_pairwise_dot[compatible_vector_array_pair4-&lt;lambda&gt;24]" time="0.004055023193359375"></testcase><testcase classname="src.pymortests.vectorarray" file="src/pymortests/vectorarray.py" line="513" name="test_pairwise_dot[compatible_vector_array_pair4-&lt;lambda&gt;25]" time="0.003749370574951172"></testcase><testcase classname="src.pymortests.vectorarray" file="src/pymortests/vectorarray.py" line="513" name="test_pairwise_dot[compatible_vector_array_pair4-&lt;lambda&gt;26]" time="0.050838470458984375"></testcase><testcase classname="src.pymortests.vectorarray" file="src/pymortests/vectorarray.py" line="513" name="test_pairwise_dot[compatible_vector_array_pair4-&lt;lambda&gt;27]" time="0.06872701644897461"></testcase><testcase classname="src.pymortests.vectorarray" file="src/pymortests/vectorarray.py" line="513" name="test_pairwise_dot[compatible_vector_array_pair4-&lt;lambda&gt;28]" time="0.25452542304992676"></testcase><testcase classname="src.pymortests.vectorarray" file="src/pymortests/vectorarray.py" line="513" name="test_pairwise_dot[compatible_vector_array_pair4-&lt;lambda&gt;29]" time="0.013344287872314453"></testcase><testcase classname="src.pymortests.vectorarray" file="src/pymortests/vectorarray.py" line="513" name="test_pairwise_dot[compatible_vector_array_pair5-&lt;lambda&gt;0]" time="0.004202365875244141"></testcase><testcase classname="src.pymortests.vectorarray" file="src/pymortests/vectorarray.py" line="513" name="test_pairwise_dot[compatible_vector_array_pair5-&lt;lambda&gt;1]" time="0.0018353462219238281"></testcase><testcase classname="src.pymortests.vectorarray" file="src/pymortests/vectorarray.py" line="513" name="test_pairwise_dot[compatible_vector_array_pair5-&lt;lambda&gt;2]" time="0.004281044006347656"></testcase><testcase classname="src.pymortests.vectorarray" file="src/pymortests/vectorarray.py" line="513" name="test_pairwise_dot[compatible_vector_array_pair5-&lt;lambda&gt;3]" time="0.0046956539154052734"></testcase><testcase classname="src.pymortests.vectorarray" file="src/pymortests/vectorarray.py" line="513" name="test_pairwise_dot[compatible_vector_array_pair5-&lt;lambda&gt;4]" time="0.006340503692626953"></testcase><testcase classname="src.pymortests.vectorarray" file="src/pymortests/vectorarray.py" line="513" name="test_pairwise_dot[compatible_vector_array_pair5-&lt;lambda&gt;5]" time="0.005445957183837891"></testcase><testcase classname="src.pymortests.vectorarray" file="src/pymortests/vectorarray.py" line="513" name="test_pairwise_dot[compatible_vector_array_pair5-&lt;lambda&gt;6]" time="0.0027217864990234375"></testcase><testcase classname="src.pymortests.vectorarray" file="src/pymortests/vectorarray.py" line="513" name="test_pairwise_dot[compatible_vector_array_pair5-&lt;lambda&gt;7]" time="0.00167083740234375"></testcase><testcase classname="src.pymortests.vectorarray" file="src/pymortests/vectorarray.py" line="513" name="test_pairwise_dot[compatible_vector_array_pair5-&lt;lambda&gt;8]" time="0.0064313411712646484"></testcase><testcase classname="src.pymortests.vectorarray" file="src/pymortests/vectorarray.py" line="513" name="test_pairwise_dot[compatible_vector_array_pair5-&lt;lambda&gt;9]" time="0.007693290710449219"></testcase><testcase classname="src.pymortests.vectorarray" file="src/pymortests/vectorarray.py" line="513" name="test_pairwise_dot[compatible_vector_array_pair5-&lt;lambda&gt;10]" time="0.02603745460510254"></testcase><testcase classname="src.pymortests.vectorarray" file="src/pymortests/vectorarray.py" line="513" name="test_pairwise_dot[compatible_vector_array_pair5-&lt;lambda&gt;11]" time="0.007513284683227539"></testcase><testcase classname="src.pymortests.vectorarray" file="src/pymortests/vectorarray.py" line="513" name="test_pairwise_dot[compatible_vector_array_pair5-&lt;lambda&gt;12]" time="0.00616908073425293"></testcase><testcase classname="src.pymortests.vectorarray" file="src/pymortests/vectorarray.py" line="513" name="test_pairwise_dot[compatible_vector_array_pair5-&lt;lambda&gt;13]" time="0.0027091503143310547"></testcase><testcase classname="src.pymortests.vectorarray" file="src/pymortests/vectorarray.py" line="513" name="test_pairwise_dot[compatible_vector_array_pair5-&lt;lambda&gt;14]" time="0.005983114242553711"></testcase><testcase classname="src.pymortests.vectorarray" file="src/pymortests/vectorarray.py" line="513" name="test_pairwise_dot[compatible_vector_array_pair5-&lt;lambda&gt;15]" time="0.008857011795043945"></testcase><testcase classname="src.pymortests.vectorarray" file="src/pymortests/vectorarray.py" line="513" name="test_pairwise_dot[compatible_vector_array_pair5-&lt;lambda&gt;16]" time="0.009938240051269531"></testcase><testcase classname="src.pymortests.vectorarray" file="src/pymortests/vectorarray.py" line="513" name="test_pairwise_dot[compatible_vector_array_pair5-&lt;lambda&gt;17]" time="0.015609264373779297"></testcase><testcase classname="src.pymortests.vectorarray" file="src/pymortests/vectorarray.py" line="513" name="test_pairwise_dot[compatible_vector_array_pair5-&lt;lambda&gt;18]" time="0.008328437805175781"></testcase><testcase classname="src.pymortests.vectorarray" file="src/pymortests/vectorarray.py" line="513" name="test_pairwise_dot[compatible_vector_array_pair5-&lt;lambda&gt;19]" time="0.002684354782104492"></testcase><testcase classname="src.pymortests.vectorarray" file="src/pymortests/vectorarray.py" line="513" name="test_pairwise_dot[compatible_vector_array_pair5-&lt;lambda&gt;20]" time="0.05140829086303711"></testcase><testcase classname="src.pymortests.vectorarray" file="src/pymortests/vectorarray.py" line="513" name="test_pairwise_dot[compatible_vector_array_pair5-&lt;lambda&gt;21]" time="0.023610353469848633"></testcase><testcase classname="src.pymortests.vectorarray" file="src/pymortests/vectorarray.py" line="513" name="test_pairwise_dot[compatible_vector_array_pair5-&lt;lambda&gt;22]" time="0.08058404922485352"></testcase><testcase classname="src.pymortests.vectorarray" file="src/pymortests/vectorarray.py" line="513" name="test_pairwise_dot[compatible_vector_array_pair5-&lt;lambda&gt;23]" time="0.010239362716674805"></testcase><testcase classname="src.pymortests.vectorarray" file="src/pymortests/vectorarray.py" line="513" name="test_pairwise_dot[compatible_vector_array_pair5-&lt;lambda&gt;24]" time="0.0040493011474609375"></testcase><testcase classname="src.pymortests.vectorarray" file="src/pymortests/vectorarray.py" line="513" name="test_pairwise_dot[compatible_vector_array_pair5-&lt;lambda&gt;25]" time="0.003991365432739258"></testcase><testcase classname="src.pymortests.vectorarray" file="src/pymortests/vectorarray.py" line="513" name="test_pairwise_dot[compatible_vector_array_pair5-&lt;lambda&gt;26]" time="0.05396842956542969"></testcase><testcase classname="src.pymortests.vectorarray" file="src/pymortests/vectorarray.py" line="513" name="test_pairwise_dot[compatible_vector_array_pair5-&lt;lambda&gt;27]" time="0.06980538368225098"></testcase><testcase classname="src.pymortests.vectorarray" file="src/pymortests/vectorarray.py" line="513" name="test_pairwise_dot[compatible_vector_array_pair5-&lt;lambda&gt;28]" time="0.2506096363067627"></testcase><testcase classname="src.pymortests.vectorarray" file="src/pymortests/vectorarray.py" line="513" name="test_pairwise_dot[compatible_vector_array_pair5-&lt;lambda&gt;29]" time="0.012902498245239258"></testcase><testcase classname="src.pymortests.vectorarray" file="src/pymortests/vectorarray.py" line="513" name="test_pairwise_dot[compatible_vector_array_pair6-&lt;lambda&gt;0]" time="0.004172801971435547"></testcase><testcase classname="src.pymortests.vectorarray" file="src/pymortests/vectorarray.py" line="513" name="test_pairwise_dot[compatible_vector_array_pair6-&lt;lambda&gt;1]" time="0.0017490386962890625"></testcase><testcase classname="src.pymortests.vectorarray" file="src/pymortests/vectorarray.py" line="513" name="test_pairwise_dot[compatible_vector_array_pair6-&lt;lambda&gt;2]" time="0.004205465316772461"></testcase><testcase classname="src.pymortests.vectorarray" file="src/pymortests/vectorarray.py" line="513" name="test_pairwise_dot[compatible_vector_array_pair6-&lt;lambda&gt;3]" time="0.004528522491455078"></testcase><testcase classname="src.pymortests.vectorarray" file="src/pymortests/vectorarray.py" line="513" name="test_pairwise_dot[compatible_vector_array_pair6-&lt;lambda&gt;4]" time="0.006574392318725586"></testcase><testcase classname="src.pymortests.vectorarray" file="src/pymortests/vectorarray.py" line="513" name="test_pairwise_dot[compatible_vector_array_pair6-&lt;lambda&gt;5]" time="0.006241321563720703"></testcase><testcase classname="src.pymortests.vectorarray" file="src/pymortests/vectorarray.py" line="513" name="test_pairwise_dot[compatible_vector_array_pair6-&lt;lambda&gt;6]" time="0.0028924942016601562"></testcase><testcase classname="src.pymortests.vectorarray" file="src/pymortests/vectorarray.py" line="513" name="test_pairwise_dot[compatible_vector_array_pair6-&lt;lambda&gt;7]" time="0.0016660690307617188"></testcase><testcase classname="src.pymortests.vectorarray" file="src/pymortests/vectorarray.py" line="513" name="test_pairwise_dot[compatible_vector_array_pair6-&lt;lambda&gt;8]" time="0.0062444210052490234"></testcase><testcase classname="src.pymortests.vectorarray" file="src/pymortests/vectorarray.py" line="513" name="test_pairwise_dot[compatible_vector_array_pair6-&lt;lambda&gt;9]" time="0.007517576217651367"></testcase><testcase classname="src.pymortests.vectorarray" file="src/pymortests/vectorarray.py" line="513" name="test_pairwise_dot[compatible_vector_array_pair6-&lt;lambda&gt;10]" time="0.022509098052978516"></testcase><testcase classname="src.pymortests.vectorarray" file="src/pymortests/vectorarray.py" line="513" name="test_pairwise_dot[compatible_vector_array_pair6-&lt;lambda&gt;11]" time="0.00674891471862793"></testcase><testcase classname="src.pymortests.vectorarray" file="src/pymortests/vectorarray.py" line="513" name="test_pairwise_dot[compatible_vector_array_pair6-&lt;lambda&gt;12]" time="0.0046215057373046875"></testcase><testcase classname="src.pymortests.vectorarray" file="src/pymortests/vectorarray.py" line="513" name="test_pairwise_dot[compatible_vector_array_pair6-&lt;lambda&gt;13]" time="0.0023391246795654297"></testcase><testcase classname="src.pymortests.vectorarray" file="src/pymortests/vectorarray.py" line="513" name="test_pairwise_dot[compatible_vector_array_pair6-&lt;lambda&gt;14]" time="0.005544185638427734"></testcase><testcase classname="src.pymortests.vectorarray" file="src/pymortests/vectorarray.py" line="513" name="test_pairwise_dot[compatible_vector_array_pair6-&lt;lambda&gt;15]" time="0.00862264633178711"></testcase><testcase classname="src.pymortests.vectorarray" file="src/pymortests/vectorarray.py" line="513" name="test_pairwise_dot[compatible_vector_array_pair6-&lt;lambda&gt;16]" time="0.009587287902832031"></testcase><testcase classname="src.pymortests.vectorarray" file="src/pymortests/vectorarray.py" line="513" name="test_pairwise_dot[compatible_vector_array_pair6-&lt;lambda&gt;17]" time="0.014501571655273438"></testcase><testcase classname="src.pymortests.vectorarray" file="src/pymortests/vectorarray.py" line="513" name="test_pairwise_dot[compatible_vector_array_pair6-&lt;lambda&gt;18]" time="0.008454084396362305"></testcase><testcase classname="src.pymortests.vectorarray" file="src/pymortests/vectorarray.py" line="513" name="test_pairwise_dot[compatible_vector_array_pair6-&lt;lambda&gt;19]" time="0.0025856494903564453"></testcase><testcase classname="src.pymortests.vectorarray" file="src/pymortests/vectorarray.py" line="513" name="test_pairwise_dot[compatible_vector_array_pair6-&lt;lambda&gt;20]" time="0.05062747001647949"></testcase><testcase classname="src.pymortests.vectorarray" file="src/pymortests/vectorarray.py" line="513" name="test_pairwise_dot[compatible_vector_array_pair6-&lt;lambda&gt;21]" time="0.029417753219604492"></testcase><testcase classname="src.pymortests.vectorarray" file="src/pymortests/vectorarray.py" line="513" name="test_pairwise_dot[compatible_vector_array_pair6-&lt;lambda&gt;22]" time="0.0783534049987793"></testcase><testcase classname="src.pymortests.vectorarray" file="src/pymortests/vectorarray.py" line="513" name="test_pairwise_dot[compatible_vector_array_pair6-&lt;lambda&gt;23]" time="0.009287834167480469"></testcase><testcase classname="src.pymortests.vectorarray" file="src/pymortests/vectorarray.py" line="513" name="test_pairwise_dot[compatible_vector_array_pair6-&lt;lambda&gt;24]" time="0.003857135772705078"></testcase><testcase classname="src.pymortests.vectorarray" file="src/pymortests/vectorarray.py" line="513" name="test_pairwise_dot[compatible_vector_array_pair6-&lt;lambda&gt;25]" time="0.0026438236236572266"></testcase><testcase classname="src.pymortests.vectorarray" file="src/pymortests/vectorarray.py" line="513" name="test_pairwise_dot[compatible_vector_array_pair6-&lt;lambda&gt;26]" time="0.03145909309387207"></testcase><testcase classname="src.pymortests.vectorarray" file="src/pymortests/vectorarray.py" line="513" name="test_pairwise_dot[compatible_vector_array_pair6-&lt;lambda&gt;27]" time="0.07420635223388672"></testcase><testcase classname="src.pymortests.vectorarray" file="src/pymortests/vectorarray.py" line="513" name="test_pairwise_dot[compatible_vector_array_pair6-&lt;lambda&gt;28]" time="0.19684743881225586"></testcase><testcase classname="src.pymortests.vectorarray" file="src/pymortests/vectorarray.py" line="513" name="test_pairwise_dot[compatible_vector_array_pair6-&lt;lambda&gt;29]" time="0.01187586784362793"></testcase><testcase classname="src.pymortests.vectorarray" file="src/pymortests/vectorarray.py" line="513" name="test_pairwise_dot[compatible_vector_array_pair7-&lt;lambda&gt;0]" time="0.00416111946105957"></testcase><testcase classname="src.pymortests.vectorarray" file="src/pymortests/vectorarray.py" line="513" name="test_pairwise_dot[compatible_vector_array_pair7-&lt;lambda&gt;1]" time="0.0019969940185546875"></testcase><testcase classname="src.pymortests.vectorarray" file="src/pymortests/vectorarray.py" line="513" name="test_pairwise_dot[compatible_vector_array_pair7-&lt;lambda&gt;2]" time="0.0044934749603271484"></testcase><testcase classname="src.pymortests.vectorarray" file="src/pymortests/vectorarray.py" line="513" name="test_pairwise_dot[compatible_vector_array_pair7-&lt;lambda&gt;3]" time="0.004603385925292969"></testcase><testcase classname="src.pymortests.vectorarray" file="src/pymortests/vectorarray.py" line="513" name="test_pairwise_dot[compatible_vector_array_pair7-&lt;lambda&gt;4]" time="0.006527900695800781"></testcase><testcase classname="src.pymortests.vectorarray" file="src/pymortests/vectorarray.py" line="513" name="test_pairwise_dot[compatible_vector_array_pair7-&lt;lambda&gt;5]" time="0.005415439605712891"></testcase><testcase classname="src.pymortests.vectorarray" file="src/pymortests/vectorarray.py" line="513" name="test_pairwise_dot[compatible_vector_array_pair7-&lt;lambda&gt;6]" time="0.002650737762451172"></testcase><testcase classname="src.pymortests.vectorarray" file="src/pymortests/vectorarray.py" line="513" name="test_pairwise_dot[compatible_vector_array_pair7-&lt;lambda&gt;7]" time="0.0016624927520751953"></testcase><testcase classname="src.pymortests.vectorarray" file="src/pymortests/vectorarray.py" line="513" name="test_pairwise_dot[compatible_vector_array_pair7-&lt;lambda&gt;8]" time="0.006100654602050781"></testcase><testcase classname="src.pymortests.vectorarray" file="src/pymortests/vectorarray.py" line="513" name="test_pairwise_dot[compatible_vector_array_pair7-&lt;lambda&gt;9]" time="0.008269071578979492"></testcase><testcase classname="src.pymortests.vectorarray" file="src/pymortests/vectorarray.py" line="513" name="test_pairwise_dot[compatible_vector_array_pair7-&lt;lambda&gt;10]" time="0.02463984489440918"></testcase><testcase classname="src.pymortests.vectorarray" file="src/pymortests/vectorarray.py" line="513" name="test_pairwise_dot[compatible_vector_array_pair7-&lt;lambda&gt;11]" time="0.007187843322753906"></testcase><testcase classname="src.pymortests.vectorarray" file="src/pymortests/vectorarray.py" line="513" name="test_pairwise_dot[compatible_vector_array_pair7-&lt;lambda&gt;12]" time="0.005067348480224609"></testcase><testcase classname="src.pymortests.vectorarray" file="src/pymortests/vectorarray.py" line="513" name="test_pairwise_dot[compatible_vector_array_pair7-&lt;lambda&gt;13]" time="0.0024781227111816406"></testcase><testcase classname="src.pymortests.vectorarray" file="src/pymortests/vectorarray.py" line="513" name="test_pairwise_dot[compatible_vector_array_pair7-&lt;lambda&gt;14]" time="0.00580906867980957"></testcase><testcase classname="src.pymortests.vectorarray" file="src/pymortests/vectorarray.py" line="513" name="test_pairwise_dot[compatible_vector_array_pair7-&lt;lambda&gt;15]" time="0.00951075553894043"></testcase><testcase classname="src.pymortests.vectorarray" file="src/pymortests/vectorarray.py" line="513" name="test_pairwise_dot[compatible_vector_array_pair7-&lt;lambda&gt;16]" time="0.010002374649047852"></testcase><testcase classname="src.pymortests.vectorarray" file="src/pymortests/vectorarray.py" line="513" name="test_pairwise_dot[compatible_vector_array_pair7-&lt;lambda&gt;17]" time="0.015470743179321289"></testcase><testcase classname="src.pymortests.vectorarray" file="src/pymortests/vectorarray.py" line="513" name="test_pairwise_dot[compatible_vector_array_pair7-&lt;lambda&gt;18]" time="0.008032560348510742"></testcase><testcase classname="src.pymortests.vectorarray" file="src/pymortests/vectorarray.py" line="513" name="test_pairwise_dot[compatible_vector_array_pair7-&lt;lambda&gt;19]" time="0.002653837203979492"></testcase><testcase classname="src.pymortests.vectorarray" file="src/pymortests/vectorarray.py" line="513" name="test_pairwise_dot[compatible_vector_array_pair7-&lt;lambda&gt;20]" time="0.05096173286437988"></testcase><testcase classname="src.pymortests.vectorarray" file="src/pymortests/vectorarray.py" line="513" name="test_pairwise_dot[compatible_vector_array_pair7-&lt;lambda&gt;21]" time="0.023517131805419922"></testcase><testcase classname="src.pymortests.vectorarray" file="src/pymortests/vectorarray.py" line="513" name="test_pairwise_dot[compatible_vector_array_pair7-&lt;lambda&gt;22]" time="0.08160638809204102"></testcase><testcase classname="src.pymortests.vectorarray" file="src/pymortests/vectorarray.py" line="513" name="test_pairwise_dot[compatible_vector_array_pair7-&lt;lambda&gt;23]" time="0.009814739227294922"></testcase><testcase classname="src.pymortests.vectorarray" file="src/pymortests/vectorarray.py" line="513" name="test_pairwise_dot[compatible_vector_array_pair7-&lt;lambda&gt;24]" time="0.004051923751831055"></testcase><testcase classname="src.pymortests.vectorarray" file="src/pymortests/vectorarray.py" line="513" name="test_pairwise_dot[compatible_vector_array_pair7-&lt;lambda&gt;25]" time="0.003652811050415039"></testcase><testcase classname="src.pymortests.vectorarray" file="src/pymortests/vectorarray.py" line="513" name="test_pairwise_dot[compatible_vector_array_pair7-&lt;lambda&gt;26]" time="0.05139756202697754"></testcase><testcase classname="src.pymortests.vectorarray" file="src/pymortests/vectorarray.py" line="513" name="test_pairwise_dot[compatible_vector_array_pair7-&lt;lambda&gt;27]" time="0.06912493705749512"></testcase><testcase classname="src.pymortests.vectorarray" file="src/pymortests/vectorarray.py" line="513" name="test_pairwise_dot[compatible_vector_array_pair7-&lt;lambda&gt;28]" time="0.2556755542755127"></testcase><testcase classname="src.pymortests.vectorarray" file="src/pymortests/vectorarray.py" line="513" name="test_pairwise_dot[compatible_vector_array_pair7-&lt;lambda&gt;29]" time="0.01320648193359375"></testcase><testcase classname="src.pymortests.vectorarray" file="src/pymortests/vectorarray.py" line="513" name="test_pairwise_dot[compatible_vector_array_pair8-&lt;lambda&gt;0]" time="0.004559040069580078"></testcase><testcase classname="src.pymortests.vectorarray" file="src/pymortests/vectorarray.py" line="513" name="test_pairwise_dot[compatible_vector_array_pair8-&lt;lambda&gt;1]" time="0.0018839836120605469"></testcase><testcase classname="src.pymortests.vectorarray" file="src/pymortests/vectorarray.py" line="513" name="test_pairwise_dot[compatible_vector_array_pair8-&lt;lambda&gt;2]" time="0.005040168762207031"></testcase><testcase classname="src.pymortests.vectorarray" file="src/pymortests/vectorarray.py" line="513" name="test_pairwise_dot[compatible_vector_array_pair8-&lt;lambda&gt;3]" time="0.0052416324615478516"></testcase><testcase classname="src.pymortests.vectorarray" file="src/pymortests/vectorarray.py" line="513" name="test_pairwise_dot[compatible_vector_array_pair8-&lt;lambda&gt;4]" time="0.007298469543457031"></testcase><testcase classname="src.pymortests.vectorarray" file="src/pymortests/vectorarray.py" line="513" name="test_pairwise_dot[compatible_vector_array_pair8-&lt;lambda&gt;5]" time="0.006728649139404297"></testcase><testcase classname="src.pymortests.vectorarray" file="src/pymortests/vectorarray.py" line="513" name="test_pairwise_dot[compatible_vector_array_pair8-&lt;lambda&gt;6]" time="0.002834320068359375"></testcase><testcase classname="src.pymortests.vectorarray" file="src/pymortests/vectorarray.py" line="513" name="test_pairwise_dot[compatible_vector_array_pair8-&lt;lambda&gt;7]" time="0.0018284320831298828"></testcase><testcase classname="src.pymortests.vectorarray" file="src/pymortests/vectorarray.py" line="513" name="test_pairwise_dot[compatible_vector_array_pair8-&lt;lambda&gt;8]" time="0.006121158599853516"></testcase><testcase classname="src.pymortests.vectorarray" file="src/pymortests/vectorarray.py" line="513" name="test_pairwise_dot[compatible_vector_array_pair8-&lt;lambda&gt;9]" time="0.00782918930053711"></testcase><testcase classname="src.pymortests.vectorarray" file="src/pymortests/vectorarray.py" line="513" name="test_pairwise_dot[compatible_vector_array_pair8-&lt;lambda&gt;10]" time="0.022854089736938477"></testcase><testcase classname="src.pymortests.vectorarray" file="src/pymortests/vectorarray.py" line="513" name="test_pairwise_dot[compatible_vector_array_pair8-&lt;lambda&gt;11]" time="0.0069849491119384766"></testcase><testcase classname="src.pymortests.vectorarray" file="src/pymortests/vectorarray.py" line="513" name="test_pairwise_dot[compatible_vector_array_pair8-&lt;lambda&gt;12]" time="0.004744052886962891"></testcase><testcase classname="src.pymortests.vectorarray" file="src/pymortests/vectorarray.py" line="513" name="test_pairwise_dot[compatible_vector_array_pair8-&lt;lambda&gt;13]" time="0.0024259090423583984"></testcase><testcase classname="src.pymortests.vectorarray" file="src/pymortests/vectorarray.py" line="513" name="test_pairwise_dot[compatible_vector_array_pair8-&lt;lambda&gt;14]" time="0.005560398101806641"></testcase><testcase classname="src.pymortests.vectorarray" file="src/pymortests/vectorarray.py" line="513" name="test_pairwise_dot[compatible_vector_array_pair8-&lt;lambda&gt;15]" time="0.008890390396118164"></testcase><testcase classname="src.pymortests.vectorarray" file="src/pymortests/vectorarray.py" line="513" name="test_pairwise_dot[compatible_vector_array_pair8-&lt;lambda&gt;16]" time="0.009301424026489258"></testcase><testcase classname="src.pymortests.vectorarray" file="src/pymortests/vectorarray.py" line="513" name="test_pairwise_dot[compatible_vector_array_pair8-&lt;lambda&gt;17]" time="0.014672279357910156"></testcase><testcase classname="src.pymortests.vectorarray" file="src/pymortests/vectorarray.py" line="513" name="test_pairwise_dot[compatible_vector_array_pair8-&lt;lambda&gt;18]" time="0.007417917251586914"></testcase><testcase classname="src.pymortests.vectorarray" file="src/pymortests/vectorarray.py" line="513" name="test_pairwise_dot[compatible_vector_array_pair8-&lt;lambda&gt;19]" time="0.0026574134826660156"></testcase><testcase classname="src.pymortests.vectorarray" file="src/pymortests/vectorarray.py" line="513" name="test_pairwise_dot[compatible_vector_array_pair8-&lt;lambda&gt;20]" time="0.04852581024169922"></testcase><testcase classname="src.pymortests.vectorarray" file="src/pymortests/vectorarray.py" line="513" name="test_pairwise_dot[compatible_vector_array_pair8-&lt;lambda&gt;21]" time="0.0234377384185791"></testcase><testcase classname="src.pymortests.vectorarray" file="src/pymortests/vectorarray.py" line="513" name="test_pairwise_dot[compatible_vector_array_pair8-&lt;lambda&gt;22]" time="0.07815241813659668"></testcase><testcase classname="src.pymortests.vectorarray" file="src/pymortests/vectorarray.py" line="513" name="test_pairwise_dot[compatible_vector_array_pair8-&lt;lambda&gt;23]" time="0.009482622146606445"></testcase><testcase classname="src.pymortests.vectorarray" file="src/pymortests/vectorarray.py" line="513" name="test_pairwise_dot[compatible_vector_array_pair8-&lt;lambda&gt;24]" time="0.003905773162841797"></testcase><testcase classname="src.pymortests.vectorarray" file="src/pymortests/vectorarray.py" line="513" name="test_pairwise_dot[compatible_vector_array_pair8-&lt;lambda&gt;25]" time="0.0036237239837646484"></testcase><testcase classname="src.pymortests.vectorarray" file="src/pymortests/vectorarray.py" line="513" name="test_pairwise_dot[compatible_vector_array_pair8-&lt;lambda&gt;26]" time="0.049988746643066406"></testcase><testcase classname="src.pymortests.vectorarray" file="src/pymortests/vectorarray.py" line="513" name="test_pairwise_dot[compatible_vector_array_pair8-&lt;lambda&gt;27]" time="0.06810235977172852"></testcase><testcase classname="src.pymortests.vectorarray" file="src/pymortests/vectorarray.py" line="513" name="test_pairwise_dot[compatible_vector_array_pair8-&lt;lambda&gt;28]" time="0.24408721923828125"></testcase><testcase classname="src.pymortests.vectorarray" file="src/pymortests/vectorarray.py" line="513" name="test_pairwise_dot[compatible_vector_array_pair8-&lt;lambda&gt;29]" time="0.012227773666381836"></testcase><testcase classname="src.pymortests.vectorarray" file="src/pymortests/vectorarray.py" line="528" name="test_pairwise_dot_self[0-&lt;lambda&gt;0]" time="0.0057523250579833984"></testcase><testcase classname="src.pymortests.vectorarray" file="src/pymortests/vectorarray.py" line="528" name="test_pairwise_dot_self[0-&lt;lambda&gt;1]" time="0.0043125152587890625"></testcase><testcase classname="src.pymortests.vectorarray" file="src/pymortests/vectorarray.py" line="528" name="test_pairwise_dot_self[0-&lt;lambda&gt;2]" time="0.007695674896240234"></testcase><testcase classname="src.pymortests.vectorarray" file="src/pymortests/vectorarray.py" line="528" name="test_pairwise_dot_self[0-&lt;lambda&gt;3]" time="0.009538888931274414"></testcase><testcase classname="src.pymortests.vectorarray" file="src/pymortests/vectorarray.py" line="528" name="test_pairwise_dot_self[0-&lt;lambda&gt;4]" time="0.010990619659423828"></testcase><testcase classname="src.pymortests.vectorarray" file="src/pymortests/vectorarray.py" line="528" name="test_pairwise_dot_self[0-&lt;lambda&gt;5]" time="0.0038683414459228516"></testcase><testcase classname="src.pymortests.vectorarray" file="src/pymortests/vectorarray.py" line="528" name="test_pairwise_dot_self[0-&lt;lambda&gt;6]" time="0.003772735595703125"></testcase><testcase classname="src.pymortests.vectorarray" file="src/pymortests/vectorarray.py" line="528" name="test_pairwise_dot_self[0-&lt;lambda&gt;7]" time="0.007983207702636719"></testcase><testcase classname="src.pymortests.vectorarray" file="src/pymortests/vectorarray.py" line="528" name="test_pairwise_dot_self[0-&lt;lambda&gt;8]" time="0.03278231620788574"></testcase><testcase classname="src.pymortests.vectorarray" file="src/pymortests/vectorarray.py" line="528" name="test_pairwise_dot_self[0-&lt;lambda&gt;9]" time="0.052159786224365234"></testcase><testcase classname="src.pymortests.vectorarray" file="src/pymortests/vectorarray.py" line="528" name="test_pairwise_dot_self[0-&lt;lambda&gt;10]" time="0.008359909057617188"></testcase><testcase classname="src.pymortests.vectorarray" file="src/pymortests/vectorarray.py" line="528" name="test_pairwise_dot_self[0-&lt;lambda&gt;11]" time="0.013458490371704102"></testcase><testcase classname="src.pymortests.vectorarray" file="src/pymortests/vectorarray.py" line="528" name="test_pairwise_dot_self[0-&lt;lambda&gt;12]" time="0.013301372528076172"></testcase><testcase classname="src.pymortests.vectorarray" file="src/pymortests/vectorarray.py" line="528" name="test_pairwise_dot_self[0-&lt;lambda&gt;13]" time="0.011684417724609375"></testcase><testcase classname="src.pymortests.vectorarray" file="src/pymortests/vectorarray.py" line="528" name="test_pairwise_dot_self[0-&lt;lambda&gt;14]" time="0.015022993087768555"></testcase><testcase classname="src.pymortests.vectorarray" file="src/pymortests/vectorarray.py" line="528" name="test_pairwise_dot_self[0-&lt;lambda&gt;15]" time="0.02275991439819336"></testcase><testcase classname="src.pymortests.vectorarray" file="src/pymortests/vectorarray.py" line="528" name="test_pairwise_dot_self[0-&lt;lambda&gt;16]" time="0.035082340240478516"></testcase><testcase classname="src.pymortests.vectorarray" file="src/pymortests/vectorarray.py" line="528" name="test_pairwise_dot_self[0-&lt;lambda&gt;17]" time="0.010236024856567383"></testcase><testcase classname="src.pymortests.vectorarray" file="src/pymortests/vectorarray.py" line="528" name="test_pairwise_dot_self[0-&lt;lambda&gt;18]" time="0.010229825973510742"></testcase><testcase classname="src.pymortests.vectorarray" file="src/pymortests/vectorarray.py" line="528" name="test_pairwise_dot_self[0-&lt;lambda&gt;19]" time="0.014174699783325195"></testcase><testcase classname="src.pymortests.vectorarray" file="src/pymortests/vectorarray.py" line="528" name="test_pairwise_dot_self[0-&lt;lambda&gt;20]" time="0.046529531478881836"></testcase><testcase classname="src.pymortests.vectorarray" file="src/pymortests/vectorarray.py" line="528" name="test_pairwise_dot_self[0-&lt;lambda&gt;21]" time="0.09518814086914062"></testcase><testcase classname="src.pymortests.vectorarray" file="src/pymortests/vectorarray.py" line="528" name="test_pairwise_dot_self[0-&lt;lambda&gt;22]" time="0.00489497184753418"></testcase><testcase classname="src.pymortests.vectorarray" file="src/pymortests/vectorarray.py" line="528" name="test_pairwise_dot_self[0-&lt;lambda&gt;23]" time="0.004531383514404297"></testcase><testcase classname="src.pymortests.vectorarray" file="src/pymortests/vectorarray.py" line="528" name="test_pairwise_dot_self[0-&lt;lambda&gt;24]" time="0.008947610855102539"></testcase><testcase classname="src.pymortests.vectorarray" file="src/pymortests/vectorarray.py" line="528" name="test_pairwise_dot_self[0-&lt;lambda&gt;25]" time="0.05043220520019531"></testcase><testcase classname="src.pymortests.vectorarray" file="src/pymortests/vectorarray.py" line="528" name="test_pairwise_dot_self[0-&lt;lambda&gt;26]" time="0.109405517578125"></testcase><testcase classname="src.pymortests.vectorarray" file="src/pymortests/vectorarray.py" line="528" name="test_pairwise_dot_self[1-&lt;lambda&gt;0]" time="0.005800485610961914"></testcase><testcase classname="src.pymortests.vectorarray" file="src/pymortests/vectorarray.py" line="528" name="test_pairwise_dot_self[1-&lt;lambda&gt;1]" time="0.0046231746673583984"></testcase><testcase classname="src.pymortests.vectorarray" file="src/pymortests/vectorarray.py" line="528" name="test_pairwise_dot_self[1-&lt;lambda&gt;2]" time="0.007767915725708008"></testcase><testcase classname="src.pymortests.vectorarray" file="src/pymortests/vectorarray.py" line="528" name="test_pairwise_dot_self[1-&lt;lambda&gt;3]" time="0.009783267974853516"></testcase><testcase classname="src.pymortests.vectorarray" file="src/pymortests/vectorarray.py" line="528" name="test_pairwise_dot_self[1-&lt;lambda&gt;4]" time="0.011908769607543945"></testcase><testcase classname="src.pymortests.vectorarray" file="src/pymortests/vectorarray.py" line="528" name="test_pairwise_dot_self[1-&lt;lambda&gt;5]" time="0.005032777786254883"></testcase><testcase classname="src.pymortests.vectorarray" file="src/pymortests/vectorarray.py" line="528" name="test_pairwise_dot_self[1-&lt;lambda&gt;6]" time="0.00407719612121582"></testcase><testcase classname="src.pymortests.vectorarray" file="src/pymortests/vectorarray.py" line="528" name="test_pairwise_dot_self[1-&lt;lambda&gt;7]" time="0.008307695388793945"></testcase><testcase classname="src.pymortests.vectorarray" file="src/pymortests/vectorarray.py" line="528" name="test_pairwise_dot_self[1-&lt;lambda&gt;8]" time="0.028061389923095703"></testcase><testcase classname="src.pymortests.vectorarray" file="src/pymortests/vectorarray.py" line="528" name="test_pairwise_dot_self[1-&lt;lambda&gt;9]" time="0.056707143783569336"></testcase><testcase classname="src.pymortests.vectorarray" file="src/pymortests/vectorarray.py" line="528" name="test_pairwise_dot_self[1-&lt;lambda&gt;10]" time="0.009982585906982422"></testcase><testcase classname="src.pymortests.vectorarray" file="src/pymortests/vectorarray.py" line="528" name="test_pairwise_dot_self[1-&lt;lambda&gt;11]" time="0.016893863677978516"></testcase><testcase classname="src.pymortests.vectorarray" file="src/pymortests/vectorarray.py" line="528" name="test_pairwise_dot_self[1-&lt;lambda&gt;12]" time="0.015819072723388672"></testcase><testcase classname="src.pymortests.vectorarray" file="src/pymortests/vectorarray.py" line="528" name="test_pairwise_dot_self[1-&lt;lambda&gt;13]" time="0.013168096542358398"></testcase><testcase classname="src.pymortests.vectorarray" file="src/pymortests/vectorarray.py" line="528" name="test_pairwise_dot_self[1-&lt;lambda&gt;14]" time="0.015086889266967773"></testcase><testcase classname="src.pymortests.vectorarray" file="src/pymortests/vectorarray.py" line="528" name="test_pairwise_dot_self[1-&lt;lambda&gt;15]" time="0.022580623626708984"></testcase><testcase classname="src.pymortests.vectorarray" file="src/pymortests/vectorarray.py" line="528" name="test_pairwise_dot_self[1-&lt;lambda&gt;16]" time="0.027393102645874023"></testcase><testcase classname="src.pymortests.vectorarray" file="src/pymortests/vectorarray.py" line="528" name="test_pairwise_dot_self[1-&lt;lambda&gt;17]" time="0.009978771209716797"></testcase><testcase classname="src.pymortests.vectorarray" file="src/pymortests/vectorarray.py" line="528" name="test_pairwise_dot_self[1-&lt;lambda&gt;18]" time="0.010003328323364258"></testcase><testcase classname="src.pymortests.vectorarray" file="src/pymortests/vectorarray.py" line="528" name="test_pairwise_dot_self[1-&lt;lambda&gt;19]" time="0.012653350830078125"></testcase><testcase classname="src.pymortests.vectorarray" file="src/pymortests/vectorarray.py" line="528" name="test_pairwise_dot_self[1-&lt;lambda&gt;20]" time="0.04527139663696289"></testcase><testcase classname="src.pymortests.vectorarray" file="src/pymortests/vectorarray.py" line="528" name="test_pairwise_dot_self[1-&lt;lambda&gt;21]" time="0.09636116027832031"></testcase><testcase classname="src.pymortests.vectorarray" file="src/pymortests/vectorarray.py" line="528" name="test_pairwise_dot_self[1-&lt;lambda&gt;22]" time="0.005096912384033203"></testcase><testcase classname="src.pymortests.vectorarray" file="src/pymortests/vectorarray.py" line="528" name="test_pairwise_dot_self[1-&lt;lambda&gt;23]" time="0.004063844680786133"></testcase><testcase classname="src.pymortests.vectorarray" file="src/pymortests/vectorarray.py" line="528" name="test_pairwise_dot_self[1-&lt;lambda&gt;24]" time="0.009843587875366211"></testcase><testcase classname="src.pymortests.vectorarray" file="src/pymortests/vectorarray.py" line="528" name="test_pairwise_dot_self[1-&lt;lambda&gt;25]" time="0.07460784912109375"></testcase><testcase classname="src.pymortests.vectorarray" file="src/pymortests/vectorarray.py" line="528" name="test_pairwise_dot_self[1-&lt;lambda&gt;26]" time="0.16655993461608887"></testcase><testcase classname="src.pymortests.vectorarray" file="src/pymortests/vectorarray.py" line="528" name="test_pairwise_dot_self[2-&lt;lambda&gt;0]" time="0.005333423614501953"></testcase><testcase classname="src.pymortests.vectorarray" file="src/pymortests/vectorarray.py" line="528" name="test_pairwise_dot_self[2-&lt;lambda&gt;1]" time="0.0044879913330078125"></testcase><testcase classname="src.pymortests.vectorarray" file="src/pymortests/vectorarray.py" line="528" name="test_pairwise_dot_self[2-&lt;lambda&gt;2]" time="0.00798344612121582"></testcase><testcase classname="src.pymortests.vectorarray" file="src/pymortests/vectorarray.py" line="528" name="test_pairwise_dot_self[2-&lt;lambda&gt;3]" time="0.009853601455688477"></testcase><testcase classname="src.pymortests.vectorarray" file="src/pymortests/vectorarray.py" line="528" name="test_pairwise_dot_self[2-&lt;lambda&gt;4]" time="0.011716604232788086"></testcase><testcase classname="src.pymortests.vectorarray" file="src/pymortests/vectorarray.py" line="528" name="test_pairwise_dot_self[2-&lt;lambda&gt;5]" time="0.005807638168334961"></testcase><testcase classname="src.pymortests.vectorarray" file="src/pymortests/vectorarray.py" line="528" name="test_pairwise_dot_self[2-&lt;lambda&gt;6]" time="0.0057446956634521484"></testcase><testcase classname="src.pymortests.vectorarray" file="src/pymortests/vectorarray.py" line="528" name="test_pairwise_dot_self[2-&lt;lambda&gt;7]" time="0.008172988891601562"></testcase><testcase classname="src.pymortests.vectorarray" file="src/pymortests/vectorarray.py" line="528" name="test_pairwise_dot_self[2-&lt;lambda&gt;8]" time="0.029735326766967773"></testcase><testcase classname="src.pymortests.vectorarray" file="src/pymortests/vectorarray.py" line="528" name="test_pairwise_dot_self[2-&lt;lambda&gt;9]" time="0.06001543998718262"></testcase><testcase classname="src.pymortests.vectorarray" file="src/pymortests/vectorarray.py" line="528" name="test_pairwise_dot_self[2-&lt;lambda&gt;10]" time="0.009550094604492188"></testcase><testcase classname="src.pymortests.vectorarray" file="src/pymortests/vectorarray.py" line="528" name="test_pairwise_dot_self[2-&lt;lambda&gt;11]" time="0.015474319458007812"></testcase><testcase classname="src.pymortests.vectorarray" file="src/pymortests/vectorarray.py" line="528" name="test_pairwise_dot_self[2-&lt;lambda&gt;12]" time="0.016584157943725586"></testcase><testcase classname="src.pymortests.vectorarray" file="src/pymortests/vectorarray.py" line="528" name="test_pairwise_dot_self[2-&lt;lambda&gt;13]" time="0.01239776611328125"></testcase><testcase classname="src.pymortests.vectorarray" file="src/pymortests/vectorarray.py" line="528" name="test_pairwise_dot_self[2-&lt;lambda&gt;14]" time="0.01605391502380371"></testcase><testcase classname="src.pymortests.vectorarray" file="src/pymortests/vectorarray.py" line="528" name="test_pairwise_dot_self[2-&lt;lambda&gt;15]" time="0.026614665985107422"></testcase><testcase classname="src.pymortests.vectorarray" file="src/pymortests/vectorarray.py" line="528" name="test_pairwise_dot_self[2-&lt;lambda&gt;16]" time="0.03221702575683594"></testcase><testcase classname="src.pymortests.vectorarray" file="src/pymortests/vectorarray.py" line="528" name="test_pairwise_dot_self[2-&lt;lambda&gt;17]" time="0.010256767272949219"></testcase><testcase classname="src.pymortests.vectorarray" file="src/pymortests/vectorarray.py" line="528" name="test_pairwise_dot_self[2-&lt;lambda&gt;18]" time="0.010284662246704102"></testcase><testcase classname="src.pymortests.vectorarray" file="src/pymortests/vectorarray.py" line="528" name="test_pairwise_dot_self[2-&lt;lambda&gt;19]" time="0.015138387680053711"></testcase><testcase classname="src.pymortests.vectorarray" file="src/pymortests/vectorarray.py" line="528" name="test_pairwise_dot_self[2-&lt;lambda&gt;20]" time="0.05243349075317383"></testcase><testcase classname="src.pymortests.vectorarray" file="src/pymortests/vectorarray.py" line="528" name="test_pairwise_dot_self[2-&lt;lambda&gt;21]" time="0.10330009460449219"></testcase><testcase classname="src.pymortests.vectorarray" file="src/pymortests/vectorarray.py" line="528" name="test_pairwise_dot_self[2-&lt;lambda&gt;22]" time="0.0058441162109375"></testcase><testcase classname="src.pymortests.vectorarray" file="src/pymortests/vectorarray.py" line="528" name="test_pairwise_dot_self[2-&lt;lambda&gt;23]" time="0.004855155944824219"></testcase><testcase classname="src.pymortests.vectorarray" file="src/pymortests/vectorarray.py" line="528" name="test_pairwise_dot_self[2-&lt;lambda&gt;24]" time="0.011437177658081055"></testcase><testcase classname="src.pymortests.vectorarray" file="src/pymortests/vectorarray.py" line="528" name="test_pairwise_dot_self[2-&lt;lambda&gt;25]" time="0.08203363418579102"></testcase><testcase classname="src.pymortests.vectorarray" file="src/pymortests/vectorarray.py" line="528" name="test_pairwise_dot_self[2-&lt;lambda&gt;26]" time="0.18103361129760742"></testcase><testcase classname="src.pymortests.vectorarray" file="src/pymortests/vectorarray.py" line="546" name="test_dot[compatible_vector_array_pair0-&lt;lambda&gt;0]" time="0.004126787185668945"></testcase><testcase classname="src.pymortests.vectorarray" file="src/pymortests/vectorarray.py" line="546" name="test_dot[compatible_vector_array_pair0-&lt;lambda&gt;1]" time="0.002212047576904297"></testcase><testcase classname="src.pymortests.vectorarray" file="src/pymortests/vectorarray.py" line="546" name="test_dot[compatible_vector_array_pair0-&lt;lambda&gt;2]" time="0.0075571537017822266"></testcase><testcase classname="src.pymortests.vectorarray" file="src/pymortests/vectorarray.py" line="546" name="test_dot[compatible_vector_array_pair0-&lt;lambda&gt;3]" time="0.009615898132324219"></testcase><testcase classname="src.pymortests.vectorarray" file="src/pymortests/vectorarray.py" line="546" name="test_dot[compatible_vector_array_pair0-&lt;lambda&gt;4]" time="0.01448202133178711"></testcase><testcase classname="src.pymortests.vectorarray" file="src/pymortests/vectorarray.py" line="546" name="test_dot[compatible_vector_array_pair0-&lt;lambda&gt;5]" time="0.008547306060791016"></testcase><testcase classname="src.pymortests.vectorarray" file="src/pymortests/vectorarray.py" line="546" name="test_dot[compatible_vector_array_pair0-&lt;lambda&gt;6]" time="0.002779245376586914"></testcase><testcase classname="src.pymortests.vectorarray" file="src/pymortests/vectorarray.py" line="546" name="test_dot[compatible_vector_array_pair0-&lt;lambda&gt;7]" time="0.0020439624786376953"></testcase><testcase classname="src.pymortests.vectorarray" file="src/pymortests/vectorarray.py" line="546" name="test_dot[compatible_vector_array_pair0-&lt;lambda&gt;8]" time="0.03858780860900879"></testcase><testcase classname="src.pymortests.vectorarray" file="src/pymortests/vectorarray.py" line="546" name="test_dot[compatible_vector_array_pair0-&lt;lambda&gt;9]" time="0.06550931930541992"></testcase><testcase classname="src.pymortests.vectorarray" file="src/pymortests/vectorarray.py" line="546" name="test_dot[compatible_vector_array_pair0-&lt;lambda&gt;10]" time="0.960761547088623"></testcase><testcase classname="src.pymortests.vectorarray" file="src/pymortests/vectorarray.py" line="546" name="test_dot[compatible_vector_array_pair0-&lt;lambda&gt;11]" time="0.010770320892333984"></testcase><testcase classname="src.pymortests.vectorarray" file="src/pymortests/vectorarray.py" line="546" name="test_dot[compatible_vector_array_pair0-&lt;lambda&gt;12]" time="0.0058591365814208984"></testcase><testcase classname="src.pymortests.vectorarray" file="src/pymortests/vectorarray.py" line="546" name="test_dot[compatible_vector_array_pair0-&lt;lambda&gt;13]" time="0.0038785934448242188"></testcase><testcase classname="src.pymortests.vectorarray" file="src/pymortests/vectorarray.py" line="546" name="test_dot[compatible_vector_array_pair0-&lt;lambda&gt;14]" time="0.010491609573364258"></testcase><testcase classname="src.pymortests.vectorarray" file="src/pymortests/vectorarray.py" line="546" name="test_dot[compatible_vector_array_pair0-&lt;lambda&gt;15]" time="0.01475667953491211"></testcase><testcase classname="src.pymortests.vectorarray" file="src/pymortests/vectorarray.py" line="546" name="test_dot[compatible_vector_array_pair0-&lt;lambda&gt;16]" time="0.020647287368774414"></testcase><testcase classname="src.pymortests.vectorarray" file="src/pymortests/vectorarray.py" line="546" name="test_dot[compatible_vector_array_pair0-&lt;lambda&gt;17]" time="0.03191852569580078"></testcase><testcase classname="src.pymortests.vectorarray" file="src/pymortests/vectorarray.py" line="546" name="test_dot[compatible_vector_array_pair0-&lt;lambda&gt;18]" time="0.009105682373046875"></testcase><testcase classname="src.pymortests.vectorarray" file="src/pymortests/vectorarray.py" line="546" name="test_dot[compatible_vector_array_pair0-&lt;lambda&gt;19]" time="0.004689216613769531"></testcase><testcase classname="src.pymortests.vectorarray" file="src/pymortests/vectorarray.py" line="546" name="test_dot[compatible_vector_array_pair0-&lt;lambda&gt;20]" time="0.10039281845092773"></testcase><testcase classname="src.pymortests.vectorarray" file="src/pymortests/vectorarray.py" line="546" name="test_dot[compatible_vector_array_pair0-&lt;lambda&gt;21]" time="0.08107399940490723"></testcase><testcase classname="src.pymortests.vectorarray" file="src/pymortests/vectorarray.py" line="546" name="test_dot[compatible_vector_array_pair0-&lt;lambda&gt;22]" time="0.9245240688323975"></testcase><testcase classname="src.pymortests.vectorarray" file="src/pymortests/vectorarray.py" line="546" name="test_dot[compatible_vector_array_pair0-&lt;lambda&gt;23]" time="0.014037847518920898"></testcase><testcase classname="src.pymortests.vectorarray" file="src/pymortests/vectorarray.py" line="546" name="test_dot[compatible_vector_array_pair0-&lt;lambda&gt;24]" time="0.004183530807495117"></testcase><testcase classname="src.pymortests.vectorarray" file="src/pymortests/vectorarray.py" line="546" name="test_dot[compatible_vector_array_pair0-&lt;lambda&gt;25]" time="0.0035638809204101562"></testcase><testcase classname="src.pymortests.vectorarray" file="src/pymortests/vectorarray.py" line="546" name="test_dot[compatible_vector_array_pair0-&lt;lambda&gt;26]" time="0.04697680473327637"></testcase><testcase classname="src.pymortests.vectorarray" file="src/pymortests/vectorarray.py" line="546" name="test_dot[compatible_vector_array_pair0-&lt;lambda&gt;27]" time="0.0755922794342041"></testcase><testcase classname="src.pymortests.vectorarray" file="src/pymortests/vectorarray.py" line="546" name="test_dot[compatible_vector_array_pair0-&lt;lambda&gt;28]" time="0.6763925552368164"></testcase><testcase classname="src.pymortests.vectorarray" file="src/pymortests/vectorarray.py" line="546" name="test_dot[compatible_vector_array_pair0-&lt;lambda&gt;29]" time="0.015098333358764648"></testcase><testcase classname="src.pymortests.vectorarray" file="src/pymortests/vectorarray.py" line="546" name="test_dot[compatible_vector_array_pair1-&lt;lambda&gt;0]" time="0.004636287689208984"></testcase><testcase classname="src.pymortests.vectorarray" file="src/pymortests/vectorarray.py" line="546" name="test_dot[compatible_vector_array_pair1-&lt;lambda&gt;1]" time="0.002421140670776367"></testcase><testcase classname="src.pymortests.vectorarray" file="src/pymortests/vectorarray.py" line="546" name="test_dot[compatible_vector_array_pair1-&lt;lambda&gt;2]" time="0.008006572723388672"></testcase><testcase classname="src.pymortests.vectorarray" file="src/pymortests/vectorarray.py" line="546" name="test_dot[compatible_vector_array_pair1-&lt;lambda&gt;3]" time="0.010483503341674805"></testcase><testcase classname="src.pymortests.vectorarray" file="src/pymortests/vectorarray.py" line="546" name="test_dot[compatible_vector_array_pair1-&lt;lambda&gt;4]" time="0.015958309173583984"></testcase><testcase classname="src.pymortests.vectorarray" file="src/pymortests/vectorarray.py" line="546" name="test_dot[compatible_vector_array_pair1-&lt;lambda&gt;5]" time="0.010741710662841797"></testcase><testcase classname="src.pymortests.vectorarray" file="src/pymortests/vectorarray.py" line="546" name="test_dot[compatible_vector_array_pair1-&lt;lambda&gt;6]" time="0.004115104675292969"></testcase><testcase classname="src.pymortests.vectorarray" file="src/pymortests/vectorarray.py" line="546" name="test_dot[compatible_vector_array_pair1-&lt;lambda&gt;7]" time="0.002316713333129883"></testcase><testcase classname="src.pymortests.vectorarray" file="src/pymortests/vectorarray.py" line="546" name="test_dot[compatible_vector_array_pair1-&lt;lambda&gt;8]" time="0.03504180908203125"></testcase><testcase classname="src.pymortests.vectorarray" file="src/pymortests/vectorarray.py" line="546" name="test_dot[compatible_vector_array_pair1-&lt;lambda&gt;9]" time="0.06795287132263184"></testcase><testcase classname="src.pymortests.vectorarray" file="src/pymortests/vectorarray.py" line="546" name="test_dot[compatible_vector_array_pair1-&lt;lambda&gt;10]" time="0.9872522354125977"></testcase><testcase classname="src.pymortests.vectorarray" file="src/pymortests/vectorarray.py" line="546" name="test_dot[compatible_vector_array_pair1-&lt;lambda&gt;11]" time="0.011374473571777344"></testcase><testcase classname="src.pymortests.vectorarray" file="src/pymortests/vectorarray.py" line="546" name="test_dot[compatible_vector_array_pair1-&lt;lambda&gt;12]" time="0.006516933441162109"></testcase><testcase classname="src.pymortests.vectorarray" file="src/pymortests/vectorarray.py" line="546" name="test_dot[compatible_vector_array_pair1-&lt;lambda&gt;13]" time="0.0038340091705322266"></testcase><testcase classname="src.pymortests.vectorarray" file="src/pymortests/vectorarray.py" line="546" name="test_dot[compatible_vector_array_pair1-&lt;lambda&gt;14]" time="0.010277986526489258"></testcase><testcase classname="src.pymortests.vectorarray" file="src/pymortests/vectorarray.py" line="546" name="test_dot[compatible_vector_array_pair1-&lt;lambda&gt;15]" time="0.015404224395751953"></testcase><testcase classname="src.pymortests.vectorarray" file="src/pymortests/vectorarray.py" line="546" name="test_dot[compatible_vector_array_pair1-&lt;lambda&gt;16]" time="0.0213468074798584"></testcase><testcase classname="src.pymortests.vectorarray" file="src/pymortests/vectorarray.py" line="546" name="test_dot[compatible_vector_array_pair1-&lt;lambda&gt;17]" time="0.032974958419799805"></testcase><testcase classname="src.pymortests.vectorarray" file="src/pymortests/vectorarray.py" line="546" name="test_dot[compatible_vector_array_pair1-&lt;lambda&gt;18]" time="0.009244441986083984"></testcase><testcase classname="src.pymortests.vectorarray" file="src/pymortests/vectorarray.py" line="546" name="test_dot[compatible_vector_array_pair1-&lt;lambda&gt;19]" time="0.005017757415771484"></testcase><testcase classname="src.pymortests.vectorarray" file="src/pymortests/vectorarray.py" line="546" name="test_dot[compatible_vector_array_pair1-&lt;lambda&gt;20]" time="0.09763908386230469"></testcase><testcase classname="src.pymortests.vectorarray" file="src/pymortests/vectorarray.py" line="546" name="test_dot[compatible_vector_array_pair1-&lt;lambda&gt;21]" time="0.07590889930725098"></testcase><testcase classname="src.pymortests.vectorarray" file="src/pymortests/vectorarray.py" line="546" name="test_dot[compatible_vector_array_pair1-&lt;lambda&gt;22]" time="0.9357314109802246"></testcase><testcase classname="src.pymortests.vectorarray" file="src/pymortests/vectorarray.py" line="546" name="test_dot[compatible_vector_array_pair1-&lt;lambda&gt;23]" time="0.014234066009521484"></testcase><testcase classname="src.pymortests.vectorarray" file="src/pymortests/vectorarray.py" line="546" name="test_dot[compatible_vector_array_pair1-&lt;lambda&gt;24]" time="0.004260063171386719"></testcase><testcase classname="src.pymortests.vectorarray" file="src/pymortests/vectorarray.py" line="546" name="test_dot[compatible_vector_array_pair1-&lt;lambda&gt;25]" time="0.00436091423034668"></testcase><testcase classname="src.pymortests.vectorarray" file="src/pymortests/vectorarray.py" line="546" name="test_dot[compatible_vector_array_pair1-&lt;lambda&gt;26]" time="0.06684327125549316"></testcase><testcase classname="src.pymortests.vectorarray" file="src/pymortests/vectorarray.py" line="546" name="test_dot[compatible_vector_array_pair1-&lt;lambda&gt;27]" time="0.08002901077270508"></testcase><testcase classname="src.pymortests.vectorarray" file="src/pymortests/vectorarray.py" line="546" name="test_dot[compatible_vector_array_pair1-&lt;lambda&gt;28]" time="0.7371828556060791"></testcase><testcase classname="src.pymortests.vectorarray" file="src/pymortests/vectorarray.py" line="546" name="test_dot[compatible_vector_array_pair1-&lt;lambda&gt;29]" time="0.015733957290649414"></testcase><testcase classname="src.pymortests.vectorarray" file="src/pymortests/vectorarray.py" line="546" name="test_dot[compatible_vector_array_pair2-&lt;lambda&gt;0]" time="0.0045545101165771484"></testcase><testcase classname="src.pymortests.vectorarray" file="src/pymortests/vectorarray.py" line="546" name="test_dot[compatible_vector_array_pair2-&lt;lambda&gt;1]" time="0.0021772384643554688"></testcase><testcase classname="src.pymortests.vectorarray" file="src/pymortests/vectorarray.py" line="546" name="test_dot[compatible_vector_array_pair2-&lt;lambda&gt;2]" time="0.0074808597564697266"></testcase><testcase classname="src.pymortests.vectorarray" file="src/pymortests/vectorarray.py" line="546" name="test_dot[compatible_vector_array_pair2-&lt;lambda&gt;3]" time="0.009394645690917969"></testcase><testcase classname="src.pymortests.vectorarray" file="src/pymortests/vectorarray.py" line="546" name="test_dot[compatible_vector_array_pair2-&lt;lambda&gt;4]" time="0.013702869415283203"></testcase><testcase classname="src.pymortests.vectorarray" file="src/pymortests/vectorarray.py" line="546" name="test_dot[compatible_vector_array_pair2-&lt;lambda&gt;5]" time="0.008518218994140625"></testcase><testcase classname="src.pymortests.vectorarray" file="src/pymortests/vectorarray.py" line="546" name="test_dot[compatible_vector_array_pair2-&lt;lambda&gt;6]" time="0.002852201461791992"></testcase><testcase classname="src.pymortests.vectorarray" file="src/pymortests/vectorarray.py" line="546" name="test_dot[compatible_vector_array_pair2-&lt;lambda&gt;7]" time="0.0020999908447265625"></testcase><testcase classname="src.pymortests.vectorarray" file="src/pymortests/vectorarray.py" line="546" name="test_dot[compatible_vector_array_pair2-&lt;lambda&gt;8]" time="0.0330960750579834"></testcase><testcase classname="src.pymortests.vectorarray" file="src/pymortests/vectorarray.py" line="546" name="test_dot[compatible_vector_array_pair2-&lt;lambda&gt;9]" time="0.0639181137084961"></testcase><testcase classname="src.pymortests.vectorarray" file="src/pymortests/vectorarray.py" line="546" name="test_dot[compatible_vector_array_pair2-&lt;lambda&gt;10]" time="0.9573101997375488"></testcase><testcase classname="src.pymortests.vectorarray" file="src/pymortests/vectorarray.py" line="546" name="test_dot[compatible_vector_array_pair2-&lt;lambda&gt;11]" time="0.010265827178955078"></testcase><testcase classname="src.pymortests.vectorarray" file="src/pymortests/vectorarray.py" line="546" name="test_dot[compatible_vector_array_pair2-&lt;lambda&gt;12]" time="0.005956411361694336"></testcase><testcase classname="src.pymortests.vectorarray" file="src/pymortests/vectorarray.py" line="546" name="test_dot[compatible_vector_array_pair2-&lt;lambda&gt;13]" time="0.0035316944122314453"></testcase><testcase classname="src.pymortests.vectorarray" file="src/pymortests/vectorarray.py" line="546" name="test_dot[compatible_vector_array_pair2-&lt;lambda&gt;14]" time="0.010232686996459961"></testcase><testcase classname="src.pymortests.vectorarray" file="src/pymortests/vectorarray.py" line="546" name="test_dot[compatible_vector_array_pair2-&lt;lambda&gt;15]" time="0.014864206314086914"></testcase><testcase classname="src.pymortests.vectorarray" file="src/pymortests/vectorarray.py" line="546" name="test_dot[compatible_vector_array_pair2-&lt;lambda&gt;16]" time="0.023277759552001953"></testcase><testcase classname="src.pymortests.vectorarray" file="src/pymortests/vectorarray.py" line="546" name="test_dot[compatible_vector_array_pair2-&lt;lambda&gt;17]" time="0.03167557716369629"></testcase><testcase classname="src.pymortests.vectorarray" file="src/pymortests/vectorarray.py" line="546" name="test_dot[compatible_vector_array_pair2-&lt;lambda&gt;18]" time="0.009065628051757812"></testcase><testcase classname="src.pymortests.vectorarray" file="src/pymortests/vectorarray.py" line="546" name="test_dot[compatible_vector_array_pair2-&lt;lambda&gt;19]" time="0.005499601364135742"></testcase><testcase classname="src.pymortests.vectorarray" file="src/pymortests/vectorarray.py" line="546" name="test_dot[compatible_vector_array_pair2-&lt;lambda&gt;20]" time="0.10181903839111328"></testcase><testcase classname="src.pymortests.vectorarray" file="src/pymortests/vectorarray.py" line="546" name="test_dot[compatible_vector_array_pair2-&lt;lambda&gt;21]" time="0.0766913890838623"></testcase><testcase classname="src.pymortests.vectorarray" file="src/pymortests/vectorarray.py" line="546" name="test_dot[compatible_vector_array_pair2-&lt;lambda&gt;22]" time="0.9183251857757568"></testcase><testcase classname="src.pymortests.vectorarray" file="src/pymortests/vectorarray.py" line="546" name="test_dot[compatible_vector_array_pair2-&lt;lambda&gt;23]" time="0.014087677001953125"></testcase><testcase classname="src.pymortests.vectorarray" file="src/pymortests/vectorarray.py" line="546" name="test_dot[compatible_vector_array_pair2-&lt;lambda&gt;24]" time="0.004103899002075195"></testcase><testcase classname="src.pymortests.vectorarray" file="src/pymortests/vectorarray.py" line="546" name="test_dot[compatible_vector_array_pair2-&lt;lambda&gt;25]" time="0.00424957275390625"></testcase><testcase classname="src.pymortests.vectorarray" file="src/pymortests/vectorarray.py" line="546" name="test_dot[compatible_vector_array_pair2-&lt;lambda&gt;26]" time="0.0676422119140625"></testcase><testcase classname="src.pymortests.vectorarray" file="src/pymortests/vectorarray.py" line="546" name="test_dot[compatible_vector_array_pair2-&lt;lambda&gt;27]" time="0.08373117446899414"></testcase><testcase classname="src.pymortests.vectorarray" file="src/pymortests/vectorarray.py" line="546" name="test_dot[compatible_vector_array_pair2-&lt;lambda&gt;28]" time="0.7434961795806885"></testcase><testcase classname="src.pymortests.vectorarray" file="src/pymortests/vectorarray.py" line="546" name="test_dot[compatible_vector_array_pair2-&lt;lambda&gt;29]" time="0.01553654670715332"></testcase><testcase classname="src.pymortests.vectorarray" file="src/pymortests/vectorarray.py" line="546" name="test_dot[compatible_vector_array_pair3-&lt;lambda&gt;0]" time="0.0042684078216552734"></testcase><testcase classname="src.pymortests.vectorarray" file="src/pymortests/vectorarray.py" line="546" name="test_dot[compatible_vector_array_pair3-&lt;lambda&gt;1]" time="0.002129793167114258"></testcase><testcase classname="src.pymortests.vectorarray" file="src/pymortests/vectorarray.py" line="546" name="test_dot[compatible_vector_array_pair3-&lt;lambda&gt;2]" time="0.013341665267944336"></testcase><testcase classname="src.pymortests.vectorarray" file="src/pymortests/vectorarray.py" line="546" name="test_dot[compatible_vector_array_pair3-&lt;lambda&gt;3]" time="0.009453773498535156"></testcase><testcase classname="src.pymortests.vectorarray" file="src/pymortests/vectorarray.py" line="546" name="test_dot[compatible_vector_array_pair3-&lt;lambda&gt;4]" time="0.01424717903137207"></testcase><testcase classname="src.pymortests.vectorarray" file="src/pymortests/vectorarray.py" line="546" name="test_dot[compatible_vector_array_pair3-&lt;lambda&gt;5]" time="0.01021718978881836"></testcase><testcase classname="src.pymortests.vectorarray" file="src/pymortests/vectorarray.py" line="546" name="test_dot[compatible_vector_array_pair3-&lt;lambda&gt;6]" time="0.004093647003173828"></testcase><testcase classname="src.pymortests.vectorarray" file="src/pymortests/vectorarray.py" line="546" name="test_dot[compatible_vector_array_pair3-&lt;lambda&gt;7]" time="0.002184152603149414"></testcase><testcase classname="src.pymortests.vectorarray" file="src/pymortests/vectorarray.py" line="546" name="test_dot[compatible_vector_array_pair3-&lt;lambda&gt;8]" time="0.03247666358947754"></testcase><testcase classname="src.pymortests.vectorarray" file="src/pymortests/vectorarray.py" line="546" name="test_dot[compatible_vector_array_pair3-&lt;lambda&gt;9]" time="0.06374883651733398"></testcase><testcase classname="src.pymortests.vectorarray" file="src/pymortests/vectorarray.py" line="546" name="test_dot[compatible_vector_array_pair3-&lt;lambda&gt;10]" time="0.9550685882568359"></testcase><testcase classname="src.pymortests.vectorarray" file="src/pymortests/vectorarray.py" line="546" name="test_dot[compatible_vector_array_pair3-&lt;lambda&gt;11]" time="0.010794639587402344"></testcase><testcase classname="src.pymortests.vectorarray" file="src/pymortests/vectorarray.py" line="546" name="test_dot[compatible_vector_array_pair3-&lt;lambda&gt;12]" time="0.00619959831237793"></testcase><testcase classname="src.pymortests.vectorarray" file="src/pymortests/vectorarray.py" line="546" name="test_dot[compatible_vector_array_pair3-&lt;lambda&gt;13]" time="0.003442049026489258"></testcase><testcase classname="src.pymortests.vectorarray" file="src/pymortests/vectorarray.py" line="546" name="test_dot[compatible_vector_array_pair3-&lt;lambda&gt;14]" time="0.00983881950378418"></testcase><testcase classname="src.pymortests.vectorarray" file="src/pymortests/vectorarray.py" line="546" name="test_dot[compatible_vector_array_pair3-&lt;lambda&gt;15]" time="0.014853954315185547"></testcase><testcase classname="src.pymortests.vectorarray" file="src/pymortests/vectorarray.py" line="546" name="test_dot[compatible_vector_array_pair3-&lt;lambda&gt;16]" time="0.020325183868408203"></testcase><testcase classname="src.pymortests.vectorarray" file="src/pymortests/vectorarray.py" line="546" name="test_dot[compatible_vector_array_pair3-&lt;lambda&gt;17]" time="0.031146526336669922"></testcase><testcase classname="src.pymortests.vectorarray" file="src/pymortests/vectorarray.py" line="546" name="test_dot[compatible_vector_array_pair3-&lt;lambda&gt;18]" time="0.009087324142456055"></testcase><testcase classname="src.pymortests.vectorarray" file="src/pymortests/vectorarray.py" line="546" name="test_dot[compatible_vector_array_pair3-&lt;lambda&gt;19]" time="0.004837512969970703"></testcase><testcase classname="src.pymortests.vectorarray" file="src/pymortests/vectorarray.py" line="546" name="test_dot[compatible_vector_array_pair3-&lt;lambda&gt;20]" time="0.09064650535583496"></testcase><testcase classname="src.pymortests.vectorarray" file="src/pymortests/vectorarray.py" line="546" name="test_dot[compatible_vector_array_pair3-&lt;lambda&gt;21]" time="0.07576227188110352"></testcase><testcase classname="src.pymortests.vectorarray" file="src/pymortests/vectorarray.py" line="546" name="test_dot[compatible_vector_array_pair3-&lt;lambda&gt;22]" time="0.9306409358978271"></testcase><testcase classname="src.pymortests.vectorarray" file="src/pymortests/vectorarray.py" line="546" name="test_dot[compatible_vector_array_pair3-&lt;lambda&gt;23]" time="0.015384912490844727"></testcase><testcase classname="src.pymortests.vectorarray" file="src/pymortests/vectorarray.py" line="546" name="test_dot[compatible_vector_array_pair3-&lt;lambda&gt;24]" time="0.004570484161376953"></testcase><testcase classname="src.pymortests.vectorarray" file="src/pymortests/vectorarray.py" line="546" name="test_dot[compatible_vector_array_pair3-&lt;lambda&gt;25]" time="0.003563404083251953"></testcase><testcase classname="src.pymortests.vectorarray" file="src/pymortests/vectorarray.py" line="546" name="test_dot[compatible_vector_array_pair3-&lt;lambda&gt;26]" time="0.047615766525268555"></testcase><testcase classname="src.pymortests.vectorarray" file="src/pymortests/vectorarray.py" line="546" name="test_dot[compatible_vector_array_pair3-&lt;lambda&gt;27]" time="0.09818696975708008"></testcase><testcase classname="src.pymortests.vectorarray" file="src/pymortests/vectorarray.py" line="546" name="test_dot[compatible_vector_array_pair3-&lt;lambda&gt;28]" time="0.7160940170288086"></testcase><testcase classname="src.pymortests.vectorarray" file="src/pymortests/vectorarray.py" line="546" name="test_dot[compatible_vector_array_pair3-&lt;lambda&gt;29]" time="0.015618562698364258"></testcase><testcase classname="src.pymortests.vectorarray" file="src/pymortests/vectorarray.py" line="546" name="test_dot[compatible_vector_array_pair4-&lt;lambda&gt;0]" time="0.004400730133056641"></testcase><testcase classname="src.pymortests.vectorarray" file="src/pymortests/vectorarray.py" line="546" name="test_dot[compatible_vector_array_pair4-&lt;lambda&gt;1]" time="0.002149343490600586"></testcase><testcase classname="src.pymortests.vectorarray" file="src/pymortests/vectorarray.py" line="546" name="test_dot[compatible_vector_array_pair4-&lt;lambda&gt;2]" time="0.00758814811706543"></testcase><testcase classname="src.pymortests.vectorarray" file="src/pymortests/vectorarray.py" line="546" name="test_dot[compatible_vector_array_pair4-&lt;lambda&gt;3]" time="0.009919881820678711"></testcase><testcase classname="src.pymortests.vectorarray" file="src/pymortests/vectorarray.py" line="546" name="test_dot[compatible_vector_array_pair4-&lt;lambda&gt;4]" time="0.013803958892822266"></testcase><testcase classname="src.pymortests.vectorarray" file="src/pymortests/vectorarray.py" line="546" name="test_dot[compatible_vector_array_pair4-&lt;lambda&gt;5]" time="0.008562803268432617"></testcase><testcase classname="src.pymortests.vectorarray" file="src/pymortests/vectorarray.py" line="546" name="test_dot[compatible_vector_array_pair4-&lt;lambda&gt;6]" time="0.0030183792114257812"></testcase><testcase classname="src.pymortests.vectorarray" file="src/pymortests/vectorarray.py" line="546" name="test_dot[compatible_vector_array_pair4-&lt;lambda&gt;7]" time="0.00213623046875"></testcase><testcase classname="src.pymortests.vectorarray" file="src/pymortests/vectorarray.py" line="546" name="test_dot[compatible_vector_array_pair4-&lt;lambda&gt;8]" time="0.03262734413146973"></testcase><testcase classname="src.pymortests.vectorarray" file="src/pymortests/vectorarray.py" line="546" name="test_dot[compatible_vector_array_pair4-&lt;lambda&gt;9]" time="0.06366944313049316"></testcase><testcase classname="src.pymortests.vectorarray" file="src/pymortests/vectorarray.py" line="546" name="test_dot[compatible_vector_array_pair4-&lt;lambda&gt;10]" time="0.9467206001281738"></testcase><testcase classname="src.pymortests.vectorarray" file="src/pymortests/vectorarray.py" line="546" name="test_dot[compatible_vector_array_pair4-&lt;lambda&gt;11]" time="0.01081705093383789"></testcase><testcase classname="src.pymortests.vectorarray" file="src/pymortests/vectorarray.py" line="546" name="test_dot[compatible_vector_array_pair4-&lt;lambda&gt;12]" time="0.006131649017333984"></testcase><testcase classname="src.pymortests.vectorarray" file="src/pymortests/vectorarray.py" line="546" name="test_dot[compatible_vector_array_pair4-&lt;lambda&gt;13]" time="0.003680706024169922"></testcase><testcase classname="src.pymortests.vectorarray" file="src/pymortests/vectorarray.py" line="546" name="test_dot[compatible_vector_array_pair4-&lt;lambda&gt;14]" time="0.010222673416137695"></testcase><testcase classname="src.pymortests.vectorarray" file="src/pymortests/vectorarray.py" line="546" name="test_dot[compatible_vector_array_pair4-&lt;lambda&gt;15]" time="0.015346527099609375"></testcase><testcase classname="src.pymortests.vectorarray" file="src/pymortests/vectorarray.py" line="546" name="test_dot[compatible_vector_array_pair4-&lt;lambda&gt;16]" time="0.021640777587890625"></testcase><testcase classname="src.pymortests.vectorarray" file="src/pymortests/vectorarray.py" line="546" name="test_dot[compatible_vector_array_pair4-&lt;lambda&gt;17]" time="0.0343928337097168"></testcase><testcase classname="src.pymortests.vectorarray" file="src/pymortests/vectorarray.py" line="546" name="test_dot[compatible_vector_array_pair4-&lt;lambda&gt;18]" time="0.010272026062011719"></testcase><testcase classname="src.pymortests.vectorarray" file="src/pymortests/vectorarray.py" line="546" name="test_dot[compatible_vector_array_pair4-&lt;lambda&gt;19]" time="0.005679130554199219"></testcase><testcase classname="src.pymortests.vectorarray" file="src/pymortests/vectorarray.py" line="546" name="test_dot[compatible_vector_array_pair4-&lt;lambda&gt;20]" time="0.10524272918701172"></testcase><testcase classname="src.pymortests.vectorarray" file="src/pymortests/vectorarray.py" line="546" name="test_dot[compatible_vector_array_pair4-&lt;lambda&gt;21]" time="0.07844400405883789"></testcase><testcase classname="src.pymortests.vectorarray" file="src/pymortests/vectorarray.py" line="546" name="test_dot[compatible_vector_array_pair4-&lt;lambda&gt;22]" time="0.9376182556152344"></testcase><testcase classname="src.pymortests.vectorarray" file="src/pymortests/vectorarray.py" line="546" name="test_dot[compatible_vector_array_pair4-&lt;lambda&gt;23]" time="0.015068292617797852"></testcase><testcase classname="src.pymortests.vectorarray" file="src/pymortests/vectorarray.py" line="546" name="test_dot[compatible_vector_array_pair4-&lt;lambda&gt;24]" time="0.0044438838958740234"></testcase><testcase classname="src.pymortests.vectorarray" file="src/pymortests/vectorarray.py" line="546" name="test_dot[compatible_vector_array_pair4-&lt;lambda&gt;25]" time="0.0042874813079833984"></testcase><testcase classname="src.pymortests.vectorarray" file="src/pymortests/vectorarray.py" line="546" name="test_dot[compatible_vector_array_pair4-&lt;lambda&gt;26]" time="0.06786537170410156"></testcase><testcase classname="src.pymortests.vectorarray" file="src/pymortests/vectorarray.py" line="546" name="test_dot[compatible_vector_array_pair4-&lt;lambda&gt;27]" time="0.10821270942687988"></testcase><testcase classname="src.pymortests.vectorarray" file="src/pymortests/vectorarray.py" line="546" name="test_dot[compatible_vector_array_pair4-&lt;lambda&gt;28]" time="0.793426513671875"></testcase><testcase classname="src.pymortests.vectorarray" file="src/pymortests/vectorarray.py" line="546" name="test_dot[compatible_vector_array_pair4-&lt;lambda&gt;29]" time="0.017104625701904297"></testcase><testcase classname="src.pymortests.vectorarray" file="src/pymortests/vectorarray.py" line="546" name="test_dot[compatible_vector_array_pair5-&lt;lambda&gt;0]" time="0.004370450973510742"></testcase><testcase classname="src.pymortests.vectorarray" file="src/pymortests/vectorarray.py" line="546" name="test_dot[compatible_vector_array_pair5-&lt;lambda&gt;1]" time="0.0022270679473876953"></testcase><testcase classname="src.pymortests.vectorarray" file="src/pymortests/vectorarray.py" line="546" name="test_dot[compatible_vector_array_pair5-&lt;lambda&gt;2]" time="0.007761478424072266"></testcase><testcase classname="src.pymortests.vectorarray" file="src/pymortests/vectorarray.py" line="546" name="test_dot[compatible_vector_array_pair5-&lt;lambda&gt;3]" time="0.0098876953125"></testcase><testcase classname="src.pymortests.vectorarray" file="src/pymortests/vectorarray.py" line="546" name="test_dot[compatible_vector_array_pair5-&lt;lambda&gt;4]" time="0.014442920684814453"></testcase><testcase classname="src.pymortests.vectorarray" file="src/pymortests/vectorarray.py" line="546" name="test_dot[compatible_vector_array_pair5-&lt;lambda&gt;5]" time="0.009492874145507812"></testcase><testcase classname="src.pymortests.vectorarray" file="src/pymortests/vectorarray.py" line="546" name="test_dot[compatible_vector_array_pair5-&lt;lambda&gt;6]" time="0.004172086715698242"></testcase><testcase classname="src.pymortests.vectorarray" file="src/pymortests/vectorarray.py" line="546" name="test_dot[compatible_vector_array_pair5-&lt;lambda&gt;7]" time="0.0022330284118652344"></testcase><testcase classname="src.pymortests.vectorarray" file="src/pymortests/vectorarray.py" line="546" name="test_dot[compatible_vector_array_pair5-&lt;lambda&gt;8]" time="0.03466010093688965"></testcase><testcase classname="src.pymortests.vectorarray" file="src/pymortests/vectorarray.py" line="546" name="test_dot[compatible_vector_array_pair5-&lt;lambda&gt;9]" time="0.06610751152038574"></testcase><testcase classname="src.pymortests.vectorarray" file="src/pymortests/vectorarray.py" line="546" name="test_dot[compatible_vector_array_pair5-&lt;lambda&gt;10]" time="0.9485476016998291"></testcase><testcase classname="src.pymortests.vectorarray" file="src/pymortests/vectorarray.py" line="546" name="test_dot[compatible_vector_array_pair5-&lt;lambda&gt;11]" time="0.010675907135009766"></testcase><testcase classname="src.pymortests.vectorarray" file="src/pymortests/vectorarray.py" line="546" name="test_dot[compatible_vector_array_pair5-&lt;lambda&gt;12]" time="0.006058454513549805"></testcase><testcase classname="src.pymortests.vectorarray" file="src/pymortests/vectorarray.py" line="546" name="test_dot[compatible_vector_array_pair5-&lt;lambda&gt;13]" time="0.003553152084350586"></testcase><testcase classname="src.pymortests.vectorarray" file="src/pymortests/vectorarray.py" line="546" name="test_dot[compatible_vector_array_pair5-&lt;lambda&gt;14]" time="0.010065793991088867"></testcase><testcase classname="src.pymortests.vectorarray" file="src/pymortests/vectorarray.py" line="546" name="test_dot[compatible_vector_array_pair5-&lt;lambda&gt;15]" time="0.015272140502929688"></testcase><testcase classname="src.pymortests.vectorarray" file="src/pymortests/vectorarray.py" line="546" name="test_dot[compatible_vector_array_pair5-&lt;lambda&gt;16]" time="0.020093917846679688"></testcase><testcase classname="src.pymortests.vectorarray" file="src/pymortests/vectorarray.py" line="546" name="test_dot[compatible_vector_array_pair5-&lt;lambda&gt;17]" time="0.031052827835083008"></testcase><testcase classname="src.pymortests.vectorarray" file="src/pymortests/vectorarray.py" line="546" name="test_dot[compatible_vector_array_pair5-&lt;lambda&gt;18]" time="0.009182453155517578"></testcase><testcase classname="src.pymortests.vectorarray" file="src/pymortests/vectorarray.py" line="546" name="test_dot[compatible_vector_array_pair5-&lt;lambda&gt;19]" time="0.004622936248779297"></testcase><testcase classname="src.pymortests.vectorarray" file="src/pymortests/vectorarray.py" line="546" name="test_dot[compatible_vector_array_pair5-&lt;lambda&gt;20]" time="0.09517049789428711"></testcase><testcase classname="src.pymortests.vectorarray" file="src/pymortests/vectorarray.py" line="546" name="test_dot[compatible_vector_array_pair5-&lt;lambda&gt;21]" time="0.08316898345947266"></testcase><testcase classname="src.pymortests.vectorarray" file="src/pymortests/vectorarray.py" line="546" name="test_dot[compatible_vector_array_pair5-&lt;lambda&gt;22]" time="0.928905725479126"></testcase><testcase classname="src.pymortests.vectorarray" file="src/pymortests/vectorarray.py" line="546" name="test_dot[compatible_vector_array_pair5-&lt;lambda&gt;23]" time="0.014519691467285156"></testcase><testcase classname="src.pymortests.vectorarray" file="src/pymortests/vectorarray.py" line="546" name="test_dot[compatible_vector_array_pair5-&lt;lambda&gt;24]" time="0.004297733306884766"></testcase><testcase classname="src.pymortests.vectorarray" file="src/pymortests/vectorarray.py" line="546" name="test_dot[compatible_vector_array_pair5-&lt;lambda&gt;25]" time="0.00410151481628418"></testcase><testcase classname="src.pymortests.vectorarray" file="src/pymortests/vectorarray.py" line="546" name="test_dot[compatible_vector_array_pair5-&lt;lambda&gt;26]" time="0.06617331504821777"></testcase><testcase classname="src.pymortests.vectorarray" file="src/pymortests/vectorarray.py" line="546" name="test_dot[compatible_vector_array_pair5-&lt;lambda&gt;27]" time="0.10254788398742676"></testcase><testcase classname="src.pymortests.vectorarray" file="src/pymortests/vectorarray.py" line="546" name="test_dot[compatible_vector_array_pair5-&lt;lambda&gt;28]" time="0.7823998928070068"></testcase><testcase classname="src.pymortests.vectorarray" file="src/pymortests/vectorarray.py" line="546" name="test_dot[compatible_vector_array_pair5-&lt;lambda&gt;29]" time="0.021463632583618164"></testcase><testcase classname="src.pymortests.vectorarray" file="src/pymortests/vectorarray.py" line="546" name="test_dot[compatible_vector_array_pair6-&lt;lambda&gt;0]" time="0.004422187805175781"></testcase><testcase classname="src.pymortests.vectorarray" file="src/pymortests/vectorarray.py" line="546" name="test_dot[compatible_vector_array_pair6-&lt;lambda&gt;1]" time="0.0022144317626953125"></testcase><testcase classname="src.pymortests.vectorarray" file="src/pymortests/vectorarray.py" line="546" name="test_dot[compatible_vector_array_pair6-&lt;lambda&gt;2]" time="0.0074634552001953125"></testcase><testcase classname="src.pymortests.vectorarray" file="src/pymortests/vectorarray.py" line="546" name="test_dot[compatible_vector_array_pair6-&lt;lambda&gt;3]" time="0.009489059448242188"></testcase><testcase classname="src.pymortests.vectorarray" file="src/pymortests/vectorarray.py" line="546" name="test_dot[compatible_vector_array_pair6-&lt;lambda&gt;4]" time="0.013784170150756836"></testcase><testcase classname="src.pymortests.vectorarray" file="src/pymortests/vectorarray.py" line="546" name="test_dot[compatible_vector_array_pair6-&lt;lambda&gt;5]" time="0.008406877517700195"></testcase><testcase classname="src.pymortests.vectorarray" file="src/pymortests/vectorarray.py" line="546" name="test_dot[compatible_vector_array_pair6-&lt;lambda&gt;6]" time="0.002980947494506836"></testcase><testcase classname="src.pymortests.vectorarray" file="src/pymortests/vectorarray.py" line="546" name="test_dot[compatible_vector_array_pair6-&lt;lambda&gt;7]" time="0.002033710479736328"></testcase><testcase classname="src.pymortests.vectorarray" file="src/pymortests/vectorarray.py" line="546" name="test_dot[compatible_vector_array_pair6-&lt;lambda&gt;8]" time="0.03210592269897461"></testcase><testcase classname="src.pymortests.vectorarray" file="src/pymortests/vectorarray.py" line="546" name="test_dot[compatible_vector_array_pair6-&lt;lambda&gt;9]" time="0.07011675834655762"></testcase><testcase classname="src.pymortests.vectorarray" file="src/pymortests/vectorarray.py" line="546" name="test_dot[compatible_vector_array_pair6-&lt;lambda&gt;10]" time="0.9410347938537598"></testcase><testcase classname="src.pymortests.vectorarray" file="src/pymortests/vectorarray.py" line="546" name="test_dot[compatible_vector_array_pair6-&lt;lambda&gt;11]" time="0.011047840118408203"></testcase><testcase classname="src.pymortests.vectorarray" file="src/pymortests/vectorarray.py" line="546" name="test_dot[compatible_vector_array_pair6-&lt;lambda&gt;12]" time="0.006269693374633789"></testcase><testcase classname="src.pymortests.vectorarray" file="src/pymortests/vectorarray.py" line="546" name="test_dot[compatible_vector_array_pair6-&lt;lambda&gt;13]" time="0.0037755966186523438"></testcase><testcase classname="src.pymortests.vectorarray" file="src/pymortests/vectorarray.py" line="546" name="test_dot[compatible_vector_array_pair6-&lt;lambda&gt;14]" time="0.010214567184448242"></testcase><testcase classname="src.pymortests.vectorarray" file="src/pymortests/vectorarray.py" line="546" name="test_dot[compatible_vector_array_pair6-&lt;lambda&gt;15]" time="0.015225410461425781"></testcase><testcase classname="src.pymortests.vectorarray" file="src/pymortests/vectorarray.py" line="546" name="test_dot[compatible_vector_array_pair6-&lt;lambda&gt;16]" time="0.020718812942504883"></testcase><testcase classname="src.pymortests.vectorarray" file="src/pymortests/vectorarray.py" line="546" name="test_dot[compatible_vector_array_pair6-&lt;lambda&gt;17]" time="0.031661033630371094"></testcase><testcase classname="src.pymortests.vectorarray" file="src/pymortests/vectorarray.py" line="546" name="test_dot[compatible_vector_array_pair6-&lt;lambda&gt;18]" time="0.009063959121704102"></testcase><testcase classname="src.pymortests.vectorarray" file="src/pymortests/vectorarray.py" line="546" name="test_dot[compatible_vector_array_pair6-&lt;lambda&gt;19]" time="0.004818439483642578"></testcase><testcase classname="src.pymortests.vectorarray" file="src/pymortests/vectorarray.py" line="546" name="test_dot[compatible_vector_array_pair6-&lt;lambda&gt;20]" time="0.09254741668701172"></testcase><testcase classname="src.pymortests.vectorarray" file="src/pymortests/vectorarray.py" line="546" name="test_dot[compatible_vector_array_pair6-&lt;lambda&gt;21]" time="0.07594966888427734"></testcase><testcase classname="src.pymortests.vectorarray" file="src/pymortests/vectorarray.py" line="546" name="test_dot[compatible_vector_array_pair6-&lt;lambda&gt;22]" time="0.9327805042266846"></testcase><testcase classname="src.pymortests.vectorarray" file="src/pymortests/vectorarray.py" line="546" name="test_dot[compatible_vector_array_pair6-&lt;lambda&gt;23]" time="0.01381826400756836"></testcase><testcase classname="src.pymortests.vectorarray" file="src/pymortests/vectorarray.py" line="546" name="test_dot[compatible_vector_array_pair6-&lt;lambda&gt;24]" time="0.0043408870697021484"></testcase><testcase classname="src.pymortests.vectorarray" file="src/pymortests/vectorarray.py" line="546" name="test_dot[compatible_vector_array_pair6-&lt;lambda&gt;25]" time="0.003309011459350586"></testcase><testcase classname="src.pymortests.vectorarray" file="src/pymortests/vectorarray.py" line="546" name="test_dot[compatible_vector_array_pair6-&lt;lambda&gt;26]" time="0.04753375053405762"></testcase><testcase classname="src.pymortests.vectorarray" file="src/pymortests/vectorarray.py" line="546" name="test_dot[compatible_vector_array_pair6-&lt;lambda&gt;27]" time="0.09837150573730469"></testcase><testcase classname="src.pymortests.vectorarray" file="src/pymortests/vectorarray.py" line="546" name="test_dot[compatible_vector_array_pair6-&lt;lambda&gt;28]" time="0.7267978191375732"></testcase><testcase classname="src.pymortests.vectorarray" file="src/pymortests/vectorarray.py" line="546" name="test_dot[compatible_vector_array_pair6-&lt;lambda&gt;29]" time="0.01619744300842285"></testcase><testcase classname="src.pymortests.vectorarray" file="src/pymortests/vectorarray.py" line="546" name="test_dot[compatible_vector_array_pair7-&lt;lambda&gt;0]" time="0.004494428634643555"></testcase><testcase classname="src.pymortests.vectorarray" file="src/pymortests/vectorarray.py" line="546" name="test_dot[compatible_vector_array_pair7-&lt;lambda&gt;1]" time="0.0023474693298339844"></testcase><testcase classname="src.pymortests.vectorarray" file="src/pymortests/vectorarray.py" line="546" name="test_dot[compatible_vector_array_pair7-&lt;lambda&gt;2]" time="0.0076482295989990234"></testcase><testcase classname="src.pymortests.vectorarray" file="src/pymortests/vectorarray.py" line="546" name="test_dot[compatible_vector_array_pair7-&lt;lambda&gt;3]" time="0.010731697082519531"></testcase><testcase classname="src.pymortests.vectorarray" file="src/pymortests/vectorarray.py" line="546" name="test_dot[compatible_vector_array_pair7-&lt;lambda&gt;4]" time="0.01605367660522461"></testcase><testcase classname="src.pymortests.vectorarray" file="src/pymortests/vectorarray.py" line="546" name="test_dot[compatible_vector_array_pair7-&lt;lambda&gt;5]" time="0.011353492736816406"></testcase><testcase classname="src.pymortests.vectorarray" file="src/pymortests/vectorarray.py" line="546" name="test_dot[compatible_vector_array_pair7-&lt;lambda&gt;6]" time="0.004303693771362305"></testcase><testcase classname="src.pymortests.vectorarray" file="src/pymortests/vectorarray.py" line="546" name="test_dot[compatible_vector_array_pair7-&lt;lambda&gt;7]" time="0.0024063587188720703"></testcase><testcase classname="src.pymortests.vectorarray" file="src/pymortests/vectorarray.py" line="546" name="test_dot[compatible_vector_array_pair7-&lt;lambda&gt;8]" time="0.036620140075683594"></testcase><testcase classname="src.pymortests.vectorarray" file="src/pymortests/vectorarray.py" line="546" name="test_dot[compatible_vector_array_pair7-&lt;lambda&gt;9]" time="0.06638813018798828"></testcase><testcase classname="src.pymortests.vectorarray" file="src/pymortests/vectorarray.py" line="546" name="test_dot[compatible_vector_array_pair7-&lt;lambda&gt;10]" time="0.9634304046630859"></testcase><testcase classname="src.pymortests.vectorarray" file="src/pymortests/vectorarray.py" line="546" name="test_dot[compatible_vector_array_pair7-&lt;lambda&gt;11]" time="0.010869026184082031"></testcase><testcase classname="src.pymortests.vectorarray" file="src/pymortests/vectorarray.py" line="546" name="test_dot[compatible_vector_array_pair7-&lt;lambda&gt;12]" time="0.006726741790771484"></testcase><testcase classname="src.pymortests.vectorarray" file="src/pymortests/vectorarray.py" line="546" name="test_dot[compatible_vector_array_pair7-&lt;lambda&gt;13]" time="0.003821134567260742"></testcase><testcase classname="src.pymortests.vectorarray" file="src/pymortests/vectorarray.py" line="546" name="test_dot[compatible_vector_array_pair7-&lt;lambda&gt;14]" time="0.011206865310668945"></testcase><testcase classname="src.pymortests.vectorarray" file="src/pymortests/vectorarray.py" line="546" name="test_dot[compatible_vector_array_pair7-&lt;lambda&gt;15]" time="0.01663684844970703"></testcase><testcase classname="src.pymortests.vectorarray" file="src/pymortests/vectorarray.py" line="546" name="test_dot[compatible_vector_array_pair7-&lt;lambda&gt;16]" time="0.02237081527709961"></testcase><testcase classname="src.pymortests.vectorarray" file="src/pymortests/vectorarray.py" line="546" name="test_dot[compatible_vector_array_pair7-&lt;lambda&gt;17]" time="0.03424263000488281"></testcase><testcase classname="src.pymortests.vectorarray" file="src/pymortests/vectorarray.py" line="546" name="test_dot[compatible_vector_array_pair7-&lt;lambda&gt;18]" time="0.00959920883178711"></testcase><testcase classname="src.pymortests.vectorarray" file="src/pymortests/vectorarray.py" line="546" name="test_dot[compatible_vector_array_pair7-&lt;lambda&gt;19]" time="0.005478620529174805"></testcase><testcase classname="src.pymortests.vectorarray" file="src/pymortests/vectorarray.py" line="546" name="test_dot[compatible_vector_array_pair7-&lt;lambda&gt;20]" time="0.09621691703796387"></testcase><testcase classname="src.pymortests.vectorarray" file="src/pymortests/vectorarray.py" line="546" name="test_dot[compatible_vector_array_pair7-&lt;lambda&gt;21]" time="0.07909250259399414"></testcase><testcase classname="src.pymortests.vectorarray" file="src/pymortests/vectorarray.py" line="546" name="test_dot[compatible_vector_array_pair7-&lt;lambda&gt;22]" time="0.962047815322876"></testcase><testcase classname="src.pymortests.vectorarray" file="src/pymortests/vectorarray.py" line="546" name="test_dot[compatible_vector_array_pair7-&lt;lambda&gt;23]" time="0.014784097671508789"></testcase><testcase classname="src.pymortests.vectorarray" file="src/pymortests/vectorarray.py" line="546" name="test_dot[compatible_vector_array_pair7-&lt;lambda&gt;24]" time="0.004242420196533203"></testcase><testcase classname="src.pymortests.vectorarray" file="src/pymortests/vectorarray.py" line="546" name="test_dot[compatible_vector_array_pair7-&lt;lambda&gt;25]" time="0.004529714584350586"></testcase><testcase classname="src.pymortests.vectorarray" file="src/pymortests/vectorarray.py" line="546" name="test_dot[compatible_vector_array_pair7-&lt;lambda&gt;26]" time="0.0729975700378418"></testcase><testcase classname="src.pymortests.vectorarray" file="src/pymortests/vectorarray.py" line="546" name="test_dot[compatible_vector_array_pair7-&lt;lambda&gt;27]" time="0.11146330833435059"></testcase><testcase classname="src.pymortests.vectorarray" file="src/pymortests/vectorarray.py" line="546" name="test_dot[compatible_vector_array_pair7-&lt;lambda&gt;28]" time="0.8019475936889648"></testcase><testcase classname="src.pymortests.vectorarray" file="src/pymortests/vectorarray.py" line="546" name="test_dot[compatible_vector_array_pair7-&lt;lambda&gt;29]" time="0.01749563217163086"></testcase><testcase classname="src.pymortests.vectorarray" file="src/pymortests/vectorarray.py" line="546" name="test_dot[compatible_vector_array_pair8-&lt;lambda&gt;0]" time="0.004399538040161133"></testcase><testcase classname="src.pymortests.vectorarray" file="src/pymortests/vectorarray.py" line="546" name="test_dot[compatible_vector_array_pair8-&lt;lambda&gt;1]" time="0.0022470951080322266"></testcase><testcase classname="src.pymortests.vectorarray" file="src/pymortests/vectorarray.py" line="546" name="test_dot[compatible_vector_array_pair8-&lt;lambda&gt;2]" time="0.0075836181640625"></testcase><testcase classname="src.pymortests.vectorarray" file="src/pymortests/vectorarray.py" line="546" name="test_dot[compatible_vector_array_pair8-&lt;lambda&gt;3]" time="0.011825799942016602"></testcase><testcase classname="src.pymortests.vectorarray" file="src/pymortests/vectorarray.py" line="546" name="test_dot[compatible_vector_array_pair8-&lt;lambda&gt;4]" time="0.014785289764404297"></testcase><testcase classname="src.pymortests.vectorarray" file="src/pymortests/vectorarray.py" line="546" name="test_dot[compatible_vector_array_pair8-&lt;lambda&gt;5]" time="0.009956836700439453"></testcase><testcase classname="src.pymortests.vectorarray" file="src/pymortests/vectorarray.py" line="546" name="test_dot[compatible_vector_array_pair8-&lt;lambda&gt;6]" time="0.004037618637084961"></testcase><testcase classname="src.pymortests.vectorarray" file="src/pymortests/vectorarray.py" line="546" name="test_dot[compatible_vector_array_pair8-&lt;lambda&gt;7]" time="0.0021560192108154297"></testcase><testcase classname="src.pymortests.vectorarray" file="src/pymortests/vectorarray.py" line="546" name="test_dot[compatible_vector_array_pair8-&lt;lambda&gt;8]" time="0.033863067626953125"></testcase><testcase classname="src.pymortests.vectorarray" file="src/pymortests/vectorarray.py" line="546" name="test_dot[compatible_vector_array_pair8-&lt;lambda&gt;9]" time="0.06706476211547852"></testcase><testcase classname="src.pymortests.vectorarray" file="src/pymortests/vectorarray.py" line="546" name="test_dot[compatible_vector_array_pair8-&lt;lambda&gt;10]" time="0.9544618129730225"></testcase><testcase classname="src.pymortests.vectorarray" file="src/pymortests/vectorarray.py" line="546" name="test_dot[compatible_vector_array_pair8-&lt;lambda&gt;11]" time="0.01134943962097168"></testcase><testcase classname="src.pymortests.vectorarray" file="src/pymortests/vectorarray.py" line="546" name="test_dot[compatible_vector_array_pair8-&lt;lambda&gt;12]" time="0.006180763244628906"></testcase><testcase classname="src.pymortests.vectorarray" file="src/pymortests/vectorarray.py" line="546" name="test_dot[compatible_vector_array_pair8-&lt;lambda&gt;13]" time="0.0036666393280029297"></testcase><testcase classname="src.pymortests.vectorarray" file="src/pymortests/vectorarray.py" line="546" name="test_dot[compatible_vector_array_pair8-&lt;lambda&gt;14]" time="0.009999513626098633"></testcase><testcase classname="src.pymortests.vectorarray" file="src/pymortests/vectorarray.py" line="546" name="test_dot[compatible_vector_array_pair8-&lt;lambda&gt;15]" time="0.015216588973999023"></testcase><testcase classname="src.pymortests.vectorarray" file="src/pymortests/vectorarray.py" line="546" name="test_dot[compatible_vector_array_pair8-&lt;lambda&gt;16]" time="0.020369529724121094"></testcase><testcase classname="src.pymortests.vectorarray" file="src/pymortests/vectorarray.py" line="546" name="test_dot[compatible_vector_array_pair8-&lt;lambda&gt;17]" time="0.03283071517944336"></testcase><testcase classname="src.pymortests.vectorarray" file="src/pymortests/vectorarray.py" line="546" name="test_dot[compatible_vector_array_pair8-&lt;lambda&gt;18]" time="0.014452219009399414"></testcase><testcase classname="src.pymortests.vectorarray" file="src/pymortests/vectorarray.py" line="546" name="test_dot[compatible_vector_array_pair8-&lt;lambda&gt;19]" time="0.004639148712158203"></testcase><testcase classname="src.pymortests.vectorarray" file="src/pymortests/vectorarray.py" line="546" name="test_dot[compatible_vector_array_pair8-&lt;lambda&gt;20]" time="0.0988302230834961"></testcase><testcase classname="src.pymortests.vectorarray" file="src/pymortests/vectorarray.py" line="546" name="test_dot[compatible_vector_array_pair8-&lt;lambda&gt;21]" time="0.09134912490844727"></testcase><testcase classname="src.pymortests.vectorarray" file="src/pymortests/vectorarray.py" line="546" name="test_dot[compatible_vector_array_pair8-&lt;lambda&gt;22]" time="0.9257562160491943"></testcase><testcase classname="src.pymortests.vectorarray" file="src/pymortests/vectorarray.py" line="546" name="test_dot[compatible_vector_array_pair8-&lt;lambda&gt;23]" time="0.014846324920654297"></testcase><testcase classname="src.pymortests.vectorarray" file="src/pymortests/vectorarray.py" line="546" name="test_dot[compatible_vector_array_pair8-&lt;lambda&gt;24]" time="0.0045320987701416016"></testcase><testcase classname="src.pymortests.vectorarray" file="src/pymortests/vectorarray.py" line="546" name="test_dot[compatible_vector_array_pair8-&lt;lambda&gt;25]" time="0.004381656646728516"></testcase><testcase classname="src.pymortests.vectorarray" file="src/pymortests/vectorarray.py" line="546" name="test_dot[compatible_vector_array_pair8-&lt;lambda&gt;26]" time="0.07003641128540039"></testcase><testcase classname="src.pymortests.vectorarray" file="src/pymortests/vectorarray.py" line="546" name="test_dot[compatible_vector_array_pair8-&lt;lambda&gt;27]" time="0.10543704032897949"></testcase><testcase classname="src.pymortests.vectorarray" file="src/pymortests/vectorarray.py" line="546" name="test_dot[compatible_vector_array_pair8-&lt;lambda&gt;28]" time="0.8300817012786865"></testcase><testcase classname="src.pymortests.vectorarray" file="src/pymortests/vectorarray.py" line="546" name="test_dot[compatible_vector_array_pair8-&lt;lambda&gt;29]" time="0.017247438430786133"></testcase><testcase classname="src.pymortests.vectorarray" file="src/pymortests/vectorarray.py" line="561" name="test_dot_self[0-&lt;lambda&gt;0]" time="0.0050640106201171875"></testcase><testcase classname="src.pymortests.vectorarray" file="src/pymortests/vectorarray.py" line="561" name="test_dot_self[0-&lt;lambda&gt;1]" time="0.003991127014160156"></testcase><testcase classname="src.pymortests.vectorarray" file="src/pymortests/vectorarray.py" line="561" name="test_dot_self[0-&lt;lambda&gt;2]" time="0.0074083805084228516"></testcase><testcase classname="src.pymortests.vectorarray" file="src/pymortests/vectorarray.py" line="561" name="test_dot_self[0-&lt;lambda&gt;3]" time="0.018526554107666016"></testcase><testcase classname="src.pymortests.vectorarray" file="src/pymortests/vectorarray.py" line="561" name="test_dot_self[0-&lt;lambda&gt;4]" time="0.019089698791503906"></testcase><testcase classname="src.pymortests.vectorarray" file="src/pymortests/vectorarray.py" line="561" name="test_dot_self[0-&lt;lambda&gt;5]" time="0.004860639572143555"></testcase><testcase classname="src.pymortests.vectorarray" file="src/pymortests/vectorarray.py" line="561" name="test_dot_self[0-&lt;lambda&gt;6]" time="0.0037164688110351562"></testcase><testcase classname="src.pymortests.vectorarray" file="src/pymortests/vectorarray.py" line="561" name="test_dot_self[0-&lt;lambda&gt;7]" time="0.015621423721313477"></testcase><testcase classname="src.pymortests.vectorarray" file="src/pymortests/vectorarray.py" line="561" name="test_dot_self[0-&lt;lambda&gt;8]" time="0.43712377548217773"></testcase><testcase classname="src.pymortests.vectorarray" file="src/pymortests/vectorarray.py" line="561" name="test_dot_self[0-&lt;lambda&gt;9]" time="2.2857627868652344"></testcase><testcase classname="src.pymortests.vectorarray" file="src/pymortests/vectorarray.py" line="561" name="test_dot_self[0-&lt;lambda&gt;10]" time="0.007600545883178711"></testcase><testcase classname="src.pymortests.vectorarray" file="src/pymortests/vectorarray.py" line="561" name="test_dot_self[0-&lt;lambda&gt;11]" time="0.018398284912109375"></testcase><testcase classname="src.pymortests.vectorarray" file="src/pymortests/vectorarray.py" line="561" name="test_dot_self[0-&lt;lambda&gt;12]" time="0.019042015075683594"></testcase><testcase classname="src.pymortests.vectorarray" file="src/pymortests/vectorarray.py" line="561" name="test_dot_self[0-&lt;lambda&gt;13]" time="0.012323617935180664"></testcase><testcase classname="src.pymortests.vectorarray" file="src/pymortests/vectorarray.py" line="561" name="test_dot_self[0-&lt;lambda&gt;14]" time="0.020255327224731445"></testcase><testcase classname="src.pymortests.vectorarray" file="src/pymortests/vectorarray.py" line="561" name="test_dot_self[0-&lt;lambda&gt;15]" time="0.034269094467163086"></testcase><testcase classname="src.pymortests.vectorarray" file="src/pymortests/vectorarray.py" line="561" name="test_dot_self[0-&lt;lambda&gt;16]" time="0.04369091987609863"></testcase><testcase classname="src.pymortests.vectorarray" file="src/pymortests/vectorarray.py" line="561" name="test_dot_self[0-&lt;lambda&gt;17]" time="0.00968027114868164"></testcase><testcase classname="src.pymortests.vectorarray" file="src/pymortests/vectorarray.py" line="561" name="test_dot_self[0-&lt;lambda&gt;18]" time="0.010028839111328125"></testcase><testcase classname="src.pymortests.vectorarray" file="src/pymortests/vectorarray.py" line="561" name="test_dot_self[0-&lt;lambda&gt;19]" time="0.023722171783447266"></testcase><testcase classname="src.pymortests.vectorarray" file="src/pymortests/vectorarray.py" line="561" name="test_dot_self[0-&lt;lambda&gt;20]" time="0.4110739231109619"></testcase><testcase classname="src.pymortests.vectorarray" file="src/pymortests/vectorarray.py" line="561" name="test_dot_self[0-&lt;lambda&gt;21]" time="2.159278154373169"></testcase><testcase classname="src.pymortests.vectorarray" file="src/pymortests/vectorarray.py" line="561" name="test_dot_self[0-&lt;lambda&gt;22]" time="0.004601240158081055"></testcase><testcase classname="src.pymortests.vectorarray" file="src/pymortests/vectorarray.py" line="561" name="test_dot_self[0-&lt;lambda&gt;23]" time="0.00394749641418457"></testcase><testcase classname="src.pymortests.vectorarray" file="src/pymortests/vectorarray.py" line="561" name="test_dot_self[0-&lt;lambda&gt;24]" time="0.013038873672485352"></testcase><testcase classname="src.pymortests.vectorarray" file="src/pymortests/vectorarray.py" line="561" name="test_dot_self[0-&lt;lambda&gt;25]" time="0.2843015193939209"></testcase><testcase classname="src.pymortests.vectorarray" file="src/pymortests/vectorarray.py" line="561" name="test_dot_self[0-&lt;lambda&gt;26]" time="1.36686372756958"></testcase><testcase classname="src.pymortests.vectorarray" file="src/pymortests/vectorarray.py" line="561" name="test_dot_self[1-&lt;lambda&gt;0]" time="0.004856109619140625"></testcase><testcase classname="src.pymortests.vectorarray" file="src/pymortests/vectorarray.py" line="561" name="test_dot_self[1-&lt;lambda&gt;1]" time="0.0038907527923583984"></testcase><testcase classname="src.pymortests.vectorarray" file="src/pymortests/vectorarray.py" line="561" name="test_dot_self[1-&lt;lambda&gt;2]" time="0.007288217544555664"></testcase><testcase classname="src.pymortests.vectorarray" file="src/pymortests/vectorarray.py" line="561" name="test_dot_self[1-&lt;lambda&gt;3]" time="0.01423954963684082"></testcase><testcase classname="src.pymortests.vectorarray" file="src/pymortests/vectorarray.py" line="561" name="test_dot_self[1-&lt;lambda&gt;4]" time="0.01863694190979004"></testcase><testcase classname="src.pymortests.vectorarray" file="src/pymortests/vectorarray.py" line="561" name="test_dot_self[1-&lt;lambda&gt;5]" time="0.005209445953369141"></testcase><testcase classname="src.pymortests.vectorarray" file="src/pymortests/vectorarray.py" line="561" name="test_dot_self[1-&lt;lambda&gt;6]" time="0.003732919692993164"></testcase><testcase classname="src.pymortests.vectorarray" file="src/pymortests/vectorarray.py" line="561" name="test_dot_self[1-&lt;lambda&gt;7]" time="0.016178131103515625"></testcase><testcase classname="src.pymortests.vectorarray" file="src/pymortests/vectorarray.py" line="561" name="test_dot_self[1-&lt;lambda&gt;8]" time="0.4416980743408203"></testcase><testcase classname="src.pymortests.vectorarray" file="src/pymortests/vectorarray.py" line="561" name="test_dot_self[1-&lt;lambda&gt;9]" time="2.2666139602661133"></testcase><testcase classname="src.pymortests.vectorarray" file="src/pymortests/vectorarray.py" line="561" name="test_dot_self[1-&lt;lambda&gt;10]" time="0.007519960403442383"></testcase><testcase classname="src.pymortests.vectorarray" file="src/pymortests/vectorarray.py" line="561" name="test_dot_self[1-&lt;lambda&gt;11]" time="0.01807379722595215"></testcase><testcase classname="src.pymortests.vectorarray" file="src/pymortests/vectorarray.py" line="561" name="test_dot_self[1-&lt;lambda&gt;12]" time="0.018977880477905273"></testcase><testcase classname="src.pymortests.vectorarray" file="src/pymortests/vectorarray.py" line="561" name="test_dot_self[1-&lt;lambda&gt;13]" time="0.01209878921508789"></testcase><testcase classname="src.pymortests.vectorarray" file="src/pymortests/vectorarray.py" line="561" name="test_dot_self[1-&lt;lambda&gt;14]" time="0.019109010696411133"></testcase><testcase classname="src.pymortests.vectorarray" file="src/pymortests/vectorarray.py" line="561" name="test_dot_self[1-&lt;lambda&gt;15]" time="0.03180098533630371"></testcase><testcase classname="src.pymortests.vectorarray" file="src/pymortests/vectorarray.py" line="561" name="test_dot_self[1-&lt;lambda&gt;16]" time="0.041361093521118164"></testcase><testcase classname="src.pymortests.vectorarray" file="src/pymortests/vectorarray.py" line="561" name="test_dot_self[1-&lt;lambda&gt;17]" time="0.009933710098266602"></testcase><testcase classname="src.pymortests.vectorarray" file="src/pymortests/vectorarray.py" line="561" name="test_dot_self[1-&lt;lambda&gt;18]" time="0.010109901428222656"></testcase><testcase classname="src.pymortests.vectorarray" file="src/pymortests/vectorarray.py" line="561" name="test_dot_self[1-&lt;lambda&gt;19]" time="0.02303481101989746"></testcase><testcase classname="src.pymortests.vectorarray" file="src/pymortests/vectorarray.py" line="561" name="test_dot_self[1-&lt;lambda&gt;20]" time="0.41591525077819824"></testcase><testcase classname="src.pymortests.vectorarray" file="src/pymortests/vectorarray.py" line="561" name="test_dot_self[1-&lt;lambda&gt;21]" time="2.0765414237976074"></testcase><testcase classname="src.pymortests.vectorarray" file="src/pymortests/vectorarray.py" line="561" name="test_dot_self[1-&lt;lambda&gt;22]" time="0.00482487678527832"></testcase><testcase classname="src.pymortests.vectorarray" file="src/pymortests/vectorarray.py" line="561" name="test_dot_self[1-&lt;lambda&gt;23]" time="0.004547834396362305"></testcase><testcase classname="src.pymortests.vectorarray" file="src/pymortests/vectorarray.py" line="561" name="test_dot_self[1-&lt;lambda&gt;24]" time="0.01485896110534668"></testcase><testcase classname="src.pymortests.vectorarray" file="src/pymortests/vectorarray.py" line="561" name="test_dot_self[1-&lt;lambda&gt;25]" time="0.31551647186279297"></testcase><testcase classname="src.pymortests.vectorarray" file="src/pymortests/vectorarray.py" line="561" name="test_dot_self[1-&lt;lambda&gt;26]" time="1.423387050628662"></testcase><testcase classname="src.pymortests.vectorarray" file="src/pymortests/vectorarray.py" line="561" name="test_dot_self[2-&lt;lambda&gt;0]" time="0.004953861236572266"></testcase><testcase classname="src.pymortests.vectorarray" file="src/pymortests/vectorarray.py" line="561" name="test_dot_self[2-&lt;lambda&gt;1]" time="0.003958702087402344"></testcase><testcase classname="src.pymortests.vectorarray" file="src/pymortests/vectorarray.py" line="561" name="test_dot_self[2-&lt;lambda&gt;2]" time="0.007558584213256836"></testcase><testcase classname="src.pymortests.vectorarray" file="src/pymortests/vectorarray.py" line="561" name="test_dot_self[2-&lt;lambda&gt;3]" time="0.014957189559936523"></testcase><testcase classname="src.pymortests.vectorarray" file="src/pymortests/vectorarray.py" line="561" name="test_dot_self[2-&lt;lambda&gt;4]" time="0.018090009689331055"></testcase><testcase classname="src.pymortests.vectorarray" file="src/pymortests/vectorarray.py" line="561" name="test_dot_self[2-&lt;lambda&gt;5]" time="0.00513148307800293"></testcase><testcase classname="src.pymortests.vectorarray" file="src/pymortests/vectorarray.py" line="561" name="test_dot_self[2-&lt;lambda&gt;6]" time="0.0037384033203125"></testcase><testcase classname="src.pymortests.vectorarray" file="src/pymortests/vectorarray.py" line="561" name="test_dot_self[2-&lt;lambda&gt;7]" time="0.01675271987915039"></testcase><testcase classname="src.pymortests.vectorarray" file="src/pymortests/vectorarray.py" line="561" name="test_dot_self[2-&lt;lambda&gt;8]" time="0.4465615749359131"></testcase><testcase classname="src.pymortests.vectorarray" file="src/pymortests/vectorarray.py" line="561" name="test_dot_self[2-&lt;lambda&gt;9]" time="2.2447986602783203"></testcase><testcase classname="src.pymortests.vectorarray" file="src/pymortests/vectorarray.py" line="561" name="test_dot_self[2-&lt;lambda&gt;10]" time="0.00764155387878418"></testcase><testcase classname="src.pymortests.vectorarray" file="src/pymortests/vectorarray.py" line="561" name="test_dot_self[2-&lt;lambda&gt;11]" time="0.01876688003540039"></testcase><testcase classname="src.pymortests.vectorarray" file="src/pymortests/vectorarray.py" line="561" name="test_dot_self[2-&lt;lambda&gt;12]" time="0.01928567886352539"></testcase><testcase classname="src.pymortests.vectorarray" file="src/pymortests/vectorarray.py" line="561" name="test_dot_self[2-&lt;lambda&gt;13]" time="0.012465953826904297"></testcase><testcase classname="src.pymortests.vectorarray" file="src/pymortests/vectorarray.py" line="561" name="test_dot_self[2-&lt;lambda&gt;14]" time="0.018677473068237305"></testcase><testcase classname="src.pymortests.vectorarray" file="src/pymortests/vectorarray.py" line="561" name="test_dot_self[2-&lt;lambda&gt;15]" time="0.03237104415893555"></testcase><testcase classname="src.pymortests.vectorarray" file="src/pymortests/vectorarray.py" line="561" name="test_dot_self[2-&lt;lambda&gt;16]" time="0.041985273361206055"></testcase><testcase classname="src.pymortests.vectorarray" file="src/pymortests/vectorarray.py" line="561" name="test_dot_self[2-&lt;lambda&gt;17]" time="0.010043144226074219"></testcase><testcase classname="src.pymortests.vectorarray" file="src/pymortests/vectorarray.py" line="561" name="test_dot_self[2-&lt;lambda&gt;18]" time="0.010046958923339844"></testcase><testcase classname="src.pymortests.vectorarray" file="src/pymortests/vectorarray.py" line="561" name="test_dot_self[2-&lt;lambda&gt;19]" time="0.022042512893676758"></testcase><testcase classname="src.pymortests.vectorarray" file="src/pymortests/vectorarray.py" line="561" name="test_dot_self[2-&lt;lambda&gt;20]" time="0.4192841053009033"></testcase><testcase classname="src.pymortests.vectorarray" file="src/pymortests/vectorarray.py" line="561" name="test_dot_self[2-&lt;lambda&gt;21]" time="2.0433948040008545"></testcase><testcase classname="src.pymortests.vectorarray" file="src/pymortests/vectorarray.py" line="561" name="test_dot_self[2-&lt;lambda&gt;22]" time="0.0050199031829833984"></testcase><testcase classname="src.pymortests.vectorarray" file="src/pymortests/vectorarray.py" line="561" name="test_dot_self[2-&lt;lambda&gt;23]" time="0.003972530364990234"></testcase><testcase classname="src.pymortests.vectorarray" file="src/pymortests/vectorarray.py" line="561" name="test_dot_self[2-&lt;lambda&gt;24]" time="0.014388084411621094"></testcase><testcase classname="src.pymortests.vectorarray" file="src/pymortests/vectorarray.py" line="561" name="test_dot_self[2-&lt;lambda&gt;25]" time="0.31043219566345215"></testcase><testcase classname="src.pymortests.vectorarray" file="src/pymortests/vectorarray.py" line="561" name="test_dot_self[2-&lt;lambda&gt;26]" time="1.4008779525756836"></testcase><testcase classname="src.pymortests.vectorarray" file="src/pymortests/vectorarray.py" line="579" name="test_lincomb_1d[0-&lt;lambda&gt;0]" time="0.0036377906799316406"></testcase><testcase classname="src.pymortests.vectorarray" file="src/pymortests/vectorarray.py" line="579" name="test_lincomb_1d[0-&lt;lambda&gt;1]" time="0.00274658203125"></testcase><testcase classname="src.pymortests.vectorarray" file="src/pymortests/vectorarray.py" line="579" name="test_lincomb_1d[0-&lt;lambda&gt;2]" time="0.00423741340637207"></testcase><testcase classname="src.pymortests.vectorarray" file="src/pymortests/vectorarray.py" line="579" name="test_lincomb_1d[0-&lt;lambda&gt;3]" time="0.014739990234375"></testcase><testcase classname="src.pymortests.vectorarray" file="src/pymortests/vectorarray.py" line="579" name="test_lincomb_1d[0-&lt;lambda&gt;4]" time="0.02113819122314453"></testcase><testcase classname="src.pymortests.vectorarray" file="src/pymortests/vectorarray.py" line="579" name="test_lincomb_1d[0-&lt;lambda&gt;5]" time="0.004239797592163086"></testcase><testcase classname="src.pymortests.vectorarray" file="src/pymortests/vectorarray.py" line="579" name="test_lincomb_1d[0-&lt;lambda&gt;6]" time="0.003244638442993164"></testcase><testcase classname="src.pymortests.vectorarray" file="src/pymortests/vectorarray.py" line="579" name="test_lincomb_1d[0-&lt;lambda&gt;7]" time="0.00529170036315918"></testcase><testcase classname="src.pymortests.vectorarray" file="src/pymortests/vectorarray.py" line="579" name="test_lincomb_1d[0-&lt;lambda&gt;8]" time="0.019318103790283203"></testcase><testcase classname="src.pymortests.vectorarray" file="src/pymortests/vectorarray.py" line="579" name="test_lincomb_1d[0-&lt;lambda&gt;9]" time="0.03640460968017578"></testcase><testcase classname="src.pymortests.vectorarray" file="src/pymortests/vectorarray.py" line="579" name="test_lincomb_1d[0-&lt;lambda&gt;10]" time="0.006072282791137695"></testcase><testcase classname="src.pymortests.vectorarray" file="src/pymortests/vectorarray.py" line="579" name="test_lincomb_1d[0-&lt;lambda&gt;11]" time="0.009156465530395508"></testcase><testcase classname="src.pymortests.vectorarray" file="src/pymortests/vectorarray.py" line="579" name="test_lincomb_1d[0-&lt;lambda&gt;12]" time="0.008518218994140625"></testcase><testcase classname="src.pymortests.vectorarray" file="src/pymortests/vectorarray.py" line="579" name="test_lincomb_1d[0-&lt;lambda&gt;13]" time="0.006066083908081055"></testcase><testcase classname="src.pymortests.vectorarray" file="src/pymortests/vectorarray.py" line="579" name="test_lincomb_1d[0-&lt;lambda&gt;14]" time="0.00895380973815918"></testcase><testcase classname="src.pymortests.vectorarray" file="src/pymortests/vectorarray.py" line="579" name="test_lincomb_1d[0-&lt;lambda&gt;15]" time="0.042363882064819336"></testcase><testcase classname="src.pymortests.vectorarray" file="src/pymortests/vectorarray.py" line="579" name="test_lincomb_1d[0-&lt;lambda&gt;16]" time="0.07569122314453125"></testcase><testcase classname="src.pymortests.vectorarray" file="src/pymortests/vectorarray.py" line="579" name="test_lincomb_1d[0-&lt;lambda&gt;17]" time="0.009421348571777344"></testcase><testcase classname="src.pymortests.vectorarray" file="src/pymortests/vectorarray.py" line="579" name="test_lincomb_1d[0-&lt;lambda&gt;18]" time="0.009059906005859375"></testcase><testcase classname="src.pymortests.vectorarray" file="src/pymortests/vectorarray.py" line="579" name="test_lincomb_1d[0-&lt;lambda&gt;19]" time="0.025594234466552734"></testcase><testcase classname="src.pymortests.vectorarray" file="src/pymortests/vectorarray.py" line="579" name="test_lincomb_1d[0-&lt;lambda&gt;20]" time="0.0434269905090332"></testcase><testcase classname="src.pymortests.vectorarray" file="src/pymortests/vectorarray.py" line="579" name="test_lincomb_1d[0-&lt;lambda&gt;21]" time="0.0782778263092041"></testcase><testcase classname="src.pymortests.vectorarray" file="src/pymortests/vectorarray.py" line="579" name="test_lincomb_1d[0-&lt;lambda&gt;22]" time="0.025011777877807617"></testcase><testcase classname="src.pymortests.vectorarray" file="src/pymortests/vectorarray.py" line="579" name="test_lincomb_1d[0-&lt;lambda&gt;23]" time="0.02567124366760254"></testcase><testcase classname="src.pymortests.vectorarray" file="src/pymortests/vectorarray.py" line="579" name="test_lincomb_1d[0-&lt;lambda&gt;24]" time="0.033217430114746094"></testcase><testcase classname="src.pymortests.vectorarray" file="src/pymortests/vectorarray.py" line="579" name="test_lincomb_1d[0-&lt;lambda&gt;25]" time="0.07915258407592773"></testcase><testcase classname="src.pymortests.vectorarray" file="src/pymortests/vectorarray.py" line="579" name="test_lincomb_1d[0-&lt;lambda&gt;26]" time="0.1452503204345703"></testcase><testcase classname="src.pymortests.vectorarray" file="src/pymortests/vectorarray.py" line="579" name="test_lincomb_1d[1-&lt;lambda&gt;0]" time="0.0038404464721679688"></testcase><testcase classname="src.pymortests.vectorarray" file="src/pymortests/vectorarray.py" line="579" name="test_lincomb_1d[1-&lt;lambda&gt;1]" time="0.002727031707763672"></testcase><testcase classname="src.pymortests.vectorarray" file="src/pymortests/vectorarray.py" line="579" name="test_lincomb_1d[1-&lt;lambda&gt;2]" time="0.00408935546875"></testcase><testcase classname="src.pymortests.vectorarray" file="src/pymortests/vectorarray.py" line="579" name="test_lincomb_1d[1-&lt;lambda&gt;3]" time="0.01138162612915039"></testcase><testcase classname="src.pymortests.vectorarray" file="src/pymortests/vectorarray.py" line="579" name="test_lincomb_1d[1-&lt;lambda&gt;4]" time="0.020010709762573242"></testcase><testcase classname="src.pymortests.vectorarray" file="src/pymortests/vectorarray.py" line="579" name="test_lincomb_1d[1-&lt;lambda&gt;5]" time="0.004042625427246094"></testcase><testcase classname="src.pymortests.vectorarray" file="src/pymortests/vectorarray.py" line="579" name="test_lincomb_1d[1-&lt;lambda&gt;6]" time="0.0030832290649414062"></testcase><testcase classname="src.pymortests.vectorarray" file="src/pymortests/vectorarray.py" line="579" name="test_lincomb_1d[1-&lt;lambda&gt;7]" time="0.005640506744384766"></testcase><testcase classname="src.pymortests.vectorarray" file="src/pymortests/vectorarray.py" line="579" name="test_lincomb_1d[1-&lt;lambda&gt;8]" time="0.020395755767822266"></testcase><testcase classname="src.pymortests.vectorarray" file="src/pymortests/vectorarray.py" line="579" name="test_lincomb_1d[1-&lt;lambda&gt;9]" time="0.037554025650024414"></testcase><testcase classname="src.pymortests.vectorarray" file="src/pymortests/vectorarray.py" line="579" name="test_lincomb_1d[1-&lt;lambda&gt;10]" time="0.005854606628417969"></testcase><testcase classname="src.pymortests.vectorarray" file="src/pymortests/vectorarray.py" line="579" name="test_lincomb_1d[1-&lt;lambda&gt;11]" time="0.008794546127319336"></testcase><testcase classname="src.pymortests.vectorarray" file="src/pymortests/vectorarray.py" line="579" name="test_lincomb_1d[1-&lt;lambda&gt;12]" time="0.008303165435791016"></testcase><testcase classname="src.pymortests.vectorarray" file="src/pymortests/vectorarray.py" line="579" name="test_lincomb_1d[1-&lt;lambda&gt;13]" time="0.0058574676513671875"></testcase><testcase classname="src.pymortests.vectorarray" file="src/pymortests/vectorarray.py" line="579" name="test_lincomb_1d[1-&lt;lambda&gt;14]" time="0.008919000625610352"></testcase><testcase classname="src.pymortests.vectorarray" file="src/pymortests/vectorarray.py" line="579" name="test_lincomb_1d[1-&lt;lambda&gt;15]" time="0.03594255447387695"></testcase><testcase classname="src.pymortests.vectorarray" file="src/pymortests/vectorarray.py" line="579" name="test_lincomb_1d[1-&lt;lambda&gt;16]" time="0.08208680152893066"></testcase><testcase classname="src.pymortests.vectorarray" file="src/pymortests/vectorarray.py" line="579" name="test_lincomb_1d[1-&lt;lambda&gt;17]" time="0.009984254837036133"></testcase><testcase classname="src.pymortests.vectorarray" file="src/pymortests/vectorarray.py" line="579" name="test_lincomb_1d[1-&lt;lambda&gt;18]" time="0.010375738143920898"></testcase><testcase classname="src.pymortests.vectorarray" file="src/pymortests/vectorarray.py" line="579" name="test_lincomb_1d[1-&lt;lambda&gt;19]" time="0.02616143226623535"></testcase><testcase classname="src.pymortests.vectorarray" file="src/pymortests/vectorarray.py" line="579" name="test_lincomb_1d[1-&lt;lambda&gt;20]" time="0.042701005935668945"></testcase><testcase classname="src.pymortests.vectorarray" file="src/pymortests/vectorarray.py" line="579" name="test_lincomb_1d[1-&lt;lambda&gt;21]" time="0.08074569702148438"></testcase><testcase classname="src.pymortests.vectorarray" file="src/pymortests/vectorarray.py" line="579" name="test_lincomb_1d[1-&lt;lambda&gt;22]" time="0.026726961135864258"></testcase><testcase classname="src.pymortests.vectorarray" file="src/pymortests/vectorarray.py" line="579" name="test_lincomb_1d[1-&lt;lambda&gt;23]" time="0.026887893676757812"></testcase><testcase classname="src.pymortests.vectorarray" file="src/pymortests/vectorarray.py" line="579" name="test_lincomb_1d[1-&lt;lambda&gt;24]" time="0.03415036201477051"></testcase><testcase classname="src.pymortests.vectorarray" file="src/pymortests/vectorarray.py" line="579" name="test_lincomb_1d[1-&lt;lambda&gt;25]" time="0.08047246932983398"></testcase><testcase classname="src.pymortests.vectorarray" file="src/pymortests/vectorarray.py" line="579" name="test_lincomb_1d[1-&lt;lambda&gt;26]" time="0.14373254776000977"></testcase><testcase classname="src.pymortests.vectorarray" file="src/pymortests/vectorarray.py" line="579" name="test_lincomb_1d[2-&lt;lambda&gt;0]" time="0.0038864612579345703"></testcase><testcase classname="src.pymortests.vectorarray" file="src/pymortests/vectorarray.py" line="579" name="test_lincomb_1d[2-&lt;lambda&gt;1]" time="0.0028781890869140625"></testcase><testcase classname="src.pymortests.vectorarray" file="src/pymortests/vectorarray.py" line="579" name="test_lincomb_1d[2-&lt;lambda&gt;2]" time="0.004205226898193359"></testcase><testcase classname="src.pymortests.vectorarray" file="src/pymortests/vectorarray.py" line="579" name="test_lincomb_1d[2-&lt;lambda&gt;3]" time="0.012202262878417969"></testcase><testcase classname="src.pymortests.vectorarray" file="src/pymortests/vectorarray.py" line="579" name="test_lincomb_1d[2-&lt;lambda&gt;4]" time="0.021346330642700195"></testcase><testcase classname="src.pymortests.vectorarray" file="src/pymortests/vectorarray.py" line="579" name="test_lincomb_1d[2-&lt;lambda&gt;5]" time="0.004334211349487305"></testcase><testcase classname="src.pymortests.vectorarray" file="src/pymortests/vectorarray.py" line="579" name="test_lincomb_1d[2-&lt;lambda&gt;6]" time="0.0031082630157470703"></testcase><testcase classname="src.pymortests.vectorarray" file="src/pymortests/vectorarray.py" line="579" name="test_lincomb_1d[2-&lt;lambda&gt;7]" time="0.005341291427612305"></testcase><testcase classname="src.pymortests.vectorarray" file="src/pymortests/vectorarray.py" line="579" name="test_lincomb_1d[2-&lt;lambda&gt;8]" time="0.019943952560424805"></testcase><testcase classname="src.pymortests.vectorarray" file="src/pymortests/vectorarray.py" line="579" name="test_lincomb_1d[2-&lt;lambda&gt;9]" time="0.036855459213256836"></testcase><testcase classname="src.pymortests.vectorarray" file="src/pymortests/vectorarray.py" line="579" name="test_lincomb_1d[2-&lt;lambda&gt;10]" time="0.005838871002197266"></testcase><testcase classname="src.pymortests.vectorarray" file="src/pymortests/vectorarray.py" line="579" name="test_lincomb_1d[2-&lt;lambda&gt;11]" time="0.00933074951171875"></testcase><testcase classname="src.pymortests.vectorarray" file="src/pymortests/vectorarray.py" line="579" name="test_lincomb_1d[2-&lt;lambda&gt;12]" time="0.008212566375732422"></testcase><testcase classname="src.pymortests.vectorarray" file="src/pymortests/vectorarray.py" line="579" name="test_lincomb_1d[2-&lt;lambda&gt;13]" time="0.0059244632720947266"></testcase><testcase classname="src.pymortests.vectorarray" file="src/pymortests/vectorarray.py" line="579" name="test_lincomb_1d[2-&lt;lambda&gt;14]" time="0.009397268295288086"></testcase><testcase classname="src.pymortests.vectorarray" file="src/pymortests/vectorarray.py" line="579" name="test_lincomb_1d[2-&lt;lambda&gt;15]" time="0.0369570255279541"></testcase><testcase classname="src.pymortests.vectorarray" file="src/pymortests/vectorarray.py" line="579" name="test_lincomb_1d[2-&lt;lambda&gt;16]" time="0.0756688117980957"></testcase><testcase classname="src.pymortests.vectorarray" file="src/pymortests/vectorarray.py" line="579" name="test_lincomb_1d[2-&lt;lambda&gt;17]" time="0.010663270950317383"></testcase><testcase classname="src.pymortests.vectorarray" file="src/pymortests/vectorarray.py" line="579" name="test_lincomb_1d[2-&lt;lambda&gt;18]" time="0.010810136795043945"></testcase><testcase classname="src.pymortests.vectorarray" file="src/pymortests/vectorarray.py" line="579" name="test_lincomb_1d[2-&lt;lambda&gt;19]" time="0.02551436424255371"></testcase><testcase classname="src.pymortests.vectorarray" file="src/pymortests/vectorarray.py" line="579" name="test_lincomb_1d[2-&lt;lambda&gt;20]" time="0.042704105377197266"></testcase><testcase classname="src.pymortests.vectorarray" file="src/pymortests/vectorarray.py" line="579" name="test_lincomb_1d[2-&lt;lambda&gt;21]" time="0.08639645576477051"></testcase><testcase classname="src.pymortests.vectorarray" file="src/pymortests/vectorarray.py" line="579" name="test_lincomb_1d[2-&lt;lambda&gt;22]" time="0.025774717330932617"></testcase><testcase classname="src.pymortests.vectorarray" file="src/pymortests/vectorarray.py" line="579" name="test_lincomb_1d[2-&lt;lambda&gt;23]" time="0.026279687881469727"></testcase><testcase classname="src.pymortests.vectorarray" file="src/pymortests/vectorarray.py" line="579" name="test_lincomb_1d[2-&lt;lambda&gt;24]" time="0.03539443016052246"></testcase><testcase classname="src.pymortests.vectorarray" file="src/pymortests/vectorarray.py" line="579" name="test_lincomb_1d[2-&lt;lambda&gt;25]" time="0.08831429481506348"></testcase><testcase classname="src.pymortests.vectorarray" file="src/pymortests/vectorarray.py" line="579" name="test_lincomb_1d[2-&lt;lambda&gt;26]" time="0.14715337753295898"></testcase><testcase classname="src.pymortests.vectorarray" file="src/pymortests/vectorarray.py" line="593" name="test_lincomb_2d[0-&lt;lambda&gt;0]" time="0.007651567459106445"></testcase><testcase classname="src.pymortests.vectorarray" file="src/pymortests/vectorarray.py" line="593" name="test_lincomb_2d[0-&lt;lambda&gt;1]" time="0.008307695388793945"></testcase><testcase classname="src.pymortests.vectorarray" file="src/pymortests/vectorarray.py" line="593" name="test_lincomb_2d[0-&lt;lambda&gt;2]" time="0.008779764175415039"></testcase><testcase classname="src.pymortests.vectorarray" file="src/pymortests/vectorarray.py" line="593" name="test_lincomb_2d[0-&lt;lambda&gt;3]" time="0.010597705841064453"></testcase><testcase classname="src.pymortests.vectorarray" file="src/pymortests/vectorarray.py" line="593" name="test_lincomb_2d[0-&lt;lambda&gt;4]" time="0.010909557342529297"></testcase><testcase classname="src.pymortests.vectorarray" file="src/pymortests/vectorarray.py" line="593" name="test_lincomb_2d[0-&lt;lambda&gt;5]" time="0.008660554885864258"></testcase><testcase classname="src.pymortests.vectorarray" file="src/pymortests/vectorarray.py" line="593" name="test_lincomb_2d[0-&lt;lambda&gt;6]" time="0.009064912796020508"></testcase><testcase classname="src.pymortests.vectorarray" file="src/pymortests/vectorarray.py" line="593" name="test_lincomb_2d[0-&lt;lambda&gt;7]" time="0.014657020568847656"></testcase><testcase classname="src.pymortests.vectorarray" file="src/pymortests/vectorarray.py" line="593" name="test_lincomb_2d[0-&lt;lambda&gt;8]" time="0.047509193420410156"></testcase><testcase classname="src.pymortests.vectorarray" file="src/pymortests/vectorarray.py" line="593" name="test_lincomb_2d[0-&lt;lambda&gt;9]" time="0.08311128616333008"></testcase><testcase classname="src.pymortests.vectorarray" file="src/pymortests/vectorarray.py" line="593" name="test_lincomb_2d[0-&lt;lambda&gt;10]" time="0.0161745548248291"></testcase><testcase classname="src.pymortests.vectorarray" file="src/pymortests/vectorarray.py" line="593" name="test_lincomb_2d[0-&lt;lambda&gt;11]" time="0.01951456069946289"></testcase><testcase classname="src.pymortests.vectorarray" file="src/pymortests/vectorarray.py" line="593" name="test_lincomb_2d[0-&lt;lambda&gt;12]" time="0.018665790557861328"></testcase><testcase classname="src.pymortests.vectorarray" file="src/pymortests/vectorarray.py" line="593" name="test_lincomb_2d[0-&lt;lambda&gt;13]" time="0.014378547668457031"></testcase><testcase classname="src.pymortests.vectorarray" file="src/pymortests/vectorarray.py" line="593" name="test_lincomb_2d[0-&lt;lambda&gt;14]" time="0.019958019256591797"></testcase><testcase classname="src.pymortests.vectorarray" file="src/pymortests/vectorarray.py" line="593" name="test_lincomb_2d[0-&lt;lambda&gt;15]" time="0.029311418533325195"></testcase><testcase classname="src.pymortests.vectorarray" file="src/pymortests/vectorarray.py" line="593" name="test_lincomb_2d[0-&lt;lambda&gt;16]" time="0.0341036319732666"></testcase><testcase classname="src.pymortests.vectorarray" file="src/pymortests/vectorarray.py" line="593" name="test_lincomb_2d[0-&lt;lambda&gt;17]" time="0.035327911376953125"></testcase><testcase classname="src.pymortests.vectorarray" file="src/pymortests/vectorarray.py" line="593" name="test_lincomb_2d[0-&lt;lambda&gt;18]" time="0.03786468505859375"></testcase><testcase classname="src.pymortests.vectorarray" file="src/pymortests/vectorarray.py" line="593" name="test_lincomb_2d[0-&lt;lambda&gt;19]" time="0.11581587791442871"></testcase><testcase classname="src.pymortests.vectorarray" file="src/pymortests/vectorarray.py" line="593" name="test_lincomb_2d[0-&lt;lambda&gt;20]" time="0.10608029365539551"></testcase><testcase classname="src.pymortests.vectorarray" file="src/pymortests/vectorarray.py" line="593" name="test_lincomb_2d[0-&lt;lambda&gt;21]" time="0.17340350151062012"></testcase><testcase classname="src.pymortests.vectorarray" file="src/pymortests/vectorarray.py" line="593" name="test_lincomb_2d[0-&lt;lambda&gt;22]" time="0.13909530639648438"></testcase><testcase classname="src.pymortests.vectorarray" file="src/pymortests/vectorarray.py" line="593" name="test_lincomb_2d[0-&lt;lambda&gt;23]" time="0.14050579071044922"></testcase><testcase classname="src.pymortests.vectorarray" file="src/pymortests/vectorarray.py" line="593" name="test_lincomb_2d[0-&lt;lambda&gt;24]" time="0.17459464073181152"></testcase><testcase classname="src.pymortests.vectorarray" file="src/pymortests/vectorarray.py" line="593" name="test_lincomb_2d[0-&lt;lambda&gt;25]" time="0.2860147953033447"></testcase><testcase classname="src.pymortests.vectorarray" file="src/pymortests/vectorarray.py" line="593" name="test_lincomb_2d[0-&lt;lambda&gt;26]" time="0.44501471519470215"></testcase><testcase classname="src.pymortests.vectorarray" file="src/pymortests/vectorarray.py" line="593" name="test_lincomb_2d[1-&lt;lambda&gt;0]" time="0.00798797607421875"></testcase><testcase classname="src.pymortests.vectorarray" file="src/pymortests/vectorarray.py" line="593" name="test_lincomb_2d[1-&lt;lambda&gt;1]" time="0.006973981857299805"></testcase><testcase classname="src.pymortests.vectorarray" file="src/pymortests/vectorarray.py" line="593" name="test_lincomb_2d[1-&lt;lambda&gt;2]" time="0.008475542068481445"></testcase><testcase classname="src.pymortests.vectorarray" file="src/pymortests/vectorarray.py" line="593" name="test_lincomb_2d[1-&lt;lambda&gt;3]" time="0.010920286178588867"></testcase><testcase classname="src.pymortests.vectorarray" file="src/pymortests/vectorarray.py" line="593" name="test_lincomb_2d[1-&lt;lambda&gt;4]" time="0.011271238327026367"></testcase><testcase classname="src.pymortests.vectorarray" file="src/pymortests/vectorarray.py" line="593" name="test_lincomb_2d[1-&lt;lambda&gt;5]" time="0.008926153182983398"></testcase><testcase classname="src.pymortests.vectorarray" file="src/pymortests/vectorarray.py" line="593" name="test_lincomb_2d[1-&lt;lambda&gt;6]" time="0.008865594863891602"></testcase><testcase classname="src.pymortests.vectorarray" file="src/pymortests/vectorarray.py" line="593" name="test_lincomb_2d[1-&lt;lambda&gt;7]" time="0.015313386917114258"></testcase><testcase classname="src.pymortests.vectorarray" file="src/pymortests/vectorarray.py" line="593" name="test_lincomb_2d[1-&lt;lambda&gt;8]" time="0.04778099060058594"></testcase><testcase classname="src.pymortests.vectorarray" file="src/pymortests/vectorarray.py" line="593" name="test_lincomb_2d[1-&lt;lambda&gt;9]" time="0.0828855037689209"></testcase><testcase classname="src.pymortests.vectorarray" file="src/pymortests/vectorarray.py" line="593" name="test_lincomb_2d[1-&lt;lambda&gt;10]" time="0.015889883041381836"></testcase><testcase classname="src.pymortests.vectorarray" file="src/pymortests/vectorarray.py" line="593" name="test_lincomb_2d[1-&lt;lambda&gt;11]" time="0.019311189651489258"></testcase><testcase classname="src.pymortests.vectorarray" file="src/pymortests/vectorarray.py" line="593" name="test_lincomb_2d[1-&lt;lambda&gt;12]" time="0.019202709197998047"></testcase><testcase classname="src.pymortests.vectorarray" file="src/pymortests/vectorarray.py" line="593" name="test_lincomb_2d[1-&lt;lambda&gt;13]" time="0.014522790908813477"></testcase><testcase classname="src.pymortests.vectorarray" file="src/pymortests/vectorarray.py" line="593" name="test_lincomb_2d[1-&lt;lambda&gt;14]" time="0.02158069610595703"></testcase><testcase classname="src.pymortests.vectorarray" file="src/pymortests/vectorarray.py" line="593" name="test_lincomb_2d[1-&lt;lambda&gt;15]" time="0.030544519424438477"></testcase><testcase classname="src.pymortests.vectorarray" file="src/pymortests/vectorarray.py" line="593" name="test_lincomb_2d[1-&lt;lambda&gt;16]" time="0.03299212455749512"></testcase><testcase classname="src.pymortests.vectorarray" file="src/pymortests/vectorarray.py" line="593" name="test_lincomb_2d[1-&lt;lambda&gt;17]" time="0.035179853439331055"></testcase><testcase classname="src.pymortests.vectorarray" file="src/pymortests/vectorarray.py" line="593" name="test_lincomb_2d[1-&lt;lambda&gt;18]" time="0.037030696868896484"></testcase><testcase classname="src.pymortests.vectorarray" file="src/pymortests/vectorarray.py" line="593" name="test_lincomb_2d[1-&lt;lambda&gt;19]" time="0.1135866641998291"></testcase><testcase classname="src.pymortests.vectorarray" file="src/pymortests/vectorarray.py" line="593" name="test_lincomb_2d[1-&lt;lambda&gt;20]" time="0.10566306114196777"></testcase><testcase classname="src.pymortests.vectorarray" file="src/pymortests/vectorarray.py" line="593" name="test_lincomb_2d[1-&lt;lambda&gt;21]" time="0.17004990577697754"></testcase><testcase classname="src.pymortests.vectorarray" file="src/pymortests/vectorarray.py" line="593" name="test_lincomb_2d[1-&lt;lambda&gt;22]" time="0.13483881950378418"></testcase><testcase classname="src.pymortests.vectorarray" file="src/pymortests/vectorarray.py" line="593" name="test_lincomb_2d[1-&lt;lambda&gt;23]" time="0.1312422752380371"></testcase><testcase classname="src.pymortests.vectorarray" file="src/pymortests/vectorarray.py" line="593" name="test_lincomb_2d[1-&lt;lambda&gt;24]" time="0.1750636100769043"></testcase><testcase classname="src.pymortests.vectorarray" file="src/pymortests/vectorarray.py" line="593" name="test_lincomb_2d[1-&lt;lambda&gt;25]" time="0.2830662727355957"></testcase><testcase classname="src.pymortests.vectorarray" file="src/pymortests/vectorarray.py" line="593" name="test_lincomb_2d[1-&lt;lambda&gt;26]" time="0.4322388172149658"></testcase><testcase classname="src.pymortests.vectorarray" file="src/pymortests/vectorarray.py" line="593" name="test_lincomb_2d[2-&lt;lambda&gt;0]" time="0.007921457290649414"></testcase><testcase classname="src.pymortests.vectorarray" file="src/pymortests/vectorarray.py" line="593" name="test_lincomb_2d[2-&lt;lambda&gt;1]" time="0.006871700286865234"></testcase><testcase classname="src.pymortests.vectorarray" file="src/pymortests/vectorarray.py" line="593" name="test_lincomb_2d[2-&lt;lambda&gt;2]" time="0.008393049240112305"></testcase><testcase classname="src.pymortests.vectorarray" file="src/pymortests/vectorarray.py" line="593" name="test_lincomb_2d[2-&lt;lambda&gt;3]" time="0.01027822494506836"></testcase><testcase classname="src.pymortests.vectorarray" file="src/pymortests/vectorarray.py" line="593" name="test_lincomb_2d[2-&lt;lambda&gt;4]" time="0.010626077651977539"></testcase><testcase classname="src.pymortests.vectorarray" file="src/pymortests/vectorarray.py" line="593" name="test_lincomb_2d[2-&lt;lambda&gt;5]" time="0.00906062126159668"></testcase><testcase classname="src.pymortests.vectorarray" file="src/pymortests/vectorarray.py" line="593" name="test_lincomb_2d[2-&lt;lambda&gt;6]" time="0.009080886840820312"></testcase><testcase classname="src.pymortests.vectorarray" file="src/pymortests/vectorarray.py" line="593" name="test_lincomb_2d[2-&lt;lambda&gt;7]" time="0.01504969596862793"></testcase><testcase classname="src.pymortests.vectorarray" file="src/pymortests/vectorarray.py" line="593" name="test_lincomb_2d[2-&lt;lambda&gt;8]" time="0.04725456237792969"></testcase><testcase classname="src.pymortests.vectorarray" file="src/pymortests/vectorarray.py" line="593" name="test_lincomb_2d[2-&lt;lambda&gt;9]" time="0.08264446258544922"></testcase><testcase classname="src.pymortests.vectorarray" file="src/pymortests/vectorarray.py" line="593" name="test_lincomb_2d[2-&lt;lambda&gt;10]" time="0.01579737663269043"></testcase><testcase classname="src.pymortests.vectorarray" file="src/pymortests/vectorarray.py" line="593" name="test_lincomb_2d[2-&lt;lambda&gt;11]" time="0.018996477127075195"></testcase><testcase classname="src.pymortests.vectorarray" file="src/pymortests/vectorarray.py" line="593" name="test_lincomb_2d[2-&lt;lambda&gt;12]" time="0.019134521484375"></testcase><testcase classname="src.pymortests.vectorarray" file="src/pymortests/vectorarray.py" line="593" name="test_lincomb_2d[2-&lt;lambda&gt;13]" time="0.013780832290649414"></testcase><testcase classname="src.pymortests.vectorarray" file="src/pymortests/vectorarray.py" line="593" name="test_lincomb_2d[2-&lt;lambda&gt;14]" time="0.019910812377929688"></testcase><testcase classname="src.pymortests.vectorarray" file="src/pymortests/vectorarray.py" line="593" name="test_lincomb_2d[2-&lt;lambda&gt;15]" time="0.030646324157714844"></testcase><testcase classname="src.pymortests.vectorarray" file="src/pymortests/vectorarray.py" line="593" name="test_lincomb_2d[2-&lt;lambda&gt;16]" time="0.03325605392456055"></testcase><testcase classname="src.pymortests.vectorarray" file="src/pymortests/vectorarray.py" line="593" name="test_lincomb_2d[2-&lt;lambda&gt;17]" time="0.03512430191040039"></testcase><testcase classname="src.pymortests.vectorarray" file="src/pymortests/vectorarray.py" line="593" name="test_lincomb_2d[2-&lt;lambda&gt;18]" time="0.03682565689086914"></testcase><testcase classname="src.pymortests.vectorarray" file="src/pymortests/vectorarray.py" line="593" name="test_lincomb_2d[2-&lt;lambda&gt;19]" time="0.11139893531799316"></testcase><testcase classname="src.pymortests.vectorarray" file="src/pymortests/vectorarray.py" line="593" name="test_lincomb_2d[2-&lt;lambda&gt;20]" time="0.10088682174682617"></testcase><testcase classname="src.pymortests.vectorarray" file="src/pymortests/vectorarray.py" line="593" name="test_lincomb_2d[2-&lt;lambda&gt;21]" time="0.1688365936279297"></testcase><testcase classname="src.pymortests.vectorarray" file="src/pymortests/vectorarray.py" line="593" name="test_lincomb_2d[2-&lt;lambda&gt;22]" time="0.13172149658203125"></testcase><testcase classname="src.pymortests.vectorarray" file="src/pymortests/vectorarray.py" line="593" name="test_lincomb_2d[2-&lt;lambda&gt;23]" time="0.13082504272460938"></testcase><testcase classname="src.pymortests.vectorarray" file="src/pymortests/vectorarray.py" line="593" name="test_lincomb_2d[2-&lt;lambda&gt;24]" time="0.17340755462646484"></testcase><testcase classname="src.pymortests.vectorarray" file="src/pymortests/vectorarray.py" line="593" name="test_lincomb_2d[2-&lt;lambda&gt;25]" time="0.2736551761627197"></testcase><testcase classname="src.pymortests.vectorarray" file="src/pymortests/vectorarray.py" line="593" name="test_lincomb_2d[2-&lt;lambda&gt;26]" time="0.42077159881591797"></testcase><testcase classname="src.pymortests.vectorarray" file="src/pymortests/vectorarray.py" line="608" name="test_lincomb_wrong_coefficients[0-&lt;lambda&gt;0]" time="0.003717660903930664"></testcase><testcase classname="src.pymortests.vectorarray" file="src/pymortests/vectorarray.py" line="608" name="test_lincomb_wrong_coefficients[0-&lt;lambda&gt;1]" time="0.002574443817138672"></testcase><testcase classname="src.pymortests.vectorarray" file="src/pymortests/vectorarray.py" line="608" name="test_lincomb_wrong_coefficients[0-&lt;lambda&gt;2]" time="0.003593921661376953"></testcase><testcase classname="src.pymortests.vectorarray" file="src/pymortests/vectorarray.py" line="608" name="test_lincomb_wrong_coefficients[0-&lt;lambda&gt;3]" time="0.004774332046508789"></testcase><testcase classname="src.pymortests.vectorarray" file="src/pymortests/vectorarray.py" line="608" name="test_lincomb_wrong_coefficients[0-&lt;lambda&gt;4]" time="0.005031108856201172"></testcase><testcase classname="src.pymortests.vectorarray" file="src/pymortests/vectorarray.py" line="608" name="test_lincomb_wrong_coefficients[0-&lt;lambda&gt;5]" time="0.0022094249725341797"></testcase><testcase classname="src.pymortests.vectorarray" file="src/pymortests/vectorarray.py" line="608" name="test_lincomb_wrong_coefficients[0-&lt;lambda&gt;6]" time="0.0021889209747314453"></testcase><testcase classname="src.pymortests.vectorarray" file="src/pymortests/vectorarray.py" line="608" name="test_lincomb_wrong_coefficients[0-&lt;lambda&gt;7]" time="0.0032727718353271484"></testcase><testcase classname="src.pymortests.vectorarray" file="src/pymortests/vectorarray.py" line="608" name="test_lincomb_wrong_coefficients[0-&lt;lambda&gt;8]" time="0.004335880279541016"></testcase><testcase classname="src.pymortests.vectorarray" file="src/pymortests/vectorarray.py" line="608" name="test_lincomb_wrong_coefficients[0-&lt;lambda&gt;9]" time="0.005259513854980469"></testcase><testcase classname="src.pymortests.vectorarray" file="src/pymortests/vectorarray.py" line="608" name="test_lincomb_wrong_coefficients[0-&lt;lambda&gt;10]" time="0.002932310104370117"></testcase><testcase classname="src.pymortests.vectorarray" file="src/pymortests/vectorarray.py" line="608" name="test_lincomb_wrong_coefficients[0-&lt;lambda&gt;11]" time="0.004911661148071289"></testcase><testcase classname="src.pymortests.vectorarray" file="src/pymortests/vectorarray.py" line="608" name="test_lincomb_wrong_coefficients[0-&lt;lambda&gt;12]" time="0.004704475402832031"></testcase><testcase classname="src.pymortests.vectorarray" file="src/pymortests/vectorarray.py" line="608" name="test_lincomb_wrong_coefficients[0-&lt;lambda&gt;13]" time="0.004611968994140625"></testcase><testcase classname="src.pymortests.vectorarray" file="src/pymortests/vectorarray.py" line="608" name="test_lincomb_wrong_coefficients[0-&lt;lambda&gt;14]" time="0.0047931671142578125"></testcase><testcase classname="src.pymortests.vectorarray" file="src/pymortests/vectorarray.py" line="608" name="test_lincomb_wrong_coefficients[0-&lt;lambda&gt;15]" time="0.007467031478881836"></testcase><testcase classname="src.pymortests.vectorarray" file="src/pymortests/vectorarray.py" line="608" name="test_lincomb_wrong_coefficients[0-&lt;lambda&gt;16]" time="0.008532047271728516"></testcase><testcase classname="src.pymortests.vectorarray" file="src/pymortests/vectorarray.py" line="608" name="test_lincomb_wrong_coefficients[0-&lt;lambda&gt;17]" time="0.0030167102813720703"></testcase><testcase classname="src.pymortests.vectorarray" file="src/pymortests/vectorarray.py" line="608" name="test_lincomb_wrong_coefficients[0-&lt;lambda&gt;18]" time="0.0031206607818603516"></testcase><testcase classname="src.pymortests.vectorarray" file="src/pymortests/vectorarray.py" line="608" name="test_lincomb_wrong_coefficients[0-&lt;lambda&gt;19]" time="0.005614042282104492"></testcase><testcase classname="src.pymortests.vectorarray" file="src/pymortests/vectorarray.py" line="608" name="test_lincomb_wrong_coefficients[0-&lt;lambda&gt;20]" time="0.012629508972167969"></testcase><testcase classname="src.pymortests.vectorarray" file="src/pymortests/vectorarray.py" line="608" name="test_lincomb_wrong_coefficients[0-&lt;lambda&gt;21]" time="0.02464008331298828"></testcase><testcase classname="src.pymortests.vectorarray" file="src/pymortests/vectorarray.py" line="608" name="test_lincomb_wrong_coefficients[0-&lt;lambda&gt;22]" time="0.0029478073120117188"></testcase><testcase classname="src.pymortests.vectorarray" file="src/pymortests/vectorarray.py" line="608" name="test_lincomb_wrong_coefficients[0-&lt;lambda&gt;23]" time="0.0021965503692626953"></testcase><testcase classname="src.pymortests.vectorarray" file="src/pymortests/vectorarray.py" line="608" name="test_lincomb_wrong_coefficients[0-&lt;lambda&gt;24]" time="0.00413060188293457"></testcase><testcase classname="src.pymortests.vectorarray" file="src/pymortests/vectorarray.py" line="608" name="test_lincomb_wrong_coefficients[0-&lt;lambda&gt;25]" time="0.027143478393554688"></testcase><testcase classname="src.pymortests.vectorarray" file="src/pymortests/vectorarray.py" line="608" name="test_lincomb_wrong_coefficients[0-&lt;lambda&gt;26]" time="0.059838294982910156"></testcase><testcase classname="src.pymortests.vectorarray" file="src/pymortests/vectorarray.py" line="608" name="test_lincomb_wrong_coefficients[1-&lt;lambda&gt;0]" time="0.0036368370056152344"></testcase><testcase classname="src.pymortests.vectorarray" file="src/pymortests/vectorarray.py" line="608" name="test_lincomb_wrong_coefficients[1-&lt;lambda&gt;1]" time="0.002419710159301758"></testcase><testcase classname="src.pymortests.vectorarray" file="src/pymortests/vectorarray.py" line="608" name="test_lincomb_wrong_coefficients[1-&lt;lambda&gt;2]" time="0.003449678421020508"></testcase><testcase classname="src.pymortests.vectorarray" file="src/pymortests/vectorarray.py" line="608" name="test_lincomb_wrong_coefficients[1-&lt;lambda&gt;3]" time="0.004277706146240234"></testcase><testcase classname="src.pymortests.vectorarray" file="src/pymortests/vectorarray.py" line="608" name="test_lincomb_wrong_coefficients[1-&lt;lambda&gt;4]" time="0.0050165653228759766"></testcase><testcase classname="src.pymortests.vectorarray" file="src/pymortests/vectorarray.py" line="608" name="test_lincomb_wrong_coefficients[1-&lt;lambda&gt;5]" time="0.002189159393310547"></testcase><testcase classname="src.pymortests.vectorarray" file="src/pymortests/vectorarray.py" line="608" name="test_lincomb_wrong_coefficients[1-&lt;lambda&gt;6]" time="0.002339601516723633"></testcase><testcase classname="src.pymortests.vectorarray" file="src/pymortests/vectorarray.py" line="608" name="test_lincomb_wrong_coefficients[1-&lt;lambda&gt;7]" time="0.0033140182495117188"></testcase><testcase classname="src.pymortests.vectorarray" file="src/pymortests/vectorarray.py" line="608" name="test_lincomb_wrong_coefficients[1-&lt;lambda&gt;8]" time="0.004415750503540039"></testcase><testcase classname="src.pymortests.vectorarray" file="src/pymortests/vectorarray.py" line="608" name="test_lincomb_wrong_coefficients[1-&lt;lambda&gt;9]" time="0.0057561397552490234"></testcase><testcase classname="src.pymortests.vectorarray" file="src/pymortests/vectorarray.py" line="608" name="test_lincomb_wrong_coefficients[1-&lt;lambda&gt;10]" time="0.002860546112060547"></testcase><testcase classname="src.pymortests.vectorarray" file="src/pymortests/vectorarray.py" line="608" name="test_lincomb_wrong_coefficients[1-&lt;lambda&gt;11]" time="0.004968881607055664"></testcase><testcase classname="src.pymortests.vectorarray" file="src/pymortests/vectorarray.py" line="608" name="test_lincomb_wrong_coefficients[1-&lt;lambda&gt;12]" time="0.004897594451904297"></testcase><testcase classname="src.pymortests.vectorarray" file="src/pymortests/vectorarray.py" line="608" name="test_lincomb_wrong_coefficients[1-&lt;lambda&gt;13]" time="0.00428462028503418"></testcase><testcase classname="src.pymortests.vectorarray" file="src/pymortests/vectorarray.py" line="608" name="test_lincomb_wrong_coefficients[1-&lt;lambda&gt;14]" time="0.00484466552734375"></testcase><testcase classname="src.pymortests.vectorarray" file="src/pymortests/vectorarray.py" line="608" name="test_lincomb_wrong_coefficients[1-&lt;lambda&gt;15]" time="0.006848573684692383"></testcase><testcase classname="src.pymortests.vectorarray" file="src/pymortests/vectorarray.py" line="608" name="test_lincomb_wrong_coefficients[1-&lt;lambda&gt;16]" time="0.008832454681396484"></testcase><testcase classname="src.pymortests.vectorarray" file="src/pymortests/vectorarray.py" line="608" name="test_lincomb_wrong_coefficients[1-&lt;lambda&gt;17]" time="0.0033638477325439453"></testcase><testcase classname="src.pymortests.vectorarray" file="src/pymortests/vectorarray.py" line="608" name="test_lincomb_wrong_coefficients[1-&lt;lambda&gt;18]" time="0.0033075809478759766"></testcase><testcase classname="src.pymortests.vectorarray" file="src/pymortests/vectorarray.py" line="608" name="test_lincomb_wrong_coefficients[1-&lt;lambda&gt;19]" time="0.005846261978149414"></testcase><testcase classname="src.pymortests.vectorarray" file="src/pymortests/vectorarray.py" line="608" name="test_lincomb_wrong_coefficients[1-&lt;lambda&gt;20]" time="0.01269221305847168"></testcase><testcase classname="src.pymortests.vectorarray" file="src/pymortests/vectorarray.py" line="608" name="test_lincomb_wrong_coefficients[1-&lt;lambda&gt;21]" time="0.024321317672729492"></testcase><testcase classname="src.pymortests.vectorarray" file="src/pymortests/vectorarray.py" line="608" name="test_lincomb_wrong_coefficients[1-&lt;lambda&gt;22]" time="0.003177165985107422"></testcase><testcase classname="src.pymortests.vectorarray" file="src/pymortests/vectorarray.py" line="608" name="test_lincomb_wrong_coefficients[1-&lt;lambda&gt;23]" time="0.0023343563079833984"></testcase><testcase classname="src.pymortests.vectorarray" file="src/pymortests/vectorarray.py" line="608" name="test_lincomb_wrong_coefficients[1-&lt;lambda&gt;24]" time="0.004126787185668945"></testcase><testcase classname="src.pymortests.vectorarray" file="src/pymortests/vectorarray.py" line="608" name="test_lincomb_wrong_coefficients[1-&lt;lambda&gt;25]" time="0.02705979347229004"></testcase><testcase classname="src.pymortests.vectorarray" file="src/pymortests/vectorarray.py" line="608" name="test_lincomb_wrong_coefficients[1-&lt;lambda&gt;26]" time="0.059883832931518555"></testcase><testcase classname="src.pymortests.vectorarray" file="src/pymortests/vectorarray.py" line="608" name="test_lincomb_wrong_coefficients[2-&lt;lambda&gt;0]" time="0.003423929214477539"></testcase><testcase classname="src.pymortests.vectorarray" file="src/pymortests/vectorarray.py" line="608" name="test_lincomb_wrong_coefficients[2-&lt;lambda&gt;1]" time="0.0024161338806152344"></testcase><testcase classname="src.pymortests.vectorarray" file="src/pymortests/vectorarray.py" line="608" name="test_lincomb_wrong_coefficients[2-&lt;lambda&gt;2]" time="0.0034296512603759766"></testcase><testcase classname="src.pymortests.vectorarray" file="src/pymortests/vectorarray.py" line="608" name="test_lincomb_wrong_coefficients[2-&lt;lambda&gt;3]" time="0.0043811798095703125"></testcase><testcase classname="src.pymortests.vectorarray" file="src/pymortests/vectorarray.py" line="608" name="test_lincomb_wrong_coefficients[2-&lt;lambda&gt;4]" time="0.004877805709838867"></testcase><testcase classname="src.pymortests.vectorarray" file="src/pymortests/vectorarray.py" line="608" name="test_lincomb_wrong_coefficients[2-&lt;lambda&gt;5]" time="0.0022373199462890625"></testcase><testcase classname="src.pymortests.vectorarray" file="src/pymortests/vectorarray.py" line="608" name="test_lincomb_wrong_coefficients[2-&lt;lambda&gt;6]" time="0.0022721290588378906"></testcase><testcase classname="src.pymortests.vectorarray" file="src/pymortests/vectorarray.py" line="608" name="test_lincomb_wrong_coefficients[2-&lt;lambda&gt;7]" time="0.0031588077545166016"></testcase><testcase classname="src.pymortests.vectorarray" file="src/pymortests/vectorarray.py" line="608" name="test_lincomb_wrong_coefficients[2-&lt;lambda&gt;8]" time="0.0043065547943115234"></testcase><testcase classname="src.pymortests.vectorarray" file="src/pymortests/vectorarray.py" line="608" name="test_lincomb_wrong_coefficients[2-&lt;lambda&gt;9]" time="0.005536079406738281"></testcase><testcase classname="src.pymortests.vectorarray" file="src/pymortests/vectorarray.py" line="608" name="test_lincomb_wrong_coefficients[2-&lt;lambda&gt;10]" time="0.0032122135162353516"></testcase><testcase classname="src.pymortests.vectorarray" file="src/pymortests/vectorarray.py" line="608" name="test_lincomb_wrong_coefficients[2-&lt;lambda&gt;11]" time="0.005115032196044922"></testcase><testcase classname="src.pymortests.vectorarray" file="src/pymortests/vectorarray.py" line="608" name="test_lincomb_wrong_coefficients[2-&lt;lambda&gt;12]" time="0.005028724670410156"></testcase><testcase classname="src.pymortests.vectorarray" file="src/pymortests/vectorarray.py" line="608" name="test_lincomb_wrong_coefficients[2-&lt;lambda&gt;13]" time="0.004097938537597656"></testcase><testcase classname="src.pymortests.vectorarray" file="src/pymortests/vectorarray.py" line="608" name="test_lincomb_wrong_coefficients[2-&lt;lambda&gt;14]" time="0.00491642951965332"></testcase><testcase classname="src.pymortests.vectorarray" file="src/pymortests/vectorarray.py" line="608" name="test_lincomb_wrong_coefficients[2-&lt;lambda&gt;15]" time="0.006869316101074219"></testcase><testcase classname="src.pymortests.vectorarray" file="src/pymortests/vectorarray.py" line="608" name="test_lincomb_wrong_coefficients[2-&lt;lambda&gt;16]" time="0.008599996566772461"></testcase><testcase classname="src.pymortests.vectorarray" file="src/pymortests/vectorarray.py" line="608" name="test_lincomb_wrong_coefficients[2-&lt;lambda&gt;17]" time="0.0030303001403808594"></testcase><testcase classname="src.pymortests.vectorarray" file="src/pymortests/vectorarray.py" line="608" name="test_lincomb_wrong_coefficients[2-&lt;lambda&gt;18]" time="0.0028879642486572266"></testcase><testcase classname="src.pymortests.vectorarray" file="src/pymortests/vectorarray.py" line="608" name="test_lincomb_wrong_coefficients[2-&lt;lambda&gt;19]" time="0.0049915313720703125"></testcase><testcase classname="src.pymortests.vectorarray" file="src/pymortests/vectorarray.py" line="608" name="test_lincomb_wrong_coefficients[2-&lt;lambda&gt;20]" time="0.01265096664428711"></testcase><testcase classname="src.pymortests.vectorarray" file="src/pymortests/vectorarray.py" line="608" name="test_lincomb_wrong_coefficients[2-&lt;lambda&gt;21]" time="0.024582624435424805"></testcase><testcase classname="src.pymortests.vectorarray" file="src/pymortests/vectorarray.py" line="608" name="test_lincomb_wrong_coefficients[2-&lt;lambda&gt;22]" time="0.0029823780059814453"></testcase><testcase classname="src.pymortests.vectorarray" file="src/pymortests/vectorarray.py" line="608" name="test_lincomb_wrong_coefficients[2-&lt;lambda&gt;23]" time="0.0021390914916992188"></testcase><testcase classname="src.pymortests.vectorarray" file="src/pymortests/vectorarray.py" line="608" name="test_lincomb_wrong_coefficients[2-&lt;lambda&gt;24]" time="0.004025936126708984"></testcase><testcase classname="src.pymortests.vectorarray" file="src/pymortests/vectorarray.py" line="608" name="test_lincomb_wrong_coefficients[2-&lt;lambda&gt;25]" time="0.0273284912109375"></testcase><testcase classname="src.pymortests.vectorarray" file="src/pymortests/vectorarray.py" line="608" name="test_lincomb_wrong_coefficients[2-&lt;lambda&gt;26]" time="0.059488534927368164"></testcase><testcase classname="src.pymortests.vectorarray" file="src/pymortests/vectorarray.py" line="627" name="test_l1_norm[0-&lt;lambda&gt;0]" time="0.007055044174194336"></testcase><testcase classname="src.pymortests.vectorarray" file="src/pymortests/vectorarray.py" line="627" name="test_l1_norm[0-&lt;lambda&gt;1]" time="0.0055408477783203125"></testcase><testcase classname="src.pymortests.vectorarray" file="src/pymortests/vectorarray.py" line="627" name="test_l1_norm[0-&lt;lambda&gt;2]" time="0.007144451141357422"></testcase><testcase classname="src.pymortests.vectorarray" file="src/pymortests/vectorarray.py" line="627" name="test_l1_norm[0-&lt;lambda&gt;3]" time="0.007645130157470703"></testcase><testcase classname="src.pymortests.vectorarray" file="src/pymortests/vectorarray.py" line="627" name="test_l1_norm[0-&lt;lambda&gt;4]" time="0.007863998413085938"></testcase><testcase classname="src.pymortests.vectorarray" file="src/pymortests/vectorarray.py" line="627" name="test_l1_norm[0-&lt;lambda&gt;5]" time="0.0051305294036865234"></testcase><testcase classname="src.pymortests.vectorarray" file="src/pymortests/vectorarray.py" line="627" name="test_l1_norm[0-&lt;lambda&gt;6]" time="0.004801034927368164"></testcase><testcase classname="src.pymortests.vectorarray" file="src/pymortests/vectorarray.py" line="627" name="test_l1_norm[0-&lt;lambda&gt;7]" time="0.0071849822998046875"></testcase><testcase classname="src.pymortests.vectorarray" file="src/pymortests/vectorarray.py" line="627" name="test_l1_norm[0-&lt;lambda&gt;8]" time="0.02680039405822754"></testcase><testcase classname="src.pymortests.vectorarray" file="src/pymortests/vectorarray.py" line="627" name="test_l1_norm[0-&lt;lambda&gt;9]" time="0.04979991912841797"></testcase><testcase classname="src.pymortests.vectorarray" file="src/pymortests/vectorarray.py" line="627" name="test_l1_norm[0-&lt;lambda&gt;10]" time="0.010270833969116211"></testcase><testcase classname="src.pymortests.vectorarray" file="src/pymortests/vectorarray.py" line="627" name="test_l1_norm[0-&lt;lambda&gt;11]" time="0.012372255325317383"></testcase><testcase classname="src.pymortests.vectorarray" file="src/pymortests/vectorarray.py" line="627" name="test_l1_norm[0-&lt;lambda&gt;12]" time="0.013565778732299805"></testcase><testcase classname="src.pymortests.vectorarray" file="src/pymortests/vectorarray.py" line="627" name="test_l1_norm[0-&lt;lambda&gt;13]" time="0.01011514663696289"></testcase><testcase classname="src.pymortests.vectorarray" file="src/pymortests/vectorarray.py" line="627" name="test_l1_norm[0-&lt;lambda&gt;14]" time="0.011860370635986328"></testcase><testcase classname="src.pymortests.vectorarray" file="src/pymortests/vectorarray.py" line="627" name="test_l1_norm[0-&lt;lambda&gt;15]" time="0.01700115203857422"></testcase><testcase classname="src.pymortests.vectorarray" file="src/pymortests/vectorarray.py" line="627" name="test_l1_norm[0-&lt;lambda&gt;16]" time="0.0177767276763916"></testcase><testcase classname="src.pymortests.vectorarray" file="src/pymortests/vectorarray.py" line="627" name="test_l1_norm[0-&lt;lambda&gt;17]" time="0.013563394546508789"></testcase><testcase classname="src.pymortests.vectorarray" file="src/pymortests/vectorarray.py" line="627" name="test_l1_norm[0-&lt;lambda&gt;18]" time="0.013268232345581055"></testcase><testcase classname="src.pymortests.vectorarray" file="src/pymortests/vectorarray.py" line="627" name="test_l1_norm[0-&lt;lambda&gt;19]" time="0.0193784236907959"></testcase><testcase classname="src.pymortests.vectorarray" file="src/pymortests/vectorarray.py" line="627" name="test_l1_norm[0-&lt;lambda&gt;20]" time="0.05278968811035156"></testcase><testcase classname="src.pymortests.vectorarray" file="src/pymortests/vectorarray.py" line="627" name="test_l1_norm[0-&lt;lambda&gt;21]" time="0.11190080642700195"></testcase><testcase classname="src.pymortests.vectorarray" file="src/pymortests/vectorarray.py" line="627" name="test_l1_norm[0-&lt;lambda&gt;22]" time="0.005948066711425781"></testcase><testcase classname="src.pymortests.vectorarray" file="src/pymortests/vectorarray.py" line="627" name="test_l1_norm[0-&lt;lambda&gt;23]" time="0.004833698272705078"></testcase><testcase classname="src.pymortests.vectorarray" file="src/pymortests/vectorarray.py" line="627" name="test_l1_norm[0-&lt;lambda&gt;24]" time="0.021579504013061523"></testcase><testcase classname="src.pymortests.vectorarray" file="src/pymortests/vectorarray.py" line="627" name="test_l1_norm[0-&lt;lambda&gt;25]" time="0.43110108375549316"></testcase><testcase classname="src.pymortests.vectorarray" file="src/pymortests/vectorarray.py" line="627" name="test_l1_norm[0-&lt;lambda&gt;26]" time="0.9872455596923828"></testcase><testcase classname="src.pymortests.vectorarray" file="src/pymortests/vectorarray.py" line="627" name="test_l1_norm[1-&lt;lambda&gt;0]" time="0.006788492202758789"></testcase><testcase classname="src.pymortests.vectorarray" file="src/pymortests/vectorarray.py" line="627" name="test_l1_norm[1-&lt;lambda&gt;1]" time="0.005741596221923828"></testcase><testcase classname="src.pymortests.vectorarray" file="src/pymortests/vectorarray.py" line="627" name="test_l1_norm[1-&lt;lambda&gt;2]" time="0.006668567657470703"></testcase><testcase classname="src.pymortests.vectorarray" file="src/pymortests/vectorarray.py" line="627" name="test_l1_norm[1-&lt;lambda&gt;3]" time="0.008275032043457031"></testcase><testcase classname="src.pymortests.vectorarray" file="src/pymortests/vectorarray.py" line="627" name="test_l1_norm[1-&lt;lambda&gt;4]" time="0.007962942123413086"></testcase><testcase classname="src.pymortests.vectorarray" file="src/pymortests/vectorarray.py" line="627" name="test_l1_norm[1-&lt;lambda&gt;5]" time="0.00474095344543457"></testcase><testcase classname="src.pymortests.vectorarray" file="src/pymortests/vectorarray.py" line="627" name="test_l1_norm[1-&lt;lambda&gt;6]" time="0.0046844482421875"></testcase><testcase classname="src.pymortests.vectorarray" file="src/pymortests/vectorarray.py" line="627" name="test_l1_norm[1-&lt;lambda&gt;7]" time="0.007375955581665039"></testcase><testcase classname="src.pymortests.vectorarray" file="src/pymortests/vectorarray.py" line="627" name="test_l1_norm[1-&lt;lambda&gt;8]" time="0.026554346084594727"></testcase><testcase classname="src.pymortests.vectorarray" file="src/pymortests/vectorarray.py" line="627" name="test_l1_norm[1-&lt;lambda&gt;9]" time="0.050551652908325195"></testcase><testcase classname="src.pymortests.vectorarray" file="src/pymortests/vectorarray.py" line="627" name="test_l1_norm[1-&lt;lambda&gt;10]" time="0.009858846664428711"></testcase><testcase classname="src.pymortests.vectorarray" file="src/pymortests/vectorarray.py" line="627" name="test_l1_norm[1-&lt;lambda&gt;11]" time="0.012002706527709961"></testcase><testcase classname="src.pymortests.vectorarray" file="src/pymortests/vectorarray.py" line="627" name="test_l1_norm[1-&lt;lambda&gt;12]" time="0.011558771133422852"></testcase><testcase classname="src.pymortests.vectorarray" file="src/pymortests/vectorarray.py" line="627" name="test_l1_norm[1-&lt;lambda&gt;13]" time="0.010126113891601562"></testcase><testcase classname="src.pymortests.vectorarray" file="src/pymortests/vectorarray.py" line="627" name="test_l1_norm[1-&lt;lambda&gt;14]" time="0.011762380599975586"></testcase><testcase classname="src.pymortests.vectorarray" file="src/pymortests/vectorarray.py" line="627" name="test_l1_norm[1-&lt;lambda&gt;15]" time="0.015707969665527344"></testcase><testcase classname="src.pymortests.vectorarray" file="src/pymortests/vectorarray.py" line="627" name="test_l1_norm[1-&lt;lambda&gt;16]" time="0.01751232147216797"></testcase><testcase classname="src.pymortests.vectorarray" file="src/pymortests/vectorarray.py" line="627" name="test_l1_norm[1-&lt;lambda&gt;17]" time="0.013873577117919922"></testcase><testcase classname="src.pymortests.vectorarray" file="src/pymortests/vectorarray.py" line="627" name="test_l1_norm[1-&lt;lambda&gt;18]" time="0.013500452041625977"></testcase><testcase classname="src.pymortests.vectorarray" file="src/pymortests/vectorarray.py" line="627" name="test_l1_norm[1-&lt;lambda&gt;19]" time="0.02046966552734375"></testcase><testcase classname="src.pymortests.vectorarray" file="src/pymortests/vectorarray.py" line="627" name="test_l1_norm[1-&lt;lambda&gt;20]" time="0.05463409423828125"></testcase><testcase classname="src.pymortests.vectorarray" file="src/pymortests/vectorarray.py" line="627" name="test_l1_norm[1-&lt;lambda&gt;21]" time="0.11446642875671387"></testcase><testcase classname="src.pymortests.vectorarray" file="src/pymortests/vectorarray.py" line="627" name="test_l1_norm[1-&lt;lambda&gt;22]" time="0.006159782409667969"></testcase><testcase classname="src.pymortests.vectorarray" file="src/pymortests/vectorarray.py" line="627" name="test_l1_norm[1-&lt;lambda&gt;23]" time="0.00526118278503418"></testcase><testcase classname="src.pymortests.vectorarray" file="src/pymortests/vectorarray.py" line="627" name="test_l1_norm[1-&lt;lambda&gt;24]" time="0.02440786361694336"></testcase><testcase classname="src.pymortests.vectorarray" file="src/pymortests/vectorarray.py" line="627" name="test_l1_norm[1-&lt;lambda&gt;25]" time="0.4713466167449951"></testcase><testcase classname="src.pymortests.vectorarray" file="src/pymortests/vectorarray.py" line="627" name="test_l1_norm[1-&lt;lambda&gt;26]" time="1.0575895309448242"></testcase><testcase classname="src.pymortests.vectorarray" file="src/pymortests/vectorarray.py" line="627" name="test_l1_norm[2-&lt;lambda&gt;0]" time="0.006791591644287109"></testcase><testcase classname="src.pymortests.vectorarray" file="src/pymortests/vectorarray.py" line="627" name="test_l1_norm[2-&lt;lambda&gt;1]" time="0.005689144134521484"></testcase><testcase classname="src.pymortests.vectorarray" file="src/pymortests/vectorarray.py" line="627" name="test_l1_norm[2-&lt;lambda&gt;2]" time="0.0068645477294921875"></testcase><testcase classname="src.pymortests.vectorarray" file="src/pymortests/vectorarray.py" line="627" name="test_l1_norm[2-&lt;lambda&gt;3]" time="0.007965803146362305"></testcase><testcase classname="src.pymortests.vectorarray" file="src/pymortests/vectorarray.py" line="627" name="test_l1_norm[2-&lt;lambda&gt;4]" time="0.008502483367919922"></testcase><testcase classname="src.pymortests.vectorarray" file="src/pymortests/vectorarray.py" line="627" name="test_l1_norm[2-&lt;lambda&gt;5]" time="0.005293130874633789"></testcase><testcase classname="src.pymortests.vectorarray" file="src/pymortests/vectorarray.py" line="627" name="test_l1_norm[2-&lt;lambda&gt;6]" time="0.004812717437744141"></testcase><testcase classname="src.pymortests.vectorarray" file="src/pymortests/vectorarray.py" line="627" name="test_l1_norm[2-&lt;lambda&gt;7]" time="0.008187294006347656"></testcase><testcase classname="src.pymortests.vectorarray" file="src/pymortests/vectorarray.py" line="627" name="test_l1_norm[2-&lt;lambda&gt;8]" time="0.027376174926757812"></testcase><testcase classname="src.pymortests.vectorarray" file="src/pymortests/vectorarray.py" line="627" name="test_l1_norm[2-&lt;lambda&gt;9]" time="0.05197620391845703"></testcase><testcase classname="src.pymortests.vectorarray" file="src/pymortests/vectorarray.py" line="627" name="test_l1_norm[2-&lt;lambda&gt;10]" time="0.01018381118774414"></testcase><testcase classname="src.pymortests.vectorarray" file="src/pymortests/vectorarray.py" line="627" name="test_l1_norm[2-&lt;lambda&gt;11]" time="0.011642932891845703"></testcase><testcase classname="src.pymortests.vectorarray" file="src/pymortests/vectorarray.py" line="627" name="test_l1_norm[2-&lt;lambda&gt;12]" time="0.009979963302612305"></testcase><testcase classname="src.pymortests.vectorarray" file="src/pymortests/vectorarray.py" line="627" name="test_l1_norm[2-&lt;lambda&gt;13]" time="0.008562564849853516"></testcase><testcase classname="src.pymortests.vectorarray" file="src/pymortests/vectorarray.py" line="627" name="test_l1_norm[2-&lt;lambda&gt;14]" time="0.011005640029907227"></testcase><testcase classname="src.pymortests.vectorarray" file="src/pymortests/vectorarray.py" line="627" name="test_l1_norm[2-&lt;lambda&gt;15]" time="0.016551971435546875"></testcase><testcase classname="src.pymortests.vectorarray" file="src/pymortests/vectorarray.py" line="627" name="test_l1_norm[2-&lt;lambda&gt;16]" time="0.018393278121948242"></testcase><testcase classname="src.pymortests.vectorarray" file="src/pymortests/vectorarray.py" line="627" name="test_l1_norm[2-&lt;lambda&gt;17]" time="0.01407170295715332"></testcase><testcase classname="src.pymortests.vectorarray" file="src/pymortests/vectorarray.py" line="627" name="test_l1_norm[2-&lt;lambda&gt;18]" time="0.013571739196777344"></testcase><testcase classname="src.pymortests.vectorarray" file="src/pymortests/vectorarray.py" line="627" name="test_l1_norm[2-&lt;lambda&gt;19]" time="0.02064347267150879"></testcase><testcase classname="src.pymortests.vectorarray" file="src/pymortests/vectorarray.py" line="627" name="test_l1_norm[2-&lt;lambda&gt;20]" time="0.054216623306274414"></testcase><testcase classname="src.pymortests.vectorarray" file="src/pymortests/vectorarray.py" line="627" name="test_l1_norm[2-&lt;lambda&gt;21]" time="0.11141347885131836"></testcase><testcase classname="src.pymortests.vectorarray" file="src/pymortests/vectorarray.py" line="627" name="test_l1_norm[2-&lt;lambda&gt;22]" time="0.006073951721191406"></testcase><testcase classname="src.pymortests.vectorarray" file="src/pymortests/vectorarray.py" line="627" name="test_l1_norm[2-&lt;lambda&gt;23]" time="0.004995584487915039"></testcase><testcase classname="src.pymortests.vectorarray" file="src/pymortests/vectorarray.py" line="627" name="test_l1_norm[2-&lt;lambda&gt;24]" time="0.021953105926513672"></testcase><testcase classname="src.pymortests.vectorarray" file="src/pymortests/vectorarray.py" line="627" name="test_l1_norm[2-&lt;lambda&gt;25]" time="0.45883607864379883"></testcase><testcase classname="src.pymortests.vectorarray" file="src/pymortests/vectorarray.py" line="627" name="test_l1_norm[2-&lt;lambda&gt;26]" time="1.0677964687347412"></testcase><testcase classname="src.pymortests.vectorarray" file="src/pymortests/vectorarray.py" line="649" name="test_l2_norm[0-&lt;lambda&gt;0]" time="0.00698542594909668"></testcase><testcase classname="src.pymortests.vectorarray" file="src/pymortests/vectorarray.py" line="649" name="test_l2_norm[0-&lt;lambda&gt;1]" time="0.005845069885253906"></testcase><testcase classname="src.pymortests.vectorarray" file="src/pymortests/vectorarray.py" line="649" name="test_l2_norm[0-&lt;lambda&gt;2]" time="0.006805896759033203"></testcase><testcase classname="src.pymortests.vectorarray" file="src/pymortests/vectorarray.py" line="649" name="test_l2_norm[0-&lt;lambda&gt;3]" time="0.007874488830566406"></testcase><testcase classname="src.pymortests.vectorarray" file="src/pymortests/vectorarray.py" line="649" name="test_l2_norm[0-&lt;lambda&gt;4]" time="0.008164405822753906"></testcase><testcase classname="src.pymortests.vectorarray" file="src/pymortests/vectorarray.py" line="649" name="test_l2_norm[0-&lt;lambda&gt;5]" time="0.0048868656158447266"></testcase><testcase classname="src.pymortests.vectorarray" file="src/pymortests/vectorarray.py" line="649" name="test_l2_norm[0-&lt;lambda&gt;6]" time="0.004950523376464844"></testcase><testcase classname="src.pymortests.vectorarray" file="src/pymortests/vectorarray.py" line="649" name="test_l2_norm[0-&lt;lambda&gt;7]" time="0.00741267204284668"></testcase><testcase classname="src.pymortests.vectorarray" file="src/pymortests/vectorarray.py" line="649" name="test_l2_norm[0-&lt;lambda&gt;8]" time="0.028052330017089844"></testcase><testcase classname="src.pymortests.vectorarray" file="src/pymortests/vectorarray.py" line="649" name="test_l2_norm[0-&lt;lambda&gt;9]" time="0.05092358589172363"></testcase><testcase classname="src.pymortests.vectorarray" file="src/pymortests/vectorarray.py" line="649" name="test_l2_norm[0-&lt;lambda&gt;10]" time="0.009655237197875977"></testcase><testcase classname="src.pymortests.vectorarray" file="src/pymortests/vectorarray.py" line="649" name="test_l2_norm[0-&lt;lambda&gt;11]" time="0.011784553527832031"></testcase><testcase classname="src.pymortests.vectorarray" file="src/pymortests/vectorarray.py" line="649" name="test_l2_norm[0-&lt;lambda&gt;12]" time="0.011185884475708008"></testcase><testcase classname="src.pymortests.vectorarray" file="src/pymortests/vectorarray.py" line="649" name="test_l2_norm[0-&lt;lambda&gt;13]" time="0.009725093841552734"></testcase><testcase classname="src.pymortests.vectorarray" file="src/pymortests/vectorarray.py" line="649" name="test_l2_norm[0-&lt;lambda&gt;14]" time="0.011637687683105469"></testcase><testcase classname="src.pymortests.vectorarray" file="src/pymortests/vectorarray.py" line="649" name="test_l2_norm[0-&lt;lambda&gt;15]" time="0.016184568405151367"></testcase><testcase classname="src.pymortests.vectorarray" file="src/pymortests/vectorarray.py" line="649" name="test_l2_norm[0-&lt;lambda&gt;16]" time="0.016411304473876953"></testcase><testcase classname="src.pymortests.vectorarray" file="src/pymortests/vectorarray.py" line="649" name="test_l2_norm[0-&lt;lambda&gt;17]" time="0.012502670288085938"></testcase><testcase classname="src.pymortests.vectorarray" file="src/pymortests/vectorarray.py" line="649" name="test_l2_norm[0-&lt;lambda&gt;18]" time="0.012615203857421875"></testcase><testcase classname="src.pymortests.vectorarray" file="src/pymortests/vectorarray.py" line="649" name="test_l2_norm[0-&lt;lambda&gt;19]" time="0.022845029830932617"></testcase><testcase classname="src.pymortests.vectorarray" file="src/pymortests/vectorarray.py" line="649" name="test_l2_norm[0-&lt;lambda&gt;20]" time="0.0569920539855957"></testcase><testcase classname="src.pymortests.vectorarray" file="src/pymortests/vectorarray.py" line="649" name="test_l2_norm[0-&lt;lambda&gt;21]" time="0.12111592292785645"></testcase><testcase classname="src.pymortests.vectorarray" file="src/pymortests/vectorarray.py" line="649" name="test_l2_norm[0-&lt;lambda&gt;22]" time="0.006186485290527344"></testcase><testcase classname="src.pymortests.vectorarray" file="src/pymortests/vectorarray.py" line="649" name="test_l2_norm[0-&lt;lambda&gt;23]" time="0.005156755447387695"></testcase><testcase classname="src.pymortests.vectorarray" file="src/pymortests/vectorarray.py" line="649" name="test_l2_norm[0-&lt;lambda&gt;24]" time="0.021776199340820312"></testcase><testcase classname="src.pymortests.vectorarray" file="src/pymortests/vectorarray.py" line="649" name="test_l2_norm[0-&lt;lambda&gt;25]" time="0.41441774368286133"></testcase><testcase classname="src.pymortests.vectorarray" file="src/pymortests/vectorarray.py" line="649" name="test_l2_norm[0-&lt;lambda&gt;26]" time="0.911747932434082"></testcase><testcase classname="src.pymortests.vectorarray" file="src/pymortests/vectorarray.py" line="649" name="test_l2_norm[1-&lt;lambda&gt;0]" time="0.0070683956146240234"></testcase><testcase classname="src.pymortests.vectorarray" file="src/pymortests/vectorarray.py" line="649" name="test_l2_norm[1-&lt;lambda&gt;1]" time="0.006251335144042969"></testcase><testcase classname="src.pymortests.vectorarray" file="src/pymortests/vectorarray.py" line="649" name="test_l2_norm[1-&lt;lambda&gt;2]" time="0.0067365169525146484"></testcase><testcase classname="src.pymortests.vectorarray" file="src/pymortests/vectorarray.py" line="649" name="test_l2_norm[1-&lt;lambda&gt;3]" time="0.008384943008422852"></testcase><testcase classname="src.pymortests.vectorarray" file="src/pymortests/vectorarray.py" line="649" name="test_l2_norm[1-&lt;lambda&gt;4]" time="0.008403539657592773"></testcase><testcase classname="src.pymortests.vectorarray" file="src/pymortests/vectorarray.py" line="649" name="test_l2_norm[1-&lt;lambda&gt;5]" time="0.0050907135009765625"></testcase><testcase classname="src.pymortests.vectorarray" file="src/pymortests/vectorarray.py" line="649" name="test_l2_norm[1-&lt;lambda&gt;6]" time="0.004687786102294922"></testcase><testcase classname="src.pymortests.vectorarray" file="src/pymortests/vectorarray.py" line="649" name="test_l2_norm[1-&lt;lambda&gt;7]" time="0.00780940055847168"></testcase><testcase classname="src.pymortests.vectorarray" file="src/pymortests/vectorarray.py" line="649" name="test_l2_norm[1-&lt;lambda&gt;8]" time="0.027897357940673828"></testcase><testcase classname="src.pymortests.vectorarray" file="src/pymortests/vectorarray.py" line="649" name="test_l2_norm[1-&lt;lambda&gt;9]" time="0.05092287063598633"></testcase><testcase classname="src.pymortests.vectorarray" file="src/pymortests/vectorarray.py" line="649" name="test_l2_norm[1-&lt;lambda&gt;10]" time="0.010307788848876953"></testcase><testcase classname="src.pymortests.vectorarray" file="src/pymortests/vectorarray.py" line="649" name="test_l2_norm[1-&lt;lambda&gt;11]" time="0.012047767639160156"></testcase><testcase classname="src.pymortests.vectorarray" file="src/pymortests/vectorarray.py" line="649" name="test_l2_norm[1-&lt;lambda&gt;12]" time="0.011814594268798828"></testcase><testcase classname="src.pymortests.vectorarray" file="src/pymortests/vectorarray.py" line="649" name="test_l2_norm[1-&lt;lambda&gt;13]" time="0.010167121887207031"></testcase><testcase classname="src.pymortests.vectorarray" file="src/pymortests/vectorarray.py" line="649" name="test_l2_norm[1-&lt;lambda&gt;14]" time="0.012347698211669922"></testcase><testcase classname="src.pymortests.vectorarray" file="src/pymortests/vectorarray.py" line="649" name="test_l2_norm[1-&lt;lambda&gt;15]" time="0.016796588897705078"></testcase><testcase classname="src.pymortests.vectorarray" file="src/pymortests/vectorarray.py" line="649" name="test_l2_norm[1-&lt;lambda&gt;16]" time="0.0169680118560791"></testcase><testcase classname="src.pymortests.vectorarray" file="src/pymortests/vectorarray.py" line="649" name="test_l2_norm[1-&lt;lambda&gt;17]" time="0.012961864471435547"></testcase><testcase classname="src.pymortests.vectorarray" file="src/pymortests/vectorarray.py" line="649" name="test_l2_norm[1-&lt;lambda&gt;18]" time="0.013419389724731445"></testcase><testcase classname="src.pymortests.vectorarray" file="src/pymortests/vectorarray.py" line="649" name="test_l2_norm[1-&lt;lambda&gt;19]" time="0.022943735122680664"></testcase><testcase classname="src.pymortests.vectorarray" file="src/pymortests/vectorarray.py" line="649" name="test_l2_norm[1-&lt;lambda&gt;20]" time="0.05697941780090332"></testcase><testcase classname="src.pymortests.vectorarray" file="src/pymortests/vectorarray.py" line="649" name="test_l2_norm[1-&lt;lambda&gt;21]" time="0.12627220153808594"></testcase><testcase classname="src.pymortests.vectorarray" file="src/pymortests/vectorarray.py" line="649" name="test_l2_norm[1-&lt;lambda&gt;22]" time="0.006148576736450195"></testcase><testcase classname="src.pymortests.vectorarray" file="src/pymortests/vectorarray.py" line="649" name="test_l2_norm[1-&lt;lambda&gt;23]" time="0.004984617233276367"></testcase><testcase classname="src.pymortests.vectorarray" file="src/pymortests/vectorarray.py" line="649" name="test_l2_norm[1-&lt;lambda&gt;24]" time="0.01986408233642578"></testcase><testcase classname="src.pymortests.vectorarray" file="src/pymortests/vectorarray.py" line="649" name="test_l2_norm[1-&lt;lambda&gt;25]" time="0.42919063568115234"></testcase><testcase classname="src.pymortests.vectorarray" file="src/pymortests/vectorarray.py" line="649" name="test_l2_norm[1-&lt;lambda&gt;26]" time="0.9957122802734375"></testcase><testcase classname="src.pymortests.vectorarray" file="src/pymortests/vectorarray.py" line="649" name="test_l2_norm[2-&lt;lambda&gt;0]" time="0.006867408752441406"></testcase><testcase classname="src.pymortests.vectorarray" file="src/pymortests/vectorarray.py" line="649" name="test_l2_norm[2-&lt;lambda&gt;1]" time="0.006000518798828125"></testcase><testcase classname="src.pymortests.vectorarray" file="src/pymortests/vectorarray.py" line="649" name="test_l2_norm[2-&lt;lambda&gt;2]" time="0.0069849491119384766"></testcase><testcase classname="src.pymortests.vectorarray" file="src/pymortests/vectorarray.py" line="649" name="test_l2_norm[2-&lt;lambda&gt;3]" time="0.008373737335205078"></testcase><testcase classname="src.pymortests.vectorarray" file="src/pymortests/vectorarray.py" line="649" name="test_l2_norm[2-&lt;lambda&gt;4]" time="0.008473634719848633"></testcase><testcase classname="src.pymortests.vectorarray" file="src/pymortests/vectorarray.py" line="649" name="test_l2_norm[2-&lt;lambda&gt;5]" time="0.004603862762451172"></testcase><testcase classname="src.pymortests.vectorarray" file="src/pymortests/vectorarray.py" line="649" name="test_l2_norm[2-&lt;lambda&gt;6]" time="0.004904747009277344"></testcase><testcase classname="src.pymortests.vectorarray" file="src/pymortests/vectorarray.py" line="649" name="test_l2_norm[2-&lt;lambda&gt;7]" time="0.007922172546386719"></testcase><testcase classname="src.pymortests.vectorarray" file="src/pymortests/vectorarray.py" line="649" name="test_l2_norm[2-&lt;lambda&gt;8]" time="0.027251482009887695"></testcase><testcase classname="src.pymortests.vectorarray" file="src/pymortests/vectorarray.py" line="649" name="test_l2_norm[2-&lt;lambda&gt;9]" time="0.052495718002319336"></testcase><testcase classname="src.pymortests.vectorarray" file="src/pymortests/vectorarray.py" line="649" name="test_l2_norm[2-&lt;lambda&gt;10]" time="0.010466814041137695"></testcase><testcase classname="src.pymortests.vectorarray" file="src/pymortests/vectorarray.py" line="649" name="test_l2_norm[2-&lt;lambda&gt;11]" time="0.011647462844848633"></testcase><testcase classname="src.pymortests.vectorarray" file="src/pymortests/vectorarray.py" line="649" name="test_l2_norm[2-&lt;lambda&gt;12]" time="0.010959863662719727"></testcase><testcase classname="src.pymortests.vectorarray" file="src/pymortests/vectorarray.py" line="649" name="test_l2_norm[2-&lt;lambda&gt;13]" time="0.009577274322509766"></testcase><testcase classname="src.pymortests.vectorarray" file="src/pymortests/vectorarray.py" line="649" name="test_l2_norm[2-&lt;lambda&gt;14]" time="0.012237071990966797"></testcase><testcase classname="src.pymortests.vectorarray" file="src/pymortests/vectorarray.py" line="649" name="test_l2_norm[2-&lt;lambda&gt;15]" time="0.016385316848754883"></testcase><testcase classname="src.pymortests.vectorarray" file="src/pymortests/vectorarray.py" line="649" name="test_l2_norm[2-&lt;lambda&gt;16]" time="0.01662302017211914"></testcase><testcase classname="src.pymortests.vectorarray" file="src/pymortests/vectorarray.py" line="649" name="test_l2_norm[2-&lt;lambda&gt;17]" time="0.013000965118408203"></testcase><testcase classname="src.pymortests.vectorarray" file="src/pymortests/vectorarray.py" line="649" name="test_l2_norm[2-&lt;lambda&gt;18]" time="0.013707160949707031"></testcase><testcase classname="src.pymortests.vectorarray" file="src/pymortests/vectorarray.py" line="649" name="test_l2_norm[2-&lt;lambda&gt;19]" time="0.023073434829711914"></testcase><testcase classname="src.pymortests.vectorarray" file="src/pymortests/vectorarray.py" line="649" name="test_l2_norm[2-&lt;lambda&gt;20]" time="0.05575728416442871"></testcase><testcase classname="src.pymortests.vectorarray" file="src/pymortests/vectorarray.py" line="649" name="test_l2_norm[2-&lt;lambda&gt;21]" time="0.1174173355102539"></testcase><testcase classname="src.pymortests.vectorarray" file="src/pymortests/vectorarray.py" line="649" name="test_l2_norm[2-&lt;lambda&gt;22]" time="0.006426095962524414"></testcase><testcase classname="src.pymortests.vectorarray" file="src/pymortests/vectorarray.py" line="649" name="test_l2_norm[2-&lt;lambda&gt;23]" time="0.0055735111236572266"></testcase><testcase classname="src.pymortests.vectorarray" file="src/pymortests/vectorarray.py" line="649" name="test_l2_norm[2-&lt;lambda&gt;24]" time="0.019934654235839844"></testcase><testcase classname="src.pymortests.vectorarray" file="src/pymortests/vectorarray.py" line="649" name="test_l2_norm[2-&lt;lambda&gt;25]" time="0.4226236343383789"></testcase><testcase classname="src.pymortests.vectorarray" file="src/pymortests/vectorarray.py" line="649" name="test_l2_norm[2-&lt;lambda&gt;26]" time="1.0004417896270752"></testcase><testcase classname="src.pymortests.vectorarray" file="src/pymortests/vectorarray.py" line="671" name="test_l2_norm2[0-&lt;lambda&gt;0]" time="0.006385087966918945"></testcase><testcase classname="src.pymortests.vectorarray" file="src/pymortests/vectorarray.py" line="671" name="test_l2_norm2[0-&lt;lambda&gt;1]" time="0.005518913269042969"></testcase><testcase classname="src.pymortests.vectorarray" file="src/pymortests/vectorarray.py" line="671" name="test_l2_norm2[0-&lt;lambda&gt;2]" time="0.006943702697753906"></testcase><testcase classname="src.pymortests.vectorarray" file="src/pymortests/vectorarray.py" line="671" name="test_l2_norm2[0-&lt;lambda&gt;3]" time="0.007815837860107422"></testcase><testcase classname="src.pymortests.vectorarray" file="src/pymortests/vectorarray.py" line="671" name="test_l2_norm2[0-&lt;lambda&gt;4]" time="0.007946252822875977"></testcase><testcase classname="src.pymortests.vectorarray" file="src/pymortests/vectorarray.py" line="671" name="test_l2_norm2[0-&lt;lambda&gt;5]" time="0.0050466060638427734"></testcase><testcase classname="src.pymortests.vectorarray" file="src/pymortests/vectorarray.py" line="671" name="test_l2_norm2[0-&lt;lambda&gt;6]" time="0.004876852035522461"></testcase><testcase classname="src.pymortests.vectorarray" file="src/pymortests/vectorarray.py" line="671" name="test_l2_norm2[0-&lt;lambda&gt;7]" time="0.007423877716064453"></testcase><testcase classname="src.pymortests.vectorarray" file="src/pymortests/vectorarray.py" line="671" name="test_l2_norm2[0-&lt;lambda&gt;8]" time="0.028472900390625"></testcase><testcase classname="src.pymortests.vectorarray" file="src/pymortests/vectorarray.py" line="671" name="test_l2_norm2[0-&lt;lambda&gt;9]" time="0.05331826210021973"></testcase><testcase classname="src.pymortests.vectorarray" file="src/pymortests/vectorarray.py" line="671" name="test_l2_norm2[0-&lt;lambda&gt;10]" time="0.010097503662109375"></testcase><testcase classname="src.pymortests.vectorarray" file="src/pymortests/vectorarray.py" line="671" name="test_l2_norm2[0-&lt;lambda&gt;11]" time="0.011708498001098633"></testcase><testcase classname="src.pymortests.vectorarray" file="src/pymortests/vectorarray.py" line="671" name="test_l2_norm2[0-&lt;lambda&gt;12]" time="0.012131214141845703"></testcase><testcase classname="src.pymortests.vectorarray" file="src/pymortests/vectorarray.py" line="671" name="test_l2_norm2[0-&lt;lambda&gt;13]" time="0.009571075439453125"></testcase><testcase classname="src.pymortests.vectorarray" file="src/pymortests/vectorarray.py" line="671" name="test_l2_norm2[0-&lt;lambda&gt;14]" time="0.011600971221923828"></testcase><testcase classname="src.pymortests.vectorarray" file="src/pymortests/vectorarray.py" line="671" name="test_l2_norm2[0-&lt;lambda&gt;15]" time="0.01620626449584961"></testcase><testcase classname="src.pymortests.vectorarray" file="src/pymortests/vectorarray.py" line="671" name="test_l2_norm2[0-&lt;lambda&gt;16]" time="0.016569852828979492"></testcase><testcase classname="src.pymortests.vectorarray" file="src/pymortests/vectorarray.py" line="671" name="test_l2_norm2[0-&lt;lambda&gt;17]" time="0.01273965835571289"></testcase><testcase classname="src.pymortests.vectorarray" file="src/pymortests/vectorarray.py" line="671" name="test_l2_norm2[0-&lt;lambda&gt;18]" time="0.01246190071105957"></testcase><testcase classname="src.pymortests.vectorarray" file="src/pymortests/vectorarray.py" line="671" name="test_l2_norm2[0-&lt;lambda&gt;19]" time="0.022387981414794922"></testcase><testcase classname="src.pymortests.vectorarray" file="src/pymortests/vectorarray.py" line="671" name="test_l2_norm2[0-&lt;lambda&gt;20]" time="0.05729389190673828"></testcase><testcase classname="src.pymortests.vectorarray" file="src/pymortests/vectorarray.py" line="671" name="test_l2_norm2[0-&lt;lambda&gt;21]" time="0.11727547645568848"></testcase><testcase classname="src.pymortests.vectorarray" file="src/pymortests/vectorarray.py" line="671" name="test_l2_norm2[0-&lt;lambda&gt;22]" time="0.006417036056518555"></testcase><testcase classname="src.pymortests.vectorarray" file="src/pymortests/vectorarray.py" line="671" name="test_l2_norm2[0-&lt;lambda&gt;23]" time="0.005029916763305664"></testcase><testcase classname="src.pymortests.vectorarray" file="src/pymortests/vectorarray.py" line="671" name="test_l2_norm2[0-&lt;lambda&gt;24]" time="0.0196075439453125"></testcase><testcase classname="src.pymortests.vectorarray" file="src/pymortests/vectorarray.py" line="671" name="test_l2_norm2[0-&lt;lambda&gt;25]" time="0.40295886993408203"></testcase><testcase classname="src.pymortests.vectorarray" file="src/pymortests/vectorarray.py" line="671" name="test_l2_norm2[0-&lt;lambda&gt;26]" time="0.9345555305480957"></testcase><testcase classname="src.pymortests.vectorarray" file="src/pymortests/vectorarray.py" line="671" name="test_l2_norm2[1-&lt;lambda&gt;0]" time="0.006499052047729492"></testcase><testcase classname="src.pymortests.vectorarray" file="src/pymortests/vectorarray.py" line="671" name="test_l2_norm2[1-&lt;lambda&gt;1]" time="0.005311250686645508"></testcase><testcase classname="src.pymortests.vectorarray" file="src/pymortests/vectorarray.py" line="671" name="test_l2_norm2[1-&lt;lambda&gt;2]" time="0.00638890266418457"></testcase><testcase classname="src.pymortests.vectorarray" file="src/pymortests/vectorarray.py" line="671" name="test_l2_norm2[1-&lt;lambda&gt;3]" time="0.0076999664306640625"></testcase><testcase classname="src.pymortests.vectorarray" file="src/pymortests/vectorarray.py" line="671" name="test_l2_norm2[1-&lt;lambda&gt;4]" time="0.007603883743286133"></testcase><testcase classname="src.pymortests.vectorarray" file="src/pymortests/vectorarray.py" line="671" name="test_l2_norm2[1-&lt;lambda&gt;5]" time="0.004733562469482422"></testcase><testcase classname="src.pymortests.vectorarray" file="src/pymortests/vectorarray.py" line="671" name="test_l2_norm2[1-&lt;lambda&gt;6]" time="0.004605770111083984"></testcase><testcase classname="src.pymortests.vectorarray" file="src/pymortests/vectorarray.py" line="671" name="test_l2_norm2[1-&lt;lambda&gt;7]" time="0.00758671760559082"></testcase><testcase classname="src.pymortests.vectorarray" file="src/pymortests/vectorarray.py" line="671" name="test_l2_norm2[1-&lt;lambda&gt;8]" time="0.02710866928100586"></testcase><testcase classname="src.pymortests.vectorarray" file="src/pymortests/vectorarray.py" line="671" name="test_l2_norm2[1-&lt;lambda&gt;9]" time="0.05202436447143555"></testcase><testcase classname="src.pymortests.vectorarray" file="src/pymortests/vectorarray.py" line="671" name="test_l2_norm2[1-&lt;lambda&gt;10]" time="0.00942850112915039"></testcase><testcase classname="src.pymortests.vectorarray" file="src/pymortests/vectorarray.py" line="671" name="test_l2_norm2[1-&lt;lambda&gt;11]" time="0.011404991149902344"></testcase><testcase classname="src.pymortests.vectorarray" file="src/pymortests/vectorarray.py" line="671" name="test_l2_norm2[1-&lt;lambda&gt;12]" time="0.01133275032043457"></testcase><testcase classname="src.pymortests.vectorarray" file="src/pymortests/vectorarray.py" line="671" name="test_l2_norm2[1-&lt;lambda&gt;13]" time="0.01015329360961914"></testcase><testcase classname="src.pymortests.vectorarray" file="src/pymortests/vectorarray.py" line="671" name="test_l2_norm2[1-&lt;lambda&gt;14]" time="0.01157832145690918"></testcase><testcase classname="src.pymortests.vectorarray" file="src/pymortests/vectorarray.py" line="671" name="test_l2_norm2[1-&lt;lambda&gt;15]" time="0.01543879508972168"></testcase><testcase classname="src.pymortests.vectorarray" file="src/pymortests/vectorarray.py" line="671" name="test_l2_norm2[1-&lt;lambda&gt;16]" time="0.016599655151367188"></testcase><testcase classname="src.pymortests.vectorarray" file="src/pymortests/vectorarray.py" line="671" name="test_l2_norm2[1-&lt;lambda&gt;17]" time="0.012666940689086914"></testcase><testcase classname="src.pymortests.vectorarray" file="src/pymortests/vectorarray.py" line="671" name="test_l2_norm2[1-&lt;lambda&gt;18]" time="0.012507200241088867"></testcase><testcase classname="src.pymortests.vectorarray" file="src/pymortests/vectorarray.py" line="671" name="test_l2_norm2[1-&lt;lambda&gt;19]" time="0.022752046585083008"></testcase><testcase classname="src.pymortests.vectorarray" file="src/pymortests/vectorarray.py" line="671" name="test_l2_norm2[1-&lt;lambda&gt;20]" time="0.058829307556152344"></testcase><testcase classname="src.pymortests.vectorarray" file="src/pymortests/vectorarray.py" line="671" name="test_l2_norm2[1-&lt;lambda&gt;21]" time="0.12144827842712402"></testcase><testcase classname="src.pymortests.vectorarray" file="src/pymortests/vectorarray.py" line="671" name="test_l2_norm2[1-&lt;lambda&gt;22]" time="0.006003379821777344"></testcase><testcase classname="src.pymortests.vectorarray" file="src/pymortests/vectorarray.py" line="671" name="test_l2_norm2[1-&lt;lambda&gt;23]" time="0.0049152374267578125"></testcase><testcase classname="src.pymortests.vectorarray" file="src/pymortests/vectorarray.py" line="671" name="test_l2_norm2[1-&lt;lambda&gt;24]" time="0.019648313522338867"></testcase><testcase classname="src.pymortests.vectorarray" file="src/pymortests/vectorarray.py" line="671" name="test_l2_norm2[1-&lt;lambda&gt;25]" time="0.42965054512023926"></testcase><testcase classname="src.pymortests.vectorarray" file="src/pymortests/vectorarray.py" line="671" name="test_l2_norm2[1-&lt;lambda&gt;26]" time="0.984407901763916"></testcase><testcase classname="src.pymortests.vectorarray" file="src/pymortests/vectorarray.py" line="671" name="test_l2_norm2[2-&lt;lambda&gt;0]" time="0.0070552825927734375"></testcase><testcase classname="src.pymortests.vectorarray" file="src/pymortests/vectorarray.py" line="671" name="test_l2_norm2[2-&lt;lambda&gt;1]" time="0.00700831413269043"></testcase><testcase classname="src.pymortests.vectorarray" file="src/pymortests/vectorarray.py" line="671" name="test_l2_norm2[2-&lt;lambda&gt;2]" time="0.007368803024291992"></testcase><testcase classname="src.pymortests.vectorarray" file="src/pymortests/vectorarray.py" line="671" name="test_l2_norm2[2-&lt;lambda&gt;3]" time="0.008567571640014648"></testcase><testcase classname="src.pymortests.vectorarray" file="src/pymortests/vectorarray.py" line="671" name="test_l2_norm2[2-&lt;lambda&gt;4]" time="0.008499860763549805"></testcase><testcase classname="src.pymortests.vectorarray" file="src/pymortests/vectorarray.py" line="671" name="test_l2_norm2[2-&lt;lambda&gt;5]" time="0.004819393157958984"></testcase><testcase classname="src.pymortests.vectorarray" file="src/pymortests/vectorarray.py" line="671" name="test_l2_norm2[2-&lt;lambda&gt;6]" time="0.004998207092285156"></testcase><testcase classname="src.pymortests.vectorarray" file="src/pymortests/vectorarray.py" line="671" name="test_l2_norm2[2-&lt;lambda&gt;7]" time="0.007670879364013672"></testcase><testcase classname="src.pymortests.vectorarray" file="src/pymortests/vectorarray.py" line="671" name="test_l2_norm2[2-&lt;lambda&gt;8]" time="0.02921772003173828"></testcase><testcase classname="src.pymortests.vectorarray" file="src/pymortests/vectorarray.py" line="671" name="test_l2_norm2[2-&lt;lambda&gt;9]" time="0.06203007698059082"></testcase><testcase classname="src.pymortests.vectorarray" file="src/pymortests/vectorarray.py" line="671" name="test_l2_norm2[2-&lt;lambda&gt;10]" time="0.009687662124633789"></testcase><testcase classname="src.pymortests.vectorarray" file="src/pymortests/vectorarray.py" line="671" name="test_l2_norm2[2-&lt;lambda&gt;11]" time="0.01163172721862793"></testcase><testcase classname="src.pymortests.vectorarray" file="src/pymortests/vectorarray.py" line="671" name="test_l2_norm2[2-&lt;lambda&gt;12]" time="0.011371850967407227"></testcase><testcase classname="src.pymortests.vectorarray" file="src/pymortests/vectorarray.py" line="671" name="test_l2_norm2[2-&lt;lambda&gt;13]" time="0.00994110107421875"></testcase><testcase classname="src.pymortests.vectorarray" file="src/pymortests/vectorarray.py" line="671" name="test_l2_norm2[2-&lt;lambda&gt;14]" time="0.01195216178894043"></testcase><testcase classname="src.pymortests.vectorarray" file="src/pymortests/vectorarray.py" line="671" name="test_l2_norm2[2-&lt;lambda&gt;15]" time="0.016612529754638672"></testcase><testcase classname="src.pymortests.vectorarray" file="src/pymortests/vectorarray.py" line="671" name="test_l2_norm2[2-&lt;lambda&gt;16]" time="0.01745128631591797"></testcase><testcase classname="src.pymortests.vectorarray" file="src/pymortests/vectorarray.py" line="671" name="test_l2_norm2[2-&lt;lambda&gt;17]" time="0.012894630432128906"></testcase><testcase classname="src.pymortests.vectorarray" file="src/pymortests/vectorarray.py" line="671" name="test_l2_norm2[2-&lt;lambda&gt;18]" time="0.012586355209350586"></testcase><testcase classname="src.pymortests.vectorarray" file="src/pymortests/vectorarray.py" line="671" name="test_l2_norm2[2-&lt;lambda&gt;19]" time="0.023266315460205078"></testcase><testcase classname="src.pymortests.vectorarray" file="src/pymortests/vectorarray.py" line="671" name="test_l2_norm2[2-&lt;lambda&gt;20]" time="0.05842399597167969"></testcase><testcase classname="src.pymortests.vectorarray" file="src/pymortests/vectorarray.py" line="671" name="test_l2_norm2[2-&lt;lambda&gt;21]" time="0.12245368957519531"></testcase><testcase classname="src.pymortests.vectorarray" file="src/pymortests/vectorarray.py" line="671" name="test_l2_norm2[2-&lt;lambda&gt;22]" time="0.006118059158325195"></testcase><testcase classname="src.pymortests.vectorarray" file="src/pymortests/vectorarray.py" line="671" name="test_l2_norm2[2-&lt;lambda&gt;23]" time="0.005483388900756836"></testcase><testcase classname="src.pymortests.vectorarray" file="src/pymortests/vectorarray.py" line="671" name="test_l2_norm2[2-&lt;lambda&gt;24]" time="0.02002429962158203"></testcase><testcase classname="src.pymortests.vectorarray" file="src/pymortests/vectorarray.py" line="671" name="test_l2_norm2[2-&lt;lambda&gt;25]" time="0.4245326519012451"></testcase><testcase classname="src.pymortests.vectorarray" file="src/pymortests/vectorarray.py" line="671" name="test_l2_norm2[2-&lt;lambda&gt;26]" time="0.992455005645752"></testcase><testcase classname="src.pymortests.vectorarray" file="src/pymortests/vectorarray.py" line="693" name="test_sup_norm[0-&lt;lambda&gt;0]" time="0.005688905715942383"></testcase><testcase classname="src.pymortests.vectorarray" file="src/pymortests/vectorarray.py" line="693" name="test_sup_norm[0-&lt;lambda&gt;1]" time="0.006518125534057617"></testcase><testcase classname="src.pymortests.vectorarray" file="src/pymortests/vectorarray.py" line="693" name="test_sup_norm[0-&lt;lambda&gt;2]" time="0.00720977783203125"></testcase><testcase classname="src.pymortests.vectorarray" file="src/pymortests/vectorarray.py" line="693" name="test_sup_norm[0-&lt;lambda&gt;3]" time="0.008235454559326172"></testcase><testcase classname="src.pymortests.vectorarray" file="src/pymortests/vectorarray.py" line="693" name="test_sup_norm[0-&lt;lambda&gt;4]" time="0.006838798522949219"></testcase><testcase classname="src.pymortests.vectorarray" file="src/pymortests/vectorarray.py" line="693" name="test_sup_norm[0-&lt;lambda&gt;5]" time="0.0045778751373291016"></testcase><testcase classname="src.pymortests.vectorarray" file="src/pymortests/vectorarray.py" line="693" name="test_sup_norm[0-&lt;lambda&gt;6]" time="0.0048711299896240234"></testcase><testcase classname="src.pymortests.vectorarray" file="src/pymortests/vectorarray.py" line="693" name="test_sup_norm[0-&lt;lambda&gt;7]" time="0.007215976715087891"></testcase><testcase classname="src.pymortests.vectorarray" file="src/pymortests/vectorarray.py" line="693" name="test_sup_norm[0-&lt;lambda&gt;8]" time="0.025257349014282227"></testcase><testcase classname="src.pymortests.vectorarray" file="src/pymortests/vectorarray.py" line="693" name="test_sup_norm[0-&lt;lambda&gt;9]" time="0.027494430541992188"></testcase><testcase classname="src.pymortests.vectorarray" file="src/pymortests/vectorarray.py" line="693" name="test_sup_norm[0-&lt;lambda&gt;10]" time="0.010061025619506836"></testcase><testcase classname="src.pymortests.vectorarray" file="src/pymortests/vectorarray.py" line="693" name="test_sup_norm[0-&lt;lambda&gt;11]" time="0.012427330017089844"></testcase><testcase classname="src.pymortests.vectorarray" file="src/pymortests/vectorarray.py" line="693" name="test_sup_norm[0-&lt;lambda&gt;12]" time="0.009881019592285156"></testcase><testcase classname="src.pymortests.vectorarray" file="src/pymortests/vectorarray.py" line="693" name="test_sup_norm[0-&lt;lambda&gt;13]" time="0.010146617889404297"></testcase><testcase classname="src.pymortests.vectorarray" file="src/pymortests/vectorarray.py" line="693" name="test_sup_norm[0-&lt;lambda&gt;14]" time="0.012441873550415039"></testcase><testcase classname="src.pymortests.vectorarray" file="src/pymortests/vectorarray.py" line="693" name="test_sup_norm[0-&lt;lambda&gt;15]" time="0.016334056854248047"></testcase><testcase classname="src.pymortests.vectorarray" file="src/pymortests/vectorarray.py" line="693" name="test_sup_norm[0-&lt;lambda&gt;16]" time="0.01753520965576172"></testcase><testcase classname="src.pymortests.vectorarray" file="src/pymortests/vectorarray.py" line="693" name="test_sup_norm[0-&lt;lambda&gt;17]" time="0.026526927947998047"></testcase><testcase classname="src.pymortests.vectorarray" file="src/pymortests/vectorarray.py" line="693" name="test_sup_norm[0-&lt;lambda&gt;18]" time="0.026317596435546875"></testcase><testcase classname="src.pymortests.vectorarray" file="src/pymortests/vectorarray.py" line="693" name="test_sup_norm[0-&lt;lambda&gt;19]" time="0.05108642578125"></testcase><testcase classname="src.pymortests.vectorarray" file="src/pymortests/vectorarray.py" line="693" name="test_sup_norm[0-&lt;lambda&gt;20]" time="0.06669330596923828"></testcase><testcase classname="src.pymortests.vectorarray" file="src/pymortests/vectorarray.py" line="693" name="test_sup_norm[0-&lt;lambda&gt;21]" time="0.12933754920959473"></testcase><testcase classname="src.pymortests.vectorarray" file="src/pymortests/vectorarray.py" line="693" name="test_sup_norm[0-&lt;lambda&gt;22]" time="0.006150722503662109"></testcase><testcase classname="src.pymortests.vectorarray" file="src/pymortests/vectorarray.py" line="693" name="test_sup_norm[0-&lt;lambda&gt;23]" time="0.0059049129486083984"></testcase><testcase classname="src.pymortests.vectorarray" file="src/pymortests/vectorarray.py" line="693" name="test_sup_norm[0-&lt;lambda&gt;24]" time="0.022389650344848633"></testcase><testcase classname="src.pymortests.vectorarray" file="src/pymortests/vectorarray.py" line="693" name="test_sup_norm[0-&lt;lambda&gt;25]" time="0.41489744186401367"></testcase><testcase classname="src.pymortests.vectorarray" file="src/pymortests/vectorarray.py" line="693" name="test_sup_norm[0-&lt;lambda&gt;26]" time="0.8961703777313232"></testcase><testcase classname="src.pymortests.vectorarray" file="src/pymortests/vectorarray.py" line="693" name="test_sup_norm[1-&lt;lambda&gt;0]" time="0.005577564239501953"></testcase><testcase classname="src.pymortests.vectorarray" file="src/pymortests/vectorarray.py" line="693" name="test_sup_norm[1-&lt;lambda&gt;1]" time="0.005887746810913086"></testcase><testcase classname="src.pymortests.vectorarray" file="src/pymortests/vectorarray.py" line="693" name="test_sup_norm[1-&lt;lambda&gt;2]" time="0.0068624019622802734"></testcase><testcase classname="src.pymortests.vectorarray" file="src/pymortests/vectorarray.py" line="693" name="test_sup_norm[1-&lt;lambda&gt;3]" time="0.00807499885559082"></testcase><testcase classname="src.pymortests.vectorarray" file="src/pymortests/vectorarray.py" line="693" name="test_sup_norm[1-&lt;lambda&gt;4]" time="0.006627798080444336"></testcase><testcase classname="src.pymortests.vectorarray" file="src/pymortests/vectorarray.py" line="693" name="test_sup_norm[1-&lt;lambda&gt;5]" time="0.00434112548828125"></testcase><testcase classname="src.pymortests.vectorarray" file="src/pymortests/vectorarray.py" line="693" name="test_sup_norm[1-&lt;lambda&gt;6]" time="0.005036115646362305"></testcase><testcase classname="src.pymortests.vectorarray" file="src/pymortests/vectorarray.py" line="693" name="test_sup_norm[1-&lt;lambda&gt;7]" time="0.007220268249511719"></testcase><testcase classname="src.pymortests.vectorarray" file="src/pymortests/vectorarray.py" line="693" name="test_sup_norm[1-&lt;lambda&gt;8]" time="0.02390742301940918"></testcase><testcase classname="src.pymortests.vectorarray" file="src/pymortests/vectorarray.py" line="693" name="test_sup_norm[1-&lt;lambda&gt;9]" time="0.026888370513916016"></testcase><testcase classname="src.pymortests.vectorarray" file="src/pymortests/vectorarray.py" line="693" name="test_sup_norm[1-&lt;lambda&gt;10]" time="0.009794235229492188"></testcase><testcase classname="src.pymortests.vectorarray" file="src/pymortests/vectorarray.py" line="693" name="test_sup_norm[1-&lt;lambda&gt;11]" time="0.011665821075439453"></testcase><testcase classname="src.pymortests.vectorarray" file="src/pymortests/vectorarray.py" line="693" name="test_sup_norm[1-&lt;lambda&gt;12]" time="0.009430885314941406"></testcase><testcase classname="src.pymortests.vectorarray" file="src/pymortests/vectorarray.py" line="693" name="test_sup_norm[1-&lt;lambda&gt;13]" time="0.009734153747558594"></testcase><testcase classname="src.pymortests.vectorarray" file="src/pymortests/vectorarray.py" line="693" name="test_sup_norm[1-&lt;lambda&gt;14]" time="0.012104272842407227"></testcase><testcase classname="src.pymortests.vectorarray" file="src/pymortests/vectorarray.py" line="693" name="test_sup_norm[1-&lt;lambda&gt;15]" time="0.01579427719116211"></testcase><testcase classname="src.pymortests.vectorarray" file="src/pymortests/vectorarray.py" line="693" name="test_sup_norm[1-&lt;lambda&gt;16]" time="0.01733541488647461"></testcase><testcase classname="src.pymortests.vectorarray" file="src/pymortests/vectorarray.py" line="693" name="test_sup_norm[1-&lt;lambda&gt;17]" time="0.026350975036621094"></testcase><testcase classname="src.pymortests.vectorarray" file="src/pymortests/vectorarray.py" line="693" name="test_sup_norm[1-&lt;lambda&gt;18]" time="0.026369333267211914"></testcase><testcase classname="src.pymortests.vectorarray" file="src/pymortests/vectorarray.py" line="693" name="test_sup_norm[1-&lt;lambda&gt;19]" time="0.05259108543395996"></testcase><testcase classname="src.pymortests.vectorarray" file="src/pymortests/vectorarray.py" line="693" name="test_sup_norm[1-&lt;lambda&gt;20]" time="0.06721305847167969"></testcase><testcase classname="src.pymortests.vectorarray" file="src/pymortests/vectorarray.py" line="693" name="test_sup_norm[1-&lt;lambda&gt;21]" time="0.12554168701171875"></testcase><testcase classname="src.pymortests.vectorarray" file="src/pymortests/vectorarray.py" line="693" name="test_sup_norm[1-&lt;lambda&gt;22]" time="0.005795478820800781"></testcase><testcase classname="src.pymortests.vectorarray" file="src/pymortests/vectorarray.py" line="693" name="test_sup_norm[1-&lt;lambda&gt;23]" time="0.005403757095336914"></testcase><testcase classname="src.pymortests.vectorarray" file="src/pymortests/vectorarray.py" line="693" name="test_sup_norm[1-&lt;lambda&gt;24]" time="0.022864818572998047"></testcase><testcase classname="src.pymortests.vectorarray" file="src/pymortests/vectorarray.py" line="693" name="test_sup_norm[1-&lt;lambda&gt;25]" time="0.44173431396484375"></testcase><testcase classname="src.pymortests.vectorarray" file="src/pymortests/vectorarray.py" line="693" name="test_sup_norm[1-&lt;lambda&gt;26]" time="0.9151432514190674"></testcase><testcase classname="src.pymortests.vectorarray" file="src/pymortests/vectorarray.py" line="693" name="test_sup_norm[2-&lt;lambda&gt;0]" time="0.005531787872314453"></testcase><testcase classname="src.pymortests.vectorarray" file="src/pymortests/vectorarray.py" line="693" name="test_sup_norm[2-&lt;lambda&gt;1]" time="0.005827903747558594"></testcase><testcase classname="src.pymortests.vectorarray" file="src/pymortests/vectorarray.py" line="693" name="test_sup_norm[2-&lt;lambda&gt;2]" time="0.0069615840911865234"></testcase><testcase classname="src.pymortests.vectorarray" file="src/pymortests/vectorarray.py" line="693" name="test_sup_norm[2-&lt;lambda&gt;3]" time="0.007616996765136719"></testcase><testcase classname="src.pymortests.vectorarray" file="src/pymortests/vectorarray.py" line="693" name="test_sup_norm[2-&lt;lambda&gt;4]" time="0.006189584732055664"></testcase><testcase classname="src.pymortests.vectorarray" file="src/pymortests/vectorarray.py" line="693" name="test_sup_norm[2-&lt;lambda&gt;5]" time="0.004138469696044922"></testcase><testcase classname="src.pymortests.vectorarray" file="src/pymortests/vectorarray.py" line="693" name="test_sup_norm[2-&lt;lambda&gt;6]" time="0.0046536922454833984"></testcase><testcase classname="src.pymortests.vectorarray" file="src/pymortests/vectorarray.py" line="693" name="test_sup_norm[2-&lt;lambda&gt;7]" time="0.007376670837402344"></testcase><testcase classname="src.pymortests.vectorarray" file="src/pymortests/vectorarray.py" line="693" name="test_sup_norm[2-&lt;lambda&gt;8]" time="0.023867368698120117"></testcase><testcase classname="src.pymortests.vectorarray" file="src/pymortests/vectorarray.py" line="693" name="test_sup_norm[2-&lt;lambda&gt;9]" time="0.028534650802612305"></testcase><testcase classname="src.pymortests.vectorarray" file="src/pymortests/vectorarray.py" line="693" name="test_sup_norm[2-&lt;lambda&gt;10]" time="0.010602235794067383"></testcase><testcase classname="src.pymortests.vectorarray" file="src/pymortests/vectorarray.py" line="693" name="test_sup_norm[2-&lt;lambda&gt;11]" time="0.011660337448120117"></testcase><testcase classname="src.pymortests.vectorarray" file="src/pymortests/vectorarray.py" line="693" name="test_sup_norm[2-&lt;lambda&gt;12]" time="0.00983881950378418"></testcase><testcase classname="src.pymortests.vectorarray" file="src/pymortests/vectorarray.py" line="693" name="test_sup_norm[2-&lt;lambda&gt;13]" time="0.009907007217407227"></testcase><testcase classname="src.pymortests.vectorarray" file="src/pymortests/vectorarray.py" line="693" name="test_sup_norm[2-&lt;lambda&gt;14]" time="0.012545347213745117"></testcase><testcase classname="src.pymortests.vectorarray" file="src/pymortests/vectorarray.py" line="693" name="test_sup_norm[2-&lt;lambda&gt;15]" time="0.016329050064086914"></testcase><testcase classname="src.pymortests.vectorarray" file="src/pymortests/vectorarray.py" line="693" name="test_sup_norm[2-&lt;lambda&gt;16]" time="0.01790928840637207"></testcase><testcase classname="src.pymortests.vectorarray" file="src/pymortests/vectorarray.py" line="693" name="test_sup_norm[2-&lt;lambda&gt;17]" time="0.02644824981689453"></testcase><testcase classname="src.pymortests.vectorarray" file="src/pymortests/vectorarray.py" line="693" name="test_sup_norm[2-&lt;lambda&gt;18]" time="0.027612924575805664"></testcase><testcase classname="src.pymortests.vectorarray" file="src/pymortests/vectorarray.py" line="693" name="test_sup_norm[2-&lt;lambda&gt;19]" time="0.054836273193359375"></testcase><testcase classname="src.pymortests.vectorarray" file="src/pymortests/vectorarray.py" line="693" name="test_sup_norm[2-&lt;lambda&gt;20]" time="0.06740474700927734"></testcase><testcase classname="src.pymortests.vectorarray" file="src/pymortests/vectorarray.py" line="693" name="test_sup_norm[2-&lt;lambda&gt;21]" time="0.1290116310119629"></testcase><testcase classname="src.pymortests.vectorarray" file="src/pymortests/vectorarray.py" line="693" name="test_sup_norm[2-&lt;lambda&gt;22]" time="0.0059773921966552734"></testcase><testcase classname="src.pymortests.vectorarray" file="src/pymortests/vectorarray.py" line="693" name="test_sup_norm[2-&lt;lambda&gt;23]" time="0.005580902099609375"></testcase><testcase classname="src.pymortests.vectorarray" file="src/pymortests/vectorarray.py" line="693" name="test_sup_norm[2-&lt;lambda&gt;24]" time="0.02315044403076172"></testcase><testcase classname="src.pymortests.vectorarray" file="src/pymortests/vectorarray.py" line="693" name="test_sup_norm[2-&lt;lambda&gt;25]" time="0.4537317752838135"></testcase><testcase classname="src.pymortests.vectorarray" file="src/pymortests/vectorarray.py" line="693" name="test_sup_norm[2-&lt;lambda&gt;26]" time="0.9001765251159668"></testcase><testcase classname="src.pymortests.vectorarray" file="src/pymortests/vectorarray.py" line="716" name="test_dofs[0-&lt;lambda&gt;0]" time="0.0027201175689697266"></testcase><testcase classname="src.pymortests.vectorarray" file="src/pymortests/vectorarray.py" line="716" name="test_dofs[0-&lt;lambda&gt;1]" time="0.011886119842529297"></testcase><testcase classname="src.pymortests.vectorarray" file="src/pymortests/vectorarray.py" line="716" name="test_dofs[0-&lt;lambda&gt;2]" time="0.013239145278930664"></testcase><testcase classname="src.pymortests.vectorarray" file="src/pymortests/vectorarray.py" line="716" name="test_dofs[0-&lt;lambda&gt;3]" time="0.016384601593017578"></testcase><testcase classname="src.pymortests.vectorarray" file="src/pymortests/vectorarray.py" line="716" name="test_dofs[0-&lt;lambda&gt;4]" time="0.003962039947509766"></testcase><testcase classname="src.pymortests.vectorarray" file="src/pymortests/vectorarray.py" line="716" name="test_dofs[0-&lt;lambda&gt;5]" time="0.0017845630645751953"></testcase><testcase classname="src.pymortests.vectorarray" file="src/pymortests/vectorarray.py" line="716" name="test_dofs[0-&lt;lambda&gt;6]" time="0.01022195816040039"></testcase><testcase classname="src.pymortests.vectorarray" file="src/pymortests/vectorarray.py" line="716" name="test_dofs[0-&lt;lambda&gt;7]" time="0.014956235885620117"></testcase><testcase classname="src.pymortests.vectorarray" file="src/pymortests/vectorarray.py" line="716" name="test_dofs[0-&lt;lambda&gt;8]" time="0.06656146049499512"></testcase><testcase classname="src.pymortests.vectorarray" file="src/pymortests/vectorarray.py" line="716" name="test_dofs[0-&lt;lambda&gt;9]" time="0.016430377960205078"></testcase><testcase classname="src.pymortests.vectorarray" file="src/pymortests/vectorarray.py" line="716" name="test_dofs[0-&lt;lambda&gt;10]" time="0.03357267379760742"></testcase><testcase classname="src.pymortests.vectorarray" file="src/pymortests/vectorarray.py" line="716" name="test_dofs[0-&lt;lambda&gt;11]" time="0.03940844535827637"></testcase><testcase classname="src.pymortests.vectorarray" file="src/pymortests/vectorarray.py" line="716" name="test_dofs[0-&lt;lambda&gt;12]" time="0.004264116287231445"></testcase><testcase classname="src.pymortests.vectorarray" file="src/pymortests/vectorarray.py" line="716" name="test_dofs[0-&lt;lambda&gt;13]" time="0.0336763858795166"></testcase><testcase classname="src.pymortests.vectorarray" file="src/pymortests/vectorarray.py" line="716" name="test_dofs[0-&lt;lambda&gt;14]" time="0.03862500190734863"></testcase><testcase classname="src.pymortests.vectorarray" file="src/pymortests/vectorarray.py" line="716" name="test_dofs[0-&lt;lambda&gt;15]" time="0.05013704299926758"></testcase><testcase classname="src.pymortests.vectorarray" file="src/pymortests/vectorarray.py" line="716" name="test_dofs[0-&lt;lambda&gt;16]" time="0.05923795700073242"></testcase><testcase classname="src.pymortests.vectorarray" file="src/pymortests/vectorarray.py" line="716" name="test_dofs[0-&lt;lambda&gt;17]" time="0.06596994400024414"></testcase><testcase classname="src.pymortests.vectorarray" file="src/pymortests/vectorarray.py" line="716" name="test_dofs[0-&lt;lambda&gt;18]" time="0.06575179100036621"></testcase><testcase classname="src.pymortests.vectorarray" file="src/pymortests/vectorarray.py" line="716" name="test_dofs[0-&lt;lambda&gt;19]" time="0.13780951499938965"></testcase><testcase classname="src.pymortests.vectorarray" file="src/pymortests/vectorarray.py" line="716" name="test_dofs[0-&lt;lambda&gt;20]" time="0.63981032371521"></testcase><testcase classname="src.pymortests.vectorarray" file="src/pymortests/vectorarray.py" line="716" name="test_dofs[0-&lt;lambda&gt;21]" time="1.3817498683929443"></testcase><testcase classname="src.pymortests.vectorarray" file="src/pymortests/vectorarray.py" line="716" name="test_dofs[0-&lt;lambda&gt;22]" time="0.0028772354125976562"></testcase><testcase classname="src.pymortests.vectorarray" file="src/pymortests/vectorarray.py" line="716" name="test_dofs[0-&lt;lambda&gt;23]" time="0.01230311393737793"></testcase><testcase classname="src.pymortests.vectorarray" file="src/pymortests/vectorarray.py" line="716" name="test_dofs[0-&lt;lambda&gt;24]" time="0.12091302871704102"></testcase><testcase classname="src.pymortests.vectorarray" file="src/pymortests/vectorarray.py" line="716" name="test_dofs[0-&lt;lambda&gt;25]" time="3.4329066276550293"></testcase><testcase classname="src.pymortests.vectorarray" file="src/pymortests/vectorarray.py" line="716" name="test_dofs[0-&lt;lambda&gt;26]" time="0.8028125762939453"></testcase><testcase classname="src.pymortests.vectorarray" file="src/pymortests/vectorarray.py" line="716" name="test_dofs[1-&lt;lambda&gt;0]" time="0.0029075145721435547"></testcase><testcase classname="src.pymortests.vectorarray" file="src/pymortests/vectorarray.py" line="716" name="test_dofs[1-&lt;lambda&gt;1]" time="0.012068510055541992"></testcase><testcase classname="src.pymortests.vectorarray" file="src/pymortests/vectorarray.py" line="716" name="test_dofs[1-&lt;lambda&gt;2]" time="0.013362646102905273"></testcase><testcase classname="src.pymortests.vectorarray" file="src/pymortests/vectorarray.py" line="716" name="test_dofs[1-&lt;lambda&gt;3]" time="0.01652050018310547"></testcase><testcase classname="src.pymortests.vectorarray" file="src/pymortests/vectorarray.py" line="716" name="test_dofs[1-&lt;lambda&gt;4]" time="0.004207611083984375"></testcase><testcase classname="src.pymortests.vectorarray" file="src/pymortests/vectorarray.py" line="716" name="test_dofs[1-&lt;lambda&gt;5]" time="0.001851797103881836"></testcase><testcase classname="src.pymortests.vectorarray" file="src/pymortests/vectorarray.py" line="716" name="test_dofs[1-&lt;lambda&gt;6]" time="0.01011347770690918"></testcase><testcase classname="src.pymortests.vectorarray" file="src/pymortests/vectorarray.py" line="716" name="test_dofs[1-&lt;lambda&gt;7]" time="0.016302824020385742"></testcase><testcase classname="src.pymortests.vectorarray" file="src/pymortests/vectorarray.py" line="716" name="test_dofs[1-&lt;lambda&gt;8]" time="0.0666511058807373"></testcase><testcase classname="src.pymortests.vectorarray" file="src/pymortests/vectorarray.py" line="716" name="test_dofs[1-&lt;lambda&gt;9]" time="0.01733112335205078"></testcase><testcase classname="src.pymortests.vectorarray" file="src/pymortests/vectorarray.py" line="716" name="test_dofs[1-&lt;lambda&gt;10]" time="0.03489494323730469"></testcase><testcase classname="src.pymortests.vectorarray" file="src/pymortests/vectorarray.py" line="716" name="test_dofs[1-&lt;lambda&gt;11]" time="0.039279937744140625"></testcase><testcase classname="src.pymortests.vectorarray" file="src/pymortests/vectorarray.py" line="716" name="test_dofs[1-&lt;lambda&gt;12]" time="0.004159688949584961"></testcase><testcase classname="src.pymortests.vectorarray" file="src/pymortests/vectorarray.py" line="716" name="test_dofs[1-&lt;lambda&gt;13]" time="0.033820152282714844"></testcase><testcase classname="src.pymortests.vectorarray" file="src/pymortests/vectorarray.py" line="716" name="test_dofs[1-&lt;lambda&gt;14]" time="0.038294315338134766"></testcase><testcase classname="src.pymortests.vectorarray" file="src/pymortests/vectorarray.py" line="716" name="test_dofs[1-&lt;lambda&gt;15]" time="0.048169851303100586"></testcase><testcase classname="src.pymortests.vectorarray" file="src/pymortests/vectorarray.py" line="716" name="test_dofs[1-&lt;lambda&gt;16]" time="0.06088876724243164"></testcase><testcase classname="src.pymortests.vectorarray" file="src/pymortests/vectorarray.py" line="716" name="test_dofs[1-&lt;lambda&gt;17]" time="0.06529974937438965"></testcase><testcase classname="src.pymortests.vectorarray" file="src/pymortests/vectorarray.py" line="716" name="test_dofs[1-&lt;lambda&gt;18]" time="0.06699419021606445"></testcase><testcase classname="src.pymortests.vectorarray" file="src/pymortests/vectorarray.py" line="716" name="test_dofs[1-&lt;lambda&gt;19]" time="0.1472911834716797"></testcase><testcase classname="src.pymortests.vectorarray" file="src/pymortests/vectorarray.py" line="716" name="test_dofs[1-&lt;lambda&gt;20]" time="0.6423437595367432"></testcase><testcase classname="src.pymortests.vectorarray" file="src/pymortests/vectorarray.py" line="716" name="test_dofs[1-&lt;lambda&gt;21]" time="1.4076766967773438"></testcase><testcase classname="src.pymortests.vectorarray" file="src/pymortests/vectorarray.py" line="716" name="test_dofs[1-&lt;lambda&gt;22]" time="0.0028891563415527344"></testcase><testcase classname="src.pymortests.vectorarray" file="src/pymortests/vectorarray.py" line="716" name="test_dofs[1-&lt;lambda&gt;23]" time="0.01232147216796875"></testcase><testcase classname="src.pymortests.vectorarray" file="src/pymortests/vectorarray.py" line="716" name="test_dofs[1-&lt;lambda&gt;24]" time="0.12063717842102051"></testcase><testcase classname="src.pymortests.vectorarray" file="src/pymortests/vectorarray.py" line="716" name="test_dofs[1-&lt;lambda&gt;25]" time="3.396200180053711"></testcase><testcase classname="src.pymortests.vectorarray" file="src/pymortests/vectorarray.py" line="716" name="test_dofs[1-&lt;lambda&gt;26]" time="0.795459508895874"></testcase><testcase classname="src.pymortests.vectorarray" file="src/pymortests/vectorarray.py" line="716" name="test_dofs[2-&lt;lambda&gt;0]" time="0.002798318862915039"></testcase><testcase classname="src.pymortests.vectorarray" file="src/pymortests/vectorarray.py" line="716" name="test_dofs[2-&lt;lambda&gt;1]" time="0.011853456497192383"></testcase><testcase classname="src.pymortests.vectorarray" file="src/pymortests/vectorarray.py" line="716" name="test_dofs[2-&lt;lambda&gt;2]" time="0.014343500137329102"></testcase><testcase classname="src.pymortests.vectorarray" file="src/pymortests/vectorarray.py" line="716" name="test_dofs[2-&lt;lambda&gt;3]" time="0.016327619552612305"></testcase><testcase classname="src.pymortests.vectorarray" file="src/pymortests/vectorarray.py" line="716" name="test_dofs[2-&lt;lambda&gt;4]" time="0.004066944122314453"></testcase><testcase classname="src.pymortests.vectorarray" file="src/pymortests/vectorarray.py" line="716" name="test_dofs[2-&lt;lambda&gt;5]" time="0.002089977264404297"></testcase><testcase classname="src.pymortests.vectorarray" file="src/pymortests/vectorarray.py" line="716" name="test_dofs[2-&lt;lambda&gt;6]" time="0.009666204452514648"></testcase><testcase classname="src.pymortests.vectorarray" file="src/pymortests/vectorarray.py" line="716" name="test_dofs[2-&lt;lambda&gt;7]" time="0.014437437057495117"></testcase><testcase classname="src.pymortests.vectorarray" file="src/pymortests/vectorarray.py" line="716" name="test_dofs[2-&lt;lambda&gt;8]" time="0.0626070499420166"></testcase><testcase classname="src.pymortests.vectorarray" file="src/pymortests/vectorarray.py" line="716" name="test_dofs[2-&lt;lambda&gt;9]" time="0.01603221893310547"></testcase><testcase classname="src.pymortests.vectorarray" file="src/pymortests/vectorarray.py" line="716" name="test_dofs[2-&lt;lambda&gt;10]" time="0.03435039520263672"></testcase><testcase classname="src.pymortests.vectorarray" file="src/pymortests/vectorarray.py" line="716" name="test_dofs[2-&lt;lambda&gt;11]" time="0.03824973106384277"></testcase><testcase classname="src.pymortests.vectorarray" file="src/pymortests/vectorarray.py" line="716" name="test_dofs[2-&lt;lambda&gt;12]" time="0.004129886627197266"></testcase><testcase classname="src.pymortests.vectorarray" file="src/pymortests/vectorarray.py" line="716" name="test_dofs[2-&lt;lambda&gt;13]" time="0.033635616302490234"></testcase><testcase classname="src.pymortests.vectorarray" file="src/pymortests/vectorarray.py" line="716" name="test_dofs[2-&lt;lambda&gt;14]" time="0.03887224197387695"></testcase><testcase classname="src.pymortests.vectorarray" file="src/pymortests/vectorarray.py" line="716" name="test_dofs[2-&lt;lambda&gt;15]" time="0.0491335391998291"></testcase><testcase classname="src.pymortests.vectorarray" file="src/pymortests/vectorarray.py" line="716" name="test_dofs[2-&lt;lambda&gt;16]" time="0.05503702163696289"></testcase><testcase classname="src.pymortests.vectorarray" file="src/pymortests/vectorarray.py" line="716" name="test_dofs[2-&lt;lambda&gt;17]" time="0.06677889823913574"></testcase><testcase classname="src.pymortests.vectorarray" file="src/pymortests/vectorarray.py" line="716" name="test_dofs[2-&lt;lambda&gt;18]" time="0.07633447647094727"></testcase><testcase classname="src.pymortests.vectorarray" file="src/pymortests/vectorarray.py" line="716" name="test_dofs[2-&lt;lambda&gt;19]" time="0.14350652694702148"></testcase><testcase classname="src.pymortests.vectorarray" file="src/pymortests/vectorarray.py" line="716" name="test_dofs[2-&lt;lambda&gt;20]" time="0.6403899192810059"></testcase><testcase classname="src.pymortests.vectorarray" file="src/pymortests/vectorarray.py" line="716" name="test_dofs[2-&lt;lambda&gt;21]" time="1.3812265396118164"></testcase><testcase classname="src.pymortests.vectorarray" file="src/pymortests/vectorarray.py" line="716" name="test_dofs[2-&lt;lambda&gt;22]" time="0.0027620792388916016"></testcase><testcase classname="src.pymortests.vectorarray" file="src/pymortests/vectorarray.py" line="716" name="test_dofs[2-&lt;lambda&gt;23]" time="0.012009143829345703"></testcase><testcase classname="src.pymortests.vectorarray" file="src/pymortests/vectorarray.py" line="716" name="test_dofs[2-&lt;lambda&gt;24]" time="0.11884379386901855"></testcase><testcase classname="src.pymortests.vectorarray" file="src/pymortests/vectorarray.py" line="716" name="test_dofs[2-&lt;lambda&gt;25]" time="3.445863723754883"></testcase><testcase classname="src.pymortests.vectorarray" file="src/pymortests/vectorarray.py" line="716" name="test_dofs[2-&lt;lambda&gt;26]" time="0.7975022792816162"></testcase><testcase classname="src.pymortests.vectorarray" file="src/pymortests/vectorarray.py" line="752" name="test_components_wrong_dof_indices[0-&lt;lambda&gt;0]" time="0.004404544830322266"></testcase><testcase classname="src.pymortests.vectorarray" file="src/pymortests/vectorarray.py" line="752" name="test_components_wrong_dof_indices[0-&lt;lambda&gt;1]" time="0.0030117034912109375"></testcase><testcase classname="src.pymortests.vectorarray" file="src/pymortests/vectorarray.py" line="752" name="test_components_wrong_dof_indices[0-&lt;lambda&gt;2]" time="0.003505706787109375"></testcase><testcase classname="src.pymortests.vectorarray" file="src/pymortests/vectorarray.py" line="752" name="test_components_wrong_dof_indices[0-&lt;lambda&gt;3]" time="0.003763437271118164"></testcase><testcase classname="src.pymortests.vectorarray" file="src/pymortests/vectorarray.py" line="752" name="test_components_wrong_dof_indices[0-&lt;lambda&gt;4]" time="0.0045282840728759766"></testcase><testcase classname="src.pymortests.vectorarray" file="src/pymortests/vectorarray.py" line="752" name="test_components_wrong_dof_indices[0-&lt;lambda&gt;5]" time="0.002911090850830078"></testcase><testcase classname="src.pymortests.vectorarray" file="src/pymortests/vectorarray.py" line="752" name="test_components_wrong_dof_indices[0-&lt;lambda&gt;6]" time="0.0028777122497558594"></testcase><testcase classname="src.pymortests.vectorarray" file="src/pymortests/vectorarray.py" line="752" name="test_components_wrong_dof_indices[0-&lt;lambda&gt;7]" time="0.003397226333618164"></testcase><testcase classname="src.pymortests.vectorarray" file="src/pymortests/vectorarray.py" line="752" name="test_components_wrong_dof_indices[0-&lt;lambda&gt;8]" time="0.0040187835693359375"></testcase><testcase classname="src.pymortests.vectorarray" file="src/pymortests/vectorarray.py" line="752" name="test_components_wrong_dof_indices[0-&lt;lambda&gt;9]" time="0.0051152706146240234"></testcase><testcase classname="src.pymortests.vectorarray" file="src/pymortests/vectorarray.py" line="752" name="test_components_wrong_dof_indices[0-&lt;lambda&gt;10]" time="0.0043756961822509766"></testcase><testcase classname="src.pymortests.vectorarray" file="src/pymortests/vectorarray.py" line="752" name="test_components_wrong_dof_indices[0-&lt;lambda&gt;11]" time="0.0052852630615234375"></testcase><testcase classname="src.pymortests.vectorarray" file="src/pymortests/vectorarray.py" line="752" name="test_components_wrong_dof_indices[0-&lt;lambda&gt;12]" time="0.00513148307800293"></testcase><testcase classname="src.pymortests.vectorarray" file="src/pymortests/vectorarray.py" line="752" name="test_components_wrong_dof_indices[0-&lt;lambda&gt;13]" time="0.0046193599700927734"></testcase><testcase classname="src.pymortests.vectorarray" file="src/pymortests/vectorarray.py" line="752" name="test_components_wrong_dof_indices[0-&lt;lambda&gt;14]" time="0.005358219146728516"></testcase><testcase classname="src.pymortests.vectorarray" file="src/pymortests/vectorarray.py" line="752" name="test_components_wrong_dof_indices[0-&lt;lambda&gt;15]" time="0.007275581359863281"></testcase><testcase classname="src.pymortests.vectorarray" file="src/pymortests/vectorarray.py" line="752" name="test_components_wrong_dof_indices[0-&lt;lambda&gt;16]" time="0.009041786193847656"></testcase><testcase classname="src.pymortests.vectorarray" file="src/pymortests/vectorarray.py" line="752" name="test_components_wrong_dof_indices[0-&lt;lambda&gt;17]" time="0.009363651275634766"></testcase><testcase classname="src.pymortests.vectorarray" file="src/pymortests/vectorarray.py" line="752" name="test_components_wrong_dof_indices[0-&lt;lambda&gt;18]" time="0.009229660034179688"></testcase><testcase classname="src.pymortests.vectorarray" file="src/pymortests/vectorarray.py" line="752" name="test_components_wrong_dof_indices[0-&lt;lambda&gt;19]" time="0.014924049377441406"></testcase><testcase classname="src.pymortests.vectorarray" file="src/pymortests/vectorarray.py" line="752" name="test_components_wrong_dof_indices[0-&lt;lambda&gt;20]" time="0.017396926879882812"></testcase><testcase classname="src.pymortests.vectorarray" file="src/pymortests/vectorarray.py" line="752" name="test_components_wrong_dof_indices[0-&lt;lambda&gt;21]" time="0.028666973114013672"></testcase><testcase classname="src.pymortests.vectorarray" file="src/pymortests/vectorarray.py" line="752" name="test_components_wrong_dof_indices[0-&lt;lambda&gt;22]" time="0.00411677360534668"></testcase><testcase classname="src.pymortests.vectorarray" file="src/pymortests/vectorarray.py" line="752" name="test_components_wrong_dof_indices[0-&lt;lambda&gt;23]" time="0.003368854522705078"></testcase><testcase classname="src.pymortests.vectorarray" file="src/pymortests/vectorarray.py" line="752" name="test_components_wrong_dof_indices[0-&lt;lambda&gt;24]" time="0.004730224609375"></testcase><testcase classname="src.pymortests.vectorarray" file="src/pymortests/vectorarray.py" line="752" name="test_components_wrong_dof_indices[0-&lt;lambda&gt;25]" time="0.026904821395874023"></testcase><testcase classname="src.pymortests.vectorarray" file="src/pymortests/vectorarray.py" line="752" name="test_components_wrong_dof_indices[0-&lt;lambda&gt;26]" time="0.05861973762512207"></testcase><testcase classname="src.pymortests.vectorarray" file="src/pymortests/vectorarray.py" line="752" name="test_components_wrong_dof_indices[1-&lt;lambda&gt;0]" time="0.004076957702636719"></testcase><testcase classname="src.pymortests.vectorarray" file="src/pymortests/vectorarray.py" line="752" name="test_components_wrong_dof_indices[1-&lt;lambda&gt;1]" time="0.0029761791229248047"></testcase><testcase classname="src.pymortests.vectorarray" file="src/pymortests/vectorarray.py" line="752" name="test_components_wrong_dof_indices[1-&lt;lambda&gt;2]" time="0.0034112930297851562"></testcase><testcase classname="src.pymortests.vectorarray" file="src/pymortests/vectorarray.py" line="752" name="test_components_wrong_dof_indices[1-&lt;lambda&gt;3]" time="0.003865480422973633"></testcase><testcase classname="src.pymortests.vectorarray" file="src/pymortests/vectorarray.py" line="752" name="test_components_wrong_dof_indices[1-&lt;lambda&gt;4]" time="0.004427671432495117"></testcase><testcase classname="src.pymortests.vectorarray" file="src/pymortests/vectorarray.py" line="752" name="test_components_wrong_dof_indices[1-&lt;lambda&gt;5]" time="0.002810955047607422"></testcase><testcase classname="src.pymortests.vectorarray" file="src/pymortests/vectorarray.py" line="752" name="test_components_wrong_dof_indices[1-&lt;lambda&gt;6]" time="0.0028138160705566406"></testcase><testcase classname="src.pymortests.vectorarray" file="src/pymortests/vectorarray.py" line="752" name="test_components_wrong_dof_indices[1-&lt;lambda&gt;7]" time="0.003791332244873047"></testcase><testcase classname="src.pymortests.vectorarray" file="src/pymortests/vectorarray.py" line="752" name="test_components_wrong_dof_indices[1-&lt;lambda&gt;8]" time="0.004181861877441406"></testcase><testcase classname="src.pymortests.vectorarray" file="src/pymortests/vectorarray.py" line="752" name="test_components_wrong_dof_indices[1-&lt;lambda&gt;9]" time="0.0055201053619384766"></testcase><testcase classname="src.pymortests.vectorarray" file="src/pymortests/vectorarray.py" line="752" name="test_components_wrong_dof_indices[1-&lt;lambda&gt;10]" time="0.004663228988647461"></testcase><testcase classname="src.pymortests.vectorarray" file="src/pymortests/vectorarray.py" line="752" name="test_components_wrong_dof_indices[1-&lt;lambda&gt;11]" time="0.005255937576293945"></testcase><testcase classname="src.pymortests.vectorarray" file="src/pymortests/vectorarray.py" line="752" name="test_components_wrong_dof_indices[1-&lt;lambda&gt;12]" time="0.005323171615600586"></testcase><testcase classname="src.pymortests.vectorarray" file="src/pymortests/vectorarray.py" line="752" name="test_components_wrong_dof_indices[1-&lt;lambda&gt;13]" time="0.0046503543853759766"></testcase><testcase classname="src.pymortests.vectorarray" file="src/pymortests/vectorarray.py" line="752" name="test_components_wrong_dof_indices[1-&lt;lambda&gt;14]" time="0.005259037017822266"></testcase><testcase classname="src.pymortests.vectorarray" file="src/pymortests/vectorarray.py" line="752" name="test_components_wrong_dof_indices[1-&lt;lambda&gt;15]" time="0.007062435150146484"></testcase><testcase classname="src.pymortests.vectorarray" file="src/pymortests/vectorarray.py" line="752" name="test_components_wrong_dof_indices[1-&lt;lambda&gt;16]" time="0.008697986602783203"></testcase><testcase classname="src.pymortests.vectorarray" file="src/pymortests/vectorarray.py" line="752" name="test_components_wrong_dof_indices[1-&lt;lambda&gt;17]" time="0.009693384170532227"></testcase><testcase classname="src.pymortests.vectorarray" file="src/pymortests/vectorarray.py" line="752" name="test_components_wrong_dof_indices[1-&lt;lambda&gt;18]" time="0.009287357330322266"></testcase><testcase classname="src.pymortests.vectorarray" file="src/pymortests/vectorarray.py" line="752" name="test_components_wrong_dof_indices[1-&lt;lambda&gt;19]" time="0.014547348022460938"></testcase><testcase classname="src.pymortests.vectorarray" file="src/pymortests/vectorarray.py" line="752" name="test_components_wrong_dof_indices[1-&lt;lambda&gt;20]" time="0.01650857925415039"></testcase><testcase classname="src.pymortests.vectorarray" file="src/pymortests/vectorarray.py" line="752" name="test_components_wrong_dof_indices[1-&lt;lambda&gt;21]" time="0.0287935733795166"></testcase><testcase classname="src.pymortests.vectorarray" file="src/pymortests/vectorarray.py" line="752" name="test_components_wrong_dof_indices[1-&lt;lambda&gt;22]" time="0.004358768463134766"></testcase><testcase classname="src.pymortests.vectorarray" file="src/pymortests/vectorarray.py" line="752" name="test_components_wrong_dof_indices[1-&lt;lambda&gt;23]" time="0.0032439231872558594"></testcase><testcase classname="src.pymortests.vectorarray" file="src/pymortests/vectorarray.py" line="752" name="test_components_wrong_dof_indices[1-&lt;lambda&gt;24]" time="0.006398677825927734"></testcase><testcase classname="src.pymortests.vectorarray" file="src/pymortests/vectorarray.py" line="752" name="test_components_wrong_dof_indices[1-&lt;lambda&gt;25]" time="0.032125234603881836"></testcase><testcase classname="src.pymortests.vectorarray" file="src/pymortests/vectorarray.py" line="752" name="test_components_wrong_dof_indices[1-&lt;lambda&gt;26]" time="0.06574368476867676"></testcase><testcase classname="src.pymortests.vectorarray" file="src/pymortests/vectorarray.py" line="752" name="test_components_wrong_dof_indices[2-&lt;lambda&gt;0]" time="0.003856658935546875"></testcase><testcase classname="src.pymortests.vectorarray" file="src/pymortests/vectorarray.py" line="752" name="test_components_wrong_dof_indices[2-&lt;lambda&gt;1]" time="0.0033893585205078125"></testcase><testcase classname="src.pymortests.vectorarray" file="src/pymortests/vectorarray.py" line="752" name="test_components_wrong_dof_indices[2-&lt;lambda&gt;2]" time="0.003805875778198242"></testcase><testcase classname="src.pymortests.vectorarray" file="src/pymortests/vectorarray.py" line="752" name="test_components_wrong_dof_indices[2-&lt;lambda&gt;3]" time="0.004327297210693359"></testcase><testcase classname="src.pymortests.vectorarray" file="src/pymortests/vectorarray.py" line="752" name="test_components_wrong_dof_indices[2-&lt;lambda&gt;4]" time="0.004930019378662109"></testcase><testcase classname="src.pymortests.vectorarray" file="src/pymortests/vectorarray.py" line="752" name="test_components_wrong_dof_indices[2-&lt;lambda&gt;5]" time="0.003316164016723633"></testcase><testcase classname="src.pymortests.vectorarray" file="src/pymortests/vectorarray.py" line="752" name="test_components_wrong_dof_indices[2-&lt;lambda&gt;6]" time="0.0032961368560791016"></testcase><testcase classname="src.pymortests.vectorarray" file="src/pymortests/vectorarray.py" line="752" name="test_components_wrong_dof_indices[2-&lt;lambda&gt;7]" time="0.004094362258911133"></testcase><testcase classname="src.pymortests.vectorarray" file="src/pymortests/vectorarray.py" line="752" name="test_components_wrong_dof_indices[2-&lt;lambda&gt;8]" time="0.004927635192871094"></testcase><testcase classname="src.pymortests.vectorarray" file="src/pymortests/vectorarray.py" line="752" name="test_components_wrong_dof_indices[2-&lt;lambda&gt;9]" time="0.006178617477416992"></testcase><testcase classname="src.pymortests.vectorarray" file="src/pymortests/vectorarray.py" line="752" name="test_components_wrong_dof_indices[2-&lt;lambda&gt;10]" time="0.004950523376464844"></testcase><testcase classname="src.pymortests.vectorarray" file="src/pymortests/vectorarray.py" line="752" name="test_components_wrong_dof_indices[2-&lt;lambda&gt;11]" time="0.006302595138549805"></testcase><testcase classname="src.pymortests.vectorarray" file="src/pymortests/vectorarray.py" line="752" name="test_components_wrong_dof_indices[2-&lt;lambda&gt;12]" time="0.007399320602416992"></testcase><testcase classname="src.pymortests.vectorarray" file="src/pymortests/vectorarray.py" line="752" name="test_components_wrong_dof_indices[2-&lt;lambda&gt;13]" time="0.005478620529174805"></testcase><testcase classname="src.pymortests.vectorarray" file="src/pymortests/vectorarray.py" line="752" name="test_components_wrong_dof_indices[2-&lt;lambda&gt;14]" time="0.005906343460083008"></testcase><testcase classname="src.pymortests.vectorarray" file="src/pymortests/vectorarray.py" line="752" name="test_components_wrong_dof_indices[2-&lt;lambda&gt;15]" time="0.00767970085144043"></testcase><testcase classname="src.pymortests.vectorarray" file="src/pymortests/vectorarray.py" line="752" name="test_components_wrong_dof_indices[2-&lt;lambda&gt;16]" time="0.009490489959716797"></testcase><testcase classname="src.pymortests.vectorarray" file="src/pymortests/vectorarray.py" line="752" name="test_components_wrong_dof_indices[2-&lt;lambda&gt;17]" time="0.010391712188720703"></testcase><testcase classname="src.pymortests.vectorarray" file="src/pymortests/vectorarray.py" line="752" name="test_components_wrong_dof_indices[2-&lt;lambda&gt;18]" time="0.010929346084594727"></testcase><testcase classname="src.pymortests.vectorarray" file="src/pymortests/vectorarray.py" line="752" name="test_components_wrong_dof_indices[2-&lt;lambda&gt;19]" time="0.017552852630615234"></testcase><testcase classname="src.pymortests.vectorarray" file="src/pymortests/vectorarray.py" line="752" name="test_components_wrong_dof_indices[2-&lt;lambda&gt;20]" time="0.019259214401245117"></testcase><testcase classname="src.pymortests.vectorarray" file="src/pymortests/vectorarray.py" line="752" name="test_components_wrong_dof_indices[2-&lt;lambda&gt;21]" time="0.03115987777709961"></testcase><testcase classname="src.pymortests.vectorarray" file="src/pymortests/vectorarray.py" line="752" name="test_components_wrong_dof_indices[2-&lt;lambda&gt;22]" time="0.004233837127685547"></testcase><testcase classname="src.pymortests.vectorarray" file="src/pymortests/vectorarray.py" line="752" name="test_components_wrong_dof_indices[2-&lt;lambda&gt;23]" time="0.003409147262573242"></testcase><testcase classname="src.pymortests.vectorarray" file="src/pymortests/vectorarray.py" line="752" name="test_components_wrong_dof_indices[2-&lt;lambda&gt;24]" time="0.006870269775390625"></testcase><testcase classname="src.pymortests.vectorarray" file="src/pymortests/vectorarray.py" line="752" name="test_components_wrong_dof_indices[2-&lt;lambda&gt;25]" time="0.03321957588195801"></testcase><testcase classname="src.pymortests.vectorarray" file="src/pymortests/vectorarray.py" line="752" name="test_components_wrong_dof_indices[2-&lt;lambda&gt;26]" time="0.06691122055053711"></testcase><testcase classname="src.pymortests.vectorarray" file="src/pymortests/vectorarray.py" line="766" name="test_amax[0-&lt;lambda&gt;0]" time="0.0024864673614501953"></testcase><testcase classname="src.pymortests.vectorarray" file="src/pymortests/vectorarray.py" line="766" name="test_amax[0-&lt;lambda&gt;1]" time="0.002986907958984375"></testcase><testcase classname="src.pymortests.vectorarray" file="src/pymortests/vectorarray.py" line="766" name="test_amax[0-&lt;lambda&gt;2]" time="0.0066144466400146484"></testcase><testcase classname="src.pymortests.vectorarray" file="src/pymortests/vectorarray.py" line="766" name="test_amax[0-&lt;lambda&gt;3]" time="0.03202629089355469"></testcase><testcase classname="src.pymortests.vectorarray" file="src/pymortests/vectorarray.py" line="766" name="test_amax[0-&lt;lambda&gt;4]" time="0.001811981201171875"></testcase><testcase classname="src.pymortests.vectorarray" file="src/pymortests/vectorarray.py" line="766" name="test_amax[0-&lt;lambda&gt;5]" time="0.0014154911041259766"></testcase><testcase classname="src.pymortests.vectorarray" file="src/pymortests/vectorarray.py" line="766" name="test_amax[0-&lt;lambda&gt;6]" time="0.0025649070739746094"></testcase><testcase classname="src.pymortests.vectorarray" file="src/pymortests/vectorarray.py" line="766" name="test_amax[0-&lt;lambda&gt;7]" time="0.006470441818237305"></testcase><testcase classname="src.pymortests.vectorarray" file="src/pymortests/vectorarray.py" line="766" name="test_amax[0-&lt;lambda&gt;8]" time="0.03350973129272461"></testcase><testcase classname="src.pymortests.vectorarray" file="src/pymortests/vectorarray.py" line="766" name="test_amax[0-&lt;lambda&gt;9]" time="0.0026412010192871094"></testcase><testcase classname="src.pymortests.vectorarray" file="src/pymortests/vectorarray.py" line="766" name="test_amax[0-&lt;lambda&gt;10]" time="0.005014657974243164"></testcase><testcase classname="src.pymortests.vectorarray" file="src/pymortests/vectorarray.py" line="766" name="test_amax[0-&lt;lambda&gt;11]" time="0.014627695083618164"></testcase><testcase classname="src.pymortests.vectorarray" file="src/pymortests/vectorarray.py" line="766" name="test_amax[0-&lt;lambda&gt;12]" time="0.0026619434356689453"></testcase><testcase classname="src.pymortests.vectorarray" file="src/pymortests/vectorarray.py" line="766" name="test_amax[0-&lt;lambda&gt;13]" time="0.010832071304321289"></testcase><testcase classname="src.pymortests.vectorarray" file="src/pymortests/vectorarray.py" line="766" name="test_amax[0-&lt;lambda&gt;14]" time="0.01528167724609375"></testcase><testcase classname="src.pymortests.vectorarray" file="src/pymortests/vectorarray.py" line="766" name="test_amax[0-&lt;lambda&gt;15]" time="0.06426095962524414"></testcase><testcase classname="src.pymortests.vectorarray" file="src/pymortests/vectorarray.py" line="766" name="test_amax[0-&lt;lambda&gt;16]" time="0.13681483268737793"></testcase><testcase classname="src.pymortests.vectorarray" file="src/pymortests/vectorarray.py" line="766" name="test_amax[0-&lt;lambda&gt;17]" time="0.011148452758789062"></testcase><testcase classname="src.pymortests.vectorarray" file="src/pymortests/vectorarray.py" line="766" name="test_amax[0-&lt;lambda&gt;18]" time="0.011412858963012695"></testcase><testcase classname="src.pymortests.vectorarray" file="src/pymortests/vectorarray.py" line="766" name="test_amax[0-&lt;lambda&gt;19]" time="0.030755043029785156"></testcase><testcase classname="src.pymortests.vectorarray" file="src/pymortests/vectorarray.py" line="766" name="test_amax[0-&lt;lambda&gt;20]" time="0.10385370254516602"></testcase><testcase classname="src.pymortests.vectorarray" file="src/pymortests/vectorarray.py" line="766" name="test_amax[0-&lt;lambda&gt;21]" time="0.2238316535949707"></testcase><testcase classname="src.pymortests.vectorarray" file="src/pymortests/vectorarray.py" line="766" name="test_amax[0-&lt;lambda&gt;22]" time="0.0011775493621826172"></testcase><testcase classname="src.pymortests.vectorarray" file="src/pymortests/vectorarray.py" line="766" name="test_amax[0-&lt;lambda&gt;23]" time="0.0024433135986328125"></testcase><testcase classname="src.pymortests.vectorarray" file="src/pymortests/vectorarray.py" line="766" name="test_amax[0-&lt;lambda&gt;24]" time="0.010384559631347656"></testcase><testcase classname="src.pymortests.vectorarray" file="src/pymortests/vectorarray.py" line="766" name="test_amax[0-&lt;lambda&gt;25]" time="0.07267618179321289"></testcase><testcase classname="src.pymortests.vectorarray" file="src/pymortests/vectorarray.py" line="766" name="test_amax[0-&lt;lambda&gt;26]" time="0.058799028396606445"></testcase><testcase classname="src.pymortests.vectorarray" file="src/pymortests/vectorarray.py" line="766" name="test_amax[1-&lt;lambda&gt;0]" time="0.0019292831420898438"></testcase><testcase classname="src.pymortests.vectorarray" file="src/pymortests/vectorarray.py" line="766" name="test_amax[1-&lt;lambda&gt;1]" time="0.0027816295623779297"></testcase><testcase classname="src.pymortests.vectorarray" file="src/pymortests/vectorarray.py" line="766" name="test_amax[1-&lt;lambda&gt;2]" time="0.0066738128662109375"></testcase><testcase classname="src.pymortests.vectorarray" file="src/pymortests/vectorarray.py" line="766" name="test_amax[1-&lt;lambda&gt;3]" time="0.03510594367980957"></testcase><testcase classname="src.pymortests.vectorarray" file="src/pymortests/vectorarray.py" line="766" name="test_amax[1-&lt;lambda&gt;4]" time="0.0017714500427246094"></testcase><testcase classname="src.pymortests.vectorarray" file="src/pymortests/vectorarray.py" line="766" name="test_amax[1-&lt;lambda&gt;5]" time="0.0013315677642822266"></testcase><testcase classname="src.pymortests.vectorarray" file="src/pymortests/vectorarray.py" line="766" name="test_amax[1-&lt;lambda&gt;6]" time="0.00241851806640625"></testcase><testcase classname="src.pymortests.vectorarray" file="src/pymortests/vectorarray.py" line="766" name="test_amax[1-&lt;lambda&gt;7]" time="0.006765127182006836"></testcase><testcase classname="src.pymortests.vectorarray" file="src/pymortests/vectorarray.py" line="766" name="test_amax[1-&lt;lambda&gt;8]" time="0.03438282012939453"></testcase><testcase classname="src.pymortests.vectorarray" file="src/pymortests/vectorarray.py" line="766" name="test_amax[1-&lt;lambda&gt;9]" time="0.003125429153442383"></testcase><testcase classname="src.pymortests.vectorarray" file="src/pymortests/vectorarray.py" line="766" name="test_amax[1-&lt;lambda&gt;10]" time="0.00456547737121582"></testcase><testcase classname="src.pymortests.vectorarray" file="src/pymortests/vectorarray.py" line="766" name="test_amax[1-&lt;lambda&gt;11]" time="0.01528477668762207"></testcase><testcase classname="src.pymortests.vectorarray" file="src/pymortests/vectorarray.py" line="766" name="test_amax[1-&lt;lambda&gt;12]" time="0.0022923946380615234"></testcase><testcase classname="src.pymortests.vectorarray" file="src/pymortests/vectorarray.py" line="766" name="test_amax[1-&lt;lambda&gt;13]" time="0.010314702987670898"></testcase><testcase classname="src.pymortests.vectorarray" file="src/pymortests/vectorarray.py" line="766" name="test_amax[1-&lt;lambda&gt;14]" time="0.01515817642211914"></testcase><testcase classname="src.pymortests.vectorarray" file="src/pymortests/vectorarray.py" line="766" name="test_amax[1-&lt;lambda&gt;15]" time="0.06680560111999512"></testcase><testcase classname="src.pymortests.vectorarray" file="src/pymortests/vectorarray.py" line="766" name="test_amax[1-&lt;lambda&gt;16]" time="0.13831138610839844"></testcase><testcase classname="src.pymortests.vectorarray" file="src/pymortests/vectorarray.py" line="766" name="test_amax[1-&lt;lambda&gt;17]" time="0.010421276092529297"></testcase><testcase classname="src.pymortests.vectorarray" file="src/pymortests/vectorarray.py" line="766" name="test_amax[1-&lt;lambda&gt;18]" time="0.009914875030517578"></testcase><testcase classname="src.pymortests.vectorarray" file="src/pymortests/vectorarray.py" line="766" name="test_amax[1-&lt;lambda&gt;19]" time="0.03100275993347168"></testcase><testcase classname="src.pymortests.vectorarray" file="src/pymortests/vectorarray.py" line="766" name="test_amax[1-&lt;lambda&gt;20]" time="0.11350560188293457"></testcase><testcase classname="src.pymortests.vectorarray" file="src/pymortests/vectorarray.py" line="766" name="test_amax[1-&lt;lambda&gt;21]" time="0.23168253898620605"></testcase><testcase classname="src.pymortests.vectorarray" file="src/pymortests/vectorarray.py" line="766" name="test_amax[1-&lt;lambda&gt;22]" time="0.0018053054809570312"></testcase><testcase classname="src.pymortests.vectorarray" file="src/pymortests/vectorarray.py" line="766" name="test_amax[1-&lt;lambda&gt;23]" time="0.0025491714477539062"></testcase><testcase classname="src.pymortests.vectorarray" file="src/pymortests/vectorarray.py" line="766" name="test_amax[1-&lt;lambda&gt;24]" time="0.010617971420288086"></testcase><testcase classname="src.pymortests.vectorarray" file="src/pymortests/vectorarray.py" line="766" name="test_amax[1-&lt;lambda&gt;25]" time="0.09384012222290039"></testcase><testcase classname="src.pymortests.vectorarray" file="src/pymortests/vectorarray.py" line="766" name="test_amax[1-&lt;lambda&gt;26]" time="0.05691337585449219"></testcase><testcase classname="src.pymortests.vectorarray" file="src/pymortests/vectorarray.py" line="766" name="test_amax[2-&lt;lambda&gt;0]" time="0.001916646957397461"></testcase><testcase classname="src.pymortests.vectorarray" file="src/pymortests/vectorarray.py" line="766" name="test_amax[2-&lt;lambda&gt;1]" time="0.0032126903533935547"></testcase><testcase classname="src.pymortests.vectorarray" file="src/pymortests/vectorarray.py" line="766" name="test_amax[2-&lt;lambda&gt;2]" time="0.007710456848144531"></testcase><testcase classname="src.pymortests.vectorarray" file="src/pymortests/vectorarray.py" line="766" name="test_amax[2-&lt;lambda&gt;3]" time="0.03418469429016113"></testcase><testcase classname="src.pymortests.vectorarray" file="src/pymortests/vectorarray.py" line="766" name="test_amax[2-&lt;lambda&gt;4]" time="0.001967906951904297"></testcase><testcase classname="src.pymortests.vectorarray" file="src/pymortests/vectorarray.py" line="766" name="test_amax[2-&lt;lambda&gt;5]" time="0.0014603137969970703"></testcase><testcase classname="src.pymortests.vectorarray" file="src/pymortests/vectorarray.py" line="766" name="test_amax[2-&lt;lambda&gt;6]" time="0.002239227294921875"></testcase><testcase classname="src.pymortests.vectorarray" file="src/pymortests/vectorarray.py" line="766" name="test_amax[2-&lt;lambda&gt;7]" time="0.006518363952636719"></testcase><testcase classname="src.pymortests.vectorarray" file="src/pymortests/vectorarray.py" line="766" name="test_amax[2-&lt;lambda&gt;8]" time="0.03592181205749512"></testcase><testcase classname="src.pymortests.vectorarray" file="src/pymortests/vectorarray.py" line="766" name="test_amax[2-&lt;lambda&gt;9]" time="0.0029692649841308594"></testcase><testcase classname="src.pymortests.vectorarray" file="src/pymortests/vectorarray.py" line="766" name="test_amax[2-&lt;lambda&gt;10]" time="0.004510641098022461"></testcase><testcase classname="src.pymortests.vectorarray" file="src/pymortests/vectorarray.py" line="766" name="test_amax[2-&lt;lambda&gt;11]" time="0.015095233917236328"></testcase><testcase classname="src.pymortests.vectorarray" file="src/pymortests/vectorarray.py" line="766" name="test_amax[2-&lt;lambda&gt;12]" time="0.0019826889038085938"></testcase><testcase classname="src.pymortests.vectorarray" file="src/pymortests/vectorarray.py" line="766" name="test_amax[2-&lt;lambda&gt;13]" time="0.01017308235168457"></testcase><testcase classname="src.pymortests.vectorarray" file="src/pymortests/vectorarray.py" line="766" name="test_amax[2-&lt;lambda&gt;14]" time="0.014494180679321289"></testcase><testcase classname="src.pymortests.vectorarray" file="src/pymortests/vectorarray.py" line="766" name="test_amax[2-&lt;lambda&gt;15]" time="0.07185530662536621"></testcase><testcase classname="src.pymortests.vectorarray" file="src/pymortests/vectorarray.py" line="766" name="test_amax[2-&lt;lambda&gt;16]" time="0.13882756233215332"></testcase><testcase classname="src.pymortests.vectorarray" file="src/pymortests/vectorarray.py" line="766" name="test_amax[2-&lt;lambda&gt;17]" time="0.010196685791015625"></testcase><testcase classname="src.pymortests.vectorarray" file="src/pymortests/vectorarray.py" line="766" name="test_amax[2-&lt;lambda&gt;18]" time="0.009864091873168945"></testcase><testcase classname="src.pymortests.vectorarray" file="src/pymortests/vectorarray.py" line="766" name="test_amax[2-&lt;lambda&gt;19]" time="0.02997756004333496"></testcase><testcase classname="src.pymortests.vectorarray" file="src/pymortests/vectorarray.py" line="766" name="test_amax[2-&lt;lambda&gt;20]" time="0.10729837417602539"></testcase><testcase classname="src.pymortests.vectorarray" file="src/pymortests/vectorarray.py" line="766" name="test_amax[2-&lt;lambda&gt;21]" time="0.23157238960266113"></testcase><testcase classname="src.pymortests.vectorarray" file="src/pymortests/vectorarray.py" line="766" name="test_amax[2-&lt;lambda&gt;22]" time="0.0017659664154052734"></testcase><testcase classname="src.pymortests.vectorarray" file="src/pymortests/vectorarray.py" line="766" name="test_amax[2-&lt;lambda&gt;23]" time="0.0025382041931152344"></testcase><testcase classname="src.pymortests.vectorarray" file="src/pymortests/vectorarray.py" line="766" name="test_amax[2-&lt;lambda&gt;24]" time="0.010193109512329102"></testcase><testcase classname="src.pymortests.vectorarray" file="src/pymortests/vectorarray.py" line="766" name="test_amax[2-&lt;lambda&gt;25]" time="0.09843301773071289"></testcase><testcase classname="src.pymortests.vectorarray" file="src/pymortests/vectorarray.py" line="766" name="test_amax[2-&lt;lambda&gt;26]" time="0.056633949279785156"></testcase><testcase classname="src.pymortests.vectorarray" file="src/pymortests/vectorarray.py" line="785" name="test_gramian[0-&lt;lambda&gt;0]" time="0.0033223628997802734"></testcase><testcase classname="src.pymortests.vectorarray" file="src/pymortests/vectorarray.py" line="785" name="test_gramian[0-&lt;lambda&gt;1]" time="0.0023109912872314453"></testcase><testcase classname="src.pymortests.vectorarray" file="src/pymortests/vectorarray.py" line="785" name="test_gramian[0-&lt;lambda&gt;2]" time="0.0028374195098876953"></testcase><testcase classname="src.pymortests.vectorarray" file="src/pymortests/vectorarray.py" line="785" name="test_gramian[0-&lt;lambda&gt;3]" time="0.004137992858886719"></testcase><testcase classname="src.pymortests.vectorarray" file="src/pymortests/vectorarray.py" line="785" name="test_gramian[0-&lt;lambda&gt;4]" time="0.005082607269287109"></testcase><testcase classname="src.pymortests.vectorarray" file="src/pymortests/vectorarray.py" line="785" name="test_gramian[0-&lt;lambda&gt;5]" time="0.002183675765991211"></testcase><testcase classname="src.pymortests.vectorarray" file="src/pymortests/vectorarray.py" line="785" name="test_gramian[0-&lt;lambda&gt;6]" time="0.0021851062774658203"></testcase><testcase classname="src.pymortests.vectorarray" file="src/pymortests/vectorarray.py" line="785" name="test_gramian[0-&lt;lambda&gt;7]" time="0.015634536743164062"></testcase><testcase classname="src.pymortests.vectorarray" file="src/pymortests/vectorarray.py" line="785" name="test_gramian[0-&lt;lambda&gt;8]" time="0.26874208450317383"></testcase><testcase classname="src.pymortests.vectorarray" file="src/pymortests/vectorarray.py" line="785" name="test_gramian[0-&lt;lambda&gt;9]" time="1.3972454071044922"></testcase><testcase classname="src.pymortests.vectorarray" file="src/pymortests/vectorarray.py" line="785" name="test_gramian[0-&lt;lambda&gt;10]" time="0.005332231521606445"></testcase><testcase classname="src.pymortests.vectorarray" file="src/pymortests/vectorarray.py" line="785" name="test_gramian[0-&lt;lambda&gt;11]" time="0.005082607269287109"></testcase><testcase classname="src.pymortests.vectorarray" file="src/pymortests/vectorarray.py" line="785" name="test_gramian[0-&lt;lambda&gt;12]" time="0.004450082778930664"></testcase><testcase classname="src.pymortests.vectorarray" file="src/pymortests/vectorarray.py" line="785" name="test_gramian[0-&lt;lambda&gt;13]" time="0.0038738250732421875"></testcase><testcase classname="src.pymortests.vectorarray" file="src/pymortests/vectorarray.py" line="785" name="test_gramian[0-&lt;lambda&gt;14]" time="0.004773139953613281"></testcase><testcase classname="src.pymortests.vectorarray" file="src/pymortests/vectorarray.py" line="785" name="test_gramian[0-&lt;lambda&gt;15]" time="0.008137702941894531"></testcase><testcase classname="src.pymortests.vectorarray" file="src/pymortests/vectorarray.py" line="785" name="test_gramian[0-&lt;lambda&gt;16]" time="0.011939287185668945"></testcase><testcase classname="src.pymortests.vectorarray" file="src/pymortests/vectorarray.py" line="785" name="test_gramian[0-&lt;lambda&gt;17]" time="0.002880096435546875"></testcase><testcase classname="src.pymortests.vectorarray" file="src/pymortests/vectorarray.py" line="785" name="test_gramian[0-&lt;lambda&gt;18]" time="0.002838134765625"></testcase><testcase classname="src.pymortests.vectorarray" file="src/pymortests/vectorarray.py" line="785" name="test_gramian[0-&lt;lambda&gt;19]" time="0.02002859115600586"></testcase><testcase classname="src.pymortests.vectorarray" file="src/pymortests/vectorarray.py" line="785" name="test_gramian[0-&lt;lambda&gt;20]" time="0.23791241645812988"></testcase><testcase classname="src.pymortests.vectorarray" file="src/pymortests/vectorarray.py" line="785" name="test_gramian[0-&lt;lambda&gt;21]" time="1.3037116527557373"></testcase><testcase classname="src.pymortests.vectorarray" file="src/pymortests/vectorarray.py" line="785" name="test_gramian[0-&lt;lambda&gt;22]" time="0.00321197509765625"></testcase><testcase classname="src.pymortests.vectorarray" file="src/pymortests/vectorarray.py" line="785" name="test_gramian[0-&lt;lambda&gt;23]" time="0.0024237632751464844"></testcase><testcase classname="src.pymortests.vectorarray" file="src/pymortests/vectorarray.py" line="785" name="test_gramian[0-&lt;lambda&gt;24]" time="0.010599613189697266"></testcase><testcase classname="src.pymortests.vectorarray" file="src/pymortests/vectorarray.py" line="785" name="test_gramian[0-&lt;lambda&gt;25]" time="0.17309069633483887"></testcase><testcase classname="src.pymortests.vectorarray" file="src/pymortests/vectorarray.py" line="785" name="test_gramian[0-&lt;lambda&gt;26]" time="0.8724877834320068"></testcase><testcase classname="src.pymortests.vectorarray" file="src/pymortests/vectorarray.py" line="785" name="test_gramian[1-&lt;lambda&gt;0]" time="0.003498554229736328"></testcase><testcase classname="src.pymortests.vectorarray" file="src/pymortests/vectorarray.py" line="785" name="test_gramian[1-&lt;lambda&gt;1]" time="0.002438068389892578"></testcase><testcase classname="src.pymortests.vectorarray" file="src/pymortests/vectorarray.py" line="785" name="test_gramian[1-&lt;lambda&gt;2]" time="0.0029282569885253906"></testcase><testcase classname="src.pymortests.vectorarray" file="src/pymortests/vectorarray.py" line="785" name="test_gramian[1-&lt;lambda&gt;3]" time="0.004117727279663086"></testcase><testcase classname="src.pymortests.vectorarray" file="src/pymortests/vectorarray.py" line="785" name="test_gramian[1-&lt;lambda&gt;4]" time="0.005288839340209961"></testcase><testcase classname="src.pymortests.vectorarray" file="src/pymortests/vectorarray.py" line="785" name="test_gramian[1-&lt;lambda&gt;5]" time="0.0022919178009033203"></testcase><testcase classname="src.pymortests.vectorarray" file="src/pymortests/vectorarray.py" line="785" name="test_gramian[1-&lt;lambda&gt;6]" time="0.0022017955780029297"></testcase><testcase classname="src.pymortests.vectorarray" file="src/pymortests/vectorarray.py" line="785" name="test_gramian[1-&lt;lambda&gt;7]" time="0.0162045955657959"></testcase><testcase classname="src.pymortests.vectorarray" file="src/pymortests/vectorarray.py" line="785" name="test_gramian[1-&lt;lambda&gt;8]" time="0.26978325843811035"></testcase><testcase classname="src.pymortests.vectorarray" file="src/pymortests/vectorarray.py" line="785" name="test_gramian[1-&lt;lambda&gt;9]" time="1.3896090984344482"></testcase><testcase classname="src.pymortests.vectorarray" file="src/pymortests/vectorarray.py" line="785" name="test_gramian[1-&lt;lambda&gt;10]" time="0.004881143569946289"></testcase><testcase classname="src.pymortests.vectorarray" file="src/pymortests/vectorarray.py" line="785" name="test_gramian[1-&lt;lambda&gt;11]" time="0.005070924758911133"></testcase><testcase classname="src.pymortests.vectorarray" file="src/pymortests/vectorarray.py" line="785" name="test_gramian[1-&lt;lambda&gt;12]" time="0.004705667495727539"></testcase><testcase classname="src.pymortests.vectorarray" file="src/pymortests/vectorarray.py" line="785" name="test_gramian[1-&lt;lambda&gt;13]" time="0.0038187503814697266"></testcase><testcase classname="src.pymortests.vectorarray" file="src/pymortests/vectorarray.py" line="785" name="test_gramian[1-&lt;lambda&gt;14]" time="0.005059003829956055"></testcase><testcase classname="src.pymortests.vectorarray" file="src/pymortests/vectorarray.py" line="785" name="test_gramian[1-&lt;lambda&gt;15]" time="0.008376836776733398"></testcase><testcase classname="src.pymortests.vectorarray" file="src/pymortests/vectorarray.py" line="785" name="test_gramian[1-&lt;lambda&gt;16]" time="0.012066841125488281"></testcase><testcase classname="src.pymortests.vectorarray" file="src/pymortests/vectorarray.py" line="785" name="test_gramian[1-&lt;lambda&gt;17]" time="0.0034503936767578125"></testcase><testcase classname="src.pymortests.vectorarray" file="src/pymortests/vectorarray.py" line="785" name="test_gramian[1-&lt;lambda&gt;18]" time="0.0030164718627929688"></testcase><testcase classname="src.pymortests.vectorarray" file="src/pymortests/vectorarray.py" line="785" name="test_gramian[1-&lt;lambda&gt;19]" time="0.019866466522216797"></testcase><testcase classname="src.pymortests.vectorarray" file="src/pymortests/vectorarray.py" line="785" name="test_gramian[1-&lt;lambda&gt;20]" time="0.24347782135009766"></testcase><testcase classname="src.pymortests.vectorarray" file="src/pymortests/vectorarray.py" line="785" name="test_gramian[1-&lt;lambda&gt;21]" time="1.2915353775024414"></testcase><testcase classname="src.pymortests.vectorarray" file="src/pymortests/vectorarray.py" line="785" name="test_gramian[1-&lt;lambda&gt;22]" time="0.0033888816833496094"></testcase><testcase classname="src.pymortests.vectorarray" file="src/pymortests/vectorarray.py" line="785" name="test_gramian[1-&lt;lambda&gt;23]" time="0.0022995471954345703"></testcase><testcase classname="src.pymortests.vectorarray" file="src/pymortests/vectorarray.py" line="785" name="test_gramian[1-&lt;lambda&gt;24]" time="0.010438203811645508"></testcase><testcase classname="src.pymortests.vectorarray" file="src/pymortests/vectorarray.py" line="785" name="test_gramian[1-&lt;lambda&gt;25]" time="0.1762683391571045"></testcase><testcase classname="src.pymortests.vectorarray" file="src/pymortests/vectorarray.py" line="785" name="test_gramian[1-&lt;lambda&gt;26]" time="0.874516487121582"></testcase><testcase classname="src.pymortests.vectorarray" file="src/pymortests/vectorarray.py" line="785" name="test_gramian[2-&lt;lambda&gt;0]" time="0.003388643264770508"></testcase><testcase classname="src.pymortests.vectorarray" file="src/pymortests/vectorarray.py" line="785" name="test_gramian[2-&lt;lambda&gt;1]" time="0.0023550987243652344"></testcase><testcase classname="src.pymortests.vectorarray" file="src/pymortests/vectorarray.py" line="785" name="test_gramian[2-&lt;lambda&gt;2]" time="0.002957582473754883"></testcase><testcase classname="src.pymortests.vectorarray" file="src/pymortests/vectorarray.py" line="785" name="test_gramian[2-&lt;lambda&gt;3]" time="0.004183769226074219"></testcase><testcase classname="src.pymortests.vectorarray" file="src/pymortests/vectorarray.py" line="785" name="test_gramian[2-&lt;lambda&gt;4]" time="0.005186796188354492"></testcase><testcase classname="src.pymortests.vectorarray" file="src/pymortests/vectorarray.py" line="785" name="test_gramian[2-&lt;lambda&gt;5]" time="0.0022618770599365234"></testcase><testcase classname="src.pymortests.vectorarray" file="src/pymortests/vectorarray.py" line="785" name="test_gramian[2-&lt;lambda&gt;6]" time="0.002226591110229492"></testcase><testcase classname="src.pymortests.vectorarray" file="src/pymortests/vectorarray.py" line="785" name="test_gramian[2-&lt;lambda&gt;7]" time="0.016116619110107422"></testcase><testcase classname="src.pymortests.vectorarray" file="src/pymortests/vectorarray.py" line="785" name="test_gramian[2-&lt;lambda&gt;8]" time="0.2710130214691162"></testcase><testcase classname="src.pymortests.vectorarray" file="src/pymortests/vectorarray.py" line="785" name="test_gramian[2-&lt;lambda&gt;9]" time="1.401190996170044"></testcase><testcase classname="src.pymortests.vectorarray" file="src/pymortests/vectorarray.py" line="785" name="test_gramian[2-&lt;lambda&gt;10]" time="0.005041360855102539"></testcase><testcase classname="src.pymortests.vectorarray" file="src/pymortests/vectorarray.py" line="785" name="test_gramian[2-&lt;lambda&gt;11]" time="0.004881143569946289"></testcase><testcase classname="src.pymortests.vectorarray" file="src/pymortests/vectorarray.py" line="785" name="test_gramian[2-&lt;lambda&gt;12]" time="0.004431009292602539"></testcase><testcase classname="src.pymortests.vectorarray" file="src/pymortests/vectorarray.py" line="785" name="test_gramian[2-&lt;lambda&gt;13]" time="0.0039215087890625"></testcase><testcase classname="src.pymortests.vectorarray" file="src/pymortests/vectorarray.py" line="785" name="test_gramian[2-&lt;lambda&gt;14]" time="0.0049517154693603516"></testcase><testcase classname="src.pymortests.vectorarray" file="src/pymortests/vectorarray.py" line="785" name="test_gramian[2-&lt;lambda&gt;15]" time="0.008028030395507812"></testcase><testcase classname="src.pymortests.vectorarray" file="src/pymortests/vectorarray.py" line="785" name="test_gramian[2-&lt;lambda&gt;16]" time="0.0122833251953125"></testcase><testcase classname="src.pymortests.vectorarray" file="src/pymortests/vectorarray.py" line="785" name="test_gramian[2-&lt;lambda&gt;17]" time="0.002945423126220703"></testcase><testcase classname="src.pymortests.vectorarray" file="src/pymortests/vectorarray.py" line="785" name="test_gramian[2-&lt;lambda&gt;18]" time="0.0030045509338378906"></testcase><testcase classname="src.pymortests.vectorarray" file="src/pymortests/vectorarray.py" line="785" name="test_gramian[2-&lt;lambda&gt;19]" time="0.020293712615966797"></testcase><testcase classname="src.pymortests.vectorarray" file="src/pymortests/vectorarray.py" line="785" name="test_gramian[2-&lt;lambda&gt;20]" time="0.23755526542663574"></testcase><testcase classname="src.pymortests.vectorarray" file="src/pymortests/vectorarray.py" line="785" name="test_gramian[2-&lt;lambda&gt;21]" time="1.2858173847198486"></testcase><testcase classname="src.pymortests.vectorarray" file="src/pymortests/vectorarray.py" line="785" name="test_gramian[2-&lt;lambda&gt;22]" time="0.0031511783599853516"></testcase><testcase classname="src.pymortests.vectorarray" file="src/pymortests/vectorarray.py" line="785" name="test_gramian[2-&lt;lambda&gt;23]" time="0.0021131038665771484"></testcase><testcase classname="src.pymortests.vectorarray" file="src/pymortests/vectorarray.py" line="785" name="test_gramian[2-&lt;lambda&gt;24]" time="0.009999990463256836"></testcase><testcase classname="src.pymortests.vectorarray" file="src/pymortests/vectorarray.py" line="785" name="test_gramian[2-&lt;lambda&gt;25]" time="0.16853094100952148"></testcase><testcase classname="src.pymortests.vectorarray" file="src/pymortests/vectorarray.py" line="785" name="test_gramian[2-&lt;lambda&gt;26]" time="0.8202598094940186"></testcase><testcase classname="src.pymortests.vectorarray" file="src/pymortests/vectorarray.py" line="791" name="test_add[compatible_vector_array_pair0-&lt;lambda&gt;0]" time="0.0021445751190185547"></testcase><testcase classname="src.pymortests.vectorarray" file="src/pymortests/vectorarray.py" line="791" name="test_add[compatible_vector_array_pair0-&lt;lambda&gt;1]" time="0.0016486644744873047"></testcase><testcase classname="src.pymortests.vectorarray" file="src/pymortests/vectorarray.py" line="791" name="test_add[compatible_vector_array_pair0-&lt;lambda&gt;2]" time="0.0015368461608886719"></testcase><testcase classname="src.pymortests.vectorarray" file="src/pymortests/vectorarray.py" line="791" name="test_add[compatible_vector_array_pair0-&lt;lambda&gt;3]" time="0.0015518665313720703"></testcase><testcase classname="src.pymortests.vectorarray" file="src/pymortests/vectorarray.py" line="791" name="test_add[compatible_vector_array_pair0-&lt;lambda&gt;4]" time="0.0014696121215820312"></testcase><testcase classname="src.pymortests.vectorarray" file="src/pymortests/vectorarray.py" line="791" name="test_add[compatible_vector_array_pair0-&lt;lambda&gt;5]" time="0.001371145248413086"></testcase><testcase classname="src.pymortests.vectorarray" file="src/pymortests/vectorarray.py" line="791" name="test_add[compatible_vector_array_pair0-&lt;lambda&gt;6]" time="0.0014030933380126953"></testcase><testcase classname="src.pymortests.vectorarray" file="src/pymortests/vectorarray.py" line="791" name="test_add[compatible_vector_array_pair0-&lt;lambda&gt;7]" time="0.0013327598571777344"></testcase><testcase classname="src.pymortests.vectorarray" file="src/pymortests/vectorarray.py" line="791" name="test_add[compatible_vector_array_pair0-&lt;lambda&gt;8]" time="0.0016481876373291016"></testcase><testcase classname="src.pymortests.vectorarray" file="src/pymortests/vectorarray.py" line="791" name="test_add[compatible_vector_array_pair0-&lt;lambda&gt;9]" time="0.004837512969970703"></testcase><testcase classname="src.pymortests.vectorarray" file="src/pymortests/vectorarray.py" line="791" name="test_add[compatible_vector_array_pair0-&lt;lambda&gt;10]" time="0.008950471878051758"></testcase><testcase classname="src.pymortests.vectorarray" file="src/pymortests/vectorarray.py" line="791" name="test_add[compatible_vector_array_pair0-&lt;lambda&gt;11]" time="0.0016508102416992188"></testcase><testcase classname="src.pymortests.vectorarray" file="src/pymortests/vectorarray.py" line="791" name="test_add[compatible_vector_array_pair0-&lt;lambda&gt;12]" time="0.0018017292022705078"></testcase><testcase classname="src.pymortests.vectorarray" file="src/pymortests/vectorarray.py" line="791" name="test_add[compatible_vector_array_pair0-&lt;lambda&gt;13]" time="0.0018932819366455078"></testcase><testcase classname="src.pymortests.vectorarray" file="src/pymortests/vectorarray.py" line="791" name="test_add[compatible_vector_array_pair0-&lt;lambda&gt;14]" time="0.0018377304077148438"></testcase><testcase classname="src.pymortests.vectorarray" file="src/pymortests/vectorarray.py" line="791" name="test_add[compatible_vector_array_pair0-&lt;lambda&gt;15]" time="0.0021872520446777344"></testcase><testcase classname="src.pymortests.vectorarray" file="src/pymortests/vectorarray.py" line="791" name="test_add[compatible_vector_array_pair0-&lt;lambda&gt;16]" time="0.0025072097778320312"></testcase><testcase classname="src.pymortests.vectorarray" file="src/pymortests/vectorarray.py" line="791" name="test_add[compatible_vector_array_pair0-&lt;lambda&gt;17]" time="0.0023391246795654297"></testcase><testcase classname="src.pymortests.vectorarray" file="src/pymortests/vectorarray.py" line="791" name="test_add[compatible_vector_array_pair0-&lt;lambda&gt;18]" time="0.002118825912475586"></testcase><testcase classname="src.pymortests.vectorarray" file="src/pymortests/vectorarray.py" line="791" name="test_add[compatible_vector_array_pair0-&lt;lambda&gt;19]" time="0.002228975296020508"></testcase><testcase classname="src.pymortests.vectorarray" file="src/pymortests/vectorarray.py" line="791" name="test_add[compatible_vector_array_pair0-&lt;lambda&gt;20]" time="0.02796030044555664"></testcase><testcase classname="src.pymortests.vectorarray" file="src/pymortests/vectorarray.py" line="791" name="test_add[compatible_vector_array_pair0-&lt;lambda&gt;21]" time="0.01883077621459961"></testcase><testcase classname="src.pymortests.vectorarray" file="src/pymortests/vectorarray.py" line="791" name="test_add[compatible_vector_array_pair0-&lt;lambda&gt;22]" time="0.052451133728027344"></testcase><testcase classname="src.pymortests.vectorarray" file="src/pymortests/vectorarray.py" line="791" name="test_add[compatible_vector_array_pair0-&lt;lambda&gt;23]" time="0.004088163375854492"></testcase><testcase classname="src.pymortests.vectorarray" file="src/pymortests/vectorarray.py" line="791" name="test_add[compatible_vector_array_pair0-&lt;lambda&gt;24]" time="0.0014734268188476562"></testcase><testcase classname="src.pymortests.vectorarray" file="src/pymortests/vectorarray.py" line="791" name="test_add[compatible_vector_array_pair0-&lt;lambda&gt;25]" time="0.0025866031646728516"></testcase><testcase classname="src.pymortests.vectorarray" file="src/pymortests/vectorarray.py" line="791" name="test_add[compatible_vector_array_pair0-&lt;lambda&gt;26]" time="0.026311159133911133"></testcase><testcase classname="src.pymortests.vectorarray" file="src/pymortests/vectorarray.py" line="791" name="test_add[compatible_vector_array_pair0-&lt;lambda&gt;27]" time="0.1322941780090332"></testcase><testcase classname="src.pymortests.vectorarray" file="src/pymortests/vectorarray.py" line="791" name="test_add[compatible_vector_array_pair0-&lt;lambda&gt;28]" time="0.3219172954559326"></testcase><testcase classname="src.pymortests.vectorarray" file="src/pymortests/vectorarray.py" line="791" name="test_add[compatible_vector_array_pair0-&lt;lambda&gt;29]" time="0.008952856063842773"></testcase><testcase classname="src.pymortests.vectorarray" file="src/pymortests/vectorarray.py" line="791" name="test_add[compatible_vector_array_pair1-&lt;lambda&gt;0]" time="0.0014705657958984375"></testcase><testcase classname="src.pymortests.vectorarray" file="src/pymortests/vectorarray.py" line="791" name="test_add[compatible_vector_array_pair1-&lt;lambda&gt;1]" time="0.0013937950134277344"></testcase><testcase classname="src.pymortests.vectorarray" file="src/pymortests/vectorarray.py" line="791" name="test_add[compatible_vector_array_pair1-&lt;lambda&gt;2]" time="0.001462697982788086"></testcase><testcase classname="src.pymortests.vectorarray" file="src/pymortests/vectorarray.py" line="791" name="test_add[compatible_vector_array_pair1-&lt;lambda&gt;3]" time="0.0015659332275390625"></testcase><testcase classname="src.pymortests.vectorarray" file="src/pymortests/vectorarray.py" line="791" name="test_add[compatible_vector_array_pair1-&lt;lambda&gt;4]" time="0.0013871192932128906"></testcase><testcase classname="src.pymortests.vectorarray" file="src/pymortests/vectorarray.py" line="791" name="test_add[compatible_vector_array_pair1-&lt;lambda&gt;5]" time="0.0013523101806640625"></testcase><testcase classname="src.pymortests.vectorarray" file="src/pymortests/vectorarray.py" line="791" name="test_add[compatible_vector_array_pair1-&lt;lambda&gt;6]" time="0.0012273788452148438"></testcase><testcase classname="src.pymortests.vectorarray" file="src/pymortests/vectorarray.py" line="791" name="test_add[compatible_vector_array_pair1-&lt;lambda&gt;7]" time="0.0013058185577392578"></testcase><testcase classname="src.pymortests.vectorarray" file="src/pymortests/vectorarray.py" line="791" name="test_add[compatible_vector_array_pair1-&lt;lambda&gt;8]" time="0.0017719268798828125"></testcase><testcase classname="src.pymortests.vectorarray" file="src/pymortests/vectorarray.py" line="791" name="test_add[compatible_vector_array_pair1-&lt;lambda&gt;9]" time="0.0045893192291259766"></testcase><testcase classname="src.pymortests.vectorarray" file="src/pymortests/vectorarray.py" line="791" name="test_add[compatible_vector_array_pair1-&lt;lambda&gt;10]" time="0.008901119232177734"></testcase><testcase classname="src.pymortests.vectorarray" file="src/pymortests/vectorarray.py" line="791" name="test_add[compatible_vector_array_pair1-&lt;lambda&gt;11]" time="0.0015408992767333984"></testcase><testcase classname="src.pymortests.vectorarray" file="src/pymortests/vectorarray.py" line="791" name="test_add[compatible_vector_array_pair1-&lt;lambda&gt;12]" time="0.0017375946044921875"></testcase><testcase classname="src.pymortests.vectorarray" file="src/pymortests/vectorarray.py" line="791" name="test_add[compatible_vector_array_pair1-&lt;lambda&gt;13]" time="0.0018815994262695312"></testcase><testcase classname="src.pymortests.vectorarray" file="src/pymortests/vectorarray.py" line="791" name="test_add[compatible_vector_array_pair1-&lt;lambda&gt;14]" time="0.0017063617706298828"></testcase><testcase classname="src.pymortests.vectorarray" file="src/pymortests/vectorarray.py" line="791" name="test_add[compatible_vector_array_pair1-&lt;lambda&gt;15]" time="0.002122163772583008"></testcase><testcase classname="src.pymortests.vectorarray" file="src/pymortests/vectorarray.py" line="791" name="test_add[compatible_vector_array_pair1-&lt;lambda&gt;16]" time="0.0024132728576660156"></testcase><testcase classname="src.pymortests.vectorarray" file="src/pymortests/vectorarray.py" line="791" name="test_add[compatible_vector_array_pair1-&lt;lambda&gt;17]" time="0.002241849899291992"></testcase><testcase classname="src.pymortests.vectorarray" file="src/pymortests/vectorarray.py" line="791" name="test_add[compatible_vector_array_pair1-&lt;lambda&gt;18]" time="0.002225160598754883"></testcase><testcase classname="src.pymortests.vectorarray" file="src/pymortests/vectorarray.py" line="791" name="test_add[compatible_vector_array_pair1-&lt;lambda&gt;19]" time="0.002063751220703125"></testcase><testcase classname="src.pymortests.vectorarray" file="src/pymortests/vectorarray.py" line="791" name="test_add[compatible_vector_array_pair1-&lt;lambda&gt;20]" time="0.027137041091918945"></testcase><testcase classname="src.pymortests.vectorarray" file="src/pymortests/vectorarray.py" line="791" name="test_add[compatible_vector_array_pair1-&lt;lambda&gt;21]" time="0.02008342742919922"></testcase><testcase classname="src.pymortests.vectorarray" file="src/pymortests/vectorarray.py" line="791" name="test_add[compatible_vector_array_pair1-&lt;lambda&gt;22]" time="0.05477595329284668"></testcase><testcase classname="src.pymortests.vectorarray" file="src/pymortests/vectorarray.py" line="791" name="test_add[compatible_vector_array_pair1-&lt;lambda&gt;23]" time="0.004065513610839844"></testcase><testcase classname="src.pymortests.vectorarray" file="src/pymortests/vectorarray.py" line="791" name="test_add[compatible_vector_array_pair1-&lt;lambda&gt;24]" time="0.0014100074768066406"></testcase><testcase classname="src.pymortests.vectorarray" file="src/pymortests/vectorarray.py" line="791" name="test_add[compatible_vector_array_pair1-&lt;lambda&gt;25]" time="0.002422809600830078"></testcase><testcase classname="src.pymortests.vectorarray" file="src/pymortests/vectorarray.py" line="791" name="test_add[compatible_vector_array_pair1-&lt;lambda&gt;26]" time="0.025905132293701172"></testcase><testcase classname="src.pymortests.vectorarray" file="src/pymortests/vectorarray.py" line="791" name="test_add[compatible_vector_array_pair1-&lt;lambda&gt;27]" time="0.1273338794708252"></testcase><testcase classname="src.pymortests.vectorarray" file="src/pymortests/vectorarray.py" line="791" name="test_add[compatible_vector_array_pair1-&lt;lambda&gt;28]" time="0.3404099941253662"></testcase><testcase classname="src.pymortests.vectorarray" file="src/pymortests/vectorarray.py" line="791" name="test_add[compatible_vector_array_pair1-&lt;lambda&gt;29]" time="0.010570287704467773"></testcase><testcase classname="src.pymortests.vectorarray" file="src/pymortests/vectorarray.py" line="791" name="test_add[compatible_vector_array_pair2-&lt;lambda&gt;0]" time="0.002221822738647461"></testcase><testcase classname="src.pymortests.vectorarray" file="src/pymortests/vectorarray.py" line="791" name="test_add[compatible_vector_array_pair2-&lt;lambda&gt;1]" time="0.007123470306396484"></testcase><testcase classname="src.pymortests.vectorarray" file="src/pymortests/vectorarray.py" line="791" name="test_add[compatible_vector_array_pair2-&lt;lambda&gt;2]" time="0.0015461444854736328"></testcase><testcase classname="src.pymortests.vectorarray" file="src/pymortests/vectorarray.py" line="791" name="test_add[compatible_vector_array_pair2-&lt;lambda&gt;3]" time="0.0016460418701171875"></testcase><testcase classname="src.pymortests.vectorarray" file="src/pymortests/vectorarray.py" line="791" name="test_add[compatible_vector_array_pair2-&lt;lambda&gt;4]" time="0.0015556812286376953"></testcase><testcase classname="src.pymortests.vectorarray" file="src/pymortests/vectorarray.py" line="791" name="test_add[compatible_vector_array_pair2-&lt;lambda&gt;5]" time="0.0014293193817138672"></testcase><testcase classname="src.pymortests.vectorarray" file="src/pymortests/vectorarray.py" line="791" name="test_add[compatible_vector_array_pair2-&lt;lambda&gt;6]" time="0.001522064208984375"></testcase><testcase classname="src.pymortests.vectorarray" file="src/pymortests/vectorarray.py" line="791" name="test_add[compatible_vector_array_pair2-&lt;lambda&gt;7]" time="0.0013954639434814453"></testcase><testcase classname="src.pymortests.vectorarray" file="src/pymortests/vectorarray.py" line="791" name="test_add[compatible_vector_array_pair2-&lt;lambda&gt;8]" time="0.0018603801727294922"></testcase><testcase classname="src.pymortests.vectorarray" file="src/pymortests/vectorarray.py" line="791" name="test_add[compatible_vector_array_pair2-&lt;lambda&gt;9]" time="0.004669189453125"></testcase><testcase classname="src.pymortests.vectorarray" file="src/pymortests/vectorarray.py" line="791" name="test_add[compatible_vector_array_pair2-&lt;lambda&gt;10]" time="0.009243965148925781"></testcase><testcase classname="src.pymortests.vectorarray" file="src/pymortests/vectorarray.py" line="791" name="test_add[compatible_vector_array_pair2-&lt;lambda&gt;11]" time="0.0017552375793457031"></testcase><testcase classname="src.pymortests.vectorarray" file="src/pymortests/vectorarray.py" line="791" name="test_add[compatible_vector_array_pair2-&lt;lambda&gt;12]" time="0.0019369125366210938"></testcase><testcase classname="src.pymortests.vectorarray" file="src/pymortests/vectorarray.py" line="791" name="test_add[compatible_vector_array_pair2-&lt;lambda&gt;13]" time="0.001958131790161133"></testcase><testcase classname="src.pymortests.vectorarray" file="src/pymortests/vectorarray.py" line="791" name="test_add[compatible_vector_array_pair2-&lt;lambda&gt;14]" time="0.0018956661224365234"></testcase><testcase classname="src.pymortests.vectorarray" file="src/pymortests/vectorarray.py" line="791" name="test_add[compatible_vector_array_pair2-&lt;lambda&gt;15]" time="0.002298116683959961"></testcase><testcase classname="src.pymortests.vectorarray" file="src/pymortests/vectorarray.py" line="791" name="test_add[compatible_vector_array_pair2-&lt;lambda&gt;16]" time="0.002570629119873047"></testcase><testcase classname="src.pymortests.vectorarray" file="src/pymortests/vectorarray.py" line="791" name="test_add[compatible_vector_array_pair2-&lt;lambda&gt;17]" time="0.002372264862060547"></testcase><testcase classname="src.pymortests.vectorarray" file="src/pymortests/vectorarray.py" line="791" name="test_add[compatible_vector_array_pair2-&lt;lambda&gt;18]" time="0.002263307571411133"></testcase><testcase classname="src.pymortests.vectorarray" file="src/pymortests/vectorarray.py" line="791" name="test_add[compatible_vector_array_pair2-&lt;lambda&gt;19]" time="0.0022268295288085938"></testcase><testcase classname="src.pymortests.vectorarray" file="src/pymortests/vectorarray.py" line="791" name="test_add[compatible_vector_array_pair2-&lt;lambda&gt;20]" time="0.02628469467163086"></testcase><testcase classname="src.pymortests.vectorarray" file="src/pymortests/vectorarray.py" line="791" name="test_add[compatible_vector_array_pair2-&lt;lambda&gt;21]" time="0.019077301025390625"></testcase><testcase classname="src.pymortests.vectorarray" file="src/pymortests/vectorarray.py" line="791" name="test_add[compatible_vector_array_pair2-&lt;lambda&gt;22]" time="0.05419588088989258"></testcase><testcase classname="src.pymortests.vectorarray" file="src/pymortests/vectorarray.py" line="791" name="test_add[compatible_vector_array_pair2-&lt;lambda&gt;23]" time="0.004293918609619141"></testcase><testcase classname="src.pymortests.vectorarray" file="src/pymortests/vectorarray.py" line="791" name="test_add[compatible_vector_array_pair2-&lt;lambda&gt;24]" time="0.001377105712890625"></testcase><testcase classname="src.pymortests.vectorarray" file="src/pymortests/vectorarray.py" line="791" name="test_add[compatible_vector_array_pair2-&lt;lambda&gt;25]" time="0.0023484230041503906"></testcase><testcase classname="src.pymortests.vectorarray" file="src/pymortests/vectorarray.py" line="791" name="test_add[compatible_vector_array_pair2-&lt;lambda&gt;26]" time="0.025383949279785156"></testcase><testcase classname="src.pymortests.vectorarray" file="src/pymortests/vectorarray.py" line="791" name="test_add[compatible_vector_array_pair2-&lt;lambda&gt;27]" time="0.12579727172851562"></testcase><testcase classname="src.pymortests.vectorarray" file="src/pymortests/vectorarray.py" line="791" name="test_add[compatible_vector_array_pair2-&lt;lambda&gt;28]" time="0.33746337890625"></testcase><testcase classname="src.pymortests.vectorarray" file="src/pymortests/vectorarray.py" line="791" name="test_add[compatible_vector_array_pair2-&lt;lambda&gt;29]" time="0.011117696762084961"></testcase><testcase classname="src.pymortests.vectorarray" file="src/pymortests/vectorarray.py" line="791" name="test_add[compatible_vector_array_pair3-&lt;lambda&gt;0]" time="0.002263784408569336"></testcase><testcase classname="src.pymortests.vectorarray" file="src/pymortests/vectorarray.py" line="791" name="test_add[compatible_vector_array_pair3-&lt;lambda&gt;1]" time="0.001613616943359375"></testcase><testcase classname="src.pymortests.vectorarray" file="src/pymortests/vectorarray.py" line="791" name="test_add[compatible_vector_array_pair3-&lt;lambda&gt;2]" time="0.0015728473663330078"></testcase><testcase classname="src.pymortests.vectorarray" file="src/pymortests/vectorarray.py" line="791" name="test_add[compatible_vector_array_pair3-&lt;lambda&gt;3]" time="0.0018355846405029297"></testcase><testcase classname="src.pymortests.vectorarray" file="src/pymortests/vectorarray.py" line="791" name="test_add[compatible_vector_array_pair3-&lt;lambda&gt;4]" time="0.0016429424285888672"></testcase><testcase classname="src.pymortests.vectorarray" file="src/pymortests/vectorarray.py" line="791" name="test_add[compatible_vector_array_pair3-&lt;lambda&gt;5]" time="0.0015473365783691406"></testcase><testcase classname="src.pymortests.vectorarray" file="src/pymortests/vectorarray.py" line="791" name="test_add[compatible_vector_array_pair3-&lt;lambda&gt;6]" time="0.00141143798828125"></testcase><testcase classname="src.pymortests.vectorarray" file="src/pymortests/vectorarray.py" line="791" name="test_add[compatible_vector_array_pair3-&lt;lambda&gt;7]" time="0.001504659652709961"></testcase><testcase classname="src.pymortests.vectorarray" file="src/pymortests/vectorarray.py" line="791" name="test_add[compatible_vector_array_pair3-&lt;lambda&gt;8]" time="0.001734018325805664"></testcase><testcase classname="src.pymortests.vectorarray" file="src/pymortests/vectorarray.py" line="791" name="test_add[compatible_vector_array_pair3-&lt;lambda&gt;9]" time="0.005072355270385742"></testcase><testcase classname="src.pymortests.vectorarray" file="src/pymortests/vectorarray.py" line="791" name="test_add[compatible_vector_array_pair3-&lt;lambda&gt;10]" time="0.009346485137939453"></testcase><testcase classname="src.pymortests.vectorarray" file="src/pymortests/vectorarray.py" line="791" name="test_add[compatible_vector_array_pair3-&lt;lambda&gt;11]" time="0.0018184185028076172"></testcase><testcase classname="src.pymortests.vectorarray" file="src/pymortests/vectorarray.py" line="791" name="test_add[compatible_vector_array_pair3-&lt;lambda&gt;12]" time="0.0020723342895507812"></testcase><testcase classname="src.pymortests.vectorarray" file="src/pymortests/vectorarray.py" line="791" name="test_add[compatible_vector_array_pair3-&lt;lambda&gt;13]" time="0.002095460891723633"></testcase><testcase classname="src.pymortests.vectorarray" file="src/pymortests/vectorarray.py" line="791" name="test_add[compatible_vector_array_pair3-&lt;lambda&gt;14]" time="0.0019648075103759766"></testcase><testcase classname="src.pymortests.vectorarray" file="src/pymortests/vectorarray.py" line="791" name="test_add[compatible_vector_array_pair3-&lt;lambda&gt;15]" time="0.00238800048828125"></testcase><testcase classname="src.pymortests.vectorarray" file="src/pymortests/vectorarray.py" line="791" name="test_add[compatible_vector_array_pair3-&lt;lambda&gt;16]" time="0.002702951431274414"></testcase><testcase classname="src.pymortests.vectorarray" file="src/pymortests/vectorarray.py" line="791" name="test_add[compatible_vector_array_pair3-&lt;lambda&gt;17]" time="0.0023870468139648438"></testcase><testcase classname="src.pymortests.vectorarray" file="src/pymortests/vectorarray.py" line="791" name="test_add[compatible_vector_array_pair3-&lt;lambda&gt;18]" time="0.0021789073944091797"></testcase><testcase classname="src.pymortests.vectorarray" file="src/pymortests/vectorarray.py" line="791" name="test_add[compatible_vector_array_pair3-&lt;lambda&gt;19]" time="0.0023212432861328125"></testcase><testcase classname="src.pymortests.vectorarray" file="src/pymortests/vectorarray.py" line="791" name="test_add[compatible_vector_array_pair3-&lt;lambda&gt;20]" time="0.027080774307250977"></testcase><testcase classname="src.pymortests.vectorarray" file="src/pymortests/vectorarray.py" line="791" name="test_add[compatible_vector_array_pair3-&lt;lambda&gt;21]" time="0.019478559494018555"></testcase><testcase classname="src.pymortests.vectorarray" file="src/pymortests/vectorarray.py" line="791" name="test_add[compatible_vector_array_pair3-&lt;lambda&gt;22]" time="0.05466723442077637"></testcase><testcase classname="src.pymortests.vectorarray" file="src/pymortests/vectorarray.py" line="791" name="test_add[compatible_vector_array_pair3-&lt;lambda&gt;23]" time="0.004121541976928711"></testcase><testcase classname="src.pymortests.vectorarray" file="src/pymortests/vectorarray.py" line="791" name="test_add[compatible_vector_array_pair3-&lt;lambda&gt;24]" time="0.0014982223510742188"></testcase><testcase classname="src.pymortests.vectorarray" file="src/pymortests/vectorarray.py" line="791" name="test_add[compatible_vector_array_pair3-&lt;lambda&gt;25]" time="0.0023627281188964844"></testcase><testcase classname="src.pymortests.vectorarray" file="src/pymortests/vectorarray.py" line="791" name="test_add[compatible_vector_array_pair3-&lt;lambda&gt;26]" time="0.025125980377197266"></testcase><testcase classname="src.pymortests.vectorarray" file="src/pymortests/vectorarray.py" line="791" name="test_add[compatible_vector_array_pair3-&lt;lambda&gt;27]" time="0.1266920566558838"></testcase><testcase classname="src.pymortests.vectorarray" file="src/pymortests/vectorarray.py" line="791" name="test_add[compatible_vector_array_pair3-&lt;lambda&gt;28]" time="0.3360888957977295"></testcase><testcase classname="src.pymortests.vectorarray" file="src/pymortests/vectorarray.py" line="791" name="test_add[compatible_vector_array_pair3-&lt;lambda&gt;29]" time="0.010805368423461914"></testcase><testcase classname="src.pymortests.vectorarray" file="src/pymortests/vectorarray.py" line="791" name="test_add[compatible_vector_array_pair4-&lt;lambda&gt;0]" time="0.0021979808807373047"></testcase><testcase classname="src.pymortests.vectorarray" file="src/pymortests/vectorarray.py" line="791" name="test_add[compatible_vector_array_pair4-&lt;lambda&gt;1]" time="0.0016510486602783203"></testcase><testcase classname="src.pymortests.vectorarray" file="src/pymortests/vectorarray.py" line="791" name="test_add[compatible_vector_array_pair4-&lt;lambda&gt;2]" time="0.0015413761138916016"></testcase><testcase classname="src.pymortests.vectorarray" file="src/pymortests/vectorarray.py" line="791" name="test_add[compatible_vector_array_pair4-&lt;lambda&gt;3]" time="0.0018036365509033203"></testcase><testcase classname="src.pymortests.vectorarray" file="src/pymortests/vectorarray.py" line="791" name="test_add[compatible_vector_array_pair4-&lt;lambda&gt;4]" time="0.001722097396850586"></testcase><testcase classname="src.pymortests.vectorarray" file="src/pymortests/vectorarray.py" line="791" name="test_add[compatible_vector_array_pair4-&lt;lambda&gt;5]" time="0.001466512680053711"></testcase><testcase classname="src.pymortests.vectorarray" file="src/pymortests/vectorarray.py" line="791" name="test_add[compatible_vector_array_pair4-&lt;lambda&gt;6]" time="0.0014498233795166016"></testcase><testcase classname="src.pymortests.vectorarray" file="src/pymortests/vectorarray.py" line="791" name="test_add[compatible_vector_array_pair4-&lt;lambda&gt;7]" time="0.0014185905456542969"></testcase><testcase classname="src.pymortests.vectorarray" file="src/pymortests/vectorarray.py" line="791" name="test_add[compatible_vector_array_pair4-&lt;lambda&gt;8]" time="0.0018153190612792969"></testcase><testcase classname="src.pymortests.vectorarray" file="src/pymortests/vectorarray.py" line="791" name="test_add[compatible_vector_array_pair4-&lt;lambda&gt;9]" time="0.0052149295806884766"></testcase><testcase classname="src.pymortests.vectorarray" file="src/pymortests/vectorarray.py" line="791" name="test_add[compatible_vector_array_pair4-&lt;lambda&gt;10]" time="0.00984644889831543"></testcase><testcase classname="src.pymortests.vectorarray" file="src/pymortests/vectorarray.py" line="791" name="test_add[compatible_vector_array_pair4-&lt;lambda&gt;11]" time="0.0018374919891357422"></testcase><testcase classname="src.pymortests.vectorarray" file="src/pymortests/vectorarray.py" line="791" name="test_add[compatible_vector_array_pair4-&lt;lambda&gt;12]" time="0.0018148422241210938"></testcase><testcase classname="src.pymortests.vectorarray" file="src/pymortests/vectorarray.py" line="791" name="test_add[compatible_vector_array_pair4-&lt;lambda&gt;13]" time="0.0020530223846435547"></testcase><testcase classname="src.pymortests.vectorarray" file="src/pymortests/vectorarray.py" line="791" name="test_add[compatible_vector_array_pair4-&lt;lambda&gt;14]" time="0.0019953250885009766"></testcase><testcase classname="src.pymortests.vectorarray" file="src/pymortests/vectorarray.py" line="791" name="test_add[compatible_vector_array_pair4-&lt;lambda&gt;15]" time="0.0023984909057617188"></testcase><testcase classname="src.pymortests.vectorarray" file="src/pymortests/vectorarray.py" line="791" name="test_add[compatible_vector_array_pair4-&lt;lambda&gt;16]" time="0.0027637481689453125"></testcase><testcase classname="src.pymortests.vectorarray" file="src/pymortests/vectorarray.py" line="791" name="test_add[compatible_vector_array_pair4-&lt;lambda&gt;17]" time="0.002534627914428711"></testcase><testcase classname="src.pymortests.vectorarray" file="src/pymortests/vectorarray.py" line="791" name="test_add[compatible_vector_array_pair4-&lt;lambda&gt;18]" time="0.002443552017211914"></testcase><testcase classname="src.pymortests.vectorarray" file="src/pymortests/vectorarray.py" line="791" name="test_add[compatible_vector_array_pair4-&lt;lambda&gt;19]" time="0.002548694610595703"></testcase><testcase classname="src.pymortests.vectorarray" file="src/pymortests/vectorarray.py" line="791" name="test_add[compatible_vector_array_pair4-&lt;lambda&gt;20]" time="0.02687382698059082"></testcase><testcase classname="src.pymortests.vectorarray" file="src/pymortests/vectorarray.py" line="791" name="test_add[compatible_vector_array_pair4-&lt;lambda&gt;21]" time="0.0196077823638916"></testcase><testcase classname="src.pymortests.vectorarray" file="src/pymortests/vectorarray.py" line="791" name="test_add[compatible_vector_array_pair4-&lt;lambda&gt;22]" time="0.05558943748474121"></testcase><testcase classname="src.pymortests.vectorarray" file="src/pymortests/vectorarray.py" line="791" name="test_add[compatible_vector_array_pair4-&lt;lambda&gt;23]" time="0.004107236862182617"></testcase><testcase classname="src.pymortests.vectorarray" file="src/pymortests/vectorarray.py" line="791" name="test_add[compatible_vector_array_pair4-&lt;lambda&gt;24]" time="0.0014710426330566406"></testcase><testcase classname="src.pymortests.vectorarray" file="src/pymortests/vectorarray.py" line="791" name="test_add[compatible_vector_array_pair4-&lt;lambda&gt;25]" time="0.0023992061614990234"></testcase><testcase classname="src.pymortests.vectorarray" file="src/pymortests/vectorarray.py" line="791" name="test_add[compatible_vector_array_pair4-&lt;lambda&gt;26]" time="0.026426315307617188"></testcase><testcase classname="src.pymortests.vectorarray" file="src/pymortests/vectorarray.py" line="791" name="test_add[compatible_vector_array_pair4-&lt;lambda&gt;27]" time="0.1309804916381836"></testcase><testcase classname="src.pymortests.vectorarray" file="src/pymortests/vectorarray.py" line="791" name="test_add[compatible_vector_array_pair4-&lt;lambda&gt;28]" time="0.35188984870910645"></testcase><testcase classname="src.pymortests.vectorarray" file="src/pymortests/vectorarray.py" line="791" name="test_add[compatible_vector_array_pair4-&lt;lambda&gt;29]" time="0.011308431625366211"></testcase><testcase classname="src.pymortests.vectorarray" file="src/pymortests/vectorarray.py" line="791" name="test_add[compatible_vector_array_pair5-&lt;lambda&gt;0]" time="0.002301454544067383"></testcase><testcase classname="src.pymortests.vectorarray" file="src/pymortests/vectorarray.py" line="791" name="test_add[compatible_vector_array_pair5-&lt;lambda&gt;1]" time="0.001672983169555664"></testcase><testcase classname="src.pymortests.vectorarray" file="src/pymortests/vectorarray.py" line="791" name="test_add[compatible_vector_array_pair5-&lt;lambda&gt;2]" time="0.0018718242645263672"></testcase><testcase classname="src.pymortests.vectorarray" file="src/pymortests/vectorarray.py" line="791" name="test_add[compatible_vector_array_pair5-&lt;lambda&gt;3]" time="0.0019061565399169922"></testcase><testcase classname="src.pymortests.vectorarray" file="src/pymortests/vectorarray.py" line="791" name="test_add[compatible_vector_array_pair5-&lt;lambda&gt;4]" time="0.0017521381378173828"></testcase><testcase classname="src.pymortests.vectorarray" file="src/pymortests/vectorarray.py" line="791" name="test_add[compatible_vector_array_pair5-&lt;lambda&gt;5]" time="0.001575469970703125"></testcase><testcase classname="src.pymortests.vectorarray" file="src/pymortests/vectorarray.py" line="791" name="test_add[compatible_vector_array_pair5-&lt;lambda&gt;6]" time="0.0014047622680664062"></testcase><testcase classname="src.pymortests.vectorarray" file="src/pymortests/vectorarray.py" line="791" name="test_add[compatible_vector_array_pair5-&lt;lambda&gt;7]" time="0.0014772415161132812"></testcase><testcase classname="src.pymortests.vectorarray" file="src/pymortests/vectorarray.py" line="791" name="test_add[compatible_vector_array_pair5-&lt;lambda&gt;8]" time="0.0019063949584960938"></testcase><testcase classname="src.pymortests.vectorarray" file="src/pymortests/vectorarray.py" line="791" name="test_add[compatible_vector_array_pair5-&lt;lambda&gt;9]" time="0.0050885677337646484"></testcase><testcase classname="src.pymortests.vectorarray" file="src/pymortests/vectorarray.py" line="791" name="test_add[compatible_vector_array_pair5-&lt;lambda&gt;10]" time="0.009714365005493164"></testcase><testcase classname="src.pymortests.vectorarray" file="src/pymortests/vectorarray.py" line="791" name="test_add[compatible_vector_array_pair5-&lt;lambda&gt;11]" time="0.0018222332000732422"></testcase><testcase classname="src.pymortests.vectorarray" file="src/pymortests/vectorarray.py" line="791" name="test_add[compatible_vector_array_pair5-&lt;lambda&gt;12]" time="0.0019071102142333984"></testcase><testcase classname="src.pymortests.vectorarray" file="src/pymortests/vectorarray.py" line="791" name="test_add[compatible_vector_array_pair5-&lt;lambda&gt;13]" time="0.001992464065551758"></testcase><testcase classname="src.pymortests.vectorarray" file="src/pymortests/vectorarray.py" line="791" name="test_add[compatible_vector_array_pair5-&lt;lambda&gt;14]" time="0.0019931793212890625"></testcase><testcase classname="src.pymortests.vectorarray" file="src/pymortests/vectorarray.py" line="791" name="test_add[compatible_vector_array_pair5-&lt;lambda&gt;15]" time="0.0024504661560058594"></testcase><testcase classname="src.pymortests.vectorarray" file="src/pymortests/vectorarray.py" line="791" name="test_add[compatible_vector_array_pair5-&lt;lambda&gt;16]" time="0.0026154518127441406"></testcase><testcase classname="src.pymortests.vectorarray" file="src/pymortests/vectorarray.py" line="791" name="test_add[compatible_vector_array_pair5-&lt;lambda&gt;17]" time="0.002528667449951172"></testcase><testcase classname="src.pymortests.vectorarray" file="src/pymortests/vectorarray.py" line="791" name="test_add[compatible_vector_array_pair5-&lt;lambda&gt;18]" time="0.002200603485107422"></testcase><testcase classname="src.pymortests.vectorarray" file="src/pymortests/vectorarray.py" line="791" name="test_add[compatible_vector_array_pair5-&lt;lambda&gt;19]" time="0.0022759437561035156"></testcase><testcase classname="src.pymortests.vectorarray" file="src/pymortests/vectorarray.py" line="791" name="test_add[compatible_vector_array_pair5-&lt;lambda&gt;20]" time="0.0266721248626709"></testcase><testcase classname="src.pymortests.vectorarray" file="src/pymortests/vectorarray.py" line="791" name="test_add[compatible_vector_array_pair5-&lt;lambda&gt;21]" time="0.019171714782714844"></testcase><testcase classname="src.pymortests.vectorarray" file="src/pymortests/vectorarray.py" line="791" name="test_add[compatible_vector_array_pair5-&lt;lambda&gt;22]" time="0.054766178131103516"></testcase><testcase classname="src.pymortests.vectorarray" file="src/pymortests/vectorarray.py" line="791" name="test_add[compatible_vector_array_pair5-&lt;lambda&gt;23]" time="0.004113197326660156"></testcase><testcase classname="src.pymortests.vectorarray" file="src/pymortests/vectorarray.py" line="791" name="test_add[compatible_vector_array_pair5-&lt;lambda&gt;24]" time="0.0013968944549560547"></testcase><testcase classname="src.pymortests.vectorarray" file="src/pymortests/vectorarray.py" line="791" name="test_add[compatible_vector_array_pair5-&lt;lambda&gt;25]" time="0.0025238990783691406"></testcase><testcase classname="src.pymortests.vectorarray" file="src/pymortests/vectorarray.py" line="791" name="test_add[compatible_vector_array_pair5-&lt;lambda&gt;26]" time="0.02563762664794922"></testcase><testcase classname="src.pymortests.vectorarray" file="src/pymortests/vectorarray.py" line="791" name="test_add[compatible_vector_array_pair5-&lt;lambda&gt;27]" time="0.12911343574523926"></testcase><testcase classname="src.pymortests.vectorarray" file="src/pymortests/vectorarray.py" line="791" name="test_add[compatible_vector_array_pair5-&lt;lambda&gt;28]" time="0.3501126766204834"></testcase><testcase classname="src.pymortests.vectorarray" file="src/pymortests/vectorarray.py" line="791" name="test_add[compatible_vector_array_pair5-&lt;lambda&gt;29]" time="0.011081695556640625"></testcase><testcase classname="src.pymortests.vectorarray" file="src/pymortests/vectorarray.py" line="791" name="test_add[compatible_vector_array_pair6-&lt;lambda&gt;0]" time="0.002227306365966797"></testcase><testcase classname="src.pymortests.vectorarray" file="src/pymortests/vectorarray.py" line="791" name="test_add[compatible_vector_array_pair6-&lt;lambda&gt;1]" time="0.0016074180603027344"></testcase><testcase classname="src.pymortests.vectorarray" file="src/pymortests/vectorarray.py" line="791" name="test_add[compatible_vector_array_pair6-&lt;lambda&gt;2]" time="0.0014994144439697266"></testcase><testcase classname="src.pymortests.vectorarray" file="src/pymortests/vectorarray.py" line="791" name="test_add[compatible_vector_array_pair6-&lt;lambda&gt;3]" time="0.0016779899597167969"></testcase><testcase classname="src.pymortests.vectorarray" file="src/pymortests/vectorarray.py" line="791" name="test_add[compatible_vector_array_pair6-&lt;lambda&gt;4]" time="0.0016620159149169922"></testcase><testcase classname="src.pymortests.vectorarray" file="src/pymortests/vectorarray.py" line="791" name="test_add[compatible_vector_array_pair6-&lt;lambda&gt;5]" time="0.0016911029815673828"></testcase><testcase classname="src.pymortests.vectorarray" file="src/pymortests/vectorarray.py" line="791" name="test_add[compatible_vector_array_pair6-&lt;lambda&gt;6]" time="0.0016422271728515625"></testcase><testcase classname="src.pymortests.vectorarray" file="src/pymortests/vectorarray.py" line="791" name="test_add[compatible_vector_array_pair6-&lt;lambda&gt;7]" time="0.0014340877532958984"></testcase><testcase classname="src.pymortests.vectorarray" file="src/pymortests/vectorarray.py" line="791" name="test_add[compatible_vector_array_pair6-&lt;lambda&gt;8]" time="0.0020978450775146484"></testcase><testcase classname="src.pymortests.vectorarray" file="src/pymortests/vectorarray.py" line="791" name="test_add[compatible_vector_array_pair6-&lt;lambda&gt;9]" time="0.005939006805419922"></testcase><testcase classname="src.pymortests.vectorarray" file="src/pymortests/vectorarray.py" line="791" name="test_add[compatible_vector_array_pair6-&lt;lambda&gt;10]" time="0.015116691589355469"></testcase><testcase classname="src.pymortests.vectorarray" file="src/pymortests/vectorarray.py" line="791" name="test_add[compatible_vector_array_pair6-&lt;lambda&gt;11]" time="0.0025331974029541016"></testcase><testcase classname="src.pymortests.vectorarray" file="src/pymortests/vectorarray.py" line="791" name="test_add[compatible_vector_array_pair6-&lt;lambda&gt;12]" time="0.001961946487426758"></testcase><testcase classname="src.pymortests.vectorarray" file="src/pymortests/vectorarray.py" line="791" name="test_add[compatible_vector_array_pair6-&lt;lambda&gt;13]" time="0.00228118896484375"></testcase><testcase classname="src.pymortests.vectorarray" file="src/pymortests/vectorarray.py" line="791" name="test_add[compatible_vector_array_pair6-&lt;lambda&gt;14]" time="0.0018475055694580078"></testcase><testcase classname="src.pymortests.vectorarray" file="src/pymortests/vectorarray.py" line="791" name="test_add[compatible_vector_array_pair6-&lt;lambda&gt;15]" time="0.002239704132080078"></testcase><testcase classname="src.pymortests.vectorarray" file="src/pymortests/vectorarray.py" line="791" name="test_add[compatible_vector_array_pair6-&lt;lambda&gt;16]" time="0.002511262893676758"></testcase><testcase classname="src.pymortests.vectorarray" file="src/pymortests/vectorarray.py" line="791" name="test_add[compatible_vector_array_pair6-&lt;lambda&gt;17]" time="0.00225830078125"></testcase><testcase classname="src.pymortests.vectorarray" file="src/pymortests/vectorarray.py" line="791" name="test_add[compatible_vector_array_pair6-&lt;lambda&gt;18]" time="0.002179861068725586"></testcase><testcase classname="src.pymortests.vectorarray" file="src/pymortests/vectorarray.py" line="791" name="test_add[compatible_vector_array_pair6-&lt;lambda&gt;19]" time="0.002186298370361328"></testcase><testcase classname="src.pymortests.vectorarray" file="src/pymortests/vectorarray.py" line="791" name="test_add[compatible_vector_array_pair6-&lt;lambda&gt;20]" time="0.026965856552124023"></testcase><testcase classname="src.pymortests.vectorarray" file="src/pymortests/vectorarray.py" line="791" name="test_add[compatible_vector_array_pair6-&lt;lambda&gt;21]" time="0.01984882354736328"></testcase><testcase classname="src.pymortests.vectorarray" file="src/pymortests/vectorarray.py" line="791" name="test_add[compatible_vector_array_pair6-&lt;lambda&gt;22]" time="0.05651426315307617"></testcase><testcase classname="src.pymortests.vectorarray" file="src/pymortests/vectorarray.py" line="791" name="test_add[compatible_vector_array_pair6-&lt;lambda&gt;23]" time="0.004050016403198242"></testcase><testcase classname="src.pymortests.vectorarray" file="src/pymortests/vectorarray.py" line="791" name="test_add[compatible_vector_array_pair6-&lt;lambda&gt;24]" time="0.0014290809631347656"></testcase><testcase classname="src.pymortests.vectorarray" file="src/pymortests/vectorarray.py" line="791" name="test_add[compatible_vector_array_pair6-&lt;lambda&gt;25]" time="0.0024209022521972656"></testcase><testcase classname="src.pymortests.vectorarray" file="src/pymortests/vectorarray.py" line="791" name="test_add[compatible_vector_array_pair6-&lt;lambda&gt;26]" time="0.025238990783691406"></testcase><testcase classname="src.pymortests.vectorarray" file="src/pymortests/vectorarray.py" line="791" name="test_add[compatible_vector_array_pair6-&lt;lambda&gt;27]" time="0.1278378963470459"></testcase><testcase classname="src.pymortests.vectorarray" file="src/pymortests/vectorarray.py" line="791" name="test_add[compatible_vector_array_pair6-&lt;lambda&gt;28]" time="0.33697009086608887"></testcase><testcase classname="src.pymortests.vectorarray" file="src/pymortests/vectorarray.py" line="791" name="test_add[compatible_vector_array_pair6-&lt;lambda&gt;29]" time="0.01131296157836914"></testcase><testcase classname="src.pymortests.vectorarray" file="src/pymortests/vectorarray.py" line="791" name="test_add[compatible_vector_array_pair7-&lt;lambda&gt;0]" time="0.0022017955780029297"></testcase><testcase classname="src.pymortests.vectorarray" file="src/pymortests/vectorarray.py" line="791" name="test_add[compatible_vector_array_pair7-&lt;lambda&gt;1]" time="0.0016491413116455078"></testcase><testcase classname="src.pymortests.vectorarray" file="src/pymortests/vectorarray.py" line="791" name="test_add[compatible_vector_array_pair7-&lt;lambda&gt;2]" time="0.0017235279083251953"></testcase><testcase classname="src.pymortests.vectorarray" file="src/pymortests/vectorarray.py" line="791" name="test_add[compatible_vector_array_pair7-&lt;lambda&gt;3]" time="0.001684427261352539"></testcase><testcase classname="src.pymortests.vectorarray" file="src/pymortests/vectorarray.py" line="791" name="test_add[compatible_vector_array_pair7-&lt;lambda&gt;4]" time="0.0017023086547851562"></testcase><testcase classname="src.pymortests.vectorarray" file="src/pymortests/vectorarray.py" line="791" name="test_add[compatible_vector_array_pair7-&lt;lambda&gt;5]" time="0.0014328956604003906"></testcase><testcase classname="src.pymortests.vectorarray" file="src/pymortests/vectorarray.py" line="791" name="test_add[compatible_vector_array_pair7-&lt;lambda&gt;6]" time="0.0014164447784423828"></testcase><testcase classname="src.pymortests.vectorarray" file="src/pymortests/vectorarray.py" line="791" name="test_add[compatible_vector_array_pair7-&lt;lambda&gt;7]" time="0.00153350830078125"></testcase><testcase classname="src.pymortests.vectorarray" file="src/pymortests/vectorarray.py" line="791" name="test_add[compatible_vector_array_pair7-&lt;lambda&gt;8]" time="0.0018682479858398438"></testcase><testcase classname="src.pymortests.vectorarray" file="src/pymortests/vectorarray.py" line="791" name="test_add[compatible_vector_array_pair7-&lt;lambda&gt;9]" time="0.004830598831176758"></testcase><testcase classname="src.pymortests.vectorarray" file="src/pymortests/vectorarray.py" line="791" name="test_add[compatible_vector_array_pair7-&lt;lambda&gt;10]" time="0.009874582290649414"></testcase><testcase classname="src.pymortests.vectorarray" file="src/pymortests/vectorarray.py" line="791" name="test_add[compatible_vector_array_pair7-&lt;lambda&gt;11]" time="0.0017495155334472656"></testcase><testcase classname="src.pymortests.vectorarray" file="src/pymortests/vectorarray.py" line="791" name="test_add[compatible_vector_array_pair7-&lt;lambda&gt;12]" time="0.0018763542175292969"></testcase><testcase classname="src.pymortests.vectorarray" file="src/pymortests/vectorarray.py" line="791" name="test_add[compatible_vector_array_pair7-&lt;lambda&gt;13]" time="0.0022847652435302734"></testcase><testcase classname="src.pymortests.vectorarray" file="src/pymortests/vectorarray.py" line="791" name="test_add[compatible_vector_array_pair7-&lt;lambda&gt;14]" time="0.0019223690032958984"></testcase><testcase classname="src.pymortests.vectorarray" file="src/pymortests/vectorarray.py" line="791" name="test_add[compatible_vector_array_pair7-&lt;lambda&gt;15]" time="0.0022995471954345703"></testcase><testcase classname="src.pymortests.vectorarray" file="src/pymortests/vectorarray.py" line="791" name="test_add[compatible_vector_array_pair7-&lt;lambda&gt;16]" time="0.0029866695404052734"></testcase><testcase classname="src.pymortests.vectorarray" file="src/pymortests/vectorarray.py" line="791" name="test_add[compatible_vector_array_pair7-&lt;lambda&gt;17]" time="0.002651214599609375"></testcase><testcase classname="src.pymortests.vectorarray" file="src/pymortests/vectorarray.py" line="791" name="test_add[compatible_vector_array_pair7-&lt;lambda&gt;18]" time="0.0024003982543945312"></testcase><testcase classname="src.pymortests.vectorarray" file="src/pymortests/vectorarray.py" line="791" name="test_add[compatible_vector_array_pair7-&lt;lambda&gt;19]" time="0.002282857894897461"></testcase><testcase classname="src.pymortests.vectorarray" file="src/pymortests/vectorarray.py" line="791" name="test_add[compatible_vector_array_pair7-&lt;lambda&gt;20]" time="0.02754807472229004"></testcase><testcase classname="src.pymortests.vectorarray" file="src/pymortests/vectorarray.py" line="791" name="test_add[compatible_vector_array_pair7-&lt;lambda&gt;21]" time="0.021018505096435547"></testcase><testcase classname="src.pymortests.vectorarray" file="src/pymortests/vectorarray.py" line="791" name="test_add[compatible_vector_array_pair7-&lt;lambda&gt;22]" time="0.057930946350097656"></testcase><testcase classname="src.pymortests.vectorarray" file="src/pymortests/vectorarray.py" line="791" name="test_add[compatible_vector_array_pair7-&lt;lambda&gt;23]" time="0.004060983657836914"></testcase><testcase classname="src.pymortests.vectorarray" file="src/pymortests/vectorarray.py" line="791" name="test_add[compatible_vector_array_pair7-&lt;lambda&gt;24]" time="0.0013973712921142578"></testcase><testcase classname="src.pymortests.vectorarray" file="src/pymortests/vectorarray.py" line="791" name="test_add[compatible_vector_array_pair7-&lt;lambda&gt;25]" time="0.0023374557495117188"></testcase><testcase classname="src.pymortests.vectorarray" file="src/pymortests/vectorarray.py" line="791" name="test_add[compatible_vector_array_pair7-&lt;lambda&gt;26]" time="0.027129650115966797"></testcase><testcase classname="src.pymortests.vectorarray" file="src/pymortests/vectorarray.py" line="791" name="test_add[compatible_vector_array_pair7-&lt;lambda&gt;27]" time="0.13497614860534668"></testcase><testcase classname="src.pymortests.vectorarray" file="src/pymortests/vectorarray.py" line="791" name="test_add[compatible_vector_array_pair7-&lt;lambda&gt;28]" time="0.34189462661743164"></testcase><testcase classname="src.pymortests.vectorarray" file="src/pymortests/vectorarray.py" line="791" name="test_add[compatible_vector_array_pair7-&lt;lambda&gt;29]" time="0.010820388793945312"></testcase><testcase classname="src.pymortests.vectorarray" file="src/pymortests/vectorarray.py" line="791" name="test_add[compatible_vector_array_pair8-&lt;lambda&gt;0]" time="0.002185344696044922"></testcase><testcase classname="src.pymortests.vectorarray" file="src/pymortests/vectorarray.py" line="791" name="test_add[compatible_vector_array_pair8-&lt;lambda&gt;1]" time="0.001674652099609375"></testcase><testcase classname="src.pymortests.vectorarray" file="src/pymortests/vectorarray.py" line="791" name="test_add[compatible_vector_array_pair8-&lt;lambda&gt;2]" time="0.0015711784362792969"></testcase><testcase classname="src.pymortests.vectorarray" file="src/pymortests/vectorarray.py" line="791" name="test_add[compatible_vector_array_pair8-&lt;lambda&gt;3]" time="0.0017175674438476562"></testcase><testcase classname="src.pymortests.vectorarray" file="src/pymortests/vectorarray.py" line="791" name="test_add[compatible_vector_array_pair8-&lt;lambda&gt;4]" time="0.00159454345703125"></testcase><testcase classname="src.pymortests.vectorarray" file="src/pymortests/vectorarray.py" line="791" name="test_add[compatible_vector_array_pair8-&lt;lambda&gt;5]" time="0.0014319419860839844"></testcase><testcase classname="src.pymortests.vectorarray" file="src/pymortests/vectorarray.py" line="791" name="test_add[compatible_vector_array_pair8-&lt;lambda&gt;6]" time="0.0014019012451171875"></testcase><testcase classname="src.pymortests.vectorarray" file="src/pymortests/vectorarray.py" line="791" name="test_add[compatible_vector_array_pair8-&lt;lambda&gt;7]" time="0.0014111995697021484"></testcase><testcase classname="src.pymortests.vectorarray" file="src/pymortests/vectorarray.py" line="791" name="test_add[compatible_vector_array_pair8-&lt;lambda&gt;8]" time="0.001844167709350586"></testcase><testcase classname="src.pymortests.vectorarray" file="src/pymortests/vectorarray.py" line="791" name="test_add[compatible_vector_array_pair8-&lt;lambda&gt;9]" time="0.004808902740478516"></testcase><testcase classname="src.pymortests.vectorarray" file="src/pymortests/vectorarray.py" line="791" name="test_add[compatible_vector_array_pair8-&lt;lambda&gt;10]" time="0.009789228439331055"></testcase><testcase classname="src.pymortests.vectorarray" file="src/pymortests/vectorarray.py" line="791" name="test_add[compatible_vector_array_pair8-&lt;lambda&gt;11]" time="0.0018062591552734375"></testcase><testcase classname="src.pymortests.vectorarray" file="src/pymortests/vectorarray.py" line="791" name="test_add[compatible_vector_array_pair8-&lt;lambda&gt;12]" time="0.0018672943115234375"></testcase><testcase classname="src.pymortests.vectorarray" file="src/pymortests/vectorarray.py" line="791" name="test_add[compatible_vector_array_pair8-&lt;lambda&gt;13]" time="0.0021834373474121094"></testcase><testcase classname="src.pymortests.vectorarray" file="src/pymortests/vectorarray.py" line="791" name="test_add[compatible_vector_array_pair8-&lt;lambda&gt;14]" time="0.001924753189086914"></testcase><testcase classname="src.pymortests.vectorarray" file="src/pymortests/vectorarray.py" line="791" name="test_add[compatible_vector_array_pair8-&lt;lambda&gt;15]" time="0.0027933120727539062"></testcase><testcase classname="src.pymortests.vectorarray" file="src/pymortests/vectorarray.py" line="791" name="test_add[compatible_vector_array_pair8-&lt;lambda&gt;16]" time="0.0026175975799560547"></testcase><testcase classname="src.pymortests.vectorarray" file="src/pymortests/vectorarray.py" line="791" name="test_add[compatible_vector_array_pair8-&lt;lambda&gt;17]" time="0.0024671554565429688"></testcase><testcase classname="src.pymortests.vectorarray" file="src/pymortests/vectorarray.py" line="791" name="test_add[compatible_vector_array_pair8-&lt;lambda&gt;18]" time="0.0022170543670654297"></testcase><testcase classname="src.pymortests.vectorarray" file="src/pymortests/vectorarray.py" line="791" name="test_add[compatible_vector_array_pair8-&lt;lambda&gt;19]" time="0.0022776126861572266"></testcase><testcase classname="src.pymortests.vectorarray" file="src/pymortests/vectorarray.py" line="791" name="test_add[compatible_vector_array_pair8-&lt;lambda&gt;20]" time="0.027007102966308594"></testcase><testcase classname="src.pymortests.vectorarray" file="src/pymortests/vectorarray.py" line="791" name="test_add[compatible_vector_array_pair8-&lt;lambda&gt;21]" time="0.019306421279907227"></testcase><testcase classname="src.pymortests.vectorarray" file="src/pymortests/vectorarray.py" line="791" name="test_add[compatible_vector_array_pair8-&lt;lambda&gt;22]" time="0.05572867393493652"></testcase><testcase classname="src.pymortests.vectorarray" file="src/pymortests/vectorarray.py" line="791" name="test_add[compatible_vector_array_pair8-&lt;lambda&gt;23]" time="0.004279375076293945"></testcase><testcase classname="src.pymortests.vectorarray" file="src/pymortests/vectorarray.py" line="791" name="test_add[compatible_vector_array_pair8-&lt;lambda&gt;24]" time="0.0015039443969726562"></testcase><testcase classname="src.pymortests.vectorarray" file="src/pymortests/vectorarray.py" line="791" name="test_add[compatible_vector_array_pair8-&lt;lambda&gt;25]" time="0.002511739730834961"></testcase><testcase classname="src.pymortests.vectorarray" file="src/pymortests/vectorarray.py" line="791" name="test_add[compatible_vector_array_pair8-&lt;lambda&gt;26]" time="0.02544999122619629"></testcase><testcase classname="src.pymortests.vectorarray" file="src/pymortests/vectorarray.py" line="791" name="test_add[compatible_vector_array_pair8-&lt;lambda&gt;27]" time="0.12962985038757324"></testcase><testcase classname="src.pymortests.vectorarray" file="src/pymortests/vectorarray.py" line="791" name="test_add[compatible_vector_array_pair8-&lt;lambda&gt;28]" time="0.3394622802734375"></testcase><testcase classname="src.pymortests.vectorarray" file="src/pymortests/vectorarray.py" line="791" name="test_add[compatible_vector_array_pair8-&lt;lambda&gt;29]" time="0.010840654373168945"></testcase><testcase classname="src.pymortests.vectorarray" file="src/pymortests/vectorarray.py" line="804" name="test_iadd[compatible_vector_array_pair0-&lt;lambda&gt;0]" time="0.002374887466430664"></testcase><testcase classname="src.pymortests.vectorarray" file="src/pymortests/vectorarray.py" line="804" name="test_iadd[compatible_vector_array_pair0-&lt;lambda&gt;1]" time="0.001562356948852539"></testcase><testcase classname="src.pymortests.vectorarray" file="src/pymortests/vectorarray.py" line="804" name="test_iadd[compatible_vector_array_pair0-&lt;lambda&gt;2]" time="0.0014500617980957031"></testcase><testcase classname="src.pymortests.vectorarray" file="src/pymortests/vectorarray.py" line="804" name="test_iadd[compatible_vector_array_pair0-&lt;lambda&gt;3]" time="0.0015647411346435547"></testcase><testcase classname="src.pymortests.vectorarray" file="src/pymortests/vectorarray.py" line="804" name="test_iadd[compatible_vector_array_pair0-&lt;lambda&gt;4]" time="0.001428842544555664"></testcase><testcase classname="src.pymortests.vectorarray" file="src/pymortests/vectorarray.py" line="804" name="test_iadd[compatible_vector_array_pair0-&lt;lambda&gt;5]" time="0.001483917236328125"></testcase><testcase classname="src.pymortests.vectorarray" file="src/pymortests/vectorarray.py" line="804" name="test_iadd[compatible_vector_array_pair0-&lt;lambda&gt;6]" time="0.0012791156768798828"></testcase><testcase classname="src.pymortests.vectorarray" file="src/pymortests/vectorarray.py" line="804" name="test_iadd[compatible_vector_array_pair0-&lt;lambda&gt;7]" time="0.001390695571899414"></testcase><testcase classname="src.pymortests.vectorarray" file="src/pymortests/vectorarray.py" line="804" name="test_iadd[compatible_vector_array_pair0-&lt;lambda&gt;8]" time="0.0016200542449951172"></testcase><testcase classname="src.pymortests.vectorarray" file="src/pymortests/vectorarray.py" line="804" name="test_iadd[compatible_vector_array_pair0-&lt;lambda&gt;9]" time="0.0037500858306884766"></testcase><testcase classname="src.pymortests.vectorarray" file="src/pymortests/vectorarray.py" line="804" name="test_iadd[compatible_vector_array_pair0-&lt;lambda&gt;10]" time="0.005932807922363281"></testcase><testcase classname="src.pymortests.vectorarray" file="src/pymortests/vectorarray.py" line="804" name="test_iadd[compatible_vector_array_pair0-&lt;lambda&gt;11]" time="0.001554250717163086"></testcase><testcase classname="src.pymortests.vectorarray" file="src/pymortests/vectorarray.py" line="804" name="test_iadd[compatible_vector_array_pair0-&lt;lambda&gt;12]" time="0.0016543865203857422"></testcase><testcase classname="src.pymortests.vectorarray" file="src/pymortests/vectorarray.py" line="804" name="test_iadd[compatible_vector_array_pair0-&lt;lambda&gt;13]" time="0.0017330646514892578"></testcase><testcase classname="src.pymortests.vectorarray" file="src/pymortests/vectorarray.py" line="804" name="test_iadd[compatible_vector_array_pair0-&lt;lambda&gt;14]" time="0.0016722679138183594"></testcase><testcase classname="src.pymortests.vectorarray" file="src/pymortests/vectorarray.py" line="804" name="test_iadd[compatible_vector_array_pair0-&lt;lambda&gt;15]" time="0.001956939697265625"></testcase><testcase classname="src.pymortests.vectorarray" file="src/pymortests/vectorarray.py" line="804" name="test_iadd[compatible_vector_array_pair0-&lt;lambda&gt;16]" time="0.0022110939025878906"></testcase><testcase classname="src.pymortests.vectorarray" file="src/pymortests/vectorarray.py" line="804" name="test_iadd[compatible_vector_array_pair0-&lt;lambda&gt;17]" time="0.0020165443420410156"></testcase><testcase classname="src.pymortests.vectorarray" file="src/pymortests/vectorarray.py" line="804" name="test_iadd[compatible_vector_array_pair0-&lt;lambda&gt;18]" time="0.002097606658935547"></testcase><testcase classname="src.pymortests.vectorarray" file="src/pymortests/vectorarray.py" line="804" name="test_iadd[compatible_vector_array_pair0-&lt;lambda&gt;19]" time="0.002231121063232422"></testcase><testcase classname="src.pymortests.vectorarray" file="src/pymortests/vectorarray.py" line="804" name="test_iadd[compatible_vector_array_pair0-&lt;lambda&gt;20]" time="0.026254892349243164"></testcase><testcase classname="src.pymortests.vectorarray" file="src/pymortests/vectorarray.py" line="804" name="test_iadd[compatible_vector_array_pair0-&lt;lambda&gt;21]" time="0.01633906364440918"></testcase><testcase classname="src.pymortests.vectorarray" file="src/pymortests/vectorarray.py" line="804" name="test_iadd[compatible_vector_array_pair0-&lt;lambda&gt;22]" time="0.047667741775512695"></testcase><testcase classname="src.pymortests.vectorarray" file="src/pymortests/vectorarray.py" line="804" name="test_iadd[compatible_vector_array_pair0-&lt;lambda&gt;23]" time="0.003989458084106445"></testcase><testcase classname="src.pymortests.vectorarray" file="src/pymortests/vectorarray.py" line="804" name="test_iadd[compatible_vector_array_pair0-&lt;lambda&gt;24]" time="0.0013403892517089844"></testcase><testcase classname="src.pymortests.vectorarray" file="src/pymortests/vectorarray.py" line="804" name="test_iadd[compatible_vector_array_pair0-&lt;lambda&gt;25]" time="0.0022819042205810547"></testcase><testcase classname="src.pymortests.vectorarray" file="src/pymortests/vectorarray.py" line="804" name="test_iadd[compatible_vector_array_pair0-&lt;lambda&gt;26]" time="0.024161338806152344"></testcase><testcase classname="src.pymortests.vectorarray" file="src/pymortests/vectorarray.py" line="804" name="test_iadd[compatible_vector_array_pair0-&lt;lambda&gt;27]" time="0.08127903938293457"></testcase><testcase classname="src.pymortests.vectorarray" file="src/pymortests/vectorarray.py" line="804" name="test_iadd[compatible_vector_array_pair0-&lt;lambda&gt;28]" time="0.2267305850982666"></testcase><testcase classname="src.pymortests.vectorarray" file="src/pymortests/vectorarray.py" line="804" name="test_iadd[compatible_vector_array_pair0-&lt;lambda&gt;29]" time="0.008711576461791992"></testcase><testcase classname="src.pymortests.vectorarray" file="src/pymortests/vectorarray.py" line="804" name="test_iadd[compatible_vector_array_pair1-&lt;lambda&gt;0]" time="0.0021562576293945312"></testcase><testcase classname="src.pymortests.vectorarray" file="src/pymortests/vectorarray.py" line="804" name="test_iadd[compatible_vector_array_pair1-&lt;lambda&gt;1]" time="0.001552581787109375"></testcase><testcase classname="src.pymortests.vectorarray" file="src/pymortests/vectorarray.py" line="804" name="test_iadd[compatible_vector_array_pair1-&lt;lambda&gt;2]" time="0.0014081001281738281"></testcase><testcase classname="src.pymortests.vectorarray" file="src/pymortests/vectorarray.py" line="804" name="test_iadd[compatible_vector_array_pair1-&lt;lambda&gt;3]" time="0.0015382766723632812"></testcase><testcase classname="src.pymortests.vectorarray" file="src/pymortests/vectorarray.py" line="804" name="test_iadd[compatible_vector_array_pair1-&lt;lambda&gt;4]" time="0.001384735107421875"></testcase><testcase classname="src.pymortests.vectorarray" file="src/pymortests/vectorarray.py" line="804" name="test_iadd[compatible_vector_array_pair1-&lt;lambda&gt;5]" time="0.001401662826538086"></testcase><testcase classname="src.pymortests.vectorarray" file="src/pymortests/vectorarray.py" line="804" name="test_iadd[compatible_vector_array_pair1-&lt;lambda&gt;6]" time="0.0013494491577148438"></testcase><testcase classname="src.pymortests.vectorarray" file="src/pymortests/vectorarray.py" line="804" name="test_iadd[compatible_vector_array_pair1-&lt;lambda&gt;7]" time="0.001363515853881836"></testcase><testcase classname="src.pymortests.vectorarray" file="src/pymortests/vectorarray.py" line="804" name="test_iadd[compatible_vector_array_pair1-&lt;lambda&gt;8]" time="0.001773834228515625"></testcase><testcase classname="src.pymortests.vectorarray" file="src/pymortests/vectorarray.py" line="804" name="test_iadd[compatible_vector_array_pair1-&lt;lambda&gt;9]" time="0.0035059452056884766"></testcase><testcase classname="src.pymortests.vectorarray" file="src/pymortests/vectorarray.py" line="804" name="test_iadd[compatible_vector_array_pair1-&lt;lambda&gt;10]" time="0.00630497932434082"></testcase><testcase classname="src.pymortests.vectorarray" file="src/pymortests/vectorarray.py" line="804" name="test_iadd[compatible_vector_array_pair1-&lt;lambda&gt;11]" time="0.0016829967498779297"></testcase><testcase classname="src.pymortests.vectorarray" file="src/pymortests/vectorarray.py" line="804" name="test_iadd[compatible_vector_array_pair1-&lt;lambda&gt;12]" time="0.001650094985961914"></testcase><testcase classname="src.pymortests.vectorarray" file="src/pymortests/vectorarray.py" line="804" name="test_iadd[compatible_vector_array_pair1-&lt;lambda&gt;13]" time="0.0018696784973144531"></testcase><testcase classname="src.pymortests.vectorarray" file="src/pymortests/vectorarray.py" line="804" name="test_iadd[compatible_vector_array_pair1-&lt;lambda&gt;14]" time="0.0016961097717285156"></testcase><testcase classname="src.pymortests.vectorarray" file="src/pymortests/vectorarray.py" line="804" name="test_iadd[compatible_vector_array_pair1-&lt;lambda&gt;15]" time="0.002019166946411133"></testcase><testcase classname="src.pymortests.vectorarray" file="src/pymortests/vectorarray.py" line="804" name="test_iadd[compatible_vector_array_pair1-&lt;lambda&gt;16]" time="0.0022819042205810547"></testcase><testcase classname="src.pymortests.vectorarray" file="src/pymortests/vectorarray.py" line="804" name="test_iadd[compatible_vector_array_pair1-&lt;lambda&gt;17]" time="0.002282857894897461"></testcase><testcase classname="src.pymortests.vectorarray" file="src/pymortests/vectorarray.py" line="804" name="test_iadd[compatible_vector_array_pair1-&lt;lambda&gt;18]" time="0.0022058486938476562"></testcase><testcase classname="src.pymortests.vectorarray" file="src/pymortests/vectorarray.py" line="804" name="test_iadd[compatible_vector_array_pair1-&lt;lambda&gt;19]" time="0.0022923946380615234"></testcase><testcase classname="src.pymortests.vectorarray" file="src/pymortests/vectorarray.py" line="804" name="test_iadd[compatible_vector_array_pair1-&lt;lambda&gt;20]" time="0.026543855667114258"></testcase><testcase classname="src.pymortests.vectorarray" file="src/pymortests/vectorarray.py" line="804" name="test_iadd[compatible_vector_array_pair1-&lt;lambda&gt;21]" time="0.016722440719604492"></testcase><testcase classname="src.pymortests.vectorarray" file="src/pymortests/vectorarray.py" line="804" name="test_iadd[compatible_vector_array_pair1-&lt;lambda&gt;22]" time="0.05042910575866699"></testcase><testcase classname="src.pymortests.vectorarray" file="src/pymortests/vectorarray.py" line="804" name="test_iadd[compatible_vector_array_pair1-&lt;lambda&gt;23]" time="0.004119396209716797"></testcase><testcase classname="src.pymortests.vectorarray" file="src/pymortests/vectorarray.py" line="804" name="test_iadd[compatible_vector_array_pair1-&lt;lambda&gt;24]" time="0.001371622085571289"></testcase><testcase classname="src.pymortests.vectorarray" file="src/pymortests/vectorarray.py" line="804" name="test_iadd[compatible_vector_array_pair1-&lt;lambda&gt;25]" time="0.002366304397583008"></testcase><testcase classname="src.pymortests.vectorarray" file="src/pymortests/vectorarray.py" line="804" name="test_iadd[compatible_vector_array_pair1-&lt;lambda&gt;26]" time="0.024674654006958008"></testcase><testcase classname="src.pymortests.vectorarray" file="src/pymortests/vectorarray.py" line="804" name="test_iadd[compatible_vector_array_pair1-&lt;lambda&gt;27]" time="0.08139991760253906"></testcase><testcase classname="src.pymortests.vectorarray" file="src/pymortests/vectorarray.py" line="804" name="test_iadd[compatible_vector_array_pair1-&lt;lambda&gt;28]" time="0.2363419532775879"></testcase><testcase classname="src.pymortests.vectorarray" file="src/pymortests/vectorarray.py" line="804" name="test_iadd[compatible_vector_array_pair1-&lt;lambda&gt;29]" time="0.00878596305847168"></testcase><testcase classname="src.pymortests.vectorarray" file="src/pymortests/vectorarray.py" line="804" name="test_iadd[compatible_vector_array_pair2-&lt;lambda&gt;0]" time="0.003418445587158203"></testcase><testcase classname="src.pymortests.vectorarray" file="src/pymortests/vectorarray.py" line="804" name="test_iadd[compatible_vector_array_pair2-&lt;lambda&gt;1]" time="0.0015854835510253906"></testcase><testcase classname="src.pymortests.vectorarray" file="src/pymortests/vectorarray.py" line="804" name="test_iadd[compatible_vector_array_pair2-&lt;lambda&gt;2]" time="0.0015017986297607422"></testcase><testcase classname="src.pymortests.vectorarray" file="src/pymortests/vectorarray.py" line="804" name="test_iadd[compatible_vector_array_pair2-&lt;lambda&gt;3]" time="0.0016012191772460938"></testcase><testcase classname="src.pymortests.vectorarray" file="src/pymortests/vectorarray.py" line="804" name="test_iadd[compatible_vector_array_pair2-&lt;lambda&gt;4]" time="0.0015361309051513672"></testcase><testcase classname="src.pymortests.vectorarray" file="src/pymortests/vectorarray.py" line="804" name="test_iadd[compatible_vector_array_pair2-&lt;lambda&gt;5]" time="0.001377105712890625"></testcase><testcase classname="src.pymortests.vectorarray" file="src/pymortests/vectorarray.py" line="804" name="test_iadd[compatible_vector_array_pair2-&lt;lambda&gt;6]" time="0.00139617919921875"></testcase><testcase classname="src.pymortests.vectorarray" file="src/pymortests/vectorarray.py" line="804" name="test_iadd[compatible_vector_array_pair2-&lt;lambda&gt;7]" time="0.0014202594757080078"></testcase><testcase classname="src.pymortests.vectorarray" file="src/pymortests/vectorarray.py" line="804" name="test_iadd[compatible_vector_array_pair2-&lt;lambda&gt;8]" time="0.0017294883728027344"></testcase><testcase classname="src.pymortests.vectorarray" file="src/pymortests/vectorarray.py" line="804" name="test_iadd[compatible_vector_array_pair2-&lt;lambda&gt;9]" time="0.003517627716064453"></testcase><testcase classname="src.pymortests.vectorarray" file="src/pymortests/vectorarray.py" line="804" name="test_iadd[compatible_vector_array_pair2-&lt;lambda&gt;10]" time="0.0068776607513427734"></testcase><testcase classname="src.pymortests.vectorarray" file="src/pymortests/vectorarray.py" line="804" name="test_iadd[compatible_vector_array_pair2-&lt;lambda&gt;11]" time="0.001562356948852539"></testcase><testcase classname="src.pymortests.vectorarray" file="src/pymortests/vectorarray.py" line="804" name="test_iadd[compatible_vector_array_pair2-&lt;lambda&gt;12]" time="0.0016789436340332031"></testcase><testcase classname="src.pymortests.vectorarray" file="src/pymortests/vectorarray.py" line="804" name="test_iadd[compatible_vector_array_pair2-&lt;lambda&gt;13]" time="0.0018970966339111328"></testcase><testcase classname="src.pymortests.vectorarray" file="src/pymortests/vectorarray.py" line="804" name="test_iadd[compatible_vector_array_pair2-&lt;lambda&gt;14]" time="0.00177764892578125"></testcase><testcase classname="src.pymortests.vectorarray" file="src/pymortests/vectorarray.py" line="804" name="test_iadd[compatible_vector_array_pair2-&lt;lambda&gt;15]" time="0.001951456069946289"></testcase><testcase classname="src.pymortests.vectorarray" file="src/pymortests/vectorarray.py" line="804" name="test_iadd[compatible_vector_array_pair2-&lt;lambda&gt;16]" time="0.002314329147338867"></testcase><testcase classname="src.pymortests.vectorarray" file="src/pymortests/vectorarray.py" line="804" name="test_iadd[compatible_vector_array_pair2-&lt;lambda&gt;17]" time="0.002028942108154297"></testcase><testcase classname="src.pymortests.vectorarray" file="src/pymortests/vectorarray.py" line="804" name="test_iadd[compatible_vector_array_pair2-&lt;lambda&gt;18]" time="0.002103567123413086"></testcase><testcase classname="src.pymortests.vectorarray" file="src/pymortests/vectorarray.py" line="804" name="test_iadd[compatible_vector_array_pair2-&lt;lambda&gt;19]" time="0.0021479129791259766"></testcase><testcase classname="src.pymortests.vectorarray" file="src/pymortests/vectorarray.py" line="804" name="test_iadd[compatible_vector_array_pair2-&lt;lambda&gt;20]" time="0.027277469635009766"></testcase><testcase classname="src.pymortests.vectorarray" file="src/pymortests/vectorarray.py" line="804" name="test_iadd[compatible_vector_array_pair2-&lt;lambda&gt;21]" time="0.017232418060302734"></testcase><testcase classname="src.pymortests.vectorarray" file="src/pymortests/vectorarray.py" line="804" name="test_iadd[compatible_vector_array_pair2-&lt;lambda&gt;22]" time="0.05093264579772949"></testcase><testcase classname="src.pymortests.vectorarray" file="src/pymortests/vectorarray.py" line="804" name="test_iadd[compatible_vector_array_pair2-&lt;lambda&gt;23]" time="0.0039806365966796875"></testcase><testcase classname="src.pymortests.vectorarray" file="src/pymortests/vectorarray.py" line="804" name="test_iadd[compatible_vector_array_pair2-&lt;lambda&gt;24]" time="0.0014743804931640625"></testcase><testcase classname="src.pymortests.vectorarray" file="src/pymortests/vectorarray.py" line="804" name="test_iadd[compatible_vector_array_pair2-&lt;lambda&gt;25]" time="0.0023407936096191406"></testcase><testcase classname="src.pymortests.vectorarray" file="src/pymortests/vectorarray.py" line="804" name="test_iadd[compatible_vector_array_pair2-&lt;lambda&gt;26]" time="0.02382040023803711"></testcase><testcase classname="src.pymortests.vectorarray" file="src/pymortests/vectorarray.py" line="804" name="test_iadd[compatible_vector_array_pair2-&lt;lambda&gt;27]" time="0.07869911193847656"></testcase><testcase classname="src.pymortests.vectorarray" file="src/pymortests/vectorarray.py" line="804" name="test_iadd[compatible_vector_array_pair2-&lt;lambda&gt;28]" time="0.2228834629058838"></testcase><testcase classname="src.pymortests.vectorarray" file="src/pymortests/vectorarray.py" line="804" name="test_iadd[compatible_vector_array_pair2-&lt;lambda&gt;29]" time="0.008542299270629883"></testcase><testcase classname="src.pymortests.vectorarray" file="src/pymortests/vectorarray.py" line="804" name="test_iadd[compatible_vector_array_pair3-&lt;lambda&gt;0]" time="0.002067089080810547"></testcase><testcase classname="src.pymortests.vectorarray" file="src/pymortests/vectorarray.py" line="804" name="test_iadd[compatible_vector_array_pair3-&lt;lambda&gt;1]" time="0.0015239715576171875"></testcase><testcase classname="src.pymortests.vectorarray" file="src/pymortests/vectorarray.py" line="804" name="test_iadd[compatible_vector_array_pair3-&lt;lambda&gt;2]" time="0.0014331340789794922"></testcase><testcase classname="src.pymortests.vectorarray" file="src/pymortests/vectorarray.py" line="804" name="test_iadd[compatible_vector_array_pair3-&lt;lambda&gt;3]" time="0.0016531944274902344"></testcase><testcase classname="src.pymortests.vectorarray" file="src/pymortests/vectorarray.py" line="804" name="test_iadd[compatible_vector_array_pair3-&lt;lambda&gt;4]" time="0.0013780593872070312"></testcase><testcase classname="src.pymortests.vectorarray" file="src/pymortests/vectorarray.py" line="804" name="test_iadd[compatible_vector_array_pair3-&lt;lambda&gt;5]" time="0.0013303756713867188"></testcase><testcase classname="src.pymortests.vectorarray" file="src/pymortests/vectorarray.py" line="804" name="test_iadd[compatible_vector_array_pair3-&lt;lambda&gt;6]" time="0.0013537406921386719"></testcase><testcase classname="src.pymortests.vectorarray" file="src/pymortests/vectorarray.py" line="804" name="test_iadd[compatible_vector_array_pair3-&lt;lambda&gt;7]" time="0.0013163089752197266"></testcase><testcase classname="src.pymortests.vectorarray" file="src/pymortests/vectorarray.py" line="804" name="test_iadd[compatible_vector_array_pair3-&lt;lambda&gt;8]" time="0.0016009807586669922"></testcase><testcase classname="src.pymortests.vectorarray" file="src/pymortests/vectorarray.py" line="804" name="test_iadd[compatible_vector_array_pair3-&lt;lambda&gt;9]" time="0.003692626953125"></testcase><testcase classname="src.pymortests.vectorarray" file="src/pymortests/vectorarray.py" line="804" name="test_iadd[compatible_vector_array_pair3-&lt;lambda&gt;10]" time="0.00612330436706543"></testcase><testcase classname="src.pymortests.vectorarray" file="src/pymortests/vectorarray.py" line="804" name="test_iadd[compatible_vector_array_pair3-&lt;lambda&gt;11]" time="0.0015435218811035156"></testcase><testcase classname="src.pymortests.vectorarray" file="src/pymortests/vectorarray.py" line="804" name="test_iadd[compatible_vector_array_pair3-&lt;lambda&gt;12]" time="0.001728057861328125"></testcase><testcase classname="src.pymortests.vectorarray" file="src/pymortests/vectorarray.py" line="804" name="test_iadd[compatible_vector_array_pair3-&lt;lambda&gt;13]" time="0.001779794692993164"></testcase><testcase classname="src.pymortests.vectorarray" file="src/pymortests/vectorarray.py" line="804" name="test_iadd[compatible_vector_array_pair3-&lt;lambda&gt;14]" time="0.0017719268798828125"></testcase><testcase classname="src.pymortests.vectorarray" file="src/pymortests/vectorarray.py" line="804" name="test_iadd[compatible_vector_array_pair3-&lt;lambda&gt;15]" time="0.0025064945220947266"></testcase><testcase classname="src.pymortests.vectorarray" file="src/pymortests/vectorarray.py" line="804" name="test_iadd[compatible_vector_array_pair3-&lt;lambda&gt;16]" time="0.002181529998779297"></testcase><testcase classname="src.pymortests.vectorarray" file="src/pymortests/vectorarray.py" line="804" name="test_iadd[compatible_vector_array_pair3-&lt;lambda&gt;17]" time="0.0021593570709228516"></testcase><testcase classname="src.pymortests.vectorarray" file="src/pymortests/vectorarray.py" line="804" name="test_iadd[compatible_vector_array_pair3-&lt;lambda&gt;18]" time="0.0020427703857421875"></testcase><testcase classname="src.pymortests.vectorarray" file="src/pymortests/vectorarray.py" line="804" name="test_iadd[compatible_vector_array_pair3-&lt;lambda&gt;19]" time="0.002147674560546875"></testcase><testcase classname="src.pymortests.vectorarray" file="src/pymortests/vectorarray.py" line="804" name="test_iadd[compatible_vector_array_pair3-&lt;lambda&gt;20]" time="0.02703547477722168"></testcase><testcase classname="src.pymortests.vectorarray" file="src/pymortests/vectorarray.py" line="804" name="test_iadd[compatible_vector_array_pair3-&lt;lambda&gt;21]" time="0.01726222038269043"></testcase><testcase classname="src.pymortests.vectorarray" file="src/pymortests/vectorarray.py" line="804" name="test_iadd[compatible_vector_array_pair3-&lt;lambda&gt;22]" time="0.048639774322509766"></testcase><testcase classname="src.pymortests.vectorarray" file="src/pymortests/vectorarray.py" line="804" name="test_iadd[compatible_vector_array_pair3-&lt;lambda&gt;23]" time="0.0038313865661621094"></testcase><testcase classname="src.pymortests.vectorarray" file="src/pymortests/vectorarray.py" line="804" name="test_iadd[compatible_vector_array_pair3-&lt;lambda&gt;24]" time="0.0014584064483642578"></testcase><testcase classname="src.pymortests.vectorarray" file="src/pymortests/vectorarray.py" line="804" name="test_iadd[compatible_vector_array_pair3-&lt;lambda&gt;25]" time="0.0024666786193847656"></testcase><testcase classname="src.pymortests.vectorarray" file="src/pymortests/vectorarray.py" line="804" name="test_iadd[compatible_vector_array_pair3-&lt;lambda&gt;26]" time="0.024114370346069336"></testcase><testcase classname="src.pymortests.vectorarray" file="src/pymortests/vectorarray.py" line="804" name="test_iadd[compatible_vector_array_pair3-&lt;lambda&gt;27]" time="0.1021878719329834"></testcase><testcase classname="src.pymortests.vectorarray" file="src/pymortests/vectorarray.py" line="804" name="test_iadd[compatible_vector_array_pair3-&lt;lambda&gt;28]" time="0.27891969680786133"></testcase><testcase classname="src.pymortests.vectorarray" file="src/pymortests/vectorarray.py" line="804" name="test_iadd[compatible_vector_array_pair3-&lt;lambda&gt;29]" time="0.009524106979370117"></testcase><testcase classname="src.pymortests.vectorarray" file="src/pymortests/vectorarray.py" line="804" name="test_iadd[compatible_vector_array_pair4-&lt;lambda&gt;0]" time="0.0020737648010253906"></testcase><testcase classname="src.pymortests.vectorarray" file="src/pymortests/vectorarray.py" line="804" name="test_iadd[compatible_vector_array_pair4-&lt;lambda&gt;1]" time="0.0017039775848388672"></testcase><testcase classname="src.pymortests.vectorarray" file="src/pymortests/vectorarray.py" line="804" name="test_iadd[compatible_vector_array_pair4-&lt;lambda&gt;2]" time="0.0015048980712890625"></testcase><testcase classname="src.pymortests.vectorarray" file="src/pymortests/vectorarray.py" line="804" name="test_iadd[compatible_vector_array_pair4-&lt;lambda&gt;3]" time="0.0015635490417480469"></testcase><testcase classname="src.pymortests.vectorarray" file="src/pymortests/vectorarray.py" line="804" name="test_iadd[compatible_vector_array_pair4-&lt;lambda&gt;4]" time="0.0014548301696777344"></testcase><testcase classname="src.pymortests.vectorarray" file="src/pymortests/vectorarray.py" line="804" name="test_iadd[compatible_vector_array_pair4-&lt;lambda&gt;5]" time="0.001435995101928711"></testcase><testcase classname="src.pymortests.vectorarray" file="src/pymortests/vectorarray.py" line="804" name="test_iadd[compatible_vector_array_pair4-&lt;lambda&gt;6]" time="0.0013422966003417969"></testcase><testcase classname="src.pymortests.vectorarray" file="src/pymortests/vectorarray.py" line="804" name="test_iadd[compatible_vector_array_pair4-&lt;lambda&gt;7]" time="0.0013878345489501953"></testcase><testcase classname="src.pymortests.vectorarray" file="src/pymortests/vectorarray.py" line="804" name="test_iadd[compatible_vector_array_pair4-&lt;lambda&gt;8]" time="0.0017464160919189453"></testcase><testcase classname="src.pymortests.vectorarray" file="src/pymortests/vectorarray.py" line="804" name="test_iadd[compatible_vector_array_pair4-&lt;lambda&gt;9]" time="0.003782987594604492"></testcase><testcase classname="src.pymortests.vectorarray" file="src/pymortests/vectorarray.py" line="804" name="test_iadd[compatible_vector_array_pair4-&lt;lambda&gt;10]" time="0.006746053695678711"></testcase><testcase classname="src.pymortests.vectorarray" file="src/pymortests/vectorarray.py" line="804" name="test_iadd[compatible_vector_array_pair4-&lt;lambda&gt;11]" time="0.0016238689422607422"></testcase><testcase classname="src.pymortests.vectorarray" file="src/pymortests/vectorarray.py" line="804" name="test_iadd[compatible_vector_array_pair4-&lt;lambda&gt;12]" time="0.0017392635345458984"></testcase><testcase classname="src.pymortests.vectorarray" file="src/pymortests/vectorarray.py" line="804" name="test_iadd[compatible_vector_array_pair4-&lt;lambda&gt;13]" time="0.001920938491821289"></testcase><testcase classname="src.pymortests.vectorarray" file="src/pymortests/vectorarray.py" line="804" name="test_iadd[compatible_vector_array_pair4-&lt;lambda&gt;14]" time="0.0017726421356201172"></testcase><testcase classname="src.pymortests.vectorarray" file="src/pymortests/vectorarray.py" line="804" name="test_iadd[compatible_vector_array_pair4-&lt;lambda&gt;15]" time="0.002063274383544922"></testcase><testcase classname="src.pymortests.vectorarray" file="src/pymortests/vectorarray.py" line="804" name="test_iadd[compatible_vector_array_pair4-&lt;lambda&gt;16]" time="0.002294301986694336"></testcase><testcase classname="src.pymortests.vectorarray" file="src/pymortests/vectorarray.py" line="804" name="test_iadd[compatible_vector_array_pair4-&lt;lambda&gt;17]" time="0.002162933349609375"></testcase><testcase classname="src.pymortests.vectorarray" file="src/pymortests/vectorarray.py" line="804" name="test_iadd[compatible_vector_array_pair4-&lt;lambda&gt;18]" time="0.0020127296447753906"></testcase><testcase classname="src.pymortests.vectorarray" file="src/pymortests/vectorarray.py" line="804" name="test_iadd[compatible_vector_array_pair4-&lt;lambda&gt;19]" time="0.0020647048950195312"></testcase><testcase classname="src.pymortests.vectorarray" file="src/pymortests/vectorarray.py" line="804" name="test_iadd[compatible_vector_array_pair4-&lt;lambda&gt;20]" time="0.026683807373046875"></testcase><testcase classname="src.pymortests.vectorarray" file="src/pymortests/vectorarray.py" line="804" name="test_iadd[compatible_vector_array_pair4-&lt;lambda&gt;21]" time="0.01794147491455078"></testcase><testcase classname="src.pymortests.vectorarray" file="src/pymortests/vectorarray.py" line="804" name="test_iadd[compatible_vector_array_pair4-&lt;lambda&gt;22]" time="0.049417972564697266"></testcase><testcase classname="src.pymortests.vectorarray" file="src/pymortests/vectorarray.py" line="804" name="test_iadd[compatible_vector_array_pair4-&lt;lambda&gt;23]" time="0.003870725631713867"></testcase><testcase classname="src.pymortests.vectorarray" file="src/pymortests/vectorarray.py" line="804" name="test_iadd[compatible_vector_array_pair4-&lt;lambda&gt;24]" time="0.0013282299041748047"></testcase><testcase classname="src.pymortests.vectorarray" file="src/pymortests/vectorarray.py" line="804" name="test_iadd[compatible_vector_array_pair4-&lt;lambda&gt;25]" time="0.002380847930908203"></testcase><testcase classname="src.pymortests.vectorarray" file="src/pymortests/vectorarray.py" line="804" name="test_iadd[compatible_vector_array_pair4-&lt;lambda&gt;26]" time="0.02407526969909668"></testcase><testcase classname="src.pymortests.vectorarray" file="src/pymortests/vectorarray.py" line="804" name="test_iadd[compatible_vector_array_pair4-&lt;lambda&gt;27]" time="0.1027379035949707"></testcase><testcase classname="src.pymortests.vectorarray" file="src/pymortests/vectorarray.py" line="804" name="test_iadd[compatible_vector_array_pair4-&lt;lambda&gt;28]" time="0.2813446521759033"></testcase><testcase classname="src.pymortests.vectorarray" file="src/pymortests/vectorarray.py" line="804" name="test_iadd[compatible_vector_array_pair4-&lt;lambda&gt;29]" time="0.00985097885131836"></testcase><testcase classname="src.pymortests.vectorarray" file="src/pymortests/vectorarray.py" line="804" name="test_iadd[compatible_vector_array_pair5-&lt;lambda&gt;0]" time="0.002173185348510742"></testcase><testcase classname="src.pymortests.vectorarray" file="src/pymortests/vectorarray.py" line="804" name="test_iadd[compatible_vector_array_pair5-&lt;lambda&gt;1]" time="0.0016949176788330078"></testcase><testcase classname="src.pymortests.vectorarray" file="src/pymortests/vectorarray.py" line="804" name="test_iadd[compatible_vector_array_pair5-&lt;lambda&gt;2]" time="0.0015552043914794922"></testcase><testcase classname="src.pymortests.vectorarray" file="src/pymortests/vectorarray.py" line="804" name="test_iadd[compatible_vector_array_pair5-&lt;lambda&gt;3]" time="0.0016696453094482422"></testcase><testcase classname="src.pymortests.vectorarray" file="src/pymortests/vectorarray.py" line="804" name="test_iadd[compatible_vector_array_pair5-&lt;lambda&gt;4]" time="0.0015397071838378906"></testcase><testcase classname="src.pymortests.vectorarray" file="src/pymortests/vectorarray.py" line="804" name="test_iadd[compatible_vector_array_pair5-&lt;lambda&gt;5]" time="0.001514434814453125"></testcase><testcase classname="src.pymortests.vectorarray" file="src/pymortests/vectorarray.py" line="804" name="test_iadd[compatible_vector_array_pair5-&lt;lambda&gt;6]" time="0.0015363693237304688"></testcase><testcase classname="src.pymortests.vectorarray" file="src/pymortests/vectorarray.py" line="804" name="test_iadd[compatible_vector_array_pair5-&lt;lambda&gt;7]" time="0.0015368461608886719"></testcase><testcase classname="src.pymortests.vectorarray" file="src/pymortests/vectorarray.py" line="804" name="test_iadd[compatible_vector_array_pair5-&lt;lambda&gt;8]" time="0.0018925666809082031"></testcase><testcase classname="src.pymortests.vectorarray" file="src/pymortests/vectorarray.py" line="804" name="test_iadd[compatible_vector_array_pair5-&lt;lambda&gt;9]" time="0.18540191650390625"></testcase><testcase classname="src.pymortests.vectorarray" file="src/pymortests/vectorarray.py" line="804" name="test_iadd[compatible_vector_array_pair5-&lt;lambda&gt;10]" time="0.009782791137695312"></testcase><testcase classname="src.pymortests.vectorarray" file="src/pymortests/vectorarray.py" line="804" name="test_iadd[compatible_vector_array_pair5-&lt;lambda&gt;11]" time="0.0027017593383789062"></testcase><testcase classname="src.pymortests.vectorarray" file="src/pymortests/vectorarray.py" line="804" name="test_iadd[compatible_vector_array_pair5-&lt;lambda&gt;12]" time="0.0022954940795898438"></testcase><testcase classname="src.pymortests.vectorarray" file="src/pymortests/vectorarray.py" line="804" name="test_iadd[compatible_vector_array_pair5-&lt;lambda&gt;13]" time="0.002353668212890625"></testcase><testcase classname="src.pymortests.vectorarray" file="src/pymortests/vectorarray.py" line="804" name="test_iadd[compatible_vector_array_pair5-&lt;lambda&gt;14]" time="0.0022094249725341797"></testcase><testcase classname="src.pymortests.vectorarray" file="src/pymortests/vectorarray.py" line="804" name="test_iadd[compatible_vector_array_pair5-&lt;lambda&gt;15]" time="0.0025899410247802734"></testcase><testcase classname="src.pymortests.vectorarray" file="src/pymortests/vectorarray.py" line="804" name="test_iadd[compatible_vector_array_pair5-&lt;lambda&gt;16]" time="0.0029904842376708984"></testcase><testcase classname="src.pymortests.vectorarray" file="src/pymortests/vectorarray.py" line="804" name="test_iadd[compatible_vector_array_pair5-&lt;lambda&gt;17]" time="0.002701997756958008"></testcase><testcase classname="src.pymortests.vectorarray" file="src/pymortests/vectorarray.py" line="804" name="test_iadd[compatible_vector_array_pair5-&lt;lambda&gt;18]" time="0.0023937225341796875"></testcase><testcase classname="src.pymortests.vectorarray" file="src/pymortests/vectorarray.py" line="804" name="test_iadd[compatible_vector_array_pair5-&lt;lambda&gt;19]" time="0.0025551319122314453"></testcase><testcase classname="src.pymortests.vectorarray" file="src/pymortests/vectorarray.py" line="804" name="test_iadd[compatible_vector_array_pair5-&lt;lambda&gt;20]" time="0.02887439727783203"></testcase><testcase classname="src.pymortests.vectorarray" file="src/pymortests/vectorarray.py" line="804" name="test_iadd[compatible_vector_array_pair5-&lt;lambda&gt;21]" time="0.01935577392578125"></testcase><testcase classname="src.pymortests.vectorarray" file="src/pymortests/vectorarray.py" line="804" name="test_iadd[compatible_vector_array_pair5-&lt;lambda&gt;22]" time="0.054166555404663086"></testcase><testcase classname="src.pymortests.vectorarray" file="src/pymortests/vectorarray.py" line="804" name="test_iadd[compatible_vector_array_pair5-&lt;lambda&gt;23]" time="0.0044896602630615234"></testcase><testcase classname="src.pymortests.vectorarray" file="src/pymortests/vectorarray.py" line="804" name="test_iadd[compatible_vector_array_pair5-&lt;lambda&gt;24]" time="0.001619577407836914"></testcase><testcase classname="src.pymortests.vectorarray" file="src/pymortests/vectorarray.py" line="804" name="test_iadd[compatible_vector_array_pair5-&lt;lambda&gt;25]" time="0.0030090808868408203"></testcase><testcase classname="src.pymortests.vectorarray" file="src/pymortests/vectorarray.py" line="804" name="test_iadd[compatible_vector_array_pair5-&lt;lambda&gt;26]" time="0.027552127838134766"></testcase><testcase classname="src.pymortests.vectorarray" file="src/pymortests/vectorarray.py" line="804" name="test_iadd[compatible_vector_array_pair5-&lt;lambda&gt;27]" time="0.11722064018249512"></testcase><testcase classname="src.pymortests.vectorarray" file="src/pymortests/vectorarray.py" line="804" name="test_iadd[compatible_vector_array_pair5-&lt;lambda&gt;28]" time="0.3147575855255127"></testcase><testcase classname="src.pymortests.vectorarray" file="src/pymortests/vectorarray.py" line="804" name="test_iadd[compatible_vector_array_pair5-&lt;lambda&gt;29]" time="0.010328054428100586"></testcase><testcase classname="src.pymortests.vectorarray" file="src/pymortests/vectorarray.py" line="804" name="test_iadd[compatible_vector_array_pair6-&lt;lambda&gt;0]" time="0.002369403839111328"></testcase><testcase classname="src.pymortests.vectorarray" file="src/pymortests/vectorarray.py" line="804" name="test_iadd[compatible_vector_array_pair6-&lt;lambda&gt;1]" time="0.0017619132995605469"></testcase><testcase classname="src.pymortests.vectorarray" file="src/pymortests/vectorarray.py" line="804" name="test_iadd[compatible_vector_array_pair6-&lt;lambda&gt;2]" time="0.0016422271728515625"></testcase><testcase classname="src.pymortests.vectorarray" file="src/pymortests/vectorarray.py" line="804" name="test_iadd[compatible_vector_array_pair6-&lt;lambda&gt;3]" time="0.001711130142211914"></testcase><testcase classname="src.pymortests.vectorarray" file="src/pymortests/vectorarray.py" line="804" name="test_iadd[compatible_vector_array_pair6-&lt;lambda&gt;4]" time="0.0017192363739013672"></testcase><testcase classname="src.pymortests.vectorarray" file="src/pymortests/vectorarray.py" line="804" name="test_iadd[compatible_vector_array_pair6-&lt;lambda&gt;5]" time="0.0015540122985839844"></testcase><testcase classname="src.pymortests.vectorarray" file="src/pymortests/vectorarray.py" line="804" name="test_iadd[compatible_vector_array_pair6-&lt;lambda&gt;6]" time="0.0015749931335449219"></testcase><testcase classname="src.pymortests.vectorarray" file="src/pymortests/vectorarray.py" line="804" name="test_iadd[compatible_vector_array_pair6-&lt;lambda&gt;7]" time="0.0017781257629394531"></testcase><testcase classname="src.pymortests.vectorarray" file="src/pymortests/vectorarray.py" line="804" name="test_iadd[compatible_vector_array_pair6-&lt;lambda&gt;8]" time="0.002033710479736328"></testcase><testcase classname="src.pymortests.vectorarray" file="src/pymortests/vectorarray.py" line="804" name="test_iadd[compatible_vector_array_pair6-&lt;lambda&gt;9]" time="0.0041272640228271484"></testcase><testcase classname="src.pymortests.vectorarray" file="src/pymortests/vectorarray.py" line="804" name="test_iadd[compatible_vector_array_pair6-&lt;lambda&gt;10]" time="0.007608175277709961"></testcase><testcase classname="src.pymortests.vectorarray" file="src/pymortests/vectorarray.py" line="804" name="test_iadd[compatible_vector_array_pair6-&lt;lambda&gt;11]" time="0.0019176006317138672"></testcase><testcase classname="src.pymortests.vectorarray" file="src/pymortests/vectorarray.py" line="804" name="test_iadd[compatible_vector_array_pair6-&lt;lambda&gt;12]" time="0.002317667007446289"></testcase><testcase classname="src.pymortests.vectorarray" file="src/pymortests/vectorarray.py" line="804" name="test_iadd[compatible_vector_array_pair6-&lt;lambda&gt;13]" time="0.002187967300415039"></testcase><testcase classname="src.pymortests.vectorarray" file="src/pymortests/vectorarray.py" line="804" name="test_iadd[compatible_vector_array_pair6-&lt;lambda&gt;14]" time="0.001865386962890625"></testcase><testcase classname="src.pymortests.vectorarray" file="src/pymortests/vectorarray.py" line="804" name="test_iadd[compatible_vector_array_pair6-&lt;lambda&gt;15]" time="0.002511262893676758"></testcase><testcase classname="src.pymortests.vectorarray" file="src/pymortests/vectorarray.py" line="804" name="test_iadd[compatible_vector_array_pair6-&lt;lambda&gt;16]" time="0.0027184486389160156"></testcase><testcase classname="src.pymortests.vectorarray" file="src/pymortests/vectorarray.py" line="804" name="test_iadd[compatible_vector_array_pair6-&lt;lambda&gt;17]" time="0.0024254322052001953"></testcase><testcase classname="src.pymortests.vectorarray" file="src/pymortests/vectorarray.py" line="804" name="test_iadd[compatible_vector_array_pair6-&lt;lambda&gt;18]" time="0.0024871826171875"></testcase><testcase classname="src.pymortests.vectorarray" file="src/pymortests/vectorarray.py" line="804" name="test_iadd[compatible_vector_array_pair6-&lt;lambda&gt;19]" time="0.0026731491088867188"></testcase><testcase classname="src.pymortests.vectorarray" file="src/pymortests/vectorarray.py" line="804" name="test_iadd[compatible_vector_array_pair6-&lt;lambda&gt;20]" time="0.028542041778564453"></testcase><testcase classname="src.pymortests.vectorarray" file="src/pymortests/vectorarray.py" line="804" name="test_iadd[compatible_vector_array_pair6-&lt;lambda&gt;21]" time="0.019423484802246094"></testcase><testcase classname="src.pymortests.vectorarray" file="src/pymortests/vectorarray.py" line="804" name="test_iadd[compatible_vector_array_pair6-&lt;lambda&gt;22]" time="0.05444025993347168"></testcase><testcase classname="src.pymortests.vectorarray" file="src/pymortests/vectorarray.py" line="804" name="test_iadd[compatible_vector_array_pair6-&lt;lambda&gt;23]" time="0.004219532012939453"></testcase><testcase classname="src.pymortests.vectorarray" file="src/pymortests/vectorarray.py" line="804" name="test_iadd[compatible_vector_array_pair6-&lt;lambda&gt;24]" time="0.0016317367553710938"></testcase><testcase classname="src.pymortests.vectorarray" file="src/pymortests/vectorarray.py" line="804" name="test_iadd[compatible_vector_array_pair6-&lt;lambda&gt;25]" time="0.0029077529907226562"></testcase><testcase classname="src.pymortests.vectorarray" file="src/pymortests/vectorarray.py" line="804" name="test_iadd[compatible_vector_array_pair6-&lt;lambda&gt;26]" time="0.029525279998779297"></testcase><testcase classname="src.pymortests.vectorarray" file="src/pymortests/vectorarray.py" line="804" name="test_iadd[compatible_vector_array_pair6-&lt;lambda&gt;27]" time="0.11732769012451172"></testcase><testcase classname="src.pymortests.vectorarray" file="src/pymortests/vectorarray.py" line="804" name="test_iadd[compatible_vector_array_pair6-&lt;lambda&gt;28]" time="0.31137704849243164"></testcase><testcase classname="src.pymortests.vectorarray" file="src/pymortests/vectorarray.py" line="804" name="test_iadd[compatible_vector_array_pair6-&lt;lambda&gt;29]" time="0.010913372039794922"></testcase><testcase classname="src.pymortests.vectorarray" file="src/pymortests/vectorarray.py" line="804" name="test_iadd[compatible_vector_array_pair7-&lt;lambda&gt;0]" time="0.0023431777954101562"></testcase><testcase classname="src.pymortests.vectorarray" file="src/pymortests/vectorarray.py" line="804" name="test_iadd[compatible_vector_array_pair7-&lt;lambda&gt;1]" time="0.0020084381103515625"></testcase><testcase classname="src.pymortests.vectorarray" file="src/pymortests/vectorarray.py" line="804" name="test_iadd[compatible_vector_array_pair7-&lt;lambda&gt;2]" time="0.002029895782470703"></testcase><testcase classname="src.pymortests.vectorarray" file="src/pymortests/vectorarray.py" line="804" name="test_iadd[compatible_vector_array_pair7-&lt;lambda&gt;3]" time="0.0018732547760009766"></testcase><testcase classname="src.pymortests.vectorarray" file="src/pymortests/vectorarray.py" line="804" name="test_iadd[compatible_vector_array_pair7-&lt;lambda&gt;4]" time="0.0017647743225097656"></testcase><testcase classname="src.pymortests.vectorarray" file="src/pymortests/vectorarray.py" line="804" name="test_iadd[compatible_vector_array_pair7-&lt;lambda&gt;5]" time="0.00165557861328125"></testcase><testcase classname="src.pymortests.vectorarray" file="src/pymortests/vectorarray.py" line="804" name="test_iadd[compatible_vector_array_pair7-&lt;lambda&gt;6]" time="0.0016808509826660156"></testcase><testcase classname="src.pymortests.vectorarray" file="src/pymortests/vectorarray.py" line="804" name="test_iadd[compatible_vector_array_pair7-&lt;lambda&gt;7]" time="0.0016589164733886719"></testcase><testcase classname="src.pymortests.vectorarray" file="src/pymortests/vectorarray.py" line="804" name="test_iadd[compatible_vector_array_pair7-&lt;lambda&gt;8]" time="0.0020189285278320312"></testcase><testcase classname="src.pymortests.vectorarray" file="src/pymortests/vectorarray.py" line="804" name="test_iadd[compatible_vector_array_pair7-&lt;lambda&gt;9]" time="0.004160404205322266"></testcase><testcase classname="src.pymortests.vectorarray" file="src/pymortests/vectorarray.py" line="804" name="test_iadd[compatible_vector_array_pair7-&lt;lambda&gt;10]" time="0.007302761077880859"></testcase><testcase classname="src.pymortests.vectorarray" file="src/pymortests/vectorarray.py" line="804" name="test_iadd[compatible_vector_array_pair7-&lt;lambda&gt;11]" time="0.002190113067626953"></testcase><testcase classname="src.pymortests.vectorarray" file="src/pymortests/vectorarray.py" line="804" name="test_iadd[compatible_vector_array_pair7-&lt;lambda&gt;12]" time="0.0022590160369873047"></testcase><testcase classname="src.pymortests.vectorarray" file="src/pymortests/vectorarray.py" line="804" name="test_iadd[compatible_vector_array_pair7-&lt;lambda&gt;13]" time="0.0023436546325683594"></testcase><testcase classname="src.pymortests.vectorarray" file="src/pymortests/vectorarray.py" line="804" name="test_iadd[compatible_vector_array_pair7-&lt;lambda&gt;14]" time="0.0021772384643554688"></testcase><testcase classname="src.pymortests.vectorarray" file="src/pymortests/vectorarray.py" line="804" name="test_iadd[compatible_vector_array_pair7-&lt;lambda&gt;15]" time="0.0023658275604248047"></testcase><testcase classname="src.pymortests.vectorarray" file="src/pymortests/vectorarray.py" line="804" name="test_iadd[compatible_vector_array_pair7-&lt;lambda&gt;16]" time="0.0029909610748291016"></testcase><testcase classname="src.pymortests.vectorarray" file="src/pymortests/vectorarray.py" line="804" name="test_iadd[compatible_vector_array_pair7-&lt;lambda&gt;17]" time="0.0023152828216552734"></testcase><testcase classname="src.pymortests.vectorarray" file="src/pymortests/vectorarray.py" line="804" name="test_iadd[compatible_vector_array_pair7-&lt;lambda&gt;18]" time="0.002335786819458008"></testcase><testcase classname="src.pymortests.vectorarray" file="src/pymortests/vectorarray.py" line="804" name="test_iadd[compatible_vector_array_pair7-&lt;lambda&gt;19]" time="0.002675294876098633"></testcase><testcase classname="src.pymortests.vectorarray" file="src/pymortests/vectorarray.py" line="804" name="test_iadd[compatible_vector_array_pair7-&lt;lambda&gt;20]" time="0.02891397476196289"></testcase><testcase classname="src.pymortests.vectorarray" file="src/pymortests/vectorarray.py" line="804" name="test_iadd[compatible_vector_array_pair7-&lt;lambda&gt;21]" time="0.019143342971801758"></testcase><testcase classname="src.pymortests.vectorarray" file="src/pymortests/vectorarray.py" line="804" name="test_iadd[compatible_vector_array_pair7-&lt;lambda&gt;22]" time="0.055431365966796875"></testcase><testcase classname="src.pymortests.vectorarray" file="src/pymortests/vectorarray.py" line="804" name="test_iadd[compatible_vector_array_pair7-&lt;lambda&gt;23]" time="0.00426173210144043"></testcase><testcase classname="src.pymortests.vectorarray" file="src/pymortests/vectorarray.py" line="804" name="test_iadd[compatible_vector_array_pair7-&lt;lambda&gt;24]" time="0.0017557144165039062"></testcase><testcase classname="src.pymortests.vectorarray" file="src/pymortests/vectorarray.py" line="804" name="test_iadd[compatible_vector_array_pair7-&lt;lambda&gt;25]" time="0.0027387142181396484"></testcase><testcase classname="src.pymortests.vectorarray" file="src/pymortests/vectorarray.py" line="804" name="test_iadd[compatible_vector_array_pair7-&lt;lambda&gt;26]" time="0.027971982955932617"></testcase><testcase classname="src.pymortests.vectorarray" file="src/pymortests/vectorarray.py" line="804" name="test_iadd[compatible_vector_array_pair7-&lt;lambda&gt;27]" time="0.11908435821533203"></testcase><testcase classname="src.pymortests.vectorarray" file="src/pymortests/vectorarray.py" line="804" name="test_iadd[compatible_vector_array_pair7-&lt;lambda&gt;28]" time="0.3301050662994385"></testcase><testcase classname="src.pymortests.vectorarray" file="src/pymortests/vectorarray.py" line="804" name="test_iadd[compatible_vector_array_pair7-&lt;lambda&gt;29]" time="0.010494232177734375"></testcase><testcase classname="src.pymortests.vectorarray" file="src/pymortests/vectorarray.py" line="804" name="test_iadd[compatible_vector_array_pair8-&lt;lambda&gt;0]" time="0.002149820327758789"></testcase><testcase classname="src.pymortests.vectorarray" file="src/pymortests/vectorarray.py" line="804" name="test_iadd[compatible_vector_array_pair8-&lt;lambda&gt;1]" time="0.002041339874267578"></testcase><testcase classname="src.pymortests.vectorarray" file="src/pymortests/vectorarray.py" line="804" name="test_iadd[compatible_vector_array_pair8-&lt;lambda&gt;2]" time="0.0018796920776367188"></testcase><testcase classname="src.pymortests.vectorarray" file="src/pymortests/vectorarray.py" line="804" name="test_iadd[compatible_vector_array_pair8-&lt;lambda&gt;3]" time="0.0019257068634033203"></testcase><testcase classname="src.pymortests.vectorarray" file="src/pymortests/vectorarray.py" line="804" name="test_iadd[compatible_vector_array_pair8-&lt;lambda&gt;4]" time="0.0016710758209228516"></testcase><testcase classname="src.pymortests.vectorarray" file="src/pymortests/vectorarray.py" line="804" name="test_iadd[compatible_vector_array_pair8-&lt;lambda&gt;5]" time="0.0016558170318603516"></testcase><testcase classname="src.pymortests.vectorarray" file="src/pymortests/vectorarray.py" line="804" name="test_iadd[compatible_vector_array_pair8-&lt;lambda&gt;6]" time="0.0015344619750976562"></testcase><testcase classname="src.pymortests.vectorarray" file="src/pymortests/vectorarray.py" line="804" name="test_iadd[compatible_vector_array_pair8-&lt;lambda&gt;7]" time="0.0015838146209716797"></testcase><testcase classname="src.pymortests.vectorarray" file="src/pymortests/vectorarray.py" line="804" name="test_iadd[compatible_vector_array_pair8-&lt;lambda&gt;8]" time="0.0020470619201660156"></testcase><testcase classname="src.pymortests.vectorarray" file="src/pymortests/vectorarray.py" line="804" name="test_iadd[compatible_vector_array_pair8-&lt;lambda&gt;9]" time="0.00426793098449707"></testcase><testcase classname="src.pymortests.vectorarray" file="src/pymortests/vectorarray.py" line="804" name="test_iadd[compatible_vector_array_pair8-&lt;lambda&gt;10]" time="0.0076847076416015625"></testcase><testcase classname="src.pymortests.vectorarray" file="src/pymortests/vectorarray.py" line="804" name="test_iadd[compatible_vector_array_pair8-&lt;lambda&gt;11]" time="0.002107381820678711"></testcase><testcase classname="src.pymortests.vectorarray" file="src/pymortests/vectorarray.py" line="804" name="test_iadd[compatible_vector_array_pair8-&lt;lambda&gt;12]" time="0.002022266387939453"></testcase><testcase classname="src.pymortests.vectorarray" file="src/pymortests/vectorarray.py" line="804" name="test_iadd[compatible_vector_array_pair8-&lt;lambda&gt;13]" time="0.002156972885131836"></testcase><testcase classname="src.pymortests.vectorarray" file="src/pymortests/vectorarray.py" line="804" name="test_iadd[compatible_vector_array_pair8-&lt;lambda&gt;14]" time="0.0022470951080322266"></testcase><testcase classname="src.pymortests.vectorarray" file="src/pymortests/vectorarray.py" line="804" name="test_iadd[compatible_vector_array_pair8-&lt;lambda&gt;15]" time="0.0023238658905029297"></testcase><testcase classname="src.pymortests.vectorarray" file="src/pymortests/vectorarray.py" line="804" name="test_iadd[compatible_vector_array_pair8-&lt;lambda&gt;16]" time="0.002916097640991211"></testcase><testcase classname="src.pymortests.vectorarray" file="src/pymortests/vectorarray.py" line="804" name="test_iadd[compatible_vector_array_pair8-&lt;lambda&gt;17]" time="0.0026106834411621094"></testcase><testcase classname="src.pymortests.vectorarray" file="src/pymortests/vectorarray.py" line="804" name="test_iadd[compatible_vector_array_pair8-&lt;lambda&gt;18]" time="0.0024213790893554688"></testcase><testcase classname="src.pymortests.vectorarray" file="src/pymortests/vectorarray.py" line="804" name="test_iadd[compatible_vector_array_pair8-&lt;lambda&gt;19]" time="0.0029876232147216797"></testcase><testcase classname="src.pymortests.vectorarray" file="src/pymortests/vectorarray.py" line="804" name="test_iadd[compatible_vector_array_pair8-&lt;lambda&gt;20]" time="0.02848362922668457"></testcase><testcase classname="src.pymortests.vectorarray" file="src/pymortests/vectorarray.py" line="804" name="test_iadd[compatible_vector_array_pair8-&lt;lambda&gt;21]" time="0.019288063049316406"></testcase><testcase classname="src.pymortests.vectorarray" file="src/pymortests/vectorarray.py" line="804" name="test_iadd[compatible_vector_array_pair8-&lt;lambda&gt;22]" time="0.05513119697570801"></testcase><testcase classname="src.pymortests.vectorarray" file="src/pymortests/vectorarray.py" line="804" name="test_iadd[compatible_vector_array_pair8-&lt;lambda&gt;23]" time="0.004294157028198242"></testcase><testcase classname="src.pymortests.vectorarray" file="src/pymortests/vectorarray.py" line="804" name="test_iadd[compatible_vector_array_pair8-&lt;lambda&gt;24]" time="0.0017998218536376953"></testcase><testcase classname="src.pymortests.vectorarray" file="src/pymortests/vectorarray.py" line="804" name="test_iadd[compatible_vector_array_pair8-&lt;lambda&gt;25]" time="0.002565622329711914"></testcase><testcase classname="src.pymortests.vectorarray" file="src/pymortests/vectorarray.py" line="804" name="test_iadd[compatible_vector_array_pair8-&lt;lambda&gt;26]" time="0.02869725227355957"></testcase><testcase classname="src.pymortests.vectorarray" file="src/pymortests/vectorarray.py" line="804" name="test_iadd[compatible_vector_array_pair8-&lt;lambda&gt;27]" time="0.11798644065856934"></testcase><testcase classname="src.pymortests.vectorarray" file="src/pymortests/vectorarray.py" line="804" name="test_iadd[compatible_vector_array_pair8-&lt;lambda&gt;28]" time="0.31803154945373535"></testcase><testcase classname="src.pymortests.vectorarray" file="src/pymortests/vectorarray.py" line="804" name="test_iadd[compatible_vector_array_pair8-&lt;lambda&gt;29]" time="0.010679244995117188"></testcase><testcase classname="src.pymortests.vectorarray" file="src/pymortests/vectorarray.py" line="816" name="test_sub[compatible_vector_array_pair0-&lt;lambda&gt;0]" time="0.0023069381713867188"></testcase><testcase classname="src.pymortests.vectorarray" file="src/pymortests/vectorarray.py" line="816" name="test_sub[compatible_vector_array_pair0-&lt;lambda&gt;1]" time="0.0018506050109863281"></testcase><testcase classname="src.pymortests.vectorarray" file="src/pymortests/vectorarray.py" line="816" name="test_sub[compatible_vector_array_pair0-&lt;lambda&gt;2]" time="0.002031564712524414"></testcase><testcase classname="src.pymortests.vectorarray" file="src/pymortests/vectorarray.py" line="816" name="test_sub[compatible_vector_array_pair0-&lt;lambda&gt;3]" time="0.0019328594207763672"></testcase><testcase classname="src.pymortests.vectorarray" file="src/pymortests/vectorarray.py" line="816" name="test_sub[compatible_vector_array_pair0-&lt;lambda&gt;4]" time="0.0017895698547363281"></testcase><testcase classname="src.pymortests.vectorarray" file="src/pymortests/vectorarray.py" line="816" name="test_sub[compatible_vector_array_pair0-&lt;lambda&gt;5]" time="0.0015993118286132812"></testcase><testcase classname="src.pymortests.vectorarray" file="src/pymortests/vectorarray.py" line="816" name="test_sub[compatible_vector_array_pair0-&lt;lambda&gt;6]" time="0.0014564990997314453"></testcase><testcase classname="src.pymortests.vectorarray" file="src/pymortests/vectorarray.py" line="816" name="test_sub[compatible_vector_array_pair0-&lt;lambda&gt;7]" time="0.001810312271118164"></testcase><testcase classname="src.pymortests.vectorarray" file="src/pymortests/vectorarray.py" line="816" name="test_sub[compatible_vector_array_pair0-&lt;lambda&gt;8]" time="0.0020623207092285156"></testcase><testcase classname="src.pymortests.vectorarray" file="src/pymortests/vectorarray.py" line="816" name="test_sub[compatible_vector_array_pair0-&lt;lambda&gt;9]" time="0.005206108093261719"></testcase><testcase classname="src.pymortests.vectorarray" file="src/pymortests/vectorarray.py" line="816" name="test_sub[compatible_vector_array_pair0-&lt;lambda&gt;10]" time="0.01049494743347168"></testcase><testcase classname="src.pymortests.vectorarray" file="src/pymortests/vectorarray.py" line="816" name="test_sub[compatible_vector_array_pair0-&lt;lambda&gt;11]" time="0.002116680145263672"></testcase><testcase classname="src.pymortests.vectorarray" file="src/pymortests/vectorarray.py" line="816" name="test_sub[compatible_vector_array_pair0-&lt;lambda&gt;12]" time="0.0020508766174316406"></testcase><testcase classname="src.pymortests.vectorarray" file="src/pymortests/vectorarray.py" line="816" name="test_sub[compatible_vector_array_pair0-&lt;lambda&gt;13]" time="0.0024602413177490234"></testcase><testcase classname="src.pymortests.vectorarray" file="src/pymortests/vectorarray.py" line="816" name="test_sub[compatible_vector_array_pair0-&lt;lambda&gt;14]" time="0.0020623207092285156"></testcase><testcase classname="src.pymortests.vectorarray" file="src/pymortests/vectorarray.py" line="816" name="test_sub[compatible_vector_array_pair0-&lt;lambda&gt;15]" time="0.002621889114379883"></testcase><testcase classname="src.pymortests.vectorarray" file="src/pymortests/vectorarray.py" line="816" name="test_sub[compatible_vector_array_pair0-&lt;lambda&gt;16]" time="0.0031239986419677734"></testcase><testcase classname="src.pymortests.vectorarray" file="src/pymortests/vectorarray.py" line="816" name="test_sub[compatible_vector_array_pair0-&lt;lambda&gt;17]" time="0.003187894821166992"></testcase><testcase classname="src.pymortests.vectorarray" file="src/pymortests/vectorarray.py" line="816" name="test_sub[compatible_vector_array_pair0-&lt;lambda&gt;18]" time="0.0025255680084228516"></testcase><testcase classname="src.pymortests.vectorarray" file="src/pymortests/vectorarray.py" line="816" name="test_sub[compatible_vector_array_pair0-&lt;lambda&gt;19]" time="0.002609729766845703"></testcase><testcase classname="src.pymortests.vectorarray" file="src/pymortests/vectorarray.py" line="816" name="test_sub[compatible_vector_array_pair0-&lt;lambda&gt;20]" time="0.030350208282470703"></testcase><testcase classname="src.pymortests.vectorarray" file="src/pymortests/vectorarray.py" line="816" name="test_sub[compatible_vector_array_pair0-&lt;lambda&gt;21]" time="0.023984909057617188"></testcase><testcase classname="src.pymortests.vectorarray" file="src/pymortests/vectorarray.py" line="816" name="test_sub[compatible_vector_array_pair0-&lt;lambda&gt;22]" time="0.07251405715942383"></testcase><testcase classname="src.pymortests.vectorarray" file="src/pymortests/vectorarray.py" line="816" name="test_sub[compatible_vector_array_pair0-&lt;lambda&gt;23]" time="0.005173683166503906"></testcase><testcase classname="src.pymortests.vectorarray" file="src/pymortests/vectorarray.py" line="816" name="test_sub[compatible_vector_array_pair0-&lt;lambda&gt;24]" time="0.0019412040710449219"></testcase><testcase classname="src.pymortests.vectorarray" file="src/pymortests/vectorarray.py" line="816" name="test_sub[compatible_vector_array_pair0-&lt;lambda&gt;25]" time="0.0034546852111816406"></testcase><testcase classname="src.pymortests.vectorarray" file="src/pymortests/vectorarray.py" line="816" name="test_sub[compatible_vector_array_pair0-&lt;lambda&gt;26]" time="0.031891584396362305"></testcase><testcase classname="src.pymortests.vectorarray" file="src/pymortests/vectorarray.py" line="816" name="test_sub[compatible_vector_array_pair0-&lt;lambda&gt;27]" time="0.1474461555480957"></testcase><testcase classname="src.pymortests.vectorarray" file="src/pymortests/vectorarray.py" line="816" name="test_sub[compatible_vector_array_pair0-&lt;lambda&gt;28]" time="0.38590049743652344"></testcase><testcase classname="src.pymortests.vectorarray" file="src/pymortests/vectorarray.py" line="816" name="test_sub[compatible_vector_array_pair0-&lt;lambda&gt;29]" time="0.012131214141845703"></testcase><testcase classname="src.pymortests.vectorarray" file="src/pymortests/vectorarray.py" line="816" name="test_sub[compatible_vector_array_pair1-&lt;lambda&gt;0]" time="0.002447843551635742"></testcase><testcase classname="src.pymortests.vectorarray" file="src/pymortests/vectorarray.py" line="816" name="test_sub[compatible_vector_array_pair1-&lt;lambda&gt;1]" time="0.0017101764678955078"></testcase><testcase classname="src.pymortests.vectorarray" file="src/pymortests/vectorarray.py" line="816" name="test_sub[compatible_vector_array_pair1-&lt;lambda&gt;2]" time="0.0017554759979248047"></testcase><testcase classname="src.pymortests.vectorarray" file="src/pymortests/vectorarray.py" line="816" name="test_sub[compatible_vector_array_pair1-&lt;lambda&gt;3]" time="0.001798391342163086"></testcase><testcase classname="src.pymortests.vectorarray" file="src/pymortests/vectorarray.py" line="816" name="test_sub[compatible_vector_array_pair1-&lt;lambda&gt;4]" time="0.001996278762817383"></testcase><testcase classname="src.pymortests.vectorarray" file="src/pymortests/vectorarray.py" line="816" name="test_sub[compatible_vector_array_pair1-&lt;lambda&gt;5]" time="0.0020165443420410156"></testcase><testcase classname="src.pymortests.vectorarray" file="src/pymortests/vectorarray.py" line="816" name="test_sub[compatible_vector_array_pair1-&lt;lambda&gt;6]" time="0.0017673969268798828"></testcase><testcase classname="src.pymortests.vectorarray" file="src/pymortests/vectorarray.py" line="816" name="test_sub[compatible_vector_array_pair1-&lt;lambda&gt;7]" time="0.0019023418426513672"></testcase><testcase classname="src.pymortests.vectorarray" file="src/pymortests/vectorarray.py" line="816" name="test_sub[compatible_vector_array_pair1-&lt;lambda&gt;8]" time="0.0021491050720214844"></testcase><testcase classname="src.pymortests.vectorarray" file="src/pymortests/vectorarray.py" line="816" name="test_sub[compatible_vector_array_pair1-&lt;lambda&gt;9]" time="0.005063056945800781"></testcase><testcase classname="src.pymortests.vectorarray" file="src/pymortests/vectorarray.py" line="816" name="test_sub[compatible_vector_array_pair1-&lt;lambda&gt;10]" time="0.01050114631652832"></testcase><testcase classname="src.pymortests.vectorarray" file="src/pymortests/vectorarray.py" line="816" name="test_sub[compatible_vector_array_pair1-&lt;lambda&gt;11]" time="0.0022051334381103516"></testcase><testcase classname="src.pymortests.vectorarray" file="src/pymortests/vectorarray.py" line="816" name="test_sub[compatible_vector_array_pair1-&lt;lambda&gt;12]" time="0.002213001251220703"></testcase><testcase classname="src.pymortests.vectorarray" file="src/pymortests/vectorarray.py" line="816" name="test_sub[compatible_vector_array_pair1-&lt;lambda&gt;13]" time="0.0025429725646972656"></testcase><testcase classname="src.pymortests.vectorarray" file="src/pymortests/vectorarray.py" line="816" name="test_sub[compatible_vector_array_pair1-&lt;lambda&gt;14]" time="0.0021445751190185547"></testcase><testcase classname="src.pymortests.vectorarray" file="src/pymortests/vectorarray.py" line="816" name="test_sub[compatible_vector_array_pair1-&lt;lambda&gt;15]" time="0.0026705265045166016"></testcase><testcase classname="src.pymortests.vectorarray" file="src/pymortests/vectorarray.py" line="816" name="test_sub[compatible_vector_array_pair1-&lt;lambda&gt;16]" time="0.0030965805053710938"></testcase><testcase classname="src.pymortests.vectorarray" file="src/pymortests/vectorarray.py" line="816" name="test_sub[compatible_vector_array_pair1-&lt;lambda&gt;17]" time="0.002711772918701172"></testcase><testcase classname="src.pymortests.vectorarray" file="src/pymortests/vectorarray.py" line="816" name="test_sub[compatible_vector_array_pair1-&lt;lambda&gt;18]" time="0.0024454593658447266"></testcase><testcase classname="src.pymortests.vectorarray" file="src/pymortests/vectorarray.py" line="816" name="test_sub[compatible_vector_array_pair1-&lt;lambda&gt;19]" time="0.002758502960205078"></testcase><testcase classname="src.pymortests.vectorarray" file="src/pymortests/vectorarray.py" line="816" name="test_sub[compatible_vector_array_pair1-&lt;lambda&gt;20]" time="0.02861309051513672"></testcase><testcase classname="src.pymortests.vectorarray" file="src/pymortests/vectorarray.py" line="816" name="test_sub[compatible_vector_array_pair1-&lt;lambda&gt;21]" time="0.024948835372924805"></testcase><testcase classname="src.pymortests.vectorarray" file="src/pymortests/vectorarray.py" line="816" name="test_sub[compatible_vector_array_pair1-&lt;lambda&gt;22]" time="0.0636439323425293"></testcase><testcase classname="src.pymortests.vectorarray" file="src/pymortests/vectorarray.py" line="816" name="test_sub[compatible_vector_array_pair1-&lt;lambda&gt;23]" time="0.0044231414794921875"></testcase><testcase classname="src.pymortests.vectorarray" file="src/pymortests/vectorarray.py" line="816" name="test_sub[compatible_vector_array_pair1-&lt;lambda&gt;24]" time="0.0017230510711669922"></testcase><testcase classname="src.pymortests.vectorarray" file="src/pymortests/vectorarray.py" line="816" name="test_sub[compatible_vector_array_pair1-&lt;lambda&gt;25]" time="0.0026674270629882812"></testcase><testcase classname="src.pymortests.vectorarray" file="src/pymortests/vectorarray.py" line="816" name="test_sub[compatible_vector_array_pair1-&lt;lambda&gt;26]" time="0.029458045959472656"></testcase><testcase classname="src.pymortests.vectorarray" file="src/pymortests/vectorarray.py" line="816" name="test_sub[compatible_vector_array_pair1-&lt;lambda&gt;27]" time="0.1449596881866455"></testcase><testcase classname="src.pymortests.vectorarray" file="src/pymortests/vectorarray.py" line="816" name="test_sub[compatible_vector_array_pair1-&lt;lambda&gt;28]" time="0.3944728374481201"></testcase><testcase classname="src.pymortests.vectorarray" file="src/pymortests/vectorarray.py" line="816" name="test_sub[compatible_vector_array_pair1-&lt;lambda&gt;29]" time="0.012511253356933594"></testcase><testcase classname="src.pymortests.vectorarray" file="src/pymortests/vectorarray.py" line="816" name="test_sub[compatible_vector_array_pair2-&lt;lambda&gt;0]" time="0.0024023056030273438"></testcase><testcase classname="src.pymortests.vectorarray" file="src/pymortests/vectorarray.py" line="816" name="test_sub[compatible_vector_array_pair2-&lt;lambda&gt;1]" time="0.0019953250885009766"></testcase><testcase classname="src.pymortests.vectorarray" file="src/pymortests/vectorarray.py" line="816" name="test_sub[compatible_vector_array_pair2-&lt;lambda&gt;2]" time="0.002057790756225586"></testcase><testcase classname="src.pymortests.vectorarray" file="src/pymortests/vectorarray.py" line="816" name="test_sub[compatible_vector_array_pair2-&lt;lambda&gt;3]" time="0.0018794536590576172"></testcase><testcase classname="src.pymortests.vectorarray" file="src/pymortests/vectorarray.py" line="816" name="test_sub[compatible_vector_array_pair2-&lt;lambda&gt;4]" time="0.0018112659454345703"></testcase><testcase classname="src.pymortests.vectorarray" file="src/pymortests/vectorarray.py" line="816" name="test_sub[compatible_vector_array_pair2-&lt;lambda&gt;5]" time="0.001661539077758789"></testcase><testcase classname="src.pymortests.vectorarray" file="src/pymortests/vectorarray.py" line="816" name="test_sub[compatible_vector_array_pair2-&lt;lambda&gt;6]" time="0.00152587890625"></testcase><testcase classname="src.pymortests.vectorarray" file="src/pymortests/vectorarray.py" line="816" name="test_sub[compatible_vector_array_pair2-&lt;lambda&gt;7]" time="0.002097606658935547"></testcase><testcase classname="src.pymortests.vectorarray" file="src/pymortests/vectorarray.py" line="816" name="test_sub[compatible_vector_array_pair2-&lt;lambda&gt;8]" time="0.002124786376953125"></testcase><testcase classname="src.pymortests.vectorarray" file="src/pymortests/vectorarray.py" line="816" name="test_sub[compatible_vector_array_pair2-&lt;lambda&gt;9]" time="0.0056149959564208984"></testcase><testcase classname="src.pymortests.vectorarray" file="src/pymortests/vectorarray.py" line="816" name="test_sub[compatible_vector_array_pair2-&lt;lambda&gt;10]" time="0.010514259338378906"></testcase><testcase classname="src.pymortests.vectorarray" file="src/pymortests/vectorarray.py" line="816" name="test_sub[compatible_vector_array_pair2-&lt;lambda&gt;11]" time="0.0025055408477783203"></testcase><testcase classname="src.pymortests.vectorarray" file="src/pymortests/vectorarray.py" line="816" name="test_sub[compatible_vector_array_pair2-&lt;lambda&gt;12]" time="0.0020759105682373047"></testcase><testcase classname="src.pymortests.vectorarray" file="src/pymortests/vectorarray.py" line="816" name="test_sub[compatible_vector_array_pair2-&lt;lambda&gt;13]" time="0.0022814273834228516"></testcase><testcase classname="src.pymortests.vectorarray" file="src/pymortests/vectorarray.py" line="816" name="test_sub[compatible_vector_array_pair2-&lt;lambda&gt;14]" time="0.0021529197692871094"></testcase><testcase classname="src.pymortests.vectorarray" file="src/pymortests/vectorarray.py" line="816" name="test_sub[compatible_vector_array_pair2-&lt;lambda&gt;15]" time="0.002608060836791992"></testcase><testcase classname="src.pymortests.vectorarray" file="src/pymortests/vectorarray.py" line="816" name="test_sub[compatible_vector_array_pair2-&lt;lambda&gt;16]" time="0.0028166770935058594"></testcase><testcase classname="src.pymortests.vectorarray" file="src/pymortests/vectorarray.py" line="816" name="test_sub[compatible_vector_array_pair2-&lt;lambda&gt;17]" time="0.003173828125"></testcase><testcase classname="src.pymortests.vectorarray" file="src/pymortests/vectorarray.py" line="816" name="test_sub[compatible_vector_array_pair2-&lt;lambda&gt;18]" time="0.002432584762573242"></testcase><testcase classname="src.pymortests.vectorarray" file="src/pymortests/vectorarray.py" line="816" name="test_sub[compatible_vector_array_pair2-&lt;lambda&gt;19]" time="0.0024995803833007812"></testcase><testcase classname="src.pymortests.vectorarray" file="src/pymortests/vectorarray.py" line="816" name="test_sub[compatible_vector_array_pair2-&lt;lambda&gt;20]" time="0.02908492088317871"></testcase><testcase classname="src.pymortests.vectorarray" file="src/pymortests/vectorarray.py" line="816" name="test_sub[compatible_vector_array_pair2-&lt;lambda&gt;21]" time="0.02049565315246582"></testcase><testcase classname="src.pymortests.vectorarray" file="src/pymortests/vectorarray.py" line="816" name="test_sub[compatible_vector_array_pair2-&lt;lambda&gt;22]" time="0.05993485450744629"></testcase><testcase classname="src.pymortests.vectorarray" file="src/pymortests/vectorarray.py" line="816" name="test_sub[compatible_vector_array_pair2-&lt;lambda&gt;23]" time="0.004647970199584961"></testcase><testcase classname="src.pymortests.vectorarray" file="src/pymortests/vectorarray.py" line="816" name="test_sub[compatible_vector_array_pair2-&lt;lambda&gt;24]" time="0.0016047954559326172"></testcase><testcase classname="src.pymortests.vectorarray" file="src/pymortests/vectorarray.py" line="816" name="test_sub[compatible_vector_array_pair2-&lt;lambda&gt;25]" time="0.0025632381439208984"></testcase><testcase classname="src.pymortests.vectorarray" file="src/pymortests/vectorarray.py" line="816" name="test_sub[compatible_vector_array_pair2-&lt;lambda&gt;26]" time="0.02823495864868164"></testcase><testcase classname="src.pymortests.vectorarray" file="src/pymortests/vectorarray.py" line="816" name="test_sub[compatible_vector_array_pair2-&lt;lambda&gt;27]" time="0.14267563819885254"></testcase><testcase classname="src.pymortests.vectorarray" file="src/pymortests/vectorarray.py" line="816" name="test_sub[compatible_vector_array_pair2-&lt;lambda&gt;28]" time="0.38841676712036133"></testcase><testcase classname="src.pymortests.vectorarray" file="src/pymortests/vectorarray.py" line="816" name="test_sub[compatible_vector_array_pair2-&lt;lambda&gt;29]" time="0.012812137603759766"></testcase><testcase classname="src.pymortests.vectorarray" file="src/pymortests/vectorarray.py" line="816" name="test_sub[compatible_vector_array_pair3-&lt;lambda&gt;0]" time="0.0025022029876708984"></testcase><testcase classname="src.pymortests.vectorarray" file="src/pymortests/vectorarray.py" line="816" name="test_sub[compatible_vector_array_pair3-&lt;lambda&gt;1]" time="0.0019276142120361328"></testcase><testcase classname="src.pymortests.vectorarray" file="src/pymortests/vectorarray.py" line="816" name="test_sub[compatible_vector_array_pair3-&lt;lambda&gt;2]" time="0.0020148754119873047"></testcase><testcase classname="src.pymortests.vectorarray" file="src/pymortests/vectorarray.py" line="816" name="test_sub[compatible_vector_array_pair3-&lt;lambda&gt;3]" time="0.0020906925201416016"></testcase><testcase classname="src.pymortests.vectorarray" file="src/pymortests/vectorarray.py" line="816" name="test_sub[compatible_vector_array_pair3-&lt;lambda&gt;4]" time="0.002093791961669922"></testcase><testcase classname="src.pymortests.vectorarray" file="src/pymortests/vectorarray.py" line="816" name="test_sub[compatible_vector_array_pair3-&lt;lambda&gt;5]" time="0.0016121864318847656"></testcase><testcase classname="src.pymortests.vectorarray" file="src/pymortests/vectorarray.py" line="816" name="test_sub[compatible_vector_array_pair3-&lt;lambda&gt;6]" time="0.0016033649444580078"></testcase><testcase classname="src.pymortests.vectorarray" file="src/pymortests/vectorarray.py" line="816" name="test_sub[compatible_vector_array_pair3-&lt;lambda&gt;7]" time="0.0020003318786621094"></testcase><testcase classname="src.pymortests.vectorarray" file="src/pymortests/vectorarray.py" line="816" name="test_sub[compatible_vector_array_pair3-&lt;lambda&gt;8]" time="0.0020580291748046875"></testcase><testcase classname="src.pymortests.vectorarray" file="src/pymortests/vectorarray.py" line="816" name="test_sub[compatible_vector_array_pair3-&lt;lambda&gt;9]" time="0.005223512649536133"></testcase><testcase classname="src.pymortests.vectorarray" file="src/pymortests/vectorarray.py" line="816" name="test_sub[compatible_vector_array_pair3-&lt;lambda&gt;10]" time="0.010396480560302734"></testcase><testcase classname="src.pymortests.vectorarray" file="src/pymortests/vectorarray.py" line="816" name="test_sub[compatible_vector_array_pair3-&lt;lambda&gt;11]" time="0.002851247787475586"></testcase><testcase classname="src.pymortests.vectorarray" file="src/pymortests/vectorarray.py" line="816" name="test_sub[compatible_vector_array_pair3-&lt;lambda&gt;12]" time="0.0021941661834716797"></testcase><testcase classname="src.pymortests.vectorarray" file="src/pymortests/vectorarray.py" line="816" name="test_sub[compatible_vector_array_pair3-&lt;lambda&gt;13]" time="0.0024552345275878906"></testcase><testcase classname="src.pymortests.vectorarray" file="src/pymortests/vectorarray.py" line="816" name="test_sub[compatible_vector_array_pair3-&lt;lambda&gt;14]" time="0.002223968505859375"></testcase><testcase classname="src.pymortests.vectorarray" file="src/pymortests/vectorarray.py" line="816" name="test_sub[compatible_vector_array_pair3-&lt;lambda&gt;15]" time="0.002740621566772461"></testcase><testcase classname="src.pymortests.vectorarray" file="src/pymortests/vectorarray.py" line="816" name="test_sub[compatible_vector_array_pair3-&lt;lambda&gt;16]" time="0.003247499465942383"></testcase><testcase classname="src.pymortests.vectorarray" file="src/pymortests/vectorarray.py" line="816" name="test_sub[compatible_vector_array_pair3-&lt;lambda&gt;17]" time="0.002707958221435547"></testcase><testcase classname="src.pymortests.vectorarray" file="src/pymortests/vectorarray.py" line="816" name="test_sub[compatible_vector_array_pair3-&lt;lambda&gt;18]" time="0.0024881362915039062"></testcase><testcase classname="src.pymortests.vectorarray" file="src/pymortests/vectorarray.py" line="816" name="test_sub[compatible_vector_array_pair3-&lt;lambda&gt;19]" time="0.002599000930786133"></testcase><testcase classname="src.pymortests.vectorarray" file="src/pymortests/vectorarray.py" line="816" name="test_sub[compatible_vector_array_pair3-&lt;lambda&gt;20]" time="0.029461383819580078"></testcase><testcase classname="src.pymortests.vectorarray" file="src/pymortests/vectorarray.py" line="816" name="test_sub[compatible_vector_array_pair3-&lt;lambda&gt;21]" time="0.021802902221679688"></testcase><testcase classname="src.pymortests.vectorarray" file="src/pymortests/vectorarray.py" line="816" name="test_sub[compatible_vector_array_pair3-&lt;lambda&gt;22]" time="0.05931878089904785"></testcase><testcase classname="src.pymortests.vectorarray" file="src/pymortests/vectorarray.py" line="816" name="test_sub[compatible_vector_array_pair3-&lt;lambda&gt;23]" time="0.00448298454284668"></testcase><testcase classname="src.pymortests.vectorarray" file="src/pymortests/vectorarray.py" line="816" name="test_sub[compatible_vector_array_pair3-&lt;lambda&gt;24]" time="0.0015788078308105469"></testcase><testcase classname="src.pymortests.vectorarray" file="src/pymortests/vectorarray.py" line="816" name="test_sub[compatible_vector_array_pair3-&lt;lambda&gt;25]" time="0.002627849578857422"></testcase><testcase classname="src.pymortests.vectorarray" file="src/pymortests/vectorarray.py" line="816" name="test_sub[compatible_vector_array_pair3-&lt;lambda&gt;26]" time="0.027933835983276367"></testcase><testcase classname="src.pymortests.vectorarray" file="src/pymortests/vectorarray.py" line="816" name="test_sub[compatible_vector_array_pair3-&lt;lambda&gt;27]" time="0.14382576942443848"></testcase><testcase classname="src.pymortests.vectorarray" file="src/pymortests/vectorarray.py" line="816" name="test_sub[compatible_vector_array_pair3-&lt;lambda&gt;28]" time="0.36293959617614746"></testcase><testcase classname="src.pymortests.vectorarray" file="src/pymortests/vectorarray.py" line="816" name="test_sub[compatible_vector_array_pair3-&lt;lambda&gt;29]" time="0.012293577194213867"></testcase><testcase classname="src.pymortests.vectorarray" file="src/pymortests/vectorarray.py" line="816" name="test_sub[compatible_vector_array_pair4-&lt;lambda&gt;0]" time="0.0025238990783691406"></testcase><testcase classname="src.pymortests.vectorarray" file="src/pymortests/vectorarray.py" line="816" name="test_sub[compatible_vector_array_pair4-&lt;lambda&gt;1]" time="0.002167224884033203"></testcase><testcase classname="src.pymortests.vectorarray" file="src/pymortests/vectorarray.py" line="816" name="test_sub[compatible_vector_array_pair4-&lt;lambda&gt;2]" time="0.0017175674438476562"></testcase><testcase classname="src.pymortests.vectorarray" file="src/pymortests/vectorarray.py" line="816" name="test_sub[compatible_vector_array_pair4-&lt;lambda&gt;3]" time="0.0017740726470947266"></testcase><testcase classname="src.pymortests.vectorarray" file="src/pymortests/vectorarray.py" line="816" name="test_sub[compatible_vector_array_pair4-&lt;lambda&gt;4]" time="0.0015931129455566406"></testcase><testcase classname="src.pymortests.vectorarray" file="src/pymortests/vectorarray.py" line="816" name="test_sub[compatible_vector_array_pair4-&lt;lambda&gt;5]" time="0.0014929771423339844"></testcase><testcase classname="src.pymortests.vectorarray" file="src/pymortests/vectorarray.py" line="816" name="test_sub[compatible_vector_array_pair4-&lt;lambda&gt;6]" time="0.001827239990234375"></testcase><testcase classname="src.pymortests.vectorarray" file="src/pymortests/vectorarray.py" line="816" name="test_sub[compatible_vector_array_pair4-&lt;lambda&gt;7]" time="0.0014886856079101562"></testcase><testcase classname="src.pymortests.vectorarray" file="src/pymortests/vectorarray.py" line="816" name="test_sub[compatible_vector_array_pair4-&lt;lambda&gt;8]" time="0.0020263195037841797"></testcase><testcase classname="src.pymortests.vectorarray" file="src/pymortests/vectorarray.py" line="816" name="test_sub[compatible_vector_array_pair4-&lt;lambda&gt;9]" time="0.0049571990966796875"></testcase><testcase classname="src.pymortests.vectorarray" file="src/pymortests/vectorarray.py" line="816" name="test_sub[compatible_vector_array_pair4-&lt;lambda&gt;10]" time="0.010329484939575195"></testcase><testcase classname="src.pymortests.vectorarray" file="src/pymortests/vectorarray.py" line="816" name="test_sub[compatible_vector_array_pair4-&lt;lambda&gt;11]" time="0.0018229484558105469"></testcase><testcase classname="src.pymortests.vectorarray" file="src/pymortests/vectorarray.py" line="816" name="test_sub[compatible_vector_array_pair4-&lt;lambda&gt;12]" time="0.0019752979278564453"></testcase><testcase classname="src.pymortests.vectorarray" file="src/pymortests/vectorarray.py" line="816" name="test_sub[compatible_vector_array_pair4-&lt;lambda&gt;13]" time="0.002140522003173828"></testcase><testcase classname="src.pymortests.vectorarray" file="src/pymortests/vectorarray.py" line="816" name="test_sub[compatible_vector_array_pair4-&lt;lambda&gt;14]" time="0.002038240432739258"></testcase><testcase classname="src.pymortests.vectorarray" file="src/pymortests/vectorarray.py" line="816" name="test_sub[compatible_vector_array_pair4-&lt;lambda&gt;15]" time="0.002419710159301758"></testcase><testcase classname="src.pymortests.vectorarray" file="src/pymortests/vectorarray.py" line="816" name="test_sub[compatible_vector_array_pair4-&lt;lambda&gt;16]" time="0.002592802047729492"></testcase><testcase classname="src.pymortests.vectorarray" file="src/pymortests/vectorarray.py" line="816" name="test_sub[compatible_vector_array_pair4-&lt;lambda&gt;17]" time="0.002479076385498047"></testcase><testcase classname="src.pymortests.vectorarray" file="src/pymortests/vectorarray.py" line="816" name="test_sub[compatible_vector_array_pair4-&lt;lambda&gt;18]" time="0.002184152603149414"></testcase><testcase classname="src.pymortests.vectorarray" file="src/pymortests/vectorarray.py" line="816" name="test_sub[compatible_vector_array_pair4-&lt;lambda&gt;19]" time="0.0024187564849853516"></testcase><testcase classname="src.pymortests.vectorarray" file="src/pymortests/vectorarray.py" line="816" name="test_sub[compatible_vector_array_pair4-&lt;lambda&gt;20]" time="0.02749013900756836"></testcase><testcase classname="src.pymortests.vectorarray" file="src/pymortests/vectorarray.py" line="816" name="test_sub[compatible_vector_array_pair4-&lt;lambda&gt;21]" time="0.02620553970336914"></testcase><testcase classname="src.pymortests.vectorarray" file="src/pymortests/vectorarray.py" line="816" name="test_sub[compatible_vector_array_pair4-&lt;lambda&gt;22]" time="0.05622982978820801"></testcase><testcase classname="src.pymortests.vectorarray" file="src/pymortests/vectorarray.py" line="816" name="test_sub[compatible_vector_array_pair4-&lt;lambda&gt;23]" time="0.004208087921142578"></testcase><testcase classname="src.pymortests.vectorarray" file="src/pymortests/vectorarray.py" line="816" name="test_sub[compatible_vector_array_pair4-&lt;lambda&gt;24]" time="0.0014655590057373047"></testcase><testcase classname="src.pymortests.vectorarray" file="src/pymortests/vectorarray.py" line="816" name="test_sub[compatible_vector_array_pair4-&lt;lambda&gt;25]" time="0.0023598670959472656"></testcase><testcase classname="src.pymortests.vectorarray" file="src/pymortests/vectorarray.py" line="816" name="test_sub[compatible_vector_array_pair4-&lt;lambda&gt;26]" time="0.025093555450439453"></testcase><testcase classname="src.pymortests.vectorarray" file="src/pymortests/vectorarray.py" line="816" name="test_sub[compatible_vector_array_pair4-&lt;lambda&gt;27]" time="0.1295151710510254"></testcase><testcase classname="src.pymortests.vectorarray" file="src/pymortests/vectorarray.py" line="816" name="test_sub[compatible_vector_array_pair4-&lt;lambda&gt;28]" time="0.3368086814880371"></testcase><testcase classname="src.pymortests.vectorarray" file="src/pymortests/vectorarray.py" line="816" name="test_sub[compatible_vector_array_pair4-&lt;lambda&gt;29]" time="0.010725259780883789"></testcase><testcase classname="src.pymortests.vectorarray" file="src/pymortests/vectorarray.py" line="816" name="test_sub[compatible_vector_array_pair5-&lt;lambda&gt;0]" time="0.002143383026123047"></testcase><testcase classname="src.pymortests.vectorarray" file="src/pymortests/vectorarray.py" line="816" name="test_sub[compatible_vector_array_pair5-&lt;lambda&gt;1]" time="0.0016968250274658203"></testcase><testcase classname="src.pymortests.vectorarray" file="src/pymortests/vectorarray.py" line="816" name="test_sub[compatible_vector_array_pair5-&lt;lambda&gt;2]" time="0.0015408992767333984"></testcase><testcase classname="src.pymortests.vectorarray" file="src/pymortests/vectorarray.py" line="816" name="test_sub[compatible_vector_array_pair5-&lt;lambda&gt;3]" time="0.0016357898712158203"></testcase><testcase classname="src.pymortests.vectorarray" file="src/pymortests/vectorarray.py" line="816" name="test_sub[compatible_vector_array_pair5-&lt;lambda&gt;4]" time="0.0015761852264404297"></testcase><testcase classname="src.pymortests.vectorarray" file="src/pymortests/vectorarray.py" line="816" name="test_sub[compatible_vector_array_pair5-&lt;lambda&gt;5]" time="0.0014166831970214844"></testcase><testcase classname="src.pymortests.vectorarray" file="src/pymortests/vectorarray.py" line="816" name="test_sub[compatible_vector_array_pair5-&lt;lambda&gt;6]" time="0.0014557838439941406"></testcase><testcase classname="src.pymortests.vectorarray" file="src/pymortests/vectorarray.py" line="816" name="test_sub[compatible_vector_array_pair5-&lt;lambda&gt;7]" time="0.0013968944549560547"></testcase><testcase classname="src.pymortests.vectorarray" file="src/pymortests/vectorarray.py" line="816" name="test_sub[compatible_vector_array_pair5-&lt;lambda&gt;8]" time="0.001810312271118164"></testcase><testcase classname="src.pymortests.vectorarray" file="src/pymortests/vectorarray.py" line="816" name="test_sub[compatible_vector_array_pair5-&lt;lambda&gt;9]" time="0.004891872406005859"></testcase><testcase classname="src.pymortests.vectorarray" file="src/pymortests/vectorarray.py" line="816" name="test_sub[compatible_vector_array_pair5-&lt;lambda&gt;10]" time="0.00975179672241211"></testcase><testcase classname="src.pymortests.vectorarray" file="src/pymortests/vectorarray.py" line="816" name="test_sub[compatible_vector_array_pair5-&lt;lambda&gt;11]" time="0.001794576644897461"></testcase><testcase classname="src.pymortests.vectorarray" file="src/pymortests/vectorarray.py" line="816" name="test_sub[compatible_vector_array_pair5-&lt;lambda&gt;12]" time="0.001973867416381836"></testcase><testcase classname="src.pymortests.vectorarray" file="src/pymortests/vectorarray.py" line="816" name="test_sub[compatible_vector_array_pair5-&lt;lambda&gt;13]" time="0.002138376235961914"></testcase><testcase classname="src.pymortests.vectorarray" file="src/pymortests/vectorarray.py" line="816" name="test_sub[compatible_vector_array_pair5-&lt;lambda&gt;14]" time="0.0019519329071044922"></testcase><testcase classname="src.pymortests.vectorarray" file="src/pymortests/vectorarray.py" line="816" name="test_sub[compatible_vector_array_pair5-&lt;lambda&gt;15]" time="0.0029954910278320312"></testcase><testcase classname="src.pymortests.vectorarray" file="src/pymortests/vectorarray.py" line="816" name="test_sub[compatible_vector_array_pair5-&lt;lambda&gt;16]" time="0.003686666488647461"></testcase><testcase classname="src.pymortests.vectorarray" file="src/pymortests/vectorarray.py" line="816" name="test_sub[compatible_vector_array_pair5-&lt;lambda&gt;17]" time="0.003531932830810547"></testcase><testcase classname="src.pymortests.vectorarray" file="src/pymortests/vectorarray.py" line="816" name="test_sub[compatible_vector_array_pair5-&lt;lambda&gt;18]" time="0.0021593570709228516"></testcase><testcase classname="src.pymortests.vectorarray" file="src/pymortests/vectorarray.py" line="816" name="test_sub[compatible_vector_array_pair5-&lt;lambda&gt;19]" time="0.0025064945220947266"></testcase><testcase classname="src.pymortests.vectorarray" file="src/pymortests/vectorarray.py" line="816" name="test_sub[compatible_vector_array_pair5-&lt;lambda&gt;20]" time="0.027184247970581055"></testcase><testcase classname="src.pymortests.vectorarray" file="src/pymortests/vectorarray.py" line="816" name="test_sub[compatible_vector_array_pair5-&lt;lambda&gt;21]" time="0.01960134506225586"></testcase><testcase classname="src.pymortests.vectorarray" file="src/pymortests/vectorarray.py" line="816" name="test_sub[compatible_vector_array_pair5-&lt;lambda&gt;22]" time="0.05474400520324707"></testcase><testcase classname="src.pymortests.vectorarray" file="src/pymortests/vectorarray.py" line="816" name="test_sub[compatible_vector_array_pair5-&lt;lambda&gt;23]" time="0.0039691925048828125"></testcase><testcase classname="src.pymortests.vectorarray" file="src/pymortests/vectorarray.py" line="816" name="test_sub[compatible_vector_array_pair5-&lt;lambda&gt;24]" time="0.0013413429260253906"></testcase><testcase classname="src.pymortests.vectorarray" file="src/pymortests/vectorarray.py" line="816" name="test_sub[compatible_vector_array_pair5-&lt;lambda&gt;25]" time="0.0024263858795166016"></testcase><testcase classname="src.pymortests.vectorarray" file="src/pymortests/vectorarray.py" line="816" name="test_sub[compatible_vector_array_pair5-&lt;lambda&gt;26]" time="0.02551889419555664"></testcase><testcase classname="src.pymortests.vectorarray" file="src/pymortests/vectorarray.py" line="816" name="test_sub[compatible_vector_array_pair5-&lt;lambda&gt;27]" time="0.1269235610961914"></testcase><testcase classname="src.pymortests.vectorarray" file="src/pymortests/vectorarray.py" line="816" name="test_sub[compatible_vector_array_pair5-&lt;lambda&gt;28]" time="0.33240318298339844"></testcase><testcase classname="src.pymortests.vectorarray" file="src/pymortests/vectorarray.py" line="816" name="test_sub[compatible_vector_array_pair5-&lt;lambda&gt;29]" time="0.010880231857299805"></testcase><testcase classname="src.pymortests.vectorarray" file="src/pymortests/vectorarray.py" line="816" name="test_sub[compatible_vector_array_pair6-&lt;lambda&gt;0]" time="0.002124309539794922"></testcase><testcase classname="src.pymortests.vectorarray" file="src/pymortests/vectorarray.py" line="816" name="test_sub[compatible_vector_array_pair6-&lt;lambda&gt;1]" time="0.0015833377838134766"></testcase><testcase classname="src.pymortests.vectorarray" file="src/pymortests/vectorarray.py" line="816" name="test_sub[compatible_vector_array_pair6-&lt;lambda&gt;2]" time="0.0016012191772460938"></testcase><testcase classname="src.pymortests.vectorarray" file="src/pymortests/vectorarray.py" line="816" name="test_sub[compatible_vector_array_pair6-&lt;lambda&gt;3]" time="0.0015838146209716797"></testcase><testcase classname="src.pymortests.vectorarray" file="src/pymortests/vectorarray.py" line="816" name="test_sub[compatible_vector_array_pair6-&lt;lambda&gt;4]" time="0.0015134811401367188"></testcase><testcase classname="src.pymortests.vectorarray" file="src/pymortests/vectorarray.py" line="816" name="test_sub[compatible_vector_array_pair6-&lt;lambda&gt;5]" time="0.0013954639434814453"></testcase><testcase classname="src.pymortests.vectorarray" file="src/pymortests/vectorarray.py" line="816" name="test_sub[compatible_vector_array_pair6-&lt;lambda&gt;6]" time="0.0014104843139648438"></testcase><testcase classname="src.pymortests.vectorarray" file="src/pymortests/vectorarray.py" line="816" name="test_sub[compatible_vector_array_pair6-&lt;lambda&gt;7]" time="0.0013973712921142578"></testcase><testcase classname="src.pymortests.vectorarray" file="src/pymortests/vectorarray.py" line="816" name="test_sub[compatible_vector_array_pair6-&lt;lambda&gt;8]" time="0.0017733573913574219"></testcase><testcase classname="src.pymortests.vectorarray" file="src/pymortests/vectorarray.py" line="816" name="test_sub[compatible_vector_array_pair6-&lt;lambda&gt;9]" time="0.004911661148071289"></testcase><testcase classname="src.pymortests.vectorarray" file="src/pymortests/vectorarray.py" line="816" name="test_sub[compatible_vector_array_pair6-&lt;lambda&gt;10]" time="0.009388446807861328"></testcase><testcase classname="src.pymortests.vectorarray" file="src/pymortests/vectorarray.py" line="816" name="test_sub[compatible_vector_array_pair6-&lt;lambda&gt;11]" time="0.0017631053924560547"></testcase><testcase classname="src.pymortests.vectorarray" file="src/pymortests/vectorarray.py" line="816" name="test_sub[compatible_vector_array_pair6-&lt;lambda&gt;12]" time="0.001825571060180664"></testcase><testcase classname="src.pymortests.vectorarray" file="src/pymortests/vectorarray.py" line="816" name="test_sub[compatible_vector_array_pair6-&lt;lambda&gt;13]" time="0.0019593238830566406"></testcase><testcase classname="src.pymortests.vectorarray" file="src/pymortests/vectorarray.py" line="816" name="test_sub[compatible_vector_array_pair6-&lt;lambda&gt;14]" time="0.0017800331115722656"></testcase><testcase classname="src.pymortests.vectorarray" file="src/pymortests/vectorarray.py" line="816" name="test_sub[compatible_vector_array_pair6-&lt;lambda&gt;15]" time="0.002385377883911133"></testcase><testcase classname="src.pymortests.vectorarray" file="src/pymortests/vectorarray.py" line="816" name="test_sub[compatible_vector_array_pair6-&lt;lambda&gt;16]" time="0.002618551254272461"></testcase><testcase classname="src.pymortests.vectorarray" file="src/pymortests/vectorarray.py" line="816" name="test_sub[compatible_vector_array_pair6-&lt;lambda&gt;17]" time="0.002359151840209961"></testcase><testcase classname="src.pymortests.vectorarray" file="src/pymortests/vectorarray.py" line="816" name="test_sub[compatible_vector_array_pair6-&lt;lambda&gt;18]" time="0.00238037109375"></testcase><testcase classname="src.pymortests.vectorarray" file="src/pymortests/vectorarray.py" line="816" name="test_sub[compatible_vector_array_pair6-&lt;lambda&gt;19]" time="0.002438068389892578"></testcase><testcase classname="src.pymortests.vectorarray" file="src/pymortests/vectorarray.py" line="816" name="test_sub[compatible_vector_array_pair6-&lt;lambda&gt;20]" time="0.026430606842041016"></testcase><testcase classname="src.pymortests.vectorarray" file="src/pymortests/vectorarray.py" line="816" name="test_sub[compatible_vector_array_pair6-&lt;lambda&gt;21]" time="0.019903182983398438"></testcase><testcase classname="src.pymortests.vectorarray" file="src/pymortests/vectorarray.py" line="816" name="test_sub[compatible_vector_array_pair6-&lt;lambda&gt;22]" time="0.05486321449279785"></testcase><testcase classname="src.pymortests.vectorarray" file="src/pymortests/vectorarray.py" line="816" name="test_sub[compatible_vector_array_pair6-&lt;lambda&gt;23]" time="0.0039560794830322266"></testcase><testcase classname="src.pymortests.vectorarray" file="src/pymortests/vectorarray.py" line="816" name="test_sub[compatible_vector_array_pair6-&lt;lambda&gt;24]" time="0.0013632774353027344"></testcase><testcase classname="src.pymortests.vectorarray" file="src/pymortests/vectorarray.py" line="816" name="test_sub[compatible_vector_array_pair6-&lt;lambda&gt;25]" time="0.0023145675659179688"></testcase><testcase classname="src.pymortests.vectorarray" file="src/pymortests/vectorarray.py" line="816" name="test_sub[compatible_vector_array_pair6-&lt;lambda&gt;26]" time="0.025587797164916992"></testcase><testcase classname="src.pymortests.vectorarray" file="src/pymortests/vectorarray.py" line="816" name="test_sub[compatible_vector_array_pair6-&lt;lambda&gt;27]" time="0.12866735458374023"></testcase><testcase classname="src.pymortests.vectorarray" file="src/pymortests/vectorarray.py" line="816" name="test_sub[compatible_vector_array_pair6-&lt;lambda&gt;28]" time="0.35401248931884766"></testcase><testcase classname="src.pymortests.vectorarray" file="src/pymortests/vectorarray.py" line="816" name="test_sub[compatible_vector_array_pair6-&lt;lambda&gt;29]" time="0.011483192443847656"></testcase><testcase classname="src.pymortests.vectorarray" file="src/pymortests/vectorarray.py" line="816" name="test_sub[compatible_vector_array_pair7-&lt;lambda&gt;0]" time="0.002218961715698242"></testcase><testcase classname="src.pymortests.vectorarray" file="src/pymortests/vectorarray.py" line="816" name="test_sub[compatible_vector_array_pair7-&lt;lambda&gt;1]" time="0.0017862319946289062"></testcase><testcase classname="src.pymortests.vectorarray" file="src/pymortests/vectorarray.py" line="816" name="test_sub[compatible_vector_array_pair7-&lt;lambda&gt;2]" time="0.0017557144165039062"></testcase><testcase classname="src.pymortests.vectorarray" file="src/pymortests/vectorarray.py" line="816" name="test_sub[compatible_vector_array_pair7-&lt;lambda&gt;3]" time="0.0019466876983642578"></testcase><testcase classname="src.pymortests.vectorarray" file="src/pymortests/vectorarray.py" line="816" name="test_sub[compatible_vector_array_pair7-&lt;lambda&gt;4]" time="0.0017626285552978516"></testcase><testcase classname="src.pymortests.vectorarray" file="src/pymortests/vectorarray.py" line="816" name="test_sub[compatible_vector_array_pair7-&lt;lambda&gt;5]" time="0.0015461444854736328"></testcase><testcase classname="src.pymortests.vectorarray" file="src/pymortests/vectorarray.py" line="816" name="test_sub[compatible_vector_array_pair7-&lt;lambda&gt;6]" time="0.0014979839324951172"></testcase><testcase classname="src.pymortests.vectorarray" file="src/pymortests/vectorarray.py" line="816" name="test_sub[compatible_vector_array_pair7-&lt;lambda&gt;7]" time="0.001558065414428711"></testcase><testcase classname="src.pymortests.vectorarray" file="src/pymortests/vectorarray.py" line="816" name="test_sub[compatible_vector_array_pair7-&lt;lambda&gt;8]" time="0.0022644996643066406"></testcase><testcase classname="src.pymortests.vectorarray" file="src/pymortests/vectorarray.py" line="816" name="test_sub[compatible_vector_array_pair7-&lt;lambda&gt;9]" time="0.005420207977294922"></testcase><testcase classname="src.pymortests.vectorarray" file="src/pymortests/vectorarray.py" line="816" name="test_sub[compatible_vector_array_pair7-&lt;lambda&gt;10]" time="0.011330604553222656"></testcase><testcase classname="src.pymortests.vectorarray" file="src/pymortests/vectorarray.py" line="816" name="test_sub[compatible_vector_array_pair7-&lt;lambda&gt;11]" time="0.002917766571044922"></testcase><testcase classname="src.pymortests.vectorarray" file="src/pymortests/vectorarray.py" line="816" name="test_sub[compatible_vector_array_pair7-&lt;lambda&gt;12]" time="0.0022864341735839844"></testcase><testcase classname="src.pymortests.vectorarray" file="src/pymortests/vectorarray.py" line="816" name="test_sub[compatible_vector_array_pair7-&lt;lambda&gt;13]" time="0.0022821426391601562"></testcase><testcase classname="src.pymortests.vectorarray" file="src/pymortests/vectorarray.py" line="816" name="test_sub[compatible_vector_array_pair7-&lt;lambda&gt;14]" time="0.002310037612915039"></testcase><testcase classname="src.pymortests.vectorarray" file="src/pymortests/vectorarray.py" line="816" name="test_sub[compatible_vector_array_pair7-&lt;lambda&gt;15]" time="0.0029077529907226562"></testcase><testcase classname="src.pymortests.vectorarray" file="src/pymortests/vectorarray.py" line="816" name="test_sub[compatible_vector_array_pair7-&lt;lambda&gt;16]" time="0.003104686737060547"></testcase><testcase classname="src.pymortests.vectorarray" file="src/pymortests/vectorarray.py" line="816" name="test_sub[compatible_vector_array_pair7-&lt;lambda&gt;17]" time="0.002779245376586914"></testcase><testcase classname="src.pymortests.vectorarray" file="src/pymortests/vectorarray.py" line="816" name="test_sub[compatible_vector_array_pair7-&lt;lambda&gt;18]" time="0.002531766891479492"></testcase><testcase classname="src.pymortests.vectorarray" file="src/pymortests/vectorarray.py" line="816" name="test_sub[compatible_vector_array_pair7-&lt;lambda&gt;19]" time="0.00386810302734375"></testcase><testcase classname="src.pymortests.vectorarray" file="src/pymortests/vectorarray.py" line="816" name="test_sub[compatible_vector_array_pair7-&lt;lambda&gt;20]" time="0.02870774269104004"></testcase><testcase classname="src.pymortests.vectorarray" file="src/pymortests/vectorarray.py" line="816" name="test_sub[compatible_vector_array_pair7-&lt;lambda&gt;21]" time="0.02157759666442871"></testcase><testcase classname="src.pymortests.vectorarray" file="src/pymortests/vectorarray.py" line="816" name="test_sub[compatible_vector_array_pair7-&lt;lambda&gt;22]" time="0.06159186363220215"></testcase><testcase classname="src.pymortests.vectorarray" file="src/pymortests/vectorarray.py" line="816" name="test_sub[compatible_vector_array_pair7-&lt;lambda&gt;23]" time="0.0051043033599853516"></testcase><testcase classname="src.pymortests.vectorarray" file="src/pymortests/vectorarray.py" line="816" name="test_sub[compatible_vector_array_pair7-&lt;lambda&gt;24]" time="0.001813650131225586"></testcase><testcase classname="src.pymortests.vectorarray" file="src/pymortests/vectorarray.py" line="816" name="test_sub[compatible_vector_array_pair7-&lt;lambda&gt;25]" time="0.003139972686767578"></testcase><testcase classname="src.pymortests.vectorarray" file="src/pymortests/vectorarray.py" line="816" name="test_sub[compatible_vector_array_pair7-&lt;lambda&gt;26]" time="0.02916121482849121"></testcase><testcase classname="src.pymortests.vectorarray" file="src/pymortests/vectorarray.py" line="816" name="test_sub[compatible_vector_array_pair7-&lt;lambda&gt;27]" time="0.14507508277893066"></testcase><testcase classname="src.pymortests.vectorarray" file="src/pymortests/vectorarray.py" line="816" name="test_sub[compatible_vector_array_pair7-&lt;lambda&gt;28]" time="0.3840298652648926"></testcase><testcase classname="src.pymortests.vectorarray" file="src/pymortests/vectorarray.py" line="816" name="test_sub[compatible_vector_array_pair7-&lt;lambda&gt;29]" time="0.012429475784301758"></testcase><testcase classname="src.pymortests.vectorarray" file="src/pymortests/vectorarray.py" line="816" name="test_sub[compatible_vector_array_pair8-&lt;lambda&gt;0]" time="0.0025453567504882812"></testcase><testcase classname="src.pymortests.vectorarray" file="src/pymortests/vectorarray.py" line="816" name="test_sub[compatible_vector_array_pair8-&lt;lambda&gt;1]" time="0.001971721649169922"></testcase><testcase classname="src.pymortests.vectorarray" file="src/pymortests/vectorarray.py" line="816" name="test_sub[compatible_vector_array_pair8-&lt;lambda&gt;2]" time="0.0022177696228027344"></testcase><testcase classname="src.pymortests.vectorarray" file="src/pymortests/vectorarray.py" line="816" name="test_sub[compatible_vector_array_pair8-&lt;lambda&gt;3]" time="0.0025446414947509766"></testcase><testcase classname="src.pymortests.vectorarray" file="src/pymortests/vectorarray.py" line="816" name="test_sub[compatible_vector_array_pair8-&lt;lambda&gt;4]" time="0.0019626617431640625"></testcase><testcase classname="src.pymortests.vectorarray" file="src/pymortests/vectorarray.py" line="816" name="test_sub[compatible_vector_array_pair8-&lt;lambda&gt;5]" time="0.0023822784423828125"></testcase><testcase classname="src.pymortests.vectorarray" file="src/pymortests/vectorarray.py" line="816" name="test_sub[compatible_vector_array_pair8-&lt;lambda&gt;6]" time="0.0018374919891357422"></testcase><testcase classname="src.pymortests.vectorarray" file="src/pymortests/vectorarray.py" line="816" name="test_sub[compatible_vector_array_pair8-&lt;lambda&gt;7]" time="0.0020613670349121094"></testcase><testcase classname="src.pymortests.vectorarray" file="src/pymortests/vectorarray.py" line="816" name="test_sub[compatible_vector_array_pair8-&lt;lambda&gt;8]" time="0.0020890235900878906"></testcase><testcase classname="src.pymortests.vectorarray" file="src/pymortests/vectorarray.py" line="816" name="test_sub[compatible_vector_array_pair8-&lt;lambda&gt;9]" time="0.007525444030761719"></testcase><testcase classname="src.pymortests.vectorarray" file="src/pymortests/vectorarray.py" line="816" name="test_sub[compatible_vector_array_pair8-&lt;lambda&gt;10]" time="0.012935638427734375"></testcase><testcase classname="src.pymortests.vectorarray" file="src/pymortests/vectorarray.py" line="816" name="test_sub[compatible_vector_array_pair8-&lt;lambda&gt;11]" time="0.0024302005767822266"></testcase><testcase classname="src.pymortests.vectorarray" file="src/pymortests/vectorarray.py" line="816" name="test_sub[compatible_vector_array_pair8-&lt;lambda&gt;12]" time="0.002466440200805664"></testcase><testcase classname="src.pymortests.vectorarray" file="src/pymortests/vectorarray.py" line="816" name="test_sub[compatible_vector_array_pair8-&lt;lambda&gt;13]" time="0.0033388137817382812"></testcase><testcase classname="src.pymortests.vectorarray" file="src/pymortests/vectorarray.py" line="816" name="test_sub[compatible_vector_array_pair8-&lt;lambda&gt;14]" time="0.0023207664489746094"></testcase><testcase classname="src.pymortests.vectorarray" file="src/pymortests/vectorarray.py" line="816" name="test_sub[compatible_vector_array_pair8-&lt;lambda&gt;15]" time="0.003016233444213867"></testcase><testcase classname="src.pymortests.vectorarray" file="src/pymortests/vectorarray.py" line="816" name="test_sub[compatible_vector_array_pair8-&lt;lambda&gt;16]" time="0.00308990478515625"></testcase><testcase classname="src.pymortests.vectorarray" file="src/pymortests/vectorarray.py" line="816" name="test_sub[compatible_vector_array_pair8-&lt;lambda&gt;17]" time="0.0028307437896728516"></testcase><testcase classname="src.pymortests.vectorarray" file="src/pymortests/vectorarray.py" line="816" name="test_sub[compatible_vector_array_pair8-&lt;lambda&gt;18]" time="0.003188610076904297"></testcase><testcase classname="src.pymortests.vectorarray" file="src/pymortests/vectorarray.py" line="816" name="test_sub[compatible_vector_array_pair8-&lt;lambda&gt;19]" time="0.0027849674224853516"></testcase><testcase classname="src.pymortests.vectorarray" file="src/pymortests/vectorarray.py" line="816" name="test_sub[compatible_vector_array_pair8-&lt;lambda&gt;20]" time="0.03037118911743164"></testcase><testcase classname="src.pymortests.vectorarray" file="src/pymortests/vectorarray.py" line="816" name="test_sub[compatible_vector_array_pair8-&lt;lambda&gt;21]" time="0.024896860122680664"></testcase><testcase classname="src.pymortests.vectorarray" file="src/pymortests/vectorarray.py" line="816" name="test_sub[compatible_vector_array_pair8-&lt;lambda&gt;22]" time="0.06299495697021484"></testcase><testcase classname="src.pymortests.vectorarray" file="src/pymortests/vectorarray.py" line="816" name="test_sub[compatible_vector_array_pair8-&lt;lambda&gt;23]" time="0.004536628723144531"></testcase><testcase classname="src.pymortests.vectorarray" file="src/pymortests/vectorarray.py" line="816" name="test_sub[compatible_vector_array_pair8-&lt;lambda&gt;24]" time="0.001819610595703125"></testcase><testcase classname="src.pymortests.vectorarray" file="src/pymortests/vectorarray.py" line="816" name="test_sub[compatible_vector_array_pair8-&lt;lambda&gt;25]" time="0.0027806758880615234"></testcase><testcase classname="src.pymortests.vectorarray" file="src/pymortests/vectorarray.py" line="816" name="test_sub[compatible_vector_array_pair8-&lt;lambda&gt;26]" time="0.029312610626220703"></testcase><testcase classname="src.pymortests.vectorarray" file="src/pymortests/vectorarray.py" line="816" name="test_sub[compatible_vector_array_pair8-&lt;lambda&gt;27]" time="0.14270281791687012"></testcase><testcase classname="src.pymortests.vectorarray" file="src/pymortests/vectorarray.py" line="816" name="test_sub[compatible_vector_array_pair8-&lt;lambda&gt;28]" time="0.3828728199005127"></testcase><testcase classname="src.pymortests.vectorarray" file="src/pymortests/vectorarray.py" line="816" name="test_sub[compatible_vector_array_pair8-&lt;lambda&gt;29]" time="0.014385700225830078"></testcase><testcase classname="src.pymortests.vectorarray" file="src/pymortests/vectorarray.py" line="829" name="test_isub[compatible_vector_array_pair0-&lt;lambda&gt;0]" time="0.0023474693298339844"></testcase><testcase classname="src.pymortests.vectorarray" file="src/pymortests/vectorarray.py" line="829" name="test_isub[compatible_vector_array_pair0-&lt;lambda&gt;1]" time="0.0018048286437988281"></testcase><testcase classname="src.pymortests.vectorarray" file="src/pymortests/vectorarray.py" line="829" name="test_isub[compatible_vector_array_pair0-&lt;lambda&gt;2]" time="0.0016107559204101562"></testcase><testcase classname="src.pymortests.vectorarray" file="src/pymortests/vectorarray.py" line="829" name="test_isub[compatible_vector_array_pair0-&lt;lambda&gt;3]" time="0.0016040802001953125"></testcase><testcase classname="src.pymortests.vectorarray" file="src/pymortests/vectorarray.py" line="829" name="test_isub[compatible_vector_array_pair0-&lt;lambda&gt;4]" time="0.0017497539520263672"></testcase><testcase classname="src.pymortests.vectorarray" file="src/pymortests/vectorarray.py" line="829" name="test_isub[compatible_vector_array_pair0-&lt;lambda&gt;5]" time="0.0016689300537109375"></testcase><testcase classname="src.pymortests.vectorarray" file="src/pymortests/vectorarray.py" line="829" name="test_isub[compatible_vector_array_pair0-&lt;lambda&gt;6]" time="0.0016341209411621094"></testcase><testcase classname="src.pymortests.vectorarray" file="src/pymortests/vectorarray.py" line="829" name="test_isub[compatible_vector_array_pair0-&lt;lambda&gt;7]" time="0.0016605854034423828"></testcase><testcase classname="src.pymortests.vectorarray" file="src/pymortests/vectorarray.py" line="829" name="test_isub[compatible_vector_array_pair0-&lt;lambda&gt;8]" time="0.002063751220703125"></testcase><testcase classname="src.pymortests.vectorarray" file="src/pymortests/vectorarray.py" line="829" name="test_isub[compatible_vector_array_pair0-&lt;lambda&gt;9]" time="0.004061698913574219"></testcase><testcase classname="src.pymortests.vectorarray" file="src/pymortests/vectorarray.py" line="829" name="test_isub[compatible_vector_array_pair0-&lt;lambda&gt;10]" time="0.007070302963256836"></testcase><testcase classname="src.pymortests.vectorarray" file="src/pymortests/vectorarray.py" line="829" name="test_isub[compatible_vector_array_pair0-&lt;lambda&gt;11]" time="0.0017719268798828125"></testcase><testcase classname="src.pymortests.vectorarray" file="src/pymortests/vectorarray.py" line="829" name="test_isub[compatible_vector_array_pair0-&lt;lambda&gt;12]" time="0.0018694400787353516"></testcase><testcase classname="src.pymortests.vectorarray" file="src/pymortests/vectorarray.py" line="829" name="test_isub[compatible_vector_array_pair0-&lt;lambda&gt;13]" time="0.002257823944091797"></testcase><testcase classname="src.pymortests.vectorarray" file="src/pymortests/vectorarray.py" line="829" name="test_isub[compatible_vector_array_pair0-&lt;lambda&gt;14]" time="0.002075672149658203"></testcase><testcase classname="src.pymortests.vectorarray" file="src/pymortests/vectorarray.py" line="829" name="test_isub[compatible_vector_array_pair0-&lt;lambda&gt;15]" time="0.0022885799407958984"></testcase><testcase classname="src.pymortests.vectorarray" file="src/pymortests/vectorarray.py" line="829" name="test_isub[compatible_vector_array_pair0-&lt;lambda&gt;16]" time="0.00244140625"></testcase><testcase classname="src.pymortests.vectorarray" file="src/pymortests/vectorarray.py" line="829" name="test_isub[compatible_vector_array_pair0-&lt;lambda&gt;17]" time="0.0022525787353515625"></testcase><testcase classname="src.pymortests.vectorarray" file="src/pymortests/vectorarray.py" line="829" name="test_isub[compatible_vector_array_pair0-&lt;lambda&gt;18]" time="0.0023005008697509766"></testcase><testcase classname="src.pymortests.vectorarray" file="src/pymortests/vectorarray.py" line="829" name="test_isub[compatible_vector_array_pair0-&lt;lambda&gt;19]" time="0.0024690628051757812"></testcase><testcase classname="src.pymortests.vectorarray" file="src/pymortests/vectorarray.py" line="829" name="test_isub[compatible_vector_array_pair0-&lt;lambda&gt;20]" time="0.028610944747924805"></testcase><testcase classname="src.pymortests.vectorarray" file="src/pymortests/vectorarray.py" line="829" name="test_isub[compatible_vector_array_pair0-&lt;lambda&gt;21]" time="0.018875837326049805"></testcase><testcase classname="src.pymortests.vectorarray" file="src/pymortests/vectorarray.py" line="829" name="test_isub[compatible_vector_array_pair0-&lt;lambda&gt;22]" time="0.05265235900878906"></testcase><testcase classname="src.pymortests.vectorarray" file="src/pymortests/vectorarray.py" line="829" name="test_isub[compatible_vector_array_pair0-&lt;lambda&gt;23]" time="0.004309892654418945"></testcase><testcase classname="src.pymortests.vectorarray" file="src/pymortests/vectorarray.py" line="829" name="test_isub[compatible_vector_array_pair0-&lt;lambda&gt;24]" time="0.001712799072265625"></testcase><testcase classname="src.pymortests.vectorarray" file="src/pymortests/vectorarray.py" line="829" name="test_isub[compatible_vector_array_pair0-&lt;lambda&gt;25]" time="0.002681732177734375"></testcase><testcase classname="src.pymortests.vectorarray" file="src/pymortests/vectorarray.py" line="829" name="test_isub[compatible_vector_array_pair0-&lt;lambda&gt;26]" time="0.02743840217590332"></testcase><testcase classname="src.pymortests.vectorarray" file="src/pymortests/vectorarray.py" line="829" name="test_isub[compatible_vector_array_pair0-&lt;lambda&gt;27]" time="0.09041547775268555"></testcase><testcase classname="src.pymortests.vectorarray" file="src/pymortests/vectorarray.py" line="829" name="test_isub[compatible_vector_array_pair0-&lt;lambda&gt;28]" time="0.2598884105682373"></testcase><testcase classname="src.pymortests.vectorarray" file="src/pymortests/vectorarray.py" line="829" name="test_isub[compatible_vector_array_pair0-&lt;lambda&gt;29]" time="0.010271310806274414"></testcase><testcase classname="src.pymortests.vectorarray" file="src/pymortests/vectorarray.py" line="829" name="test_isub[compatible_vector_array_pair1-&lt;lambda&gt;0]" time="0.0022034645080566406"></testcase><testcase classname="src.pymortests.vectorarray" file="src/pymortests/vectorarray.py" line="829" name="test_isub[compatible_vector_array_pair1-&lt;lambda&gt;1]" time="0.0016942024230957031"></testcase><testcase classname="src.pymortests.vectorarray" file="src/pymortests/vectorarray.py" line="829" name="test_isub[compatible_vector_array_pair1-&lt;lambda&gt;2]" time="0.0016384124755859375"></testcase><testcase classname="src.pymortests.vectorarray" file="src/pymortests/vectorarray.py" line="829" name="test_isub[compatible_vector_array_pair1-&lt;lambda&gt;3]" time="0.0017511844635009766"></testcase><testcase classname="src.pymortests.vectorarray" file="src/pymortests/vectorarray.py" line="829" name="test_isub[compatible_vector_array_pair1-&lt;lambda&gt;4]" time="0.0017063617706298828"></testcase><testcase classname="src.pymortests.vectorarray" file="src/pymortests/vectorarray.py" line="829" name="test_isub[compatible_vector_array_pair1-&lt;lambda&gt;5]" time="0.0016741752624511719"></testcase><testcase classname="src.pymortests.vectorarray" file="src/pymortests/vectorarray.py" line="829" name="test_isub[compatible_vector_array_pair1-&lt;lambda&gt;6]" time="0.0015528202056884766"></testcase><testcase classname="src.pymortests.vectorarray" file="src/pymortests/vectorarray.py" line="829" name="test_isub[compatible_vector_array_pair1-&lt;lambda&gt;7]" time="0.0017955303192138672"></testcase><testcase classname="src.pymortests.vectorarray" file="src/pymortests/vectorarray.py" line="829" name="test_isub[compatible_vector_array_pair1-&lt;lambda&gt;8]" time="0.0018677711486816406"></testcase><testcase classname="src.pymortests.vectorarray" file="src/pymortests/vectorarray.py" line="829" name="test_isub[compatible_vector_array_pair1-&lt;lambda&gt;9]" time="0.0035734176635742188"></testcase><testcase classname="src.pymortests.vectorarray" file="src/pymortests/vectorarray.py" line="829" name="test_isub[compatible_vector_array_pair1-&lt;lambda&gt;10]" time="0.0070683956146240234"></testcase><testcase classname="src.pymortests.vectorarray" file="src/pymortests/vectorarray.py" line="829" name="test_isub[compatible_vector_array_pair1-&lt;lambda&gt;11]" time="0.0019490718841552734"></testcase><testcase classname="src.pymortests.vectorarray" file="src/pymortests/vectorarray.py" line="829" name="test_isub[compatible_vector_array_pair1-&lt;lambda&gt;12]" time="0.0019330978393554688"></testcase><testcase classname="src.pymortests.vectorarray" file="src/pymortests/vectorarray.py" line="829" name="test_isub[compatible_vector_array_pair1-&lt;lambda&gt;13]" time="0.0020737648010253906"></testcase><testcase classname="src.pymortests.vectorarray" file="src/pymortests/vectorarray.py" line="829" name="test_isub[compatible_vector_array_pair1-&lt;lambda&gt;14]" time="0.002099752426147461"></testcase><testcase classname="src.pymortests.vectorarray" file="src/pymortests/vectorarray.py" line="829" name="test_isub[compatible_vector_array_pair1-&lt;lambda&gt;15]" time="0.0023097991943359375"></testcase><testcase classname="src.pymortests.vectorarray" file="src/pymortests/vectorarray.py" line="829" name="test_isub[compatible_vector_array_pair1-&lt;lambda&gt;16]" time="0.002479076385498047"></testcase><testcase classname="src.pymortests.vectorarray" file="src/pymortests/vectorarray.py" line="829" name="test_isub[compatible_vector_array_pair1-&lt;lambda&gt;17]" time="0.002511262893676758"></testcase><testcase classname="src.pymortests.vectorarray" file="src/pymortests/vectorarray.py" line="829" name="test_isub[compatible_vector_array_pair1-&lt;lambda&gt;18]" time="0.002248525619506836"></testcase><testcase classname="src.pymortests.vectorarray" file="src/pymortests/vectorarray.py" line="829" name="test_isub[compatible_vector_array_pair1-&lt;lambda&gt;19]" time="0.002327442169189453"></testcase><testcase classname="src.pymortests.vectorarray" file="src/pymortests/vectorarray.py" line="829" name="test_isub[compatible_vector_array_pair1-&lt;lambda&gt;20]" time="0.027898788452148438"></testcase><testcase classname="src.pymortests.vectorarray" file="src/pymortests/vectorarray.py" line="829" name="test_isub[compatible_vector_array_pair1-&lt;lambda&gt;21]" time="0.01861429214477539"></testcase><testcase classname="src.pymortests.vectorarray" file="src/pymortests/vectorarray.py" line="829" name="test_isub[compatible_vector_array_pair1-&lt;lambda&gt;22]" time="0.05244088172912598"></testcase><testcase classname="src.pymortests.vectorarray" file="src/pymortests/vectorarray.py" line="829" name="test_isub[compatible_vector_array_pair1-&lt;lambda&gt;23]" time="0.004400491714477539"></testcase><testcase classname="src.pymortests.vectorarray" file="src/pymortests/vectorarray.py" line="829" name="test_isub[compatible_vector_array_pair1-&lt;lambda&gt;24]" time="0.0018885135650634766"></testcase><testcase classname="src.pymortests.vectorarray" file="src/pymortests/vectorarray.py" line="829" name="test_isub[compatible_vector_array_pair1-&lt;lambda&gt;25]" time="0.0027136802673339844"></testcase><testcase classname="src.pymortests.vectorarray" file="src/pymortests/vectorarray.py" line="829" name="test_isub[compatible_vector_array_pair1-&lt;lambda&gt;26]" time="0.025983333587646484"></testcase><testcase classname="src.pymortests.vectorarray" file="src/pymortests/vectorarray.py" line="829" name="test_isub[compatible_vector_array_pair1-&lt;lambda&gt;27]" time="0.08860349655151367"></testcase><testcase classname="src.pymortests.vectorarray" file="src/pymortests/vectorarray.py" line="829" name="test_isub[compatible_vector_array_pair1-&lt;lambda&gt;28]" time="0.24872899055480957"></testcase><testcase classname="src.pymortests.vectorarray" file="src/pymortests/vectorarray.py" line="829" name="test_isub[compatible_vector_array_pair1-&lt;lambda&gt;29]" time="0.009387969970703125"></testcase><testcase classname="src.pymortests.vectorarray" file="src/pymortests/vectorarray.py" line="829" name="test_isub[compatible_vector_array_pair2-&lt;lambda&gt;0]" time="0.0023276805877685547"></testcase><testcase classname="src.pymortests.vectorarray" file="src/pymortests/vectorarray.py" line="829" name="test_isub[compatible_vector_array_pair2-&lt;lambda&gt;1]" time="0.0017747879028320312"></testcase><testcase classname="src.pymortests.vectorarray" file="src/pymortests/vectorarray.py" line="829" name="test_isub[compatible_vector_array_pair2-&lt;lambda&gt;2]" time="0.001699209213256836"></testcase><testcase classname="src.pymortests.vectorarray" file="src/pymortests/vectorarray.py" line="829" name="test_isub[compatible_vector_array_pair2-&lt;lambda&gt;3]" time="0.0017821788787841797"></testcase><testcase classname="src.pymortests.vectorarray" file="src/pymortests/vectorarray.py" line="829" name="test_isub[compatible_vector_array_pair2-&lt;lambda&gt;4]" time="0.0017428398132324219"></testcase><testcase classname="src.pymortests.vectorarray" file="src/pymortests/vectorarray.py" line="829" name="test_isub[compatible_vector_array_pair2-&lt;lambda&gt;5]" time="0.001714944839477539"></testcase><testcase classname="src.pymortests.vectorarray" file="src/pymortests/vectorarray.py" line="829" name="test_isub[compatible_vector_array_pair2-&lt;lambda&gt;6]" time="0.0015974044799804688"></testcase><testcase classname="src.pymortests.vectorarray" file="src/pymortests/vectorarray.py" line="829" name="test_isub[compatible_vector_array_pair2-&lt;lambda&gt;7]" time="0.0017304420471191406"></testcase><testcase classname="src.pymortests.vectorarray" file="src/pymortests/vectorarray.py" line="829" name="test_isub[compatible_vector_array_pair2-&lt;lambda&gt;8]" time="0.0019752979278564453"></testcase><testcase classname="src.pymortests.vectorarray" file="src/pymortests/vectorarray.py" line="829" name="test_isub[compatible_vector_array_pair2-&lt;lambda&gt;9]" time="0.0038776397705078125"></testcase><testcase classname="src.pymortests.vectorarray" file="src/pymortests/vectorarray.py" line="829" name="test_isub[compatible_vector_array_pair2-&lt;lambda&gt;10]" time="0.0072154998779296875"></testcase><testcase classname="src.pymortests.vectorarray" file="src/pymortests/vectorarray.py" line="829" name="test_isub[compatible_vector_array_pair2-&lt;lambda&gt;11]" time="0.0018672943115234375"></testcase><testcase classname="src.pymortests.vectorarray" file="src/pymortests/vectorarray.py" line="829" name="test_isub[compatible_vector_array_pair2-&lt;lambda&gt;12]" time="0.0020682811737060547"></testcase><testcase classname="src.pymortests.vectorarray" file="src/pymortests/vectorarray.py" line="829" name="test_isub[compatible_vector_array_pair2-&lt;lambda&gt;13]" time="0.002200603485107422"></testcase><testcase classname="src.pymortests.vectorarray" file="src/pymortests/vectorarray.py" line="829" name="test_isub[compatible_vector_array_pair2-&lt;lambda&gt;14]" time="0.0019118785858154297"></testcase><testcase classname="src.pymortests.vectorarray" file="src/pymortests/vectorarray.py" line="829" name="test_isub[compatible_vector_array_pair2-&lt;lambda&gt;15]" time="0.0024645328521728516"></testcase><testcase classname="src.pymortests.vectorarray" file="src/pymortests/vectorarray.py" line="829" name="test_isub[compatible_vector_array_pair2-&lt;lambda&gt;16]" time="0.002566099166870117"></testcase><testcase classname="src.pymortests.vectorarray" file="src/pymortests/vectorarray.py" line="829" name="test_isub[compatible_vector_array_pair2-&lt;lambda&gt;17]" time="0.0024785995483398438"></testcase><testcase classname="src.pymortests.vectorarray" file="src/pymortests/vectorarray.py" line="829" name="test_isub[compatible_vector_array_pair2-&lt;lambda&gt;18]" time="0.0025167465209960938"></testcase><testcase classname="src.pymortests.vectorarray" file="src/pymortests/vectorarray.py" line="829" name="test_isub[compatible_vector_array_pair2-&lt;lambda&gt;19]" time="0.0024671554565429688"></testcase><testcase classname="src.pymortests.vectorarray" file="src/pymortests/vectorarray.py" line="829" name="test_isub[compatible_vector_array_pair2-&lt;lambda&gt;20]" time="0.028526782989501953"></testcase><testcase classname="src.pymortests.vectorarray" file="src/pymortests/vectorarray.py" line="829" name="test_isub[compatible_vector_array_pair2-&lt;lambda&gt;21]" time="0.018815279006958008"></testcase><testcase classname="src.pymortests.vectorarray" file="src/pymortests/vectorarray.py" line="829" name="test_isub[compatible_vector_array_pair2-&lt;lambda&gt;22]" time="0.05338692665100098"></testcase><testcase classname="src.pymortests.vectorarray" file="src/pymortests/vectorarray.py" line="829" name="test_isub[compatible_vector_array_pair2-&lt;lambda&gt;23]" time="0.004457950592041016"></testcase><testcase classname="src.pymortests.vectorarray" file="src/pymortests/vectorarray.py" line="829" name="test_isub[compatible_vector_array_pair2-&lt;lambda&gt;24]" time="0.001567840576171875"></testcase><testcase classname="src.pymortests.vectorarray" file="src/pymortests/vectorarray.py" line="829" name="test_isub[compatible_vector_array_pair2-&lt;lambda&gt;25]" time="0.002585887908935547"></testcase><testcase classname="src.pymortests.vectorarray" file="src/pymortests/vectorarray.py" line="829" name="test_isub[compatible_vector_array_pair2-&lt;lambda&gt;26]" time="0.02709794044494629"></testcase><testcase classname="src.pymortests.vectorarray" file="src/pymortests/vectorarray.py" line="829" name="test_isub[compatible_vector_array_pair2-&lt;lambda&gt;27]" time="0.09115099906921387"></testcase><testcase classname="src.pymortests.vectorarray" file="src/pymortests/vectorarray.py" line="829" name="test_isub[compatible_vector_array_pair2-&lt;lambda&gt;28]" time="0.2531318664550781"></testcase><testcase classname="src.pymortests.vectorarray" file="src/pymortests/vectorarray.py" line="829" name="test_isub[compatible_vector_array_pair2-&lt;lambda&gt;29]" time="0.00957036018371582"></testcase><testcase classname="src.pymortests.vectorarray" file="src/pymortests/vectorarray.py" line="829" name="test_isub[compatible_vector_array_pair3-&lt;lambda&gt;0]" time="0.0022962093353271484"></testcase><testcase classname="src.pymortests.vectorarray" file="src/pymortests/vectorarray.py" line="829" name="test_isub[compatible_vector_array_pair3-&lt;lambda&gt;1]" time="0.0017015933990478516"></testcase><testcase classname="src.pymortests.vectorarray" file="src/pymortests/vectorarray.py" line="829" name="test_isub[compatible_vector_array_pair3-&lt;lambda&gt;2]" time="0.0016937255859375"></testcase><testcase classname="src.pymortests.vectorarray" file="src/pymortests/vectorarray.py" line="829" name="test_isub[compatible_vector_array_pair3-&lt;lambda&gt;3]" time="0.0019910335540771484"></testcase><testcase classname="src.pymortests.vectorarray" file="src/pymortests/vectorarray.py" line="829" name="test_isub[compatible_vector_array_pair3-&lt;lambda&gt;4]" time="0.001859426498413086"></testcase><testcase classname="src.pymortests.vectorarray" file="src/pymortests/vectorarray.py" line="829" name="test_isub[compatible_vector_array_pair3-&lt;lambda&gt;5]" time="0.0017588138580322266"></testcase><testcase classname="src.pymortests.vectorarray" file="src/pymortests/vectorarray.py" line="829" name="test_isub[compatible_vector_array_pair3-&lt;lambda&gt;6]" time="0.0015637874603271484"></testcase><testcase classname="src.pymortests.vectorarray" file="src/pymortests/vectorarray.py" line="829" name="test_isub[compatible_vector_array_pair3-&lt;lambda&gt;7]" time="0.0014848709106445312"></testcase><testcase classname="src.pymortests.vectorarray" file="src/pymortests/vectorarray.py" line="829" name="test_isub[compatible_vector_array_pair3-&lt;lambda&gt;8]" time="0.0019168853759765625"></testcase><testcase classname="src.pymortests.vectorarray" file="src/pymortests/vectorarray.py" line="829" name="test_isub[compatible_vector_array_pair3-&lt;lambda&gt;9]" time="0.0046999454498291016"></testcase><testcase classname="src.pymortests.vectorarray" file="src/pymortests/vectorarray.py" line="829" name="test_isub[compatible_vector_array_pair3-&lt;lambda&gt;10]" time="0.007241010665893555"></testcase><testcase classname="src.pymortests.vectorarray" file="src/pymortests/vectorarray.py" line="829" name="test_isub[compatible_vector_array_pair3-&lt;lambda&gt;11]" time="0.00180816650390625"></testcase><testcase classname="src.pymortests.vectorarray" file="src/pymortests/vectorarray.py" line="829" name="test_isub[compatible_vector_array_pair3-&lt;lambda&gt;12]" time="0.0019812583923339844"></testcase><testcase classname="src.pymortests.vectorarray" file="src/pymortests/vectorarray.py" line="829" name="test_isub[compatible_vector_array_pair3-&lt;lambda&gt;13]" time="0.0022373199462890625"></testcase><testcase classname="src.pymortests.vectorarray" file="src/pymortests/vectorarray.py" line="829" name="test_isub[compatible_vector_array_pair3-&lt;lambda&gt;14]" time="0.0020291805267333984"></testcase><testcase classname="src.pymortests.vectorarray" file="src/pymortests/vectorarray.py" line="829" name="test_isub[compatible_vector_array_pair3-&lt;lambda&gt;15]" time="0.002368927001953125"></testcase><testcase classname="src.pymortests.vectorarray" file="src/pymortests/vectorarray.py" line="829" name="test_isub[compatible_vector_array_pair3-&lt;lambda&gt;16]" time="0.0026617050170898438"></testcase><testcase classname="src.pymortests.vectorarray" file="src/pymortests/vectorarray.py" line="829" name="test_isub[compatible_vector_array_pair3-&lt;lambda&gt;17]" time="0.002389669418334961"></testcase><testcase classname="src.pymortests.vectorarray" file="src/pymortests/vectorarray.py" line="829" name="test_isub[compatible_vector_array_pair3-&lt;lambda&gt;18]" time="0.0023636817932128906"></testcase><testcase classname="src.pymortests.vectorarray" file="src/pymortests/vectorarray.py" line="829" name="test_isub[compatible_vector_array_pair3-&lt;lambda&gt;19]" time="0.002666473388671875"></testcase><testcase classname="src.pymortests.vectorarray" file="src/pymortests/vectorarray.py" line="829" name="test_isub[compatible_vector_array_pair3-&lt;lambda&gt;20]" time="0.02877211570739746"></testcase><testcase classname="src.pymortests.vectorarray" file="src/pymortests/vectorarray.py" line="829" name="test_isub[compatible_vector_array_pair3-&lt;lambda&gt;21]" time="0.019348621368408203"></testcase><testcase classname="src.pymortests.vectorarray" file="src/pymortests/vectorarray.py" line="829" name="test_isub[compatible_vector_array_pair3-&lt;lambda&gt;22]" time="0.0552365779876709"></testcase><testcase classname="src.pymortests.vectorarray" file="src/pymortests/vectorarray.py" line="829" name="test_isub[compatible_vector_array_pair3-&lt;lambda&gt;23]" time="0.0043735504150390625"></testcase><testcase classname="src.pymortests.vectorarray" file="src/pymortests/vectorarray.py" line="829" name="test_isub[compatible_vector_array_pair3-&lt;lambda&gt;24]" time="0.0015130043029785156"></testcase><testcase classname="src.pymortests.vectorarray" file="src/pymortests/vectorarray.py" line="829" name="test_isub[compatible_vector_array_pair3-&lt;lambda&gt;25]" time="0.002537250518798828"></testcase><testcase classname="src.pymortests.vectorarray" file="src/pymortests/vectorarray.py" line="829" name="test_isub[compatible_vector_array_pair3-&lt;lambda&gt;26]" time="0.028219223022460938"></testcase><testcase classname="src.pymortests.vectorarray" file="src/pymortests/vectorarray.py" line="829" name="test_isub[compatible_vector_array_pair3-&lt;lambda&gt;27]" time="0.11982512474060059"></testcase><testcase classname="src.pymortests.vectorarray" file="src/pymortests/vectorarray.py" line="829" name="test_isub[compatible_vector_array_pair3-&lt;lambda&gt;28]" time="0.34451961517333984"></testcase><testcase classname="src.pymortests.vectorarray" file="src/pymortests/vectorarray.py" line="829" name="test_isub[compatible_vector_array_pair3-&lt;lambda&gt;29]" time="0.010422945022583008"></testcase><testcase classname="src.pymortests.vectorarray" file="src/pymortests/vectorarray.py" line="829" name="test_isub[compatible_vector_array_pair4-&lt;lambda&gt;0]" time="0.002252817153930664"></testcase><testcase classname="src.pymortests.vectorarray" file="src/pymortests/vectorarray.py" line="829" name="test_isub[compatible_vector_array_pair4-&lt;lambda&gt;1]" time="0.001859426498413086"></testcase><testcase classname="src.pymortests.vectorarray" file="src/pymortests/vectorarray.py" line="829" name="test_isub[compatible_vector_array_pair4-&lt;lambda&gt;2]" time="0.0017359256744384766"></testcase><testcase classname="src.pymortests.vectorarray" file="src/pymortests/vectorarray.py" line="829" name="test_isub[compatible_vector_array_pair4-&lt;lambda&gt;3]" time="0.0018782615661621094"></testcase><testcase classname="src.pymortests.vectorarray" file="src/pymortests/vectorarray.py" line="829" name="test_isub[compatible_vector_array_pair4-&lt;lambda&gt;4]" time="0.0016934871673583984"></testcase><testcase classname="src.pymortests.vectorarray" file="src/pymortests/vectorarray.py" line="829" name="test_isub[compatible_vector_array_pair4-&lt;lambda&gt;5]" time="0.0017399787902832031"></testcase><testcase classname="src.pymortests.vectorarray" file="src/pymortests/vectorarray.py" line="829" name="test_isub[compatible_vector_array_pair4-&lt;lambda&gt;6]" time="0.0015473365783691406"></testcase><testcase classname="src.pymortests.vectorarray" file="src/pymortests/vectorarray.py" line="829" name="test_isub[compatible_vector_array_pair4-&lt;lambda&gt;7]" time="0.0016782283782958984"></testcase><testcase classname="src.pymortests.vectorarray" file="src/pymortests/vectorarray.py" line="829" name="test_isub[compatible_vector_array_pair4-&lt;lambda&gt;8]" time="0.0019571781158447266"></testcase><testcase classname="src.pymortests.vectorarray" file="src/pymortests/vectorarray.py" line="829" name="test_isub[compatible_vector_array_pair4-&lt;lambda&gt;9]" time="0.0042421817779541016"></testcase><testcase classname="src.pymortests.vectorarray" file="src/pymortests/vectorarray.py" line="829" name="test_isub[compatible_vector_array_pair4-&lt;lambda&gt;10]" time="0.007584810256958008"></testcase><testcase classname="src.pymortests.vectorarray" file="src/pymortests/vectorarray.py" line="829" name="test_isub[compatible_vector_array_pair4-&lt;lambda&gt;11]" time="0.0017921924591064453"></testcase><testcase classname="src.pymortests.vectorarray" file="src/pymortests/vectorarray.py" line="829" name="test_isub[compatible_vector_array_pair4-&lt;lambda&gt;12]" time="0.0020110607147216797"></testcase><testcase classname="src.pymortests.vectorarray" file="src/pymortests/vectorarray.py" line="829" name="test_isub[compatible_vector_array_pair4-&lt;lambda&gt;13]" time="0.0021338462829589844"></testcase><testcase classname="src.pymortests.vectorarray" file="src/pymortests/vectorarray.py" line="829" name="test_isub[compatible_vector_array_pair4-&lt;lambda&gt;14]" time="0.0019583702087402344"></testcase><testcase classname="src.pymortests.vectorarray" file="src/pymortests/vectorarray.py" line="829" name="test_isub[compatible_vector_array_pair4-&lt;lambda&gt;15]" time="0.002605915069580078"></testcase><testcase classname="src.pymortests.vectorarray" file="src/pymortests/vectorarray.py" line="829" name="test_isub[compatible_vector_array_pair4-&lt;lambda&gt;16]" time="0.0030291080474853516"></testcase><testcase classname="src.pymortests.vectorarray" file="src/pymortests/vectorarray.py" line="829" name="test_isub[compatible_vector_array_pair4-&lt;lambda&gt;17]" time="0.002687692642211914"></testcase><testcase classname="src.pymortests.vectorarray" file="src/pymortests/vectorarray.py" line="829" name="test_isub[compatible_vector_array_pair4-&lt;lambda&gt;18]" time="0.0025479793548583984"></testcase><testcase classname="src.pymortests.vectorarray" file="src/pymortests/vectorarray.py" line="829" name="test_isub[compatible_vector_array_pair4-&lt;lambda&gt;19]" time="0.0024662017822265625"></testcase><testcase classname="src.pymortests.vectorarray" file="src/pymortests/vectorarray.py" line="829" name="test_isub[compatible_vector_array_pair4-&lt;lambda&gt;20]" time="0.028621196746826172"></testcase><testcase classname="src.pymortests.vectorarray" file="src/pymortests/vectorarray.py" line="829" name="test_isub[compatible_vector_array_pair4-&lt;lambda&gt;21]" time="0.019480228424072266"></testcase><testcase classname="src.pymortests.vectorarray" file="src/pymortests/vectorarray.py" line="829" name="test_isub[compatible_vector_array_pair4-&lt;lambda&gt;22]" time="0.05511760711669922"></testcase><testcase classname="src.pymortests.vectorarray" file="src/pymortests/vectorarray.py" line="829" name="test_isub[compatible_vector_array_pair4-&lt;lambda&gt;23]" time="0.004180908203125"></testcase><testcase classname="src.pymortests.vectorarray" file="src/pymortests/vectorarray.py" line="829" name="test_isub[compatible_vector_array_pair4-&lt;lambda&gt;24]" time="0.0015544891357421875"></testcase><testcase classname="src.pymortests.vectorarray" file="src/pymortests/vectorarray.py" line="829" name="test_isub[compatible_vector_array_pair4-&lt;lambda&gt;25]" time="0.002608060836791992"></testcase><testcase classname="src.pymortests.vectorarray" file="src/pymortests/vectorarray.py" line="829" name="test_isub[compatible_vector_array_pair4-&lt;lambda&gt;26]" time="0.02731466293334961"></testcase><testcase classname="src.pymortests.vectorarray" file="src/pymortests/vectorarray.py" line="829" name="test_isub[compatible_vector_array_pair4-&lt;lambda&gt;27]" time="0.12301993370056152"></testcase><testcase classname="src.pymortests.vectorarray" file="src/pymortests/vectorarray.py" line="829" name="test_isub[compatible_vector_array_pair4-&lt;lambda&gt;28]" time="0.32328128814697266"></testcase><testcase classname="src.pymortests.vectorarray" file="src/pymortests/vectorarray.py" line="829" name="test_isub[compatible_vector_array_pair4-&lt;lambda&gt;29]" time="0.010675907135009766"></testcase><testcase classname="src.pymortests.vectorarray" file="src/pymortests/vectorarray.py" line="829" name="test_isub[compatible_vector_array_pair5-&lt;lambda&gt;0]" time="0.002395153045654297"></testcase><testcase classname="src.pymortests.vectorarray" file="src/pymortests/vectorarray.py" line="829" name="test_isub[compatible_vector_array_pair5-&lt;lambda&gt;1]" time="0.0016815662384033203"></testcase><testcase classname="src.pymortests.vectorarray" file="src/pymortests/vectorarray.py" line="829" name="test_isub[compatible_vector_array_pair5-&lt;lambda&gt;2]" time="0.0017712116241455078"></testcase><testcase classname="src.pymortests.vectorarray" file="src/pymortests/vectorarray.py" line="829" name="test_isub[compatible_vector_array_pair5-&lt;lambda&gt;3]" time="0.0018458366394042969"></testcase><testcase classname="src.pymortests.vectorarray" file="src/pymortests/vectorarray.py" line="829" name="test_isub[compatible_vector_array_pair5-&lt;lambda&gt;4]" time="0.0018088817596435547"></testcase><testcase classname="src.pymortests.vectorarray" file="src/pymortests/vectorarray.py" line="829" name="test_isub[compatible_vector_array_pair5-&lt;lambda&gt;5]" time="0.0015816688537597656"></testcase><testcase classname="src.pymortests.vectorarray" file="src/pymortests/vectorarray.py" line="829" name="test_isub[compatible_vector_array_pair5-&lt;lambda&gt;6]" time="0.0015730857849121094"></testcase><testcase classname="src.pymortests.vectorarray" file="src/pymortests/vectorarray.py" line="829" name="test_isub[compatible_vector_array_pair5-&lt;lambda&gt;7]" time="0.0016231536865234375"></testcase><testcase classname="src.pymortests.vectorarray" file="src/pymortests/vectorarray.py" line="829" name="test_isub[compatible_vector_array_pair5-&lt;lambda&gt;8]" time="0.0019822120666503906"></testcase><testcase classname="src.pymortests.vectorarray" file="src/pymortests/vectorarray.py" line="829" name="test_isub[compatible_vector_array_pair5-&lt;lambda&gt;9]" time="0.0042858123779296875"></testcase><testcase classname="src.pymortests.vectorarray" file="src/pymortests/vectorarray.py" line="829" name="test_isub[compatible_vector_array_pair5-&lt;lambda&gt;10]" time="0.0073359012603759766"></testcase><testcase classname="src.pymortests.vectorarray" file="src/pymortests/vectorarray.py" line="829" name="test_isub[compatible_vector_array_pair5-&lt;lambda&gt;11]" time="0.002013683319091797"></testcase><testcase classname="src.pymortests.vectorarray" file="src/pymortests/vectorarray.py" line="829" name="test_isub[compatible_vector_array_pair5-&lt;lambda&gt;12]" time="0.0019326210021972656"></testcase><testcase classname="src.pymortests.vectorarray" file="src/pymortests/vectorarray.py" line="829" name="test_isub[compatible_vector_array_pair5-&lt;lambda&gt;13]" time="0.0020580291748046875"></testcase><testcase classname="src.pymortests.vectorarray" file="src/pymortests/vectorarray.py" line="829" name="test_isub[compatible_vector_array_pair5-&lt;lambda&gt;14]" time="0.0023314952850341797"></testcase><testcase classname="src.pymortests.vectorarray" file="src/pymortests/vectorarray.py" line="829" name="test_isub[compatible_vector_array_pair5-&lt;lambda&gt;15]" time="0.0024683475494384766"></testcase><testcase classname="src.pymortests.vectorarray" file="src/pymortests/vectorarray.py" line="829" name="test_isub[compatible_vector_array_pair5-&lt;lambda&gt;16]" time="0.0028259754180908203"></testcase><testcase classname="src.pymortests.vectorarray" file="src/pymortests/vectorarray.py" line="829" name="test_isub[compatible_vector_array_pair5-&lt;lambda&gt;17]" time="0.002496480941772461"></testcase><testcase classname="src.pymortests.vectorarray" file="src/pymortests/vectorarray.py" line="829" name="test_isub[compatible_vector_array_pair5-&lt;lambda&gt;18]" time="0.002368927001953125"></testcase><testcase classname="src.pymortests.vectorarray" file="src/pymortests/vectorarray.py" line="829" name="test_isub[compatible_vector_array_pair5-&lt;lambda&gt;19]" time="0.0025720596313476562"></testcase><testcase classname="src.pymortests.vectorarray" file="src/pymortests/vectorarray.py" line="829" name="test_isub[compatible_vector_array_pair5-&lt;lambda&gt;20]" time="0.02910923957824707"></testcase><testcase classname="src.pymortests.vectorarray" file="src/pymortests/vectorarray.py" line="829" name="test_isub[compatible_vector_array_pair5-&lt;lambda&gt;21]" time="0.018973588943481445"></testcase><testcase classname="src.pymortests.vectorarray" file="src/pymortests/vectorarray.py" line="829" name="test_isub[compatible_vector_array_pair5-&lt;lambda&gt;22]" time="0.05534243583679199"></testcase><testcase classname="src.pymortests.vectorarray" file="src/pymortests/vectorarray.py" line="829" name="test_isub[compatible_vector_array_pair5-&lt;lambda&gt;23]" time="0.004078865051269531"></testcase><testcase classname="src.pymortests.vectorarray" file="src/pymortests/vectorarray.py" line="829" name="test_isub[compatible_vector_array_pair5-&lt;lambda&gt;24]" time="0.0017223358154296875"></testcase><testcase classname="src.pymortests.vectorarray" file="src/pymortests/vectorarray.py" line="829" name="test_isub[compatible_vector_array_pair5-&lt;lambda&gt;25]" time="0.0025756359100341797"></testcase><testcase classname="src.pymortests.vectorarray" file="src/pymortests/vectorarray.py" line="829" name="test_isub[compatible_vector_array_pair5-&lt;lambda&gt;26]" time="0.028330326080322266"></testcase><testcase classname="src.pymortests.vectorarray" file="src/pymortests/vectorarray.py" line="829" name="test_isub[compatible_vector_array_pair5-&lt;lambda&gt;27]" time="0.1159658432006836"></testcase><testcase classname="src.pymortests.vectorarray" file="src/pymortests/vectorarray.py" line="829" name="test_isub[compatible_vector_array_pair5-&lt;lambda&gt;28]" time="0.3105051517486572"></testcase><testcase classname="src.pymortests.vectorarray" file="src/pymortests/vectorarray.py" line="829" name="test_isub[compatible_vector_array_pair5-&lt;lambda&gt;29]" time="0.011282682418823242"></testcase><testcase classname="src.pymortests.vectorarray" file="src/pymortests/vectorarray.py" line="829" name="test_isub[compatible_vector_array_pair6-&lt;lambda&gt;0]" time="0.002376079559326172"></testcase><testcase classname="src.pymortests.vectorarray" file="src/pymortests/vectorarray.py" line="829" name="test_isub[compatible_vector_array_pair6-&lt;lambda&gt;1]" time="0.0018029212951660156"></testcase><testcase classname="src.pymortests.vectorarray" file="src/pymortests/vectorarray.py" line="829" name="test_isub[compatible_vector_array_pair6-&lt;lambda&gt;2]" time="0.0020933151245117188"></testcase><testcase classname="src.pymortests.vectorarray" file="src/pymortests/vectorarray.py" line="829" name="test_isub[compatible_vector_array_pair6-&lt;lambda&gt;3]" time="0.0018620491027832031"></testcase><testcase classname="src.pymortests.vectorarray" file="src/pymortests/vectorarray.py" line="829" name="test_isub[compatible_vector_array_pair6-&lt;lambda&gt;4]" time="0.0017151832580566406"></testcase><testcase classname="src.pymortests.vectorarray" file="src/pymortests/vectorarray.py" line="829" name="test_isub[compatible_vector_array_pair6-&lt;lambda&gt;5]" time="0.0016205310821533203"></testcase><testcase classname="src.pymortests.vectorarray" file="src/pymortests/vectorarray.py" line="829" name="test_isub[compatible_vector_array_pair6-&lt;lambda&gt;6]" time="0.0015840530395507812"></testcase><testcase classname="src.pymortests.vectorarray" file="src/pymortests/vectorarray.py" line="829" name="test_isub[compatible_vector_array_pair6-&lt;lambda&gt;7]" time="0.0015087127685546875"></testcase><testcase classname="src.pymortests.vectorarray" file="src/pymortests/vectorarray.py" line="829" name="test_isub[compatible_vector_array_pair6-&lt;lambda&gt;8]" time="0.0018253326416015625"></testcase><testcase classname="src.pymortests.vectorarray" file="src/pymortests/vectorarray.py" line="829" name="test_isub[compatible_vector_array_pair6-&lt;lambda&gt;9]" time="0.003929615020751953"></testcase><testcase classname="src.pymortests.vectorarray" file="src/pymortests/vectorarray.py" line="829" name="test_isub[compatible_vector_array_pair6-&lt;lambda&gt;10]" time="0.007200479507446289"></testcase><testcase classname="src.pymortests.vectorarray" file="src/pymortests/vectorarray.py" line="829" name="test_isub[compatible_vector_array_pair6-&lt;lambda&gt;11]" time="0.002275705337524414"></testcase><testcase classname="src.pymortests.vectorarray" file="src/pymortests/vectorarray.py" line="829" name="test_isub[compatible_vector_array_pair6-&lt;lambda&gt;12]" time="0.0019996166229248047"></testcase><testcase classname="src.pymortests.vectorarray" file="src/pymortests/vectorarray.py" line="829" name="test_isub[compatible_vector_array_pair6-&lt;lambda&gt;13]" time="0.0021047592163085938"></testcase><testcase classname="src.pymortests.vectorarray" file="src/pymortests/vectorarray.py" line="829" name="test_isub[compatible_vector_array_pair6-&lt;lambda&gt;14]" time="0.0021209716796875"></testcase><testcase classname="src.pymortests.vectorarray" file="src/pymortests/vectorarray.py" line="829" name="test_isub[compatible_vector_array_pair6-&lt;lambda&gt;15]" time="0.0024542808532714844"></testcase><testcase classname="src.pymortests.vectorarray" file="src/pymortests/vectorarray.py" line="829" name="test_isub[compatible_vector_array_pair6-&lt;lambda&gt;16]" time="0.0025827884674072266"></testcase><testcase classname="src.pymortests.vectorarray" file="src/pymortests/vectorarray.py" line="829" name="test_isub[compatible_vector_array_pair6-&lt;lambda&gt;17]" time="0.002463102340698242"></testcase><testcase classname="src.pymortests.vectorarray" file="src/pymortests/vectorarray.py" line="829" name="test_isub[compatible_vector_array_pair6-&lt;lambda&gt;18]" time="0.0024077892303466797"></testcase><testcase classname="src.pymortests.vectorarray" file="src/pymortests/vectorarray.py" line="829" name="test_isub[compatible_vector_array_pair6-&lt;lambda&gt;19]" time="0.002520322799682617"></testcase><testcase classname="src.pymortests.vectorarray" file="src/pymortests/vectorarray.py" line="829" name="test_isub[compatible_vector_array_pair6-&lt;lambda&gt;20]" time="0.029125213623046875"></testcase><testcase classname="src.pymortests.vectorarray" file="src/pymortests/vectorarray.py" line="829" name="test_isub[compatible_vector_array_pair6-&lt;lambda&gt;21]" time="0.01952075958251953"></testcase><testcase classname="src.pymortests.vectorarray" file="src/pymortests/vectorarray.py" line="829" name="test_isub[compatible_vector_array_pair6-&lt;lambda&gt;22]" time="0.05493021011352539"></testcase><testcase classname="src.pymortests.vectorarray" file="src/pymortests/vectorarray.py" line="829" name="test_isub[compatible_vector_array_pair6-&lt;lambda&gt;23]" time="0.0040280818939208984"></testcase><testcase classname="src.pymortests.vectorarray" file="src/pymortests/vectorarray.py" line="829" name="test_isub[compatible_vector_array_pair6-&lt;lambda&gt;24]" time="0.001695394515991211"></testcase><testcase classname="src.pymortests.vectorarray" file="src/pymortests/vectorarray.py" line="829" name="test_isub[compatible_vector_array_pair6-&lt;lambda&gt;25]" time="0.0026497840881347656"></testcase><testcase classname="src.pymortests.vectorarray" file="src/pymortests/vectorarray.py" line="829" name="test_isub[compatible_vector_array_pair6-&lt;lambda&gt;26]" time="0.028420686721801758"></testcase><testcase classname="src.pymortests.vectorarray" file="src/pymortests/vectorarray.py" line="829" name="test_isub[compatible_vector_array_pair6-&lt;lambda&gt;27]" time="0.12295651435852051"></testcase><testcase classname="src.pymortests.vectorarray" file="src/pymortests/vectorarray.py" line="829" name="test_isub[compatible_vector_array_pair6-&lt;lambda&gt;28]" time="0.3347029685974121"></testcase><testcase classname="src.pymortests.vectorarray" file="src/pymortests/vectorarray.py" line="829" name="test_isub[compatible_vector_array_pair6-&lt;lambda&gt;29]" time="0.010709285736083984"></testcase><testcase classname="src.pymortests.vectorarray" file="src/pymortests/vectorarray.py" line="829" name="test_isub[compatible_vector_array_pair7-&lt;lambda&gt;0]" time="0.002431631088256836"></testcase><testcase classname="src.pymortests.vectorarray" file="src/pymortests/vectorarray.py" line="829" name="test_isub[compatible_vector_array_pair7-&lt;lambda&gt;1]" time="0.0019457340240478516"></testcase><testcase classname="src.pymortests.vectorarray" file="src/pymortests/vectorarray.py" line="829" name="test_isub[compatible_vector_array_pair7-&lt;lambda&gt;2]" time="0.0017702579498291016"></testcase><testcase classname="src.pymortests.vectorarray" file="src/pymortests/vectorarray.py" line="829" name="test_isub[compatible_vector_array_pair7-&lt;lambda&gt;3]" time="0.0018472671508789062"></testcase><testcase classname="src.pymortests.vectorarray" file="src/pymortests/vectorarray.py" line="829" name="test_isub[compatible_vector_array_pair7-&lt;lambda&gt;4]" time="0.0019073486328125"></testcase><testcase classname="src.pymortests.vectorarray" file="src/pymortests/vectorarray.py" line="829" name="test_isub[compatible_vector_array_pair7-&lt;lambda&gt;5]" time="0.0015954971313476562"></testcase><testcase classname="src.pymortests.vectorarray" file="src/pymortests/vectorarray.py" line="829" name="test_isub[compatible_vector_array_pair7-&lt;lambda&gt;6]" time="0.00156402587890625"></testcase><testcase classname="src.pymortests.vectorarray" file="src/pymortests/vectorarray.py" line="829" name="test_isub[compatible_vector_array_pair7-&lt;lambda&gt;7]" time="0.0015282630920410156"></testcase><testcase classname="src.pymortests.vectorarray" file="src/pymortests/vectorarray.py" line="829" name="test_isub[compatible_vector_array_pair7-&lt;lambda&gt;8]" time="0.002103090286254883"></testcase><testcase classname="src.pymortests.vectorarray" file="src/pymortests/vectorarray.py" line="829" name="test_isub[compatible_vector_array_pair7-&lt;lambda&gt;9]" time="0.00439453125"></testcase><testcase classname="src.pymortests.vectorarray" file="src/pymortests/vectorarray.py" line="829" name="test_isub[compatible_vector_array_pair7-&lt;lambda&gt;10]" time="0.007905244827270508"></testcase><testcase classname="src.pymortests.vectorarray" file="src/pymortests/vectorarray.py" line="829" name="test_isub[compatible_vector_array_pair7-&lt;lambda&gt;11]" time="0.001975536346435547"></testcase><testcase classname="src.pymortests.vectorarray" file="src/pymortests/vectorarray.py" line="829" name="test_isub[compatible_vector_array_pair7-&lt;lambda&gt;12]" time="0.002026796340942383"></testcase><testcase classname="src.pymortests.vectorarray" file="src/pymortests/vectorarray.py" line="829" name="test_isub[compatible_vector_array_pair7-&lt;lambda&gt;13]" time="0.0021545886993408203"></testcase><testcase classname="src.pymortests.vectorarray" file="src/pymortests/vectorarray.py" line="829" name="test_isub[compatible_vector_array_pair7-&lt;lambda&gt;14]" time="0.0021538734436035156"></testcase><testcase classname="src.pymortests.vectorarray" file="src/pymortests/vectorarray.py" line="829" name="test_isub[compatible_vector_array_pair7-&lt;lambda&gt;15]" time="0.002366781234741211"></testcase><testcase classname="src.pymortests.vectorarray" file="src/pymortests/vectorarray.py" line="829" name="test_isub[compatible_vector_array_pair7-&lt;lambda&gt;16]" time="0.0026345252990722656"></testcase><testcase classname="src.pymortests.vectorarray" file="src/pymortests/vectorarray.py" line="829" name="test_isub[compatible_vector_array_pair7-&lt;lambda&gt;17]" time="0.002556324005126953"></testcase><testcase classname="src.pymortests.vectorarray" file="src/pymortests/vectorarray.py" line="829" name="test_isub[compatible_vector_array_pair7-&lt;lambda&gt;18]" time="0.0025713443756103516"></testcase><testcase classname="src.pymortests.vectorarray" file="src/pymortests/vectorarray.py" line="829" name="test_isub[compatible_vector_array_pair7-&lt;lambda&gt;19]" time="0.002446889877319336"></testcase><testcase classname="src.pymortests.vectorarray" file="src/pymortests/vectorarray.py" line="829" name="test_isub[compatible_vector_array_pair7-&lt;lambda&gt;20]" time="0.02836465835571289"></testcase><testcase classname="src.pymortests.vectorarray" file="src/pymortests/vectorarray.py" line="829" name="test_isub[compatible_vector_array_pair7-&lt;lambda&gt;21]" time="0.018801212310791016"></testcase><testcase classname="src.pymortests.vectorarray" file="src/pymortests/vectorarray.py" line="829" name="test_isub[compatible_vector_array_pair7-&lt;lambda&gt;22]" time="0.055024147033691406"></testcase><testcase classname="src.pymortests.vectorarray" file="src/pymortests/vectorarray.py" line="829" name="test_isub[compatible_vector_array_pair7-&lt;lambda&gt;23]" time="0.00419926643371582"></testcase><testcase classname="src.pymortests.vectorarray" file="src/pymortests/vectorarray.py" line="829" name="test_isub[compatible_vector_array_pair7-&lt;lambda&gt;24]" time="0.001535654067993164"></testcase><testcase classname="src.pymortests.vectorarray" file="src/pymortests/vectorarray.py" line="829" name="test_isub[compatible_vector_array_pair7-&lt;lambda&gt;25]" time="0.002572774887084961"></testcase><testcase classname="src.pymortests.vectorarray" file="src/pymortests/vectorarray.py" line="829" name="test_isub[compatible_vector_array_pair7-&lt;lambda&gt;26]" time="0.02806401252746582"></testcase><testcase classname="src.pymortests.vectorarray" file="src/pymortests/vectorarray.py" line="829" name="test_isub[compatible_vector_array_pair7-&lt;lambda&gt;27]" time="0.11687469482421875"></testcase><testcase classname="src.pymortests.vectorarray" file="src/pymortests/vectorarray.py" line="829" name="test_isub[compatible_vector_array_pair7-&lt;lambda&gt;28]" time="0.3169236183166504"></testcase><testcase classname="src.pymortests.vectorarray" file="src/pymortests/vectorarray.py" line="829" name="test_isub[compatible_vector_array_pair7-&lt;lambda&gt;29]" time="0.011072874069213867"></testcase><testcase classname="src.pymortests.vectorarray" file="src/pymortests/vectorarray.py" line="829" name="test_isub[compatible_vector_array_pair8-&lt;lambda&gt;0]" time="0.0026662349700927734"></testcase><testcase classname="src.pymortests.vectorarray" file="src/pymortests/vectorarray.py" line="829" name="test_isub[compatible_vector_array_pair8-&lt;lambda&gt;1]" time="0.0020132064819335938"></testcase><testcase classname="src.pymortests.vectorarray" file="src/pymortests/vectorarray.py" line="829" name="test_isub[compatible_vector_array_pair8-&lt;lambda&gt;2]" time="0.0019805431365966797"></testcase><testcase classname="src.pymortests.vectorarray" file="src/pymortests/vectorarray.py" line="829" name="test_isub[compatible_vector_array_pair8-&lt;lambda&gt;3]" time="0.0019872188568115234"></testcase><testcase classname="src.pymortests.vectorarray" file="src/pymortests/vectorarray.py" line="829" name="test_isub[compatible_vector_array_pair8-&lt;lambda&gt;4]" time="0.001928091049194336"></testcase><testcase classname="src.pymortests.vectorarray" file="src/pymortests/vectorarray.py" line="829" name="test_isub[compatible_vector_array_pair8-&lt;lambda&gt;5]" time="0.0015583038330078125"></testcase><testcase classname="src.pymortests.vectorarray" file="src/pymortests/vectorarray.py" line="829" name="test_isub[compatible_vector_array_pair8-&lt;lambda&gt;6]" time="0.0017178058624267578"></testcase><testcase classname="src.pymortests.vectorarray" file="src/pymortests/vectorarray.py" line="829" name="test_isub[compatible_vector_array_pair8-&lt;lambda&gt;7]" time="0.0015685558319091797"></testcase><testcase classname="src.pymortests.vectorarray" file="src/pymortests/vectorarray.py" line="829" name="test_isub[compatible_vector_array_pair8-&lt;lambda&gt;8]" time="0.002046823501586914"></testcase><testcase classname="src.pymortests.vectorarray" file="src/pymortests/vectorarray.py" line="829" name="test_isub[compatible_vector_array_pair8-&lt;lambda&gt;9]" time="0.004073143005371094"></testcase><testcase classname="src.pymortests.vectorarray" file="src/pymortests/vectorarray.py" line="829" name="test_isub[compatible_vector_array_pair8-&lt;lambda&gt;10]" time="0.007919073104858398"></testcase><testcase classname="src.pymortests.vectorarray" file="src/pymortests/vectorarray.py" line="829" name="test_isub[compatible_vector_array_pair8-&lt;lambda&gt;11]" time="0.001848459243774414"></testcase><testcase classname="src.pymortests.vectorarray" file="src/pymortests/vectorarray.py" line="829" name="test_isub[compatible_vector_array_pair8-&lt;lambda&gt;12]" time="0.0020585060119628906"></testcase><testcase classname="src.pymortests.vectorarray" file="src/pymortests/vectorarray.py" line="829" name="test_isub[compatible_vector_array_pair8-&lt;lambda&gt;13]" time="0.0021085739135742188"></testcase><testcase classname="src.pymortests.vectorarray" file="src/pymortests/vectorarray.py" line="829" name="test_isub[compatible_vector_array_pair8-&lt;lambda&gt;14]" time="0.002105236053466797"></testcase><testcase classname="src.pymortests.vectorarray" file="src/pymortests/vectorarray.py" line="829" name="test_isub[compatible_vector_array_pair8-&lt;lambda&gt;15]" time="0.002496957778930664"></testcase><testcase classname="src.pymortests.vectorarray" file="src/pymortests/vectorarray.py" line="829" name="test_isub[compatible_vector_array_pair8-&lt;lambda&gt;16]" time="0.002666473388671875"></testcase><testcase classname="src.pymortests.vectorarray" file="src/pymortests/vectorarray.py" line="829" name="test_isub[compatible_vector_array_pair8-&lt;lambda&gt;17]" time="0.002413034439086914"></testcase><testcase classname="src.pymortests.vectorarray" file="src/pymortests/vectorarray.py" line="829" name="test_isub[compatible_vector_array_pair8-&lt;lambda&gt;18]" time="0.0024347305297851562"></testcase><testcase classname="src.pymortests.vectorarray" file="src/pymortests/vectorarray.py" line="829" name="test_isub[compatible_vector_array_pair8-&lt;lambda&gt;19]" time="0.0026569366455078125"></testcase><testcase classname="src.pymortests.vectorarray" file="src/pymortests/vectorarray.py" line="829" name="test_isub[compatible_vector_array_pair8-&lt;lambda&gt;20]" time="0.02827596664428711"></testcase><testcase classname="src.pymortests.vectorarray" file="src/pymortests/vectorarray.py" line="829" name="test_isub[compatible_vector_array_pair8-&lt;lambda&gt;21]" time="0.01938033103942871"></testcase><testcase classname="src.pymortests.vectorarray" file="src/pymortests/vectorarray.py" line="829" name="test_isub[compatible_vector_array_pair8-&lt;lambda&gt;22]" time="0.054102182388305664"></testcase><testcase classname="src.pymortests.vectorarray" file="src/pymortests/vectorarray.py" line="829" name="test_isub[compatible_vector_array_pair8-&lt;lambda&gt;23]" time="0.004269838333129883"></testcase><testcase classname="src.pymortests.vectorarray" file="src/pymortests/vectorarray.py" line="829" name="test_isub[compatible_vector_array_pair8-&lt;lambda&gt;24]" time="0.0018389225006103516"></testcase><testcase classname="src.pymortests.vectorarray" file="src/pymortests/vectorarray.py" line="829" name="test_isub[compatible_vector_array_pair8-&lt;lambda&gt;25]" time="0.0027947425842285156"></testcase><testcase classname="src.pymortests.vectorarray" file="src/pymortests/vectorarray.py" line="829" name="test_isub[compatible_vector_array_pair8-&lt;lambda&gt;26]" time="0.028234481811523438"></testcase><testcase classname="src.pymortests.vectorarray" file="src/pymortests/vectorarray.py" line="829" name="test_isub[compatible_vector_array_pair8-&lt;lambda&gt;27]" time="0.11553835868835449"></testcase><testcase classname="src.pymortests.vectorarray" file="src/pymortests/vectorarray.py" line="829" name="test_isub[compatible_vector_array_pair8-&lt;lambda&gt;28]" time="0.3118116855621338"></testcase><testcase classname="src.pymortests.vectorarray" file="src/pymortests/vectorarray.py" line="829" name="test_isub[compatible_vector_array_pair8-&lt;lambda&gt;29]" time="0.01062321662902832"></testcase><testcase classname="src.pymortests.vectorarray" file="src/pymortests/vectorarray.py" line="841" name="test_neg[0-&lt;lambda&gt;0]" time="0.002188444137573242"></testcase><testcase classname="src.pymortests.vectorarray" file="src/pymortests/vectorarray.py" line="841" name="test_neg[0-&lt;lambda&gt;1]" time="0.0019643306732177734"></testcase><testcase classname="src.pymortests.vectorarray" file="src/pymortests/vectorarray.py" line="841" name="test_neg[0-&lt;lambda&gt;2]" time="0.0017049312591552734"></testcase><testcase classname="src.pymortests.vectorarray" file="src/pymortests/vectorarray.py" line="841" name="test_neg[0-&lt;lambda&gt;3]" time="0.0016813278198242188"></testcase><testcase classname="src.pymortests.vectorarray" file="src/pymortests/vectorarray.py" line="841" name="test_neg[0-&lt;lambda&gt;4]" time="0.0016942024230957031"></testcase><testcase classname="src.pymortests.vectorarray" file="src/pymortests/vectorarray.py" line="841" name="test_neg[0-&lt;lambda&gt;5]" time="0.001432657241821289"></testcase><testcase classname="src.pymortests.vectorarray" file="src/pymortests/vectorarray.py" line="841" name="test_neg[0-&lt;lambda&gt;6]" time="0.0015938282012939453"></testcase><testcase classname="src.pymortests.vectorarray" file="src/pymortests/vectorarray.py" line="841" name="test_neg[0-&lt;lambda&gt;7]" time="0.0017952919006347656"></testcase><testcase classname="src.pymortests.vectorarray" file="src/pymortests/vectorarray.py" line="841" name="test_neg[0-&lt;lambda&gt;8]" time="0.005082130432128906"></testcase><testcase classname="src.pymortests.vectorarray" file="src/pymortests/vectorarray.py" line="841" name="test_neg[0-&lt;lambda&gt;9]" time="0.00916600227355957"></testcase><testcase classname="src.pymortests.vectorarray" file="src/pymortests/vectorarray.py" line="841" name="test_neg[0-&lt;lambda&gt;10]" time="0.0020728111267089844"></testcase><testcase classname="src.pymortests.vectorarray" file="src/pymortests/vectorarray.py" line="841" name="test_neg[0-&lt;lambda&gt;11]" time="0.0020608901977539062"></testcase><testcase classname="src.pymortests.vectorarray" file="src/pymortests/vectorarray.py" line="841" name="test_neg[0-&lt;lambda&gt;12]" time="0.001976490020751953"></testcase><testcase classname="src.pymortests.vectorarray" file="src/pymortests/vectorarray.py" line="841" name="test_neg[0-&lt;lambda&gt;13]" time="0.0016913414001464844"></testcase><testcase classname="src.pymortests.vectorarray" file="src/pymortests/vectorarray.py" line="841" name="test_neg[0-&lt;lambda&gt;14]" time="0.00199127197265625"></testcase><testcase classname="src.pymortests.vectorarray" file="src/pymortests/vectorarray.py" line="841" name="test_neg[0-&lt;lambda&gt;15]" time="0.002410411834716797"></testcase><testcase classname="src.pymortests.vectorarray" file="src/pymortests/vectorarray.py" line="841" name="test_neg[0-&lt;lambda&gt;16]" time="0.0022907257080078125"></testcase><testcase classname="src.pymortests.vectorarray" file="src/pymortests/vectorarray.py" line="841" name="test_neg[0-&lt;lambda&gt;17]" time="0.0021779537200927734"></testcase><testcase classname="src.pymortests.vectorarray" file="src/pymortests/vectorarray.py" line="841" name="test_neg[0-&lt;lambda&gt;18]" time="0.0021157264709472656"></testcase><testcase classname="src.pymortests.vectorarray" file="src/pymortests/vectorarray.py" line="841" name="test_neg[0-&lt;lambda&gt;19]" time="0.0034906864166259766"></testcase><testcase classname="src.pymortests.vectorarray" file="src/pymortests/vectorarray.py" line="841" name="test_neg[0-&lt;lambda&gt;20]" time="0.01798224449157715"></testcase><testcase classname="src.pymortests.vectorarray" file="src/pymortests/vectorarray.py" line="841" name="test_neg[0-&lt;lambda&gt;21]" time="0.03915548324584961"></testcase><testcase classname="src.pymortests.vectorarray" file="src/pymortests/vectorarray.py" line="841" name="test_neg[0-&lt;lambda&gt;22]" time="0.0021333694458007812"></testcase><testcase classname="src.pymortests.vectorarray" file="src/pymortests/vectorarray.py" line="841" name="test_neg[0-&lt;lambda&gt;23]" time="0.0016067028045654297"></testcase><testcase classname="src.pymortests.vectorarray" file="src/pymortests/vectorarray.py" line="841" name="test_neg[0-&lt;lambda&gt;24]" time="0.006388664245605469"></testcase><testcase classname="src.pymortests.vectorarray" file="src/pymortests/vectorarray.py" line="841" name="test_neg[0-&lt;lambda&gt;25]" time="0.13491225242614746"></testcase><testcase classname="src.pymortests.vectorarray" file="src/pymortests/vectorarray.py" line="841" name="test_neg[0-&lt;lambda&gt;26]" time="0.3298192024230957"></testcase><testcase classname="src.pymortests.vectorarray" file="src/pymortests/vectorarray.py" line="841" name="test_neg[1-&lt;lambda&gt;0]" time="0.002638578414916992"></testcase><testcase classname="src.pymortests.vectorarray" file="src/pymortests/vectorarray.py" line="841" name="test_neg[1-&lt;lambda&gt;1]" time="0.0017309188842773438"></testcase><testcase classname="src.pymortests.vectorarray" file="src/pymortests/vectorarray.py" line="841" name="test_neg[1-&lt;lambda&gt;2]" time="0.0017826557159423828"></testcase><testcase classname="src.pymortests.vectorarray" file="src/pymortests/vectorarray.py" line="841" name="test_neg[1-&lt;lambda&gt;3]" time="0.001825571060180664"></testcase><testcase classname="src.pymortests.vectorarray" file="src/pymortests/vectorarray.py" line="841" name="test_neg[1-&lt;lambda&gt;4]" time="0.002246379852294922"></testcase><testcase classname="src.pymortests.vectorarray" file="src/pymortests/vectorarray.py" line="841" name="test_neg[1-&lt;lambda&gt;5]" time="0.0020596981048583984"></testcase><testcase classname="src.pymortests.vectorarray" file="src/pymortests/vectorarray.py" line="841" name="test_neg[1-&lt;lambda&gt;6]" time="0.0015146732330322266"></testcase><testcase classname="src.pymortests.vectorarray" file="src/pymortests/vectorarray.py" line="841" name="test_neg[1-&lt;lambda&gt;7]" time="0.0018160343170166016"></testcase><testcase classname="src.pymortests.vectorarray" file="src/pymortests/vectorarray.py" line="841" name="test_neg[1-&lt;lambda&gt;8]" time="0.006085634231567383"></testcase><testcase classname="src.pymortests.vectorarray" file="src/pymortests/vectorarray.py" line="841" name="test_neg[1-&lt;lambda&gt;9]" time="0.011807441711425781"></testcase><testcase classname="src.pymortests.vectorarray" file="src/pymortests/vectorarray.py" line="841" name="test_neg[1-&lt;lambda&gt;10]" time="0.0029304027557373047"></testcase><testcase classname="src.pymortests.vectorarray" file="src/pymortests/vectorarray.py" line="841" name="test_neg[1-&lt;lambda&gt;11]" time="0.00246429443359375"></testcase><testcase classname="src.pymortests.vectorarray" file="src/pymortests/vectorarray.py" line="841" name="test_neg[1-&lt;lambda&gt;12]" time="0.0031991004943847656"></testcase><testcase classname="src.pymortests.vectorarray" file="src/pymortests/vectorarray.py" line="841" name="test_neg[1-&lt;lambda&gt;13]" time="0.0022401809692382812"></testcase><testcase classname="src.pymortests.vectorarray" file="src/pymortests/vectorarray.py" line="841" name="test_neg[1-&lt;lambda&gt;14]" time="0.002199411392211914"></testcase><testcase classname="src.pymortests.vectorarray" file="src/pymortests/vectorarray.py" line="841" name="test_neg[1-&lt;lambda&gt;15]" time="0.002323150634765625"></testcase><testcase classname="src.pymortests.vectorarray" file="src/pymortests/vectorarray.py" line="841" name="test_neg[1-&lt;lambda&gt;16]" time="0.002633810043334961"></testcase><testcase classname="src.pymortests.vectorarray" file="src/pymortests/vectorarray.py" line="841" name="test_neg[1-&lt;lambda&gt;17]" time="0.002492189407348633"></testcase><testcase classname="src.pymortests.vectorarray" file="src/pymortests/vectorarray.py" line="841" name="test_neg[1-&lt;lambda&gt;18]" time="0.0020363330841064453"></testcase><testcase classname="src.pymortests.vectorarray" file="src/pymortests/vectorarray.py" line="841" name="test_neg[1-&lt;lambda&gt;19]" time="0.004114389419555664"></testcase><testcase classname="src.pymortests.vectorarray" file="src/pymortests/vectorarray.py" line="841" name="test_neg[1-&lt;lambda&gt;20]" time="0.018674612045288086"></testcase><testcase classname="src.pymortests.vectorarray" file="src/pymortests/vectorarray.py" line="841" name="test_neg[1-&lt;lambda&gt;21]" time="0.0404667854309082"></testcase><testcase classname="src.pymortests.vectorarray" file="src/pymortests/vectorarray.py" line="841" name="test_neg[1-&lt;lambda&gt;22]" time="0.0024530887603759766"></testcase><testcase classname="src.pymortests.vectorarray" file="src/pymortests/vectorarray.py" line="841" name="test_neg[1-&lt;lambda&gt;23]" time="0.001718282699584961"></testcase><testcase classname="src.pymortests.vectorarray" file="src/pymortests/vectorarray.py" line="841" name="test_neg[1-&lt;lambda&gt;24]" time="0.006230354309082031"></testcase><testcase classname="src.pymortests.vectorarray" file="src/pymortests/vectorarray.py" line="841" name="test_neg[1-&lt;lambda&gt;25]" time="0.1362907886505127"></testcase><testcase classname="src.pymortests.vectorarray" file="src/pymortests/vectorarray.py" line="841" name="test_neg[1-&lt;lambda&gt;26]" time="0.3185908794403076"></testcase><testcase classname="src.pymortests.vectorarray" file="src/pymortests/vectorarray.py" line="841" name="test_neg[2-&lt;lambda&gt;0]" time="0.0024793148040771484"></testcase><testcase classname="src.pymortests.vectorarray" file="src/pymortests/vectorarray.py" line="841" name="test_neg[2-&lt;lambda&gt;1]" time="0.0015835762023925781"></testcase><testcase classname="src.pymortests.vectorarray" file="src/pymortests/vectorarray.py" line="841" name="test_neg[2-&lt;lambda&gt;2]" time="0.0016567707061767578"></testcase><testcase classname="src.pymortests.vectorarray" file="src/pymortests/vectorarray.py" line="841" name="test_neg[2-&lt;lambda&gt;3]" time="0.001787424087524414"></testcase><testcase classname="src.pymortests.vectorarray" file="src/pymortests/vectorarray.py" line="841" name="test_neg[2-&lt;lambda&gt;4]" time="0.0017938613891601562"></testcase><testcase classname="src.pymortests.vectorarray" file="src/pymortests/vectorarray.py" line="841" name="test_neg[2-&lt;lambda&gt;5]" time="0.0014617443084716797"></testcase><testcase classname="src.pymortests.vectorarray" file="src/pymortests/vectorarray.py" line="841" name="test_neg[2-&lt;lambda&gt;6]" time="0.0014946460723876953"></testcase><testcase classname="src.pymortests.vectorarray" file="src/pymortests/vectorarray.py" line="841" name="test_neg[2-&lt;lambda&gt;7]" time="0.0017573833465576172"></testcase><testcase classname="src.pymortests.vectorarray" file="src/pymortests/vectorarray.py" line="841" name="test_neg[2-&lt;lambda&gt;8]" time="0.0050296783447265625"></testcase><testcase classname="src.pymortests.vectorarray" file="src/pymortests/vectorarray.py" line="841" name="test_neg[2-&lt;lambda&gt;9]" time="0.00930333137512207"></testcase><testcase classname="src.pymortests.vectorarray" file="src/pymortests/vectorarray.py" line="841" name="test_neg[2-&lt;lambda&gt;10]" time="0.002080678939819336"></testcase><testcase classname="src.pymortests.vectorarray" file="src/pymortests/vectorarray.py" line="841" name="test_neg[2-&lt;lambda&gt;11]" time="0.002142667770385742"></testcase><testcase classname="src.pymortests.vectorarray" file="src/pymortests/vectorarray.py" line="841" name="test_neg[2-&lt;lambda&gt;12]" time="0.0021789073944091797"></testcase><testcase classname="src.pymortests.vectorarray" file="src/pymortests/vectorarray.py" line="841" name="test_neg[2-&lt;lambda&gt;13]" time="0.002008676528930664"></testcase><testcase classname="src.pymortests.vectorarray" file="src/pymortests/vectorarray.py" line="841" name="test_neg[2-&lt;lambda&gt;14]" time="0.0021567344665527344"></testcase><testcase classname="src.pymortests.vectorarray" file="src/pymortests/vectorarray.py" line="841" name="test_neg[2-&lt;lambda&gt;15]" time="0.0024518966674804688"></testcase><testcase classname="src.pymortests.vectorarray" file="src/pymortests/vectorarray.py" line="841" name="test_neg[2-&lt;lambda&gt;16]" time="0.0023162364959716797"></testcase><testcase classname="src.pymortests.vectorarray" file="src/pymortests/vectorarray.py" line="841" name="test_neg[2-&lt;lambda&gt;17]" time="0.0024237632751464844"></testcase><testcase classname="src.pymortests.vectorarray" file="src/pymortests/vectorarray.py" line="841" name="test_neg[2-&lt;lambda&gt;18]" time="0.0020895004272460938"></testcase><testcase classname="src.pymortests.vectorarray" file="src/pymortests/vectorarray.py" line="841" name="test_neg[2-&lt;lambda&gt;19]" time="0.003798246383666992"></testcase><testcase classname="src.pymortests.vectorarray" file="src/pymortests/vectorarray.py" line="841" name="test_neg[2-&lt;lambda&gt;20]" time="0.01831841468811035"></testcase><testcase classname="src.pymortests.vectorarray" file="src/pymortests/vectorarray.py" line="841" name="test_neg[2-&lt;lambda&gt;21]" time="0.03871560096740723"></testcase><testcase classname="src.pymortests.vectorarray" file="src/pymortests/vectorarray.py" line="841" name="test_neg[2-&lt;lambda&gt;22]" time="0.0022449493408203125"></testcase><testcase classname="src.pymortests.vectorarray" file="src/pymortests/vectorarray.py" line="841" name="test_neg[2-&lt;lambda&gt;23]" time="0.0016903877258300781"></testcase><testcase classname="src.pymortests.vectorarray" file="src/pymortests/vectorarray.py" line="841" name="test_neg[2-&lt;lambda&gt;24]" time="0.00619053840637207"></testcase><testcase classname="src.pymortests.vectorarray" file="src/pymortests/vectorarray.py" line="841" name="test_neg[2-&lt;lambda&gt;25]" time="0.13552260398864746"></testcase><testcase classname="src.pymortests.vectorarray" file="src/pymortests/vectorarray.py" line="841" name="test_neg[2-&lt;lambda&gt;26]" time="0.31009674072265625"></testcase><testcase classname="src.pymortests.vectorarray" file="src/pymortests/vectorarray.py" line="850" name="test_mul[0-&lt;lambda&gt;0]" time="0.0032372474670410156"></testcase><testcase classname="src.pymortests.vectorarray" file="src/pymortests/vectorarray.py" line="850" name="test_mul[0-&lt;lambda&gt;1]" time="0.002197265625"></testcase><testcase classname="src.pymortests.vectorarray" file="src/pymortests/vectorarray.py" line="850" name="test_mul[0-&lt;lambda&gt;2]" time="0.0024216175079345703"></testcase><testcase classname="src.pymortests.vectorarray" file="src/pymortests/vectorarray.py" line="850" name="test_mul[0-&lt;lambda&gt;3]" time="0.0024917125701904297"></testcase><testcase classname="src.pymortests.vectorarray" file="src/pymortests/vectorarray.py" line="850" name="test_mul[0-&lt;lambda&gt;4]" time="0.0022509098052978516"></testcase><testcase classname="src.pymortests.vectorarray" file="src/pymortests/vectorarray.py" line="850" name="test_mul[0-&lt;lambda&gt;5]" time="0.0018970966339111328"></testcase><testcase classname="src.pymortests.vectorarray" file="src/pymortests/vectorarray.py" line="850" name="test_mul[0-&lt;lambda&gt;6]" time="0.00185394287109375"></testcase><testcase classname="src.pymortests.vectorarray" file="src/pymortests/vectorarray.py" line="850" name="test_mul[0-&lt;lambda&gt;7]" time="0.002633810043334961"></testcase><testcase classname="src.pymortests.vectorarray" file="src/pymortests/vectorarray.py" line="850" name="test_mul[0-&lt;lambda&gt;8]" time="0.01750636100769043"></testcase><testcase classname="src.pymortests.vectorarray" file="src/pymortests/vectorarray.py" line="850" name="test_mul[0-&lt;lambda&gt;9]" time="0.035427093505859375"></testcase><testcase classname="src.pymortests.vectorarray" file="src/pymortests/vectorarray.py" line="850" name="test_mul[0-&lt;lambda&gt;10]" time="0.004445791244506836"></testcase><testcase classname="src.pymortests.vectorarray" file="src/pymortests/vectorarray.py" line="850" name="test_mul[0-&lt;lambda&gt;11]" time="0.003737926483154297"></testcase><testcase classname="src.pymortests.vectorarray" file="src/pymortests/vectorarray.py" line="850" name="test_mul[0-&lt;lambda&gt;12]" time="0.0034787654876708984"></testcase><testcase classname="src.pymortests.vectorarray" file="src/pymortests/vectorarray.py" line="850" name="test_mul[0-&lt;lambda&gt;13]" time="0.0028629302978515625"></testcase><testcase classname="src.pymortests.vectorarray" file="src/pymortests/vectorarray.py" line="850" name="test_mul[0-&lt;lambda&gt;14]" time="0.0038156509399414062"></testcase><testcase classname="src.pymortests.vectorarray" file="src/pymortests/vectorarray.py" line="850" name="test_mul[0-&lt;lambda&gt;15]" time="0.004954814910888672"></testcase><testcase classname="src.pymortests.vectorarray" file="src/pymortests/vectorarray.py" line="850" name="test_mul[0-&lt;lambda&gt;16]" time="0.0045435428619384766"></testcase><testcase classname="src.pymortests.vectorarray" file="src/pymortests/vectorarray.py" line="850" name="test_mul[0-&lt;lambda&gt;17]" time="0.002466917037963867"></testcase><testcase classname="src.pymortests.vectorarray" file="src/pymortests/vectorarray.py" line="850" name="test_mul[0-&lt;lambda&gt;18]" time="0.0025680065155029297"></testcase><testcase classname="src.pymortests.vectorarray" file="src/pymortests/vectorarray.py" line="850" name="test_mul[0-&lt;lambda&gt;19]" time="0.00568389892578125"></testcase><testcase classname="src.pymortests.vectorarray" file="src/pymortests/vectorarray.py" line="850" name="test_mul[0-&lt;lambda&gt;20]" time="0.04138898849487305"></testcase><testcase classname="src.pymortests.vectorarray" file="src/pymortests/vectorarray.py" line="850" name="test_mul[0-&lt;lambda&gt;21]" time="0.09934496879577637"></testcase><testcase classname="src.pymortests.vectorarray" file="src/pymortests/vectorarray.py" line="850" name="test_mul[0-&lt;lambda&gt;22]" time="0.00281524658203125"></testcase><testcase classname="src.pymortests.vectorarray" file="src/pymortests/vectorarray.py" line="850" name="test_mul[0-&lt;lambda&gt;23]" time="0.0020825862884521484"></testcase><testcase classname="src.pymortests.vectorarray" file="src/pymortests/vectorarray.py" line="850" name="test_mul[0-&lt;lambda&gt;24]" time="0.018227338790893555"></testcase><testcase classname="src.pymortests.vectorarray" file="src/pymortests/vectorarray.py" line="850" name="test_mul[0-&lt;lambda&gt;25]" time="0.5747103691101074"></testcase><testcase classname="src.pymortests.vectorarray" file="src/pymortests/vectorarray.py" line="850" name="test_mul[0-&lt;lambda&gt;26]" time="1.2001233100891113"></testcase><testcase classname="src.pymortests.vectorarray" file="src/pymortests/vectorarray.py" line="850" name="test_mul[1-&lt;lambda&gt;0]" time="0.002916097640991211"></testcase><testcase classname="src.pymortests.vectorarray" file="src/pymortests/vectorarray.py" line="850" name="test_mul[1-&lt;lambda&gt;1]" time="0.0020821094512939453"></testcase><testcase classname="src.pymortests.vectorarray" file="src/pymortests/vectorarray.py" line="850" name="test_mul[1-&lt;lambda&gt;2]" time="0.0021600723266601562"></testcase><testcase classname="src.pymortests.vectorarray" file="src/pymortests/vectorarray.py" line="850" name="test_mul[1-&lt;lambda&gt;3]" time="0.0022211074829101562"></testcase><testcase classname="src.pymortests.vectorarray" file="src/pymortests/vectorarray.py" line="850" name="test_mul[1-&lt;lambda&gt;4]" time="0.0020673274993896484"></testcase><testcase classname="src.pymortests.vectorarray" file="src/pymortests/vectorarray.py" line="850" name="test_mul[1-&lt;lambda&gt;5]" time="0.0019168853759765625"></testcase><testcase classname="src.pymortests.vectorarray" file="src/pymortests/vectorarray.py" line="850" name="test_mul[1-&lt;lambda&gt;6]" time="0.0018019676208496094"></testcase><testcase classname="src.pymortests.vectorarray" file="src/pymortests/vectorarray.py" line="850" name="test_mul[1-&lt;lambda&gt;7]" time="0.0023963451385498047"></testcase><testcase classname="src.pymortests.vectorarray" file="src/pymortests/vectorarray.py" line="850" name="test_mul[1-&lt;lambda&gt;8]" time="0.017621994018554688"></testcase><testcase classname="src.pymortests.vectorarray" file="src/pymortests/vectorarray.py" line="850" name="test_mul[1-&lt;lambda&gt;9]" time="0.034828901290893555"></testcase><testcase classname="src.pymortests.vectorarray" file="src/pymortests/vectorarray.py" line="850" name="test_mul[1-&lt;lambda&gt;10]" time="0.004609107971191406"></testcase><testcase classname="src.pymortests.vectorarray" file="src/pymortests/vectorarray.py" line="850" name="test_mul[1-&lt;lambda&gt;11]" time="0.0037009716033935547"></testcase><testcase classname="src.pymortests.vectorarray" file="src/pymortests/vectorarray.py" line="850" name="test_mul[1-&lt;lambda&gt;12]" time="0.0035042762756347656"></testcase><testcase classname="src.pymortests.vectorarray" file="src/pymortests/vectorarray.py" line="850" name="test_mul[1-&lt;lambda&gt;13]" time="0.002807140350341797"></testcase><testcase classname="src.pymortests.vectorarray" file="src/pymortests/vectorarray.py" line="850" name="test_mul[1-&lt;lambda&gt;14]" time="0.003721952438354492"></testcase><testcase classname="src.pymortests.vectorarray" file="src/pymortests/vectorarray.py" line="850" name="test_mul[1-&lt;lambda&gt;15]" time="0.0053327083587646484"></testcase><testcase classname="src.pymortests.vectorarray" file="src/pymortests/vectorarray.py" line="850" name="test_mul[1-&lt;lambda&gt;16]" time="0.004278898239135742"></testcase><testcase classname="src.pymortests.vectorarray" file="src/pymortests/vectorarray.py" line="850" name="test_mul[1-&lt;lambda&gt;17]" time="0.0031707286834716797"></testcase><testcase classname="src.pymortests.vectorarray" file="src/pymortests/vectorarray.py" line="850" name="test_mul[1-&lt;lambda&gt;18]" time="0.002328634262084961"></testcase><testcase classname="src.pymortests.vectorarray" file="src/pymortests/vectorarray.py" line="850" name="test_mul[1-&lt;lambda&gt;19]" time="0.004662990570068359"></testcase><testcase classname="src.pymortests.vectorarray" file="src/pymortests/vectorarray.py" line="850" name="test_mul[1-&lt;lambda&gt;20]" time="0.04067230224609375"></testcase><testcase classname="src.pymortests.vectorarray" file="src/pymortests/vectorarray.py" line="850" name="test_mul[1-&lt;lambda&gt;21]" time="0.09379243850708008"></testcase><testcase classname="src.pymortests.vectorarray" file="src/pymortests/vectorarray.py" line="850" name="test_mul[1-&lt;lambda&gt;22]" time="0.0025305747985839844"></testcase><testcase classname="src.pymortests.vectorarray" file="src/pymortests/vectorarray.py" line="850" name="test_mul[1-&lt;lambda&gt;23]" time="0.0017859935760498047"></testcase><testcase classname="src.pymortests.vectorarray" file="src/pymortests/vectorarray.py" line="850" name="test_mul[1-&lt;lambda&gt;24]" time="0.015354156494140625"></testcase><testcase classname="src.pymortests.vectorarray" file="src/pymortests/vectorarray.py" line="850" name="test_mul[1-&lt;lambda&gt;25]" time="0.5213775634765625"></testcase><testcase classname="src.pymortests.vectorarray" file="src/pymortests/vectorarray.py" line="850" name="test_mul[1-&lt;lambda&gt;26]" time="1.1798489093780518"></testcase><testcase classname="src.pymortests.vectorarray" file="src/pymortests/vectorarray.py" line="850" name="test_mul[2-&lt;lambda&gt;0]" time="0.0028607845306396484"></testcase><testcase classname="src.pymortests.vectorarray" file="src/pymortests/vectorarray.py" line="850" name="test_mul[2-&lt;lambda&gt;1]" time="0.002183675765991211"></testcase><testcase classname="src.pymortests.vectorarray" file="src/pymortests/vectorarray.py" line="850" name="test_mul[2-&lt;lambda&gt;2]" time="0.0022134780883789062"></testcase><testcase classname="src.pymortests.vectorarray" file="src/pymortests/vectorarray.py" line="850" name="test_mul[2-&lt;lambda&gt;3]" time="0.002189159393310547"></testcase><testcase classname="src.pymortests.vectorarray" file="src/pymortests/vectorarray.py" line="850" name="test_mul[2-&lt;lambda&gt;4]" time="0.002090930938720703"></testcase><testcase classname="src.pymortests.vectorarray" file="src/pymortests/vectorarray.py" line="850" name="test_mul[2-&lt;lambda&gt;5]" time="0.0019505023956298828"></testcase><testcase classname="src.pymortests.vectorarray" file="src/pymortests/vectorarray.py" line="850" name="test_mul[2-&lt;lambda&gt;6]" time="0.0018405914306640625"></testcase><testcase classname="src.pymortests.vectorarray" file="src/pymortests/vectorarray.py" line="850" name="test_mul[2-&lt;lambda&gt;7]" time="0.002460002899169922"></testcase><testcase classname="src.pymortests.vectorarray" file="src/pymortests/vectorarray.py" line="850" name="test_mul[2-&lt;lambda&gt;8]" time="0.015752792358398438"></testcase><testcase classname="src.pymortests.vectorarray" file="src/pymortests/vectorarray.py" line="850" name="test_mul[2-&lt;lambda&gt;9]" time="0.03229498863220215"></testcase><testcase classname="src.pymortests.vectorarray" file="src/pymortests/vectorarray.py" line="850" name="test_mul[2-&lt;lambda&gt;10]" time="0.004049777984619141"></testcase><testcase classname="src.pymortests.vectorarray" file="src/pymortests/vectorarray.py" line="850" name="test_mul[2-&lt;lambda&gt;11]" time="0.003606081008911133"></testcase><testcase classname="src.pymortests.vectorarray" file="src/pymortests/vectorarray.py" line="850" name="test_mul[2-&lt;lambda&gt;12]" time="0.0034477710723876953"></testcase><testcase classname="src.pymortests.vectorarray" file="src/pymortests/vectorarray.py" line="850" name="test_mul[2-&lt;lambda&gt;13]" time="0.0032601356506347656"></testcase><testcase classname="src.pymortests.vectorarray" file="src/pymortests/vectorarray.py" line="850" name="test_mul[2-&lt;lambda&gt;14]" time="0.0036966800689697266"></testcase><testcase classname="src.pymortests.vectorarray" file="src/pymortests/vectorarray.py" line="850" name="test_mul[2-&lt;lambda&gt;15]" time="0.004585981369018555"></testcase><testcase classname="src.pymortests.vectorarray" file="src/pymortests/vectorarray.py" line="850" name="test_mul[2-&lt;lambda&gt;16]" time="0.004208087921142578"></testcase><testcase classname="src.pymortests.vectorarray" file="src/pymortests/vectorarray.py" line="850" name="test_mul[2-&lt;lambda&gt;17]" time="0.0025718212127685547"></testcase><testcase classname="src.pymortests.vectorarray" file="src/pymortests/vectorarray.py" line="850" name="test_mul[2-&lt;lambda&gt;18]" time="0.002366304397583008"></testcase><testcase classname="src.pymortests.vectorarray" file="src/pymortests/vectorarray.py" line="850" name="test_mul[2-&lt;lambda&gt;19]" time="0.004886150360107422"></testcase><testcase classname="src.pymortests.vectorarray" file="src/pymortests/vectorarray.py" line="850" name="test_mul[2-&lt;lambda&gt;20]" time="0.03749799728393555"></testcase><testcase classname="src.pymortests.vectorarray" file="src/pymortests/vectorarray.py" line="850" name="test_mul[2-&lt;lambda&gt;21]" time="0.08980512619018555"></testcase><testcase classname="src.pymortests.vectorarray" file="src/pymortests/vectorarray.py" line="850" name="test_mul[2-&lt;lambda&gt;22]" time="0.0028715133666992188"></testcase><testcase classname="src.pymortests.vectorarray" file="src/pymortests/vectorarray.py" line="850" name="test_mul[2-&lt;lambda&gt;23]" time="0.0018150806427001953"></testcase><testcase classname="src.pymortests.vectorarray" file="src/pymortests/vectorarray.py" line="850" name="test_mul[2-&lt;lambda&gt;24]" time="0.015216588973999023"></testcase><testcase classname="src.pymortests.vectorarray" file="src/pymortests/vectorarray.py" line="850" name="test_mul[2-&lt;lambda&gt;25]" time="0.5195729732513428"></testcase><testcase classname="src.pymortests.vectorarray" file="src/pymortests/vectorarray.py" line="850" name="test_mul[2-&lt;lambda&gt;26]" time="1.1674861907958984"></testcase><testcase classname="src.pymortests.vectorarray" file="src/pymortests/vectorarray.py" line="860" name="test_mul_wrong_factor[0-&lt;lambda&gt;0]" time="0.0017976760864257812"></testcase><testcase classname="src.pymortests.vectorarray" file="src/pymortests/vectorarray.py" line="860" name="test_mul_wrong_factor[0-&lt;lambda&gt;1]" time="0.0016474723815917969"></testcase><testcase classname="src.pymortests.vectorarray" file="src/pymortests/vectorarray.py" line="860" name="test_mul_wrong_factor[0-&lt;lambda&gt;2]" time="0.001257181167602539"></testcase><testcase classname="src.pymortests.vectorarray" file="src/pymortests/vectorarray.py" line="860" name="test_mul_wrong_factor[0-&lt;lambda&gt;3]" time="0.0012028217315673828"></testcase><testcase classname="src.pymortests.vectorarray" file="src/pymortests/vectorarray.py" line="860" name="test_mul_wrong_factor[0-&lt;lambda&gt;4]" time="0.0011174678802490234"></testcase><testcase classname="src.pymortests.vectorarray" file="src/pymortests/vectorarray.py" line="860" name="test_mul_wrong_factor[0-&lt;lambda&gt;5]" time="0.001219034194946289"></testcase><testcase classname="src.pymortests.vectorarray" file="src/pymortests/vectorarray.py" line="860" name="test_mul_wrong_factor[0-&lt;lambda&gt;6]" time="0.0011322498321533203"></testcase><testcase classname="src.pymortests.vectorarray" file="src/pymortests/vectorarray.py" line="860" name="test_mul_wrong_factor[0-&lt;lambda&gt;7]" time="0.001130819320678711"></testcase><testcase classname="src.pymortests.vectorarray" file="src/pymortests/vectorarray.py" line="860" name="test_mul_wrong_factor[0-&lt;lambda&gt;8]" time="0.0014503002166748047"></testcase><testcase classname="src.pymortests.vectorarray" file="src/pymortests/vectorarray.py" line="860" name="test_mul_wrong_factor[0-&lt;lambda&gt;9]" time="0.0018565654754638672"></testcase><testcase classname="src.pymortests.vectorarray" file="src/pymortests/vectorarray.py" line="860" name="test_mul_wrong_factor[0-&lt;lambda&gt;10]" time="0.0013070106506347656"></testcase><testcase classname="src.pymortests.vectorarray" file="src/pymortests/vectorarray.py" line="860" name="test_mul_wrong_factor[0-&lt;lambda&gt;11]" time="0.0013358592987060547"></testcase><testcase classname="src.pymortests.vectorarray" file="src/pymortests/vectorarray.py" line="860" name="test_mul_wrong_factor[0-&lt;lambda&gt;12]" time="0.0013267993927001953"></testcase><testcase classname="src.pymortests.vectorarray" file="src/pymortests/vectorarray.py" line="860" name="test_mul_wrong_factor[0-&lt;lambda&gt;13]" time="0.0013496875762939453"></testcase><testcase classname="src.pymortests.vectorarray" file="src/pymortests/vectorarray.py" line="860" name="test_mul_wrong_factor[0-&lt;lambda&gt;14]" time="0.0013070106506347656"></testcase><testcase classname="src.pymortests.vectorarray" file="src/pymortests/vectorarray.py" line="860" name="test_mul_wrong_factor[0-&lt;lambda&gt;15]" time="0.001447916030883789"></testcase><testcase classname="src.pymortests.vectorarray" file="src/pymortests/vectorarray.py" line="860" name="test_mul_wrong_factor[0-&lt;lambda&gt;16]" time="0.0013165473937988281"></testcase><testcase classname="src.pymortests.vectorarray" file="src/pymortests/vectorarray.py" line="860" name="test_mul_wrong_factor[0-&lt;lambda&gt;17]" time="0.0017101764678955078"></testcase><testcase classname="src.pymortests.vectorarray" file="src/pymortests/vectorarray.py" line="860" name="test_mul_wrong_factor[0-&lt;lambda&gt;18]" time="0.001584768295288086"></testcase><testcase classname="src.pymortests.vectorarray" file="src/pymortests/vectorarray.py" line="860" name="test_mul_wrong_factor[0-&lt;lambda&gt;19]" time="0.00264739990234375"></testcase><testcase classname="src.pymortests.vectorarray" file="src/pymortests/vectorarray.py" line="860" name="test_mul_wrong_factor[0-&lt;lambda&gt;20]" time="0.009679555892944336"></testcase><testcase classname="src.pymortests.vectorarray" file="src/pymortests/vectorarray.py" line="860" name="test_mul_wrong_factor[0-&lt;lambda&gt;21]" time="0.020631790161132812"></testcase><testcase classname="src.pymortests.vectorarray" file="src/pymortests/vectorarray.py" line="860" name="test_mul_wrong_factor[0-&lt;lambda&gt;22]" time="0.001791238784790039"></testcase><testcase classname="src.pymortests.vectorarray" file="src/pymortests/vectorarray.py" line="860" name="test_mul_wrong_factor[0-&lt;lambda&gt;23]" time="0.0012516975402832031"></testcase><testcase classname="src.pymortests.vectorarray" file="src/pymortests/vectorarray.py" line="860" name="test_mul_wrong_factor[0-&lt;lambda&gt;24]" time="0.0021424293518066406"></testcase><testcase classname="src.pymortests.vectorarray" file="src/pymortests/vectorarray.py" line="860" name="test_mul_wrong_factor[0-&lt;lambda&gt;25]" time="0.024695873260498047"></testcase><testcase classname="src.pymortests.vectorarray" file="src/pymortests/vectorarray.py" line="860" name="test_mul_wrong_factor[0-&lt;lambda&gt;26]" time="0.05564236640930176"></testcase><testcase classname="src.pymortests.vectorarray" file="src/pymortests/vectorarray.py" line="860" name="test_mul_wrong_factor[1-&lt;lambda&gt;0]" time="0.001867532730102539"></testcase><testcase classname="src.pymortests.vectorarray" file="src/pymortests/vectorarray.py" line="860" name="test_mul_wrong_factor[1-&lt;lambda&gt;1]" time="0.0013148784637451172"></testcase><testcase classname="src.pymortests.vectorarray" file="src/pymortests/vectorarray.py" line="860" name="test_mul_wrong_factor[1-&lt;lambda&gt;2]" time="0.001361846923828125"></testcase><testcase classname="src.pymortests.vectorarray" file="src/pymortests/vectorarray.py" line="860" name="test_mul_wrong_factor[1-&lt;lambda&gt;3]" time="0.0012516975402832031"></testcase><testcase classname="src.pymortests.vectorarray" file="src/pymortests/vectorarray.py" line="860" name="test_mul_wrong_factor[1-&lt;lambda&gt;4]" time="0.001207113265991211"></testcase><testcase classname="src.pymortests.vectorarray" file="src/pymortests/vectorarray.py" line="860" name="test_mul_wrong_factor[1-&lt;lambda&gt;5]" time="0.0012750625610351562"></testcase><testcase classname="src.pymortests.vectorarray" file="src/pymortests/vectorarray.py" line="860" name="test_mul_wrong_factor[1-&lt;lambda&gt;6]" time="0.00140380859375"></testcase><testcase classname="src.pymortests.vectorarray" file="src/pymortests/vectorarray.py" line="860" name="test_mul_wrong_factor[1-&lt;lambda&gt;7]" time="0.0017900466918945312"></testcase><testcase classname="src.pymortests.vectorarray" file="src/pymortests/vectorarray.py" line="860" name="test_mul_wrong_factor[1-&lt;lambda&gt;8]" time="0.0023651123046875"></testcase><testcase classname="src.pymortests.vectorarray" file="src/pymortests/vectorarray.py" line="860" name="test_mul_wrong_factor[1-&lt;lambda&gt;9]" time="0.0030138492584228516"></testcase><testcase classname="src.pymortests.vectorarray" file="src/pymortests/vectorarray.py" line="860" name="test_mul_wrong_factor[1-&lt;lambda&gt;10]" time="0.001566171646118164"></testcase><testcase classname="src.pymortests.vectorarray" file="src/pymortests/vectorarray.py" line="860" name="test_mul_wrong_factor[1-&lt;lambda&gt;11]" time="0.001543283462524414"></testcase><testcase classname="src.pymortests.vectorarray" file="src/pymortests/vectorarray.py" line="860" name="test_mul_wrong_factor[1-&lt;lambda&gt;12]" time="0.0016188621520996094"></testcase><testcase classname="src.pymortests.vectorarray" file="src/pymortests/vectorarray.py" line="860" name="test_mul_wrong_factor[1-&lt;lambda&gt;13]" time="0.0015375614166259766"></testcase><testcase classname="src.pymortests.vectorarray" file="src/pymortests/vectorarray.py" line="860" name="test_mul_wrong_factor[1-&lt;lambda&gt;14]" time="0.0015645027160644531"></testcase><testcase classname="src.pymortests.vectorarray" file="src/pymortests/vectorarray.py" line="860" name="test_mul_wrong_factor[1-&lt;lambda&gt;15]" time="0.0023453235626220703"></testcase><testcase classname="src.pymortests.vectorarray" file="src/pymortests/vectorarray.py" line="860" name="test_mul_wrong_factor[1-&lt;lambda&gt;16]" time="0.002254009246826172"></testcase><testcase classname="src.pymortests.vectorarray" file="src/pymortests/vectorarray.py" line="860" name="test_mul_wrong_factor[1-&lt;lambda&gt;17]" time="0.0016455650329589844"></testcase><testcase classname="src.pymortests.vectorarray" file="src/pymortests/vectorarray.py" line="860" name="test_mul_wrong_factor[1-&lt;lambda&gt;18]" time="0.0016448497772216797"></testcase><testcase classname="src.pymortests.vectorarray" file="src/pymortests/vectorarray.py" line="860" name="test_mul_wrong_factor[1-&lt;lambda&gt;19]" time="0.0029125213623046875"></testcase><testcase classname="src.pymortests.vectorarray" file="src/pymortests/vectorarray.py" line="860" name="test_mul_wrong_factor[1-&lt;lambda&gt;20]" time="0.012004613876342773"></testcase><testcase classname="src.pymortests.vectorarray" file="src/pymortests/vectorarray.py" line="860" name="test_mul_wrong_factor[1-&lt;lambda&gt;21]" time="0.02112436294555664"></testcase><testcase classname="src.pymortests.vectorarray" file="src/pymortests/vectorarray.py" line="860" name="test_mul_wrong_factor[1-&lt;lambda&gt;22]" time="0.0017879009246826172"></testcase><testcase classname="src.pymortests.vectorarray" file="src/pymortests/vectorarray.py" line="860" name="test_mul_wrong_factor[1-&lt;lambda&gt;23]" time="0.001237630844116211"></testcase><testcase classname="src.pymortests.vectorarray" file="src/pymortests/vectorarray.py" line="860" name="test_mul_wrong_factor[1-&lt;lambda&gt;24]" time="0.002148866653442383"></testcase><testcase classname="src.pymortests.vectorarray" file="src/pymortests/vectorarray.py" line="860" name="test_mul_wrong_factor[1-&lt;lambda&gt;25]" time="0.024586915969848633"></testcase><testcase classname="src.pymortests.vectorarray" file="src/pymortests/vectorarray.py" line="860" name="test_mul_wrong_factor[1-&lt;lambda&gt;26]" time="0.05703234672546387"></testcase><testcase classname="src.pymortests.vectorarray" file="src/pymortests/vectorarray.py" line="860" name="test_mul_wrong_factor[2-&lt;lambda&gt;0]" time="0.0017027854919433594"></testcase><testcase classname="src.pymortests.vectorarray" file="src/pymortests/vectorarray.py" line="860" name="test_mul_wrong_factor[2-&lt;lambda&gt;1]" time="0.001318216323852539"></testcase><testcase classname="src.pymortests.vectorarray" file="src/pymortests/vectorarray.py" line="860" name="test_mul_wrong_factor[2-&lt;lambda&gt;2]" time="0.0012402534484863281"></testcase><testcase classname="src.pymortests.vectorarray" file="src/pymortests/vectorarray.py" line="860" name="test_mul_wrong_factor[2-&lt;lambda&gt;3]" time="0.0012574195861816406"></testcase><testcase classname="src.pymortests.vectorarray" file="src/pymortests/vectorarray.py" line="860" name="test_mul_wrong_factor[2-&lt;lambda&gt;4]" time="0.0011641979217529297"></testcase><testcase classname="src.pymortests.vectorarray" file="src/pymortests/vectorarray.py" line="860" name="test_mul_wrong_factor[2-&lt;lambda&gt;5]" time="0.0011954307556152344"></testcase><testcase classname="src.pymortests.vectorarray" file="src/pymortests/vectorarray.py" line="860" name="test_mul_wrong_factor[2-&lt;lambda&gt;6]" time="0.0011875629425048828"></testcase><testcase classname="src.pymortests.vectorarray" file="src/pymortests/vectorarray.py" line="860" name="test_mul_wrong_factor[2-&lt;lambda&gt;7]" time="0.0012257099151611328"></testcase><testcase classname="src.pymortests.vectorarray" file="src/pymortests/vectorarray.py" line="860" name="test_mul_wrong_factor[2-&lt;lambda&gt;8]" time="0.0015659332275390625"></testcase><testcase classname="src.pymortests.vectorarray" file="src/pymortests/vectorarray.py" line="860" name="test_mul_wrong_factor[2-&lt;lambda&gt;9]" time="0.002148151397705078"></testcase><testcase classname="src.pymortests.vectorarray" file="src/pymortests/vectorarray.py" line="860" name="test_mul_wrong_factor[2-&lt;lambda&gt;10]" time="0.001352071762084961"></testcase><testcase classname="src.pymortests.vectorarray" file="src/pymortests/vectorarray.py" line="860" name="test_mul_wrong_factor[2-&lt;lambda&gt;11]" time="0.0016813278198242188"></testcase><testcase classname="src.pymortests.vectorarray" file="src/pymortests/vectorarray.py" line="860" name="test_mul_wrong_factor[2-&lt;lambda&gt;12]" time="0.0013692378997802734"></testcase><testcase classname="src.pymortests.vectorarray" file="src/pymortests/vectorarray.py" line="860" name="test_mul_wrong_factor[2-&lt;lambda&gt;13]" time="0.0012688636779785156"></testcase><testcase classname="src.pymortests.vectorarray" file="src/pymortests/vectorarray.py" line="860" name="test_mul_wrong_factor[2-&lt;lambda&gt;14]" time="0.0013222694396972656"></testcase><testcase classname="src.pymortests.vectorarray" file="src/pymortests/vectorarray.py" line="860" name="test_mul_wrong_factor[2-&lt;lambda&gt;15]" time="0.0013575553894042969"></testcase><testcase classname="src.pymortests.vectorarray" file="src/pymortests/vectorarray.py" line="860" name="test_mul_wrong_factor[2-&lt;lambda&gt;16]" time="0.0013577938079833984"></testcase><testcase classname="src.pymortests.vectorarray" file="src/pymortests/vectorarray.py" line="860" name="test_mul_wrong_factor[2-&lt;lambda&gt;17]" time="0.0015957355499267578"></testcase><testcase classname="src.pymortests.vectorarray" file="src/pymortests/vectorarray.py" line="860" name="test_mul_wrong_factor[2-&lt;lambda&gt;18]" time="0.001567840576171875"></testcase><testcase classname="src.pymortests.vectorarray" file="src/pymortests/vectorarray.py" line="860" name="test_mul_wrong_factor[2-&lt;lambda&gt;19]" time="0.002641439437866211"></testcase><testcase classname="src.pymortests.vectorarray" file="src/pymortests/vectorarray.py" line="860" name="test_mul_wrong_factor[2-&lt;lambda&gt;20]" time="0.009740591049194336"></testcase><testcase classname="src.pymortests.vectorarray" file="src/pymortests/vectorarray.py" line="860" name="test_mul_wrong_factor[2-&lt;lambda&gt;21]" time="0.021023035049438477"></testcase><testcase classname="src.pymortests.vectorarray" file="src/pymortests/vectorarray.py" line="860" name="test_mul_wrong_factor[2-&lt;lambda&gt;22]" time="0.0018191337585449219"></testcase><testcase classname="src.pymortests.vectorarray" file="src/pymortests/vectorarray.py" line="860" name="test_mul_wrong_factor[2-&lt;lambda&gt;23]" time="0.0012078285217285156"></testcase><testcase classname="src.pymortests.vectorarray" file="src/pymortests/vectorarray.py" line="860" name="test_mul_wrong_factor[2-&lt;lambda&gt;24]" time="0.0023810863494873047"></testcase><testcase classname="src.pymortests.vectorarray" file="src/pymortests/vectorarray.py" line="860" name="test_mul_wrong_factor[2-&lt;lambda&gt;25]" time="0.0240480899810791"></testcase><testcase classname="src.pymortests.vectorarray" file="src/pymortests/vectorarray.py" line="860" name="test_mul_wrong_factor[2-&lt;lambda&gt;26]" time="0.05704450607299805"></testcase><testcase classname="src.pymortests.vectorarray" file="src/pymortests/vectorarray.py" line="866" name="test_rmul[0-&lt;lambda&gt;0]" time="0.003032207489013672"></testcase><testcase classname="src.pymortests.vectorarray" file="src/pymortests/vectorarray.py" line="866" name="test_rmul[0-&lt;lambda&gt;1]" time="0.0020797252655029297"></testcase><testcase classname="src.pymortests.vectorarray" file="src/pymortests/vectorarray.py" line="866" name="test_rmul[0-&lt;lambda&gt;2]" time="0.002048492431640625"></testcase><testcase classname="src.pymortests.vectorarray" file="src/pymortests/vectorarray.py" line="866" name="test_rmul[0-&lt;lambda&gt;3]" time="0.0021677017211914062"></testcase><testcase classname="src.pymortests.vectorarray" file="src/pymortests/vectorarray.py" line="866" name="test_rmul[0-&lt;lambda&gt;4]" time="0.001963376998901367"></testcase><testcase classname="src.pymortests.vectorarray" file="src/pymortests/vectorarray.py" line="866" name="test_rmul[0-&lt;lambda&gt;5]" time="0.0016994476318359375"></testcase><testcase classname="src.pymortests.vectorarray" file="src/pymortests/vectorarray.py" line="866" name="test_rmul[0-&lt;lambda&gt;6]" time="0.0017063617706298828"></testcase><testcase classname="src.pymortests.vectorarray" file="src/pymortests/vectorarray.py" line="866" name="test_rmul[0-&lt;lambda&gt;7]" time="0.002275705337524414"></testcase><testcase classname="src.pymortests.vectorarray" file="src/pymortests/vectorarray.py" line="866" name="test_rmul[0-&lt;lambda&gt;8]" time="0.015676498413085938"></testcase><testcase classname="src.pymortests.vectorarray" file="src/pymortests/vectorarray.py" line="866" name="test_rmul[0-&lt;lambda&gt;9]" time="0.031371116638183594"></testcase><testcase classname="src.pymortests.vectorarray" file="src/pymortests/vectorarray.py" line="866" name="test_rmul[0-&lt;lambda&gt;10]" time="0.00438380241394043"></testcase><testcase classname="src.pymortests.vectorarray" file="src/pymortests/vectorarray.py" line="866" name="test_rmul[0-&lt;lambda&gt;11]" time="0.003649473190307617"></testcase><testcase classname="src.pymortests.vectorarray" file="src/pymortests/vectorarray.py" line="866" name="test_rmul[0-&lt;lambda&gt;12]" time="0.0033986568450927734"></testcase><testcase classname="src.pymortests.vectorarray" file="src/pymortests/vectorarray.py" line="866" name="test_rmul[0-&lt;lambda&gt;13]" time="0.0027365684509277344"></testcase><testcase classname="src.pymortests.vectorarray" file="src/pymortests/vectorarray.py" line="866" name="test_rmul[0-&lt;lambda&gt;14]" time="0.0033767223358154297"></testcase><testcase classname="src.pymortests.vectorarray" file="src/pymortests/vectorarray.py" line="866" name="test_rmul[0-&lt;lambda&gt;15]" time="0.004453897476196289"></testcase><testcase classname="src.pymortests.vectorarray" file="src/pymortests/vectorarray.py" line="866" name="test_rmul[0-&lt;lambda&gt;16]" time="0.004222393035888672"></testcase><testcase classname="src.pymortests.vectorarray" file="src/pymortests/vectorarray.py" line="866" name="test_rmul[0-&lt;lambda&gt;17]" time="0.0023086071014404297"></testcase><testcase classname="src.pymortests.vectorarray" file="src/pymortests/vectorarray.py" line="866" name="test_rmul[0-&lt;lambda&gt;18]" time="0.0021982192993164062"></testcase><testcase classname="src.pymortests.vectorarray" file="src/pymortests/vectorarray.py" line="866" name="test_rmul[0-&lt;lambda&gt;19]" time="0.004664182662963867"></testcase><testcase classname="src.pymortests.vectorarray" file="src/pymortests/vectorarray.py" line="866" name="test_rmul[0-&lt;lambda&gt;20]" time="0.037360191345214844"></testcase><testcase classname="src.pymortests.vectorarray" file="src/pymortests/vectorarray.py" line="866" name="test_rmul[0-&lt;lambda&gt;21]" time="0.08964967727661133"></testcase><testcase classname="src.pymortests.vectorarray" file="src/pymortests/vectorarray.py" line="866" name="test_rmul[0-&lt;lambda&gt;22]" time="0.0024535655975341797"></testcase><testcase classname="src.pymortests.vectorarray" file="src/pymortests/vectorarray.py" line="866" name="test_rmul[0-&lt;lambda&gt;23]" time="0.001706838607788086"></testcase><testcase classname="src.pymortests.vectorarray" file="src/pymortests/vectorarray.py" line="866" name="test_rmul[0-&lt;lambda&gt;24]" time="0.014899730682373047"></testcase><testcase classname="src.pymortests.vectorarray" file="src/pymortests/vectorarray.py" line="866" name="test_rmul[0-&lt;lambda&gt;25]" time="0.4948601722717285"></testcase><testcase classname="src.pymortests.vectorarray" file="src/pymortests/vectorarray.py" line="866" name="test_rmul[0-&lt;lambda&gt;26]" time="1.156972885131836"></testcase><testcase classname="src.pymortests.vectorarray" file="src/pymortests/vectorarray.py" line="866" name="test_rmul[1-&lt;lambda&gt;0]" time="0.003004789352416992"></testcase><testcase classname="src.pymortests.vectorarray" file="src/pymortests/vectorarray.py" line="866" name="test_rmul[1-&lt;lambda&gt;1]" time="0.0024805068969726562"></testcase><testcase classname="src.pymortests.vectorarray" file="src/pymortests/vectorarray.py" line="866" name="test_rmul[1-&lt;lambda&gt;2]" time="0.0020439624786376953"></testcase><testcase classname="src.pymortests.vectorarray" file="src/pymortests/vectorarray.py" line="866" name="test_rmul[1-&lt;lambda&gt;3]" time="0.002451658248901367"></testcase><testcase classname="src.pymortests.vectorarray" file="src/pymortests/vectorarray.py" line="866" name="test_rmul[1-&lt;lambda&gt;4]" time="0.002294778823852539"></testcase><testcase classname="src.pymortests.vectorarray" file="src/pymortests/vectorarray.py" line="866" name="test_rmul[1-&lt;lambda&gt;5]" time="0.0017924308776855469"></testcase><testcase classname="src.pymortests.vectorarray" file="src/pymortests/vectorarray.py" line="866" name="test_rmul[1-&lt;lambda&gt;6]" time="0.0016932487487792969"></testcase><testcase classname="src.pymortests.vectorarray" file="src/pymortests/vectorarray.py" line="866" name="test_rmul[1-&lt;lambda&gt;7]" time="0.0021774768829345703"></testcase><testcase classname="src.pymortests.vectorarray" file="src/pymortests/vectorarray.py" line="866" name="test_rmul[1-&lt;lambda&gt;8]" time="0.016136646270751953"></testcase><testcase classname="src.pymortests.vectorarray" file="src/pymortests/vectorarray.py" line="866" name="test_rmul[1-&lt;lambda&gt;9]" time="0.03621315956115723"></testcase><testcase classname="src.pymortests.vectorarray" file="src/pymortests/vectorarray.py" line="866" name="test_rmul[1-&lt;lambda&gt;10]" time="0.004108905792236328"></testcase><testcase classname="src.pymortests.vectorarray" file="src/pymortests/vectorarray.py" line="866" name="test_rmul[1-&lt;lambda&gt;11]" time="0.0033996105194091797"></testcase><testcase classname="src.pymortests.vectorarray" file="src/pymortests/vectorarray.py" line="866" name="test_rmul[1-&lt;lambda&gt;12]" time="0.0034818649291992188"></testcase><testcase classname="src.pymortests.vectorarray" file="src/pymortests/vectorarray.py" line="866" name="test_rmul[1-&lt;lambda&gt;13]" time="0.0027735233306884766"></testcase><testcase classname="src.pymortests.vectorarray" file="src/pymortests/vectorarray.py" line="866" name="test_rmul[1-&lt;lambda&gt;14]" time="0.0033617019653320312"></testcase><testcase classname="src.pymortests.vectorarray" file="src/pymortests/vectorarray.py" line="866" name="test_rmul[1-&lt;lambda&gt;15]" time="0.00451970100402832"></testcase><testcase classname="src.pymortests.vectorarray" file="src/pymortests/vectorarray.py" line="866" name="test_rmul[1-&lt;lambda&gt;16]" time="0.003989458084106445"></testcase><testcase classname="src.pymortests.vectorarray" file="src/pymortests/vectorarray.py" line="866" name="test_rmul[1-&lt;lambda&gt;17]" time="0.0023789405822753906"></testcase><testcase classname="src.pymortests.vectorarray" file="src/pymortests/vectorarray.py" line="866" name="test_rmul[1-&lt;lambda&gt;18]" time="0.00223541259765625"></testcase><testcase classname="src.pymortests.vectorarray" file="src/pymortests/vectorarray.py" line="866" name="test_rmul[1-&lt;lambda&gt;19]" time="0.004580974578857422"></testcase><testcase classname="src.pymortests.vectorarray" file="src/pymortests/vectorarray.py" line="866" name="test_rmul[1-&lt;lambda&gt;20]" time="0.03778648376464844"></testcase><testcase classname="src.pymortests.vectorarray" file="src/pymortests/vectorarray.py" line="866" name="test_rmul[1-&lt;lambda&gt;21]" time="0.08874988555908203"></testcase><testcase classname="src.pymortests.vectorarray" file="src/pymortests/vectorarray.py" line="866" name="test_rmul[1-&lt;lambda&gt;22]" time="0.002656698226928711"></testcase><testcase classname="src.pymortests.vectorarray" file="src/pymortests/vectorarray.py" line="866" name="test_rmul[1-&lt;lambda&gt;23]" time="0.0018186569213867188"></testcase><testcase classname="src.pymortests.vectorarray" file="src/pymortests/vectorarray.py" line="866" name="test_rmul[1-&lt;lambda&gt;24]" time="0.016280651092529297"></testcase><testcase classname="src.pymortests.vectorarray" file="src/pymortests/vectorarray.py" line="866" name="test_rmul[1-&lt;lambda&gt;25]" time="0.5039188861846924"></testcase><testcase classname="src.pymortests.vectorarray" file="src/pymortests/vectorarray.py" line="866" name="test_rmul[1-&lt;lambda&gt;26]" time="1.1702196598052979"></testcase><testcase classname="src.pymortests.vectorarray" file="src/pymortests/vectorarray.py" line="866" name="test_rmul[2-&lt;lambda&gt;0]" time="0.0029654502868652344"></testcase><testcase classname="src.pymortests.vectorarray" file="src/pymortests/vectorarray.py" line="866" name="test_rmul[2-&lt;lambda&gt;1]" time="0.002075672149658203"></testcase><testcase classname="src.pymortests.vectorarray" file="src/pymortests/vectorarray.py" line="866" name="test_rmul[2-&lt;lambda&gt;2]" time="0.002123117446899414"></testcase><testcase classname="src.pymortests.vectorarray" file="src/pymortests/vectorarray.py" line="866" name="test_rmul[2-&lt;lambda&gt;3]" time="0.00220489501953125"></testcase><testcase classname="src.pymortests.vectorarray" file="src/pymortests/vectorarray.py" line="866" name="test_rmul[2-&lt;lambda&gt;4]" time="0.002098560333251953"></testcase><testcase classname="src.pymortests.vectorarray" file="src/pymortests/vectorarray.py" line="866" name="test_rmul[2-&lt;lambda&gt;5]" time="0.0017082691192626953"></testcase><testcase classname="src.pymortests.vectorarray" file="src/pymortests/vectorarray.py" line="866" name="test_rmul[2-&lt;lambda&gt;6]" time="0.001676797866821289"></testcase><testcase classname="src.pymortests.vectorarray" file="src/pymortests/vectorarray.py" line="866" name="test_rmul[2-&lt;lambda&gt;7]" time="0.0023050308227539062"></testcase><testcase classname="src.pymortests.vectorarray" file="src/pymortests/vectorarray.py" line="866" name="test_rmul[2-&lt;lambda&gt;8]" time="0.015422821044921875"></testcase><testcase classname="src.pymortests.vectorarray" file="src/pymortests/vectorarray.py" line="866" name="test_rmul[2-&lt;lambda&gt;9]" time="0.030971288681030273"></testcase><testcase classname="src.pymortests.vectorarray" file="src/pymortests/vectorarray.py" line="866" name="test_rmul[2-&lt;lambda&gt;10]" time="0.0041124820709228516"></testcase><testcase classname="src.pymortests.vectorarray" file="src/pymortests/vectorarray.py" line="866" name="test_rmul[2-&lt;lambda&gt;11]" time="0.003323793411254883"></testcase><testcase classname="src.pymortests.vectorarray" file="src/pymortests/vectorarray.py" line="866" name="test_rmul[2-&lt;lambda&gt;12]" time="0.0032606124877929688"></testcase><testcase classname="src.pymortests.vectorarray" file="src/pymortests/vectorarray.py" line="866" name="test_rmul[2-&lt;lambda&gt;13]" time="0.0027284622192382812"></testcase><testcase classname="src.pymortests.vectorarray" file="src/pymortests/vectorarray.py" line="866" name="test_rmul[2-&lt;lambda&gt;14]" time="0.003361225128173828"></testcase><testcase classname="src.pymortests.vectorarray" file="src/pymortests/vectorarray.py" line="866" name="test_rmul[2-&lt;lambda&gt;15]" time="0.00972437858581543"></testcase><testcase classname="src.pymortests.vectorarray" file="src/pymortests/vectorarray.py" line="866" name="test_rmul[2-&lt;lambda&gt;16]" time="0.004176616668701172"></testcase><testcase classname="src.pymortests.vectorarray" file="src/pymortests/vectorarray.py" line="866" name="test_rmul[2-&lt;lambda&gt;17]" time="0.002530813217163086"></testcase><testcase classname="src.pymortests.vectorarray" file="src/pymortests/vectorarray.py" line="866" name="test_rmul[2-&lt;lambda&gt;18]" time="0.002309083938598633"></testcase><testcase classname="src.pymortests.vectorarray" file="src/pymortests/vectorarray.py" line="866" name="test_rmul[2-&lt;lambda&gt;19]" time="0.004585981369018555"></testcase><testcase classname="src.pymortests.vectorarray" file="src/pymortests/vectorarray.py" line="866" name="test_rmul[2-&lt;lambda&gt;20]" time="0.03753089904785156"></testcase><testcase classname="src.pymortests.vectorarray" file="src/pymortests/vectorarray.py" line="866" name="test_rmul[2-&lt;lambda&gt;21]" time="0.08825421333312988"></testcase><testcase classname="src.pymortests.vectorarray" file="src/pymortests/vectorarray.py" line="866" name="test_rmul[2-&lt;lambda&gt;22]" time="0.002522706985473633"></testcase><testcase classname="src.pymortests.vectorarray" file="src/pymortests/vectorarray.py" line="866" name="test_rmul[2-&lt;lambda&gt;23]" time="0.0019366741180419922"></testcase><testcase classname="src.pymortests.vectorarray" file="src/pymortests/vectorarray.py" line="866" name="test_rmul[2-&lt;lambda&gt;24]" time="0.016216278076171875"></testcase><testcase classname="src.pymortests.vectorarray" file="src/pymortests/vectorarray.py" line="866" name="test_rmul[2-&lt;lambda&gt;25]" time="0.5002059936523438"></testcase><testcase classname="src.pymortests.vectorarray" file="src/pymortests/vectorarray.py" line="866" name="test_rmul[2-&lt;lambda&gt;26]" time="1.1628680229187012"></testcase><testcase classname="src.pymortests.vectorarray" file="src/pymortests/vectorarray.py" line="876" name="test_imul[0-&lt;lambda&gt;0]" time="0.0025985240936279297"></testcase><testcase classname="src.pymortests.vectorarray" file="src/pymortests/vectorarray.py" line="876" name="test_imul[0-&lt;lambda&gt;1]" time="0.00185394287109375"></testcase><testcase classname="src.pymortests.vectorarray" file="src/pymortests/vectorarray.py" line="876" name="test_imul[0-&lt;lambda&gt;2]" time="0.0018019676208496094"></testcase><testcase classname="src.pymortests.vectorarray" file="src/pymortests/vectorarray.py" line="876" name="test_imul[0-&lt;lambda&gt;3]" time="0.0018160343170166016"></testcase><testcase classname="src.pymortests.vectorarray" file="src/pymortests/vectorarray.py" line="876" name="test_imul[0-&lt;lambda&gt;4]" time="0.0016891956329345703"></testcase><testcase classname="src.pymortests.vectorarray" file="src/pymortests/vectorarray.py" line="876" name="test_imul[0-&lt;lambda&gt;5]" time="0.0015077590942382812"></testcase><testcase classname="src.pymortests.vectorarray" file="src/pymortests/vectorarray.py" line="876" name="test_imul[0-&lt;lambda&gt;6]" time="0.0014605522155761719"></testcase><testcase classname="src.pymortests.vectorarray" file="src/pymortests/vectorarray.py" line="876" name="test_imul[0-&lt;lambda&gt;7]" time="0.0020318031311035156"></testcase><testcase classname="src.pymortests.vectorarray" file="src/pymortests/vectorarray.py" line="876" name="test_imul[0-&lt;lambda&gt;8]" time="0.01056981086730957"></testcase><testcase classname="src.pymortests.vectorarray" file="src/pymortests/vectorarray.py" line="876" name="test_imul[0-&lt;lambda&gt;9]" time="0.022271394729614258"></testcase><testcase classname="src.pymortests.vectorarray" file="src/pymortests/vectorarray.py" line="876" name="test_imul[0-&lt;lambda&gt;10]" time="0.0035936832427978516"></testcase><testcase classname="src.pymortests.vectorarray" file="src/pymortests/vectorarray.py" line="876" name="test_imul[0-&lt;lambda&gt;11]" time="0.003426074981689453"></testcase><testcase classname="src.pymortests.vectorarray" file="src/pymortests/vectorarray.py" line="876" name="test_imul[0-&lt;lambda&gt;12]" time="0.0026018619537353516"></testcase><testcase classname="src.pymortests.vectorarray" file="src/pymortests/vectorarray.py" line="876" name="test_imul[0-&lt;lambda&gt;13]" time="0.0022101402282714844"></testcase><testcase classname="src.pymortests.vectorarray" file="src/pymortests/vectorarray.py" line="876" name="test_imul[0-&lt;lambda&gt;14]" time="0.002595186233520508"></testcase><testcase classname="src.pymortests.vectorarray" file="src/pymortests/vectorarray.py" line="876" name="test_imul[0-&lt;lambda&gt;15]" time="0.003970146179199219"></testcase><testcase classname="src.pymortests.vectorarray" file="src/pymortests/vectorarray.py" line="876" name="test_imul[0-&lt;lambda&gt;16]" time="0.003523111343383789"></testcase><testcase classname="src.pymortests.vectorarray" file="src/pymortests/vectorarray.py" line="876" name="test_imul[0-&lt;lambda&gt;17]" time="0.0021448135375976562"></testcase><testcase classname="src.pymortests.vectorarray" file="src/pymortests/vectorarray.py" line="876" name="test_imul[0-&lt;lambda&gt;18]" time="0.0019354820251464844"></testcase><testcase classname="src.pymortests.vectorarray" file="src/pymortests/vectorarray.py" line="876" name="test_imul[0-&lt;lambda&gt;19]" time="0.003780841827392578"></testcase><testcase classname="src.pymortests.vectorarray" file="src/pymortests/vectorarray.py" line="876" name="test_imul[0-&lt;lambda&gt;20]" time="0.03007221221923828"></testcase><testcase classname="src.pymortests.vectorarray" file="src/pymortests/vectorarray.py" line="876" name="test_imul[0-&lt;lambda&gt;21]" time="0.07743358612060547"></testcase><testcase classname="src.pymortests.vectorarray" file="src/pymortests/vectorarray.py" line="876" name="test_imul[0-&lt;lambda&gt;22]" time="0.002231121063232422"></testcase><testcase classname="src.pymortests.vectorarray" file="src/pymortests/vectorarray.py" line="876" name="test_imul[0-&lt;lambda&gt;23]" time="0.0015838146209716797"></testcase><testcase classname="src.pymortests.vectorarray" file="src/pymortests/vectorarray.py" line="876" name="test_imul[0-&lt;lambda&gt;24]" time="0.012185335159301758"></testcase><testcase classname="src.pymortests.vectorarray" file="src/pymortests/vectorarray.py" line="876" name="test_imul[0-&lt;lambda&gt;25]" time="0.3911099433898926"></testcase><testcase classname="src.pymortests.vectorarray" file="src/pymortests/vectorarray.py" line="876" name="test_imul[0-&lt;lambda&gt;26]" time="0.8800899982452393"></testcase><testcase classname="src.pymortests.vectorarray" file="src/pymortests/vectorarray.py" line="876" name="test_imul[1-&lt;lambda&gt;0]" time="0.0025904178619384766"></testcase><testcase classname="src.pymortests.vectorarray" file="src/pymortests/vectorarray.py" line="876" name="test_imul[1-&lt;lambda&gt;1]" time="0.0019316673278808594"></testcase><testcase classname="src.pymortests.vectorarray" file="src/pymortests/vectorarray.py" line="876" name="test_imul[1-&lt;lambda&gt;2]" time="0.0017867088317871094"></testcase><testcase classname="src.pymortests.vectorarray" file="src/pymortests/vectorarray.py" line="876" name="test_imul[1-&lt;lambda&gt;3]" time="0.0018222332000732422"></testcase><testcase classname="src.pymortests.vectorarray" file="src/pymortests/vectorarray.py" line="876" name="test_imul[1-&lt;lambda&gt;4]" time="0.0020599365234375"></testcase><testcase classname="src.pymortests.vectorarray" file="src/pymortests/vectorarray.py" line="876" name="test_imul[1-&lt;lambda&gt;5]" time="0.0016162395477294922"></testcase><testcase classname="src.pymortests.vectorarray" file="src/pymortests/vectorarray.py" line="876" name="test_imul[1-&lt;lambda&gt;6]" time="0.0014657974243164062"></testcase><testcase classname="src.pymortests.vectorarray" file="src/pymortests/vectorarray.py" line="876" name="test_imul[1-&lt;lambda&gt;7]" time="0.001844644546508789"></testcase><testcase classname="src.pymortests.vectorarray" file="src/pymortests/vectorarray.py" line="876" name="test_imul[1-&lt;lambda&gt;8]" time="0.010552644729614258"></testcase><testcase classname="src.pymortests.vectorarray" file="src/pymortests/vectorarray.py" line="876" name="test_imul[1-&lt;lambda&gt;9]" time="0.022006988525390625"></testcase><testcase classname="src.pymortests.vectorarray" file="src/pymortests/vectorarray.py" line="876" name="test_imul[1-&lt;lambda&gt;10]" time="0.004015445709228516"></testcase><testcase classname="src.pymortests.vectorarray" file="src/pymortests/vectorarray.py" line="876" name="test_imul[1-&lt;lambda&gt;11]" time="0.0026884078979492188"></testcase><testcase classname="src.pymortests.vectorarray" file="src/pymortests/vectorarray.py" line="876" name="test_imul[1-&lt;lambda&gt;12]" time="0.0027132034301757812"></testcase><testcase classname="src.pymortests.vectorarray" file="src/pymortests/vectorarray.py" line="876" name="test_imul[1-&lt;lambda&gt;13]" time="0.002246379852294922"></testcase><testcase classname="src.pymortests.vectorarray" file="src/pymortests/vectorarray.py" line="876" name="test_imul[1-&lt;lambda&gt;14]" time="0.0025310516357421875"></testcase><testcase classname="src.pymortests.vectorarray" file="src/pymortests/vectorarray.py" line="876" name="test_imul[1-&lt;lambda&gt;15]" time="0.003175973892211914"></testcase><testcase classname="src.pymortests.vectorarray" file="src/pymortests/vectorarray.py" line="876" name="test_imul[1-&lt;lambda&gt;16]" time="0.003475666046142578"></testcase><testcase classname="src.pymortests.vectorarray" file="src/pymortests/vectorarray.py" line="876" name="test_imul[1-&lt;lambda&gt;17]" time="0.002111196517944336"></testcase><testcase classname="src.pymortests.vectorarray" file="src/pymortests/vectorarray.py" line="876" name="test_imul[1-&lt;lambda&gt;18]" time="0.0019409656524658203"></testcase><testcase classname="src.pymortests.vectorarray" file="src/pymortests/vectorarray.py" line="876" name="test_imul[1-&lt;lambda&gt;19]" time="0.003829479217529297"></testcase><testcase classname="src.pymortests.vectorarray" file="src/pymortests/vectorarray.py" line="876" name="test_imul[1-&lt;lambda&gt;20]" time="0.030627727508544922"></testcase><testcase classname="src.pymortests.vectorarray" file="src/pymortests/vectorarray.py" line="876" name="test_imul[1-&lt;lambda&gt;21]" time="0.06985688209533691"></testcase><testcase classname="src.pymortests.vectorarray" file="src/pymortests/vectorarray.py" line="876" name="test_imul[1-&lt;lambda&gt;22]" time="0.002199411392211914"></testcase><testcase classname="src.pymortests.vectorarray" file="src/pymortests/vectorarray.py" line="876" name="test_imul[1-&lt;lambda&gt;23]" time="0.0015332698822021484"></testcase><testcase classname="src.pymortests.vectorarray" file="src/pymortests/vectorarray.py" line="876" name="test_imul[1-&lt;lambda&gt;24]" time="0.012501716613769531"></testcase><testcase classname="src.pymortests.vectorarray" file="src/pymortests/vectorarray.py" line="876" name="test_imul[1-&lt;lambda&gt;25]" time="0.38137221336364746"></testcase><testcase classname="src.pymortests.vectorarray" file="src/pymortests/vectorarray.py" line="876" name="test_imul[1-&lt;lambda&gt;26]" time="0.8922395706176758"></testcase><testcase classname="src.pymortests.vectorarray" file="src/pymortests/vectorarray.py" line="876" name="test_imul[2-&lt;lambda&gt;0]" time="0.0026140213012695312"></testcase><testcase classname="src.pymortests.vectorarray" file="src/pymortests/vectorarray.py" line="876" name="test_imul[2-&lt;lambda&gt;1]" time="0.0017421245574951172"></testcase><testcase classname="src.pymortests.vectorarray" file="src/pymortests/vectorarray.py" line="876" name="test_imul[2-&lt;lambda&gt;2]" time="0.0017435550689697266"></testcase><testcase classname="src.pymortests.vectorarray" file="src/pymortests/vectorarray.py" line="876" name="test_imul[2-&lt;lambda&gt;3]" time="0.0018205642700195312"></testcase><testcase classname="src.pymortests.vectorarray" file="src/pymortests/vectorarray.py" line="876" name="test_imul[2-&lt;lambda&gt;4]" time="0.0017638206481933594"></testcase><testcase classname="src.pymortests.vectorarray" file="src/pymortests/vectorarray.py" line="876" name="test_imul[2-&lt;lambda&gt;5]" time="0.001508951187133789"></testcase><testcase classname="src.pymortests.vectorarray" file="src/pymortests/vectorarray.py" line="876" name="test_imul[2-&lt;lambda&gt;6]" time="0.001506805419921875"></testcase><testcase classname="src.pymortests.vectorarray" file="src/pymortests/vectorarray.py" line="876" name="test_imul[2-&lt;lambda&gt;7]" time="0.0019495487213134766"></testcase><testcase classname="src.pymortests.vectorarray" file="src/pymortests/vectorarray.py" line="876" name="test_imul[2-&lt;lambda&gt;8]" time="0.010691404342651367"></testcase><testcase classname="src.pymortests.vectorarray" file="src/pymortests/vectorarray.py" line="876" name="test_imul[2-&lt;lambda&gt;9]" time="0.022045612335205078"></testcase><testcase classname="src.pymortests.vectorarray" file="src/pymortests/vectorarray.py" line="876" name="test_imul[2-&lt;lambda&gt;10]" time="0.0034444332122802734"></testcase><testcase classname="src.pymortests.vectorarray" file="src/pymortests/vectorarray.py" line="876" name="test_imul[2-&lt;lambda&gt;11]" time="0.002637147903442383"></testcase><testcase classname="src.pymortests.vectorarray" file="src/pymortests/vectorarray.py" line="876" name="test_imul[2-&lt;lambda&gt;12]" time="0.002517223358154297"></testcase><testcase classname="src.pymortests.vectorarray" file="src/pymortests/vectorarray.py" line="876" name="test_imul[2-&lt;lambda&gt;13]" time="0.0022852420806884766"></testcase><testcase classname="src.pymortests.vectorarray" file="src/pymortests/vectorarray.py" line="876" name="test_imul[2-&lt;lambda&gt;14]" time="0.0026056766510009766"></testcase><testcase classname="src.pymortests.vectorarray" file="src/pymortests/vectorarray.py" line="876" name="test_imul[2-&lt;lambda&gt;15]" time="0.0031023025512695312"></testcase><testcase classname="src.pymortests.vectorarray" file="src/pymortests/vectorarray.py" line="876" name="test_imul[2-&lt;lambda&gt;16]" time="0.004044532775878906"></testcase><testcase classname="src.pymortests.vectorarray" file="src/pymortests/vectorarray.py" line="876" name="test_imul[2-&lt;lambda&gt;17]" time="0.002103567123413086"></testcase><testcase classname="src.pymortests.vectorarray" file="src/pymortests/vectorarray.py" line="876" name="test_imul[2-&lt;lambda&gt;18]" time="0.002008199691772461"></testcase><testcase classname="src.pymortests.vectorarray" file="src/pymortests/vectorarray.py" line="876" name="test_imul[2-&lt;lambda&gt;19]" time="0.004143476486206055"></testcase><testcase classname="src.pymortests.vectorarray" file="src/pymortests/vectorarray.py" line="876" name="test_imul[2-&lt;lambda&gt;20]" time="0.030303955078125"></testcase><testcase classname="src.pymortests.vectorarray" file="src/pymortests/vectorarray.py" line="876" name="test_imul[2-&lt;lambda&gt;21]" time="0.0698997974395752"></testcase><testcase classname="src.pymortests.vectorarray" file="src/pymortests/vectorarray.py" line="876" name="test_imul[2-&lt;lambda&gt;22]" time="0.002255678176879883"></testcase><testcase classname="src.pymortests.vectorarray" file="src/pymortests/vectorarray.py" line="876" name="test_imul[2-&lt;lambda&gt;23]" time="0.0016090869903564453"></testcase><testcase classname="src.pymortests.vectorarray" file="src/pymortests/vectorarray.py" line="876" name="test_imul[2-&lt;lambda&gt;24]" time="0.01259613037109375"></testcase><testcase classname="src.pymortests.vectorarray" file="src/pymortests/vectorarray.py" line="876" name="test_imul[2-&lt;lambda&gt;25]" time="0.37499213218688965"></testcase><testcase classname="src.pymortests.vectorarray" file="src/pymortests/vectorarray.py" line="876" name="test_imul[2-&lt;lambda&gt;26]" time="0.913226842880249"></testcase><testcase classname="src.pymortests.vectorarray" file="src/pymortests/vectorarray.py" line="886" name="test_imul_wrong_factor[0-&lt;lambda&gt;0]" time="0.0017554759979248047"></testcase><testcase classname="src.pymortests.vectorarray" file="src/pymortests/vectorarray.py" line="886" name="test_imul_wrong_factor[0-&lt;lambda&gt;1]" time="0.0012655258178710938"></testcase><testcase classname="src.pymortests.vectorarray" file="src/pymortests/vectorarray.py" line="886" name="test_imul_wrong_factor[0-&lt;lambda&gt;2]" time="0.0012166500091552734"></testcase><testcase classname="src.pymortests.vectorarray" file="src/pymortests/vectorarray.py" line="886" name="test_imul_wrong_factor[0-&lt;lambda&gt;3]" time="0.0011675357818603516"></testcase><testcase classname="src.pymortests.vectorarray" file="src/pymortests/vectorarray.py" line="886" name="test_imul_wrong_factor[0-&lt;lambda&gt;4]" time="0.0010890960693359375"></testcase><testcase classname="src.pymortests.vectorarray" file="src/pymortests/vectorarray.py" line="886" name="test_imul_wrong_factor[0-&lt;lambda&gt;5]" time="0.0011444091796875"></testcase><testcase classname="src.pymortests.vectorarray" file="src/pymortests/vectorarray.py" line="886" name="test_imul_wrong_factor[0-&lt;lambda&gt;6]" time="0.001123666763305664"></testcase><testcase classname="src.pymortests.vectorarray" file="src/pymortests/vectorarray.py" line="886" name="test_imul_wrong_factor[0-&lt;lambda&gt;7]" time="0.0011148452758789062"></testcase><testcase classname="src.pymortests.vectorarray" file="src/pymortests/vectorarray.py" line="886" name="test_imul_wrong_factor[0-&lt;lambda&gt;8]" time="0.0012590885162353516"></testcase><testcase classname="src.pymortests.vectorarray" file="src/pymortests/vectorarray.py" line="886" name="test_imul_wrong_factor[0-&lt;lambda&gt;9]" time="0.0013647079467773438"></testcase><testcase classname="src.pymortests.vectorarray" file="src/pymortests/vectorarray.py" line="886" name="test_imul_wrong_factor[0-&lt;lambda&gt;10]" time="0.0013186931610107422"></testcase><testcase classname="src.pymortests.vectorarray" file="src/pymortests/vectorarray.py" line="886" name="test_imul_wrong_factor[0-&lt;lambda&gt;11]" time="0.0012450218200683594"></testcase><testcase classname="src.pymortests.vectorarray" file="src/pymortests/vectorarray.py" line="886" name="test_imul_wrong_factor[0-&lt;lambda&gt;12]" time="0.0012581348419189453"></testcase><testcase classname="src.pymortests.vectorarray" file="src/pymortests/vectorarray.py" line="886" name="test_imul_wrong_factor[0-&lt;lambda&gt;13]" time="0.0012195110321044922"></testcase><testcase classname="src.pymortests.vectorarray" file="src/pymortests/vectorarray.py" line="886" name="test_imul_wrong_factor[0-&lt;lambda&gt;14]" time="0.0012352466583251953"></testcase><testcase classname="src.pymortests.vectorarray" file="src/pymortests/vectorarray.py" line="886" name="test_imul_wrong_factor[0-&lt;lambda&gt;15]" time="0.0015592575073242188"></testcase><testcase classname="src.pymortests.vectorarray" file="src/pymortests/vectorarray.py" line="886" name="test_imul_wrong_factor[0-&lt;lambda&gt;16]" time="0.001691579818725586"></testcase><testcase classname="src.pymortests.vectorarray" file="src/pymortests/vectorarray.py" line="886" name="test_imul_wrong_factor[0-&lt;lambda&gt;17]" time="0.0019042491912841797"></testcase><testcase classname="src.pymortests.vectorarray" file="src/pymortests/vectorarray.py" line="886" name="test_imul_wrong_factor[0-&lt;lambda&gt;18]" time="0.0015981197357177734"></testcase><testcase classname="src.pymortests.vectorarray" file="src/pymortests/vectorarray.py" line="886" name="test_imul_wrong_factor[0-&lt;lambda&gt;19]" time="0.0024614334106445312"></testcase><testcase classname="src.pymortests.vectorarray" file="src/pymortests/vectorarray.py" line="886" name="test_imul_wrong_factor[0-&lt;lambda&gt;20]" time="0.010115623474121094"></testcase><testcase classname="src.pymortests.vectorarray" file="src/pymortests/vectorarray.py" line="886" name="test_imul_wrong_factor[0-&lt;lambda&gt;21]" time="0.02118515968322754"></testcase><testcase classname="src.pymortests.vectorarray" file="src/pymortests/vectorarray.py" line="886" name="test_imul_wrong_factor[0-&lt;lambda&gt;22]" time="0.0017123222351074219"></testcase><testcase classname="src.pymortests.vectorarray" file="src/pymortests/vectorarray.py" line="886" name="test_imul_wrong_factor[0-&lt;lambda&gt;23]" time="0.0014674663543701172"></testcase><testcase classname="src.pymortests.vectorarray" file="src/pymortests/vectorarray.py" line="886" name="test_imul_wrong_factor[0-&lt;lambda&gt;24]" time="0.002091646194458008"></testcase><testcase classname="src.pymortests.vectorarray" file="src/pymortests/vectorarray.py" line="886" name="test_imul_wrong_factor[0-&lt;lambda&gt;25]" time="0.024985313415527344"></testcase><testcase classname="src.pymortests.vectorarray" file="src/pymortests/vectorarray.py" line="886" name="test_imul_wrong_factor[0-&lt;lambda&gt;26]" time="0.055056095123291016"></testcase><testcase classname="src.pymortests.vectorarray" file="src/pymortests/vectorarray.py" line="886" name="test_imul_wrong_factor[1-&lt;lambda&gt;0]" time="0.0017578601837158203"></testcase><testcase classname="src.pymortests.vectorarray" file="src/pymortests/vectorarray.py" line="886" name="test_imul_wrong_factor[1-&lt;lambda&gt;1]" time="0.0013344287872314453"></testcase><testcase classname="src.pymortests.vectorarray" file="src/pymortests/vectorarray.py" line="886" name="test_imul_wrong_factor[1-&lt;lambda&gt;2]" time="0.001262664794921875"></testcase><testcase classname="src.pymortests.vectorarray" file="src/pymortests/vectorarray.py" line="886" name="test_imul_wrong_factor[1-&lt;lambda&gt;3]" time="0.0012359619140625"></testcase><testcase classname="src.pymortests.vectorarray" file="src/pymortests/vectorarray.py" line="886" name="test_imul_wrong_factor[1-&lt;lambda&gt;4]" time="0.0011782646179199219"></testcase><testcase classname="src.pymortests.vectorarray" file="src/pymortests/vectorarray.py" line="886" name="test_imul_wrong_factor[1-&lt;lambda&gt;5]" time="0.0011701583862304688"></testcase><testcase classname="src.pymortests.vectorarray" file="src/pymortests/vectorarray.py" line="886" name="test_imul_wrong_factor[1-&lt;lambda&gt;6]" time="0.001157522201538086"></testcase><testcase classname="src.pymortests.vectorarray" file="src/pymortests/vectorarray.py" line="886" name="test_imul_wrong_factor[1-&lt;lambda&gt;7]" time="0.0011970996856689453"></testcase><testcase classname="src.pymortests.vectorarray" file="src/pymortests/vectorarray.py" line="886" name="test_imul_wrong_factor[1-&lt;lambda&gt;8]" time="0.0014929771423339844"></testcase><testcase classname="src.pymortests.vectorarray" file="src/pymortests/vectorarray.py" line="886" name="test_imul_wrong_factor[1-&lt;lambda&gt;9]" time="0.002156972885131836"></testcase><testcase classname="src.pymortests.vectorarray" file="src/pymortests/vectorarray.py" line="886" name="test_imul_wrong_factor[1-&lt;lambda&gt;10]" time="0.0013439655303955078"></testcase><testcase classname="src.pymortests.vectorarray" file="src/pymortests/vectorarray.py" line="886" name="test_imul_wrong_factor[1-&lt;lambda&gt;11]" time="0.00131988525390625"></testcase><testcase classname="src.pymortests.vectorarray" file="src/pymortests/vectorarray.py" line="886" name="test_imul_wrong_factor[1-&lt;lambda&gt;12]" time="0.0013136863708496094"></testcase><testcase classname="src.pymortests.vectorarray" file="src/pymortests/vectorarray.py" line="886" name="test_imul_wrong_factor[1-&lt;lambda&gt;13]" time="0.0012688636779785156"></testcase><testcase classname="src.pymortests.vectorarray" file="src/pymortests/vectorarray.py" line="886" name="test_imul_wrong_factor[1-&lt;lambda&gt;14]" time="0.0013577938079833984"></testcase><testcase classname="src.pymortests.vectorarray" file="src/pymortests/vectorarray.py" line="886" name="test_imul_wrong_factor[1-&lt;lambda&gt;15]" time="0.0013608932495117188"></testcase><testcase classname="src.pymortests.vectorarray" file="src/pymortests/vectorarray.py" line="886" name="test_imul_wrong_factor[1-&lt;lambda&gt;16]" time="0.0013692378997802734"></testcase><testcase classname="src.pymortests.vectorarray" file="src/pymortests/vectorarray.py" line="886" name="test_imul_wrong_factor[1-&lt;lambda&gt;17]" time="0.0016531944274902344"></testcase><testcase classname="src.pymortests.vectorarray" file="src/pymortests/vectorarray.py" line="886" name="test_imul_wrong_factor[1-&lt;lambda&gt;18]" time="0.0016484260559082031"></testcase><testcase classname="src.pymortests.vectorarray" file="src/pymortests/vectorarray.py" line="886" name="test_imul_wrong_factor[1-&lt;lambda&gt;19]" time="0.002608776092529297"></testcase><testcase classname="src.pymortests.vectorarray" file="src/pymortests/vectorarray.py" line="886" name="test_imul_wrong_factor[1-&lt;lambda&gt;20]" time="0.010141372680664062"></testcase><testcase classname="src.pymortests.vectorarray" file="src/pymortests/vectorarray.py" line="886" name="test_imul_wrong_factor[1-&lt;lambda&gt;21]" time="0.020851850509643555"></testcase><testcase classname="src.pymortests.vectorarray" file="src/pymortests/vectorarray.py" line="886" name="test_imul_wrong_factor[1-&lt;lambda&gt;22]" time="0.0017139911651611328"></testcase><testcase classname="src.pymortests.vectorarray" file="src/pymortests/vectorarray.py" line="886" name="test_imul_wrong_factor[1-&lt;lambda&gt;23]" time="0.0012202262878417969"></testcase><testcase classname="src.pymortests.vectorarray" file="src/pymortests/vectorarray.py" line="886" name="test_imul_wrong_factor[1-&lt;lambda&gt;24]" time="0.0021288394927978516"></testcase><testcase classname="src.pymortests.vectorarray" file="src/pymortests/vectorarray.py" line="886" name="test_imul_wrong_factor[1-&lt;lambda&gt;25]" time="0.024225711822509766"></testcase><testcase classname="src.pymortests.vectorarray" file="src/pymortests/vectorarray.py" line="886" name="test_imul_wrong_factor[1-&lt;lambda&gt;26]" time="0.055033206939697266"></testcase><testcase classname="src.pymortests.vectorarray" file="src/pymortests/vectorarray.py" line="886" name="test_imul_wrong_factor[2-&lt;lambda&gt;0]" time="0.001726388931274414"></testcase><testcase classname="src.pymortests.vectorarray" file="src/pymortests/vectorarray.py" line="886" name="test_imul_wrong_factor[2-&lt;lambda&gt;1]" time="0.001252889633178711"></testcase><testcase classname="src.pymortests.vectorarray" file="src/pymortests/vectorarray.py" line="886" name="test_imul_wrong_factor[2-&lt;lambda&gt;2]" time="0.001214742660522461"></testcase><testcase classname="src.pymortests.vectorarray" file="src/pymortests/vectorarray.py" line="886" name="test_imul_wrong_factor[2-&lt;lambda&gt;3]" time="0.0012793540954589844"></testcase><testcase classname="src.pymortests.vectorarray" file="src/pymortests/vectorarray.py" line="886" name="test_imul_wrong_factor[2-&lt;lambda&gt;4]" time="0.0011713504791259766"></testcase><testcase classname="src.pymortests.vectorarray" file="src/pymortests/vectorarray.py" line="886" name="test_imul_wrong_factor[2-&lt;lambda&gt;5]" time="0.0011582374572753906"></testcase><testcase classname="src.pymortests.vectorarray" file="src/pymortests/vectorarray.py" line="886" name="test_imul_wrong_factor[2-&lt;lambda&gt;6]" time="0.001157999038696289"></testcase><testcase classname="src.pymortests.vectorarray" file="src/pymortests/vectorarray.py" line="886" name="test_imul_wrong_factor[2-&lt;lambda&gt;7]" time="0.0011742115020751953"></testcase><testcase classname="src.pymortests.vectorarray" file="src/pymortests/vectorarray.py" line="886" name="test_imul_wrong_factor[2-&lt;lambda&gt;8]" time="0.0014181137084960938"></testcase><testcase classname="src.pymortests.vectorarray" file="src/pymortests/vectorarray.py" line="886" name="test_imul_wrong_factor[2-&lt;lambda&gt;9]" time="0.0018546581268310547"></testcase><testcase classname="src.pymortests.vectorarray" file="src/pymortests/vectorarray.py" line="886" name="test_imul_wrong_factor[2-&lt;lambda&gt;10]" time="0.0013620853424072266"></testcase><testcase classname="src.pymortests.vectorarray" file="src/pymortests/vectorarray.py" line="886" name="test_imul_wrong_factor[2-&lt;lambda&gt;11]" time="0.0013217926025390625"></testcase><testcase classname="src.pymortests.vectorarray" file="src/pymortests/vectorarray.py" line="886" name="test_imul_wrong_factor[2-&lt;lambda&gt;12]" time="0.0012843608856201172"></testcase><testcase classname="src.pymortests.vectorarray" file="src/pymortests/vectorarray.py" line="886" name="test_imul_wrong_factor[2-&lt;lambda&gt;13]" time="0.0012784004211425781"></testcase><testcase classname="src.pymortests.vectorarray" file="src/pymortests/vectorarray.py" line="886" name="test_imul_wrong_factor[2-&lt;lambda&gt;14]" time="0.001767873764038086"></testcase><testcase classname="src.pymortests.vectorarray" file="src/pymortests/vectorarray.py" line="886" name="test_imul_wrong_factor[2-&lt;lambda&gt;15]" time="0.0017583370208740234"></testcase><testcase classname="src.pymortests.vectorarray" file="src/pymortests/vectorarray.py" line="886" name="test_imul_wrong_factor[2-&lt;lambda&gt;16]" time="0.0015106201171875"></testcase><testcase classname="src.pymortests.vectorarray" file="src/pymortests/vectorarray.py" line="886" name="test_imul_wrong_factor[2-&lt;lambda&gt;17]" time="0.0016603469848632812"></testcase><testcase classname="src.pymortests.vectorarray" file="src/pymortests/vectorarray.py" line="886" name="test_imul_wrong_factor[2-&lt;lambda&gt;18]" time="0.0015873908996582031"></testcase><testcase classname="src.pymortests.vectorarray" file="src/pymortests/vectorarray.py" line="886" name="test_imul_wrong_factor[2-&lt;lambda&gt;19]" time="0.0027561187744140625"></testcase><testcase classname="src.pymortests.vectorarray" file="src/pymortests/vectorarray.py" line="886" name="test_imul_wrong_factor[2-&lt;lambda&gt;20]" time="0.009844303131103516"></testcase><testcase classname="src.pymortests.vectorarray" file="src/pymortests/vectorarray.py" line="886" name="test_imul_wrong_factor[2-&lt;lambda&gt;21]" time="0.020749807357788086"></testcase><testcase classname="src.pymortests.vectorarray" file="src/pymortests/vectorarray.py" line="886" name="test_imul_wrong_factor[2-&lt;lambda&gt;22]" time="0.0019304752349853516"></testcase><testcase classname="src.pymortests.vectorarray" file="src/pymortests/vectorarray.py" line="886" name="test_imul_wrong_factor[2-&lt;lambda&gt;23]" time="0.0012009143829345703"></testcase><testcase classname="src.pymortests.vectorarray" file="src/pymortests/vectorarray.py" line="886" name="test_imul_wrong_factor[2-&lt;lambda&gt;24]" time="0.002130270004272461"></testcase><testcase classname="src.pymortests.vectorarray" file="src/pymortests/vectorarray.py" line="886" name="test_imul_wrong_factor[2-&lt;lambda&gt;25]" time="0.024286985397338867"></testcase><testcase classname="src.pymortests.vectorarray" file="src/pymortests/vectorarray.py" line="886" name="test_imul_wrong_factor[2-&lt;lambda&gt;26]" time="0.0547175407409668"></testcase><testcase classname="src.pymortests.vectorarray" file="src/pymortests/vectorarray.py" line="895" name="test_append_incompatible[&lt;lambda&gt;0]" time="0.0015785694122314453"></testcase><testcase classname="src.pymortests.vectorarray" file="src/pymortests/vectorarray.py" line="895" name="test_append_incompatible[&lt;lambda&gt;1]" time="0.0011661052703857422"></testcase><testcase classname="src.pymortests.vectorarray" file="src/pymortests/vectorarray.py" line="895" name="test_append_incompatible[&lt;lambda&gt;2]" time="0.0010786056518554688"></testcase><testcase classname="src.pymortests.vectorarray" file="src/pymortests/vectorarray.py" line="895" name="test_append_incompatible[&lt;lambda&gt;3]" time="0.0010905265808105469"></testcase><testcase classname="src.pymortests.vectorarray" file="src/pymortests/vectorarray.py" line="895" name="test_append_incompatible[&lt;lambda&gt;4]" time="0.0010845661163330078"></testcase><testcase classname="src.pymortests.vectorarray" file="src/pymortests/vectorarray.py" line="895" name="test_append_incompatible[&lt;lambda&gt;5]" time="0.0011126995086669922"></testcase><testcase classname="src.pymortests.vectorarray" file="src/pymortests/vectorarray.py" line="895" name="test_append_incompatible[&lt;lambda&gt;6]" time="0.0011620521545410156"></testcase><testcase classname="src.pymortests.vectorarray" file="src/pymortests/vectorarray.py" line="895" name="test_append_incompatible[&lt;lambda&gt;7]" time="0.0011653900146484375"></testcase><testcase classname="src.pymortests.vectorarray" file="src/pymortests/vectorarray.py" line="895" name="test_append_incompatible[&lt;lambda&gt;8]" time="0.001749277114868164"></testcase><testcase classname="src.pymortests.vectorarray" file="src/pymortests/vectorarray.py" line="895" name="test_append_incompatible[&lt;lambda&gt;9]" time="0.0025801658630371094"></testcase><testcase classname="src.pymortests.vectorarray" file="src/pymortests/vectorarray.py" line="895" name="test_append_incompatible[&lt;lambda&gt;10]" time="0.0014388561248779297"></testcase><testcase classname="src.pymortests.vectorarray" file="src/pymortests/vectorarray.py" line="895" name="test_append_incompatible[&lt;lambda&gt;11]" time="0.0013260841369628906"></testcase><testcase classname="src.pymortests.vectorarray" file="src/pymortests/vectorarray.py" line="895" name="test_append_incompatible[&lt;lambda&gt;12]" time="0.0014615058898925781"></testcase><testcase classname="src.pymortests.vectorarray" file="src/pymortests/vectorarray.py" line="895" name="test_append_incompatible[&lt;lambda&gt;13]" time="0.0014195442199707031"></testcase><testcase classname="src.pymortests.vectorarray" file="src/pymortests/vectorarray.py" line="895" name="test_append_incompatible[&lt;lambda&gt;14]" time="0.0014538764953613281"></testcase><testcase classname="src.pymortests.vectorarray" file="src/pymortests/vectorarray.py" line="895" name="test_append_incompatible[&lt;lambda&gt;15]" time="0.00180816650390625"></testcase><testcase classname="src.pymortests.vectorarray" file="src/pymortests/vectorarray.py" line="895" name="test_append_incompatible[&lt;lambda&gt;16]" time="0.0020058155059814453"></testcase><testcase classname="src.pymortests.vectorarray" file="src/pymortests/vectorarray.py" line="895" name="test_append_incompatible[&lt;lambda&gt;17]" time="0.0020599365234375"></testcase><testcase classname="src.pymortests.vectorarray" file="src/pymortests/vectorarray.py" line="895" name="test_append_incompatible[&lt;lambda&gt;18]" time="0.030799150466918945"></testcase><testcase classname="src.pymortests.vectorarray" file="src/pymortests/vectorarray.py" line="895" name="test_append_incompatible[&lt;lambda&gt;19]" time="0.0242156982421875"></testcase><testcase classname="src.pymortests.vectorarray" file="src/pymortests/vectorarray.py" line="895" name="test_append_incompatible[&lt;lambda&gt;20]" time="0.004004955291748047"><system-out> set global mesh
 set global mesh
 Update mesh topology
 Update edges 
 Update faces 
 Update clusters
</system-out></testcase><testcase classname="src.pymortests.vectorarray" file="src/pymortests/vectorarray.py" line="895" name="test_append_incompatible[&lt;lambda&gt;21]" time="0.0036957263946533203"><system-out> set global mesh
 set global mesh
 Update mesh topology
 Update edges 
 Update faces 
 Update clusters
</system-out></testcase><testcase classname="src.pymortests.vectorarray" file="src/pymortests/vectorarray.py" line="895" name="test_append_incompatible[&lt;lambda&gt;22]" time="0.002563953399658203"></testcase><testcase classname="src.pymortests.vectorarray" file="src/pymortests/vectorarray.py" line="895" name="test_append_incompatible[&lt;lambda&gt;23]" time="0.03038787841796875"><system-out> set global mesh
 set global mesh
 Update mesh topology
 Update edges 
 Update faces 
 Update clusters
</system-out></testcase><testcase classname="src.pymortests.vectorarray" file="src/pymortests/vectorarray.py" line="895" name="test_append_incompatible[&lt;lambda&gt;24]" time="0.06280922889709473"><system-out> set global mesh
 set global mesh
 Update mesh topology
 Update edges 
 Update faces 
 Update clusters
</system-out></testcase><testcase classname="src.pymortests.vectorarray" file="src/pymortests/vectorarray.py" line="906" name="test_axpy_incompatible[&lt;lambda&gt;0]" time="0.003367185592651367"></testcase><testcase classname="src.pymortests.vectorarray" file="src/pymortests/vectorarray.py" line="906" name="test_axpy_incompatible[&lt;lambda&gt;1]" time="0.001348733901977539"></testcase><testcase classname="src.pymortests.vectorarray" file="src/pymortests/vectorarray.py" line="906" name="test_axpy_incompatible[&lt;lambda&gt;2]" time="0.004471778869628906"></testcase><testcase classname="src.pymortests.vectorarray" file="src/pymortests/vectorarray.py" line="906" name="test_axpy_incompatible[&lt;lambda&gt;3]" time="0.0038039684295654297"></testcase><testcase classname="src.pymortests.vectorarray" file="src/pymortests/vectorarray.py" line="906" name="test_axpy_incompatible[&lt;lambda&gt;4]" time="0.004090547561645508"></testcase><testcase classname="src.pymortests.vectorarray" file="src/pymortests/vectorarray.py" line="906" name="test_axpy_incompatible[&lt;lambda&gt;5]" time="0.0024976730346679688"></testcase><testcase classname="src.pymortests.vectorarray" file="src/pymortests/vectorarray.py" line="906" name="test_axpy_incompatible[&lt;lambda&gt;6]" time="0.0013339519500732422"></testcase><testcase classname="src.pymortests.vectorarray" file="src/pymortests/vectorarray.py" line="906" name="test_axpy_incompatible[&lt;lambda&gt;7]" time="0.005578756332397461"></testcase><testcase classname="src.pymortests.vectorarray" file="src/pymortests/vectorarray.py" line="906" name="test_axpy_incompatible[&lt;lambda&gt;8]" time="0.011761665344238281"></testcase><testcase classname="src.pymortests.vectorarray" file="src/pymortests/vectorarray.py" line="906" name="test_axpy_incompatible[&lt;lambda&gt;9]" time="0.01851630210876465"></testcase><testcase classname="src.pymortests.vectorarray" file="src/pymortests/vectorarray.py" line="906" name="test_axpy_incompatible[&lt;lambda&gt;10]" time="0.005695343017578125"></testcase><testcase classname="src.pymortests.vectorarray" file="src/pymortests/vectorarray.py" line="906" name="test_axpy_incompatible[&lt;lambda&gt;11]" time="0.001825571060180664"></testcase><testcase classname="src.pymortests.vectorarray" file="src/pymortests/vectorarray.py" line="906" name="test_axpy_incompatible[&lt;lambda&gt;12]" time="0.009269952774047852"></testcase><testcase classname="src.pymortests.vectorarray" file="src/pymortests/vectorarray.py" line="906" name="test_axpy_incompatible[&lt;lambda&gt;13]" time="0.0072078704833984375"></testcase><testcase classname="src.pymortests.vectorarray" file="src/pymortests/vectorarray.py" line="906" name="test_axpy_incompatible[&lt;lambda&gt;14]" time="0.008369922637939453"></testcase><testcase classname="src.pymortests.vectorarray" file="src/pymortests/vectorarray.py" line="906" name="test_axpy_incompatible[&lt;lambda&gt;15]" time="0.003431558609008789"></testcase><testcase classname="src.pymortests.vectorarray" file="src/pymortests/vectorarray.py" line="906" name="test_axpy_incompatible[&lt;lambda&gt;16]" time="0.0023593902587890625"></testcase><testcase classname="src.pymortests.vectorarray" file="src/pymortests/vectorarray.py" line="906" name="test_axpy_incompatible[&lt;lambda&gt;17]" time="0.007325172424316406"></testcase><testcase classname="src.pymortests.vectorarray" file="src/pymortests/vectorarray.py" line="906" name="test_axpy_incompatible[&lt;lambda&gt;18]" time="0.040024518966674805"></testcase><testcase classname="src.pymortests.vectorarray" file="src/pymortests/vectorarray.py" line="906" name="test_axpy_incompatible[&lt;lambda&gt;19]" time="0.04012584686279297"></testcase><testcase classname="src.pymortests.vectorarray" file="src/pymortests/vectorarray.py" line="906" name="test_axpy_incompatible[&lt;lambda&gt;20]" time="0.003336668014526367"></testcase><testcase classname="src.pymortests.vectorarray" file="src/pymortests/vectorarray.py" line="906" name="test_axpy_incompatible[&lt;lambda&gt;21]" time="0.0023488998413085938"></testcase><testcase classname="src.pymortests.vectorarray" file="src/pymortests/vectorarray.py" line="906" name="test_axpy_incompatible[&lt;lambda&gt;22]" time="0.006725788116455078"></testcase><testcase classname="src.pymortests.vectorarray" file="src/pymortests/vectorarray.py" line="906" name="test_axpy_incompatible[&lt;lambda&gt;23]" time="0.03734707832336426"></testcase><testcase classname="src.pymortests.vectorarray" file="src/pymortests/vectorarray.py" line="906" name="test_axpy_incompatible[&lt;lambda&gt;24]" time="0.07634782791137695"></testcase><testcase classname="src.pymortests.vectorarray" file="src/pymortests/vectorarray.py" line="923" name="test_dot_incompatible[&lt;lambda&gt;0]" time="0.0018956661224365234"></testcase><testcase classname="src.pymortests.vectorarray" file="src/pymortests/vectorarray.py" line="923" name="test_dot_incompatible[&lt;lambda&gt;1]" time="0.0012197494506835938"></testcase><testcase classname="src.pymortests.vectorarray" file="src/pymortests/vectorarray.py" line="923" name="test_dot_incompatible[&lt;lambda&gt;2]" time="0.002017498016357422"></testcase><testcase classname="src.pymortests.vectorarray" file="src/pymortests/vectorarray.py" line="923" name="test_dot_incompatible[&lt;lambda&gt;3]" time="0.001920461654663086"></testcase><testcase classname="src.pymortests.vectorarray" file="src/pymortests/vectorarray.py" line="923" name="test_dot_incompatible[&lt;lambda&gt;4]" time="0.001932382583618164"></testcase><testcase classname="src.pymortests.vectorarray" file="src/pymortests/vectorarray.py" line="923" name="test_dot_incompatible[&lt;lambda&gt;5]" time="0.0013892650604248047"></testcase><testcase classname="src.pymortests.vectorarray" file="src/pymortests/vectorarray.py" line="923" name="test_dot_incompatible[&lt;lambda&gt;6]" time="0.0012359619140625"></testcase><testcase classname="src.pymortests.vectorarray" file="src/pymortests/vectorarray.py" line="923" name="test_dot_incompatible[&lt;lambda&gt;7]" time="0.0021059513092041016"></testcase><testcase classname="src.pymortests.vectorarray" file="src/pymortests/vectorarray.py" line="923" name="test_dot_incompatible[&lt;lambda&gt;8]" time="0.0036094188690185547"></testcase><testcase classname="src.pymortests.vectorarray" file="src/pymortests/vectorarray.py" line="923" name="test_dot_incompatible[&lt;lambda&gt;9]" time="0.0061130523681640625"></testcase><testcase classname="src.pymortests.vectorarray" file="src/pymortests/vectorarray.py" line="923" name="test_dot_incompatible[&lt;lambda&gt;10]" time="0.0020990371704101562"></testcase><testcase classname="src.pymortests.vectorarray" file="src/pymortests/vectorarray.py" line="923" name="test_dot_incompatible[&lt;lambda&gt;11]" time="0.0014765262603759766"></testcase><testcase classname="src.pymortests.vectorarray" file="src/pymortests/vectorarray.py" line="923" name="test_dot_incompatible[&lt;lambda&gt;12]" time="0.003443479537963867"></testcase><testcase classname="src.pymortests.vectorarray" file="src/pymortests/vectorarray.py" line="923" name="test_dot_incompatible[&lt;lambda&gt;13]" time="0.002859830856323242"></testcase><testcase classname="src.pymortests.vectorarray" file="src/pymortests/vectorarray.py" line="923" name="test_dot_incompatible[&lt;lambda&gt;14]" time="0.003265857696533203"></testcase><testcase classname="src.pymortests.vectorarray" file="src/pymortests/vectorarray.py" line="923" name="test_dot_incompatible[&lt;lambda&gt;15]" time="0.0021715164184570312"></testcase><testcase classname="src.pymortests.vectorarray" file="src/pymortests/vectorarray.py" line="923" name="test_dot_incompatible[&lt;lambda&gt;16]" time="0.0019922256469726562"></testcase><testcase classname="src.pymortests.vectorarray" file="src/pymortests/vectorarray.py" line="923" name="test_dot_incompatible[&lt;lambda&gt;17]" time="0.003332376480102539"></testcase><testcase classname="src.pymortests.vectorarray" file="src/pymortests/vectorarray.py" line="923" name="test_dot_incompatible[&lt;lambda&gt;18]" time="0.03163599967956543"></testcase><testcase classname="src.pymortests.vectorarray" file="src/pymortests/vectorarray.py" line="923" name="test_dot_incompatible[&lt;lambda&gt;19]" time="0.02751302719116211"></testcase><testcase classname="src.pymortests.vectorarray" file="src/pymortests/vectorarray.py" line="923" name="test_dot_incompatible[&lt;lambda&gt;20]" time="0.0020666122436523438"></testcase><testcase classname="src.pymortests.vectorarray" file="src/pymortests/vectorarray.py" line="923" name="test_dot_incompatible[&lt;lambda&gt;21]" time="0.0021178722381591797"></testcase><testcase classname="src.pymortests.vectorarray" file="src/pymortests/vectorarray.py" line="923" name="test_dot_incompatible[&lt;lambda&gt;22]" time="0.003873109817504883"></testcase><testcase classname="src.pymortests.vectorarray" file="src/pymortests/vectorarray.py" line="923" name="test_dot_incompatible[&lt;lambda&gt;23]" time="0.0305635929107666"></testcase><testcase classname="src.pymortests.vectorarray" file="src/pymortests/vectorarray.py" line="923" name="test_dot_incompatible[&lt;lambda&gt;24]" time="0.0635685920715332"></testcase><testcase classname="src.pymortests.vectorarray" file="src/pymortests/vectorarray.py" line="931" name="test_pairwise_dot_incompatible[&lt;lambda&gt;0]" time="0.0021266937255859375"></testcase><testcase classname="src.pymortests.vectorarray" file="src/pymortests/vectorarray.py" line="931" name="test_pairwise_dot_incompatible[&lt;lambda&gt;1]" time="0.0011296272277832031"></testcase><testcase classname="src.pymortests.vectorarray" file="src/pymortests/vectorarray.py" line="931" name="test_pairwise_dot_incompatible[&lt;lambda&gt;2]" time="0.002013683319091797"></testcase><testcase classname="src.pymortests.vectorarray" file="src/pymortests/vectorarray.py" line="931" name="test_pairwise_dot_incompatible[&lt;lambda&gt;3]" time="0.0018148422241210938"></testcase><testcase classname="src.pymortests.vectorarray" file="src/pymortests/vectorarray.py" line="931" name="test_pairwise_dot_incompatible[&lt;lambda&gt;4]" time="0.001875162124633789"></testcase><testcase classname="src.pymortests.vectorarray" file="src/pymortests/vectorarray.py" line="931" name="test_pairwise_dot_incompatible[&lt;lambda&gt;5]" time="0.0013096332550048828"></testcase><testcase classname="src.pymortests.vectorarray" file="src/pymortests/vectorarray.py" line="931" name="test_pairwise_dot_incompatible[&lt;lambda&gt;6]" time="0.0011317729949951172"></testcase><testcase classname="src.pymortests.vectorarray" file="src/pymortests/vectorarray.py" line="931" name="test_pairwise_dot_incompatible[&lt;lambda&gt;7]" time="0.0021054744720458984"></testcase><testcase classname="src.pymortests.vectorarray" file="src/pymortests/vectorarray.py" line="931" name="test_pairwise_dot_incompatible[&lt;lambda&gt;8]" time="0.003609180450439453"></testcase><testcase classname="src.pymortests.vectorarray" file="src/pymortests/vectorarray.py" line="931" name="test_pairwise_dot_incompatible[&lt;lambda&gt;9]" time="0.005938529968261719"></testcase><testcase classname="src.pymortests.vectorarray" file="src/pymortests/vectorarray.py" line="931" name="test_pairwise_dot_incompatible[&lt;lambda&gt;10]" time="0.001974344253540039"></testcase><testcase classname="src.pymortests.vectorarray" file="src/pymortests/vectorarray.py" line="931" name="test_pairwise_dot_incompatible[&lt;lambda&gt;11]" time="0.001298666000366211"></testcase><testcase classname="src.pymortests.vectorarray" file="src/pymortests/vectorarray.py" line="931" name="test_pairwise_dot_incompatible[&lt;lambda&gt;12]" time="0.003329753875732422"></testcase><testcase classname="src.pymortests.vectorarray" file="src/pymortests/vectorarray.py" line="931" name="test_pairwise_dot_incompatible[&lt;lambda&gt;13]" time="0.0028142929077148438"></testcase><testcase classname="src.pymortests.vectorarray" file="src/pymortests/vectorarray.py" line="931" name="test_pairwise_dot_incompatible[&lt;lambda&gt;14]" time="0.0036618709564208984"></testcase><testcase classname="src.pymortests.vectorarray" file="src/pymortests/vectorarray.py" line="931" name="test_pairwise_dot_incompatible[&lt;lambda&gt;15]" time="0.002370595932006836"></testcase><testcase classname="src.pymortests.vectorarray" file="src/pymortests/vectorarray.py" line="931" name="test_pairwise_dot_incompatible[&lt;lambda&gt;16]" time="0.0019686222076416016"></testcase><testcase classname="src.pymortests.vectorarray" file="src/pymortests/vectorarray.py" line="931" name="test_pairwise_dot_incompatible[&lt;lambda&gt;17]" time="0.003150463104248047"></testcase><testcase classname="src.pymortests.vectorarray" file="src/pymortests/vectorarray.py" line="931" name="test_pairwise_dot_incompatible[&lt;lambda&gt;18]" time="0.031612396240234375"></testcase><testcase classname="src.pymortests.vectorarray" file="src/pymortests/vectorarray.py" line="931" name="test_pairwise_dot_incompatible[&lt;lambda&gt;19]" time="0.027469873428344727"></testcase><testcase classname="src.pymortests.vectorarray" file="src/pymortests/vectorarray.py" line="931" name="test_pairwise_dot_incompatible[&lt;lambda&gt;20]" time="0.001855611801147461"></testcase><testcase classname="src.pymortests.vectorarray" file="src/pymortests/vectorarray.py" line="931" name="test_pairwise_dot_incompatible[&lt;lambda&gt;21]" time="0.0021409988403320312"></testcase><testcase classname="src.pymortests.vectorarray" file="src/pymortests/vectorarray.py" line="931" name="test_pairwise_dot_incompatible[&lt;lambda&gt;22]" time="0.0038640499114990234"></testcase><testcase classname="src.pymortests.vectorarray" file="src/pymortests/vectorarray.py" line="931" name="test_pairwise_dot_incompatible[&lt;lambda&gt;23]" time="0.03617739677429199"></testcase><testcase classname="src.pymortests.vectorarray" file="src/pymortests/vectorarray.py" line="931" name="test_pairwise_dot_incompatible[&lt;lambda&gt;24]" time="0.06420111656188965"></testcase><testcase classname="src.pymortests.vectorarray" file="src/pymortests/vectorarray.py" line="939" name="test_add_incompatible[&lt;lambda&gt;0]" time="0.0015702247619628906"></testcase><testcase classname="src.pymortests.vectorarray" file="src/pymortests/vectorarray.py" line="939" name="test_add_incompatible[&lt;lambda&gt;1]" time="0.0013880729675292969"></testcase><testcase classname="src.pymortests.vectorarray" file="src/pymortests/vectorarray.py" line="939" name="test_add_incompatible[&lt;lambda&gt;2]" time="0.0010313987731933594"></testcase><testcase classname="src.pymortests.vectorarray" file="src/pymortests/vectorarray.py" line="939" name="test_add_incompatible[&lt;lambda&gt;3]" time="0.0010287761688232422"></testcase><testcase classname="src.pymortests.vectorarray" file="src/pymortests/vectorarray.py" line="939" name="test_add_incompatible[&lt;lambda&gt;4]" time="0.0009944438934326172"></testcase><testcase classname="src.pymortests.vectorarray" file="src/pymortests/vectorarray.py" line="939" name="test_add_incompatible[&lt;lambda&gt;5]" time="0.00101470947265625"></testcase><testcase classname="src.pymortests.vectorarray" file="src/pymortests/vectorarray.py" line="939" name="test_add_incompatible[&lt;lambda&gt;6]" time="0.0010519027709960938"></testcase><testcase classname="src.pymortests.vectorarray" file="src/pymortests/vectorarray.py" line="939" name="test_add_incompatible[&lt;lambda&gt;7]" time="0.0010128021240234375"></testcase><testcase classname="src.pymortests.vectorarray" file="src/pymortests/vectorarray.py" line="939" name="test_add_incompatible[&lt;lambda&gt;8]" time="0.0013709068298339844"></testcase><testcase classname="src.pymortests.vectorarray" file="src/pymortests/vectorarray.py" line="939" name="test_add_incompatible[&lt;lambda&gt;9]" time="0.0017023086547851562"></testcase><testcase classname="src.pymortests.vectorarray" file="src/pymortests/vectorarray.py" line="939" name="test_add_incompatible[&lt;lambda&gt;10]" time="0.0013227462768554688"></testcase><testcase classname="src.pymortests.vectorarray" file="src/pymortests/vectorarray.py" line="939" name="test_add_incompatible[&lt;lambda&gt;11]" time="0.0012178421020507812"></testcase><testcase classname="src.pymortests.vectorarray" file="src/pymortests/vectorarray.py" line="939" name="test_add_incompatible[&lt;lambda&gt;12]" time="0.0012819766998291016"></testcase><testcase classname="src.pymortests.vectorarray" file="src/pymortests/vectorarray.py" line="939" name="test_add_incompatible[&lt;lambda&gt;13]" time="0.001256704330444336"></testcase><testcase classname="src.pymortests.vectorarray" file="src/pymortests/vectorarray.py" line="939" name="test_add_incompatible[&lt;lambda&gt;14]" time="0.0012364387512207031"></testcase><testcase classname="src.pymortests.vectorarray" file="src/pymortests/vectorarray.py" line="939" name="test_add_incompatible[&lt;lambda&gt;15]" time="0.0016872882843017578"></testcase><testcase classname="src.pymortests.vectorarray" file="src/pymortests/vectorarray.py" line="939" name="test_add_incompatible[&lt;lambda&gt;16]" time="0.0017762184143066406"></testcase><testcase classname="src.pymortests.vectorarray" file="src/pymortests/vectorarray.py" line="939" name="test_add_incompatible[&lt;lambda&gt;17]" time="0.001940011978149414"></testcase><testcase classname="src.pymortests.vectorarray" file="src/pymortests/vectorarray.py" line="939" name="test_add_incompatible[&lt;lambda&gt;18]" time="0.035544395446777344"></testcase><testcase classname="src.pymortests.vectorarray" file="src/pymortests/vectorarray.py" line="939" name="test_add_incompatible[&lt;lambda&gt;19]" time="0.02299189567565918"></testcase><testcase classname="src.pymortests.vectorarray" file="src/pymortests/vectorarray.py" line="939" name="test_add_incompatible[&lt;lambda&gt;20]" time="0.0015566349029541016"></testcase><testcase classname="src.pymortests.vectorarray" file="src/pymortests/vectorarray.py" line="939" name="test_add_incompatible[&lt;lambda&gt;21]" time="0.0023012161254882812"></testcase><testcase classname="src.pymortests.vectorarray" file="src/pymortests/vectorarray.py" line="939" name="test_add_incompatible[&lt;lambda&gt;22]" time="0.002762317657470703"></testcase><testcase classname="src.pymortests.vectorarray" file="src/pymortests/vectorarray.py" line="939" name="test_add_incompatible[&lt;lambda&gt;23]" time="0.02911067008972168"></testcase><testcase classname="src.pymortests.vectorarray" file="src/pymortests/vectorarray.py" line="939" name="test_add_incompatible[&lt;lambda&gt;24]" time="0.0623927116394043"></testcase><testcase classname="src.pymortests.vectorarray" file="src/pymortests/vectorarray.py" line="945" name="test_iadd_incompatible[&lt;lambda&gt;0]" time="0.0015592575073242188"></testcase><testcase classname="src.pymortests.vectorarray" file="src/pymortests/vectorarray.py" line="945" name="test_iadd_incompatible[&lt;lambda&gt;1]" time="0.0012447834014892578"></testcase><testcase classname="src.pymortests.vectorarray" file="src/pymortests/vectorarray.py" line="945" name="test_iadd_incompatible[&lt;lambda&gt;2]" time="0.0013415813446044922"></testcase><testcase classname="src.pymortests.vectorarray" file="src/pymortests/vectorarray.py" line="945" name="test_iadd_incompatible[&lt;lambda&gt;3]" time="0.0012600421905517578"></testcase><testcase classname="src.pymortests.vectorarray" file="src/pymortests/vectorarray.py" line="945" name="test_iadd_incompatible[&lt;lambda&gt;4]" time="0.0011663436889648438"></testcase><testcase classname="src.pymortests.vectorarray" file="src/pymortests/vectorarray.py" line="945" name="test_iadd_incompatible[&lt;lambda&gt;5]" time="0.0010907649993896484"></testcase><testcase classname="src.pymortests.vectorarray" file="src/pymortests/vectorarray.py" line="945" name="test_iadd_incompatible[&lt;lambda&gt;6]" time="0.0011315345764160156"></testcase><testcase classname="src.pymortests.vectorarray" file="src/pymortests/vectorarray.py" line="945" name="test_iadd_incompatible[&lt;lambda&gt;7]" time="0.0010554790496826172"></testcase><testcase classname="src.pymortests.vectorarray" file="src/pymortests/vectorarray.py" line="945" name="test_iadd_incompatible[&lt;lambda&gt;8]" time="0.0013322830200195312"></testcase><testcase classname="src.pymortests.vectorarray" file="src/pymortests/vectorarray.py" line="945" name="test_iadd_incompatible[&lt;lambda&gt;9]" time="0.0013875961303710938"></testcase><testcase classname="src.pymortests.vectorarray" file="src/pymortests/vectorarray.py" line="945" name="test_iadd_incompatible[&lt;lambda&gt;10]" time="0.0014221668243408203"></testcase><testcase classname="src.pymortests.vectorarray" file="src/pymortests/vectorarray.py" line="945" name="test_iadd_incompatible[&lt;lambda&gt;11]" time="0.0012116432189941406"></testcase><testcase classname="src.pymortests.vectorarray" file="src/pymortests/vectorarray.py" line="945" name="test_iadd_incompatible[&lt;lambda&gt;12]" time="0.001787424087524414"></testcase><testcase classname="src.pymortests.vectorarray" file="src/pymortests/vectorarray.py" line="945" name="test_iadd_incompatible[&lt;lambda&gt;13]" time="0.0018625259399414062"></testcase><testcase classname="src.pymortests.vectorarray" file="src/pymortests/vectorarray.py" line="945" name="test_iadd_incompatible[&lt;lambda&gt;14]" time="0.0014042854309082031"></testcase><testcase classname="src.pymortests.vectorarray" file="src/pymortests/vectorarray.py" line="945" name="test_iadd_incompatible[&lt;lambda&gt;15]" time="0.0017478466033935547"></testcase><testcase classname="src.pymortests.vectorarray" file="src/pymortests/vectorarray.py" line="945" name="test_iadd_incompatible[&lt;lambda&gt;16]" time="0.0018715858459472656"></testcase><testcase classname="src.pymortests.vectorarray" file="src/pymortests/vectorarray.py" line="945" name="test_iadd_incompatible[&lt;lambda&gt;17]" time="0.00197601318359375"></testcase><testcase classname="src.pymortests.vectorarray" file="src/pymortests/vectorarray.py" line="945" name="test_iadd_incompatible[&lt;lambda&gt;18]" time="0.029860734939575195"></testcase><testcase classname="src.pymortests.vectorarray" file="src/pymortests/vectorarray.py" line="945" name="test_iadd_incompatible[&lt;lambda&gt;19]" time="0.023197650909423828"></testcase><testcase classname="src.pymortests.vectorarray" file="src/pymortests/vectorarray.py" line="945" name="test_iadd_incompatible[&lt;lambda&gt;20]" time="0.0015568733215332031"></testcase><testcase classname="src.pymortests.vectorarray" file="src/pymortests/vectorarray.py" line="945" name="test_iadd_incompatible[&lt;lambda&gt;21]" time="0.0020906925201416016"></testcase><testcase classname="src.pymortests.vectorarray" file="src/pymortests/vectorarray.py" line="945" name="test_iadd_incompatible[&lt;lambda&gt;22]" time="0.00357818603515625"></testcase><testcase classname="src.pymortests.vectorarray" file="src/pymortests/vectorarray.py" line="945" name="test_iadd_incompatible[&lt;lambda&gt;23]" time="0.033155202865600586"></testcase><testcase classname="src.pymortests.vectorarray" file="src/pymortests/vectorarray.py" line="945" name="test_iadd_incompatible[&lt;lambda&gt;24]" time="0.06505274772644043"></testcase><testcase classname="src.pymortests.vectorarray" file="src/pymortests/vectorarray.py" line="951" name="test_sub_incompatible[&lt;lambda&gt;0]" time="0.0015900135040283203"></testcase><testcase classname="src.pymortests.vectorarray" file="src/pymortests/vectorarray.py" line="951" name="test_sub_incompatible[&lt;lambda&gt;1]" time="0.0012171268463134766"></testcase><testcase classname="src.pymortests.vectorarray" file="src/pymortests/vectorarray.py" line="951" name="test_sub_incompatible[&lt;lambda&gt;2]" time="0.001085519790649414"></testcase><testcase classname="src.pymortests.vectorarray" file="src/pymortests/vectorarray.py" line="951" name="test_sub_incompatible[&lt;lambda&gt;3]" time="0.0010313987731933594"></testcase><testcase classname="src.pymortests.vectorarray" file="src/pymortests/vectorarray.py" line="951" name="test_sub_incompatible[&lt;lambda&gt;4]" time="0.0010752677917480469"></testcase><testcase classname="src.pymortests.vectorarray" file="src/pymortests/vectorarray.py" line="951" name="test_sub_incompatible[&lt;lambda&gt;5]" time="0.0011599063873291016"></testcase><testcase classname="src.pymortests.vectorarray" file="src/pymortests/vectorarray.py" line="951" name="test_sub_incompatible[&lt;lambda&gt;6]" time="0.0012514591217041016"></testcase><testcase classname="src.pymortests.vectorarray" file="src/pymortests/vectorarray.py" line="951" name="test_sub_incompatible[&lt;lambda&gt;7]" time="0.001249074935913086"></testcase><testcase classname="src.pymortests.vectorarray" file="src/pymortests/vectorarray.py" line="951" name="test_sub_incompatible[&lt;lambda&gt;8]" time="0.0014064311981201172"></testcase><testcase classname="src.pymortests.vectorarray" file="src/pymortests/vectorarray.py" line="951" name="test_sub_incompatible[&lt;lambda&gt;9]" time="0.0021948814392089844"></testcase><testcase classname="src.pymortests.vectorarray" file="src/pymortests/vectorarray.py" line="951" name="test_sub_incompatible[&lt;lambda&gt;10]" time="0.001314401626586914"></testcase><testcase classname="src.pymortests.vectorarray" file="src/pymortests/vectorarray.py" line="951" name="test_sub_incompatible[&lt;lambda&gt;11]" time="0.0016732215881347656"></testcase><testcase classname="src.pymortests.vectorarray" file="src/pymortests/vectorarray.py" line="951" name="test_sub_incompatible[&lt;lambda&gt;12]" time="0.0014252662658691406"></testcase><testcase classname="src.pymortests.vectorarray" file="src/pymortests/vectorarray.py" line="951" name="test_sub_incompatible[&lt;lambda&gt;13]" time="0.0013158321380615234"></testcase><testcase classname="src.pymortests.vectorarray" file="src/pymortests/vectorarray.py" line="951" name="test_sub_incompatible[&lt;lambda&gt;14]" time="0.00131988525390625"></testcase><testcase classname="src.pymortests.vectorarray" file="src/pymortests/vectorarray.py" line="951" name="test_sub_incompatible[&lt;lambda&gt;15]" time="0.0018184185028076172"></testcase><testcase classname="src.pymortests.vectorarray" file="src/pymortests/vectorarray.py" line="951" name="test_sub_incompatible[&lt;lambda&gt;16]" time="0.001909017562866211"></testcase><testcase classname="src.pymortests.vectorarray" file="src/pymortests/vectorarray.py" line="951" name="test_sub_incompatible[&lt;lambda&gt;17]" time="0.0020380020141601562"></testcase><testcase classname="src.pymortests.vectorarray" file="src/pymortests/vectorarray.py" line="951" name="test_sub_incompatible[&lt;lambda&gt;18]" time="0.029415607452392578"></testcase><testcase classname="src.pymortests.vectorarray" file="src/pymortests/vectorarray.py" line="951" name="test_sub_incompatible[&lt;lambda&gt;19]" time="0.024291276931762695"></testcase><testcase classname="src.pymortests.vectorarray" file="src/pymortests/vectorarray.py" line="951" name="test_sub_incompatible[&lt;lambda&gt;20]" time="0.0019609928131103516"></testcase><testcase classname="src.pymortests.vectorarray" file="src/pymortests/vectorarray.py" line="951" name="test_sub_incompatible[&lt;lambda&gt;21]" time="0.0020432472229003906"></testcase><testcase classname="src.pymortests.vectorarray" file="src/pymortests/vectorarray.py" line="951" name="test_sub_incompatible[&lt;lambda&gt;22]" time="0.0027158260345458984"></testcase><testcase classname="src.pymortests.vectorarray" file="src/pymortests/vectorarray.py" line="951" name="test_sub_incompatible[&lt;lambda&gt;23]" time="0.028994321823120117"></testcase><testcase classname="src.pymortests.vectorarray" file="src/pymortests/vectorarray.py" line="951" name="test_sub_incompatible[&lt;lambda&gt;24]" time="0.06112790107727051"></testcase><testcase classname="src.pymortests.vectorarray" file="src/pymortests/vectorarray.py" line="957" name="test_isub_incompatible[&lt;lambda&gt;0]" time="0.0015597343444824219"></testcase><testcase classname="src.pymortests.vectorarray" file="src/pymortests/vectorarray.py" line="957" name="test_isub_incompatible[&lt;lambda&gt;1]" time="0.0011610984802246094"></testcase><testcase classname="src.pymortests.vectorarray" file="src/pymortests/vectorarray.py" line="957" name="test_isub_incompatible[&lt;lambda&gt;2]" time="0.0012447834014892578"></testcase><testcase classname="src.pymortests.vectorarray" file="src/pymortests/vectorarray.py" line="957" name="test_isub_incompatible[&lt;lambda&gt;3]" time="0.001047372817993164"></testcase><testcase classname="src.pymortests.vectorarray" file="src/pymortests/vectorarray.py" line="957" name="test_isub_incompatible[&lt;lambda&gt;4]" time="0.0009992122650146484"></testcase><testcase classname="src.pymortests.vectorarray" file="src/pymortests/vectorarray.py" line="957" name="test_isub_incompatible[&lt;lambda&gt;5]" time="0.0010216236114501953"></testcase><testcase classname="src.pymortests.vectorarray" file="src/pymortests/vectorarray.py" line="957" name="test_isub_incompatible[&lt;lambda&gt;6]" time="0.0010576248168945312"></testcase><testcase classname="src.pymortests.vectorarray" file="src/pymortests/vectorarray.py" line="957" name="test_isub_incompatible[&lt;lambda&gt;7]" time="0.0010254383087158203"></testcase><testcase classname="src.pymortests.vectorarray" file="src/pymortests/vectorarray.py" line="957" name="test_isub_incompatible[&lt;lambda&gt;8]" time="0.0011987686157226562"></testcase><testcase classname="src.pymortests.vectorarray" file="src/pymortests/vectorarray.py" line="957" name="test_isub_incompatible[&lt;lambda&gt;9]" time="0.0013256072998046875"></testcase><testcase classname="src.pymortests.vectorarray" file="src/pymortests/vectorarray.py" line="957" name="test_isub_incompatible[&lt;lambda&gt;10]" time="0.0014553070068359375"></testcase><testcase classname="src.pymortests.vectorarray" file="src/pymortests/vectorarray.py" line="957" name="test_isub_incompatible[&lt;lambda&gt;11]" time="0.0011632442474365234"></testcase><testcase classname="src.pymortests.vectorarray" file="src/pymortests/vectorarray.py" line="957" name="test_isub_incompatible[&lt;lambda&gt;12]" time="0.0012216567993164062"></testcase><testcase classname="src.pymortests.vectorarray" file="src/pymortests/vectorarray.py" line="957" name="test_isub_incompatible[&lt;lambda&gt;13]" time="0.0014858245849609375"></testcase><testcase classname="src.pymortests.vectorarray" file="src/pymortests/vectorarray.py" line="957" name="test_isub_incompatible[&lt;lambda&gt;14]" time="0.0014872550964355469"></testcase><testcase classname="src.pymortests.vectorarray" file="src/pymortests/vectorarray.py" line="957" name="test_isub_incompatible[&lt;lambda&gt;15]" time="0.0017049312591552734"></testcase><testcase classname="src.pymortests.vectorarray" file="src/pymortests/vectorarray.py" line="957" name="test_isub_incompatible[&lt;lambda&gt;16]" time="0.0018732547760009766"></testcase><testcase classname="src.pymortests.vectorarray" file="src/pymortests/vectorarray.py" line="957" name="test_isub_incompatible[&lt;lambda&gt;17]" time="0.0019147396087646484"></testcase><testcase classname="src.pymortests.vectorarray" file="src/pymortests/vectorarray.py" line="957" name="test_isub_incompatible[&lt;lambda&gt;18]" time="0.030138254165649414"></testcase><testcase classname="src.pymortests.vectorarray" file="src/pymortests/vectorarray.py" line="957" name="test_isub_incompatible[&lt;lambda&gt;19]" time="0.022838592529296875"></testcase><testcase classname="src.pymortests.vectorarray" file="src/pymortests/vectorarray.py" line="957" name="test_isub_incompatible[&lt;lambda&gt;20]" time="0.001493215560913086"></testcase><testcase classname="src.pymortests.vectorarray" file="src/pymortests/vectorarray.py" line="957" name="test_isub_incompatible[&lt;lambda&gt;21]" time="0.0020546913146972656"></testcase><testcase classname="src.pymortests.vectorarray" file="src/pymortests/vectorarray.py" line="957" name="test_isub_incompatible[&lt;lambda&gt;22]" time="0.0027697086334228516"></testcase><testcase classname="src.pymortests.vectorarray" file="src/pymortests/vectorarray.py" line="957" name="test_isub_incompatible[&lt;lambda&gt;23]" time="0.02935338020324707"></testcase><testcase classname="src.pymortests.vectorarray" file="src/pymortests/vectorarray.py" line="957" name="test_isub_incompatible[&lt;lambda&gt;24]" time="0.06215977668762207"></testcase><testcase classname="src.pymortests.vectorarray" file="src/pymortests/vectorarray.py" line="966" name="test_copy_wrong_ind[0-&lt;lambda&gt;0]" time="0.0028791427612304688"></testcase><testcase classname="src.pymortests.vectorarray" file="src/pymortests/vectorarray.py" line="966" name="test_copy_wrong_ind[0-&lt;lambda&gt;1]" time="0.001882314682006836"></testcase><testcase classname="src.pymortests.vectorarray" file="src/pymortests/vectorarray.py" line="966" name="test_copy_wrong_ind[0-&lt;lambda&gt;2]" time="0.00146484375"></testcase><testcase classname="src.pymortests.vectorarray" file="src/pymortests/vectorarray.py" line="966" name="test_copy_wrong_ind[0-&lt;lambda&gt;3]" time="0.0013954639434814453"></testcase><testcase classname="src.pymortests.vectorarray" file="src/pymortests/vectorarray.py" line="966" name="test_copy_wrong_ind[0-&lt;lambda&gt;4]" time="0.0013723373413085938"></testcase><testcase classname="src.pymortests.vectorarray" file="src/pymortests/vectorarray.py" line="966" name="test_copy_wrong_ind[0-&lt;lambda&gt;5]" time="0.0014047622680664062"></testcase><testcase classname="src.pymortests.vectorarray" file="src/pymortests/vectorarray.py" line="966" name="test_copy_wrong_ind[0-&lt;lambda&gt;6]" time="0.0013630390167236328"></testcase><testcase classname="src.pymortests.vectorarray" file="src/pymortests/vectorarray.py" line="966" name="test_copy_wrong_ind[0-&lt;lambda&gt;7]" time="0.0014204978942871094"></testcase><testcase classname="src.pymortests.vectorarray" file="src/pymortests/vectorarray.py" line="966" name="test_copy_wrong_ind[0-&lt;lambda&gt;8]" time="0.0015184879302978516"></testcase><testcase classname="src.pymortests.vectorarray" file="src/pymortests/vectorarray.py" line="966" name="test_copy_wrong_ind[0-&lt;lambda&gt;9]" time="0.0016858577728271484"></testcase><testcase classname="src.pymortests.vectorarray" file="src/pymortests/vectorarray.py" line="966" name="test_copy_wrong_ind[0-&lt;lambda&gt;10]" time="0.0015876293182373047"></testcase><testcase classname="src.pymortests.vectorarray" file="src/pymortests/vectorarray.py" line="966" name="test_copy_wrong_ind[0-&lt;lambda&gt;11]" time="0.0015232563018798828"></testcase><testcase classname="src.pymortests.vectorarray" file="src/pymortests/vectorarray.py" line="966" name="test_copy_wrong_ind[0-&lt;lambda&gt;12]" time="0.0015535354614257812"></testcase><testcase classname="src.pymortests.vectorarray" file="src/pymortests/vectorarray.py" line="966" name="test_copy_wrong_ind[0-&lt;lambda&gt;13]" time="0.001535177230834961"></testcase><testcase classname="src.pymortests.vectorarray" file="src/pymortests/vectorarray.py" line="966" name="test_copy_wrong_ind[0-&lt;lambda&gt;14]" time="0.0015053749084472656"></testcase><testcase classname="src.pymortests.vectorarray" file="src/pymortests/vectorarray.py" line="966" name="test_copy_wrong_ind[0-&lt;lambda&gt;15]" time="0.0015666484832763672"></testcase><testcase classname="src.pymortests.vectorarray" file="src/pymortests/vectorarray.py" line="966" name="test_copy_wrong_ind[0-&lt;lambda&gt;16]" time="0.0017609596252441406"></testcase><testcase classname="src.pymortests.vectorarray" file="src/pymortests/vectorarray.py" line="966" name="test_copy_wrong_ind[0-&lt;lambda&gt;17]" time="0.001847982406616211"></testcase><testcase classname="src.pymortests.vectorarray" file="src/pymortests/vectorarray.py" line="966" name="test_copy_wrong_ind[0-&lt;lambda&gt;18]" time="0.0018985271453857422"></testcase><testcase classname="src.pymortests.vectorarray" file="src/pymortests/vectorarray.py" line="966" name="test_copy_wrong_ind[0-&lt;lambda&gt;19]" time="0.0027022361755371094"></testcase><testcase classname="src.pymortests.vectorarray" file="src/pymortests/vectorarray.py" line="966" name="test_copy_wrong_ind[0-&lt;lambda&gt;20]" time="0.010102987289428711"></testcase><testcase classname="src.pymortests.vectorarray" file="src/pymortests/vectorarray.py" line="966" name="test_copy_wrong_ind[0-&lt;lambda&gt;21]" time="0.021674394607543945"></testcase><testcase classname="src.pymortests.vectorarray" file="src/pymortests/vectorarray.py" line="966" name="test_copy_wrong_ind[0-&lt;lambda&gt;22]" time="0.0020360946655273438"></testcase><testcase classname="src.pymortests.vectorarray" file="src/pymortests/vectorarray.py" line="966" name="test_copy_wrong_ind[0-&lt;lambda&gt;23]" time="0.0014760494232177734"></testcase><testcase classname="src.pymortests.vectorarray" file="src/pymortests/vectorarray.py" line="966" name="test_copy_wrong_ind[0-&lt;lambda&gt;24]" time="0.0023276805877685547"></testcase><testcase classname="src.pymortests.vectorarray" file="src/pymortests/vectorarray.py" line="966" name="test_copy_wrong_ind[0-&lt;lambda&gt;25]" time="0.02410292625427246"></testcase><testcase classname="src.pymortests.vectorarray" file="src/pymortests/vectorarray.py" line="966" name="test_copy_wrong_ind[0-&lt;lambda&gt;26]" time="0.05510306358337402"></testcase><testcase classname="src.pymortests.vectorarray" file="src/pymortests/vectorarray.py" line="966" name="test_copy_wrong_ind[1-&lt;lambda&gt;0]" time="0.0023534297943115234"></testcase><testcase classname="src.pymortests.vectorarray" file="src/pymortests/vectorarray.py" line="966" name="test_copy_wrong_ind[1-&lt;lambda&gt;1]" time="0.0015685558319091797"></testcase><testcase classname="src.pymortests.vectorarray" file="src/pymortests/vectorarray.py" line="966" name="test_copy_wrong_ind[1-&lt;lambda&gt;2]" time="0.0015420913696289062"></testcase><testcase classname="src.pymortests.vectorarray" file="src/pymortests/vectorarray.py" line="966" name="test_copy_wrong_ind[1-&lt;lambda&gt;3]" time="0.0015077590942382812"></testcase><testcase classname="src.pymortests.vectorarray" file="src/pymortests/vectorarray.py" line="966" name="test_copy_wrong_ind[1-&lt;lambda&gt;4]" time="0.0015032291412353516"></testcase><testcase classname="src.pymortests.vectorarray" file="src/pymortests/vectorarray.py" line="966" name="test_copy_wrong_ind[1-&lt;lambda&gt;5]" time="0.0014638900756835938"></testcase><testcase classname="src.pymortests.vectorarray" file="src/pymortests/vectorarray.py" line="966" name="test_copy_wrong_ind[1-&lt;lambda&gt;6]" time="0.00145721435546875"></testcase><testcase classname="src.pymortests.vectorarray" file="src/pymortests/vectorarray.py" line="966" name="test_copy_wrong_ind[1-&lt;lambda&gt;7]" time="0.001458883285522461"></testcase><testcase classname="src.pymortests.vectorarray" file="src/pymortests/vectorarray.py" line="966" name="test_copy_wrong_ind[1-&lt;lambda&gt;8]" time="0.0018832683563232422"></testcase><testcase classname="src.pymortests.vectorarray" file="src/pymortests/vectorarray.py" line="966" name="test_copy_wrong_ind[1-&lt;lambda&gt;9]" time="0.0022280216217041016"></testcase><testcase classname="src.pymortests.vectorarray" file="src/pymortests/vectorarray.py" line="966" name="test_copy_wrong_ind[1-&lt;lambda&gt;10]" time="0.0019130706787109375"></testcase><testcase classname="src.pymortests.vectorarray" file="src/pymortests/vectorarray.py" line="966" name="test_copy_wrong_ind[1-&lt;lambda&gt;11]" time="0.0020453929901123047"></testcase><testcase classname="src.pymortests.vectorarray" file="src/pymortests/vectorarray.py" line="966" name="test_copy_wrong_ind[1-&lt;lambda&gt;12]" time="0.0016701221466064453"></testcase><testcase classname="src.pymortests.vectorarray" file="src/pymortests/vectorarray.py" line="966" name="test_copy_wrong_ind[1-&lt;lambda&gt;13]" time="0.0015804767608642578"></testcase><testcase classname="src.pymortests.vectorarray" file="src/pymortests/vectorarray.py" line="966" name="test_copy_wrong_ind[1-&lt;lambda&gt;14]" time="0.002290964126586914"></testcase><testcase classname="src.pymortests.vectorarray" file="src/pymortests/vectorarray.py" line="966" name="test_copy_wrong_ind[1-&lt;lambda&gt;15]" time="0.002061605453491211"></testcase><testcase classname="src.pymortests.vectorarray" file="src/pymortests/vectorarray.py" line="966" name="test_copy_wrong_ind[1-&lt;lambda&gt;16]" time="0.0017483234405517578"></testcase><testcase classname="src.pymortests.vectorarray" file="src/pymortests/vectorarray.py" line="966" name="test_copy_wrong_ind[1-&lt;lambda&gt;17]" time="0.002075672149658203"></testcase><testcase classname="src.pymortests.vectorarray" file="src/pymortests/vectorarray.py" line="966" name="test_copy_wrong_ind[1-&lt;lambda&gt;18]" time="0.0020203590393066406"></testcase><testcase classname="src.pymortests.vectorarray" file="src/pymortests/vectorarray.py" line="966" name="test_copy_wrong_ind[1-&lt;lambda&gt;19]" time="0.0030641555786132812"></testcase><testcase classname="src.pymortests.vectorarray" file="src/pymortests/vectorarray.py" line="966" name="test_copy_wrong_ind[1-&lt;lambda&gt;20]" time="0.013772964477539062"></testcase><testcase classname="src.pymortests.vectorarray" file="src/pymortests/vectorarray.py" line="966" name="test_copy_wrong_ind[1-&lt;lambda&gt;21]" time="0.02335643768310547"></testcase><testcase classname="src.pymortests.vectorarray" file="src/pymortests/vectorarray.py" line="966" name="test_copy_wrong_ind[1-&lt;lambda&gt;22]" time="0.0025331974029541016"></testcase><testcase classname="src.pymortests.vectorarray" file="src/pymortests/vectorarray.py" line="966" name="test_copy_wrong_ind[1-&lt;lambda&gt;23]" time="0.0017516613006591797"></testcase><testcase classname="src.pymortests.vectorarray" file="src/pymortests/vectorarray.py" line="966" name="test_copy_wrong_ind[1-&lt;lambda&gt;24]" time="0.0027284622192382812"></testcase><testcase classname="src.pymortests.vectorarray" file="src/pymortests/vectorarray.py" line="966" name="test_copy_wrong_ind[1-&lt;lambda&gt;25]" time="0.027797698974609375"></testcase><testcase classname="src.pymortests.vectorarray" file="src/pymortests/vectorarray.py" line="966" name="test_copy_wrong_ind[1-&lt;lambda&gt;26]" time="0.061300039291381836"></testcase><testcase classname="src.pymortests.vectorarray" file="src/pymortests/vectorarray.py" line="966" name="test_copy_wrong_ind[2-&lt;lambda&gt;0]" time="0.002130270004272461"></testcase><testcase classname="src.pymortests.vectorarray" file="src/pymortests/vectorarray.py" line="966" name="test_copy_wrong_ind[2-&lt;lambda&gt;1]" time="0.0015459060668945312"></testcase><testcase classname="src.pymortests.vectorarray" file="src/pymortests/vectorarray.py" line="966" name="test_copy_wrong_ind[2-&lt;lambda&gt;2]" time="0.0015277862548828125"></testcase><testcase classname="src.pymortests.vectorarray" file="src/pymortests/vectorarray.py" line="966" name="test_copy_wrong_ind[2-&lt;lambda&gt;3]" time="0.0014810562133789062"></testcase><testcase classname="src.pymortests.vectorarray" file="src/pymortests/vectorarray.py" line="966" name="test_copy_wrong_ind[2-&lt;lambda&gt;4]" time="0.0014564990997314453"></testcase><testcase classname="src.pymortests.vectorarray" file="src/pymortests/vectorarray.py" line="966" name="test_copy_wrong_ind[2-&lt;lambda&gt;5]" time="0.001386880874633789"></testcase><testcase classname="src.pymortests.vectorarray" file="src/pymortests/vectorarray.py" line="966" name="test_copy_wrong_ind[2-&lt;lambda&gt;6]" time="0.0014333724975585938"></testcase><testcase classname="src.pymortests.vectorarray" file="src/pymortests/vectorarray.py" line="966" name="test_copy_wrong_ind[2-&lt;lambda&gt;7]" time="0.0014214515686035156"></testcase><testcase classname="src.pymortests.vectorarray" file="src/pymortests/vectorarray.py" line="966" name="test_copy_wrong_ind[2-&lt;lambda&gt;8]" time="0.0016694068908691406"></testcase><testcase classname="src.pymortests.vectorarray" file="src/pymortests/vectorarray.py" line="966" name="test_copy_wrong_ind[2-&lt;lambda&gt;9]" time="0.002262115478515625"></testcase><testcase classname="src.pymortests.vectorarray" file="src/pymortests/vectorarray.py" line="966" name="test_copy_wrong_ind[2-&lt;lambda&gt;10]" time="0.0016064643859863281"></testcase><testcase classname="src.pymortests.vectorarray" file="src/pymortests/vectorarray.py" line="966" name="test_copy_wrong_ind[2-&lt;lambda&gt;11]" time="0.0016448497772216797"></testcase><testcase classname="src.pymortests.vectorarray" file="src/pymortests/vectorarray.py" line="966" name="test_copy_wrong_ind[2-&lt;lambda&gt;12]" time="0.0016734600067138672"></testcase><testcase classname="src.pymortests.vectorarray" file="src/pymortests/vectorarray.py" line="966" name="test_copy_wrong_ind[2-&lt;lambda&gt;13]" time="0.001567840576171875"></testcase><testcase classname="src.pymortests.vectorarray" file="src/pymortests/vectorarray.py" line="966" name="test_copy_wrong_ind[2-&lt;lambda&gt;14]" time="0.0018749237060546875"></testcase><testcase classname="src.pymortests.vectorarray" file="src/pymortests/vectorarray.py" line="966" name="test_copy_wrong_ind[2-&lt;lambda&gt;15]" time="0.001699209213256836"></testcase><testcase classname="src.pymortests.vectorarray" file="src/pymortests/vectorarray.py" line="966" name="test_copy_wrong_ind[2-&lt;lambda&gt;16]" time="0.0017082691192626953"></testcase><testcase classname="src.pymortests.vectorarray" file="src/pymortests/vectorarray.py" line="966" name="test_copy_wrong_ind[2-&lt;lambda&gt;17]" time="0.002020597457885742"></testcase><testcase classname="src.pymortests.vectorarray" file="src/pymortests/vectorarray.py" line="966" name="test_copy_wrong_ind[2-&lt;lambda&gt;18]" time="0.0020329952239990234"></testcase><testcase classname="src.pymortests.vectorarray" file="src/pymortests/vectorarray.py" line="966" name="test_copy_wrong_ind[2-&lt;lambda&gt;19]" time="0.002863168716430664"></testcase><testcase classname="src.pymortests.vectorarray" file="src/pymortests/vectorarray.py" line="966" name="test_copy_wrong_ind[2-&lt;lambda&gt;20]" time="0.010076761245727539"></testcase><testcase classname="src.pymortests.vectorarray" file="src/pymortests/vectorarray.py" line="966" name="test_copy_wrong_ind[2-&lt;lambda&gt;21]" time="0.021356582641601562"></testcase><testcase classname="src.pymortests.vectorarray" file="src/pymortests/vectorarray.py" line="966" name="test_copy_wrong_ind[2-&lt;lambda&gt;22]" time="0.002124309539794922"></testcase><testcase classname="src.pymortests.vectorarray" file="src/pymortests/vectorarray.py" line="966" name="test_copy_wrong_ind[2-&lt;lambda&gt;23]" time="0.0014617443084716797"></testcase><testcase classname="src.pymortests.vectorarray" file="src/pymortests/vectorarray.py" line="966" name="test_copy_wrong_ind[2-&lt;lambda&gt;24]" time="0.0024759769439697266"></testcase><testcase classname="src.pymortests.vectorarray" file="src/pymortests/vectorarray.py" line="966" name="test_copy_wrong_ind[2-&lt;lambda&gt;25]" time="0.024395465850830078"></testcase><testcase classname="src.pymortests.vectorarray" file="src/pymortests/vectorarray.py" line="966" name="test_copy_wrong_ind[2-&lt;lambda&gt;26]" time="0.05513596534729004"></testcase><testcase classname="src.pymortests.vectorarray" file="src/pymortests/vectorarray.py" line="973" name="test_remove_wrong_ind[0-&lt;lambda&gt;0]" time="0.002033710479736328"></testcase><testcase classname="src.pymortests.vectorarray" file="src/pymortests/vectorarray.py" line="973" name="test_remove_wrong_ind[0-&lt;lambda&gt;1]" time="0.0014710426330566406"></testcase><testcase classname="src.pymortests.vectorarray" file="src/pymortests/vectorarray.py" line="973" name="test_remove_wrong_ind[0-&lt;lambda&gt;2]" time="0.0013418197631835938"></testcase><testcase classname="src.pymortests.vectorarray" file="src/pymortests/vectorarray.py" line="973" name="test_remove_wrong_ind[0-&lt;lambda&gt;3]" time="0.00147247314453125"></testcase><testcase classname="src.pymortests.vectorarray" file="src/pymortests/vectorarray.py" line="973" name="test_remove_wrong_ind[0-&lt;lambda&gt;4]" time="0.0013632774353027344"></testcase><testcase classname="src.pymortests.vectorarray" file="src/pymortests/vectorarray.py" line="973" name="test_remove_wrong_ind[0-&lt;lambda&gt;5]" time="0.001367330551147461"></testcase><testcase classname="src.pymortests.vectorarray" file="src/pymortests/vectorarray.py" line="973" name="test_remove_wrong_ind[0-&lt;lambda&gt;6]" time="0.0013437271118164062"></testcase><testcase classname="src.pymortests.vectorarray" file="src/pymortests/vectorarray.py" line="973" name="test_remove_wrong_ind[0-&lt;lambda&gt;7]" time="0.0013740062713623047"></testcase><testcase classname="src.pymortests.vectorarray" file="src/pymortests/vectorarray.py" line="973" name="test_remove_wrong_ind[0-&lt;lambda&gt;8]" time="0.002443552017211914"></testcase><testcase classname="src.pymortests.vectorarray" file="src/pymortests/vectorarray.py" line="973" name="test_remove_wrong_ind[0-&lt;lambda&gt;9]" time="0.004556179046630859"></testcase><testcase classname="src.pymortests.vectorarray" file="src/pymortests/vectorarray.py" line="973" name="test_remove_wrong_ind[0-&lt;lambda&gt;10]" time="0.0016388893127441406"></testcase><testcase classname="src.pymortests.vectorarray" file="src/pymortests/vectorarray.py" line="973" name="test_remove_wrong_ind[0-&lt;lambda&gt;11]" time="0.0020172595977783203"></testcase><testcase classname="src.pymortests.vectorarray" file="src/pymortests/vectorarray.py" line="973" name="test_remove_wrong_ind[0-&lt;lambda&gt;12]" time="0.0016326904296875"></testcase><testcase classname="src.pymortests.vectorarray" file="src/pymortests/vectorarray.py" line="973" name="test_remove_wrong_ind[0-&lt;lambda&gt;13]" time="0.001497030258178711"></testcase><testcase classname="src.pymortests.vectorarray" file="src/pymortests/vectorarray.py" line="973" name="test_remove_wrong_ind[0-&lt;lambda&gt;14]" time="0.0015707015991210938"></testcase><testcase classname="src.pymortests.vectorarray" file="src/pymortests/vectorarray.py" line="973" name="test_remove_wrong_ind[0-&lt;lambda&gt;15]" time="0.0016903877258300781"></testcase><testcase classname="src.pymortests.vectorarray" file="src/pymortests/vectorarray.py" line="973" name="test_remove_wrong_ind[0-&lt;lambda&gt;16]" time="0.001623392105102539"></testcase><testcase classname="src.pymortests.vectorarray" file="src/pymortests/vectorarray.py" line="973" name="test_remove_wrong_ind[0-&lt;lambda&gt;17]" time="0.0017979145050048828"></testcase><testcase classname="src.pymortests.vectorarray" file="src/pymortests/vectorarray.py" line="973" name="test_remove_wrong_ind[0-&lt;lambda&gt;18]" time="0.0017476081848144531"></testcase><testcase classname="src.pymortests.vectorarray" file="src/pymortests/vectorarray.py" line="973" name="test_remove_wrong_ind[0-&lt;lambda&gt;19]" time="0.0029878616333007812"></testcase><testcase classname="src.pymortests.vectorarray" file="src/pymortests/vectorarray.py" line="973" name="test_remove_wrong_ind[0-&lt;lambda&gt;20]" time="0.010889768600463867"></testcase><testcase classname="src.pymortests.vectorarray" file="src/pymortests/vectorarray.py" line="973" name="test_remove_wrong_ind[0-&lt;lambda&gt;21]" time="0.023121118545532227"></testcase><testcase classname="src.pymortests.vectorarray" file="src/pymortests/vectorarray.py" line="973" name="test_remove_wrong_ind[0-&lt;lambda&gt;22]" time="0.0019941329956054688"></testcase><testcase classname="src.pymortests.vectorarray" file="src/pymortests/vectorarray.py" line="973" name="test_remove_wrong_ind[0-&lt;lambda&gt;23]" time="0.0015399456024169922"></testcase><testcase classname="src.pymortests.vectorarray" file="src/pymortests/vectorarray.py" line="973" name="test_remove_wrong_ind[0-&lt;lambda&gt;24]" time="0.0023720264434814453"></testcase><testcase classname="src.pymortests.vectorarray" file="src/pymortests/vectorarray.py" line="973" name="test_remove_wrong_ind[0-&lt;lambda&gt;25]" time="0.027370691299438477"></testcase><testcase classname="src.pymortests.vectorarray" file="src/pymortests/vectorarray.py" line="973" name="test_remove_wrong_ind[0-&lt;lambda&gt;26]" time="0.06196761131286621"></testcase><testcase classname="src.pymortests.vectorarray" file="src/pymortests/vectorarray.py" line="973" name="test_remove_wrong_ind[1-&lt;lambda&gt;0]" time="0.0023272037506103516"></testcase><testcase classname="src.pymortests.vectorarray" file="src/pymortests/vectorarray.py" line="973" name="test_remove_wrong_ind[1-&lt;lambda&gt;1]" time="0.0015840530395507812"></testcase><testcase classname="src.pymortests.vectorarray" file="src/pymortests/vectorarray.py" line="973" name="test_remove_wrong_ind[1-&lt;lambda&gt;2]" time="0.0017085075378417969"></testcase><testcase classname="src.pymortests.vectorarray" file="src/pymortests/vectorarray.py" line="973" name="test_remove_wrong_ind[1-&lt;lambda&gt;3]" time="0.0014498233795166016"></testcase><testcase classname="src.pymortests.vectorarray" file="src/pymortests/vectorarray.py" line="973" name="test_remove_wrong_ind[1-&lt;lambda&gt;4]" time="0.001569986343383789"></testcase><testcase classname="src.pymortests.vectorarray" file="src/pymortests/vectorarray.py" line="973" name="test_remove_wrong_ind[1-&lt;lambda&gt;5]" time="0.0013911724090576172"></testcase><testcase classname="src.pymortests.vectorarray" file="src/pymortests/vectorarray.py" line="973" name="test_remove_wrong_ind[1-&lt;lambda&gt;6]" time="0.0013856887817382812"></testcase><testcase classname="src.pymortests.vectorarray" file="src/pymortests/vectorarray.py" line="973" name="test_remove_wrong_ind[1-&lt;lambda&gt;7]" time="0.0014622211456298828"></testcase><testcase classname="src.pymortests.vectorarray" file="src/pymortests/vectorarray.py" line="973" name="test_remove_wrong_ind[1-&lt;lambda&gt;8]" time="0.002638101577758789"></testcase><testcase classname="src.pymortests.vectorarray" file="src/pymortests/vectorarray.py" line="973" name="test_remove_wrong_ind[1-&lt;lambda&gt;9]" time="0.0042383670806884766"></testcase><testcase classname="src.pymortests.vectorarray" file="src/pymortests/vectorarray.py" line="973" name="test_remove_wrong_ind[1-&lt;lambda&gt;10]" time="0.0017435550689697266"></testcase><testcase classname="src.pymortests.vectorarray" file="src/pymortests/vectorarray.py" line="973" name="test_remove_wrong_ind[1-&lt;lambda&gt;11]" time="0.001703500747680664"></testcase><testcase classname="src.pymortests.vectorarray" file="src/pymortests/vectorarray.py" line="973" name="test_remove_wrong_ind[1-&lt;lambda&gt;12]" time="0.0017268657684326172"></testcase><testcase classname="src.pymortests.vectorarray" file="src/pymortests/vectorarray.py" line="973" name="test_remove_wrong_ind[1-&lt;lambda&gt;13]" time="0.0015869140625"></testcase><testcase classname="src.pymortests.vectorarray" file="src/pymortests/vectorarray.py" line="973" name="test_remove_wrong_ind[1-&lt;lambda&gt;14]" time="0.0017056465148925781"></testcase><testcase classname="src.pymortests.vectorarray" file="src/pymortests/vectorarray.py" line="973" name="test_remove_wrong_ind[1-&lt;lambda&gt;15]" time="0.0017714500427246094"></testcase><testcase classname="src.pymortests.vectorarray" file="src/pymortests/vectorarray.py" line="973" name="test_remove_wrong_ind[1-&lt;lambda&gt;16]" time="0.001913309097290039"></testcase><testcase classname="src.pymortests.vectorarray" file="src/pymortests/vectorarray.py" line="973" name="test_remove_wrong_ind[1-&lt;lambda&gt;17]" time="0.0018260478973388672"></testcase><testcase classname="src.pymortests.vectorarray" file="src/pymortests/vectorarray.py" line="973" name="test_remove_wrong_ind[1-&lt;lambda&gt;18]" time="0.0017957687377929688"></testcase><testcase classname="src.pymortests.vectorarray" file="src/pymortests/vectorarray.py" line="973" name="test_remove_wrong_ind[1-&lt;lambda&gt;19]" time="0.002794504165649414"></testcase><testcase classname="src.pymortests.vectorarray" file="src/pymortests/vectorarray.py" line="973" name="test_remove_wrong_ind[1-&lt;lambda&gt;20]" time="0.011063575744628906"></testcase><testcase classname="src.pymortests.vectorarray" file="src/pymortests/vectorarray.py" line="973" name="test_remove_wrong_ind[1-&lt;lambda&gt;21]" time="0.02283191680908203"></testcase><testcase classname="src.pymortests.vectorarray" file="src/pymortests/vectorarray.py" line="973" name="test_remove_wrong_ind[1-&lt;lambda&gt;22]" time="0.00209808349609375"></testcase><testcase classname="src.pymortests.vectorarray" file="src/pymortests/vectorarray.py" line="973" name="test_remove_wrong_ind[1-&lt;lambda&gt;23]" time="0.0015110969543457031"></testcase><testcase classname="src.pymortests.vectorarray" file="src/pymortests/vectorarray.py" line="973" name="test_remove_wrong_ind[1-&lt;lambda&gt;24]" time="0.0025177001953125"></testcase><testcase classname="src.pymortests.vectorarray" file="src/pymortests/vectorarray.py" line="973" name="test_remove_wrong_ind[1-&lt;lambda&gt;25]" time="0.02535867691040039"></testcase><testcase classname="src.pymortests.vectorarray" file="src/pymortests/vectorarray.py" line="973" name="test_remove_wrong_ind[1-&lt;lambda&gt;26]" time="0.057692766189575195"></testcase><testcase classname="src.pymortests.vectorarray" file="src/pymortests/vectorarray.py" line="973" name="test_remove_wrong_ind[2-&lt;lambda&gt;0]" time="0.0022301673889160156"></testcase><testcase classname="src.pymortests.vectorarray" file="src/pymortests/vectorarray.py" line="973" name="test_remove_wrong_ind[2-&lt;lambda&gt;1]" time="0.0015387535095214844"></testcase><testcase classname="src.pymortests.vectorarray" file="src/pymortests/vectorarray.py" line="973" name="test_remove_wrong_ind[2-&lt;lambda&gt;2]" time="0.001444101333618164"></testcase><testcase classname="src.pymortests.vectorarray" file="src/pymortests/vectorarray.py" line="973" name="test_remove_wrong_ind[2-&lt;lambda&gt;3]" time="0.0014505386352539062"></testcase><testcase classname="src.pymortests.vectorarray" file="src/pymortests/vectorarray.py" line="973" name="test_remove_wrong_ind[2-&lt;lambda&gt;4]" time="0.0014111995697021484"></testcase><testcase classname="src.pymortests.vectorarray" file="src/pymortests/vectorarray.py" line="973" name="test_remove_wrong_ind[2-&lt;lambda&gt;5]" time="0.001428365707397461"></testcase><testcase classname="src.pymortests.vectorarray" file="src/pymortests/vectorarray.py" line="973" name="test_remove_wrong_ind[2-&lt;lambda&gt;6]" time="0.0014100074768066406"></testcase><testcase classname="src.pymortests.vectorarray" file="src/pymortests/vectorarray.py" line="973" name="test_remove_wrong_ind[2-&lt;lambda&gt;7]" time="0.001474618911743164"></testcase><testcase classname="src.pymortests.vectorarray" file="src/pymortests/vectorarray.py" line="973" name="test_remove_wrong_ind[2-&lt;lambda&gt;8]" time="0.0026216506958007812"></testcase><testcase classname="src.pymortests.vectorarray" file="src/pymortests/vectorarray.py" line="973" name="test_remove_wrong_ind[2-&lt;lambda&gt;9]" time="0.004271745681762695"></testcase><testcase classname="src.pymortests.vectorarray" file="src/pymortests/vectorarray.py" line="973" name="test_remove_wrong_ind[2-&lt;lambda&gt;10]" time="0.0017764568328857422"></testcase><testcase classname="src.pymortests.vectorarray" file="src/pymortests/vectorarray.py" line="973" name="test_remove_wrong_ind[2-&lt;lambda&gt;11]" time="0.0017783641815185547"></testcase><testcase classname="src.pymortests.vectorarray" file="src/pymortests/vectorarray.py" line="973" name="test_remove_wrong_ind[2-&lt;lambda&gt;12]" time="0.001642465591430664"></testcase><testcase classname="src.pymortests.vectorarray" file="src/pymortests/vectorarray.py" line="973" name="test_remove_wrong_ind[2-&lt;lambda&gt;13]" time="0.0015895366668701172"></testcase><testcase classname="src.pymortests.vectorarray" file="src/pymortests/vectorarray.py" line="973" name="test_remove_wrong_ind[2-&lt;lambda&gt;14]" time="0.0016562938690185547"></testcase><testcase classname="src.pymortests.vectorarray" file="src/pymortests/vectorarray.py" line="973" name="test_remove_wrong_ind[2-&lt;lambda&gt;15]" time="0.0017478466033935547"></testcase><testcase classname="src.pymortests.vectorarray" file="src/pymortests/vectorarray.py" line="973" name="test_remove_wrong_ind[2-&lt;lambda&gt;16]" time="0.0019354820251464844"></testcase><testcase classname="src.pymortests.vectorarray" file="src/pymortests/vectorarray.py" line="973" name="test_remove_wrong_ind[2-&lt;lambda&gt;17]" time="0.0019159317016601562"></testcase><testcase classname="src.pymortests.vectorarray" file="src/pymortests/vectorarray.py" line="973" name="test_remove_wrong_ind[2-&lt;lambda&gt;18]" time="0.0018558502197265625"></testcase><testcase classname="src.pymortests.vectorarray" file="src/pymortests/vectorarray.py" line="973" name="test_remove_wrong_ind[2-&lt;lambda&gt;19]" time="0.002863168716430664"></testcase><testcase classname="src.pymortests.vectorarray" file="src/pymortests/vectorarray.py" line="973" name="test_remove_wrong_ind[2-&lt;lambda&gt;20]" time="0.010916471481323242"></testcase><testcase classname="src.pymortests.vectorarray" file="src/pymortests/vectorarray.py" line="973" name="test_remove_wrong_ind[2-&lt;lambda&gt;21]" time="0.022809982299804688"></testcase><testcase classname="src.pymortests.vectorarray" file="src/pymortests/vectorarray.py" line="973" name="test_remove_wrong_ind[2-&lt;lambda&gt;22]" time="0.002040386199951172"></testcase><testcase classname="src.pymortests.vectorarray" file="src/pymortests/vectorarray.py" line="973" name="test_remove_wrong_ind[2-&lt;lambda&gt;23]" time="0.0014891624450683594"></testcase><testcase classname="src.pymortests.vectorarray" file="src/pymortests/vectorarray.py" line="973" name="test_remove_wrong_ind[2-&lt;lambda&gt;24]" time="0.002378225326538086"></testcase><testcase classname="src.pymortests.vectorarray" file="src/pymortests/vectorarray.py" line="973" name="test_remove_wrong_ind[2-&lt;lambda&gt;25]" time="0.025426149368286133"></testcase><testcase classname="src.pymortests.vectorarray" file="src/pymortests/vectorarray.py" line="973" name="test_remove_wrong_ind[2-&lt;lambda&gt;26]" time="0.05744028091430664"></testcase><testcase classname="src.pymortests.vectorarray" file="src/pymortests/vectorarray.py" line="981" name="test_scal_wrong_ind[0-&lt;lambda&gt;0]" time="0.003104686737060547"></testcase><testcase classname="src.pymortests.vectorarray" file="src/pymortests/vectorarray.py" line="981" name="test_scal_wrong_ind[0-&lt;lambda&gt;1]" time="0.0021135807037353516"></testcase><testcase classname="src.pymortests.vectorarray" file="src/pymortests/vectorarray.py" line="981" name="test_scal_wrong_ind[0-&lt;lambda&gt;2]" time="0.002045154571533203"></testcase><testcase classname="src.pymortests.vectorarray" file="src/pymortests/vectorarray.py" line="981" name="test_scal_wrong_ind[0-&lt;lambda&gt;3]" time="0.0021448135375976562"></testcase><testcase classname="src.pymortests.vectorarray" file="src/pymortests/vectorarray.py" line="981" name="test_scal_wrong_ind[0-&lt;lambda&gt;4]" time="0.0021152496337890625"></testcase><testcase classname="src.pymortests.vectorarray" file="src/pymortests/vectorarray.py" line="981" name="test_scal_wrong_ind[0-&lt;lambda&gt;5]" time="0.0024869441986083984"></testcase><testcase classname="src.pymortests.vectorarray" file="src/pymortests/vectorarray.py" line="981" name="test_scal_wrong_ind[0-&lt;lambda&gt;6]" time="0.0020890235900878906"></testcase><testcase classname="src.pymortests.vectorarray" file="src/pymortests/vectorarray.py" line="981" name="test_scal_wrong_ind[0-&lt;lambda&gt;7]" time="0.0023241043090820312"></testcase><testcase classname="src.pymortests.vectorarray" file="src/pymortests/vectorarray.py" line="981" name="test_scal_wrong_ind[0-&lt;lambda&gt;8]" time="0.007832527160644531"></testcase><testcase classname="src.pymortests.vectorarray" file="src/pymortests/vectorarray.py" line="981" name="test_scal_wrong_ind[0-&lt;lambda&gt;9]" time="0.017314672470092773"></testcase><testcase classname="src.pymortests.vectorarray" file="src/pymortests/vectorarray.py" line="981" name="test_scal_wrong_ind[0-&lt;lambda&gt;10]" time="0.0028395652770996094"></testcase><testcase classname="src.pymortests.vectorarray" file="src/pymortests/vectorarray.py" line="981" name="test_scal_wrong_ind[0-&lt;lambda&gt;11]" time="0.00325775146484375"></testcase><testcase classname="src.pymortests.vectorarray" file="src/pymortests/vectorarray.py" line="981" name="test_scal_wrong_ind[0-&lt;lambda&gt;12]" time="0.0035288333892822266"></testcase><testcase classname="src.pymortests.vectorarray" file="src/pymortests/vectorarray.py" line="981" name="test_scal_wrong_ind[0-&lt;lambda&gt;13]" time="0.002641439437866211"></testcase><testcase classname="src.pymortests.vectorarray" file="src/pymortests/vectorarray.py" line="981" name="test_scal_wrong_ind[0-&lt;lambda&gt;14]" time="0.002839803695678711"></testcase><testcase classname="src.pymortests.vectorarray" file="src/pymortests/vectorarray.py" line="981" name="test_scal_wrong_ind[0-&lt;lambda&gt;15]" time="0.0029442310333251953"></testcase><testcase classname="src.pymortests.vectorarray" file="src/pymortests/vectorarray.py" line="981" name="test_scal_wrong_ind[0-&lt;lambda&gt;16]" time="0.0029497146606445312"></testcase><testcase classname="src.pymortests.vectorarray" file="src/pymortests/vectorarray.py" line="981" name="test_scal_wrong_ind[0-&lt;lambda&gt;17]" time="0.0025093555450439453"></testcase><testcase classname="src.pymortests.vectorarray" file="src/pymortests/vectorarray.py" line="981" name="test_scal_wrong_ind[0-&lt;lambda&gt;18]" time="0.002446889877319336"></testcase><testcase classname="src.pymortests.vectorarray" file="src/pymortests/vectorarray.py" line="981" name="test_scal_wrong_ind[0-&lt;lambda&gt;19]" time="0.003480195999145508"></testcase><testcase classname="src.pymortests.vectorarray" file="src/pymortests/vectorarray.py" line="981" name="test_scal_wrong_ind[0-&lt;lambda&gt;20]" time="0.014312028884887695"></testcase><testcase classname="src.pymortests.vectorarray" file="src/pymortests/vectorarray.py" line="981" name="test_scal_wrong_ind[0-&lt;lambda&gt;21]" time="0.032248497009277344"></testcase><testcase classname="src.pymortests.vectorarray" file="src/pymortests/vectorarray.py" line="981" name="test_scal_wrong_ind[0-&lt;lambda&gt;22]" time="0.0030410289764404297"></testcase><testcase classname="src.pymortests.vectorarray" file="src/pymortests/vectorarray.py" line="981" name="test_scal_wrong_ind[0-&lt;lambda&gt;23]" time="0.002475261688232422"></testcase><testcase classname="src.pymortests.vectorarray" file="src/pymortests/vectorarray.py" line="981" name="test_scal_wrong_ind[0-&lt;lambda&gt;24]" time="0.004213571548461914"></testcase><testcase classname="src.pymortests.vectorarray" file="src/pymortests/vectorarray.py" line="981" name="test_scal_wrong_ind[0-&lt;lambda&gt;25]" time="0.029961347579956055"></testcase><testcase classname="src.pymortests.vectorarray" file="src/pymortests/vectorarray.py" line="981" name="test_scal_wrong_ind[0-&lt;lambda&gt;26]" time="0.06586694717407227"></testcase><testcase classname="src.pymortests.vectorarray" file="src/pymortests/vectorarray.py" line="981" name="test_scal_wrong_ind[1-&lt;lambda&gt;0]" time="0.002777099609375"></testcase><testcase classname="src.pymortests.vectorarray" file="src/pymortests/vectorarray.py" line="981" name="test_scal_wrong_ind[1-&lt;lambda&gt;1]" time="0.00220489501953125"></testcase><testcase classname="src.pymortests.vectorarray" file="src/pymortests/vectorarray.py" line="981" name="test_scal_wrong_ind[1-&lt;lambda&gt;2]" time="0.0026657581329345703"></testcase><testcase classname="src.pymortests.vectorarray" file="src/pymortests/vectorarray.py" line="981" name="test_scal_wrong_ind[1-&lt;lambda&gt;3]" time="0.002116680145263672"></testcase><testcase classname="src.pymortests.vectorarray" file="src/pymortests/vectorarray.py" line="981" name="test_scal_wrong_ind[1-&lt;lambda&gt;4]" time="0.0021491050720214844"></testcase><testcase classname="src.pymortests.vectorarray" file="src/pymortests/vectorarray.py" line="981" name="test_scal_wrong_ind[1-&lt;lambda&gt;5]" time="0.0019445419311523438"></testcase><testcase classname="src.pymortests.vectorarray" file="src/pymortests/vectorarray.py" line="981" name="test_scal_wrong_ind[1-&lt;lambda&gt;6]" time="0.001955747604370117"></testcase><testcase classname="src.pymortests.vectorarray" file="src/pymortests/vectorarray.py" line="981" name="test_scal_wrong_ind[1-&lt;lambda&gt;7]" time="0.0021317005157470703"></testcase><testcase classname="src.pymortests.vectorarray" file="src/pymortests/vectorarray.py" line="981" name="test_scal_wrong_ind[1-&lt;lambda&gt;8]" time="0.006071805953979492"></testcase><testcase classname="src.pymortests.vectorarray" file="src/pymortests/vectorarray.py" line="981" name="test_scal_wrong_ind[1-&lt;lambda&gt;9]" time="0.011629581451416016"></testcase><testcase classname="src.pymortests.vectorarray" file="src/pymortests/vectorarray.py" line="981" name="test_scal_wrong_ind[1-&lt;lambda&gt;10]" time="0.0035049915313720703"></testcase><testcase classname="src.pymortests.vectorarray" file="src/pymortests/vectorarray.py" line="981" name="test_scal_wrong_ind[1-&lt;lambda&gt;11]" time="0.002888917922973633"></testcase><testcase classname="src.pymortests.vectorarray" file="src/pymortests/vectorarray.py" line="981" name="test_scal_wrong_ind[1-&lt;lambda&gt;12]" time="0.0027942657470703125"></testcase><testcase classname="src.pymortests.vectorarray" file="src/pymortests/vectorarray.py" line="981" name="test_scal_wrong_ind[1-&lt;lambda&gt;13]" time="0.0026311874389648438"></testcase><testcase classname="src.pymortests.vectorarray" file="src/pymortests/vectorarray.py" line="981" name="test_scal_wrong_ind[1-&lt;lambda&gt;14]" time="0.0027573108673095703"></testcase><testcase classname="src.pymortests.vectorarray" file="src/pymortests/vectorarray.py" line="981" name="test_scal_wrong_ind[1-&lt;lambda&gt;15]" time="0.003067493438720703"></testcase><testcase classname="src.pymortests.vectorarray" file="src/pymortests/vectorarray.py" line="981" name="test_scal_wrong_ind[1-&lt;lambda&gt;16]" time="0.0030670166015625"></testcase><testcase classname="src.pymortests.vectorarray" file="src/pymortests/vectorarray.py" line="981" name="test_scal_wrong_ind[1-&lt;lambda&gt;17]" time="0.002504110336303711"></testcase><testcase classname="src.pymortests.vectorarray" file="src/pymortests/vectorarray.py" line="981" name="test_scal_wrong_ind[1-&lt;lambda&gt;18]" time="0.002428293228149414"></testcase><testcase classname="src.pymortests.vectorarray" file="src/pymortests/vectorarray.py" line="981" name="test_scal_wrong_ind[1-&lt;lambda&gt;19]" time="0.0038204193115234375"></testcase><testcase classname="src.pymortests.vectorarray" file="src/pymortests/vectorarray.py" line="981" name="test_scal_wrong_ind[1-&lt;lambda&gt;20]" time="0.015679359436035156"></testcase><testcase classname="src.pymortests.vectorarray" file="src/pymortests/vectorarray.py" line="981" name="test_scal_wrong_ind[1-&lt;lambda&gt;21]" time="0.03361988067626953"></testcase><testcase classname="src.pymortests.vectorarray" file="src/pymortests/vectorarray.py" line="981" name="test_scal_wrong_ind[1-&lt;lambda&gt;22]" time="0.0026345252990722656"></testcase><testcase classname="src.pymortests.vectorarray" file="src/pymortests/vectorarray.py" line="981" name="test_scal_wrong_ind[1-&lt;lambda&gt;23]" time="0.002132415771484375"></testcase><testcase classname="src.pymortests.vectorarray" file="src/pymortests/vectorarray.py" line="981" name="test_scal_wrong_ind[1-&lt;lambda&gt;24]" time="0.003187417984008789"></testcase><testcase classname="src.pymortests.vectorarray" file="src/pymortests/vectorarray.py" line="981" name="test_scal_wrong_ind[1-&lt;lambda&gt;25]" time="0.028821468353271484"></testcase><testcase classname="src.pymortests.vectorarray" file="src/pymortests/vectorarray.py" line="981" name="test_scal_wrong_ind[1-&lt;lambda&gt;26]" time="0.06496381759643555"></testcase><testcase classname="src.pymortests.vectorarray" file="src/pymortests/vectorarray.py" line="981" name="test_scal_wrong_ind[2-&lt;lambda&gt;0]" time="0.0033380985260009766"></testcase><testcase classname="src.pymortests.vectorarray" file="src/pymortests/vectorarray.py" line="981" name="test_scal_wrong_ind[2-&lt;lambda&gt;1]" time="0.0024509429931640625"></testcase><testcase classname="src.pymortests.vectorarray" file="src/pymortests/vectorarray.py" line="981" name="test_scal_wrong_ind[2-&lt;lambda&gt;2]" time="0.0020983219146728516"></testcase><testcase classname="src.pymortests.vectorarray" file="src/pymortests/vectorarray.py" line="981" name="test_scal_wrong_ind[2-&lt;lambda&gt;3]" time="0.002210855484008789"></testcase><testcase classname="src.pymortests.vectorarray" file="src/pymortests/vectorarray.py" line="981" name="test_scal_wrong_ind[2-&lt;lambda&gt;4]" time="0.0021364688873291016"></testcase><testcase classname="src.pymortests.vectorarray" file="src/pymortests/vectorarray.py" line="981" name="test_scal_wrong_ind[2-&lt;lambda&gt;5]" time="0.002067089080810547"></testcase><testcase classname="src.pymortests.vectorarray" file="src/pymortests/vectorarray.py" line="981" name="test_scal_wrong_ind[2-&lt;lambda&gt;6]" time="0.0020575523376464844"></testcase><testcase classname="src.pymortests.vectorarray" file="src/pymortests/vectorarray.py" line="981" name="test_scal_wrong_ind[2-&lt;lambda&gt;7]" time="0.002184152603149414"></testcase><testcase classname="src.pymortests.vectorarray" file="src/pymortests/vectorarray.py" line="981" name="test_scal_wrong_ind[2-&lt;lambda&gt;8]" time="0.006210803985595703"></testcase><testcase classname="src.pymortests.vectorarray" file="src/pymortests/vectorarray.py" line="981" name="test_scal_wrong_ind[2-&lt;lambda&gt;9]" time="0.011621236801147461"></testcase><testcase classname="src.pymortests.vectorarray" file="src/pymortests/vectorarray.py" line="981" name="test_scal_wrong_ind[2-&lt;lambda&gt;10]" time="0.003637552261352539"></testcase><testcase classname="src.pymortests.vectorarray" file="src/pymortests/vectorarray.py" line="981" name="test_scal_wrong_ind[2-&lt;lambda&gt;11]" time="0.0030019283294677734"></testcase><testcase classname="src.pymortests.vectorarray" file="src/pymortests/vectorarray.py" line="981" name="test_scal_wrong_ind[2-&lt;lambda&gt;12]" time="0.0028777122497558594"></testcase><testcase classname="src.pymortests.vectorarray" file="src/pymortests/vectorarray.py" line="981" name="test_scal_wrong_ind[2-&lt;lambda&gt;13]" time="0.0027124881744384766"></testcase><testcase classname="src.pymortests.vectorarray" file="src/pymortests/vectorarray.py" line="981" name="test_scal_wrong_ind[2-&lt;lambda&gt;14]" time="0.0029129981994628906"></testcase><testcase classname="src.pymortests.vectorarray" file="src/pymortests/vectorarray.py" line="981" name="test_scal_wrong_ind[2-&lt;lambda&gt;15]" time="0.0030965805053710938"></testcase><testcase classname="src.pymortests.vectorarray" file="src/pymortests/vectorarray.py" line="981" name="test_scal_wrong_ind[2-&lt;lambda&gt;16]" time="0.003099679946899414"></testcase><testcase classname="src.pymortests.vectorarray" file="src/pymortests/vectorarray.py" line="981" name="test_scal_wrong_ind[2-&lt;lambda&gt;17]" time="0.002555370330810547"></testcase><testcase classname="src.pymortests.vectorarray" file="src/pymortests/vectorarray.py" line="981" name="test_scal_wrong_ind[2-&lt;lambda&gt;18]" time="0.002477407455444336"></testcase><testcase classname="src.pymortests.vectorarray" file="src/pymortests/vectorarray.py" line="981" name="test_scal_wrong_ind[2-&lt;lambda&gt;19]" time="0.003588438034057617"></testcase><testcase classname="src.pymortests.vectorarray" file="src/pymortests/vectorarray.py" line="981" name="test_scal_wrong_ind[2-&lt;lambda&gt;20]" time="0.014487743377685547"></testcase><testcase classname="src.pymortests.vectorarray" file="src/pymortests/vectorarray.py" line="981" name="test_scal_wrong_ind[2-&lt;lambda&gt;21]" time="0.03084850311279297"></testcase><testcase classname="src.pymortests.vectorarray" file="src/pymortests/vectorarray.py" line="981" name="test_scal_wrong_ind[2-&lt;lambda&gt;22]" time="0.002954721450805664"></testcase><testcase classname="src.pymortests.vectorarray" file="src/pymortests/vectorarray.py" line="981" name="test_scal_wrong_ind[2-&lt;lambda&gt;23]" time="0.0020723342895507812"></testcase><testcase classname="src.pymortests.vectorarray" file="src/pymortests/vectorarray.py" line="981" name="test_scal_wrong_ind[2-&lt;lambda&gt;24]" time="0.003130674362182617"></testcase><testcase classname="src.pymortests.vectorarray" file="src/pymortests/vectorarray.py" line="981" name="test_scal_wrong_ind[2-&lt;lambda&gt;25]" time="0.02864813804626465"></testcase><testcase classname="src.pymortests.vectorarray" file="src/pymortests/vectorarray.py" line="981" name="test_scal_wrong_ind[2-&lt;lambda&gt;26]" time="0.06461358070373535"></testcase><testcase classname="src.pymortests.vectorarray" file="src/pymortests/vectorarray.py" line="998" name="test_scal_wrong_coefficients[0-&lt;lambda&gt;0]" time="0.002700328826904297"></testcase><testcase classname="src.pymortests.vectorarray" file="src/pymortests/vectorarray.py" line="998" name="test_scal_wrong_coefficients[0-&lt;lambda&gt;1]" time="0.0018496513366699219"></testcase><testcase classname="src.pymortests.vectorarray" file="src/pymortests/vectorarray.py" line="998" name="test_scal_wrong_coefficients[0-&lt;lambda&gt;2]" time="0.0027942657470703125"></testcase><testcase classname="src.pymortests.vectorarray" file="src/pymortests/vectorarray.py" line="998" name="test_scal_wrong_coefficients[0-&lt;lambda&gt;3]" time="0.003635883331298828"></testcase><testcase classname="src.pymortests.vectorarray" file="src/pymortests/vectorarray.py" line="998" name="test_scal_wrong_coefficients[0-&lt;lambda&gt;4]" time="0.004431724548339844"></testcase><testcase classname="src.pymortests.vectorarray" file="src/pymortests/vectorarray.py" line="998" name="test_scal_wrong_coefficients[0-&lt;lambda&gt;5]" time="0.0017201900482177734"></testcase><testcase classname="src.pymortests.vectorarray" file="src/pymortests/vectorarray.py" line="998" name="test_scal_wrong_coefficients[0-&lt;lambda&gt;6]" time="0.0016529560089111328"></testcase><testcase classname="src.pymortests.vectorarray" file="src/pymortests/vectorarray.py" line="998" name="test_scal_wrong_coefficients[0-&lt;lambda&gt;7]" time="0.0027403831481933594"></testcase><testcase classname="src.pymortests.vectorarray" file="src/pymortests/vectorarray.py" line="998" name="test_scal_wrong_coefficients[0-&lt;lambda&gt;8]" time="0.0038747787475585938"></testcase><testcase classname="src.pymortests.vectorarray" file="src/pymortests/vectorarray.py" line="998" name="test_scal_wrong_coefficients[0-&lt;lambda&gt;9]" time="0.004992008209228516"></testcase><testcase classname="src.pymortests.vectorarray" file="src/pymortests/vectorarray.py" line="998" name="test_scal_wrong_coefficients[0-&lt;lambda&gt;10]" time="0.002069234848022461"></testcase><testcase classname="src.pymortests.vectorarray" file="src/pymortests/vectorarray.py" line="998" name="test_scal_wrong_coefficients[0-&lt;lambda&gt;11]" time="0.0037641525268554688"></testcase><testcase classname="src.pymortests.vectorarray" file="src/pymortests/vectorarray.py" line="998" name="test_scal_wrong_coefficients[0-&lt;lambda&gt;12]" time="0.0036020278930664062"></testcase><testcase classname="src.pymortests.vectorarray" file="src/pymortests/vectorarray.py" line="998" name="test_scal_wrong_coefficients[0-&lt;lambda&gt;13]" time="0.0034513473510742188"></testcase><testcase classname="src.pymortests.vectorarray" file="src/pymortests/vectorarray.py" line="998" name="test_scal_wrong_coefficients[0-&lt;lambda&gt;14]" time="0.003747701644897461"></testcase><testcase classname="src.pymortests.vectorarray" file="src/pymortests/vectorarray.py" line="998" name="test_scal_wrong_coefficients[0-&lt;lambda&gt;15]" time="0.0055582523345947266"></testcase><testcase classname="src.pymortests.vectorarray" file="src/pymortests/vectorarray.py" line="998" name="test_scal_wrong_coefficients[0-&lt;lambda&gt;16]" time="0.007171154022216797"></testcase><testcase classname="src.pymortests.vectorarray" file="src/pymortests/vectorarray.py" line="998" name="test_scal_wrong_coefficients[0-&lt;lambda&gt;17]" time="0.002254486083984375"></testcase><testcase classname="src.pymortests.vectorarray" file="src/pymortests/vectorarray.py" line="998" name="test_scal_wrong_coefficients[0-&lt;lambda&gt;18]" time="0.0021882057189941406"></testcase><testcase classname="src.pymortests.vectorarray" file="src/pymortests/vectorarray.py" line="998" name="test_scal_wrong_coefficients[0-&lt;lambda&gt;19]" time="0.004087924957275391"></testcase><testcase classname="src.pymortests.vectorarray" file="src/pymortests/vectorarray.py" line="998" name="test_scal_wrong_coefficients[0-&lt;lambda&gt;20]" time="0.013303279876708984"></testcase><testcase classname="src.pymortests.vectorarray" file="src/pymortests/vectorarray.py" line="998" name="test_scal_wrong_coefficients[0-&lt;lambda&gt;21]" time="0.023681640625"></testcase><testcase classname="src.pymortests.vectorarray" file="src/pymortests/vectorarray.py" line="998" name="test_scal_wrong_coefficients[0-&lt;lambda&gt;22]" time="0.0025107860565185547"></testcase><testcase classname="src.pymortests.vectorarray" file="src/pymortests/vectorarray.py" line="998" name="test_scal_wrong_coefficients[0-&lt;lambda&gt;23]" time="0.0017337799072265625"></testcase><testcase classname="src.pymortests.vectorarray" file="src/pymortests/vectorarray.py" line="998" name="test_scal_wrong_coefficients[0-&lt;lambda&gt;24]" time="0.0036449432373046875"></testcase><testcase classname="src.pymortests.vectorarray" file="src/pymortests/vectorarray.py" line="998" name="test_scal_wrong_coefficients[0-&lt;lambda&gt;25]" time="0.026210784912109375"></testcase><testcase classname="src.pymortests.vectorarray" file="src/pymortests/vectorarray.py" line="998" name="test_scal_wrong_coefficients[0-&lt;lambda&gt;26]" time="0.058158159255981445"></testcase><testcase classname="src.pymortests.vectorarray" file="src/pymortests/vectorarray.py" line="998" name="test_scal_wrong_coefficients[1-&lt;lambda&gt;0]" time="0.0026636123657226562"></testcase><testcase classname="src.pymortests.vectorarray" file="src/pymortests/vectorarray.py" line="998" name="test_scal_wrong_coefficients[1-&lt;lambda&gt;1]" time="0.00188446044921875"></testcase><testcase classname="src.pymortests.vectorarray" file="src/pymortests/vectorarray.py" line="998" name="test_scal_wrong_coefficients[1-&lt;lambda&gt;2]" time="0.0028870105743408203"></testcase><testcase classname="src.pymortests.vectorarray" file="src/pymortests/vectorarray.py" line="998" name="test_scal_wrong_coefficients[1-&lt;lambda&gt;3]" time="0.0037178993225097656"></testcase><testcase classname="src.pymortests.vectorarray" file="src/pymortests/vectorarray.py" line="998" name="test_scal_wrong_coefficients[1-&lt;lambda&gt;4]" time="0.0046651363372802734"></testcase><testcase classname="src.pymortests.vectorarray" file="src/pymortests/vectorarray.py" line="998" name="test_scal_wrong_coefficients[1-&lt;lambda&gt;5]" time="0.001729726791381836"></testcase><testcase classname="src.pymortests.vectorarray" file="src/pymortests/vectorarray.py" line="998" name="test_scal_wrong_coefficients[1-&lt;lambda&gt;6]" time="0.0017652511596679688"></testcase><testcase classname="src.pymortests.vectorarray" file="src/pymortests/vectorarray.py" line="998" name="test_scal_wrong_coefficients[1-&lt;lambda&gt;7]" time="0.002790689468383789"></testcase><testcase classname="src.pymortests.vectorarray" file="src/pymortests/vectorarray.py" line="998" name="test_scal_wrong_coefficients[1-&lt;lambda&gt;8]" time="0.004021644592285156"></testcase><testcase classname="src.pymortests.vectorarray" file="src/pymortests/vectorarray.py" line="998" name="test_scal_wrong_coefficients[1-&lt;lambda&gt;9]" time="0.005482196807861328"></testcase><testcase classname="src.pymortests.vectorarray" file="src/pymortests/vectorarray.py" line="998" name="test_scal_wrong_coefficients[1-&lt;lambda&gt;10]" time="0.002244234085083008"></testcase><testcase classname="src.pymortests.vectorarray" file="src/pymortests/vectorarray.py" line="998" name="test_scal_wrong_coefficients[1-&lt;lambda&gt;11]" time="0.0039033889770507812"></testcase><testcase classname="src.pymortests.vectorarray" file="src/pymortests/vectorarray.py" line="998" name="test_scal_wrong_coefficients[1-&lt;lambda&gt;12]" time="0.0038199424743652344"></testcase><testcase classname="src.pymortests.vectorarray" file="src/pymortests/vectorarray.py" line="998" name="test_scal_wrong_coefficients[1-&lt;lambda&gt;13]" time="0.003164052963256836"></testcase><testcase classname="src.pymortests.vectorarray" file="src/pymortests/vectorarray.py" line="998" name="test_scal_wrong_coefficients[1-&lt;lambda&gt;14]" time="0.0037713050842285156"></testcase><testcase classname="src.pymortests.vectorarray" file="src/pymortests/vectorarray.py" line="998" name="test_scal_wrong_coefficients[1-&lt;lambda&gt;15]" time="0.005403995513916016"></testcase><testcase classname="src.pymortests.vectorarray" file="src/pymortests/vectorarray.py" line="998" name="test_scal_wrong_coefficients[1-&lt;lambda&gt;16]" time="0.007137298583984375"></testcase><testcase classname="src.pymortests.vectorarray" file="src/pymortests/vectorarray.py" line="998" name="test_scal_wrong_coefficients[1-&lt;lambda&gt;17]" time="0.0026476383209228516"></testcase><testcase classname="src.pymortests.vectorarray" file="src/pymortests/vectorarray.py" line="998" name="test_scal_wrong_coefficients[1-&lt;lambda&gt;18]" time="0.0022809505462646484"></testcase><testcase classname="src.pymortests.vectorarray" file="src/pymortests/vectorarray.py" line="998" name="test_scal_wrong_coefficients[1-&lt;lambda&gt;19]" time="0.0041120052337646484"></testcase><testcase classname="src.pymortests.vectorarray" file="src/pymortests/vectorarray.py" line="998" name="test_scal_wrong_coefficients[1-&lt;lambda&gt;20]" time="0.012389421463012695"></testcase><testcase classname="src.pymortests.vectorarray" file="src/pymortests/vectorarray.py" line="998" name="test_scal_wrong_coefficients[1-&lt;lambda&gt;21]" time="0.023455381393432617"></testcase><testcase classname="src.pymortests.vectorarray" file="src/pymortests/vectorarray.py" line="998" name="test_scal_wrong_coefficients[1-&lt;lambda&gt;22]" time="0.0025930404663085938"></testcase><testcase classname="src.pymortests.vectorarray" file="src/pymortests/vectorarray.py" line="998" name="test_scal_wrong_coefficients[1-&lt;lambda&gt;23]" time="0.0021948814392089844"></testcase><testcase classname="src.pymortests.vectorarray" file="src/pymortests/vectorarray.py" line="998" name="test_scal_wrong_coefficients[1-&lt;lambda&gt;24]" time="0.0038306713104248047"></testcase><testcase classname="src.pymortests.vectorarray" file="src/pymortests/vectorarray.py" line="998" name="test_scal_wrong_coefficients[1-&lt;lambda&gt;25]" time="0.027460098266601562"></testcase><testcase classname="src.pymortests.vectorarray" file="src/pymortests/vectorarray.py" line="998" name="test_scal_wrong_coefficients[1-&lt;lambda&gt;26]" time="0.05852222442626953"></testcase><testcase classname="src.pymortests.vectorarray" file="src/pymortests/vectorarray.py" line="998" name="test_scal_wrong_coefficients[2-&lt;lambda&gt;0]" time="0.002279043197631836"></testcase><testcase classname="src.pymortests.vectorarray" file="src/pymortests/vectorarray.py" line="998" name="test_scal_wrong_coefficients[2-&lt;lambda&gt;1]" time="0.001852273941040039"></testcase><testcase classname="src.pymortests.vectorarray" file="src/pymortests/vectorarray.py" line="998" name="test_scal_wrong_coefficients[2-&lt;lambda&gt;2]" time="0.002767801284790039"></testcase><testcase classname="src.pymortests.vectorarray" file="src/pymortests/vectorarray.py" line="998" name="test_scal_wrong_coefficients[2-&lt;lambda&gt;3]" time="0.0035827159881591797"></testcase><testcase classname="src.pymortests.vectorarray" file="src/pymortests/vectorarray.py" line="998" name="test_scal_wrong_coefficients[2-&lt;lambda&gt;4]" time="0.004585742950439453"></testcase><testcase classname="src.pymortests.vectorarray" file="src/pymortests/vectorarray.py" line="998" name="test_scal_wrong_coefficients[2-&lt;lambda&gt;5]" time="0.0017688274383544922"></testcase><testcase classname="src.pymortests.vectorarray" file="src/pymortests/vectorarray.py" line="998" name="test_scal_wrong_coefficients[2-&lt;lambda&gt;6]" time="0.0017383098602294922"></testcase><testcase classname="src.pymortests.vectorarray" file="src/pymortests/vectorarray.py" line="998" name="test_scal_wrong_coefficients[2-&lt;lambda&gt;7]" time="0.002789735794067383"></testcase><testcase classname="src.pymortests.vectorarray" file="src/pymortests/vectorarray.py" line="998" name="test_scal_wrong_coefficients[2-&lt;lambda&gt;8]" time="0.004067897796630859"></testcase><testcase classname="src.pymortests.vectorarray" file="src/pymortests/vectorarray.py" line="998" name="test_scal_wrong_coefficients[2-&lt;lambda&gt;9]" time="0.005992412567138672"></testcase><testcase classname="src.pymortests.vectorarray" file="src/pymortests/vectorarray.py" line="998" name="test_scal_wrong_coefficients[2-&lt;lambda&gt;10]" time="0.002230405807495117"></testcase><testcase classname="src.pymortests.vectorarray" file="src/pymortests/vectorarray.py" line="998" name="test_scal_wrong_coefficients[2-&lt;lambda&gt;11]" time="0.0038976669311523438"></testcase><testcase classname="src.pymortests.vectorarray" file="src/pymortests/vectorarray.py" line="998" name="test_scal_wrong_coefficients[2-&lt;lambda&gt;12]" time="0.0038361549377441406"></testcase><testcase classname="src.pymortests.vectorarray" file="src/pymortests/vectorarray.py" line="998" name="test_scal_wrong_coefficients[2-&lt;lambda&gt;13]" time="0.003162384033203125"></testcase><testcase classname="src.pymortests.vectorarray" file="src/pymortests/vectorarray.py" line="998" name="test_scal_wrong_coefficients[2-&lt;lambda&gt;14]" time="0.003756999969482422"></testcase><testcase classname="src.pymortests.vectorarray" file="src/pymortests/vectorarray.py" line="998" name="test_scal_wrong_coefficients[2-&lt;lambda&gt;15]" time="0.005364418029785156"></testcase><testcase classname="src.pymortests.vectorarray" file="src/pymortests/vectorarray.py" line="998" name="test_scal_wrong_coefficients[2-&lt;lambda&gt;16]" time="0.0073032379150390625"></testcase><testcase classname="src.pymortests.vectorarray" file="src/pymortests/vectorarray.py" line="998" name="test_scal_wrong_coefficients[2-&lt;lambda&gt;17]" time="0.002289295196533203"></testcase><testcase classname="src.pymortests.vectorarray" file="src/pymortests/vectorarray.py" line="998" name="test_scal_wrong_coefficients[2-&lt;lambda&gt;18]" time="0.0022401809692382812"></testcase><testcase classname="src.pymortests.vectorarray" file="src/pymortests/vectorarray.py" line="998" name="test_scal_wrong_coefficients[2-&lt;lambda&gt;19]" time="0.004152059555053711"></testcase><testcase classname="src.pymortests.vectorarray" file="src/pymortests/vectorarray.py" line="998" name="test_scal_wrong_coefficients[2-&lt;lambda&gt;20]" time="0.012494802474975586"></testcase><testcase classname="src.pymortests.vectorarray" file="src/pymortests/vectorarray.py" line="998" name="test_scal_wrong_coefficients[2-&lt;lambda&gt;21]" time="0.02414226531982422"></testcase><testcase classname="src.pymortests.vectorarray" file="src/pymortests/vectorarray.py" line="998" name="test_scal_wrong_coefficients[2-&lt;lambda&gt;22]" time="0.0026006698608398438"></testcase><testcase classname="src.pymortests.vectorarray" file="src/pymortests/vectorarray.py" line="998" name="test_scal_wrong_coefficients[2-&lt;lambda&gt;23]" time="0.0018177032470703125"></testcase><testcase classname="src.pymortests.vectorarray" file="src/pymortests/vectorarray.py" line="998" name="test_scal_wrong_coefficients[2-&lt;lambda&gt;24]" time="0.0037784576416015625"></testcase><testcase classname="src.pymortests.vectorarray" file="src/pymortests/vectorarray.py" line="998" name="test_scal_wrong_coefficients[2-&lt;lambda&gt;25]" time="0.02695155143737793"></testcase><testcase classname="src.pymortests.vectorarray" file="src/pymortests/vectorarray.py" line="998" name="test_scal_wrong_coefficients[2-&lt;lambda&gt;26]" time="0.05916476249694824"></testcase><testcase classname="src.pymortests.vectorarray" file="src/pymortests/vectorarray.py" line="1009" name="test_axpy_wrong_ind[compatible_vector_array_pair0-&lt;lambda&gt;0]" time="0.0035758018493652344"></testcase><testcase classname="src.pymortests.vectorarray" file="src/pymortests/vectorarray.py" line="1009" name="test_axpy_wrong_ind[compatible_vector_array_pair0-&lt;lambda&gt;1]" time="0.0032782554626464844"></testcase><testcase classname="src.pymortests.vectorarray" file="src/pymortests/vectorarray.py" line="1009" name="test_axpy_wrong_ind[compatible_vector_array_pair0-&lt;lambda&gt;2]" time="0.008968114852905273"></testcase><testcase classname="src.pymortests.vectorarray" file="src/pymortests/vectorarray.py" line="1009" name="test_axpy_wrong_ind[compatible_vector_array_pair0-&lt;lambda&gt;3]" time="0.013011932373046875"></testcase><testcase classname="src.pymortests.vectorarray" file="src/pymortests/vectorarray.py" line="1009" name="test_axpy_wrong_ind[compatible_vector_array_pair0-&lt;lambda&gt;4]" time="0.016721487045288086"></testcase><testcase classname="src.pymortests.vectorarray" file="src/pymortests/vectorarray.py" line="1009" name="test_axpy_wrong_ind[compatible_vector_array_pair0-&lt;lambda&gt;5]" time="0.009270906448364258"></testcase><testcase classname="src.pymortests.vectorarray" file="src/pymortests/vectorarray.py" line="1009" name="test_axpy_wrong_ind[compatible_vector_array_pair0-&lt;lambda&gt;6]" time="0.004019260406494141"></testcase><testcase classname="src.pymortests.vectorarray" file="src/pymortests/vectorarray.py" line="1009" name="test_axpy_wrong_ind[compatible_vector_array_pair0-&lt;lambda&gt;7]" time="0.0034296512603759766"></testcase><testcase classname="src.pymortests.vectorarray" file="src/pymortests/vectorarray.py" line="1009" name="test_axpy_wrong_ind[compatible_vector_array_pair0-&lt;lambda&gt;8]" time="0.024514436721801758"></testcase><testcase classname="src.pymortests.vectorarray" file="src/pymortests/vectorarray.py" line="1009" name="test_axpy_wrong_ind[compatible_vector_array_pair0-&lt;lambda&gt;9]" time="0.04198002815246582"></testcase><testcase classname="src.pymortests.vectorarray" file="src/pymortests/vectorarray.py" line="1009" name="test_axpy_wrong_ind[compatible_vector_array_pair0-&lt;lambda&gt;10]" time="0.13300228118896484"></testcase><testcase classname="src.pymortests.vectorarray" file="src/pymortests/vectorarray.py" line="1009" name="test_axpy_wrong_ind[compatible_vector_array_pair0-&lt;lambda&gt;11]" time="0.009647607803344727"></testcase><testcase classname="src.pymortests.vectorarray" file="src/pymortests/vectorarray.py" line="1009" name="test_axpy_wrong_ind[compatible_vector_array_pair0-&lt;lambda&gt;12]" time="0.005670785903930664"></testcase><testcase classname="src.pymortests.vectorarray" file="src/pymortests/vectorarray.py" line="1009" name="test_axpy_wrong_ind[compatible_vector_array_pair0-&lt;lambda&gt;13]" time="0.010328531265258789"></testcase><testcase classname="src.pymortests.vectorarray" file="src/pymortests/vectorarray.py" line="1009" name="test_axpy_wrong_ind[compatible_vector_array_pair0-&lt;lambda&gt;14]" time="0.01053166389465332"></testcase><testcase classname="src.pymortests.vectorarray" file="src/pymortests/vectorarray.py" line="1009" name="test_axpy_wrong_ind[compatible_vector_array_pair0-&lt;lambda&gt;15]" time="0.019373178482055664"></testcase><testcase classname="src.pymortests.vectorarray" file="src/pymortests/vectorarray.py" line="1009" name="test_axpy_wrong_ind[compatible_vector_array_pair0-&lt;lambda&gt;16]" time="0.026708364486694336"></testcase><testcase classname="src.pymortests.vectorarray" file="src/pymortests/vectorarray.py" line="1009" name="test_axpy_wrong_ind[compatible_vector_array_pair0-&lt;lambda&gt;17]" time="0.03525280952453613"></testcase><testcase classname="src.pymortests.vectorarray" file="src/pymortests/vectorarray.py" line="1009" name="test_axpy_wrong_ind[compatible_vector_array_pair0-&lt;lambda&gt;18]" time="0.004472494125366211"></testcase><testcase classname="src.pymortests.vectorarray" file="src/pymortests/vectorarray.py" line="1009" name="test_axpy_wrong_ind[compatible_vector_array_pair0-&lt;lambda&gt;19]" time="0.00417327880859375"></testcase><testcase classname="src.pymortests.vectorarray" file="src/pymortests/vectorarray.py" line="1009" name="test_axpy_wrong_ind[compatible_vector_array_pair0-&lt;lambda&gt;20]" time="0.05544257164001465"></testcase><testcase classname="src.pymortests.vectorarray" file="src/pymortests/vectorarray.py" line="1009" name="test_axpy_wrong_ind[compatible_vector_array_pair0-&lt;lambda&gt;21]" time="0.05238008499145508"></testcase><testcase classname="src.pymortests.vectorarray" file="src/pymortests/vectorarray.py" line="1009" name="test_axpy_wrong_ind[compatible_vector_array_pair0-&lt;lambda&gt;22]" time="0.1750338077545166"></testcase><testcase classname="src.pymortests.vectorarray" file="src/pymortests/vectorarray.py" line="1009" name="test_axpy_wrong_ind[compatible_vector_array_pair0-&lt;lambda&gt;23]" time="0.010669469833374023"></testcase><testcase classname="src.pymortests.vectorarray" file="src/pymortests/vectorarray.py" line="1009" name="test_axpy_wrong_ind[compatible_vector_array_pair0-&lt;lambda&gt;24]" time="0.0033636093139648438"></testcase><testcase classname="src.pymortests.vectorarray" file="src/pymortests/vectorarray.py" line="1009" name="test_axpy_wrong_ind[compatible_vector_array_pair0-&lt;lambda&gt;25]" time="0.004420280456542969"></testcase><testcase classname="src.pymortests.vectorarray" file="src/pymortests/vectorarray.py" line="1009" name="test_axpy_wrong_ind[compatible_vector_array_pair0-&lt;lambda&gt;26]" time="0.04553103446960449"></testcase><testcase classname="src.pymortests.vectorarray" file="src/pymortests/vectorarray.py" line="1009" name="test_axpy_wrong_ind[compatible_vector_array_pair0-&lt;lambda&gt;27]" time="0.0699760913848877"></testcase><testcase classname="src.pymortests.vectorarray" file="src/pymortests/vectorarray.py" line="1009" name="test_axpy_wrong_ind[compatible_vector_array_pair0-&lt;lambda&gt;28]" time="0.23609685897827148"></testcase><testcase classname="src.pymortests.vectorarray" file="src/pymortests/vectorarray.py" line="1009" name="test_axpy_wrong_ind[compatible_vector_array_pair0-&lt;lambda&gt;29]" time="0.013757705688476562"></testcase><testcase classname="src.pymortests.vectorarray" file="src/pymortests/vectorarray.py" line="1009" name="test_axpy_wrong_ind[compatible_vector_array_pair1-&lt;lambda&gt;0]" time="0.004466056823730469"></testcase><testcase classname="src.pymortests.vectorarray" file="src/pymortests/vectorarray.py" line="1009" name="test_axpy_wrong_ind[compatible_vector_array_pair1-&lt;lambda&gt;1]" time="0.004026651382446289"></testcase><testcase classname="src.pymortests.vectorarray" file="src/pymortests/vectorarray.py" line="1009" name="test_axpy_wrong_ind[compatible_vector_array_pair1-&lt;lambda&gt;2]" time="0.010495901107788086"></testcase><testcase classname="src.pymortests.vectorarray" file="src/pymortests/vectorarray.py" line="1009" name="test_axpy_wrong_ind[compatible_vector_array_pair1-&lt;lambda&gt;3]" time="0.01233053207397461"></testcase><testcase classname="src.pymortests.vectorarray" file="src/pymortests/vectorarray.py" line="1009" name="test_axpy_wrong_ind[compatible_vector_array_pair1-&lt;lambda&gt;4]" time="0.022828102111816406"></testcase><testcase classname="src.pymortests.vectorarray" file="src/pymortests/vectorarray.py" line="1009" name="test_axpy_wrong_ind[compatible_vector_array_pair1-&lt;lambda&gt;5]" time="0.008610248565673828"></testcase><testcase classname="src.pymortests.vectorarray" file="src/pymortests/vectorarray.py" line="1009" name="test_axpy_wrong_ind[compatible_vector_array_pair1-&lt;lambda&gt;6]" time="0.0033986568450927734"></testcase><testcase classname="src.pymortests.vectorarray" file="src/pymortests/vectorarray.py" line="1009" name="test_axpy_wrong_ind[compatible_vector_array_pair1-&lt;lambda&gt;7]" time="0.004408597946166992"></testcase><testcase classname="src.pymortests.vectorarray" file="src/pymortests/vectorarray.py" line="1009" name="test_axpy_wrong_ind[compatible_vector_array_pair1-&lt;lambda&gt;8]" time="0.03236961364746094"></testcase><testcase classname="src.pymortests.vectorarray" file="src/pymortests/vectorarray.py" line="1009" name="test_axpy_wrong_ind[compatible_vector_array_pair1-&lt;lambda&gt;9]" time="0.0452573299407959"></testcase><testcase classname="src.pymortests.vectorarray" file="src/pymortests/vectorarray.py" line="1009" name="test_axpy_wrong_ind[compatible_vector_array_pair1-&lt;lambda&gt;10]" time="0.13383221626281738"></testcase><testcase classname="src.pymortests.vectorarray" file="src/pymortests/vectorarray.py" line="1009" name="test_axpy_wrong_ind[compatible_vector_array_pair1-&lt;lambda&gt;11]" time="0.010234594345092773"></testcase><testcase classname="src.pymortests.vectorarray" file="src/pymortests/vectorarray.py" line="1009" name="test_axpy_wrong_ind[compatible_vector_array_pair1-&lt;lambda&gt;12]" time="0.005635976791381836"></testcase><testcase classname="src.pymortests.vectorarray" file="src/pymortests/vectorarray.py" line="1009" name="test_axpy_wrong_ind[compatible_vector_array_pair1-&lt;lambda&gt;13]" time="0.010689496994018555"></testcase><testcase classname="src.pymortests.vectorarray" file="src/pymortests/vectorarray.py" line="1009" name="test_axpy_wrong_ind[compatible_vector_array_pair1-&lt;lambda&gt;14]" time="0.010927915573120117"></testcase><testcase classname="src.pymortests.vectorarray" file="src/pymortests/vectorarray.py" line="1009" name="test_axpy_wrong_ind[compatible_vector_array_pair1-&lt;lambda&gt;15]" time="0.018509387969970703"></testcase><testcase classname="src.pymortests.vectorarray" file="src/pymortests/vectorarray.py" line="1009" name="test_axpy_wrong_ind[compatible_vector_array_pair1-&lt;lambda&gt;16]" time="0.02846837043762207"></testcase><testcase classname="src.pymortests.vectorarray" file="src/pymortests/vectorarray.py" line="1009" name="test_axpy_wrong_ind[compatible_vector_array_pair1-&lt;lambda&gt;17]" time="0.03648662567138672"></testcase><testcase classname="src.pymortests.vectorarray" file="src/pymortests/vectorarray.py" line="1009" name="test_axpy_wrong_ind[compatible_vector_array_pair1-&lt;lambda&gt;18]" time="0.004654884338378906"></testcase><testcase classname="src.pymortests.vectorarray" file="src/pymortests/vectorarray.py" line="1009" name="test_axpy_wrong_ind[compatible_vector_array_pair1-&lt;lambda&gt;19]" time="0.004216194152832031"></testcase><testcase classname="src.pymortests.vectorarray" file="src/pymortests/vectorarray.py" line="1009" name="test_axpy_wrong_ind[compatible_vector_array_pair1-&lt;lambda&gt;20]" time="0.0517888069152832"></testcase><testcase classname="src.pymortests.vectorarray" file="src/pymortests/vectorarray.py" line="1009" name="test_axpy_wrong_ind[compatible_vector_array_pair1-&lt;lambda&gt;21]" time="0.05392146110534668"></testcase><testcase classname="src.pymortests.vectorarray" file="src/pymortests/vectorarray.py" line="1009" name="test_axpy_wrong_ind[compatible_vector_array_pair1-&lt;lambda&gt;22]" time="0.17688965797424316"></testcase><testcase classname="src.pymortests.vectorarray" file="src/pymortests/vectorarray.py" line="1009" name="test_axpy_wrong_ind[compatible_vector_array_pair1-&lt;lambda&gt;23]" time="0.010578632354736328"></testcase><testcase classname="src.pymortests.vectorarray" file="src/pymortests/vectorarray.py" line="1009" name="test_axpy_wrong_ind[compatible_vector_array_pair1-&lt;lambda&gt;24]" time="0.0034837722778320312"></testcase><testcase classname="src.pymortests.vectorarray" file="src/pymortests/vectorarray.py" line="1009" name="test_axpy_wrong_ind[compatible_vector_array_pair1-&lt;lambda&gt;25]" time="0.004937648773193359"></testcase><testcase classname="src.pymortests.vectorarray" file="src/pymortests/vectorarray.py" line="1009" name="test_axpy_wrong_ind[compatible_vector_array_pair1-&lt;lambda&gt;26]" time="0.04899406433105469"></testcase><testcase classname="src.pymortests.vectorarray" file="src/pymortests/vectorarray.py" line="1009" name="test_axpy_wrong_ind[compatible_vector_array_pair1-&lt;lambda&gt;27]" time="0.07231497764587402"></testcase><testcase classname="src.pymortests.vectorarray" file="src/pymortests/vectorarray.py" line="1009" name="test_axpy_wrong_ind[compatible_vector_array_pair1-&lt;lambda&gt;28]" time="0.24066662788391113"></testcase><testcase classname="src.pymortests.vectorarray" file="src/pymortests/vectorarray.py" line="1009" name="test_axpy_wrong_ind[compatible_vector_array_pair1-&lt;lambda&gt;29]" time="0.012386798858642578"></testcase><testcase classname="src.pymortests.vectorarray" file="src/pymortests/vectorarray.py" line="1009" name="test_axpy_wrong_ind[compatible_vector_array_pair2-&lt;lambda&gt;0]" time="0.004288673400878906"></testcase><testcase classname="src.pymortests.vectorarray" file="src/pymortests/vectorarray.py" line="1009" name="test_axpy_wrong_ind[compatible_vector_array_pair2-&lt;lambda&gt;1]" time="0.003236055374145508"></testcase><testcase classname="src.pymortests.vectorarray" file="src/pymortests/vectorarray.py" line="1009" name="test_axpy_wrong_ind[compatible_vector_array_pair2-&lt;lambda&gt;2]" time="0.008844137191772461"></testcase><testcase classname="src.pymortests.vectorarray" file="src/pymortests/vectorarray.py" line="1009" name="test_axpy_wrong_ind[compatible_vector_array_pair2-&lt;lambda&gt;3]" time="0.012598991394042969"></testcase><testcase classname="src.pymortests.vectorarray" file="src/pymortests/vectorarray.py" line="1009" name="test_axpy_wrong_ind[compatible_vector_array_pair2-&lt;lambda&gt;4]" time="0.016874313354492188"></testcase><testcase classname="src.pymortests.vectorarray" file="src/pymortests/vectorarray.py" line="1009" name="test_axpy_wrong_ind[compatible_vector_array_pair2-&lt;lambda&gt;5]" time="0.008250951766967773"></testcase><testcase classname="src.pymortests.vectorarray" file="src/pymortests/vectorarray.py" line="1009" name="test_axpy_wrong_ind[compatible_vector_array_pair2-&lt;lambda&gt;6]" time="0.0027015209197998047"></testcase><testcase classname="src.pymortests.vectorarray" file="src/pymortests/vectorarray.py" line="1009" name="test_axpy_wrong_ind[compatible_vector_array_pair2-&lt;lambda&gt;7]" time="0.0033178329467773438"></testcase><testcase classname="src.pymortests.vectorarray" file="src/pymortests/vectorarray.py" line="1009" name="test_axpy_wrong_ind[compatible_vector_array_pair2-&lt;lambda&gt;8]" time="0.02542281150817871"></testcase><testcase classname="src.pymortests.vectorarray" file="src/pymortests/vectorarray.py" line="1009" name="test_axpy_wrong_ind[compatible_vector_array_pair2-&lt;lambda&gt;9]" time="0.0429224967956543"></testcase><testcase classname="src.pymortests.vectorarray" file="src/pymortests/vectorarray.py" line="1009" name="test_axpy_wrong_ind[compatible_vector_array_pair2-&lt;lambda&gt;10]" time="0.13758158683776855"></testcase><testcase classname="src.pymortests.vectorarray" file="src/pymortests/vectorarray.py" line="1009" name="test_axpy_wrong_ind[compatible_vector_array_pair2-&lt;lambda&gt;11]" time="0.011377811431884766"></testcase><testcase classname="src.pymortests.vectorarray" file="src/pymortests/vectorarray.py" line="1009" name="test_axpy_wrong_ind[compatible_vector_array_pair2-&lt;lambda&gt;12]" time="0.005712270736694336"></testcase><testcase classname="src.pymortests.vectorarray" file="src/pymortests/vectorarray.py" line="1009" name="test_axpy_wrong_ind[compatible_vector_array_pair2-&lt;lambda&gt;13]" time="0.01098942756652832"></testcase><testcase classname="src.pymortests.vectorarray" file="src/pymortests/vectorarray.py" line="1009" name="test_axpy_wrong_ind[compatible_vector_array_pair2-&lt;lambda&gt;14]" time="0.011380434036254883"></testcase><testcase classname="src.pymortests.vectorarray" file="src/pymortests/vectorarray.py" line="1009" name="test_axpy_wrong_ind[compatible_vector_array_pair2-&lt;lambda&gt;15]" time="0.019442081451416016"></testcase><testcase classname="src.pymortests.vectorarray" file="src/pymortests/vectorarray.py" line="1009" name="test_axpy_wrong_ind[compatible_vector_array_pair2-&lt;lambda&gt;16]" time="0.02921772003173828"></testcase><testcase classname="src.pymortests.vectorarray" file="src/pymortests/vectorarray.py" line="1009" name="test_axpy_wrong_ind[compatible_vector_array_pair2-&lt;lambda&gt;17]" time="0.03726315498352051"></testcase><testcase classname="src.pymortests.vectorarray" file="src/pymortests/vectorarray.py" line="1009" name="test_axpy_wrong_ind[compatible_vector_array_pair2-&lt;lambda&gt;18]" time="0.004703521728515625"></testcase><testcase classname="src.pymortests.vectorarray" file="src/pymortests/vectorarray.py" line="1009" name="test_axpy_wrong_ind[compatible_vector_array_pair2-&lt;lambda&gt;19]" time="0.004748821258544922"></testcase><testcase classname="src.pymortests.vectorarray" file="src/pymortests/vectorarray.py" line="1009" name="test_axpy_wrong_ind[compatible_vector_array_pair2-&lt;lambda&gt;20]" time="0.04972529411315918"></testcase><testcase classname="src.pymortests.vectorarray" file="src/pymortests/vectorarray.py" line="1009" name="test_axpy_wrong_ind[compatible_vector_array_pair2-&lt;lambda&gt;21]" time="0.05443406105041504"></testcase><testcase classname="src.pymortests.vectorarray" file="src/pymortests/vectorarray.py" line="1009" name="test_axpy_wrong_ind[compatible_vector_array_pair2-&lt;lambda&gt;22]" time="0.17279577255249023"></testcase><testcase classname="src.pymortests.vectorarray" file="src/pymortests/vectorarray.py" line="1009" name="test_axpy_wrong_ind[compatible_vector_array_pair2-&lt;lambda&gt;23]" time="0.010657787322998047"></testcase><testcase classname="src.pymortests.vectorarray" file="src/pymortests/vectorarray.py" line="1009" name="test_axpy_wrong_ind[compatible_vector_array_pair2-&lt;lambda&gt;24]" time="0.003989219665527344"></testcase><testcase classname="src.pymortests.vectorarray" file="src/pymortests/vectorarray.py" line="1009" name="test_axpy_wrong_ind[compatible_vector_array_pair2-&lt;lambda&gt;25]" time="0.004608631134033203"></testcase><testcase classname="src.pymortests.vectorarray" file="src/pymortests/vectorarray.py" line="1009" name="test_axpy_wrong_ind[compatible_vector_array_pair2-&lt;lambda&gt;26]" time="0.04631185531616211"></testcase><testcase classname="src.pymortests.vectorarray" file="src/pymortests/vectorarray.py" line="1009" name="test_axpy_wrong_ind[compatible_vector_array_pair2-&lt;lambda&gt;27]" time="0.06977057456970215"></testcase><testcase classname="src.pymortests.vectorarray" file="src/pymortests/vectorarray.py" line="1009" name="test_axpy_wrong_ind[compatible_vector_array_pair2-&lt;lambda&gt;28]" time="0.239243745803833"></testcase><testcase classname="src.pymortests.vectorarray" file="src/pymortests/vectorarray.py" line="1009" name="test_axpy_wrong_ind[compatible_vector_array_pair2-&lt;lambda&gt;29]" time="0.013072729110717773"></testcase><testcase classname="src.pymortests.vectorarray" file="src/pymortests/vectorarray.py" line="1009" name="test_axpy_wrong_ind[compatible_vector_array_pair3-&lt;lambda&gt;0]" time="0.0041751861572265625"></testcase><testcase classname="src.pymortests.vectorarray" file="src/pymortests/vectorarray.py" line="1009" name="test_axpy_wrong_ind[compatible_vector_array_pair3-&lt;lambda&gt;1]" time="0.003322601318359375"></testcase><testcase classname="src.pymortests.vectorarray" file="src/pymortests/vectorarray.py" line="1009" name="test_axpy_wrong_ind[compatible_vector_array_pair3-&lt;lambda&gt;2]" time="0.009070634841918945"></testcase><testcase classname="src.pymortests.vectorarray" file="src/pymortests/vectorarray.py" line="1009" name="test_axpy_wrong_ind[compatible_vector_array_pair3-&lt;lambda&gt;3]" time="0.013106584548950195"></testcase><testcase classname="src.pymortests.vectorarray" file="src/pymortests/vectorarray.py" line="1009" name="test_axpy_wrong_ind[compatible_vector_array_pair3-&lt;lambda&gt;4]" time="0.017007112503051758"></testcase><testcase classname="src.pymortests.vectorarray" file="src/pymortests/vectorarray.py" line="1009" name="test_axpy_wrong_ind[compatible_vector_array_pair3-&lt;lambda&gt;5]" time="0.008415460586547852"></testcase><testcase classname="src.pymortests.vectorarray" file="src/pymortests/vectorarray.py" line="1009" name="test_axpy_wrong_ind[compatible_vector_array_pair3-&lt;lambda&gt;6]" time="0.0027141571044921875"></testcase><testcase classname="src.pymortests.vectorarray" file="src/pymortests/vectorarray.py" line="1009" name="test_axpy_wrong_ind[compatible_vector_array_pair3-&lt;lambda&gt;7]" time="0.0034942626953125"></testcase><testcase classname="src.pymortests.vectorarray" file="src/pymortests/vectorarray.py" line="1009" name="test_axpy_wrong_ind[compatible_vector_array_pair3-&lt;lambda&gt;8]" time="0.02493000030517578"></testcase><testcase classname="src.pymortests.vectorarray" file="src/pymortests/vectorarray.py" line="1009" name="test_axpy_wrong_ind[compatible_vector_array_pair3-&lt;lambda&gt;9]" time="0.043137311935424805"></testcase><testcase classname="src.pymortests.vectorarray" file="src/pymortests/vectorarray.py" line="1009" name="test_axpy_wrong_ind[compatible_vector_array_pair3-&lt;lambda&gt;10]" time="0.13584637641906738"></testcase><testcase classname="src.pymortests.vectorarray" file="src/pymortests/vectorarray.py" line="1009" name="test_axpy_wrong_ind[compatible_vector_array_pair3-&lt;lambda&gt;11]" time="0.010780811309814453"></testcase><testcase classname="src.pymortests.vectorarray" file="src/pymortests/vectorarray.py" line="1009" name="test_axpy_wrong_ind[compatible_vector_array_pair3-&lt;lambda&gt;12]" time="0.0061511993408203125"></testcase><testcase classname="src.pymortests.vectorarray" file="src/pymortests/vectorarray.py" line="1009" name="test_axpy_wrong_ind[compatible_vector_array_pair3-&lt;lambda&gt;13]" time="0.011026859283447266"></testcase><testcase classname="src.pymortests.vectorarray" file="src/pymortests/vectorarray.py" line="1009" name="test_axpy_wrong_ind[compatible_vector_array_pair3-&lt;lambda&gt;14]" time="0.010939598083496094"></testcase><testcase classname="src.pymortests.vectorarray" file="src/pymortests/vectorarray.py" line="1009" name="test_axpy_wrong_ind[compatible_vector_array_pair3-&lt;lambda&gt;15]" time="0.018464088439941406"></testcase><testcase classname="src.pymortests.vectorarray" file="src/pymortests/vectorarray.py" line="1009" name="test_axpy_wrong_ind[compatible_vector_array_pair3-&lt;lambda&gt;16]" time="0.028414249420166016"></testcase><testcase classname="src.pymortests.vectorarray" file="src/pymortests/vectorarray.py" line="1009" name="test_axpy_wrong_ind[compatible_vector_array_pair3-&lt;lambda&gt;17]" time="0.03775668144226074"></testcase><testcase classname="src.pymortests.vectorarray" file="src/pymortests/vectorarray.py" line="1009" name="test_axpy_wrong_ind[compatible_vector_array_pair3-&lt;lambda&gt;18]" time="0.004680156707763672"></testcase><testcase classname="src.pymortests.vectorarray" file="src/pymortests/vectorarray.py" line="1009" name="test_axpy_wrong_ind[compatible_vector_array_pair3-&lt;lambda&gt;19]" time="0.0041964054107666016"></testcase><testcase classname="src.pymortests.vectorarray" file="src/pymortests/vectorarray.py" line="1009" name="test_axpy_wrong_ind[compatible_vector_array_pair3-&lt;lambda&gt;20]" time="0.049413204193115234"></testcase><testcase classname="src.pymortests.vectorarray" file="src/pymortests/vectorarray.py" line="1009" name="test_axpy_wrong_ind[compatible_vector_array_pair3-&lt;lambda&gt;21]" time="0.05380082130432129"></testcase><testcase classname="src.pymortests.vectorarray" file="src/pymortests/vectorarray.py" line="1009" name="test_axpy_wrong_ind[compatible_vector_array_pair3-&lt;lambda&gt;22]" time="0.1773998737335205"></testcase><testcase classname="src.pymortests.vectorarray" file="src/pymortests/vectorarray.py" line="1009" name="test_axpy_wrong_ind[compatible_vector_array_pair3-&lt;lambda&gt;23]" time="0.011462926864624023"></testcase><testcase classname="src.pymortests.vectorarray" file="src/pymortests/vectorarray.py" line="1009" name="test_axpy_wrong_ind[compatible_vector_array_pair3-&lt;lambda&gt;24]" time="0.00410771369934082"></testcase><testcase classname="src.pymortests.vectorarray" file="src/pymortests/vectorarray.py" line="1009" name="test_axpy_wrong_ind[compatible_vector_array_pair3-&lt;lambda&gt;25]" time="0.004456043243408203"></testcase><testcase classname="src.pymortests.vectorarray" file="src/pymortests/vectorarray.py" line="1009" name="test_axpy_wrong_ind[compatible_vector_array_pair3-&lt;lambda&gt;26]" time="0.04544544219970703"></testcase><testcase classname="src.pymortests.vectorarray" file="src/pymortests/vectorarray.py" line="1009" name="test_axpy_wrong_ind[compatible_vector_array_pair3-&lt;lambda&gt;27]" time="0.07098960876464844"></testcase><testcase classname="src.pymortests.vectorarray" file="src/pymortests/vectorarray.py" line="1009" name="test_axpy_wrong_ind[compatible_vector_array_pair3-&lt;lambda&gt;28]" time="0.24749040603637695"></testcase><testcase classname="src.pymortests.vectorarray" file="src/pymortests/vectorarray.py" line="1009" name="test_axpy_wrong_ind[compatible_vector_array_pair3-&lt;lambda&gt;29]" time="0.012327194213867188"></testcase><testcase classname="src.pymortests.vectorarray" file="src/pymortests/vectorarray.py" line="1009" name="test_axpy_wrong_ind[compatible_vector_array_pair4-&lt;lambda&gt;0]" time="0.004273176193237305"></testcase><testcase classname="src.pymortests.vectorarray" file="src/pymortests/vectorarray.py" line="1009" name="test_axpy_wrong_ind[compatible_vector_array_pair4-&lt;lambda&gt;1]" time="0.0033228397369384766"></testcase><testcase classname="src.pymortests.vectorarray" file="src/pymortests/vectorarray.py" line="1009" name="test_axpy_wrong_ind[compatible_vector_array_pair4-&lt;lambda&gt;2]" time="0.009222269058227539"></testcase><testcase classname="src.pymortests.vectorarray" file="src/pymortests/vectorarray.py" line="1009" name="test_axpy_wrong_ind[compatible_vector_array_pair4-&lt;lambda&gt;3]" time="0.012756109237670898"></testcase><testcase classname="src.pymortests.vectorarray" file="src/pymortests/vectorarray.py" line="1009" name="test_axpy_wrong_ind[compatible_vector_array_pair4-&lt;lambda&gt;4]" time="0.01722574234008789"></testcase><testcase classname="src.pymortests.vectorarray" file="src/pymortests/vectorarray.py" line="1009" name="test_axpy_wrong_ind[compatible_vector_array_pair4-&lt;lambda&gt;5]" time="0.00847482681274414"></testcase><testcase classname="src.pymortests.vectorarray" file="src/pymortests/vectorarray.py" line="1009" name="test_axpy_wrong_ind[compatible_vector_array_pair4-&lt;lambda&gt;6]" time="0.0027854442596435547"></testcase><testcase classname="src.pymortests.vectorarray" file="src/pymortests/vectorarray.py" line="1009" name="test_axpy_wrong_ind[compatible_vector_array_pair4-&lt;lambda&gt;7]" time="0.0034050941467285156"></testcase><testcase classname="src.pymortests.vectorarray" file="src/pymortests/vectorarray.py" line="1009" name="test_axpy_wrong_ind[compatible_vector_array_pair4-&lt;lambda&gt;8]" time="0.025158405303955078"></testcase><testcase classname="src.pymortests.vectorarray" file="src/pymortests/vectorarray.py" line="1009" name="test_axpy_wrong_ind[compatible_vector_array_pair4-&lt;lambda&gt;9]" time="0.049729347229003906"></testcase><testcase classname="src.pymortests.vectorarray" file="src/pymortests/vectorarray.py" line="1009" name="test_axpy_wrong_ind[compatible_vector_array_pair4-&lt;lambda&gt;10]" time="0.1336956024169922"></testcase><testcase classname="src.pymortests.vectorarray" file="src/pymortests/vectorarray.py" line="1009" name="test_axpy_wrong_ind[compatible_vector_array_pair4-&lt;lambda&gt;11]" time="0.009729862213134766"></testcase><testcase classname="src.pymortests.vectorarray" file="src/pymortests/vectorarray.py" line="1009" name="test_axpy_wrong_ind[compatible_vector_array_pair4-&lt;lambda&gt;12]" time="0.00588536262512207"></testcase><testcase classname="src.pymortests.vectorarray" file="src/pymortests/vectorarray.py" line="1009" name="test_axpy_wrong_ind[compatible_vector_array_pair4-&lt;lambda&gt;13]" time="0.011373758316040039"></testcase><testcase classname="src.pymortests.vectorarray" file="src/pymortests/vectorarray.py" line="1009" name="test_axpy_wrong_ind[compatible_vector_array_pair4-&lt;lambda&gt;14]" time="0.012204647064208984"></testcase><testcase classname="src.pymortests.vectorarray" file="src/pymortests/vectorarray.py" line="1009" name="test_axpy_wrong_ind[compatible_vector_array_pair4-&lt;lambda&gt;15]" time="0.018813133239746094"></testcase><testcase classname="src.pymortests.vectorarray" file="src/pymortests/vectorarray.py" line="1009" name="test_axpy_wrong_ind[compatible_vector_array_pair4-&lt;lambda&gt;16]" time="0.027436017990112305"></testcase><testcase classname="src.pymortests.vectorarray" file="src/pymortests/vectorarray.py" line="1009" name="test_axpy_wrong_ind[compatible_vector_array_pair4-&lt;lambda&gt;17]" time="0.036501407623291016"></testcase><testcase classname="src.pymortests.vectorarray" file="src/pymortests/vectorarray.py" line="1009" name="test_axpy_wrong_ind[compatible_vector_array_pair4-&lt;lambda&gt;18]" time="0.004919767379760742"></testcase><testcase classname="src.pymortests.vectorarray" file="src/pymortests/vectorarray.py" line="1009" name="test_axpy_wrong_ind[compatible_vector_array_pair4-&lt;lambda&gt;19]" time="0.004544258117675781"></testcase><testcase classname="src.pymortests.vectorarray" file="src/pymortests/vectorarray.py" line="1009" name="test_axpy_wrong_ind[compatible_vector_array_pair4-&lt;lambda&gt;20]" time="0.05274558067321777"></testcase><testcase classname="src.pymortests.vectorarray" file="src/pymortests/vectorarray.py" line="1009" name="test_axpy_wrong_ind[compatible_vector_array_pair4-&lt;lambda&gt;21]" time="0.05460381507873535"></testcase><testcase classname="src.pymortests.vectorarray" file="src/pymortests/vectorarray.py" line="1009" name="test_axpy_wrong_ind[compatible_vector_array_pair4-&lt;lambda&gt;22]" time="0.17902851104736328"></testcase><testcase classname="src.pymortests.vectorarray" file="src/pymortests/vectorarray.py" line="1009" name="test_axpy_wrong_ind[compatible_vector_array_pair4-&lt;lambda&gt;23]" time="0.01086878776550293"></testcase><testcase classname="src.pymortests.vectorarray" file="src/pymortests/vectorarray.py" line="1009" name="test_axpy_wrong_ind[compatible_vector_array_pair4-&lt;lambda&gt;24]" time="0.004034519195556641"></testcase><testcase classname="src.pymortests.vectorarray" file="src/pymortests/vectorarray.py" line="1009" name="test_axpy_wrong_ind[compatible_vector_array_pair4-&lt;lambda&gt;25]" time="0.004443168640136719"></testcase><testcase classname="src.pymortests.vectorarray" file="src/pymortests/vectorarray.py" line="1009" name="test_axpy_wrong_ind[compatible_vector_array_pair4-&lt;lambda&gt;26]" time="0.04572463035583496"></testcase><testcase classname="src.pymortests.vectorarray" file="src/pymortests/vectorarray.py" line="1009" name="test_axpy_wrong_ind[compatible_vector_array_pair4-&lt;lambda&gt;27]" time="0.070281982421875"></testcase><testcase classname="src.pymortests.vectorarray" file="src/pymortests/vectorarray.py" line="1009" name="test_axpy_wrong_ind[compatible_vector_array_pair4-&lt;lambda&gt;28]" time="0.2392590045928955"></testcase><testcase classname="src.pymortests.vectorarray" file="src/pymortests/vectorarray.py" line="1009" name="test_axpy_wrong_ind[compatible_vector_array_pair4-&lt;lambda&gt;29]" time="0.012112617492675781"></testcase><testcase classname="src.pymortests.vectorarray" file="src/pymortests/vectorarray.py" line="1009" name="test_axpy_wrong_ind[compatible_vector_array_pair5-&lt;lambda&gt;0]" time="0.0037386417388916016"></testcase><testcase classname="src.pymortests.vectorarray" file="src/pymortests/vectorarray.py" line="1009" name="test_axpy_wrong_ind[compatible_vector_array_pair5-&lt;lambda&gt;1]" time="0.0035119056701660156"></testcase><testcase classname="src.pymortests.vectorarray" file="src/pymortests/vectorarray.py" line="1009" name="test_axpy_wrong_ind[compatible_vector_array_pair5-&lt;lambda&gt;2]" time="0.009218454360961914"></testcase><testcase classname="src.pymortests.vectorarray" file="src/pymortests/vectorarray.py" line="1009" name="test_axpy_wrong_ind[compatible_vector_array_pair5-&lt;lambda&gt;3]" time="0.012552022933959961"></testcase><testcase classname="src.pymortests.vectorarray" file="src/pymortests/vectorarray.py" line="1009" name="test_axpy_wrong_ind[compatible_vector_array_pair5-&lt;lambda&gt;4]" time="0.017105817794799805"></testcase><testcase classname="src.pymortests.vectorarray" file="src/pymortests/vectorarray.py" line="1009" name="test_axpy_wrong_ind[compatible_vector_array_pair5-&lt;lambda&gt;5]" time="0.008655071258544922"></testcase><testcase classname="src.pymortests.vectorarray" file="src/pymortests/vectorarray.py" line="1009" name="test_axpy_wrong_ind[compatible_vector_array_pair5-&lt;lambda&gt;6]" time="0.004247188568115234"></testcase><testcase classname="src.pymortests.vectorarray" file="src/pymortests/vectorarray.py" line="1009" name="test_axpy_wrong_ind[compatible_vector_array_pair5-&lt;lambda&gt;7]" time="0.0034117698669433594"></testcase><testcase classname="src.pymortests.vectorarray" file="src/pymortests/vectorarray.py" line="1009" name="test_axpy_wrong_ind[compatible_vector_array_pair5-&lt;lambda&gt;8]" time="0.02608633041381836"></testcase><testcase classname="src.pymortests.vectorarray" file="src/pymortests/vectorarray.py" line="1009" name="test_axpy_wrong_ind[compatible_vector_array_pair5-&lt;lambda&gt;9]" time="0.04421186447143555"></testcase><testcase classname="src.pymortests.vectorarray" file="src/pymortests/vectorarray.py" line="1009" name="test_axpy_wrong_ind[compatible_vector_array_pair5-&lt;lambda&gt;10]" time="0.1395859718322754"></testcase><testcase classname="src.pymortests.vectorarray" file="src/pymortests/vectorarray.py" line="1009" name="test_axpy_wrong_ind[compatible_vector_array_pair5-&lt;lambda&gt;11]" time="0.009853839874267578"></testcase><testcase classname="src.pymortests.vectorarray" file="src/pymortests/vectorarray.py" line="1009" name="test_axpy_wrong_ind[compatible_vector_array_pair5-&lt;lambda&gt;12]" time="0.0057811737060546875"></testcase><testcase classname="src.pymortests.vectorarray" file="src/pymortests/vectorarray.py" line="1009" name="test_axpy_wrong_ind[compatible_vector_array_pair5-&lt;lambda&gt;13]" time="0.010625839233398438"></testcase><testcase classname="src.pymortests.vectorarray" file="src/pymortests/vectorarray.py" line="1009" name="test_axpy_wrong_ind[compatible_vector_array_pair5-&lt;lambda&gt;14]" time="0.011179685592651367"></testcase><testcase classname="src.pymortests.vectorarray" file="src/pymortests/vectorarray.py" line="1009" name="test_axpy_wrong_ind[compatible_vector_array_pair5-&lt;lambda&gt;15]" time="0.019360065460205078"></testcase><testcase classname="src.pymortests.vectorarray" file="src/pymortests/vectorarray.py" line="1009" name="test_axpy_wrong_ind[compatible_vector_array_pair5-&lt;lambda&gt;16]" time="0.028644561767578125"></testcase><testcase classname="src.pymortests.vectorarray" file="src/pymortests/vectorarray.py" line="1009" name="test_axpy_wrong_ind[compatible_vector_array_pair5-&lt;lambda&gt;17]" time="0.03778219223022461"></testcase><testcase classname="src.pymortests.vectorarray" file="src/pymortests/vectorarray.py" line="1009" name="test_axpy_wrong_ind[compatible_vector_array_pair5-&lt;lambda&gt;18]" time="0.004626274108886719"></testcase><testcase classname="src.pymortests.vectorarray" file="src/pymortests/vectorarray.py" line="1009" name="test_axpy_wrong_ind[compatible_vector_array_pair5-&lt;lambda&gt;19]" time="0.004382133483886719"></testcase><testcase classname="src.pymortests.vectorarray" file="src/pymortests/vectorarray.py" line="1009" name="test_axpy_wrong_ind[compatible_vector_array_pair5-&lt;lambda&gt;20]" time="0.049855709075927734"></testcase><testcase classname="src.pymortests.vectorarray" file="src/pymortests/vectorarray.py" line="1009" name="test_axpy_wrong_ind[compatible_vector_array_pair5-&lt;lambda&gt;21]" time="0.053244590759277344"></testcase><testcase classname="src.pymortests.vectorarray" file="src/pymortests/vectorarray.py" line="1009" name="test_axpy_wrong_ind[compatible_vector_array_pair5-&lt;lambda&gt;22]" time="0.1734628677368164"></testcase><testcase classname="src.pymortests.vectorarray" file="src/pymortests/vectorarray.py" line="1009" name="test_axpy_wrong_ind[compatible_vector_array_pair5-&lt;lambda&gt;23]" time="0.010951042175292969"></testcase><testcase classname="src.pymortests.vectorarray" file="src/pymortests/vectorarray.py" line="1009" name="test_axpy_wrong_ind[compatible_vector_array_pair5-&lt;lambda&gt;24]" time="0.004045009613037109"></testcase><testcase classname="src.pymortests.vectorarray" file="src/pymortests/vectorarray.py" line="1009" name="test_axpy_wrong_ind[compatible_vector_array_pair5-&lt;lambda&gt;25]" time="0.004529237747192383"></testcase><testcase classname="src.pymortests.vectorarray" file="src/pymortests/vectorarray.py" line="1009" name="test_axpy_wrong_ind[compatible_vector_array_pair5-&lt;lambda&gt;26]" time="0.046512603759765625"></testcase><testcase classname="src.pymortests.vectorarray" file="src/pymortests/vectorarray.py" line="1009" name="test_axpy_wrong_ind[compatible_vector_array_pair5-&lt;lambda&gt;27]" time="0.0772404670715332"></testcase><testcase classname="src.pymortests.vectorarray" file="src/pymortests/vectorarray.py" line="1009" name="test_axpy_wrong_ind[compatible_vector_array_pair5-&lt;lambda&gt;28]" time="0.24738073348999023"></testcase><testcase classname="src.pymortests.vectorarray" file="src/pymortests/vectorarray.py" line="1009" name="test_axpy_wrong_ind[compatible_vector_array_pair5-&lt;lambda&gt;29]" time="0.012827873229980469"></testcase><testcase classname="src.pymortests.vectorarray" file="src/pymortests/vectorarray.py" line="1009" name="test_axpy_wrong_ind[compatible_vector_array_pair6-&lt;lambda&gt;0]" time="0.0041162967681884766"></testcase><testcase classname="src.pymortests.vectorarray" file="src/pymortests/vectorarray.py" line="1009" name="test_axpy_wrong_ind[compatible_vector_array_pair6-&lt;lambda&gt;1]" time="0.0033140182495117188"></testcase><testcase classname="src.pymortests.vectorarray" file="src/pymortests/vectorarray.py" line="1009" name="test_axpy_wrong_ind[compatible_vector_array_pair6-&lt;lambda&gt;2]" time="0.009154081344604492"></testcase><testcase classname="src.pymortests.vectorarray" file="src/pymortests/vectorarray.py" line="1009" name="test_axpy_wrong_ind[compatible_vector_array_pair6-&lt;lambda&gt;3]" time="0.013021707534790039"></testcase><testcase classname="src.pymortests.vectorarray" file="src/pymortests/vectorarray.py" line="1009" name="test_axpy_wrong_ind[compatible_vector_array_pair6-&lt;lambda&gt;4]" time="0.017475128173828125"></testcase><testcase classname="src.pymortests.vectorarray" file="src/pymortests/vectorarray.py" line="1009" name="test_axpy_wrong_ind[compatible_vector_array_pair6-&lt;lambda&gt;5]" time="0.008699893951416016"></testcase><testcase classname="src.pymortests.vectorarray" file="src/pymortests/vectorarray.py" line="1009" name="test_axpy_wrong_ind[compatible_vector_array_pair6-&lt;lambda&gt;6]" time="0.002786874771118164"></testcase><testcase classname="src.pymortests.vectorarray" file="src/pymortests/vectorarray.py" line="1009" name="test_axpy_wrong_ind[compatible_vector_array_pair6-&lt;lambda&gt;7]" time="0.003413677215576172"></testcase><testcase classname="src.pymortests.vectorarray" file="src/pymortests/vectorarray.py" line="1009" name="test_axpy_wrong_ind[compatible_vector_array_pair6-&lt;lambda&gt;8]" time="0.025863170623779297"></testcase><testcase classname="src.pymortests.vectorarray" file="src/pymortests/vectorarray.py" line="1009" name="test_axpy_wrong_ind[compatible_vector_array_pair6-&lt;lambda&gt;9]" time="0.04637742042541504"></testcase><testcase classname="src.pymortests.vectorarray" file="src/pymortests/vectorarray.py" line="1009" name="test_axpy_wrong_ind[compatible_vector_array_pair6-&lt;lambda&gt;10]" time="0.1399388313293457"></testcase><testcase classname="src.pymortests.vectorarray" file="src/pymortests/vectorarray.py" line="1009" name="test_axpy_wrong_ind[compatible_vector_array_pair6-&lt;lambda&gt;11]" time="0.009892463684082031"></testcase><testcase classname="src.pymortests.vectorarray" file="src/pymortests/vectorarray.py" line="1009" name="test_axpy_wrong_ind[compatible_vector_array_pair6-&lt;lambda&gt;12]" time="0.005757331848144531"></testcase><testcase classname="src.pymortests.vectorarray" file="src/pymortests/vectorarray.py" line="1009" name="test_axpy_wrong_ind[compatible_vector_array_pair6-&lt;lambda&gt;13]" time="0.011002540588378906"></testcase><testcase classname="src.pymortests.vectorarray" file="src/pymortests/vectorarray.py" line="1009" name="test_axpy_wrong_ind[compatible_vector_array_pair6-&lt;lambda&gt;14]" time="0.011333942413330078"></testcase><testcase classname="src.pymortests.vectorarray" file="src/pymortests/vectorarray.py" line="1009" name="test_axpy_wrong_ind[compatible_vector_array_pair6-&lt;lambda&gt;15]" time="0.018423080444335938"></testcase><testcase classname="src.pymortests.vectorarray" file="src/pymortests/vectorarray.py" line="1009" name="test_axpy_wrong_ind[compatible_vector_array_pair6-&lt;lambda&gt;16]" time="0.02779388427734375"></testcase><testcase classname="src.pymortests.vectorarray" file="src/pymortests/vectorarray.py" line="1009" name="test_axpy_wrong_ind[compatible_vector_array_pair6-&lt;lambda&gt;17]" time="0.03628206253051758"></testcase><testcase classname="src.pymortests.vectorarray" file="src/pymortests/vectorarray.py" line="1009" name="test_axpy_wrong_ind[compatible_vector_array_pair6-&lt;lambda&gt;18]" time="0.004940986633300781"></testcase><testcase classname="src.pymortests.vectorarray" file="src/pymortests/vectorarray.py" line="1009" name="test_axpy_wrong_ind[compatible_vector_array_pair6-&lt;lambda&gt;19]" time="0.004822254180908203"></testcase><testcase classname="src.pymortests.vectorarray" file="src/pymortests/vectorarray.py" line="1009" name="test_axpy_wrong_ind[compatible_vector_array_pair6-&lt;lambda&gt;20]" time="0.05050086975097656"></testcase><testcase classname="src.pymortests.vectorarray" file="src/pymortests/vectorarray.py" line="1009" name="test_axpy_wrong_ind[compatible_vector_array_pair6-&lt;lambda&gt;21]" time="0.053850412368774414"></testcase><testcase classname="src.pymortests.vectorarray" file="src/pymortests/vectorarray.py" line="1009" name="test_axpy_wrong_ind[compatible_vector_array_pair6-&lt;lambda&gt;22]" time="0.17323851585388184"></testcase><testcase classname="src.pymortests.vectorarray" file="src/pymortests/vectorarray.py" line="1009" name="test_axpy_wrong_ind[compatible_vector_array_pair6-&lt;lambda&gt;23]" time="0.010550498962402344"></testcase><testcase classname="src.pymortests.vectorarray" file="src/pymortests/vectorarray.py" line="1009" name="test_axpy_wrong_ind[compatible_vector_array_pair6-&lt;lambda&gt;24]" time="0.003942251205444336"></testcase><testcase classname="src.pymortests.vectorarray" file="src/pymortests/vectorarray.py" line="1009" name="test_axpy_wrong_ind[compatible_vector_array_pair6-&lt;lambda&gt;25]" time="0.004379749298095703"></testcase><testcase classname="src.pymortests.vectorarray" file="src/pymortests/vectorarray.py" line="1009" name="test_axpy_wrong_ind[compatible_vector_array_pair6-&lt;lambda&gt;26]" time="0.04595327377319336"></testcase><testcase classname="src.pymortests.vectorarray" file="src/pymortests/vectorarray.py" line="1009" name="test_axpy_wrong_ind[compatible_vector_array_pair6-&lt;lambda&gt;27]" time="0.07064485549926758"></testcase><testcase classname="src.pymortests.vectorarray" file="src/pymortests/vectorarray.py" line="1009" name="test_axpy_wrong_ind[compatible_vector_array_pair6-&lt;lambda&gt;28]" time="0.2443838119506836"></testcase><testcase classname="src.pymortests.vectorarray" file="src/pymortests/vectorarray.py" line="1009" name="test_axpy_wrong_ind[compatible_vector_array_pair6-&lt;lambda&gt;29]" time="0.012325048446655273"></testcase><testcase classname="src.pymortests.vectorarray" file="src/pymortests/vectorarray.py" line="1009" name="test_axpy_wrong_ind[compatible_vector_array_pair7-&lt;lambda&gt;0]" time="0.004358530044555664"></testcase><testcase classname="src.pymortests.vectorarray" file="src/pymortests/vectorarray.py" line="1009" name="test_axpy_wrong_ind[compatible_vector_array_pair7-&lt;lambda&gt;1]" time="0.0042188167572021484"></testcase><testcase classname="src.pymortests.vectorarray" file="src/pymortests/vectorarray.py" line="1009" name="test_axpy_wrong_ind[compatible_vector_array_pair7-&lt;lambda&gt;2]" time="0.009746789932250977"></testcase><testcase classname="src.pymortests.vectorarray" file="src/pymortests/vectorarray.py" line="1009" name="test_axpy_wrong_ind[compatible_vector_array_pair7-&lt;lambda&gt;3]" time="0.012734174728393555"></testcase><testcase classname="src.pymortests.vectorarray" file="src/pymortests/vectorarray.py" line="1009" name="test_axpy_wrong_ind[compatible_vector_array_pair7-&lt;lambda&gt;4]" time="0.0185697078704834"></testcase><testcase classname="src.pymortests.vectorarray" file="src/pymortests/vectorarray.py" line="1009" name="test_axpy_wrong_ind[compatible_vector_array_pair7-&lt;lambda&gt;5]" time="0.008517026901245117"></testcase><testcase classname="src.pymortests.vectorarray" file="src/pymortests/vectorarray.py" line="1009" name="test_axpy_wrong_ind[compatible_vector_array_pair7-&lt;lambda&gt;6]" time="0.002973794937133789"></testcase><testcase classname="src.pymortests.vectorarray" file="src/pymortests/vectorarray.py" line="1009" name="test_axpy_wrong_ind[compatible_vector_array_pair7-&lt;lambda&gt;7]" time="0.0034990310668945312"></testcase><testcase classname="src.pymortests.vectorarray" file="src/pymortests/vectorarray.py" line="1009" name="test_axpy_wrong_ind[compatible_vector_array_pair7-&lt;lambda&gt;8]" time="0.02567768096923828"></testcase><testcase classname="src.pymortests.vectorarray" file="src/pymortests/vectorarray.py" line="1009" name="test_axpy_wrong_ind[compatible_vector_array_pair7-&lt;lambda&gt;9]" time="0.04419350624084473"></testcase><testcase classname="src.pymortests.vectorarray" file="src/pymortests/vectorarray.py" line="1009" name="test_axpy_wrong_ind[compatible_vector_array_pair7-&lt;lambda&gt;10]" time="0.14038467407226562"></testcase><testcase classname="src.pymortests.vectorarray" file="src/pymortests/vectorarray.py" line="1009" name="test_axpy_wrong_ind[compatible_vector_array_pair7-&lt;lambda&gt;11]" time="0.009856700897216797"></testcase><testcase classname="src.pymortests.vectorarray" file="src/pymortests/vectorarray.py" line="1009" name="test_axpy_wrong_ind[compatible_vector_array_pair7-&lt;lambda&gt;12]" time="0.0058820247650146484"></testcase><testcase classname="src.pymortests.vectorarray" file="src/pymortests/vectorarray.py" line="1009" name="test_axpy_wrong_ind[compatible_vector_array_pair7-&lt;lambda&gt;13]" time="0.010675430297851562"></testcase><testcase classname="src.pymortests.vectorarray" file="src/pymortests/vectorarray.py" line="1009" name="test_axpy_wrong_ind[compatible_vector_array_pair7-&lt;lambda&gt;14]" time="0.01093435287475586"></testcase><testcase classname="src.pymortests.vectorarray" file="src/pymortests/vectorarray.py" line="1009" name="test_axpy_wrong_ind[compatible_vector_array_pair7-&lt;lambda&gt;15]" time="0.018233299255371094"></testcase><testcase classname="src.pymortests.vectorarray" file="src/pymortests/vectorarray.py" line="1009" name="test_axpy_wrong_ind[compatible_vector_array_pair7-&lt;lambda&gt;16]" time="0.027417421340942383"></testcase><testcase classname="src.pymortests.vectorarray" file="src/pymortests/vectorarray.py" line="1009" name="test_axpy_wrong_ind[compatible_vector_array_pair7-&lt;lambda&gt;17]" time="0.03591609001159668"></testcase><testcase classname="src.pymortests.vectorarray" file="src/pymortests/vectorarray.py" line="1009" name="test_axpy_wrong_ind[compatible_vector_array_pair7-&lt;lambda&gt;18]" time="0.004921436309814453"></testcase><testcase classname="src.pymortests.vectorarray" file="src/pymortests/vectorarray.py" line="1009" name="test_axpy_wrong_ind[compatible_vector_array_pair7-&lt;lambda&gt;19]" time="0.004410982131958008"></testcase><testcase classname="src.pymortests.vectorarray" file="src/pymortests/vectorarray.py" line="1009" name="test_axpy_wrong_ind[compatible_vector_array_pair7-&lt;lambda&gt;20]" time="0.049309730529785156"></testcase><testcase classname="src.pymortests.vectorarray" file="src/pymortests/vectorarray.py" line="1009" name="test_axpy_wrong_ind[compatible_vector_array_pair7-&lt;lambda&gt;21]" time="0.053372859954833984"></testcase><testcase classname="src.pymortests.vectorarray" file="src/pymortests/vectorarray.py" line="1009" name="test_axpy_wrong_ind[compatible_vector_array_pair7-&lt;lambda&gt;22]" time="0.18142962455749512"></testcase><testcase classname="src.pymortests.vectorarray" file="src/pymortests/vectorarray.py" line="1009" name="test_axpy_wrong_ind[compatible_vector_array_pair7-&lt;lambda&gt;23]" time="0.010962724685668945"></testcase><testcase classname="src.pymortests.vectorarray" file="src/pymortests/vectorarray.py" line="1009" name="test_axpy_wrong_ind[compatible_vector_array_pair7-&lt;lambda&gt;24]" time="0.003381013870239258"></testcase><testcase classname="src.pymortests.vectorarray" file="src/pymortests/vectorarray.py" line="1009" name="test_axpy_wrong_ind[compatible_vector_array_pair7-&lt;lambda&gt;25]" time="0.004599809646606445"></testcase><testcase classname="src.pymortests.vectorarray" file="src/pymortests/vectorarray.py" line="1009" name="test_axpy_wrong_ind[compatible_vector_array_pair7-&lt;lambda&gt;26]" time="0.05200529098510742"></testcase><testcase classname="src.pymortests.vectorarray" file="src/pymortests/vectorarray.py" line="1009" name="test_axpy_wrong_ind[compatible_vector_array_pair7-&lt;lambda&gt;27]" time="0.07146453857421875"></testcase><testcase classname="src.pymortests.vectorarray" file="src/pymortests/vectorarray.py" line="1009" name="test_axpy_wrong_ind[compatible_vector_array_pair7-&lt;lambda&gt;28]" time="0.24254417419433594"></testcase><testcase classname="src.pymortests.vectorarray" file="src/pymortests/vectorarray.py" line="1009" name="test_axpy_wrong_ind[compatible_vector_array_pair7-&lt;lambda&gt;29]" time="0.013083219528198242"></testcase><testcase classname="src.pymortests.vectorarray" file="src/pymortests/vectorarray.py" line="1009" name="test_axpy_wrong_ind[compatible_vector_array_pair8-&lt;lambda&gt;0]" time="0.0041730403900146484"></testcase><testcase classname="src.pymortests.vectorarray" file="src/pymortests/vectorarray.py" line="1009" name="test_axpy_wrong_ind[compatible_vector_array_pair8-&lt;lambda&gt;1]" time="0.0034258365631103516"></testcase><testcase classname="src.pymortests.vectorarray" file="src/pymortests/vectorarray.py" line="1009" name="test_axpy_wrong_ind[compatible_vector_array_pair8-&lt;lambda&gt;2]" time="0.009270906448364258"></testcase><testcase classname="src.pymortests.vectorarray" file="src/pymortests/vectorarray.py" line="1009" name="test_axpy_wrong_ind[compatible_vector_array_pair8-&lt;lambda&gt;3]" time="0.012938499450683594"></testcase><testcase classname="src.pymortests.vectorarray" file="src/pymortests/vectorarray.py" line="1009" name="test_axpy_wrong_ind[compatible_vector_array_pair8-&lt;lambda&gt;4]" time="0.0173189640045166"></testcase><testcase classname="src.pymortests.vectorarray" file="src/pymortests/vectorarray.py" line="1009" name="test_axpy_wrong_ind[compatible_vector_array_pair8-&lt;lambda&gt;5]" time="0.008771419525146484"></testcase><testcase classname="src.pymortests.vectorarray" file="src/pymortests/vectorarray.py" line="1009" name="test_axpy_wrong_ind[compatible_vector_array_pair8-&lt;lambda&gt;6]" time="0.004262208938598633"></testcase><testcase classname="src.pymortests.vectorarray" file="src/pymortests/vectorarray.py" line="1009" name="test_axpy_wrong_ind[compatible_vector_array_pair8-&lt;lambda&gt;7]" time="0.0036759376525878906"></testcase><testcase classname="src.pymortests.vectorarray" file="src/pymortests/vectorarray.py" line="1009" name="test_axpy_wrong_ind[compatible_vector_array_pair8-&lt;lambda&gt;8]" time="0.025476932525634766"></testcase><testcase classname="src.pymortests.vectorarray" file="src/pymortests/vectorarray.py" line="1009" name="test_axpy_wrong_ind[compatible_vector_array_pair8-&lt;lambda&gt;9]" time="0.043309926986694336"></testcase><testcase classname="src.pymortests.vectorarray" file="src/pymortests/vectorarray.py" line="1009" name="test_axpy_wrong_ind[compatible_vector_array_pair8-&lt;lambda&gt;10]" time="0.13564395904541016"></testcase><testcase classname="src.pymortests.vectorarray" file="src/pymortests/vectorarray.py" line="1009" name="test_axpy_wrong_ind[compatible_vector_array_pair8-&lt;lambda&gt;11]" time="0.00974416732788086"></testcase><testcase classname="src.pymortests.vectorarray" file="src/pymortests/vectorarray.py" line="1009" name="test_axpy_wrong_ind[compatible_vector_array_pair8-&lt;lambda&gt;12]" time="0.006090402603149414"></testcase><testcase classname="src.pymortests.vectorarray" file="src/pymortests/vectorarray.py" line="1009" name="test_axpy_wrong_ind[compatible_vector_array_pair8-&lt;lambda&gt;13]" time="0.010567903518676758"></testcase><testcase classname="src.pymortests.vectorarray" file="src/pymortests/vectorarray.py" line="1009" name="test_axpy_wrong_ind[compatible_vector_array_pair8-&lt;lambda&gt;14]" time="0.011426448822021484"></testcase><testcase classname="src.pymortests.vectorarray" file="src/pymortests/vectorarray.py" line="1009" name="test_axpy_wrong_ind[compatible_vector_array_pair8-&lt;lambda&gt;15]" time="0.01838207244873047"></testcase><testcase classname="src.pymortests.vectorarray" file="src/pymortests/vectorarray.py" line="1009" name="test_axpy_wrong_ind[compatible_vector_array_pair8-&lt;lambda&gt;16]" time="0.027887582778930664"></testcase><testcase classname="src.pymortests.vectorarray" file="src/pymortests/vectorarray.py" line="1009" name="test_axpy_wrong_ind[compatible_vector_array_pair8-&lt;lambda&gt;17]" time="0.036611318588256836"></testcase><testcase classname="src.pymortests.vectorarray" file="src/pymortests/vectorarray.py" line="1009" name="test_axpy_wrong_ind[compatible_vector_array_pair8-&lt;lambda&gt;18]" time="0.00482487678527832"></testcase><testcase classname="src.pymortests.vectorarray" file="src/pymortests/vectorarray.py" line="1009" name="test_axpy_wrong_ind[compatible_vector_array_pair8-&lt;lambda&gt;19]" time="0.004396915435791016"></testcase><testcase classname="src.pymortests.vectorarray" file="src/pymortests/vectorarray.py" line="1009" name="test_axpy_wrong_ind[compatible_vector_array_pair8-&lt;lambda&gt;20]" time="0.05060243606567383"></testcase><testcase classname="src.pymortests.vectorarray" file="src/pymortests/vectorarray.py" line="1009" name="test_axpy_wrong_ind[compatible_vector_array_pair8-&lt;lambda&gt;21]" time="0.05436229705810547"></testcase><testcase classname="src.pymortests.vectorarray" file="src/pymortests/vectorarray.py" line="1009" name="test_axpy_wrong_ind[compatible_vector_array_pair8-&lt;lambda&gt;22]" time="0.17488384246826172"></testcase><testcase classname="src.pymortests.vectorarray" file="src/pymortests/vectorarray.py" line="1009" name="test_axpy_wrong_ind[compatible_vector_array_pair8-&lt;lambda&gt;23]" time="0.010859966278076172"></testcase><testcase classname="src.pymortests.vectorarray" file="src/pymortests/vectorarray.py" line="1009" name="test_axpy_wrong_ind[compatible_vector_array_pair8-&lt;lambda&gt;24]" time="0.0028612613677978516"></testcase><testcase classname="src.pymortests.vectorarray" file="src/pymortests/vectorarray.py" line="1009" name="test_axpy_wrong_ind[compatible_vector_array_pair8-&lt;lambda&gt;25]" time="0.004579305648803711"></testcase><testcase classname="src.pymortests.vectorarray" file="src/pymortests/vectorarray.py" line="1009" name="test_axpy_wrong_ind[compatible_vector_array_pair8-&lt;lambda&gt;26]" time="0.04593849182128906"></testcase><testcase classname="src.pymortests.vectorarray" file="src/pymortests/vectorarray.py" line="1009" name="test_axpy_wrong_ind[compatible_vector_array_pair8-&lt;lambda&gt;27]" time="0.07266068458557129"></testcase><testcase classname="src.pymortests.vectorarray" file="src/pymortests/vectorarray.py" line="1009" name="test_axpy_wrong_ind[compatible_vector_array_pair8-&lt;lambda&gt;28]" time="0.2475447654724121"></testcase><testcase classname="src.pymortests.vectorarray" file="src/pymortests/vectorarray.py" line="1009" name="test_axpy_wrong_ind[compatible_vector_array_pair8-&lt;lambda&gt;29]" time="0.012730598449707031"></testcase><testcase classname="src.pymortests.vectorarray" file="src/pymortests/vectorarray.py" line="1028" name="test_axpy_wrong_coefficients[compatible_vector_array_pair0-&lt;lambda&gt;0]" time="0.0025658607482910156"></testcase><testcase classname="src.pymortests.vectorarray" file="src/pymortests/vectorarray.py" line="1028" name="test_axpy_wrong_coefficients[compatible_vector_array_pair0-&lt;lambda&gt;1]" time="0.0013108253479003906"></testcase><testcase classname="src.pymortests.vectorarray" file="src/pymortests/vectorarray.py" line="1028" name="test_axpy_wrong_coefficients[compatible_vector_array_pair0-&lt;lambda&gt;2]" time="0.003299236297607422"></testcase><testcase classname="src.pymortests.vectorarray" file="src/pymortests/vectorarray.py" line="1028" name="test_axpy_wrong_coefficients[compatible_vector_array_pair0-&lt;lambda&gt;3]" time="0.003587007522583008"></testcase><testcase classname="src.pymortests.vectorarray" file="src/pymortests/vectorarray.py" line="1028" name="test_axpy_wrong_coefficients[compatible_vector_array_pair0-&lt;lambda&gt;4]" time="0.005906581878662109"></testcase><testcase classname="src.pymortests.vectorarray" file="src/pymortests/vectorarray.py" line="1028" name="test_axpy_wrong_coefficients[compatible_vector_array_pair0-&lt;lambda&gt;5]" time="0.004329681396484375"></testcase><testcase classname="src.pymortests.vectorarray" file="src/pymortests/vectorarray.py" line="1028" name="test_axpy_wrong_coefficients[compatible_vector_array_pair0-&lt;lambda&gt;6]" time="0.0021288394927978516"></testcase><testcase classname="src.pymortests.vectorarray" file="src/pymortests/vectorarray.py" line="1028" name="test_axpy_wrong_coefficients[compatible_vector_array_pair0-&lt;lambda&gt;7]" time="0.0015816688537597656"></testcase><testcase classname="src.pymortests.vectorarray" file="src/pymortests/vectorarray.py" line="1028" name="test_axpy_wrong_coefficients[compatible_vector_array_pair0-&lt;lambda&gt;8]" time="0.0034182071685791016"></testcase><testcase classname="src.pymortests.vectorarray" file="src/pymortests/vectorarray.py" line="1028" name="test_axpy_wrong_coefficients[compatible_vector_array_pair0-&lt;lambda&gt;9]" time="0.0036773681640625"></testcase><testcase classname="src.pymortests.vectorarray" file="src/pymortests/vectorarray.py" line="1028" name="test_axpy_wrong_coefficients[compatible_vector_array_pair0-&lt;lambda&gt;10]" time="0.006924152374267578"></testcase><testcase classname="src.pymortests.vectorarray" file="src/pymortests/vectorarray.py" line="1028" name="test_axpy_wrong_coefficients[compatible_vector_array_pair0-&lt;lambda&gt;11]" time="0.004339456558227539"></testcase><testcase classname="src.pymortests.vectorarray" file="src/pymortests/vectorarray.py" line="1028" name="test_axpy_wrong_coefficients[compatible_vector_array_pair0-&lt;lambda&gt;12]" time="0.0021352767944335938"></testcase><testcase classname="src.pymortests.vectorarray" file="src/pymortests/vectorarray.py" line="1028" name="test_axpy_wrong_coefficients[compatible_vector_array_pair0-&lt;lambda&gt;13]" time="0.0016696453094482422"></testcase><testcase classname="src.pymortests.vectorarray" file="src/pymortests/vectorarray.py" line="1028" name="test_axpy_wrong_coefficients[compatible_vector_array_pair0-&lt;lambda&gt;14]" time="0.0035288333892822266"></testcase><testcase classname="src.pymortests.vectorarray" file="src/pymortests/vectorarray.py" line="1028" name="test_axpy_wrong_coefficients[compatible_vector_array_pair0-&lt;lambda&gt;15]" time="0.004492282867431641"></testcase><testcase classname="src.pymortests.vectorarray" file="src/pymortests/vectorarray.py" line="1028" name="test_axpy_wrong_coefficients[compatible_vector_array_pair0-&lt;lambda&gt;16]" time="0.005242347717285156"></testcase><testcase classname="src.pymortests.vectorarray" file="src/pymortests/vectorarray.py" line="1028" name="test_axpy_wrong_coefficients[compatible_vector_array_pair0-&lt;lambda&gt;17]" time="0.010061979293823242"></testcase><testcase classname="src.pymortests.vectorarray" file="src/pymortests/vectorarray.py" line="1028" name="test_axpy_wrong_coefficients[compatible_vector_array_pair0-&lt;lambda&gt;18]" time="0.0026056766510009766"></testcase><testcase classname="src.pymortests.vectorarray" file="src/pymortests/vectorarray.py" line="1028" name="test_axpy_wrong_coefficients[compatible_vector_array_pair0-&lt;lambda&gt;19]" time="0.0020513534545898438"></testcase><testcase classname="src.pymortests.vectorarray" file="src/pymortests/vectorarray.py" line="1028" name="test_axpy_wrong_coefficients[compatible_vector_array_pair0-&lt;lambda&gt;20]" time="0.02753901481628418"></testcase><testcase classname="src.pymortests.vectorarray" file="src/pymortests/vectorarray.py" line="1028" name="test_axpy_wrong_coefficients[compatible_vector_array_pair0-&lt;lambda&gt;21]" time="0.015864849090576172"></testcase><testcase classname="src.pymortests.vectorarray" file="src/pymortests/vectorarray.py" line="1028" name="test_axpy_wrong_coefficients[compatible_vector_array_pair0-&lt;lambda&gt;22]" time="0.04471731185913086"></testcase><testcase classname="src.pymortests.vectorarray" file="src/pymortests/vectorarray.py" line="1028" name="test_axpy_wrong_coefficients[compatible_vector_array_pair0-&lt;lambda&gt;23]" time="0.007652759552001953"></testcase><testcase classname="src.pymortests.vectorarray" file="src/pymortests/vectorarray.py" line="1028" name="test_axpy_wrong_coefficients[compatible_vector_array_pair0-&lt;lambda&gt;24]" time="0.0025022029876708984"></testcase><testcase classname="src.pymortests.vectorarray" file="src/pymortests/vectorarray.py" line="1028" name="test_axpy_wrong_coefficients[compatible_vector_array_pair0-&lt;lambda&gt;25]" time="0.0023412704467773438"></testcase><testcase classname="src.pymortests.vectorarray" file="src/pymortests/vectorarray.py" line="1028" name="test_axpy_wrong_coefficients[compatible_vector_array_pair0-&lt;lambda&gt;26]" time="0.024250507354736328"></testcase><testcase classname="src.pymortests.vectorarray" file="src/pymortests/vectorarray.py" line="1028" name="test_axpy_wrong_coefficients[compatible_vector_array_pair0-&lt;lambda&gt;27]" time="0.03312182426452637"></testcase><testcase classname="src.pymortests.vectorarray" file="src/pymortests/vectorarray.py" line="1028" name="test_axpy_wrong_coefficients[compatible_vector_array_pair0-&lt;lambda&gt;28]" time="0.11949682235717773"></testcase><testcase classname="src.pymortests.vectorarray" file="src/pymortests/vectorarray.py" line="1028" name="test_axpy_wrong_coefficients[compatible_vector_array_pair0-&lt;lambda&gt;29]" time="0.008880853652954102"></testcase><testcase classname="src.pymortests.vectorarray" file="src/pymortests/vectorarray.py" line="1028" name="test_axpy_wrong_coefficients[compatible_vector_array_pair1-&lt;lambda&gt;0]" time="0.0026123523712158203"></testcase><testcase classname="src.pymortests.vectorarray" file="src/pymortests/vectorarray.py" line="1028" name="test_axpy_wrong_coefficients[compatible_vector_array_pair1-&lt;lambda&gt;1]" time="0.0015063285827636719"></testcase><testcase classname="src.pymortests.vectorarray" file="src/pymortests/vectorarray.py" line="1028" name="test_axpy_wrong_coefficients[compatible_vector_array_pair1-&lt;lambda&gt;2]" time="0.003261566162109375"></testcase><testcase classname="src.pymortests.vectorarray" file="src/pymortests/vectorarray.py" line="1028" name="test_axpy_wrong_coefficients[compatible_vector_array_pair1-&lt;lambda&gt;3]" time="0.003522157669067383"></testcase><testcase classname="src.pymortests.vectorarray" file="src/pymortests/vectorarray.py" line="1028" name="test_axpy_wrong_coefficients[compatible_vector_array_pair1-&lt;lambda&gt;4]" time="0.005719661712646484"></testcase><testcase classname="src.pymortests.vectorarray" file="src/pymortests/vectorarray.py" line="1028" name="test_axpy_wrong_coefficients[compatible_vector_array_pair1-&lt;lambda&gt;5]" time="0.004162788391113281"></testcase><testcase classname="src.pymortests.vectorarray" file="src/pymortests/vectorarray.py" line="1028" name="test_axpy_wrong_coefficients[compatible_vector_array_pair1-&lt;lambda&gt;6]" time="0.0017628669738769531"></testcase><testcase classname="src.pymortests.vectorarray" file="src/pymortests/vectorarray.py" line="1028" name="test_axpy_wrong_coefficients[compatible_vector_array_pair1-&lt;lambda&gt;7]" time="0.0013899803161621094"></testcase><testcase classname="src.pymortests.vectorarray" file="src/pymortests/vectorarray.py" line="1028" name="test_axpy_wrong_coefficients[compatible_vector_array_pair1-&lt;lambda&gt;8]" time="0.0034394264221191406"></testcase><testcase classname="src.pymortests.vectorarray" file="src/pymortests/vectorarray.py" line="1028" name="test_axpy_wrong_coefficients[compatible_vector_array_pair1-&lt;lambda&gt;9]" time="0.003698110580444336"></testcase><testcase classname="src.pymortests.vectorarray" file="src/pymortests/vectorarray.py" line="1028" name="test_axpy_wrong_coefficients[compatible_vector_array_pair1-&lt;lambda&gt;10]" time="0.007342100143432617"></testcase><testcase classname="src.pymortests.vectorarray" file="src/pymortests/vectorarray.py" line="1028" name="test_axpy_wrong_coefficients[compatible_vector_array_pair1-&lt;lambda&gt;11]" time="0.004407644271850586"></testcase><testcase classname="src.pymortests.vectorarray" file="src/pymortests/vectorarray.py" line="1028" name="test_axpy_wrong_coefficients[compatible_vector_array_pair1-&lt;lambda&gt;12]" time="0.002236604690551758"></testcase><testcase classname="src.pymortests.vectorarray" file="src/pymortests/vectorarray.py" line="1028" name="test_axpy_wrong_coefficients[compatible_vector_array_pair1-&lt;lambda&gt;13]" time="0.0017192363739013672"></testcase><testcase classname="src.pymortests.vectorarray" file="src/pymortests/vectorarray.py" line="1028" name="test_axpy_wrong_coefficients[compatible_vector_array_pair1-&lt;lambda&gt;14]" time="0.0036246776580810547"></testcase><testcase classname="src.pymortests.vectorarray" file="src/pymortests/vectorarray.py" line="1028" name="test_axpy_wrong_coefficients[compatible_vector_array_pair1-&lt;lambda&gt;15]" time="0.004821062088012695"></testcase><testcase classname="src.pymortests.vectorarray" file="src/pymortests/vectorarray.py" line="1028" name="test_axpy_wrong_coefficients[compatible_vector_array_pair1-&lt;lambda&gt;16]" time="0.005615711212158203"></testcase><testcase classname="src.pymortests.vectorarray" file="src/pymortests/vectorarray.py" line="1028" name="test_axpy_wrong_coefficients[compatible_vector_array_pair1-&lt;lambda&gt;17]" time="0.017265796661376953"></testcase><testcase classname="src.pymortests.vectorarray" file="src/pymortests/vectorarray.py" line="1028" name="test_axpy_wrong_coefficients[compatible_vector_array_pair1-&lt;lambda&gt;18]" time="0.00384521484375"></testcase><testcase classname="src.pymortests.vectorarray" file="src/pymortests/vectorarray.py" line="1028" name="test_axpy_wrong_coefficients[compatible_vector_array_pair1-&lt;lambda&gt;19]" time="0.0023193359375"></testcase><testcase classname="src.pymortests.vectorarray" file="src/pymortests/vectorarray.py" line="1028" name="test_axpy_wrong_coefficients[compatible_vector_array_pair1-&lt;lambda&gt;20]" time="0.028522968292236328"></testcase><testcase classname="src.pymortests.vectorarray" file="src/pymortests/vectorarray.py" line="1028" name="test_axpy_wrong_coefficients[compatible_vector_array_pair1-&lt;lambda&gt;21]" time="0.016319751739501953"></testcase><testcase classname="src.pymortests.vectorarray" file="src/pymortests/vectorarray.py" line="1028" name="test_axpy_wrong_coefficients[compatible_vector_array_pair1-&lt;lambda&gt;22]" time="0.04731464385986328"></testcase><testcase classname="src.pymortests.vectorarray" file="src/pymortests/vectorarray.py" line="1028" name="test_axpy_wrong_coefficients[compatible_vector_array_pair1-&lt;lambda&gt;23]" time="0.0068912506103515625"></testcase><testcase classname="src.pymortests.vectorarray" file="src/pymortests/vectorarray.py" line="1028" name="test_axpy_wrong_coefficients[compatible_vector_array_pair1-&lt;lambda&gt;24]" time="0.0027260780334472656"></testcase><testcase classname="src.pymortests.vectorarray" file="src/pymortests/vectorarray.py" line="1028" name="test_axpy_wrong_coefficients[compatible_vector_array_pair1-&lt;lambda&gt;25]" time="0.0026183128356933594"></testcase><testcase classname="src.pymortests.vectorarray" file="src/pymortests/vectorarray.py" line="1028" name="test_axpy_wrong_coefficients[compatible_vector_array_pair1-&lt;lambda&gt;26]" time="0.024951696395874023"></testcase><testcase classname="src.pymortests.vectorarray" file="src/pymortests/vectorarray.py" line="1028" name="test_axpy_wrong_coefficients[compatible_vector_array_pair1-&lt;lambda&gt;27]" time="0.03580808639526367"></testcase><testcase classname="src.pymortests.vectorarray" file="src/pymortests/vectorarray.py" line="1028" name="test_axpy_wrong_coefficients[compatible_vector_array_pair1-&lt;lambda&gt;28]" time="0.12183809280395508"></testcase><testcase classname="src.pymortests.vectorarray" file="src/pymortests/vectorarray.py" line="1028" name="test_axpy_wrong_coefficients[compatible_vector_array_pair1-&lt;lambda&gt;29]" time="0.008671760559082031"></testcase><testcase classname="src.pymortests.vectorarray" file="src/pymortests/vectorarray.py" line="1028" name="test_axpy_wrong_coefficients[compatible_vector_array_pair2-&lt;lambda&gt;0]" time="0.0026183128356933594"></testcase><testcase classname="src.pymortests.vectorarray" file="src/pymortests/vectorarray.py" line="1028" name="test_axpy_wrong_coefficients[compatible_vector_array_pair2-&lt;lambda&gt;1]" time="0.0015628337860107422"></testcase><testcase classname="src.pymortests.vectorarray" file="src/pymortests/vectorarray.py" line="1028" name="test_axpy_wrong_coefficients[compatible_vector_array_pair2-&lt;lambda&gt;2]" time="0.0033371448516845703"></testcase><testcase classname="src.pymortests.vectorarray" file="src/pymortests/vectorarray.py" line="1028" name="test_axpy_wrong_coefficients[compatible_vector_array_pair2-&lt;lambda&gt;3]" time="0.0035293102264404297"></testcase><testcase classname="src.pymortests.vectorarray" file="src/pymortests/vectorarray.py" line="1028" name="test_axpy_wrong_coefficients[compatible_vector_array_pair2-&lt;lambda&gt;4]" time="0.005959749221801758"></testcase><testcase classname="src.pymortests.vectorarray" file="src/pymortests/vectorarray.py" line="1028" name="test_axpy_wrong_coefficients[compatible_vector_array_pair2-&lt;lambda&gt;5]" time="0.004510402679443359"></testcase><testcase classname="src.pymortests.vectorarray" file="src/pymortests/vectorarray.py" line="1028" name="test_axpy_wrong_coefficients[compatible_vector_array_pair2-&lt;lambda&gt;6]" time="0.0018420219421386719"></testcase><testcase classname="src.pymortests.vectorarray" file="src/pymortests/vectorarray.py" line="1028" name="test_axpy_wrong_coefficients[compatible_vector_array_pair2-&lt;lambda&gt;7]" time="0.0014498233795166016"></testcase><testcase classname="src.pymortests.vectorarray" file="src/pymortests/vectorarray.py" line="1028" name="test_axpy_wrong_coefficients[compatible_vector_array_pair2-&lt;lambda&gt;8]" time="0.0036406517028808594"></testcase><testcase classname="src.pymortests.vectorarray" file="src/pymortests/vectorarray.py" line="1028" name="test_axpy_wrong_coefficients[compatible_vector_array_pair2-&lt;lambda&gt;9]" time="0.004151105880737305"></testcase><testcase classname="src.pymortests.vectorarray" file="src/pymortests/vectorarray.py" line="1028" name="test_axpy_wrong_coefficients[compatible_vector_array_pair2-&lt;lambda&gt;10]" time="0.007927417755126953"></testcase><testcase classname="src.pymortests.vectorarray" file="src/pymortests/vectorarray.py" line="1028" name="test_axpy_wrong_coefficients[compatible_vector_array_pair2-&lt;lambda&gt;11]" time="0.004507303237915039"></testcase><testcase classname="src.pymortests.vectorarray" file="src/pymortests/vectorarray.py" line="1028" name="test_axpy_wrong_coefficients[compatible_vector_array_pair2-&lt;lambda&gt;12]" time="0.0023593902587890625"></testcase><testcase classname="src.pymortests.vectorarray" file="src/pymortests/vectorarray.py" line="1028" name="test_axpy_wrong_coefficients[compatible_vector_array_pair2-&lt;lambda&gt;13]" time="0.0017848014831542969"></testcase><testcase classname="src.pymortests.vectorarray" file="src/pymortests/vectorarray.py" line="1028" name="test_axpy_wrong_coefficients[compatible_vector_array_pair2-&lt;lambda&gt;14]" time="0.003995180130004883"></testcase><testcase classname="src.pymortests.vectorarray" file="src/pymortests/vectorarray.py" line="1028" name="test_axpy_wrong_coefficients[compatible_vector_array_pair2-&lt;lambda&gt;15]" time="0.004940986633300781"></testcase><testcase classname="src.pymortests.vectorarray" file="src/pymortests/vectorarray.py" line="1028" name="test_axpy_wrong_coefficients[compatible_vector_array_pair2-&lt;lambda&gt;16]" time="0.005734920501708984"></testcase><testcase classname="src.pymortests.vectorarray" file="src/pymortests/vectorarray.py" line="1028" name="test_axpy_wrong_coefficients[compatible_vector_array_pair2-&lt;lambda&gt;17]" time="0.011199712753295898"></testcase><testcase classname="src.pymortests.vectorarray" file="src/pymortests/vectorarray.py" line="1028" name="test_axpy_wrong_coefficients[compatible_vector_array_pair2-&lt;lambda&gt;18]" time="0.003945589065551758"></testcase><testcase classname="src.pymortests.vectorarray" file="src/pymortests/vectorarray.py" line="1028" name="test_axpy_wrong_coefficients[compatible_vector_array_pair2-&lt;lambda&gt;19]" time="0.002621889114379883"></testcase><testcase classname="src.pymortests.vectorarray" file="src/pymortests/vectorarray.py" line="1028" name="test_axpy_wrong_coefficients[compatible_vector_array_pair2-&lt;lambda&gt;20]" time="0.029253005981445312"></testcase><testcase classname="src.pymortests.vectorarray" file="src/pymortests/vectorarray.py" line="1028" name="test_axpy_wrong_coefficients[compatible_vector_array_pair2-&lt;lambda&gt;21]" time="0.015870332717895508"></testcase><testcase classname="src.pymortests.vectorarray" file="src/pymortests/vectorarray.py" line="1028" name="test_axpy_wrong_coefficients[compatible_vector_array_pair2-&lt;lambda&gt;22]" time="0.04808306694030762"></testcase><testcase classname="src.pymortests.vectorarray" file="src/pymortests/vectorarray.py" line="1028" name="test_axpy_wrong_coefficients[compatible_vector_array_pair2-&lt;lambda&gt;23]" time="0.007398128509521484"></testcase><testcase classname="src.pymortests.vectorarray" file="src/pymortests/vectorarray.py" line="1028" name="test_axpy_wrong_coefficients[compatible_vector_array_pair2-&lt;lambda&gt;24]" time="0.0027124881744384766"></testcase><testcase classname="src.pymortests.vectorarray" file="src/pymortests/vectorarray.py" line="1028" name="test_axpy_wrong_coefficients[compatible_vector_array_pair2-&lt;lambda&gt;25]" time="0.0025186538696289062"></testcase><testcase classname="src.pymortests.vectorarray" file="src/pymortests/vectorarray.py" line="1028" name="test_axpy_wrong_coefficients[compatible_vector_array_pair2-&lt;lambda&gt;26]" time="0.025110244750976562"></testcase><testcase classname="src.pymortests.vectorarray" file="src/pymortests/vectorarray.py" line="1028" name="test_axpy_wrong_coefficients[compatible_vector_array_pair2-&lt;lambda&gt;27]" time="0.03354144096374512"></testcase><testcase classname="src.pymortests.vectorarray" file="src/pymortests/vectorarray.py" line="1028" name="test_axpy_wrong_coefficients[compatible_vector_array_pair2-&lt;lambda&gt;28]" time="0.11431336402893066"></testcase><testcase classname="src.pymortests.vectorarray" file="src/pymortests/vectorarray.py" line="1028" name="test_axpy_wrong_coefficients[compatible_vector_array_pair2-&lt;lambda&gt;29]" time="0.008594512939453125"></testcase><testcase classname="src.pymortests.vectorarray" file="src/pymortests/vectorarray.py" line="1028" name="test_axpy_wrong_coefficients[compatible_vector_array_pair3-&lt;lambda&gt;0]" time="0.002583026885986328"></testcase><testcase classname="src.pymortests.vectorarray" file="src/pymortests/vectorarray.py" line="1028" name="test_axpy_wrong_coefficients[compatible_vector_array_pair3-&lt;lambda&gt;1]" time="0.0013773441314697266"></testcase><testcase classname="src.pymortests.vectorarray" file="src/pymortests/vectorarray.py" line="1028" name="test_axpy_wrong_coefficients[compatible_vector_array_pair3-&lt;lambda&gt;2]" time="0.0031921863555908203"></testcase><testcase classname="src.pymortests.vectorarray" file="src/pymortests/vectorarray.py" line="1028" name="test_axpy_wrong_coefficients[compatible_vector_array_pair3-&lt;lambda&gt;3]" time="0.003465414047241211"></testcase><testcase classname="src.pymortests.vectorarray" file="src/pymortests/vectorarray.py" line="1028" name="test_axpy_wrong_coefficients[compatible_vector_array_pair3-&lt;lambda&gt;4]" time="0.005717754364013672"></testcase><testcase classname="src.pymortests.vectorarray" file="src/pymortests/vectorarray.py" line="1028" name="test_axpy_wrong_coefficients[compatible_vector_array_pair3-&lt;lambda&gt;5]" time="0.004066944122314453"></testcase><testcase classname="src.pymortests.vectorarray" file="src/pymortests/vectorarray.py" line="1028" name="test_axpy_wrong_coefficients[compatible_vector_array_pair3-&lt;lambda&gt;6]" time="0.001786947250366211"></testcase><testcase classname="src.pymortests.vectorarray" file="src/pymortests/vectorarray.py" line="1028" name="test_axpy_wrong_coefficients[compatible_vector_array_pair3-&lt;lambda&gt;7]" time="0.0013034343719482422"></testcase><testcase classname="src.pymortests.vectorarray" file="src/pymortests/vectorarray.py" line="1028" name="test_axpy_wrong_coefficients[compatible_vector_array_pair3-&lt;lambda&gt;8]" time="0.0034296512603759766"></testcase><testcase classname="src.pymortests.vectorarray" file="src/pymortests/vectorarray.py" line="1028" name="test_axpy_wrong_coefficients[compatible_vector_array_pair3-&lt;lambda&gt;9]" time="0.003907680511474609"></testcase><testcase classname="src.pymortests.vectorarray" file="src/pymortests/vectorarray.py" line="1028" name="test_axpy_wrong_coefficients[compatible_vector_array_pair3-&lt;lambda&gt;10]" time="0.00733184814453125"></testcase><testcase classname="src.pymortests.vectorarray" file="src/pymortests/vectorarray.py" line="1028" name="test_axpy_wrong_coefficients[compatible_vector_array_pair3-&lt;lambda&gt;11]" time="0.0044002532958984375"></testcase><testcase classname="src.pymortests.vectorarray" file="src/pymortests/vectorarray.py" line="1028" name="test_axpy_wrong_coefficients[compatible_vector_array_pair3-&lt;lambda&gt;12]" time="0.0021657943725585938"></testcase><testcase classname="src.pymortests.vectorarray" file="src/pymortests/vectorarray.py" line="1028" name="test_axpy_wrong_coefficients[compatible_vector_array_pair3-&lt;lambda&gt;13]" time="0.001573324203491211"></testcase><testcase classname="src.pymortests.vectorarray" file="src/pymortests/vectorarray.py" line="1028" name="test_axpy_wrong_coefficients[compatible_vector_array_pair3-&lt;lambda&gt;14]" time="0.003511190414428711"></testcase><testcase classname="src.pymortests.vectorarray" file="src/pymortests/vectorarray.py" line="1028" name="test_axpy_wrong_coefficients[compatible_vector_array_pair3-&lt;lambda&gt;15]" time="0.004485368728637695"></testcase><testcase classname="src.pymortests.vectorarray" file="src/pymortests/vectorarray.py" line="1028" name="test_axpy_wrong_coefficients[compatible_vector_array_pair3-&lt;lambda&gt;16]" time="0.00561213493347168"></testcase><testcase classname="src.pymortests.vectorarray" file="src/pymortests/vectorarray.py" line="1028" name="test_axpy_wrong_coefficients[compatible_vector_array_pair3-&lt;lambda&gt;17]" time="0.010235309600830078"></testcase><testcase classname="src.pymortests.vectorarray" file="src/pymortests/vectorarray.py" line="1028" name="test_axpy_wrong_coefficients[compatible_vector_array_pair3-&lt;lambda&gt;18]" time="0.002591371536254883"></testcase><testcase classname="src.pymortests.vectorarray" file="src/pymortests/vectorarray.py" line="1028" name="test_axpy_wrong_coefficients[compatible_vector_array_pair3-&lt;lambda&gt;19]" time="0.002241373062133789"></testcase><testcase classname="src.pymortests.vectorarray" file="src/pymortests/vectorarray.py" line="1028" name="test_axpy_wrong_coefficients[compatible_vector_array_pair3-&lt;lambda&gt;20]" time="0.02776622772216797"></testcase><testcase classname="src.pymortests.vectorarray" file="src/pymortests/vectorarray.py" line="1028" name="test_axpy_wrong_coefficients[compatible_vector_array_pair3-&lt;lambda&gt;21]" time="0.015453100204467773"></testcase><testcase classname="src.pymortests.vectorarray" file="src/pymortests/vectorarray.py" line="1028" name="test_axpy_wrong_coefficients[compatible_vector_array_pair3-&lt;lambda&gt;22]" time="0.045619964599609375"></testcase><testcase classname="src.pymortests.vectorarray" file="src/pymortests/vectorarray.py" line="1028" name="test_axpy_wrong_coefficients[compatible_vector_array_pair3-&lt;lambda&gt;23]" time="0.007061004638671875"></testcase><testcase classname="src.pymortests.vectorarray" file="src/pymortests/vectorarray.py" line="1028" name="test_axpy_wrong_coefficients[compatible_vector_array_pair3-&lt;lambda&gt;24]" time="0.002572298049926758"></testcase><testcase classname="src.pymortests.vectorarray" file="src/pymortests/vectorarray.py" line="1028" name="test_axpy_wrong_coefficients[compatible_vector_array_pair3-&lt;lambda&gt;25]" time="0.0024497509002685547"></testcase><testcase classname="src.pymortests.vectorarray" file="src/pymortests/vectorarray.py" line="1028" name="test_axpy_wrong_coefficients[compatible_vector_array_pair3-&lt;lambda&gt;26]" time="0.024328947067260742"></testcase><testcase classname="src.pymortests.vectorarray" file="src/pymortests/vectorarray.py" line="1028" name="test_axpy_wrong_coefficients[compatible_vector_array_pair3-&lt;lambda&gt;27]" time="0.033457040786743164"></testcase><testcase classname="src.pymortests.vectorarray" file="src/pymortests/vectorarray.py" line="1028" name="test_axpy_wrong_coefficients[compatible_vector_array_pair3-&lt;lambda&gt;28]" time="0.1169891357421875"></testcase><testcase classname="src.pymortests.vectorarray" file="src/pymortests/vectorarray.py" line="1028" name="test_axpy_wrong_coefficients[compatible_vector_array_pair3-&lt;lambda&gt;29]" time="0.008787393569946289"></testcase><testcase classname="src.pymortests.vectorarray" file="src/pymortests/vectorarray.py" line="1028" name="test_axpy_wrong_coefficients[compatible_vector_array_pair4-&lt;lambda&gt;0]" time="0.002720355987548828"></testcase><testcase classname="src.pymortests.vectorarray" file="src/pymortests/vectorarray.py" line="1028" name="test_axpy_wrong_coefficients[compatible_vector_array_pair4-&lt;lambda&gt;1]" time="0.0015246868133544922"></testcase><testcase classname="src.pymortests.vectorarray" file="src/pymortests/vectorarray.py" line="1028" name="test_axpy_wrong_coefficients[compatible_vector_array_pair4-&lt;lambda&gt;2]" time="0.0032231807708740234"></testcase><testcase classname="src.pymortests.vectorarray" file="src/pymortests/vectorarray.py" line="1028" name="test_axpy_wrong_coefficients[compatible_vector_array_pair4-&lt;lambda&gt;3]" time="0.0036008358001708984"></testcase><testcase classname="src.pymortests.vectorarray" file="src/pymortests/vectorarray.py" line="1028" name="test_axpy_wrong_coefficients[compatible_vector_array_pair4-&lt;lambda&gt;4]" time="0.006010293960571289"></testcase><testcase classname="src.pymortests.vectorarray" file="src/pymortests/vectorarray.py" line="1028" name="test_axpy_wrong_coefficients[compatible_vector_array_pair4-&lt;lambda&gt;5]" time="0.00426936149597168"></testcase><testcase classname="src.pymortests.vectorarray" file="src/pymortests/vectorarray.py" line="1028" name="test_axpy_wrong_coefficients[compatible_vector_array_pair4-&lt;lambda&gt;6]" time="0.0018239021301269531"></testcase><testcase classname="src.pymortests.vectorarray" file="src/pymortests/vectorarray.py" line="1028" name="test_axpy_wrong_coefficients[compatible_vector_array_pair4-&lt;lambda&gt;7]" time="0.001420736312866211"></testcase><testcase classname="src.pymortests.vectorarray" file="src/pymortests/vectorarray.py" line="1028" name="test_axpy_wrong_coefficients[compatible_vector_array_pair4-&lt;lambda&gt;8]" time="0.003580331802368164"></testcase><testcase classname="src.pymortests.vectorarray" file="src/pymortests/vectorarray.py" line="1028" name="test_axpy_wrong_coefficients[compatible_vector_array_pair4-&lt;lambda&gt;9]" time="0.004521369934082031"></testcase><testcase classname="src.pymortests.vectorarray" file="src/pymortests/vectorarray.py" line="1028" name="test_axpy_wrong_coefficients[compatible_vector_array_pair4-&lt;lambda&gt;10]" time="0.008762836456298828"></testcase><testcase classname="src.pymortests.vectorarray" file="src/pymortests/vectorarray.py" line="1028" name="test_axpy_wrong_coefficients[compatible_vector_array_pair4-&lt;lambda&gt;11]" time="0.0045223236083984375"></testcase><testcase classname="src.pymortests.vectorarray" file="src/pymortests/vectorarray.py" line="1028" name="test_axpy_wrong_coefficients[compatible_vector_array_pair4-&lt;lambda&gt;12]" time="0.0025663375854492188"></testcase><testcase classname="src.pymortests.vectorarray" file="src/pymortests/vectorarray.py" line="1028" name="test_axpy_wrong_coefficients[compatible_vector_array_pair4-&lt;lambda&gt;13]" time="0.0017828941345214844"></testcase><testcase classname="src.pymortests.vectorarray" file="src/pymortests/vectorarray.py" line="1028" name="test_axpy_wrong_coefficients[compatible_vector_array_pair4-&lt;lambda&gt;14]" time="0.004072904586791992"></testcase><testcase classname="src.pymortests.vectorarray" file="src/pymortests/vectorarray.py" line="1028" name="test_axpy_wrong_coefficients[compatible_vector_array_pair4-&lt;lambda&gt;15]" time="0.005013465881347656"></testcase><testcase classname="src.pymortests.vectorarray" file="src/pymortests/vectorarray.py" line="1028" name="test_axpy_wrong_coefficients[compatible_vector_array_pair4-&lt;lambda&gt;16]" time="0.005898714065551758"></testcase><testcase classname="src.pymortests.vectorarray" file="src/pymortests/vectorarray.py" line="1028" name="test_axpy_wrong_coefficients[compatible_vector_array_pair4-&lt;lambda&gt;17]" time="0.010822534561157227"></testcase><testcase classname="src.pymortests.vectorarray" file="src/pymortests/vectorarray.py" line="1028" name="test_axpy_wrong_coefficients[compatible_vector_array_pair4-&lt;lambda&gt;18]" time="0.0027115345001220703"></testcase><testcase classname="src.pymortests.vectorarray" file="src/pymortests/vectorarray.py" line="1028" name="test_axpy_wrong_coefficients[compatible_vector_array_pair4-&lt;lambda&gt;19]" time="0.002505064010620117"></testcase><testcase classname="src.pymortests.vectorarray" file="src/pymortests/vectorarray.py" line="1028" name="test_axpy_wrong_coefficients[compatible_vector_array_pair4-&lt;lambda&gt;20]" time="0.02851557731628418"></testcase><testcase classname="src.pymortests.vectorarray" file="src/pymortests/vectorarray.py" line="1028" name="test_axpy_wrong_coefficients[compatible_vector_array_pair4-&lt;lambda&gt;21]" time="0.015674352645874023"></testcase><testcase classname="src.pymortests.vectorarray" file="src/pymortests/vectorarray.py" line="1028" name="test_axpy_wrong_coefficients[compatible_vector_array_pair4-&lt;lambda&gt;22]" time="0.046430110931396484"></testcase><testcase classname="src.pymortests.vectorarray" file="src/pymortests/vectorarray.py" line="1028" name="test_axpy_wrong_coefficients[compatible_vector_array_pair4-&lt;lambda&gt;23]" time="0.007131338119506836"></testcase><testcase classname="src.pymortests.vectorarray" file="src/pymortests/vectorarray.py" line="1028" name="test_axpy_wrong_coefficients[compatible_vector_array_pair4-&lt;lambda&gt;24]" time="0.0026273727416992188"></testcase><testcase classname="src.pymortests.vectorarray" file="src/pymortests/vectorarray.py" line="1028" name="test_axpy_wrong_coefficients[compatible_vector_array_pair4-&lt;lambda&gt;25]" time="0.002396821975708008"></testcase><testcase classname="src.pymortests.vectorarray" file="src/pymortests/vectorarray.py" line="1028" name="test_axpy_wrong_coefficients[compatible_vector_array_pair4-&lt;lambda&gt;26]" time="0.025202274322509766"></testcase><testcase classname="src.pymortests.vectorarray" file="src/pymortests/vectorarray.py" line="1028" name="test_axpy_wrong_coefficients[compatible_vector_array_pair4-&lt;lambda&gt;27]" time="0.03385281562805176"></testcase><testcase classname="src.pymortests.vectorarray" file="src/pymortests/vectorarray.py" line="1028" name="test_axpy_wrong_coefficients[compatible_vector_array_pair4-&lt;lambda&gt;28]" time="0.11632776260375977"></testcase><testcase classname="src.pymortests.vectorarray" file="src/pymortests/vectorarray.py" line="1028" name="test_axpy_wrong_coefficients[compatible_vector_array_pair4-&lt;lambda&gt;29]" time="0.008757352828979492"></testcase><testcase classname="src.pymortests.vectorarray" file="src/pymortests/vectorarray.py" line="1028" name="test_axpy_wrong_coefficients[compatible_vector_array_pair5-&lt;lambda&gt;0]" time="0.002747774124145508"></testcase><testcase classname="src.pymortests.vectorarray" file="src/pymortests/vectorarray.py" line="1028" name="test_axpy_wrong_coefficients[compatible_vector_array_pair5-&lt;lambda&gt;1]" time="0.001535177230834961"></testcase><testcase classname="src.pymortests.vectorarray" file="src/pymortests/vectorarray.py" line="1028" name="test_axpy_wrong_coefficients[compatible_vector_array_pair5-&lt;lambda&gt;2]" time="0.003423929214477539"></testcase><testcase classname="src.pymortests.vectorarray" file="src/pymortests/vectorarray.py" line="1028" name="test_axpy_wrong_coefficients[compatible_vector_array_pair5-&lt;lambda&gt;3]" time="0.0035834312438964844"></testcase><testcase classname="src.pymortests.vectorarray" file="src/pymortests/vectorarray.py" line="1028" name="test_axpy_wrong_coefficients[compatible_vector_array_pair5-&lt;lambda&gt;4]" time="0.00617218017578125"></testcase><testcase classname="src.pymortests.vectorarray" file="src/pymortests/vectorarray.py" line="1028" name="test_axpy_wrong_coefficients[compatible_vector_array_pair5-&lt;lambda&gt;5]" time="0.0040132999420166016"></testcase><testcase classname="src.pymortests.vectorarray" file="src/pymortests/vectorarray.py" line="1028" name="test_axpy_wrong_coefficients[compatible_vector_array_pair5-&lt;lambda&gt;6]" time="0.0017712116241455078"></testcase><testcase classname="src.pymortests.vectorarray" file="src/pymortests/vectorarray.py" line="1028" name="test_axpy_wrong_coefficients[compatible_vector_array_pair5-&lt;lambda&gt;7]" time="0.0013594627380371094"></testcase><testcase classname="src.pymortests.vectorarray" file="src/pymortests/vectorarray.py" line="1028" name="test_axpy_wrong_coefficients[compatible_vector_array_pair5-&lt;lambda&gt;8]" time="0.003459453582763672"></testcase><testcase classname="src.pymortests.vectorarray" file="src/pymortests/vectorarray.py" line="1028" name="test_axpy_wrong_coefficients[compatible_vector_array_pair5-&lt;lambda&gt;9]" time="0.00413823127746582"></testcase><testcase classname="src.pymortests.vectorarray" file="src/pymortests/vectorarray.py" line="1028" name="test_axpy_wrong_coefficients[compatible_vector_array_pair5-&lt;lambda&gt;10]" time="0.008038520812988281"></testcase><testcase classname="src.pymortests.vectorarray" file="src/pymortests/vectorarray.py" line="1028" name="test_axpy_wrong_coefficients[compatible_vector_array_pair5-&lt;lambda&gt;11]" time="0.004366874694824219"></testcase><testcase classname="src.pymortests.vectorarray" file="src/pymortests/vectorarray.py" line="1028" name="test_axpy_wrong_coefficients[compatible_vector_array_pair5-&lt;lambda&gt;12]" time="0.0023081302642822266"></testcase><testcase classname="src.pymortests.vectorarray" file="src/pymortests/vectorarray.py" line="1028" name="test_axpy_wrong_coefficients[compatible_vector_array_pair5-&lt;lambda&gt;13]" time="0.0018553733825683594"></testcase><testcase classname="src.pymortests.vectorarray" file="src/pymortests/vectorarray.py" line="1028" name="test_axpy_wrong_coefficients[compatible_vector_array_pair5-&lt;lambda&gt;14]" time="0.0036754608154296875"></testcase><testcase classname="src.pymortests.vectorarray" file="src/pymortests/vectorarray.py" line="1028" name="test_axpy_wrong_coefficients[compatible_vector_array_pair5-&lt;lambda&gt;15]" time="0.004832267761230469"></testcase><testcase classname="src.pymortests.vectorarray" file="src/pymortests/vectorarray.py" line="1028" name="test_axpy_wrong_coefficients[compatible_vector_array_pair5-&lt;lambda&gt;16]" time="0.005611896514892578"></testcase><testcase classname="src.pymortests.vectorarray" file="src/pymortests/vectorarray.py" line="1028" name="test_axpy_wrong_coefficients[compatible_vector_array_pair5-&lt;lambda&gt;17]" time="0.010286808013916016"></testcase><testcase classname="src.pymortests.vectorarray" file="src/pymortests/vectorarray.py" line="1028" name="test_axpy_wrong_coefficients[compatible_vector_array_pair5-&lt;lambda&gt;18]" time="0.0029664039611816406"></testcase><testcase classname="src.pymortests.vectorarray" file="src/pymortests/vectorarray.py" line="1028" name="test_axpy_wrong_coefficients[compatible_vector_array_pair5-&lt;lambda&gt;19]" time="0.002485990524291992"></testcase><testcase classname="src.pymortests.vectorarray" file="src/pymortests/vectorarray.py" line="1028" name="test_axpy_wrong_coefficients[compatible_vector_array_pair5-&lt;lambda&gt;20]" time="0.030670642852783203"></testcase><testcase classname="src.pymortests.vectorarray" file="src/pymortests/vectorarray.py" line="1028" name="test_axpy_wrong_coefficients[compatible_vector_array_pair5-&lt;lambda&gt;21]" time="0.017213106155395508"></testcase><testcase classname="src.pymortests.vectorarray" file="src/pymortests/vectorarray.py" line="1028" name="test_axpy_wrong_coefficients[compatible_vector_array_pair5-&lt;lambda&gt;22]" time="0.04676938056945801"></testcase><testcase classname="src.pymortests.vectorarray" file="src/pymortests/vectorarray.py" line="1028" name="test_axpy_wrong_coefficients[compatible_vector_array_pair5-&lt;lambda&gt;23]" time="0.007045745849609375"></testcase><testcase classname="src.pymortests.vectorarray" file="src/pymortests/vectorarray.py" line="1028" name="test_axpy_wrong_coefficients[compatible_vector_array_pair5-&lt;lambda&gt;24]" time="0.0026221275329589844"></testcase><testcase classname="src.pymortests.vectorarray" file="src/pymortests/vectorarray.py" line="1028" name="test_axpy_wrong_coefficients[compatible_vector_array_pair5-&lt;lambda&gt;25]" time="0.0024461746215820312"></testcase><testcase classname="src.pymortests.vectorarray" file="src/pymortests/vectorarray.py" line="1028" name="test_axpy_wrong_coefficients[compatible_vector_array_pair5-&lt;lambda&gt;26]" time="0.03081822395324707"></testcase><testcase classname="src.pymortests.vectorarray" file="src/pymortests/vectorarray.py" line="1028" name="test_axpy_wrong_coefficients[compatible_vector_array_pair5-&lt;lambda&gt;27]" time="0.03325295448303223"></testcase><testcase classname="src.pymortests.vectorarray" file="src/pymortests/vectorarray.py" line="1028" name="test_axpy_wrong_coefficients[compatible_vector_array_pair5-&lt;lambda&gt;28]" time="0.12058186531066895"></testcase><testcase classname="src.pymortests.vectorarray" file="src/pymortests/vectorarray.py" line="1028" name="test_axpy_wrong_coefficients[compatible_vector_array_pair5-&lt;lambda&gt;29]" time="0.008536577224731445"></testcase><testcase classname="src.pymortests.vectorarray" file="src/pymortests/vectorarray.py" line="1028" name="test_axpy_wrong_coefficients[compatible_vector_array_pair6-&lt;lambda&gt;0]" time="0.0025365352630615234"></testcase><testcase classname="src.pymortests.vectorarray" file="src/pymortests/vectorarray.py" line="1028" name="test_axpy_wrong_coefficients[compatible_vector_array_pair6-&lt;lambda&gt;1]" time="0.0014393329620361328"></testcase><testcase classname="src.pymortests.vectorarray" file="src/pymortests/vectorarray.py" line="1028" name="test_axpy_wrong_coefficients[compatible_vector_array_pair6-&lt;lambda&gt;2]" time="0.0031921863555908203"></testcase><testcase classname="src.pymortests.vectorarray" file="src/pymortests/vectorarray.py" line="1028" name="test_axpy_wrong_coefficients[compatible_vector_array_pair6-&lt;lambda&gt;3]" time="0.0034859180450439453"></testcase><testcase classname="src.pymortests.vectorarray" file="src/pymortests/vectorarray.py" line="1028" name="test_axpy_wrong_coefficients[compatible_vector_array_pair6-&lt;lambda&gt;4]" time="0.005803823471069336"></testcase><testcase classname="src.pymortests.vectorarray" file="src/pymortests/vectorarray.py" line="1028" name="test_axpy_wrong_coefficients[compatible_vector_array_pair6-&lt;lambda&gt;5]" time="0.003998994827270508"></testcase><testcase classname="src.pymortests.vectorarray" file="src/pymortests/vectorarray.py" line="1028" name="test_axpy_wrong_coefficients[compatible_vector_array_pair6-&lt;lambda&gt;6]" time="0.0019893646240234375"></testcase><testcase classname="src.pymortests.vectorarray" file="src/pymortests/vectorarray.py" line="1028" name="test_axpy_wrong_coefficients[compatible_vector_array_pair6-&lt;lambda&gt;7]" time="0.0013959407806396484"></testcase><testcase classname="src.pymortests.vectorarray" file="src/pymortests/vectorarray.py" line="1028" name="test_axpy_wrong_coefficients[compatible_vector_array_pair6-&lt;lambda&gt;8]" time="0.003408193588256836"></testcase><testcase classname="src.pymortests.vectorarray" file="src/pymortests/vectorarray.py" line="1028" name="test_axpy_wrong_coefficients[compatible_vector_array_pair6-&lt;lambda&gt;9]" time="0.003979921340942383"></testcase><testcase classname="src.pymortests.vectorarray" file="src/pymortests/vectorarray.py" line="1028" name="test_axpy_wrong_coefficients[compatible_vector_array_pair6-&lt;lambda&gt;10]" time="0.007428407669067383"></testcase><testcase classname="src.pymortests.vectorarray" file="src/pymortests/vectorarray.py" line="1028" name="test_axpy_wrong_coefficients[compatible_vector_array_pair6-&lt;lambda&gt;11]" time="0.0045049190521240234"></testcase><testcase classname="src.pymortests.vectorarray" file="src/pymortests/vectorarray.py" line="1028" name="test_axpy_wrong_coefficients[compatible_vector_array_pair6-&lt;lambda&gt;12]" time="0.0020852088928222656"></testcase><testcase classname="src.pymortests.vectorarray" file="src/pymortests/vectorarray.py" line="1028" name="test_axpy_wrong_coefficients[compatible_vector_array_pair6-&lt;lambda&gt;13]" time="0.0016760826110839844"></testcase><testcase classname="src.pymortests.vectorarray" file="src/pymortests/vectorarray.py" line="1028" name="test_axpy_wrong_coefficients[compatible_vector_array_pair6-&lt;lambda&gt;14]" time="0.0034942626953125"></testcase><testcase classname="src.pymortests.vectorarray" file="src/pymortests/vectorarray.py" line="1028" name="test_axpy_wrong_coefficients[compatible_vector_array_pair6-&lt;lambda&gt;15]" time="0.004560708999633789"></testcase><testcase classname="src.pymortests.vectorarray" file="src/pymortests/vectorarray.py" line="1028" name="test_axpy_wrong_coefficients[compatible_vector_array_pair6-&lt;lambda&gt;16]" time="0.0055005550384521484"></testcase><testcase classname="src.pymortests.vectorarray" file="src/pymortests/vectorarray.py" line="1028" name="test_axpy_wrong_coefficients[compatible_vector_array_pair6-&lt;lambda&gt;17]" time="0.010244369506835938"></testcase><testcase classname="src.pymortests.vectorarray" file="src/pymortests/vectorarray.py" line="1028" name="test_axpy_wrong_coefficients[compatible_vector_array_pair6-&lt;lambda&gt;18]" time="0.0027112960815429688"></testcase><testcase classname="src.pymortests.vectorarray" file="src/pymortests/vectorarray.py" line="1028" name="test_axpy_wrong_coefficients[compatible_vector_array_pair6-&lt;lambda&gt;19]" time="0.0023794174194335938"></testcase><testcase classname="src.pymortests.vectorarray" file="src/pymortests/vectorarray.py" line="1028" name="test_axpy_wrong_coefficients[compatible_vector_array_pair6-&lt;lambda&gt;20]" time="0.028388500213623047"></testcase><testcase classname="src.pymortests.vectorarray" file="src/pymortests/vectorarray.py" line="1028" name="test_axpy_wrong_coefficients[compatible_vector_array_pair6-&lt;lambda&gt;21]" time="0.015533924102783203"></testcase><testcase classname="src.pymortests.vectorarray" file="src/pymortests/vectorarray.py" line="1028" name="test_axpy_wrong_coefficients[compatible_vector_array_pair6-&lt;lambda&gt;22]" time="0.04520535469055176"></testcase><testcase classname="src.pymortests.vectorarray" file="src/pymortests/vectorarray.py" line="1028" name="test_axpy_wrong_coefficients[compatible_vector_array_pair6-&lt;lambda&gt;23]" time="0.006554126739501953"></testcase><testcase classname="src.pymortests.vectorarray" file="src/pymortests/vectorarray.py" line="1028" name="test_axpy_wrong_coefficients[compatible_vector_array_pair6-&lt;lambda&gt;24]" time="0.002560138702392578"></testcase><testcase classname="src.pymortests.vectorarray" file="src/pymortests/vectorarray.py" line="1028" name="test_axpy_wrong_coefficients[compatible_vector_array_pair6-&lt;lambda&gt;25]" time="0.002416849136352539"></testcase><testcase classname="src.pymortests.vectorarray" file="src/pymortests/vectorarray.py" line="1028" name="test_axpy_wrong_coefficients[compatible_vector_array_pair6-&lt;lambda&gt;26]" time="0.024332523345947266"></testcase><testcase classname="src.pymortests.vectorarray" file="src/pymortests/vectorarray.py" line="1028" name="test_axpy_wrong_coefficients[compatible_vector_array_pair6-&lt;lambda&gt;27]" time="0.03369784355163574"></testcase><testcase classname="src.pymortests.vectorarray" file="src/pymortests/vectorarray.py" line="1028" name="test_axpy_wrong_coefficients[compatible_vector_array_pair6-&lt;lambda&gt;28]" time="0.11569857597351074"></testcase><testcase classname="src.pymortests.vectorarray" file="src/pymortests/vectorarray.py" line="1028" name="test_axpy_wrong_coefficients[compatible_vector_array_pair6-&lt;lambda&gt;29]" time="0.008752107620239258"></testcase><testcase classname="src.pymortests.vectorarray" file="src/pymortests/vectorarray.py" line="1028" name="test_axpy_wrong_coefficients[compatible_vector_array_pair7-&lt;lambda&gt;0]" time="0.0027663707733154297"></testcase><testcase classname="src.pymortests.vectorarray" file="src/pymortests/vectorarray.py" line="1028" name="test_axpy_wrong_coefficients[compatible_vector_array_pair7-&lt;lambda&gt;1]" time="0.0015006065368652344"></testcase><testcase classname="src.pymortests.vectorarray" file="src/pymortests/vectorarray.py" line="1028" name="test_axpy_wrong_coefficients[compatible_vector_array_pair7-&lt;lambda&gt;2]" time="0.0036971569061279297"></testcase><testcase classname="src.pymortests.vectorarray" file="src/pymortests/vectorarray.py" line="1028" name="test_axpy_wrong_coefficients[compatible_vector_array_pair7-&lt;lambda&gt;3]" time="0.0036573410034179688"></testcase><testcase classname="src.pymortests.vectorarray" file="src/pymortests/vectorarray.py" line="1028" name="test_axpy_wrong_coefficients[compatible_vector_array_pair7-&lt;lambda&gt;4]" time="0.005770444869995117"></testcase><testcase classname="src.pymortests.vectorarray" file="src/pymortests/vectorarray.py" line="1028" name="test_axpy_wrong_coefficients[compatible_vector_array_pair7-&lt;lambda&gt;5]" time="0.0039997100830078125"></testcase><testcase classname="src.pymortests.vectorarray" file="src/pymortests/vectorarray.py" line="1028" name="test_axpy_wrong_coefficients[compatible_vector_array_pair7-&lt;lambda&gt;6]" time="0.0018634796142578125"></testcase><testcase classname="src.pymortests.vectorarray" file="src/pymortests/vectorarray.py" line="1028" name="test_axpy_wrong_coefficients[compatible_vector_array_pair7-&lt;lambda&gt;7]" time="0.0014159679412841797"></testcase><testcase classname="src.pymortests.vectorarray" file="src/pymortests/vectorarray.py" line="1028" name="test_axpy_wrong_coefficients[compatible_vector_array_pair7-&lt;lambda&gt;8]" time="0.00356292724609375"></testcase><testcase classname="src.pymortests.vectorarray" file="src/pymortests/vectorarray.py" line="1028" name="test_axpy_wrong_coefficients[compatible_vector_array_pair7-&lt;lambda&gt;9]" time="0.004159212112426758"></testcase><testcase classname="src.pymortests.vectorarray" file="src/pymortests/vectorarray.py" line="1028" name="test_axpy_wrong_coefficients[compatible_vector_array_pair7-&lt;lambda&gt;10]" time="0.008041143417358398"></testcase><testcase classname="src.pymortests.vectorarray" file="src/pymortests/vectorarray.py" line="1028" name="test_axpy_wrong_coefficients[compatible_vector_array_pair7-&lt;lambda&gt;11]" time="0.004255533218383789"></testcase><testcase classname="src.pymortests.vectorarray" file="src/pymortests/vectorarray.py" line="1028" name="test_axpy_wrong_coefficients[compatible_vector_array_pair7-&lt;lambda&gt;12]" time="0.002282381057739258"></testcase><testcase classname="src.pymortests.vectorarray" file="src/pymortests/vectorarray.py" line="1028" name="test_axpy_wrong_coefficients[compatible_vector_array_pair7-&lt;lambda&gt;13]" time="0.0019576549530029297"></testcase><testcase classname="src.pymortests.vectorarray" file="src/pymortests/vectorarray.py" line="1028" name="test_axpy_wrong_coefficients[compatible_vector_array_pair7-&lt;lambda&gt;14]" time="0.00395512580871582"></testcase><testcase classname="src.pymortests.vectorarray" file="src/pymortests/vectorarray.py" line="1028" name="test_axpy_wrong_coefficients[compatible_vector_array_pair7-&lt;lambda&gt;15]" time="0.0050487518310546875"></testcase><testcase classname="src.pymortests.vectorarray" file="src/pymortests/vectorarray.py" line="1028" name="test_axpy_wrong_coefficients[compatible_vector_array_pair7-&lt;lambda&gt;16]" time="0.005544900894165039"></testcase><testcase classname="src.pymortests.vectorarray" file="src/pymortests/vectorarray.py" line="1028" name="test_axpy_wrong_coefficients[compatible_vector_array_pair7-&lt;lambda&gt;17]" time="0.010487794876098633"></testcase><testcase classname="src.pymortests.vectorarray" file="src/pymortests/vectorarray.py" line="1028" name="test_axpy_wrong_coefficients[compatible_vector_array_pair7-&lt;lambda&gt;18]" time="0.003570079803466797"></testcase><testcase classname="src.pymortests.vectorarray" file="src/pymortests/vectorarray.py" line="1028" name="test_axpy_wrong_coefficients[compatible_vector_array_pair7-&lt;lambda&gt;19]" time="0.002428770065307617"></testcase><testcase classname="src.pymortests.vectorarray" file="src/pymortests/vectorarray.py" line="1028" name="test_axpy_wrong_coefficients[compatible_vector_array_pair7-&lt;lambda&gt;20]" time="0.028241872787475586"></testcase><testcase classname="src.pymortests.vectorarray" file="src/pymortests/vectorarray.py" line="1028" name="test_axpy_wrong_coefficients[compatible_vector_array_pair7-&lt;lambda&gt;21]" time="0.016142845153808594"></testcase><testcase classname="src.pymortests.vectorarray" file="src/pymortests/vectorarray.py" line="1028" name="test_axpy_wrong_coefficients[compatible_vector_array_pair7-&lt;lambda&gt;22]" time="0.048696041107177734"></testcase><testcase classname="src.pymortests.vectorarray" file="src/pymortests/vectorarray.py" line="1028" name="test_axpy_wrong_coefficients[compatible_vector_array_pair7-&lt;lambda&gt;23]" time="0.0075016021728515625"></testcase><testcase classname="src.pymortests.vectorarray" file="src/pymortests/vectorarray.py" line="1028" name="test_axpy_wrong_coefficients[compatible_vector_array_pair7-&lt;lambda&gt;24]" time="0.0026144981384277344"></testcase><testcase classname="src.pymortests.vectorarray" file="src/pymortests/vectorarray.py" line="1028" name="test_axpy_wrong_coefficients[compatible_vector_array_pair7-&lt;lambda&gt;25]" time="0.0028433799743652344"></testcase><testcase classname="src.pymortests.vectorarray" file="src/pymortests/vectorarray.py" line="1028" name="test_axpy_wrong_coefficients[compatible_vector_array_pair7-&lt;lambda&gt;26]" time="0.026103496551513672"></testcase><testcase classname="src.pymortests.vectorarray" file="src/pymortests/vectorarray.py" line="1028" name="test_axpy_wrong_coefficients[compatible_vector_array_pair7-&lt;lambda&gt;27]" time="0.034253597259521484"></testcase><testcase classname="src.pymortests.vectorarray" file="src/pymortests/vectorarray.py" line="1028" name="test_axpy_wrong_coefficients[compatible_vector_array_pair7-&lt;lambda&gt;28]" time="0.11658000946044922"></testcase><testcase classname="src.pymortests.vectorarray" file="src/pymortests/vectorarray.py" line="1028" name="test_axpy_wrong_coefficients[compatible_vector_array_pair7-&lt;lambda&gt;29]" time="0.008881330490112305"></testcase><testcase classname="src.pymortests.vectorarray" file="src/pymortests/vectorarray.py" line="1028" name="test_axpy_wrong_coefficients[compatible_vector_array_pair8-&lt;lambda&gt;0]" time="0.0025463104248046875"></testcase><testcase classname="src.pymortests.vectorarray" file="src/pymortests/vectorarray.py" line="1028" name="test_axpy_wrong_coefficients[compatible_vector_array_pair8-&lt;lambda&gt;1]" time="0.001565694808959961"></testcase><testcase classname="src.pymortests.vectorarray" file="src/pymortests/vectorarray.py" line="1028" name="test_axpy_wrong_coefficients[compatible_vector_array_pair8-&lt;lambda&gt;2]" time="0.003290891647338867"></testcase><testcase classname="src.pymortests.vectorarray" file="src/pymortests/vectorarray.py" line="1028" name="test_axpy_wrong_coefficients[compatible_vector_array_pair8-&lt;lambda&gt;3]" time="0.003618478775024414"></testcase><testcase classname="src.pymortests.vectorarray" file="src/pymortests/vectorarray.py" line="1028" name="test_axpy_wrong_coefficients[compatible_vector_array_pair8-&lt;lambda&gt;4]" time="0.006282329559326172"></testcase><testcase classname="src.pymortests.vectorarray" file="src/pymortests/vectorarray.py" line="1028" name="test_axpy_wrong_coefficients[compatible_vector_array_pair8-&lt;lambda&gt;5]" time="0.004240274429321289"></testcase><testcase classname="src.pymortests.vectorarray" file="src/pymortests/vectorarray.py" line="1028" name="test_axpy_wrong_coefficients[compatible_vector_array_pair8-&lt;lambda&gt;6]" time="0.0018100738525390625"></testcase><testcase classname="src.pymortests.vectorarray" file="src/pymortests/vectorarray.py" line="1028" name="test_axpy_wrong_coefficients[compatible_vector_array_pair8-&lt;lambda&gt;7]" time="0.0013513565063476562"></testcase><testcase classname="src.pymortests.vectorarray" file="src/pymortests/vectorarray.py" line="1028" name="test_axpy_wrong_coefficients[compatible_vector_array_pair8-&lt;lambda&gt;8]" time="0.0034914016723632812"></testcase><testcase classname="src.pymortests.vectorarray" file="src/pymortests/vectorarray.py" line="1028" name="test_axpy_wrong_coefficients[compatible_vector_array_pair8-&lt;lambda&gt;9]" time="0.004148006439208984"></testcase><testcase classname="src.pymortests.vectorarray" file="src/pymortests/vectorarray.py" line="1028" name="test_axpy_wrong_coefficients[compatible_vector_array_pair8-&lt;lambda&gt;10]" time="0.0077588558197021484"></testcase><testcase classname="src.pymortests.vectorarray" file="src/pymortests/vectorarray.py" line="1028" name="test_axpy_wrong_coefficients[compatible_vector_array_pair8-&lt;lambda&gt;11]" time="0.004330158233642578"></testcase><testcase classname="src.pymortests.vectorarray" file="src/pymortests/vectorarray.py" line="1028" name="test_axpy_wrong_coefficients[compatible_vector_array_pair8-&lt;lambda&gt;12]" time="0.002333402633666992"></testcase><testcase classname="src.pymortests.vectorarray" file="src/pymortests/vectorarray.py" line="1028" name="test_axpy_wrong_coefficients[compatible_vector_array_pair8-&lt;lambda&gt;13]" time="0.0017914772033691406"></testcase><testcase classname="src.pymortests.vectorarray" file="src/pymortests/vectorarray.py" line="1028" name="test_axpy_wrong_coefficients[compatible_vector_array_pair8-&lt;lambda&gt;14]" time="0.003568887710571289"></testcase><testcase classname="src.pymortests.vectorarray" file="src/pymortests/vectorarray.py" line="1028" name="test_axpy_wrong_coefficients[compatible_vector_array_pair8-&lt;lambda&gt;15]" time="0.004862070083618164"></testcase><testcase classname="src.pymortests.vectorarray" file="src/pymortests/vectorarray.py" line="1028" name="test_axpy_wrong_coefficients[compatible_vector_array_pair8-&lt;lambda&gt;16]" time="0.005503654479980469"></testcase><testcase classname="src.pymortests.vectorarray" file="src/pymortests/vectorarray.py" line="1028" name="test_axpy_wrong_coefficients[compatible_vector_array_pair8-&lt;lambda&gt;17]" time="0.010339498519897461"></testcase><testcase classname="src.pymortests.vectorarray" file="src/pymortests/vectorarray.py" line="1028" name="test_axpy_wrong_coefficients[compatible_vector_array_pair8-&lt;lambda&gt;18]" time="0.002789735794067383"></testcase><testcase classname="src.pymortests.vectorarray" file="src/pymortests/vectorarray.py" line="1028" name="test_axpy_wrong_coefficients[compatible_vector_array_pair8-&lt;lambda&gt;19]" time="0.002193450927734375"></testcase><testcase classname="src.pymortests.vectorarray" file="src/pymortests/vectorarray.py" line="1028" name="test_axpy_wrong_coefficients[compatible_vector_array_pair8-&lt;lambda&gt;20]" time="0.027729034423828125"></testcase><testcase classname="src.pymortests.vectorarray" file="src/pymortests/vectorarray.py" line="1028" name="test_axpy_wrong_coefficients[compatible_vector_array_pair8-&lt;lambda&gt;21]" time="0.015814781188964844"></testcase><testcase classname="src.pymortests.vectorarray" file="src/pymortests/vectorarray.py" line="1028" name="test_axpy_wrong_coefficients[compatible_vector_array_pair8-&lt;lambda&gt;22]" time="0.046326398849487305"></testcase><testcase classname="src.pymortests.vectorarray" file="src/pymortests/vectorarray.py" line="1028" name="test_axpy_wrong_coefficients[compatible_vector_array_pair8-&lt;lambda&gt;23]" time="0.006724834442138672"></testcase><testcase classname="src.pymortests.vectorarray" file="src/pymortests/vectorarray.py" line="1028" name="test_axpy_wrong_coefficients[compatible_vector_array_pair8-&lt;lambda&gt;24]" time="0.0018286705017089844"></testcase><testcase classname="src.pymortests.vectorarray" file="src/pymortests/vectorarray.py" line="1028" name="test_axpy_wrong_coefficients[compatible_vector_array_pair8-&lt;lambda&gt;25]" time="0.002405405044555664"></testcase><testcase classname="src.pymortests.vectorarray" file="src/pymortests/vectorarray.py" line="1028" name="test_axpy_wrong_coefficients[compatible_vector_array_pair8-&lt;lambda&gt;26]" time="0.025107860565185547"></testcase><testcase classname="src.pymortests.vectorarray" file="src/pymortests/vectorarray.py" line="1028" name="test_axpy_wrong_coefficients[compatible_vector_array_pair8-&lt;lambda&gt;27]" time="0.033800363540649414"></testcase><testcase classname="src.pymortests.vectorarray" file="src/pymortests/vectorarray.py" line="1028" name="test_axpy_wrong_coefficients[compatible_vector_array_pair8-&lt;lambda&gt;28]" time="0.1160433292388916"></testcase><testcase classname="src.pymortests.vectorarray" file="src/pymortests/vectorarray.py" line="1028" name="test_axpy_wrong_coefficients[compatible_vector_array_pair8-&lt;lambda&gt;29]" time="0.008530378341674805"></testcase><testcase classname="src.pymortests.vectorarray" file="src/pymortests/vectorarray.py" line="1039" name="test_pairwise_dot_wrong_ind[compatible_vector_array_pair0-&lt;lambda&gt;0]" time="0.003368377685546875"></testcase><testcase classname="src.pymortests.vectorarray" file="src/pymortests/vectorarray.py" line="1039" name="test_pairwise_dot_wrong_ind[compatible_vector_array_pair0-&lt;lambda&gt;1]" time="0.0031478404998779297"></testcase><testcase classname="src.pymortests.vectorarray" file="src/pymortests/vectorarray.py" line="1039" name="test_pairwise_dot_wrong_ind[compatible_vector_array_pair0-&lt;lambda&gt;2]" time="0.004957675933837891"></testcase><testcase classname="src.pymortests.vectorarray" file="src/pymortests/vectorarray.py" line="1039" name="test_pairwise_dot_wrong_ind[compatible_vector_array_pair0-&lt;lambda&gt;3]" time="0.006264448165893555"></testcase><testcase classname="src.pymortests.vectorarray" file="src/pymortests/vectorarray.py" line="1039" name="test_pairwise_dot_wrong_ind[compatible_vector_array_pair0-&lt;lambda&gt;4]" time="0.0071032047271728516"></testcase><testcase classname="src.pymortests.vectorarray" file="src/pymortests/vectorarray.py" line="1039" name="test_pairwise_dot_wrong_ind[compatible_vector_array_pair0-&lt;lambda&gt;5]" time="0.005148172378540039"></testcase><testcase classname="src.pymortests.vectorarray" file="src/pymortests/vectorarray.py" line="1039" name="test_pairwise_dot_wrong_ind[compatible_vector_array_pair0-&lt;lambda&gt;6]" time="0.0022122859954833984"></testcase><testcase classname="src.pymortests.vectorarray" file="src/pymortests/vectorarray.py" line="1039" name="test_pairwise_dot_wrong_ind[compatible_vector_array_pair0-&lt;lambda&gt;7]" time="0.0031731128692626953"></testcase><testcase classname="src.pymortests.vectorarray" file="src/pymortests/vectorarray.py" line="1039" name="test_pairwise_dot_wrong_ind[compatible_vector_array_pair0-&lt;lambda&gt;8]" time="0.01266622543334961"></testcase><testcase classname="src.pymortests.vectorarray" file="src/pymortests/vectorarray.py" line="1039" name="test_pairwise_dot_wrong_ind[compatible_vector_array_pair0-&lt;lambda&gt;9]" time="0.020473003387451172"></testcase><testcase classname="src.pymortests.vectorarray" file="src/pymortests/vectorarray.py" line="1039" name="test_pairwise_dot_wrong_ind[compatible_vector_array_pair0-&lt;lambda&gt;10]" time="0.0551609992980957"></testcase><testcase classname="src.pymortests.vectorarray" file="src/pymortests/vectorarray.py" line="1039" name="test_pairwise_dot_wrong_ind[compatible_vector_array_pair0-&lt;lambda&gt;11]" time="0.00751948356628418"></testcase><testcase classname="src.pymortests.vectorarray" file="src/pymortests/vectorarray.py" line="1039" name="test_pairwise_dot_wrong_ind[compatible_vector_array_pair0-&lt;lambda&gt;12]" time="0.0032329559326171875"></testcase><testcase classname="src.pymortests.vectorarray" file="src/pymortests/vectorarray.py" line="1039" name="test_pairwise_dot_wrong_ind[compatible_vector_array_pair0-&lt;lambda&gt;13]" time="0.005753040313720703"></testcase><testcase classname="src.pymortests.vectorarray" file="src/pymortests/vectorarray.py" line="1039" name="test_pairwise_dot_wrong_ind[compatible_vector_array_pair0-&lt;lambda&gt;14]" time="0.007152080535888672"></testcase><testcase classname="src.pymortests.vectorarray" file="src/pymortests/vectorarray.py" line="1039" name="test_pairwise_dot_wrong_ind[compatible_vector_array_pair0-&lt;lambda&gt;15]" time="0.009142398834228516"></testcase><testcase classname="src.pymortests.vectorarray" file="src/pymortests/vectorarray.py" line="1039" name="test_pairwise_dot_wrong_ind[compatible_vector_array_pair0-&lt;lambda&gt;16]" time="0.01175379753112793"></testcase><testcase classname="src.pymortests.vectorarray" file="src/pymortests/vectorarray.py" line="1039" name="test_pairwise_dot_wrong_ind[compatible_vector_array_pair0-&lt;lambda&gt;17]" time="0.014353275299072266"></testcase><testcase classname="src.pymortests.vectorarray" file="src/pymortests/vectorarray.py" line="1039" name="test_pairwise_dot_wrong_ind[compatible_vector_array_pair0-&lt;lambda&gt;18]" time="0.004238128662109375"></testcase><testcase classname="src.pymortests.vectorarray" file="src/pymortests/vectorarray.py" line="1039" name="test_pairwise_dot_wrong_ind[compatible_vector_array_pair0-&lt;lambda&gt;19]" time="0.004341840744018555"></testcase><testcase classname="src.pymortests.vectorarray" file="src/pymortests/vectorarray.py" line="1039" name="test_pairwise_dot_wrong_ind[compatible_vector_array_pair0-&lt;lambda&gt;20]" time="0.03634953498840332"></testcase><testcase classname="src.pymortests.vectorarray" file="src/pymortests/vectorarray.py" line="1039" name="test_pairwise_dot_wrong_ind[compatible_vector_array_pair0-&lt;lambda&gt;21]" time="0.029476642608642578"></testcase><testcase classname="src.pymortests.vectorarray" file="src/pymortests/vectorarray.py" line="1039" name="test_pairwise_dot_wrong_ind[compatible_vector_array_pair0-&lt;lambda&gt;22]" time="0.09320783615112305"></testcase><testcase classname="src.pymortests.vectorarray" file="src/pymortests/vectorarray.py" line="1039" name="test_pairwise_dot_wrong_ind[compatible_vector_array_pair0-&lt;lambda&gt;23]" time="0.008241891860961914"></testcase><testcase classname="src.pymortests.vectorarray" file="src/pymortests/vectorarray.py" line="1039" name="test_pairwise_dot_wrong_ind[compatible_vector_array_pair0-&lt;lambda&gt;24]" time="0.0031371116638183594"></testcase><testcase classname="src.pymortests.vectorarray" file="src/pymortests/vectorarray.py" line="1039" name="test_pairwise_dot_wrong_ind[compatible_vector_array_pair0-&lt;lambda&gt;25]" time="0.00416874885559082"></testcase><testcase classname="src.pymortests.vectorarray" file="src/pymortests/vectorarray.py" line="1039" name="test_pairwise_dot_wrong_ind[compatible_vector_array_pair0-&lt;lambda&gt;26]" time="0.03375864028930664"></testcase><testcase classname="src.pymortests.vectorarray" file="src/pymortests/vectorarray.py" line="1039" name="test_pairwise_dot_wrong_ind[compatible_vector_array_pair0-&lt;lambda&gt;27]" time="0.046621084213256836"></testcase><testcase classname="src.pymortests.vectorarray" file="src/pymortests/vectorarray.py" line="1039" name="test_pairwise_dot_wrong_ind[compatible_vector_array_pair0-&lt;lambda&gt;28]" time="0.1683521270751953"></testcase><testcase classname="src.pymortests.vectorarray" file="src/pymortests/vectorarray.py" line="1039" name="test_pairwise_dot_wrong_ind[compatible_vector_array_pair0-&lt;lambda&gt;29]" time="0.010681390762329102"></testcase><testcase classname="src.pymortests.vectorarray" file="src/pymortests/vectorarray.py" line="1039" name="test_pairwise_dot_wrong_ind[compatible_vector_array_pair1-&lt;lambda&gt;0]" time="0.003509998321533203"></testcase><testcase classname="src.pymortests.vectorarray" file="src/pymortests/vectorarray.py" line="1039" name="test_pairwise_dot_wrong_ind[compatible_vector_array_pair1-&lt;lambda&gt;1]" time="0.003239870071411133"></testcase><testcase classname="src.pymortests.vectorarray" file="src/pymortests/vectorarray.py" line="1039" name="test_pairwise_dot_wrong_ind[compatible_vector_array_pair1-&lt;lambda&gt;2]" time="0.005202293395996094"></testcase><testcase classname="src.pymortests.vectorarray" file="src/pymortests/vectorarray.py" line="1039" name="test_pairwise_dot_wrong_ind[compatible_vector_array_pair1-&lt;lambda&gt;3]" time="0.005961179733276367"></testcase><testcase classname="src.pymortests.vectorarray" file="src/pymortests/vectorarray.py" line="1039" name="test_pairwise_dot_wrong_ind[compatible_vector_array_pair1-&lt;lambda&gt;4]" time="0.007251739501953125"></testcase><testcase classname="src.pymortests.vectorarray" file="src/pymortests/vectorarray.py" line="1039" name="test_pairwise_dot_wrong_ind[compatible_vector_array_pair1-&lt;lambda&gt;5]" time="0.005215883255004883"></testcase><testcase classname="src.pymortests.vectorarray" file="src/pymortests/vectorarray.py" line="1039" name="test_pairwise_dot_wrong_ind[compatible_vector_array_pair1-&lt;lambda&gt;6]" time="0.002432584762573242"></testcase><testcase classname="src.pymortests.vectorarray" file="src/pymortests/vectorarray.py" line="1039" name="test_pairwise_dot_wrong_ind[compatible_vector_array_pair1-&lt;lambda&gt;7]" time="0.003408193588256836"></testcase><testcase classname="src.pymortests.vectorarray" file="src/pymortests/vectorarray.py" line="1039" name="test_pairwise_dot_wrong_ind[compatible_vector_array_pair1-&lt;lambda&gt;8]" time="0.013664007186889648"></testcase><testcase classname="src.pymortests.vectorarray" file="src/pymortests/vectorarray.py" line="1039" name="test_pairwise_dot_wrong_ind[compatible_vector_array_pair1-&lt;lambda&gt;9]" time="0.017920255661010742"></testcase><testcase classname="src.pymortests.vectorarray" file="src/pymortests/vectorarray.py" line="1039" name="test_pairwise_dot_wrong_ind[compatible_vector_array_pair1-&lt;lambda&gt;10]" time="0.056725263595581055"></testcase><testcase classname="src.pymortests.vectorarray" file="src/pymortests/vectorarray.py" line="1039" name="test_pairwise_dot_wrong_ind[compatible_vector_array_pair1-&lt;lambda&gt;11]" time="0.007512807846069336"></testcase><testcase classname="src.pymortests.vectorarray" file="src/pymortests/vectorarray.py" line="1039" name="test_pairwise_dot_wrong_ind[compatible_vector_array_pair1-&lt;lambda&gt;12]" time="0.0034329891204833984"></testcase><testcase classname="src.pymortests.vectorarray" file="src/pymortests/vectorarray.py" line="1039" name="test_pairwise_dot_wrong_ind[compatible_vector_array_pair1-&lt;lambda&gt;13]" time="0.006101369857788086"></testcase><testcase classname="src.pymortests.vectorarray" file="src/pymortests/vectorarray.py" line="1039" name="test_pairwise_dot_wrong_ind[compatible_vector_array_pair1-&lt;lambda&gt;14]" time="0.00726628303527832"></testcase><testcase classname="src.pymortests.vectorarray" file="src/pymortests/vectorarray.py" line="1039" name="test_pairwise_dot_wrong_ind[compatible_vector_array_pair1-&lt;lambda&gt;15]" time="0.009397745132446289"></testcase><testcase classname="src.pymortests.vectorarray" file="src/pymortests/vectorarray.py" line="1039" name="test_pairwise_dot_wrong_ind[compatible_vector_array_pair1-&lt;lambda&gt;16]" time="0.011517763137817383"></testcase><testcase classname="src.pymortests.vectorarray" file="src/pymortests/vectorarray.py" line="1039" name="test_pairwise_dot_wrong_ind[compatible_vector_array_pair1-&lt;lambda&gt;17]" time="0.01465916633605957"></testcase><testcase classname="src.pymortests.vectorarray" file="src/pymortests/vectorarray.py" line="1039" name="test_pairwise_dot_wrong_ind[compatible_vector_array_pair1-&lt;lambda&gt;18]" time="0.0043735504150390625"></testcase><testcase classname="src.pymortests.vectorarray" file="src/pymortests/vectorarray.py" line="1039" name="test_pairwise_dot_wrong_ind[compatible_vector_array_pair1-&lt;lambda&gt;19]" time="0.004316806793212891"></testcase><testcase classname="src.pymortests.vectorarray" file="src/pymortests/vectorarray.py" line="1039" name="test_pairwise_dot_wrong_ind[compatible_vector_array_pair1-&lt;lambda&gt;20]" time="0.03783559799194336"></testcase><testcase classname="src.pymortests.vectorarray" file="src/pymortests/vectorarray.py" line="1039" name="test_pairwise_dot_wrong_ind[compatible_vector_array_pair1-&lt;lambda&gt;21]" time="0.030360698699951172"></testcase><testcase classname="src.pymortests.vectorarray" file="src/pymortests/vectorarray.py" line="1039" name="test_pairwise_dot_wrong_ind[compatible_vector_array_pair1-&lt;lambda&gt;22]" time="0.09520983695983887"></testcase><testcase classname="src.pymortests.vectorarray" file="src/pymortests/vectorarray.py" line="1039" name="test_pairwise_dot_wrong_ind[compatible_vector_array_pair1-&lt;lambda&gt;23]" time="0.008422136306762695"></testcase><testcase classname="src.pymortests.vectorarray" file="src/pymortests/vectorarray.py" line="1039" name="test_pairwise_dot_wrong_ind[compatible_vector_array_pair1-&lt;lambda&gt;24]" time="0.003291606903076172"></testcase><testcase classname="src.pymortests.vectorarray" file="src/pymortests/vectorarray.py" line="1039" name="test_pairwise_dot_wrong_ind[compatible_vector_array_pair1-&lt;lambda&gt;25]" time="0.004504203796386719"></testcase><testcase classname="src.pymortests.vectorarray" file="src/pymortests/vectorarray.py" line="1039" name="test_pairwise_dot_wrong_ind[compatible_vector_array_pair1-&lt;lambda&gt;26]" time="0.03384995460510254"></testcase><testcase classname="src.pymortests.vectorarray" file="src/pymortests/vectorarray.py" line="1039" name="test_pairwise_dot_wrong_ind[compatible_vector_array_pair1-&lt;lambda&gt;27]" time="0.04598879814147949"></testcase><testcase classname="src.pymortests.vectorarray" file="src/pymortests/vectorarray.py" line="1039" name="test_pairwise_dot_wrong_ind[compatible_vector_array_pair1-&lt;lambda&gt;28]" time="0.16728425025939941"></testcase><testcase classname="src.pymortests.vectorarray" file="src/pymortests/vectorarray.py" line="1039" name="test_pairwise_dot_wrong_ind[compatible_vector_array_pair1-&lt;lambda&gt;29]" time="0.011169195175170898"></testcase><testcase classname="src.pymortests.vectorarray" file="src/pymortests/vectorarray.py" line="1039" name="test_pairwise_dot_wrong_ind[compatible_vector_array_pair2-&lt;lambda&gt;0]" time="0.003545999526977539"></testcase><testcase classname="src.pymortests.vectorarray" file="src/pymortests/vectorarray.py" line="1039" name="test_pairwise_dot_wrong_ind[compatible_vector_array_pair2-&lt;lambda&gt;1]" time="0.0033767223358154297"></testcase><testcase classname="src.pymortests.vectorarray" file="src/pymortests/vectorarray.py" line="1039" name="test_pairwise_dot_wrong_ind[compatible_vector_array_pair2-&lt;lambda&gt;2]" time="0.005184173583984375"></testcase><testcase classname="src.pymortests.vectorarray" file="src/pymortests/vectorarray.py" line="1039" name="test_pairwise_dot_wrong_ind[compatible_vector_array_pair2-&lt;lambda&gt;3]" time="0.005998134613037109"></testcase><testcase classname="src.pymortests.vectorarray" file="src/pymortests/vectorarray.py" line="1039" name="test_pairwise_dot_wrong_ind[compatible_vector_array_pair2-&lt;lambda&gt;4]" time="0.007189035415649414"></testcase><testcase classname="src.pymortests.vectorarray" file="src/pymortests/vectorarray.py" line="1039" name="test_pairwise_dot_wrong_ind[compatible_vector_array_pair2-&lt;lambda&gt;5]" time="0.0052683353424072266"></testcase><testcase classname="src.pymortests.vectorarray" file="src/pymortests/vectorarray.py" line="1039" name="test_pairwise_dot_wrong_ind[compatible_vector_array_pair2-&lt;lambda&gt;6]" time="0.0023882389068603516"></testcase><testcase classname="src.pymortests.vectorarray" file="src/pymortests/vectorarray.py" line="1039" name="test_pairwise_dot_wrong_ind[compatible_vector_array_pair2-&lt;lambda&gt;7]" time="0.003360271453857422"></testcase><testcase classname="src.pymortests.vectorarray" file="src/pymortests/vectorarray.py" line="1039" name="test_pairwise_dot_wrong_ind[compatible_vector_array_pair2-&lt;lambda&gt;8]" time="0.012525796890258789"></testcase><testcase classname="src.pymortests.vectorarray" file="src/pymortests/vectorarray.py" line="1039" name="test_pairwise_dot_wrong_ind[compatible_vector_array_pair2-&lt;lambda&gt;9]" time="0.018038272857666016"></testcase><testcase classname="src.pymortests.vectorarray" file="src/pymortests/vectorarray.py" line="1039" name="test_pairwise_dot_wrong_ind[compatible_vector_array_pair2-&lt;lambda&gt;10]" time="0.05577850341796875"></testcase><testcase classname="src.pymortests.vectorarray" file="src/pymortests/vectorarray.py" line="1039" name="test_pairwise_dot_wrong_ind[compatible_vector_array_pair2-&lt;lambda&gt;11]" time="0.00719141960144043"></testcase><testcase classname="src.pymortests.vectorarray" file="src/pymortests/vectorarray.py" line="1039" name="test_pairwise_dot_wrong_ind[compatible_vector_array_pair2-&lt;lambda&gt;12]" time="0.0033385753631591797"></testcase><testcase classname="src.pymortests.vectorarray" file="src/pymortests/vectorarray.py" line="1039" name="test_pairwise_dot_wrong_ind[compatible_vector_array_pair2-&lt;lambda&gt;13]" time="0.005831718444824219"></testcase><testcase classname="src.pymortests.vectorarray" file="src/pymortests/vectorarray.py" line="1039" name="test_pairwise_dot_wrong_ind[compatible_vector_array_pair2-&lt;lambda&gt;14]" time="0.00721287727355957"></testcase><testcase classname="src.pymortests.vectorarray" file="src/pymortests/vectorarray.py" line="1039" name="test_pairwise_dot_wrong_ind[compatible_vector_array_pair2-&lt;lambda&gt;15]" time="0.009637594223022461"></testcase><testcase classname="src.pymortests.vectorarray" file="src/pymortests/vectorarray.py" line="1039" name="test_pairwise_dot_wrong_ind[compatible_vector_array_pair2-&lt;lambda&gt;16]" time="0.011623382568359375"></testcase><testcase classname="src.pymortests.vectorarray" file="src/pymortests/vectorarray.py" line="1039" name="test_pairwise_dot_wrong_ind[compatible_vector_array_pair2-&lt;lambda&gt;17]" time="0.014394998550415039"></testcase><testcase classname="src.pymortests.vectorarray" file="src/pymortests/vectorarray.py" line="1039" name="test_pairwise_dot_wrong_ind[compatible_vector_array_pair2-&lt;lambda&gt;18]" time="0.0040628910064697266"></testcase><testcase classname="src.pymortests.vectorarray" file="src/pymortests/vectorarray.py" line="1039" name="test_pairwise_dot_wrong_ind[compatible_vector_array_pair2-&lt;lambda&gt;19]" time="0.004205942153930664"></testcase><testcase classname="src.pymortests.vectorarray" file="src/pymortests/vectorarray.py" line="1039" name="test_pairwise_dot_wrong_ind[compatible_vector_array_pair2-&lt;lambda&gt;20]" time="0.037937164306640625"></testcase><testcase classname="src.pymortests.vectorarray" file="src/pymortests/vectorarray.py" line="1039" name="test_pairwise_dot_wrong_ind[compatible_vector_array_pair2-&lt;lambda&gt;21]" time="0.0304262638092041"></testcase><testcase classname="src.pymortests.vectorarray" file="src/pymortests/vectorarray.py" line="1039" name="test_pairwise_dot_wrong_ind[compatible_vector_array_pair2-&lt;lambda&gt;22]" time="0.09357309341430664"></testcase><testcase classname="src.pymortests.vectorarray" file="src/pymortests/vectorarray.py" line="1039" name="test_pairwise_dot_wrong_ind[compatible_vector_array_pair2-&lt;lambda&gt;23]" time="0.008765935897827148"></testcase><testcase classname="src.pymortests.vectorarray" file="src/pymortests/vectorarray.py" line="1039" name="test_pairwise_dot_wrong_ind[compatible_vector_array_pair2-&lt;lambda&gt;24]" time="0.003341197967529297"></testcase><testcase classname="src.pymortests.vectorarray" file="src/pymortests/vectorarray.py" line="1039" name="test_pairwise_dot_wrong_ind[compatible_vector_array_pair2-&lt;lambda&gt;25]" time="0.00446629524230957"></testcase><testcase classname="src.pymortests.vectorarray" file="src/pymortests/vectorarray.py" line="1039" name="test_pairwise_dot_wrong_ind[compatible_vector_array_pair2-&lt;lambda&gt;26]" time="0.03423595428466797"></testcase><testcase classname="src.pymortests.vectorarray" file="src/pymortests/vectorarray.py" line="1039" name="test_pairwise_dot_wrong_ind[compatible_vector_array_pair2-&lt;lambda&gt;27]" time="0.04826164245605469"></testcase><testcase classname="src.pymortests.vectorarray" file="src/pymortests/vectorarray.py" line="1039" name="test_pairwise_dot_wrong_ind[compatible_vector_array_pair2-&lt;lambda&gt;28]" time="0.16672658920288086"></testcase><testcase classname="src.pymortests.vectorarray" file="src/pymortests/vectorarray.py" line="1039" name="test_pairwise_dot_wrong_ind[compatible_vector_array_pair2-&lt;lambda&gt;29]" time="0.010212182998657227"></testcase><testcase classname="src.pymortests.vectorarray" file="src/pymortests/vectorarray.py" line="1039" name="test_pairwise_dot_wrong_ind[compatible_vector_array_pair3-&lt;lambda&gt;0]" time="0.0036842823028564453"></testcase><testcase classname="src.pymortests.vectorarray" file="src/pymortests/vectorarray.py" line="1039" name="test_pairwise_dot_wrong_ind[compatible_vector_array_pair3-&lt;lambda&gt;1]" time="0.003299236297607422"></testcase><testcase classname="src.pymortests.vectorarray" file="src/pymortests/vectorarray.py" line="1039" name="test_pairwise_dot_wrong_ind[compatible_vector_array_pair3-&lt;lambda&gt;2]" time="0.005357503890991211"></testcase><testcase classname="src.pymortests.vectorarray" file="src/pymortests/vectorarray.py" line="1039" name="test_pairwise_dot_wrong_ind[compatible_vector_array_pair3-&lt;lambda&gt;3]" time="0.0063092708587646484"></testcase><testcase classname="src.pymortests.vectorarray" file="src/pymortests/vectorarray.py" line="1039" name="test_pairwise_dot_wrong_ind[compatible_vector_array_pair3-&lt;lambda&gt;4]" time="0.007463932037353516"></testcase><testcase classname="src.pymortests.vectorarray" file="src/pymortests/vectorarray.py" line="1039" name="test_pairwise_dot_wrong_ind[compatible_vector_array_pair3-&lt;lambda&gt;5]" time="0.005551576614379883"></testcase><testcase classname="src.pymortests.vectorarray" file="src/pymortests/vectorarray.py" line="1039" name="test_pairwise_dot_wrong_ind[compatible_vector_array_pair3-&lt;lambda&gt;6]" time="0.002362489700317383"></testcase><testcase classname="src.pymortests.vectorarray" file="src/pymortests/vectorarray.py" line="1039" name="test_pairwise_dot_wrong_ind[compatible_vector_array_pair3-&lt;lambda&gt;7]" time="0.003571033477783203"></testcase><testcase classname="src.pymortests.vectorarray" file="src/pymortests/vectorarray.py" line="1039" name="test_pairwise_dot_wrong_ind[compatible_vector_array_pair3-&lt;lambda&gt;8]" time="0.013238906860351562"></testcase><testcase classname="src.pymortests.vectorarray" file="src/pymortests/vectorarray.py" line="1039" name="test_pairwise_dot_wrong_ind[compatible_vector_array_pair3-&lt;lambda&gt;9]" time="0.018351316452026367"></testcase><testcase classname="src.pymortests.vectorarray" file="src/pymortests/vectorarray.py" line="1039" name="test_pairwise_dot_wrong_ind[compatible_vector_array_pair3-&lt;lambda&gt;10]" time="0.05592608451843262"></testcase><testcase classname="src.pymortests.vectorarray" file="src/pymortests/vectorarray.py" line="1039" name="test_pairwise_dot_wrong_ind[compatible_vector_array_pair3-&lt;lambda&gt;11]" time="0.00700068473815918"></testcase><testcase classname="src.pymortests.vectorarray" file="src/pymortests/vectorarray.py" line="1039" name="test_pairwise_dot_wrong_ind[compatible_vector_array_pair3-&lt;lambda&gt;12]" time="0.0033156871795654297"></testcase><testcase classname="src.pymortests.vectorarray" file="src/pymortests/vectorarray.py" line="1039" name="test_pairwise_dot_wrong_ind[compatible_vector_array_pair3-&lt;lambda&gt;13]" time="0.005950212478637695"></testcase><testcase classname="src.pymortests.vectorarray" file="src/pymortests/vectorarray.py" line="1039" name="test_pairwise_dot_wrong_ind[compatible_vector_array_pair3-&lt;lambda&gt;14]" time="0.007360935211181641"></testcase><testcase classname="src.pymortests.vectorarray" file="src/pymortests/vectorarray.py" line="1039" name="test_pairwise_dot_wrong_ind[compatible_vector_array_pair3-&lt;lambda&gt;15]" time="0.009391307830810547"></testcase><testcase classname="src.pymortests.vectorarray" file="src/pymortests/vectorarray.py" line="1039" name="test_pairwise_dot_wrong_ind[compatible_vector_array_pair3-&lt;lambda&gt;16]" time="0.01193380355834961"></testcase><testcase classname="src.pymortests.vectorarray" file="src/pymortests/vectorarray.py" line="1039" name="test_pairwise_dot_wrong_ind[compatible_vector_array_pair3-&lt;lambda&gt;17]" time="0.014165639877319336"></testcase><testcase classname="src.pymortests.vectorarray" file="src/pymortests/vectorarray.py" line="1039" name="test_pairwise_dot_wrong_ind[compatible_vector_array_pair3-&lt;lambda&gt;18]" time="0.004106044769287109"></testcase><testcase classname="src.pymortests.vectorarray" file="src/pymortests/vectorarray.py" line="1039" name="test_pairwise_dot_wrong_ind[compatible_vector_array_pair3-&lt;lambda&gt;19]" time="0.0041942596435546875"></testcase><testcase classname="src.pymortests.vectorarray" file="src/pymortests/vectorarray.py" line="1039" name="test_pairwise_dot_wrong_ind[compatible_vector_array_pair3-&lt;lambda&gt;20]" time="0.037030935287475586"></testcase><testcase classname="src.pymortests.vectorarray" file="src/pymortests/vectorarray.py" line="1039" name="test_pairwise_dot_wrong_ind[compatible_vector_array_pair3-&lt;lambda&gt;21]" time="0.029402494430541992"></testcase><testcase classname="src.pymortests.vectorarray" file="src/pymortests/vectorarray.py" line="1039" name="test_pairwise_dot_wrong_ind[compatible_vector_array_pair3-&lt;lambda&gt;22]" time="0.0931558609008789"></testcase><testcase classname="src.pymortests.vectorarray" file="src/pymortests/vectorarray.py" line="1039" name="test_pairwise_dot_wrong_ind[compatible_vector_array_pair3-&lt;lambda&gt;23]" time="0.008375167846679688"></testcase><testcase classname="src.pymortests.vectorarray" file="src/pymortests/vectorarray.py" line="1039" name="test_pairwise_dot_wrong_ind[compatible_vector_array_pair3-&lt;lambda&gt;24]" time="0.0031778812408447266"></testcase><testcase classname="src.pymortests.vectorarray" file="src/pymortests/vectorarray.py" line="1039" name="test_pairwise_dot_wrong_ind[compatible_vector_array_pair3-&lt;lambda&gt;25]" time="0.004097938537597656"></testcase><testcase classname="src.pymortests.vectorarray" file="src/pymortests/vectorarray.py" line="1039" name="test_pairwise_dot_wrong_ind[compatible_vector_array_pair3-&lt;lambda&gt;26]" time="0.03360271453857422"></testcase><testcase classname="src.pymortests.vectorarray" file="src/pymortests/vectorarray.py" line="1039" name="test_pairwise_dot_wrong_ind[compatible_vector_array_pair3-&lt;lambda&gt;27]" time="0.04739212989807129"></testcase><testcase classname="src.pymortests.vectorarray" file="src/pymortests/vectorarray.py" line="1039" name="test_pairwise_dot_wrong_ind[compatible_vector_array_pair3-&lt;lambda&gt;28]" time="0.1640622615814209"></testcase><testcase classname="src.pymortests.vectorarray" file="src/pymortests/vectorarray.py" line="1039" name="test_pairwise_dot_wrong_ind[compatible_vector_array_pair3-&lt;lambda&gt;29]" time="0.010145187377929688"></testcase><testcase classname="src.pymortests.vectorarray" file="src/pymortests/vectorarray.py" line="1039" name="test_pairwise_dot_wrong_ind[compatible_vector_array_pair4-&lt;lambda&gt;0]" time="0.0034487247467041016"></testcase><testcase classname="src.pymortests.vectorarray" file="src/pymortests/vectorarray.py" line="1039" name="test_pairwise_dot_wrong_ind[compatible_vector_array_pair4-&lt;lambda&gt;1]" time="0.003423452377319336"></testcase><testcase classname="src.pymortests.vectorarray" file="src/pymortests/vectorarray.py" line="1039" name="test_pairwise_dot_wrong_ind[compatible_vector_array_pair4-&lt;lambda&gt;2]" time="0.005205631256103516"></testcase><testcase classname="src.pymortests.vectorarray" file="src/pymortests/vectorarray.py" line="1039" name="test_pairwise_dot_wrong_ind[compatible_vector_array_pair4-&lt;lambda&gt;3]" time="0.006015777587890625"></testcase><testcase classname="src.pymortests.vectorarray" file="src/pymortests/vectorarray.py" line="1039" name="test_pairwise_dot_wrong_ind[compatible_vector_array_pair4-&lt;lambda&gt;4]" time="0.00720524787902832"></testcase><testcase classname="src.pymortests.vectorarray" file="src/pymortests/vectorarray.py" line="1039" name="test_pairwise_dot_wrong_ind[compatible_vector_array_pair4-&lt;lambda&gt;5]" time="0.00524139404296875"></testcase><testcase classname="src.pymortests.vectorarray" file="src/pymortests/vectorarray.py" line="1039" name="test_pairwise_dot_wrong_ind[compatible_vector_array_pair4-&lt;lambda&gt;6]" time="0.002415180206298828"></testcase><testcase classname="src.pymortests.vectorarray" file="src/pymortests/vectorarray.py" line="1039" name="test_pairwise_dot_wrong_ind[compatible_vector_array_pair4-&lt;lambda&gt;7]" time="0.0034117698669433594"></testcase><testcase classname="src.pymortests.vectorarray" file="src/pymortests/vectorarray.py" line="1039" name="test_pairwise_dot_wrong_ind[compatible_vector_array_pair4-&lt;lambda&gt;8]" time="0.018401384353637695"></testcase><testcase classname="src.pymortests.vectorarray" file="src/pymortests/vectorarray.py" line="1039" name="test_pairwise_dot_wrong_ind[compatible_vector_array_pair4-&lt;lambda&gt;9]" time="0.017815828323364258"></testcase><testcase classname="src.pymortests.vectorarray" file="src/pymortests/vectorarray.py" line="1039" name="test_pairwise_dot_wrong_ind[compatible_vector_array_pair4-&lt;lambda&gt;10]" time="0.05585765838623047"></testcase><testcase classname="src.pymortests.vectorarray" file="src/pymortests/vectorarray.py" line="1039" name="test_pairwise_dot_wrong_ind[compatible_vector_array_pair4-&lt;lambda&gt;11]" time="0.007047176361083984"></testcase><testcase classname="src.pymortests.vectorarray" file="src/pymortests/vectorarray.py" line="1039" name="test_pairwise_dot_wrong_ind[compatible_vector_array_pair4-&lt;lambda&gt;12]" time="0.003383159637451172"></testcase><testcase classname="src.pymortests.vectorarray" file="src/pymortests/vectorarray.py" line="1039" name="test_pairwise_dot_wrong_ind[compatible_vector_array_pair4-&lt;lambda&gt;13]" time="0.00597381591796875"></testcase><testcase classname="src.pymortests.vectorarray" file="src/pymortests/vectorarray.py" line="1039" name="test_pairwise_dot_wrong_ind[compatible_vector_array_pair4-&lt;lambda&gt;14]" time="0.007296562194824219"></testcase><testcase classname="src.pymortests.vectorarray" file="src/pymortests/vectorarray.py" line="1039" name="test_pairwise_dot_wrong_ind[compatible_vector_array_pair4-&lt;lambda&gt;15]" time="0.009624242782592773"></testcase><testcase classname="src.pymortests.vectorarray" file="src/pymortests/vectorarray.py" line="1039" name="test_pairwise_dot_wrong_ind[compatible_vector_array_pair4-&lt;lambda&gt;16]" time="0.01201939582824707"></testcase><testcase classname="src.pymortests.vectorarray" file="src/pymortests/vectorarray.py" line="1039" name="test_pairwise_dot_wrong_ind[compatible_vector_array_pair4-&lt;lambda&gt;17]" time="0.014995098114013672"></testcase><testcase classname="src.pymortests.vectorarray" file="src/pymortests/vectorarray.py" line="1039" name="test_pairwise_dot_wrong_ind[compatible_vector_array_pair4-&lt;lambda&gt;18]" time="0.004154682159423828"></testcase><testcase classname="src.pymortests.vectorarray" file="src/pymortests/vectorarray.py" line="1039" name="test_pairwise_dot_wrong_ind[compatible_vector_array_pair4-&lt;lambda&gt;19]" time="0.00427556037902832"></testcase><testcase classname="src.pymortests.vectorarray" file="src/pymortests/vectorarray.py" line="1039" name="test_pairwise_dot_wrong_ind[compatible_vector_array_pair4-&lt;lambda&gt;20]" time="0.03786444664001465"></testcase><testcase classname="src.pymortests.vectorarray" file="src/pymortests/vectorarray.py" line="1039" name="test_pairwise_dot_wrong_ind[compatible_vector_array_pair4-&lt;lambda&gt;21]" time="0.029697418212890625"></testcase><testcase classname="src.pymortests.vectorarray" file="src/pymortests/vectorarray.py" line="1039" name="test_pairwise_dot_wrong_ind[compatible_vector_array_pair4-&lt;lambda&gt;22]" time="0.09207558631896973"></testcase><testcase classname="src.pymortests.vectorarray" file="src/pymortests/vectorarray.py" line="1039" name="test_pairwise_dot_wrong_ind[compatible_vector_array_pair4-&lt;lambda&gt;23]" time="0.008856058120727539"></testcase><testcase classname="src.pymortests.vectorarray" file="src/pymortests/vectorarray.py" line="1039" name="test_pairwise_dot_wrong_ind[compatible_vector_array_pair4-&lt;lambda&gt;24]" time="0.003370046615600586"></testcase><testcase classname="src.pymortests.vectorarray" file="src/pymortests/vectorarray.py" line="1039" name="test_pairwise_dot_wrong_ind[compatible_vector_array_pair4-&lt;lambda&gt;25]" time="0.004323482513427734"></testcase><testcase classname="src.pymortests.vectorarray" file="src/pymortests/vectorarray.py" line="1039" name="test_pairwise_dot_wrong_ind[compatible_vector_array_pair4-&lt;lambda&gt;26]" time="0.03309226036071777"></testcase><testcase classname="src.pymortests.vectorarray" file="src/pymortests/vectorarray.py" line="1039" name="test_pairwise_dot_wrong_ind[compatible_vector_array_pair4-&lt;lambda&gt;27]" time="0.0483243465423584"></testcase><testcase classname="src.pymortests.vectorarray" file="src/pymortests/vectorarray.py" line="1039" name="test_pairwise_dot_wrong_ind[compatible_vector_array_pair4-&lt;lambda&gt;28]" time="0.16266846656799316"></testcase><testcase classname="src.pymortests.vectorarray" file="src/pymortests/vectorarray.py" line="1039" name="test_pairwise_dot_wrong_ind[compatible_vector_array_pair4-&lt;lambda&gt;29]" time="0.009942293167114258"></testcase><testcase classname="src.pymortests.vectorarray" file="src/pymortests/vectorarray.py" line="1039" name="test_pairwise_dot_wrong_ind[compatible_vector_array_pair5-&lt;lambda&gt;0]" time="0.0034263134002685547"></testcase><testcase classname="src.pymortests.vectorarray" file="src/pymortests/vectorarray.py" line="1039" name="test_pairwise_dot_wrong_ind[compatible_vector_array_pair5-&lt;lambda&gt;1]" time="0.0033087730407714844"></testcase><testcase classname="src.pymortests.vectorarray" file="src/pymortests/vectorarray.py" line="1039" name="test_pairwise_dot_wrong_ind[compatible_vector_array_pair5-&lt;lambda&gt;2]" time="0.005002737045288086"></testcase><testcase classname="src.pymortests.vectorarray" file="src/pymortests/vectorarray.py" line="1039" name="test_pairwise_dot_wrong_ind[compatible_vector_array_pair5-&lt;lambda&gt;3]" time="0.0058672428131103516"></testcase><testcase classname="src.pymortests.vectorarray" file="src/pymortests/vectorarray.py" line="1039" name="test_pairwise_dot_wrong_ind[compatible_vector_array_pair5-&lt;lambda&gt;4]" time="0.007234096527099609"></testcase><testcase classname="src.pymortests.vectorarray" file="src/pymortests/vectorarray.py" line="1039" name="test_pairwise_dot_wrong_ind[compatible_vector_array_pair5-&lt;lambda&gt;5]" time="0.00526118278503418"></testcase><testcase classname="src.pymortests.vectorarray" file="src/pymortests/vectorarray.py" line="1039" name="test_pairwise_dot_wrong_ind[compatible_vector_array_pair5-&lt;lambda&gt;6]" time="0.002430438995361328"></testcase><testcase classname="src.pymortests.vectorarray" file="src/pymortests/vectorarray.py" line="1039" name="test_pairwise_dot_wrong_ind[compatible_vector_array_pair5-&lt;lambda&gt;7]" time="0.0031185150146484375"></testcase><testcase classname="src.pymortests.vectorarray" file="src/pymortests/vectorarray.py" line="1039" name="test_pairwise_dot_wrong_ind[compatible_vector_array_pair5-&lt;lambda&gt;8]" time="0.012475252151489258"></testcase><testcase classname="src.pymortests.vectorarray" file="src/pymortests/vectorarray.py" line="1039" name="test_pairwise_dot_wrong_ind[compatible_vector_array_pair5-&lt;lambda&gt;9]" time="0.018581628799438477"></testcase><testcase classname="src.pymortests.vectorarray" file="src/pymortests/vectorarray.py" line="1039" name="test_pairwise_dot_wrong_ind[compatible_vector_array_pair5-&lt;lambda&gt;10]" time="0.05757498741149902"></testcase><testcase classname="src.pymortests.vectorarray" file="src/pymortests/vectorarray.py" line="1039" name="test_pairwise_dot_wrong_ind[compatible_vector_array_pair5-&lt;lambda&gt;11]" time="0.007044553756713867"></testcase><testcase classname="src.pymortests.vectorarray" file="src/pymortests/vectorarray.py" line="1039" name="test_pairwise_dot_wrong_ind[compatible_vector_array_pair5-&lt;lambda&gt;12]" time="0.0034942626953125"></testcase><testcase classname="src.pymortests.vectorarray" file="src/pymortests/vectorarray.py" line="1039" name="test_pairwise_dot_wrong_ind[compatible_vector_array_pair5-&lt;lambda&gt;13]" time="0.006398677825927734"></testcase><testcase classname="src.pymortests.vectorarray" file="src/pymortests/vectorarray.py" line="1039" name="test_pairwise_dot_wrong_ind[compatible_vector_array_pair5-&lt;lambda&gt;14]" time="0.007872581481933594"></testcase><testcase classname="src.pymortests.vectorarray" file="src/pymortests/vectorarray.py" line="1039" name="test_pairwise_dot_wrong_ind[compatible_vector_array_pair5-&lt;lambda&gt;15]" time="0.009903192520141602"></testcase><testcase classname="src.pymortests.vectorarray" file="src/pymortests/vectorarray.py" line="1039" name="test_pairwise_dot_wrong_ind[compatible_vector_array_pair5-&lt;lambda&gt;16]" time="0.011569738388061523"></testcase><testcase classname="src.pymortests.vectorarray" file="src/pymortests/vectorarray.py" line="1039" name="test_pairwise_dot_wrong_ind[compatible_vector_array_pair5-&lt;lambda&gt;17]" time="0.014468193054199219"></testcase><testcase classname="src.pymortests.vectorarray" file="src/pymortests/vectorarray.py" line="1039" name="test_pairwise_dot_wrong_ind[compatible_vector_array_pair5-&lt;lambda&gt;18]" time="0.004128694534301758"></testcase><testcase classname="src.pymortests.vectorarray" file="src/pymortests/vectorarray.py" line="1039" name="test_pairwise_dot_wrong_ind[compatible_vector_array_pair5-&lt;lambda&gt;19]" time="0.0040743350982666016"></testcase><testcase classname="src.pymortests.vectorarray" file="src/pymortests/vectorarray.py" line="1039" name="test_pairwise_dot_wrong_ind[compatible_vector_array_pair5-&lt;lambda&gt;20]" time="0.03742790222167969"></testcase><testcase classname="src.pymortests.vectorarray" file="src/pymortests/vectorarray.py" line="1039" name="test_pairwise_dot_wrong_ind[compatible_vector_array_pair5-&lt;lambda&gt;21]" time="0.030379533767700195"></testcase><testcase classname="src.pymortests.vectorarray" file="src/pymortests/vectorarray.py" line="1039" name="test_pairwise_dot_wrong_ind[compatible_vector_array_pair5-&lt;lambda&gt;22]" time="0.09485554695129395"></testcase><testcase classname="src.pymortests.vectorarray" file="src/pymortests/vectorarray.py" line="1039" name="test_pairwise_dot_wrong_ind[compatible_vector_array_pair5-&lt;lambda&gt;23]" time="0.008916139602661133"></testcase><testcase classname="src.pymortests.vectorarray" file="src/pymortests/vectorarray.py" line="1039" name="test_pairwise_dot_wrong_ind[compatible_vector_array_pair5-&lt;lambda&gt;24]" time="0.0032799243927001953"></testcase><testcase classname="src.pymortests.vectorarray" file="src/pymortests/vectorarray.py" line="1039" name="test_pairwise_dot_wrong_ind[compatible_vector_array_pair5-&lt;lambda&gt;25]" time="0.004231452941894531"></testcase><testcase classname="src.pymortests.vectorarray" file="src/pymortests/vectorarray.py" line="1039" name="test_pairwise_dot_wrong_ind[compatible_vector_array_pair5-&lt;lambda&gt;26]" time="0.03351330757141113"></testcase><testcase classname="src.pymortests.vectorarray" file="src/pymortests/vectorarray.py" line="1039" name="test_pairwise_dot_wrong_ind[compatible_vector_array_pair5-&lt;lambda&gt;27]" time="0.047139644622802734"></testcase><testcase classname="src.pymortests.vectorarray" file="src/pymortests/vectorarray.py" line="1039" name="test_pairwise_dot_wrong_ind[compatible_vector_array_pair5-&lt;lambda&gt;28]" time="0.16493725776672363"></testcase><testcase classname="src.pymortests.vectorarray" file="src/pymortests/vectorarray.py" line="1039" name="test_pairwise_dot_wrong_ind[compatible_vector_array_pair5-&lt;lambda&gt;29]" time="0.011736392974853516"></testcase><testcase classname="src.pymortests.vectorarray" file="src/pymortests/vectorarray.py" line="1039" name="test_pairwise_dot_wrong_ind[compatible_vector_array_pair6-&lt;lambda&gt;0]" time="0.0034999847412109375"></testcase><testcase classname="src.pymortests.vectorarray" file="src/pymortests/vectorarray.py" line="1039" name="test_pairwise_dot_wrong_ind[compatible_vector_array_pair6-&lt;lambda&gt;1]" time="0.0034203529357910156"></testcase><testcase classname="src.pymortests.vectorarray" file="src/pymortests/vectorarray.py" line="1039" name="test_pairwise_dot_wrong_ind[compatible_vector_array_pair6-&lt;lambda&gt;2]" time="0.00536656379699707"></testcase><testcase classname="src.pymortests.vectorarray" file="src/pymortests/vectorarray.py" line="1039" name="test_pairwise_dot_wrong_ind[compatible_vector_array_pair6-&lt;lambda&gt;3]" time="0.006188631057739258"></testcase><testcase classname="src.pymortests.vectorarray" file="src/pymortests/vectorarray.py" line="1039" name="test_pairwise_dot_wrong_ind[compatible_vector_array_pair6-&lt;lambda&gt;4]" time="0.007309913635253906"></testcase><testcase classname="src.pymortests.vectorarray" file="src/pymortests/vectorarray.py" line="1039" name="test_pairwise_dot_wrong_ind[compatible_vector_array_pair6-&lt;lambda&gt;5]" time="0.005563974380493164"></testcase><testcase classname="src.pymortests.vectorarray" file="src/pymortests/vectorarray.py" line="1039" name="test_pairwise_dot_wrong_ind[compatible_vector_array_pair6-&lt;lambda&gt;6]" time="0.002409696578979492"></testcase><testcase classname="src.pymortests.vectorarray" file="src/pymortests/vectorarray.py" line="1039" name="test_pairwise_dot_wrong_ind[compatible_vector_array_pair6-&lt;lambda&gt;7]" time="0.0033342838287353516"></testcase><testcase classname="src.pymortests.vectorarray" file="src/pymortests/vectorarray.py" line="1039" name="test_pairwise_dot_wrong_ind[compatible_vector_array_pair6-&lt;lambda&gt;8]" time="0.012639284133911133"></testcase><testcase classname="src.pymortests.vectorarray" file="src/pymortests/vectorarray.py" line="1039" name="test_pairwise_dot_wrong_ind[compatible_vector_array_pair6-&lt;lambda&gt;9]" time="0.018102645874023438"></testcase><testcase classname="src.pymortests.vectorarray" file="src/pymortests/vectorarray.py" line="1039" name="test_pairwise_dot_wrong_ind[compatible_vector_array_pair6-&lt;lambda&gt;10]" time="0.05515742301940918"></testcase><testcase classname="src.pymortests.vectorarray" file="src/pymortests/vectorarray.py" line="1039" name="test_pairwise_dot_wrong_ind[compatible_vector_array_pair6-&lt;lambda&gt;11]" time="0.006967782974243164"></testcase><testcase classname="src.pymortests.vectorarray" file="src/pymortests/vectorarray.py" line="1039" name="test_pairwise_dot_wrong_ind[compatible_vector_array_pair6-&lt;lambda&gt;12]" time="0.0033288002014160156"></testcase><testcase classname="src.pymortests.vectorarray" file="src/pymortests/vectorarray.py" line="1039" name="test_pairwise_dot_wrong_ind[compatible_vector_array_pair6-&lt;lambda&gt;13]" time="0.005923748016357422"></testcase><testcase classname="src.pymortests.vectorarray" file="src/pymortests/vectorarray.py" line="1039" name="test_pairwise_dot_wrong_ind[compatible_vector_array_pair6-&lt;lambda&gt;14]" time="0.008108377456665039"></testcase><testcase classname="src.pymortests.vectorarray" file="src/pymortests/vectorarray.py" line="1039" name="test_pairwise_dot_wrong_ind[compatible_vector_array_pair6-&lt;lambda&gt;15]" time="0.00974583625793457"></testcase><testcase classname="src.pymortests.vectorarray" file="src/pymortests/vectorarray.py" line="1039" name="test_pairwise_dot_wrong_ind[compatible_vector_array_pair6-&lt;lambda&gt;16]" time="0.01264333724975586"></testcase><testcase classname="src.pymortests.vectorarray" file="src/pymortests/vectorarray.py" line="1039" name="test_pairwise_dot_wrong_ind[compatible_vector_array_pair6-&lt;lambda&gt;17]" time="0.014514446258544922"></testcase><testcase classname="src.pymortests.vectorarray" file="src/pymortests/vectorarray.py" line="1039" name="test_pairwise_dot_wrong_ind[compatible_vector_array_pair6-&lt;lambda&gt;18]" time="0.0040814876556396484"></testcase><testcase classname="src.pymortests.vectorarray" file="src/pymortests/vectorarray.py" line="1039" name="test_pairwise_dot_wrong_ind[compatible_vector_array_pair6-&lt;lambda&gt;19]" time="0.004259586334228516"></testcase><testcase classname="src.pymortests.vectorarray" file="src/pymortests/vectorarray.py" line="1039" name="test_pairwise_dot_wrong_ind[compatible_vector_array_pair6-&lt;lambda&gt;20]" time="0.03662586212158203"></testcase><testcase classname="src.pymortests.vectorarray" file="src/pymortests/vectorarray.py" line="1039" name="test_pairwise_dot_wrong_ind[compatible_vector_array_pair6-&lt;lambda&gt;21]" time="0.02989816665649414"></testcase><testcase classname="src.pymortests.vectorarray" file="src/pymortests/vectorarray.py" line="1039" name="test_pairwise_dot_wrong_ind[compatible_vector_array_pair6-&lt;lambda&gt;22]" time="0.0932765007019043"></testcase><testcase classname="src.pymortests.vectorarray" file="src/pymortests/vectorarray.py" line="1039" name="test_pairwise_dot_wrong_ind[compatible_vector_array_pair6-&lt;lambda&gt;23]" time="0.00842738151550293"></testcase><testcase classname="src.pymortests.vectorarray" file="src/pymortests/vectorarray.py" line="1039" name="test_pairwise_dot_wrong_ind[compatible_vector_array_pair6-&lt;lambda&gt;24]" time="0.0032694339752197266"></testcase><testcase classname="src.pymortests.vectorarray" file="src/pymortests/vectorarray.py" line="1039" name="test_pairwise_dot_wrong_ind[compatible_vector_array_pair6-&lt;lambda&gt;25]" time="0.004267215728759766"></testcase><testcase classname="src.pymortests.vectorarray" file="src/pymortests/vectorarray.py" line="1039" name="test_pairwise_dot_wrong_ind[compatible_vector_array_pair6-&lt;lambda&gt;26]" time="0.03331112861633301"></testcase><testcase classname="src.pymortests.vectorarray" file="src/pymortests/vectorarray.py" line="1039" name="test_pairwise_dot_wrong_ind[compatible_vector_array_pair6-&lt;lambda&gt;27]" time="0.04726529121398926"></testcase><testcase classname="src.pymortests.vectorarray" file="src/pymortests/vectorarray.py" line="1039" name="test_pairwise_dot_wrong_ind[compatible_vector_array_pair6-&lt;lambda&gt;28]" time="0.16866135597229004"></testcase><testcase classname="src.pymortests.vectorarray" file="src/pymortests/vectorarray.py" line="1039" name="test_pairwise_dot_wrong_ind[compatible_vector_array_pair6-&lt;lambda&gt;29]" time="0.010981321334838867"></testcase><testcase classname="src.pymortests.vectorarray" file="src/pymortests/vectorarray.py" line="1039" name="test_pairwise_dot_wrong_ind[compatible_vector_array_pair7-&lt;lambda&gt;0]" time="0.003409147262573242"></testcase><testcase classname="src.pymortests.vectorarray" file="src/pymortests/vectorarray.py" line="1039" name="test_pairwise_dot_wrong_ind[compatible_vector_array_pair7-&lt;lambda&gt;1]" time="0.003942728042602539"></testcase><testcase classname="src.pymortests.vectorarray" file="src/pymortests/vectorarray.py" line="1039" name="test_pairwise_dot_wrong_ind[compatible_vector_array_pair7-&lt;lambda&gt;2]" time="0.005148649215698242"></testcase><testcase classname="src.pymortests.vectorarray" file="src/pymortests/vectorarray.py" line="1039" name="test_pairwise_dot_wrong_ind[compatible_vector_array_pair7-&lt;lambda&gt;3]" time="0.0064220428466796875"></testcase><testcase classname="src.pymortests.vectorarray" file="src/pymortests/vectorarray.py" line="1039" name="test_pairwise_dot_wrong_ind[compatible_vector_array_pair7-&lt;lambda&gt;4]" time="0.007344484329223633"></testcase><testcase classname="src.pymortests.vectorarray" file="src/pymortests/vectorarray.py" line="1039" name="test_pairwise_dot_wrong_ind[compatible_vector_array_pair7-&lt;lambda&gt;5]" time="0.005165576934814453"></testcase><testcase classname="src.pymortests.vectorarray" file="src/pymortests/vectorarray.py" line="1039" name="test_pairwise_dot_wrong_ind[compatible_vector_array_pair7-&lt;lambda&gt;6]" time="0.0022954940795898438"></testcase><testcase classname="src.pymortests.vectorarray" file="src/pymortests/vectorarray.py" line="1039" name="test_pairwise_dot_wrong_ind[compatible_vector_array_pair7-&lt;lambda&gt;7]" time="0.0042989253997802734"></testcase><testcase classname="src.pymortests.vectorarray" file="src/pymortests/vectorarray.py" line="1039" name="test_pairwise_dot_wrong_ind[compatible_vector_array_pair7-&lt;lambda&gt;8]" time="0.014294147491455078"></testcase><testcase classname="src.pymortests.vectorarray" file="src/pymortests/vectorarray.py" line="1039" name="test_pairwise_dot_wrong_ind[compatible_vector_array_pair7-&lt;lambda&gt;9]" time="0.01868605613708496"></testcase><testcase classname="src.pymortests.vectorarray" file="src/pymortests/vectorarray.py" line="1039" name="test_pairwise_dot_wrong_ind[compatible_vector_array_pair7-&lt;lambda&gt;10]" time="0.05819416046142578"></testcase><testcase classname="src.pymortests.vectorarray" file="src/pymortests/vectorarray.py" line="1039" name="test_pairwise_dot_wrong_ind[compatible_vector_array_pair7-&lt;lambda&gt;11]" time="0.006943941116333008"></testcase><testcase classname="src.pymortests.vectorarray" file="src/pymortests/vectorarray.py" line="1039" name="test_pairwise_dot_wrong_ind[compatible_vector_array_pair7-&lt;lambda&gt;12]" time="0.003537416458129883"></testcase><testcase classname="src.pymortests.vectorarray" file="src/pymortests/vectorarray.py" line="1039" name="test_pairwise_dot_wrong_ind[compatible_vector_array_pair7-&lt;lambda&gt;13]" time="0.005833625793457031"></testcase><testcase classname="src.pymortests.vectorarray" file="src/pymortests/vectorarray.py" line="1039" name="test_pairwise_dot_wrong_ind[compatible_vector_array_pair7-&lt;lambda&gt;14]" time="0.007399320602416992"></testcase><testcase classname="src.pymortests.vectorarray" file="src/pymortests/vectorarray.py" line="1039" name="test_pairwise_dot_wrong_ind[compatible_vector_array_pair7-&lt;lambda&gt;15]" time="0.009542226791381836"></testcase><testcase classname="src.pymortests.vectorarray" file="src/pymortests/vectorarray.py" line="1039" name="test_pairwise_dot_wrong_ind[compatible_vector_array_pair7-&lt;lambda&gt;16]" time="0.012020349502563477"></testcase><testcase classname="src.pymortests.vectorarray" file="src/pymortests/vectorarray.py" line="1039" name="test_pairwise_dot_wrong_ind[compatible_vector_array_pair7-&lt;lambda&gt;17]" time="0.015581369400024414"></testcase><testcase classname="src.pymortests.vectorarray" file="src/pymortests/vectorarray.py" line="1039" name="test_pairwise_dot_wrong_ind[compatible_vector_array_pair7-&lt;lambda&gt;18]" time="0.004248380661010742"></testcase><testcase classname="src.pymortests.vectorarray" file="src/pymortests/vectorarray.py" line="1039" name="test_pairwise_dot_wrong_ind[compatible_vector_array_pair7-&lt;lambda&gt;19]" time="0.0044078826904296875"></testcase><testcase classname="src.pymortests.vectorarray" file="src/pymortests/vectorarray.py" line="1039" name="test_pairwise_dot_wrong_ind[compatible_vector_array_pair7-&lt;lambda&gt;20]" time="0.0387418270111084"></testcase><testcase classname="src.pymortests.vectorarray" file="src/pymortests/vectorarray.py" line="1039" name="test_pairwise_dot_wrong_ind[compatible_vector_array_pair7-&lt;lambda&gt;21]" time="0.030131816864013672"></testcase><testcase classname="src.pymortests.vectorarray" file="src/pymortests/vectorarray.py" line="1039" name="test_pairwise_dot_wrong_ind[compatible_vector_array_pair7-&lt;lambda&gt;22]" time="0.09581279754638672"></testcase><testcase classname="src.pymortests.vectorarray" file="src/pymortests/vectorarray.py" line="1039" name="test_pairwise_dot_wrong_ind[compatible_vector_array_pair7-&lt;lambda&gt;23]" time="0.008319854736328125"></testcase><testcase classname="src.pymortests.vectorarray" file="src/pymortests/vectorarray.py" line="1039" name="test_pairwise_dot_wrong_ind[compatible_vector_array_pair7-&lt;lambda&gt;24]" time="0.003266572952270508"></testcase><testcase classname="src.pymortests.vectorarray" file="src/pymortests/vectorarray.py" line="1039" name="test_pairwise_dot_wrong_ind[compatible_vector_array_pair7-&lt;lambda&gt;25]" time="0.004574298858642578"></testcase><testcase classname="src.pymortests.vectorarray" file="src/pymortests/vectorarray.py" line="1039" name="test_pairwise_dot_wrong_ind[compatible_vector_array_pair7-&lt;lambda&gt;26]" time="0.03509068489074707"></testcase><testcase classname="src.pymortests.vectorarray" file="src/pymortests/vectorarray.py" line="1039" name="test_pairwise_dot_wrong_ind[compatible_vector_array_pair7-&lt;lambda&gt;27]" time="0.04790973663330078"></testcase><testcase classname="src.pymortests.vectorarray" file="src/pymortests/vectorarray.py" line="1039" name="test_pairwise_dot_wrong_ind[compatible_vector_array_pair7-&lt;lambda&gt;28]" time="0.17061710357666016"></testcase><testcase classname="src.pymortests.vectorarray" file="src/pymortests/vectorarray.py" line="1039" name="test_pairwise_dot_wrong_ind[compatible_vector_array_pair7-&lt;lambda&gt;29]" time="0.014838218688964844"></testcase><testcase classname="src.pymortests.vectorarray" file="src/pymortests/vectorarray.py" line="1039" name="test_pairwise_dot_wrong_ind[compatible_vector_array_pair8-&lt;lambda&gt;0]" time="0.003421306610107422"></testcase><testcase classname="src.pymortests.vectorarray" file="src/pymortests/vectorarray.py" line="1039" name="test_pairwise_dot_wrong_ind[compatible_vector_array_pair8-&lt;lambda&gt;1]" time="0.0042629241943359375"></testcase><testcase classname="src.pymortests.vectorarray" file="src/pymortests/vectorarray.py" line="1039" name="test_pairwise_dot_wrong_ind[compatible_vector_array_pair8-&lt;lambda&gt;2]" time="0.005706071853637695"></testcase><testcase classname="src.pymortests.vectorarray" file="src/pymortests/vectorarray.py" line="1039" name="test_pairwise_dot_wrong_ind[compatible_vector_array_pair8-&lt;lambda&gt;3]" time="0.006324291229248047"></testcase><testcase classname="src.pymortests.vectorarray" file="src/pymortests/vectorarray.py" line="1039" name="test_pairwise_dot_wrong_ind[compatible_vector_array_pair8-&lt;lambda&gt;4]" time="0.008493423461914062"></testcase><testcase classname="src.pymortests.vectorarray" file="src/pymortests/vectorarray.py" line="1039" name="test_pairwise_dot_wrong_ind[compatible_vector_array_pair8-&lt;lambda&gt;5]" time="0.0063517093658447266"></testcase><testcase classname="src.pymortests.vectorarray" file="src/pymortests/vectorarray.py" line="1039" name="test_pairwise_dot_wrong_ind[compatible_vector_array_pair8-&lt;lambda&gt;6]" time="0.0023789405822753906"></testcase><testcase classname="src.pymortests.vectorarray" file="src/pymortests/vectorarray.py" line="1039" name="test_pairwise_dot_wrong_ind[compatible_vector_array_pair8-&lt;lambda&gt;7]" time="0.004151105880737305"></testcase><testcase classname="src.pymortests.vectorarray" file="src/pymortests/vectorarray.py" line="1039" name="test_pairwise_dot_wrong_ind[compatible_vector_array_pair8-&lt;lambda&gt;8]" time="0.01652050018310547"></testcase><testcase classname="src.pymortests.vectorarray" file="src/pymortests/vectorarray.py" line="1039" name="test_pairwise_dot_wrong_ind[compatible_vector_array_pair8-&lt;lambda&gt;9]" time="0.021281719207763672"></testcase><testcase classname="src.pymortests.vectorarray" file="src/pymortests/vectorarray.py" line="1039" name="test_pairwise_dot_wrong_ind[compatible_vector_array_pair8-&lt;lambda&gt;10]" time="0.06124758720397949"></testcase><testcase classname="src.pymortests.vectorarray" file="src/pymortests/vectorarray.py" line="1039" name="test_pairwise_dot_wrong_ind[compatible_vector_array_pair8-&lt;lambda&gt;11]" time="0.008270263671875"></testcase><testcase classname="src.pymortests.vectorarray" file="src/pymortests/vectorarray.py" line="1039" name="test_pairwise_dot_wrong_ind[compatible_vector_array_pair8-&lt;lambda&gt;12]" time="0.004643678665161133"></testcase><testcase classname="src.pymortests.vectorarray" file="src/pymortests/vectorarray.py" line="1039" name="test_pairwise_dot_wrong_ind[compatible_vector_array_pair8-&lt;lambda&gt;13]" time="0.006031513214111328"></testcase><testcase classname="src.pymortests.vectorarray" file="src/pymortests/vectorarray.py" line="1039" name="test_pairwise_dot_wrong_ind[compatible_vector_array_pair8-&lt;lambda&gt;14]" time="0.007184028625488281"></testcase><testcase classname="src.pymortests.vectorarray" file="src/pymortests/vectorarray.py" line="1039" name="test_pairwise_dot_wrong_ind[compatible_vector_array_pair8-&lt;lambda&gt;15]" time="0.009485244750976562"></testcase><testcase classname="src.pymortests.vectorarray" file="src/pymortests/vectorarray.py" line="1039" name="test_pairwise_dot_wrong_ind[compatible_vector_array_pair8-&lt;lambda&gt;16]" time="0.011938333511352539"></testcase><testcase classname="src.pymortests.vectorarray" file="src/pymortests/vectorarray.py" line="1039" name="test_pairwise_dot_wrong_ind[compatible_vector_array_pair8-&lt;lambda&gt;17]" time="0.015995502471923828"></testcase><testcase classname="src.pymortests.vectorarray" file="src/pymortests/vectorarray.py" line="1039" name="test_pairwise_dot_wrong_ind[compatible_vector_array_pair8-&lt;lambda&gt;18]" time="0.00410771369934082"></testcase><testcase classname="src.pymortests.vectorarray" file="src/pymortests/vectorarray.py" line="1039" name="test_pairwise_dot_wrong_ind[compatible_vector_array_pair8-&lt;lambda&gt;19]" time="0.004126787185668945"></testcase><testcase classname="src.pymortests.vectorarray" file="src/pymortests/vectorarray.py" line="1039" name="test_pairwise_dot_wrong_ind[compatible_vector_array_pair8-&lt;lambda&gt;20]" time="0.03760123252868652"></testcase><testcase classname="src.pymortests.vectorarray" file="src/pymortests/vectorarray.py" line="1039" name="test_pairwise_dot_wrong_ind[compatible_vector_array_pair8-&lt;lambda&gt;21]" time="0.029218435287475586"></testcase><testcase classname="src.pymortests.vectorarray" file="src/pymortests/vectorarray.py" line="1039" name="test_pairwise_dot_wrong_ind[compatible_vector_array_pair8-&lt;lambda&gt;22]" time="0.09542131423950195"></testcase><testcase classname="src.pymortests.vectorarray" file="src/pymortests/vectorarray.py" line="1039" name="test_pairwise_dot_wrong_ind[compatible_vector_array_pair8-&lt;lambda&gt;23]" time="0.008805990219116211"></testcase><testcase classname="src.pymortests.vectorarray" file="src/pymortests/vectorarray.py" line="1039" name="test_pairwise_dot_wrong_ind[compatible_vector_array_pair8-&lt;lambda&gt;24]" time="0.0032377243041992188"></testcase><testcase classname="src.pymortests.vectorarray" file="src/pymortests/vectorarray.py" line="1039" name="test_pairwise_dot_wrong_ind[compatible_vector_array_pair8-&lt;lambda&gt;25]" time="0.004287242889404297"></testcase><testcase classname="src.pymortests.vectorarray" file="src/pymortests/vectorarray.py" line="1039" name="test_pairwise_dot_wrong_ind[compatible_vector_array_pair8-&lt;lambda&gt;26]" time="0.034050941467285156"></testcase><testcase classname="src.pymortests.vectorarray" file="src/pymortests/vectorarray.py" line="1039" name="test_pairwise_dot_wrong_ind[compatible_vector_array_pair8-&lt;lambda&gt;27]" time="0.0467832088470459"></testcase><testcase classname="src.pymortests.vectorarray" file="src/pymortests/vectorarray.py" line="1039" name="test_pairwise_dot_wrong_ind[compatible_vector_array_pair8-&lt;lambda&gt;28]" time="0.16478610038757324"></testcase><testcase classname="src.pymortests.vectorarray" file="src/pymortests/vectorarray.py" line="1039" name="test_pairwise_dot_wrong_ind[compatible_vector_array_pair8-&lt;lambda&gt;29]" time="0.010419368743896484"></testcase><testcase classname="src.pymortests.vectorarray" file="src/pymortests/vectorarray.py" line="1047" name="test_pickle[0-&lt;lambda&gt;0]" time="0.005153656005859375"></testcase><testcase classname="src.pymortests.vectorarray" file="src/pymortests/vectorarray.py" line="1047" name="test_pickle[0-&lt;lambda&gt;1]" time="0.001689910888671875"></testcase><testcase classname="src.pymortests.vectorarray" file="src/pymortests/vectorarray.py" line="1047" name="test_pickle[0-&lt;lambda&gt;2]" time="0.0016558170318603516"></testcase><testcase classname="src.pymortests.vectorarray" file="src/pymortests/vectorarray.py" line="1047" name="test_pickle[0-&lt;lambda&gt;3]" time="0.0016665458679199219"></testcase><testcase classname="src.pymortests.vectorarray" file="src/pymortests/vectorarray.py" line="1047" name="test_pickle[0-&lt;lambda&gt;4]" time="0.001522064208984375"></testcase><testcase classname="src.pymortests.vectorarray" file="src/pymortests/vectorarray.py" line="1047" name="test_pickle[0-&lt;lambda&gt;5]" time="0.0015773773193359375"></testcase><testcase classname="src.pymortests.vectorarray" file="src/pymortests/vectorarray.py" line="1047" name="test_pickle[0-&lt;lambda&gt;6]" time="0.0014567375183105469"></testcase><testcase classname="src.pymortests.vectorarray" file="src/pymortests/vectorarray.py" line="1047" name="test_pickle[0-&lt;lambda&gt;7]" time="0.0018191337585449219"></testcase><testcase classname="src.pymortests.vectorarray" file="src/pymortests/vectorarray.py" line="1047" name="test_pickle[0-&lt;lambda&gt;8]" time="0.00391840934753418"></testcase><testcase classname="src.pymortests.vectorarray" file="src/pymortests/vectorarray.py" line="1047" name="test_pickle[0-&lt;lambda&gt;9]" time="0.008632898330688477"></testcase><testcase classname="src.pymortests.vectorarray" file="src/pymortests/vectorarray.py" line="1047" name="test_pickle[0-&lt;lambda&gt;10]" time="0.002702951431274414"></testcase><testcase classname="src.pymortests.vectorarray" file="src/pymortests/vectorarray.py" line="1047" name="test_pickle[0-&lt;lambda&gt;11]" time="0.002008676528930664"></testcase><testcase classname="src.pymortests.vectorarray" file="src/pymortests/vectorarray.py" line="1047" name="test_pickle[0-&lt;lambda&gt;12]" time="0.0018122196197509766"></testcase><testcase classname="src.pymortests.vectorarray" file="src/pymortests/vectorarray.py" line="1047" name="test_pickle[0-&lt;lambda&gt;13]" time="0.0017440319061279297"></testcase><testcase classname="src.pymortests.vectorarray" file="src/pymortests/vectorarray.py" line="1047" name="test_pickle[0-&lt;lambda&gt;14]" time="0.002481222152709961"></testcase><testcase classname="src.pymortests.vectorarray" file="src/pymortests/vectorarray.py" line="1047" name="test_pickle[0-&lt;lambda&gt;15]" time="0.002049684524536133"></testcase><testcase classname="src.pymortests.vectorarray" file="src/pymortests/vectorarray.py" line="1047" name="test_pickle[0-&lt;lambda&gt;16]" time="0.0020411014556884766"></testcase><testcase classname="src.pymortests.vectorarray" file="src/pymortests/vectorarray.py" line="1047" name="test_pickle[1-&lt;lambda&gt;0]" time="0.001573324203491211"></testcase><testcase classname="src.pymortests.vectorarray" file="src/pymortests/vectorarray.py" line="1047" name="test_pickle[1-&lt;lambda&gt;1]" time="0.0014121532440185547"></testcase><testcase classname="src.pymortests.vectorarray" file="src/pymortests/vectorarray.py" line="1047" name="test_pickle[1-&lt;lambda&gt;2]" time="0.001589059829711914"></testcase><testcase classname="src.pymortests.vectorarray" file="src/pymortests/vectorarray.py" line="1047" name="test_pickle[1-&lt;lambda&gt;3]" time="0.0016510486602783203"></testcase><testcase classname="src.pymortests.vectorarray" file="src/pymortests/vectorarray.py" line="1047" name="test_pickle[1-&lt;lambda&gt;4]" time="0.0015976428985595703"></testcase><testcase classname="src.pymortests.vectorarray" file="src/pymortests/vectorarray.py" line="1047" name="test_pickle[1-&lt;lambda&gt;5]" time="0.0013320446014404297"></testcase><testcase classname="src.pymortests.vectorarray" file="src/pymortests/vectorarray.py" line="1047" name="test_pickle[1-&lt;lambda&gt;6]" time="0.0013325214385986328"></testcase><testcase classname="src.pymortests.vectorarray" file="src/pymortests/vectorarray.py" line="1047" name="test_pickle[1-&lt;lambda&gt;7]" time="0.0016884803771972656"></testcase><testcase classname="src.pymortests.vectorarray" file="src/pymortests/vectorarray.py" line="1047" name="test_pickle[1-&lt;lambda&gt;8]" time="0.005160093307495117"></testcase><testcase classname="src.pymortests.vectorarray" file="src/pymortests/vectorarray.py" line="1047" name="test_pickle[1-&lt;lambda&gt;9]" time="0.012667179107666016"></testcase><testcase classname="src.pymortests.vectorarray" file="src/pymortests/vectorarray.py" line="1047" name="test_pickle[1-&lt;lambda&gt;10]" time="0.0021131038665771484"></testcase><testcase classname="src.pymortests.vectorarray" file="src/pymortests/vectorarray.py" line="1047" name="test_pickle[1-&lt;lambda&gt;11]" time="0.001974344253540039"></testcase><testcase classname="src.pymortests.vectorarray" file="src/pymortests/vectorarray.py" line="1047" name="test_pickle[1-&lt;lambda&gt;12]" time="0.0019392967224121094"></testcase><testcase classname="src.pymortests.vectorarray" file="src/pymortests/vectorarray.py" line="1047" name="test_pickle[1-&lt;lambda&gt;13]" time="0.0017459392547607422"></testcase><testcase classname="src.pymortests.vectorarray" file="src/pymortests/vectorarray.py" line="1047" name="test_pickle[1-&lt;lambda&gt;14]" time="0.0019168853759765625"></testcase><testcase classname="src.pymortests.vectorarray" file="src/pymortests/vectorarray.py" line="1047" name="test_pickle[1-&lt;lambda&gt;15]" time="0.0020585060119628906"></testcase><testcase classname="src.pymortests.vectorarray" file="src/pymortests/vectorarray.py" line="1047" name="test_pickle[1-&lt;lambda&gt;16]" time="0.0020198822021484375"></testcase><testcase classname="src.pymortests.vectorarray" file="src/pymortests/vectorarray.py" line="1047" name="test_pickle[2-&lt;lambda&gt;0]" time="0.0014576911926269531"></testcase><testcase classname="src.pymortests.vectorarray" file="src/pymortests/vectorarray.py" line="1047" name="test_pickle[2-&lt;lambda&gt;1]" time="0.0015227794647216797"></testcase><testcase classname="src.pymortests.vectorarray" file="src/pymortests/vectorarray.py" line="1047" name="test_pickle[2-&lt;lambda&gt;2]" time="0.0014629364013671875"></testcase><testcase classname="src.pymortests.vectorarray" file="src/pymortests/vectorarray.py" line="1047" name="test_pickle[2-&lt;lambda&gt;3]" time="0.0018694400787353516"></testcase><testcase classname="src.pymortests.vectorarray" file="src/pymortests/vectorarray.py" line="1047" name="test_pickle[2-&lt;lambda&gt;4]" time="0.0015254020690917969"></testcase><testcase classname="src.pymortests.vectorarray" file="src/pymortests/vectorarray.py" line="1047" name="test_pickle[2-&lt;lambda&gt;5]" time="0.0013515949249267578"></testcase><testcase classname="src.pymortests.vectorarray" file="src/pymortests/vectorarray.py" line="1047" name="test_pickle[2-&lt;lambda&gt;6]" time="0.0013341903686523438"></testcase><testcase classname="src.pymortests.vectorarray" file="src/pymortests/vectorarray.py" line="1047" name="test_pickle[2-&lt;lambda&gt;7]" time="0.001657724380493164"></testcase><testcase classname="src.pymortests.vectorarray" file="src/pymortests/vectorarray.py" line="1047" name="test_pickle[2-&lt;lambda&gt;8]" time="0.005333662033081055"></testcase><testcase classname="src.pymortests.vectorarray" file="src/pymortests/vectorarray.py" line="1047" name="test_pickle[2-&lt;lambda&gt;9]" time="0.012158393859863281"></testcase><testcase classname="src.pymortests.vectorarray" file="src/pymortests/vectorarray.py" line="1047" name="test_pickle[2-&lt;lambda&gt;10]" time="0.0020809173583984375"></testcase><testcase classname="src.pymortests.vectorarray" file="src/pymortests/vectorarray.py" line="1047" name="test_pickle[2-&lt;lambda&gt;11]" time="0.002157449722290039"></testcase><testcase classname="src.pymortests.vectorarray" file="src/pymortests/vectorarray.py" line="1047" name="test_pickle[2-&lt;lambda&gt;12]" time="0.0018908977508544922"></testcase><testcase classname="src.pymortests.vectorarray" file="src/pymortests/vectorarray.py" line="1047" name="test_pickle[2-&lt;lambda&gt;13]" time="0.0017235279083251953"></testcase><testcase classname="src.pymortests.vectorarray" file="src/pymortests/vectorarray.py" line="1047" name="test_pickle[2-&lt;lambda&gt;14]" time="0.001924753189086914"></testcase><testcase classname="src.pymortests.vectorarray" file="src/pymortests/vectorarray.py" line="1047" name="test_pickle[2-&lt;lambda&gt;15]" time="0.0019409656524658203"></testcase><testcase classname="src.pymortests.vectorarray" file="src/pymortests/vectorarray.py" line="1047" name="test_pickle[2-&lt;lambda&gt;16]" time="0.002119779586791992"></testcase><testcase classname="src.pymortests.algorithms.basic" file="src/pymortests/algorithms/basic.py" line="21" name="test_almost_equal[compatible_vector_array_pair0-&lt;lambda&gt;0]" time="0.008652448654174805"></testcase><testcase classname="src.pymortests.algorithms.basic" file="src/pymortests/algorithms/basic.py" line="21" name="test_almost_equal[compatible_vector_array_pair0-&lt;lambda&gt;1]" time="0.0033795833587646484"></testcase><testcase classname="src.pymortests.algorithms.basic" file="src/pymortests/algorithms/basic.py" line="21" name="test_almost_equal[compatible_vector_array_pair0-&lt;lambda&gt;2]" time="0.02182936668395996"></testcase><testcase classname="src.pymortests.algorithms.basic" file="src/pymortests/algorithms/basic.py" line="21" name="test_almost_equal[compatible_vector_array_pair0-&lt;lambda&gt;3]" time="0.023900985717773438"></testcase><testcase classname="src.pymortests.algorithms.basic" file="src/pymortests/algorithms/basic.py" line="21" name="test_almost_equal[compatible_vector_array_pair0-&lt;lambda&gt;4]" time="0.03203535079956055"></testcase><testcase classname="src.pymortests.algorithms.basic" file="src/pymortests/algorithms/basic.py" line="21" name="test_almost_equal[compatible_vector_array_pair0-&lt;lambda&gt;5]" time="0.03150463104248047"></testcase><testcase classname="src.pymortests.algorithms.basic" file="src/pymortests/algorithms/basic.py" line="21" name="test_almost_equal[compatible_vector_array_pair0-&lt;lambda&gt;6]" time="0.008253812789916992"></testcase><testcase classname="src.pymortests.algorithms.basic" file="src/pymortests/algorithms/basic.py" line="21" name="test_almost_equal[compatible_vector_array_pair0-&lt;lambda&gt;7]" time="0.0029320716857910156"></testcase><testcase classname="src.pymortests.algorithms.basic" file="src/pymortests/algorithms/basic.py" line="21" name="test_almost_equal[compatible_vector_array_pair0-&lt;lambda&gt;8]" time="0.030890703201293945"></testcase><testcase classname="src.pymortests.algorithms.basic" file="src/pymortests/algorithms/basic.py" line="21" name="test_almost_equal[compatible_vector_array_pair0-&lt;lambda&gt;9]" time="0.04377388954162598"></testcase><testcase classname="src.pymortests.algorithms.basic" file="src/pymortests/algorithms/basic.py" line="21" name="test_almost_equal[compatible_vector_array_pair0-&lt;lambda&gt;10]" time="0.14363741874694824"></testcase><testcase classname="src.pymortests.algorithms.basic" file="src/pymortests/algorithms/basic.py" line="21" name="test_almost_equal[compatible_vector_array_pair0-&lt;lambda&gt;11]" time="0.03632545471191406"></testcase><testcase classname="src.pymortests.algorithms.basic" file="src/pymortests/algorithms/basic.py" line="21" name="test_almost_equal[compatible_vector_array_pair0-&lt;lambda&gt;12]" time="0.021926164627075195"></testcase><testcase classname="src.pymortests.algorithms.basic" file="src/pymortests/algorithms/basic.py" line="21" name="test_almost_equal[compatible_vector_array_pair0-&lt;lambda&gt;13]" time="0.006012439727783203"></testcase><testcase classname="src.pymortests.algorithms.basic" file="src/pymortests/algorithms/basic.py" line="21" name="test_almost_equal[compatible_vector_array_pair0-&lt;lambda&gt;14]" time="0.032756805419921875"></testcase><testcase classname="src.pymortests.algorithms.basic" file="src/pymortests/algorithms/basic.py" line="21" name="test_almost_equal[compatible_vector_array_pair0-&lt;lambda&gt;15]" time="0.04849553108215332"></testcase><testcase classname="src.pymortests.algorithms.basic" file="src/pymortests/algorithms/basic.py" line="21" name="test_almost_equal[compatible_vector_array_pair0-&lt;lambda&gt;16]" time="0.05326056480407715"></testcase><testcase classname="src.pymortests.algorithms.basic" file="src/pymortests/algorithms/basic.py" line="21" name="test_almost_equal[compatible_vector_array_pair0-&lt;lambda&gt;17]" time="0.0758066177368164"></testcase><testcase classname="src.pymortests.algorithms.basic" file="src/pymortests/algorithms/basic.py" line="21" name="test_almost_equal[compatible_vector_array_pair0-&lt;lambda&gt;18]" time="0.03148245811462402"></testcase><testcase classname="src.pymortests.algorithms.basic" file="src/pymortests/algorithms/basic.py" line="21" name="test_almost_equal[compatible_vector_array_pair0-&lt;lambda&gt;19]" time="0.006816864013671875"></testcase><testcase classname="src.pymortests.algorithms.basic" file="src/pymortests/algorithms/basic.py" line="21" name="test_almost_equal[compatible_vector_array_pair0-&lt;lambda&gt;20]" time="0.18533730506896973"></testcase><testcase classname="src.pymortests.algorithms.basic" file="src/pymortests/algorithms/basic.py" line="21" name="test_almost_equal[compatible_vector_array_pair0-&lt;lambda&gt;21]" time="0.10149812698364258"></testcase><testcase classname="src.pymortests.algorithms.basic" file="src/pymortests/algorithms/basic.py" line="21" name="test_almost_equal[compatible_vector_array_pair0-&lt;lambda&gt;22]" time="0.3500058650970459"></testcase><testcase classname="src.pymortests.algorithms.basic" file="src/pymortests/algorithms/basic.py" line="21" name="test_almost_equal[compatible_vector_array_pair0-&lt;lambda&gt;23]" time="0.0879368782043457"></testcase><testcase classname="src.pymortests.algorithms.basic" file="src/pymortests/algorithms/basic.py" line="21" name="test_almost_equal[compatible_vector_array_pair0-&lt;lambda&gt;24]" time="0.009462118148803711"></testcase><testcase classname="src.pymortests.algorithms.basic" file="src/pymortests/algorithms/basic.py" line="21" name="test_almost_equal[compatible_vector_array_pair0-&lt;lambda&gt;25]" time="0.005066394805908203"></testcase><testcase classname="src.pymortests.algorithms.basic" file="src/pymortests/algorithms/basic.py" line="21" name="test_almost_equal[compatible_vector_array_pair0-&lt;lambda&gt;26]" time="0.3630976676940918"></testcase><testcase classname="src.pymortests.algorithms.basic" file="src/pymortests/algorithms/basic.py" line="21" name="test_almost_equal[compatible_vector_array_pair0-&lt;lambda&gt;27]" time="0.5995779037475586"></testcase><testcase classname="src.pymortests.algorithms.basic" file="src/pymortests/algorithms/basic.py" line="21" name="test_almost_equal[compatible_vector_array_pair0-&lt;lambda&gt;28]" time="3.1188526153564453"></testcase><testcase classname="src.pymortests.algorithms.basic" file="src/pymortests/algorithms/basic.py" line="21" name="test_almost_equal[compatible_vector_array_pair0-&lt;lambda&gt;29]" time="0.19422364234924316"></testcase><testcase classname="src.pymortests.algorithms.basic" file="src/pymortests/algorithms/basic.py" line="21" name="test_almost_equal[compatible_vector_array_pair1-&lt;lambda&gt;0]" time="0.009964227676391602"></testcase><testcase classname="src.pymortests.algorithms.basic" file="src/pymortests/algorithms/basic.py" line="21" name="test_almost_equal[compatible_vector_array_pair1-&lt;lambda&gt;1]" time="0.004527568817138672"></testcase><testcase classname="src.pymortests.algorithms.basic" file="src/pymortests/algorithms/basic.py" line="21" name="test_almost_equal[compatible_vector_array_pair1-&lt;lambda&gt;2]" time="0.02150583267211914"></testcase><testcase classname="src.pymortests.algorithms.basic" file="src/pymortests/algorithms/basic.py" line="21" name="test_almost_equal[compatible_vector_array_pair1-&lt;lambda&gt;3]" time="0.023555755615234375"></testcase><testcase classname="src.pymortests.algorithms.basic" file="src/pymortests/algorithms/basic.py" line="21" name="test_almost_equal[compatible_vector_array_pair1-&lt;lambda&gt;4]" time="0.03423738479614258"></testcase><testcase classname="src.pymortests.algorithms.basic" file="src/pymortests/algorithms/basic.py" line="21" name="test_almost_equal[compatible_vector_array_pair1-&lt;lambda&gt;5]" time="0.03392338752746582"></testcase><testcase classname="src.pymortests.algorithms.basic" file="src/pymortests/algorithms/basic.py" line="21" name="test_almost_equal[compatible_vector_array_pair1-&lt;lambda&gt;6]" time="0.009172201156616211"></testcase><testcase classname="src.pymortests.algorithms.basic" file="src/pymortests/algorithms/basic.py" line="21" name="test_almost_equal[compatible_vector_array_pair1-&lt;lambda&gt;7]" time="0.004609584808349609"></testcase><testcase classname="src.pymortests.algorithms.basic" file="src/pymortests/algorithms/basic.py" line="21" name="test_almost_equal[compatible_vector_array_pair1-&lt;lambda&gt;8]" time="0.030918359756469727"></testcase><testcase classname="src.pymortests.algorithms.basic" file="src/pymortests/algorithms/basic.py" line="21" name="test_almost_equal[compatible_vector_array_pair1-&lt;lambda&gt;9]" time="0.042111873626708984"></testcase><testcase classname="src.pymortests.algorithms.basic" file="src/pymortests/algorithms/basic.py" line="21" name="test_almost_equal[compatible_vector_array_pair1-&lt;lambda&gt;10]" time="0.13227224349975586"></testcase><testcase classname="src.pymortests.algorithms.basic" file="src/pymortests/algorithms/basic.py" line="21" name="test_almost_equal[compatible_vector_array_pair1-&lt;lambda&gt;11]" time="0.03511953353881836"></testcase><testcase classname="src.pymortests.algorithms.basic" file="src/pymortests/algorithms/basic.py" line="21" name="test_almost_equal[compatible_vector_array_pair1-&lt;lambda&gt;12]" time="0.022400379180908203"></testcase><testcase classname="src.pymortests.algorithms.basic" file="src/pymortests/algorithms/basic.py" line="21" name="test_almost_equal[compatible_vector_array_pair1-&lt;lambda&gt;13]" time="0.006417036056518555"></testcase><testcase classname="src.pymortests.algorithms.basic" file="src/pymortests/algorithms/basic.py" line="21" name="test_almost_equal[compatible_vector_array_pair1-&lt;lambda&gt;14]" time="0.02962207794189453"></testcase><testcase classname="src.pymortests.algorithms.basic" file="src/pymortests/algorithms/basic.py" line="21" name="test_almost_equal[compatible_vector_array_pair1-&lt;lambda&gt;15]" time="0.047976016998291016"></testcase><testcase classname="src.pymortests.algorithms.basic" file="src/pymortests/algorithms/basic.py" line="21" name="test_almost_equal[compatible_vector_array_pair1-&lt;lambda&gt;16]" time="0.058025360107421875"></testcase><testcase classname="src.pymortests.algorithms.basic" file="src/pymortests/algorithms/basic.py" line="21" name="test_almost_equal[compatible_vector_array_pair1-&lt;lambda&gt;17]" time="0.07725739479064941"></testcase><testcase classname="src.pymortests.algorithms.basic" file="src/pymortests/algorithms/basic.py" line="21" name="test_almost_equal[compatible_vector_array_pair1-&lt;lambda&gt;18]" time="0.03089118003845215"></testcase><testcase classname="src.pymortests.algorithms.basic" file="src/pymortests/algorithms/basic.py" line="21" name="test_almost_equal[compatible_vector_array_pair1-&lt;lambda&gt;19]" time="0.0065686702728271484"></testcase><testcase classname="src.pymortests.algorithms.basic" file="src/pymortests/algorithms/basic.py" line="21" name="test_almost_equal[compatible_vector_array_pair1-&lt;lambda&gt;20]" time="0.18227624893188477"></testcase><testcase classname="src.pymortests.algorithms.basic" file="src/pymortests/algorithms/basic.py" line="21" name="test_almost_equal[compatible_vector_array_pair1-&lt;lambda&gt;21]" time="0.10149860382080078"></testcase><testcase classname="src.pymortests.algorithms.basic" file="src/pymortests/algorithms/basic.py" line="21" name="test_almost_equal[compatible_vector_array_pair1-&lt;lambda&gt;22]" time="0.3460354804992676"></testcase><testcase classname="src.pymortests.algorithms.basic" file="src/pymortests/algorithms/basic.py" line="21" name="test_almost_equal[compatible_vector_array_pair1-&lt;lambda&gt;23]" time="0.08752179145812988"></testcase><testcase classname="src.pymortests.algorithms.basic" file="src/pymortests/algorithms/basic.py" line="21" name="test_almost_equal[compatible_vector_array_pair1-&lt;lambda&gt;24]" time="0.010179519653320312"></testcase><testcase classname="src.pymortests.algorithms.basic" file="src/pymortests/algorithms/basic.py" line="21" name="test_almost_equal[compatible_vector_array_pair1-&lt;lambda&gt;25]" time="0.005944728851318359"></testcase><testcase classname="src.pymortests.algorithms.basic" file="src/pymortests/algorithms/basic.py" line="21" name="test_almost_equal[compatible_vector_array_pair1-&lt;lambda&gt;26]" time="0.3734242916107178"></testcase><testcase classname="src.pymortests.algorithms.basic" file="src/pymortests/algorithms/basic.py" line="21" name="test_almost_equal[compatible_vector_array_pair1-&lt;lambda&gt;27]" time="0.5897271633148193"></testcase><testcase classname="src.pymortests.algorithms.basic" file="src/pymortests/algorithms/basic.py" line="21" name="test_almost_equal[compatible_vector_array_pair1-&lt;lambda&gt;28]" time="3.1711387634277344"></testcase><testcase classname="src.pymortests.algorithms.basic" file="src/pymortests/algorithms/basic.py" line="21" name="test_almost_equal[compatible_vector_array_pair1-&lt;lambda&gt;29]" time="0.1956629753112793"></testcase><testcase classname="src.pymortests.algorithms.basic" file="src/pymortests/algorithms/basic.py" line="21" name="test_almost_equal[compatible_vector_array_pair2-&lt;lambda&gt;0]" time="0.009112834930419922"></testcase><testcase classname="src.pymortests.algorithms.basic" file="src/pymortests/algorithms/basic.py" line="21" name="test_almost_equal[compatible_vector_array_pair2-&lt;lambda&gt;1]" time="0.0030090808868408203"></testcase><testcase classname="src.pymortests.algorithms.basic" file="src/pymortests/algorithms/basic.py" line="21" name="test_almost_equal[compatible_vector_array_pair2-&lt;lambda&gt;2]" time="0.021176815032958984"></testcase><testcase classname="src.pymortests.algorithms.basic" file="src/pymortests/algorithms/basic.py" line="21" name="test_almost_equal[compatible_vector_array_pair2-&lt;lambda&gt;3]" time="0.023659229278564453"></testcase><testcase classname="src.pymortests.algorithms.basic" file="src/pymortests/algorithms/basic.py" line="21" name="test_almost_equal[compatible_vector_array_pair2-&lt;lambda&gt;4]" time="0.031981468200683594"></testcase><testcase classname="src.pymortests.algorithms.basic" file="src/pymortests/algorithms/basic.py" line="21" name="test_almost_equal[compatible_vector_array_pair2-&lt;lambda&gt;5]" time="0.031640052795410156"></testcase><testcase classname="src.pymortests.algorithms.basic" file="src/pymortests/algorithms/basic.py" line="21" name="test_almost_equal[compatible_vector_array_pair2-&lt;lambda&gt;6]" time="0.008563995361328125"></testcase><testcase classname="src.pymortests.algorithms.basic" file="src/pymortests/algorithms/basic.py" line="21" name="test_almost_equal[compatible_vector_array_pair2-&lt;lambda&gt;7]" time="0.003880023956298828"></testcase><testcase classname="src.pymortests.algorithms.basic" file="src/pymortests/algorithms/basic.py" line="21" name="test_almost_equal[compatible_vector_array_pair2-&lt;lambda&gt;8]" time="0.030855178833007812"></testcase><testcase classname="src.pymortests.algorithms.basic" file="src/pymortests/algorithms/basic.py" line="21" name="test_almost_equal[compatible_vector_array_pair2-&lt;lambda&gt;9]" time="0.04328441619873047"></testcase><testcase classname="src.pymortests.algorithms.basic" file="src/pymortests/algorithms/basic.py" line="21" name="test_almost_equal[compatible_vector_array_pair2-&lt;lambda&gt;10]" time="0.1345844268798828"></testcase><testcase classname="src.pymortests.algorithms.basic" file="src/pymortests/algorithms/basic.py" line="21" name="test_almost_equal[compatible_vector_array_pair2-&lt;lambda&gt;11]" time="0.036626577377319336"></testcase><testcase classname="src.pymortests.algorithms.basic" file="src/pymortests/algorithms/basic.py" line="21" name="test_almost_equal[compatible_vector_array_pair2-&lt;lambda&gt;12]" time="0.023133039474487305"></testcase><testcase classname="src.pymortests.algorithms.basic" file="src/pymortests/algorithms/basic.py" line="21" name="test_almost_equal[compatible_vector_array_pair2-&lt;lambda&gt;13]" time="0.006702899932861328"></testcase><testcase classname="src.pymortests.algorithms.basic" file="src/pymortests/algorithms/basic.py" line="21" name="test_almost_equal[compatible_vector_array_pair2-&lt;lambda&gt;14]" time="0.030483722686767578"></testcase><testcase classname="src.pymortests.algorithms.basic" file="src/pymortests/algorithms/basic.py" line="21" name="test_almost_equal[compatible_vector_array_pair2-&lt;lambda&gt;15]" time="0.04984450340270996"></testcase><testcase classname="src.pymortests.algorithms.basic" file="src/pymortests/algorithms/basic.py" line="21" name="test_almost_equal[compatible_vector_array_pair2-&lt;lambda&gt;16]" time="0.0540924072265625"></testcase><testcase classname="src.pymortests.algorithms.basic" file="src/pymortests/algorithms/basic.py" line="21" name="test_almost_equal[compatible_vector_array_pair2-&lt;lambda&gt;17]" time="0.07592201232910156"></testcase><testcase classname="src.pymortests.algorithms.basic" file="src/pymortests/algorithms/basic.py" line="21" name="test_almost_equal[compatible_vector_array_pair2-&lt;lambda&gt;18]" time="0.03141379356384277"></testcase><testcase classname="src.pymortests.algorithms.basic" file="src/pymortests/algorithms/basic.py" line="21" name="test_almost_equal[compatible_vector_array_pair2-&lt;lambda&gt;19]" time="0.006736040115356445"></testcase><testcase classname="src.pymortests.algorithms.basic" file="src/pymortests/algorithms/basic.py" line="21" name="test_almost_equal[compatible_vector_array_pair2-&lt;lambda&gt;20]" time="0.17953991889953613"></testcase><testcase classname="src.pymortests.algorithms.basic" file="src/pymortests/algorithms/basic.py" line="21" name="test_almost_equal[compatible_vector_array_pair2-&lt;lambda&gt;21]" time="0.10535430908203125"></testcase><testcase classname="src.pymortests.algorithms.basic" file="src/pymortests/algorithms/basic.py" line="21" name="test_almost_equal[compatible_vector_array_pair2-&lt;lambda&gt;22]" time="0.3469362258911133"></testcase><testcase classname="src.pymortests.algorithms.basic" file="src/pymortests/algorithms/basic.py" line="21" name="test_almost_equal[compatible_vector_array_pair2-&lt;lambda&gt;23]" time="0.09013962745666504"></testcase><testcase classname="src.pymortests.algorithms.basic" file="src/pymortests/algorithms/basic.py" line="21" name="test_almost_equal[compatible_vector_array_pair2-&lt;lambda&gt;24]" time="0.009635448455810547"></testcase><testcase classname="src.pymortests.algorithms.basic" file="src/pymortests/algorithms/basic.py" line="21" name="test_almost_equal[compatible_vector_array_pair2-&lt;lambda&gt;25]" time="0.0062525272369384766"></testcase><testcase classname="src.pymortests.algorithms.basic" file="src/pymortests/algorithms/basic.py" line="21" name="test_almost_equal[compatible_vector_array_pair2-&lt;lambda&gt;26]" time="0.38446927070617676"></testcase><testcase classname="src.pymortests.algorithms.basic" file="src/pymortests/algorithms/basic.py" line="21" name="test_almost_equal[compatible_vector_array_pair2-&lt;lambda&gt;27]" time="0.5973529815673828"></testcase><testcase classname="src.pymortests.algorithms.basic" file="src/pymortests/algorithms/basic.py" line="21" name="test_almost_equal[compatible_vector_array_pair2-&lt;lambda&gt;28]" time="3.1815781593322754"></testcase><testcase classname="src.pymortests.algorithms.basic" file="src/pymortests/algorithms/basic.py" line="21" name="test_almost_equal[compatible_vector_array_pair2-&lt;lambda&gt;29]" time="0.20452070236206055"></testcase><testcase classname="src.pymortests.algorithms.basic" file="src/pymortests/algorithms/basic.py" line="21" name="test_almost_equal[compatible_vector_array_pair3-&lt;lambda&gt;0]" time="0.009404659271240234"></testcase><testcase classname="src.pymortests.algorithms.basic" file="src/pymortests/algorithms/basic.py" line="21" name="test_almost_equal[compatible_vector_array_pair3-&lt;lambda&gt;1]" time="0.003223419189453125"></testcase><testcase classname="src.pymortests.algorithms.basic" file="src/pymortests/algorithms/basic.py" line="21" name="test_almost_equal[compatible_vector_array_pair3-&lt;lambda&gt;2]" time="0.021721363067626953"></testcase><testcase classname="src.pymortests.algorithms.basic" file="src/pymortests/algorithms/basic.py" line="21" name="test_almost_equal[compatible_vector_array_pair3-&lt;lambda&gt;3]" time="0.0247347354888916"></testcase><testcase classname="src.pymortests.algorithms.basic" file="src/pymortests/algorithms/basic.py" line="21" name="test_almost_equal[compatible_vector_array_pair3-&lt;lambda&gt;4]" time="0.0318903923034668"></testcase><testcase classname="src.pymortests.algorithms.basic" file="src/pymortests/algorithms/basic.py" line="21" name="test_almost_equal[compatible_vector_array_pair3-&lt;lambda&gt;5]" time="0.03165602684020996"></testcase><testcase classname="src.pymortests.algorithms.basic" file="src/pymortests/algorithms/basic.py" line="21" name="test_almost_equal[compatible_vector_array_pair3-&lt;lambda&gt;6]" time="0.009033679962158203"></testcase><testcase classname="src.pymortests.algorithms.basic" file="src/pymortests/algorithms/basic.py" line="21" name="test_almost_equal[compatible_vector_array_pair3-&lt;lambda&gt;7]" time="0.004315614700317383"></testcase><testcase classname="src.pymortests.algorithms.basic" file="src/pymortests/algorithms/basic.py" line="21" name="test_almost_equal[compatible_vector_array_pair3-&lt;lambda&gt;8]" time="0.030482053756713867"></testcase><testcase classname="src.pymortests.algorithms.basic" file="src/pymortests/algorithms/basic.py" line="21" name="test_almost_equal[compatible_vector_array_pair3-&lt;lambda&gt;9]" time="0.04207158088684082"></testcase><testcase classname="src.pymortests.algorithms.basic" file="src/pymortests/algorithms/basic.py" line="21" name="test_almost_equal[compatible_vector_array_pair3-&lt;lambda&gt;10]" time="0.13145017623901367"></testcase><testcase classname="src.pymortests.algorithms.basic" file="src/pymortests/algorithms/basic.py" line="21" name="test_almost_equal[compatible_vector_array_pair3-&lt;lambda&gt;11]" time="0.03506922721862793"></testcase><testcase classname="src.pymortests.algorithms.basic" file="src/pymortests/algorithms/basic.py" line="21" name="test_almost_equal[compatible_vector_array_pair3-&lt;lambda&gt;12]" time="0.02300572395324707"></testcase><testcase classname="src.pymortests.algorithms.basic" file="src/pymortests/algorithms/basic.py" line="21" name="test_almost_equal[compatible_vector_array_pair3-&lt;lambda&gt;13]" time="0.006606340408325195"></testcase><testcase classname="src.pymortests.algorithms.basic" file="src/pymortests/algorithms/basic.py" line="21" name="test_almost_equal[compatible_vector_array_pair3-&lt;lambda&gt;14]" time="0.03000473976135254"></testcase><testcase classname="src.pymortests.algorithms.basic" file="src/pymortests/algorithms/basic.py" line="21" name="test_almost_equal[compatible_vector_array_pair3-&lt;lambda&gt;15]" time="0.047827720642089844"></testcase><testcase classname="src.pymortests.algorithms.basic" file="src/pymortests/algorithms/basic.py" line="21" name="test_almost_equal[compatible_vector_array_pair3-&lt;lambda&gt;16]" time="0.05391120910644531"></testcase><testcase classname="src.pymortests.algorithms.basic" file="src/pymortests/algorithms/basic.py" line="21" name="test_almost_equal[compatible_vector_array_pair3-&lt;lambda&gt;17]" time="0.07892227172851562"></testcase><testcase classname="src.pymortests.algorithms.basic" file="src/pymortests/algorithms/basic.py" line="21" name="test_almost_equal[compatible_vector_array_pair3-&lt;lambda&gt;18]" time="0.03271961212158203"></testcase><testcase classname="src.pymortests.algorithms.basic" file="src/pymortests/algorithms/basic.py" line="21" name="test_almost_equal[compatible_vector_array_pair3-&lt;lambda&gt;19]" time="0.0072171688079833984"></testcase><testcase classname="src.pymortests.algorithms.basic" file="src/pymortests/algorithms/basic.py" line="21" name="test_almost_equal[compatible_vector_array_pair3-&lt;lambda&gt;20]" time="0.18397879600524902"></testcase><testcase classname="src.pymortests.algorithms.basic" file="src/pymortests/algorithms/basic.py" line="21" name="test_almost_equal[compatible_vector_array_pair3-&lt;lambda&gt;21]" time="0.10266971588134766"></testcase><testcase classname="src.pymortests.algorithms.basic" file="src/pymortests/algorithms/basic.py" line="21" name="test_almost_equal[compatible_vector_array_pair3-&lt;lambda&gt;22]" time="0.36138153076171875"></testcase><testcase classname="src.pymortests.algorithms.basic" file="src/pymortests/algorithms/basic.py" line="21" name="test_almost_equal[compatible_vector_array_pair3-&lt;lambda&gt;23]" time="0.08814215660095215"></testcase><testcase classname="src.pymortests.algorithms.basic" file="src/pymortests/algorithms/basic.py" line="21" name="test_almost_equal[compatible_vector_array_pair3-&lt;lambda&gt;24]" time="0.009876489639282227"></testcase><testcase classname="src.pymortests.algorithms.basic" file="src/pymortests/algorithms/basic.py" line="21" name="test_almost_equal[compatible_vector_array_pair3-&lt;lambda&gt;25]" time="0.005240440368652344"></testcase><testcase classname="src.pymortests.algorithms.basic" file="src/pymortests/algorithms/basic.py" line="21" name="test_almost_equal[compatible_vector_array_pair3-&lt;lambda&gt;26]" time="0.3733642101287842"></testcase><testcase classname="src.pymortests.algorithms.basic" file="src/pymortests/algorithms/basic.py" line="21" name="test_almost_equal[compatible_vector_array_pair3-&lt;lambda&gt;27]" time="0.6453099250793457"></testcase><testcase classname="src.pymortests.algorithms.basic" file="src/pymortests/algorithms/basic.py" line="21" name="test_almost_equal[compatible_vector_array_pair3-&lt;lambda&gt;28]" time="3.232666015625"></testcase><testcase classname="src.pymortests.algorithms.basic" file="src/pymortests/algorithms/basic.py" line="21" name="test_almost_equal[compatible_vector_array_pair3-&lt;lambda&gt;29]" time="0.20936131477355957"></testcase><testcase classname="src.pymortests.algorithms.basic" file="src/pymortests/algorithms/basic.py" line="21" name="test_almost_equal[compatible_vector_array_pair4-&lt;lambda&gt;0]" time="0.009726524353027344"></testcase><testcase classname="src.pymortests.algorithms.basic" file="src/pymortests/algorithms/basic.py" line="21" name="test_almost_equal[compatible_vector_array_pair4-&lt;lambda&gt;1]" time="0.004494667053222656"></testcase><testcase classname="src.pymortests.algorithms.basic" file="src/pymortests/algorithms/basic.py" line="21" name="test_almost_equal[compatible_vector_array_pair4-&lt;lambda&gt;2]" time="0.02233743667602539"></testcase><testcase classname="src.pymortests.algorithms.basic" file="src/pymortests/algorithms/basic.py" line="21" name="test_almost_equal[compatible_vector_array_pair4-&lt;lambda&gt;3]" time="0.023845672607421875"></testcase><testcase classname="src.pymortests.algorithms.basic" file="src/pymortests/algorithms/basic.py" line="21" name="test_almost_equal[compatible_vector_array_pair4-&lt;lambda&gt;4]" time="0.03281450271606445"></testcase><testcase classname="src.pymortests.algorithms.basic" file="src/pymortests/algorithms/basic.py" line="21" name="test_almost_equal[compatible_vector_array_pair4-&lt;lambda&gt;5]" time="0.03300809860229492"></testcase><testcase classname="src.pymortests.algorithms.basic" file="src/pymortests/algorithms/basic.py" line="21" name="test_almost_equal[compatible_vector_array_pair4-&lt;lambda&gt;6]" time="0.008412837982177734"></testcase><testcase classname="src.pymortests.algorithms.basic" file="src/pymortests/algorithms/basic.py" line="21" name="test_almost_equal[compatible_vector_array_pair4-&lt;lambda&gt;7]" time="0.002784252166748047"></testcase><testcase classname="src.pymortests.algorithms.basic" file="src/pymortests/algorithms/basic.py" line="21" name="test_almost_equal[compatible_vector_array_pair4-&lt;lambda&gt;8]" time="0.030747652053833008"></testcase><testcase classname="src.pymortests.algorithms.basic" file="src/pymortests/algorithms/basic.py" line="21" name="test_almost_equal[compatible_vector_array_pair4-&lt;lambda&gt;9]" time="0.041602373123168945"></testcase><testcase classname="src.pymortests.algorithms.basic" file="src/pymortests/algorithms/basic.py" line="21" name="test_almost_equal[compatible_vector_array_pair4-&lt;lambda&gt;10]" time="0.13558077812194824"></testcase><testcase classname="src.pymortests.algorithms.basic" file="src/pymortests/algorithms/basic.py" line="21" name="test_almost_equal[compatible_vector_array_pair4-&lt;lambda&gt;11]" time="0.036167144775390625"></testcase><testcase classname="src.pymortests.algorithms.basic" file="src/pymortests/algorithms/basic.py" line="21" name="test_almost_equal[compatible_vector_array_pair4-&lt;lambda&gt;12]" time="0.02310490608215332"></testcase><testcase classname="src.pymortests.algorithms.basic" file="src/pymortests/algorithms/basic.py" line="21" name="test_almost_equal[compatible_vector_array_pair4-&lt;lambda&gt;13]" time="0.006844997406005859"></testcase><testcase classname="src.pymortests.algorithms.basic" file="src/pymortests/algorithms/basic.py" line="21" name="test_almost_equal[compatible_vector_array_pair4-&lt;lambda&gt;14]" time="0.030756473541259766"></testcase><testcase classname="src.pymortests.algorithms.basic" file="src/pymortests/algorithms/basic.py" line="21" name="test_almost_equal[compatible_vector_array_pair4-&lt;lambda&gt;15]" time="0.048352718353271484"></testcase><testcase classname="src.pymortests.algorithms.basic" file="src/pymortests/algorithms/basic.py" line="21" name="test_almost_equal[compatible_vector_array_pair4-&lt;lambda&gt;16]" time="0.05316329002380371"></testcase><testcase classname="src.pymortests.algorithms.basic" file="src/pymortests/algorithms/basic.py" line="21" name="test_almost_equal[compatible_vector_array_pair4-&lt;lambda&gt;17]" time="0.07538056373596191"></testcase><testcase classname="src.pymortests.algorithms.basic" file="src/pymortests/algorithms/basic.py" line="21" name="test_almost_equal[compatible_vector_array_pair4-&lt;lambda&gt;18]" time="0.03216052055358887"></testcase><testcase classname="src.pymortests.algorithms.basic" file="src/pymortests/algorithms/basic.py" line="21" name="test_almost_equal[compatible_vector_array_pair4-&lt;lambda&gt;19]" time="0.006674051284790039"></testcase><testcase classname="src.pymortests.algorithms.basic" file="src/pymortests/algorithms/basic.py" line="21" name="test_almost_equal[compatible_vector_array_pair4-&lt;lambda&gt;20]" time="0.18514680862426758"></testcase><testcase classname="src.pymortests.algorithms.basic" file="src/pymortests/algorithms/basic.py" line="21" name="test_almost_equal[compatible_vector_array_pair4-&lt;lambda&gt;21]" time="0.10175037384033203"></testcase><testcase classname="src.pymortests.algorithms.basic" file="src/pymortests/algorithms/basic.py" line="21" name="test_almost_equal[compatible_vector_array_pair4-&lt;lambda&gt;22]" time="0.36217522621154785"></testcase><testcase classname="src.pymortests.algorithms.basic" file="src/pymortests/algorithms/basic.py" line="21" name="test_almost_equal[compatible_vector_array_pair4-&lt;lambda&gt;23]" time="0.08668923377990723"></testcase><testcase classname="src.pymortests.algorithms.basic" file="src/pymortests/algorithms/basic.py" line="21" name="test_almost_equal[compatible_vector_array_pair4-&lt;lambda&gt;24]" time="0.009434938430786133"></testcase><testcase classname="src.pymortests.algorithms.basic" file="src/pymortests/algorithms/basic.py" line="21" name="test_almost_equal[compatible_vector_array_pair4-&lt;lambda&gt;25]" time="0.006032228469848633"></testcase><testcase classname="src.pymortests.algorithms.basic" file="src/pymortests/algorithms/basic.py" line="21" name="test_almost_equal[compatible_vector_array_pair4-&lt;lambda&gt;26]" time="0.38369083404541016"></testcase><testcase classname="src.pymortests.algorithms.basic" file="src/pymortests/algorithms/basic.py" line="21" name="test_almost_equal[compatible_vector_array_pair4-&lt;lambda&gt;27]" time="0.6419148445129395"></testcase><testcase classname="src.pymortests.algorithms.basic" file="src/pymortests/algorithms/basic.py" line="21" name="test_almost_equal[compatible_vector_array_pair4-&lt;lambda&gt;28]" time="3.2533273696899414"></testcase><testcase classname="src.pymortests.algorithms.basic" file="src/pymortests/algorithms/basic.py" line="21" name="test_almost_equal[compatible_vector_array_pair4-&lt;lambda&gt;29]" time="0.20076894760131836"></testcase><testcase classname="src.pymortests.algorithms.basic" file="src/pymortests/algorithms/basic.py" line="21" name="test_almost_equal[compatible_vector_array_pair5-&lt;lambda&gt;0]" time="0.010136842727661133"></testcase><testcase classname="src.pymortests.algorithms.basic" file="src/pymortests/algorithms/basic.py" line="21" name="test_almost_equal[compatible_vector_array_pair5-&lt;lambda&gt;1]" time="0.004427194595336914"></testcase><testcase classname="src.pymortests.algorithms.basic" file="src/pymortests/algorithms/basic.py" line="21" name="test_almost_equal[compatible_vector_array_pair5-&lt;lambda&gt;2]" time="0.021900653839111328"></testcase><testcase classname="src.pymortests.algorithms.basic" file="src/pymortests/algorithms/basic.py" line="21" name="test_almost_equal[compatible_vector_array_pair5-&lt;lambda&gt;3]" time="0.024556398391723633"></testcase><testcase classname="src.pymortests.algorithms.basic" file="src/pymortests/algorithms/basic.py" line="21" name="test_almost_equal[compatible_vector_array_pair5-&lt;lambda&gt;4]" time="0.03238344192504883"></testcase><testcase classname="src.pymortests.algorithms.basic" file="src/pymortests/algorithms/basic.py" line="21" name="test_almost_equal[compatible_vector_array_pair5-&lt;lambda&gt;5]" time="0.031966209411621094"></testcase><testcase classname="src.pymortests.algorithms.basic" file="src/pymortests/algorithms/basic.py" line="21" name="test_almost_equal[compatible_vector_array_pair5-&lt;lambda&gt;6]" time="0.00818634033203125"></testcase><testcase classname="src.pymortests.algorithms.basic" file="src/pymortests/algorithms/basic.py" line="21" name="test_almost_equal[compatible_vector_array_pair5-&lt;lambda&gt;7]" time="0.0029222965240478516"></testcase><testcase classname="src.pymortests.algorithms.basic" file="src/pymortests/algorithms/basic.py" line="21" name="test_almost_equal[compatible_vector_array_pair5-&lt;lambda&gt;8]" time="0.030927658081054688"></testcase><testcase classname="src.pymortests.algorithms.basic" file="src/pymortests/algorithms/basic.py" line="21" name="test_almost_equal[compatible_vector_array_pair5-&lt;lambda&gt;9]" time="0.04435443878173828"></testcase><testcase classname="src.pymortests.algorithms.basic" file="src/pymortests/algorithms/basic.py" line="21" name="test_almost_equal[compatible_vector_array_pair5-&lt;lambda&gt;10]" time="0.13629388809204102"></testcase><testcase classname="src.pymortests.algorithms.basic" file="src/pymortests/algorithms/basic.py" line="21" name="test_almost_equal[compatible_vector_array_pair5-&lt;lambda&gt;11]" time="0.03641152381896973"></testcase><testcase classname="src.pymortests.algorithms.basic" file="src/pymortests/algorithms/basic.py" line="21" name="test_almost_equal[compatible_vector_array_pair5-&lt;lambda&gt;12]" time="0.023419857025146484"></testcase><testcase classname="src.pymortests.algorithms.basic" file="src/pymortests/algorithms/basic.py" line="21" name="test_almost_equal[compatible_vector_array_pair5-&lt;lambda&gt;13]" time="0.00633549690246582"></testcase><testcase classname="src.pymortests.algorithms.basic" file="src/pymortests/algorithms/basic.py" line="21" name="test_almost_equal[compatible_vector_array_pair5-&lt;lambda&gt;14]" time="0.03091144561767578"></testcase><testcase classname="src.pymortests.algorithms.basic" file="src/pymortests/algorithms/basic.py" line="21" name="test_almost_equal[compatible_vector_array_pair5-&lt;lambda&gt;15]" time="0.04940152168273926"></testcase><testcase classname="src.pymortests.algorithms.basic" file="src/pymortests/algorithms/basic.py" line="21" name="test_almost_equal[compatible_vector_array_pair5-&lt;lambda&gt;16]" time="0.05300450325012207"></testcase><testcase classname="src.pymortests.algorithms.basic" file="src/pymortests/algorithms/basic.py" line="21" name="test_almost_equal[compatible_vector_array_pair5-&lt;lambda&gt;17]" time="0.07802915573120117"></testcase><testcase classname="src.pymortests.algorithms.basic" file="src/pymortests/algorithms/basic.py" line="21" name="test_almost_equal[compatible_vector_array_pair5-&lt;lambda&gt;18]" time="0.03129100799560547"></testcase><testcase classname="src.pymortests.algorithms.basic" file="src/pymortests/algorithms/basic.py" line="21" name="test_almost_equal[compatible_vector_array_pair5-&lt;lambda&gt;19]" time="0.006843090057373047"></testcase><testcase classname="src.pymortests.algorithms.basic" file="src/pymortests/algorithms/basic.py" line="21" name="test_almost_equal[compatible_vector_array_pair5-&lt;lambda&gt;20]" time="0.18545985221862793"></testcase><testcase classname="src.pymortests.algorithms.basic" file="src/pymortests/algorithms/basic.py" line="21" name="test_almost_equal[compatible_vector_array_pair5-&lt;lambda&gt;21]" time="0.10504388809204102"></testcase><testcase classname="src.pymortests.algorithms.basic" file="src/pymortests/algorithms/basic.py" line="21" name="test_almost_equal[compatible_vector_array_pair5-&lt;lambda&gt;22]" time="0.35432982444763184"></testcase><testcase classname="src.pymortests.algorithms.basic" file="src/pymortests/algorithms/basic.py" line="21" name="test_almost_equal[compatible_vector_array_pair5-&lt;lambda&gt;23]" time="0.0886540412902832"></testcase><testcase classname="src.pymortests.algorithms.basic" file="src/pymortests/algorithms/basic.py" line="21" name="test_almost_equal[compatible_vector_array_pair5-&lt;lambda&gt;24]" time="0.009747505187988281"></testcase><testcase classname="src.pymortests.algorithms.basic" file="src/pymortests/algorithms/basic.py" line="21" name="test_almost_equal[compatible_vector_array_pair5-&lt;lambda&gt;25]" time="0.006200313568115234"></testcase><testcase classname="src.pymortests.algorithms.basic" file="src/pymortests/algorithms/basic.py" line="21" name="test_almost_equal[compatible_vector_array_pair5-&lt;lambda&gt;26]" time="0.3799443244934082"></testcase><testcase classname="src.pymortests.algorithms.basic" file="src/pymortests/algorithms/basic.py" line="21" name="test_almost_equal[compatible_vector_array_pair5-&lt;lambda&gt;27]" time="0.6239774227142334"></testcase><testcase classname="src.pymortests.algorithms.basic" file="src/pymortests/algorithms/basic.py" line="21" name="test_almost_equal[compatible_vector_array_pair5-&lt;lambda&gt;28]" time="3.218283176422119"></testcase><testcase classname="src.pymortests.algorithms.basic" file="src/pymortests/algorithms/basic.py" line="21" name="test_almost_equal[compatible_vector_array_pair5-&lt;lambda&gt;29]" time="0.20049810409545898"></testcase><testcase classname="src.pymortests.algorithms.basic" file="src/pymortests/algorithms/basic.py" line="21" name="test_almost_equal[compatible_vector_array_pair6-&lt;lambda&gt;0]" time="0.009629011154174805"></testcase><testcase classname="src.pymortests.algorithms.basic" file="src/pymortests/algorithms/basic.py" line="21" name="test_almost_equal[compatible_vector_array_pair6-&lt;lambda&gt;1]" time="0.004708290100097656"></testcase><testcase classname="src.pymortests.algorithms.basic" file="src/pymortests/algorithms/basic.py" line="21" name="test_almost_equal[compatible_vector_array_pair6-&lt;lambda&gt;2]" time="0.021857500076293945"></testcase><testcase classname="src.pymortests.algorithms.basic" file="src/pymortests/algorithms/basic.py" line="21" name="test_almost_equal[compatible_vector_array_pair6-&lt;lambda&gt;3]" time="0.024121522903442383"></testcase><testcase classname="src.pymortests.algorithms.basic" file="src/pymortests/algorithms/basic.py" line="21" name="test_almost_equal[compatible_vector_array_pair6-&lt;lambda&gt;4]" time="0.03354954719543457"></testcase><testcase classname="src.pymortests.algorithms.basic" file="src/pymortests/algorithms/basic.py" line="21" name="test_almost_equal[compatible_vector_array_pair6-&lt;lambda&gt;5]" time="0.03301286697387695"></testcase><testcase classname="src.pymortests.algorithms.basic" file="src/pymortests/algorithms/basic.py" line="21" name="test_almost_equal[compatible_vector_array_pair6-&lt;lambda&gt;6]" time="0.008411169052124023"></testcase><testcase classname="src.pymortests.algorithms.basic" file="src/pymortests/algorithms/basic.py" line="21" name="test_almost_equal[compatible_vector_array_pair6-&lt;lambda&gt;7]" time="0.0028252601623535156"></testcase><testcase classname="src.pymortests.algorithms.basic" file="src/pymortests/algorithms/basic.py" line="21" name="test_almost_equal[compatible_vector_array_pair6-&lt;lambda&gt;8]" time="0.032311201095581055"></testcase><testcase classname="src.pymortests.algorithms.basic" file="src/pymortests/algorithms/basic.py" line="21" name="test_almost_equal[compatible_vector_array_pair6-&lt;lambda&gt;9]" time="0.042481184005737305"></testcase><testcase classname="src.pymortests.algorithms.basic" file="src/pymortests/algorithms/basic.py" line="21" name="test_almost_equal[compatible_vector_array_pair6-&lt;lambda&gt;10]" time="0.13479971885681152"></testcase><testcase classname="src.pymortests.algorithms.basic" file="src/pymortests/algorithms/basic.py" line="21" name="test_almost_equal[compatible_vector_array_pair6-&lt;lambda&gt;11]" time="0.037056684494018555"></testcase><testcase classname="src.pymortests.algorithms.basic" file="src/pymortests/algorithms/basic.py" line="21" name="test_almost_equal[compatible_vector_array_pair6-&lt;lambda&gt;12]" time="0.023763179779052734"></testcase><testcase classname="src.pymortests.algorithms.basic" file="src/pymortests/algorithms/basic.py" line="21" name="test_almost_equal[compatible_vector_array_pair6-&lt;lambda&gt;13]" time="0.006409168243408203"></testcase><testcase classname="src.pymortests.algorithms.basic" file="src/pymortests/algorithms/basic.py" line="21" name="test_almost_equal[compatible_vector_array_pair6-&lt;lambda&gt;14]" time="0.02908492088317871"></testcase><testcase classname="src.pymortests.algorithms.basic" file="src/pymortests/algorithms/basic.py" line="21" name="test_almost_equal[compatible_vector_array_pair6-&lt;lambda&gt;15]" time="0.04782676696777344"></testcase><testcase classname="src.pymortests.algorithms.basic" file="src/pymortests/algorithms/basic.py" line="21" name="test_almost_equal[compatible_vector_array_pair6-&lt;lambda&gt;16]" time="0.05312705039978027"></testcase><testcase classname="src.pymortests.algorithms.basic" file="src/pymortests/algorithms/basic.py" line="21" name="test_almost_equal[compatible_vector_array_pair6-&lt;lambda&gt;17]" time="0.0753171443939209"></testcase><testcase classname="src.pymortests.algorithms.basic" file="src/pymortests/algorithms/basic.py" line="21" name="test_almost_equal[compatible_vector_array_pair6-&lt;lambda&gt;18]" time="0.03064417839050293"></testcase><testcase classname="src.pymortests.algorithms.basic" file="src/pymortests/algorithms/basic.py" line="21" name="test_almost_equal[compatible_vector_array_pair6-&lt;lambda&gt;19]" time="0.006798267364501953"></testcase><testcase classname="src.pymortests.algorithms.basic" file="src/pymortests/algorithms/basic.py" line="21" name="test_almost_equal[compatible_vector_array_pair6-&lt;lambda&gt;20]" time="0.17832016944885254"></testcase><testcase classname="src.pymortests.algorithms.basic" file="src/pymortests/algorithms/basic.py" line="21" name="test_almost_equal[compatible_vector_array_pair6-&lt;lambda&gt;21]" time="0.10914826393127441"></testcase><testcase classname="src.pymortests.algorithms.basic" file="src/pymortests/algorithms/basic.py" line="21" name="test_almost_equal[compatible_vector_array_pair6-&lt;lambda&gt;22]" time="0.34113502502441406"></testcase><testcase classname="src.pymortests.algorithms.basic" file="src/pymortests/algorithms/basic.py" line="21" name="test_almost_equal[compatible_vector_array_pair6-&lt;lambda&gt;23]" time="0.09383034706115723"></testcase><testcase classname="src.pymortests.algorithms.basic" file="src/pymortests/algorithms/basic.py" line="21" name="test_almost_equal[compatible_vector_array_pair6-&lt;lambda&gt;24]" time="0.009235143661499023"></testcase><testcase classname="src.pymortests.algorithms.basic" file="src/pymortests/algorithms/basic.py" line="21" name="test_almost_equal[compatible_vector_array_pair6-&lt;lambda&gt;25]" time="0.0048694610595703125"></testcase><testcase classname="src.pymortests.algorithms.basic" file="src/pymortests/algorithms/basic.py" line="21" name="test_almost_equal[compatible_vector_array_pair6-&lt;lambda&gt;26]" time="0.36323976516723633"></testcase><testcase classname="src.pymortests.algorithms.basic" file="src/pymortests/algorithms/basic.py" line="21" name="test_almost_equal[compatible_vector_array_pair6-&lt;lambda&gt;27]" time="0.6109886169433594"></testcase><testcase classname="src.pymortests.algorithms.basic" file="src/pymortests/algorithms/basic.py" line="21" name="test_almost_equal[compatible_vector_array_pair6-&lt;lambda&gt;28]" time="3.183213710784912"></testcase><testcase classname="src.pymortests.algorithms.basic" file="src/pymortests/algorithms/basic.py" line="21" name="test_almost_equal[compatible_vector_array_pair6-&lt;lambda&gt;29]" time="0.1974952220916748"></testcase><testcase classname="src.pymortests.algorithms.basic" file="src/pymortests/algorithms/basic.py" line="21" name="test_almost_equal[compatible_vector_array_pair7-&lt;lambda&gt;0]" time="0.009677410125732422"></testcase><testcase classname="src.pymortests.algorithms.basic" file="src/pymortests/algorithms/basic.py" line="21" name="test_almost_equal[compatible_vector_array_pair7-&lt;lambda&gt;1]" time="0.004464387893676758"></testcase><testcase classname="src.pymortests.algorithms.basic" file="src/pymortests/algorithms/basic.py" line="21" name="test_almost_equal[compatible_vector_array_pair7-&lt;lambda&gt;2]" time="0.021574735641479492"></testcase><testcase classname="src.pymortests.algorithms.basic" file="src/pymortests/algorithms/basic.py" line="21" name="test_almost_equal[compatible_vector_array_pair7-&lt;lambda&gt;3]" time="0.024193286895751953"></testcase><testcase classname="src.pymortests.algorithms.basic" file="src/pymortests/algorithms/basic.py" line="21" name="test_almost_equal[compatible_vector_array_pair7-&lt;lambda&gt;4]" time="0.03197336196899414"></testcase><testcase classname="src.pymortests.algorithms.basic" file="src/pymortests/algorithms/basic.py" line="21" name="test_almost_equal[compatible_vector_array_pair7-&lt;lambda&gt;5]" time="0.03196263313293457"></testcase><testcase classname="src.pymortests.algorithms.basic" file="src/pymortests/algorithms/basic.py" line="21" name="test_almost_equal[compatible_vector_array_pair7-&lt;lambda&gt;6]" time="0.008528947830200195"></testcase><testcase classname="src.pymortests.algorithms.basic" file="src/pymortests/algorithms/basic.py" line="21" name="test_almost_equal[compatible_vector_array_pair7-&lt;lambda&gt;7]" time="0.004047870635986328"></testcase><testcase classname="src.pymortests.algorithms.basic" file="src/pymortests/algorithms/basic.py" line="21" name="test_almost_equal[compatible_vector_array_pair7-&lt;lambda&gt;8]" time="0.0309755802154541"></testcase><testcase classname="src.pymortests.algorithms.basic" file="src/pymortests/algorithms/basic.py" line="21" name="test_almost_equal[compatible_vector_array_pair7-&lt;lambda&gt;9]" time="0.0415952205657959"></testcase><testcase classname="src.pymortests.algorithms.basic" file="src/pymortests/algorithms/basic.py" line="21" name="test_almost_equal[compatible_vector_array_pair7-&lt;lambda&gt;10]" time="0.1368396282196045"></testcase><testcase classname="src.pymortests.algorithms.basic" file="src/pymortests/algorithms/basic.py" line="21" name="test_almost_equal[compatible_vector_array_pair7-&lt;lambda&gt;11]" time="0.03612232208251953"></testcase><testcase classname="src.pymortests.algorithms.basic" file="src/pymortests/algorithms/basic.py" line="21" name="test_almost_equal[compatible_vector_array_pair7-&lt;lambda&gt;12]" time="0.02273249626159668"></testcase><testcase classname="src.pymortests.algorithms.basic" file="src/pymortests/algorithms/basic.py" line="21" name="test_almost_equal[compatible_vector_array_pair7-&lt;lambda&gt;13]" time="0.00648808479309082"></testcase><testcase classname="src.pymortests.algorithms.basic" file="src/pymortests/algorithms/basic.py" line="21" name="test_almost_equal[compatible_vector_array_pair7-&lt;lambda&gt;14]" time="0.03101205825805664"></testcase><testcase classname="src.pymortests.algorithms.basic" file="src/pymortests/algorithms/basic.py" line="21" name="test_almost_equal[compatible_vector_array_pair7-&lt;lambda&gt;15]" time="0.048329830169677734"></testcase><testcase classname="src.pymortests.algorithms.basic" file="src/pymortests/algorithms/basic.py" line="21" name="test_almost_equal[compatible_vector_array_pair7-&lt;lambda&gt;16]" time="0.053507089614868164"></testcase><testcase classname="src.pymortests.algorithms.basic" file="src/pymortests/algorithms/basic.py" line="21" name="test_almost_equal[compatible_vector_array_pair7-&lt;lambda&gt;17]" time="0.07698559761047363"></testcase><testcase classname="src.pymortests.algorithms.basic" file="src/pymortests/algorithms/basic.py" line="21" name="test_almost_equal[compatible_vector_array_pair7-&lt;lambda&gt;18]" time="0.03146862983703613"></testcase><testcase classname="src.pymortests.algorithms.basic" file="src/pymortests/algorithms/basic.py" line="21" name="test_almost_equal[compatible_vector_array_pair7-&lt;lambda&gt;19]" time="0.006894588470458984"></testcase><testcase classname="src.pymortests.algorithms.basic" file="src/pymortests/algorithms/basic.py" line="21" name="test_almost_equal[compatible_vector_array_pair7-&lt;lambda&gt;20]" time="0.1826183795928955"></testcase><testcase classname="src.pymortests.algorithms.basic" file="src/pymortests/algorithms/basic.py" line="21" name="test_almost_equal[compatible_vector_array_pair7-&lt;lambda&gt;21]" time="0.10389518737792969"></testcase><testcase classname="src.pymortests.algorithms.basic" file="src/pymortests/algorithms/basic.py" line="21" name="test_almost_equal[compatible_vector_array_pair7-&lt;lambda&gt;22]" time="0.36221790313720703"></testcase><testcase classname="src.pymortests.algorithms.basic" file="src/pymortests/algorithms/basic.py" line="21" name="test_almost_equal[compatible_vector_array_pair7-&lt;lambda&gt;23]" time="0.09694075584411621"></testcase><testcase classname="src.pymortests.algorithms.basic" file="src/pymortests/algorithms/basic.py" line="21" name="test_almost_equal[compatible_vector_array_pair7-&lt;lambda&gt;24]" time="0.009975433349609375"></testcase><testcase classname="src.pymortests.algorithms.basic" file="src/pymortests/algorithms/basic.py" line="21" name="test_almost_equal[compatible_vector_array_pair7-&lt;lambda&gt;25]" time="0.00612187385559082"></testcase><testcase classname="src.pymortests.algorithms.basic" file="src/pymortests/algorithms/basic.py" line="21" name="test_almost_equal[compatible_vector_array_pair7-&lt;lambda&gt;26]" time="0.38835716247558594"></testcase><testcase classname="src.pymortests.algorithms.basic" file="src/pymortests/algorithms/basic.py" line="21" name="test_almost_equal[compatible_vector_array_pair7-&lt;lambda&gt;27]" time="0.6197695732116699"></testcase><testcase classname="src.pymortests.algorithms.basic" file="src/pymortests/algorithms/basic.py" line="21" name="test_almost_equal[compatible_vector_array_pair7-&lt;lambda&gt;28]" time="3.2530555725097656"></testcase><testcase classname="src.pymortests.algorithms.basic" file="src/pymortests/algorithms/basic.py" line="21" name="test_almost_equal[compatible_vector_array_pair7-&lt;lambda&gt;29]" time="0.2025618553161621"></testcase><testcase classname="src.pymortests.algorithms.basic" file="src/pymortests/algorithms/basic.py" line="21" name="test_almost_equal[compatible_vector_array_pair8-&lt;lambda&gt;0]" time="0.009638309478759766"></testcase><testcase classname="src.pymortests.algorithms.basic" file="src/pymortests/algorithms/basic.py" line="21" name="test_almost_equal[compatible_vector_array_pair8-&lt;lambda&gt;1]" time="0.004484415054321289"></testcase><testcase classname="src.pymortests.algorithms.basic" file="src/pymortests/algorithms/basic.py" line="21" name="test_almost_equal[compatible_vector_array_pair8-&lt;lambda&gt;2]" time="0.02116250991821289"></testcase><testcase classname="src.pymortests.algorithms.basic" file="src/pymortests/algorithms/basic.py" line="21" name="test_almost_equal[compatible_vector_array_pair8-&lt;lambda&gt;3]" time="0.02603435516357422"></testcase><testcase classname="src.pymortests.algorithms.basic" file="src/pymortests/algorithms/basic.py" line="21" name="test_almost_equal[compatible_vector_array_pair8-&lt;lambda&gt;4]" time="0.0321049690246582"></testcase><testcase classname="src.pymortests.algorithms.basic" file="src/pymortests/algorithms/basic.py" line="21" name="test_almost_equal[compatible_vector_array_pair8-&lt;lambda&gt;5]" time="0.03180837631225586"></testcase><testcase classname="src.pymortests.algorithms.basic" file="src/pymortests/algorithms/basic.py" line="21" name="test_almost_equal[compatible_vector_array_pair8-&lt;lambda&gt;6]" time="0.008629322052001953"></testcase><testcase classname="src.pymortests.algorithms.basic" file="src/pymortests/algorithms/basic.py" line="21" name="test_almost_equal[compatible_vector_array_pair8-&lt;lambda&gt;7]" time="0.002946138381958008"></testcase><testcase classname="src.pymortests.algorithms.basic" file="src/pymortests/algorithms/basic.py" line="21" name="test_almost_equal[compatible_vector_array_pair8-&lt;lambda&gt;8]" time="0.03287792205810547"></testcase><testcase classname="src.pymortests.algorithms.basic" file="src/pymortests/algorithms/basic.py" line="21" name="test_almost_equal[compatible_vector_array_pair8-&lt;lambda&gt;9]" time="0.04133486747741699"></testcase><testcase classname="src.pymortests.algorithms.basic" file="src/pymortests/algorithms/basic.py" line="21" name="test_almost_equal[compatible_vector_array_pair8-&lt;lambda&gt;10]" time="0.1350564956665039"></testcase><testcase classname="src.pymortests.algorithms.basic" file="src/pymortests/algorithms/basic.py" line="21" name="test_almost_equal[compatible_vector_array_pair8-&lt;lambda&gt;11]" time="0.0395665168762207"></testcase><testcase classname="src.pymortests.algorithms.basic" file="src/pymortests/algorithms/basic.py" line="21" name="test_almost_equal[compatible_vector_array_pair8-&lt;lambda&gt;12]" time="0.022109270095825195"></testcase><testcase classname="src.pymortests.algorithms.basic" file="src/pymortests/algorithms/basic.py" line="21" name="test_almost_equal[compatible_vector_array_pair8-&lt;lambda&gt;13]" time="0.006439208984375"></testcase><testcase classname="src.pymortests.algorithms.basic" file="src/pymortests/algorithms/basic.py" line="21" name="test_almost_equal[compatible_vector_array_pair8-&lt;lambda&gt;14]" time="0.030333518981933594"></testcase><testcase classname="src.pymortests.algorithms.basic" file="src/pymortests/algorithms/basic.py" line="21" name="test_almost_equal[compatible_vector_array_pair8-&lt;lambda&gt;15]" time="0.04700803756713867"></testcase><testcase classname="src.pymortests.algorithms.basic" file="src/pymortests/algorithms/basic.py" line="21" name="test_almost_equal[compatible_vector_array_pair8-&lt;lambda&gt;16]" time="0.0518641471862793"></testcase><testcase classname="src.pymortests.algorithms.basic" file="src/pymortests/algorithms/basic.py" line="21" name="test_almost_equal[compatible_vector_array_pair8-&lt;lambda&gt;17]" time="0.0741276741027832"></testcase><testcase classname="src.pymortests.algorithms.basic" file="src/pymortests/algorithms/basic.py" line="21" name="test_almost_equal[compatible_vector_array_pair8-&lt;lambda&gt;18]" time="0.03156447410583496"></testcase><testcase classname="src.pymortests.algorithms.basic" file="src/pymortests/algorithms/basic.py" line="21" name="test_almost_equal[compatible_vector_array_pair8-&lt;lambda&gt;19]" time="0.006829977035522461"></testcase><testcase classname="src.pymortests.algorithms.basic" file="src/pymortests/algorithms/basic.py" line="21" name="test_almost_equal[compatible_vector_array_pair8-&lt;lambda&gt;20]" time="0.18276715278625488"></testcase><testcase classname="src.pymortests.algorithms.basic" file="src/pymortests/algorithms/basic.py" line="21" name="test_almost_equal[compatible_vector_array_pair8-&lt;lambda&gt;21]" time="0.10133218765258789"></testcase><testcase classname="src.pymortests.algorithms.basic" file="src/pymortests/algorithms/basic.py" line="21" name="test_almost_equal[compatible_vector_array_pair8-&lt;lambda&gt;22]" time="0.36083436012268066"></testcase><testcase classname="src.pymortests.algorithms.basic" file="src/pymortests/algorithms/basic.py" line="21" name="test_almost_equal[compatible_vector_array_pair8-&lt;lambda&gt;23]" time="0.0875387191772461"></testcase><testcase classname="src.pymortests.algorithms.basic" file="src/pymortests/algorithms/basic.py" line="21" name="test_almost_equal[compatible_vector_array_pair8-&lt;lambda&gt;24]" time="0.009467601776123047"></testcase><testcase classname="src.pymortests.algorithms.basic" file="src/pymortests/algorithms/basic.py" line="21" name="test_almost_equal[compatible_vector_array_pair8-&lt;lambda&gt;25]" time="0.006009578704833984"></testcase><testcase classname="src.pymortests.algorithms.basic" file="src/pymortests/algorithms/basic.py" line="21" name="test_almost_equal[compatible_vector_array_pair8-&lt;lambda&gt;26]" time="0.3833937644958496"></testcase><testcase classname="src.pymortests.algorithms.basic" file="src/pymortests/algorithms/basic.py" line="21" name="test_almost_equal[compatible_vector_array_pair8-&lt;lambda&gt;27]" time="0.620805025100708"></testcase><testcase classname="src.pymortests.algorithms.basic" file="src/pymortests/algorithms/basic.py" line="21" name="test_almost_equal[compatible_vector_array_pair8-&lt;lambda&gt;28]" time="3.3017168045043945"></testcase><testcase classname="src.pymortests.algorithms.basic" file="src/pymortests/algorithms/basic.py" line="21" name="test_almost_equal[compatible_vector_array_pair8-&lt;lambda&gt;29]" time="0.20095586776733398"></testcase><testcase classname="src.pymortests.algorithms.basic" file="src/pymortests/algorithms/basic.py" line="41" name="test_almost_equal_product[&lt;lambda&gt;0]" time="0.09099936485290527"><system-err>13:14 DiffusionOperatorP1: Calulate gradients of shape functions transformed by reference map ...
13:14 DiffusionOperatorP1: Calculate all local scalar products beween gradients ...
13:14 DiffusionOperatorP1: Determine global dofs ...
13:14 DiffusionOperatorP1: Boundary treatment ...
13:14 DiffusionOperatorP1: Assemble system matrix ...
13:14 DiffusionOperatorP1: Calulate gradients of shape functions transformed by reference map ...
13:14 DiffusionOperatorP1: Calculate all local scalar products beween gradients ...
13:14 DiffusionOperatorP1: Determine global dofs ...
13:14 DiffusionOperatorP1: Boundary treatment ...
13:14 DiffusionOperatorP1: Assemble system matrix ...
13:14 DiffusionOperatorP1: Calulate gradients of shape functions transformed by reference map ...
13:14 DiffusionOperatorP1: Calculate all local scalar products beween gradients ...
13:14 DiffusionOperatorP1: Determine global dofs ...
13:14 DiffusionOperatorP1: Boundary treatment ...
13:14 DiffusionOperatorP1: Assemble system matrix ...
13:14 DiffusionOperatorP1: Calulate gradients of shape functions transformed by reference map ...
13:14 DiffusionOperatorP1: Calculate all local scalar products beween gradients ...
13:14 DiffusionOperatorP1: Determine global dofs ...
13:14 DiffusionOperatorP1: Boundary treatment ...
13:14 DiffusionOperatorP1: Assemble system matrix ...
13:14 DiffusionOperatorP1: Calulate gradients of shape functions transformed by reference map ...
13:14 DiffusionOperatorP1: Calculate all local scalar products beween gradients ...
13:14 DiffusionOperatorP1: Determine global dofs ...
13:14 DiffusionOperatorP1: Boundary treatment ...
13:14 DiffusionOperatorP1: Assemble system matrix ...
13:14 L2ProductP1: Integrate the products of the shape functions on each element
13:14 L2ProductP1: Determine global dofs ...
13:14 L2ProductP1: Boundary treatment ...
13:14 L2ProductP1: Assemble system matrix ...
13:14 DiffusionOperatorP1: Calulate gradients of shape functions transformed by reference map ...
13:14 DiffusionOperatorP1: Calculate all local scalar products beween gradients ...
13:14 DiffusionOperatorP1: Determine global dofs ...
13:14 DiffusionOperatorP1: Boundary treatment ...
13:14 DiffusionOperatorP1: Assemble system matrix ...
13:14 L2ProductP1: Integrate the products of the shape functions on each element
13:14 L2ProductP1: Determine global dofs ...
13:14 L2ProductP1: Boundary treatment ...
13:14 L2ProductP1: Assemble system matrix ...
13:14 DiffusionOperatorP1: Calulate gradients of shape functions transformed by reference map ...
13:14 DiffusionOperatorP1: Calculate all local scalar products beween gradients ...
13:14 DiffusionOperatorP1: Determine global dofs ...
13:14 DiffusionOperatorP1: Boundary treatment ...
13:14 DiffusionOperatorP1: Assemble system matrix ...
</system-err></testcase><testcase classname="src.pymortests.algorithms.basic" file="src/pymortests/algorithms/basic.py" line="41" name="test_almost_equal_product[&lt;lambda&gt;1]" time="0.06874871253967285"><system-err>13:14 DiffusionOperatorP1: Calulate gradients of shape functions transformed by reference map ...
13:14 DiffusionOperatorP1: Calculate all local scalar products beween gradients ...
13:14 DiffusionOperatorP1: Determine global dofs ...
13:14 DiffusionOperatorP1: Boundary treatment ...
13:14 DiffusionOperatorP1: Assemble system matrix ...
13:14 DiffusionOperatorP1: Calulate gradients of shape functions transformed by reference map ...
13:14 DiffusionOperatorP1: Calculate all local scalar products beween gradients ...
13:14 DiffusionOperatorP1: Determine global dofs ...
13:14 DiffusionOperatorP1: Boundary treatment ...
13:14 DiffusionOperatorP1: Assemble system matrix ...
13:14 L2ProductP1: Integrate the products of the shape functions on each element
13:14 L2ProductP1: Determine global dofs ...
13:14 L2ProductP1: Boundary treatment ...
13:14 L2ProductP1: Assemble system matrix ...
13:14 DiffusionOperatorP1: Calulate gradients of shape functions transformed by reference map ...
13:14 DiffusionOperatorP1: Calculate all local scalar products beween gradients ...
13:14 DiffusionOperatorP1: Determine global dofs ...
13:14 DiffusionOperatorP1: Boundary treatment ...
13:14 DiffusionOperatorP1: Assemble system matrix ...
13:14 L2ProductP1: Integrate the products of the shape functions on each element
13:14 L2ProductP1: Determine global dofs ...
13:14 L2ProductP1: Boundary treatment ...
13:14 L2ProductP1: Assemble system matrix ...
13:14 DiffusionOperatorP1: Calulate gradients of shape functions transformed by reference map ...
13:14 DiffusionOperatorP1: Calculate all local scalar products beween gradients ...
13:14 DiffusionOperatorP1: Determine global dofs ...
13:14 DiffusionOperatorP1: Boundary treatment ...
13:14 DiffusionOperatorP1: Assemble system matrix ...
</system-err></testcase><testcase classname="src.pymortests.algorithms.basic" file="src/pymortests/algorithms/basic.py" line="41" name="test_almost_equal_product[&lt;lambda&gt;2]" time="0.08368253707885742"><system-err>13:14 DiffusionOperatorP1: Calulate gradients of shape functions transformed by reference map ...
13:14 DiffusionOperatorP1: Calculate all local scalar products beween gradients ...
13:14 DiffusionOperatorP1: Determine global dofs ...
13:14 DiffusionOperatorP1: Boundary treatment ...
13:14 DiffusionOperatorP1: Assemble system matrix ...
13:14 DiffusionOperatorP1: Calulate gradients of shape functions transformed by reference map ...
13:14 DiffusionOperatorP1: Calculate all local scalar products beween gradients ...
13:14 DiffusionOperatorP1: Determine global dofs ...
13:14 DiffusionOperatorP1: Boundary treatment ...
13:14 DiffusionOperatorP1: Assemble system matrix ...
13:14 DiffusionOperatorP1: Calulate gradients of shape functions transformed by reference map ...
13:14 DiffusionOperatorP1: Calculate all local scalar products beween gradients ...
13:14 DiffusionOperatorP1: Determine global dofs ...
13:14 DiffusionOperatorP1: Boundary treatment ...
13:14 DiffusionOperatorP1: Assemble system matrix ...
13:14 DiffusionOperatorP1: Calulate gradients of shape functions transformed by reference map ...
13:14 DiffusionOperatorP1: Calculate all local scalar products beween gradients ...
13:14 DiffusionOperatorP1: Determine global dofs ...
13:14 DiffusionOperatorP1: Boundary treatment ...
13:14 DiffusionOperatorP1: Assemble system matrix ...
13:14 DiffusionOperatorP1: Calulate gradients of shape functions transformed by reference map ...
13:14 DiffusionOperatorP1: Calculate all local scalar products beween gradients ...
13:14 DiffusionOperatorP1: Determine global dofs ...
13:14 DiffusionOperatorP1: Boundary treatment ...
13:14 DiffusionOperatorP1: Assemble system matrix ...
13:14 L2ProductP1: Integrate the products of the shape functions on each element
13:14 L2ProductP1: Determine global dofs ...
13:14 L2ProductP1: Boundary treatment ...
13:14 L2ProductP1: Assemble system matrix ...
13:14 DiffusionOperatorP1: Calulate gradients of shape functions transformed by reference map ...
13:14 DiffusionOperatorP1: Calculate all local scalar products beween gradients ...
13:14 DiffusionOperatorP1: Determine global dofs ...
13:14 DiffusionOperatorP1: Boundary treatment ...
13:14 DiffusionOperatorP1: Assemble system matrix ...
13:14 L2ProductP1: Integrate the products of the shape functions on each element
13:14 L2ProductP1: Determine global dofs ...
13:14 L2ProductP1: Boundary treatment ...
13:14 L2ProductP1: Assemble system matrix ...
13:14 DiffusionOperatorP1: Calulate gradients of shape functions transformed by reference map ...
13:14 DiffusionOperatorP1: Calculate all local scalar products beween gradients ...
13:14 DiffusionOperatorP1: Determine global dofs ...
13:14 DiffusionOperatorP1: Boundary treatment ...
13:14 DiffusionOperatorP1: Assemble system matrix ...
</system-err></testcase><testcase classname="src.pymortests.algorithms.basic" file="src/pymortests/algorithms/basic.py" line="41" name="test_almost_equal_product[&lt;lambda&gt;3]" time="0.07564353942871094"><system-err>13:14 DiffusionOperatorP1: Calulate gradients of shape functions transformed by reference map ...
13:14 DiffusionOperatorP1: Calculate all local scalar products beween gradients ...
13:14 DiffusionOperatorP1: Determine global dofs ...
13:14 DiffusionOperatorP1: Boundary treatment ...
13:14 DiffusionOperatorP1: Assemble system matrix ...
13:14 DiffusionOperatorP1: Calulate gradients of shape functions transformed by reference map ...
13:14 DiffusionOperatorP1: Calculate all local scalar products beween gradients ...
13:14 DiffusionOperatorP1: Determine global dofs ...
13:14 DiffusionOperatorP1: Boundary treatment ...
13:14 DiffusionOperatorP1: Assemble system matrix ...
13:14 L2ProductP1: Integrate the products of the shape functions on each element
13:14 L2ProductP1: Determine global dofs ...
13:14 L2ProductP1: Boundary treatment ...
13:14 L2ProductP1: Assemble system matrix ...
13:14 DiffusionOperatorP1: Calulate gradients of shape functions transformed by reference map ...
13:14 DiffusionOperatorP1: Calculate all local scalar products beween gradients ...
13:14 DiffusionOperatorP1: Determine global dofs ...
13:14 DiffusionOperatorP1: Boundary treatment ...
13:14 DiffusionOperatorP1: Assemble system matrix ...
13:14 L2ProductP1: Integrate the products of the shape functions on each element
13:14 L2ProductP1: Determine global dofs ...
13:14 L2ProductP1: Boundary treatment ...
13:14 L2ProductP1: Assemble system matrix ...
13:14 DiffusionOperatorP1: Calulate gradients of shape functions transformed by reference map ...
13:14 DiffusionOperatorP1: Calculate all local scalar products beween gradients ...
13:14 DiffusionOperatorP1: Determine global dofs ...
13:14 DiffusionOperatorP1: Boundary treatment ...
13:14 DiffusionOperatorP1: Assemble system matrix ...
</system-err></testcase><testcase classname="src.pymortests.algorithms.basic" file="src/pymortests/algorithms/basic.py" line="41" name="test_almost_equal_product[&lt;lambda&gt;4]" time="0.07488751411437988"><system-err>13:15 DiffusionOperatorP1: Calulate gradients of shape functions transformed by reference map ...
13:15 DiffusionOperatorP1: Calculate all local scalar products beween gradients ...
13:15 DiffusionOperatorP1: Determine global dofs ...
13:15 DiffusionOperatorP1: Boundary treatment ...
13:15 DiffusionOperatorP1: Assemble system matrix ...
13:15 DiffusionOperatorP1: Calulate gradients of shape functions transformed by reference map ...
13:15 DiffusionOperatorP1: Calculate all local scalar products beween gradients ...
13:15 DiffusionOperatorP1: Determine global dofs ...
13:15 DiffusionOperatorP1: Boundary treatment ...
13:15 DiffusionOperatorP1: Assemble system matrix ...
13:15 DiffusionOperatorP1: Calulate gradients of shape functions transformed by reference map ...
13:15 DiffusionOperatorP1: Calculate all local scalar products beween gradients ...
13:15 DiffusionOperatorP1: Determine global dofs ...
13:15 DiffusionOperatorP1: Boundary treatment ...
13:15 DiffusionOperatorP1: Assemble system matrix ...
13:15 DiffusionOperatorP1: Calulate gradients of shape functions transformed by reference map ...
13:15 DiffusionOperatorP1: Calculate all local scalar products beween gradients ...
13:15 DiffusionOperatorP1: Determine global dofs ...
13:15 DiffusionOperatorP1: Boundary treatment ...
13:15 DiffusionOperatorP1: Assemble system matrix ...
13:15 DiffusionOperatorP1: Calulate gradients of shape functions transformed by reference map ...
13:15 DiffusionOperatorP1: Calculate all local scalar products beween gradients ...
13:15 DiffusionOperatorP1: Determine global dofs ...
13:15 DiffusionOperatorP1: Boundary treatment ...
13:15 DiffusionOperatorP1: Assemble system matrix ...
13:15 L2ProductP1: Integrate the products of the shape functions on each element
13:15 L2ProductP1: Determine global dofs ...
13:15 L2ProductP1: Boundary treatment ...
13:15 L2ProductP1: Assemble system matrix ...
13:15 DiffusionOperatorP1: Calulate gradients of shape functions transformed by reference map ...
13:15 DiffusionOperatorP1: Calculate all local scalar products beween gradients ...
13:15 DiffusionOperatorP1: Determine global dofs ...
13:15 DiffusionOperatorP1: Boundary treatment ...
13:15 DiffusionOperatorP1: Assemble system matrix ...
13:15 L2ProductP1: Integrate the products of the shape functions on each element
13:15 L2ProductP1: Determine global dofs ...
13:15 L2ProductP1: Boundary treatment ...
13:15 L2ProductP1: Assemble system matrix ...
13:15 DiffusionOperatorP1: Calulate gradients of shape functions transformed by reference map ...
13:15 DiffusionOperatorP1: Calculate all local scalar products beween gradients ...
13:15 DiffusionOperatorP1: Determine global dofs ...
13:15 DiffusionOperatorP1: Boundary treatment ...
13:15 DiffusionOperatorP1: Assemble system matrix ...
</system-err></testcase><testcase classname="src.pymortests.algorithms.basic" file="src/pymortests/algorithms/basic.py" line="41" name="test_almost_equal_product[&lt;lambda&gt;5]" time="0.07119250297546387"><system-err>13:15 DiffusionOperatorP1: Calulate gradients of shape functions transformed by reference map ...
13:15 DiffusionOperatorP1: Calculate all local scalar products beween gradients ...
13:15 DiffusionOperatorP1: Determine global dofs ...
13:15 DiffusionOperatorP1: Boundary treatment ...
13:15 DiffusionOperatorP1: Assemble system matrix ...
13:15 DiffusionOperatorP1: Calulate gradients of shape functions transformed by reference map ...
13:15 DiffusionOperatorP1: Calculate all local scalar products beween gradients ...
13:15 DiffusionOperatorP1: Determine global dofs ...
13:15 DiffusionOperatorP1: Boundary treatment ...
13:15 DiffusionOperatorP1: Assemble system matrix ...
13:15 L2ProductP1: Integrate the products of the shape functions on each element
13:15 L2ProductP1: Determine global dofs ...
13:15 L2ProductP1: Boundary treatment ...
13:15 L2ProductP1: Assemble system matrix ...
13:15 DiffusionOperatorP1: Calulate gradients of shape functions transformed by reference map ...
13:15 DiffusionOperatorP1: Calculate all local scalar products beween gradients ...
13:15 DiffusionOperatorP1: Determine global dofs ...
13:15 DiffusionOperatorP1: Boundary treatment ...
13:15 DiffusionOperatorP1: Assemble system matrix ...
13:15 L2ProductP1: Integrate the products of the shape functions on each element
13:15 L2ProductP1: Determine global dofs ...
13:15 L2ProductP1: Boundary treatment ...
13:15 L2ProductP1: Assemble system matrix ...
13:15 DiffusionOperatorP1: Calulate gradients of shape functions transformed by reference map ...
13:15 DiffusionOperatorP1: Calculate all local scalar products beween gradients ...
13:15 DiffusionOperatorP1: Determine global dofs ...
13:15 DiffusionOperatorP1: Boundary treatment ...
13:15 DiffusionOperatorP1: Assemble system matrix ...
</system-err></testcase><testcase classname="src.pymortests.algorithms.basic" file="src/pymortests/algorithms/basic.py" line="41" name="test_almost_equal_product[&lt;lambda&gt;6]" time="0.07485103607177734"><system-err>13:15 DiffusionOperatorP1: Calulate gradients of shape functions transformed by reference map ...
13:15 DiffusionOperatorP1: Calculate all local scalar products beween gradients ...
13:15 DiffusionOperatorP1: Determine global dofs ...
13:15 DiffusionOperatorP1: Boundary treatment ...
13:15 DiffusionOperatorP1: Assemble system matrix ...
13:15 DiffusionOperatorP1: Calulate gradients of shape functions transformed by reference map ...
13:15 DiffusionOperatorP1: Calculate all local scalar products beween gradients ...
13:15 DiffusionOperatorP1: Determine global dofs ...
13:15 DiffusionOperatorP1: Boundary treatment ...
13:15 DiffusionOperatorP1: Assemble system matrix ...
13:15 DiffusionOperatorP1: Calulate gradients of shape functions transformed by reference map ...
13:15 DiffusionOperatorP1: Calculate all local scalar products beween gradients ...
13:15 DiffusionOperatorP1: Determine global dofs ...
13:15 DiffusionOperatorP1: Boundary treatment ...
13:15 DiffusionOperatorP1: Assemble system matrix ...
13:15 DiffusionOperatorP1: Calulate gradients of shape functions transformed by reference map ...
13:15 DiffusionOperatorP1: Calculate all local scalar products beween gradients ...
13:15 DiffusionOperatorP1: Determine global dofs ...
13:15 DiffusionOperatorP1: Boundary treatment ...
13:15 DiffusionOperatorP1: Assemble system matrix ...
13:15 DiffusionOperatorP1: Calulate gradients of shape functions transformed by reference map ...
13:15 DiffusionOperatorP1: Calculate all local scalar products beween gradients ...
13:15 DiffusionOperatorP1: Determine global dofs ...
13:15 DiffusionOperatorP1: Boundary treatment ...
13:15 DiffusionOperatorP1: Assemble system matrix ...
13:15 L2ProductP1: Integrate the products of the shape functions on each element
13:15 L2ProductP1: Determine global dofs ...
13:15 L2ProductP1: Boundary treatment ...
13:15 L2ProductP1: Assemble system matrix ...
13:15 DiffusionOperatorP1: Calulate gradients of shape functions transformed by reference map ...
13:15 DiffusionOperatorP1: Calculate all local scalar products beween gradients ...
13:15 DiffusionOperatorP1: Determine global dofs ...
13:15 DiffusionOperatorP1: Boundary treatment ...
13:15 DiffusionOperatorP1: Assemble system matrix ...
13:15 L2ProductP1: Integrate the products of the shape functions on each element
13:15 L2ProductP1: Determine global dofs ...
13:15 L2ProductP1: Boundary treatment ...
13:15 L2ProductP1: Assemble system matrix ...
13:15 DiffusionOperatorP1: Calulate gradients of shape functions transformed by reference map ...
13:15 DiffusionOperatorP1: Calculate all local scalar products beween gradients ...
13:15 DiffusionOperatorP1: Determine global dofs ...
13:15 DiffusionOperatorP1: Boundary treatment ...
13:15 DiffusionOperatorP1: Assemble system matrix ...
</system-err></testcase><testcase classname="src.pymortests.algorithms.basic" file="src/pymortests/algorithms/basic.py" line="41" name="test_almost_equal_product[&lt;lambda&gt;7]" time="0.07517433166503906"><system-err>13:15 DiffusionOperatorP1: Calulate gradients of shape functions transformed by reference map ...
13:15 DiffusionOperatorP1: Calculate all local scalar products beween gradients ...
13:15 DiffusionOperatorP1: Determine global dofs ...
13:15 DiffusionOperatorP1: Boundary treatment ...
13:15 DiffusionOperatorP1: Assemble system matrix ...
13:15 DiffusionOperatorP1: Calulate gradients of shape functions transformed by reference map ...
13:15 DiffusionOperatorP1: Calculate all local scalar products beween gradients ...
13:15 DiffusionOperatorP1: Determine global dofs ...
13:15 DiffusionOperatorP1: Boundary treatment ...
13:15 DiffusionOperatorP1: Assemble system matrix ...
13:15 L2ProductP1: Integrate the products of the shape functions on each element
13:15 L2ProductP1: Determine global dofs ...
13:15 L2ProductP1: Boundary treatment ...
13:15 L2ProductP1: Assemble system matrix ...
13:15 DiffusionOperatorP1: Calulate gradients of shape functions transformed by reference map ...
13:15 DiffusionOperatorP1: Calculate all local scalar products beween gradients ...
13:15 DiffusionOperatorP1: Determine global dofs ...
13:15 DiffusionOperatorP1: Boundary treatment ...
13:15 DiffusionOperatorP1: Assemble system matrix ...
13:15 L2ProductP1: Integrate the products of the shape functions on each element
13:15 L2ProductP1: Determine global dofs ...
13:15 L2ProductP1: Boundary treatment ...
13:15 L2ProductP1: Assemble system matrix ...
13:15 DiffusionOperatorP1: Calulate gradients of shape functions transformed by reference map ...
13:15 DiffusionOperatorP1: Calculate all local scalar products beween gradients ...
13:15 DiffusionOperatorP1: Determine global dofs ...
13:15 DiffusionOperatorP1: Boundary treatment ...
13:15 DiffusionOperatorP1: Assemble system matrix ...
</system-err></testcase><testcase classname="src.pymortests.algorithms.basic" file="src/pymortests/algorithms/basic.py" line="41" name="test_almost_equal_product[&lt;lambda&gt;8]" time="0.0774526596069336"><system-err>13:15 DiffusionOperatorP1: Calulate gradients of shape functions transformed by reference map ...
13:15 DiffusionOperatorP1: Calculate all local scalar products beween gradients ...
13:15 DiffusionOperatorP1: Determine global dofs ...
13:15 DiffusionOperatorP1: Boundary treatment ...
13:15 DiffusionOperatorP1: Assemble system matrix ...
13:15 DiffusionOperatorP1: Calulate gradients of shape functions transformed by reference map ...
13:15 DiffusionOperatorP1: Calculate all local scalar products beween gradients ...
13:15 DiffusionOperatorP1: Determine global dofs ...
13:15 DiffusionOperatorP1: Boundary treatment ...
13:15 DiffusionOperatorP1: Assemble system matrix ...
13:15 DiffusionOperatorP1: Calulate gradients of shape functions transformed by reference map ...
13:15 DiffusionOperatorP1: Calculate all local scalar products beween gradients ...
13:15 DiffusionOperatorP1: Determine global dofs ...
13:15 DiffusionOperatorP1: Boundary treatment ...
13:15 DiffusionOperatorP1: Assemble system matrix ...
13:15 DiffusionOperatorP1: Calulate gradients of shape functions transformed by reference map ...
13:15 DiffusionOperatorP1: Calculate all local scalar products beween gradients ...
13:15 DiffusionOperatorP1: Determine global dofs ...
13:15 DiffusionOperatorP1: Boundary treatment ...
13:15 DiffusionOperatorP1: Assemble system matrix ...
13:15 DiffusionOperatorP1: Calulate gradients of shape functions transformed by reference map ...
13:15 DiffusionOperatorP1: Calculate all local scalar products beween gradients ...
13:15 DiffusionOperatorP1: Determine global dofs ...
13:15 DiffusionOperatorP1: Boundary treatment ...
13:15 DiffusionOperatorP1: Assemble system matrix ...
13:15 L2ProductP1: Integrate the products of the shape functions on each element
13:15 L2ProductP1: Determine global dofs ...
13:15 L2ProductP1: Boundary treatment ...
13:15 L2ProductP1: Assemble system matrix ...
13:15 DiffusionOperatorP1: Calulate gradients of shape functions transformed by reference map ...
13:15 DiffusionOperatorP1: Calculate all local scalar products beween gradients ...
13:15 DiffusionOperatorP1: Determine global dofs ...
13:15 DiffusionOperatorP1: Boundary treatment ...
13:15 DiffusionOperatorP1: Assemble system matrix ...
13:15 L2ProductP1: Integrate the products of the shape functions on each element
13:15 L2ProductP1: Determine global dofs ...
13:15 L2ProductP1: Boundary treatment ...
13:15 L2ProductP1: Assemble system matrix ...
13:15 DiffusionOperatorP1: Calulate gradients of shape functions transformed by reference map ...
13:15 DiffusionOperatorP1: Calculate all local scalar products beween gradients ...
13:15 DiffusionOperatorP1: Determine global dofs ...
13:15 DiffusionOperatorP1: Boundary treatment ...
13:15 DiffusionOperatorP1: Assemble system matrix ...
</system-err></testcase><testcase classname="src.pymortests.algorithms.basic" file="src/pymortests/algorithms/basic.py" line="41" name="test_almost_equal_product[&lt;lambda&gt;9]" time="0.07654833793640137"><system-err>13:15 DiffusionOperatorP1: Calulate gradients of shape functions transformed by reference map ...
13:15 DiffusionOperatorP1: Calculate all local scalar products beween gradients ...
13:15 DiffusionOperatorP1: Determine global dofs ...
13:15 DiffusionOperatorP1: Boundary treatment ...
13:15 DiffusionOperatorP1: Assemble system matrix ...
13:15 DiffusionOperatorP1: Calulate gradients of shape functions transformed by reference map ...
13:15 DiffusionOperatorP1: Calculate all local scalar products beween gradients ...
13:15 DiffusionOperatorP1: Determine global dofs ...
13:15 DiffusionOperatorP1: Boundary treatment ...
13:15 DiffusionOperatorP1: Assemble system matrix ...
13:15 L2ProductP1: Integrate the products of the shape functions on each element
13:15 L2ProductP1: Determine global dofs ...
13:15 L2ProductP1: Boundary treatment ...
13:15 L2ProductP1: Assemble system matrix ...
13:15 DiffusionOperatorP1: Calulate gradients of shape functions transformed by reference map ...
13:15 DiffusionOperatorP1: Calculate all local scalar products beween gradients ...
13:15 DiffusionOperatorP1: Determine global dofs ...
13:15 DiffusionOperatorP1: Boundary treatment ...
13:15 DiffusionOperatorP1: Assemble system matrix ...
13:15 L2ProductP1: Integrate the products of the shape functions on each element
13:15 L2ProductP1: Determine global dofs ...
13:15 L2ProductP1: Boundary treatment ...
13:15 L2ProductP1: Assemble system matrix ...
13:15 DiffusionOperatorP1: Calulate gradients of shape functions transformed by reference map ...
13:15 DiffusionOperatorP1: Calculate all local scalar products beween gradients ...
13:15 DiffusionOperatorP1: Determine global dofs ...
13:15 DiffusionOperatorP1: Boundary treatment ...
13:15 DiffusionOperatorP1: Assemble system matrix ...
</system-err></testcase><testcase classname="src.pymortests.algorithms.basic" file="src/pymortests/algorithms/basic.py" line="41" name="test_almost_equal_product[&lt;lambda&gt;10]" time="0.0742192268371582"><system-err>13:15 DiffusionOperatorP1: Calulate gradients of shape functions transformed by reference map ...
13:15 DiffusionOperatorP1: Calculate all local scalar products beween gradients ...
13:15 DiffusionOperatorP1: Determine global dofs ...
13:15 DiffusionOperatorP1: Boundary treatment ...
13:15 DiffusionOperatorP1: Assemble system matrix ...
13:15 DiffusionOperatorP1: Calulate gradients of shape functions transformed by reference map ...
13:15 DiffusionOperatorP1: Calculate all local scalar products beween gradients ...
13:15 DiffusionOperatorP1: Determine global dofs ...
13:15 DiffusionOperatorP1: Boundary treatment ...
13:15 DiffusionOperatorP1: Assemble system matrix ...
13:15 DiffusionOperatorP1: Calulate gradients of shape functions transformed by reference map ...
13:15 DiffusionOperatorP1: Calculate all local scalar products beween gradients ...
13:15 DiffusionOperatorP1: Determine global dofs ...
13:15 DiffusionOperatorP1: Boundary treatment ...
13:15 DiffusionOperatorP1: Assemble system matrix ...
13:15 DiffusionOperatorP1: Calulate gradients of shape functions transformed by reference map ...
13:15 DiffusionOperatorP1: Calculate all local scalar products beween gradients ...
13:15 DiffusionOperatorP1: Determine global dofs ...
13:15 DiffusionOperatorP1: Boundary treatment ...
13:15 DiffusionOperatorP1: Assemble system matrix ...
13:15 DiffusionOperatorP1: Calulate gradients of shape functions transformed by reference map ...
13:15 DiffusionOperatorP1: Calculate all local scalar products beween gradients ...
13:15 DiffusionOperatorP1: Determine global dofs ...
13:15 DiffusionOperatorP1: Boundary treatment ...
13:15 DiffusionOperatorP1: Assemble system matrix ...
13:15 L2ProductP1: Integrate the products of the shape functions on each element
13:15 L2ProductP1: Determine global dofs ...
13:15 L2ProductP1: Boundary treatment ...
13:15 L2ProductP1: Assemble system matrix ...
13:15 DiffusionOperatorP1: Calulate gradients of shape functions transformed by reference map ...
13:15 DiffusionOperatorP1: Calculate all local scalar products beween gradients ...
13:15 DiffusionOperatorP1: Determine global dofs ...
13:15 DiffusionOperatorP1: Boundary treatment ...
13:15 DiffusionOperatorP1: Assemble system matrix ...
13:15 L2ProductP1: Integrate the products of the shape functions on each element
13:15 L2ProductP1: Determine global dofs ...
13:15 L2ProductP1: Boundary treatment ...
13:15 L2ProductP1: Assemble system matrix ...
13:15 DiffusionOperatorP1: Calulate gradients of shape functions transformed by reference map ...
13:15 DiffusionOperatorP1: Calculate all local scalar products beween gradients ...
13:15 DiffusionOperatorP1: Determine global dofs ...
13:15 DiffusionOperatorP1: Boundary treatment ...
13:15 DiffusionOperatorP1: Assemble system matrix ...
</system-err></testcase><testcase classname="src.pymortests.algorithms.basic" file="src/pymortests/algorithms/basic.py" line="41" name="test_almost_equal_product[&lt;lambda&gt;11]" time="0.0692434310913086"><system-err>13:15 DiffusionOperatorP1: Calulate gradients of shape functions transformed by reference map ...
13:15 DiffusionOperatorP1: Calculate all local scalar products beween gradients ...
13:15 DiffusionOperatorP1: Determine global dofs ...
13:15 DiffusionOperatorP1: Boundary treatment ...
13:15 DiffusionOperatorP1: Assemble system matrix ...
13:15 DiffusionOperatorP1: Calulate gradients of shape functions transformed by reference map ...
13:15 DiffusionOperatorP1: Calculate all local scalar products beween gradients ...
13:15 DiffusionOperatorP1: Determine global dofs ...
13:15 DiffusionOperatorP1: Boundary treatment ...
13:15 DiffusionOperatorP1: Assemble system matrix ...
13:15 L2ProductP1: Integrate the products of the shape functions on each element
13:15 L2ProductP1: Determine global dofs ...
13:15 L2ProductP1: Boundary treatment ...
13:15 L2ProductP1: Assemble system matrix ...
13:15 DiffusionOperatorP1: Calulate gradients of shape functions transformed by reference map ...
13:15 DiffusionOperatorP1: Calculate all local scalar products beween gradients ...
13:15 DiffusionOperatorP1: Determine global dofs ...
13:15 DiffusionOperatorP1: Boundary treatment ...
13:15 DiffusionOperatorP1: Assemble system matrix ...
13:15 L2ProductP1: Integrate the products of the shape functions on each element
13:15 L2ProductP1: Determine global dofs ...
13:15 L2ProductP1: Boundary treatment ...
13:15 L2ProductP1: Assemble system matrix ...
13:15 DiffusionOperatorP1: Calulate gradients of shape functions transformed by reference map ...
13:15 DiffusionOperatorP1: Calculate all local scalar products beween gradients ...
13:15 DiffusionOperatorP1: Determine global dofs ...
13:15 DiffusionOperatorP1: Boundary treatment ...
13:15 DiffusionOperatorP1: Assemble system matrix ...
</system-err></testcase><testcase classname="src.pymortests.algorithms.basic" file="src/pymortests/algorithms/basic.py" line="41" name="test_almost_equal_product[&lt;lambda&gt;12]" time="0.06933045387268066"><system-err>13:15 DiffusionOperatorP1: Calulate gradients of shape functions transformed by reference map ...
13:15 DiffusionOperatorP1: Calculate all local scalar products beween gradients ...
13:15 DiffusionOperatorP1: Determine global dofs ...
13:15 DiffusionOperatorP1: Boundary treatment ...
13:15 DiffusionOperatorP1: Assemble system matrix ...
13:15 DiffusionOperatorP1: Calulate gradients of shape functions transformed by reference map ...
13:15 DiffusionOperatorP1: Calculate all local scalar products beween gradients ...
13:15 DiffusionOperatorP1: Determine global dofs ...
13:15 DiffusionOperatorP1: Boundary treatment ...
13:15 DiffusionOperatorP1: Assemble system matrix ...
13:15 DiffusionOperatorP1: Calulate gradients of shape functions transformed by reference map ...
13:15 DiffusionOperatorP1: Calculate all local scalar products beween gradients ...
13:15 DiffusionOperatorP1: Determine global dofs ...
13:15 DiffusionOperatorP1: Boundary treatment ...
13:15 DiffusionOperatorP1: Assemble system matrix ...
13:15 DiffusionOperatorP1: Calulate gradients of shape functions transformed by reference map ...
13:15 DiffusionOperatorP1: Calculate all local scalar products beween gradients ...
13:15 DiffusionOperatorP1: Determine global dofs ...
13:15 DiffusionOperatorP1: Boundary treatment ...
13:15 DiffusionOperatorP1: Assemble system matrix ...
13:15 DiffusionOperatorP1: Calulate gradients of shape functions transformed by reference map ...
13:15 DiffusionOperatorP1: Calculate all local scalar products beween gradients ...
13:15 DiffusionOperatorP1: Determine global dofs ...
13:15 DiffusionOperatorP1: Boundary treatment ...
13:15 DiffusionOperatorP1: Assemble system matrix ...
13:15 L2ProductP1: Integrate the products of the shape functions on each element
13:15 L2ProductP1: Determine global dofs ...
13:15 L2ProductP1: Boundary treatment ...
13:15 L2ProductP1: Assemble system matrix ...
13:15 DiffusionOperatorP1: Calulate gradients of shape functions transformed by reference map ...
13:15 DiffusionOperatorP1: Calculate all local scalar products beween gradients ...
13:15 DiffusionOperatorP1: Determine global dofs ...
13:15 DiffusionOperatorP1: Boundary treatment ...
13:15 DiffusionOperatorP1: Assemble system matrix ...
13:15 L2ProductP1: Integrate the products of the shape functions on each element
13:15 L2ProductP1: Determine global dofs ...
13:15 L2ProductP1: Boundary treatment ...
13:15 L2ProductP1: Assemble system matrix ...
13:15 DiffusionOperatorP1: Calulate gradients of shape functions transformed by reference map ...
13:15 DiffusionOperatorP1: Calculate all local scalar products beween gradients ...
13:15 DiffusionOperatorP1: Determine global dofs ...
13:15 DiffusionOperatorP1: Boundary treatment ...
13:15 DiffusionOperatorP1: Assemble system matrix ...
</system-err></testcase><testcase classname="src.pymortests.algorithms.basic" file="src/pymortests/algorithms/basic.py" line="41" name="test_almost_equal_product[&lt;lambda&gt;13]" time="0.06394720077514648"><system-err>13:15 DiffusionOperatorP1: Calulate gradients of shape functions transformed by reference map ...
13:15 DiffusionOperatorP1: Calculate all local scalar products beween gradients ...
13:15 DiffusionOperatorP1: Determine global dofs ...
13:15 DiffusionOperatorP1: Boundary treatment ...
13:15 DiffusionOperatorP1: Assemble system matrix ...
13:15 DiffusionOperatorP1: Calulate gradients of shape functions transformed by reference map ...
13:15 DiffusionOperatorP1: Calculate all local scalar products beween gradients ...
13:15 DiffusionOperatorP1: Determine global dofs ...
13:15 DiffusionOperatorP1: Boundary treatment ...
13:15 DiffusionOperatorP1: Assemble system matrix ...
13:15 L2ProductP1: Integrate the products of the shape functions on each element
13:15 L2ProductP1: Determine global dofs ...
13:15 L2ProductP1: Boundary treatment ...
13:15 L2ProductP1: Assemble system matrix ...
13:15 DiffusionOperatorP1: Calulate gradients of shape functions transformed by reference map ...
13:15 DiffusionOperatorP1: Calculate all local scalar products beween gradients ...
13:15 DiffusionOperatorP1: Determine global dofs ...
13:15 DiffusionOperatorP1: Boundary treatment ...
13:15 DiffusionOperatorP1: Assemble system matrix ...
13:15 L2ProductP1: Integrate the products of the shape functions on each element
13:15 L2ProductP1: Determine global dofs ...
13:15 L2ProductP1: Boundary treatment ...
13:15 L2ProductP1: Assemble system matrix ...
13:15 DiffusionOperatorP1: Calulate gradients of shape functions transformed by reference map ...
13:15 DiffusionOperatorP1: Calculate all local scalar products beween gradients ...
13:15 DiffusionOperatorP1: Determine global dofs ...
13:15 DiffusionOperatorP1: Boundary treatment ...
13:15 DiffusionOperatorP1: Assemble system matrix ...
</system-err></testcase><testcase classname="src.pymortests.algorithms.basic" file="src/pymortests/algorithms/basic.py" line="41" name="test_almost_equal_product[&lt;lambda&gt;14]" time="0.07268714904785156"><system-err>13:15 DiffusionOperatorP1: Calulate gradients of shape functions transformed by reference map ...
13:15 DiffusionOperatorP1: Calculate all local scalar products beween gradients ...
13:15 DiffusionOperatorP1: Determine global dofs ...
13:15 DiffusionOperatorP1: Boundary treatment ...
13:15 DiffusionOperatorP1: Assemble system matrix ...
13:15 DiffusionOperatorP1: Calulate gradients of shape functions transformed by reference map ...
13:15 DiffusionOperatorP1: Calculate all local scalar products beween gradients ...
13:15 DiffusionOperatorP1: Determine global dofs ...
13:15 DiffusionOperatorP1: Boundary treatment ...
13:15 DiffusionOperatorP1: Assemble system matrix ...
13:15 DiffusionOperatorP1: Calulate gradients of shape functions transformed by reference map ...
13:15 DiffusionOperatorP1: Calculate all local scalar products beween gradients ...
13:15 DiffusionOperatorP1: Determine global dofs ...
13:15 DiffusionOperatorP1: Boundary treatment ...
13:15 DiffusionOperatorP1: Assemble system matrix ...
13:15 DiffusionOperatorP1: Calulate gradients of shape functions transformed by reference map ...
13:15 DiffusionOperatorP1: Calculate all local scalar products beween gradients ...
13:15 DiffusionOperatorP1: Determine global dofs ...
13:15 DiffusionOperatorP1: Boundary treatment ...
13:15 DiffusionOperatorP1: Assemble system matrix ...
13:15 DiffusionOperatorP1: Calulate gradients of shape functions transformed by reference map ...
13:15 DiffusionOperatorP1: Calculate all local scalar products beween gradients ...
13:15 DiffusionOperatorP1: Determine global dofs ...
13:15 DiffusionOperatorP1: Boundary treatment ...
13:15 DiffusionOperatorP1: Assemble system matrix ...
13:15 L2ProductP1: Integrate the products of the shape functions on each element
13:15 L2ProductP1: Determine global dofs ...
13:15 L2ProductP1: Boundary treatment ...
13:15 L2ProductP1: Assemble system matrix ...
13:15 DiffusionOperatorP1: Calulate gradients of shape functions transformed by reference map ...
13:15 DiffusionOperatorP1: Calculate all local scalar products beween gradients ...
13:15 DiffusionOperatorP1: Determine global dofs ...
13:15 DiffusionOperatorP1: Boundary treatment ...
13:15 DiffusionOperatorP1: Assemble system matrix ...
13:15 L2ProductP1: Integrate the products of the shape functions on each element
13:15 L2ProductP1: Determine global dofs ...
13:15 L2ProductP1: Boundary treatment ...
13:15 L2ProductP1: Assemble system matrix ...
13:15 DiffusionOperatorP1: Calulate gradients of shape functions transformed by reference map ...
13:15 DiffusionOperatorP1: Calculate all local scalar products beween gradients ...
13:15 DiffusionOperatorP1: Determine global dofs ...
13:15 DiffusionOperatorP1: Boundary treatment ...
13:15 DiffusionOperatorP1: Assemble system matrix ...
</system-err></testcase><testcase classname="src.pymortests.algorithms.basic" file="src/pymortests/algorithms/basic.py" line="41" name="test_almost_equal_product[&lt;lambda&gt;15]" time="0.06934690475463867"><system-err>13:15 DiffusionOperatorP1: Calulate gradients of shape functions transformed by reference map ...
13:15 DiffusionOperatorP1: Calculate all local scalar products beween gradients ...
13:15 DiffusionOperatorP1: Determine global dofs ...
13:15 DiffusionOperatorP1: Boundary treatment ...
13:15 DiffusionOperatorP1: Assemble system matrix ...
13:15 DiffusionOperatorP1: Calulate gradients of shape functions transformed by reference map ...
13:15 DiffusionOperatorP1: Calculate all local scalar products beween gradients ...
13:15 DiffusionOperatorP1: Determine global dofs ...
13:15 DiffusionOperatorP1: Boundary treatment ...
13:15 DiffusionOperatorP1: Assemble system matrix ...
13:15 L2ProductP1: Integrate the products of the shape functions on each element
13:15 L2ProductP1: Determine global dofs ...
13:15 L2ProductP1: Boundary treatment ...
13:15 L2ProductP1: Assemble system matrix ...
13:15 DiffusionOperatorP1: Calulate gradients of shape functions transformed by reference map ...
13:15 DiffusionOperatorP1: Calculate all local scalar products beween gradients ...
13:15 DiffusionOperatorP1: Determine global dofs ...
13:15 DiffusionOperatorP1: Boundary treatment ...
13:15 DiffusionOperatorP1: Assemble system matrix ...
13:15 L2ProductP1: Integrate the products of the shape functions on each element
13:15 L2ProductP1: Determine global dofs ...
13:15 L2ProductP1: Boundary treatment ...
13:15 L2ProductP1: Assemble system matrix ...
13:15 DiffusionOperatorP1: Calulate gradients of shape functions transformed by reference map ...
13:15 DiffusionOperatorP1: Calculate all local scalar products beween gradients ...
13:15 DiffusionOperatorP1: Determine global dofs ...
13:15 DiffusionOperatorP1: Boundary treatment ...
13:15 DiffusionOperatorP1: Assemble system matrix ...
</system-err></testcase><testcase classname="src.pymortests.algorithms.basic" file="src/pymortests/algorithms/basic.py" line="41" name="test_almost_equal_product[&lt;lambda&gt;16]" time="0.06743812561035156"><system-err>13:15 DiffusionOperatorP1: Calulate gradients of shape functions transformed by reference map ...
13:15 DiffusionOperatorP1: Calculate all local scalar products beween gradients ...
13:15 DiffusionOperatorP1: Determine global dofs ...
13:15 DiffusionOperatorP1: Boundary treatment ...
13:15 DiffusionOperatorP1: Assemble system matrix ...
13:15 DiffusionOperatorP1: Calulate gradients of shape functions transformed by reference map ...
13:15 DiffusionOperatorP1: Calculate all local scalar products beween gradients ...
13:15 DiffusionOperatorP1: Determine global dofs ...
13:15 DiffusionOperatorP1: Boundary treatment ...
13:15 DiffusionOperatorP1: Assemble system matrix ...
13:15 DiffusionOperatorP1: Calulate gradients of shape functions transformed by reference map ...
13:15 DiffusionOperatorP1: Calculate all local scalar products beween gradients ...
13:15 DiffusionOperatorP1: Determine global dofs ...
13:15 DiffusionOperatorP1: Boundary treatment ...
13:15 DiffusionOperatorP1: Assemble system matrix ...
13:15 DiffusionOperatorP1: Calulate gradients of shape functions transformed by reference map ...
13:15 DiffusionOperatorP1: Calculate all local scalar products beween gradients ...
13:15 DiffusionOperatorP1: Determine global dofs ...
13:15 DiffusionOperatorP1: Boundary treatment ...
13:15 DiffusionOperatorP1: Assemble system matrix ...
13:15 DiffusionOperatorP1: Calulate gradients of shape functions transformed by reference map ...
13:15 DiffusionOperatorP1: Calculate all local scalar products beween gradients ...
13:15 DiffusionOperatorP1: Determine global dofs ...
13:15 DiffusionOperatorP1: Boundary treatment ...
13:15 DiffusionOperatorP1: Assemble system matrix ...
13:15 L2ProductP1: Integrate the products of the shape functions on each element
13:15 L2ProductP1: Determine global dofs ...
13:15 L2ProductP1: Boundary treatment ...
13:15 L2ProductP1: Assemble system matrix ...
13:15 DiffusionOperatorP1: Calulate gradients of shape functions transformed by reference map ...
13:15 DiffusionOperatorP1: Calculate all local scalar products beween gradients ...
13:15 DiffusionOperatorP1: Determine global dofs ...
13:15 DiffusionOperatorP1: Boundary treatment ...
13:15 DiffusionOperatorP1: Assemble system matrix ...
13:15 L2ProductP1: Integrate the products of the shape functions on each element
13:15 L2ProductP1: Determine global dofs ...
13:15 L2ProductP1: Boundary treatment ...
13:15 L2ProductP1: Assemble system matrix ...
13:15 DiffusionOperatorP1: Calulate gradients of shape functions transformed by reference map ...
13:15 DiffusionOperatorP1: Calculate all local scalar products beween gradients ...
13:15 DiffusionOperatorP1: Determine global dofs ...
13:15 DiffusionOperatorP1: Boundary treatment ...
13:15 DiffusionOperatorP1: Assemble system matrix ...
</system-err></testcase><testcase classname="src.pymortests.algorithms.basic" file="src/pymortests/algorithms/basic.py" line="41" name="test_almost_equal_product[&lt;lambda&gt;17]" time="0.06171107292175293"><system-err>13:15 DiffusionOperatorP1: Calulate gradients of shape functions transformed by reference map ...
13:15 DiffusionOperatorP1: Calculate all local scalar products beween gradients ...
13:15 DiffusionOperatorP1: Determine global dofs ...
13:15 DiffusionOperatorP1: Boundary treatment ...
13:15 DiffusionOperatorP1: Assemble system matrix ...
13:15 DiffusionOperatorP1: Calulate gradients of shape functions transformed by reference map ...
13:15 DiffusionOperatorP1: Calculate all local scalar products beween gradients ...
13:15 DiffusionOperatorP1: Determine global dofs ...
13:15 DiffusionOperatorP1: Boundary treatment ...
13:15 DiffusionOperatorP1: Assemble system matrix ...
13:15 L2ProductP1: Integrate the products of the shape functions on each element
13:15 L2ProductP1: Determine global dofs ...
13:15 L2ProductP1: Boundary treatment ...
13:15 L2ProductP1: Assemble system matrix ...
13:15 DiffusionOperatorP1: Calulate gradients of shape functions transformed by reference map ...
13:15 DiffusionOperatorP1: Calculate all local scalar products beween gradients ...
13:15 DiffusionOperatorP1: Determine global dofs ...
13:15 DiffusionOperatorP1: Boundary treatment ...
13:15 DiffusionOperatorP1: Assemble system matrix ...
13:15 L2ProductP1: Integrate the products of the shape functions on each element
13:15 L2ProductP1: Determine global dofs ...
13:15 L2ProductP1: Boundary treatment ...
13:15 L2ProductP1: Assemble system matrix ...
13:15 DiffusionOperatorP1: Calulate gradients of shape functions transformed by reference map ...
13:15 DiffusionOperatorP1: Calculate all local scalar products beween gradients ...
13:15 DiffusionOperatorP1: Determine global dofs ...
13:15 DiffusionOperatorP1: Boundary treatment ...
13:15 DiffusionOperatorP1: Assemble system matrix ...
</system-err></testcase><testcase classname="src.pymortests.algorithms.basic" file="src/pymortests/algorithms/basic.py" line="41" name="test_almost_equal_product[&lt;lambda&gt;18]" time="0.07348847389221191"><system-err>13:16 DiffusionOperatorP1: Calulate gradients of shape functions transformed by reference map ...
13:16 DiffusionOperatorP1: Calculate all local scalar products beween gradients ...
13:16 DiffusionOperatorP1: Determine global dofs ...
13:16 DiffusionOperatorP1: Boundary treatment ...
13:16 DiffusionOperatorP1: Assemble system matrix ...
13:16 DiffusionOperatorP1: Calulate gradients of shape functions transformed by reference map ...
13:16 DiffusionOperatorP1: Calculate all local scalar products beween gradients ...
13:16 DiffusionOperatorP1: Determine global dofs ...
13:16 DiffusionOperatorP1: Boundary treatment ...
13:16 DiffusionOperatorP1: Assemble system matrix ...
13:16 DiffusionOperatorP1: Calulate gradients of shape functions transformed by reference map ...
13:16 DiffusionOperatorP1: Calculate all local scalar products beween gradients ...
13:16 DiffusionOperatorP1: Determine global dofs ...
13:16 DiffusionOperatorP1: Boundary treatment ...
13:16 DiffusionOperatorP1: Assemble system matrix ...
13:16 DiffusionOperatorP1: Calulate gradients of shape functions transformed by reference map ...
13:16 DiffusionOperatorP1: Calculate all local scalar products beween gradients ...
13:16 DiffusionOperatorP1: Determine global dofs ...
13:16 DiffusionOperatorP1: Boundary treatment ...
13:16 DiffusionOperatorP1: Assemble system matrix ...
13:16 DiffusionOperatorP1: Calulate gradients of shape functions transformed by reference map ...
13:16 DiffusionOperatorP1: Calculate all local scalar products beween gradients ...
13:16 DiffusionOperatorP1: Determine global dofs ...
13:16 DiffusionOperatorP1: Boundary treatment ...
13:16 DiffusionOperatorP1: Assemble system matrix ...
13:16 L2ProductP1: Integrate the products of the shape functions on each element
13:16 L2ProductP1: Determine global dofs ...
13:16 L2ProductP1: Boundary treatment ...
13:16 L2ProductP1: Assemble system matrix ...
13:16 DiffusionOperatorP1: Calulate gradients of shape functions transformed by reference map ...
13:16 DiffusionOperatorP1: Calculate all local scalar products beween gradients ...
13:16 DiffusionOperatorP1: Determine global dofs ...
13:16 DiffusionOperatorP1: Boundary treatment ...
13:16 DiffusionOperatorP1: Assemble system matrix ...
13:16 L2ProductP1: Integrate the products of the shape functions on each element
13:16 L2ProductP1: Determine global dofs ...
13:16 L2ProductP1: Boundary treatment ...
13:16 L2ProductP1: Assemble system matrix ...
13:16 DiffusionOperatorP1: Calulate gradients of shape functions transformed by reference map ...
13:16 DiffusionOperatorP1: Calculate all local scalar products beween gradients ...
13:16 DiffusionOperatorP1: Determine global dofs ...
13:16 DiffusionOperatorP1: Boundary treatment ...
13:16 DiffusionOperatorP1: Assemble system matrix ...
</system-err></testcase><testcase classname="src.pymortests.algorithms.basic" file="src/pymortests/algorithms/basic.py" line="41" name="test_almost_equal_product[&lt;lambda&gt;19]" time="0.06991100311279297"><system-err>13:16 DiffusionOperatorP1: Calulate gradients of shape functions transformed by reference map ...
13:16 DiffusionOperatorP1: Calculate all local scalar products beween gradients ...
13:16 DiffusionOperatorP1: Determine global dofs ...
13:16 DiffusionOperatorP1: Boundary treatment ...
13:16 DiffusionOperatorP1: Assemble system matrix ...
13:16 DiffusionOperatorP1: Calulate gradients of shape functions transformed by reference map ...
13:16 DiffusionOperatorP1: Calculate all local scalar products beween gradients ...
13:16 DiffusionOperatorP1: Determine global dofs ...
13:16 DiffusionOperatorP1: Boundary treatment ...
13:16 DiffusionOperatorP1: Assemble system matrix ...
13:16 L2ProductP1: Integrate the products of the shape functions on each element
13:16 L2ProductP1: Determine global dofs ...
13:16 L2ProductP1: Boundary treatment ...
13:16 L2ProductP1: Assemble system matrix ...
13:16 DiffusionOperatorP1: Calulate gradients of shape functions transformed by reference map ...
13:16 DiffusionOperatorP1: Calculate all local scalar products beween gradients ...
13:16 DiffusionOperatorP1: Determine global dofs ...
13:16 DiffusionOperatorP1: Boundary treatment ...
13:16 DiffusionOperatorP1: Assemble system matrix ...
13:16 L2ProductP1: Integrate the products of the shape functions on each element
13:16 L2ProductP1: Determine global dofs ...
13:16 L2ProductP1: Boundary treatment ...
13:16 L2ProductP1: Assemble system matrix ...
13:16 DiffusionOperatorP1: Calulate gradients of shape functions transformed by reference map ...
13:16 DiffusionOperatorP1: Calculate all local scalar products beween gradients ...
13:16 DiffusionOperatorP1: Determine global dofs ...
13:16 DiffusionOperatorP1: Boundary treatment ...
13:16 DiffusionOperatorP1: Assemble system matrix ...
</system-err></testcase><testcase classname="src.pymortests.algorithms.basic" file="src/pymortests/algorithms/basic.py" line="41" name="test_almost_equal_product[&lt;lambda&gt;20]" time="0.07324624061584473"><system-err>13:16 DiffusionOperatorP1: Calulate gradients of shape functions transformed by reference map ...
13:16 DiffusionOperatorP1: Calculate all local scalar products beween gradients ...
13:16 DiffusionOperatorP1: Determine global dofs ...
13:16 DiffusionOperatorP1: Boundary treatment ...
13:16 DiffusionOperatorP1: Assemble system matrix ...
13:16 DiffusionOperatorP1: Calulate gradients of shape functions transformed by reference map ...
13:16 DiffusionOperatorP1: Calculate all local scalar products beween gradients ...
13:16 DiffusionOperatorP1: Determine global dofs ...
13:16 DiffusionOperatorP1: Boundary treatment ...
13:16 DiffusionOperatorP1: Assemble system matrix ...
13:16 DiffusionOperatorP1: Calulate gradients of shape functions transformed by reference map ...
13:16 DiffusionOperatorP1: Calculate all local scalar products beween gradients ...
13:16 DiffusionOperatorP1: Determine global dofs ...
13:16 DiffusionOperatorP1: Boundary treatment ...
13:16 DiffusionOperatorP1: Assemble system matrix ...
13:16 DiffusionOperatorP1: Calulate gradients of shape functions transformed by reference map ...
13:16 DiffusionOperatorP1: Calculate all local scalar products beween gradients ...
13:16 DiffusionOperatorP1: Determine global dofs ...
13:16 DiffusionOperatorP1: Boundary treatment ...
13:16 DiffusionOperatorP1: Assemble system matrix ...
13:16 DiffusionOperatorP1: Calulate gradients of shape functions transformed by reference map ...
13:16 DiffusionOperatorP1: Calculate all local scalar products beween gradients ...
13:16 DiffusionOperatorP1: Determine global dofs ...
13:16 DiffusionOperatorP1: Boundary treatment ...
13:16 DiffusionOperatorP1: Assemble system matrix ...
13:16 L2ProductP1: Integrate the products of the shape functions on each element
13:16 L2ProductP1: Determine global dofs ...
13:16 L2ProductP1: Boundary treatment ...
13:16 L2ProductP1: Assemble system matrix ...
13:16 DiffusionOperatorP1: Calulate gradients of shape functions transformed by reference map ...
13:16 DiffusionOperatorP1: Calculate all local scalar products beween gradients ...
13:16 DiffusionOperatorP1: Determine global dofs ...
13:16 DiffusionOperatorP1: Boundary treatment ...
13:16 DiffusionOperatorP1: Assemble system matrix ...
13:16 L2ProductP1: Integrate the products of the shape functions on each element
13:16 L2ProductP1: Determine global dofs ...
13:16 L2ProductP1: Boundary treatment ...
13:16 L2ProductP1: Assemble system matrix ...
13:16 DiffusionOperatorP1: Calulate gradients of shape functions transformed by reference map ...
13:16 DiffusionOperatorP1: Calculate all local scalar products beween gradients ...
13:16 DiffusionOperatorP1: Determine global dofs ...
13:16 DiffusionOperatorP1: Boundary treatment ...
13:16 DiffusionOperatorP1: Assemble system matrix ...
</system-err></testcase><testcase classname="src.pymortests.algorithms.basic" file="src/pymortests/algorithms/basic.py" line="41" name="test_almost_equal_product[&lt;lambda&gt;21]" time="0.07535481452941895"><system-err>13:16 DiffusionOperatorP1: Calulate gradients of shape functions transformed by reference map ...
13:16 DiffusionOperatorP1: Calculate all local scalar products beween gradients ...
13:16 DiffusionOperatorP1: Determine global dofs ...
13:16 DiffusionOperatorP1: Boundary treatment ...
13:16 DiffusionOperatorP1: Assemble system matrix ...
13:16 DiffusionOperatorP1: Calulate gradients of shape functions transformed by reference map ...
13:16 DiffusionOperatorP1: Calculate all local scalar products beween gradients ...
13:16 DiffusionOperatorP1: Determine global dofs ...
13:16 DiffusionOperatorP1: Boundary treatment ...
13:16 DiffusionOperatorP1: Assemble system matrix ...
13:16 L2ProductP1: Integrate the products of the shape functions on each element
13:16 L2ProductP1: Determine global dofs ...
13:16 L2ProductP1: Boundary treatment ...
13:16 L2ProductP1: Assemble system matrix ...
13:16 DiffusionOperatorP1: Calulate gradients of shape functions transformed by reference map ...
13:16 DiffusionOperatorP1: Calculate all local scalar products beween gradients ...
13:16 DiffusionOperatorP1: Determine global dofs ...
13:16 DiffusionOperatorP1: Boundary treatment ...
13:16 DiffusionOperatorP1: Assemble system matrix ...
13:16 L2ProductP1: Integrate the products of the shape functions on each element
13:16 L2ProductP1: Determine global dofs ...
13:16 L2ProductP1: Boundary treatment ...
13:16 L2ProductP1: Assemble system matrix ...
13:16 DiffusionOperatorP1: Calulate gradients of shape functions transformed by reference map ...
13:16 DiffusionOperatorP1: Calculate all local scalar products beween gradients ...
13:16 DiffusionOperatorP1: Determine global dofs ...
13:16 DiffusionOperatorP1: Boundary treatment ...
13:16 DiffusionOperatorP1: Assemble system matrix ...
</system-err></testcase><testcase classname="src.pymortests.algorithms.basic" file="src/pymortests/algorithms/basic.py" line="41" name="test_almost_equal_product[&lt;lambda&gt;22]" time="0.07400393486022949"><system-err>13:16 DiffusionOperatorP1: Calulate gradients of shape functions transformed by reference map ...
13:16 DiffusionOperatorP1: Calculate all local scalar products beween gradients ...
13:16 DiffusionOperatorP1: Determine global dofs ...
13:16 DiffusionOperatorP1: Boundary treatment ...
13:16 DiffusionOperatorP1: Assemble system matrix ...
13:16 DiffusionOperatorP1: Calulate gradients of shape functions transformed by reference map ...
13:16 DiffusionOperatorP1: Calculate all local scalar products beween gradients ...
13:16 DiffusionOperatorP1: Determine global dofs ...
13:16 DiffusionOperatorP1: Boundary treatment ...
13:16 DiffusionOperatorP1: Assemble system matrix ...
13:16 DiffusionOperatorP1: Calulate gradients of shape functions transformed by reference map ...
13:16 DiffusionOperatorP1: Calculate all local scalar products beween gradients ...
13:16 DiffusionOperatorP1: Determine global dofs ...
13:16 DiffusionOperatorP1: Boundary treatment ...
13:16 DiffusionOperatorP1: Assemble system matrix ...
13:16 DiffusionOperatorP1: Calulate gradients of shape functions transformed by reference map ...
13:16 DiffusionOperatorP1: Calculate all local scalar products beween gradients ...
13:16 DiffusionOperatorP1: Determine global dofs ...
13:16 DiffusionOperatorP1: Boundary treatment ...
13:16 DiffusionOperatorP1: Assemble system matrix ...
13:16 DiffusionOperatorP1: Calulate gradients of shape functions transformed by reference map ...
13:16 DiffusionOperatorP1: Calculate all local scalar products beween gradients ...
13:16 DiffusionOperatorP1: Determine global dofs ...
13:16 DiffusionOperatorP1: Boundary treatment ...
13:16 DiffusionOperatorP1: Assemble system matrix ...
13:16 L2ProductP1: Integrate the products of the shape functions on each element
13:16 L2ProductP1: Determine global dofs ...
13:16 L2ProductP1: Boundary treatment ...
13:16 L2ProductP1: Assemble system matrix ...
13:16 DiffusionOperatorP1: Calulate gradients of shape functions transformed by reference map ...
13:16 DiffusionOperatorP1: Calculate all local scalar products beween gradients ...
13:16 DiffusionOperatorP1: Determine global dofs ...
13:16 DiffusionOperatorP1: Boundary treatment ...
13:16 DiffusionOperatorP1: Assemble system matrix ...
13:16 L2ProductP1: Integrate the products of the shape functions on each element
13:16 L2ProductP1: Determine global dofs ...
13:16 L2ProductP1: Boundary treatment ...
13:16 L2ProductP1: Assemble system matrix ...
13:16 DiffusionOperatorP1: Calulate gradients of shape functions transformed by reference map ...
13:16 DiffusionOperatorP1: Calculate all local scalar products beween gradients ...
13:16 DiffusionOperatorP1: Determine global dofs ...
13:16 DiffusionOperatorP1: Boundary treatment ...
13:16 DiffusionOperatorP1: Assemble system matrix ...
</system-err></testcase><testcase classname="src.pymortests.algorithms.basic" file="src/pymortests/algorithms/basic.py" line="41" name="test_almost_equal_product[&lt;lambda&gt;23]" time="0.07243180274963379"><system-err>13:16 DiffusionOperatorP1: Calulate gradients of shape functions transformed by reference map ...
13:16 DiffusionOperatorP1: Calculate all local scalar products beween gradients ...
13:16 DiffusionOperatorP1: Determine global dofs ...
13:16 DiffusionOperatorP1: Boundary treatment ...
13:16 DiffusionOperatorP1: Assemble system matrix ...
13:16 DiffusionOperatorP1: Calulate gradients of shape functions transformed by reference map ...
13:16 DiffusionOperatorP1: Calculate all local scalar products beween gradients ...
13:16 DiffusionOperatorP1: Determine global dofs ...
13:16 DiffusionOperatorP1: Boundary treatment ...
13:16 DiffusionOperatorP1: Assemble system matrix ...
13:16 L2ProductP1: Integrate the products of the shape functions on each element
13:16 L2ProductP1: Determine global dofs ...
13:16 L2ProductP1: Boundary treatment ...
13:16 L2ProductP1: Assemble system matrix ...
13:16 DiffusionOperatorP1: Calulate gradients of shape functions transformed by reference map ...
13:16 DiffusionOperatorP1: Calculate all local scalar products beween gradients ...
13:16 DiffusionOperatorP1: Determine global dofs ...
13:16 DiffusionOperatorP1: Boundary treatment ...
13:16 DiffusionOperatorP1: Assemble system matrix ...
13:16 L2ProductP1: Integrate the products of the shape functions on each element
13:16 L2ProductP1: Determine global dofs ...
13:16 L2ProductP1: Boundary treatment ...
13:16 L2ProductP1: Assemble system matrix ...
13:16 DiffusionOperatorP1: Calulate gradients of shape functions transformed by reference map ...
13:16 DiffusionOperatorP1: Calculate all local scalar products beween gradients ...
13:16 DiffusionOperatorP1: Determine global dofs ...
13:16 DiffusionOperatorP1: Boundary treatment ...
13:16 DiffusionOperatorP1: Assemble system matrix ...
</system-err></testcase><testcase classname="src.pymortests.algorithms.basic" file="src/pymortests/algorithms/basic.py" line="41" name="test_almost_equal_product[&lt;lambda&gt;24]" time="0.05011701583862305"></testcase><testcase classname="src.pymortests.algorithms.basic" file="src/pymortests/algorithms/basic.py" line="41" name="test_almost_equal_product[&lt;lambda&gt;25]" time="0.0495297908782959"></testcase><testcase classname="src.pymortests.algorithms.basic" file="src/pymortests/algorithms/basic.py" line="41" name="test_almost_equal_product[&lt;lambda&gt;26]" time="0.0505828857421875"></testcase><testcase classname="src.pymortests.algorithms.basic" file="src/pymortests/algorithms/basic.py" line="41" name="test_almost_equal_product[&lt;lambda&gt;27]" time="0.044461727142333984"></testcase><testcase classname="src.pymortests.algorithms.basic" file="src/pymortests/algorithms/basic.py" line="41" name="test_almost_equal_product[&lt;lambda&gt;28]" time="0.04362368583679199"></testcase><testcase classname="src.pymortests.algorithms.basic" file="src/pymortests/algorithms/basic.py" line="41" name="test_almost_equal_product[&lt;lambda&gt;29]" time="0.046071529388427734"></testcase><testcase classname="src.pymortests.algorithms.basic" file="src/pymortests/algorithms/basic.py" line="41" name="test_almost_equal_product[&lt;lambda&gt;30]" time="0.05201077461242676"></testcase><testcase classname="src.pymortests.algorithms.basic" file="src/pymortests/algorithms/basic.py" line="41" name="test_almost_equal_product[&lt;lambda&gt;31]" time="0.048517704010009766"></testcase><testcase classname="src.pymortests.algorithms.basic" file="src/pymortests/algorithms/basic.py" line="41" name="test_almost_equal_product[&lt;lambda&gt;32]" time="0.1520237922668457"></testcase><testcase classname="src.pymortests.algorithms.basic" file="src/pymortests/algorithms/basic.py" line="41" name="test_almost_equal_product[&lt;lambda&gt;33]" time="0.11178278923034668"></testcase><testcase classname="src.pymortests.algorithms.basic" file="src/pymortests/algorithms/basic.py" line="41" name="test_almost_equal_product[&lt;lambda&gt;34]" time="0.04819965362548828"></testcase><testcase classname="src.pymortests.algorithms.basic" file="src/pymortests/algorithms/basic.py" line="41" name="test_almost_equal_product[&lt;lambda&gt;35]" time="0.11381888389587402"></testcase><testcase classname="src.pymortests.algorithms.basic" file="src/pymortests/algorithms/basic.py" line="41" name="test_almost_equal_product[&lt;lambda&gt;36]" time="0.049092769622802734"></testcase><testcase classname="src.pymortests.algorithms.basic" file="src/pymortests/algorithms/basic.py" line="64" name="test_almost_equal_self[0-&lt;lambda&gt;0]" time="0.0172121524810791"></testcase><testcase classname="src.pymortests.algorithms.basic" file="src/pymortests/algorithms/basic.py" line="64" name="test_almost_equal_self[0-&lt;lambda&gt;1]" time="0.018737316131591797"></testcase><testcase classname="src.pymortests.algorithms.basic" file="src/pymortests/algorithms/basic.py" line="64" name="test_almost_equal_self[0-&lt;lambda&gt;2]" time="0.13512778282165527"></testcase><testcase classname="src.pymortests.algorithms.basic" file="src/pymortests/algorithms/basic.py" line="64" name="test_almost_equal_self[0-&lt;lambda&gt;3]" time="0.2165067195892334"></testcase><testcase classname="src.pymortests.algorithms.basic" file="src/pymortests/algorithms/basic.py" line="64" name="test_almost_equal_self[0-&lt;lambda&gt;4]" time="0.037534475326538086"></testcase><testcase classname="src.pymortests.algorithms.basic" file="src/pymortests/algorithms/basic.py" line="64" name="test_almost_equal_self[0-&lt;lambda&gt;5]" time="0.015114068984985352"></testcase><testcase classname="src.pymortests.algorithms.basic" file="src/pymortests/algorithms/basic.py" line="64" name="test_almost_equal_self[0-&lt;lambda&gt;6]" time="0.014827251434326172"></testcase><testcase classname="src.pymortests.algorithms.basic" file="src/pymortests/algorithms/basic.py" line="64" name="test_almost_equal_self[0-&lt;lambda&gt;7]" time="0.2244257926940918"></testcase><testcase classname="src.pymortests.algorithms.basic" file="src/pymortests/algorithms/basic.py" line="64" name="test_almost_equal_self[0-&lt;lambda&gt;8]" time="1.556671142578125"></testcase><testcase classname="src.pymortests.algorithms.basic" file="src/pymortests/algorithms/basic.py" line="64" name="test_almost_equal_self[0-&lt;lambda&gt;9]" time="0.2529423236846924"></testcase><testcase classname="src.pymortests.algorithms.basic" file="src/pymortests/algorithms/basic.py" line="64" name="test_almost_equal_self[0-&lt;lambda&gt;10]" time="0.033075809478759766"></testcase><testcase classname="src.pymortests.algorithms.basic" file="src/pymortests/algorithms/basic.py" line="64" name="test_almost_equal_self[0-&lt;lambda&gt;11]" time="0.39176177978515625"></testcase><testcase classname="src.pymortests.algorithms.basic" file="src/pymortests/algorithms/basic.py" line="64" name="test_almost_equal_self[0-&lt;lambda&gt;12]" time="0.05647683143615723"></testcase><testcase classname="src.pymortests.algorithms.basic" file="src/pymortests/algorithms/basic.py" line="64" name="test_almost_equal_self[0-&lt;lambda&gt;13]" time="0.20916199684143066"></testcase><testcase classname="src.pymortests.algorithms.basic" file="src/pymortests/algorithms/basic.py" line="64" name="test_almost_equal_self[0-&lt;lambda&gt;14]" time="0.3789503574371338"></testcase><testcase classname="src.pymortests.algorithms.basic" file="src/pymortests/algorithms/basic.py" line="64" name="test_almost_equal_self[0-&lt;lambda&gt;15]" time="0.6348075866699219"></testcase><testcase classname="src.pymortests.algorithms.basic" file="src/pymortests/algorithms/basic.py" line="64" name="test_almost_equal_self[0-&lt;lambda&gt;16]" time="0.7349891662597656"></testcase><testcase classname="src.pymortests.algorithms.basic" file="src/pymortests/algorithms/basic.py" line="64" name="test_almost_equal_self[0-&lt;lambda&gt;17]" time="0.04900383949279785"></testcase><testcase classname="src.pymortests.algorithms.basic" file="src/pymortests/algorithms/basic.py" line="64" name="test_almost_equal_self[0-&lt;lambda&gt;18]" time="0.04969596862792969"></testcase><testcase classname="src.pymortests.algorithms.basic" file="src/pymortests/algorithms/basic.py" line="64" name="test_almost_equal_self[0-&lt;lambda&gt;19]" time="1.4667088985443115"></testcase><testcase classname="src.pymortests.algorithms.basic" file="src/pymortests/algorithms/basic.py" line="64" name="test_almost_equal_self[0-&lt;lambda&gt;20]" time="4.6257171630859375"></testcase><testcase classname="src.pymortests.algorithms.basic" file="src/pymortests/algorithms/basic.py" line="64" name="test_almost_equal_self[0-&lt;lambda&gt;21]" time="10.93567419052124"></testcase><testcase classname="src.pymortests.algorithms.basic" file="src/pymortests/algorithms/basic.py" line="64" name="test_almost_equal_self[0-&lt;lambda&gt;22]" time="0.015506267547607422"></testcase><testcase classname="src.pymortests.algorithms.basic" file="src/pymortests/algorithms/basic.py" line="64" name="test_almost_equal_self[0-&lt;lambda&gt;23]" time="0.01595926284790039"></testcase><testcase classname="src.pymortests.algorithms.basic" file="src/pymortests/algorithms/basic.py" line="64" name="test_almost_equal_self[0-&lt;lambda&gt;24]" time="3.7613019943237305"></testcase><testcase classname="src.pymortests.algorithms.basic" file="src/pymortests/algorithms/basic.py" line="64" name="test_almost_equal_self[0-&lt;lambda&gt;25]" time="52.687095165252686"></testcase><testcase classname="src.pymortests.algorithms.basic" file="src/pymortests/algorithms/basic.py" line="64" name="test_almost_equal_self[0-&lt;lambda&gt;26]" time="7.523315191268921"></testcase><testcase classname="src.pymortests.algorithms.basic" file="src/pymortests/algorithms/basic.py" line="64" name="test_almost_equal_self[1-&lt;lambda&gt;0]" time="0.021922826766967773"></testcase><testcase classname="src.pymortests.algorithms.basic" file="src/pymortests/algorithms/basic.py" line="64" name="test_almost_equal_self[1-&lt;lambda&gt;1]" time="0.01677107810974121"></testcase><testcase classname="src.pymortests.algorithms.basic" file="src/pymortests/algorithms/basic.py" line="64" name="test_almost_equal_self[1-&lt;lambda&gt;2]" time="0.12943625450134277"></testcase><testcase classname="src.pymortests.algorithms.basic" file="src/pymortests/algorithms/basic.py" line="64" name="test_almost_equal_self[1-&lt;lambda&gt;3]" time="0.2089688777923584"></testcase><testcase classname="src.pymortests.algorithms.basic" file="src/pymortests/algorithms/basic.py" line="64" name="test_almost_equal_self[1-&lt;lambda&gt;4]" time="0.03749537467956543"></testcase><testcase classname="src.pymortests.algorithms.basic" file="src/pymortests/algorithms/basic.py" line="64" name="test_almost_equal_self[1-&lt;lambda&gt;5]" time="0.013649702072143555"></testcase><testcase classname="src.pymortests.algorithms.basic" file="src/pymortests/algorithms/basic.py" line="64" name="test_almost_equal_self[1-&lt;lambda&gt;6]" time="0.01367330551147461"></testcase><testcase classname="src.pymortests.algorithms.basic" file="src/pymortests/algorithms/basic.py" line="64" name="test_almost_equal_self[1-&lt;lambda&gt;7]" time="0.22330141067504883"></testcase><testcase classname="src.pymortests.algorithms.basic" file="src/pymortests/algorithms/basic.py" line="64" name="test_almost_equal_self[1-&lt;lambda&gt;8]" time="1.5376958847045898"></testcase><testcase classname="src.pymortests.algorithms.basic" file="src/pymortests/algorithms/basic.py" line="64" name="test_almost_equal_self[1-&lt;lambda&gt;9]" time="0.24991273880004883"></testcase><testcase classname="src.pymortests.algorithms.basic" file="src/pymortests/algorithms/basic.py" line="64" name="test_almost_equal_self[1-&lt;lambda&gt;10]" time="0.03333306312561035"></testcase><testcase classname="src.pymortests.algorithms.basic" file="src/pymortests/algorithms/basic.py" line="64" name="test_almost_equal_self[1-&lt;lambda&gt;11]" time="0.3754892349243164"></testcase><testcase classname="src.pymortests.algorithms.basic" file="src/pymortests/algorithms/basic.py" line="64" name="test_almost_equal_self[1-&lt;lambda&gt;12]" time="0.05660748481750488"></testcase><testcase classname="src.pymortests.algorithms.basic" file="src/pymortests/algorithms/basic.py" line="64" name="test_almost_equal_self[1-&lt;lambda&gt;13]" time="0.20604157447814941"></testcase><testcase classname="src.pymortests.algorithms.basic" file="src/pymortests/algorithms/basic.py" line="64" name="test_almost_equal_self[1-&lt;lambda&gt;14]" time="0.36534762382507324"></testcase><testcase classname="src.pymortests.algorithms.basic" file="src/pymortests/algorithms/basic.py" line="64" name="test_almost_equal_self[1-&lt;lambda&gt;15]" time="0.6347289085388184"></testcase><testcase classname="src.pymortests.algorithms.basic" file="src/pymortests/algorithms/basic.py" line="64" name="test_almost_equal_self[1-&lt;lambda&gt;16]" time="0.6986162662506104"></testcase><testcase classname="src.pymortests.algorithms.basic" file="src/pymortests/algorithms/basic.py" line="64" name="test_almost_equal_self[1-&lt;lambda&gt;17]" time="0.04542875289916992"></testcase><testcase classname="src.pymortests.algorithms.basic" file="src/pymortests/algorithms/basic.py" line="64" name="test_almost_equal_self[1-&lt;lambda&gt;18]" time="0.046441078186035156"></testcase><testcase classname="src.pymortests.algorithms.basic" file="src/pymortests/algorithms/basic.py" line="64" name="test_almost_equal_self[1-&lt;lambda&gt;19]" time="1.4390034675598145"></testcase><testcase classname="src.pymortests.algorithms.basic" file="src/pymortests/algorithms/basic.py" line="64" name="test_almost_equal_self[1-&lt;lambda&gt;20]" time="4.586915731430054"></testcase><testcase classname="src.pymortests.algorithms.basic" file="src/pymortests/algorithms/basic.py" line="64" name="test_almost_equal_self[1-&lt;lambda&gt;21]" time="10.577401638031006"></testcase><testcase classname="src.pymortests.algorithms.basic" file="src/pymortests/algorithms/basic.py" line="64" name="test_almost_equal_self[1-&lt;lambda&gt;22]" time="0.015076160430908203"></testcase><testcase classname="src.pymortests.algorithms.basic" file="src/pymortests/algorithms/basic.py" line="64" name="test_almost_equal_self[1-&lt;lambda&gt;23]" time="0.015111923217773438"></testcase><testcase classname="src.pymortests.algorithms.basic" file="src/pymortests/algorithms/basic.py" line="64" name="test_almost_equal_self[1-&lt;lambda&gt;24]" time="3.9018094539642334"></testcase><testcase classname="src.pymortests.algorithms.basic" file="src/pymortests/algorithms/basic.py" line="64" name="test_almost_equal_self[1-&lt;lambda&gt;25]" time="53.00137948989868"></testcase><testcase classname="src.pymortests.algorithms.basic" file="src/pymortests/algorithms/basic.py" line="64" name="test_almost_equal_self[1-&lt;lambda&gt;26]" time="7.560746192932129"></testcase><testcase classname="src.pymortests.algorithms.basic" file="src/pymortests/algorithms/basic.py" line="64" name="test_almost_equal_self[2-&lt;lambda&gt;0]" time="0.015918970108032227"></testcase><testcase classname="src.pymortests.algorithms.basic" file="src/pymortests/algorithms/basic.py" line="64" name="test_almost_equal_self[2-&lt;lambda&gt;1]" time="0.016887903213500977"></testcase><testcase classname="src.pymortests.algorithms.basic" file="src/pymortests/algorithms/basic.py" line="64" name="test_almost_equal_self[2-&lt;lambda&gt;2]" time="0.13054847717285156"></testcase><testcase classname="src.pymortests.algorithms.basic" file="src/pymortests/algorithms/basic.py" line="64" name="test_almost_equal_self[2-&lt;lambda&gt;3]" time="0.20491719245910645"></testcase><testcase classname="src.pymortests.algorithms.basic" file="src/pymortests/algorithms/basic.py" line="64" name="test_almost_equal_self[2-&lt;lambda&gt;4]" time="0.03735041618347168"></testcase><testcase classname="src.pymortests.algorithms.basic" file="src/pymortests/algorithms/basic.py" line="64" name="test_almost_equal_self[2-&lt;lambda&gt;5]" time="0.013367176055908203"></testcase><testcase classname="src.pymortests.algorithms.basic" file="src/pymortests/algorithms/basic.py" line="64" name="test_almost_equal_self[2-&lt;lambda&gt;6]" time="0.013201236724853516"></testcase><testcase classname="src.pymortests.algorithms.basic" file="src/pymortests/algorithms/basic.py" line="64" name="test_almost_equal_self[2-&lt;lambda&gt;7]" time="0.21863102912902832"></testcase><testcase classname="src.pymortests.algorithms.basic" file="src/pymortests/algorithms/basic.py" line="64" name="test_almost_equal_self[2-&lt;lambda&gt;8]" time="1.4903078079223633"></testcase><testcase classname="src.pymortests.algorithms.basic" file="src/pymortests/algorithms/basic.py" line="64" name="test_almost_equal_self[2-&lt;lambda&gt;9]" time="0.25373172760009766"></testcase><testcase classname="src.pymortests.algorithms.basic" file="src/pymortests/algorithms/basic.py" line="64" name="test_almost_equal_self[2-&lt;lambda&gt;10]" time="0.03337597846984863"></testcase><testcase classname="src.pymortests.algorithms.basic" file="src/pymortests/algorithms/basic.py" line="64" name="test_almost_equal_self[2-&lt;lambda&gt;11]" time="0.400280237197876"></testcase><testcase classname="src.pymortests.algorithms.basic" file="src/pymortests/algorithms/basic.py" line="64" name="test_almost_equal_self[2-&lt;lambda&gt;12]" time="0.05619168281555176"></testcase><testcase classname="src.pymortests.algorithms.basic" file="src/pymortests/algorithms/basic.py" line="64" name="test_almost_equal_self[2-&lt;lambda&gt;13]" time="0.21783185005187988"></testcase><testcase classname="src.pymortests.algorithms.basic" file="src/pymortests/algorithms/basic.py" line="64" name="test_almost_equal_self[2-&lt;lambda&gt;14]" time="0.3734467029571533"></testcase><testcase classname="src.pymortests.algorithms.basic" file="src/pymortests/algorithms/basic.py" line="64" name="test_almost_equal_self[2-&lt;lambda&gt;15]" time="0.6312081813812256"></testcase><testcase classname="src.pymortests.algorithms.basic" file="src/pymortests/algorithms/basic.py" line="64" name="test_almost_equal_self[2-&lt;lambda&gt;16]" time="0.7038302421569824"></testcase><testcase classname="src.pymortests.algorithms.basic" file="src/pymortests/algorithms/basic.py" line="64" name="test_almost_equal_self[2-&lt;lambda&gt;17]" time="0.04550743103027344"></testcase><testcase classname="src.pymortests.algorithms.basic" file="src/pymortests/algorithms/basic.py" line="64" name="test_almost_equal_self[2-&lt;lambda&gt;18]" time="0.04545712471008301"></testcase><testcase classname="src.pymortests.algorithms.basic" file="src/pymortests/algorithms/basic.py" line="64" name="test_almost_equal_self[2-&lt;lambda&gt;19]" time="1.4382760524749756"></testcase><testcase classname="src.pymortests.algorithms.basic" file="src/pymortests/algorithms/basic.py" line="64" name="test_almost_equal_self[2-&lt;lambda&gt;20]" time="4.471717119216919"></testcase><testcase classname="src.pymortests.algorithms.basic" file="src/pymortests/algorithms/basic.py" line="64" name="test_almost_equal_self[2-&lt;lambda&gt;21]" time="10.378537893295288"></testcase><testcase classname="src.pymortests.algorithms.basic" file="src/pymortests/algorithms/basic.py" line="64" name="test_almost_equal_self[2-&lt;lambda&gt;22]" time="0.016608476638793945"></testcase><testcase classname="src.pymortests.algorithms.basic" file="src/pymortests/algorithms/basic.py" line="64" name="test_almost_equal_self[2-&lt;lambda&gt;23]" time="0.01706075668334961"></testcase><testcase classname="src.pymortests.algorithms.basic" file="src/pymortests/algorithms/basic.py" line="64" name="test_almost_equal_self[2-&lt;lambda&gt;24]" time="4.534753799438477"></testcase><testcase classname="src.pymortests.algorithms.basic" file="src/pymortests/algorithms/basic.py" line="64" name="test_almost_equal_self[2-&lt;lambda&gt;25]" time="55.20153307914734"></testcase><testcase classname="src.pymortests.algorithms.basic" file="src/pymortests/algorithms/basic.py" line="64" name="test_almost_equal_self[2-&lt;lambda&gt;26]" time="7.552198648452759"></testcase><testcase classname="src.pymortests.algorithms.basic" file="src/pymortests/algorithms/basic.py" line="104" name="test_almost_equal_self_product[&lt;lambda&gt;0]" time="0.2668728828430176"><system-err>17:38 DiffusionOperatorP1: Calulate gradients of shape functions transformed by reference map ...
17:38 DiffusionOperatorP1: Calculate all local scalar products beween gradients ...
17:38 DiffusionOperatorP1: Determine global dofs ...
17:38 DiffusionOperatorP1: Boundary treatment ...
17:38 DiffusionOperatorP1: Assemble system matrix ...
17:38 DiffusionOperatorP1: Calulate gradients of shape functions transformed by reference map ...
17:38 DiffusionOperatorP1: Calculate all local scalar products beween gradients ...
17:38 DiffusionOperatorP1: Determine global dofs ...
17:38 DiffusionOperatorP1: Boundary treatment ...
17:38 DiffusionOperatorP1: Assemble system matrix ...
17:38 DiffusionOperatorP1: Calulate gradients of shape functions transformed by reference map ...
17:38 DiffusionOperatorP1: Calculate all local scalar products beween gradients ...
17:38 DiffusionOperatorP1: Determine global dofs ...
17:38 DiffusionOperatorP1: Boundary treatment ...
17:38 DiffusionOperatorP1: Assemble system matrix ...
17:38 DiffusionOperatorP1: Calulate gradients of shape functions transformed by reference map ...
17:38 DiffusionOperatorP1: Calculate all local scalar products beween gradients ...
17:38 DiffusionOperatorP1: Determine global dofs ...
17:38 DiffusionOperatorP1: Boundary treatment ...
17:38 DiffusionOperatorP1: Assemble system matrix ...
17:38 DiffusionOperatorP1: Calulate gradients of shape functions transformed by reference map ...
17:38 DiffusionOperatorP1: Calculate all local scalar products beween gradients ...
17:38 DiffusionOperatorP1: Determine global dofs ...
17:38 DiffusionOperatorP1: Boundary treatment ...
17:38 DiffusionOperatorP1: Assemble system matrix ...
17:38 L2ProductP1: Integrate the products of the shape functions on each element
17:38 L2ProductP1: Determine global dofs ...
17:38 L2ProductP1: Boundary treatment ...
17:38 L2ProductP1: Assemble system matrix ...
17:38 DiffusionOperatorP1: Calulate gradients of shape functions transformed by reference map ...
17:38 DiffusionOperatorP1: Calculate all local scalar products beween gradients ...
17:38 DiffusionOperatorP1: Determine global dofs ...
17:38 DiffusionOperatorP1: Boundary treatment ...
17:38 DiffusionOperatorP1: Assemble system matrix ...
17:38 L2ProductP1: Integrate the products of the shape functions on each element
17:38 L2ProductP1: Determine global dofs ...
17:38 L2ProductP1: Boundary treatment ...
17:38 L2ProductP1: Assemble system matrix ...
17:38 DiffusionOperatorP1: Calulate gradients of shape functions transformed by reference map ...
17:38 DiffusionOperatorP1: Calculate all local scalar products beween gradients ...
17:38 DiffusionOperatorP1: Determine global dofs ...
17:38 DiffusionOperatorP1: Boundary treatment ...
17:38 DiffusionOperatorP1: Assemble system matrix ...
</system-err></testcase><testcase classname="src.pymortests.algorithms.basic" file="src/pymortests/algorithms/basic.py" line="104" name="test_almost_equal_self_product[&lt;lambda&gt;1]" time="0.2750399112701416"><system-err>17:38 DiffusionOperatorP1: Calulate gradients of shape functions transformed by reference map ...
17:38 DiffusionOperatorP1: Calculate all local scalar products beween gradients ...
17:38 DiffusionOperatorP1: Determine global dofs ...
17:38 DiffusionOperatorP1: Boundary treatment ...
17:38 DiffusionOperatorP1: Assemble system matrix ...
17:38 DiffusionOperatorP1: Calulate gradients of shape functions transformed by reference map ...
17:38 DiffusionOperatorP1: Calculate all local scalar products beween gradients ...
17:38 DiffusionOperatorP1: Determine global dofs ...
17:38 DiffusionOperatorP1: Boundary treatment ...
17:38 DiffusionOperatorP1: Assemble system matrix ...
17:38 L2ProductP1: Integrate the products of the shape functions on each element
17:38 L2ProductP1: Determine global dofs ...
17:38 L2ProductP1: Boundary treatment ...
17:38 L2ProductP1: Assemble system matrix ...
17:38 DiffusionOperatorP1: Calulate gradients of shape functions transformed by reference map ...
17:38 DiffusionOperatorP1: Calculate all local scalar products beween gradients ...
17:38 DiffusionOperatorP1: Determine global dofs ...
17:38 DiffusionOperatorP1: Boundary treatment ...
17:38 DiffusionOperatorP1: Assemble system matrix ...
17:38 L2ProductP1: Integrate the products of the shape functions on each element
17:38 L2ProductP1: Determine global dofs ...
17:38 L2ProductP1: Boundary treatment ...
17:38 L2ProductP1: Assemble system matrix ...
17:38 DiffusionOperatorP1: Calulate gradients of shape functions transformed by reference map ...
17:38 DiffusionOperatorP1: Calculate all local scalar products beween gradients ...
17:38 DiffusionOperatorP1: Determine global dofs ...
17:38 DiffusionOperatorP1: Boundary treatment ...
17:38 DiffusionOperatorP1: Assemble system matrix ...
</system-err></testcase><testcase classname="src.pymortests.algorithms.basic" file="src/pymortests/algorithms/basic.py" line="104" name="test_almost_equal_self_product[&lt;lambda&gt;2]" time="0.26743173599243164"><system-err>17:38 DiffusionOperatorP1: Calulate gradients of shape functions transformed by reference map ...
17:38 DiffusionOperatorP1: Calculate all local scalar products beween gradients ...
17:38 DiffusionOperatorP1: Determine global dofs ...
17:38 DiffusionOperatorP1: Boundary treatment ...
17:38 DiffusionOperatorP1: Assemble system matrix ...
17:38 DiffusionOperatorP1: Calulate gradients of shape functions transformed by reference map ...
17:38 DiffusionOperatorP1: Calculate all local scalar products beween gradients ...
17:38 DiffusionOperatorP1: Determine global dofs ...
17:38 DiffusionOperatorP1: Boundary treatment ...
17:38 DiffusionOperatorP1: Assemble system matrix ...
17:38 DiffusionOperatorP1: Calulate gradients of shape functions transformed by reference map ...
17:38 DiffusionOperatorP1: Calculate all local scalar products beween gradients ...
17:38 DiffusionOperatorP1: Determine global dofs ...
17:38 DiffusionOperatorP1: Boundary treatment ...
17:38 DiffusionOperatorP1: Assemble system matrix ...
17:38 DiffusionOperatorP1: Calulate gradients of shape functions transformed by reference map ...
17:38 DiffusionOperatorP1: Calculate all local scalar products beween gradients ...
17:38 DiffusionOperatorP1: Determine global dofs ...
17:38 DiffusionOperatorP1: Boundary treatment ...
17:38 DiffusionOperatorP1: Assemble system matrix ...
17:38 DiffusionOperatorP1: Calulate gradients of shape functions transformed by reference map ...
17:38 DiffusionOperatorP1: Calculate all local scalar products beween gradients ...
17:38 DiffusionOperatorP1: Determine global dofs ...
17:38 DiffusionOperatorP1: Boundary treatment ...
17:38 DiffusionOperatorP1: Assemble system matrix ...
17:38 L2ProductP1: Integrate the products of the shape functions on each element
17:38 L2ProductP1: Determine global dofs ...
17:38 L2ProductP1: Boundary treatment ...
17:38 L2ProductP1: Assemble system matrix ...
17:38 DiffusionOperatorP1: Calulate gradients of shape functions transformed by reference map ...
17:38 DiffusionOperatorP1: Calculate all local scalar products beween gradients ...
17:38 DiffusionOperatorP1: Determine global dofs ...
17:38 DiffusionOperatorP1: Boundary treatment ...
17:38 DiffusionOperatorP1: Assemble system matrix ...
17:38 L2ProductP1: Integrate the products of the shape functions on each element
17:38 L2ProductP1: Determine global dofs ...
17:38 L2ProductP1: Boundary treatment ...
17:38 L2ProductP1: Assemble system matrix ...
17:38 DiffusionOperatorP1: Calulate gradients of shape functions transformed by reference map ...
17:38 DiffusionOperatorP1: Calculate all local scalar products beween gradients ...
17:38 DiffusionOperatorP1: Determine global dofs ...
17:38 DiffusionOperatorP1: Boundary treatment ...
17:38 DiffusionOperatorP1: Assemble system matrix ...
</system-err></testcase><testcase classname="src.pymortests.algorithms.basic" file="src/pymortests/algorithms/basic.py" line="104" name="test_almost_equal_self_product[&lt;lambda&gt;3]" time="0.26758265495300293"><system-err>17:38 DiffusionOperatorP1: Calulate gradients of shape functions transformed by reference map ...
17:38 DiffusionOperatorP1: Calculate all local scalar products beween gradients ...
17:38 DiffusionOperatorP1: Determine global dofs ...
17:38 DiffusionOperatorP1: Boundary treatment ...
17:38 DiffusionOperatorP1: Assemble system matrix ...
17:38 DiffusionOperatorP1: Calulate gradients of shape functions transformed by reference map ...
17:38 DiffusionOperatorP1: Calculate all local scalar products beween gradients ...
17:38 DiffusionOperatorP1: Determine global dofs ...
17:38 DiffusionOperatorP1: Boundary treatment ...
17:38 DiffusionOperatorP1: Assemble system matrix ...
17:38 L2ProductP1: Integrate the products of the shape functions on each element
17:38 L2ProductP1: Determine global dofs ...
17:38 L2ProductP1: Boundary treatment ...
17:38 L2ProductP1: Assemble system matrix ...
17:38 DiffusionOperatorP1: Calulate gradients of shape functions transformed by reference map ...
17:38 DiffusionOperatorP1: Calculate all local scalar products beween gradients ...
17:38 DiffusionOperatorP1: Determine global dofs ...
17:38 DiffusionOperatorP1: Boundary treatment ...
17:38 DiffusionOperatorP1: Assemble system matrix ...
17:38 L2ProductP1: Integrate the products of the shape functions on each element
17:38 L2ProductP1: Determine global dofs ...
17:38 L2ProductP1: Boundary treatment ...
17:38 L2ProductP1: Assemble system matrix ...
17:38 DiffusionOperatorP1: Calulate gradients of shape functions transformed by reference map ...
17:38 DiffusionOperatorP1: Calculate all local scalar products beween gradients ...
17:38 DiffusionOperatorP1: Determine global dofs ...
17:38 DiffusionOperatorP1: Boundary treatment ...
17:38 DiffusionOperatorP1: Assemble system matrix ...
</system-err></testcase><testcase classname="src.pymortests.algorithms.basic" file="src/pymortests/algorithms/basic.py" line="104" name="test_almost_equal_self_product[&lt;lambda&gt;4]" time="0.263350248336792"><system-err>17:39 DiffusionOperatorP1: Calulate gradients of shape functions transformed by reference map ...
17:39 DiffusionOperatorP1: Calculate all local scalar products beween gradients ...
17:39 DiffusionOperatorP1: Determine global dofs ...
17:39 DiffusionOperatorP1: Boundary treatment ...
17:39 DiffusionOperatorP1: Assemble system matrix ...
17:39 DiffusionOperatorP1: Calulate gradients of shape functions transformed by reference map ...
17:39 DiffusionOperatorP1: Calculate all local scalar products beween gradients ...
17:39 DiffusionOperatorP1: Determine global dofs ...
17:39 DiffusionOperatorP1: Boundary treatment ...
17:39 DiffusionOperatorP1: Assemble system matrix ...
17:39 DiffusionOperatorP1: Calulate gradients of shape functions transformed by reference map ...
17:39 DiffusionOperatorP1: Calculate all local scalar products beween gradients ...
17:39 DiffusionOperatorP1: Determine global dofs ...
17:39 DiffusionOperatorP1: Boundary treatment ...
17:39 DiffusionOperatorP1: Assemble system matrix ...
17:39 DiffusionOperatorP1: Calulate gradients of shape functions transformed by reference map ...
17:39 DiffusionOperatorP1: Calculate all local scalar products beween gradients ...
17:39 DiffusionOperatorP1: Determine global dofs ...
17:39 DiffusionOperatorP1: Boundary treatment ...
17:39 DiffusionOperatorP1: Assemble system matrix ...
17:39 DiffusionOperatorP1: Calulate gradients of shape functions transformed by reference map ...
17:39 DiffusionOperatorP1: Calculate all local scalar products beween gradients ...
17:39 DiffusionOperatorP1: Determine global dofs ...
17:39 DiffusionOperatorP1: Boundary treatment ...
17:39 DiffusionOperatorP1: Assemble system matrix ...
17:39 L2ProductP1: Integrate the products of the shape functions on each element
17:39 L2ProductP1: Determine global dofs ...
17:39 L2ProductP1: Boundary treatment ...
17:39 L2ProductP1: Assemble system matrix ...
17:39 DiffusionOperatorP1: Calulate gradients of shape functions transformed by reference map ...
17:39 DiffusionOperatorP1: Calculate all local scalar products beween gradients ...
17:39 DiffusionOperatorP1: Determine global dofs ...
17:39 DiffusionOperatorP1: Boundary treatment ...
17:39 DiffusionOperatorP1: Assemble system matrix ...
17:39 L2ProductP1: Integrate the products of the shape functions on each element
17:39 L2ProductP1: Determine global dofs ...
17:39 L2ProductP1: Boundary treatment ...
17:39 L2ProductP1: Assemble system matrix ...
17:39 DiffusionOperatorP1: Calulate gradients of shape functions transformed by reference map ...
17:39 DiffusionOperatorP1: Calculate all local scalar products beween gradients ...
17:39 DiffusionOperatorP1: Determine global dofs ...
17:39 DiffusionOperatorP1: Boundary treatment ...
17:39 DiffusionOperatorP1: Assemble system matrix ...
</system-err></testcase><testcase classname="src.pymortests.algorithms.basic" file="src/pymortests/algorithms/basic.py" line="104" name="test_almost_equal_self_product[&lt;lambda&gt;5]" time="0.26233434677124023"><system-err>17:39 DiffusionOperatorP1: Calulate gradients of shape functions transformed by reference map ...
17:39 DiffusionOperatorP1: Calculate all local scalar products beween gradients ...
17:39 DiffusionOperatorP1: Determine global dofs ...
17:39 DiffusionOperatorP1: Boundary treatment ...
17:39 DiffusionOperatorP1: Assemble system matrix ...
17:39 DiffusionOperatorP1: Calulate gradients of shape functions transformed by reference map ...
17:39 DiffusionOperatorP1: Calculate all local scalar products beween gradients ...
17:39 DiffusionOperatorP1: Determine global dofs ...
17:39 DiffusionOperatorP1: Boundary treatment ...
17:39 DiffusionOperatorP1: Assemble system matrix ...
17:39 L2ProductP1: Integrate the products of the shape functions on each element
17:39 L2ProductP1: Determine global dofs ...
17:39 L2ProductP1: Boundary treatment ...
17:39 L2ProductP1: Assemble system matrix ...
17:39 DiffusionOperatorP1: Calulate gradients of shape functions transformed by reference map ...
17:39 DiffusionOperatorP1: Calculate all local scalar products beween gradients ...
17:39 DiffusionOperatorP1: Determine global dofs ...
17:39 DiffusionOperatorP1: Boundary treatment ...
17:39 DiffusionOperatorP1: Assemble system matrix ...
17:39 L2ProductP1: Integrate the products of the shape functions on each element
17:39 L2ProductP1: Determine global dofs ...
17:39 L2ProductP1: Boundary treatment ...
17:39 L2ProductP1: Assemble system matrix ...
17:39 DiffusionOperatorP1: Calulate gradients of shape functions transformed by reference map ...
17:39 DiffusionOperatorP1: Calculate all local scalar products beween gradients ...
17:39 DiffusionOperatorP1: Determine global dofs ...
17:39 DiffusionOperatorP1: Boundary treatment ...
17:39 DiffusionOperatorP1: Assemble system matrix ...
</system-err></testcase><testcase classname="src.pymortests.algorithms.basic" file="src/pymortests/algorithms/basic.py" line="104" name="test_almost_equal_self_product[&lt;lambda&gt;6]" time="0.260866641998291"><system-err>17:39 DiffusionOperatorP1: Calulate gradients of shape functions transformed by reference map ...
17:39 DiffusionOperatorP1: Calculate all local scalar products beween gradients ...
17:39 DiffusionOperatorP1: Determine global dofs ...
17:39 DiffusionOperatorP1: Boundary treatment ...
17:39 DiffusionOperatorP1: Assemble system matrix ...
17:39 DiffusionOperatorP1: Calulate gradients of shape functions transformed by reference map ...
17:39 DiffusionOperatorP1: Calculate all local scalar products beween gradients ...
17:39 DiffusionOperatorP1: Determine global dofs ...
17:39 DiffusionOperatorP1: Boundary treatment ...
17:39 DiffusionOperatorP1: Assemble system matrix ...
17:39 DiffusionOperatorP1: Calulate gradients of shape functions transformed by reference map ...
17:39 DiffusionOperatorP1: Calculate all local scalar products beween gradients ...
17:39 DiffusionOperatorP1: Determine global dofs ...
17:39 DiffusionOperatorP1: Boundary treatment ...
17:39 DiffusionOperatorP1: Assemble system matrix ...
17:39 DiffusionOperatorP1: Calulate gradients of shape functions transformed by reference map ...
17:39 DiffusionOperatorP1: Calculate all local scalar products beween gradients ...
17:39 DiffusionOperatorP1: Determine global dofs ...
17:39 DiffusionOperatorP1: Boundary treatment ...
17:39 DiffusionOperatorP1: Assemble system matrix ...
17:39 DiffusionOperatorP1: Calulate gradients of shape functions transformed by reference map ...
17:39 DiffusionOperatorP1: Calculate all local scalar products beween gradients ...
17:39 DiffusionOperatorP1: Determine global dofs ...
17:39 DiffusionOperatorP1: Boundary treatment ...
17:39 DiffusionOperatorP1: Assemble system matrix ...
17:39 L2ProductP1: Integrate the products of the shape functions on each element
17:39 L2ProductP1: Determine global dofs ...
17:39 L2ProductP1: Boundary treatment ...
17:39 L2ProductP1: Assemble system matrix ...
17:39 DiffusionOperatorP1: Calulate gradients of shape functions transformed by reference map ...
17:39 DiffusionOperatorP1: Calculate all local scalar products beween gradients ...
17:39 DiffusionOperatorP1: Determine global dofs ...
17:39 DiffusionOperatorP1: Boundary treatment ...
17:39 DiffusionOperatorP1: Assemble system matrix ...
17:39 L2ProductP1: Integrate the products of the shape functions on each element
17:39 L2ProductP1: Determine global dofs ...
17:39 L2ProductP1: Boundary treatment ...
17:39 L2ProductP1: Assemble system matrix ...
17:39 DiffusionOperatorP1: Calulate gradients of shape functions transformed by reference map ...
17:39 DiffusionOperatorP1: Calculate all local scalar products beween gradients ...
17:39 DiffusionOperatorP1: Determine global dofs ...
17:39 DiffusionOperatorP1: Boundary treatment ...
17:39 DiffusionOperatorP1: Assemble system matrix ...
</system-err></testcase><testcase classname="src.pymortests.algorithms.basic" file="src/pymortests/algorithms/basic.py" line="104" name="test_almost_equal_self_product[&lt;lambda&gt;7]" time="0.26924633979797363"><system-err>17:39 DiffusionOperatorP1: Calulate gradients of shape functions transformed by reference map ...
17:39 DiffusionOperatorP1: Calculate all local scalar products beween gradients ...
17:39 DiffusionOperatorP1: Determine global dofs ...
17:39 DiffusionOperatorP1: Boundary treatment ...
17:39 DiffusionOperatorP1: Assemble system matrix ...
17:39 DiffusionOperatorP1: Calulate gradients of shape functions transformed by reference map ...
17:39 DiffusionOperatorP1: Calculate all local scalar products beween gradients ...
17:39 DiffusionOperatorP1: Determine global dofs ...
17:39 DiffusionOperatorP1: Boundary treatment ...
17:39 DiffusionOperatorP1: Assemble system matrix ...
17:39 L2ProductP1: Integrate the products of the shape functions on each element
17:39 L2ProductP1: Determine global dofs ...
17:39 L2ProductP1: Boundary treatment ...
17:39 L2ProductP1: Assemble system matrix ...
17:39 DiffusionOperatorP1: Calulate gradients of shape functions transformed by reference map ...
17:39 DiffusionOperatorP1: Calculate all local scalar products beween gradients ...
17:39 DiffusionOperatorP1: Determine global dofs ...
17:39 DiffusionOperatorP1: Boundary treatment ...
17:39 DiffusionOperatorP1: Assemble system matrix ...
17:39 L2ProductP1: Integrate the products of the shape functions on each element
17:39 L2ProductP1: Determine global dofs ...
17:39 L2ProductP1: Boundary treatment ...
17:39 L2ProductP1: Assemble system matrix ...
17:39 DiffusionOperatorP1: Calulate gradients of shape functions transformed by reference map ...
17:39 DiffusionOperatorP1: Calculate all local scalar products beween gradients ...
17:39 DiffusionOperatorP1: Determine global dofs ...
17:39 DiffusionOperatorP1: Boundary treatment ...
17:39 DiffusionOperatorP1: Assemble system matrix ...
</system-err></testcase><testcase classname="src.pymortests.algorithms.basic" file="src/pymortests/algorithms/basic.py" line="104" name="test_almost_equal_self_product[&lt;lambda&gt;8]" time="0.2842707633972168"><system-err>17:40 DiffusionOperatorP1: Calulate gradients of shape functions transformed by reference map ...
17:40 DiffusionOperatorP1: Calculate all local scalar products beween gradients ...
17:40 DiffusionOperatorP1: Determine global dofs ...
17:40 DiffusionOperatorP1: Boundary treatment ...
17:40 DiffusionOperatorP1: Assemble system matrix ...
17:40 DiffusionOperatorP1: Calulate gradients of shape functions transformed by reference map ...
17:40 DiffusionOperatorP1: Calculate all local scalar products beween gradients ...
17:40 DiffusionOperatorP1: Determine global dofs ...
17:40 DiffusionOperatorP1: Boundary treatment ...
17:40 DiffusionOperatorP1: Assemble system matrix ...
17:40 DiffusionOperatorP1: Calulate gradients of shape functions transformed by reference map ...
17:40 DiffusionOperatorP1: Calculate all local scalar products beween gradients ...
17:40 DiffusionOperatorP1: Determine global dofs ...
17:40 DiffusionOperatorP1: Boundary treatment ...
17:40 DiffusionOperatorP1: Assemble system matrix ...
17:40 DiffusionOperatorP1: Calulate gradients of shape functions transformed by reference map ...
17:40 DiffusionOperatorP1: Calculate all local scalar products beween gradients ...
17:40 DiffusionOperatorP1: Determine global dofs ...
17:40 DiffusionOperatorP1: Boundary treatment ...
17:40 DiffusionOperatorP1: Assemble system matrix ...
17:40 DiffusionOperatorP1: Calulate gradients of shape functions transformed by reference map ...
17:40 DiffusionOperatorP1: Calculate all local scalar products beween gradients ...
17:40 DiffusionOperatorP1: Determine global dofs ...
17:40 DiffusionOperatorP1: Boundary treatment ...
17:40 DiffusionOperatorP1: Assemble system matrix ...
17:40 L2ProductP1: Integrate the products of the shape functions on each element
17:40 L2ProductP1: Determine global dofs ...
17:40 L2ProductP1: Boundary treatment ...
17:40 L2ProductP1: Assemble system matrix ...
17:40 DiffusionOperatorP1: Calulate gradients of shape functions transformed by reference map ...
17:40 DiffusionOperatorP1: Calculate all local scalar products beween gradients ...
17:40 DiffusionOperatorP1: Determine global dofs ...
17:40 DiffusionOperatorP1: Boundary treatment ...
17:40 DiffusionOperatorP1: Assemble system matrix ...
17:40 L2ProductP1: Integrate the products of the shape functions on each element
17:40 L2ProductP1: Determine global dofs ...
17:40 L2ProductP1: Boundary treatment ...
17:40 L2ProductP1: Assemble system matrix ...
17:40 DiffusionOperatorP1: Calulate gradients of shape functions transformed by reference map ...
17:40 DiffusionOperatorP1: Calculate all local scalar products beween gradients ...
17:40 DiffusionOperatorP1: Determine global dofs ...
17:40 DiffusionOperatorP1: Boundary treatment ...
17:40 DiffusionOperatorP1: Assemble system matrix ...
</system-err></testcase><testcase classname="src.pymortests.algorithms.basic" file="src/pymortests/algorithms/basic.py" line="104" name="test_almost_equal_self_product[&lt;lambda&gt;9]" time="0.2881631851196289"><system-err>17:40 DiffusionOperatorP1: Calulate gradients of shape functions transformed by reference map ...
17:40 DiffusionOperatorP1: Calculate all local scalar products beween gradients ...
17:40 DiffusionOperatorP1: Determine global dofs ...
17:40 DiffusionOperatorP1: Boundary treatment ...
17:40 DiffusionOperatorP1: Assemble system matrix ...
17:40 DiffusionOperatorP1: Calulate gradients of shape functions transformed by reference map ...
17:40 DiffusionOperatorP1: Calculate all local scalar products beween gradients ...
17:40 DiffusionOperatorP1: Determine global dofs ...
17:40 DiffusionOperatorP1: Boundary treatment ...
17:40 DiffusionOperatorP1: Assemble system matrix ...
17:40 L2ProductP1: Integrate the products of the shape functions on each element
17:40 L2ProductP1: Determine global dofs ...
17:40 L2ProductP1: Boundary treatment ...
17:40 L2ProductP1: Assemble system matrix ...
17:40 DiffusionOperatorP1: Calulate gradients of shape functions transformed by reference map ...
17:40 DiffusionOperatorP1: Calculate all local scalar products beween gradients ...
17:40 DiffusionOperatorP1: Determine global dofs ...
17:40 DiffusionOperatorP1: Boundary treatment ...
17:40 DiffusionOperatorP1: Assemble system matrix ...
17:40 L2ProductP1: Integrate the products of the shape functions on each element
17:40 L2ProductP1: Determine global dofs ...
17:40 L2ProductP1: Boundary treatment ...
17:40 L2ProductP1: Assemble system matrix ...
17:40 DiffusionOperatorP1: Calulate gradients of shape functions transformed by reference map ...
17:40 DiffusionOperatorP1: Calculate all local scalar products beween gradients ...
17:40 DiffusionOperatorP1: Determine global dofs ...
17:40 DiffusionOperatorP1: Boundary treatment ...
17:40 DiffusionOperatorP1: Assemble system matrix ...
</system-err></testcase><testcase classname="src.pymortests.algorithms.basic" file="src/pymortests/algorithms/basic.py" line="104" name="test_almost_equal_self_product[&lt;lambda&gt;10]" time="0.2735128402709961"><system-err>17:40 DiffusionOperatorP1: Calulate gradients of shape functions transformed by reference map ...
17:40 DiffusionOperatorP1: Calculate all local scalar products beween gradients ...
17:40 DiffusionOperatorP1: Determine global dofs ...
17:40 DiffusionOperatorP1: Boundary treatment ...
17:40 DiffusionOperatorP1: Assemble system matrix ...
17:40 DiffusionOperatorP1: Calulate gradients of shape functions transformed by reference map ...
17:40 DiffusionOperatorP1: Calculate all local scalar products beween gradients ...
17:40 DiffusionOperatorP1: Determine global dofs ...
17:40 DiffusionOperatorP1: Boundary treatment ...
17:40 DiffusionOperatorP1: Assemble system matrix ...
17:40 DiffusionOperatorP1: Calulate gradients of shape functions transformed by reference map ...
17:40 DiffusionOperatorP1: Calculate all local scalar products beween gradients ...
17:40 DiffusionOperatorP1: Determine global dofs ...
17:40 DiffusionOperatorP1: Boundary treatment ...
17:40 DiffusionOperatorP1: Assemble system matrix ...
17:40 DiffusionOperatorP1: Calulate gradients of shape functions transformed by reference map ...
17:40 DiffusionOperatorP1: Calculate all local scalar products beween gradients ...
17:40 DiffusionOperatorP1: Determine global dofs ...
17:40 DiffusionOperatorP1: Boundary treatment ...
17:40 DiffusionOperatorP1: Assemble system matrix ...
17:40 DiffusionOperatorP1: Calulate gradients of shape functions transformed by reference map ...
17:40 DiffusionOperatorP1: Calculate all local scalar products beween gradients ...
17:40 DiffusionOperatorP1: Determine global dofs ...
17:40 DiffusionOperatorP1: Boundary treatment ...
17:40 DiffusionOperatorP1: Assemble system matrix ...
17:40 L2ProductP1: Integrate the products of the shape functions on each element
17:40 L2ProductP1: Determine global dofs ...
17:40 L2ProductP1: Boundary treatment ...
17:40 L2ProductP1: Assemble system matrix ...
17:40 DiffusionOperatorP1: Calulate gradients of shape functions transformed by reference map ...
17:40 DiffusionOperatorP1: Calculate all local scalar products beween gradients ...
17:40 DiffusionOperatorP1: Determine global dofs ...
17:40 DiffusionOperatorP1: Boundary treatment ...
17:40 DiffusionOperatorP1: Assemble system matrix ...
17:40 L2ProductP1: Integrate the products of the shape functions on each element
17:40 L2ProductP1: Determine global dofs ...
17:40 L2ProductP1: Boundary treatment ...
17:40 L2ProductP1: Assemble system matrix ...
17:40 DiffusionOperatorP1: Calulate gradients of shape functions transformed by reference map ...
17:40 DiffusionOperatorP1: Calculate all local scalar products beween gradients ...
17:40 DiffusionOperatorP1: Determine global dofs ...
17:40 DiffusionOperatorP1: Boundary treatment ...
17:40 DiffusionOperatorP1: Assemble system matrix ...
</system-err></testcase><testcase classname="src.pymortests.algorithms.basic" file="src/pymortests/algorithms/basic.py" line="104" name="test_almost_equal_self_product[&lt;lambda&gt;11]" time="0.26926374435424805"><system-err>17:41 DiffusionOperatorP1: Calulate gradients of shape functions transformed by reference map ...
17:41 DiffusionOperatorP1: Calculate all local scalar products beween gradients ...
17:41 DiffusionOperatorP1: Determine global dofs ...
17:41 DiffusionOperatorP1: Boundary treatment ...
17:41 DiffusionOperatorP1: Assemble system matrix ...
17:41 DiffusionOperatorP1: Calulate gradients of shape functions transformed by reference map ...
17:41 DiffusionOperatorP1: Calculate all local scalar products beween gradients ...
17:41 DiffusionOperatorP1: Determine global dofs ...
17:41 DiffusionOperatorP1: Boundary treatment ...
17:41 DiffusionOperatorP1: Assemble system matrix ...
17:41 L2ProductP1: Integrate the products of the shape functions on each element
17:41 L2ProductP1: Determine global dofs ...
17:41 L2ProductP1: Boundary treatment ...
17:41 L2ProductP1: Assemble system matrix ...
17:41 DiffusionOperatorP1: Calulate gradients of shape functions transformed by reference map ...
17:41 DiffusionOperatorP1: Calculate all local scalar products beween gradients ...
17:41 DiffusionOperatorP1: Determine global dofs ...
17:41 DiffusionOperatorP1: Boundary treatment ...
17:41 DiffusionOperatorP1: Assemble system matrix ...
17:41 L2ProductP1: Integrate the products of the shape functions on each element
17:41 L2ProductP1: Determine global dofs ...
17:41 L2ProductP1: Boundary treatment ...
17:41 L2ProductP1: Assemble system matrix ...
17:41 DiffusionOperatorP1: Calulate gradients of shape functions transformed by reference map ...
17:41 DiffusionOperatorP1: Calculate all local scalar products beween gradients ...
17:41 DiffusionOperatorP1: Determine global dofs ...
17:41 DiffusionOperatorP1: Boundary treatment ...
17:41 DiffusionOperatorP1: Assemble system matrix ...
</system-err></testcase><testcase classname="src.pymortests.algorithms.basic" file="src/pymortests/algorithms/basic.py" line="104" name="test_almost_equal_self_product[&lt;lambda&gt;12]" time="0.2455449104309082"><system-err>17:41 DiffusionOperatorP1: Calulate gradients of shape functions transformed by reference map ...
17:41 DiffusionOperatorP1: Calculate all local scalar products beween gradients ...
17:41 DiffusionOperatorP1: Determine global dofs ...
17:41 DiffusionOperatorP1: Boundary treatment ...
17:41 DiffusionOperatorP1: Assemble system matrix ...
17:41 DiffusionOperatorP1: Calulate gradients of shape functions transformed by reference map ...
17:41 DiffusionOperatorP1: Calculate all local scalar products beween gradients ...
17:41 DiffusionOperatorP1: Determine global dofs ...
17:41 DiffusionOperatorP1: Boundary treatment ...
17:41 DiffusionOperatorP1: Assemble system matrix ...
17:41 DiffusionOperatorP1: Calulate gradients of shape functions transformed by reference map ...
17:41 DiffusionOperatorP1: Calculate all local scalar products beween gradients ...
17:41 DiffusionOperatorP1: Determine global dofs ...
17:41 DiffusionOperatorP1: Boundary treatment ...
17:41 DiffusionOperatorP1: Assemble system matrix ...
17:41 DiffusionOperatorP1: Calulate gradients of shape functions transformed by reference map ...
17:41 DiffusionOperatorP1: Calculate all local scalar products beween gradients ...
17:41 DiffusionOperatorP1: Determine global dofs ...
17:41 DiffusionOperatorP1: Boundary treatment ...
17:41 DiffusionOperatorP1: Assemble system matrix ...
17:41 DiffusionOperatorP1: Calulate gradients of shape functions transformed by reference map ...
17:41 DiffusionOperatorP1: Calculate all local scalar products beween gradients ...
17:41 DiffusionOperatorP1: Determine global dofs ...
17:41 DiffusionOperatorP1: Boundary treatment ...
17:41 DiffusionOperatorP1: Assemble system matrix ...
17:41 L2ProductP1: Integrate the products of the shape functions on each element
17:41 L2ProductP1: Determine global dofs ...
17:41 L2ProductP1: Boundary treatment ...
17:41 L2ProductP1: Assemble system matrix ...
17:41 DiffusionOperatorP1: Calulate gradients of shape functions transformed by reference map ...
17:41 DiffusionOperatorP1: Calculate all local scalar products beween gradients ...
17:41 DiffusionOperatorP1: Determine global dofs ...
17:41 DiffusionOperatorP1: Boundary treatment ...
17:41 DiffusionOperatorP1: Assemble system matrix ...
17:41 L2ProductP1: Integrate the products of the shape functions on each element
17:41 L2ProductP1: Determine global dofs ...
17:41 L2ProductP1: Boundary treatment ...
17:41 L2ProductP1: Assemble system matrix ...
17:41 DiffusionOperatorP1: Calulate gradients of shape functions transformed by reference map ...
17:41 DiffusionOperatorP1: Calculate all local scalar products beween gradients ...
17:41 DiffusionOperatorP1: Determine global dofs ...
17:41 DiffusionOperatorP1: Boundary treatment ...
17:41 DiffusionOperatorP1: Assemble system matrix ...
</system-err></testcase><testcase classname="src.pymortests.algorithms.basic" file="src/pymortests/algorithms/basic.py" line="104" name="test_almost_equal_self_product[&lt;lambda&gt;13]" time="0.238905668258667"><system-err>17:41 DiffusionOperatorP1: Calulate gradients of shape functions transformed by reference map ...
17:41 DiffusionOperatorP1: Calculate all local scalar products beween gradients ...
17:41 DiffusionOperatorP1: Determine global dofs ...
17:41 DiffusionOperatorP1: Boundary treatment ...
17:41 DiffusionOperatorP1: Assemble system matrix ...
17:41 DiffusionOperatorP1: Calulate gradients of shape functions transformed by reference map ...
17:41 DiffusionOperatorP1: Calculate all local scalar products beween gradients ...
17:41 DiffusionOperatorP1: Determine global dofs ...
17:41 DiffusionOperatorP1: Boundary treatment ...
17:41 DiffusionOperatorP1: Assemble system matrix ...
17:41 L2ProductP1: Integrate the products of the shape functions on each element
17:41 L2ProductP1: Determine global dofs ...
17:41 L2ProductP1: Boundary treatment ...
17:41 L2ProductP1: Assemble system matrix ...
17:41 DiffusionOperatorP1: Calulate gradients of shape functions transformed by reference map ...
17:41 DiffusionOperatorP1: Calculate all local scalar products beween gradients ...
17:41 DiffusionOperatorP1: Determine global dofs ...
17:41 DiffusionOperatorP1: Boundary treatment ...
17:41 DiffusionOperatorP1: Assemble system matrix ...
17:41 L2ProductP1: Integrate the products of the shape functions on each element
17:41 L2ProductP1: Determine global dofs ...
17:41 L2ProductP1: Boundary treatment ...
17:41 L2ProductP1: Assemble system matrix ...
17:41 DiffusionOperatorP1: Calulate gradients of shape functions transformed by reference map ...
17:41 DiffusionOperatorP1: Calculate all local scalar products beween gradients ...
17:41 DiffusionOperatorP1: Determine global dofs ...
17:41 DiffusionOperatorP1: Boundary treatment ...
17:41 DiffusionOperatorP1: Assemble system matrix ...
</system-err></testcase><testcase classname="src.pymortests.algorithms.basic" file="src/pymortests/algorithms/basic.py" line="104" name="test_almost_equal_self_product[&lt;lambda&gt;14]" time="0.2645456790924072"><system-err>17:41 DiffusionOperatorP1: Calulate gradients of shape functions transformed by reference map ...
17:41 DiffusionOperatorP1: Calculate all local scalar products beween gradients ...
17:41 DiffusionOperatorP1: Determine global dofs ...
17:41 DiffusionOperatorP1: Boundary treatment ...
17:41 DiffusionOperatorP1: Assemble system matrix ...
17:41 DiffusionOperatorP1: Calulate gradients of shape functions transformed by reference map ...
17:41 DiffusionOperatorP1: Calculate all local scalar products beween gradients ...
17:41 DiffusionOperatorP1: Determine global dofs ...
17:41 DiffusionOperatorP1: Boundary treatment ...
17:41 DiffusionOperatorP1: Assemble system matrix ...
17:41 DiffusionOperatorP1: Calulate gradients of shape functions transformed by reference map ...
17:41 DiffusionOperatorP1: Calculate all local scalar products beween gradients ...
17:41 DiffusionOperatorP1: Determine global dofs ...
17:41 DiffusionOperatorP1: Boundary treatment ...
17:41 DiffusionOperatorP1: Assemble system matrix ...
17:41 DiffusionOperatorP1: Calulate gradients of shape functions transformed by reference map ...
17:41 DiffusionOperatorP1: Calculate all local scalar products beween gradients ...
17:41 DiffusionOperatorP1: Determine global dofs ...
17:41 DiffusionOperatorP1: Boundary treatment ...
17:41 DiffusionOperatorP1: Assemble system matrix ...
17:41 DiffusionOperatorP1: Calulate gradients of shape functions transformed by reference map ...
17:41 DiffusionOperatorP1: Calculate all local scalar products beween gradients ...
17:41 DiffusionOperatorP1: Determine global dofs ...
17:41 DiffusionOperatorP1: Boundary treatment ...
17:41 DiffusionOperatorP1: Assemble system matrix ...
17:41 L2ProductP1: Integrate the products of the shape functions on each element
17:41 L2ProductP1: Determine global dofs ...
17:41 L2ProductP1: Boundary treatment ...
17:41 L2ProductP1: Assemble system matrix ...
17:41 DiffusionOperatorP1: Calulate gradients of shape functions transformed by reference map ...
17:41 DiffusionOperatorP1: Calculate all local scalar products beween gradients ...
17:41 DiffusionOperatorP1: Determine global dofs ...
17:41 DiffusionOperatorP1: Boundary treatment ...
17:41 DiffusionOperatorP1: Assemble system matrix ...
17:41 L2ProductP1: Integrate the products of the shape functions on each element
17:41 L2ProductP1: Determine global dofs ...
17:41 L2ProductP1: Boundary treatment ...
17:41 L2ProductP1: Assemble system matrix ...
17:41 DiffusionOperatorP1: Calulate gradients of shape functions transformed by reference map ...
17:41 DiffusionOperatorP1: Calculate all local scalar products beween gradients ...
17:41 DiffusionOperatorP1: Determine global dofs ...
17:41 DiffusionOperatorP1: Boundary treatment ...
17:41 DiffusionOperatorP1: Assemble system matrix ...
</system-err></testcase><testcase classname="src.pymortests.algorithms.basic" file="src/pymortests/algorithms/basic.py" line="104" name="test_almost_equal_self_product[&lt;lambda&gt;15]" time="0.2945890426635742"><system-err>17:42 DiffusionOperatorP1: Calulate gradients of shape functions transformed by reference map ...
17:42 DiffusionOperatorP1: Calculate all local scalar products beween gradients ...
17:42 DiffusionOperatorP1: Determine global dofs ...
17:42 DiffusionOperatorP1: Boundary treatment ...
17:42 DiffusionOperatorP1: Assemble system matrix ...
17:42 DiffusionOperatorP1: Calulate gradients of shape functions transformed by reference map ...
17:42 DiffusionOperatorP1: Calculate all local scalar products beween gradients ...
17:42 DiffusionOperatorP1: Determine global dofs ...
17:42 DiffusionOperatorP1: Boundary treatment ...
17:42 DiffusionOperatorP1: Assemble system matrix ...
17:42 L2ProductP1: Integrate the products of the shape functions on each element
17:42 L2ProductP1: Determine global dofs ...
17:42 L2ProductP1: Boundary treatment ...
17:42 L2ProductP1: Assemble system matrix ...
17:42 DiffusionOperatorP1: Calulate gradients of shape functions transformed by reference map ...
17:42 DiffusionOperatorP1: Calculate all local scalar products beween gradients ...
17:42 DiffusionOperatorP1: Determine global dofs ...
17:42 DiffusionOperatorP1: Boundary treatment ...
17:42 DiffusionOperatorP1: Assemble system matrix ...
17:42 L2ProductP1: Integrate the products of the shape functions on each element
17:42 L2ProductP1: Determine global dofs ...
17:42 L2ProductP1: Boundary treatment ...
17:42 L2ProductP1: Assemble system matrix ...
17:42 DiffusionOperatorP1: Calulate gradients of shape functions transformed by reference map ...
17:42 DiffusionOperatorP1: Calculate all local scalar products beween gradients ...
17:42 DiffusionOperatorP1: Determine global dofs ...
17:42 DiffusionOperatorP1: Boundary treatment ...
17:42 DiffusionOperatorP1: Assemble system matrix ...
</system-err></testcase><testcase classname="src.pymortests.algorithms.basic" file="src/pymortests/algorithms/basic.py" line="104" name="test_almost_equal_self_product[&lt;lambda&gt;16]" time="0.22740936279296875"><system-err>17:42 DiffusionOperatorP1: Calulate gradients of shape functions transformed by reference map ...
17:42 DiffusionOperatorP1: Calculate all local scalar products beween gradients ...
17:42 DiffusionOperatorP1: Determine global dofs ...
17:42 DiffusionOperatorP1: Boundary treatment ...
17:42 DiffusionOperatorP1: Assemble system matrix ...
17:42 DiffusionOperatorP1: Calulate gradients of shape functions transformed by reference map ...
17:42 DiffusionOperatorP1: Calculate all local scalar products beween gradients ...
17:42 DiffusionOperatorP1: Determine global dofs ...
17:42 DiffusionOperatorP1: Boundary treatment ...
17:42 DiffusionOperatorP1: Assemble system matrix ...
17:42 DiffusionOperatorP1: Calulate gradients of shape functions transformed by reference map ...
17:42 DiffusionOperatorP1: Calculate all local scalar products beween gradients ...
17:42 DiffusionOperatorP1: Determine global dofs ...
17:42 DiffusionOperatorP1: Boundary treatment ...
17:42 DiffusionOperatorP1: Assemble system matrix ...
17:42 DiffusionOperatorP1: Calulate gradients of shape functions transformed by reference map ...
17:42 DiffusionOperatorP1: Calculate all local scalar products beween gradients ...
17:42 DiffusionOperatorP1: Determine global dofs ...
17:42 DiffusionOperatorP1: Boundary treatment ...
17:42 DiffusionOperatorP1: Assemble system matrix ...
17:42 DiffusionOperatorP1: Calulate gradients of shape functions transformed by reference map ...
17:42 DiffusionOperatorP1: Calculate all local scalar products beween gradients ...
17:42 DiffusionOperatorP1: Determine global dofs ...
17:42 DiffusionOperatorP1: Boundary treatment ...
17:42 DiffusionOperatorP1: Assemble system matrix ...
17:42 L2ProductP1: Integrate the products of the shape functions on each element
17:42 L2ProductP1: Determine global dofs ...
17:42 L2ProductP1: Boundary treatment ...
17:42 L2ProductP1: Assemble system matrix ...
17:42 DiffusionOperatorP1: Calulate gradients of shape functions transformed by reference map ...
17:42 DiffusionOperatorP1: Calculate all local scalar products beween gradients ...
17:42 DiffusionOperatorP1: Determine global dofs ...
17:42 DiffusionOperatorP1: Boundary treatment ...
17:42 DiffusionOperatorP1: Assemble system matrix ...
17:42 L2ProductP1: Integrate the products of the shape functions on each element
17:42 L2ProductP1: Determine global dofs ...
17:42 L2ProductP1: Boundary treatment ...
17:42 L2ProductP1: Assemble system matrix ...
17:42 DiffusionOperatorP1: Calulate gradients of shape functions transformed by reference map ...
17:42 DiffusionOperatorP1: Calculate all local scalar products beween gradients ...
17:42 DiffusionOperatorP1: Determine global dofs ...
17:42 DiffusionOperatorP1: Boundary treatment ...
17:42 DiffusionOperatorP1: Assemble system matrix ...
</system-err></testcase><testcase classname="src.pymortests.algorithms.basic" file="src/pymortests/algorithms/basic.py" line="104" name="test_almost_equal_self_product[&lt;lambda&gt;17]" time="0.22273683547973633"><system-err>17:42 DiffusionOperatorP1: Calulate gradients of shape functions transformed by reference map ...
17:42 DiffusionOperatorP1: Calculate all local scalar products beween gradients ...
17:42 DiffusionOperatorP1: Determine global dofs ...
17:42 DiffusionOperatorP1: Boundary treatment ...
17:42 DiffusionOperatorP1: Assemble system matrix ...
17:42 DiffusionOperatorP1: Calulate gradients of shape functions transformed by reference map ...
17:42 DiffusionOperatorP1: Calculate all local scalar products beween gradients ...
17:42 DiffusionOperatorP1: Determine global dofs ...
17:42 DiffusionOperatorP1: Boundary treatment ...
17:42 DiffusionOperatorP1: Assemble system matrix ...
17:42 L2ProductP1: Integrate the products of the shape functions on each element
17:42 L2ProductP1: Determine global dofs ...
17:42 L2ProductP1: Boundary treatment ...
17:42 L2ProductP1: Assemble system matrix ...
17:42 DiffusionOperatorP1: Calulate gradients of shape functions transformed by reference map ...
17:42 DiffusionOperatorP1: Calculate all local scalar products beween gradients ...
17:42 DiffusionOperatorP1: Determine global dofs ...
17:42 DiffusionOperatorP1: Boundary treatment ...
17:42 DiffusionOperatorP1: Assemble system matrix ...
17:42 L2ProductP1: Integrate the products of the shape functions on each element
17:42 L2ProductP1: Determine global dofs ...
17:42 L2ProductP1: Boundary treatment ...
17:42 L2ProductP1: Assemble system matrix ...
17:42 DiffusionOperatorP1: Calulate gradients of shape functions transformed by reference map ...
17:42 DiffusionOperatorP1: Calculate all local scalar products beween gradients ...
17:42 DiffusionOperatorP1: Determine global dofs ...
17:42 DiffusionOperatorP1: Boundary treatment ...
17:42 DiffusionOperatorP1: Assemble system matrix ...
</system-err></testcase><testcase classname="src.pymortests.algorithms.basic" file="src/pymortests/algorithms/basic.py" line="104" name="test_almost_equal_self_product[&lt;lambda&gt;18]" time="0.265561580657959"><system-err>17:42 DiffusionOperatorP1: Calulate gradients of shape functions transformed by reference map ...
17:42 DiffusionOperatorP1: Calculate all local scalar products beween gradients ...
17:42 DiffusionOperatorP1: Determine global dofs ...
17:42 DiffusionOperatorP1: Boundary treatment ...
17:42 DiffusionOperatorP1: Assemble system matrix ...
17:42 DiffusionOperatorP1: Calulate gradients of shape functions transformed by reference map ...
17:42 DiffusionOperatorP1: Calculate all local scalar products beween gradients ...
17:42 DiffusionOperatorP1: Determine global dofs ...
17:42 DiffusionOperatorP1: Boundary treatment ...
17:42 DiffusionOperatorP1: Assemble system matrix ...
17:42 DiffusionOperatorP1: Calulate gradients of shape functions transformed by reference map ...
17:42 DiffusionOperatorP1: Calculate all local scalar products beween gradients ...
17:42 DiffusionOperatorP1: Determine global dofs ...
17:42 DiffusionOperatorP1: Boundary treatment ...
17:42 DiffusionOperatorP1: Assemble system matrix ...
17:42 DiffusionOperatorP1: Calulate gradients of shape functions transformed by reference map ...
17:42 DiffusionOperatorP1: Calculate all local scalar products beween gradients ...
17:42 DiffusionOperatorP1: Determine global dofs ...
17:42 DiffusionOperatorP1: Boundary treatment ...
17:42 DiffusionOperatorP1: Assemble system matrix ...
17:42 DiffusionOperatorP1: Calulate gradients of shape functions transformed by reference map ...
17:42 DiffusionOperatorP1: Calculate all local scalar products beween gradients ...
17:42 DiffusionOperatorP1: Determine global dofs ...
17:42 DiffusionOperatorP1: Boundary treatment ...
17:42 DiffusionOperatorP1: Assemble system matrix ...
17:42 L2ProductP1: Integrate the products of the shape functions on each element
17:42 L2ProductP1: Determine global dofs ...
17:42 L2ProductP1: Boundary treatment ...
17:42 L2ProductP1: Assemble system matrix ...
17:42 DiffusionOperatorP1: Calulate gradients of shape functions transformed by reference map ...
17:42 DiffusionOperatorP1: Calculate all local scalar products beween gradients ...
17:42 DiffusionOperatorP1: Determine global dofs ...
17:42 DiffusionOperatorP1: Boundary treatment ...
17:42 DiffusionOperatorP1: Assemble system matrix ...
17:42 L2ProductP1: Integrate the products of the shape functions on each element
17:42 L2ProductP1: Determine global dofs ...
17:42 L2ProductP1: Boundary treatment ...
17:42 L2ProductP1: Assemble system matrix ...
17:42 DiffusionOperatorP1: Calulate gradients of shape functions transformed by reference map ...
17:42 DiffusionOperatorP1: Calculate all local scalar products beween gradients ...
17:42 DiffusionOperatorP1: Determine global dofs ...
17:42 DiffusionOperatorP1: Boundary treatment ...
17:42 DiffusionOperatorP1: Assemble system matrix ...
</system-err></testcase><testcase classname="src.pymortests.algorithms.basic" file="src/pymortests/algorithms/basic.py" line="104" name="test_almost_equal_self_product[&lt;lambda&gt;19]" time="0.2866804599761963"><system-err>17:43 DiffusionOperatorP1: Calulate gradients of shape functions transformed by reference map ...
17:43 DiffusionOperatorP1: Calculate all local scalar products beween gradients ...
17:43 DiffusionOperatorP1: Determine global dofs ...
17:43 DiffusionOperatorP1: Boundary treatment ...
17:43 DiffusionOperatorP1: Assemble system matrix ...
17:43 DiffusionOperatorP1: Calulate gradients of shape functions transformed by reference map ...
17:43 DiffusionOperatorP1: Calculate all local scalar products beween gradients ...
17:43 DiffusionOperatorP1: Determine global dofs ...
17:43 DiffusionOperatorP1: Boundary treatment ...
17:43 DiffusionOperatorP1: Assemble system matrix ...
17:43 L2ProductP1: Integrate the products of the shape functions on each element
17:43 L2ProductP1: Determine global dofs ...
17:43 L2ProductP1: Boundary treatment ...
17:43 L2ProductP1: Assemble system matrix ...
17:43 DiffusionOperatorP1: Calulate gradients of shape functions transformed by reference map ...
17:43 DiffusionOperatorP1: Calculate all local scalar products beween gradients ...
17:43 DiffusionOperatorP1: Determine global dofs ...
17:43 DiffusionOperatorP1: Boundary treatment ...
17:43 DiffusionOperatorP1: Assemble system matrix ...
17:43 L2ProductP1: Integrate the products of the shape functions on each element
17:43 L2ProductP1: Determine global dofs ...
17:43 L2ProductP1: Boundary treatment ...
17:43 L2ProductP1: Assemble system matrix ...
17:43 DiffusionOperatorP1: Calulate gradients of shape functions transformed by reference map ...
17:43 DiffusionOperatorP1: Calculate all local scalar products beween gradients ...
17:43 DiffusionOperatorP1: Determine global dofs ...
17:43 DiffusionOperatorP1: Boundary treatment ...
17:43 DiffusionOperatorP1: Assemble system matrix ...
</system-err></testcase><testcase classname="src.pymortests.algorithms.basic" file="src/pymortests/algorithms/basic.py" line="104" name="test_almost_equal_self_product[&lt;lambda&gt;20]" time="0.2673373222351074"><system-err>17:43 DiffusionOperatorP1: Calulate gradients of shape functions transformed by reference map ...
17:43 DiffusionOperatorP1: Calculate all local scalar products beween gradients ...
17:43 DiffusionOperatorP1: Determine global dofs ...
17:43 DiffusionOperatorP1: Boundary treatment ...
17:43 DiffusionOperatorP1: Assemble system matrix ...
17:43 DiffusionOperatorP1: Calulate gradients of shape functions transformed by reference map ...
17:43 DiffusionOperatorP1: Calculate all local scalar products beween gradients ...
17:43 DiffusionOperatorP1: Determine global dofs ...
17:43 DiffusionOperatorP1: Boundary treatment ...
17:43 DiffusionOperatorP1: Assemble system matrix ...
17:43 DiffusionOperatorP1: Calulate gradients of shape functions transformed by reference map ...
17:43 DiffusionOperatorP1: Calculate all local scalar products beween gradients ...
17:43 DiffusionOperatorP1: Determine global dofs ...
17:43 DiffusionOperatorP1: Boundary treatment ...
17:43 DiffusionOperatorP1: Assemble system matrix ...
17:43 DiffusionOperatorP1: Calulate gradients of shape functions transformed by reference map ...
17:43 DiffusionOperatorP1: Calculate all local scalar products beween gradients ...
17:43 DiffusionOperatorP1: Determine global dofs ...
17:43 DiffusionOperatorP1: Boundary treatment ...
17:43 DiffusionOperatorP1: Assemble system matrix ...
17:43 DiffusionOperatorP1: Calulate gradients of shape functions transformed by reference map ...
17:43 DiffusionOperatorP1: Calculate all local scalar products beween gradients ...
17:43 DiffusionOperatorP1: Determine global dofs ...
17:43 DiffusionOperatorP1: Boundary treatment ...
17:43 DiffusionOperatorP1: Assemble system matrix ...
17:43 L2ProductP1: Integrate the products of the shape functions on each element
17:43 L2ProductP1: Determine global dofs ...
17:43 L2ProductP1: Boundary treatment ...
17:43 L2ProductP1: Assemble system matrix ...
17:43 DiffusionOperatorP1: Calulate gradients of shape functions transformed by reference map ...
17:43 DiffusionOperatorP1: Calculate all local scalar products beween gradients ...
17:43 DiffusionOperatorP1: Determine global dofs ...
17:43 DiffusionOperatorP1: Boundary treatment ...
17:43 DiffusionOperatorP1: Assemble system matrix ...
17:43 L2ProductP1: Integrate the products of the shape functions on each element
17:43 L2ProductP1: Determine global dofs ...
17:43 L2ProductP1: Boundary treatment ...
17:43 L2ProductP1: Assemble system matrix ...
17:43 DiffusionOperatorP1: Calulate gradients of shape functions transformed by reference map ...
17:43 DiffusionOperatorP1: Calculate all local scalar products beween gradients ...
17:43 DiffusionOperatorP1: Determine global dofs ...
17:43 DiffusionOperatorP1: Boundary treatment ...
17:43 DiffusionOperatorP1: Assemble system matrix ...
</system-err></testcase><testcase classname="src.pymortests.algorithms.basic" file="src/pymortests/algorithms/basic.py" line="104" name="test_almost_equal_self_product[&lt;lambda&gt;21]" time="0.26755809783935547"><system-err>17:43 DiffusionOperatorP1: Calulate gradients of shape functions transformed by reference map ...
17:43 DiffusionOperatorP1: Calculate all local scalar products beween gradients ...
17:43 DiffusionOperatorP1: Determine global dofs ...
17:43 DiffusionOperatorP1: Boundary treatment ...
17:43 DiffusionOperatorP1: Assemble system matrix ...
17:43 DiffusionOperatorP1: Calulate gradients of shape functions transformed by reference map ...
17:43 DiffusionOperatorP1: Calculate all local scalar products beween gradients ...
17:43 DiffusionOperatorP1: Determine global dofs ...
17:43 DiffusionOperatorP1: Boundary treatment ...
17:43 DiffusionOperatorP1: Assemble system matrix ...
17:43 L2ProductP1: Integrate the products of the shape functions on each element
17:43 L2ProductP1: Determine global dofs ...
17:43 L2ProductP1: Boundary treatment ...
17:43 L2ProductP1: Assemble system matrix ...
17:43 DiffusionOperatorP1: Calulate gradients of shape functions transformed by reference map ...
17:43 DiffusionOperatorP1: Calculate all local scalar products beween gradients ...
17:43 DiffusionOperatorP1: Determine global dofs ...
17:43 DiffusionOperatorP1: Boundary treatment ...
17:43 DiffusionOperatorP1: Assemble system matrix ...
17:43 L2ProductP1: Integrate the products of the shape functions on each element
17:43 L2ProductP1: Determine global dofs ...
17:43 L2ProductP1: Boundary treatment ...
17:43 L2ProductP1: Assemble system matrix ...
17:43 DiffusionOperatorP1: Calulate gradients of shape functions transformed by reference map ...
17:43 DiffusionOperatorP1: Calculate all local scalar products beween gradients ...
17:43 DiffusionOperatorP1: Determine global dofs ...
17:43 DiffusionOperatorP1: Boundary treatment ...
17:43 DiffusionOperatorP1: Assemble system matrix ...
</system-err></testcase><testcase classname="src.pymortests.algorithms.basic" file="src/pymortests/algorithms/basic.py" line="104" name="test_almost_equal_self_product[&lt;lambda&gt;22]" time="0.26941704750061035"><system-err>17:43 DiffusionOperatorP1: Calulate gradients of shape functions transformed by reference map ...
17:43 DiffusionOperatorP1: Calculate all local scalar products beween gradients ...
17:43 DiffusionOperatorP1: Determine global dofs ...
17:43 DiffusionOperatorP1: Boundary treatment ...
17:43 DiffusionOperatorP1: Assemble system matrix ...
17:43 DiffusionOperatorP1: Calulate gradients of shape functions transformed by reference map ...
17:43 DiffusionOperatorP1: Calculate all local scalar products beween gradients ...
17:43 DiffusionOperatorP1: Determine global dofs ...
17:43 DiffusionOperatorP1: Boundary treatment ...
17:43 DiffusionOperatorP1: Assemble system matrix ...
17:43 DiffusionOperatorP1: Calulate gradients of shape functions transformed by reference map ...
17:43 DiffusionOperatorP1: Calculate all local scalar products beween gradients ...
17:43 DiffusionOperatorP1: Determine global dofs ...
17:43 DiffusionOperatorP1: Boundary treatment ...
17:43 DiffusionOperatorP1: Assemble system matrix ...
17:43 DiffusionOperatorP1: Calulate gradients of shape functions transformed by reference map ...
17:43 DiffusionOperatorP1: Calculate all local scalar products beween gradients ...
17:43 DiffusionOperatorP1: Determine global dofs ...
17:43 DiffusionOperatorP1: Boundary treatment ...
17:43 DiffusionOperatorP1: Assemble system matrix ...
17:43 DiffusionOperatorP1: Calulate gradients of shape functions transformed by reference map ...
17:43 DiffusionOperatorP1: Calculate all local scalar products beween gradients ...
17:43 DiffusionOperatorP1: Determine global dofs ...
17:43 DiffusionOperatorP1: Boundary treatment ...
17:43 DiffusionOperatorP1: Assemble system matrix ...
17:43 L2ProductP1: Integrate the products of the shape functions on each element
17:43 L2ProductP1: Determine global dofs ...
17:43 L2ProductP1: Boundary treatment ...
17:43 L2ProductP1: Assemble system matrix ...
17:43 DiffusionOperatorP1: Calulate gradients of shape functions transformed by reference map ...
17:43 DiffusionOperatorP1: Calculate all local scalar products beween gradients ...
17:43 DiffusionOperatorP1: Determine global dofs ...
17:43 DiffusionOperatorP1: Boundary treatment ...
17:43 DiffusionOperatorP1: Assemble system matrix ...
17:43 L2ProductP1: Integrate the products of the shape functions on each element
17:43 L2ProductP1: Determine global dofs ...
17:43 L2ProductP1: Boundary treatment ...
17:43 L2ProductP1: Assemble system matrix ...
17:43 DiffusionOperatorP1: Calulate gradients of shape functions transformed by reference map ...
17:43 DiffusionOperatorP1: Calculate all local scalar products beween gradients ...
17:43 DiffusionOperatorP1: Determine global dofs ...
17:43 DiffusionOperatorP1: Boundary treatment ...
17:43 DiffusionOperatorP1: Assemble system matrix ...
</system-err></testcase><testcase classname="src.pymortests.algorithms.basic" file="src/pymortests/algorithms/basic.py" line="104" name="test_almost_equal_self_product[&lt;lambda&gt;23]" time="0.28107452392578125"><system-err>17:44 DiffusionOperatorP1: Calulate gradients of shape functions transformed by reference map ...
17:44 DiffusionOperatorP1: Calculate all local scalar products beween gradients ...
17:44 DiffusionOperatorP1: Determine global dofs ...
17:44 DiffusionOperatorP1: Boundary treatment ...
17:44 DiffusionOperatorP1: Assemble system matrix ...
17:44 DiffusionOperatorP1: Calulate gradients of shape functions transformed by reference map ...
17:44 DiffusionOperatorP1: Calculate all local scalar products beween gradients ...
17:44 DiffusionOperatorP1: Determine global dofs ...
17:44 DiffusionOperatorP1: Boundary treatment ...
17:44 DiffusionOperatorP1: Assemble system matrix ...
17:44 L2ProductP1: Integrate the products of the shape functions on each element
17:44 L2ProductP1: Determine global dofs ...
17:44 L2ProductP1: Boundary treatment ...
17:44 L2ProductP1: Assemble system matrix ...
17:44 DiffusionOperatorP1: Calulate gradients of shape functions transformed by reference map ...
17:44 DiffusionOperatorP1: Calculate all local scalar products beween gradients ...
17:44 DiffusionOperatorP1: Determine global dofs ...
17:44 DiffusionOperatorP1: Boundary treatment ...
17:44 DiffusionOperatorP1: Assemble system matrix ...
17:44 L2ProductP1: Integrate the products of the shape functions on each element
17:44 L2ProductP1: Determine global dofs ...
17:44 L2ProductP1: Boundary treatment ...
17:44 L2ProductP1: Assemble system matrix ...
17:44 DiffusionOperatorP1: Calulate gradients of shape functions transformed by reference map ...
17:44 DiffusionOperatorP1: Calculate all local scalar products beween gradients ...
17:44 DiffusionOperatorP1: Determine global dofs ...
17:44 DiffusionOperatorP1: Boundary treatment ...
17:44 DiffusionOperatorP1: Assemble system matrix ...
</system-err></testcase><testcase classname="src.pymortests.algorithms.basic" file="src/pymortests/algorithms/basic.py" line="104" name="test_almost_equal_self_product[&lt;lambda&gt;24]" time="0.2760136127471924"></testcase><testcase classname="src.pymortests.algorithms.basic" file="src/pymortests/algorithms/basic.py" line="104" name="test_almost_equal_self_product[&lt;lambda&gt;25]" time="0.2702007293701172"></testcase><testcase classname="src.pymortests.algorithms.basic" file="src/pymortests/algorithms/basic.py" line="104" name="test_almost_equal_self_product[&lt;lambda&gt;26]" time="0.26998376846313477"></testcase><testcase classname="src.pymortests.algorithms.basic" file="src/pymortests/algorithms/basic.py" line="104" name="test_almost_equal_self_product[&lt;lambda&gt;27]" time="0.23672914505004883"></testcase><testcase classname="src.pymortests.algorithms.basic" file="src/pymortests/algorithms/basic.py" line="104" name="test_almost_equal_self_product[&lt;lambda&gt;28]" time="0.21924996376037598"></testcase><testcase classname="src.pymortests.algorithms.basic" file="src/pymortests/algorithms/basic.py" line="104" name="test_almost_equal_self_product[&lt;lambda&gt;29]" time="0.2277059555053711"></testcase><testcase classname="src.pymortests.algorithms.basic" file="src/pymortests/algorithms/basic.py" line="104" name="test_almost_equal_self_product[&lt;lambda&gt;30]" time="0.22921228408813477"></testcase><testcase classname="src.pymortests.algorithms.basic" file="src/pymortests/algorithms/basic.py" line="104" name="test_almost_equal_self_product[&lt;lambda&gt;31]" time="0.2330167293548584"></testcase><testcase classname="src.pymortests.algorithms.basic" file="src/pymortests/algorithms/basic.py" line="104" name="test_almost_equal_self_product[&lt;lambda&gt;32]" time="0.7783513069152832"></testcase><testcase classname="src.pymortests.algorithms.basic" file="src/pymortests/algorithms/basic.py" line="104" name="test_almost_equal_self_product[&lt;lambda&gt;33]" time="0.5932555198669434"></testcase><testcase classname="src.pymortests.algorithms.basic" file="src/pymortests/algorithms/basic.py" line="104" name="test_almost_equal_self_product[&lt;lambda&gt;34]" time="0.24187588691711426"></testcase><testcase classname="src.pymortests.algorithms.basic" file="src/pymortests/algorithms/basic.py" line="104" name="test_almost_equal_self_product[&lt;lambda&gt;35]" time="0.6206402778625488"></testcase><testcase classname="src.pymortests.algorithms.basic" file="src/pymortests/algorithms/basic.py" line="104" name="test_almost_equal_self_product[&lt;lambda&gt;36]" time="0.2839522361755371"></testcase><testcase classname="src.pymortests.algorithms.basic" file="src/pymortests/algorithms/basic.py" line="157" name="test_almost_equal_incompatible[&lt;lambda&gt;0]" time="0.004807710647583008"></testcase><testcase classname="src.pymortests.algorithms.basic" file="src/pymortests/algorithms/basic.py" line="157" name="test_almost_equal_incompatible[&lt;lambda&gt;1]" time="0.0019137859344482422"></testcase><testcase classname="src.pymortests.algorithms.basic" file="src/pymortests/algorithms/basic.py" line="157" name="test_almost_equal_incompatible[&lt;lambda&gt;2]" time="0.005833148956298828"></testcase><testcase classname="src.pymortests.algorithms.basic" file="src/pymortests/algorithms/basic.py" line="157" name="test_almost_equal_incompatible[&lt;lambda&gt;3]" time="0.004858732223510742"></testcase><testcase classname="src.pymortests.algorithms.basic" file="src/pymortests/algorithms/basic.py" line="157" name="test_almost_equal_incompatible[&lt;lambda&gt;4]" time="0.00513458251953125"></testcase><testcase classname="src.pymortests.algorithms.basic" file="src/pymortests/algorithms/basic.py" line="157" name="test_almost_equal_incompatible[&lt;lambda&gt;5]" time="0.002597332000732422"></testcase><testcase classname="src.pymortests.algorithms.basic" file="src/pymortests/algorithms/basic.py" line="157" name="test_almost_equal_incompatible[&lt;lambda&gt;6]" time="0.0013992786407470703"></testcase><testcase classname="src.pymortests.algorithms.basic" file="src/pymortests/algorithms/basic.py" line="157" name="test_almost_equal_incompatible[&lt;lambda&gt;7]" time="0.005724668502807617"></testcase><testcase classname="src.pymortests.algorithms.basic" file="src/pymortests/algorithms/basic.py" line="157" name="test_almost_equal_incompatible[&lt;lambda&gt;8]" time="0.012027263641357422"></testcase><testcase classname="src.pymortests.algorithms.basic" file="src/pymortests/algorithms/basic.py" line="157" name="test_almost_equal_incompatible[&lt;lambda&gt;9]" time="0.01871204376220703"></testcase><testcase classname="src.pymortests.algorithms.basic" file="src/pymortests/algorithms/basic.py" line="157" name="test_almost_equal_incompatible[&lt;lambda&gt;10]" time="0.006999492645263672"></testcase><testcase classname="src.pymortests.algorithms.basic" file="src/pymortests/algorithms/basic.py" line="157" name="test_almost_equal_incompatible[&lt;lambda&gt;11]" time="0.002048015594482422"></testcase><testcase classname="src.pymortests.algorithms.basic" file="src/pymortests/algorithms/basic.py" line="157" name="test_almost_equal_incompatible[&lt;lambda&gt;12]" time="0.01387166976928711"></testcase><testcase classname="src.pymortests.algorithms.basic" file="src/pymortests/algorithms/basic.py" line="157" name="test_almost_equal_incompatible[&lt;lambda&gt;13]" time="0.010348320007324219"></testcase><testcase classname="src.pymortests.algorithms.basic" file="src/pymortests/algorithms/basic.py" line="157" name="test_almost_equal_incompatible[&lt;lambda&gt;14]" time="0.012381553649902344"></testcase><testcase classname="src.pymortests.algorithms.basic" file="src/pymortests/algorithms/basic.py" line="157" name="test_almost_equal_incompatible[&lt;lambda&gt;15]" time="0.006836891174316406"></testcase><testcase classname="src.pymortests.algorithms.basic" file="src/pymortests/algorithms/basic.py" line="157" name="test_almost_equal_incompatible[&lt;lambda&gt;16]" time="0.0025205612182617188"></testcase><testcase classname="src.pymortests.algorithms.basic" file="src/pymortests/algorithms/basic.py" line="157" name="test_almost_equal_incompatible[&lt;lambda&gt;17]" time="0.010521411895751953"></testcase><testcase classname="src.pymortests.algorithms.basic" file="src/pymortests/algorithms/basic.py" line="157" name="test_almost_equal_incompatible[&lt;lambda&gt;18]" time="0.04379010200500488"></testcase><testcase classname="src.pymortests.algorithms.basic" file="src/pymortests/algorithms/basic.py" line="157" name="test_almost_equal_incompatible[&lt;lambda&gt;19]" time="0.04703950881958008"></testcase><testcase classname="src.pymortests.algorithms.basic" file="src/pymortests/algorithms/basic.py" line="157" name="test_almost_equal_incompatible[&lt;lambda&gt;20]" time="0.003629922866821289"></testcase><testcase classname="src.pymortests.algorithms.basic" file="src/pymortests/algorithms/basic.py" line="157" name="test_almost_equal_incompatible[&lt;lambda&gt;21]" time="0.002418041229248047"></testcase><testcase classname="src.pymortests.algorithms.basic" file="src/pymortests/algorithms/basic.py" line="157" name="test_almost_equal_incompatible[&lt;lambda&gt;22]" time="0.016600608825683594"></testcase><testcase classname="src.pymortests.algorithms.basic" file="src/pymortests/algorithms/basic.py" line="157" name="test_almost_equal_incompatible[&lt;lambda&gt;23]" time="0.12711739540100098"></testcase><testcase classname="src.pymortests.algorithms.basic" file="src/pymortests/algorithms/basic.py" line="157" name="test_almost_equal_incompatible[&lt;lambda&gt;24]" time="0.23172497749328613"></testcase><testcase classname="src.pymortests.algorithms.basic" file="src/pymortests/algorithms/basic.py" line="166" name="test_almost_equal_wrong_ind[compatible_vector_array_pair0-&lt;lambda&gt;0]" time="0.004199981689453125"></testcase><testcase classname="src.pymortests.algorithms.basic" file="src/pymortests/algorithms/basic.py" line="166" name="test_almost_equal_wrong_ind[compatible_vector_array_pair0-&lt;lambda&gt;1]" time="0.0028793811798095703"></testcase><testcase classname="src.pymortests.algorithms.basic" file="src/pymortests/algorithms/basic.py" line="166" name="test_almost_equal_wrong_ind[compatible_vector_array_pair0-&lt;lambda&gt;2]" time="0.004643678665161133"></testcase><testcase classname="src.pymortests.algorithms.basic" file="src/pymortests/algorithms/basic.py" line="166" name="test_almost_equal_wrong_ind[compatible_vector_array_pair0-&lt;lambda&gt;3]" time="0.007127523422241211"></testcase><testcase classname="src.pymortests.algorithms.basic" file="src/pymortests/algorithms/basic.py" line="166" name="test_almost_equal_wrong_ind[compatible_vector_array_pair0-&lt;lambda&gt;4]" time="0.006847381591796875"></testcase><testcase classname="src.pymortests.algorithms.basic" file="src/pymortests/algorithms/basic.py" line="166" name="test_almost_equal_wrong_ind[compatible_vector_array_pair0-&lt;lambda&gt;5]" time="0.004911184310913086"></testcase><testcase classname="src.pymortests.algorithms.basic" file="src/pymortests/algorithms/basic.py" line="166" name="test_almost_equal_wrong_ind[compatible_vector_array_pair0-&lt;lambda&gt;6]" time="0.0029189586639404297"></testcase><testcase classname="src.pymortests.algorithms.basic" file="src/pymortests/algorithms/basic.py" line="166" name="test_almost_equal_wrong_ind[compatible_vector_array_pair0-&lt;lambda&gt;7]" time="0.003197908401489258"></testcase><testcase classname="src.pymortests.algorithms.basic" file="src/pymortests/algorithms/basic.py" line="166" name="test_almost_equal_wrong_ind[compatible_vector_array_pair0-&lt;lambda&gt;8]" time="0.01743316650390625"></testcase><testcase classname="src.pymortests.algorithms.basic" file="src/pymortests/algorithms/basic.py" line="166" name="test_almost_equal_wrong_ind[compatible_vector_array_pair0-&lt;lambda&gt;9]" time="0.03142094612121582"></testcase><testcase classname="src.pymortests.algorithms.basic" file="src/pymortests/algorithms/basic.py" line="166" name="test_almost_equal_wrong_ind[compatible_vector_array_pair0-&lt;lambda&gt;10]" time="0.10646200180053711"></testcase><testcase classname="src.pymortests.algorithms.basic" file="src/pymortests/algorithms/basic.py" line="166" name="test_almost_equal_wrong_ind[compatible_vector_array_pair0-&lt;lambda&gt;11]" time="0.007310152053833008"></testcase><testcase classname="src.pymortests.algorithms.basic" file="src/pymortests/algorithms/basic.py" line="166" name="test_almost_equal_wrong_ind[compatible_vector_array_pair0-&lt;lambda&gt;12]" time="0.004759073257446289"></testcase><testcase classname="src.pymortests.algorithms.basic" file="src/pymortests/algorithms/basic.py" line="166" name="test_almost_equal_wrong_ind[compatible_vector_array_pair0-&lt;lambda&gt;13]" time="0.008215188980102539"></testcase><testcase classname="src.pymortests.algorithms.basic" file="src/pymortests/algorithms/basic.py" line="166" name="test_almost_equal_wrong_ind[compatible_vector_array_pair0-&lt;lambda&gt;14]" time="0.007044076919555664"></testcase><testcase classname="src.pymortests.algorithms.basic" file="src/pymortests/algorithms/basic.py" line="166" name="test_almost_equal_wrong_ind[compatible_vector_array_pair0-&lt;lambda&gt;15]" time="0.007921934127807617"></testcase><testcase classname="src.pymortests.algorithms.basic" file="src/pymortests/algorithms/basic.py" line="166" name="test_almost_equal_wrong_ind[compatible_vector_array_pair0-&lt;lambda&gt;16]" time="0.011649131774902344"></testcase><testcase classname="src.pymortests.algorithms.basic" file="src/pymortests/algorithms/basic.py" line="166" name="test_almost_equal_wrong_ind[compatible_vector_array_pair0-&lt;lambda&gt;17]" time="0.012123346328735352"></testcase><testcase classname="src.pymortests.algorithms.basic" file="src/pymortests/algorithms/basic.py" line="166" name="test_almost_equal_wrong_ind[compatible_vector_array_pair0-&lt;lambda&gt;18]" time="0.004708766937255859"></testcase><testcase classname="src.pymortests.algorithms.basic" file="src/pymortests/algorithms/basic.py" line="166" name="test_almost_equal_wrong_ind[compatible_vector_array_pair0-&lt;lambda&gt;19]" time="0.003849029541015625"></testcase><testcase classname="src.pymortests.algorithms.basic" file="src/pymortests/algorithms/basic.py" line="166" name="test_almost_equal_wrong_ind[compatible_vector_array_pair0-&lt;lambda&gt;20]" time="0.03895306587219238"></testcase><testcase classname="src.pymortests.algorithms.basic" file="src/pymortests/algorithms/basic.py" line="166" name="test_almost_equal_wrong_ind[compatible_vector_array_pair0-&lt;lambda&gt;21]" time="0.04230546951293945"></testcase><testcase classname="src.pymortests.algorithms.basic" file="src/pymortests/algorithms/basic.py" line="166" name="test_almost_equal_wrong_ind[compatible_vector_array_pair0-&lt;lambda&gt;22]" time="0.15070629119873047"></testcase><testcase classname="src.pymortests.algorithms.basic" file="src/pymortests/algorithms/basic.py" line="166" name="test_almost_equal_wrong_ind[compatible_vector_array_pair0-&lt;lambda&gt;23]" time="0.008380413055419922"></testcase><testcase classname="src.pymortests.algorithms.basic" file="src/pymortests/algorithms/basic.py" line="166" name="test_almost_equal_wrong_ind[compatible_vector_array_pair0-&lt;lambda&gt;24]" time="0.004184722900390625"></testcase><testcase classname="src.pymortests.algorithms.basic" file="src/pymortests/algorithms/basic.py" line="166" name="test_almost_equal_wrong_ind[compatible_vector_array_pair0-&lt;lambda&gt;25]" time="0.003979921340942383"></testcase><testcase classname="src.pymortests.algorithms.basic" file="src/pymortests/algorithms/basic.py" line="166" name="test_almost_equal_wrong_ind[compatible_vector_array_pair0-&lt;lambda&gt;26]" time="0.03525853157043457"></testcase><testcase classname="src.pymortests.algorithms.basic" file="src/pymortests/algorithms/basic.py" line="166" name="test_almost_equal_wrong_ind[compatible_vector_array_pair0-&lt;lambda&gt;27]" time="0.06947207450866699"></testcase><testcase classname="src.pymortests.algorithms.basic" file="src/pymortests/algorithms/basic.py" line="166" name="test_almost_equal_wrong_ind[compatible_vector_array_pair0-&lt;lambda&gt;28]" time="0.2131795883178711"></testcase><testcase classname="src.pymortests.algorithms.basic" file="src/pymortests/algorithms/basic.py" line="166" name="test_almost_equal_wrong_ind[compatible_vector_array_pair0-&lt;lambda&gt;29]" time="0.010828733444213867"></testcase><testcase classname="src.pymortests.algorithms.basic" file="src/pymortests/algorithms/basic.py" line="166" name="test_almost_equal_wrong_ind[compatible_vector_array_pair1-&lt;lambda&gt;0]" time="0.004330635070800781"></testcase><testcase classname="src.pymortests.algorithms.basic" file="src/pymortests/algorithms/basic.py" line="166" name="test_almost_equal_wrong_ind[compatible_vector_array_pair1-&lt;lambda&gt;1]" time="0.0030248165130615234"></testcase><testcase classname="src.pymortests.algorithms.basic" file="src/pymortests/algorithms/basic.py" line="166" name="test_almost_equal_wrong_ind[compatible_vector_array_pair1-&lt;lambda&gt;2]" time="0.004706859588623047"></testcase><testcase classname="src.pymortests.algorithms.basic" file="src/pymortests/algorithms/basic.py" line="166" name="test_almost_equal_wrong_ind[compatible_vector_array_pair1-&lt;lambda&gt;3]" time="0.006562709808349609"></testcase><testcase classname="src.pymortests.algorithms.basic" file="src/pymortests/algorithms/basic.py" line="166" name="test_almost_equal_wrong_ind[compatible_vector_array_pair1-&lt;lambda&gt;4]" time="0.006589174270629883"></testcase><testcase classname="src.pymortests.algorithms.basic" file="src/pymortests/algorithms/basic.py" line="166" name="test_almost_equal_wrong_ind[compatible_vector_array_pair1-&lt;lambda&gt;5]" time="0.004930257797241211"></testcase><testcase classname="src.pymortests.algorithms.basic" file="src/pymortests/algorithms/basic.py" line="166" name="test_almost_equal_wrong_ind[compatible_vector_array_pair1-&lt;lambda&gt;6]" time="0.0029592514038085938"></testcase><testcase classname="src.pymortests.algorithms.basic" file="src/pymortests/algorithms/basic.py" line="166" name="test_almost_equal_wrong_ind[compatible_vector_array_pair1-&lt;lambda&gt;7]" time="0.0031015872955322266"></testcase><testcase classname="src.pymortests.algorithms.basic" file="src/pymortests/algorithms/basic.py" line="166" name="test_almost_equal_wrong_ind[compatible_vector_array_pair1-&lt;lambda&gt;8]" time="0.016110658645629883"></testcase><testcase classname="src.pymortests.algorithms.basic" file="src/pymortests/algorithms/basic.py" line="166" name="test_almost_equal_wrong_ind[compatible_vector_array_pair1-&lt;lambda&gt;9]" time="0.03112173080444336"></testcase><testcase classname="src.pymortests.algorithms.basic" file="src/pymortests/algorithms/basic.py" line="166" name="test_almost_equal_wrong_ind[compatible_vector_array_pair1-&lt;lambda&gt;10]" time="0.11124086380004883"></testcase><testcase classname="src.pymortests.algorithms.basic" file="src/pymortests/algorithms/basic.py" line="166" name="test_almost_equal_wrong_ind[compatible_vector_array_pair1-&lt;lambda&gt;11]" time="0.007375478744506836"></testcase><testcase classname="src.pymortests.algorithms.basic" file="src/pymortests/algorithms/basic.py" line="166" name="test_almost_equal_wrong_ind[compatible_vector_array_pair1-&lt;lambda&gt;12]" time="0.005094051361083984"></testcase><testcase classname="src.pymortests.algorithms.basic" file="src/pymortests/algorithms/basic.py" line="166" name="test_almost_equal_wrong_ind[compatible_vector_array_pair1-&lt;lambda&gt;13]" time="0.009046316146850586"></testcase><testcase classname="src.pymortests.algorithms.basic" file="src/pymortests/algorithms/basic.py" line="166" name="test_almost_equal_wrong_ind[compatible_vector_array_pair1-&lt;lambda&gt;14]" time="0.00681304931640625"></testcase><testcase classname="src.pymortests.algorithms.basic" file="src/pymortests/algorithms/basic.py" line="166" name="test_almost_equal_wrong_ind[compatible_vector_array_pair1-&lt;lambda&gt;15]" time="0.008058786392211914"></testcase><testcase classname="src.pymortests.algorithms.basic" file="src/pymortests/algorithms/basic.py" line="166" name="test_almost_equal_wrong_ind[compatible_vector_array_pair1-&lt;lambda&gt;16]" time="0.011908769607543945"></testcase><testcase classname="src.pymortests.algorithms.basic" file="src/pymortests/algorithms/basic.py" line="166" name="test_almost_equal_wrong_ind[compatible_vector_array_pair1-&lt;lambda&gt;17]" time="0.014075517654418945"></testcase><testcase classname="src.pymortests.algorithms.basic" file="src/pymortests/algorithms/basic.py" line="166" name="test_almost_equal_wrong_ind[compatible_vector_array_pair1-&lt;lambda&gt;18]" time="0.005413532257080078"></testcase><testcase classname="src.pymortests.algorithms.basic" file="src/pymortests/algorithms/basic.py" line="166" name="test_almost_equal_wrong_ind[compatible_vector_array_pair1-&lt;lambda&gt;19]" time="0.004114389419555664"></testcase><testcase classname="src.pymortests.algorithms.basic" file="src/pymortests/algorithms/basic.py" line="166" name="test_almost_equal_wrong_ind[compatible_vector_array_pair1-&lt;lambda&gt;20]" time="0.041832923889160156"></testcase><testcase classname="src.pymortests.algorithms.basic" file="src/pymortests/algorithms/basic.py" line="166" name="test_almost_equal_wrong_ind[compatible_vector_array_pair1-&lt;lambda&gt;21]" time="0.04386782646179199"></testcase><testcase classname="src.pymortests.algorithms.basic" file="src/pymortests/algorithms/basic.py" line="166" name="test_almost_equal_wrong_ind[compatible_vector_array_pair1-&lt;lambda&gt;22]" time="0.14501237869262695"></testcase><testcase classname="src.pymortests.algorithms.basic" file="src/pymortests/algorithms/basic.py" line="166" name="test_almost_equal_wrong_ind[compatible_vector_array_pair1-&lt;lambda&gt;23]" time="0.008426427841186523"></testcase><testcase classname="src.pymortests.algorithms.basic" file="src/pymortests/algorithms/basic.py" line="166" name="test_almost_equal_wrong_ind[compatible_vector_array_pair1-&lt;lambda&gt;24]" time="0.00370025634765625"></testcase><testcase classname="src.pymortests.algorithms.basic" file="src/pymortests/algorithms/basic.py" line="166" name="test_almost_equal_wrong_ind[compatible_vector_array_pair1-&lt;lambda&gt;25]" time="0.004036664962768555"></testcase><testcase classname="src.pymortests.algorithms.basic" file="src/pymortests/algorithms/basic.py" line="166" name="test_almost_equal_wrong_ind[compatible_vector_array_pair1-&lt;lambda&gt;26]" time="0.036394596099853516"></testcase><testcase classname="src.pymortests.algorithms.basic" file="src/pymortests/algorithms/basic.py" line="166" name="test_almost_equal_wrong_ind[compatible_vector_array_pair1-&lt;lambda&gt;27]" time="0.061200857162475586"></testcase><testcase classname="src.pymortests.algorithms.basic" file="src/pymortests/algorithms/basic.py" line="166" name="test_almost_equal_wrong_ind[compatible_vector_array_pair1-&lt;lambda&gt;28]" time="0.21465849876403809"></testcase><testcase classname="src.pymortests.algorithms.basic" file="src/pymortests/algorithms/basic.py" line="166" name="test_almost_equal_wrong_ind[compatible_vector_array_pair1-&lt;lambda&gt;29]" time="0.010134220123291016"></testcase><testcase classname="src.pymortests.algorithms.basic" file="src/pymortests/algorithms/basic.py" line="166" name="test_almost_equal_wrong_ind[compatible_vector_array_pair2-&lt;lambda&gt;0]" time="0.004734992980957031"></testcase><testcase classname="src.pymortests.algorithms.basic" file="src/pymortests/algorithms/basic.py" line="166" name="test_almost_equal_wrong_ind[compatible_vector_array_pair2-&lt;lambda&gt;1]" time="0.002966165542602539"></testcase><testcase classname="src.pymortests.algorithms.basic" file="src/pymortests/algorithms/basic.py" line="166" name="test_almost_equal_wrong_ind[compatible_vector_array_pair2-&lt;lambda&gt;2]" time="0.00472712516784668"></testcase><testcase classname="src.pymortests.algorithms.basic" file="src/pymortests/algorithms/basic.py" line="166" name="test_almost_equal_wrong_ind[compatible_vector_array_pair2-&lt;lambda&gt;3]" time="0.006497383117675781"></testcase><testcase classname="src.pymortests.algorithms.basic" file="src/pymortests/algorithms/basic.py" line="166" name="test_almost_equal_wrong_ind[compatible_vector_array_pair2-&lt;lambda&gt;4]" time="0.006604909896850586"></testcase><testcase classname="src.pymortests.algorithms.basic" file="src/pymortests/algorithms/basic.py" line="166" name="test_almost_equal_wrong_ind[compatible_vector_array_pair2-&lt;lambda&gt;5]" time="0.004949092864990234"></testcase><testcase classname="src.pymortests.algorithms.basic" file="src/pymortests/algorithms/basic.py" line="166" name="test_almost_equal_wrong_ind[compatible_vector_array_pair2-&lt;lambda&gt;6]" time="0.0029904842376708984"></testcase><testcase classname="src.pymortests.algorithms.basic" file="src/pymortests/algorithms/basic.py" line="166" name="test_almost_equal_wrong_ind[compatible_vector_array_pair2-&lt;lambda&gt;7]" time="0.0031571388244628906"></testcase><testcase classname="src.pymortests.algorithms.basic" file="src/pymortests/algorithms/basic.py" line="166" name="test_almost_equal_wrong_ind[compatible_vector_array_pair2-&lt;lambda&gt;8]" time="0.015509843826293945"></testcase><testcase classname="src.pymortests.algorithms.basic" file="src/pymortests/algorithms/basic.py" line="166" name="test_almost_equal_wrong_ind[compatible_vector_array_pair2-&lt;lambda&gt;9]" time="0.03309440612792969"></testcase><testcase classname="src.pymortests.algorithms.basic" file="src/pymortests/algorithms/basic.py" line="166" name="test_almost_equal_wrong_ind[compatible_vector_array_pair2-&lt;lambda&gt;10]" time="0.11183714866638184"></testcase><testcase classname="src.pymortests.algorithms.basic" file="src/pymortests/algorithms/basic.py" line="166" name="test_almost_equal_wrong_ind[compatible_vector_array_pair2-&lt;lambda&gt;11]" time="0.007147073745727539"></testcase><testcase classname="src.pymortests.algorithms.basic" file="src/pymortests/algorithms/basic.py" line="166" name="test_almost_equal_wrong_ind[compatible_vector_array_pair2-&lt;lambda&gt;12]" time="0.0048274993896484375"></testcase><testcase classname="src.pymortests.algorithms.basic" file="src/pymortests/algorithms/basic.py" line="166" name="test_almost_equal_wrong_ind[compatible_vector_array_pair2-&lt;lambda&gt;13]" time="0.008487224578857422"></testcase><testcase classname="src.pymortests.algorithms.basic" file="src/pymortests/algorithms/basic.py" line="166" name="test_almost_equal_wrong_ind[compatible_vector_array_pair2-&lt;lambda&gt;14]" time="0.006756782531738281"></testcase><testcase classname="src.pymortests.algorithms.basic" file="src/pymortests/algorithms/basic.py" line="166" name="test_almost_equal_wrong_ind[compatible_vector_array_pair2-&lt;lambda&gt;15]" time="0.008057117462158203"></testcase><testcase classname="src.pymortests.algorithms.basic" file="src/pymortests/algorithms/basic.py" line="166" name="test_almost_equal_wrong_ind[compatible_vector_array_pair2-&lt;lambda&gt;16]" time="0.01189565658569336"></testcase><testcase classname="src.pymortests.algorithms.basic" file="src/pymortests/algorithms/basic.py" line="166" name="test_almost_equal_wrong_ind[compatible_vector_array_pair2-&lt;lambda&gt;17]" time="0.012068986892700195"></testcase><testcase classname="src.pymortests.algorithms.basic" file="src/pymortests/algorithms/basic.py" line="166" name="test_almost_equal_wrong_ind[compatible_vector_array_pair2-&lt;lambda&gt;18]" time="0.004884958267211914"></testcase><testcase classname="src.pymortests.algorithms.basic" file="src/pymortests/algorithms/basic.py" line="166" name="test_almost_equal_wrong_ind[compatible_vector_array_pair2-&lt;lambda&gt;19]" time="0.003933906555175781"></testcase><testcase classname="src.pymortests.algorithms.basic" file="src/pymortests/algorithms/basic.py" line="166" name="test_almost_equal_wrong_ind[compatible_vector_array_pair2-&lt;lambda&gt;20]" time="0.03924870491027832"></testcase><testcase classname="src.pymortests.algorithms.basic" file="src/pymortests/algorithms/basic.py" line="166" name="test_almost_equal_wrong_ind[compatible_vector_array_pair2-&lt;lambda&gt;21]" time="0.042264461517333984"></testcase><testcase classname="src.pymortests.algorithms.basic" file="src/pymortests/algorithms/basic.py" line="166" name="test_almost_equal_wrong_ind[compatible_vector_array_pair2-&lt;lambda&gt;22]" time="0.1445598602294922"></testcase><testcase classname="src.pymortests.algorithms.basic" file="src/pymortests/algorithms/basic.py" line="166" name="test_almost_equal_wrong_ind[compatible_vector_array_pair2-&lt;lambda&gt;23]" time="0.008751153945922852"></testcase><testcase classname="src.pymortests.algorithms.basic" file="src/pymortests/algorithms/basic.py" line="166" name="test_almost_equal_wrong_ind[compatible_vector_array_pair2-&lt;lambda&gt;24]" time="0.004152774810791016"></testcase><testcase classname="src.pymortests.algorithms.basic" file="src/pymortests/algorithms/basic.py" line="166" name="test_almost_equal_wrong_ind[compatible_vector_array_pair2-&lt;lambda&gt;25]" time="0.004039287567138672"></testcase><testcase classname="src.pymortests.algorithms.basic" file="src/pymortests/algorithms/basic.py" line="166" name="test_almost_equal_wrong_ind[compatible_vector_array_pair2-&lt;lambda&gt;26]" time="0.03611922264099121"></testcase><testcase classname="src.pymortests.algorithms.basic" file="src/pymortests/algorithms/basic.py" line="166" name="test_almost_equal_wrong_ind[compatible_vector_array_pair2-&lt;lambda&gt;27]" time="0.060416460037231445"></testcase><testcase classname="src.pymortests.algorithms.basic" file="src/pymortests/algorithms/basic.py" line="166" name="test_almost_equal_wrong_ind[compatible_vector_array_pair2-&lt;lambda&gt;28]" time="0.21816039085388184"></testcase><testcase classname="src.pymortests.algorithms.basic" file="src/pymortests/algorithms/basic.py" line="166" name="test_almost_equal_wrong_ind[compatible_vector_array_pair2-&lt;lambda&gt;29]" time="0.01701831817626953"></testcase><testcase classname="src.pymortests.algorithms.basic" file="src/pymortests/algorithms/basic.py" line="166" name="test_almost_equal_wrong_ind[compatible_vector_array_pair3-&lt;lambda&gt;0]" time="0.004438638687133789"></testcase><testcase classname="src.pymortests.algorithms.basic" file="src/pymortests/algorithms/basic.py" line="166" name="test_almost_equal_wrong_ind[compatible_vector_array_pair3-&lt;lambda&gt;1]" time="0.002955913543701172"></testcase><testcase classname="src.pymortests.algorithms.basic" file="src/pymortests/algorithms/basic.py" line="166" name="test_almost_equal_wrong_ind[compatible_vector_array_pair3-&lt;lambda&gt;2]" time="0.004627704620361328"></testcase><testcase classname="src.pymortests.algorithms.basic" file="src/pymortests/algorithms/basic.py" line="166" name="test_almost_equal_wrong_ind[compatible_vector_array_pair3-&lt;lambda&gt;3]" time="0.006403684616088867"></testcase><testcase classname="src.pymortests.algorithms.basic" file="src/pymortests/algorithms/basic.py" line="166" name="test_almost_equal_wrong_ind[compatible_vector_array_pair3-&lt;lambda&gt;4]" time="0.006591796875"></testcase><testcase classname="src.pymortests.algorithms.basic" file="src/pymortests/algorithms/basic.py" line="166" name="test_almost_equal_wrong_ind[compatible_vector_array_pair3-&lt;lambda&gt;5]" time="0.005844831466674805"></testcase><testcase classname="src.pymortests.algorithms.basic" file="src/pymortests/algorithms/basic.py" line="166" name="test_almost_equal_wrong_ind[compatible_vector_array_pair3-&lt;lambda&gt;6]" time="0.00301361083984375"></testcase><testcase classname="src.pymortests.algorithms.basic" file="src/pymortests/algorithms/basic.py" line="166" name="test_almost_equal_wrong_ind[compatible_vector_array_pair3-&lt;lambda&gt;7]" time="0.0030548572540283203"></testcase><testcase classname="src.pymortests.algorithms.basic" file="src/pymortests/algorithms/basic.py" line="166" name="test_almost_equal_wrong_ind[compatible_vector_array_pair3-&lt;lambda&gt;8]" time="0.01600480079650879"></testcase><testcase classname="src.pymortests.algorithms.basic" file="src/pymortests/algorithms/basic.py" line="166" name="test_almost_equal_wrong_ind[compatible_vector_array_pair3-&lt;lambda&gt;9]" time="0.03163909912109375"></testcase><testcase classname="src.pymortests.algorithms.basic" file="src/pymortests/algorithms/basic.py" line="166" name="test_almost_equal_wrong_ind[compatible_vector_array_pair3-&lt;lambda&gt;10]" time="0.10719966888427734"></testcase><testcase classname="src.pymortests.algorithms.basic" file="src/pymortests/algorithms/basic.py" line="166" name="test_almost_equal_wrong_ind[compatible_vector_array_pair3-&lt;lambda&gt;11]" time="0.007469654083251953"></testcase><testcase classname="src.pymortests.algorithms.basic" file="src/pymortests/algorithms/basic.py" line="166" name="test_almost_equal_wrong_ind[compatible_vector_array_pair3-&lt;lambda&gt;12]" time="0.0048754215240478516"></testcase><testcase classname="src.pymortests.algorithms.basic" file="src/pymortests/algorithms/basic.py" line="166" name="test_almost_equal_wrong_ind[compatible_vector_array_pair3-&lt;lambda&gt;13]" time="0.008393049240112305"></testcase><testcase classname="src.pymortests.algorithms.basic" file="src/pymortests/algorithms/basic.py" line="166" name="test_almost_equal_wrong_ind[compatible_vector_array_pair3-&lt;lambda&gt;14]" time="0.006818532943725586"></testcase><testcase classname="src.pymortests.algorithms.basic" file="src/pymortests/algorithms/basic.py" line="166" name="test_almost_equal_wrong_ind[compatible_vector_array_pair3-&lt;lambda&gt;15]" time="0.00843501091003418"></testcase><testcase classname="src.pymortests.algorithms.basic" file="src/pymortests/algorithms/basic.py" line="166" name="test_almost_equal_wrong_ind[compatible_vector_array_pair3-&lt;lambda&gt;16]" time="0.011926651000976562"></testcase><testcase classname="src.pymortests.algorithms.basic" file="src/pymortests/algorithms/basic.py" line="166" name="test_almost_equal_wrong_ind[compatible_vector_array_pair3-&lt;lambda&gt;17]" time="0.012200355529785156"></testcase><testcase classname="src.pymortests.algorithms.basic" file="src/pymortests/algorithms/basic.py" line="166" name="test_almost_equal_wrong_ind[compatible_vector_array_pair3-&lt;lambda&gt;18]" time="0.0048258304595947266"></testcase><testcase classname="src.pymortests.algorithms.basic" file="src/pymortests/algorithms/basic.py" line="166" name="test_almost_equal_wrong_ind[compatible_vector_array_pair3-&lt;lambda&gt;19]" time="0.003977537155151367"></testcase><testcase classname="src.pymortests.algorithms.basic" file="src/pymortests/algorithms/basic.py" line="166" name="test_almost_equal_wrong_ind[compatible_vector_array_pair3-&lt;lambda&gt;20]" time="0.0398104190826416"></testcase><testcase classname="src.pymortests.algorithms.basic" file="src/pymortests/algorithms/basic.py" line="166" name="test_almost_equal_wrong_ind[compatible_vector_array_pair3-&lt;lambda&gt;21]" time="0.04358553886413574"></testcase><testcase classname="src.pymortests.algorithms.basic" file="src/pymortests/algorithms/basic.py" line="166" name="test_almost_equal_wrong_ind[compatible_vector_array_pair3-&lt;lambda&gt;22]" time="0.1447293758392334"></testcase><testcase classname="src.pymortests.algorithms.basic" file="src/pymortests/algorithms/basic.py" line="166" name="test_almost_equal_wrong_ind[compatible_vector_array_pair3-&lt;lambda&gt;23]" time="0.008279561996459961"></testcase><testcase classname="src.pymortests.algorithms.basic" file="src/pymortests/algorithms/basic.py" line="166" name="test_almost_equal_wrong_ind[compatible_vector_array_pair3-&lt;lambda&gt;24]" time="0.0036194324493408203"></testcase><testcase classname="src.pymortests.algorithms.basic" file="src/pymortests/algorithms/basic.py" line="166" name="test_almost_equal_wrong_ind[compatible_vector_array_pair3-&lt;lambda&gt;25]" time="0.003929853439331055"></testcase><testcase classname="src.pymortests.algorithms.basic" file="src/pymortests/algorithms/basic.py" line="166" name="test_almost_equal_wrong_ind[compatible_vector_array_pair3-&lt;lambda&gt;26]" time="0.036684513092041016"></testcase><testcase classname="src.pymortests.algorithms.basic" file="src/pymortests/algorithms/basic.py" line="166" name="test_almost_equal_wrong_ind[compatible_vector_array_pair3-&lt;lambda&gt;27]" time="0.06033754348754883"></testcase><testcase classname="src.pymortests.algorithms.basic" file="src/pymortests/algorithms/basic.py" line="166" name="test_almost_equal_wrong_ind[compatible_vector_array_pair3-&lt;lambda&gt;28]" time="0.2117607593536377"></testcase><testcase classname="src.pymortests.algorithms.basic" file="src/pymortests/algorithms/basic.py" line="166" name="test_almost_equal_wrong_ind[compatible_vector_array_pair3-&lt;lambda&gt;29]" time="0.010427713394165039"></testcase><testcase classname="src.pymortests.algorithms.basic" file="src/pymortests/algorithms/basic.py" line="166" name="test_almost_equal_wrong_ind[compatible_vector_array_pair4-&lt;lambda&gt;0]" time="0.0044672489166259766"></testcase><testcase classname="src.pymortests.algorithms.basic" file="src/pymortests/algorithms/basic.py" line="166" name="test_almost_equal_wrong_ind[compatible_vector_array_pair4-&lt;lambda&gt;1]" time="0.0030596256256103516"></testcase><testcase classname="src.pymortests.algorithms.basic" file="src/pymortests/algorithms/basic.py" line="166" name="test_almost_equal_wrong_ind[compatible_vector_array_pair4-&lt;lambda&gt;2]" time="0.004690885543823242"></testcase><testcase classname="src.pymortests.algorithms.basic" file="src/pymortests/algorithms/basic.py" line="166" name="test_almost_equal_wrong_ind[compatible_vector_array_pair4-&lt;lambda&gt;3]" time="0.006502628326416016"></testcase><testcase classname="src.pymortests.algorithms.basic" file="src/pymortests/algorithms/basic.py" line="166" name="test_almost_equal_wrong_ind[compatible_vector_array_pair4-&lt;lambda&gt;4]" time="0.00706028938293457"></testcase><testcase classname="src.pymortests.algorithms.basic" file="src/pymortests/algorithms/basic.py" line="166" name="test_almost_equal_wrong_ind[compatible_vector_array_pair4-&lt;lambda&gt;5]" time="0.004957914352416992"></testcase><testcase classname="src.pymortests.algorithms.basic" file="src/pymortests/algorithms/basic.py" line="166" name="test_almost_equal_wrong_ind[compatible_vector_array_pair4-&lt;lambda&gt;6]" time="0.002998828887939453"></testcase><testcase classname="src.pymortests.algorithms.basic" file="src/pymortests/algorithms/basic.py" line="166" name="test_almost_equal_wrong_ind[compatible_vector_array_pair4-&lt;lambda&gt;7]" time="0.003100156784057617"></testcase><testcase classname="src.pymortests.algorithms.basic" file="src/pymortests/algorithms/basic.py" line="166" name="test_almost_equal_wrong_ind[compatible_vector_array_pair4-&lt;lambda&gt;8]" time="0.015486717224121094"></testcase><testcase classname="src.pymortests.algorithms.basic" file="src/pymortests/algorithms/basic.py" line="166" name="test_almost_equal_wrong_ind[compatible_vector_array_pair4-&lt;lambda&gt;9]" time="0.031291961669921875"></testcase><testcase classname="src.pymortests.algorithms.basic" file="src/pymortests/algorithms/basic.py" line="166" name="test_almost_equal_wrong_ind[compatible_vector_array_pair4-&lt;lambda&gt;10]" time="0.10693812370300293"></testcase><testcase classname="src.pymortests.algorithms.basic" file="src/pymortests/algorithms/basic.py" line="166" name="test_almost_equal_wrong_ind[compatible_vector_array_pair4-&lt;lambda&gt;11]" time="0.007123470306396484"></testcase><testcase classname="src.pymortests.algorithms.basic" file="src/pymortests/algorithms/basic.py" line="166" name="test_almost_equal_wrong_ind[compatible_vector_array_pair4-&lt;lambda&gt;12]" time="0.004944801330566406"></testcase><testcase classname="src.pymortests.algorithms.basic" file="src/pymortests/algorithms/basic.py" line="166" name="test_almost_equal_wrong_ind[compatible_vector_array_pair4-&lt;lambda&gt;13]" time="0.008745193481445312"></testcase><testcase classname="src.pymortests.algorithms.basic" file="src/pymortests/algorithms/basic.py" line="166" name="test_almost_equal_wrong_ind[compatible_vector_array_pair4-&lt;lambda&gt;14]" time="0.006699800491333008"></testcase><testcase classname="src.pymortests.algorithms.basic" file="src/pymortests/algorithms/basic.py" line="166" name="test_almost_equal_wrong_ind[compatible_vector_array_pair4-&lt;lambda&gt;15]" time="0.008062362670898438"></testcase><testcase classname="src.pymortests.algorithms.basic" file="src/pymortests/algorithms/basic.py" line="166" name="test_almost_equal_wrong_ind[compatible_vector_array_pair4-&lt;lambda&gt;16]" time="0.012027978897094727"></testcase><testcase classname="src.pymortests.algorithms.basic" file="src/pymortests/algorithms/basic.py" line="166" name="test_almost_equal_wrong_ind[compatible_vector_array_pair4-&lt;lambda&gt;17]" time="0.012843132019042969"></testcase><testcase classname="src.pymortests.algorithms.basic" file="src/pymortests/algorithms/basic.py" line="166" name="test_almost_equal_wrong_ind[compatible_vector_array_pair4-&lt;lambda&gt;18]" time="0.0047168731689453125"></testcase><testcase classname="src.pymortests.algorithms.basic" file="src/pymortests/algorithms/basic.py" line="166" name="test_almost_equal_wrong_ind[compatible_vector_array_pair4-&lt;lambda&gt;19]" time="0.0039556026458740234"></testcase><testcase classname="src.pymortests.algorithms.basic" file="src/pymortests/algorithms/basic.py" line="166" name="test_almost_equal_wrong_ind[compatible_vector_array_pair4-&lt;lambda&gt;20]" time="0.03998303413391113"></testcase><testcase classname="src.pymortests.algorithms.basic" file="src/pymortests/algorithms/basic.py" line="166" name="test_almost_equal_wrong_ind[compatible_vector_array_pair4-&lt;lambda&gt;21]" time="0.043121337890625"></testcase><testcase classname="src.pymortests.algorithms.basic" file="src/pymortests/algorithms/basic.py" line="166" name="test_almost_equal_wrong_ind[compatible_vector_array_pair4-&lt;lambda&gt;22]" time="0.14752674102783203"></testcase><testcase classname="src.pymortests.algorithms.basic" file="src/pymortests/algorithms/basic.py" line="166" name="test_almost_equal_wrong_ind[compatible_vector_array_pair4-&lt;lambda&gt;23]" time="0.008423328399658203"></testcase><testcase classname="src.pymortests.algorithms.basic" file="src/pymortests/algorithms/basic.py" line="166" name="test_almost_equal_wrong_ind[compatible_vector_array_pair4-&lt;lambda&gt;24]" time="0.004364013671875"></testcase><testcase classname="src.pymortests.algorithms.basic" file="src/pymortests/algorithms/basic.py" line="166" name="test_almost_equal_wrong_ind[compatible_vector_array_pair4-&lt;lambda&gt;25]" time="0.004019260406494141"></testcase><testcase classname="src.pymortests.algorithms.basic" file="src/pymortests/algorithms/basic.py" line="166" name="test_almost_equal_wrong_ind[compatible_vector_array_pair4-&lt;lambda&gt;26]" time="0.03670787811279297"></testcase><testcase classname="src.pymortests.algorithms.basic" file="src/pymortests/algorithms/basic.py" line="166" name="test_almost_equal_wrong_ind[compatible_vector_array_pair4-&lt;lambda&gt;27]" time="0.059702157974243164"></testcase><testcase classname="src.pymortests.algorithms.basic" file="src/pymortests/algorithms/basic.py" line="166" name="test_almost_equal_wrong_ind[compatible_vector_array_pair4-&lt;lambda&gt;28]" time="0.21477103233337402"></testcase><testcase classname="src.pymortests.algorithms.basic" file="src/pymortests/algorithms/basic.py" line="166" name="test_almost_equal_wrong_ind[compatible_vector_array_pair4-&lt;lambda&gt;29]" time="0.009972810745239258"></testcase><testcase classname="src.pymortests.algorithms.basic" file="src/pymortests/algorithms/basic.py" line="166" name="test_almost_equal_wrong_ind[compatible_vector_array_pair5-&lt;lambda&gt;0]" time="0.004480600357055664"></testcase><testcase classname="src.pymortests.algorithms.basic" file="src/pymortests/algorithms/basic.py" line="166" name="test_almost_equal_wrong_ind[compatible_vector_array_pair5-&lt;lambda&gt;1]" time="0.0029892921447753906"></testcase><testcase classname="src.pymortests.algorithms.basic" file="src/pymortests/algorithms/basic.py" line="166" name="test_almost_equal_wrong_ind[compatible_vector_array_pair5-&lt;lambda&gt;2]" time="0.004844188690185547"></testcase><testcase classname="src.pymortests.algorithms.basic" file="src/pymortests/algorithms/basic.py" line="166" name="test_almost_equal_wrong_ind[compatible_vector_array_pair5-&lt;lambda&gt;3]" time="0.006535530090332031"></testcase><testcase classname="src.pymortests.algorithms.basic" file="src/pymortests/algorithms/basic.py" line="166" name="test_almost_equal_wrong_ind[compatible_vector_array_pair5-&lt;lambda&gt;4]" time="0.006661176681518555"></testcase><testcase classname="src.pymortests.algorithms.basic" file="src/pymortests/algorithms/basic.py" line="166" name="test_almost_equal_wrong_ind[compatible_vector_array_pair5-&lt;lambda&gt;5]" time="0.0049893856048583984"></testcase><testcase classname="src.pymortests.algorithms.basic" file="src/pymortests/algorithms/basic.py" line="166" name="test_almost_equal_wrong_ind[compatible_vector_array_pair5-&lt;lambda&gt;6]" time="0.003056049346923828"></testcase><testcase classname="src.pymortests.algorithms.basic" file="src/pymortests/algorithms/basic.py" line="166" name="test_almost_equal_wrong_ind[compatible_vector_array_pair5-&lt;lambda&gt;7]" time="0.0031201839447021484"></testcase><testcase classname="src.pymortests.algorithms.basic" file="src/pymortests/algorithms/basic.py" line="166" name="test_almost_equal_wrong_ind[compatible_vector_array_pair5-&lt;lambda&gt;8]" time="0.015558481216430664"></testcase><testcase classname="src.pymortests.algorithms.basic" file="src/pymortests/algorithms/basic.py" line="166" name="test_almost_equal_wrong_ind[compatible_vector_array_pair5-&lt;lambda&gt;9]" time="0.03807878494262695"></testcase><testcase classname="src.pymortests.algorithms.basic" file="src/pymortests/algorithms/basic.py" line="166" name="test_almost_equal_wrong_ind[compatible_vector_array_pair5-&lt;lambda&gt;10]" time="0.1101522445678711"></testcase><testcase classname="src.pymortests.algorithms.basic" file="src/pymortests/algorithms/basic.py" line="166" name="test_almost_equal_wrong_ind[compatible_vector_array_pair5-&lt;lambda&gt;11]" time="0.007120370864868164"></testcase><testcase classname="src.pymortests.algorithms.basic" file="src/pymortests/algorithms/basic.py" line="166" name="test_almost_equal_wrong_ind[compatible_vector_array_pair5-&lt;lambda&gt;12]" time="0.0050046443939208984"></testcase><testcase classname="src.pymortests.algorithms.basic" file="src/pymortests/algorithms/basic.py" line="166" name="test_almost_equal_wrong_ind[compatible_vector_array_pair5-&lt;lambda&gt;13]" time="0.008624792098999023"></testcase><testcase classname="src.pymortests.algorithms.basic" file="src/pymortests/algorithms/basic.py" line="166" name="test_almost_equal_wrong_ind[compatible_vector_array_pair5-&lt;lambda&gt;14]" time="0.007805824279785156"></testcase><testcase classname="src.pymortests.algorithms.basic" file="src/pymortests/algorithms/basic.py" line="166" name="test_almost_equal_wrong_ind[compatible_vector_array_pair5-&lt;lambda&gt;15]" time="0.008177518844604492"></testcase><testcase classname="src.pymortests.algorithms.basic" file="src/pymortests/algorithms/basic.py" line="166" name="test_almost_equal_wrong_ind[compatible_vector_array_pair5-&lt;lambda&gt;16]" time="0.013983488082885742"></testcase><testcase classname="src.pymortests.algorithms.basic" file="src/pymortests/algorithms/basic.py" line="166" name="test_almost_equal_wrong_ind[compatible_vector_array_pair5-&lt;lambda&gt;17]" time="0.013422489166259766"></testcase><testcase classname="src.pymortests.algorithms.basic" file="src/pymortests/algorithms/basic.py" line="166" name="test_almost_equal_wrong_ind[compatible_vector_array_pair5-&lt;lambda&gt;18]" time="0.005079746246337891"></testcase><testcase classname="src.pymortests.algorithms.basic" file="src/pymortests/algorithms/basic.py" line="166" name="test_almost_equal_wrong_ind[compatible_vector_array_pair5-&lt;lambda&gt;19]" time="0.003938198089599609"></testcase><testcase classname="src.pymortests.algorithms.basic" file="src/pymortests/algorithms/basic.py" line="166" name="test_almost_equal_wrong_ind[compatible_vector_array_pair5-&lt;lambda&gt;20]" time="0.03999614715576172"></testcase><testcase classname="src.pymortests.algorithms.basic" file="src/pymortests/algorithms/basic.py" line="166" name="test_almost_equal_wrong_ind[compatible_vector_array_pair5-&lt;lambda&gt;21]" time="0.04534173011779785"></testcase><testcase classname="src.pymortests.algorithms.basic" file="src/pymortests/algorithms/basic.py" line="166" name="test_almost_equal_wrong_ind[compatible_vector_array_pair5-&lt;lambda&gt;22]" time="0.14537930488586426"></testcase><testcase classname="src.pymortests.algorithms.basic" file="src/pymortests/algorithms/basic.py" line="166" name="test_almost_equal_wrong_ind[compatible_vector_array_pair5-&lt;lambda&gt;23]" time="0.008169889450073242"></testcase><testcase classname="src.pymortests.algorithms.basic" file="src/pymortests/algorithms/basic.py" line="166" name="test_almost_equal_wrong_ind[compatible_vector_array_pair5-&lt;lambda&gt;24]" time="0.004056215286254883"></testcase><testcase classname="src.pymortests.algorithms.basic" file="src/pymortests/algorithms/basic.py" line="166" name="test_almost_equal_wrong_ind[compatible_vector_array_pair5-&lt;lambda&gt;25]" time="0.004103899002075195"></testcase><testcase classname="src.pymortests.algorithms.basic" file="src/pymortests/algorithms/basic.py" line="166" name="test_almost_equal_wrong_ind[compatible_vector_array_pair5-&lt;lambda&gt;26]" time="0.03559684753417969"></testcase><testcase classname="src.pymortests.algorithms.basic" file="src/pymortests/algorithms/basic.py" line="166" name="test_almost_equal_wrong_ind[compatible_vector_array_pair5-&lt;lambda&gt;27]" time="0.06283068656921387"></testcase><testcase classname="src.pymortests.algorithms.basic" file="src/pymortests/algorithms/basic.py" line="166" name="test_almost_equal_wrong_ind[compatible_vector_array_pair5-&lt;lambda&gt;28]" time="0.21263813972473145"></testcase><testcase classname="src.pymortests.algorithms.basic" file="src/pymortests/algorithms/basic.py" line="166" name="test_almost_equal_wrong_ind[compatible_vector_array_pair5-&lt;lambda&gt;29]" time="0.010172128677368164"></testcase><testcase classname="src.pymortests.algorithms.basic" file="src/pymortests/algorithms/basic.py" line="166" name="test_almost_equal_wrong_ind[compatible_vector_array_pair6-&lt;lambda&gt;0]" time="0.004621982574462891"></testcase><testcase classname="src.pymortests.algorithms.basic" file="src/pymortests/algorithms/basic.py" line="166" name="test_almost_equal_wrong_ind[compatible_vector_array_pair6-&lt;lambda&gt;1]" time="0.0029261112213134766"></testcase><testcase classname="src.pymortests.algorithms.basic" file="src/pymortests/algorithms/basic.py" line="166" name="test_almost_equal_wrong_ind[compatible_vector_array_pair6-&lt;lambda&gt;2]" time="0.004690408706665039"></testcase><testcase classname="src.pymortests.algorithms.basic" file="src/pymortests/algorithms/basic.py" line="166" name="test_almost_equal_wrong_ind[compatible_vector_array_pair6-&lt;lambda&gt;3]" time="0.0064084529876708984"></testcase><testcase classname="src.pymortests.algorithms.basic" file="src/pymortests/algorithms/basic.py" line="166" name="test_almost_equal_wrong_ind[compatible_vector_array_pair6-&lt;lambda&gt;4]" time="0.006495475769042969"></testcase><testcase classname="src.pymortests.algorithms.basic" file="src/pymortests/algorithms/basic.py" line="166" name="test_almost_equal_wrong_ind[compatible_vector_array_pair6-&lt;lambda&gt;5]" time="0.004896640777587891"></testcase><testcase classname="src.pymortests.algorithms.basic" file="src/pymortests/algorithms/basic.py" line="166" name="test_almost_equal_wrong_ind[compatible_vector_array_pair6-&lt;lambda&gt;6]" time="0.0029113292694091797"></testcase><testcase classname="src.pymortests.algorithms.basic" file="src/pymortests/algorithms/basic.py" line="166" name="test_almost_equal_wrong_ind[compatible_vector_array_pair6-&lt;lambda&gt;7]" time="0.003098726272583008"></testcase><testcase classname="src.pymortests.algorithms.basic" file="src/pymortests/algorithms/basic.py" line="166" name="test_almost_equal_wrong_ind[compatible_vector_array_pair6-&lt;lambda&gt;8]" time="0.01569819450378418"></testcase><testcase classname="src.pymortests.algorithms.basic" file="src/pymortests/algorithms/basic.py" line="166" name="test_almost_equal_wrong_ind[compatible_vector_array_pair6-&lt;lambda&gt;9]" time="0.03222346305847168"></testcase><testcase classname="src.pymortests.algorithms.basic" file="src/pymortests/algorithms/basic.py" line="166" name="test_almost_equal_wrong_ind[compatible_vector_array_pair6-&lt;lambda&gt;10]" time="0.10680866241455078"></testcase><testcase classname="src.pymortests.algorithms.basic" file="src/pymortests/algorithms/basic.py" line="166" name="test_almost_equal_wrong_ind[compatible_vector_array_pair6-&lt;lambda&gt;11]" time="0.00725245475769043"></testcase><testcase classname="src.pymortests.algorithms.basic" file="src/pymortests/algorithms/basic.py" line="166" name="test_almost_equal_wrong_ind[compatible_vector_array_pair6-&lt;lambda&gt;12]" time="0.004795551300048828"></testcase><testcase classname="src.pymortests.algorithms.basic" file="src/pymortests/algorithms/basic.py" line="166" name="test_almost_equal_wrong_ind[compatible_vector_array_pair6-&lt;lambda&gt;13]" time="0.009393453598022461"></testcase><testcase classname="src.pymortests.algorithms.basic" file="src/pymortests/algorithms/basic.py" line="166" name="test_almost_equal_wrong_ind[compatible_vector_array_pair6-&lt;lambda&gt;14]" time="0.008153676986694336"></testcase><testcase classname="src.pymortests.algorithms.basic" file="src/pymortests/algorithms/basic.py" line="166" name="test_almost_equal_wrong_ind[compatible_vector_array_pair6-&lt;lambda&gt;15]" time="0.008502483367919922"></testcase><testcase classname="src.pymortests.algorithms.basic" file="src/pymortests/algorithms/basic.py" line="166" name="test_almost_equal_wrong_ind[compatible_vector_array_pair6-&lt;lambda&gt;16]" time="0.012662887573242188"></testcase><testcase classname="src.pymortests.algorithms.basic" file="src/pymortests/algorithms/basic.py" line="166" name="test_almost_equal_wrong_ind[compatible_vector_array_pair6-&lt;lambda&gt;17]" time="0.012100696563720703"></testcase><testcase classname="src.pymortests.algorithms.basic" file="src/pymortests/algorithms/basic.py" line="166" name="test_almost_equal_wrong_ind[compatible_vector_array_pair6-&lt;lambda&gt;18]" time="0.00478672981262207"></testcase><testcase classname="src.pymortests.algorithms.basic" file="src/pymortests/algorithms/basic.py" line="166" name="test_almost_equal_wrong_ind[compatible_vector_array_pair6-&lt;lambda&gt;19]" time="0.004057884216308594"></testcase><testcase classname="src.pymortests.algorithms.basic" file="src/pymortests/algorithms/basic.py" line="166" name="test_almost_equal_wrong_ind[compatible_vector_array_pair6-&lt;lambda&gt;20]" time="0.03996610641479492"></testcase><testcase classname="src.pymortests.algorithms.basic" file="src/pymortests/algorithms/basic.py" line="166" name="test_almost_equal_wrong_ind[compatible_vector_array_pair6-&lt;lambda&gt;21]" time="0.042855262756347656"></testcase><testcase classname="src.pymortests.algorithms.basic" file="src/pymortests/algorithms/basic.py" line="166" name="test_almost_equal_wrong_ind[compatible_vector_array_pair6-&lt;lambda&gt;22]" time="0.1438920497894287"></testcase><testcase classname="src.pymortests.algorithms.basic" file="src/pymortests/algorithms/basic.py" line="166" name="test_almost_equal_wrong_ind[compatible_vector_array_pair6-&lt;lambda&gt;23]" time="0.008316516876220703"></testcase><testcase classname="src.pymortests.algorithms.basic" file="src/pymortests/algorithms/basic.py" line="166" name="test_almost_equal_wrong_ind[compatible_vector_array_pair6-&lt;lambda&gt;24]" time="0.0041658878326416016"></testcase><testcase classname="src.pymortests.algorithms.basic" file="src/pymortests/algorithms/basic.py" line="166" name="test_almost_equal_wrong_ind[compatible_vector_array_pair6-&lt;lambda&gt;25]" time="0.0040740966796875"></testcase><testcase classname="src.pymortests.algorithms.basic" file="src/pymortests/algorithms/basic.py" line="166" name="test_almost_equal_wrong_ind[compatible_vector_array_pair6-&lt;lambda&gt;26]" time="0.03579974174499512"></testcase><testcase classname="src.pymortests.algorithms.basic" file="src/pymortests/algorithms/basic.py" line="166" name="test_almost_equal_wrong_ind[compatible_vector_array_pair6-&lt;lambda&gt;27]" time="0.05954909324645996"></testcase><testcase classname="src.pymortests.algorithms.basic" file="src/pymortests/algorithms/basic.py" line="166" name="test_almost_equal_wrong_ind[compatible_vector_array_pair6-&lt;lambda&gt;28]" time="0.21263718605041504"></testcase><testcase classname="src.pymortests.algorithms.basic" file="src/pymortests/algorithms/basic.py" line="166" name="test_almost_equal_wrong_ind[compatible_vector_array_pair6-&lt;lambda&gt;29]" time="0.010149240493774414"></testcase><testcase classname="src.pymortests.algorithms.basic" file="src/pymortests/algorithms/basic.py" line="166" name="test_almost_equal_wrong_ind[compatible_vector_array_pair7-&lt;lambda&gt;0]" time="0.004671812057495117"></testcase><testcase classname="src.pymortests.algorithms.basic" file="src/pymortests/algorithms/basic.py" line="166" name="test_almost_equal_wrong_ind[compatible_vector_array_pair7-&lt;lambda&gt;1]" time="0.0030460357666015625"></testcase><testcase classname="src.pymortests.algorithms.basic" file="src/pymortests/algorithms/basic.py" line="166" name="test_almost_equal_wrong_ind[compatible_vector_array_pair7-&lt;lambda&gt;2]" time="0.004744291305541992"></testcase><testcase classname="src.pymortests.algorithms.basic" file="src/pymortests/algorithms/basic.py" line="166" name="test_almost_equal_wrong_ind[compatible_vector_array_pair7-&lt;lambda&gt;3]" time="0.006785869598388672"></testcase><testcase classname="src.pymortests.algorithms.basic" file="src/pymortests/algorithms/basic.py" line="166" name="test_almost_equal_wrong_ind[compatible_vector_array_pair7-&lt;lambda&gt;4]" time="0.006633281707763672"></testcase><testcase classname="src.pymortests.algorithms.basic" file="src/pymortests/algorithms/basic.py" line="166" name="test_almost_equal_wrong_ind[compatible_vector_array_pair7-&lt;lambda&gt;5]" time="0.004939556121826172"></testcase><testcase classname="src.pymortests.algorithms.basic" file="src/pymortests/algorithms/basic.py" line="166" name="test_almost_equal_wrong_ind[compatible_vector_array_pair7-&lt;lambda&gt;6]" time="0.003021240234375"></testcase><testcase classname="src.pymortests.algorithms.basic" file="src/pymortests/algorithms/basic.py" line="166" name="test_almost_equal_wrong_ind[compatible_vector_array_pair7-&lt;lambda&gt;7]" time="0.0030508041381835938"></testcase><testcase classname="src.pymortests.algorithms.basic" file="src/pymortests/algorithms/basic.py" line="166" name="test_almost_equal_wrong_ind[compatible_vector_array_pair7-&lt;lambda&gt;8]" time="0.0156402587890625"></testcase><testcase classname="src.pymortests.algorithms.basic" file="src/pymortests/algorithms/basic.py" line="166" name="test_almost_equal_wrong_ind[compatible_vector_array_pair7-&lt;lambda&gt;9]" time="0.03345990180969238"></testcase><testcase classname="src.pymortests.algorithms.basic" file="src/pymortests/algorithms/basic.py" line="166" name="test_almost_equal_wrong_ind[compatible_vector_array_pair7-&lt;lambda&gt;10]" time="0.11192679405212402"></testcase><testcase classname="src.pymortests.algorithms.basic" file="src/pymortests/algorithms/basic.py" line="166" name="test_almost_equal_wrong_ind[compatible_vector_array_pair7-&lt;lambda&gt;11]" time="0.007745265960693359"></testcase><testcase classname="src.pymortests.algorithms.basic" file="src/pymortests/algorithms/basic.py" line="166" name="test_almost_equal_wrong_ind[compatible_vector_array_pair7-&lt;lambda&gt;12]" time="0.00490880012512207"></testcase><testcase classname="src.pymortests.algorithms.basic" file="src/pymortests/algorithms/basic.py" line="166" name="test_almost_equal_wrong_ind[compatible_vector_array_pair7-&lt;lambda&gt;13]" time="0.008489370346069336"></testcase><testcase classname="src.pymortests.algorithms.basic" file="src/pymortests/algorithms/basic.py" line="166" name="test_almost_equal_wrong_ind[compatible_vector_array_pair7-&lt;lambda&gt;14]" time="0.006773233413696289"></testcase><testcase classname="src.pymortests.algorithms.basic" file="src/pymortests/algorithms/basic.py" line="166" name="test_almost_equal_wrong_ind[compatible_vector_array_pair7-&lt;lambda&gt;15]" time="0.008085489273071289"></testcase><testcase classname="src.pymortests.algorithms.basic" file="src/pymortests/algorithms/basic.py" line="166" name="test_almost_equal_wrong_ind[compatible_vector_array_pair7-&lt;lambda&gt;16]" time="0.012217998504638672"></testcase><testcase classname="src.pymortests.algorithms.basic" file="src/pymortests/algorithms/basic.py" line="166" name="test_almost_equal_wrong_ind[compatible_vector_array_pair7-&lt;lambda&gt;17]" time="0.013529539108276367"></testcase><testcase classname="src.pymortests.algorithms.basic" file="src/pymortests/algorithms/basic.py" line="166" name="test_almost_equal_wrong_ind[compatible_vector_array_pair7-&lt;lambda&gt;18]" time="0.004731178283691406"></testcase><testcase classname="src.pymortests.algorithms.basic" file="src/pymortests/algorithms/basic.py" line="166" name="test_almost_equal_wrong_ind[compatible_vector_array_pair7-&lt;lambda&gt;19]" time="0.003976106643676758"></testcase><testcase classname="src.pymortests.algorithms.basic" file="src/pymortests/algorithms/basic.py" line="166" name="test_almost_equal_wrong_ind[compatible_vector_array_pair7-&lt;lambda&gt;20]" time="0.046515703201293945"></testcase><testcase classname="src.pymortests.algorithms.basic" file="src/pymortests/algorithms/basic.py" line="166" name="test_almost_equal_wrong_ind[compatible_vector_array_pair7-&lt;lambda&gt;21]" time="0.042444467544555664"></testcase><testcase classname="src.pymortests.algorithms.basic" file="src/pymortests/algorithms/basic.py" line="166" name="test_almost_equal_wrong_ind[compatible_vector_array_pair7-&lt;lambda&gt;22]" time="0.1501786708831787"></testcase><testcase classname="src.pymortests.algorithms.basic" file="src/pymortests/algorithms/basic.py" line="166" name="test_almost_equal_wrong_ind[compatible_vector_array_pair7-&lt;lambda&gt;23]" time="0.008154153823852539"></testcase><testcase classname="src.pymortests.algorithms.basic" file="src/pymortests/algorithms/basic.py" line="166" name="test_almost_equal_wrong_ind[compatible_vector_array_pair7-&lt;lambda&gt;24]" time="0.00418400764465332"></testcase><testcase classname="src.pymortests.algorithms.basic" file="src/pymortests/algorithms/basic.py" line="166" name="test_almost_equal_wrong_ind[compatible_vector_array_pair7-&lt;lambda&gt;25]" time="0.004003286361694336"></testcase><testcase classname="src.pymortests.algorithms.basic" file="src/pymortests/algorithms/basic.py" line="166" name="test_almost_equal_wrong_ind[compatible_vector_array_pair7-&lt;lambda&gt;26]" time="0.03618597984313965"></testcase><testcase classname="src.pymortests.algorithms.basic" file="src/pymortests/algorithms/basic.py" line="166" name="test_almost_equal_wrong_ind[compatible_vector_array_pair7-&lt;lambda&gt;27]" time="0.059422969818115234"></testcase><testcase classname="src.pymortests.algorithms.basic" file="src/pymortests/algorithms/basic.py" line="166" name="test_almost_equal_wrong_ind[compatible_vector_array_pair7-&lt;lambda&gt;28]" time="0.2106165885925293"></testcase><testcase classname="src.pymortests.algorithms.basic" file="src/pymortests/algorithms/basic.py" line="166" name="test_almost_equal_wrong_ind[compatible_vector_array_pair7-&lt;lambda&gt;29]" time="0.009919881820678711"></testcase><testcase classname="src.pymortests.algorithms.basic" file="src/pymortests/algorithms/basic.py" line="166" name="test_almost_equal_wrong_ind[compatible_vector_array_pair8-&lt;lambda&gt;0]" time="0.004618167877197266"></testcase><testcase classname="src.pymortests.algorithms.basic" file="src/pymortests/algorithms/basic.py" line="166" name="test_almost_equal_wrong_ind[compatible_vector_array_pair8-&lt;lambda&gt;1]" time="0.0030117034912109375"></testcase><testcase classname="src.pymortests.algorithms.basic" file="src/pymortests/algorithms/basic.py" line="166" name="test_almost_equal_wrong_ind[compatible_vector_array_pair8-&lt;lambda&gt;2]" time="0.004953861236572266"></testcase><testcase classname="src.pymortests.algorithms.basic" file="src/pymortests/algorithms/basic.py" line="166" name="test_almost_equal_wrong_ind[compatible_vector_array_pair8-&lt;lambda&gt;3]" time="0.006608486175537109"></testcase><testcase classname="src.pymortests.algorithms.basic" file="src/pymortests/algorithms/basic.py" line="166" name="test_almost_equal_wrong_ind[compatible_vector_array_pair8-&lt;lambda&gt;4]" time="0.006658315658569336"></testcase><testcase classname="src.pymortests.algorithms.basic" file="src/pymortests/algorithms/basic.py" line="166" name="test_almost_equal_wrong_ind[compatible_vector_array_pair8-&lt;lambda&gt;5]" time="0.004958629608154297"></testcase><testcase classname="src.pymortests.algorithms.basic" file="src/pymortests/algorithms/basic.py" line="166" name="test_almost_equal_wrong_ind[compatible_vector_array_pair8-&lt;lambda&gt;6]" time="0.003024578094482422"></testcase><testcase classname="src.pymortests.algorithms.basic" file="src/pymortests/algorithms/basic.py" line="166" name="test_almost_equal_wrong_ind[compatible_vector_array_pair8-&lt;lambda&gt;7]" time="0.003062725067138672"></testcase><testcase classname="src.pymortests.algorithms.basic" file="src/pymortests/algorithms/basic.py" line="166" name="test_almost_equal_wrong_ind[compatible_vector_array_pair8-&lt;lambda&gt;8]" time="0.01548910140991211"></testcase><testcase classname="src.pymortests.algorithms.basic" file="src/pymortests/algorithms/basic.py" line="166" name="test_almost_equal_wrong_ind[compatible_vector_array_pair8-&lt;lambda&gt;9]" time="0.031516313552856445"></testcase><testcase classname="src.pymortests.algorithms.basic" file="src/pymortests/algorithms/basic.py" line="166" name="test_almost_equal_wrong_ind[compatible_vector_array_pair8-&lt;lambda&gt;10]" time="0.10659313201904297"></testcase><testcase classname="src.pymortests.algorithms.basic" file="src/pymortests/algorithms/basic.py" line="166" name="test_almost_equal_wrong_ind[compatible_vector_array_pair8-&lt;lambda&gt;11]" time="0.006945610046386719"></testcase><testcase classname="src.pymortests.algorithms.basic" file="src/pymortests/algorithms/basic.py" line="166" name="test_almost_equal_wrong_ind[compatible_vector_array_pair8-&lt;lambda&gt;12]" time="0.0047986507415771484"></testcase><testcase classname="src.pymortests.algorithms.basic" file="src/pymortests/algorithms/basic.py" line="166" name="test_almost_equal_wrong_ind[compatible_vector_array_pair8-&lt;lambda&gt;13]" time="0.008392572402954102"></testcase><testcase classname="src.pymortests.algorithms.basic" file="src/pymortests/algorithms/basic.py" line="166" name="test_almost_equal_wrong_ind[compatible_vector_array_pair8-&lt;lambda&gt;14]" time="0.0066797733306884766"></testcase><testcase classname="src.pymortests.algorithms.basic" file="src/pymortests/algorithms/basic.py" line="166" name="test_almost_equal_wrong_ind[compatible_vector_array_pair8-&lt;lambda&gt;15]" time="0.008033990859985352"></testcase><testcase classname="src.pymortests.algorithms.basic" file="src/pymortests/algorithms/basic.py" line="166" name="test_almost_equal_wrong_ind[compatible_vector_array_pair8-&lt;lambda&gt;16]" time="0.012014150619506836"></testcase><testcase classname="src.pymortests.algorithms.basic" file="src/pymortests/algorithms/basic.py" line="166" name="test_almost_equal_wrong_ind[compatible_vector_array_pair8-&lt;lambda&gt;17]" time="0.012280702590942383"></testcase><testcase classname="src.pymortests.algorithms.basic" file="src/pymortests/algorithms/basic.py" line="166" name="test_almost_equal_wrong_ind[compatible_vector_array_pair8-&lt;lambda&gt;18]" time="0.004820585250854492"></testcase><testcase classname="src.pymortests.algorithms.basic" file="src/pymortests/algorithms/basic.py" line="166" name="test_almost_equal_wrong_ind[compatible_vector_array_pair8-&lt;lambda&gt;19]" time="0.0038537979125976562"></testcase><testcase classname="src.pymortests.algorithms.basic" file="src/pymortests/algorithms/basic.py" line="166" name="test_almost_equal_wrong_ind[compatible_vector_array_pair8-&lt;lambda&gt;20]" time="0.03892874717712402"></testcase><testcase classname="src.pymortests.algorithms.basic" file="src/pymortests/algorithms/basic.py" line="166" name="test_almost_equal_wrong_ind[compatible_vector_array_pair8-&lt;lambda&gt;21]" time="0.04243779182434082"></testcase><testcase classname="src.pymortests.algorithms.basic" file="src/pymortests/algorithms/basic.py" line="166" name="test_almost_equal_wrong_ind[compatible_vector_array_pair8-&lt;lambda&gt;22]" time="0.1442093849182129"></testcase><testcase classname="src.pymortests.algorithms.basic" file="src/pymortests/algorithms/basic.py" line="166" name="test_almost_equal_wrong_ind[compatible_vector_array_pair8-&lt;lambda&gt;23]" time="0.008648395538330078"></testcase><testcase classname="src.pymortests.algorithms.basic" file="src/pymortests/algorithms/basic.py" line="166" name="test_almost_equal_wrong_ind[compatible_vector_array_pair8-&lt;lambda&gt;24]" time="0.0029675960540771484"></testcase><testcase classname="src.pymortests.algorithms.basic" file="src/pymortests/algorithms/basic.py" line="166" name="test_almost_equal_wrong_ind[compatible_vector_array_pair8-&lt;lambda&gt;25]" time="0.003960371017456055"></testcase><testcase classname="src.pymortests.algorithms.basic" file="src/pymortests/algorithms/basic.py" line="166" name="test_almost_equal_wrong_ind[compatible_vector_array_pair8-&lt;lambda&gt;26]" time="0.03562474250793457"></testcase><testcase classname="src.pymortests.algorithms.basic" file="src/pymortests/algorithms/basic.py" line="166" name="test_almost_equal_wrong_ind[compatible_vector_array_pair8-&lt;lambda&gt;27]" time="0.05960583686828613"></testcase><testcase classname="src.pymortests.algorithms.basic" file="src/pymortests/algorithms/basic.py" line="166" name="test_almost_equal_wrong_ind[compatible_vector_array_pair8-&lt;lambda&gt;28]" time="0.2116227149963379"></testcase><testcase classname="src.pymortests.algorithms.basic" file="src/pymortests/algorithms/basic.py" line="166" name="test_almost_equal_wrong_ind[compatible_vector_array_pair8-&lt;lambda&gt;29]" time="0.01033473014831543"></testcase><testcase classname="src.pymortests.algorithms.basic" file="src/pymortests/algorithms/basic.py" line="178" name="test_project_array" time="0.002846240997314453"></testcase><testcase classname="src.pymortests.algorithms.basic" file="src/pymortests/algorithms/basic.py" line="188" name="test_project_array_with_product" time="0.0025777816772460938"></testcase><testcase classname="src.pymortests.algorithms.gram_schmidt" file="src/pymortests/algorithms/gram_schmidt.py" line="12" name="test_gram_schmidt[0-&lt;lambda&gt;0]" time="0.0020737648010253906"></testcase><testcase classname="src.pymortests.algorithms.gram_schmidt" file="src/pymortests/algorithms/gram_schmidt.py" line="12" name="test_gram_schmidt[0-&lt;lambda&gt;1]" time="0.0018782615661621094"></testcase><testcase classname="src.pymortests.algorithms.gram_schmidt" file="src/pymortests/algorithms/gram_schmidt.py" line="12" name="test_gram_schmidt[0-&lt;lambda&gt;2]" time="0.0020461082458496094"></testcase><testcase classname="src.pymortests.algorithms.gram_schmidt" file="src/pymortests/algorithms/gram_schmidt.py" line="12" name="test_gram_schmidt[0-&lt;lambda&gt;3]" time="0.1011343002319336"><system-err>17:57 gram_schmidt: Orthonormalizing vector 31 again
17:57 gram_schmidt: Removing linear dependent vector 32
17:57 gram_schmidt: Removing linear dependent vector 33
17:57 gram_schmidt: Removing linear dependent vector 34
17:57 gram_schmidt: Removing linear dependent vector 35
17:57 gram_schmidt: Removing linear dependent vector 36
17:57 gram_schmidt: Removing linear dependent vector 37
17:57 gram_schmidt: Removing linear dependent vector 38
17:57 gram_schmidt: Removing linear dependent vector 39
17:57 gram_schmidt: Removing linear dependent vector 40
17:57 gram_schmidt: Removing linear dependent vector 41
17:57 gram_schmidt: Removing linear dependent vector 42
17:57 gram_schmidt: Orthonormalizing vector 31 again
17:57 gram_schmidt: Removing linear dependent vector 32
17:57 gram_schmidt: Removing linear dependent vector 33
17:57 gram_schmidt: Removing linear dependent vector 34
17:57 gram_schmidt: Removing linear dependent vector 35
17:57 gram_schmidt: Removing linear dependent vector 36
17:57 gram_schmidt: Removing linear dependent vector 37
17:57 gram_schmidt: Removing linear dependent vector 38
17:57 gram_schmidt: Removing linear dependent vector 39
17:57 gram_schmidt: Removing linear dependent vector 40
17:57 gram_schmidt: Removing linear dependent vector 41
17:57 gram_schmidt: Removing linear dependent vector 42
</system-err></testcase><testcase classname="src.pymortests.algorithms.gram_schmidt" file="src/pymortests/algorithms/gram_schmidt.py" line="12" name="test_gram_schmidt[0-&lt;lambda&gt;4]" time="0.021289348602294922"><system-err>17:57 gram_schmidt: Removing vector 0 of norm 0.0
17:57 gram_schmidt: Removing vector 1 of norm 0.0
17:57 gram_schmidt: Removing vector 2 of norm 0.0
17:57 gram_schmidt: Removing vector 3 of norm 0.0
17:57 gram_schmidt: Removing vector 4 of norm 0.0
17:57 gram_schmidt: Removing vector 5 of norm 0.0
17:57 gram_schmidt: Removing vector 6 of norm 0.0
17:57 gram_schmidt: Removing vector 7 of norm 0.0
17:57 gram_schmidt: Removing vector 8 of norm 0.0
17:57 gram_schmidt: Removing vector 9 of norm 0.0
17:57 gram_schmidt: Removing vector 10 of norm 0.0
17:57 gram_schmidt: Removing vector 11 of norm 0.0
17:57 gram_schmidt: Removing vector 12 of norm 0.0
17:57 gram_schmidt: Removing vector 13 of norm 0.0
17:57 gram_schmidt: Removing vector 14 of norm 0.0
17:57 gram_schmidt: Removing vector 15 of norm 0.0
17:57 gram_schmidt: Removing vector 16 of norm 0.0
17:57 gram_schmidt: Removing vector 17 of norm 0.0
17:57 gram_schmidt: Removing vector 18 of norm 0.0
17:57 gram_schmidt: Removing vector 19 of norm 0.0
17:57 gram_schmidt: Removing vector 20 of norm 0.0
17:57 gram_schmidt: Removing vector 21 of norm 0.0
17:57 gram_schmidt: Removing vector 22 of norm 0.0
17:57 gram_schmidt: Removing vector 23 of norm 0.0
17:57 gram_schmidt: Removing vector 24 of norm 0.0
17:57 gram_schmidt: Removing vector 25 of norm 0.0
17:57 gram_schmidt: Removing vector 26 of norm 0.0
17:57 gram_schmidt: Removing vector 27 of norm 0.0
17:57 gram_schmidt: Removing vector 28 of norm 0.0
17:57 gram_schmidt: Removing vector 29 of norm 0.0
17:57 gram_schmidt: Removing vector 30 of norm 0.0
17:57 gram_schmidt: Removing vector 31 of norm 0.0
17:57 gram_schmidt: Removing vector 32 of norm 0.0
17:57 gram_schmidt: Removing vector 33 of norm 0.0
17:57 gram_schmidt: Removing vector 34 of norm 0.0
17:57 gram_schmidt: Removing vector 35 of norm 0.0
17:57 gram_schmidt: Removing vector 36 of norm 0.0
17:57 gram_schmidt: Removing vector 37 of norm 0.0
17:57 gram_schmidt: Removing vector 38 of norm 0.0
17:57 gram_schmidt: Removing vector 39 of norm 0.0
17:57 gram_schmidt: Removing vector 40 of norm 0.0
17:57 gram_schmidt: Removing vector 41 of norm 0.0
17:57 gram_schmidt: Removing vector 42 of norm 0.0
17:57 gram_schmidt: Removing vector 43 of norm 0.0
17:57 gram_schmidt: Removing vector 44 of norm 0.0
17:57 gram_schmidt: Removing vector 45 of norm 0.0
17:57 gram_schmidt: Removing vector 46 of norm 0.0
17:57 gram_schmidt: Removing vector 47 of norm 0.0
17:57 gram_schmidt: Removing vector 48 of norm 0.0
17:57 gram_schmidt: Removing vector 49 of norm 0.0
17:57 gram_schmidt: Removing vector 50 of norm 0.0
17:57 gram_schmidt: Removing vector 51 of norm 0.0
17:57 gram_schmidt: Removing vector 52 of norm 0.0
17:57 gram_schmidt: Removing vector 53 of norm 0.0
17:57 gram_schmidt: Removing vector 54 of norm 0.0
17:57 gram_schmidt: Removing vector 55 of norm 0.0
17:57 gram_schmidt: Removing vector 56 of norm 0.0
17:57 gram_schmidt: Removing vector 57 of norm 0.0
17:57 gram_schmidt: Removing vector 58 of norm 0.0
17:57 gram_schmidt: Removing vector 59 of norm 0.0
17:57 gram_schmidt: Removing vector 60 of norm 0.0
17:57 gram_schmidt: Removing vector 61 of norm 0.0
17:57 gram_schmidt: Removing vector 62 of norm 0.0
17:57 gram_schmidt: Removing vector 63 of norm 0.0
17:57 gram_schmidt: Removing vector 64 of norm 0.0
17:57 gram_schmidt: Removing vector 65 of norm 0.0
17:57 gram_schmidt: Removing vector 66 of norm 0.0
17:57 gram_schmidt: Removing vector 67 of norm 0.0
17:57 gram_schmidt: Removing vector 68 of norm 0.0
17:57 gram_schmidt: Removing vector 69 of norm 0.0
17:57 gram_schmidt: Removing vector 70 of norm 0.0
17:57 gram_schmidt: Removing vector 71 of norm 0.0
17:57 gram_schmidt: Removing vector 72 of norm 0.0
17:57 gram_schmidt: Removing vector 73 of norm 0.0
17:57 gram_schmidt: Removing vector 74 of norm 0.0
17:57 gram_schmidt: Removing vector 75 of norm 0.0
17:57 gram_schmidt: Removing vector 76 of norm 0.0
17:57 gram_schmidt: Removing vector 77 of norm 0.0
17:57 gram_schmidt: Removing vector 78 of norm 0.0
17:57 gram_schmidt: Removing vector 79 of norm 0.0
17:57 gram_schmidt: Removing vector 80 of norm 0.0
17:57 gram_schmidt: Removing vector 81 of norm 0.0
17:57 gram_schmidt: Removing vector 82 of norm 0.0
17:57 gram_schmidt: Removing vector 83 of norm 0.0
17:57 gram_schmidt: Removing vector 84 of norm 0.0
17:57 gram_schmidt: Removing vector 85 of norm 0.0
17:57 gram_schmidt: Removing vector 86 of norm 0.0
17:57 gram_schmidt: Removing vector 87 of norm 0.0
17:57 gram_schmidt: Removing vector 88 of norm 0.0
17:57 gram_schmidt: Removing vector 89 of norm 0.0
17:57 gram_schmidt: Removing vector 90 of norm 0.0
17:57 gram_schmidt: Removing vector 91 of norm 0.0
17:57 gram_schmidt: Removing vector 92 of norm 0.0
17:57 gram_schmidt: Removing vector 93 of norm 0.0
17:57 gram_schmidt: Removing vector 94 of norm 0.0
17:57 gram_schmidt: Removing vector 95 of norm 0.0
17:57 gram_schmidt: Removing vector 96 of norm 0.0
17:57 gram_schmidt: Removing vector 97 of norm 0.0
17:57 gram_schmidt: Removing vector 98 of norm 0.0
17:57 gram_schmidt: Removing vector 99 of norm 0.0
17:57 gram_schmidt: Removing vector 100 of norm 0.0
17:57 gram_schmidt: Removing vector 101 of norm 0.0
17:57 gram_schmidt: Removing vector 0 of norm 0.0
17:57 gram_schmidt: Removing vector 1 of norm 0.0
17:57 gram_schmidt: Removing vector 2 of norm 0.0
17:57 gram_schmidt: Removing vector 3 of norm 0.0
17:57 gram_schmidt: Removing vector 4 of norm 0.0
17:57 gram_schmidt: Removing vector 5 of norm 0.0
17:57 gram_schmidt: Removing vector 6 of norm 0.0
17:57 gram_schmidt: Removing vector 7 of norm 0.0
17:57 gram_schmidt: Removing vector 8 of norm 0.0
17:57 gram_schmidt: Removing vector 9 of norm 0.0
17:57 gram_schmidt: Removing vector 10 of norm 0.0
17:57 gram_schmidt: Removing vector 11 of norm 0.0
17:57 gram_schmidt: Removing vector 12 of norm 0.0
17:57 gram_schmidt: Removing vector 13 of norm 0.0
17:57 gram_schmidt: Removing vector 14 of norm 0.0
17:57 gram_schmidt: Removing vector 15 of norm 0.0
17:57 gram_schmidt: Removing vector 16 of norm 0.0
17:57 gram_schmidt: Removing vector 17 of norm 0.0
17:57 gram_schmidt: Removing vector 18 of norm 0.0
17:57 gram_schmidt: Removing vector 19 of norm 0.0
17:57 gram_schmidt: Removing vector 20 of norm 0.0
17:57 gram_schmidt: Removing vector 21 of norm 0.0
17:57 gram_schmidt: Removing vector 22 of norm 0.0
17:57 gram_schmidt: Removing vector 23 of norm 0.0
17:57 gram_schmidt: Removing vector 24 of norm 0.0
17:57 gram_schmidt: Removing vector 25 of norm 0.0
17:57 gram_schmidt: Removing vector 26 of norm 0.0
17:57 gram_schmidt: Removing vector 27 of norm 0.0
17:57 gram_schmidt: Removing vector 28 of norm 0.0
17:57 gram_schmidt: Removing vector 29 of norm 0.0
17:57 gram_schmidt: Removing vector 30 of norm 0.0
17:57 gram_schmidt: Removing vector 31 of norm 0.0
17:57 gram_schmidt: Removing vector 32 of norm 0.0
17:57 gram_schmidt: Removing vector 33 of norm 0.0
17:57 gram_schmidt: Removing vector 34 of norm 0.0
17:57 gram_schmidt: Removing vector 35 of norm 0.0
17:57 gram_schmidt: Removing vector 36 of norm 0.0
17:57 gram_schmidt: Removing vector 37 of norm 0.0
17:57 gram_schmidt: Removing vector 38 of norm 0.0
17:57 gram_schmidt: Removing vector 39 of norm 0.0
17:57 gram_schmidt: Removing vector 40 of norm 0.0
17:57 gram_schmidt: Removing vector 41 of norm 0.0
17:57 gram_schmidt: Removing vector 42 of norm 0.0
17:57 gram_schmidt: Removing vector 43 of norm 0.0
17:57 gram_schmidt: Removing vector 44 of norm 0.0
17:57 gram_schmidt: Removing vector 45 of norm 0.0
17:57 gram_schmidt: Removing vector 46 of norm 0.0
17:57 gram_schmidt: Removing vector 47 of norm 0.0
17:57 gram_schmidt: Removing vector 48 of norm 0.0
17:57 gram_schmidt: Removing vector 49 of norm 0.0
17:57 gram_schmidt: Removing vector 50 of norm 0.0
17:57 gram_schmidt: Removing vector 51 of norm 0.0
17:57 gram_schmidt: Removing vector 52 of norm 0.0
17:57 gram_schmidt: Removing vector 53 of norm 0.0
17:57 gram_schmidt: Removing vector 54 of norm 0.0
17:57 gram_schmidt: Removing vector 55 of norm 0.0
17:57 gram_schmidt: Removing vector 56 of norm 0.0
17:57 gram_schmidt: Removing vector 57 of norm 0.0
17:57 gram_schmidt: Removing vector 58 of norm 0.0
17:57 gram_schmidt: Removing vector 59 of norm 0.0
17:57 gram_schmidt: Removing vector 60 of norm 0.0
17:57 gram_schmidt: Removing vector 61 of norm 0.0
17:57 gram_schmidt: Removing vector 62 of norm 0.0
17:57 gram_schmidt: Removing vector 63 of norm 0.0
17:57 gram_schmidt: Removing vector 64 of norm 0.0
17:57 gram_schmidt: Removing vector 65 of norm 0.0
17:57 gram_schmidt: Removing vector 66 of norm 0.0
17:57 gram_schmidt: Removing vector 67 of norm 0.0
17:57 gram_schmidt: Removing vector 68 of norm 0.0
17:57 gram_schmidt: Removing vector 69 of norm 0.0
17:57 gram_schmidt: Removing vector 70 of norm 0.0
17:57 gram_schmidt: Removing vector 71 of norm 0.0
17:57 gram_schmidt: Removing vector 72 of norm 0.0
17:57 gram_schmidt: Removing vector 73 of norm 0.0
17:57 gram_schmidt: Removing vector 74 of norm 0.0
17:57 gram_schmidt: Removing vector 75 of norm 0.0
17:57 gram_schmidt: Removing vector 76 of norm 0.0
17:57 gram_schmidt: Removing vector 77 of norm 0.0
17:57 gram_schmidt: Removing vector 78 of norm 0.0
17:57 gram_schmidt: Removing vector 79 of norm 0.0
17:57 gram_schmidt: Removing vector 80 of norm 0.0
17:57 gram_schmidt: Removing vector 81 of norm 0.0
17:57 gram_schmidt: Removing vector 82 of norm 0.0
17:57 gram_schmidt: Removing vector 83 of norm 0.0
17:57 gram_schmidt: Removing vector 84 of norm 0.0
17:57 gram_schmidt: Removing vector 85 of norm 0.0
17:57 gram_schmidt: Removing vector 86 of norm 0.0
17:57 gram_schmidt: Removing vector 87 of norm 0.0
17:57 gram_schmidt: Removing vector 88 of norm 0.0
17:57 gram_schmidt: Removing vector 89 of norm 0.0
17:57 gram_schmidt: Removing vector 90 of norm 0.0
17:57 gram_schmidt: Removing vector 91 of norm 0.0
17:57 gram_schmidt: Removing vector 92 of norm 0.0
17:57 gram_schmidt: Removing vector 93 of norm 0.0
17:57 gram_schmidt: Removing vector 94 of norm 0.0
17:57 gram_schmidt: Removing vector 95 of norm 0.0
17:57 gram_schmidt: Removing vector 96 of norm 0.0
17:57 gram_schmidt: Removing vector 97 of norm 0.0
17:57 gram_schmidt: Removing vector 98 of norm 0.0
17:57 gram_schmidt: Removing vector 99 of norm 0.0
17:57 gram_schmidt: Removing vector 100 of norm 0.0
17:57 gram_schmidt: Removing vector 101 of norm 0.0
</system-err></testcase><testcase classname="src.pymortests.algorithms.gram_schmidt" file="src/pymortests/algorithms/gram_schmidt.py" line="12" name="test_gram_schmidt[0-&lt;lambda&gt;5]" time="0.002621889114379883"></testcase><testcase classname="src.pymortests.algorithms.gram_schmidt" file="src/pymortests/algorithms/gram_schmidt.py" line="12" name="test_gram_schmidt[0-&lt;lambda&gt;6]" time="0.0020885467529296875"></testcase><testcase classname="src.pymortests.algorithms.gram_schmidt" file="src/pymortests/algorithms/gram_schmidt.py" line="12" name="test_gram_schmidt[0-&lt;lambda&gt;7]" time="0.0023865699768066406"></testcase><testcase classname="src.pymortests.algorithms.gram_schmidt" file="src/pymortests/algorithms/gram_schmidt.py" line="12" name="test_gram_schmidt[0-&lt;lambda&gt;8]" time="0.19246482849121094"><system-err>17:57 gram_schmidt: Orthonormalizing vector 31 again
17:57 gram_schmidt: Removing linear dependent vector 32
17:57 gram_schmidt: Removing linear dependent vector 33
17:57 gram_schmidt: Removing linear dependent vector 34
17:57 gram_schmidt: Removing linear dependent vector 35
17:57 gram_schmidt: Removing linear dependent vector 36
17:57 gram_schmidt: Removing linear dependent vector 37
17:57 gram_schmidt: Removing linear dependent vector 38
17:57 gram_schmidt: Removing linear dependent vector 39
17:57 gram_schmidt: Removing linear dependent vector 40
17:57 gram_schmidt: Removing linear dependent vector 41
17:57 gram_schmidt: Removing linear dependent vector 42
17:57 gram_schmidt: Orthonormalizing vector 31 again
17:57 gram_schmidt: Removing linear dependent vector 32
17:57 gram_schmidt: Removing linear dependent vector 33
17:57 gram_schmidt: Removing linear dependent vector 34
17:57 gram_schmidt: Removing linear dependent vector 35
17:57 gram_schmidt: Removing linear dependent vector 36
17:57 gram_schmidt: Removing linear dependent vector 37
17:57 gram_schmidt: Removing linear dependent vector 38
17:57 gram_schmidt: Removing linear dependent vector 39
17:57 gram_schmidt: Removing linear dependent vector 40
17:57 gram_schmidt: Removing linear dependent vector 41
17:57 gram_schmidt: Removing linear dependent vector 42
</system-err></testcase><testcase classname="src.pymortests.algorithms.gram_schmidt" file="src/pymortests/algorithms/gram_schmidt.py" line="12" name="test_gram_schmidt[0-&lt;lambda&gt;9]" time="0.026999235153198242"><system-err>17:57 gram_schmidt: Removing vector 0 of norm 0.0
17:57 gram_schmidt: Removing vector 1 of norm 0.0
17:57 gram_schmidt: Removing vector 2 of norm 0.0
17:57 gram_schmidt: Removing vector 3 of norm 0.0
17:57 gram_schmidt: Removing vector 4 of norm 0.0
17:57 gram_schmidt: Removing vector 5 of norm 0.0
17:57 gram_schmidt: Removing vector 6 of norm 0.0
17:57 gram_schmidt: Removing vector 7 of norm 0.0
17:57 gram_schmidt: Removing vector 8 of norm 0.0
17:57 gram_schmidt: Removing vector 9 of norm 0.0
17:57 gram_schmidt: Removing vector 10 of norm 0.0
17:57 gram_schmidt: Removing vector 11 of norm 0.0
17:57 gram_schmidt: Removing vector 12 of norm 0.0
17:57 gram_schmidt: Removing vector 13 of norm 0.0
17:57 gram_schmidt: Removing vector 14 of norm 0.0
17:57 gram_schmidt: Removing vector 15 of norm 0.0
17:57 gram_schmidt: Removing vector 16 of norm 0.0
17:57 gram_schmidt: Removing vector 17 of norm 0.0
17:57 gram_schmidt: Removing vector 18 of norm 0.0
17:57 gram_schmidt: Removing vector 19 of norm 0.0
17:57 gram_schmidt: Removing vector 20 of norm 0.0
17:57 gram_schmidt: Removing vector 21 of norm 0.0
17:57 gram_schmidt: Removing vector 22 of norm 0.0
17:57 gram_schmidt: Removing vector 23 of norm 0.0
17:57 gram_schmidt: Removing vector 24 of norm 0.0
17:57 gram_schmidt: Removing vector 25 of norm 0.0
17:57 gram_schmidt: Removing vector 26 of norm 0.0
17:57 gram_schmidt: Removing vector 27 of norm 0.0
17:57 gram_schmidt: Removing vector 28 of norm 0.0
17:57 gram_schmidt: Removing vector 29 of norm 0.0
17:57 gram_schmidt: Removing vector 30 of norm 0.0
17:57 gram_schmidt: Removing vector 31 of norm 0.0
17:57 gram_schmidt: Removing vector 32 of norm 0.0
17:57 gram_schmidt: Removing vector 33 of norm 0.0
17:57 gram_schmidt: Removing vector 34 of norm 0.0
17:57 gram_schmidt: Removing vector 35 of norm 0.0
17:57 gram_schmidt: Removing vector 36 of norm 0.0
17:57 gram_schmidt: Removing vector 37 of norm 0.0
17:57 gram_schmidt: Removing vector 38 of norm 0.0
17:57 gram_schmidt: Removing vector 39 of norm 0.0
17:57 gram_schmidt: Removing vector 40 of norm 0.0
17:57 gram_schmidt: Removing vector 41 of norm 0.0
17:57 gram_schmidt: Removing vector 42 of norm 0.0
17:57 gram_schmidt: Removing vector 43 of norm 0.0
17:57 gram_schmidt: Removing vector 44 of norm 0.0
17:57 gram_schmidt: Removing vector 45 of norm 0.0
17:57 gram_schmidt: Removing vector 46 of norm 0.0
17:57 gram_schmidt: Removing vector 47 of norm 0.0
17:57 gram_schmidt: Removing vector 48 of norm 0.0
17:57 gram_schmidt: Removing vector 49 of norm 0.0
17:57 gram_schmidt: Removing vector 50 of norm 0.0
17:57 gram_schmidt: Removing vector 51 of norm 0.0
17:57 gram_schmidt: Removing vector 52 of norm 0.0
17:57 gram_schmidt: Removing vector 53 of norm 0.0
17:57 gram_schmidt: Removing vector 54 of norm 0.0
17:57 gram_schmidt: Removing vector 55 of norm 0.0
17:57 gram_schmidt: Removing vector 56 of norm 0.0
17:57 gram_schmidt: Removing vector 57 of norm 0.0
17:57 gram_schmidt: Removing vector 58 of norm 0.0
17:57 gram_schmidt: Removing vector 59 of norm 0.0
17:57 gram_schmidt: Removing vector 60 of norm 0.0
17:57 gram_schmidt: Removing vector 61 of norm 0.0
17:57 gram_schmidt: Removing vector 62 of norm 0.0
17:57 gram_schmidt: Removing vector 63 of norm 0.0
17:57 gram_schmidt: Removing vector 64 of norm 0.0
17:57 gram_schmidt: Removing vector 65 of norm 0.0
17:57 gram_schmidt: Removing vector 66 of norm 0.0
17:57 gram_schmidt: Removing vector 67 of norm 0.0
17:57 gram_schmidt: Removing vector 68 of norm 0.0
17:57 gram_schmidt: Removing vector 69 of norm 0.0
17:57 gram_schmidt: Removing vector 70 of norm 0.0
17:57 gram_schmidt: Removing vector 71 of norm 0.0
17:57 gram_schmidt: Removing vector 72 of norm 0.0
17:57 gram_schmidt: Removing vector 73 of norm 0.0
17:57 gram_schmidt: Removing vector 74 of norm 0.0
17:57 gram_schmidt: Removing vector 75 of norm 0.0
17:57 gram_schmidt: Removing vector 76 of norm 0.0
17:57 gram_schmidt: Removing vector 77 of norm 0.0
17:57 gram_schmidt: Removing vector 78 of norm 0.0
17:57 gram_schmidt: Removing vector 79 of norm 0.0
17:57 gram_schmidt: Removing vector 80 of norm 0.0
17:57 gram_schmidt: Removing vector 81 of norm 0.0
17:57 gram_schmidt: Removing vector 82 of norm 0.0
17:57 gram_schmidt: Removing vector 83 of norm 0.0
17:57 gram_schmidt: Removing vector 84 of norm 0.0
17:57 gram_schmidt: Removing vector 85 of norm 0.0
17:57 gram_schmidt: Removing vector 86 of norm 0.0
17:57 gram_schmidt: Removing vector 87 of norm 0.0
17:57 gram_schmidt: Removing vector 88 of norm 0.0
17:57 gram_schmidt: Removing vector 89 of norm 0.0
17:57 gram_schmidt: Removing vector 90 of norm 0.0
17:57 gram_schmidt: Removing vector 91 of norm 0.0
17:57 gram_schmidt: Removing vector 92 of norm 0.0
17:57 gram_schmidt: Removing vector 93 of norm 0.0
17:57 gram_schmidt: Removing vector 94 of norm 0.0
17:57 gram_schmidt: Removing vector 95 of norm 0.0
17:57 gram_schmidt: Removing vector 96 of norm 0.0
17:57 gram_schmidt: Removing vector 97 of norm 0.0
17:57 gram_schmidt: Removing vector 98 of norm 0.0
17:57 gram_schmidt: Removing vector 99 of norm 0.0
17:57 gram_schmidt: Removing vector 100 of norm 0.0
17:57 gram_schmidt: Removing vector 101 of norm 0.0
17:57 gram_schmidt: Removing vector 0 of norm 0.0
17:57 gram_schmidt: Removing vector 1 of norm 0.0
17:57 gram_schmidt: Removing vector 2 of norm 0.0
17:57 gram_schmidt: Removing vector 3 of norm 0.0
17:57 gram_schmidt: Removing vector 4 of norm 0.0
17:57 gram_schmidt: Removing vector 5 of norm 0.0
17:57 gram_schmidt: Removing vector 6 of norm 0.0
17:57 gram_schmidt: Removing vector 7 of norm 0.0
17:57 gram_schmidt: Removing vector 8 of norm 0.0
17:57 gram_schmidt: Removing vector 9 of norm 0.0
17:57 gram_schmidt: Removing vector 10 of norm 0.0
17:57 gram_schmidt: Removing vector 11 of norm 0.0
17:57 gram_schmidt: Removing vector 12 of norm 0.0
17:57 gram_schmidt: Removing vector 13 of norm 0.0
17:57 gram_schmidt: Removing vector 14 of norm 0.0
17:57 gram_schmidt: Removing vector 15 of norm 0.0
17:57 gram_schmidt: Removing vector 16 of norm 0.0
17:57 gram_schmidt: Removing vector 17 of norm 0.0
17:57 gram_schmidt: Removing vector 18 of norm 0.0
17:57 gram_schmidt: Removing vector 19 of norm 0.0
17:57 gram_schmidt: Removing vector 20 of norm 0.0
17:57 gram_schmidt: Removing vector 21 of norm 0.0
17:57 gram_schmidt: Removing vector 22 of norm 0.0
17:57 gram_schmidt: Removing vector 23 of norm 0.0
17:57 gram_schmidt: Removing vector 24 of norm 0.0
17:57 gram_schmidt: Removing vector 25 of norm 0.0
17:57 gram_schmidt: Removing vector 26 of norm 0.0
17:57 gram_schmidt: Removing vector 27 of norm 0.0
17:57 gram_schmidt: Removing vector 28 of norm 0.0
17:57 gram_schmidt: Removing vector 29 of norm 0.0
17:57 gram_schmidt: Removing vector 30 of norm 0.0
17:57 gram_schmidt: Removing vector 31 of norm 0.0
17:57 gram_schmidt: Removing vector 32 of norm 0.0
17:57 gram_schmidt: Removing vector 33 of norm 0.0
17:57 gram_schmidt: Removing vector 34 of norm 0.0
17:57 gram_schmidt: Removing vector 35 of norm 0.0
17:57 gram_schmidt: Removing vector 36 of norm 0.0
17:57 gram_schmidt: Removing vector 37 of norm 0.0
17:57 gram_schmidt: Removing vector 38 of norm 0.0
17:57 gram_schmidt: Removing vector 39 of norm 0.0
17:57 gram_schmidt: Removing vector 40 of norm 0.0
17:57 gram_schmidt: Removing vector 41 of norm 0.0
17:57 gram_schmidt: Removing vector 42 of norm 0.0
17:57 gram_schmidt: Removing vector 43 of norm 0.0
17:57 gram_schmidt: Removing vector 44 of norm 0.0
17:57 gram_schmidt: Removing vector 45 of norm 0.0
17:57 gram_schmidt: Removing vector 46 of norm 0.0
17:57 gram_schmidt: Removing vector 47 of norm 0.0
17:57 gram_schmidt: Removing vector 48 of norm 0.0
17:57 gram_schmidt: Removing vector 49 of norm 0.0
17:57 gram_schmidt: Removing vector 50 of norm 0.0
17:57 gram_schmidt: Removing vector 51 of norm 0.0
17:57 gram_schmidt: Removing vector 52 of norm 0.0
17:57 gram_schmidt: Removing vector 53 of norm 0.0
17:57 gram_schmidt: Removing vector 54 of norm 0.0
17:57 gram_schmidt: Removing vector 55 of norm 0.0
17:57 gram_schmidt: Removing vector 56 of norm 0.0
17:57 gram_schmidt: Removing vector 57 of norm 0.0
17:57 gram_schmidt: Removing vector 58 of norm 0.0
17:57 gram_schmidt: Removing vector 59 of norm 0.0
17:57 gram_schmidt: Removing vector 60 of norm 0.0
17:57 gram_schmidt: Removing vector 61 of norm 0.0
17:57 gram_schmidt: Removing vector 62 of norm 0.0
17:57 gram_schmidt: Removing vector 63 of norm 0.0
17:57 gram_schmidt: Removing vector 64 of norm 0.0
17:57 gram_schmidt: Removing vector 65 of norm 0.0
17:57 gram_schmidt: Removing vector 66 of norm 0.0
17:57 gram_schmidt: Removing vector 67 of norm 0.0
17:57 gram_schmidt: Removing vector 68 of norm 0.0
17:57 gram_schmidt: Removing vector 69 of norm 0.0
17:57 gram_schmidt: Removing vector 70 of norm 0.0
17:57 gram_schmidt: Removing vector 71 of norm 0.0
17:57 gram_schmidt: Removing vector 72 of norm 0.0
17:57 gram_schmidt: Removing vector 73 of norm 0.0
17:57 gram_schmidt: Removing vector 74 of norm 0.0
17:57 gram_schmidt: Removing vector 75 of norm 0.0
17:57 gram_schmidt: Removing vector 76 of norm 0.0
17:57 gram_schmidt: Removing vector 77 of norm 0.0
17:57 gram_schmidt: Removing vector 78 of norm 0.0
17:57 gram_schmidt: Removing vector 79 of norm 0.0
17:57 gram_schmidt: Removing vector 80 of norm 0.0
17:57 gram_schmidt: Removing vector 81 of norm 0.0
17:57 gram_schmidt: Removing vector 82 of norm 0.0
17:57 gram_schmidt: Removing vector 83 of norm 0.0
17:57 gram_schmidt: Removing vector 84 of norm 0.0
17:57 gram_schmidt: Removing vector 85 of norm 0.0
17:57 gram_schmidt: Removing vector 86 of norm 0.0
17:57 gram_schmidt: Removing vector 87 of norm 0.0
17:57 gram_schmidt: Removing vector 88 of norm 0.0
17:57 gram_schmidt: Removing vector 89 of norm 0.0
17:57 gram_schmidt: Removing vector 90 of norm 0.0
17:57 gram_schmidt: Removing vector 91 of norm 0.0
17:57 gram_schmidt: Removing vector 92 of norm 0.0
17:57 gram_schmidt: Removing vector 93 of norm 0.0
17:57 gram_schmidt: Removing vector 94 of norm 0.0
17:57 gram_schmidt: Removing vector 95 of norm 0.0
17:57 gram_schmidt: Removing vector 96 of norm 0.0
17:57 gram_schmidt: Removing vector 97 of norm 0.0
17:57 gram_schmidt: Removing vector 98 of norm 0.0
17:57 gram_schmidt: Removing vector 99 of norm 0.0
17:57 gram_schmidt: Removing vector 100 of norm 0.0
17:57 gram_schmidt: Removing vector 101 of norm 0.0
</system-err></testcase><testcase classname="src.pymortests.algorithms.gram_schmidt" file="src/pymortests/algorithms/gram_schmidt.py" line="12" name="test_gram_schmidt[0-&lt;lambda&gt;10]" time="0.0032961368560791016"></testcase><testcase classname="src.pymortests.algorithms.gram_schmidt" file="src/pymortests/algorithms/gram_schmidt.py" line="12" name="test_gram_schmidt[0-&lt;lambda&gt;11]" time="0.006263017654418945"><system-err>17:57 gram_schmidt: Removing linear dependent vector 3
17:57 gram_schmidt: Removing linear dependent vector 3
</system-err></testcase><testcase classname="src.pymortests.algorithms.gram_schmidt" file="src/pymortests/algorithms/gram_schmidt.py" line="12" name="test_gram_schmidt[0-&lt;lambda&gt;12]" time="0.003734111785888672"><system-err>17:57 gram_schmidt: Removing vector 0 of norm 0.0
17:57 gram_schmidt: Removing vector 1 of norm 0.0
17:57 gram_schmidt: Removing vector 2 of norm 0.0
17:57 gram_schmidt: Removing vector 0 of norm 0.0
17:57 gram_schmidt: Removing vector 1 of norm 0.0
17:57 gram_schmidt: Removing vector 2 of norm 0.0
</system-err></testcase><testcase classname="src.pymortests.algorithms.gram_schmidt" file="src/pymortests/algorithms/gram_schmidt.py" line="12" name="test_gram_schmidt[0-&lt;lambda&gt;13]" time="0.002580881118774414"></testcase><testcase classname="src.pymortests.algorithms.gram_schmidt" file="src/pymortests/algorithms/gram_schmidt.py" line="12" name="test_gram_schmidt[0-&lt;lambda&gt;14]" time="0.004548072814941406"></testcase><testcase classname="src.pymortests.algorithms.gram_schmidt" file="src/pymortests/algorithms/gram_schmidt.py" line="12" name="test_gram_schmidt[0-&lt;lambda&gt;15]" time="0.38662004470825195"><system-err>17:58 gram_schmidt: Removing linear dependent vector 36
17:58 gram_schmidt: Removing linear dependent vector 37
17:58 gram_schmidt: Removing linear dependent vector 38
17:58 gram_schmidt: Removing linear dependent vector 39
17:58 gram_schmidt: Removing linear dependent vector 40
17:58 gram_schmidt: Removing linear dependent vector 41
17:58 gram_schmidt: Removing linear dependent vector 42
17:58 gram_schmidt: Removing linear dependent vector 36
17:58 gram_schmidt: Removing linear dependent vector 37
17:58 gram_schmidt: Removing linear dependent vector 38
17:58 gram_schmidt: Removing linear dependent vector 39
17:58 gram_schmidt: Removing linear dependent vector 40
17:58 gram_schmidt: Removing linear dependent vector 41
17:58 gram_schmidt: Removing linear dependent vector 42
</system-err></testcase><testcase classname="src.pymortests.algorithms.gram_schmidt" file="src/pymortests/algorithms/gram_schmidt.py" line="12" name="test_gram_schmidt[0-&lt;lambda&gt;16]" time="0.19974684715270996"><system-err>17:58 gram_schmidt: Removing linear dependent vector 3
17:58 gram_schmidt: Removing linear dependent vector 4
17:58 gram_schmidt: Removing linear dependent vector 5
17:58 gram_schmidt: Removing linear dependent vector 6
17:58 gram_schmidt: Removing linear dependent vector 7
17:58 gram_schmidt: Removing linear dependent vector 8
17:58 gram_schmidt: Removing linear dependent vector 9
17:58 gram_schmidt: Removing linear dependent vector 10
17:58 gram_schmidt: Removing linear dependent vector 11
17:58 gram_schmidt: Removing linear dependent vector 12
17:58 gram_schmidt: Removing linear dependent vector 13
17:58 gram_schmidt: Removing linear dependent vector 14
17:58 gram_schmidt: Removing linear dependent vector 15
17:58 gram_schmidt: Removing linear dependent vector 16
17:58 gram_schmidt: Removing linear dependent vector 17
17:58 gram_schmidt: Removing linear dependent vector 18
17:58 gram_schmidt: Removing linear dependent vector 19
17:58 gram_schmidt: Removing linear dependent vector 20
17:58 gram_schmidt: Removing linear dependent vector 21
17:58 gram_schmidt: Removing linear dependent vector 22
17:58 gram_schmidt: Removing linear dependent vector 23
17:58 gram_schmidt: Removing linear dependent vector 24
17:58 gram_schmidt: Removing linear dependent vector 25
17:58 gram_schmidt: Removing linear dependent vector 26
17:58 gram_schmidt: Removing linear dependent vector 27
17:58 gram_schmidt: Removing linear dependent vector 28
17:58 gram_schmidt: Removing linear dependent vector 29
17:58 gram_schmidt: Removing linear dependent vector 30
17:58 gram_schmidt: Removing linear dependent vector 31
17:58 gram_schmidt: Removing linear dependent vector 32
17:58 gram_schmidt: Removing linear dependent vector 33
17:58 gram_schmidt: Removing linear dependent vector 34
17:58 gram_schmidt: Removing linear dependent vector 35
17:58 gram_schmidt: Removing linear dependent vector 36
17:58 gram_schmidt: Removing linear dependent vector 37
17:58 gram_schmidt: Removing linear dependent vector 38
17:58 gram_schmidt: Removing linear dependent vector 39
17:58 gram_schmidt: Removing linear dependent vector 40
17:58 gram_schmidt: Removing linear dependent vector 41
17:58 gram_schmidt: Removing linear dependent vector 42
17:58 gram_schmidt: Removing linear dependent vector 43
17:58 gram_schmidt: Removing linear dependent vector 44
17:58 gram_schmidt: Removing linear dependent vector 45
17:58 gram_schmidt: Removing linear dependent vector 46
17:58 gram_schmidt: Removing linear dependent vector 47
17:58 gram_schmidt: Removing linear dependent vector 48
17:58 gram_schmidt: Removing linear dependent vector 49
17:58 gram_schmidt: Removing linear dependent vector 50
17:58 gram_schmidt: Removing linear dependent vector 51
17:58 gram_schmidt: Removing linear dependent vector 52
17:58 gram_schmidt: Removing linear dependent vector 53
17:58 gram_schmidt: Removing linear dependent vector 54
17:58 gram_schmidt: Removing linear dependent vector 55
17:58 gram_schmidt: Removing linear dependent vector 56
17:58 gram_schmidt: Removing linear dependent vector 57
17:58 gram_schmidt: Removing linear dependent vector 58
17:58 gram_schmidt: Removing linear dependent vector 59
17:58 gram_schmidt: Removing linear dependent vector 60
17:58 gram_schmidt: Removing linear dependent vector 61
17:58 gram_schmidt: Removing linear dependent vector 62
17:58 gram_schmidt: Removing linear dependent vector 63
17:58 gram_schmidt: Removing linear dependent vector 64
17:58 gram_schmidt: Removing linear dependent vector 65
17:58 gram_schmidt: Removing linear dependent vector 66
17:58 gram_schmidt: Removing linear dependent vector 67
17:58 gram_schmidt: Removing linear dependent vector 68
17:58 gram_schmidt: Removing linear dependent vector 69
17:58 gram_schmidt: Removing linear dependent vector 70
17:58 gram_schmidt: Removing linear dependent vector 71
17:58 gram_schmidt: Removing linear dependent vector 72
17:58 gram_schmidt: Removing linear dependent vector 73
17:58 gram_schmidt: Removing linear dependent vector 74
17:58 gram_schmidt: Removing linear dependent vector 75
17:58 gram_schmidt: Removing linear dependent vector 76
17:58 gram_schmidt: Removing linear dependent vector 77
17:58 gram_schmidt: Removing linear dependent vector 78
17:58 gram_schmidt: Removing linear dependent vector 79
17:58 gram_schmidt: Removing linear dependent vector 80
17:58 gram_schmidt: Removing linear dependent vector 81
17:58 gram_schmidt: Removing linear dependent vector 82
17:58 gram_schmidt: Removing linear dependent vector 83
17:58 gram_schmidt: Removing linear dependent vector 84
17:58 gram_schmidt: Removing linear dependent vector 85
17:58 gram_schmidt: Removing linear dependent vector 86
17:58 gram_schmidt: Removing linear dependent vector 87
17:58 gram_schmidt: Removing linear dependent vector 88
17:58 gram_schmidt: Removing linear dependent vector 89
17:58 gram_schmidt: Removing linear dependent vector 90
17:58 gram_schmidt: Removing linear dependent vector 91
17:58 gram_schmidt: Removing linear dependent vector 92
17:58 gram_schmidt: Removing linear dependent vector 93
17:58 gram_schmidt: Removing linear dependent vector 94
17:58 gram_schmidt: Removing linear dependent vector 95
17:58 gram_schmidt: Removing linear dependent vector 96
17:58 gram_schmidt: Removing linear dependent vector 97
17:58 gram_schmidt: Removing linear dependent vector 98
17:58 gram_schmidt: Removing linear dependent vector 99
17:58 gram_schmidt: Removing linear dependent vector 100
17:58 gram_schmidt: Removing linear dependent vector 101
17:58 gram_schmidt: Removing linear dependent vector 3
17:58 gram_schmidt: Removing linear dependent vector 4
17:58 gram_schmidt: Removing linear dependent vector 5
17:58 gram_schmidt: Removing linear dependent vector 6
17:58 gram_schmidt: Removing linear dependent vector 7
17:58 gram_schmidt: Removing linear dependent vector 8
17:58 gram_schmidt: Removing linear dependent vector 9
17:58 gram_schmidt: Removing linear dependent vector 10
17:58 gram_schmidt: Removing linear dependent vector 11
17:58 gram_schmidt: Removing linear dependent vector 12
17:58 gram_schmidt: Removing linear dependent vector 13
17:58 gram_schmidt: Removing linear dependent vector 14
17:58 gram_schmidt: Removing linear dependent vector 15
17:58 gram_schmidt: Removing linear dependent vector 16
17:58 gram_schmidt: Removing linear dependent vector 17
17:58 gram_schmidt: Removing linear dependent vector 18
17:58 gram_schmidt: Removing linear dependent vector 19
17:58 gram_schmidt: Removing linear dependent vector 20
17:58 gram_schmidt: Removing linear dependent vector 21
17:58 gram_schmidt: Removing linear dependent vector 22
17:58 gram_schmidt: Removing linear dependent vector 23
17:58 gram_schmidt: Removing linear dependent vector 24
17:58 gram_schmidt: Removing linear dependent vector 25
17:58 gram_schmidt: Removing linear dependent vector 26
17:58 gram_schmidt: Removing linear dependent vector 27
17:58 gram_schmidt: Removing linear dependent vector 28
17:58 gram_schmidt: Removing linear dependent vector 29
17:58 gram_schmidt: Removing linear dependent vector 30
17:58 gram_schmidt: Removing linear dependent vector 31
17:58 gram_schmidt: Removing linear dependent vector 32
17:58 gram_schmidt: Removing linear dependent vector 33
17:58 gram_schmidt: Removing linear dependent vector 34
17:58 gram_schmidt: Removing linear dependent vector 35
17:58 gram_schmidt: Removing linear dependent vector 36
17:58 gram_schmidt: Removing linear dependent vector 37
17:58 gram_schmidt: Removing linear dependent vector 38
17:58 gram_schmidt: Removing linear dependent vector 39
17:58 gram_schmidt: Removing linear dependent vector 40
17:58 gram_schmidt: Removing linear dependent vector 41
17:58 gram_schmidt: Removing linear dependent vector 42
17:58 gram_schmidt: Removing linear dependent vector 43
17:58 gram_schmidt: Removing linear dependent vector 44
17:58 gram_schmidt: Removing linear dependent vector 45
17:58 gram_schmidt: Removing linear dependent vector 46
17:58 gram_schmidt: Removing linear dependent vector 47
17:58 gram_schmidt: Removing linear dependent vector 48
17:58 gram_schmidt: Removing linear dependent vector 49
17:58 gram_schmidt: Removing linear dependent vector 50
17:58 gram_schmidt: Removing linear dependent vector 51
17:58 gram_schmidt: Removing linear dependent vector 52
17:58 gram_schmidt: Removing linear dependent vector 53
17:58 gram_schmidt: Removing linear dependent vector 54
17:58 gram_schmidt: Removing linear dependent vector 55
17:58 gram_schmidt: Removing linear dependent vector 56
17:58 gram_schmidt: Removing linear dependent vector 57
17:58 gram_schmidt: Removing linear dependent vector 58
17:58 gram_schmidt: Removing linear dependent vector 59
17:58 gram_schmidt: Removing linear dependent vector 60
17:58 gram_schmidt: Removing linear dependent vector 61
17:58 gram_schmidt: Removing linear dependent vector 62
17:58 gram_schmidt: Removing linear dependent vector 63
17:58 gram_schmidt: Removing linear dependent vector 64
17:58 gram_schmidt: Removing linear dependent vector 65
17:58 gram_schmidt: Removing linear dependent vector 66
17:58 gram_schmidt: Removing linear dependent vector 67
17:58 gram_schmidt: Removing linear dependent vector 68
17:58 gram_schmidt: Removing linear dependent vector 69
17:58 gram_schmidt: Removing linear dependent vector 70
17:58 gram_schmidt: Removing linear dependent vector 71
17:58 gram_schmidt: Removing linear dependent vector 72
17:58 gram_schmidt: Removing linear dependent vector 73
17:58 gram_schmidt: Removing linear dependent vector 74
17:58 gram_schmidt: Removing linear dependent vector 75
17:58 gram_schmidt: Removing linear dependent vector 76
17:58 gram_schmidt: Removing linear dependent vector 77
17:58 gram_schmidt: Removing linear dependent vector 78
17:58 gram_schmidt: Removing linear dependent vector 79
17:58 gram_schmidt: Removing linear dependent vector 80
17:58 gram_schmidt: Removing linear dependent vector 81
17:58 gram_schmidt: Removing linear dependent vector 82
17:58 gram_schmidt: Removing linear dependent vector 83
17:58 gram_schmidt: Removing linear dependent vector 84
17:58 gram_schmidt: Removing linear dependent vector 85
17:58 gram_schmidt: Removing linear dependent vector 86
17:58 gram_schmidt: Removing linear dependent vector 87
17:58 gram_schmidt: Removing linear dependent vector 88
17:58 gram_schmidt: Removing linear dependent vector 89
17:58 gram_schmidt: Removing linear dependent vector 90
17:58 gram_schmidt: Removing linear dependent vector 91
17:58 gram_schmidt: Removing linear dependent vector 92
17:58 gram_schmidt: Removing linear dependent vector 93
17:58 gram_schmidt: Removing linear dependent vector 94
17:58 gram_schmidt: Removing linear dependent vector 95
17:58 gram_schmidt: Removing linear dependent vector 96
17:58 gram_schmidt: Removing linear dependent vector 97
17:58 gram_schmidt: Removing linear dependent vector 98
17:58 gram_schmidt: Removing linear dependent vector 99
17:58 gram_schmidt: Removing linear dependent vector 100
17:58 gram_schmidt: Removing linear dependent vector 101
</system-err></testcase><testcase classname="src.pymortests.algorithms.gram_schmidt" file="src/pymortests/algorithms/gram_schmidt.py" line="12" name="test_gram_schmidt[0-&lt;lambda&gt;17]" time="0.0035479068756103516"></testcase><testcase classname="src.pymortests.algorithms.gram_schmidt" file="src/pymortests/algorithms/gram_schmidt.py" line="12" name="test_gram_schmidt[0-&lt;lambda&gt;18]" time="0.002344846725463867"></testcase><testcase classname="src.pymortests.algorithms.gram_schmidt" file="src/pymortests/algorithms/gram_schmidt.py" line="12" name="test_gram_schmidt[0-&lt;lambda&gt;19]" time="0.004950284957885742"></testcase><testcase classname="src.pymortests.algorithms.gram_schmidt" file="src/pymortests/algorithms/gram_schmidt.py" line="12" name="test_gram_schmidt[0-&lt;lambda&gt;20]" time="0.2747762203216553"></testcase><testcase classname="src.pymortests.algorithms.gram_schmidt" file="src/pymortests/algorithms/gram_schmidt.py" line="12" name="test_gram_schmidt[0-&lt;lambda&gt;21]" time="1.4872081279754639"></testcase><testcase classname="src.pymortests.algorithms.gram_schmidt" file="src/pymortests/algorithms/gram_schmidt.py" line="12" name="test_gram_schmidt[0-&lt;lambda&gt;22]" time="0.002702951431274414"></testcase><testcase classname="src.pymortests.algorithms.gram_schmidt" file="src/pymortests/algorithms/gram_schmidt.py" line="12" name="test_gram_schmidt[0-&lt;lambda&gt;23]" time="0.0018651485443115234"></testcase><testcase classname="src.pymortests.algorithms.gram_schmidt" file="src/pymortests/algorithms/gram_schmidt.py" line="12" name="test_gram_schmidt[0-&lt;lambda&gt;24]" time="0.008303165435791016"></testcase><testcase classname="src.pymortests.algorithms.gram_schmidt" file="src/pymortests/algorithms/gram_schmidt.py" line="12" name="test_gram_schmidt[0-&lt;lambda&gt;25]" time="0.40453386306762695"><system-err>18:00 gram_schmidt: Orthonormalizing vector 31 again
18:00 gram_schmidt: Removing linear dependent vector 32
18:00 gram_schmidt: Removing linear dependent vector 33
18:00 gram_schmidt: Removing linear dependent vector 34
18:00 gram_schmidt: Removing linear dependent vector 35
18:00 gram_schmidt: Removing linear dependent vector 36
18:00 gram_schmidt: Removing linear dependent vector 37
18:00 gram_schmidt: Removing linear dependent vector 38
18:00 gram_schmidt: Removing linear dependent vector 39
18:00 gram_schmidt: Removing linear dependent vector 40
18:00 gram_schmidt: Removing linear dependent vector 41
18:00 gram_schmidt: Removing linear dependent vector 42
18:00 gram_schmidt: Orthonormalizing vector 31 again
18:00 gram_schmidt: Removing linear dependent vector 32
18:00 gram_schmidt: Removing linear dependent vector 33
18:00 gram_schmidt: Removing linear dependent vector 34
18:00 gram_schmidt: Removing linear dependent vector 35
18:00 gram_schmidt: Removing linear dependent vector 36
18:00 gram_schmidt: Removing linear dependent vector 37
18:00 gram_schmidt: Removing linear dependent vector 38
18:00 gram_schmidt: Removing linear dependent vector 39
18:00 gram_schmidt: Removing linear dependent vector 40
18:00 gram_schmidt: Removing linear dependent vector 41
18:00 gram_schmidt: Removing linear dependent vector 42
</system-err></testcase><testcase classname="src.pymortests.algorithms.gram_schmidt" file="src/pymortests/algorithms/gram_schmidt.py" line="12" name="test_gram_schmidt[0-&lt;lambda&gt;26]" time="0.23793792724609375"><system-err>18:00 gram_schmidt: Removing vector 0 of norm 0.0
18:00 gram_schmidt: Removing vector 1 of norm 0.0
18:00 gram_schmidt: Removing vector 2 of norm 0.0
18:00 gram_schmidt: Removing vector 3 of norm 0.0
18:00 gram_schmidt: Removing vector 4 of norm 0.0
18:00 gram_schmidt: Removing vector 5 of norm 0.0
18:00 gram_schmidt: Removing vector 6 of norm 0.0
18:00 gram_schmidt: Removing vector 7 of norm 0.0
18:00 gram_schmidt: Removing vector 8 of norm 0.0
18:00 gram_schmidt: Removing vector 9 of norm 0.0
18:00 gram_schmidt: Removing vector 10 of norm 0.0
18:00 gram_schmidt: Removing vector 11 of norm 0.0
18:00 gram_schmidt: Removing vector 12 of norm 0.0
18:00 gram_schmidt: Removing vector 13 of norm 0.0
18:00 gram_schmidt: Removing vector 14 of norm 0.0
18:00 gram_schmidt: Removing vector 15 of norm 0.0
18:00 gram_schmidt: Removing vector 16 of norm 0.0
18:00 gram_schmidt: Removing vector 17 of norm 0.0
18:00 gram_schmidt: Removing vector 18 of norm 0.0
18:00 gram_schmidt: Removing vector 19 of norm 0.0
18:00 gram_schmidt: Removing vector 20 of norm 0.0
18:00 gram_schmidt: Removing vector 21 of norm 0.0
18:00 gram_schmidt: Removing vector 22 of norm 0.0
18:00 gram_schmidt: Removing vector 23 of norm 0.0
18:00 gram_schmidt: Removing vector 24 of norm 0.0
18:00 gram_schmidt: Removing vector 25 of norm 0.0
18:00 gram_schmidt: Removing vector 26 of norm 0.0
18:00 gram_schmidt: Removing vector 27 of norm 0.0
18:00 gram_schmidt: Removing vector 28 of norm 0.0
18:00 gram_schmidt: Removing vector 29 of norm 0.0
18:00 gram_schmidt: Removing vector 30 of norm 0.0
18:00 gram_schmidt: Removing vector 31 of norm 0.0
18:00 gram_schmidt: Removing vector 32 of norm 0.0
18:00 gram_schmidt: Removing vector 33 of norm 0.0
18:00 gram_schmidt: Removing vector 34 of norm 0.0
18:00 gram_schmidt: Removing vector 35 of norm 0.0
18:00 gram_schmidt: Removing vector 36 of norm 0.0
18:00 gram_schmidt: Removing vector 37 of norm 0.0
18:00 gram_schmidt: Removing vector 38 of norm 0.0
18:00 gram_schmidt: Removing vector 39 of norm 0.0
18:00 gram_schmidt: Removing vector 40 of norm 0.0
18:00 gram_schmidt: Removing vector 41 of norm 0.0
18:00 gram_schmidt: Removing vector 42 of norm 0.0
18:00 gram_schmidt: Removing vector 43 of norm 0.0
18:00 gram_schmidt: Removing vector 44 of norm 0.0
18:00 gram_schmidt: Removing vector 45 of norm 0.0
18:00 gram_schmidt: Removing vector 46 of norm 0.0
18:00 gram_schmidt: Removing vector 47 of norm 0.0
18:00 gram_schmidt: Removing vector 48 of norm 0.0
18:00 gram_schmidt: Removing vector 49 of norm 0.0
18:00 gram_schmidt: Removing vector 50 of norm 0.0
18:00 gram_schmidt: Removing vector 51 of norm 0.0
18:00 gram_schmidt: Removing vector 52 of norm 0.0
18:00 gram_schmidt: Removing vector 53 of norm 0.0
18:00 gram_schmidt: Removing vector 54 of norm 0.0
18:00 gram_schmidt: Removing vector 55 of norm 0.0
18:00 gram_schmidt: Removing vector 56 of norm 0.0
18:00 gram_schmidt: Removing vector 57 of norm 0.0
18:00 gram_schmidt: Removing vector 58 of norm 0.0
18:00 gram_schmidt: Removing vector 59 of norm 0.0
18:00 gram_schmidt: Removing vector 60 of norm 0.0
18:00 gram_schmidt: Removing vector 61 of norm 0.0
18:00 gram_schmidt: Removing vector 62 of norm 0.0
18:00 gram_schmidt: Removing vector 63 of norm 0.0
18:00 gram_schmidt: Removing vector 64 of norm 0.0
18:00 gram_schmidt: Removing vector 65 of norm 0.0
18:00 gram_schmidt: Removing vector 66 of norm 0.0
18:00 gram_schmidt: Removing vector 67 of norm 0.0
18:00 gram_schmidt: Removing vector 68 of norm 0.0
18:00 gram_schmidt: Removing vector 69 of norm 0.0
18:00 gram_schmidt: Removing vector 70 of norm 0.0
18:00 gram_schmidt: Removing vector 71 of norm 0.0
18:00 gram_schmidt: Removing vector 72 of norm 0.0
18:00 gram_schmidt: Removing vector 73 of norm 0.0
18:00 gram_schmidt: Removing vector 74 of norm 0.0
18:00 gram_schmidt: Removing vector 75 of norm 0.0
18:00 gram_schmidt: Removing vector 76 of norm 0.0
18:00 gram_schmidt: Removing vector 77 of norm 0.0
18:00 gram_schmidt: Removing vector 78 of norm 0.0
18:00 gram_schmidt: Removing vector 79 of norm 0.0
18:00 gram_schmidt: Removing vector 80 of norm 0.0
18:00 gram_schmidt: Removing vector 81 of norm 0.0
18:00 gram_schmidt: Removing vector 82 of norm 0.0
18:00 gram_schmidt: Removing vector 83 of norm 0.0
18:00 gram_schmidt: Removing vector 84 of norm 0.0
18:00 gram_schmidt: Removing vector 85 of norm 0.0
18:00 gram_schmidt: Removing vector 86 of norm 0.0
18:00 gram_schmidt: Removing vector 87 of norm 0.0
18:00 gram_schmidt: Removing vector 88 of norm 0.0
18:00 gram_schmidt: Removing vector 89 of norm 0.0
18:00 gram_schmidt: Removing vector 90 of norm 0.0
18:00 gram_schmidt: Removing vector 91 of norm 0.0
18:00 gram_schmidt: Removing vector 92 of norm 0.0
18:00 gram_schmidt: Removing vector 93 of norm 0.0
18:00 gram_schmidt: Removing vector 94 of norm 0.0
18:00 gram_schmidt: Removing vector 95 of norm 0.0
18:00 gram_schmidt: Removing vector 96 of norm 0.0
18:00 gram_schmidt: Removing vector 97 of norm 0.0
18:00 gram_schmidt: Removing vector 98 of norm 0.0
18:00 gram_schmidt: Removing vector 99 of norm 0.0
18:00 gram_schmidt: Removing vector 100 of norm 0.0
18:00 gram_schmidt: Removing vector 101 of norm 0.0
18:00 gram_schmidt: Removing vector 0 of norm 0.0
18:00 gram_schmidt: Removing vector 1 of norm 0.0
18:00 gram_schmidt: Removing vector 2 of norm 0.0
18:00 gram_schmidt: Removing vector 3 of norm 0.0
18:00 gram_schmidt: Removing vector 4 of norm 0.0
18:00 gram_schmidt: Removing vector 5 of norm 0.0
18:00 gram_schmidt: Removing vector 6 of norm 0.0
18:00 gram_schmidt: Removing vector 7 of norm 0.0
18:00 gram_schmidt: Removing vector 8 of norm 0.0
18:00 gram_schmidt: Removing vector 9 of norm 0.0
18:00 gram_schmidt: Removing vector 10 of norm 0.0
18:00 gram_schmidt: Removing vector 11 of norm 0.0
18:00 gram_schmidt: Removing vector 12 of norm 0.0
18:00 gram_schmidt: Removing vector 13 of norm 0.0
18:00 gram_schmidt: Removing vector 14 of norm 0.0
18:00 gram_schmidt: Removing vector 15 of norm 0.0
18:00 gram_schmidt: Removing vector 16 of norm 0.0
18:00 gram_schmidt: Removing vector 17 of norm 0.0
18:00 gram_schmidt: Removing vector 18 of norm 0.0
18:00 gram_schmidt: Removing vector 19 of norm 0.0
18:00 gram_schmidt: Removing vector 20 of norm 0.0
18:00 gram_schmidt: Removing vector 21 of norm 0.0
18:00 gram_schmidt: Removing vector 22 of norm 0.0
18:00 gram_schmidt: Removing vector 23 of norm 0.0
18:00 gram_schmidt: Removing vector 24 of norm 0.0
18:00 gram_schmidt: Removing vector 25 of norm 0.0
18:00 gram_schmidt: Removing vector 26 of norm 0.0
18:00 gram_schmidt: Removing vector 27 of norm 0.0
18:00 gram_schmidt: Removing vector 28 of norm 0.0
18:00 gram_schmidt: Removing vector 29 of norm 0.0
18:00 gram_schmidt: Removing vector 30 of norm 0.0
18:00 gram_schmidt: Removing vector 31 of norm 0.0
18:00 gram_schmidt: Removing vector 32 of norm 0.0
18:00 gram_schmidt: Removing vector 33 of norm 0.0
18:00 gram_schmidt: Removing vector 34 of norm 0.0
18:00 gram_schmidt: Removing vector 35 of norm 0.0
18:00 gram_schmidt: Removing vector 36 of norm 0.0
18:00 gram_schmidt: Removing vector 37 of norm 0.0
18:00 gram_schmidt: Removing vector 38 of norm 0.0
18:00 gram_schmidt: Removing vector 39 of norm 0.0
18:00 gram_schmidt: Removing vector 40 of norm 0.0
18:00 gram_schmidt: Removing vector 41 of norm 0.0
18:00 gram_schmidt: Removing vector 42 of norm 0.0
18:00 gram_schmidt: Removing vector 43 of norm 0.0
18:00 gram_schmidt: Removing vector 44 of norm 0.0
18:00 gram_schmidt: Removing vector 45 of norm 0.0
18:00 gram_schmidt: Removing vector 46 of norm 0.0
18:00 gram_schmidt: Removing vector 47 of norm 0.0
18:00 gram_schmidt: Removing vector 48 of norm 0.0
18:00 gram_schmidt: Removing vector 49 of norm 0.0
18:00 gram_schmidt: Removing vector 50 of norm 0.0
18:00 gram_schmidt: Removing vector 51 of norm 0.0
18:00 gram_schmidt: Removing vector 52 of norm 0.0
18:00 gram_schmidt: Removing vector 53 of norm 0.0
18:00 gram_schmidt: Removing vector 54 of norm 0.0
18:00 gram_schmidt: Removing vector 55 of norm 0.0
18:00 gram_schmidt: Removing vector 56 of norm 0.0
18:00 gram_schmidt: Removing vector 57 of norm 0.0
18:00 gram_schmidt: Removing vector 58 of norm 0.0
18:00 gram_schmidt: Removing vector 59 of norm 0.0
18:00 gram_schmidt: Removing vector 60 of norm 0.0
18:00 gram_schmidt: Removing vector 61 of norm 0.0
18:00 gram_schmidt: Removing vector 62 of norm 0.0
18:00 gram_schmidt: Removing vector 63 of norm 0.0
18:00 gram_schmidt: Removing vector 64 of norm 0.0
18:00 gram_schmidt: Removing vector 65 of norm 0.0
18:00 gram_schmidt: Removing vector 66 of norm 0.0
18:00 gram_schmidt: Removing vector 67 of norm 0.0
18:00 gram_schmidt: Removing vector 68 of norm 0.0
18:00 gram_schmidt: Removing vector 69 of norm 0.0
18:00 gram_schmidt: Removing vector 70 of norm 0.0
18:00 gram_schmidt: Removing vector 71 of norm 0.0
18:00 gram_schmidt: Removing vector 72 of norm 0.0
18:00 gram_schmidt: Removing vector 73 of norm 0.0
18:00 gram_schmidt: Removing vector 74 of norm 0.0
18:00 gram_schmidt: Removing vector 75 of norm 0.0
18:00 gram_schmidt: Removing vector 76 of norm 0.0
18:00 gram_schmidt: Removing vector 77 of norm 0.0
18:00 gram_schmidt: Removing vector 78 of norm 0.0
18:00 gram_schmidt: Removing vector 79 of norm 0.0
18:00 gram_schmidt: Removing vector 80 of norm 0.0
18:00 gram_schmidt: Removing vector 81 of norm 0.0
18:00 gram_schmidt: Removing vector 82 of norm 0.0
18:00 gram_schmidt: Removing vector 83 of norm 0.0
18:00 gram_schmidt: Removing vector 84 of norm 0.0
18:00 gram_schmidt: Removing vector 85 of norm 0.0
18:00 gram_schmidt: Removing vector 86 of norm 0.0
18:00 gram_schmidt: Removing vector 87 of norm 0.0
18:00 gram_schmidt: Removing vector 88 of norm 0.0
18:00 gram_schmidt: Removing vector 89 of norm 0.0
18:00 gram_schmidt: Removing vector 90 of norm 0.0
18:00 gram_schmidt: Removing vector 91 of norm 0.0
18:00 gram_schmidt: Removing vector 92 of norm 0.0
18:00 gram_schmidt: Removing vector 93 of norm 0.0
18:00 gram_schmidt: Removing vector 94 of norm 0.0
18:00 gram_schmidt: Removing vector 95 of norm 0.0
18:00 gram_schmidt: Removing vector 96 of norm 0.0
18:00 gram_schmidt: Removing vector 97 of norm 0.0
18:00 gram_schmidt: Removing vector 98 of norm 0.0
18:00 gram_schmidt: Removing vector 99 of norm 0.0
18:00 gram_schmidt: Removing vector 100 of norm 0.0
18:00 gram_schmidt: Removing vector 101 of norm 0.0
</system-err></testcase><testcase classname="src.pymortests.algorithms.gram_schmidt" file="src/pymortests/algorithms/gram_schmidt.py" line="12" name="test_gram_schmidt[1-&lt;lambda&gt;0]" time="0.002988576889038086"></testcase><testcase classname="src.pymortests.algorithms.gram_schmidt" file="src/pymortests/algorithms/gram_schmidt.py" line="12" name="test_gram_schmidt[1-&lt;lambda&gt;1]" time="0.001987457275390625"></testcase><testcase classname="src.pymortests.algorithms.gram_schmidt" file="src/pymortests/algorithms/gram_schmidt.py" line="12" name="test_gram_schmidt[1-&lt;lambda&gt;2]" time="0.0022461414337158203"></testcase><testcase classname="src.pymortests.algorithms.gram_schmidt" file="src/pymortests/algorithms/gram_schmidt.py" line="12" name="test_gram_schmidt[1-&lt;lambda&gt;3]" time="0.10263729095458984"><system-err>18:01 gram_schmidt: Orthonormalizing vector 31 again
18:01 gram_schmidt: Removing linear dependent vector 32
18:01 gram_schmidt: Removing linear dependent vector 33
18:01 gram_schmidt: Removing linear dependent vector 34
18:01 gram_schmidt: Removing linear dependent vector 35
18:01 gram_schmidt: Removing linear dependent vector 36
18:01 gram_schmidt: Removing linear dependent vector 37
18:01 gram_schmidt: Removing linear dependent vector 38
18:01 gram_schmidt: Removing linear dependent vector 39
18:01 gram_schmidt: Removing linear dependent vector 40
18:01 gram_schmidt: Removing linear dependent vector 41
18:01 gram_schmidt: Removing linear dependent vector 42
18:01 gram_schmidt: Orthonormalizing vector 31 again
18:01 gram_schmidt: Removing linear dependent vector 32
18:01 gram_schmidt: Removing linear dependent vector 33
18:01 gram_schmidt: Removing linear dependent vector 34
18:01 gram_schmidt: Removing linear dependent vector 35
18:01 gram_schmidt: Removing linear dependent vector 36
18:01 gram_schmidt: Removing linear dependent vector 37
18:01 gram_schmidt: Removing linear dependent vector 38
18:01 gram_schmidt: Removing linear dependent vector 39
18:01 gram_schmidt: Removing linear dependent vector 40
18:01 gram_schmidt: Removing linear dependent vector 41
18:01 gram_schmidt: Removing linear dependent vector 42
</system-err></testcase><testcase classname="src.pymortests.algorithms.gram_schmidt" file="src/pymortests/algorithms/gram_schmidt.py" line="12" name="test_gram_schmidt[1-&lt;lambda&gt;4]" time="0.021637678146362305"><system-err>18:01 gram_schmidt: Removing vector 0 of norm 0.0
18:01 gram_schmidt: Removing vector 1 of norm 0.0
18:01 gram_schmidt: Removing vector 2 of norm 0.0
18:01 gram_schmidt: Removing vector 3 of norm 0.0
18:01 gram_schmidt: Removing vector 4 of norm 0.0
18:01 gram_schmidt: Removing vector 5 of norm 0.0
18:01 gram_schmidt: Removing vector 6 of norm 0.0
18:01 gram_schmidt: Removing vector 7 of norm 0.0
18:01 gram_schmidt: Removing vector 8 of norm 0.0
18:01 gram_schmidt: Removing vector 9 of norm 0.0
18:01 gram_schmidt: Removing vector 10 of norm 0.0
18:01 gram_schmidt: Removing vector 11 of norm 0.0
18:01 gram_schmidt: Removing vector 12 of norm 0.0
18:01 gram_schmidt: Removing vector 13 of norm 0.0
18:01 gram_schmidt: Removing vector 14 of norm 0.0
18:01 gram_schmidt: Removing vector 15 of norm 0.0
18:01 gram_schmidt: Removing vector 16 of norm 0.0
18:01 gram_schmidt: Removing vector 17 of norm 0.0
18:01 gram_schmidt: Removing vector 18 of norm 0.0
18:01 gram_schmidt: Removing vector 19 of norm 0.0
18:01 gram_schmidt: Removing vector 20 of norm 0.0
18:01 gram_schmidt: Removing vector 21 of norm 0.0
18:01 gram_schmidt: Removing vector 22 of norm 0.0
18:01 gram_schmidt: Removing vector 23 of norm 0.0
18:01 gram_schmidt: Removing vector 24 of norm 0.0
18:01 gram_schmidt: Removing vector 25 of norm 0.0
18:01 gram_schmidt: Removing vector 26 of norm 0.0
18:01 gram_schmidt: Removing vector 27 of norm 0.0
18:01 gram_schmidt: Removing vector 28 of norm 0.0
18:01 gram_schmidt: Removing vector 29 of norm 0.0
18:01 gram_schmidt: Removing vector 30 of norm 0.0
18:01 gram_schmidt: Removing vector 31 of norm 0.0
18:01 gram_schmidt: Removing vector 32 of norm 0.0
18:01 gram_schmidt: Removing vector 33 of norm 0.0
18:01 gram_schmidt: Removing vector 34 of norm 0.0
18:01 gram_schmidt: Removing vector 35 of norm 0.0
18:01 gram_schmidt: Removing vector 36 of norm 0.0
18:01 gram_schmidt: Removing vector 37 of norm 0.0
18:01 gram_schmidt: Removing vector 38 of norm 0.0
18:01 gram_schmidt: Removing vector 39 of norm 0.0
18:01 gram_schmidt: Removing vector 40 of norm 0.0
18:01 gram_schmidt: Removing vector 41 of norm 0.0
18:01 gram_schmidt: Removing vector 42 of norm 0.0
18:01 gram_schmidt: Removing vector 43 of norm 0.0
18:01 gram_schmidt: Removing vector 44 of norm 0.0
18:01 gram_schmidt: Removing vector 45 of norm 0.0
18:01 gram_schmidt: Removing vector 46 of norm 0.0
18:01 gram_schmidt: Removing vector 47 of norm 0.0
18:01 gram_schmidt: Removing vector 48 of norm 0.0
18:01 gram_schmidt: Removing vector 49 of norm 0.0
18:01 gram_schmidt: Removing vector 50 of norm 0.0
18:01 gram_schmidt: Removing vector 51 of norm 0.0
18:01 gram_schmidt: Removing vector 52 of norm 0.0
18:01 gram_schmidt: Removing vector 53 of norm 0.0
18:01 gram_schmidt: Removing vector 54 of norm 0.0
18:01 gram_schmidt: Removing vector 55 of norm 0.0
18:01 gram_schmidt: Removing vector 56 of norm 0.0
18:01 gram_schmidt: Removing vector 57 of norm 0.0
18:01 gram_schmidt: Removing vector 58 of norm 0.0
18:01 gram_schmidt: Removing vector 59 of norm 0.0
18:01 gram_schmidt: Removing vector 60 of norm 0.0
18:01 gram_schmidt: Removing vector 61 of norm 0.0
18:01 gram_schmidt: Removing vector 62 of norm 0.0
18:01 gram_schmidt: Removing vector 63 of norm 0.0
18:01 gram_schmidt: Removing vector 64 of norm 0.0
18:01 gram_schmidt: Removing vector 65 of norm 0.0
18:01 gram_schmidt: Removing vector 66 of norm 0.0
18:01 gram_schmidt: Removing vector 67 of norm 0.0
18:01 gram_schmidt: Removing vector 68 of norm 0.0
18:01 gram_schmidt: Removing vector 69 of norm 0.0
18:01 gram_schmidt: Removing vector 70 of norm 0.0
18:01 gram_schmidt: Removing vector 71 of norm 0.0
18:01 gram_schmidt: Removing vector 72 of norm 0.0
18:01 gram_schmidt: Removing vector 73 of norm 0.0
18:01 gram_schmidt: Removing vector 74 of norm 0.0
18:01 gram_schmidt: Removing vector 75 of norm 0.0
18:01 gram_schmidt: Removing vector 76 of norm 0.0
18:01 gram_schmidt: Removing vector 77 of norm 0.0
18:01 gram_schmidt: Removing vector 78 of norm 0.0
18:01 gram_schmidt: Removing vector 79 of norm 0.0
18:01 gram_schmidt: Removing vector 80 of norm 0.0
18:01 gram_schmidt: Removing vector 81 of norm 0.0
18:01 gram_schmidt: Removing vector 82 of norm 0.0
18:01 gram_schmidt: Removing vector 83 of norm 0.0
18:01 gram_schmidt: Removing vector 84 of norm 0.0
18:01 gram_schmidt: Removing vector 85 of norm 0.0
18:01 gram_schmidt: Removing vector 86 of norm 0.0
18:01 gram_schmidt: Removing vector 87 of norm 0.0
18:01 gram_schmidt: Removing vector 88 of norm 0.0
18:01 gram_schmidt: Removing vector 89 of norm 0.0
18:01 gram_schmidt: Removing vector 90 of norm 0.0
18:01 gram_schmidt: Removing vector 91 of norm 0.0
18:01 gram_schmidt: Removing vector 92 of norm 0.0
18:01 gram_schmidt: Removing vector 93 of norm 0.0
18:01 gram_schmidt: Removing vector 94 of norm 0.0
18:01 gram_schmidt: Removing vector 95 of norm 0.0
18:01 gram_schmidt: Removing vector 96 of norm 0.0
18:01 gram_schmidt: Removing vector 97 of norm 0.0
18:01 gram_schmidt: Removing vector 98 of norm 0.0
18:01 gram_schmidt: Removing vector 99 of norm 0.0
18:01 gram_schmidt: Removing vector 100 of norm 0.0
18:01 gram_schmidt: Removing vector 101 of norm 0.0
18:01 gram_schmidt: Removing vector 0 of norm 0.0
18:01 gram_schmidt: Removing vector 1 of norm 0.0
18:01 gram_schmidt: Removing vector 2 of norm 0.0
18:01 gram_schmidt: Removing vector 3 of norm 0.0
18:01 gram_schmidt: Removing vector 4 of norm 0.0
18:01 gram_schmidt: Removing vector 5 of norm 0.0
18:01 gram_schmidt: Removing vector 6 of norm 0.0
18:01 gram_schmidt: Removing vector 7 of norm 0.0
18:01 gram_schmidt: Removing vector 8 of norm 0.0
18:01 gram_schmidt: Removing vector 9 of norm 0.0
18:01 gram_schmidt: Removing vector 10 of norm 0.0
18:01 gram_schmidt: Removing vector 11 of norm 0.0
18:01 gram_schmidt: Removing vector 12 of norm 0.0
18:01 gram_schmidt: Removing vector 13 of norm 0.0
18:01 gram_schmidt: Removing vector 14 of norm 0.0
18:01 gram_schmidt: Removing vector 15 of norm 0.0
18:01 gram_schmidt: Removing vector 16 of norm 0.0
18:01 gram_schmidt: Removing vector 17 of norm 0.0
18:01 gram_schmidt: Removing vector 18 of norm 0.0
18:01 gram_schmidt: Removing vector 19 of norm 0.0
18:01 gram_schmidt: Removing vector 20 of norm 0.0
18:01 gram_schmidt: Removing vector 21 of norm 0.0
18:01 gram_schmidt: Removing vector 22 of norm 0.0
18:01 gram_schmidt: Removing vector 23 of norm 0.0
18:01 gram_schmidt: Removing vector 24 of norm 0.0
18:01 gram_schmidt: Removing vector 25 of norm 0.0
18:01 gram_schmidt: Removing vector 26 of norm 0.0
18:01 gram_schmidt: Removing vector 27 of norm 0.0
18:01 gram_schmidt: Removing vector 28 of norm 0.0
18:01 gram_schmidt: Removing vector 29 of norm 0.0
18:01 gram_schmidt: Removing vector 30 of norm 0.0
18:01 gram_schmidt: Removing vector 31 of norm 0.0
18:01 gram_schmidt: Removing vector 32 of norm 0.0
18:01 gram_schmidt: Removing vector 33 of norm 0.0
18:01 gram_schmidt: Removing vector 34 of norm 0.0
18:01 gram_schmidt: Removing vector 35 of norm 0.0
18:01 gram_schmidt: Removing vector 36 of norm 0.0
18:01 gram_schmidt: Removing vector 37 of norm 0.0
18:01 gram_schmidt: Removing vector 38 of norm 0.0
18:01 gram_schmidt: Removing vector 39 of norm 0.0
18:01 gram_schmidt: Removing vector 40 of norm 0.0
18:01 gram_schmidt: Removing vector 41 of norm 0.0
18:01 gram_schmidt: Removing vector 42 of norm 0.0
18:01 gram_schmidt: Removing vector 43 of norm 0.0
18:01 gram_schmidt: Removing vector 44 of norm 0.0
18:01 gram_schmidt: Removing vector 45 of norm 0.0
18:01 gram_schmidt: Removing vector 46 of norm 0.0
18:01 gram_schmidt: Removing vector 47 of norm 0.0
18:01 gram_schmidt: Removing vector 48 of norm 0.0
18:01 gram_schmidt: Removing vector 49 of norm 0.0
18:01 gram_schmidt: Removing vector 50 of norm 0.0
18:01 gram_schmidt: Removing vector 51 of norm 0.0
18:01 gram_schmidt: Removing vector 52 of norm 0.0
18:01 gram_schmidt: Removing vector 53 of norm 0.0
18:01 gram_schmidt: Removing vector 54 of norm 0.0
18:01 gram_schmidt: Removing vector 55 of norm 0.0
18:01 gram_schmidt: Removing vector 56 of norm 0.0
18:01 gram_schmidt: Removing vector 57 of norm 0.0
18:01 gram_schmidt: Removing vector 58 of norm 0.0
18:01 gram_schmidt: Removing vector 59 of norm 0.0
18:01 gram_schmidt: Removing vector 60 of norm 0.0
18:01 gram_schmidt: Removing vector 61 of norm 0.0
18:01 gram_schmidt: Removing vector 62 of norm 0.0
18:01 gram_schmidt: Removing vector 63 of norm 0.0
18:01 gram_schmidt: Removing vector 64 of norm 0.0
18:01 gram_schmidt: Removing vector 65 of norm 0.0
18:01 gram_schmidt: Removing vector 66 of norm 0.0
18:01 gram_schmidt: Removing vector 67 of norm 0.0
18:01 gram_schmidt: Removing vector 68 of norm 0.0
18:01 gram_schmidt: Removing vector 69 of norm 0.0
18:01 gram_schmidt: Removing vector 70 of norm 0.0
18:01 gram_schmidt: Removing vector 71 of norm 0.0
18:01 gram_schmidt: Removing vector 72 of norm 0.0
18:01 gram_schmidt: Removing vector 73 of norm 0.0
18:01 gram_schmidt: Removing vector 74 of norm 0.0
18:01 gram_schmidt: Removing vector 75 of norm 0.0
18:01 gram_schmidt: Removing vector 76 of norm 0.0
18:01 gram_schmidt: Removing vector 77 of norm 0.0
18:01 gram_schmidt: Removing vector 78 of norm 0.0
18:01 gram_schmidt: Removing vector 79 of norm 0.0
18:01 gram_schmidt: Removing vector 80 of norm 0.0
18:01 gram_schmidt: Removing vector 81 of norm 0.0
18:01 gram_schmidt: Removing vector 82 of norm 0.0
18:01 gram_schmidt: Removing vector 83 of norm 0.0
18:01 gram_schmidt: Removing vector 84 of norm 0.0
18:01 gram_schmidt: Removing vector 85 of norm 0.0
18:01 gram_schmidt: Removing vector 86 of norm 0.0
18:01 gram_schmidt: Removing vector 87 of norm 0.0
18:01 gram_schmidt: Removing vector 88 of norm 0.0
18:01 gram_schmidt: Removing vector 89 of norm 0.0
18:01 gram_schmidt: Removing vector 90 of norm 0.0
18:01 gram_schmidt: Removing vector 91 of norm 0.0
18:01 gram_schmidt: Removing vector 92 of norm 0.0
18:01 gram_schmidt: Removing vector 93 of norm 0.0
18:01 gram_schmidt: Removing vector 94 of norm 0.0
18:01 gram_schmidt: Removing vector 95 of norm 0.0
18:01 gram_schmidt: Removing vector 96 of norm 0.0
18:01 gram_schmidt: Removing vector 97 of norm 0.0
18:01 gram_schmidt: Removing vector 98 of norm 0.0
18:01 gram_schmidt: Removing vector 99 of norm 0.0
18:01 gram_schmidt: Removing vector 100 of norm 0.0
18:01 gram_schmidt: Removing vector 101 of norm 0.0
</system-err></testcase><testcase classname="src.pymortests.algorithms.gram_schmidt" file="src/pymortests/algorithms/gram_schmidt.py" line="12" name="test_gram_schmidt[1-&lt;lambda&gt;5]" time="0.002707958221435547"></testcase><testcase classname="src.pymortests.algorithms.gram_schmidt" file="src/pymortests/algorithms/gram_schmidt.py" line="12" name="test_gram_schmidt[1-&lt;lambda&gt;6]" time="0.0024328231811523438"></testcase><testcase classname="src.pymortests.algorithms.gram_schmidt" file="src/pymortests/algorithms/gram_schmidt.py" line="12" name="test_gram_schmidt[1-&lt;lambda&gt;7]" time="0.002391338348388672"></testcase><testcase classname="src.pymortests.algorithms.gram_schmidt" file="src/pymortests/algorithms/gram_schmidt.py" line="12" name="test_gram_schmidt[1-&lt;lambda&gt;8]" time="0.19451355934143066"><system-err>18:01 gram_schmidt: Orthonormalizing vector 31 again
18:01 gram_schmidt: Removing linear dependent vector 32
18:01 gram_schmidt: Removing linear dependent vector 33
18:01 gram_schmidt: Removing linear dependent vector 34
18:01 gram_schmidt: Removing linear dependent vector 35
18:01 gram_schmidt: Removing linear dependent vector 36
18:01 gram_schmidt: Removing linear dependent vector 37
18:01 gram_schmidt: Removing linear dependent vector 38
18:01 gram_schmidt: Removing linear dependent vector 39
18:01 gram_schmidt: Removing linear dependent vector 40
18:01 gram_schmidt: Removing linear dependent vector 41
18:01 gram_schmidt: Removing linear dependent vector 42
18:01 gram_schmidt: Orthonormalizing vector 31 again
18:01 gram_schmidt: Removing linear dependent vector 32
18:01 gram_schmidt: Removing linear dependent vector 33
18:01 gram_schmidt: Removing linear dependent vector 34
18:01 gram_schmidt: Removing linear dependent vector 35
18:01 gram_schmidt: Removing linear dependent vector 36
18:01 gram_schmidt: Removing linear dependent vector 37
18:01 gram_schmidt: Removing linear dependent vector 38
18:01 gram_schmidt: Removing linear dependent vector 39
18:01 gram_schmidt: Removing linear dependent vector 40
18:01 gram_schmidt: Removing linear dependent vector 41
18:01 gram_schmidt: Removing linear dependent vector 42
</system-err></testcase><testcase classname="src.pymortests.algorithms.gram_schmidt" file="src/pymortests/algorithms/gram_schmidt.py" line="12" name="test_gram_schmidt[1-&lt;lambda&gt;9]" time="0.026996612548828125"><system-err>18:01 gram_schmidt: Removing vector 0 of norm 0.0
18:01 gram_schmidt: Removing vector 1 of norm 0.0
18:01 gram_schmidt: Removing vector 2 of norm 0.0
18:01 gram_schmidt: Removing vector 3 of norm 0.0
18:01 gram_schmidt: Removing vector 4 of norm 0.0
18:01 gram_schmidt: Removing vector 5 of norm 0.0
18:01 gram_schmidt: Removing vector 6 of norm 0.0
18:01 gram_schmidt: Removing vector 7 of norm 0.0
18:01 gram_schmidt: Removing vector 8 of norm 0.0
18:01 gram_schmidt: Removing vector 9 of norm 0.0
18:01 gram_schmidt: Removing vector 10 of norm 0.0
18:01 gram_schmidt: Removing vector 11 of norm 0.0
18:01 gram_schmidt: Removing vector 12 of norm 0.0
18:01 gram_schmidt: Removing vector 13 of norm 0.0
18:01 gram_schmidt: Removing vector 14 of norm 0.0
18:01 gram_schmidt: Removing vector 15 of norm 0.0
18:01 gram_schmidt: Removing vector 16 of norm 0.0
18:01 gram_schmidt: Removing vector 17 of norm 0.0
18:01 gram_schmidt: Removing vector 18 of norm 0.0
18:01 gram_schmidt: Removing vector 19 of norm 0.0
18:01 gram_schmidt: Removing vector 20 of norm 0.0
18:01 gram_schmidt: Removing vector 21 of norm 0.0
18:01 gram_schmidt: Removing vector 22 of norm 0.0
18:01 gram_schmidt: Removing vector 23 of norm 0.0
18:01 gram_schmidt: Removing vector 24 of norm 0.0
18:01 gram_schmidt: Removing vector 25 of norm 0.0
18:01 gram_schmidt: Removing vector 26 of norm 0.0
18:01 gram_schmidt: Removing vector 27 of norm 0.0
18:01 gram_schmidt: Removing vector 28 of norm 0.0
18:01 gram_schmidt: Removing vector 29 of norm 0.0
18:01 gram_schmidt: Removing vector 30 of norm 0.0
18:01 gram_schmidt: Removing vector 31 of norm 0.0
18:01 gram_schmidt: Removing vector 32 of norm 0.0
18:01 gram_schmidt: Removing vector 33 of norm 0.0
18:01 gram_schmidt: Removing vector 34 of norm 0.0
18:01 gram_schmidt: Removing vector 35 of norm 0.0
18:01 gram_schmidt: Removing vector 36 of norm 0.0
18:01 gram_schmidt: Removing vector 37 of norm 0.0
18:01 gram_schmidt: Removing vector 38 of norm 0.0
18:01 gram_schmidt: Removing vector 39 of norm 0.0
18:01 gram_schmidt: Removing vector 40 of norm 0.0
18:01 gram_schmidt: Removing vector 41 of norm 0.0
18:01 gram_schmidt: Removing vector 42 of norm 0.0
18:01 gram_schmidt: Removing vector 43 of norm 0.0
18:01 gram_schmidt: Removing vector 44 of norm 0.0
18:01 gram_schmidt: Removing vector 45 of norm 0.0
18:01 gram_schmidt: Removing vector 46 of norm 0.0
18:01 gram_schmidt: Removing vector 47 of norm 0.0
18:01 gram_schmidt: Removing vector 48 of norm 0.0
18:01 gram_schmidt: Removing vector 49 of norm 0.0
18:01 gram_schmidt: Removing vector 50 of norm 0.0
18:01 gram_schmidt: Removing vector 51 of norm 0.0
18:01 gram_schmidt: Removing vector 52 of norm 0.0
18:01 gram_schmidt: Removing vector 53 of norm 0.0
18:01 gram_schmidt: Removing vector 54 of norm 0.0
18:01 gram_schmidt: Removing vector 55 of norm 0.0
18:01 gram_schmidt: Removing vector 56 of norm 0.0
18:01 gram_schmidt: Removing vector 57 of norm 0.0
18:01 gram_schmidt: Removing vector 58 of norm 0.0
18:01 gram_schmidt: Removing vector 59 of norm 0.0
18:01 gram_schmidt: Removing vector 60 of norm 0.0
18:01 gram_schmidt: Removing vector 61 of norm 0.0
18:01 gram_schmidt: Removing vector 62 of norm 0.0
18:01 gram_schmidt: Removing vector 63 of norm 0.0
18:01 gram_schmidt: Removing vector 64 of norm 0.0
18:01 gram_schmidt: Removing vector 65 of norm 0.0
18:01 gram_schmidt: Removing vector 66 of norm 0.0
18:01 gram_schmidt: Removing vector 67 of norm 0.0
18:01 gram_schmidt: Removing vector 68 of norm 0.0
18:01 gram_schmidt: Removing vector 69 of norm 0.0
18:01 gram_schmidt: Removing vector 70 of norm 0.0
18:01 gram_schmidt: Removing vector 71 of norm 0.0
18:01 gram_schmidt: Removing vector 72 of norm 0.0
18:01 gram_schmidt: Removing vector 73 of norm 0.0
18:01 gram_schmidt: Removing vector 74 of norm 0.0
18:01 gram_schmidt: Removing vector 75 of norm 0.0
18:01 gram_schmidt: Removing vector 76 of norm 0.0
18:01 gram_schmidt: Removing vector 77 of norm 0.0
18:01 gram_schmidt: Removing vector 78 of norm 0.0
18:01 gram_schmidt: Removing vector 79 of norm 0.0
18:01 gram_schmidt: Removing vector 80 of norm 0.0
18:01 gram_schmidt: Removing vector 81 of norm 0.0
18:01 gram_schmidt: Removing vector 82 of norm 0.0
18:01 gram_schmidt: Removing vector 83 of norm 0.0
18:01 gram_schmidt: Removing vector 84 of norm 0.0
18:01 gram_schmidt: Removing vector 85 of norm 0.0
18:01 gram_schmidt: Removing vector 86 of norm 0.0
18:01 gram_schmidt: Removing vector 87 of norm 0.0
18:01 gram_schmidt: Removing vector 88 of norm 0.0
18:01 gram_schmidt: Removing vector 89 of norm 0.0
18:01 gram_schmidt: Removing vector 90 of norm 0.0
18:01 gram_schmidt: Removing vector 91 of norm 0.0
18:01 gram_schmidt: Removing vector 92 of norm 0.0
18:01 gram_schmidt: Removing vector 93 of norm 0.0
18:01 gram_schmidt: Removing vector 94 of norm 0.0
18:01 gram_schmidt: Removing vector 95 of norm 0.0
18:01 gram_schmidt: Removing vector 96 of norm 0.0
18:01 gram_schmidt: Removing vector 97 of norm 0.0
18:01 gram_schmidt: Removing vector 98 of norm 0.0
18:01 gram_schmidt: Removing vector 99 of norm 0.0
18:01 gram_schmidt: Removing vector 100 of norm 0.0
18:01 gram_schmidt: Removing vector 101 of norm 0.0
18:01 gram_schmidt: Removing vector 0 of norm 0.0
18:01 gram_schmidt: Removing vector 1 of norm 0.0
18:01 gram_schmidt: Removing vector 2 of norm 0.0
18:01 gram_schmidt: Removing vector 3 of norm 0.0
18:01 gram_schmidt: Removing vector 4 of norm 0.0
18:01 gram_schmidt: Removing vector 5 of norm 0.0
18:01 gram_schmidt: Removing vector 6 of norm 0.0
18:01 gram_schmidt: Removing vector 7 of norm 0.0
18:01 gram_schmidt: Removing vector 8 of norm 0.0
18:01 gram_schmidt: Removing vector 9 of norm 0.0
18:01 gram_schmidt: Removing vector 10 of norm 0.0
18:01 gram_schmidt: Removing vector 11 of norm 0.0
18:01 gram_schmidt: Removing vector 12 of norm 0.0
18:01 gram_schmidt: Removing vector 13 of norm 0.0
18:01 gram_schmidt: Removing vector 14 of norm 0.0
18:01 gram_schmidt: Removing vector 15 of norm 0.0
18:01 gram_schmidt: Removing vector 16 of norm 0.0
18:01 gram_schmidt: Removing vector 17 of norm 0.0
18:01 gram_schmidt: Removing vector 18 of norm 0.0
18:01 gram_schmidt: Removing vector 19 of norm 0.0
18:01 gram_schmidt: Removing vector 20 of norm 0.0
18:01 gram_schmidt: Removing vector 21 of norm 0.0
18:01 gram_schmidt: Removing vector 22 of norm 0.0
18:01 gram_schmidt: Removing vector 23 of norm 0.0
18:01 gram_schmidt: Removing vector 24 of norm 0.0
18:01 gram_schmidt: Removing vector 25 of norm 0.0
18:01 gram_schmidt: Removing vector 26 of norm 0.0
18:01 gram_schmidt: Removing vector 27 of norm 0.0
18:01 gram_schmidt: Removing vector 28 of norm 0.0
18:01 gram_schmidt: Removing vector 29 of norm 0.0
18:01 gram_schmidt: Removing vector 30 of norm 0.0
18:01 gram_schmidt: Removing vector 31 of norm 0.0
18:01 gram_schmidt: Removing vector 32 of norm 0.0
18:01 gram_schmidt: Removing vector 33 of norm 0.0
18:01 gram_schmidt: Removing vector 34 of norm 0.0
18:01 gram_schmidt: Removing vector 35 of norm 0.0
18:01 gram_schmidt: Removing vector 36 of norm 0.0
18:01 gram_schmidt: Removing vector 37 of norm 0.0
18:01 gram_schmidt: Removing vector 38 of norm 0.0
18:01 gram_schmidt: Removing vector 39 of norm 0.0
18:01 gram_schmidt: Removing vector 40 of norm 0.0
18:01 gram_schmidt: Removing vector 41 of norm 0.0
18:01 gram_schmidt: Removing vector 42 of norm 0.0
18:01 gram_schmidt: Removing vector 43 of norm 0.0
18:01 gram_schmidt: Removing vector 44 of norm 0.0
18:01 gram_schmidt: Removing vector 45 of norm 0.0
18:01 gram_schmidt: Removing vector 46 of norm 0.0
18:01 gram_schmidt: Removing vector 47 of norm 0.0
18:01 gram_schmidt: Removing vector 48 of norm 0.0
18:01 gram_schmidt: Removing vector 49 of norm 0.0
18:01 gram_schmidt: Removing vector 50 of norm 0.0
18:01 gram_schmidt: Removing vector 51 of norm 0.0
18:01 gram_schmidt: Removing vector 52 of norm 0.0
18:01 gram_schmidt: Removing vector 53 of norm 0.0
18:01 gram_schmidt: Removing vector 54 of norm 0.0
18:01 gram_schmidt: Removing vector 55 of norm 0.0
18:01 gram_schmidt: Removing vector 56 of norm 0.0
18:01 gram_schmidt: Removing vector 57 of norm 0.0
18:01 gram_schmidt: Removing vector 58 of norm 0.0
18:01 gram_schmidt: Removing vector 59 of norm 0.0
18:01 gram_schmidt: Removing vector 60 of norm 0.0
18:01 gram_schmidt: Removing vector 61 of norm 0.0
18:01 gram_schmidt: Removing vector 62 of norm 0.0
18:01 gram_schmidt: Removing vector 63 of norm 0.0
18:01 gram_schmidt: Removing vector 64 of norm 0.0
18:01 gram_schmidt: Removing vector 65 of norm 0.0
18:01 gram_schmidt: Removing vector 66 of norm 0.0
18:01 gram_schmidt: Removing vector 67 of norm 0.0
18:01 gram_schmidt: Removing vector 68 of norm 0.0
18:01 gram_schmidt: Removing vector 69 of norm 0.0
18:01 gram_schmidt: Removing vector 70 of norm 0.0
18:01 gram_schmidt: Removing vector 71 of norm 0.0
18:01 gram_schmidt: Removing vector 72 of norm 0.0
18:01 gram_schmidt: Removing vector 73 of norm 0.0
18:01 gram_schmidt: Removing vector 74 of norm 0.0
18:01 gram_schmidt: Removing vector 75 of norm 0.0
18:01 gram_schmidt: Removing vector 76 of norm 0.0
18:01 gram_schmidt: Removing vector 77 of norm 0.0
18:01 gram_schmidt: Removing vector 78 of norm 0.0
18:01 gram_schmidt: Removing vector 79 of norm 0.0
18:01 gram_schmidt: Removing vector 80 of norm 0.0
18:01 gram_schmidt: Removing vector 81 of norm 0.0
18:01 gram_schmidt: Removing vector 82 of norm 0.0
18:01 gram_schmidt: Removing vector 83 of norm 0.0
18:01 gram_schmidt: Removing vector 84 of norm 0.0
18:01 gram_schmidt: Removing vector 85 of norm 0.0
18:01 gram_schmidt: Removing vector 86 of norm 0.0
18:01 gram_schmidt: Removing vector 87 of norm 0.0
18:01 gram_schmidt: Removing vector 88 of norm 0.0
18:01 gram_schmidt: Removing vector 89 of norm 0.0
18:01 gram_schmidt: Removing vector 90 of norm 0.0
18:01 gram_schmidt: Removing vector 91 of norm 0.0
18:01 gram_schmidt: Removing vector 92 of norm 0.0
18:01 gram_schmidt: Removing vector 93 of norm 0.0
18:01 gram_schmidt: Removing vector 94 of norm 0.0
18:01 gram_schmidt: Removing vector 95 of norm 0.0
18:01 gram_schmidt: Removing vector 96 of norm 0.0
18:01 gram_schmidt: Removing vector 97 of norm 0.0
18:01 gram_schmidt: Removing vector 98 of norm 0.0
18:01 gram_schmidt: Removing vector 99 of norm 0.0
18:01 gram_schmidt: Removing vector 100 of norm 0.0
18:01 gram_schmidt: Removing vector 101 of norm 0.0
</system-err></testcase><testcase classname="src.pymortests.algorithms.gram_schmidt" file="src/pymortests/algorithms/gram_schmidt.py" line="12" name="test_gram_schmidt[1-&lt;lambda&gt;10]" time="0.003393888473510742"></testcase><testcase classname="src.pymortests.algorithms.gram_schmidt" file="src/pymortests/algorithms/gram_schmidt.py" line="12" name="test_gram_schmidt[1-&lt;lambda&gt;11]" time="0.006672382354736328"><system-err>18:01 gram_schmidt: Removing linear dependent vector 3
18:01 gram_schmidt: Removing linear dependent vector 3
</system-err></testcase><testcase classname="src.pymortests.algorithms.gram_schmidt" file="src/pymortests/algorithms/gram_schmidt.py" line="12" name="test_gram_schmidt[1-&lt;lambda&gt;12]" time="0.0042133331298828125"><system-err>18:01 gram_schmidt: Removing vector 0 of norm 0.0
18:01 gram_schmidt: Removing vector 1 of norm 0.0
18:01 gram_schmidt: Removing vector 2 of norm 0.0
18:01 gram_schmidt: Removing vector 0 of norm 0.0
18:01 gram_schmidt: Removing vector 1 of norm 0.0
18:01 gram_schmidt: Removing vector 2 of norm 0.0
</system-err></testcase><testcase classname="src.pymortests.algorithms.gram_schmidt" file="src/pymortests/algorithms/gram_schmidt.py" line="12" name="test_gram_schmidt[1-&lt;lambda&gt;13]" time="0.0026543140411376953"></testcase><testcase classname="src.pymortests.algorithms.gram_schmidt" file="src/pymortests/algorithms/gram_schmidt.py" line="12" name="test_gram_schmidt[1-&lt;lambda&gt;14]" time="0.0046579837799072266"></testcase><testcase classname="src.pymortests.algorithms.gram_schmidt" file="src/pymortests/algorithms/gram_schmidt.py" line="12" name="test_gram_schmidt[1-&lt;lambda&gt;15]" time="0.37502336502075195"><system-err>18:01 gram_schmidt: Removing linear dependent vector 36
18:01 gram_schmidt: Removing linear dependent vector 37
18:01 gram_schmidt: Removing linear dependent vector 38
18:01 gram_schmidt: Removing linear dependent vector 39
18:01 gram_schmidt: Removing linear dependent vector 40
18:01 gram_schmidt: Removing linear dependent vector 41
18:01 gram_schmidt: Removing linear dependent vector 42
18:01 gram_schmidt: Removing linear dependent vector 36
18:01 gram_schmidt: Removing linear dependent vector 37
18:01 gram_schmidt: Removing linear dependent vector 38
18:01 gram_schmidt: Removing linear dependent vector 39
18:01 gram_schmidt: Removing linear dependent vector 40
18:01 gram_schmidt: Removing linear dependent vector 41
18:01 gram_schmidt: Removing linear dependent vector 42
</system-err></testcase><testcase classname="src.pymortests.algorithms.gram_schmidt" file="src/pymortests/algorithms/gram_schmidt.py" line="12" name="test_gram_schmidt[1-&lt;lambda&gt;16]" time="0.20068025588989258"><system-err>18:01 gram_schmidt: Removing linear dependent vector 3
18:01 gram_schmidt: Removing linear dependent vector 4
18:01 gram_schmidt: Removing linear dependent vector 5
18:01 gram_schmidt: Removing linear dependent vector 6
18:01 gram_schmidt: Removing linear dependent vector 7
18:01 gram_schmidt: Removing linear dependent vector 8
18:01 gram_schmidt: Removing linear dependent vector 9
18:01 gram_schmidt: Removing linear dependent vector 10
18:01 gram_schmidt: Removing linear dependent vector 11
18:01 gram_schmidt: Removing linear dependent vector 12
18:01 gram_schmidt: Removing linear dependent vector 13
18:01 gram_schmidt: Removing linear dependent vector 14
18:01 gram_schmidt: Removing linear dependent vector 15
18:01 gram_schmidt: Removing linear dependent vector 16
18:01 gram_schmidt: Removing linear dependent vector 17
18:01 gram_schmidt: Removing linear dependent vector 18
18:01 gram_schmidt: Removing linear dependent vector 19
18:01 gram_schmidt: Removing linear dependent vector 20
18:01 gram_schmidt: Removing linear dependent vector 21
18:01 gram_schmidt: Removing linear dependent vector 22
18:01 gram_schmidt: Removing linear dependent vector 23
18:01 gram_schmidt: Removing linear dependent vector 24
18:01 gram_schmidt: Removing linear dependent vector 25
18:01 gram_schmidt: Removing linear dependent vector 26
18:01 gram_schmidt: Removing linear dependent vector 27
18:01 gram_schmidt: Removing linear dependent vector 28
18:01 gram_schmidt: Removing linear dependent vector 29
18:01 gram_schmidt: Removing linear dependent vector 30
18:01 gram_schmidt: Removing linear dependent vector 31
18:01 gram_schmidt: Removing linear dependent vector 32
18:01 gram_schmidt: Removing linear dependent vector 33
18:01 gram_schmidt: Removing linear dependent vector 34
18:01 gram_schmidt: Removing linear dependent vector 35
18:01 gram_schmidt: Removing linear dependent vector 36
18:01 gram_schmidt: Removing linear dependent vector 37
18:01 gram_schmidt: Removing linear dependent vector 38
18:01 gram_schmidt: Removing linear dependent vector 39
18:01 gram_schmidt: Removing linear dependent vector 40
18:01 gram_schmidt: Removing linear dependent vector 41
18:01 gram_schmidt: Removing linear dependent vector 42
18:01 gram_schmidt: Removing linear dependent vector 43
18:01 gram_schmidt: Removing linear dependent vector 44
18:01 gram_schmidt: Removing linear dependent vector 45
18:01 gram_schmidt: Removing linear dependent vector 46
18:01 gram_schmidt: Removing linear dependent vector 47
18:01 gram_schmidt: Removing linear dependent vector 48
18:01 gram_schmidt: Removing linear dependent vector 49
18:01 gram_schmidt: Removing linear dependent vector 50
18:01 gram_schmidt: Removing linear dependent vector 51
18:01 gram_schmidt: Removing linear dependent vector 52
18:01 gram_schmidt: Removing linear dependent vector 53
18:01 gram_schmidt: Removing linear dependent vector 54
18:01 gram_schmidt: Removing linear dependent vector 55
18:01 gram_schmidt: Removing linear dependent vector 56
18:01 gram_schmidt: Removing linear dependent vector 57
18:01 gram_schmidt: Removing linear dependent vector 58
18:01 gram_schmidt: Removing linear dependent vector 59
18:01 gram_schmidt: Removing linear dependent vector 60
18:01 gram_schmidt: Removing linear dependent vector 61
18:01 gram_schmidt: Removing linear dependent vector 62
18:01 gram_schmidt: Removing linear dependent vector 63
18:01 gram_schmidt: Removing linear dependent vector 64
18:01 gram_schmidt: Removing linear dependent vector 65
18:01 gram_schmidt: Removing linear dependent vector 66
18:01 gram_schmidt: Removing linear dependent vector 67
18:01 gram_schmidt: Removing linear dependent vector 68
18:01 gram_schmidt: Removing linear dependent vector 69
18:01 gram_schmidt: Removing linear dependent vector 70
18:01 gram_schmidt: Removing linear dependent vector 71
18:01 gram_schmidt: Removing linear dependent vector 72
18:01 gram_schmidt: Removing linear dependent vector 73
18:01 gram_schmidt: Removing linear dependent vector 74
18:01 gram_schmidt: Removing linear dependent vector 75
18:01 gram_schmidt: Removing linear dependent vector 76
18:01 gram_schmidt: Removing linear dependent vector 77
18:01 gram_schmidt: Removing linear dependent vector 78
18:01 gram_schmidt: Removing linear dependent vector 79
18:01 gram_schmidt: Removing linear dependent vector 80
18:01 gram_schmidt: Removing linear dependent vector 81
18:01 gram_schmidt: Removing linear dependent vector 82
18:01 gram_schmidt: Removing linear dependent vector 83
18:01 gram_schmidt: Removing linear dependent vector 84
18:01 gram_schmidt: Removing linear dependent vector 85
18:01 gram_schmidt: Removing linear dependent vector 86
18:01 gram_schmidt: Removing linear dependent vector 87
18:01 gram_schmidt: Removing linear dependent vector 88
18:01 gram_schmidt: Removing linear dependent vector 89
18:01 gram_schmidt: Removing linear dependent vector 90
18:01 gram_schmidt: Removing linear dependent vector 91
18:01 gram_schmidt: Removing linear dependent vector 92
18:01 gram_schmidt: Removing linear dependent vector 93
18:01 gram_schmidt: Removing linear dependent vector 94
18:01 gram_schmidt: Removing linear dependent vector 95
18:01 gram_schmidt: Removing linear dependent vector 96
18:01 gram_schmidt: Removing linear dependent vector 97
18:01 gram_schmidt: Removing linear dependent vector 98
18:01 gram_schmidt: Removing linear dependent vector 99
18:01 gram_schmidt: Removing linear dependent vector 100
18:01 gram_schmidt: Removing linear dependent vector 101
18:01 gram_schmidt: Removing linear dependent vector 3
18:01 gram_schmidt: Removing linear dependent vector 4
18:01 gram_schmidt: Removing linear dependent vector 5
18:01 gram_schmidt: Removing linear dependent vector 6
18:01 gram_schmidt: Removing linear dependent vector 7
18:01 gram_schmidt: Removing linear dependent vector 8
18:01 gram_schmidt: Removing linear dependent vector 9
18:01 gram_schmidt: Removing linear dependent vector 10
18:01 gram_schmidt: Removing linear dependent vector 11
18:01 gram_schmidt: Removing linear dependent vector 12
18:01 gram_schmidt: Removing linear dependent vector 13
18:01 gram_schmidt: Removing linear dependent vector 14
18:01 gram_schmidt: Removing linear dependent vector 15
18:01 gram_schmidt: Removing linear dependent vector 16
18:01 gram_schmidt: Removing linear dependent vector 17
18:01 gram_schmidt: Removing linear dependent vector 18
18:01 gram_schmidt: Removing linear dependent vector 19
18:01 gram_schmidt: Removing linear dependent vector 20
18:01 gram_schmidt: Removing linear dependent vector 21
18:01 gram_schmidt: Removing linear dependent vector 22
18:01 gram_schmidt: Removing linear dependent vector 23
18:01 gram_schmidt: Removing linear dependent vector 24
18:01 gram_schmidt: Removing linear dependent vector 25
18:01 gram_schmidt: Removing linear dependent vector 26
18:01 gram_schmidt: Removing linear dependent vector 27
18:01 gram_schmidt: Removing linear dependent vector 28
18:01 gram_schmidt: Removing linear dependent vector 29
18:01 gram_schmidt: Removing linear dependent vector 30
18:01 gram_schmidt: Removing linear dependent vector 31
18:01 gram_schmidt: Removing linear dependent vector 32
18:01 gram_schmidt: Removing linear dependent vector 33
18:01 gram_schmidt: Removing linear dependent vector 34
18:01 gram_schmidt: Removing linear dependent vector 35
18:01 gram_schmidt: Removing linear dependent vector 36
18:01 gram_schmidt: Removing linear dependent vector 37
18:01 gram_schmidt: Removing linear dependent vector 38
18:01 gram_schmidt: Removing linear dependent vector 39
18:01 gram_schmidt: Removing linear dependent vector 40
18:01 gram_schmidt: Removing linear dependent vector 41
18:01 gram_schmidt: Removing linear dependent vector 42
18:01 gram_schmidt: Removing linear dependent vector 43
18:01 gram_schmidt: Removing linear dependent vector 44
18:01 gram_schmidt: Removing linear dependent vector 45
18:01 gram_schmidt: Removing linear dependent vector 46
18:01 gram_schmidt: Removing linear dependent vector 47
18:01 gram_schmidt: Removing linear dependent vector 48
18:01 gram_schmidt: Removing linear dependent vector 49
18:01 gram_schmidt: Removing linear dependent vector 50
18:01 gram_schmidt: Removing linear dependent vector 51
18:01 gram_schmidt: Removing linear dependent vector 52
18:01 gram_schmidt: Removing linear dependent vector 53
18:01 gram_schmidt: Removing linear dependent vector 54
18:01 gram_schmidt: Removing linear dependent vector 55
18:01 gram_schmidt: Removing linear dependent vector 56
18:01 gram_schmidt: Removing linear dependent vector 57
18:01 gram_schmidt: Removing linear dependent vector 58
18:01 gram_schmidt: Removing linear dependent vector 59
18:01 gram_schmidt: Removing linear dependent vector 60
18:01 gram_schmidt: Removing linear dependent vector 61
18:01 gram_schmidt: Removing linear dependent vector 62
18:01 gram_schmidt: Removing linear dependent vector 63
18:01 gram_schmidt: Removing linear dependent vector 64
18:01 gram_schmidt: Removing linear dependent vector 65
18:01 gram_schmidt: Removing linear dependent vector 66
18:01 gram_schmidt: Removing linear dependent vector 67
18:01 gram_schmidt: Removing linear dependent vector 68
18:01 gram_schmidt: Removing linear dependent vector 69
18:01 gram_schmidt: Removing linear dependent vector 70
18:01 gram_schmidt: Removing linear dependent vector 71
18:01 gram_schmidt: Removing linear dependent vector 72
18:01 gram_schmidt: Removing linear dependent vector 73
18:01 gram_schmidt: Removing linear dependent vector 74
18:01 gram_schmidt: Removing linear dependent vector 75
18:01 gram_schmidt: Removing linear dependent vector 76
18:01 gram_schmidt: Removing linear dependent vector 77
18:01 gram_schmidt: Removing linear dependent vector 78
18:01 gram_schmidt: Removing linear dependent vector 79
18:01 gram_schmidt: Removing linear dependent vector 80
18:01 gram_schmidt: Removing linear dependent vector 81
18:01 gram_schmidt: Removing linear dependent vector 82
18:01 gram_schmidt: Removing linear dependent vector 83
18:01 gram_schmidt: Removing linear dependent vector 84
18:01 gram_schmidt: Removing linear dependent vector 85
18:01 gram_schmidt: Removing linear dependent vector 86
18:01 gram_schmidt: Removing linear dependent vector 87
18:01 gram_schmidt: Removing linear dependent vector 88
18:01 gram_schmidt: Removing linear dependent vector 89
18:01 gram_schmidt: Removing linear dependent vector 90
18:01 gram_schmidt: Removing linear dependent vector 91
18:01 gram_schmidt: Removing linear dependent vector 92
18:01 gram_schmidt: Removing linear dependent vector 93
18:01 gram_schmidt: Removing linear dependent vector 94
18:01 gram_schmidt: Removing linear dependent vector 95
18:01 gram_schmidt: Removing linear dependent vector 96
18:01 gram_schmidt: Removing linear dependent vector 97
18:01 gram_schmidt: Removing linear dependent vector 98
18:01 gram_schmidt: Removing linear dependent vector 99
18:01 gram_schmidt: Removing linear dependent vector 100
18:01 gram_schmidt: Removing linear dependent vector 101
</system-err></testcase><testcase classname="src.pymortests.algorithms.gram_schmidt" file="src/pymortests/algorithms/gram_schmidt.py" line="12" name="test_gram_schmidt[1-&lt;lambda&gt;17]" time="0.0032329559326171875"></testcase><testcase classname="src.pymortests.algorithms.gram_schmidt" file="src/pymortests/algorithms/gram_schmidt.py" line="12" name="test_gram_schmidt[1-&lt;lambda&gt;18]" time="0.0023593902587890625"></testcase><testcase classname="src.pymortests.algorithms.gram_schmidt" file="src/pymortests/algorithms/gram_schmidt.py" line="12" name="test_gram_schmidt[1-&lt;lambda&gt;19]" time="0.0055310726165771484"></testcase><testcase classname="src.pymortests.algorithms.gram_schmidt" file="src/pymortests/algorithms/gram_schmidt.py" line="12" name="test_gram_schmidt[1-&lt;lambda&gt;20]" time="0.28397679328918457"></testcase><testcase classname="src.pymortests.algorithms.gram_schmidt" file="src/pymortests/algorithms/gram_schmidt.py" line="12" name="test_gram_schmidt[1-&lt;lambda&gt;21]" time="1.5294444561004639"></testcase><testcase classname="src.pymortests.algorithms.gram_schmidt" file="src/pymortests/algorithms/gram_schmidt.py" line="12" name="test_gram_schmidt[1-&lt;lambda&gt;22]" time="0.0025904178619384766"></testcase><testcase classname="src.pymortests.algorithms.gram_schmidt" file="src/pymortests/algorithms/gram_schmidt.py" line="12" name="test_gram_schmidt[1-&lt;lambda&gt;23]" time="0.0017435550689697266"></testcase><testcase classname="src.pymortests.algorithms.gram_schmidt" file="src/pymortests/algorithms/gram_schmidt.py" line="12" name="test_gram_schmidt[1-&lt;lambda&gt;24]" time="0.008357048034667969"></testcase><testcase classname="src.pymortests.algorithms.gram_schmidt" file="src/pymortests/algorithms/gram_schmidt.py" line="12" name="test_gram_schmidt[1-&lt;lambda&gt;25]" time="0.41631269454956055"><system-err>18:03 gram_schmidt: Orthonormalizing vector 31 again
18:03 gram_schmidt: Removing linear dependent vector 32
18:03 gram_schmidt: Removing linear dependent vector 33
18:03 gram_schmidt: Removing linear dependent vector 34
18:03 gram_schmidt: Removing linear dependent vector 35
18:03 gram_schmidt: Removing linear dependent vector 36
18:03 gram_schmidt: Removing linear dependent vector 37
18:03 gram_schmidt: Removing linear dependent vector 38
18:03 gram_schmidt: Removing linear dependent vector 39
18:03 gram_schmidt: Removing linear dependent vector 40
18:03 gram_schmidt: Removing linear dependent vector 41
18:03 gram_schmidt: Removing linear dependent vector 42
18:04 gram_schmidt: Orthonormalizing vector 31 again
18:04 gram_schmidt: Removing linear dependent vector 32
18:04 gram_schmidt: Removing linear dependent vector 33
18:04 gram_schmidt: Removing linear dependent vector 34
18:04 gram_schmidt: Removing linear dependent vector 35
18:04 gram_schmidt: Removing linear dependent vector 36
18:04 gram_schmidt: Removing linear dependent vector 37
18:04 gram_schmidt: Removing linear dependent vector 38
18:04 gram_schmidt: Removing linear dependent vector 39
18:04 gram_schmidt: Removing linear dependent vector 40
18:04 gram_schmidt: Removing linear dependent vector 41
18:04 gram_schmidt: Removing linear dependent vector 42
</system-err></testcase><testcase classname="src.pymortests.algorithms.gram_schmidt" file="src/pymortests/algorithms/gram_schmidt.py" line="12" name="test_gram_schmidt[1-&lt;lambda&gt;26]" time="0.24387311935424805"><system-err>18:04 gram_schmidt: Removing vector 0 of norm 0.0
18:04 gram_schmidt: Removing vector 1 of norm 0.0
18:04 gram_schmidt: Removing vector 2 of norm 0.0
18:04 gram_schmidt: Removing vector 3 of norm 0.0
18:04 gram_schmidt: Removing vector 4 of norm 0.0
18:04 gram_schmidt: Removing vector 5 of norm 0.0
18:04 gram_schmidt: Removing vector 6 of norm 0.0
18:04 gram_schmidt: Removing vector 7 of norm 0.0
18:04 gram_schmidt: Removing vector 8 of norm 0.0
18:04 gram_schmidt: Removing vector 9 of norm 0.0
18:04 gram_schmidt: Removing vector 10 of norm 0.0
18:04 gram_schmidt: Removing vector 11 of norm 0.0
18:04 gram_schmidt: Removing vector 12 of norm 0.0
18:04 gram_schmidt: Removing vector 13 of norm 0.0
18:04 gram_schmidt: Removing vector 14 of norm 0.0
18:04 gram_schmidt: Removing vector 15 of norm 0.0
18:04 gram_schmidt: Removing vector 16 of norm 0.0
18:04 gram_schmidt: Removing vector 17 of norm 0.0
18:04 gram_schmidt: Removing vector 18 of norm 0.0
18:04 gram_schmidt: Removing vector 19 of norm 0.0
18:04 gram_schmidt: Removing vector 20 of norm 0.0
18:04 gram_schmidt: Removing vector 21 of norm 0.0
18:04 gram_schmidt: Removing vector 22 of norm 0.0
18:04 gram_schmidt: Removing vector 23 of norm 0.0
18:04 gram_schmidt: Removing vector 24 of norm 0.0
18:04 gram_schmidt: Removing vector 25 of norm 0.0
18:04 gram_schmidt: Removing vector 26 of norm 0.0
18:04 gram_schmidt: Removing vector 27 of norm 0.0
18:04 gram_schmidt: Removing vector 28 of norm 0.0
18:04 gram_schmidt: Removing vector 29 of norm 0.0
18:04 gram_schmidt: Removing vector 30 of norm 0.0
18:04 gram_schmidt: Removing vector 31 of norm 0.0
18:04 gram_schmidt: Removing vector 32 of norm 0.0
18:04 gram_schmidt: Removing vector 33 of norm 0.0
18:04 gram_schmidt: Removing vector 34 of norm 0.0
18:04 gram_schmidt: Removing vector 35 of norm 0.0
18:04 gram_schmidt: Removing vector 36 of norm 0.0
18:04 gram_schmidt: Removing vector 37 of norm 0.0
18:04 gram_schmidt: Removing vector 38 of norm 0.0
18:04 gram_schmidt: Removing vector 39 of norm 0.0
18:04 gram_schmidt: Removing vector 40 of norm 0.0
18:04 gram_schmidt: Removing vector 41 of norm 0.0
18:04 gram_schmidt: Removing vector 42 of norm 0.0
18:04 gram_schmidt: Removing vector 43 of norm 0.0
18:04 gram_schmidt: Removing vector 44 of norm 0.0
18:04 gram_schmidt: Removing vector 45 of norm 0.0
18:04 gram_schmidt: Removing vector 46 of norm 0.0
18:04 gram_schmidt: Removing vector 47 of norm 0.0
18:04 gram_schmidt: Removing vector 48 of norm 0.0
18:04 gram_schmidt: Removing vector 49 of norm 0.0
18:04 gram_schmidt: Removing vector 50 of norm 0.0
18:04 gram_schmidt: Removing vector 51 of norm 0.0
18:04 gram_schmidt: Removing vector 52 of norm 0.0
18:04 gram_schmidt: Removing vector 53 of norm 0.0
18:04 gram_schmidt: Removing vector 54 of norm 0.0
18:04 gram_schmidt: Removing vector 55 of norm 0.0
18:04 gram_schmidt: Removing vector 56 of norm 0.0
18:04 gram_schmidt: Removing vector 57 of norm 0.0
18:04 gram_schmidt: Removing vector 58 of norm 0.0
18:04 gram_schmidt: Removing vector 59 of norm 0.0
18:04 gram_schmidt: Removing vector 60 of norm 0.0
18:04 gram_schmidt: Removing vector 61 of norm 0.0
18:04 gram_schmidt: Removing vector 62 of norm 0.0
18:04 gram_schmidt: Removing vector 63 of norm 0.0
18:04 gram_schmidt: Removing vector 64 of norm 0.0
18:04 gram_schmidt: Removing vector 65 of norm 0.0
18:04 gram_schmidt: Removing vector 66 of norm 0.0
18:04 gram_schmidt: Removing vector 67 of norm 0.0
18:04 gram_schmidt: Removing vector 68 of norm 0.0
18:04 gram_schmidt: Removing vector 69 of norm 0.0
18:04 gram_schmidt: Removing vector 70 of norm 0.0
18:04 gram_schmidt: Removing vector 71 of norm 0.0
18:04 gram_schmidt: Removing vector 72 of norm 0.0
18:04 gram_schmidt: Removing vector 73 of norm 0.0
18:04 gram_schmidt: Removing vector 74 of norm 0.0
18:04 gram_schmidt: Removing vector 75 of norm 0.0
18:04 gram_schmidt: Removing vector 76 of norm 0.0
18:04 gram_schmidt: Removing vector 77 of norm 0.0
18:04 gram_schmidt: Removing vector 78 of norm 0.0
18:04 gram_schmidt: Removing vector 79 of norm 0.0
18:04 gram_schmidt: Removing vector 80 of norm 0.0
18:04 gram_schmidt: Removing vector 81 of norm 0.0
18:04 gram_schmidt: Removing vector 82 of norm 0.0
18:04 gram_schmidt: Removing vector 83 of norm 0.0
18:04 gram_schmidt: Removing vector 84 of norm 0.0
18:04 gram_schmidt: Removing vector 85 of norm 0.0
18:04 gram_schmidt: Removing vector 86 of norm 0.0
18:04 gram_schmidt: Removing vector 87 of norm 0.0
18:04 gram_schmidt: Removing vector 88 of norm 0.0
18:04 gram_schmidt: Removing vector 89 of norm 0.0
18:04 gram_schmidt: Removing vector 90 of norm 0.0
18:04 gram_schmidt: Removing vector 91 of norm 0.0
18:04 gram_schmidt: Removing vector 92 of norm 0.0
18:04 gram_schmidt: Removing vector 93 of norm 0.0
18:04 gram_schmidt: Removing vector 94 of norm 0.0
18:04 gram_schmidt: Removing vector 95 of norm 0.0
18:04 gram_schmidt: Removing vector 96 of norm 0.0
18:04 gram_schmidt: Removing vector 97 of norm 0.0
18:04 gram_schmidt: Removing vector 98 of norm 0.0
18:04 gram_schmidt: Removing vector 99 of norm 0.0
18:04 gram_schmidt: Removing vector 100 of norm 0.0
18:04 gram_schmidt: Removing vector 101 of norm 0.0
18:04 gram_schmidt: Removing vector 0 of norm 0.0
18:04 gram_schmidt: Removing vector 1 of norm 0.0
18:04 gram_schmidt: Removing vector 2 of norm 0.0
18:04 gram_schmidt: Removing vector 3 of norm 0.0
18:04 gram_schmidt: Removing vector 4 of norm 0.0
18:04 gram_schmidt: Removing vector 5 of norm 0.0
18:04 gram_schmidt: Removing vector 6 of norm 0.0
18:04 gram_schmidt: Removing vector 7 of norm 0.0
18:04 gram_schmidt: Removing vector 8 of norm 0.0
18:04 gram_schmidt: Removing vector 9 of norm 0.0
18:04 gram_schmidt: Removing vector 10 of norm 0.0
18:04 gram_schmidt: Removing vector 11 of norm 0.0
18:04 gram_schmidt: Removing vector 12 of norm 0.0
18:04 gram_schmidt: Removing vector 13 of norm 0.0
18:04 gram_schmidt: Removing vector 14 of norm 0.0
18:04 gram_schmidt: Removing vector 15 of norm 0.0
18:04 gram_schmidt: Removing vector 16 of norm 0.0
18:04 gram_schmidt: Removing vector 17 of norm 0.0
18:04 gram_schmidt: Removing vector 18 of norm 0.0
18:04 gram_schmidt: Removing vector 19 of norm 0.0
18:04 gram_schmidt: Removing vector 20 of norm 0.0
18:04 gram_schmidt: Removing vector 21 of norm 0.0
18:04 gram_schmidt: Removing vector 22 of norm 0.0
18:04 gram_schmidt: Removing vector 23 of norm 0.0
18:04 gram_schmidt: Removing vector 24 of norm 0.0
18:04 gram_schmidt: Removing vector 25 of norm 0.0
18:04 gram_schmidt: Removing vector 26 of norm 0.0
18:04 gram_schmidt: Removing vector 27 of norm 0.0
18:04 gram_schmidt: Removing vector 28 of norm 0.0
18:04 gram_schmidt: Removing vector 29 of norm 0.0
18:04 gram_schmidt: Removing vector 30 of norm 0.0
18:04 gram_schmidt: Removing vector 31 of norm 0.0
18:04 gram_schmidt: Removing vector 32 of norm 0.0
18:04 gram_schmidt: Removing vector 33 of norm 0.0
18:04 gram_schmidt: Removing vector 34 of norm 0.0
18:04 gram_schmidt: Removing vector 35 of norm 0.0
18:04 gram_schmidt: Removing vector 36 of norm 0.0
18:04 gram_schmidt: Removing vector 37 of norm 0.0
18:04 gram_schmidt: Removing vector 38 of norm 0.0
18:04 gram_schmidt: Removing vector 39 of norm 0.0
18:04 gram_schmidt: Removing vector 40 of norm 0.0
18:04 gram_schmidt: Removing vector 41 of norm 0.0
18:04 gram_schmidt: Removing vector 42 of norm 0.0
18:04 gram_schmidt: Removing vector 43 of norm 0.0
18:04 gram_schmidt: Removing vector 44 of norm 0.0
18:04 gram_schmidt: Removing vector 45 of norm 0.0
18:04 gram_schmidt: Removing vector 46 of norm 0.0
18:04 gram_schmidt: Removing vector 47 of norm 0.0
18:04 gram_schmidt: Removing vector 48 of norm 0.0
18:04 gram_schmidt: Removing vector 49 of norm 0.0
18:04 gram_schmidt: Removing vector 50 of norm 0.0
18:04 gram_schmidt: Removing vector 51 of norm 0.0
18:04 gram_schmidt: Removing vector 52 of norm 0.0
18:04 gram_schmidt: Removing vector 53 of norm 0.0
18:04 gram_schmidt: Removing vector 54 of norm 0.0
18:04 gram_schmidt: Removing vector 55 of norm 0.0
18:04 gram_schmidt: Removing vector 56 of norm 0.0
18:04 gram_schmidt: Removing vector 57 of norm 0.0
18:04 gram_schmidt: Removing vector 58 of norm 0.0
18:04 gram_schmidt: Removing vector 59 of norm 0.0
18:04 gram_schmidt: Removing vector 60 of norm 0.0
18:04 gram_schmidt: Removing vector 61 of norm 0.0
18:04 gram_schmidt: Removing vector 62 of norm 0.0
18:04 gram_schmidt: Removing vector 63 of norm 0.0
18:04 gram_schmidt: Removing vector 64 of norm 0.0
18:04 gram_schmidt: Removing vector 65 of norm 0.0
18:04 gram_schmidt: Removing vector 66 of norm 0.0
18:04 gram_schmidt: Removing vector 67 of norm 0.0
18:04 gram_schmidt: Removing vector 68 of norm 0.0
18:04 gram_schmidt: Removing vector 69 of norm 0.0
18:04 gram_schmidt: Removing vector 70 of norm 0.0
18:04 gram_schmidt: Removing vector 71 of norm 0.0
18:04 gram_schmidt: Removing vector 72 of norm 0.0
18:04 gram_schmidt: Removing vector 73 of norm 0.0
18:04 gram_schmidt: Removing vector 74 of norm 0.0
18:04 gram_schmidt: Removing vector 75 of norm 0.0
18:04 gram_schmidt: Removing vector 76 of norm 0.0
18:04 gram_schmidt: Removing vector 77 of norm 0.0
18:04 gram_schmidt: Removing vector 78 of norm 0.0
18:04 gram_schmidt: Removing vector 79 of norm 0.0
18:04 gram_schmidt: Removing vector 80 of norm 0.0
18:04 gram_schmidt: Removing vector 81 of norm 0.0
18:04 gram_schmidt: Removing vector 82 of norm 0.0
18:04 gram_schmidt: Removing vector 83 of norm 0.0
18:04 gram_schmidt: Removing vector 84 of norm 0.0
18:04 gram_schmidt: Removing vector 85 of norm 0.0
18:04 gram_schmidt: Removing vector 86 of norm 0.0
18:04 gram_schmidt: Removing vector 87 of norm 0.0
18:04 gram_schmidt: Removing vector 88 of norm 0.0
18:04 gram_schmidt: Removing vector 89 of norm 0.0
18:04 gram_schmidt: Removing vector 90 of norm 0.0
18:04 gram_schmidt: Removing vector 91 of norm 0.0
18:04 gram_schmidt: Removing vector 92 of norm 0.0
18:04 gram_schmidt: Removing vector 93 of norm 0.0
18:04 gram_schmidt: Removing vector 94 of norm 0.0
18:04 gram_schmidt: Removing vector 95 of norm 0.0
18:04 gram_schmidt: Removing vector 96 of norm 0.0
18:04 gram_schmidt: Removing vector 97 of norm 0.0
18:04 gram_schmidt: Removing vector 98 of norm 0.0
18:04 gram_schmidt: Removing vector 99 of norm 0.0
18:04 gram_schmidt: Removing vector 100 of norm 0.0
18:04 gram_schmidt: Removing vector 101 of norm 0.0
</system-err></testcase><testcase classname="src.pymortests.algorithms.gram_schmidt" file="src/pymortests/algorithms/gram_schmidt.py" line="12" name="test_gram_schmidt[2-&lt;lambda&gt;0]" time="0.002660036087036133"></testcase><testcase classname="src.pymortests.algorithms.gram_schmidt" file="src/pymortests/algorithms/gram_schmidt.py" line="12" name="test_gram_schmidt[2-&lt;lambda&gt;1]" time="0.002089977264404297"></testcase><testcase classname="src.pymortests.algorithms.gram_schmidt" file="src/pymortests/algorithms/gram_schmidt.py" line="12" name="test_gram_schmidt[2-&lt;lambda&gt;2]" time="0.0021288394927978516"></testcase><testcase classname="src.pymortests.algorithms.gram_schmidt" file="src/pymortests/algorithms/gram_schmidt.py" line="12" name="test_gram_schmidt[2-&lt;lambda&gt;3]" time="0.10033035278320312"><system-err>18:04 gram_schmidt: Orthonormalizing vector 31 again
18:04 gram_schmidt: Removing linear dependent vector 32
18:04 gram_schmidt: Removing linear dependent vector 33
18:04 gram_schmidt: Removing linear dependent vector 34
18:04 gram_schmidt: Removing linear dependent vector 35
18:04 gram_schmidt: Removing linear dependent vector 36
18:04 gram_schmidt: Removing linear dependent vector 37
18:04 gram_schmidt: Removing linear dependent vector 38
18:04 gram_schmidt: Removing linear dependent vector 39
18:04 gram_schmidt: Removing linear dependent vector 40
18:04 gram_schmidt: Removing linear dependent vector 41
18:04 gram_schmidt: Removing linear dependent vector 42
18:04 gram_schmidt: Orthonormalizing vector 31 again
18:04 gram_schmidt: Removing linear dependent vector 32
18:04 gram_schmidt: Removing linear dependent vector 33
18:04 gram_schmidt: Removing linear dependent vector 34
18:04 gram_schmidt: Removing linear dependent vector 35
18:04 gram_schmidt: Removing linear dependent vector 36
18:04 gram_schmidt: Removing linear dependent vector 37
18:04 gram_schmidt: Removing linear dependent vector 38
18:04 gram_schmidt: Removing linear dependent vector 39
18:04 gram_schmidt: Removing linear dependent vector 40
18:04 gram_schmidt: Removing linear dependent vector 41
18:04 gram_schmidt: Removing linear dependent vector 42
</system-err></testcase><testcase classname="src.pymortests.algorithms.gram_schmidt" file="src/pymortests/algorithms/gram_schmidt.py" line="12" name="test_gram_schmidt[2-&lt;lambda&gt;4]" time="0.021461009979248047"><system-err>18:04 gram_schmidt: Removing vector 0 of norm 0.0
18:04 gram_schmidt: Removing vector 1 of norm 0.0
18:04 gram_schmidt: Removing vector 2 of norm 0.0
18:04 gram_schmidt: Removing vector 3 of norm 0.0
18:04 gram_schmidt: Removing vector 4 of norm 0.0
18:04 gram_schmidt: Removing vector 5 of norm 0.0
18:04 gram_schmidt: Removing vector 6 of norm 0.0
18:04 gram_schmidt: Removing vector 7 of norm 0.0
18:04 gram_schmidt: Removing vector 8 of norm 0.0
18:04 gram_schmidt: Removing vector 9 of norm 0.0
18:04 gram_schmidt: Removing vector 10 of norm 0.0
18:04 gram_schmidt: Removing vector 11 of norm 0.0
18:04 gram_schmidt: Removing vector 12 of norm 0.0
18:04 gram_schmidt: Removing vector 13 of norm 0.0
18:04 gram_schmidt: Removing vector 14 of norm 0.0
18:04 gram_schmidt: Removing vector 15 of norm 0.0
18:04 gram_schmidt: Removing vector 16 of norm 0.0
18:04 gram_schmidt: Removing vector 17 of norm 0.0
18:04 gram_schmidt: Removing vector 18 of norm 0.0
18:04 gram_schmidt: Removing vector 19 of norm 0.0
18:04 gram_schmidt: Removing vector 20 of norm 0.0
18:04 gram_schmidt: Removing vector 21 of norm 0.0
18:04 gram_schmidt: Removing vector 22 of norm 0.0
18:04 gram_schmidt: Removing vector 23 of norm 0.0
18:04 gram_schmidt: Removing vector 24 of norm 0.0
18:04 gram_schmidt: Removing vector 25 of norm 0.0
18:04 gram_schmidt: Removing vector 26 of norm 0.0
18:04 gram_schmidt: Removing vector 27 of norm 0.0
18:04 gram_schmidt: Removing vector 28 of norm 0.0
18:04 gram_schmidt: Removing vector 29 of norm 0.0
18:04 gram_schmidt: Removing vector 30 of norm 0.0
18:04 gram_schmidt: Removing vector 31 of norm 0.0
18:04 gram_schmidt: Removing vector 32 of norm 0.0
18:04 gram_schmidt: Removing vector 33 of norm 0.0
18:04 gram_schmidt: Removing vector 34 of norm 0.0
18:04 gram_schmidt: Removing vector 35 of norm 0.0
18:04 gram_schmidt: Removing vector 36 of norm 0.0
18:04 gram_schmidt: Removing vector 37 of norm 0.0
18:04 gram_schmidt: Removing vector 38 of norm 0.0
18:04 gram_schmidt: Removing vector 39 of norm 0.0
18:04 gram_schmidt: Removing vector 40 of norm 0.0
18:04 gram_schmidt: Removing vector 41 of norm 0.0
18:04 gram_schmidt: Removing vector 42 of norm 0.0
18:04 gram_schmidt: Removing vector 43 of norm 0.0
18:04 gram_schmidt: Removing vector 44 of norm 0.0
18:04 gram_schmidt: Removing vector 45 of norm 0.0
18:04 gram_schmidt: Removing vector 46 of norm 0.0
18:04 gram_schmidt: Removing vector 47 of norm 0.0
18:04 gram_schmidt: Removing vector 48 of norm 0.0
18:04 gram_schmidt: Removing vector 49 of norm 0.0
18:04 gram_schmidt: Removing vector 50 of norm 0.0
18:04 gram_schmidt: Removing vector 51 of norm 0.0
18:04 gram_schmidt: Removing vector 52 of norm 0.0
18:04 gram_schmidt: Removing vector 53 of norm 0.0
18:04 gram_schmidt: Removing vector 54 of norm 0.0
18:04 gram_schmidt: Removing vector 55 of norm 0.0
18:04 gram_schmidt: Removing vector 56 of norm 0.0
18:04 gram_schmidt: Removing vector 57 of norm 0.0
18:04 gram_schmidt: Removing vector 58 of norm 0.0
18:04 gram_schmidt: Removing vector 59 of norm 0.0
18:04 gram_schmidt: Removing vector 60 of norm 0.0
18:04 gram_schmidt: Removing vector 61 of norm 0.0
18:04 gram_schmidt: Removing vector 62 of norm 0.0
18:04 gram_schmidt: Removing vector 63 of norm 0.0
18:04 gram_schmidt: Removing vector 64 of norm 0.0
18:04 gram_schmidt: Removing vector 65 of norm 0.0
18:04 gram_schmidt: Removing vector 66 of norm 0.0
18:04 gram_schmidt: Removing vector 67 of norm 0.0
18:04 gram_schmidt: Removing vector 68 of norm 0.0
18:04 gram_schmidt: Removing vector 69 of norm 0.0
18:04 gram_schmidt: Removing vector 70 of norm 0.0
18:04 gram_schmidt: Removing vector 71 of norm 0.0
18:04 gram_schmidt: Removing vector 72 of norm 0.0
18:04 gram_schmidt: Removing vector 73 of norm 0.0
18:04 gram_schmidt: Removing vector 74 of norm 0.0
18:04 gram_schmidt: Removing vector 75 of norm 0.0
18:04 gram_schmidt: Removing vector 76 of norm 0.0
18:04 gram_schmidt: Removing vector 77 of norm 0.0
18:04 gram_schmidt: Removing vector 78 of norm 0.0
18:04 gram_schmidt: Removing vector 79 of norm 0.0
18:04 gram_schmidt: Removing vector 80 of norm 0.0
18:04 gram_schmidt: Removing vector 81 of norm 0.0
18:04 gram_schmidt: Removing vector 82 of norm 0.0
18:04 gram_schmidt: Removing vector 83 of norm 0.0
18:04 gram_schmidt: Removing vector 84 of norm 0.0
18:04 gram_schmidt: Removing vector 85 of norm 0.0
18:04 gram_schmidt: Removing vector 86 of norm 0.0
18:04 gram_schmidt: Removing vector 87 of norm 0.0
18:04 gram_schmidt: Removing vector 88 of norm 0.0
18:04 gram_schmidt: Removing vector 89 of norm 0.0
18:04 gram_schmidt: Removing vector 90 of norm 0.0
18:04 gram_schmidt: Removing vector 91 of norm 0.0
18:04 gram_schmidt: Removing vector 92 of norm 0.0
18:04 gram_schmidt: Removing vector 93 of norm 0.0
18:04 gram_schmidt: Removing vector 94 of norm 0.0
18:04 gram_schmidt: Removing vector 95 of norm 0.0
18:04 gram_schmidt: Removing vector 96 of norm 0.0
18:04 gram_schmidt: Removing vector 97 of norm 0.0
18:04 gram_schmidt: Removing vector 98 of norm 0.0
18:04 gram_schmidt: Removing vector 99 of norm 0.0
18:04 gram_schmidt: Removing vector 100 of norm 0.0
18:04 gram_schmidt: Removing vector 101 of norm 0.0
18:04 gram_schmidt: Removing vector 0 of norm 0.0
18:04 gram_schmidt: Removing vector 1 of norm 0.0
18:04 gram_schmidt: Removing vector 2 of norm 0.0
18:04 gram_schmidt: Removing vector 3 of norm 0.0
18:04 gram_schmidt: Removing vector 4 of norm 0.0
18:04 gram_schmidt: Removing vector 5 of norm 0.0
18:04 gram_schmidt: Removing vector 6 of norm 0.0
18:04 gram_schmidt: Removing vector 7 of norm 0.0
18:04 gram_schmidt: Removing vector 8 of norm 0.0
18:04 gram_schmidt: Removing vector 9 of norm 0.0
18:04 gram_schmidt: Removing vector 10 of norm 0.0
18:04 gram_schmidt: Removing vector 11 of norm 0.0
18:04 gram_schmidt: Removing vector 12 of norm 0.0
18:04 gram_schmidt: Removing vector 13 of norm 0.0
18:04 gram_schmidt: Removing vector 14 of norm 0.0
18:04 gram_schmidt: Removing vector 15 of norm 0.0
18:04 gram_schmidt: Removing vector 16 of norm 0.0
18:04 gram_schmidt: Removing vector 17 of norm 0.0
18:04 gram_schmidt: Removing vector 18 of norm 0.0
18:04 gram_schmidt: Removing vector 19 of norm 0.0
18:04 gram_schmidt: Removing vector 20 of norm 0.0
18:04 gram_schmidt: Removing vector 21 of norm 0.0
18:04 gram_schmidt: Removing vector 22 of norm 0.0
18:04 gram_schmidt: Removing vector 23 of norm 0.0
18:04 gram_schmidt: Removing vector 24 of norm 0.0
18:04 gram_schmidt: Removing vector 25 of norm 0.0
18:04 gram_schmidt: Removing vector 26 of norm 0.0
18:04 gram_schmidt: Removing vector 27 of norm 0.0
18:04 gram_schmidt: Removing vector 28 of norm 0.0
18:04 gram_schmidt: Removing vector 29 of norm 0.0
18:04 gram_schmidt: Removing vector 30 of norm 0.0
18:04 gram_schmidt: Removing vector 31 of norm 0.0
18:04 gram_schmidt: Removing vector 32 of norm 0.0
18:04 gram_schmidt: Removing vector 33 of norm 0.0
18:04 gram_schmidt: Removing vector 34 of norm 0.0
18:04 gram_schmidt: Removing vector 35 of norm 0.0
18:04 gram_schmidt: Removing vector 36 of norm 0.0
18:04 gram_schmidt: Removing vector 37 of norm 0.0
18:04 gram_schmidt: Removing vector 38 of norm 0.0
18:04 gram_schmidt: Removing vector 39 of norm 0.0
18:04 gram_schmidt: Removing vector 40 of norm 0.0
18:04 gram_schmidt: Removing vector 41 of norm 0.0
18:04 gram_schmidt: Removing vector 42 of norm 0.0
18:04 gram_schmidt: Removing vector 43 of norm 0.0
18:04 gram_schmidt: Removing vector 44 of norm 0.0
18:04 gram_schmidt: Removing vector 45 of norm 0.0
18:04 gram_schmidt: Removing vector 46 of norm 0.0
18:04 gram_schmidt: Removing vector 47 of norm 0.0
18:04 gram_schmidt: Removing vector 48 of norm 0.0
18:04 gram_schmidt: Removing vector 49 of norm 0.0
18:04 gram_schmidt: Removing vector 50 of norm 0.0
18:04 gram_schmidt: Removing vector 51 of norm 0.0
18:04 gram_schmidt: Removing vector 52 of norm 0.0
18:04 gram_schmidt: Removing vector 53 of norm 0.0
18:04 gram_schmidt: Removing vector 54 of norm 0.0
18:04 gram_schmidt: Removing vector 55 of norm 0.0
18:04 gram_schmidt: Removing vector 56 of norm 0.0
18:04 gram_schmidt: Removing vector 57 of norm 0.0
18:04 gram_schmidt: Removing vector 58 of norm 0.0
18:04 gram_schmidt: Removing vector 59 of norm 0.0
18:04 gram_schmidt: Removing vector 60 of norm 0.0
18:04 gram_schmidt: Removing vector 61 of norm 0.0
18:04 gram_schmidt: Removing vector 62 of norm 0.0
18:04 gram_schmidt: Removing vector 63 of norm 0.0
18:04 gram_schmidt: Removing vector 64 of norm 0.0
18:04 gram_schmidt: Removing vector 65 of norm 0.0
18:04 gram_schmidt: Removing vector 66 of norm 0.0
18:04 gram_schmidt: Removing vector 67 of norm 0.0
18:04 gram_schmidt: Removing vector 68 of norm 0.0
18:04 gram_schmidt: Removing vector 69 of norm 0.0
18:04 gram_schmidt: Removing vector 70 of norm 0.0
18:04 gram_schmidt: Removing vector 71 of norm 0.0
18:04 gram_schmidt: Removing vector 72 of norm 0.0
18:04 gram_schmidt: Removing vector 73 of norm 0.0
18:04 gram_schmidt: Removing vector 74 of norm 0.0
18:04 gram_schmidt: Removing vector 75 of norm 0.0
18:04 gram_schmidt: Removing vector 76 of norm 0.0
18:04 gram_schmidt: Removing vector 77 of norm 0.0
18:04 gram_schmidt: Removing vector 78 of norm 0.0
18:04 gram_schmidt: Removing vector 79 of norm 0.0
18:04 gram_schmidt: Removing vector 80 of norm 0.0
18:04 gram_schmidt: Removing vector 81 of norm 0.0
18:04 gram_schmidt: Removing vector 82 of norm 0.0
18:04 gram_schmidt: Removing vector 83 of norm 0.0
18:04 gram_schmidt: Removing vector 84 of norm 0.0
18:04 gram_schmidt: Removing vector 85 of norm 0.0
18:04 gram_schmidt: Removing vector 86 of norm 0.0
18:04 gram_schmidt: Removing vector 87 of norm 0.0
18:04 gram_schmidt: Removing vector 88 of norm 0.0
18:04 gram_schmidt: Removing vector 89 of norm 0.0
18:04 gram_schmidt: Removing vector 90 of norm 0.0
18:04 gram_schmidt: Removing vector 91 of norm 0.0
18:04 gram_schmidt: Removing vector 92 of norm 0.0
18:04 gram_schmidt: Removing vector 93 of norm 0.0
18:04 gram_schmidt: Removing vector 94 of norm 0.0
18:04 gram_schmidt: Removing vector 95 of norm 0.0
18:04 gram_schmidt: Removing vector 96 of norm 0.0
18:04 gram_schmidt: Removing vector 97 of norm 0.0
18:04 gram_schmidt: Removing vector 98 of norm 0.0
18:04 gram_schmidt: Removing vector 99 of norm 0.0
18:04 gram_schmidt: Removing vector 100 of norm 0.0
18:04 gram_schmidt: Removing vector 101 of norm 0.0
</system-err></testcase><testcase classname="src.pymortests.algorithms.gram_schmidt" file="src/pymortests/algorithms/gram_schmidt.py" line="12" name="test_gram_schmidt[2-&lt;lambda&gt;5]" time="0.0026803016662597656"></testcase><testcase classname="src.pymortests.algorithms.gram_schmidt" file="src/pymortests/algorithms/gram_schmidt.py" line="12" name="test_gram_schmidt[2-&lt;lambda&gt;6]" time="0.0018308162689208984"></testcase><testcase classname="src.pymortests.algorithms.gram_schmidt" file="src/pymortests/algorithms/gram_schmidt.py" line="12" name="test_gram_schmidt[2-&lt;lambda&gt;7]" time="0.0022935867309570312"></testcase><testcase classname="src.pymortests.algorithms.gram_schmidt" file="src/pymortests/algorithms/gram_schmidt.py" line="12" name="test_gram_schmidt[2-&lt;lambda&gt;8]" time="0.19354462623596191"><system-err>18:04 gram_schmidt: Orthonormalizing vector 31 again
18:04 gram_schmidt: Removing linear dependent vector 32
18:04 gram_schmidt: Removing linear dependent vector 33
18:04 gram_schmidt: Removing linear dependent vector 34
18:04 gram_schmidt: Removing linear dependent vector 35
18:04 gram_schmidt: Removing linear dependent vector 36
18:04 gram_schmidt: Removing linear dependent vector 37
18:04 gram_schmidt: Removing linear dependent vector 38
18:04 gram_schmidt: Removing linear dependent vector 39
18:04 gram_schmidt: Removing linear dependent vector 40
18:04 gram_schmidt: Removing linear dependent vector 41
18:04 gram_schmidt: Removing linear dependent vector 42
18:04 gram_schmidt: Orthonormalizing vector 31 again
18:04 gram_schmidt: Removing linear dependent vector 32
18:04 gram_schmidt: Removing linear dependent vector 33
18:04 gram_schmidt: Removing linear dependent vector 34
18:04 gram_schmidt: Removing linear dependent vector 35
18:04 gram_schmidt: Removing linear dependent vector 36
18:04 gram_schmidt: Removing linear dependent vector 37
18:04 gram_schmidt: Removing linear dependent vector 38
18:04 gram_schmidt: Removing linear dependent vector 39
18:04 gram_schmidt: Removing linear dependent vector 40
18:04 gram_schmidt: Removing linear dependent vector 41
18:04 gram_schmidt: Removing linear dependent vector 42
</system-err></testcase><testcase classname="src.pymortests.algorithms.gram_schmidt" file="src/pymortests/algorithms/gram_schmidt.py" line="12" name="test_gram_schmidt[2-&lt;lambda&gt;9]" time="0.027211904525756836"><system-err>18:04 gram_schmidt: Removing vector 0 of norm 0.0
18:04 gram_schmidt: Removing vector 1 of norm 0.0
18:04 gram_schmidt: Removing vector 2 of norm 0.0
18:04 gram_schmidt: Removing vector 3 of norm 0.0
18:04 gram_schmidt: Removing vector 4 of norm 0.0
18:04 gram_schmidt: Removing vector 5 of norm 0.0
18:04 gram_schmidt: Removing vector 6 of norm 0.0
18:04 gram_schmidt: Removing vector 7 of norm 0.0
18:04 gram_schmidt: Removing vector 8 of norm 0.0
18:04 gram_schmidt: Removing vector 9 of norm 0.0
18:04 gram_schmidt: Removing vector 10 of norm 0.0
18:04 gram_schmidt: Removing vector 11 of norm 0.0
18:04 gram_schmidt: Removing vector 12 of norm 0.0
18:04 gram_schmidt: Removing vector 13 of norm 0.0
18:04 gram_schmidt: Removing vector 14 of norm 0.0
18:04 gram_schmidt: Removing vector 15 of norm 0.0
18:04 gram_schmidt: Removing vector 16 of norm 0.0
18:04 gram_schmidt: Removing vector 17 of norm 0.0
18:04 gram_schmidt: Removing vector 18 of norm 0.0
18:04 gram_schmidt: Removing vector 19 of norm 0.0
18:04 gram_schmidt: Removing vector 20 of norm 0.0
18:04 gram_schmidt: Removing vector 21 of norm 0.0
18:04 gram_schmidt: Removing vector 22 of norm 0.0
18:04 gram_schmidt: Removing vector 23 of norm 0.0
18:04 gram_schmidt: Removing vector 24 of norm 0.0
18:04 gram_schmidt: Removing vector 25 of norm 0.0
18:04 gram_schmidt: Removing vector 26 of norm 0.0
18:04 gram_schmidt: Removing vector 27 of norm 0.0
18:04 gram_schmidt: Removing vector 28 of norm 0.0
18:04 gram_schmidt: Removing vector 29 of norm 0.0
18:04 gram_schmidt: Removing vector 30 of norm 0.0
18:04 gram_schmidt: Removing vector 31 of norm 0.0
18:04 gram_schmidt: Removing vector 32 of norm 0.0
18:04 gram_schmidt: Removing vector 33 of norm 0.0
18:04 gram_schmidt: Removing vector 34 of norm 0.0
18:04 gram_schmidt: Removing vector 35 of norm 0.0
18:04 gram_schmidt: Removing vector 36 of norm 0.0
18:04 gram_schmidt: Removing vector 37 of norm 0.0
18:04 gram_schmidt: Removing vector 38 of norm 0.0
18:04 gram_schmidt: Removing vector 39 of norm 0.0
18:04 gram_schmidt: Removing vector 40 of norm 0.0
18:04 gram_schmidt: Removing vector 41 of norm 0.0
18:04 gram_schmidt: Removing vector 42 of norm 0.0
18:04 gram_schmidt: Removing vector 43 of norm 0.0
18:04 gram_schmidt: Removing vector 44 of norm 0.0
18:04 gram_schmidt: Removing vector 45 of norm 0.0
18:04 gram_schmidt: Removing vector 46 of norm 0.0
18:04 gram_schmidt: Removing vector 47 of norm 0.0
18:04 gram_schmidt: Removing vector 48 of norm 0.0
18:04 gram_schmidt: Removing vector 49 of norm 0.0
18:04 gram_schmidt: Removing vector 50 of norm 0.0
18:04 gram_schmidt: Removing vector 51 of norm 0.0
18:04 gram_schmidt: Removing vector 52 of norm 0.0
18:04 gram_schmidt: Removing vector 53 of norm 0.0
18:04 gram_schmidt: Removing vector 54 of norm 0.0
18:04 gram_schmidt: Removing vector 55 of norm 0.0
18:04 gram_schmidt: Removing vector 56 of norm 0.0
18:04 gram_schmidt: Removing vector 57 of norm 0.0
18:04 gram_schmidt: Removing vector 58 of norm 0.0
18:04 gram_schmidt: Removing vector 59 of norm 0.0
18:04 gram_schmidt: Removing vector 60 of norm 0.0
18:04 gram_schmidt: Removing vector 61 of norm 0.0
18:04 gram_schmidt: Removing vector 62 of norm 0.0
18:04 gram_schmidt: Removing vector 63 of norm 0.0
18:04 gram_schmidt: Removing vector 64 of norm 0.0
18:04 gram_schmidt: Removing vector 65 of norm 0.0
18:04 gram_schmidt: Removing vector 66 of norm 0.0
18:04 gram_schmidt: Removing vector 67 of norm 0.0
18:04 gram_schmidt: Removing vector 68 of norm 0.0
18:04 gram_schmidt: Removing vector 69 of norm 0.0
18:04 gram_schmidt: Removing vector 70 of norm 0.0
18:04 gram_schmidt: Removing vector 71 of norm 0.0
18:04 gram_schmidt: Removing vector 72 of norm 0.0
18:04 gram_schmidt: Removing vector 73 of norm 0.0
18:04 gram_schmidt: Removing vector 74 of norm 0.0
18:04 gram_schmidt: Removing vector 75 of norm 0.0
18:04 gram_schmidt: Removing vector 76 of norm 0.0
18:04 gram_schmidt: Removing vector 77 of norm 0.0
18:04 gram_schmidt: Removing vector 78 of norm 0.0
18:04 gram_schmidt: Removing vector 79 of norm 0.0
18:04 gram_schmidt: Removing vector 80 of norm 0.0
18:04 gram_schmidt: Removing vector 81 of norm 0.0
18:04 gram_schmidt: Removing vector 82 of norm 0.0
18:04 gram_schmidt: Removing vector 83 of norm 0.0
18:04 gram_schmidt: Removing vector 84 of norm 0.0
18:04 gram_schmidt: Removing vector 85 of norm 0.0
18:04 gram_schmidt: Removing vector 86 of norm 0.0
18:04 gram_schmidt: Removing vector 87 of norm 0.0
18:04 gram_schmidt: Removing vector 88 of norm 0.0
18:04 gram_schmidt: Removing vector 89 of norm 0.0
18:04 gram_schmidt: Removing vector 90 of norm 0.0
18:04 gram_schmidt: Removing vector 91 of norm 0.0
18:04 gram_schmidt: Removing vector 92 of norm 0.0
18:04 gram_schmidt: Removing vector 93 of norm 0.0
18:04 gram_schmidt: Removing vector 94 of norm 0.0
18:04 gram_schmidt: Removing vector 95 of norm 0.0
18:04 gram_schmidt: Removing vector 96 of norm 0.0
18:04 gram_schmidt: Removing vector 97 of norm 0.0
18:04 gram_schmidt: Removing vector 98 of norm 0.0
18:04 gram_schmidt: Removing vector 99 of norm 0.0
18:04 gram_schmidt: Removing vector 100 of norm 0.0
18:04 gram_schmidt: Removing vector 101 of norm 0.0
18:04 gram_schmidt: Removing vector 0 of norm 0.0
18:04 gram_schmidt: Removing vector 1 of norm 0.0
18:04 gram_schmidt: Removing vector 2 of norm 0.0
18:04 gram_schmidt: Removing vector 3 of norm 0.0
18:04 gram_schmidt: Removing vector 4 of norm 0.0
18:04 gram_schmidt: Removing vector 5 of norm 0.0
18:04 gram_schmidt: Removing vector 6 of norm 0.0
18:04 gram_schmidt: Removing vector 7 of norm 0.0
18:04 gram_schmidt: Removing vector 8 of norm 0.0
18:04 gram_schmidt: Removing vector 9 of norm 0.0
18:04 gram_schmidt: Removing vector 10 of norm 0.0
18:04 gram_schmidt: Removing vector 11 of norm 0.0
18:04 gram_schmidt: Removing vector 12 of norm 0.0
18:04 gram_schmidt: Removing vector 13 of norm 0.0
18:04 gram_schmidt: Removing vector 14 of norm 0.0
18:04 gram_schmidt: Removing vector 15 of norm 0.0
18:04 gram_schmidt: Removing vector 16 of norm 0.0
18:04 gram_schmidt: Removing vector 17 of norm 0.0
18:04 gram_schmidt: Removing vector 18 of norm 0.0
18:04 gram_schmidt: Removing vector 19 of norm 0.0
18:04 gram_schmidt: Removing vector 20 of norm 0.0
18:04 gram_schmidt: Removing vector 21 of norm 0.0
18:04 gram_schmidt: Removing vector 22 of norm 0.0
18:04 gram_schmidt: Removing vector 23 of norm 0.0
18:04 gram_schmidt: Removing vector 24 of norm 0.0
18:04 gram_schmidt: Removing vector 25 of norm 0.0
18:04 gram_schmidt: Removing vector 26 of norm 0.0
18:04 gram_schmidt: Removing vector 27 of norm 0.0
18:04 gram_schmidt: Removing vector 28 of norm 0.0
18:04 gram_schmidt: Removing vector 29 of norm 0.0
18:04 gram_schmidt: Removing vector 30 of norm 0.0
18:04 gram_schmidt: Removing vector 31 of norm 0.0
18:04 gram_schmidt: Removing vector 32 of norm 0.0
18:04 gram_schmidt: Removing vector 33 of norm 0.0
18:04 gram_schmidt: Removing vector 34 of norm 0.0
18:04 gram_schmidt: Removing vector 35 of norm 0.0
18:04 gram_schmidt: Removing vector 36 of norm 0.0
18:04 gram_schmidt: Removing vector 37 of norm 0.0
18:04 gram_schmidt: Removing vector 38 of norm 0.0
18:04 gram_schmidt: Removing vector 39 of norm 0.0
18:04 gram_schmidt: Removing vector 40 of norm 0.0
18:04 gram_schmidt: Removing vector 41 of norm 0.0
18:04 gram_schmidt: Removing vector 42 of norm 0.0
18:04 gram_schmidt: Removing vector 43 of norm 0.0
18:04 gram_schmidt: Removing vector 44 of norm 0.0
18:04 gram_schmidt: Removing vector 45 of norm 0.0
18:04 gram_schmidt: Removing vector 46 of norm 0.0
18:04 gram_schmidt: Removing vector 47 of norm 0.0
18:04 gram_schmidt: Removing vector 48 of norm 0.0
18:04 gram_schmidt: Removing vector 49 of norm 0.0
18:04 gram_schmidt: Removing vector 50 of norm 0.0
18:04 gram_schmidt: Removing vector 51 of norm 0.0
18:04 gram_schmidt: Removing vector 52 of norm 0.0
18:04 gram_schmidt: Removing vector 53 of norm 0.0
18:04 gram_schmidt: Removing vector 54 of norm 0.0
18:04 gram_schmidt: Removing vector 55 of norm 0.0
18:04 gram_schmidt: Removing vector 56 of norm 0.0
18:04 gram_schmidt: Removing vector 57 of norm 0.0
18:04 gram_schmidt: Removing vector 58 of norm 0.0
18:04 gram_schmidt: Removing vector 59 of norm 0.0
18:04 gram_schmidt: Removing vector 60 of norm 0.0
18:04 gram_schmidt: Removing vector 61 of norm 0.0
18:04 gram_schmidt: Removing vector 62 of norm 0.0
18:04 gram_schmidt: Removing vector 63 of norm 0.0
18:04 gram_schmidt: Removing vector 64 of norm 0.0
18:04 gram_schmidt: Removing vector 65 of norm 0.0
18:04 gram_schmidt: Removing vector 66 of norm 0.0
18:04 gram_schmidt: Removing vector 67 of norm 0.0
18:04 gram_schmidt: Removing vector 68 of norm 0.0
18:04 gram_schmidt: Removing vector 69 of norm 0.0
18:04 gram_schmidt: Removing vector 70 of norm 0.0
18:04 gram_schmidt: Removing vector 71 of norm 0.0
18:04 gram_schmidt: Removing vector 72 of norm 0.0
18:04 gram_schmidt: Removing vector 73 of norm 0.0
18:04 gram_schmidt: Removing vector 74 of norm 0.0
18:04 gram_schmidt: Removing vector 75 of norm 0.0
18:04 gram_schmidt: Removing vector 76 of norm 0.0
18:04 gram_schmidt: Removing vector 77 of norm 0.0
18:04 gram_schmidt: Removing vector 78 of norm 0.0
18:04 gram_schmidt: Removing vector 79 of norm 0.0
18:04 gram_schmidt: Removing vector 80 of norm 0.0
18:04 gram_schmidt: Removing vector 81 of norm 0.0
18:04 gram_schmidt: Removing vector 82 of norm 0.0
18:04 gram_schmidt: Removing vector 83 of norm 0.0
18:04 gram_schmidt: Removing vector 84 of norm 0.0
18:04 gram_schmidt: Removing vector 85 of norm 0.0
18:04 gram_schmidt: Removing vector 86 of norm 0.0
18:04 gram_schmidt: Removing vector 87 of norm 0.0
18:04 gram_schmidt: Removing vector 88 of norm 0.0
18:04 gram_schmidt: Removing vector 89 of norm 0.0
18:04 gram_schmidt: Removing vector 90 of norm 0.0
18:04 gram_schmidt: Removing vector 91 of norm 0.0
18:04 gram_schmidt: Removing vector 92 of norm 0.0
18:04 gram_schmidt: Removing vector 93 of norm 0.0
18:04 gram_schmidt: Removing vector 94 of norm 0.0
18:04 gram_schmidt: Removing vector 95 of norm 0.0
18:04 gram_schmidt: Removing vector 96 of norm 0.0
18:04 gram_schmidt: Removing vector 97 of norm 0.0
18:04 gram_schmidt: Removing vector 98 of norm 0.0
18:04 gram_schmidt: Removing vector 99 of norm 0.0
18:04 gram_schmidt: Removing vector 100 of norm 0.0
18:04 gram_schmidt: Removing vector 101 of norm 0.0
</system-err></testcase><testcase classname="src.pymortests.algorithms.gram_schmidt" file="src/pymortests/algorithms/gram_schmidt.py" line="12" name="test_gram_schmidt[2-&lt;lambda&gt;10]" time="0.003385305404663086"></testcase><testcase classname="src.pymortests.algorithms.gram_schmidt" file="src/pymortests/algorithms/gram_schmidt.py" line="12" name="test_gram_schmidt[2-&lt;lambda&gt;11]" time="0.0066950321197509766"><system-err>18:04 gram_schmidt: Removing linear dependent vector 3
18:04 gram_schmidt: Removing linear dependent vector 3
</system-err></testcase><testcase classname="src.pymortests.algorithms.gram_schmidt" file="src/pymortests/algorithms/gram_schmidt.py" line="12" name="test_gram_schmidt[2-&lt;lambda&gt;12]" time="0.003808736801147461"><system-err>18:04 gram_schmidt: Removing vector 0 of norm 0.0
18:04 gram_schmidt: Removing vector 1 of norm 0.0
18:04 gram_schmidt: Removing vector 2 of norm 0.0
18:04 gram_schmidt: Removing vector 0 of norm 0.0
18:04 gram_schmidt: Removing vector 1 of norm 0.0
18:04 gram_schmidt: Removing vector 2 of norm 0.0
</system-err></testcase><testcase classname="src.pymortests.algorithms.gram_schmidt" file="src/pymortests/algorithms/gram_schmidt.py" line="12" name="test_gram_schmidt[2-&lt;lambda&gt;13]" time="0.002611875534057617"></testcase><testcase classname="src.pymortests.algorithms.gram_schmidt" file="src/pymortests/algorithms/gram_schmidt.py" line="12" name="test_gram_schmidt[2-&lt;lambda&gt;14]" time="0.0048978328704833984"></testcase><testcase classname="src.pymortests.algorithms.gram_schmidt" file="src/pymortests/algorithms/gram_schmidt.py" line="12" name="test_gram_schmidt[2-&lt;lambda&gt;15]" time="0.3803739547729492"><system-err>18:05 gram_schmidt: Removing linear dependent vector 36
18:05 gram_schmidt: Removing linear dependent vector 37
18:05 gram_schmidt: Removing linear dependent vector 38
18:05 gram_schmidt: Removing linear dependent vector 39
18:05 gram_schmidt: Removing linear dependent vector 40
18:05 gram_schmidt: Removing linear dependent vector 41
18:05 gram_schmidt: Removing linear dependent vector 42
18:05 gram_schmidt: Removing linear dependent vector 36
18:05 gram_schmidt: Removing linear dependent vector 37
18:05 gram_schmidt: Removing linear dependent vector 38
18:05 gram_schmidt: Removing linear dependent vector 39
18:05 gram_schmidt: Removing linear dependent vector 40
18:05 gram_schmidt: Removing linear dependent vector 41
18:05 gram_schmidt: Removing linear dependent vector 42
</system-err></testcase><testcase classname="src.pymortests.algorithms.gram_schmidt" file="src/pymortests/algorithms/gram_schmidt.py" line="12" name="test_gram_schmidt[2-&lt;lambda&gt;16]" time="0.197035551071167"><system-err>18:05 gram_schmidt: Removing linear dependent vector 3
18:05 gram_schmidt: Removing linear dependent vector 4
18:05 gram_schmidt: Removing linear dependent vector 5
18:05 gram_schmidt: Removing linear dependent vector 6
18:05 gram_schmidt: Removing linear dependent vector 7
18:05 gram_schmidt: Removing linear dependent vector 8
18:05 gram_schmidt: Removing linear dependent vector 9
18:05 gram_schmidt: Removing linear dependent vector 10
18:05 gram_schmidt: Removing linear dependent vector 11
18:05 gram_schmidt: Removing linear dependent vector 12
18:05 gram_schmidt: Removing linear dependent vector 13
18:05 gram_schmidt: Removing linear dependent vector 14
18:05 gram_schmidt: Removing linear dependent vector 15
18:05 gram_schmidt: Removing linear dependent vector 16
18:05 gram_schmidt: Removing linear dependent vector 17
18:05 gram_schmidt: Removing linear dependent vector 18
18:05 gram_schmidt: Removing linear dependent vector 19
18:05 gram_schmidt: Removing linear dependent vector 20
18:05 gram_schmidt: Removing linear dependent vector 21
18:05 gram_schmidt: Removing linear dependent vector 22
18:05 gram_schmidt: Removing linear dependent vector 23
18:05 gram_schmidt: Removing linear dependent vector 24
18:05 gram_schmidt: Removing linear dependent vector 25
18:05 gram_schmidt: Removing linear dependent vector 26
18:05 gram_schmidt: Removing linear dependent vector 27
18:05 gram_schmidt: Removing linear dependent vector 28
18:05 gram_schmidt: Removing linear dependent vector 29
18:05 gram_schmidt: Removing linear dependent vector 30
18:05 gram_schmidt: Removing linear dependent vector 31
18:05 gram_schmidt: Removing linear dependent vector 32
18:05 gram_schmidt: Removing linear dependent vector 33
18:05 gram_schmidt: Removing linear dependent vector 34
18:05 gram_schmidt: Removing linear dependent vector 35
18:05 gram_schmidt: Removing linear dependent vector 36
18:05 gram_schmidt: Removing linear dependent vector 37
18:05 gram_schmidt: Removing linear dependent vector 38
18:05 gram_schmidt: Removing linear dependent vector 39
18:05 gram_schmidt: Removing linear dependent vector 40
18:05 gram_schmidt: Removing linear dependent vector 41
18:05 gram_schmidt: Removing linear dependent vector 42
18:05 gram_schmidt: Removing linear dependent vector 43
18:05 gram_schmidt: Removing linear dependent vector 44
18:05 gram_schmidt: Removing linear dependent vector 45
18:05 gram_schmidt: Removing linear dependent vector 46
18:05 gram_schmidt: Removing linear dependent vector 47
18:05 gram_schmidt: Removing linear dependent vector 48
18:05 gram_schmidt: Removing linear dependent vector 49
18:05 gram_schmidt: Removing linear dependent vector 50
18:05 gram_schmidt: Removing linear dependent vector 51
18:05 gram_schmidt: Removing linear dependent vector 52
18:05 gram_schmidt: Removing linear dependent vector 53
18:05 gram_schmidt: Removing linear dependent vector 54
18:05 gram_schmidt: Removing linear dependent vector 55
18:05 gram_schmidt: Removing linear dependent vector 56
18:05 gram_schmidt: Removing linear dependent vector 57
18:05 gram_schmidt: Removing linear dependent vector 58
18:05 gram_schmidt: Removing linear dependent vector 59
18:05 gram_schmidt: Removing linear dependent vector 60
18:05 gram_schmidt: Removing linear dependent vector 61
18:05 gram_schmidt: Removing linear dependent vector 62
18:05 gram_schmidt: Removing linear dependent vector 63
18:05 gram_schmidt: Removing linear dependent vector 64
18:05 gram_schmidt: Removing linear dependent vector 65
18:05 gram_schmidt: Removing linear dependent vector 66
18:05 gram_schmidt: Removing linear dependent vector 67
18:05 gram_schmidt: Removing linear dependent vector 68
18:05 gram_schmidt: Removing linear dependent vector 69
18:05 gram_schmidt: Removing linear dependent vector 70
18:05 gram_schmidt: Removing linear dependent vector 71
18:05 gram_schmidt: Removing linear dependent vector 72
18:05 gram_schmidt: Removing linear dependent vector 73
18:05 gram_schmidt: Removing linear dependent vector 74
18:05 gram_schmidt: Removing linear dependent vector 75
18:05 gram_schmidt: Removing linear dependent vector 76
18:05 gram_schmidt: Removing linear dependent vector 77
18:05 gram_schmidt: Removing linear dependent vector 78
18:05 gram_schmidt: Removing linear dependent vector 79
18:05 gram_schmidt: Removing linear dependent vector 80
18:05 gram_schmidt: Removing linear dependent vector 81
18:05 gram_schmidt: Removing linear dependent vector 82
18:05 gram_schmidt: Removing linear dependent vector 83
18:05 gram_schmidt: Removing linear dependent vector 84
18:05 gram_schmidt: Removing linear dependent vector 85
18:05 gram_schmidt: Removing linear dependent vector 86
18:05 gram_schmidt: Removing linear dependent vector 87
18:05 gram_schmidt: Removing linear dependent vector 88
18:05 gram_schmidt: Removing linear dependent vector 89
18:05 gram_schmidt: Removing linear dependent vector 90
18:05 gram_schmidt: Removing linear dependent vector 91
18:05 gram_schmidt: Removing linear dependent vector 92
18:05 gram_schmidt: Removing linear dependent vector 93
18:05 gram_schmidt: Removing linear dependent vector 94
18:05 gram_schmidt: Removing linear dependent vector 95
18:05 gram_schmidt: Removing linear dependent vector 96
18:05 gram_schmidt: Removing linear dependent vector 97
18:05 gram_schmidt: Removing linear dependent vector 98
18:05 gram_schmidt: Removing linear dependent vector 99
18:05 gram_schmidt: Removing linear dependent vector 100
18:05 gram_schmidt: Removing linear dependent vector 101
18:05 gram_schmidt: Removing linear dependent vector 3
18:05 gram_schmidt: Removing linear dependent vector 4
18:05 gram_schmidt: Removing linear dependent vector 5
18:05 gram_schmidt: Removing linear dependent vector 6
18:05 gram_schmidt: Removing linear dependent vector 7
18:05 gram_schmidt: Removing linear dependent vector 8
18:05 gram_schmidt: Removing linear dependent vector 9
18:05 gram_schmidt: Removing linear dependent vector 10
18:05 gram_schmidt: Removing linear dependent vector 11
18:05 gram_schmidt: Removing linear dependent vector 12
18:05 gram_schmidt: Removing linear dependent vector 13
18:05 gram_schmidt: Removing linear dependent vector 14
18:05 gram_schmidt: Removing linear dependent vector 15
18:05 gram_schmidt: Removing linear dependent vector 16
18:05 gram_schmidt: Removing linear dependent vector 17
18:05 gram_schmidt: Removing linear dependent vector 18
18:05 gram_schmidt: Removing linear dependent vector 19
18:05 gram_schmidt: Removing linear dependent vector 20
18:05 gram_schmidt: Removing linear dependent vector 21
18:05 gram_schmidt: Removing linear dependent vector 22
18:05 gram_schmidt: Removing linear dependent vector 23
18:05 gram_schmidt: Removing linear dependent vector 24
18:05 gram_schmidt: Removing linear dependent vector 25
18:05 gram_schmidt: Removing linear dependent vector 26
18:05 gram_schmidt: Removing linear dependent vector 27
18:05 gram_schmidt: Removing linear dependent vector 28
18:05 gram_schmidt: Removing linear dependent vector 29
18:05 gram_schmidt: Removing linear dependent vector 30
18:05 gram_schmidt: Removing linear dependent vector 31
18:05 gram_schmidt: Removing linear dependent vector 32
18:05 gram_schmidt: Removing linear dependent vector 33
18:05 gram_schmidt: Removing linear dependent vector 34
18:05 gram_schmidt: Removing linear dependent vector 35
18:05 gram_schmidt: Removing linear dependent vector 36
18:05 gram_schmidt: Removing linear dependent vector 37
18:05 gram_schmidt: Removing linear dependent vector 38
18:05 gram_schmidt: Removing linear dependent vector 39
18:05 gram_schmidt: Removing linear dependent vector 40
18:05 gram_schmidt: Removing linear dependent vector 41
18:05 gram_schmidt: Removing linear dependent vector 42
18:05 gram_schmidt: Removing linear dependent vector 43
18:05 gram_schmidt: Removing linear dependent vector 44
18:05 gram_schmidt: Removing linear dependent vector 45
18:05 gram_schmidt: Removing linear dependent vector 46
18:05 gram_schmidt: Removing linear dependent vector 47
18:05 gram_schmidt: Removing linear dependent vector 48
18:05 gram_schmidt: Removing linear dependent vector 49
18:05 gram_schmidt: Removing linear dependent vector 50
18:05 gram_schmidt: Removing linear dependent vector 51
18:05 gram_schmidt: Removing linear dependent vector 52
18:05 gram_schmidt: Removing linear dependent vector 53
18:05 gram_schmidt: Removing linear dependent vector 54
18:05 gram_schmidt: Removing linear dependent vector 55
18:05 gram_schmidt: Removing linear dependent vector 56
18:05 gram_schmidt: Removing linear dependent vector 57
18:05 gram_schmidt: Removing linear dependent vector 58
18:05 gram_schmidt: Removing linear dependent vector 59
18:05 gram_schmidt: Removing linear dependent vector 60
18:05 gram_schmidt: Removing linear dependent vector 61
18:05 gram_schmidt: Removing linear dependent vector 62
18:05 gram_schmidt: Removing linear dependent vector 63
18:05 gram_schmidt: Removing linear dependent vector 64
18:05 gram_schmidt: Removing linear dependent vector 65
18:05 gram_schmidt: Removing linear dependent vector 66
18:05 gram_schmidt: Removing linear dependent vector 67
18:05 gram_schmidt: Removing linear dependent vector 68
18:05 gram_schmidt: Removing linear dependent vector 69
18:05 gram_schmidt: Removing linear dependent vector 70
18:05 gram_schmidt: Removing linear dependent vector 71
18:05 gram_schmidt: Removing linear dependent vector 72
18:05 gram_schmidt: Removing linear dependent vector 73
18:05 gram_schmidt: Removing linear dependent vector 74
18:05 gram_schmidt: Removing linear dependent vector 75
18:05 gram_schmidt: Removing linear dependent vector 76
18:05 gram_schmidt: Removing linear dependent vector 77
18:05 gram_schmidt: Removing linear dependent vector 78
18:05 gram_schmidt: Removing linear dependent vector 79
18:05 gram_schmidt: Removing linear dependent vector 80
18:05 gram_schmidt: Removing linear dependent vector 81
18:05 gram_schmidt: Removing linear dependent vector 82
18:05 gram_schmidt: Removing linear dependent vector 83
18:05 gram_schmidt: Removing linear dependent vector 84
18:05 gram_schmidt: Removing linear dependent vector 85
18:05 gram_schmidt: Removing linear dependent vector 86
18:05 gram_schmidt: Removing linear dependent vector 87
18:05 gram_schmidt: Removing linear dependent vector 88
18:05 gram_schmidt: Removing linear dependent vector 89
18:05 gram_schmidt: Removing linear dependent vector 90
18:05 gram_schmidt: Removing linear dependent vector 91
18:05 gram_schmidt: Removing linear dependent vector 92
18:05 gram_schmidt: Removing linear dependent vector 93
18:05 gram_schmidt: Removing linear dependent vector 94
18:05 gram_schmidt: Removing linear dependent vector 95
18:05 gram_schmidt: Removing linear dependent vector 96
18:05 gram_schmidt: Removing linear dependent vector 97
18:05 gram_schmidt: Removing linear dependent vector 98
18:05 gram_schmidt: Removing linear dependent vector 99
18:05 gram_schmidt: Removing linear dependent vector 100
18:05 gram_schmidt: Removing linear dependent vector 101
</system-err></testcase><testcase classname="src.pymortests.algorithms.gram_schmidt" file="src/pymortests/algorithms/gram_schmidt.py" line="12" name="test_gram_schmidt[2-&lt;lambda&gt;17]" time="0.003258943557739258"></testcase><testcase classname="src.pymortests.algorithms.gram_schmidt" file="src/pymortests/algorithms/gram_schmidt.py" line="12" name="test_gram_schmidt[2-&lt;lambda&gt;18]" time="0.0024290084838867188"></testcase><testcase classname="src.pymortests.algorithms.gram_schmidt" file="src/pymortests/algorithms/gram_schmidt.py" line="12" name="test_gram_schmidt[2-&lt;lambda&gt;19]" time="0.004979133605957031"></testcase><testcase classname="src.pymortests.algorithms.gram_schmidt" file="src/pymortests/algorithms/gram_schmidt.py" line="12" name="test_gram_schmidt[2-&lt;lambda&gt;20]" time="0.27858853340148926"></testcase><testcase classname="src.pymortests.algorithms.gram_schmidt" file="src/pymortests/algorithms/gram_schmidt.py" line="12" name="test_gram_schmidt[2-&lt;lambda&gt;21]" time="1.482928991317749"></testcase><testcase classname="src.pymortests.algorithms.gram_schmidt" file="src/pymortests/algorithms/gram_schmidt.py" line="12" name="test_gram_schmidt[2-&lt;lambda&gt;22]" time="0.002506256103515625"></testcase><testcase classname="src.pymortests.algorithms.gram_schmidt" file="src/pymortests/algorithms/gram_schmidt.py" line="12" name="test_gram_schmidt[2-&lt;lambda&gt;23]" time="0.002022266387939453"></testcase><testcase classname="src.pymortests.algorithms.gram_schmidt" file="src/pymortests/algorithms/gram_schmidt.py" line="12" name="test_gram_schmidt[2-&lt;lambda&gt;24]" time="0.008780717849731445"></testcase><testcase classname="src.pymortests.algorithms.gram_schmidt" file="src/pymortests/algorithms/gram_schmidt.py" line="12" name="test_gram_schmidt[2-&lt;lambda&gt;25]" time="0.4043259620666504"><system-err>18:07 gram_schmidt: Orthonormalizing vector 31 again
18:07 gram_schmidt: Removing linear dependent vector 32
18:07 gram_schmidt: Removing linear dependent vector 33
18:07 gram_schmidt: Removing linear dependent vector 34
18:07 gram_schmidt: Removing linear dependent vector 35
18:07 gram_schmidt: Removing linear dependent vector 36
18:07 gram_schmidt: Removing linear dependent vector 37
18:07 gram_schmidt: Removing linear dependent vector 38
18:07 gram_schmidt: Removing linear dependent vector 39
18:07 gram_schmidt: Removing linear dependent vector 40
18:07 gram_schmidt: Removing linear dependent vector 41
18:07 gram_schmidt: Removing linear dependent vector 42
18:07 gram_schmidt: Orthonormalizing vector 31 again
18:07 gram_schmidt: Removing linear dependent vector 32
18:07 gram_schmidt: Removing linear dependent vector 33
18:07 gram_schmidt: Removing linear dependent vector 34
18:07 gram_schmidt: Removing linear dependent vector 35
18:07 gram_schmidt: Removing linear dependent vector 36
18:07 gram_schmidt: Removing linear dependent vector 37
18:07 gram_schmidt: Removing linear dependent vector 38
18:07 gram_schmidt: Removing linear dependent vector 39
18:07 gram_schmidt: Removing linear dependent vector 40
18:07 gram_schmidt: Removing linear dependent vector 41
18:07 gram_schmidt: Removing linear dependent vector 42
</system-err></testcase><testcase classname="src.pymortests.algorithms.gram_schmidt" file="src/pymortests/algorithms/gram_schmidt.py" line="12" name="test_gram_schmidt[2-&lt;lambda&gt;26]" time="0.24244260787963867"><system-err>18:07 gram_schmidt: Removing vector 0 of norm 0.0
18:07 gram_schmidt: Removing vector 1 of norm 0.0
18:07 gram_schmidt: Removing vector 2 of norm 0.0
18:07 gram_schmidt: Removing vector 3 of norm 0.0
18:07 gram_schmidt: Removing vector 4 of norm 0.0
18:07 gram_schmidt: Removing vector 5 of norm 0.0
18:07 gram_schmidt: Removing vector 6 of norm 0.0
18:07 gram_schmidt: Removing vector 7 of norm 0.0
18:07 gram_schmidt: Removing vector 8 of norm 0.0
18:07 gram_schmidt: Removing vector 9 of norm 0.0
18:07 gram_schmidt: Removing vector 10 of norm 0.0
18:07 gram_schmidt: Removing vector 11 of norm 0.0
18:07 gram_schmidt: Removing vector 12 of norm 0.0
18:07 gram_schmidt: Removing vector 13 of norm 0.0
18:07 gram_schmidt: Removing vector 14 of norm 0.0
18:07 gram_schmidt: Removing vector 15 of norm 0.0
18:07 gram_schmidt: Removing vector 16 of norm 0.0
18:07 gram_schmidt: Removing vector 17 of norm 0.0
18:07 gram_schmidt: Removing vector 18 of norm 0.0
18:07 gram_schmidt: Removing vector 19 of norm 0.0
18:07 gram_schmidt: Removing vector 20 of norm 0.0
18:07 gram_schmidt: Removing vector 21 of norm 0.0
18:07 gram_schmidt: Removing vector 22 of norm 0.0
18:07 gram_schmidt: Removing vector 23 of norm 0.0
18:07 gram_schmidt: Removing vector 24 of norm 0.0
18:07 gram_schmidt: Removing vector 25 of norm 0.0
18:07 gram_schmidt: Removing vector 26 of norm 0.0
18:07 gram_schmidt: Removing vector 27 of norm 0.0
18:07 gram_schmidt: Removing vector 28 of norm 0.0
18:07 gram_schmidt: Removing vector 29 of norm 0.0
18:07 gram_schmidt: Removing vector 30 of norm 0.0
18:07 gram_schmidt: Removing vector 31 of norm 0.0
18:07 gram_schmidt: Removing vector 32 of norm 0.0
18:07 gram_schmidt: Removing vector 33 of norm 0.0
18:07 gram_schmidt: Removing vector 34 of norm 0.0
18:07 gram_schmidt: Removing vector 35 of norm 0.0
18:07 gram_schmidt: Removing vector 36 of norm 0.0
18:07 gram_schmidt: Removing vector 37 of norm 0.0
18:07 gram_schmidt: Removing vector 38 of norm 0.0
18:07 gram_schmidt: Removing vector 39 of norm 0.0
18:07 gram_schmidt: Removing vector 40 of norm 0.0
18:07 gram_schmidt: Removing vector 41 of norm 0.0
18:07 gram_schmidt: Removing vector 42 of norm 0.0
18:07 gram_schmidt: Removing vector 43 of norm 0.0
18:07 gram_schmidt: Removing vector 44 of norm 0.0
18:07 gram_schmidt: Removing vector 45 of norm 0.0
18:07 gram_schmidt: Removing vector 46 of norm 0.0
18:07 gram_schmidt: Removing vector 47 of norm 0.0
18:07 gram_schmidt: Removing vector 48 of norm 0.0
18:07 gram_schmidt: Removing vector 49 of norm 0.0
18:07 gram_schmidt: Removing vector 50 of norm 0.0
18:07 gram_schmidt: Removing vector 51 of norm 0.0
18:07 gram_schmidt: Removing vector 52 of norm 0.0
18:07 gram_schmidt: Removing vector 53 of norm 0.0
18:07 gram_schmidt: Removing vector 54 of norm 0.0
18:07 gram_schmidt: Removing vector 55 of norm 0.0
18:07 gram_schmidt: Removing vector 56 of norm 0.0
18:07 gram_schmidt: Removing vector 57 of norm 0.0
18:07 gram_schmidt: Removing vector 58 of norm 0.0
18:07 gram_schmidt: Removing vector 59 of norm 0.0
18:07 gram_schmidt: Removing vector 60 of norm 0.0
18:07 gram_schmidt: Removing vector 61 of norm 0.0
18:07 gram_schmidt: Removing vector 62 of norm 0.0
18:07 gram_schmidt: Removing vector 63 of norm 0.0
18:07 gram_schmidt: Removing vector 64 of norm 0.0
18:07 gram_schmidt: Removing vector 65 of norm 0.0
18:07 gram_schmidt: Removing vector 66 of norm 0.0
18:07 gram_schmidt: Removing vector 67 of norm 0.0
18:07 gram_schmidt: Removing vector 68 of norm 0.0
18:07 gram_schmidt: Removing vector 69 of norm 0.0
18:07 gram_schmidt: Removing vector 70 of norm 0.0
18:07 gram_schmidt: Removing vector 71 of norm 0.0
18:07 gram_schmidt: Removing vector 72 of norm 0.0
18:07 gram_schmidt: Removing vector 73 of norm 0.0
18:07 gram_schmidt: Removing vector 74 of norm 0.0
18:07 gram_schmidt: Removing vector 75 of norm 0.0
18:07 gram_schmidt: Removing vector 76 of norm 0.0
18:07 gram_schmidt: Removing vector 77 of norm 0.0
18:07 gram_schmidt: Removing vector 78 of norm 0.0
18:07 gram_schmidt: Removing vector 79 of norm 0.0
18:07 gram_schmidt: Removing vector 80 of norm 0.0
18:07 gram_schmidt: Removing vector 81 of norm 0.0
18:07 gram_schmidt: Removing vector 82 of norm 0.0
18:07 gram_schmidt: Removing vector 83 of norm 0.0
18:07 gram_schmidt: Removing vector 84 of norm 0.0
18:07 gram_schmidt: Removing vector 85 of norm 0.0
18:07 gram_schmidt: Removing vector 86 of norm 0.0
18:07 gram_schmidt: Removing vector 87 of norm 0.0
18:07 gram_schmidt: Removing vector 88 of norm 0.0
18:07 gram_schmidt: Removing vector 89 of norm 0.0
18:07 gram_schmidt: Removing vector 90 of norm 0.0
18:07 gram_schmidt: Removing vector 91 of norm 0.0
18:07 gram_schmidt: Removing vector 92 of norm 0.0
18:07 gram_schmidt: Removing vector 93 of norm 0.0
18:07 gram_schmidt: Removing vector 94 of norm 0.0
18:07 gram_schmidt: Removing vector 95 of norm 0.0
18:07 gram_schmidt: Removing vector 96 of norm 0.0
18:07 gram_schmidt: Removing vector 97 of norm 0.0
18:07 gram_schmidt: Removing vector 98 of norm 0.0
18:07 gram_schmidt: Removing vector 99 of norm 0.0
18:07 gram_schmidt: Removing vector 100 of norm 0.0
18:07 gram_schmidt: Removing vector 101 of norm 0.0
18:07 gram_schmidt: Removing vector 0 of norm 0.0
18:07 gram_schmidt: Removing vector 1 of norm 0.0
18:07 gram_schmidt: Removing vector 2 of norm 0.0
18:07 gram_schmidt: Removing vector 3 of norm 0.0
18:07 gram_schmidt: Removing vector 4 of norm 0.0
18:07 gram_schmidt: Removing vector 5 of norm 0.0
18:07 gram_schmidt: Removing vector 6 of norm 0.0
18:07 gram_schmidt: Removing vector 7 of norm 0.0
18:07 gram_schmidt: Removing vector 8 of norm 0.0
18:07 gram_schmidt: Removing vector 9 of norm 0.0
18:07 gram_schmidt: Removing vector 10 of norm 0.0
18:07 gram_schmidt: Removing vector 11 of norm 0.0
18:07 gram_schmidt: Removing vector 12 of norm 0.0
18:07 gram_schmidt: Removing vector 13 of norm 0.0
18:07 gram_schmidt: Removing vector 14 of norm 0.0
18:07 gram_schmidt: Removing vector 15 of norm 0.0
18:07 gram_schmidt: Removing vector 16 of norm 0.0
18:07 gram_schmidt: Removing vector 17 of norm 0.0
18:07 gram_schmidt: Removing vector 18 of norm 0.0
18:07 gram_schmidt: Removing vector 19 of norm 0.0
18:07 gram_schmidt: Removing vector 20 of norm 0.0
18:07 gram_schmidt: Removing vector 21 of norm 0.0
18:07 gram_schmidt: Removing vector 22 of norm 0.0
18:07 gram_schmidt: Removing vector 23 of norm 0.0
18:07 gram_schmidt: Removing vector 24 of norm 0.0
18:07 gram_schmidt: Removing vector 25 of norm 0.0
18:07 gram_schmidt: Removing vector 26 of norm 0.0
18:07 gram_schmidt: Removing vector 27 of norm 0.0
18:07 gram_schmidt: Removing vector 28 of norm 0.0
18:07 gram_schmidt: Removing vector 29 of norm 0.0
18:07 gram_schmidt: Removing vector 30 of norm 0.0
18:07 gram_schmidt: Removing vector 31 of norm 0.0
18:07 gram_schmidt: Removing vector 32 of norm 0.0
18:07 gram_schmidt: Removing vector 33 of norm 0.0
18:07 gram_schmidt: Removing vector 34 of norm 0.0
18:07 gram_schmidt: Removing vector 35 of norm 0.0
18:07 gram_schmidt: Removing vector 36 of norm 0.0
18:07 gram_schmidt: Removing vector 37 of norm 0.0
18:07 gram_schmidt: Removing vector 38 of norm 0.0
18:07 gram_schmidt: Removing vector 39 of norm 0.0
18:07 gram_schmidt: Removing vector 40 of norm 0.0
18:07 gram_schmidt: Removing vector 41 of norm 0.0
18:07 gram_schmidt: Removing vector 42 of norm 0.0
18:07 gram_schmidt: Removing vector 43 of norm 0.0
18:07 gram_schmidt: Removing vector 44 of norm 0.0
18:07 gram_schmidt: Removing vector 45 of norm 0.0
18:07 gram_schmidt: Removing vector 46 of norm 0.0
18:07 gram_schmidt: Removing vector 47 of norm 0.0
18:07 gram_schmidt: Removing vector 48 of norm 0.0
18:07 gram_schmidt: Removing vector 49 of norm 0.0
18:07 gram_schmidt: Removing vector 50 of norm 0.0
18:07 gram_schmidt: Removing vector 51 of norm 0.0
18:07 gram_schmidt: Removing vector 52 of norm 0.0
18:07 gram_schmidt: Removing vector 53 of norm 0.0
18:07 gram_schmidt: Removing vector 54 of norm 0.0
18:07 gram_schmidt: Removing vector 55 of norm 0.0
18:07 gram_schmidt: Removing vector 56 of norm 0.0
18:07 gram_schmidt: Removing vector 57 of norm 0.0
18:07 gram_schmidt: Removing vector 58 of norm 0.0
18:07 gram_schmidt: Removing vector 59 of norm 0.0
18:07 gram_schmidt: Removing vector 60 of norm 0.0
18:07 gram_schmidt: Removing vector 61 of norm 0.0
18:07 gram_schmidt: Removing vector 62 of norm 0.0
18:07 gram_schmidt: Removing vector 63 of norm 0.0
18:07 gram_schmidt: Removing vector 64 of norm 0.0
18:07 gram_schmidt: Removing vector 65 of norm 0.0
18:07 gram_schmidt: Removing vector 66 of norm 0.0
18:07 gram_schmidt: Removing vector 67 of norm 0.0
18:07 gram_schmidt: Removing vector 68 of norm 0.0
18:07 gram_schmidt: Removing vector 69 of norm 0.0
18:07 gram_schmidt: Removing vector 70 of norm 0.0
18:07 gram_schmidt: Removing vector 71 of norm 0.0
18:07 gram_schmidt: Removing vector 72 of norm 0.0
18:07 gram_schmidt: Removing vector 73 of norm 0.0
18:07 gram_schmidt: Removing vector 74 of norm 0.0
18:07 gram_schmidt: Removing vector 75 of norm 0.0
18:07 gram_schmidt: Removing vector 76 of norm 0.0
18:07 gram_schmidt: Removing vector 77 of norm 0.0
18:07 gram_schmidt: Removing vector 78 of norm 0.0
18:07 gram_schmidt: Removing vector 79 of norm 0.0
18:07 gram_schmidt: Removing vector 80 of norm 0.0
18:07 gram_schmidt: Removing vector 81 of norm 0.0
18:07 gram_schmidt: Removing vector 82 of norm 0.0
18:07 gram_schmidt: Removing vector 83 of norm 0.0
18:07 gram_schmidt: Removing vector 84 of norm 0.0
18:07 gram_schmidt: Removing vector 85 of norm 0.0
18:07 gram_schmidt: Removing vector 86 of norm 0.0
18:07 gram_schmidt: Removing vector 87 of norm 0.0
18:07 gram_schmidt: Removing vector 88 of norm 0.0
18:07 gram_schmidt: Removing vector 89 of norm 0.0
18:07 gram_schmidt: Removing vector 90 of norm 0.0
18:07 gram_schmidt: Removing vector 91 of norm 0.0
18:07 gram_schmidt: Removing vector 92 of norm 0.0
18:07 gram_schmidt: Removing vector 93 of norm 0.0
18:07 gram_schmidt: Removing vector 94 of norm 0.0
18:07 gram_schmidt: Removing vector 95 of norm 0.0
18:07 gram_schmidt: Removing vector 96 of norm 0.0
18:07 gram_schmidt: Removing vector 97 of norm 0.0
18:07 gram_schmidt: Removing vector 98 of norm 0.0
18:07 gram_schmidt: Removing vector 99 of norm 0.0
18:07 gram_schmidt: Removing vector 100 of norm 0.0
18:07 gram_schmidt: Removing vector 101 of norm 0.0
</system-err></testcase><testcase classname="src.pymortests.algorithms.gram_schmidt" file="src/pymortests/algorithms/gram_schmidt.py" line="26" name="test_gram_schmidt_with_product[&lt;lambda&gt;0]" time="0.035668134689331055"><system-err>18:07 DiffusionOperatorP1: Calulate gradients of shape functions transformed by reference map ...
18:07 DiffusionOperatorP1: Calculate all local scalar products beween gradients ...
18:07 DiffusionOperatorP1: Determine global dofs ...
18:07 DiffusionOperatorP1: Boundary treatment ...
18:07 DiffusionOperatorP1: Assemble system matrix ...
18:07 DiffusionOperatorP1: Calulate gradients of shape functions transformed by reference map ...
18:07 DiffusionOperatorP1: Calculate all local scalar products beween gradients ...
18:07 DiffusionOperatorP1: Determine global dofs ...
18:07 DiffusionOperatorP1: Boundary treatment ...
18:07 DiffusionOperatorP1: Assemble system matrix ...
18:07 DiffusionOperatorP1: Calulate gradients of shape functions transformed by reference map ...
18:07 DiffusionOperatorP1: Calculate all local scalar products beween gradients ...
18:07 DiffusionOperatorP1: Determine global dofs ...
18:07 DiffusionOperatorP1: Boundary treatment ...
18:07 DiffusionOperatorP1: Assemble system matrix ...
18:07 DiffusionOperatorP1: Calulate gradients of shape functions transformed by reference map ...
18:07 DiffusionOperatorP1: Calculate all local scalar products beween gradients ...
18:07 DiffusionOperatorP1: Determine global dofs ...
18:07 DiffusionOperatorP1: Boundary treatment ...
18:07 DiffusionOperatorP1: Assemble system matrix ...
18:07 DiffusionOperatorP1: Calulate gradients of shape functions transformed by reference map ...
18:07 DiffusionOperatorP1: Calculate all local scalar products beween gradients ...
18:07 DiffusionOperatorP1: Determine global dofs ...
18:07 DiffusionOperatorP1: Boundary treatment ...
18:07 DiffusionOperatorP1: Assemble system matrix ...
18:07 L2ProductP1: Integrate the products of the shape functions on each element
18:07 L2ProductP1: Determine global dofs ...
18:07 L2ProductP1: Boundary treatment ...
18:07 L2ProductP1: Assemble system matrix ...
18:07 DiffusionOperatorP1: Calulate gradients of shape functions transformed by reference map ...
18:07 DiffusionOperatorP1: Calculate all local scalar products beween gradients ...
18:07 DiffusionOperatorP1: Determine global dofs ...
18:07 DiffusionOperatorP1: Boundary treatment ...
18:07 DiffusionOperatorP1: Assemble system matrix ...
18:07 L2ProductP1: Integrate the products of the shape functions on each element
18:07 L2ProductP1: Determine global dofs ...
18:07 L2ProductP1: Boundary treatment ...
18:07 L2ProductP1: Assemble system matrix ...
18:07 DiffusionOperatorP1: Calulate gradients of shape functions transformed by reference map ...
18:07 DiffusionOperatorP1: Calculate all local scalar products beween gradients ...
18:07 DiffusionOperatorP1: Determine global dofs ...
18:07 DiffusionOperatorP1: Boundary treatment ...
18:07 DiffusionOperatorP1: Assemble system matrix ...
18:07 gram_schmidt: Orthonormalizing vector 3 again
18:07 gram_schmidt: Orthonormalizing vector 4 again
18:07 gram_schmidt: Orthonormalizing vector 3 again
18:07 gram_schmidt: Orthonormalizing vector 4 again
</system-err></testcase><testcase classname="src.pymortests.algorithms.gram_schmidt" file="src/pymortests/algorithms/gram_schmidt.py" line="26" name="test_gram_schmidt_with_product[&lt;lambda&gt;1]" time="0.034549713134765625"><system-err>18:07 DiffusionOperatorP1: Calulate gradients of shape functions transformed by reference map ...
18:07 DiffusionOperatorP1: Calculate all local scalar products beween gradients ...
18:07 DiffusionOperatorP1: Determine global dofs ...
18:07 DiffusionOperatorP1: Boundary treatment ...
18:07 DiffusionOperatorP1: Assemble system matrix ...
18:07 DiffusionOperatorP1: Calulate gradients of shape functions transformed by reference map ...
18:07 DiffusionOperatorP1: Calculate all local scalar products beween gradients ...
18:07 DiffusionOperatorP1: Determine global dofs ...
18:07 DiffusionOperatorP1: Boundary treatment ...
18:07 DiffusionOperatorP1: Assemble system matrix ...
18:07 L2ProductP1: Integrate the products of the shape functions on each element
18:07 L2ProductP1: Determine global dofs ...
18:07 L2ProductP1: Boundary treatment ...
18:07 L2ProductP1: Assemble system matrix ...
18:07 DiffusionOperatorP1: Calulate gradients of shape functions transformed by reference map ...
18:07 DiffusionOperatorP1: Calculate all local scalar products beween gradients ...
18:07 DiffusionOperatorP1: Determine global dofs ...
18:07 DiffusionOperatorP1: Boundary treatment ...
18:07 DiffusionOperatorP1: Assemble system matrix ...
18:07 L2ProductP1: Integrate the products of the shape functions on each element
18:07 L2ProductP1: Determine global dofs ...
18:07 L2ProductP1: Boundary treatment ...
18:07 L2ProductP1: Assemble system matrix ...
18:07 DiffusionOperatorP1: Calulate gradients of shape functions transformed by reference map ...
18:07 DiffusionOperatorP1: Calculate all local scalar products beween gradients ...
18:07 DiffusionOperatorP1: Determine global dofs ...
18:07 DiffusionOperatorP1: Boundary treatment ...
18:07 DiffusionOperatorP1: Assemble system matrix ...
18:07 gram_schmidt: Orthonormalizing vector 1 again
18:07 gram_schmidt: Orthonormalizing vector 2 again
18:07 gram_schmidt: Orthonormalizing vector 3 again
18:07 gram_schmidt: Orthonormalizing vector 4 again
18:07 gram_schmidt: Orthonormalizing vector 1 again
18:07 gram_schmidt: Orthonormalizing vector 2 again
18:07 gram_schmidt: Orthonormalizing vector 3 again
18:07 gram_schmidt: Orthonormalizing vector 4 again
</system-err></testcase><testcase classname="src.pymortests.algorithms.gram_schmidt" file="src/pymortests/algorithms/gram_schmidt.py" line="26" name="test_gram_schmidt_with_product[&lt;lambda&gt;2]" time="0.03679156303405762"><system-err>18:08 DiffusionOperatorP1: Calulate gradients of shape functions transformed by reference map ...
18:08 DiffusionOperatorP1: Calculate all local scalar products beween gradients ...
18:08 DiffusionOperatorP1: Determine global dofs ...
18:08 DiffusionOperatorP1: Boundary treatment ...
18:08 DiffusionOperatorP1: Assemble system matrix ...
18:08 DiffusionOperatorP1: Calulate gradients of shape functions transformed by reference map ...
18:08 DiffusionOperatorP1: Calculate all local scalar products beween gradients ...
18:08 DiffusionOperatorP1: Determine global dofs ...
18:08 DiffusionOperatorP1: Boundary treatment ...
18:08 DiffusionOperatorP1: Assemble system matrix ...
18:08 DiffusionOperatorP1: Calulate gradients of shape functions transformed by reference map ...
18:08 DiffusionOperatorP1: Calculate all local scalar products beween gradients ...
18:08 DiffusionOperatorP1: Determine global dofs ...
18:08 DiffusionOperatorP1: Boundary treatment ...
18:08 DiffusionOperatorP1: Assemble system matrix ...
18:08 DiffusionOperatorP1: Calulate gradients of shape functions transformed by reference map ...
18:08 DiffusionOperatorP1: Calculate all local scalar products beween gradients ...
18:08 DiffusionOperatorP1: Determine global dofs ...
18:08 DiffusionOperatorP1: Boundary treatment ...
18:08 DiffusionOperatorP1: Assemble system matrix ...
18:08 DiffusionOperatorP1: Calulate gradients of shape functions transformed by reference map ...
18:08 DiffusionOperatorP1: Calculate all local scalar products beween gradients ...
18:08 DiffusionOperatorP1: Determine global dofs ...
18:08 DiffusionOperatorP1: Boundary treatment ...
18:08 DiffusionOperatorP1: Assemble system matrix ...
18:08 L2ProductP1: Integrate the products of the shape functions on each element
18:08 L2ProductP1: Determine global dofs ...
18:08 L2ProductP1: Boundary treatment ...
18:08 L2ProductP1: Assemble system matrix ...
18:08 DiffusionOperatorP1: Calulate gradients of shape functions transformed by reference map ...
18:08 DiffusionOperatorP1: Calculate all local scalar products beween gradients ...
18:08 DiffusionOperatorP1: Determine global dofs ...
18:08 DiffusionOperatorP1: Boundary treatment ...
18:08 DiffusionOperatorP1: Assemble system matrix ...
18:08 L2ProductP1: Integrate the products of the shape functions on each element
18:08 L2ProductP1: Determine global dofs ...
18:08 L2ProductP1: Boundary treatment ...
18:08 L2ProductP1: Assemble system matrix ...
18:08 DiffusionOperatorP1: Calulate gradients of shape functions transformed by reference map ...
18:08 DiffusionOperatorP1: Calculate all local scalar products beween gradients ...
18:08 DiffusionOperatorP1: Determine global dofs ...
18:08 DiffusionOperatorP1: Boundary treatment ...
18:08 DiffusionOperatorP1: Assemble system matrix ...
18:08 gram_schmidt: Orthonormalizing vector 3 again
18:08 gram_schmidt: Orthonormalizing vector 4 again
18:08 gram_schmidt: Orthonormalizing vector 3 again
18:08 gram_schmidt: Orthonormalizing vector 4 again
</system-err></testcase><testcase classname="src.pymortests.algorithms.gram_schmidt" file="src/pymortests/algorithms/gram_schmidt.py" line="26" name="test_gram_schmidt_with_product[&lt;lambda&gt;3]" time="0.03351306915283203"><system-err>18:08 DiffusionOperatorP1: Calulate gradients of shape functions transformed by reference map ...
18:08 DiffusionOperatorP1: Calculate all local scalar products beween gradients ...
18:08 DiffusionOperatorP1: Determine global dofs ...
18:08 DiffusionOperatorP1: Boundary treatment ...
18:08 DiffusionOperatorP1: Assemble system matrix ...
18:08 DiffusionOperatorP1: Calulate gradients of shape functions transformed by reference map ...
18:08 DiffusionOperatorP1: Calculate all local scalar products beween gradients ...
18:08 DiffusionOperatorP1: Determine global dofs ...
18:08 DiffusionOperatorP1: Boundary treatment ...
18:08 DiffusionOperatorP1: Assemble system matrix ...
18:08 L2ProductP1: Integrate the products of the shape functions on each element
18:08 L2ProductP1: Determine global dofs ...
18:08 L2ProductP1: Boundary treatment ...
18:08 L2ProductP1: Assemble system matrix ...
18:08 DiffusionOperatorP1: Calulate gradients of shape functions transformed by reference map ...
18:08 DiffusionOperatorP1: Calculate all local scalar products beween gradients ...
18:08 DiffusionOperatorP1: Determine global dofs ...
18:08 DiffusionOperatorP1: Boundary treatment ...
18:08 DiffusionOperatorP1: Assemble system matrix ...
18:08 L2ProductP1: Integrate the products of the shape functions on each element
18:08 L2ProductP1: Determine global dofs ...
18:08 L2ProductP1: Boundary treatment ...
18:08 L2ProductP1: Assemble system matrix ...
18:08 DiffusionOperatorP1: Calulate gradients of shape functions transformed by reference map ...
18:08 DiffusionOperatorP1: Calculate all local scalar products beween gradients ...
18:08 DiffusionOperatorP1: Determine global dofs ...
18:08 DiffusionOperatorP1: Boundary treatment ...
18:08 DiffusionOperatorP1: Assemble system matrix ...
18:08 gram_schmidt: Orthonormalizing vector 1 again
18:08 gram_schmidt: Orthonormalizing vector 2 again
18:08 gram_schmidt: Orthonormalizing vector 3 again
18:08 gram_schmidt: Orthonormalizing vector 4 again
18:08 gram_schmidt: Orthonormalizing vector 1 again
18:08 gram_schmidt: Orthonormalizing vector 2 again
18:08 gram_schmidt: Orthonormalizing vector 3 again
18:08 gram_schmidt: Orthonormalizing vector 4 again
</system-err></testcase><testcase classname="src.pymortests.algorithms.gram_schmidt" file="src/pymortests/algorithms/gram_schmidt.py" line="26" name="test_gram_schmidt_with_product[&lt;lambda&gt;4]" time="0.03631997108459473"><system-err>18:08 DiffusionOperatorP1: Calulate gradients of shape functions transformed by reference map ...
18:08 DiffusionOperatorP1: Calculate all local scalar products beween gradients ...
18:08 DiffusionOperatorP1: Determine global dofs ...
18:08 DiffusionOperatorP1: Boundary treatment ...
18:08 DiffusionOperatorP1: Assemble system matrix ...
18:08 DiffusionOperatorP1: Calulate gradients of shape functions transformed by reference map ...
18:08 DiffusionOperatorP1: Calculate all local scalar products beween gradients ...
18:08 DiffusionOperatorP1: Determine global dofs ...
18:08 DiffusionOperatorP1: Boundary treatment ...
18:08 DiffusionOperatorP1: Assemble system matrix ...
18:08 DiffusionOperatorP1: Calulate gradients of shape functions transformed by reference map ...
18:08 DiffusionOperatorP1: Calculate all local scalar products beween gradients ...
18:08 DiffusionOperatorP1: Determine global dofs ...
18:08 DiffusionOperatorP1: Boundary treatment ...
18:08 DiffusionOperatorP1: Assemble system matrix ...
18:08 DiffusionOperatorP1: Calulate gradients of shape functions transformed by reference map ...
18:08 DiffusionOperatorP1: Calculate all local scalar products beween gradients ...
18:08 DiffusionOperatorP1: Determine global dofs ...
18:08 DiffusionOperatorP1: Boundary treatment ...
18:08 DiffusionOperatorP1: Assemble system matrix ...
18:08 DiffusionOperatorP1: Calulate gradients of shape functions transformed by reference map ...
18:08 DiffusionOperatorP1: Calculate all local scalar products beween gradients ...
18:08 DiffusionOperatorP1: Determine global dofs ...
18:08 DiffusionOperatorP1: Boundary treatment ...
18:08 DiffusionOperatorP1: Assemble system matrix ...
18:08 L2ProductP1: Integrate the products of the shape functions on each element
18:08 L2ProductP1: Determine global dofs ...
18:08 L2ProductP1: Boundary treatment ...
18:08 L2ProductP1: Assemble system matrix ...
18:08 DiffusionOperatorP1: Calulate gradients of shape functions transformed by reference map ...
18:08 DiffusionOperatorP1: Calculate all local scalar products beween gradients ...
18:08 DiffusionOperatorP1: Determine global dofs ...
18:08 DiffusionOperatorP1: Boundary treatment ...
18:08 DiffusionOperatorP1: Assemble system matrix ...
18:08 L2ProductP1: Integrate the products of the shape functions on each element
18:08 L2ProductP1: Determine global dofs ...
18:08 L2ProductP1: Boundary treatment ...
18:08 L2ProductP1: Assemble system matrix ...
18:08 DiffusionOperatorP1: Calulate gradients of shape functions transformed by reference map ...
18:08 DiffusionOperatorP1: Calculate all local scalar products beween gradients ...
18:08 DiffusionOperatorP1: Determine global dofs ...
18:08 DiffusionOperatorP1: Boundary treatment ...
18:08 DiffusionOperatorP1: Assemble system matrix ...
18:08 gram_schmidt: Orthonormalizing vector 3 again
18:08 gram_schmidt: Orthonormalizing vector 4 again
18:08 gram_schmidt: Orthonormalizing vector 3 again
18:08 gram_schmidt: Orthonormalizing vector 4 again
</system-err></testcase><testcase classname="src.pymortests.algorithms.gram_schmidt" file="src/pymortests/algorithms/gram_schmidt.py" line="26" name="test_gram_schmidt_with_product[&lt;lambda&gt;5]" time="0.040012359619140625"><system-err>18:08 DiffusionOperatorP1: Calulate gradients of shape functions transformed by reference map ...
18:08 DiffusionOperatorP1: Calculate all local scalar products beween gradients ...
18:08 DiffusionOperatorP1: Determine global dofs ...
18:08 DiffusionOperatorP1: Boundary treatment ...
18:08 DiffusionOperatorP1: Assemble system matrix ...
18:08 DiffusionOperatorP1: Calulate gradients of shape functions transformed by reference map ...
18:08 DiffusionOperatorP1: Calculate all local scalar products beween gradients ...
18:08 DiffusionOperatorP1: Determine global dofs ...
18:08 DiffusionOperatorP1: Boundary treatment ...
18:08 DiffusionOperatorP1: Assemble system matrix ...
18:08 L2ProductP1: Integrate the products of the shape functions on each element
18:08 L2ProductP1: Determine global dofs ...
18:08 L2ProductP1: Boundary treatment ...
18:08 L2ProductP1: Assemble system matrix ...
18:08 DiffusionOperatorP1: Calulate gradients of shape functions transformed by reference map ...
18:08 DiffusionOperatorP1: Calculate all local scalar products beween gradients ...
18:08 DiffusionOperatorP1: Determine global dofs ...
18:08 DiffusionOperatorP1: Boundary treatment ...
18:08 DiffusionOperatorP1: Assemble system matrix ...
18:08 L2ProductP1: Integrate the products of the shape functions on each element
18:08 L2ProductP1: Determine global dofs ...
18:08 L2ProductP1: Boundary treatment ...
18:08 L2ProductP1: Assemble system matrix ...
18:08 DiffusionOperatorP1: Calulate gradients of shape functions transformed by reference map ...
18:08 DiffusionOperatorP1: Calculate all local scalar products beween gradients ...
18:08 DiffusionOperatorP1: Determine global dofs ...
18:08 DiffusionOperatorP1: Boundary treatment ...
18:08 DiffusionOperatorP1: Assemble system matrix ...
18:08 gram_schmidt: Orthonormalizing vector 1 again
18:08 gram_schmidt: Orthonormalizing vector 2 again
18:08 gram_schmidt: Orthonormalizing vector 3 again
18:08 gram_schmidt: Orthonormalizing vector 4 again
18:08 gram_schmidt: Orthonormalizing vector 1 again
18:08 gram_schmidt: Orthonormalizing vector 2 again
18:08 gram_schmidt: Orthonormalizing vector 3 again
18:08 gram_schmidt: Orthonormalizing vector 4 again
</system-err></testcase><testcase classname="src.pymortests.algorithms.gram_schmidt" file="src/pymortests/algorithms/gram_schmidt.py" line="26" name="test_gram_schmidt_with_product[&lt;lambda&gt;6]" time="0.03544282913208008"><system-err>18:08 DiffusionOperatorP1: Calulate gradients of shape functions transformed by reference map ...
18:08 DiffusionOperatorP1: Calculate all local scalar products beween gradients ...
18:08 DiffusionOperatorP1: Determine global dofs ...
18:08 DiffusionOperatorP1: Boundary treatment ...
18:08 DiffusionOperatorP1: Assemble system matrix ...
18:08 DiffusionOperatorP1: Calulate gradients of shape functions transformed by reference map ...
18:08 DiffusionOperatorP1: Calculate all local scalar products beween gradients ...
18:08 DiffusionOperatorP1: Determine global dofs ...
18:08 DiffusionOperatorP1: Boundary treatment ...
18:08 DiffusionOperatorP1: Assemble system matrix ...
18:08 DiffusionOperatorP1: Calulate gradients of shape functions transformed by reference map ...
18:08 DiffusionOperatorP1: Calculate all local scalar products beween gradients ...
18:08 DiffusionOperatorP1: Determine global dofs ...
18:08 DiffusionOperatorP1: Boundary treatment ...
18:08 DiffusionOperatorP1: Assemble system matrix ...
18:08 DiffusionOperatorP1: Calulate gradients of shape functions transformed by reference map ...
18:08 DiffusionOperatorP1: Calculate all local scalar products beween gradients ...
18:08 DiffusionOperatorP1: Determine global dofs ...
18:08 DiffusionOperatorP1: Boundary treatment ...
18:08 DiffusionOperatorP1: Assemble system matrix ...
18:08 DiffusionOperatorP1: Calulate gradients of shape functions transformed by reference map ...
18:08 DiffusionOperatorP1: Calculate all local scalar products beween gradients ...
18:08 DiffusionOperatorP1: Determine global dofs ...
18:08 DiffusionOperatorP1: Boundary treatment ...
18:08 DiffusionOperatorP1: Assemble system matrix ...
18:08 L2ProductP1: Integrate the products of the shape functions on each element
18:08 L2ProductP1: Determine global dofs ...
18:08 L2ProductP1: Boundary treatment ...
18:08 L2ProductP1: Assemble system matrix ...
18:08 DiffusionOperatorP1: Calulate gradients of shape functions transformed by reference map ...
18:08 DiffusionOperatorP1: Calculate all local scalar products beween gradients ...
18:08 DiffusionOperatorP1: Determine global dofs ...
18:08 DiffusionOperatorP1: Boundary treatment ...
18:08 DiffusionOperatorP1: Assemble system matrix ...
18:08 L2ProductP1: Integrate the products of the shape functions on each element
18:08 L2ProductP1: Determine global dofs ...
18:08 L2ProductP1: Boundary treatment ...
18:08 L2ProductP1: Assemble system matrix ...
18:08 DiffusionOperatorP1: Calulate gradients of shape functions transformed by reference map ...
18:08 DiffusionOperatorP1: Calculate all local scalar products beween gradients ...
18:08 DiffusionOperatorP1: Determine global dofs ...
18:08 DiffusionOperatorP1: Boundary treatment ...
18:08 DiffusionOperatorP1: Assemble system matrix ...
18:08 gram_schmidt: Orthonormalizing vector 3 again
18:08 gram_schmidt: Orthonormalizing vector 4 again
18:08 gram_schmidt: Orthonormalizing vector 3 again
18:08 gram_schmidt: Orthonormalizing vector 4 again
</system-err></testcase><testcase classname="src.pymortests.algorithms.gram_schmidt" file="src/pymortests/algorithms/gram_schmidt.py" line="26" name="test_gram_schmidt_with_product[&lt;lambda&gt;7]" time="0.03302478790283203"><system-err>18:08 DiffusionOperatorP1: Calulate gradients of shape functions transformed by reference map ...
18:08 DiffusionOperatorP1: Calculate all local scalar products beween gradients ...
18:08 DiffusionOperatorP1: Determine global dofs ...
18:08 DiffusionOperatorP1: Boundary treatment ...
18:08 DiffusionOperatorP1: Assemble system matrix ...
18:08 DiffusionOperatorP1: Calulate gradients of shape functions transformed by reference map ...
18:08 DiffusionOperatorP1: Calculate all local scalar products beween gradients ...
18:08 DiffusionOperatorP1: Determine global dofs ...
18:08 DiffusionOperatorP1: Boundary treatment ...
18:08 DiffusionOperatorP1: Assemble system matrix ...
18:08 L2ProductP1: Integrate the products of the shape functions on each element
18:08 L2ProductP1: Determine global dofs ...
18:08 L2ProductP1: Boundary treatment ...
18:08 L2ProductP1: Assemble system matrix ...
18:08 DiffusionOperatorP1: Calulate gradients of shape functions transformed by reference map ...
18:08 DiffusionOperatorP1: Calculate all local scalar products beween gradients ...
18:08 DiffusionOperatorP1: Determine global dofs ...
18:08 DiffusionOperatorP1: Boundary treatment ...
18:08 DiffusionOperatorP1: Assemble system matrix ...
18:08 L2ProductP1: Integrate the products of the shape functions on each element
18:08 L2ProductP1: Determine global dofs ...
18:08 L2ProductP1: Boundary treatment ...
18:08 L2ProductP1: Assemble system matrix ...
18:08 DiffusionOperatorP1: Calulate gradients of shape functions transformed by reference map ...
18:08 DiffusionOperatorP1: Calculate all local scalar products beween gradients ...
18:08 DiffusionOperatorP1: Determine global dofs ...
18:08 DiffusionOperatorP1: Boundary treatment ...
18:08 DiffusionOperatorP1: Assemble system matrix ...
18:08 gram_schmidt: Orthonormalizing vector 1 again
18:08 gram_schmidt: Orthonormalizing vector 2 again
18:08 gram_schmidt: Orthonormalizing vector 3 again
18:08 gram_schmidt: Orthonormalizing vector 4 again
18:08 gram_schmidt: Orthonormalizing vector 1 again
18:08 gram_schmidt: Orthonormalizing vector 2 again
18:08 gram_schmidt: Orthonormalizing vector 3 again
18:08 gram_schmidt: Orthonormalizing vector 4 again
</system-err></testcase><testcase classname="src.pymortests.algorithms.gram_schmidt" file="src/pymortests/algorithms/gram_schmidt.py" line="26" name="test_gram_schmidt_with_product[&lt;lambda&gt;8]" time="0.03542280197143555"><system-err>18:08 DiffusionOperatorP1: Calulate gradients of shape functions transformed by reference map ...
18:08 DiffusionOperatorP1: Calculate all local scalar products beween gradients ...
18:08 DiffusionOperatorP1: Determine global dofs ...
18:08 DiffusionOperatorP1: Boundary treatment ...
18:08 DiffusionOperatorP1: Assemble system matrix ...
18:08 DiffusionOperatorP1: Calulate gradients of shape functions transformed by reference map ...
18:08 DiffusionOperatorP1: Calculate all local scalar products beween gradients ...
18:08 DiffusionOperatorP1: Determine global dofs ...
18:08 DiffusionOperatorP1: Boundary treatment ...
18:08 DiffusionOperatorP1: Assemble system matrix ...
18:08 DiffusionOperatorP1: Calulate gradients of shape functions transformed by reference map ...
18:08 DiffusionOperatorP1: Calculate all local scalar products beween gradients ...
18:08 DiffusionOperatorP1: Determine global dofs ...
18:08 DiffusionOperatorP1: Boundary treatment ...
18:08 DiffusionOperatorP1: Assemble system matrix ...
18:08 DiffusionOperatorP1: Calulate gradients of shape functions transformed by reference map ...
18:08 DiffusionOperatorP1: Calculate all local scalar products beween gradients ...
18:08 DiffusionOperatorP1: Determine global dofs ...
18:08 DiffusionOperatorP1: Boundary treatment ...
18:08 DiffusionOperatorP1: Assemble system matrix ...
18:08 DiffusionOperatorP1: Calulate gradients of shape functions transformed by reference map ...
18:08 DiffusionOperatorP1: Calculate all local scalar products beween gradients ...
18:08 DiffusionOperatorP1: Determine global dofs ...
18:08 DiffusionOperatorP1: Boundary treatment ...
18:08 DiffusionOperatorP1: Assemble system matrix ...
18:08 L2ProductP1: Integrate the products of the shape functions on each element
18:08 L2ProductP1: Determine global dofs ...
18:08 L2ProductP1: Boundary treatment ...
18:08 L2ProductP1: Assemble system matrix ...
18:08 DiffusionOperatorP1: Calulate gradients of shape functions transformed by reference map ...
18:08 DiffusionOperatorP1: Calculate all local scalar products beween gradients ...
18:08 DiffusionOperatorP1: Determine global dofs ...
18:08 DiffusionOperatorP1: Boundary treatment ...
18:08 DiffusionOperatorP1: Assemble system matrix ...
18:08 L2ProductP1: Integrate the products of the shape functions on each element
18:08 L2ProductP1: Determine global dofs ...
18:08 L2ProductP1: Boundary treatment ...
18:08 L2ProductP1: Assemble system matrix ...
18:08 DiffusionOperatorP1: Calulate gradients of shape functions transformed by reference map ...
18:08 DiffusionOperatorP1: Calculate all local scalar products beween gradients ...
18:08 DiffusionOperatorP1: Determine global dofs ...
18:08 DiffusionOperatorP1: Boundary treatment ...
18:08 DiffusionOperatorP1: Assemble system matrix ...
18:08 gram_schmidt: Orthonormalizing vector 3 again
18:08 gram_schmidt: Orthonormalizing vector 4 again
18:08 gram_schmidt: Orthonormalizing vector 3 again
18:08 gram_schmidt: Orthonormalizing vector 4 again
</system-err></testcase><testcase classname="src.pymortests.algorithms.gram_schmidt" file="src/pymortests/algorithms/gram_schmidt.py" line="26" name="test_gram_schmidt_with_product[&lt;lambda&gt;9]" time="0.03916049003601074"><system-err>18:08 DiffusionOperatorP1: Calulate gradients of shape functions transformed by reference map ...
18:08 DiffusionOperatorP1: Calculate all local scalar products beween gradients ...
18:08 DiffusionOperatorP1: Determine global dofs ...
18:08 DiffusionOperatorP1: Boundary treatment ...
18:08 DiffusionOperatorP1: Assemble system matrix ...
18:08 DiffusionOperatorP1: Calulate gradients of shape functions transformed by reference map ...
18:08 DiffusionOperatorP1: Calculate all local scalar products beween gradients ...
18:08 DiffusionOperatorP1: Determine global dofs ...
18:08 DiffusionOperatorP1: Boundary treatment ...
18:08 DiffusionOperatorP1: Assemble system matrix ...
18:08 L2ProductP1: Integrate the products of the shape functions on each element
18:08 L2ProductP1: Determine global dofs ...
18:08 L2ProductP1: Boundary treatment ...
18:08 L2ProductP1: Assemble system matrix ...
18:08 DiffusionOperatorP1: Calulate gradients of shape functions transformed by reference map ...
18:08 DiffusionOperatorP1: Calculate all local scalar products beween gradients ...
18:08 DiffusionOperatorP1: Determine global dofs ...
18:08 DiffusionOperatorP1: Boundary treatment ...
18:08 DiffusionOperatorP1: Assemble system matrix ...
18:08 L2ProductP1: Integrate the products of the shape functions on each element
18:08 L2ProductP1: Determine global dofs ...
18:08 L2ProductP1: Boundary treatment ...
18:08 L2ProductP1: Assemble system matrix ...
18:08 DiffusionOperatorP1: Calulate gradients of shape functions transformed by reference map ...
18:08 DiffusionOperatorP1: Calculate all local scalar products beween gradients ...
18:08 DiffusionOperatorP1: Determine global dofs ...
18:08 DiffusionOperatorP1: Boundary treatment ...
18:08 DiffusionOperatorP1: Assemble system matrix ...
18:08 gram_schmidt: Orthonormalizing vector 1 again
18:08 gram_schmidt: Orthonormalizing vector 2 again
18:08 gram_schmidt: Orthonormalizing vector 3 again
18:08 gram_schmidt: Orthonormalizing vector 4 again
18:08 gram_schmidt: Orthonormalizing vector 1 again
18:08 gram_schmidt: Orthonormalizing vector 2 again
18:08 gram_schmidt: Orthonormalizing vector 3 again
18:08 gram_schmidt: Orthonormalizing vector 4 again
</system-err></testcase><testcase classname="src.pymortests.algorithms.gram_schmidt" file="src/pymortests/algorithms/gram_schmidt.py" line="26" name="test_gram_schmidt_with_product[&lt;lambda&gt;10]" time="0.03540658950805664"><system-err>18:08 DiffusionOperatorP1: Calulate gradients of shape functions transformed by reference map ...
18:08 DiffusionOperatorP1: Calculate all local scalar products beween gradients ...
18:08 DiffusionOperatorP1: Determine global dofs ...
18:08 DiffusionOperatorP1: Boundary treatment ...
18:08 DiffusionOperatorP1: Assemble system matrix ...
18:08 DiffusionOperatorP1: Calulate gradients of shape functions transformed by reference map ...
18:08 DiffusionOperatorP1: Calculate all local scalar products beween gradients ...
18:08 DiffusionOperatorP1: Determine global dofs ...
18:08 DiffusionOperatorP1: Boundary treatment ...
18:08 DiffusionOperatorP1: Assemble system matrix ...
18:08 DiffusionOperatorP1: Calulate gradients of shape functions transformed by reference map ...
18:08 DiffusionOperatorP1: Calculate all local scalar products beween gradients ...
18:08 DiffusionOperatorP1: Determine global dofs ...
18:08 DiffusionOperatorP1: Boundary treatment ...
18:08 DiffusionOperatorP1: Assemble system matrix ...
18:08 DiffusionOperatorP1: Calulate gradients of shape functions transformed by reference map ...
18:08 DiffusionOperatorP1: Calculate all local scalar products beween gradients ...
18:08 DiffusionOperatorP1: Determine global dofs ...
18:08 DiffusionOperatorP1: Boundary treatment ...
18:08 DiffusionOperatorP1: Assemble system matrix ...
18:08 DiffusionOperatorP1: Calulate gradients of shape functions transformed by reference map ...
18:08 DiffusionOperatorP1: Calculate all local scalar products beween gradients ...
18:08 DiffusionOperatorP1: Determine global dofs ...
18:08 DiffusionOperatorP1: Boundary treatment ...
18:08 DiffusionOperatorP1: Assemble system matrix ...
18:08 L2ProductP1: Integrate the products of the shape functions on each element
18:08 L2ProductP1: Determine global dofs ...
18:08 L2ProductP1: Boundary treatment ...
18:08 L2ProductP1: Assemble system matrix ...
18:08 DiffusionOperatorP1: Calulate gradients of shape functions transformed by reference map ...
18:08 DiffusionOperatorP1: Calculate all local scalar products beween gradients ...
18:08 DiffusionOperatorP1: Determine global dofs ...
18:08 DiffusionOperatorP1: Boundary treatment ...
18:08 DiffusionOperatorP1: Assemble system matrix ...
18:08 L2ProductP1: Integrate the products of the shape functions on each element
18:08 L2ProductP1: Determine global dofs ...
18:08 L2ProductP1: Boundary treatment ...
18:08 L2ProductP1: Assemble system matrix ...
18:08 DiffusionOperatorP1: Calulate gradients of shape functions transformed by reference map ...
18:08 DiffusionOperatorP1: Calculate all local scalar products beween gradients ...
18:08 DiffusionOperatorP1: Determine global dofs ...
18:08 DiffusionOperatorP1: Boundary treatment ...
18:08 DiffusionOperatorP1: Assemble system matrix ...
18:08 gram_schmidt: Orthonormalizing vector 3 again
18:08 gram_schmidt: Orthonormalizing vector 4 again
18:08 gram_schmidt: Orthonormalizing vector 3 again
18:08 gram_schmidt: Orthonormalizing vector 4 again
</system-err></testcase><testcase classname="src.pymortests.algorithms.gram_schmidt" file="src/pymortests/algorithms/gram_schmidt.py" line="26" name="test_gram_schmidt_with_product[&lt;lambda&gt;11]" time="0.03424859046936035"><system-err>18:08 DiffusionOperatorP1: Calulate gradients of shape functions transformed by reference map ...
18:08 DiffusionOperatorP1: Calculate all local scalar products beween gradients ...
18:08 DiffusionOperatorP1: Determine global dofs ...
18:08 DiffusionOperatorP1: Boundary treatment ...
18:08 DiffusionOperatorP1: Assemble system matrix ...
18:08 DiffusionOperatorP1: Calulate gradients of shape functions transformed by reference map ...
18:08 DiffusionOperatorP1: Calculate all local scalar products beween gradients ...
18:08 DiffusionOperatorP1: Determine global dofs ...
18:08 DiffusionOperatorP1: Boundary treatment ...
18:08 DiffusionOperatorP1: Assemble system matrix ...
18:08 L2ProductP1: Integrate the products of the shape functions on each element
18:08 L2ProductP1: Determine global dofs ...
18:08 L2ProductP1: Boundary treatment ...
18:08 L2ProductP1: Assemble system matrix ...
18:08 DiffusionOperatorP1: Calulate gradients of shape functions transformed by reference map ...
18:08 DiffusionOperatorP1: Calculate all local scalar products beween gradients ...
18:08 DiffusionOperatorP1: Determine global dofs ...
18:08 DiffusionOperatorP1: Boundary treatment ...
18:08 DiffusionOperatorP1: Assemble system matrix ...
18:08 L2ProductP1: Integrate the products of the shape functions on each element
18:08 L2ProductP1: Determine global dofs ...
18:08 L2ProductP1: Boundary treatment ...
18:08 L2ProductP1: Assemble system matrix ...
18:08 DiffusionOperatorP1: Calulate gradients of shape functions transformed by reference map ...
18:08 DiffusionOperatorP1: Calculate all local scalar products beween gradients ...
18:08 DiffusionOperatorP1: Determine global dofs ...
18:08 DiffusionOperatorP1: Boundary treatment ...
18:08 DiffusionOperatorP1: Assemble system matrix ...
18:08 gram_schmidt: Orthonormalizing vector 1 again
18:08 gram_schmidt: Orthonormalizing vector 2 again
18:08 gram_schmidt: Orthonormalizing vector 3 again
18:08 gram_schmidt: Orthonormalizing vector 4 again
18:08 gram_schmidt: Orthonormalizing vector 1 again
18:08 gram_schmidt: Orthonormalizing vector 2 again
18:08 gram_schmidt: Orthonormalizing vector 3 again
18:08 gram_schmidt: Orthonormalizing vector 4 again
</system-err></testcase><testcase classname="src.pymortests.algorithms.gram_schmidt" file="src/pymortests/algorithms/gram_schmidt.py" line="26" name="test_gram_schmidt_with_product[&lt;lambda&gt;12]" time="0.0376131534576416"><system-err>18:08 DiffusionOperatorP1: Calulate gradients of shape functions transformed by reference map ...
18:08 DiffusionOperatorP1: Calculate all local scalar products beween gradients ...
18:08 DiffusionOperatorP1: Determine global dofs ...
18:08 DiffusionOperatorP1: Boundary treatment ...
18:08 DiffusionOperatorP1: Assemble system matrix ...
18:08 DiffusionOperatorP1: Calulate gradients of shape functions transformed by reference map ...
18:08 DiffusionOperatorP1: Calculate all local scalar products beween gradients ...
18:08 DiffusionOperatorP1: Determine global dofs ...
18:08 DiffusionOperatorP1: Boundary treatment ...
18:08 DiffusionOperatorP1: Assemble system matrix ...
18:08 DiffusionOperatorP1: Calulate gradients of shape functions transformed by reference map ...
18:08 DiffusionOperatorP1: Calculate all local scalar products beween gradients ...
18:08 DiffusionOperatorP1: Determine global dofs ...
18:08 DiffusionOperatorP1: Boundary treatment ...
18:08 DiffusionOperatorP1: Assemble system matrix ...
18:08 DiffusionOperatorP1: Calulate gradients of shape functions transformed by reference map ...
18:08 DiffusionOperatorP1: Calculate all local scalar products beween gradients ...
18:08 DiffusionOperatorP1: Determine global dofs ...
18:08 DiffusionOperatorP1: Boundary treatment ...
18:08 DiffusionOperatorP1: Assemble system matrix ...
18:08 DiffusionOperatorP1: Calulate gradients of shape functions transformed by reference map ...
18:08 DiffusionOperatorP1: Calculate all local scalar products beween gradients ...
18:08 DiffusionOperatorP1: Determine global dofs ...
18:08 DiffusionOperatorP1: Boundary treatment ...
18:08 DiffusionOperatorP1: Assemble system matrix ...
18:08 L2ProductP1: Integrate the products of the shape functions on each element
18:08 L2ProductP1: Determine global dofs ...
18:08 L2ProductP1: Boundary treatment ...
18:08 L2ProductP1: Assemble system matrix ...
18:08 DiffusionOperatorP1: Calulate gradients of shape functions transformed by reference map ...
18:08 DiffusionOperatorP1: Calculate all local scalar products beween gradients ...
18:08 DiffusionOperatorP1: Determine global dofs ...
18:08 DiffusionOperatorP1: Boundary treatment ...
18:08 DiffusionOperatorP1: Assemble system matrix ...
18:08 L2ProductP1: Integrate the products of the shape functions on each element
18:08 L2ProductP1: Determine global dofs ...
18:08 L2ProductP1: Boundary treatment ...
18:08 L2ProductP1: Assemble system matrix ...
18:08 DiffusionOperatorP1: Calulate gradients of shape functions transformed by reference map ...
18:08 DiffusionOperatorP1: Calculate all local scalar products beween gradients ...
18:08 DiffusionOperatorP1: Determine global dofs ...
18:08 DiffusionOperatorP1: Boundary treatment ...
18:08 DiffusionOperatorP1: Assemble system matrix ...
18:08 gram_schmidt: Removing linear dependent vector 5
18:08 gram_schmidt: Removing linear dependent vector 6
18:08 gram_schmidt: Removing linear dependent vector 5
18:08 gram_schmidt: Removing linear dependent vector 6
</system-err></testcase><testcase classname="src.pymortests.algorithms.gram_schmidt" file="src/pymortests/algorithms/gram_schmidt.py" line="26" name="test_gram_schmidt_with_product[&lt;lambda&gt;13]" time="0.03281664848327637"><system-err>18:08 DiffusionOperatorP1: Calulate gradients of shape functions transformed by reference map ...
18:08 DiffusionOperatorP1: Calculate all local scalar products beween gradients ...
18:08 DiffusionOperatorP1: Determine global dofs ...
18:08 DiffusionOperatorP1: Boundary treatment ...
18:08 DiffusionOperatorP1: Assemble system matrix ...
18:08 DiffusionOperatorP1: Calulate gradients of shape functions transformed by reference map ...
18:08 DiffusionOperatorP1: Calculate all local scalar products beween gradients ...
18:08 DiffusionOperatorP1: Determine global dofs ...
18:08 DiffusionOperatorP1: Boundary treatment ...
18:08 DiffusionOperatorP1: Assemble system matrix ...
18:08 L2ProductP1: Integrate the products of the shape functions on each element
18:08 L2ProductP1: Determine global dofs ...
18:08 L2ProductP1: Boundary treatment ...
18:08 L2ProductP1: Assemble system matrix ...
18:08 DiffusionOperatorP1: Calulate gradients of shape functions transformed by reference map ...
18:08 DiffusionOperatorP1: Calculate all local scalar products beween gradients ...
18:08 DiffusionOperatorP1: Determine global dofs ...
18:08 DiffusionOperatorP1: Boundary treatment ...
18:08 DiffusionOperatorP1: Assemble system matrix ...
18:08 L2ProductP1: Integrate the products of the shape functions on each element
18:08 L2ProductP1: Determine global dofs ...
18:08 L2ProductP1: Boundary treatment ...
18:08 L2ProductP1: Assemble system matrix ...
18:08 DiffusionOperatorP1: Calulate gradients of shape functions transformed by reference map ...
18:08 DiffusionOperatorP1: Calculate all local scalar products beween gradients ...
18:08 DiffusionOperatorP1: Determine global dofs ...
18:08 DiffusionOperatorP1: Boundary treatment ...
18:08 DiffusionOperatorP1: Assemble system matrix ...
18:08 gram_schmidt: Orthonormalizing vector 3 again
18:08 gram_schmidt: Removing linear dependent vector 5
18:08 gram_schmidt: Removing linear dependent vector 6
18:08 gram_schmidt: Orthonormalizing vector 3 again
18:08 gram_schmidt: Removing linear dependent vector 5
18:08 gram_schmidt: Removing linear dependent vector 6
</system-err></testcase><testcase classname="src.pymortests.algorithms.gram_schmidt" file="src/pymortests/algorithms/gram_schmidt.py" line="26" name="test_gram_schmidt_with_product[&lt;lambda&gt;14]" time="0.04115104675292969"><system-err>18:08 DiffusionOperatorP1: Calulate gradients of shape functions transformed by reference map ...
18:08 DiffusionOperatorP1: Calculate all local scalar products beween gradients ...
18:08 DiffusionOperatorP1: Determine global dofs ...
18:08 DiffusionOperatorP1: Boundary treatment ...
18:08 DiffusionOperatorP1: Assemble system matrix ...
18:08 DiffusionOperatorP1: Calulate gradients of shape functions transformed by reference map ...
18:08 DiffusionOperatorP1: Calculate all local scalar products beween gradients ...
18:08 DiffusionOperatorP1: Determine global dofs ...
18:08 DiffusionOperatorP1: Boundary treatment ...
18:08 DiffusionOperatorP1: Assemble system matrix ...
18:08 DiffusionOperatorP1: Calulate gradients of shape functions transformed by reference map ...
18:08 DiffusionOperatorP1: Calculate all local scalar products beween gradients ...
18:08 DiffusionOperatorP1: Determine global dofs ...
18:08 DiffusionOperatorP1: Boundary treatment ...
18:08 DiffusionOperatorP1: Assemble system matrix ...
18:08 DiffusionOperatorP1: Calulate gradients of shape functions transformed by reference map ...
18:08 DiffusionOperatorP1: Calculate all local scalar products beween gradients ...
18:08 DiffusionOperatorP1: Determine global dofs ...
18:08 DiffusionOperatorP1: Boundary treatment ...
18:08 DiffusionOperatorP1: Assemble system matrix ...
18:08 DiffusionOperatorP1: Calulate gradients of shape functions transformed by reference map ...
18:08 DiffusionOperatorP1: Calculate all local scalar products beween gradients ...
18:08 DiffusionOperatorP1: Determine global dofs ...
18:08 DiffusionOperatorP1: Boundary treatment ...
18:08 DiffusionOperatorP1: Assemble system matrix ...
18:08 L2ProductP1: Integrate the products of the shape functions on each element
18:08 L2ProductP1: Determine global dofs ...
18:08 L2ProductP1: Boundary treatment ...
18:08 L2ProductP1: Assemble system matrix ...
18:08 DiffusionOperatorP1: Calulate gradients of shape functions transformed by reference map ...
18:08 DiffusionOperatorP1: Calculate all local scalar products beween gradients ...
18:08 DiffusionOperatorP1: Determine global dofs ...
18:08 DiffusionOperatorP1: Boundary treatment ...
18:08 DiffusionOperatorP1: Assemble system matrix ...
18:08 L2ProductP1: Integrate the products of the shape functions on each element
18:08 L2ProductP1: Determine global dofs ...
18:08 L2ProductP1: Boundary treatment ...
18:08 L2ProductP1: Assemble system matrix ...
18:08 DiffusionOperatorP1: Calulate gradients of shape functions transformed by reference map ...
18:08 DiffusionOperatorP1: Calculate all local scalar products beween gradients ...
18:08 DiffusionOperatorP1: Determine global dofs ...
18:08 DiffusionOperatorP1: Boundary treatment ...
18:08 DiffusionOperatorP1: Assemble system matrix ...
18:08 gram_schmidt: Orthonormalizing vector 1 again
18:08 gram_schmidt: Orthonormalizing vector 2 again
18:08 gram_schmidt: Orthonormalizing vector 3 again
18:08 gram_schmidt: Orthonormalizing vector 4 again
18:08 gram_schmidt: Removing linear dependent vector 5
18:08 gram_schmidt: Orthonormalizing vector 1 again
18:08 gram_schmidt: Orthonormalizing vector 2 again
18:08 gram_schmidt: Orthonormalizing vector 3 again
18:08 gram_schmidt: Orthonormalizing vector 4 again
18:08 gram_schmidt: Removing linear dependent vector 5
</system-err></testcase><testcase classname="src.pymortests.algorithms.gram_schmidt" file="src/pymortests/algorithms/gram_schmidt.py" line="26" name="test_gram_schmidt_with_product[&lt;lambda&gt;15]" time="0.03560829162597656"><system-err>18:08 DiffusionOperatorP1: Calulate gradients of shape functions transformed by reference map ...
18:08 DiffusionOperatorP1: Calculate all local scalar products beween gradients ...
18:08 DiffusionOperatorP1: Determine global dofs ...
18:08 DiffusionOperatorP1: Boundary treatment ...
18:08 DiffusionOperatorP1: Assemble system matrix ...
18:08 DiffusionOperatorP1: Calulate gradients of shape functions transformed by reference map ...
18:08 DiffusionOperatorP1: Calculate all local scalar products beween gradients ...
18:08 DiffusionOperatorP1: Determine global dofs ...
18:08 DiffusionOperatorP1: Boundary treatment ...
18:08 DiffusionOperatorP1: Assemble system matrix ...
18:08 L2ProductP1: Integrate the products of the shape functions on each element
18:08 L2ProductP1: Determine global dofs ...
18:08 L2ProductP1: Boundary treatment ...
18:08 L2ProductP1: Assemble system matrix ...
18:08 DiffusionOperatorP1: Calulate gradients of shape functions transformed by reference map ...
18:08 DiffusionOperatorP1: Calculate all local scalar products beween gradients ...
18:08 DiffusionOperatorP1: Determine global dofs ...
18:08 DiffusionOperatorP1: Boundary treatment ...
18:08 DiffusionOperatorP1: Assemble system matrix ...
18:08 L2ProductP1: Integrate the products of the shape functions on each element
18:08 L2ProductP1: Determine global dofs ...
18:08 L2ProductP1: Boundary treatment ...
18:08 L2ProductP1: Assemble system matrix ...
18:08 DiffusionOperatorP1: Calulate gradients of shape functions transformed by reference map ...
18:08 DiffusionOperatorP1: Calculate all local scalar products beween gradients ...
18:08 DiffusionOperatorP1: Determine global dofs ...
18:08 DiffusionOperatorP1: Boundary treatment ...
18:08 DiffusionOperatorP1: Assemble system matrix ...
18:08 gram_schmidt: Orthonormalizing vector 1 again
18:08 gram_schmidt: Orthonormalizing vector 2 again
18:08 gram_schmidt: Orthonormalizing vector 3 again
18:08 gram_schmidt: Orthonormalizing vector 4 again
18:08 gram_schmidt: Orthonormalizing vector 5 again
18:08 gram_schmidt: Orthonormalizing vector 1 again
18:08 gram_schmidt: Orthonormalizing vector 2 again
18:08 gram_schmidt: Orthonormalizing vector 3 again
18:08 gram_schmidt: Orthonormalizing vector 4 again
18:08 gram_schmidt: Orthonormalizing vector 5 again
</system-err></testcase><testcase classname="src.pymortests.algorithms.gram_schmidt" file="src/pymortests/algorithms/gram_schmidt.py" line="26" name="test_gram_schmidt_with_product[&lt;lambda&gt;16]" time="0.03404402732849121"><system-err>18:08 DiffusionOperatorP1: Calulate gradients of shape functions transformed by reference map ...
18:08 DiffusionOperatorP1: Calculate all local scalar products beween gradients ...
18:08 DiffusionOperatorP1: Determine global dofs ...
18:08 DiffusionOperatorP1: Boundary treatment ...
18:08 DiffusionOperatorP1: Assemble system matrix ...
18:08 DiffusionOperatorP1: Calulate gradients of shape functions transformed by reference map ...
18:08 DiffusionOperatorP1: Calculate all local scalar products beween gradients ...
18:08 DiffusionOperatorP1: Determine global dofs ...
18:08 DiffusionOperatorP1: Boundary treatment ...
18:08 DiffusionOperatorP1: Assemble system matrix ...
18:08 DiffusionOperatorP1: Calulate gradients of shape functions transformed by reference map ...
18:08 DiffusionOperatorP1: Calculate all local scalar products beween gradients ...
18:08 DiffusionOperatorP1: Determine global dofs ...
18:08 DiffusionOperatorP1: Boundary treatment ...
18:08 DiffusionOperatorP1: Assemble system matrix ...
18:08 DiffusionOperatorP1: Calulate gradients of shape functions transformed by reference map ...
18:08 DiffusionOperatorP1: Calculate all local scalar products beween gradients ...
18:08 DiffusionOperatorP1: Determine global dofs ...
18:08 DiffusionOperatorP1: Boundary treatment ...
18:08 DiffusionOperatorP1: Assemble system matrix ...
18:08 DiffusionOperatorP1: Calulate gradients of shape functions transformed by reference map ...
18:08 DiffusionOperatorP1: Calculate all local scalar products beween gradients ...
18:08 DiffusionOperatorP1: Determine global dofs ...
18:08 DiffusionOperatorP1: Boundary treatment ...
18:08 DiffusionOperatorP1: Assemble system matrix ...
18:08 L2ProductP1: Integrate the products of the shape functions on each element
18:08 L2ProductP1: Determine global dofs ...
18:08 L2ProductP1: Boundary treatment ...
18:08 L2ProductP1: Assemble system matrix ...
18:08 DiffusionOperatorP1: Calulate gradients of shape functions transformed by reference map ...
18:08 DiffusionOperatorP1: Calculate all local scalar products beween gradients ...
18:08 DiffusionOperatorP1: Determine global dofs ...
18:08 DiffusionOperatorP1: Boundary treatment ...
18:08 DiffusionOperatorP1: Assemble system matrix ...
18:08 L2ProductP1: Integrate the products of the shape functions on each element
18:08 L2ProductP1: Determine global dofs ...
18:08 L2ProductP1: Boundary treatment ...
18:08 L2ProductP1: Assemble system matrix ...
18:08 DiffusionOperatorP1: Calulate gradients of shape functions transformed by reference map ...
18:08 DiffusionOperatorP1: Calculate all local scalar products beween gradients ...
18:08 DiffusionOperatorP1: Determine global dofs ...
18:08 DiffusionOperatorP1: Boundary treatment ...
18:08 DiffusionOperatorP1: Assemble system matrix ...
18:08 gram_schmidt: Removing linear dependent vector 1
18:08 gram_schmidt: Removing linear dependent vector 2
18:08 gram_schmidt: Removing linear dependent vector 3
18:08 gram_schmidt: Removing linear dependent vector 4
18:08 gram_schmidt: Removing linear dependent vector 5
18:08 gram_schmidt: Removing linear dependent vector 6
18:08 gram_schmidt: Removing linear dependent vector 1
18:08 gram_schmidt: Removing linear dependent vector 2
18:08 gram_schmidt: Removing linear dependent vector 3
18:08 gram_schmidt: Removing linear dependent vector 4
18:08 gram_schmidt: Removing linear dependent vector 5
18:08 gram_schmidt: Removing linear dependent vector 6
</system-err></testcase><testcase classname="src.pymortests.algorithms.gram_schmidt" file="src/pymortests/algorithms/gram_schmidt.py" line="26" name="test_gram_schmidt_with_product[&lt;lambda&gt;17]" time="0.02962660789489746"><system-err>18:08 DiffusionOperatorP1: Calulate gradients of shape functions transformed by reference map ...
18:08 DiffusionOperatorP1: Calculate all local scalar products beween gradients ...
18:08 DiffusionOperatorP1: Determine global dofs ...
18:08 DiffusionOperatorP1: Boundary treatment ...
18:08 DiffusionOperatorP1: Assemble system matrix ...
18:08 DiffusionOperatorP1: Calulate gradients of shape functions transformed by reference map ...
18:08 DiffusionOperatorP1: Calculate all local scalar products beween gradients ...
18:08 DiffusionOperatorP1: Determine global dofs ...
18:08 DiffusionOperatorP1: Boundary treatment ...
18:08 DiffusionOperatorP1: Assemble system matrix ...
18:08 L2ProductP1: Integrate the products of the shape functions on each element
18:08 L2ProductP1: Determine global dofs ...
18:08 L2ProductP1: Boundary treatment ...
18:08 L2ProductP1: Assemble system matrix ...
18:08 DiffusionOperatorP1: Calulate gradients of shape functions transformed by reference map ...
18:08 DiffusionOperatorP1: Calculate all local scalar products beween gradients ...
18:08 DiffusionOperatorP1: Determine global dofs ...
18:08 DiffusionOperatorP1: Boundary treatment ...
18:08 DiffusionOperatorP1: Assemble system matrix ...
18:08 L2ProductP1: Integrate the products of the shape functions on each element
18:08 L2ProductP1: Determine global dofs ...
18:08 L2ProductP1: Boundary treatment ...
18:08 L2ProductP1: Assemble system matrix ...
18:08 DiffusionOperatorP1: Calulate gradients of shape functions transformed by reference map ...
18:08 DiffusionOperatorP1: Calculate all local scalar products beween gradients ...
18:08 DiffusionOperatorP1: Determine global dofs ...
18:08 DiffusionOperatorP1: Boundary treatment ...
18:08 DiffusionOperatorP1: Assemble system matrix ...
18:08 gram_schmidt: Removing linear dependent vector 1
18:08 gram_schmidt: Removing linear dependent vector 2
18:08 gram_schmidt: Removing linear dependent vector 3
18:08 gram_schmidt: Removing linear dependent vector 4
18:08 gram_schmidt: Removing linear dependent vector 5
18:08 gram_schmidt: Removing linear dependent vector 6
18:08 gram_schmidt: Removing linear dependent vector 1
18:08 gram_schmidt: Removing linear dependent vector 2
18:08 gram_schmidt: Removing linear dependent vector 3
18:08 gram_schmidt: Removing linear dependent vector 4
18:08 gram_schmidt: Removing linear dependent vector 5
18:08 gram_schmidt: Removing linear dependent vector 6
</system-err></testcase><testcase classname="src.pymortests.algorithms.gram_schmidt" file="src/pymortests/algorithms/gram_schmidt.py" line="26" name="test_gram_schmidt_with_product[&lt;lambda&gt;18]" time="0.03888821601867676"><system-err>18:08 DiffusionOperatorP1: Calulate gradients of shape functions transformed by reference map ...
18:08 DiffusionOperatorP1: Calculate all local scalar products beween gradients ...
18:08 DiffusionOperatorP1: Determine global dofs ...
18:08 DiffusionOperatorP1: Boundary treatment ...
18:08 DiffusionOperatorP1: Assemble system matrix ...
18:08 DiffusionOperatorP1: Calulate gradients of shape functions transformed by reference map ...
18:08 DiffusionOperatorP1: Calculate all local scalar products beween gradients ...
18:08 DiffusionOperatorP1: Determine global dofs ...
18:08 DiffusionOperatorP1: Boundary treatment ...
18:08 DiffusionOperatorP1: Assemble system matrix ...
18:08 DiffusionOperatorP1: Calulate gradients of shape functions transformed by reference map ...
18:08 DiffusionOperatorP1: Calculate all local scalar products beween gradients ...
18:08 DiffusionOperatorP1: Determine global dofs ...
18:08 DiffusionOperatorP1: Boundary treatment ...
18:08 DiffusionOperatorP1: Assemble system matrix ...
18:08 DiffusionOperatorP1: Calulate gradients of shape functions transformed by reference map ...
18:08 DiffusionOperatorP1: Calculate all local scalar products beween gradients ...
18:08 DiffusionOperatorP1: Determine global dofs ...
18:08 DiffusionOperatorP1: Boundary treatment ...
18:08 DiffusionOperatorP1: Assemble system matrix ...
18:08 DiffusionOperatorP1: Calulate gradients of shape functions transformed by reference map ...
18:08 DiffusionOperatorP1: Calculate all local scalar products beween gradients ...
18:08 DiffusionOperatorP1: Determine global dofs ...
18:08 DiffusionOperatorP1: Boundary treatment ...
18:08 DiffusionOperatorP1: Assemble system matrix ...
18:08 L2ProductP1: Integrate the products of the shape functions on each element
18:08 L2ProductP1: Determine global dofs ...
18:08 L2ProductP1: Boundary treatment ...
18:08 L2ProductP1: Assemble system matrix ...
18:08 DiffusionOperatorP1: Calulate gradients of shape functions transformed by reference map ...
18:08 DiffusionOperatorP1: Calculate all local scalar products beween gradients ...
18:08 DiffusionOperatorP1: Determine global dofs ...
18:08 DiffusionOperatorP1: Boundary treatment ...
18:08 DiffusionOperatorP1: Assemble system matrix ...
18:08 L2ProductP1: Integrate the products of the shape functions on each element
18:08 L2ProductP1: Determine global dofs ...
18:08 L2ProductP1: Boundary treatment ...
18:08 L2ProductP1: Assemble system matrix ...
18:08 DiffusionOperatorP1: Calulate gradients of shape functions transformed by reference map ...
18:08 DiffusionOperatorP1: Calculate all local scalar products beween gradients ...
18:08 DiffusionOperatorP1: Determine global dofs ...
18:08 DiffusionOperatorP1: Boundary treatment ...
18:08 DiffusionOperatorP1: Assemble system matrix ...
18:08 gram_schmidt: Orthonormalizing vector 1 again
18:08 gram_schmidt: Orthonormalizing vector 2 again
18:08 gram_schmidt: Orthonormalizing vector 3 again
18:08 gram_schmidt: Orthonormalizing vector 4 again
18:08 gram_schmidt: Removing linear dependent vector 5
18:08 gram_schmidt: Orthonormalizing vector 1 again
18:08 gram_schmidt: Orthonormalizing vector 2 again
18:08 gram_schmidt: Orthonormalizing vector 3 again
18:08 gram_schmidt: Orthonormalizing vector 4 again
18:08 gram_schmidt: Removing linear dependent vector 5
</system-err></testcase><testcase classname="src.pymortests.algorithms.gram_schmidt" file="src/pymortests/algorithms/gram_schmidt.py" line="26" name="test_gram_schmidt_with_product[&lt;lambda&gt;19]" time="0.036112308502197266"><system-err>18:08 DiffusionOperatorP1: Calulate gradients of shape functions transformed by reference map ...
18:08 DiffusionOperatorP1: Calculate all local scalar products beween gradients ...
18:08 DiffusionOperatorP1: Determine global dofs ...
18:08 DiffusionOperatorP1: Boundary treatment ...
18:08 DiffusionOperatorP1: Assemble system matrix ...
18:08 DiffusionOperatorP1: Calulate gradients of shape functions transformed by reference map ...
18:08 DiffusionOperatorP1: Calculate all local scalar products beween gradients ...
18:08 DiffusionOperatorP1: Determine global dofs ...
18:08 DiffusionOperatorP1: Boundary treatment ...
18:08 DiffusionOperatorP1: Assemble system matrix ...
18:08 L2ProductP1: Integrate the products of the shape functions on each element
18:08 L2ProductP1: Determine global dofs ...
18:08 L2ProductP1: Boundary treatment ...
18:08 L2ProductP1: Assemble system matrix ...
18:08 DiffusionOperatorP1: Calulate gradients of shape functions transformed by reference map ...
18:08 DiffusionOperatorP1: Calculate all local scalar products beween gradients ...
18:08 DiffusionOperatorP1: Determine global dofs ...
18:08 DiffusionOperatorP1: Boundary treatment ...
18:08 DiffusionOperatorP1: Assemble system matrix ...
18:08 L2ProductP1: Integrate the products of the shape functions on each element
18:08 L2ProductP1: Determine global dofs ...
18:08 L2ProductP1: Boundary treatment ...
18:08 L2ProductP1: Assemble system matrix ...
18:08 DiffusionOperatorP1: Calulate gradients of shape functions transformed by reference map ...
18:08 DiffusionOperatorP1: Calculate all local scalar products beween gradients ...
18:08 DiffusionOperatorP1: Determine global dofs ...
18:08 DiffusionOperatorP1: Boundary treatment ...
18:08 DiffusionOperatorP1: Assemble system matrix ...
18:08 gram_schmidt: Orthonormalizing vector 1 again
18:08 gram_schmidt: Orthonormalizing vector 2 again
18:08 gram_schmidt: Orthonormalizing vector 3 again
18:08 gram_schmidt: Orthonormalizing vector 4 again
18:08 gram_schmidt: Orthonormalizing vector 5 again
18:08 gram_schmidt: Orthonormalizing vector 1 again
18:08 gram_schmidt: Orthonormalizing vector 2 again
18:08 gram_schmidt: Orthonormalizing vector 3 again
18:08 gram_schmidt: Orthonormalizing vector 4 again
18:08 gram_schmidt: Orthonormalizing vector 5 again
</system-err></testcase><testcase classname="src.pymortests.algorithms.gram_schmidt" file="src/pymortests/algorithms/gram_schmidt.py" line="26" name="test_gram_schmidt_with_product[&lt;lambda&gt;20]" time="0.03852057456970215"><system-err>18:08 DiffusionOperatorP1: Calulate gradients of shape functions transformed by reference map ...
18:08 DiffusionOperatorP1: Calculate all local scalar products beween gradients ...
18:08 DiffusionOperatorP1: Determine global dofs ...
18:08 DiffusionOperatorP1: Boundary treatment ...
18:08 DiffusionOperatorP1: Assemble system matrix ...
18:08 DiffusionOperatorP1: Calulate gradients of shape functions transformed by reference map ...
18:08 DiffusionOperatorP1: Calculate all local scalar products beween gradients ...
18:08 DiffusionOperatorP1: Determine global dofs ...
18:08 DiffusionOperatorP1: Boundary treatment ...
18:08 DiffusionOperatorP1: Assemble system matrix ...
18:08 DiffusionOperatorP1: Calulate gradients of shape functions transformed by reference map ...
18:08 DiffusionOperatorP1: Calculate all local scalar products beween gradients ...
18:08 DiffusionOperatorP1: Determine global dofs ...
18:08 DiffusionOperatorP1: Boundary treatment ...
18:08 DiffusionOperatorP1: Assemble system matrix ...
18:08 DiffusionOperatorP1: Calulate gradients of shape functions transformed by reference map ...
18:08 DiffusionOperatorP1: Calculate all local scalar products beween gradients ...
18:08 DiffusionOperatorP1: Determine global dofs ...
18:08 DiffusionOperatorP1: Boundary treatment ...
18:08 DiffusionOperatorP1: Assemble system matrix ...
18:08 DiffusionOperatorP1: Calulate gradients of shape functions transformed by reference map ...
18:08 DiffusionOperatorP1: Calculate all local scalar products beween gradients ...
18:08 DiffusionOperatorP1: Determine global dofs ...
18:08 DiffusionOperatorP1: Boundary treatment ...
18:08 DiffusionOperatorP1: Assemble system matrix ...
18:08 L2ProductP1: Integrate the products of the shape functions on each element
18:08 L2ProductP1: Determine global dofs ...
18:08 L2ProductP1: Boundary treatment ...
18:08 L2ProductP1: Assemble system matrix ...
18:08 DiffusionOperatorP1: Calulate gradients of shape functions transformed by reference map ...
18:08 DiffusionOperatorP1: Calculate all local scalar products beween gradients ...
18:08 DiffusionOperatorP1: Determine global dofs ...
18:08 DiffusionOperatorP1: Boundary treatment ...
18:08 DiffusionOperatorP1: Assemble system matrix ...
18:08 L2ProductP1: Integrate the products of the shape functions on each element
18:08 L2ProductP1: Determine global dofs ...
18:08 L2ProductP1: Boundary treatment ...
18:08 L2ProductP1: Assemble system matrix ...
18:08 DiffusionOperatorP1: Calulate gradients of shape functions transformed by reference map ...
18:08 DiffusionOperatorP1: Calculate all local scalar products beween gradients ...
18:08 DiffusionOperatorP1: Determine global dofs ...
18:08 DiffusionOperatorP1: Boundary treatment ...
18:08 DiffusionOperatorP1: Assemble system matrix ...
18:08 gram_schmidt: Orthonormalizing vector 1 again
18:08 gram_schmidt: Orthonormalizing vector 2 again
18:08 gram_schmidt: Orthonormalizing vector 3 again
18:08 gram_schmidt: Orthonormalizing vector 4 again
18:08 gram_schmidt: Removing linear dependent vector 5
18:08 gram_schmidt: Orthonormalizing vector 1 again
18:08 gram_schmidt: Orthonormalizing vector 2 again
18:08 gram_schmidt: Orthonormalizing vector 3 again
18:08 gram_schmidt: Orthonormalizing vector 4 again
18:08 gram_schmidt: Removing linear dependent vector 5
</system-err></testcase><testcase classname="src.pymortests.algorithms.gram_schmidt" file="src/pymortests/algorithms/gram_schmidt.py" line="26" name="test_gram_schmidt_with_product[&lt;lambda&gt;21]" time="0.03615212440490723"><system-err>18:08 DiffusionOperatorP1: Calulate gradients of shape functions transformed by reference map ...
18:08 DiffusionOperatorP1: Calculate all local scalar products beween gradients ...
18:08 DiffusionOperatorP1: Determine global dofs ...
18:08 DiffusionOperatorP1: Boundary treatment ...
18:08 DiffusionOperatorP1: Assemble system matrix ...
18:08 DiffusionOperatorP1: Calulate gradients of shape functions transformed by reference map ...
18:08 DiffusionOperatorP1: Calculate all local scalar products beween gradients ...
18:08 DiffusionOperatorP1: Determine global dofs ...
18:08 DiffusionOperatorP1: Boundary treatment ...
18:08 DiffusionOperatorP1: Assemble system matrix ...
18:08 L2ProductP1: Integrate the products of the shape functions on each element
18:08 L2ProductP1: Determine global dofs ...
18:08 L2ProductP1: Boundary treatment ...
18:08 L2ProductP1: Assemble system matrix ...
18:08 DiffusionOperatorP1: Calulate gradients of shape functions transformed by reference map ...
18:08 DiffusionOperatorP1: Calculate all local scalar products beween gradients ...
18:08 DiffusionOperatorP1: Determine global dofs ...
18:08 DiffusionOperatorP1: Boundary treatment ...
18:08 DiffusionOperatorP1: Assemble system matrix ...
18:08 L2ProductP1: Integrate the products of the shape functions on each element
18:08 L2ProductP1: Determine global dofs ...
18:08 L2ProductP1: Boundary treatment ...
18:08 L2ProductP1: Assemble system matrix ...
18:08 DiffusionOperatorP1: Calulate gradients of shape functions transformed by reference map ...
18:08 DiffusionOperatorP1: Calculate all local scalar products beween gradients ...
18:08 DiffusionOperatorP1: Determine global dofs ...
18:08 DiffusionOperatorP1: Boundary treatment ...
18:08 DiffusionOperatorP1: Assemble system matrix ...
18:08 gram_schmidt: Orthonormalizing vector 1 again
18:08 gram_schmidt: Orthonormalizing vector 2 again
18:08 gram_schmidt: Orthonormalizing vector 3 again
18:08 gram_schmidt: Orthonormalizing vector 4 again
18:08 gram_schmidt: Orthonormalizing vector 5 again
18:08 gram_schmidt: Orthonormalizing vector 1 again
18:08 gram_schmidt: Orthonormalizing vector 2 again
18:08 gram_schmidt: Orthonormalizing vector 3 again
18:08 gram_schmidt: Orthonormalizing vector 4 again
18:08 gram_schmidt: Orthonormalizing vector 5 again
</system-err></testcase><testcase classname="src.pymortests.algorithms.gram_schmidt" file="src/pymortests/algorithms/gram_schmidt.py" line="26" name="test_gram_schmidt_with_product[&lt;lambda&gt;22]" time="0.03584647178649902"><system-err>18:08 DiffusionOperatorP1: Calulate gradients of shape functions transformed by reference map ...
18:08 DiffusionOperatorP1: Calculate all local scalar products beween gradients ...
18:08 DiffusionOperatorP1: Determine global dofs ...
18:08 DiffusionOperatorP1: Boundary treatment ...
18:08 DiffusionOperatorP1: Assemble system matrix ...
18:08 DiffusionOperatorP1: Calulate gradients of shape functions transformed by reference map ...
18:08 DiffusionOperatorP1: Calculate all local scalar products beween gradients ...
18:08 DiffusionOperatorP1: Determine global dofs ...
18:08 DiffusionOperatorP1: Boundary treatment ...
18:08 DiffusionOperatorP1: Assemble system matrix ...
18:08 DiffusionOperatorP1: Calulate gradients of shape functions transformed by reference map ...
18:08 DiffusionOperatorP1: Calculate all local scalar products beween gradients ...
18:08 DiffusionOperatorP1: Determine global dofs ...
18:08 DiffusionOperatorP1: Boundary treatment ...
18:08 DiffusionOperatorP1: Assemble system matrix ...
18:08 DiffusionOperatorP1: Calulate gradients of shape functions transformed by reference map ...
18:08 DiffusionOperatorP1: Calculate all local scalar products beween gradients ...
18:08 DiffusionOperatorP1: Determine global dofs ...
18:08 DiffusionOperatorP1: Boundary treatment ...
18:08 DiffusionOperatorP1: Assemble system matrix ...
18:08 DiffusionOperatorP1: Calulate gradients of shape functions transformed by reference map ...
18:08 DiffusionOperatorP1: Calculate all local scalar products beween gradients ...
18:08 DiffusionOperatorP1: Determine global dofs ...
18:08 DiffusionOperatorP1: Boundary treatment ...
18:08 DiffusionOperatorP1: Assemble system matrix ...
18:08 L2ProductP1: Integrate the products of the shape functions on each element
18:08 L2ProductP1: Determine global dofs ...
18:08 L2ProductP1: Boundary treatment ...
18:08 L2ProductP1: Assemble system matrix ...
18:08 DiffusionOperatorP1: Calulate gradients of shape functions transformed by reference map ...
18:08 DiffusionOperatorP1: Calculate all local scalar products beween gradients ...
18:08 DiffusionOperatorP1: Determine global dofs ...
18:08 DiffusionOperatorP1: Boundary treatment ...
18:08 DiffusionOperatorP1: Assemble system matrix ...
18:08 L2ProductP1: Integrate the products of the shape functions on each element
18:08 L2ProductP1: Determine global dofs ...
18:08 L2ProductP1: Boundary treatment ...
18:08 L2ProductP1: Assemble system matrix ...
18:08 DiffusionOperatorP1: Calulate gradients of shape functions transformed by reference map ...
18:08 DiffusionOperatorP1: Calculate all local scalar products beween gradients ...
18:08 DiffusionOperatorP1: Determine global dofs ...
18:08 DiffusionOperatorP1: Boundary treatment ...
18:08 DiffusionOperatorP1: Assemble system matrix ...
18:08 gram_schmidt: Orthonormalizing vector 3 again
18:08 gram_schmidt: Orthonormalizing vector 4 again
18:08 gram_schmidt: Orthonormalizing vector 3 again
18:08 gram_schmidt: Orthonormalizing vector 4 again
</system-err></testcase><testcase classname="src.pymortests.algorithms.gram_schmidt" file="src/pymortests/algorithms/gram_schmidt.py" line="26" name="test_gram_schmidt_with_product[&lt;lambda&gt;23]" time="0.033106088638305664"><system-err>18:08 DiffusionOperatorP1: Calulate gradients of shape functions transformed by reference map ...
18:08 DiffusionOperatorP1: Calculate all local scalar products beween gradients ...
18:08 DiffusionOperatorP1: Determine global dofs ...
18:08 DiffusionOperatorP1: Boundary treatment ...
18:08 DiffusionOperatorP1: Assemble system matrix ...
18:08 DiffusionOperatorP1: Calulate gradients of shape functions transformed by reference map ...
18:08 DiffusionOperatorP1: Calculate all local scalar products beween gradients ...
18:08 DiffusionOperatorP1: Determine global dofs ...
18:08 DiffusionOperatorP1: Boundary treatment ...
18:08 DiffusionOperatorP1: Assemble system matrix ...
18:08 L2ProductP1: Integrate the products of the shape functions on each element
18:08 L2ProductP1: Determine global dofs ...
18:08 L2ProductP1: Boundary treatment ...
18:08 L2ProductP1: Assemble system matrix ...
18:08 DiffusionOperatorP1: Calulate gradients of shape functions transformed by reference map ...
18:08 DiffusionOperatorP1: Calculate all local scalar products beween gradients ...
18:08 DiffusionOperatorP1: Determine global dofs ...
18:08 DiffusionOperatorP1: Boundary treatment ...
18:08 DiffusionOperatorP1: Assemble system matrix ...
18:08 L2ProductP1: Integrate the products of the shape functions on each element
18:08 L2ProductP1: Determine global dofs ...
18:08 L2ProductP1: Boundary treatment ...
18:08 L2ProductP1: Assemble system matrix ...
18:08 DiffusionOperatorP1: Calulate gradients of shape functions transformed by reference map ...
18:08 DiffusionOperatorP1: Calculate all local scalar products beween gradients ...
18:08 DiffusionOperatorP1: Determine global dofs ...
18:08 DiffusionOperatorP1: Boundary treatment ...
18:08 DiffusionOperatorP1: Assemble system matrix ...
18:08 gram_schmidt: Orthonormalizing vector 1 again
18:08 gram_schmidt: Orthonormalizing vector 2 again
18:08 gram_schmidt: Orthonormalizing vector 3 again
18:08 gram_schmidt: Orthonormalizing vector 4 again
18:08 gram_schmidt: Orthonormalizing vector 1 again
18:08 gram_schmidt: Orthonormalizing vector 2 again
18:08 gram_schmidt: Orthonormalizing vector 3 again
18:08 gram_schmidt: Orthonormalizing vector 4 again
</system-err></testcase><testcase classname="src.pymortests.algorithms.gram_schmidt" file="src/pymortests/algorithms/gram_schmidt.py" line="26" name="test_gram_schmidt_with_product[&lt;lambda&gt;24]" time="0.010436773300170898"><system-err>18:08 gram_schmidt: Orthonormalizing vector 1 again
18:08 gram_schmidt: Orthonormalizing vector 2 again
18:08 gram_schmidt: Orthonormalizing vector 3 again
18:08 gram_schmidt: Orthonormalizing vector 1 again
18:08 gram_schmidt: Orthonormalizing vector 2 again
18:08 gram_schmidt: Orthonormalizing vector 3 again
</system-err></testcase><testcase classname="src.pymortests.algorithms.gram_schmidt" file="src/pymortests/algorithms/gram_schmidt.py" line="26" name="test_gram_schmidt_with_product[&lt;lambda&gt;25]" time="0.010384321212768555"><system-err>18:08 gram_schmidt: Orthonormalizing vector 1 again
18:08 gram_schmidt: Orthonormalizing vector 2 again
18:08 gram_schmidt: Orthonormalizing vector 3 again
18:08 gram_schmidt: Orthonormalizing vector 1 again
18:08 gram_schmidt: Orthonormalizing vector 2 again
18:08 gram_schmidt: Orthonormalizing vector 3 again
</system-err></testcase><testcase classname="src.pymortests.algorithms.gram_schmidt" file="src/pymortests/algorithms/gram_schmidt.py" line="26" name="test_gram_schmidt_with_product[&lt;lambda&gt;26]" time="0.010428667068481445"><system-err>18:08 gram_schmidt: Orthonormalizing vector 1 again
18:08 gram_schmidt: Orthonormalizing vector 2 again
18:08 gram_schmidt: Orthonormalizing vector 3 again
18:08 gram_schmidt: Orthonormalizing vector 1 again
18:08 gram_schmidt: Orthonormalizing vector 2 again
18:08 gram_schmidt: Orthonormalizing vector 3 again
</system-err></testcase><testcase classname="src.pymortests.algorithms.gram_schmidt" file="src/pymortests/algorithms/gram_schmidt.py" line="26" name="test_gram_schmidt_with_product[&lt;lambda&gt;27]" time="0.006722211837768555"></testcase><testcase classname="src.pymortests.algorithms.gram_schmidt" file="src/pymortests/algorithms/gram_schmidt.py" line="26" name="test_gram_schmidt_with_product[&lt;lambda&gt;28]" time="0.007322072982788086"><system-err>18:08 gram_schmidt: Orthonormalizing vector 1 again
18:08 gram_schmidt: Orthonormalizing vector 2 again
18:08 gram_schmidt: Orthonormalizing vector 1 again
18:08 gram_schmidt: Orthonormalizing vector 2 again
</system-err></testcase><testcase classname="src.pymortests.algorithms.gram_schmidt" file="src/pymortests/algorithms/gram_schmidt.py" line="26" name="test_gram_schmidt_with_product[&lt;lambda&gt;29]" time="0.006459474563598633"><system-err>18:08 gram_schmidt: Orthonormalizing vector 1 again
18:08 gram_schmidt: Orthonormalizing vector 2 again
18:08 gram_schmidt: Orthonormalizing vector 1 again
18:08 gram_schmidt: Orthonormalizing vector 2 again
</system-err></testcase><testcase classname="src.pymortests.algorithms.gram_schmidt" file="src/pymortests/algorithms/gram_schmidt.py" line="26" name="test_gram_schmidt_with_product[&lt;lambda&gt;30]" time="0.00742340087890625"><system-err>18:08 gram_schmidt: Orthonormalizing vector 1 again
18:08 gram_schmidt: Orthonormalizing vector 2 again
18:08 gram_schmidt: Orthonormalizing vector 1 again
18:08 gram_schmidt: Orthonormalizing vector 2 again
</system-err></testcase><testcase classname="src.pymortests.algorithms.gram_schmidt" file="src/pymortests/algorithms/gram_schmidt.py" line="26" name="test_gram_schmidt_with_product[&lt;lambda&gt;31]" time="0.0062830448150634766"><system-err>18:08 gram_schmidt: Orthonormalizing vector 1 again
18:08 gram_schmidt: Orthonormalizing vector 2 again
18:08 gram_schmidt: Orthonormalizing vector 1 again
18:08 gram_schmidt: Orthonormalizing vector 2 again
</system-err></testcase><testcase classname="src.pymortests.algorithms.gram_schmidt" file="src/pymortests/algorithms/gram_schmidt.py" line="26" name="test_gram_schmidt_with_product[&lt;lambda&gt;32]" time="0.021462678909301758"><system-err>18:08 gram_schmidt: Orthonormalizing vector 3 again
18:08 gram_schmidt: Orthonormalizing vector 3 again
</system-err></testcase><testcase classname="src.pymortests.algorithms.gram_schmidt" file="src/pymortests/algorithms/gram_schmidt.py" line="26" name="test_gram_schmidt_with_product[&lt;lambda&gt;33]" time="0.01736140251159668"><system-err>18:08 gram_schmidt: Orthonormalizing vector 3 again
18:08 gram_schmidt: Orthonormalizing vector 3 again
</system-err></testcase><testcase classname="src.pymortests.algorithms.gram_schmidt" file="src/pymortests/algorithms/gram_schmidt.py" line="26" name="test_gram_schmidt_with_product[&lt;lambda&gt;34]" time="0.010880708694458008"><system-err>18:08 gram_schmidt: Orthonormalizing vector 1 again
18:08 gram_schmidt: Orthonormalizing vector 2 again
18:08 gram_schmidt: Orthonormalizing vector 3 again
18:08 gram_schmidt: Orthonormalizing vector 1 again
18:08 gram_schmidt: Orthonormalizing vector 2 again
18:08 gram_schmidt: Orthonormalizing vector 3 again
</system-err></testcase><testcase classname="src.pymortests.algorithms.gram_schmidt" file="src/pymortests/algorithms/gram_schmidt.py" line="26" name="test_gram_schmidt_with_product[&lt;lambda&gt;35]" time="0.01913905143737793"><system-err>18:08 gram_schmidt: Orthonormalizing vector 2 again
18:08 gram_schmidt: Orthonormalizing vector 3 again
18:08 gram_schmidt: Orthonormalizing vector 2 again
18:08 gram_schmidt: Orthonormalizing vector 3 again
</system-err></testcase><testcase classname="src.pymortests.algorithms.gram_schmidt" file="src/pymortests/algorithms/gram_schmidt.py" line="26" name="test_gram_schmidt_with_product[&lt;lambda&gt;36]" time="0.010416269302368164"><system-err>18:08 gram_schmidt: Orthonormalizing vector 1 again
18:08 gram_schmidt: Orthonormalizing vector 2 again
18:08 gram_schmidt: Orthonormalizing vector 3 again
18:08 gram_schmidt: Orthonormalizing vector 1 again
18:08 gram_schmidt: Orthonormalizing vector 2 again
18:08 gram_schmidt: Orthonormalizing vector 3 again
</system-err></testcase><testcase classname="src.pymortests.algorithms.gram_schmidt" file="src/pymortests/algorithms/gram_schmidt.py" line="40" name="test_gram_schmidt_biorth[0-&lt;lambda&gt;0]" time="0.0016257762908935547"></testcase><testcase classname="src.pymortests.algorithms.gram_schmidt" file="src/pymortests/algorithms/gram_schmidt.py" line="40" name="test_gram_schmidt_biorth[0-&lt;lambda&gt;1]" time="0.0013675689697265625"></testcase><testcase classname="src.pymortests.algorithms.gram_schmidt" file="src/pymortests/algorithms/gram_schmidt.py" line="40" name="test_gram_schmidt_biorth[0-&lt;lambda&gt;2]" time="0.0011434555053710938"></testcase><testcase classname="src.pymortests.algorithms.gram_schmidt" file="src/pymortests/algorithms/gram_schmidt.py" line="40" name="test_gram_schmidt_biorth[0-&lt;lambda&gt;3]" time="0.053238630294799805"></testcase><testcase classname="src.pymortests.algorithms.gram_schmidt" file="src/pymortests/algorithms/gram_schmidt.py" line="40" name="test_gram_schmidt_biorth[0-&lt;lambda&gt;4]" time="0.0016248226165771484"></testcase><testcase classname="src.pymortests.algorithms.gram_schmidt" file="src/pymortests/algorithms/gram_schmidt.py" line="40" name="test_gram_schmidt_biorth[0-&lt;lambda&gt;5]" time="0.001466989517211914"></testcase><testcase classname="src.pymortests.algorithms.gram_schmidt" file="src/pymortests/algorithms/gram_schmidt.py" line="40" name="test_gram_schmidt_biorth[0-&lt;lambda&gt;6]" time="0.001361846923828125"></testcase><testcase classname="src.pymortests.algorithms.gram_schmidt" file="src/pymortests/algorithms/gram_schmidt.py" line="40" name="test_gram_schmidt_biorth[0-&lt;lambda&gt;7]" time="0.0011751651763916016"></testcase><testcase classname="src.pymortests.algorithms.gram_schmidt" file="src/pymortests/algorithms/gram_schmidt.py" line="40" name="test_gram_schmidt_biorth[0-&lt;lambda&gt;8]" time="0.10250592231750488"></testcase><testcase classname="src.pymortests.algorithms.gram_schmidt" file="src/pymortests/algorithms/gram_schmidt.py" line="40" name="test_gram_schmidt_biorth[0-&lt;lambda&gt;9]" time="0.002203226089477539"></testcase><testcase classname="src.pymortests.algorithms.gram_schmidt" file="src/pymortests/algorithms/gram_schmidt.py" line="40" name="test_gram_schmidt_biorth[0-&lt;lambda&gt;10]" time="0.0014200210571289062"></testcase><testcase classname="src.pymortests.algorithms.gram_schmidt" file="src/pymortests/algorithms/gram_schmidt.py" line="40" name="test_gram_schmidt_biorth[0-&lt;lambda&gt;11]" time="0.005965709686279297"></testcase><testcase classname="src.pymortests.algorithms.gram_schmidt" file="src/pymortests/algorithms/gram_schmidt.py" line="40" name="test_gram_schmidt_biorth[0-&lt;lambda&gt;12]" time="0.0013267993927001953"></testcase><testcase classname="src.pymortests.algorithms.gram_schmidt" file="src/pymortests/algorithms/gram_schmidt.py" line="40" name="test_gram_schmidt_biorth[0-&lt;lambda&gt;13]" time="0.0012271404266357422"></testcase><testcase classname="src.pymortests.algorithms.gram_schmidt" file="src/pymortests/algorithms/gram_schmidt.py" line="40" name="test_gram_schmidt_biorth[0-&lt;lambda&gt;14]" time="0.004616975784301758"></testcase><testcase classname="src.pymortests.algorithms.gram_schmidt" file="src/pymortests/algorithms/gram_schmidt.py" line="40" name="test_gram_schmidt_biorth[0-&lt;lambda&gt;15]" time="0.19686269760131836"></testcase><testcase classname="src.pymortests.algorithms.gram_schmidt" file="src/pymortests/algorithms/gram_schmidt.py" line="40" name="test_gram_schmidt_biorth[0-&lt;lambda&gt;16]" time="0.008631706237792969"></testcase><testcase classname="src.pymortests.algorithms.gram_schmidt" file="src/pymortests/algorithms/gram_schmidt.py" line="40" name="test_gram_schmidt_biorth[0-&lt;lambda&gt;17]" time="0.0021882057189941406"></testcase><testcase classname="src.pymortests.algorithms.gram_schmidt" file="src/pymortests/algorithms/gram_schmidt.py" line="40" name="test_gram_schmidt_biorth[0-&lt;lambda&gt;18]" time="0.001970052719116211"></testcase><testcase classname="src.pymortests.algorithms.gram_schmidt" file="src/pymortests/algorithms/gram_schmidt.py" line="40" name="test_gram_schmidt_biorth[0-&lt;lambda&gt;19]" time="0.003335714340209961"></testcase><testcase classname="src.pymortests.algorithms.gram_schmidt" file="src/pymortests/algorithms/gram_schmidt.py" line="40" name="test_gram_schmidt_biorth[0-&lt;lambda&gt;20]" time="0.14311814308166504"></testcase><testcase classname="src.pymortests.algorithms.gram_schmidt" file="src/pymortests/algorithms/gram_schmidt.py" line="40" name="test_gram_schmidt_biorth[0-&lt;lambda&gt;21]" time="0.7622709274291992"></testcase><testcase classname="src.pymortests.algorithms.gram_schmidt" file="src/pymortests/algorithms/gram_schmidt.py" line="40" name="test_gram_schmidt_biorth[0-&lt;lambda&gt;22]" time="0.0018308162689208984"></testcase><testcase classname="src.pymortests.algorithms.gram_schmidt" file="src/pymortests/algorithms/gram_schmidt.py" line="40" name="test_gram_schmidt_biorth[0-&lt;lambda&gt;23]" time="0.0012421607971191406"></testcase><testcase classname="src.pymortests.algorithms.gram_schmidt" file="src/pymortests/algorithms/gram_schmidt.py" line="40" name="test_gram_schmidt_biorth[0-&lt;lambda&gt;24]" time="0.0021681785583496094"></testcase><testcase classname="src.pymortests.algorithms.gram_schmidt" file="src/pymortests/algorithms/gram_schmidt.py" line="40" name="test_gram_schmidt_biorth[0-&lt;lambda&gt;25]" time="0.3261244297027588"></testcase><testcase classname="src.pymortests.algorithms.gram_schmidt" file="src/pymortests/algorithms/gram_schmidt.py" line="40" name="test_gram_schmidt_biorth[0-&lt;lambda&gt;26]" time="0.05402874946594238"></testcase><testcase classname="src.pymortests.algorithms.gram_schmidt" file="src/pymortests/algorithms/gram_schmidt.py" line="40" name="test_gram_schmidt_biorth[1-&lt;lambda&gt;0]" time="0.0016460418701171875"></testcase><testcase classname="src.pymortests.algorithms.gram_schmidt" file="src/pymortests/algorithms/gram_schmidt.py" line="40" name="test_gram_schmidt_biorth[1-&lt;lambda&gt;1]" time="0.0012936592102050781"></testcase><testcase classname="src.pymortests.algorithms.gram_schmidt" file="src/pymortests/algorithms/gram_schmidt.py" line="40" name="test_gram_schmidt_biorth[1-&lt;lambda&gt;2]" time="0.001218557357788086"></testcase><testcase classname="src.pymortests.algorithms.gram_schmidt" file="src/pymortests/algorithms/gram_schmidt.py" line="40" name="test_gram_schmidt_biorth[1-&lt;lambda&gt;3]" time="0.053102731704711914"></testcase><testcase classname="src.pymortests.algorithms.gram_schmidt" file="src/pymortests/algorithms/gram_schmidt.py" line="40" name="test_gram_schmidt_biorth[1-&lt;lambda&gt;4]" time="0.0016787052154541016"></testcase><testcase classname="src.pymortests.algorithms.gram_schmidt" file="src/pymortests/algorithms/gram_schmidt.py" line="40" name="test_gram_schmidt_biorth[1-&lt;lambda&gt;5]" time="0.0013589859008789062"></testcase><testcase classname="src.pymortests.algorithms.gram_schmidt" file="src/pymortests/algorithms/gram_schmidt.py" line="40" name="test_gram_schmidt_biorth[1-&lt;lambda&gt;6]" time="0.0011374950408935547"></testcase><testcase classname="src.pymortests.algorithms.gram_schmidt" file="src/pymortests/algorithms/gram_schmidt.py" line="40" name="test_gram_schmidt_biorth[1-&lt;lambda&gt;7]" time="0.0011413097381591797"></testcase><testcase classname="src.pymortests.algorithms.gram_schmidt" file="src/pymortests/algorithms/gram_schmidt.py" line="40" name="test_gram_schmidt_biorth[1-&lt;lambda&gt;8]" time="0.1025242805480957"></testcase><testcase classname="src.pymortests.algorithms.gram_schmidt" file="src/pymortests/algorithms/gram_schmidt.py" line="40" name="test_gram_schmidt_biorth[1-&lt;lambda&gt;9]" time="0.002791881561279297"></testcase><testcase classname="src.pymortests.algorithms.gram_schmidt" file="src/pymortests/algorithms/gram_schmidt.py" line="40" name="test_gram_schmidt_biorth[1-&lt;lambda&gt;10]" time="0.0015134811401367188"></testcase><testcase classname="src.pymortests.algorithms.gram_schmidt" file="src/pymortests/algorithms/gram_schmidt.py" line="40" name="test_gram_schmidt_biorth[1-&lt;lambda&gt;11]" time="0.007013797760009766"></testcase><testcase classname="src.pymortests.algorithms.gram_schmidt" file="src/pymortests/algorithms/gram_schmidt.py" line="40" name="test_gram_schmidt_biorth[1-&lt;lambda&gt;12]" time="0.0013873577117919922"></testcase><testcase classname="src.pymortests.algorithms.gram_schmidt" file="src/pymortests/algorithms/gram_schmidt.py" line="40" name="test_gram_schmidt_biorth[1-&lt;lambda&gt;13]" time="0.001283407211303711"></testcase><testcase classname="src.pymortests.algorithms.gram_schmidt" file="src/pymortests/algorithms/gram_schmidt.py" line="40" name="test_gram_schmidt_biorth[1-&lt;lambda&gt;14]" time="0.004414796829223633"></testcase><testcase classname="src.pymortests.algorithms.gram_schmidt" file="src/pymortests/algorithms/gram_schmidt.py" line="40" name="test_gram_schmidt_biorth[1-&lt;lambda&gt;15]" time="0.20042729377746582"></testcase><testcase classname="src.pymortests.algorithms.gram_schmidt" file="src/pymortests/algorithms/gram_schmidt.py" line="40" name="test_gram_schmidt_biorth[1-&lt;lambda&gt;16]" time="0.008848905563354492"></testcase><testcase classname="src.pymortests.algorithms.gram_schmidt" file="src/pymortests/algorithms/gram_schmidt.py" line="40" name="test_gram_schmidt_biorth[1-&lt;lambda&gt;17]" time="0.0022797584533691406"></testcase><testcase classname="src.pymortests.algorithms.gram_schmidt" file="src/pymortests/algorithms/gram_schmidt.py" line="40" name="test_gram_schmidt_biorth[1-&lt;lambda&gt;18]" time="0.002093791961669922"></testcase><testcase classname="src.pymortests.algorithms.gram_schmidt" file="src/pymortests/algorithms/gram_schmidt.py" line="40" name="test_gram_schmidt_biorth[1-&lt;lambda&gt;19]" time="0.003435850143432617"></testcase><testcase classname="src.pymortests.algorithms.gram_schmidt" file="src/pymortests/algorithms/gram_schmidt.py" line="40" name="test_gram_schmidt_biorth[1-&lt;lambda&gt;20]" time="0.14251470565795898"></testcase><testcase classname="src.pymortests.algorithms.gram_schmidt" file="src/pymortests/algorithms/gram_schmidt.py" line="40" name="test_gram_schmidt_biorth[1-&lt;lambda&gt;21]" time="0.7331664562225342"></testcase><testcase classname="src.pymortests.algorithms.gram_schmidt" file="src/pymortests/algorithms/gram_schmidt.py" line="40" name="test_gram_schmidt_biorth[1-&lt;lambda&gt;22]" time="0.0018134117126464844"></testcase><testcase classname="src.pymortests.algorithms.gram_schmidt" file="src/pymortests/algorithms/gram_schmidt.py" line="40" name="test_gram_schmidt_biorth[1-&lt;lambda&gt;23]" time="0.001287698745727539"></testcase><testcase classname="src.pymortests.algorithms.gram_schmidt" file="src/pymortests/algorithms/gram_schmidt.py" line="40" name="test_gram_schmidt_biorth[1-&lt;lambda&gt;24]" time="0.0021483898162841797"></testcase><testcase classname="src.pymortests.algorithms.gram_schmidt" file="src/pymortests/algorithms/gram_schmidt.py" line="40" name="test_gram_schmidt_biorth[1-&lt;lambda&gt;25]" time="0.3359260559082031"></testcase><testcase classname="src.pymortests.algorithms.gram_schmidt" file="src/pymortests/algorithms/gram_schmidt.py" line="40" name="test_gram_schmidt_biorth[1-&lt;lambda&gt;26]" time="0.05531191825866699"></testcase><testcase classname="src.pymortests.algorithms.gram_schmidt" file="src/pymortests/algorithms/gram_schmidt.py" line="40" name="test_gram_schmidt_biorth[2-&lt;lambda&gt;0]" time="0.001691579818725586"></testcase><testcase classname="src.pymortests.algorithms.gram_schmidt" file="src/pymortests/algorithms/gram_schmidt.py" line="40" name="test_gram_schmidt_biorth[2-&lt;lambda&gt;1]" time="0.0012359619140625"></testcase><testcase classname="src.pymortests.algorithms.gram_schmidt" file="src/pymortests/algorithms/gram_schmidt.py" line="40" name="test_gram_schmidt_biorth[2-&lt;lambda&gt;2]" time="0.0014393329620361328"></testcase><testcase classname="src.pymortests.algorithms.gram_schmidt" file="src/pymortests/algorithms/gram_schmidt.py" line="40" name="test_gram_schmidt_biorth[2-&lt;lambda&gt;3]" time="0.05435681343078613"></testcase><testcase classname="src.pymortests.algorithms.gram_schmidt" file="src/pymortests/algorithms/gram_schmidt.py" line="40" name="test_gram_schmidt_biorth[2-&lt;lambda&gt;4]" time="0.0016825199127197266"></testcase><testcase classname="src.pymortests.algorithms.gram_schmidt" file="src/pymortests/algorithms/gram_schmidt.py" line="40" name="test_gram_schmidt_biorth[2-&lt;lambda&gt;5]" time="0.0014188289642333984"></testcase><testcase classname="src.pymortests.algorithms.gram_schmidt" file="src/pymortests/algorithms/gram_schmidt.py" line="40" name="test_gram_schmidt_biorth[2-&lt;lambda&gt;6]" time="0.001331329345703125"></testcase><testcase classname="src.pymortests.algorithms.gram_schmidt" file="src/pymortests/algorithms/gram_schmidt.py" line="40" name="test_gram_schmidt_biorth[2-&lt;lambda&gt;7]" time="0.001416921615600586"></testcase><testcase classname="src.pymortests.algorithms.gram_schmidt" file="src/pymortests/algorithms/gram_schmidt.py" line="40" name="test_gram_schmidt_biorth[2-&lt;lambda&gt;8]" time="0.11102485656738281"></testcase><testcase classname="src.pymortests.algorithms.gram_schmidt" file="src/pymortests/algorithms/gram_schmidt.py" line="40" name="test_gram_schmidt_biorth[2-&lt;lambda&gt;9]" time="0.0027892589569091797"></testcase><testcase classname="src.pymortests.algorithms.gram_schmidt" file="src/pymortests/algorithms/gram_schmidt.py" line="40" name="test_gram_schmidt_biorth[2-&lt;lambda&gt;10]" time="0.0014901161193847656"></testcase><testcase classname="src.pymortests.algorithms.gram_schmidt" file="src/pymortests/algorithms/gram_schmidt.py" line="40" name="test_gram_schmidt_biorth[2-&lt;lambda&gt;11]" time="0.006040096282958984"></testcase><testcase classname="src.pymortests.algorithms.gram_schmidt" file="src/pymortests/algorithms/gram_schmidt.py" line="40" name="test_gram_schmidt_biorth[2-&lt;lambda&gt;12]" time="0.0014104843139648438"></testcase><testcase classname="src.pymortests.algorithms.gram_schmidt" file="src/pymortests/algorithms/gram_schmidt.py" line="40" name="test_gram_schmidt_biorth[2-&lt;lambda&gt;13]" time="0.0013511180877685547"></testcase><testcase classname="src.pymortests.algorithms.gram_schmidt" file="src/pymortests/algorithms/gram_schmidt.py" line="40" name="test_gram_schmidt_biorth[2-&lt;lambda&gt;14]" time="0.004554033279418945"></testcase><testcase classname="src.pymortests.algorithms.gram_schmidt" file="src/pymortests/algorithms/gram_schmidt.py" line="40" name="test_gram_schmidt_biorth[2-&lt;lambda&gt;15]" time="0.19719552993774414"></testcase><testcase classname="src.pymortests.algorithms.gram_schmidt" file="src/pymortests/algorithms/gram_schmidt.py" line="40" name="test_gram_schmidt_biorth[2-&lt;lambda&gt;16]" time="0.008569955825805664"></testcase><testcase classname="src.pymortests.algorithms.gram_schmidt" file="src/pymortests/algorithms/gram_schmidt.py" line="40" name="test_gram_schmidt_biorth[2-&lt;lambda&gt;17]" time="0.0022284984588623047"></testcase><testcase classname="src.pymortests.algorithms.gram_schmidt" file="src/pymortests/algorithms/gram_schmidt.py" line="40" name="test_gram_schmidt_biorth[2-&lt;lambda&gt;18]" time="0.0020456314086914062"></testcase><testcase classname="src.pymortests.algorithms.gram_schmidt" file="src/pymortests/algorithms/gram_schmidt.py" line="40" name="test_gram_schmidt_biorth[2-&lt;lambda&gt;19]" time="0.003420591354370117"></testcase><testcase classname="src.pymortests.algorithms.gram_schmidt" file="src/pymortests/algorithms/gram_schmidt.py" line="40" name="test_gram_schmidt_biorth[2-&lt;lambda&gt;20]" time="0.14414739608764648"></testcase><testcase classname="src.pymortests.algorithms.gram_schmidt" file="src/pymortests/algorithms/gram_schmidt.py" line="40" name="test_gram_schmidt_biorth[2-&lt;lambda&gt;21]" time="0.7409727573394775"></testcase><testcase classname="src.pymortests.algorithms.gram_schmidt" file="src/pymortests/algorithms/gram_schmidt.py" line="40" name="test_gram_schmidt_biorth[2-&lt;lambda&gt;22]" time="0.0019049644470214844"></testcase><testcase classname="src.pymortests.algorithms.gram_schmidt" file="src/pymortests/algorithms/gram_schmidt.py" line="40" name="test_gram_schmidt_biorth[2-&lt;lambda&gt;23]" time="0.0013439655303955078"></testcase><testcase classname="src.pymortests.algorithms.gram_schmidt" file="src/pymortests/algorithms/gram_schmidt.py" line="40" name="test_gram_schmidt_biorth[2-&lt;lambda&gt;24]" time="0.002225637435913086"></testcase><testcase classname="src.pymortests.algorithms.gram_schmidt" file="src/pymortests/algorithms/gram_schmidt.py" line="40" name="test_gram_schmidt_biorth[2-&lt;lambda&gt;25]" time="0.3229248523712158"></testcase><testcase classname="src.pymortests.algorithms.gram_schmidt" file="src/pymortests/algorithms/gram_schmidt.py" line="40" name="test_gram_schmidt_biorth[2-&lt;lambda&gt;26]" time="0.06261992454528809"></testcase><testcase classname="src.pymortests.algorithms.gram_schmidt" file="src/pymortests/algorithms/gram_schmidt.py" line="68" name="test_gram_schmidt_biorth_with_product[&lt;lambda&gt;0]" time="0.03234672546386719"><system-err>18:14 DiffusionOperatorP1: Calulate gradients of shape functions transformed by reference map ...
18:14 DiffusionOperatorP1: Calculate all local scalar products beween gradients ...
18:14 DiffusionOperatorP1: Determine global dofs ...
18:14 DiffusionOperatorP1: Boundary treatment ...
18:14 DiffusionOperatorP1: Assemble system matrix ...
18:14 DiffusionOperatorP1: Calulate gradients of shape functions transformed by reference map ...
18:14 DiffusionOperatorP1: Calculate all local scalar products beween gradients ...
18:14 DiffusionOperatorP1: Determine global dofs ...
18:14 DiffusionOperatorP1: Boundary treatment ...
18:14 DiffusionOperatorP1: Assemble system matrix ...
18:14 DiffusionOperatorP1: Calulate gradients of shape functions transformed by reference map ...
18:14 DiffusionOperatorP1: Calculate all local scalar products beween gradients ...
18:14 DiffusionOperatorP1: Determine global dofs ...
18:14 DiffusionOperatorP1: Boundary treatment ...
18:14 DiffusionOperatorP1: Assemble system matrix ...
18:14 DiffusionOperatorP1: Calulate gradients of shape functions transformed by reference map ...
18:14 DiffusionOperatorP1: Calculate all local scalar products beween gradients ...
18:14 DiffusionOperatorP1: Determine global dofs ...
18:14 DiffusionOperatorP1: Boundary treatment ...
18:14 DiffusionOperatorP1: Assemble system matrix ...
18:14 DiffusionOperatorP1: Calulate gradients of shape functions transformed by reference map ...
18:14 DiffusionOperatorP1: Calculate all local scalar products beween gradients ...
18:14 DiffusionOperatorP1: Determine global dofs ...
18:14 DiffusionOperatorP1: Boundary treatment ...
18:14 DiffusionOperatorP1: Assemble system matrix ...
18:14 L2ProductP1: Integrate the products of the shape functions on each element
18:14 L2ProductP1: Determine global dofs ...
18:14 L2ProductP1: Boundary treatment ...
18:14 L2ProductP1: Assemble system matrix ...
18:14 DiffusionOperatorP1: Calulate gradients of shape functions transformed by reference map ...
18:14 DiffusionOperatorP1: Calculate all local scalar products beween gradients ...
18:14 DiffusionOperatorP1: Determine global dofs ...
18:14 DiffusionOperatorP1: Boundary treatment ...
18:14 DiffusionOperatorP1: Assemble system matrix ...
18:14 L2ProductP1: Integrate the products of the shape functions on each element
18:14 L2ProductP1: Determine global dofs ...
18:14 L2ProductP1: Boundary treatment ...
18:14 L2ProductP1: Assemble system matrix ...
18:14 DiffusionOperatorP1: Calulate gradients of shape functions transformed by reference map ...
18:14 DiffusionOperatorP1: Calculate all local scalar products beween gradients ...
18:14 DiffusionOperatorP1: Determine global dofs ...
18:14 DiffusionOperatorP1: Boundary treatment ...
18:14 DiffusionOperatorP1: Assemble system matrix ...
</system-err></testcase><testcase classname="src.pymortests.algorithms.gram_schmidt" file="src/pymortests/algorithms/gram_schmidt.py" line="68" name="test_gram_schmidt_biorth_with_product[&lt;lambda&gt;1]" time="0.029586315155029297"><system-err>18:14 DiffusionOperatorP1: Calulate gradients of shape functions transformed by reference map ...
18:14 DiffusionOperatorP1: Calculate all local scalar products beween gradients ...
18:14 DiffusionOperatorP1: Determine global dofs ...
18:14 DiffusionOperatorP1: Boundary treatment ...
18:14 DiffusionOperatorP1: Assemble system matrix ...
18:14 DiffusionOperatorP1: Calulate gradients of shape functions transformed by reference map ...
18:14 DiffusionOperatorP1: Calculate all local scalar products beween gradients ...
18:14 DiffusionOperatorP1: Determine global dofs ...
18:14 DiffusionOperatorP1: Boundary treatment ...
18:14 DiffusionOperatorP1: Assemble system matrix ...
18:14 L2ProductP1: Integrate the products of the shape functions on each element
18:14 L2ProductP1: Determine global dofs ...
18:14 L2ProductP1: Boundary treatment ...
18:14 L2ProductP1: Assemble system matrix ...
18:14 DiffusionOperatorP1: Calulate gradients of shape functions transformed by reference map ...
18:14 DiffusionOperatorP1: Calculate all local scalar products beween gradients ...
18:14 DiffusionOperatorP1: Determine global dofs ...
18:14 DiffusionOperatorP1: Boundary treatment ...
18:14 DiffusionOperatorP1: Assemble system matrix ...
18:14 L2ProductP1: Integrate the products of the shape functions on each element
18:14 L2ProductP1: Determine global dofs ...
18:14 L2ProductP1: Boundary treatment ...
18:14 L2ProductP1: Assemble system matrix ...
18:14 DiffusionOperatorP1: Calulate gradients of shape functions transformed by reference map ...
18:14 DiffusionOperatorP1: Calculate all local scalar products beween gradients ...
18:14 DiffusionOperatorP1: Determine global dofs ...
18:14 DiffusionOperatorP1: Boundary treatment ...
18:14 DiffusionOperatorP1: Assemble system matrix ...
18:14 gram_schmidt_biorth: Projecting vector V[1] again
18:14 gram_schmidt_biorth: Projecting vector W[1] again
18:14 gram_schmidt_biorth: Projecting vector V[1] again
18:14 gram_schmidt_biorth: Projecting vector W[1] again
</system-err></testcase><testcase classname="src.pymortests.algorithms.gram_schmidt" file="src/pymortests/algorithms/gram_schmidt.py" line="68" name="test_gram_schmidt_biorth_with_product[&lt;lambda&gt;2]" time="0.0339665412902832"><system-err>18:14 DiffusionOperatorP1: Calulate gradients of shape functions transformed by reference map ...
18:14 DiffusionOperatorP1: Calculate all local scalar products beween gradients ...
18:14 DiffusionOperatorP1: Determine global dofs ...
18:14 DiffusionOperatorP1: Boundary treatment ...
18:14 DiffusionOperatorP1: Assemble system matrix ...
18:14 DiffusionOperatorP1: Calulate gradients of shape functions transformed by reference map ...
18:14 DiffusionOperatorP1: Calculate all local scalar products beween gradients ...
18:14 DiffusionOperatorP1: Determine global dofs ...
18:14 DiffusionOperatorP1: Boundary treatment ...
18:14 DiffusionOperatorP1: Assemble system matrix ...
18:14 DiffusionOperatorP1: Calulate gradients of shape functions transformed by reference map ...
18:14 DiffusionOperatorP1: Calculate all local scalar products beween gradients ...
18:14 DiffusionOperatorP1: Determine global dofs ...
18:14 DiffusionOperatorP1: Boundary treatment ...
18:14 DiffusionOperatorP1: Assemble system matrix ...
18:14 DiffusionOperatorP1: Calulate gradients of shape functions transformed by reference map ...
18:14 DiffusionOperatorP1: Calculate all local scalar products beween gradients ...
18:14 DiffusionOperatorP1: Determine global dofs ...
18:14 DiffusionOperatorP1: Boundary treatment ...
18:14 DiffusionOperatorP1: Assemble system matrix ...
18:14 DiffusionOperatorP1: Calulate gradients of shape functions transformed by reference map ...
18:14 DiffusionOperatorP1: Calculate all local scalar products beween gradients ...
18:14 DiffusionOperatorP1: Determine global dofs ...
18:14 DiffusionOperatorP1: Boundary treatment ...
18:14 DiffusionOperatorP1: Assemble system matrix ...
18:14 L2ProductP1: Integrate the products of the shape functions on each element
18:14 L2ProductP1: Determine global dofs ...
18:14 L2ProductP1: Boundary treatment ...
18:14 L2ProductP1: Assemble system matrix ...
18:14 DiffusionOperatorP1: Calulate gradients of shape functions transformed by reference map ...
18:14 DiffusionOperatorP1: Calculate all local scalar products beween gradients ...
18:14 DiffusionOperatorP1: Determine global dofs ...
18:14 DiffusionOperatorP1: Boundary treatment ...
18:14 DiffusionOperatorP1: Assemble system matrix ...
18:14 L2ProductP1: Integrate the products of the shape functions on each element
18:14 L2ProductP1: Determine global dofs ...
18:14 L2ProductP1: Boundary treatment ...
18:14 L2ProductP1: Assemble system matrix ...
18:14 DiffusionOperatorP1: Calulate gradients of shape functions transformed by reference map ...
18:14 DiffusionOperatorP1: Calculate all local scalar products beween gradients ...
18:14 DiffusionOperatorP1: Determine global dofs ...
18:14 DiffusionOperatorP1: Boundary treatment ...
18:14 DiffusionOperatorP1: Assemble system matrix ...
</system-err></testcase><testcase classname="src.pymortests.algorithms.gram_schmidt" file="src/pymortests/algorithms/gram_schmidt.py" line="68" name="test_gram_schmidt_biorth_with_product[&lt;lambda&gt;3]" time="0.03037261962890625"><system-err>18:14 DiffusionOperatorP1: Calulate gradients of shape functions transformed by reference map ...
18:14 DiffusionOperatorP1: Calculate all local scalar products beween gradients ...
18:14 DiffusionOperatorP1: Determine global dofs ...
18:14 DiffusionOperatorP1: Boundary treatment ...
18:14 DiffusionOperatorP1: Assemble system matrix ...
18:14 DiffusionOperatorP1: Calulate gradients of shape functions transformed by reference map ...
18:14 DiffusionOperatorP1: Calculate all local scalar products beween gradients ...
18:14 DiffusionOperatorP1: Determine global dofs ...
18:14 DiffusionOperatorP1: Boundary treatment ...
18:14 DiffusionOperatorP1: Assemble system matrix ...
18:14 L2ProductP1: Integrate the products of the shape functions on each element
18:14 L2ProductP1: Determine global dofs ...
18:14 L2ProductP1: Boundary treatment ...
18:14 L2ProductP1: Assemble system matrix ...
18:14 DiffusionOperatorP1: Calulate gradients of shape functions transformed by reference map ...
18:14 DiffusionOperatorP1: Calculate all local scalar products beween gradients ...
18:14 DiffusionOperatorP1: Determine global dofs ...
18:14 DiffusionOperatorP1: Boundary treatment ...
18:14 DiffusionOperatorP1: Assemble system matrix ...
18:14 L2ProductP1: Integrate the products of the shape functions on each element
18:14 L2ProductP1: Determine global dofs ...
18:14 L2ProductP1: Boundary treatment ...
18:14 L2ProductP1: Assemble system matrix ...
18:14 DiffusionOperatorP1: Calulate gradients of shape functions transformed by reference map ...
18:14 DiffusionOperatorP1: Calculate all local scalar products beween gradients ...
18:14 DiffusionOperatorP1: Determine global dofs ...
18:14 DiffusionOperatorP1: Boundary treatment ...
18:14 DiffusionOperatorP1: Assemble system matrix ...
18:14 gram_schmidt_biorth: Projecting vector V[1] again
18:14 gram_schmidt_biorth: Projecting vector W[1] again
18:14 gram_schmidt_biorth: Projecting vector V[1] again
18:14 gram_schmidt_biorth: Projecting vector W[1] again
</system-err></testcase><testcase classname="src.pymortests.algorithms.gram_schmidt" file="src/pymortests/algorithms/gram_schmidt.py" line="68" name="test_gram_schmidt_biorth_with_product[&lt;lambda&gt;4]" time="0.039046525955200195"><system-err>18:14 DiffusionOperatorP1: Calulate gradients of shape functions transformed by reference map ...
18:14 DiffusionOperatorP1: Calculate all local scalar products beween gradients ...
18:14 DiffusionOperatorP1: Determine global dofs ...
18:14 DiffusionOperatorP1: Boundary treatment ...
18:14 DiffusionOperatorP1: Assemble system matrix ...
18:14 DiffusionOperatorP1: Calulate gradients of shape functions transformed by reference map ...
18:14 DiffusionOperatorP1: Calculate all local scalar products beween gradients ...
18:14 DiffusionOperatorP1: Determine global dofs ...
18:14 DiffusionOperatorP1: Boundary treatment ...
18:14 DiffusionOperatorP1: Assemble system matrix ...
18:14 DiffusionOperatorP1: Calulate gradients of shape functions transformed by reference map ...
18:14 DiffusionOperatorP1: Calculate all local scalar products beween gradients ...
18:14 DiffusionOperatorP1: Determine global dofs ...
18:14 DiffusionOperatorP1: Boundary treatment ...
18:14 DiffusionOperatorP1: Assemble system matrix ...
18:14 DiffusionOperatorP1: Calulate gradients of shape functions transformed by reference map ...
18:14 DiffusionOperatorP1: Calculate all local scalar products beween gradients ...
18:14 DiffusionOperatorP1: Determine global dofs ...
18:14 DiffusionOperatorP1: Boundary treatment ...
18:14 DiffusionOperatorP1: Assemble system matrix ...
18:14 DiffusionOperatorP1: Calulate gradients of shape functions transformed by reference map ...
18:14 DiffusionOperatorP1: Calculate all local scalar products beween gradients ...
18:14 DiffusionOperatorP1: Determine global dofs ...
18:14 DiffusionOperatorP1: Boundary treatment ...
18:14 DiffusionOperatorP1: Assemble system matrix ...
18:14 L2ProductP1: Integrate the products of the shape functions on each element
18:14 L2ProductP1: Determine global dofs ...
18:14 L2ProductP1: Boundary treatment ...
18:14 L2ProductP1: Assemble system matrix ...
18:14 DiffusionOperatorP1: Calulate gradients of shape functions transformed by reference map ...
18:14 DiffusionOperatorP1: Calculate all local scalar products beween gradients ...
18:14 DiffusionOperatorP1: Determine global dofs ...
18:14 DiffusionOperatorP1: Boundary treatment ...
18:14 DiffusionOperatorP1: Assemble system matrix ...
18:14 L2ProductP1: Integrate the products of the shape functions on each element
18:14 L2ProductP1: Determine global dofs ...
18:14 L2ProductP1: Boundary treatment ...
18:14 L2ProductP1: Assemble system matrix ...
18:14 DiffusionOperatorP1: Calulate gradients of shape functions transformed by reference map ...
18:14 DiffusionOperatorP1: Calculate all local scalar products beween gradients ...
18:14 DiffusionOperatorP1: Determine global dofs ...
18:14 DiffusionOperatorP1: Boundary treatment ...
18:14 DiffusionOperatorP1: Assemble system matrix ...
</system-err></testcase><testcase classname="src.pymortests.algorithms.gram_schmidt" file="src/pymortests/algorithms/gram_schmidt.py" line="68" name="test_gram_schmidt_biorth_with_product[&lt;lambda&gt;5]" time="0.02956557273864746"><system-err>18:14 DiffusionOperatorP1: Calulate gradients of shape functions transformed by reference map ...
18:14 DiffusionOperatorP1: Calculate all local scalar products beween gradients ...
18:14 DiffusionOperatorP1: Determine global dofs ...
18:14 DiffusionOperatorP1: Boundary treatment ...
18:14 DiffusionOperatorP1: Assemble system matrix ...
18:14 DiffusionOperatorP1: Calulate gradients of shape functions transformed by reference map ...
18:14 DiffusionOperatorP1: Calculate all local scalar products beween gradients ...
18:14 DiffusionOperatorP1: Determine global dofs ...
18:14 DiffusionOperatorP1: Boundary treatment ...
18:14 DiffusionOperatorP1: Assemble system matrix ...
18:14 L2ProductP1: Integrate the products of the shape functions on each element
18:14 L2ProductP1: Determine global dofs ...
18:14 L2ProductP1: Boundary treatment ...
18:14 L2ProductP1: Assemble system matrix ...
18:14 DiffusionOperatorP1: Calulate gradients of shape functions transformed by reference map ...
18:14 DiffusionOperatorP1: Calculate all local scalar products beween gradients ...
18:14 DiffusionOperatorP1: Determine global dofs ...
18:14 DiffusionOperatorP1: Boundary treatment ...
18:14 DiffusionOperatorP1: Assemble system matrix ...
18:14 L2ProductP1: Integrate the products of the shape functions on each element
18:14 L2ProductP1: Determine global dofs ...
18:14 L2ProductP1: Boundary treatment ...
18:14 L2ProductP1: Assemble system matrix ...
18:14 DiffusionOperatorP1: Calulate gradients of shape functions transformed by reference map ...
18:14 DiffusionOperatorP1: Calculate all local scalar products beween gradients ...
18:14 DiffusionOperatorP1: Determine global dofs ...
18:14 DiffusionOperatorP1: Boundary treatment ...
18:14 DiffusionOperatorP1: Assemble system matrix ...
18:14 gram_schmidt_biorth: Projecting vector V[1] again
18:14 gram_schmidt_biorth: Projecting vector W[1] again
18:14 gram_schmidt_biorth: Projecting vector V[1] again
18:14 gram_schmidt_biorth: Projecting vector W[1] again
</system-err></testcase><testcase classname="src.pymortests.algorithms.gram_schmidt" file="src/pymortests/algorithms/gram_schmidt.py" line="68" name="test_gram_schmidt_biorth_with_product[&lt;lambda&gt;6]" time="0.03342843055725098"><system-err>18:14 DiffusionOperatorP1: Calulate gradients of shape functions transformed by reference map ...
18:14 DiffusionOperatorP1: Calculate all local scalar products beween gradients ...
18:14 DiffusionOperatorP1: Determine global dofs ...
18:14 DiffusionOperatorP1: Boundary treatment ...
18:14 DiffusionOperatorP1: Assemble system matrix ...
18:14 DiffusionOperatorP1: Calulate gradients of shape functions transformed by reference map ...
18:14 DiffusionOperatorP1: Calculate all local scalar products beween gradients ...
18:14 DiffusionOperatorP1: Determine global dofs ...
18:14 DiffusionOperatorP1: Boundary treatment ...
18:14 DiffusionOperatorP1: Assemble system matrix ...
18:14 DiffusionOperatorP1: Calulate gradients of shape functions transformed by reference map ...
18:14 DiffusionOperatorP1: Calculate all local scalar products beween gradients ...
18:14 DiffusionOperatorP1: Determine global dofs ...
18:14 DiffusionOperatorP1: Boundary treatment ...
18:14 DiffusionOperatorP1: Assemble system matrix ...
18:14 DiffusionOperatorP1: Calulate gradients of shape functions transformed by reference map ...
18:14 DiffusionOperatorP1: Calculate all local scalar products beween gradients ...
18:14 DiffusionOperatorP1: Determine global dofs ...
18:14 DiffusionOperatorP1: Boundary treatment ...
18:14 DiffusionOperatorP1: Assemble system matrix ...
18:14 DiffusionOperatorP1: Calulate gradients of shape functions transformed by reference map ...
18:14 DiffusionOperatorP1: Calculate all local scalar products beween gradients ...
18:14 DiffusionOperatorP1: Determine global dofs ...
18:14 DiffusionOperatorP1: Boundary treatment ...
18:14 DiffusionOperatorP1: Assemble system matrix ...
18:14 L2ProductP1: Integrate the products of the shape functions on each element
18:14 L2ProductP1: Determine global dofs ...
18:14 L2ProductP1: Boundary treatment ...
18:14 L2ProductP1: Assemble system matrix ...
18:14 DiffusionOperatorP1: Calulate gradients of shape functions transformed by reference map ...
18:14 DiffusionOperatorP1: Calculate all local scalar products beween gradients ...
18:14 DiffusionOperatorP1: Determine global dofs ...
18:14 DiffusionOperatorP1: Boundary treatment ...
18:14 DiffusionOperatorP1: Assemble system matrix ...
18:14 L2ProductP1: Integrate the products of the shape functions on each element
18:14 L2ProductP1: Determine global dofs ...
18:14 L2ProductP1: Boundary treatment ...
18:14 L2ProductP1: Assemble system matrix ...
18:14 DiffusionOperatorP1: Calulate gradients of shape functions transformed by reference map ...
18:14 DiffusionOperatorP1: Calculate all local scalar products beween gradients ...
18:14 DiffusionOperatorP1: Determine global dofs ...
18:14 DiffusionOperatorP1: Boundary treatment ...
18:14 DiffusionOperatorP1: Assemble system matrix ...
</system-err></testcase><testcase classname="src.pymortests.algorithms.gram_schmidt" file="src/pymortests/algorithms/gram_schmidt.py" line="68" name="test_gram_schmidt_biorth_with_product[&lt;lambda&gt;7]" time="0.030005455017089844"><system-err>18:14 DiffusionOperatorP1: Calulate gradients of shape functions transformed by reference map ...
18:14 DiffusionOperatorP1: Calculate all local scalar products beween gradients ...
18:14 DiffusionOperatorP1: Determine global dofs ...
18:14 DiffusionOperatorP1: Boundary treatment ...
18:14 DiffusionOperatorP1: Assemble system matrix ...
18:14 DiffusionOperatorP1: Calulate gradients of shape functions transformed by reference map ...
18:14 DiffusionOperatorP1: Calculate all local scalar products beween gradients ...
18:14 DiffusionOperatorP1: Determine global dofs ...
18:14 DiffusionOperatorP1: Boundary treatment ...
18:14 DiffusionOperatorP1: Assemble system matrix ...
18:14 L2ProductP1: Integrate the products of the shape functions on each element
18:14 L2ProductP1: Determine global dofs ...
18:14 L2ProductP1: Boundary treatment ...
18:14 L2ProductP1: Assemble system matrix ...
18:14 DiffusionOperatorP1: Calulate gradients of shape functions transformed by reference map ...
18:14 DiffusionOperatorP1: Calculate all local scalar products beween gradients ...
18:14 DiffusionOperatorP1: Determine global dofs ...
18:14 DiffusionOperatorP1: Boundary treatment ...
18:14 DiffusionOperatorP1: Assemble system matrix ...
18:14 L2ProductP1: Integrate the products of the shape functions on each element
18:14 L2ProductP1: Determine global dofs ...
18:14 L2ProductP1: Boundary treatment ...
18:14 L2ProductP1: Assemble system matrix ...
18:14 DiffusionOperatorP1: Calulate gradients of shape functions transformed by reference map ...
18:14 DiffusionOperatorP1: Calculate all local scalar products beween gradients ...
18:14 DiffusionOperatorP1: Determine global dofs ...
18:14 DiffusionOperatorP1: Boundary treatment ...
18:14 DiffusionOperatorP1: Assemble system matrix ...
18:14 gram_schmidt_biorth: Projecting vector V[1] again
18:14 gram_schmidt_biorth: Projecting vector W[1] again
18:14 gram_schmidt_biorth: Projecting vector V[1] again
18:14 gram_schmidt_biorth: Projecting vector W[1] again
</system-err></testcase><testcase classname="src.pymortests.algorithms.gram_schmidt" file="src/pymortests/algorithms/gram_schmidt.py" line="68" name="test_gram_schmidt_biorth_with_product[&lt;lambda&gt;8]" time="0.03335237503051758"><system-err>18:14 DiffusionOperatorP1: Calulate gradients of shape functions transformed by reference map ...
18:14 DiffusionOperatorP1: Calculate all local scalar products beween gradients ...
18:14 DiffusionOperatorP1: Determine global dofs ...
18:14 DiffusionOperatorP1: Boundary treatment ...
18:14 DiffusionOperatorP1: Assemble system matrix ...
18:14 DiffusionOperatorP1: Calulate gradients of shape functions transformed by reference map ...
18:14 DiffusionOperatorP1: Calculate all local scalar products beween gradients ...
18:14 DiffusionOperatorP1: Determine global dofs ...
18:14 DiffusionOperatorP1: Boundary treatment ...
18:14 DiffusionOperatorP1: Assemble system matrix ...
18:14 DiffusionOperatorP1: Calulate gradients of shape functions transformed by reference map ...
18:14 DiffusionOperatorP1: Calculate all local scalar products beween gradients ...
18:14 DiffusionOperatorP1: Determine global dofs ...
18:14 DiffusionOperatorP1: Boundary treatment ...
18:14 DiffusionOperatorP1: Assemble system matrix ...
18:14 DiffusionOperatorP1: Calulate gradients of shape functions transformed by reference map ...
18:14 DiffusionOperatorP1: Calculate all local scalar products beween gradients ...
18:14 DiffusionOperatorP1: Determine global dofs ...
18:14 DiffusionOperatorP1: Boundary treatment ...
18:14 DiffusionOperatorP1: Assemble system matrix ...
18:14 DiffusionOperatorP1: Calulate gradients of shape functions transformed by reference map ...
18:14 DiffusionOperatorP1: Calculate all local scalar products beween gradients ...
18:14 DiffusionOperatorP1: Determine global dofs ...
18:14 DiffusionOperatorP1: Boundary treatment ...
18:14 DiffusionOperatorP1: Assemble system matrix ...
18:14 L2ProductP1: Integrate the products of the shape functions on each element
18:14 L2ProductP1: Determine global dofs ...
18:14 L2ProductP1: Boundary treatment ...
18:14 L2ProductP1: Assemble system matrix ...
18:14 DiffusionOperatorP1: Calulate gradients of shape functions transformed by reference map ...
18:14 DiffusionOperatorP1: Calculate all local scalar products beween gradients ...
18:14 DiffusionOperatorP1: Determine global dofs ...
18:14 DiffusionOperatorP1: Boundary treatment ...
18:14 DiffusionOperatorP1: Assemble system matrix ...
18:14 L2ProductP1: Integrate the products of the shape functions on each element
18:14 L2ProductP1: Determine global dofs ...
18:14 L2ProductP1: Boundary treatment ...
18:14 L2ProductP1: Assemble system matrix ...
18:14 DiffusionOperatorP1: Calulate gradients of shape functions transformed by reference map ...
18:14 DiffusionOperatorP1: Calculate all local scalar products beween gradients ...
18:14 DiffusionOperatorP1: Determine global dofs ...
18:14 DiffusionOperatorP1: Boundary treatment ...
18:14 DiffusionOperatorP1: Assemble system matrix ...
</system-err></testcase><testcase classname="src.pymortests.algorithms.gram_schmidt" file="src/pymortests/algorithms/gram_schmidt.py" line="68" name="test_gram_schmidt_biorth_with_product[&lt;lambda&gt;9]" time="0.03063344955444336"><system-err>18:14 DiffusionOperatorP1: Calulate gradients of shape functions transformed by reference map ...
18:14 DiffusionOperatorP1: Calculate all local scalar products beween gradients ...
18:14 DiffusionOperatorP1: Determine global dofs ...
18:14 DiffusionOperatorP1: Boundary treatment ...
18:14 DiffusionOperatorP1: Assemble system matrix ...
18:14 DiffusionOperatorP1: Calulate gradients of shape functions transformed by reference map ...
18:14 DiffusionOperatorP1: Calculate all local scalar products beween gradients ...
18:14 DiffusionOperatorP1: Determine global dofs ...
18:14 DiffusionOperatorP1: Boundary treatment ...
18:14 DiffusionOperatorP1: Assemble system matrix ...
18:14 L2ProductP1: Integrate the products of the shape functions on each element
18:14 L2ProductP1: Determine global dofs ...
18:14 L2ProductP1: Boundary treatment ...
18:14 L2ProductP1: Assemble system matrix ...
18:14 DiffusionOperatorP1: Calulate gradients of shape functions transformed by reference map ...
18:14 DiffusionOperatorP1: Calculate all local scalar products beween gradients ...
18:14 DiffusionOperatorP1: Determine global dofs ...
18:14 DiffusionOperatorP1: Boundary treatment ...
18:14 DiffusionOperatorP1: Assemble system matrix ...
18:14 L2ProductP1: Integrate the products of the shape functions on each element
18:14 L2ProductP1: Determine global dofs ...
18:14 L2ProductP1: Boundary treatment ...
18:14 L2ProductP1: Assemble system matrix ...
18:14 DiffusionOperatorP1: Calulate gradients of shape functions transformed by reference map ...
18:14 DiffusionOperatorP1: Calculate all local scalar products beween gradients ...
18:14 DiffusionOperatorP1: Determine global dofs ...
18:14 DiffusionOperatorP1: Boundary treatment ...
18:14 DiffusionOperatorP1: Assemble system matrix ...
18:14 gram_schmidt_biorth: Projecting vector V[1] again
18:14 gram_schmidt_biorth: Projecting vector W[1] again
18:14 gram_schmidt_biorth: Projecting vector V[1] again
18:14 gram_schmidt_biorth: Projecting vector W[1] again
</system-err></testcase><testcase classname="src.pymortests.algorithms.gram_schmidt" file="src/pymortests/algorithms/gram_schmidt.py" line="68" name="test_gram_schmidt_biorth_with_product[&lt;lambda&gt;10]" time="0.03276228904724121"><system-err>18:14 DiffusionOperatorP1: Calulate gradients of shape functions transformed by reference map ...
18:14 DiffusionOperatorP1: Calculate all local scalar products beween gradients ...
18:14 DiffusionOperatorP1: Determine global dofs ...
18:14 DiffusionOperatorP1: Boundary treatment ...
18:14 DiffusionOperatorP1: Assemble system matrix ...
18:14 DiffusionOperatorP1: Calulate gradients of shape functions transformed by reference map ...
18:14 DiffusionOperatorP1: Calculate all local scalar products beween gradients ...
18:14 DiffusionOperatorP1: Determine global dofs ...
18:14 DiffusionOperatorP1: Boundary treatment ...
18:14 DiffusionOperatorP1: Assemble system matrix ...
18:14 DiffusionOperatorP1: Calulate gradients of shape functions transformed by reference map ...
18:14 DiffusionOperatorP1: Calculate all local scalar products beween gradients ...
18:14 DiffusionOperatorP1: Determine global dofs ...
18:14 DiffusionOperatorP1: Boundary treatment ...
18:14 DiffusionOperatorP1: Assemble system matrix ...
18:14 DiffusionOperatorP1: Calulate gradients of shape functions transformed by reference map ...
18:14 DiffusionOperatorP1: Calculate all local scalar products beween gradients ...
18:14 DiffusionOperatorP1: Determine global dofs ...
18:14 DiffusionOperatorP1: Boundary treatment ...
18:14 DiffusionOperatorP1: Assemble system matrix ...
18:14 DiffusionOperatorP1: Calulate gradients of shape functions transformed by reference map ...
18:14 DiffusionOperatorP1: Calculate all local scalar products beween gradients ...
18:14 DiffusionOperatorP1: Determine global dofs ...
18:14 DiffusionOperatorP1: Boundary treatment ...
18:14 DiffusionOperatorP1: Assemble system matrix ...
18:14 L2ProductP1: Integrate the products of the shape functions on each element
18:14 L2ProductP1: Determine global dofs ...
18:14 L2ProductP1: Boundary treatment ...
18:14 L2ProductP1: Assemble system matrix ...
18:14 DiffusionOperatorP1: Calulate gradients of shape functions transformed by reference map ...
18:14 DiffusionOperatorP1: Calculate all local scalar products beween gradients ...
18:14 DiffusionOperatorP1: Determine global dofs ...
18:14 DiffusionOperatorP1: Boundary treatment ...
18:14 DiffusionOperatorP1: Assemble system matrix ...
18:14 L2ProductP1: Integrate the products of the shape functions on each element
18:14 L2ProductP1: Determine global dofs ...
18:14 L2ProductP1: Boundary treatment ...
18:14 L2ProductP1: Assemble system matrix ...
18:14 DiffusionOperatorP1: Calulate gradients of shape functions transformed by reference map ...
18:14 DiffusionOperatorP1: Calculate all local scalar products beween gradients ...
18:14 DiffusionOperatorP1: Determine global dofs ...
18:14 DiffusionOperatorP1: Boundary treatment ...
18:14 DiffusionOperatorP1: Assemble system matrix ...
</system-err></testcase><testcase classname="src.pymortests.algorithms.gram_schmidt" file="src/pymortests/algorithms/gram_schmidt.py" line="68" name="test_gram_schmidt_biorth_with_product[&lt;lambda&gt;11]" time="0.02965855598449707"><system-err>18:14 DiffusionOperatorP1: Calulate gradients of shape functions transformed by reference map ...
18:14 DiffusionOperatorP1: Calculate all local scalar products beween gradients ...
18:14 DiffusionOperatorP1: Determine global dofs ...
18:14 DiffusionOperatorP1: Boundary treatment ...
18:14 DiffusionOperatorP1: Assemble system matrix ...
18:14 DiffusionOperatorP1: Calulate gradients of shape functions transformed by reference map ...
18:14 DiffusionOperatorP1: Calculate all local scalar products beween gradients ...
18:14 DiffusionOperatorP1: Determine global dofs ...
18:14 DiffusionOperatorP1: Boundary treatment ...
18:14 DiffusionOperatorP1: Assemble system matrix ...
18:14 L2ProductP1: Integrate the products of the shape functions on each element
18:14 L2ProductP1: Determine global dofs ...
18:14 L2ProductP1: Boundary treatment ...
18:14 L2ProductP1: Assemble system matrix ...
18:14 DiffusionOperatorP1: Calulate gradients of shape functions transformed by reference map ...
18:14 DiffusionOperatorP1: Calculate all local scalar products beween gradients ...
18:14 DiffusionOperatorP1: Determine global dofs ...
18:14 DiffusionOperatorP1: Boundary treatment ...
18:14 DiffusionOperatorP1: Assemble system matrix ...
18:14 L2ProductP1: Integrate the products of the shape functions on each element
18:14 L2ProductP1: Determine global dofs ...
18:14 L2ProductP1: Boundary treatment ...
18:14 L2ProductP1: Assemble system matrix ...
18:14 DiffusionOperatorP1: Calulate gradients of shape functions transformed by reference map ...
18:14 DiffusionOperatorP1: Calculate all local scalar products beween gradients ...
18:14 DiffusionOperatorP1: Determine global dofs ...
18:14 DiffusionOperatorP1: Boundary treatment ...
18:14 DiffusionOperatorP1: Assemble system matrix ...
18:14 gram_schmidt_biorth: Projecting vector V[1] again
18:14 gram_schmidt_biorth: Projecting vector W[1] again
18:14 gram_schmidt_biorth: Projecting vector V[1] again
18:14 gram_schmidt_biorth: Projecting vector W[1] again
</system-err></testcase><testcase classname="src.pymortests.algorithms.gram_schmidt" file="src/pymortests/algorithms/gram_schmidt.py" line="68" name="test_gram_schmidt_biorth_with_product[&lt;lambda&gt;12]" time="0.03345465660095215"><system-err>18:14 DiffusionOperatorP1: Calulate gradients of shape functions transformed by reference map ...
18:14 DiffusionOperatorP1: Calculate all local scalar products beween gradients ...
18:14 DiffusionOperatorP1: Determine global dofs ...
18:14 DiffusionOperatorP1: Boundary treatment ...
18:14 DiffusionOperatorP1: Assemble system matrix ...
18:14 DiffusionOperatorP1: Calulate gradients of shape functions transformed by reference map ...
18:14 DiffusionOperatorP1: Calculate all local scalar products beween gradients ...
18:14 DiffusionOperatorP1: Determine global dofs ...
18:14 DiffusionOperatorP1: Boundary treatment ...
18:14 DiffusionOperatorP1: Assemble system matrix ...
18:14 DiffusionOperatorP1: Calulate gradients of shape functions transformed by reference map ...
18:14 DiffusionOperatorP1: Calculate all local scalar products beween gradients ...
18:14 DiffusionOperatorP1: Determine global dofs ...
18:14 DiffusionOperatorP1: Boundary treatment ...
18:14 DiffusionOperatorP1: Assemble system matrix ...
18:14 DiffusionOperatorP1: Calulate gradients of shape functions transformed by reference map ...
18:14 DiffusionOperatorP1: Calculate all local scalar products beween gradients ...
18:14 DiffusionOperatorP1: Determine global dofs ...
18:14 DiffusionOperatorP1: Boundary treatment ...
18:14 DiffusionOperatorP1: Assemble system matrix ...
18:14 DiffusionOperatorP1: Calulate gradients of shape functions transformed by reference map ...
18:14 DiffusionOperatorP1: Calculate all local scalar products beween gradients ...
18:14 DiffusionOperatorP1: Determine global dofs ...
18:14 DiffusionOperatorP1: Boundary treatment ...
18:14 DiffusionOperatorP1: Assemble system matrix ...
18:14 L2ProductP1: Integrate the products of the shape functions on each element
18:14 L2ProductP1: Determine global dofs ...
18:14 L2ProductP1: Boundary treatment ...
18:14 L2ProductP1: Assemble system matrix ...
18:14 DiffusionOperatorP1: Calulate gradients of shape functions transformed by reference map ...
18:14 DiffusionOperatorP1: Calculate all local scalar products beween gradients ...
18:14 DiffusionOperatorP1: Determine global dofs ...
18:14 DiffusionOperatorP1: Boundary treatment ...
18:14 DiffusionOperatorP1: Assemble system matrix ...
18:14 L2ProductP1: Integrate the products of the shape functions on each element
18:14 L2ProductP1: Determine global dofs ...
18:14 L2ProductP1: Boundary treatment ...
18:14 L2ProductP1: Assemble system matrix ...
18:14 DiffusionOperatorP1: Calulate gradients of shape functions transformed by reference map ...
18:14 DiffusionOperatorP1: Calculate all local scalar products beween gradients ...
18:14 DiffusionOperatorP1: Determine global dofs ...
18:14 DiffusionOperatorP1: Boundary treatment ...
18:14 DiffusionOperatorP1: Assemble system matrix ...
</system-err></testcase><testcase classname="src.pymortests.algorithms.gram_schmidt" file="src/pymortests/algorithms/gram_schmidt.py" line="68" name="test_gram_schmidt_biorth_with_product[&lt;lambda&gt;13]" time="0.02945566177368164"><system-err>18:14 DiffusionOperatorP1: Calulate gradients of shape functions transformed by reference map ...
18:14 DiffusionOperatorP1: Calculate all local scalar products beween gradients ...
18:14 DiffusionOperatorP1: Determine global dofs ...
18:14 DiffusionOperatorP1: Boundary treatment ...
18:14 DiffusionOperatorP1: Assemble system matrix ...
18:14 DiffusionOperatorP1: Calulate gradients of shape functions transformed by reference map ...
18:14 DiffusionOperatorP1: Calculate all local scalar products beween gradients ...
18:14 DiffusionOperatorP1: Determine global dofs ...
18:14 DiffusionOperatorP1: Boundary treatment ...
18:14 DiffusionOperatorP1: Assemble system matrix ...
18:14 L2ProductP1: Integrate the products of the shape functions on each element
18:14 L2ProductP1: Determine global dofs ...
18:14 L2ProductP1: Boundary treatment ...
18:14 L2ProductP1: Assemble system matrix ...
18:14 DiffusionOperatorP1: Calulate gradients of shape functions transformed by reference map ...
18:14 DiffusionOperatorP1: Calculate all local scalar products beween gradients ...
18:14 DiffusionOperatorP1: Determine global dofs ...
18:14 DiffusionOperatorP1: Boundary treatment ...
18:14 DiffusionOperatorP1: Assemble system matrix ...
18:14 L2ProductP1: Integrate the products of the shape functions on each element
18:14 L2ProductP1: Determine global dofs ...
18:14 L2ProductP1: Boundary treatment ...
18:14 L2ProductP1: Assemble system matrix ...
18:14 DiffusionOperatorP1: Calulate gradients of shape functions transformed by reference map ...
18:14 DiffusionOperatorP1: Calculate all local scalar products beween gradients ...
18:14 DiffusionOperatorP1: Determine global dofs ...
18:14 DiffusionOperatorP1: Boundary treatment ...
18:14 DiffusionOperatorP1: Assemble system matrix ...
</system-err></testcase><testcase classname="src.pymortests.algorithms.gram_schmidt" file="src/pymortests/algorithms/gram_schmidt.py" line="68" name="test_gram_schmidt_biorth_with_product[&lt;lambda&gt;14]" time="0.03783464431762695"><system-err>18:14 DiffusionOperatorP1: Calulate gradients of shape functions transformed by reference map ...
18:14 DiffusionOperatorP1: Calculate all local scalar products beween gradients ...
18:14 DiffusionOperatorP1: Determine global dofs ...
18:14 DiffusionOperatorP1: Boundary treatment ...
18:14 DiffusionOperatorP1: Assemble system matrix ...
18:14 DiffusionOperatorP1: Calulate gradients of shape functions transformed by reference map ...
18:14 DiffusionOperatorP1: Calculate all local scalar products beween gradients ...
18:14 DiffusionOperatorP1: Determine global dofs ...
18:14 DiffusionOperatorP1: Boundary treatment ...
18:14 DiffusionOperatorP1: Assemble system matrix ...
18:14 DiffusionOperatorP1: Calulate gradients of shape functions transformed by reference map ...
18:14 DiffusionOperatorP1: Calculate all local scalar products beween gradients ...
18:14 DiffusionOperatorP1: Determine global dofs ...
18:14 DiffusionOperatorP1: Boundary treatment ...
18:14 DiffusionOperatorP1: Assemble system matrix ...
18:14 DiffusionOperatorP1: Calulate gradients of shape functions transformed by reference map ...
18:14 DiffusionOperatorP1: Calculate all local scalar products beween gradients ...
18:14 DiffusionOperatorP1: Determine global dofs ...
18:14 DiffusionOperatorP1: Boundary treatment ...
18:14 DiffusionOperatorP1: Assemble system matrix ...
18:14 DiffusionOperatorP1: Calulate gradients of shape functions transformed by reference map ...
18:14 DiffusionOperatorP1: Calculate all local scalar products beween gradients ...
18:14 DiffusionOperatorP1: Determine global dofs ...
18:14 DiffusionOperatorP1: Boundary treatment ...
18:14 DiffusionOperatorP1: Assemble system matrix ...
18:14 L2ProductP1: Integrate the products of the shape functions on each element
18:14 L2ProductP1: Determine global dofs ...
18:14 L2ProductP1: Boundary treatment ...
18:14 L2ProductP1: Assemble system matrix ...
18:14 DiffusionOperatorP1: Calulate gradients of shape functions transformed by reference map ...
18:14 DiffusionOperatorP1: Calculate all local scalar products beween gradients ...
18:14 DiffusionOperatorP1: Determine global dofs ...
18:14 DiffusionOperatorP1: Boundary treatment ...
18:14 DiffusionOperatorP1: Assemble system matrix ...
18:14 L2ProductP1: Integrate the products of the shape functions on each element
18:14 L2ProductP1: Determine global dofs ...
18:14 L2ProductP1: Boundary treatment ...
18:14 L2ProductP1: Assemble system matrix ...
18:14 DiffusionOperatorP1: Calulate gradients of shape functions transformed by reference map ...
18:14 DiffusionOperatorP1: Calculate all local scalar products beween gradients ...
18:14 DiffusionOperatorP1: Determine global dofs ...
18:14 DiffusionOperatorP1: Boundary treatment ...
18:14 DiffusionOperatorP1: Assemble system matrix ...
18:14 gram_schmidt_biorth: Projecting vector V[1] again
18:14 gram_schmidt_biorth: Projecting vector V[2] again
18:14 gram_schmidt_biorth: Projecting vector W[2] again
18:14 gram_schmidt_biorth: Projecting vector V[1] again
18:14 gram_schmidt_biorth: Projecting vector V[2] again
18:14 gram_schmidt_biorth: Projecting vector W[2] again
</system-err></testcase><testcase classname="src.pymortests.algorithms.gram_schmidt" file="src/pymortests/algorithms/gram_schmidt.py" line="68" name="test_gram_schmidt_biorth_with_product[&lt;lambda&gt;15]" time="0.03322911262512207"><system-err>18:14 DiffusionOperatorP1: Calulate gradients of shape functions transformed by reference map ...
18:14 DiffusionOperatorP1: Calculate all local scalar products beween gradients ...
18:14 DiffusionOperatorP1: Determine global dofs ...
18:14 DiffusionOperatorP1: Boundary treatment ...
18:14 DiffusionOperatorP1: Assemble system matrix ...
18:14 DiffusionOperatorP1: Calulate gradients of shape functions transformed by reference map ...
18:14 DiffusionOperatorP1: Calculate all local scalar products beween gradients ...
18:14 DiffusionOperatorP1: Determine global dofs ...
18:14 DiffusionOperatorP1: Boundary treatment ...
18:14 DiffusionOperatorP1: Assemble system matrix ...
18:14 L2ProductP1: Integrate the products of the shape functions on each element
18:14 L2ProductP1: Determine global dofs ...
18:14 L2ProductP1: Boundary treatment ...
18:14 L2ProductP1: Assemble system matrix ...
18:14 DiffusionOperatorP1: Calulate gradients of shape functions transformed by reference map ...
18:14 DiffusionOperatorP1: Calculate all local scalar products beween gradients ...
18:14 DiffusionOperatorP1: Determine global dofs ...
18:14 DiffusionOperatorP1: Boundary treatment ...
18:14 DiffusionOperatorP1: Assemble system matrix ...
18:14 L2ProductP1: Integrate the products of the shape functions on each element
18:14 L2ProductP1: Determine global dofs ...
18:14 L2ProductP1: Boundary treatment ...
18:14 L2ProductP1: Assemble system matrix ...
18:14 DiffusionOperatorP1: Calulate gradients of shape functions transformed by reference map ...
18:14 DiffusionOperatorP1: Calculate all local scalar products beween gradients ...
18:14 DiffusionOperatorP1: Determine global dofs ...
18:14 DiffusionOperatorP1: Boundary treatment ...
18:14 DiffusionOperatorP1: Assemble system matrix ...
18:14 gram_schmidt_biorth: Projecting vector V[1] again
18:14 gram_schmidt_biorth: Projecting vector W[1] again
18:14 gram_schmidt_biorth: Projecting vector V[2] again
18:14 gram_schmidt_biorth: Projecting vector W[2] again
18:14 gram_schmidt_biorth: Projecting vector V[1] again
18:14 gram_schmidt_biorth: Projecting vector W[1] again
18:14 gram_schmidt_biorth: Projecting vector V[2] again
18:14 gram_schmidt_biorth: Projecting vector W[2] again
</system-err></testcase><testcase classname="src.pymortests.algorithms.gram_schmidt" file="src/pymortests/algorithms/gram_schmidt.py" line="68" name="test_gram_schmidt_biorth_with_product[&lt;lambda&gt;16]" time="0.028624296188354492"><system-err>18:14 DiffusionOperatorP1: Calulate gradients of shape functions transformed by reference map ...
18:14 DiffusionOperatorP1: Calculate all local scalar products beween gradients ...
18:14 DiffusionOperatorP1: Determine global dofs ...
18:14 DiffusionOperatorP1: Boundary treatment ...
18:14 DiffusionOperatorP1: Assemble system matrix ...
18:14 DiffusionOperatorP1: Calulate gradients of shape functions transformed by reference map ...
18:14 DiffusionOperatorP1: Calculate all local scalar products beween gradients ...
18:14 DiffusionOperatorP1: Determine global dofs ...
18:14 DiffusionOperatorP1: Boundary treatment ...
18:14 DiffusionOperatorP1: Assemble system matrix ...
18:14 DiffusionOperatorP1: Calulate gradients of shape functions transformed by reference map ...
18:14 DiffusionOperatorP1: Calculate all local scalar products beween gradients ...
18:14 DiffusionOperatorP1: Determine global dofs ...
18:14 DiffusionOperatorP1: Boundary treatment ...
18:14 DiffusionOperatorP1: Assemble system matrix ...
18:14 DiffusionOperatorP1: Calulate gradients of shape functions transformed by reference map ...
18:14 DiffusionOperatorP1: Calculate all local scalar products beween gradients ...
18:14 DiffusionOperatorP1: Determine global dofs ...
18:14 DiffusionOperatorP1: Boundary treatment ...
18:14 DiffusionOperatorP1: Assemble system matrix ...
18:14 DiffusionOperatorP1: Calulate gradients of shape functions transformed by reference map ...
18:14 DiffusionOperatorP1: Calculate all local scalar products beween gradients ...
18:14 DiffusionOperatorP1: Determine global dofs ...
18:14 DiffusionOperatorP1: Boundary treatment ...
18:14 DiffusionOperatorP1: Assemble system matrix ...
18:14 L2ProductP1: Integrate the products of the shape functions on each element
18:14 L2ProductP1: Determine global dofs ...
18:14 L2ProductP1: Boundary treatment ...
18:14 L2ProductP1: Assemble system matrix ...
18:14 DiffusionOperatorP1: Calulate gradients of shape functions transformed by reference map ...
18:14 DiffusionOperatorP1: Calculate all local scalar products beween gradients ...
18:14 DiffusionOperatorP1: Determine global dofs ...
18:14 DiffusionOperatorP1: Boundary treatment ...
18:14 DiffusionOperatorP1: Assemble system matrix ...
18:14 L2ProductP1: Integrate the products of the shape functions on each element
18:14 L2ProductP1: Determine global dofs ...
18:14 L2ProductP1: Boundary treatment ...
18:14 L2ProductP1: Assemble system matrix ...
18:14 DiffusionOperatorP1: Calulate gradients of shape functions transformed by reference map ...
18:14 DiffusionOperatorP1: Calculate all local scalar products beween gradients ...
18:14 DiffusionOperatorP1: Determine global dofs ...
18:14 DiffusionOperatorP1: Boundary treatment ...
18:14 DiffusionOperatorP1: Assemble system matrix ...
</system-err></testcase><testcase classname="src.pymortests.algorithms.gram_schmidt" file="src/pymortests/algorithms/gram_schmidt.py" line="68" name="test_gram_schmidt_biorth_with_product[&lt;lambda&gt;17]" time="0.02477407455444336"><system-err>18:14 DiffusionOperatorP1: Calulate gradients of shape functions transformed by reference map ...
18:14 DiffusionOperatorP1: Calculate all local scalar products beween gradients ...
18:14 DiffusionOperatorP1: Determine global dofs ...
18:14 DiffusionOperatorP1: Boundary treatment ...
18:14 DiffusionOperatorP1: Assemble system matrix ...
18:14 DiffusionOperatorP1: Calulate gradients of shape functions transformed by reference map ...
18:14 DiffusionOperatorP1: Calculate all local scalar products beween gradients ...
18:14 DiffusionOperatorP1: Determine global dofs ...
18:14 DiffusionOperatorP1: Boundary treatment ...
18:14 DiffusionOperatorP1: Assemble system matrix ...
18:14 L2ProductP1: Integrate the products of the shape functions on each element
18:14 L2ProductP1: Determine global dofs ...
18:14 L2ProductP1: Boundary treatment ...
18:14 L2ProductP1: Assemble system matrix ...
18:14 DiffusionOperatorP1: Calulate gradients of shape functions transformed by reference map ...
18:14 DiffusionOperatorP1: Calculate all local scalar products beween gradients ...
18:14 DiffusionOperatorP1: Determine global dofs ...
18:14 DiffusionOperatorP1: Boundary treatment ...
18:14 DiffusionOperatorP1: Assemble system matrix ...
18:14 L2ProductP1: Integrate the products of the shape functions on each element
18:14 L2ProductP1: Determine global dofs ...
18:14 L2ProductP1: Boundary treatment ...
18:14 L2ProductP1: Assemble system matrix ...
18:14 DiffusionOperatorP1: Calulate gradients of shape functions transformed by reference map ...
18:14 DiffusionOperatorP1: Calculate all local scalar products beween gradients ...
18:14 DiffusionOperatorP1: Determine global dofs ...
18:14 DiffusionOperatorP1: Boundary treatment ...
18:14 DiffusionOperatorP1: Assemble system matrix ...
</system-err></testcase><testcase classname="src.pymortests.algorithms.gram_schmidt" file="src/pymortests/algorithms/gram_schmidt.py" line="68" name="test_gram_schmidt_biorth_with_product[&lt;lambda&gt;18]" time="0.03680419921875"><system-err>18:14 DiffusionOperatorP1: Calulate gradients of shape functions transformed by reference map ...
18:14 DiffusionOperatorP1: Calculate all local scalar products beween gradients ...
18:14 DiffusionOperatorP1: Determine global dofs ...
18:14 DiffusionOperatorP1: Boundary treatment ...
18:14 DiffusionOperatorP1: Assemble system matrix ...
18:14 DiffusionOperatorP1: Calulate gradients of shape functions transformed by reference map ...
18:14 DiffusionOperatorP1: Calculate all local scalar products beween gradients ...
18:14 DiffusionOperatorP1: Determine global dofs ...
18:14 DiffusionOperatorP1: Boundary treatment ...
18:14 DiffusionOperatorP1: Assemble system matrix ...
18:14 DiffusionOperatorP1: Calulate gradients of shape functions transformed by reference map ...
18:14 DiffusionOperatorP1: Calculate all local scalar products beween gradients ...
18:14 DiffusionOperatorP1: Determine global dofs ...
18:14 DiffusionOperatorP1: Boundary treatment ...
18:14 DiffusionOperatorP1: Assemble system matrix ...
18:14 DiffusionOperatorP1: Calulate gradients of shape functions transformed by reference map ...
18:14 DiffusionOperatorP1: Calculate all local scalar products beween gradients ...
18:14 DiffusionOperatorP1: Determine global dofs ...
18:14 DiffusionOperatorP1: Boundary treatment ...
18:14 DiffusionOperatorP1: Assemble system matrix ...
18:14 DiffusionOperatorP1: Calulate gradients of shape functions transformed by reference map ...
18:14 DiffusionOperatorP1: Calculate all local scalar products beween gradients ...
18:14 DiffusionOperatorP1: Determine global dofs ...
18:14 DiffusionOperatorP1: Boundary treatment ...
18:14 DiffusionOperatorP1: Assemble system matrix ...
18:14 L2ProductP1: Integrate the products of the shape functions on each element
18:14 L2ProductP1: Determine global dofs ...
18:14 L2ProductP1: Boundary treatment ...
18:14 L2ProductP1: Assemble system matrix ...
18:14 DiffusionOperatorP1: Calulate gradients of shape functions transformed by reference map ...
18:14 DiffusionOperatorP1: Calculate all local scalar products beween gradients ...
18:14 DiffusionOperatorP1: Determine global dofs ...
18:14 DiffusionOperatorP1: Boundary treatment ...
18:14 DiffusionOperatorP1: Assemble system matrix ...
18:14 L2ProductP1: Integrate the products of the shape functions on each element
18:14 L2ProductP1: Determine global dofs ...
18:14 L2ProductP1: Boundary treatment ...
18:14 L2ProductP1: Assemble system matrix ...
18:14 DiffusionOperatorP1: Calulate gradients of shape functions transformed by reference map ...
18:14 DiffusionOperatorP1: Calculate all local scalar products beween gradients ...
18:14 DiffusionOperatorP1: Determine global dofs ...
18:14 DiffusionOperatorP1: Boundary treatment ...
18:14 DiffusionOperatorP1: Assemble system matrix ...
18:14 gram_schmidt_biorth: Projecting vector V[1] again
18:14 gram_schmidt_biorth: Projecting vector V[2] again
18:14 gram_schmidt_biorth: Projecting vector W[2] again
18:14 gram_schmidt_biorth: Projecting vector V[1] again
18:14 gram_schmidt_biorth: Projecting vector V[2] again
18:14 gram_schmidt_biorth: Projecting vector W[2] again
</system-err></testcase><testcase classname="src.pymortests.algorithms.gram_schmidt" file="src/pymortests/algorithms/gram_schmidt.py" line="68" name="test_gram_schmidt_biorth_with_product[&lt;lambda&gt;19]" time="0.03270840644836426"><system-err>18:14 DiffusionOperatorP1: Calulate gradients of shape functions transformed by reference map ...
18:14 DiffusionOperatorP1: Calculate all local scalar products beween gradients ...
18:14 DiffusionOperatorP1: Determine global dofs ...
18:14 DiffusionOperatorP1: Boundary treatment ...
18:14 DiffusionOperatorP1: Assemble system matrix ...
18:14 DiffusionOperatorP1: Calulate gradients of shape functions transformed by reference map ...
18:14 DiffusionOperatorP1: Calculate all local scalar products beween gradients ...
18:14 DiffusionOperatorP1: Determine global dofs ...
18:14 DiffusionOperatorP1: Boundary treatment ...
18:14 DiffusionOperatorP1: Assemble system matrix ...
18:14 L2ProductP1: Integrate the products of the shape functions on each element
18:14 L2ProductP1: Determine global dofs ...
18:14 L2ProductP1: Boundary treatment ...
18:14 L2ProductP1: Assemble system matrix ...
18:14 DiffusionOperatorP1: Calulate gradients of shape functions transformed by reference map ...
18:14 DiffusionOperatorP1: Calculate all local scalar products beween gradients ...
18:14 DiffusionOperatorP1: Determine global dofs ...
18:14 DiffusionOperatorP1: Boundary treatment ...
18:14 DiffusionOperatorP1: Assemble system matrix ...
18:14 L2ProductP1: Integrate the products of the shape functions on each element
18:14 L2ProductP1: Determine global dofs ...
18:14 L2ProductP1: Boundary treatment ...
18:14 L2ProductP1: Assemble system matrix ...
18:14 DiffusionOperatorP1: Calulate gradients of shape functions transformed by reference map ...
18:14 DiffusionOperatorP1: Calculate all local scalar products beween gradients ...
18:14 DiffusionOperatorP1: Determine global dofs ...
18:14 DiffusionOperatorP1: Boundary treatment ...
18:14 DiffusionOperatorP1: Assemble system matrix ...
18:14 gram_schmidt_biorth: Projecting vector V[1] again
18:14 gram_schmidt_biorth: Projecting vector W[1] again
18:14 gram_schmidt_biorth: Projecting vector V[2] again
18:14 gram_schmidt_biorth: Projecting vector W[2] again
18:14 gram_schmidt_biorth: Projecting vector V[1] again
18:14 gram_schmidt_biorth: Projecting vector W[1] again
18:14 gram_schmidt_biorth: Projecting vector V[2] again
18:14 gram_schmidt_biorth: Projecting vector W[2] again
</system-err></testcase><testcase classname="src.pymortests.algorithms.gram_schmidt" file="src/pymortests/algorithms/gram_schmidt.py" line="68" name="test_gram_schmidt_biorth_with_product[&lt;lambda&gt;20]" time="0.03614950180053711"><system-err>18:14 DiffusionOperatorP1: Calulate gradients of shape functions transformed by reference map ...
18:14 DiffusionOperatorP1: Calculate all local scalar products beween gradients ...
18:14 DiffusionOperatorP1: Determine global dofs ...
18:14 DiffusionOperatorP1: Boundary treatment ...
18:14 DiffusionOperatorP1: Assemble system matrix ...
18:14 DiffusionOperatorP1: Calulate gradients of shape functions transformed by reference map ...
18:14 DiffusionOperatorP1: Calculate all local scalar products beween gradients ...
18:14 DiffusionOperatorP1: Determine global dofs ...
18:14 DiffusionOperatorP1: Boundary treatment ...
18:14 DiffusionOperatorP1: Assemble system matrix ...
18:14 DiffusionOperatorP1: Calulate gradients of shape functions transformed by reference map ...
18:14 DiffusionOperatorP1: Calculate all local scalar products beween gradients ...
18:14 DiffusionOperatorP1: Determine global dofs ...
18:14 DiffusionOperatorP1: Boundary treatment ...
18:14 DiffusionOperatorP1: Assemble system matrix ...
18:14 DiffusionOperatorP1: Calulate gradients of shape functions transformed by reference map ...
18:14 DiffusionOperatorP1: Calculate all local scalar products beween gradients ...
18:14 DiffusionOperatorP1: Determine global dofs ...
18:14 DiffusionOperatorP1: Boundary treatment ...
18:14 DiffusionOperatorP1: Assemble system matrix ...
18:14 DiffusionOperatorP1: Calulate gradients of shape functions transformed by reference map ...
18:14 DiffusionOperatorP1: Calculate all local scalar products beween gradients ...
18:14 DiffusionOperatorP1: Determine global dofs ...
18:14 DiffusionOperatorP1: Boundary treatment ...
18:14 DiffusionOperatorP1: Assemble system matrix ...
18:14 L2ProductP1: Integrate the products of the shape functions on each element
18:14 L2ProductP1: Determine global dofs ...
18:14 L2ProductP1: Boundary treatment ...
18:14 L2ProductP1: Assemble system matrix ...
18:14 DiffusionOperatorP1: Calulate gradients of shape functions transformed by reference map ...
18:14 DiffusionOperatorP1: Calculate all local scalar products beween gradients ...
18:14 DiffusionOperatorP1: Determine global dofs ...
18:14 DiffusionOperatorP1: Boundary treatment ...
18:14 DiffusionOperatorP1: Assemble system matrix ...
18:14 L2ProductP1: Integrate the products of the shape functions on each element
18:14 L2ProductP1: Determine global dofs ...
18:14 L2ProductP1: Boundary treatment ...
18:14 L2ProductP1: Assemble system matrix ...
18:14 DiffusionOperatorP1: Calulate gradients of shape functions transformed by reference map ...
18:14 DiffusionOperatorP1: Calculate all local scalar products beween gradients ...
18:14 DiffusionOperatorP1: Determine global dofs ...
18:14 DiffusionOperatorP1: Boundary treatment ...
18:14 DiffusionOperatorP1: Assemble system matrix ...
18:14 gram_schmidt_biorth: Projecting vector V[1] again
18:14 gram_schmidt_biorth: Projecting vector V[2] again
18:14 gram_schmidt_biorth: Projecting vector W[2] again
18:14 gram_schmidt_biorth: Projecting vector V[1] again
18:14 gram_schmidt_biorth: Projecting vector V[2] again
18:14 gram_schmidt_biorth: Projecting vector W[2] again
</system-err></testcase><testcase classname="src.pymortests.algorithms.gram_schmidt" file="src/pymortests/algorithms/gram_schmidt.py" line="68" name="test_gram_schmidt_biorth_with_product[&lt;lambda&gt;21]" time="0.03598308563232422"><system-err>18:14 DiffusionOperatorP1: Calulate gradients of shape functions transformed by reference map ...
18:14 DiffusionOperatorP1: Calculate all local scalar products beween gradients ...
18:14 DiffusionOperatorP1: Determine global dofs ...
18:14 DiffusionOperatorP1: Boundary treatment ...
18:14 DiffusionOperatorP1: Assemble system matrix ...
18:14 DiffusionOperatorP1: Calulate gradients of shape functions transformed by reference map ...
18:14 DiffusionOperatorP1: Calculate all local scalar products beween gradients ...
18:14 DiffusionOperatorP1: Determine global dofs ...
18:14 DiffusionOperatorP1: Boundary treatment ...
18:14 DiffusionOperatorP1: Assemble system matrix ...
18:14 L2ProductP1: Integrate the products of the shape functions on each element
18:14 L2ProductP1: Determine global dofs ...
18:14 L2ProductP1: Boundary treatment ...
18:14 L2ProductP1: Assemble system matrix ...
18:14 DiffusionOperatorP1: Calulate gradients of shape functions transformed by reference map ...
18:14 DiffusionOperatorP1: Calculate all local scalar products beween gradients ...
18:14 DiffusionOperatorP1: Determine global dofs ...
18:14 DiffusionOperatorP1: Boundary treatment ...
18:14 DiffusionOperatorP1: Assemble system matrix ...
18:14 L2ProductP1: Integrate the products of the shape functions on each element
18:14 L2ProductP1: Determine global dofs ...
18:14 L2ProductP1: Boundary treatment ...
18:14 L2ProductP1: Assemble system matrix ...
18:14 DiffusionOperatorP1: Calulate gradients of shape functions transformed by reference map ...
18:14 DiffusionOperatorP1: Calculate all local scalar products beween gradients ...
18:14 DiffusionOperatorP1: Determine global dofs ...
18:14 DiffusionOperatorP1: Boundary treatment ...
18:14 DiffusionOperatorP1: Assemble system matrix ...
18:14 gram_schmidt_biorth: Projecting vector V[1] again
18:14 gram_schmidt_biorth: Projecting vector W[1] again
18:14 gram_schmidt_biorth: Projecting vector V[2] again
18:14 gram_schmidt_biorth: Projecting vector W[2] again
18:14 gram_schmidt_biorth: Projecting vector V[1] again
18:14 gram_schmidt_biorth: Projecting vector W[1] again
18:14 gram_schmidt_biorth: Projecting vector V[2] again
18:14 gram_schmidt_biorth: Projecting vector W[2] again
</system-err></testcase><testcase classname="src.pymortests.algorithms.gram_schmidt" file="src/pymortests/algorithms/gram_schmidt.py" line="68" name="test_gram_schmidt_biorth_with_product[&lt;lambda&gt;22]" time="0.03368687629699707"><system-err>18:14 DiffusionOperatorP1: Calulate gradients of shape functions transformed by reference map ...
18:14 DiffusionOperatorP1: Calculate all local scalar products beween gradients ...
18:14 DiffusionOperatorP1: Determine global dofs ...
18:14 DiffusionOperatorP1: Boundary treatment ...
18:14 DiffusionOperatorP1: Assemble system matrix ...
18:14 DiffusionOperatorP1: Calulate gradients of shape functions transformed by reference map ...
18:14 DiffusionOperatorP1: Calculate all local scalar products beween gradients ...
18:14 DiffusionOperatorP1: Determine global dofs ...
18:14 DiffusionOperatorP1: Boundary treatment ...
18:14 DiffusionOperatorP1: Assemble system matrix ...
18:14 DiffusionOperatorP1: Calulate gradients of shape functions transformed by reference map ...
18:14 DiffusionOperatorP1: Calculate all local scalar products beween gradients ...
18:14 DiffusionOperatorP1: Determine global dofs ...
18:14 DiffusionOperatorP1: Boundary treatment ...
18:14 DiffusionOperatorP1: Assemble system matrix ...
18:14 DiffusionOperatorP1: Calulate gradients of shape functions transformed by reference map ...
18:14 DiffusionOperatorP1: Calculate all local scalar products beween gradients ...
18:14 DiffusionOperatorP1: Determine global dofs ...
18:14 DiffusionOperatorP1: Boundary treatment ...
18:14 DiffusionOperatorP1: Assemble system matrix ...
18:14 DiffusionOperatorP1: Calulate gradients of shape functions transformed by reference map ...
18:14 DiffusionOperatorP1: Calculate all local scalar products beween gradients ...
18:14 DiffusionOperatorP1: Determine global dofs ...
18:14 DiffusionOperatorP1: Boundary treatment ...
18:14 DiffusionOperatorP1: Assemble system matrix ...
18:14 L2ProductP1: Integrate the products of the shape functions on each element
18:14 L2ProductP1: Determine global dofs ...
18:14 L2ProductP1: Boundary treatment ...
18:14 L2ProductP1: Assemble system matrix ...
18:14 DiffusionOperatorP1: Calulate gradients of shape functions transformed by reference map ...
18:14 DiffusionOperatorP1: Calculate all local scalar products beween gradients ...
18:14 DiffusionOperatorP1: Determine global dofs ...
18:14 DiffusionOperatorP1: Boundary treatment ...
18:14 DiffusionOperatorP1: Assemble system matrix ...
18:14 L2ProductP1: Integrate the products of the shape functions on each element
18:14 L2ProductP1: Determine global dofs ...
18:14 L2ProductP1: Boundary treatment ...
18:14 L2ProductP1: Assemble system matrix ...
18:14 DiffusionOperatorP1: Calulate gradients of shape functions transformed by reference map ...
18:14 DiffusionOperatorP1: Calculate all local scalar products beween gradients ...
18:14 DiffusionOperatorP1: Determine global dofs ...
18:14 DiffusionOperatorP1: Boundary treatment ...
18:14 DiffusionOperatorP1: Assemble system matrix ...
</system-err></testcase><testcase classname="src.pymortests.algorithms.gram_schmidt" file="src/pymortests/algorithms/gram_schmidt.py" line="68" name="test_gram_schmidt_biorth_with_product[&lt;lambda&gt;23]" time="0.028890371322631836"><system-err>18:14 DiffusionOperatorP1: Calulate gradients of shape functions transformed by reference map ...
18:14 DiffusionOperatorP1: Calculate all local scalar products beween gradients ...
18:14 DiffusionOperatorP1: Determine global dofs ...
18:14 DiffusionOperatorP1: Boundary treatment ...
18:14 DiffusionOperatorP1: Assemble system matrix ...
18:14 DiffusionOperatorP1: Calulate gradients of shape functions transformed by reference map ...
18:14 DiffusionOperatorP1: Calculate all local scalar products beween gradients ...
18:14 DiffusionOperatorP1: Determine global dofs ...
18:14 DiffusionOperatorP1: Boundary treatment ...
18:14 DiffusionOperatorP1: Assemble system matrix ...
18:14 L2ProductP1: Integrate the products of the shape functions on each element
18:14 L2ProductP1: Determine global dofs ...
18:14 L2ProductP1: Boundary treatment ...
18:14 L2ProductP1: Assemble system matrix ...
18:14 DiffusionOperatorP1: Calulate gradients of shape functions transformed by reference map ...
18:14 DiffusionOperatorP1: Calculate all local scalar products beween gradients ...
18:14 DiffusionOperatorP1: Determine global dofs ...
18:14 DiffusionOperatorP1: Boundary treatment ...
18:14 DiffusionOperatorP1: Assemble system matrix ...
18:14 L2ProductP1: Integrate the products of the shape functions on each element
18:14 L2ProductP1: Determine global dofs ...
18:14 L2ProductP1: Boundary treatment ...
18:14 L2ProductP1: Assemble system matrix ...
18:14 DiffusionOperatorP1: Calulate gradients of shape functions transformed by reference map ...
18:14 DiffusionOperatorP1: Calculate all local scalar products beween gradients ...
18:14 DiffusionOperatorP1: Determine global dofs ...
18:14 DiffusionOperatorP1: Boundary treatment ...
18:14 DiffusionOperatorP1: Assemble system matrix ...
18:14 gram_schmidt_biorth: Projecting vector V[1] again
18:14 gram_schmidt_biorth: Projecting vector W[1] again
18:14 gram_schmidt_biorth: Projecting vector V[1] again
18:14 gram_schmidt_biorth: Projecting vector W[1] again
</system-err></testcase><testcase classname="src.pymortests.algorithms.gram_schmidt" file="src/pymortests/algorithms/gram_schmidt.py" line="68" name="test_gram_schmidt_biorth_with_product[&lt;lambda&gt;24]" time="0.009204626083374023"><system-err>18:14 gram_schmidt_biorth: Projecting vector V[1] again
18:14 gram_schmidt_biorth: Projecting vector W[1] again
18:14 gram_schmidt_biorth: Projecting vector V[1] again
18:14 gram_schmidt_biorth: Projecting vector W[1] again
</system-err></testcase><testcase classname="src.pymortests.algorithms.gram_schmidt" file="src/pymortests/algorithms/gram_schmidt.py" line="68" name="test_gram_schmidt_biorth_with_product[&lt;lambda&gt;25]" time="0.008908271789550781"><system-err>18:14 gram_schmidt_biorth: Projecting vector V[1] again
18:14 gram_schmidt_biorth: Projecting vector W[1] again
18:14 gram_schmidt_biorth: Projecting vector V[1] again
18:14 gram_schmidt_biorth: Projecting vector W[1] again
</system-err></testcase><testcase classname="src.pymortests.algorithms.gram_schmidt" file="src/pymortests/algorithms/gram_schmidt.py" line="68" name="test_gram_schmidt_biorth_with_product[&lt;lambda&gt;26]" time="0.009441375732421875"><system-err>18:14 gram_schmidt_biorth: Projecting vector V[1] again
18:14 gram_schmidt_biorth: Projecting vector W[1] again
18:14 gram_schmidt_biorth: Projecting vector V[1] again
18:14 gram_schmidt_biorth: Projecting vector W[1] again
</system-err></testcase><testcase classname="src.pymortests.algorithms.gram_schmidt" file="src/pymortests/algorithms/gram_schmidt.py" line="68" name="test_gram_schmidt_biorth_with_product[&lt;lambda&gt;27]" time="0.006193876266479492"></testcase><testcase classname="src.pymortests.algorithms.gram_schmidt" file="src/pymortests/algorithms/gram_schmidt.py" line="68" name="test_gram_schmidt_biorth_with_product[&lt;lambda&gt;28]" time="0.0051021575927734375"></testcase><testcase classname="src.pymortests.algorithms.gram_schmidt" file="src/pymortests/algorithms/gram_schmidt.py" line="68" name="test_gram_schmidt_biorth_with_product[&lt;lambda&gt;29]" time="0.00418853759765625"></testcase><testcase classname="src.pymortests.algorithms.gram_schmidt" file="src/pymortests/algorithms/gram_schmidt.py" line="68" name="test_gram_schmidt_biorth_with_product[&lt;lambda&gt;30]" time="0.004160404205322266"></testcase><testcase classname="src.pymortests.algorithms.gram_schmidt" file="src/pymortests/algorithms/gram_schmidt.py" line="68" name="test_gram_schmidt_biorth_with_product[&lt;lambda&gt;31]" time="0.004266262054443359"></testcase><testcase classname="src.pymortests.algorithms.gram_schmidt" file="src/pymortests/algorithms/gram_schmidt.py" line="68" name="test_gram_schmidt_biorth_with_product[&lt;lambda&gt;32]" time="0.016662120819091797"></testcase><testcase classname="src.pymortests.algorithms.gram_schmidt" file="src/pymortests/algorithms/gram_schmidt.py" line="68" name="test_gram_schmidt_biorth_with_product[&lt;lambda&gt;33]" time="0.014914751052856445"></testcase><testcase classname="src.pymortests.algorithms.gram_schmidt" file="src/pymortests/algorithms/gram_schmidt.py" line="68" name="test_gram_schmidt_biorth_with_product[&lt;lambda&gt;34]" time="0.009428977966308594"><system-err>18:15 gram_schmidt_biorth: Projecting vector V[1] again
18:15 gram_schmidt_biorth: Projecting vector W[1] again
18:15 gram_schmidt_biorth: Projecting vector V[1] again
18:15 gram_schmidt_biorth: Projecting vector W[1] again
</system-err></testcase><testcase classname="src.pymortests.algorithms.gram_schmidt" file="src/pymortests/algorithms/gram_schmidt.py" line="68" name="test_gram_schmidt_biorth_with_product[&lt;lambda&gt;35]" time="0.013483047485351562"></testcase><testcase classname="src.pymortests.algorithms.gram_schmidt" file="src/pymortests/algorithms/gram_schmidt.py" line="68" name="test_gram_schmidt_biorth_with_product[&lt;lambda&gt;36]" time="0.009537458419799805"><system-err>18:15 gram_schmidt_biorth: Projecting vector V[1] again
18:15 gram_schmidt_biorth: Projecting vector W[1] again
18:15 gram_schmidt_biorth: Projecting vector V[1] again
18:15 gram_schmidt_biorth: Projecting vector W[1] again
</system-err></testcase><testcase classname="src.pymortests.algorithms.stuff" file="src/pymortests/algorithms/stuff.py" line="20" name="test_newton[1]" time="0.0032045841217041016"><system-err>18:15 newton:       Initial Residual: 1.000000e+00
18:15 newton: Iteration  1: Residual: 0.000000e+00,  Reduction: 0.000000e+00, Total Reduction: 0.000000e+00
18:15 newton: Absolute limit of 1e-15 reached. Stopping.
</system-err></testcase><testcase classname="src.pymortests.algorithms.stuff" file="src/pymortests/algorithms/stuff.py" line="20" name="test_newton[2]" time="0.0023572444915771484"><system-err>18:15 newton:       Initial Residual: 1.000000e+00
18:15 newton: Iteration  1: Residual: 0.000000e+00,  Reduction: 0.000000e+00, Total Reduction: 0.000000e+00
18:15 newton: Absolute limit of 1e-15 reached. Stopping.
</system-err></testcase><testcase classname="src.pymortests.algorithms.stuff" file="src/pymortests/algorithms/stuff.py" line="20" name="test_newton[3]" time="0.0021359920501708984"><system-err>18:15 newton:       Initial Residual: 1.000000e+00
18:15 newton: Iteration  1: Residual: 0.000000e+00,  Reduction: 0.000000e+00, Total Reduction: 0.000000e+00
18:15 newton: Absolute limit of 1e-15 reached. Stopping.
</system-err></testcase><testcase classname="src.pymortests.algorithms.stuff" file="src/pymortests/algorithms/stuff.py" line="20" name="test_newton[4]" time="0.002135753631591797"><system-err>18:15 newton:       Initial Residual: 1.000000e+00
18:15 newton: Iteration  1: Residual: 0.000000e+00,  Reduction: 0.000000e+00, Total Reduction: 0.000000e+00
18:15 newton: Absolute limit of 1e-15 reached. Stopping.
</system-err></testcase><testcase classname="src.pymortests.algorithms.stuff" file="src/pymortests/algorithms/stuff.py" line="20" name="test_newton[5]" time="0.0021131038665771484"><system-err>18:15 newton:       Initial Residual: 1.000000e+00
18:15 newton: Iteration  1: Residual: 0.000000e+00,  Reduction: 0.000000e+00, Total Reduction: 0.000000e+00
18:15 newton: Absolute limit of 1e-15 reached. Stopping.
</system-err></testcase><testcase classname="src.pymortests.algorithms.stuff" file="src/pymortests/algorithms/stuff.py" line="20" name="test_newton[6]" time="0.002834320068359375"><system-err>18:15 newton:       Initial Residual: 1.000000e+00
18:15 newton: Iteration  1: Residual: 0.000000e+00,  Reduction: 0.000000e+00, Total Reduction: 0.000000e+00
18:15 newton: Absolute limit of 1e-15 reached. Stopping.
</system-err></testcase><testcase classname="src.pymortests.algorithms.stuff" file="src/pymortests/algorithms/stuff.py" line="20" name="test_newton[7]" time="0.002118349075317383"><system-err>18:15 newton:       Initial Residual: 1.000000e+00
18:15 newton: Iteration  1: Residual: 0.000000e+00,  Reduction: 0.000000e+00, Total Reduction: 0.000000e+00
18:15 newton: Absolute limit of 1e-15 reached. Stopping.
</system-err></testcase><testcase classname="src.pymortests.algorithms.stuff" file="src/pymortests/algorithms/stuff.py" line="26" name="test_newton_fail" time="0.005010366439819336"><system-err>18:15 newton:       Initial Residual: 1.000000e+00
18:15 newton: Iteration  1: Residual: 1.000000e+00,  Reduction: 1.000000e+00, Total Reduction: 1.000000e+00
18:15 newton: Iteration  2: Residual: 1.000000e+00,  Reduction: 1.000000e+00, Total Reduction: 1.000000e+00
18:15 newton: Iteration  3: Residual: 1.000000e+00,  Reduction: 1.000000e+00, Total Reduction: 1.000000e+00
18:15 newton: Iteration  4: Residual: 1.000000e+00,  Reduction: 1.000000e+00, Total Reduction: 1.000000e+00
18:15 newton: Iteration  5: Residual: 1.000000e+00,  Reduction: 1.000000e+00, Total Reduction: 1.000000e+00
18:15 newton: Iteration  6: Residual: 1.000000e+00,  Reduction: 1.000000e+00, Total Reduction: 1.000000e+00
18:15 newton: Iteration  7: Residual: 1.000000e+00,  Reduction: 1.000000e+00, Total Reduction: 1.000000e+00
18:15 newton: Iteration  8: Residual: 1.000000e+00,  Reduction: 1.000000e+00, Total Reduction: 1.000000e+00
18:15 newton: Iteration  9: Residual: 1.000000e+00,  Reduction: 1.000000e+00, Total Reduction: 1.000000e+00
18:15 newton: Iteration 10: Residual: 1.000000e+00,  Reduction: 1.000000e+00, Total Reduction: 1.000000e+00
</system-err></testcase><testcase classname="src.pymortests.core.config" file="src/pymortests/core/config.py" line="8" name="test_repr" time="0.014770030975341797"></testcase><testcase classname="src.pymortests.core.config" file="src/pymortests/core/config.py" line="12" name="test_entries" time="0.0011372566223144531"></testcase><testcase classname="src.pymortests.core.config" file="src/pymortests/core/config.py" line="19" name="test_dir" time="0.0011456012725830078"></testcase><testcase classname="src.pymortests.core.defaults" file="src/pymortests/core/defaults.py" line="14" name="test_defaults" time="0.001165628433227539"></testcase><testcase classname="src.pymortests.core.defaults" file="src/pymortests/core/defaults.py" line="30" name="test_print_defaults" time="0.049309492111206055"><system-out>                                                       defaults affecting state id calcuation                                                       
                                                       ======================================                                                       

path (shortened)                                                       value                                                                  source
---------------------------------------------------------------------  ---------------------------------------------------------------------  ------
basic.almost_equal.atol                                                1e-14                                                                  code  
basic.almost_equal.rtol                                                1e-14                                                                  code  
genericsolvers.apply_inverse.check_finite                              True                                                                   code  
genericsolvers.apply_inverse.default_least_squares_solver              &apos;generic_least_squares_lsmr&apos;                                           code  
genericsolvers.apply_inverse.default_solver                            &apos;generic_lgmres&apos;                                                       code  
genericsolvers.solver_options.least_squares_lsmr_atol                  1e-06                                                                  code  
genericsolvers.solver_options.least_squares_lsmr_btol                  1e-06                                                                  code  
genericsolvers.solver_options.least_squares_lsmr_conlim                100000000.0                                                            code  
genericsolvers.solver_options.least_squares_lsmr_damp                  0.0                                                                    code  
genericsolvers.solver_options.least_squares_lsmr_maxiter               None                                                                   code  
genericsolvers.solver_options.least_squares_lsqr_atol                  1e-06                                                                  code  
genericsolvers.solver_options.least_squares_lsqr_btol                  1e-06                                                                  code  
genericsolvers.solver_options.least_squares_lsqr_conlim                100000000.0                                                            code  
genericsolvers.solver_options.least_squares_lsqr_iter_lim              None                                                                   code  
genericsolvers.solver_options.lgmres_inner_m                           39                                                                     code  
genericsolvers.solver_options.lgmres_maxiter                           1000                                                                   code  
genericsolvers.solver_options.lgmres_outer_k                           3                                                                      code  
genericsolvers.solver_options.lgmres_tol                               1e-05                                                                  code  
gram_schmidt.gram_schmidt.atol                                         1e-13                                                                  code  
gram_schmidt.gram_schmidt.check                                        True                                                                   code  
gram_schmidt.gram_schmidt.check_tol                                    0.001                                                                  code  
gram_schmidt.gram_schmidt.reiterate                                    True                                                                   code  
gram_schmidt.gram_schmidt.reiteration_threshold                        0.1                                                                    code  
gram_schmidt.gram_schmidt.rtol                                         1e-13                                                                  code  
newton.newton.atol                                                     -1.0                                                                   code  
newton.newton.maxiter                                                  100                                                                    code  
newton.newton.miniter                                                  0                                                                      code  
newton.newton.rtol                                                     -1.0                                                                   code  
newton.newton.stagnation_threshold                                     0.9                                                                    code  
newton.newton.stagnation_window                                        3                                                                      code  
pod.pod.atol                                                           0.0                                                                    code  
pod.pod.check                                                          True                                                                   code  
pod.pod.check_tol                                                      1e-10                                                                  code  
pod.pod.l2_err                                                         0.0                                                                    code  
pod.pod.orthonormalize                                                 True                                                                   code  
pod.pod.rtol                                                           4e-08                                                                  code  
pod.pod.symmetrize                                                     False                                                                  code  
text.text_problem.font_name                                            None                                                                   code  
fenics._solver_options.preconditioner                                  &apos;amg&apos;                                                                  code  
fenics._solver_options.solver                                          &apos;bicgstab&apos;                                                             code  
ngsolve.NGSolveMatrixOperator.apply_inverse.default_solver             &apos;&apos;                                                                     code  
pyamg.apply_inverse.check_finite                                       True                                                                   code  
pyamg.apply_inverse.default_solver                                     &apos;pyamg_solve&apos;                                                          code  
pyamg.solver_options.maxiter                                           400                                                                    code  
pyamg.solver_options.rs_CF                                             &apos;RS&apos;                                                                   code  
pyamg.solver_options.rs_accel                                          None                                                                   code  
pyamg.solver_options.rs_coarse_solver                                  &apos;pinv2&apos;                                                                code  
pyamg.solver_options.rs_cycle                                          &apos;V&apos;                                                                    code  
pyamg.solver_options.rs_max_coarse                                     500                                                                    code  
pyamg.solver_options.rs_max_levels                                     10                                                                     code  
pyamg.solver_options.rs_maxiter                                        100                                                                    code  
pyamg.solver_options.rs_postsmoother                                   (&apos;gauss_seidel&apos;, {&apos;sweep&apos;: &apos;symmetric&apos;})                               code  
pyamg.solver_options.rs_strength                                       (&apos;classical&apos;, {&apos;theta&apos;: 0.25})                                         code  
pyamg.solver_options.rs_tol                                            1e-05                                                                  code  
pyamg.solver_options.sa_accel                                          None                                                                   code  
pyamg.solver_options.sa_aggregate                                      &apos;standard&apos;                                                             code  
pyamg.solver_options.sa_coarse_solver                                  &apos;pinv2&apos;                                                                code  
pyamg.solver_options.sa_cycle                                          &apos;V&apos;                                                                    code  
pyamg.solver_options.sa_diagonal_dominance                             False                                                                  code  
pyamg.solver_options.sa_improve_candidates                             ((&apos;block_gauss_seidel&apos;, {&apos;sweep&apos;: &apos;symmetric&apos;, &apos;iterations&apos;: 4}),      code  
                                                                       None)                                                                        
pyamg.solver_options.sa_max_coarse                                     500                                                                    code  
pyamg.solver_options.sa_max_levels                                     10                                                                     code  
pyamg.solver_options.sa_maxiter                                        100                                                                    code  
pyamg.solver_options.sa_postsmoother                                   (&apos;block_gauss_seidel&apos;, {&apos;sweep&apos;: &apos;symmetric&apos;})                         code  
pyamg.solver_options.sa_presmoother                                    (&apos;block_gauss_seidel&apos;, {&apos;sweep&apos;: &apos;symmetric&apos;})                         code  
pyamg.solver_options.sa_smooth                                         (&apos;jacobi&apos;, {&apos;omega&apos;: 1.3333333333333333})                              code  
pyamg.solver_options.sa_strength                                       &apos;symmetric&apos;                                                            code  
pyamg.solver_options.sa_symmetry                                       &apos;hermitian&apos;                                                            code  
pyamg.solver_options.sa_tol                                            1e-05                                                                  code  
pyamg.solver_options.tol                                               1e-05                                                                  code  
pymess.solve_lyap.default_solver                                       &apos;pymess&apos;                                                               code  
pymess.solve_ricc.default_solver                                       &apos;pymess&apos;                                                               code  
scipy.apply_inverse.check_finite                                       True                                                                   code  
scipy.apply_inverse.default_least_squares_solver                       &apos;scipy_least_squares_lsmr&apos;                                             code  
scipy.apply_inverse.default_solver                                     &apos;scipy_spsolve&apos;                                                        code  
scipy.solver_options.bicgstab_maxiter                                  None                                                                   code  
scipy.solver_options.bicgstab_tol                                      1e-15                                                                  code  
scipy.solver_options.least_squares_lsmr_atol                           1e-06                                                                  code  
scipy.solver_options.least_squares_lsmr_btol                           1e-06                                                                  code  
scipy.solver_options.least_squares_lsmr_conlim                         100000000.0                                                            code  
scipy.solver_options.least_squares_lsmr_damp                           0.0                                                                    code  
scipy.solver_options.least_squares_lsmr_maxiter                        None                                                                   code  
scipy.solver_options.least_squares_lsqr_atol                           1e-06                                                                  code  
scipy.solver_options.least_squares_lsqr_btol                           1e-06                                                                  code  
scipy.solver_options.least_squares_lsqr_conlim                         100000000.0                                                            code  
scipy.solver_options.least_squares_lsqr_iter_lim                       None                                                                   code  
scipy.solver_options.lgmres_inner_m                                    39                                                                     code  
scipy.solver_options.lgmres_maxiter                                    1000                                                                   code  
scipy.solver_options.lgmres_outer_k                                    3                                                                      code  
scipy.solver_options.lgmres_tol                                        1e-05                                                                  code  
scipy.solver_options.spilu_drop_rule                                   None                                                                   code  
scipy.solver_options.spilu_drop_tol                                    0.0001                                                                 code  
scipy.solver_options.spilu_fill_factor                                 10                                                                     code  
scipy.solver_options.spilu_permc_spec                                  &apos;COLAMD&apos;                                                               code  
scipy.solver_options.spsolve_keep_factorization                        True                                                                   code  
scipy.solver_options.spsolve_permc_spec                                &apos;COLAMD&apos;                                                               code  
iosys.LTISystem._lyap_solver.default_solver_backend                    &apos;pymess&apos;                                                               code  
constructions.induced_norm.raise_negative                              True                                                                   code  
constructions.induced_norm.tol                                         1e-10                                                                  code  
fv.jacobian_options.delta                                              1e-07                                                                  code  
numpy.NumpyMatrixOperator.apply_inverse.check_finite                   True                                                                   code  
numpy.NumpyMatrixOperator.apply_inverse.default_sparse_solver_backend  &apos;scipy&apos;                                                                code  
default.new_parallel_pool.allow_mpi                                    True                                                                   code  
default.new_parallel_pool.ipython_num_engines                          None                                                                   code  
default.new_parallel_pool.ipython_profile                              None                                                                   code  
bt.BRBTReductor._ricc_solver.default_solver_backend                    &apos;slycot&apos;                                                               code  
bt.LQGBTReductor._ricc_solver.default_solver_backend                   &apos;pymess&apos;                                                               code  
floatcmp.float_cmp.atol                                                1e-14                                                                  code  
floatcmp.float_cmp.rtol                                                1e-14                                                                  code  
mpi.event_loop_settings.auto_launch                                    True                                                                   code  
random.new_random_state.seed                                           42                                                                     code  
defaults.func.c                                                        43                                                                     user  
defaults.func.d                                                        3                                                                      code  



                  defaults not affecting state id calculation                   
                  ===========================================                   

path (shortened)                     value                                source
-----------------------------------  -----------------------------------  ------
genericsolvers.solver_options.least  False                                code  
_squares_lsmr_show                                                              
genericsolvers.solver_options.least  False                                code  
_squares_lsqr_show                                                              
pyamg.solver_options.verb            False                                code  
scipy.solver_options.least_squares_  False                                code  
lsmr_show                                                                       
scipy.solver_options.least_squares_  False                                code  
lsqr_show                                                                       
cache.default_regions.disk_max_size  1073741824                           code  
cache.default_regions.disk_path      &apos;/tmp/pymor.cache.pymor&apos;             code  
cache.default_regions.memory_max_ke  1000                                 code  
ys                                                                              
cache.default_regions.persistent_ma  1073741824                           code  
x_size                                                                          
cache.default_regions.persistent_pa  &apos;/tmp/pymor.persistent.cache.pymor&apos;  code  
th                                                                              
logger.getLogger.filename            &apos;&apos;                                   code  
logger.set_log_format.block_timings  False                                code  
logger.set_log_format.indent_blocks  True                                 code  
logger.set_log_format.max_hierarchy  1                                    code  
_level                                                                          
logger.set_log_levels.levels         None                                 code  
gl.colormap_texture.name             &apos;viridis&apos;                            code  
qt.visualize_patch.backend           &apos;gl&apos;                                 code  
pprint.format_array.compact_print    False                                code  

</system-out></testcase><testcase classname="src.pymortests.core.defaults" file="src/pymortests/core/defaults.py" line="34" name="test_write_defaults_to_file" time="0.012883186340332031"><system-out>Written defaults to file /tmp/tmp5f8cptap/defaults.py
</system-out></testcase><testcase classname="src.pymortests.core.defaults" file="src/pymortests/core/defaults.py" line="39" name="test_load_defaults_from_file" time="0.013499259948730469"><system-out>Written defaults to file /tmp/tmpfm12qog6/defaults.py
</system-out></testcase><testcase classname="src.pymortests.core.interface.Test_Interface" file="src/pymortests/core/interface.py" line="18" name="testImplementorlist" time="0.0012531280517578125"></testcase><testcase classname="src.pymortests.core.interface.Test_Interface" file="src/pymortests/core/interface.py" line="24" name="testAbstractMethods" time="0.002665281295776367"></testcase><testcase classname="src.pymortests.core.interface.Test_Interface" file="src/pymortests/core/interface.py" line="56" name="testVersion" time="0.0007970333099365234"></testcase><testcase classname="src.pymortests.core.interface" file="src/pymortests/core/interface.py" line="78" name="test_withcopy_implementors" time="0.008827447891235352"></testcase><testcase classname="src.pymortests.core.logger" file="src/pymortests/core/logger.py" line="20" name="test_logclass[RuleTable]" time="0.0022623538970947266"><system-err>18:15 |WARNING|RuleTable: warning -- logger &lt;Logger pymor.algorithms.rules.RuleTable (INFO)&gt;
18:15 |ERROR|RuleTable: error -- logger &lt;Logger pymor.algorithms.rules.RuleTable (INFO)&gt;
18:15 RuleTable: info -- logger &lt;Logger pymor.algorithms.rules.RuleTable (INFO)&gt;
</system-err></testcase><testcase classname="src.pymortests.core.logger" file="src/pymortests/core/logger.py" line="20" name="test_logclass[PatchVisualizer]" time="0.0023512840270996094"><system-err>18:15 |WARNING|PatchVisualizer: warning -- logger &lt;Logger pymor.gui.visualizers.PatchVisualizer (INFO)&gt;
18:15 |ERROR|PatchVisualizer: error -- logger &lt;Logger pymor.gui.visualizers.PatchVisualizer (INFO)&gt;
18:15 PatchVisualizer: info -- logger &lt;Logger pymor.gui.visualizers.PatchVisualizer (INFO)&gt;
</system-err></testcase><testcase classname="src.pymortests.core.logger" file="src/pymortests/core/logger.py" line="20" name="test_logclass[OnedVisualizer]" time="0.002071857452392578"><system-err>18:15 |WARNING|OnedVisualizer: warning -- logger &lt;Logger pymor.gui.visualizers.OnedVisualizer (INFO)&gt;
18:15 |ERROR|OnedVisualizer: error -- logger &lt;Logger pymor.gui.visualizers.OnedVisualizer (INFO)&gt;
18:15 OnedVisualizer: info -- logger &lt;Logger pymor.gui.visualizers.OnedVisualizer (INFO)&gt;
</system-err></testcase><testcase classname="src.pymortests.core.logger" file="src/pymortests/core/logger.py" line="20" name="test_logclass[FenicsVisualizer]" time="0.002218008041381836"><system-err>18:15 |WARNING|FenicsVisualizer: warning -- logger &lt;Logger pymor.bindings.fenics.FenicsVisualizer (INFO)&gt;
18:15 |ERROR|FenicsVisualizer: error -- logger &lt;Logger pymor.bindings.fenics.FenicsVisualizer (INFO)&gt;
18:15 FenicsVisualizer: info -- logger &lt;Logger pymor.bindings.fenics.FenicsVisualizer (INFO)&gt;
</system-err></testcase><testcase classname="src.pymortests.core.logger" file="src/pymortests/core/logger.py" line="20" name="test_logclass[BoringTestClass]" time="0.0019910335540771484"><system-err>18:15 |WARNING|BoringTestClass: warning -- logger &lt;Logger pymortests.core.dummies.BoringTestClass (INFO)&gt;
18:15 |ERROR|BoringTestClass: error -- logger &lt;Logger pymortests.core.dummies.BoringTestClass (INFO)&gt;
18:15 BoringTestClass: info -- logger &lt;Logger pymortests.core.dummies.BoringTestClass (INFO)&gt;
</system-err></testcase><testcase classname="src.pymortests.core.logger" file="src/pymortests/core/logger.py" line="20" name="test_logclass[RemoteObjectManager]" time="0.0020842552185058594"><system-err>18:15 |WARNING|RemoteObjectManager: warning -- logger &lt;Logger pymor.parallel.manager.RemoteObjectManager (INFO)&gt;
18:15 |ERROR|RemoteObjectManager: error -- logger &lt;Logger pymor.parallel.manager.RemoteObjectManager (INFO)&gt;
18:15 RemoteObjectManager: info -- logger &lt;Logger pymor.parallel.manager.RemoteObjectManager (INFO)&gt;
</system-err></testcase><testcase classname="src.pymortests.core.logger" file="src/pymortests/core/logger.py" line="20" name="test_logclass[AdaptiveSampleSet]" time="0.002004384994506836"><system-err>18:15 |WARNING|AdaptiveSampleSet: warning -- logger &lt;Logger pymor.algorithms.adaptivegreedy.AdaptiveSampleSet (INFO)&gt;
18:15 |ERROR|AdaptiveSampleSet: error -- logger &lt;Logger pymor.algorithms.adaptivegreedy.AdaptiveSampleSet (INFO)&gt;
18:15 AdaptiveSampleSet: info -- logger &lt;Logger pymor.algorithms.adaptivegreedy.AdaptiveSampleSet (INFO)&gt;
</system-err></testcase><testcase classname="src.pymortests.core.logger" file="src/pymortests/core/logger.py" line="20" name="test_logclass[GenericRBReductor]" time="0.0018906593322753906"><system-err>18:15 |WARNING|GenericRBReductor: warning -- logger &lt;Logger pymor.reductors.basic.GenericRBReductor (INFO)&gt;
18:15 |ERROR|GenericRBReductor: error -- logger &lt;Logger pymor.reductors.basic.GenericRBReductor (INFO)&gt;
18:15 GenericRBReductor: info -- logger &lt;Logger pymor.reductors.basic.GenericRBReductor (INFO)&gt;
</system-err></testcase><testcase classname="src.pymortests.core.logger" file="src/pymortests/core/logger.py" line="20" name="test_logclass[GenericPGReductor]" time="0.0022563934326171875"><system-err>18:15 |WARNING|GenericPGReductor: warning -- logger &lt;Logger pymor.reductors.basic.GenericPGReductor (INFO)&gt;
18:15 |ERROR|GenericPGReductor: error -- logger &lt;Logger pymor.reductors.basic.GenericPGReductor (INFO)&gt;
18:15 GenericPGReductor: info -- logger &lt;Logger pymor.reductors.basic.GenericPGReductor (INFO)&gt;
</system-err></testcase><testcase classname="src.pymortests.core.logger" file="src/pymortests/core/logger.py" line="20" name="test_logclass[ResidualReductor]" time="0.0022776126861572266"><system-err>18:15 |WARNING|ResidualReductor: warning -- logger &lt;Logger pymor.reductors.residual.ResidualReductor (INFO)&gt;
18:15 |ERROR|ResidualReductor: error -- logger &lt;Logger pymor.reductors.residual.ResidualReductor (INFO)&gt;
18:15 ResidualReductor: info -- logger &lt;Logger pymor.reductors.residual.ResidualReductor (INFO)&gt;
</system-err></testcase><testcase classname="src.pymortests.core.logger" file="src/pymortests/core/logger.py" line="20" name="test_logclass[ImplicitEulerResidualReductor]" time="0.0017933845520019531"><system-err>18:15 |WARNING|ImplicitEulerResidualReductor: warning -- logger &lt;Logger pymor.reductors.residual.ImplicitEulerResidualReductor (INFO)&gt;
18:15 |ERROR|ImplicitEulerResidualReductor: error -- logger &lt;Logger pymor.reductors.residual.ImplicitEulerResidualReductor (INFO)&gt;
18:15 ImplicitEulerResidualReductor: info -- logger &lt;Logger pymor.reductors.residual.ImplicitEulerResidualReductor (INFO)&gt;
</system-err></testcase><testcase classname="src.pymortests.core.logger" file="src/pymortests/core/logger.py" line="20" name="test_logclass[TFInterpReductor]" time="0.001817941665649414"><system-err>18:15 |WARNING|TFInterpReductor: warning -- logger &lt;Logger pymor.reductors.interpolation.TFInterpReductor (INFO)&gt;
18:15 |ERROR|TFInterpReductor: error -- logger &lt;Logger pymor.reductors.interpolation.TFInterpReductor (INFO)&gt;
18:15 TFInterpReductor: info -- logger &lt;Logger pymor.reductors.interpolation.TFInterpReductor (INFO)&gt;
</system-err></testcase><testcase classname="src.pymortests.core.logger" file="src/pymortests/core/logger.py" line="20" name="test_logclass[TF_IRKAReductor]" time="0.001909017562866211"><system-err>18:15 |WARNING|TF_IRKAReductor: warning -- logger &lt;Logger pymor.reductors.h2.TF_IRKAReductor (INFO)&gt;
18:15 |ERROR|TF_IRKAReductor: error -- logger &lt;Logger pymor.reductors.h2.TF_IRKAReductor (INFO)&gt;
18:15 TF_IRKAReductor: info -- logger &lt;Logger pymor.reductors.h2.TF_IRKAReductor (INFO)&gt;
</system-err></testcase><testcase classname="src.pymortests.core.logger" file="src/pymortests/core/logger.py" line="20" name="test_logclass[SOBTReductor]" time="0.0017528533935546875"><system-err>18:15 |WARNING|SOBTReductor: warning -- logger &lt;Logger pymor.reductors.sobt.SOBTReductor (INFO)&gt;
18:15 |ERROR|SOBTReductor: error -- logger &lt;Logger pymor.reductors.sobt.SOBTReductor (INFO)&gt;
18:15 SOBTReductor: info -- logger &lt;Logger pymor.reductors.sobt.SOBTReductor (INFO)&gt;
</system-err></testcase><testcase classname="src.pymortests.core.logger" file="src/pymortests/core/logger.py" line="20" name="test_logclass[new_ipcluster_pool]" time="0.0018372535705566406"><system-err>18:15 |WARNING|new_ipcluster_pool: warning -- logger &lt;Logger pymor.parallel.ipython.new_ipcluster_pool (INFO)&gt;
18:15 |ERROR|new_ipcluster_pool: error -- logger &lt;Logger pymor.parallel.ipython.new_ipcluster_pool (INFO)&gt;
18:15 new_ipcluster_pool: info -- logger &lt;Logger pymor.parallel.ipython.new_ipcluster_pool (INFO)&gt;
</system-err></testcase><testcase classname="src.pymortests.core.logger" file="src/pymortests/core/logger.py" line="20" name="test_logclass[StationaryProblem]" time="0.0021059513092041016"><system-err>18:15 |WARNING|StationaryProblem: warning -- logger &lt;Logger pymor.analyticalproblems.elliptic.StationaryProblem (INFO)&gt;
18:15 |ERROR|StationaryProblem: error -- logger &lt;Logger pymor.analyticalproblems.elliptic.StationaryProblem (INFO)&gt;
18:15 StationaryProblem: info -- logger &lt;Logger pymor.analyticalproblems.elliptic.StationaryProblem (INFO)&gt;
</system-err></testcase><testcase classname="src.pymortests.core.logger" file="src/pymortests/core/logger.py" line="20" name="test_logclass[InstationaryProblem]" time="0.002150297164916992"><system-err>18:15 |WARNING|InstationaryProblem: warning -- logger &lt;Logger pymor.analyticalproblems.instationary.InstationaryProblem (INFO)&gt;
18:15 |ERROR|InstationaryProblem: error -- logger &lt;Logger pymor.analyticalproblems.instationary.InstationaryProblem (INFO)&gt;
18:15 InstationaryProblem: info -- logger &lt;Logger pymor.analyticalproblems.instationary.InstationaryProblem (INFO)&gt;
</system-err></testcase><testcase classname="src.pymortests.core.logger" file="src/pymortests/core/logger.py" line="20" name="test_logclass[InducedNorm]" time="0.0019497871398925781"><system-err>18:15 |WARNING|InducedNorm: warning -- logger &lt;Logger pymor.operators.constructions.InducedNorm (INFO)&gt;
18:15 |ERROR|InducedNorm: error -- logger &lt;Logger pymor.operators.constructions.InducedNorm (INFO)&gt;
18:15 InducedNorm: info -- logger &lt;Logger pymor.operators.constructions.InducedNorm (INFO)&gt;
</system-err></testcase><testcase classname="src.pymortests.core.logger" file="src/pymortests/core/logger.py" line="20" name="test_logclass[NGSolveVisualizer]" time="0.0017840862274169922"><system-err>18:15 |WARNING|NGSolveVisualizer: warning -- logger &lt;Logger pymor.bindings.ngsolve.NGSolveVisualizer (INFO)&gt;
18:15 |ERROR|NGSolveVisualizer: error -- logger &lt;Logger pymor.bindings.ngsolve.NGSolveVisualizer (INFO)&gt;
18:15 NGSolveVisualizer: info -- logger &lt;Logger pymor.bindings.ngsolve.NGSolveVisualizer (INFO)&gt;
</system-err></testcase><testcase classname="src.pymortests.core.logger" file="src/pymortests/core/logger.py" line="20" name="test_logclass[CoerciveRBEstimator]" time="0.001863718032836914"><system-err>18:15 |WARNING|CoerciveRBEstimator: warning -- logger &lt;Logger pymor.reductors.coercive.CoerciveRBEstimator (INFO)&gt;
18:15 |ERROR|CoerciveRBEstimator: error -- logger &lt;Logger pymor.reductors.coercive.CoerciveRBEstimator (INFO)&gt;
18:15 CoerciveRBEstimator: info -- logger &lt;Logger pymor.reductors.coercive.CoerciveRBEstimator (INFO)&gt;
</system-err></testcase><testcase classname="src.pymortests.core.logger" file="src/pymortests/core/logger.py" line="20" name="test_logclass[SimpleCoerciveRBEstimator]" time="0.0018663406372070312"><system-err>18:15 |WARNING|SimpleCoerciveRBEstimator: warning -- logger &lt;Logger pymor.reductors.coercive.SimpleCoerciveRBEstimator (INFO)&gt;
18:15 |ERROR|SimpleCoerciveRBEstimator: error -- logger &lt;Logger pymor.reductors.coercive.SimpleCoerciveRBEstimator (INFO)&gt;
18:15 SimpleCoerciveRBEstimator: info -- logger &lt;Logger pymor.reductors.coercive.SimpleCoerciveRBEstimator (INFO)&gt;
</system-err></testcase><testcase classname="src.pymortests.core.logger" file="src/pymortests/core/logger.py" line="20" name="test_logclass[ParabolicRBEstimator]" time="0.0017974376678466797"><system-err>18:15 |WARNING|ParabolicRBEstimator: warning -- logger &lt;Logger pymor.reductors.parabolic.ParabolicRBEstimator (INFO)&gt;
18:15 |ERROR|ParabolicRBEstimator: error -- logger &lt;Logger pymor.reductors.parabolic.ParabolicRBEstimator (INFO)&gt;
18:15 ParabolicRBEstimator: info -- logger &lt;Logger pymor.reductors.parabolic.ParabolicRBEstimator (INFO)&gt;
</system-err></testcase><testcase classname="src.pymortests.core.logger" file="src/pymortests/core/logger.py" line="20" name="test_logclass[MPIVisualizer]" time="0.001779317855834961"><system-err>18:15 |WARNING|MPIVisualizer: warning -- logger &lt;Logger pymor.discretizations.mpi.MPIVisualizer (INFO)&gt;
18:15 |ERROR|MPIVisualizer: error -- logger &lt;Logger pymor.discretizations.mpi.MPIVisualizer (INFO)&gt;
18:15 MPIVisualizer: info -- logger &lt;Logger pymor.discretizations.mpi.MPIVisualizer (INFO)&gt;
</system-err></testcase><testcase classname="src.pymortests.core.logger" file="src/pymortests/core/logger.py" line="20" name="test_logclass[NumpyVectorArray]" time="0.0018117427825927734"><system-err>18:15 |WARNING|NumpyVectorArray: warning -- logger &lt;Logger pymor.vectorarrays.numpy.NumpyVectorArray (INFO)&gt;
18:15 |ERROR|NumpyVectorArray: error -- logger &lt;Logger pymor.vectorarrays.numpy.NumpyVectorArray (INFO)&gt;
18:15 NumpyVectorArray: info -- logger &lt;Logger pymor.vectorarrays.numpy.NumpyVectorArray (INFO)&gt;
</system-err></testcase><testcase classname="src.pymortests.core.logger" file="src/pymortests/core/logger.py" line="20" name="test_logclass[BlockVectorArray]" time="0.001739501953125"><system-err>18:15 |WARNING|BlockVectorArray: warning -- logger &lt;Logger pymor.vectorarrays.block.BlockVectorArray (INFO)&gt;
18:15 |ERROR|BlockVectorArray: error -- logger &lt;Logger pymor.vectorarrays.block.BlockVectorArray (INFO)&gt;
18:15 BlockVectorArray: info -- logger &lt;Logger pymor.vectorarrays.block.BlockVectorArray (INFO)&gt;
</system-err></testcase><testcase classname="src.pymortests.core.logger" file="src/pymortests/core/logger.py" line="20" name="test_logclass[ListVectorArray]" time="0.001977205276489258"><system-err>18:15 |WARNING|ListVectorArray: warning -- logger &lt;Logger pymor.vectorarrays.list.ListVectorArray (INFO)&gt;
18:15 |ERROR|ListVectorArray: error -- logger &lt;Logger pymor.vectorarrays.list.ListVectorArray (INFO)&gt;
18:15 ListVectorArray: info -- logger &lt;Logger pymor.vectorarrays.list.ListVectorArray (INFO)&gt;
</system-err></testcase><testcase classname="src.pymortests.core.logger" file="src/pymortests/core/logger.py" line="20" name="test_logclass[MPIVectorArray]" time="0.0018095970153808594"><system-err>18:15 |WARNING|MPIVectorArray: warning -- logger &lt;Logger pymor.vectorarrays.mpi.MPIVectorArray (INFO)&gt;
18:15 |ERROR|MPIVectorArray: error -- logger &lt;Logger pymor.vectorarrays.mpi.MPIVectorArray (INFO)&gt;
18:15 MPIVectorArray: info -- logger &lt;Logger pymor.vectorarrays.mpi.MPIVectorArray (INFO)&gt;
</system-err></testcase><testcase classname="src.pymortests.core.logger" file="src/pymortests/core/logger.py" line="20" name="test_logclass[PreAssembleRules]" time="0.0017919540405273438"><system-err>18:15 |WARNING|PreAssembleRules: warning -- logger &lt;Logger pymor.algorithms.preassemble.PreAssembleRules (INFO)&gt;
18:15 |ERROR|PreAssembleRules: error -- logger &lt;Logger pymor.algorithms.preassemble.PreAssembleRules (INFO)&gt;
18:15 PreAssembleRules: info -- logger &lt;Logger pymor.algorithms.preassemble.PreAssembleRules (INFO)&gt;
</system-err></testcase><testcase classname="src.pymortests.core.logger" file="src/pymortests/core/logger.py" line="20" name="test_logclass[ProjectRules]" time="0.0018374919891357422"><system-err>18:15 |WARNING|ProjectRules: warning -- logger &lt;Logger pymor.algorithms.projection.ProjectRules (INFO)&gt;
18:15 |ERROR|ProjectRules: error -- logger &lt;Logger pymor.algorithms.projection.ProjectRules (INFO)&gt;
18:15 ProjectRules: info -- logger &lt;Logger pymor.algorithms.projection.ProjectRules (INFO)&gt;
</system-err></testcase><testcase classname="src.pymortests.core.logger" file="src/pymortests/core/logger.py" line="20" name="test_logclass[ProjectToSubbasisRules]" time="0.0017559528350830078"><system-err>18:15 |WARNING|ProjectToSubbasisRules: warning -- logger &lt;Logger pymor.algorithms.projection.ProjectToSubbasisRules (INFO)&gt;
18:15 |ERROR|ProjectToSubbasisRules: error -- logger &lt;Logger pymor.algorithms.projection.ProjectToSubbasisRules (INFO)&gt;
18:15 ProjectToSubbasisRules: info -- logger &lt;Logger pymor.algorithms.projection.ProjectToSubbasisRules (INFO)&gt;
</system-err></testcase><testcase classname="src.pymortests.core.logger" file="src/pymortests/core/logger.py" line="20" name="test_logclass[ToMatrixRules]" time="0.0017719268798828125"><system-err>18:15 |WARNING|ToMatrixRules: warning -- logger &lt;Logger pymor.algorithms.to_matrix.ToMatrixRules (INFO)&gt;
18:15 |ERROR|ToMatrixRules: error -- logger &lt;Logger pymor.algorithms.to_matrix.ToMatrixRules (INFO)&gt;
18:15 ToMatrixRules: info -- logger &lt;Logger pymor.algorithms.to_matrix.ToMatrixRules (INFO)&gt;
</system-err></testcase><testcase classname="src.pymortests.core.logger" file="src/pymortests/core/logger.py" line="20" name="test_logclass[CollectOperatorRangeRules]" time="0.0018286705017089844"><system-err>18:15 |WARNING|CollectOperatorRangeRules: warning -- logger &lt;Logger pymor.algorithms.image.CollectOperatorRangeRules (INFO)&gt;
18:15 |ERROR|CollectOperatorRangeRules: error -- logger &lt;Logger pymor.algorithms.image.CollectOperatorRangeRules (INFO)&gt;
18:15 CollectOperatorRangeRules: info -- logger &lt;Logger pymor.algorithms.image.CollectOperatorRangeRules (INFO)&gt;
</system-err></testcase><testcase classname="src.pymortests.core.logger" file="src/pymortests/core/logger.py" line="20" name="test_logclass[CollectVectorRangeRules]" time="0.0017590522766113281"><system-err>18:15 |WARNING|CollectVectorRangeRules: warning -- logger &lt;Logger pymor.algorithms.image.CollectVectorRangeRules (INFO)&gt;
18:15 |ERROR|CollectVectorRangeRules: error -- logger &lt;Logger pymor.algorithms.image.CollectVectorRangeRules (INFO)&gt;
18:15 CollectVectorRangeRules: info -- logger &lt;Logger pymor.algorithms.image.CollectVectorRangeRules (INFO)&gt;
</system-err></testcase><testcase classname="src.pymortests.core.logger" file="src/pymortests/core/logger.py" line="20" name="test_logclass[CopyOnWriteVector]" time="0.0018053054809570312"><system-err>18:15 |WARNING|CopyOnWriteVector: warning -- logger &lt;Logger pymor.vectorarrays.list.CopyOnWriteVector (INFO)&gt;
18:15 |ERROR|CopyOnWriteVector: error -- logger &lt;Logger pymor.vectorarrays.list.CopyOnWriteVector (INFO)&gt;
18:15 CopyOnWriteVector: info -- logger &lt;Logger pymor.vectorarrays.list.CopyOnWriteVector (INFO)&gt;
</system-err></testcase><testcase classname="src.pymortests.core.logger" file="src/pymortests/core/logger.py" line="20" name="test_logclass[AllDirichletBoundaryInfo]" time="0.001766204833984375"><system-err>18:15 |WARNING|AllDirichletBoundaryInfo: warning -- logger &lt;Logger pymortests.core.dummies.AllDirichletBoundaryInfo (INFO)&gt;
18:15 |ERROR|AllDirichletBoundaryInfo: error -- logger &lt;Logger pymortests.core.dummies.AllDirichletBoundaryInfo (INFO)&gt;
18:15 AllDirichletBoundaryInfo: info -- logger &lt;Logger pymortests.core.dummies.AllDirichletBoundaryInfo (INFO)&gt;
</system-err></testcase><testcase classname="src.pymortests.core.logger" file="src/pymortests/core/logger.py" line="20" name="test_logclass[StupidImplementer]" time="0.0017361640930175781"><system-err>18:15 |WARNING|StupidImplementer: warning -- logger &lt;Logger pymortests.core.dummies.StupidImplementer (INFO)&gt;
18:15 |ERROR|StupidImplementer: error -- logger &lt;Logger pymortests.core.dummies.StupidImplementer (INFO)&gt;
18:15 StupidImplementer: info -- logger &lt;Logger pymortests.core.dummies.StupidImplementer (INFO)&gt;
</system-err></testcase><testcase classname="src.pymortests.core.logger" file="src/pymortests/core/logger.py" line="20" name="test_logclass[AverageImplementer0]" time="0.0017011165618896484"><system-err>18:15 |WARNING|AverageImplementer: warning -- logger &lt;Logger pymortests.core.dummies.AverageImplementer (INFO)&gt;
18:15 |ERROR|AverageImplementer: error -- logger &lt;Logger pymortests.core.dummies.AverageImplementer (INFO)&gt;
18:15 AverageImplementer: info -- logger &lt;Logger pymortests.core.dummies.AverageImplementer (INFO)&gt;
</system-err></testcase><testcase classname="src.pymortests.core.logger" file="src/pymortests/core/logger.py" line="20" name="test_logclass[FailImplementer]" time="0.0017535686492919922"><system-err>18:15 |WARNING|FailImplementer: warning -- logger &lt;Logger pymortests.core.dummies.FailImplementer (INFO)&gt;
18:15 |ERROR|FailImplementer: error -- logger &lt;Logger pymortests.core.dummies.FailImplementer (INFO)&gt;
18:15 FailImplementer: info -- logger &lt;Logger pymortests.core.dummies.FailImplementer (INFO)&gt;
</system-err></testcase><testcase classname="src.pymortests.core.logger" file="src/pymortests/core/logger.py" line="20" name="test_logclass[AverageImplementer1]" time="0.00177764892578125"><system-err>18:15 |WARNING|AverageImplementer: warning -- logger &lt;Logger pymortests.core.dummies.AverageImplementer (INFO)&gt;
18:15 |ERROR|AverageImplementer: error -- logger &lt;Logger pymortests.core.dummies.AverageImplementer (INFO)&gt;
18:15 AverageImplementer: info -- logger &lt;Logger pymortests.core.dummies.AverageImplementer (INFO)&gt;
</system-err></testcase><testcase classname="src.pymortests.core.logger" file="src/pymortests/core/logger.py" line="20" name="test_logclass[DummyPool]" time="0.0017228126525878906"><system-err>18:15 |WARNING|DummyPool: warning -- logger &lt;Logger pymor.parallel.dummy.DummyPool (INFO)&gt;
18:15 |ERROR|DummyPool: error -- logger &lt;Logger pymor.parallel.dummy.DummyPool (INFO)&gt;
18:15 DummyPool: info -- logger &lt;Logger pymor.parallel.dummy.DummyPool (INFO)&gt;
</system-err></testcase><testcase classname="src.pymortests.core.logger" file="src/pymortests/core/logger.py" line="20" name="test_logclass[WorkerPoolBase]" time="0.001718282699584961"><system-err>18:15 |WARNING|WorkerPoolBase: warning -- logger &lt;Logger pymor.parallel.basic.WorkerPoolBase (INFO)&gt;
18:15 |ERROR|WorkerPoolBase: error -- logger &lt;Logger pymor.parallel.basic.WorkerPoolBase (INFO)&gt;
18:15 WorkerPoolBase: info -- logger &lt;Logger pymor.parallel.basic.WorkerPoolBase (INFO)&gt;
</system-err></testcase><testcase classname="src.pymortests.core.logger" file="src/pymortests/core/logger.py" line="20" name="test_logclass[CoerciveRBReductor]" time="0.0019865036010742188"><system-err>18:15 |WARNING|CoerciveRBReductor: warning -- logger &lt;Logger pymor.reductors.coercive.CoerciveRBReductor (INFO)&gt;
18:15 |ERROR|CoerciveRBReductor: error -- logger &lt;Logger pymor.reductors.coercive.CoerciveRBReductor (INFO)&gt;
18:15 CoerciveRBReductor: info -- logger &lt;Logger pymor.reductors.coercive.CoerciveRBReductor (INFO)&gt;
</system-err></testcase><testcase classname="src.pymortests.core.logger" file="src/pymortests/core/logger.py" line="20" name="test_logclass[SimpleCoerciveRBReductor]" time="0.0018203258514404297"><system-err>18:15 |WARNING|SimpleCoerciveRBReductor: warning -- logger &lt;Logger pymor.reductors.coercive.SimpleCoerciveRBReductor (INFO)&gt;
18:15 |ERROR|SimpleCoerciveRBReductor: error -- logger &lt;Logger pymor.reductors.coercive.SimpleCoerciveRBReductor (INFO)&gt;
18:15 SimpleCoerciveRBReductor: info -- logger &lt;Logger pymor.reductors.coercive.SimpleCoerciveRBReductor (INFO)&gt;
</system-err></testcase><testcase classname="src.pymortests.core.logger" file="src/pymortests/core/logger.py" line="20" name="test_logclass[ParabolicRBReductor]" time="0.0016789436340332031"><system-err>18:15 |WARNING|ParabolicRBReductor: warning -- logger &lt;Logger pymor.reductors.parabolic.ParabolicRBReductor (INFO)&gt;
18:15 |ERROR|ParabolicRBReductor: error -- logger &lt;Logger pymor.reductors.parabolic.ParabolicRBReductor (INFO)&gt;
18:15 ParabolicRBReductor: info -- logger &lt;Logger pymor.reductors.parabolic.ParabolicRBReductor (INFO)&gt;
</system-err></testcase><testcase classname="src.pymortests.core.logger" file="src/pymortests/core/logger.py" line="20" name="test_logclass[GenericBTReductor]" time="0.0017266273498535156"><system-err>18:15 |WARNING|GenericBTReductor: warning -- logger &lt;Logger pymor.reductors.bt.GenericBTReductor (INFO)&gt;
18:15 |ERROR|GenericBTReductor: error -- logger &lt;Logger pymor.reductors.bt.GenericBTReductor (INFO)&gt;
18:15 GenericBTReductor: info -- logger &lt;Logger pymor.reductors.bt.GenericBTReductor (INFO)&gt;
</system-err></testcase><testcase classname="src.pymortests.core.logger" file="src/pymortests/core/logger.py" line="20" name="test_logclass[GenericBHIReductor]" time="0.0017695426940917969"><system-err>18:15 |WARNING|GenericBHIReductor: warning -- logger &lt;Logger pymor.reductors.interpolation.GenericBHIReductor (INFO)&gt;
18:15 |ERROR|GenericBHIReductor: error -- logger &lt;Logger pymor.reductors.interpolation.GenericBHIReductor (INFO)&gt;
18:15 GenericBHIReductor: info -- logger &lt;Logger pymor.reductors.interpolation.GenericBHIReductor (INFO)&gt;
</system-err></testcase><testcase classname="src.pymortests.core.logger" file="src/pymortests/core/logger.py" line="20" name="test_logclass[IRKAReductor]" time="0.0016884803771972656"><system-err>18:15 |WARNING|IRKAReductor: warning -- logger &lt;Logger pymor.reductors.h2.IRKAReductor (INFO)&gt;
18:15 |ERROR|IRKAReductor: error -- logger &lt;Logger pymor.reductors.h2.IRKAReductor (INFO)&gt;
18:15 IRKAReductor: info -- logger &lt;Logger pymor.reductors.h2.IRKAReductor (INFO)&gt;
</system-err></testcase><testcase classname="src.pymortests.core.logger" file="src/pymortests/core/logger.py" line="20" name="test_logclass[TSIAReductor]" time="0.0016682147979736328"><system-err>18:15 |WARNING|TSIAReductor: warning -- logger &lt;Logger pymor.reductors.h2.TSIAReductor (INFO)&gt;
18:15 |ERROR|TSIAReductor: error -- logger &lt;Logger pymor.reductors.h2.TSIAReductor (INFO)&gt;
18:15 TSIAReductor: info -- logger &lt;Logger pymor.reductors.h2.TSIAReductor (INFO)&gt;
</system-err></testcase><testcase classname="src.pymortests.core.logger" file="src/pymortests/core/logger.py" line="20" name="test_logclass[GenericSOBTpvReductor]" time="0.001729726791381836"><system-err>18:15 |WARNING|GenericSOBTpvReductor: warning -- logger &lt;Logger pymor.reductors.sobt.GenericSOBTpvReductor (INFO)&gt;
18:15 |ERROR|GenericSOBTpvReductor: error -- logger &lt;Logger pymor.reductors.sobt.GenericSOBTpvReductor (INFO)&gt;
18:15 GenericSOBTpvReductor: info -- logger &lt;Logger pymor.reductors.sobt.GenericSOBTpvReductor (INFO)&gt;
</system-err></testcase><testcase classname="src.pymortests.core.logger" file="src/pymortests/core/logger.py" line="20" name="test_logclass[SOBTfvReductor]" time="0.002029895782470703"><system-err>18:15 |WARNING|SOBTfvReductor: warning -- logger &lt;Logger pymor.reductors.sobt.SOBTfvReductor (INFO)&gt;
18:15 |ERROR|SOBTfvReductor: error -- logger &lt;Logger pymor.reductors.sobt.SOBTfvReductor (INFO)&gt;
18:15 SOBTfvReductor: info -- logger &lt;Logger pymor.reductors.sobt.SOBTfvReductor (INFO)&gt;
</system-err></testcase><testcase classname="src.pymortests.core.logger" file="src/pymortests/core/logger.py" line="20" name="test_logclass[SOR_IRKAReductor]" time="0.001734018325805664"><system-err>18:15 |WARNING|SOR_IRKAReductor: warning -- logger &lt;Logger pymor.reductors.sor_irka.SOR_IRKAReductor (INFO)&gt;
18:15 |ERROR|SOR_IRKAReductor: error -- logger &lt;Logger pymor.reductors.sor_irka.SOR_IRKAReductor (INFO)&gt;
18:15 SOR_IRKAReductor: info -- logger &lt;Logger pymor.reductors.sor_irka.SOR_IRKAReductor (INFO)&gt;
</system-err></testcase></testsuite>